<?xml version="1.0" encoding="UTF-8"?>
<testsuite xmlns:xsi="http://www.w3.org/2001/XMLSchema-instance" xsi:noNamespaceSchemaLocation="https://maven.apache.org/surefire/maven-surefire-plugin/xsd/surefire-test-report-3.0.xsd" version="3.0" name="org.apache.hadoop.hive.ql.TestTxnNoBuckets" time="159.877" tests="15" errors="5" skipped="0" failures="0">
  <properties>
    <property name="build.test.dir" value="/home/alex/Repositories/hive/ql/target/tmp"/>
    <property name="awt.toolkit" value="sun.awt.X11.XToolkit"/>
    <property name="test.tmp.dir.uri" value="file:///home/alex/Repositories/hive/ql/target/tmp"/>
    <property name="java.specification.version" value="1.8"/>
    <property name="qfile" value=""/>
    <property name="sun.cpu.isalist" value=""/>
    <property name="test.warehouse.dir" value="pfile:///home/alex/Repositories/hive/ql/target/warehouse"/>
    <property name="sun.jnu.encoding" value="UTF-8"/>
    <property name="run_disabled" value=""/>
    <property name="nondexPrintstack" value="false"/>
    <property name="sun.arch.data.model" value="64"/>
    <property name="java.vendor.url" value="http://java.oracle.com/"/>
    <property name="user.country.format" value="PT"/>
    <property name="test.tmp.dir" value="/home/alex/Repositories/hive/ql/target/tmp"/>
    <property name="sun.boot.library.path" value="/usr/lib/jvm/java-8-openjdk-amd64/jre/lib/amd64"/>
    <property name="sun.java.command" value="/home/alex/Repositories/hive/ql/target/surefire/surefirebooter8706217321728752431.jar /home/alex/Repositories/hive/ql/target/surefire 2024-04-23T21-59-46_173-jvmRun1 surefire4656669017753015357tmp surefire_18348198909491521790663tmp"/>
    <property name="nondexExecid" value="P8gC2Wt6DD1QwiZ4NJDRegC4uh59IgmR4jnrq+hRsc="/>
    <property name="java.specification.vendor" value="Oracle Corporation"/>
    <property name="java.home" value="/usr/lib/jvm/java-8-openjdk-amd64/jre"/>
    <property name="file.separator" value="/"/>
    <property name="basedir" value="/home/alex/Repositories/hive/ql"/>
    <property name="nondexEnd" value="9223372036854775807"/>
    <property name="line.separator" value="&#10;"/>
    <property name="derby.stream.error.file" value="/home/alex/Repositories/hive/ql/target/tmp/derby.log"/>
    <property name="java.vm.specification.vendor" value="Oracle Corporation"/>
    <property name="java.specification.name" value="Java Platform API Specification"/>
    <property name="log4j.debug" value="true"/>
    <property name="sun.boot.class.path" value="/home/alex/Repositories/hive/ql/.nondex/nondex-instr.jar:/home/alex/.m2/repository/edu/illinois/nondex-common/2.1.7/nondex-common-2.1.7.jar:/home/alex/.m2/repository/edu/illinois/nondex-annotations/2.1.7/nondex-annotations-2.1.7.jar:/usr/lib/jvm/java-8-openjdk-amd64/jre/lib/resources.jar:/usr/lib/jvm/java-8-openjdk-amd64/jre/lib/rt.jar:/usr/lib/jvm/java-8-openjdk-amd64/jre/lib/sunrsasign.jar:/usr/lib/jvm/java-8-openjdk-amd64/jre/lib/jsse.jar:/usr/lib/jvm/java-8-openjdk-amd64/jre/lib/jce.jar:/usr/lib/jvm/java-8-openjdk-amd64/jre/lib/charsets.jar:/usr/lib/jvm/java-8-openjdk-amd64/jre/lib/jfr.jar:/usr/lib/jvm/java-8-openjdk-amd64/jre/classes"/>
    <property name="sun.management.compiler" value="HotSpot 64-Bit Tiered Compilers"/>
    <property name="spark.home" value=""/>
    <property name="java.runtime.version" value="1.8.0_402-8u402-ga-2ubuntu1~22.04-b06"/>
    <property name="user.name" value="alex"/>
    <property name="test.src.tables" value=""/>
    <property name="file.encoding" value="UTF-8"/>
    <property name="qfile_regex" value=""/>
    <property name="hadoop.bin.path" value="/home/alex/Repositories/hive/ql/../testutils/hadoop"/>
    <property name="localRepository" value="/home/alex/.m2/repository"/>
    <property name="nondexDir" value="/home/alex/Repositories/hive/ql/.nondex"/>
    <property name="build.dir" value="/home/alex/Repositories/hive/ql/target"/>
    <property name="nondexJarDir" value="/home/alex/Repositories/hive/ql/.nondex"/>
    <property name="mapred.job.tracker" value="local"/>
    <property name="java.io.tmpdir" value="/home/alex/Repositories/hive/ql/target/tmp"/>
    <property name="com.zaxxer.hikari.pool_number" value="3"/>
    <property name="java.version" value="1.8.0_402"/>
    <property name="hive.version" value="4.0.0-SNAPSHOT"/>
    <property name="java.vm.specification.name" value="Java Virtual Machine Specification"/>
    <property name="java.awt.printerjob" value="sun.print.PSPrinterJob"/>
    <property name="sun.os.patch.level" value="unknown"/>
    <property name="java.library.path" value="/usr/java/packages/lib/amd64:/usr/lib/x86_64-linux-gnu/jni:/lib/x86_64-linux-gnu:/usr/lib/x86_64-linux-gnu:/usr/lib/jni:/lib:/usr/lib"/>
    <property name="test.data.dir" value="/home/alex/Repositories/hive/ql/../data/files"/>
    <property name="java.vendor" value="Private Build"/>
    <property name="java.specification.maintenance.version" value="5"/>
    <property name="sun.io.unicode.encoding" value="UnicodeLittle"/>
    <property name="initScript" value=""/>
    <property name="sun.desktop" value="gnome"/>
    <property name="calcite.enable.rexnode.digest.normalize" value="false"/>
    <property name="nondexStart" value="0"/>
    <property name="file.encoding.pkg" value="sun.io"/>
    <property name="log4j.configurationFile" value="file:///home/alex/Repositories/hive/ql/target/testconf/hive-log4j2.properties"/>
    <property name="java.class.path" value="/home/alex/Repositories/hive/ql/target/test-classes:/home/alex/Repositories/hive/ql/target/classes:/home/alex/.m2/repository/org/apache/atlas/atlas-client-v2/2.1.0/atlas-client-v2-2.1.0.jar:/home/alex/.m2/repository/cglib/cglib/2.2.2/cglib-2.2.2.jar:/home/alex/.m2/repository/asm/asm/3.3.1/asm-3.3.1.jar:/home/alex/.m2/repository/org/apache/atlas/atlas-client-common/2.1.0/atlas-client-common-2.1.0.jar:/home/alex/.m2/repository/org/apache/httpcomponents/httpclient/4.5.13/httpclient-4.5.13.jar:/home/alex/.m2/repository/com/sun/jersey/jersey-client/1.19/jersey-client-1.19.jar:/home/alex/.m2/repository/org/apache/atlas/atlas-intg/2.1.0/atlas-intg-2.1.0.jar:/home/alex/.m2/repository/commons-collections/commons-collections/3.2.2/commons-collections-3.2.2.jar:/home/alex/.m2/repository/commons-validator/commons-validator/1.6/commons-validator-1.6.jar:/home/alex/.m2/repository/commons-digester/commons-digester/1.8.1/commons-digester-1.8.1.jar:/home/alex/.m2/repository/com/fasterxml/jackson/jaxrs/jackson-jaxrs-base/2.12.0/jackson-jaxrs-base-2.12.0.jar:/home/alex/.m2/repository/com/fasterxml/jackson/jaxrs/jackson-jaxrs-json-provider/2.12.0/jackson-jaxrs-json-provider-2.12.0.jar:/home/alex/.m2/repository/javax/inject/javax.inject/1/javax.inject-1.jar:/home/alex/.m2/repository/org/springframework/spring-context/4.3.20.RELEASE/spring-context-4.3.20.RELEASE.jar:/home/alex/.m2/repository/org/springframework/spring-aop/4.3.20.RELEASE/spring-aop-4.3.20.RELEASE.jar:/home/alex/.m2/repository/org/springframework/spring-beans/4.3.20.RELEASE/spring-beans-4.3.20.RELEASE.jar:/home/alex/.m2/repository/org/springframework/spring-core/4.3.20.RELEASE/spring-core-4.3.20.RELEASE.jar:/home/alex/.m2/repository/org/springframework/spring-expression/4.3.20.RELEASE/spring-expression-4.3.20.RELEASE.jar:/home/alex/.m2/repository/commons-configuration/commons-configuration/1.10/commons-configuration-1.10.jar:/home/alex/.m2/repository/commons-lang/commons-lang/2.6/commons-lang-2.6.jar:/home/alex/.m2/repository/commons-logging/commons-logging/1.1.1/commons-logging-1.1.1.jar:/home/alex/.m2/repository/org/apache/commons/commons-math3/3.6.1/commons-math3-3.6.1.jar:/home/alex/Repositories/hive/vector-code-gen/target/classes:/home/alex/.m2/repository/org/apache/velocity/velocity/1.5/velocity-1.5.jar:/home/alex/Repositories/hive/common/target/classes:/home/alex/Repositories/hive/classification/target/classes:/home/alex/Repositories/hive/standalone-metastore/metastore-common/target/classes:/home/alex/.m2/repository/commons-cli/commons-cli/1.4/commons-cli-1.4.jar:/home/alex/.m2/repository/org/apache/orc/orc-core/1.6.9/orc-core-1.6.9.jar:/home/alex/.m2/repository/org/apache/orc/orc-shims/1.6.9/orc-shims-1.6.9.jar:/home/alex/.m2/repository/io/airlift/aircompressor/0.19/aircompressor-0.19.jar:/home/alex/.m2/repository/org/jetbrains/annotations/17.0.0/annotations-17.0.0.jar:/home/alex/.m2/repository/org/threeten/threeten-extra/1.5.0/threeten-extra-1.5.0.jar:/home/alex/.m2/repository/jline/jline/2.14.6/jline-2.14.6.jar:/home/alex/.m2/repository/javax/servlet/javax.servlet-api/3.1.0/javax.servlet-api-3.1.0.jar:/home/alex/.m2/repository/org/eclipse/jetty/jetty-http/9.3.27.v20190418/jetty-http-9.3.27.v20190418.jar:/home/alex/.m2/repository/org/eclipse/jetty/jetty-rewrite/9.3.27.v20190418/jetty-rewrite-9.3.27.v20190418.jar:/home/alex/.m2/repository/org/eclipse/jetty/jetty-client/9.3.27.v20190418/jetty-client-9.3.27.v20190418.jar:/home/alex/.m2/repository/org/eclipse/jetty/jetty-server/9.3.27.v20190418/jetty-server-9.3.27.v20190418.jar:/home/alex/.m2/repository/org/eclipse/jetty/jetty-io/9.3.27.v20190418/jetty-io-9.3.27.v20190418.jar:/home/alex/.m2/repository/org/eclipse/jetty/jetty-servlet/9.3.27.v20190418/jetty-servlet-9.3.27.v20190418.jar:/home/alex/.m2/repository/org/eclipse/jetty/jetty-security/9.3.27.v20190418/jetty-security-9.3.27.v20190418.jar:/home/alex/.m2/repository/org/eclipse/jetty/jetty-webapp/9.3.27.v20190418/jetty-webapp-9.3.27.v20190418.jar:/home/alex/.m2/repository/org/eclipse/jetty/jetty-xml/9.3.27.v20190418/jetty-xml-9.3.27.v20190418.jar:/home/alex/.m2/repository/joda-time/joda-time/2.9.9/joda-time-2.9.9.jar:/home/alex/.m2/repository/org/apache/logging/log4j/log4j-web/2.13.2/log4j-web-2.13.2.jar:/home/alex/.m2/repository/net/sf/jpam/jpam/1.1/jpam-1.1.jar:/home/alex/.m2/repository/io/dropwizard/metrics/metrics-core/3.1.0/metrics-core-3.1.0.jar:/home/alex/.m2/repository/io/dropwizard/metrics/metrics-jvm/3.1.0/metrics-jvm-3.1.0.jar:/home/alex/.m2/repository/io/dropwizard/metrics/metrics-json/3.1.0/metrics-json-3.1.0.jar:/home/alex/.m2/repository/com/github/joshelser/dropwizard-metrics-hadoop-metrics2-reporter/0.1.2/dropwizard-metrics-hadoop-metrics2-reporter-0.1.2.jar:/home/alex/Repositories/hive/metastore/target/classes:/home/alex/.m2/repository/org/apache/derby/derby/10.14.1.0/derby-10.14.1.0.jar:/home/alex/Repositories/hive/serde/target/classes:/home/alex/.m2/repository/com/google/code/findbugs/jsr305/3.0.0/jsr305-3.0.0.jar:/home/alex/.m2/repository/org/apache/arrow/arrow-vector/0.15.1/arrow-vector-0.15.1.jar:/home/alex/.m2/repository/org/apache/arrow/arrow-format/0.15.1/arrow-format-0.15.1.jar:/home/alex/.m2/repository/org/apache/arrow/arrow-memory/0.15.1/arrow-memory-0.15.1.jar:/home/alex/.m2/repository/com/google/flatbuffers/flatbuffers-java/1.9.0/flatbuffers-java-1.9.0.jar:/home/alex/.m2/repository/com/carrotsearch/hppc/0.7.2/hppc-0.7.2.jar:/home/alex/.m2/repository/com/github/davidmoten/flatbuffers-java/1.6.0.1/flatbuffers-java-1.6.0.1.jar:/home/alex/Repositories/hive/parser/target/classes:/home/alex/Repositories/hive/udf/target/classes:/home/alex/Repositories/hive/service-rpc/target/classes:/home/alex/Repositories/hive/llap-client/target/classes:/home/alex/Repositories/hive/llap-common/target/classes:/home/alex/.m2/repository/io/jsonwebtoken/jjwt-api/0.10.5/jjwt-api-0.10.5.jar:/home/alex/.m2/repository/io/jsonwebtoken/jjwt-impl/0.10.5/jjwt-impl-0.10.5.jar:/home/alex/.m2/repository/io/jsonwebtoken/jjwt-jackson/0.10.5/jjwt-jackson-0.10.5.jar:/home/alex/Repositories/hive/llap-tez/target/classes:/home/alex/Repositories/hive/shims/aggregator/target/classes:/home/alex/Repositories/hive/shims/common/target/classes:/home/alex/Repositories/hive/shims/0.23/target/classes:/home/alex/.m2/repository/org/apache/hadoop/hadoop-yarn-server-resourcemanager/3.1.0/hadoop-yarn-server-resourcemanager-3.1.0.jar:/home/alex/.m2/repository/org/apache/hadoop/hadoop-yarn-server-applicationhistoryservice/3.1.0/hadoop-yarn-server-applicationhistoryservice-3.1.0.jar:/home/alex/.m2/repository/de/ruedigermoeller/fst/2.50/fst-2.50.jar:/home/alex/.m2/repository/com/cedarsoftware/java-util/1.9.0/java-util-1.9.0.jar:/home/alex/.m2/repository/com/cedarsoftware/json-io/2.5.1/json-io-2.5.1.jar:/home/alex/Repositories/hive/shims/scheduler/target/classes:/home/alex/Repositories/hive/spark-client/target/classes:/home/alex/.m2/repository/io/netty/netty-all/4.1.65.Final/netty-all-4.1.65.Final.jar:/home/alex/.m2/repository/com/fasterxml/jackson/module/jackson-module-scala_2.12/2.12.0/jackson-module-scala_2.12-2.12.0.jar:/home/alex/.m2/repository/org/apache/spark/spark-yarn_2.12/2.4.5/spark-yarn_2.12-2.4.5.jar:/home/alex/Repositories/hive/storage-api/target/classes:/home/alex/.m2/repository/com/amazonaws/aws-java-sdk-bundle/1.11.901/aws-java-sdk-bundle-1.11.901.jar:/home/alex/.m2/repository/com/amazonaws/secretsmanager/aws-secretsmanager-caching-java/1.0.1/aws-secretsmanager-caching-java-1.0.1.jar:/home/alex/.m2/repository/com/esotericsoftware/kryo/5.0.3/kryo-5.0.3.jar:/home/alex/.m2/repository/org/objenesis/objenesis/3.1/objenesis-3.1.jar:/home/alex/.m2/repository/com/esotericsoftware/minlog/1.3.1/minlog-1.3.1.jar:/home/alex/.m2/repository/com/esotericsoftware/reflectasm/1.11.9/reflectasm-1.11.9.jar:/home/alex/.m2/repository/com/google/protobuf/protobuf-java/2.5.0/protobuf-java-2.5.0.jar:/home/alex/.m2/repository/org/apache/hbase/hbase-common/2.0.0-alpha4/hbase-common-2.0.0-alpha4.jar:/home/alex/.m2/repository/org/apache/hbase/thirdparty/hbase-shaded-miscellaneous/1.0.1/hbase-shaded-miscellaneous-1.0.1.jar:/home/alex/.m2/repository/org/apache/htrace/htrace-core/3.2.0-incubating/htrace-core-3.2.0-incubating.jar:/home/alex/.m2/repository/org/apache/commons/commons-crypto/1.0.0/commons-crypto-1.0.0.jar:/home/alex/.m2/repository/com/github/stephenc/findbugs/findbugs-annotations/1.3.9-1/findbugs-annotations-1.3.9-1.jar:/home/alex/.m2/repository/log4j/log4j/1.2.17/log4j-1.2.17.jar:/home/alex/.m2/repository/org/apache/yetus/audience-annotations/0.5.0/audience-annotations-0.5.0.jar:/home/alex/.m2/repository/org/apache/parquet/parquet-hadoop-bundle/1.11.1/parquet-hadoop-bundle-1.11.1.jar:/home/alex/.m2/repository/commons-codec/commons-codec/1.15/commons-codec-1.15.jar:/home/alex/.m2/repository/commons-io/commons-io/2.6/commons-io-2.6.jar:/home/alex/.m2/repository/org/apache/commons/commons-collections4/4.1/commons-collections4-4.1.jar:/home/alex/.m2/repository/org/apache/commons/commons-lang3/3.9/commons-lang3-3.9.jar:/home/alex/.m2/repository/org/apache/commons/commons-text/1.8/commons-text-1.8.jar:/home/alex/.m2/repository/javolution/javolution/5.5.1/javolution-5.5.1.jar:/home/alex/.m2/repository/org/apache/logging/log4j/log4j-1.2-api/2.13.2/log4j-1.2-api-2.13.2.jar:/home/alex/.m2/repository/org/apache/logging/log4j/log4j-api/2.13.2/log4j-api-2.13.2.jar:/home/alex/.m2/repository/org/apache/logging/log4j/log4j-core/2.13.2/log4j-core-2.13.2.jar:/home/alex/.m2/repository/org/apache/logging/log4j/log4j-slf4j-impl/2.13.2/log4j-slf4j-impl-2.13.2.jar:/home/alex/.m2/repository/org/antlr/antlr-runtime/3.5.2/antlr-runtime-3.5.2.jar:/home/alex/.m2/repository/org/antlr/ST4/4.0.4/ST4-4.0.4.jar:/home/alex/.m2/repository/org/apache/avro/avro/1.8.2/avro-1.8.2.jar:/home/alex/.m2/repository/org/codehaus/jackson/jackson-core-asl/1.9.13/jackson-core-asl-1.9.13.jar:/home/alex/.m2/repository/org/codehaus/jackson/jackson-mapper-asl/1.9.13/jackson-mapper-asl-1.9.13.jar:/home/alex/.m2/repository/com/thoughtworks/paranamer/paranamer/2.8/paranamer-2.8.jar:/home/alex/.m2/repository/org/xerial/snappy/snappy-java/1.1.4/snappy-java-1.1.4.jar:/home/alex/.m2/repository/org/tukaani/xz/1.5/xz-1.5.jar:/home/alex/.m2/repository/org/apache/avro/avro-mapred/1.8.2/avro-mapred-1.8.2-hadoop2.jar:/home/alex/.m2/repository/org/apache/avro/avro-ipc/1.8.2/avro-ipc-1.8.2.jar:/home/alex/.m2/repository/org/mortbay/jetty/jetty/6.1.26/jetty-6.1.26.jar:/home/alex/.m2/repository/org/apache/ant/ant/1.9.1/ant-1.9.1.jar:/home/alex/.m2/repository/org/apache/ant/ant-launcher/1.9.1/ant-launcher-1.9.1.jar:/home/alex/.m2/repository/org/apache/commons/commons-compress/1.21/commons-compress-1.21.jar:/home/alex/.m2/repository/org/apache/thrift/libfb303/0.9.3/libfb303-0.9.3.jar:/home/alex/.m2/repository/org/apache/hadoop/hadoop-common/3.1.0/hadoop-common-3.1.0.jar:/home/alex/.m2/repository/org/apache/hadoop/hadoop-annotations/3.1.0/hadoop-annotations-3.1.0.jar:/home/alex/.m2/repository/commons-net/commons-net/3.6/commons-net-3.6.jar:/home/alex/.m2/repository/org/eclipse/jetty/jetty-util/9.3.27.v20190418/jetty-util-9.3.27.v20190418.jar:/home/alex/.m2/repository/javax/servlet/jsp/jsp-api/2.1/jsp-api-2.1.jar:/home/alex/.m2/repository/com/sun/jersey/jersey-core/1.19/jersey-core-1.19.jar:/home/alex/.m2/repository/javax/ws/rs/jsr311-api/1.1.1/jsr311-api-1.1.1.jar:/home/alex/.m2/repository/com/sun/jersey/jersey-json/1.19/jersey-json-1.19.jar:/home/alex/.m2/repository/com/sun/xml/bind/jaxb-impl/2.2.3-1/jaxb-impl-2.2.3-1.jar:/home/alex/.m2/repository/org/codehaus/jackson/jackson-jaxrs/1.9.2/jackson-jaxrs-1.9.2.jar:/home/alex/.m2/repository/org/codehaus/jackson/jackson-xc/1.9.2/jackson-xc-1.9.2.jar:/home/alex/.m2/repository/com/sun/jersey/jersey-server/1.19/jersey-server-1.19.jar:/home/alex/.m2/repository/org/apache/commons/commons-configuration2/2.1.1/commons-configuration2-2.1.1.jar:/home/alex/.m2/repository/org/apache/hadoop/hadoop-auth/3.1.0/hadoop-auth-3.1.0.jar:/home/alex/.m2/repository/com/nimbusds/nimbus-jose-jwt/4.41.1/nimbus-jose-jwt-4.41.1.jar:/home/alex/.m2/repository/com/github/stephenc/jcip/jcip-annotations/1.0-1/jcip-annotations-1.0-1.jar:/home/alex/.m2/repository/com/jcraft/jsch/0.1.54/jsch-0.1.54.jar:/home/alex/.m2/repository/org/apache/htrace/htrace-core4/4.1.0-incubating/htrace-core4-4.1.0-incubating.jar:/home/alex/.m2/repository/org/apache/kerby/kerb-simplekdc/1.0.1/kerb-simplekdc-1.0.1.jar:/home/alex/.m2/repository/org/apache/kerby/kerb-client/1.0.1/kerb-client-1.0.1.jar:/home/alex/.m2/repository/org/apache/kerby/kerby-config/1.0.1/kerby-config-1.0.1.jar:/home/alex/.m2/repository/org/apache/kerby/kerb-core/1.0.1/kerb-core-1.0.1.jar:/home/alex/.m2/repository/org/apache/kerby/kerby-pkix/1.0.1/kerby-pkix-1.0.1.jar:/home/alex/.m2/repository/org/apache/kerby/kerby-asn1/1.0.1/kerby-asn1-1.0.1.jar:/home/alex/.m2/repository/org/apache/kerby/kerby-util/1.0.1/kerby-util-1.0.1.jar:/home/alex/.m2/repository/org/apache/kerby/kerb-common/1.0.1/kerb-common-1.0.1.jar:/home/alex/.m2/repository/org/apache/kerby/kerb-crypto/1.0.1/kerb-crypto-1.0.1.jar:/home/alex/.m2/repository/org/apache/kerby/kerb-util/1.0.1/kerb-util-1.0.1.jar:/home/alex/.m2/repository/org/apache/kerby/token-provider/1.0.1/token-provider-1.0.1.jar:/home/alex/.m2/repository/org/apache/kerby/kerb-admin/1.0.1/kerb-admin-1.0.1.jar:/home/alex/.m2/repository/org/apache/kerby/kerb-server/1.0.1/kerb-server-1.0.1.jar:/home/alex/.m2/repository/org/apache/kerby/kerb-identity/1.0.1/kerb-identity-1.0.1.jar:/home/alex/.m2/repository/org/apache/kerby/kerby-xdr/1.0.1/kerby-xdr-1.0.1.jar:/home/alex/.m2/repository/org/codehaus/woodstox/stax2-api/3.1.4/stax2-api-3.1.4.jar:/home/alex/.m2/repository/com/fasterxml/woodstox/woodstox-core/5.0.3/woodstox-core-5.0.3.jar:/home/alex/.m2/repository/org/apache/hadoop/hadoop-archives/3.1.0/hadoop-archives-3.1.0.jar:/home/alex/.m2/repository/org/apache/hadoop/hadoop-yarn-registry/3.1.0/hadoop-yarn-registry-3.1.0.jar:/home/alex/.m2/repository/org/apache/curator/curator-client/4.2.0/curator-client-4.2.0.jar:/home/alex/.m2/repository/org/apache/curator/curator-recipes/4.2.0/curator-recipes-4.2.0.jar:/home/alex/.m2/repository/commons-daemon/commons-daemon/1.0.13/commons-daemon-1.0.13.jar:/home/alex/.m2/repository/dnsjava/dnsjava/2.1.7/dnsjava-2.1.7.jar:/home/alex/.m2/repository/org/apache/hadoop/hadoop-mapreduce-client-core/3.1.0/hadoop-mapreduce-client-core-3.1.0.jar:/home/alex/.m2/repository/org/apache/hadoop/hadoop-hdfs-client/3.1.0/hadoop-hdfs-client-3.1.0.jar:/home/alex/.m2/repository/com/squareup/okhttp/okhttp/2.7.5/okhttp-2.7.5.jar:/home/alex/.m2/repository/com/squareup/okio/okio/1.6.0/okio-1.6.0.jar:/home/alex/.m2/repository/com/google/inject/extensions/guice-servlet/4.0/guice-servlet-4.0.jar:/home/alex/.m2/repository/org/apache/hadoop/hadoop-mapreduce-client-common/3.1.0/hadoop-mapreduce-client-common-3.1.0.jar:/home/alex/.m2/repository/org/apache/hadoop/hadoop-hdfs/3.1.0/hadoop-hdfs-3.1.0.jar:/home/alex/.m2/repository/org/eclipse/jetty/jetty-util-ajax/9.3.19.v20170502/jetty-util-ajax-9.3.19.v20170502.jar:/home/alex/.m2/repository/org/fusesource/leveldbjni/leveldbjni-all/1.8/leveldbjni-all-1.8.jar:/home/alex/.m2/repository/org/apache/hadoop/hadoop-yarn-api/3.1.0/hadoop-yarn-api-3.1.0.jar:/home/alex/.m2/repository/javax/xml/bind/jaxb-api/2.2.11/jaxb-api-2.2.11.jar:/home/alex/.m2/repository/org/apache/hadoop/hadoop-yarn-common/3.1.0/hadoop-yarn-common-3.1.0.jar:/home/alex/.m2/repository/com/google/inject/guice/4.0/guice-4.0.jar:/home/alex/.m2/repository/aopalliance/aopalliance/1.0/aopalliance-1.0.jar:/home/alex/.m2/repository/com/sun/jersey/contribs/jersey-guice/1.19/jersey-guice-1.19.jar:/home/alex/.m2/repository/com/fasterxml/jackson/module/jackson-module-jaxb-annotations/2.12.0/jackson-module-jaxb-annotations-2.12.0.jar:/home/alex/.m2/repository/jakarta/xml/bind/jakarta.xml.bind-api/2.3.2/jakarta.xml.bind-api-2.3.2.jar:/home/alex/.m2/repository/jakarta/activation/jakarta.activation-api/1.2.1/jakarta.activation-api-1.2.1.jar:/home/alex/.m2/repository/org/apache/hadoop/hadoop-yarn-client/3.1.0/hadoop-yarn-client-3.1.0.jar:/home/alex/.m2/repository/org/apache/orc/orc-tools/1.6.9/orc-tools-1.6.9.jar:/home/alex/.m2/repository/com/opencsv/opencsv/3.9/opencsv-3.9.jar:/home/alex/.m2/repository/org/codehaus/jettison/jettison/1.1/jettison-1.1.jar:/home/alex/.m2/repository/org/threeten/threetenbp/1.3.5/threetenbp-1.3.5.jar:/home/alex/.m2/repository/org/apache/ivy/ivy/2.4.0/ivy-2.4.0.jar:/home/alex/.m2/repository/org/apache/thrift/libthrift/0.14.1/libthrift-0.14.1.jar:/home/alex/.m2/repository/org/apache/httpcomponents/httpcore/4.4.13/httpcore-4.4.13.jar:/home/alex/.m2/repository/org/apache/tomcat/embed/tomcat-embed-core/8.5.46/tomcat-embed-core-8.5.46.jar:/home/alex/.m2/repository/org/apache/tomcat/tomcat-annotations-api/8.5.46/tomcat-annotations-api-8.5.46.jar:/home/alex/.m2/repository/javax/annotation/javax.annotation-api/1.3.2/javax.annotation-api-1.3.2.jar:/home/alex/.m2/repository/org/apache/zookeeper/zookeeper/3.5.5/zookeeper-3.5.5.jar:/home/alex/.m2/repository/org/apache/zookeeper/zookeeper-jute/3.5.5/zookeeper-jute-3.5.5.jar:/home/alex/.m2/repository/org/apache/curator/curator-framework/4.2.0/curator-framework-4.2.0.jar:/home/alex/.m2/repository/org/apache/curator/curator-test/4.2.0/curator-test-4.2.0.jar:/home/alex/.m2/repository/org/apache/datasketches/datasketches-hive/1.1.0-incubating/datasketches-hive-1.1.0-incubating.jar:/home/alex/.m2/repository/org/apache/datasketches/datasketches-java/1.3.0-incubating/datasketches-java-1.3.0-incubating.jar:/home/alex/.m2/repository/org/apache/datasketches/datasketches-memory/1.2.0-incubating/datasketches-memory-1.2.0-incubating.jar:/home/alex/.m2/repository/org/slf4j/slf4j-simple/1.7.27/slf4j-simple-1.7.27.jar:/home/alex/.m2/repository/com/lmax/disruptor/3.3.7/disruptor-3.3.7.jar:/home/alex/.m2/repository/org/codehaus/groovy/groovy-all/2.4.11/groovy-all-2.4.11.jar:/home/alex/.m2/repository/org/jodd/jodd-util/6.0.0/jodd-util-6.0.0.jar:/home/alex/.m2/repository/com/fasterxml/jackson/core/jackson-annotations/2.12.0/jackson-annotations-2.12.0.jar:/home/alex/.m2/repository/com/fasterxml/jackson/core/jackson-core/2.12.0/jackson-core-2.12.0.jar:/home/alex/.m2/repository/com/fasterxml/jackson/core/jackson-databind/2.12.0/jackson-databind-2.12.0.jar:/home/alex/.m2/repository/com/fasterxml/jackson/dataformat/jackson-dataformat-yaml/2.12.0/jackson-dataformat-yaml-2.12.0.jar:/home/alex/.m2/repository/org/yaml/snakeyaml/1.27/snakeyaml-1.27.jar:/home/alex/.m2/repository/org/datanucleus/datanucleus-core/5.2.4/datanucleus-core-5.2.4.jar:/home/alex/.m2/repository/org/apache/calcite/calcite-core/1.25.0/calcite-core-1.25.0.jar:/home/alex/.m2/repository/org/apache/calcite/calcite-linq4j/1.25.0/calcite-linq4j-1.25.0.jar:/home/alex/.m2/repository/org/apiguardian/apiguardian-api/1.1.0/apiguardian-api-1.1.0.jar:/home/alex/.m2/repository/com/esri/geometry/esri-geometry-api/2.2.0/esri-geometry-api-2.2.0.jar:/home/alex/.m2/repository/com/yahoo/datasketches/sketches-core/0.9.0/sketches-core-0.9.0.jar:/home/alex/.m2/repository/com/yahoo/datasketches/memory/0.9.0/memory-0.9.0.jar:/home/alex/.m2/repository/org/apache/commons/commons-dbcp2/2.7.0/commons-dbcp2-2.7.0.jar:/home/alex/.m2/repository/org/apache/commons/commons-pool2/2.7.0/commons-pool2-2.7.0.jar:/home/alex/.m2/repository/org/apache/calcite/calcite-druid/1.25.0/calcite-druid-1.25.0.jar:/home/alex/.m2/repository/org/apache/calcite/avatica/avatica/1.12.0/avatica-1.12.0.jar:/home/alex/.m2/repository/com/google/guava/guava/19.0/guava-19.0.jar:/home/alex/.m2/repository/com/googlecode/javaewah/JavaEWAH/0.3.2/JavaEWAH-0.3.2.jar:/home/alex/.m2/repository/com/google/code/gson/gson/2.2.4/gson-2.2.4.jar:/home/alex/.m2/repository/com/tdunning/json/1.8/json-1.8.jar:/home/alex/.m2/repository/stax/stax-api/1.0.1/stax-api-1.0.1.jar:/home/alex/.m2/repository/net/sf/opencsv/opencsv/2.3/opencsv-2.3.jar:/home/alex/Repositories/hive/standalone-metastore/metastore-server/target/classes:/home/alex/.m2/repository/com/zaxxer/HikariCP/2.6.1/HikariCP-2.6.1.jar:/home/alex/.m2/repository/commons-beanutils/commons-beanutils/1.9.4/commons-beanutils-1.9.4.jar:/home/alex/.m2/repository/org/datanucleus/datanucleus-api-jdo/5.2.4/datanucleus-api-jdo-5.2.4.jar:/home/alex/.m2/repository/org/datanucleus/datanucleus-rdbms/5.2.4/datanucleus-rdbms-5.2.4.jar:/home/alex/.m2/repository/org/datanucleus/javax.jdo/3.2.0-release/javax.jdo-3.2.0-release.jar:/home/alex/.m2/repository/javax/transaction/javax.transaction-api/1.3/javax.transaction-api-1.3.jar:/home/alex/.m2/repository/org/glassfish/corba/glassfish-corba-omgapi/4.2.2/glassfish-corba-omgapi-4.2.2.jar:/home/alex/.m2/repository/sqlline/sqlline/1.9.0/sqlline-1.9.0.jar:/home/alex/.m2/repository/org/jline/jline-terminal/3.12.1/jline-terminal-3.12.1.jar:/home/alex/.m2/repository/org/jline/jline-reader/3.12.1/jline-reader-3.12.1.jar:/home/alex/.m2/repository/org/jline/jline-terminal-jansi/3.12.1/jline-terminal-jansi-3.12.1.jar:/home/alex/.m2/repository/org/fusesource/jansi/jansi/1.18/jansi-1.18.jar:/home/alex/.m2/repository/org/jline/jline-terminal-jna/3.12.1/jline-terminal-jna-3.12.1.jar:/home/alex/.m2/repository/net/java/dev/jna/jna/5.3.1/jna-5.3.1.jar:/home/alex/.m2/repository/org/jline/jline-builtins/3.12.1/jline-builtins-3.12.1.jar:/home/alex/.m2/repository/org/jline/jline-style/3.12.1/jline-style-3.12.1.jar:/home/alex/.m2/repository/com/cronutils/cron-utils/9.1.3/cron-utils-9.1.3.jar:/home/alex/.m2/repository/org/glassfish/javax.el/3.0.0/javax.el-3.0.0.jar:/home/alex/.m2/repository/com/oracle/database/jdbc/ojdbc8/21.3.0.0/ojdbc8-21.3.0.0.jar:/home/alex/.m2/repository/mysql/mysql-connector-java/8.0.27/mysql-connector-java-8.0.27.jar:/home/alex/.m2/repository/com/microsoft/sqlserver/mssql-jdbc/6.2.1.jre8/mssql-jdbc-6.2.1.jre8.jar:/home/alex/.m2/repository/org/postgresql/postgresql/42.2.14/postgresql-42.2.14.jar:/home/alex/Repositories/hive/common/target/test-classes:/home/alex/Repositories/hive/standalone-metastore/metastore-common/target/test-classes:/home/alex/.m2/repository/com/github/ben-manes/caffeine/caffeine/2.8.4/caffeine-2.8.4.jar:/home/alex/.m2/repository/org/checkerframework/checker-qual/3.4.0/checker-qual-3.4.0.jar:/home/alex/Repositories/hive/standalone-metastore/metastore-server/target/test-classes:/home/alex/.m2/repository/org/apache/parquet/parquet-column/1.11.1/parquet-column-1.11.1-tests.jar:/home/alex/.m2/repository/org/apache/parquet/parquet-common/1.11.1/parquet-common-1.11.1.jar:/home/alex/.m2/repository/org/apache/parquet/parquet-format-structures/1.11.1/parquet-format-structures-1.11.1.jar:/home/alex/.m2/repository/org/apache/parquet/parquet-encoding/1.11.1/parquet-encoding-1.11.1.jar:/home/alex/.m2/repository/junit/junit/4.13/junit-4.13.jar:/home/alex/.m2/repository/org/hamcrest/hamcrest-core/1.3/hamcrest-core-1.3.jar:/home/alex/.m2/repository/org/junit/jupiter/junit-jupiter-engine/5.6.2/junit-jupiter-engine-5.6.2.jar:/home/alex/.m2/repository/org/junit/platform/junit-platform-engine/1.6.2/junit-platform-engine-1.6.2.jar:/home/alex/.m2/repository/org/opentest4j/opentest4j/1.2.0/opentest4j-1.2.0.jar:/home/alex/.m2/repository/org/junit/platform/junit-platform-commons/1.6.2/junit-platform-commons-1.6.2.jar:/home/alex/.m2/repository/org/junit/jupiter/junit-jupiter-api/5.6.2/junit-jupiter-api-5.6.2.jar:/home/alex/.m2/repository/org/junit/jupiter/junit-jupiter-params/5.6.2/junit-jupiter-params-5.6.2.jar:/home/alex/.m2/repository/org/junit/vintage/junit-vintage-engine/5.6.2/junit-vintage-engine-5.6.2.jar:/home/alex/.m2/repository/org/apache/tez/tez-api/0.10.1/tez-api-0.10.1.jar:/usr/lib/jvm/java-8-openjdk-amd64/jre/../lib/tools.jar:/home/alex/.m2/repository/org/apache/tez/tez-runtime-library/0.10.1/tez-runtime-library-0.10.1.jar:/home/alex/.m2/repository/org/roaringbitmap/RoaringBitmap/0.5.21/RoaringBitmap-0.5.21.jar:/home/alex/.m2/repository/org/asynchttpclient/async-http-client/2.12.1/async-http-client-2.12.1.jar:/home/alex/.m2/repository/org/asynchttpclient/async-http-client-netty-utils/2.12.1/async-http-client-netty-utils-2.12.1.jar:/home/alex/.m2/repository/io/netty/netty-buffer/4.1.48.Final/netty-buffer-4.1.48.Final.jar:/home/alex/.m2/repository/io/netty/netty-codec-http/4.1.48.Final/netty-codec-http-4.1.48.Final.jar:/home/alex/.m2/repository/io/netty/netty-common/4.1.48.Final/netty-common-4.1.48.Final.jar:/home/alex/.m2/repository/io/netty/netty-transport/4.1.48.Final/netty-transport-4.1.48.Final.jar:/home/alex/.m2/repository/io/netty/netty-codec/4.1.48.Final/netty-codec-4.1.48.Final.jar:/home/alex/.m2/repository/io/netty/netty-handler/4.1.48.Final/netty-handler-4.1.48.Final.jar:/home/alex/.m2/repository/io/netty/netty-resolver/4.1.48.Final/netty-resolver-4.1.48.Final.jar:/home/alex/.m2/repository/io/netty/netty-codec-socks/4.1.48.Final/netty-codec-socks-4.1.48.Final.jar:/home/alex/.m2/repository/io/netty/netty-handler-proxy/4.1.48.Final/netty-handler-proxy-4.1.48.Final.jar:/home/alex/.m2/repository/io/netty/netty-transport-native-epoll/4.1.48.Final/netty-transport-native-epoll-4.1.48.Final-linux-x86_64.jar:/home/alex/.m2/repository/io/netty/netty-transport-native-unix-common/4.1.48.Final/netty-transport-native-unix-common-4.1.48.Final.jar:/home/alex/.m2/repository/io/netty/netty-transport-native-kqueue/4.1.48.Final/netty-transport-native-kqueue-4.1.48.Final-osx-x86_64.jar:/home/alex/.m2/repository/org/reactivestreams/reactive-streams/1.0.3/reactive-streams-1.0.3.jar:/home/alex/.m2/repository/com/typesafe/netty/netty-reactive-streams/2.0.4/netty-reactive-streams-2.0.4.jar:/home/alex/.m2/repository/com/sun/activation/javax.activation/1.2.0/javax.activation-1.2.0.jar:/home/alex/.m2/repository/org/apache/tez/tez-common/0.10.1/tez-common-0.10.1.jar:/home/alex/.m2/repository/org/apache/tez/tez-runtime-internals/0.10.1/tez-runtime-internals-0.10.1.jar:/home/alex/.m2/repository/org/apache/tez/hadoop-shim/0.10.1/hadoop-shim-0.10.1.jar:/home/alex/.m2/repository/org/apache/tez/tez-mapreduce/0.10.1/tez-mapreduce-0.10.1.jar:/home/alex/.m2/repository/org/apache/tez/tez-dag/0.10.1/tez-dag-0.10.1.jar:/home/alex/.m2/repository/org/apache/hadoop/hadoop-yarn-server-web-proxy/3.1.0/hadoop-yarn-server-web-proxy-3.1.0.jar:/home/alex/.m2/repository/org/apache/hadoop/hadoop-yarn-server-common/3.1.0/hadoop-yarn-server-common-3.1.0.jar:/home/alex/.m2/repository/org/apache/geronimo/specs/geronimo-jcache_1.0_spec/1.0-alpha-1/geronimo-jcache_1.0_spec-1.0-alpha-1.jar:/home/alex/.m2/repository/org/ehcache/ehcache/3.3.1/ehcache-3.3.1.jar:/home/alex/.m2/repository/com/zaxxer/HikariCP-java7/2.4.12/HikariCP-java7-2.4.12.jar:/home/alex/.m2/repository/org/apache/spark/spark-core_2.12/2.4.5/spark-core_2.12-2.4.5.jar:/home/alex/.m2/repository/com/twitter/chill_2.12/0.9.3/chill_2.12-0.9.3.jar:/home/alex/.m2/repository/com/twitter/chill-java/0.9.3/chill-java-0.9.3.jar:/home/alex/.m2/repository/org/apache/xbean/xbean-asm6-shaded/4.8/xbean-asm6-shaded-4.8.jar:/home/alex/.m2/repository/org/apache/hadoop/hadoop-client/3.1.0/hadoop-client-3.1.0.jar:/home/alex/.m2/repository/org/apache/hadoop/hadoop-mapreduce-client-jobclient/3.1.0/hadoop-mapreduce-client-jobclient-3.1.0.jar:/home/alex/.m2/repository/org/apache/spark/spark-launcher_2.12/2.4.5/spark-launcher_2.12-2.4.5.jar:/home/alex/.m2/repository/org/apache/spark/spark-kvstore_2.12/2.4.5/spark-kvstore_2.12-2.4.5.jar:/home/alex/.m2/repository/org/apache/spark/spark-network-common_2.12/2.4.5/spark-network-common_2.12-2.4.5.jar:/home/alex/.m2/repository/org/apache/spark/spark-network-shuffle_2.12/2.4.5/spark-network-shuffle_2.12-2.4.5.jar:/home/alex/.m2/repository/org/apache/spark/spark-unsafe_2.12/2.4.5/spark-unsafe_2.12-2.4.5.jar:/home/alex/.m2/repository/javax/activation/activation/1.1.1/activation-1.1.1.jar:/home/alex/.m2/repository/org/slf4j/jul-to-slf4j/1.7.16/jul-to-slf4j-1.7.16.jar:/home/alex/.m2/repository/org/slf4j/jcl-over-slf4j/1.7.16/jcl-over-slf4j-1.7.16.jar:/home/alex/.m2/repository/com/ning/compress-lzf/1.0.3/compress-lzf-1.0.3.jar:/home/alex/.m2/repository/org/lz4/lz4-java/1.4.0/lz4-java-1.4.0.jar:/home/alex/.m2/repository/com/github/luben/zstd-jni/1.3.2-2/zstd-jni-1.3.2-2.jar:/home/alex/.m2/repository/org/scala-lang/scala-library/2.12.10/scala-library-2.12.10.jar:/home/alex/.m2/repository/org/json4s/json4s-jackson_2.12/3.5.3/json4s-jackson_2.12-3.5.3.jar:/home/alex/.m2/repository/org/json4s/json4s-core_2.12/3.5.3/json4s-core_2.12-3.5.3.jar:/home/alex/.m2/repository/org/json4s/json4s-ast_2.12/3.5.3/json4s-ast_2.12-3.5.3.jar:/home/alex/.m2/repository/org/json4s/json4s-scalap_2.12/3.5.3/json4s-scalap_2.12-3.5.3.jar:/home/alex/.m2/repository/org/scala-lang/modules/scala-xml_2.12/1.0.6/scala-xml_2.12-1.0.6.jar:/home/alex/.m2/repository/com/clearspring/analytics/stream/2.7.0/stream-2.7.0.jar:/home/alex/.m2/repository/io/dropwizard/metrics/metrics-graphite/3.1.5/metrics-graphite-3.1.5.jar:/home/alex/.m2/repository/oro/oro/2.0.8/oro-2.0.8.jar:/home/alex/.m2/repository/net/razorvine/pyrolite/4.13/pyrolite-4.13.jar:/home/alex/.m2/repository/net/sf/py4j/py4j/0.10.7/py4j-0.10.7.jar:/home/alex/.m2/repository/org/apache/spark/spark-tags_2.12/2.4.5/spark-tags_2.12-2.4.5.jar:/home/alex/.m2/repository/org/spark-project/spark/unused/1.0.0/unused-1.0.0.jar:/home/alex/.m2/repository/com/sun/jersey/jersey-servlet/1.19/jersey-servlet-1.19.jar:/home/alex/.m2/repository/org/glassfish/jersey/core/jersey-server/2.22.2/jersey-server-2.22.2.jar:/home/alex/.m2/repository/org/glassfish/jersey/core/jersey-common/2.22.2/jersey-common-2.22.2.jar:/home/alex/.m2/repository/org/glassfish/jersey/bundles/repackaged/jersey-guava/2.22.2/jersey-guava-2.22.2.jar:/home/alex/.m2/repository/org/glassfish/hk2/osgi-resource-locator/1.0.1/osgi-resource-locator-1.0.1.jar:/home/alex/.m2/repository/org/glassfish/jersey/core/jersey-client/2.22.2/jersey-client-2.22.2.jar:/home/alex/.m2/repository/javax/ws/rs/javax.ws.rs-api/2.0.1/javax.ws.rs-api-2.0.1.jar:/home/alex/.m2/repository/org/glassfish/jersey/media/jersey-media-jaxb/2.22.2/jersey-media-jaxb-2.22.2.jar:/home/alex/.m2/repository/org/glassfish/hk2/hk2-api/2.4.0-b34/hk2-api-2.4.0-b34.jar:/home/alex/.m2/repository/org/glassfish/hk2/hk2-utils/2.4.0-b34/hk2-utils-2.4.0-b34.jar:/home/alex/.m2/repository/org/glassfish/hk2/external/aopalliance-repackaged/2.4.0-b34/aopalliance-repackaged-2.4.0-b34.jar:/home/alex/.m2/repository/org/glassfish/hk2/external/javax.inject/2.4.0-b34/javax.inject-2.4.0-b34.jar:/home/alex/.m2/repository/org/glassfish/hk2/hk2-locator/2.4.0-b34/hk2-locator-2.4.0-b34.jar:/home/alex/.m2/repository/javax/validation/validation-api/1.1.0.Final/validation-api-1.1.0.Final.jar:/home/alex/.m2/repository/org/glassfish/jersey/containers/jersey-container-servlet-core/2.22.2/jersey-container-servlet-core-2.22.2.jar:/home/alex/.m2/repository/org/hamcrest/hamcrest-all/1.3/hamcrest-all-1.3.jar:/home/alex/.m2/repository/org/powermock/powermock-module-junit4/2.0.2/powermock-module-junit4-2.0.2.jar:/home/alex/.m2/repository/org/powermock/powermock-module-junit4-common/2.0.2/powermock-module-junit4-common-2.0.2.jar:/home/alex/.m2/repository/org/powermock/powermock-reflect/2.0.2/powermock-reflect-2.0.2.jar:/home/alex/.m2/repository/org/powermock/powermock-core/2.0.2/powermock-core-2.0.2.jar:/home/alex/.m2/repository/org/powermock/powermock-api-mockito2/2.0.2/powermock-api-mockito2-2.0.2.jar:/home/alex/.m2/repository/org/powermock/powermock-api-support/2.0.2/powermock-api-support-2.0.2.jar:/home/alex/.m2/repository/com/google/guava/guava-testlib/19.0/guava-testlib-19.0.jar:/home/alex/.m2/repository/com/google/errorprone/error_prone_annotations/2.0.2/error_prone_annotations-2.0.2.jar:/home/alex/.m2/repository/com/google/re2j/re2j/1.2/re2j-1.2.jar:/home/alex/.m2/repository/org/reflections/reflections/0.9.10/reflections-0.9.10.jar:/home/alex/.m2/repository/org/javassist/javassist/3.19.0-GA/javassist-3.19.0-GA.jar:/home/alex/.m2/repository/com/jayway/jsonpath/json-path/2.4.0/json-path-2.4.0.jar:/home/alex/.m2/repository/net/minidev/json-smart/2.3/json-smart-2.3.jar:/home/alex/.m2/repository/net/minidev/accessors-smart/1.2/accessors-smart-1.2.jar:/home/alex/.m2/repository/org/ow2/asm/asm/5.0.4/asm-5.0.4.jar:/home/alex/.m2/repository/org/codehaus/janino/commons-compiler/3.0.11/commons-compiler-3.0.11.jar:/home/alex/.m2/repository/org/codehaus/janino/janino/3.0.11/janino-3.0.11.jar:/home/alex/.m2/repository/com/sun/jersey/contribs/jersey-multipart/1.19/jersey-multipart-1.19.jar:/home/alex/.m2/repository/org/jvnet/mimepull/mimepull/1.9.3/mimepull-1.9.3.jar:/home/alex/.m2/repository/org/apache/kafka/kafka-clients/2.5.0/kafka-clients-2.5.0.jar:/home/alex/.m2/repository/org/slf4j/slf4j-api/1.7.30/slf4j-api-1.7.30.jar:/home/alex/.m2/repository/org/mockito/mockito-core/3.4.4/mockito-core-3.4.4.jar:/home/alex/.m2/repository/net/bytebuddy/byte-buddy/1.10.13/byte-buddy-1.10.13.jar:/home/alex/.m2/repository/net/bytebuddy/byte-buddy-agent/1.10.13/byte-buddy-agent-1.10.13.jar:/home/alex/Repositories/hive/ql/target/testconf:/home/alex/Repositories/hive/ql/../conf:"/>
    <property name="java.vm.vendor" value="Private Build"/>
    <property name="hadoop.version" value="3.1.0"/>
    <property name="user.timezone" value="US/Pacific"/>
    <property name="test.local.warehouse.dir" value="pfile:///home/alex/Repositories/hive/ql/target/localfs/warehouse"/>
    <property name="os.name" value="Linux"/>
    <property name="java.vm.specification.version" value="1.8"/>
    <property name="test.build.data" value="/home/alex/Repositories/hive/ql/target/tmp"/>
    <property name="clustermode" value=""/>
    <property name="sun.java.launcher" value="SUN_STANDARD"/>
    <property name="user.country" value="US"/>
    <property name="test.data.files" value="/home/alex/Repositories/hive/ql/../data/files"/>
    <property name="nondexLogging" value="CONFIG"/>
    <property name="surefire.test.class.path" value="/home/alex/Repositories/hive/ql/target/test-classes:/home/alex/Repositories/hive/ql/target/classes:/home/alex/.m2/repository/org/apache/atlas/atlas-client-v2/2.1.0/atlas-client-v2-2.1.0.jar:/home/alex/.m2/repository/cglib/cglib/2.2.2/cglib-2.2.2.jar:/home/alex/.m2/repository/asm/asm/3.3.1/asm-3.3.1.jar:/home/alex/.m2/repository/org/apache/atlas/atlas-client-common/2.1.0/atlas-client-common-2.1.0.jar:/home/alex/.m2/repository/org/apache/httpcomponents/httpclient/4.5.13/httpclient-4.5.13.jar:/home/alex/.m2/repository/com/sun/jersey/jersey-client/1.19/jersey-client-1.19.jar:/home/alex/.m2/repository/org/apache/atlas/atlas-intg/2.1.0/atlas-intg-2.1.0.jar:/home/alex/.m2/repository/commons-collections/commons-collections/3.2.2/commons-collections-3.2.2.jar:/home/alex/.m2/repository/commons-validator/commons-validator/1.6/commons-validator-1.6.jar:/home/alex/.m2/repository/commons-digester/commons-digester/1.8.1/commons-digester-1.8.1.jar:/home/alex/.m2/repository/com/fasterxml/jackson/jaxrs/jackson-jaxrs-base/2.12.0/jackson-jaxrs-base-2.12.0.jar:/home/alex/.m2/repository/com/fasterxml/jackson/jaxrs/jackson-jaxrs-json-provider/2.12.0/jackson-jaxrs-json-provider-2.12.0.jar:/home/alex/.m2/repository/javax/inject/javax.inject/1/javax.inject-1.jar:/home/alex/.m2/repository/org/springframework/spring-context/4.3.20.RELEASE/spring-context-4.3.20.RELEASE.jar:/home/alex/.m2/repository/org/springframework/spring-aop/4.3.20.RELEASE/spring-aop-4.3.20.RELEASE.jar:/home/alex/.m2/repository/org/springframework/spring-beans/4.3.20.RELEASE/spring-beans-4.3.20.RELEASE.jar:/home/alex/.m2/repository/org/springframework/spring-core/4.3.20.RELEASE/spring-core-4.3.20.RELEASE.jar:/home/alex/.m2/repository/org/springframework/spring-expression/4.3.20.RELEASE/spring-expression-4.3.20.RELEASE.jar:/home/alex/.m2/repository/commons-configuration/commons-configuration/1.10/commons-configuration-1.10.jar:/home/alex/.m2/repository/commons-lang/commons-lang/2.6/commons-lang-2.6.jar:/home/alex/.m2/repository/commons-logging/commons-logging/1.1.1/commons-logging-1.1.1.jar:/home/alex/.m2/repository/org/apache/commons/commons-math3/3.6.1/commons-math3-3.6.1.jar:/home/alex/Repositories/hive/vector-code-gen/target/classes:/home/alex/.m2/repository/org/apache/velocity/velocity/1.5/velocity-1.5.jar:/home/alex/Repositories/hive/common/target/classes:/home/alex/Repositories/hive/classification/target/classes:/home/alex/Repositories/hive/standalone-metastore/metastore-common/target/classes:/home/alex/.m2/repository/commons-cli/commons-cli/1.4/commons-cli-1.4.jar:/home/alex/.m2/repository/org/apache/orc/orc-core/1.6.9/orc-core-1.6.9.jar:/home/alex/.m2/repository/org/apache/orc/orc-shims/1.6.9/orc-shims-1.6.9.jar:/home/alex/.m2/repository/io/airlift/aircompressor/0.19/aircompressor-0.19.jar:/home/alex/.m2/repository/org/jetbrains/annotations/17.0.0/annotations-17.0.0.jar:/home/alex/.m2/repository/org/threeten/threeten-extra/1.5.0/threeten-extra-1.5.0.jar:/home/alex/.m2/repository/jline/jline/2.14.6/jline-2.14.6.jar:/home/alex/.m2/repository/javax/servlet/javax.servlet-api/3.1.0/javax.servlet-api-3.1.0.jar:/home/alex/.m2/repository/org/eclipse/jetty/jetty-http/9.3.27.v20190418/jetty-http-9.3.27.v20190418.jar:/home/alex/.m2/repository/org/eclipse/jetty/jetty-rewrite/9.3.27.v20190418/jetty-rewrite-9.3.27.v20190418.jar:/home/alex/.m2/repository/org/eclipse/jetty/jetty-client/9.3.27.v20190418/jetty-client-9.3.27.v20190418.jar:/home/alex/.m2/repository/org/eclipse/jetty/jetty-server/9.3.27.v20190418/jetty-server-9.3.27.v20190418.jar:/home/alex/.m2/repository/org/eclipse/jetty/jetty-io/9.3.27.v20190418/jetty-io-9.3.27.v20190418.jar:/home/alex/.m2/repository/org/eclipse/jetty/jetty-servlet/9.3.27.v20190418/jetty-servlet-9.3.27.v20190418.jar:/home/alex/.m2/repository/org/eclipse/jetty/jetty-security/9.3.27.v20190418/jetty-security-9.3.27.v20190418.jar:/home/alex/.m2/repository/org/eclipse/jetty/jetty-webapp/9.3.27.v20190418/jetty-webapp-9.3.27.v20190418.jar:/home/alex/.m2/repository/org/eclipse/jetty/jetty-xml/9.3.27.v20190418/jetty-xml-9.3.27.v20190418.jar:/home/alex/.m2/repository/joda-time/joda-time/2.9.9/joda-time-2.9.9.jar:/home/alex/.m2/repository/org/apache/logging/log4j/log4j-web/2.13.2/log4j-web-2.13.2.jar:/home/alex/.m2/repository/net/sf/jpam/jpam/1.1/jpam-1.1.jar:/home/alex/.m2/repository/io/dropwizard/metrics/metrics-core/3.1.0/metrics-core-3.1.0.jar:/home/alex/.m2/repository/io/dropwizard/metrics/metrics-jvm/3.1.0/metrics-jvm-3.1.0.jar:/home/alex/.m2/repository/io/dropwizard/metrics/metrics-json/3.1.0/metrics-json-3.1.0.jar:/home/alex/.m2/repository/com/github/joshelser/dropwizard-metrics-hadoop-metrics2-reporter/0.1.2/dropwizard-metrics-hadoop-metrics2-reporter-0.1.2.jar:/home/alex/Repositories/hive/metastore/target/classes:/home/alex/.m2/repository/org/apache/derby/derby/10.14.1.0/derby-10.14.1.0.jar:/home/alex/Repositories/hive/serde/target/classes:/home/alex/.m2/repository/com/google/code/findbugs/jsr305/3.0.0/jsr305-3.0.0.jar:/home/alex/.m2/repository/org/apache/arrow/arrow-vector/0.15.1/arrow-vector-0.15.1.jar:/home/alex/.m2/repository/org/apache/arrow/arrow-format/0.15.1/arrow-format-0.15.1.jar:/home/alex/.m2/repository/org/apache/arrow/arrow-memory/0.15.1/arrow-memory-0.15.1.jar:/home/alex/.m2/repository/com/google/flatbuffers/flatbuffers-java/1.9.0/flatbuffers-java-1.9.0.jar:/home/alex/.m2/repository/com/carrotsearch/hppc/0.7.2/hppc-0.7.2.jar:/home/alex/.m2/repository/com/github/davidmoten/flatbuffers-java/1.6.0.1/flatbuffers-java-1.6.0.1.jar:/home/alex/Repositories/hive/parser/target/classes:/home/alex/Repositories/hive/udf/target/classes:/home/alex/Repositories/hive/service-rpc/target/classes:/home/alex/Repositories/hive/llap-client/target/classes:/home/alex/Repositories/hive/llap-common/target/classes:/home/alex/.m2/repository/io/jsonwebtoken/jjwt-api/0.10.5/jjwt-api-0.10.5.jar:/home/alex/.m2/repository/io/jsonwebtoken/jjwt-impl/0.10.5/jjwt-impl-0.10.5.jar:/home/alex/.m2/repository/io/jsonwebtoken/jjwt-jackson/0.10.5/jjwt-jackson-0.10.5.jar:/home/alex/Repositories/hive/llap-tez/target/classes:/home/alex/Repositories/hive/shims/aggregator/target/classes:/home/alex/Repositories/hive/shims/common/target/classes:/home/alex/Repositories/hive/shims/0.23/target/classes:/home/alex/.m2/repository/org/apache/hadoop/hadoop-yarn-server-resourcemanager/3.1.0/hadoop-yarn-server-resourcemanager-3.1.0.jar:/home/alex/.m2/repository/org/apache/hadoop/hadoop-yarn-server-applicationhistoryservice/3.1.0/hadoop-yarn-server-applicationhistoryservice-3.1.0.jar:/home/alex/.m2/repository/de/ruedigermoeller/fst/2.50/fst-2.50.jar:/home/alex/.m2/repository/com/cedarsoftware/java-util/1.9.0/java-util-1.9.0.jar:/home/alex/.m2/repository/com/cedarsoftware/json-io/2.5.1/json-io-2.5.1.jar:/home/alex/Repositories/hive/shims/scheduler/target/classes:/home/alex/Repositories/hive/spark-client/target/classes:/home/alex/.m2/repository/io/netty/netty-all/4.1.65.Final/netty-all-4.1.65.Final.jar:/home/alex/.m2/repository/com/fasterxml/jackson/module/jackson-module-scala_2.12/2.12.0/jackson-module-scala_2.12-2.12.0.jar:/home/alex/.m2/repository/org/apache/spark/spark-yarn_2.12/2.4.5/spark-yarn_2.12-2.4.5.jar:/home/alex/Repositories/hive/storage-api/target/classes:/home/alex/.m2/repository/com/amazonaws/aws-java-sdk-bundle/1.11.901/aws-java-sdk-bundle-1.11.901.jar:/home/alex/.m2/repository/com/amazonaws/secretsmanager/aws-secretsmanager-caching-java/1.0.1/aws-secretsmanager-caching-java-1.0.1.jar:/home/alex/.m2/repository/com/esotericsoftware/kryo/5.0.3/kryo-5.0.3.jar:/home/alex/.m2/repository/org/objenesis/objenesis/3.1/objenesis-3.1.jar:/home/alex/.m2/repository/com/esotericsoftware/minlog/1.3.1/minlog-1.3.1.jar:/home/alex/.m2/repository/com/esotericsoftware/reflectasm/1.11.9/reflectasm-1.11.9.jar:/home/alex/.m2/repository/com/google/protobuf/protobuf-java/2.5.0/protobuf-java-2.5.0.jar:/home/alex/.m2/repository/org/apache/hbase/hbase-common/2.0.0-alpha4/hbase-common-2.0.0-alpha4.jar:/home/alex/.m2/repository/org/apache/hbase/thirdparty/hbase-shaded-miscellaneous/1.0.1/hbase-shaded-miscellaneous-1.0.1.jar:/home/alex/.m2/repository/org/apache/htrace/htrace-core/3.2.0-incubating/htrace-core-3.2.0-incubating.jar:/home/alex/.m2/repository/org/apache/commons/commons-crypto/1.0.0/commons-crypto-1.0.0.jar:/home/alex/.m2/repository/com/github/stephenc/findbugs/findbugs-annotations/1.3.9-1/findbugs-annotations-1.3.9-1.jar:/home/alex/.m2/repository/log4j/log4j/1.2.17/log4j-1.2.17.jar:/home/alex/.m2/repository/org/apache/yetus/audience-annotations/0.5.0/audience-annotations-0.5.0.jar:/home/alex/.m2/repository/org/apache/parquet/parquet-hadoop-bundle/1.11.1/parquet-hadoop-bundle-1.11.1.jar:/home/alex/.m2/repository/commons-codec/commons-codec/1.15/commons-codec-1.15.jar:/home/alex/.m2/repository/commons-io/commons-io/2.6/commons-io-2.6.jar:/home/alex/.m2/repository/org/apache/commons/commons-collections4/4.1/commons-collections4-4.1.jar:/home/alex/.m2/repository/org/apache/commons/commons-lang3/3.9/commons-lang3-3.9.jar:/home/alex/.m2/repository/org/apache/commons/commons-text/1.8/commons-text-1.8.jar:/home/alex/.m2/repository/javolution/javolution/5.5.1/javolution-5.5.1.jar:/home/alex/.m2/repository/org/apache/logging/log4j/log4j-1.2-api/2.13.2/log4j-1.2-api-2.13.2.jar:/home/alex/.m2/repository/org/apache/logging/log4j/log4j-api/2.13.2/log4j-api-2.13.2.jar:/home/alex/.m2/repository/org/apache/logging/log4j/log4j-core/2.13.2/log4j-core-2.13.2.jar:/home/alex/.m2/repository/org/apache/logging/log4j/log4j-slf4j-impl/2.13.2/log4j-slf4j-impl-2.13.2.jar:/home/alex/.m2/repository/org/antlr/antlr-runtime/3.5.2/antlr-runtime-3.5.2.jar:/home/alex/.m2/repository/org/antlr/ST4/4.0.4/ST4-4.0.4.jar:/home/alex/.m2/repository/org/apache/avro/avro/1.8.2/avro-1.8.2.jar:/home/alex/.m2/repository/org/codehaus/jackson/jackson-core-asl/1.9.13/jackson-core-asl-1.9.13.jar:/home/alex/.m2/repository/org/codehaus/jackson/jackson-mapper-asl/1.9.13/jackson-mapper-asl-1.9.13.jar:/home/alex/.m2/repository/com/thoughtworks/paranamer/paranamer/2.8/paranamer-2.8.jar:/home/alex/.m2/repository/org/xerial/snappy/snappy-java/1.1.4/snappy-java-1.1.4.jar:/home/alex/.m2/repository/org/tukaani/xz/1.5/xz-1.5.jar:/home/alex/.m2/repository/org/apache/avro/avro-mapred/1.8.2/avro-mapred-1.8.2-hadoop2.jar:/home/alex/.m2/repository/org/apache/avro/avro-ipc/1.8.2/avro-ipc-1.8.2.jar:/home/alex/.m2/repository/org/mortbay/jetty/jetty/6.1.26/jetty-6.1.26.jar:/home/alex/.m2/repository/org/apache/ant/ant/1.9.1/ant-1.9.1.jar:/home/alex/.m2/repository/org/apache/ant/ant-launcher/1.9.1/ant-launcher-1.9.1.jar:/home/alex/.m2/repository/org/apache/commons/commons-compress/1.21/commons-compress-1.21.jar:/home/alex/.m2/repository/org/apache/thrift/libfb303/0.9.3/libfb303-0.9.3.jar:/home/alex/.m2/repository/org/apache/hadoop/hadoop-common/3.1.0/hadoop-common-3.1.0.jar:/home/alex/.m2/repository/org/apache/hadoop/hadoop-annotations/3.1.0/hadoop-annotations-3.1.0.jar:/home/alex/.m2/repository/commons-net/commons-net/3.6/commons-net-3.6.jar:/home/alex/.m2/repository/org/eclipse/jetty/jetty-util/9.3.27.v20190418/jetty-util-9.3.27.v20190418.jar:/home/alex/.m2/repository/javax/servlet/jsp/jsp-api/2.1/jsp-api-2.1.jar:/home/alex/.m2/repository/com/sun/jersey/jersey-core/1.19/jersey-core-1.19.jar:/home/alex/.m2/repository/javax/ws/rs/jsr311-api/1.1.1/jsr311-api-1.1.1.jar:/home/alex/.m2/repository/com/sun/jersey/jersey-json/1.19/jersey-json-1.19.jar:/home/alex/.m2/repository/com/sun/xml/bind/jaxb-impl/2.2.3-1/jaxb-impl-2.2.3-1.jar:/home/alex/.m2/repository/org/codehaus/jackson/jackson-jaxrs/1.9.2/jackson-jaxrs-1.9.2.jar:/home/alex/.m2/repository/org/codehaus/jackson/jackson-xc/1.9.2/jackson-xc-1.9.2.jar:/home/alex/.m2/repository/com/sun/jersey/jersey-server/1.19/jersey-server-1.19.jar:/home/alex/.m2/repository/org/apache/commons/commons-configuration2/2.1.1/commons-configuration2-2.1.1.jar:/home/alex/.m2/repository/org/apache/hadoop/hadoop-auth/3.1.0/hadoop-auth-3.1.0.jar:/home/alex/.m2/repository/com/nimbusds/nimbus-jose-jwt/4.41.1/nimbus-jose-jwt-4.41.1.jar:/home/alex/.m2/repository/com/github/stephenc/jcip/jcip-annotations/1.0-1/jcip-annotations-1.0-1.jar:/home/alex/.m2/repository/com/jcraft/jsch/0.1.54/jsch-0.1.54.jar:/home/alex/.m2/repository/org/apache/htrace/htrace-core4/4.1.0-incubating/htrace-core4-4.1.0-incubating.jar:/home/alex/.m2/repository/org/apache/kerby/kerb-simplekdc/1.0.1/kerb-simplekdc-1.0.1.jar:/home/alex/.m2/repository/org/apache/kerby/kerb-client/1.0.1/kerb-client-1.0.1.jar:/home/alex/.m2/repository/org/apache/kerby/kerby-config/1.0.1/kerby-config-1.0.1.jar:/home/alex/.m2/repository/org/apache/kerby/kerb-core/1.0.1/kerb-core-1.0.1.jar:/home/alex/.m2/repository/org/apache/kerby/kerby-pkix/1.0.1/kerby-pkix-1.0.1.jar:/home/alex/.m2/repository/org/apache/kerby/kerby-asn1/1.0.1/kerby-asn1-1.0.1.jar:/home/alex/.m2/repository/org/apache/kerby/kerby-util/1.0.1/kerby-util-1.0.1.jar:/home/alex/.m2/repository/org/apache/kerby/kerb-common/1.0.1/kerb-common-1.0.1.jar:/home/alex/.m2/repository/org/apache/kerby/kerb-crypto/1.0.1/kerb-crypto-1.0.1.jar:/home/alex/.m2/repository/org/apache/kerby/kerb-util/1.0.1/kerb-util-1.0.1.jar:/home/alex/.m2/repository/org/apache/kerby/token-provider/1.0.1/token-provider-1.0.1.jar:/home/alex/.m2/repository/org/apache/kerby/kerb-admin/1.0.1/kerb-admin-1.0.1.jar:/home/alex/.m2/repository/org/apache/kerby/kerb-server/1.0.1/kerb-server-1.0.1.jar:/home/alex/.m2/repository/org/apache/kerby/kerb-identity/1.0.1/kerb-identity-1.0.1.jar:/home/alex/.m2/repository/org/apache/kerby/kerby-xdr/1.0.1/kerby-xdr-1.0.1.jar:/home/alex/.m2/repository/org/codehaus/woodstox/stax2-api/3.1.4/stax2-api-3.1.4.jar:/home/alex/.m2/repository/com/fasterxml/woodstox/woodstox-core/5.0.3/woodstox-core-5.0.3.jar:/home/alex/.m2/repository/org/apache/hadoop/hadoop-archives/3.1.0/hadoop-archives-3.1.0.jar:/home/alex/.m2/repository/org/apache/hadoop/hadoop-yarn-registry/3.1.0/hadoop-yarn-registry-3.1.0.jar:/home/alex/.m2/repository/org/apache/curator/curator-client/4.2.0/curator-client-4.2.0.jar:/home/alex/.m2/repository/org/apache/curator/curator-recipes/4.2.0/curator-recipes-4.2.0.jar:/home/alex/.m2/repository/commons-daemon/commons-daemon/1.0.13/commons-daemon-1.0.13.jar:/home/alex/.m2/repository/dnsjava/dnsjava/2.1.7/dnsjava-2.1.7.jar:/home/alex/.m2/repository/org/apache/hadoop/hadoop-mapreduce-client-core/3.1.0/hadoop-mapreduce-client-core-3.1.0.jar:/home/alex/.m2/repository/org/apache/hadoop/hadoop-hdfs-client/3.1.0/hadoop-hdfs-client-3.1.0.jar:/home/alex/.m2/repository/com/squareup/okhttp/okhttp/2.7.5/okhttp-2.7.5.jar:/home/alex/.m2/repository/com/squareup/okio/okio/1.6.0/okio-1.6.0.jar:/home/alex/.m2/repository/com/google/inject/extensions/guice-servlet/4.0/guice-servlet-4.0.jar:/home/alex/.m2/repository/org/apache/hadoop/hadoop-mapreduce-client-common/3.1.0/hadoop-mapreduce-client-common-3.1.0.jar:/home/alex/.m2/repository/org/apache/hadoop/hadoop-hdfs/3.1.0/hadoop-hdfs-3.1.0.jar:/home/alex/.m2/repository/org/eclipse/jetty/jetty-util-ajax/9.3.19.v20170502/jetty-util-ajax-9.3.19.v20170502.jar:/home/alex/.m2/repository/org/fusesource/leveldbjni/leveldbjni-all/1.8/leveldbjni-all-1.8.jar:/home/alex/.m2/repository/org/apache/hadoop/hadoop-yarn-api/3.1.0/hadoop-yarn-api-3.1.0.jar:/home/alex/.m2/repository/javax/xml/bind/jaxb-api/2.2.11/jaxb-api-2.2.11.jar:/home/alex/.m2/repository/org/apache/hadoop/hadoop-yarn-common/3.1.0/hadoop-yarn-common-3.1.0.jar:/home/alex/.m2/repository/com/google/inject/guice/4.0/guice-4.0.jar:/home/alex/.m2/repository/aopalliance/aopalliance/1.0/aopalliance-1.0.jar:/home/alex/.m2/repository/com/sun/jersey/contribs/jersey-guice/1.19/jersey-guice-1.19.jar:/home/alex/.m2/repository/com/fasterxml/jackson/module/jackson-module-jaxb-annotations/2.12.0/jackson-module-jaxb-annotations-2.12.0.jar:/home/alex/.m2/repository/jakarta/xml/bind/jakarta.xml.bind-api/2.3.2/jakarta.xml.bind-api-2.3.2.jar:/home/alex/.m2/repository/jakarta/activation/jakarta.activation-api/1.2.1/jakarta.activation-api-1.2.1.jar:/home/alex/.m2/repository/org/apache/hadoop/hadoop-yarn-client/3.1.0/hadoop-yarn-client-3.1.0.jar:/home/alex/.m2/repository/org/apache/orc/orc-tools/1.6.9/orc-tools-1.6.9.jar:/home/alex/.m2/repository/com/opencsv/opencsv/3.9/opencsv-3.9.jar:/home/alex/.m2/repository/org/codehaus/jettison/jettison/1.1/jettison-1.1.jar:/home/alex/.m2/repository/org/threeten/threetenbp/1.3.5/threetenbp-1.3.5.jar:/home/alex/.m2/repository/org/apache/ivy/ivy/2.4.0/ivy-2.4.0.jar:/home/alex/.m2/repository/org/apache/thrift/libthrift/0.14.1/libthrift-0.14.1.jar:/home/alex/.m2/repository/org/apache/httpcomponents/httpcore/4.4.13/httpcore-4.4.13.jar:/home/alex/.m2/repository/org/apache/tomcat/embed/tomcat-embed-core/8.5.46/tomcat-embed-core-8.5.46.jar:/home/alex/.m2/repository/org/apache/tomcat/tomcat-annotations-api/8.5.46/tomcat-annotations-api-8.5.46.jar:/home/alex/.m2/repository/javax/annotation/javax.annotation-api/1.3.2/javax.annotation-api-1.3.2.jar:/home/alex/.m2/repository/org/apache/zookeeper/zookeeper/3.5.5/zookeeper-3.5.5.jar:/home/alex/.m2/repository/org/apache/zookeeper/zookeeper-jute/3.5.5/zookeeper-jute-3.5.5.jar:/home/alex/.m2/repository/org/apache/curator/curator-framework/4.2.0/curator-framework-4.2.0.jar:/home/alex/.m2/repository/org/apache/curator/curator-test/4.2.0/curator-test-4.2.0.jar:/home/alex/.m2/repository/org/apache/datasketches/datasketches-hive/1.1.0-incubating/datasketches-hive-1.1.0-incubating.jar:/home/alex/.m2/repository/org/apache/datasketches/datasketches-java/1.3.0-incubating/datasketches-java-1.3.0-incubating.jar:/home/alex/.m2/repository/org/apache/datasketches/datasketches-memory/1.2.0-incubating/datasketches-memory-1.2.0-incubating.jar:/home/alex/.m2/repository/org/slf4j/slf4j-simple/1.7.27/slf4j-simple-1.7.27.jar:/home/alex/.m2/repository/com/lmax/disruptor/3.3.7/disruptor-3.3.7.jar:/home/alex/.m2/repository/org/codehaus/groovy/groovy-all/2.4.11/groovy-all-2.4.11.jar:/home/alex/.m2/repository/org/jodd/jodd-util/6.0.0/jodd-util-6.0.0.jar:/home/alex/.m2/repository/com/fasterxml/jackson/core/jackson-annotations/2.12.0/jackson-annotations-2.12.0.jar:/home/alex/.m2/repository/com/fasterxml/jackson/core/jackson-core/2.12.0/jackson-core-2.12.0.jar:/home/alex/.m2/repository/com/fasterxml/jackson/core/jackson-databind/2.12.0/jackson-databind-2.12.0.jar:/home/alex/.m2/repository/com/fasterxml/jackson/dataformat/jackson-dataformat-yaml/2.12.0/jackson-dataformat-yaml-2.12.0.jar:/home/alex/.m2/repository/org/yaml/snakeyaml/1.27/snakeyaml-1.27.jar:/home/alex/.m2/repository/org/datanucleus/datanucleus-core/5.2.4/datanucleus-core-5.2.4.jar:/home/alex/.m2/repository/org/apache/calcite/calcite-core/1.25.0/calcite-core-1.25.0.jar:/home/alex/.m2/repository/org/apache/calcite/calcite-linq4j/1.25.0/calcite-linq4j-1.25.0.jar:/home/alex/.m2/repository/org/apiguardian/apiguardian-api/1.1.0/apiguardian-api-1.1.0.jar:/home/alex/.m2/repository/com/esri/geometry/esri-geometry-api/2.2.0/esri-geometry-api-2.2.0.jar:/home/alex/.m2/repository/com/yahoo/datasketches/sketches-core/0.9.0/sketches-core-0.9.0.jar:/home/alex/.m2/repository/com/yahoo/datasketches/memory/0.9.0/memory-0.9.0.jar:/home/alex/.m2/repository/org/apache/commons/commons-dbcp2/2.7.0/commons-dbcp2-2.7.0.jar:/home/alex/.m2/repository/org/apache/commons/commons-pool2/2.7.0/commons-pool2-2.7.0.jar:/home/alex/.m2/repository/org/apache/calcite/calcite-druid/1.25.0/calcite-druid-1.25.0.jar:/home/alex/.m2/repository/org/apache/calcite/avatica/avatica/1.12.0/avatica-1.12.0.jar:/home/alex/.m2/repository/com/google/guava/guava/19.0/guava-19.0.jar:/home/alex/.m2/repository/com/googlecode/javaewah/JavaEWAH/0.3.2/JavaEWAH-0.3.2.jar:/home/alex/.m2/repository/com/google/code/gson/gson/2.2.4/gson-2.2.4.jar:/home/alex/.m2/repository/com/tdunning/json/1.8/json-1.8.jar:/home/alex/.m2/repository/stax/stax-api/1.0.1/stax-api-1.0.1.jar:/home/alex/.m2/repository/net/sf/opencsv/opencsv/2.3/opencsv-2.3.jar:/home/alex/Repositories/hive/standalone-metastore/metastore-server/target/classes:/home/alex/.m2/repository/com/zaxxer/HikariCP/2.6.1/HikariCP-2.6.1.jar:/home/alex/.m2/repository/commons-beanutils/commons-beanutils/1.9.4/commons-beanutils-1.9.4.jar:/home/alex/.m2/repository/org/datanucleus/datanucleus-api-jdo/5.2.4/datanucleus-api-jdo-5.2.4.jar:/home/alex/.m2/repository/org/datanucleus/datanucleus-rdbms/5.2.4/datanucleus-rdbms-5.2.4.jar:/home/alex/.m2/repository/org/datanucleus/javax.jdo/3.2.0-release/javax.jdo-3.2.0-release.jar:/home/alex/.m2/repository/javax/transaction/javax.transaction-api/1.3/javax.transaction-api-1.3.jar:/home/alex/.m2/repository/org/glassfish/corba/glassfish-corba-omgapi/4.2.2/glassfish-corba-omgapi-4.2.2.jar:/home/alex/.m2/repository/sqlline/sqlline/1.9.0/sqlline-1.9.0.jar:/home/alex/.m2/repository/org/jline/jline-terminal/3.12.1/jline-terminal-3.12.1.jar:/home/alex/.m2/repository/org/jline/jline-reader/3.12.1/jline-reader-3.12.1.jar:/home/alex/.m2/repository/org/jline/jline-terminal-jansi/3.12.1/jline-terminal-jansi-3.12.1.jar:/home/alex/.m2/repository/org/fusesource/jansi/jansi/1.18/jansi-1.18.jar:/home/alex/.m2/repository/org/jline/jline-terminal-jna/3.12.1/jline-terminal-jna-3.12.1.jar:/home/alex/.m2/repository/net/java/dev/jna/jna/5.3.1/jna-5.3.1.jar:/home/alex/.m2/repository/org/jline/jline-builtins/3.12.1/jline-builtins-3.12.1.jar:/home/alex/.m2/repository/org/jline/jline-style/3.12.1/jline-style-3.12.1.jar:/home/alex/.m2/repository/com/cronutils/cron-utils/9.1.3/cron-utils-9.1.3.jar:/home/alex/.m2/repository/org/glassfish/javax.el/3.0.0/javax.el-3.0.0.jar:/home/alex/.m2/repository/com/oracle/database/jdbc/ojdbc8/21.3.0.0/ojdbc8-21.3.0.0.jar:/home/alex/.m2/repository/mysql/mysql-connector-java/8.0.27/mysql-connector-java-8.0.27.jar:/home/alex/.m2/repository/com/microsoft/sqlserver/mssql-jdbc/6.2.1.jre8/mssql-jdbc-6.2.1.jre8.jar:/home/alex/.m2/repository/org/postgresql/postgresql/42.2.14/postgresql-42.2.14.jar:/home/alex/Repositories/hive/common/target/test-classes:/home/alex/Repositories/hive/standalone-metastore/metastore-common/target/test-classes:/home/alex/.m2/repository/com/github/ben-manes/caffeine/caffeine/2.8.4/caffeine-2.8.4.jar:/home/alex/.m2/repository/org/checkerframework/checker-qual/3.4.0/checker-qual-3.4.0.jar:/home/alex/Repositories/hive/standalone-metastore/metastore-server/target/test-classes:/home/alex/.m2/repository/org/apache/parquet/parquet-column/1.11.1/parquet-column-1.11.1-tests.jar:/home/alex/.m2/repository/org/apache/parquet/parquet-common/1.11.1/parquet-common-1.11.1.jar:/home/alex/.m2/repository/org/apache/parquet/parquet-format-structures/1.11.1/parquet-format-structures-1.11.1.jar:/home/alex/.m2/repository/org/apache/parquet/parquet-encoding/1.11.1/parquet-encoding-1.11.1.jar:/home/alex/.m2/repository/junit/junit/4.13/junit-4.13.jar:/home/alex/.m2/repository/org/hamcrest/hamcrest-core/1.3/hamcrest-core-1.3.jar:/home/alex/.m2/repository/org/junit/jupiter/junit-jupiter-engine/5.6.2/junit-jupiter-engine-5.6.2.jar:/home/alex/.m2/repository/org/junit/platform/junit-platform-engine/1.6.2/junit-platform-engine-1.6.2.jar:/home/alex/.m2/repository/org/opentest4j/opentest4j/1.2.0/opentest4j-1.2.0.jar:/home/alex/.m2/repository/org/junit/platform/junit-platform-commons/1.6.2/junit-platform-commons-1.6.2.jar:/home/alex/.m2/repository/org/junit/jupiter/junit-jupiter-api/5.6.2/junit-jupiter-api-5.6.2.jar:/home/alex/.m2/repository/org/junit/jupiter/junit-jupiter-params/5.6.2/junit-jupiter-params-5.6.2.jar:/home/alex/.m2/repository/org/junit/vintage/junit-vintage-engine/5.6.2/junit-vintage-engine-5.6.2.jar:/home/alex/.m2/repository/org/apache/tez/tez-api/0.10.1/tez-api-0.10.1.jar:/usr/lib/jvm/java-8-openjdk-amd64/jre/../lib/tools.jar:/home/alex/.m2/repository/org/apache/tez/tez-runtime-library/0.10.1/tez-runtime-library-0.10.1.jar:/home/alex/.m2/repository/org/roaringbitmap/RoaringBitmap/0.5.21/RoaringBitmap-0.5.21.jar:/home/alex/.m2/repository/org/asynchttpclient/async-http-client/2.12.1/async-http-client-2.12.1.jar:/home/alex/.m2/repository/org/asynchttpclient/async-http-client-netty-utils/2.12.1/async-http-client-netty-utils-2.12.1.jar:/home/alex/.m2/repository/io/netty/netty-buffer/4.1.48.Final/netty-buffer-4.1.48.Final.jar:/home/alex/.m2/repository/io/netty/netty-codec-http/4.1.48.Final/netty-codec-http-4.1.48.Final.jar:/home/alex/.m2/repository/io/netty/netty-common/4.1.48.Final/netty-common-4.1.48.Final.jar:/home/alex/.m2/repository/io/netty/netty-transport/4.1.48.Final/netty-transport-4.1.48.Final.jar:/home/alex/.m2/repository/io/netty/netty-codec/4.1.48.Final/netty-codec-4.1.48.Final.jar:/home/alex/.m2/repository/io/netty/netty-handler/4.1.48.Final/netty-handler-4.1.48.Final.jar:/home/alex/.m2/repository/io/netty/netty-resolver/4.1.48.Final/netty-resolver-4.1.48.Final.jar:/home/alex/.m2/repository/io/netty/netty-codec-socks/4.1.48.Final/netty-codec-socks-4.1.48.Final.jar:/home/alex/.m2/repository/io/netty/netty-handler-proxy/4.1.48.Final/netty-handler-proxy-4.1.48.Final.jar:/home/alex/.m2/repository/io/netty/netty-transport-native-epoll/4.1.48.Final/netty-transport-native-epoll-4.1.48.Final-linux-x86_64.jar:/home/alex/.m2/repository/io/netty/netty-transport-native-unix-common/4.1.48.Final/netty-transport-native-unix-common-4.1.48.Final.jar:/home/alex/.m2/repository/io/netty/netty-transport-native-kqueue/4.1.48.Final/netty-transport-native-kqueue-4.1.48.Final-osx-x86_64.jar:/home/alex/.m2/repository/org/reactivestreams/reactive-streams/1.0.3/reactive-streams-1.0.3.jar:/home/alex/.m2/repository/com/typesafe/netty/netty-reactive-streams/2.0.4/netty-reactive-streams-2.0.4.jar:/home/alex/.m2/repository/com/sun/activation/javax.activation/1.2.0/javax.activation-1.2.0.jar:/home/alex/.m2/repository/org/apache/tez/tez-common/0.10.1/tez-common-0.10.1.jar:/home/alex/.m2/repository/org/apache/tez/tez-runtime-internals/0.10.1/tez-runtime-internals-0.10.1.jar:/home/alex/.m2/repository/org/apache/tez/hadoop-shim/0.10.1/hadoop-shim-0.10.1.jar:/home/alex/.m2/repository/org/apache/tez/tez-mapreduce/0.10.1/tez-mapreduce-0.10.1.jar:/home/alex/.m2/repository/org/apache/tez/tez-dag/0.10.1/tez-dag-0.10.1.jar:/home/alex/.m2/repository/org/apache/hadoop/hadoop-yarn-server-web-proxy/3.1.0/hadoop-yarn-server-web-proxy-3.1.0.jar:/home/alex/.m2/repository/org/apache/hadoop/hadoop-yarn-server-common/3.1.0/hadoop-yarn-server-common-3.1.0.jar:/home/alex/.m2/repository/org/apache/geronimo/specs/geronimo-jcache_1.0_spec/1.0-alpha-1/geronimo-jcache_1.0_spec-1.0-alpha-1.jar:/home/alex/.m2/repository/org/ehcache/ehcache/3.3.1/ehcache-3.3.1.jar:/home/alex/.m2/repository/com/zaxxer/HikariCP-java7/2.4.12/HikariCP-java7-2.4.12.jar:/home/alex/.m2/repository/org/apache/spark/spark-core_2.12/2.4.5/spark-core_2.12-2.4.5.jar:/home/alex/.m2/repository/com/twitter/chill_2.12/0.9.3/chill_2.12-0.9.3.jar:/home/alex/.m2/repository/com/twitter/chill-java/0.9.3/chill-java-0.9.3.jar:/home/alex/.m2/repository/org/apache/xbean/xbean-asm6-shaded/4.8/xbean-asm6-shaded-4.8.jar:/home/alex/.m2/repository/org/apache/hadoop/hadoop-client/3.1.0/hadoop-client-3.1.0.jar:/home/alex/.m2/repository/org/apache/hadoop/hadoop-mapreduce-client-jobclient/3.1.0/hadoop-mapreduce-client-jobclient-3.1.0.jar:/home/alex/.m2/repository/org/apache/spark/spark-launcher_2.12/2.4.5/spark-launcher_2.12-2.4.5.jar:/home/alex/.m2/repository/org/apache/spark/spark-kvstore_2.12/2.4.5/spark-kvstore_2.12-2.4.5.jar:/home/alex/.m2/repository/org/apache/spark/spark-network-common_2.12/2.4.5/spark-network-common_2.12-2.4.5.jar:/home/alex/.m2/repository/org/apache/spark/spark-network-shuffle_2.12/2.4.5/spark-network-shuffle_2.12-2.4.5.jar:/home/alex/.m2/repository/org/apache/spark/spark-unsafe_2.12/2.4.5/spark-unsafe_2.12-2.4.5.jar:/home/alex/.m2/repository/javax/activation/activation/1.1.1/activation-1.1.1.jar:/home/alex/.m2/repository/org/slf4j/jul-to-slf4j/1.7.16/jul-to-slf4j-1.7.16.jar:/home/alex/.m2/repository/org/slf4j/jcl-over-slf4j/1.7.16/jcl-over-slf4j-1.7.16.jar:/home/alex/.m2/repository/com/ning/compress-lzf/1.0.3/compress-lzf-1.0.3.jar:/home/alex/.m2/repository/org/lz4/lz4-java/1.4.0/lz4-java-1.4.0.jar:/home/alex/.m2/repository/com/github/luben/zstd-jni/1.3.2-2/zstd-jni-1.3.2-2.jar:/home/alex/.m2/repository/org/scala-lang/scala-library/2.12.10/scala-library-2.12.10.jar:/home/alex/.m2/repository/org/json4s/json4s-jackson_2.12/3.5.3/json4s-jackson_2.12-3.5.3.jar:/home/alex/.m2/repository/org/json4s/json4s-core_2.12/3.5.3/json4s-core_2.12-3.5.3.jar:/home/alex/.m2/repository/org/json4s/json4s-ast_2.12/3.5.3/json4s-ast_2.12-3.5.3.jar:/home/alex/.m2/repository/org/json4s/json4s-scalap_2.12/3.5.3/json4s-scalap_2.12-3.5.3.jar:/home/alex/.m2/repository/org/scala-lang/modules/scala-xml_2.12/1.0.6/scala-xml_2.12-1.0.6.jar:/home/alex/.m2/repository/com/clearspring/analytics/stream/2.7.0/stream-2.7.0.jar:/home/alex/.m2/repository/io/dropwizard/metrics/metrics-graphite/3.1.5/metrics-graphite-3.1.5.jar:/home/alex/.m2/repository/oro/oro/2.0.8/oro-2.0.8.jar:/home/alex/.m2/repository/net/razorvine/pyrolite/4.13/pyrolite-4.13.jar:/home/alex/.m2/repository/net/sf/py4j/py4j/0.10.7/py4j-0.10.7.jar:/home/alex/.m2/repository/org/apache/spark/spark-tags_2.12/2.4.5/spark-tags_2.12-2.4.5.jar:/home/alex/.m2/repository/org/spark-project/spark/unused/1.0.0/unused-1.0.0.jar:/home/alex/.m2/repository/com/sun/jersey/jersey-servlet/1.19/jersey-servlet-1.19.jar:/home/alex/.m2/repository/org/glassfish/jersey/core/jersey-server/2.22.2/jersey-server-2.22.2.jar:/home/alex/.m2/repository/org/glassfish/jersey/core/jersey-common/2.22.2/jersey-common-2.22.2.jar:/home/alex/.m2/repository/org/glassfish/jersey/bundles/repackaged/jersey-guava/2.22.2/jersey-guava-2.22.2.jar:/home/alex/.m2/repository/org/glassfish/hk2/osgi-resource-locator/1.0.1/osgi-resource-locator-1.0.1.jar:/home/alex/.m2/repository/org/glassfish/jersey/core/jersey-client/2.22.2/jersey-client-2.22.2.jar:/home/alex/.m2/repository/javax/ws/rs/javax.ws.rs-api/2.0.1/javax.ws.rs-api-2.0.1.jar:/home/alex/.m2/repository/org/glassfish/jersey/media/jersey-media-jaxb/2.22.2/jersey-media-jaxb-2.22.2.jar:/home/alex/.m2/repository/org/glassfish/hk2/hk2-api/2.4.0-b34/hk2-api-2.4.0-b34.jar:/home/alex/.m2/repository/org/glassfish/hk2/hk2-utils/2.4.0-b34/hk2-utils-2.4.0-b34.jar:/home/alex/.m2/repository/org/glassfish/hk2/external/aopalliance-repackaged/2.4.0-b34/aopalliance-repackaged-2.4.0-b34.jar:/home/alex/.m2/repository/org/glassfish/hk2/external/javax.inject/2.4.0-b34/javax.inject-2.4.0-b34.jar:/home/alex/.m2/repository/org/glassfish/hk2/hk2-locator/2.4.0-b34/hk2-locator-2.4.0-b34.jar:/home/alex/.m2/repository/javax/validation/validation-api/1.1.0.Final/validation-api-1.1.0.Final.jar:/home/alex/.m2/repository/org/glassfish/jersey/containers/jersey-container-servlet-core/2.22.2/jersey-container-servlet-core-2.22.2.jar:/home/alex/.m2/repository/org/hamcrest/hamcrest-all/1.3/hamcrest-all-1.3.jar:/home/alex/.m2/repository/org/powermock/powermock-module-junit4/2.0.2/powermock-module-junit4-2.0.2.jar:/home/alex/.m2/repository/org/powermock/powermock-module-junit4-common/2.0.2/powermock-module-junit4-common-2.0.2.jar:/home/alex/.m2/repository/org/powermock/powermock-reflect/2.0.2/powermock-reflect-2.0.2.jar:/home/alex/.m2/repository/org/powermock/powermock-core/2.0.2/powermock-core-2.0.2.jar:/home/alex/.m2/repository/org/powermock/powermock-api-mockito2/2.0.2/powermock-api-mockito2-2.0.2.jar:/home/alex/.m2/repository/org/powermock/powermock-api-support/2.0.2/powermock-api-support-2.0.2.jar:/home/alex/.m2/repository/com/google/guava/guava-testlib/19.0/guava-testlib-19.0.jar:/home/alex/.m2/repository/com/google/errorprone/error_prone_annotations/2.0.2/error_prone_annotations-2.0.2.jar:/home/alex/.m2/repository/com/google/re2j/re2j/1.2/re2j-1.2.jar:/home/alex/.m2/repository/org/reflections/reflections/0.9.10/reflections-0.9.10.jar:/home/alex/.m2/repository/org/javassist/javassist/3.19.0-GA/javassist-3.19.0-GA.jar:/home/alex/.m2/repository/com/jayway/jsonpath/json-path/2.4.0/json-path-2.4.0.jar:/home/alex/.m2/repository/net/minidev/json-smart/2.3/json-smart-2.3.jar:/home/alex/.m2/repository/net/minidev/accessors-smart/1.2/accessors-smart-1.2.jar:/home/alex/.m2/repository/org/ow2/asm/asm/5.0.4/asm-5.0.4.jar:/home/alex/.m2/repository/org/codehaus/janino/commons-compiler/3.0.11/commons-compiler-3.0.11.jar:/home/alex/.m2/repository/org/codehaus/janino/janino/3.0.11/janino-3.0.11.jar:/home/alex/.m2/repository/com/sun/jersey/contribs/jersey-multipart/1.19/jersey-multipart-1.19.jar:/home/alex/.m2/repository/org/jvnet/mimepull/mimepull/1.9.3/mimepull-1.9.3.jar:/home/alex/.m2/repository/org/apache/kafka/kafka-clients/2.5.0/kafka-clients-2.5.0.jar:/home/alex/.m2/repository/org/slf4j/slf4j-api/1.7.30/slf4j-api-1.7.30.jar:/home/alex/.m2/repository/org/mockito/mockito-core/3.4.4/mockito-core-3.4.4.jar:/home/alex/.m2/repository/net/bytebuddy/byte-buddy/1.10.13/byte-buddy-1.10.13.jar:/home/alex/.m2/repository/net/bytebuddy/byte-buddy-agent/1.10.13/byte-buddy-agent-1.10.13.jar:/home/alex/Repositories/hive/ql/target/testconf:/home/alex/Repositories/hive/ql/../conf:"/>
    <property name="sun.cpu.endian" value="little"/>
    <property name="user.home" value="/home/alex"/>
    <property name="user.language" value="en"/>
    <property name="java.security.krb5.conf" value="/home/alex/Repositories/hive/ql/target/testconf/krb5.conf"/>
    <property name="test.dfs.mkdir" value=""/>
    <property name="java.awt.graphicsenv" value="sun.awt.X11GraphicsEnvironment"/>
    <property name="nondexFilter" value=".*"/>
    <property name="nondexSeed" value="933178"/>
    <property name="surefire.real.class.path" value="/home/alex/Repositories/hive/ql/target/surefire/surefirebooter8706217321728752431.jar"/>
    <property name="hadoop.log.dir" value="/home/alex/Repositories/hive/ql/target/tmp"/>
    <property name="java.net.preferIPv4Stack" value="true"/>
    <property name="path.separator" value=":"/>
    <property name="os.version" value="6.5.0-28-generic"/>
    <property name="java.endorsed.dirs" value="/usr/lib/jvm/java-8-openjdk-amd64/jre/lib/endorsed"/>
    <property name="java.runtime.name" value="OpenJDK Runtime Environment"/>
    <property name="hive.test.console.log.level" value="INFO"/>
    <property name="java.vm.name" value="OpenJDK 64-Bit Server VM"/>
    <property name="java.vendor.url.bug" value="http://bugreport.sun.com/bugreport/"/>
    <property name="maven.local.repository" value="/home/alex/.m2/repository"/>
    <property name="user.dir" value="/home/alex/Repositories/hive/ql"/>
    <property name="os.arch" value="amd64"/>
    <property name="nondexMode" value="FULL"/>
    <property name="user.language.format" value="pt"/>
    <property name="antlr.version" value="3.5.2"/>
    <property name="derby.version" value="10.14.1.0"/>
    <property name="java.vm.info" value="mixed mode"/>
    <property name="java.vm.version" value="25.402-b06"/>
    <property name="java.ext.dirs" value="/usr/lib/jvm/java-8-openjdk-amd64/jre/lib/ext:/usr/java/packages/lib/ext"/>
    <property name="java.class.version" value="52.0"/>
    <property name="test.output.overwrite" value=""/>
    <property name="hive.root" value="/home/alex/Repositories/hive/ql/../"/>
  </properties>
  <testcase name="testInsertFromUnion" classname="org.apache.hadoop.hive.ql.TestTxnNoBuckets" time="23.721"/>
  <testcase name="testCtasPartitioned" classname="org.apache.hadoop.hive.ql.TestTxnNoBuckets" time="3.471"/>
  <testcase name="testNoBucketsDP" classname="org.apache.hadoop.hive.ql.TestTxnNoBuckets" time="14.42">
    <error type="java.lang.RuntimeException"><![CDATA[java.lang.RuntimeException: update nobuckets set c2 = 17 where c2 in(0,3) failed: (responseCode = 40000, errorMessage = FAILED: NoMatchingMethodException No matching method for class org.apache.hadoop.hive.ql.udf.UDFToInteger with (struct<writeid:bigint,bucketid:int,rowid:bigint>). Possible choices: _FUNC_(bigint)  _FUNC_(boolean)  _FUNC_(decimal(38,18))  _FUNC_(double)  _FUNC_(float)  _FUNC_(smallint)  _FUNC_(string)  _FUNC_(struct<bucketid:bigint,writeid:int,rowid:bigint>)  _FUNC_(timestamp)  _FUNC_(tinyint)  _FUNC_(void)  , hiveErrorCode = 40000, SQLState = 42000, exception = No matching method for class org.apache.hadoop.hive.ql.udf.UDFToInteger with (struct<writeid:bigint,bucketid:int,rowid:bigint>). Possible choices: _FUNC_(bigint)  _FUNC_(boolean)  _FUNC_(decimal(38,18))  _FUNC_(double)  _FUNC_(float)  _FUNC_(smallint)  _FUNC_(string)  _FUNC_(struct<bucketid:bigint,writeid:int,rowid:bigint>)  _FUNC_(timestamp)  _FUNC_(tinyint)  _FUNC_(void)  )
	at org.apache.hadoop.hive.ql.TxnCommandsBaseForTests.runStatementOnDriver(TxnCommandsBaseForTests.java:247)
	at org.apache.hadoop.hive.ql.TestTxnNoBuckets.testNoBucketsDP(TestTxnNoBuckets.java:233)
	at sun.reflect.NativeMethodAccessorImpl.invoke0(Native Method)
	at sun.reflect.NativeMethodAccessorImpl.invoke(NativeMethodAccessorImpl.java:62)
	at sun.reflect.DelegatingMethodAccessorImpl.invoke(DelegatingMethodAccessorImpl.java:43)
	at java.lang.reflect.Method.invoke(Method.java:498)
	at org.junit.runners.model.FrameworkMethod$1.runReflectiveCall(FrameworkMethod.java:59)
	at org.junit.internal.runners.model.ReflectiveCallable.run(ReflectiveCallable.java:12)
	at org.junit.runners.model.FrameworkMethod.invokeExplosively(FrameworkMethod.java:56)
	at org.junit.internal.runners.statements.InvokeMethod.evaluate(InvokeMethod.java:17)
	at org.junit.internal.runners.statements.RunBefores.evaluate(RunBefores.java:26)
	at org.junit.internal.runners.statements.RunAfters.evaluate(RunAfters.java:27)
	at org.junit.rules.TestWatcher$1.evaluate(TestWatcher.java:61)
	at org.junit.runners.ParentRunner$3.evaluate(ParentRunner.java:306)
	at org.junit.runners.BlockJUnit4ClassRunner$1.evaluate(BlockJUnit4ClassRunner.java:100)
	at org.junit.runners.ParentRunner.runLeaf(ParentRunner.java:366)
	at org.junit.runners.BlockJUnit4ClassRunner.runChild(BlockJUnit4ClassRunner.java:103)
	at org.junit.runners.BlockJUnit4ClassRunner.runChild(BlockJUnit4ClassRunner.java:63)
	at org.junit.runners.ParentRunner$4.run(ParentRunner.java:331)
	at org.junit.runners.ParentRunner$1.schedule(ParentRunner.java:79)
	at org.junit.runners.ParentRunner.runChildren(ParentRunner.java:329)
	at org.junit.runners.ParentRunner.access$100(ParentRunner.java:66)
	at org.junit.runners.ParentRunner$2.evaluate(ParentRunner.java:293)
	at org.junit.runners.ParentRunner$3.evaluate(ParentRunner.java:306)
	at org.junit.runners.ParentRunner.run(ParentRunner.java:413)
	at org.junit.runner.JUnitCore.run(JUnitCore.java:137)
	at org.junit.runner.JUnitCore.run(JUnitCore.java:115)
	at org.junit.vintage.engine.execution.RunnerExecutor.execute(RunnerExecutor.java:43)
	at java.util.stream.ForEachOps$ForEachOp$OfRef.accept(ForEachOps.java:183)
	at java.util.stream.ReferencePipeline$3$1.accept(ReferencePipeline.java:193)
	at java.util.Iterator.forEachRemaining(Iterator.java:116)
	at java.util.Spliterators$IteratorSpliterator.forEachRemaining(Spliterators.java:1801)
	at java.util.stream.AbstractPipeline.copyInto(AbstractPipeline.java:482)
	at java.util.stream.AbstractPipeline.wrapAndCopyInto(AbstractPipeline.java:472)
	at java.util.stream.ForEachOps$ForEachOp.evaluateSequential(ForEachOps.java:150)
	at java.util.stream.ForEachOps$ForEachOp$OfRef.evaluateSequential(ForEachOps.java:173)
	at java.util.stream.AbstractPipeline.evaluate(AbstractPipeline.java:234)
	at java.util.stream.ReferencePipeline.forEach(ReferencePipeline.java:485)
	at org.junit.vintage.engine.VintageTestEngine.executeAllChildren(VintageTestEngine.java:82)
	at org.junit.vintage.engine.VintageTestEngine.execute(VintageTestEngine.java:73)
	at org.junit.platform.launcher.core.DefaultLauncher.execute(DefaultLauncher.java:248)
	at org.junit.platform.launcher.core.DefaultLauncher.lambda$execute$5(DefaultLauncher.java:211)
	at org.junit.platform.launcher.core.DefaultLauncher.withInterceptedStreams(DefaultLauncher.java:226)
	at org.junit.platform.launcher.core.DefaultLauncher.execute(DefaultLauncher.java:199)
	at org.junit.platform.launcher.core.DefaultLauncher.execute(DefaultLauncher.java:132)
	at org.apache.maven.surefire.junitplatform.JUnitPlatformProvider.invokeAllTests(JUnitPlatformProvider.java:154)
	at org.apache.maven.surefire.junitplatform.JUnitPlatformProvider.invoke(JUnitPlatformProvider.java:123)
	at org.apache.maven.surefire.booter.ForkedBooter.runSuitesInProcess(ForkedBooter.java:377)
	at org.apache.maven.surefire.booter.ForkedBooter.execute(ForkedBooter.java:138)
	at org.apache.maven.surefire.booter.ForkedBooter.run(ForkedBooter.java:465)
	at org.apache.maven.surefire.booter.ForkedBooter.main(ForkedBooter.java:451)
]]></error>
    <system-err><![CDATA[2024-04-23T21:14:43,090  WARN [main] conf.HiveConf: HiveConf of name hive.stats.key.prefix.reserve.length does not exist
2024-04-23T21:14:43,090  WARN [main] conf.HiveConf: HiveConf of name hive.metastore.client.cache.recordStats does not exist
2024-04-23T21:14:43,090  WARN [main] conf.HiveConf: HiveConf of name hive.metastore.client.cache.maxSize does not exist
2024-04-23T21:14:43,090  WARN [main] conf.HiveConf: HiveConf of name hive.llap.io.cache.orc.size does not exist
2024-04-23T21:14:43,091  WARN [main] conf.HiveConf: HiveConf of name hive.llap.io.cache.orc.alloc.max does not exist
2024-04-23T21:14:43,091  WARN [main] conf.HiveConf: HiveConf of name hive.llap.io.cache.orc.alloc.min does not exist
2024-04-23T21:14:43,091  WARN [main] conf.HiveConf: HiveConf of name hive.dummyparam.test.server.specific.config.metastoresite does not exist
2024-04-23T21:14:43,091  WARN [main] conf.HiveConf: HiveConf of name hive.metastore.metadb.dir does not exist
2024-04-23T21:14:43,091  WARN [main] conf.HiveConf: HiveConf of name hive.llap.io.cache.orc.arena.size does not exist
2024-04-23T21:14:43,091  WARN [main] conf.HiveConf: HiveConf of name hive.dummyparam.test.server.specific.config.override does not exist
2024-04-23T21:14:43,091  WARN [main] conf.HiveConf: HiveConf of name hive.dummyparam.test.server.specific.config.hivesite does not exist
2024-04-23T21:14:43,093  INFO [main] utils.TestTxnDbUtil: Creating transactional tables
Hive Session ID = c896a1fb-210a-4f53-aacd-b68a5f5adf47
2024-04-23T21:14:43,096  INFO [main] SessionState: Hive Session ID = c896a1fb-210a-4f53-aacd-b68a5f5adf47
ivysettings.xml file not found in HIVE_HOME or HIVE_CONF_DIR,/home/alex/Repositories/hive/conf/ivysettings.xml will be used
2024-04-23T21:14:43,097  INFO [main] DependencyResolver: ivysettings.xml file not found in HIVE_HOME or HIVE_CONF_DIR,/home/alex/Repositories/hive/conf/ivysettings.xml will be used
2024-04-23T21:14:43,102  INFO [main] session.SessionState: Created HDFS directory: /home/alex/Repositories/hive/ql/target/tmp/scratchdir/alex/c896a1fb-210a-4f53-aacd-b68a5f5adf47
2024-04-23T21:14:43,104  INFO [main] session.SessionState: Created local directory: /home/alex/Repositories/hive/ql/target/tmp/localscratchdir/c896a1fb-210a-4f53-aacd-b68a5f5adf47
2024-04-23T21:14:43,107  INFO [main] session.SessionState: Created HDFS directory: /home/alex/Repositories/hive/ql/target/tmp/scratchdir/alex/c896a1fb-210a-4f53-aacd-b68a5f5adf47/_tmp_space.db
2024-04-23T21:14:43,107  INFO [main] sqlstd.SQLStdHiveAccessController: Created SQLStdHiveAccessController for session context : HiveAuthzSessionContext [sessionString=c896a1fb-210a-4f53-aacd-b68a5f5adf47, clientType=HIVECLI]
2024-04-23T21:14:43,107  INFO [main] ql.TxnCommandsBaseForTests: Running the query: drop table if exists acidTbl
2024-04-23T21:14:43,108  INFO [main] ql.Driver: Compiling command(queryId=alex_20240423211443_c05e16d8-b47a-44ac-b0f7-8120bb77ef91): drop table if exists acidTbl
2024-04-23T21:14:43,116  INFO [main] txn.TxnHandler: Added entries to MIN_HISTORY_LEVEL for current txns: ([1]) with min_open_txn: 1
2024-04-23T21:14:43,116  INFO [main] lockmgr.DbTxnManager: Opened txnid:1
2024-04-23T21:14:43,119  INFO [main] HiveMetaStore.audit: ugi=alex	ip=unknown-ip-addr	cmd=get_table : tbl=hive.default.acidTbl	
2024-04-23T21:14:43,122  INFO [main] ql.Driver: Semantic Analysis Completed (retrial = false)
2024-04-23T21:14:43,122  INFO [main] ql.Driver: Created Hive schema: Schema(fieldSchemas:null, properties:null)
2024-04-23T21:14:43,123  INFO [main] metadata.Hive: Dumping metastore api call timing information for : compilation phase
2024-04-23T21:14:43,123  INFO [main] metadata.Hive: Total time spent in each metastore function (ms): {commitTxn_(CommitTxnRequest)=16, getValidTxns_(long)=2, flushCache_()=0, openTxn_(String, TxnType)=8, isCompatibleWith_(Configuration)=0}
2024-04-23T21:14:43,123  INFO [main] ql.Driver: Completed compiling command(queryId=alex_20240423211443_c05e16d8-b47a-44ac-b0f7-8120bb77ef91); Time taken: 0.015 seconds
2024-04-23T21:14:43,123  INFO [main] lockmgr.DbTxnManager: Setting lock request transaction to txnid:1 for queryId=alex_20240423211443_c05e16d8-b47a-44ac-b0f7-8120bb77ef91
2024-04-23T21:14:43,123  INFO [main] ql.Driver: Operation DROPTABLE obtained 0 locks
2024-04-23T21:14:43,123  INFO [main] ql.Driver: Executing command(queryId=alex_20240423211443_c05e16d8-b47a-44ac-b0f7-8120bb77ef91): drop table if exists acidTbl
2024-04-23T21:14:43,123  INFO [main] ql.Driver: Starting task [Stage-0:DDL] in serial mode
2024-04-23T21:14:43,124  INFO [main] HiveMetaStore.audit: ugi=alex	ip=unknown-ip-addr	cmd=get_table : tbl=hive.default.acidTbl	
2024-04-23T21:14:43,128  INFO [main] metadata.Hive: Dumping metastore api call timing information for : execution phase
2024-04-23T21:14:43,129  INFO [main] metadata.Hive: Total time spent in each metastore function (ms): {isCompatibleWith_(Configuration)=0}
2024-04-23T21:14:43,129  INFO [main] ql.Driver: Completed executing command(queryId=alex_20240423211443_c05e16d8-b47a-44ac-b0f7-8120bb77ef91); Time taken: 0.005 seconds
2024-04-23T21:14:43,129  INFO [main] lockmgr.DbTxnManager: Stopped heartbeat for query: alex_20240423211443_c05e16d8-b47a-44ac-b0f7-8120bb77ef91
2024-04-23T21:14:43,138  INFO [main] txn.TxnHandler: Expected to move at least one record from txn_components to completed_txn_components when committing txn! txnid:1
2024-04-23T21:14:43,146  INFO [main] txn.TxnHandler: Removed transactions: ([1]) from MIN_HISTORY_LEVEL
2024-04-23T21:14:43,146  WARN [main] txn.CompactionTxnHandler: No compaction queue record found for Compaction type transaction commit. txnId:1
2024-04-23T21:14:43,147  INFO [main] ql.TxnCommandsBaseForTests: Running the query: drop table if exists acidTblPart
2024-04-23T21:14:43,148  INFO [main] ql.Driver: Compiling command(queryId=alex_20240423211443_5880840f-72f4-478d-87ea-a87330fb4265): drop table if exists acidTblPart
2024-04-23T21:14:43,151  INFO [main] txn.TxnHandler: Added entries to MIN_HISTORY_LEVEL for current txns: ([2]) with min_open_txn: 1
2024-04-23T21:14:43,151  INFO [main] lockmgr.DbTxnManager: Opened txnid:2
2024-04-23T21:14:43,152  INFO [main] HiveMetaStore.audit: ugi=alex	ip=unknown-ip-addr	cmd=get_table : tbl=hive.default.acidTblPart	
2024-04-23T21:14:43,155  INFO [main] ql.Driver: Semantic Analysis Completed (retrial = false)
2024-04-23T21:14:43,156  INFO [main] ql.Driver: Created Hive schema: Schema(fieldSchemas:null, properties:null)
2024-04-23T21:14:43,156  INFO [main] metadata.Hive: Dumping metastore api call timing information for : compilation phase
2024-04-23T21:14:43,156  INFO [main] metadata.Hive: Total time spent in each metastore function (ms): {openTxn_(String, TxnType)=2, getValidTxns_(long)=1, commitTxn_(CommitTxnRequest)=18, isCompatibleWith_(Configuration)=1, flushCache_()=0}
2024-04-23T21:14:43,156  INFO [main] ql.Driver: Completed compiling command(queryId=alex_20240423211443_5880840f-72f4-478d-87ea-a87330fb4265); Time taken: 0.008 seconds
2024-04-23T21:14:43,156  INFO [main] lockmgr.DbTxnManager: Setting lock request transaction to txnid:2 for queryId=alex_20240423211443_5880840f-72f4-478d-87ea-a87330fb4265
2024-04-23T21:14:43,156  INFO [main] ql.Driver: Operation DROPTABLE obtained 0 locks
2024-04-23T21:14:43,156  INFO [main] ql.Driver: Executing command(queryId=alex_20240423211443_5880840f-72f4-478d-87ea-a87330fb4265): drop table if exists acidTblPart
2024-04-23T21:14:43,156  INFO [main] ql.Driver: Starting task [Stage-0:DDL] in serial mode
2024-04-23T21:14:43,157  INFO [main] HiveMetaStore.audit: ugi=alex	ip=unknown-ip-addr	cmd=get_table : tbl=hive.default.acidTblPart	
2024-04-23T21:14:43,160  INFO [main] metadata.Hive: Dumping metastore api call timing information for : execution phase
2024-04-23T21:14:43,160  INFO [main] metadata.Hive: Total time spent in each metastore function (ms): {isCompatibleWith_(Configuration)=0}
2024-04-23T21:14:43,160  INFO [main] ql.Driver: Completed executing command(queryId=alex_20240423211443_5880840f-72f4-478d-87ea-a87330fb4265); Time taken: 0.004 seconds
2024-04-23T21:14:43,160  INFO [main] lockmgr.DbTxnManager: Stopped heartbeat for query: alex_20240423211443_5880840f-72f4-478d-87ea-a87330fb4265
2024-04-23T21:14:43,166  INFO [main] txn.TxnHandler: Expected to move at least one record from txn_components to completed_txn_components when committing txn! txnid:2
2024-04-23T21:14:43,173  INFO [main] txn.TxnHandler: Removed transactions: ([2]) from MIN_HISTORY_LEVEL
2024-04-23T21:14:43,173  WARN [main] txn.CompactionTxnHandler: No compaction queue record found for Compaction type transaction commit. txnId:2
2024-04-23T21:14:43,174  INFO [main] ql.TxnCommandsBaseForTests: Running the query: drop table if exists acidTbl2
2024-04-23T21:14:43,174  INFO [main] ql.Driver: Compiling command(queryId=alex_20240423211443_528eb3dd-763c-4b26-b398-248aaf71d8e9): drop table if exists acidTbl2
2024-04-23T21:14:43,178  INFO [main] txn.TxnHandler: Added entries to MIN_HISTORY_LEVEL for current txns: ([3]) with min_open_txn: 1
2024-04-23T21:14:43,178  INFO [main] lockmgr.DbTxnManager: Opened txnid:3
2024-04-23T21:14:43,179  INFO [main] HiveMetaStore.audit: ugi=alex	ip=unknown-ip-addr	cmd=get_table : tbl=hive.default.acidTbl2	
2024-04-23T21:14:43,182  INFO [main] ql.Driver: Semantic Analysis Completed (retrial = false)
2024-04-23T21:14:43,182  INFO [main] ql.Driver: Created Hive schema: Schema(fieldSchemas:null, properties:null)
2024-04-23T21:14:43,182  INFO [main] metadata.Hive: Dumping metastore api call timing information for : compilation phase
2024-04-23T21:14:43,182  INFO [main] metadata.Hive: Total time spent in each metastore function (ms): {flushCache_()=0, getValidTxns_(long)=1, openTxn_(String, TxnType)=3, commitTxn_(CommitTxnRequest)=13, isCompatibleWith_(Configuration)=0}
2024-04-23T21:14:43,182  INFO [main] ql.Driver: Completed compiling command(queryId=alex_20240423211443_528eb3dd-763c-4b26-b398-248aaf71d8e9); Time taken: 0.008 seconds
2024-04-23T21:14:43,182  INFO [main] lockmgr.DbTxnManager: Setting lock request transaction to txnid:3 for queryId=alex_20240423211443_528eb3dd-763c-4b26-b398-248aaf71d8e9
2024-04-23T21:14:43,182  INFO [main] ql.Driver: Operation DROPTABLE obtained 0 locks
2024-04-23T21:14:43,182  INFO [main] ql.Driver: Executing command(queryId=alex_20240423211443_528eb3dd-763c-4b26-b398-248aaf71d8e9): drop table if exists acidTbl2
2024-04-23T21:14:43,182  INFO [main] ql.Driver: Starting task [Stage-0:DDL] in serial mode
2024-04-23T21:14:43,183  INFO [main] HiveMetaStore.audit: ugi=alex	ip=unknown-ip-addr	cmd=get_table : tbl=hive.default.acidTbl2	
2024-04-23T21:14:43,186  INFO [main] metadata.Hive: Dumping metastore api call timing information for : execution phase
2024-04-23T21:14:43,186  INFO [main] metadata.Hive: Total time spent in each metastore function (ms): {isCompatibleWith_(Configuration)=1}
2024-04-23T21:14:43,186  INFO [main] ql.Driver: Completed executing command(queryId=alex_20240423211443_528eb3dd-763c-4b26-b398-248aaf71d8e9); Time taken: 0.004 seconds
2024-04-23T21:14:43,186  INFO [main] lockmgr.DbTxnManager: Stopped heartbeat for query: alex_20240423211443_528eb3dd-763c-4b26-b398-248aaf71d8e9
2024-04-23T21:14:43,191  INFO [main] txn.TxnHandler: Expected to move at least one record from txn_components to completed_txn_components when committing txn! txnid:3
2024-04-23T21:14:43,198  INFO [main] txn.TxnHandler: Removed transactions: ([3]) from MIN_HISTORY_LEVEL
2024-04-23T21:14:43,198  WARN [main] txn.CompactionTxnHandler: No compaction queue record found for Compaction type transaction commit. txnId:3
2024-04-23T21:14:43,199  INFO [main] ql.TxnCommandsBaseForTests: Running the query: drop table if exists nonAcidOrcTbl
2024-04-23T21:14:43,200  INFO [main] ql.Driver: Compiling command(queryId=alex_20240423211443_9586131d-0371-47eb-833a-24dd53e43819): drop table if exists nonAcidOrcTbl
2024-04-23T21:14:43,202  INFO [main] txn.TxnHandler: Added entries to MIN_HISTORY_LEVEL for current txns: ([4]) with min_open_txn: 1
2024-04-23T21:14:43,203  INFO [main] lockmgr.DbTxnManager: Opened txnid:4
2024-04-23T21:14:43,204  INFO [main] HiveMetaStore.audit: ugi=alex	ip=unknown-ip-addr	cmd=get_table : tbl=hive.default.nonAcidOrcTbl	
2024-04-23T21:14:43,207  INFO [main] ql.Driver: Semantic Analysis Completed (retrial = false)
2024-04-23T21:14:43,207  INFO [main] ql.Driver: Created Hive schema: Schema(fieldSchemas:null, properties:null)
2024-04-23T21:14:43,207  INFO [main] metadata.Hive: Dumping metastore api call timing information for : compilation phase
2024-04-23T21:14:43,207  INFO [main] metadata.Hive: Total time spent in each metastore function (ms): {commitTxn_(CommitTxnRequest)=13, getValidTxns_(long)=0, flushCache_()=0, openTxn_(String, TxnType)=3, isCompatibleWith_(Configuration)=0}
2024-04-23T21:14:43,208  INFO [main] ql.Driver: Completed compiling command(queryId=alex_20240423211443_9586131d-0371-47eb-833a-24dd53e43819); Time taken: 0.008 seconds
2024-04-23T21:14:43,208  INFO [main] lockmgr.DbTxnManager: Setting lock request transaction to txnid:4 for queryId=alex_20240423211443_9586131d-0371-47eb-833a-24dd53e43819
2024-04-23T21:14:43,208  INFO [main] ql.Driver: Operation DROPTABLE obtained 0 locks
2024-04-23T21:14:43,208  INFO [main] ql.Driver: Executing command(queryId=alex_20240423211443_9586131d-0371-47eb-833a-24dd53e43819): drop table if exists nonAcidOrcTbl
2024-04-23T21:14:43,208  INFO [main] ql.Driver: Starting task [Stage-0:DDL] in serial mode
2024-04-23T21:14:43,208  INFO [main] HiveMetaStore.audit: ugi=alex	ip=unknown-ip-addr	cmd=get_table : tbl=hive.default.nonAcidOrcTbl	
2024-04-23T21:14:43,212  INFO [main] metadata.Hive: Dumping metastore api call timing information for : execution phase
2024-04-23T21:14:43,212  INFO [main] metadata.Hive: Total time spent in each metastore function (ms): {isCompatibleWith_(Configuration)=0}
2024-04-23T21:14:43,212  INFO [main] ql.Driver: Completed executing command(queryId=alex_20240423211443_9586131d-0371-47eb-833a-24dd53e43819); Time taken: 0.004 seconds
2024-04-23T21:14:43,212  INFO [main] lockmgr.DbTxnManager: Stopped heartbeat for query: alex_20240423211443_9586131d-0371-47eb-833a-24dd53e43819
2024-04-23T21:14:43,218  INFO [main] txn.TxnHandler: Expected to move at least one record from txn_components to completed_txn_components when committing txn! txnid:4
2024-04-23T21:14:43,225  INFO [main] txn.TxnHandler: Removed transactions: ([4]) from MIN_HISTORY_LEVEL
2024-04-23T21:14:43,225  WARN [main] txn.CompactionTxnHandler: No compaction queue record found for Compaction type transaction commit. txnId:4
2024-04-23T21:14:43,226  INFO [main] ql.TxnCommandsBaseForTests: Running the query: drop table if exists nonAcidOrcTbl2
2024-04-23T21:14:43,226  INFO [main] ql.Driver: Compiling command(queryId=alex_20240423211443_c041a62b-1a51-4bd4-9bba-e8957a1c03e9): drop table if exists nonAcidOrcTbl2
2024-04-23T21:14:43,230  INFO [main] txn.TxnHandler: Added entries to MIN_HISTORY_LEVEL for current txns: ([5]) with min_open_txn: 1
2024-04-23T21:14:43,230  INFO [main] lockmgr.DbTxnManager: Opened txnid:5
2024-04-23T21:14:43,231  INFO [main] HiveMetaStore.audit: ugi=alex	ip=unknown-ip-addr	cmd=get_table : tbl=hive.default.nonAcidOrcTbl2	
2024-04-23T21:14:43,235  INFO [main] ql.Driver: Semantic Analysis Completed (retrial = false)
2024-04-23T21:14:43,235  INFO [main] ql.Driver: Created Hive schema: Schema(fieldSchemas:null, properties:null)
2024-04-23T21:14:43,235  INFO [main] metadata.Hive: Dumping metastore api call timing information for : compilation phase
2024-04-23T21:14:43,235  INFO [main] metadata.Hive: Total time spent in each metastore function (ms): {flushCache_()=0, openTxn_(String, TxnType)=3, isCompatibleWith_(Configuration)=0, getValidTxns_(long)=1, commitTxn_(CommitTxnRequest)=14}
2024-04-23T21:14:43,235  INFO [main] ql.Driver: Completed compiling command(queryId=alex_20240423211443_c041a62b-1a51-4bd4-9bba-e8957a1c03e9); Time taken: 0.009 seconds
2024-04-23T21:14:43,235  INFO [main] lockmgr.DbTxnManager: Setting lock request transaction to txnid:5 for queryId=alex_20240423211443_c041a62b-1a51-4bd4-9bba-e8957a1c03e9
2024-04-23T21:14:43,235  INFO [main] ql.Driver: Operation DROPTABLE obtained 0 locks
2024-04-23T21:14:43,235  INFO [main] ql.Driver: Executing command(queryId=alex_20240423211443_c041a62b-1a51-4bd4-9bba-e8957a1c03e9): drop table if exists nonAcidOrcTbl2
2024-04-23T21:14:43,236  INFO [main] ql.Driver: Starting task [Stage-0:DDL] in serial mode
2024-04-23T21:14:43,236  INFO [main] HiveMetaStore.audit: ugi=alex	ip=unknown-ip-addr	cmd=get_table : tbl=hive.default.nonAcidOrcTbl2	
2024-04-23T21:14:43,239  INFO [main] metadata.Hive: Dumping metastore api call timing information for : execution phase
2024-04-23T21:14:43,239  INFO [main] metadata.Hive: Total time spent in each metastore function (ms): {isCompatibleWith_(Configuration)=0}
2024-04-23T21:14:43,240  INFO [main] ql.Driver: Completed executing command(queryId=alex_20240423211443_c041a62b-1a51-4bd4-9bba-e8957a1c03e9); Time taken: 0.004 seconds
2024-04-23T21:14:43,240  INFO [main] lockmgr.DbTxnManager: Stopped heartbeat for query: alex_20240423211443_c041a62b-1a51-4bd4-9bba-e8957a1c03e9
2024-04-23T21:14:43,245  INFO [main] txn.TxnHandler: Expected to move at least one record from txn_components to completed_txn_components when committing txn! txnid:5
2024-04-23T21:14:43,253  INFO [main] txn.TxnHandler: Removed transactions: ([5]) from MIN_HISTORY_LEVEL
2024-04-23T21:14:43,253  WARN [main] txn.CompactionTxnHandler: No compaction queue record found for Compaction type transaction commit. txnId:5
2024-04-23T21:14:43,253  INFO [main] ql.TxnCommandsBaseForTests: Running the query: drop table if exists nonAcidNonBucket
2024-04-23T21:14:43,254  INFO [main] ql.Driver: Compiling command(queryId=alex_20240423211443_18a8d287-ba5b-4b6a-9f77-05d8e688ad92): drop table if exists nonAcidNonBucket
2024-04-23T21:14:43,256  INFO [main] txn.TxnHandler: Added entries to MIN_HISTORY_LEVEL for current txns: ([6]) with min_open_txn: 1
2024-04-23T21:14:43,257  INFO [main] lockmgr.DbTxnManager: Opened txnid:6
2024-04-23T21:14:43,257  INFO [main] HiveMetaStore.audit: ugi=alex	ip=unknown-ip-addr	cmd=get_table : tbl=hive.default.nonAcidNonBucket	
2024-04-23T21:14:43,261  INFO [main] ql.Driver: Semantic Analysis Completed (retrial = false)
2024-04-23T21:14:43,261  INFO [main] ql.Driver: Created Hive schema: Schema(fieldSchemas:null, properties:null)
2024-04-23T21:14:43,261  INFO [main] metadata.Hive: Dumping metastore api call timing information for : compilation phase
2024-04-23T21:14:43,261  INFO [main] metadata.Hive: Total time spent in each metastore function (ms): {getValidTxns_(long)=0, commitTxn_(CommitTxnRequest)=13, flushCache_()=0, isCompatibleWith_(Configuration)=0, openTxn_(String, TxnType)=3}
2024-04-23T21:14:43,261  INFO [main] ql.Driver: Completed compiling command(queryId=alex_20240423211443_18a8d287-ba5b-4b6a-9f77-05d8e688ad92); Time taken: 0.007 seconds
2024-04-23T21:14:43,261  INFO [main] lockmgr.DbTxnManager: Setting lock request transaction to txnid:6 for queryId=alex_20240423211443_18a8d287-ba5b-4b6a-9f77-05d8e688ad92
2024-04-23T21:14:43,261  INFO [main] ql.Driver: Operation DROPTABLE obtained 0 locks
2024-04-23T21:14:43,262  INFO [main] ql.Driver: Executing command(queryId=alex_20240423211443_18a8d287-ba5b-4b6a-9f77-05d8e688ad92): drop table if exists nonAcidNonBucket
2024-04-23T21:14:43,262  INFO [main] ql.Driver: Starting task [Stage-0:DDL] in serial mode
2024-04-23T21:14:43,262  INFO [main] HiveMetaStore.audit: ugi=alex	ip=unknown-ip-addr	cmd=get_table : tbl=hive.default.nonAcidNonBucket	
2024-04-23T21:14:43,267  INFO [main] metadata.Hive: Dumping metastore api call timing information for : execution phase
2024-04-23T21:14:43,267  INFO [main] metadata.Hive: Total time spent in each metastore function (ms): {isCompatibleWith_(Configuration)=0}
2024-04-23T21:14:43,267  INFO [main] ql.Driver: Completed executing command(queryId=alex_20240423211443_18a8d287-ba5b-4b6a-9f77-05d8e688ad92); Time taken: 0.005 seconds
2024-04-23T21:14:43,267  INFO [main] lockmgr.DbTxnManager: Stopped heartbeat for query: alex_20240423211443_18a8d287-ba5b-4b6a-9f77-05d8e688ad92
2024-04-23T21:14:43,272  INFO [main] txn.TxnHandler: Expected to move at least one record from txn_components to completed_txn_components when committing txn! txnid:6
2024-04-23T21:14:43,278  INFO [main] txn.TxnHandler: Removed transactions: ([6]) from MIN_HISTORY_LEVEL
2024-04-23T21:14:43,278  WARN [main] txn.CompactionTxnHandler: No compaction queue record found for Compaction type transaction commit. txnId:6
2024-04-23T21:14:43,279  INFO [main] ql.TxnCommandsBaseForTests: Running the query: create table acidTbl(a int, b int) clustered by (a) into 2 buckets stored as orc TBLPROPERTIES ('transactional'='true')
2024-04-23T21:14:43,279  INFO [main] ql.Driver: Compiling command(queryId=alex_20240423211443_25201b77-a288-4421-abbb-9f1820a9087f): create table acidTbl(a int, b int) clustered by (a) into 2 buckets stored as orc TBLPROPERTIES ('transactional'='true')
2024-04-23T21:14:43,282  INFO [main] txn.TxnHandler: Added entries to MIN_HISTORY_LEVEL for current txns: ([7]) with min_open_txn: 1
2024-04-23T21:14:43,282  INFO [main] lockmgr.DbTxnManager: Opened txnid:7
2024-04-23T21:14:43,283  INFO [main] parse.CalcitePlanner: Starting caching scope for: 
2024-04-23T21:14:43,283  INFO [main] parse.CalcitePlanner: Starting Semantic Analysis
2024-04-23T21:14:43,289  INFO [main] parse.CalcitePlanner: Creating table default.acidTbl position=13
2024-04-23T21:14:43,289  INFO [main] HiveMetaStore.audit: ugi=alex	ip=unknown-ip-addr	cmd=get_database: default	
2024-04-23T21:14:43,291  INFO [main] parse.CalcitePlanner: Ending caching scope for: 
2024-04-23T21:14:43,291  INFO [main] ql.Driver: Semantic Analysis Completed (retrial = false)
2024-04-23T21:14:43,291  INFO [main] ql.Driver: Created Hive schema: Schema(fieldSchemas:null, properties:null)
2024-04-23T21:14:43,291  INFO [main] metadata.Hive: Dumping metastore api call timing information for : compilation phase
2024-04-23T21:14:43,291  INFO [main] metadata.Hive: Total time spent in each metastore function (ms): {commitTxn_(CommitTxnRequest)=11, getValidWriteIds_(List, String)=6, flushCache_()=0, getValidTxns_(long)=1, getDatabase_(String)=2, isCompatibleWith_(Configuration)=0, openTxn_(String, TxnType)=2}
2024-04-23T21:14:43,291  INFO [main] ql.Driver: Completed compiling command(queryId=alex_20240423211443_25201b77-a288-4421-abbb-9f1820a9087f); Time taken: 0.012 seconds
2024-04-23T21:14:43,292  INFO [main] lockmgr.DbTxnManager: Setting lock request transaction to txnid:7 for queryId=alex_20240423211443_25201b77-a288-4421-abbb-9f1820a9087f
2024-04-23T21:14:43,292  INFO [main] lockmgr.DbLockManager: Requesting lock for queryId=alex_20240423211443_25201b77-a288-4421-abbb-9f1820a9087f
2024-04-23T21:14:43,313  INFO [main] lockmgr.DbLockManager: Response to queryId=alex_20240423211443_25201b77-a288-4421-abbb-9f1820a9087f LockResponse(lockid:1, state:ACQUIRED)
2024-04-23T21:14:43,313  INFO [main] ql.Driver: Operation CREATETABLE obtained 1 locks
2024-04-23T21:14:43,314  INFO [main] ql.Driver: Executing command(queryId=alex_20240423211443_25201b77-a288-4421-abbb-9f1820a9087f): create table acidTbl(a int, b int) clustered by (a) into 2 buckets stored as orc TBLPROPERTIES ('transactional'='true')
2024-04-23T21:14:43,314  INFO [main] ql.Driver: Starting task [Stage-0:DDL] in serial mode
2024-04-23T21:14:43,315  INFO [main] HiveMetaStore.audit: ugi=alex	ip=unknown-ip-addr	cmd=create_table_req: Table(tableName:acidTbl, dbName:default, owner:alex, createTime:1713932083, lastAccessTime:0, retention:0, sd:StorageDescriptor(cols:[FieldSchema(name:a, type:int, comment:null), FieldSchema(name:b, type:int, comment:null)], location:null, inputFormat:org.apache.hadoop.hive.ql.io.orc.OrcInputFormat, outputFormat:org.apache.hadoop.hive.ql.io.orc.OrcOutputFormat, compressed:false, numBuckets:2, serdeInfo:SerDeInfo(name:null, serializationLib:org.apache.hadoop.hive.ql.io.orc.OrcSerde, parameters:{serialization.format=1}), bucketCols:[a], sortCols:[], parameters:{}, skewedInfo:SkewedInfo(skewedColNames:[], skewedColValues:[], skewedColValueLocationMaps:{}), storedAsSubDirectories:false), partitionKeys:[], parameters:{rawDataSize=0, COLUMN_STATS_ACCURATE={"BASIC_STATS":"true","COLUMN_STATS":{"a":"true","b":"true"}}, numFilesErasureCoded=0, numFiles=0, bucketing_version=2, totalSize=0, numRows=0, transactional=true}, viewOriginalText:null, viewExpandedText:null, tableType:MANAGED_TABLE, privileges:PrincipalPrivilegeSet(userPrivileges:{alex=[PrivilegeGrantInfo(privilege:INSERT, createTime:-1, grantor:alex, grantorType:USER, grantOption:true), PrivilegeGrantInfo(privilege:SELECT, createTime:-1, grantor:alex, grantorType:USER, grantOption:true), PrivilegeGrantInfo(privilege:UPDATE, createTime:-1, grantor:alex, grantorType:USER, grantOption:true), PrivilegeGrantInfo(privilege:DELETE, createTime:-1, grantor:alex, grantorType:USER, grantOption:true)]}, groupPrivileges:null, rolePrivileges:null), temporary:false, catName:hive, ownerType:USER, writeId:0)	
2024-04-23T21:14:43,321  INFO [main] utils.FileUtils: Creating directory if it doesn't exist: file:/home/alex/Repositories/hive/ql/target/tmp/org.apache.hadoop.hive.ql.TestTxnNoBuckets-1713932056679/warehouse/acidtbl
2024-04-23T21:14:43,362  INFO [main] metadata.Hive: Dumping metastore api call timing information for : execution phase
2024-04-23T21:14:43,362  INFO [main] metadata.Hive: Total time spent in each metastore function (ms): {createTable_(Table)=47, isCompatibleWith_(Configuration)=0}
2024-04-23T21:14:43,363  INFO [main] ql.Driver: Completed executing command(queryId=alex_20240423211443_25201b77-a288-4421-abbb-9f1820a9087f); Time taken: 0.048 seconds
2024-04-23T21:14:43,363  INFO [main] lockmgr.DbTxnManager: Stopped heartbeat for query: alex_20240423211443_25201b77-a288-4421-abbb-9f1820a9087f
2024-04-23T21:14:43,367  INFO [main] txn.TxnHandler: Expected to move at least one record from txn_components to completed_txn_components when committing txn! txnid:7
2024-04-23T21:14:43,375  INFO [main] txn.TxnHandler: Removed transactions: ([7]) from MIN_HISTORY_LEVEL
2024-04-23T21:14:43,375  WARN [main] txn.CompactionTxnHandler: No compaction queue record found for Compaction type transaction commit. txnId:7
2024-04-23T21:14:43,376  INFO [main] ql.TxnCommandsBaseForTests: Running the query: create table acidTblPart(a int, b int) partitioned by (p string) clustered by (a) into 2 buckets stored as orc TBLPROPERTIES ('transactional'='true')
2024-04-23T21:14:43,376  INFO [main] ql.Driver: Compiling command(queryId=alex_20240423211443_3bebb0d7-1d78-4cca-9136-5a988b490b7a): create table acidTblPart(a int, b int) partitioned by (p string) clustered by (a) into 2 buckets stored as orc TBLPROPERTIES ('transactional'='true')
2024-04-23T21:14:43,380  INFO [main] txn.TxnHandler: Added entries to MIN_HISTORY_LEVEL for current txns: ([8]) with min_open_txn: 1
2024-04-23T21:14:43,380  INFO [main] lockmgr.DbTxnManager: Opened txnid:8
2024-04-23T21:14:43,381  INFO [main] parse.CalcitePlanner: Starting caching scope for: 
2024-04-23T21:14:43,381  INFO [main] parse.CalcitePlanner: Starting Semantic Analysis
2024-04-23T21:14:43,384  INFO [main] parse.CalcitePlanner: Creating table default.acidTblPart position=13
2024-04-23T21:14:43,384  INFO [main] HiveMetaStore.audit: ugi=alex	ip=unknown-ip-addr	cmd=get_database: default	
2024-04-23T21:14:43,386  INFO [main] parse.CalcitePlanner: Ending caching scope for: 
2024-04-23T21:14:43,386  INFO [main] ql.Driver: Semantic Analysis Completed (retrial = false)
2024-04-23T21:14:43,386  INFO [main] ql.Driver: Created Hive schema: Schema(fieldSchemas:null, properties:null)
2024-04-23T21:14:43,386  INFO [main] metadata.Hive: Dumping metastore api call timing information for : compilation phase
2024-04-23T21:14:43,386  INFO [main] metadata.Hive: Total time spent in each metastore function (ms): {getDatabase_(String)=2, openTxn_(String, TxnType)=3, getValidWriteIds_(List, String)=2, isCompatibleWith_(Configuration)=0, flushCache_()=0, commitTxn_(CommitTxnRequest)=12, getValidTxns_(long)=0}
2024-04-23T21:14:43,387  INFO [main] ql.Driver: Completed compiling command(queryId=alex_20240423211443_3bebb0d7-1d78-4cca-9136-5a988b490b7a); Time taken: 0.01 seconds
2024-04-23T21:14:43,387  INFO [main] lockmgr.DbTxnManager: Setting lock request transaction to txnid:8 for queryId=alex_20240423211443_3bebb0d7-1d78-4cca-9136-5a988b490b7a
2024-04-23T21:14:43,387  INFO [main] lockmgr.DbLockManager: Requesting lock for queryId=alex_20240423211443_3bebb0d7-1d78-4cca-9136-5a988b490b7a
2024-04-23T21:14:43,404  INFO [main] lockmgr.DbLockManager: Response to queryId=alex_20240423211443_3bebb0d7-1d78-4cca-9136-5a988b490b7a LockResponse(lockid:2, state:ACQUIRED)
2024-04-23T21:14:43,404  INFO [main] ql.Driver: Operation CREATETABLE obtained 1 locks
2024-04-23T21:14:43,405  INFO [main] ql.Driver: Executing command(queryId=alex_20240423211443_3bebb0d7-1d78-4cca-9136-5a988b490b7a): create table acidTblPart(a int, b int) partitioned by (p string) clustered by (a) into 2 buckets stored as orc TBLPROPERTIES ('transactional'='true')
2024-04-23T21:14:43,406  INFO [main] ql.Driver: Starting task [Stage-0:DDL] in serial mode
2024-04-23T21:14:43,407  INFO [main] HiveMetaStore.audit: ugi=alex	ip=unknown-ip-addr	cmd=create_table_req: Table(tableName:acidTblPart, dbName:default, owner:alex, createTime:1713932083, lastAccessTime:0, retention:0, sd:StorageDescriptor(cols:[FieldSchema(name:a, type:int, comment:null), FieldSchema(name:b, type:int, comment:null)], location:null, inputFormat:org.apache.hadoop.hive.ql.io.orc.OrcInputFormat, outputFormat:org.apache.hadoop.hive.ql.io.orc.OrcOutputFormat, compressed:false, numBuckets:2, serdeInfo:SerDeInfo(name:null, serializationLib:org.apache.hadoop.hive.ql.io.orc.OrcSerde, parameters:{serialization.format=1}), bucketCols:[a], sortCols:[], parameters:{}, skewedInfo:SkewedInfo(skewedColNames:[], skewedColValues:[], skewedColValueLocationMaps:{}), storedAsSubDirectories:false), partitionKeys:[FieldSchema(name:p, type:string, comment:null)], parameters:{transactional=true, bucketing_version=2}, viewOriginalText:null, viewExpandedText:null, tableType:MANAGED_TABLE, privileges:PrincipalPrivilegeSet(userPrivileges:{alex=[PrivilegeGrantInfo(privilege:INSERT, createTime:-1, grantor:alex, grantorType:USER, grantOption:true), PrivilegeGrantInfo(privilege:SELECT, createTime:-1, grantor:alex, grantorType:USER, grantOption:true), PrivilegeGrantInfo(privilege:UPDATE, createTime:-1, grantor:alex, grantorType:USER, grantOption:true), PrivilegeGrantInfo(privilege:DELETE, createTime:-1, grantor:alex, grantorType:USER, grantOption:true)]}, groupPrivileges:null, rolePrivileges:null), temporary:false, catName:hive, ownerType:USER, writeId:0)	
2024-04-23T21:14:43,413  INFO [main] utils.FileUtils: Creating directory if it doesn't exist: file:/home/alex/Repositories/hive/ql/target/tmp/org.apache.hadoop.hive.ql.TestTxnNoBuckets-1713932056679/warehouse/acidtblpart
2024-04-23T21:14:43,436  INFO [main] metadata.Hive: Dumping metastore api call timing information for : execution phase
2024-04-23T21:14:43,436  INFO [main] metadata.Hive: Total time spent in each metastore function (ms): {isCompatibleWith_(Configuration)=0, createTable_(Table)=30}
2024-04-23T21:14:43,437  INFO [main] ql.Driver: Completed executing command(queryId=alex_20240423211443_3bebb0d7-1d78-4cca-9136-5a988b490b7a); Time taken: 0.031 seconds
2024-04-23T21:14:43,437  INFO [main] lockmgr.DbTxnManager: Stopped heartbeat for query: alex_20240423211443_3bebb0d7-1d78-4cca-9136-5a988b490b7a
2024-04-23T21:14:43,442  INFO [main] txn.TxnHandler: Expected to move at least one record from txn_components to completed_txn_components when committing txn! txnid:8
2024-04-23T21:14:43,449  INFO [main] txn.TxnHandler: Removed transactions: ([8]) from MIN_HISTORY_LEVEL
2024-04-23T21:14:43,450  WARN [main] txn.CompactionTxnHandler: No compaction queue record found for Compaction type transaction commit. txnId:8
2024-04-23T21:14:43,450  INFO [main] ql.TxnCommandsBaseForTests: Running the query: create table nonAcidOrcTbl(a int, b int) clustered by (a) into 2 buckets stored as orc TBLPROPERTIES ('transactional'='false')
2024-04-23T21:14:43,451  INFO [main] ql.Driver: Compiling command(queryId=alex_20240423211443_a7e2ce70-11b3-49de-971a-139b425bbfec): create table nonAcidOrcTbl(a int, b int) clustered by (a) into 2 buckets stored as orc TBLPROPERTIES ('transactional'='false')
2024-04-23T21:14:43,454  INFO [main] txn.TxnHandler: Added entries to MIN_HISTORY_LEVEL for current txns: ([9]) with min_open_txn: 1
2024-04-23T21:14:43,455  INFO [main] lockmgr.DbTxnManager: Opened txnid:9
2024-04-23T21:14:43,455  INFO [main] parse.CalcitePlanner: Starting caching scope for: 
2024-04-23T21:14:43,456  INFO [main] parse.CalcitePlanner: Starting Semantic Analysis
2024-04-23T21:14:43,459  INFO [main] parse.CalcitePlanner: Creating table default.nonAcidOrcTbl position=13
2024-04-23T21:14:43,459  INFO [main] HiveMetaStore.audit: ugi=alex	ip=unknown-ip-addr	cmd=get_database: default	
2024-04-23T21:14:43,461  INFO [main] parse.CalcitePlanner: Ending caching scope for: 
2024-04-23T21:14:43,461  INFO [main] ql.Driver: Semantic Analysis Completed (retrial = false)
2024-04-23T21:14:43,461  INFO [main] ql.Driver: Created Hive schema: Schema(fieldSchemas:null, properties:null)
2024-04-23T21:14:43,462  INFO [main] metadata.Hive: Dumping metastore api call timing information for : compilation phase
2024-04-23T21:14:43,462  INFO [main] metadata.Hive: Total time spent in each metastore function (ms): {openTxn_(String, TxnType)=3, flushCache_()=0, getDatabase_(String)=2, commitTxn_(CommitTxnRequest)=13, getValidTxns_(long)=0, isCompatibleWith_(Configuration)=1, getValidWriteIds_(List, String)=2}
2024-04-23T21:14:43,462  INFO [main] ql.Driver: Completed compiling command(queryId=alex_20240423211443_a7e2ce70-11b3-49de-971a-139b425bbfec); Time taken: 0.011 seconds
2024-04-23T21:14:43,462  INFO [main] lockmgr.DbTxnManager: Setting lock request transaction to txnid:9 for queryId=alex_20240423211443_a7e2ce70-11b3-49de-971a-139b425bbfec
2024-04-23T21:14:43,463  INFO [main] lockmgr.DbLockManager: Requesting lock for queryId=alex_20240423211443_a7e2ce70-11b3-49de-971a-139b425bbfec
2024-04-23T21:14:43,479  INFO [main] lockmgr.DbLockManager: Response to queryId=alex_20240423211443_a7e2ce70-11b3-49de-971a-139b425bbfec LockResponse(lockid:3, state:ACQUIRED)
2024-04-23T21:14:43,479  INFO [main] ql.Driver: Operation CREATETABLE obtained 1 locks
2024-04-23T21:14:43,479  INFO [main] ql.Driver: Executing command(queryId=alex_20240423211443_a7e2ce70-11b3-49de-971a-139b425bbfec): create table nonAcidOrcTbl(a int, b int) clustered by (a) into 2 buckets stored as orc TBLPROPERTIES ('transactional'='false')
2024-04-23T21:14:43,480  INFO [main] ql.Driver: Starting task [Stage-0:DDL] in serial mode
2024-04-23T21:14:43,481  INFO [main] HiveMetaStore.audit: ugi=alex	ip=unknown-ip-addr	cmd=create_table_req: Table(tableName:nonAcidOrcTbl, dbName:default, owner:alex, createTime:1713932083, lastAccessTime:0, retention:0, sd:StorageDescriptor(cols:[FieldSchema(name:a, type:int, comment:null), FieldSchema(name:b, type:int, comment:null)], location:null, inputFormat:org.apache.hadoop.hive.ql.io.orc.OrcInputFormat, outputFormat:org.apache.hadoop.hive.ql.io.orc.OrcOutputFormat, compressed:false, numBuckets:2, serdeInfo:SerDeInfo(name:null, serializationLib:org.apache.hadoop.hive.ql.io.orc.OrcSerde, parameters:{serialization.format=1}), bucketCols:[a], sortCols:[], parameters:{}, skewedInfo:SkewedInfo(skewedColNames:[], skewedColValues:[], skewedColValueLocationMaps:{}), storedAsSubDirectories:false), partitionKeys:[], parameters:{transactional=false, numFilesErasureCoded=0, numRows=0, totalSize=0, rawDataSize=0, numFiles=0, COLUMN_STATS_ACCURATE={"BASIC_STATS":"true","COLUMN_STATS":{"a":"true","b":"true"}}, bucketing_version=2}, viewOriginalText:null, viewExpandedText:null, tableType:MANAGED_TABLE, privileges:PrincipalPrivilegeSet(userPrivileges:{alex=[PrivilegeGrantInfo(privilege:INSERT, createTime:-1, grantor:alex, grantorType:USER, grantOption:true), PrivilegeGrantInfo(privilege:SELECT, createTime:-1, grantor:alex, grantorType:USER, grantOption:true), PrivilegeGrantInfo(privilege:UPDATE, createTime:-1, grantor:alex, grantorType:USER, grantOption:true), PrivilegeGrantInfo(privilege:DELETE, createTime:-1, grantor:alex, grantorType:USER, grantOption:true)]}, groupPrivileges:null, rolePrivileges:null), temporary:false, catName:hive, ownerType:USER)	
2024-04-23T21:14:43,487  INFO [main] utils.FileUtils: Creating directory if it doesn't exist: file:/home/alex/Repositories/hive/ql/target/tmp/org.apache.hadoop.hive.ql.TestTxnNoBuckets-1713932056679/warehouse/nonacidorctbl
2024-04-23T21:14:43,504  INFO [main] metadata.Hive: Dumping metastore api call timing information for : execution phase
2024-04-23T21:14:43,504  INFO [main] metadata.Hive: Total time spent in each metastore function (ms): {createTable_(Table)=23, isCompatibleWith_(Configuration)=0}
2024-04-23T21:14:43,504  INFO [main] ql.Driver: Completed executing command(queryId=alex_20240423211443_a7e2ce70-11b3-49de-971a-139b425bbfec); Time taken: 0.025 seconds
2024-04-23T21:14:43,504  INFO [main] lockmgr.DbTxnManager: Stopped heartbeat for query: alex_20240423211443_a7e2ce70-11b3-49de-971a-139b425bbfec
2024-04-23T21:14:43,509  INFO [main] txn.TxnHandler: Expected to move at least one record from txn_components to completed_txn_components when committing txn! txnid:9
2024-04-23T21:14:43,631  INFO [main] txn.TxnHandler: Removed transactions: ([9]) from MIN_HISTORY_LEVEL
2024-04-23T21:14:43,632  WARN [main] txn.CompactionTxnHandler: No compaction queue record found for Compaction type transaction commit. txnId:9
2024-04-23T21:14:43,632  INFO [main] ql.TxnCommandsBaseForTests: Running the query: create table nonAcidOrcTbl2(a int, b int) clustered by (a) into 2 buckets stored as orc TBLPROPERTIES ('transactional'='false')
2024-04-23T21:14:43,633  INFO [main] ql.Driver: Compiling command(queryId=alex_20240423211443_9605a3c1-be16-4599-b853-5aa53465563e): create table nonAcidOrcTbl2(a int, b int) clustered by (a) into 2 buckets stored as orc TBLPROPERTIES ('transactional'='false')
2024-04-23T21:14:43,637  INFO [main] txn.TxnHandler: Added entries to MIN_HISTORY_LEVEL for current txns: ([10]) with min_open_txn: 1
2024-04-23T21:14:43,637  INFO [main] lockmgr.DbTxnManager: Opened txnid:10
2024-04-23T21:14:43,638  INFO [main] parse.CalcitePlanner: Starting caching scope for: 
2024-04-23T21:14:43,638  INFO [main] parse.CalcitePlanner: Starting Semantic Analysis
2024-04-23T21:14:43,641  INFO [main] parse.CalcitePlanner: Creating table default.nonAcidOrcTbl2 position=13
2024-04-23T21:14:43,642  INFO [main] HiveMetaStore.audit: ugi=alex	ip=unknown-ip-addr	cmd=get_database: default	
2024-04-23T21:14:43,644  INFO [main] parse.CalcitePlanner: Ending caching scope for: 
2024-04-23T21:14:43,644  INFO [main] ql.Driver: Semantic Analysis Completed (retrial = false)
2024-04-23T21:14:43,644  INFO [main] ql.Driver: Created Hive schema: Schema(fieldSchemas:null, properties:null)
2024-04-23T21:14:43,644  INFO [main] metadata.Hive: Dumping metastore api call timing information for : compilation phase
2024-04-23T21:14:43,644  INFO [main] metadata.Hive: Total time spent in each metastore function (ms): {getValidWriteIds_(List, String)=3, getValidTxns_(long)=0, getDatabase_(String)=2, openTxn_(String, TxnType)=2, isCompatibleWith_(Configuration)=2, commitTxn_(CommitTxnRequest)=127, flushCache_()=0}
2024-04-23T21:14:43,644  INFO [main] ql.Driver: Completed compiling command(queryId=alex_20240423211443_9605a3c1-be16-4599-b853-5aa53465563e); Time taken: 0.011 seconds
2024-04-23T21:14:43,644  INFO [main] lockmgr.DbTxnManager: Setting lock request transaction to txnid:10 for queryId=alex_20240423211443_9605a3c1-be16-4599-b853-5aa53465563e
2024-04-23T21:14:43,645  INFO [main] lockmgr.DbLockManager: Requesting lock for queryId=alex_20240423211443_9605a3c1-be16-4599-b853-5aa53465563e
2024-04-23T21:14:43,661  INFO [main] lockmgr.DbLockManager: Response to queryId=alex_20240423211443_9605a3c1-be16-4599-b853-5aa53465563e LockResponse(lockid:4, state:ACQUIRED)
2024-04-23T21:14:43,661  INFO [main] ql.Driver: Operation CREATETABLE obtained 1 locks
2024-04-23T21:14:43,661  INFO [main] ql.Driver: Executing command(queryId=alex_20240423211443_9605a3c1-be16-4599-b853-5aa53465563e): create table nonAcidOrcTbl2(a int, b int) clustered by (a) into 2 buckets stored as orc TBLPROPERTIES ('transactional'='false')
2024-04-23T21:14:43,661  INFO [main] ql.Driver: Starting task [Stage-0:DDL] in serial mode
2024-04-23T21:14:43,662  INFO [main] HiveMetaStore.audit: ugi=alex	ip=unknown-ip-addr	cmd=create_table_req: Table(tableName:nonAcidOrcTbl2, dbName:default, owner:alex, createTime:1713932083, lastAccessTime:0, retention:0, sd:StorageDescriptor(cols:[FieldSchema(name:a, type:int, comment:null), FieldSchema(name:b, type:int, comment:null)], location:null, inputFormat:org.apache.hadoop.hive.ql.io.orc.OrcInputFormat, outputFormat:org.apache.hadoop.hive.ql.io.orc.OrcOutputFormat, compressed:false, numBuckets:2, serdeInfo:SerDeInfo(name:null, serializationLib:org.apache.hadoop.hive.ql.io.orc.OrcSerde, parameters:{serialization.format=1}), bucketCols:[a], sortCols:[], parameters:{}, skewedInfo:SkewedInfo(skewedColNames:[], skewedColValues:[], skewedColValueLocationMaps:{}), storedAsSubDirectories:false), partitionKeys:[], parameters:{transactional=false, totalSize=0, bucketing_version=2, COLUMN_STATS_ACCURATE={"BASIC_STATS":"true","COLUMN_STATS":{"a":"true","b":"true"}}, numFilesErasureCoded=0, numFiles=0, rawDataSize=0, numRows=0}, viewOriginalText:null, viewExpandedText:null, tableType:MANAGED_TABLE, privileges:PrincipalPrivilegeSet(userPrivileges:{alex=[PrivilegeGrantInfo(privilege:INSERT, createTime:-1, grantor:alex, grantorType:USER, grantOption:true), PrivilegeGrantInfo(privilege:SELECT, createTime:-1, grantor:alex, grantorType:USER, grantOption:true), PrivilegeGrantInfo(privilege:UPDATE, createTime:-1, grantor:alex, grantorType:USER, grantOption:true), PrivilegeGrantInfo(privilege:DELETE, createTime:-1, grantor:alex, grantorType:USER, grantOption:true)]}, groupPrivileges:null, rolePrivileges:null), temporary:false, catName:hive, ownerType:USER)	
2024-04-23T21:14:43,668  INFO [main] utils.FileUtils: Creating directory if it doesn't exist: file:/home/alex/Repositories/hive/ql/target/tmp/org.apache.hadoop.hive.ql.TestTxnNoBuckets-1713932056679/warehouse/nonacidorctbl2
2024-04-23T21:14:43,685  INFO [main] metadata.Hive: Dumping metastore api call timing information for : execution phase
2024-04-23T21:14:43,685  INFO [main] metadata.Hive: Total time spent in each metastore function (ms): {isCompatibleWith_(Configuration)=0, createTable_(Table)=23}
2024-04-23T21:14:43,685  INFO [main] ql.Driver: Completed executing command(queryId=alex_20240423211443_9605a3c1-be16-4599-b853-5aa53465563e); Time taken: 0.024 seconds
2024-04-23T21:14:43,685  INFO [main] lockmgr.DbTxnManager: Stopped heartbeat for query: alex_20240423211443_9605a3c1-be16-4599-b853-5aa53465563e
2024-04-23T21:14:43,689  INFO [main] txn.TxnHandler: Expected to move at least one record from txn_components to completed_txn_components when committing txn! txnid:10
2024-04-23T21:14:43,695  INFO [main] txn.TxnHandler: Removed transactions: ([10]) from MIN_HISTORY_LEVEL
2024-04-23T21:14:43,695  WARN [main] txn.CompactionTxnHandler: No compaction queue record found for Compaction type transaction commit. txnId:10
2024-04-23T21:14:43,696  INFO [main] ql.TxnCommandsBaseForTests: Running the query: create temporary  table acidTbl2(a int, b int, c int) clustered by (c) into 2 buckets stored as orc TBLPROPERTIES ('transactional'='true')
2024-04-23T21:14:43,697  INFO [main] ql.Driver: Compiling command(queryId=alex_20240423211443_41d0e7a1-8723-4f71-91ed-d7399b0c0fd6): create temporary  table acidTbl2(a int, b int, c int) clustered by (c) into 2 buckets stored as orc TBLPROPERTIES ('transactional'='true')
2024-04-23T21:14:43,700  INFO [main] txn.TxnHandler: Added entries to MIN_HISTORY_LEVEL for current txns: ([11]) with min_open_txn: 1
2024-04-23T21:14:43,700  INFO [main] lockmgr.DbTxnManager: Opened txnid:11
2024-04-23T21:14:43,701  INFO [main] parse.CalcitePlanner: Starting caching scope for: 
2024-04-23T21:14:43,701  INFO [main] parse.CalcitePlanner: Starting Semantic Analysis
2024-04-23T21:14:43,704  INFO [main] parse.CalcitePlanner: Creating table default.acidTbl2 position=24
2024-04-23T21:14:43,705  INFO [main] HiveMetaStore.audit: ugi=alex	ip=unknown-ip-addr	cmd=get_database: default	
2024-04-23T21:14:43,708  INFO [main] parse.CalcitePlanner: Ending caching scope for: 
2024-04-23T21:14:43,708  INFO [main] ql.Driver: Semantic Analysis Completed (retrial = false)
2024-04-23T21:14:43,708  INFO [main] ql.Driver: Created Hive schema: Schema(fieldSchemas:null, properties:null)
2024-04-23T21:14:43,708  INFO [main] metadata.Hive: Dumping metastore api call timing information for : compilation phase
2024-04-23T21:14:43,708  INFO [main] metadata.Hive: Total time spent in each metastore function (ms): {flushCache_()=0, openTxn_(String, TxnType)=3, commitTxn_(CommitTxnRequest)=10, getDatabase_(String)=2, isCompatibleWith_(Configuration)=2, getValidWriteIds_(List, String)=3, getValidTxns_(long)=0}
2024-04-23T21:14:43,708  INFO [main] ql.Driver: Completed compiling command(queryId=alex_20240423211443_41d0e7a1-8723-4f71-91ed-d7399b0c0fd6); Time taken: 0.011 seconds
2024-04-23T21:14:43,709  INFO [main] lockmgr.DbTxnManager: Setting lock request transaction to txnid:11 for queryId=alex_20240423211443_41d0e7a1-8723-4f71-91ed-d7399b0c0fd6
2024-04-23T21:14:43,709  INFO [main] lockmgr.DbLockManager: Requesting lock for queryId=alex_20240423211443_41d0e7a1-8723-4f71-91ed-d7399b0c0fd6
2024-04-23T21:14:43,730  INFO [main] lockmgr.DbLockManager: Response to queryId=alex_20240423211443_41d0e7a1-8723-4f71-91ed-d7399b0c0fd6 LockResponse(lockid:5, state:ACQUIRED)
2024-04-23T21:14:43,730  INFO [main] ql.Driver: Operation CREATETABLE obtained 1 locks
2024-04-23T21:14:43,731  INFO [main] ql.Driver: Executing command(queryId=alex_20240423211443_41d0e7a1-8723-4f71-91ed-d7399b0c0fd6): create temporary  table acidTbl2(a int, b int, c int) clustered by (c) into 2 buckets stored as orc TBLPROPERTIES ('transactional'='true')
2024-04-23T21:14:43,731  INFO [main] ql.Driver: Starting task [Stage-0:DDL] in serial mode
2024-04-23T21:14:43,732  INFO [main] utils.FileUtils: Creating directory if it doesn't exist: file:/home/alex/Repositories/hive/ql/target/tmp/scratchdir/alex/c896a1fb-210a-4f53-aacd-b68a5f5adf47/_tmp_space.db/83550090-a72c-487f-88e8-1149f2732e40
2024-04-23T21:14:43,735  INFO [main] metadata.Hive: Dumping metastore api call timing information for : execution phase
2024-04-23T21:14:43,735  INFO [main] metadata.Hive: Total time spent in each metastore function (ms): {isCompatibleWith_(Configuration)=0, createTable_(Table)=3}
2024-04-23T21:14:43,736  INFO [main] ql.Driver: Completed executing command(queryId=alex_20240423211443_41d0e7a1-8723-4f71-91ed-d7399b0c0fd6); Time taken: 0.004 seconds
2024-04-23T21:14:43,736  INFO [main] lockmgr.DbTxnManager: Stopped heartbeat for query: alex_20240423211443_41d0e7a1-8723-4f71-91ed-d7399b0c0fd6
2024-04-23T21:14:43,741  INFO [main] txn.TxnHandler: Expected to move at least one record from txn_components to completed_txn_components when committing txn! txnid:11
2024-04-23T21:14:43,748  INFO [main] txn.TxnHandler: Removed transactions: ([11]) from MIN_HISTORY_LEVEL
2024-04-23T21:14:43,748  WARN [main] txn.CompactionTxnHandler: No compaction queue record found for Compaction type transaction commit. txnId:11
2024-04-23T21:14:43,749  INFO [main] ql.TxnCommandsBaseForTests: Running the query: create table nonAcidNonBucket(a int, b int) stored as orc TBLPROPERTIES ('transactional'='false')
2024-04-23T21:14:43,750  INFO [main] ql.Driver: Compiling command(queryId=alex_20240423211443_e42e4133-2702-47f4-a854-f10d0ffab758): create table nonAcidNonBucket(a int, b int) stored as orc TBLPROPERTIES ('transactional'='false')
2024-04-23T21:14:43,754  INFO [main] txn.TxnHandler: Added entries to MIN_HISTORY_LEVEL for current txns: ([12]) with min_open_txn: 1
2024-04-23T21:14:43,754  INFO [main] lockmgr.DbTxnManager: Opened txnid:12
2024-04-23T21:14:43,755  INFO [main] parse.CalcitePlanner: Starting caching scope for: 
2024-04-23T21:14:43,755  INFO [main] parse.CalcitePlanner: Starting Semantic Analysis
2024-04-23T21:14:43,759  INFO [main] parse.CalcitePlanner: Creating table default.nonAcidNonBucket position=13
2024-04-23T21:14:43,759  INFO [main] HiveMetaStore.audit: ugi=alex	ip=unknown-ip-addr	cmd=get_database: default	
2024-04-23T21:14:43,761  INFO [main] parse.CalcitePlanner: Ending caching scope for: 
2024-04-23T21:14:43,761  INFO [main] ql.Driver: Semantic Analysis Completed (retrial = false)
2024-04-23T21:14:43,761  INFO [main] ql.Driver: Created Hive schema: Schema(fieldSchemas:null, properties:null)
2024-04-23T21:14:43,762  INFO [main] metadata.Hive: Dumping metastore api call timing information for : compilation phase
2024-04-23T21:14:43,762  INFO [main] metadata.Hive: Total time spent in each metastore function (ms): {commitTxn_(CommitTxnRequest)=13, isCompatibleWith_(Configuration)=0, getDatabase_(String)=2, flushCache_()=0, getValidWriteIds_(List, String)=2, openTxn_(String, TxnType)=3, getValidTxns_(long)=0}
2024-04-23T21:14:43,762  INFO [main] ql.Driver: Completed compiling command(queryId=alex_20240423211443_e42e4133-2702-47f4-a854-f10d0ffab758); Time taken: 0.012 seconds
2024-04-23T21:14:43,763  INFO [main] lockmgr.DbTxnManager: Setting lock request transaction to txnid:12 for queryId=alex_20240423211443_e42e4133-2702-47f4-a854-f10d0ffab758
2024-04-23T21:14:43,763  INFO [main] lockmgr.DbLockManager: Requesting lock for queryId=alex_20240423211443_e42e4133-2702-47f4-a854-f10d0ffab758
2024-04-23T21:14:43,785  INFO [main] lockmgr.DbLockManager: Response to queryId=alex_20240423211443_e42e4133-2702-47f4-a854-f10d0ffab758 LockResponse(lockid:6, state:ACQUIRED)
2024-04-23T21:14:43,785  INFO [main] ql.Driver: Operation CREATETABLE obtained 1 locks
2024-04-23T21:14:43,785  INFO [main] ql.Driver: Executing command(queryId=alex_20240423211443_e42e4133-2702-47f4-a854-f10d0ffab758): create table nonAcidNonBucket(a int, b int) stored as orc TBLPROPERTIES ('transactional'='false')
2024-04-23T21:14:43,785  INFO [main] ql.Driver: Starting task [Stage-0:DDL] in serial mode
2024-04-23T21:14:43,787  INFO [main] HiveMetaStore.audit: ugi=alex	ip=unknown-ip-addr	cmd=create_table_req: Table(tableName:nonAcidNonBucket, dbName:default, owner:alex, createTime:1713932083, lastAccessTime:0, retention:0, sd:StorageDescriptor(cols:[FieldSchema(name:a, type:int, comment:null), FieldSchema(name:b, type:int, comment:null)], location:null, inputFormat:org.apache.hadoop.hive.ql.io.orc.OrcInputFormat, outputFormat:org.apache.hadoop.hive.ql.io.orc.OrcOutputFormat, compressed:false, numBuckets:-1, serdeInfo:SerDeInfo(name:null, serializationLib:org.apache.hadoop.hive.ql.io.orc.OrcSerde, parameters:{serialization.format=1}), bucketCols:[], sortCols:[], parameters:{}, skewedInfo:SkewedInfo(skewedColNames:[], skewedColValues:[], skewedColValueLocationMaps:{}), storedAsSubDirectories:false), partitionKeys:[], parameters:{numFilesErasureCoded=0, totalSize=0, transactional=false, numRows=0, numFiles=0, COLUMN_STATS_ACCURATE={"BASIC_STATS":"true","COLUMN_STATS":{"a":"true","b":"true"}}, bucketing_version=2, rawDataSize=0}, viewOriginalText:null, viewExpandedText:null, tableType:MANAGED_TABLE, privileges:PrincipalPrivilegeSet(userPrivileges:{alex=[PrivilegeGrantInfo(privilege:INSERT, createTime:-1, grantor:alex, grantorType:USER, grantOption:true), PrivilegeGrantInfo(privilege:SELECT, createTime:-1, grantor:alex, grantorType:USER, grantOption:true), PrivilegeGrantInfo(privilege:UPDATE, createTime:-1, grantor:alex, grantorType:USER, grantOption:true), PrivilegeGrantInfo(privilege:DELETE, createTime:-1, grantor:alex, grantorType:USER, grantOption:true)]}, groupPrivileges:null, rolePrivileges:null), temporary:false, catName:hive, ownerType:USER)	
2024-04-23T21:14:43,796  INFO [main] utils.FileUtils: Creating directory if it doesn't exist: file:/home/alex/Repositories/hive/ql/target/tmp/org.apache.hadoop.hive.ql.TestTxnNoBuckets-1713932056679/warehouse/nonacidnonbucket
2024-04-23T21:14:43,818  INFO [main] metadata.Hive: Dumping metastore api call timing information for : execution phase
2024-04-23T21:14:43,818  INFO [main] metadata.Hive: Total time spent in each metastore function (ms): {isCompatibleWith_(Configuration)=0, createTable_(Table)=32}
2024-04-23T21:14:43,818  INFO [main] ql.Driver: Completed executing command(queryId=alex_20240423211443_e42e4133-2702-47f4-a854-f10d0ffab758); Time taken: 0.033 seconds
2024-04-23T21:14:43,818  INFO [main] lockmgr.DbTxnManager: Stopped heartbeat for query: alex_20240423211443_e42e4133-2702-47f4-a854-f10d0ffab758
2024-04-23T21:14:43,823  INFO [main] txn.TxnHandler: Expected to move at least one record from txn_components to completed_txn_components when committing txn! txnid:12
2024-04-23T21:14:43,829  INFO [main] txn.TxnHandler: Removed transactions: ([12]) from MIN_HISTORY_LEVEL
2024-04-23T21:14:43,829  WARN [main] txn.CompactionTxnHandler: No compaction queue record found for Compaction type transaction commit. txnId:12
2024-04-23T21:14:43,830  INFO [main] ql.TxnCommandsBaseForTests: Running the query: drop table if exists tmp
2024-04-23T21:14:43,831  INFO [main] ql.Driver: Compiling command(queryId=alex_20240423211443_352e7f4e-2ead-4c39-9592-6e14bde49eaa): drop table if exists tmp
2024-04-23T21:14:43,833  INFO [main] txn.TxnHandler: Added entries to MIN_HISTORY_LEVEL for current txns: ([13]) with min_open_txn: 1
2024-04-23T21:14:43,834  INFO [main] lockmgr.DbTxnManager: Opened txnid:13
2024-04-23T21:14:43,835  INFO [main] HiveMetaStore.audit: ugi=alex	ip=unknown-ip-addr	cmd=get_table : tbl=hive.default.tmp	
2024-04-23T21:14:43,838  INFO [main] ql.Driver: Semantic Analysis Completed (retrial = false)
2024-04-23T21:14:43,838  INFO [main] ql.Driver: Created Hive schema: Schema(fieldSchemas:null, properties:null)
2024-04-23T21:14:43,838  INFO [main] metadata.Hive: Dumping metastore api call timing information for : compilation phase
2024-04-23T21:14:43,838  INFO [main] metadata.Hive: Total time spent in each metastore function (ms): {flushCache_()=0, commitTxn_(CommitTxnRequest)=11, getValidTxns_(long)=0, isCompatibleWith_(Configuration)=1, openTxn_(String, TxnType)=3}
2024-04-23T21:14:43,838  INFO [main] ql.Driver: Completed compiling command(queryId=alex_20240423211443_352e7f4e-2ead-4c39-9592-6e14bde49eaa); Time taken: 0.007 seconds
2024-04-23T21:14:43,839  INFO [main] lockmgr.DbTxnManager: Setting lock request transaction to txnid:13 for queryId=alex_20240423211443_352e7f4e-2ead-4c39-9592-6e14bde49eaa
2024-04-23T21:14:43,839  INFO [main] ql.Driver: Operation DROPTABLE obtained 0 locks
2024-04-23T21:14:43,839  INFO [main] ql.Driver: Executing command(queryId=alex_20240423211443_352e7f4e-2ead-4c39-9592-6e14bde49eaa): drop table if exists tmp
2024-04-23T21:14:43,839  INFO [main] ql.Driver: Starting task [Stage-0:DDL] in serial mode
2024-04-23T21:14:43,839  INFO [main] HiveMetaStore.audit: ugi=alex	ip=unknown-ip-addr	cmd=get_table : tbl=hive.default.tmp	
2024-04-23T21:14:43,843  INFO [main] metadata.Hive: Dumping metastore api call timing information for : execution phase
2024-04-23T21:14:43,843  INFO [main] metadata.Hive: Total time spent in each metastore function (ms): {isCompatibleWith_(Configuration)=0}
2024-04-23T21:14:43,843  INFO [main] ql.Driver: Completed executing command(queryId=alex_20240423211443_352e7f4e-2ead-4c39-9592-6e14bde49eaa); Time taken: 0.004 seconds
2024-04-23T21:14:43,843  INFO [main] lockmgr.DbTxnManager: Stopped heartbeat for query: alex_20240423211443_352e7f4e-2ead-4c39-9592-6e14bde49eaa
2024-04-23T21:14:43,849  INFO [main] txn.TxnHandler: Expected to move at least one record from txn_components to completed_txn_components when committing txn! txnid:13
2024-04-23T21:14:43,856  INFO [main] txn.TxnHandler: Removed transactions: ([13]) from MIN_HISTORY_LEVEL
2024-04-23T21:14:43,856  WARN [main] txn.CompactionTxnHandler: No compaction queue record found for Compaction type transaction commit. txnId:13
2024-04-23T21:14:43,857  INFO [main] ql.TxnCommandsBaseForTests: Running the query: create table tmp (c1 integer, c2 integer) partitioned by (c3 integer) stored as orc tblproperties('transactional'='false')
2024-04-23T21:14:43,857  INFO [main] ql.Driver: Compiling command(queryId=alex_20240423211443_821f5c3a-473b-4b16-abea-f7cba2552211): create table tmp (c1 integer, c2 integer) partitioned by (c3 integer) stored as orc tblproperties('transactional'='false')
2024-04-23T21:14:43,860  INFO [main] txn.TxnHandler: Added entries to MIN_HISTORY_LEVEL for current txns: ([14]) with min_open_txn: 1
2024-04-23T21:14:43,861  INFO [main] lockmgr.DbTxnManager: Opened txnid:14
2024-04-23T21:14:43,861  INFO [main] parse.CalcitePlanner: Starting caching scope for: 
2024-04-23T21:14:43,861  INFO [main] parse.CalcitePlanner: Starting Semantic Analysis
2024-04-23T21:14:43,867  INFO [main] parse.CalcitePlanner: Creating table default.tmp position=13
2024-04-23T21:14:43,867  INFO [main] HiveMetaStore.audit: ugi=alex	ip=unknown-ip-addr	cmd=get_database: default	
2024-04-23T21:14:43,870  INFO [main] parse.CalcitePlanner: Ending caching scope for: 
2024-04-23T21:14:43,870  INFO [main] ql.Driver: Semantic Analysis Completed (retrial = false)
2024-04-23T21:14:43,870  INFO [main] ql.Driver: Created Hive schema: Schema(fieldSchemas:null, properties:null)
2024-04-23T21:14:43,870  INFO [main] metadata.Hive: Dumping metastore api call timing information for : compilation phase
2024-04-23T21:14:43,870  INFO [main] metadata.Hive: Total time spent in each metastore function (ms): {getValidTxns_(long)=0, getDatabase_(String)=2, commitTxn_(CommitTxnRequest)=12, openTxn_(String, TxnType)=3, isCompatibleWith_(Configuration)=1, getValidWriteIds_(List, String)=5, flushCache_()=0}
2024-04-23T21:14:43,870  INFO [main] ql.Driver: Completed compiling command(queryId=alex_20240423211443_821f5c3a-473b-4b16-abea-f7cba2552211); Time taken: 0.013 seconds
2024-04-23T21:14:43,871  INFO [main] lockmgr.DbTxnManager: Setting lock request transaction to txnid:14 for queryId=alex_20240423211443_821f5c3a-473b-4b16-abea-f7cba2552211
2024-04-23T21:14:43,871  INFO [main] lockmgr.DbLockManager: Requesting lock for queryId=alex_20240423211443_821f5c3a-473b-4b16-abea-f7cba2552211
2024-04-23T21:14:43,891  INFO [main] lockmgr.DbLockManager: Response to queryId=alex_20240423211443_821f5c3a-473b-4b16-abea-f7cba2552211 LockResponse(lockid:7, state:ACQUIRED)
2024-04-23T21:14:43,891  INFO [main] ql.Driver: Operation CREATETABLE obtained 1 locks
2024-04-23T21:14:43,891  INFO [main] ql.Driver: Executing command(queryId=alex_20240423211443_821f5c3a-473b-4b16-abea-f7cba2552211): create table tmp (c1 integer, c2 integer) partitioned by (c3 integer) stored as orc tblproperties('transactional'='false')
2024-04-23T21:14:43,891  INFO [main] ql.Driver: Starting task [Stage-0:DDL] in serial mode
2024-04-23T21:14:43,892  INFO [main] HiveMetaStore.audit: ugi=alex	ip=unknown-ip-addr	cmd=create_table_req: Table(tableName:tmp, dbName:default, owner:alex, createTime:1713932083, lastAccessTime:0, retention:0, sd:StorageDescriptor(cols:[FieldSchema(name:c1, type:int, comment:null), FieldSchema(name:c2, type:int, comment:null)], location:null, inputFormat:org.apache.hadoop.hive.ql.io.orc.OrcInputFormat, outputFormat:org.apache.hadoop.hive.ql.io.orc.OrcOutputFormat, compressed:false, numBuckets:-1, serdeInfo:SerDeInfo(name:null, serializationLib:org.apache.hadoop.hive.ql.io.orc.OrcSerde, parameters:{serialization.format=1}), bucketCols:[], sortCols:[], parameters:{}, skewedInfo:SkewedInfo(skewedColNames:[], skewedColValues:[], skewedColValueLocationMaps:{}), storedAsSubDirectories:false), partitionKeys:[FieldSchema(name:c3, type:int, comment:null)], parameters:{transactional=false, bucketing_version=2}, viewOriginalText:null, viewExpandedText:null, tableType:MANAGED_TABLE, privileges:PrincipalPrivilegeSet(userPrivileges:{alex=[PrivilegeGrantInfo(privilege:INSERT, createTime:-1, grantor:alex, grantorType:USER, grantOption:true), PrivilegeGrantInfo(privilege:SELECT, createTime:-1, grantor:alex, grantorType:USER, grantOption:true), PrivilegeGrantInfo(privilege:UPDATE, createTime:-1, grantor:alex, grantorType:USER, grantOption:true), PrivilegeGrantInfo(privilege:DELETE, createTime:-1, grantor:alex, grantorType:USER, grantOption:true)]}, groupPrivileges:null, rolePrivileges:null), temporary:false, catName:hive, ownerType:USER)	
2024-04-23T21:14:43,898  INFO [main] utils.FileUtils: Creating directory if it doesn't exist: file:/home/alex/Repositories/hive/ql/target/tmp/org.apache.hadoop.hive.ql.TestTxnNoBuckets-1713932056679/warehouse/tmp
2024-04-23T21:14:43,932  INFO [main] metadata.Hive: Dumping metastore api call timing information for : execution phase
2024-04-23T21:14:43,932  INFO [main] metadata.Hive: Total time spent in each metastore function (ms): {isCompatibleWith_(Configuration)=0, createTable_(Table)=40}
2024-04-23T21:14:43,932  INFO [main] ql.Driver: Completed executing command(queryId=alex_20240423211443_821f5c3a-473b-4b16-abea-f7cba2552211); Time taken: 0.041 seconds
2024-04-23T21:14:43,933  INFO [main] lockmgr.DbTxnManager: Stopped heartbeat for query: alex_20240423211443_821f5c3a-473b-4b16-abea-f7cba2552211
2024-04-23T21:14:43,937  INFO [main] txn.TxnHandler: Expected to move at least one record from txn_components to completed_txn_components when committing txn! txnid:14
2024-04-23T21:14:43,943  INFO [main] txn.TxnHandler: Removed transactions: ([14]) from MIN_HISTORY_LEVEL
2024-04-23T21:14:43,944  WARN [main] txn.CompactionTxnHandler: No compaction queue record found for Compaction type transaction commit. txnId:14
2024-04-23T21:14:43,944  INFO [main] ql.TxnCommandsBaseForTests: Running the query: insert into tmp  values(0,0,0),(3,3,3)
2024-04-23T21:14:43,945  INFO [main] ql.Driver: Compiling command(queryId=alex_20240423211443_b4798201-87c1-48ae-9548-04d038126a41): insert into tmp  values(0,0,0),(3,3,3)
2024-04-23T21:14:43,948  INFO [main] txn.TxnHandler: Added entries to MIN_HISTORY_LEVEL for current txns: ([15]) with min_open_txn: 1
2024-04-23T21:14:43,949  INFO [main] lockmgr.DbTxnManager: Opened txnid:15
2024-04-23T21:14:43,950  INFO [main] parse.CalcitePlanner: Starting caching scope for: 
2024-04-23T21:14:43,950  INFO [main] parse.CalcitePlanner: Starting Semantic Analysis
2024-04-23T21:14:43,954  INFO [main] HiveMetaStore.audit: ugi=alex	ip=unknown-ip-addr	cmd=get_table : tbl=hive.default.tmp	
2024-04-23T21:14:43,993  INFO [main] metastore.HMSHandler: Skipping translation for processor with null
2024-04-23T21:14:43,994  INFO [main] parse.CalcitePlanner: Completed phase 1 of Semantic Analysis
2024-04-23T21:14:43,994  INFO [main] parse.CalcitePlanner: Get metadata for source tables
2024-04-23T21:14:43,994  INFO [main] parse.CalcitePlanner: Get metadata for subqueries
2024-04-23T21:14:43,994  INFO [main] parse.CalcitePlanner: Get metadata for destination tables
2024-04-23T21:14:43,994  INFO [main] HiveMetaStore.audit: ugi=alex	ip=unknown-ip-addr	cmd=get_table : tbl=hive.default.tmp	
2024-04-23T21:14:44,006  INFO [main] metastore.HMSHandler: Skipping translation for processor with null
2024-04-23T21:14:44,006  INFO [main] parse.CalcitePlanner: Completed getting MetaData in Semantic Analysis
2024-04-23T21:14:44,006  INFO [main] parse.CalcitePlanner: Disabling LLAP IO encode as ETL query is detected
2024-04-23T21:14:44,028  INFO [main] HiveMetaStore.audit: ugi=alex	ip=unknown-ip-addr	cmd=get_all_table_constraints : tbl=hive._dummy_database._dummy_table	
2024-04-23T21:14:44,113  INFO [main] parse.CalcitePlanner: Get metadata for source tables
2024-04-23T21:14:44,113  INFO [main] parse.CalcitePlanner: Get metadata for subqueries
2024-04-23T21:14:44,113  INFO [main] parse.CalcitePlanner: Get metadata for source tables
2024-04-23T21:14:44,114  INFO [main] HiveMetaStore.audit: ugi=alex	ip=unknown-ip-addr	cmd=get_table : tbl=hive._dummy_database._dummy_table	
2024-04-23T21:14:44,118  INFO [main] parse.CalcitePlanner: Get metadata for subqueries
2024-04-23T21:14:44,118  INFO [main] parse.CalcitePlanner: Get metadata for destination tables
2024-04-23T21:14:44,118  INFO [main] parse.CalcitePlanner: Get metadata for destination tables
2024-04-23T21:14:44,118  INFO [main] HiveMetaStore.audit: ugi=alex	ip=unknown-ip-addr	cmd=get_table : tbl=hive.default.tmp	
2024-04-23T21:14:44,130  INFO [main] metastore.HMSHandler: Skipping translation for processor with null
2024-04-23T21:14:44,133  INFO [main] common.FileUtils: Creating directory if it doesn't exist: file:/home/alex/Repositories/hive/ql/target/tmp/org.apache.hadoop.hive.ql.TestTxnNoBuckets-1713932056679/warehouse/tmp/.hive-staging_hive_2024-04-23_21-14-43_945_2433971639414211310-1
2024-04-23T21:14:44,136  INFO [main] HiveMetaStore.audit: ugi=alex	ip=unknown-ip-addr	cmd=get_not_null_constraints : tbl=hive.default.tmp	
2024-04-23T21:14:44,137  INFO [main] HiveMetaStore.audit: ugi=alex	ip=unknown-ip-addr	cmd=get_check_constraints : tbl=hive.default.tmp	
2024-04-23T21:14:44,139  INFO [main] parse.CalcitePlanner: CBO Succeeded; optimized logical plan.
2024-04-23T21:14:44,142  INFO [main] optimizer.BucketVersionPopulator: not considering bucketingVersion for: TS[0] because it has -1<2 buckets 
2024-04-23T21:14:44,143  INFO [main] optimizer.SortedDynPartitionOptimizer: Sorted dynamic partitioning optimization kicked in..
2024-04-23T21:14:44,143  INFO [main] optimizer.SortedDynPartitionOptimizer: Inserted RS_5 and SEL_6 as parent of FS_4 and child of SEL_3
2024-04-23T21:14:44,152  INFO [main] HiveMetaStore.audit: ugi=alex	ip=unknown-ip-addr	cmd=get_table : tbl=hive.default.tmp	
2024-04-23T21:14:44,166  INFO [main] metastore.HMSHandler: Skipping translation for processor with null
2024-04-23T21:14:44,166  INFO [main] parse.CalcitePlanner: Completed plan generation
2024-04-23T21:14:44,166  INFO [main] parse.CalcitePlanner: Ending caching scope for: 
2024-04-23T21:14:44,167  INFO [main] ql.Driver: Semantic Analysis Completed (retrial = false)
2024-04-23T21:14:44,167  INFO [main] ql.Driver: Created Hive schema: Schema(fieldSchemas:[FieldSchema(name:col1, type:int, comment:null), FieldSchema(name:col2, type:int, comment:null), FieldSchema(name:col3, type:int, comment:null)], properties:null)
2024-04-23T21:14:44,167  INFO [main] metadata.Hive: Dumping metastore api call timing information for : compilation phase
2024-04-23T21:14:44,167  INFO [main] metadata.Hive: Total time spent in each metastore function (ms): {getNotNullConstraints_(NotNullConstraintsRequest)=1, getValidWriteIds_(List, String)=4, getValidTxns_(long)=1, getTable_(GetTableRequest)=79, isCompatibleWith_(Configuration)=0, openTxn_(String, TxnType)=3, flushCache_()=0, getAllTableConstraints_(AllTableConstraintsRequest)=31, getCheckConstraints_(CheckConstraintsRequest)=1, commitTxn_(CommitTxnRequest)=11, getMetaConf_(String)=0}
2024-04-23T21:14:44,167  INFO [main] ql.Driver: Completed compiling command(queryId=alex_20240423211443_b4798201-87c1-48ae-9548-04d038126a41); Time taken: 0.222 seconds
2024-04-23T21:14:44,168  INFO [main] lockmgr.DbTxnManager: Setting lock request transaction to txnid:15 for queryId=alex_20240423211443_b4798201-87c1-48ae-9548-04d038126a41
2024-04-23T21:14:44,168  INFO [main] lockmgr.DbLockManager: Requesting lock for queryId=alex_20240423211443_b4798201-87c1-48ae-9548-04d038126a41
2024-04-23T21:14:44,183  INFO [main] lockmgr.DbLockManager: Response to queryId=alex_20240423211443_b4798201-87c1-48ae-9548-04d038126a41 LockResponse(lockid:8, state:ACQUIRED)
2024-04-23T21:14:44,183  INFO [main] ql.Driver: Operation QUERY obtained 1 locks
2024-04-23T21:14:44,183  INFO [main] ql.Driver: Executing command(queryId=alex_20240423211443_b4798201-87c1-48ae-9548-04d038126a41): insert into tmp  values(0,0,0),(3,3,3)
2024-04-23T21:14:44,184  WARN [main] ql.Driver: Hive-on-MR is deprecated in Hive 2 and may not be available in the future versions. Consider using a different execution engine (i.e. spark, tez) or using Hive 1.X releases.
Query ID = alex_20240423211443_b4798201-87c1-48ae-9548-04d038126a41
2024-04-23T21:14:44,184  INFO [main] ql.Driver: Query ID = alex_20240423211443_b4798201-87c1-48ae-9548-04d038126a41
Total jobs = 1
2024-04-23T21:14:44,184  INFO [main] ql.Driver: Total jobs = 1
Launching Job 1 out of 1
2024-04-23T21:14:44,184  INFO [main] ql.Driver: Launching Job 1 out of 1
2024-04-23T21:14:44,315  INFO [main] ql.Driver: Starting task [Stage-1:MAPRED] in serial mode
2024-04-23T21:14:44,315  INFO [main] exec.Utilities: Not using thread pool for getContentSummary
2024-04-23T21:14:44,316  INFO [main] exec.Utilities: BytesPerReducer=256000000 maxReducers=1009 totalInputFileSize=1
Number of reduce tasks not specified. Estimated from input data size: 1
2024-04-23T21:14:44,316  INFO [main] exec.Task: Number of reduce tasks not specified. Estimated from input data size: 1
In order to change the average load for a reducer (in bytes):
2024-04-23T21:14:44,316  INFO [main] exec.Task: In order to change the average load for a reducer (in bytes):
  set hive.exec.reducers.bytes.per.reducer=<number>
2024-04-23T21:14:44,316  INFO [main] exec.Task:   set hive.exec.reducers.bytes.per.reducer=<number>
In order to limit the maximum number of reducers:
2024-04-23T21:14:44,316  INFO [main] exec.Task: In order to limit the maximum number of reducers:
  set hive.exec.reducers.max=<number>
2024-04-23T21:14:44,317  INFO [main] exec.Task:   set hive.exec.reducers.max=<number>
In order to set a constant number of reducers:
2024-04-23T21:14:44,317  INFO [main] exec.Task: In order to set a constant number of reducers:
  set mapreduce.job.reduces=<number>
2024-04-23T21:14:44,317  INFO [main] exec.Task:   set mapreduce.job.reduces=<number>
2024-04-23T21:14:44,319  INFO [main] mr.ExecDriver: Using org.apache.hadoop.hive.ql.io.HiveInputFormat
2024-04-23T21:14:44,319  INFO [main] exec.Utilities: Processing alias $hdt$_0:_dummy_table
2024-04-23T21:14:44,320  INFO [main] exec.Utilities: Adding 1 inputs; the first input is file:/home/alex/Repositories/hive/ql/target/tmp/localscratchdir/c896a1fb-210a-4f53-aacd-b68a5f5adf47/hive_2024-04-23_21-14-43_945_2433971639414211310-1/dummy_path
2024-04-23T21:14:44,331  INFO [main] exec.SerializationUtilities: Serializing MapWork using kryo
2024-04-23T21:14:44,332  INFO [main] exec.Utilities: Serialized plan (via FILE) - name: null size: 5,07KB
2024-04-23T21:14:44,337  INFO [main] exec.SerializationUtilities: Serializing ReduceWork using kryo
2024-04-23T21:14:44,340  INFO [main] exec.Utilities: Serialized plan (via FILE) - name: null size: 6,46KB
2024-04-23T21:14:44,341  WARN [main] impl.MetricsSystemImpl: JobTracker metrics system already initialized!
2024-04-23T21:14:44,346  INFO [main] fs.FSStatsPublisher: created : file:/home/alex/Repositories/hive/ql/target/tmp/localscratchdir/c896a1fb-210a-4f53-aacd-b68a5f5adf47/hive_2024-04-23_21-14-43_945_2433971639414211310-1/-mr-10001
2024-04-23T21:14:44,351  WARN [main] impl.MetricsSystemImpl: JobTracker metrics system already initialized!
2024-04-23T21:14:44,358  WARN [main] mapreduce.JobResourceUploader: Hadoop command-line option parsing not performed. Implement the Tool interface and execute your application with ToolRunner to remedy this.
2024-04-23T21:14:44,364  WARN [main] mapreduce.JobResourceUploader: No job jar file set.  User classes may not be found. See Job or Job#setJar(String).
2024-04-23T21:14:44,365  INFO [main] io.HiveInputFormat: hive.io.file.readcolumn.ids = 
2024-04-23T21:14:44,366  INFO [main] io.HiveInputFormat: hive.io.file.readcolumn.names = 
2024-04-23T21:14:44,366  INFO [main] io.HiveInputFormat: Generating splits for dirs: file:/home/alex/Repositories/hive/ql/target/tmp/localscratchdir/c896a1fb-210a-4f53-aacd-b68a5f5adf47/hive_2024-04-23_21-14-43_945_2433971639414211310-1/dummy_path
2024-04-23T21:14:44,366  INFO [main] io.HiveInputFormat: number of splits 1
2024-04-23T21:14:44,399  INFO [main] mapreduce.JobSubmitter: number of splits:1
2024-04-23T21:14:44,440  INFO [main] mapreduce.JobSubmitter: Submitting tokens for job: job_local1009005163_0008
2024-04-23T21:14:44,440  INFO [main] mapreduce.JobSubmitter: Executing with tokens: []
2024-04-23T21:14:44,515  INFO [main] mapreduce.Job: The url to track the job: http://localhost:8080/
Job running in-process (local Hadoop)
2024-04-23T21:14:44,515  INFO [main] exec.Task: Job running in-process (local Hadoop)
2024-04-23T21:14:44,516  INFO [Thread-491] mapred.LocalJobRunner: OutputCommitter set in config org.apache.hadoop.hive.ql.io.HiveFileFormatUtils$NullOutputCommitter
2024-04-23T21:14:44,516  INFO [Thread-491] mapred.LocalJobRunner: OutputCommitter is org.apache.hadoop.hive.ql.io.HiveFileFormatUtils$NullOutputCommitter
2024-04-23T21:14:44,517  INFO [Thread-491] mapred.LocalJobRunner: Waiting for map tasks
2024-04-23T21:14:44,518  INFO [LocalJobRunner Map Task Executor #0] mapred.LocalJobRunner: Starting task: attempt_local1009005163_0008_m_000000_0
2024-04-23T21:14:44,521  INFO [LocalJobRunner Map Task Executor #0] mapred.Task:  Using ResourceCalculatorProcessTree : [ ]
2024-04-23T21:14:44,522  INFO [LocalJobRunner Map Task Executor #0] mapred.MapTask: Processing split: org.apache.hadoop.hive.ql.io.NullRowsInputFormat:file:/home/alex/Repositories/hive/ql/target/tmp/localscratchdir/c896a1fb-210a-4f53-aacd-b68a5f5adf47/hive_2024-04-23_21-14-43_945_2433971639414211310-1/dummy_path/null:0+1
2024-04-23T21:14:44,524  INFO [LocalJobRunner Map Task Executor #0] exec.SerializationUtilities: Deserializing MapWork using kryo
2024-04-23T21:14:44,526  INFO [LocalJobRunner Map Task Executor #0] exec.Utilities: Deserialized plan (via FILE) - name: null size: 5,07KB
2024-04-23T21:14:44,526  INFO [LocalJobRunner Map Task Executor #0] mapred.MapTask: numReduceTasks: 1
2024-04-23T21:14:44,531  INFO [LocalJobRunner Map Task Executor #0] mapred.MapTask: (EQUATOR) 0 kvi 26214396(104857584)
2024-04-23T21:14:44,531  INFO [LocalJobRunner Map Task Executor #0] mapred.MapTask: mapreduce.task.io.sort.mb: 100
2024-04-23T21:14:44,531  INFO [LocalJobRunner Map Task Executor #0] mapred.MapTask: soft limit at 83886080
2024-04-23T21:14:44,531  INFO [LocalJobRunner Map Task Executor #0] mapred.MapTask: bufstart = 0; bufvoid = 104857600
2024-04-23T21:14:44,531  INFO [LocalJobRunner Map Task Executor #0] mapred.MapTask: kvstart = 26214396; length = 6553600
2024-04-23T21:14:44,532  INFO [LocalJobRunner Map Task Executor #0] mapred.MapTask: Map output collector class = org.apache.hadoop.mapred.MapTask$MapOutputBuffer
2024-04-23T21:14:44,532  INFO [LocalJobRunner Map Task Executor #0] exec.MapOperator: Initializing Operator: MAP[0]
2024-04-23T21:14:44,533  INFO [LocalJobRunner Map Task Executor #0] mr.ExecMapper: 
<MAP>Id =0
  <Children>null
  <\Children>
  <Parent><\Parent>
<\MAP>
2024-04-23T21:14:44,534  INFO [LocalJobRunner Map Task Executor #0] exec.TableScanOperator: Initializing Operator: TS[0]
2024-04-23T21:14:44,534  INFO [LocalJobRunner Map Task Executor #0] exec.SelectOperator: Initializing Operator: SEL[1]
2024-04-23T21:14:44,534  INFO [LocalJobRunner Map Task Executor #0] exec.SelectOperator: SELECT null
2024-04-23T21:14:44,534  INFO [LocalJobRunner Map Task Executor #0] exec.UDTFOperator: Initializing Operator: UDTF[2]
2024-04-23T21:14:44,534  INFO [LocalJobRunner Map Task Executor #0] exec.SelectOperator: Initializing Operator: SEL[3]
2024-04-23T21:14:44,534  INFO [LocalJobRunner Map Task Executor #0] exec.SelectOperator: SELECT struct<col1:int,col2:int,col3:int>
2024-04-23T21:14:44,535  INFO [LocalJobRunner Map Task Executor #0] exec.ReduceSinkOperator: Initializing Operator: RS[5]
2024-04-23T21:14:44,535  INFO [LocalJobRunner Map Task Executor #0] exec.ReduceSinkOperator: Using tag = -1
2024-04-23T21:14:44,535  INFO [LocalJobRunner Map Task Executor #0] exec.ReduceSinkOperator: keys are [_col2] num distributions: 1
2024-04-23T21:14:44,536  INFO [LocalJobRunner Map Task Executor #0] exec.ReduceSinkOperator: RS[5]: records written - 1
2024-04-23T21:14:44,536  INFO [LocalJobRunner Map Task Executor #0] exec.MapOperator: MAP[0]: records read - 1
2024-04-23T21:14:44,536  INFO [LocalJobRunner Map Task Executor #0] exec.MapOperator: Closing Operator: MAP[0]
2024-04-23T21:14:44,536  INFO [LocalJobRunner Map Task Executor #0] exec.MapOperator: MAP[0]: Total records read - 3. abort - false
2024-04-23T21:14:44,536  INFO [LocalJobRunner Map Task Executor #0] exec.MapOperator: RECORDS_IN:3, RECORDS_OUT_OPERATOR_MAP_0:0, DESERIALIZE_ERRORS:0, RECORDS_OUT_INTERMEDIATE:0, 
2024-04-23T21:14:44,536  INFO [LocalJobRunner Map Task Executor #0] exec.TableScanOperator: Closing Operator: TS[0]
2024-04-23T21:14:44,536  INFO [LocalJobRunner Map Task Executor #0] exec.TableScanOperator: RECORDS_OUT_OPERATOR_TS_0:1, RECORDS_OUT_INTERMEDIATE:0, 
2024-04-23T21:14:44,536  INFO [LocalJobRunner Map Task Executor #0] exec.SelectOperator: Closing Operator: SEL[1]
2024-04-23T21:14:44,537  INFO [LocalJobRunner Map Task Executor #0] exec.SelectOperator: RECORDS_OUT_OPERATOR_SEL_1:1, RECORDS_OUT_INTERMEDIATE:0, 
2024-04-23T21:14:44,537  INFO [LocalJobRunner Map Task Executor #0] exec.UDTFOperator: Closing Operator: UDTF[2]
2024-04-23T21:14:44,537  INFO [LocalJobRunner Map Task Executor #0] exec.UDTFOperator: RECORDS_OUT_INTERMEDIATE:0, RECORDS_OUT_OPERATOR_UDTF_2:2, 
2024-04-23T21:14:44,537  INFO [LocalJobRunner Map Task Executor #0] exec.SelectOperator: Closing Operator: SEL[3]
2024-04-23T21:14:44,537  INFO [LocalJobRunner Map Task Executor #0] exec.SelectOperator: RECORDS_OUT_OPERATOR_SEL_3:2, RECORDS_OUT_INTERMEDIATE:0, 
2024-04-23T21:14:44,537  INFO [LocalJobRunner Map Task Executor #0] exec.ReduceSinkOperator: Closing Operator: RS[5]
2024-04-23T21:14:44,537  INFO [LocalJobRunner Map Task Executor #0] exec.ReduceSinkOperator: RS[5]: Total records written - 2. abort - false
2024-04-23T21:14:44,537  INFO [LocalJobRunner Map Task Executor #0] exec.ReduceSinkOperator: RECORDS_OUT_INTERMEDIATE:2, RECORDS_OUT_OPERATOR_RS_5:2, 
2024-04-23T21:14:44,540  INFO [LocalJobRunner Map Task Executor #0] mapred.LocalJobRunner: 
2024-04-23T21:14:44,540  INFO [LocalJobRunner Map Task Executor #0] mapred.MapTask: Starting flush of map output
2024-04-23T21:14:44,540  INFO [LocalJobRunner Map Task Executor #0] mapred.MapTask: Spilling map output
2024-04-23T21:14:44,540  INFO [LocalJobRunner Map Task Executor #0] mapred.MapTask: bufstart = 0; bufend = 34; bufvoid = 104857600
2024-04-23T21:14:44,540  INFO [LocalJobRunner Map Task Executor #0] mapred.MapTask: kvstart = 26214396(104857584); kvend = 26214392(104857568); length = 5/6553600
2024-04-23T21:14:44,550  INFO [LocalJobRunner Map Task Executor #0] mapred.MapTask: Finished spill 0
2024-04-23T21:14:44,556  INFO [LocalJobRunner Map Task Executor #0] mapred.Task: Task:attempt_local1009005163_0008_m_000000_0 is done. And is in the process of committing
2024-04-23T21:14:44,556  INFO [LocalJobRunner Map Task Executor #0] mapred.LocalJobRunner: map
2024-04-23T21:14:44,556  INFO [LocalJobRunner Map Task Executor #0] mapred.Task: Task 'attempt_local1009005163_0008_m_000000_0' done.
2024-04-23T21:14:44,556  INFO [LocalJobRunner Map Task Executor #0] mapred.Task: Final Counters for attempt_local1009005163_0008_m_000000_0: Counters: 26
	File System Counters
		FILE: Number of bytes read=123987
		FILE: Number of bytes written=9431952
		FILE: Number of read operations=0
		FILE: Number of large read operations=0
		FILE: Number of write operations=0
	Map-Reduce Framework
		Map input records=4
		Map output records=2
		Map output bytes=34
		Map output materialized bytes=44
		Input split bytes=361
		Combine input records=0
		Spilled Records=2
		Failed Shuffles=0
		Merged Map outputs=0
		GC time elapsed (ms)=0
		Total committed heap usage (bytes)=1103626240
	HIVE
		DESERIALIZE_ERRORS=0
		RECORDS_IN=3
		RECORDS_OUT_INTERMEDIATE=2
		RECORDS_OUT_OPERATOR_MAP_0=0
		RECORDS_OUT_OPERATOR_RS_5=2
		RECORDS_OUT_OPERATOR_SEL_1=1
		RECORDS_OUT_OPERATOR_SEL_3=2
		RECORDS_OUT_OPERATOR_TS_0=1
		RECORDS_OUT_OPERATOR_UDTF_2=2
	File Input Format Counters 
		Bytes Read=5123
2024-04-23T21:14:44,556  INFO [LocalJobRunner Map Task Executor #0] mapred.LocalJobRunner: Finishing task: attempt_local1009005163_0008_m_000000_0
2024-04-23T21:14:44,557  INFO [Thread-491] mapred.LocalJobRunner: map task executor complete.
2024-04-23T21:14:44,558  INFO [Thread-491] mapred.LocalJobRunner: Waiting for reduce tasks
2024-04-23T21:14:44,558  INFO [pool-34-thread-1] mapred.LocalJobRunner: Starting task: attempt_local1009005163_0008_r_000000_0
2024-04-23T21:14:44,560  INFO [pool-34-thread-1] mapred.Task:  Using ResourceCalculatorProcessTree : [ ]
2024-04-23T21:14:44,560  INFO [pool-34-thread-1] mapred.ReduceTask: Using ShuffleConsumerPlugin: org.apache.hadoop.mapreduce.task.reduce.Shuffle@71bda2c6
2024-04-23T21:14:44,561  WARN [pool-34-thread-1] impl.MetricsSystemImpl: JobTracker metrics system already initialized!
2024-04-23T21:14:44,561  INFO [pool-34-thread-1] reduce.MergeManagerImpl: MergerManager: memoryLimit=1336252800, maxSingleShuffleLimit=334063200, mergeThreshold=881926912, ioSortFactor=10, memToMemMergeOutputsThreshold=10
2024-04-23T21:14:44,562  INFO [EventFetcher for fetching Map Completion Events] reduce.EventFetcher: attempt_local1009005163_0008_r_000000_0 Thread started: EventFetcher for fetching Map Completion Events
2024-04-23T21:14:44,565  INFO [localfetcher#5] reduce.LocalFetcher: localfetcher#5 about to shuffle output of map attempt_local1009005163_0008_m_000000_0 decomp: 40 len: 44 to MEMORY
2024-04-23T21:14:44,565  INFO [localfetcher#5] reduce.InMemoryMapOutput: Read 40 bytes from map-output for attempt_local1009005163_0008_m_000000_0
2024-04-23T21:14:44,565  INFO [localfetcher#5] reduce.MergeManagerImpl: closeInMemoryFile -> map-output of size: 40, inMemoryMapOutputs.size() -> 1, commitMemory -> 0, usedMemory ->40
2024-04-23T21:14:44,565  INFO [EventFetcher for fetching Map Completion Events] reduce.EventFetcher: EventFetcher is interrupted.. Returning
2024-04-23T21:14:44,566  INFO [pool-34-thread-1] mapred.LocalJobRunner: 1 / 1 copied.
2024-04-23T21:14:44,566  INFO [pool-34-thread-1] reduce.MergeManagerImpl: finalMerge called with 1 in-memory map-outputs and 0 on-disk map-outputs
2024-04-23T21:14:44,572  INFO [pool-34-thread-1] mapred.Merger: Merging 1 sorted segments
2024-04-23T21:14:44,572  INFO [pool-34-thread-1] mapred.Merger: Down to the last merge-pass, with 1 segments left of total size: 28 bytes
2024-04-23T21:14:44,575  INFO [pool-34-thread-1] reduce.MergeManagerImpl: Merged 1 segments, 40 bytes to disk to satisfy reduce memory limit
2024-04-23T21:14:44,575  INFO [pool-34-thread-1] reduce.MergeManagerImpl: Merging 1 files, 44 bytes from disk
2024-04-23T21:14:44,575  INFO [pool-34-thread-1] reduce.MergeManagerImpl: Merging 0 segments, 0 bytes from memory into reduce
2024-04-23T21:14:44,575  INFO [pool-34-thread-1] mapred.Merger: Merging 1 sorted segments
2024-04-23T21:14:44,575  INFO [pool-34-thread-1] mapred.Merger: Down to the last merge-pass, with 1 segments left of total size: 28 bytes
2024-04-23T21:14:44,575  INFO [pool-34-thread-1] mapred.LocalJobRunner: 1 / 1 copied.
2024-04-23T21:14:44,576  INFO [pool-34-thread-1] exec.SerializationUtilities: Deserializing ReduceWork using kryo
2024-04-23T21:14:44,577  INFO [pool-34-thread-1] exec.Utilities: Deserialized plan (via FILE) - name: null size: 6,46KB
2024-04-23T21:14:44,578  INFO [pool-34-thread-1] ExecReducer: 
<SEL>Id =6
  <Children>
    <FS>Id =4
      <Children>
      <\Children>
      <Parent>Id = 6 null<\Parent>
    <\FS>
  <\Children>
  <Parent><\Parent>
<\SEL>
2024-04-23T21:14:44,578  INFO [pool-34-thread-1] exec.SelectOperator: Initializing Operator: SEL[6]
2024-04-23T21:14:44,578  INFO [pool-34-thread-1] exec.SelectOperator: SELECT struct<key:struct<_col2:int>,value:struct<_col0:int,_col1:int>>
2024-04-23T21:14:44,578  INFO [pool-34-thread-1] exec.FileSinkOperator: Initializing Operator: FS[4]
2024-04-23T21:14:44,579  INFO [pool-34-thread-1] exec.FileSinkOperator: Using serializer : AbstractSerDe [log=org.apache.logging.slf4j.Log4jLogger@261f1262, configuration=Optional[Configuration: core-default.xml, core-site.xml, mapred-default.xml, mapred-site.xml, yarn-default.xml, yarn-site.xml, hdfs-default.xml, hdfs-site.xml, file:/home/alex/Repositories/hive/ql/target/tmp/TestTxnNoBuckets/mapred/local/localRunner/alex/job_local1009005163_0008/job_local1009005163_0008.xml], properties={name=default.tmp, columns.types=int:int, serialization.format=1, columns=c1,c2, columns.comments=&amp#0;, partition_columns.types=int, partition_columns=c3, bucketing_version=2, serialization.lib=org.apache.hadoop.hive.ql.io.orc.OrcSerde, file.inputformat=org.apache.hadoop.hive.ql.io.orc.OrcInputFormat, file.outputformat=org.apache.hadoop.hive.ql.io.orc.OrcOutputFormat, location=file:/home/alex/Repositories/hive/ql/target/tmp/org.apache.hadoop.hive.ql.TestTxnNoBuckets-1713932056679/warehouse/tmp, column.name.delimiter=,}, tableProperties={name=default.tmp, columns.types=int:int, serialization.format=1, columns=c1,c2, columns.comments=&amp#0;, partition_columns.types=int, partition_columns=c3, bucketing_version=2, serialization.lib=org.apache.hadoop.hive.ql.io.orc.OrcSerde, file.inputformat=org.apache.hadoop.hive.ql.io.orc.OrcInputFormat, location=file:/home/alex/Repositories/hive/ql/target/tmp/org.apache.hadoop.hive.ql.TestTxnNoBuckets-1713932056679/warehouse/tmp, file.outputformat=org.apache.hadoop.hive.ql.io.orc.OrcOutputFormat, column.name.delimiter=,}, partitionProperties=Optional.empty, columnNames=[c1, c2], columnTypes=[int, int], getClass()=class org.apache.hadoop.hive.ql.io.orc.OrcSerde] and formatter : org.apache.hadoop.hive.ql.io.orc.OrcOutputFormat@197075c4
2024-04-23T21:14:44,581  INFO [pool-34-thread-1] exec.FileSinkOperator: Final Path: FS file:/home/alex/Repositories/hive/ql/target/tmp/org.apache.hadoop.hive.ql.TestTxnNoBuckets-1713932056679/warehouse/tmp/.hive-staging_hive_2024-04-23_21-14-43_945_2433971639414211310-1/_tmp.-ext-10000/c3=0/000000_0
2024-04-23T21:14:44,581  INFO [pool-34-thread-1] exec.FileSinkOperator: Writing to temp file: FS file:/home/alex/Repositories/hive/ql/target/tmp/org.apache.hadoop.hive.ql.TestTxnNoBuckets-1713932056679/warehouse/tmp/.hive-staging_hive_2024-04-23_21-14-43_945_2433971639414211310-1/_task_tmp.-ext-10000/c3=0/_tmp.000000_0
2024-04-23T21:14:44,581  INFO [pool-34-thread-1] exec.FileSinkOperator: New Final Path: FS file:/home/alex/Repositories/hive/ql/target/tmp/org.apache.hadoop.hive.ql.TestTxnNoBuckets-1713932056679/warehouse/tmp/.hive-staging_hive_2024-04-23_21-14-43_945_2433971639414211310-1/_tmp.-ext-10000/c3=0/000000_0
2024-04-23T21:14:44,587  INFO [pool-34-thread-1] exec.FileSinkOperator: FS[4]: records written - 1
2024-04-23T21:14:44,587  INFO [pool-34-thread-1] impl.PhysicalFsWriter: ORC writer created for path: file:/home/alex/Repositories/hive/ql/target/tmp/org.apache.hadoop.hive.ql.TestTxnNoBuckets-1713932056679/warehouse/tmp/.hive-staging_hive_2024-04-23_21-14-43_945_2433971639414211310-1/_task_tmp.-ext-10000/c3=0/_tmp.000000_0 with stripeSize: 67108864 blockSize: 268435456 compression: Compress: ZLIB buffer: 262144
2024-04-23T21:14:44,592  INFO [pool-34-thread-1] impl.WriterImpl: ORC writer created for path: file:/home/alex/Repositories/hive/ql/target/tmp/org.apache.hadoop.hive.ql.TestTxnNoBuckets-1713932056679/warehouse/tmp/.hive-staging_hive_2024-04-23_21-14-43_945_2433971639414211310-1/_task_tmp.-ext-10000/c3=0/_tmp.000000_0 with stripeSize: 67108864 options: Compress: ZLIB buffer: 262144
2024-04-23T21:14:44,595  INFO [pool-34-thread-1] exec.FileSinkOperator: Final Path: FS file:/home/alex/Repositories/hive/ql/target/tmp/org.apache.hadoop.hive.ql.TestTxnNoBuckets-1713932056679/warehouse/tmp/.hive-staging_hive_2024-04-23_21-14-43_945_2433971639414211310-1/_tmp.-ext-10000/c3=3/000000_0
2024-04-23T21:14:44,595  INFO [pool-34-thread-1] exec.FileSinkOperator: Writing to temp file: FS file:/home/alex/Repositories/hive/ql/target/tmp/org.apache.hadoop.hive.ql.TestTxnNoBuckets-1713932056679/warehouse/tmp/.hive-staging_hive_2024-04-23_21-14-43_945_2433971639414211310-1/_task_tmp.-ext-10000/c3=3/_tmp.000000_0
2024-04-23T21:14:44,595  INFO [pool-34-thread-1] exec.FileSinkOperator: New Final Path: FS file:/home/alex/Repositories/hive/ql/target/tmp/org.apache.hadoop.hive.ql.TestTxnNoBuckets-1713932056679/warehouse/tmp/.hive-staging_hive_2024-04-23_21-14-43_945_2433971639414211310-1/_tmp.-ext-10000/c3=3/000000_0
2024-04-23T21:14:44,598  INFO [pool-34-thread-1] impl.PhysicalFsWriter: ORC writer created for path: file:/home/alex/Repositories/hive/ql/target/tmp/org.apache.hadoop.hive.ql.TestTxnNoBuckets-1713932056679/warehouse/tmp/.hive-staging_hive_2024-04-23_21-14-43_945_2433971639414211310-1/_task_tmp.-ext-10000/c3=3/_tmp.000000_0 with stripeSize: 67108864 blockSize: 268435456 compression: Compress: ZLIB buffer: 262144
2024-04-23T21:14:44,603  INFO [pool-34-thread-1] impl.WriterImpl: ORC writer created for path: file:/home/alex/Repositories/hive/ql/target/tmp/org.apache.hadoop.hive.ql.TestTxnNoBuckets-1713932056679/warehouse/tmp/.hive-staging_hive_2024-04-23_21-14-43_945_2433971639414211310-1/_task_tmp.-ext-10000/c3=3/_tmp.000000_0 with stripeSize: 67108864 options: Compress: ZLIB buffer: 262144
2024-04-23T21:14:44,603  INFO [pool-34-thread-1] exec.SelectOperator: Closing Operator: SEL[6]
2024-04-23T21:14:44,603  INFO [pool-34-thread-1] exec.SelectOperator: RECORDS_OUT_INTERMEDIATE:0, RECORDS_OUT_OPERATOR_SEL_6:2, 
2024-04-23T21:14:44,603  INFO [pool-34-thread-1] exec.FileSinkOperator: Closing Operator: FS[4]
2024-04-23T21:14:44,604  INFO [pool-34-thread-1] exec.FileSinkOperator: FS[4]: records written - 2
2024-04-23T21:14:44,604  INFO [pool-34-thread-1] common.FileUtils: Creating directory if it doesn't exist: file:/home/alex/Repositories/hive/ql/target/tmp/org.apache.hadoop.hive.ql.TestTxnNoBuckets-1713932056679/warehouse/tmp/.hive-staging_hive_2024-04-23_21-14-43_945_2433971639414211310-1/_tmp.-ext-10000/c3=0
2024-04-23T21:14:44,608  INFO [pool-34-thread-1] common.FileUtils: Creating directory if it doesn't exist: file:/home/alex/Repositories/hive/ql/target/tmp/org.apache.hadoop.hive.ql.TestTxnNoBuckets-1713932056679/warehouse/tmp/.hive-staging_hive_2024-04-23_21-14-43_945_2433971639414211310-1/_tmp.-ext-10000/c3=3
2024-04-23T21:14:44,617  INFO [pool-34-thread-1] exec.FileSinkOperator: RECORDS_OUT_1_default.tmp:2, TOTAL_TABLE_ROWS_WRITTEN:2, RECORDS_OUT_INTERMEDIATE:0, RECORDS_OUT_OPERATOR_FS_4:2, 
2024-04-23T21:14:44,618  INFO [pool-34-thread-1] mapred.Task: Task:attempt_local1009005163_0008_r_000000_0 is done. And is in the process of committing
2024-04-23T21:14:44,618  INFO [pool-34-thread-1] mapred.LocalJobRunner: reduce > reduce
2024-04-23T21:14:44,618  INFO [pool-34-thread-1] mapred.Task: Task 'attempt_local1009005163_0008_r_000000_0' done.
2024-04-23T21:14:44,618  INFO [pool-34-thread-1] mapred.Task: Final Counters for attempt_local1009005163_0008_r_000000_0: Counters: 31
	File System Counters
		FILE: Number of bytes read=130628
		FILE: Number of bytes written=9432623
		FILE: Number of read operations=0
		FILE: Number of large read operations=0
		FILE: Number of write operations=0
	Map-Reduce Framework
		Combine input records=0
		Combine output records=0
		Reduce input groups=2
		Reduce shuffle bytes=44
		Reduce input records=2
		Reduce output records=0
		Spilled Records=2
		Shuffled Maps =1
		Failed Shuffles=0
		Merged Map outputs=1
		GC time elapsed (ms)=0
		Total committed heap usage (bytes)=1103626240
	HIVE
		CREATED_DYNAMIC_PARTITIONS=2
		CREATED_FILES=2
		RECORDS_OUT_1_default.tmp=2
		RECORDS_OUT_INTERMEDIATE=0
		RECORDS_OUT_OPERATOR_FS_4=2
		RECORDS_OUT_OPERATOR_SEL_6=2
		TOTAL_TABLE_ROWS_WRITTEN=2
	Shuffle Errors
		BAD_ID=0
		CONNECTION=0
		IO_ERROR=0
		WRONG_LENGTH=0
		WRONG_MAP=0
		WRONG_REDUCE=0
	File Output Format Counters 
		Bytes Written=0
2024-04-23T21:14:44,619  INFO [pool-34-thread-1] mapred.LocalJobRunner: Finishing task: attempt_local1009005163_0008_r_000000_0
2024-04-23T21:14:44,619  INFO [Thread-491] mapred.LocalJobRunner: reduce task executor complete.
2024-04-23 21:14:45,520 Stage-1 map = 100%,  reduce = 100%
2024-04-23T21:14:45,520  INFO [main] exec.Task: 2024-04-23 21:14:45,520 Stage-1 map = 100%,  reduce = 100%
Ended Job = job_local1009005163_0008
2024-04-23T21:14:45,521  INFO [main] exec.Task: Ended Job = job_local1009005163_0008
2024-04-23T21:14:45,524  INFO [main] ql.Driver: Starting task [Stage-0:MOVE] in serial mode
Loading data to table default.tmp partition (c3=null)
2024-04-23T21:14:45,524  INFO [main] exec.Task: Loading data to table default.tmp partition (c3=null) from file:/home/alex/Repositories/hive/ql/target/tmp/org.apache.hadoop.hive.ql.TestTxnNoBuckets-1713932056679/warehouse/tmp/.hive-staging_hive_2024-04-23_21-14-43_945_2433971639414211310-1/-ext-10000
2024-04-23T21:14:45,524  INFO [main] HiveMetaStore.audit: ugi=alex	ip=unknown-ip-addr	cmd=get_table : tbl=hive.default.tmp	
2024-04-23T21:14:45,535  INFO [main] metastore.HMSHandler: Skipping translation for processor with null
2024-04-23T21:14:45,536  INFO [main] exec.MoveTask: Partition is: {c3=null}


2024-04-23T21:14:45,537  INFO [main] exec.Task: 

2024-04-23T21:14:45,538  INFO [main] HiveMetaStore.audit: ugi=alex	ip=unknown-ip-addr	cmd=get_table : tbl=hive.default.tmp	
2024-04-23T21:14:45,548  INFO [main] metastore.HMSHandler: Skipping translation for processor with null
2024-04-23T21:14:45,550  INFO [main] HiveMetaStore.audit: ugi=alex	ip=unknown-ip-addr	cmd=get_table : tbl=hive.default.tmp	
2024-04-23T21:14:45,561  INFO [main] metastore.HMSHandler: Skipping translation for processor with null
2024-04-23T21:14:45,561  INFO [main] HiveMetaStore.audit: ugi=alex	ip=unknown-ip-addr	cmd=get_table : tbl=hive.default.tmp	
2024-04-23T21:14:45,571  INFO [main] metastore.HMSHandler: Skipping translation for processor with null
2024-04-23T21:14:45,571  INFO [main] HiveMetaStore.audit: ugi=alex	ip=unknown-ip-addr	cmd=get_partitions_names_ps : tbl=hive.default.tmp[]	
2024-04-23T21:14:45,592  INFO [load-dynamic-partitionsToAdd-0] metadata.Hive: New loading path = file:/home/alex/Repositories/hive/ql/target/tmp/org.apache.hadoop.hive.ql.TestTxnNoBuckets-1713932056679/warehouse/tmp/.hive-staging_hive_2024-04-23_21-14-43_945_2433971639414211310-1/-ext-10000/c3=3 withPartSpec {c3=3}
2024-04-23T21:14:45,592  INFO [load-dynamic-partitionsToAdd-1] metadata.Hive: New loading path = file:/home/alex/Repositories/hive/ql/target/tmp/org.apache.hadoop.hive.ql.TestTxnNoBuckets-1713932056679/warehouse/tmp/.hive-staging_hive_2024-04-23_21-14-43_945_2433971639414211310-1/-ext-10000/c3=0 withPartSpec {c3=0}
2024-04-23T21:14:45,593  INFO [load-dynamic-partitionsToAdd-0] metastore.HiveMetaStoreClient: HMS client filtering is enabled.
2024-04-23T21:14:45,593  INFO [load-dynamic-partitionsToAdd-1] metastore.HiveMetaStoreClient: HMS client filtering is enabled.
2024-04-23T21:14:45,597  INFO [load-dynamic-partitionsToAdd-0] metastore.HMSHandler: 2: Opening raw store with implementation class:org.apache.hadoop.hive.metastore.ObjectStore
2024-04-23T21:14:45,597  INFO [load-dynamic-partitionsToAdd-0] metastore.PersistenceManagerProvider: Configuration datanucleus.autoStartMechanismMode is not set. Defaulting to 'ignored'
2024-04-23T21:14:45,597  INFO [load-dynamic-partitionsToAdd-1] metastore.HMSHandler: 3: Opening raw store with implementation class:org.apache.hadoop.hive.metastore.ObjectStore
2024-04-23T21:14:45,597  INFO [load-dynamic-partitionsToAdd-1] metastore.PersistenceManagerProvider: Configuration datanucleus.autoStartMechanismMode is not set. Defaulting to 'ignored'
2024-04-23T21:14:45,598  INFO [load-dynamic-partitionsToAdd-0] metastore.ObjectStore: RawStore: org.apache.hadoop.hive.metastore.ObjectStore@7ae85988, with PersistenceManager: null will be shutdown
2024-04-23T21:14:45,598  INFO [load-dynamic-partitionsToAdd-0] metastore.ObjectStore: RawStore: org.apache.hadoop.hive.metastore.ObjectStore@7ae85988, with PersistenceManager: org.datanucleus.api.jdo.JDOPersistenceManager@e1ff28d created in the thread with id: 597
2024-04-23T21:14:45,599  INFO [load-dynamic-partitionsToAdd-1] metastore.ObjectStore: RawStore: org.apache.hadoop.hive.metastore.ObjectStore@5822e04d, with PersistenceManager: null will be shutdown
2024-04-23T21:14:45,599  INFO [load-dynamic-partitionsToAdd-1] metastore.ObjectStore: RawStore: org.apache.hadoop.hive.metastore.ObjectStore@5822e04d, with PersistenceManager: org.datanucleus.api.jdo.JDOPersistenceManager@2cf7af6a created in the thread with id: 598
2024-04-23T21:14:45,629  INFO [load-dynamic-partitionsToAdd-1] metastore.HMSHandler: Created RawStore: org.apache.hadoop.hive.metastore.ObjectStore@5822e04d from thread id: 598
2024-04-23T21:14:45,629  INFO [load-dynamic-partitionsToAdd-0] metastore.HMSHandler: Created RawStore: org.apache.hadoop.hive.metastore.ObjectStore@7ae85988 from thread id: 597
2024-04-23T21:14:45,629  INFO [load-dynamic-partitionsToAdd-1] metastore.HMSHandler: HMS server filtering is disabled by configuration
2024-04-23T21:14:45,629  INFO [load-dynamic-partitionsToAdd-0] metastore.HMSHandler: HMS server filtering is disabled by configuration
2024-04-23T21:14:45,629  INFO [load-dynamic-partitionsToAdd-1] metastore.RetryingMetaStoreClient: RetryingMetaStoreClient proxy=class org.apache.hadoop.hive.ql.metadata.SessionHiveMetaStoreClient ugi=alex (auth:SIMPLE) retries=1 delay=1 lifetime=0
2024-04-23T21:14:45,629  INFO [load-dynamic-partitionsToAdd-0] metastore.RetryingMetaStoreClient: RetryingMetaStoreClient proxy=class org.apache.hadoop.hive.ql.metadata.SessionHiveMetaStoreClient ugi=alex (auth:SIMPLE) retries=1 delay=1 lifetime=0
2024-04-23T21:14:45,630  INFO [load-dynamic-partitionsToAdd-1] HiveMetaStore.audit: ugi=alex	ip=unknown-ip-addr	cmd=get_database: default	
2024-04-23T21:14:45,630  INFO [load-dynamic-partitionsToAdd-0] HiveMetaStore.audit: ugi=alex	ip=unknown-ip-addr	cmd=get_database: default	
2024-04-23T21:14:45,632  INFO [load-dynamic-partitionsToAdd-1] common.FileUtils: Creating directory if it doesn't exist: file:/home/alex/Repositories/hive/ql/target/tmp/org.apache.hadoop.hive.ql.TestTxnNoBuckets-1713932056679/warehouse/tmp/c3=0
2024-04-23T21:14:45,633  INFO [load-dynamic-partitionsToAdd-0] common.FileUtils: Creating directory if it doesn't exist: file:/home/alex/Repositories/hive/ql/target/tmp/org.apache.hadoop.hive.ql.TestTxnNoBuckets-1713932056679/warehouse/tmp/c3=3
2024-04-23T21:14:45,638  INFO [load-dynamic-partitionsToAdd-0] HiveMetaStore.audit: ugi=alex	ip=unknown-ip-addr	cmd=Cleaning up thread local RawStore...	
2024-04-23T21:14:45,638  INFO [load-dynamic-partitionsToAdd-0] metastore.ObjectStore: RawStore: org.apache.hadoop.hive.metastore.ObjectStore@7ae85988, with PersistenceManager: org.datanucleus.api.jdo.JDOPersistenceManager@e1ff28d will be shutdown
2024-04-23T21:14:45,638  INFO [load-dynamic-partitionsToAdd-0] HiveMetaStore.audit: ugi=alex	ip=unknown-ip-addr	cmd=Done cleaning up thread local RawStore	
2024-04-23T21:14:45,638  INFO [load-dynamic-partitionsToAdd-0] metastore.HiveMetaStoreClient: Closed a connection to metastore, current connections: -1
2024-04-23T21:14:45,638  INFO [load-dynamic-partitionsToAdd-1] HiveMetaStore.audit: ugi=alex	ip=unknown-ip-addr	cmd=Cleaning up thread local RawStore...	
2024-04-23T21:14:45,638  INFO [load-dynamic-partitionsToAdd-1] metastore.ObjectStore: RawStore: org.apache.hadoop.hive.metastore.ObjectStore@5822e04d, with PersistenceManager: org.datanucleus.api.jdo.JDOPersistenceManager@2cf7af6a will be shutdown
2024-04-23T21:14:45,639  INFO [load-dynamic-partitionsToAdd-1] HiveMetaStore.audit: ugi=alex	ip=unknown-ip-addr	cmd=Done cleaning up thread local RawStore	
2024-04-23T21:14:45,639  INFO [load-dynamic-partitionsToAdd-1] metastore.HiveMetaStoreClient: Closed a connection to metastore, current connections: -2
2024-04-23T21:14:45,639  INFO [main] metadata.Hive: Number of partitionsToAdd to be added is 2
2024-04-23T21:14:45,643  INFO [main] HiveMetaStore.audit: ugi=alex	ip=unknown-ip-addr	cmd=add_partitions	
2024-04-23T21:14:45,725  INFO [main] metadata.Hive: Loaded 2partitionsToAdd
	 Time taken to load dynamic partitions: 0.188 seconds
2024-04-23T21:14:45,725  INFO [main] exec.Task: 	 Time taken to load dynamic partitions: 0.188 seconds
2024-04-23T21:14:45,725  INFO [main] exec.MoveTask: 	 Time taken to load dynamic partitions: 0.188 seconds
2024-04-23T21:14:45,725  INFO [main] exec.MoveTask: Loading partition {c3=3}
2024-04-23T21:14:45,725  INFO [main] exec.MoveTask: Loading partition {c3=0}
	 Time taken for adding to write entity : 0.0 seconds
2024-04-23T21:14:45,725  INFO [main] exec.Task: 	 Time taken for adding to write entity : 0.0 seconds
2024-04-23T21:14:45,726  INFO [main] ql.Driver: Starting task [Stage-2:STATS] in serial mode
2024-04-23T21:14:45,726  INFO [main] HiveMetaStore.audit: ugi=alex	ip=unknown-ip-addr	cmd=get_table : tbl=hive.default.tmp	
2024-04-23T21:14:45,738  INFO [main] metastore.HMSHandler: Skipping translation for processor with null
2024-04-23T21:14:45,738  INFO [main] stats.BasicStatsTask: Executing stats task
2024-04-23T21:14:45,739  INFO [main] fs.FSStatsPublisher: created : file:/home/alex/Repositories/hive/ql/target/tmp/localscratchdir/c896a1fb-210a-4f53-aacd-b68a5f5adf47/hive_2024-04-23_21-14-43_945_2433971639414211310-1/-mr-10001
2024-04-23T21:14:45,740  INFO [main] HiveMetaStore.audit: ugi=alex	ip=unknown-ip-addr	cmd=get_table : tbl=hive.default.tmp	
2024-04-23T21:14:45,756  INFO [main] metastore.HMSHandler: Skipping translation for processor with null
2024-04-23T21:14:45,758  INFO [main] FileOperations: Read stats for default.tmp/c3=3/, numRows, true, 1, false: 
2024-04-23T21:14:45,758  INFO [main] FileOperations: Read stats for default.tmp/c3=3/, rawDataSize, true, 8, false: 
2024-04-23T21:14:45,758  INFO [main] stats.BasicStatsTask: Partition {c3=3} stats: [numFiles=1, numRows=1, totalSize=242, rawDataSize=8, numFilesErasureCoded=0]
2024-04-23T21:14:45,758  INFO [main] FileOperations: Read stats for default.tmp/c3=0/, numRows, true, 1, false: 
2024-04-23T21:14:45,758  INFO [main] FileOperations: Read stats for default.tmp/c3=0/, rawDataSize, true, 8, false: 
2024-04-23T21:14:45,758  INFO [main] stats.BasicStatsTask: Partition {c3=0} stats: [numFiles=1, numRows=1, totalSize=242, rawDataSize=8, numFilesErasureCoded=0]
2024-04-23T21:14:45,759  INFO [main] HiveMetaStore.audit: ugi=alex	ip=unknown-ip-addr	cmd=alter_partitions : tbl=hive.default.tmp	
2024-04-23T21:14:45,759  INFO [main] metastore.HMSHandler: New partition values:[3]
2024-04-23T21:14:45,759  INFO [main] metastore.HMSHandler: New partition values:[0]
2024-04-23T21:14:45,896  INFO [main] metadata.Hive: Dumping metastore api call timing information for : execution phase
2024-04-23T21:14:45,896  INFO [main] metadata.Hive: Total time spent in each metastore function (ms): {add_partitions_(List)=83, isCompatibleWith_(Configuration)=0, getTable_(GetTableRequest)=62, alter_partitions_(String, String, List, EnvironmentContext, String, long)=138, listPartitionNamesRequest_(GetPartitionNamesPsRequest)=29}
MapReduce Jobs Launched: 
2024-04-23T21:14:45,897  INFO [main] ql.Driver: MapReduce Jobs Launched: 
Stage-Stage-1:  HDFS Read: 0 HDFS Write: 0 SUCCESS
2024-04-23T21:14:45,897  INFO [main] ql.Driver: Stage-Stage-1:  HDFS Read: 0 HDFS Write: 0 SUCCESS
Total MapReduce CPU Time Spent: 0 msec
2024-04-23T21:14:45,897  INFO [main] ql.Driver: Total MapReduce CPU Time Spent: 0 msec
2024-04-23T21:14:45,897  INFO [main] ql.Driver: Completed executing command(queryId=alex_20240423211443_b4798201-87c1-48ae-9548-04d038126a41); Time taken: 1.713 seconds
2024-04-23T21:14:45,897  INFO [main] lockmgr.DbTxnManager: Stopped heartbeat for query: alex_20240423211443_b4798201-87c1-48ae-9548-04d038126a41
2024-04-23T21:14:45,902  INFO [main] txn.TxnHandler: Expected to move at least one record from txn_components to completed_txn_components when committing txn! txnid:15
2024-04-23T21:14:45,912  INFO [main] txn.TxnHandler: Removed transactions: ([15]) from MIN_HISTORY_LEVEL
2024-04-23T21:14:45,915  WARN [main] txn.CompactionTxnHandler: No compaction queue record found for Compaction type transaction commit. txnId:15
2024-04-23T21:14:45,915  INFO [main] ql.TxnCommandsBaseForTests: Running the query: insert into tmp  values(1,1,1),(2,2,2)
2024-04-23T21:14:45,916  INFO [main] ql.Context: Deleting scratch dir: file:/home/alex/Repositories/hive/ql/target/tmp/org.apache.hadoop.hive.ql.TestTxnNoBuckets-1713932056679/warehouse/tmp/.hive-staging_hive_2024-04-23_21-14-43_945_2433971639414211310-1
2024-04-23T21:14:45,916  INFO [main] cleanup.SyncCleanupService: Deleted directory: file:/home/alex/Repositories/hive/ql/target/tmp/org.apache.hadoop.hive.ql.TestTxnNoBuckets-1713932056679/warehouse/tmp/.hive-staging_hive_2024-04-23_21-14-43_945_2433971639414211310-1 on fs with scheme file
2024-04-23T21:14:45,916  INFO [main] ql.Context: Deleting scratch dir: file:/home/alex/Repositories/hive/ql/target/tmp/localscratchdir/c896a1fb-210a-4f53-aacd-b68a5f5adf47/hive_2024-04-23_21-14-43_945_2433971639414211310-1
2024-04-23T21:14:45,917  INFO [main] cleanup.SyncCleanupService: Deleted directory: file:/home/alex/Repositories/hive/ql/target/tmp/localscratchdir/c896a1fb-210a-4f53-aacd-b68a5f5adf47/hive_2024-04-23_21-14-43_945_2433971639414211310-1 on fs with scheme file
2024-04-23T21:14:45,917  INFO [main] ql.Driver: Compiling command(queryId=alex_20240423211445_089ee184-cce7-4eca-8571-640716ed6a43): insert into tmp  values(1,1,1),(2,2,2)
2024-04-23T21:14:45,931  INFO [main] txn.TxnHandler: Added entries to MIN_HISTORY_LEVEL for current txns: ([16]) with min_open_txn: 16
2024-04-23T21:14:45,931  INFO [main] lockmgr.DbTxnManager: Opened txnid:16
2024-04-23T21:14:45,933  INFO [main] parse.CalcitePlanner: Starting caching scope for: 
2024-04-23T21:14:45,934  INFO [main] parse.CalcitePlanner: Starting Semantic Analysis
2024-04-23T21:14:45,940  INFO [main] HiveMetaStore.audit: ugi=alex	ip=unknown-ip-addr	cmd=get_table : tbl=hive.default.tmp	
2024-04-23T21:14:45,953  INFO [main] metastore.HMSHandler: Skipping translation for processor with null
2024-04-23T21:14:45,953  INFO [main] parse.CalcitePlanner: Completed phase 1 of Semantic Analysis
2024-04-23T21:14:45,953  INFO [main] parse.CalcitePlanner: Get metadata for source tables
2024-04-23T21:14:45,953  INFO [main] parse.CalcitePlanner: Get metadata for subqueries
2024-04-23T21:14:45,953  INFO [main] parse.CalcitePlanner: Get metadata for destination tables
2024-04-23T21:14:45,953  INFO [main] HiveMetaStore.audit: ugi=alex	ip=unknown-ip-addr	cmd=get_table : tbl=hive.default.tmp	
2024-04-23T21:14:45,969  INFO [main] metastore.HMSHandler: Skipping translation for processor with null
2024-04-23T21:14:45,969  INFO [main] parse.CalcitePlanner: Completed getting MetaData in Semantic Analysis
2024-04-23T21:14:45,969  INFO [main] parse.CalcitePlanner: Disabling LLAP IO encode as ETL query is detected
2024-04-23T21:14:45,991  INFO [main] HiveMetaStore.audit: ugi=alex	ip=unknown-ip-addr	cmd=get_all_table_constraints : tbl=hive._dummy_database._dummy_table	
2024-04-23T21:14:46,052  INFO [main] parse.CalcitePlanner: Get metadata for source tables
2024-04-23T21:14:46,052  INFO [main] parse.CalcitePlanner: Get metadata for subqueries
2024-04-23T21:14:46,052  INFO [main] parse.CalcitePlanner: Get metadata for source tables
2024-04-23T21:14:46,053  INFO [main] HiveMetaStore.audit: ugi=alex	ip=unknown-ip-addr	cmd=get_table : tbl=hive._dummy_database._dummy_table	
2024-04-23T21:14:46,056  INFO [main] parse.CalcitePlanner: Get metadata for subqueries
2024-04-23T21:14:46,056  INFO [main] parse.CalcitePlanner: Get metadata for destination tables
2024-04-23T21:14:46,056  INFO [main] parse.CalcitePlanner: Get metadata for destination tables
2024-04-23T21:14:46,056  INFO [main] HiveMetaStore.audit: ugi=alex	ip=unknown-ip-addr	cmd=get_table : tbl=hive.default.tmp	
2024-04-23T21:14:46,067  INFO [main] metastore.HMSHandler: Skipping translation for processor with null
2024-04-23T21:14:46,071  INFO [main] common.FileUtils: Creating directory if it doesn't exist: file:/home/alex/Repositories/hive/ql/target/tmp/org.apache.hadoop.hive.ql.TestTxnNoBuckets-1713932056679/warehouse/tmp/.hive-staging_hive_2024-04-23_21-14-45_917_9189603406805695420-1
2024-04-23T21:14:46,074  INFO [main] HiveMetaStore.audit: ugi=alex	ip=unknown-ip-addr	cmd=get_not_null_constraints : tbl=hive.default.tmp	
2024-04-23T21:14:46,076  INFO [main] HiveMetaStore.audit: ugi=alex	ip=unknown-ip-addr	cmd=get_check_constraints : tbl=hive.default.tmp	
2024-04-23T21:14:46,077  INFO [main] parse.CalcitePlanner: CBO Succeeded; optimized logical plan.
2024-04-23T21:14:46,082  INFO [main] optimizer.BucketVersionPopulator: not considering bucketingVersion for: TS[0] because it has -1<2 buckets 
2024-04-23T21:14:46,083  INFO [main] optimizer.SortedDynPartitionOptimizer: Sorted dynamic partitioning optimization kicked in..
2024-04-23T21:14:46,083  INFO [main] optimizer.SortedDynPartitionOptimizer: Inserted RS_5 and SEL_6 as parent of FS_4 and child of SEL_3
2024-04-23T21:14:46,092  INFO [main] HiveMetaStore.audit: ugi=alex	ip=unknown-ip-addr	cmd=get_table : tbl=hive.default.tmp	
2024-04-23T21:14:46,103  INFO [main] metastore.HMSHandler: Skipping translation for processor with null
2024-04-23T21:14:46,104  INFO [main] parse.CalcitePlanner: Completed plan generation
2024-04-23T21:14:46,104  INFO [main] parse.CalcitePlanner: Ending caching scope for: 
2024-04-23T21:14:46,104  INFO [main] ql.Driver: Semantic Analysis Completed (retrial = false)
2024-04-23T21:14:46,104  INFO [main] ql.Driver: Created Hive schema: Schema(fieldSchemas:[FieldSchema(name:col1, type:int, comment:null), FieldSchema(name:col2, type:int, comment:null), FieldSchema(name:col3, type:int, comment:null)], properties:null)
2024-04-23T21:14:46,104  INFO [main] metadata.Hive: Dumping metastore api call timing information for : compilation phase
2024-04-23T21:14:46,104  INFO [main] metadata.Hive: Total time spent in each metastore function (ms): {getCheckConstraints_(CheckConstraintsRequest)=1, openTxn_(String, TxnType)=12, getMetaConf_(String)=0, commitTxn_(CommitTxnRequest)=18, getAllTableConstraints_(AllTableConstraintsRequest)=8, getValidTxns_(long)=2, isCompatibleWith_(Configuration)=1, flushCache_()=0, getNotNullConstraints_(NotNullConstraintsRequest)=2, getValidWriteIds_(List, String)=6, getTable_(GetTableRequest)=52}
2024-04-23T21:14:46,104  INFO [main] ql.Driver: Completed compiling command(queryId=alex_20240423211445_089ee184-cce7-4eca-8571-640716ed6a43); Time taken: 0.187 seconds
2024-04-23T21:14:46,105  INFO [main] lockmgr.DbTxnManager: Setting lock request transaction to txnid:16 for queryId=alex_20240423211445_089ee184-cce7-4eca-8571-640716ed6a43
2024-04-23T21:14:46,105  INFO [main] lockmgr.DbLockManager: Requesting lock for queryId=alex_20240423211445_089ee184-cce7-4eca-8571-640716ed6a43
2024-04-23T21:14:46,126  INFO [main] lockmgr.DbLockManager: Response to queryId=alex_20240423211445_089ee184-cce7-4eca-8571-640716ed6a43 LockResponse(lockid:9, state:ACQUIRED)
2024-04-23T21:14:46,126  INFO [main] ql.Driver: Operation QUERY obtained 1 locks
2024-04-23T21:14:46,126  INFO [main] ql.Driver: Executing command(queryId=alex_20240423211445_089ee184-cce7-4eca-8571-640716ed6a43): insert into tmp  values(1,1,1),(2,2,2)
2024-04-23T21:14:46,127  WARN [main] ql.Driver: Hive-on-MR is deprecated in Hive 2 and may not be available in the future versions. Consider using a different execution engine (i.e. tez, spark) or using Hive 1.X releases.
Query ID = alex_20240423211445_089ee184-cce7-4eca-8571-640716ed6a43
2024-04-23T21:14:46,127  INFO [main] ql.Driver: Query ID = alex_20240423211445_089ee184-cce7-4eca-8571-640716ed6a43
Total jobs = 1
2024-04-23T21:14:46,127  INFO [main] ql.Driver: Total jobs = 1
Launching Job 1 out of 1
2024-04-23T21:14:46,127  INFO [main] ql.Driver: Launching Job 1 out of 1
2024-04-23T21:14:46,259  INFO [main] ql.Driver: Starting task [Stage-1:MAPRED] in serial mode
2024-04-23T21:14:46,259  INFO [main] exec.Utilities: Not using thread pool for getContentSummary
2024-04-23T21:14:46,260  INFO [main] exec.Utilities: BytesPerReducer=256000000 maxReducers=1009 totalInputFileSize=1
Number of reduce tasks not specified. Estimated from input data size: 1
2024-04-23T21:14:46,260  INFO [main] exec.Task: Number of reduce tasks not specified. Estimated from input data size: 1
In order to change the average load for a reducer (in bytes):
2024-04-23T21:14:46,260  INFO [main] exec.Task: In order to change the average load for a reducer (in bytes):
  set hive.exec.reducers.bytes.per.reducer=<number>
2024-04-23T21:14:46,260  INFO [main] exec.Task:   set hive.exec.reducers.bytes.per.reducer=<number>
In order to limit the maximum number of reducers:
2024-04-23T21:14:46,260  INFO [main] exec.Task: In order to limit the maximum number of reducers:
  set hive.exec.reducers.max=<number>
2024-04-23T21:14:46,260  INFO [main] exec.Task:   set hive.exec.reducers.max=<number>
In order to set a constant number of reducers:
2024-04-23T21:14:46,260  INFO [main] exec.Task: In order to set a constant number of reducers:
  set mapreduce.job.reduces=<number>
2024-04-23T21:14:46,260  INFO [main] exec.Task:   set mapreduce.job.reduces=<number>
2024-04-23T21:14:46,263  INFO [main] mr.ExecDriver: Using org.apache.hadoop.hive.ql.io.HiveInputFormat
2024-04-23T21:14:46,263  INFO [main] exec.Utilities: Processing alias $hdt$_0:_dummy_table
2024-04-23T21:14:46,263  INFO [main] exec.Utilities: Adding 1 inputs; the first input is file:/home/alex/Repositories/hive/ql/target/tmp/localscratchdir/c896a1fb-210a-4f53-aacd-b68a5f5adf47/hive_2024-04-23_21-14-45_917_9189603406805695420-1/dummy_path
2024-04-23T21:14:46,273  INFO [main] exec.SerializationUtilities: Serializing MapWork using kryo
2024-04-23T21:14:46,274  INFO [main] exec.Utilities: Serialized plan (via FILE) - name: null size: 5,09KB
2024-04-23T21:14:46,279  INFO [main] exec.SerializationUtilities: Serializing ReduceWork using kryo
2024-04-23T21:14:46,280  INFO [main] exec.Utilities: Serialized plan (via FILE) - name: null size: 6,46KB
2024-04-23T21:14:46,281  WARN [main] impl.MetricsSystemImpl: JobTracker metrics system already initialized!
2024-04-23T21:14:46,285  INFO [main] fs.FSStatsPublisher: created : file:/home/alex/Repositories/hive/ql/target/tmp/localscratchdir/c896a1fb-210a-4f53-aacd-b68a5f5adf47/hive_2024-04-23_21-14-45_917_9189603406805695420-1/-mr-10001
2024-04-23T21:14:46,290  WARN [main] impl.MetricsSystemImpl: JobTracker metrics system already initialized!
2024-04-23T21:14:46,298  WARN [main] mapreduce.JobResourceUploader: Hadoop command-line option parsing not performed. Implement the Tool interface and execute your application with ToolRunner to remedy this.
2024-04-23T21:14:46,303  WARN [main] mapreduce.JobResourceUploader: No job jar file set.  User classes may not be found. See Job or Job#setJar(String).
2024-04-23T21:14:46,304  INFO [main] io.HiveInputFormat: hive.io.file.readcolumn.ids = 
2024-04-23T21:14:46,304  INFO [main] io.HiveInputFormat: hive.io.file.readcolumn.names = 
2024-04-23T21:14:46,304  INFO [main] io.HiveInputFormat: Generating splits for dirs: file:/home/alex/Repositories/hive/ql/target/tmp/localscratchdir/c896a1fb-210a-4f53-aacd-b68a5f5adf47/hive_2024-04-23_21-14-45_917_9189603406805695420-1/dummy_path
2024-04-23T21:14:46,305  INFO [main] io.HiveInputFormat: number of splits 1
2024-04-23T21:14:46,328  INFO [main] mapreduce.JobSubmitter: number of splits:1
2024-04-23T21:14:46,349  INFO [main] mapreduce.JobSubmitter: Submitting tokens for job: job_local596307746_0009
2024-04-23T21:14:46,349  INFO [main] mapreduce.JobSubmitter: Executing with tokens: []
2024-04-23T21:14:46,417  INFO [main] mapreduce.Job: The url to track the job: http://localhost:8080/
Job running in-process (local Hadoop)
2024-04-23T21:14:46,417  INFO [main] exec.Task: Job running in-process (local Hadoop)
2024-04-23T21:14:46,418  INFO [Thread-553] mapred.LocalJobRunner: OutputCommitter set in config org.apache.hadoop.hive.ql.io.HiveFileFormatUtils$NullOutputCommitter
2024-04-23T21:14:46,418  INFO [Thread-553] mapred.LocalJobRunner: OutputCommitter is org.apache.hadoop.hive.ql.io.HiveFileFormatUtils$NullOutputCommitter
2024-04-23T21:14:46,420  INFO [Thread-553] mapred.LocalJobRunner: Waiting for map tasks
2024-04-23T21:14:46,420  INFO [LocalJobRunner Map Task Executor #0] mapred.LocalJobRunner: Starting task: attempt_local596307746_0009_m_000000_0
2024-04-23T21:14:46,421  INFO [LocalJobRunner Map Task Executor #0] mapred.Task:  Using ResourceCalculatorProcessTree : [ ]
2024-04-23T21:14:46,422  INFO [LocalJobRunner Map Task Executor #0] mapred.MapTask: Processing split: org.apache.hadoop.hive.ql.io.NullRowsInputFormat:file:/home/alex/Repositories/hive/ql/target/tmp/localscratchdir/c896a1fb-210a-4f53-aacd-b68a5f5adf47/hive_2024-04-23_21-14-45_917_9189603406805695420-1/dummy_path/null:0+1
2024-04-23T21:14:46,422  INFO [LocalJobRunner Map Task Executor #0] exec.SerializationUtilities: Deserializing MapWork using kryo
2024-04-23T21:14:46,423  INFO [LocalJobRunner Map Task Executor #0] exec.Utilities: Deserialized plan (via FILE) - name: null size: 5,09KB
2024-04-23T21:14:46,423  INFO [LocalJobRunner Map Task Executor #0] mapred.MapTask: numReduceTasks: 1
2024-04-23T21:14:46,434  INFO [LocalJobRunner Map Task Executor #0] mapred.MapTask: (EQUATOR) 0 kvi 26214396(104857584)
2024-04-23T21:14:46,434  INFO [LocalJobRunner Map Task Executor #0] mapred.MapTask: mapreduce.task.io.sort.mb: 100
2024-04-23T21:14:46,434  INFO [LocalJobRunner Map Task Executor #0] mapred.MapTask: soft limit at 83886080
2024-04-23T21:14:46,434  INFO [LocalJobRunner Map Task Executor #0] mapred.MapTask: bufstart = 0; bufvoid = 104857600
2024-04-23T21:14:46,434  INFO [LocalJobRunner Map Task Executor #0] mapred.MapTask: kvstart = 26214396; length = 6553600
2024-04-23T21:14:46,435  INFO [LocalJobRunner Map Task Executor #0] mapred.MapTask: Map output collector class = org.apache.hadoop.mapred.MapTask$MapOutputBuffer
2024-04-23T21:14:46,435  INFO [LocalJobRunner Map Task Executor #0] exec.MapOperator: Initializing Operator: MAP[0]
2024-04-23T21:14:46,435  INFO [LocalJobRunner Map Task Executor #0] mr.ExecMapper: 
<MAP>Id =0
  <Children>null
  <\Children>
  <Parent><\Parent>
<\MAP>
2024-04-23T21:14:46,436  INFO [LocalJobRunner Map Task Executor #0] exec.TableScanOperator: Initializing Operator: TS[0]
2024-04-23T21:14:46,436  INFO [LocalJobRunner Map Task Executor #0] exec.SelectOperator: Initializing Operator: SEL[1]
2024-04-23T21:14:46,436  INFO [LocalJobRunner Map Task Executor #0] exec.SelectOperator: SELECT null
2024-04-23T21:14:46,437  INFO [LocalJobRunner Map Task Executor #0] exec.UDTFOperator: Initializing Operator: UDTF[2]
2024-04-23T21:14:46,437  INFO [LocalJobRunner Map Task Executor #0] exec.SelectOperator: Initializing Operator: SEL[3]
2024-04-23T21:14:46,437  INFO [LocalJobRunner Map Task Executor #0] exec.SelectOperator: SELECT struct<col1:int,col2:int,col3:int>
2024-04-23T21:14:46,437  INFO [LocalJobRunner Map Task Executor #0] exec.ReduceSinkOperator: Initializing Operator: RS[5]
2024-04-23T21:14:46,437  INFO [LocalJobRunner Map Task Executor #0] exec.ReduceSinkOperator: Using tag = -1
2024-04-23T21:14:46,438  INFO [LocalJobRunner Map Task Executor #0] exec.ReduceSinkOperator: keys are [_col2] num distributions: 1
2024-04-23T21:14:46,438  INFO [LocalJobRunner Map Task Executor #0] exec.ReduceSinkOperator: RS[5]: records written - 1
2024-04-23T21:14:46,438  INFO [LocalJobRunner Map Task Executor #0] exec.MapOperator: MAP[0]: records read - 1
2024-04-23T21:14:46,438  INFO [LocalJobRunner Map Task Executor #0] exec.MapOperator: Closing Operator: MAP[0]
2024-04-23T21:14:46,438  INFO [LocalJobRunner Map Task Executor #0] exec.MapOperator: MAP[0]: Total records read - 3. abort - false
2024-04-23T21:14:46,438  INFO [LocalJobRunner Map Task Executor #0] exec.MapOperator: DESERIALIZE_ERRORS:0, RECORDS_IN:3, RECORDS_OUT_OPERATOR_MAP_0:0, RECORDS_OUT_INTERMEDIATE:0, 
2024-04-23T21:14:46,438  INFO [LocalJobRunner Map Task Executor #0] exec.TableScanOperator: Closing Operator: TS[0]
2024-04-23T21:14:46,438  INFO [LocalJobRunner Map Task Executor #0] exec.TableScanOperator: RECORDS_OUT_INTERMEDIATE:0, RECORDS_OUT_OPERATOR_TS_0:1, 
2024-04-23T21:14:46,438  INFO [LocalJobRunner Map Task Executor #0] exec.SelectOperator: Closing Operator: SEL[1]
2024-04-23T21:14:46,438  INFO [LocalJobRunner Map Task Executor #0] exec.SelectOperator: RECORDS_OUT_INTERMEDIATE:0, RECORDS_OUT_OPERATOR_SEL_1:1, 
2024-04-23T21:14:46,438  INFO [LocalJobRunner Map Task Executor #0] exec.UDTFOperator: Closing Operator: UDTF[2]
2024-04-23T21:14:46,438  INFO [LocalJobRunner Map Task Executor #0] exec.UDTFOperator: RECORDS_OUT_OPERATOR_UDTF_2:2, RECORDS_OUT_INTERMEDIATE:0, 
2024-04-23T21:14:46,438  INFO [LocalJobRunner Map Task Executor #0] exec.SelectOperator: Closing Operator: SEL[3]
2024-04-23T21:14:46,438  INFO [LocalJobRunner Map Task Executor #0] exec.SelectOperator: RECORDS_OUT_OPERATOR_SEL_3:2, RECORDS_OUT_INTERMEDIATE:0, 
2024-04-23T21:14:46,439  INFO [LocalJobRunner Map Task Executor #0] exec.ReduceSinkOperator: Closing Operator: RS[5]
2024-04-23T21:14:46,439  INFO [LocalJobRunner Map Task Executor #0] exec.ReduceSinkOperator: RS[5]: Total records written - 2. abort - false
2024-04-23T21:14:46,439  INFO [LocalJobRunner Map Task Executor #0] exec.ReduceSinkOperator: RECORDS_OUT_INTERMEDIATE:2, RECORDS_OUT_OPERATOR_RS_5:2, 
2024-04-23T21:14:46,439  INFO [LocalJobRunner Map Task Executor #0] mapred.LocalJobRunner: 
2024-04-23T21:14:46,439  INFO [LocalJobRunner Map Task Executor #0] mapred.MapTask: Starting flush of map output
2024-04-23T21:14:46,440  INFO [LocalJobRunner Map Task Executor #0] mapred.MapTask: Spilling map output
2024-04-23T21:14:46,440  INFO [LocalJobRunner Map Task Executor #0] mapred.MapTask: bufstart = 0; bufend = 34; bufvoid = 104857600
2024-04-23T21:14:46,440  INFO [LocalJobRunner Map Task Executor #0] mapred.MapTask: kvstart = 26214396(104857584); kvend = 26214392(104857568); length = 5/6553600
2024-04-23T21:14:46,451  INFO [LocalJobRunner Map Task Executor #0] mapred.MapTask: Finished spill 0
2024-04-23T21:14:46,455  INFO [LocalJobRunner Map Task Executor #0] mapred.Task: Task:attempt_local596307746_0009_m_000000_0 is done. And is in the process of committing
2024-04-23T21:14:46,456  INFO [LocalJobRunner Map Task Executor #0] mapred.LocalJobRunner: map
2024-04-23T21:14:46,456  INFO [LocalJobRunner Map Task Executor #0] mapred.Task: Task 'attempt_local596307746_0009_m_000000_0' done.
2024-04-23T21:14:46,456  INFO [LocalJobRunner Map Task Executor #0] mapred.Task: Final Counters for attempt_local596307746_0009_m_000000_0: Counters: 26
	File System Counters
		FILE: Number of bytes read=136299
		FILE: Number of bytes written=10609640
		FILE: Number of read operations=0
		FILE: Number of large read operations=0
		FILE: Number of write operations=0
	Map-Reduce Framework
		Map input records=4
		Map output records=2
		Map output bytes=34
		Map output materialized bytes=44
		Input split bytes=361
		Combine input records=0
		Spilled Records=2
		Failed Shuffles=0
		Merged Map outputs=0
		GC time elapsed (ms)=6
		Total committed heap usage (bytes)=1103101952
	HIVE
		DESERIALIZE_ERRORS=0
		RECORDS_IN=3
		RECORDS_OUT_INTERMEDIATE=2
		RECORDS_OUT_OPERATOR_MAP_0=0
		RECORDS_OUT_OPERATOR_RS_5=2
		RECORDS_OUT_OPERATOR_SEL_1=1
		RECORDS_OUT_OPERATOR_SEL_3=2
		RECORDS_OUT_OPERATOR_TS_0=1
		RECORDS_OUT_OPERATOR_UDTF_2=2
	File Input Format Counters 
		Bytes Read=5143
2024-04-23T21:14:46,456  INFO [LocalJobRunner Map Task Executor #0] mapred.LocalJobRunner: Finishing task: attempt_local596307746_0009_m_000000_0
2024-04-23T21:14:46,456  INFO [Thread-553] mapred.LocalJobRunner: map task executor complete.
2024-04-23T21:14:46,457  INFO [Thread-553] mapred.LocalJobRunner: Waiting for reduce tasks
2024-04-23T21:14:46,457  INFO [pool-43-thread-1] mapred.LocalJobRunner: Starting task: attempt_local596307746_0009_r_000000_0
2024-04-23T21:14:46,458  INFO [pool-43-thread-1] mapred.Task:  Using ResourceCalculatorProcessTree : [ ]
2024-04-23T21:14:46,458  INFO [pool-43-thread-1] mapred.ReduceTask: Using ShuffleConsumerPlugin: org.apache.hadoop.mapreduce.task.reduce.Shuffle@324f643a
2024-04-23T21:14:46,458  WARN [pool-43-thread-1] impl.MetricsSystemImpl: JobTracker metrics system already initialized!
2024-04-23T21:14:46,459  INFO [pool-43-thread-1] reduce.MergeManagerImpl: MergerManager: memoryLimit=1336252800, maxSingleShuffleLimit=334063200, mergeThreshold=881926912, ioSortFactor=10, memToMemMergeOutputsThreshold=10
2024-04-23T21:14:46,460  INFO [EventFetcher for fetching Map Completion Events] reduce.EventFetcher: attempt_local596307746_0009_r_000000_0 Thread started: EventFetcher for fetching Map Completion Events
2024-04-23T21:14:46,461  INFO [localfetcher#6] reduce.LocalFetcher: localfetcher#6 about to shuffle output of map attempt_local596307746_0009_m_000000_0 decomp: 40 len: 44 to MEMORY
2024-04-23T21:14:46,461  INFO [localfetcher#6] reduce.InMemoryMapOutput: Read 40 bytes from map-output for attempt_local596307746_0009_m_000000_0
2024-04-23T21:14:46,461  INFO [localfetcher#6] reduce.MergeManagerImpl: closeInMemoryFile -> map-output of size: 40, inMemoryMapOutputs.size() -> 1, commitMemory -> 0, usedMemory ->40
2024-04-23T21:14:46,461  INFO [EventFetcher for fetching Map Completion Events] reduce.EventFetcher: EventFetcher is interrupted.. Returning
2024-04-23T21:14:46,462  INFO [pool-43-thread-1] mapred.LocalJobRunner: 1 / 1 copied.
2024-04-23T21:14:46,462  INFO [pool-43-thread-1] reduce.MergeManagerImpl: finalMerge called with 1 in-memory map-outputs and 0 on-disk map-outputs
2024-04-23T21:14:46,468  INFO [pool-43-thread-1] mapred.Merger: Merging 1 sorted segments
2024-04-23T21:14:46,468  INFO [pool-43-thread-1] mapred.Merger: Down to the last merge-pass, with 1 segments left of total size: 28 bytes
2024-04-23T21:14:46,471  INFO [pool-43-thread-1] reduce.MergeManagerImpl: Merged 1 segments, 40 bytes to disk to satisfy reduce memory limit
2024-04-23T21:14:46,471  INFO [pool-43-thread-1] reduce.MergeManagerImpl: Merging 1 files, 44 bytes from disk
2024-04-23T21:14:46,471  INFO [pool-43-thread-1] reduce.MergeManagerImpl: Merging 0 segments, 0 bytes from memory into reduce
2024-04-23T21:14:46,471  INFO [pool-43-thread-1] mapred.Merger: Merging 1 sorted segments
2024-04-23T21:14:46,471  INFO [pool-43-thread-1] mapred.Merger: Down to the last merge-pass, with 1 segments left of total size: 28 bytes
2024-04-23T21:14:46,471  INFO [pool-43-thread-1] mapred.LocalJobRunner: 1 / 1 copied.
2024-04-23T21:14:46,472  INFO [pool-43-thread-1] exec.SerializationUtilities: Deserializing ReduceWork using kryo
2024-04-23T21:14:46,473  INFO [pool-43-thread-1] exec.Utilities: Deserialized plan (via FILE) - name: null size: 6,46KB
2024-04-23T21:14:46,474  INFO [pool-43-thread-1] ExecReducer: 
<SEL>Id =6
  <Children>
    <FS>Id =4
      <Children>
      <\Children>
      <Parent>Id = 6 null<\Parent>
    <\FS>
  <\Children>
  <Parent><\Parent>
<\SEL>
2024-04-23T21:14:46,474  INFO [pool-43-thread-1] exec.SelectOperator: Initializing Operator: SEL[6]
2024-04-23T21:14:46,474  INFO [pool-43-thread-1] exec.SelectOperator: SELECT struct<key:struct<_col2:int>,value:struct<_col0:int,_col1:int>>
2024-04-23T21:14:46,474  INFO [pool-43-thread-1] exec.FileSinkOperator: Initializing Operator: FS[4]
2024-04-23T21:14:46,474  INFO [pool-43-thread-1] exec.FileSinkOperator: Using serializer : AbstractSerDe [log=org.apache.logging.slf4j.Log4jLogger@261f1262, configuration=Optional[Configuration: core-default.xml, core-site.xml, mapred-default.xml, mapred-site.xml, yarn-default.xml, yarn-site.xml, hdfs-default.xml, hdfs-site.xml, file:/home/alex/Repositories/hive/ql/target/tmp/TestTxnNoBuckets/mapred/local/localRunner/alex/job_local596307746_0009/job_local596307746_0009.xml], properties={name=default.tmp, columns.types=int:int, serialization.format=1, columns=c1,c2, columns.comments=&amp#0;, partition_columns.types=int, partition_columns=c3, bucketing_version=2, serialization.lib=org.apache.hadoop.hive.ql.io.orc.OrcSerde, file.inputformat=org.apache.hadoop.hive.ql.io.orc.OrcInputFormat, file.outputformat=org.apache.hadoop.hive.ql.io.orc.OrcOutputFormat, location=file:/home/alex/Repositories/hive/ql/target/tmp/org.apache.hadoop.hive.ql.TestTxnNoBuckets-1713932056679/warehouse/tmp, column.name.delimiter=,}, tableProperties={name=default.tmp, columns.types=int:int, serialization.format=1, columns=c1,c2, columns.comments=&amp#0;, partition_columns.types=int, partition_columns=c3, bucketing_version=2, serialization.lib=org.apache.hadoop.hive.ql.io.orc.OrcSerde, file.inputformat=org.apache.hadoop.hive.ql.io.orc.OrcInputFormat, location=file:/home/alex/Repositories/hive/ql/target/tmp/org.apache.hadoop.hive.ql.TestTxnNoBuckets-1713932056679/warehouse/tmp, file.outputformat=org.apache.hadoop.hive.ql.io.orc.OrcOutputFormat, column.name.delimiter=,}, partitionProperties=Optional.empty, columnNames=[c1, c2], columnTypes=[int, int], getClass()=class org.apache.hadoop.hive.ql.io.orc.OrcSerde] and formatter : org.apache.hadoop.hive.ql.io.orc.OrcOutputFormat@57cb1a13
2024-04-23T21:14:46,475  INFO [pool-43-thread-1] exec.FileSinkOperator: Final Path: FS file:/home/alex/Repositories/hive/ql/target/tmp/org.apache.hadoop.hive.ql.TestTxnNoBuckets-1713932056679/warehouse/tmp/.hive-staging_hive_2024-04-23_21-14-45_917_9189603406805695420-1/_tmp.-ext-10000/c3=1/000000_0
2024-04-23T21:14:46,475  INFO [pool-43-thread-1] exec.FileSinkOperator: Writing to temp file: FS file:/home/alex/Repositories/hive/ql/target/tmp/org.apache.hadoop.hive.ql.TestTxnNoBuckets-1713932056679/warehouse/tmp/.hive-staging_hive_2024-04-23_21-14-45_917_9189603406805695420-1/_task_tmp.-ext-10000/c3=1/_tmp.000000_0
2024-04-23T21:14:46,475  INFO [pool-43-thread-1] exec.FileSinkOperator: New Final Path: FS file:/home/alex/Repositories/hive/ql/target/tmp/org.apache.hadoop.hive.ql.TestTxnNoBuckets-1713932056679/warehouse/tmp/.hive-staging_hive_2024-04-23_21-14-45_917_9189603406805695420-1/_tmp.-ext-10000/c3=1/000000_0
2024-04-23T21:14:46,480  INFO [pool-43-thread-1] exec.FileSinkOperator: FS[4]: records written - 1
2024-04-23T21:14:46,480  INFO [pool-43-thread-1] impl.PhysicalFsWriter: ORC writer created for path: file:/home/alex/Repositories/hive/ql/target/tmp/org.apache.hadoop.hive.ql.TestTxnNoBuckets-1713932056679/warehouse/tmp/.hive-staging_hive_2024-04-23_21-14-45_917_9189603406805695420-1/_task_tmp.-ext-10000/c3=1/_tmp.000000_0 with stripeSize: 67108864 blockSize: 268435456 compression: Compress: ZLIB buffer: 262144
2024-04-23T21:14:46,485  INFO [pool-43-thread-1] impl.WriterImpl: ORC writer created for path: file:/home/alex/Repositories/hive/ql/target/tmp/org.apache.hadoop.hive.ql.TestTxnNoBuckets-1713932056679/warehouse/tmp/.hive-staging_hive_2024-04-23_21-14-45_917_9189603406805695420-1/_task_tmp.-ext-10000/c3=1/_tmp.000000_0 with stripeSize: 67108864 options: Compress: ZLIB buffer: 262144
2024-04-23T21:14:46,488  INFO [pool-43-thread-1] exec.FileSinkOperator: Final Path: FS file:/home/alex/Repositories/hive/ql/target/tmp/org.apache.hadoop.hive.ql.TestTxnNoBuckets-1713932056679/warehouse/tmp/.hive-staging_hive_2024-04-23_21-14-45_917_9189603406805695420-1/_tmp.-ext-10000/c3=2/000000_0
2024-04-23T21:14:46,488  INFO [pool-43-thread-1] exec.FileSinkOperator: Writing to temp file: FS file:/home/alex/Repositories/hive/ql/target/tmp/org.apache.hadoop.hive.ql.TestTxnNoBuckets-1713932056679/warehouse/tmp/.hive-staging_hive_2024-04-23_21-14-45_917_9189603406805695420-1/_task_tmp.-ext-10000/c3=2/_tmp.000000_0
2024-04-23T21:14:46,488  INFO [pool-43-thread-1] exec.FileSinkOperator: New Final Path: FS file:/home/alex/Repositories/hive/ql/target/tmp/org.apache.hadoop.hive.ql.TestTxnNoBuckets-1713932056679/warehouse/tmp/.hive-staging_hive_2024-04-23_21-14-45_917_9189603406805695420-1/_tmp.-ext-10000/c3=2/000000_0
2024-04-23T21:14:46,490  INFO [pool-43-thread-1] impl.PhysicalFsWriter: ORC writer created for path: file:/home/alex/Repositories/hive/ql/target/tmp/org.apache.hadoop.hive.ql.TestTxnNoBuckets-1713932056679/warehouse/tmp/.hive-staging_hive_2024-04-23_21-14-45_917_9189603406805695420-1/_task_tmp.-ext-10000/c3=2/_tmp.000000_0 with stripeSize: 67108864 blockSize: 268435456 compression: Compress: ZLIB buffer: 262144
2024-04-23T21:14:46,495  INFO [pool-43-thread-1] impl.WriterImpl: ORC writer created for path: file:/home/alex/Repositories/hive/ql/target/tmp/org.apache.hadoop.hive.ql.TestTxnNoBuckets-1713932056679/warehouse/tmp/.hive-staging_hive_2024-04-23_21-14-45_917_9189603406805695420-1/_task_tmp.-ext-10000/c3=2/_tmp.000000_0 with stripeSize: 67108864 options: Compress: ZLIB buffer: 262144
2024-04-23T21:14:46,496  INFO [pool-43-thread-1] exec.SelectOperator: Closing Operator: SEL[6]
2024-04-23T21:14:46,496  INFO [pool-43-thread-1] exec.SelectOperator: RECORDS_OUT_OPERATOR_SEL_6:2, RECORDS_OUT_INTERMEDIATE:0, 
2024-04-23T21:14:46,496  INFO [pool-43-thread-1] exec.FileSinkOperator: Closing Operator: FS[4]
2024-04-23T21:14:46,496  INFO [pool-43-thread-1] exec.FileSinkOperator: FS[4]: records written - 2
2024-04-23T21:14:46,496  INFO [pool-43-thread-1] common.FileUtils: Creating directory if it doesn't exist: file:/home/alex/Repositories/hive/ql/target/tmp/org.apache.hadoop.hive.ql.TestTxnNoBuckets-1713932056679/warehouse/tmp/.hive-staging_hive_2024-04-23_21-14-45_917_9189603406805695420-1/_tmp.-ext-10000/c3=1
2024-04-23T21:14:46,500  INFO [pool-43-thread-1] common.FileUtils: Creating directory if it doesn't exist: file:/home/alex/Repositories/hive/ql/target/tmp/org.apache.hadoop.hive.ql.TestTxnNoBuckets-1713932056679/warehouse/tmp/.hive-staging_hive_2024-04-23_21-14-45_917_9189603406805695420-1/_tmp.-ext-10000/c3=2
2024-04-23T21:14:46,509  INFO [pool-43-thread-1] exec.FileSinkOperator: RECORDS_OUT_OPERATOR_FS_4:2, RECORDS_OUT_1_default.tmp:2, RECORDS_OUT_INTERMEDIATE:0, TOTAL_TABLE_ROWS_WRITTEN:2, 
2024-04-23T21:14:46,510  INFO [pool-43-thread-1] mapred.Task: Task:attempt_local596307746_0009_r_000000_0 is done. And is in the process of committing
2024-04-23T21:14:46,510  INFO [pool-43-thread-1] mapred.LocalJobRunner: reduce > reduce
2024-04-23T21:14:46,510  INFO [pool-43-thread-1] mapred.Task: Task 'attempt_local596307746_0009_r_000000_0' done.
2024-04-23T21:14:46,510  INFO [pool-43-thread-1] mapred.Task: Final Counters for attempt_local596307746_0009_r_000000_0: Counters: 31
	File System Counters
		FILE: Number of bytes read=142940
		FILE: Number of bytes written=10610311
		FILE: Number of read operations=0
		FILE: Number of large read operations=0
		FILE: Number of write operations=0
	Map-Reduce Framework
		Combine input records=0
		Combine output records=0
		Reduce input groups=2
		Reduce shuffle bytes=44
		Reduce input records=2
		Reduce output records=0
		Spilled Records=2
		Shuffled Maps =1
		Failed Shuffles=0
		Merged Map outputs=1
		GC time elapsed (ms)=0
		Total committed heap usage (bytes)=1103101952
	HIVE
		CREATED_DYNAMIC_PARTITIONS=2
		CREATED_FILES=2
		RECORDS_OUT_1_default.tmp=2
		RECORDS_OUT_INTERMEDIATE=0
		RECORDS_OUT_OPERATOR_FS_4=2
		RECORDS_OUT_OPERATOR_SEL_6=2
		TOTAL_TABLE_ROWS_WRITTEN=2
	Shuffle Errors
		BAD_ID=0
		CONNECTION=0
		IO_ERROR=0
		WRONG_LENGTH=0
		WRONG_MAP=0
		WRONG_REDUCE=0
	File Output Format Counters 
		Bytes Written=0
2024-04-23T21:14:46,510  INFO [pool-43-thread-1] mapred.LocalJobRunner: Finishing task: attempt_local596307746_0009_r_000000_0
2024-04-23T21:14:46,510  INFO [Thread-553] mapred.LocalJobRunner: reduce task executor complete.
2024-04-23 21:14:47,421 Stage-1 map = 100%,  reduce = 100%
2024-04-23T21:14:47,421  INFO [main] exec.Task: 2024-04-23 21:14:47,421 Stage-1 map = 100%,  reduce = 100%
Ended Job = job_local596307746_0009
2024-04-23T21:14:47,423  INFO [main] exec.Task: Ended Job = job_local596307746_0009
2024-04-23T21:14:47,426  INFO [main] ql.Driver: Starting task [Stage-0:MOVE] in serial mode
Loading data to table default.tmp partition (c3=null)
2024-04-23T21:14:47,426  INFO [main] exec.Task: Loading data to table default.tmp partition (c3=null) from file:/home/alex/Repositories/hive/ql/target/tmp/org.apache.hadoop.hive.ql.TestTxnNoBuckets-1713932056679/warehouse/tmp/.hive-staging_hive_2024-04-23_21-14-45_917_9189603406805695420-1/-ext-10000
2024-04-23T21:14:47,426  INFO [main] HiveMetaStore.audit: ugi=alex	ip=unknown-ip-addr	cmd=get_table : tbl=hive.default.tmp	
2024-04-23T21:14:47,436  INFO [main] metastore.HMSHandler: Skipping translation for processor with null
2024-04-23T21:14:47,436  INFO [main] exec.MoveTask: Partition is: {c3=null}


2024-04-23T21:14:47,437  INFO [main] exec.Task: 

2024-04-23T21:14:47,437  INFO [main] HiveMetaStore.audit: ugi=alex	ip=unknown-ip-addr	cmd=get_table : tbl=hive.default.tmp	
2024-04-23T21:14:47,448  INFO [main] metastore.HMSHandler: Skipping translation for processor with null
2024-04-23T21:14:47,448  INFO [main] HiveMetaStore.audit: ugi=alex	ip=unknown-ip-addr	cmd=get_table : tbl=hive.default.tmp	
2024-04-23T21:14:47,458  INFO [main] metastore.HMSHandler: Skipping translation for processor with null
2024-04-23T21:14:47,458  INFO [main] HiveMetaStore.audit: ugi=alex	ip=unknown-ip-addr	cmd=get_table : tbl=hive.default.tmp	
2024-04-23T21:14:47,468  INFO [main] metastore.HMSHandler: Skipping translation for processor with null
2024-04-23T21:14:47,468  INFO [main] HiveMetaStore.audit: ugi=alex	ip=unknown-ip-addr	cmd=get_partitions_names_ps : tbl=hive.default.tmp[]	
2024-04-23T21:14:47,480  INFO [main] HiveMetaStore.audit: ugi=alex	ip=unknown-ip-addr	cmd=get_table : tbl=hive.default.tmp	
2024-04-23T21:14:47,491  INFO [main] metastore.HMSHandler: Skipping translation for processor with null
2024-04-23T21:14:47,491  INFO [main] HiveMetaStore.audit: ugi=alex	ip=unknown-ip-addr	cmd=get_partitions_by_names : tbl=hive.default.tmp	
2024-04-23T21:14:47,505  INFO [main] metastore.HMSHandler: Skipping translation for processor with null
2024-04-23T21:14:47,511  INFO [load-dynamic-partitionsToAdd-0] metadata.Hive: New loading path = file:/home/alex/Repositories/hive/ql/target/tmp/org.apache.hadoop.hive.ql.TestTxnNoBuckets-1713932056679/warehouse/tmp/.hive-staging_hive_2024-04-23_21-14-45_917_9189603406805695420-1/-ext-10000/c3=1 withPartSpec {c3=1}
2024-04-23T21:14:47,511  INFO [load-dynamic-partitionsToAdd-1] metadata.Hive: New loading path = file:/home/alex/Repositories/hive/ql/target/tmp/org.apache.hadoop.hive.ql.TestTxnNoBuckets-1713932056679/warehouse/tmp/.hive-staging_hive_2024-04-23_21-14-45_917_9189603406805695420-1/-ext-10000/c3=2 withPartSpec {c3=2}
2024-04-23T21:14:47,512  INFO [load-dynamic-partitionsToAdd-1] metastore.HiveMetaStoreClient: HMS client filtering is enabled.
2024-04-23T21:14:47,513  INFO [load-dynamic-partitionsToAdd-0] metastore.HiveMetaStoreClient: HMS client filtering is enabled.
2024-04-23T21:14:47,514  INFO [load-dynamic-partitionsToAdd-0] metastore.HMSHandler: 5: Opening raw store with implementation class:org.apache.hadoop.hive.metastore.ObjectStore
2024-04-23T21:14:47,514  INFO [load-dynamic-partitionsToAdd-0] metastore.PersistenceManagerProvider: Configuration datanucleus.autoStartMechanismMode is not set. Defaulting to 'ignored'
2024-04-23T21:14:47,514  INFO [load-dynamic-partitionsToAdd-1] metastore.HMSHandler: 4: Opening raw store with implementation class:org.apache.hadoop.hive.metastore.ObjectStore
2024-04-23T21:14:47,514  INFO [load-dynamic-partitionsToAdd-1] metastore.PersistenceManagerProvider: Configuration datanucleus.autoStartMechanismMode is not set. Defaulting to 'ignored'
2024-04-23T21:14:47,515  INFO [load-dynamic-partitionsToAdd-0] metastore.ObjectStore: RawStore: org.apache.hadoop.hive.metastore.ObjectStore@57f2642d, with PersistenceManager: null will be shutdown
2024-04-23T21:14:47,515  INFO [load-dynamic-partitionsToAdd-0] metastore.ObjectStore: RawStore: org.apache.hadoop.hive.metastore.ObjectStore@57f2642d, with PersistenceManager: org.datanucleus.api.jdo.JDOPersistenceManager@1f8d7553 created in the thread with id: 675
2024-04-23T21:14:47,515  INFO [load-dynamic-partitionsToAdd-1] metastore.ObjectStore: RawStore: org.apache.hadoop.hive.metastore.ObjectStore@4837bb9, with PersistenceManager: null will be shutdown
2024-04-23T21:14:47,516  INFO [load-dynamic-partitionsToAdd-1] metastore.ObjectStore: RawStore: org.apache.hadoop.hive.metastore.ObjectStore@4837bb9, with PersistenceManager: org.datanucleus.api.jdo.JDOPersistenceManager@17aa58ec created in the thread with id: 676
2024-04-23T21:14:47,519  INFO [load-dynamic-partitionsToAdd-0] metastore.HMSHandler: Created RawStore: org.apache.hadoop.hive.metastore.ObjectStore@57f2642d from thread id: 675
2024-04-23T21:14:47,519  INFO [load-dynamic-partitionsToAdd-1] metastore.HMSHandler: Created RawStore: org.apache.hadoop.hive.metastore.ObjectStore@4837bb9 from thread id: 676
2024-04-23T21:14:47,519  INFO [load-dynamic-partitionsToAdd-1] metastore.HMSHandler: HMS server filtering is disabled by configuration
2024-04-23T21:14:47,519  INFO [load-dynamic-partitionsToAdd-0] metastore.HMSHandler: HMS server filtering is disabled by configuration
2024-04-23T21:14:47,520  INFO [load-dynamic-partitionsToAdd-0] metastore.RetryingMetaStoreClient: RetryingMetaStoreClient proxy=class org.apache.hadoop.hive.ql.metadata.SessionHiveMetaStoreClient ugi=alex (auth:SIMPLE) retries=1 delay=1 lifetime=0
2024-04-23T21:14:47,520  INFO [load-dynamic-partitionsToAdd-1] metastore.RetryingMetaStoreClient: RetryingMetaStoreClient proxy=class org.apache.hadoop.hive.ql.metadata.SessionHiveMetaStoreClient ugi=alex (auth:SIMPLE) retries=1 delay=1 lifetime=0
2024-04-23T21:14:47,520  INFO [load-dynamic-partitionsToAdd-0] HiveMetaStore.audit: ugi=alex	ip=unknown-ip-addr	cmd=get_database: default	
2024-04-23T21:14:47,520  INFO [load-dynamic-partitionsToAdd-1] HiveMetaStore.audit: ugi=alex	ip=unknown-ip-addr	cmd=get_database: default	
2024-04-23T21:14:47,522  INFO [load-dynamic-partitionsToAdd-0] common.FileUtils: Creating directory if it doesn't exist: file:/home/alex/Repositories/hive/ql/target/tmp/org.apache.hadoop.hive.ql.TestTxnNoBuckets-1713932056679/warehouse/tmp/c3=1
2024-04-23T21:14:47,522  INFO [load-dynamic-partitionsToAdd-1] common.FileUtils: Creating directory if it doesn't exist: file:/home/alex/Repositories/hive/ql/target/tmp/org.apache.hadoop.hive.ql.TestTxnNoBuckets-1713932056679/warehouse/tmp/c3=2
2024-04-23T21:14:47,525  INFO [load-dynamic-partitionsToAdd-0] HiveMetaStore.audit: ugi=alex	ip=unknown-ip-addr	cmd=Cleaning up thread local RawStore...	
2024-04-23T21:14:47,525  INFO [load-dynamic-partitionsToAdd-0] metastore.ObjectStore: RawStore: org.apache.hadoop.hive.metastore.ObjectStore@57f2642d, with PersistenceManager: org.datanucleus.api.jdo.JDOPersistenceManager@1f8d7553 will be shutdown
2024-04-23T21:14:47,526  INFO [load-dynamic-partitionsToAdd-0] HiveMetaStore.audit: ugi=alex	ip=unknown-ip-addr	cmd=Done cleaning up thread local RawStore	
2024-04-23T21:14:47,526  INFO [load-dynamic-partitionsToAdd-0] metastore.HiveMetaStoreClient: Closed a connection to metastore, current connections: -3
2024-04-23T21:14:47,526  INFO [load-dynamic-partitionsToAdd-1] HiveMetaStore.audit: ugi=alex	ip=unknown-ip-addr	cmd=Cleaning up thread local RawStore...	
2024-04-23T21:14:47,526  INFO [load-dynamic-partitionsToAdd-1] metastore.ObjectStore: RawStore: org.apache.hadoop.hive.metastore.ObjectStore@4837bb9, with PersistenceManager: org.datanucleus.api.jdo.JDOPersistenceManager@17aa58ec will be shutdown
2024-04-23T21:14:47,526  INFO [load-dynamic-partitionsToAdd-1] HiveMetaStore.audit: ugi=alex	ip=unknown-ip-addr	cmd=Done cleaning up thread local RawStore	
2024-04-23T21:14:47,526  INFO [load-dynamic-partitionsToAdd-1] metastore.HiveMetaStoreClient: Closed a connection to metastore, current connections: -4
2024-04-23T21:14:47,526  INFO [main] metadata.Hive: Number of partitionsToAdd to be added is 2
2024-04-23T21:14:47,526  INFO [main] HiveMetaStore.audit: ugi=alex	ip=unknown-ip-addr	cmd=add_partitions	
2024-04-23T21:14:47,562  INFO [main] metadata.Hive: Loaded 2partitionsToAdd
	 Time taken to load dynamic partitions: 0.125 seconds
2024-04-23T21:14:47,562  INFO [main] exec.Task: 	 Time taken to load dynamic partitions: 0.125 seconds
2024-04-23T21:14:47,562  INFO [main] exec.MoveTask: 	 Time taken to load dynamic partitions: 0.125 seconds
2024-04-23T21:14:47,563  INFO [main] exec.MoveTask: Loading partition {c3=1}
2024-04-23T21:14:47,563  INFO [main] exec.MoveTask: Loading partition {c3=2}
	 Time taken for adding to write entity : 0.001 seconds
2024-04-23T21:14:47,563  INFO [main] exec.Task: 	 Time taken for adding to write entity : 0.001 seconds
2024-04-23T21:14:47,563  INFO [main] ql.Driver: Starting task [Stage-2:STATS] in serial mode
2024-04-23T21:14:47,563  INFO [main] HiveMetaStore.audit: ugi=alex	ip=unknown-ip-addr	cmd=get_table : tbl=hive.default.tmp	
2024-04-23T21:14:47,573  INFO [main] metastore.HMSHandler: Skipping translation for processor with null
2024-04-23T21:14:47,573  INFO [main] stats.BasicStatsTask: Executing stats task
2024-04-23T21:14:47,574  INFO [main] fs.FSStatsPublisher: created : file:/home/alex/Repositories/hive/ql/target/tmp/localscratchdir/c896a1fb-210a-4f53-aacd-b68a5f5adf47/hive_2024-04-23_21-14-45_917_9189603406805695420-1/-mr-10001
2024-04-23T21:14:47,575  INFO [main] HiveMetaStore.audit: ugi=alex	ip=unknown-ip-addr	cmd=get_table : tbl=hive.default.tmp	
2024-04-23T21:14:47,585  INFO [main] metastore.HMSHandler: Skipping translation for processor with null
2024-04-23T21:14:47,586  INFO [main] FileOperations: Read stats for default.tmp/c3=1/, numRows, true, 1, false: 
2024-04-23T21:14:47,586  INFO [main] FileOperations: Read stats for default.tmp/c3=1/, rawDataSize, true, 8, false: 
2024-04-23T21:14:47,586  INFO [main] stats.BasicStatsTask: Partition {c3=1} stats: [numFiles=1, numRows=1, totalSize=242, rawDataSize=8, numFilesErasureCoded=0]
2024-04-23T21:14:47,586  INFO [main] FileOperations: Read stats for default.tmp/c3=2/, numRows, true, 1, false: 
2024-04-23T21:14:47,586  INFO [main] FileOperations: Read stats for default.tmp/c3=2/, rawDataSize, true, 8, false: 
2024-04-23T21:14:47,586  INFO [main] stats.BasicStatsTask: Partition {c3=2} stats: [numFiles=1, numRows=1, totalSize=242, rawDataSize=8, numFilesErasureCoded=0]
2024-04-23T21:14:47,587  INFO [main] HiveMetaStore.audit: ugi=alex	ip=unknown-ip-addr	cmd=alter_partitions : tbl=hive.default.tmp	
2024-04-23T21:14:47,587  INFO [main] metastore.HMSHandler: New partition values:[1]
2024-04-23T21:14:47,587  INFO [main] metastore.HMSHandler: New partition values:[2]
2024-04-23T21:14:47,655  INFO [main] metadata.Hive: Dumping metastore api call timing information for : execution phase
2024-04-23T21:14:47,655  INFO [main] metadata.Hive: Total time spent in each metastore function (ms): {add_partitions_(List)=36, isCompatibleWith_(Configuration)=0, getTable_(GetTableRequest)=51, listPartitionNamesRequest_(GetPartitionNamesPsRequest)=22, getPartitionsByNames_(String, String, List, boolean, String)=29, alter_partitions_(String, String, List, EnvironmentContext, String, long)=68}
MapReduce Jobs Launched: 
2024-04-23T21:14:47,655  INFO [main] ql.Driver: MapReduce Jobs Launched: 
Stage-Stage-1:  HDFS Read: 0 HDFS Write: 0 SUCCESS
2024-04-23T21:14:47,656  INFO [main] ql.Driver: Stage-Stage-1:  HDFS Read: 0 HDFS Write: 0 SUCCESS
Total MapReduce CPU Time Spent: 0 msec
2024-04-23T21:14:47,656  INFO [main] ql.Driver: Total MapReduce CPU Time Spent: 0 msec
2024-04-23T21:14:47,656  INFO [main] ql.Driver: Completed executing command(queryId=alex_20240423211445_089ee184-cce7-4eca-8571-640716ed6a43); Time taken: 1.529 seconds
2024-04-23T21:14:47,656  INFO [main] lockmgr.DbTxnManager: Stopped heartbeat for query: alex_20240423211445_089ee184-cce7-4eca-8571-640716ed6a43
2024-04-23T21:14:47,661  INFO [main] txn.TxnHandler: Expected to move at least one record from txn_components to completed_txn_components when committing txn! txnid:16
2024-04-23T21:14:47,668  INFO [main] txn.TxnHandler: Removed transactions: ([16]) from MIN_HISTORY_LEVEL
2024-04-23T21:14:47,668  WARN [main] txn.CompactionTxnHandler: No compaction queue record found for Compaction type transaction commit. txnId:16
2024-04-23T21:14:47,669  INFO [main] ql.TxnCommandsBaseForTests: Running the query: insert into tmp  values(3,3,3),(4,4,4)
2024-04-23T21:14:47,669  INFO [main] ql.Context: Deleting scratch dir: file:/home/alex/Repositories/hive/ql/target/tmp/localscratchdir/c896a1fb-210a-4f53-aacd-b68a5f5adf47/hive_2024-04-23_21-14-45_917_9189603406805695420-1
2024-04-23T21:14:47,670  INFO [main] cleanup.SyncCleanupService: Deleted directory: file:/home/alex/Repositories/hive/ql/target/tmp/localscratchdir/c896a1fb-210a-4f53-aacd-b68a5f5adf47/hive_2024-04-23_21-14-45_917_9189603406805695420-1 on fs with scheme file
2024-04-23T21:14:47,670  INFO [main] ql.Context: Deleting scratch dir: file:/home/alex/Repositories/hive/ql/target/tmp/org.apache.hadoop.hive.ql.TestTxnNoBuckets-1713932056679/warehouse/tmp/.hive-staging_hive_2024-04-23_21-14-45_917_9189603406805695420-1
2024-04-23T21:14:47,671  INFO [main] cleanup.SyncCleanupService: Deleted directory: file:/home/alex/Repositories/hive/ql/target/tmp/org.apache.hadoop.hive.ql.TestTxnNoBuckets-1713932056679/warehouse/tmp/.hive-staging_hive_2024-04-23_21-14-45_917_9189603406805695420-1 on fs with scheme file
2024-04-23T21:14:47,671  INFO [main] ql.Driver: Compiling command(queryId=alex_20240423211447_0ff3a894-6ea9-45af-b76a-d518f85b0b8d): insert into tmp  values(3,3,3),(4,4,4)
2024-04-23T21:14:47,674  INFO [main] txn.TxnHandler: Added entries to MIN_HISTORY_LEVEL for current txns: ([17]) with min_open_txn: 17
2024-04-23T21:14:47,674  INFO [main] lockmgr.DbTxnManager: Opened txnid:17
2024-04-23T21:14:47,675  INFO [main] parse.CalcitePlanner: Starting caching scope for: 
2024-04-23T21:14:47,675  INFO [main] parse.CalcitePlanner: Starting Semantic Analysis
2024-04-23T21:14:47,679  INFO [main] HiveMetaStore.audit: ugi=alex	ip=unknown-ip-addr	cmd=get_table : tbl=hive.default.tmp	
2024-04-23T21:14:47,690  INFO [main] metastore.HMSHandler: Skipping translation for processor with null
2024-04-23T21:14:47,690  INFO [main] parse.CalcitePlanner: Completed phase 1 of Semantic Analysis
2024-04-23T21:14:47,690  INFO [main] parse.CalcitePlanner: Get metadata for source tables
2024-04-23T21:14:47,690  INFO [main] parse.CalcitePlanner: Get metadata for subqueries
2024-04-23T21:14:47,690  INFO [main] parse.CalcitePlanner: Get metadata for destination tables
2024-04-23T21:14:47,691  INFO [main] HiveMetaStore.audit: ugi=alex	ip=unknown-ip-addr	cmd=get_table : tbl=hive.default.tmp	
2024-04-23T21:14:47,703  INFO [main] metastore.HMSHandler: Skipping translation for processor with null
2024-04-23T21:14:47,703  INFO [main] parse.CalcitePlanner: Completed getting MetaData in Semantic Analysis
2024-04-23T21:14:47,703  INFO [main] parse.CalcitePlanner: Disabling LLAP IO encode as ETL query is detected
2024-04-23T21:14:47,726  INFO [main] HiveMetaStore.audit: ugi=alex	ip=unknown-ip-addr	cmd=get_all_table_constraints : tbl=hive._dummy_database._dummy_table	
2024-04-23T21:14:47,816  INFO [main] parse.CalcitePlanner: Get metadata for source tables
2024-04-23T21:14:47,816  INFO [main] parse.CalcitePlanner: Get metadata for subqueries
2024-04-23T21:14:47,816  INFO [main] parse.CalcitePlanner: Get metadata for source tables
2024-04-23T21:14:47,817  INFO [main] HiveMetaStore.audit: ugi=alex	ip=unknown-ip-addr	cmd=get_table : tbl=hive._dummy_database._dummy_table	
2024-04-23T21:14:47,820  INFO [main] parse.CalcitePlanner: Get metadata for subqueries
2024-04-23T21:14:47,820  INFO [main] parse.CalcitePlanner: Get metadata for destination tables
2024-04-23T21:14:47,820  INFO [main] parse.CalcitePlanner: Get metadata for destination tables
2024-04-23T21:14:47,820  INFO [main] HiveMetaStore.audit: ugi=alex	ip=unknown-ip-addr	cmd=get_table : tbl=hive.default.tmp	
2024-04-23T21:14:47,830  INFO [main] metastore.HMSHandler: Skipping translation for processor with null
2024-04-23T21:14:47,834  INFO [main] common.FileUtils: Creating directory if it doesn't exist: file:/home/alex/Repositories/hive/ql/target/tmp/org.apache.hadoop.hive.ql.TestTxnNoBuckets-1713932056679/warehouse/tmp/.hive-staging_hive_2024-04-23_21-14-47_671_8341627182072199233-1
2024-04-23T21:14:47,836  INFO [main] HiveMetaStore.audit: ugi=alex	ip=unknown-ip-addr	cmd=get_not_null_constraints : tbl=hive.default.tmp	
2024-04-23T21:14:47,838  INFO [main] HiveMetaStore.audit: ugi=alex	ip=unknown-ip-addr	cmd=get_check_constraints : tbl=hive.default.tmp	
2024-04-23T21:14:47,840  INFO [main] parse.CalcitePlanner: CBO Succeeded; optimized logical plan.
2024-04-23T21:14:47,843  INFO [main] optimizer.BucketVersionPopulator: not considering bucketingVersion for: TS[0] because it has -1<2 buckets 
2024-04-23T21:14:47,844  INFO [main] optimizer.SortedDynPartitionOptimizer: Sorted dynamic partitioning optimization kicked in..
2024-04-23T21:14:47,844  INFO [main] optimizer.SortedDynPartitionOptimizer: Inserted RS_5 and SEL_6 as parent of FS_4 and child of SEL_3
2024-04-23T21:14:47,854  INFO [main] HiveMetaStore.audit: ugi=alex	ip=unknown-ip-addr	cmd=get_table : tbl=hive.default.tmp	
2024-04-23T21:14:47,865  INFO [main] metastore.HMSHandler: Skipping translation for processor with null
2024-04-23T21:14:47,866  INFO [main] parse.CalcitePlanner: Completed plan generation
2024-04-23T21:14:47,866  INFO [main] parse.CalcitePlanner: Ending caching scope for: 
2024-04-23T21:14:47,866  INFO [main] ql.Driver: Semantic Analysis Completed (retrial = false)
2024-04-23T21:14:47,866  INFO [main] ql.Driver: Created Hive schema: Schema(fieldSchemas:[FieldSchema(name:col1, type:int, comment:null), FieldSchema(name:col2, type:int, comment:null), FieldSchema(name:col3, type:int, comment:null)], properties:null)
2024-04-23T21:14:47,866  INFO [main] metadata.Hive: Dumping metastore api call timing information for : compilation phase
2024-04-23T21:14:47,866  INFO [main] metadata.Hive: Total time spent in each metastore function (ms): {getAllTableConstraints_(AllTableConstraintsRequest)=34, getNotNullConstraints_(NotNullConstraintsRequest)=1, openTxn_(String, TxnType)=2, flushCache_()=0, getMetaConf_(String)=0, getValidWriteIds_(List, String)=5, getValidTxns_(long)=0, isCompatibleWith_(Configuration)=0, getTable_(GetTableRequest)=46, getCheckConstraints_(CheckConstraintsRequest)=1, commitTxn_(CommitTxnRequest)=13}
2024-04-23T21:14:47,866  INFO [main] ql.Driver: Completed compiling command(queryId=alex_20240423211447_0ff3a894-6ea9-45af-b76a-d518f85b0b8d); Time taken: 0.195 seconds
2024-04-23T21:14:47,866  INFO [main] lockmgr.DbTxnManager: Setting lock request transaction to txnid:17 for queryId=alex_20240423211447_0ff3a894-6ea9-45af-b76a-d518f85b0b8d
2024-04-23T21:14:47,867  INFO [main] lockmgr.DbLockManager: Requesting lock for queryId=alex_20240423211447_0ff3a894-6ea9-45af-b76a-d518f85b0b8d
2024-04-23T21:14:47,885  INFO [main] lockmgr.DbLockManager: Response to queryId=alex_20240423211447_0ff3a894-6ea9-45af-b76a-d518f85b0b8d LockResponse(lockid:10, state:ACQUIRED)
2024-04-23T21:14:47,885  INFO [main] ql.Driver: Operation QUERY obtained 1 locks
2024-04-23T21:14:47,885  INFO [main] ql.Driver: Executing command(queryId=alex_20240423211447_0ff3a894-6ea9-45af-b76a-d518f85b0b8d): insert into tmp  values(3,3,3),(4,4,4)
2024-04-23T21:14:47,885  WARN [main] ql.Driver: Hive-on-MR is deprecated in Hive 2 and may not be available in the future versions. Consider using a different execution engine (i.e. tez, spark) or using Hive 1.X releases.
Query ID = alex_20240423211447_0ff3a894-6ea9-45af-b76a-d518f85b0b8d
2024-04-23T21:14:47,885  INFO [main] ql.Driver: Query ID = alex_20240423211447_0ff3a894-6ea9-45af-b76a-d518f85b0b8d
Total jobs = 1
2024-04-23T21:14:47,885  INFO [main] ql.Driver: Total jobs = 1
Launching Job 1 out of 1
2024-04-23T21:14:47,885  INFO [main] ql.Driver: Launching Job 1 out of 1
2024-04-23T21:14:48,043  INFO [main] ql.Driver: Starting task [Stage-1:MAPRED] in serial mode
2024-04-23T21:14:48,043  INFO [main] exec.Utilities: Not using thread pool for getContentSummary
2024-04-23T21:14:48,044  INFO [main] exec.Utilities: BytesPerReducer=256000000 maxReducers=1009 totalInputFileSize=1
Number of reduce tasks not specified. Estimated from input data size: 1
2024-04-23T21:14:48,044  INFO [main] exec.Task: Number of reduce tasks not specified. Estimated from input data size: 1
In order to change the average load for a reducer (in bytes):
2024-04-23T21:14:48,044  INFO [main] exec.Task: In order to change the average load for a reducer (in bytes):
  set hive.exec.reducers.bytes.per.reducer=<number>
2024-04-23T21:14:48,044  INFO [main] exec.Task:   set hive.exec.reducers.bytes.per.reducer=<number>
In order to limit the maximum number of reducers:
2024-04-23T21:14:48,044  INFO [main] exec.Task: In order to limit the maximum number of reducers:
  set hive.exec.reducers.max=<number>
2024-04-23T21:14:48,044  INFO [main] exec.Task:   set hive.exec.reducers.max=<number>
In order to set a constant number of reducers:
2024-04-23T21:14:48,044  INFO [main] exec.Task: In order to set a constant number of reducers:
  set mapreduce.job.reduces=<number>
2024-04-23T21:14:48,044  INFO [main] exec.Task:   set mapreduce.job.reduces=<number>
2024-04-23T21:14:48,047  INFO [main] mr.ExecDriver: Using org.apache.hadoop.hive.ql.io.HiveInputFormat
2024-04-23T21:14:48,047  INFO [main] exec.Utilities: Processing alias $hdt$_0:_dummy_table
2024-04-23T21:14:48,047  INFO [main] exec.Utilities: Adding 1 inputs; the first input is file:/home/alex/Repositories/hive/ql/target/tmp/localscratchdir/c896a1fb-210a-4f53-aacd-b68a5f5adf47/hive_2024-04-23_21-14-47_671_8341627182072199233-1/dummy_path
2024-04-23T21:14:48,056  INFO [main] exec.SerializationUtilities: Serializing MapWork using kryo
2024-04-23T21:14:48,057  INFO [main] exec.Utilities: Serialized plan (via FILE) - name: null size: 5,09KB
2024-04-23T21:14:48,062  INFO [main] exec.SerializationUtilities: Serializing ReduceWork using kryo
2024-04-23T21:14:48,063  INFO [main] exec.Utilities: Serialized plan (via FILE) - name: null size: 6,46KB
2024-04-23T21:14:48,064  WARN [main] impl.MetricsSystemImpl: JobTracker metrics system already initialized!
2024-04-23T21:14:48,069  INFO [main] fs.FSStatsPublisher: created : file:/home/alex/Repositories/hive/ql/target/tmp/localscratchdir/c896a1fb-210a-4f53-aacd-b68a5f5adf47/hive_2024-04-23_21-14-47_671_8341627182072199233-1/-mr-10001
2024-04-23T21:14:48,073  WARN [main] impl.MetricsSystemImpl: JobTracker metrics system already initialized!
2024-04-23T21:14:48,082  WARN [main] mapreduce.JobResourceUploader: Hadoop command-line option parsing not performed. Implement the Tool interface and execute your application with ToolRunner to remedy this.
2024-04-23T21:14:48,086  WARN [main] mapreduce.JobResourceUploader: No job jar file set.  User classes may not be found. See Job or Job#setJar(String).
2024-04-23T21:14:48,087  INFO [main] io.HiveInputFormat: hive.io.file.readcolumn.ids = 
2024-04-23T21:14:48,088  INFO [main] io.HiveInputFormat: hive.io.file.readcolumn.names = 
2024-04-23T21:14:48,088  INFO [main] io.HiveInputFormat: Generating splits for dirs: file:/home/alex/Repositories/hive/ql/target/tmp/localscratchdir/c896a1fb-210a-4f53-aacd-b68a5f5adf47/hive_2024-04-23_21-14-47_671_8341627182072199233-1/dummy_path
2024-04-23T21:14:48,088  INFO [main] io.HiveInputFormat: number of splits 1
2024-04-23T21:14:48,108  INFO [main] mapreduce.JobSubmitter: number of splits:1
2024-04-23T21:14:48,128  INFO [main] mapreduce.JobSubmitter: Submitting tokens for job: job_local1443477400_0010
2024-04-23T21:14:48,129  INFO [main] mapreduce.JobSubmitter: Executing with tokens: []
2024-04-23T21:14:48,194  INFO [main] mapreduce.Job: The url to track the job: http://localhost:8080/
Job running in-process (local Hadoop)
2024-04-23T21:14:48,195  INFO [main] exec.Task: Job running in-process (local Hadoop)
2024-04-23T21:14:48,195  INFO [Thread-615] mapred.LocalJobRunner: OutputCommitter set in config org.apache.hadoop.hive.ql.io.HiveFileFormatUtils$NullOutputCommitter
2024-04-23T21:14:48,195  INFO [Thread-615] mapred.LocalJobRunner: OutputCommitter is org.apache.hadoop.hive.ql.io.HiveFileFormatUtils$NullOutputCommitter
2024-04-23T21:14:48,197  INFO [Thread-615] mapred.LocalJobRunner: Waiting for map tasks
2024-04-23T21:14:48,197  INFO [LocalJobRunner Map Task Executor #0] mapred.LocalJobRunner: Starting task: attempt_local1443477400_0010_m_000000_0
2024-04-23T21:14:48,198  INFO [LocalJobRunner Map Task Executor #0] mapred.Task:  Using ResourceCalculatorProcessTree : [ ]
2024-04-23T21:14:48,198  INFO [LocalJobRunner Map Task Executor #0] mapred.MapTask: Processing split: org.apache.hadoop.hive.ql.io.NullRowsInputFormat:file:/home/alex/Repositories/hive/ql/target/tmp/localscratchdir/c896a1fb-210a-4f53-aacd-b68a5f5adf47/hive_2024-04-23_21-14-47_671_8341627182072199233-1/dummy_path/null:0+1
2024-04-23T21:14:48,199  INFO [LocalJobRunner Map Task Executor #0] exec.SerializationUtilities: Deserializing MapWork using kryo
2024-04-23T21:14:48,200  INFO [LocalJobRunner Map Task Executor #0] exec.Utilities: Deserialized plan (via FILE) - name: null size: 5,09KB
2024-04-23T21:14:48,200  INFO [LocalJobRunner Map Task Executor #0] mapred.MapTask: numReduceTasks: 1
2024-04-23T21:14:48,205  INFO [LocalJobRunner Map Task Executor #0] mapred.MapTask: (EQUATOR) 0 kvi 26214396(104857584)
2024-04-23T21:14:48,206  INFO [LocalJobRunner Map Task Executor #0] mapred.MapTask: mapreduce.task.io.sort.mb: 100
2024-04-23T21:14:48,206  INFO [LocalJobRunner Map Task Executor #0] mapred.MapTask: soft limit at 83886080
2024-04-23T21:14:48,206  INFO [LocalJobRunner Map Task Executor #0] mapred.MapTask: bufstart = 0; bufvoid = 104857600
2024-04-23T21:14:48,206  INFO [LocalJobRunner Map Task Executor #0] mapred.MapTask: kvstart = 26214396; length = 6553600
2024-04-23T21:14:48,206  INFO [LocalJobRunner Map Task Executor #0] mapred.MapTask: Map output collector class = org.apache.hadoop.mapred.MapTask$MapOutputBuffer
2024-04-23T21:14:48,206  INFO [LocalJobRunner Map Task Executor #0] exec.MapOperator: Initializing Operator: MAP[0]
2024-04-23T21:14:48,207  INFO [LocalJobRunner Map Task Executor #0] mr.ExecMapper: 
<MAP>Id =0
  <Children>null
  <\Children>
  <Parent><\Parent>
<\MAP>
2024-04-23T21:14:48,207  INFO [LocalJobRunner Map Task Executor #0] exec.TableScanOperator: Initializing Operator: TS[0]
2024-04-23T21:14:48,207  INFO [LocalJobRunner Map Task Executor #0] exec.SelectOperator: Initializing Operator: SEL[1]
2024-04-23T21:14:48,207  INFO [LocalJobRunner Map Task Executor #0] exec.SelectOperator: SELECT null
2024-04-23T21:14:48,208  INFO [LocalJobRunner Map Task Executor #0] exec.UDTFOperator: Initializing Operator: UDTF[2]
2024-04-23T21:14:48,208  INFO [LocalJobRunner Map Task Executor #0] exec.SelectOperator: Initializing Operator: SEL[3]
2024-04-23T21:14:48,208  INFO [LocalJobRunner Map Task Executor #0] exec.SelectOperator: SELECT struct<col1:int,col2:int,col3:int>
2024-04-23T21:14:48,208  INFO [LocalJobRunner Map Task Executor #0] exec.ReduceSinkOperator: Initializing Operator: RS[5]
2024-04-23T21:14:48,208  INFO [LocalJobRunner Map Task Executor #0] exec.ReduceSinkOperator: Using tag = -1
2024-04-23T21:14:48,209  INFO [LocalJobRunner Map Task Executor #0] exec.ReduceSinkOperator: keys are [_col2] num distributions: 1
2024-04-23T21:14:48,209  INFO [LocalJobRunner Map Task Executor #0] exec.ReduceSinkOperator: RS[5]: records written - 1
2024-04-23T21:14:48,209  INFO [LocalJobRunner Map Task Executor #0] exec.MapOperator: MAP[0]: records read - 1
2024-04-23T21:14:48,210  INFO [LocalJobRunner Map Task Executor #0] exec.MapOperator: Closing Operator: MAP[0]
2024-04-23T21:14:48,210  INFO [LocalJobRunner Map Task Executor #0] exec.MapOperator: MAP[0]: Total records read - 3. abort - false
2024-04-23T21:14:48,210  INFO [LocalJobRunner Map Task Executor #0] exec.MapOperator: RECORDS_OUT_INTERMEDIATE:0, RECORDS_OUT_OPERATOR_MAP_0:0, DESERIALIZE_ERRORS:0, RECORDS_IN:3, 
2024-04-23T21:14:48,210  INFO [LocalJobRunner Map Task Executor #0] exec.TableScanOperator: Closing Operator: TS[0]
2024-04-23T21:14:48,210  INFO [LocalJobRunner Map Task Executor #0] exec.TableScanOperator: RECORDS_OUT_OPERATOR_TS_0:1, RECORDS_OUT_INTERMEDIATE:0, 
2024-04-23T21:14:48,210  INFO [LocalJobRunner Map Task Executor #0] exec.SelectOperator: Closing Operator: SEL[1]
2024-04-23T21:14:48,210  INFO [LocalJobRunner Map Task Executor #0] exec.SelectOperator: RECORDS_OUT_INTERMEDIATE:0, RECORDS_OUT_OPERATOR_SEL_1:1, 
2024-04-23T21:14:48,210  INFO [LocalJobRunner Map Task Executor #0] exec.UDTFOperator: Closing Operator: UDTF[2]
2024-04-23T21:14:48,210  INFO [LocalJobRunner Map Task Executor #0] exec.UDTFOperator: RECORDS_OUT_INTERMEDIATE:0, RECORDS_OUT_OPERATOR_UDTF_2:2, 
2024-04-23T21:14:48,210  INFO [LocalJobRunner Map Task Executor #0] exec.SelectOperator: Closing Operator: SEL[3]
2024-04-23T21:14:48,210  INFO [LocalJobRunner Map Task Executor #0] exec.SelectOperator: RECORDS_OUT_INTERMEDIATE:0, RECORDS_OUT_OPERATOR_SEL_3:2, 
2024-04-23T21:14:48,210  INFO [LocalJobRunner Map Task Executor #0] exec.ReduceSinkOperator: Closing Operator: RS[5]
2024-04-23T21:14:48,210  INFO [LocalJobRunner Map Task Executor #0] exec.ReduceSinkOperator: RS[5]: Total records written - 2. abort - false
2024-04-23T21:14:48,210  INFO [LocalJobRunner Map Task Executor #0] exec.ReduceSinkOperator: RECORDS_OUT_INTERMEDIATE:2, RECORDS_OUT_OPERATOR_RS_5:2, 
2024-04-23T21:14:48,211  INFO [LocalJobRunner Map Task Executor #0] mapred.LocalJobRunner: 
2024-04-23T21:14:48,211  INFO [LocalJobRunner Map Task Executor #0] mapred.MapTask: Starting flush of map output
2024-04-23T21:14:48,211  INFO [LocalJobRunner Map Task Executor #0] mapred.MapTask: Spilling map output
2024-04-23T21:14:48,211  INFO [LocalJobRunner Map Task Executor #0] mapred.MapTask: bufstart = 0; bufend = 34; bufvoid = 104857600
2024-04-23T21:14:48,211  INFO [LocalJobRunner Map Task Executor #0] mapred.MapTask: kvstart = 26214396(104857584); kvend = 26214392(104857568); length = 5/6553600
2024-04-23T21:14:48,222  INFO [LocalJobRunner Map Task Executor #0] mapred.MapTask: Finished spill 0
2024-04-23T21:14:48,225  INFO [LocalJobRunner Map Task Executor #0] mapred.Task: Task:attempt_local1443477400_0010_m_000000_0 is done. And is in the process of committing
2024-04-23T21:14:48,226  INFO [LocalJobRunner Map Task Executor #0] mapred.LocalJobRunner: map
2024-04-23T21:14:48,226  INFO [LocalJobRunner Map Task Executor #0] mapred.Task: Task 'attempt_local1443477400_0010_m_000000_0' done.
2024-04-23T21:14:48,226  INFO [LocalJobRunner Map Task Executor #0] mapred.Task: Final Counters for attempt_local1443477400_0010_m_000000_0: Counters: 26
	File System Counters
		FILE: Number of bytes read=148611
		FILE: Number of bytes written=11792148
		FILE: Number of read operations=0
		FILE: Number of large read operations=0
		FILE: Number of write operations=0
	Map-Reduce Framework
		Map input records=4
		Map output records=2
		Map output bytes=34
		Map output materialized bytes=44
		Input split bytes=361
		Combine input records=0
		Spilled Records=2
		Failed Shuffles=0
		Merged Map outputs=0
		GC time elapsed (ms)=0
		Total committed heap usage (bytes)=1103101952
	HIVE
		DESERIALIZE_ERRORS=0
		RECORDS_IN=3
		RECORDS_OUT_INTERMEDIATE=2
		RECORDS_OUT_OPERATOR_MAP_0=0
		RECORDS_OUT_OPERATOR_RS_5=2
		RECORDS_OUT_OPERATOR_SEL_1=1
		RECORDS_OUT_OPERATOR_SEL_3=2
		RECORDS_OUT_OPERATOR_TS_0=1
		RECORDS_OUT_OPERATOR_UDTF_2=2
	File Input Format Counters 
		Bytes Read=5143
2024-04-23T21:14:48,226  INFO [LocalJobRunner Map Task Executor #0] mapred.LocalJobRunner: Finishing task: attempt_local1443477400_0010_m_000000_0
2024-04-23T21:14:48,226  INFO [Thread-615] mapred.LocalJobRunner: map task executor complete.
2024-04-23T21:14:48,227  INFO [Thread-615] mapred.LocalJobRunner: Waiting for reduce tasks
2024-04-23T21:14:48,227  INFO [pool-52-thread-1] mapred.LocalJobRunner: Starting task: attempt_local1443477400_0010_r_000000_0
2024-04-23T21:14:48,228  INFO [pool-52-thread-1] mapred.Task:  Using ResourceCalculatorProcessTree : [ ]
2024-04-23T21:14:48,228  INFO [pool-52-thread-1] mapred.ReduceTask: Using ShuffleConsumerPlugin: org.apache.hadoop.mapreduce.task.reduce.Shuffle@76fe143a
2024-04-23T21:14:48,228  WARN [pool-52-thread-1] impl.MetricsSystemImpl: JobTracker metrics system already initialized!
2024-04-23T21:14:48,229  INFO [pool-52-thread-1] reduce.MergeManagerImpl: MergerManager: memoryLimit=1336252800, maxSingleShuffleLimit=334063200, mergeThreshold=881926912, ioSortFactor=10, memToMemMergeOutputsThreshold=10
2024-04-23T21:14:48,230  INFO [EventFetcher for fetching Map Completion Events] reduce.EventFetcher: attempt_local1443477400_0010_r_000000_0 Thread started: EventFetcher for fetching Map Completion Events
2024-04-23T21:14:48,231  INFO [localfetcher#7] reduce.LocalFetcher: localfetcher#7 about to shuffle output of map attempt_local1443477400_0010_m_000000_0 decomp: 40 len: 44 to MEMORY
2024-04-23T21:14:48,231  INFO [localfetcher#7] reduce.InMemoryMapOutput: Read 40 bytes from map-output for attempt_local1443477400_0010_m_000000_0
2024-04-23T21:14:48,231  INFO [localfetcher#7] reduce.MergeManagerImpl: closeInMemoryFile -> map-output of size: 40, inMemoryMapOutputs.size() -> 1, commitMemory -> 0, usedMemory ->40
2024-04-23T21:14:48,232  INFO [EventFetcher for fetching Map Completion Events] reduce.EventFetcher: EventFetcher is interrupted.. Returning
2024-04-23T21:14:48,232  INFO [pool-52-thread-1] mapred.LocalJobRunner: 1 / 1 copied.
2024-04-23T21:14:48,232  INFO [pool-52-thread-1] reduce.MergeManagerImpl: finalMerge called with 1 in-memory map-outputs and 0 on-disk map-outputs
2024-04-23T21:14:48,238  INFO [pool-52-thread-1] mapred.Merger: Merging 1 sorted segments
2024-04-23T21:14:48,238  INFO [pool-52-thread-1] mapred.Merger: Down to the last merge-pass, with 1 segments left of total size: 28 bytes
2024-04-23T21:14:48,241  INFO [pool-52-thread-1] reduce.MergeManagerImpl: Merged 1 segments, 40 bytes to disk to satisfy reduce memory limit
2024-04-23T21:14:48,242  INFO [pool-52-thread-1] reduce.MergeManagerImpl: Merging 1 files, 44 bytes from disk
2024-04-23T21:14:48,242  INFO [pool-52-thread-1] reduce.MergeManagerImpl: Merging 0 segments, 0 bytes from memory into reduce
2024-04-23T21:14:48,242  INFO [pool-52-thread-1] mapred.Merger: Merging 1 sorted segments
2024-04-23T21:14:48,242  INFO [pool-52-thread-1] mapred.Merger: Down to the last merge-pass, with 1 segments left of total size: 28 bytes
2024-04-23T21:14:48,242  INFO [pool-52-thread-1] mapred.LocalJobRunner: 1 / 1 copied.
2024-04-23T21:14:48,242  INFO [pool-52-thread-1] exec.SerializationUtilities: Deserializing ReduceWork using kryo
2024-04-23T21:14:48,243  INFO [pool-52-thread-1] exec.Utilities: Deserialized plan (via FILE) - name: null size: 6,46KB
2024-04-23T21:14:48,245  INFO [pool-52-thread-1] ExecReducer: 
<SEL>Id =6
  <Children>
    <FS>Id =4
      <Children>
      <\Children>
      <Parent>Id = 6 null<\Parent>
    <\FS>
  <\Children>
  <Parent><\Parent>
<\SEL>
2024-04-23T21:14:48,245  INFO [pool-52-thread-1] exec.SelectOperator: Initializing Operator: SEL[6]
2024-04-23T21:14:48,245  INFO [pool-52-thread-1] exec.SelectOperator: SELECT struct<key:struct<_col2:int>,value:struct<_col0:int,_col1:int>>
2024-04-23T21:14:48,245  INFO [pool-52-thread-1] exec.FileSinkOperator: Initializing Operator: FS[4]
2024-04-23T21:14:48,245  INFO [pool-52-thread-1] exec.FileSinkOperator: Using serializer : AbstractSerDe [log=org.apache.logging.slf4j.Log4jLogger@261f1262, configuration=Optional[Configuration: core-default.xml, core-site.xml, mapred-default.xml, mapred-site.xml, yarn-default.xml, yarn-site.xml, hdfs-default.xml, hdfs-site.xml, file:/home/alex/Repositories/hive/ql/target/tmp/TestTxnNoBuckets/mapred/local/localRunner/alex/job_local1443477400_0010/job_local1443477400_0010.xml], properties={name=default.tmp, columns.types=int:int, serialization.format=1, columns=c1,c2, columns.comments=&amp#0;, partition_columns.types=int, partition_columns=c3, bucketing_version=2, serialization.lib=org.apache.hadoop.hive.ql.io.orc.OrcSerde, file.inputformat=org.apache.hadoop.hive.ql.io.orc.OrcInputFormat, file.outputformat=org.apache.hadoop.hive.ql.io.orc.OrcOutputFormat, location=file:/home/alex/Repositories/hive/ql/target/tmp/org.apache.hadoop.hive.ql.TestTxnNoBuckets-1713932056679/warehouse/tmp, column.name.delimiter=,}, tableProperties={name=default.tmp, columns.types=int:int, serialization.format=1, columns=c1,c2, columns.comments=&amp#0;, partition_columns.types=int, partition_columns=c3, bucketing_version=2, serialization.lib=org.apache.hadoop.hive.ql.io.orc.OrcSerde, file.inputformat=org.apache.hadoop.hive.ql.io.orc.OrcInputFormat, location=file:/home/alex/Repositories/hive/ql/target/tmp/org.apache.hadoop.hive.ql.TestTxnNoBuckets-1713932056679/warehouse/tmp, file.outputformat=org.apache.hadoop.hive.ql.io.orc.OrcOutputFormat, column.name.delimiter=,}, partitionProperties=Optional.empty, columnNames=[c1, c2], columnTypes=[int, int], getClass()=class org.apache.hadoop.hive.ql.io.orc.OrcSerde] and formatter : org.apache.hadoop.hive.ql.io.orc.OrcOutputFormat@5cc08a0b
2024-04-23T21:14:48,246  INFO [pool-52-thread-1] exec.FileSinkOperator: Final Path: FS file:/home/alex/Repositories/hive/ql/target/tmp/org.apache.hadoop.hive.ql.TestTxnNoBuckets-1713932056679/warehouse/tmp/.hive-staging_hive_2024-04-23_21-14-47_671_8341627182072199233-1/_tmp.-ext-10000/c3=3/000000_0
2024-04-23T21:14:48,246  INFO [pool-52-thread-1] exec.FileSinkOperator: Writing to temp file: FS file:/home/alex/Repositories/hive/ql/target/tmp/org.apache.hadoop.hive.ql.TestTxnNoBuckets-1713932056679/warehouse/tmp/.hive-staging_hive_2024-04-23_21-14-47_671_8341627182072199233-1/_task_tmp.-ext-10000/c3=3/_tmp.000000_0
2024-04-23T21:14:48,246  INFO [pool-52-thread-1] exec.FileSinkOperator: New Final Path: FS file:/home/alex/Repositories/hive/ql/target/tmp/org.apache.hadoop.hive.ql.TestTxnNoBuckets-1713932056679/warehouse/tmp/.hive-staging_hive_2024-04-23_21-14-47_671_8341627182072199233-1/_tmp.-ext-10000/c3=3/000000_0
2024-04-23T21:14:48,246  INFO [pool-52-thread-1] exec.FileSinkOperator: FS[4]: records written - 1
2024-04-23T21:14:48,247  INFO [pool-52-thread-1] impl.PhysicalFsWriter: ORC writer created for path: file:/home/alex/Repositories/hive/ql/target/tmp/org.apache.hadoop.hive.ql.TestTxnNoBuckets-1713932056679/warehouse/tmp/.hive-staging_hive_2024-04-23_21-14-47_671_8341627182072199233-1/_task_tmp.-ext-10000/c3=3/_tmp.000000_0 with stripeSize: 67108864 blockSize: 268435456 compression: Compress: ZLIB buffer: 262144
2024-04-23T21:14:48,256  INFO [pool-52-thread-1] impl.WriterImpl: ORC writer created for path: file:/home/alex/Repositories/hive/ql/target/tmp/org.apache.hadoop.hive.ql.TestTxnNoBuckets-1713932056679/warehouse/tmp/.hive-staging_hive_2024-04-23_21-14-47_671_8341627182072199233-1/_task_tmp.-ext-10000/c3=3/_tmp.000000_0 with stripeSize: 67108864 options: Compress: ZLIB buffer: 262144
2024-04-23T21:14:48,258  INFO [pool-52-thread-1] exec.FileSinkOperator: Final Path: FS file:/home/alex/Repositories/hive/ql/target/tmp/org.apache.hadoop.hive.ql.TestTxnNoBuckets-1713932056679/warehouse/tmp/.hive-staging_hive_2024-04-23_21-14-47_671_8341627182072199233-1/_tmp.-ext-10000/c3=4/000000_0
2024-04-23T21:14:48,258  INFO [pool-52-thread-1] exec.FileSinkOperator: Writing to temp file: FS file:/home/alex/Repositories/hive/ql/target/tmp/org.apache.hadoop.hive.ql.TestTxnNoBuckets-1713932056679/warehouse/tmp/.hive-staging_hive_2024-04-23_21-14-47_671_8341627182072199233-1/_task_tmp.-ext-10000/c3=4/_tmp.000000_0
2024-04-23T21:14:48,258  INFO [pool-52-thread-1] exec.FileSinkOperator: New Final Path: FS file:/home/alex/Repositories/hive/ql/target/tmp/org.apache.hadoop.hive.ql.TestTxnNoBuckets-1713932056679/warehouse/tmp/.hive-staging_hive_2024-04-23_21-14-47_671_8341627182072199233-1/_tmp.-ext-10000/c3=4/000000_0
2024-04-23T21:14:48,261  INFO [pool-52-thread-1] impl.PhysicalFsWriter: ORC writer created for path: file:/home/alex/Repositories/hive/ql/target/tmp/org.apache.hadoop.hive.ql.TestTxnNoBuckets-1713932056679/warehouse/tmp/.hive-staging_hive_2024-04-23_21-14-47_671_8341627182072199233-1/_task_tmp.-ext-10000/c3=4/_tmp.000000_0 with stripeSize: 67108864 blockSize: 268435456 compression: Compress: ZLIB buffer: 262144
2024-04-23T21:14:48,266  INFO [pool-52-thread-1] impl.WriterImpl: ORC writer created for path: file:/home/alex/Repositories/hive/ql/target/tmp/org.apache.hadoop.hive.ql.TestTxnNoBuckets-1713932056679/warehouse/tmp/.hive-staging_hive_2024-04-23_21-14-47_671_8341627182072199233-1/_task_tmp.-ext-10000/c3=4/_tmp.000000_0 with stripeSize: 67108864 options: Compress: ZLIB buffer: 262144
2024-04-23T21:14:48,266  INFO [pool-52-thread-1] exec.SelectOperator: Closing Operator: SEL[6]
2024-04-23T21:14:48,267  INFO [pool-52-thread-1] exec.SelectOperator: RECORDS_OUT_INTERMEDIATE:0, RECORDS_OUT_OPERATOR_SEL_6:2, 
2024-04-23T21:14:48,267  INFO [pool-52-thread-1] exec.FileSinkOperator: Closing Operator: FS[4]
2024-04-23T21:14:48,267  INFO [pool-52-thread-1] exec.FileSinkOperator: FS[4]: records written - 2
2024-04-23T21:14:48,267  INFO [pool-52-thread-1] common.FileUtils: Creating directory if it doesn't exist: file:/home/alex/Repositories/hive/ql/target/tmp/org.apache.hadoop.hive.ql.TestTxnNoBuckets-1713932056679/warehouse/tmp/.hive-staging_hive_2024-04-23_21-14-47_671_8341627182072199233-1/_tmp.-ext-10000/c3=3
2024-04-23T21:14:48,271  INFO [pool-52-thread-1] common.FileUtils: Creating directory if it doesn't exist: file:/home/alex/Repositories/hive/ql/target/tmp/org.apache.hadoop.hive.ql.TestTxnNoBuckets-1713932056679/warehouse/tmp/.hive-staging_hive_2024-04-23_21-14-47_671_8341627182072199233-1/_tmp.-ext-10000/c3=4
2024-04-23T21:14:48,279  INFO [pool-52-thread-1] exec.FileSinkOperator: RECORDS_OUT_INTERMEDIATE:0, TOTAL_TABLE_ROWS_WRITTEN:2, RECORDS_OUT_OPERATOR_FS_4:2, RECORDS_OUT_1_default.tmp:2, 
2024-04-23T21:14:48,280  INFO [pool-52-thread-1] mapred.Task: Task:attempt_local1443477400_0010_r_000000_0 is done. And is in the process of committing
2024-04-23T21:14:48,280  INFO [pool-52-thread-1] mapred.LocalJobRunner: reduce > reduce
2024-04-23T21:14:48,280  INFO [pool-52-thread-1] mapred.Task: Task 'attempt_local1443477400_0010_r_000000_0' done.
2024-04-23T21:14:48,280  INFO [pool-52-thread-1] mapred.Task: Final Counters for attempt_local1443477400_0010_r_000000_0: Counters: 31
	File System Counters
		FILE: Number of bytes read=155252
		FILE: Number of bytes written=11792819
		FILE: Number of read operations=0
		FILE: Number of large read operations=0
		FILE: Number of write operations=0
	Map-Reduce Framework
		Combine input records=0
		Combine output records=0
		Reduce input groups=2
		Reduce shuffle bytes=44
		Reduce input records=2
		Reduce output records=0
		Spilled Records=2
		Shuffled Maps =1
		Failed Shuffles=0
		Merged Map outputs=1
		GC time elapsed (ms)=0
		Total committed heap usage (bytes)=1103101952
	HIVE
		CREATED_DYNAMIC_PARTITIONS=1
		CREATED_FILES=2
		RECORDS_OUT_1_default.tmp=2
		RECORDS_OUT_INTERMEDIATE=0
		RECORDS_OUT_OPERATOR_FS_4=2
		RECORDS_OUT_OPERATOR_SEL_6=2
		TOTAL_TABLE_ROWS_WRITTEN=2
	Shuffle Errors
		BAD_ID=0
		CONNECTION=0
		IO_ERROR=0
		WRONG_LENGTH=0
		WRONG_MAP=0
		WRONG_REDUCE=0
	File Output Format Counters 
		Bytes Written=0
2024-04-23T21:14:48,281  INFO [pool-52-thread-1] mapred.LocalJobRunner: Finishing task: attempt_local1443477400_0010_r_000000_0
2024-04-23T21:14:48,281  INFO [Thread-615] mapred.LocalJobRunner: reduce task executor complete.
2024-04-23 21:14:49,198 Stage-1 map = 100%,  reduce = 100%
2024-04-23T21:14:49,198  INFO [main] exec.Task: 2024-04-23 21:14:49,198 Stage-1 map = 100%,  reduce = 100%
Ended Job = job_local1443477400_0010
2024-04-23T21:14:49,199  INFO [main] exec.Task: Ended Job = job_local1443477400_0010
2024-04-23T21:14:49,202  INFO [main] ql.Driver: Starting task [Stage-0:MOVE] in serial mode
Loading data to table default.tmp partition (c3=null)
2024-04-23T21:14:49,202  INFO [main] exec.Task: Loading data to table default.tmp partition (c3=null) from file:/home/alex/Repositories/hive/ql/target/tmp/org.apache.hadoop.hive.ql.TestTxnNoBuckets-1713932056679/warehouse/tmp/.hive-staging_hive_2024-04-23_21-14-47_671_8341627182072199233-1/-ext-10000
2024-04-23T21:14:49,203  INFO [main] HiveMetaStore.audit: ugi=alex	ip=unknown-ip-addr	cmd=get_table : tbl=hive.default.tmp	
2024-04-23T21:14:49,212  INFO [main] metastore.HMSHandler: Skipping translation for processor with null
2024-04-23T21:14:49,212  INFO [main] exec.MoveTask: Partition is: {c3=null}


2024-04-23T21:14:49,213  INFO [main] exec.Task: 

2024-04-23T21:14:49,213  INFO [main] HiveMetaStore.audit: ugi=alex	ip=unknown-ip-addr	cmd=get_table : tbl=hive.default.tmp	
2024-04-23T21:14:49,224  INFO [main] metastore.HMSHandler: Skipping translation for processor with null
2024-04-23T21:14:49,224  INFO [main] HiveMetaStore.audit: ugi=alex	ip=unknown-ip-addr	cmd=get_table : tbl=hive.default.tmp	
2024-04-23T21:14:49,235  INFO [main] metastore.HMSHandler: Skipping translation for processor with null
2024-04-23T21:14:49,235  INFO [main] HiveMetaStore.audit: ugi=alex	ip=unknown-ip-addr	cmd=get_table : tbl=hive.default.tmp	
2024-04-23T21:14:49,245  INFO [main] metastore.HMSHandler: Skipping translation for processor with null
2024-04-23T21:14:49,245  INFO [main] HiveMetaStore.audit: ugi=alex	ip=unknown-ip-addr	cmd=get_partitions_names_ps : tbl=hive.default.tmp[]	
2024-04-23T21:14:49,259  INFO [main] HiveMetaStore.audit: ugi=alex	ip=unknown-ip-addr	cmd=get_table : tbl=hive.default.tmp	
2024-04-23T21:14:49,268  INFO [main] metastore.HMSHandler: Skipping translation for processor with null
2024-04-23T21:14:49,268  INFO [main] HiveMetaStore.audit: ugi=alex	ip=unknown-ip-addr	cmd=get_partitions_by_names : tbl=hive.default.tmp	
2024-04-23T21:14:49,298  INFO [main] metastore.HMSHandler: Skipping translation for processor with null
2024-04-23T21:14:49,302  INFO [load-dynamic-partitionsToAdd-0] metadata.Hive: New loading path = file:/home/alex/Repositories/hive/ql/target/tmp/org.apache.hadoop.hive.ql.TestTxnNoBuckets-1713932056679/warehouse/tmp/.hive-staging_hive_2024-04-23_21-14-47_671_8341627182072199233-1/-ext-10000/c3=4 withPartSpec {c3=4}
2024-04-23T21:14:49,302  INFO [load-dynamic-partitionsToAdd-1] metadata.Hive: New loading path = file:/home/alex/Repositories/hive/ql/target/tmp/org.apache.hadoop.hive.ql.TestTxnNoBuckets-1713932056679/warehouse/tmp/.hive-staging_hive_2024-04-23_21-14-47_671_8341627182072199233-1/-ext-10000/c3=3 withPartSpec {c3=3}
2024-04-23T21:14:49,303  INFO [load-dynamic-partitionsToAdd-0] metastore.HiveMetaStoreClient: HMS client filtering is enabled.
2024-04-23T21:14:49,304  INFO [load-dynamic-partitionsToAdd-0] metastore.HMSHandler: 6: Opening raw store with implementation class:org.apache.hadoop.hive.metastore.ObjectStore
2024-04-23T21:14:49,304  INFO [load-dynamic-partitionsToAdd-0] metastore.PersistenceManagerProvider: Configuration datanucleus.autoStartMechanismMode is not set. Defaulting to 'ignored'
2024-04-23T21:14:49,305  INFO [load-dynamic-partitionsToAdd-0] metastore.ObjectStore: RawStore: org.apache.hadoop.hive.metastore.ObjectStore@340c6bca, with PersistenceManager: null will be shutdown
2024-04-23T21:14:49,305  INFO [load-dynamic-partitionsToAdd-0] metastore.ObjectStore: RawStore: org.apache.hadoop.hive.metastore.ObjectStore@340c6bca, with PersistenceManager: org.datanucleus.api.jdo.JDOPersistenceManager@6f61cc64 created in the thread with id: 750
2024-04-23T21:14:49,332  INFO [load-dynamic-partitionsToAdd-0] metastore.HMSHandler: Created RawStore: org.apache.hadoop.hive.metastore.ObjectStore@340c6bca from thread id: 750
2024-04-23T21:14:49,332  INFO [load-dynamic-partitionsToAdd-0] metastore.HMSHandler: HMS server filtering is disabled by configuration
2024-04-23T21:14:49,332  INFO [load-dynamic-partitionsToAdd-0] metastore.RetryingMetaStoreClient: RetryingMetaStoreClient proxy=class org.apache.hadoop.hive.ql.metadata.SessionHiveMetaStoreClient ugi=alex (auth:SIMPLE) retries=1 delay=1 lifetime=0
2024-04-23T21:14:49,332  INFO [load-dynamic-partitionsToAdd-0] HiveMetaStore.audit: ugi=alex	ip=unknown-ip-addr	cmd=get_database: default	
2024-04-23T21:14:49,334  INFO [load-dynamic-partitionsToAdd-0] common.FileUtils: Creating directory if it doesn't exist: file:/home/alex/Repositories/hive/ql/target/tmp/org.apache.hadoop.hive.ql.TestTxnNoBuckets-1713932056679/warehouse/tmp/c3=4
2024-04-23T21:14:49,337  INFO [load-dynamic-partitionsToAdd-0] HiveMetaStore.audit: ugi=alex	ip=unknown-ip-addr	cmd=Cleaning up thread local RawStore...	
2024-04-23T21:14:49,337  INFO [load-dynamic-partitionsToAdd-0] metastore.ObjectStore: RawStore: org.apache.hadoop.hive.metastore.ObjectStore@340c6bca, with PersistenceManager: org.datanucleus.api.jdo.JDOPersistenceManager@6f61cc64 will be shutdown
2024-04-23T21:14:49,337  INFO [load-dynamic-partitionsToAdd-0] HiveMetaStore.audit: ugi=alex	ip=unknown-ip-addr	cmd=Done cleaning up thread local RawStore	
2024-04-23T21:14:49,337  INFO [load-dynamic-partitionsToAdd-0] metastore.HiveMetaStoreClient: Closed a connection to metastore, current connections: -5
2024-04-23T21:14:49,337  INFO [main] metadata.Hive: Number of partitionsToAdd to be added is 2
2024-04-23T21:14:49,338  INFO [main] HiveMetaStore.audit: ugi=alex	ip=unknown-ip-addr	cmd=add_partitions	
2024-04-23T21:14:49,372  INFO [main] HiveMetaStore.audit: ugi=alex	ip=unknown-ip-addr	cmd=alter_partitions : tbl=hive.default.tmp	
2024-04-23T21:14:49,372  INFO [main] metastore.HMSHandler: New partition values:[3]
2024-04-23T21:14:49,446  INFO [main] metadata.Hive: Loaded 2partitionsToAdd
	 Time taken to load dynamic partitions: 0.233 seconds
2024-04-23T21:14:49,446  INFO [main] exec.Task: 	 Time taken to load dynamic partitions: 0.233 seconds
2024-04-23T21:14:49,446  INFO [main] exec.MoveTask: 	 Time taken to load dynamic partitions: 0.233 seconds
2024-04-23T21:14:49,446  INFO [main] exec.MoveTask: Loading partition {c3=4}
2024-04-23T21:14:49,446  INFO [main] exec.MoveTask: Loading partition {c3=3}
	 Time taken for adding to write entity : 0.0 seconds
2024-04-23T21:14:49,446  INFO [main] exec.Task: 	 Time taken for adding to write entity : 0.0 seconds
2024-04-23T21:14:49,446  INFO [main] ql.Driver: Starting task [Stage-2:STATS] in serial mode
2024-04-23T21:14:49,447  INFO [main] HiveMetaStore.audit: ugi=alex	ip=unknown-ip-addr	cmd=get_table : tbl=hive.default.tmp	
2024-04-23T21:14:49,456  INFO [main] metastore.HMSHandler: Skipping translation for processor with null
2024-04-23T21:14:49,456  INFO [main] stats.BasicStatsTask: Executing stats task
2024-04-23T21:14:49,457  INFO [main] fs.FSStatsPublisher: created : file:/home/alex/Repositories/hive/ql/target/tmp/localscratchdir/c896a1fb-210a-4f53-aacd-b68a5f5adf47/hive_2024-04-23_21-14-47_671_8341627182072199233-1/-mr-10001
2024-04-23T21:14:49,458  INFO [main] HiveMetaStore.audit: ugi=alex	ip=unknown-ip-addr	cmd=get_table : tbl=hive.default.tmp	
2024-04-23T21:14:49,467  INFO [main] metastore.HMSHandler: Skipping translation for processor with null
2024-04-23T21:14:49,469  INFO [main] FileOperations: Read stats for default.tmp/c3=4/, numRows, true, 1, false: 
2024-04-23T21:14:49,469  INFO [main] FileOperations: Read stats for default.tmp/c3=4/, rawDataSize, true, 8, false: 
2024-04-23T21:14:49,469  INFO [main] stats.BasicStatsTask: Partition {c3=4} stats: [numFiles=1, numRows=1, totalSize=242, rawDataSize=8, numFilesErasureCoded=0]
2024-04-23T21:14:49,469  INFO [main] FileOperations: Read stats for default.tmp/c3=3/, numRows, true, 1, false: 
2024-04-23T21:14:49,469  INFO [main] FileOperations: Read stats for default.tmp/c3=3/, rawDataSize, true, 8, false: 
2024-04-23T21:14:49,469  INFO [main] stats.BasicStatsTask: Partition {c3=3} stats: [numFiles=2, numRows=2, totalSize=484, rawDataSize=16, numFilesErasureCoded=0]
2024-04-23T21:14:49,469  INFO [main] HiveMetaStore.audit: ugi=alex	ip=unknown-ip-addr	cmd=alter_partitions : tbl=hive.default.tmp	
2024-04-23T21:14:49,469  INFO [main] metastore.HMSHandler: New partition values:[4]
2024-04-23T21:14:49,469  INFO [main] metastore.HMSHandler: New partition values:[3]
2024-04-23T21:14:49,534  INFO [main] metadata.Hive: Dumping metastore api call timing information for : execution phase
2024-04-23T21:14:49,534  INFO [main] metadata.Hive: Total time spent in each metastore function (ms): {add_partitions_(List)=33, alter_partitions_(String, String, String, List, EnvironmentContext, String, long)=73, getPartitionsByNames_(String, String, List, boolean, String)=43, getTable_(GetTableRequest)=52, listPartitionNamesRequest_(GetPartitionNamesPsRequest)=23, alter_partitions_(String, String, List, EnvironmentContext, String, long)=64, isCompatibleWith_(Configuration)=0}
MapReduce Jobs Launched: 
2024-04-23T21:14:49,534  INFO [main] ql.Driver: MapReduce Jobs Launched: 
Stage-Stage-1:  HDFS Read: 0 HDFS Write: 0 SUCCESS
2024-04-23T21:14:49,534  INFO [main] ql.Driver: Stage-Stage-1:  HDFS Read: 0 HDFS Write: 0 SUCCESS
Total MapReduce CPU Time Spent: 0 msec
2024-04-23T21:14:49,534  INFO [main] ql.Driver: Total MapReduce CPU Time Spent: 0 msec
2024-04-23T21:14:49,534  INFO [main] ql.Driver: Completed executing command(queryId=alex_20240423211447_0ff3a894-6ea9-45af-b76a-d518f85b0b8d); Time taken: 1.649 seconds
2024-04-23T21:14:49,535  INFO [main] lockmgr.DbTxnManager: Stopped heartbeat for query: alex_20240423211447_0ff3a894-6ea9-45af-b76a-d518f85b0b8d
2024-04-23T21:14:49,539  INFO [main] txn.TxnHandler: Expected to move at least one record from txn_components to completed_txn_components when committing txn! txnid:17
2024-04-23T21:14:49,547  INFO [main] txn.TxnHandler: Removed transactions: ([17]) from MIN_HISTORY_LEVEL
2024-04-23T21:14:49,548  WARN [main] txn.CompactionTxnHandler: No compaction queue record found for Compaction type transaction commit. txnId:17
2024-04-23T21:14:49,549  INFO [main] ql.TxnCommandsBaseForTests: Running the query: insert into tmp  values(5,5,5),(6,6,6)
2024-04-23T21:14:49,549  INFO [main] ql.Context: Deleting scratch dir: file:/home/alex/Repositories/hive/ql/target/tmp/org.apache.hadoop.hive.ql.TestTxnNoBuckets-1713932056679/warehouse/tmp/.hive-staging_hive_2024-04-23_21-14-47_671_8341627182072199233-1
2024-04-23T21:14:49,550  INFO [main] cleanup.SyncCleanupService: Deleted directory: file:/home/alex/Repositories/hive/ql/target/tmp/org.apache.hadoop.hive.ql.TestTxnNoBuckets-1713932056679/warehouse/tmp/.hive-staging_hive_2024-04-23_21-14-47_671_8341627182072199233-1 on fs with scheme file
2024-04-23T21:14:49,550  INFO [main] ql.Context: Deleting scratch dir: file:/home/alex/Repositories/hive/ql/target/tmp/localscratchdir/c896a1fb-210a-4f53-aacd-b68a5f5adf47/hive_2024-04-23_21-14-47_671_8341627182072199233-1
2024-04-23T21:14:49,551  INFO [main] cleanup.SyncCleanupService: Deleted directory: file:/home/alex/Repositories/hive/ql/target/tmp/localscratchdir/c896a1fb-210a-4f53-aacd-b68a5f5adf47/hive_2024-04-23_21-14-47_671_8341627182072199233-1 on fs with scheme file
2024-04-23T21:14:49,551  INFO [main] ql.Driver: Compiling command(queryId=alex_20240423211449_26ae7e79-cc3c-4740-959b-8f7a7dfb5837): insert into tmp  values(5,5,5),(6,6,6)
2024-04-23T21:14:49,560  INFO [main] txn.TxnHandler: Added entries to MIN_HISTORY_LEVEL for current txns: ([18]) with min_open_txn: 18
2024-04-23T21:14:49,560  INFO [main] lockmgr.DbTxnManager: Opened txnid:18
2024-04-23T21:14:49,563  INFO [main] parse.CalcitePlanner: Starting caching scope for: 
2024-04-23T21:14:49,563  INFO [main] parse.CalcitePlanner: Starting Semantic Analysis
2024-04-23T21:14:49,569  INFO [main] HiveMetaStore.audit: ugi=alex	ip=unknown-ip-addr	cmd=get_table : tbl=hive.default.tmp	
2024-04-23T21:14:49,581  INFO [main] metastore.HMSHandler: Skipping translation for processor with null
2024-04-23T21:14:49,581  INFO [main] parse.CalcitePlanner: Completed phase 1 of Semantic Analysis
2024-04-23T21:14:49,581  INFO [main] parse.CalcitePlanner: Get metadata for source tables
2024-04-23T21:14:49,581  INFO [main] parse.CalcitePlanner: Get metadata for subqueries
2024-04-23T21:14:49,581  INFO [main] parse.CalcitePlanner: Get metadata for destination tables
2024-04-23T21:14:49,582  INFO [main] HiveMetaStore.audit: ugi=alex	ip=unknown-ip-addr	cmd=get_table : tbl=hive.default.tmp	
2024-04-23T21:14:49,593  INFO [main] metastore.HMSHandler: Skipping translation for processor with null
2024-04-23T21:14:49,593  INFO [main] parse.CalcitePlanner: Completed getting MetaData in Semantic Analysis
2024-04-23T21:14:49,593  INFO [main] parse.CalcitePlanner: Disabling LLAP IO encode as ETL query is detected
2024-04-23T21:14:49,614  INFO [main] HiveMetaStore.audit: ugi=alex	ip=unknown-ip-addr	cmd=get_all_table_constraints : tbl=hive._dummy_database._dummy_table	
2024-04-23T21:14:49,702  INFO [main] parse.CalcitePlanner: Get metadata for source tables
2024-04-23T21:14:49,702  INFO [main] parse.CalcitePlanner: Get metadata for subqueries
2024-04-23T21:14:49,702  INFO [main] parse.CalcitePlanner: Get metadata for source tables
2024-04-23T21:14:49,703  INFO [main] HiveMetaStore.audit: ugi=alex	ip=unknown-ip-addr	cmd=get_table : tbl=hive._dummy_database._dummy_table	
2024-04-23T21:14:49,706  INFO [main] parse.CalcitePlanner: Get metadata for subqueries
2024-04-23T21:14:49,706  INFO [main] parse.CalcitePlanner: Get metadata for destination tables
2024-04-23T21:14:49,706  INFO [main] parse.CalcitePlanner: Get metadata for destination tables
2024-04-23T21:14:49,706  INFO [main] HiveMetaStore.audit: ugi=alex	ip=unknown-ip-addr	cmd=get_table : tbl=hive.default.tmp	
2024-04-23T21:14:49,717  INFO [main] metastore.HMSHandler: Skipping translation for processor with null
2024-04-23T21:14:49,720  INFO [main] common.FileUtils: Creating directory if it doesn't exist: file:/home/alex/Repositories/hive/ql/target/tmp/org.apache.hadoop.hive.ql.TestTxnNoBuckets-1713932056679/warehouse/tmp/.hive-staging_hive_2024-04-23_21-14-49_551_7911921377509537003-1
2024-04-23T21:14:49,723  INFO [main] HiveMetaStore.audit: ugi=alex	ip=unknown-ip-addr	cmd=get_not_null_constraints : tbl=hive.default.tmp	
2024-04-23T21:14:49,724  INFO [main] HiveMetaStore.audit: ugi=alex	ip=unknown-ip-addr	cmd=get_check_constraints : tbl=hive.default.tmp	
2024-04-23T21:14:49,726  INFO [main] parse.CalcitePlanner: CBO Succeeded; optimized logical plan.
2024-04-23T21:14:49,730  INFO [main] optimizer.BucketVersionPopulator: not considering bucketingVersion for: TS[0] because it has -1<2 buckets 
2024-04-23T21:14:49,730  INFO [main] optimizer.SortedDynPartitionOptimizer: Sorted dynamic partitioning optimization kicked in..
2024-04-23T21:14:49,731  INFO [main] optimizer.SortedDynPartitionOptimizer: Inserted RS_5 and SEL_6 as parent of FS_4 and child of SEL_3
2024-04-23T21:14:49,741  INFO [main] HiveMetaStore.audit: ugi=alex	ip=unknown-ip-addr	cmd=get_table : tbl=hive.default.tmp	
2024-04-23T21:14:49,752  INFO [main] metastore.HMSHandler: Skipping translation for processor with null
2024-04-23T21:14:49,753  INFO [main] parse.CalcitePlanner: Completed plan generation
2024-04-23T21:14:49,753  INFO [main] parse.CalcitePlanner: Ending caching scope for: 
2024-04-23T21:14:49,753  INFO [main] ql.Driver: Semantic Analysis Completed (retrial = false)
2024-04-23T21:14:49,753  INFO [main] ql.Driver: Created Hive schema: Schema(fieldSchemas:[FieldSchema(name:col1, type:int, comment:null), FieldSchema(name:col2, type:int, comment:null), FieldSchema(name:col3, type:int, comment:null)], properties:null)
2024-04-23T21:14:49,753  INFO [main] metadata.Hive: Dumping metastore api call timing information for : compilation phase
2024-04-23T21:14:49,753  INFO [main] metadata.Hive: Total time spent in each metastore function (ms): {getValidWriteIds_(List, String)=6, getAllTableConstraints_(AllTableConstraintsRequest)=32, isCompatibleWith_(Configuration)=0, commitTxn_(CommitTxnRequest)=14, getCheckConstraints_(CheckConstraintsRequest)=2, openTxn_(String, TxnType)=8, getValidTxns_(long)=2, getNotNullConstraints_(NotNullConstraintsRequest)=1, getMetaConf_(String)=1, flushCache_()=0, getTable_(GetTableRequest)=46}
2024-04-23T21:14:49,754  INFO [main] ql.Driver: Completed compiling command(queryId=alex_20240423211449_26ae7e79-cc3c-4740-959b-8f7a7dfb5837); Time taken: 0.202 seconds
2024-04-23T21:14:49,754  INFO [main] lockmgr.DbTxnManager: Setting lock request transaction to txnid:18 for queryId=alex_20240423211449_26ae7e79-cc3c-4740-959b-8f7a7dfb5837
2024-04-23T21:14:49,754  INFO [main] lockmgr.DbLockManager: Requesting lock for queryId=alex_20240423211449_26ae7e79-cc3c-4740-959b-8f7a7dfb5837
2024-04-23T21:14:49,775  INFO [main] lockmgr.DbLockManager: Response to queryId=alex_20240423211449_26ae7e79-cc3c-4740-959b-8f7a7dfb5837 LockResponse(lockid:11, state:ACQUIRED)
2024-04-23T21:14:49,775  INFO [main] ql.Driver: Operation QUERY obtained 1 locks
2024-04-23T21:14:49,776  INFO [main] ql.Driver: Executing command(queryId=alex_20240423211449_26ae7e79-cc3c-4740-959b-8f7a7dfb5837): insert into tmp  values(5,5,5),(6,6,6)
2024-04-23T21:14:49,776  WARN [main] ql.Driver: Hive-on-MR is deprecated in Hive 2 and may not be available in the future versions. Consider using a different execution engine (i.e. tez, spark) or using Hive 1.X releases.
Query ID = alex_20240423211449_26ae7e79-cc3c-4740-959b-8f7a7dfb5837
2024-04-23T21:14:49,776  INFO [main] ql.Driver: Query ID = alex_20240423211449_26ae7e79-cc3c-4740-959b-8f7a7dfb5837
Total jobs = 1
2024-04-23T21:14:49,776  INFO [main] ql.Driver: Total jobs = 1
Launching Job 1 out of 1
2024-04-23T21:14:49,776  INFO [main] ql.Driver: Launching Job 1 out of 1
2024-04-23T21:14:49,915  INFO [main] ql.Driver: Starting task [Stage-1:MAPRED] in serial mode
2024-04-23T21:14:49,915  INFO [main] exec.Utilities: Not using thread pool for getContentSummary
2024-04-23T21:14:49,916  INFO [main] exec.Utilities: BytesPerReducer=256000000 maxReducers=1009 totalInputFileSize=1
Number of reduce tasks not specified. Estimated from input data size: 1
2024-04-23T21:14:49,916  INFO [main] exec.Task: Number of reduce tasks not specified. Estimated from input data size: 1
In order to change the average load for a reducer (in bytes):
2024-04-23T21:14:49,916  INFO [main] exec.Task: In order to change the average load for a reducer (in bytes):
  set hive.exec.reducers.bytes.per.reducer=<number>
2024-04-23T21:14:49,916  INFO [main] exec.Task:   set hive.exec.reducers.bytes.per.reducer=<number>
In order to limit the maximum number of reducers:
2024-04-23T21:14:49,916  INFO [main] exec.Task: In order to limit the maximum number of reducers:
  set hive.exec.reducers.max=<number>
2024-04-23T21:14:49,916  INFO [main] exec.Task:   set hive.exec.reducers.max=<number>
In order to set a constant number of reducers:
2024-04-23T21:14:49,916  INFO [main] exec.Task: In order to set a constant number of reducers:
  set mapreduce.job.reduces=<number>
2024-04-23T21:14:49,916  INFO [main] exec.Task:   set mapreduce.job.reduces=<number>
2024-04-23T21:14:49,919  INFO [main] mr.ExecDriver: Using org.apache.hadoop.hive.ql.io.HiveInputFormat
2024-04-23T21:14:49,919  INFO [main] exec.Utilities: Processing alias $hdt$_0:_dummy_table
2024-04-23T21:14:49,919  INFO [main] exec.Utilities: Adding 1 inputs; the first input is file:/home/alex/Repositories/hive/ql/target/tmp/localscratchdir/c896a1fb-210a-4f53-aacd-b68a5f5adf47/hive_2024-04-23_21-14-49_551_7911921377509537003-1/dummy_path
2024-04-23T21:14:49,928  INFO [main] exec.SerializationUtilities: Serializing MapWork using kryo
2024-04-23T21:14:49,930  INFO [main] exec.Utilities: Serialized plan (via FILE) - name: null size: 5,09KB
2024-04-23T21:14:49,935  INFO [main] exec.SerializationUtilities: Serializing ReduceWork using kryo
2024-04-23T21:14:49,936  INFO [main] exec.Utilities: Serialized plan (via FILE) - name: null size: 6,46KB
2024-04-23T21:14:49,937  WARN [main] impl.MetricsSystemImpl: JobTracker metrics system already initialized!
2024-04-23T21:14:49,942  INFO [main] fs.FSStatsPublisher: created : file:/home/alex/Repositories/hive/ql/target/tmp/localscratchdir/c896a1fb-210a-4f53-aacd-b68a5f5adf47/hive_2024-04-23_21-14-49_551_7911921377509537003-1/-mr-10001
2024-04-23T21:14:49,948  WARN [main] impl.MetricsSystemImpl: JobTracker metrics system already initialized!
2024-04-23T21:14:49,956  WARN [main] mapreduce.JobResourceUploader: Hadoop command-line option parsing not performed. Implement the Tool interface and execute your application with ToolRunner to remedy this.
2024-04-23T21:14:49,960  WARN [main] mapreduce.JobResourceUploader: No job jar file set.  User classes may not be found. See Job or Job#setJar(String).
2024-04-23T21:14:49,961  INFO [main] io.HiveInputFormat: hive.io.file.readcolumn.ids = 
2024-04-23T21:14:49,961  INFO [main] io.HiveInputFormat: hive.io.file.readcolumn.names = 
2024-04-23T21:14:49,961  INFO [main] io.HiveInputFormat: Generating splits for dirs: file:/home/alex/Repositories/hive/ql/target/tmp/localscratchdir/c896a1fb-210a-4f53-aacd-b68a5f5adf47/hive_2024-04-23_21-14-49_551_7911921377509537003-1/dummy_path
2024-04-23T21:14:49,962  INFO [main] io.HiveInputFormat: number of splits 1
2024-04-23T21:14:49,979  INFO [main] mapreduce.JobSubmitter: number of splits:1
2024-04-23T21:14:50,000  INFO [main] mapreduce.JobSubmitter: Submitting tokens for job: job_local122069990_0011
2024-04-23T21:14:50,000  INFO [main] mapreduce.JobSubmitter: Executing with tokens: []
2024-04-23T21:14:50,097  INFO [main] mapreduce.Job: The url to track the job: http://localhost:8080/
Job running in-process (local Hadoop)
2024-04-23T21:14:50,097  INFO [main] exec.Task: Job running in-process (local Hadoop)
2024-04-23T21:14:50,097  INFO [Thread-676] mapred.LocalJobRunner: OutputCommitter set in config org.apache.hadoop.hive.ql.io.HiveFileFormatUtils$NullOutputCommitter
2024-04-23T21:14:50,097  INFO [Thread-676] mapred.LocalJobRunner: OutputCommitter is org.apache.hadoop.hive.ql.io.HiveFileFormatUtils$NullOutputCommitter
2024-04-23T21:14:50,099  INFO [Thread-676] mapred.LocalJobRunner: Waiting for map tasks
2024-04-23T21:14:50,099  INFO [LocalJobRunner Map Task Executor #0] mapred.LocalJobRunner: Starting task: attempt_local122069990_0011_m_000000_0
2024-04-23T21:14:50,099  INFO [LocalJobRunner Map Task Executor #0] mapred.Task:  Using ResourceCalculatorProcessTree : [ ]
2024-04-23T21:14:50,100  INFO [LocalJobRunner Map Task Executor #0] mapred.MapTask: Processing split: org.apache.hadoop.hive.ql.io.NullRowsInputFormat:file:/home/alex/Repositories/hive/ql/target/tmp/localscratchdir/c896a1fb-210a-4f53-aacd-b68a5f5adf47/hive_2024-04-23_21-14-49_551_7911921377509537003-1/dummy_path/null:0+1
2024-04-23T21:14:50,100  INFO [LocalJobRunner Map Task Executor #0] exec.SerializationUtilities: Deserializing MapWork using kryo
2024-04-23T21:14:50,101  INFO [LocalJobRunner Map Task Executor #0] exec.Utilities: Deserialized plan (via FILE) - name: null size: 5,09KB
2024-04-23T21:14:50,101  INFO [LocalJobRunner Map Task Executor #0] mapred.MapTask: numReduceTasks: 1
2024-04-23T21:14:50,105  INFO [LocalJobRunner Map Task Executor #0] mapred.MapTask: (EQUATOR) 0 kvi 26214396(104857584)
2024-04-23T21:14:50,106  INFO [LocalJobRunner Map Task Executor #0] mapred.MapTask: mapreduce.task.io.sort.mb: 100
2024-04-23T21:14:50,106  INFO [LocalJobRunner Map Task Executor #0] mapred.MapTask: soft limit at 83886080
2024-04-23T21:14:50,106  INFO [LocalJobRunner Map Task Executor #0] mapred.MapTask: bufstart = 0; bufvoid = 104857600
2024-04-23T21:14:50,106  INFO [LocalJobRunner Map Task Executor #0] mapred.MapTask: kvstart = 26214396; length = 6553600
2024-04-23T21:14:50,106  INFO [LocalJobRunner Map Task Executor #0] mapred.MapTask: Map output collector class = org.apache.hadoop.mapred.MapTask$MapOutputBuffer
2024-04-23T21:14:50,106  INFO [LocalJobRunner Map Task Executor #0] exec.MapOperator: Initializing Operator: MAP[0]
2024-04-23T21:14:50,107  INFO [LocalJobRunner Map Task Executor #0] mr.ExecMapper: 
<MAP>Id =0
  <Children>null
  <\Children>
  <Parent><\Parent>
<\MAP>
2024-04-23T21:14:50,107  INFO [LocalJobRunner Map Task Executor #0] exec.TableScanOperator: Initializing Operator: TS[0]
2024-04-23T21:14:50,107  INFO [LocalJobRunner Map Task Executor #0] exec.SelectOperator: Initializing Operator: SEL[1]
2024-04-23T21:14:50,108  INFO [LocalJobRunner Map Task Executor #0] exec.SelectOperator: SELECT null
2024-04-23T21:14:50,108  INFO [LocalJobRunner Map Task Executor #0] exec.UDTFOperator: Initializing Operator: UDTF[2]
2024-04-23T21:14:50,108  INFO [LocalJobRunner Map Task Executor #0] exec.SelectOperator: Initializing Operator: SEL[3]
2024-04-23T21:14:50,108  INFO [LocalJobRunner Map Task Executor #0] exec.SelectOperator: SELECT struct<col1:int,col2:int,col3:int>
2024-04-23T21:14:50,108  INFO [LocalJobRunner Map Task Executor #0] exec.ReduceSinkOperator: Initializing Operator: RS[5]
2024-04-23T21:14:50,108  INFO [LocalJobRunner Map Task Executor #0] exec.ReduceSinkOperator: Using tag = -1
2024-04-23T21:14:50,108  INFO [LocalJobRunner Map Task Executor #0] exec.ReduceSinkOperator: keys are [_col2] num distributions: 1
2024-04-23T21:14:50,109  INFO [LocalJobRunner Map Task Executor #0] exec.ReduceSinkOperator: RS[5]: records written - 1
2024-04-23T21:14:50,109  INFO [LocalJobRunner Map Task Executor #0] exec.MapOperator: MAP[0]: records read - 1
2024-04-23T21:14:50,109  INFO [LocalJobRunner Map Task Executor #0] exec.MapOperator: Closing Operator: MAP[0]
2024-04-23T21:14:50,109  INFO [LocalJobRunner Map Task Executor #0] exec.MapOperator: MAP[0]: Total records read - 3. abort - false
2024-04-23T21:14:50,109  INFO [LocalJobRunner Map Task Executor #0] exec.MapOperator: RECORDS_IN:3, RECORDS_OUT_OPERATOR_MAP_0:0, DESERIALIZE_ERRORS:0, RECORDS_OUT_INTERMEDIATE:0, 
2024-04-23T21:14:50,109  INFO [LocalJobRunner Map Task Executor #0] exec.TableScanOperator: Closing Operator: TS[0]
2024-04-23T21:14:50,109  INFO [LocalJobRunner Map Task Executor #0] exec.TableScanOperator: RECORDS_OUT_INTERMEDIATE:0, RECORDS_OUT_OPERATOR_TS_0:1, 
2024-04-23T21:14:50,109  INFO [LocalJobRunner Map Task Executor #0] exec.SelectOperator: Closing Operator: SEL[1]
2024-04-23T21:14:50,109  INFO [LocalJobRunner Map Task Executor #0] exec.SelectOperator: RECORDS_OUT_INTERMEDIATE:0, RECORDS_OUT_OPERATOR_SEL_1:1, 
2024-04-23T21:14:50,109  INFO [LocalJobRunner Map Task Executor #0] exec.UDTFOperator: Closing Operator: UDTF[2]
2024-04-23T21:14:50,109  INFO [LocalJobRunner Map Task Executor #0] exec.UDTFOperator: RECORDS_OUT_INTERMEDIATE:0, RECORDS_OUT_OPERATOR_UDTF_2:2, 
2024-04-23T21:14:50,109  INFO [LocalJobRunner Map Task Executor #0] exec.SelectOperator: Closing Operator: SEL[3]
2024-04-23T21:14:50,109  INFO [LocalJobRunner Map Task Executor #0] exec.SelectOperator: RECORDS_OUT_OPERATOR_SEL_3:2, RECORDS_OUT_INTERMEDIATE:0, 
2024-04-23T21:14:50,109  INFO [LocalJobRunner Map Task Executor #0] exec.ReduceSinkOperator: Closing Operator: RS[5]
2024-04-23T21:14:50,109  INFO [LocalJobRunner Map Task Executor #0] exec.ReduceSinkOperator: RS[5]: Total records written - 2. abort - false
2024-04-23T21:14:50,110  INFO [LocalJobRunner Map Task Executor #0] exec.ReduceSinkOperator: RECORDS_OUT_INTERMEDIATE:2, RECORDS_OUT_OPERATOR_RS_5:2, 
2024-04-23T21:14:50,110  INFO [LocalJobRunner Map Task Executor #0] mapred.LocalJobRunner: 
2024-04-23T21:14:50,110  INFO [LocalJobRunner Map Task Executor #0] mapred.MapTask: Starting flush of map output
2024-04-23T21:14:50,110  INFO [LocalJobRunner Map Task Executor #0] mapred.MapTask: Spilling map output
2024-04-23T21:14:50,110  INFO [LocalJobRunner Map Task Executor #0] mapred.MapTask: bufstart = 0; bufend = 34; bufvoid = 104857600
2024-04-23T21:14:50,110  INFO [LocalJobRunner Map Task Executor #0] mapred.MapTask: kvstart = 26214396(104857584); kvend = 26214392(104857568); length = 5/6553600
2024-04-23T21:14:50,121  INFO [LocalJobRunner Map Task Executor #0] mapred.MapTask: Finished spill 0
2024-04-23T21:14:50,124  INFO [LocalJobRunner Map Task Executor #0] mapred.Task: Task:attempt_local122069990_0011_m_000000_0 is done. And is in the process of committing
2024-04-23T21:14:50,124  INFO [LocalJobRunner Map Task Executor #0] mapred.LocalJobRunner: map
2024-04-23T21:14:50,124  INFO [LocalJobRunner Map Task Executor #0] mapred.Task: Task 'attempt_local122069990_0011_m_000000_0' done.
2024-04-23T21:14:50,124  INFO [LocalJobRunner Map Task Executor #0] mapred.Task: Final Counters for attempt_local122069990_0011_m_000000_0: Counters: 26
	File System Counters
		FILE: Number of bytes read=160923
		FILE: Number of bytes written=12969836
		FILE: Number of read operations=0
		FILE: Number of large read operations=0
		FILE: Number of write operations=0
	Map-Reduce Framework
		Map input records=4
		Map output records=2
		Map output bytes=34
		Map output materialized bytes=44
		Input split bytes=361
		Combine input records=0
		Spilled Records=2
		Failed Shuffles=0
		Merged Map outputs=0
		GC time elapsed (ms)=0
		Total committed heap usage (bytes)=1103101952
	HIVE
		DESERIALIZE_ERRORS=0
		RECORDS_IN=3
		RECORDS_OUT_INTERMEDIATE=2
		RECORDS_OUT_OPERATOR_MAP_0=0
		RECORDS_OUT_OPERATOR_RS_5=2
		RECORDS_OUT_OPERATOR_SEL_1=1
		RECORDS_OUT_OPERATOR_SEL_3=2
		RECORDS_OUT_OPERATOR_TS_0=1
		RECORDS_OUT_OPERATOR_UDTF_2=2
	File Input Format Counters 
		Bytes Read=5143
2024-04-23T21:14:50,124  INFO [LocalJobRunner Map Task Executor #0] mapred.LocalJobRunner: Finishing task: attempt_local122069990_0011_m_000000_0
2024-04-23T21:14:50,124  INFO [Thread-676] mapred.LocalJobRunner: map task executor complete.
2024-04-23T21:14:50,125  INFO [Thread-676] mapred.LocalJobRunner: Waiting for reduce tasks
2024-04-23T21:14:50,125  INFO [pool-61-thread-1] mapred.LocalJobRunner: Starting task: attempt_local122069990_0011_r_000000_0
2024-04-23T21:14:50,126  INFO [pool-61-thread-1] mapred.Task:  Using ResourceCalculatorProcessTree : [ ]
2024-04-23T21:14:50,126  INFO [pool-61-thread-1] mapred.ReduceTask: Using ShuffleConsumerPlugin: org.apache.hadoop.mapreduce.task.reduce.Shuffle@b6e8263
2024-04-23T21:14:50,126  WARN [pool-61-thread-1] impl.MetricsSystemImpl: JobTracker metrics system already initialized!
2024-04-23T21:14:50,127  INFO [pool-61-thread-1] reduce.MergeManagerImpl: MergerManager: memoryLimit=1336252800, maxSingleShuffleLimit=334063200, mergeThreshold=881926912, ioSortFactor=10, memToMemMergeOutputsThreshold=10
2024-04-23T21:14:50,128  INFO [EventFetcher for fetching Map Completion Events] reduce.EventFetcher: attempt_local122069990_0011_r_000000_0 Thread started: EventFetcher for fetching Map Completion Events
2024-04-23T21:14:50,128  INFO [localfetcher#8] reduce.LocalFetcher: localfetcher#8 about to shuffle output of map attempt_local122069990_0011_m_000000_0 decomp: 40 len: 44 to MEMORY
2024-04-23T21:14:50,128  INFO [localfetcher#8] reduce.InMemoryMapOutput: Read 40 bytes from map-output for attempt_local122069990_0011_m_000000_0
2024-04-23T21:14:50,129  INFO [localfetcher#8] reduce.MergeManagerImpl: closeInMemoryFile -> map-output of size: 40, inMemoryMapOutputs.size() -> 1, commitMemory -> 0, usedMemory ->40
2024-04-23T21:14:50,129  INFO [EventFetcher for fetching Map Completion Events] reduce.EventFetcher: EventFetcher is interrupted.. Returning
2024-04-23T21:14:50,129  INFO [pool-61-thread-1] mapred.LocalJobRunner: 1 / 1 copied.
2024-04-23T21:14:50,129  INFO [pool-61-thread-1] reduce.MergeManagerImpl: finalMerge called with 1 in-memory map-outputs and 0 on-disk map-outputs
2024-04-23T21:14:50,136  INFO [pool-61-thread-1] mapred.Merger: Merging 1 sorted segments
2024-04-23T21:14:50,136  INFO [pool-61-thread-1] mapred.Merger: Down to the last merge-pass, with 1 segments left of total size: 28 bytes
2024-04-23T21:14:50,138  INFO [pool-61-thread-1] reduce.MergeManagerImpl: Merged 1 segments, 40 bytes to disk to satisfy reduce memory limit
2024-04-23T21:14:50,138  INFO [pool-61-thread-1] reduce.MergeManagerImpl: Merging 1 files, 44 bytes from disk
2024-04-23T21:14:50,138  INFO [pool-61-thread-1] reduce.MergeManagerImpl: Merging 0 segments, 0 bytes from memory into reduce
2024-04-23T21:14:50,138  INFO [pool-61-thread-1] mapred.Merger: Merging 1 sorted segments
2024-04-23T21:14:50,139  INFO [pool-61-thread-1] mapred.Merger: Down to the last merge-pass, with 1 segments left of total size: 28 bytes
2024-04-23T21:14:50,139  INFO [pool-61-thread-1] mapred.LocalJobRunner: 1 / 1 copied.
2024-04-23T21:14:50,139  INFO [pool-61-thread-1] exec.SerializationUtilities: Deserializing ReduceWork using kryo
2024-04-23T21:14:50,140  INFO [pool-61-thread-1] exec.Utilities: Deserialized plan (via FILE) - name: null size: 6,46KB
2024-04-23T21:14:50,141  INFO [pool-61-thread-1] ExecReducer: 
<SEL>Id =6
  <Children>
    <FS>Id =4
      <Children>
      <\Children>
      <Parent>Id = 6 null<\Parent>
    <\FS>
  <\Children>
  <Parent><\Parent>
<\SEL>
2024-04-23T21:14:50,141  INFO [pool-61-thread-1] exec.SelectOperator: Initializing Operator: SEL[6]
2024-04-23T21:14:50,141  INFO [pool-61-thread-1] exec.SelectOperator: SELECT struct<key:struct<_col2:int>,value:struct<_col0:int,_col1:int>>
2024-04-23T21:14:50,141  INFO [pool-61-thread-1] exec.FileSinkOperator: Initializing Operator: FS[4]
2024-04-23T21:14:50,141  INFO [pool-61-thread-1] exec.FileSinkOperator: Using serializer : AbstractSerDe [log=org.apache.logging.slf4j.Log4jLogger@261f1262, configuration=Optional[Configuration: core-default.xml, core-site.xml, mapred-default.xml, mapred-site.xml, yarn-default.xml, yarn-site.xml, hdfs-default.xml, hdfs-site.xml, file:/home/alex/Repositories/hive/ql/target/tmp/TestTxnNoBuckets/mapred/local/localRunner/alex/job_local122069990_0011/job_local122069990_0011.xml], properties={name=default.tmp, columns.types=int:int, serialization.format=1, columns=c1,c2, columns.comments=&amp#0;, partition_columns.types=int, partition_columns=c3, bucketing_version=2, serialization.lib=org.apache.hadoop.hive.ql.io.orc.OrcSerde, file.inputformat=org.apache.hadoop.hive.ql.io.orc.OrcInputFormat, file.outputformat=org.apache.hadoop.hive.ql.io.orc.OrcOutputFormat, location=file:/home/alex/Repositories/hive/ql/target/tmp/org.apache.hadoop.hive.ql.TestTxnNoBuckets-1713932056679/warehouse/tmp, column.name.delimiter=,}, tableProperties={name=default.tmp, columns.types=int:int, serialization.format=1, columns=c1,c2, columns.comments=&amp#0;, partition_columns.types=int, partition_columns=c3, bucketing_version=2, serialization.lib=org.apache.hadoop.hive.ql.io.orc.OrcSerde, file.inputformat=org.apache.hadoop.hive.ql.io.orc.OrcInputFormat, location=file:/home/alex/Repositories/hive/ql/target/tmp/org.apache.hadoop.hive.ql.TestTxnNoBuckets-1713932056679/warehouse/tmp, file.outputformat=org.apache.hadoop.hive.ql.io.orc.OrcOutputFormat, column.name.delimiter=,}, partitionProperties=Optional.empty, columnNames=[c1, c2], columnTypes=[int, int], getClass()=class org.apache.hadoop.hive.ql.io.orc.OrcSerde] and formatter : org.apache.hadoop.hive.ql.io.orc.OrcOutputFormat@58f6f8c4
2024-04-23T21:14:50,142  INFO [pool-61-thread-1] exec.FileSinkOperator: Final Path: FS file:/home/alex/Repositories/hive/ql/target/tmp/org.apache.hadoop.hive.ql.TestTxnNoBuckets-1713932056679/warehouse/tmp/.hive-staging_hive_2024-04-23_21-14-49_551_7911921377509537003-1/_tmp.-ext-10000/c3=5/000000_0
2024-04-23T21:14:50,142  INFO [pool-61-thread-1] exec.FileSinkOperator: Writing to temp file: FS file:/home/alex/Repositories/hive/ql/target/tmp/org.apache.hadoop.hive.ql.TestTxnNoBuckets-1713932056679/warehouse/tmp/.hive-staging_hive_2024-04-23_21-14-49_551_7911921377509537003-1/_task_tmp.-ext-10000/c3=5/_tmp.000000_0
2024-04-23T21:14:50,142  INFO [pool-61-thread-1] exec.FileSinkOperator: New Final Path: FS file:/home/alex/Repositories/hive/ql/target/tmp/org.apache.hadoop.hive.ql.TestTxnNoBuckets-1713932056679/warehouse/tmp/.hive-staging_hive_2024-04-23_21-14-49_551_7911921377509537003-1/_tmp.-ext-10000/c3=5/000000_0
2024-04-23T21:14:50,147  INFO [pool-61-thread-1] exec.FileSinkOperator: FS[4]: records written - 1
2024-04-23T21:14:50,147  INFO [pool-61-thread-1] impl.PhysicalFsWriter: ORC writer created for path: file:/home/alex/Repositories/hive/ql/target/tmp/org.apache.hadoop.hive.ql.TestTxnNoBuckets-1713932056679/warehouse/tmp/.hive-staging_hive_2024-04-23_21-14-49_551_7911921377509537003-1/_task_tmp.-ext-10000/c3=5/_tmp.000000_0 with stripeSize: 67108864 blockSize: 268435456 compression: Compress: ZLIB buffer: 262144
2024-04-23T21:14:50,152  INFO [pool-61-thread-1] impl.WriterImpl: ORC writer created for path: file:/home/alex/Repositories/hive/ql/target/tmp/org.apache.hadoop.hive.ql.TestTxnNoBuckets-1713932056679/warehouse/tmp/.hive-staging_hive_2024-04-23_21-14-49_551_7911921377509537003-1/_task_tmp.-ext-10000/c3=5/_tmp.000000_0 with stripeSize: 67108864 options: Compress: ZLIB buffer: 262144
2024-04-23T21:14:50,154  INFO [pool-61-thread-1] exec.FileSinkOperator: Final Path: FS file:/home/alex/Repositories/hive/ql/target/tmp/org.apache.hadoop.hive.ql.TestTxnNoBuckets-1713932056679/warehouse/tmp/.hive-staging_hive_2024-04-23_21-14-49_551_7911921377509537003-1/_tmp.-ext-10000/c3=6/000000_0
2024-04-23T21:14:50,154  INFO [pool-61-thread-1] exec.FileSinkOperator: Writing to temp file: FS file:/home/alex/Repositories/hive/ql/target/tmp/org.apache.hadoop.hive.ql.TestTxnNoBuckets-1713932056679/warehouse/tmp/.hive-staging_hive_2024-04-23_21-14-49_551_7911921377509537003-1/_task_tmp.-ext-10000/c3=6/_tmp.000000_0
2024-04-23T21:14:50,154  INFO [pool-61-thread-1] exec.FileSinkOperator: New Final Path: FS file:/home/alex/Repositories/hive/ql/target/tmp/org.apache.hadoop.hive.ql.TestTxnNoBuckets-1713932056679/warehouse/tmp/.hive-staging_hive_2024-04-23_21-14-49_551_7911921377509537003-1/_tmp.-ext-10000/c3=6/000000_0
2024-04-23T21:14:50,157  INFO [pool-61-thread-1] impl.PhysicalFsWriter: ORC writer created for path: file:/home/alex/Repositories/hive/ql/target/tmp/org.apache.hadoop.hive.ql.TestTxnNoBuckets-1713932056679/warehouse/tmp/.hive-staging_hive_2024-04-23_21-14-49_551_7911921377509537003-1/_task_tmp.-ext-10000/c3=6/_tmp.000000_0 with stripeSize: 67108864 blockSize: 268435456 compression: Compress: ZLIB buffer: 262144
2024-04-23T21:14:50,162  INFO [pool-61-thread-1] impl.WriterImpl: ORC writer created for path: file:/home/alex/Repositories/hive/ql/target/tmp/org.apache.hadoop.hive.ql.TestTxnNoBuckets-1713932056679/warehouse/tmp/.hive-staging_hive_2024-04-23_21-14-49_551_7911921377509537003-1/_task_tmp.-ext-10000/c3=6/_tmp.000000_0 with stripeSize: 67108864 options: Compress: ZLIB buffer: 262144
2024-04-23T21:14:50,162  INFO [pool-61-thread-1] exec.SelectOperator: Closing Operator: SEL[6]
2024-04-23T21:14:50,162  INFO [pool-61-thread-1] exec.SelectOperator: RECORDS_OUT_INTERMEDIATE:0, RECORDS_OUT_OPERATOR_SEL_6:2, 
2024-04-23T21:14:50,162  INFO [pool-61-thread-1] exec.FileSinkOperator: Closing Operator: FS[4]
2024-04-23T21:14:50,162  INFO [pool-61-thread-1] exec.FileSinkOperator: FS[4]: records written - 2
2024-04-23T21:14:50,164  INFO [pool-61-thread-1] common.FileUtils: Creating directory if it doesn't exist: file:/home/alex/Repositories/hive/ql/target/tmp/org.apache.hadoop.hive.ql.TestTxnNoBuckets-1713932056679/warehouse/tmp/.hive-staging_hive_2024-04-23_21-14-49_551_7911921377509537003-1/_tmp.-ext-10000/c3=6
2024-04-23T21:14:50,166  INFO [pool-61-thread-1] common.FileUtils: Creating directory if it doesn't exist: file:/home/alex/Repositories/hive/ql/target/tmp/org.apache.hadoop.hive.ql.TestTxnNoBuckets-1713932056679/warehouse/tmp/.hive-staging_hive_2024-04-23_21-14-49_551_7911921377509537003-1/_tmp.-ext-10000/c3=5
2024-04-23T21:14:50,174  INFO [pool-61-thread-1] exec.FileSinkOperator: RECORDS_OUT_INTERMEDIATE:0, TOTAL_TABLE_ROWS_WRITTEN:2, RECORDS_OUT_OPERATOR_FS_4:2, RECORDS_OUT_1_default.tmp:2, 
2024-04-23T21:14:50,175  INFO [pool-61-thread-1] mapred.Task: Task:attempt_local122069990_0011_r_000000_0 is done. And is in the process of committing
2024-04-23T21:14:50,175  INFO [pool-61-thread-1] mapred.LocalJobRunner: reduce > reduce
2024-04-23T21:14:50,175  INFO [pool-61-thread-1] mapred.Task: Task 'attempt_local122069990_0011_r_000000_0' done.
2024-04-23T21:14:50,175  INFO [pool-61-thread-1] mapred.Task: Final Counters for attempt_local122069990_0011_r_000000_0: Counters: 31
	File System Counters
		FILE: Number of bytes read=167564
		FILE: Number of bytes written=12970507
		FILE: Number of read operations=0
		FILE: Number of large read operations=0
		FILE: Number of write operations=0
	Map-Reduce Framework
		Combine input records=0
		Combine output records=0
		Reduce input groups=2
		Reduce shuffle bytes=44
		Reduce input records=2
		Reduce output records=0
		Spilled Records=2
		Shuffled Maps =1
		Failed Shuffles=0
		Merged Map outputs=1
		GC time elapsed (ms)=0
		Total committed heap usage (bytes)=1103101952
	HIVE
		CREATED_DYNAMIC_PARTITIONS=2
		CREATED_FILES=2
		RECORDS_OUT_1_default.tmp=2
		RECORDS_OUT_INTERMEDIATE=0
		RECORDS_OUT_OPERATOR_FS_4=2
		RECORDS_OUT_OPERATOR_SEL_6=2
		TOTAL_TABLE_ROWS_WRITTEN=2
	Shuffle Errors
		BAD_ID=0
		CONNECTION=0
		IO_ERROR=0
		WRONG_LENGTH=0
		WRONG_MAP=0
		WRONG_REDUCE=0
	File Output Format Counters 
		Bytes Written=0
2024-04-23T21:14:50,175  INFO [pool-61-thread-1] mapred.LocalJobRunner: Finishing task: attempt_local122069990_0011_r_000000_0
2024-04-23T21:14:50,175  INFO [Thread-676] mapred.LocalJobRunner: reduce task executor complete.
2024-04-23 21:14:51,101 Stage-1 map = 100%,  reduce = 100%
2024-04-23T21:14:51,101  INFO [main] exec.Task: 2024-04-23 21:14:51,101 Stage-1 map = 100%,  reduce = 100%
Ended Job = job_local122069990_0011
2024-04-23T21:14:51,102  INFO [main] exec.Task: Ended Job = job_local122069990_0011
2024-04-23T21:14:51,105  INFO [main] ql.Driver: Starting task [Stage-0:MOVE] in serial mode
Loading data to table default.tmp partition (c3=null)
2024-04-23T21:14:51,105  INFO [main] exec.Task: Loading data to table default.tmp partition (c3=null) from file:/home/alex/Repositories/hive/ql/target/tmp/org.apache.hadoop.hive.ql.TestTxnNoBuckets-1713932056679/warehouse/tmp/.hive-staging_hive_2024-04-23_21-14-49_551_7911921377509537003-1/-ext-10000
2024-04-23T21:14:51,105  INFO [main] HiveMetaStore.audit: ugi=alex	ip=unknown-ip-addr	cmd=get_table : tbl=hive.default.tmp	
2024-04-23T21:14:51,115  INFO [main] metastore.HMSHandler: Skipping translation for processor with null
2024-04-23T21:14:51,115  INFO [main] exec.MoveTask: Partition is: {c3=null}


2024-04-23T21:14:51,116  INFO [main] exec.Task: 

2024-04-23T21:14:51,116  INFO [main] HiveMetaStore.audit: ugi=alex	ip=unknown-ip-addr	cmd=get_table : tbl=hive.default.tmp	
2024-04-23T21:14:51,125  INFO [main] metastore.HMSHandler: Skipping translation for processor with null
2024-04-23T21:14:51,125  INFO [main] HiveMetaStore.audit: ugi=alex	ip=unknown-ip-addr	cmd=get_table : tbl=hive.default.tmp	
2024-04-23T21:14:51,134  INFO [main] metastore.HMSHandler: Skipping translation for processor with null
2024-04-23T21:14:51,135  INFO [main] HiveMetaStore.audit: ugi=alex	ip=unknown-ip-addr	cmd=get_table : tbl=hive.default.tmp	
2024-04-23T21:14:51,145  INFO [main] metastore.HMSHandler: Skipping translation for processor with null
2024-04-23T21:14:51,145  INFO [main] HiveMetaStore.audit: ugi=alex	ip=unknown-ip-addr	cmd=get_partitions_names_ps : tbl=hive.default.tmp[]	
2024-04-23T21:14:51,160  INFO [main] HiveMetaStore.audit: ugi=alex	ip=unknown-ip-addr	cmd=get_table : tbl=hive.default.tmp	
2024-04-23T21:14:51,170  INFO [main] metastore.HMSHandler: Skipping translation for processor with null
2024-04-23T21:14:51,170  INFO [main] HiveMetaStore.audit: ugi=alex	ip=unknown-ip-addr	cmd=get_partitions_by_names : tbl=hive.default.tmp	
2024-04-23T21:14:51,201  INFO [main] metastore.HMSHandler: Skipping translation for processor with null
2024-04-23T21:14:51,205  INFO [load-dynamic-partitionsToAdd-0] metadata.Hive: New loading path = file:/home/alex/Repositories/hive/ql/target/tmp/org.apache.hadoop.hive.ql.TestTxnNoBuckets-1713932056679/warehouse/tmp/.hive-staging_hive_2024-04-23_21-14-49_551_7911921377509537003-1/-ext-10000/c3=6 withPartSpec {c3=6}
2024-04-23T21:14:51,205  INFO [load-dynamic-partitionsToAdd-1] metadata.Hive: New loading path = file:/home/alex/Repositories/hive/ql/target/tmp/org.apache.hadoop.hive.ql.TestTxnNoBuckets-1713932056679/warehouse/tmp/.hive-staging_hive_2024-04-23_21-14-49_551_7911921377509537003-1/-ext-10000/c3=5 withPartSpec {c3=5}
2024-04-23T21:14:51,206  INFO [load-dynamic-partitionsToAdd-0] metastore.HiveMetaStoreClient: HMS client filtering is enabled.
2024-04-23T21:14:51,207  INFO [load-dynamic-partitionsToAdd-1] metastore.HiveMetaStoreClient: HMS client filtering is enabled.
2024-04-23T21:14:51,207  INFO [load-dynamic-partitionsToAdd-0] metastore.HMSHandler: 7: Opening raw store with implementation class:org.apache.hadoop.hive.metastore.ObjectStore
2024-04-23T21:14:51,207  INFO [load-dynamic-partitionsToAdd-0] metastore.PersistenceManagerProvider: Configuration datanucleus.autoStartMechanismMode is not set. Defaulting to 'ignored'
2024-04-23T21:14:51,208  INFO [load-dynamic-partitionsToAdd-0] metastore.ObjectStore: RawStore: org.apache.hadoop.hive.metastore.ObjectStore@5ff3a008, with PersistenceManager: null will be shutdown
2024-04-23T21:14:51,208  INFO [load-dynamic-partitionsToAdd-1] metastore.HMSHandler: 8: Opening raw store with implementation class:org.apache.hadoop.hive.metastore.ObjectStore
2024-04-23T21:14:51,208  INFO [load-dynamic-partitionsToAdd-0] metastore.ObjectStore: RawStore: org.apache.hadoop.hive.metastore.ObjectStore@5ff3a008, with PersistenceManager: org.datanucleus.api.jdo.JDOPersistenceManager@11aa7dbf created in the thread with id: 824
2024-04-23T21:14:51,208  INFO [load-dynamic-partitionsToAdd-1] metastore.PersistenceManagerProvider: Configuration datanucleus.autoStartMechanismMode is not set. Defaulting to 'ignored'
2024-04-23T21:14:51,209  INFO [load-dynamic-partitionsToAdd-1] metastore.ObjectStore: RawStore: org.apache.hadoop.hive.metastore.ObjectStore@6eee6f76, with PersistenceManager: null will be shutdown
2024-04-23T21:14:51,209  INFO [load-dynamic-partitionsToAdd-1] metastore.ObjectStore: RawStore: org.apache.hadoop.hive.metastore.ObjectStore@6eee6f76, with PersistenceManager: org.datanucleus.api.jdo.JDOPersistenceManager@16223c11 created in the thread with id: 825
2024-04-23T21:14:51,233  INFO [load-dynamic-partitionsToAdd-0] metastore.HMSHandler: Created RawStore: org.apache.hadoop.hive.metastore.ObjectStore@5ff3a008 from thread id: 824
2024-04-23T21:14:51,233  INFO [load-dynamic-partitionsToAdd-1] metastore.HMSHandler: Created RawStore: org.apache.hadoop.hive.metastore.ObjectStore@6eee6f76 from thread id: 825
2024-04-23T21:14:51,233  INFO [load-dynamic-partitionsToAdd-0] metastore.HMSHandler: HMS server filtering is disabled by configuration
2024-04-23T21:14:51,233  INFO [load-dynamic-partitionsToAdd-1] metastore.HMSHandler: HMS server filtering is disabled by configuration
2024-04-23T21:14:51,233  INFO [load-dynamic-partitionsToAdd-1] metastore.RetryingMetaStoreClient: RetryingMetaStoreClient proxy=class org.apache.hadoop.hive.ql.metadata.SessionHiveMetaStoreClient ugi=alex (auth:SIMPLE) retries=1 delay=1 lifetime=0
2024-04-23T21:14:51,233  INFO [load-dynamic-partitionsToAdd-0] metastore.RetryingMetaStoreClient: RetryingMetaStoreClient proxy=class org.apache.hadoop.hive.ql.metadata.SessionHiveMetaStoreClient ugi=alex (auth:SIMPLE) retries=1 delay=1 lifetime=0
2024-04-23T21:14:51,234  INFO [load-dynamic-partitionsToAdd-1] HiveMetaStore.audit: ugi=alex	ip=unknown-ip-addr	cmd=get_database: default	
2024-04-23T21:14:51,234  INFO [load-dynamic-partitionsToAdd-0] HiveMetaStore.audit: ugi=alex	ip=unknown-ip-addr	cmd=get_database: default	
2024-04-23T21:14:51,236  INFO [load-dynamic-partitionsToAdd-0] common.FileUtils: Creating directory if it doesn't exist: file:/home/alex/Repositories/hive/ql/target/tmp/org.apache.hadoop.hive.ql.TestTxnNoBuckets-1713932056679/warehouse/tmp/c3=6
2024-04-23T21:14:51,236  INFO [load-dynamic-partitionsToAdd-1] common.FileUtils: Creating directory if it doesn't exist: file:/home/alex/Repositories/hive/ql/target/tmp/org.apache.hadoop.hive.ql.TestTxnNoBuckets-1713932056679/warehouse/tmp/c3=5
2024-04-23T21:14:51,240  INFO [load-dynamic-partitionsToAdd-0] HiveMetaStore.audit: ugi=alex	ip=unknown-ip-addr	cmd=Cleaning up thread local RawStore...	
2024-04-23T21:14:51,240  INFO [load-dynamic-partitionsToAdd-0] metastore.ObjectStore: RawStore: org.apache.hadoop.hive.metastore.ObjectStore@5ff3a008, with PersistenceManager: org.datanucleus.api.jdo.JDOPersistenceManager@11aa7dbf will be shutdown
2024-04-23T21:14:51,240  INFO [load-dynamic-partitionsToAdd-0] HiveMetaStore.audit: ugi=alex	ip=unknown-ip-addr	cmd=Done cleaning up thread local RawStore	
2024-04-23T21:14:51,240  INFO [load-dynamic-partitionsToAdd-0] metastore.HiveMetaStoreClient: Closed a connection to metastore, current connections: -6
2024-04-23T21:14:51,240  INFO [load-dynamic-partitionsToAdd-1] HiveMetaStore.audit: ugi=alex	ip=unknown-ip-addr	cmd=Cleaning up thread local RawStore...	
2024-04-23T21:14:51,240  INFO [load-dynamic-partitionsToAdd-1] metastore.ObjectStore: RawStore: org.apache.hadoop.hive.metastore.ObjectStore@6eee6f76, with PersistenceManager: org.datanucleus.api.jdo.JDOPersistenceManager@16223c11 will be shutdown
2024-04-23T21:14:51,240  INFO [load-dynamic-partitionsToAdd-1] HiveMetaStore.audit: ugi=alex	ip=unknown-ip-addr	cmd=Done cleaning up thread local RawStore	
2024-04-23T21:14:51,240  INFO [load-dynamic-partitionsToAdd-1] metastore.HiveMetaStoreClient: Closed a connection to metastore, current connections: -7
2024-04-23T21:14:51,240  INFO [main] metadata.Hive: Number of partitionsToAdd to be added is 2
2024-04-23T21:14:51,241  INFO [main] HiveMetaStore.audit: ugi=alex	ip=unknown-ip-addr	cmd=add_partitions	
2024-04-23T21:14:51,283  INFO [main] metadata.Hive: Loaded 2partitionsToAdd
	 Time taken to load dynamic partitions: 0.167 seconds
2024-04-23T21:14:51,283  INFO [main] exec.Task: 	 Time taken to load dynamic partitions: 0.167 seconds
2024-04-23T21:14:51,284  INFO [main] exec.MoveTask: 	 Time taken to load dynamic partitions: 0.167 seconds
2024-04-23T21:14:51,284  INFO [main] exec.MoveTask: Loading partition {c3=6}
2024-04-23T21:14:51,284  INFO [main] exec.MoveTask: Loading partition {c3=5}
	 Time taken for adding to write entity : 0.0 seconds
2024-04-23T21:14:51,284  INFO [main] exec.Task: 	 Time taken for adding to write entity : 0.0 seconds
2024-04-23T21:14:51,284  INFO [main] ql.Driver: Starting task [Stage-2:STATS] in serial mode
2024-04-23T21:14:51,284  INFO [main] HiveMetaStore.audit: ugi=alex	ip=unknown-ip-addr	cmd=get_table : tbl=hive.default.tmp	
2024-04-23T21:14:51,295  INFO [main] metastore.HMSHandler: Skipping translation for processor with null
2024-04-23T21:14:51,295  INFO [main] stats.BasicStatsTask: Executing stats task
2024-04-23T21:14:51,295  INFO [main] fs.FSStatsPublisher: created : file:/home/alex/Repositories/hive/ql/target/tmp/localscratchdir/c896a1fb-210a-4f53-aacd-b68a5f5adf47/hive_2024-04-23_21-14-49_551_7911921377509537003-1/-mr-10001
2024-04-23T21:14:51,296  INFO [main] HiveMetaStore.audit: ugi=alex	ip=unknown-ip-addr	cmd=get_table : tbl=hive.default.tmp	
2024-04-23T21:14:51,307  INFO [main] metastore.HMSHandler: Skipping translation for processor with null
2024-04-23T21:14:51,309  INFO [main] FileOperations: Read stats for default.tmp/c3=6/, numRows, true, 1, false: 
2024-04-23T21:14:51,309  INFO [main] FileOperations: Read stats for default.tmp/c3=6/, rawDataSize, true, 8, false: 
2024-04-23T21:14:51,309  INFO [main] stats.BasicStatsTask: Partition {c3=6} stats: [numFiles=1, numRows=1, totalSize=242, rawDataSize=8, numFilesErasureCoded=0]
2024-04-23T21:14:51,309  INFO [main] FileOperations: Read stats for default.tmp/c3=5/, numRows, true, 1, false: 
2024-04-23T21:14:51,309  INFO [main] FileOperations: Read stats for default.tmp/c3=5/, rawDataSize, true, 8, false: 
2024-04-23T21:14:51,309  INFO [main] stats.BasicStatsTask: Partition {c3=5} stats: [numFiles=1, numRows=1, totalSize=242, rawDataSize=8, numFilesErasureCoded=0]
2024-04-23T21:14:51,309  INFO [main] HiveMetaStore.audit: ugi=alex	ip=unknown-ip-addr	cmd=alter_partitions : tbl=hive.default.tmp	
2024-04-23T21:14:51,309  INFO [main] metastore.HMSHandler: New partition values:[6]
2024-04-23T21:14:51,309  INFO [main] metastore.HMSHandler: New partition values:[5]
2024-04-23T21:14:51,394  INFO [main] metadata.Hive: Dumping metastore api call timing information for : execution phase
2024-04-23T21:14:51,394  INFO [main] metadata.Hive: Total time spent in each metastore function (ms): {getPartitionsByNames_(String, String, List, boolean, String)=44, alter_partitions_(String, String, List, EnvironmentContext, String, long)=84, isCompatibleWith_(Configuration)=0, getTable_(GetTableRequest)=52, add_partitions_(List)=43, listPartitionNamesRequest_(GetPartitionNamesPsRequest)=25}
MapReduce Jobs Launched: 
2024-04-23T21:14:51,394  INFO [main] ql.Driver: MapReduce Jobs Launched: 
Stage-Stage-1:  HDFS Read: 0 HDFS Write: 0 SUCCESS
2024-04-23T21:14:51,394  INFO [main] ql.Driver: Stage-Stage-1:  HDFS Read: 0 HDFS Write: 0 SUCCESS
Total MapReduce CPU Time Spent: 0 msec
2024-04-23T21:14:51,394  INFO [main] ql.Driver: Total MapReduce CPU Time Spent: 0 msec
2024-04-23T21:14:51,395  INFO [main] ql.Driver: Completed executing command(queryId=alex_20240423211449_26ae7e79-cc3c-4740-959b-8f7a7dfb5837); Time taken: 1.618 seconds
2024-04-23T21:14:51,395  INFO [main] lockmgr.DbTxnManager: Stopped heartbeat for query: alex_20240423211449_26ae7e79-cc3c-4740-959b-8f7a7dfb5837
2024-04-23T21:14:51,399  INFO [main] txn.TxnHandler: Expected to move at least one record from txn_components to completed_txn_components when committing txn! txnid:18
2024-04-23T21:14:51,406  INFO [main] txn.TxnHandler: Removed transactions: ([18]) from MIN_HISTORY_LEVEL
2024-04-23T21:14:51,406  WARN [main] txn.CompactionTxnHandler: No compaction queue record found for Compaction type transaction commit. txnId:18
2024-04-23T21:14:51,407  INFO [main] ql.TxnCommandsBaseForTests: Running the query: drop table if exists nobuckets
2024-04-23T21:14:51,407  INFO [main] ql.Context: Deleting scratch dir: file:/home/alex/Repositories/hive/ql/target/tmp/org.apache.hadoop.hive.ql.TestTxnNoBuckets-1713932056679/warehouse/tmp/.hive-staging_hive_2024-04-23_21-14-49_551_7911921377509537003-1
2024-04-23T21:14:51,407  INFO [main] cleanup.SyncCleanupService: Deleted directory: file:/home/alex/Repositories/hive/ql/target/tmp/org.apache.hadoop.hive.ql.TestTxnNoBuckets-1713932056679/warehouse/tmp/.hive-staging_hive_2024-04-23_21-14-49_551_7911921377509537003-1 on fs with scheme file
2024-04-23T21:14:51,407  INFO [main] ql.Context: Deleting scratch dir: file:/home/alex/Repositories/hive/ql/target/tmp/localscratchdir/c896a1fb-210a-4f53-aacd-b68a5f5adf47/hive_2024-04-23_21-14-49_551_7911921377509537003-1
2024-04-23T21:14:51,408  INFO [main] cleanup.SyncCleanupService: Deleted directory: file:/home/alex/Repositories/hive/ql/target/tmp/localscratchdir/c896a1fb-210a-4f53-aacd-b68a5f5adf47/hive_2024-04-23_21-14-49_551_7911921377509537003-1 on fs with scheme file
2024-04-23T21:14:51,408  INFO [main] ql.Driver: Compiling command(queryId=alex_20240423211451_95e6108b-bc50-458b-be16-bccaca9aadfc): drop table if exists nobuckets
2024-04-23T21:14:51,411  INFO [main] txn.TxnHandler: Added entries to MIN_HISTORY_LEVEL for current txns: ([19]) with min_open_txn: 19
2024-04-23T21:14:51,411  INFO [main] lockmgr.DbTxnManager: Opened txnid:19
2024-04-23T21:14:51,412  INFO [main] HiveMetaStore.audit: ugi=alex	ip=unknown-ip-addr	cmd=get_table : tbl=hive.default.nobuckets	
2024-04-23T21:14:51,416  INFO [main] ql.Driver: Semantic Analysis Completed (retrial = false)
2024-04-23T21:14:51,416  INFO [main] ql.Driver: Created Hive schema: Schema(fieldSchemas:null, properties:null)
2024-04-23T21:14:51,416  INFO [main] metadata.Hive: Dumping metastore api call timing information for : compilation phase
2024-04-23T21:14:51,416  INFO [main] metadata.Hive: Total time spent in each metastore function (ms): {openTxn_(String, TxnType)=2, commitTxn_(CommitTxnRequest)=11, flushCache_()=0, getValidTxns_(long)=0, isCompatibleWith_(Configuration)=1}
2024-04-23T21:14:51,416  INFO [main] ql.Driver: Completed compiling command(queryId=alex_20240423211451_95e6108b-bc50-458b-be16-bccaca9aadfc); Time taken: 0.008 seconds
2024-04-23T21:14:51,416  INFO [main] lockmgr.DbTxnManager: Setting lock request transaction to txnid:19 for queryId=alex_20240423211451_95e6108b-bc50-458b-be16-bccaca9aadfc
2024-04-23T21:14:51,416  INFO [main] ql.Driver: Operation DROPTABLE obtained 0 locks
2024-04-23T21:14:51,417  INFO [main] ql.Driver: Executing command(queryId=alex_20240423211451_95e6108b-bc50-458b-be16-bccaca9aadfc): drop table if exists nobuckets
2024-04-23T21:14:51,417  INFO [main] ql.Driver: Starting task [Stage-0:DDL] in serial mode
2024-04-23T21:14:51,417  INFO [main] HiveMetaStore.audit: ugi=alex	ip=unknown-ip-addr	cmd=get_table : tbl=hive.default.nobuckets	
2024-04-23T21:14:51,420  INFO [main] metadata.Hive: Dumping metastore api call timing information for : execution phase
2024-04-23T21:14:51,420  INFO [main] metadata.Hive: Total time spent in each metastore function (ms): {isCompatibleWith_(Configuration)=0}
2024-04-23T21:14:51,420  INFO [main] ql.Driver: Completed executing command(queryId=alex_20240423211451_95e6108b-bc50-458b-be16-bccaca9aadfc); Time taken: 0.003 seconds
2024-04-23T21:14:51,421  INFO [main] lockmgr.DbTxnManager: Stopped heartbeat for query: alex_20240423211451_95e6108b-bc50-458b-be16-bccaca9aadfc
2024-04-23T21:14:51,426  INFO [main] txn.TxnHandler: Expected to move at least one record from txn_components to completed_txn_components when committing txn! txnid:19
2024-04-23T21:14:51,433  INFO [main] txn.TxnHandler: Removed transactions: ([19]) from MIN_HISTORY_LEVEL
2024-04-23T21:14:51,433  WARN [main] txn.CompactionTxnHandler: No compaction queue record found for Compaction type transaction commit. txnId:19
2024-04-23T21:14:51,433  INFO [main] ql.TxnCommandsBaseForTests: Running the query: create table nobuckets (c1 integer, c2 integer) partitioned by (c3 integer) stored as orc tblproperties('transactional'='true', 'transactional_properties'='default')
2024-04-23T21:14:51,434  INFO [main] ql.Driver: Compiling command(queryId=alex_20240423211451_fcba9cde-0069-4d64-95f0-6ca7a89b7044): create table nobuckets (c1 integer, c2 integer) partitioned by (c3 integer) stored as orc tblproperties('transactional'='true', 'transactional_properties'='default')
2024-04-23T21:14:51,437  INFO [main] txn.TxnHandler: Added entries to MIN_HISTORY_LEVEL for current txns: ([20]) with min_open_txn: 19
2024-04-23T21:14:51,437  INFO [main] lockmgr.DbTxnManager: Opened txnid:20
2024-04-23T21:14:51,438  INFO [main] parse.CalcitePlanner: Starting caching scope for: 
2024-04-23T21:14:51,438  INFO [main] parse.CalcitePlanner: Starting Semantic Analysis
2024-04-23T21:14:51,444  INFO [main] parse.CalcitePlanner: Creating table default.nobuckets position=13
2024-04-23T21:14:51,444  INFO [main] HiveMetaStore.audit: ugi=alex	ip=unknown-ip-addr	cmd=get_database: default	
2024-04-23T21:14:51,446  INFO [main] parse.CalcitePlanner: Ending caching scope for: 
2024-04-23T21:14:51,446  INFO [main] ql.Driver: Semantic Analysis Completed (retrial = false)
2024-04-23T21:14:51,446  INFO [main] ql.Driver: Created Hive schema: Schema(fieldSchemas:null, properties:null)
2024-04-23T21:14:51,446  INFO [main] metadata.Hive: Dumping metastore api call timing information for : compilation phase
2024-04-23T21:14:51,446  INFO [main] metadata.Hive: Total time spent in each metastore function (ms): {commitTxn_(CommitTxnRequest)=12, getValidWriteIds_(List, String)=6, openTxn_(String, TxnType)=2, isCompatibleWith_(Configuration)=1, getDatabase_(String)=2, flushCache_()=0, getValidTxns_(long)=1}
2024-04-23T21:14:51,446  INFO [main] ql.Driver: Completed compiling command(queryId=alex_20240423211451_fcba9cde-0069-4d64-95f0-6ca7a89b7044); Time taken: 0.012 seconds
2024-04-23T21:14:51,447  INFO [main] lockmgr.DbTxnManager: Setting lock request transaction to txnid:20 for queryId=alex_20240423211451_fcba9cde-0069-4d64-95f0-6ca7a89b7044
2024-04-23T21:14:51,447  INFO [main] lockmgr.DbLockManager: Requesting lock for queryId=alex_20240423211451_fcba9cde-0069-4d64-95f0-6ca7a89b7044
2024-04-23T21:14:51,466  INFO [main] lockmgr.DbLockManager: Response to queryId=alex_20240423211451_fcba9cde-0069-4d64-95f0-6ca7a89b7044 LockResponse(lockid:12, state:ACQUIRED)
2024-04-23T21:14:51,466  INFO [main] ql.Driver: Operation CREATETABLE obtained 1 locks
2024-04-23T21:14:51,467  INFO [main] ql.Driver: Executing command(queryId=alex_20240423211451_fcba9cde-0069-4d64-95f0-6ca7a89b7044): create table nobuckets (c1 integer, c2 integer) partitioned by (c3 integer) stored as orc tblproperties('transactional'='true', 'transactional_properties'='default')
2024-04-23T21:14:51,467  INFO [main] ql.Driver: Starting task [Stage-0:DDL] in serial mode
2024-04-23T21:14:51,468  INFO [main] HiveMetaStore.audit: ugi=alex	ip=unknown-ip-addr	cmd=create_table_req: Table(tableName:nobuckets, dbName:default, owner:alex, createTime:1713932091, lastAccessTime:0, retention:0, sd:StorageDescriptor(cols:[FieldSchema(name:c1, type:int, comment:null), FieldSchema(name:c2, type:int, comment:null)], location:null, inputFormat:org.apache.hadoop.hive.ql.io.orc.OrcInputFormat, outputFormat:org.apache.hadoop.hive.ql.io.orc.OrcOutputFormat, compressed:false, numBuckets:-1, serdeInfo:SerDeInfo(name:null, serializationLib:org.apache.hadoop.hive.ql.io.orc.OrcSerde, parameters:{serialization.format=1}), bucketCols:[], sortCols:[], parameters:{}, skewedInfo:SkewedInfo(skewedColNames:[], skewedColValues:[], skewedColValueLocationMaps:{}), storedAsSubDirectories:false), partitionKeys:[FieldSchema(name:c3, type:int, comment:null)], parameters:{transactional=true, transactional_properties=default, bucketing_version=2}, viewOriginalText:null, viewExpandedText:null, tableType:MANAGED_TABLE, privileges:PrincipalPrivilegeSet(userPrivileges:{alex=[PrivilegeGrantInfo(privilege:INSERT, createTime:-1, grantor:alex, grantorType:USER, grantOption:true), PrivilegeGrantInfo(privilege:SELECT, createTime:-1, grantor:alex, grantorType:USER, grantOption:true), PrivilegeGrantInfo(privilege:UPDATE, createTime:-1, grantor:alex, grantorType:USER, grantOption:true), PrivilegeGrantInfo(privilege:DELETE, createTime:-1, grantor:alex, grantorType:USER, grantOption:true)]}, groupPrivileges:null, rolePrivileges:null), temporary:false, catName:hive, ownerType:USER, writeId:0)	
2024-04-23T21:14:51,475  INFO [main] utils.FileUtils: Creating directory if it doesn't exist: file:/home/alex/Repositories/hive/ql/target/tmp/org.apache.hadoop.hive.ql.TestTxnNoBuckets-1713932056679/warehouse/nobuckets
2024-04-23T21:14:51,506  INFO [main] metadata.Hive: Dumping metastore api call timing information for : execution phase
2024-04-23T21:14:51,506  INFO [main] metadata.Hive: Total time spent in each metastore function (ms): {createTable_(Table)=38, isCompatibleWith_(Configuration)=0}
2024-04-23T21:14:51,507  INFO [main] ql.Driver: Completed executing command(queryId=alex_20240423211451_fcba9cde-0069-4d64-95f0-6ca7a89b7044); Time taken: 0.039 seconds
2024-04-23T21:14:51,507  INFO [main] lockmgr.DbTxnManager: Stopped heartbeat for query: alex_20240423211451_fcba9cde-0069-4d64-95f0-6ca7a89b7044
2024-04-23T21:14:51,511  INFO [main] txn.TxnHandler: Expected to move at least one record from txn_components to completed_txn_components when committing txn! txnid:20
2024-04-23T21:14:51,517  INFO [main] txn.TxnHandler: Removed transactions: ([20]) from MIN_HISTORY_LEVEL
2024-04-23T21:14:51,517  WARN [main] txn.CompactionTxnHandler: No compaction queue record found for Compaction type transaction commit. txnId:20
2024-04-23T21:14:51,518  INFO [main] ql.TxnCommandsBaseForTests: Running the query: insert into nobuckets partition(c3) select * from tmp
2024-04-23T21:14:51,518  INFO [main] ql.Driver: Compiling command(queryId=alex_20240423211451_8eb05cd6-fa2a-4603-b876-0377ef0d4189): insert into nobuckets partition(c3) select * from tmp
2024-04-23T21:14:51,522  INFO [main] txn.TxnHandler: Added entries to MIN_HISTORY_LEVEL for current txns: ([21]) with min_open_txn: 19
2024-04-23T21:14:51,522  INFO [main] lockmgr.DbTxnManager: Opened txnid:21
2024-04-23T21:14:51,523  INFO [main] parse.CalcitePlanner: Starting caching scope for: 
2024-04-23T21:14:51,523  INFO [main] parse.CalcitePlanner: Starting Semantic Analysis
2024-04-23T21:14:51,526  INFO [main] parse.CalcitePlanner: Completed phase 1 of Semantic Analysis
2024-04-23T21:14:51,526  INFO [main] parse.CalcitePlanner: Get metadata for source tables
2024-04-23T21:14:51,527  INFO [main] HiveMetaStore.audit: ugi=alex	ip=unknown-ip-addr	cmd=get_table : tbl=hive.default.tmp	
2024-04-23T21:14:51,560  INFO [main] metastore.HMSHandler: Skipping translation for processor with null
2024-04-23T21:14:51,560  INFO [main] parse.CalcitePlanner: Get metadata for subqueries
2024-04-23T21:14:51,560  INFO [main] parse.CalcitePlanner: Get metadata for destination tables
2024-04-23T21:14:51,561  INFO [main] HiveMetaStore.audit: ugi=alex	ip=unknown-ip-addr	cmd=get_table : tbl=hive.default.nobuckets	
2024-04-23T21:14:51,567  INFO [main] metastore.HMSHandler: Skipping translation for processor with null
2024-04-23T21:14:51,568  WARN [main] parse.BaseSemanticAnalyzer: Dynamic partitioning is used; only validating 0 columns
2024-04-23T21:14:51,568  INFO [main] parse.CalcitePlanner: Completed getting MetaData in Semantic Analysis
2024-04-23T21:14:51,568  INFO [main] parse.CalcitePlanner: Disabling LLAP IO encode as ETL query is detected
2024-04-23T21:14:51,579  INFO [main] HiveMetaStore.audit: ugi=alex	ip=unknown-ip-addr	cmd=get_all_table_constraints : tbl=hive.default.tmp	
2024-04-23T21:14:51,608  INFO [main] calcite.RelOptHiveTable: Calculating column statistics for default.tmp, projIndxSet: [0, 1, 2], allowMissingStats: true
2024-04-23T21:14:51,609  INFO [main] HiveMetaStore.audit: ugi=alex	ip=unknown-ip-addr	cmd=get_partitions : tbl=hive.default.tmp	
2024-04-23T21:14:51,643  INFO [main] HiveMetaStore.audit: ugi=alex	ip=unknown-ip-addr	cmd=get_aggr_stats_for: table=hive.default.tmp	
2024-04-23T21:14:51,667  WARN [main] calcite.RelOptHiveTable: No Stats for default@tmp, Columns: c1, c2
No Stats for default@tmp, Columns: c1, c2
2024-04-23T21:14:51,667  INFO [main] SessionState: No Stats for default@tmp, Columns: c1, c2
2024-04-23T21:14:51,710  INFO [main] parse.CalcitePlanner: Get metadata for source tables
2024-04-23T21:14:51,711  INFO [main] parse.CalcitePlanner: Get metadata for subqueries
2024-04-23T21:14:51,711  INFO [main] parse.CalcitePlanner: Get metadata for destination tables
2024-04-23T21:14:51,711  INFO [main] HiveMetaStore.audit: ugi=alex	ip=unknown-ip-addr	cmd=get_table : tbl=hive.default.nobuckets	
2024-04-23T21:14:51,718  INFO [main] metastore.HMSHandler: Skipping translation for processor with null
2024-04-23T21:14:51,718  WARN [main] parse.BaseSemanticAnalyzer: Dynamic partitioning is used; only validating 0 columns
2024-04-23T21:14:51,720  INFO [main] HiveMetaStore.audit: ugi=alex	ip=unknown-ip-addr	cmd=get_not_null_constraints : tbl=hive.default.nobuckets	
2024-04-23T21:14:51,721  INFO [main] HiveMetaStore.audit: ugi=alex	ip=unknown-ip-addr	cmd=get_check_constraints : tbl=hive.default.nobuckets	
2024-04-23T21:14:51,730  INFO [main] txn.TxnHandler: Allocated writeId: 1 for txnId: 21
2024-04-23T21:14:51,730  INFO [main] txn.TxnHandler: Allocated write ids for dbName=default, tblName=nobuckets (txnIds: [21])
2024-04-23T21:14:51,733  INFO [main] parse.CalcitePlanner: CBO Succeeded; optimized logical plan.
2024-04-23T21:14:51,735  INFO [main] optimizer.BucketVersionPopulator: not considering bucketingVersion for: TS[0] because it has -1<2 buckets 
2024-04-23T21:14:51,736  INFO [main] optimizer.SortedDynPartitionOptimizer: Sorted dynamic partitioning optimization kicked in..
2024-04-23T21:14:51,736  INFO [main] optimizer.SortedDynPartitionOptimizer: Inserted RS_3 and SEL_4 as parent of FS_2 and child of SEL_1
2024-04-23T21:14:51,746  INFO [main] HiveMetaStore.audit: ugi=alex	ip=unknown-ip-addr	cmd=get_table : tbl=hive.default.nobuckets	
2024-04-23T21:14:51,753  INFO [main] metastore.HMSHandler: Skipping translation for processor with null
2024-04-23T21:14:51,754  INFO [main] parse.CalcitePlanner: Completed plan generation
2024-04-23T21:14:51,754  INFO [main] parse.CalcitePlanner: Ending caching scope for: 
2024-04-23T21:14:51,754  INFO [main] ql.Driver: Semantic Analysis Completed (retrial = false)
2024-04-23T21:14:51,754  INFO [main] ql.Driver: Created Hive schema: Schema(fieldSchemas:[FieldSchema(name:tmp.c1, type:int, comment:null), FieldSchema(name:tmp.c2, type:int, comment:null), FieldSchema(name:tmp.c3, type:int, comment:null)], properties:null)
2024-04-23T21:14:51,754  INFO [main] metadata.Hive: Dumping metastore api call timing information for : compilation phase
2024-04-23T21:14:51,754  INFO [main] metadata.Hive: Total time spent in each metastore function (ms): {getValidWriteIds_(List, String)=5, getMetaConf_(String)=0, getTable_(GetTableRequest)=55, flushCache_()=0, getAllTableConstraints_(AllTableConstraintsRequest)=26, getNotNullConstraints_(NotNullConstraintsRequest)=1, openTxn_(String, TxnType)=3, commitTxn_(CommitTxnRequest)=11, allocateTableWriteId_(long, String, String)=8, getValidTxns_(long)=1, getAggrColStatsFor_(String, String, List, List, String, String)=24, getCheckConstraints_(CheckConstraintsRequest)=1, listPartitions_(String, String, short)=33, isCompatibleWith_(Configuration)=0}
2024-04-23T21:14:51,754  INFO [main] ql.Driver: Completed compiling command(queryId=alex_20240423211451_8eb05cd6-fa2a-4603-b876-0377ef0d4189); Time taken: 0.236 seconds
2024-04-23T21:14:51,755  INFO [main] lockmgr.DbTxnManager: Setting lock request transaction to txnid:21 for queryId=alex_20240423211451_8eb05cd6-fa2a-4603-b876-0377ef0d4189
2024-04-23T21:14:51,757  INFO [main] lockmgr.DbLockManager: Requesting lock for queryId=alex_20240423211451_8eb05cd6-fa2a-4603-b876-0377ef0d4189
2024-04-23T21:14:51,782  INFO [main] lockmgr.DbLockManager: Response to queryId=alex_20240423211451_8eb05cd6-fa2a-4603-b876-0377ef0d4189 LockResponse(lockid:13, state:ACQUIRED)
2024-04-23T21:14:51,782  INFO [main] ql.Driver: Operation QUERY obtained 1 locks
2024-04-23T21:14:51,785  INFO [main] ql.Driver: Executing command(queryId=alex_20240423211451_8eb05cd6-fa2a-4603-b876-0377ef0d4189): insert into nobuckets partition(c3) select * from tmp
2024-04-23T21:14:51,786  WARN [main] ql.Driver: Hive-on-MR is deprecated in Hive 2 and may not be available in the future versions. Consider using a different execution engine (i.e. tez, spark) or using Hive 1.X releases.
Query ID = alex_20240423211451_8eb05cd6-fa2a-4603-b876-0377ef0d4189
2024-04-23T21:14:51,786  INFO [main] ql.Driver: Query ID = alex_20240423211451_8eb05cd6-fa2a-4603-b876-0377ef0d4189
Total jobs = 1
2024-04-23T21:14:51,786  INFO [main] ql.Driver: Total jobs = 1
Launching Job 1 out of 1
2024-04-23T21:14:51,786  INFO [main] ql.Driver: Launching Job 1 out of 1
2024-04-23T21:14:51,917  INFO [main] ql.Driver: Starting task [Stage-1:MAPRED] in serial mode
2024-04-23T21:14:51,917  INFO [main] exec.Utilities: Not using thread pool for getContentSummary
2024-04-23T21:14:51,921  INFO [main] exec.Utilities: BytesPerReducer=256000000 maxReducers=1009 totalInputFileSize=1936
Number of reduce tasks not specified. Estimated from input data size: 1
2024-04-23T21:14:51,921  INFO [main] exec.Task: Number of reduce tasks not specified. Estimated from input data size: 1
In order to change the average load for a reducer (in bytes):
2024-04-23T21:14:51,921  INFO [main] exec.Task: In order to change the average load for a reducer (in bytes):
  set hive.exec.reducers.bytes.per.reducer=<number>
2024-04-23T21:14:51,921  INFO [main] exec.Task:   set hive.exec.reducers.bytes.per.reducer=<number>
In order to limit the maximum number of reducers:
2024-04-23T21:14:51,921  INFO [main] exec.Task: In order to limit the maximum number of reducers:
  set hive.exec.reducers.max=<number>
2024-04-23T21:14:51,921  INFO [main] exec.Task:   set hive.exec.reducers.max=<number>
In order to set a constant number of reducers:
2024-04-23T21:14:51,921  INFO [main] exec.Task: In order to set a constant number of reducers:
  set mapreduce.job.reduces=<number>
2024-04-23T21:14:51,921  INFO [main] exec.Task:   set mapreduce.job.reduces=<number>
2024-04-23T21:14:51,923  INFO [main] mr.ExecDriver: Using org.apache.hadoop.hive.ql.io.HiveInputFormat
2024-04-23T21:14:51,923  INFO [main] exec.Utilities: Processing alias tmp
2024-04-23T21:14:51,923  INFO [main] exec.Utilities: Adding 7 inputs; the first input is file:/home/alex/Repositories/hive/ql/target/tmp/org.apache.hadoop.hive.ql.TestTxnNoBuckets-1713932056679/warehouse/tmp/c3=0
2024-04-23T21:14:51,933  INFO [main] exec.SerializationUtilities: Serializing MapWork using kryo
2024-04-23T21:14:51,934  INFO [main] exec.Utilities: Serialized plan (via FILE) - name: null size: 6,77KB
2024-04-23T21:14:51,939  INFO [main] exec.SerializationUtilities: Serializing ReduceWork using kryo
2024-04-23T21:14:51,940  INFO [main] exec.Utilities: Serialized plan (via FILE) - name: null size: 5,32KB
2024-04-23T21:14:51,941  WARN [main] impl.MetricsSystemImpl: JobTracker metrics system already initialized!
2024-04-23T21:14:51,944  INFO [main] fs.FSStatsPublisher: created : file:/home/alex/Repositories/hive/ql/target/tmp/localscratchdir/c896a1fb-210a-4f53-aacd-b68a5f5adf47/hive_2024-04-23_21-14-51_518_7355198821604227532-1/-mr-10000
2024-04-23T21:14:51,946  WARN [main] impl.MetricsSystemImpl: JobTracker metrics system already initialized!
2024-04-23T21:14:51,953  WARN [main] mapreduce.JobResourceUploader: Hadoop command-line option parsing not performed. Implement the Tool interface and execute your application with ToolRunner to remedy this.
2024-04-23T21:14:51,958  WARN [main] mapreduce.JobResourceUploader: No job jar file set.  User classes may not be found. See Job or Job#setJar(String).
2024-04-23T21:14:51,959  INFO [main] io.HiveInputFormat: hive.io.file.readcolumn.ids = 0,1
2024-04-23T21:14:51,959  INFO [main] io.HiveInputFormat: hive.io.file.readcolumn.names = c1,c2
2024-04-23T21:14:51,959  INFO [main] io.HiveInputFormat: Generating splits for dirs: file:/home/alex/Repositories/hive/ql/target/tmp/org.apache.hadoop.hive.ql.TestTxnNoBuckets-1713932056679/warehouse/tmp/c3=0
2024-04-23T21:14:51,959  INFO [main] orc.OrcInputFormat: getSplits started
2024-04-23T21:14:51,959  INFO [main] orc.OrcInputFormat: Context:: isAcid: false isVectorMode: false sarg: null minSplitSize: 1 maxSplitSize: 256000000 splitStrategy: HYBRID footerInSplits: false numBuckets: 0 numThreads: 10 cacheMemSize: 268435456 cacheStripeDetails: true useSoftReference: false writeIdList: null:9223372036854775807:9223372036854775807:: isTransactionalTable: true txnProperties: default 
2024-04-23T21:14:51,959  INFO [main] orc.OrcInputFormat: ORC pushdown predicate: null
2024-04-23T21:14:51,971  INFO [main] orc.OrcInputFormat: FooterCacheHitRatio: 0/8
2024-04-23T21:14:51,971  INFO [main] orc.OrcInputFormat: getSplits finished (#splits: 8). duration: 12 ms
2024-04-23T21:14:51,971  INFO [main] io.HiveInputFormat: number of splits 8
2024-04-23T21:14:51,990  INFO [main] mapreduce.JobSubmitter: number of splits:8
2024-04-23T21:14:52,012  INFO [main] mapreduce.JobSubmitter: Submitting tokens for job: job_local843691766_0012
2024-04-23T21:14:52,012  INFO [main] mapreduce.JobSubmitter: Executing with tokens: []
2024-04-23T21:14:52,073  INFO [main] mapreduce.Job: The url to track the job: http://localhost:8080/
Job running in-process (local Hadoop)
2024-04-23T21:14:52,074  INFO [main] exec.Task: Job running in-process (local Hadoop)
2024-04-23T21:14:52,074  INFO [Thread-744] mapred.LocalJobRunner: OutputCommitter set in config org.apache.hadoop.hive.ql.io.HiveFileFormatUtils$NullOutputCommitter
2024-04-23T21:14:52,074  INFO [Thread-744] mapred.LocalJobRunner: OutputCommitter is org.apache.hadoop.hive.ql.io.HiveFileFormatUtils$NullOutputCommitter
2024-04-23T21:14:52,078  INFO [Thread-744] mapred.LocalJobRunner: Waiting for map tasks
2024-04-23T21:14:52,078  INFO [LocalJobRunner Map Task Executor #0] mapred.LocalJobRunner: Starting task: attempt_local843691766_0012_m_000000_0
2024-04-23T21:14:52,078  INFO [LocalJobRunner Map Task Executor #0] mapred.Task:  Using ResourceCalculatorProcessTree : [ ]
2024-04-23T21:14:52,079  INFO [LocalJobRunner Map Task Executor #0] mapred.MapTask: Processing split: org.apache.hadoop.hive.ql.io.orc.OrcInputFormat:OrcSplit [file:/home/alex/Repositories/hive/ql/target/tmp/org.apache.hadoop.hive.ql.TestTxnNoBuckets-1713932056679/warehouse/tmp/c3=0/000000_0, start=3, length=110, isOriginal=true, fileLength=242, hasFooter=false, hasBase=true, deltas=0]
2024-04-23T21:14:52,080  INFO [LocalJobRunner Map Task Executor #0] exec.SerializationUtilities: Deserializing MapWork using kryo
2024-04-23T21:14:52,080  INFO [LocalJobRunner Map Task Executor #0] exec.Utilities: Deserialized plan (via FILE) - name: null size: 6,77KB
2024-04-23T21:14:52,081  INFO [LocalJobRunner Map Task Executor #0] orc.ReaderImpl: Reading ORC rows from file:/home/alex/Repositories/hive/ql/target/tmp/org.apache.hadoop.hive.ql.TestTxnNoBuckets-1713932056679/warehouse/tmp/c3=0/000000_0 with {include: [true, true, true], offset: 3, length: 110, schema: struct<c1:int,c2:int>, includeAcidColumns: true}
2024-04-23T21:14:52,082  INFO [LocalJobRunner Map Task Executor #0] mapred.MapTask: numReduceTasks: 1
2024-04-23T21:14:52,086  INFO [LocalJobRunner Map Task Executor #0] mapred.MapTask: (EQUATOR) 0 kvi 26214396(104857584)
2024-04-23T21:14:52,086  INFO [LocalJobRunner Map Task Executor #0] mapred.MapTask: mapreduce.task.io.sort.mb: 100
2024-04-23T21:14:52,086  INFO [LocalJobRunner Map Task Executor #0] mapred.MapTask: soft limit at 83886080
2024-04-23T21:14:52,086  INFO [LocalJobRunner Map Task Executor #0] mapred.MapTask: bufstart = 0; bufvoid = 104857600
2024-04-23T21:14:52,086  INFO [LocalJobRunner Map Task Executor #0] mapred.MapTask: kvstart = 26214396; length = 6553600
2024-04-23T21:14:52,087  INFO [LocalJobRunner Map Task Executor #0] mapred.MapTask: Map output collector class = org.apache.hadoop.mapred.MapTask$MapOutputBuffer
2024-04-23T21:14:52,088  INFO [LocalJobRunner Map Task Executor #0] exec.MapOperator: Initializing Operator: MAP[0]
2024-04-23T21:14:52,091  INFO [LocalJobRunner Map Task Executor #0] mr.ExecMapper: 
<MAP>Id =0
  <Children>null
  <\Children>
  <Parent><\Parent>
<\MAP>
2024-04-23T21:14:52,091  INFO [LocalJobRunner Map Task Executor #0] exec.TableScanOperator: Initializing Operator: TS[0]
2024-04-23T21:14:52,092  INFO [LocalJobRunner Map Task Executor #0] exec.SelectOperator: Initializing Operator: SEL[1]
2024-04-23T21:14:52,092  INFO [LocalJobRunner Map Task Executor #0] exec.SelectOperator: SELECT struct<c1:int,c2:int,c3:int>
2024-04-23T21:14:52,092  INFO [LocalJobRunner Map Task Executor #0] exec.ReduceSinkOperator: Initializing Operator: RS[3]
2024-04-23T21:14:52,092  INFO [LocalJobRunner Map Task Executor #0] exec.ReduceSinkOperator: Using tag = -1
2024-04-23T21:14:52,092  INFO [LocalJobRunner Map Task Executor #0] exec.ReduceSinkOperator: keys are [_col2] num distributions: 1
2024-04-23T21:14:52,093  INFO [LocalJobRunner Map Task Executor #0] exec.ReduceSinkOperator: RS[3]: records written - 1
2024-04-23T21:14:52,093  INFO [LocalJobRunner Map Task Executor #0] exec.MapOperator: MAP[0]: records read - 1
2024-04-23T21:14:52,093  INFO [LocalJobRunner Map Task Executor #0] exec.MapOperator: Closing Operator: MAP[0]
2024-04-23T21:14:52,093  INFO [LocalJobRunner Map Task Executor #0] exec.MapOperator: MAP[0]: Total records read - 1. abort - false
2024-04-23T21:14:52,093  INFO [LocalJobRunner Map Task Executor #0] exec.MapOperator: RECORDS_IN:1, DESERIALIZE_ERRORS:0, RECORDS_OUT_INTERMEDIATE:0, RECORDS_OUT_OPERATOR_MAP_0:0, 
2024-04-23T21:14:52,093  INFO [LocalJobRunner Map Task Executor #0] exec.TableScanOperator: Closing Operator: TS[0]
2024-04-23T21:14:52,093  INFO [LocalJobRunner Map Task Executor #0] exec.TableScanOperator: RECORDS_OUT_OPERATOR_TS_0:1, RECORDS_OUT_INTERMEDIATE:0, 
2024-04-23T21:14:52,093  INFO [LocalJobRunner Map Task Executor #0] exec.SelectOperator: Closing Operator: SEL[1]
2024-04-23T21:14:52,093  INFO [LocalJobRunner Map Task Executor #0] exec.SelectOperator: RECORDS_OUT_OPERATOR_SEL_1:1, RECORDS_OUT_INTERMEDIATE:0, 
2024-04-23T21:14:52,093  INFO [LocalJobRunner Map Task Executor #0] exec.ReduceSinkOperator: Closing Operator: RS[3]
2024-04-23T21:14:52,093  INFO [LocalJobRunner Map Task Executor #0] exec.ReduceSinkOperator: RS[3]: Total records written - 1. abort - false
2024-04-23T21:14:52,093  INFO [LocalJobRunner Map Task Executor #0] exec.ReduceSinkOperator: RECORDS_OUT_OPERATOR_RS_3:1, RECORDS_OUT_INTERMEDIATE:1, 
2024-04-23T21:14:52,094  INFO [LocalJobRunner Map Task Executor #0] mapred.LocalJobRunner: 
2024-04-23T21:14:52,094  INFO [LocalJobRunner Map Task Executor #0] mapred.MapTask: Starting flush of map output
2024-04-23T21:14:52,094  INFO [LocalJobRunner Map Task Executor #0] mapred.MapTask: Spilling map output
2024-04-23T21:14:52,094  INFO [LocalJobRunner Map Task Executor #0] mapred.MapTask: bufstart = 0; bufend = 17; bufvoid = 104857600
2024-04-23T21:14:52,094  INFO [LocalJobRunner Map Task Executor #0] mapred.MapTask: kvstart = 26214396(104857584); kvend = 26214396(104857584); length = 1/6553600
2024-04-23T21:14:52,105  INFO [LocalJobRunner Map Task Executor #0] mapred.MapTask: Finished spill 0
2024-04-23T21:14:52,108  INFO [LocalJobRunner Map Task Executor #0] mapred.Task: Task:attempt_local843691766_0012_m_000000_0 is done. And is in the process of committing
2024-04-23T21:14:52,108  INFO [LocalJobRunner Map Task Executor #0] mapred.LocalJobRunner: map
2024-04-23T21:14:52,108  INFO [LocalJobRunner Map Task Executor #0] mapred.Task: Task 'attempt_local843691766_0012_m_000000_0' done.
2024-04-23T21:14:52,109  INFO [LocalJobRunner Map Task Executor #0] mapred.Task: Final Counters for attempt_local843691766_0012_m_000000_0: Counters: 24
	File System Counters
		FILE: Number of bytes read=181602
		FILE: Number of bytes written=14154339
		FILE: Number of read operations=0
		FILE: Number of large read operations=0
		FILE: Number of write operations=0
	Map-Reduce Framework
		Map input records=1
		Map output records=1
		Map output bytes=17
		Map output materialized bytes=25
		Input split bytes=466
		Combine input records=0
		Spilled Records=1
		Failed Shuffles=0
		Merged Map outputs=0
		GC time elapsed (ms)=0
		Total committed heap usage (bytes)=1103101952
	HIVE
		DESERIALIZE_ERRORS=0
		RECORDS_IN=1
		RECORDS_OUT_INTERMEDIATE=1
		RECORDS_OUT_OPERATOR_MAP_0=0
		RECORDS_OUT_OPERATOR_RS_3=1
		RECORDS_OUT_OPERATOR_SEL_1=1
		RECORDS_OUT_OPERATOR_TS_0=1
	File Input Format Counters 
		Bytes Read=7865
2024-04-23T21:14:52,109  INFO [LocalJobRunner Map Task Executor #0] mapred.LocalJobRunner: Finishing task: attempt_local843691766_0012_m_000000_0
2024-04-23T21:14:52,109  INFO [LocalJobRunner Map Task Executor #0] mapred.LocalJobRunner: Starting task: attempt_local843691766_0012_m_000001_0
2024-04-23T21:14:52,109  INFO [LocalJobRunner Map Task Executor #0] mapred.Task:  Using ResourceCalculatorProcessTree : [ ]
2024-04-23T21:14:52,110  INFO [LocalJobRunner Map Task Executor #0] mapred.MapTask: Processing split: org.apache.hadoop.hive.ql.io.orc.OrcInputFormat:OrcSplit [file:/home/alex/Repositories/hive/ql/target/tmp/org.apache.hadoop.hive.ql.TestTxnNoBuckets-1713932056679/warehouse/tmp/c3=1/000000_0, start=3, length=110, isOriginal=true, fileLength=242, hasFooter=false, hasBase=true, deltas=0]
2024-04-23T21:14:52,110  INFO [LocalJobRunner Map Task Executor #0] exec.SerializationUtilities: Deserializing MapWork using kryo
2024-04-23T21:14:52,111  INFO [LocalJobRunner Map Task Executor #0] exec.Utilities: Deserialized plan (via FILE) - name: null size: 6,77KB
2024-04-23T21:14:52,112  INFO [LocalJobRunner Map Task Executor #0] orc.ReaderImpl: Reading ORC rows from file:/home/alex/Repositories/hive/ql/target/tmp/org.apache.hadoop.hive.ql.TestTxnNoBuckets-1713932056679/warehouse/tmp/c3=1/000000_0 with {include: [true, true, true], offset: 3, length: 110, schema: struct<c1:int,c2:int>, includeAcidColumns: true}
2024-04-23T21:14:52,113  INFO [LocalJobRunner Map Task Executor #0] mapred.MapTask: numReduceTasks: 1
2024-04-23T21:14:52,127  INFO [LocalJobRunner Map Task Executor #0] mapred.MapTask: (EQUATOR) 0 kvi 26214396(104857584)
2024-04-23T21:14:52,127  INFO [LocalJobRunner Map Task Executor #0] mapred.MapTask: mapreduce.task.io.sort.mb: 100
2024-04-23T21:14:52,127  INFO [LocalJobRunner Map Task Executor #0] mapred.MapTask: soft limit at 83886080
2024-04-23T21:14:52,127  INFO [LocalJobRunner Map Task Executor #0] mapred.MapTask: bufstart = 0; bufvoid = 104857600
2024-04-23T21:14:52,127  INFO [LocalJobRunner Map Task Executor #0] mapred.MapTask: kvstart = 26214396; length = 6553600
2024-04-23T21:14:52,128  INFO [LocalJobRunner Map Task Executor #0] mapred.MapTask: Map output collector class = org.apache.hadoop.mapred.MapTask$MapOutputBuffer
2024-04-23T21:14:52,128  INFO [LocalJobRunner Map Task Executor #0] exec.MapOperator: Initializing Operator: MAP[0]
2024-04-23T21:14:52,131  INFO [LocalJobRunner Map Task Executor #0] mr.ExecMapper: 
<MAP>Id =0
  <Children>null
  <\Children>
  <Parent><\Parent>
<\MAP>
2024-04-23T21:14:52,131  INFO [LocalJobRunner Map Task Executor #0] exec.TableScanOperator: Initializing Operator: TS[0]
2024-04-23T21:14:52,132  INFO [LocalJobRunner Map Task Executor #0] exec.SelectOperator: Initializing Operator: SEL[1]
2024-04-23T21:14:52,132  INFO [LocalJobRunner Map Task Executor #0] exec.SelectOperator: SELECT struct<c1:int,c2:int,c3:int>
2024-04-23T21:14:52,132  INFO [LocalJobRunner Map Task Executor #0] exec.ReduceSinkOperator: Initializing Operator: RS[3]
2024-04-23T21:14:52,132  INFO [LocalJobRunner Map Task Executor #0] exec.ReduceSinkOperator: Using tag = -1
2024-04-23T21:14:52,132  INFO [LocalJobRunner Map Task Executor #0] exec.ReduceSinkOperator: keys are [_col2] num distributions: 1
2024-04-23T21:14:52,133  INFO [LocalJobRunner Map Task Executor #0] exec.ReduceSinkOperator: RS[3]: records written - 1
2024-04-23T21:14:52,133  INFO [LocalJobRunner Map Task Executor #0] exec.MapOperator: MAP[0]: records read - 1
2024-04-23T21:14:52,133  INFO [LocalJobRunner Map Task Executor #0] exec.MapOperator: Closing Operator: MAP[0]
2024-04-23T21:14:52,133  INFO [LocalJobRunner Map Task Executor #0] exec.MapOperator: MAP[0]: Total records read - 1. abort - false
2024-04-23T21:14:52,133  INFO [LocalJobRunner Map Task Executor #0] exec.MapOperator: RECORDS_OUT_OPERATOR_MAP_0:0, DESERIALIZE_ERRORS:0, RECORDS_IN:1, RECORDS_OUT_INTERMEDIATE:0, 
2024-04-23T21:14:52,133  INFO [LocalJobRunner Map Task Executor #0] exec.TableScanOperator: Closing Operator: TS[0]
2024-04-23T21:14:52,133  INFO [LocalJobRunner Map Task Executor #0] exec.TableScanOperator: RECORDS_OUT_OPERATOR_TS_0:1, RECORDS_OUT_INTERMEDIATE:0, 
2024-04-23T21:14:52,133  INFO [LocalJobRunner Map Task Executor #0] exec.SelectOperator: Closing Operator: SEL[1]
2024-04-23T21:14:52,133  INFO [LocalJobRunner Map Task Executor #0] exec.SelectOperator: RECORDS_OUT_OPERATOR_SEL_1:1, RECORDS_OUT_INTERMEDIATE:0, 
2024-04-23T21:14:52,133  INFO [LocalJobRunner Map Task Executor #0] exec.ReduceSinkOperator: Closing Operator: RS[3]
2024-04-23T21:14:52,133  INFO [LocalJobRunner Map Task Executor #0] exec.ReduceSinkOperator: RS[3]: Total records written - 1. abort - false
2024-04-23T21:14:52,133  INFO [LocalJobRunner Map Task Executor #0] exec.ReduceSinkOperator: RECORDS_OUT_OPERATOR_RS_3:1, RECORDS_OUT_INTERMEDIATE:1, 
2024-04-23T21:14:52,133  INFO [LocalJobRunner Map Task Executor #0] mapred.LocalJobRunner: 
2024-04-23T21:14:52,133  INFO [LocalJobRunner Map Task Executor #0] mapred.MapTask: Starting flush of map output
2024-04-23T21:14:52,133  INFO [LocalJobRunner Map Task Executor #0] mapred.MapTask: Spilling map output
2024-04-23T21:14:52,133  INFO [LocalJobRunner Map Task Executor #0] mapred.MapTask: bufstart = 0; bufend = 17; bufvoid = 104857600
2024-04-23T21:14:52,133  INFO [LocalJobRunner Map Task Executor #0] mapred.MapTask: kvstart = 26214396(104857584); kvend = 26214396(104857584); length = 1/6553600
2024-04-23T21:14:52,142  INFO [LocalJobRunner Map Task Executor #0] mapred.MapTask: Finished spill 0
2024-04-23T21:14:52,146  INFO [LocalJobRunner Map Task Executor #0] mapred.Task: Task:attempt_local843691766_0012_m_000001_0 is done. And is in the process of committing
2024-04-23T21:14:52,146  INFO [LocalJobRunner Map Task Executor #0] mapred.LocalJobRunner: map
2024-04-23T21:14:52,146  INFO [LocalJobRunner Map Task Executor #0] mapred.Task: Task 'attempt_local843691766_0012_m_000001_0' done.
2024-04-23T21:14:52,146  INFO [LocalJobRunner Map Task Executor #0] mapred.Task: Final Counters for attempt_local843691766_0012_m_000001_0: Counters: 24
	File System Counters
		FILE: Number of bytes read=193249
		FILE: Number of bytes written=14154396
		FILE: Number of read operations=0
		FILE: Number of large read operations=0
		FILE: Number of write operations=0
	Map-Reduce Framework
		Map input records=1
		Map output records=1
		Map output bytes=17
		Map output materialized bytes=25
		Input split bytes=466
		Combine input records=0
		Spilled Records=1
		Failed Shuffles=0
		Merged Map outputs=0
		GC time elapsed (ms)=8
		Total committed heap usage (bytes)=1103626240
	HIVE
		DESERIALIZE_ERRORS=0
		RECORDS_IN=1
		RECORDS_OUT_INTERMEDIATE=1
		RECORDS_OUT_OPERATOR_MAP_0=0
		RECORDS_OUT_OPERATOR_RS_3=1
		RECORDS_OUT_OPERATOR_SEL_1=1
		RECORDS_OUT_OPERATOR_TS_0=1
	File Input Format Counters 
		Bytes Read=7865
2024-04-23T21:14:52,146  INFO [LocalJobRunner Map Task Executor #0] mapred.LocalJobRunner: Finishing task: attempt_local843691766_0012_m_000001_0
2024-04-23T21:14:52,147  INFO [LocalJobRunner Map Task Executor #0] mapred.LocalJobRunner: Starting task: attempt_local843691766_0012_m_000002_0
2024-04-23T21:14:52,147  INFO [LocalJobRunner Map Task Executor #0] mapred.Task:  Using ResourceCalculatorProcessTree : [ ]
2024-04-23T21:14:52,148  INFO [LocalJobRunner Map Task Executor #0] mapred.MapTask: Processing split: org.apache.hadoop.hive.ql.io.orc.OrcInputFormat:OrcSplit [file:/home/alex/Repositories/hive/ql/target/tmp/org.apache.hadoop.hive.ql.TestTxnNoBuckets-1713932056679/warehouse/tmp/c3=4/000000_0, start=3, length=110, isOriginal=true, fileLength=242, hasFooter=false, hasBase=true, deltas=0]
2024-04-23T21:14:52,148  INFO [LocalJobRunner Map Task Executor #0] exec.SerializationUtilities: Deserializing MapWork using kryo
2024-04-23T21:14:52,149  INFO [LocalJobRunner Map Task Executor #0] exec.Utilities: Deserialized plan (via FILE) - name: null size: 6,77KB
2024-04-23T21:14:52,151  INFO [LocalJobRunner Map Task Executor #0] orc.ReaderImpl: Reading ORC rows from file:/home/alex/Repositories/hive/ql/target/tmp/org.apache.hadoop.hive.ql.TestTxnNoBuckets-1713932056679/warehouse/tmp/c3=4/000000_0 with {include: [true, true, true], offset: 3, length: 110, schema: struct<c1:int,c2:int>, includeAcidColumns: true}
2024-04-23T21:14:52,153  INFO [LocalJobRunner Map Task Executor #0] mapred.MapTask: numReduceTasks: 1
2024-04-23T21:14:52,157  INFO [LocalJobRunner Map Task Executor #0] mapred.MapTask: (EQUATOR) 0 kvi 26214396(104857584)
2024-04-23T21:14:52,157  INFO [LocalJobRunner Map Task Executor #0] mapred.MapTask: mapreduce.task.io.sort.mb: 100
2024-04-23T21:14:52,157  INFO [LocalJobRunner Map Task Executor #0] mapred.MapTask: soft limit at 83886080
2024-04-23T21:14:52,157  INFO [LocalJobRunner Map Task Executor #0] mapred.MapTask: bufstart = 0; bufvoid = 104857600
2024-04-23T21:14:52,157  INFO [LocalJobRunner Map Task Executor #0] mapred.MapTask: kvstart = 26214396; length = 6553600
2024-04-23T21:14:52,158  INFO [LocalJobRunner Map Task Executor #0] mapred.MapTask: Map output collector class = org.apache.hadoop.mapred.MapTask$MapOutputBuffer
2024-04-23T21:14:52,158  INFO [LocalJobRunner Map Task Executor #0] exec.MapOperator: Initializing Operator: MAP[0]
2024-04-23T21:14:52,161  INFO [LocalJobRunner Map Task Executor #0] mr.ExecMapper: 
<MAP>Id =0
  <Children>null
  <\Children>
  <Parent><\Parent>
<\MAP>
2024-04-23T21:14:52,162  INFO [LocalJobRunner Map Task Executor #0] exec.TableScanOperator: Initializing Operator: TS[0]
2024-04-23T21:14:52,162  INFO [LocalJobRunner Map Task Executor #0] exec.SelectOperator: Initializing Operator: SEL[1]
2024-04-23T21:14:52,162  INFO [LocalJobRunner Map Task Executor #0] exec.SelectOperator: SELECT struct<c1:int,c2:int,c3:int>
2024-04-23T21:14:52,162  INFO [LocalJobRunner Map Task Executor #0] exec.ReduceSinkOperator: Initializing Operator: RS[3]
2024-04-23T21:14:52,163  INFO [LocalJobRunner Map Task Executor #0] exec.ReduceSinkOperator: Using tag = -1
2024-04-23T21:14:52,163  INFO [LocalJobRunner Map Task Executor #0] exec.ReduceSinkOperator: keys are [_col2] num distributions: 1
2024-04-23T21:14:52,163  INFO [LocalJobRunner Map Task Executor #0] exec.ReduceSinkOperator: RS[3]: records written - 1
2024-04-23T21:14:52,163  INFO [LocalJobRunner Map Task Executor #0] exec.MapOperator: MAP[0]: records read - 1
2024-04-23T21:14:52,163  INFO [LocalJobRunner Map Task Executor #0] exec.MapOperator: Closing Operator: MAP[0]
2024-04-23T21:14:52,163  INFO [LocalJobRunner Map Task Executor #0] exec.MapOperator: MAP[0]: Total records read - 1. abort - false
2024-04-23T21:14:52,163  INFO [LocalJobRunner Map Task Executor #0] exec.MapOperator: RECORDS_IN:1, RECORDS_OUT_OPERATOR_MAP_0:0, DESERIALIZE_ERRORS:0, RECORDS_OUT_INTERMEDIATE:0, 
2024-04-23T21:14:52,163  INFO [LocalJobRunner Map Task Executor #0] exec.TableScanOperator: Closing Operator: TS[0]
2024-04-23T21:14:52,164  INFO [LocalJobRunner Map Task Executor #0] exec.TableScanOperator: RECORDS_OUT_INTERMEDIATE:0, RECORDS_OUT_OPERATOR_TS_0:1, 
2024-04-23T21:14:52,164  INFO [LocalJobRunner Map Task Executor #0] exec.SelectOperator: Closing Operator: SEL[1]
2024-04-23T21:14:52,164  INFO [LocalJobRunner Map Task Executor #0] exec.SelectOperator: RECORDS_OUT_INTERMEDIATE:0, RECORDS_OUT_OPERATOR_SEL_1:1, 
2024-04-23T21:14:52,164  INFO [LocalJobRunner Map Task Executor #0] exec.ReduceSinkOperator: Closing Operator: RS[3]
2024-04-23T21:14:52,164  INFO [LocalJobRunner Map Task Executor #0] exec.ReduceSinkOperator: RS[3]: Total records written - 1. abort - false
2024-04-23T21:14:52,164  INFO [LocalJobRunner Map Task Executor #0] exec.ReduceSinkOperator: RECORDS_OUT_INTERMEDIATE:1, RECORDS_OUT_OPERATOR_RS_3:1, 
2024-04-23T21:14:52,164  INFO [LocalJobRunner Map Task Executor #0] mapred.LocalJobRunner: 
2024-04-23T21:14:52,165  INFO [LocalJobRunner Map Task Executor #0] mapred.MapTask: Starting flush of map output
2024-04-23T21:14:52,165  INFO [LocalJobRunner Map Task Executor #0] mapred.MapTask: Spilling map output
2024-04-23T21:14:52,165  INFO [LocalJobRunner Map Task Executor #0] mapred.MapTask: bufstart = 0; bufend = 17; bufvoid = 104857600
2024-04-23T21:14:52,165  INFO [LocalJobRunner Map Task Executor #0] mapred.MapTask: kvstart = 26214396(104857584); kvend = 26214396(104857584); length = 1/6553600
2024-04-23T21:14:52,173  INFO [LocalJobRunner Map Task Executor #0] mapred.MapTask: Finished spill 0
2024-04-23T21:14:52,176  INFO [LocalJobRunner Map Task Executor #0] mapred.Task: Task:attempt_local843691766_0012_m_000002_0 is done. And is in the process of committing
2024-04-23T21:14:52,177  INFO [LocalJobRunner Map Task Executor #0] mapred.LocalJobRunner: map
2024-04-23T21:14:52,177  INFO [LocalJobRunner Map Task Executor #0] mapred.Task: Task 'attempt_local843691766_0012_m_000002_0' done.
2024-04-23T21:14:52,177  INFO [LocalJobRunner Map Task Executor #0] mapred.Task: Final Counters for attempt_local843691766_0012_m_000002_0: Counters: 24
	File System Counters
		FILE: Number of bytes read=204384
		FILE: Number of bytes written=14154453
		FILE: Number of read operations=0
		FILE: Number of large read operations=0
		FILE: Number of write operations=0
	Map-Reduce Framework
		Map input records=1
		Map output records=1
		Map output bytes=17
		Map output materialized bytes=25
		Input split bytes=466
		Combine input records=0
		Spilled Records=1
		Failed Shuffles=0
		Merged Map outputs=0
		GC time elapsed (ms)=0
		Total committed heap usage (bytes)=1103626240
	HIVE
		DESERIALIZE_ERRORS=0
		RECORDS_IN=1
		RECORDS_OUT_INTERMEDIATE=1
		RECORDS_OUT_OPERATOR_MAP_0=0
		RECORDS_OUT_OPERATOR_RS_3=1
		RECORDS_OUT_OPERATOR_SEL_1=1
		RECORDS_OUT_OPERATOR_TS_0=1
	File Input Format Counters 
		Bytes Read=7865
2024-04-23T21:14:52,177  INFO [LocalJobRunner Map Task Executor #0] mapred.LocalJobRunner: Finishing task: attempt_local843691766_0012_m_000002_0
2024-04-23T21:14:52,177  INFO [LocalJobRunner Map Task Executor #0] mapred.LocalJobRunner: Starting task: attempt_local843691766_0012_m_000003_0
2024-04-23T21:14:52,178  INFO [LocalJobRunner Map Task Executor #0] mapred.Task:  Using ResourceCalculatorProcessTree : [ ]
2024-04-23T21:14:52,179  INFO [LocalJobRunner Map Task Executor #0] mapred.MapTask: Processing split: org.apache.hadoop.hive.ql.io.orc.OrcInputFormat:OrcSplit [file:/home/alex/Repositories/hive/ql/target/tmp/org.apache.hadoop.hive.ql.TestTxnNoBuckets-1713932056679/warehouse/tmp/c3=2/000000_0, start=3, length=110, isOriginal=true, fileLength=242, hasFooter=false, hasBase=true, deltas=0]
2024-04-23T21:14:52,179  INFO [LocalJobRunner Map Task Executor #0] exec.SerializationUtilities: Deserializing MapWork using kryo
2024-04-23T21:14:52,180  INFO [LocalJobRunner Map Task Executor #0] exec.Utilities: Deserialized plan (via FILE) - name: null size: 6,77KB
2024-04-23T21:14:52,181  INFO [LocalJobRunner Map Task Executor #0] orc.ReaderImpl: Reading ORC rows from file:/home/alex/Repositories/hive/ql/target/tmp/org.apache.hadoop.hive.ql.TestTxnNoBuckets-1713932056679/warehouse/tmp/c3=2/000000_0 with {include: [true, true, true], offset: 3, length: 110, schema: struct<c1:int,c2:int>, includeAcidColumns: true}
2024-04-23T21:14:52,182  INFO [LocalJobRunner Map Task Executor #0] mapred.MapTask: numReduceTasks: 1
2024-04-23T21:14:52,188  INFO [LocalJobRunner Map Task Executor #0] mapred.MapTask: (EQUATOR) 0 kvi 26214396(104857584)
2024-04-23T21:14:52,188  INFO [LocalJobRunner Map Task Executor #0] mapred.MapTask: mapreduce.task.io.sort.mb: 100
2024-04-23T21:14:52,188  INFO [LocalJobRunner Map Task Executor #0] mapred.MapTask: soft limit at 83886080
2024-04-23T21:14:52,188  INFO [LocalJobRunner Map Task Executor #0] mapred.MapTask: bufstart = 0; bufvoid = 104857600
2024-04-23T21:14:52,188  INFO [LocalJobRunner Map Task Executor #0] mapred.MapTask: kvstart = 26214396; length = 6553600
2024-04-23T21:14:52,189  INFO [LocalJobRunner Map Task Executor #0] mapred.MapTask: Map output collector class = org.apache.hadoop.mapred.MapTask$MapOutputBuffer
2024-04-23T21:14:52,189  INFO [LocalJobRunner Map Task Executor #0] exec.MapOperator: Initializing Operator: MAP[0]
2024-04-23T21:14:52,194  INFO [LocalJobRunner Map Task Executor #0] mr.ExecMapper: 
<MAP>Id =0
  <Children>null
  <\Children>
  <Parent><\Parent>
<\MAP>
2024-04-23T21:14:52,195  INFO [LocalJobRunner Map Task Executor #0] exec.TableScanOperator: Initializing Operator: TS[0]
2024-04-23T21:14:52,195  INFO [LocalJobRunner Map Task Executor #0] exec.SelectOperator: Initializing Operator: SEL[1]
2024-04-23T21:14:52,195  INFO [LocalJobRunner Map Task Executor #0] exec.SelectOperator: SELECT struct<c1:int,c2:int,c3:int>
2024-04-23T21:14:52,195  INFO [LocalJobRunner Map Task Executor #0] exec.ReduceSinkOperator: Initializing Operator: RS[3]
2024-04-23T21:14:52,195  INFO [LocalJobRunner Map Task Executor #0] exec.ReduceSinkOperator: Using tag = -1
2024-04-23T21:14:52,196  INFO [LocalJobRunner Map Task Executor #0] exec.ReduceSinkOperator: keys are [_col2] num distributions: 1
2024-04-23T21:14:52,196  INFO [LocalJobRunner Map Task Executor #0] exec.ReduceSinkOperator: RS[3]: records written - 1
2024-04-23T21:14:52,196  INFO [LocalJobRunner Map Task Executor #0] exec.MapOperator: MAP[0]: records read - 1
2024-04-23T21:14:52,196  INFO [LocalJobRunner Map Task Executor #0] exec.MapOperator: Closing Operator: MAP[0]
2024-04-23T21:14:52,196  INFO [LocalJobRunner Map Task Executor #0] exec.MapOperator: MAP[0]: Total records read - 1. abort - false
2024-04-23T21:14:52,197  INFO [LocalJobRunner Map Task Executor #0] exec.MapOperator: RECORDS_OUT_INTERMEDIATE:0, RECORDS_OUT_OPERATOR_MAP_0:0, RECORDS_IN:1, DESERIALIZE_ERRORS:0, 
2024-04-23T21:14:52,197  INFO [LocalJobRunner Map Task Executor #0] exec.TableScanOperator: Closing Operator: TS[0]
2024-04-23T21:14:52,197  INFO [LocalJobRunner Map Task Executor #0] exec.TableScanOperator: RECORDS_OUT_INTERMEDIATE:0, RECORDS_OUT_OPERATOR_TS_0:1, 
2024-04-23T21:14:52,197  INFO [LocalJobRunner Map Task Executor #0] exec.SelectOperator: Closing Operator: SEL[1]
2024-04-23T21:14:52,197  INFO [LocalJobRunner Map Task Executor #0] exec.SelectOperator: RECORDS_OUT_INTERMEDIATE:0, RECORDS_OUT_OPERATOR_SEL_1:1, 
2024-04-23T21:14:52,197  INFO [LocalJobRunner Map Task Executor #0] exec.ReduceSinkOperator: Closing Operator: RS[3]
2024-04-23T21:14:52,197  INFO [LocalJobRunner Map Task Executor #0] exec.ReduceSinkOperator: RS[3]: Total records written - 1. abort - false
2024-04-23T21:14:52,197  INFO [LocalJobRunner Map Task Executor #0] exec.ReduceSinkOperator: RECORDS_OUT_OPERATOR_RS_3:1, RECORDS_OUT_INTERMEDIATE:1, 
2024-04-23T21:14:52,198  INFO [LocalJobRunner Map Task Executor #0] mapred.LocalJobRunner: 
2024-04-23T21:14:52,198  INFO [LocalJobRunner Map Task Executor #0] mapred.MapTask: Starting flush of map output
2024-04-23T21:14:52,198  INFO [LocalJobRunner Map Task Executor #0] mapred.MapTask: Spilling map output
2024-04-23T21:14:52,198  INFO [LocalJobRunner Map Task Executor #0] mapred.MapTask: bufstart = 0; bufend = 17; bufvoid = 104857600
2024-04-23T21:14:52,198  INFO [LocalJobRunner Map Task Executor #0] mapred.MapTask: kvstart = 26214396(104857584); kvend = 26214396(104857584); length = 1/6553600
2024-04-23T21:14:52,206  INFO [LocalJobRunner Map Task Executor #0] mapred.MapTask: Finished spill 0
2024-04-23T21:14:52,209  INFO [LocalJobRunner Map Task Executor #0] mapred.Task: Task:attempt_local843691766_0012_m_000003_0 is done. And is in the process of committing
2024-04-23T21:14:52,210  INFO [LocalJobRunner Map Task Executor #0] mapred.LocalJobRunner: map
2024-04-23T21:14:52,210  INFO [LocalJobRunner Map Task Executor #0] mapred.Task: Task 'attempt_local843691766_0012_m_000003_0' done.
2024-04-23T21:14:52,210  INFO [LocalJobRunner Map Task Executor #0] mapred.Task: Final Counters for attempt_local843691766_0012_m_000003_0: Counters: 24
	File System Counters
		FILE: Number of bytes read=215007
		FILE: Number of bytes written=14154510
		FILE: Number of read operations=0
		FILE: Number of large read operations=0
		FILE: Number of write operations=0
	Map-Reduce Framework
		Map input records=1
		Map output records=1
		Map output bytes=17
		Map output materialized bytes=25
		Input split bytes=466
		Combine input records=0
		Spilled Records=1
		Failed Shuffles=0
		Merged Map outputs=0
		GC time elapsed (ms)=0
		Total committed heap usage (bytes)=1103626240
	HIVE
		DESERIALIZE_ERRORS=0
		RECORDS_IN=1
		RECORDS_OUT_INTERMEDIATE=1
		RECORDS_OUT_OPERATOR_MAP_0=0
		RECORDS_OUT_OPERATOR_RS_3=1
		RECORDS_OUT_OPERATOR_SEL_1=1
		RECORDS_OUT_OPERATOR_TS_0=1
	File Input Format Counters 
		Bytes Read=7865
2024-04-23T21:14:52,210  INFO [LocalJobRunner Map Task Executor #0] mapred.LocalJobRunner: Finishing task: attempt_local843691766_0012_m_000003_0
2024-04-23T21:14:52,210  INFO [LocalJobRunner Map Task Executor #0] mapred.LocalJobRunner: Starting task: attempt_local843691766_0012_m_000004_0
2024-04-23T21:14:52,211  INFO [LocalJobRunner Map Task Executor #0] mapred.Task:  Using ResourceCalculatorProcessTree : [ ]
2024-04-23T21:14:52,211  INFO [LocalJobRunner Map Task Executor #0] mapred.MapTask: Processing split: org.apache.hadoop.hive.ql.io.orc.OrcInputFormat:OrcSplit [file:/home/alex/Repositories/hive/ql/target/tmp/org.apache.hadoop.hive.ql.TestTxnNoBuckets-1713932056679/warehouse/tmp/c3=6/000000_0, start=3, length=110, isOriginal=true, fileLength=242, hasFooter=false, hasBase=true, deltas=0]
2024-04-23T21:14:52,212  INFO [LocalJobRunner Map Task Executor #0] exec.SerializationUtilities: Deserializing MapWork using kryo
2024-04-23T21:14:52,213  INFO [LocalJobRunner Map Task Executor #0] exec.Utilities: Deserialized plan (via FILE) - name: null size: 6,77KB
2024-04-23T21:14:52,214  INFO [LocalJobRunner Map Task Executor #0] orc.ReaderImpl: Reading ORC rows from file:/home/alex/Repositories/hive/ql/target/tmp/org.apache.hadoop.hive.ql.TestTxnNoBuckets-1713932056679/warehouse/tmp/c3=6/000000_0 with {include: [true, true, true], offset: 3, length: 110, schema: struct<c1:int,c2:int>, includeAcidColumns: true}
2024-04-23T21:14:52,216  INFO [LocalJobRunner Map Task Executor #0] mapred.MapTask: numReduceTasks: 1
2024-04-23T21:14:52,222  INFO [LocalJobRunner Map Task Executor #0] mapred.MapTask: (EQUATOR) 0 kvi 26214396(104857584)
2024-04-23T21:14:52,222  INFO [LocalJobRunner Map Task Executor #0] mapred.MapTask: mapreduce.task.io.sort.mb: 100
2024-04-23T21:14:52,222  INFO [LocalJobRunner Map Task Executor #0] mapred.MapTask: soft limit at 83886080
2024-04-23T21:14:52,222  INFO [LocalJobRunner Map Task Executor #0] mapred.MapTask: bufstart = 0; bufvoid = 104857600
2024-04-23T21:14:52,222  INFO [LocalJobRunner Map Task Executor #0] mapred.MapTask: kvstart = 26214396; length = 6553600
2024-04-23T21:14:52,223  INFO [LocalJobRunner Map Task Executor #0] mapred.MapTask: Map output collector class = org.apache.hadoop.mapred.MapTask$MapOutputBuffer
2024-04-23T21:14:52,223  INFO [LocalJobRunner Map Task Executor #0] exec.MapOperator: Initializing Operator: MAP[0]
2024-04-23T21:14:52,227  INFO [LocalJobRunner Map Task Executor #0] mr.ExecMapper: 
<MAP>Id =0
  <Children>null
  <\Children>
  <Parent><\Parent>
<\MAP>
2024-04-23T21:14:52,228  INFO [LocalJobRunner Map Task Executor #0] exec.TableScanOperator: Initializing Operator: TS[0]
2024-04-23T21:14:52,228  INFO [LocalJobRunner Map Task Executor #0] exec.SelectOperator: Initializing Operator: SEL[1]
2024-04-23T21:14:52,228  INFO [LocalJobRunner Map Task Executor #0] exec.SelectOperator: SELECT struct<c1:int,c2:int,c3:int>
2024-04-23T21:14:52,228  INFO [LocalJobRunner Map Task Executor #0] exec.ReduceSinkOperator: Initializing Operator: RS[3]
2024-04-23T21:14:52,228  INFO [LocalJobRunner Map Task Executor #0] exec.ReduceSinkOperator: Using tag = -1
2024-04-23T21:14:52,229  INFO [LocalJobRunner Map Task Executor #0] exec.ReduceSinkOperator: keys are [_col2] num distributions: 1
2024-04-23T21:14:52,229  INFO [LocalJobRunner Map Task Executor #0] exec.ReduceSinkOperator: RS[3]: records written - 1
2024-04-23T21:14:52,229  INFO [LocalJobRunner Map Task Executor #0] exec.MapOperator: MAP[0]: records read - 1
2024-04-23T21:14:52,229  INFO [LocalJobRunner Map Task Executor #0] exec.MapOperator: Closing Operator: MAP[0]
2024-04-23T21:14:52,229  INFO [LocalJobRunner Map Task Executor #0] exec.MapOperator: MAP[0]: Total records read - 1. abort - false
2024-04-23T21:14:52,230  INFO [LocalJobRunner Map Task Executor #0] exec.MapOperator: DESERIALIZE_ERRORS:0, RECORDS_OUT_INTERMEDIATE:0, RECORDS_IN:1, RECORDS_OUT_OPERATOR_MAP_0:0, 
2024-04-23T21:14:52,230  INFO [LocalJobRunner Map Task Executor #0] exec.TableScanOperator: Closing Operator: TS[0]
2024-04-23T21:14:52,230  INFO [LocalJobRunner Map Task Executor #0] exec.TableScanOperator: RECORDS_OUT_OPERATOR_TS_0:1, RECORDS_OUT_INTERMEDIATE:0, 
2024-04-23T21:14:52,230  INFO [LocalJobRunner Map Task Executor #0] exec.SelectOperator: Closing Operator: SEL[1]
2024-04-23T21:14:52,230  INFO [LocalJobRunner Map Task Executor #0] exec.SelectOperator: RECORDS_OUT_INTERMEDIATE:0, RECORDS_OUT_OPERATOR_SEL_1:1, 
2024-04-23T21:14:52,230  INFO [LocalJobRunner Map Task Executor #0] exec.ReduceSinkOperator: Closing Operator: RS[3]
2024-04-23T21:14:52,230  INFO [LocalJobRunner Map Task Executor #0] exec.ReduceSinkOperator: RS[3]: Total records written - 1. abort - false
2024-04-23T21:14:52,230  INFO [LocalJobRunner Map Task Executor #0] exec.ReduceSinkOperator: RECORDS_OUT_OPERATOR_RS_3:1, RECORDS_OUT_INTERMEDIATE:1, 
2024-04-23T21:14:52,231  INFO [LocalJobRunner Map Task Executor #0] mapred.LocalJobRunner: 
2024-04-23T21:14:52,231  INFO [LocalJobRunner Map Task Executor #0] mapred.MapTask: Starting flush of map output
2024-04-23T21:14:52,231  INFO [LocalJobRunner Map Task Executor #0] mapred.MapTask: Spilling map output
2024-04-23T21:14:52,231  INFO [LocalJobRunner Map Task Executor #0] mapred.MapTask: bufstart = 0; bufend = 17; bufvoid = 104857600
2024-04-23T21:14:52,231  INFO [LocalJobRunner Map Task Executor #0] mapred.MapTask: kvstart = 26214396(104857584); kvend = 26214396(104857584); length = 1/6553600
2024-04-23T21:14:52,240  INFO [LocalJobRunner Map Task Executor #0] mapred.MapTask: Finished spill 0
2024-04-23T21:14:52,243  INFO [LocalJobRunner Map Task Executor #0] mapred.Task: Task:attempt_local843691766_0012_m_000004_0 is done. And is in the process of committing
2024-04-23T21:14:52,244  INFO [LocalJobRunner Map Task Executor #0] mapred.LocalJobRunner: map
2024-04-23T21:14:52,244  INFO [LocalJobRunner Map Task Executor #0] mapred.Task: Task 'attempt_local843691766_0012_m_000004_0' done.
2024-04-23T21:14:52,244  INFO [LocalJobRunner Map Task Executor #0] mapred.Task: Final Counters for attempt_local843691766_0012_m_000004_0: Counters: 24
	File System Counters
		FILE: Number of bytes read=225118
		FILE: Number of bytes written=14154567
		FILE: Number of read operations=0
		FILE: Number of large read operations=0
		FILE: Number of write operations=0
	Map-Reduce Framework
		Map input records=1
		Map output records=1
		Map output bytes=17
		Map output materialized bytes=25
		Input split bytes=466
		Combine input records=0
		Spilled Records=1
		Failed Shuffles=0
		Merged Map outputs=0
		GC time elapsed (ms)=0
		Total committed heap usage (bytes)=1103626240
	HIVE
		DESERIALIZE_ERRORS=0
		RECORDS_IN=1
		RECORDS_OUT_INTERMEDIATE=1
		RECORDS_OUT_OPERATOR_MAP_0=0
		RECORDS_OUT_OPERATOR_RS_3=1
		RECORDS_OUT_OPERATOR_SEL_1=1
		RECORDS_OUT_OPERATOR_TS_0=1
	File Input Format Counters 
		Bytes Read=7865
2024-04-23T21:14:52,244  INFO [LocalJobRunner Map Task Executor #0] mapred.LocalJobRunner: Finishing task: attempt_local843691766_0012_m_000004_0
2024-04-23T21:14:52,244  INFO [LocalJobRunner Map Task Executor #0] mapred.LocalJobRunner: Starting task: attempt_local843691766_0012_m_000005_0
2024-04-23T21:14:52,244  INFO [LocalJobRunner Map Task Executor #0] mapred.Task:  Using ResourceCalculatorProcessTree : [ ]
2024-04-23T21:14:52,245  INFO [LocalJobRunner Map Task Executor #0] mapred.MapTask: Processing split: org.apache.hadoop.hive.ql.io.orc.OrcInputFormat:OrcSplit [file:/home/alex/Repositories/hive/ql/target/tmp/org.apache.hadoop.hive.ql.TestTxnNoBuckets-1713932056679/warehouse/tmp/c3=5/000000_0, start=3, length=110, isOriginal=true, fileLength=242, hasFooter=false, hasBase=true, deltas=0]
2024-04-23T21:14:52,245  INFO [LocalJobRunner Map Task Executor #0] exec.SerializationUtilities: Deserializing MapWork using kryo
2024-04-23T21:14:52,246  INFO [LocalJobRunner Map Task Executor #0] exec.Utilities: Deserialized plan (via FILE) - name: null size: 6,77KB
2024-04-23T21:14:52,247  INFO [LocalJobRunner Map Task Executor #0] orc.ReaderImpl: Reading ORC rows from file:/home/alex/Repositories/hive/ql/target/tmp/org.apache.hadoop.hive.ql.TestTxnNoBuckets-1713932056679/warehouse/tmp/c3=5/000000_0 with {include: [true, true, true], offset: 3, length: 110, schema: struct<c1:int,c2:int>, includeAcidColumns: true}
2024-04-23T21:14:52,248  INFO [LocalJobRunner Map Task Executor #0] mapred.MapTask: numReduceTasks: 1
2024-04-23T21:14:52,253  INFO [LocalJobRunner Map Task Executor #0] mapred.MapTask: (EQUATOR) 0 kvi 26214396(104857584)
2024-04-23T21:14:52,253  INFO [LocalJobRunner Map Task Executor #0] mapred.MapTask: mapreduce.task.io.sort.mb: 100
2024-04-23T21:14:52,253  INFO [LocalJobRunner Map Task Executor #0] mapred.MapTask: soft limit at 83886080
2024-04-23T21:14:52,253  INFO [LocalJobRunner Map Task Executor #0] mapred.MapTask: bufstart = 0; bufvoid = 104857600
2024-04-23T21:14:52,253  INFO [LocalJobRunner Map Task Executor #0] mapred.MapTask: kvstart = 26214396; length = 6553600
2024-04-23T21:14:52,254  INFO [LocalJobRunner Map Task Executor #0] mapred.MapTask: Map output collector class = org.apache.hadoop.mapred.MapTask$MapOutputBuffer
2024-04-23T21:14:52,254  INFO [LocalJobRunner Map Task Executor #0] exec.MapOperator: Initializing Operator: MAP[0]
2024-04-23T21:14:52,257  INFO [LocalJobRunner Map Task Executor #0] mr.ExecMapper: 
<MAP>Id =0
  <Children>null
  <\Children>
  <Parent><\Parent>
<\MAP>
2024-04-23T21:14:52,258  INFO [LocalJobRunner Map Task Executor #0] exec.TableScanOperator: Initializing Operator: TS[0]
2024-04-23T21:14:52,258  INFO [LocalJobRunner Map Task Executor #0] exec.SelectOperator: Initializing Operator: SEL[1]
2024-04-23T21:14:52,258  INFO [LocalJobRunner Map Task Executor #0] exec.SelectOperator: SELECT struct<c1:int,c2:int,c3:int>
2024-04-23T21:14:52,258  INFO [LocalJobRunner Map Task Executor #0] exec.ReduceSinkOperator: Initializing Operator: RS[3]
2024-04-23T21:14:52,258  INFO [LocalJobRunner Map Task Executor #0] exec.ReduceSinkOperator: Using tag = -1
2024-04-23T21:14:52,258  INFO [LocalJobRunner Map Task Executor #0] exec.ReduceSinkOperator: keys are [_col2] num distributions: 1
2024-04-23T21:14:52,258  INFO [LocalJobRunner Map Task Executor #0] exec.ReduceSinkOperator: RS[3]: records written - 1
2024-04-23T21:14:52,258  INFO [LocalJobRunner Map Task Executor #0] exec.MapOperator: MAP[0]: records read - 1
2024-04-23T21:14:52,259  INFO [LocalJobRunner Map Task Executor #0] exec.MapOperator: Closing Operator: MAP[0]
2024-04-23T21:14:52,259  INFO [LocalJobRunner Map Task Executor #0] exec.MapOperator: MAP[0]: Total records read - 1. abort - false
2024-04-23T21:14:52,259  INFO [LocalJobRunner Map Task Executor #0] exec.MapOperator: DESERIALIZE_ERRORS:0, RECORDS_IN:1, RECORDS_OUT_INTERMEDIATE:0, RECORDS_OUT_OPERATOR_MAP_0:0, 
2024-04-23T21:14:52,259  INFO [LocalJobRunner Map Task Executor #0] exec.TableScanOperator: Closing Operator: TS[0]
2024-04-23T21:14:52,259  INFO [LocalJobRunner Map Task Executor #0] exec.TableScanOperator: RECORDS_OUT_INTERMEDIATE:0, RECORDS_OUT_OPERATOR_TS_0:1, 
2024-04-23T21:14:52,259  INFO [LocalJobRunner Map Task Executor #0] exec.SelectOperator: Closing Operator: SEL[1]
2024-04-23T21:14:52,259  INFO [LocalJobRunner Map Task Executor #0] exec.SelectOperator: RECORDS_OUT_OPERATOR_SEL_1:1, RECORDS_OUT_INTERMEDIATE:0, 
2024-04-23T21:14:52,259  INFO [LocalJobRunner Map Task Executor #0] exec.ReduceSinkOperator: Closing Operator: RS[3]
2024-04-23T21:14:52,259  INFO [LocalJobRunner Map Task Executor #0] exec.ReduceSinkOperator: RS[3]: Total records written - 1. abort - false
2024-04-23T21:14:52,259  INFO [LocalJobRunner Map Task Executor #0] exec.ReduceSinkOperator: RECORDS_OUT_INTERMEDIATE:1, RECORDS_OUT_OPERATOR_RS_3:1, 
2024-04-23T21:14:52,259  INFO [LocalJobRunner Map Task Executor #0] mapred.LocalJobRunner: 
2024-04-23T21:14:52,259  INFO [LocalJobRunner Map Task Executor #0] mapred.MapTask: Starting flush of map output
2024-04-23T21:14:52,259  INFO [LocalJobRunner Map Task Executor #0] mapred.MapTask: Spilling map output
2024-04-23T21:14:52,259  INFO [LocalJobRunner Map Task Executor #0] mapred.MapTask: bufstart = 0; bufend = 17; bufvoid = 104857600
2024-04-23T21:14:52,259  INFO [LocalJobRunner Map Task Executor #0] mapred.MapTask: kvstart = 26214396(104857584); kvend = 26214396(104857584); length = 1/6553600
2024-04-23T21:14:52,268  INFO [LocalJobRunner Map Task Executor #0] mapred.MapTask: Finished spill 0
2024-04-23T21:14:52,271  INFO [LocalJobRunner Map Task Executor #0] mapred.Task: Task:attempt_local843691766_0012_m_000005_0 is done. And is in the process of committing
2024-04-23T21:14:52,272  INFO [LocalJobRunner Map Task Executor #0] mapred.LocalJobRunner: map
2024-04-23T21:14:52,272  INFO [LocalJobRunner Map Task Executor #0] mapred.Task: Task 'attempt_local843691766_0012_m_000005_0' done.
2024-04-23T21:14:52,272  INFO [LocalJobRunner Map Task Executor #0] mapred.Task: Final Counters for attempt_local843691766_0012_m_000005_0: Counters: 24
	File System Counters
		FILE: Number of bytes read=234717
		FILE: Number of bytes written=14154624
		FILE: Number of read operations=0
		FILE: Number of large read operations=0
		FILE: Number of write operations=0
	Map-Reduce Framework
		Map input records=1
		Map output records=1
		Map output bytes=17
		Map output materialized bytes=25
		Input split bytes=466
		Combine input records=0
		Spilled Records=1
		Failed Shuffles=0
		Merged Map outputs=0
		GC time elapsed (ms)=0
		Total committed heap usage (bytes)=1103626240
	HIVE
		DESERIALIZE_ERRORS=0
		RECORDS_IN=1
		RECORDS_OUT_INTERMEDIATE=1
		RECORDS_OUT_OPERATOR_MAP_0=0
		RECORDS_OUT_OPERATOR_RS_3=1
		RECORDS_OUT_OPERATOR_SEL_1=1
		RECORDS_OUT_OPERATOR_TS_0=1
	File Input Format Counters 
		Bytes Read=7865
2024-04-23T21:14:52,272  INFO [LocalJobRunner Map Task Executor #0] mapred.LocalJobRunner: Finishing task: attempt_local843691766_0012_m_000005_0
2024-04-23T21:14:52,272  INFO [LocalJobRunner Map Task Executor #0] mapred.LocalJobRunner: Starting task: attempt_local843691766_0012_m_000006_0
2024-04-23T21:14:52,273  INFO [LocalJobRunner Map Task Executor #0] mapred.Task:  Using ResourceCalculatorProcessTree : [ ]
2024-04-23T21:14:52,273  INFO [LocalJobRunner Map Task Executor #0] mapred.MapTask: Processing split: org.apache.hadoop.hive.ql.io.orc.OrcInputFormat:OrcSplit [file:/home/alex/Repositories/hive/ql/target/tmp/org.apache.hadoop.hive.ql.TestTxnNoBuckets-1713932056679/warehouse/tmp/c3=3/000000_0, start=3, length=110, isOriginal=true, fileLength=242, hasFooter=false, hasBase=true, deltas=0]
2024-04-23T21:14:52,274  INFO [LocalJobRunner Map Task Executor #0] exec.SerializationUtilities: Deserializing MapWork using kryo
2024-04-23T21:14:52,275  INFO [LocalJobRunner Map Task Executor #0] exec.Utilities: Deserialized plan (via FILE) - name: null size: 6,77KB
2024-04-23T21:14:52,277  INFO [LocalJobRunner Map Task Executor #0] orc.ReaderImpl: Reading ORC rows from file:/home/alex/Repositories/hive/ql/target/tmp/org.apache.hadoop.hive.ql.TestTxnNoBuckets-1713932056679/warehouse/tmp/c3=3/000000_0 with {include: [true, true, true], offset: 3, length: 110, schema: struct<c1:int,c2:int>, includeAcidColumns: true}
2024-04-23T21:14:52,278  INFO [LocalJobRunner Map Task Executor #0] mapred.MapTask: numReduceTasks: 1
2024-04-23T21:14:52,289  INFO [LocalJobRunner Map Task Executor #0] mapred.MapTask: (EQUATOR) 0 kvi 26214396(104857584)
2024-04-23T21:14:52,289  INFO [LocalJobRunner Map Task Executor #0] mapred.MapTask: mapreduce.task.io.sort.mb: 100
2024-04-23T21:14:52,289  INFO [LocalJobRunner Map Task Executor #0] mapred.MapTask: soft limit at 83886080
2024-04-23T21:14:52,289  INFO [LocalJobRunner Map Task Executor #0] mapred.MapTask: bufstart = 0; bufvoid = 104857600
2024-04-23T21:14:52,289  INFO [LocalJobRunner Map Task Executor #0] mapred.MapTask: kvstart = 26214396; length = 6553600
2024-04-23T21:14:52,290  INFO [LocalJobRunner Map Task Executor #0] mapred.MapTask: Map output collector class = org.apache.hadoop.mapred.MapTask$MapOutputBuffer
2024-04-23T21:14:52,290  INFO [LocalJobRunner Map Task Executor #0] exec.MapOperator: Initializing Operator: MAP[0]
2024-04-23T21:14:52,295  INFO [LocalJobRunner Map Task Executor #0] mr.ExecMapper: 
<MAP>Id =0
  <Children>null
  <\Children>
  <Parent><\Parent>
<\MAP>
2024-04-23T21:14:52,296  INFO [LocalJobRunner Map Task Executor #0] exec.TableScanOperator: Initializing Operator: TS[0]
2024-04-23T21:14:52,296  INFO [LocalJobRunner Map Task Executor #0] exec.SelectOperator: Initializing Operator: SEL[1]
2024-04-23T21:14:52,296  INFO [LocalJobRunner Map Task Executor #0] exec.SelectOperator: SELECT struct<c1:int,c2:int,c3:int>
2024-04-23T21:14:52,296  INFO [LocalJobRunner Map Task Executor #0] exec.ReduceSinkOperator: Initializing Operator: RS[3]
2024-04-23T21:14:52,296  INFO [LocalJobRunner Map Task Executor #0] exec.ReduceSinkOperator: Using tag = -1
2024-04-23T21:14:52,296  INFO [LocalJobRunner Map Task Executor #0] exec.ReduceSinkOperator: keys are [_col2] num distributions: 1
2024-04-23T21:14:52,297  INFO [LocalJobRunner Map Task Executor #0] exec.ReduceSinkOperator: RS[3]: records written - 1
2024-04-23T21:14:52,297  INFO [LocalJobRunner Map Task Executor #0] exec.MapOperator: MAP[0]: records read - 1
2024-04-23T21:14:52,297  INFO [LocalJobRunner Map Task Executor #0] exec.MapOperator: Closing Operator: MAP[0]
2024-04-23T21:14:52,297  INFO [LocalJobRunner Map Task Executor #0] exec.MapOperator: MAP[0]: Total records read - 1. abort - false
2024-04-23T21:14:52,297  INFO [LocalJobRunner Map Task Executor #0] exec.MapOperator: DESERIALIZE_ERRORS:0, RECORDS_OUT_INTERMEDIATE:0, RECORDS_IN:1, RECORDS_OUT_OPERATOR_MAP_0:0, 
2024-04-23T21:14:52,297  INFO [LocalJobRunner Map Task Executor #0] exec.TableScanOperator: Closing Operator: TS[0]
2024-04-23T21:14:52,297  INFO [LocalJobRunner Map Task Executor #0] exec.TableScanOperator: RECORDS_OUT_OPERATOR_TS_0:1, RECORDS_OUT_INTERMEDIATE:0, 
2024-04-23T21:14:52,297  INFO [LocalJobRunner Map Task Executor #0] exec.SelectOperator: Closing Operator: SEL[1]
2024-04-23T21:14:52,297  INFO [LocalJobRunner Map Task Executor #0] exec.SelectOperator: RECORDS_OUT_OPERATOR_SEL_1:1, RECORDS_OUT_INTERMEDIATE:0, 
2024-04-23T21:14:52,297  INFO [LocalJobRunner Map Task Executor #0] exec.ReduceSinkOperator: Closing Operator: RS[3]
2024-04-23T21:14:52,297  INFO [LocalJobRunner Map Task Executor #0] exec.ReduceSinkOperator: RS[3]: Total records written - 1. abort - false
2024-04-23T21:14:52,297  INFO [LocalJobRunner Map Task Executor #0] exec.ReduceSinkOperator: RECORDS_OUT_OPERATOR_RS_3:1, RECORDS_OUT_INTERMEDIATE:1, 
2024-04-23T21:14:52,298  INFO [LocalJobRunner Map Task Executor #0] mapred.LocalJobRunner: 
2024-04-23T21:14:52,298  INFO [LocalJobRunner Map Task Executor #0] mapred.MapTask: Starting flush of map output
2024-04-23T21:14:52,298  INFO [LocalJobRunner Map Task Executor #0] mapred.MapTask: Spilling map output
2024-04-23T21:14:52,298  INFO [LocalJobRunner Map Task Executor #0] mapred.MapTask: bufstart = 0; bufend = 17; bufvoid = 104857600
2024-04-23T21:14:52,298  INFO [LocalJobRunner Map Task Executor #0] mapred.MapTask: kvstart = 26214396(104857584); kvend = 26214396(104857584); length = 1/6553600
2024-04-23T21:14:52,306  INFO [LocalJobRunner Map Task Executor #0] mapred.MapTask: Finished spill 0
2024-04-23T21:14:52,310  INFO [LocalJobRunner Map Task Executor #0] mapred.Task: Task:attempt_local843691766_0012_m_000006_0 is done. And is in the process of committing
2024-04-23T21:14:52,311  INFO [LocalJobRunner Map Task Executor #0] mapred.LocalJobRunner: map
2024-04-23T21:14:52,311  INFO [LocalJobRunner Map Task Executor #0] mapred.Task: Task 'attempt_local843691766_0012_m_000006_0' done.
2024-04-23T21:14:52,311  INFO [LocalJobRunner Map Task Executor #0] mapred.Task: Final Counters for attempt_local843691766_0012_m_000006_0: Counters: 24
	File System Counters
		FILE: Number of bytes read=243804
		FILE: Number of bytes written=14154681
		FILE: Number of read operations=0
		FILE: Number of large read operations=0
		FILE: Number of write operations=0
	Map-Reduce Framework
		Map input records=1
		Map output records=1
		Map output bytes=17
		Map output materialized bytes=25
		Input split bytes=466
		Combine input records=0
		Spilled Records=1
		Failed Shuffles=0
		Merged Map outputs=0
		GC time elapsed (ms)=5
		Total committed heap usage (bytes)=1102577664
	HIVE
		DESERIALIZE_ERRORS=0
		RECORDS_IN=1
		RECORDS_OUT_INTERMEDIATE=1
		RECORDS_OUT_OPERATOR_MAP_0=0
		RECORDS_OUT_OPERATOR_RS_3=1
		RECORDS_OUT_OPERATOR_SEL_1=1
		RECORDS_OUT_OPERATOR_TS_0=1
	File Input Format Counters 
		Bytes Read=7865
2024-04-23T21:14:52,311  INFO [LocalJobRunner Map Task Executor #0] mapred.LocalJobRunner: Finishing task: attempt_local843691766_0012_m_000006_0
2024-04-23T21:14:52,311  INFO [LocalJobRunner Map Task Executor #0] mapred.LocalJobRunner: Starting task: attempt_local843691766_0012_m_000007_0
2024-04-23T21:14:52,312  INFO [LocalJobRunner Map Task Executor #0] mapred.Task:  Using ResourceCalculatorProcessTree : [ ]
2024-04-23T21:14:52,312  INFO [LocalJobRunner Map Task Executor #0] mapred.MapTask: Processing split: org.apache.hadoop.hive.ql.io.orc.OrcInputFormat:OrcSplit [file:/home/alex/Repositories/hive/ql/target/tmp/org.apache.hadoop.hive.ql.TestTxnNoBuckets-1713932056679/warehouse/tmp/c3=3/000000_0_copy_1, start=3, length=110, isOriginal=true, fileLength=242, hasFooter=false, hasBase=true, deltas=0]
2024-04-23T21:14:52,313  INFO [LocalJobRunner Map Task Executor #0] exec.SerializationUtilities: Deserializing MapWork using kryo
2024-04-23T21:14:52,314  INFO [LocalJobRunner Map Task Executor #0] exec.Utilities: Deserialized plan (via FILE) - name: null size: 6,77KB
2024-04-23T21:14:52,316  INFO [LocalJobRunner Map Task Executor #0] orc.ReaderImpl: Reading ORC rows from file:/home/alex/Repositories/hive/ql/target/tmp/org.apache.hadoop.hive.ql.TestTxnNoBuckets-1713932056679/warehouse/tmp/c3=3/000000_0_copy_1 with {include: [true, true, true], offset: 3, length: 110, schema: struct<c1:int,c2:int>, includeAcidColumns: true}
2024-04-23T21:14:52,317  INFO [LocalJobRunner Map Task Executor #0] mapred.MapTask: numReduceTasks: 1
2024-04-23T21:14:52,322  INFO [LocalJobRunner Map Task Executor #0] mapred.MapTask: (EQUATOR) 0 kvi 26214396(104857584)
2024-04-23T21:14:52,322  INFO [LocalJobRunner Map Task Executor #0] mapred.MapTask: mapreduce.task.io.sort.mb: 100
2024-04-23T21:14:52,322  INFO [LocalJobRunner Map Task Executor #0] mapred.MapTask: soft limit at 83886080
2024-04-23T21:14:52,322  INFO [LocalJobRunner Map Task Executor #0] mapred.MapTask: bufstart = 0; bufvoid = 104857600
2024-04-23T21:14:52,322  INFO [LocalJobRunner Map Task Executor #0] mapred.MapTask: kvstart = 26214396; length = 6553600
2024-04-23T21:14:52,323  INFO [LocalJobRunner Map Task Executor #0] mapred.MapTask: Map output collector class = org.apache.hadoop.mapred.MapTask$MapOutputBuffer
2024-04-23T21:14:52,323  INFO [LocalJobRunner Map Task Executor #0] exec.MapOperator: Initializing Operator: MAP[0]
2024-04-23T21:14:52,327  INFO [LocalJobRunner Map Task Executor #0] mr.ExecMapper: 
<MAP>Id =0
  <Children>null
  <\Children>
  <Parent><\Parent>
<\MAP>
2024-04-23T21:14:52,328  INFO [LocalJobRunner Map Task Executor #0] exec.TableScanOperator: Initializing Operator: TS[0]
2024-04-23T21:14:52,328  INFO [LocalJobRunner Map Task Executor #0] exec.SelectOperator: Initializing Operator: SEL[1]
2024-04-23T21:14:52,328  INFO [LocalJobRunner Map Task Executor #0] exec.SelectOperator: SELECT struct<c1:int,c2:int,c3:int>
2024-04-23T21:14:52,328  INFO [LocalJobRunner Map Task Executor #0] exec.ReduceSinkOperator: Initializing Operator: RS[3]
2024-04-23T21:14:52,328  INFO [LocalJobRunner Map Task Executor #0] exec.ReduceSinkOperator: Using tag = -1
2024-04-23T21:14:52,329  INFO [LocalJobRunner Map Task Executor #0] exec.ReduceSinkOperator: keys are [_col2] num distributions: 1
2024-04-23T21:14:52,329  INFO [LocalJobRunner Map Task Executor #0] exec.ReduceSinkOperator: RS[3]: records written - 1
2024-04-23T21:14:52,329  INFO [LocalJobRunner Map Task Executor #0] exec.MapOperator: MAP[0]: records read - 1
2024-04-23T21:14:52,329  INFO [LocalJobRunner Map Task Executor #0] exec.MapOperator: Closing Operator: MAP[0]
2024-04-23T21:14:52,329  INFO [LocalJobRunner Map Task Executor #0] exec.MapOperator: MAP[0]: Total records read - 1. abort - false
2024-04-23T21:14:52,329  INFO [LocalJobRunner Map Task Executor #0] exec.MapOperator: RECORDS_OUT_INTERMEDIATE:0, DESERIALIZE_ERRORS:0, RECORDS_OUT_OPERATOR_MAP_0:0, RECORDS_IN:1, 
2024-04-23T21:14:52,329  INFO [LocalJobRunner Map Task Executor #0] exec.TableScanOperator: Closing Operator: TS[0]
2024-04-23T21:14:52,329  INFO [LocalJobRunner Map Task Executor #0] exec.TableScanOperator: RECORDS_OUT_OPERATOR_TS_0:1, RECORDS_OUT_INTERMEDIATE:0, 
2024-04-23T21:14:52,329  INFO [LocalJobRunner Map Task Executor #0] exec.SelectOperator: Closing Operator: SEL[1]
2024-04-23T21:14:52,329  INFO [LocalJobRunner Map Task Executor #0] exec.SelectOperator: RECORDS_OUT_INTERMEDIATE:0, RECORDS_OUT_OPERATOR_SEL_1:1, 
2024-04-23T21:14:52,329  INFO [LocalJobRunner Map Task Executor #0] exec.ReduceSinkOperator: Closing Operator: RS[3]
2024-04-23T21:14:52,329  INFO [LocalJobRunner Map Task Executor #0] exec.ReduceSinkOperator: RS[3]: Total records written - 1. abort - false
2024-04-23T21:14:52,329  INFO [LocalJobRunner Map Task Executor #0] exec.ReduceSinkOperator: RECORDS_OUT_OPERATOR_RS_3:1, RECORDS_OUT_INTERMEDIATE:1, 
2024-04-23T21:14:52,330  INFO [LocalJobRunner Map Task Executor #0] mapred.LocalJobRunner: 
2024-04-23T21:14:52,330  INFO [LocalJobRunner Map Task Executor #0] mapred.MapTask: Starting flush of map output
2024-04-23T21:14:52,330  INFO [LocalJobRunner Map Task Executor #0] mapred.MapTask: Spilling map output
2024-04-23T21:14:52,330  INFO [LocalJobRunner Map Task Executor #0] mapred.MapTask: bufstart = 0; bufend = 17; bufvoid = 104857600
2024-04-23T21:14:52,330  INFO [LocalJobRunner Map Task Executor #0] mapred.MapTask: kvstart = 26214396(104857584); kvend = 26214396(104857584); length = 1/6553600
2024-04-23T21:14:52,341  INFO [LocalJobRunner Map Task Executor #0] mapred.MapTask: Finished spill 0
2024-04-23T21:14:52,344  INFO [LocalJobRunner Map Task Executor #0] mapred.Task: Task:attempt_local843691766_0012_m_000007_0 is done. And is in the process of committing
2024-04-23T21:14:52,345  INFO [LocalJobRunner Map Task Executor #0] mapred.LocalJobRunner: map
2024-04-23T21:14:52,345  INFO [LocalJobRunner Map Task Executor #0] mapred.Task: Task 'attempt_local843691766_0012_m_000007_0' done.
2024-04-23T21:14:52,345  INFO [LocalJobRunner Map Task Executor #0] mapred.Task: Final Counters for attempt_local843691766_0012_m_000007_0: Counters: 24
	File System Counters
		FILE: Number of bytes read=252379
		FILE: Number of bytes written=14154738
		FILE: Number of read operations=0
		FILE: Number of large read operations=0
		FILE: Number of write operations=0
	Map-Reduce Framework
		Map input records=1
		Map output records=1
		Map output bytes=17
		Map output materialized bytes=25
		Input split bytes=473
		Combine input records=0
		Spilled Records=1
		Failed Shuffles=0
		Merged Map outputs=0
		GC time elapsed (ms)=0
		Total committed heap usage (bytes)=1102577664
	HIVE
		DESERIALIZE_ERRORS=0
		RECORDS_IN=1
		RECORDS_OUT_INTERMEDIATE=1
		RECORDS_OUT_OPERATOR_MAP_0=0
		RECORDS_OUT_OPERATOR_RS_3=1
		RECORDS_OUT_OPERATOR_SEL_1=1
		RECORDS_OUT_OPERATOR_TS_0=1
	File Input Format Counters 
		Bytes Read=7865
2024-04-23T21:14:52,345  INFO [LocalJobRunner Map Task Executor #0] mapred.LocalJobRunner: Finishing task: attempt_local843691766_0012_m_000007_0
2024-04-23T21:14:52,346  INFO [Thread-744] mapred.LocalJobRunner: map task executor complete.
2024-04-23T21:14:52,346  INFO [Thread-744] mapred.LocalJobRunner: Waiting for reduce tasks
2024-04-23T21:14:52,347  INFO [pool-70-thread-1] mapred.LocalJobRunner: Starting task: attempt_local843691766_0012_r_000000_0
2024-04-23T21:14:52,347  INFO [pool-70-thread-1] mapred.Task:  Using ResourceCalculatorProcessTree : [ ]
2024-04-23T21:14:52,347  INFO [pool-70-thread-1] mapred.ReduceTask: Using ShuffleConsumerPlugin: org.apache.hadoop.mapreduce.task.reduce.Shuffle@68ef0bd2
2024-04-23T21:14:52,347  WARN [pool-70-thread-1] impl.MetricsSystemImpl: JobTracker metrics system already initialized!
2024-04-23T21:14:52,348  INFO [pool-70-thread-1] reduce.MergeManagerImpl: MergerManager: memoryLimit=1336252800, maxSingleShuffleLimit=334063200, mergeThreshold=881926912, ioSortFactor=10, memToMemMergeOutputsThreshold=10
2024-04-23T21:14:52,348  INFO [EventFetcher for fetching Map Completion Events] reduce.EventFetcher: attempt_local843691766_0012_r_000000_0 Thread started: EventFetcher for fetching Map Completion Events
2024-04-23T21:14:52,351  INFO [localfetcher#9] reduce.LocalFetcher: localfetcher#9 about to shuffle output of map attempt_local843691766_0012_m_000003_0 decomp: 21 len: 25 to MEMORY
2024-04-23T21:14:52,352  INFO [localfetcher#9] reduce.InMemoryMapOutput: Read 21 bytes from map-output for attempt_local843691766_0012_m_000003_0
2024-04-23T21:14:52,352  INFO [localfetcher#9] reduce.MergeManagerImpl: closeInMemoryFile -> map-output of size: 21, inMemoryMapOutputs.size() -> 1, commitMemory -> 0, usedMemory ->21
2024-04-23T21:14:52,354  INFO [localfetcher#9] reduce.LocalFetcher: localfetcher#9 about to shuffle output of map attempt_local843691766_0012_m_000001_0 decomp: 21 len: 25 to MEMORY
2024-04-23T21:14:52,355  INFO [localfetcher#9] reduce.InMemoryMapOutput: Read 21 bytes from map-output for attempt_local843691766_0012_m_000001_0
2024-04-23T21:14:52,355  INFO [localfetcher#9] reduce.MergeManagerImpl: closeInMemoryFile -> map-output of size: 21, inMemoryMapOutputs.size() -> 2, commitMemory -> 21, usedMemory ->42
2024-04-23T21:14:52,357  INFO [localfetcher#9] reduce.LocalFetcher: localfetcher#9 about to shuffle output of map attempt_local843691766_0012_m_000002_0 decomp: 21 len: 25 to MEMORY
2024-04-23T21:14:52,357  INFO [localfetcher#9] reduce.InMemoryMapOutput: Read 21 bytes from map-output for attempt_local843691766_0012_m_000002_0
2024-04-23T21:14:52,357  INFO [localfetcher#9] reduce.MergeManagerImpl: closeInMemoryFile -> map-output of size: 21, inMemoryMapOutputs.size() -> 3, commitMemory -> 42, usedMemory ->63
2024-04-23T21:14:52,364  INFO [localfetcher#9] reduce.LocalFetcher: localfetcher#9 about to shuffle output of map attempt_local843691766_0012_m_000000_0 decomp: 21 len: 25 to MEMORY
2024-04-23T21:14:52,365  INFO [localfetcher#9] reduce.InMemoryMapOutput: Read 21 bytes from map-output for attempt_local843691766_0012_m_000000_0
2024-04-23T21:14:52,365  INFO [localfetcher#9] reduce.MergeManagerImpl: closeInMemoryFile -> map-output of size: 21, inMemoryMapOutputs.size() -> 4, commitMemory -> 63, usedMemory ->84
2024-04-23T21:14:52,367  INFO [localfetcher#9] reduce.LocalFetcher: localfetcher#9 about to shuffle output of map attempt_local843691766_0012_m_000007_0 decomp: 21 len: 25 to MEMORY
2024-04-23T21:14:52,367  INFO [localfetcher#9] reduce.InMemoryMapOutput: Read 21 bytes from map-output for attempt_local843691766_0012_m_000007_0
2024-04-23T21:14:52,368  INFO [localfetcher#9] reduce.MergeManagerImpl: closeInMemoryFile -> map-output of size: 21, inMemoryMapOutputs.size() -> 5, commitMemory -> 84, usedMemory ->105
2024-04-23T21:14:52,370  INFO [localfetcher#9] reduce.LocalFetcher: localfetcher#9 about to shuffle output of map attempt_local843691766_0012_m_000006_0 decomp: 21 len: 25 to MEMORY
2024-04-23T21:14:52,370  INFO [localfetcher#9] reduce.InMemoryMapOutput: Read 21 bytes from map-output for attempt_local843691766_0012_m_000006_0
2024-04-23T21:14:52,370  INFO [localfetcher#9] reduce.MergeManagerImpl: closeInMemoryFile -> map-output of size: 21, inMemoryMapOutputs.size() -> 6, commitMemory -> 105, usedMemory ->126
2024-04-23T21:14:52,373  INFO [localfetcher#9] reduce.LocalFetcher: localfetcher#9 about to shuffle output of map attempt_local843691766_0012_m_000004_0 decomp: 21 len: 25 to MEMORY
2024-04-23T21:14:52,373  INFO [localfetcher#9] reduce.InMemoryMapOutput: Read 21 bytes from map-output for attempt_local843691766_0012_m_000004_0
2024-04-23T21:14:52,373  INFO [localfetcher#9] reduce.MergeManagerImpl: closeInMemoryFile -> map-output of size: 21, inMemoryMapOutputs.size() -> 7, commitMemory -> 126, usedMemory ->147
2024-04-23T21:14:52,375  INFO [localfetcher#9] reduce.LocalFetcher: localfetcher#9 about to shuffle output of map attempt_local843691766_0012_m_000005_0 decomp: 21 len: 25 to MEMORY
2024-04-23T21:14:52,376  INFO [localfetcher#9] reduce.InMemoryMapOutput: Read 21 bytes from map-output for attempt_local843691766_0012_m_000005_0
2024-04-23T21:14:52,376  INFO [localfetcher#9] reduce.MergeManagerImpl: closeInMemoryFile -> map-output of size: 21, inMemoryMapOutputs.size() -> 8, commitMemory -> 147, usedMemory ->168
2024-04-23T21:14:52,376  INFO [EventFetcher for fetching Map Completion Events] reduce.EventFetcher: EventFetcher is interrupted.. Returning
2024-04-23T21:14:52,376  INFO [pool-70-thread-1] mapred.LocalJobRunner: 8 / 8 copied.
2024-04-23T21:14:52,377  INFO [pool-70-thread-1] reduce.MergeManagerImpl: finalMerge called with 8 in-memory map-outputs and 0 on-disk map-outputs
2024-04-23T21:14:52,383  INFO [pool-70-thread-1] mapred.Merger: Merging 8 sorted segments
2024-04-23T21:14:52,383  INFO [pool-70-thread-1] mapred.Merger: Down to the last merge-pass, with 8 segments left of total size: 72 bytes
2024-04-23T21:14:52,386  INFO [pool-70-thread-1] reduce.MergeManagerImpl: Merged 8 segments, 168 bytes to disk to satisfy reduce memory limit
2024-04-23T21:14:52,386  INFO [pool-70-thread-1] reduce.MergeManagerImpl: Merging 1 files, 158 bytes from disk
2024-04-23T21:14:52,386  INFO [pool-70-thread-1] reduce.MergeManagerImpl: Merging 0 segments, 0 bytes from memory into reduce
2024-04-23T21:14:52,386  INFO [pool-70-thread-1] mapred.Merger: Merging 1 sorted segments
2024-04-23T21:14:52,387  INFO [pool-70-thread-1] mapred.Merger: Down to the last merge-pass, with 1 segments left of total size: 142 bytes
2024-04-23T21:14:52,387  INFO [pool-70-thread-1] mapred.LocalJobRunner: 8 / 8 copied.
2024-04-23T21:14:52,387  INFO [pool-70-thread-1] exec.SerializationUtilities: Deserializing ReduceWork using kryo
2024-04-23T21:14:52,388  INFO [pool-70-thread-1] exec.Utilities: Deserialized plan (via FILE) - name: null size: 5,32KB
2024-04-23T21:14:52,390  INFO [pool-70-thread-1] ExecReducer: 
<SEL>Id =4
  <Children>
    <FS>Id =2
      <Children>
      <\Children>
      <Parent>Id = 4 null<\Parent>
    <\FS>
  <\Children>
  <Parent><\Parent>
<\SEL>
2024-04-23T21:14:52,390  INFO [pool-70-thread-1] exec.SelectOperator: Initializing Operator: SEL[4]
2024-04-23T21:14:52,390  INFO [pool-70-thread-1] exec.SelectOperator: SELECT struct<key:struct<_col2:int>,value:struct<_col0:int,_col1:int>>
2024-04-23T21:14:52,390  INFO [pool-70-thread-1] exec.FileSinkOperator: Initializing Operator: FS[2]
2024-04-23T21:14:52,391  INFO [pool-70-thread-1] exec.FileSinkOperator: Using serializer : AbstractSerDe [log=org.apache.logging.slf4j.Log4jLogger@261f1262, configuration=Optional[Configuration: core-default.xml, core-site.xml, mapred-default.xml, mapred-site.xml, yarn-default.xml, yarn-site.xml, hdfs-default.xml, hdfs-site.xml, file:/home/alex/Repositories/hive/ql/target/tmp/TestTxnNoBuckets/mapred/local/localRunner/alex/job_local843691766_0012/job_local843691766_0012.xml], properties={transactional_properties=default, name=default.nobuckets, transactional=true, columns.types=int:int, columns=c1,c2, columns.comments=&amp#0;, partition_columns.types=int, partition_columns=c3, bucketing_version=2, serialization.lib=org.apache.hadoop.hive.ql.io.orc.OrcSerde, file.inputformat=org.apache.hadoop.hive.ql.io.orc.OrcInputFormat, file.outputformat=org.apache.hadoop.hive.ql.io.orc.OrcOutputFormat, location=file:/home/alex/Repositories/hive/ql/target/tmp/org.apache.hadoop.hive.ql.TestTxnNoBuckets-1713932056679/warehouse/nobuckets, column.name.delimiter=,}, tableProperties={transactional_properties=default, name=default.nobuckets, transactional=true, columns.types=int:int, columns=c1,c2, columns.comments=&amp#0;, partition_columns.types=int, partition_columns=c3, bucketing_version=2, serialization.lib=org.apache.hadoop.hive.ql.io.orc.OrcSerde, file.inputformat=org.apache.hadoop.hive.ql.io.orc.OrcInputFormat, location=file:/home/alex/Repositories/hive/ql/target/tmp/org.apache.hadoop.hive.ql.TestTxnNoBuckets-1713932056679/warehouse/nobuckets, file.outputformat=org.apache.hadoop.hive.ql.io.orc.OrcOutputFormat, column.name.delimiter=,}, partitionProperties=Optional.empty, columnNames=[c1, c2], columnTypes=[int, int], getClass()=class org.apache.hadoop.hive.ql.io.orc.OrcSerde] and formatter : org.apache.hadoop.hive.ql.io.orc.OrcOutputFormat@54b73d50
2024-04-23T21:14:52,391  INFO [pool-70-thread-1] exec.FileSinkOperator: Final Path: FS file:/home/alex/Repositories/hive/ql/target/tmp/org.apache.hadoop.hive.ql.TestTxnNoBuckets-1713932056679/warehouse/nobuckets/c3=0
2024-04-23T21:14:52,391  INFO [pool-70-thread-1] exec.FileSinkOperator: New Final Path: FS file:/home/alex/Repositories/hive/ql/target/tmp/org.apache.hadoop.hive.ql.TestTxnNoBuckets-1713932056679/warehouse/nobuckets/c3=0
2024-04-23T21:14:52,393  INFO [pool-70-thread-1] common.FileUtils: Creating directory if it doesn't exist: file:/home/alex/Repositories/hive/ql/target/tmp/org.apache.hadoop.hive.ql.TestTxnNoBuckets-1713932056679/warehouse/nobuckets
2024-04-23T21:14:52,394  INFO [pool-70-thread-1] exec.FileSinkOperator: FS[2]: records written - 1
2024-04-23T21:14:52,394  INFO [pool-70-thread-1] impl.PhysicalFsWriter: ORC writer created for path: file:/home/alex/Repositories/hive/ql/target/tmp/org.apache.hadoop.hive.ql.TestTxnNoBuckets-1713932056679/warehouse/nobuckets/c3=0/delta_0000001_0000001_0000/bucket_00000_0 with stripeSize: 8388608 blockSize: 268435456 compression: Compress: ZLIB buffer: 32768
2024-04-23T21:14:52,401  INFO [pool-70-thread-1] impl.WriterImpl: ORC writer created for path: file:/home/alex/Repositories/hive/ql/target/tmp/org.apache.hadoop.hive.ql.TestTxnNoBuckets-1713932056679/warehouse/nobuckets/c3=0/delta_0000001_0000001_0000/bucket_00000_0 with stripeSize: 8388608 options: Compress: ZLIB buffer: 32768
2024-04-23T21:14:52,408  INFO [pool-70-thread-1] exec.FileSinkOperator: Final Path: FS file:/home/alex/Repositories/hive/ql/target/tmp/org.apache.hadoop.hive.ql.TestTxnNoBuckets-1713932056679/warehouse/nobuckets/c3=1
2024-04-23T21:14:52,408  INFO [pool-70-thread-1] exec.FileSinkOperator: New Final Path: FS file:/home/alex/Repositories/hive/ql/target/tmp/org.apache.hadoop.hive.ql.TestTxnNoBuckets-1713932056679/warehouse/nobuckets/c3=1
2024-04-23T21:14:52,410  INFO [pool-70-thread-1] common.FileUtils: Creating directory if it doesn't exist: file:/home/alex/Repositories/hive/ql/target/tmp/org.apache.hadoop.hive.ql.TestTxnNoBuckets-1713932056679/warehouse/nobuckets
2024-04-23T21:14:52,411  INFO [pool-70-thread-1] impl.PhysicalFsWriter: ORC writer created for path: file:/home/alex/Repositories/hive/ql/target/tmp/org.apache.hadoop.hive.ql.TestTxnNoBuckets-1713932056679/warehouse/nobuckets/c3=1/delta_0000001_0000001_0000/bucket_00000_0 with stripeSize: 8388608 blockSize: 268435456 compression: Compress: ZLIB buffer: 32768
2024-04-23T21:14:52,418  INFO [pool-70-thread-1] impl.WriterImpl: ORC writer created for path: file:/home/alex/Repositories/hive/ql/target/tmp/org.apache.hadoop.hive.ql.TestTxnNoBuckets-1713932056679/warehouse/nobuckets/c3=1/delta_0000001_0000001_0000/bucket_00000_0 with stripeSize: 8388608 options: Compress: ZLIB buffer: 32768
2024-04-23T21:14:52,425  INFO [pool-70-thread-1] exec.FileSinkOperator: Final Path: FS file:/home/alex/Repositories/hive/ql/target/tmp/org.apache.hadoop.hive.ql.TestTxnNoBuckets-1713932056679/warehouse/nobuckets/c3=2
2024-04-23T21:14:52,426  INFO [pool-70-thread-1] exec.FileSinkOperator: New Final Path: FS file:/home/alex/Repositories/hive/ql/target/tmp/org.apache.hadoop.hive.ql.TestTxnNoBuckets-1713932056679/warehouse/nobuckets/c3=2
2024-04-23T21:14:52,429  INFO [pool-70-thread-1] common.FileUtils: Creating directory if it doesn't exist: file:/home/alex/Repositories/hive/ql/target/tmp/org.apache.hadoop.hive.ql.TestTxnNoBuckets-1713932056679/warehouse/nobuckets
2024-04-23T21:14:52,429  INFO [pool-70-thread-1] impl.PhysicalFsWriter: ORC writer created for path: file:/home/alex/Repositories/hive/ql/target/tmp/org.apache.hadoop.hive.ql.TestTxnNoBuckets-1713932056679/warehouse/nobuckets/c3=2/delta_0000001_0000001_0000/bucket_00000_0 with stripeSize: 8388608 blockSize: 268435456 compression: Compress: ZLIB buffer: 32768
2024-04-23T21:14:52,437  INFO [pool-70-thread-1] impl.WriterImpl: ORC writer created for path: file:/home/alex/Repositories/hive/ql/target/tmp/org.apache.hadoop.hive.ql.TestTxnNoBuckets-1713932056679/warehouse/nobuckets/c3=2/delta_0000001_0000001_0000/bucket_00000_0 with stripeSize: 8388608 options: Compress: ZLIB buffer: 32768
2024-04-23T21:14:52,445  INFO [pool-70-thread-1] exec.FileSinkOperator: Final Path: FS file:/home/alex/Repositories/hive/ql/target/tmp/org.apache.hadoop.hive.ql.TestTxnNoBuckets-1713932056679/warehouse/nobuckets/c3=3
2024-04-23T21:14:52,445  INFO [pool-70-thread-1] exec.FileSinkOperator: New Final Path: FS file:/home/alex/Repositories/hive/ql/target/tmp/org.apache.hadoop.hive.ql.TestTxnNoBuckets-1713932056679/warehouse/nobuckets/c3=3
2024-04-23T21:14:52,448  INFO [pool-70-thread-1] common.FileUtils: Creating directory if it doesn't exist: file:/home/alex/Repositories/hive/ql/target/tmp/org.apache.hadoop.hive.ql.TestTxnNoBuckets-1713932056679/warehouse/nobuckets
2024-04-23T21:14:52,449  INFO [pool-70-thread-1] impl.PhysicalFsWriter: ORC writer created for path: file:/home/alex/Repositories/hive/ql/target/tmp/org.apache.hadoop.hive.ql.TestTxnNoBuckets-1713932056679/warehouse/nobuckets/c3=3/delta_0000001_0000001_0000/bucket_00000_0 with stripeSize: 8388608 blockSize: 268435456 compression: Compress: ZLIB buffer: 32768
2024-04-23T21:14:52,456  INFO [pool-70-thread-1] impl.WriterImpl: ORC writer created for path: file:/home/alex/Repositories/hive/ql/target/tmp/org.apache.hadoop.hive.ql.TestTxnNoBuckets-1713932056679/warehouse/nobuckets/c3=3/delta_0000001_0000001_0000/bucket_00000_0 with stripeSize: 8388608 options: Compress: ZLIB buffer: 32768
2024-04-23T21:14:52,464  INFO [pool-70-thread-1] exec.FileSinkOperator: Final Path: FS file:/home/alex/Repositories/hive/ql/target/tmp/org.apache.hadoop.hive.ql.TestTxnNoBuckets-1713932056679/warehouse/nobuckets/c3=4
2024-04-23T21:14:52,464  INFO [pool-70-thread-1] exec.FileSinkOperator: New Final Path: FS file:/home/alex/Repositories/hive/ql/target/tmp/org.apache.hadoop.hive.ql.TestTxnNoBuckets-1713932056679/warehouse/nobuckets/c3=4
2024-04-23T21:14:52,466  INFO [pool-70-thread-1] common.FileUtils: Creating directory if it doesn't exist: file:/home/alex/Repositories/hive/ql/target/tmp/org.apache.hadoop.hive.ql.TestTxnNoBuckets-1713932056679/warehouse/nobuckets
2024-04-23T21:14:52,467  INFO [pool-70-thread-1] impl.PhysicalFsWriter: ORC writer created for path: file:/home/alex/Repositories/hive/ql/target/tmp/org.apache.hadoop.hive.ql.TestTxnNoBuckets-1713932056679/warehouse/nobuckets/c3=4/delta_0000001_0000001_0000/bucket_00000_0 with stripeSize: 8388608 blockSize: 268435456 compression: Compress: ZLIB buffer: 32768
2024-04-23T21:14:52,475  INFO [pool-70-thread-1] impl.WriterImpl: ORC writer created for path: file:/home/alex/Repositories/hive/ql/target/tmp/org.apache.hadoop.hive.ql.TestTxnNoBuckets-1713932056679/warehouse/nobuckets/c3=4/delta_0000001_0000001_0000/bucket_00000_0 with stripeSize: 8388608 options: Compress: ZLIB buffer: 32768
2024-04-23T21:14:52,483  INFO [pool-70-thread-1] exec.FileSinkOperator: Final Path: FS file:/home/alex/Repositories/hive/ql/target/tmp/org.apache.hadoop.hive.ql.TestTxnNoBuckets-1713932056679/warehouse/nobuckets/c3=5
2024-04-23T21:14:52,483  INFO [pool-70-thread-1] exec.FileSinkOperator: New Final Path: FS file:/home/alex/Repositories/hive/ql/target/tmp/org.apache.hadoop.hive.ql.TestTxnNoBuckets-1713932056679/warehouse/nobuckets/c3=5
2024-04-23T21:14:52,486  INFO [pool-70-thread-1] common.FileUtils: Creating directory if it doesn't exist: file:/home/alex/Repositories/hive/ql/target/tmp/org.apache.hadoop.hive.ql.TestTxnNoBuckets-1713932056679/warehouse/nobuckets
2024-04-23T21:14:52,487  INFO [pool-70-thread-1] impl.PhysicalFsWriter: ORC writer created for path: file:/home/alex/Repositories/hive/ql/target/tmp/org.apache.hadoop.hive.ql.TestTxnNoBuckets-1713932056679/warehouse/nobuckets/c3=5/delta_0000001_0000001_0000/bucket_00000_0 with stripeSize: 8388608 blockSize: 268435456 compression: Compress: ZLIB buffer: 32768
2024-04-23T21:14:52,495  INFO [pool-70-thread-1] impl.WriterImpl: ORC writer created for path: file:/home/alex/Repositories/hive/ql/target/tmp/org.apache.hadoop.hive.ql.TestTxnNoBuckets-1713932056679/warehouse/nobuckets/c3=5/delta_0000001_0000001_0000/bucket_00000_0 with stripeSize: 8388608 options: Compress: ZLIB buffer: 32768
2024-04-23T21:14:52,503  INFO [pool-70-thread-1] exec.FileSinkOperator: Final Path: FS file:/home/alex/Repositories/hive/ql/target/tmp/org.apache.hadoop.hive.ql.TestTxnNoBuckets-1713932056679/warehouse/nobuckets/c3=6
2024-04-23T21:14:52,503  INFO [pool-70-thread-1] exec.FileSinkOperator: New Final Path: FS file:/home/alex/Repositories/hive/ql/target/tmp/org.apache.hadoop.hive.ql.TestTxnNoBuckets-1713932056679/warehouse/nobuckets/c3=6
2024-04-23T21:14:52,505  INFO [pool-70-thread-1] common.FileUtils: Creating directory if it doesn't exist: file:/home/alex/Repositories/hive/ql/target/tmp/org.apache.hadoop.hive.ql.TestTxnNoBuckets-1713932056679/warehouse/nobuckets
2024-04-23T21:14:52,506  INFO [pool-70-thread-1] impl.PhysicalFsWriter: ORC writer created for path: file:/home/alex/Repositories/hive/ql/target/tmp/org.apache.hadoop.hive.ql.TestTxnNoBuckets-1713932056679/warehouse/nobuckets/c3=6/delta_0000001_0000001_0000/bucket_00000_0 with stripeSize: 8388608 blockSize: 268435456 compression: Compress: ZLIB buffer: 32768
2024-04-23T21:14:52,513  INFO [pool-70-thread-1] impl.WriterImpl: ORC writer created for path: file:/home/alex/Repositories/hive/ql/target/tmp/org.apache.hadoop.hive.ql.TestTxnNoBuckets-1713932056679/warehouse/nobuckets/c3=6/delta_0000001_0000001_0000/bucket_00000_0 with stripeSize: 8388608 options: Compress: ZLIB buffer: 32768
2024-04-23T21:14:52,518  INFO [pool-70-thread-1] exec.SelectOperator: Closing Operator: SEL[4]
2024-04-23T21:14:52,519  INFO [pool-70-thread-1] exec.SelectOperator: RECORDS_OUT_OPERATOR_SEL_4:8, RECORDS_OUT_INTERMEDIATE:0, 
2024-04-23T21:14:52,519  INFO [pool-70-thread-1] exec.FileSinkOperator: Closing Operator: FS[2]
2024-04-23T21:14:52,519  INFO [pool-70-thread-1] exec.FileSinkOperator: FS[2]: records written - 8
2024-04-23T21:14:52,522  INFO [pool-70-thread-1] FileOperations: Writing manifest to file:/home/alex/Repositories/hive/ql/target/tmp/org.apache.hadoop.hive.ql.TestTxnNoBuckets-1713932056679/warehouse/nobuckets/_tmp.delta_0000001_0000001_0000/000000_0.manifest with [file:/home/alex/Repositories/hive/ql/target/tmp/org.apache.hadoop.hive.ql.TestTxnNoBuckets-1713932056679/warehouse/nobuckets/c3=1/delta_0000001_0000001_0000/bucket_00000_0, file:/home/alex/Repositories/hive/ql/target/tmp/org.apache.hadoop.hive.ql.TestTxnNoBuckets-1713932056679/warehouse/nobuckets/c3=5/delta_0000001_0000001_0000/bucket_00000_0, file:/home/alex/Repositories/hive/ql/target/tmp/org.apache.hadoop.hive.ql.TestTxnNoBuckets-1713932056679/warehouse/nobuckets/c3=3/delta_0000001_0000001_0000/bucket_00000_0, file:/home/alex/Repositories/hive/ql/target/tmp/org.apache.hadoop.hive.ql.TestTxnNoBuckets-1713932056679/warehouse/nobuckets/c3=2/delta_0000001_0000001_0000/bucket_00000_0, file:/home/alex/Repositories/hive/ql/target/tmp/org.apache.hadoop.hive.ql.TestTxnNoBuckets-1713932056679/warehouse/nobuckets/c3=6/delta_0000001_0000001_0000/bucket_00000_0, file:/home/alex/Repositories/hive/ql/target/tmp/org.apache.hadoop.hive.ql.TestTxnNoBuckets-1713932056679/warehouse/nobuckets/c3=4/delta_0000001_0000001_0000/bucket_00000_0, file:/home/alex/Repositories/hive/ql/target/tmp/org.apache.hadoop.hive.ql.TestTxnNoBuckets-1713932056679/warehouse/nobuckets/c3=0/delta_0000001_0000001_0000/bucket_00000_0]
2024-04-23T21:14:52,536  INFO [pool-70-thread-1] exec.FileSinkOperator: RECORDS_OUT_INTERMEDIATE:0, TOTAL_TABLE_ROWS_WRITTEN:8, RECORDS_OUT_OPERATOR_FS_2:8, RECORDS_OUT_1_default.nobuckets:8, 
2024-04-23T21:14:52,536  INFO [pool-70-thread-1] mapred.Task: Task:attempt_local843691766_0012_r_000000_0 is done. And is in the process of committing
2024-04-23T21:14:52,537  INFO [pool-70-thread-1] mapred.LocalJobRunner: reduce > reduce
2024-04-23T21:14:52,537  INFO [pool-70-thread-1] mapred.Task: Task 'attempt_local843691766_0012_r_000000_0' done.
2024-04-23T21:14:52,537  INFO [pool-70-thread-1] mapred.Task: Final Counters for attempt_local843691766_0012_r_000000_0: Counters: 31
	File System Counters
		FILE: Number of bytes read=258371
		FILE: Number of bytes written=14161515
		FILE: Number of read operations=0
		FILE: Number of large read operations=0
		FILE: Number of write operations=0
	Map-Reduce Framework
		Combine input records=0
		Combine output records=0
		Reduce input groups=7
		Reduce shuffle bytes=200
		Reduce input records=8
		Reduce output records=0
		Spilled Records=8
		Shuffled Maps =8
		Failed Shuffles=0
		Merged Map outputs=8
		GC time elapsed (ms)=0
		Total committed heap usage (bytes)=1102577664
	HIVE
		CREATED_DYNAMIC_PARTITIONS=7
		CREATED_FILES=7
		RECORDS_OUT_1_default.nobuckets=8
		RECORDS_OUT_INTERMEDIATE=0
		RECORDS_OUT_OPERATOR_FS_2=8
		RECORDS_OUT_OPERATOR_SEL_4=8
		TOTAL_TABLE_ROWS_WRITTEN=8
	Shuffle Errors
		BAD_ID=0
		CONNECTION=0
		IO_ERROR=0
		WRONG_LENGTH=0
		WRONG_MAP=0
		WRONG_REDUCE=0
	File Output Format Counters 
		Bytes Written=0
2024-04-23T21:14:52,537  INFO [pool-70-thread-1] mapred.LocalJobRunner: Finishing task: attempt_local843691766_0012_r_000000_0
2024-04-23T21:14:52,537  INFO [Thread-744] mapred.LocalJobRunner: reduce task executor complete.
2024-04-23 21:14:53,080 Stage-1 map = 100%,  reduce = 100%
2024-04-23T21:14:53,080  INFO [main] exec.Task: 2024-04-23 21:14:53,080 Stage-1 map = 100%,  reduce = 100%
Ended Job = job_local843691766_0012
2024-04-23T21:14:53,081  INFO [main] exec.Task: Ended Job = job_local843691766_0012
2024-04-23T21:14:53,082  INFO [main] FileOperations: Found manifest file file:/home/alex/Repositories/hive/ql/target/tmp/org.apache.hadoop.hive.ql.TestTxnNoBuckets-1713932056679/warehouse/nobuckets/_tmp.delta_0000001_0000001_0000/000000_0.manifest with attemptId 0.
2024-04-23T21:14:53,082  INFO [main] FileOperations: Looking at manifest file: file:/home/alex/Repositories/hive/ql/target/tmp/org.apache.hadoop.hive.ql.TestTxnNoBuckets-1713932056679/warehouse/nobuckets/_tmp.delta_0000001_0000001_0000/000000_0.manifest
2024-04-23T21:14:53,083  INFO [main] FileOperations: Deleting manifest directory file:/home/alex/Repositories/hive/ql/target/tmp/org.apache.hadoop.hive.ql.TestTxnNoBuckets-1713932056679/warehouse/nobuckets/_tmp.delta_0000001_0000001_0000
2024-04-23T21:14:53,085  INFO [main] ql.Driver: Starting task [Stage-0:MOVE] in serial mode
Loading data to table default.nobuckets partition (c3=null)
2024-04-23T21:14:53,085  INFO [main] exec.Task: Loading data to table default.nobuckets partition (c3=null) from file:/home/alex/Repositories/hive/ql/target/tmp/org.apache.hadoop.hive.ql.TestTxnNoBuckets-1713932056679/warehouse/nobuckets
2024-04-23T21:14:53,085  INFO [main] HiveMetaStore.audit: ugi=alex	ip=unknown-ip-addr	cmd=get_table : tbl=hive.default.nobuckets	
2024-04-23T21:14:53,093  INFO [main] metastore.HMSHandler: Skipping translation for processor with null
2024-04-23T21:14:53,093  INFO [main] exec.MoveTask: Partition is: {c3=null}


2024-04-23T21:14:53,094  INFO [main] exec.Task: 

2024-04-23T21:14:53,094  INFO [main] HiveMetaStore.audit: ugi=alex	ip=unknown-ip-addr	cmd=get_table : tbl=hive.default.nobuckets	
2024-04-23T21:14:53,104  INFO [main] metastore.HMSHandler: Skipping translation for processor with null
2024-04-23T21:14:53,104  INFO [main] HiveMetaStore.audit: ugi=alex	ip=unknown-ip-addr	cmd=get_table : tbl=hive.default.nobuckets	
2024-04-23T21:14:53,113  INFO [main] metastore.HMSHandler: Skipping translation for processor with null
2024-04-23T21:14:53,113  INFO [main] HiveMetaStore.audit: ugi=alex	ip=unknown-ip-addr	cmd=get_partitions_names_ps : tbl=hive.default.nobuckets[]	
2024-04-23T21:14:53,127  INFO [load-dynamic-partitionsToAdd-0] metadata.Hive: New loading path = file:/home/alex/Repositories/hive/ql/target/tmp/org.apache.hadoop.hive.ql.TestTxnNoBuckets-1713932056679/warehouse/nobuckets/c3=3 withPartSpec {c3=3}
2024-04-23T21:14:53,127  INFO [load-dynamic-partitionsToAdd-1] metadata.Hive: New loading path = file:/home/alex/Repositories/hive/ql/target/tmp/org.apache.hadoop.hive.ql.TestTxnNoBuckets-1713932056679/warehouse/nobuckets/c3=6 withPartSpec {c3=6}
2024-04-23T21:14:53,127  INFO [load-dynamic-partitionsToAdd-2] metadata.Hive: New loading path = file:/home/alex/Repositories/hive/ql/target/tmp/org.apache.hadoop.hive.ql.TestTxnNoBuckets-1713932056679/warehouse/nobuckets/c3=5 withPartSpec {c3=5}
2024-04-23T21:14:53,127  INFO [load-dynamic-partitionsToAdd-3] metadata.Hive: New loading path = file:/home/alex/Repositories/hive/ql/target/tmp/org.apache.hadoop.hive.ql.TestTxnNoBuckets-1713932056679/warehouse/nobuckets/c3=1 withPartSpec {c3=1}
2024-04-23T21:14:53,127  INFO [load-dynamic-partitionsToAdd-4] metadata.Hive: New loading path = file:/home/alex/Repositories/hive/ql/target/tmp/org.apache.hadoop.hive.ql.TestTxnNoBuckets-1713932056679/warehouse/nobuckets/c3=2 withPartSpec {c3=2}
2024-04-23T21:14:53,127  INFO [load-dynamic-partitionsToAdd-5] metadata.Hive: New loading path = file:/home/alex/Repositories/hive/ql/target/tmp/org.apache.hadoop.hive.ql.TestTxnNoBuckets-1713932056679/warehouse/nobuckets/c3=4 withPartSpec {c3=4}
2024-04-23T21:14:53,127  INFO [load-dynamic-partitionsToAdd-6] metadata.Hive: New loading path = file:/home/alex/Repositories/hive/ql/target/tmp/org.apache.hadoop.hive.ql.TestTxnNoBuckets-1713932056679/warehouse/nobuckets/c3=0 withPartSpec {c3=0}
2024-04-23T21:14:53,128  INFO [main] metadata.Hive: Number of partitionsToAdd to be added is 7
2024-04-23T21:14:53,128  INFO [main] HiveMetaStore.audit: ugi=alex	ip=unknown-ip-addr	cmd=add_partitions	
2024-04-23T21:14:53,214  INFO [main] metadata.Hive: Loaded 7partitionsToAdd
	 Time taken to load dynamic partitions: 0.121 seconds
2024-04-23T21:14:53,215  INFO [main] exec.Task: 	 Time taken to load dynamic partitions: 0.121 seconds
2024-04-23T21:14:53,215  INFO [main] exec.MoveTask: 	 Time taken to load dynamic partitions: 0.121 seconds
2024-04-23T21:14:53,215  INFO [main] exec.MoveTask: Loading partition {c3=3}
2024-04-23T21:14:53,215  INFO [main] exec.MoveTask: Loading partition {c3=6}
2024-04-23T21:14:53,215  INFO [main] exec.MoveTask: Loading partition {c3=5}
2024-04-23T21:14:53,215  INFO [main] exec.MoveTask: Loading partition {c3=1}
2024-04-23T21:14:53,215  INFO [main] exec.MoveTask: Loading partition {c3=2}
2024-04-23T21:14:53,215  INFO [main] exec.MoveTask: Loading partition {c3=4}
2024-04-23T21:14:53,215  INFO [main] exec.MoveTask: Loading partition {c3=0}
	 Time taken for adding to write entity : 0.0 seconds
2024-04-23T21:14:53,215  INFO [main] exec.Task: 	 Time taken for adding to write entity : 0.0 seconds
2024-04-23T21:14:53,215  INFO [main] ql.Driver: Starting task [Stage-2:STATS] in serial mode
2024-04-23T21:14:53,215  INFO [main] HiveMetaStore.audit: ugi=alex	ip=unknown-ip-addr	cmd=get_table : tbl=hive.default.nobuckets	
2024-04-23T21:14:53,223  INFO [main] metastore.HMSHandler: Skipping translation for processor with null
2024-04-23T21:14:53,223  INFO [main] stats.BasicStatsTask: Executing stats task
2024-04-23T21:14:53,223  INFO [main] fs.FSStatsPublisher: created : file:/home/alex/Repositories/hive/ql/target/tmp/localscratchdir/c896a1fb-210a-4f53-aacd-b68a5f5adf47/hive_2024-04-23_21-14-51_518_7355198821604227532-1/-mr-10000
2024-04-23T21:14:53,224  INFO [main] HiveMetaStore.audit: ugi=alex	ip=unknown-ip-addr	cmd=get_table : tbl=hive.default.nobuckets	
2024-04-23T21:14:53,232  INFO [main] metastore.HMSHandler: Skipping translation for processor with null
2024-04-23T21:14:53,244  WARN [stats-updater-thread-0] FileOperations: Computing stats for an ACID table; stats may be inaccurate
2024-04-23T21:14:53,244  WARN [stats-updater-thread-1] FileOperations: Computing stats for an ACID table; stats may be inaccurate
2024-04-23T21:14:53,244  WARN [stats-updater-thread-4] FileOperations: Computing stats for an ACID table; stats may be inaccurate
2024-04-23T21:14:53,245  WARN [stats-updater-thread-3] FileOperations: Computing stats for an ACID table; stats may be inaccurate
2024-04-23T21:14:53,245  WARN [stats-updater-thread-6] FileOperations: Computing stats for an ACID table; stats may be inaccurate
2024-04-23T21:14:53,245  WARN [stats-updater-thread-2] FileOperations: Computing stats for an ACID table; stats may be inaccurate
2024-04-23T21:14:53,246  WARN [stats-updater-thread-5] FileOperations: Computing stats for an ACID table; stats may be inaccurate
2024-04-23T21:14:53,246  INFO [main] FileOperations: Read stats for default.nobuckets/c3=3/, numRows, true, 2, false: 
2024-04-23T21:14:53,246  INFO [main] FileOperations: Read stats for default.nobuckets/c3=3/, rawDataSize, true, 0, false: 
2024-04-23T21:14:53,246  INFO [main] stats.BasicStatsTask: Partition {c3=3} stats: [numFiles=1, numRows=2, totalSize=679, rawDataSize=0, numFilesErasureCoded=0]
2024-04-23T21:14:53,247  INFO [main] FileOperations: Read stats for default.nobuckets/c3=6/, numRows, true, 1, false: 
2024-04-23T21:14:53,247  INFO [main] FileOperations: Read stats for default.nobuckets/c3=6/, rawDataSize, true, 0, false: 
2024-04-23T21:14:53,247  INFO [main] stats.BasicStatsTask: Partition {c3=6} stats: [numFiles=1, numRows=1, totalSize=665, rawDataSize=0, numFilesErasureCoded=0]
2024-04-23T21:14:53,247  INFO [main] FileOperations: Read stats for default.nobuckets/c3=5/, numRows, true, 1, false: 
2024-04-23T21:14:53,247  INFO [main] FileOperations: Read stats for default.nobuckets/c3=5/, rawDataSize, true, 0, false: 
2024-04-23T21:14:53,247  INFO [main] stats.BasicStatsTask: Partition {c3=5} stats: [numFiles=1, numRows=1, totalSize=664, rawDataSize=0, numFilesErasureCoded=0]
2024-04-23T21:14:53,247  INFO [main] FileOperations: Read stats for default.nobuckets/c3=1/, numRows, true, 1, false: 
2024-04-23T21:14:53,247  INFO [main] FileOperations: Read stats for default.nobuckets/c3=1/, rawDataSize, true, 0, false: 
2024-04-23T21:14:53,247  INFO [main] stats.BasicStatsTask: Partition {c3=1} stats: [numFiles=1, numRows=1, totalSize=655, rawDataSize=0, numFilesErasureCoded=0]
2024-04-23T21:14:53,247  INFO [main] FileOperations: Read stats for default.nobuckets/c3=2/, numRows, true, 1, false: 
2024-04-23T21:14:53,247  INFO [main] FileOperations: Read stats for default.nobuckets/c3=2/, rawDataSize, true, 0, false: 
2024-04-23T21:14:53,247  INFO [main] stats.BasicStatsTask: Partition {c3=2} stats: [numFiles=1, numRows=1, totalSize=663, rawDataSize=0, numFilesErasureCoded=0]
2024-04-23T21:14:53,247  INFO [main] FileOperations: Read stats for default.nobuckets/c3=4/, numRows, true, 1, false: 
2024-04-23T21:14:53,248  INFO [main] FileOperations: Read stats for default.nobuckets/c3=4/, rawDataSize, true, 0, false: 
2024-04-23T21:14:53,248  INFO [main] stats.BasicStatsTask: Partition {c3=4} stats: [numFiles=1, numRows=1, totalSize=663, rawDataSize=0, numFilesErasureCoded=0]
2024-04-23T21:14:53,248  INFO [main] FileOperations: Read stats for default.nobuckets/c3=0/, numRows, true, 1, false: 
2024-04-23T21:14:53,248  INFO [main] FileOperations: Read stats for default.nobuckets/c3=0/, rawDataSize, true, 0, false: 
2024-04-23T21:14:53,248  INFO [main] stats.BasicStatsTask: Partition {c3=0} stats: [numFiles=1, numRows=1, totalSize=651, rawDataSize=0, numFilesErasureCoded=0]
2024-04-23T21:14:53,248  INFO [main] HiveMetaStore.audit: ugi=alex	ip=unknown-ip-addr	cmd=alter_partitions : tbl=hive.default.nobuckets	
2024-04-23T21:14:53,248  INFO [main] metastore.HMSHandler: New partition values:[3]
2024-04-23T21:14:53,248  INFO [main] metastore.HMSHandler: New partition values:[6]
2024-04-23T21:14:53,248  INFO [main] metastore.HMSHandler: New partition values:[5]
2024-04-23T21:14:53,248  INFO [main] metastore.HMSHandler: New partition values:[1]
2024-04-23T21:14:53,248  INFO [main] metastore.HMSHandler: New partition values:[2]
2024-04-23T21:14:53,248  INFO [main] metastore.HMSHandler: New partition values:[4]
2024-04-23T21:14:53,248  INFO [main] metastore.HMSHandler: New partition values:[0]
2024-04-23T21:14:53,372  INFO [main] FileOperations: Read stats for default.nobuckets/c3=3/, insertCount, true, 2, false: 
2024-04-23T21:14:53,372  INFO [main] FileOperations: Read stats for default.nobuckets/c3=3/, updateCount, true, 0, false: 
2024-04-23T21:14:53,372  INFO [main] FileOperations: Read stats for default.nobuckets/c3=3/, deleteCount, true, 0, false: 
2024-04-23T21:14:53,375  INFO [main] FileOperations: Read stats for default.nobuckets/c3=6/, insertCount, true, 1, false: 
2024-04-23T21:14:53,375  INFO [main] FileOperations: Read stats for default.nobuckets/c3=6/, updateCount, true, 0, false: 
2024-04-23T21:14:53,375  INFO [main] FileOperations: Read stats for default.nobuckets/c3=6/, deleteCount, true, 0, false: 
2024-04-23T21:14:53,376  INFO [main] FileOperations: Read stats for default.nobuckets/c3=5/, insertCount, true, 1, false: 
2024-04-23T21:14:53,376  INFO [main] FileOperations: Read stats for default.nobuckets/c3=5/, updateCount, true, 0, false: 
2024-04-23T21:14:53,376  INFO [main] FileOperations: Read stats for default.nobuckets/c3=5/, deleteCount, true, 0, false: 
2024-04-23T21:14:53,376  INFO [main] FileOperations: Read stats for default.nobuckets/c3=1/, insertCount, true, 1, false: 
2024-04-23T21:14:53,376  INFO [main] FileOperations: Read stats for default.nobuckets/c3=1/, updateCount, true, 0, false: 
2024-04-23T21:14:53,376  INFO [main] FileOperations: Read stats for default.nobuckets/c3=1/, deleteCount, true, 0, false: 
2024-04-23T21:14:53,376  INFO [main] FileOperations: Read stats for default.nobuckets/c3=2/, insertCount, true, 1, false: 
2024-04-23T21:14:53,376  INFO [main] FileOperations: Read stats for default.nobuckets/c3=2/, updateCount, true, 0, false: 
2024-04-23T21:14:53,376  INFO [main] FileOperations: Read stats for default.nobuckets/c3=2/, deleteCount, true, 0, false: 
2024-04-23T21:14:53,376  INFO [main] FileOperations: Read stats for default.nobuckets/c3=4/, insertCount, true, 1, false: 
2024-04-23T21:14:53,376  INFO [main] FileOperations: Read stats for default.nobuckets/c3=4/, updateCount, true, 0, false: 
2024-04-23T21:14:53,377  INFO [main] FileOperations: Read stats for default.nobuckets/c3=4/, deleteCount, true, 0, false: 
2024-04-23T21:14:53,377  INFO [main] FileOperations: Read stats for default.nobuckets/c3=0/, insertCount, true, 1, false: 
2024-04-23T21:14:53,377  INFO [main] FileOperations: Read stats for default.nobuckets/c3=0/, updateCount, true, 0, false: 
2024-04-23T21:14:53,377  INFO [main] FileOperations: Read stats for default.nobuckets/c3=0/, deleteCount, true, 0, false: 
2024-04-23T21:14:53,377  INFO [main] metadata.Hive: Dumping metastore api call timing information for : execution phase
2024-04-23T21:14:53,378  INFO [main] metadata.Hive: Total time spent in each metastore function (ms): {isCompatibleWith_(Configuration)=0, updateTransactionalStatistics_(UpdateTransactionalStatsRequest)=4, alter_partitions_(String, String, List, EnvironmentContext, String, long)=124, addDynamicPartitions_(long, long, String, String, List, DataOperationType)=3, getValidWriteIds_(List, String)=0, getTable_(GetTableRequest)=43, add_partitions_(List)=82, listPartitionNamesRequest_(GetPartitionNamesPsRequest)=13}
MapReduce Jobs Launched: 
2024-04-23T21:14:53,378  INFO [main] ql.Driver: MapReduce Jobs Launched: 
Stage-Stage-1:  HDFS Read: 0 HDFS Write: 0 SUCCESS
2024-04-23T21:14:53,378  INFO [main] ql.Driver: Stage-Stage-1:  HDFS Read: 0 HDFS Write: 0 SUCCESS
Total MapReduce CPU Time Spent: 0 msec
2024-04-23T21:14:53,378  INFO [main] ql.Driver: Total MapReduce CPU Time Spent: 0 msec
2024-04-23T21:14:53,378  INFO [main] ql.Driver: Completed executing command(queryId=alex_20240423211451_8eb05cd6-fa2a-4603-b876-0377ef0d4189); Time taken: 1.592 seconds
2024-04-23T21:14:53,378  INFO [main] lockmgr.DbTxnManager: Stopped heartbeat for query: alex_20240423211451_8eb05cd6-fa2a-4603-b876-0377ef0d4189
2024-04-23T21:14:53,391  INFO [main] txn.TxnHandler: Removed transactions: ([21]) from MIN_HISTORY_LEVEL
2024-04-23T21:14:53,393  WARN [main] txn.CompactionTxnHandler: No compaction queue record found for Compaction type transaction commit. txnId:21
2024-04-23T21:14:53,394  INFO [main] ql.TxnCommandsBaseForTests: Running the query: select ROW__ID, c1, c2, c3, INPUT__FILE__NAME from nobuckets order by ROW__ID
2024-04-23T21:14:53,394  INFO [main] ql.Context: Deleting scratch dir: file:/home/alex/Repositories/hive/ql/target/tmp/localscratchdir/c896a1fb-210a-4f53-aacd-b68a5f5adf47/hive_2024-04-23_21-14-51_518_7355198821604227532-1
2024-04-23T21:14:53,395  INFO [main] cleanup.SyncCleanupService: Deleted directory: file:/home/alex/Repositories/hive/ql/target/tmp/localscratchdir/c896a1fb-210a-4f53-aacd-b68a5f5adf47/hive_2024-04-23_21-14-51_518_7355198821604227532-1 on fs with scheme file
2024-04-23T21:14:53,395  INFO [main] ql.Driver: Compiling command(queryId=alex_20240423211453_4573fa7d-a9be-4ebe-bf8c-02d651f337d2): select ROW__ID, c1, c2, c3, INPUT__FILE__NAME from nobuckets order by ROW__ID
2024-04-23T21:14:53,409  INFO [main] txn.TxnHandler: Added entries to MIN_HISTORY_LEVEL for current txns: ([22]) with min_open_txn: 22
2024-04-23T21:14:53,409  INFO [main] lockmgr.DbTxnManager: Opened txnid:22
2024-04-23T21:14:53,413  INFO [main] parse.CalcitePlanner: Starting caching scope for: 
2024-04-23T21:14:53,413  INFO [main] parse.CalcitePlanner: Starting Semantic Analysis
2024-04-23T21:14:53,416  INFO [main] parse.CalcitePlanner: Completed phase 1 of Semantic Analysis
2024-04-23T21:14:53,416  INFO [main] parse.CalcitePlanner: Get metadata for source tables
2024-04-23T21:14:53,417  INFO [main] HiveMetaStore.audit: ugi=alex	ip=unknown-ip-addr	cmd=get_table : tbl=hive.default.nobuckets	
2024-04-23T21:14:53,426  INFO [main] metastore.HMSHandler: Skipping translation for processor with null
2024-04-23T21:14:53,426  INFO [main] parse.CalcitePlanner: Get metadata for subqueries
2024-04-23T21:14:53,426  INFO [main] parse.CalcitePlanner: Get metadata for destination tables
2024-04-23T21:14:53,426  INFO [main] parse.CalcitePlanner: Completed getting MetaData in Semantic Analysis
2024-04-23T21:14:53,444  INFO [main] HiveMetaStore.audit: ugi=alex	ip=unknown-ip-addr	cmd=get_all_table_constraints : tbl=hive.default.nobuckets	
2024-04-23T21:14:53,455  INFO [main] calcite.RelOptHiveTable: Calculating column statistics for default.nobuckets, projIndxSet: [0, 1, 2], allowMissingStats: true
2024-04-23T21:14:53,456  INFO [main] HiveMetaStore.audit: ugi=alex	ip=unknown-ip-addr	cmd=get_partitions : tbl=hive.default.nobuckets	
2024-04-23T21:14:53,476  INFO [main] HiveMetaStore.audit: ugi=alex	ip=unknown-ip-addr	cmd=get_aggr_stats_for: table=hive.default.nobuckets	
2024-04-23T21:14:53,487  WARN [main] calcite.RelOptHiveTable: No Stats for default@nobuckets, Columns: c1, c2
No Stats for default@nobuckets, Columns: c1, c2
2024-04-23T21:14:53,487  INFO [main] SessionState: No Stats for default@nobuckets, Columns: c1, c2
2024-04-23T21:14:53,532  INFO [main] parse.CalcitePlanner: Get metadata for source tables
2024-04-23T21:14:53,532  INFO [main] parse.CalcitePlanner: Get metadata for subqueries
2024-04-23T21:14:53,533  INFO [main] parse.CalcitePlanner: Get metadata for destination tables
2024-04-23T21:14:53,535  INFO [main] common.FileUtils: Creating directory if it doesn't exist: file:/home/alex/Repositories/hive/ql/target/tmp/localscratchdir/c896a1fb-210a-4f53-aacd-b68a5f5adf47/hive_2024-04-23_21-14-53_395_7807993466255268336-1/-mr-10001/.hive-staging_hive_2024-04-23_21-14-53_395_7807993466255268336-1
2024-04-23T21:14:53,542  INFO [main] parse.CalcitePlanner: CBO Succeeded; optimized logical plan.
2024-04-23T21:14:53,545  INFO [main] optimizer.ColumnPrunerProcFactory: RS 2 oldColExprMap: {KEY.reducesinkkey0=Column[_col0], VALUE._col1=Column[_col2], VALUE._col0=Column[_col1], VALUE._col3=Column[_col4], VALUE._col2=Column[_col3]}
2024-04-23T21:14:53,545  INFO [main] optimizer.ColumnPrunerProcFactory: RS 2 newColExprMap: {VALUE._col1=Column[_col2], KEY.reducesinkkey0=Column[_col0], VALUE._col3=Column[_col4], VALUE._col0=Column[_col1], VALUE._col2=Column[_col3]}
2024-04-23T21:14:53,546  INFO [main] optimizer.BucketVersionPopulator: not considering bucketingVersion for: TS[0] because it has -1<2 buckets 
2024-04-23T21:14:53,546  INFO [main] optimizer.SortedDynPartitionOptimizer: Sorted dynamic partitioning optimization kicked in..
2024-04-23T21:14:53,556  INFO [main] parse.CalcitePlanner: Completed plan generation
2024-04-23T21:14:53,556  INFO [main] parse.CalcitePlanner: Ending caching scope for: 
2024-04-23T21:14:53,556  INFO [main] ql.Driver: Semantic Analysis Completed (retrial = false)
2024-04-23T21:14:53,557  INFO [main] ql.Driver: Created Hive schema: Schema(fieldSchemas:[FieldSchema(name:row__id, type:struct<writeid:bigint,bucketid:int,rowid:bigint>, comment:null), FieldSchema(name:c1, type:int, comment:null), FieldSchema(name:c2, type:int, comment:null), FieldSchema(name:c3, type:int, comment:null), FieldSchema(name:input__file__name, type:string, comment:null)], properties:null)
2024-04-23T21:14:53,557  INFO [main] exec.ListSinkOperator: Initializing Operator: LIST_SINK[5]
2024-04-23T21:14:53,558  INFO [main] metadata.Hive: Dumping metastore api call timing information for : compilation phase
2024-04-23T21:14:53,558  INFO [main] metadata.Hive: Total time spent in each metastore function (ms): {isCompatibleWith_(Configuration)=1, getTable_(GetTableRequest)=9, getAllTableConstraints_(AllTableConstraintsRequest)=6, openTxn_(String, TxnType)=12, getAggrColStatsFor_(String, String, List, List, String, String)=10, commitTxn_(CommitTxnRequest)=16, getValidTxns_(long)=3, listPartitions_(String, String, short)=19, flushCache_()=0, getValidWriteIds_(List, String)=5}
2024-04-23T21:14:53,558  INFO [main] ql.Driver: Completed compiling command(queryId=alex_20240423211453_4573fa7d-a9be-4ebe-bf8c-02d651f337d2); Time taken: 0.163 seconds
2024-04-23T21:14:53,558  INFO [main] lockmgr.DbTxnManager: Setting lock request transaction to txnid:22 for queryId=alex_20240423211453_4573fa7d-a9be-4ebe-bf8c-02d651f337d2
2024-04-23T21:14:53,560  INFO [main] lockmgr.DbLockManager: Requesting lock for queryId=alex_20240423211453_4573fa7d-a9be-4ebe-bf8c-02d651f337d2
2024-04-23T21:14:53,577  INFO [main] lockmgr.DbLockManager: Response to queryId=alex_20240423211453_4573fa7d-a9be-4ebe-bf8c-02d651f337d2 LockResponse(lockid:14, state:ACQUIRED)
2024-04-23T21:14:53,577  INFO [main] ql.Driver: Operation QUERY obtained 1 locks
2024-04-23T21:14:53,578  INFO [main] ql.Driver: Executing command(queryId=alex_20240423211453_4573fa7d-a9be-4ebe-bf8c-02d651f337d2): select ROW__ID, c1, c2, c3, INPUT__FILE__NAME from nobuckets order by ROW__ID
2024-04-23T21:14:53,579  WARN [main] ql.Driver: Hive-on-MR is deprecated in Hive 2 and may not be available in the future versions. Consider using a different execution engine (i.e. tez, spark) or using Hive 1.X releases.
Query ID = alex_20240423211453_4573fa7d-a9be-4ebe-bf8c-02d651f337d2
2024-04-23T21:14:53,579  INFO [main] ql.Driver: Query ID = alex_20240423211453_4573fa7d-a9be-4ebe-bf8c-02d651f337d2
Total jobs = 1
2024-04-23T21:14:53,579  INFO [main] ql.Driver: Total jobs = 1
Launching Job 1 out of 1
2024-04-23T21:14:53,579  INFO [main] ql.Driver: Launching Job 1 out of 1
2024-04-23T21:14:53,700  INFO [main] ql.Driver: Starting task [Stage-1:MAPRED] in serial mode
Number of reduce tasks determined at compile time: 1
2024-04-23T21:14:53,700  INFO [main] exec.Task: Number of reduce tasks determined at compile time: 1
In order to change the average load for a reducer (in bytes):
2024-04-23T21:14:53,700  INFO [main] exec.Task: In order to change the average load for a reducer (in bytes):
  set hive.exec.reducers.bytes.per.reducer=<number>
2024-04-23T21:14:53,700  INFO [main] exec.Task:   set hive.exec.reducers.bytes.per.reducer=<number>
In order to limit the maximum number of reducers:
2024-04-23T21:14:53,701  INFO [main] exec.Task: In order to limit the maximum number of reducers:
  set hive.exec.reducers.max=<number>
2024-04-23T21:14:53,701  INFO [main] exec.Task:   set hive.exec.reducers.max=<number>
In order to set a constant number of reducers:
2024-04-23T21:14:53,701  INFO [main] exec.Task: In order to set a constant number of reducers:
  set mapreduce.job.reduces=<number>
2024-04-23T21:14:53,701  INFO [main] exec.Task:   set mapreduce.job.reduces=<number>
2024-04-23T21:14:53,703  INFO [main] mr.ExecDriver: Using org.apache.hadoop.hive.ql.io.HiveInputFormat
2024-04-23T21:14:53,703  INFO [main] exec.Utilities: Processing alias nobuckets
2024-04-23T21:14:53,703  INFO [main] exec.Utilities: Adding 7 inputs; the first input is file:/home/alex/Repositories/hive/ql/target/tmp/org.apache.hadoop.hive.ql.TestTxnNoBuckets-1713932056679/warehouse/nobuckets/c3=0
2024-04-23T21:14:53,713  INFO [main] exec.SerializationUtilities: Serializing MapWork using kryo
2024-04-23T21:14:53,714  INFO [main] exec.Utilities: Serialized plan (via FILE) - name: null size: 7,27KB
2024-04-23T21:14:53,718  INFO [main] exec.SerializationUtilities: Serializing ReduceWork using kryo
2024-04-23T21:14:53,720  INFO [main] exec.Utilities: Serialized plan (via FILE) - name: null size: 6,15KB
2024-04-23T21:14:53,721  WARN [main] impl.MetricsSystemImpl: JobTracker metrics system already initialized!
2024-04-23T21:14:53,728  WARN [main] impl.MetricsSystemImpl: JobTracker metrics system already initialized!
2024-04-23T21:14:53,735  WARN [main] mapreduce.JobResourceUploader: Hadoop command-line option parsing not performed. Implement the Tool interface and execute your application with ToolRunner to remedy this.
2024-04-23T21:14:53,739  WARN [main] mapreduce.JobResourceUploader: No job jar file set.  User classes may not be found. See Job or Job#setJar(String).
2024-04-23T21:14:53,740  INFO [main] io.HiveInputFormat: hive.io.file.readcolumn.ids = 0,1
2024-04-23T21:14:53,740  INFO [main] io.HiveInputFormat: hive.io.file.readcolumn.names = c1,c2
2024-04-23T21:14:53,740  INFO [main] io.HiveInputFormat: Generating splits for dirs: file:/home/alex/Repositories/hive/ql/target/tmp/org.apache.hadoop.hive.ql.TestTxnNoBuckets-1713932056679/warehouse/nobuckets/c3=0
2024-04-23T21:14:53,741  INFO [main] orc.OrcInputFormat: getSplits started
2024-04-23T21:14:53,741  INFO [main] orc.OrcInputFormat: Context:: isAcid: true isVectorMode: false sarg: null minSplitSize: 1 maxSplitSize: 256000000 splitStrategy: HYBRID footerInSplits: false numBuckets: 0 numThreads: 10 cacheMemSize: 268435456 cacheStripeDetails: true useSoftReference: false writeIdList: default.nobuckets:1:9223372036854775807:: isTransactionalTable: true txnProperties: default 
2024-04-23T21:14:53,741  INFO [main] orc.OrcInputFormat: ORC pushdown predicate: null
2024-04-23T21:14:53,757  INFO [main] orc.OrcInputFormat: FooterCacheHitRatio: 0/7
2024-04-23T21:14:53,757  INFO [main] orc.OrcInputFormat: getSplits finished (#splits: 7). duration: 16 ms
2024-04-23T21:14:53,757  INFO [main] io.HiveInputFormat: number of splits 7
2024-04-23T21:14:53,776  INFO [main] mapreduce.JobSubmitter: number of splits:7
2024-04-23T21:14:53,798  INFO [main] mapreduce.JobSubmitter: Submitting tokens for job: job_local996129131_0013
2024-04-23T21:14:53,798  INFO [main] mapreduce.JobSubmitter: Executing with tokens: []
2024-04-23T21:14:53,861  INFO [main] mapreduce.Job: The url to track the job: http://localhost:8080/
Job running in-process (local Hadoop)
2024-04-23T21:14:53,861  INFO [main] exec.Task: Job running in-process (local Hadoop)
2024-04-23T21:14:53,862  INFO [Thread-907] mapred.LocalJobRunner: OutputCommitter set in config org.apache.hadoop.hive.ql.io.HiveFileFormatUtils$NullOutputCommitter
2024-04-23T21:14:53,862  INFO [Thread-907] mapred.LocalJobRunner: OutputCommitter is org.apache.hadoop.hive.ql.io.HiveFileFormatUtils$NullOutputCommitter
2024-04-23T21:14:53,865  INFO [Thread-907] mapred.LocalJobRunner: Waiting for map tasks
2024-04-23T21:14:53,865  INFO [LocalJobRunner Map Task Executor #0] mapred.LocalJobRunner: Starting task: attempt_local996129131_0013_m_000000_0
2024-04-23T21:14:53,866  INFO [LocalJobRunner Map Task Executor #0] mapred.Task:  Using ResourceCalculatorProcessTree : [ ]
2024-04-23T21:14:53,867  INFO [LocalJobRunner Map Task Executor #0] mapred.MapTask: Processing split: org.apache.hadoop.hive.ql.io.orc.OrcInputFormat:OrcSplit [file:/home/alex/Repositories/hive/ql/target/tmp/org.apache.hadoop.hive.ql.TestTxnNoBuckets-1713932056679/warehouse/nobuckets/c3=3/delta_0000001_0000001_0000/bucket_00000_0, start=3, length=314, isOriginal=false, fileLength=679, hasFooter=false, hasBase=true, deltas=0]
2024-04-23T21:14:53,867  INFO [LocalJobRunner Map Task Executor #0] exec.SerializationUtilities: Deserializing MapWork using kryo
2024-04-23T21:14:53,868  INFO [LocalJobRunner Map Task Executor #0] exec.Utilities: Deserialized plan (via FILE) - name: null size: 7,27KB
2024-04-23T21:14:53,870  INFO [LocalJobRunner Map Task Executor #0] orc.OrcRawRecordMerger: min key = null, max key = null
2024-04-23T21:14:53,870  INFO [LocalJobRunner Map Task Executor #0] orc.ReaderImpl: Reading ORC rows from file:/home/alex/Repositories/hive/ql/target/tmp/org.apache.hadoop.hive.ql.TestTxnNoBuckets-1713932056679/warehouse/nobuckets/c3=3/delta_0000001_0000001_0000/bucket_00000_0 with {include: [true, true, true], offset: 3, length: 314, schema: struct<c1:int,c2:int>, includeAcidColumns: true}
2024-04-23T21:14:53,871  INFO [LocalJobRunner Map Task Executor #0] orc.OrcRawRecordMerger: updated min key = null, max key = null
2024-04-23T21:14:53,871  INFO [LocalJobRunner Map Task Executor #0] mapred.MapTask: numReduceTasks: 1
2024-04-23T21:14:53,882  INFO [LocalJobRunner Map Task Executor #0] mapred.MapTask: (EQUATOR) 0 kvi 26214396(104857584)
2024-04-23T21:14:53,882  INFO [LocalJobRunner Map Task Executor #0] mapred.MapTask: mapreduce.task.io.sort.mb: 100
2024-04-23T21:14:53,882  INFO [LocalJobRunner Map Task Executor #0] mapred.MapTask: soft limit at 83886080
2024-04-23T21:14:53,882  INFO [LocalJobRunner Map Task Executor #0] mapred.MapTask: bufstart = 0; bufvoid = 104857600
2024-04-23T21:14:53,882  INFO [LocalJobRunner Map Task Executor #0] mapred.MapTask: kvstart = 26214396; length = 6553600
2024-04-23T21:14:53,882  INFO [LocalJobRunner Map Task Executor #0] mapred.MapTask: Map output collector class = org.apache.hadoop.mapred.MapTask$MapOutputBuffer
2024-04-23T21:14:53,883  INFO [LocalJobRunner Map Task Executor #0] exec.MapOperator: Initializing Operator: MAP[0]
2024-04-23T21:14:53,886  INFO [LocalJobRunner Map Task Executor #0] mr.ExecMapper: 
<MAP>Id =0
  <Children>null
  <\Children>
  <Parent><\Parent>
<\MAP>
2024-04-23T21:14:53,887  INFO [LocalJobRunner Map Task Executor #0] exec.TableScanOperator: Initializing Operator: TS[0]
2024-04-23T21:14:53,887  INFO [LocalJobRunner Map Task Executor #0] exec.SelectOperator: Initializing Operator: SEL[1]
2024-04-23T21:14:53,887  INFO [LocalJobRunner Map Task Executor #0] exec.SelectOperator: SELECT struct<c1:int,c2:int,c3:int,row__id:struct<writeid:bigint,bucketid:int,rowid:bigint>,input__file__name:string>
2024-04-23T21:14:53,887  INFO [LocalJobRunner Map Task Executor #0] exec.ReduceSinkOperator: Initializing Operator: RS[2]
2024-04-23T21:14:53,887  INFO [LocalJobRunner Map Task Executor #0] exec.ReduceSinkOperator: Using tag = -1
2024-04-23T21:14:53,888  INFO [LocalJobRunner Map Task Executor #0] exec.ReduceSinkOperator: keys are [reducesinkkey0] num distributions: 1
2024-04-23T21:14:53,888  INFO [LocalJobRunner Map Task Executor #0] exec.ReduceSinkOperator: RS[2]: records written - 1
2024-04-23T21:14:53,888  INFO [LocalJobRunner Map Task Executor #0] exec.MapOperator: MAP[0]: records read - 1
2024-04-23T21:14:53,889  INFO [LocalJobRunner Map Task Executor #0] exec.MapOperator: Closing Operator: MAP[0]
2024-04-23T21:14:53,889  INFO [LocalJobRunner Map Task Executor #0] exec.MapOperator: MAP[0]: Total records read - 2. abort - false
2024-04-23T21:14:53,889  INFO [LocalJobRunner Map Task Executor #0] exec.MapOperator: DESERIALIZE_ERRORS:0, RECORDS_OUT_INTERMEDIATE:0, RECORDS_IN:2, RECORDS_OUT_OPERATOR_MAP_0:0, 
2024-04-23T21:14:53,889  INFO [LocalJobRunner Map Task Executor #0] exec.TableScanOperator: Closing Operator: TS[0]
2024-04-23T21:14:53,889  INFO [LocalJobRunner Map Task Executor #0] exec.TableScanOperator: RECORDS_OUT_INTERMEDIATE:0, RECORDS_OUT_OPERATOR_TS_0:2, 
2024-04-23T21:14:53,889  INFO [LocalJobRunner Map Task Executor #0] exec.SelectOperator: Closing Operator: SEL[1]
2024-04-23T21:14:53,889  INFO [LocalJobRunner Map Task Executor #0] exec.SelectOperator: RECORDS_OUT_OPERATOR_SEL_1:2, RECORDS_OUT_INTERMEDIATE:0, 
2024-04-23T21:14:53,889  INFO [LocalJobRunner Map Task Executor #0] exec.ReduceSinkOperator: Closing Operator: RS[2]
2024-04-23T21:14:53,889  INFO [LocalJobRunner Map Task Executor #0] exec.ReduceSinkOperator: RS[2]: Total records written - 2. abort - false
2024-04-23T21:14:53,889  INFO [LocalJobRunner Map Task Executor #0] exec.ReduceSinkOperator: RECORDS_OUT_INTERMEDIATE:2, RECORDS_OUT_OPERATOR_RS_2:2, 
2024-04-23T21:14:53,890  INFO [LocalJobRunner Map Task Executor #0] mapred.LocalJobRunner: 
2024-04-23T21:14:53,890  INFO [LocalJobRunner Map Task Executor #0] mapred.MapTask: Starting flush of map output
2024-04-23T21:14:53,890  INFO [LocalJobRunner Map Task Executor #0] mapred.MapTask: Spilling map output
2024-04-23T21:14:53,890  INFO [LocalJobRunner Map Task Executor #0] mapred.MapTask: bufstart = 0; bufend = 420; bufvoid = 104857600
2024-04-23T21:14:53,890  INFO [LocalJobRunner Map Task Executor #0] mapred.MapTask: kvstart = 26214396(104857584); kvend = 26214392(104857568); length = 5/6553600
2024-04-23T21:14:53,904  INFO [LocalJobRunner Map Task Executor #0] mapred.MapTask: Finished spill 0
2024-04-23T21:14:53,912  INFO [LocalJobRunner Map Task Executor #0] mapred.Task: Task:attempt_local996129131_0013_m_000000_0 is done. And is in the process of committing
2024-04-23T21:14:53,914  INFO [LocalJobRunner Map Task Executor #0] mapred.LocalJobRunner: OrcSplit [file:/home/alex/Repositories/hive/ql/target/tmp/org.apache.hadoop.hive.ql.TestTxnNoBuckets-1713932056679/warehouse/nobuckets/c3=3/delta_0000001_0000001_0000/bucket_00000_0, start=3, length=314, isOriginal=false, fileLength=679, hasFooter=false, hasBase=true, deltas=0]
2024-04-23T21:14:53,914  INFO [LocalJobRunner Map Task Executor #0] mapred.Task: Task 'attempt_local996129131_0013_m_000000_0' done.
2024-04-23T21:14:53,914  INFO [LocalJobRunner Map Task Executor #0] mapred.Task: Final Counters for attempt_local996129131_0013_m_000000_0: Counters: 24
	File System Counters
		FILE: Number of bytes read=278916
		FILE: Number of bytes written=15344517
		FILE: Number of read operations=0
		FILE: Number of large read operations=0
		FILE: Number of write operations=0
	Map-Reduce Framework
		Map input records=2
		Map output records=2
		Map output bytes=420
		Map output materialized bytes=432
		Input split bytes=511
		Combine input records=0
		Spilled Records=2
		Failed Shuffles=0
		Merged Map outputs=0
		GC time elapsed (ms)=5
		Total committed heap usage (bytes)=1103101952
	HIVE
		DESERIALIZE_ERRORS=0
		RECORDS_IN=2
		RECORDS_OUT_INTERMEDIATE=2
		RECORDS_OUT_OPERATOR_MAP_0=0
		RECORDS_OUT_OPERATOR_RS_2=2
		RECORDS_OUT_OPERATOR_SEL_1=2
		RECORDS_OUT_OPERATOR_TS_0=2
	File Input Format Counters 
		Bytes Read=10142
2024-04-23T21:14:53,914  INFO [LocalJobRunner Map Task Executor #0] mapred.LocalJobRunner: Finishing task: attempt_local996129131_0013_m_000000_0
2024-04-23T21:14:53,914  INFO [LocalJobRunner Map Task Executor #0] mapred.LocalJobRunner: Starting task: attempt_local996129131_0013_m_000001_0
2024-04-23T21:14:53,916  INFO [LocalJobRunner Map Task Executor #0] mapred.Task:  Using ResourceCalculatorProcessTree : [ ]
2024-04-23T21:14:53,917  INFO [LocalJobRunner Map Task Executor #0] mapred.MapTask: Processing split: org.apache.hadoop.hive.ql.io.orc.OrcInputFormat:OrcSplit [file:/home/alex/Repositories/hive/ql/target/tmp/org.apache.hadoop.hive.ql.TestTxnNoBuckets-1713932056679/warehouse/nobuckets/c3=2/delta_0000001_0000001_0000/bucket_00000_0, start=3, length=309, isOriginal=false, fileLength=663, hasFooter=false, hasBase=true, deltas=0]
2024-04-23T21:14:53,918  INFO [LocalJobRunner Map Task Executor #0] exec.SerializationUtilities: Deserializing MapWork using kryo
2024-04-23T21:14:53,919  INFO [LocalJobRunner Map Task Executor #0] exec.Utilities: Deserialized plan (via FILE) - name: null size: 7,27KB
2024-04-23T21:14:53,922  INFO [LocalJobRunner Map Task Executor #0] orc.OrcRawRecordMerger: min key = null, max key = null
2024-04-23T21:14:53,922  INFO [LocalJobRunner Map Task Executor #0] orc.ReaderImpl: Reading ORC rows from file:/home/alex/Repositories/hive/ql/target/tmp/org.apache.hadoop.hive.ql.TestTxnNoBuckets-1713932056679/warehouse/nobuckets/c3=2/delta_0000001_0000001_0000/bucket_00000_0 with {include: [true, true, true], offset: 3, length: 309, schema: struct<c1:int,c2:int>, includeAcidColumns: true}
2024-04-23T21:14:53,924  INFO [LocalJobRunner Map Task Executor #0] orc.OrcRawRecordMerger: updated min key = null, max key = null
2024-04-23T21:14:53,924  INFO [LocalJobRunner Map Task Executor #0] mapred.MapTask: numReduceTasks: 1
2024-04-23T21:14:53,931  INFO [LocalJobRunner Map Task Executor #0] mapred.MapTask: (EQUATOR) 0 kvi 26214396(104857584)
2024-04-23T21:14:53,931  INFO [LocalJobRunner Map Task Executor #0] mapred.MapTask: mapreduce.task.io.sort.mb: 100
2024-04-23T21:14:53,931  INFO [LocalJobRunner Map Task Executor #0] mapred.MapTask: soft limit at 83886080
2024-04-23T21:14:53,931  INFO [LocalJobRunner Map Task Executor #0] mapred.MapTask: bufstart = 0; bufvoid = 104857600
2024-04-23T21:14:53,931  INFO [LocalJobRunner Map Task Executor #0] mapred.MapTask: kvstart = 26214396; length = 6553600
2024-04-23T21:14:53,932  INFO [LocalJobRunner Map Task Executor #0] mapred.MapTask: Map output collector class = org.apache.hadoop.mapred.MapTask$MapOutputBuffer
2024-04-23T21:14:53,932  INFO [LocalJobRunner Map Task Executor #0] exec.MapOperator: Initializing Operator: MAP[0]
2024-04-23T21:14:53,937  INFO [LocalJobRunner Map Task Executor #0] mr.ExecMapper: 
<MAP>Id =0
  <Children>null
  <\Children>
  <Parent><\Parent>
<\MAP>
2024-04-23T21:14:53,938  INFO [LocalJobRunner Map Task Executor #0] exec.TableScanOperator: Initializing Operator: TS[0]
2024-04-23T21:14:53,938  INFO [LocalJobRunner Map Task Executor #0] exec.SelectOperator: Initializing Operator: SEL[1]
2024-04-23T21:14:53,938  INFO [LocalJobRunner Map Task Executor #0] exec.SelectOperator: SELECT struct<c1:int,c2:int,c3:int,row__id:struct<writeid:bigint,bucketid:int,rowid:bigint>,input__file__name:string>
2024-04-23T21:14:53,938  INFO [LocalJobRunner Map Task Executor #0] exec.ReduceSinkOperator: Initializing Operator: RS[2]
2024-04-23T21:14:53,938  INFO [LocalJobRunner Map Task Executor #0] exec.ReduceSinkOperator: Using tag = -1
2024-04-23T21:14:53,939  INFO [LocalJobRunner Map Task Executor #0] exec.ReduceSinkOperator: keys are [reducesinkkey0] num distributions: 1
2024-04-23T21:14:53,939  INFO [LocalJobRunner Map Task Executor #0] exec.ReduceSinkOperator: RS[2]: records written - 1
2024-04-23T21:14:53,939  INFO [LocalJobRunner Map Task Executor #0] exec.MapOperator: MAP[0]: records read - 1
2024-04-23T21:14:53,939  INFO [LocalJobRunner Map Task Executor #0] exec.MapOperator: Closing Operator: MAP[0]
2024-04-23T21:14:53,939  INFO [LocalJobRunner Map Task Executor #0] exec.MapOperator: MAP[0]: Total records read - 1. abort - false
2024-04-23T21:14:53,939  INFO [LocalJobRunner Map Task Executor #0] exec.MapOperator: RECORDS_IN:1, RECORDS_OUT_INTERMEDIATE:0, DESERIALIZE_ERRORS:0, RECORDS_OUT_OPERATOR_MAP_0:0, 
2024-04-23T21:14:53,939  INFO [LocalJobRunner Map Task Executor #0] exec.TableScanOperator: Closing Operator: TS[0]
2024-04-23T21:14:53,939  INFO [LocalJobRunner Map Task Executor #0] exec.TableScanOperator: RECORDS_OUT_INTERMEDIATE:0, RECORDS_OUT_OPERATOR_TS_0:1, 
2024-04-23T21:14:53,939  INFO [LocalJobRunner Map Task Executor #0] exec.SelectOperator: Closing Operator: SEL[1]
2024-04-23T21:14:53,939  INFO [LocalJobRunner Map Task Executor #0] exec.SelectOperator: RECORDS_OUT_OPERATOR_SEL_1:1, RECORDS_OUT_INTERMEDIATE:0, 
2024-04-23T21:14:53,939  INFO [LocalJobRunner Map Task Executor #0] exec.ReduceSinkOperator: Closing Operator: RS[2]
2024-04-23T21:14:53,939  INFO [LocalJobRunner Map Task Executor #0] exec.ReduceSinkOperator: RS[2]: Total records written - 1. abort - false
2024-04-23T21:14:53,940  INFO [LocalJobRunner Map Task Executor #0] exec.ReduceSinkOperator: RECORDS_OUT_INTERMEDIATE:1, RECORDS_OUT_OPERATOR_RS_2:1, 
2024-04-23T21:14:53,940  INFO [LocalJobRunner Map Task Executor #0] mapred.LocalJobRunner: 
2024-04-23T21:14:53,940  INFO [LocalJobRunner Map Task Executor #0] mapred.MapTask: Starting flush of map output
2024-04-23T21:14:53,940  INFO [LocalJobRunner Map Task Executor #0] mapred.MapTask: Spilling map output
2024-04-23T21:14:53,940  INFO [LocalJobRunner Map Task Executor #0] mapred.MapTask: bufstart = 0; bufend = 210; bufvoid = 104857600
2024-04-23T21:14:53,940  INFO [LocalJobRunner Map Task Executor #0] mapred.MapTask: kvstart = 26214396(104857584); kvend = 26214396(104857584); length = 1/6553600
2024-04-23T21:14:53,948  INFO [LocalJobRunner Map Task Executor #0] mapred.MapTask: Finished spill 0
2024-04-23T21:14:53,951  INFO [LocalJobRunner Map Task Executor #0] mapred.Task: Task:attempt_local996129131_0013_m_000001_0 is done. And is in the process of committing
2024-04-23T21:14:53,952  INFO [LocalJobRunner Map Task Executor #0] mapred.LocalJobRunner: OrcSplit [file:/home/alex/Repositories/hive/ql/target/tmp/org.apache.hadoop.hive.ql.TestTxnNoBuckets-1713932056679/warehouse/nobuckets/c3=2/delta_0000001_0000001_0000/bucket_00000_0, start=3, length=309, isOriginal=false, fileLength=663, hasFooter=false, hasBase=true, deltas=0]
2024-04-23T21:14:53,952  INFO [LocalJobRunner Map Task Executor #0] mapred.Task: Task 'attempt_local996129131_0013_m_000001_0' done.
2024-04-23T21:14:53,952  INFO [LocalJobRunner Map Task Executor #0] mapred.Task: Final Counters for attempt_local996129131_0013_m_000001_0: Counters: 24
	File System Counters
		FILE: Number of bytes read=292102
		FILE: Number of bytes written=15344768
		FILE: Number of read operations=0
		FILE: Number of large read operations=0
		FILE: Number of write operations=0
	Map-Reduce Framework
		Map input records=1
		Map output records=1
		Map output bytes=210
		Map output materialized bytes=219
		Input split bytes=511
		Combine input records=0
		Spilled Records=1
		Failed Shuffles=0
		Merged Map outputs=0
		GC time elapsed (ms)=0
		Total committed heap usage (bytes)=1103101952
	HIVE
		DESERIALIZE_ERRORS=0
		RECORDS_IN=1
		RECORDS_OUT_INTERMEDIATE=1
		RECORDS_OUT_OPERATOR_MAP_0=0
		RECORDS_OUT_OPERATOR_RS_2=1
		RECORDS_OUT_OPERATOR_SEL_1=1
		RECORDS_OUT_OPERATOR_TS_0=1
	File Input Format Counters 
		Bytes Read=10078
2024-04-23T21:14:53,952  INFO [LocalJobRunner Map Task Executor #0] mapred.LocalJobRunner: Finishing task: attempt_local996129131_0013_m_000001_0
2024-04-23T21:14:53,952  INFO [LocalJobRunner Map Task Executor #0] mapred.LocalJobRunner: Starting task: attempt_local996129131_0013_m_000002_0
2024-04-23T21:14:53,953  INFO [LocalJobRunner Map Task Executor #0] mapred.Task:  Using ResourceCalculatorProcessTree : [ ]
2024-04-23T21:14:53,953  INFO [LocalJobRunner Map Task Executor #0] mapred.MapTask: Processing split: org.apache.hadoop.hive.ql.io.orc.OrcInputFormat:OrcSplit [file:/home/alex/Repositories/hive/ql/target/tmp/org.apache.hadoop.hive.ql.TestTxnNoBuckets-1713932056679/warehouse/nobuckets/c3=5/delta_0000001_0000001_0000/bucket_00000_0, start=3, length=309, isOriginal=false, fileLength=664, hasFooter=false, hasBase=true, deltas=0]
2024-04-23T21:14:53,954  INFO [LocalJobRunner Map Task Executor #0] exec.SerializationUtilities: Deserializing MapWork using kryo
2024-04-23T21:14:53,955  INFO [LocalJobRunner Map Task Executor #0] exec.Utilities: Deserialized plan (via FILE) - name: null size: 7,27KB
2024-04-23T21:14:53,956  INFO [LocalJobRunner Map Task Executor #0] orc.OrcRawRecordMerger: min key = null, max key = null
2024-04-23T21:14:53,956  INFO [LocalJobRunner Map Task Executor #0] orc.ReaderImpl: Reading ORC rows from file:/home/alex/Repositories/hive/ql/target/tmp/org.apache.hadoop.hive.ql.TestTxnNoBuckets-1713932056679/warehouse/nobuckets/c3=5/delta_0000001_0000001_0000/bucket_00000_0 with {include: [true, true, true], offset: 3, length: 309, schema: struct<c1:int,c2:int>, includeAcidColumns: true}
2024-04-23T21:14:53,957  INFO [LocalJobRunner Map Task Executor #0] orc.OrcRawRecordMerger: updated min key = null, max key = null
2024-04-23T21:14:53,958  INFO [LocalJobRunner Map Task Executor #0] mapred.MapTask: numReduceTasks: 1
2024-04-23T21:14:53,962  INFO [LocalJobRunner Map Task Executor #0] mapred.MapTask: (EQUATOR) 0 kvi 26214396(104857584)
2024-04-23T21:14:53,963  INFO [LocalJobRunner Map Task Executor #0] mapred.MapTask: mapreduce.task.io.sort.mb: 100
2024-04-23T21:14:53,963  INFO [LocalJobRunner Map Task Executor #0] mapred.MapTask: soft limit at 83886080
2024-04-23T21:14:53,963  INFO [LocalJobRunner Map Task Executor #0] mapred.MapTask: bufstart = 0; bufvoid = 104857600
2024-04-23T21:14:53,963  INFO [LocalJobRunner Map Task Executor #0] mapred.MapTask: kvstart = 26214396; length = 6553600
2024-04-23T21:14:53,963  INFO [LocalJobRunner Map Task Executor #0] mapred.MapTask: Map output collector class = org.apache.hadoop.mapred.MapTask$MapOutputBuffer
2024-04-23T21:14:53,963  INFO [LocalJobRunner Map Task Executor #0] exec.MapOperator: Initializing Operator: MAP[0]
2024-04-23T21:14:53,967  INFO [LocalJobRunner Map Task Executor #0] mr.ExecMapper: 
<MAP>Id =0
  <Children>null
  <\Children>
  <Parent><\Parent>
<\MAP>
2024-04-23T21:14:53,968  INFO [LocalJobRunner Map Task Executor #0] exec.TableScanOperator: Initializing Operator: TS[0]
2024-04-23T21:14:53,968  INFO [LocalJobRunner Map Task Executor #0] exec.SelectOperator: Initializing Operator: SEL[1]
2024-04-23T21:14:53,968  INFO [LocalJobRunner Map Task Executor #0] exec.SelectOperator: SELECT struct<c1:int,c2:int,c3:int,row__id:struct<writeid:bigint,bucketid:int,rowid:bigint>,input__file__name:string>
2024-04-23T21:14:53,968  INFO [LocalJobRunner Map Task Executor #0] exec.ReduceSinkOperator: Initializing Operator: RS[2]
2024-04-23T21:14:53,968  INFO [LocalJobRunner Map Task Executor #0] exec.ReduceSinkOperator: Using tag = -1
2024-04-23T21:14:53,969  INFO [LocalJobRunner Map Task Executor #0] exec.ReduceSinkOperator: keys are [reducesinkkey0] num distributions: 1
2024-04-23T21:14:53,969  INFO [LocalJobRunner Map Task Executor #0] exec.ReduceSinkOperator: RS[2]: records written - 1
2024-04-23T21:14:53,969  INFO [LocalJobRunner Map Task Executor #0] exec.MapOperator: MAP[0]: records read - 1
2024-04-23T21:14:53,969  INFO [LocalJobRunner Map Task Executor #0] exec.MapOperator: Closing Operator: MAP[0]
2024-04-23T21:14:53,969  INFO [LocalJobRunner Map Task Executor #0] exec.MapOperator: MAP[0]: Total records read - 1. abort - false
2024-04-23T21:14:53,969  INFO [LocalJobRunner Map Task Executor #0] exec.MapOperator: RECORDS_IN:1, RECORDS_OUT_OPERATOR_MAP_0:0, DESERIALIZE_ERRORS:0, RECORDS_OUT_INTERMEDIATE:0, 
2024-04-23T21:14:53,969  INFO [LocalJobRunner Map Task Executor #0] exec.TableScanOperator: Closing Operator: TS[0]
2024-04-23T21:14:53,969  INFO [LocalJobRunner Map Task Executor #0] exec.TableScanOperator: RECORDS_OUT_INTERMEDIATE:0, RECORDS_OUT_OPERATOR_TS_0:1, 
2024-04-23T21:14:53,969  INFO [LocalJobRunner Map Task Executor #0] exec.SelectOperator: Closing Operator: SEL[1]
2024-04-23T21:14:53,969  INFO [LocalJobRunner Map Task Executor #0] exec.SelectOperator: RECORDS_OUT_INTERMEDIATE:0, RECORDS_OUT_OPERATOR_SEL_1:1, 
2024-04-23T21:14:53,969  INFO [LocalJobRunner Map Task Executor #0] exec.ReduceSinkOperator: Closing Operator: RS[2]
2024-04-23T21:14:53,969  INFO [LocalJobRunner Map Task Executor #0] exec.ReduceSinkOperator: RS[2]: Total records written - 1. abort - false
2024-04-23T21:14:53,970  INFO [LocalJobRunner Map Task Executor #0] exec.ReduceSinkOperator: RECORDS_OUT_OPERATOR_RS_2:1, RECORDS_OUT_INTERMEDIATE:1, 
2024-04-23T21:14:53,970  INFO [LocalJobRunner Map Task Executor #0] mapred.LocalJobRunner: 
2024-04-23T21:14:53,970  INFO [LocalJobRunner Map Task Executor #0] mapred.MapTask: Starting flush of map output
2024-04-23T21:14:53,970  INFO [LocalJobRunner Map Task Executor #0] mapred.MapTask: Spilling map output
2024-04-23T21:14:53,970  INFO [LocalJobRunner Map Task Executor #0] mapred.MapTask: bufstart = 0; bufend = 210; bufvoid = 104857600
2024-04-23T21:14:53,970  INFO [LocalJobRunner Map Task Executor #0] mapred.MapTask: kvstart = 26214396(104857584); kvend = 26214396(104857584); length = 1/6553600
2024-04-23T21:14:53,978  INFO [LocalJobRunner Map Task Executor #0] mapred.MapTask: Finished spill 0
2024-04-23T21:14:53,981  INFO [LocalJobRunner Map Task Executor #0] mapred.Task: Task:attempt_local996129131_0013_m_000002_0 is done. And is in the process of committing
2024-04-23T21:14:53,982  INFO [LocalJobRunner Map Task Executor #0] mapred.LocalJobRunner: OrcSplit [file:/home/alex/Repositories/hive/ql/target/tmp/org.apache.hadoop.hive.ql.TestTxnNoBuckets-1713932056679/warehouse/nobuckets/c3=5/delta_0000001_0000001_0000/bucket_00000_0, start=3, length=309, isOriginal=false, fileLength=664, hasFooter=false, hasBase=true, deltas=0]
2024-04-23T21:14:53,982  INFO [LocalJobRunner Map Task Executor #0] mapred.Task: Task 'attempt_local996129131_0013_m_000002_0' done.
2024-04-23T21:14:53,982  INFO [LocalJobRunner Map Task Executor #0] mapred.Task: Final Counters for attempt_local996129131_0013_m_000002_0: Counters: 24
	File System Counters
		FILE: Number of bytes read=304780
		FILE: Number of bytes written=15345019
		FILE: Number of read operations=0
		FILE: Number of large read operations=0
		FILE: Number of write operations=0
	Map-Reduce Framework
		Map input records=1
		Map output records=1
		Map output bytes=210
		Map output materialized bytes=219
		Input split bytes=511
		Combine input records=0
		Spilled Records=1
		Failed Shuffles=0
		Merged Map outputs=0
		GC time elapsed (ms)=0
		Total committed heap usage (bytes)=1103101952
	HIVE
		DESERIALIZE_ERRORS=0
		RECORDS_IN=1
		RECORDS_OUT_INTERMEDIATE=1
		RECORDS_OUT_OPERATOR_MAP_0=0
		RECORDS_OUT_OPERATOR_RS_2=1
		RECORDS_OUT_OPERATOR_SEL_1=1
		RECORDS_OUT_OPERATOR_TS_0=1
	File Input Format Counters 
		Bytes Read=10082
2024-04-23T21:14:53,982  INFO [LocalJobRunner Map Task Executor #0] mapred.LocalJobRunner: Finishing task: attempt_local996129131_0013_m_000002_0
2024-04-23T21:14:53,982  INFO [LocalJobRunner Map Task Executor #0] mapred.LocalJobRunner: Starting task: attempt_local996129131_0013_m_000003_0
2024-04-23T21:14:53,983  INFO [LocalJobRunner Map Task Executor #0] mapred.Task:  Using ResourceCalculatorProcessTree : [ ]
2024-04-23T21:14:53,983  INFO [LocalJobRunner Map Task Executor #0] mapred.MapTask: Processing split: org.apache.hadoop.hive.ql.io.orc.OrcInputFormat:OrcSplit [file:/home/alex/Repositories/hive/ql/target/tmp/org.apache.hadoop.hive.ql.TestTxnNoBuckets-1713932056679/warehouse/nobuckets/c3=4/delta_0000001_0000001_0000/bucket_00000_0, start=3, length=309, isOriginal=false, fileLength=663, hasFooter=false, hasBase=true, deltas=0]
2024-04-23T21:14:53,984  INFO [LocalJobRunner Map Task Executor #0] exec.SerializationUtilities: Deserializing MapWork using kryo
2024-04-23T21:14:53,984  INFO [LocalJobRunner Map Task Executor #0] exec.Utilities: Deserialized plan (via FILE) - name: null size: 7,27KB
2024-04-23T21:14:53,986  INFO [LocalJobRunner Map Task Executor #0] orc.OrcRawRecordMerger: min key = null, max key = null
2024-04-23T21:14:53,986  INFO [LocalJobRunner Map Task Executor #0] orc.ReaderImpl: Reading ORC rows from file:/home/alex/Repositories/hive/ql/target/tmp/org.apache.hadoop.hive.ql.TestTxnNoBuckets-1713932056679/warehouse/nobuckets/c3=4/delta_0000001_0000001_0000/bucket_00000_0 with {include: [true, true, true], offset: 3, length: 309, schema: struct<c1:int,c2:int>, includeAcidColumns: true}
2024-04-23T21:14:53,987  INFO [LocalJobRunner Map Task Executor #0] orc.OrcRawRecordMerger: updated min key = null, max key = null
2024-04-23T21:14:53,988  INFO [LocalJobRunner Map Task Executor #0] mapred.MapTask: numReduceTasks: 1
2024-04-23T21:14:53,992  INFO [LocalJobRunner Map Task Executor #0] mapred.MapTask: (EQUATOR) 0 kvi 26214396(104857584)
2024-04-23T21:14:53,992  INFO [LocalJobRunner Map Task Executor #0] mapred.MapTask: mapreduce.task.io.sort.mb: 100
2024-04-23T21:14:53,992  INFO [LocalJobRunner Map Task Executor #0] mapred.MapTask: soft limit at 83886080
2024-04-23T21:14:53,992  INFO [LocalJobRunner Map Task Executor #0] mapred.MapTask: bufstart = 0; bufvoid = 104857600
2024-04-23T21:14:53,992  INFO [LocalJobRunner Map Task Executor #0] mapred.MapTask: kvstart = 26214396; length = 6553600
2024-04-23T21:14:53,993  INFO [LocalJobRunner Map Task Executor #0] mapred.MapTask: Map output collector class = org.apache.hadoop.mapred.MapTask$MapOutputBuffer
2024-04-23T21:14:53,993  INFO [LocalJobRunner Map Task Executor #0] exec.MapOperator: Initializing Operator: MAP[0]
2024-04-23T21:14:53,997  INFO [LocalJobRunner Map Task Executor #0] mr.ExecMapper: 
<MAP>Id =0
  <Children>null
  <\Children>
  <Parent><\Parent>
<\MAP>
2024-04-23T21:14:53,997  INFO [LocalJobRunner Map Task Executor #0] exec.TableScanOperator: Initializing Operator: TS[0]
2024-04-23T21:14:53,997  INFO [LocalJobRunner Map Task Executor #0] exec.SelectOperator: Initializing Operator: SEL[1]
2024-04-23T21:14:53,998  INFO [LocalJobRunner Map Task Executor #0] exec.SelectOperator: SELECT struct<c1:int,c2:int,c3:int,row__id:struct<writeid:bigint,bucketid:int,rowid:bigint>,input__file__name:string>
2024-04-23T21:14:53,998  INFO [LocalJobRunner Map Task Executor #0] exec.ReduceSinkOperator: Initializing Operator: RS[2]
2024-04-23T21:14:53,998  INFO [LocalJobRunner Map Task Executor #0] exec.ReduceSinkOperator: Using tag = -1
2024-04-23T21:14:53,998  INFO [LocalJobRunner Map Task Executor #0] exec.ReduceSinkOperator: keys are [reducesinkkey0] num distributions: 1
2024-04-23T21:14:53,999  INFO [LocalJobRunner Map Task Executor #0] exec.ReduceSinkOperator: RS[2]: records written - 1
2024-04-23T21:14:53,999  INFO [LocalJobRunner Map Task Executor #0] exec.MapOperator: MAP[0]: records read - 1
2024-04-23T21:14:53,999  INFO [LocalJobRunner Map Task Executor #0] exec.MapOperator: Closing Operator: MAP[0]
2024-04-23T21:14:53,999  INFO [LocalJobRunner Map Task Executor #0] exec.MapOperator: MAP[0]: Total records read - 1. abort - false
2024-04-23T21:14:53,999  INFO [LocalJobRunner Map Task Executor #0] exec.MapOperator: RECORDS_OUT_OPERATOR_MAP_0:0, DESERIALIZE_ERRORS:0, RECORDS_OUT_INTERMEDIATE:0, RECORDS_IN:1, 
2024-04-23T21:14:53,999  INFO [LocalJobRunner Map Task Executor #0] exec.TableScanOperator: Closing Operator: TS[0]
2024-04-23T21:14:53,999  INFO [LocalJobRunner Map Task Executor #0] exec.TableScanOperator: RECORDS_OUT_INTERMEDIATE:0, RECORDS_OUT_OPERATOR_TS_0:1, 
2024-04-23T21:14:53,999  INFO [LocalJobRunner Map Task Executor #0] exec.SelectOperator: Closing Operator: SEL[1]
2024-04-23T21:14:53,999  INFO [LocalJobRunner Map Task Executor #0] exec.SelectOperator: RECORDS_OUT_OPERATOR_SEL_1:1, RECORDS_OUT_INTERMEDIATE:0, 
2024-04-23T21:14:53,999  INFO [LocalJobRunner Map Task Executor #0] exec.ReduceSinkOperator: Closing Operator: RS[2]
2024-04-23T21:14:53,999  INFO [LocalJobRunner Map Task Executor #0] exec.ReduceSinkOperator: RS[2]: Total records written - 1. abort - false
2024-04-23T21:14:53,999  INFO [LocalJobRunner Map Task Executor #0] exec.ReduceSinkOperator: RECORDS_OUT_INTERMEDIATE:1, RECORDS_OUT_OPERATOR_RS_2:1, 
2024-04-23T21:14:54,000  INFO [LocalJobRunner Map Task Executor #0] mapred.LocalJobRunner: 
2024-04-23T21:14:54,000  INFO [LocalJobRunner Map Task Executor #0] mapred.MapTask: Starting flush of map output
2024-04-23T21:14:54,000  INFO [LocalJobRunner Map Task Executor #0] mapred.MapTask: Spilling map output
2024-04-23T21:14:54,000  INFO [LocalJobRunner Map Task Executor #0] mapred.MapTask: bufstart = 0; bufend = 210; bufvoid = 104857600
2024-04-23T21:14:54,000  INFO [LocalJobRunner Map Task Executor #0] mapred.MapTask: kvstart = 26214396(104857584); kvend = 26214396(104857584); length = 1/6553600
2024-04-23T21:14:54,008  INFO [LocalJobRunner Map Task Executor #0] mapred.MapTask: Finished spill 0
2024-04-23T21:14:54,011  INFO [LocalJobRunner Map Task Executor #0] mapred.Task: Task:attempt_local996129131_0013_m_000003_0 is done. And is in the process of committing
2024-04-23T21:14:54,012  INFO [LocalJobRunner Map Task Executor #0] mapred.LocalJobRunner: OrcSplit [file:/home/alex/Repositories/hive/ql/target/tmp/org.apache.hadoop.hive.ql.TestTxnNoBuckets-1713932056679/warehouse/nobuckets/c3=4/delta_0000001_0000001_0000/bucket_00000_0, start=3, length=309, isOriginal=false, fileLength=663, hasFooter=false, hasBase=true, deltas=0]
2024-04-23T21:14:54,012  INFO [LocalJobRunner Map Task Executor #0] mapred.Task: Task 'attempt_local996129131_0013_m_000003_0' done.
2024-04-23T21:14:54,012  INFO [LocalJobRunner Map Task Executor #0] mapred.Task: Final Counters for attempt_local996129131_0013_m_000003_0: Counters: 24
	File System Counters
		FILE: Number of bytes read=316942
		FILE: Number of bytes written=15345270
		FILE: Number of read operations=0
		FILE: Number of large read operations=0
		FILE: Number of write operations=0
	Map-Reduce Framework
		Map input records=1
		Map output records=1
		Map output bytes=210
		Map output materialized bytes=219
		Input split bytes=511
		Combine input records=0
		Spilled Records=1
		Failed Shuffles=0
		Merged Map outputs=0
		GC time elapsed (ms)=0
		Total committed heap usage (bytes)=1103101952
	HIVE
		DESERIALIZE_ERRORS=0
		RECORDS_IN=1
		RECORDS_OUT_INTERMEDIATE=1
		RECORDS_OUT_OPERATOR_MAP_0=0
		RECORDS_OUT_OPERATOR_RS_2=1
		RECORDS_OUT_OPERATOR_SEL_1=1
		RECORDS_OUT_OPERATOR_TS_0=1
	File Input Format Counters 
		Bytes Read=10078
2024-04-23T21:14:54,012  INFO [LocalJobRunner Map Task Executor #0] mapred.LocalJobRunner: Finishing task: attempt_local996129131_0013_m_000003_0
2024-04-23T21:14:54,012  INFO [LocalJobRunner Map Task Executor #0] mapred.LocalJobRunner: Starting task: attempt_local996129131_0013_m_000004_0
2024-04-23T21:14:54,013  INFO [LocalJobRunner Map Task Executor #0] mapred.Task:  Using ResourceCalculatorProcessTree : [ ]
2024-04-23T21:14:54,014  INFO [LocalJobRunner Map Task Executor #0] mapred.MapTask: Processing split: org.apache.hadoop.hive.ql.io.orc.OrcInputFormat:OrcSplit [file:/home/alex/Repositories/hive/ql/target/tmp/org.apache.hadoop.hive.ql.TestTxnNoBuckets-1713932056679/warehouse/nobuckets/c3=0/delta_0000001_0000001_0000/bucket_00000_0, start=3, length=309, isOriginal=false, fileLength=651, hasFooter=false, hasBase=true, deltas=0]
2024-04-23T21:14:54,014  INFO [LocalJobRunner Map Task Executor #0] exec.SerializationUtilities: Deserializing MapWork using kryo
2024-04-23T21:14:54,015  INFO [LocalJobRunner Map Task Executor #0] exec.Utilities: Deserialized plan (via FILE) - name: null size: 7,27KB
2024-04-23T21:14:54,017  INFO [LocalJobRunner Map Task Executor #0] orc.OrcRawRecordMerger: min key = null, max key = null
2024-04-23T21:14:54,018  INFO [LocalJobRunner Map Task Executor #0] orc.ReaderImpl: Reading ORC rows from file:/home/alex/Repositories/hive/ql/target/tmp/org.apache.hadoop.hive.ql.TestTxnNoBuckets-1713932056679/warehouse/nobuckets/c3=0/delta_0000001_0000001_0000/bucket_00000_0 with {include: [true, true, true], offset: 3, length: 309, schema: struct<c1:int,c2:int>, includeAcidColumns: true}
2024-04-23T21:14:54,019  INFO [LocalJobRunner Map Task Executor #0] orc.OrcRawRecordMerger: updated min key = null, max key = null
2024-04-23T21:14:54,020  INFO [LocalJobRunner Map Task Executor #0] mapred.MapTask: numReduceTasks: 1
2024-04-23T21:14:54,025  INFO [LocalJobRunner Map Task Executor #0] mapred.MapTask: (EQUATOR) 0 kvi 26214396(104857584)
2024-04-23T21:14:54,025  INFO [LocalJobRunner Map Task Executor #0] mapred.MapTask: mapreduce.task.io.sort.mb: 100
2024-04-23T21:14:54,025  INFO [LocalJobRunner Map Task Executor #0] mapred.MapTask: soft limit at 83886080
2024-04-23T21:14:54,025  INFO [LocalJobRunner Map Task Executor #0] mapred.MapTask: bufstart = 0; bufvoid = 104857600
2024-04-23T21:14:54,025  INFO [LocalJobRunner Map Task Executor #0] mapred.MapTask: kvstart = 26214396; length = 6553600
2024-04-23T21:14:54,025  INFO [LocalJobRunner Map Task Executor #0] mapred.MapTask: Map output collector class = org.apache.hadoop.mapred.MapTask$MapOutputBuffer
2024-04-23T21:14:54,026  INFO [LocalJobRunner Map Task Executor #0] exec.MapOperator: Initializing Operator: MAP[0]
2024-04-23T21:14:54,031  INFO [LocalJobRunner Map Task Executor #0] mr.ExecMapper: 
<MAP>Id =0
  <Children>null
  <\Children>
  <Parent><\Parent>
<\MAP>
2024-04-23T21:14:54,033  INFO [LocalJobRunner Map Task Executor #0] exec.TableScanOperator: Initializing Operator: TS[0]
2024-04-23T21:14:54,033  INFO [LocalJobRunner Map Task Executor #0] exec.SelectOperator: Initializing Operator: SEL[1]
2024-04-23T21:14:54,033  INFO [LocalJobRunner Map Task Executor #0] exec.SelectOperator: SELECT struct<c1:int,c2:int,c3:int,row__id:struct<writeid:bigint,bucketid:int,rowid:bigint>,input__file__name:string>
2024-04-23T21:14:54,033  INFO [LocalJobRunner Map Task Executor #0] exec.ReduceSinkOperator: Initializing Operator: RS[2]
2024-04-23T21:14:54,033  INFO [LocalJobRunner Map Task Executor #0] exec.ReduceSinkOperator: Using tag = -1
2024-04-23T21:14:54,034  INFO [LocalJobRunner Map Task Executor #0] exec.ReduceSinkOperator: keys are [reducesinkkey0] num distributions: 1
2024-04-23T21:14:54,034  INFO [LocalJobRunner Map Task Executor #0] exec.ReduceSinkOperator: RS[2]: records written - 1
2024-04-23T21:14:54,034  INFO [LocalJobRunner Map Task Executor #0] exec.MapOperator: MAP[0]: records read - 1
2024-04-23T21:14:54,035  INFO [LocalJobRunner Map Task Executor #0] exec.MapOperator: Closing Operator: MAP[0]
2024-04-23T21:14:54,035  INFO [LocalJobRunner Map Task Executor #0] exec.MapOperator: MAP[0]: Total records read - 1. abort - false
2024-04-23T21:14:54,035  INFO [LocalJobRunner Map Task Executor #0] exec.MapOperator: DESERIALIZE_ERRORS:0, RECORDS_OUT_INTERMEDIATE:0, RECORDS_IN:1, RECORDS_OUT_OPERATOR_MAP_0:0, 
2024-04-23T21:14:54,035  INFO [LocalJobRunner Map Task Executor #0] exec.TableScanOperator: Closing Operator: TS[0]
2024-04-23T21:14:54,035  INFO [LocalJobRunner Map Task Executor #0] exec.TableScanOperator: RECORDS_OUT_INTERMEDIATE:0, RECORDS_OUT_OPERATOR_TS_0:1, 
2024-04-23T21:14:54,035  INFO [LocalJobRunner Map Task Executor #0] exec.SelectOperator: Closing Operator: SEL[1]
2024-04-23T21:14:54,035  INFO [LocalJobRunner Map Task Executor #0] exec.SelectOperator: RECORDS_OUT_INTERMEDIATE:0, RECORDS_OUT_OPERATOR_SEL_1:1, 
2024-04-23T21:14:54,035  INFO [LocalJobRunner Map Task Executor #0] exec.ReduceSinkOperator: Closing Operator: RS[2]
2024-04-23T21:14:54,035  INFO [LocalJobRunner Map Task Executor #0] exec.ReduceSinkOperator: RS[2]: Total records written - 1. abort - false
2024-04-23T21:14:54,035  INFO [LocalJobRunner Map Task Executor #0] exec.ReduceSinkOperator: RECORDS_OUT_INTERMEDIATE:1, RECORDS_OUT_OPERATOR_RS_2:1, 
2024-04-23T21:14:54,036  INFO [LocalJobRunner Map Task Executor #0] mapred.LocalJobRunner: 
2024-04-23T21:14:54,036  INFO [LocalJobRunner Map Task Executor #0] mapred.MapTask: Starting flush of map output
2024-04-23T21:14:54,036  INFO [LocalJobRunner Map Task Executor #0] mapred.MapTask: Spilling map output
2024-04-23T21:14:54,036  INFO [LocalJobRunner Map Task Executor #0] mapred.MapTask: bufstart = 0; bufend = 210; bufvoid = 104857600
2024-04-23T21:14:54,036  INFO [LocalJobRunner Map Task Executor #0] mapred.MapTask: kvstart = 26214396(104857584); kvend = 26214396(104857584); length = 1/6553600
2024-04-23T21:14:54,044  INFO [LocalJobRunner Map Task Executor #0] mapred.MapTask: Finished spill 0
2024-04-23T21:14:54,048  INFO [LocalJobRunner Map Task Executor #0] mapred.Task: Task:attempt_local996129131_0013_m_000004_0 is done. And is in the process of committing
2024-04-23T21:14:54,048  INFO [LocalJobRunner Map Task Executor #0] mapred.LocalJobRunner: OrcSplit [file:/home/alex/Repositories/hive/ql/target/tmp/org.apache.hadoop.hive.ql.TestTxnNoBuckets-1713932056679/warehouse/nobuckets/c3=0/delta_0000001_0000001_0000/bucket_00000_0, start=3, length=309, isOriginal=false, fileLength=651, hasFooter=false, hasBase=true, deltas=0]
2024-04-23T21:14:54,048  INFO [LocalJobRunner Map Task Executor #0] mapred.Task: Task 'attempt_local996129131_0013_m_000004_0' done.
2024-04-23T21:14:54,049  INFO [LocalJobRunner Map Task Executor #0] mapred.Task: Final Counters for attempt_local996129131_0013_m_000004_0: Counters: 24
	File System Counters
		FILE: Number of bytes read=328544
		FILE: Number of bytes written=15345521
		FILE: Number of read operations=0
		FILE: Number of large read operations=0
		FILE: Number of write operations=0
	Map-Reduce Framework
		Map input records=1
		Map output records=1
		Map output bytes=210
		Map output materialized bytes=219
		Input split bytes=511
		Combine input records=0
		Spilled Records=1
		Failed Shuffles=0
		Merged Map outputs=0
		GC time elapsed (ms)=0
		Total committed heap usage (bytes)=1103101952
	HIVE
		DESERIALIZE_ERRORS=0
		RECORDS_IN=1
		RECORDS_OUT_INTERMEDIATE=1
		RECORDS_OUT_OPERATOR_MAP_0=0
		RECORDS_OUT_OPERATOR_RS_2=1
		RECORDS_OUT_OPERATOR_SEL_1=1
		RECORDS_OUT_OPERATOR_TS_0=1
	File Input Format Counters 
		Bytes Read=10030
2024-04-23T21:14:54,049  INFO [LocalJobRunner Map Task Executor #0] mapred.LocalJobRunner: Finishing task: attempt_local996129131_0013_m_000004_0
2024-04-23T21:14:54,049  INFO [LocalJobRunner Map Task Executor #0] mapred.LocalJobRunner: Starting task: attempt_local996129131_0013_m_000005_0
2024-04-23T21:14:54,049  INFO [LocalJobRunner Map Task Executor #0] mapred.Task:  Using ResourceCalculatorProcessTree : [ ]
2024-04-23T21:14:54,050  INFO [LocalJobRunner Map Task Executor #0] mapred.MapTask: Processing split: org.apache.hadoop.hive.ql.io.orc.OrcInputFormat:OrcSplit [file:/home/alex/Repositories/hive/ql/target/tmp/org.apache.hadoop.hive.ql.TestTxnNoBuckets-1713932056679/warehouse/nobuckets/c3=1/delta_0000001_0000001_0000/bucket_00000_0, start=3, length=309, isOriginal=false, fileLength=655, hasFooter=false, hasBase=true, deltas=0]
2024-04-23T21:14:54,051  INFO [LocalJobRunner Map Task Executor #0] exec.SerializationUtilities: Deserializing MapWork using kryo
2024-04-23T21:14:54,052  INFO [LocalJobRunner Map Task Executor #0] exec.Utilities: Deserialized plan (via FILE) - name: null size: 7,27KB
2024-04-23T21:14:54,054  INFO [LocalJobRunner Map Task Executor #0] orc.OrcRawRecordMerger: min key = null, max key = null
2024-04-23T21:14:54,054  INFO [LocalJobRunner Map Task Executor #0] orc.ReaderImpl: Reading ORC rows from file:/home/alex/Repositories/hive/ql/target/tmp/org.apache.hadoop.hive.ql.TestTxnNoBuckets-1713932056679/warehouse/nobuckets/c3=1/delta_0000001_0000001_0000/bucket_00000_0 with {include: [true, true, true], offset: 3, length: 309, schema: struct<c1:int,c2:int>, includeAcidColumns: true}
2024-04-23T21:14:54,055  INFO [LocalJobRunner Map Task Executor #0] orc.OrcRawRecordMerger: updated min key = null, max key = null
2024-04-23T21:14:54,055  INFO [LocalJobRunner Map Task Executor #0] mapred.MapTask: numReduceTasks: 1
2024-04-23T21:14:54,066  INFO [LocalJobRunner Map Task Executor #0] mapred.MapTask: (EQUATOR) 0 kvi 26214396(104857584)
2024-04-23T21:14:54,067  INFO [LocalJobRunner Map Task Executor #0] mapred.MapTask: mapreduce.task.io.sort.mb: 100
2024-04-23T21:14:54,067  INFO [LocalJobRunner Map Task Executor #0] mapred.MapTask: soft limit at 83886080
2024-04-23T21:14:54,067  INFO [LocalJobRunner Map Task Executor #0] mapred.MapTask: bufstart = 0; bufvoid = 104857600
2024-04-23T21:14:54,067  INFO [LocalJobRunner Map Task Executor #0] mapred.MapTask: kvstart = 26214396; length = 6553600
2024-04-23T21:14:54,067  INFO [LocalJobRunner Map Task Executor #0] mapred.MapTask: Map output collector class = org.apache.hadoop.mapred.MapTask$MapOutputBuffer
2024-04-23T21:14:54,068  INFO [LocalJobRunner Map Task Executor #0] exec.MapOperator: Initializing Operator: MAP[0]
2024-04-23T21:14:54,072  INFO [LocalJobRunner Map Task Executor #0] mr.ExecMapper: 
<MAP>Id =0
  <Children>null
  <\Children>
  <Parent><\Parent>
<\MAP>
2024-04-23T21:14:54,074  INFO [LocalJobRunner Map Task Executor #0] exec.TableScanOperator: Initializing Operator: TS[0]
2024-04-23T21:14:54,074  INFO [LocalJobRunner Map Task Executor #0] exec.SelectOperator: Initializing Operator: SEL[1]
2024-04-23T21:14:54,074  INFO [LocalJobRunner Map Task Executor #0] exec.SelectOperator: SELECT struct<c1:int,c2:int,c3:int,row__id:struct<writeid:bigint,bucketid:int,rowid:bigint>,input__file__name:string>
2024-04-23T21:14:54,074  INFO [LocalJobRunner Map Task Executor #0] exec.ReduceSinkOperator: Initializing Operator: RS[2]
2024-04-23T21:14:54,074  INFO [LocalJobRunner Map Task Executor #0] exec.ReduceSinkOperator: Using tag = -1
2024-04-23T21:14:54,075  INFO [LocalJobRunner Map Task Executor #0] exec.ReduceSinkOperator: keys are [reducesinkkey0] num distributions: 1
2024-04-23T21:14:54,075  INFO [LocalJobRunner Map Task Executor #0] exec.ReduceSinkOperator: RS[2]: records written - 1
2024-04-23T21:14:54,075  INFO [LocalJobRunner Map Task Executor #0] exec.MapOperator: MAP[0]: records read - 1
2024-04-23T21:14:54,075  INFO [LocalJobRunner Map Task Executor #0] exec.MapOperator: Closing Operator: MAP[0]
2024-04-23T21:14:54,075  INFO [LocalJobRunner Map Task Executor #0] exec.MapOperator: MAP[0]: Total records read - 1. abort - false
2024-04-23T21:14:54,075  INFO [LocalJobRunner Map Task Executor #0] exec.MapOperator: RECORDS_OUT_OPERATOR_MAP_0:0, RECORDS_IN:1, RECORDS_OUT_INTERMEDIATE:0, DESERIALIZE_ERRORS:0, 
2024-04-23T21:14:54,075  INFO [LocalJobRunner Map Task Executor #0] exec.TableScanOperator: Closing Operator: TS[0]
2024-04-23T21:14:54,075  INFO [LocalJobRunner Map Task Executor #0] exec.TableScanOperator: RECORDS_OUT_INTERMEDIATE:0, RECORDS_OUT_OPERATOR_TS_0:1, 
2024-04-23T21:14:54,075  INFO [LocalJobRunner Map Task Executor #0] exec.SelectOperator: Closing Operator: SEL[1]
2024-04-23T21:14:54,076  INFO [LocalJobRunner Map Task Executor #0] exec.SelectOperator: RECORDS_OUT_OPERATOR_SEL_1:1, RECORDS_OUT_INTERMEDIATE:0, 
2024-04-23T21:14:54,076  INFO [LocalJobRunner Map Task Executor #0] exec.ReduceSinkOperator: Closing Operator: RS[2]
2024-04-23T21:14:54,076  INFO [LocalJobRunner Map Task Executor #0] exec.ReduceSinkOperator: RS[2]: Total records written - 1. abort - false
2024-04-23T21:14:54,076  INFO [LocalJobRunner Map Task Executor #0] exec.ReduceSinkOperator: RECORDS_OUT_INTERMEDIATE:1, RECORDS_OUT_OPERATOR_RS_2:1, 
2024-04-23T21:14:54,076  INFO [LocalJobRunner Map Task Executor #0] mapred.LocalJobRunner: 
2024-04-23T21:14:54,076  INFO [LocalJobRunner Map Task Executor #0] mapred.MapTask: Starting flush of map output
2024-04-23T21:14:54,076  INFO [LocalJobRunner Map Task Executor #0] mapred.MapTask: Spilling map output
2024-04-23T21:14:54,076  INFO [LocalJobRunner Map Task Executor #0] mapred.MapTask: bufstart = 0; bufend = 210; bufvoid = 104857600
2024-04-23T21:14:54,076  INFO [LocalJobRunner Map Task Executor #0] mapred.MapTask: kvstart = 26214396(104857584); kvend = 26214396(104857584); length = 1/6553600
2024-04-23T21:14:54,084  INFO [LocalJobRunner Map Task Executor #0] mapred.MapTask: Finished spill 0
2024-04-23T21:14:54,087  INFO [LocalJobRunner Map Task Executor #0] mapred.Task: Task:attempt_local996129131_0013_m_000005_0 is done. And is in the process of committing
2024-04-23T21:14:54,088  INFO [LocalJobRunner Map Task Executor #0] mapred.LocalJobRunner: OrcSplit [file:/home/alex/Repositories/hive/ql/target/tmp/org.apache.hadoop.hive.ql.TestTxnNoBuckets-1713932056679/warehouse/nobuckets/c3=1/delta_0000001_0000001_0000/bucket_00000_0, start=3, length=309, isOriginal=false, fileLength=655, hasFooter=false, hasBase=true, deltas=0]
2024-04-23T21:14:54,088  INFO [LocalJobRunner Map Task Executor #0] mapred.Task: Task 'attempt_local996129131_0013_m_000005_0' done.
2024-04-23T21:14:54,088  INFO [LocalJobRunner Map Task Executor #0] mapred.Task: Final Counters for attempt_local996129131_0013_m_000005_0: Counters: 24
	File System Counters
		FILE: Number of bytes read=339650
		FILE: Number of bytes written=15345772
		FILE: Number of read operations=0
		FILE: Number of large read operations=0
		FILE: Number of write operations=0
	Map-Reduce Framework
		Map input records=1
		Map output records=1
		Map output bytes=210
		Map output materialized bytes=219
		Input split bytes=511
		Combine input records=0
		Spilled Records=1
		Failed Shuffles=0
		Merged Map outputs=0
		GC time elapsed (ms)=6
		Total committed heap usage (bytes)=1103626240
	HIVE
		DESERIALIZE_ERRORS=0
		RECORDS_IN=1
		RECORDS_OUT_INTERMEDIATE=1
		RECORDS_OUT_OPERATOR_MAP_0=0
		RECORDS_OUT_OPERATOR_RS_2=1
		RECORDS_OUT_OPERATOR_SEL_1=1
		RECORDS_OUT_OPERATOR_TS_0=1
	File Input Format Counters 
		Bytes Read=10046
2024-04-23T21:14:54,089  INFO [LocalJobRunner Map Task Executor #0] mapred.LocalJobRunner: Finishing task: attempt_local996129131_0013_m_000005_0
2024-04-23T21:14:54,089  INFO [LocalJobRunner Map Task Executor #0] mapred.LocalJobRunner: Starting task: attempt_local996129131_0013_m_000006_0
2024-04-23T21:14:54,089  INFO [LocalJobRunner Map Task Executor #0] mapred.Task:  Using ResourceCalculatorProcessTree : [ ]
2024-04-23T21:14:54,090  INFO [LocalJobRunner Map Task Executor #0] mapred.MapTask: Processing split: org.apache.hadoop.hive.ql.io.orc.OrcInputFormat:OrcSplit [file:/home/alex/Repositories/hive/ql/target/tmp/org.apache.hadoop.hive.ql.TestTxnNoBuckets-1713932056679/warehouse/nobuckets/c3=6/delta_0000001_0000001_0000/bucket_00000_0, start=3, length=309, isOriginal=false, fileLength=665, hasFooter=false, hasBase=true, deltas=0]
2024-04-23T21:14:54,091  INFO [LocalJobRunner Map Task Executor #0] exec.SerializationUtilities: Deserializing MapWork using kryo
2024-04-23T21:14:54,092  INFO [LocalJobRunner Map Task Executor #0] exec.Utilities: Deserialized plan (via FILE) - name: null size: 7,27KB
2024-04-23T21:14:54,094  INFO [LocalJobRunner Map Task Executor #0] orc.OrcRawRecordMerger: min key = null, max key = null
2024-04-23T21:14:54,094  INFO [LocalJobRunner Map Task Executor #0] orc.ReaderImpl: Reading ORC rows from file:/home/alex/Repositories/hive/ql/target/tmp/org.apache.hadoop.hive.ql.TestTxnNoBuckets-1713932056679/warehouse/nobuckets/c3=6/delta_0000001_0000001_0000/bucket_00000_0 with {include: [true, true, true], offset: 3, length: 309, schema: struct<c1:int,c2:int>, includeAcidColumns: true}
2024-04-23T21:14:54,096  INFO [LocalJobRunner Map Task Executor #0] orc.OrcRawRecordMerger: updated min key = null, max key = null
2024-04-23T21:14:54,096  INFO [LocalJobRunner Map Task Executor #0] mapred.MapTask: numReduceTasks: 1
2024-04-23T21:14:54,102  INFO [LocalJobRunner Map Task Executor #0] mapred.MapTask: (EQUATOR) 0 kvi 26214396(104857584)
2024-04-23T21:14:54,102  INFO [LocalJobRunner Map Task Executor #0] mapred.MapTask: mapreduce.task.io.sort.mb: 100
2024-04-23T21:14:54,102  INFO [LocalJobRunner Map Task Executor #0] mapred.MapTask: soft limit at 83886080
2024-04-23T21:14:54,102  INFO [LocalJobRunner Map Task Executor #0] mapred.MapTask: bufstart = 0; bufvoid = 104857600
2024-04-23T21:14:54,102  INFO [LocalJobRunner Map Task Executor #0] mapred.MapTask: kvstart = 26214396; length = 6553600
2024-04-23T21:14:54,102  INFO [LocalJobRunner Map Task Executor #0] mapred.MapTask: Map output collector class = org.apache.hadoop.mapred.MapTask$MapOutputBuffer
2024-04-23T21:14:54,103  INFO [LocalJobRunner Map Task Executor #0] exec.MapOperator: Initializing Operator: MAP[0]
2024-04-23T21:14:54,108  INFO [LocalJobRunner Map Task Executor #0] mr.ExecMapper: 
<MAP>Id =0
  <Children>null
  <\Children>
  <Parent><\Parent>
<\MAP>
2024-04-23T21:14:54,110  INFO [LocalJobRunner Map Task Executor #0] exec.TableScanOperator: Initializing Operator: TS[0]
2024-04-23T21:14:54,110  INFO [LocalJobRunner Map Task Executor #0] exec.SelectOperator: Initializing Operator: SEL[1]
2024-04-23T21:14:54,110  INFO [LocalJobRunner Map Task Executor #0] exec.SelectOperator: SELECT struct<c1:int,c2:int,c3:int,row__id:struct<writeid:bigint,bucketid:int,rowid:bigint>,input__file__name:string>
2024-04-23T21:14:54,110  INFO [LocalJobRunner Map Task Executor #0] exec.ReduceSinkOperator: Initializing Operator: RS[2]
2024-04-23T21:14:54,110  INFO [LocalJobRunner Map Task Executor #0] exec.ReduceSinkOperator: Using tag = -1
2024-04-23T21:14:54,111  INFO [LocalJobRunner Map Task Executor #0] exec.ReduceSinkOperator: keys are [reducesinkkey0] num distributions: 1
2024-04-23T21:14:54,111  INFO [LocalJobRunner Map Task Executor #0] exec.ReduceSinkOperator: RS[2]: records written - 1
2024-04-23T21:14:54,111  INFO [LocalJobRunner Map Task Executor #0] exec.MapOperator: MAP[0]: records read - 1
2024-04-23T21:14:54,111  INFO [LocalJobRunner Map Task Executor #0] exec.MapOperator: Closing Operator: MAP[0]
2024-04-23T21:14:54,111  INFO [LocalJobRunner Map Task Executor #0] exec.MapOperator: MAP[0]: Total records read - 1. abort - false
2024-04-23T21:14:54,111  INFO [LocalJobRunner Map Task Executor #0] exec.MapOperator: DESERIALIZE_ERRORS:0, RECORDS_IN:1, RECORDS_OUT_INTERMEDIATE:0, RECORDS_OUT_OPERATOR_MAP_0:0, 
2024-04-23T21:14:54,112  INFO [LocalJobRunner Map Task Executor #0] exec.TableScanOperator: Closing Operator: TS[0]
2024-04-23T21:14:54,112  INFO [LocalJobRunner Map Task Executor #0] exec.TableScanOperator: RECORDS_OUT_INTERMEDIATE:0, RECORDS_OUT_OPERATOR_TS_0:1, 
2024-04-23T21:14:54,112  INFO [LocalJobRunner Map Task Executor #0] exec.SelectOperator: Closing Operator: SEL[1]
2024-04-23T21:14:54,112  INFO [LocalJobRunner Map Task Executor #0] exec.SelectOperator: RECORDS_OUT_OPERATOR_SEL_1:1, RECORDS_OUT_INTERMEDIATE:0, 
2024-04-23T21:14:54,112  INFO [LocalJobRunner Map Task Executor #0] exec.ReduceSinkOperator: Closing Operator: RS[2]
2024-04-23T21:14:54,112  INFO [LocalJobRunner Map Task Executor #0] exec.ReduceSinkOperator: RS[2]: Total records written - 1. abort - false
2024-04-23T21:14:54,112  INFO [LocalJobRunner Map Task Executor #0] exec.ReduceSinkOperator: RECORDS_OUT_INTERMEDIATE:1, RECORDS_OUT_OPERATOR_RS_2:1, 
2024-04-23T21:14:54,113  INFO [LocalJobRunner Map Task Executor #0] mapred.LocalJobRunner: 
2024-04-23T21:14:54,113  INFO [LocalJobRunner Map Task Executor #0] mapred.MapTask: Starting flush of map output
2024-04-23T21:14:54,113  INFO [LocalJobRunner Map Task Executor #0] mapred.MapTask: Spilling map output
2024-04-23T21:14:54,113  INFO [LocalJobRunner Map Task Executor #0] mapred.MapTask: bufstart = 0; bufend = 210; bufvoid = 104857600
2024-04-23T21:14:54,113  INFO [LocalJobRunner Map Task Executor #0] mapred.MapTask: kvstart = 26214396(104857584); kvend = 26214396(104857584); length = 1/6553600
2024-04-23T21:14:54,121  INFO [LocalJobRunner Map Task Executor #0] mapred.MapTask: Finished spill 0
2024-04-23T21:14:54,124  INFO [LocalJobRunner Map Task Executor #0] mapred.Task: Task:attempt_local996129131_0013_m_000006_0 is done. And is in the process of committing
2024-04-23T21:14:54,125  INFO [LocalJobRunner Map Task Executor #0] mapred.LocalJobRunner: OrcSplit [file:/home/alex/Repositories/hive/ql/target/tmp/org.apache.hadoop.hive.ql.TestTxnNoBuckets-1713932056679/warehouse/nobuckets/c3=6/delta_0000001_0000001_0000/bucket_00000_0, start=3, length=309, isOriginal=false, fileLength=665, hasFooter=false, hasBase=true, deltas=0]
2024-04-23T21:14:54,125  INFO [LocalJobRunner Map Task Executor #0] mapred.Task: Task 'attempt_local996129131_0013_m_000006_0' done.
2024-04-23T21:14:54,125  INFO [LocalJobRunner Map Task Executor #0] mapred.Task: Final Counters for attempt_local996129131_0013_m_000006_0: Counters: 24
	File System Counters
		FILE: Number of bytes read=350284
		FILE: Number of bytes written=15346023
		FILE: Number of read operations=0
		FILE: Number of large read operations=0
		FILE: Number of write operations=0
	Map-Reduce Framework
		Map input records=1
		Map output records=1
		Map output bytes=210
		Map output materialized bytes=219
		Input split bytes=511
		Combine input records=0
		Spilled Records=1
		Failed Shuffles=0
		Merged Map outputs=0
		GC time elapsed (ms)=0
		Total committed heap usage (bytes)=1103626240
	HIVE
		DESERIALIZE_ERRORS=0
		RECORDS_IN=1
		RECORDS_OUT_INTERMEDIATE=1
		RECORDS_OUT_OPERATOR_MAP_0=0
		RECORDS_OUT_OPERATOR_RS_2=1
		RECORDS_OUT_OPERATOR_SEL_1=1
		RECORDS_OUT_OPERATOR_TS_0=1
	File Input Format Counters 
		Bytes Read=10086
2024-04-23T21:14:54,125  INFO [LocalJobRunner Map Task Executor #0] mapred.LocalJobRunner: Finishing task: attempt_local996129131_0013_m_000006_0
2024-04-23T21:14:54,126  INFO [Thread-907] mapred.LocalJobRunner: map task executor complete.
2024-04-23T21:14:54,127  INFO [Thread-907] mapred.LocalJobRunner: Waiting for reduce tasks
2024-04-23T21:14:54,127  INFO [pool-77-thread-1] mapred.LocalJobRunner: Starting task: attempt_local996129131_0013_r_000000_0
2024-04-23T21:14:54,128  INFO [pool-77-thread-1] mapred.Task:  Using ResourceCalculatorProcessTree : [ ]
2024-04-23T21:14:54,128  INFO [pool-77-thread-1] mapred.ReduceTask: Using ShuffleConsumerPlugin: org.apache.hadoop.mapreduce.task.reduce.Shuffle@16105df2
2024-04-23T21:14:54,128  WARN [pool-77-thread-1] impl.MetricsSystemImpl: JobTracker metrics system already initialized!
2024-04-23T21:14:54,129  INFO [pool-77-thread-1] reduce.MergeManagerImpl: MergerManager: memoryLimit=1336252800, maxSingleShuffleLimit=334063200, mergeThreshold=881926912, ioSortFactor=10, memToMemMergeOutputsThreshold=10
2024-04-23T21:14:54,130  INFO [EventFetcher for fetching Map Completion Events] reduce.EventFetcher: attempt_local996129131_0013_r_000000_0 Thread started: EventFetcher for fetching Map Completion Events
2024-04-23T21:14:54,133  INFO [localfetcher#10] reduce.LocalFetcher: localfetcher#10 about to shuffle output of map attempt_local996129131_0013_m_000001_0 decomp: 215 len: 219 to MEMORY
2024-04-23T21:14:54,133  INFO [localfetcher#10] reduce.InMemoryMapOutput: Read 215 bytes from map-output for attempt_local996129131_0013_m_000001_0
2024-04-23T21:14:54,133  INFO [localfetcher#10] reduce.MergeManagerImpl: closeInMemoryFile -> map-output of size: 215, inMemoryMapOutputs.size() -> 1, commitMemory -> 0, usedMemory ->215
2024-04-23T21:14:54,136  INFO [localfetcher#10] reduce.LocalFetcher: localfetcher#10 about to shuffle output of map attempt_local996129131_0013_m_000006_0 decomp: 215 len: 219 to MEMORY
2024-04-23T21:14:54,136  INFO [localfetcher#10] reduce.InMemoryMapOutput: Read 215 bytes from map-output for attempt_local996129131_0013_m_000006_0
2024-04-23T21:14:54,136  INFO [localfetcher#10] reduce.MergeManagerImpl: closeInMemoryFile -> map-output of size: 215, inMemoryMapOutputs.size() -> 2, commitMemory -> 215, usedMemory ->430
2024-04-23T21:14:54,138  INFO [localfetcher#10] reduce.LocalFetcher: localfetcher#10 about to shuffle output of map attempt_local996129131_0013_m_000003_0 decomp: 215 len: 219 to MEMORY
2024-04-23T21:14:54,139  INFO [localfetcher#10] reduce.InMemoryMapOutput: Read 215 bytes from map-output for attempt_local996129131_0013_m_000003_0
2024-04-23T21:14:54,139  INFO [localfetcher#10] reduce.MergeManagerImpl: closeInMemoryFile -> map-output of size: 215, inMemoryMapOutputs.size() -> 3, commitMemory -> 430, usedMemory ->645
2024-04-23T21:14:54,141  INFO [localfetcher#10] reduce.LocalFetcher: localfetcher#10 about to shuffle output of map attempt_local996129131_0013_m_000005_0 decomp: 215 len: 219 to MEMORY
2024-04-23T21:14:54,141  INFO [localfetcher#10] reduce.InMemoryMapOutput: Read 215 bytes from map-output for attempt_local996129131_0013_m_000005_0
2024-04-23T21:14:54,141  INFO [localfetcher#10] reduce.MergeManagerImpl: closeInMemoryFile -> map-output of size: 215, inMemoryMapOutputs.size() -> 4, commitMemory -> 645, usedMemory ->860
2024-04-23T21:14:54,143  INFO [localfetcher#10] reduce.LocalFetcher: localfetcher#10 about to shuffle output of map attempt_local996129131_0013_m_000000_0 decomp: 428 len: 432 to MEMORY
2024-04-23T21:14:54,144  INFO [localfetcher#10] reduce.InMemoryMapOutput: Read 428 bytes from map-output for attempt_local996129131_0013_m_000000_0
2024-04-23T21:14:54,144  INFO [localfetcher#10] reduce.MergeManagerImpl: closeInMemoryFile -> map-output of size: 428, inMemoryMapOutputs.size() -> 5, commitMemory -> 860, usedMemory ->1288
2024-04-23T21:14:54,146  INFO [localfetcher#10] reduce.LocalFetcher: localfetcher#10 about to shuffle output of map attempt_local996129131_0013_m_000002_0 decomp: 215 len: 219 to MEMORY
2024-04-23T21:14:54,146  INFO [localfetcher#10] reduce.InMemoryMapOutput: Read 215 bytes from map-output for attempt_local996129131_0013_m_000002_0
2024-04-23T21:14:54,146  INFO [localfetcher#10] reduce.MergeManagerImpl: closeInMemoryFile -> map-output of size: 215, inMemoryMapOutputs.size() -> 6, commitMemory -> 1288, usedMemory ->1503
2024-04-23T21:14:54,148  INFO [localfetcher#10] reduce.LocalFetcher: localfetcher#10 about to shuffle output of map attempt_local996129131_0013_m_000004_0 decomp: 215 len: 219 to MEMORY
2024-04-23T21:14:54,148  INFO [localfetcher#10] reduce.InMemoryMapOutput: Read 215 bytes from map-output for attempt_local996129131_0013_m_000004_0
2024-04-23T21:14:54,148  INFO [localfetcher#10] reduce.MergeManagerImpl: closeInMemoryFile -> map-output of size: 215, inMemoryMapOutputs.size() -> 7, commitMemory -> 1503, usedMemory ->1718
2024-04-23T21:14:54,149  INFO [EventFetcher for fetching Map Completion Events] reduce.EventFetcher: EventFetcher is interrupted.. Returning
2024-04-23T21:14:54,149  INFO [pool-77-thread-1] mapred.LocalJobRunner: 7 / 7 copied.
2024-04-23T21:14:54,149  INFO [pool-77-thread-1] reduce.MergeManagerImpl: finalMerge called with 7 in-memory map-outputs and 0 on-disk map-outputs
2024-04-23T21:14:54,156  INFO [pool-77-thread-1] mapred.Merger: Merging 7 sorted segments
2024-04-23T21:14:54,156  INFO [pool-77-thread-1] mapred.Merger: Down to the last merge-pass, with 7 segments left of total size: 1494 bytes
2024-04-23T21:14:54,159  INFO [pool-77-thread-1] reduce.MergeManagerImpl: Merged 7 segments, 1718 bytes to disk to satisfy reduce memory limit
2024-04-23T21:14:54,159  INFO [pool-77-thread-1] reduce.MergeManagerImpl: Merging 1 files, 1710 bytes from disk
2024-04-23T21:14:54,159  INFO [pool-77-thread-1] reduce.MergeManagerImpl: Merging 0 segments, 0 bytes from memory into reduce
2024-04-23T21:14:54,159  INFO [pool-77-thread-1] mapred.Merger: Merging 1 sorted segments
2024-04-23T21:14:54,159  INFO [pool-77-thread-1] mapred.Merger: Down to the last merge-pass, with 1 segments left of total size: 1674 bytes
2024-04-23T21:14:54,160  INFO [pool-77-thread-1] mapred.LocalJobRunner: 7 / 7 copied.
2024-04-23T21:14:54,160  INFO [pool-77-thread-1] exec.SerializationUtilities: Deserializing ReduceWork using kryo
2024-04-23T21:14:54,161  INFO [pool-77-thread-1] exec.Utilities: Deserialized plan (via FILE) - name: null size: 6,15KB
2024-04-23T21:14:54,162  INFO [pool-77-thread-1] ExecReducer: 
<SEL>Id =3
  <Children>
    <FS>Id =4
      <Children>
      <\Children>
      <Parent>Id = 3 null<\Parent>
    <\FS>
  <\Children>
  <Parent><\Parent>
<\SEL>
2024-04-23T21:14:54,162  INFO [pool-77-thread-1] exec.SelectOperator: Initializing Operator: SEL[3]
2024-04-23T21:14:54,162  INFO [pool-77-thread-1] exec.SelectOperator: SELECT struct<key:struct<reducesinkkey0:struct<writeid:bigint,bucketid:int,rowid:bigint>>,value:struct<_col0:int,_col1:int,_col2:int,_col3:string>>
2024-04-23T21:14:54,162  INFO [pool-77-thread-1] exec.FileSinkOperator: Initializing Operator: FS[4]
2024-04-23T21:14:54,163  INFO [pool-77-thread-1] exec.FileSinkOperator: Using serializer : class org.apache.hadoop.hive.serde2.lazy.LazySimpleSerDe [serdeParams=org.apache.hadoop.hive.serde2.lazy.LazySerDeParameters@710822b5, cachedObjectInspector=org.apache.hadoop.hive.serde2.lazy.objectinspector.LazySimpleStructObjectInspector<org.apache.hadoop.hive.serde2.lazy.objectinspector.LazySimpleStructObjectInspector<org.apache.hadoop.hive.serde2.lazy.objectinspector.primitive.LazyLongObjectInspector@18f919ce,org.apache.hadoop.hive.serde2.lazy.objectinspector.primitive.LazyIntObjectInspector@4dea763c,org.apache.hadoop.hive.serde2.lazy.objectinspector.primitive.LazyLongObjectInspector@18f919ce>,org.apache.hadoop.hive.serde2.lazy.objectinspector.primitive.LazyIntObjectInspector@4dea763c,org.apache.hadoop.hive.serde2.lazy.objectinspector.primitive.LazyIntObjectInspector@4dea763c,org.apache.hadoop.hive.serde2.lazy.objectinspector.primitive.LazyIntObjectInspector@4dea763c,org.apache.hadoop.hive.serde2.lazy.objectinspector.primitive.LazyStringObjectInspector@41fdb59c>, serializedSize=0, stats=org.apache.hadoop.hive.serde2.SerDeStats@21b423d5, lastOperationSerialize=false, lastOperationDeserialize=false [1, 2, 3, 4, 5, 6, 7, 8, 11, 14, 15, 16, 17, 18, 19, 20, 21, 22, 23, 24, 25, 26, 28, 29, 30, 31, -128, -127, -126, -125, -124, -123, -122, -121, -120, -119, -118, -117, -116, -115, -114, -113, -112, -111, -110, -109, -108, -107, -106, -105, -104, -103, -102, -101, -100, -99, -98, -97, -96, -95, -94, -93, -92, -91, -90, -89, -88, -87, -86, -85, -84, -83, -82, -81, -80, -79, -78, -77, -76, -75, -74, -73, -72, -71, -70, -69, -68, -67, -66, -65, -64, -63, -62, -61, -60, -59, -58, -57, -56, -55, -54, -53, -52, -51, -50, -49, -48, -47, -46, -45, -44, -43, -42, -41, -40, -39, -38, -37, -36, -35, -34, -33, -32, -31, -30, -29, -28, -27, -26, -25, -24, -23, -22, -21, -20, -19, -18, -17, -16, -15, -14, -13, -12, -11, -10, -9, -8, -7, -6, -5, -4, -3, -2, -1] : [_col0, _col1, _col2, _col3, _col4] : [struct<writeid:bigint,bucketid:int,rowid:bigint>, int, int, int, string]] and formatter : org.apache.hadoop.hive.ql.io.HiveSequenceFileOutputFormat@6b608d80
2024-04-23T21:14:54,164  INFO [pool-77-thread-1] exec.FileSinkOperator: Final Path: FS file:/home/alex/Repositories/hive/ql/target/tmp/localscratchdir/c896a1fb-210a-4f53-aacd-b68a5f5adf47/hive_2024-04-23_21-14-53_395_7807993466255268336-1/-mr-10001/.hive-staging_hive_2024-04-23_21-14-53_395_7807993466255268336-1/_tmp.-ext-10002/000000_0
2024-04-23T21:14:54,164  INFO [pool-77-thread-1] exec.FileSinkOperator: Writing to temp file: FS file:/home/alex/Repositories/hive/ql/target/tmp/localscratchdir/c896a1fb-210a-4f53-aacd-b68a5f5adf47/hive_2024-04-23_21-14-53_395_7807993466255268336-1/-mr-10001/.hive-staging_hive_2024-04-23_21-14-53_395_7807993466255268336-1/_task_tmp.-ext-10002/_tmp.000000_0
2024-04-23T21:14:54,164  INFO [pool-77-thread-1] exec.FileSinkOperator: New Final Path: FS file:/home/alex/Repositories/hive/ql/target/tmp/localscratchdir/c896a1fb-210a-4f53-aacd-b68a5f5adf47/hive_2024-04-23_21-14-53_395_7807993466255268336-1/-mr-10001/.hive-staging_hive_2024-04-23_21-14-53_395_7807993466255268336-1/_tmp.-ext-10002/000000_0
2024-04-23T21:14:54,172  INFO [pool-77-thread-1] exec.FileSinkOperator: FS[4]: records written - 1
2024-04-23T21:14:54,173  INFO [pool-77-thread-1] exec.SelectOperator: Closing Operator: SEL[3]
2024-04-23T21:14:54,173  INFO [pool-77-thread-1] exec.SelectOperator: RECORDS_OUT_INTERMEDIATE:0, RECORDS_OUT_OPERATOR_SEL_3:8, 
2024-04-23T21:14:54,173  INFO [pool-77-thread-1] exec.FileSinkOperator: Closing Operator: FS[4]
2024-04-23T21:14:54,173  INFO [pool-77-thread-1] exec.FileSinkOperator: FS[4]: records written - 8
2024-04-23T21:14:54,174  INFO [pool-77-thread-1] exec.FileSinkOperator: RECORDS_OUT_INTERMEDIATE:0, RECORDS_OUT_0:8, RECORDS_OUT_OPERATOR_FS_4:8, 
2024-04-23T21:14:54,174  INFO [pool-77-thread-1] mapred.Task: Task:attempt_local996129131_0013_r_000000_0 is done. And is in the process of committing
2024-04-23T21:14:54,175  INFO [pool-77-thread-1] mapred.LocalJobRunner: reduce > reduce
2024-04-23T21:14:54,175  INFO [pool-77-thread-1] mapred.Task: Task 'attempt_local996129131_0013_r_000000_0' done.
2024-04-23T21:14:54,175  INFO [pool-77-thread-1] mapred.Task: Final Counters for attempt_local996129131_0013_r_000000_0: Counters: 29
	File System Counters
		FILE: Number of bytes read=360175
		FILE: Number of bytes written=15349484
		FILE: Number of read operations=0
		FILE: Number of large read operations=0
		FILE: Number of write operations=0
	Map-Reduce Framework
		Combine input records=0
		Combine output records=0
		Reduce input groups=2
		Reduce shuffle bytes=1746
		Reduce input records=8
		Reduce output records=0
		Spilled Records=8
		Shuffled Maps =7
		Failed Shuffles=0
		Merged Map outputs=7
		GC time elapsed (ms)=0
		Total committed heap usage (bytes)=1103626240
	HIVE
		CREATED_FILES=1
		RECORDS_OUT_0=8
		RECORDS_OUT_INTERMEDIATE=0
		RECORDS_OUT_OPERATOR_FS_4=8
		RECORDS_OUT_OPERATOR_SEL_3=8
	Shuffle Errors
		BAD_ID=0
		CONNECTION=0
		IO_ERROR=0
		WRONG_LENGTH=0
		WRONG_MAP=0
		WRONG_REDUCE=0
	File Output Format Counters 
		Bytes Written=0
2024-04-23T21:14:54,175  INFO [pool-77-thread-1] mapred.LocalJobRunner: Finishing task: attempt_local996129131_0013_r_000000_0
2024-04-23T21:14:54,175  INFO [Thread-907] mapred.LocalJobRunner: reduce task executor complete.
2024-04-23 21:14:54,867 Stage-1 map = 100%,  reduce = 100%
2024-04-23T21:14:54,867  INFO [main] exec.Task: 2024-04-23 21:14:54,867 Stage-1 map = 100%,  reduce = 100%
Ended Job = job_local996129131_0013
2024-04-23T21:14:54,872  INFO [main] exec.Task: Ended Job = job_local996129131_0013
2024-04-23T21:14:54,874  INFO [main] metadata.Hive: Dumping metastore api call timing information for : execution phase
2024-04-23T21:14:54,874  INFO [main] metadata.Hive: Total time spent in each metastore function (ms): {}
MapReduce Jobs Launched: 
2024-04-23T21:14:54,874  INFO [main] ql.Driver: MapReduce Jobs Launched: 
Stage-Stage-1:  HDFS Read: 0 HDFS Write: 0 SUCCESS
2024-04-23T21:14:54,875  INFO [main] ql.Driver: Stage-Stage-1:  HDFS Read: 0 HDFS Write: 0 SUCCESS
Total MapReduce CPU Time Spent: 0 msec
2024-04-23T21:14:54,875  INFO [main] ql.Driver: Total MapReduce CPU Time Spent: 0 msec
2024-04-23T21:14:54,875  INFO [main] ql.Driver: Completed executing command(queryId=alex_20240423211453_4573fa7d-a9be-4ebe-bf8c-02d651f337d2); Time taken: 1.296 seconds
2024-04-23T21:14:54,875  INFO [main] lockmgr.DbTxnManager: Stopped heartbeat for query: alex_20240423211453_4573fa7d-a9be-4ebe-bf8c-02d651f337d2
2024-04-23T21:14:54,881  INFO [main] txn.TxnHandler: Expected to move at least one record from txn_components to completed_txn_components when committing txn! txnid:22
2024-04-23T21:14:54,888  INFO [main] txn.TxnHandler: Removed transactions: ([22]) from MIN_HISTORY_LEVEL
2024-04-23T21:14:54,889  WARN [main] txn.CompactionTxnHandler: No compaction queue record found for Compaction type transaction commit. txnId:22
2024-04-23T21:14:54,893  INFO [main] mapred.FileInputFormat: Total input files to process : 1
2024-04-23T21:14:54,895  INFO [main] exec.ListSinkOperator: Closing Operator: LIST_SINK[5]
2024-04-23T21:14:54,895  INFO [main] exec.ListSinkOperator: RECORDS_OUT_INTERMEDIATE:0, RECORDS_OUT_OPERATOR_LIST_SINK_5:8, 
2024-04-23T21:14:54,895  WARN [main] ql.TestTxnNoBuckets: after insert
2024-04-23T21:14:54,895  WARN [main] ql.TestTxnNoBuckets: {"writeid":1,"bucketid":536870912,"rowid":0}	2	2	2	file:/home/alex/Repositories/hive/ql/target/tmp/org.apache.hadoop.hive.ql.TestTxnNoBuckets-1713932056679/warehouse/nobuckets/c3=2/delta_0000001_0000001_0000/bucket_00000_0
2024-04-23T21:14:54,895  WARN [main] ql.TestTxnNoBuckets: {"writeid":1,"bucketid":536870912,"rowid":0}	3	3	3	file:/home/alex/Repositories/hive/ql/target/tmp/org.apache.hadoop.hive.ql.TestTxnNoBuckets-1713932056679/warehouse/nobuckets/c3=3/delta_0000001_0000001_0000/bucket_00000_0
2024-04-23T21:14:54,895  WARN [main] ql.TestTxnNoBuckets: {"writeid":1,"bucketid":536870912,"rowid":0}	6	6	6	file:/home/alex/Repositories/hive/ql/target/tmp/org.apache.hadoop.hive.ql.TestTxnNoBuckets-1713932056679/warehouse/nobuckets/c3=6/delta_0000001_0000001_0000/bucket_00000_0
2024-04-23T21:14:54,895  WARN [main] ql.TestTxnNoBuckets: {"writeid":1,"bucketid":536870912,"rowid":0}	0	0	0	file:/home/alex/Repositories/hive/ql/target/tmp/org.apache.hadoop.hive.ql.TestTxnNoBuckets-1713932056679/warehouse/nobuckets/c3=0/delta_0000001_0000001_0000/bucket_00000_0
2024-04-23T21:14:54,895  WARN [main] ql.TestTxnNoBuckets: {"writeid":1,"bucketid":536870912,"rowid":0}	5	5	5	file:/home/alex/Repositories/hive/ql/target/tmp/org.apache.hadoop.hive.ql.TestTxnNoBuckets-1713932056679/warehouse/nobuckets/c3=5/delta_0000001_0000001_0000/bucket_00000_0
2024-04-23T21:14:54,895  WARN [main] ql.TestTxnNoBuckets: {"writeid":1,"bucketid":536870912,"rowid":0}	1	1	1	file:/home/alex/Repositories/hive/ql/target/tmp/org.apache.hadoop.hive.ql.TestTxnNoBuckets-1713932056679/warehouse/nobuckets/c3=1/delta_0000001_0000001_0000/bucket_00000_0
2024-04-23T21:14:54,895  WARN [main] ql.TestTxnNoBuckets: {"writeid":1,"bucketid":536870912,"rowid":0}	4	4	4	file:/home/alex/Repositories/hive/ql/target/tmp/org.apache.hadoop.hive.ql.TestTxnNoBuckets-1713932056679/warehouse/nobuckets/c3=4/delta_0000001_0000001_0000/bucket_00000_0
2024-04-23T21:14:54,895  WARN [main] ql.TestTxnNoBuckets: {"writeid":1,"bucketid":536870912,"rowid":1}	3	3	3	file:/home/alex/Repositories/hive/ql/target/tmp/org.apache.hadoop.hive.ql.TestTxnNoBuckets-1713932056679/warehouse/nobuckets/c3=3/delta_0000001_0000001_0000/bucket_00000_0
2024-04-23T21:14:54,895  INFO [main] ql.TxnCommandsBaseForTests: Running the query: select * from nobuckets where c2 in (0,3)
2024-04-23T21:14:54,896  INFO [main] ql.Context: Deleting scratch dir: file:/home/alex/Repositories/hive/ql/target/tmp/localscratchdir/c896a1fb-210a-4f53-aacd-b68a5f5adf47/hive_2024-04-23_21-14-53_395_7807993466255268336-1
2024-04-23T21:14:54,896  INFO [main] cleanup.SyncCleanupService: Deleted directory: file:/home/alex/Repositories/hive/ql/target/tmp/localscratchdir/c896a1fb-210a-4f53-aacd-b68a5f5adf47/hive_2024-04-23_21-14-53_395_7807993466255268336-1 on fs with scheme file
2024-04-23T21:14:54,897  INFO [main] ql.Driver: Compiling command(queryId=alex_20240423211454_0359cefd-f787-40f5-b54c-06f5b524c8db): select * from nobuckets where c2 in (0,3)
2024-04-23T21:14:54,899  INFO [main] txn.TxnHandler: Added entries to MIN_HISTORY_LEVEL for current txns: ([23]) with min_open_txn: 23
2024-04-23T21:14:54,900  INFO [main] lockmgr.DbTxnManager: Opened txnid:23
2024-04-23T21:14:54,901  INFO [main] parse.CalcitePlanner: Starting caching scope for: 
2024-04-23T21:14:54,901  INFO [main] parse.CalcitePlanner: Starting Semantic Analysis
2024-04-23T21:14:54,903  INFO [main] parse.CalcitePlanner: Completed phase 1 of Semantic Analysis
2024-04-23T21:14:54,903  INFO [main] parse.CalcitePlanner: Get metadata for source tables
2024-04-23T21:14:54,904  INFO [main] HiveMetaStore.audit: ugi=alex	ip=unknown-ip-addr	cmd=get_table : tbl=hive.default.nobuckets	
2024-04-23T21:14:54,911  INFO [main] metastore.HMSHandler: Skipping translation for processor with null
2024-04-23T21:14:54,911  INFO [main] parse.CalcitePlanner: Get metadata for subqueries
2024-04-23T21:14:54,911  INFO [main] parse.CalcitePlanner: Get metadata for destination tables
2024-04-23T21:14:54,911  INFO [main] parse.CalcitePlanner: Completed getting MetaData in Semantic Analysis
2024-04-23T21:14:54,923  INFO [main] HiveMetaStore.audit: ugi=alex	ip=unknown-ip-addr	cmd=get_all_table_constraints : tbl=hive.default.nobuckets	
2024-04-23T21:14:54,956  INFO [main] HiveMetaStore.audit: ugi=alex	ip=unknown-ip-addr	cmd=get_partitions : tbl=hive.default.nobuckets	
2024-04-23T21:14:54,978  INFO [main] calcite.RelOptHiveTable: Calculating column statistics for default.nobuckets, projIndxSet: [0, 1, 2], allowMissingStats: true
2024-04-23T21:14:54,979  INFO [main] HiveMetaStore.audit: ugi=alex	ip=unknown-ip-addr	cmd=get_aggr_stats_for: table=hive.default.nobuckets	
2024-04-23T21:14:54,994  WARN [main] calcite.RelOptHiveTable: No Stats for default@nobuckets, Columns: c1, c2
No Stats for default@nobuckets, Columns: c1, c2
2024-04-23T21:14:54,994  INFO [main] SessionState: No Stats for default@nobuckets, Columns: c1, c2
2024-04-23T21:14:55,068  INFO [main] parse.CalcitePlanner: Get metadata for source tables
2024-04-23T21:14:55,068  INFO [main] parse.CalcitePlanner: Get metadata for subqueries
2024-04-23T21:14:55,068  INFO [main] parse.CalcitePlanner: Get metadata for destination tables
2024-04-23T21:14:55,070  INFO [main] common.FileUtils: Creating directory if it doesn't exist: file:/home/alex/Repositories/hive/ql/target/tmp/localscratchdir/c896a1fb-210a-4f53-aacd-b68a5f5adf47/hive_2024-04-23_21-14-54_896_1349173760271730507-1/-mr-10001/.hive-staging_hive_2024-04-23_21-14-54_896_1349173760271730507-1
2024-04-23T21:14:55,077  INFO [main] parse.CalcitePlanner: CBO Succeeded; optimized logical plan.
2024-04-23T21:14:55,083  INFO [main] optimizer.BucketVersionPopulator: not considering bucketingVersion for: TS[0] because it has -1<2 buckets 
2024-04-23T21:14:55,084  INFO [main] optimizer.SortedDynPartitionOptimizer: Sorted dynamic partitioning optimization kicked in..
2024-04-23T21:14:55,094  INFO [main] parse.CalcitePlanner: Completed plan generation
2024-04-23T21:14:55,094  INFO [main] parse.CalcitePlanner: Ending caching scope for: 
2024-04-23T21:14:55,094  INFO [main] ql.Driver: Semantic Analysis Completed (retrial = false)
2024-04-23T21:14:55,094  INFO [main] ql.Driver: Created Hive schema: Schema(fieldSchemas:[FieldSchema(name:nobuckets.c1, type:int, comment:null), FieldSchema(name:nobuckets.c2, type:int, comment:null), FieldSchema(name:nobuckets.c3, type:int, comment:null)], properties:null)
2024-04-23T21:14:55,095  INFO [main] exec.ListSinkOperator: Initializing Operator: LIST_SINK[5]
2024-04-23T21:14:55,095  INFO [main] metadata.Hive: Dumping metastore api call timing information for : compilation phase
2024-04-23T21:14:55,095  INFO [main] metadata.Hive: Total time spent in each metastore function (ms): {getAggrColStatsFor_(String, String, List, List, String, String)=15, getValidWriteIds_(List, String)=4, listPartitions_(String, String, short)=18, getValidTxns_(long)=1, openTxn_(String, TxnType)=3, commitTxn_(CommitTxnRequest)=14, getAllTableConstraints_(AllTableConstraintsRequest)=5, isCompatibleWith_(Configuration)=0, flushCache_()=0, getTable_(GetTableRequest)=7}
2024-04-23T21:14:55,095  INFO [main] ql.Driver: Completed compiling command(queryId=alex_20240423211454_0359cefd-f787-40f5-b54c-06f5b524c8db); Time taken: 0.199 seconds
2024-04-23T21:14:55,096  INFO [main] lockmgr.DbTxnManager: Setting lock request transaction to txnid:23 for queryId=alex_20240423211454_0359cefd-f787-40f5-b54c-06f5b524c8db
2024-04-23T21:14:55,098  INFO [main] lockmgr.DbLockManager: Requesting lock for queryId=alex_20240423211454_0359cefd-f787-40f5-b54c-06f5b524c8db
2024-04-23T21:14:55,117  INFO [main] lockmgr.DbLockManager: Response to queryId=alex_20240423211454_0359cefd-f787-40f5-b54c-06f5b524c8db LockResponse(lockid:15, state:ACQUIRED)
2024-04-23T21:14:55,117  INFO [main] ql.Driver: Operation QUERY obtained 1 locks
2024-04-23T21:14:55,118  INFO [main] ql.Driver: Executing command(queryId=alex_20240423211454_0359cefd-f787-40f5-b54c-06f5b524c8db): select * from nobuckets where c2 in (0,3)
2024-04-23T21:14:55,118  WARN [main] ql.Driver: Hive-on-MR is deprecated in Hive 2 and may not be available in the future versions. Consider using a different execution engine (i.e. spark, tez) or using Hive 1.X releases.
Query ID = alex_20240423211454_0359cefd-f787-40f5-b54c-06f5b524c8db
2024-04-23T21:14:55,118  INFO [main] ql.Driver: Query ID = alex_20240423211454_0359cefd-f787-40f5-b54c-06f5b524c8db
Total jobs = 1
2024-04-23T21:14:55,118  INFO [main] ql.Driver: Total jobs = 1
Launching Job 1 out of 1
2024-04-23T21:14:55,118  INFO [main] ql.Driver: Launching Job 1 out of 1
2024-04-23T21:14:55,246  INFO [main] ql.Driver: Starting task [Stage-1:MAPRED] in serial mode
Number of reduce tasks is set to 0 since there's no reduce operator
2024-04-23T21:14:55,246  INFO [main] exec.Task: Number of reduce tasks is set to 0 since there's no reduce operator
2024-04-23T21:14:55,249  INFO [main] mr.ExecDriver: Using org.apache.hadoop.hive.ql.io.HiveInputFormat
2024-04-23T21:14:55,249  INFO [main] exec.Utilities: Processing alias nobuckets
2024-04-23T21:14:55,249  INFO [main] exec.Utilities: Adding 7 inputs; the first input is file:/home/alex/Repositories/hive/ql/target/tmp/org.apache.hadoop.hive.ql.TestTxnNoBuckets-1713932056679/warehouse/nobuckets/c3=0
2024-04-23T21:14:55,260  INFO [main] exec.SerializationUtilities: Serializing MapWork using kryo
2024-04-23T21:14:55,261  INFO [main] exec.Utilities: Serialized plan (via FILE) - name: null size: 8,00KB
2024-04-23T21:14:55,262  WARN [main] impl.MetricsSystemImpl: JobTracker metrics system already initialized!
2024-04-23T21:14:55,269  WARN [main] impl.MetricsSystemImpl: JobTracker metrics system already initialized!
2024-04-23T21:14:55,276  WARN [main] mapreduce.JobResourceUploader: Hadoop command-line option parsing not performed. Implement the Tool interface and execute your application with ToolRunner to remedy this.
2024-04-23T21:14:55,280  WARN [main] mapreduce.JobResourceUploader: No job jar file set.  User classes may not be found. See Job or Job#setJar(String).
2024-04-23T21:14:55,283  INFO [main] io.HiveInputFormat: hive.io.file.readcolumn.ids = 0,1
2024-04-23T21:14:55,283  INFO [main] io.HiveInputFormat: hive.io.file.readcolumn.names = c1,c2
2024-04-23T21:14:55,283  INFO [main] io.HiveInputFormat: Generating splits for dirs: file:/home/alex/Repositories/hive/ql/target/tmp/org.apache.hadoop.hive.ql.TestTxnNoBuckets-1713932056679/warehouse/nobuckets/c3=0
2024-04-23T21:14:55,283  INFO [main] orc.OrcInputFormat: getSplits started
2024-04-23T21:14:55,284  INFO [main] orc.OrcInputFormat: Context:: isAcid: true isVectorMode: false sarg: leaf-(IN c2 0 3) minSplitSize: 1 maxSplitSize: 256000000 splitStrategy: HYBRID footerInSplits: false numBuckets: 0 numThreads: 10 cacheMemSize: 268435456 cacheStripeDetails: true useSoftReference: false writeIdList: default.nobuckets:1:9223372036854775807:: isTransactionalTable: true txnProperties: default 
2024-04-23T21:14:55,284  INFO [main] orc.OrcInputFormat: ORC pushdown predicate: leaf-(IN c2 0 3)
2024-04-23T21:14:55,301  INFO [main] orc.OrcInputFormat: FooterCacheHitRatio: 7/7
2024-04-23T21:14:55,301  INFO [main] orc.OrcInputFormat: getSplits finished (#splits: 2). duration: 18 ms
2024-04-23T21:14:55,301  INFO [main] io.HiveInputFormat: number of splits 2
2024-04-23T21:14:55,321  INFO [main] mapreduce.JobSubmitter: number of splits:2
2024-04-23T21:14:55,340  INFO [main] mapreduce.JobSubmitter: Submitting tokens for job: job_local1658682877_0014
2024-04-23T21:14:55,341  INFO [main] mapreduce.JobSubmitter: Executing with tokens: []
2024-04-23T21:14:55,402  INFO [main] mapreduce.Job: The url to track the job: http://localhost:8080/
Job running in-process (local Hadoop)
2024-04-23T21:14:55,403  INFO [main] exec.Task: Job running in-process (local Hadoop)
2024-04-23T21:14:55,403  INFO [Thread-998] mapred.LocalJobRunner: OutputCommitter set in config org.apache.hadoop.hive.ql.io.HiveFileFormatUtils$NullOutputCommitter
2024-04-23T21:14:55,403  INFO [Thread-998] mapred.LocalJobRunner: OutputCommitter is org.apache.hadoop.hive.ql.io.HiveFileFormatUtils$NullOutputCommitter
2024-04-23T21:14:55,406  INFO [Thread-998] mapred.LocalJobRunner: Waiting for map tasks
2024-04-23T21:14:55,406  INFO [LocalJobRunner Map Task Executor #0] mapred.LocalJobRunner: Starting task: attempt_local1658682877_0014_m_000000_0
2024-04-23T21:14:55,407  INFO [LocalJobRunner Map Task Executor #0] mapred.Task:  Using ResourceCalculatorProcessTree : [ ]
2024-04-23T21:14:55,408  INFO [LocalJobRunner Map Task Executor #0] mapred.MapTask: Processing split: org.apache.hadoop.hive.ql.io.orc.OrcInputFormat:OrcSplit [file:/home/alex/Repositories/hive/ql/target/tmp/org.apache.hadoop.hive.ql.TestTxnNoBuckets-1713932056679/warehouse/nobuckets/c3=3/delta_0000001_0000001_0000/bucket_00000_0, start=3, length=314, isOriginal=false, fileLength=679, hasFooter=false, hasBase=true, deltas=0]
2024-04-23T21:14:55,408  INFO [LocalJobRunner Map Task Executor #0] exec.SerializationUtilities: Deserializing MapWork using kryo
2024-04-23T21:14:55,409  INFO [LocalJobRunner Map Task Executor #0] exec.Utilities: Deserialized plan (via FILE) - name: null size: 8,00KB
2024-04-23T21:14:55,410  INFO [LocalJobRunner Map Task Executor #0] orc.OrcInputFormat: ORC pushdown predicate: leaf-(IN c2 0 3)
2024-04-23T21:14:55,411  INFO [LocalJobRunner Map Task Executor #0] orc.OrcRawRecordMerger: min key = null, max key = null
2024-04-23T21:14:55,411  INFO [LocalJobRunner Map Task Executor #0] orc.ReaderImpl: Reading ORC rows from file:/home/alex/Repositories/hive/ql/target/tmp/org.apache.hadoop.hive.ql.TestTxnNoBuckets-1713932056679/warehouse/nobuckets/c3=3/delta_0000001_0000001_0000/bucket_00000_0 with {include: [true, true, true], offset: 3, length: 314, sarg: leaf-(IN c2 0 3), schema: struct<c1:int,c2:int>, includeAcidColumns: true}
2024-04-23T21:14:55,412  INFO [LocalJobRunner Map Task Executor #0] orc.OrcRawRecordMerger: updated min key = null, max key = null
2024-04-23T21:14:55,412  INFO [LocalJobRunner Map Task Executor #0] mapred.MapTask: numReduceTasks: 0
2024-04-23T21:14:55,412  INFO [LocalJobRunner Map Task Executor #0] exec.MapOperator: Initializing Operator: MAP[0]
2024-04-23T21:14:55,415  INFO [LocalJobRunner Map Task Executor #0] mr.ExecMapper: 
<MAP>Id =0
  <Children>null
  <\Children>
  <Parent><\Parent>
<\MAP>
2024-04-23T21:14:55,416  INFO [LocalJobRunner Map Task Executor #0] exec.TableScanOperator: Initializing Operator: TS[0]
2024-04-23T21:14:55,416  INFO [LocalJobRunner Map Task Executor #0] exec.FilterOperator: Initializing Operator: FIL[4]
2024-04-23T21:14:55,416  INFO [LocalJobRunner Map Task Executor #0] exec.SelectOperator: Initializing Operator: SEL[2]
2024-04-23T21:14:55,416  INFO [LocalJobRunner Map Task Executor #0] exec.SelectOperator: SELECT struct<c1:int,c2:int,c3:int>
2024-04-23T21:14:55,416  INFO [LocalJobRunner Map Task Executor #0] exec.FileSinkOperator: Initializing Operator: FS[3]
2024-04-23T21:14:55,417  INFO [LocalJobRunner Map Task Executor #0] exec.FileSinkOperator: Using serializer : class org.apache.hadoop.hive.serde2.lazy.LazySimpleSerDe [serdeParams=org.apache.hadoop.hive.serde2.lazy.LazySerDeParameters@18809d47, cachedObjectInspector=org.apache.hadoop.hive.serde2.lazy.objectinspector.LazySimpleStructObjectInspector<org.apache.hadoop.hive.serde2.lazy.objectinspector.primitive.LazyIntObjectInspector@4dea763c,org.apache.hadoop.hive.serde2.lazy.objectinspector.primitive.LazyIntObjectInspector@4dea763c,org.apache.hadoop.hive.serde2.lazy.objectinspector.primitive.LazyIntObjectInspector@4dea763c>, serializedSize=0, stats=org.apache.hadoop.hive.serde2.SerDeStats@320cd488, lastOperationSerialize=false, lastOperationDeserialize=false [1, 2, 3, 4, 5, 6, 7, 8, 11, 14, 15, 16, 17, 18, 19, 20, 21, 22, 23, 24, 25, 26, 28, 29, 30, 31, -128, -127, -126, -125, -124, -123, -122, -121, -120, -119, -118, -117, -116, -115, -114, -113, -112, -111, -110, -109, -108, -107, -106, -105, -104, -103, -102, -101, -100, -99, -98, -97, -96, -95, -94, -93, -92, -91, -90, -89, -88, -87, -86, -85, -84, -83, -82, -81, -80, -79, -78, -77, -76, -75, -74, -73, -72, -71, -70, -69, -68, -67, -66, -65, -64, -63, -62, -61, -60, -59, -58, -57, -56, -55, -54, -53, -52, -51, -50, -49, -48, -47, -46, -45, -44, -43, -42, -41, -40, -39, -38, -37, -36, -35, -34, -33, -32, -31, -30, -29, -28, -27, -26, -25, -24, -23, -22, -21, -20, -19, -18, -17, -16, -15, -14, -13, -12, -11, -10, -9, -8, -7, -6, -5, -4, -3, -2, -1] : [_col0, _col1, _col2] : [int, int, int]] and formatter : org.apache.hadoop.hive.ql.io.HiveSequenceFileOutputFormat@56443fd8
2024-04-23T21:14:55,418  INFO [LocalJobRunner Map Task Executor #0] exec.FileSinkOperator: Final Path: FS file:/home/alex/Repositories/hive/ql/target/tmp/localscratchdir/c896a1fb-210a-4f53-aacd-b68a5f5adf47/hive_2024-04-23_21-14-54_896_1349173760271730507-1/-mr-10001/.hive-staging_hive_2024-04-23_21-14-54_896_1349173760271730507-1/_tmp.-ext-10002/000000_0
2024-04-23T21:14:55,418  INFO [LocalJobRunner Map Task Executor #0] exec.FileSinkOperator: Writing to temp file: FS file:/home/alex/Repositories/hive/ql/target/tmp/localscratchdir/c896a1fb-210a-4f53-aacd-b68a5f5adf47/hive_2024-04-23_21-14-54_896_1349173760271730507-1/-mr-10001/.hive-staging_hive_2024-04-23_21-14-54_896_1349173760271730507-1/_task_tmp.-ext-10002/_tmp.000000_0
2024-04-23T21:14:55,418  INFO [LocalJobRunner Map Task Executor #0] exec.FileSinkOperator: New Final Path: FS file:/home/alex/Repositories/hive/ql/target/tmp/localscratchdir/c896a1fb-210a-4f53-aacd-b68a5f5adf47/hive_2024-04-23_21-14-54_896_1349173760271730507-1/-mr-10001/.hive-staging_hive_2024-04-23_21-14-54_896_1349173760271730507-1/_tmp.-ext-10002/000000_0
2024-04-23T21:14:55,426  INFO [LocalJobRunner Map Task Executor #0] exec.FileSinkOperator: FS[3]: records written - 1
2024-04-23T21:14:55,426  INFO [LocalJobRunner Map Task Executor #0] exec.MapOperator: MAP[0]: records read - 1
2024-04-23T21:14:55,427  INFO [LocalJobRunner Map Task Executor #0] exec.MapOperator: Closing Operator: MAP[0]
2024-04-23T21:14:55,427  INFO [LocalJobRunner Map Task Executor #0] exec.MapOperator: MAP[0]: Total records read - 2. abort - false
2024-04-23T21:14:55,427  INFO [LocalJobRunner Map Task Executor #0] exec.MapOperator: RECORDS_IN:2, DESERIALIZE_ERRORS:0, RECORDS_OUT_INTERMEDIATE:0, RECORDS_OUT_OPERATOR_MAP_0:0, 
2024-04-23T21:14:55,427  INFO [LocalJobRunner Map Task Executor #0] exec.TableScanOperator: Closing Operator: TS[0]
2024-04-23T21:14:55,427  INFO [LocalJobRunner Map Task Executor #0] exec.TableScanOperator: RECORDS_OUT_INTERMEDIATE:0, RECORDS_OUT_OPERATOR_TS_0:2, 
2024-04-23T21:14:55,427  INFO [LocalJobRunner Map Task Executor #0] exec.FilterOperator: Closing Operator: FIL[4]
2024-04-23T21:14:55,427  INFO [LocalJobRunner Map Task Executor #0] exec.FilterOperator: RECORDS_OUT_OPERATOR_FIL_4:2, RECORDS_OUT_INTERMEDIATE:0, 
2024-04-23T21:14:55,427  INFO [LocalJobRunner Map Task Executor #0] exec.SelectOperator: Closing Operator: SEL[2]
2024-04-23T21:14:55,427  INFO [LocalJobRunner Map Task Executor #0] exec.SelectOperator: RECORDS_OUT_OPERATOR_SEL_2:2, RECORDS_OUT_INTERMEDIATE:0, 
2024-04-23T21:14:55,427  INFO [LocalJobRunner Map Task Executor #0] exec.FileSinkOperator: Closing Operator: FS[3]
2024-04-23T21:14:55,427  INFO [LocalJobRunner Map Task Executor #0] exec.FileSinkOperator: FS[3]: records written - 2
2024-04-23T21:14:55,427  INFO [LocalJobRunner Map Task Executor #0] exec.FileSinkOperator: RECORDS_OUT_INTERMEDIATE:0, RECORDS_OUT_OPERATOR_FS_3:2, RECORDS_OUT_0:2, 
2024-04-23T21:14:55,428  INFO [LocalJobRunner Map Task Executor #0] mapred.LocalJobRunner: 
2024-04-23T21:14:55,428  INFO [LocalJobRunner Map Task Executor #0] mapred.Task: Task:attempt_local1658682877_0014_m_000000_0 is done. And is in the process of committing
2024-04-23T21:14:55,429  INFO [LocalJobRunner Map Task Executor #0] mapred.LocalJobRunner: OrcSplit [file:/home/alex/Repositories/hive/ql/target/tmp/org.apache.hadoop.hive.ql.TestTxnNoBuckets-1713932056679/warehouse/nobuckets/c3=3/delta_0000001_0000001_0000/bucket_00000_0, start=3, length=314, isOriginal=false, fileLength=679, hasFooter=false, hasBase=true, deltas=0]
2024-04-23T21:14:55,429  INFO [LocalJobRunner Map Task Executor #0] mapred.Task: Task 'attempt_local1658682877_0014_m_000000_0' done.
2024-04-23T21:14:55,429  INFO [LocalJobRunner Map Task Executor #0] mapred.Task: Final Counters for attempt_local1658682877_0014_m_000000_0: Counters: 25
	File System Counters
		FILE: Number of bytes read=374596
		FILE: Number of bytes written=16528207
		FILE: Number of read operations=0
		FILE: Number of large read operations=0
		FILE: Number of write operations=0
	Map-Reduce Framework
		Map input records=2
		Map output records=0
		Input split bytes=511
		Spilled Records=0
		Failed Shuffles=0
		Merged Map outputs=0
		GC time elapsed (ms)=0
		Total committed heap usage (bytes)=1103626240
	HIVE
		CREATED_FILES=1
		DESERIALIZE_ERRORS=0
		RECORDS_IN=2
		RECORDS_OUT_0=2
		RECORDS_OUT_INTERMEDIATE=0
		RECORDS_OUT_OPERATOR_FIL_4=2
		RECORDS_OUT_OPERATOR_FS_3=2
		RECORDS_OUT_OPERATOR_MAP_0=0
		RECORDS_OUT_OPERATOR_SEL_2=2
		RECORDS_OUT_OPERATOR_TS_0=2
	File Input Format Counters 
		Bytes Read=11567
	File Output Format Counters 
		Bytes Written=0
2024-04-23T21:14:55,429  INFO [LocalJobRunner Map Task Executor #0] mapred.LocalJobRunner: Finishing task: attempt_local1658682877_0014_m_000000_0
2024-04-23T21:14:55,429  INFO [LocalJobRunner Map Task Executor #0] mapred.LocalJobRunner: Starting task: attempt_local1658682877_0014_m_000001_0
2024-04-23T21:14:55,430  INFO [LocalJobRunner Map Task Executor #0] mapred.Task:  Using ResourceCalculatorProcessTree : [ ]
2024-04-23T21:14:55,430  INFO [LocalJobRunner Map Task Executor #0] mapred.MapTask: Processing split: org.apache.hadoop.hive.ql.io.orc.OrcInputFormat:OrcSplit [file:/home/alex/Repositories/hive/ql/target/tmp/org.apache.hadoop.hive.ql.TestTxnNoBuckets-1713932056679/warehouse/nobuckets/c3=0/delta_0000001_0000001_0000/bucket_00000_0, start=3, length=309, isOriginal=false, fileLength=651, hasFooter=false, hasBase=true, deltas=0]
2024-04-23T21:14:55,431  INFO [LocalJobRunner Map Task Executor #0] exec.SerializationUtilities: Deserializing MapWork using kryo
2024-04-23T21:14:55,431  INFO [LocalJobRunner Map Task Executor #0] exec.Utilities: Deserialized plan (via FILE) - name: null size: 8,00KB
2024-04-23T21:14:55,433  INFO [LocalJobRunner Map Task Executor #0] orc.OrcInputFormat: ORC pushdown predicate: leaf-(IN c2 0 3)
2024-04-23T21:14:55,433  INFO [LocalJobRunner Map Task Executor #0] orc.OrcRawRecordMerger: min key = null, max key = null
2024-04-23T21:14:55,433  INFO [LocalJobRunner Map Task Executor #0] orc.ReaderImpl: Reading ORC rows from file:/home/alex/Repositories/hive/ql/target/tmp/org.apache.hadoop.hive.ql.TestTxnNoBuckets-1713932056679/warehouse/nobuckets/c3=0/delta_0000001_0000001_0000/bucket_00000_0 with {include: [true, true, true], offset: 3, length: 309, sarg: leaf-(IN c2 0 3), schema: struct<c1:int,c2:int>, includeAcidColumns: true}
2024-04-23T21:14:55,435  INFO [LocalJobRunner Map Task Executor #0] orc.OrcRawRecordMerger: updated min key = null, max key = null
2024-04-23T21:14:55,435  INFO [LocalJobRunner Map Task Executor #0] mapred.MapTask: numReduceTasks: 0
2024-04-23T21:14:55,435  INFO [LocalJobRunner Map Task Executor #0] exec.MapOperator: Initializing Operator: MAP[0]
2024-04-23T21:14:55,438  INFO [LocalJobRunner Map Task Executor #0] mr.ExecMapper: 
<MAP>Id =0
  <Children>null
  <\Children>
  <Parent><\Parent>
<\MAP>
2024-04-23T21:14:55,439  INFO [LocalJobRunner Map Task Executor #0] exec.TableScanOperator: Initializing Operator: TS[0]
2024-04-23T21:14:55,439  INFO [LocalJobRunner Map Task Executor #0] exec.FilterOperator: Initializing Operator: FIL[4]
2024-04-23T21:14:55,439  INFO [LocalJobRunner Map Task Executor #0] exec.SelectOperator: Initializing Operator: SEL[2]
2024-04-23T21:14:55,439  INFO [LocalJobRunner Map Task Executor #0] exec.SelectOperator: SELECT struct<c1:int,c2:int,c3:int>
2024-04-23T21:14:55,439  INFO [LocalJobRunner Map Task Executor #0] exec.FileSinkOperator: Initializing Operator: FS[3]
2024-04-23T21:14:55,440  INFO [LocalJobRunner Map Task Executor #0] exec.FileSinkOperator: Using serializer : class org.apache.hadoop.hive.serde2.lazy.LazySimpleSerDe [serdeParams=org.apache.hadoop.hive.serde2.lazy.LazySerDeParameters@1792d246, cachedObjectInspector=org.apache.hadoop.hive.serde2.lazy.objectinspector.LazySimpleStructObjectInspector<org.apache.hadoop.hive.serde2.lazy.objectinspector.primitive.LazyIntObjectInspector@4dea763c,org.apache.hadoop.hive.serde2.lazy.objectinspector.primitive.LazyIntObjectInspector@4dea763c,org.apache.hadoop.hive.serde2.lazy.objectinspector.primitive.LazyIntObjectInspector@4dea763c>, serializedSize=0, stats=org.apache.hadoop.hive.serde2.SerDeStats@69eda915, lastOperationSerialize=false, lastOperationDeserialize=false [1, 2, 3, 4, 5, 6, 7, 8, 11, 14, 15, 16, 17, 18, 19, 20, 21, 22, 23, 24, 25, 26, 28, 29, 30, 31, -128, -127, -126, -125, -124, -123, -122, -121, -120, -119, -118, -117, -116, -115, -114, -113, -112, -111, -110, -109, -108, -107, -106, -105, -104, -103, -102, -101, -100, -99, -98, -97, -96, -95, -94, -93, -92, -91, -90, -89, -88, -87, -86, -85, -84, -83, -82, -81, -80, -79, -78, -77, -76, -75, -74, -73, -72, -71, -70, -69, -68, -67, -66, -65, -64, -63, -62, -61, -60, -59, -58, -57, -56, -55, -54, -53, -52, -51, -50, -49, -48, -47, -46, -45, -44, -43, -42, -41, -40, -39, -38, -37, -36, -35, -34, -33, -32, -31, -30, -29, -28, -27, -26, -25, -24, -23, -22, -21, -20, -19, -18, -17, -16, -15, -14, -13, -12, -11, -10, -9, -8, -7, -6, -5, -4, -3, -2, -1] : [_col0, _col1, _col2] : [int, int, int]] and formatter : org.apache.hadoop.hive.ql.io.HiveSequenceFileOutputFormat@b64f28f
2024-04-23T21:14:55,441  INFO [LocalJobRunner Map Task Executor #0] exec.FileSinkOperator: Final Path: FS file:/home/alex/Repositories/hive/ql/target/tmp/localscratchdir/c896a1fb-210a-4f53-aacd-b68a5f5adf47/hive_2024-04-23_21-14-54_896_1349173760271730507-1/-mr-10001/.hive-staging_hive_2024-04-23_21-14-54_896_1349173760271730507-1/_tmp.-ext-10002/000001_0
2024-04-23T21:14:55,441  INFO [LocalJobRunner Map Task Executor #0] exec.FileSinkOperator: Writing to temp file: FS file:/home/alex/Repositories/hive/ql/target/tmp/localscratchdir/c896a1fb-210a-4f53-aacd-b68a5f5adf47/hive_2024-04-23_21-14-54_896_1349173760271730507-1/-mr-10001/.hive-staging_hive_2024-04-23_21-14-54_896_1349173760271730507-1/_task_tmp.-ext-10002/_tmp.000001_0
2024-04-23T21:14:55,441  INFO [LocalJobRunner Map Task Executor #0] exec.FileSinkOperator: New Final Path: FS file:/home/alex/Repositories/hive/ql/target/tmp/localscratchdir/c896a1fb-210a-4f53-aacd-b68a5f5adf47/hive_2024-04-23_21-14-54_896_1349173760271730507-1/-mr-10001/.hive-staging_hive_2024-04-23_21-14-54_896_1349173760271730507-1/_tmp.-ext-10002/000001_0
2024-04-23T21:14:55,446  INFO [LocalJobRunner Map Task Executor #0] exec.FileSinkOperator: FS[3]: records written - 1
2024-04-23T21:14:55,446  INFO [LocalJobRunner Map Task Executor #0] exec.MapOperator: MAP[0]: records read - 1
2024-04-23T21:14:55,447  INFO [LocalJobRunner Map Task Executor #0] exec.MapOperator: Closing Operator: MAP[0]
2024-04-23T21:14:55,447  INFO [LocalJobRunner Map Task Executor #0] exec.MapOperator: MAP[0]: Total records read - 1. abort - false
2024-04-23T21:14:55,447  INFO [LocalJobRunner Map Task Executor #0] exec.MapOperator: RECORDS_IN:1, RECORDS_OUT_INTERMEDIATE:0, DESERIALIZE_ERRORS:0, RECORDS_OUT_OPERATOR_MAP_0:0, 
2024-04-23T21:14:55,447  INFO [LocalJobRunner Map Task Executor #0] exec.TableScanOperator: Closing Operator: TS[0]
2024-04-23T21:14:55,447  INFO [LocalJobRunner Map Task Executor #0] exec.TableScanOperator: RECORDS_OUT_OPERATOR_TS_0:1, RECORDS_OUT_INTERMEDIATE:0, 
2024-04-23T21:14:55,447  INFO [LocalJobRunner Map Task Executor #0] exec.FilterOperator: Closing Operator: FIL[4]
2024-04-23T21:14:55,447  INFO [LocalJobRunner Map Task Executor #0] exec.FilterOperator: RECORDS_OUT_OPERATOR_FIL_4:1, RECORDS_OUT_INTERMEDIATE:0, 
2024-04-23T21:14:55,447  INFO [LocalJobRunner Map Task Executor #0] exec.SelectOperator: Closing Operator: SEL[2]
2024-04-23T21:14:55,447  INFO [LocalJobRunner Map Task Executor #0] exec.SelectOperator: RECORDS_OUT_OPERATOR_SEL_2:1, RECORDS_OUT_INTERMEDIATE:0, 
2024-04-23T21:14:55,447  INFO [LocalJobRunner Map Task Executor #0] exec.FileSinkOperator: Closing Operator: FS[3]
2024-04-23T21:14:55,447  INFO [LocalJobRunner Map Task Executor #0] exec.FileSinkOperator: FS[3]: records written - 1
2024-04-23T21:14:55,447  INFO [LocalJobRunner Map Task Executor #0] exec.FileSinkOperator: RECORDS_OUT_OPERATOR_FS_3:1, RECORDS_OUT_0:1, RECORDS_OUT_INTERMEDIATE:0, 
2024-04-23T21:14:55,448  INFO [LocalJobRunner Map Task Executor #0] mapred.LocalJobRunner: 
2024-04-23T21:14:55,448  INFO [LocalJobRunner Map Task Executor #0] mapred.Task: Task:attempt_local1658682877_0014_m_000001_0 is done. And is in the process of committing
2024-04-23T21:14:55,449  INFO [LocalJobRunner Map Task Executor #0] mapred.LocalJobRunner: OrcSplit [file:/home/alex/Repositories/hive/ql/target/tmp/org.apache.hadoop.hive.ql.TestTxnNoBuckets-1713932056679/warehouse/nobuckets/c3=0/delta_0000001_0000001_0000/bucket_00000_0, start=3, length=309, isOriginal=false, fileLength=651, hasFooter=false, hasBase=true, deltas=0]
2024-04-23T21:14:55,449  INFO [LocalJobRunner Map Task Executor #0] mapred.Task: Task 'attempt_local1658682877_0014_m_000001_0' done.
2024-04-23T21:14:55,449  INFO [LocalJobRunner Map Task Executor #0] mapred.Task: Final Counters for attempt_local1658682877_0014_m_000001_0: Counters: 25
	File System Counters
		FILE: Number of bytes read=386560
		FILE: Number of bytes written=16528324
		FILE: Number of read operations=0
		FILE: Number of large read operations=0
		FILE: Number of write operations=0
	Map-Reduce Framework
		Map input records=1
		Map output records=0
		Input split bytes=511
		Spilled Records=0
		Failed Shuffles=0
		Merged Map outputs=0
		GC time elapsed (ms)=0
		Total committed heap usage (bytes)=1103626240
	HIVE
		CREATED_FILES=1
		DESERIALIZE_ERRORS=0
		RECORDS_IN=1
		RECORDS_OUT_0=1
		RECORDS_OUT_INTERMEDIATE=0
		RECORDS_OUT_OPERATOR_FIL_4=1
		RECORDS_OUT_OPERATOR_FS_3=1
		RECORDS_OUT_OPERATOR_MAP_0=0
		RECORDS_OUT_OPERATOR_SEL_2=1
		RECORDS_OUT_OPERATOR_TS_0=1
	File Input Format Counters 
		Bytes Read=11427
	File Output Format Counters 
		Bytes Written=0
2024-04-23T21:14:55,449  INFO [LocalJobRunner Map Task Executor #0] mapred.LocalJobRunner: Finishing task: attempt_local1658682877_0014_m_000001_0
2024-04-23T21:14:55,449  INFO [Thread-998] mapred.LocalJobRunner: map task executor complete.
2024-04-23 21:14:56,404 Stage-1 map = 100%,  reduce = 0%
2024-04-23T21:14:56,404  INFO [main] exec.Task: 2024-04-23 21:14:56,404 Stage-1 map = 100%,  reduce = 0%
Ended Job = job_local1658682877_0014
2024-04-23T21:14:56,405  INFO [main] exec.Task: Ended Job = job_local1658682877_0014
2024-04-23T21:14:56,407  INFO [main] metadata.Hive: Dumping metastore api call timing information for : execution phase
2024-04-23T21:14:56,407  INFO [main] metadata.Hive: Total time spent in each metastore function (ms): {}
MapReduce Jobs Launched: 
2024-04-23T21:14:56,408  INFO [main] ql.Driver: MapReduce Jobs Launched: 
Stage-Stage-1:  HDFS Read: 0 HDFS Write: 0 SUCCESS
2024-04-23T21:14:56,408  INFO [main] ql.Driver: Stage-Stage-1:  HDFS Read: 0 HDFS Write: 0 SUCCESS
Total MapReduce CPU Time Spent: 0 msec
2024-04-23T21:14:56,408  INFO [main] ql.Driver: Total MapReduce CPU Time Spent: 0 msec
2024-04-23T21:14:56,408  INFO [main] ql.Driver: Completed executing command(queryId=alex_20240423211454_0359cefd-f787-40f5-b54c-06f5b524c8db); Time taken: 1.289 seconds
2024-04-23T21:14:56,408  INFO [main] lockmgr.DbTxnManager: Stopped heartbeat for query: alex_20240423211454_0359cefd-f787-40f5-b54c-06f5b524c8db
2024-04-23T21:14:56,412  INFO [main] txn.TxnHandler: Expected to move at least one record from txn_components to completed_txn_components when committing txn! txnid:23
2024-04-23T21:14:56,419  INFO [main] txn.TxnHandler: Removed transactions: ([23]) from MIN_HISTORY_LEVEL
2024-04-23T21:14:56,419  WARN [main] txn.CompactionTxnHandler: No compaction queue record found for Compaction type transaction commit. txnId:23
2024-04-23T21:14:56,426  INFO [main] mapred.FileInputFormat: Total input files to process : 2
2024-04-23T21:14:56,428  INFO [main] exec.ListSinkOperator: Closing Operator: LIST_SINK[5]
2024-04-23T21:14:56,428  INFO [main] exec.ListSinkOperator: RECORDS_OUT_OPERATOR_LIST_SINK_5:3, RECORDS_OUT_INTERMEDIATE:0, 
2024-04-23T21:14:56,428  INFO [main] ql.TxnCommandsBaseForTests: Running the query: update nobuckets set c2 = 17 where c2 in(0,3)
2024-04-23T21:14:56,428  INFO [main] ql.Context: Deleting scratch dir: file:/home/alex/Repositories/hive/ql/target/tmp/localscratchdir/c896a1fb-210a-4f53-aacd-b68a5f5adf47/hive_2024-04-23_21-14-54_896_1349173760271730507-1
2024-04-23T21:14:56,429  INFO [main] cleanup.SyncCleanupService: Deleted directory: file:/home/alex/Repositories/hive/ql/target/tmp/localscratchdir/c896a1fb-210a-4f53-aacd-b68a5f5adf47/hive_2024-04-23_21-14-54_896_1349173760271730507-1 on fs with scheme file
2024-04-23T21:14:56,430  INFO [main] ql.Driver: Compiling command(queryId=alex_20240423211456_8d47bef7-f8ea-4eda-ae7e-ce8412d16187): update nobuckets set c2 = 17 where c2 in(0,3)
2024-04-23T21:14:56,435  INFO [main] txn.TxnHandler: Added entries to MIN_HISTORY_LEVEL for current txns: ([24]) with min_open_txn: 24
2024-04-23T21:14:56,436  INFO [main] lockmgr.DbTxnManager: Opened txnid:24
2024-04-23T21:14:56,437  INFO [main] parse.UpdateDeleteSemanticAnalyzer: Starting caching scope for: 
2024-04-23T21:14:56,437  INFO [main] HiveMetaStore.audit: ugi=alex	ip=unknown-ip-addr	cmd=get_table : tbl=hive.default.nobuckets	
2024-04-23T21:14:56,444  INFO [main] metastore.HMSHandler: Skipping translation for processor with null
2024-04-23T21:14:56,445  INFO [main] parse.RewriteSemanticAnalyzer: Going to reparse <update nobuckets set c2 = 17 where c2 in(0,3)> as 
<insert into table `default`.`nobuckets` partition (`c3`) select ROW__ID,`c1`,`c2`, `c3` from `default`.`nobuckets` sort by ROW__ID >
2024-04-23T21:14:56,447  INFO [main] parse.UpdateDeleteSemanticAnalyzer: Starting Semantic Analysis
2024-04-23T21:14:56,451  INFO [main] HiveMetaStore.audit: ugi=alex	ip=unknown-ip-addr	cmd=get_table : tbl=hive.default.nobuckets	
2024-04-23T21:14:56,460  INFO [main] metastore.HMSHandler: Skipping translation for processor with null
2024-04-23T21:14:56,460  INFO [main] parse.UpdateDeleteSemanticAnalyzer: Completed phase 1 of Semantic Analysis
2024-04-23T21:14:56,460  INFO [main] parse.UpdateDeleteSemanticAnalyzer: Get metadata for source tables
2024-04-23T21:14:56,461  INFO [main] parse.UpdateDeleteSemanticAnalyzer: Get metadata for subqueries
2024-04-23T21:14:56,461  INFO [main] parse.UpdateDeleteSemanticAnalyzer: Get metadata for destination tables
2024-04-23T21:14:56,461  INFO [main] HiveMetaStore.audit: ugi=alex	ip=unknown-ip-addr	cmd=get_table : tbl=hive.default.nobuckets	
2024-04-23T21:14:56,468  INFO [main] metastore.HMSHandler: Skipping translation for processor with null
2024-04-23T21:14:56,469  WARN [main] parse.BaseSemanticAnalyzer: Dynamic partitioning is used; only validating 0 columns
2024-04-23T21:14:56,469  INFO [main] parse.UpdateDeleteSemanticAnalyzer: Completed getting MetaData in Semantic Analysis
2024-04-23T21:14:56,469  INFO [main] parse.UpdateDeleteSemanticAnalyzer: Disabling LLAP IO encode as ETL query is detected
2024-04-23T21:14:56,485  INFO [main] HiveMetaStore.audit: ugi=alex	ip=unknown-ip-addr	cmd=get_all_table_constraints : tbl=hive.default.nobuckets	
2024-04-23T21:14:56,494  INFO [main] HiveMetaStore.audit: ugi=alex	ip=unknown-ip-addr	cmd=get_not_null_constraints : tbl=hive.default.nobuckets	
2024-04-23T21:14:56,495  INFO [main] HiveMetaStore.audit: ugi=alex	ip=unknown-ip-addr	cmd=get_check_constraints : tbl=hive.default.nobuckets	
2024-04-23T21:14:56,578  INFO [main] HiveMetaStore.audit: ugi=alex	ip=unknown-ip-addr	cmd=get_partitions : tbl=hive.default.nobuckets	
2024-04-23T21:14:56,594  INFO [main] calcite.RelOptHiveTable: Calculating column statistics for default.nobuckets, projIndxSet: [0, 1, 2], allowMissingStats: true
2024-04-23T21:14:56,595  INFO [main] HiveMetaStore.audit: ugi=alex	ip=unknown-ip-addr	cmd=get_aggr_stats_for: table=hive.default.nobuckets	
2024-04-23T21:14:56,608  WARN [main] calcite.RelOptHiveTable: No Stats for default@nobuckets, Columns: c1, c2
No Stats for default@nobuckets, Columns: c1, c2
2024-04-23T21:14:56,608  INFO [main] SessionState: No Stats for default@nobuckets, Columns: c1, c2
2024-04-23T21:14:56,674  INFO [main] parse.UpdateDeleteSemanticAnalyzer: Get metadata for source tables
2024-04-23T21:14:56,674  INFO [main] parse.UpdateDeleteSemanticAnalyzer: Get metadata for subqueries
2024-04-23T21:14:56,674  INFO [main] parse.UpdateDeleteSemanticAnalyzer: Get metadata for destination tables
2024-04-23T21:14:56,675  INFO [main] HiveMetaStore.audit: ugi=alex	ip=unknown-ip-addr	cmd=get_table : tbl=hive.default.nobuckets	
2024-04-23T21:14:56,684  INFO [main] metastore.HMSHandler: Skipping translation for processor with null
2024-04-23T21:14:56,684  WARN [main] parse.BaseSemanticAnalyzer: Dynamic partitioning is used; only validating 0 columns
2024-04-23T21:14:56,693 ERROR [main] parse.UpdateDeleteSemanticAnalyzer: CBO failed, skipping CBO. 
org.apache.hadoop.hive.ql.exec.NoMatchingMethodException: No matching method for class org.apache.hadoop.hive.ql.udf.UDFToInteger with (struct<writeid:bigint,bucketid:int,rowid:bigint>). Possible choices: _FUNC_(bigint)  _FUNC_(boolean)  _FUNC_(decimal(38,18))  _FUNC_(double)  _FUNC_(float)  _FUNC_(smallint)  _FUNC_(string)  _FUNC_(struct<bucketid:bigint,writeid:int,rowid:bigint>)  _FUNC_(timestamp)  _FUNC_(tinyint)  _FUNC_(void)  
	at org.apache.hadoop.hive.ql.exec.MethodUtils.getMethodInternal(MethodUtils.java:130) ~[classes/:?]
	at org.apache.hadoop.hive.ql.exec.MethodUtils.getMethodInternal(MethodUtils.java:60) ~[classes/:?]
	at org.apache.hadoop.hive.ql.exec.DefaultUDFMethodResolver.getEvalMethod(DefaultUDFMethodResolver.java:59) ~[classes/:?]
	at org.apache.hadoop.hive.ql.udf.TimestampCastRestrictorResolver.getEvalMethod(TimestampCastRestrictorResolver.java:68) ~[classes/:?]
	at org.apache.hadoop.hive.ql.udf.generic.GenericUDFBridge.initialize(GenericUDFBridge.java:168) ~[classes/:?]
	at org.apache.hadoop.hive.ql.udf.generic.GenericUDF.initializeAndFoldConstants(GenericUDF.java:149) ~[classes/:?]
	at org.apache.hadoop.hive.ql.plan.ExprNodeGenericFuncDesc.newInstance(ExprNodeGenericFuncDesc.java:235) ~[classes/:?]
	at org.apache.hadoop.hive.ql.parse.type.ExprNodeDescExprFactory.createFuncCallExpr(ExprNodeDescExprFactory.java:584) ~[classes/:?]
	at org.apache.hadoop.hive.ql.parse.type.ExprNodeDescExprFactory.createFuncCallExpr(ExprNodeDescExprFactory.java:97) ~[classes/:?]
	at org.apache.hadoop.hive.ql.parse.type.TypeCheckProcFactory$DefaultExprProcessor.getFuncExprNodeDescWithUdfData(TypeCheckProcFactory.java:762) ~[classes/:?]
	at org.apache.hadoop.hive.ql.parse.type.TypeCheckProcFactory$DefaultExprProcessor.createConversionCast(TypeCheckProcFactory.java:783) ~[classes/:?]
	at org.apache.hadoop.hive.ql.parse.SemanticAnalyzer.getPartitionColsFromBucketColsForUpdateDelete(SemanticAnalyzer.java:8725) ~[classes/:?]
	at org.apache.hadoop.hive.ql.parse.SemanticAnalyzer.genBucketingSortingDest(SemanticAnalyzer.java:6914) ~[classes/:?]
	at org.apache.hadoop.hive.ql.parse.SemanticAnalyzer.genFileSinkPlan(SemanticAnalyzer.java:7335) ~[classes/:?]
	at org.apache.hadoop.hive.ql.parse.SemanticAnalyzer.genPostGroupByBodyPlan(SemanticAnalyzer.java:11063) ~[classes/:?]
	at org.apache.hadoop.hive.ql.parse.SemanticAnalyzer.genBodyPlan(SemanticAnalyzer.java:10938) ~[classes/:?]
	at org.apache.hadoop.hive.ql.parse.SemanticAnalyzer.genPlan(SemanticAnalyzer.java:11853) ~[classes/:?]
	at org.apache.hadoop.hive.ql.parse.SemanticAnalyzer.genPlan(SemanticAnalyzer.java:11723) ~[classes/:?]
	at org.apache.hadoop.hive.ql.parse.CalcitePlanner.genOPTree(CalcitePlanner.java:626) ~[classes/:?]
	at org.apache.hadoop.hive.ql.parse.SemanticAnalyzer.analyzeInternal(SemanticAnalyzer.java:12558) ~[classes/:?]
	at org.apache.hadoop.hive.ql.parse.CalcitePlanner.analyzeInternal(CalcitePlanner.java:456) ~[classes/:?]
	at org.apache.hadoop.hive.ql.parse.RewriteSemanticAnalyzer.analyzeInternal(RewriteSemanticAnalyzer.java:67) ~[classes/:?]
	at org.apache.hadoop.hive.ql.parse.BaseSemanticAnalyzer.analyze(BaseSemanticAnalyzer.java:317) ~[classes/:?]
	at org.apache.hadoop.hive.ql.parse.UpdateDeleteSemanticAnalyzer.reparseAndSuperAnalyze(UpdateDeleteSemanticAnalyzer.java:208) ~[classes/:?]
	at org.apache.hadoop.hive.ql.parse.UpdateDeleteSemanticAnalyzer.analyzeUpdate(UpdateDeleteSemanticAnalyzer.java:63) ~[classes/:?]
	at org.apache.hadoop.hive.ql.parse.UpdateDeleteSemanticAnalyzer.analyze(UpdateDeleteSemanticAnalyzer.java:53) ~[classes/:?]
	at org.apache.hadoop.hive.ql.parse.RewriteSemanticAnalyzer.analyzeInternal(RewriteSemanticAnalyzer.java:72) ~[classes/:?]
	at org.apache.hadoop.hive.ql.parse.BaseSemanticAnalyzer.analyze(BaseSemanticAnalyzer.java:317) ~[classes/:?]
	at org.apache.hadoop.hive.ql.Compiler.analyze(Compiler.java:223) ~[classes/:?]
	at org.apache.hadoop.hive.ql.Compiler.compile(Compiler.java:105) ~[classes/:?]
	at org.apache.hadoop.hive.ql.Driver.compile(Driver.java:500) ~[classes/:?]
	at org.apache.hadoop.hive.ql.Driver.compileInternal(Driver.java:453) ~[classes/:?]
	at org.apache.hadoop.hive.ql.Driver.runInternal(Driver.java:181) ~[classes/:?]
	at org.apache.hadoop.hive.ql.Driver.run(Driver.java:153) ~[classes/:?]
	at org.apache.hadoop.hive.ql.Driver.run(Driver.java:140) ~[classes/:?]
	at org.apache.hadoop.hive.ql.TxnCommandsBaseForTests.runStatementOnDriver(TxnCommandsBaseForTests.java:245) ~[test-classes/:?]
	at org.apache.hadoop.hive.ql.TestTxnNoBuckets.testNoBucketsDP(TestTxnNoBuckets.java:233) ~[test-classes/:?]
	at sun.reflect.NativeMethodAccessorImpl.invoke0(Native Method) ~[?:1.8.0_402]
	at sun.reflect.NativeMethodAccessorImpl.invoke(NativeMethodAccessorImpl.java:62) ~[?:1.8.0_402]
	at sun.reflect.DelegatingMethodAccessorImpl.invoke(DelegatingMethodAccessorImpl.java:43) ~[?:1.8.0_402]
	at java.lang.reflect.Method.invoke(Method.java:498) ~[?:1.8.0_402]
	at org.junit.runners.model.FrameworkMethod$1.runReflectiveCall(FrameworkMethod.java:59) ~[junit-4.13.jar:4.13]
	at org.junit.internal.runners.model.ReflectiveCallable.run(ReflectiveCallable.java:12) ~[junit-4.13.jar:4.13]
	at org.junit.runners.model.FrameworkMethod.invokeExplosively(FrameworkMethod.java:56) ~[junit-4.13.jar:4.13]
	at org.junit.internal.runners.statements.InvokeMethod.evaluate(InvokeMethod.java:17) ~[junit-4.13.jar:4.13]
	at org.junit.internal.runners.statements.RunBefores.evaluate(RunBefores.java:26) ~[junit-4.13.jar:4.13]
	at org.junit.internal.runners.statements.RunAfters.evaluate(RunAfters.java:27) ~[junit-4.13.jar:4.13]
	at org.junit.rules.TestWatcher$1.evaluate(TestWatcher.java:61) ~[junit-4.13.jar:4.13]
	at org.junit.runners.ParentRunner$3.evaluate(ParentRunner.java:306) ~[junit-4.13.jar:4.13]
	at org.junit.runners.BlockJUnit4ClassRunner$1.evaluate(BlockJUnit4ClassRunner.java:100) ~[junit-4.13.jar:4.13]
	at org.junit.runners.ParentRunner.runLeaf(ParentRunner.java:366) ~[junit-4.13.jar:4.13]
	at org.junit.runners.BlockJUnit4ClassRunner.runChild(BlockJUnit4ClassRunner.java:103) ~[junit-4.13.jar:4.13]
	at org.junit.runners.BlockJUnit4ClassRunner.runChild(BlockJUnit4ClassRunner.java:63) ~[junit-4.13.jar:4.13]
	at org.junit.runners.ParentRunner$4.run(ParentRunner.java:331) ~[junit-4.13.jar:4.13]
	at org.junit.runners.ParentRunner$1.schedule(ParentRunner.java:79) ~[junit-4.13.jar:4.13]
	at org.junit.runners.ParentRunner.runChildren(ParentRunner.java:329) ~[junit-4.13.jar:4.13]
	at org.junit.runners.ParentRunner.access$100(ParentRunner.java:66) ~[junit-4.13.jar:4.13]
	at org.junit.runners.ParentRunner$2.evaluate(ParentRunner.java:293) ~[junit-4.13.jar:4.13]
	at org.junit.runners.ParentRunner$3.evaluate(ParentRunner.java:306) ~[junit-4.13.jar:4.13]
	at org.junit.runners.ParentRunner.run(ParentRunner.java:413) ~[junit-4.13.jar:4.13]
	at org.junit.runner.JUnitCore.run(JUnitCore.java:137) ~[junit-4.13.jar:4.13]
	at org.junit.runner.JUnitCore.run(JUnitCore.java:115) ~[junit-4.13.jar:4.13]
	at org.junit.vintage.engine.execution.RunnerExecutor.execute(RunnerExecutor.java:43) ~[junit-vintage-engine-5.6.2.jar:5.6.2]
	at java.util.stream.ForEachOps$ForEachOp$OfRef.accept(ForEachOps.java:183) ~[?:1.8.0_402]
	at java.util.stream.ReferencePipeline$3$1.accept(ReferencePipeline.java:193) ~[?:1.8.0_402]
	at java.util.Iterator.forEachRemaining(Iterator.java:116) ~[?:1.8.0_402]
	at java.util.Spliterators$IteratorSpliterator.forEachRemaining(Spliterators.java:1801) ~[?:1.8.0_402]
	at java.util.stream.AbstractPipeline.copyInto(AbstractPipeline.java:482) ~[?:1.8.0_402]
	at java.util.stream.AbstractPipeline.wrapAndCopyInto(AbstractPipeline.java:472) ~[?:1.8.0_402]
	at java.util.stream.ForEachOps$ForEachOp.evaluateSequential(ForEachOps.java:150) ~[?:1.8.0_402]
	at java.util.stream.ForEachOps$ForEachOp$OfRef.evaluateSequential(ForEachOps.java:173) ~[?:1.8.0_402]
	at java.util.stream.AbstractPipeline.evaluate(AbstractPipeline.java:234) ~[?:1.8.0_402]
	at java.util.stream.ReferencePipeline.forEach(ReferencePipeline.java:485) ~[?:1.8.0_402]
	at org.junit.vintage.engine.VintageTestEngine.executeAllChildren(VintageTestEngine.java:82) ~[junit-vintage-engine-5.6.2.jar:5.6.2]
	at org.junit.vintage.engine.VintageTestEngine.execute(VintageTestEngine.java:73) ~[junit-vintage-engine-5.6.2.jar:5.6.2]
	at org.junit.platform.launcher.core.DefaultLauncher.execute(DefaultLauncher.java:248) ~[junit-platform-launcher-1.6.2.jar:1.6.2]
	at org.junit.platform.launcher.core.DefaultLauncher.lambda$execute$5(DefaultLauncher.java:211) ~[junit-platform-launcher-1.6.2.jar:1.6.2]
	at org.junit.platform.launcher.core.DefaultLauncher.withInterceptedStreams(DefaultLauncher.java:226) [junit-platform-launcher-1.6.2.jar:1.6.2]
	at org.junit.platform.launcher.core.DefaultLauncher.execute(DefaultLauncher.java:199) [junit-platform-launcher-1.6.2.jar:1.6.2]
	at org.junit.platform.launcher.core.DefaultLauncher.execute(DefaultLauncher.java:132) [junit-platform-launcher-1.6.2.jar:1.6.2]
	at org.apache.maven.surefire.junitplatform.JUnitPlatformProvider.invokeAllTests(JUnitPlatformProvider.java:154) [surefire-junit-platform-3.0.0-M4.jar:3.0.0-M4]
	at org.apache.maven.surefire.junitplatform.JUnitPlatformProvider.invoke(JUnitPlatformProvider.java:123) [surefire-junit-platform-3.0.0-M4.jar:3.0.0-M4]
	at org.apache.maven.surefire.booter.ForkedBooter.runSuitesInProcess(ForkedBooter.java:377) [surefire-booter-3.0.0-M4.jar:3.0.0-M4]
	at org.apache.maven.surefire.booter.ForkedBooter.execute(ForkedBooter.java:138) [surefire-booter-3.0.0-M4.jar:3.0.0-M4]
	at org.apache.maven.surefire.booter.ForkedBooter.run(ForkedBooter.java:465) [surefire-booter-3.0.0-M4.jar:3.0.0-M4]
	at org.apache.maven.surefire.booter.ForkedBooter.main(ForkedBooter.java:451) [surefire-booter-3.0.0-M4.jar:3.0.0-M4]
2024-04-23T21:14:56,695 ERROR [main] parse.UpdateDeleteSemanticAnalyzer: CBO failed due to missing column stats (see previous errors), skipping CBO
2024-04-23T21:14:56,695  INFO [main] parse.UpdateDeleteSemanticAnalyzer: Ending caching scope for: 
FAILED: NoMatchingMethodException No matching method for class org.apache.hadoop.hive.ql.udf.UDFToInteger with (struct<writeid:bigint,bucketid:int,rowid:bigint>). Possible choices: _FUNC_(bigint)  _FUNC_(boolean)  _FUNC_(decimal(38,18))  _FUNC_(double)  _FUNC_(float)  _FUNC_(smallint)  _FUNC_(string)  _FUNC_(struct<bucketid:bigint,writeid:int,rowid:bigint>)  _FUNC_(timestamp)  _FUNC_(tinyint)  _FUNC_(void)  
2024-04-23T21:14:56,696 ERROR [main] ql.Driver: FAILED: NoMatchingMethodException No matching method for class org.apache.hadoop.hive.ql.udf.UDFToInteger with (struct<writeid:bigint,bucketid:int,rowid:bigint>). Possible choices: _FUNC_(bigint)  _FUNC_(boolean)  _FUNC_(decimal(38,18))  _FUNC_(double)  _FUNC_(float)  _FUNC_(smallint)  _FUNC_(string)  _FUNC_(struct<bucketid:bigint,writeid:int,rowid:bigint>)  _FUNC_(timestamp)  _FUNC_(tinyint)  _FUNC_(void)  
org.apache.hadoop.hive.ql.exec.NoMatchingMethodException: No matching method for class org.apache.hadoop.hive.ql.udf.UDFToInteger with (struct<writeid:bigint,bucketid:int,rowid:bigint>). Possible choices: _FUNC_(bigint)  _FUNC_(boolean)  _FUNC_(decimal(38,18))  _FUNC_(double)  _FUNC_(float)  _FUNC_(smallint)  _FUNC_(string)  _FUNC_(struct<bucketid:bigint,writeid:int,rowid:bigint>)  _FUNC_(timestamp)  _FUNC_(tinyint)  _FUNC_(void)  
	at org.apache.hadoop.hive.ql.exec.MethodUtils.getMethodInternal(MethodUtils.java:130)
	at org.apache.hadoop.hive.ql.exec.MethodUtils.getMethodInternal(MethodUtils.java:60)
	at org.apache.hadoop.hive.ql.exec.DefaultUDFMethodResolver.getEvalMethod(DefaultUDFMethodResolver.java:59)
	at org.apache.hadoop.hive.ql.udf.TimestampCastRestrictorResolver.getEvalMethod(TimestampCastRestrictorResolver.java:68)
	at org.apache.hadoop.hive.ql.udf.generic.GenericUDFBridge.initialize(GenericUDFBridge.java:168)
	at org.apache.hadoop.hive.ql.udf.generic.GenericUDF.initializeAndFoldConstants(GenericUDF.java:149)
	at org.apache.hadoop.hive.ql.plan.ExprNodeGenericFuncDesc.newInstance(ExprNodeGenericFuncDesc.java:235)
	at org.apache.hadoop.hive.ql.parse.type.ExprNodeDescExprFactory.createFuncCallExpr(ExprNodeDescExprFactory.java:584)
	at org.apache.hadoop.hive.ql.parse.type.ExprNodeDescExprFactory.createFuncCallExpr(ExprNodeDescExprFactory.java:97)
	at org.apache.hadoop.hive.ql.parse.type.TypeCheckProcFactory$DefaultExprProcessor.getFuncExprNodeDescWithUdfData(TypeCheckProcFactory.java:762)
	at org.apache.hadoop.hive.ql.parse.type.TypeCheckProcFactory$DefaultExprProcessor.createConversionCast(TypeCheckProcFactory.java:783)
	at org.apache.hadoop.hive.ql.parse.SemanticAnalyzer.getPartitionColsFromBucketColsForUpdateDelete(SemanticAnalyzer.java:8725)
	at org.apache.hadoop.hive.ql.parse.SemanticAnalyzer.genBucketingSortingDest(SemanticAnalyzer.java:6914)
	at org.apache.hadoop.hive.ql.parse.SemanticAnalyzer.genFileSinkPlan(SemanticAnalyzer.java:7335)
	at org.apache.hadoop.hive.ql.parse.SemanticAnalyzer.genPostGroupByBodyPlan(SemanticAnalyzer.java:11063)
	at org.apache.hadoop.hive.ql.parse.SemanticAnalyzer.genBodyPlan(SemanticAnalyzer.java:10938)
	at org.apache.hadoop.hive.ql.parse.SemanticAnalyzer.genPlan(SemanticAnalyzer.java:11853)
	at org.apache.hadoop.hive.ql.parse.SemanticAnalyzer.genPlan(SemanticAnalyzer.java:11723)
	at org.apache.hadoop.hive.ql.parse.CalcitePlanner.genOPTree(CalcitePlanner.java:626)
	at org.apache.hadoop.hive.ql.parse.SemanticAnalyzer.analyzeInternal(SemanticAnalyzer.java:12558)
	at org.apache.hadoop.hive.ql.parse.CalcitePlanner.analyzeInternal(CalcitePlanner.java:456)
	at org.apache.hadoop.hive.ql.parse.RewriteSemanticAnalyzer.analyzeInternal(RewriteSemanticAnalyzer.java:67)
	at org.apache.hadoop.hive.ql.parse.BaseSemanticAnalyzer.analyze(BaseSemanticAnalyzer.java:317)
	at org.apache.hadoop.hive.ql.parse.UpdateDeleteSemanticAnalyzer.reparseAndSuperAnalyze(UpdateDeleteSemanticAnalyzer.java:208)
	at org.apache.hadoop.hive.ql.parse.UpdateDeleteSemanticAnalyzer.analyzeUpdate(UpdateDeleteSemanticAnalyzer.java:63)
	at org.apache.hadoop.hive.ql.parse.UpdateDeleteSemanticAnalyzer.analyze(UpdateDeleteSemanticAnalyzer.java:53)
	at org.apache.hadoop.hive.ql.parse.RewriteSemanticAnalyzer.analyzeInternal(RewriteSemanticAnalyzer.java:72)
	at org.apache.hadoop.hive.ql.parse.BaseSemanticAnalyzer.analyze(BaseSemanticAnalyzer.java:317)
	at org.apache.hadoop.hive.ql.Compiler.analyze(Compiler.java:223)
	at org.apache.hadoop.hive.ql.Compiler.compile(Compiler.java:105)
	at org.apache.hadoop.hive.ql.Driver.compile(Driver.java:500)
	at org.apache.hadoop.hive.ql.Driver.compileInternal(Driver.java:453)
	at org.apache.hadoop.hive.ql.Driver.runInternal(Driver.java:181)
	at org.apache.hadoop.hive.ql.Driver.run(Driver.java:153)
	at org.apache.hadoop.hive.ql.Driver.run(Driver.java:140)
	at org.apache.hadoop.hive.ql.TxnCommandsBaseForTests.runStatementOnDriver(TxnCommandsBaseForTests.java:245)
	at org.apache.hadoop.hive.ql.TestTxnNoBuckets.testNoBucketsDP(TestTxnNoBuckets.java:233)
	at sun.reflect.NativeMethodAccessorImpl.invoke0(Native Method)
	at sun.reflect.NativeMethodAccessorImpl.invoke(NativeMethodAccessorImpl.java:62)
	at sun.reflect.DelegatingMethodAccessorImpl.invoke(DelegatingMethodAccessorImpl.java:43)
	at java.lang.reflect.Method.invoke(Method.java:498)
	at org.junit.runners.model.FrameworkMethod$1.runReflectiveCall(FrameworkMethod.java:59)
	at org.junit.internal.runners.model.ReflectiveCallable.run(ReflectiveCallable.java:12)
	at org.junit.runners.model.FrameworkMethod.invokeExplosively(FrameworkMethod.java:56)
	at org.junit.internal.runners.statements.InvokeMethod.evaluate(InvokeMethod.java:17)
	at org.junit.internal.runners.statements.RunBefores.evaluate(RunBefores.java:26)
	at org.junit.internal.runners.statements.RunAfters.evaluate(RunAfters.java:27)
	at org.junit.rules.TestWatcher$1.evaluate(TestWatcher.java:61)
	at org.junit.runners.ParentRunner$3.evaluate(ParentRunner.java:306)
	at org.junit.runners.BlockJUnit4ClassRunner$1.evaluate(BlockJUnit4ClassRunner.java:100)
	at org.junit.runners.ParentRunner.runLeaf(ParentRunner.java:366)
	at org.junit.runners.BlockJUnit4ClassRunner.runChild(BlockJUnit4ClassRunner.java:103)
	at org.junit.runners.BlockJUnit4ClassRunner.runChild(BlockJUnit4ClassRunner.java:63)
	at org.junit.runners.ParentRunner$4.run(ParentRunner.java:331)
	at org.junit.runners.ParentRunner$1.schedule(ParentRunner.java:79)
	at org.junit.runners.ParentRunner.runChildren(ParentRunner.java:329)
	at org.junit.runners.ParentRunner.access$100(ParentRunner.java:66)
	at org.junit.runners.ParentRunner$2.evaluate(ParentRunner.java:293)
	at org.junit.runners.ParentRunner$3.evaluate(ParentRunner.java:306)
	at org.junit.runners.ParentRunner.run(ParentRunner.java:413)
	at org.junit.runner.JUnitCore.run(JUnitCore.java:137)
	at org.junit.runner.JUnitCore.run(JUnitCore.java:115)
	at org.junit.vintage.engine.execution.RunnerExecutor.execute(RunnerExecutor.java:43)
	at java.util.stream.ForEachOps$ForEachOp$OfRef.accept(ForEachOps.java:183)
	at java.util.stream.ReferencePipeline$3$1.accept(ReferencePipeline.java:193)
	at java.util.Iterator.forEachRemaining(Iterator.java:116)
	at java.util.Spliterators$IteratorSpliterator.forEachRemaining(Spliterators.java:1801)
	at java.util.stream.AbstractPipeline.copyInto(AbstractPipeline.java:482)
	at java.util.stream.AbstractPipeline.wrapAndCopyInto(AbstractPipeline.java:472)
	at java.util.stream.ForEachOps$ForEachOp.evaluateSequential(ForEachOps.java:150)
	at java.util.stream.ForEachOps$ForEachOp$OfRef.evaluateSequential(ForEachOps.java:173)
	at java.util.stream.AbstractPipeline.evaluate(AbstractPipeline.java:234)
	at java.util.stream.ReferencePipeline.forEach(ReferencePipeline.java:485)
	at org.junit.vintage.engine.VintageTestEngine.executeAllChildren(VintageTestEngine.java:82)
	at org.junit.vintage.engine.VintageTestEngine.execute(VintageTestEngine.java:73)
	at org.junit.platform.launcher.core.DefaultLauncher.execute(DefaultLauncher.java:248)
	at org.junit.platform.launcher.core.DefaultLauncher.lambda$execute$5(DefaultLauncher.java:211)
	at org.junit.platform.launcher.core.DefaultLauncher.withInterceptedStreams(DefaultLauncher.java:226)
	at org.junit.platform.launcher.core.DefaultLauncher.execute(DefaultLauncher.java:199)
	at org.junit.platform.launcher.core.DefaultLauncher.execute(DefaultLauncher.java:132)
	at org.apache.maven.surefire.junitplatform.JUnitPlatformProvider.invokeAllTests(JUnitPlatformProvider.java:154)
	at org.apache.maven.surefire.junitplatform.JUnitPlatformProvider.invoke(JUnitPlatformProvider.java:123)
	at org.apache.maven.surefire.booter.ForkedBooter.runSuitesInProcess(ForkedBooter.java:377)
	at org.apache.maven.surefire.booter.ForkedBooter.execute(ForkedBooter.java:138)
	at org.apache.maven.surefire.booter.ForkedBooter.run(ForkedBooter.java:465)
	at org.apache.maven.surefire.booter.ForkedBooter.main(ForkedBooter.java:451)

2024-04-23T21:14:56,697  INFO [main] metadata.Hive: Dumping metastore api call timing information for : compilation phase
2024-04-23T21:14:56,697  INFO [main] metadata.Hive: Total time spent in each metastore function (ms): {getNotNullConstraints_(NotNullConstraintsRequest)=2, getValidTxns_(long)=1, getTable_(GetTableRequest)=34, listPartitions_(String, String, short)=13, openTxn_(String, TxnType)=3, isCompatibleWith_(Configuration)=1, getAllTableConstraints_(AllTableConstraintsRequest)=7, getValidWriteIds_(List, String)=3, commitTxn_(CommitTxnRequest)=11, getMetaConf_(String)=0, getCheckConstraints_(CheckConstraintsRequest)=1, getAggrColStatsFor_(String, String, List, List, String, String)=12, flushCache_()=0}
2024-04-23T21:14:56,697  INFO [main] ql.Driver: Completed compiling command(queryId=alex_20240423211456_8d47bef7-f8ea-4eda-ae7e-ce8412d16187); Time taken: 0.267 seconds
2024-04-23T21:14:56,697  INFO [main] lockmgr.DbTxnManager: Stopped heartbeat for query: null
2024-04-23T21:14:56,702  INFO [main] txn.TxnHandler: Removed transactions: ([24]) from MIN_HISTORY_LEVEL
2024-04-23T21:14:56,709  INFO [main] ql.TxnCommandsBaseForTests: Running the query: drop table if exists acidTbl
2024-04-23T21:14:56,710  INFO [main] ql.Driver: Compiling command(queryId=alex_20240423211456_8ffcc9f3-a50c-4695-9400-5292d8687a53): drop table if exists acidTbl
2024-04-23T21:14:56,712  INFO [main] txn.TxnHandler: Added entries to MIN_HISTORY_LEVEL for current txns: ([25]) with min_open_txn: 24
2024-04-23T21:14:56,713  INFO [main] lockmgr.DbTxnManager: Opened txnid:25
2024-04-23T21:14:56,714  INFO [main] HiveMetaStore.audit: ugi=alex	ip=unknown-ip-addr	cmd=get_table : tbl=hive.default.acidTbl	
2024-04-23T21:14:56,721  INFO [main] metastore.HMSHandler: Skipping translation for processor with null
2024-04-23T21:14:56,721  INFO [main] ql.Driver: Semantic Analysis Completed (retrial = false)
2024-04-23T21:14:56,722  INFO [main] ql.Driver: Created Hive schema: Schema(fieldSchemas:null, properties:null)
2024-04-23T21:14:56,722  INFO [main] metadata.Hive: Dumping metastore api call timing information for : compilation phase
2024-04-23T21:14:56,722  INFO [main] metadata.Hive: Total time spent in each metastore function (ms): {getTable_(GetTableRequest)=8, openTxn_(String, TxnType)=3, rollbackTxn_(long)=11, isCompatibleWith_(Configuration)=1, flushCache_()=0, getValidTxns_(long)=0}
2024-04-23T21:14:56,722  INFO [main] ql.Driver: Completed compiling command(queryId=alex_20240423211456_8ffcc9f3-a50c-4695-9400-5292d8687a53); Time taken: 0.012 seconds
2024-04-23T21:14:56,722  INFO [main] lockmgr.DbTxnManager: Setting lock request transaction to txnid:25 for queryId=alex_20240423211456_8ffcc9f3-a50c-4695-9400-5292d8687a53
2024-04-23T21:14:56,723  INFO [main] lockmgr.DbLockManager: Requesting lock for queryId=alex_20240423211456_8ffcc9f3-a50c-4695-9400-5292d8687a53
2024-04-23T21:14:56,742  INFO [main] lockmgr.DbLockManager: Response to queryId=alex_20240423211456_8ffcc9f3-a50c-4695-9400-5292d8687a53 LockResponse(lockid:16, state:ACQUIRED)
2024-04-23T21:14:56,742  INFO [main] ql.Driver: Operation DROPTABLE obtained 1 locks
2024-04-23T21:14:56,742  INFO [main] ql.Driver: Executing command(queryId=alex_20240423211456_8ffcc9f3-a50c-4695-9400-5292d8687a53): drop table if exists acidTbl
2024-04-23T21:14:56,743  INFO [main] ql.Driver: Starting task [Stage-0:DDL] in serial mode
2024-04-23T21:14:56,743  INFO [main] HiveMetaStore.audit: ugi=alex	ip=unknown-ip-addr	cmd=get_table : tbl=hive.default.acidTbl	
2024-04-23T21:14:56,751  INFO [main] metastore.HMSHandler: Skipping translation for processor with null
2024-04-23T21:14:56,751  INFO [main] HiveMetaStore.audit: ugi=alex	ip=unknown-ip-addr	cmd=get_table : tbl=hive.default.acidTbl	
2024-04-23T21:14:56,758  INFO [main] metastore.HMSHandler: Skipping translation for processor with null
2024-04-23T21:14:56,759  INFO [main] HiveMetaStore.audit: ugi=alex	ip=unknown-ip-addr	cmd=drop_table : tbl=hive.default.acidTbl	
2024-04-23T21:14:56,896  INFO [main] metadata.Hive: Dumping metastore api call timing information for : execution phase
2024-04-23T21:14:56,896  INFO [main] metadata.Hive: Total time spent in each metastore function (ms): {isCompatibleWith_(Configuration)=0, getTable_(GetTableRequest)=8, dropTable_(String, String, boolean, boolean, boolean)=144}
2024-04-23T21:14:56,896  INFO [main] ql.Driver: Completed executing command(queryId=alex_20240423211456_8ffcc9f3-a50c-4695-9400-5292d8687a53); Time taken: 0.154 seconds
2024-04-23T21:14:56,896  INFO [main] lockmgr.DbTxnManager: Stopped heartbeat for query: alex_20240423211456_8ffcc9f3-a50c-4695-9400-5292d8687a53
2024-04-23T21:14:56,901  INFO [main] txn.TxnHandler: Expected to move at least one record from txn_components to completed_txn_components when committing txn! txnid:25
2024-04-23T21:14:56,909  INFO [main] txn.TxnHandler: Removed transactions: ([25]) from MIN_HISTORY_LEVEL
2024-04-23T21:14:56,909  WARN [main] txn.CompactionTxnHandler: No compaction queue record found for Compaction type transaction commit. txnId:25
2024-04-23T21:14:56,910  INFO [main] ql.TxnCommandsBaseForTests: Running the query: drop table if exists acidTblPart
2024-04-23T21:14:56,910  INFO [main] ql.Driver: Compiling command(queryId=alex_20240423211456_1ba37f8a-9ba2-4017-8b5c-8ceff86fd83e): drop table if exists acidTblPart
2024-04-23T21:14:56,914  INFO [main] txn.TxnHandler: Added entries to MIN_HISTORY_LEVEL for current txns: ([26]) with min_open_txn: 24
2024-04-23T21:14:56,914  INFO [main] lockmgr.DbTxnManager: Opened txnid:26
2024-04-23T21:14:56,915  INFO [main] HiveMetaStore.audit: ugi=alex	ip=unknown-ip-addr	cmd=get_table : tbl=hive.default.acidTblPart	
2024-04-23T21:14:56,930  INFO [main] metastore.HMSHandler: Skipping translation for processor with null
2024-04-23T21:14:56,930  INFO [main] ql.Driver: Semantic Analysis Completed (retrial = false)
2024-04-23T21:14:56,930  INFO [main] ql.Driver: Created Hive schema: Schema(fieldSchemas:null, properties:null)
2024-04-23T21:14:56,930  INFO [main] metadata.Hive: Dumping metastore api call timing information for : compilation phase
2024-04-23T21:14:56,930  INFO [main] metadata.Hive: Total time spent in each metastore function (ms): {commitTxn_(CommitTxnRequest)=13, flushCache_()=0, getValidTxns_(long)=1, openTxn_(String, TxnType)=3, getTable_(GetTableRequest)=15, isCompatibleWith_(Configuration)=1}
2024-04-23T21:14:56,931  INFO [main] ql.Driver: Completed compiling command(queryId=alex_20240423211456_1ba37f8a-9ba2-4017-8b5c-8ceff86fd83e); Time taken: 0.02 seconds
2024-04-23T21:14:56,931  INFO [main] lockmgr.DbTxnManager: Setting lock request transaction to txnid:26 for queryId=alex_20240423211456_1ba37f8a-9ba2-4017-8b5c-8ceff86fd83e
2024-04-23T21:14:56,932  INFO [main] lockmgr.DbLockManager: Requesting lock for queryId=alex_20240423211456_1ba37f8a-9ba2-4017-8b5c-8ceff86fd83e
2024-04-23T21:14:56,951  INFO [main] lockmgr.DbLockManager: Response to queryId=alex_20240423211456_1ba37f8a-9ba2-4017-8b5c-8ceff86fd83e LockResponse(lockid:17, state:ACQUIRED)
2024-04-23T21:14:56,951  INFO [main] ql.Driver: Operation DROPTABLE obtained 1 locks
2024-04-23T21:14:56,951  INFO [main] ql.Driver: Executing command(queryId=alex_20240423211456_1ba37f8a-9ba2-4017-8b5c-8ceff86fd83e): drop table if exists acidTblPart
2024-04-23T21:14:56,951  INFO [main] ql.Driver: Starting task [Stage-0:DDL] in serial mode
2024-04-23T21:14:56,951  INFO [main] HiveMetaStore.audit: ugi=alex	ip=unknown-ip-addr	cmd=get_table : tbl=hive.default.acidTblPart	
2024-04-23T21:14:56,960  INFO [main] metastore.HMSHandler: Skipping translation for processor with null
2024-04-23T21:14:56,960  INFO [main] HiveMetaStore.audit: ugi=alex	ip=unknown-ip-addr	cmd=get_table : tbl=hive.default.acidTblPart	
2024-04-23T21:14:56,969  INFO [main] metastore.HMSHandler: Skipping translation for processor with null
2024-04-23T21:14:56,970  INFO [main] HiveMetaStore.audit: ugi=alex	ip=unknown-ip-addr	cmd=drop_table : tbl=hive.default.acidTblPart	
2024-04-23T21:14:57,020  INFO [main] metadata.Hive: Dumping metastore api call timing information for : execution phase
2024-04-23T21:14:57,020  INFO [main] metadata.Hive: Total time spent in each metastore function (ms): {dropTable_(String, String, boolean, boolean, boolean)=60, getTable_(GetTableRequest)=9, isCompatibleWith_(Configuration)=0}
2024-04-23T21:14:57,020  INFO [main] ql.Driver: Completed executing command(queryId=alex_20240423211456_1ba37f8a-9ba2-4017-8b5c-8ceff86fd83e); Time taken: 0.069 seconds
2024-04-23T21:14:57,020  INFO [main] lockmgr.DbTxnManager: Stopped heartbeat for query: alex_20240423211456_1ba37f8a-9ba2-4017-8b5c-8ceff86fd83e
2024-04-23T21:14:57,027  INFO [main] txn.TxnHandler: Expected to move at least one record from txn_components to completed_txn_components when committing txn! txnid:26
2024-04-23T21:14:57,034  INFO [main] txn.TxnHandler: Removed transactions: ([26]) from MIN_HISTORY_LEVEL
2024-04-23T21:14:57,034  WARN [main] txn.CompactionTxnHandler: No compaction queue record found for Compaction type transaction commit. txnId:26
2024-04-23T21:14:57,035  INFO [main] ql.TxnCommandsBaseForTests: Running the query: drop table if exists acidTbl2
2024-04-23T21:14:57,035  INFO [main] ql.Driver: Compiling command(queryId=alex_20240423211457_2c09491b-ebd1-4841-b837-0cc468d1ac98): drop table if exists acidTbl2
2024-04-23T21:14:57,038  INFO [main] txn.TxnHandler: Added entries to MIN_HISTORY_LEVEL for current txns: ([27]) with min_open_txn: 24
2024-04-23T21:14:57,039  INFO [main] lockmgr.DbTxnManager: Opened txnid:27
2024-04-23T21:14:57,040  INFO [main] ql.Driver: Semantic Analysis Completed (retrial = false)
2024-04-23T21:14:57,040  INFO [main] ql.Driver: Created Hive schema: Schema(fieldSchemas:null, properties:null)
2024-04-23T21:14:57,040  INFO [main] metadata.Hive: Dumping metastore api call timing information for : compilation phase
2024-04-23T21:14:57,040  INFO [main] metadata.Hive: Total time spent in each metastore function (ms): {getValidTxns_(long)=0, flushCache_()=0, getTable_(GetTableRequest)=1, openTxn_(String, TxnType)=3, commitTxn_(CommitTxnRequest)=14, isCompatibleWith_(Configuration)=0}
2024-04-23T21:14:57,040  INFO [main] ql.Driver: Completed compiling command(queryId=alex_20240423211457_2c09491b-ebd1-4841-b837-0cc468d1ac98); Time taken: 0.005 seconds
2024-04-23T21:14:57,040  INFO [main] lockmgr.DbTxnManager: Setting lock request transaction to txnid:27 for queryId=alex_20240423211457_2c09491b-ebd1-4841-b837-0cc468d1ac98
2024-04-23T21:14:57,040  INFO [main] ql.Driver: Operation DROPTABLE obtained 0 locks
2024-04-23T21:14:57,040  INFO [main] ql.Driver: Executing command(queryId=alex_20240423211457_2c09491b-ebd1-4841-b837-0cc468d1ac98): drop table if exists acidTbl2
2024-04-23T21:14:57,041  INFO [main] ql.Driver: Starting task [Stage-0:DDL] in serial mode
2024-04-23T21:14:57,041  INFO [main] metadata.SessionHiveMetaStoreClient: Column stats doesn't exist for db=default temp table=acidTbl2
2024-04-23T21:14:57,041  INFO [main] metadata.Hive: Dumping metastore api call timing information for : execution phase
2024-04-23T21:14:57,041  INFO [main] metadata.Hive: Total time spent in each metastore function (ms): {getTable_(GetTableRequest)=0, isCompatibleWith_(Configuration)=0, dropTable_(String, String, boolean, boolean, boolean)=0}
2024-04-23T21:14:57,042  INFO [main] ql.Driver: Completed executing command(queryId=alex_20240423211457_2c09491b-ebd1-4841-b837-0cc468d1ac98); Time taken: 0.001 seconds
2024-04-23T21:14:57,042  INFO [main] lockmgr.DbTxnManager: Stopped heartbeat for query: alex_20240423211457_2c09491b-ebd1-4841-b837-0cc468d1ac98
2024-04-23T21:14:57,048  INFO [main] txn.TxnHandler: Expected to move at least one record from txn_components to completed_txn_components when committing txn! txnid:27
2024-04-23T21:14:57,054  INFO [main] txn.TxnHandler: Removed transactions: ([27]) from MIN_HISTORY_LEVEL
2024-04-23T21:14:57,054  WARN [main] txn.CompactionTxnHandler: No compaction queue record found for Compaction type transaction commit. txnId:27
2024-04-23T21:14:57,055  INFO [main] ql.TxnCommandsBaseForTests: Running the query: drop table if exists nonAcidOrcTbl
2024-04-23T21:14:57,055  INFO [main] ql.Driver: Compiling command(queryId=alex_20240423211457_f2db9e13-3243-45f1-953b-fef16cdb7a4e): drop table if exists nonAcidOrcTbl
2024-04-23T21:14:57,057  INFO [main] txn.TxnHandler: Added entries to MIN_HISTORY_LEVEL for current txns: ([28]) with min_open_txn: 24
2024-04-23T21:14:57,058  INFO [main] lockmgr.DbTxnManager: Opened txnid:28
2024-04-23T21:14:57,059  INFO [main] HiveMetaStore.audit: ugi=alex	ip=unknown-ip-addr	cmd=get_table : tbl=hive.default.nonAcidOrcTbl	
2024-04-23T21:14:57,082  INFO [main] metastore.HMSHandler: Skipping translation for processor with null
2024-04-23T21:14:57,082  INFO [main] ql.Driver: Semantic Analysis Completed (retrial = false)
2024-04-23T21:14:57,082  INFO [main] ql.Driver: Created Hive schema: Schema(fieldSchemas:null, properties:null)
2024-04-23T21:14:57,082  INFO [main] metadata.Hive: Dumping metastore api call timing information for : compilation phase
2024-04-23T21:14:57,083  INFO [main] metadata.Hive: Total time spent in each metastore function (ms): {commitTxn_(CommitTxnRequest)=13, isCompatibleWith_(Configuration)=1, getTable_(GetTableRequest)=23, openTxn_(String, TxnType)=2, getValidTxns_(long)=1, flushCache_()=0}
2024-04-23T21:14:57,083  INFO [main] ql.Driver: Completed compiling command(queryId=alex_20240423211457_f2db9e13-3243-45f1-953b-fef16cdb7a4e); Time taken: 0.027 seconds
2024-04-23T21:14:57,083  INFO [main] lockmgr.DbTxnManager: Setting lock request transaction to txnid:28 for queryId=alex_20240423211457_f2db9e13-3243-45f1-953b-fef16cdb7a4e
2024-04-23T21:14:57,084  INFO [main] lockmgr.DbLockManager: Requesting lock for queryId=alex_20240423211457_f2db9e13-3243-45f1-953b-fef16cdb7a4e
2024-04-23T21:14:57,109  INFO [main] lockmgr.DbLockManager: Response to queryId=alex_20240423211457_f2db9e13-3243-45f1-953b-fef16cdb7a4e LockResponse(lockid:18, state:ACQUIRED)
2024-04-23T21:14:57,109  INFO [main] ql.Driver: Operation DROPTABLE obtained 1 locks
2024-04-23T21:14:57,109  INFO [main] ql.Driver: Executing command(queryId=alex_20240423211457_f2db9e13-3243-45f1-953b-fef16cdb7a4e): drop table if exists nonAcidOrcTbl
2024-04-23T21:14:57,109  INFO [main] ql.Driver: Starting task [Stage-0:DDL] in serial mode
2024-04-23T21:14:57,110  INFO [main] HiveMetaStore.audit: ugi=alex	ip=unknown-ip-addr	cmd=get_table : tbl=hive.default.nonAcidOrcTbl	
2024-04-23T21:14:57,124  INFO [main] metastore.HMSHandler: Skipping translation for processor with null
2024-04-23T21:14:57,125  INFO [main] HiveMetaStore.audit: ugi=alex	ip=unknown-ip-addr	cmd=get_table : tbl=hive.default.nonAcidOrcTbl	
2024-04-23T21:14:57,136  INFO [main] metastore.HMSHandler: Skipping translation for processor with null
2024-04-23T21:14:57,136  INFO [main] HiveMetaStore.audit: ugi=alex	ip=unknown-ip-addr	cmd=drop_table : tbl=hive.default.nonAcidOrcTbl	
2024-04-23T21:14:57,222  INFO [main] metadata.Hive: Dumping metastore api call timing information for : execution phase
2024-04-23T21:14:57,222  INFO [main] metadata.Hive: Total time spent in each metastore function (ms): {getTable_(GetTableRequest)=16, dropTable_(String, String, boolean, boolean, boolean)=97, isCompatibleWith_(Configuration)=0}
2024-04-23T21:14:57,222  INFO [main] ql.Driver: Completed executing command(queryId=alex_20240423211457_f2db9e13-3243-45f1-953b-fef16cdb7a4e); Time taken: 0.113 seconds
2024-04-23T21:14:57,223  INFO [main] lockmgr.DbTxnManager: Stopped heartbeat for query: alex_20240423211457_f2db9e13-3243-45f1-953b-fef16cdb7a4e
2024-04-23T21:14:57,227  INFO [main] txn.TxnHandler: Expected to move at least one record from txn_components to completed_txn_components when committing txn! txnid:28
2024-04-23T21:14:57,234  INFO [main] txn.TxnHandler: Removed transactions: ([28]) from MIN_HISTORY_LEVEL
2024-04-23T21:14:57,234  WARN [main] txn.CompactionTxnHandler: No compaction queue record found for Compaction type transaction commit. txnId:28
2024-04-23T21:14:57,235  INFO [main] ql.TxnCommandsBaseForTests: Running the query: drop table if exists nonAcidOrcTbl2
2024-04-23T21:14:57,235  INFO [main] ql.Driver: Compiling command(queryId=alex_20240423211457_0a55b2c4-fb77-47de-86cd-6162fff7f70d): drop table if exists nonAcidOrcTbl2
2024-04-23T21:14:57,238  INFO [main] txn.TxnHandler: Added entries to MIN_HISTORY_LEVEL for current txns: ([29]) with min_open_txn: 24
2024-04-23T21:14:57,238  INFO [main] lockmgr.DbTxnManager: Opened txnid:29
2024-04-23T21:14:57,239  INFO [main] HiveMetaStore.audit: ugi=alex	ip=unknown-ip-addr	cmd=get_table : tbl=hive.default.nonAcidOrcTbl2	
2024-04-23T21:14:57,249  INFO [main] metastore.HMSHandler: Skipping translation for processor with null
2024-04-23T21:14:57,249  INFO [main] ql.Driver: Semantic Analysis Completed (retrial = false)
2024-04-23T21:14:57,249  INFO [main] ql.Driver: Created Hive schema: Schema(fieldSchemas:null, properties:null)
2024-04-23T21:14:57,249  INFO [main] metadata.Hive: Dumping metastore api call timing information for : compilation phase
2024-04-23T21:14:57,249  INFO [main] metadata.Hive: Total time spent in each metastore function (ms): {isCompatibleWith_(Configuration)=2, commitTxn_(CommitTxnRequest)=11, getValidTxns_(long)=0, flushCache_()=0, getTable_(GetTableRequest)=10, openTxn_(String, TxnType)=2}
2024-04-23T21:14:57,250  INFO [main] ql.Driver: Completed compiling command(queryId=alex_20240423211457_0a55b2c4-fb77-47de-86cd-6162fff7f70d); Time taken: 0.014 seconds
2024-04-23T21:14:57,250  INFO [main] lockmgr.DbTxnManager: Setting lock request transaction to txnid:29 for queryId=alex_20240423211457_0a55b2c4-fb77-47de-86cd-6162fff7f70d
2024-04-23T21:14:57,250  INFO [main] lockmgr.DbLockManager: Requesting lock for queryId=alex_20240423211457_0a55b2c4-fb77-47de-86cd-6162fff7f70d
2024-04-23T21:14:57,267  INFO [main] lockmgr.DbLockManager: Response to queryId=alex_20240423211457_0a55b2c4-fb77-47de-86cd-6162fff7f70d LockResponse(lockid:19, state:ACQUIRED)
2024-04-23T21:14:57,267  INFO [main] ql.Driver: Operation DROPTABLE obtained 1 locks
2024-04-23T21:14:57,267  INFO [main] ql.Driver: Executing command(queryId=alex_20240423211457_0a55b2c4-fb77-47de-86cd-6162fff7f70d): drop table if exists nonAcidOrcTbl2
2024-04-23T21:14:57,267  INFO [main] ql.Driver: Starting task [Stage-0:DDL] in serial mode
2024-04-23T21:14:57,268  INFO [main] HiveMetaStore.audit: ugi=alex	ip=unknown-ip-addr	cmd=get_table : tbl=hive.default.nonAcidOrcTbl2	
2024-04-23T21:14:57,278  INFO [main] metastore.HMSHandler: Skipping translation for processor with null
2024-04-23T21:14:57,279  INFO [main] HiveMetaStore.audit: ugi=alex	ip=unknown-ip-addr	cmd=get_table : tbl=hive.default.nonAcidOrcTbl2	
2024-04-23T21:14:57,288  INFO [main] metastore.HMSHandler: Skipping translation for processor with null
2024-04-23T21:14:57,289  INFO [main] HiveMetaStore.audit: ugi=alex	ip=unknown-ip-addr	cmd=drop_table : tbl=hive.default.nonAcidOrcTbl2	
2024-04-23T21:14:57,325  INFO [main] metadata.Hive: Dumping metastore api call timing information for : execution phase
2024-04-23T21:14:57,325  INFO [main] metadata.Hive: Total time spent in each metastore function (ms): {isCompatibleWith_(Configuration)=0, getTable_(GetTableRequest)=10, dropTable_(String, String, boolean, boolean, boolean)=47}
2024-04-23T21:14:57,325  INFO [main] ql.Driver: Completed executing command(queryId=alex_20240423211457_0a55b2c4-fb77-47de-86cd-6162fff7f70d); Time taken: 0.058 seconds
2024-04-23T21:14:57,326  INFO [main] lockmgr.DbTxnManager: Stopped heartbeat for query: alex_20240423211457_0a55b2c4-fb77-47de-86cd-6162fff7f70d
2024-04-23T21:14:57,330  INFO [main] txn.TxnHandler: Expected to move at least one record from txn_components to completed_txn_components when committing txn! txnid:29
2024-04-23T21:14:57,337  INFO [main] txn.TxnHandler: Removed transactions: ([29]) from MIN_HISTORY_LEVEL
2024-04-23T21:14:57,337  WARN [main] txn.CompactionTxnHandler: No compaction queue record found for Compaction type transaction commit. txnId:29
2024-04-23T21:14:57,338  INFO [main] ql.TxnCommandsBaseForTests: Running the query: drop table if exists nonAcidNonBucket
2024-04-23T21:14:57,339  INFO [main] ql.Driver: Compiling command(queryId=alex_20240423211457_84266583-ea17-4821-a485-992a31b5fc55): drop table if exists nonAcidNonBucket
2024-04-23T21:14:57,342  INFO [main] txn.TxnHandler: Added entries to MIN_HISTORY_LEVEL for current txns: ([30]) with min_open_txn: 24
2024-04-23T21:14:57,342  INFO [main] lockmgr.DbTxnManager: Opened txnid:30
2024-04-23T21:14:57,343  INFO [main] HiveMetaStore.audit: ugi=alex	ip=unknown-ip-addr	cmd=get_table : tbl=hive.default.nonAcidNonBucket	
2024-04-23T21:14:57,355  INFO [main] metastore.HMSHandler: Skipping translation for processor with null
2024-04-23T21:14:57,355  INFO [main] ql.Driver: Semantic Analysis Completed (retrial = false)
2024-04-23T21:14:57,355  INFO [main] ql.Driver: Created Hive schema: Schema(fieldSchemas:null, properties:null)
2024-04-23T21:14:57,355  INFO [main] metadata.Hive: Dumping metastore api call timing information for : compilation phase
2024-04-23T21:14:57,355  INFO [main] metadata.Hive: Total time spent in each metastore function (ms): {getTable_(GetTableRequest)=12, isCompatibleWith_(Configuration)=0, getValidTxns_(long)=1, commitTxn_(CommitTxnRequest)=12, openTxn_(String, TxnType)=2, flushCache_()=0}
2024-04-23T21:14:57,355  INFO [main] ql.Driver: Completed compiling command(queryId=alex_20240423211457_84266583-ea17-4821-a485-992a31b5fc55); Time taken: 0.016 seconds
2024-04-23T21:14:57,356  INFO [main] lockmgr.DbTxnManager: Setting lock request transaction to txnid:30 for queryId=alex_20240423211457_84266583-ea17-4821-a485-992a31b5fc55
2024-04-23T21:14:57,356  INFO [main] lockmgr.DbLockManager: Requesting lock for queryId=alex_20240423211457_84266583-ea17-4821-a485-992a31b5fc55
2024-04-23T21:14:57,375  INFO [main] lockmgr.DbLockManager: Response to queryId=alex_20240423211457_84266583-ea17-4821-a485-992a31b5fc55 LockResponse(lockid:20, state:ACQUIRED)
2024-04-23T21:14:57,375  INFO [main] ql.Driver: Operation DROPTABLE obtained 1 locks
2024-04-23T21:14:57,375  INFO [main] ql.Driver: Executing command(queryId=alex_20240423211457_84266583-ea17-4821-a485-992a31b5fc55): drop table if exists nonAcidNonBucket
2024-04-23T21:14:57,375  INFO [main] ql.Driver: Starting task [Stage-0:DDL] in serial mode
2024-04-23T21:14:57,375  INFO [main] HiveMetaStore.audit: ugi=alex	ip=unknown-ip-addr	cmd=get_table : tbl=hive.default.nonAcidNonBucket	
2024-04-23T21:14:57,385  INFO [main] metastore.HMSHandler: Skipping translation for processor with null
2024-04-23T21:14:57,385  INFO [main] HiveMetaStore.audit: ugi=alex	ip=unknown-ip-addr	cmd=get_table : tbl=hive.default.nonAcidNonBucket	
2024-04-23T21:14:57,395  INFO [main] metastore.HMSHandler: Skipping translation for processor with null
2024-04-23T21:14:57,395  INFO [main] HiveMetaStore.audit: ugi=alex	ip=unknown-ip-addr	cmd=drop_table : tbl=hive.default.nonAcidNonBucket	
2024-04-23T21:14:57,429  INFO [main] metadata.Hive: Dumping metastore api call timing information for : execution phase
2024-04-23T21:14:57,429  INFO [main] metadata.Hive: Total time spent in each metastore function (ms): {getTable_(GetTableRequest)=10, isCompatibleWith_(Configuration)=0, dropTable_(String, String, boolean, boolean, boolean)=44}
2024-04-23T21:14:57,430  INFO [main] ql.Driver: Completed executing command(queryId=alex_20240423211457_84266583-ea17-4821-a485-992a31b5fc55); Time taken: 0.054 seconds
2024-04-23T21:14:57,430  INFO [main] lockmgr.DbTxnManager: Stopped heartbeat for query: alex_20240423211457_84266583-ea17-4821-a485-992a31b5fc55
2024-04-23T21:14:57,436  INFO [main] txn.TxnHandler: Expected to move at least one record from txn_components to completed_txn_components when committing txn! txnid:30
2024-04-23T21:14:57,441  INFO [main] txn.TxnHandler: Removed transactions: ([30]) from MIN_HISTORY_LEVEL
2024-04-23T21:14:57,441  WARN [main] txn.CompactionTxnHandler: No compaction queue record found for Compaction type transaction commit. txnId:30
2024-04-23T21:14:57,442  INFO [main] utils.TestTxnDbUtil: Cleaning transactional tables
]]></system-err>
  </testcase>
  <testcase name="testEmptyCompactionResult" classname="org.apache.hadoop.hive.ql.TestTxnNoBuckets" time="20.214"/>
  <testcase name="testToAcidConversion02" classname="org.apache.hadoop.hive.ql.TestTxnNoBuckets" time="9.355">
    <error type="java.lang.RuntimeException"><![CDATA[java.lang.RuntimeException: update nonAcidNonBucket set b = 120 where a = 0 and b = 12 failed: (responseCode = 40000, errorMessage = FAILED: NoMatchingMethodException No matching method for class org.apache.hadoop.hive.ql.udf.UDFToInteger with (struct<writeid:bigint,bucketid:int,rowid:bigint>). Possible choices: _FUNC_(bigint)  _FUNC_(boolean)  _FUNC_(decimal(38,18))  _FUNC_(double)  _FUNC_(float)  _FUNC_(smallint)  _FUNC_(string)  _FUNC_(struct<bucketid:bigint,writeid:int,rowid:bigint>)  _FUNC_(timestamp)  _FUNC_(tinyint)  _FUNC_(void)  , hiveErrorCode = 40000, SQLState = 42000, exception = No matching method for class org.apache.hadoop.hive.ql.udf.UDFToInteger with (struct<writeid:bigint,bucketid:int,rowid:bigint>). Possible choices: _FUNC_(bigint)  _FUNC_(boolean)  _FUNC_(decimal(38,18))  _FUNC_(double)  _FUNC_(float)  _FUNC_(smallint)  _FUNC_(string)  _FUNC_(struct<bucketid:bigint,writeid:int,rowid:bigint>)  _FUNC_(timestamp)  _FUNC_(tinyint)  _FUNC_(void)  )
	at org.apache.hadoop.hive.ql.TxnCommandsBaseForTests.runStatementOnDriver(TxnCommandsBaseForTests.java:247)
	at org.apache.hadoop.hive.ql.TestTxnNoBuckets.testToAcidConversion02(TestTxnNoBuckets.java:553)
	at sun.reflect.NativeMethodAccessorImpl.invoke0(Native Method)
	at sun.reflect.NativeMethodAccessorImpl.invoke(NativeMethodAccessorImpl.java:62)
	at sun.reflect.DelegatingMethodAccessorImpl.invoke(DelegatingMethodAccessorImpl.java:43)
	at java.lang.reflect.Method.invoke(Method.java:498)
	at org.junit.runners.model.FrameworkMethod$1.runReflectiveCall(FrameworkMethod.java:59)
	at org.junit.internal.runners.model.ReflectiveCallable.run(ReflectiveCallable.java:12)
	at org.junit.runners.model.FrameworkMethod.invokeExplosively(FrameworkMethod.java:56)
	at org.junit.internal.runners.statements.InvokeMethod.evaluate(InvokeMethod.java:17)
	at org.junit.internal.runners.statements.RunBefores.evaluate(RunBefores.java:26)
	at org.junit.internal.runners.statements.RunAfters.evaluate(RunAfters.java:27)
	at org.junit.rules.TestWatcher$1.evaluate(TestWatcher.java:61)
	at org.junit.runners.ParentRunner$3.evaluate(ParentRunner.java:306)
	at org.junit.runners.BlockJUnit4ClassRunner$1.evaluate(BlockJUnit4ClassRunner.java:100)
	at org.junit.runners.ParentRunner.runLeaf(ParentRunner.java:366)
	at org.junit.runners.BlockJUnit4ClassRunner.runChild(BlockJUnit4ClassRunner.java:103)
	at org.junit.runners.BlockJUnit4ClassRunner.runChild(BlockJUnit4ClassRunner.java:63)
	at org.junit.runners.ParentRunner$4.run(ParentRunner.java:331)
	at org.junit.runners.ParentRunner$1.schedule(ParentRunner.java:79)
	at org.junit.runners.ParentRunner.runChildren(ParentRunner.java:329)
	at org.junit.runners.ParentRunner.access$100(ParentRunner.java:66)
	at org.junit.runners.ParentRunner$2.evaluate(ParentRunner.java:293)
	at org.junit.runners.ParentRunner$3.evaluate(ParentRunner.java:306)
	at org.junit.runners.ParentRunner.run(ParentRunner.java:413)
	at org.junit.runner.JUnitCore.run(JUnitCore.java:137)
	at org.junit.runner.JUnitCore.run(JUnitCore.java:115)
	at org.junit.vintage.engine.execution.RunnerExecutor.execute(RunnerExecutor.java:43)
	at java.util.stream.ForEachOps$ForEachOp$OfRef.accept(ForEachOps.java:183)
	at java.util.stream.ReferencePipeline$3$1.accept(ReferencePipeline.java:193)
	at java.util.Iterator.forEachRemaining(Iterator.java:116)
	at java.util.Spliterators$IteratorSpliterator.forEachRemaining(Spliterators.java:1801)
	at java.util.stream.AbstractPipeline.copyInto(AbstractPipeline.java:482)
	at java.util.stream.AbstractPipeline.wrapAndCopyInto(AbstractPipeline.java:472)
	at java.util.stream.ForEachOps$ForEachOp.evaluateSequential(ForEachOps.java:150)
	at java.util.stream.ForEachOps$ForEachOp$OfRef.evaluateSequential(ForEachOps.java:173)
	at java.util.stream.AbstractPipeline.evaluate(AbstractPipeline.java:234)
	at java.util.stream.ReferencePipeline.forEach(ReferencePipeline.java:485)
	at org.junit.vintage.engine.VintageTestEngine.executeAllChildren(VintageTestEngine.java:82)
	at org.junit.vintage.engine.VintageTestEngine.execute(VintageTestEngine.java:73)
	at org.junit.platform.launcher.core.DefaultLauncher.execute(DefaultLauncher.java:248)
	at org.junit.platform.launcher.core.DefaultLauncher.lambda$execute$5(DefaultLauncher.java:211)
	at org.junit.platform.launcher.core.DefaultLauncher.withInterceptedStreams(DefaultLauncher.java:226)
	at org.junit.platform.launcher.core.DefaultLauncher.execute(DefaultLauncher.java:199)
	at org.junit.platform.launcher.core.DefaultLauncher.execute(DefaultLauncher.java:132)
	at org.apache.maven.surefire.junitplatform.JUnitPlatformProvider.invokeAllTests(JUnitPlatformProvider.java:154)
	at org.apache.maven.surefire.junitplatform.JUnitPlatformProvider.invoke(JUnitPlatformProvider.java:123)
	at org.apache.maven.surefire.booter.ForkedBooter.runSuitesInProcess(ForkedBooter.java:377)
	at org.apache.maven.surefire.booter.ForkedBooter.execute(ForkedBooter.java:138)
	at org.apache.maven.surefire.booter.ForkedBooter.run(ForkedBooter.java:465)
	at org.apache.maven.surefire.booter.ForkedBooter.main(ForkedBooter.java:451)
]]></error>
    <system-err><![CDATA[2024-04-23T21:15:17,735  WARN [main] conf.HiveConf: HiveConf of name hive.dummyparam.test.server.specific.config.override does not exist
2024-04-23T21:15:17,735  WARN [main] conf.HiveConf: HiveConf of name hive.metastore.metadb.dir does not exist
2024-04-23T21:15:17,735  WARN [main] conf.HiveConf: HiveConf of name hive.llap.io.cache.orc.alloc.min does not exist
2024-04-23T21:15:17,735  WARN [main] conf.HiveConf: HiveConf of name hive.stats.key.prefix.reserve.length does not exist
2024-04-23T21:15:17,735  WARN [main] conf.HiveConf: HiveConf of name hive.dummyparam.test.server.specific.config.hivesite does not exist
2024-04-23T21:15:17,735  WARN [main] conf.HiveConf: HiveConf of name hive.llap.io.cache.orc.size does not exist
2024-04-23T21:15:17,735  WARN [main] conf.HiveConf: HiveConf of name hive.dummyparam.test.server.specific.config.metastoresite does not exist
2024-04-23T21:15:17,736  WARN [main] conf.HiveConf: HiveConf of name hive.llap.io.cache.orc.alloc.max does not exist
2024-04-23T21:15:17,736  WARN [main] conf.HiveConf: HiveConf of name hive.metastore.client.cache.recordStats does not exist
2024-04-23T21:15:17,736  WARN [main] conf.HiveConf: HiveConf of name hive.metastore.client.cache.maxSize does not exist
2024-04-23T21:15:17,736  WARN [main] conf.HiveConf: HiveConf of name hive.llap.io.cache.orc.arena.size does not exist
2024-04-23T21:15:17,738  INFO [main] utils.TestTxnDbUtil: Creating transactional tables
Hive Session ID = 0a9f8166-55a0-469d-8508-59e6c2b85f74
2024-04-23T21:15:17,741  INFO [main] SessionState: Hive Session ID = 0a9f8166-55a0-469d-8508-59e6c2b85f74
ivysettings.xml file not found in HIVE_HOME or HIVE_CONF_DIR,/home/alex/Repositories/hive/conf/ivysettings.xml will be used
2024-04-23T21:15:17,741  INFO [main] DependencyResolver: ivysettings.xml file not found in HIVE_HOME or HIVE_CONF_DIR,/home/alex/Repositories/hive/conf/ivysettings.xml will be used
2024-04-23T21:15:17,747  INFO [main] session.SessionState: Created HDFS directory: /home/alex/Repositories/hive/ql/target/tmp/scratchdir/alex/0a9f8166-55a0-469d-8508-59e6c2b85f74
2024-04-23T21:15:17,749  INFO [main] session.SessionState: Created local directory: /home/alex/Repositories/hive/ql/target/tmp/localscratchdir/0a9f8166-55a0-469d-8508-59e6c2b85f74
2024-04-23T21:15:17,751  INFO [main] session.SessionState: Created HDFS directory: /home/alex/Repositories/hive/ql/target/tmp/scratchdir/alex/0a9f8166-55a0-469d-8508-59e6c2b85f74/_tmp_space.db
2024-04-23T21:15:17,752  INFO [main] sqlstd.SQLStdHiveAccessController: Created SQLStdHiveAccessController for session context : HiveAuthzSessionContext [sessionString=0a9f8166-55a0-469d-8508-59e6c2b85f74, clientType=HIVECLI]
2024-04-23T21:15:17,752  INFO [main] ql.TxnCommandsBaseForTests: Running the query: drop table if exists acidTbl
2024-04-23T21:15:17,752  INFO [main] ql.Driver: Compiling command(queryId=alex_20240423211517_50183d94-9114-44dd-889c-0226dac460d9): drop table if exists acidTbl
2024-04-23T21:15:17,761  INFO [main] txn.TxnHandler: Added entries to MIN_HISTORY_LEVEL for current txns: ([1]) with min_open_txn: 1
2024-04-23T21:15:17,761  INFO [main] lockmgr.DbTxnManager: Opened txnid:1
2024-04-23T21:15:17,764  INFO [main] HiveMetaStore.audit: ugi=alex	ip=unknown-ip-addr	cmd=get_table : tbl=hive.default.acidTbl	
2024-04-23T21:15:17,776  INFO [main] ql.Driver: Semantic Analysis Completed (retrial = false)
2024-04-23T21:15:17,776  INFO [main] ql.Driver: Created Hive schema: Schema(fieldSchemas:null, properties:null)
2024-04-23T21:15:17,776  INFO [main] metadata.Hive: Dumping metastore api call timing information for : compilation phase
2024-04-23T21:15:17,776  INFO [main] metadata.Hive: Total time spent in each metastore function (ms): {getValidTxns_(long)=2, isCompatibleWith_(Configuration)=0, commitTxn_(CommitTxnRequest)=13, openTxn_(String, TxnType)=8, flushCache_()=0}
2024-04-23T21:15:17,776  INFO [main] ql.Driver: Completed compiling command(queryId=alex_20240423211517_50183d94-9114-44dd-889c-0226dac460d9); Time taken: 0.024 seconds
2024-04-23T21:15:17,777  INFO [main] lockmgr.DbTxnManager: Setting lock request transaction to txnid:1 for queryId=alex_20240423211517_50183d94-9114-44dd-889c-0226dac460d9
2024-04-23T21:15:17,777  INFO [main] ql.Driver: Operation DROPTABLE obtained 0 locks
2024-04-23T21:15:17,777  INFO [main] ql.Driver: Executing command(queryId=alex_20240423211517_50183d94-9114-44dd-889c-0226dac460d9): drop table if exists acidTbl
2024-04-23T21:15:17,777  INFO [main] ql.Driver: Starting task [Stage-0:DDL] in serial mode
2024-04-23T21:15:17,777  INFO [main] HiveMetaStore.audit: ugi=alex	ip=unknown-ip-addr	cmd=get_table : tbl=hive.default.acidTbl	
2024-04-23T21:15:17,780  INFO [main] metadata.Hive: Dumping metastore api call timing information for : execution phase
2024-04-23T21:15:17,781  INFO [main] metadata.Hive: Total time spent in each metastore function (ms): {isCompatibleWith_(Configuration)=0}
2024-04-23T21:15:17,781  INFO [main] ql.Driver: Completed executing command(queryId=alex_20240423211517_50183d94-9114-44dd-889c-0226dac460d9); Time taken: 0.003 seconds
2024-04-23T21:15:17,781  INFO [main] lockmgr.DbTxnManager: Stopped heartbeat for query: alex_20240423211517_50183d94-9114-44dd-889c-0226dac460d9
2024-04-23T21:15:17,787  INFO [main] txn.TxnHandler: Expected to move at least one record from txn_components to completed_txn_components when committing txn! txnid:1
2024-04-23T21:15:17,793  INFO [main] txn.TxnHandler: Removed transactions: ([1]) from MIN_HISTORY_LEVEL
2024-04-23T21:15:17,794  WARN [main] txn.CompactionTxnHandler: No compaction queue record found for Compaction type transaction commit. txnId:1
2024-04-23T21:15:17,794  INFO [main] ql.TxnCommandsBaseForTests: Running the query: drop table if exists acidTblPart
2024-04-23T21:15:17,795  INFO [main] ql.Driver: Compiling command(queryId=alex_20240423211517_aa6aada2-4616-4348-a46e-ce5439e60022): drop table if exists acidTblPart
2024-04-23T21:15:17,797  INFO [main] txn.TxnHandler: Added entries to MIN_HISTORY_LEVEL for current txns: ([2]) with min_open_txn: 1
2024-04-23T21:15:17,797  INFO [main] lockmgr.DbTxnManager: Opened txnid:2
2024-04-23T21:15:17,798  INFO [main] HiveMetaStore.audit: ugi=alex	ip=unknown-ip-addr	cmd=get_table : tbl=hive.default.acidTblPart	
2024-04-23T21:15:17,801  INFO [main] ql.Driver: Semantic Analysis Completed (retrial = false)
2024-04-23T21:15:17,801  INFO [main] ql.Driver: Created Hive schema: Schema(fieldSchemas:null, properties:null)
2024-04-23T21:15:17,801  INFO [main] metadata.Hive: Dumping metastore api call timing information for : compilation phase
2024-04-23T21:15:17,801  INFO [main] metadata.Hive: Total time spent in each metastore function (ms): {flushCache_()=0, openTxn_(String, TxnType)=2, commitTxn_(CommitTxnRequest)=13, isCompatibleWith_(Configuration)=0, getValidTxns_(long)=1}
2024-04-23T21:15:17,802  INFO [main] ql.Driver: Completed compiling command(queryId=alex_20240423211517_aa6aada2-4616-4348-a46e-ce5439e60022); Time taken: 0.006 seconds
2024-04-23T21:15:17,802  INFO [main] lockmgr.DbTxnManager: Setting lock request transaction to txnid:2 for queryId=alex_20240423211517_aa6aada2-4616-4348-a46e-ce5439e60022
2024-04-23T21:15:17,802  INFO [main] ql.Driver: Operation DROPTABLE obtained 0 locks
2024-04-23T21:15:17,802  INFO [main] ql.Driver: Executing command(queryId=alex_20240423211517_aa6aada2-4616-4348-a46e-ce5439e60022): drop table if exists acidTblPart
2024-04-23T21:15:17,802  INFO [main] ql.Driver: Starting task [Stage-0:DDL] in serial mode
2024-04-23T21:15:17,802  INFO [main] HiveMetaStore.audit: ugi=alex	ip=unknown-ip-addr	cmd=get_table : tbl=hive.default.acidTblPart	
2024-04-23T21:15:17,805  INFO [main] metadata.Hive: Dumping metastore api call timing information for : execution phase
2024-04-23T21:15:17,806  INFO [main] metadata.Hive: Total time spent in each metastore function (ms): {isCompatibleWith_(Configuration)=0}
2024-04-23T21:15:17,806  INFO [main] ql.Driver: Completed executing command(queryId=alex_20240423211517_aa6aada2-4616-4348-a46e-ce5439e60022); Time taken: 0.003 seconds
2024-04-23T21:15:17,806  INFO [main] lockmgr.DbTxnManager: Stopped heartbeat for query: alex_20240423211517_aa6aada2-4616-4348-a46e-ce5439e60022
2024-04-23T21:15:17,812  INFO [main] txn.TxnHandler: Expected to move at least one record from txn_components to completed_txn_components when committing txn! txnid:2
2024-04-23T21:15:17,819  INFO [main] txn.TxnHandler: Removed transactions: ([2]) from MIN_HISTORY_LEVEL
2024-04-23T21:15:17,819  WARN [main] txn.CompactionTxnHandler: No compaction queue record found for Compaction type transaction commit. txnId:2
2024-04-23T21:15:17,820  INFO [main] ql.TxnCommandsBaseForTests: Running the query: drop table if exists acidTbl2
2024-04-23T21:15:17,820  INFO [main] ql.Driver: Compiling command(queryId=alex_20240423211517_a39dfc21-22c2-426e-a154-7f6c53ea87bf): drop table if exists acidTbl2
2024-04-23T21:15:17,823  INFO [main] txn.TxnHandler: Added entries to MIN_HISTORY_LEVEL for current txns: ([3]) with min_open_txn: 1
2024-04-23T21:15:17,823  INFO [main] lockmgr.DbTxnManager: Opened txnid:3
2024-04-23T21:15:17,824  INFO [main] HiveMetaStore.audit: ugi=alex	ip=unknown-ip-addr	cmd=get_table : tbl=hive.default.acidTbl2	
2024-04-23T21:15:17,827  INFO [main] ql.Driver: Semantic Analysis Completed (retrial = false)
2024-04-23T21:15:17,827  INFO [main] ql.Driver: Created Hive schema: Schema(fieldSchemas:null, properties:null)
2024-04-23T21:15:17,827  INFO [main] metadata.Hive: Dumping metastore api call timing information for : compilation phase
2024-04-23T21:15:17,827  INFO [main] metadata.Hive: Total time spent in each metastore function (ms): {commitTxn_(CommitTxnRequest)=14, flushCache_()=0, isCompatibleWith_(Configuration)=1, getValidTxns_(long)=0, openTxn_(String, TxnType)=2}
2024-04-23T21:15:17,828  INFO [main] ql.Driver: Completed compiling command(queryId=alex_20240423211517_a39dfc21-22c2-426e-a154-7f6c53ea87bf); Time taken: 0.007 seconds
2024-04-23T21:15:17,828  INFO [main] lockmgr.DbTxnManager: Setting lock request transaction to txnid:3 for queryId=alex_20240423211517_a39dfc21-22c2-426e-a154-7f6c53ea87bf
2024-04-23T21:15:17,828  INFO [main] ql.Driver: Operation DROPTABLE obtained 0 locks
2024-04-23T21:15:17,828  INFO [main] ql.Driver: Executing command(queryId=alex_20240423211517_a39dfc21-22c2-426e-a154-7f6c53ea87bf): drop table if exists acidTbl2
2024-04-23T21:15:17,828  INFO [main] ql.Driver: Starting task [Stage-0:DDL] in serial mode
2024-04-23T21:15:17,828  INFO [main] HiveMetaStore.audit: ugi=alex	ip=unknown-ip-addr	cmd=get_table : tbl=hive.default.acidTbl2	
2024-04-23T21:15:17,831  INFO [main] metadata.Hive: Dumping metastore api call timing information for : execution phase
2024-04-23T21:15:17,831  INFO [main] metadata.Hive: Total time spent in each metastore function (ms): {isCompatibleWith_(Configuration)=0}
2024-04-23T21:15:17,832  INFO [main] ql.Driver: Completed executing command(queryId=alex_20240423211517_a39dfc21-22c2-426e-a154-7f6c53ea87bf); Time taken: 0.003 seconds
2024-04-23T21:15:17,832  INFO [main] lockmgr.DbTxnManager: Stopped heartbeat for query: alex_20240423211517_a39dfc21-22c2-426e-a154-7f6c53ea87bf
2024-04-23T21:15:17,838  INFO [main] txn.TxnHandler: Expected to move at least one record from txn_components to completed_txn_components when committing txn! txnid:3
2024-04-23T21:15:17,844  INFO [main] txn.TxnHandler: Removed transactions: ([3]) from MIN_HISTORY_LEVEL
2024-04-23T21:15:17,844  WARN [main] txn.CompactionTxnHandler: No compaction queue record found for Compaction type transaction commit. txnId:3
2024-04-23T21:15:17,845  INFO [main] ql.TxnCommandsBaseForTests: Running the query: drop table if exists nonAcidOrcTbl
2024-04-23T21:15:17,845  INFO [main] ql.Driver: Compiling command(queryId=alex_20240423211517_a83b382c-0ce6-4390-9379-4a56c632335d): drop table if exists nonAcidOrcTbl
2024-04-23T21:15:17,848  INFO [main] txn.TxnHandler: Added entries to MIN_HISTORY_LEVEL for current txns: ([4]) with min_open_txn: 1
2024-04-23T21:15:17,848  INFO [main] lockmgr.DbTxnManager: Opened txnid:4
2024-04-23T21:15:17,849  INFO [main] HiveMetaStore.audit: ugi=alex	ip=unknown-ip-addr	cmd=get_table : tbl=hive.default.nonAcidOrcTbl	
2024-04-23T21:15:17,852  INFO [main] ql.Driver: Semantic Analysis Completed (retrial = false)
2024-04-23T21:15:17,852  INFO [main] ql.Driver: Created Hive schema: Schema(fieldSchemas:null, properties:null)
2024-04-23T21:15:17,852  INFO [main] metadata.Hive: Dumping metastore api call timing information for : compilation phase
2024-04-23T21:15:17,852  INFO [main] metadata.Hive: Total time spent in each metastore function (ms): {isCompatibleWith_(Configuration)=0, openTxn_(String, TxnType)=2, commitTxn_(CommitTxnRequest)=13, flushCache_()=0, getValidTxns_(long)=1}
2024-04-23T21:15:17,852  INFO [main] ql.Driver: Completed compiling command(queryId=alex_20240423211517_a83b382c-0ce6-4390-9379-4a56c632335d); Time taken: 0.007 seconds
2024-04-23T21:15:17,852  INFO [main] lockmgr.DbTxnManager: Setting lock request transaction to txnid:4 for queryId=alex_20240423211517_a83b382c-0ce6-4390-9379-4a56c632335d
2024-04-23T21:15:17,852  INFO [main] ql.Driver: Operation DROPTABLE obtained 0 locks
2024-04-23T21:15:17,852  INFO [main] ql.Driver: Executing command(queryId=alex_20240423211517_a83b382c-0ce6-4390-9379-4a56c632335d): drop table if exists nonAcidOrcTbl
2024-04-23T21:15:17,853  INFO [main] ql.Driver: Starting task [Stage-0:DDL] in serial mode
2024-04-23T21:15:17,853  INFO [main] HiveMetaStore.audit: ugi=alex	ip=unknown-ip-addr	cmd=get_table : tbl=hive.default.nonAcidOrcTbl	
2024-04-23T21:15:17,857  INFO [main] metadata.Hive: Dumping metastore api call timing information for : execution phase
2024-04-23T21:15:17,857  INFO [main] metadata.Hive: Total time spent in each metastore function (ms): {isCompatibleWith_(Configuration)=0}
2024-04-23T21:15:17,857  INFO [main] ql.Driver: Completed executing command(queryId=alex_20240423211517_a83b382c-0ce6-4390-9379-4a56c632335d); Time taken: 0.005 seconds
2024-04-23T21:15:17,857  INFO [main] lockmgr.DbTxnManager: Stopped heartbeat for query: alex_20240423211517_a83b382c-0ce6-4390-9379-4a56c632335d
2024-04-23T21:15:17,863  INFO [main] txn.TxnHandler: Expected to move at least one record from txn_components to completed_txn_components when committing txn! txnid:4
2024-04-23T21:15:17,870  INFO [main] txn.TxnHandler: Removed transactions: ([4]) from MIN_HISTORY_LEVEL
2024-04-23T21:15:17,870  WARN [main] txn.CompactionTxnHandler: No compaction queue record found for Compaction type transaction commit. txnId:4
2024-04-23T21:15:17,871  INFO [main] ql.TxnCommandsBaseForTests: Running the query: drop table if exists nonAcidOrcTbl2
2024-04-23T21:15:17,871  INFO [main] ql.Driver: Compiling command(queryId=alex_20240423211517_bf3c2cf9-c6e1-4b01-8548-94371542ac0f): drop table if exists nonAcidOrcTbl2
2024-04-23T21:15:17,873  INFO [main] txn.TxnHandler: Added entries to MIN_HISTORY_LEVEL for current txns: ([5]) with min_open_txn: 1
2024-04-23T21:15:17,873  INFO [main] lockmgr.DbTxnManager: Opened txnid:5
2024-04-23T21:15:17,874  INFO [main] HiveMetaStore.audit: ugi=alex	ip=unknown-ip-addr	cmd=get_table : tbl=hive.default.nonAcidOrcTbl2	
2024-04-23T21:15:17,877  INFO [main] ql.Driver: Semantic Analysis Completed (retrial = false)
2024-04-23T21:15:17,877  INFO [main] ql.Driver: Created Hive schema: Schema(fieldSchemas:null, properties:null)
2024-04-23T21:15:17,877  INFO [main] metadata.Hive: Dumping metastore api call timing information for : compilation phase
2024-04-23T21:15:17,877  INFO [main] metadata.Hive: Total time spent in each metastore function (ms): {openTxn_(String, TxnType)=2, getValidTxns_(long)=0, flushCache_()=0, isCompatibleWith_(Configuration)=0, commitTxn_(CommitTxnRequest)=13}
2024-04-23T21:15:17,878  INFO [main] ql.Driver: Completed compiling command(queryId=alex_20240423211517_bf3c2cf9-c6e1-4b01-8548-94371542ac0f); Time taken: 0.006 seconds
2024-04-23T21:15:17,878  INFO [main] lockmgr.DbTxnManager: Setting lock request transaction to txnid:5 for queryId=alex_20240423211517_bf3c2cf9-c6e1-4b01-8548-94371542ac0f
2024-04-23T21:15:17,878  INFO [main] ql.Driver: Operation DROPTABLE obtained 0 locks
2024-04-23T21:15:17,878  INFO [main] ql.Driver: Executing command(queryId=alex_20240423211517_bf3c2cf9-c6e1-4b01-8548-94371542ac0f): drop table if exists nonAcidOrcTbl2
2024-04-23T21:15:17,878  INFO [main] ql.Driver: Starting task [Stage-0:DDL] in serial mode
2024-04-23T21:15:17,878  INFO [main] HiveMetaStore.audit: ugi=alex	ip=unknown-ip-addr	cmd=get_table : tbl=hive.default.nonAcidOrcTbl2	
2024-04-23T21:15:17,881  INFO [main] metadata.Hive: Dumping metastore api call timing information for : execution phase
2024-04-23T21:15:17,882  INFO [main] metadata.Hive: Total time spent in each metastore function (ms): {isCompatibleWith_(Configuration)=0}
2024-04-23T21:15:17,882  INFO [main] ql.Driver: Completed executing command(queryId=alex_20240423211517_bf3c2cf9-c6e1-4b01-8548-94371542ac0f); Time taken: 0.003 seconds
2024-04-23T21:15:17,882  INFO [main] lockmgr.DbTxnManager: Stopped heartbeat for query: alex_20240423211517_bf3c2cf9-c6e1-4b01-8548-94371542ac0f
2024-04-23T21:15:17,887  INFO [main] txn.TxnHandler: Expected to move at least one record from txn_components to completed_txn_components when committing txn! txnid:5
2024-04-23T21:15:17,893  INFO [main] txn.TxnHandler: Removed transactions: ([5]) from MIN_HISTORY_LEVEL
2024-04-23T21:15:17,893  WARN [main] txn.CompactionTxnHandler: No compaction queue record found for Compaction type transaction commit. txnId:5
2024-04-23T21:15:17,894  INFO [main] ql.TxnCommandsBaseForTests: Running the query: drop table if exists nonAcidNonBucket
2024-04-23T21:15:17,894  INFO [main] ql.Driver: Compiling command(queryId=alex_20240423211517_cec18c10-838b-44ad-9954-17ded0d94049): drop table if exists nonAcidNonBucket
2024-04-23T21:15:17,897  INFO [main] txn.TxnHandler: Added entries to MIN_HISTORY_LEVEL for current txns: ([6]) with min_open_txn: 1
2024-04-23T21:15:17,897  INFO [main] lockmgr.DbTxnManager: Opened txnid:6
2024-04-23T21:15:17,898  INFO [main] HiveMetaStore.audit: ugi=alex	ip=unknown-ip-addr	cmd=get_table : tbl=hive.default.nonAcidNonBucket	
2024-04-23T21:15:17,902  INFO [main] ql.Driver: Semantic Analysis Completed (retrial = false)
2024-04-23T21:15:17,902  INFO [main] ql.Driver: Created Hive schema: Schema(fieldSchemas:null, properties:null)
2024-04-23T21:15:17,902  INFO [main] metadata.Hive: Dumping metastore api call timing information for : compilation phase
2024-04-23T21:15:17,902  INFO [main] metadata.Hive: Total time spent in each metastore function (ms): {commitTxn_(CommitTxnRequest)=12, flushCache_()=0, getValidTxns_(long)=1, openTxn_(String, TxnType)=2, isCompatibleWith_(Configuration)=0}
2024-04-23T21:15:17,902  INFO [main] ql.Driver: Completed compiling command(queryId=alex_20240423211517_cec18c10-838b-44ad-9954-17ded0d94049); Time taken: 0.008 seconds
2024-04-23T21:15:17,902  INFO [main] lockmgr.DbTxnManager: Setting lock request transaction to txnid:6 for queryId=alex_20240423211517_cec18c10-838b-44ad-9954-17ded0d94049
2024-04-23T21:15:17,902  INFO [main] ql.Driver: Operation DROPTABLE obtained 0 locks
2024-04-23T21:15:17,902  INFO [main] ql.Driver: Executing command(queryId=alex_20240423211517_cec18c10-838b-44ad-9954-17ded0d94049): drop table if exists nonAcidNonBucket
2024-04-23T21:15:17,902  INFO [main] ql.Driver: Starting task [Stage-0:DDL] in serial mode
2024-04-23T21:15:17,903  INFO [main] HiveMetaStore.audit: ugi=alex	ip=unknown-ip-addr	cmd=get_table : tbl=hive.default.nonAcidNonBucket	
2024-04-23T21:15:17,906  INFO [main] metadata.Hive: Dumping metastore api call timing information for : execution phase
2024-04-23T21:15:17,906  INFO [main] metadata.Hive: Total time spent in each metastore function (ms): {isCompatibleWith_(Configuration)=1}
2024-04-23T21:15:17,906  INFO [main] ql.Driver: Completed executing command(queryId=alex_20240423211517_cec18c10-838b-44ad-9954-17ded0d94049); Time taken: 0.004 seconds
2024-04-23T21:15:17,906  INFO [main] lockmgr.DbTxnManager: Stopped heartbeat for query: alex_20240423211517_cec18c10-838b-44ad-9954-17ded0d94049
2024-04-23T21:15:17,912  INFO [main] txn.TxnHandler: Expected to move at least one record from txn_components to completed_txn_components when committing txn! txnid:6
2024-04-23T21:15:17,919  INFO [main] txn.TxnHandler: Removed transactions: ([6]) from MIN_HISTORY_LEVEL
2024-04-23T21:15:17,919  WARN [main] txn.CompactionTxnHandler: No compaction queue record found for Compaction type transaction commit. txnId:6
2024-04-23T21:15:17,920  INFO [main] ql.TxnCommandsBaseForTests: Running the query: create table acidTbl(a int, b int) clustered by (a) into 2 buckets stored as orc TBLPROPERTIES ('transactional'='true')
2024-04-23T21:15:17,920  INFO [main] ql.Driver: Compiling command(queryId=alex_20240423211517_00006967-2455-4984-a211-6dd42b03b9a2): create table acidTbl(a int, b int) clustered by (a) into 2 buckets stored as orc TBLPROPERTIES ('transactional'='true')
2024-04-23T21:15:17,922  INFO [main] txn.TxnHandler: Added entries to MIN_HISTORY_LEVEL for current txns: ([7]) with min_open_txn: 1
2024-04-23T21:15:17,923  INFO [main] lockmgr.DbTxnManager: Opened txnid:7
2024-04-23T21:15:17,923  INFO [main] parse.CalcitePlanner: Starting caching scope for: 
2024-04-23T21:15:17,923  INFO [main] parse.CalcitePlanner: Starting Semantic Analysis
2024-04-23T21:15:17,930  INFO [main] parse.CalcitePlanner: Creating table default.acidTbl position=13
2024-04-23T21:15:17,930  INFO [main] HiveMetaStore.audit: ugi=alex	ip=unknown-ip-addr	cmd=get_database: default	
2024-04-23T21:15:17,932  INFO [main] parse.CalcitePlanner: Ending caching scope for: 
2024-04-23T21:15:17,932  INFO [main] ql.Driver: Semantic Analysis Completed (retrial = false)
2024-04-23T21:15:17,932  INFO [main] ql.Driver: Created Hive schema: Schema(fieldSchemas:null, properties:null)
2024-04-23T21:15:17,932  INFO [main] metadata.Hive: Dumping metastore api call timing information for : compilation phase
2024-04-23T21:15:17,932  INFO [main] metadata.Hive: Total time spent in each metastore function (ms): {getDatabase_(String)=1, commitTxn_(CommitTxnRequest)=14, openTxn_(String, TxnType)=2, flushCache_()=0, getValidWriteIds_(List, String)=6, getValidTxns_(long)=0, isCompatibleWith_(Configuration)=0}
2024-04-23T21:15:17,932  INFO [main] ql.Driver: Completed compiling command(queryId=alex_20240423211517_00006967-2455-4984-a211-6dd42b03b9a2); Time taken: 0.012 seconds
2024-04-23T21:15:17,932  INFO [main] lockmgr.DbTxnManager: Setting lock request transaction to txnid:7 for queryId=alex_20240423211517_00006967-2455-4984-a211-6dd42b03b9a2
2024-04-23T21:15:17,933  INFO [main] lockmgr.DbLockManager: Requesting lock for queryId=alex_20240423211517_00006967-2455-4984-a211-6dd42b03b9a2
2024-04-23T21:15:17,961  INFO [main] lockmgr.DbLockManager: Response to queryId=alex_20240423211517_00006967-2455-4984-a211-6dd42b03b9a2 LockResponse(lockid:1, state:ACQUIRED)
2024-04-23T21:15:17,961  INFO [main] ql.Driver: Operation CREATETABLE obtained 1 locks
2024-04-23T21:15:17,961  INFO [main] ql.Driver: Executing command(queryId=alex_20240423211517_00006967-2455-4984-a211-6dd42b03b9a2): create table acidTbl(a int, b int) clustered by (a) into 2 buckets stored as orc TBLPROPERTIES ('transactional'='true')
2024-04-23T21:15:17,962  INFO [main] ql.Driver: Starting task [Stage-0:DDL] in serial mode
2024-04-23T21:15:17,963  INFO [main] HiveMetaStore.audit: ugi=alex	ip=unknown-ip-addr	cmd=create_table_req: Table(tableName:acidTbl, dbName:default, owner:alex, createTime:1713932117, lastAccessTime:0, retention:0, sd:StorageDescriptor(cols:[FieldSchema(name:a, type:int, comment:null), FieldSchema(name:b, type:int, comment:null)], location:null, inputFormat:org.apache.hadoop.hive.ql.io.orc.OrcInputFormat, outputFormat:org.apache.hadoop.hive.ql.io.orc.OrcOutputFormat, compressed:false, numBuckets:2, serdeInfo:SerDeInfo(name:null, serializationLib:org.apache.hadoop.hive.ql.io.orc.OrcSerde, parameters:{serialization.format=1}), bucketCols:[a], sortCols:[], parameters:{}, skewedInfo:SkewedInfo(skewedColNames:[], skewedColValues:[], skewedColValueLocationMaps:{}), storedAsSubDirectories:false), partitionKeys:[], parameters:{rawDataSize=0, numFilesErasureCoded=0, numFiles=0, COLUMN_STATS_ACCURATE={"BASIC_STATS":"true","COLUMN_STATS":{"a":"true","b":"true"}}, transactional=true, totalSize=0, numRows=0, bucketing_version=2}, viewOriginalText:null, viewExpandedText:null, tableType:MANAGED_TABLE, privileges:PrincipalPrivilegeSet(userPrivileges:{alex=[PrivilegeGrantInfo(privilege:INSERT, createTime:-1, grantor:alex, grantorType:USER, grantOption:true), PrivilegeGrantInfo(privilege:SELECT, createTime:-1, grantor:alex, grantorType:USER, grantOption:true), PrivilegeGrantInfo(privilege:UPDATE, createTime:-1, grantor:alex, grantorType:USER, grantOption:true), PrivilegeGrantInfo(privilege:DELETE, createTime:-1, grantor:alex, grantorType:USER, grantOption:true)]}, groupPrivileges:null, rolePrivileges:null), temporary:false, catName:hive, ownerType:USER, writeId:0)	
2024-04-23T21:15:17,969  INFO [main] utils.FileUtils: Creating directory if it doesn't exist: file:/home/alex/Repositories/hive/ql/target/tmp/org.apache.hadoop.hive.ql.TestTxnNoBuckets-1713932056679/warehouse/acidtbl
2024-04-23T21:15:18,007  INFO [main] metadata.Hive: Dumping metastore api call timing information for : execution phase
2024-04-23T21:15:18,007  INFO [main] metadata.Hive: Total time spent in each metastore function (ms): {createTable_(Table)=44, isCompatibleWith_(Configuration)=0}
2024-04-23T21:15:18,007  INFO [main] ql.Driver: Completed executing command(queryId=alex_20240423211517_00006967-2455-4984-a211-6dd42b03b9a2); Time taken: 0.046 seconds
2024-04-23T21:15:18,007  INFO [main] lockmgr.DbTxnManager: Stopped heartbeat for query: alex_20240423211517_00006967-2455-4984-a211-6dd42b03b9a2
2024-04-23T21:15:18,011  INFO [main] txn.TxnHandler: Expected to move at least one record from txn_components to completed_txn_components when committing txn! txnid:7
2024-04-23T21:15:18,018  INFO [main] txn.TxnHandler: Removed transactions: ([7]) from MIN_HISTORY_LEVEL
2024-04-23T21:15:18,020  WARN [main] txn.CompactionTxnHandler: No compaction queue record found for Compaction type transaction commit. txnId:7
2024-04-23T21:15:18,021  INFO [main] ql.TxnCommandsBaseForTests: Running the query: create table acidTblPart(a int, b int) partitioned by (p string) clustered by (a) into 2 buckets stored as orc TBLPROPERTIES ('transactional'='true')
2024-04-23T21:15:18,021  INFO [main] ql.Driver: Compiling command(queryId=alex_20240423211518_f5179300-64d5-4f25-98e1-bb3d021c52fd): create table acidTblPart(a int, b int) partitioned by (p string) clustered by (a) into 2 buckets stored as orc TBLPROPERTIES ('transactional'='true')
2024-04-23T21:15:18,024  INFO [main] txn.TxnHandler: Added entries to MIN_HISTORY_LEVEL for current txns: ([8]) with min_open_txn: 1
2024-04-23T21:15:18,024  INFO [main] lockmgr.DbTxnManager: Opened txnid:8
2024-04-23T21:15:18,025  INFO [main] parse.CalcitePlanner: Starting caching scope for: 
2024-04-23T21:15:18,025  INFO [main] parse.CalcitePlanner: Starting Semantic Analysis
2024-04-23T21:15:18,027  INFO [main] parse.CalcitePlanner: Creating table default.acidTblPart position=13
2024-04-23T21:15:18,027  INFO [main] HiveMetaStore.audit: ugi=alex	ip=unknown-ip-addr	cmd=get_database: default	
2024-04-23T21:15:18,030  INFO [main] parse.CalcitePlanner: Ending caching scope for: 
2024-04-23T21:15:18,030  INFO [main] ql.Driver: Semantic Analysis Completed (retrial = false)
2024-04-23T21:15:18,030  INFO [main] ql.Driver: Created Hive schema: Schema(fieldSchemas:null, properties:null)
2024-04-23T21:15:18,030  INFO [main] metadata.Hive: Dumping metastore api call timing information for : compilation phase
2024-04-23T21:15:18,030  INFO [main] metadata.Hive: Total time spent in each metastore function (ms): {flushCache_()=1, getValidTxns_(long)=1, getValidWriteIds_(List, String)=2, openTxn_(String, TxnType)=2, commitTxn_(CommitTxnRequest)=13, getDatabase_(String)=3, isCompatibleWith_(Configuration)=0}
2024-04-23T21:15:18,030  INFO [main] ql.Driver: Completed compiling command(queryId=alex_20240423211518_f5179300-64d5-4f25-98e1-bb3d021c52fd); Time taken: 0.009 seconds
2024-04-23T21:15:18,031  INFO [main] lockmgr.DbTxnManager: Setting lock request transaction to txnid:8 for queryId=alex_20240423211518_f5179300-64d5-4f25-98e1-bb3d021c52fd
2024-04-23T21:15:18,031  INFO [main] lockmgr.DbLockManager: Requesting lock for queryId=alex_20240423211518_f5179300-64d5-4f25-98e1-bb3d021c52fd
2024-04-23T21:15:18,047  INFO [main] lockmgr.DbLockManager: Response to queryId=alex_20240423211518_f5179300-64d5-4f25-98e1-bb3d021c52fd LockResponse(lockid:2, state:ACQUIRED)
2024-04-23T21:15:18,047  INFO [main] ql.Driver: Operation CREATETABLE obtained 1 locks
2024-04-23T21:15:18,048  INFO [main] ql.Driver: Executing command(queryId=alex_20240423211518_f5179300-64d5-4f25-98e1-bb3d021c52fd): create table acidTblPart(a int, b int) partitioned by (p string) clustered by (a) into 2 buckets stored as orc TBLPROPERTIES ('transactional'='true')
2024-04-23T21:15:18,049  INFO [main] ql.Driver: Starting task [Stage-0:DDL] in serial mode
2024-04-23T21:15:18,050  INFO [main] HiveMetaStore.audit: ugi=alex	ip=unknown-ip-addr	cmd=create_table_req: Table(tableName:acidTblPart, dbName:default, owner:alex, createTime:1713932118, lastAccessTime:0, retention:0, sd:StorageDescriptor(cols:[FieldSchema(name:a, type:int, comment:null), FieldSchema(name:b, type:int, comment:null)], location:null, inputFormat:org.apache.hadoop.hive.ql.io.orc.OrcInputFormat, outputFormat:org.apache.hadoop.hive.ql.io.orc.OrcOutputFormat, compressed:false, numBuckets:2, serdeInfo:SerDeInfo(name:null, serializationLib:org.apache.hadoop.hive.ql.io.orc.OrcSerde, parameters:{serialization.format=1}), bucketCols:[a], sortCols:[], parameters:{}, skewedInfo:SkewedInfo(skewedColNames:[], skewedColValues:[], skewedColValueLocationMaps:{}), storedAsSubDirectories:false), partitionKeys:[FieldSchema(name:p, type:string, comment:null)], parameters:{transactional=true, bucketing_version=2}, viewOriginalText:null, viewExpandedText:null, tableType:MANAGED_TABLE, privileges:PrincipalPrivilegeSet(userPrivileges:{alex=[PrivilegeGrantInfo(privilege:INSERT, createTime:-1, grantor:alex, grantorType:USER, grantOption:true), PrivilegeGrantInfo(privilege:SELECT, createTime:-1, grantor:alex, grantorType:USER, grantOption:true), PrivilegeGrantInfo(privilege:UPDATE, createTime:-1, grantor:alex, grantorType:USER, grantOption:true), PrivilegeGrantInfo(privilege:DELETE, createTime:-1, grantor:alex, grantorType:USER, grantOption:true)]}, groupPrivileges:null, rolePrivileges:null), temporary:false, catName:hive, ownerType:USER, writeId:0)	
2024-04-23T21:15:18,060  INFO [main] utils.FileUtils: Creating directory if it doesn't exist: file:/home/alex/Repositories/hive/ql/target/tmp/org.apache.hadoop.hive.ql.TestTxnNoBuckets-1713932056679/warehouse/acidtblpart
2024-04-23T21:15:18,080  INFO [main] metadata.Hive: Dumping metastore api call timing information for : execution phase
2024-04-23T21:15:18,080  INFO [main] metadata.Hive: Total time spent in each metastore function (ms): {isCompatibleWith_(Configuration)=0, createTable_(Table)=31}
2024-04-23T21:15:18,080  INFO [main] ql.Driver: Completed executing command(queryId=alex_20240423211518_f5179300-64d5-4f25-98e1-bb3d021c52fd); Time taken: 0.032 seconds
2024-04-23T21:15:18,080  INFO [main] lockmgr.DbTxnManager: Stopped heartbeat for query: alex_20240423211518_f5179300-64d5-4f25-98e1-bb3d021c52fd
2024-04-23T21:15:18,085  INFO [main] txn.TxnHandler: Expected to move at least one record from txn_components to completed_txn_components when committing txn! txnid:8
2024-04-23T21:15:18,092  INFO [main] txn.TxnHandler: Removed transactions: ([8]) from MIN_HISTORY_LEVEL
2024-04-23T21:15:18,092  WARN [main] txn.CompactionTxnHandler: No compaction queue record found for Compaction type transaction commit. txnId:8
2024-04-23T21:15:18,093  INFO [main] ql.TxnCommandsBaseForTests: Running the query: create table nonAcidOrcTbl(a int, b int) clustered by (a) into 2 buckets stored as orc TBLPROPERTIES ('transactional'='false')
2024-04-23T21:15:18,093  INFO [main] ql.Driver: Compiling command(queryId=alex_20240423211518_0b741d8b-7c01-47c9-95d3-d0b94b841719): create table nonAcidOrcTbl(a int, b int) clustered by (a) into 2 buckets stored as orc TBLPROPERTIES ('transactional'='false')
2024-04-23T21:15:18,096  INFO [main] txn.TxnHandler: Added entries to MIN_HISTORY_LEVEL for current txns: ([9]) with min_open_txn: 1
2024-04-23T21:15:18,096  INFO [main] lockmgr.DbTxnManager: Opened txnid:9
2024-04-23T21:15:18,097  INFO [main] parse.CalcitePlanner: Starting caching scope for: 
2024-04-23T21:15:18,097  INFO [main] parse.CalcitePlanner: Starting Semantic Analysis
2024-04-23T21:15:18,099  INFO [main] parse.CalcitePlanner: Creating table default.nonAcidOrcTbl position=13
2024-04-23T21:15:18,100  INFO [main] HiveMetaStore.audit: ugi=alex	ip=unknown-ip-addr	cmd=get_database: default	
2024-04-23T21:15:18,102  INFO [main] parse.CalcitePlanner: Ending caching scope for: 
2024-04-23T21:15:18,102  INFO [main] ql.Driver: Semantic Analysis Completed (retrial = false)
2024-04-23T21:15:18,102  INFO [main] ql.Driver: Created Hive schema: Schema(fieldSchemas:null, properties:null)
2024-04-23T21:15:18,102  INFO [main] metadata.Hive: Dumping metastore api call timing information for : compilation phase
2024-04-23T21:15:18,102  INFO [main] metadata.Hive: Total time spent in each metastore function (ms): {commitTxn_(CommitTxnRequest)=12, openTxn_(String, TxnType)=2, getValidWriteIds_(List, String)=2, isCompatibleWith_(Configuration)=0, flushCache_()=0, getValidTxns_(long)=1, getDatabase_(String)=3}
2024-04-23T21:15:18,102  INFO [main] ql.Driver: Completed compiling command(queryId=alex_20240423211518_0b741d8b-7c01-47c9-95d3-d0b94b841719); Time taken: 0.009 seconds
2024-04-23T21:15:18,102  INFO [main] lockmgr.DbTxnManager: Setting lock request transaction to txnid:9 for queryId=alex_20240423211518_0b741d8b-7c01-47c9-95d3-d0b94b841719
2024-04-23T21:15:18,102  INFO [main] lockmgr.DbLockManager: Requesting lock for queryId=alex_20240423211518_0b741d8b-7c01-47c9-95d3-d0b94b841719
2024-04-23T21:15:18,119  INFO [main] lockmgr.DbLockManager: Response to queryId=alex_20240423211518_0b741d8b-7c01-47c9-95d3-d0b94b841719 LockResponse(lockid:3, state:ACQUIRED)
2024-04-23T21:15:18,119  INFO [main] ql.Driver: Operation CREATETABLE obtained 1 locks
2024-04-23T21:15:18,119  INFO [main] ql.Driver: Executing command(queryId=alex_20240423211518_0b741d8b-7c01-47c9-95d3-d0b94b841719): create table nonAcidOrcTbl(a int, b int) clustered by (a) into 2 buckets stored as orc TBLPROPERTIES ('transactional'='false')
2024-04-23T21:15:18,119  INFO [main] ql.Driver: Starting task [Stage-0:DDL] in serial mode
2024-04-23T21:15:18,120  INFO [main] HiveMetaStore.audit: ugi=alex	ip=unknown-ip-addr	cmd=create_table_req: Table(tableName:nonAcidOrcTbl, dbName:default, owner:alex, createTime:1713932118, lastAccessTime:0, retention:0, sd:StorageDescriptor(cols:[FieldSchema(name:a, type:int, comment:null), FieldSchema(name:b, type:int, comment:null)], location:null, inputFormat:org.apache.hadoop.hive.ql.io.orc.OrcInputFormat, outputFormat:org.apache.hadoop.hive.ql.io.orc.OrcOutputFormat, compressed:false, numBuckets:2, serdeInfo:SerDeInfo(name:null, serializationLib:org.apache.hadoop.hive.ql.io.orc.OrcSerde, parameters:{serialization.format=1}), bucketCols:[a], sortCols:[], parameters:{}, skewedInfo:SkewedInfo(skewedColNames:[], skewedColValues:[], skewedColValueLocationMaps:{}), storedAsSubDirectories:false), partitionKeys:[], parameters:{COLUMN_STATS_ACCURATE={"BASIC_STATS":"true","COLUMN_STATS":{"a":"true","b":"true"}}, rawDataSize=0, totalSize=0, numFiles=0, numFilesErasureCoded=0, numRows=0, bucketing_version=2, transactional=false}, viewOriginalText:null, viewExpandedText:null, tableType:MANAGED_TABLE, privileges:PrincipalPrivilegeSet(userPrivileges:{alex=[PrivilegeGrantInfo(privilege:INSERT, createTime:-1, grantor:alex, grantorType:USER, grantOption:true), PrivilegeGrantInfo(privilege:SELECT, createTime:-1, grantor:alex, grantorType:USER, grantOption:true), PrivilegeGrantInfo(privilege:UPDATE, createTime:-1, grantor:alex, grantorType:USER, grantOption:true), PrivilegeGrantInfo(privilege:DELETE, createTime:-1, grantor:alex, grantorType:USER, grantOption:true)]}, groupPrivileges:null, rolePrivileges:null), temporary:false, catName:hive, ownerType:USER)	
2024-04-23T21:15:18,126  INFO [main] utils.FileUtils: Creating directory if it doesn't exist: file:/home/alex/Repositories/hive/ql/target/tmp/org.apache.hadoop.hive.ql.TestTxnNoBuckets-1713932056679/warehouse/nonacidorctbl
2024-04-23T21:15:18,142  INFO [main] metadata.Hive: Dumping metastore api call timing information for : execution phase
2024-04-23T21:15:18,142  INFO [main] metadata.Hive: Total time spent in each metastore function (ms): {isCompatibleWith_(Configuration)=0, createTable_(Table)=22}
2024-04-23T21:15:18,142  INFO [main] ql.Driver: Completed executing command(queryId=alex_20240423211518_0b741d8b-7c01-47c9-95d3-d0b94b841719); Time taken: 0.023 seconds
2024-04-23T21:15:18,143  INFO [main] lockmgr.DbTxnManager: Stopped heartbeat for query: alex_20240423211518_0b741d8b-7c01-47c9-95d3-d0b94b841719
2024-04-23T21:15:18,146  INFO [main] txn.TxnHandler: Expected to move at least one record from txn_components to completed_txn_components when committing txn! txnid:9
2024-04-23T21:15:18,152  INFO [main] txn.TxnHandler: Removed transactions: ([9]) from MIN_HISTORY_LEVEL
2024-04-23T21:15:18,152  WARN [main] txn.CompactionTxnHandler: No compaction queue record found for Compaction type transaction commit. txnId:9
2024-04-23T21:15:18,153  INFO [main] ql.TxnCommandsBaseForTests: Running the query: create table nonAcidOrcTbl2(a int, b int) clustered by (a) into 2 buckets stored as orc TBLPROPERTIES ('transactional'='false')
2024-04-23T21:15:18,153  INFO [main] ql.Driver: Compiling command(queryId=alex_20240423211518_18f96c1b-ee0e-461c-a48d-98585a7d056d): create table nonAcidOrcTbl2(a int, b int) clustered by (a) into 2 buckets stored as orc TBLPROPERTIES ('transactional'='false')
2024-04-23T21:15:18,156  INFO [main] txn.TxnHandler: Added entries to MIN_HISTORY_LEVEL for current txns: ([10]) with min_open_txn: 1
2024-04-23T21:15:18,156  INFO [main] lockmgr.DbTxnManager: Opened txnid:10
2024-04-23T21:15:18,157  INFO [main] parse.CalcitePlanner: Starting caching scope for: 
2024-04-23T21:15:18,157  INFO [main] parse.CalcitePlanner: Starting Semantic Analysis
2024-04-23T21:15:18,159  INFO [main] parse.CalcitePlanner: Creating table default.nonAcidOrcTbl2 position=13
2024-04-23T21:15:18,159  INFO [main] HiveMetaStore.audit: ugi=alex	ip=unknown-ip-addr	cmd=get_database: default	
2024-04-23T21:15:18,161  INFO [main] parse.CalcitePlanner: Ending caching scope for: 
2024-04-23T21:15:18,161  INFO [main] ql.Driver: Semantic Analysis Completed (retrial = false)
2024-04-23T21:15:18,161  INFO [main] ql.Driver: Created Hive schema: Schema(fieldSchemas:null, properties:null)
2024-04-23T21:15:18,161  INFO [main] metadata.Hive: Dumping metastore api call timing information for : compilation phase
2024-04-23T21:15:18,161  INFO [main] metadata.Hive: Total time spent in each metastore function (ms): {openTxn_(String, TxnType)=2, flushCache_()=0, getDatabase_(String)=2, getValidTxns_(long)=1, commitTxn_(CommitTxnRequest)=9, getValidWriteIds_(List, String)=2, isCompatibleWith_(Configuration)=0}
2024-04-23T21:15:18,162  INFO [main] ql.Driver: Completed compiling command(queryId=alex_20240423211518_18f96c1b-ee0e-461c-a48d-98585a7d056d); Time taken: 0.008 seconds
2024-04-23T21:15:18,162  INFO [main] lockmgr.DbTxnManager: Setting lock request transaction to txnid:10 for queryId=alex_20240423211518_18f96c1b-ee0e-461c-a48d-98585a7d056d
2024-04-23T21:15:18,162  INFO [main] lockmgr.DbLockManager: Requesting lock for queryId=alex_20240423211518_18f96c1b-ee0e-461c-a48d-98585a7d056d
2024-04-23T21:15:18,178  INFO [main] lockmgr.DbLockManager: Response to queryId=alex_20240423211518_18f96c1b-ee0e-461c-a48d-98585a7d056d LockResponse(lockid:4, state:ACQUIRED)
2024-04-23T21:15:18,178  INFO [main] ql.Driver: Operation CREATETABLE obtained 1 locks
2024-04-23T21:15:18,178  INFO [main] ql.Driver: Executing command(queryId=alex_20240423211518_18f96c1b-ee0e-461c-a48d-98585a7d056d): create table nonAcidOrcTbl2(a int, b int) clustered by (a) into 2 buckets stored as orc TBLPROPERTIES ('transactional'='false')
2024-04-23T21:15:18,178  INFO [main] ql.Driver: Starting task [Stage-0:DDL] in serial mode
2024-04-23T21:15:18,180  INFO [main] HiveMetaStore.audit: ugi=alex	ip=unknown-ip-addr	cmd=create_table_req: Table(tableName:nonAcidOrcTbl2, dbName:default, owner:alex, createTime:1713932118, lastAccessTime:0, retention:0, sd:StorageDescriptor(cols:[FieldSchema(name:a, type:int, comment:null), FieldSchema(name:b, type:int, comment:null)], location:null, inputFormat:org.apache.hadoop.hive.ql.io.orc.OrcInputFormat, outputFormat:org.apache.hadoop.hive.ql.io.orc.OrcOutputFormat, compressed:false, numBuckets:2, serdeInfo:SerDeInfo(name:null, serializationLib:org.apache.hadoop.hive.ql.io.orc.OrcSerde, parameters:{serialization.format=1}), bucketCols:[a], sortCols:[], parameters:{}, skewedInfo:SkewedInfo(skewedColNames:[], skewedColValues:[], skewedColValueLocationMaps:{}), storedAsSubDirectories:false), partitionKeys:[], parameters:{transactional=false, totalSize=0, COLUMN_STATS_ACCURATE={"BASIC_STATS":"true","COLUMN_STATS":{"a":"true","b":"true"}}, numRows=0, bucketing_version=2, rawDataSize=0, numFilesErasureCoded=0, numFiles=0}, viewOriginalText:null, viewExpandedText:null, tableType:MANAGED_TABLE, privileges:PrincipalPrivilegeSet(userPrivileges:{alex=[PrivilegeGrantInfo(privilege:INSERT, createTime:-1, grantor:alex, grantorType:USER, grantOption:true), PrivilegeGrantInfo(privilege:SELECT, createTime:-1, grantor:alex, grantorType:USER, grantOption:true), PrivilegeGrantInfo(privilege:UPDATE, createTime:-1, grantor:alex, grantorType:USER, grantOption:true), PrivilegeGrantInfo(privilege:DELETE, createTime:-1, grantor:alex, grantorType:USER, grantOption:true)]}, groupPrivileges:null, rolePrivileges:null), temporary:false, catName:hive, ownerType:USER)	
2024-04-23T21:15:18,186  INFO [main] utils.FileUtils: Creating directory if it doesn't exist: file:/home/alex/Repositories/hive/ql/target/tmp/org.apache.hadoop.hive.ql.TestTxnNoBuckets-1713932056679/warehouse/nonacidorctbl2
2024-04-23T21:15:18,202  INFO [main] metadata.Hive: Dumping metastore api call timing information for : execution phase
2024-04-23T21:15:18,203  INFO [main] metadata.Hive: Total time spent in each metastore function (ms): {createTable_(Table)=23, isCompatibleWith_(Configuration)=0}
2024-04-23T21:15:18,203  INFO [main] ql.Driver: Completed executing command(queryId=alex_20240423211518_18f96c1b-ee0e-461c-a48d-98585a7d056d); Time taken: 0.024 seconds
2024-04-23T21:15:18,203  INFO [main] lockmgr.DbTxnManager: Stopped heartbeat for query: alex_20240423211518_18f96c1b-ee0e-461c-a48d-98585a7d056d
2024-04-23T21:15:18,208  INFO [main] txn.TxnHandler: Expected to move at least one record from txn_components to completed_txn_components when committing txn! txnid:10
2024-04-23T21:15:18,215  INFO [main] txn.TxnHandler: Removed transactions: ([10]) from MIN_HISTORY_LEVEL
2024-04-23T21:15:18,215  WARN [main] txn.CompactionTxnHandler: No compaction queue record found for Compaction type transaction commit. txnId:10
2024-04-23T21:15:18,216  INFO [main] ql.TxnCommandsBaseForTests: Running the query: create temporary  table acidTbl2(a int, b int, c int) clustered by (c) into 2 buckets stored as orc TBLPROPERTIES ('transactional'='true')
2024-04-23T21:15:18,216  INFO [main] ql.Driver: Compiling command(queryId=alex_20240423211518_9d0617ff-c956-4045-82a1-e8424a24890c): create temporary  table acidTbl2(a int, b int, c int) clustered by (c) into 2 buckets stored as orc TBLPROPERTIES ('transactional'='true')
2024-04-23T21:15:18,220  INFO [main] txn.TxnHandler: Added entries to MIN_HISTORY_LEVEL for current txns: ([11]) with min_open_txn: 1
2024-04-23T21:15:18,220  INFO [main] lockmgr.DbTxnManager: Opened txnid:11
2024-04-23T21:15:18,221  INFO [main] parse.CalcitePlanner: Starting caching scope for: 
2024-04-23T21:15:18,221  INFO [main] parse.CalcitePlanner: Starting Semantic Analysis
2024-04-23T21:15:18,223  INFO [main] parse.CalcitePlanner: Creating table default.acidTbl2 position=24
2024-04-23T21:15:18,223  INFO [main] HiveMetaStore.audit: ugi=alex	ip=unknown-ip-addr	cmd=get_database: default	
2024-04-23T21:15:18,225  INFO [main] parse.CalcitePlanner: Ending caching scope for: 
2024-04-23T21:15:18,225  INFO [main] ql.Driver: Semantic Analysis Completed (retrial = false)
2024-04-23T21:15:18,225  INFO [main] ql.Driver: Created Hive schema: Schema(fieldSchemas:null, properties:null)
2024-04-23T21:15:18,225  INFO [main] metadata.Hive: Dumping metastore api call timing information for : compilation phase
2024-04-23T21:15:18,225  INFO [main] metadata.Hive: Total time spent in each metastore function (ms): {isCompatibleWith_(Configuration)=0, getValidTxns_(long)=1, commitTxn_(CommitTxnRequest)=13, flushCache_()=0, getValidWriteIds_(List, String)=2, getDatabase_(String)=2, openTxn_(String, TxnType)=3}
2024-04-23T21:15:18,225  INFO [main] ql.Driver: Completed compiling command(queryId=alex_20240423211518_9d0617ff-c956-4045-82a1-e8424a24890c); Time taken: 0.009 seconds
2024-04-23T21:15:18,226  INFO [main] lockmgr.DbTxnManager: Setting lock request transaction to txnid:11 for queryId=alex_20240423211518_9d0617ff-c956-4045-82a1-e8424a24890c
2024-04-23T21:15:18,226  INFO [main] lockmgr.DbLockManager: Requesting lock for queryId=alex_20240423211518_9d0617ff-c956-4045-82a1-e8424a24890c
2024-04-23T21:15:18,241  INFO [main] lockmgr.DbLockManager: Response to queryId=alex_20240423211518_9d0617ff-c956-4045-82a1-e8424a24890c LockResponse(lockid:5, state:ACQUIRED)
2024-04-23T21:15:18,241  INFO [main] ql.Driver: Operation CREATETABLE obtained 1 locks
2024-04-23T21:15:18,242  INFO [main] ql.Driver: Executing command(queryId=alex_20240423211518_9d0617ff-c956-4045-82a1-e8424a24890c): create temporary  table acidTbl2(a int, b int, c int) clustered by (c) into 2 buckets stored as orc TBLPROPERTIES ('transactional'='true')
2024-04-23T21:15:18,242  INFO [main] ql.Driver: Starting task [Stage-0:DDL] in serial mode
2024-04-23T21:15:18,243  INFO [main] utils.FileUtils: Creating directory if it doesn't exist: file:/home/alex/Repositories/hive/ql/target/tmp/scratchdir/alex/0a9f8166-55a0-469d-8508-59e6c2b85f74/_tmp_space.db/5de20997-91e0-47a0-9afa-f54c30d8ddca
2024-04-23T21:15:18,246  INFO [main] metadata.Hive: Dumping metastore api call timing information for : execution phase
2024-04-23T21:15:18,247  INFO [main] metadata.Hive: Total time spent in each metastore function (ms): {createTable_(Table)=3, isCompatibleWith_(Configuration)=0}
2024-04-23T21:15:18,247  INFO [main] ql.Driver: Completed executing command(queryId=alex_20240423211518_9d0617ff-c956-4045-82a1-e8424a24890c); Time taken: 0.004 seconds
2024-04-23T21:15:18,247  INFO [main] lockmgr.DbTxnManager: Stopped heartbeat for query: alex_20240423211518_9d0617ff-c956-4045-82a1-e8424a24890c
2024-04-23T21:15:18,251  INFO [main] txn.TxnHandler: Expected to move at least one record from txn_components to completed_txn_components when committing txn! txnid:11
2024-04-23T21:15:18,258  INFO [main] txn.TxnHandler: Removed transactions: ([11]) from MIN_HISTORY_LEVEL
2024-04-23T21:15:18,258  WARN [main] txn.CompactionTxnHandler: No compaction queue record found for Compaction type transaction commit. txnId:11
2024-04-23T21:15:18,259  INFO [main] ql.TxnCommandsBaseForTests: Running the query: create table nonAcidNonBucket(a int, b int) stored as orc TBLPROPERTIES ('transactional'='false')
2024-04-23T21:15:18,259  INFO [main] ql.Driver: Compiling command(queryId=alex_20240423211518_ad0da7b8-dc93-4110-8157-a363ea2f95d1): create table nonAcidNonBucket(a int, b int) stored as orc TBLPROPERTIES ('transactional'='false')
2024-04-23T21:15:18,262  INFO [main] txn.TxnHandler: Added entries to MIN_HISTORY_LEVEL for current txns: ([12]) with min_open_txn: 1
2024-04-23T21:15:18,262  INFO [main] lockmgr.DbTxnManager: Opened txnid:12
2024-04-23T21:15:18,262  INFO [main] parse.CalcitePlanner: Starting caching scope for: 
2024-04-23T21:15:18,262  INFO [main] parse.CalcitePlanner: Starting Semantic Analysis
2024-04-23T21:15:18,265  INFO [main] parse.CalcitePlanner: Creating table default.nonAcidNonBucket position=13
2024-04-23T21:15:18,265  INFO [main] HiveMetaStore.audit: ugi=alex	ip=unknown-ip-addr	cmd=get_database: default	
2024-04-23T21:15:18,267  INFO [main] parse.CalcitePlanner: Ending caching scope for: 
2024-04-23T21:15:18,268  INFO [main] ql.Driver: Semantic Analysis Completed (retrial = false)
2024-04-23T21:15:18,268  INFO [main] ql.Driver: Created Hive schema: Schema(fieldSchemas:null, properties:null)
2024-04-23T21:15:18,268  INFO [main] metadata.Hive: Dumping metastore api call timing information for : compilation phase
2024-04-23T21:15:18,268  INFO [main] metadata.Hive: Total time spent in each metastore function (ms): {getDatabase_(String)=2, isCompatibleWith_(Configuration)=1, commitTxn_(CommitTxnRequest)=11, flushCache_()=0, getValidTxns_(long)=0, getValidWriteIds_(List, String)=2, openTxn_(String, TxnType)=2}
2024-04-23T21:15:18,268  INFO [main] ql.Driver: Completed compiling command(queryId=alex_20240423211518_ad0da7b8-dc93-4110-8157-a363ea2f95d1); Time taken: 0.009 seconds
2024-04-23T21:15:18,268  INFO [main] lockmgr.DbTxnManager: Setting lock request transaction to txnid:12 for queryId=alex_20240423211518_ad0da7b8-dc93-4110-8157-a363ea2f95d1
2024-04-23T21:15:18,268  INFO [main] lockmgr.DbLockManager: Requesting lock for queryId=alex_20240423211518_ad0da7b8-dc93-4110-8157-a363ea2f95d1
2024-04-23T21:15:18,284  INFO [main] lockmgr.DbLockManager: Response to queryId=alex_20240423211518_ad0da7b8-dc93-4110-8157-a363ea2f95d1 LockResponse(lockid:6, state:ACQUIRED)
2024-04-23T21:15:18,284  INFO [main] ql.Driver: Operation CREATETABLE obtained 1 locks
2024-04-23T21:15:18,284  INFO [main] ql.Driver: Executing command(queryId=alex_20240423211518_ad0da7b8-dc93-4110-8157-a363ea2f95d1): create table nonAcidNonBucket(a int, b int) stored as orc TBLPROPERTIES ('transactional'='false')
2024-04-23T21:15:18,284  INFO [main] ql.Driver: Starting task [Stage-0:DDL] in serial mode
2024-04-23T21:15:18,286  INFO [main] HiveMetaStore.audit: ugi=alex	ip=unknown-ip-addr	cmd=create_table_req: Table(tableName:nonAcidNonBucket, dbName:default, owner:alex, createTime:1713932118, lastAccessTime:0, retention:0, sd:StorageDescriptor(cols:[FieldSchema(name:a, type:int, comment:null), FieldSchema(name:b, type:int, comment:null)], location:null, inputFormat:org.apache.hadoop.hive.ql.io.orc.OrcInputFormat, outputFormat:org.apache.hadoop.hive.ql.io.orc.OrcOutputFormat, compressed:false, numBuckets:-1, serdeInfo:SerDeInfo(name:null, serializationLib:org.apache.hadoop.hive.ql.io.orc.OrcSerde, parameters:{serialization.format=1}), bucketCols:[], sortCols:[], parameters:{}, skewedInfo:SkewedInfo(skewedColNames:[], skewedColValues:[], skewedColValueLocationMaps:{}), storedAsSubDirectories:false), partitionKeys:[], parameters:{numRows=0, totalSize=0, COLUMN_STATS_ACCURATE={"BASIC_STATS":"true","COLUMN_STATS":{"a":"true","b":"true"}}, transactional=false, numFiles=0, numFilesErasureCoded=0, bucketing_version=2, rawDataSize=0}, viewOriginalText:null, viewExpandedText:null, tableType:MANAGED_TABLE, privileges:PrincipalPrivilegeSet(userPrivileges:{alex=[PrivilegeGrantInfo(privilege:INSERT, createTime:-1, grantor:alex, grantorType:USER, grantOption:true), PrivilegeGrantInfo(privilege:SELECT, createTime:-1, grantor:alex, grantorType:USER, grantOption:true), PrivilegeGrantInfo(privilege:UPDATE, createTime:-1, grantor:alex, grantorType:USER, grantOption:true), PrivilegeGrantInfo(privilege:DELETE, createTime:-1, grantor:alex, grantorType:USER, grantOption:true)]}, groupPrivileges:null, rolePrivileges:null), temporary:false, catName:hive, ownerType:USER)	
2024-04-23T21:15:18,291  INFO [main] utils.FileUtils: Creating directory if it doesn't exist: file:/home/alex/Repositories/hive/ql/target/tmp/org.apache.hadoop.hive.ql.TestTxnNoBuckets-1713932056679/warehouse/nonacidnonbucket
2024-04-23T21:15:18,307  INFO [main] metadata.Hive: Dumping metastore api call timing information for : execution phase
2024-04-23T21:15:18,307  INFO [main] metadata.Hive: Total time spent in each metastore function (ms): {createTable_(Table)=22, isCompatibleWith_(Configuration)=1}
2024-04-23T21:15:18,307  INFO [main] ql.Driver: Completed executing command(queryId=alex_20240423211518_ad0da7b8-dc93-4110-8157-a363ea2f95d1); Time taken: 0.023 seconds
2024-04-23T21:15:18,307  INFO [main] lockmgr.DbTxnManager: Stopped heartbeat for query: alex_20240423211518_ad0da7b8-dc93-4110-8157-a363ea2f95d1
2024-04-23T21:15:18,311  INFO [main] txn.TxnHandler: Expected to move at least one record from txn_components to completed_txn_components when committing txn! txnid:12
2024-04-23T21:15:18,318  INFO [main] txn.TxnHandler: Removed transactions: ([12]) from MIN_HISTORY_LEVEL
2024-04-23T21:15:18,318  WARN [main] txn.CompactionTxnHandler: No compaction queue record found for Compaction type transaction commit. txnId:12
2024-04-23T21:15:18,319  INFO [main] ql.TxnCommandsBaseForTests: Running the query: insert into nonAcidNonBucket(a,b) values(1,2),(1,3)
2024-04-23T21:15:18,319  INFO [main] ql.Driver: Compiling command(queryId=alex_20240423211518_7c9c4452-3f48-44d6-a839-38d85366d07c): insert into nonAcidNonBucket(a,b) values(1,2),(1,3)
2024-04-23T21:15:18,322  INFO [main] txn.TxnHandler: Added entries to MIN_HISTORY_LEVEL for current txns: ([13]) with min_open_txn: 1
2024-04-23T21:15:18,323  INFO [main] lockmgr.DbTxnManager: Opened txnid:13
2024-04-23T21:15:18,323  INFO [main] parse.CalcitePlanner: Starting caching scope for: 
2024-04-23T21:15:18,323  INFO [main] parse.CalcitePlanner: Starting Semantic Analysis
2024-04-23T21:15:18,326  INFO [main] HiveMetaStore.audit: ugi=alex	ip=unknown-ip-addr	cmd=get_table : tbl=hive.default.nonAcidNonBucket	
2024-04-23T21:15:18,369  INFO [main] metastore.HMSHandler: Skipping translation for processor with null
2024-04-23T21:15:18,369  INFO [main] parse.CalcitePlanner: Completed phase 1 of Semantic Analysis
2024-04-23T21:15:18,369  INFO [main] parse.CalcitePlanner: Get metadata for source tables
2024-04-23T21:15:18,369  INFO [main] parse.CalcitePlanner: Get metadata for subqueries
2024-04-23T21:15:18,369  INFO [main] parse.CalcitePlanner: Get metadata for destination tables
2024-04-23T21:15:18,370  INFO [main] HiveMetaStore.audit: ugi=alex	ip=unknown-ip-addr	cmd=get_table : tbl=hive.default.nonAcidNonBucket	
2024-04-23T21:15:18,381  INFO [main] metastore.HMSHandler: Skipping translation for processor with null
2024-04-23T21:15:18,381  INFO [main] parse.CalcitePlanner: Completed getting MetaData in Semantic Analysis
2024-04-23T21:15:18,381  INFO [main] parse.CalcitePlanner: Disabling LLAP IO encode as ETL query is detected
2024-04-23T21:15:18,403  INFO [main] HiveMetaStore.audit: ugi=alex	ip=unknown-ip-addr	cmd=get_all_table_constraints : tbl=hive._dummy_database._dummy_table	
2024-04-23T21:15:18,482  INFO [main] parse.CalcitePlanner: Get metadata for source tables
2024-04-23T21:15:18,482  INFO [main] parse.CalcitePlanner: Get metadata for subqueries
2024-04-23T21:15:18,482  INFO [main] parse.CalcitePlanner: Get metadata for source tables
2024-04-23T21:15:18,482  INFO [main] HiveMetaStore.audit: ugi=alex	ip=unknown-ip-addr	cmd=get_table : tbl=hive._dummy_database._dummy_table	
2024-04-23T21:15:18,485  INFO [main] parse.CalcitePlanner: Get metadata for subqueries
2024-04-23T21:15:18,485  INFO [main] parse.CalcitePlanner: Get metadata for destination tables
2024-04-23T21:15:18,485  INFO [main] parse.CalcitePlanner: Get metadata for destination tables
2024-04-23T21:15:18,485  INFO [main] HiveMetaStore.audit: ugi=alex	ip=unknown-ip-addr	cmd=get_table : tbl=hive.default.nonAcidNonBucket	
2024-04-23T21:15:18,494  INFO [main] metastore.HMSHandler: Skipping translation for processor with null
2024-04-23T21:15:18,496  INFO [main] common.FileUtils: Creating directory if it doesn't exist: file:/home/alex/Repositories/hive/ql/target/tmp/org.apache.hadoop.hive.ql.TestTxnNoBuckets-1713932056679/warehouse/nonacidnonbucket/.hive-staging_hive_2024-04-23_21-15-18_319_2299076197314059208-1
2024-04-23T21:15:18,499  INFO [main] HiveMetaStore.audit: ugi=alex	ip=unknown-ip-addr	cmd=get_not_null_constraints : tbl=hive.default.nonacidnonbucket	
2024-04-23T21:15:18,500  INFO [main] HiveMetaStore.audit: ugi=alex	ip=unknown-ip-addr	cmd=get_check_constraints : tbl=hive.default.nonacidnonbucket	
2024-04-23T21:15:18,501  INFO [main] parse.CalcitePlanner: CBO Succeeded; optimized logical plan.
2024-04-23T21:15:18,504  INFO [main] optimizer.BucketVersionPopulator: not considering bucketingVersion for: TS[0] because it has -1<2 buckets 
2024-04-23T21:15:18,505  INFO [main] optimizer.SortedDynPartitionOptimizer: Sorted dynamic partitioning optimization kicked in..
2024-04-23T21:15:18,513  INFO [main] HiveMetaStore.audit: ugi=alex	ip=unknown-ip-addr	cmd=get_table : tbl=hive.default.nonacidnonbucket	
2024-04-23T21:15:18,523  INFO [main] metastore.HMSHandler: Skipping translation for processor with null
2024-04-23T21:15:18,523  INFO [main] optimizer.GenMRFileSink1: using CombineHiveInputformat for the merge job
2024-04-23T21:15:18,524  INFO [main] HiveMetaStore.audit: ugi=alex	ip=unknown-ip-addr	cmd=get_table : tbl=hive.default.nonacidnonbucket	
2024-04-23T21:15:18,533  INFO [main] metastore.HMSHandler: Skipping translation for processor with null
2024-04-23T21:15:18,535  INFO [main] parse.CalcitePlanner: Completed plan generation
2024-04-23T21:15:18,535  INFO [main] parse.CalcitePlanner: Ending caching scope for: 
2024-04-23T21:15:18,535  INFO [main] ql.Driver: Semantic Analysis Completed (retrial = false)
2024-04-23T21:15:18,535  INFO [main] ql.Driver: Created Hive schema: Schema(fieldSchemas:[FieldSchema(name:_col0, type:int, comment:null), FieldSchema(name:_col1, type:int, comment:null)], properties:null)
2024-04-23T21:15:18,535  INFO [main] metadata.Hive: Dumping metastore api call timing information for : compilation phase
2024-04-23T21:15:18,535  INFO [main] metadata.Hive: Total time spent in each metastore function (ms): {getValidTxns_(long)=0, getAllTableConstraints_(AllTableConstraintsRequest)=29, openTxn_(String, TxnType)=3, getValidWriteIds_(List, String)=3, getTable_(GetTableRequest)=83, getCheckConstraints_(CheckConstraintsRequest)=1, commitTxn_(CommitTxnRequest)=12, isCompatibleWith_(Configuration)=1, getNotNullConstraints_(NotNullConstraintsRequest)=1, flushCache_()=0}
2024-04-23T21:15:18,536  INFO [main] ql.Driver: Completed compiling command(queryId=alex_20240423211518_7c9c4452-3f48-44d6-a839-38d85366d07c); Time taken: 0.216 seconds
2024-04-23T21:15:18,536  INFO [main] lockmgr.DbTxnManager: Setting lock request transaction to txnid:13 for queryId=alex_20240423211518_7c9c4452-3f48-44d6-a839-38d85366d07c
2024-04-23T21:15:18,536  INFO [main] lockmgr.DbLockManager: Requesting lock for queryId=alex_20240423211518_7c9c4452-3f48-44d6-a839-38d85366d07c
2024-04-23T21:15:18,556  INFO [main] lockmgr.DbLockManager: Response to queryId=alex_20240423211518_7c9c4452-3f48-44d6-a839-38d85366d07c LockResponse(lockid:7, state:ACQUIRED)
2024-04-23T21:15:18,557  INFO [main] ql.Driver: Operation QUERY obtained 1 locks
2024-04-23T21:15:18,557  INFO [main] ql.Driver: Executing command(queryId=alex_20240423211518_7c9c4452-3f48-44d6-a839-38d85366d07c): insert into nonAcidNonBucket(a,b) values(1,2),(1,3)
2024-04-23T21:15:18,557  WARN [main] ql.Driver: Hive-on-MR is deprecated in Hive 2 and may not be available in the future versions. Consider using a different execution engine (i.e. tez, spark) or using Hive 1.X releases.
Query ID = alex_20240423211518_7c9c4452-3f48-44d6-a839-38d85366d07c
2024-04-23T21:15:18,557  INFO [main] ql.Driver: Query ID = alex_20240423211518_7c9c4452-3f48-44d6-a839-38d85366d07c
Total jobs = 1
2024-04-23T21:15:18,558  INFO [main] ql.Driver: Total jobs = 1
Launching Job 1 out of 1
2024-04-23T21:15:18,558  INFO [main] ql.Driver: Launching Job 1 out of 1
2024-04-23T21:15:18,686  INFO [main] ql.Driver: Starting task [Stage-1:MAPRED] in serial mode
Number of reduce tasks is set to 0 since there's no reduce operator
2024-04-23T21:15:18,687  INFO [main] exec.Task: Number of reduce tasks is set to 0 since there's no reduce operator
2024-04-23T21:15:18,689  INFO [main] mr.ExecDriver: Using org.apache.hadoop.hive.ql.io.HiveInputFormat
2024-04-23T21:15:18,689  INFO [main] exec.Utilities: Processing alias $hdt$_0:_dummy_table
2024-04-23T21:15:18,689  INFO [main] exec.Utilities: Adding 1 inputs; the first input is file:/home/alex/Repositories/hive/ql/target/tmp/localscratchdir/0a9f8166-55a0-469d-8508-59e6c2b85f74/hive_2024-04-23_21-15-18_319_2299076197314059208-1/dummy_path
2024-04-23T21:15:18,699  INFO [main] exec.SerializationUtilities: Serializing MapWork using kryo
2024-04-23T21:15:18,700  INFO [main] exec.Utilities: Serialized plan (via FILE) - name: null size: 5,82KB
2024-04-23T21:15:18,701  WARN [main] impl.MetricsSystemImpl: JobTracker metrics system already initialized!
2024-04-23T21:15:18,706  INFO [main] fs.FSStatsPublisher: created : file:/home/alex/Repositories/hive/ql/target/tmp/localscratchdir/0a9f8166-55a0-469d-8508-59e6c2b85f74/hive_2024-04-23_21-15-18_319_2299076197314059208-1/-mr-10001
2024-04-23T21:15:18,710  WARN [main] impl.MetricsSystemImpl: JobTracker metrics system already initialized!
2024-04-23T21:15:18,717  WARN [main] mapreduce.JobResourceUploader: Hadoop command-line option parsing not performed. Implement the Tool interface and execute your application with ToolRunner to remedy this.
2024-04-23T21:15:18,722  WARN [main] mapreduce.JobResourceUploader: No job jar file set.  User classes may not be found. See Job or Job#setJar(String).
2024-04-23T21:15:18,723  INFO [main] io.HiveInputFormat: hive.io.file.readcolumn.ids = 
2024-04-23T21:15:18,723  INFO [main] io.HiveInputFormat: hive.io.file.readcolumn.names = 
2024-04-23T21:15:18,723  INFO [main] io.HiveInputFormat: Generating splits for dirs: file:/home/alex/Repositories/hive/ql/target/tmp/localscratchdir/0a9f8166-55a0-469d-8508-59e6c2b85f74/hive_2024-04-23_21-15-18_319_2299076197314059208-1/dummy_path
2024-04-23T21:15:18,723  INFO [main] io.HiveInputFormat: number of splits 1
2024-04-23T21:15:18,741  INFO [main] mapreduce.JobSubmitter: number of splits:1
2024-04-23T21:15:18,766  INFO [main] mapreduce.JobSubmitter: Submitting tokens for job: job_local1215113959_0022
2024-04-23T21:15:18,766  INFO [main] mapreduce.JobSubmitter: Executing with tokens: []
2024-04-23T21:15:18,828  INFO [main] mapreduce.Job: The url to track the job: http://localhost:8080/
Job running in-process (local Hadoop)
2024-04-23T21:15:18,828  INFO [main] exec.Task: Job running in-process (local Hadoop)
2024-04-23T21:15:18,829  INFO [Thread-1437] mapred.LocalJobRunner: OutputCommitter set in config org.apache.hadoop.hive.ql.io.HiveFileFormatUtils$NullOutputCommitter
2024-04-23T21:15:18,829  INFO [Thread-1437] mapred.LocalJobRunner: OutputCommitter is org.apache.hadoop.hive.ql.io.HiveFileFormatUtils$NullOutputCommitter
2024-04-23T21:15:18,830  INFO [Thread-1437] mapred.LocalJobRunner: Waiting for map tasks
2024-04-23T21:15:18,830  INFO [LocalJobRunner Map Task Executor #0] mapred.LocalJobRunner: Starting task: attempt_local1215113959_0022_m_000000_0
2024-04-23T21:15:18,833  INFO [LocalJobRunner Map Task Executor #0] mapred.Task:  Using ResourceCalculatorProcessTree : [ ]
2024-04-23T21:15:18,834  INFO [LocalJobRunner Map Task Executor #0] mapred.MapTask: Processing split: org.apache.hadoop.hive.ql.io.NullRowsInputFormat:file:/home/alex/Repositories/hive/ql/target/tmp/localscratchdir/0a9f8166-55a0-469d-8508-59e6c2b85f74/hive_2024-04-23_21-15-18_319_2299076197314059208-1/dummy_path/null:0+1
2024-04-23T21:15:18,835  INFO [LocalJobRunner Map Task Executor #0] exec.SerializationUtilities: Deserializing MapWork using kryo
2024-04-23T21:15:18,836  INFO [LocalJobRunner Map Task Executor #0] exec.Utilities: Deserialized plan (via FILE) - name: null size: 5,82KB
2024-04-23T21:15:18,836  INFO [LocalJobRunner Map Task Executor #0] mapred.MapTask: numReduceTasks: 0
2024-04-23T21:15:18,838  INFO [LocalJobRunner Map Task Executor #0] exec.MapOperator: Initializing Operator: MAP[0]
2024-04-23T21:15:18,838  INFO [LocalJobRunner Map Task Executor #0] mr.ExecMapper: 
<MAP>Id =0
  <Children>null
  <\Children>
  <Parent><\Parent>
<\MAP>
2024-04-23T21:15:18,839  INFO [LocalJobRunner Map Task Executor #0] exec.TableScanOperator: Initializing Operator: TS[0]
2024-04-23T21:15:18,839  INFO [LocalJobRunner Map Task Executor #0] exec.SelectOperator: Initializing Operator: SEL[1]
2024-04-23T21:15:18,839  INFO [LocalJobRunner Map Task Executor #0] exec.SelectOperator: SELECT null
2024-04-23T21:15:18,839  INFO [LocalJobRunner Map Task Executor #0] exec.UDTFOperator: Initializing Operator: UDTF[2]
2024-04-23T21:15:18,839  INFO [LocalJobRunner Map Task Executor #0] exec.SelectOperator: Initializing Operator: SEL[3]
2024-04-23T21:15:18,839  INFO [LocalJobRunner Map Task Executor #0] exec.SelectOperator: SELECT struct<col1:int,col2:int>
2024-04-23T21:15:18,839  INFO [LocalJobRunner Map Task Executor #0] exec.FileSinkOperator: Initializing Operator: FS[4]
2024-04-23T21:15:18,839  INFO [LocalJobRunner Map Task Executor #0] exec.FileSinkOperator: Using serializer : AbstractSerDe [log=org.apache.logging.slf4j.Log4jLogger@261f1262, configuration=Optional[Configuration: core-default.xml, core-site.xml, mapred-default.xml, mapred-site.xml, yarn-default.xml, yarn-site.xml, hdfs-default.xml, hdfs-site.xml, file:/home/alex/Repositories/hive/ql/target/tmp/TestTxnNoBuckets/mapred/local/localRunner/alex/job_local1215113959_0022/job_local1215113959_0022.xml], properties={name=default.nonacidnonbucket, columns.types=int:int, serialization.format=1, columns=a,b, numFilesErasureCoded=0, columns.comments=&amp#0;, bucketing_version=2, serialization.lib=org.apache.hadoop.hive.ql.io.orc.OrcSerde, file.inputformat=org.apache.hadoop.hive.ql.io.orc.OrcInputFormat, file.outputformat=org.apache.hadoop.hive.ql.io.orc.OrcOutputFormat, location=file:/home/alex/Repositories/hive/ql/target/tmp/org.apache.hadoop.hive.ql.TestTxnNoBuckets-1713932056679/warehouse/nonacidnonbucket, column.name.delimiter=,}, tableProperties={name=default.nonacidnonbucket, columns.types=int:int, serialization.format=1, columns=a,b, numFilesErasureCoded=0, columns.comments=&amp#0;, bucketing_version=2, serialization.lib=org.apache.hadoop.hive.ql.io.orc.OrcSerde, file.inputformat=org.apache.hadoop.hive.ql.io.orc.OrcInputFormat, location=file:/home/alex/Repositories/hive/ql/target/tmp/org.apache.hadoop.hive.ql.TestTxnNoBuckets-1713932056679/warehouse/nonacidnonbucket, file.outputformat=org.apache.hadoop.hive.ql.io.orc.OrcOutputFormat, column.name.delimiter=,}, partitionProperties=Optional.empty, columnNames=[a, b], columnTypes=[int, int], getClass()=class org.apache.hadoop.hive.ql.io.orc.OrcSerde] and formatter : org.apache.hadoop.hive.ql.io.orc.OrcOutputFormat@436a55a2
2024-04-23T21:15:18,840  INFO [LocalJobRunner Map Task Executor #0] exec.FileSinkOperator: Final Path: FS file:/home/alex/Repositories/hive/ql/target/tmp/org.apache.hadoop.hive.ql.TestTxnNoBuckets-1713932056679/warehouse/nonacidnonbucket/.hive-staging_hive_2024-04-23_21-15-18_319_2299076197314059208-1/_tmp.-ext-10002/000000_0
2024-04-23T21:15:18,840  INFO [LocalJobRunner Map Task Executor #0] exec.FileSinkOperator: Writing to temp file: FS file:/home/alex/Repositories/hive/ql/target/tmp/org.apache.hadoop.hive.ql.TestTxnNoBuckets-1713932056679/warehouse/nonacidnonbucket/.hive-staging_hive_2024-04-23_21-15-18_319_2299076197314059208-1/_task_tmp.-ext-10002/_tmp.000000_0
2024-04-23T21:15:18,840  INFO [LocalJobRunner Map Task Executor #0] exec.FileSinkOperator: New Final Path: FS file:/home/alex/Repositories/hive/ql/target/tmp/org.apache.hadoop.hive.ql.TestTxnNoBuckets-1713932056679/warehouse/nonacidnonbucket/.hive-staging_hive_2024-04-23_21-15-18_319_2299076197314059208-1/_tmp.-ext-10002/000000_0
2024-04-23T21:15:18,841  INFO [LocalJobRunner Map Task Executor #0] exec.FileSinkOperator: FS[4]: records written - 1
2024-04-23T21:15:18,842  INFO [LocalJobRunner Map Task Executor #0] impl.PhysicalFsWriter: ORC writer created for path: file:/home/alex/Repositories/hive/ql/target/tmp/org.apache.hadoop.hive.ql.TestTxnNoBuckets-1713932056679/warehouse/nonacidnonbucket/.hive-staging_hive_2024-04-23_21-15-18_319_2299076197314059208-1/_task_tmp.-ext-10002/_tmp.000000_0 with stripeSize: 67108864 blockSize: 268435456 compression: Compress: ZLIB buffer: 262144
2024-04-23T21:15:18,849  INFO [LocalJobRunner Map Task Executor #0] impl.WriterImpl: ORC writer created for path: file:/home/alex/Repositories/hive/ql/target/tmp/org.apache.hadoop.hive.ql.TestTxnNoBuckets-1713932056679/warehouse/nonacidnonbucket/.hive-staging_hive_2024-04-23_21-15-18_319_2299076197314059208-1/_task_tmp.-ext-10002/_tmp.000000_0 with stripeSize: 67108864 options: Compress: ZLIB buffer: 262144
2024-04-23T21:15:18,849  INFO [LocalJobRunner Map Task Executor #0] exec.MapOperator: MAP[0]: records read - 1
2024-04-23T21:15:18,850  INFO [LocalJobRunner Map Task Executor #0] exec.MapOperator: Closing Operator: MAP[0]
2024-04-23T21:15:18,850  INFO [LocalJobRunner Map Task Executor #0] exec.MapOperator: MAP[0]: Total records read - 3. abort - false
2024-04-23T21:15:18,850  INFO [LocalJobRunner Map Task Executor #0] exec.MapOperator: DESERIALIZE_ERRORS:0, RECORDS_IN:3, RECORDS_OUT_OPERATOR_MAP_0:0, RECORDS_OUT_INTERMEDIATE:0, 
2024-04-23T21:15:18,850  INFO [LocalJobRunner Map Task Executor #0] exec.TableScanOperator: Closing Operator: TS[0]
2024-04-23T21:15:18,850  INFO [LocalJobRunner Map Task Executor #0] exec.TableScanOperator: RECORDS_OUT_INTERMEDIATE:0, RECORDS_OUT_OPERATOR_TS_0:1, 
2024-04-23T21:15:18,850  INFO [LocalJobRunner Map Task Executor #0] exec.SelectOperator: Closing Operator: SEL[1]
2024-04-23T21:15:18,850  INFO [LocalJobRunner Map Task Executor #0] exec.SelectOperator: RECORDS_OUT_OPERATOR_SEL_1:1, RECORDS_OUT_INTERMEDIATE:0, 
2024-04-23T21:15:18,850  INFO [LocalJobRunner Map Task Executor #0] exec.UDTFOperator: Closing Operator: UDTF[2]
2024-04-23T21:15:18,850  INFO [LocalJobRunner Map Task Executor #0] exec.UDTFOperator: RECORDS_OUT_OPERATOR_UDTF_2:2, RECORDS_OUT_INTERMEDIATE:0, 
2024-04-23T21:15:18,850  INFO [LocalJobRunner Map Task Executor #0] exec.SelectOperator: Closing Operator: SEL[3]
2024-04-23T21:15:18,850  INFO [LocalJobRunner Map Task Executor #0] exec.SelectOperator: RECORDS_OUT_OPERATOR_SEL_3:2, RECORDS_OUT_INTERMEDIATE:0, 
2024-04-23T21:15:18,850  INFO [LocalJobRunner Map Task Executor #0] exec.FileSinkOperator: Closing Operator: FS[4]
2024-04-23T21:15:18,850  INFO [LocalJobRunner Map Task Executor #0] exec.FileSinkOperator: FS[4]: records written - 2
2024-04-23T21:15:18,857  INFO [LocalJobRunner Map Task Executor #0] exec.FileSinkOperator: RECORDS_OUT_INTERMEDIATE:0, TOTAL_TABLE_ROWS_WRITTEN:2, RECORDS_OUT_1_default.nonacidnonbucket:2, RECORDS_OUT_OPERATOR_FS_4:2, 
2024-04-23T21:15:18,858  INFO [LocalJobRunner Map Task Executor #0] mapred.LocalJobRunner: 
2024-04-23T21:15:18,860  INFO [LocalJobRunner Map Task Executor #0] mapred.Task: Task:attempt_local1215113959_0022_m_000000_0 is done. And is in the process of committing
2024-04-23T21:15:18,860  INFO [LocalJobRunner Map Task Executor #0] mapred.LocalJobRunner: map
2024-04-23T21:15:18,860  INFO [LocalJobRunner Map Task Executor #0] mapred.Task: Task 'attempt_local1215113959_0022_m_000000_0' done.
2024-04-23T21:15:18,860  INFO [LocalJobRunner Map Task Executor #0] mapred.Task: Final Counters for attempt_local1215113959_0022_m_000000_0: Counters: 27
	File System Counters
		FILE: Number of bytes read=452501
		FILE: Number of bytes written=25895523
		FILE: Number of read operations=0
		FILE: Number of large read operations=0
		FILE: Number of write operations=0
	Map-Reduce Framework
		Map input records=4
		Map output records=0
		Input split bytes=361
		Spilled Records=0
		Failed Shuffles=0
		Merged Map outputs=0
		GC time elapsed (ms)=0
		Total committed heap usage (bytes)=1104674816
	HIVE
		CREATED_FILES=1
		DESERIALIZE_ERRORS=0
		RECORDS_IN=3
		RECORDS_OUT_1_default.nonacidnonbucket=2
		RECORDS_OUT_INTERMEDIATE=0
		RECORDS_OUT_OPERATOR_FS_4=2
		RECORDS_OUT_OPERATOR_MAP_0=0
		RECORDS_OUT_OPERATOR_SEL_1=1
		RECORDS_OUT_OPERATOR_SEL_3=2
		RECORDS_OUT_OPERATOR_TS_0=1
		RECORDS_OUT_OPERATOR_UDTF_2=2
		TOTAL_TABLE_ROWS_WRITTEN=2
	File Input Format Counters 
		Bytes Read=5877
	File Output Format Counters 
		Bytes Written=0
2024-04-23T21:15:18,860  INFO [LocalJobRunner Map Task Executor #0] mapred.LocalJobRunner: Finishing task: attempt_local1215113959_0022_m_000000_0
2024-04-23T21:15:18,861  INFO [Thread-1437] mapred.LocalJobRunner: map task executor complete.
2024-04-23 21:15:19,829 Stage-1 map = 100%,  reduce = 0%
2024-04-23T21:15:19,829  INFO [main] exec.Task: 2024-04-23 21:15:19,829 Stage-1 map = 100%,  reduce = 0%
Ended Job = job_local1215113959_0022
2024-04-23T21:15:19,830  INFO [main] exec.Task: Ended Job = job_local1215113959_0022
2024-04-23T21:15:19,832  INFO [main] ql.Driver: Starting task [Stage-7:CONDITIONAL] in serial mode
Stage-4 is selected by condition resolver.
2024-04-23T21:15:19,832  INFO [main] exec.Task: Stage-4 is selected by condition resolver.
Stage-3 is filtered out by condition resolver.
2024-04-23T21:15:19,832  INFO [main] exec.Task: Stage-3 is filtered out by condition resolver.
Stage-5 is filtered out by condition resolver.
2024-04-23T21:15:19,832  INFO [main] exec.Task: Stage-5 is filtered out by condition resolver.
2024-04-23T21:15:19,832  INFO [main] ql.Driver: Starting task [Stage-4:MOVE] in serial mode
Moving data to directory file:/home/alex/Repositories/hive/ql/target/tmp/org.apache.hadoop.hive.ql.TestTxnNoBuckets-1713932056679/warehouse/nonacidnonbucket/.hive-staging_hive_2024-04-23_21-15-18_319_2299076197314059208-1/-ext-10000
2024-04-23T21:15:19,832  INFO [main] exec.Task: Moving data to directory file:/home/alex/Repositories/hive/ql/target/tmp/org.apache.hadoop.hive.ql.TestTxnNoBuckets-1713932056679/warehouse/nonacidnonbucket/.hive-staging_hive_2024-04-23_21-15-18_319_2299076197314059208-1/-ext-10000 from file:/home/alex/Repositories/hive/ql/target/tmp/org.apache.hadoop.hive.ql.TestTxnNoBuckets-1713932056679/warehouse/nonacidnonbucket/.hive-staging_hive_2024-04-23_21-15-18_319_2299076197314059208-1/-ext-10002
2024-04-23T21:15:19,833  INFO [main] ql.Driver: Starting task [Stage-0:MOVE] in serial mode
Loading data to table default.nonacidnonbucket
2024-04-23T21:15:19,833  INFO [main] exec.Task: Loading data to table default.nonacidnonbucket from file:/home/alex/Repositories/hive/ql/target/tmp/org.apache.hadoop.hive.ql.TestTxnNoBuckets-1713932056679/warehouse/nonacidnonbucket/.hive-staging_hive_2024-04-23_21-15-18_319_2299076197314059208-1/-ext-10000
2024-04-23T21:15:19,833  INFO [main] HiveMetaStore.audit: ugi=alex	ip=unknown-ip-addr	cmd=get_table : tbl=hive.default.nonacidnonbucket	
2024-04-23T21:15:19,842  INFO [main] metastore.HMSHandler: Skipping translation for processor with null
2024-04-23T21:15:19,842  INFO [main] HiveMetaStore.audit: ugi=alex	ip=unknown-ip-addr	cmd=get_table : tbl=hive.default.nonacidnonbucket	
2024-04-23T21:15:19,851  INFO [main] metastore.HMSHandler: Skipping translation for processor with null
2024-04-23T21:15:19,853  WARN [main] metadata.Hive: Cannot get a table snapshot for nonacidnonbucket
2024-04-23T21:15:19,853  INFO [main] HiveMetaStore.audit: ugi=alex	ip=unknown-ip-addr	cmd=alter_table: hive.default.nonacidnonbucket newtbl=nonacidnonbucket	
2024-04-23T21:15:19,886  INFO [main] ql.Driver: Starting task [Stage-2:STATS] in serial mode
2024-04-23T21:15:19,887  INFO [main] HiveMetaStore.audit: ugi=alex	ip=unknown-ip-addr	cmd=get_table : tbl=hive.default.nonacidnonbucket	
2024-04-23T21:15:19,895  INFO [main] metastore.HMSHandler: Skipping translation for processor with null
2024-04-23T21:15:19,895  INFO [main] stats.BasicStatsTask: Executing stats task
2024-04-23T21:15:19,896  INFO [main] fs.FSStatsPublisher: created : file:/home/alex/Repositories/hive/ql/target/tmp/localscratchdir/0a9f8166-55a0-469d-8508-59e6c2b85f74/hive_2024-04-23_21-15-18_319_2299076197314059208-1/-mr-10001
2024-04-23T21:15:19,897  INFO [main] HiveMetaStore.audit: ugi=alex	ip=unknown-ip-addr	cmd=get_table : tbl=hive.default.nonacidnonbucket	
2024-04-23T21:15:19,906  INFO [main] metastore.HMSHandler: Skipping translation for processor with null
2024-04-23T21:15:19,907  INFO [main] FileOperations: Read stats for default.nonacidnonbucket/, numRows, true, 2, false: 
2024-04-23T21:15:19,907  INFO [main] FileOperations: Read stats for default.nonacidnonbucket/, rawDataSize, true, 16, false: 
2024-04-23T21:15:19,907  WARN [main] metadata.Hive: Cannot get a table snapshot for nonacidnonbucket
2024-04-23T21:15:19,908  INFO [main] HiveMetaStore.audit: ugi=alex	ip=unknown-ip-addr	cmd=alter_table: hive.default.nonacidnonbucket newtbl=nonacidnonbucket	
2024-04-23T21:15:19,939  INFO [main] stats.BasicStatsTask: Table default.nonacidnonbucket stats: [numFiles=1, numRows=2, totalSize=254, rawDataSize=16, numFilesErasureCoded=0]
2024-04-23T21:15:19,940  INFO [main] metadata.Hive: Dumping metastore api call timing information for : execution phase
2024-04-23T21:15:19,940  INFO [main] metadata.Hive: Total time spent in each metastore function (ms): {alter_table_(String, String, String, Table, EnvironmentContext, String)=64, getTable_(GetTableRequest)=35, isCompatibleWith_(Configuration)=1}
MapReduce Jobs Launched: 
2024-04-23T21:15:19,940  INFO [main] ql.Driver: MapReduce Jobs Launched: 
Stage-Stage-1:  HDFS Read: 0 HDFS Write: 0 SUCCESS
2024-04-23T21:15:19,941  INFO [main] ql.Driver: Stage-Stage-1:  HDFS Read: 0 HDFS Write: 0 SUCCESS
Total MapReduce CPU Time Spent: 0 msec
2024-04-23T21:15:19,941  INFO [main] ql.Driver: Total MapReduce CPU Time Spent: 0 msec
2024-04-23T21:15:19,941  INFO [main] ql.Driver: Completed executing command(queryId=alex_20240423211518_7c9c4452-3f48-44d6-a839-38d85366d07c); Time taken: 1.383 seconds
2024-04-23T21:15:19,941  INFO [main] lockmgr.DbTxnManager: Stopped heartbeat for query: alex_20240423211518_7c9c4452-3f48-44d6-a839-38d85366d07c
2024-04-23T21:15:19,947  INFO [main] txn.TxnHandler: Expected to move at least one record from txn_components to completed_txn_components when committing txn! txnid:13
2024-04-23T21:15:19,960  INFO [main] txn.TxnHandler: Removed transactions: ([13]) from MIN_HISTORY_LEVEL
2024-04-23T21:15:19,962  WARN [main] txn.CompactionTxnHandler: No compaction queue record found for Compaction type transaction commit. txnId:13
2024-04-23T21:15:19,963  INFO [main] ql.TxnCommandsBaseForTests: Running the query: insert into nonAcidNonBucket(a,b) values(0,12),(0,13),(1,4),(1,5)
2024-04-23T21:15:19,963  INFO [main] ql.Context: Deleting scratch dir: file:/home/alex/Repositories/hive/ql/target/tmp/org.apache.hadoop.hive.ql.TestTxnNoBuckets-1713932056679/warehouse/nonacidnonbucket/.hive-staging_hive_2024-04-23_21-15-18_319_2299076197314059208-1
2024-04-23T21:15:19,964  INFO [main] cleanup.SyncCleanupService: Deleted directory: file:/home/alex/Repositories/hive/ql/target/tmp/org.apache.hadoop.hive.ql.TestTxnNoBuckets-1713932056679/warehouse/nonacidnonbucket/.hive-staging_hive_2024-04-23_21-15-18_319_2299076197314059208-1 on fs with scheme file
2024-04-23T21:15:19,964  INFO [main] ql.Context: Deleting scratch dir: file:/home/alex/Repositories/hive/ql/target/tmp/localscratchdir/0a9f8166-55a0-469d-8508-59e6c2b85f74/hive_2024-04-23_21-15-18_319_2299076197314059208-1
2024-04-23T21:15:19,965  INFO [main] cleanup.SyncCleanupService: Deleted directory: file:/home/alex/Repositories/hive/ql/target/tmp/localscratchdir/0a9f8166-55a0-469d-8508-59e6c2b85f74/hive_2024-04-23_21-15-18_319_2299076197314059208-1 on fs with scheme file
2024-04-23T21:15:19,965  INFO [main] ql.Driver: Compiling command(queryId=alex_20240423211519_661c1bdd-77e1-4a4a-af47-4eb3aa9c20ea): insert into nonAcidNonBucket(a,b) values(0,12),(0,13),(1,4),(1,5)
2024-04-23T21:15:19,969  INFO [main] txn.TxnHandler: Added entries to MIN_HISTORY_LEVEL for current txns: ([14]) with min_open_txn: 14
2024-04-23T21:15:19,970  INFO [main] lockmgr.DbTxnManager: Opened txnid:14
2024-04-23T21:15:19,971  INFO [main] parse.CalcitePlanner: Starting caching scope for: 
2024-04-23T21:15:19,971  INFO [main] parse.CalcitePlanner: Starting Semantic Analysis
2024-04-23T21:15:19,975  INFO [main] HiveMetaStore.audit: ugi=alex	ip=unknown-ip-addr	cmd=get_table : tbl=hive.default.nonAcidNonBucket	
2024-04-23T21:15:19,990  INFO [main] metastore.HMSHandler: Skipping translation for processor with null
2024-04-23T21:15:19,990  INFO [main] parse.CalcitePlanner: Completed phase 1 of Semantic Analysis
2024-04-23T21:15:19,990  INFO [main] parse.CalcitePlanner: Get metadata for source tables
2024-04-23T21:15:19,991  INFO [main] parse.CalcitePlanner: Get metadata for subqueries
2024-04-23T21:15:19,991  INFO [main] parse.CalcitePlanner: Get metadata for destination tables
2024-04-23T21:15:19,991  INFO [main] HiveMetaStore.audit: ugi=alex	ip=unknown-ip-addr	cmd=get_table : tbl=hive.default.nonAcidNonBucket	
2024-04-23T21:15:20,002  INFO [main] metastore.HMSHandler: Skipping translation for processor with null
2024-04-23T21:15:20,003  INFO [main] parse.CalcitePlanner: Completed getting MetaData in Semantic Analysis
2024-04-23T21:15:20,003  INFO [main] parse.CalcitePlanner: Disabling LLAP IO encode as ETL query is detected
2024-04-23T21:15:20,026  INFO [main] HiveMetaStore.audit: ugi=alex	ip=unknown-ip-addr	cmd=get_all_table_constraints : tbl=hive._dummy_database._dummy_table	
2024-04-23T21:15:20,085  INFO [main] parse.CalcitePlanner: Get metadata for source tables
2024-04-23T21:15:20,085  INFO [main] parse.CalcitePlanner: Get metadata for subqueries
2024-04-23T21:15:20,085  INFO [main] parse.CalcitePlanner: Get metadata for source tables
2024-04-23T21:15:20,086  INFO [main] HiveMetaStore.audit: ugi=alex	ip=unknown-ip-addr	cmd=get_table : tbl=hive._dummy_database._dummy_table	
2024-04-23T21:15:20,088  INFO [main] parse.CalcitePlanner: Get metadata for subqueries
2024-04-23T21:15:20,088  INFO [main] parse.CalcitePlanner: Get metadata for destination tables
2024-04-23T21:15:20,088  INFO [main] parse.CalcitePlanner: Get metadata for destination tables
2024-04-23T21:15:20,088  INFO [main] HiveMetaStore.audit: ugi=alex	ip=unknown-ip-addr	cmd=get_table : tbl=hive.default.nonAcidNonBucket	
2024-04-23T21:15:20,099  INFO [main] metastore.HMSHandler: Skipping translation for processor with null
2024-04-23T21:15:20,102  INFO [main] common.FileUtils: Creating directory if it doesn't exist: file:/home/alex/Repositories/hive/ql/target/tmp/org.apache.hadoop.hive.ql.TestTxnNoBuckets-1713932056679/warehouse/nonacidnonbucket/.hive-staging_hive_2024-04-23_21-15-19_965_3664632476743524577-1
2024-04-23T21:15:20,104  INFO [main] HiveMetaStore.audit: ugi=alex	ip=unknown-ip-addr	cmd=get_not_null_constraints : tbl=hive.default.nonacidnonbucket	
2024-04-23T21:15:20,106  INFO [main] HiveMetaStore.audit: ugi=alex	ip=unknown-ip-addr	cmd=get_check_constraints : tbl=hive.default.nonacidnonbucket	
2024-04-23T21:15:20,107  INFO [main] parse.CalcitePlanner: CBO Succeeded; optimized logical plan.
2024-04-23T21:15:20,110  INFO [main] optimizer.BucketVersionPopulator: not considering bucketingVersion for: TS[0] because it has -1<2 buckets 
2024-04-23T21:15:20,110  INFO [main] optimizer.SortedDynPartitionOptimizer: Sorted dynamic partitioning optimization kicked in..
2024-04-23T21:15:20,118  INFO [main] HiveMetaStore.audit: ugi=alex	ip=unknown-ip-addr	cmd=get_table : tbl=hive.default.nonacidnonbucket	
2024-04-23T21:15:20,127  INFO [main] metastore.HMSHandler: Skipping translation for processor with null
2024-04-23T21:15:20,128  INFO [main] optimizer.GenMRFileSink1: using CombineHiveInputformat for the merge job
2024-04-23T21:15:20,128  INFO [main] HiveMetaStore.audit: ugi=alex	ip=unknown-ip-addr	cmd=get_table : tbl=hive.default.nonacidnonbucket	
2024-04-23T21:15:20,137  INFO [main] metastore.HMSHandler: Skipping translation for processor with null
2024-04-23T21:15:20,138  INFO [main] parse.CalcitePlanner: Completed plan generation
2024-04-23T21:15:20,138  INFO [main] parse.CalcitePlanner: Ending caching scope for: 
2024-04-23T21:15:20,139  INFO [main] ql.Driver: Semantic Analysis Completed (retrial = false)
2024-04-23T21:15:20,139  INFO [main] ql.Driver: Created Hive schema: Schema(fieldSchemas:[FieldSchema(name:_col0, type:int, comment:null), FieldSchema(name:_col1, type:int, comment:null)], properties:null)
2024-04-23T21:15:20,139  INFO [main] metadata.Hive: Dumping metastore api call timing information for : compilation phase
2024-04-23T21:15:20,139  INFO [main] metadata.Hive: Total time spent in each metastore function (ms): {getNotNullConstraints_(NotNullConstraintsRequest)=1, getTable_(GetTableRequest)=56, commitTxn_(CommitTxnRequest)=22, getCheckConstraints_(CheckConstraintsRequest)=2, getValidWriteIds_(List, String)=4, flushCache_()=0, openTxn_(String, TxnType)=3, getAllTableConstraints_(AllTableConstraintsRequest)=6, getValidTxns_(long)=1, isCompatibleWith_(Configuration)=0}
2024-04-23T21:15:20,139  INFO [main] ql.Driver: Completed compiling command(queryId=alex_20240423211519_661c1bdd-77e1-4a4a-af47-4eb3aa9c20ea); Time taken: 0.174 seconds
2024-04-23T21:15:20,139  INFO [main] lockmgr.DbTxnManager: Setting lock request transaction to txnid:14 for queryId=alex_20240423211519_661c1bdd-77e1-4a4a-af47-4eb3aa9c20ea
2024-04-23T21:15:20,139  INFO [main] lockmgr.DbLockManager: Requesting lock for queryId=alex_20240423211519_661c1bdd-77e1-4a4a-af47-4eb3aa9c20ea
2024-04-23T21:15:20,155  INFO [main] lockmgr.DbLockManager: Response to queryId=alex_20240423211519_661c1bdd-77e1-4a4a-af47-4eb3aa9c20ea LockResponse(lockid:8, state:ACQUIRED)
2024-04-23T21:15:20,155  INFO [main] ql.Driver: Operation QUERY obtained 1 locks
2024-04-23T21:15:20,155  INFO [main] ql.Driver: Executing command(queryId=alex_20240423211519_661c1bdd-77e1-4a4a-af47-4eb3aa9c20ea): insert into nonAcidNonBucket(a,b) values(0,12),(0,13),(1,4),(1,5)
2024-04-23T21:15:20,156  WARN [main] ql.Driver: Hive-on-MR is deprecated in Hive 2 and may not be available in the future versions. Consider using a different execution engine (i.e. spark, tez) or using Hive 1.X releases.
Query ID = alex_20240423211519_661c1bdd-77e1-4a4a-af47-4eb3aa9c20ea
2024-04-23T21:15:20,156  INFO [main] ql.Driver: Query ID = alex_20240423211519_661c1bdd-77e1-4a4a-af47-4eb3aa9c20ea
Total jobs = 1
2024-04-23T21:15:20,156  INFO [main] ql.Driver: Total jobs = 1
Launching Job 1 out of 1
2024-04-23T21:15:20,156  INFO [main] ql.Driver: Launching Job 1 out of 1
2024-04-23T21:15:20,277  INFO [main] ql.Driver: Starting task [Stage-1:MAPRED] in serial mode
Number of reduce tasks is set to 0 since there's no reduce operator
2024-04-23T21:15:20,277  INFO [main] exec.Task: Number of reduce tasks is set to 0 since there's no reduce operator
2024-04-23T21:15:20,279  INFO [main] mr.ExecDriver: Using org.apache.hadoop.hive.ql.io.HiveInputFormat
2024-04-23T21:15:20,279  INFO [main] exec.Utilities: Processing alias $hdt$_0:_dummy_table
2024-04-23T21:15:20,279  INFO [main] exec.Utilities: Adding 1 inputs; the first input is file:/home/alex/Repositories/hive/ql/target/tmp/localscratchdir/0a9f8166-55a0-469d-8508-59e6c2b85f74/hive_2024-04-23_21-15-19_965_3664632476743524577-1/dummy_path
2024-04-23T21:15:20,289  INFO [main] exec.SerializationUtilities: Serializing MapWork using kryo
2024-04-23T21:15:20,289  INFO [main] exec.Utilities: Serialized plan (via FILE) - name: null size: 5,88KB
2024-04-23T21:15:20,290  WARN [main] impl.MetricsSystemImpl: JobTracker metrics system already initialized!
2024-04-23T21:15:20,294  INFO [main] fs.FSStatsPublisher: created : file:/home/alex/Repositories/hive/ql/target/tmp/localscratchdir/0a9f8166-55a0-469d-8508-59e6c2b85f74/hive_2024-04-23_21-15-19_965_3664632476743524577-1/-mr-10001
2024-04-23T21:15:20,298  WARN [main] impl.MetricsSystemImpl: JobTracker metrics system already initialized!
2024-04-23T21:15:20,304  WARN [main] mapreduce.JobResourceUploader: Hadoop command-line option parsing not performed. Implement the Tool interface and execute your application with ToolRunner to remedy this.
2024-04-23T21:15:20,310  WARN [main] mapreduce.JobResourceUploader: No job jar file set.  User classes may not be found. See Job or Job#setJar(String).
2024-04-23T21:15:20,311  INFO [main] io.HiveInputFormat: hive.io.file.readcolumn.ids = 
2024-04-23T21:15:20,311  INFO [main] io.HiveInputFormat: hive.io.file.readcolumn.names = 
2024-04-23T21:15:20,311  INFO [main] io.HiveInputFormat: Generating splits for dirs: file:/home/alex/Repositories/hive/ql/target/tmp/localscratchdir/0a9f8166-55a0-469d-8508-59e6c2b85f74/hive_2024-04-23_21-15-19_965_3664632476743524577-1/dummy_path
2024-04-23T21:15:20,311  INFO [main] io.HiveInputFormat: number of splits 1
2024-04-23T21:15:20,328  INFO [main] mapreduce.JobSubmitter: number of splits:1
2024-04-23T21:15:20,346  INFO [main] mapreduce.JobSubmitter: Submitting tokens for job: job_local1273576898_0023
2024-04-23T21:15:20,346  INFO [main] mapreduce.JobSubmitter: Executing with tokens: []
2024-04-23T21:15:20,405  INFO [main] mapreduce.Job: The url to track the job: http://localhost:8080/
Job running in-process (local Hadoop)
2024-04-23T21:15:20,406  INFO [main] exec.Task: Job running in-process (local Hadoop)
2024-04-23T21:15:20,406  INFO [Thread-1479] mapred.LocalJobRunner: OutputCommitter set in config org.apache.hadoop.hive.ql.io.HiveFileFormatUtils$NullOutputCommitter
2024-04-23T21:15:20,406  INFO [Thread-1479] mapred.LocalJobRunner: OutputCommitter is org.apache.hadoop.hive.ql.io.HiveFileFormatUtils$NullOutputCommitter
2024-04-23T21:15:20,407  INFO [Thread-1479] mapred.LocalJobRunner: Waiting for map tasks
2024-04-23T21:15:20,408  INFO [LocalJobRunner Map Task Executor #0] mapred.LocalJobRunner: Starting task: attempt_local1273576898_0023_m_000000_0
2024-04-23T21:15:20,408  INFO [LocalJobRunner Map Task Executor #0] mapred.Task:  Using ResourceCalculatorProcessTree : [ ]
2024-04-23T21:15:20,409  INFO [LocalJobRunner Map Task Executor #0] mapred.MapTask: Processing split: org.apache.hadoop.hive.ql.io.NullRowsInputFormat:file:/home/alex/Repositories/hive/ql/target/tmp/localscratchdir/0a9f8166-55a0-469d-8508-59e6c2b85f74/hive_2024-04-23_21-15-19_965_3664632476743524577-1/dummy_path/null:0+1
2024-04-23T21:15:20,409  INFO [LocalJobRunner Map Task Executor #0] exec.SerializationUtilities: Deserializing MapWork using kryo
2024-04-23T21:15:20,410  INFO [LocalJobRunner Map Task Executor #0] exec.Utilities: Deserialized plan (via FILE) - name: null size: 5,88KB
2024-04-23T21:15:20,410  INFO [LocalJobRunner Map Task Executor #0] mapred.MapTask: numReduceTasks: 0
2024-04-23T21:15:20,410  INFO [LocalJobRunner Map Task Executor #0] exec.MapOperator: Initializing Operator: MAP[0]
2024-04-23T21:15:20,410  INFO [LocalJobRunner Map Task Executor #0] mr.ExecMapper: 
<MAP>Id =0
  <Children>null
  <\Children>
  <Parent><\Parent>
<\MAP>
2024-04-23T21:15:20,411  INFO [LocalJobRunner Map Task Executor #0] exec.TableScanOperator: Initializing Operator: TS[0]
2024-04-23T21:15:20,411  INFO [LocalJobRunner Map Task Executor #0] exec.SelectOperator: Initializing Operator: SEL[1]
2024-04-23T21:15:20,411  INFO [LocalJobRunner Map Task Executor #0] exec.SelectOperator: SELECT null
2024-04-23T21:15:20,411  INFO [LocalJobRunner Map Task Executor #0] exec.UDTFOperator: Initializing Operator: UDTF[2]
2024-04-23T21:15:20,411  INFO [LocalJobRunner Map Task Executor #0] exec.SelectOperator: Initializing Operator: SEL[3]
2024-04-23T21:15:20,412  INFO [LocalJobRunner Map Task Executor #0] exec.SelectOperator: SELECT struct<col1:int,col2:int>
2024-04-23T21:15:20,412  INFO [LocalJobRunner Map Task Executor #0] exec.FileSinkOperator: Initializing Operator: FS[4]
2024-04-23T21:15:20,412  INFO [LocalJobRunner Map Task Executor #0] exec.FileSinkOperator: Using serializer : AbstractSerDe [log=org.apache.logging.slf4j.Log4jLogger@261f1262, configuration=Optional[Configuration: core-default.xml, core-site.xml, mapred-default.xml, mapred-site.xml, yarn-default.xml, yarn-site.xml, hdfs-default.xml, hdfs-site.xml, file:/home/alex/Repositories/hive/ql/target/tmp/TestTxnNoBuckets/mapred/local/localRunner/alex/job_local1273576898_0023/job_local1273576898_0023.xml], properties={name=default.nonacidnonbucket, columns.types=int:int, serialization.format=1, columns=a,b, numFilesErasureCoded=0, columns.comments=&amp#0;, bucketing_version=2, serialization.lib=org.apache.hadoop.hive.ql.io.orc.OrcSerde, file.inputformat=org.apache.hadoop.hive.ql.io.orc.OrcInputFormat, file.outputformat=org.apache.hadoop.hive.ql.io.orc.OrcOutputFormat, location=file:/home/alex/Repositories/hive/ql/target/tmp/org.apache.hadoop.hive.ql.TestTxnNoBuckets-1713932056679/warehouse/nonacidnonbucket, column.name.delimiter=,}, tableProperties={name=default.nonacidnonbucket, columns.types=int:int, serialization.format=1, columns=a,b, numFilesErasureCoded=0, columns.comments=&amp#0;, bucketing_version=2, serialization.lib=org.apache.hadoop.hive.ql.io.orc.OrcSerde, file.inputformat=org.apache.hadoop.hive.ql.io.orc.OrcInputFormat, location=file:/home/alex/Repositories/hive/ql/target/tmp/org.apache.hadoop.hive.ql.TestTxnNoBuckets-1713932056679/warehouse/nonacidnonbucket, file.outputformat=org.apache.hadoop.hive.ql.io.orc.OrcOutputFormat, column.name.delimiter=,}, partitionProperties=Optional.empty, columnNames=[a, b], columnTypes=[int, int], getClass()=class org.apache.hadoop.hive.ql.io.orc.OrcSerde] and formatter : org.apache.hadoop.hive.ql.io.orc.OrcOutputFormat@c869c09
2024-04-23T21:15:20,412  INFO [LocalJobRunner Map Task Executor #0] exec.FileSinkOperator: Final Path: FS file:/home/alex/Repositories/hive/ql/target/tmp/org.apache.hadoop.hive.ql.TestTxnNoBuckets-1713932056679/warehouse/nonacidnonbucket/.hive-staging_hive_2024-04-23_21-15-19_965_3664632476743524577-1/_tmp.-ext-10002/000000_0
2024-04-23T21:15:20,412  INFO [LocalJobRunner Map Task Executor #0] exec.FileSinkOperator: Writing to temp file: FS file:/home/alex/Repositories/hive/ql/target/tmp/org.apache.hadoop.hive.ql.TestTxnNoBuckets-1713932056679/warehouse/nonacidnonbucket/.hive-staging_hive_2024-04-23_21-15-19_965_3664632476743524577-1/_task_tmp.-ext-10002/_tmp.000000_0
2024-04-23T21:15:20,412  INFO [LocalJobRunner Map Task Executor #0] exec.FileSinkOperator: New Final Path: FS file:/home/alex/Repositories/hive/ql/target/tmp/org.apache.hadoop.hive.ql.TestTxnNoBuckets-1713932056679/warehouse/nonacidnonbucket/.hive-staging_hive_2024-04-23_21-15-19_965_3664632476743524577-1/_tmp.-ext-10002/000000_0
2024-04-23T21:15:20,412  INFO [LocalJobRunner Map Task Executor #0] exec.FileSinkOperator: FS[4]: records written - 1
2024-04-23T21:15:20,413  INFO [LocalJobRunner Map Task Executor #0] impl.PhysicalFsWriter: ORC writer created for path: file:/home/alex/Repositories/hive/ql/target/tmp/org.apache.hadoop.hive.ql.TestTxnNoBuckets-1713932056679/warehouse/nonacidnonbucket/.hive-staging_hive_2024-04-23_21-15-19_965_3664632476743524577-1/_task_tmp.-ext-10002/_tmp.000000_0 with stripeSize: 67108864 blockSize: 268435456 compression: Compress: ZLIB buffer: 262144
2024-04-23T21:15:20,420  INFO [LocalJobRunner Map Task Executor #0] impl.WriterImpl: ORC writer created for path: file:/home/alex/Repositories/hive/ql/target/tmp/org.apache.hadoop.hive.ql.TestTxnNoBuckets-1713932056679/warehouse/nonacidnonbucket/.hive-staging_hive_2024-04-23_21-15-19_965_3664632476743524577-1/_task_tmp.-ext-10002/_tmp.000000_0 with stripeSize: 67108864 options: Compress: ZLIB buffer: 262144
2024-04-23T21:15:20,420  INFO [LocalJobRunner Map Task Executor #0] exec.MapOperator: MAP[0]: records read - 1
2024-04-23T21:15:20,420  INFO [LocalJobRunner Map Task Executor #0] exec.MapOperator: Closing Operator: MAP[0]
2024-04-23T21:15:20,420  INFO [LocalJobRunner Map Task Executor #0] exec.MapOperator: MAP[0]: Total records read - 3. abort - false
2024-04-23T21:15:20,420  INFO [LocalJobRunner Map Task Executor #0] exec.MapOperator: RECORDS_OUT_INTERMEDIATE:0, RECORDS_OUT_OPERATOR_MAP_0:0, RECORDS_IN:3, DESERIALIZE_ERRORS:0, 
2024-04-23T21:15:20,420  INFO [LocalJobRunner Map Task Executor #0] exec.TableScanOperator: Closing Operator: TS[0]
2024-04-23T21:15:20,420  INFO [LocalJobRunner Map Task Executor #0] exec.TableScanOperator: RECORDS_OUT_INTERMEDIATE:0, RECORDS_OUT_OPERATOR_TS_0:1, 
2024-04-23T21:15:20,420  INFO [LocalJobRunner Map Task Executor #0] exec.SelectOperator: Closing Operator: SEL[1]
2024-04-23T21:15:20,420  INFO [LocalJobRunner Map Task Executor #0] exec.SelectOperator: RECORDS_OUT_INTERMEDIATE:0, RECORDS_OUT_OPERATOR_SEL_1:1, 
2024-04-23T21:15:20,420  INFO [LocalJobRunner Map Task Executor #0] exec.UDTFOperator: Closing Operator: UDTF[2]
2024-04-23T21:15:20,420  INFO [LocalJobRunner Map Task Executor #0] exec.UDTFOperator: RECORDS_OUT_OPERATOR_UDTF_2:4, RECORDS_OUT_INTERMEDIATE:0, 
2024-04-23T21:15:20,420  INFO [LocalJobRunner Map Task Executor #0] exec.SelectOperator: Closing Operator: SEL[3]
2024-04-23T21:15:20,420  INFO [LocalJobRunner Map Task Executor #0] exec.SelectOperator: RECORDS_OUT_INTERMEDIATE:0, RECORDS_OUT_OPERATOR_SEL_3:4, 
2024-04-23T21:15:20,420  INFO [LocalJobRunner Map Task Executor #0] exec.FileSinkOperator: Closing Operator: FS[4]
2024-04-23T21:15:20,420  INFO [LocalJobRunner Map Task Executor #0] exec.FileSinkOperator: FS[4]: records written - 4
2024-04-23T21:15:20,427  INFO [LocalJobRunner Map Task Executor #0] exec.FileSinkOperator: RECORDS_OUT_OPERATOR_FS_4:4, RECORDS_OUT_1_default.nonacidnonbucket:4, TOTAL_TABLE_ROWS_WRITTEN:4, RECORDS_OUT_INTERMEDIATE:0, 
2024-04-23T21:15:20,427  INFO [LocalJobRunner Map Task Executor #0] mapred.LocalJobRunner: 
2024-04-23T21:15:20,428  INFO [LocalJobRunner Map Task Executor #0] mapred.Task: Task:attempt_local1273576898_0023_m_000000_0 is done. And is in the process of committing
2024-04-23T21:15:20,428  INFO [LocalJobRunner Map Task Executor #0] mapred.LocalJobRunner: map
2024-04-23T21:15:20,428  INFO [LocalJobRunner Map Task Executor #0] mapred.Task: Task 'attempt_local1273576898_0023_m_000000_0' done.
2024-04-23T21:15:20,428  INFO [LocalJobRunner Map Task Executor #0] mapred.Task: Final Counters for attempt_local1273576898_0023_m_000000_0: Counters: 27
	File System Counters
		FILE: Number of bytes read=458943
		FILE: Number of bytes written=27070869
		FILE: Number of read operations=0
		FILE: Number of large read operations=0
		FILE: Number of write operations=0
	Map-Reduce Framework
		Map input records=4
		Map output records=0
		Input split bytes=361
		Spilled Records=0
		Failed Shuffles=0
		Merged Map outputs=0
		GC time elapsed (ms)=0
		Total committed heap usage (bytes)=1104674816
	HIVE
		CREATED_FILES=1
		DESERIALIZE_ERRORS=0
		RECORDS_IN=3
		RECORDS_OUT_1_default.nonacidnonbucket=4
		RECORDS_OUT_INTERMEDIATE=0
		RECORDS_OUT_OPERATOR_FS_4=4
		RECORDS_OUT_OPERATOR_MAP_0=0
		RECORDS_OUT_OPERATOR_SEL_1=1
		RECORDS_OUT_OPERATOR_SEL_3=4
		RECORDS_OUT_OPERATOR_TS_0=1
		RECORDS_OUT_OPERATOR_UDTF_2=4
		TOTAL_TABLE_ROWS_WRITTEN=4
	File Input Format Counters 
		Bytes Read=5941
	File Output Format Counters 
		Bytes Written=0
2024-04-23T21:15:20,428  INFO [LocalJobRunner Map Task Executor #0] mapred.LocalJobRunner: Finishing task: attempt_local1273576898_0023_m_000000_0
2024-04-23T21:15:20,428  INFO [Thread-1479] mapred.LocalJobRunner: map task executor complete.
2024-04-23 21:15:21,407 Stage-1 map = 100%,  reduce = 0%
2024-04-23T21:15:21,407  INFO [main] exec.Task: 2024-04-23 21:15:21,407 Stage-1 map = 100%,  reduce = 0%
Ended Job = job_local1273576898_0023
2024-04-23T21:15:21,408  INFO [main] exec.Task: Ended Job = job_local1273576898_0023
2024-04-23T21:15:21,409  INFO [main] ql.Driver: Starting task [Stage-7:CONDITIONAL] in serial mode
Stage-4 is selected by condition resolver.
2024-04-23T21:15:21,410  INFO [main] exec.Task: Stage-4 is selected by condition resolver.
Stage-3 is filtered out by condition resolver.
2024-04-23T21:15:21,410  INFO [main] exec.Task: Stage-3 is filtered out by condition resolver.
Stage-5 is filtered out by condition resolver.
2024-04-23T21:15:21,410  INFO [main] exec.Task: Stage-5 is filtered out by condition resolver.
2024-04-23T21:15:21,410  INFO [main] ql.Driver: Starting task [Stage-4:MOVE] in serial mode
Moving data to directory file:/home/alex/Repositories/hive/ql/target/tmp/org.apache.hadoop.hive.ql.TestTxnNoBuckets-1713932056679/warehouse/nonacidnonbucket/.hive-staging_hive_2024-04-23_21-15-19_965_3664632476743524577-1/-ext-10000
2024-04-23T21:15:21,410  INFO [main] exec.Task: Moving data to directory file:/home/alex/Repositories/hive/ql/target/tmp/org.apache.hadoop.hive.ql.TestTxnNoBuckets-1713932056679/warehouse/nonacidnonbucket/.hive-staging_hive_2024-04-23_21-15-19_965_3664632476743524577-1/-ext-10000 from file:/home/alex/Repositories/hive/ql/target/tmp/org.apache.hadoop.hive.ql.TestTxnNoBuckets-1713932056679/warehouse/nonacidnonbucket/.hive-staging_hive_2024-04-23_21-15-19_965_3664632476743524577-1/-ext-10002
2024-04-23T21:15:21,411  INFO [main] ql.Driver: Starting task [Stage-0:MOVE] in serial mode
Loading data to table default.nonacidnonbucket
2024-04-23T21:15:21,411  INFO [main] exec.Task: Loading data to table default.nonacidnonbucket from file:/home/alex/Repositories/hive/ql/target/tmp/org.apache.hadoop.hive.ql.TestTxnNoBuckets-1713932056679/warehouse/nonacidnonbucket/.hive-staging_hive_2024-04-23_21-15-19_965_3664632476743524577-1/-ext-10000
2024-04-23T21:15:21,411  INFO [main] HiveMetaStore.audit: ugi=alex	ip=unknown-ip-addr	cmd=get_table : tbl=hive.default.nonacidnonbucket	
2024-04-23T21:15:21,420  INFO [main] metastore.HMSHandler: Skipping translation for processor with null
2024-04-23T21:15:21,420  INFO [main] HiveMetaStore.audit: ugi=alex	ip=unknown-ip-addr	cmd=get_table : tbl=hive.default.nonacidnonbucket	
2024-04-23T21:15:21,428  INFO [main] metastore.HMSHandler: Skipping translation for processor with null
2024-04-23T21:15:21,431  WARN [main] metadata.Hive: Cannot get a table snapshot for nonacidnonbucket
2024-04-23T21:15:21,431  INFO [main] HiveMetaStore.audit: ugi=alex	ip=unknown-ip-addr	cmd=alter_table: hive.default.nonacidnonbucket newtbl=nonacidnonbucket	
2024-04-23T21:15:21,454  INFO [main] ql.Driver: Starting task [Stage-2:STATS] in serial mode
2024-04-23T21:15:21,454  INFO [main] HiveMetaStore.audit: ugi=alex	ip=unknown-ip-addr	cmd=get_table : tbl=hive.default.nonacidnonbucket	
2024-04-23T21:15:21,464  INFO [main] metastore.HMSHandler: Skipping translation for processor with null
2024-04-23T21:15:21,464  INFO [main] stats.BasicStatsTask: Executing stats task
2024-04-23T21:15:21,464  INFO [main] fs.FSStatsPublisher: created : file:/home/alex/Repositories/hive/ql/target/tmp/localscratchdir/0a9f8166-55a0-469d-8508-59e6c2b85f74/hive_2024-04-23_21-15-19_965_3664632476743524577-1/-mr-10001
2024-04-23T21:15:21,465  INFO [main] HiveMetaStore.audit: ugi=alex	ip=unknown-ip-addr	cmd=get_table : tbl=hive.default.nonacidnonbucket	
2024-04-23T21:15:21,474  INFO [main] metastore.HMSHandler: Skipping translation for processor with null
2024-04-23T21:15:21,475  INFO [main] FileOperations: Read stats for default.nonacidnonbucket/, numRows, true, 4, false: 
2024-04-23T21:15:21,475  INFO [main] FileOperations: Read stats for default.nonacidnonbucket/, rawDataSize, true, 32, false: 
2024-04-23T21:15:21,476  WARN [main] metadata.Hive: Cannot get a table snapshot for nonacidnonbucket
2024-04-23T21:15:21,476  INFO [main] HiveMetaStore.audit: ugi=alex	ip=unknown-ip-addr	cmd=alter_table: hive.default.nonacidnonbucket newtbl=nonacidnonbucket	
2024-04-23T21:15:21,500  INFO [main] stats.BasicStatsTask: Table default.nonacidnonbucket stats: [numFiles=2, numRows=6, totalSize=511, rawDataSize=48, numFilesErasureCoded=0]
2024-04-23T21:15:21,501  INFO [main] metadata.Hive: Dumping metastore api call timing information for : execution phase
2024-04-23T21:15:21,501  INFO [main] metadata.Hive: Total time spent in each metastore function (ms): {alter_table_(String, String, String, Table, EnvironmentContext, String)=47, getTable_(GetTableRequest)=36, isCompatibleWith_(Configuration)=0}
MapReduce Jobs Launched: 
2024-04-23T21:15:21,501  INFO [main] ql.Driver: MapReduce Jobs Launched: 
Stage-Stage-1:  HDFS Read: 0 HDFS Write: 0 SUCCESS
2024-04-23T21:15:21,501  INFO [main] ql.Driver: Stage-Stage-1:  HDFS Read: 0 HDFS Write: 0 SUCCESS
Total MapReduce CPU Time Spent: 0 msec
2024-04-23T21:15:21,501  INFO [main] ql.Driver: Total MapReduce CPU Time Spent: 0 msec
2024-04-23T21:15:21,501  INFO [main] ql.Driver: Completed executing command(queryId=alex_20240423211519_661c1bdd-77e1-4a4a-af47-4eb3aa9c20ea); Time taken: 1.346 seconds
2024-04-23T21:15:21,501  INFO [main] lockmgr.DbTxnManager: Stopped heartbeat for query: alex_20240423211519_661c1bdd-77e1-4a4a-af47-4eb3aa9c20ea
2024-04-23T21:15:21,506  INFO [main] txn.TxnHandler: Expected to move at least one record from txn_components to completed_txn_components when committing txn! txnid:14
2024-04-23T21:15:21,511  INFO [main] txn.TxnHandler: Removed transactions: ([14]) from MIN_HISTORY_LEVEL
2024-04-23T21:15:21,511  WARN [main] txn.CompactionTxnHandler: No compaction queue record found for Compaction type transaction commit. txnId:14
2024-04-23T21:15:21,512  INFO [main] ql.TxnCommandsBaseForTests: Running the query: insert into nonAcidNonBucket(a,b) values(1,6)
2024-04-23T21:15:21,512  INFO [main] ql.Context: Deleting scratch dir: file:/home/alex/Repositories/hive/ql/target/tmp/org.apache.hadoop.hive.ql.TestTxnNoBuckets-1713932056679/warehouse/nonacidnonbucket/.hive-staging_hive_2024-04-23_21-15-19_965_3664632476743524577-1
2024-04-23T21:15:21,513  INFO [main] cleanup.SyncCleanupService: Deleted directory: file:/home/alex/Repositories/hive/ql/target/tmp/org.apache.hadoop.hive.ql.TestTxnNoBuckets-1713932056679/warehouse/nonacidnonbucket/.hive-staging_hive_2024-04-23_21-15-19_965_3664632476743524577-1 on fs with scheme file
2024-04-23T21:15:21,513  INFO [main] ql.Context: Deleting scratch dir: file:/home/alex/Repositories/hive/ql/target/tmp/localscratchdir/0a9f8166-55a0-469d-8508-59e6c2b85f74/hive_2024-04-23_21-15-19_965_3664632476743524577-1
2024-04-23T21:15:21,513  INFO [main] cleanup.SyncCleanupService: Deleted directory: file:/home/alex/Repositories/hive/ql/target/tmp/localscratchdir/0a9f8166-55a0-469d-8508-59e6c2b85f74/hive_2024-04-23_21-15-19_965_3664632476743524577-1 on fs with scheme file
2024-04-23T21:15:21,514  INFO [main] ql.Driver: Compiling command(queryId=alex_20240423211521_c33b2b1f-ed43-41d5-aa26-e89929444f54): insert into nonAcidNonBucket(a,b) values(1,6)
2024-04-23T21:15:21,517  INFO [main] txn.TxnHandler: Added entries to MIN_HISTORY_LEVEL for current txns: ([15]) with min_open_txn: 15
2024-04-23T21:15:21,517  INFO [main] lockmgr.DbTxnManager: Opened txnid:15
2024-04-23T21:15:21,518  INFO [main] parse.CalcitePlanner: Starting caching scope for: 
2024-04-23T21:15:21,518  INFO [main] parse.CalcitePlanner: Starting Semantic Analysis
2024-04-23T21:15:21,521  INFO [main] HiveMetaStore.audit: ugi=alex	ip=unknown-ip-addr	cmd=get_table : tbl=hive.default.nonAcidNonBucket	
2024-04-23T21:15:21,530  INFO [main] metastore.HMSHandler: Skipping translation for processor with null
2024-04-23T21:15:21,531  INFO [main] parse.CalcitePlanner: Completed phase 1 of Semantic Analysis
2024-04-23T21:15:21,531  INFO [main] parse.CalcitePlanner: Get metadata for source tables
2024-04-23T21:15:21,531  INFO [main] parse.CalcitePlanner: Get metadata for subqueries
2024-04-23T21:15:21,531  INFO [main] parse.CalcitePlanner: Get metadata for destination tables
2024-04-23T21:15:21,531  INFO [main] HiveMetaStore.audit: ugi=alex	ip=unknown-ip-addr	cmd=get_table : tbl=hive.default.nonAcidNonBucket	
2024-04-23T21:15:21,540  INFO [main] metastore.HMSHandler: Skipping translation for processor with null
2024-04-23T21:15:21,540  INFO [main] parse.CalcitePlanner: Completed getting MetaData in Semantic Analysis
2024-04-23T21:15:21,540  INFO [main] parse.CalcitePlanner: Disabling LLAP IO encode as ETL query is detected
2024-04-23T21:15:21,559  INFO [main] HiveMetaStore.audit: ugi=alex	ip=unknown-ip-addr	cmd=get_all_table_constraints : tbl=hive._dummy_database._dummy_table	
2024-04-23T21:15:21,619  INFO [main] parse.CalcitePlanner: Get metadata for source tables
2024-04-23T21:15:21,619  INFO [main] parse.CalcitePlanner: Get metadata for subqueries
2024-04-23T21:15:21,619  INFO [main] parse.CalcitePlanner: Get metadata for source tables
2024-04-23T21:15:21,620  INFO [main] HiveMetaStore.audit: ugi=alex	ip=unknown-ip-addr	cmd=get_table : tbl=hive._dummy_database._dummy_table	
2024-04-23T21:15:21,623  INFO [main] parse.CalcitePlanner: Get metadata for subqueries
2024-04-23T21:15:21,623  INFO [main] parse.CalcitePlanner: Get metadata for destination tables
2024-04-23T21:15:21,623  INFO [main] parse.CalcitePlanner: Get metadata for destination tables
2024-04-23T21:15:21,623  INFO [main] HiveMetaStore.audit: ugi=alex	ip=unknown-ip-addr	cmd=get_table : tbl=hive.default.nonAcidNonBucket	
2024-04-23T21:15:21,632  INFO [main] metastore.HMSHandler: Skipping translation for processor with null
2024-04-23T21:15:21,634  INFO [main] common.FileUtils: Creating directory if it doesn't exist: file:/home/alex/Repositories/hive/ql/target/tmp/org.apache.hadoop.hive.ql.TestTxnNoBuckets-1713932056679/warehouse/nonacidnonbucket/.hive-staging_hive_2024-04-23_21-15-21_514_6017109630597692275-1
2024-04-23T21:15:21,637  INFO [main] HiveMetaStore.audit: ugi=alex	ip=unknown-ip-addr	cmd=get_not_null_constraints : tbl=hive.default.nonacidnonbucket	
2024-04-23T21:15:21,638  INFO [main] HiveMetaStore.audit: ugi=alex	ip=unknown-ip-addr	cmd=get_check_constraints : tbl=hive.default.nonacidnonbucket	
2024-04-23T21:15:21,640  INFO [main] parse.CalcitePlanner: CBO Succeeded; optimized logical plan.
2024-04-23T21:15:21,642  INFO [main] optimizer.BucketVersionPopulator: not considering bucketingVersion for: TS[0] because it has -1<2 buckets 
2024-04-23T21:15:21,643  INFO [main] optimizer.SortedDynPartitionOptimizer: Sorted dynamic partitioning optimization kicked in..
2024-04-23T21:15:21,651  INFO [main] HiveMetaStore.audit: ugi=alex	ip=unknown-ip-addr	cmd=get_table : tbl=hive.default.nonacidnonbucket	
2024-04-23T21:15:21,659  INFO [main] metastore.HMSHandler: Skipping translation for processor with null
2024-04-23T21:15:21,660  INFO [main] optimizer.GenMRFileSink1: using CombineHiveInputformat for the merge job
2024-04-23T21:15:21,660  INFO [main] HiveMetaStore.audit: ugi=alex	ip=unknown-ip-addr	cmd=get_table : tbl=hive.default.nonacidnonbucket	
2024-04-23T21:15:21,669  INFO [main] metastore.HMSHandler: Skipping translation for processor with null
2024-04-23T21:15:21,671  INFO [main] parse.CalcitePlanner: Completed plan generation
2024-04-23T21:15:21,671  INFO [main] parse.CalcitePlanner: Ending caching scope for: 
2024-04-23T21:15:21,671  INFO [main] ql.Driver: Semantic Analysis Completed (retrial = false)
2024-04-23T21:15:21,671  INFO [main] ql.Driver: Created Hive schema: Schema(fieldSchemas:[FieldSchema(name:_col0, type:int, comment:null), FieldSchema(name:_col1, type:int, comment:null)], properties:null)
2024-04-23T21:15:21,671  INFO [main] metadata.Hive: Dumping metastore api call timing information for : compilation phase
2024-04-23T21:15:21,671  INFO [main] metadata.Hive: Total time spent in each metastore function (ms): {openTxn_(String, TxnType)=2, getValidTxns_(long)=0, getValidWriteIds_(List, String)=3, isCompatibleWith_(Configuration)=0, getTable_(GetTableRequest)=44, getNotNullConstraints_(NotNullConstraintsRequest)=1, getAllTableConstraints_(AllTableConstraintsRequest)=5, commitTxn_(CommitTxnRequest)=11, getCheckConstraints_(CheckConstraintsRequest)=1, flushCache_()=0}
2024-04-23T21:15:21,672  INFO [main] ql.Driver: Completed compiling command(queryId=alex_20240423211521_c33b2b1f-ed43-41d5-aa26-e89929444f54); Time taken: 0.157 seconds
2024-04-23T21:15:21,672  INFO [main] lockmgr.DbTxnManager: Setting lock request transaction to txnid:15 for queryId=alex_20240423211521_c33b2b1f-ed43-41d5-aa26-e89929444f54
2024-04-23T21:15:21,672  INFO [main] lockmgr.DbLockManager: Requesting lock for queryId=alex_20240423211521_c33b2b1f-ed43-41d5-aa26-e89929444f54
2024-04-23T21:15:21,686  INFO [main] lockmgr.DbLockManager: Response to queryId=alex_20240423211521_c33b2b1f-ed43-41d5-aa26-e89929444f54 LockResponse(lockid:9, state:ACQUIRED)
2024-04-23T21:15:21,686  INFO [main] ql.Driver: Operation QUERY obtained 1 locks
2024-04-23T21:15:21,686  INFO [main] ql.Driver: Executing command(queryId=alex_20240423211521_c33b2b1f-ed43-41d5-aa26-e89929444f54): insert into nonAcidNonBucket(a,b) values(1,6)
2024-04-23T21:15:21,687  WARN [main] ql.Driver: Hive-on-MR is deprecated in Hive 2 and may not be available in the future versions. Consider using a different execution engine (i.e. spark, tez) or using Hive 1.X releases.
Query ID = alex_20240423211521_c33b2b1f-ed43-41d5-aa26-e89929444f54
2024-04-23T21:15:21,687  INFO [main] ql.Driver: Query ID = alex_20240423211521_c33b2b1f-ed43-41d5-aa26-e89929444f54
Total jobs = 1
2024-04-23T21:15:21,687  INFO [main] ql.Driver: Total jobs = 1
Launching Job 1 out of 1
2024-04-23T21:15:21,687  INFO [main] ql.Driver: Launching Job 1 out of 1
2024-04-23T21:15:21,808  INFO [main] ql.Driver: Starting task [Stage-1:MAPRED] in serial mode
Number of reduce tasks is set to 0 since there's no reduce operator
2024-04-23T21:15:21,808  INFO [main] exec.Task: Number of reduce tasks is set to 0 since there's no reduce operator
2024-04-23T21:15:21,810  INFO [main] mr.ExecDriver: Using org.apache.hadoop.hive.ql.io.HiveInputFormat
2024-04-23T21:15:21,810  INFO [main] exec.Utilities: Processing alias $hdt$_0:_dummy_table
2024-04-23T21:15:21,810  INFO [main] exec.Utilities: Adding 1 inputs; the first input is file:/home/alex/Repositories/hive/ql/target/tmp/localscratchdir/0a9f8166-55a0-469d-8508-59e6c2b85f74/hive_2024-04-23_21-15-21_514_6017109630597692275-1/dummy_path
2024-04-23T21:15:21,819  INFO [main] exec.SerializationUtilities: Serializing MapWork using kryo
2024-04-23T21:15:21,820  INFO [main] exec.Utilities: Serialized plan (via FILE) - name: null size: 5,80KB
2024-04-23T21:15:21,821  WARN [main] impl.MetricsSystemImpl: JobTracker metrics system already initialized!
2024-04-23T21:15:21,825  INFO [main] fs.FSStatsPublisher: created : file:/home/alex/Repositories/hive/ql/target/tmp/localscratchdir/0a9f8166-55a0-469d-8508-59e6c2b85f74/hive_2024-04-23_21-15-21_514_6017109630597692275-1/-mr-10001
2024-04-23T21:15:21,829  WARN [main] impl.MetricsSystemImpl: JobTracker metrics system already initialized!
2024-04-23T21:15:21,836  WARN [main] mapreduce.JobResourceUploader: Hadoop command-line option parsing not performed. Implement the Tool interface and execute your application with ToolRunner to remedy this.
2024-04-23T21:15:21,840  WARN [main] mapreduce.JobResourceUploader: No job jar file set.  User classes may not be found. See Job or Job#setJar(String).
2024-04-23T21:15:21,841  INFO [main] io.HiveInputFormat: hive.io.file.readcolumn.ids = 
2024-04-23T21:15:21,841  INFO [main] io.HiveInputFormat: hive.io.file.readcolumn.names = 
2024-04-23T21:15:21,841  INFO [main] io.HiveInputFormat: Generating splits for dirs: file:/home/alex/Repositories/hive/ql/target/tmp/localscratchdir/0a9f8166-55a0-469d-8508-59e6c2b85f74/hive_2024-04-23_21-15-21_514_6017109630597692275-1/dummy_path
2024-04-23T21:15:21,842  INFO [main] io.HiveInputFormat: number of splits 1
2024-04-23T21:15:21,859  INFO [main] mapreduce.JobSubmitter: number of splits:1
2024-04-23T21:15:21,878  INFO [main] mapreduce.JobSubmitter: Submitting tokens for job: job_local1146039633_0024
2024-04-23T21:15:21,878  INFO [main] mapreduce.JobSubmitter: Executing with tokens: []
2024-04-23T21:15:21,937  INFO [main] mapreduce.Job: The url to track the job: http://localhost:8080/
Job running in-process (local Hadoop)
2024-04-23T21:15:21,937  INFO [main] exec.Task: Job running in-process (local Hadoop)
2024-04-23T21:15:21,938  INFO [Thread-1521] mapred.LocalJobRunner: OutputCommitter set in config org.apache.hadoop.hive.ql.io.HiveFileFormatUtils$NullOutputCommitter
2024-04-23T21:15:21,938  INFO [Thread-1521] mapred.LocalJobRunner: OutputCommitter is org.apache.hadoop.hive.ql.io.HiveFileFormatUtils$NullOutputCommitter
2024-04-23T21:15:21,939  INFO [Thread-1521] mapred.LocalJobRunner: Waiting for map tasks
2024-04-23T21:15:21,940  INFO [LocalJobRunner Map Task Executor #0] mapred.LocalJobRunner: Starting task: attempt_local1146039633_0024_m_000000_0
2024-04-23T21:15:21,940  INFO [LocalJobRunner Map Task Executor #0] mapred.Task:  Using ResourceCalculatorProcessTree : [ ]
2024-04-23T21:15:21,941  INFO [LocalJobRunner Map Task Executor #0] mapred.MapTask: Processing split: org.apache.hadoop.hive.ql.io.NullRowsInputFormat:file:/home/alex/Repositories/hive/ql/target/tmp/localscratchdir/0a9f8166-55a0-469d-8508-59e6c2b85f74/hive_2024-04-23_21-15-21_514_6017109630597692275-1/dummy_path/null:0+1
2024-04-23T21:15:21,942  INFO [LocalJobRunner Map Task Executor #0] exec.SerializationUtilities: Deserializing MapWork using kryo
2024-04-23T21:15:21,943  INFO [LocalJobRunner Map Task Executor #0] exec.Utilities: Deserialized plan (via FILE) - name: null size: 5,80KB
2024-04-23T21:15:21,943  INFO [LocalJobRunner Map Task Executor #0] mapred.MapTask: numReduceTasks: 0
2024-04-23T21:15:21,944  INFO [LocalJobRunner Map Task Executor #0] exec.MapOperator: Initializing Operator: MAP[0]
2024-04-23T21:15:21,944  INFO [LocalJobRunner Map Task Executor #0] mr.ExecMapper: 
<MAP>Id =0
  <Children>null
  <\Children>
  <Parent><\Parent>
<\MAP>
2024-04-23T21:15:21,945  INFO [LocalJobRunner Map Task Executor #0] exec.TableScanOperator: Initializing Operator: TS[0]
2024-04-23T21:15:21,945  INFO [LocalJobRunner Map Task Executor #0] exec.SelectOperator: Initializing Operator: SEL[1]
2024-04-23T21:15:21,945  INFO [LocalJobRunner Map Task Executor #0] exec.SelectOperator: SELECT null
2024-04-23T21:15:21,945  INFO [LocalJobRunner Map Task Executor #0] exec.UDTFOperator: Initializing Operator: UDTF[2]
2024-04-23T21:15:21,946  INFO [LocalJobRunner Map Task Executor #0] exec.SelectOperator: Initializing Operator: SEL[3]
2024-04-23T21:15:21,946  INFO [LocalJobRunner Map Task Executor #0] exec.SelectOperator: SELECT struct<col1:int,col2:int>
2024-04-23T21:15:21,946  INFO [LocalJobRunner Map Task Executor #0] exec.FileSinkOperator: Initializing Operator: FS[4]
2024-04-23T21:15:21,946  INFO [LocalJobRunner Map Task Executor #0] exec.FileSinkOperator: Using serializer : AbstractSerDe [log=org.apache.logging.slf4j.Log4jLogger@261f1262, configuration=Optional[Configuration: core-default.xml, core-site.xml, mapred-default.xml, mapred-site.xml, yarn-default.xml, yarn-site.xml, hdfs-default.xml, hdfs-site.xml, file:/home/alex/Repositories/hive/ql/target/tmp/TestTxnNoBuckets/mapred/local/localRunner/alex/job_local1146039633_0024/job_local1146039633_0024.xml], properties={name=default.nonacidnonbucket, columns.types=int:int, serialization.format=1, columns=a,b, numFilesErasureCoded=0, columns.comments=&amp#0;, bucketing_version=2, serialization.lib=org.apache.hadoop.hive.ql.io.orc.OrcSerde, file.inputformat=org.apache.hadoop.hive.ql.io.orc.OrcInputFormat, file.outputformat=org.apache.hadoop.hive.ql.io.orc.OrcOutputFormat, location=file:/home/alex/Repositories/hive/ql/target/tmp/org.apache.hadoop.hive.ql.TestTxnNoBuckets-1713932056679/warehouse/nonacidnonbucket, column.name.delimiter=,}, tableProperties={name=default.nonacidnonbucket, columns.types=int:int, serialization.format=1, columns=a,b, numFilesErasureCoded=0, columns.comments=&amp#0;, bucketing_version=2, serialization.lib=org.apache.hadoop.hive.ql.io.orc.OrcSerde, file.inputformat=org.apache.hadoop.hive.ql.io.orc.OrcInputFormat, location=file:/home/alex/Repositories/hive/ql/target/tmp/org.apache.hadoop.hive.ql.TestTxnNoBuckets-1713932056679/warehouse/nonacidnonbucket, file.outputformat=org.apache.hadoop.hive.ql.io.orc.OrcOutputFormat, column.name.delimiter=,}, partitionProperties=Optional.empty, columnNames=[a, b], columnTypes=[int, int], getClass()=class org.apache.hadoop.hive.ql.io.orc.OrcSerde] and formatter : org.apache.hadoop.hive.ql.io.orc.OrcOutputFormat@2f44ee49
2024-04-23T21:15:21,947  INFO [LocalJobRunner Map Task Executor #0] exec.FileSinkOperator: Final Path: FS file:/home/alex/Repositories/hive/ql/target/tmp/org.apache.hadoop.hive.ql.TestTxnNoBuckets-1713932056679/warehouse/nonacidnonbucket/.hive-staging_hive_2024-04-23_21-15-21_514_6017109630597692275-1/_tmp.-ext-10002/000000_0
2024-04-23T21:15:21,947  INFO [LocalJobRunner Map Task Executor #0] exec.FileSinkOperator: Writing to temp file: FS file:/home/alex/Repositories/hive/ql/target/tmp/org.apache.hadoop.hive.ql.TestTxnNoBuckets-1713932056679/warehouse/nonacidnonbucket/.hive-staging_hive_2024-04-23_21-15-21_514_6017109630597692275-1/_task_tmp.-ext-10002/_tmp.000000_0
2024-04-23T21:15:21,947  INFO [LocalJobRunner Map Task Executor #0] exec.FileSinkOperator: New Final Path: FS file:/home/alex/Repositories/hive/ql/target/tmp/org.apache.hadoop.hive.ql.TestTxnNoBuckets-1713932056679/warehouse/nonacidnonbucket/.hive-staging_hive_2024-04-23_21-15-21_514_6017109630597692275-1/_tmp.-ext-10002/000000_0
2024-04-23T21:15:21,947  INFO [LocalJobRunner Map Task Executor #0] exec.FileSinkOperator: FS[4]: records written - 1
2024-04-23T21:15:21,947  INFO [LocalJobRunner Map Task Executor #0] impl.PhysicalFsWriter: ORC writer created for path: file:/home/alex/Repositories/hive/ql/target/tmp/org.apache.hadoop.hive.ql.TestTxnNoBuckets-1713932056679/warehouse/nonacidnonbucket/.hive-staging_hive_2024-04-23_21-15-21_514_6017109630597692275-1/_task_tmp.-ext-10002/_tmp.000000_0 with stripeSize: 67108864 blockSize: 268435456 compression: Compress: ZLIB buffer: 262144
2024-04-23T21:15:21,955  INFO [LocalJobRunner Map Task Executor #0] impl.WriterImpl: ORC writer created for path: file:/home/alex/Repositories/hive/ql/target/tmp/org.apache.hadoop.hive.ql.TestTxnNoBuckets-1713932056679/warehouse/nonacidnonbucket/.hive-staging_hive_2024-04-23_21-15-21_514_6017109630597692275-1/_task_tmp.-ext-10002/_tmp.000000_0 with stripeSize: 67108864 options: Compress: ZLIB buffer: 262144
2024-04-23T21:15:21,955  INFO [LocalJobRunner Map Task Executor #0] exec.MapOperator: MAP[0]: records read - 1
2024-04-23T21:15:21,955  INFO [LocalJobRunner Map Task Executor #0] exec.MapOperator: Closing Operator: MAP[0]
2024-04-23T21:15:21,955  INFO [LocalJobRunner Map Task Executor #0] exec.MapOperator: MAP[0]: Total records read - 3. abort - false
2024-04-23T21:15:21,956  INFO [LocalJobRunner Map Task Executor #0] exec.MapOperator: RECORDS_OUT_OPERATOR_MAP_0:0, RECORDS_OUT_INTERMEDIATE:0, DESERIALIZE_ERRORS:0, RECORDS_IN:3, 
2024-04-23T21:15:21,956  INFO [LocalJobRunner Map Task Executor #0] exec.TableScanOperator: Closing Operator: TS[0]
2024-04-23T21:15:21,956  INFO [LocalJobRunner Map Task Executor #0] exec.TableScanOperator: RECORDS_OUT_OPERATOR_TS_0:1, RECORDS_OUT_INTERMEDIATE:0, 
2024-04-23T21:15:21,956  INFO [LocalJobRunner Map Task Executor #0] exec.SelectOperator: Closing Operator: SEL[1]
2024-04-23T21:15:21,956  INFO [LocalJobRunner Map Task Executor #0] exec.SelectOperator: RECORDS_OUT_OPERATOR_SEL_1:1, RECORDS_OUT_INTERMEDIATE:0, 
2024-04-23T21:15:21,956  INFO [LocalJobRunner Map Task Executor #0] exec.UDTFOperator: Closing Operator: UDTF[2]
2024-04-23T21:15:21,956  INFO [LocalJobRunner Map Task Executor #0] exec.UDTFOperator: RECORDS_OUT_OPERATOR_UDTF_2:1, RECORDS_OUT_INTERMEDIATE:0, 
2024-04-23T21:15:21,956  INFO [LocalJobRunner Map Task Executor #0] exec.SelectOperator: Closing Operator: SEL[3]
2024-04-23T21:15:21,956  INFO [LocalJobRunner Map Task Executor #0] exec.SelectOperator: RECORDS_OUT_INTERMEDIATE:0, RECORDS_OUT_OPERATOR_SEL_3:1, 
2024-04-23T21:15:21,956  INFO [LocalJobRunner Map Task Executor #0] exec.FileSinkOperator: Closing Operator: FS[4]
2024-04-23T21:15:21,956  INFO [LocalJobRunner Map Task Executor #0] exec.FileSinkOperator: FS[4]: records written - 1
2024-04-23T21:15:21,963  INFO [LocalJobRunner Map Task Executor #0] exec.FileSinkOperator: TOTAL_TABLE_ROWS_WRITTEN:1, RECORDS_OUT_OPERATOR_FS_4:1, RECORDS_OUT_INTERMEDIATE:0, RECORDS_OUT_1_default.nonacidnonbucket:1, 
2024-04-23T21:15:21,964  INFO [LocalJobRunner Map Task Executor #0] mapred.LocalJobRunner: 
2024-04-23T21:15:21,965  INFO [LocalJobRunner Map Task Executor #0] mapred.Task: Task:attempt_local1146039633_0024_m_000000_0 is done. And is in the process of committing
2024-04-23T21:15:21,965  INFO [LocalJobRunner Map Task Executor #0] mapred.LocalJobRunner: map
2024-04-23T21:15:21,965  INFO [LocalJobRunner Map Task Executor #0] mapred.Task: Task 'attempt_local1146039633_0024_m_000000_0' done.
2024-04-23T21:15:21,965  INFO [LocalJobRunner Map Task Executor #0] mapred.Task: Final Counters for attempt_local1146039633_0024_m_000000_0: Counters: 27
	File System Counters
		FILE: Number of bytes read=465299
		FILE: Number of bytes written=28246038
		FILE: Number of read operations=0
		FILE: Number of large read operations=0
		FILE: Number of write operations=0
	Map-Reduce Framework
		Map input records=4
		Map output records=0
		Input split bytes=361
		Spilled Records=0
		Failed Shuffles=0
		Merged Map outputs=0
		GC time elapsed (ms)=0
		Total committed heap usage (bytes)=1105199104
	HIVE
		CREATED_FILES=1
		DESERIALIZE_ERRORS=0
		RECORDS_IN=3
		RECORDS_OUT_1_default.nonacidnonbucket=1
		RECORDS_OUT_INTERMEDIATE=0
		RECORDS_OUT_OPERATOR_FS_4=1
		RECORDS_OUT_OPERATOR_MAP_0=0
		RECORDS_OUT_OPERATOR_SEL_1=1
		RECORDS_OUT_OPERATOR_SEL_3=1
		RECORDS_OUT_OPERATOR_TS_0=1
		RECORDS_OUT_OPERATOR_UDTF_2=1
		TOTAL_TABLE_ROWS_WRITTEN=1
	File Input Format Counters 
		Bytes Read=5855
	File Output Format Counters 
		Bytes Written=0
2024-04-23T21:15:21,965  INFO [LocalJobRunner Map Task Executor #0] mapred.LocalJobRunner: Finishing task: attempt_local1146039633_0024_m_000000_0
2024-04-23T21:15:21,965  INFO [Thread-1521] mapred.LocalJobRunner: map task executor complete.
2024-04-23T21:15:22,426  INFO [Metastore Scheduled Worker 0] metastore.HMSHandler: 11: Opening raw store with implementation class:org.apache.hadoop.hive.metastore.ObjectStore
2024-04-23T21:15:22,427  INFO [Metastore Scheduled Worker 0] metastore.ObjectStore: RawStore: org.apache.hadoop.hive.metastore.ObjectStore@1f00b955, with PersistenceManager: null will be shutdown
2024-04-23T21:15:22,427  INFO [Metastore Scheduled Worker 0] metastore.ObjectStore: RawStore: org.apache.hadoop.hive.metastore.ObjectStore@1f00b955, with PersistenceManager: org.datanucleus.api.jdo.JDOPersistenceManager@75f96a09 created in the thread with id: 44
2024-04-23T21:15:22,447  INFO [Metastore Scheduled Worker 0] metastore.HMSHandler: Created RawStore: org.apache.hadoop.hive.metastore.ObjectStore@1f00b955 from thread id: 44
2024-04-23 21:15:22,940 Stage-1 map = 100%,  reduce = 0%
2024-04-23T21:15:22,940  INFO [main] exec.Task: 2024-04-23 21:15:22,940 Stage-1 map = 100%,  reduce = 0%
Ended Job = job_local1146039633_0024
2024-04-23T21:15:22,941  INFO [main] exec.Task: Ended Job = job_local1146039633_0024
2024-04-23T21:15:22,943  INFO [main] ql.Driver: Starting task [Stage-7:CONDITIONAL] in serial mode
Stage-4 is selected by condition resolver.
2024-04-23T21:15:22,944  INFO [main] exec.Task: Stage-4 is selected by condition resolver.
Stage-3 is filtered out by condition resolver.
2024-04-23T21:15:22,944  INFO [main] exec.Task: Stage-3 is filtered out by condition resolver.
Stage-5 is filtered out by condition resolver.
2024-04-23T21:15:22,944  INFO [main] exec.Task: Stage-5 is filtered out by condition resolver.
2024-04-23T21:15:22,944  INFO [main] ql.Driver: Starting task [Stage-4:MOVE] in serial mode
Moving data to directory file:/home/alex/Repositories/hive/ql/target/tmp/org.apache.hadoop.hive.ql.TestTxnNoBuckets-1713932056679/warehouse/nonacidnonbucket/.hive-staging_hive_2024-04-23_21-15-21_514_6017109630597692275-1/-ext-10000
2024-04-23T21:15:22,944  INFO [main] exec.Task: Moving data to directory file:/home/alex/Repositories/hive/ql/target/tmp/org.apache.hadoop.hive.ql.TestTxnNoBuckets-1713932056679/warehouse/nonacidnonbucket/.hive-staging_hive_2024-04-23_21-15-21_514_6017109630597692275-1/-ext-10000 from file:/home/alex/Repositories/hive/ql/target/tmp/org.apache.hadoop.hive.ql.TestTxnNoBuckets-1713932056679/warehouse/nonacidnonbucket/.hive-staging_hive_2024-04-23_21-15-21_514_6017109630597692275-1/-ext-10002
2024-04-23T21:15:22,945  INFO [main] ql.Driver: Starting task [Stage-0:MOVE] in serial mode
Loading data to table default.nonacidnonbucket
2024-04-23T21:15:22,945  INFO [main] exec.Task: Loading data to table default.nonacidnonbucket from file:/home/alex/Repositories/hive/ql/target/tmp/org.apache.hadoop.hive.ql.TestTxnNoBuckets-1713932056679/warehouse/nonacidnonbucket/.hive-staging_hive_2024-04-23_21-15-21_514_6017109630597692275-1/-ext-10000
2024-04-23T21:15:22,945  INFO [main] HiveMetaStore.audit: ugi=alex	ip=unknown-ip-addr	cmd=get_table : tbl=hive.default.nonacidnonbucket	
2024-04-23T21:15:22,957  INFO [main] metastore.HMSHandler: Skipping translation for processor with null
2024-04-23T21:15:22,957  INFO [main] HiveMetaStore.audit: ugi=alex	ip=unknown-ip-addr	cmd=get_table : tbl=hive.default.nonacidnonbucket	
2024-04-23T21:15:22,967  INFO [main] metastore.HMSHandler: Skipping translation for processor with null
2024-04-23T21:15:22,969  WARN [main] metadata.Hive: Cannot get a table snapshot for nonacidnonbucket
2024-04-23T21:15:22,969  INFO [main] HiveMetaStore.audit: ugi=alex	ip=unknown-ip-addr	cmd=alter_table: hive.default.nonacidnonbucket newtbl=nonacidnonbucket	
2024-04-23T21:15:22,993  INFO [main] ql.Driver: Starting task [Stage-2:STATS] in serial mode
2024-04-23T21:15:22,993  INFO [main] HiveMetaStore.audit: ugi=alex	ip=unknown-ip-addr	cmd=get_table : tbl=hive.default.nonacidnonbucket	
2024-04-23T21:15:23,002  INFO [main] metastore.HMSHandler: Skipping translation for processor with null
2024-04-23T21:15:23,002  INFO [main] stats.BasicStatsTask: Executing stats task
2024-04-23T21:15:23,002  INFO [main] fs.FSStatsPublisher: created : file:/home/alex/Repositories/hive/ql/target/tmp/localscratchdir/0a9f8166-55a0-469d-8508-59e6c2b85f74/hive_2024-04-23_21-15-21_514_6017109630597692275-1/-mr-10001
2024-04-23T21:15:23,004  INFO [main] HiveMetaStore.audit: ugi=alex	ip=unknown-ip-addr	cmd=get_table : tbl=hive.default.nonacidnonbucket	
2024-04-23T21:15:23,012  INFO [main] metastore.HMSHandler: Skipping translation for processor with null
2024-04-23T21:15:23,013  INFO [main] FileOperations: Read stats for default.nonacidnonbucket/, numRows, true, 1, false: 
2024-04-23T21:15:23,013  INFO [main] FileOperations: Read stats for default.nonacidnonbucket/, rawDataSize, true, 8, false: 
2024-04-23T21:15:23,013  WARN [main] metadata.Hive: Cannot get a table snapshot for nonacidnonbucket
2024-04-23T21:15:23,013  INFO [main] HiveMetaStore.audit: ugi=alex	ip=unknown-ip-addr	cmd=alter_table: hive.default.nonacidnonbucket newtbl=nonacidnonbucket	
2024-04-23T21:15:23,037  INFO [main] stats.BasicStatsTask: Table default.nonacidnonbucket stats: [numFiles=3, numRows=7, totalSize=765, rawDataSize=56, numFilesErasureCoded=0]
2024-04-23T21:15:23,037  INFO [main] metadata.Hive: Dumping metastore api call timing information for : execution phase
2024-04-23T21:15:23,037  INFO [main] metadata.Hive: Total time spent in each metastore function (ms): {alter_table_(String, String, String, Table, EnvironmentContext, String)=48, getTable_(GetTableRequest)=40, isCompatibleWith_(Configuration)=0}
MapReduce Jobs Launched: 
2024-04-23T21:15:23,038  INFO [main] ql.Driver: MapReduce Jobs Launched: 
Stage-Stage-1:  HDFS Read: 0 HDFS Write: 0 SUCCESS
2024-04-23T21:15:23,038  INFO [main] ql.Driver: Stage-Stage-1:  HDFS Read: 0 HDFS Write: 0 SUCCESS
Total MapReduce CPU Time Spent: 0 msec
2024-04-23T21:15:23,038  INFO [main] ql.Driver: Total MapReduce CPU Time Spent: 0 msec
2024-04-23T21:15:23,038  INFO [main] ql.Driver: Completed executing command(queryId=alex_20240423211521_c33b2b1f-ed43-41d5-aa26-e89929444f54); Time taken: 1.351 seconds
2024-04-23T21:15:23,038  INFO [main] lockmgr.DbTxnManager: Stopped heartbeat for query: alex_20240423211521_c33b2b1f-ed43-41d5-aa26-e89929444f54
2024-04-23T21:15:23,042  INFO [main] txn.TxnHandler: Expected to move at least one record from txn_components to completed_txn_components when committing txn! txnid:15
2024-04-23T21:15:23,048  INFO [main] txn.TxnHandler: Removed transactions: ([15]) from MIN_HISTORY_LEVEL
2024-04-23T21:15:23,048  WARN [main] txn.CompactionTxnHandler: No compaction queue record found for Compaction type transaction commit. txnId:15
2024-04-23T21:15:23,049  INFO [main] ql.TxnCommandsBaseForTests: Running the query: alter table nonAcidNonBucket SET TBLPROPERTIES ('transactional'='true', 'transactional_properties'='default')
2024-04-23T21:15:23,049  INFO [main] ql.Context: Deleting scratch dir: file:/home/alex/Repositories/hive/ql/target/tmp/localscratchdir/0a9f8166-55a0-469d-8508-59e6c2b85f74/hive_2024-04-23_21-15-21_514_6017109630597692275-1
2024-04-23T21:15:23,050  INFO [main] cleanup.SyncCleanupService: Deleted directory: file:/home/alex/Repositories/hive/ql/target/tmp/localscratchdir/0a9f8166-55a0-469d-8508-59e6c2b85f74/hive_2024-04-23_21-15-21_514_6017109630597692275-1 on fs with scheme file
2024-04-23T21:15:23,050  INFO [main] ql.Context: Deleting scratch dir: file:/home/alex/Repositories/hive/ql/target/tmp/org.apache.hadoop.hive.ql.TestTxnNoBuckets-1713932056679/warehouse/nonacidnonbucket/.hive-staging_hive_2024-04-23_21-15-21_514_6017109630597692275-1
2024-04-23T21:15:23,051  INFO [main] cleanup.SyncCleanupService: Deleted directory: file:/home/alex/Repositories/hive/ql/target/tmp/org.apache.hadoop.hive.ql.TestTxnNoBuckets-1713932056679/warehouse/nonacidnonbucket/.hive-staging_hive_2024-04-23_21-15-21_514_6017109630597692275-1 on fs with scheme file
2024-04-23T21:15:23,051  INFO [main] ql.Driver: Compiling command(queryId=alex_20240423211523_1c823739-f58f-4ab5-bb3c-0bcaac4d64d1): alter table nonAcidNonBucket SET TBLPROPERTIES ('transactional'='true', 'transactional_properties'='default')
2024-04-23T21:15:23,055  INFO [main] txn.TxnHandler: Added entries to MIN_HISTORY_LEVEL for current txns: ([16]) with min_open_txn: 16
2024-04-23T21:15:23,056  INFO [main] lockmgr.DbTxnManager: Opened txnid:16
2024-04-23T21:15:23,057  INFO [main] HiveMetaStore.audit: ugi=alex	ip=unknown-ip-addr	cmd=get_table : tbl=hive.default.nonAcidNonBucket	
2024-04-23T21:15:23,066  INFO [main] metastore.HMSHandler: Skipping translation for processor with null
2024-04-23T21:15:23,067  INFO [main] HiveMetaStore.audit: ugi=alex	ip=unknown-ip-addr	cmd=get_table : tbl=hive.default.nonAcidNonBucket	
2024-04-23T21:15:23,075  INFO [main] metastore.HMSHandler: Skipping translation for processor with null
2024-04-23T21:15:23,075  INFO [main] ql.Driver: Semantic Analysis Completed (retrial = false)
2024-04-23T21:15:23,075  INFO [main] ql.Driver: Created Hive schema: Schema(fieldSchemas:null, properties:null)
2024-04-23T21:15:23,076  INFO [main] metadata.Hive: Dumping metastore api call timing information for : compilation phase
2024-04-23T21:15:23,076  INFO [main] metadata.Hive: Total time spent in each metastore function (ms): {openTxn_(String, TxnType)=4, getValidTxns_(long)=1, getTable_(GetTableRequest)=18, flushCache_()=0, isCompatibleWith_(Configuration)=0, commitTxn_(CommitTxnRequest)=11}
2024-04-23T21:15:23,076  INFO [main] ql.Driver: Completed compiling command(queryId=alex_20240423211523_1c823739-f58f-4ab5-bb3c-0bcaac4d64d1); Time taken: 0.024 seconds
2024-04-23T21:15:23,076  INFO [main] lockmgr.DbTxnManager: Setting lock request transaction to txnid:16 for queryId=alex_20240423211523_1c823739-f58f-4ab5-bb3c-0bcaac4d64d1
2024-04-23T21:15:23,077  INFO [main] lockmgr.DbLockManager: Requesting lock for queryId=alex_20240423211523_1c823739-f58f-4ab5-bb3c-0bcaac4d64d1
2024-04-23T21:15:23,093  INFO [main] lockmgr.DbLockManager: Response to queryId=alex_20240423211523_1c823739-f58f-4ab5-bb3c-0bcaac4d64d1 LockResponse(lockid:10, state:ACQUIRED)
2024-04-23T21:15:23,093  INFO [main] ql.Driver: Operation ALTERTABLE_PROPERTIES obtained 1 locks
2024-04-23T21:15:23,093  INFO [main] ql.Driver: Executing command(queryId=alex_20240423211523_1c823739-f58f-4ab5-bb3c-0bcaac4d64d1): alter table nonAcidNonBucket SET TBLPROPERTIES ('transactional'='true', 'transactional_properties'='default')
2024-04-23T21:15:23,093  INFO [main] ql.Driver: Starting task [Stage-0:DDL] in serial mode
2024-04-23T21:15:23,095  INFO [main] HiveMetaStore.audit: ugi=alex	ip=unknown-ip-addr	cmd=get_table : tbl=hive.default.nonAcidNonBucket	
2024-04-23T21:15:23,105  INFO [main] metastore.HMSHandler: Skipping translation for processor with null
2024-04-23T21:15:23,110  INFO [main] HiveMetaStore.audit: ugi=alex	ip=unknown-ip-addr	cmd=alter_table: hive.default.nonAcidNonBucket newtbl=nonacidnonbucket	
2024-04-23T21:15:23,150  INFO [main] metadata.Hive: Dumping metastore api call timing information for : execution phase
2024-04-23T21:15:23,150  INFO [main] metadata.Hive: Total time spent in each metastore function (ms): {isCompatibleWith_(Configuration)=1, getTable_(GetTableRequest)=10, alter_table_(String, String, String, Table, EnvironmentContext, String)=40, getValidWriteIds_(List, String)=3}
2024-04-23T21:15:23,151  INFO [main] ql.Driver: Completed executing command(queryId=alex_20240423211523_1c823739-f58f-4ab5-bb3c-0bcaac4d64d1); Time taken: 0.057 seconds
2024-04-23T21:15:23,151  INFO [main] lockmgr.DbTxnManager: Stopped heartbeat for query: alex_20240423211523_1c823739-f58f-4ab5-bb3c-0bcaac4d64d1
2024-04-23T21:15:23,155  INFO [main] txn.TxnHandler: Expected to move at least one record from txn_components to completed_txn_components when committing txn! txnid:16
2024-04-23T21:15:23,161  INFO [main] txn.TxnHandler: Removed transactions: ([16]) from MIN_HISTORY_LEVEL
2024-04-23T21:15:23,161  WARN [main] txn.CompactionTxnHandler: No compaction queue record found for Compaction type transaction commit. txnId:16
2024-04-23T21:15:23,162  INFO [main] ql.TxnCommandsBaseForTests: Running the query: select ROW__ID, a, b, INPUT__FILE__NAME from nonAcidNonBucket order by ROW__ID
2024-04-23T21:15:23,162  INFO [main] ql.Driver: Compiling command(queryId=alex_20240423211523_dbe0b3e3-34a9-40f4-ac18-f571b3512f9b): select ROW__ID, a, b, INPUT__FILE__NAME from nonAcidNonBucket order by ROW__ID
2024-04-23T21:15:23,165  INFO [main] txn.TxnHandler: Added entries to MIN_HISTORY_LEVEL for current txns: ([17]) with min_open_txn: 16
2024-04-23T21:15:23,166  INFO [main] lockmgr.DbTxnManager: Opened txnid:17
2024-04-23T21:15:23,166  INFO [main] parse.CalcitePlanner: Starting caching scope for: 
2024-04-23T21:15:23,166  INFO [main] parse.CalcitePlanner: Starting Semantic Analysis
2024-04-23T21:15:23,169  INFO [main] parse.CalcitePlanner: Completed phase 1 of Semantic Analysis
2024-04-23T21:15:23,169  INFO [main] parse.CalcitePlanner: Get metadata for source tables
2024-04-23T21:15:23,172  INFO [main] HiveMetaStore.audit: ugi=alex	ip=unknown-ip-addr	cmd=get_table : tbl=hive.default.nonacidnonbucket	
2024-04-23T21:15:23,178  INFO [main] metastore.HMSHandler: Skipping translation for processor with null
2024-04-23T21:15:23,179  INFO [main] parse.CalcitePlanner: Get metadata for subqueries
2024-04-23T21:15:23,179  INFO [main] parse.CalcitePlanner: Get metadata for destination tables
2024-04-23T21:15:23,179  INFO [main] parse.CalcitePlanner: Completed getting MetaData in Semantic Analysis
2024-04-23T21:15:23,190  INFO [main] HiveMetaStore.audit: ugi=alex	ip=unknown-ip-addr	cmd=get_all_table_constraints : tbl=hive.default.nonacidnonbucket	
2024-04-23T21:15:23,226  INFO [main] calcite.RelOptHiveTable: Calculating column statistics for default.nonacidnonbucket, projIndxSet: [0, 1], allowMissingStats: true
2024-04-23T21:15:23,227  INFO [main] HiveMetaStore.audit: ugi=alex	ip=unknown-ip-addr	cmd=get_table_statistics_req: table=hive.default.nonacidnonbucket	
2024-04-23T21:15:23,240  WARN [main] calcite.RelOptHiveTable: No Stats for default@nonacidnonbucket, Columns: a, b
No Stats for default@nonacidnonbucket, Columns: a, b
2024-04-23T21:15:23,240  INFO [main] SessionState: No Stats for default@nonacidnonbucket, Columns: a, b
2024-04-23T21:15:23,285  INFO [main] parse.CalcitePlanner: Get metadata for source tables
2024-04-23T21:15:23,285  INFO [main] parse.CalcitePlanner: Get metadata for subqueries
2024-04-23T21:15:23,285  INFO [main] parse.CalcitePlanner: Get metadata for destination tables
2024-04-23T21:15:23,286  INFO [main] common.FileUtils: Creating directory if it doesn't exist: file:/home/alex/Repositories/hive/ql/target/tmp/localscratchdir/0a9f8166-55a0-469d-8508-59e6c2b85f74/hive_2024-04-23_21-15-23_162_2577227543903550661-1/-mr-10001/.hive-staging_hive_2024-04-23_21-15-23_162_2577227543903550661-1
2024-04-23T21:15:23,294  INFO [main] parse.CalcitePlanner: CBO Succeeded; optimized logical plan.
2024-04-23T21:15:23,297  INFO [main] optimizer.ColumnPrunerProcFactory: RS 2 oldColExprMap: {KEY.reducesinkkey0=Column[_col0], VALUE._col0=Column[_col1], VALUE._col2=Column[_col3], VALUE._col1=Column[_col2]}
2024-04-23T21:15:23,297  INFO [main] optimizer.ColumnPrunerProcFactory: RS 2 newColExprMap: {VALUE._col0=Column[_col1], VALUE._col2=Column[_col3], VALUE._col1=Column[_col2], KEY.reducesinkkey0=Column[_col0]}
2024-04-23T21:15:23,298  INFO [main] optimizer.BucketVersionPopulator: not considering bucketingVersion for: TS[0] because it has -1<2 buckets 
2024-04-23T21:15:23,299  INFO [main] optimizer.SortedDynPartitionOptimizer: Sorted dynamic partitioning optimization kicked in..
2024-04-23T21:15:23,309  INFO [main] parse.CalcitePlanner: Completed plan generation
2024-04-23T21:15:23,309  INFO [main] parse.CalcitePlanner: Ending caching scope for: 
2024-04-23T21:15:23,309  INFO [main] ql.Driver: Semantic Analysis Completed (retrial = false)
2024-04-23T21:15:23,309  INFO [main] ql.Driver: Created Hive schema: Schema(fieldSchemas:[FieldSchema(name:row__id, type:struct<writeid:bigint,bucketid:int,rowid:bigint>, comment:null), FieldSchema(name:a, type:int, comment:null), FieldSchema(name:b, type:int, comment:null), FieldSchema(name:input__file__name, type:string, comment:null)], properties:null)
2024-04-23T21:15:23,310  INFO [main] exec.ListSinkOperator: Initializing Operator: LIST_SINK[5]
2024-04-23T21:15:23,311  INFO [main] metadata.Hive: Dumping metastore api call timing information for : compilation phase
2024-04-23T21:15:23,311  INFO [main] metadata.Hive: Total time spent in each metastore function (ms): {getValidWriteIds_(List, String)=4, openTxn_(String, TxnType)=3, getValidTxns_(long)=0, commitTxn_(CommitTxnRequest)=11, getTableColumnStatistics_(String, String, List, String)=12, getAllTableConstraints_(AllTableConstraintsRequest)=31, flushCache_()=0, getTable_(GetTableRequest)=7, isCompatibleWith_(Configuration)=0}
2024-04-23T21:15:23,311  INFO [main] ql.Driver: Completed compiling command(queryId=alex_20240423211523_dbe0b3e3-34a9-40f4-ac18-f571b3512f9b); Time taken: 0.149 seconds
2024-04-23T21:15:23,311  INFO [main] lockmgr.DbTxnManager: Setting lock request transaction to txnid:17 for queryId=alex_20240423211523_dbe0b3e3-34a9-40f4-ac18-f571b3512f9b
2024-04-23T21:15:23,312  INFO [main] lockmgr.DbLockManager: Requesting lock for queryId=alex_20240423211523_dbe0b3e3-34a9-40f4-ac18-f571b3512f9b
2024-04-23T21:15:23,331  INFO [main] lockmgr.DbLockManager: Response to queryId=alex_20240423211523_dbe0b3e3-34a9-40f4-ac18-f571b3512f9b LockResponse(lockid:11, state:ACQUIRED)
2024-04-23T21:15:23,331  INFO [main] ql.Driver: Operation QUERY obtained 1 locks
2024-04-23T21:15:23,331  INFO [main] ql.Driver: Executing command(queryId=alex_20240423211523_dbe0b3e3-34a9-40f4-ac18-f571b3512f9b): select ROW__ID, a, b, INPUT__FILE__NAME from nonAcidNonBucket order by ROW__ID
2024-04-23T21:15:23,332  WARN [main] ql.Driver: Hive-on-MR is deprecated in Hive 2 and may not be available in the future versions. Consider using a different execution engine (i.e. tez, spark) or using Hive 1.X releases.
Query ID = alex_20240423211523_dbe0b3e3-34a9-40f4-ac18-f571b3512f9b
2024-04-23T21:15:23,332  INFO [main] ql.Driver: Query ID = alex_20240423211523_dbe0b3e3-34a9-40f4-ac18-f571b3512f9b
Total jobs = 1
2024-04-23T21:15:23,332  INFO [main] ql.Driver: Total jobs = 1
Launching Job 1 out of 1
2024-04-23T21:15:23,332  INFO [main] ql.Driver: Launching Job 1 out of 1
2024-04-23T21:15:23,462  INFO [main] ql.Driver: Starting task [Stage-1:MAPRED] in serial mode
Number of reduce tasks determined at compile time: 1
2024-04-23T21:15:23,462  INFO [main] exec.Task: Number of reduce tasks determined at compile time: 1
In order to change the average load for a reducer (in bytes):
2024-04-23T21:15:23,462  INFO [main] exec.Task: In order to change the average load for a reducer (in bytes):
  set hive.exec.reducers.bytes.per.reducer=<number>
2024-04-23T21:15:23,462  INFO [main] exec.Task:   set hive.exec.reducers.bytes.per.reducer=<number>
In order to limit the maximum number of reducers:
2024-04-23T21:15:23,462  INFO [main] exec.Task: In order to limit the maximum number of reducers:
  set hive.exec.reducers.max=<number>
2024-04-23T21:15:23,463  INFO [main] exec.Task:   set hive.exec.reducers.max=<number>
In order to set a constant number of reducers:
2024-04-23T21:15:23,463  INFO [main] exec.Task: In order to set a constant number of reducers:
  set mapreduce.job.reduces=<number>
2024-04-23T21:15:23,463  INFO [main] exec.Task:   set mapreduce.job.reduces=<number>
2024-04-23T21:15:23,465  INFO [main] mr.ExecDriver: Using org.apache.hadoop.hive.ql.io.HiveInputFormat
2024-04-23T21:15:23,465  INFO [main] exec.Utilities: Processing alias nonacidnonbucket
2024-04-23T21:15:23,465  INFO [main] exec.Utilities: Adding 1 inputs; the first input is file:/home/alex/Repositories/hive/ql/target/tmp/org.apache.hadoop.hive.ql.TestTxnNoBuckets-1713932056679/warehouse/nonacidnonbucket
2024-04-23T21:15:23,474  INFO [main] exec.SerializationUtilities: Serializing MapWork using kryo
2024-04-23T21:15:23,475  INFO [main] exec.Utilities: Serialized plan (via FILE) - name: null size: 4,98KB
2024-04-23T21:15:23,480  INFO [main] exec.SerializationUtilities: Serializing ReduceWork using kryo
2024-04-23T21:15:23,481  INFO [main] exec.Utilities: Serialized plan (via FILE) - name: null size: 6,10KB
2024-04-23T21:15:23,483  WARN [main] impl.MetricsSystemImpl: JobTracker metrics system already initialized!
2024-04-23T21:15:23,490  WARN [main] impl.MetricsSystemImpl: JobTracker metrics system already initialized!
2024-04-23T21:15:23,499  WARN [main] mapreduce.JobResourceUploader: Hadoop command-line option parsing not performed. Implement the Tool interface and execute your application with ToolRunner to remedy this.
2024-04-23T21:15:23,504  WARN [main] mapreduce.JobResourceUploader: No job jar file set.  User classes may not be found. See Job or Job#setJar(String).
2024-04-23T21:15:23,505  INFO [main] io.HiveInputFormat: hive.io.file.readcolumn.ids = 0,1
2024-04-23T21:15:23,505  INFO [main] io.HiveInputFormat: hive.io.file.readcolumn.names = a,b
2024-04-23T21:15:23,505  INFO [main] io.HiveInputFormat: Generating splits for dirs: file:/home/alex/Repositories/hive/ql/target/tmp/org.apache.hadoop.hive.ql.TestTxnNoBuckets-1713932056679/warehouse/nonacidnonbucket
2024-04-23T21:15:23,505  INFO [main] orc.OrcInputFormat: getSplits started
2024-04-23T21:15:23,505  INFO [main] orc.OrcInputFormat: Context:: isAcid: true isVectorMode: false sarg: null minSplitSize: 1 maxSplitSize: 256000000 splitStrategy: HYBRID footerInSplits: false numBuckets: 0 numThreads: 10 cacheMemSize: 268435456 cacheStripeDetails: true useSoftReference: false writeIdList: default.nonacidnonbucket:10000000:9223372036854775807:: isTransactionalTable: true txnProperties: default 
2024-04-23T21:15:23,505  INFO [main] orc.OrcInputFormat: ORC pushdown predicate: null
2024-04-23T21:15:23,514  INFO [main] orc.OrcInputFormat: FooterCacheHitRatio: 0/3
2024-04-23T21:15:23,514  INFO [main] orc.OrcInputFormat: getSplits finished (#splits: 3). duration: 9 ms
2024-04-23T21:15:23,514  INFO [main] io.HiveInputFormat: number of splits 3
2024-04-23T21:15:23,532  INFO [main] mapreduce.JobSubmitter: number of splits:3
2024-04-23T21:15:23,551  INFO [main] mapreduce.JobSubmitter: Submitting tokens for job: job_local1613131155_0025
2024-04-23T21:15:23,551  INFO [main] mapreduce.JobSubmitter: Executing with tokens: []
2024-04-23T21:15:23,611  INFO [main] mapreduce.Job: The url to track the job: http://localhost:8080/
Job running in-process (local Hadoop)
2024-04-23T21:15:23,611  INFO [main] exec.Task: Job running in-process (local Hadoop)
2024-04-23T21:15:23,612  INFO [Thread-1569] mapred.LocalJobRunner: OutputCommitter set in config org.apache.hadoop.hive.ql.io.HiveFileFormatUtils$NullOutputCommitter
2024-04-23T21:15:23,612  INFO [Thread-1569] mapred.LocalJobRunner: OutputCommitter is org.apache.hadoop.hive.ql.io.HiveFileFormatUtils$NullOutputCommitter
2024-04-23T21:15:23,614  INFO [Thread-1569] mapred.LocalJobRunner: Waiting for map tasks
2024-04-23T21:15:23,614  INFO [LocalJobRunner Map Task Executor #0] mapred.LocalJobRunner: Starting task: attempt_local1613131155_0025_m_000000_0
2024-04-23T21:15:23,615  INFO [LocalJobRunner Map Task Executor #0] mapred.Task:  Using ResourceCalculatorProcessTree : [ ]
2024-04-23T21:15:23,615  INFO [LocalJobRunner Map Task Executor #0] mapred.MapTask: Processing split: org.apache.hadoop.hive.ql.io.orc.OrcInputFormat:OrcSplit [file:/home/alex/Repositories/hive/ql/target/tmp/org.apache.hadoop.hive.ql.TestTxnNoBuckets-1713932056679/warehouse/nonacidnonbucket/000000_0_copy_1, start=0, length=257, isOriginal=true, fileLength=257, hasFooter=false, hasBase=true, deltas=0]
2024-04-23T21:15:23,616  INFO [LocalJobRunner Map Task Executor #0] exec.SerializationUtilities: Deserializing MapWork using kryo
2024-04-23T21:15:23,616  INFO [LocalJobRunner Map Task Executor #0] exec.Utilities: Deserialized plan (via FILE) - name: null size: 4,98KB
2024-04-23T21:15:23,618  INFO [LocalJobRunner Map Task Executor #0] orc.OrcRawRecordMerger: min key = null, max key = null
2024-04-23T21:15:23,619  INFO [LocalJobRunner Map Task Executor #0] orc.ReaderImpl: Reading ORC rows from file:/home/alex/Repositories/hive/ql/target/tmp/org.apache.hadoop.hive.ql.TestTxnNoBuckets-1713932056679/warehouse/nonacidnonbucket/000000_0_copy_1 with {include: [true, true, true], offset: 0, length: 257, schema: struct<a:int,b:int>, includeAcidColumns: true}
2024-04-23T21:15:23,629  INFO [LocalJobRunner Map Task Executor #0] orc.OrcRawRecordMerger: updated min key = null, max key = null
2024-04-23T21:15:23,630  INFO [LocalJobRunner Map Task Executor #0] mapred.MapTask: numReduceTasks: 1
2024-04-23T21:15:23,637  INFO [LocalJobRunner Map Task Executor #0] mapred.MapTask: (EQUATOR) 0 kvi 26214396(104857584)
2024-04-23T21:15:23,637  INFO [LocalJobRunner Map Task Executor #0] mapred.MapTask: mapreduce.task.io.sort.mb: 100
2024-04-23T21:15:23,637  INFO [LocalJobRunner Map Task Executor #0] mapred.MapTask: soft limit at 83886080
2024-04-23T21:15:23,637  INFO [LocalJobRunner Map Task Executor #0] mapred.MapTask: bufstart = 0; bufvoid = 104857600
2024-04-23T21:15:23,637  INFO [LocalJobRunner Map Task Executor #0] mapred.MapTask: kvstart = 26214396; length = 6553600
2024-04-23T21:15:23,637  INFO [LocalJobRunner Map Task Executor #0] mapred.MapTask: Map output collector class = org.apache.hadoop.mapred.MapTask$MapOutputBuffer
2024-04-23T21:15:23,638  INFO [LocalJobRunner Map Task Executor #0] exec.MapOperator: Initializing Operator: MAP[0]
2024-04-23T21:15:23,639  INFO [LocalJobRunner Map Task Executor #0] mr.ExecMapper: 
<MAP>Id =0
  <Children>null
  <\Children>
  <Parent><\Parent>
<\MAP>
2024-04-23T21:15:23,640  INFO [LocalJobRunner Map Task Executor #0] exec.TableScanOperator: Initializing Operator: TS[0]
2024-04-23T21:15:23,640  INFO [LocalJobRunner Map Task Executor #0] exec.SelectOperator: Initializing Operator: SEL[1]
2024-04-23T21:15:23,640  INFO [LocalJobRunner Map Task Executor #0] exec.SelectOperator: SELECT struct<a:int,b:int,row__id:struct<writeid:bigint,bucketid:int,rowid:bigint>,input__file__name:string>
2024-04-23T21:15:23,640  INFO [LocalJobRunner Map Task Executor #0] exec.ReduceSinkOperator: Initializing Operator: RS[2]
2024-04-23T21:15:23,640  INFO [LocalJobRunner Map Task Executor #0] exec.ReduceSinkOperator: Using tag = -1
2024-04-23T21:15:23,640  INFO [LocalJobRunner Map Task Executor #0] exec.ReduceSinkOperator: keys are [reducesinkkey0] num distributions: 1
2024-04-23T21:15:23,640  INFO [LocalJobRunner Map Task Executor #0] exec.ReduceSinkOperator: RS[2]: records written - 1
2024-04-23T21:15:23,640  INFO [LocalJobRunner Map Task Executor #0] exec.MapOperator: MAP[0]: records read - 1
2024-04-23T21:15:23,641  INFO [LocalJobRunner Map Task Executor #0] exec.MapOperator: Closing Operator: MAP[0]
2024-04-23T21:15:23,641  INFO [LocalJobRunner Map Task Executor #0] exec.MapOperator: MAP[0]: Total records read - 4. abort - false
2024-04-23T21:15:23,641  INFO [LocalJobRunner Map Task Executor #0] exec.MapOperator: DESERIALIZE_ERRORS:0, RECORDS_IN:4, RECORDS_OUT_OPERATOR_MAP_0:0, RECORDS_OUT_INTERMEDIATE:0, 
2024-04-23T21:15:23,641  INFO [LocalJobRunner Map Task Executor #0] exec.TableScanOperator: Closing Operator: TS[0]
2024-04-23T21:15:23,641  INFO [LocalJobRunner Map Task Executor #0] exec.TableScanOperator: RECORDS_OUT_OPERATOR_TS_0:4, RECORDS_OUT_INTERMEDIATE:0, 
2024-04-23T21:15:23,641  INFO [LocalJobRunner Map Task Executor #0] exec.SelectOperator: Closing Operator: SEL[1]
2024-04-23T21:15:23,641  INFO [LocalJobRunner Map Task Executor #0] exec.SelectOperator: RECORDS_OUT_INTERMEDIATE:0, RECORDS_OUT_OPERATOR_SEL_1:4, 
2024-04-23T21:15:23,641  INFO [LocalJobRunner Map Task Executor #0] exec.ReduceSinkOperator: Closing Operator: RS[2]
2024-04-23T21:15:23,641  INFO [LocalJobRunner Map Task Executor #0] exec.ReduceSinkOperator: RS[2]: Total records written - 4. abort - false
2024-04-23T21:15:23,641  INFO [LocalJobRunner Map Task Executor #0] exec.ReduceSinkOperator: RECORDS_OUT_OPERATOR_RS_2:4, RECORDS_OUT_INTERMEDIATE:4, 
2024-04-23T21:15:23,642  INFO [LocalJobRunner Map Task Executor #0] mapred.LocalJobRunner: 
2024-04-23T21:15:23,642  INFO [LocalJobRunner Map Task Executor #0] mapred.MapTask: Starting flush of map output
2024-04-23T21:15:23,642  INFO [LocalJobRunner Map Task Executor #0] mapred.MapTask: Spilling map output
2024-04-23T21:15:23,642  INFO [LocalJobRunner Map Task Executor #0] mapred.MapTask: bufstart = 0; bufend = 740; bufvoid = 104857600
2024-04-23T21:15:23,642  INFO [LocalJobRunner Map Task Executor #0] mapred.MapTask: kvstart = 26214396(104857584); kvend = 26214384(104857536); length = 13/6553600
2024-04-23T21:15:23,653  INFO [LocalJobRunner Map Task Executor #0] mapred.MapTask: Finished spill 0
2024-04-23T21:15:23,656  INFO [LocalJobRunner Map Task Executor #0] mapred.Task: Task:attempt_local1613131155_0025_m_000000_0 is done. And is in the process of committing
2024-04-23T21:15:23,656  INFO [LocalJobRunner Map Task Executor #0] mapred.LocalJobRunner: OrcSplit [file:/home/alex/Repositories/hive/ql/target/tmp/org.apache.hadoop.hive.ql.TestTxnNoBuckets-1713932056679/warehouse/nonacidnonbucket/000000_0_copy_1, start=0, length=257, isOriginal=true, fileLength=257, hasFooter=false, hasBase=true, deltas=0]
2024-04-23T21:15:23,656  INFO [LocalJobRunner Map Task Executor #0] mapred.Task: Task 'attempt_local1613131155_0025_m_000000_0' done.
2024-04-23T21:15:23,656  INFO [LocalJobRunner Map Task Executor #0] mapred.Task: Final Counters for attempt_local1613131155_0025_m_000000_0: Counters: 24
	File System Counters
		FILE: Number of bytes read=473352
		FILE: Number of bytes written=29427248
		FILE: Number of read operations=0
		FILE: Number of large read operations=0
		FILE: Number of write operations=0
	Map-Reduce Framework
		Map input records=4
		Map output records=4
		Map output bytes=740
		Map output materialized bytes=758
		Input split bytes=489
		Combine input records=0
		Spilled Records=4
		Failed Shuffles=0
		Merged Map outputs=0
		GC time elapsed (ms)=0
		Total committed heap usage (bytes)=1105199104
	HIVE
		DESERIALIZE_ERRORS=0
		RECORDS_IN=4
		RECORDS_OUT_INTERMEDIATE=4
		RECORDS_OUT_OPERATOR_MAP_0=0
		RECORDS_OUT_OPERATOR_RS_2=4
		RECORDS_OUT_OPERATOR_SEL_1=4
		RECORDS_OUT_OPERATOR_TS_0=4
	File Input Format Counters 
		Bytes Read=6401
2024-04-23T21:15:23,657  INFO [LocalJobRunner Map Task Executor #0] mapred.LocalJobRunner: Finishing task: attempt_local1613131155_0025_m_000000_0
2024-04-23T21:15:23,657  INFO [LocalJobRunner Map Task Executor #0] mapred.LocalJobRunner: Starting task: attempt_local1613131155_0025_m_000001_0
2024-04-23T21:15:23,657  INFO [LocalJobRunner Map Task Executor #0] mapred.Task:  Using ResourceCalculatorProcessTree : [ ]
2024-04-23T21:15:23,658  INFO [LocalJobRunner Map Task Executor #0] mapred.MapTask: Processing split: org.apache.hadoop.hive.ql.io.orc.OrcInputFormat:OrcSplit [file:/home/alex/Repositories/hive/ql/target/tmp/org.apache.hadoop.hive.ql.TestTxnNoBuckets-1713932056679/warehouse/nonacidnonbucket/000000_0, start=0, length=254, isOriginal=true, fileLength=254, hasFooter=false, hasBase=true, deltas=0]
2024-04-23T21:15:23,658  INFO [LocalJobRunner Map Task Executor #0] exec.SerializationUtilities: Deserializing MapWork using kryo
2024-04-23T21:15:23,659  INFO [LocalJobRunner Map Task Executor #0] exec.Utilities: Deserialized plan (via FILE) - name: null size: 4,98KB
2024-04-23T21:15:23,660  INFO [LocalJobRunner Map Task Executor #0] orc.OrcRawRecordMerger: min key = null, max key = null
2024-04-23T21:15:23,660  INFO [LocalJobRunner Map Task Executor #0] orc.ReaderImpl: Reading ORC rows from file:/home/alex/Repositories/hive/ql/target/tmp/org.apache.hadoop.hive.ql.TestTxnNoBuckets-1713932056679/warehouse/nonacidnonbucket/000000_0 with {include: [true, true, true], offset: 0, length: 254, schema: struct<a:int,b:int>, includeAcidColumns: true}
2024-04-23T21:15:23,669  INFO [LocalJobRunner Map Task Executor #0] orc.OrcRawRecordMerger: updated min key = null, max key = null
2024-04-23T21:15:23,669  INFO [LocalJobRunner Map Task Executor #0] mapred.MapTask: numReduceTasks: 1
2024-04-23T21:15:23,674  INFO [LocalJobRunner Map Task Executor #0] mapred.MapTask: (EQUATOR) 0 kvi 26214396(104857584)
2024-04-23T21:15:23,674  INFO [LocalJobRunner Map Task Executor #0] mapred.MapTask: mapreduce.task.io.sort.mb: 100
2024-04-23T21:15:23,674  INFO [LocalJobRunner Map Task Executor #0] mapred.MapTask: soft limit at 83886080
2024-04-23T21:15:23,674  INFO [LocalJobRunner Map Task Executor #0] mapred.MapTask: bufstart = 0; bufvoid = 104857600
2024-04-23T21:15:23,674  INFO [LocalJobRunner Map Task Executor #0] mapred.MapTask: kvstart = 26214396; length = 6553600
2024-04-23T21:15:23,675  INFO [LocalJobRunner Map Task Executor #0] mapred.MapTask: Map output collector class = org.apache.hadoop.mapred.MapTask$MapOutputBuffer
2024-04-23T21:15:23,675  INFO [LocalJobRunner Map Task Executor #0] exec.MapOperator: Initializing Operator: MAP[0]
2024-04-23T21:15:23,676  INFO [LocalJobRunner Map Task Executor #0] mr.ExecMapper: 
<MAP>Id =0
  <Children>null
  <\Children>
  <Parent><\Parent>
<\MAP>
2024-04-23T21:15:23,677  INFO [LocalJobRunner Map Task Executor #0] exec.TableScanOperator: Initializing Operator: TS[0]
2024-04-23T21:15:23,677  INFO [LocalJobRunner Map Task Executor #0] exec.SelectOperator: Initializing Operator: SEL[1]
2024-04-23T21:15:23,677  INFO [LocalJobRunner Map Task Executor #0] exec.SelectOperator: SELECT struct<a:int,b:int,row__id:struct<writeid:bigint,bucketid:int,rowid:bigint>,input__file__name:string>
2024-04-23T21:15:23,677  INFO [LocalJobRunner Map Task Executor #0] exec.ReduceSinkOperator: Initializing Operator: RS[2]
2024-04-23T21:15:23,677  INFO [LocalJobRunner Map Task Executor #0] exec.ReduceSinkOperator: Using tag = -1
2024-04-23T21:15:23,677  INFO [LocalJobRunner Map Task Executor #0] exec.ReduceSinkOperator: keys are [reducesinkkey0] num distributions: 1
2024-04-23T21:15:23,677  INFO [LocalJobRunner Map Task Executor #0] exec.ReduceSinkOperator: RS[2]: records written - 1
2024-04-23T21:15:23,677  INFO [LocalJobRunner Map Task Executor #0] exec.MapOperator: MAP[0]: records read - 1
2024-04-23T21:15:23,678  INFO [LocalJobRunner Map Task Executor #0] exec.MapOperator: Closing Operator: MAP[0]
2024-04-23T21:15:23,678  INFO [LocalJobRunner Map Task Executor #0] exec.MapOperator: MAP[0]: Total records read - 2. abort - false
2024-04-23T21:15:23,678  INFO [LocalJobRunner Map Task Executor #0] exec.MapOperator: RECORDS_OUT_OPERATOR_MAP_0:0, RECORDS_OUT_INTERMEDIATE:0, RECORDS_IN:2, DESERIALIZE_ERRORS:0, 
2024-04-23T21:15:23,678  INFO [LocalJobRunner Map Task Executor #0] exec.TableScanOperator: Closing Operator: TS[0]
2024-04-23T21:15:23,678  INFO [LocalJobRunner Map Task Executor #0] exec.TableScanOperator: RECORDS_OUT_INTERMEDIATE:0, RECORDS_OUT_OPERATOR_TS_0:2, 
2024-04-23T21:15:23,678  INFO [LocalJobRunner Map Task Executor #0] exec.SelectOperator: Closing Operator: SEL[1]
2024-04-23T21:15:23,678  INFO [LocalJobRunner Map Task Executor #0] exec.SelectOperator: RECORDS_OUT_INTERMEDIATE:0, RECORDS_OUT_OPERATOR_SEL_1:2, 
2024-04-23T21:15:23,678  INFO [LocalJobRunner Map Task Executor #0] exec.ReduceSinkOperator: Closing Operator: RS[2]
2024-04-23T21:15:23,678  INFO [LocalJobRunner Map Task Executor #0] exec.ReduceSinkOperator: RS[2]: Total records written - 2. abort - false
2024-04-23T21:15:23,678  INFO [LocalJobRunner Map Task Executor #0] exec.ReduceSinkOperator: RECORDS_OUT_OPERATOR_RS_2:2, RECORDS_OUT_INTERMEDIATE:2, 
2024-04-23T21:15:23,679  INFO [LocalJobRunner Map Task Executor #0] mapred.LocalJobRunner: 
2024-04-23T21:15:23,679  INFO [LocalJobRunner Map Task Executor #0] mapred.MapTask: Starting flush of map output
2024-04-23T21:15:23,679  INFO [LocalJobRunner Map Task Executor #0] mapred.MapTask: Spilling map output
2024-04-23T21:15:23,679  INFO [LocalJobRunner Map Task Executor #0] mapred.MapTask: bufstart = 0; bufend = 356; bufvoid = 104857600
2024-04-23T21:15:23,679  INFO [LocalJobRunner Map Task Executor #0] mapred.MapTask: kvstart = 26214396(104857584); kvend = 26214392(104857568); length = 5/6553600
2024-04-23T21:15:23,687  INFO [LocalJobRunner Map Task Executor #0] mapred.MapTask: Finished spill 0
2024-04-23T21:15:23,690  INFO [LocalJobRunner Map Task Executor #0] mapred.Task: Task:attempt_local1613131155_0025_m_000001_0 is done. And is in the process of committing
2024-04-23T21:15:23,691  INFO [LocalJobRunner Map Task Executor #0] mapred.LocalJobRunner: OrcSplit [file:/home/alex/Repositories/hive/ql/target/tmp/org.apache.hadoop.hive.ql.TestTxnNoBuckets-1713932056679/warehouse/nonacidnonbucket/000000_0, start=0, length=254, isOriginal=true, fileLength=254, hasFooter=false, hasBase=true, deltas=0]
2024-04-23T21:15:23,691  INFO [LocalJobRunner Map Task Executor #0] mapred.Task: Task 'attempt_local1613131155_0025_m_000001_0' done.
2024-04-23T21:15:23,691  INFO [LocalJobRunner Map Task Executor #0] mapred.Task: Final Counters for attempt_local1613131155_0025_m_000001_0: Counters: 24
	File System Counters
		FILE: Number of bytes read=480950
		FILE: Number of bytes written=29427648
		FILE: Number of read operations=0
		FILE: Number of large read operations=0
		FILE: Number of write operations=0
	Map-Reduce Framework
		Map input records=2
		Map output records=2
		Map output bytes=356
		Map output materialized bytes=368
		Input split bytes=482
		Combine input records=0
		Spilled Records=2
		Failed Shuffles=0
		Merged Map outputs=0
		GC time elapsed (ms)=0
		Total committed heap usage (bytes)=1105199104
	HIVE
		DESERIALIZE_ERRORS=0
		RECORDS_IN=2
		RECORDS_OUT_INTERMEDIATE=2
		RECORDS_OUT_OPERATOR_MAP_0=0
		RECORDS_OUT_OPERATOR_RS_2=2
		RECORDS_OUT_OPERATOR_SEL_1=2
		RECORDS_OUT_OPERATOR_TS_0=2
	File Input Format Counters 
		Bytes Read=6111
2024-04-23T21:15:23,691  INFO [LocalJobRunner Map Task Executor #0] mapred.LocalJobRunner: Finishing task: attempt_local1613131155_0025_m_000001_0
2024-04-23T21:15:23,691  INFO [LocalJobRunner Map Task Executor #0] mapred.LocalJobRunner: Starting task: attempt_local1613131155_0025_m_000002_0
2024-04-23T21:15:23,691  INFO [LocalJobRunner Map Task Executor #0] mapred.Task:  Using ResourceCalculatorProcessTree : [ ]
2024-04-23T21:15:23,692  INFO [LocalJobRunner Map Task Executor #0] mapred.MapTask: Processing split: org.apache.hadoop.hive.ql.io.orc.OrcInputFormat:OrcSplit [file:/home/alex/Repositories/hive/ql/target/tmp/org.apache.hadoop.hive.ql.TestTxnNoBuckets-1713932056679/warehouse/nonacidnonbucket/000000_0_copy_2, start=0, length=254, isOriginal=true, fileLength=254, hasFooter=false, hasBase=true, deltas=0]
2024-04-23T21:15:23,693  INFO [LocalJobRunner Map Task Executor #0] exec.SerializationUtilities: Deserializing MapWork using kryo
2024-04-23T21:15:23,693  INFO [LocalJobRunner Map Task Executor #0] exec.Utilities: Deserialized plan (via FILE) - name: null size: 4,98KB
2024-04-23T21:15:23,695  INFO [LocalJobRunner Map Task Executor #0] orc.OrcRawRecordMerger: min key = null, max key = null
2024-04-23T21:15:23,695  INFO [LocalJobRunner Map Task Executor #0] orc.ReaderImpl: Reading ORC rows from file:/home/alex/Repositories/hive/ql/target/tmp/org.apache.hadoop.hive.ql.TestTxnNoBuckets-1713932056679/warehouse/nonacidnonbucket/000000_0_copy_2 with {include: [true, true, true], offset: 0, length: 254, schema: struct<a:int,b:int>, includeAcidColumns: true}
2024-04-23T21:15:23,705  INFO [LocalJobRunner Map Task Executor #0] orc.OrcRawRecordMerger: updated min key = null, max key = null
2024-04-23T21:15:23,705  INFO [LocalJobRunner Map Task Executor #0] mapred.MapTask: numReduceTasks: 1
2024-04-23T21:15:23,719  INFO [LocalJobRunner Map Task Executor #0] mapred.MapTask: (EQUATOR) 0 kvi 26214396(104857584)
2024-04-23T21:15:23,719  INFO [LocalJobRunner Map Task Executor #0] mapred.MapTask: mapreduce.task.io.sort.mb: 100
2024-04-23T21:15:23,719  INFO [LocalJobRunner Map Task Executor #0] mapred.MapTask: soft limit at 83886080
2024-04-23T21:15:23,719  INFO [LocalJobRunner Map Task Executor #0] mapred.MapTask: bufstart = 0; bufvoid = 104857600
2024-04-23T21:15:23,719  INFO [LocalJobRunner Map Task Executor #0] mapred.MapTask: kvstart = 26214396; length = 6553600
2024-04-23T21:15:23,719  INFO [LocalJobRunner Map Task Executor #0] mapred.MapTask: Map output collector class = org.apache.hadoop.mapred.MapTask$MapOutputBuffer
2024-04-23T21:15:23,720  INFO [LocalJobRunner Map Task Executor #0] exec.MapOperator: Initializing Operator: MAP[0]
2024-04-23T21:15:23,721  INFO [LocalJobRunner Map Task Executor #0] mr.ExecMapper: 
<MAP>Id =0
  <Children>null
  <\Children>
  <Parent><\Parent>
<\MAP>
2024-04-23T21:15:23,722  INFO [LocalJobRunner Map Task Executor #0] exec.TableScanOperator: Initializing Operator: TS[0]
2024-04-23T21:15:23,722  INFO [LocalJobRunner Map Task Executor #0] exec.SelectOperator: Initializing Operator: SEL[1]
2024-04-23T21:15:23,722  INFO [LocalJobRunner Map Task Executor #0] exec.SelectOperator: SELECT struct<a:int,b:int,row__id:struct<writeid:bigint,bucketid:int,rowid:bigint>,input__file__name:string>
2024-04-23T21:15:23,722  INFO [LocalJobRunner Map Task Executor #0] exec.ReduceSinkOperator: Initializing Operator: RS[2]
2024-04-23T21:15:23,722  INFO [LocalJobRunner Map Task Executor #0] exec.ReduceSinkOperator: Using tag = -1
2024-04-23T21:15:23,722  INFO [LocalJobRunner Map Task Executor #0] exec.ReduceSinkOperator: keys are [reducesinkkey0] num distributions: 1
2024-04-23T21:15:23,722  INFO [LocalJobRunner Map Task Executor #0] exec.ReduceSinkOperator: RS[2]: records written - 1
2024-04-23T21:15:23,722  INFO [LocalJobRunner Map Task Executor #0] exec.MapOperator: MAP[0]: records read - 1
2024-04-23T21:15:23,722  INFO [LocalJobRunner Map Task Executor #0] exec.MapOperator: Closing Operator: MAP[0]
2024-04-23T21:15:23,722  INFO [LocalJobRunner Map Task Executor #0] exec.MapOperator: MAP[0]: Total records read - 1. abort - false
2024-04-23T21:15:23,722  INFO [LocalJobRunner Map Task Executor #0] exec.MapOperator: RECORDS_OUT_INTERMEDIATE:0, RECORDS_OUT_OPERATOR_MAP_0:0, RECORDS_IN:1, DESERIALIZE_ERRORS:0, 
2024-04-23T21:15:23,722  INFO [LocalJobRunner Map Task Executor #0] exec.TableScanOperator: Closing Operator: TS[0]
2024-04-23T21:15:23,723  INFO [LocalJobRunner Map Task Executor #0] exec.TableScanOperator: RECORDS_OUT_INTERMEDIATE:0, RECORDS_OUT_OPERATOR_TS_0:1, 
2024-04-23T21:15:23,723  INFO [LocalJobRunner Map Task Executor #0] exec.SelectOperator: Closing Operator: SEL[1]
2024-04-23T21:15:23,723  INFO [LocalJobRunner Map Task Executor #0] exec.SelectOperator: RECORDS_OUT_INTERMEDIATE:0, RECORDS_OUT_OPERATOR_SEL_1:1, 
2024-04-23T21:15:23,723  INFO [LocalJobRunner Map Task Executor #0] exec.ReduceSinkOperator: Closing Operator: RS[2]
2024-04-23T21:15:23,723  INFO [LocalJobRunner Map Task Executor #0] exec.ReduceSinkOperator: RS[2]: Total records written - 1. abort - false
2024-04-23T21:15:23,723  INFO [LocalJobRunner Map Task Executor #0] exec.ReduceSinkOperator: RECORDS_OUT_OPERATOR_RS_2:1, RECORDS_OUT_INTERMEDIATE:1, 
2024-04-23T21:15:23,723  INFO [LocalJobRunner Map Task Executor #0] mapred.LocalJobRunner: 
2024-04-23T21:15:23,723  INFO [LocalJobRunner Map Task Executor #0] mapred.MapTask: Starting flush of map output
2024-04-23T21:15:23,723  INFO [LocalJobRunner Map Task Executor #0] mapred.MapTask: Spilling map output
2024-04-23T21:15:23,723  INFO [LocalJobRunner Map Task Executor #0] mapred.MapTask: bufstart = 0; bufend = 185; bufvoid = 104857600
2024-04-23T21:15:23,723  INFO [LocalJobRunner Map Task Executor #0] mapred.MapTask: kvstart = 26214396(104857584); kvend = 26214396(104857584); length = 1/6553600
2024-04-23T21:15:23,731  INFO [LocalJobRunner Map Task Executor #0] mapred.MapTask: Finished spill 0
2024-04-23T21:15:23,734  INFO [LocalJobRunner Map Task Executor #0] mapred.Task: Task:attempt_local1613131155_0025_m_000002_0 is done. And is in the process of committing
2024-04-23T21:15:23,735  INFO [LocalJobRunner Map Task Executor #0] mapred.LocalJobRunner: OrcSplit [file:/home/alex/Repositories/hive/ql/target/tmp/org.apache.hadoop.hive.ql.TestTxnNoBuckets-1713932056679/warehouse/nonacidnonbucket/000000_0_copy_2, start=0, length=254, isOriginal=true, fileLength=254, hasFooter=false, hasBase=true, deltas=0]
2024-04-23T21:15:23,735  INFO [LocalJobRunner Map Task Executor #0] mapred.Task: Task 'attempt_local1613131155_0025_m_000002_0' done.
2024-04-23T21:15:23,735  INFO [LocalJobRunner Map Task Executor #0] mapred.Task: Final Counters for attempt_local1613131155_0025_m_000002_0: Counters: 24
	File System Counters
		FILE: Number of bytes read=488595
		FILE: Number of bytes written=29427874
		FILE: Number of read operations=0
		FILE: Number of large read operations=0
		FILE: Number of write operations=0
	Map-Reduce Framework
		Map input records=1
		Map output records=1
		Map output bytes=185
		Map output materialized bytes=194
		Input split bytes=489
		Combine input records=0
		Spilled Records=1
		Failed Shuffles=0
		Merged Map outputs=0
		GC time elapsed (ms)=8
		Total committed heap usage (bytes)=1106247680
	HIVE
		DESERIALIZE_ERRORS=0
		RECORDS_IN=1
		RECORDS_OUT_INTERMEDIATE=1
		RECORDS_OUT_OPERATOR_MAP_0=0
		RECORDS_OUT_OPERATOR_RS_2=1
		RECORDS_OUT_OPERATOR_SEL_1=1
		RECORDS_OUT_OPERATOR_TS_0=1
	File Input Format Counters 
		Bytes Read=6670
2024-04-23T21:15:23,735  INFO [LocalJobRunner Map Task Executor #0] mapred.LocalJobRunner: Finishing task: attempt_local1613131155_0025_m_000002_0
2024-04-23T21:15:23,735  INFO [Thread-1569] mapred.LocalJobRunner: map task executor complete.
2024-04-23T21:15:23,736  INFO [Thread-1569] mapred.LocalJobRunner: Waiting for reduce tasks
2024-04-23T21:15:23,736  INFO [pool-120-thread-1] mapred.LocalJobRunner: Starting task: attempt_local1613131155_0025_r_000000_0
2024-04-23T21:15:23,737  INFO [pool-120-thread-1] mapred.Task:  Using ResourceCalculatorProcessTree : [ ]
2024-04-23T21:15:23,737  INFO [pool-120-thread-1] mapred.ReduceTask: Using ShuffleConsumerPlugin: org.apache.hadoop.mapreduce.task.reduce.Shuffle@78edbb2a
2024-04-23T21:15:23,737  WARN [pool-120-thread-1] impl.MetricsSystemImpl: JobTracker metrics system already initialized!
2024-04-23T21:15:23,738  INFO [pool-120-thread-1] reduce.MergeManagerImpl: MergerManager: memoryLimit=1336252800, maxSingleShuffleLimit=334063200, mergeThreshold=881926912, ioSortFactor=10, memToMemMergeOutputsThreshold=10
2024-04-23T21:15:23,740  INFO [EventFetcher for fetching Map Completion Events] reduce.EventFetcher: attempt_local1613131155_0025_r_000000_0 Thread started: EventFetcher for fetching Map Completion Events
2024-04-23T21:15:23,745  INFO [localfetcher#13] reduce.LocalFetcher: localfetcher#13 about to shuffle output of map attempt_local1613131155_0025_m_000000_0 decomp: 754 len: 758 to MEMORY
2024-04-23T21:15:23,745  INFO [localfetcher#13] reduce.InMemoryMapOutput: Read 754 bytes from map-output for attempt_local1613131155_0025_m_000000_0
2024-04-23T21:15:23,745  INFO [localfetcher#13] reduce.MergeManagerImpl: closeInMemoryFile -> map-output of size: 754, inMemoryMapOutputs.size() -> 1, commitMemory -> 0, usedMemory ->754
2024-04-23T21:15:23,747  INFO [localfetcher#13] reduce.LocalFetcher: localfetcher#13 about to shuffle output of map attempt_local1613131155_0025_m_000001_0 decomp: 364 len: 368 to MEMORY
2024-04-23T21:15:23,747  INFO [localfetcher#13] reduce.InMemoryMapOutput: Read 364 bytes from map-output for attempt_local1613131155_0025_m_000001_0
2024-04-23T21:15:23,748  INFO [localfetcher#13] reduce.MergeManagerImpl: closeInMemoryFile -> map-output of size: 364, inMemoryMapOutputs.size() -> 2, commitMemory -> 754, usedMemory ->1118
2024-04-23T21:15:23,750  INFO [localfetcher#13] reduce.LocalFetcher: localfetcher#13 about to shuffle output of map attempt_local1613131155_0025_m_000002_0 decomp: 190 len: 194 to MEMORY
2024-04-23T21:15:23,750  INFO [localfetcher#13] reduce.InMemoryMapOutput: Read 190 bytes from map-output for attempt_local1613131155_0025_m_000002_0
2024-04-23T21:15:23,750  INFO [localfetcher#13] reduce.MergeManagerImpl: closeInMemoryFile -> map-output of size: 190, inMemoryMapOutputs.size() -> 3, commitMemory -> 1118, usedMemory ->1308
2024-04-23T21:15:23,750  INFO [EventFetcher for fetching Map Completion Events] reduce.EventFetcher: EventFetcher is interrupted.. Returning
2024-04-23T21:15:23,751  INFO [pool-120-thread-1] mapred.LocalJobRunner: 3 / 3 copied.
2024-04-23T21:15:23,751  INFO [pool-120-thread-1] reduce.MergeManagerImpl: finalMerge called with 3 in-memory map-outputs and 0 on-disk map-outputs
2024-04-23T21:15:23,757  INFO [pool-120-thread-1] mapred.Merger: Merging 3 sorted segments
2024-04-23T21:15:23,757  INFO [pool-120-thread-1] mapred.Merger: Down to the last merge-pass, with 3 segments left of total size: 1212 bytes
2024-04-23T21:15:23,760  INFO [pool-120-thread-1] reduce.MergeManagerImpl: Merged 3 segments, 1308 bytes to disk to satisfy reduce memory limit
2024-04-23T21:15:23,760  INFO [pool-120-thread-1] reduce.MergeManagerImpl: Merging 1 files, 1308 bytes from disk
2024-04-23T21:15:23,760  INFO [pool-120-thread-1] reduce.MergeManagerImpl: Merging 0 segments, 0 bytes from memory into reduce
2024-04-23T21:15:23,760  INFO [pool-120-thread-1] mapred.Merger: Merging 1 sorted segments
2024-04-23T21:15:23,760  INFO [pool-120-thread-1] mapred.Merger: Down to the last merge-pass, with 1 segments left of total size: 1272 bytes
2024-04-23T21:15:23,760  INFO [pool-120-thread-1] mapred.LocalJobRunner: 3 / 3 copied.
2024-04-23T21:15:23,761  INFO [pool-120-thread-1] exec.SerializationUtilities: Deserializing ReduceWork using kryo
2024-04-23T21:15:23,761  INFO [pool-120-thread-1] exec.Utilities: Deserialized plan (via FILE) - name: null size: 6,10KB
2024-04-23T21:15:23,762  INFO [pool-120-thread-1] ExecReducer: 
<SEL>Id =3
  <Children>
    <FS>Id =4
      <Children>
      <\Children>
      <Parent>Id = 3 null<\Parent>
    <\FS>
  <\Children>
  <Parent><\Parent>
<\SEL>
2024-04-23T21:15:23,762  INFO [pool-120-thread-1] exec.SelectOperator: Initializing Operator: SEL[3]
2024-04-23T21:15:23,762  INFO [pool-120-thread-1] exec.SelectOperator: SELECT struct<key:struct<reducesinkkey0:struct<writeid:bigint,bucketid:int,rowid:bigint>>,value:struct<_col0:int,_col1:int,_col2:string>>
2024-04-23T21:15:23,762  INFO [pool-120-thread-1] exec.FileSinkOperator: Initializing Operator: FS[4]
2024-04-23T21:15:23,763  INFO [pool-120-thread-1] exec.FileSinkOperator: Using serializer : class org.apache.hadoop.hive.serde2.lazy.LazySimpleSerDe [serdeParams=org.apache.hadoop.hive.serde2.lazy.LazySerDeParameters@537614a2, cachedObjectInspector=org.apache.hadoop.hive.serde2.lazy.objectinspector.LazySimpleStructObjectInspector<org.apache.hadoop.hive.serde2.lazy.objectinspector.LazySimpleStructObjectInspector<org.apache.hadoop.hive.serde2.lazy.objectinspector.primitive.LazyLongObjectInspector@18f919ce,org.apache.hadoop.hive.serde2.lazy.objectinspector.primitive.LazyIntObjectInspector@4dea763c,org.apache.hadoop.hive.serde2.lazy.objectinspector.primitive.LazyLongObjectInspector@18f919ce>,org.apache.hadoop.hive.serde2.lazy.objectinspector.primitive.LazyIntObjectInspector@4dea763c,org.apache.hadoop.hive.serde2.lazy.objectinspector.primitive.LazyIntObjectInspector@4dea763c,org.apache.hadoop.hive.serde2.lazy.objectinspector.primitive.LazyStringObjectInspector@41fdb59c>, serializedSize=0, stats=org.apache.hadoop.hive.serde2.SerDeStats@333e3de, lastOperationSerialize=false, lastOperationDeserialize=false [1, 2, 3, 4, 5, 6, 7, 8, 11, 14, 15, 16, 17, 18, 19, 20, 21, 22, 23, 24, 25, 26, 28, 29, 30, 31, -128, -127, -126, -125, -124, -123, -122, -121, -120, -119, -118, -117, -116, -115, -114, -113, -112, -111, -110, -109, -108, -107, -106, -105, -104, -103, -102, -101, -100, -99, -98, -97, -96, -95, -94, -93, -92, -91, -90, -89, -88, -87, -86, -85, -84, -83, -82, -81, -80, -79, -78, -77, -76, -75, -74, -73, -72, -71, -70, -69, -68, -67, -66, -65, -64, -63, -62, -61, -60, -59, -58, -57, -56, -55, -54, -53, -52, -51, -50, -49, -48, -47, -46, -45, -44, -43, -42, -41, -40, -39, -38, -37, -36, -35, -34, -33, -32, -31, -30, -29, -28, -27, -26, -25, -24, -23, -22, -21, -20, -19, -18, -17, -16, -15, -14, -13, -12, -11, -10, -9, -8, -7, -6, -5, -4, -3, -2, -1] : [_col0, _col1, _col2, _col3] : [struct<writeid:bigint,bucketid:int,rowid:bigint>, int, int, string]] and formatter : org.apache.hadoop.hive.ql.io.HiveSequenceFileOutputFormat@2c6f5c7f
2024-04-23T21:15:23,763  INFO [pool-120-thread-1] exec.FileSinkOperator: Final Path: FS file:/home/alex/Repositories/hive/ql/target/tmp/localscratchdir/0a9f8166-55a0-469d-8508-59e6c2b85f74/hive_2024-04-23_21-15-23_162_2577227543903550661-1/-mr-10001/.hive-staging_hive_2024-04-23_21-15-23_162_2577227543903550661-1/_tmp.-ext-10002/000000_0
2024-04-23T21:15:23,763  INFO [pool-120-thread-1] exec.FileSinkOperator: Writing to temp file: FS file:/home/alex/Repositories/hive/ql/target/tmp/localscratchdir/0a9f8166-55a0-469d-8508-59e6c2b85f74/hive_2024-04-23_21-15-23_162_2577227543903550661-1/-mr-10001/.hive-staging_hive_2024-04-23_21-15-23_162_2577227543903550661-1/_task_tmp.-ext-10002/_tmp.000000_0
2024-04-23T21:15:23,763  INFO [pool-120-thread-1] exec.FileSinkOperator: New Final Path: FS file:/home/alex/Repositories/hive/ql/target/tmp/localscratchdir/0a9f8166-55a0-469d-8508-59e6c2b85f74/hive_2024-04-23_21-15-23_162_2577227543903550661-1/-mr-10001/.hive-staging_hive_2024-04-23_21-15-23_162_2577227543903550661-1/_tmp.-ext-10002/000000_0
2024-04-23T21:15:23,770  INFO [pool-120-thread-1] exec.FileSinkOperator: FS[4]: records written - 1
2024-04-23T21:15:23,771  INFO [pool-120-thread-1] exec.SelectOperator: Closing Operator: SEL[3]
2024-04-23T21:15:23,771  INFO [pool-120-thread-1] exec.SelectOperator: RECORDS_OUT_INTERMEDIATE:0, RECORDS_OUT_OPERATOR_SEL_3:7, 
2024-04-23T21:15:23,771  INFO [pool-120-thread-1] exec.FileSinkOperator: Closing Operator: FS[4]
2024-04-23T21:15:23,772  INFO [pool-120-thread-1] exec.FileSinkOperator: FS[4]: records written - 7
2024-04-23T21:15:23,772  INFO [pool-120-thread-1] exec.FileSinkOperator: RECORDS_OUT_INTERMEDIATE:0, RECORDS_OUT_OPERATOR_FS_4:7, RECORDS_OUT_0:7, 
2024-04-23T21:15:23,772  INFO [pool-120-thread-1] mapred.Task: Task:attempt_local1613131155_0025_r_000000_0 is done. And is in the process of committing
2024-04-23T21:15:23,773  INFO [pool-120-thread-1] mapred.LocalJobRunner: reduce > reduce
2024-04-23T21:15:23,773  INFO [pool-120-thread-1] mapred.Task: Task 'attempt_local1613131155_0025_r_000000_0' done.
2024-04-23T21:15:23,773  INFO [pool-120-thread-1] mapred.Task: Final Counters for attempt_local1613131155_0025_r_000000_0: Counters: 29
	File System Counters
		FILE: Number of bytes read=497474
		FILE: Number of bytes written=29430530
		FILE: Number of read operations=0
		FILE: Number of large read operations=0
		FILE: Number of write operations=0
	Map-Reduce Framework
		Combine input records=0
		Combine output records=0
		Reduce input groups=7
		Reduce shuffle bytes=1320
		Reduce input records=7
		Reduce output records=0
		Spilled Records=7
		Shuffled Maps =3
		Failed Shuffles=0
		Merged Map outputs=3
		GC time elapsed (ms)=0
		Total committed heap usage (bytes)=1106247680
	HIVE
		CREATED_FILES=1
		RECORDS_OUT_0=7
		RECORDS_OUT_INTERMEDIATE=0
		RECORDS_OUT_OPERATOR_FS_4=7
		RECORDS_OUT_OPERATOR_SEL_3=7
	Shuffle Errors
		BAD_ID=0
		CONNECTION=0
		IO_ERROR=0
		WRONG_LENGTH=0
		WRONG_MAP=0
		WRONG_REDUCE=0
	File Output Format Counters 
		Bytes Written=0
2024-04-23T21:15:23,773  INFO [pool-120-thread-1] mapred.LocalJobRunner: Finishing task: attempt_local1613131155_0025_r_000000_0
2024-04-23T21:15:23,773  INFO [Thread-1569] mapred.LocalJobRunner: reduce task executor complete.
2024-04-23 21:15:24,615 Stage-1 map = 100%,  reduce = 100%
2024-04-23T21:15:24,615  INFO [main] exec.Task: 2024-04-23 21:15:24,615 Stage-1 map = 100%,  reduce = 100%
Ended Job = job_local1613131155_0025
2024-04-23T21:15:24,617  INFO [main] exec.Task: Ended Job = job_local1613131155_0025
2024-04-23T21:15:24,619  INFO [main] metadata.Hive: Dumping metastore api call timing information for : execution phase
2024-04-23T21:15:24,619  INFO [main] metadata.Hive: Total time spent in each metastore function (ms): {}
MapReduce Jobs Launched: 
2024-04-23T21:15:24,619  INFO [main] ql.Driver: MapReduce Jobs Launched: 
Stage-Stage-1:  HDFS Read: 0 HDFS Write: 0 SUCCESS
2024-04-23T21:15:24,620  INFO [main] ql.Driver: Stage-Stage-1:  HDFS Read: 0 HDFS Write: 0 SUCCESS
Total MapReduce CPU Time Spent: 0 msec
2024-04-23T21:15:24,620  INFO [main] ql.Driver: Total MapReduce CPU Time Spent: 0 msec
2024-04-23T21:15:24,620  INFO [main] ql.Driver: Completed executing command(queryId=alex_20240423211523_dbe0b3e3-34a9-40f4-ac18-f571b3512f9b); Time taken: 1.288 seconds
2024-04-23T21:15:24,620  INFO [main] lockmgr.DbTxnManager: Stopped heartbeat for query: alex_20240423211523_dbe0b3e3-34a9-40f4-ac18-f571b3512f9b
2024-04-23T21:15:24,623  INFO [main] txn.TxnHandler: Expected to move at least one record from txn_components to completed_txn_components when committing txn! txnid:17
2024-04-23T21:15:24,629  INFO [main] txn.TxnHandler: Removed transactions: ([17]) from MIN_HISTORY_LEVEL
2024-04-23T21:15:24,629  WARN [main] txn.CompactionTxnHandler: No compaction queue record found for Compaction type transaction commit. txnId:17
2024-04-23T21:15:24,633  INFO [main] mapred.FileInputFormat: Total input files to process : 1
2024-04-23T21:15:24,634  INFO [main] exec.ListSinkOperator: Closing Operator: LIST_SINK[5]
2024-04-23T21:15:24,634  INFO [main] exec.ListSinkOperator: RECORDS_OUT_OPERATOR_LIST_SINK_5:7, RECORDS_OUT_INTERMEDIATE:0, 
2024-04-23T21:15:24,634  WARN [main] ql.TestTxnNoBuckets: before acid ops (after convert)
2024-04-23T21:15:24,634  WARN [main] ql.TestTxnNoBuckets: {"writeid":0,"bucketid":536870912,"rowid":0}	1	2	file:/home/alex/Repositories/hive/ql/target/tmp/org.apache.hadoop.hive.ql.TestTxnNoBuckets-1713932056679/warehouse/nonacidnonbucket/000000_0
2024-04-23T21:15:24,634  WARN [main] ql.TestTxnNoBuckets: {"writeid":0,"bucketid":536870912,"rowid":1}	1	3	file:/home/alex/Repositories/hive/ql/target/tmp/org.apache.hadoop.hive.ql.TestTxnNoBuckets-1713932056679/warehouse/nonacidnonbucket/000000_0
2024-04-23T21:15:24,634  WARN [main] ql.TestTxnNoBuckets: {"writeid":0,"bucketid":536870912,"rowid":2}	0	12	file:/home/alex/Repositories/hive/ql/target/tmp/org.apache.hadoop.hive.ql.TestTxnNoBuckets-1713932056679/warehouse/nonacidnonbucket/000000_0_copy_1
2024-04-23T21:15:24,634  WARN [main] ql.TestTxnNoBuckets: {"writeid":0,"bucketid":536870912,"rowid":3}	0	13	file:/home/alex/Repositories/hive/ql/target/tmp/org.apache.hadoop.hive.ql.TestTxnNoBuckets-1713932056679/warehouse/nonacidnonbucket/000000_0_copy_1
2024-04-23T21:15:24,634  WARN [main] ql.TestTxnNoBuckets: {"writeid":0,"bucketid":536870912,"rowid":4}	1	4	file:/home/alex/Repositories/hive/ql/target/tmp/org.apache.hadoop.hive.ql.TestTxnNoBuckets-1713932056679/warehouse/nonacidnonbucket/000000_0_copy_1
2024-04-23T21:15:24,634  WARN [main] ql.TestTxnNoBuckets: {"writeid":0,"bucketid":536870912,"rowid":5}	1	5	file:/home/alex/Repositories/hive/ql/target/tmp/org.apache.hadoop.hive.ql.TestTxnNoBuckets-1713932056679/warehouse/nonacidnonbucket/000000_0_copy_1
2024-04-23T21:15:24,634  WARN [main] ql.TestTxnNoBuckets: {"writeid":0,"bucketid":536870912,"rowid":6}	1	6	file:/home/alex/Repositories/hive/ql/target/tmp/org.apache.hadoop.hive.ql.TestTxnNoBuckets-1713932056679/warehouse/nonacidnonbucket/000000_0_copy_2
2024-04-23T21:15:24,634  INFO [main] ql.TxnCommandsBaseForTests: Running the query: insert into nonAcidNonBucket(a,b) values(0,15),(1,16)
2024-04-23T21:15:24,634  INFO [main] ql.Context: Deleting scratch dir: file:/home/alex/Repositories/hive/ql/target/tmp/localscratchdir/0a9f8166-55a0-469d-8508-59e6c2b85f74/hive_2024-04-23_21-15-23_162_2577227543903550661-1
2024-04-23T21:15:24,635  INFO [main] cleanup.SyncCleanupService: Deleted directory: file:/home/alex/Repositories/hive/ql/target/tmp/localscratchdir/0a9f8166-55a0-469d-8508-59e6c2b85f74/hive_2024-04-23_21-15-23_162_2577227543903550661-1 on fs with scheme file
2024-04-23T21:15:24,635  INFO [main] ql.Driver: Compiling command(queryId=alex_20240423211524_600688b8-eea6-41cb-8b87-45dab602329e): insert into nonAcidNonBucket(a,b) values(0,15),(1,16)
2024-04-23T21:15:24,638  INFO [main] txn.TxnHandler: Added entries to MIN_HISTORY_LEVEL for current txns: ([18]) with min_open_txn: 18
2024-04-23T21:15:24,639  INFO [main] lockmgr.DbTxnManager: Opened txnid:18
2024-04-23T21:15:24,639  INFO [main] parse.CalcitePlanner: Starting caching scope for: 
2024-04-23T21:15:24,639  INFO [main] parse.CalcitePlanner: Starting Semantic Analysis
2024-04-23T21:15:24,642  INFO [main] HiveMetaStore.audit: ugi=alex	ip=unknown-ip-addr	cmd=get_table : tbl=hive.default.nonAcidNonBucket	
2024-04-23T21:15:24,649  INFO [main] metastore.HMSHandler: Skipping translation for processor with null
2024-04-23T21:15:24,649  INFO [main] parse.CalcitePlanner: Completed phase 1 of Semantic Analysis
2024-04-23T21:15:24,649  INFO [main] parse.CalcitePlanner: Get metadata for source tables
2024-04-23T21:15:24,649  INFO [main] parse.CalcitePlanner: Get metadata for subqueries
2024-04-23T21:15:24,649  INFO [main] parse.CalcitePlanner: Get metadata for destination tables
2024-04-23T21:15:24,649  INFO [main] HiveMetaStore.audit: ugi=alex	ip=unknown-ip-addr	cmd=get_table : tbl=hive.default.nonAcidNonBucket	
2024-04-23T21:15:24,656  INFO [main] metastore.HMSHandler: Skipping translation for processor with null
2024-04-23T21:15:24,656  INFO [main] parse.CalcitePlanner: Completed getting MetaData in Semantic Analysis
2024-04-23T21:15:24,656  INFO [main] parse.CalcitePlanner: Disabling LLAP IO encode as ETL query is detected
2024-04-23T21:15:24,676  INFO [main] HiveMetaStore.audit: ugi=alex	ip=unknown-ip-addr	cmd=get_all_table_constraints : tbl=hive._dummy_database._dummy_table	
2024-04-23T21:15:24,728  INFO [main] parse.CalcitePlanner: Get metadata for source tables
2024-04-23T21:15:24,728  INFO [main] parse.CalcitePlanner: Get metadata for subqueries
2024-04-23T21:15:24,728  INFO [main] parse.CalcitePlanner: Get metadata for source tables
2024-04-23T21:15:24,728  INFO [main] HiveMetaStore.audit: ugi=alex	ip=unknown-ip-addr	cmd=get_table : tbl=hive._dummy_database._dummy_table	
2024-04-23T21:15:24,731  INFO [main] parse.CalcitePlanner: Get metadata for subqueries
2024-04-23T21:15:24,731  INFO [main] parse.CalcitePlanner: Get metadata for destination tables
2024-04-23T21:15:24,731  INFO [main] parse.CalcitePlanner: Get metadata for destination tables
2024-04-23T21:15:24,731  INFO [main] HiveMetaStore.audit: ugi=alex	ip=unknown-ip-addr	cmd=get_table : tbl=hive.default.nonAcidNonBucket	
2024-04-23T21:15:24,737  INFO [main] metastore.HMSHandler: Skipping translation for processor with null
2024-04-23T21:15:24,740  INFO [main] HiveMetaStore.audit: ugi=alex	ip=unknown-ip-addr	cmd=get_not_null_constraints : tbl=hive.default.nonacidnonbucket	
2024-04-23T21:15:24,741  INFO [main] HiveMetaStore.audit: ugi=alex	ip=unknown-ip-addr	cmd=get_check_constraints : tbl=hive.default.nonacidnonbucket	
2024-04-23T21:15:24,750  INFO [main] txn.TxnHandler: Allocated writeId: 10000001 for txnId: 18
2024-04-23T21:15:24,750  INFO [main] txn.TxnHandler: Allocated write ids for dbName=default, tblName=nonacidnonbucket (txnIds: [18])
2024-04-23T21:15:24,751  INFO [main] parse.CalcitePlanner: CBO Succeeded; optimized logical plan.
2024-04-23T21:15:24,754  INFO [main] optimizer.BucketVersionPopulator: not considering bucketingVersion for: TS[0] because it has -1<2 buckets 
2024-04-23T21:15:24,755  INFO [main] optimizer.SortedDynPartitionOptimizer: Sorted dynamic partitioning optimization kicked in..
2024-04-23T21:15:24,763  INFO [main] HiveMetaStore.audit: ugi=alex	ip=unknown-ip-addr	cmd=get_table : tbl=hive.default.nonacidnonbucket	
2024-04-23T21:15:24,770  INFO [main] metastore.HMSHandler: Skipping translation for processor with null
2024-04-23T21:15:24,771  INFO [main] parse.CalcitePlanner: Completed plan generation
2024-04-23T21:15:24,771  INFO [main] parse.CalcitePlanner: Ending caching scope for: 
2024-04-23T21:15:24,771  INFO [main] ql.Driver: Semantic Analysis Completed (retrial = false)
2024-04-23T21:15:24,771  INFO [main] ql.Driver: Created Hive schema: Schema(fieldSchemas:[FieldSchema(name:_col0, type:int, comment:null), FieldSchema(name:_col1, type:int, comment:null)], properties:null)
2024-04-23T21:15:24,772  INFO [main] metadata.Hive: Dumping metastore api call timing information for : compilation phase
2024-04-23T21:15:24,772  INFO [main] metadata.Hive: Total time spent in each metastore function (ms): {getTable_(GetTableRequest)=27, flushCache_()=0, getAllTableConstraints_(AllTableConstraintsRequest)=4, allocateTableWriteId_(long, String, String)=8, commitTxn_(CommitTxnRequest)=9, getCheckConstraints_(CheckConstraintsRequest)=1, getValidWriteIds_(List, String)=3, isCompatibleWith_(Configuration)=3, openTxn_(String, TxnType)=2, getValidTxns_(long)=0, getNotNullConstraints_(NotNullConstraintsRequest)=2}
2024-04-23T21:15:24,772  INFO [main] ql.Driver: Completed compiling command(queryId=alex_20240423211524_600688b8-eea6-41cb-8b87-45dab602329e); Time taken: 0.136 seconds
2024-04-23T21:15:24,772  INFO [main] lockmgr.DbTxnManager: Setting lock request transaction to txnid:18 for queryId=alex_20240423211524_600688b8-eea6-41cb-8b87-45dab602329e
2024-04-23T21:15:24,772  INFO [main] lockmgr.DbLockManager: Requesting lock for queryId=alex_20240423211524_600688b8-eea6-41cb-8b87-45dab602329e
2024-04-23T21:15:24,790  INFO [main] lockmgr.DbLockManager: Response to queryId=alex_20240423211524_600688b8-eea6-41cb-8b87-45dab602329e LockResponse(lockid:12, state:ACQUIRED)
2024-04-23T21:15:24,790  INFO [main] ql.Driver: Operation QUERY obtained 1 locks
2024-04-23T21:15:24,793  INFO [main] ql.Driver: Executing command(queryId=alex_20240423211524_600688b8-eea6-41cb-8b87-45dab602329e): insert into nonAcidNonBucket(a,b) values(0,15),(1,16)
2024-04-23T21:15:24,794  WARN [main] ql.Driver: Hive-on-MR is deprecated in Hive 2 and may not be available in the future versions. Consider using a different execution engine (i.e. spark, tez) or using Hive 1.X releases.
Query ID = alex_20240423211524_600688b8-eea6-41cb-8b87-45dab602329e
2024-04-23T21:15:24,794  INFO [main] ql.Driver: Query ID = alex_20240423211524_600688b8-eea6-41cb-8b87-45dab602329e
Total jobs = 1
2024-04-23T21:15:24,794  INFO [main] ql.Driver: Total jobs = 1
Launching Job 1 out of 1
2024-04-23T21:15:24,794  INFO [main] ql.Driver: Launching Job 1 out of 1
2024-04-23T21:15:24,917  INFO [main] ql.Driver: Starting task [Stage-1:MAPRED] in serial mode
Number of reduce tasks is set to 0 since there's no reduce operator
2024-04-23T21:15:24,917  INFO [main] exec.Task: Number of reduce tasks is set to 0 since there's no reduce operator
2024-04-23T21:15:24,919  INFO [main] mr.ExecDriver: Using org.apache.hadoop.hive.ql.io.HiveInputFormat
2024-04-23T21:15:24,919  INFO [main] exec.Utilities: Processing alias $hdt$_0:_dummy_table
2024-04-23T21:15:24,919  INFO [main] exec.Utilities: Adding 1 inputs; the first input is file:/home/alex/Repositories/hive/ql/target/tmp/localscratchdir/0a9f8166-55a0-469d-8508-59e6c2b85f74/hive_2024-04-23_21-15-24_635_96599236396340453-1/dummy_path
2024-04-23T21:15:24,929  INFO [main] exec.SerializationUtilities: Serializing MapWork using kryo
2024-04-23T21:15:24,930  INFO [main] exec.Utilities: Serialized plan (via FILE) - name: null size: 5,50KB
2024-04-23T21:15:24,931  WARN [main] impl.MetricsSystemImpl: JobTracker metrics system already initialized!
2024-04-23T21:15:24,935  INFO [main] fs.FSStatsPublisher: created : file:/home/alex/Repositories/hive/ql/target/tmp/localscratchdir/0a9f8166-55a0-469d-8508-59e6c2b85f74/hive_2024-04-23_21-15-24_635_96599236396340453-1/-mr-10000
2024-04-23T21:15:24,937  WARN [main] impl.MetricsSystemImpl: JobTracker metrics system already initialized!
2024-04-23T21:15:24,944  WARN [main] mapreduce.JobResourceUploader: Hadoop command-line option parsing not performed. Implement the Tool interface and execute your application with ToolRunner to remedy this.
2024-04-23T21:15:24,948  WARN [main] mapreduce.JobResourceUploader: No job jar file set.  User classes may not be found. See Job or Job#setJar(String).
2024-04-23T21:15:24,949  INFO [main] io.HiveInputFormat: hive.io.file.readcolumn.ids = 
2024-04-23T21:15:24,949  INFO [main] io.HiveInputFormat: hive.io.file.readcolumn.names = 
2024-04-23T21:15:24,949  INFO [main] io.HiveInputFormat: Generating splits for dirs: file:/home/alex/Repositories/hive/ql/target/tmp/localscratchdir/0a9f8166-55a0-469d-8508-59e6c2b85f74/hive_2024-04-23_21-15-24_635_96599236396340453-1/dummy_path
2024-04-23T21:15:24,949  INFO [main] io.HiveInputFormat: number of splits 1
2024-04-23T21:15:24,967  INFO [main] mapreduce.JobSubmitter: number of splits:1
2024-04-23T21:15:24,987  INFO [main] mapreduce.JobSubmitter: Submitting tokens for job: job_local376846688_0026
2024-04-23T21:15:24,987  INFO [main] mapreduce.JobSubmitter: Executing with tokens: []
2024-04-23T21:15:25,046  INFO [main] mapreduce.Job: The url to track the job: http://localhost:8080/
Job running in-process (local Hadoop)
2024-04-23T21:15:25,046  INFO [main] exec.Task: Job running in-process (local Hadoop)
2024-04-23T21:15:25,046  INFO [Thread-1633] mapred.LocalJobRunner: OutputCommitter set in config org.apache.hadoop.hive.ql.io.HiveFileFormatUtils$NullOutputCommitter
2024-04-23T21:15:25,046  INFO [Thread-1633] mapred.LocalJobRunner: OutputCommitter is org.apache.hadoop.hive.ql.io.HiveFileFormatUtils$NullOutputCommitter
2024-04-23T21:15:25,048  INFO [Thread-1633] mapred.LocalJobRunner: Waiting for map tasks
2024-04-23T21:15:25,048  INFO [LocalJobRunner Map Task Executor #0] mapred.LocalJobRunner: Starting task: attempt_local376846688_0026_m_000000_0
2024-04-23T21:15:25,048  INFO [LocalJobRunner Map Task Executor #0] mapred.Task:  Using ResourceCalculatorProcessTree : [ ]
2024-04-23T21:15:25,049  INFO [LocalJobRunner Map Task Executor #0] mapred.MapTask: Processing split: org.apache.hadoop.hive.ql.io.NullRowsInputFormat:file:/home/alex/Repositories/hive/ql/target/tmp/localscratchdir/0a9f8166-55a0-469d-8508-59e6c2b85f74/hive_2024-04-23_21-15-24_635_96599236396340453-1/dummy_path/null:0+1
2024-04-23T21:15:25,049  INFO [LocalJobRunner Map Task Executor #0] exec.SerializationUtilities: Deserializing MapWork using kryo
2024-04-23T21:15:25,050  INFO [LocalJobRunner Map Task Executor #0] exec.Utilities: Deserialized plan (via FILE) - name: null size: 5,50KB
2024-04-23T21:15:25,050  INFO [LocalJobRunner Map Task Executor #0] mapred.MapTask: numReduceTasks: 0
2024-04-23T21:15:25,051  INFO [LocalJobRunner Map Task Executor #0] exec.MapOperator: Initializing Operator: MAP[0]
2024-04-23T21:15:25,051  INFO [LocalJobRunner Map Task Executor #0] mr.ExecMapper: 
<MAP>Id =0
  <Children>null
  <\Children>
  <Parent><\Parent>
<\MAP>
2024-04-23T21:15:25,052  INFO [LocalJobRunner Map Task Executor #0] exec.TableScanOperator: Initializing Operator: TS[0]
2024-04-23T21:15:25,052  INFO [LocalJobRunner Map Task Executor #0] exec.SelectOperator: Initializing Operator: SEL[1]
2024-04-23T21:15:25,052  INFO [LocalJobRunner Map Task Executor #0] exec.SelectOperator: SELECT null
2024-04-23T21:15:25,052  INFO [LocalJobRunner Map Task Executor #0] exec.UDTFOperator: Initializing Operator: UDTF[2]
2024-04-23T21:15:25,052  INFO [LocalJobRunner Map Task Executor #0] exec.SelectOperator: Initializing Operator: SEL[3]
2024-04-23T21:15:25,052  INFO [LocalJobRunner Map Task Executor #0] exec.SelectOperator: SELECT struct<col1:int,col2:int>
2024-04-23T21:15:25,052  INFO [LocalJobRunner Map Task Executor #0] exec.FileSinkOperator: Initializing Operator: FS[4]
2024-04-23T21:15:25,053  INFO [LocalJobRunner Map Task Executor #0] exec.FileSinkOperator: Using serializer : AbstractSerDe [log=org.apache.logging.slf4j.Log4jLogger@261f1262, configuration=Optional[Configuration: core-default.xml, core-site.xml, mapred-default.xml, mapred-site.xml, yarn-default.xml, yarn-site.xml, hdfs-default.xml, hdfs-site.xml, file:/home/alex/Repositories/hive/ql/target/tmp/TestTxnNoBuckets/mapred/local/localRunner/alex/job_local376846688_0026/job_local376846688_0026.xml], properties={transactional_properties=default, name=default.nonacidnonbucket, transactional=true, columns.types=int:int, columns=a,b, numFilesErasureCoded=0, columns.comments=&amp#0;, last_modified_time=1713932123, bucketing_version=2, serialization.lib=org.apache.hadoop.hive.ql.io.orc.OrcSerde, file.inputformat=org.apache.hadoop.hive.ql.io.orc.OrcInputFormat, file.outputformat=org.apache.hadoop.hive.ql.io.orc.OrcOutputFormat, location=file:/home/alex/Repositories/hive/ql/target/tmp/org.apache.hadoop.hive.ql.TestTxnNoBuckets-1713932056679/warehouse/nonacidnonbucket, column.name.delimiter=,, last_modified_by=alex}, tableProperties={transactional_properties=default, name=default.nonacidnonbucket, transactional=true, columns.types=int:int, columns=a,b, numFilesErasureCoded=0, columns.comments=&amp#0;, last_modified_time=1713932123, bucketing_version=2, serialization.lib=org.apache.hadoop.hive.ql.io.orc.OrcSerde, file.inputformat=org.apache.hadoop.hive.ql.io.orc.OrcInputFormat, location=file:/home/alex/Repositories/hive/ql/target/tmp/org.apache.hadoop.hive.ql.TestTxnNoBuckets-1713932056679/warehouse/nonacidnonbucket, file.outputformat=org.apache.hadoop.hive.ql.io.orc.OrcOutputFormat, last_modified_by=alex, column.name.delimiter=,}, partitionProperties=Optional.empty, columnNames=[a, b], columnTypes=[int, int], getClass()=class org.apache.hadoop.hive.ql.io.orc.OrcSerde] and formatter : org.apache.hadoop.hive.ql.io.orc.OrcOutputFormat@b9bcb02
2024-04-23T21:15:25,054  INFO [LocalJobRunner Map Task Executor #0] exec.FileSinkOperator: Final Path: FS file:/home/alex/Repositories/hive/ql/target/tmp/org.apache.hadoop.hive.ql.TestTxnNoBuckets-1713932056679/warehouse/nonacidnonbucket
2024-04-23T21:15:25,054  INFO [LocalJobRunner Map Task Executor #0] exec.FileSinkOperator: New Final Path: FS file:/home/alex/Repositories/hive/ql/target/tmp/org.apache.hadoop.hive.ql.TestTxnNoBuckets-1713932056679/warehouse/nonacidnonbucket
2024-04-23T21:15:25,054  INFO [LocalJobRunner Map Task Executor #0] common.FileUtils: Creating directory if it doesn't exist: file:/home/alex/Repositories/hive/ql/target/tmp/org.apache.hadoop.hive.ql.TestTxnNoBuckets-1713932056679/warehouse
2024-04-23T21:15:25,054  INFO [LocalJobRunner Map Task Executor #0] exec.FileSinkOperator: FS[4]: records written - 1
2024-04-23T21:15:25,054  INFO [LocalJobRunner Map Task Executor #0] impl.PhysicalFsWriter: ORC writer created for path: file:/home/alex/Repositories/hive/ql/target/tmp/org.apache.hadoop.hive.ql.TestTxnNoBuckets-1713932056679/warehouse/nonacidnonbucket/delta_10000001_10000001_0000/bucket_00000_0 with stripeSize: 8388608 blockSize: 268435456 compression: Compress: ZLIB buffer: 32768
2024-04-23T21:15:25,061  INFO [LocalJobRunner Map Task Executor #0] impl.WriterImpl: ORC writer created for path: file:/home/alex/Repositories/hive/ql/target/tmp/org.apache.hadoop.hive.ql.TestTxnNoBuckets-1713932056679/warehouse/nonacidnonbucket/delta_10000001_10000001_0000/bucket_00000_0 with stripeSize: 8388608 options: Compress: ZLIB buffer: 32768
2024-04-23T21:15:25,066  INFO [LocalJobRunner Map Task Executor #0] exec.MapOperator: MAP[0]: records read - 1
2024-04-23T21:15:25,066  INFO [LocalJobRunner Map Task Executor #0] exec.MapOperator: Closing Operator: MAP[0]
2024-04-23T21:15:25,066  INFO [LocalJobRunner Map Task Executor #0] exec.MapOperator: MAP[0]: Total records read - 3. abort - false
2024-04-23T21:15:25,066  INFO [LocalJobRunner Map Task Executor #0] exec.MapOperator: RECORDS_IN:3, RECORDS_OUT_OPERATOR_MAP_0:0, DESERIALIZE_ERRORS:0, RECORDS_OUT_INTERMEDIATE:0, 
2024-04-23T21:15:25,066  INFO [LocalJobRunner Map Task Executor #0] exec.TableScanOperator: Closing Operator: TS[0]
2024-04-23T21:15:25,067  INFO [LocalJobRunner Map Task Executor #0] exec.TableScanOperator: RECORDS_OUT_OPERATOR_TS_0:1, RECORDS_OUT_INTERMEDIATE:0, 
2024-04-23T21:15:25,067  INFO [LocalJobRunner Map Task Executor #0] exec.SelectOperator: Closing Operator: SEL[1]
2024-04-23T21:15:25,067  INFO [LocalJobRunner Map Task Executor #0] exec.SelectOperator: RECORDS_OUT_OPERATOR_SEL_1:1, RECORDS_OUT_INTERMEDIATE:0, 
2024-04-23T21:15:25,067  INFO [LocalJobRunner Map Task Executor #0] exec.UDTFOperator: Closing Operator: UDTF[2]
2024-04-23T21:15:25,067  INFO [LocalJobRunner Map Task Executor #0] exec.UDTFOperator: RECORDS_OUT_INTERMEDIATE:0, RECORDS_OUT_OPERATOR_UDTF_2:2, 
2024-04-23T21:15:25,067  INFO [LocalJobRunner Map Task Executor #0] exec.SelectOperator: Closing Operator: SEL[3]
2024-04-23T21:15:25,067  INFO [LocalJobRunner Map Task Executor #0] exec.SelectOperator: RECORDS_OUT_INTERMEDIATE:0, RECORDS_OUT_OPERATOR_SEL_3:2, 
2024-04-23T21:15:25,067  INFO [LocalJobRunner Map Task Executor #0] exec.FileSinkOperator: Closing Operator: FS[4]
2024-04-23T21:15:25,067  INFO [LocalJobRunner Map Task Executor #0] exec.FileSinkOperator: FS[4]: records written - 2
2024-04-23T21:15:25,069  INFO [LocalJobRunner Map Task Executor #0] FileOperations: Writing manifest to file:/home/alex/Repositories/hive/ql/target/tmp/org.apache.hadoop.hive.ql.TestTxnNoBuckets-1713932056679/warehouse/nonacidnonbucket/_tmp.delta_10000001_10000001_0000/000000_0.manifest with [file:/home/alex/Repositories/hive/ql/target/tmp/org.apache.hadoop.hive.ql.TestTxnNoBuckets-1713932056679/warehouse/nonacidnonbucket/delta_10000001_10000001_0000/bucket_00000_0]
2024-04-23T21:15:25,080  INFO [LocalJobRunner Map Task Executor #0] exec.FileSinkOperator: TOTAL_TABLE_ROWS_WRITTEN:2, RECORDS_OUT_1_default.nonacidnonbucket:2, RECORDS_OUT_INTERMEDIATE:0, RECORDS_OUT_OPERATOR_FS_4:2, 
2024-04-23T21:15:25,081  INFO [LocalJobRunner Map Task Executor #0] mapred.LocalJobRunner: 
2024-04-23T21:15:25,081  INFO [LocalJobRunner Map Task Executor #0] mapred.Task: Task:attempt_local376846688_0026_m_000000_0 is done. And is in the process of committing
2024-04-23T21:15:25,081  INFO [LocalJobRunner Map Task Executor #0] mapred.LocalJobRunner: map
2024-04-23T21:15:25,081  INFO [LocalJobRunner Map Task Executor #0] mapred.Task: Task 'attempt_local376846688_0026_m_000000_0' done.
2024-04-23T21:15:25,081  INFO [LocalJobRunner Map Task Executor #0] mapred.Task: Final Counters for attempt_local376846688_0026_m_000000_0: Counters: 27
	File System Counters
		FILE: Number of bytes read=504780
		FILE: Number of bytes written=30603529
		FILE: Number of read operations=0
		FILE: Number of large read operations=0
		FILE: Number of write operations=0
	Map-Reduce Framework
		Map input records=4
		Map output records=0
		Input split bytes=359
		Spilled Records=0
		Failed Shuffles=0
		Merged Map outputs=0
		GC time elapsed (ms)=0
		Total committed heap usage (bytes)=1106247680
	HIVE
		CREATED_FILES=1
		DESERIALIZE_ERRORS=0
		RECORDS_IN=3
		RECORDS_OUT_1_default.nonacidnonbucket=2
		RECORDS_OUT_INTERMEDIATE=0
		RECORDS_OUT_OPERATOR_FS_4=2
		RECORDS_OUT_OPERATOR_MAP_0=0
		RECORDS_OUT_OPERATOR_SEL_1=1
		RECORDS_OUT_OPERATOR_SEL_3=2
		RECORDS_OUT_OPERATOR_TS_0=1
		RECORDS_OUT_OPERATOR_UDTF_2=2
		TOTAL_TABLE_ROWS_WRITTEN=2
	File Input Format Counters 
		Bytes Read=5555
	File Output Format Counters 
		Bytes Written=0
2024-04-23T21:15:25,081  INFO [LocalJobRunner Map Task Executor #0] mapred.LocalJobRunner: Finishing task: attempt_local376846688_0026_m_000000_0
2024-04-23T21:15:25,081  INFO [Thread-1633] mapred.LocalJobRunner: map task executor complete.
2024-04-23 21:15:26,049 Stage-1 map = 100%,  reduce = 0%
2024-04-23T21:15:26,049  INFO [main] exec.Task: 2024-04-23 21:15:26,049 Stage-1 map = 100%,  reduce = 0%
Ended Job = job_local376846688_0026
2024-04-23T21:15:26,050  INFO [main] exec.Task: Ended Job = job_local376846688_0026
2024-04-23T21:15:26,053  INFO [main] FileOperations: Found manifest file file:/home/alex/Repositories/hive/ql/target/tmp/org.apache.hadoop.hive.ql.TestTxnNoBuckets-1713932056679/warehouse/nonacidnonbucket/_tmp.delta_10000001_10000001_0000/000000_0.manifest with attemptId 0.
2024-04-23T21:15:26,053  INFO [main] FileOperations: Looking at manifest file: file:/home/alex/Repositories/hive/ql/target/tmp/org.apache.hadoop.hive.ql.TestTxnNoBuckets-1713932056679/warehouse/nonacidnonbucket/_tmp.delta_10000001_10000001_0000/000000_0.manifest
2024-04-23T21:15:26,054  INFO [main] FileOperations: Deleting manifest directory file:/home/alex/Repositories/hive/ql/target/tmp/org.apache.hadoop.hive.ql.TestTxnNoBuckets-1713932056679/warehouse/nonacidnonbucket/_tmp.delta_10000001_10000001_0000
2024-04-23T21:15:26,058  INFO [main] ql.Driver: Starting task [Stage-0:MOVE] in serial mode
Loading data to table default.nonacidnonbucket
2024-04-23T21:15:26,058  INFO [main] exec.Task: Loading data to table default.nonacidnonbucket from file:/home/alex/Repositories/hive/ql/target/tmp/org.apache.hadoop.hive.ql.TestTxnNoBuckets-1713932056679/warehouse/nonacidnonbucket
2024-04-23T21:15:26,059  INFO [main] HiveMetaStore.audit: ugi=alex	ip=unknown-ip-addr	cmd=get_table : tbl=hive.default.nonacidnonbucket	
2024-04-23T21:15:26,085  INFO [main] metastore.HMSHandler: Skipping translation for processor with null
2024-04-23T21:15:26,085  INFO [main] HiveMetaStore.audit: ugi=alex	ip=unknown-ip-addr	cmd=get_table : tbl=hive.default.nonacidnonbucket	
2024-04-23T21:15:26,097  INFO [main] metastore.HMSHandler: Skipping translation for processor with null
2024-04-23T21:15:26,098  INFO [main] HiveMetaStore.audit: ugi=alex	ip=unknown-ip-addr	cmd=alter_table: hive.default.nonacidnonbucket newtbl=nonacidnonbucket	
2024-04-23T21:15:26,128  INFO [main] ql.Driver: Starting task [Stage-2:STATS] in serial mode
2024-04-23T21:15:26,128  INFO [main] HiveMetaStore.audit: ugi=alex	ip=unknown-ip-addr	cmd=get_table : tbl=hive.default.nonacidnonbucket	
2024-04-23T21:15:26,134  INFO [main] metastore.HMSHandler: Skipping translation for processor with null
2024-04-23T21:15:26,135  INFO [main] stats.BasicStatsTask: Executing stats task
2024-04-23T21:15:26,135  INFO [main] fs.FSStatsPublisher: created : file:/home/alex/Repositories/hive/ql/target/tmp/localscratchdir/0a9f8166-55a0-469d-8508-59e6c2b85f74/hive_2024-04-23_21-15-24_635_96599236396340453-1/-mr-10000
2024-04-23T21:15:26,136  INFO [main] HiveMetaStore.audit: ugi=alex	ip=unknown-ip-addr	cmd=get_table : tbl=hive.default.nonacidnonbucket	
2024-04-23T21:15:26,143  INFO [main] metastore.HMSHandler: Skipping translation for processor with null
2024-04-23T21:15:26,160  WARN [main] FileOperations: Computing stats for an ACID table; stats may be inaccurate
2024-04-23T21:15:26,160  INFO [main] FileOperations: Read stats for default.nonacidnonbucket/, numRows, true, 2, false: 
2024-04-23T21:15:26,160  INFO [main] FileOperations: Read stats for default.nonacidnonbucket/, rawDataSize, true, 0, false: 
2024-04-23T21:15:26,160  INFO [main] HiveMetaStore.audit: ugi=alex	ip=unknown-ip-addr	cmd=alter_table: hive.default.nonacidnonbucket newtbl=nonacidnonbucket	
2024-04-23T21:15:26,181  INFO [main] FileOperations: Read stats for default.nonacidnonbucket/, insertCount, true, 2, false: 
2024-04-23T21:15:26,181  INFO [main] FileOperations: Read stats for default.nonacidnonbucket/, updateCount, true, 0, false: 
2024-04-23T21:15:26,181  INFO [main] FileOperations: Read stats for default.nonacidnonbucket/, deleteCount, true, 0, false: 
2024-04-23T21:15:26,183  INFO [main] stats.BasicStatsTask: Table default.nonacidnonbucket stats: [numFiles=4, numRows=9, totalSize=1515, rawDataSize=56, numFilesErasureCoded=0]
2024-04-23T21:15:26,184  INFO [main] metadata.Hive: Dumping metastore api call timing information for : execution phase
2024-04-23T21:15:26,184  INFO [main] metadata.Hive: Total time spent in each metastore function (ms): {updateTransactionalStatistics_(UpdateTransactionalStatsRequest)=2, alter_table_(String, String, String, Table, EnvironmentContext, String)=51, isCompatibleWith_(Configuration)=0, getTable_(GetTableRequest)=53}
MapReduce Jobs Launched: 
2024-04-23T21:15:26,184  INFO [main] ql.Driver: MapReduce Jobs Launched: 
Stage-Stage-1:  HDFS Read: 0 HDFS Write: 0 SUCCESS
2024-04-23T21:15:26,185  INFO [main] ql.Driver: Stage-Stage-1:  HDFS Read: 0 HDFS Write: 0 SUCCESS
Total MapReduce CPU Time Spent: 0 msec
2024-04-23T21:15:26,185  INFO [main] ql.Driver: Total MapReduce CPU Time Spent: 0 msec
2024-04-23T21:15:26,185  INFO [main] ql.Driver: Completed executing command(queryId=alex_20240423211524_600688b8-eea6-41cb-8b87-45dab602329e); Time taken: 1.391 seconds
2024-04-23T21:15:26,185  INFO [main] lockmgr.DbTxnManager: Stopped heartbeat for query: alex_20240423211524_600688b8-eea6-41cb-8b87-45dab602329e
2024-04-23T21:15:26,195  INFO [main] txn.TxnHandler: Removed transactions: ([18]) from MIN_HISTORY_LEVEL
2024-04-23T21:15:26,195  WARN [main] txn.CompactionTxnHandler: No compaction queue record found for Compaction type transaction commit. txnId:18
2024-04-23T21:15:26,195  INFO [main] ql.TxnCommandsBaseForTests: Running the query: update nonAcidNonBucket set b = 120 where a = 0 and b = 12
2024-04-23T21:15:26,196  INFO [main] ql.Context: Deleting scratch dir: file:/home/alex/Repositories/hive/ql/target/tmp/localscratchdir/0a9f8166-55a0-469d-8508-59e6c2b85f74/hive_2024-04-23_21-15-24_635_96599236396340453-1
2024-04-23T21:15:26,196  INFO [main] cleanup.SyncCleanupService: Deleted directory: file:/home/alex/Repositories/hive/ql/target/tmp/localscratchdir/0a9f8166-55a0-469d-8508-59e6c2b85f74/hive_2024-04-23_21-15-24_635_96599236396340453-1 on fs with scheme file
2024-04-23T21:15:26,196  INFO [main] ql.Driver: Compiling command(queryId=alex_20240423211526_249dfdbf-631e-4dff-9a7a-66eb9982c524): update nonAcidNonBucket set b = 120 where a = 0 and b = 12
2024-04-23T21:15:26,199  INFO [main] txn.TxnHandler: Added entries to MIN_HISTORY_LEVEL for current txns: ([19]) with min_open_txn: 19
2024-04-23T21:15:26,200  INFO [main] lockmgr.DbTxnManager: Opened txnid:19
2024-04-23T21:15:26,201  INFO [main] parse.UpdateDeleteSemanticAnalyzer: Starting caching scope for: 
2024-04-23T21:15:26,201  INFO [main] HiveMetaStore.audit: ugi=alex	ip=unknown-ip-addr	cmd=get_table : tbl=hive.default.nonAcidNonBucket	
2024-04-23T21:15:26,207  INFO [main] metastore.HMSHandler: Skipping translation for processor with null
2024-04-23T21:15:26,207  INFO [main] parse.RewriteSemanticAnalyzer: Going to reparse <update nonAcidNonBucket set b = 120 where a = 0 and b = 12> as 
<insert into table `default`.`nonAcidNonBucket` select ROW__ID,`a`,`b` from `default`.`nonAcidNonBucket` sort by ROW__ID >
2024-04-23T21:15:26,208  INFO [main] parse.UpdateDeleteSemanticAnalyzer: Starting Semantic Analysis
2024-04-23T21:15:26,211  INFO [main] HiveMetaStore.audit: ugi=alex	ip=unknown-ip-addr	cmd=get_table : tbl=hive.default.nonAcidNonBucket	
2024-04-23T21:15:26,216  INFO [main] metastore.ObjectStore: Removed COLUMN_STATS_ACCURATE from Table's parameters.
2024-04-23T21:15:26,217  INFO [main] metastore.HMSHandler: Skipping translation for processor with null
2024-04-23T21:15:26,218  INFO [main] parse.UpdateDeleteSemanticAnalyzer: Completed phase 1 of Semantic Analysis
2024-04-23T21:15:26,218  INFO [main] parse.UpdateDeleteSemanticAnalyzer: Get metadata for source tables
2024-04-23T21:15:26,218  INFO [main] HiveMetaStore.audit: ugi=alex	ip=unknown-ip-addr	cmd=get_table : tbl=hive.default.nonacidnonbucket	
2024-04-23T21:15:26,223  INFO [main] metastore.ObjectStore: Removed COLUMN_STATS_ACCURATE from Table's parameters.
2024-04-23T21:15:26,225  INFO [main] metastore.HMSHandler: Skipping translation for processor with null
2024-04-23T21:15:26,225  INFO [main] parse.UpdateDeleteSemanticAnalyzer: Get metadata for subqueries
2024-04-23T21:15:26,225  INFO [main] parse.UpdateDeleteSemanticAnalyzer: Get metadata for destination tables
2024-04-23T21:15:26,225  INFO [main] HiveMetaStore.audit: ugi=alex	ip=unknown-ip-addr	cmd=get_table : tbl=hive.default.nonAcidNonBucket	
2024-04-23T21:15:26,232  INFO [main] metastore.HMSHandler: Skipping translation for processor with null
2024-04-23T21:15:26,233  INFO [main] parse.UpdateDeleteSemanticAnalyzer: Completed getting MetaData in Semantic Analysis
2024-04-23T21:15:26,233  INFO [main] parse.UpdateDeleteSemanticAnalyzer: Disabling LLAP IO encode as ETL query is detected
2024-04-23T21:15:26,245  INFO [main] HiveMetaStore.audit: ugi=alex	ip=unknown-ip-addr	cmd=get_all_table_constraints : tbl=hive.default.nonacidnonbucket	
2024-04-23T21:15:26,253  INFO [main] HiveMetaStore.audit: ugi=alex	ip=unknown-ip-addr	cmd=get_not_null_constraints : tbl=hive.default.nonacidnonbucket	
2024-04-23T21:15:26,254  INFO [main] HiveMetaStore.audit: ugi=alex	ip=unknown-ip-addr	cmd=get_check_constraints : tbl=hive.default.nonacidnonbucket	
2024-04-23T21:15:26,289  INFO [main] calcite.RelOptHiveTable: Calculating column statistics for default.nonacidnonbucket, projIndxSet: [0, 1], allowMissingStats: true
2024-04-23T21:15:26,290  INFO [main] HiveMetaStore.audit: ugi=alex	ip=unknown-ip-addr	cmd=get_table_statistics_req: table=hive.default.nonacidnonbucket	
2024-04-23T21:15:26,299  WARN [main] calcite.RelOptHiveTable: No Stats for default@nonacidnonbucket, Columns: b, a
No Stats for default@nonacidnonbucket, Columns: b, a
2024-04-23T21:15:26,300  INFO [main] SessionState: No Stats for default@nonacidnonbucket, Columns: b, a
2024-04-23T21:15:26,385  INFO [main] parse.UpdateDeleteSemanticAnalyzer: Get metadata for source tables
2024-04-23T21:15:26,385  INFO [main] parse.UpdateDeleteSemanticAnalyzer: Get metadata for subqueries
2024-04-23T21:15:26,385  INFO [main] parse.UpdateDeleteSemanticAnalyzer: Get metadata for destination tables
2024-04-23T21:15:26,385  INFO [main] HiveMetaStore.audit: ugi=alex	ip=unknown-ip-addr	cmd=get_table : tbl=hive.default.nonAcidNonBucket	
2024-04-23T21:15:26,395  INFO [main] metastore.HMSHandler: Skipping translation for processor with null
2024-04-23T21:15:26,399 ERROR [main] parse.UpdateDeleteSemanticAnalyzer: CBO failed, skipping CBO. 
org.apache.hadoop.hive.ql.exec.NoMatchingMethodException: No matching method for class org.apache.hadoop.hive.ql.udf.UDFToInteger with (struct<writeid:bigint,bucketid:int,rowid:bigint>). Possible choices: _FUNC_(bigint)  _FUNC_(boolean)  _FUNC_(decimal(38,18))  _FUNC_(double)  _FUNC_(float)  _FUNC_(smallint)  _FUNC_(string)  _FUNC_(struct<bucketid:bigint,writeid:int,rowid:bigint>)  _FUNC_(timestamp)  _FUNC_(tinyint)  _FUNC_(void)  
	at org.apache.hadoop.hive.ql.exec.MethodUtils.getMethodInternal(MethodUtils.java:130) ~[classes/:?]
	at org.apache.hadoop.hive.ql.exec.MethodUtils.getMethodInternal(MethodUtils.java:60) ~[classes/:?]
	at org.apache.hadoop.hive.ql.exec.DefaultUDFMethodResolver.getEvalMethod(DefaultUDFMethodResolver.java:59) ~[classes/:?]
	at org.apache.hadoop.hive.ql.udf.TimestampCastRestrictorResolver.getEvalMethod(TimestampCastRestrictorResolver.java:68) ~[classes/:?]
	at org.apache.hadoop.hive.ql.udf.generic.GenericUDFBridge.initialize(GenericUDFBridge.java:168) ~[classes/:?]
	at org.apache.hadoop.hive.ql.udf.generic.GenericUDF.initializeAndFoldConstants(GenericUDF.java:149) ~[classes/:?]
	at org.apache.hadoop.hive.ql.plan.ExprNodeGenericFuncDesc.newInstance(ExprNodeGenericFuncDesc.java:235) ~[classes/:?]
	at org.apache.hadoop.hive.ql.parse.type.ExprNodeDescExprFactory.createFuncCallExpr(ExprNodeDescExprFactory.java:584) ~[classes/:?]
	at org.apache.hadoop.hive.ql.parse.type.ExprNodeDescExprFactory.createFuncCallExpr(ExprNodeDescExprFactory.java:97) ~[classes/:?]
	at org.apache.hadoop.hive.ql.parse.type.TypeCheckProcFactory$DefaultExprProcessor.getFuncExprNodeDescWithUdfData(TypeCheckProcFactory.java:762) ~[classes/:?]
	at org.apache.hadoop.hive.ql.parse.type.TypeCheckProcFactory$DefaultExprProcessor.createConversionCast(TypeCheckProcFactory.java:783) ~[classes/:?]
	at org.apache.hadoop.hive.ql.parse.SemanticAnalyzer.getPartitionColsFromBucketColsForUpdateDelete(SemanticAnalyzer.java:8725) ~[classes/:?]
	at org.apache.hadoop.hive.ql.parse.SemanticAnalyzer.genBucketingSortingDest(SemanticAnalyzer.java:6914) ~[classes/:?]
	at org.apache.hadoop.hive.ql.parse.SemanticAnalyzer.genFileSinkPlan(SemanticAnalyzer.java:7335) ~[classes/:?]
	at org.apache.hadoop.hive.ql.parse.SemanticAnalyzer.genPostGroupByBodyPlan(SemanticAnalyzer.java:11063) ~[classes/:?]
	at org.apache.hadoop.hive.ql.parse.SemanticAnalyzer.genBodyPlan(SemanticAnalyzer.java:10938) ~[classes/:?]
	at org.apache.hadoop.hive.ql.parse.SemanticAnalyzer.genPlan(SemanticAnalyzer.java:11853) ~[classes/:?]
	at org.apache.hadoop.hive.ql.parse.SemanticAnalyzer.genPlan(SemanticAnalyzer.java:11723) ~[classes/:?]
	at org.apache.hadoop.hive.ql.parse.CalcitePlanner.genOPTree(CalcitePlanner.java:626) ~[classes/:?]
	at org.apache.hadoop.hive.ql.parse.SemanticAnalyzer.analyzeInternal(SemanticAnalyzer.java:12558) ~[classes/:?]
	at org.apache.hadoop.hive.ql.parse.CalcitePlanner.analyzeInternal(CalcitePlanner.java:456) ~[classes/:?]
	at org.apache.hadoop.hive.ql.parse.RewriteSemanticAnalyzer.analyzeInternal(RewriteSemanticAnalyzer.java:67) ~[classes/:?]
	at org.apache.hadoop.hive.ql.parse.BaseSemanticAnalyzer.analyze(BaseSemanticAnalyzer.java:317) ~[classes/:?]
	at org.apache.hadoop.hive.ql.parse.UpdateDeleteSemanticAnalyzer.reparseAndSuperAnalyze(UpdateDeleteSemanticAnalyzer.java:208) ~[classes/:?]
	at org.apache.hadoop.hive.ql.parse.UpdateDeleteSemanticAnalyzer.analyzeUpdate(UpdateDeleteSemanticAnalyzer.java:63) ~[classes/:?]
	at org.apache.hadoop.hive.ql.parse.UpdateDeleteSemanticAnalyzer.analyze(UpdateDeleteSemanticAnalyzer.java:53) ~[classes/:?]
	at org.apache.hadoop.hive.ql.parse.RewriteSemanticAnalyzer.analyzeInternal(RewriteSemanticAnalyzer.java:72) ~[classes/:?]
	at org.apache.hadoop.hive.ql.parse.BaseSemanticAnalyzer.analyze(BaseSemanticAnalyzer.java:317) ~[classes/:?]
	at org.apache.hadoop.hive.ql.Compiler.analyze(Compiler.java:223) ~[classes/:?]
	at org.apache.hadoop.hive.ql.Compiler.compile(Compiler.java:105) ~[classes/:?]
	at org.apache.hadoop.hive.ql.Driver.compile(Driver.java:500) ~[classes/:?]
	at org.apache.hadoop.hive.ql.Driver.compileInternal(Driver.java:453) ~[classes/:?]
	at org.apache.hadoop.hive.ql.Driver.runInternal(Driver.java:181) ~[classes/:?]
	at org.apache.hadoop.hive.ql.Driver.run(Driver.java:153) ~[classes/:?]
	at org.apache.hadoop.hive.ql.Driver.run(Driver.java:140) ~[classes/:?]
	at org.apache.hadoop.hive.ql.TxnCommandsBaseForTests.runStatementOnDriver(TxnCommandsBaseForTests.java:245) ~[test-classes/:?]
	at org.apache.hadoop.hive.ql.TestTxnNoBuckets.testToAcidConversion02(TestTxnNoBuckets.java:553) ~[test-classes/:?]
	at sun.reflect.NativeMethodAccessorImpl.invoke0(Native Method) ~[?:1.8.0_402]
	at sun.reflect.NativeMethodAccessorImpl.invoke(NativeMethodAccessorImpl.java:62) ~[?:1.8.0_402]
	at sun.reflect.DelegatingMethodAccessorImpl.invoke(DelegatingMethodAccessorImpl.java:43) ~[?:1.8.0_402]
	at java.lang.reflect.Method.invoke(Method.java:498) ~[?:1.8.0_402]
	at org.junit.runners.model.FrameworkMethod$1.runReflectiveCall(FrameworkMethod.java:59) ~[junit-4.13.jar:4.13]
	at org.junit.internal.runners.model.ReflectiveCallable.run(ReflectiveCallable.java:12) ~[junit-4.13.jar:4.13]
	at org.junit.runners.model.FrameworkMethod.invokeExplosively(FrameworkMethod.java:56) ~[junit-4.13.jar:4.13]
	at org.junit.internal.runners.statements.InvokeMethod.evaluate(InvokeMethod.java:17) ~[junit-4.13.jar:4.13]
	at org.junit.internal.runners.statements.RunBefores.evaluate(RunBefores.java:26) ~[junit-4.13.jar:4.13]
	at org.junit.internal.runners.statements.RunAfters.evaluate(RunAfters.java:27) ~[junit-4.13.jar:4.13]
	at org.junit.rules.TestWatcher$1.evaluate(TestWatcher.java:61) ~[junit-4.13.jar:4.13]
	at org.junit.runners.ParentRunner$3.evaluate(ParentRunner.java:306) ~[junit-4.13.jar:4.13]
	at org.junit.runners.BlockJUnit4ClassRunner$1.evaluate(BlockJUnit4ClassRunner.java:100) ~[junit-4.13.jar:4.13]
	at org.junit.runners.ParentRunner.runLeaf(ParentRunner.java:366) ~[junit-4.13.jar:4.13]
	at org.junit.runners.BlockJUnit4ClassRunner.runChild(BlockJUnit4ClassRunner.java:103) ~[junit-4.13.jar:4.13]
	at org.junit.runners.BlockJUnit4ClassRunner.runChild(BlockJUnit4ClassRunner.java:63) ~[junit-4.13.jar:4.13]
	at org.junit.runners.ParentRunner$4.run(ParentRunner.java:331) ~[junit-4.13.jar:4.13]
	at org.junit.runners.ParentRunner$1.schedule(ParentRunner.java:79) ~[junit-4.13.jar:4.13]
	at org.junit.runners.ParentRunner.runChildren(ParentRunner.java:329) ~[junit-4.13.jar:4.13]
	at org.junit.runners.ParentRunner.access$100(ParentRunner.java:66) ~[junit-4.13.jar:4.13]
	at org.junit.runners.ParentRunner$2.evaluate(ParentRunner.java:293) ~[junit-4.13.jar:4.13]
	at org.junit.runners.ParentRunner$3.evaluate(ParentRunner.java:306) ~[junit-4.13.jar:4.13]
	at org.junit.runners.ParentRunner.run(ParentRunner.java:413) ~[junit-4.13.jar:4.13]
	at org.junit.runner.JUnitCore.run(JUnitCore.java:137) ~[junit-4.13.jar:4.13]
	at org.junit.runner.JUnitCore.run(JUnitCore.java:115) ~[junit-4.13.jar:4.13]
	at org.junit.vintage.engine.execution.RunnerExecutor.execute(RunnerExecutor.java:43) ~[junit-vintage-engine-5.6.2.jar:5.6.2]
	at java.util.stream.ForEachOps$ForEachOp$OfRef.accept(ForEachOps.java:183) ~[?:1.8.0_402]
	at java.util.stream.ReferencePipeline$3$1.accept(ReferencePipeline.java:193) ~[?:1.8.0_402]
	at java.util.Iterator.forEachRemaining(Iterator.java:116) ~[?:1.8.0_402]
	at java.util.Spliterators$IteratorSpliterator.forEachRemaining(Spliterators.java:1801) ~[?:1.8.0_402]
	at java.util.stream.AbstractPipeline.copyInto(AbstractPipeline.java:482) ~[?:1.8.0_402]
	at java.util.stream.AbstractPipeline.wrapAndCopyInto(AbstractPipeline.java:472) ~[?:1.8.0_402]
	at java.util.stream.ForEachOps$ForEachOp.evaluateSequential(ForEachOps.java:150) ~[?:1.8.0_402]
	at java.util.stream.ForEachOps$ForEachOp$OfRef.evaluateSequential(ForEachOps.java:173) ~[?:1.8.0_402]
	at java.util.stream.AbstractPipeline.evaluate(AbstractPipeline.java:234) ~[?:1.8.0_402]
	at java.util.stream.ReferencePipeline.forEach(ReferencePipeline.java:485) ~[?:1.8.0_402]
	at org.junit.vintage.engine.VintageTestEngine.executeAllChildren(VintageTestEngine.java:82) ~[junit-vintage-engine-5.6.2.jar:5.6.2]
	at org.junit.vintage.engine.VintageTestEngine.execute(VintageTestEngine.java:73) ~[junit-vintage-engine-5.6.2.jar:5.6.2]
	at org.junit.platform.launcher.core.DefaultLauncher.execute(DefaultLauncher.java:248) ~[junit-platform-launcher-1.6.2.jar:1.6.2]
	at org.junit.platform.launcher.core.DefaultLauncher.lambda$execute$5(DefaultLauncher.java:211) ~[junit-platform-launcher-1.6.2.jar:1.6.2]
	at org.junit.platform.launcher.core.DefaultLauncher.withInterceptedStreams(DefaultLauncher.java:226) [junit-platform-launcher-1.6.2.jar:1.6.2]
	at org.junit.platform.launcher.core.DefaultLauncher.execute(DefaultLauncher.java:199) [junit-platform-launcher-1.6.2.jar:1.6.2]
	at org.junit.platform.launcher.core.DefaultLauncher.execute(DefaultLauncher.java:132) [junit-platform-launcher-1.6.2.jar:1.6.2]
	at org.apache.maven.surefire.junitplatform.JUnitPlatformProvider.invokeAllTests(JUnitPlatformProvider.java:154) [surefire-junit-platform-3.0.0-M4.jar:3.0.0-M4]
	at org.apache.maven.surefire.junitplatform.JUnitPlatformProvider.invoke(JUnitPlatformProvider.java:123) [surefire-junit-platform-3.0.0-M4.jar:3.0.0-M4]
	at org.apache.maven.surefire.booter.ForkedBooter.runSuitesInProcess(ForkedBooter.java:377) [surefire-booter-3.0.0-M4.jar:3.0.0-M4]
	at org.apache.maven.surefire.booter.ForkedBooter.execute(ForkedBooter.java:138) [surefire-booter-3.0.0-M4.jar:3.0.0-M4]
	at org.apache.maven.surefire.booter.ForkedBooter.run(ForkedBooter.java:465) [surefire-booter-3.0.0-M4.jar:3.0.0-M4]
	at org.apache.maven.surefire.booter.ForkedBooter.main(ForkedBooter.java:451) [surefire-booter-3.0.0-M4.jar:3.0.0-M4]
2024-04-23T21:15:26,400 ERROR [main] parse.UpdateDeleteSemanticAnalyzer: CBO failed due to missing column stats (see previous errors), skipping CBO
2024-04-23T21:15:26,400  INFO [main] parse.UpdateDeleteSemanticAnalyzer: Ending caching scope for: 
FAILED: NoMatchingMethodException No matching method for class org.apache.hadoop.hive.ql.udf.UDFToInteger with (struct<writeid:bigint,bucketid:int,rowid:bigint>). Possible choices: _FUNC_(bigint)  _FUNC_(boolean)  _FUNC_(decimal(38,18))  _FUNC_(double)  _FUNC_(float)  _FUNC_(smallint)  _FUNC_(string)  _FUNC_(struct<bucketid:bigint,writeid:int,rowid:bigint>)  _FUNC_(timestamp)  _FUNC_(tinyint)  _FUNC_(void)  
2024-04-23T21:15:26,401 ERROR [main] ql.Driver: FAILED: NoMatchingMethodException No matching method for class org.apache.hadoop.hive.ql.udf.UDFToInteger with (struct<writeid:bigint,bucketid:int,rowid:bigint>). Possible choices: _FUNC_(bigint)  _FUNC_(boolean)  _FUNC_(decimal(38,18))  _FUNC_(double)  _FUNC_(float)  _FUNC_(smallint)  _FUNC_(string)  _FUNC_(struct<bucketid:bigint,writeid:int,rowid:bigint>)  _FUNC_(timestamp)  _FUNC_(tinyint)  _FUNC_(void)  
org.apache.hadoop.hive.ql.exec.NoMatchingMethodException: No matching method for class org.apache.hadoop.hive.ql.udf.UDFToInteger with (struct<writeid:bigint,bucketid:int,rowid:bigint>). Possible choices: _FUNC_(bigint)  _FUNC_(boolean)  _FUNC_(decimal(38,18))  _FUNC_(double)  _FUNC_(float)  _FUNC_(smallint)  _FUNC_(string)  _FUNC_(struct<bucketid:bigint,writeid:int,rowid:bigint>)  _FUNC_(timestamp)  _FUNC_(tinyint)  _FUNC_(void)  
	at org.apache.hadoop.hive.ql.exec.MethodUtils.getMethodInternal(MethodUtils.java:130)
	at org.apache.hadoop.hive.ql.exec.MethodUtils.getMethodInternal(MethodUtils.java:60)
	at org.apache.hadoop.hive.ql.exec.DefaultUDFMethodResolver.getEvalMethod(DefaultUDFMethodResolver.java:59)
	at org.apache.hadoop.hive.ql.udf.TimestampCastRestrictorResolver.getEvalMethod(TimestampCastRestrictorResolver.java:68)
	at org.apache.hadoop.hive.ql.udf.generic.GenericUDFBridge.initialize(GenericUDFBridge.java:168)
	at org.apache.hadoop.hive.ql.udf.generic.GenericUDF.initializeAndFoldConstants(GenericUDF.java:149)
	at org.apache.hadoop.hive.ql.plan.ExprNodeGenericFuncDesc.newInstance(ExprNodeGenericFuncDesc.java:235)
	at org.apache.hadoop.hive.ql.parse.type.ExprNodeDescExprFactory.createFuncCallExpr(ExprNodeDescExprFactory.java:584)
	at org.apache.hadoop.hive.ql.parse.type.ExprNodeDescExprFactory.createFuncCallExpr(ExprNodeDescExprFactory.java:97)
	at org.apache.hadoop.hive.ql.parse.type.TypeCheckProcFactory$DefaultExprProcessor.getFuncExprNodeDescWithUdfData(TypeCheckProcFactory.java:762)
	at org.apache.hadoop.hive.ql.parse.type.TypeCheckProcFactory$DefaultExprProcessor.createConversionCast(TypeCheckProcFactory.java:783)
	at org.apache.hadoop.hive.ql.parse.SemanticAnalyzer.getPartitionColsFromBucketColsForUpdateDelete(SemanticAnalyzer.java:8725)
	at org.apache.hadoop.hive.ql.parse.SemanticAnalyzer.genBucketingSortingDest(SemanticAnalyzer.java:6914)
	at org.apache.hadoop.hive.ql.parse.SemanticAnalyzer.genFileSinkPlan(SemanticAnalyzer.java:7335)
	at org.apache.hadoop.hive.ql.parse.SemanticAnalyzer.genPostGroupByBodyPlan(SemanticAnalyzer.java:11063)
	at org.apache.hadoop.hive.ql.parse.SemanticAnalyzer.genBodyPlan(SemanticAnalyzer.java:10938)
	at org.apache.hadoop.hive.ql.parse.SemanticAnalyzer.genPlan(SemanticAnalyzer.java:11853)
	at org.apache.hadoop.hive.ql.parse.SemanticAnalyzer.genPlan(SemanticAnalyzer.java:11723)
	at org.apache.hadoop.hive.ql.parse.CalcitePlanner.genOPTree(CalcitePlanner.java:626)
	at org.apache.hadoop.hive.ql.parse.SemanticAnalyzer.analyzeInternal(SemanticAnalyzer.java:12558)
	at org.apache.hadoop.hive.ql.parse.CalcitePlanner.analyzeInternal(CalcitePlanner.java:456)
	at org.apache.hadoop.hive.ql.parse.RewriteSemanticAnalyzer.analyzeInternal(RewriteSemanticAnalyzer.java:67)
	at org.apache.hadoop.hive.ql.parse.BaseSemanticAnalyzer.analyze(BaseSemanticAnalyzer.java:317)
	at org.apache.hadoop.hive.ql.parse.UpdateDeleteSemanticAnalyzer.reparseAndSuperAnalyze(UpdateDeleteSemanticAnalyzer.java:208)
	at org.apache.hadoop.hive.ql.parse.UpdateDeleteSemanticAnalyzer.analyzeUpdate(UpdateDeleteSemanticAnalyzer.java:63)
	at org.apache.hadoop.hive.ql.parse.UpdateDeleteSemanticAnalyzer.analyze(UpdateDeleteSemanticAnalyzer.java:53)
	at org.apache.hadoop.hive.ql.parse.RewriteSemanticAnalyzer.analyzeInternal(RewriteSemanticAnalyzer.java:72)
	at org.apache.hadoop.hive.ql.parse.BaseSemanticAnalyzer.analyze(BaseSemanticAnalyzer.java:317)
	at org.apache.hadoop.hive.ql.Compiler.analyze(Compiler.java:223)
	at org.apache.hadoop.hive.ql.Compiler.compile(Compiler.java:105)
	at org.apache.hadoop.hive.ql.Driver.compile(Driver.java:500)
	at org.apache.hadoop.hive.ql.Driver.compileInternal(Driver.java:453)
	at org.apache.hadoop.hive.ql.Driver.runInternal(Driver.java:181)
	at org.apache.hadoop.hive.ql.Driver.run(Driver.java:153)
	at org.apache.hadoop.hive.ql.Driver.run(Driver.java:140)
	at org.apache.hadoop.hive.ql.TxnCommandsBaseForTests.runStatementOnDriver(TxnCommandsBaseForTests.java:245)
	at org.apache.hadoop.hive.ql.TestTxnNoBuckets.testToAcidConversion02(TestTxnNoBuckets.java:553)
	at sun.reflect.NativeMethodAccessorImpl.invoke0(Native Method)
	at sun.reflect.NativeMethodAccessorImpl.invoke(NativeMethodAccessorImpl.java:62)
	at sun.reflect.DelegatingMethodAccessorImpl.invoke(DelegatingMethodAccessorImpl.java:43)
	at java.lang.reflect.Method.invoke(Method.java:498)
	at org.junit.runners.model.FrameworkMethod$1.runReflectiveCall(FrameworkMethod.java:59)
	at org.junit.internal.runners.model.ReflectiveCallable.run(ReflectiveCallable.java:12)
	at org.junit.runners.model.FrameworkMethod.invokeExplosively(FrameworkMethod.java:56)
	at org.junit.internal.runners.statements.InvokeMethod.evaluate(InvokeMethod.java:17)
	at org.junit.internal.runners.statements.RunBefores.evaluate(RunBefores.java:26)
	at org.junit.internal.runners.statements.RunAfters.evaluate(RunAfters.java:27)
	at org.junit.rules.TestWatcher$1.evaluate(TestWatcher.java:61)
	at org.junit.runners.ParentRunner$3.evaluate(ParentRunner.java:306)
	at org.junit.runners.BlockJUnit4ClassRunner$1.evaluate(BlockJUnit4ClassRunner.java:100)
	at org.junit.runners.ParentRunner.runLeaf(ParentRunner.java:366)
	at org.junit.runners.BlockJUnit4ClassRunner.runChild(BlockJUnit4ClassRunner.java:103)
	at org.junit.runners.BlockJUnit4ClassRunner.runChild(BlockJUnit4ClassRunner.java:63)
	at org.junit.runners.ParentRunner$4.run(ParentRunner.java:331)
	at org.junit.runners.ParentRunner$1.schedule(ParentRunner.java:79)
	at org.junit.runners.ParentRunner.runChildren(ParentRunner.java:329)
	at org.junit.runners.ParentRunner.access$100(ParentRunner.java:66)
	at org.junit.runners.ParentRunner$2.evaluate(ParentRunner.java:293)
	at org.junit.runners.ParentRunner$3.evaluate(ParentRunner.java:306)
	at org.junit.runners.ParentRunner.run(ParentRunner.java:413)
	at org.junit.runner.JUnitCore.run(JUnitCore.java:137)
	at org.junit.runner.JUnitCore.run(JUnitCore.java:115)
	at org.junit.vintage.engine.execution.RunnerExecutor.execute(RunnerExecutor.java:43)
	at java.util.stream.ForEachOps$ForEachOp$OfRef.accept(ForEachOps.java:183)
	at java.util.stream.ReferencePipeline$3$1.accept(ReferencePipeline.java:193)
	at java.util.Iterator.forEachRemaining(Iterator.java:116)
	at java.util.Spliterators$IteratorSpliterator.forEachRemaining(Spliterators.java:1801)
	at java.util.stream.AbstractPipeline.copyInto(AbstractPipeline.java:482)
	at java.util.stream.AbstractPipeline.wrapAndCopyInto(AbstractPipeline.java:472)
	at java.util.stream.ForEachOps$ForEachOp.evaluateSequential(ForEachOps.java:150)
	at java.util.stream.ForEachOps$ForEachOp$OfRef.evaluateSequential(ForEachOps.java:173)
	at java.util.stream.AbstractPipeline.evaluate(AbstractPipeline.java:234)
	at java.util.stream.ReferencePipeline.forEach(ReferencePipeline.java:485)
	at org.junit.vintage.engine.VintageTestEngine.executeAllChildren(VintageTestEngine.java:82)
	at org.junit.vintage.engine.VintageTestEngine.execute(VintageTestEngine.java:73)
	at org.junit.platform.launcher.core.DefaultLauncher.execute(DefaultLauncher.java:248)
	at org.junit.platform.launcher.core.DefaultLauncher.lambda$execute$5(DefaultLauncher.java:211)
	at org.junit.platform.launcher.core.DefaultLauncher.withInterceptedStreams(DefaultLauncher.java:226)
	at org.junit.platform.launcher.core.DefaultLauncher.execute(DefaultLauncher.java:199)
	at org.junit.platform.launcher.core.DefaultLauncher.execute(DefaultLauncher.java:132)
	at org.apache.maven.surefire.junitplatform.JUnitPlatformProvider.invokeAllTests(JUnitPlatformProvider.java:154)
	at org.apache.maven.surefire.junitplatform.JUnitPlatformProvider.invoke(JUnitPlatformProvider.java:123)
	at org.apache.maven.surefire.booter.ForkedBooter.runSuitesInProcess(ForkedBooter.java:377)
	at org.apache.maven.surefire.booter.ForkedBooter.execute(ForkedBooter.java:138)
	at org.apache.maven.surefire.booter.ForkedBooter.run(ForkedBooter.java:465)
	at org.apache.maven.surefire.booter.ForkedBooter.main(ForkedBooter.java:451)

2024-04-23T21:15:26,401  INFO [main] metadata.Hive: Dumping metastore api call timing information for : compilation phase
2024-04-23T21:15:26,401  INFO [main] metadata.Hive: Total time spent in each metastore function (ms): {openTxn_(String, TxnType)=2, getNotNullConstraints_(NotNullConstraintsRequest)=1, isCompatibleWith_(Configuration)=1, getCheckConstraints_(CheckConstraintsRequest)=1, getValidTxns_(long)=1, getValidWriteIds_(List, String)=3, flushCache_()=0, getTable_(GetTableRequest)=38, commitTxn_(CommitTxnRequest)=10, getTableColumnStatistics_(String, String, List, String)=9, getAllTableConstraints_(AllTableConstraintsRequest)=6}
2024-04-23T21:15:26,402  INFO [main] ql.Driver: Completed compiling command(queryId=alex_20240423211526_249dfdbf-631e-4dff-9a7a-66eb9982c524); Time taken: 0.205 seconds
2024-04-23T21:15:26,402  INFO [main] lockmgr.DbTxnManager: Stopped heartbeat for query: null
2024-04-23T21:15:26,406  INFO [main] txn.TxnHandler: Removed transactions: ([19]) from MIN_HISTORY_LEVEL
2024-04-23T21:15:26,413  INFO [main] ql.TxnCommandsBaseForTests: Running the query: drop table if exists acidTbl
2024-04-23T21:15:26,413  INFO [main] ql.Driver: Compiling command(queryId=alex_20240423211526_ffd552cd-6710-4c66-985c-69e34572f002): drop table if exists acidTbl
2024-04-23T21:15:26,416  INFO [main] txn.TxnHandler: Added entries to MIN_HISTORY_LEVEL for current txns: ([20]) with min_open_txn: 19
2024-04-23T21:15:26,416  INFO [main] lockmgr.DbTxnManager: Opened txnid:20
2024-04-23T21:15:26,417  INFO [main] HiveMetaStore.audit: ugi=alex	ip=unknown-ip-addr	cmd=get_table : tbl=hive.default.acidTbl	
2024-04-23T21:15:26,423  INFO [main] metastore.HMSHandler: Skipping translation for processor with null
2024-04-23T21:15:26,424  INFO [main] ql.Driver: Semantic Analysis Completed (retrial = false)
2024-04-23T21:15:26,424  INFO [main] ql.Driver: Created Hive schema: Schema(fieldSchemas:null, properties:null)
2024-04-23T21:15:26,424  INFO [main] metadata.Hive: Dumping metastore api call timing information for : compilation phase
2024-04-23T21:15:26,424  INFO [main] metadata.Hive: Total time spent in each metastore function (ms): {getTable_(GetTableRequest)=7, flushCache_()=0, rollbackTxn_(long)=11, openTxn_(String, TxnType)=2, getValidTxns_(long)=1, isCompatibleWith_(Configuration)=0}
2024-04-23T21:15:26,424  INFO [main] ql.Driver: Completed compiling command(queryId=alex_20240423211526_ffd552cd-6710-4c66-985c-69e34572f002); Time taken: 0.011 seconds
2024-04-23T21:15:26,424  INFO [main] lockmgr.DbTxnManager: Setting lock request transaction to txnid:20 for queryId=alex_20240423211526_ffd552cd-6710-4c66-985c-69e34572f002
2024-04-23T21:15:26,425  INFO [main] lockmgr.DbLockManager: Requesting lock for queryId=alex_20240423211526_ffd552cd-6710-4c66-985c-69e34572f002
2024-04-23T21:15:26,440  INFO [main] lockmgr.DbLockManager: Response to queryId=alex_20240423211526_ffd552cd-6710-4c66-985c-69e34572f002 LockResponse(lockid:13, state:ACQUIRED)
2024-04-23T21:15:26,440  INFO [main] ql.Driver: Operation DROPTABLE obtained 1 locks
2024-04-23T21:15:26,440  INFO [main] ql.Driver: Executing command(queryId=alex_20240423211526_ffd552cd-6710-4c66-985c-69e34572f002): drop table if exists acidTbl
2024-04-23T21:15:26,441  INFO [main] ql.Driver: Starting task [Stage-0:DDL] in serial mode
2024-04-23T21:15:26,441  INFO [main] HiveMetaStore.audit: ugi=alex	ip=unknown-ip-addr	cmd=get_table : tbl=hive.default.acidTbl	
2024-04-23T21:15:26,447  INFO [main] metastore.HMSHandler: Skipping translation for processor with null
2024-04-23T21:15:26,448  INFO [main] HiveMetaStore.audit: ugi=alex	ip=unknown-ip-addr	cmd=get_table : tbl=hive.default.acidTbl	
2024-04-23T21:15:26,454  INFO [main] metastore.HMSHandler: Skipping translation for processor with null
2024-04-23T21:15:26,455  INFO [main] HiveMetaStore.audit: ugi=alex	ip=unknown-ip-addr	cmd=drop_table : tbl=hive.default.acidTbl	
2024-04-23T21:15:26,556  INFO [main] metadata.Hive: Dumping metastore api call timing information for : execution phase
2024-04-23T21:15:26,556  INFO [main] metadata.Hive: Total time spent in each metastore function (ms): {getTable_(GetTableRequest)=7, isCompatibleWith_(Configuration)=0, dropTable_(String, String, boolean, boolean, boolean)=108}
2024-04-23T21:15:26,556  INFO [main] ql.Driver: Completed executing command(queryId=alex_20240423211526_ffd552cd-6710-4c66-985c-69e34572f002); Time taken: 0.116 seconds
2024-04-23T21:15:26,556  INFO [main] lockmgr.DbTxnManager: Stopped heartbeat for query: alex_20240423211526_ffd552cd-6710-4c66-985c-69e34572f002
2024-04-23T21:15:26,560  INFO [main] txn.TxnHandler: Expected to move at least one record from txn_components to completed_txn_components when committing txn! txnid:20
2024-04-23T21:15:26,566  INFO [main] txn.TxnHandler: Removed transactions: ([20]) from MIN_HISTORY_LEVEL
2024-04-23T21:15:26,567  WARN [main] txn.CompactionTxnHandler: No compaction queue record found for Compaction type transaction commit. txnId:20
2024-04-23T21:15:26,568  INFO [main] ql.TxnCommandsBaseForTests: Running the query: drop table if exists acidTblPart
2024-04-23T21:15:26,568  INFO [main] ql.Driver: Compiling command(queryId=alex_20240423211526_caceeb7b-8b12-47bf-a726-9dd904fa59f2): drop table if exists acidTblPart
2024-04-23T21:15:26,571  INFO [main] txn.TxnHandler: Added entries to MIN_HISTORY_LEVEL for current txns: ([21]) with min_open_txn: 19
2024-04-23T21:15:26,571  INFO [main] lockmgr.DbTxnManager: Opened txnid:21
2024-04-23T21:15:26,572  INFO [main] HiveMetaStore.audit: ugi=alex	ip=unknown-ip-addr	cmd=get_table : tbl=hive.default.acidTblPart	
2024-04-23T21:15:26,578  INFO [main] metastore.HMSHandler: Skipping translation for processor with null
2024-04-23T21:15:26,578  INFO [main] ql.Driver: Semantic Analysis Completed (retrial = false)
2024-04-23T21:15:26,578  INFO [main] ql.Driver: Created Hive schema: Schema(fieldSchemas:null, properties:null)
2024-04-23T21:15:26,578  INFO [main] metadata.Hive: Dumping metastore api call timing information for : compilation phase
2024-04-23T21:15:26,579  INFO [main] metadata.Hive: Total time spent in each metastore function (ms): {commitTxn_(CommitTxnRequest)=11, flushCache_()=1, isCompatibleWith_(Configuration)=0, getTable_(GetTableRequest)=6, openTxn_(String, TxnType)=2, getValidTxns_(long)=1}
2024-04-23T21:15:26,579  INFO [main] ql.Driver: Completed compiling command(queryId=alex_20240423211526_caceeb7b-8b12-47bf-a726-9dd904fa59f2); Time taken: 0.01 seconds
2024-04-23T21:15:26,579  INFO [main] lockmgr.DbTxnManager: Setting lock request transaction to txnid:21 for queryId=alex_20240423211526_caceeb7b-8b12-47bf-a726-9dd904fa59f2
2024-04-23T21:15:26,580  INFO [main] lockmgr.DbLockManager: Requesting lock for queryId=alex_20240423211526_caceeb7b-8b12-47bf-a726-9dd904fa59f2
2024-04-23T21:15:26,594  INFO [main] lockmgr.DbLockManager: Response to queryId=alex_20240423211526_caceeb7b-8b12-47bf-a726-9dd904fa59f2 LockResponse(lockid:14, state:ACQUIRED)
2024-04-23T21:15:26,594  INFO [main] ql.Driver: Operation DROPTABLE obtained 1 locks
2024-04-23T21:15:26,594  INFO [main] ql.Driver: Executing command(queryId=alex_20240423211526_caceeb7b-8b12-47bf-a726-9dd904fa59f2): drop table if exists acidTblPart
2024-04-23T21:15:26,594  INFO [main] ql.Driver: Starting task [Stage-0:DDL] in serial mode
2024-04-23T21:15:26,595  INFO [main] HiveMetaStore.audit: ugi=alex	ip=unknown-ip-addr	cmd=get_table : tbl=hive.default.acidTblPart	
2024-04-23T21:15:26,601  INFO [main] metastore.HMSHandler: Skipping translation for processor with null
2024-04-23T21:15:26,601  INFO [main] HiveMetaStore.audit: ugi=alex	ip=unknown-ip-addr	cmd=get_table : tbl=hive.default.acidTblPart	
2024-04-23T21:15:26,608  INFO [main] metastore.HMSHandler: Skipping translation for processor with null
2024-04-23T21:15:26,608  INFO [main] HiveMetaStore.audit: ugi=alex	ip=unknown-ip-addr	cmd=drop_table : tbl=hive.default.acidTblPart	
2024-04-23T21:15:26,645  INFO [main] metadata.Hive: Dumping metastore api call timing information for : execution phase
2024-04-23T21:15:26,645  INFO [main] metadata.Hive: Total time spent in each metastore function (ms): {isCompatibleWith_(Configuration)=1, dropTable_(String, String, boolean, boolean, boolean)=44, getTable_(GetTableRequest)=6}
2024-04-23T21:15:26,646  INFO [main] ql.Driver: Completed executing command(queryId=alex_20240423211526_caceeb7b-8b12-47bf-a726-9dd904fa59f2); Time taken: 0.051 seconds
2024-04-23T21:15:26,646  INFO [main] lockmgr.DbTxnManager: Stopped heartbeat for query: alex_20240423211526_caceeb7b-8b12-47bf-a726-9dd904fa59f2
2024-04-23T21:15:26,649  INFO [main] txn.TxnHandler: Expected to move at least one record from txn_components to completed_txn_components when committing txn! txnid:21
2024-04-23T21:15:26,655  INFO [main] txn.TxnHandler: Removed transactions: ([21]) from MIN_HISTORY_LEVEL
2024-04-23T21:15:26,655  WARN [main] txn.CompactionTxnHandler: No compaction queue record found for Compaction type transaction commit. txnId:21
2024-04-23T21:15:26,656  INFO [main] ql.TxnCommandsBaseForTests: Running the query: drop table if exists acidTbl2
2024-04-23T21:15:26,656  INFO [main] ql.Driver: Compiling command(queryId=alex_20240423211526_463eb891-abdf-4ce3-94a5-b17511ae7ca5): drop table if exists acidTbl2
2024-04-23T21:15:26,658  INFO [main] txn.TxnHandler: Added entries to MIN_HISTORY_LEVEL for current txns: ([22]) with min_open_txn: 19
2024-04-23T21:15:26,659  INFO [main] lockmgr.DbTxnManager: Opened txnid:22
2024-04-23T21:15:26,660  INFO [main] ql.Driver: Semantic Analysis Completed (retrial = false)
2024-04-23T21:15:26,660  INFO [main] ql.Driver: Created Hive schema: Schema(fieldSchemas:null, properties:null)
2024-04-23T21:15:26,660  INFO [main] metadata.Hive: Dumping metastore api call timing information for : compilation phase
2024-04-23T21:15:26,660  INFO [main] metadata.Hive: Total time spent in each metastore function (ms): {flushCache_()=0, commitTxn_(CommitTxnRequest)=10, openTxn_(String, TxnType)=2, getValidTxns_(long)=0, isCompatibleWith_(Configuration)=0, getTable_(GetTableRequest)=1}
2024-04-23T21:15:26,660  INFO [main] ql.Driver: Completed compiling command(queryId=alex_20240423211526_463eb891-abdf-4ce3-94a5-b17511ae7ca5); Time taken: 0.004 seconds
2024-04-23T21:15:26,660  INFO [main] lockmgr.DbTxnManager: Setting lock request transaction to txnid:22 for queryId=alex_20240423211526_463eb891-abdf-4ce3-94a5-b17511ae7ca5
2024-04-23T21:15:26,660  INFO [main] ql.Driver: Operation DROPTABLE obtained 0 locks
2024-04-23T21:15:26,660  INFO [main] ql.Driver: Executing command(queryId=alex_20240423211526_463eb891-abdf-4ce3-94a5-b17511ae7ca5): drop table if exists acidTbl2
2024-04-23T21:15:26,660  INFO [main] ql.Driver: Starting task [Stage-0:DDL] in serial mode
2024-04-23T21:15:26,661  INFO [main] metadata.SessionHiveMetaStoreClient: Column stats doesn't exist for db=default temp table=acidTbl2
2024-04-23T21:15:26,661  INFO [main] metadata.Hive: Dumping metastore api call timing information for : execution phase
2024-04-23T21:15:26,661  INFO [main] metadata.Hive: Total time spent in each metastore function (ms): {isCompatibleWith_(Configuration)=1, getTable_(GetTableRequest)=0, dropTable_(String, String, boolean, boolean, boolean)=0}
2024-04-23T21:15:26,661  INFO [main] ql.Driver: Completed executing command(queryId=alex_20240423211526_463eb891-abdf-4ce3-94a5-b17511ae7ca5); Time taken: 0.001 seconds
2024-04-23T21:15:26,662  INFO [main] lockmgr.DbTxnManager: Stopped heartbeat for query: alex_20240423211526_463eb891-abdf-4ce3-94a5-b17511ae7ca5
2024-04-23T21:15:26,667  INFO [main] txn.TxnHandler: Expected to move at least one record from txn_components to completed_txn_components when committing txn! txnid:22
2024-04-23T21:15:26,672  INFO [main] txn.TxnHandler: Removed transactions: ([22]) from MIN_HISTORY_LEVEL
2024-04-23T21:15:26,672  WARN [main] txn.CompactionTxnHandler: No compaction queue record found for Compaction type transaction commit. txnId:22
2024-04-23T21:15:26,673  INFO [main] ql.TxnCommandsBaseForTests: Running the query: drop table if exists nonAcidOrcTbl
2024-04-23T21:15:26,673  INFO [main] ql.Driver: Compiling command(queryId=alex_20240423211526_e1480642-7364-4669-a805-51fcfac3bb7e): drop table if exists nonAcidOrcTbl
2024-04-23T21:15:26,676  INFO [main] txn.TxnHandler: Added entries to MIN_HISTORY_LEVEL for current txns: ([23]) with min_open_txn: 19
2024-04-23T21:15:26,676  INFO [main] lockmgr.DbTxnManager: Opened txnid:23
2024-04-23T21:15:26,677  INFO [main] HiveMetaStore.audit: ugi=alex	ip=unknown-ip-addr	cmd=get_table : tbl=hive.default.nonAcidOrcTbl	
2024-04-23T21:15:26,697  INFO [main] metastore.HMSHandler: Skipping translation for processor with null
2024-04-23T21:15:26,697  INFO [main] ql.Driver: Semantic Analysis Completed (retrial = false)
2024-04-23T21:15:26,697  INFO [main] ql.Driver: Created Hive schema: Schema(fieldSchemas:null, properties:null)
2024-04-23T21:15:26,698  INFO [main] metadata.Hive: Dumping metastore api call timing information for : compilation phase
2024-04-23T21:15:26,698  INFO [main] metadata.Hive: Total time spent in each metastore function (ms): {isCompatibleWith_(Configuration)=0, openTxn_(String, TxnType)=3, flushCache_()=0, getTable_(GetTableRequest)=20, commitTxn_(CommitTxnRequest)=10, getValidTxns_(long)=1}
2024-04-23T21:15:26,698  INFO [main] ql.Driver: Completed compiling command(queryId=alex_20240423211526_e1480642-7364-4669-a805-51fcfac3bb7e); Time taken: 0.024 seconds
2024-04-23T21:15:26,698  INFO [main] lockmgr.DbTxnManager: Setting lock request transaction to txnid:23 for queryId=alex_20240423211526_e1480642-7364-4669-a805-51fcfac3bb7e
2024-04-23T21:15:26,699  INFO [main] lockmgr.DbLockManager: Requesting lock for queryId=alex_20240423211526_e1480642-7364-4669-a805-51fcfac3bb7e
2024-04-23T21:15:26,713  INFO [main] lockmgr.DbLockManager: Response to queryId=alex_20240423211526_e1480642-7364-4669-a805-51fcfac3bb7e LockResponse(lockid:15, state:ACQUIRED)
2024-04-23T21:15:26,713  INFO [main] ql.Driver: Operation DROPTABLE obtained 1 locks
2024-04-23T21:15:26,714  INFO [main] ql.Driver: Executing command(queryId=alex_20240423211526_e1480642-7364-4669-a805-51fcfac3bb7e): drop table if exists nonAcidOrcTbl
2024-04-23T21:15:26,714  INFO [main] ql.Driver: Starting task [Stage-0:DDL] in serial mode
2024-04-23T21:15:26,714  INFO [main] HiveMetaStore.audit: ugi=alex	ip=unknown-ip-addr	cmd=get_table : tbl=hive.default.nonAcidOrcTbl	
2024-04-23T21:15:26,722  INFO [main] metastore.HMSHandler: Skipping translation for processor with null
2024-04-23T21:15:26,723  INFO [main] HiveMetaStore.audit: ugi=alex	ip=unknown-ip-addr	cmd=get_table : tbl=hive.default.nonAcidOrcTbl	
2024-04-23T21:15:26,731  INFO [main] metastore.HMSHandler: Skipping translation for processor with null
2024-04-23T21:15:26,732  INFO [main] HiveMetaStore.audit: ugi=alex	ip=unknown-ip-addr	cmd=drop_table : tbl=hive.default.nonAcidOrcTbl	
2024-04-23T21:15:26,816  INFO [main] metadata.Hive: Dumping metastore api call timing information for : execution phase
2024-04-23T21:15:26,816  INFO [main] metadata.Hive: Total time spent in each metastore function (ms): {isCompatibleWith_(Configuration)=0, getTable_(GetTableRequest)=9, dropTable_(String, String, boolean, boolean, boolean)=93}
2024-04-23T21:15:26,816  INFO [main] ql.Driver: Completed executing command(queryId=alex_20240423211526_e1480642-7364-4669-a805-51fcfac3bb7e); Time taken: 0.103 seconds
2024-04-23T21:15:26,816  INFO [main] lockmgr.DbTxnManager: Stopped heartbeat for query: alex_20240423211526_e1480642-7364-4669-a805-51fcfac3bb7e
2024-04-23T21:15:26,820  INFO [main] txn.TxnHandler: Expected to move at least one record from txn_components to completed_txn_components when committing txn! txnid:23
2024-04-23T21:15:26,826  INFO [main] txn.TxnHandler: Removed transactions: ([23]) from MIN_HISTORY_LEVEL
2024-04-23T21:15:26,826  WARN [main] txn.CompactionTxnHandler: No compaction queue record found for Compaction type transaction commit. txnId:23
2024-04-23T21:15:26,827  INFO [main] ql.TxnCommandsBaseForTests: Running the query: drop table if exists nonAcidOrcTbl2
2024-04-23T21:15:26,827  INFO [main] ql.Driver: Compiling command(queryId=alex_20240423211526_f29e1fba-d437-4d6a-89b9-d27b01a2d346): drop table if exists nonAcidOrcTbl2
2024-04-23T21:15:26,830  INFO [main] txn.TxnHandler: Added entries to MIN_HISTORY_LEVEL for current txns: ([24]) with min_open_txn: 19
2024-04-23T21:15:26,831  INFO [main] lockmgr.DbTxnManager: Opened txnid:24
2024-04-23T21:15:26,831  INFO [main] HiveMetaStore.audit: ugi=alex	ip=unknown-ip-addr	cmd=get_table : tbl=hive.default.nonAcidOrcTbl2	
2024-04-23T21:15:26,840  INFO [main] metastore.HMSHandler: Skipping translation for processor with null
2024-04-23T21:15:26,840  INFO [main] ql.Driver: Semantic Analysis Completed (retrial = false)
2024-04-23T21:15:26,840  INFO [main] ql.Driver: Created Hive schema: Schema(fieldSchemas:null, properties:null)
2024-04-23T21:15:26,840  INFO [main] metadata.Hive: Dumping metastore api call timing information for : compilation phase
2024-04-23T21:15:26,840  INFO [main] metadata.Hive: Total time spent in each metastore function (ms): {getTable_(GetTableRequest)=9, flushCache_()=0, commitTxn_(CommitTxnRequest)=10, openTxn_(String, TxnType)=3, isCompatibleWith_(Configuration)=0, getValidTxns_(long)=0}
2024-04-23T21:15:26,840  INFO [main] ql.Driver: Completed compiling command(queryId=alex_20240423211526_f29e1fba-d437-4d6a-89b9-d27b01a2d346); Time taken: 0.013 seconds
2024-04-23T21:15:26,841  INFO [main] lockmgr.DbTxnManager: Setting lock request transaction to txnid:24 for queryId=alex_20240423211526_f29e1fba-d437-4d6a-89b9-d27b01a2d346
2024-04-23T21:15:26,841  INFO [main] lockmgr.DbLockManager: Requesting lock for queryId=alex_20240423211526_f29e1fba-d437-4d6a-89b9-d27b01a2d346
2024-04-23T21:15:26,861  INFO [main] lockmgr.DbLockManager: Response to queryId=alex_20240423211526_f29e1fba-d437-4d6a-89b9-d27b01a2d346 LockResponse(lockid:16, state:ACQUIRED)
2024-04-23T21:15:26,861  INFO [main] ql.Driver: Operation DROPTABLE obtained 1 locks
2024-04-23T21:15:26,861  INFO [main] ql.Driver: Executing command(queryId=alex_20240423211526_f29e1fba-d437-4d6a-89b9-d27b01a2d346): drop table if exists nonAcidOrcTbl2
2024-04-23T21:15:26,861  INFO [main] ql.Driver: Starting task [Stage-0:DDL] in serial mode
2024-04-23T21:15:26,862  INFO [main] HiveMetaStore.audit: ugi=alex	ip=unknown-ip-addr	cmd=get_table : tbl=hive.default.nonAcidOrcTbl2	
2024-04-23T21:15:26,875  INFO [main] metastore.HMSHandler: Skipping translation for processor with null
2024-04-23T21:15:26,875  INFO [main] HiveMetaStore.audit: ugi=alex	ip=unknown-ip-addr	cmd=get_table : tbl=hive.default.nonAcidOrcTbl2	
2024-04-23T21:15:26,887  INFO [main] metastore.HMSHandler: Skipping translation for processor with null
2024-04-23T21:15:26,887  INFO [main] HiveMetaStore.audit: ugi=alex	ip=unknown-ip-addr	cmd=drop_table : tbl=hive.default.nonAcidOrcTbl2	
2024-04-23T21:15:26,920  INFO [main] metadata.Hive: Dumping metastore api call timing information for : execution phase
2024-04-23T21:15:26,920  INFO [main] metadata.Hive: Total time spent in each metastore function (ms): {isCompatibleWith_(Configuration)=1, getTable_(GetTableRequest)=13, dropTable_(String, String, boolean, boolean, boolean)=45}
2024-04-23T21:15:26,920  INFO [main] ql.Driver: Completed executing command(queryId=alex_20240423211526_f29e1fba-d437-4d6a-89b9-d27b01a2d346); Time taken: 0.059 seconds
2024-04-23T21:15:26,920  INFO [main] lockmgr.DbTxnManager: Stopped heartbeat for query: alex_20240423211526_f29e1fba-d437-4d6a-89b9-d27b01a2d346
2024-04-23T21:15:26,924  INFO [main] txn.TxnHandler: Expected to move at least one record from txn_components to completed_txn_components when committing txn! txnid:24
2024-04-23T21:15:26,930  INFO [main] txn.TxnHandler: Removed transactions: ([24]) from MIN_HISTORY_LEVEL
2024-04-23T21:15:26,930  WARN [main] txn.CompactionTxnHandler: No compaction queue record found for Compaction type transaction commit. txnId:24
2024-04-23T21:15:26,931  INFO [main] ql.TxnCommandsBaseForTests: Running the query: drop table if exists nonAcidNonBucket
2024-04-23T21:15:26,931  INFO [main] ql.Driver: Compiling command(queryId=alex_20240423211526_ca24e862-cae4-42bd-ad19-6863ca230107): drop table if exists nonAcidNonBucket
2024-04-23T21:15:26,934  INFO [main] txn.TxnHandler: Added entries to MIN_HISTORY_LEVEL for current txns: ([25]) with min_open_txn: 19
2024-04-23T21:15:26,935  INFO [main] lockmgr.DbTxnManager: Opened txnid:25
2024-04-23T21:15:26,936  INFO [main] HiveMetaStore.audit: ugi=alex	ip=unknown-ip-addr	cmd=get_table : tbl=hive.default.nonAcidNonBucket	
2024-04-23T21:15:26,942  INFO [main] metastore.HMSHandler: Skipping translation for processor with null
2024-04-23T21:15:26,942  INFO [main] ql.Driver: Semantic Analysis Completed (retrial = false)
2024-04-23T21:15:26,942  INFO [main] ql.Driver: Created Hive schema: Schema(fieldSchemas:null, properties:null)
2024-04-23T21:15:26,942  INFO [main] metadata.Hive: Dumping metastore api call timing information for : compilation phase
2024-04-23T21:15:26,942  INFO [main] metadata.Hive: Total time spent in each metastore function (ms): {commitTxn_(CommitTxnRequest)=10, isCompatibleWith_(Configuration)=0, getValidTxns_(long)=0, flushCache_()=0, getTable_(GetTableRequest)=6, openTxn_(String, TxnType)=3}
2024-04-23T21:15:26,942  INFO [main] ql.Driver: Completed compiling command(queryId=alex_20240423211526_ca24e862-cae4-42bd-ad19-6863ca230107); Time taken: 0.011 seconds
2024-04-23T21:15:26,943  INFO [main] lockmgr.DbTxnManager: Setting lock request transaction to txnid:25 for queryId=alex_20240423211526_ca24e862-cae4-42bd-ad19-6863ca230107
2024-04-23T21:15:26,943  INFO [main] lockmgr.DbLockManager: Requesting lock for queryId=alex_20240423211526_ca24e862-cae4-42bd-ad19-6863ca230107
2024-04-23T21:15:26,959  INFO [main] lockmgr.DbLockManager: Response to queryId=alex_20240423211526_ca24e862-cae4-42bd-ad19-6863ca230107 LockResponse(lockid:17, state:ACQUIRED)
2024-04-23T21:15:26,959  INFO [main] ql.Driver: Operation DROPTABLE obtained 1 locks
2024-04-23T21:15:26,959  INFO [main] ql.Driver: Executing command(queryId=alex_20240423211526_ca24e862-cae4-42bd-ad19-6863ca230107): drop table if exists nonAcidNonBucket
2024-04-23T21:15:26,959  INFO [main] ql.Driver: Starting task [Stage-0:DDL] in serial mode
2024-04-23T21:15:26,959  INFO [main] HiveMetaStore.audit: ugi=alex	ip=unknown-ip-addr	cmd=get_table : tbl=hive.default.nonAcidNonBucket	
2024-04-23T21:15:26,965  INFO [main] metastore.HMSHandler: Skipping translation for processor with null
2024-04-23T21:15:26,966  INFO [main] HiveMetaStore.audit: ugi=alex	ip=unknown-ip-addr	cmd=get_table : tbl=hive.default.nonAcidNonBucket	
2024-04-23T21:15:26,972  INFO [main] metastore.HMSHandler: Skipping translation for processor with null
2024-04-23T21:15:26,972  INFO [main] HiveMetaStore.audit: ugi=alex	ip=unknown-ip-addr	cmd=drop_table : tbl=hive.default.nonAcidNonBucket	
2024-04-23T21:15:27,013  INFO [main] metadata.Hive: Dumping metastore api call timing information for : execution phase
2024-04-23T21:15:27,013  INFO [main] metadata.Hive: Total time spent in each metastore function (ms): {dropTable_(String, String, boolean, boolean, boolean)=48, isCompatibleWith_(Configuration)=0, getTable_(GetTableRequest)=6}
2024-04-23T21:15:27,013  INFO [main] ql.Driver: Completed executing command(queryId=alex_20240423211526_ca24e862-cae4-42bd-ad19-6863ca230107); Time taken: 0.054 seconds
2024-04-23T21:15:27,013  INFO [main] lockmgr.DbTxnManager: Stopped heartbeat for query: alex_20240423211526_ca24e862-cae4-42bd-ad19-6863ca230107
2024-04-23T21:15:27,017  INFO [main] txn.TxnHandler: Expected to move at least one record from txn_components to completed_txn_components when committing txn! txnid:25
2024-04-23T21:15:27,022  INFO [main] txn.TxnHandler: Removed transactions: ([25]) from MIN_HISTORY_LEVEL
2024-04-23T21:15:27,022  WARN [main] txn.CompactionTxnHandler: No compaction queue record found for Compaction type transaction commit. txnId:25
2024-04-23T21:15:27,023  INFO [main] utils.TestTxnDbUtil: Cleaning transactional tables
]]></system-err>
  </testcase>
  <testcase name="testCompactStatsGather" classname="org.apache.hadoop.hive.ql.TestTxnNoBuckets" time="16.658"/>
  <testcase name="testCTAS" classname="org.apache.hadoop.hive.ql.TestTxnNoBuckets" time="16.753"/>
  <testcase name="testToAcidConversionMultiBucket" classname="org.apache.hadoop.hive.ql.TestTxnNoBuckets" time="15.766">
    <error type="java.lang.RuntimeException"><![CDATA[java.lang.RuntimeException: update T set b = 88 where b = 80 failed: (responseCode = 40000, errorMessage = FAILED: NoMatchingMethodException No matching method for class org.apache.hadoop.hive.ql.udf.UDFToInteger with (struct<writeid:bigint,bucketid:int,rowid:bigint>). Possible choices: _FUNC_(bigint)  _FUNC_(boolean)  _FUNC_(decimal(38,18))  _FUNC_(double)  _FUNC_(float)  _FUNC_(smallint)  _FUNC_(string)  _FUNC_(struct<bucketid:bigint,writeid:int,rowid:bigint>)  _FUNC_(timestamp)  _FUNC_(tinyint)  _FUNC_(void)  , hiveErrorCode = 40000, SQLState = 42000, exception = No matching method for class org.apache.hadoop.hive.ql.udf.UDFToInteger with (struct<writeid:bigint,bucketid:int,rowid:bigint>). Possible choices: _FUNC_(bigint)  _FUNC_(boolean)  _FUNC_(decimal(38,18))  _FUNC_(double)  _FUNC_(float)  _FUNC_(smallint)  _FUNC_(string)  _FUNC_(struct<bucketid:bigint,writeid:int,rowid:bigint>)  _FUNC_(timestamp)  _FUNC_(tinyint)  _FUNC_(void)  )
	at org.apache.hadoop.hive.ql.TxnCommandsBaseForTests.runStatementOnDriver(TxnCommandsBaseForTests.java:247)
	at org.apache.hadoop.hive.ql.TestTxnNoBuckets.testToAcidConversionMultiBucket(TestTxnNoBuckets.java:455)
	at sun.reflect.NativeMethodAccessorImpl.invoke0(Native Method)
	at sun.reflect.NativeMethodAccessorImpl.invoke(NativeMethodAccessorImpl.java:62)
	at sun.reflect.DelegatingMethodAccessorImpl.invoke(DelegatingMethodAccessorImpl.java:43)
	at java.lang.reflect.Method.invoke(Method.java:498)
	at org.junit.runners.model.FrameworkMethod$1.runReflectiveCall(FrameworkMethod.java:59)
	at org.junit.internal.runners.model.ReflectiveCallable.run(ReflectiveCallable.java:12)
	at org.junit.runners.model.FrameworkMethod.invokeExplosively(FrameworkMethod.java:56)
	at org.junit.internal.runners.statements.InvokeMethod.evaluate(InvokeMethod.java:17)
	at org.junit.internal.runners.statements.RunBefores.evaluate(RunBefores.java:26)
	at org.junit.internal.runners.statements.RunAfters.evaluate(RunAfters.java:27)
	at org.junit.rules.TestWatcher$1.evaluate(TestWatcher.java:61)
	at org.junit.runners.ParentRunner$3.evaluate(ParentRunner.java:306)
	at org.junit.runners.BlockJUnit4ClassRunner$1.evaluate(BlockJUnit4ClassRunner.java:100)
	at org.junit.runners.ParentRunner.runLeaf(ParentRunner.java:366)
	at org.junit.runners.BlockJUnit4ClassRunner.runChild(BlockJUnit4ClassRunner.java:103)
	at org.junit.runners.BlockJUnit4ClassRunner.runChild(BlockJUnit4ClassRunner.java:63)
	at org.junit.runners.ParentRunner$4.run(ParentRunner.java:331)
	at org.junit.runners.ParentRunner$1.schedule(ParentRunner.java:79)
	at org.junit.runners.ParentRunner.runChildren(ParentRunner.java:329)
	at org.junit.runners.ParentRunner.access$100(ParentRunner.java:66)
	at org.junit.runners.ParentRunner$2.evaluate(ParentRunner.java:293)
	at org.junit.runners.ParentRunner$3.evaluate(ParentRunner.java:306)
	at org.junit.runners.ParentRunner.run(ParentRunner.java:413)
	at org.junit.runner.JUnitCore.run(JUnitCore.java:137)
	at org.junit.runner.JUnitCore.run(JUnitCore.java:115)
	at org.junit.vintage.engine.execution.RunnerExecutor.execute(RunnerExecutor.java:43)
	at java.util.stream.ForEachOps$ForEachOp$OfRef.accept(ForEachOps.java:183)
	at java.util.stream.ReferencePipeline$3$1.accept(ReferencePipeline.java:193)
	at java.util.Iterator.forEachRemaining(Iterator.java:116)
	at java.util.Spliterators$IteratorSpliterator.forEachRemaining(Spliterators.java:1801)
	at java.util.stream.AbstractPipeline.copyInto(AbstractPipeline.java:482)
	at java.util.stream.AbstractPipeline.wrapAndCopyInto(AbstractPipeline.java:472)
	at java.util.stream.ForEachOps$ForEachOp.evaluateSequential(ForEachOps.java:150)
	at java.util.stream.ForEachOps$ForEachOp$OfRef.evaluateSequential(ForEachOps.java:173)
	at java.util.stream.AbstractPipeline.evaluate(AbstractPipeline.java:234)
	at java.util.stream.ReferencePipeline.forEach(ReferencePipeline.java:485)
	at org.junit.vintage.engine.VintageTestEngine.executeAllChildren(VintageTestEngine.java:82)
	at org.junit.vintage.engine.VintageTestEngine.execute(VintageTestEngine.java:73)
	at org.junit.platform.launcher.core.DefaultLauncher.execute(DefaultLauncher.java:248)
	at org.junit.platform.launcher.core.DefaultLauncher.lambda$execute$5(DefaultLauncher.java:211)
	at org.junit.platform.launcher.core.DefaultLauncher.withInterceptedStreams(DefaultLauncher.java:226)
	at org.junit.platform.launcher.core.DefaultLauncher.execute(DefaultLauncher.java:199)
	at org.junit.platform.launcher.core.DefaultLauncher.execute(DefaultLauncher.java:132)
	at org.apache.maven.surefire.junitplatform.JUnitPlatformProvider.invokeAllTests(JUnitPlatformProvider.java:154)
	at org.apache.maven.surefire.junitplatform.JUnitPlatformProvider.invoke(JUnitPlatformProvider.java:123)
	at org.apache.maven.surefire.booter.ForkedBooter.runSuitesInProcess(ForkedBooter.java:377)
	at org.apache.maven.surefire.booter.ForkedBooter.execute(ForkedBooter.java:138)
	at org.apache.maven.surefire.booter.ForkedBooter.run(ForkedBooter.java:465)
	at org.apache.maven.surefire.booter.ForkedBooter.main(ForkedBooter.java:451)
]]></error>
    <system-err><![CDATA[2024-04-23T21:16:00,502  WARN [main] conf.HiveConf: HiveConf of name hive.dummyparam.test.server.specific.config.metastoresite does not exist
2024-04-23T21:16:00,502  WARN [main] conf.HiveConf: HiveConf of name hive.dummyparam.test.server.specific.config.hivesite does not exist
2024-04-23T21:16:00,502  WARN [main] conf.HiveConf: HiveConf of name hive.llap.io.cache.orc.arena.size does not exist
2024-04-23T21:16:00,502  WARN [main] conf.HiveConf: HiveConf of name hive.stats.key.prefix.reserve.length does not exist
2024-04-23T21:16:00,503  WARN [main] conf.HiveConf: HiveConf of name hive.llap.io.cache.orc.alloc.min does not exist
2024-04-23T21:16:00,503  WARN [main] conf.HiveConf: HiveConf of name hive.metastore.client.cache.recordStats does not exist
2024-04-23T21:16:00,503  WARN [main] conf.HiveConf: HiveConf of name hive.llap.io.cache.orc.size does not exist
2024-04-23T21:16:00,503  WARN [main] conf.HiveConf: HiveConf of name hive.llap.io.cache.orc.alloc.max does not exist
2024-04-23T21:16:00,503  WARN [main] conf.HiveConf: HiveConf of name hive.metastore.metadb.dir does not exist
2024-04-23T21:16:00,503  WARN [main] conf.HiveConf: HiveConf of name hive.dummyparam.test.server.specific.config.override does not exist
2024-04-23T21:16:00,503  WARN [main] conf.HiveConf: HiveConf of name hive.metastore.client.cache.maxSize does not exist
2024-04-23T21:16:00,505  INFO [main] utils.TestTxnDbUtil: Creating transactional tables
Hive Session ID = 78357cd1-4678-4ed2-8a01-459d6a9a75f4
2024-04-23T21:16:00,508  INFO [main] SessionState: Hive Session ID = 78357cd1-4678-4ed2-8a01-459d6a9a75f4
ivysettings.xml file not found in HIVE_HOME or HIVE_CONF_DIR,/home/alex/Repositories/hive/conf/ivysettings.xml will be used
2024-04-23T21:16:00,509  INFO [main] DependencyResolver: ivysettings.xml file not found in HIVE_HOME or HIVE_CONF_DIR,/home/alex/Repositories/hive/conf/ivysettings.xml will be used
2024-04-23T21:16:00,514  INFO [main] session.SessionState: Created HDFS directory: /home/alex/Repositories/hive/ql/target/tmp/scratchdir/alex/78357cd1-4678-4ed2-8a01-459d6a9a75f4
2024-04-23T21:16:00,516  INFO [main] session.SessionState: Created local directory: /home/alex/Repositories/hive/ql/target/tmp/localscratchdir/78357cd1-4678-4ed2-8a01-459d6a9a75f4
2024-04-23T21:16:00,519  INFO [main] session.SessionState: Created HDFS directory: /home/alex/Repositories/hive/ql/target/tmp/scratchdir/alex/78357cd1-4678-4ed2-8a01-459d6a9a75f4/_tmp_space.db
2024-04-23T21:16:00,519  INFO [main] sqlstd.SQLStdHiveAccessController: Created SQLStdHiveAccessController for session context : HiveAuthzSessionContext [sessionString=78357cd1-4678-4ed2-8a01-459d6a9a75f4, clientType=HIVECLI]
2024-04-23T21:16:00,520  INFO [main] ql.TxnCommandsBaseForTests: Running the query: drop table if exists acidTbl
2024-04-23T21:16:00,520  INFO [main] ql.Driver: Compiling command(queryId=alex_20240423211600_3d0193b2-2175-4d61-80ff-e57cfd34980d): drop table if exists acidTbl
2024-04-23T21:16:00,532  INFO [main] txn.TxnHandler: Added entries to MIN_HISTORY_LEVEL for current txns: ([1]) with min_open_txn: 1
2024-04-23T21:16:00,532  INFO [main] lockmgr.DbTxnManager: Opened txnid:1
2024-04-23T21:16:00,535  INFO [main] HiveMetaStore.audit: ugi=alex	ip=unknown-ip-addr	cmd=get_table : tbl=hive.default.acidTbl	
2024-04-23T21:16:00,540  INFO [main] ql.Driver: Semantic Analysis Completed (retrial = false)
2024-04-23T21:16:00,540  INFO [main] ql.Driver: Created Hive schema: Schema(fieldSchemas:null, properties:null)
2024-04-23T21:16:00,540  INFO [main] metadata.Hive: Dumping metastore api call timing information for : compilation phase
2024-04-23T21:16:00,540  INFO [main] metadata.Hive: Total time spent in each metastore function (ms): {isCompatibleWith_(Configuration)=0, commitTxn_(CommitTxnRequest)=17, openTxn_(String, TxnType)=11, getValidTxns_(long)=2, flushCache_()=0}
2024-04-23T21:16:00,540  INFO [main] ql.Driver: Completed compiling command(queryId=alex_20240423211600_3d0193b2-2175-4d61-80ff-e57cfd34980d); Time taken: 0.02 seconds
2024-04-23T21:16:00,541  INFO [main] lockmgr.DbTxnManager: Setting lock request transaction to txnid:1 for queryId=alex_20240423211600_3d0193b2-2175-4d61-80ff-e57cfd34980d
2024-04-23T21:16:00,541  INFO [main] ql.Driver: Operation DROPTABLE obtained 0 locks
2024-04-23T21:16:00,541  INFO [main] ql.Driver: Executing command(queryId=alex_20240423211600_3d0193b2-2175-4d61-80ff-e57cfd34980d): drop table if exists acidTbl
2024-04-23T21:16:00,541  INFO [main] ql.Driver: Starting task [Stage-0:DDL] in serial mode
2024-04-23T21:16:00,541  INFO [main] HiveMetaStore.audit: ugi=alex	ip=unknown-ip-addr	cmd=get_table : tbl=hive.default.acidTbl	
2024-04-23T21:16:00,545  INFO [main] metadata.Hive: Dumping metastore api call timing information for : execution phase
2024-04-23T21:16:00,545  INFO [main] metadata.Hive: Total time spent in each metastore function (ms): {isCompatibleWith_(Configuration)=0}
2024-04-23T21:16:00,546  INFO [main] ql.Driver: Completed executing command(queryId=alex_20240423211600_3d0193b2-2175-4d61-80ff-e57cfd34980d); Time taken: 0.004 seconds
2024-04-23T21:16:00,546  INFO [main] lockmgr.DbTxnManager: Stopped heartbeat for query: alex_20240423211600_3d0193b2-2175-4d61-80ff-e57cfd34980d
2024-04-23T21:16:00,553  INFO [main] txn.TxnHandler: Expected to move at least one record from txn_components to completed_txn_components when committing txn! txnid:1
2024-04-23T21:16:00,561  INFO [main] txn.TxnHandler: Removed transactions: ([1]) from MIN_HISTORY_LEVEL
2024-04-23T21:16:00,561  WARN [main] txn.CompactionTxnHandler: No compaction queue record found for Compaction type transaction commit. txnId:1
2024-04-23T21:16:00,562  INFO [main] ql.TxnCommandsBaseForTests: Running the query: drop table if exists acidTblPart
2024-04-23T21:16:00,562  INFO [main] ql.Driver: Compiling command(queryId=alex_20240423211600_dfe2fbd4-e1ed-4617-9f3a-004097609e0f): drop table if exists acidTblPart
2024-04-23T21:16:00,565  INFO [main] txn.TxnHandler: Added entries to MIN_HISTORY_LEVEL for current txns: ([2]) with min_open_txn: 1
2024-04-23T21:16:00,565  INFO [main] lockmgr.DbTxnManager: Opened txnid:2
2024-04-23T21:16:00,566  INFO [main] HiveMetaStore.audit: ugi=alex	ip=unknown-ip-addr	cmd=get_table : tbl=hive.default.acidTblPart	
2024-04-23T21:16:00,569  INFO [main] ql.Driver: Semantic Analysis Completed (retrial = false)
2024-04-23T21:16:00,569  INFO [main] ql.Driver: Created Hive schema: Schema(fieldSchemas:null, properties:null)
2024-04-23T21:16:00,570  INFO [main] metadata.Hive: Dumping metastore api call timing information for : compilation phase
2024-04-23T21:16:00,570  INFO [main] metadata.Hive: Total time spent in each metastore function (ms): {getValidTxns_(long)=1, isCompatibleWith_(Configuration)=1, openTxn_(String, TxnType)=2, commitTxn_(CommitTxnRequest)=16, flushCache_()=0}
2024-04-23T21:16:00,570  INFO [main] ql.Driver: Completed compiling command(queryId=alex_20240423211600_dfe2fbd4-e1ed-4617-9f3a-004097609e0f); Time taken: 0.007 seconds
2024-04-23T21:16:00,570  INFO [main] lockmgr.DbTxnManager: Setting lock request transaction to txnid:2 for queryId=alex_20240423211600_dfe2fbd4-e1ed-4617-9f3a-004097609e0f
2024-04-23T21:16:00,570  INFO [main] ql.Driver: Operation DROPTABLE obtained 0 locks
2024-04-23T21:16:00,570  INFO [main] ql.Driver: Executing command(queryId=alex_20240423211600_dfe2fbd4-e1ed-4617-9f3a-004097609e0f): drop table if exists acidTblPart
2024-04-23T21:16:00,570  INFO [main] ql.Driver: Starting task [Stage-0:DDL] in serial mode
2024-04-23T21:16:00,571  INFO [main] HiveMetaStore.audit: ugi=alex	ip=unknown-ip-addr	cmd=get_table : tbl=hive.default.acidTblPart	
2024-04-23T21:16:00,575  INFO [main] metadata.Hive: Dumping metastore api call timing information for : execution phase
2024-04-23T21:16:00,575  INFO [main] metadata.Hive: Total time spent in each metastore function (ms): {isCompatibleWith_(Configuration)=1}
2024-04-23T21:16:00,575  INFO [main] ql.Driver: Completed executing command(queryId=alex_20240423211600_dfe2fbd4-e1ed-4617-9f3a-004097609e0f); Time taken: 0.005 seconds
2024-04-23T21:16:00,575  INFO [main] lockmgr.DbTxnManager: Stopped heartbeat for query: alex_20240423211600_dfe2fbd4-e1ed-4617-9f3a-004097609e0f
2024-04-23T21:16:00,582  INFO [main] txn.TxnHandler: Expected to move at least one record from txn_components to completed_txn_components when committing txn! txnid:2
2024-04-23T21:16:00,590  INFO [main] txn.TxnHandler: Removed transactions: ([2]) from MIN_HISTORY_LEVEL
2024-04-23T21:16:00,590  WARN [main] txn.CompactionTxnHandler: No compaction queue record found for Compaction type transaction commit. txnId:2
2024-04-23T21:16:00,591  INFO [main] ql.TxnCommandsBaseForTests: Running the query: drop table if exists acidTbl2
2024-04-23T21:16:00,591  INFO [main] ql.Driver: Compiling command(queryId=alex_20240423211600_f48b021f-a605-41b7-ae02-739c0b5facf0): drop table if exists acidTbl2
2024-04-23T21:16:00,594  INFO [main] txn.TxnHandler: Added entries to MIN_HISTORY_LEVEL for current txns: ([3]) with min_open_txn: 1
2024-04-23T21:16:00,594  INFO [main] lockmgr.DbTxnManager: Opened txnid:3
2024-04-23T21:16:00,595  INFO [main] HiveMetaStore.audit: ugi=alex	ip=unknown-ip-addr	cmd=get_table : tbl=hive.default.acidTbl2	
2024-04-23T21:16:00,599  INFO [main] ql.Driver: Semantic Analysis Completed (retrial = false)
2024-04-23T21:16:00,599  INFO [main] ql.Driver: Created Hive schema: Schema(fieldSchemas:null, properties:null)
2024-04-23T21:16:00,599  INFO [main] metadata.Hive: Dumping metastore api call timing information for : compilation phase
2024-04-23T21:16:00,599  INFO [main] metadata.Hive: Total time spent in each metastore function (ms): {openTxn_(String, TxnType)=3, isCompatibleWith_(Configuration)=0, getValidTxns_(long)=1, flushCache_()=0, commitTxn_(CommitTxnRequest)=14}
2024-04-23T21:16:00,599  INFO [main] ql.Driver: Completed compiling command(queryId=alex_20240423211600_f48b021f-a605-41b7-ae02-739c0b5facf0); Time taken: 0.008 seconds
2024-04-23T21:16:00,599  INFO [main] lockmgr.DbTxnManager: Setting lock request transaction to txnid:3 for queryId=alex_20240423211600_f48b021f-a605-41b7-ae02-739c0b5facf0
2024-04-23T21:16:00,599  INFO [main] ql.Driver: Operation DROPTABLE obtained 0 locks
2024-04-23T21:16:00,600  INFO [main] ql.Driver: Executing command(queryId=alex_20240423211600_f48b021f-a605-41b7-ae02-739c0b5facf0): drop table if exists acidTbl2
2024-04-23T21:16:00,600  INFO [main] ql.Driver: Starting task [Stage-0:DDL] in serial mode
2024-04-23T21:16:00,600  INFO [main] HiveMetaStore.audit: ugi=alex	ip=unknown-ip-addr	cmd=get_table : tbl=hive.default.acidTbl2	
2024-04-23T21:16:00,604  INFO [main] metadata.Hive: Dumping metastore api call timing information for : execution phase
2024-04-23T21:16:00,604  INFO [main] metadata.Hive: Total time spent in each metastore function (ms): {isCompatibleWith_(Configuration)=0}
2024-04-23T21:16:00,604  INFO [main] ql.Driver: Completed executing command(queryId=alex_20240423211600_f48b021f-a605-41b7-ae02-739c0b5facf0); Time taken: 0.004 seconds
2024-04-23T21:16:00,604  INFO [main] lockmgr.DbTxnManager: Stopped heartbeat for query: alex_20240423211600_f48b021f-a605-41b7-ae02-739c0b5facf0
2024-04-23T21:16:00,612  INFO [main] txn.TxnHandler: Expected to move at least one record from txn_components to completed_txn_components when committing txn! txnid:3
2024-04-23T21:16:00,620  INFO [main] txn.TxnHandler: Removed transactions: ([3]) from MIN_HISTORY_LEVEL
2024-04-23T21:16:00,620  WARN [main] txn.CompactionTxnHandler: No compaction queue record found for Compaction type transaction commit. txnId:3
2024-04-23T21:16:00,621  INFO [main] ql.TxnCommandsBaseForTests: Running the query: drop table if exists nonAcidOrcTbl
2024-04-23T21:16:00,621  INFO [main] ql.Driver: Compiling command(queryId=alex_20240423211600_05d9ab1e-2f03-454a-ac45-7243df12fdbe): drop table if exists nonAcidOrcTbl
2024-04-23T21:16:00,625  INFO [main] txn.TxnHandler: Added entries to MIN_HISTORY_LEVEL for current txns: ([4]) with min_open_txn: 1
2024-04-23T21:16:00,625  INFO [main] lockmgr.DbTxnManager: Opened txnid:4
2024-04-23T21:16:00,626  INFO [main] HiveMetaStore.audit: ugi=alex	ip=unknown-ip-addr	cmd=get_table : tbl=hive.default.nonAcidOrcTbl	
2024-04-23T21:16:00,631  INFO [main] ql.Driver: Semantic Analysis Completed (retrial = false)
2024-04-23T21:16:00,631  INFO [main] ql.Driver: Created Hive schema: Schema(fieldSchemas:null, properties:null)
2024-04-23T21:16:00,631  INFO [main] metadata.Hive: Dumping metastore api call timing information for : compilation phase
2024-04-23T21:16:00,631  INFO [main] metadata.Hive: Total time spent in each metastore function (ms): {openTxn_(String, TxnType)=3, isCompatibleWith_(Configuration)=1, flushCache_()=0, commitTxn_(CommitTxnRequest)=16, getValidTxns_(long)=1}
2024-04-23T21:16:00,632  INFO [main] ql.Driver: Completed compiling command(queryId=alex_20240423211600_05d9ab1e-2f03-454a-ac45-7243df12fdbe); Time taken: 0.01 seconds
2024-04-23T21:16:00,632  INFO [main] lockmgr.DbTxnManager: Setting lock request transaction to txnid:4 for queryId=alex_20240423211600_05d9ab1e-2f03-454a-ac45-7243df12fdbe
2024-04-23T21:16:00,632  INFO [main] ql.Driver: Operation DROPTABLE obtained 0 locks
2024-04-23T21:16:00,632  INFO [main] ql.Driver: Executing command(queryId=alex_20240423211600_05d9ab1e-2f03-454a-ac45-7243df12fdbe): drop table if exists nonAcidOrcTbl
2024-04-23T21:16:00,632  INFO [main] ql.Driver: Starting task [Stage-0:DDL] in serial mode
2024-04-23T21:16:00,633  INFO [main] HiveMetaStore.audit: ugi=alex	ip=unknown-ip-addr	cmd=get_table : tbl=hive.default.nonAcidOrcTbl	
2024-04-23T21:16:00,638  INFO [main] metadata.Hive: Dumping metastore api call timing information for : execution phase
2024-04-23T21:16:00,638  INFO [main] metadata.Hive: Total time spent in each metastore function (ms): {isCompatibleWith_(Configuration)=0}
2024-04-23T21:16:00,638  INFO [main] ql.Driver: Completed executing command(queryId=alex_20240423211600_05d9ab1e-2f03-454a-ac45-7243df12fdbe); Time taken: 0.006 seconds
2024-04-23T21:16:00,638  INFO [main] lockmgr.DbTxnManager: Stopped heartbeat for query: alex_20240423211600_05d9ab1e-2f03-454a-ac45-7243df12fdbe
2024-04-23T21:16:00,647  INFO [main] txn.TxnHandler: Expected to move at least one record from txn_components to completed_txn_components when committing txn! txnid:4
2024-04-23T21:16:00,658  INFO [main] txn.TxnHandler: Removed transactions: ([4]) from MIN_HISTORY_LEVEL
2024-04-23T21:16:00,658  WARN [main] txn.CompactionTxnHandler: No compaction queue record found for Compaction type transaction commit. txnId:4
2024-04-23T21:16:00,659  INFO [main] ql.TxnCommandsBaseForTests: Running the query: drop table if exists nonAcidOrcTbl2
2024-04-23T21:16:00,659  INFO [main] ql.Driver: Compiling command(queryId=alex_20240423211600_a35ed7e1-9f6a-4215-91c0-197851a18d11): drop table if exists nonAcidOrcTbl2
2024-04-23T21:16:00,663  INFO [main] txn.TxnHandler: Added entries to MIN_HISTORY_LEVEL for current txns: ([5]) with min_open_txn: 1
2024-04-23T21:16:00,663  INFO [main] lockmgr.DbTxnManager: Opened txnid:5
2024-04-23T21:16:00,664  INFO [main] HiveMetaStore.audit: ugi=alex	ip=unknown-ip-addr	cmd=get_table : tbl=hive.default.nonAcidOrcTbl2	
2024-04-23T21:16:00,669  INFO [main] ql.Driver: Semantic Analysis Completed (retrial = false)
2024-04-23T21:16:00,669  INFO [main] ql.Driver: Created Hive schema: Schema(fieldSchemas:null, properties:null)
2024-04-23T21:16:00,669  INFO [main] metadata.Hive: Dumping metastore api call timing information for : compilation phase
2024-04-23T21:16:00,670  INFO [main] metadata.Hive: Total time spent in each metastore function (ms): {isCompatibleWith_(Configuration)=1, flushCache_()=0, getValidTxns_(long)=0, commitTxn_(CommitTxnRequest)=20, openTxn_(String, TxnType)=3}
2024-04-23T21:16:00,670  INFO [main] ql.Driver: Completed compiling command(queryId=alex_20240423211600_a35ed7e1-9f6a-4215-91c0-197851a18d11); Time taken: 0.01 seconds
2024-04-23T21:16:00,670  INFO [main] lockmgr.DbTxnManager: Setting lock request transaction to txnid:5 for queryId=alex_20240423211600_a35ed7e1-9f6a-4215-91c0-197851a18d11
2024-04-23T21:16:00,670  INFO [main] ql.Driver: Operation DROPTABLE obtained 0 locks
2024-04-23T21:16:00,670  INFO [main] ql.Driver: Executing command(queryId=alex_20240423211600_a35ed7e1-9f6a-4215-91c0-197851a18d11): drop table if exists nonAcidOrcTbl2
2024-04-23T21:16:00,670  INFO [main] ql.Driver: Starting task [Stage-0:DDL] in serial mode
2024-04-23T21:16:00,671  INFO [main] HiveMetaStore.audit: ugi=alex	ip=unknown-ip-addr	cmd=get_table : tbl=hive.default.nonAcidOrcTbl2	
2024-04-23T21:16:00,676  INFO [main] metadata.Hive: Dumping metastore api call timing information for : execution phase
2024-04-23T21:16:00,676  INFO [main] metadata.Hive: Total time spent in each metastore function (ms): {isCompatibleWith_(Configuration)=1}
2024-04-23T21:16:00,676  INFO [main] ql.Driver: Completed executing command(queryId=alex_20240423211600_a35ed7e1-9f6a-4215-91c0-197851a18d11); Time taken: 0.006 seconds
2024-04-23T21:16:00,676  INFO [main] lockmgr.DbTxnManager: Stopped heartbeat for query: alex_20240423211600_a35ed7e1-9f6a-4215-91c0-197851a18d11
2024-04-23T21:16:00,685  INFO [main] txn.TxnHandler: Expected to move at least one record from txn_components to completed_txn_components when committing txn! txnid:5
2024-04-23T21:16:00,695  INFO [main] txn.TxnHandler: Removed transactions: ([5]) from MIN_HISTORY_LEVEL
2024-04-23T21:16:00,695  WARN [main] txn.CompactionTxnHandler: No compaction queue record found for Compaction type transaction commit. txnId:5
2024-04-23T21:16:00,696  INFO [main] ql.TxnCommandsBaseForTests: Running the query: drop table if exists nonAcidNonBucket
2024-04-23T21:16:00,697  INFO [main] ql.Driver: Compiling command(queryId=alex_20240423211600_90ea9199-4f65-479a-8495-de7868f86757): drop table if exists nonAcidNonBucket
2024-04-23T21:16:00,700  INFO [main] txn.TxnHandler: Added entries to MIN_HISTORY_LEVEL for current txns: ([6]) with min_open_txn: 1
2024-04-23T21:16:00,701  INFO [main] lockmgr.DbTxnManager: Opened txnid:6
2024-04-23T21:16:00,701  INFO [main] HiveMetaStore.audit: ugi=alex	ip=unknown-ip-addr	cmd=get_table : tbl=hive.default.nonAcidNonBucket	
2024-04-23T21:16:00,706  INFO [main] ql.Driver: Semantic Analysis Completed (retrial = false)
2024-04-23T21:16:00,706  INFO [main] ql.Driver: Created Hive schema: Schema(fieldSchemas:null, properties:null)
2024-04-23T21:16:00,706  INFO [main] metadata.Hive: Dumping metastore api call timing information for : compilation phase
2024-04-23T21:16:00,707  INFO [main] metadata.Hive: Total time spent in each metastore function (ms): {flushCache_()=0, openTxn_(String, TxnType)=4, getValidTxns_(long)=0, commitTxn_(CommitTxnRequest)=19, isCompatibleWith_(Configuration)=0}
2024-04-23T21:16:00,707  INFO [main] ql.Driver: Completed compiling command(queryId=alex_20240423211600_90ea9199-4f65-479a-8495-de7868f86757); Time taken: 0.009 seconds
2024-04-23T21:16:00,707  INFO [main] lockmgr.DbTxnManager: Setting lock request transaction to txnid:6 for queryId=alex_20240423211600_90ea9199-4f65-479a-8495-de7868f86757
2024-04-23T21:16:00,707  INFO [main] ql.Driver: Operation DROPTABLE obtained 0 locks
2024-04-23T21:16:00,707  INFO [main] ql.Driver: Executing command(queryId=alex_20240423211600_90ea9199-4f65-479a-8495-de7868f86757): drop table if exists nonAcidNonBucket
2024-04-23T21:16:00,707  INFO [main] ql.Driver: Starting task [Stage-0:DDL] in serial mode
2024-04-23T21:16:00,708  INFO [main] HiveMetaStore.audit: ugi=alex	ip=unknown-ip-addr	cmd=get_table : tbl=hive.default.nonAcidNonBucket	
2024-04-23T21:16:00,713  INFO [main] metadata.Hive: Dumping metastore api call timing information for : execution phase
2024-04-23T21:16:00,713  INFO [main] metadata.Hive: Total time spent in each metastore function (ms): {isCompatibleWith_(Configuration)=0}
2024-04-23T21:16:00,713  INFO [main] ql.Driver: Completed executing command(queryId=alex_20240423211600_90ea9199-4f65-479a-8495-de7868f86757); Time taken: 0.006 seconds
2024-04-23T21:16:00,713  INFO [main] lockmgr.DbTxnManager: Stopped heartbeat for query: alex_20240423211600_90ea9199-4f65-479a-8495-de7868f86757
2024-04-23T21:16:00,722  INFO [main] txn.TxnHandler: Expected to move at least one record from txn_components to completed_txn_components when committing txn! txnid:6
2024-04-23T21:16:00,733  INFO [main] txn.TxnHandler: Removed transactions: ([6]) from MIN_HISTORY_LEVEL
2024-04-23T21:16:00,733  WARN [main] txn.CompactionTxnHandler: No compaction queue record found for Compaction type transaction commit. txnId:6
2024-04-23T21:16:00,734  INFO [main] ql.TxnCommandsBaseForTests: Running the query: create table acidTbl(a int, b int) clustered by (a) into 2 buckets stored as orc TBLPROPERTIES ('transactional'='true')
2024-04-23T21:16:00,735  INFO [main] ql.Driver: Compiling command(queryId=alex_20240423211600_319df1f6-28d5-430d-b163-a53555535050): create table acidTbl(a int, b int) clustered by (a) into 2 buckets stored as orc TBLPROPERTIES ('transactional'='true')
2024-04-23T21:16:00,738  INFO [main] txn.TxnHandler: Added entries to MIN_HISTORY_LEVEL for current txns: ([7]) with min_open_txn: 1
2024-04-23T21:16:00,739  INFO [main] lockmgr.DbTxnManager: Opened txnid:7
2024-04-23T21:16:00,740  INFO [main] parse.CalcitePlanner: Starting caching scope for: 
2024-04-23T21:16:00,740  INFO [main] parse.CalcitePlanner: Starting Semantic Analysis
2024-04-23T21:16:00,748  INFO [main] parse.CalcitePlanner: Creating table default.acidTbl position=13
2024-04-23T21:16:00,748  INFO [main] HiveMetaStore.audit: ugi=alex	ip=unknown-ip-addr	cmd=get_database: default	
2024-04-23T21:16:00,750  INFO [main] parse.CalcitePlanner: Ending caching scope for: 
2024-04-23T21:16:00,750  INFO [main] ql.Driver: Semantic Analysis Completed (retrial = false)
2024-04-23T21:16:00,750  INFO [main] ql.Driver: Created Hive schema: Schema(fieldSchemas:null, properties:null)
2024-04-23T21:16:00,750  INFO [main] metadata.Hive: Dumping metastore api call timing information for : compilation phase
2024-04-23T21:16:00,750  INFO [main] metadata.Hive: Total time spent in each metastore function (ms): {getValidTxns_(long)=1, openTxn_(String, TxnType)=4, getValidWriteIds_(List, String)=8, getDatabase_(String)=2, isCompatibleWith_(Configuration)=1, flushCache_()=0, commitTxn_(CommitTxnRequest)=20}
2024-04-23T21:16:00,750  INFO [main] ql.Driver: Completed compiling command(queryId=alex_20240423211600_319df1f6-28d5-430d-b163-a53555535050); Time taken: 0.015 seconds
2024-04-23T21:16:00,751  INFO [main] lockmgr.DbTxnManager: Setting lock request transaction to txnid:7 for queryId=alex_20240423211600_319df1f6-28d5-430d-b163-a53555535050
2024-04-23T21:16:00,751  INFO [main] lockmgr.DbLockManager: Requesting lock for queryId=alex_20240423211600_319df1f6-28d5-430d-b163-a53555535050
2024-04-23T21:16:00,776  INFO [main] lockmgr.DbLockManager: Response to queryId=alex_20240423211600_319df1f6-28d5-430d-b163-a53555535050 LockResponse(lockid:1, state:ACQUIRED)
2024-04-23T21:16:00,776  INFO [main] ql.Driver: Operation CREATETABLE obtained 1 locks
2024-04-23T21:16:00,776  INFO [main] ql.Driver: Executing command(queryId=alex_20240423211600_319df1f6-28d5-430d-b163-a53555535050): create table acidTbl(a int, b int) clustered by (a) into 2 buckets stored as orc TBLPROPERTIES ('transactional'='true')
2024-04-23T21:16:00,777  INFO [main] ql.Driver: Starting task [Stage-0:DDL] in serial mode
2024-04-23T21:16:00,778  INFO [main] HiveMetaStore.audit: ugi=alex	ip=unknown-ip-addr	cmd=create_table_req: Table(tableName:acidTbl, dbName:default, owner:alex, createTime:1713932160, lastAccessTime:0, retention:0, sd:StorageDescriptor(cols:[FieldSchema(name:a, type:int, comment:null), FieldSchema(name:b, type:int, comment:null)], location:null, inputFormat:org.apache.hadoop.hive.ql.io.orc.OrcInputFormat, outputFormat:org.apache.hadoop.hive.ql.io.orc.OrcOutputFormat, compressed:false, numBuckets:2, serdeInfo:SerDeInfo(name:null, serializationLib:org.apache.hadoop.hive.ql.io.orc.OrcSerde, parameters:{serialization.format=1}), bucketCols:[a], sortCols:[], parameters:{}, skewedInfo:SkewedInfo(skewedColNames:[], skewedColValues:[], skewedColValueLocationMaps:{}), storedAsSubDirectories:false), partitionKeys:[], parameters:{COLUMN_STATS_ACCURATE={"BASIC_STATS":"true","COLUMN_STATS":{"a":"true","b":"true"}}, numRows=0, numFilesErasureCoded=0, numFiles=0, rawDataSize=0, bucketing_version=2, totalSize=0, transactional=true}, viewOriginalText:null, viewExpandedText:null, tableType:MANAGED_TABLE, privileges:PrincipalPrivilegeSet(userPrivileges:{alex=[PrivilegeGrantInfo(privilege:INSERT, createTime:-1, grantor:alex, grantorType:USER, grantOption:true), PrivilegeGrantInfo(privilege:SELECT, createTime:-1, grantor:alex, grantorType:USER, grantOption:true), PrivilegeGrantInfo(privilege:UPDATE, createTime:-1, grantor:alex, grantorType:USER, grantOption:true), PrivilegeGrantInfo(privilege:DELETE, createTime:-1, grantor:alex, grantorType:USER, grantOption:true)]}, groupPrivileges:null, rolePrivileges:null), temporary:false, catName:hive, ownerType:USER, writeId:0)	
2024-04-23T21:16:00,784  INFO [main] utils.FileUtils: Creating directory if it doesn't exist: file:/home/alex/Repositories/hive/ql/target/tmp/org.apache.hadoop.hive.ql.TestTxnNoBuckets-1713932056679/warehouse/acidtbl
2024-04-23T21:16:00,841  INFO [main] metadata.Hive: Dumping metastore api call timing information for : execution phase
2024-04-23T21:16:00,842  INFO [main] metadata.Hive: Total time spent in each metastore function (ms): {isCompatibleWith_(Configuration)=0, createTable_(Table)=64}
2024-04-23T21:16:00,842  INFO [main] ql.Driver: Completed executing command(queryId=alex_20240423211600_319df1f6-28d5-430d-b163-a53555535050); Time taken: 0.065 seconds
2024-04-23T21:16:00,842  INFO [main] lockmgr.DbTxnManager: Stopped heartbeat for query: alex_20240423211600_319df1f6-28d5-430d-b163-a53555535050
2024-04-23T21:16:00,847  INFO [main] txn.TxnHandler: Expected to move at least one record from txn_components to completed_txn_components when committing txn! txnid:7
2024-04-23T21:16:00,855  INFO [main] txn.TxnHandler: Removed transactions: ([7]) from MIN_HISTORY_LEVEL
2024-04-23T21:16:00,855  WARN [main] txn.CompactionTxnHandler: No compaction queue record found for Compaction type transaction commit. txnId:7
2024-04-23T21:16:00,855  INFO [main] ql.TxnCommandsBaseForTests: Running the query: create table acidTblPart(a int, b int) partitioned by (p string) clustered by (a) into 2 buckets stored as orc TBLPROPERTIES ('transactional'='true')
2024-04-23T21:16:00,856  INFO [main] ql.Driver: Compiling command(queryId=alex_20240423211600_a0da3599-dc8e-41c8-a239-c46fb99ab125): create table acidTblPart(a int, b int) partitioned by (p string) clustered by (a) into 2 buckets stored as orc TBLPROPERTIES ('transactional'='true')
2024-04-23T21:16:00,858  INFO [main] txn.TxnHandler: Added entries to MIN_HISTORY_LEVEL for current txns: ([8]) with min_open_txn: 1
2024-04-23T21:16:00,859  INFO [main] lockmgr.DbTxnManager: Opened txnid:8
2024-04-23T21:16:00,859  INFO [main] parse.CalcitePlanner: Starting caching scope for: 
2024-04-23T21:16:00,859  INFO [main] parse.CalcitePlanner: Starting Semantic Analysis
2024-04-23T21:16:00,862  INFO [main] parse.CalcitePlanner: Creating table default.acidTblPart position=13
2024-04-23T21:16:00,863  INFO [main] HiveMetaStore.audit: ugi=alex	ip=unknown-ip-addr	cmd=get_database: default	
2024-04-23T21:16:00,864  INFO [main] parse.CalcitePlanner: Ending caching scope for: 
2024-04-23T21:16:00,864  INFO [main] ql.Driver: Semantic Analysis Completed (retrial = false)
2024-04-23T21:16:00,864  INFO [main] ql.Driver: Created Hive schema: Schema(fieldSchemas:null, properties:null)
2024-04-23T21:16:00,864  INFO [main] metadata.Hive: Dumping metastore api call timing information for : compilation phase
2024-04-23T21:16:00,865  INFO [main] metadata.Hive: Total time spent in each metastore function (ms): {flushCache_()=0, openTxn_(String, TxnType)=3, getDatabase_(String)=2, getValidWriteIds_(List, String)=2, getValidTxns_(long)=0, commitTxn_(CommitTxnRequest)=13, isCompatibleWith_(Configuration)=0}
2024-04-23T21:16:00,865  INFO [main] ql.Driver: Completed compiling command(queryId=alex_20240423211600_a0da3599-dc8e-41c8-a239-c46fb99ab125); Time taken: 0.008 seconds
2024-04-23T21:16:00,865  INFO [main] lockmgr.DbTxnManager: Setting lock request transaction to txnid:8 for queryId=alex_20240423211600_a0da3599-dc8e-41c8-a239-c46fb99ab125
2024-04-23T21:16:00,865  INFO [main] lockmgr.DbLockManager: Requesting lock for queryId=alex_20240423211600_a0da3599-dc8e-41c8-a239-c46fb99ab125
2024-04-23T21:16:00,883  INFO [main] lockmgr.DbLockManager: Response to queryId=alex_20240423211600_a0da3599-dc8e-41c8-a239-c46fb99ab125 LockResponse(lockid:2, state:ACQUIRED)
2024-04-23T21:16:00,883  INFO [main] ql.Driver: Operation CREATETABLE obtained 1 locks
2024-04-23T21:16:00,884  INFO [main] ql.Driver: Executing command(queryId=alex_20240423211600_a0da3599-dc8e-41c8-a239-c46fb99ab125): create table acidTblPart(a int, b int) partitioned by (p string) clustered by (a) into 2 buckets stored as orc TBLPROPERTIES ('transactional'='true')
2024-04-23T21:16:00,884  INFO [main] ql.Driver: Starting task [Stage-0:DDL] in serial mode
2024-04-23T21:16:00,885  INFO [main] HiveMetaStore.audit: ugi=alex	ip=unknown-ip-addr	cmd=create_table_req: Table(tableName:acidTblPart, dbName:default, owner:alex, createTime:1713932160, lastAccessTime:0, retention:0, sd:StorageDescriptor(cols:[FieldSchema(name:a, type:int, comment:null), FieldSchema(name:b, type:int, comment:null)], location:null, inputFormat:org.apache.hadoop.hive.ql.io.orc.OrcInputFormat, outputFormat:org.apache.hadoop.hive.ql.io.orc.OrcOutputFormat, compressed:false, numBuckets:2, serdeInfo:SerDeInfo(name:null, serializationLib:org.apache.hadoop.hive.ql.io.orc.OrcSerde, parameters:{serialization.format=1}), bucketCols:[a], sortCols:[], parameters:{}, skewedInfo:SkewedInfo(skewedColNames:[], skewedColValues:[], skewedColValueLocationMaps:{}), storedAsSubDirectories:false), partitionKeys:[FieldSchema(name:p, type:string, comment:null)], parameters:{transactional=true, bucketing_version=2}, viewOriginalText:null, viewExpandedText:null, tableType:MANAGED_TABLE, privileges:PrincipalPrivilegeSet(userPrivileges:{alex=[PrivilegeGrantInfo(privilege:INSERT, createTime:-1, grantor:alex, grantorType:USER, grantOption:true), PrivilegeGrantInfo(privilege:SELECT, createTime:-1, grantor:alex, grantorType:USER, grantOption:true), PrivilegeGrantInfo(privilege:UPDATE, createTime:-1, grantor:alex, grantorType:USER, grantOption:true), PrivilegeGrantInfo(privilege:DELETE, createTime:-1, grantor:alex, grantorType:USER, grantOption:true)]}, groupPrivileges:null, rolePrivileges:null), temporary:false, catName:hive, ownerType:USER, writeId:0)	
2024-04-23T21:16:00,892  INFO [main] utils.FileUtils: Creating directory if it doesn't exist: file:/home/alex/Repositories/hive/ql/target/tmp/org.apache.hadoop.hive.ql.TestTxnNoBuckets-1713932056679/warehouse/acidtblpart
2024-04-23T21:16:00,917  INFO [main] metadata.Hive: Dumping metastore api call timing information for : execution phase
2024-04-23T21:16:00,917  INFO [main] metadata.Hive: Total time spent in each metastore function (ms): {createTable_(Table)=31, isCompatibleWith_(Configuration)=0}
2024-04-23T21:16:00,917  INFO [main] ql.Driver: Completed executing command(queryId=alex_20240423211600_a0da3599-dc8e-41c8-a239-c46fb99ab125); Time taken: 0.033 seconds
2024-04-23T21:16:00,917  INFO [main] lockmgr.DbTxnManager: Stopped heartbeat for query: alex_20240423211600_a0da3599-dc8e-41c8-a239-c46fb99ab125
2024-04-23T21:16:00,924  INFO [main] txn.TxnHandler: Expected to move at least one record from txn_components to completed_txn_components when committing txn! txnid:8
2024-04-23T21:16:00,935  INFO [main] txn.TxnHandler: Removed transactions: ([8]) from MIN_HISTORY_LEVEL
2024-04-23T21:16:00,935  WARN [main] txn.CompactionTxnHandler: No compaction queue record found for Compaction type transaction commit. txnId:8
2024-04-23T21:16:00,936  INFO [main] ql.TxnCommandsBaseForTests: Running the query: create table nonAcidOrcTbl(a int, b int) clustered by (a) into 2 buckets stored as orc TBLPROPERTIES ('transactional'='false')
2024-04-23T21:16:00,936  INFO [main] ql.Driver: Compiling command(queryId=alex_20240423211600_3f213e61-6adc-4e1e-9bba-6194cd47f4ec): create table nonAcidOrcTbl(a int, b int) clustered by (a) into 2 buckets stored as orc TBLPROPERTIES ('transactional'='false')
2024-04-23T21:16:00,940  INFO [main] txn.TxnHandler: Added entries to MIN_HISTORY_LEVEL for current txns: ([9]) with min_open_txn: 1
2024-04-23T21:16:00,940  INFO [main] lockmgr.DbTxnManager: Opened txnid:9
2024-04-23T21:16:00,941  INFO [main] parse.CalcitePlanner: Starting caching scope for: 
2024-04-23T21:16:00,941  INFO [main] parse.CalcitePlanner: Starting Semantic Analysis
2024-04-23T21:16:00,945  INFO [main] parse.CalcitePlanner: Creating table default.nonAcidOrcTbl position=13
2024-04-23T21:16:00,945  INFO [main] HiveMetaStore.audit: ugi=alex	ip=unknown-ip-addr	cmd=get_database: default	
2024-04-23T21:16:00,948  INFO [main] parse.CalcitePlanner: Ending caching scope for: 
2024-04-23T21:16:00,948  INFO [main] ql.Driver: Semantic Analysis Completed (retrial = false)
2024-04-23T21:16:00,948  INFO [main] ql.Driver: Created Hive schema: Schema(fieldSchemas:null, properties:null)
2024-04-23T21:16:00,948  INFO [main] metadata.Hive: Dumping metastore api call timing information for : compilation phase
2024-04-23T21:16:00,948  INFO [main] metadata.Hive: Total time spent in each metastore function (ms): {getDatabase_(String)=3, flushCache_()=1, commitTxn_(CommitTxnRequest)=18, getValidWriteIds_(List, String)=4, getValidTxns_(long)=0, openTxn_(String, TxnType)=3, isCompatibleWith_(Configuration)=1}
2024-04-23T21:16:00,949  INFO [main] ql.Driver: Completed compiling command(queryId=alex_20240423211600_3f213e61-6adc-4e1e-9bba-6194cd47f4ec); Time taken: 0.012 seconds
2024-04-23T21:16:00,949  INFO [main] lockmgr.DbTxnManager: Setting lock request transaction to txnid:9 for queryId=alex_20240423211600_3f213e61-6adc-4e1e-9bba-6194cd47f4ec
2024-04-23T21:16:00,949  INFO [main] lockmgr.DbLockManager: Requesting lock for queryId=alex_20240423211600_3f213e61-6adc-4e1e-9bba-6194cd47f4ec
2024-04-23T21:16:00,973  INFO [main] lockmgr.DbLockManager: Response to queryId=alex_20240423211600_3f213e61-6adc-4e1e-9bba-6194cd47f4ec LockResponse(lockid:3, state:ACQUIRED)
2024-04-23T21:16:00,973  INFO [main] ql.Driver: Operation CREATETABLE obtained 1 locks
2024-04-23T21:16:00,973  INFO [main] ql.Driver: Executing command(queryId=alex_20240423211600_3f213e61-6adc-4e1e-9bba-6194cd47f4ec): create table nonAcidOrcTbl(a int, b int) clustered by (a) into 2 buckets stored as orc TBLPROPERTIES ('transactional'='false')
2024-04-23T21:16:00,974  INFO [main] ql.Driver: Starting task [Stage-0:DDL] in serial mode
2024-04-23T21:16:00,975  INFO [main] HiveMetaStore.audit: ugi=alex	ip=unknown-ip-addr	cmd=create_table_req: Table(tableName:nonAcidOrcTbl, dbName:default, owner:alex, createTime:1713932160, lastAccessTime:0, retention:0, sd:StorageDescriptor(cols:[FieldSchema(name:a, type:int, comment:null), FieldSchema(name:b, type:int, comment:null)], location:null, inputFormat:org.apache.hadoop.hive.ql.io.orc.OrcInputFormat, outputFormat:org.apache.hadoop.hive.ql.io.orc.OrcOutputFormat, compressed:false, numBuckets:2, serdeInfo:SerDeInfo(name:null, serializationLib:org.apache.hadoop.hive.ql.io.orc.OrcSerde, parameters:{serialization.format=1}), bucketCols:[a], sortCols:[], parameters:{}, skewedInfo:SkewedInfo(skewedColNames:[], skewedColValues:[], skewedColValueLocationMaps:{}), storedAsSubDirectories:false), partitionKeys:[], parameters:{numFiles=0, transactional=false, totalSize=0, bucketing_version=2, numFilesErasureCoded=0, numRows=0, COLUMN_STATS_ACCURATE={"BASIC_STATS":"true","COLUMN_STATS":{"a":"true","b":"true"}}, rawDataSize=0}, viewOriginalText:null, viewExpandedText:null, tableType:MANAGED_TABLE, privileges:PrincipalPrivilegeSet(userPrivileges:{alex=[PrivilegeGrantInfo(privilege:INSERT, createTime:-1, grantor:alex, grantorType:USER, grantOption:true), PrivilegeGrantInfo(privilege:SELECT, createTime:-1, grantor:alex, grantorType:USER, grantOption:true), PrivilegeGrantInfo(privilege:UPDATE, createTime:-1, grantor:alex, grantorType:USER, grantOption:true), PrivilegeGrantInfo(privilege:DELETE, createTime:-1, grantor:alex, grantorType:USER, grantOption:true)]}, groupPrivileges:null, rolePrivileges:null), temporary:false, catName:hive, ownerType:USER)	
2024-04-23T21:16:00,985  INFO [main] utils.FileUtils: Creating directory if it doesn't exist: file:/home/alex/Repositories/hive/ql/target/tmp/org.apache.hadoop.hive.ql.TestTxnNoBuckets-1713932056679/warehouse/nonacidorctbl
2024-04-23T21:16:01,006  INFO [main] metadata.Hive: Dumping metastore api call timing information for : execution phase
2024-04-23T21:16:01,006  INFO [main] metadata.Hive: Total time spent in each metastore function (ms): {createTable_(Table)=31, isCompatibleWith_(Configuration)=0}
2024-04-23T21:16:01,007  INFO [main] ql.Driver: Completed executing command(queryId=alex_20240423211600_3f213e61-6adc-4e1e-9bba-6194cd47f4ec); Time taken: 0.033 seconds
2024-04-23T21:16:01,007  INFO [main] lockmgr.DbTxnManager: Stopped heartbeat for query: alex_20240423211600_3f213e61-6adc-4e1e-9bba-6194cd47f4ec
2024-04-23T21:16:01,012  INFO [main] txn.TxnHandler: Expected to move at least one record from txn_components to completed_txn_components when committing txn! txnid:9
2024-04-23T21:16:01,021  INFO [main] txn.TxnHandler: Removed transactions: ([9]) from MIN_HISTORY_LEVEL
2024-04-23T21:16:01,022  WARN [main] txn.CompactionTxnHandler: No compaction queue record found for Compaction type transaction commit. txnId:9
2024-04-23T21:16:01,022  INFO [main] ql.TxnCommandsBaseForTests: Running the query: create table nonAcidOrcTbl2(a int, b int) clustered by (a) into 2 buckets stored as orc TBLPROPERTIES ('transactional'='false')
2024-04-23T21:16:01,023  INFO [main] ql.Driver: Compiling command(queryId=alex_20240423211601_d375ad4b-e335-4d26-8659-6d3385803e1a): create table nonAcidOrcTbl2(a int, b int) clustered by (a) into 2 buckets stored as orc TBLPROPERTIES ('transactional'='false')
2024-04-23T21:16:01,025  INFO [main] txn.TxnHandler: Added entries to MIN_HISTORY_LEVEL for current txns: ([10]) with min_open_txn: 1
2024-04-23T21:16:01,026  INFO [main] lockmgr.DbTxnManager: Opened txnid:10
2024-04-23T21:16:01,026  INFO [main] parse.CalcitePlanner: Starting caching scope for: 
2024-04-23T21:16:01,026  INFO [main] parse.CalcitePlanner: Starting Semantic Analysis
2024-04-23T21:16:01,029  INFO [main] parse.CalcitePlanner: Creating table default.nonAcidOrcTbl2 position=13
2024-04-23T21:16:01,029  INFO [main] HiveMetaStore.audit: ugi=alex	ip=unknown-ip-addr	cmd=get_database: default	
2024-04-23T21:16:01,031  INFO [main] parse.CalcitePlanner: Ending caching scope for: 
2024-04-23T21:16:01,031  INFO [main] ql.Driver: Semantic Analysis Completed (retrial = false)
2024-04-23T21:16:01,031  INFO [main] ql.Driver: Created Hive schema: Schema(fieldSchemas:null, properties:null)
2024-04-23T21:16:01,031  INFO [main] metadata.Hive: Dumping metastore api call timing information for : compilation phase
2024-04-23T21:16:01,032  INFO [main] metadata.Hive: Total time spent in each metastore function (ms): {isCompatibleWith_(Configuration)=1, openTxn_(String, TxnType)=3, commitTxn_(CommitTxnRequest)=15, getValidTxns_(long)=0, getDatabase_(String)=2, getValidWriteIds_(List, String)=2, flushCache_()=0}
2024-04-23T21:16:01,032  INFO [main] ql.Driver: Completed compiling command(queryId=alex_20240423211601_d375ad4b-e335-4d26-8659-6d3385803e1a); Time taken: 0.008 seconds
2024-04-23T21:16:01,032  INFO [main] lockmgr.DbTxnManager: Setting lock request transaction to txnid:10 for queryId=alex_20240423211601_d375ad4b-e335-4d26-8659-6d3385803e1a
2024-04-23T21:16:01,032  INFO [main] lockmgr.DbLockManager: Requesting lock for queryId=alex_20240423211601_d375ad4b-e335-4d26-8659-6d3385803e1a
2024-04-23T21:16:01,250  INFO [main] lockmgr.DbLockManager: Response to queryId=alex_20240423211601_d375ad4b-e335-4d26-8659-6d3385803e1a LockResponse(lockid:4, state:ACQUIRED)
2024-04-23T21:16:01,250  INFO [main] ql.Driver: Operation CREATETABLE obtained 1 locks
2024-04-23T21:16:01,250  INFO [main] ql.Driver: Executing command(queryId=alex_20240423211601_d375ad4b-e335-4d26-8659-6d3385803e1a): create table nonAcidOrcTbl2(a int, b int) clustered by (a) into 2 buckets stored as orc TBLPROPERTIES ('transactional'='false')
2024-04-23T21:16:01,250  INFO [main] ql.Driver: Starting task [Stage-0:DDL] in serial mode
2024-04-23T21:16:01,252  INFO [main] HiveMetaStore.audit: ugi=alex	ip=unknown-ip-addr	cmd=create_table_req: Table(tableName:nonAcidOrcTbl2, dbName:default, owner:alex, createTime:1713932161, lastAccessTime:0, retention:0, sd:StorageDescriptor(cols:[FieldSchema(name:a, type:int, comment:null), FieldSchema(name:b, type:int, comment:null)], location:null, inputFormat:org.apache.hadoop.hive.ql.io.orc.OrcInputFormat, outputFormat:org.apache.hadoop.hive.ql.io.orc.OrcOutputFormat, compressed:false, numBuckets:2, serdeInfo:SerDeInfo(name:null, serializationLib:org.apache.hadoop.hive.ql.io.orc.OrcSerde, parameters:{serialization.format=1}), bucketCols:[a], sortCols:[], parameters:{}, skewedInfo:SkewedInfo(skewedColNames:[], skewedColValues:[], skewedColValueLocationMaps:{}), storedAsSubDirectories:false), partitionKeys:[], parameters:{bucketing_version=2, numFiles=0, rawDataSize=0, numFilesErasureCoded=0, COLUMN_STATS_ACCURATE={"BASIC_STATS":"true","COLUMN_STATS":{"a":"true","b":"true"}}, totalSize=0, transactional=false, numRows=0}, viewOriginalText:null, viewExpandedText:null, tableType:MANAGED_TABLE, privileges:PrincipalPrivilegeSet(userPrivileges:{alex=[PrivilegeGrantInfo(privilege:INSERT, createTime:-1, grantor:alex, grantorType:USER, grantOption:true), PrivilegeGrantInfo(privilege:SELECT, createTime:-1, grantor:alex, grantorType:USER, grantOption:true), PrivilegeGrantInfo(privilege:UPDATE, createTime:-1, grantor:alex, grantorType:USER, grantOption:true), PrivilegeGrantInfo(privilege:DELETE, createTime:-1, grantor:alex, grantorType:USER, grantOption:true)]}, groupPrivileges:null, rolePrivileges:null), temporary:false, catName:hive, ownerType:USER)	
2024-04-23T21:16:01,258  INFO [main] utils.FileUtils: Creating directory if it doesn't exist: file:/home/alex/Repositories/hive/ql/target/tmp/org.apache.hadoop.hive.ql.TestTxnNoBuckets-1713932056679/warehouse/nonacidorctbl2
2024-04-23T21:16:01,280  INFO [main] metadata.Hive: Dumping metastore api call timing information for : execution phase
2024-04-23T21:16:01,281  INFO [main] metadata.Hive: Total time spent in each metastore function (ms): {isCompatibleWith_(Configuration)=1, createTable_(Table)=29}
2024-04-23T21:16:01,281  INFO [main] ql.Driver: Completed executing command(queryId=alex_20240423211601_d375ad4b-e335-4d26-8659-6d3385803e1a); Time taken: 0.03 seconds
2024-04-23T21:16:01,281  INFO [main] lockmgr.DbTxnManager: Stopped heartbeat for query: alex_20240423211601_d375ad4b-e335-4d26-8659-6d3385803e1a
2024-04-23T21:16:01,285  INFO [main] txn.TxnHandler: Expected to move at least one record from txn_components to completed_txn_components when committing txn! txnid:10
2024-04-23T21:16:01,291  INFO [main] txn.TxnHandler: Removed transactions: ([10]) from MIN_HISTORY_LEVEL
2024-04-23T21:16:01,291  WARN [main] txn.CompactionTxnHandler: No compaction queue record found for Compaction type transaction commit. txnId:10
2024-04-23T21:16:01,292  INFO [main] ql.TxnCommandsBaseForTests: Running the query: create temporary  table acidTbl2(a int, b int, c int) clustered by (c) into 2 buckets stored as orc TBLPROPERTIES ('transactional'='true')
2024-04-23T21:16:01,292  INFO [main] ql.Driver: Compiling command(queryId=alex_20240423211601_da4174e3-b243-45db-a59f-854f0ce73f2f): create temporary  table acidTbl2(a int, b int, c int) clustered by (c) into 2 buckets stored as orc TBLPROPERTIES ('transactional'='true')
2024-04-23T21:16:01,294  INFO [main] txn.TxnHandler: Added entries to MIN_HISTORY_LEVEL for current txns: ([11]) with min_open_txn: 1
2024-04-23T21:16:01,295  INFO [main] lockmgr.DbTxnManager: Opened txnid:11
2024-04-23T21:16:01,295  INFO [main] parse.CalcitePlanner: Starting caching scope for: 
2024-04-23T21:16:01,295  INFO [main] parse.CalcitePlanner: Starting Semantic Analysis
2024-04-23T21:16:01,298  INFO [main] parse.CalcitePlanner: Creating table default.acidTbl2 position=24
2024-04-23T21:16:01,299  INFO [main] HiveMetaStore.audit: ugi=alex	ip=unknown-ip-addr	cmd=get_database: default	
2024-04-23T21:16:01,300  INFO [main] parse.CalcitePlanner: Ending caching scope for: 
2024-04-23T21:16:01,300  INFO [main] ql.Driver: Semantic Analysis Completed (retrial = false)
2024-04-23T21:16:01,300  INFO [main] ql.Driver: Created Hive schema: Schema(fieldSchemas:null, properties:null)
2024-04-23T21:16:01,300  INFO [main] metadata.Hive: Dumping metastore api call timing information for : compilation phase
2024-04-23T21:16:01,300  INFO [main] metadata.Hive: Total time spent in each metastore function (ms): {openTxn_(String, TxnType)=2, commitTxn_(CommitTxnRequest)=10, getValidWriteIds_(List, String)=2, isCompatibleWith_(Configuration)=0, getDatabase_(String)=2, getValidTxns_(long)=0, flushCache_()=0}
2024-04-23T21:16:01,301  INFO [main] ql.Driver: Completed compiling command(queryId=alex_20240423211601_da4174e3-b243-45db-a59f-854f0ce73f2f); Time taken: 0.008 seconds
2024-04-23T21:16:01,301  INFO [main] lockmgr.DbTxnManager: Setting lock request transaction to txnid:11 for queryId=alex_20240423211601_da4174e3-b243-45db-a59f-854f0ce73f2f
2024-04-23T21:16:01,301  INFO [main] lockmgr.DbLockManager: Requesting lock for queryId=alex_20240423211601_da4174e3-b243-45db-a59f-854f0ce73f2f
2024-04-23T21:16:01,316  INFO [main] lockmgr.DbLockManager: Response to queryId=alex_20240423211601_da4174e3-b243-45db-a59f-854f0ce73f2f LockResponse(lockid:5, state:ACQUIRED)
2024-04-23T21:16:01,316  INFO [main] ql.Driver: Operation CREATETABLE obtained 1 locks
2024-04-23T21:16:01,317  INFO [main] ql.Driver: Executing command(queryId=alex_20240423211601_da4174e3-b243-45db-a59f-854f0ce73f2f): create temporary  table acidTbl2(a int, b int, c int) clustered by (c) into 2 buckets stored as orc TBLPROPERTIES ('transactional'='true')
2024-04-23T21:16:01,317  INFO [main] ql.Driver: Starting task [Stage-0:DDL] in serial mode
2024-04-23T21:16:01,318  INFO [main] utils.FileUtils: Creating directory if it doesn't exist: file:/home/alex/Repositories/hive/ql/target/tmp/scratchdir/alex/78357cd1-4678-4ed2-8a01-459d6a9a75f4/_tmp_space.db/7592048c-9546-47a6-b613-f48339e6888b
2024-04-23T21:16:01,321  INFO [main] metadata.Hive: Dumping metastore api call timing information for : execution phase
2024-04-23T21:16:01,321  INFO [main] metadata.Hive: Total time spent in each metastore function (ms): {createTable_(Table)=2, isCompatibleWith_(Configuration)=0}
2024-04-23T21:16:01,321  INFO [main] ql.Driver: Completed executing command(queryId=alex_20240423211601_da4174e3-b243-45db-a59f-854f0ce73f2f); Time taken: 0.004 seconds
2024-04-23T21:16:01,321  INFO [main] lockmgr.DbTxnManager: Stopped heartbeat for query: alex_20240423211601_da4174e3-b243-45db-a59f-854f0ce73f2f
2024-04-23T21:16:01,325  INFO [main] txn.TxnHandler: Expected to move at least one record from txn_components to completed_txn_components when committing txn! txnid:11
2024-04-23T21:16:01,330  INFO [main] txn.TxnHandler: Removed transactions: ([11]) from MIN_HISTORY_LEVEL
2024-04-23T21:16:01,330  WARN [main] txn.CompactionTxnHandler: No compaction queue record found for Compaction type transaction commit. txnId:11
2024-04-23T21:16:01,331  INFO [main] ql.TxnCommandsBaseForTests: Running the query: create table nonAcidNonBucket(a int, b int) stored as orc TBLPROPERTIES ('transactional'='false')
2024-04-23T21:16:01,331  INFO [main] ql.Driver: Compiling command(queryId=alex_20240423211601_2d575992-50bd-4ab7-b0f6-4b2b0e0ccc0e): create table nonAcidNonBucket(a int, b int) stored as orc TBLPROPERTIES ('transactional'='false')
2024-04-23T21:16:01,333  INFO [main] txn.TxnHandler: Added entries to MIN_HISTORY_LEVEL for current txns: ([12]) with min_open_txn: 1
2024-04-23T21:16:01,333  INFO [main] lockmgr.DbTxnManager: Opened txnid:12
2024-04-23T21:16:01,334  INFO [main] parse.CalcitePlanner: Starting caching scope for: 
2024-04-23T21:16:01,334  INFO [main] parse.CalcitePlanner: Starting Semantic Analysis
2024-04-23T21:16:01,336  INFO [main] parse.CalcitePlanner: Creating table default.nonAcidNonBucket position=13
2024-04-23T21:16:01,336  INFO [main] HiveMetaStore.audit: ugi=alex	ip=unknown-ip-addr	cmd=get_database: default	
2024-04-23T21:16:01,338  INFO [main] parse.CalcitePlanner: Ending caching scope for: 
2024-04-23T21:16:01,338  INFO [main] ql.Driver: Semantic Analysis Completed (retrial = false)
2024-04-23T21:16:01,338  INFO [main] ql.Driver: Created Hive schema: Schema(fieldSchemas:null, properties:null)
2024-04-23T21:16:01,338  INFO [main] metadata.Hive: Dumping metastore api call timing information for : compilation phase
2024-04-23T21:16:01,338  INFO [main] metadata.Hive: Total time spent in each metastore function (ms): {openTxn_(String, TxnType)=2, getDatabase_(String)=2, flushCache_()=0, getValidTxns_(long)=1, commitTxn_(CommitTxnRequest)=9, getValidWriteIds_(List, String)=2, isCompatibleWith_(Configuration)=0}
2024-04-23T21:16:01,338  INFO [main] ql.Driver: Completed compiling command(queryId=alex_20240423211601_2d575992-50bd-4ab7-b0f6-4b2b0e0ccc0e); Time taken: 0.007 seconds
2024-04-23T21:16:01,339  INFO [main] lockmgr.DbTxnManager: Setting lock request transaction to txnid:12 for queryId=alex_20240423211601_2d575992-50bd-4ab7-b0f6-4b2b0e0ccc0e
2024-04-23T21:16:01,339  INFO [main] lockmgr.DbLockManager: Requesting lock for queryId=alex_20240423211601_2d575992-50bd-4ab7-b0f6-4b2b0e0ccc0e
2024-04-23T21:16:01,354  INFO [main] lockmgr.DbLockManager: Response to queryId=alex_20240423211601_2d575992-50bd-4ab7-b0f6-4b2b0e0ccc0e LockResponse(lockid:6, state:ACQUIRED)
2024-04-23T21:16:01,354  INFO [main] ql.Driver: Operation CREATETABLE obtained 1 locks
2024-04-23T21:16:01,354  INFO [main] ql.Driver: Executing command(queryId=alex_20240423211601_2d575992-50bd-4ab7-b0f6-4b2b0e0ccc0e): create table nonAcidNonBucket(a int, b int) stored as orc TBLPROPERTIES ('transactional'='false')
2024-04-23T21:16:01,354  INFO [main] ql.Driver: Starting task [Stage-0:DDL] in serial mode
2024-04-23T21:16:01,355  INFO [main] HiveMetaStore.audit: ugi=alex	ip=unknown-ip-addr	cmd=create_table_req: Table(tableName:nonAcidNonBucket, dbName:default, owner:alex, createTime:1713932161, lastAccessTime:0, retention:0, sd:StorageDescriptor(cols:[FieldSchema(name:a, type:int, comment:null), FieldSchema(name:b, type:int, comment:null)], location:null, inputFormat:org.apache.hadoop.hive.ql.io.orc.OrcInputFormat, outputFormat:org.apache.hadoop.hive.ql.io.orc.OrcOutputFormat, compressed:false, numBuckets:-1, serdeInfo:SerDeInfo(name:null, serializationLib:org.apache.hadoop.hive.ql.io.orc.OrcSerde, parameters:{serialization.format=1}), bucketCols:[], sortCols:[], parameters:{}, skewedInfo:SkewedInfo(skewedColNames:[], skewedColValues:[], skewedColValueLocationMaps:{}), storedAsSubDirectories:false), partitionKeys:[], parameters:{COLUMN_STATS_ACCURATE={"BASIC_STATS":"true","COLUMN_STATS":{"a":"true","b":"true"}}, rawDataSize=0, numRows=0, transactional=false, numFiles=0, numFilesErasureCoded=0, totalSize=0, bucketing_version=2}, viewOriginalText:null, viewExpandedText:null, tableType:MANAGED_TABLE, privileges:PrincipalPrivilegeSet(userPrivileges:{alex=[PrivilegeGrantInfo(privilege:INSERT, createTime:-1, grantor:alex, grantorType:USER, grantOption:true), PrivilegeGrantInfo(privilege:SELECT, createTime:-1, grantor:alex, grantorType:USER, grantOption:true), PrivilegeGrantInfo(privilege:UPDATE, createTime:-1, grantor:alex, grantorType:USER, grantOption:true), PrivilegeGrantInfo(privilege:DELETE, createTime:-1, grantor:alex, grantorType:USER, grantOption:true)]}, groupPrivileges:null, rolePrivileges:null), temporary:false, catName:hive, ownerType:USER)	
2024-04-23T21:16:01,360  INFO [main] utils.FileUtils: Creating directory if it doesn't exist: file:/home/alex/Repositories/hive/ql/target/tmp/org.apache.hadoop.hive.ql.TestTxnNoBuckets-1713932056679/warehouse/nonacidnonbucket
2024-04-23T21:16:01,375  INFO [main] metadata.Hive: Dumping metastore api call timing information for : execution phase
2024-04-23T21:16:01,375  INFO [main] metadata.Hive: Total time spent in each metastore function (ms): {createTable_(Table)=20, isCompatibleWith_(Configuration)=0}
2024-04-23T21:16:01,376  INFO [main] ql.Driver: Completed executing command(queryId=alex_20240423211601_2d575992-50bd-4ab7-b0f6-4b2b0e0ccc0e); Time taken: 0.021 seconds
2024-04-23T21:16:01,376  INFO [main] lockmgr.DbTxnManager: Stopped heartbeat for query: alex_20240423211601_2d575992-50bd-4ab7-b0f6-4b2b0e0ccc0e
2024-04-23T21:16:01,379  INFO [main] txn.TxnHandler: Expected to move at least one record from txn_components to completed_txn_components when committing txn! txnid:12
2024-04-23T21:16:01,385  INFO [main] txn.TxnHandler: Removed transactions: ([12]) from MIN_HISTORY_LEVEL
2024-04-23T21:16:01,385  WARN [main] txn.CompactionTxnHandler: No compaction queue record found for Compaction type transaction commit. txnId:12
2024-04-23T21:16:01,387  INFO [main] ql.TxnCommandsBaseForTests: Running the query: insert into acidTbl values(1,2),(2,4),(5,6),(6,8),(9,10)
2024-04-23T21:16:01,387  INFO [main] ql.Driver: Compiling command(queryId=alex_20240423211601_e1d0bd9b-4ccd-46a2-8720-8725741aa2a1): insert into acidTbl values(1,2),(2,4),(5,6),(6,8),(9,10)
2024-04-23T21:16:01,389  INFO [main] txn.TxnHandler: Added entries to MIN_HISTORY_LEVEL for current txns: ([13]) with min_open_txn: 1
2024-04-23T21:16:01,390  INFO [main] lockmgr.DbTxnManager: Opened txnid:13
2024-04-23T21:16:01,390  INFO [main] parse.CalcitePlanner: Starting caching scope for: alex_20240423211601_e1d0bd9b-4ccd-46a2-8720-8725741aa2a1
2024-04-23T21:16:01,390  INFO [main] parse.CalcitePlanner: Starting Semantic Analysis
2024-04-23T21:16:01,396  INFO [main] HiveMetaStore.audit: ugi=alex	ip=unknown-ip-addr	cmd=get_table : tbl=hive.default.acidTbl	
2024-04-23T21:16:01,415  INFO [main] metastore.HMSHandler: Skipping translation for processor with null
2024-04-23T21:16:01,415  INFO [main] parse.CalcitePlanner: Completed phase 1 of Semantic Analysis
2024-04-23T21:16:01,415  INFO [main] parse.CalcitePlanner: Get metadata for source tables
2024-04-23T21:16:01,415  INFO [main] parse.CalcitePlanner: Get metadata for subqueries
2024-04-23T21:16:01,415  INFO [main] parse.CalcitePlanner: Get metadata for destination tables
2024-04-23T21:16:01,416  INFO [main] HiveMetaStore.audit: ugi=alex	ip=unknown-ip-addr	cmd=get_table : tbl=hive.default.acidTbl	
2024-04-23T21:16:01,422  INFO [main] metastore.HMSHandler: Skipping translation for processor with null
2024-04-23T21:16:01,422  INFO [main] parse.CalcitePlanner: Completed getting MetaData in Semantic Analysis
2024-04-23T21:16:01,422  INFO [main] parse.CalcitePlanner: Disabling LLAP IO encode as ETL query is detected
2024-04-23T21:16:01,443  INFO [main] HiveMetaStore.audit: ugi=alex	ip=unknown-ip-addr	cmd=get_all_table_constraints : tbl=hive._dummy_database._dummy_table	
2024-04-23T21:16:01,516  INFO [main] parse.CalcitePlanner: Get metadata for source tables
2024-04-23T21:16:01,516  INFO [main] parse.CalcitePlanner: Get metadata for subqueries
2024-04-23T21:16:01,516  INFO [main] parse.CalcitePlanner: Get metadata for source tables
2024-04-23T21:16:01,516  INFO [main] HiveMetaStore.audit: ugi=alex	ip=unknown-ip-addr	cmd=get_table : tbl=hive._dummy_database._dummy_table	
2024-04-23T21:16:01,518  INFO [main] parse.CalcitePlanner: Get metadata for subqueries
2024-04-23T21:16:01,518  INFO [main] parse.CalcitePlanner: Get metadata for destination tables
2024-04-23T21:16:01,518  INFO [main] parse.CalcitePlanner: Get metadata for destination tables
2024-04-23T21:16:01,521  INFO [main] HiveMetaStore.audit: ugi=alex	ip=unknown-ip-addr	cmd=get_not_null_constraints : tbl=hive.default.acidtbl	
2024-04-23T21:16:01,522  INFO [main] HiveMetaStore.audit: ugi=alex	ip=unknown-ip-addr	cmd=get_check_constraints : tbl=hive.default.acidtbl	
2024-04-23T21:16:01,530  INFO [main] txn.TxnHandler: Allocated writeId: 1 for txnId: 13
2024-04-23T21:16:01,531  INFO [main] txn.TxnHandler: Allocated write ids for dbName=default, tblName=acidtbl (txnIds: [13])
2024-04-23T21:16:01,532  INFO [main] parse.CalcitePlanner: CBO Succeeded; optimized logical plan.
2024-04-23T21:16:01,536  INFO [main] optimizer.ColumnPrunerProcFactory: RS 4 oldColExprMap: {VALUE._col0=Column[_col1], KEY.reducesinkkey0=Column[_col0]}
2024-04-23T21:16:01,536  INFO [main] optimizer.ColumnPrunerProcFactory: RS 4 newColExprMap: {KEY.reducesinkkey0=Column[_col0], VALUE._col0=Column[_col1]}
2024-04-23T21:16:01,536  INFO [main] optimizer.BucketVersionPopulator: not considering bucketingVersion for: TS[0] because it has -1<2 buckets 
2024-04-23T21:16:01,537  INFO [main] optimizer.SortedDynPartitionOptimizer: Sorted dynamic partitioning optimization kicked in..
2024-04-23T21:16:01,546  INFO [main] HiveMetaStore.audit: ugi=alex	ip=unknown-ip-addr	cmd=get_table : tbl=hive.default.acidtbl	
2024-04-23T21:16:01,553  INFO [main] metastore.HMSHandler: Skipping translation for processor with null
2024-04-23T21:16:01,554  INFO [main] parse.CalcitePlanner: Completed plan generation
2024-04-23T21:16:01,554  INFO [main] parse.CalcitePlanner: Ending caching scope for: alex_20240423211601_e1d0bd9b-4ccd-46a2-8720-8725741aa2a1
2024-04-23T21:16:01,554  INFO [main] ql.Driver: Semantic Analysis Completed (retrial = false)
2024-04-23T21:16:01,554  INFO [main] ql.Driver: Created Hive schema: Schema(fieldSchemas:[FieldSchema(name:col1, type:int, comment:null), FieldSchema(name:col2, type:int, comment:null)], properties:null)
2024-04-23T21:16:01,554  INFO [main] metadata.Hive: Dumping metastore api call timing information for : compilation phase
2024-04-23T21:16:01,554  INFO [main] metadata.Hive: Total time spent in each metastore function (ms): {getAllTableConstraints_(AllTableConstraintsRequest)=26, getValidWriteIds_(List, String)=6, getCheckConstraints_(CheckConstraintsRequest)=1, getValidTxns_(long)=0, getNotNullConstraints_(NotNullConstraintsRequest)=1, allocateTableWriteId_(long, String, String)=8, flushCache_()=0, getTable_(GetTableRequest)=33, isCompatibleWith_(Configuration)=2, commitTxn_(CommitTxnRequest)=10, openTxn_(String, TxnType)=2}
2024-04-23T21:16:01,554  INFO [main] ql.Driver: Completed compiling command(queryId=alex_20240423211601_e1d0bd9b-4ccd-46a2-8720-8725741aa2a1); Time taken: 0.167 seconds
2024-04-23T21:16:01,555  INFO [main] lockmgr.DbTxnManager: Setting lock request transaction to txnid:13 for queryId=alex_20240423211601_e1d0bd9b-4ccd-46a2-8720-8725741aa2a1
2024-04-23T21:16:01,555  INFO [main] lockmgr.DbLockManager: Requesting lock for queryId=alex_20240423211601_e1d0bd9b-4ccd-46a2-8720-8725741aa2a1
2024-04-23T21:16:01,579  INFO [main] lockmgr.DbLockManager: Response to queryId=alex_20240423211601_e1d0bd9b-4ccd-46a2-8720-8725741aa2a1 LockResponse(lockid:7, state:ACQUIRED)
2024-04-23T21:16:01,579  INFO [main] ql.Driver: Operation QUERY obtained 1 locks
2024-04-23T21:16:01,581  INFO [main] ql.Driver: Executing command(queryId=alex_20240423211601_e1d0bd9b-4ccd-46a2-8720-8725741aa2a1): insert into acidTbl values(1,2),(2,4),(5,6),(6,8),(9,10)
2024-04-23T21:16:01,582  WARN [main] ql.Driver: Hive-on-MR is deprecated in Hive 2 and may not be available in the future versions. Consider using a different execution engine (i.e. spark, tez) or using Hive 1.X releases.
Query ID = alex_20240423211601_e1d0bd9b-4ccd-46a2-8720-8725741aa2a1
2024-04-23T21:16:01,582  INFO [main] ql.Driver: Query ID = alex_20240423211601_e1d0bd9b-4ccd-46a2-8720-8725741aa2a1
Total jobs = 1
2024-04-23T21:16:01,582  INFO [main] ql.Driver: Total jobs = 1
Launching Job 1 out of 1
2024-04-23T21:16:01,582  INFO [main] ql.Driver: Launching Job 1 out of 1
2024-04-23T21:16:01,709  INFO [main] ql.Driver: Starting task [Stage-1:MAPRED] in serial mode
Number of reduce tasks determined at compile time: 2
2024-04-23T21:16:01,709  INFO [main] exec.Task: Number of reduce tasks determined at compile time: 2
In order to change the average load for a reducer (in bytes):
2024-04-23T21:16:01,709  INFO [main] exec.Task: In order to change the average load for a reducer (in bytes):
  set hive.exec.reducers.bytes.per.reducer=<number>
2024-04-23T21:16:01,709  INFO [main] exec.Task:   set hive.exec.reducers.bytes.per.reducer=<number>
In order to limit the maximum number of reducers:
2024-04-23T21:16:01,710  INFO [main] exec.Task: In order to limit the maximum number of reducers:
  set hive.exec.reducers.max=<number>
2024-04-23T21:16:01,710  INFO [main] exec.Task:   set hive.exec.reducers.max=<number>
In order to set a constant number of reducers:
2024-04-23T21:16:01,710  INFO [main] exec.Task: In order to set a constant number of reducers:
  set mapreduce.job.reduces=<number>
2024-04-23T21:16:01,710  INFO [main] exec.Task:   set mapreduce.job.reduces=<number>
2024-04-23T21:16:01,712  INFO [main] mr.ExecDriver: Using org.apache.hadoop.hive.ql.io.HiveInputFormat
2024-04-23T21:16:01,712  INFO [main] exec.Utilities: Processing alias $hdt$_0:_dummy_table
2024-04-23T21:16:01,712  INFO [main] exec.Utilities: Adding 1 inputs; the first input is file:/home/alex/Repositories/hive/ql/target/tmp/localscratchdir/78357cd1-4678-4ed2-8a01-459d6a9a75f4/hive_2024-04-23_21-16-01_387_741122002672434238-1/dummy_path
2024-04-23T21:16:01,721  INFO [main] exec.SerializationUtilities: Serializing MapWork using kryo
2024-04-23T21:16:01,722  INFO [main] exec.Utilities: Serialized plan (via FILE) - name: null size: 5,03KB
2024-04-23T21:16:01,727  INFO [main] exec.SerializationUtilities: Serializing ReduceWork using kryo
2024-04-23T21:16:01,727  INFO [main] exec.Utilities: Serialized plan (via FILE) - name: null size: 5,98KB
2024-04-23T21:16:01,728  WARN [main] impl.MetricsSystemImpl: JobTracker metrics system already initialized!
2024-04-23T21:16:01,732  INFO [main] fs.FSStatsPublisher: created : file:/home/alex/Repositories/hive/ql/target/tmp/localscratchdir/78357cd1-4678-4ed2-8a01-459d6a9a75f4/hive_2024-04-23_21-16-01_387_741122002672434238-1/-mr-10000
2024-04-23T21:16:01,734  WARN [main] impl.MetricsSystemImpl: JobTracker metrics system already initialized!
2024-04-23T21:16:01,740  WARN [main] mapreduce.JobResourceUploader: Hadoop command-line option parsing not performed. Implement the Tool interface and execute your application with ToolRunner to remedy this.
2024-04-23T21:16:01,745  WARN [main] mapreduce.JobResourceUploader: No job jar file set.  User classes may not be found. See Job or Job#setJar(String).
2024-04-23T21:16:01,746  INFO [main] io.HiveInputFormat: hive.io.file.readcolumn.ids = 
2024-04-23T21:16:01,746  INFO [main] io.HiveInputFormat: hive.io.file.readcolumn.names = 
2024-04-23T21:16:01,746  INFO [main] io.HiveInputFormat: Generating splits for dirs: file:/home/alex/Repositories/hive/ql/target/tmp/localscratchdir/78357cd1-4678-4ed2-8a01-459d6a9a75f4/hive_2024-04-23_21-16-01_387_741122002672434238-1/dummy_path
2024-04-23T21:16:01,746  INFO [main] io.HiveInputFormat: number of splits 1
2024-04-23T21:16:01,762  INFO [main] mapreduce.JobSubmitter: number of splits:1
2024-04-23T21:16:01,780  INFO [main] mapreduce.JobSubmitter: Submitting tokens for job: job_local256985855_0044
2024-04-23T21:16:01,780  INFO [main] mapreduce.JobSubmitter: Executing with tokens: []
2024-04-23T21:16:01,842  INFO [main] mapreduce.Job: The url to track the job: http://localhost:8080/
Job running in-process (local Hadoop)
2024-04-23T21:16:01,842  INFO [main] exec.Task: Job running in-process (local Hadoop)
2024-04-23T21:16:01,842  INFO [Thread-2887] mapred.LocalJobRunner: OutputCommitter set in config org.apache.hadoop.hive.ql.io.HiveFileFormatUtils$NullOutputCommitter
2024-04-23T21:16:01,842  INFO [Thread-2887] mapred.LocalJobRunner: OutputCommitter is org.apache.hadoop.hive.ql.io.HiveFileFormatUtils$NullOutputCommitter
2024-04-23T21:16:01,844  INFO [Thread-2887] mapred.LocalJobRunner: Waiting for map tasks
2024-04-23T21:16:01,844  INFO [LocalJobRunner Map Task Executor #0] mapred.LocalJobRunner: Starting task: attempt_local256985855_0044_m_000000_0
2024-04-23T21:16:01,847  INFO [LocalJobRunner Map Task Executor #0] mapred.Task:  Using ResourceCalculatorProcessTree : [ ]
2024-04-23T21:16:01,847  INFO [LocalJobRunner Map Task Executor #0] mapred.MapTask: Processing split: org.apache.hadoop.hive.ql.io.NullRowsInputFormat:file:/home/alex/Repositories/hive/ql/target/tmp/localscratchdir/78357cd1-4678-4ed2-8a01-459d6a9a75f4/hive_2024-04-23_21-16-01_387_741122002672434238-1/dummy_path/null:0+1
2024-04-23T21:16:01,849  INFO [LocalJobRunner Map Task Executor #0] exec.SerializationUtilities: Deserializing MapWork using kryo
2024-04-23T21:16:01,850  INFO [LocalJobRunner Map Task Executor #0] exec.Utilities: Deserialized plan (via FILE) - name: null size: 5,03KB
2024-04-23T21:16:01,850  INFO [LocalJobRunner Map Task Executor #0] mapred.MapTask: numReduceTasks: 2
2024-04-23T21:16:01,854  INFO [LocalJobRunner Map Task Executor #0] mapred.MapTask: (EQUATOR) 0 kvi 26214396(104857584)
2024-04-23T21:16:01,854  INFO [LocalJobRunner Map Task Executor #0] mapred.MapTask: mapreduce.task.io.sort.mb: 100
2024-04-23T21:16:01,854  INFO [LocalJobRunner Map Task Executor #0] mapred.MapTask: soft limit at 83886080
2024-04-23T21:16:01,854  INFO [LocalJobRunner Map Task Executor #0] mapred.MapTask: bufstart = 0; bufvoid = 104857600
2024-04-23T21:16:01,854  INFO [LocalJobRunner Map Task Executor #0] mapred.MapTask: kvstart = 26214396; length = 6553600
2024-04-23T21:16:01,855  INFO [LocalJobRunner Map Task Executor #0] mapred.MapTask: Map output collector class = org.apache.hadoop.mapred.MapTask$MapOutputBuffer
2024-04-23T21:16:01,855  INFO [LocalJobRunner Map Task Executor #0] exec.MapOperator: Initializing Operator: MAP[0]
2024-04-23T21:16:01,855  INFO [LocalJobRunner Map Task Executor #0] mr.ExecMapper: 
<MAP>Id =0
  <Children>null
  <\Children>
  <Parent><\Parent>
<\MAP>
2024-04-23T21:16:01,856  INFO [LocalJobRunner Map Task Executor #0] exec.TableScanOperator: Initializing Operator: TS[0]
2024-04-23T21:16:01,856  INFO [LocalJobRunner Map Task Executor #0] exec.SelectOperator: Initializing Operator: SEL[1]
2024-04-23T21:16:01,856  INFO [LocalJobRunner Map Task Executor #0] exec.SelectOperator: SELECT null
2024-04-23T21:16:01,856  INFO [LocalJobRunner Map Task Executor #0] exec.UDTFOperator: Initializing Operator: UDTF[2]
2024-04-23T21:16:01,856  INFO [LocalJobRunner Map Task Executor #0] exec.SelectOperator: Initializing Operator: SEL[3]
2024-04-23T21:16:01,856  INFO [LocalJobRunner Map Task Executor #0] exec.SelectOperator: SELECT struct<col1:int,col2:int>
2024-04-23T21:16:01,856  INFO [LocalJobRunner Map Task Executor #0] exec.ReduceSinkOperator: Initializing Operator: RS[4]
2024-04-23T21:16:01,856  INFO [LocalJobRunner Map Task Executor #0] exec.ReduceSinkOperator: Using tag = -1
2024-04-23T21:16:01,857  INFO [LocalJobRunner Map Task Executor #0] exec.ReduceSinkOperator: keys are [reducesinkkey0] num distributions: 1
2024-04-23T21:16:01,857  INFO [LocalJobRunner Map Task Executor #0] exec.ReduceSinkOperator: RS[4]: records written - 1
2024-04-23T21:16:01,857  INFO [LocalJobRunner Map Task Executor #0] exec.MapOperator: MAP[0]: records read - 1
2024-04-23T21:16:01,857  INFO [LocalJobRunner Map Task Executor #0] exec.MapOperator: Closing Operator: MAP[0]
2024-04-23T21:16:01,857  INFO [LocalJobRunner Map Task Executor #0] exec.MapOperator: MAP[0]: Total records read - 3. abort - false
2024-04-23T21:16:01,857  INFO [LocalJobRunner Map Task Executor #0] exec.MapOperator: DESERIALIZE_ERRORS:0, RECORDS_IN:3, RECORDS_OUT_OPERATOR_MAP_0:0, RECORDS_OUT_INTERMEDIATE:0, 
2024-04-23T21:16:01,857  INFO [LocalJobRunner Map Task Executor #0] exec.TableScanOperator: Closing Operator: TS[0]
2024-04-23T21:16:01,857  INFO [LocalJobRunner Map Task Executor #0] exec.TableScanOperator: RECORDS_OUT_INTERMEDIATE:0, RECORDS_OUT_OPERATOR_TS_0:1, 
2024-04-23T21:16:01,857  INFO [LocalJobRunner Map Task Executor #0] exec.SelectOperator: Closing Operator: SEL[1]
2024-04-23T21:16:01,857  INFO [LocalJobRunner Map Task Executor #0] exec.SelectOperator: RECORDS_OUT_INTERMEDIATE:0, RECORDS_OUT_OPERATOR_SEL_1:1, 
2024-04-23T21:16:01,857  INFO [LocalJobRunner Map Task Executor #0] exec.UDTFOperator: Closing Operator: UDTF[2]
2024-04-23T21:16:01,857  INFO [LocalJobRunner Map Task Executor #0] exec.UDTFOperator: RECORDS_OUT_OPERATOR_UDTF_2:5, RECORDS_OUT_INTERMEDIATE:0, 
2024-04-23T21:16:01,857  INFO [LocalJobRunner Map Task Executor #0] exec.SelectOperator: Closing Operator: SEL[3]
2024-04-23T21:16:01,857  INFO [LocalJobRunner Map Task Executor #0] exec.SelectOperator: RECORDS_OUT_OPERATOR_SEL_3:5, RECORDS_OUT_INTERMEDIATE:0, 
2024-04-23T21:16:01,857  INFO [LocalJobRunner Map Task Executor #0] exec.ReduceSinkOperator: Closing Operator: RS[4]
2024-04-23T21:16:01,857  INFO [LocalJobRunner Map Task Executor #0] exec.ReduceSinkOperator: RS[4]: Total records written - 5. abort - false
2024-04-23T21:16:01,857  INFO [LocalJobRunner Map Task Executor #0] exec.ReduceSinkOperator: RECORDS_OUT_INTERMEDIATE:5, RECORDS_OUT_OPERATOR_RS_4:5, 
2024-04-23T21:16:01,860  INFO [LocalJobRunner Map Task Executor #0] mapred.LocalJobRunner: 
2024-04-23T21:16:01,860  INFO [LocalJobRunner Map Task Executor #0] mapred.MapTask: Starting flush of map output
2024-04-23T21:16:01,860  INFO [LocalJobRunner Map Task Executor #0] mapred.MapTask: Spilling map output
2024-04-23T21:16:01,860  INFO [LocalJobRunner Map Task Executor #0] mapred.MapTask: bufstart = 0; bufend = 80; bufvoid = 104857600
2024-04-23T21:16:01,860  INFO [LocalJobRunner Map Task Executor #0] mapred.MapTask: kvstart = 26214396(104857584); kvend = 26214380(104857520); length = 17/6553600
2024-04-23T21:16:01,871  INFO [LocalJobRunner Map Task Executor #0] mapred.MapTask: Finished spill 0
2024-04-23T21:16:01,875  INFO [LocalJobRunner Map Task Executor #0] mapred.Task: Task:attempt_local256985855_0044_m_000000_0 is done. And is in the process of committing
2024-04-23T21:16:01,876  INFO [LocalJobRunner Map Task Executor #0] mapred.LocalJobRunner: map
2024-04-23T21:16:01,876  INFO [LocalJobRunner Map Task Executor #0] mapred.Task: Task 'attempt_local256985855_0044_m_000000_0' done.
2024-04-23T21:16:01,876  INFO [LocalJobRunner Map Task Executor #0] mapred.Task: Final Counters for attempt_local256985855_0044_m_000000_0: Counters: 26
	File System Counters
		FILE: Number of bytes read=976736
		FILE: Number of bytes written=51807612
		FILE: Number of read operations=0
		FILE: Number of large read operations=0
		FILE: Number of write operations=0
	Map-Reduce Framework
		Map input records=4
		Map output records=5
		Map output bytes=80
		Map output materialized bytes=102
		Input split bytes=360
		Combine input records=0
		Spilled Records=5
		Failed Shuffles=0
		Merged Map outputs=0
		GC time elapsed (ms)=0
		Total committed heap usage (bytes)=1189609472
	HIVE
		DESERIALIZE_ERRORS=0
		RECORDS_IN=3
		RECORDS_OUT_INTERMEDIATE=5
		RECORDS_OUT_OPERATOR_MAP_0=0
		RECORDS_OUT_OPERATOR_RS_4=5
		RECORDS_OUT_OPERATOR_SEL_1=1
		RECORDS_OUT_OPERATOR_SEL_3=5
		RECORDS_OUT_OPERATOR_TS_0=1
		RECORDS_OUT_OPERATOR_UDTF_2=5
	File Input Format Counters 
		Bytes Read=5078
2024-04-23T21:16:01,876  INFO [LocalJobRunner Map Task Executor #0] mapred.LocalJobRunner: Finishing task: attempt_local256985855_0044_m_000000_0
2024-04-23T21:16:01,876  INFO [Thread-2887] mapred.LocalJobRunner: map task executor complete.
2024-04-23T21:16:01,877  INFO [Thread-2887] mapred.LocalJobRunner: Waiting for reduce tasks
2024-04-23T21:16:01,878  INFO [pool-196-thread-1] mapred.LocalJobRunner: Starting task: attempt_local256985855_0044_r_000000_0
2024-04-23T21:16:01,880  INFO [pool-196-thread-1] mapred.Task:  Using ResourceCalculatorProcessTree : [ ]
2024-04-23T21:16:01,880  INFO [pool-196-thread-1] mapred.ReduceTask: Using ShuffleConsumerPlugin: org.apache.hadoop.mapreduce.task.reduce.Shuffle@72ed9066
2024-04-23T21:16:01,880  WARN [pool-196-thread-1] impl.MetricsSystemImpl: JobTracker metrics system already initialized!
2024-04-23T21:16:01,881  INFO [pool-196-thread-1] reduce.MergeManagerImpl: MergerManager: memoryLimit=1336252800, maxSingleShuffleLimit=334063200, mergeThreshold=881926912, ioSortFactor=10, memToMemMergeOutputsThreshold=10
2024-04-23T21:16:01,881  INFO [EventFetcher for fetching Map Completion Events] reduce.EventFetcher: attempt_local256985855_0044_r_000000_0 Thread started: EventFetcher for fetching Map Completion Events
2024-04-23T21:16:01,884  INFO [localfetcher#27] reduce.LocalFetcher: localfetcher#27 about to shuffle output of map attempt_local256985855_0044_m_000000_0 decomp: 38 len: 42 to MEMORY
2024-04-23T21:16:01,884  INFO [localfetcher#27] reduce.InMemoryMapOutput: Read 38 bytes from map-output for attempt_local256985855_0044_m_000000_0
2024-04-23T21:16:01,884  INFO [localfetcher#27] reduce.MergeManagerImpl: closeInMemoryFile -> map-output of size: 38, inMemoryMapOutputs.size() -> 1, commitMemory -> 0, usedMemory ->38
2024-04-23T21:16:01,884  INFO [EventFetcher for fetching Map Completion Events] reduce.EventFetcher: EventFetcher is interrupted.. Returning
2024-04-23T21:16:01,885  INFO [pool-196-thread-1] mapred.LocalJobRunner: 1 / 1 copied.
2024-04-23T21:16:01,885  INFO [pool-196-thread-1] reduce.MergeManagerImpl: finalMerge called with 1 in-memory map-outputs and 0 on-disk map-outputs
2024-04-23T21:16:01,891  INFO [pool-196-thread-1] mapred.Merger: Merging 1 sorted segments
2024-04-23T21:16:01,892  INFO [pool-196-thread-1] mapred.Merger: Down to the last merge-pass, with 1 segments left of total size: 26 bytes
2024-04-23T21:16:01,894  INFO [pool-196-thread-1] reduce.MergeManagerImpl: Merged 1 segments, 38 bytes to disk to satisfy reduce memory limit
2024-04-23T21:16:01,894  INFO [pool-196-thread-1] reduce.MergeManagerImpl: Merging 1 files, 42 bytes from disk
2024-04-23T21:16:01,894  INFO [pool-196-thread-1] reduce.MergeManagerImpl: Merging 0 segments, 0 bytes from memory into reduce
2024-04-23T21:16:01,894  INFO [pool-196-thread-1] mapred.Merger: Merging 1 sorted segments
2024-04-23T21:16:01,894  INFO [pool-196-thread-1] mapred.Merger: Down to the last merge-pass, with 1 segments left of total size: 26 bytes
2024-04-23T21:16:01,894  INFO [pool-196-thread-1] mapred.LocalJobRunner: 1 / 1 copied.
2024-04-23T21:16:01,895  INFO [pool-196-thread-1] exec.SerializationUtilities: Deserializing ReduceWork using kryo
2024-04-23T21:16:01,895  INFO [pool-196-thread-1] exec.Utilities: Deserialized plan (via FILE) - name: null size: 5,98KB
2024-04-23T21:16:01,896  INFO [pool-196-thread-1] ExecReducer: 
<SEL>Id =5
  <Children>
    <FS>Id =6
      <Children>
      <\Children>
      <Parent>Id = 5 null<\Parent>
    <\FS>
  <\Children>
  <Parent><\Parent>
<\SEL>
2024-04-23T21:16:01,896  INFO [pool-196-thread-1] exec.SelectOperator: Initializing Operator: SEL[5]
2024-04-23T21:16:01,896  INFO [pool-196-thread-1] exec.SelectOperator: SELECT struct<key:struct<reducesinkkey0:int>,value:struct<_col0:int>>
2024-04-23T21:16:01,896  INFO [pool-196-thread-1] exec.FileSinkOperator: Initializing Operator: FS[6]
2024-04-23T21:16:01,896  INFO [pool-196-thread-1] exec.FileSinkOperator: Using serializer : AbstractSerDe [log=org.apache.logging.slf4j.Log4jLogger@261f1262, configuration=Optional[Configuration: core-default.xml, core-site.xml, mapred-default.xml, mapred-site.xml, yarn-default.xml, yarn-site.xml, hdfs-default.xml, hdfs-site.xml, file:/home/alex/Repositories/hive/ql/target/tmp/TestTxnNoBuckets/mapred/local/localRunner/alex/job_local256985855_0044/job_local256985855_0044.xml], properties={transactional_properties=default, name=default.acidtbl, transactional=true, columns.types=int:int, bucket_field_name=a, columns=a,b, numFilesErasureCoded=0, columns.comments=&amp#0;, bucketing_version=2, bucket_count=2, serialization.lib=org.apache.hadoop.hive.ql.io.orc.OrcSerde, file.inputformat=org.apache.hadoop.hive.ql.io.orc.OrcInputFormat, file.outputformat=org.apache.hadoop.hive.ql.io.orc.OrcOutputFormat, location=file:/home/alex/Repositories/hive/ql/target/tmp/org.apache.hadoop.hive.ql.TestTxnNoBuckets-1713932056679/warehouse/acidtbl, column.name.delimiter=,}, tableProperties={transactional_properties=default, name=default.acidtbl, transactional=true, columns.types=int:int, bucket_field_name=a, columns=a,b, numFilesErasureCoded=0, columns.comments=&amp#0;, bucketing_version=2, bucket_count=2, serialization.lib=org.apache.hadoop.hive.ql.io.orc.OrcSerde, file.inputformat=org.apache.hadoop.hive.ql.io.orc.OrcInputFormat, location=file:/home/alex/Repositories/hive/ql/target/tmp/org.apache.hadoop.hive.ql.TestTxnNoBuckets-1713932056679/warehouse/acidtbl, file.outputformat=org.apache.hadoop.hive.ql.io.orc.OrcOutputFormat, column.name.delimiter=,}, partitionProperties=Optional.empty, columnNames=[a, b], columnTypes=[int, int], getClass()=class org.apache.hadoop.hive.ql.io.orc.OrcSerde] and formatter : org.apache.hadoop.hive.ql.io.orc.OrcOutputFormat@3fe7cc78
2024-04-23T21:16:01,897  INFO [pool-196-thread-1] exec.FileSinkOperator: Final Path: FS file:/home/alex/Repositories/hive/ql/target/tmp/org.apache.hadoop.hive.ql.TestTxnNoBuckets-1713932056679/warehouse/acidtbl
2024-04-23T21:16:01,897  INFO [pool-196-thread-1] exec.FileSinkOperator: New Final Path: FS file:/home/alex/Repositories/hive/ql/target/tmp/org.apache.hadoop.hive.ql.TestTxnNoBuckets-1713932056679/warehouse/acidtbl
2024-04-23T21:16:01,897  INFO [pool-196-thread-1] common.FileUtils: Creating directory if it doesn't exist: file:/home/alex/Repositories/hive/ql/target/tmp/org.apache.hadoop.hive.ql.TestTxnNoBuckets-1713932056679/warehouse
2024-04-23T21:16:01,897  INFO [pool-196-thread-1] exec.FileSinkOperator: FS[6]: records written - 1
2024-04-23T21:16:01,897  INFO [pool-196-thread-1] impl.PhysicalFsWriter: ORC writer created for path: file:/home/alex/Repositories/hive/ql/target/tmp/org.apache.hadoop.hive.ql.TestTxnNoBuckets-1713932056679/warehouse/acidtbl/delta_0000001_0000001_0000/bucket_00000_0 with stripeSize: 8388608 blockSize: 268435456 compression: Compress: ZLIB buffer: 32768
2024-04-23T21:16:01,904  INFO [pool-196-thread-1] impl.WriterImpl: ORC writer created for path: file:/home/alex/Repositories/hive/ql/target/tmp/org.apache.hadoop.hive.ql.TestTxnNoBuckets-1713932056679/warehouse/acidtbl/delta_0000001_0000001_0000/bucket_00000_0 with stripeSize: 8388608 options: Compress: ZLIB buffer: 32768
2024-04-23T21:16:01,908  INFO [pool-196-thread-1] exec.SelectOperator: Closing Operator: SEL[5]
2024-04-23T21:16:01,908  INFO [pool-196-thread-1] exec.SelectOperator: RECORDS_OUT_OPERATOR_SEL_5:2, RECORDS_OUT_INTERMEDIATE:0, 
2024-04-23T21:16:01,908  INFO [pool-196-thread-1] exec.FileSinkOperator: Closing Operator: FS[6]
2024-04-23T21:16:01,908  INFO [pool-196-thread-1] exec.FileSinkOperator: FS[6]: records written - 2
2024-04-23T21:16:01,910  INFO [pool-196-thread-1] FileOperations: Writing manifest to file:/home/alex/Repositories/hive/ql/target/tmp/org.apache.hadoop.hive.ql.TestTxnNoBuckets-1713932056679/warehouse/acidtbl/_tmp.delta_0000001_0000001_0000/000000_0.manifest with [file:/home/alex/Repositories/hive/ql/target/tmp/org.apache.hadoop.hive.ql.TestTxnNoBuckets-1713932056679/warehouse/acidtbl/delta_0000001_0000001_0000/bucket_00000_0]
2024-04-23T21:16:01,921  INFO [pool-196-thread-1] exec.FileSinkOperator: RECORDS_OUT_OPERATOR_FS_6:2, RECORDS_OUT_1_default.acidtbl:2, RECORDS_OUT_INTERMEDIATE:0, TOTAL_TABLE_ROWS_WRITTEN:2, 
2024-04-23T21:16:01,921  INFO [pool-196-thread-1] mapred.Task: Task:attempt_local256985855_0044_r_000000_0 is done. And is in the process of committing
2024-04-23T21:16:01,922  INFO [pool-196-thread-1] mapred.LocalJobRunner: reduce > reduce
2024-04-23T21:16:01,922  INFO [pool-196-thread-1] mapred.Task: Task 'attempt_local256985855_0044_r_000000_0' done.
2024-04-23T21:16:01,922  INFO [pool-196-thread-1] mapred.Task: Final Counters for attempt_local256985855_0044_r_000000_0: Counters: 30
	File System Counters
		FILE: Number of bytes read=982978
		FILE: Number of bytes written=51808687
		FILE: Number of read operations=0
		FILE: Number of large read operations=0
		FILE: Number of write operations=0
	Map-Reduce Framework
		Combine input records=0
		Combine output records=0
		Reduce input groups=2
		Reduce shuffle bytes=42
		Reduce input records=2
		Reduce output records=0
		Spilled Records=2
		Shuffled Maps =1
		Failed Shuffles=0
		Merged Map outputs=1
		GC time elapsed (ms)=0
		Total committed heap usage (bytes)=1189609472
	HIVE
		CREATED_FILES=1
		RECORDS_OUT_1_default.acidtbl=2
		RECORDS_OUT_INTERMEDIATE=0
		RECORDS_OUT_OPERATOR_FS_6=2
		RECORDS_OUT_OPERATOR_SEL_5=2
		TOTAL_TABLE_ROWS_WRITTEN=2
	Shuffle Errors
		BAD_ID=0
		CONNECTION=0
		IO_ERROR=0
		WRONG_LENGTH=0
		WRONG_MAP=0
		WRONG_REDUCE=0
	File Output Format Counters 
		Bytes Written=0
2024-04-23T21:16:01,922  INFO [pool-196-thread-1] mapred.LocalJobRunner: Finishing task: attempt_local256985855_0044_r_000000_0
2024-04-23T21:16:01,922  INFO [pool-196-thread-1] mapred.LocalJobRunner: Starting task: attempt_local256985855_0044_r_000001_0
2024-04-23T21:16:01,922  INFO [pool-196-thread-1] mapred.Task:  Using ResourceCalculatorProcessTree : [ ]
2024-04-23T21:16:01,922  INFO [pool-196-thread-1] mapred.ReduceTask: Using ShuffleConsumerPlugin: org.apache.hadoop.mapreduce.task.reduce.Shuffle@34a43b
2024-04-23T21:16:01,922  WARN [pool-196-thread-1] impl.MetricsSystemImpl: JobTracker metrics system already initialized!
2024-04-23T21:16:01,923  INFO [pool-196-thread-1] reduce.MergeManagerImpl: MergerManager: memoryLimit=1336252800, maxSingleShuffleLimit=334063200, mergeThreshold=881926912, ioSortFactor=10, memToMemMergeOutputsThreshold=10
2024-04-23T21:16:01,924  INFO [EventFetcher for fetching Map Completion Events] reduce.EventFetcher: attempt_local256985855_0044_r_000001_0 Thread started: EventFetcher for fetching Map Completion Events
2024-04-23T21:16:01,926  INFO [localfetcher#28] reduce.LocalFetcher: localfetcher#28 about to shuffle output of map attempt_local256985855_0044_m_000000_0 decomp: 56 len: 60 to MEMORY
2024-04-23T21:16:01,927  INFO [localfetcher#28] reduce.InMemoryMapOutput: Read 56 bytes from map-output for attempt_local256985855_0044_m_000000_0
2024-04-23T21:16:01,927  INFO [localfetcher#28] reduce.MergeManagerImpl: closeInMemoryFile -> map-output of size: 56, inMemoryMapOutputs.size() -> 1, commitMemory -> 0, usedMemory ->56
2024-04-23T21:16:01,927  INFO [EventFetcher for fetching Map Completion Events] reduce.EventFetcher: EventFetcher is interrupted.. Returning
2024-04-23T21:16:01,927  INFO [pool-196-thread-1] mapred.LocalJobRunner: 1 / 1 copied.
2024-04-23T21:16:01,927  INFO [pool-196-thread-1] reduce.MergeManagerImpl: finalMerge called with 1 in-memory map-outputs and 0 on-disk map-outputs
2024-04-23T21:16:01,934  INFO [pool-196-thread-1] mapred.Merger: Merging 1 sorted segments
2024-04-23T21:16:01,934  INFO [pool-196-thread-1] mapred.Merger: Down to the last merge-pass, with 1 segments left of total size: 44 bytes
2024-04-23T21:16:01,937  INFO [pool-196-thread-1] reduce.MergeManagerImpl: Merged 1 segments, 56 bytes to disk to satisfy reduce memory limit
2024-04-23T21:16:01,937  INFO [pool-196-thread-1] reduce.MergeManagerImpl: Merging 1 files, 60 bytes from disk
2024-04-23T21:16:01,937  INFO [pool-196-thread-1] reduce.MergeManagerImpl: Merging 0 segments, 0 bytes from memory into reduce
2024-04-23T21:16:01,937  INFO [pool-196-thread-1] mapred.Merger: Merging 1 sorted segments
2024-04-23T21:16:01,937  INFO [pool-196-thread-1] mapred.Merger: Down to the last merge-pass, with 1 segments left of total size: 44 bytes
2024-04-23T21:16:01,937  INFO [pool-196-thread-1] mapred.LocalJobRunner: 1 / 1 copied.
2024-04-23T21:16:01,937  INFO [pool-196-thread-1] exec.SerializationUtilities: Deserializing ReduceWork using kryo
2024-04-23T21:16:01,938  INFO [pool-196-thread-1] exec.Utilities: Deserialized plan (via FILE) - name: null size: 5,98KB
2024-04-23T21:16:01,939  INFO [pool-196-thread-1] ExecReducer: 
<SEL>Id =5
  <Children>
    <FS>Id =6
      <Children>
      <\Children>
      <Parent>Id = 5 null<\Parent>
    <\FS>
  <\Children>
  <Parent><\Parent>
<\SEL>
2024-04-23T21:16:01,939  INFO [pool-196-thread-1] exec.SelectOperator: Initializing Operator: SEL[5]
2024-04-23T21:16:01,939  INFO [pool-196-thread-1] exec.SelectOperator: SELECT struct<key:struct<reducesinkkey0:int>,value:struct<_col0:int>>
2024-04-23T21:16:01,939  INFO [pool-196-thread-1] exec.FileSinkOperator: Initializing Operator: FS[6]
2024-04-23T21:16:01,940  INFO [pool-196-thread-1] exec.FileSinkOperator: Using serializer : AbstractSerDe [log=org.apache.logging.slf4j.Log4jLogger@261f1262, configuration=Optional[Configuration: core-default.xml, core-site.xml, mapred-default.xml, mapred-site.xml, yarn-default.xml, yarn-site.xml, hdfs-default.xml, hdfs-site.xml, file:/home/alex/Repositories/hive/ql/target/tmp/TestTxnNoBuckets/mapred/local/localRunner/alex/job_local256985855_0044/job_local256985855_0044.xml], properties={transactional_properties=default, name=default.acidtbl, transactional=true, columns.types=int:int, bucket_field_name=a, columns=a,b, numFilesErasureCoded=0, columns.comments=&amp#0;, bucketing_version=2, bucket_count=2, serialization.lib=org.apache.hadoop.hive.ql.io.orc.OrcSerde, file.inputformat=org.apache.hadoop.hive.ql.io.orc.OrcInputFormat, file.outputformat=org.apache.hadoop.hive.ql.io.orc.OrcOutputFormat, location=file:/home/alex/Repositories/hive/ql/target/tmp/org.apache.hadoop.hive.ql.TestTxnNoBuckets-1713932056679/warehouse/acidtbl, column.name.delimiter=,}, tableProperties={transactional_properties=default, name=default.acidtbl, transactional=true, columns.types=int:int, bucket_field_name=a, columns=a,b, numFilesErasureCoded=0, columns.comments=&amp#0;, bucketing_version=2, bucket_count=2, serialization.lib=org.apache.hadoop.hive.ql.io.orc.OrcSerde, file.inputformat=org.apache.hadoop.hive.ql.io.orc.OrcInputFormat, location=file:/home/alex/Repositories/hive/ql/target/tmp/org.apache.hadoop.hive.ql.TestTxnNoBuckets-1713932056679/warehouse/acidtbl, file.outputformat=org.apache.hadoop.hive.ql.io.orc.OrcOutputFormat, column.name.delimiter=,}, partitionProperties=Optional.empty, columnNames=[a, b], columnTypes=[int, int], getClass()=class org.apache.hadoop.hive.ql.io.orc.OrcSerde] and formatter : org.apache.hadoop.hive.ql.io.orc.OrcOutputFormat@6709c7e7
2024-04-23T21:16:01,940  INFO [pool-196-thread-1] exec.FileSinkOperator: Final Path: FS file:/home/alex/Repositories/hive/ql/target/tmp/org.apache.hadoop.hive.ql.TestTxnNoBuckets-1713932056679/warehouse/acidtbl
2024-04-23T21:16:01,940  INFO [pool-196-thread-1] exec.FileSinkOperator: New Final Path: FS file:/home/alex/Repositories/hive/ql/target/tmp/org.apache.hadoop.hive.ql.TestTxnNoBuckets-1713932056679/warehouse/acidtbl
2024-04-23T21:16:01,940  INFO [pool-196-thread-1] common.FileUtils: Creating directory if it doesn't exist: file:/home/alex/Repositories/hive/ql/target/tmp/org.apache.hadoop.hive.ql.TestTxnNoBuckets-1713932056679/warehouse
2024-04-23T21:16:01,940  INFO [pool-196-thread-1] exec.FileSinkOperator: FS[6]: records written - 1
2024-04-23T21:16:01,941  INFO [pool-196-thread-1] impl.PhysicalFsWriter: ORC writer created for path: file:/home/alex/Repositories/hive/ql/target/tmp/org.apache.hadoop.hive.ql.TestTxnNoBuckets-1713932056679/warehouse/acidtbl/delta_0000001_0000001_0000/bucket_00001_0 with stripeSize: 8388608 blockSize: 268435456 compression: Compress: ZLIB buffer: 32768
2024-04-23T21:16:01,946  INFO [pool-196-thread-1] impl.WriterImpl: ORC writer created for path: file:/home/alex/Repositories/hive/ql/target/tmp/org.apache.hadoop.hive.ql.TestTxnNoBuckets-1713932056679/warehouse/acidtbl/delta_0000001_0000001_0000/bucket_00001_0 with stripeSize: 8388608 options: Compress: ZLIB buffer: 32768
2024-04-23T21:16:01,946  INFO [pool-196-thread-1] exec.SelectOperator: Closing Operator: SEL[5]
2024-04-23T21:16:01,946  INFO [pool-196-thread-1] exec.SelectOperator: RECORDS_OUT_INTERMEDIATE:0, RECORDS_OUT_OPERATOR_SEL_5:3, 
2024-04-23T21:16:01,946  INFO [pool-196-thread-1] exec.FileSinkOperator: Closing Operator: FS[6]
2024-04-23T21:16:01,946  INFO [pool-196-thread-1] exec.FileSinkOperator: FS[6]: records written - 3
2024-04-23T21:16:01,948  INFO [pool-196-thread-1] FileOperations: Writing manifest to file:/home/alex/Repositories/hive/ql/target/tmp/org.apache.hadoop.hive.ql.TestTxnNoBuckets-1713932056679/warehouse/acidtbl/_tmp.delta_0000001_0000001_0000/000001_0.manifest with [file:/home/alex/Repositories/hive/ql/target/tmp/org.apache.hadoop.hive.ql.TestTxnNoBuckets-1713932056679/warehouse/acidtbl/delta_0000001_0000001_0000/bucket_00001_0]
2024-04-23T21:16:01,958  INFO [pool-196-thread-1] exec.FileSinkOperator: RECORDS_OUT_INTERMEDIATE:0, RECORDS_OUT_1_default.acidtbl:3, RECORDS_OUT_OPERATOR_FS_6:3, TOTAL_TABLE_ROWS_WRITTEN:3, 
2024-04-23T21:16:01,958  INFO [pool-196-thread-1] mapred.Task: Task:attempt_local256985855_0044_r_000001_0 is done. And is in the process of committing
2024-04-23T21:16:01,959  INFO [pool-196-thread-1] mapred.LocalJobRunner: reduce > reduce
2024-04-23T21:16:01,959  INFO [pool-196-thread-1] mapred.Task: Task 'attempt_local256985855_0044_r_000001_0' done.
2024-04-23T21:16:01,959  INFO [pool-196-thread-1] mapred.Task: Final Counters for attempt_local256985855_0044_r_000001_0: Counters: 30
	File System Counters
		FILE: Number of bytes read=989196
		FILE: Number of bytes written=51809783
		FILE: Number of read operations=0
		FILE: Number of large read operations=0
		FILE: Number of write operations=0
	Map-Reduce Framework
		Combine input records=0
		Combine output records=0
		Reduce input groups=3
		Reduce shuffle bytes=60
		Reduce input records=3
		Reduce output records=0
		Spilled Records=3
		Shuffled Maps =1
		Failed Shuffles=0
		Merged Map outputs=1
		GC time elapsed (ms)=0
		Total committed heap usage (bytes)=1189609472
	HIVE
		CREATED_FILES=1
		RECORDS_OUT_1_default.acidtbl=3
		RECORDS_OUT_INTERMEDIATE=0
		RECORDS_OUT_OPERATOR_FS_6=3
		RECORDS_OUT_OPERATOR_SEL_5=3
		TOTAL_TABLE_ROWS_WRITTEN=3
	Shuffle Errors
		BAD_ID=0
		CONNECTION=0
		IO_ERROR=0
		WRONG_LENGTH=0
		WRONG_MAP=0
		WRONG_REDUCE=0
	File Output Format Counters 
		Bytes Written=0
2024-04-23T21:16:01,959  INFO [pool-196-thread-1] mapred.LocalJobRunner: Finishing task: attempt_local256985855_0044_r_000001_0
2024-04-23T21:16:01,959  INFO [Thread-2887] mapred.LocalJobRunner: reduce task executor complete.
2024-04-23 21:16:02,845 Stage-1 map = 100%,  reduce = 100%
2024-04-23T21:16:02,846  INFO [main] exec.Task: 2024-04-23 21:16:02,845 Stage-1 map = 100%,  reduce = 100%
Ended Job = job_local256985855_0044
2024-04-23T21:16:02,848  INFO [main] exec.Task: Ended Job = job_local256985855_0044
2024-04-23T21:16:02,849  INFO [main] FileOperations: Found manifest file file:/home/alex/Repositories/hive/ql/target/tmp/org.apache.hadoop.hive.ql.TestTxnNoBuckets-1713932056679/warehouse/acidtbl/_tmp.delta_0000001_0000001_0000/000001_0.manifest with attemptId 0.
2024-04-23T21:16:02,850  INFO [main] FileOperations: Found manifest file file:/home/alex/Repositories/hive/ql/target/tmp/org.apache.hadoop.hive.ql.TestTxnNoBuckets-1713932056679/warehouse/acidtbl/_tmp.delta_0000001_0000001_0000/000000_0.manifest with attemptId 0.
2024-04-23T21:16:02,850  INFO [main] FileOperations: Looking at manifest file: file:/home/alex/Repositories/hive/ql/target/tmp/org.apache.hadoop.hive.ql.TestTxnNoBuckets-1713932056679/warehouse/acidtbl/_tmp.delta_0000001_0000001_0000/000000_0.manifest
2024-04-23T21:16:02,850  INFO [main] FileOperations: Looking at manifest file: file:/home/alex/Repositories/hive/ql/target/tmp/org.apache.hadoop.hive.ql.TestTxnNoBuckets-1713932056679/warehouse/acidtbl/_tmp.delta_0000001_0000001_0000/000001_0.manifest
2024-04-23T21:16:02,850  INFO [main] FileOperations: Deleting manifest directory file:/home/alex/Repositories/hive/ql/target/tmp/org.apache.hadoop.hive.ql.TestTxnNoBuckets-1713932056679/warehouse/acidtbl/_tmp.delta_0000001_0000001_0000
2024-04-23T21:16:02,852  INFO [main] ql.Driver: Starting task [Stage-0:MOVE] in serial mode
Loading data to table default.acidtbl
2024-04-23T21:16:02,852  INFO [main] exec.Task: Loading data to table default.acidtbl from file:/home/alex/Repositories/hive/ql/target/tmp/org.apache.hadoop.hive.ql.TestTxnNoBuckets-1713932056679/warehouse/acidtbl
2024-04-23T21:16:02,852  INFO [main] HiveMetaStore.audit: ugi=alex	ip=unknown-ip-addr	cmd=get_table : tbl=hive.default.acidtbl	
2024-04-23T21:16:02,859  INFO [main] metastore.HMSHandler: Skipping translation for processor with null
2024-04-23T21:16:02,859  INFO [main] HiveMetaStore.audit: ugi=alex	ip=unknown-ip-addr	cmd=get_table : tbl=hive.default.acidtbl	
2024-04-23T21:16:02,866  INFO [main] metastore.HMSHandler: Skipping translation for processor with null
2024-04-23T21:16:02,867  INFO [main] HiveMetaStore.audit: ugi=alex	ip=unknown-ip-addr	cmd=alter_table: hive.default.acidtbl newtbl=acidtbl	
2024-04-23T21:16:02,897  INFO [main] ql.Driver: Starting task [Stage-2:STATS] in serial mode
2024-04-23T21:16:02,898  INFO [main] HiveMetaStore.audit: ugi=alex	ip=unknown-ip-addr	cmd=get_table : tbl=hive.default.acidtbl	
2024-04-23T21:16:02,907  INFO [main] metastore.HMSHandler: Skipping translation for processor with null
2024-04-23T21:16:02,908  INFO [main] stats.BasicStatsTask: Executing stats task
2024-04-23T21:16:02,908  INFO [main] fs.FSStatsPublisher: created : file:/home/alex/Repositories/hive/ql/target/tmp/localscratchdir/78357cd1-4678-4ed2-8a01-459d6a9a75f4/hive_2024-04-23_21-16-01_387_741122002672434238-1/-mr-10000
2024-04-23T21:16:02,909  INFO [main] HiveMetaStore.audit: ugi=alex	ip=unknown-ip-addr	cmd=get_table : tbl=hive.default.acidtbl	
2024-04-23T21:16:02,916  INFO [main] metastore.HMSHandler: Skipping translation for processor with null
2024-04-23T21:16:02,926  WARN [main] FileOperations: Computing stats for an ACID table; stats may be inaccurate
2024-04-23T21:16:02,926  INFO [main] FileOperations: Read stats for default.acidtbl/, numRows, true, 5, false: 
2024-04-23T21:16:02,926  INFO [main] FileOperations: Read stats for default.acidtbl/, rawDataSize, true, 0, false: 
2024-04-23T21:16:02,927  INFO [main] HiveMetaStore.audit: ugi=alex	ip=unknown-ip-addr	cmd=alter_table: hive.default.acidtbl newtbl=acidtbl	
2024-04-23T21:16:02,947  INFO [main] FileOperations: Read stats for default.acidtbl/, insertCount, true, 5, false: 
2024-04-23T21:16:02,947  INFO [main] FileOperations: Read stats for default.acidtbl/, updateCount, true, 0, false: 
2024-04-23T21:16:02,947  INFO [main] FileOperations: Read stats for default.acidtbl/, deleteCount, true, 0, false: 
2024-04-23T21:16:02,950  INFO [main] stats.BasicStatsTask: Table default.acidtbl stats: [numFiles=2, numRows=5, totalSize=1392, rawDataSize=0, numFilesErasureCoded=0]
2024-04-23T21:16:02,950  INFO [main] metadata.Hive: Dumping metastore api call timing information for : execution phase
2024-04-23T21:16:02,950  INFO [main] metadata.Hive: Total time spent in each metastore function (ms): {updateTransactionalStatistics_(UpdateTransactionalStatsRequest)=2, getTable_(GetTableRequest)=30, alter_table_(String, String, String, Table, EnvironmentContext, String)=50, isCompatibleWith_(Configuration)=0}
MapReduce Jobs Launched: 
2024-04-23T21:16:02,950  INFO [main] ql.Driver: MapReduce Jobs Launched: 
Stage-Stage-1:  HDFS Read: 0 HDFS Write: 0 SUCCESS
2024-04-23T21:16:02,951  INFO [main] ql.Driver: Stage-Stage-1:  HDFS Read: 0 HDFS Write: 0 SUCCESS
Total MapReduce CPU Time Spent: 0 msec
2024-04-23T21:16:02,951  INFO [main] ql.Driver: Total MapReduce CPU Time Spent: 0 msec
2024-04-23T21:16:02,951  INFO [main] ql.Driver: Completed executing command(queryId=alex_20240423211601_e1d0bd9b-4ccd-46a2-8720-8725741aa2a1); Time taken: 1.369 seconds
2024-04-23T21:16:02,951  INFO [main] lockmgr.DbTxnManager: Stopped heartbeat for query: alex_20240423211601_e1d0bd9b-4ccd-46a2-8720-8725741aa2a1
2024-04-23T21:16:02,959  INFO [main] txn.TxnHandler: Removed transactions: ([13]) from MIN_HISTORY_LEVEL
2024-04-23T21:16:02,959  WARN [main] txn.CompactionTxnHandler: No compaction queue record found for Compaction type transaction commit. txnId:13
2024-04-23T21:16:02,960  INFO [main] ql.TxnCommandsBaseForTests: Running the query: drop table if exists T
2024-04-23T21:16:02,960  INFO [main] ql.Context: Deleting scratch dir: file:/home/alex/Repositories/hive/ql/target/tmp/localscratchdir/78357cd1-4678-4ed2-8a01-459d6a9a75f4/hive_2024-04-23_21-16-01_387_741122002672434238-1
2024-04-23T21:16:02,961  INFO [main] cleanup.SyncCleanupService: Deleted directory: file:/home/alex/Repositories/hive/ql/target/tmp/localscratchdir/78357cd1-4678-4ed2-8a01-459d6a9a75f4/hive_2024-04-23_21-16-01_387_741122002672434238-1 on fs with scheme file
2024-04-23T21:16:02,961  INFO [main] ql.Driver: Compiling command(queryId=alex_20240423211601_e1d0bd9b-4ccd-46a2-8720-8725741aa2a1): drop table if exists T
2024-04-23T21:16:02,963  INFO [main] txn.TxnHandler: Added entries to MIN_HISTORY_LEVEL for current txns: ([14]) with min_open_txn: 14
2024-04-23T21:16:02,964  INFO [main] lockmgr.DbTxnManager: Opened txnid:14
2024-04-23T21:16:02,964  INFO [main] HiveMetaStore.audit: ugi=alex	ip=unknown-ip-addr	cmd=get_table : tbl=hive.default.T	
2024-04-23T21:16:02,970  INFO [main] metastore.HMSHandler: Skipping translation for processor with null
2024-04-23T21:16:02,971  INFO [main] ql.Driver: Semantic Analysis Completed (retrial = false)
2024-04-23T21:16:02,971  INFO [main] ql.Driver: Created Hive schema: Schema(fieldSchemas:null, properties:null)
2024-04-23T21:16:02,971  INFO [main] metadata.Hive: Dumping metastore api call timing information for : compilation phase
2024-04-23T21:16:02,971  INFO [main] metadata.Hive: Total time spent in each metastore function (ms): {openTxn_(String, TxnType)=3, getValidTxns_(long)=0, isCompatibleWith_(Configuration)=0, flushCache_()=0, getTable_(GetTableRequest)=7, commitTxn_(CommitTxnRequest)=8}
2024-04-23T21:16:02,971  INFO [main] ql.Driver: Completed compiling command(queryId=alex_20240423211601_e1d0bd9b-4ccd-46a2-8720-8725741aa2a1); Time taken: 0.01 seconds
2024-04-23T21:16:02,971  INFO [main] lockmgr.DbTxnManager: Setting lock request transaction to txnid:14 for queryId=alex_20240423211601_e1d0bd9b-4ccd-46a2-8720-8725741aa2a1
2024-04-23T21:16:02,972  INFO [main] lockmgr.DbLockManager: Requesting lock for queryId=alex_20240423211601_e1d0bd9b-4ccd-46a2-8720-8725741aa2a1
2024-04-23T21:16:02,984  INFO [main] lockmgr.DbLockManager: Response to queryId=alex_20240423211601_e1d0bd9b-4ccd-46a2-8720-8725741aa2a1 LockResponse(lockid:8, state:ACQUIRED)
2024-04-23T21:16:02,984  INFO [main] ql.Driver: Operation DROPTABLE obtained 1 locks
2024-04-23T21:16:02,984  INFO [main] ql.Driver: Executing command(queryId=alex_20240423211601_e1d0bd9b-4ccd-46a2-8720-8725741aa2a1): drop table if exists T
2024-04-23T21:16:02,984  INFO [main] ql.Driver: Starting task [Stage-0:DDL] in serial mode
2024-04-23T21:16:02,984  INFO [main] HiveMetaStore.audit: ugi=alex	ip=unknown-ip-addr	cmd=get_table : tbl=hive.default.T	
2024-04-23T21:16:02,990  INFO [main] metastore.HMSHandler: Skipping translation for processor with null
2024-04-23T21:16:02,991  INFO [main] HiveMetaStore.audit: ugi=alex	ip=unknown-ip-addr	cmd=get_table : tbl=hive.default.T	
2024-04-23T21:16:02,997  INFO [main] metastore.HMSHandler: Skipping translation for processor with null
2024-04-23T21:16:02,997  INFO [main] HiveMetaStore.audit: ugi=alex	ip=unknown-ip-addr	cmd=drop_table : tbl=hive.default.T	
2024-04-23T21:16:03,108  WARN [main] utils.FileUtils: File file:/home/alex/Repositories/hive/ql/target/tmp/org.apache.hadoop.hive.ql.TestTxnNoBuckets-1713932056679/warehouse/t does not exist; Force to delete it.
2024-04-23T21:16:03,108 ERROR [main] utils.FileUtils: Failed to delete file:/home/alex/Repositories/hive/ql/target/tmp/org.apache.hadoop.hive.ql.TestTxnNoBuckets-1713932056679/warehouse/t
2024-04-23T21:16:03,108  INFO [main] metadata.Hive: Dumping metastore api call timing information for : execution phase
2024-04-23T21:16:03,108  INFO [main] metadata.Hive: Total time spent in each metastore function (ms): {dropTable_(String, String, boolean, boolean, boolean)=117, isCompatibleWith_(Configuration)=0, getTable_(GetTableRequest)=6}
2024-04-23T21:16:03,109  INFO [main] ql.Driver: Completed executing command(queryId=alex_20240423211601_e1d0bd9b-4ccd-46a2-8720-8725741aa2a1); Time taken: 0.124 seconds
2024-04-23T21:16:03,109  INFO [main] lockmgr.DbTxnManager: Stopped heartbeat for query: alex_20240423211601_e1d0bd9b-4ccd-46a2-8720-8725741aa2a1
2024-04-23T21:16:03,112  INFO [main] txn.TxnHandler: Expected to move at least one record from txn_components to completed_txn_components when committing txn! txnid:14
2024-04-23T21:16:03,118  INFO [main] txn.TxnHandler: Removed transactions: ([14]) from MIN_HISTORY_LEVEL
2024-04-23T21:16:03,118  WARN [main] txn.CompactionTxnHandler: No compaction queue record found for Compaction type transaction commit. txnId:14
2024-04-23T21:16:03,118  INFO [main] ql.TxnCommandsBaseForTests: Running the query: create table T (a int, b int) stored as ORC  TBLPROPERTIES ('transactional'='false')
2024-04-23T21:16:03,119  INFO [main] ql.Driver: Compiling command(queryId=alex_20240423211601_e1d0bd9b-4ccd-46a2-8720-8725741aa2a1): create table T (a int, b int) stored as ORC  TBLPROPERTIES ('transactional'='false')
2024-04-23T21:16:03,124  INFO [main] txn.TxnHandler: Added entries to MIN_HISTORY_LEVEL for current txns: ([15]) with min_open_txn: 14
2024-04-23T21:16:03,125  INFO [main] lockmgr.DbTxnManager: Opened txnid:15
2024-04-23T21:16:03,125  INFO [main] parse.CalcitePlanner: Starting caching scope for: alex_20240423211601_e1d0bd9b-4ccd-46a2-8720-8725741aa2a1
2024-04-23T21:16:03,125  INFO [main] parse.CalcitePlanner: Starting Semantic Analysis
2024-04-23T21:16:03,131  INFO [main] parse.CalcitePlanner: Creating table default.T position=13
2024-04-23T21:16:03,131  INFO [main] HiveMetaStore.audit: ugi=alex	ip=unknown-ip-addr	cmd=get_database: default	
2024-04-23T21:16:03,135  INFO [main] parse.CalcitePlanner: Ending caching scope for: alex_20240423211601_e1d0bd9b-4ccd-46a2-8720-8725741aa2a1
2024-04-23T21:16:03,135  INFO [main] ql.Driver: Semantic Analysis Completed (retrial = false)
2024-04-23T21:16:03,136  INFO [main] ql.Driver: Created Hive schema: Schema(fieldSchemas:null, properties:null)
2024-04-23T21:16:03,136  INFO [main] metadata.Hive: Dumping metastore api call timing information for : compilation phase
2024-04-23T21:16:03,136  INFO [main] metadata.Hive: Total time spent in each metastore function (ms): {openTxn_(String, TxnType)=5, flushCache_()=0, commitTxn_(CommitTxnRequest)=9, getValidTxns_(long)=0, isCompatibleWith_(Configuration)=0, getValidWriteIds_(List, String)=4, getDatabase_(String)=4}
2024-04-23T21:16:03,136  INFO [main] ql.Driver: Completed compiling command(queryId=alex_20240423211601_e1d0bd9b-4ccd-46a2-8720-8725741aa2a1); Time taken: 0.017 seconds
2024-04-23T21:16:03,136  INFO [main] lockmgr.DbTxnManager: Setting lock request transaction to txnid:15 for queryId=alex_20240423211601_e1d0bd9b-4ccd-46a2-8720-8725741aa2a1
2024-04-23T21:16:03,136  INFO [main] lockmgr.DbLockManager: Requesting lock for queryId=alex_20240423211601_e1d0bd9b-4ccd-46a2-8720-8725741aa2a1
2024-04-23T21:16:03,161  INFO [main] lockmgr.DbLockManager: Response to queryId=alex_20240423211601_e1d0bd9b-4ccd-46a2-8720-8725741aa2a1 LockResponse(lockid:9, state:ACQUIRED)
2024-04-23T21:16:03,161  INFO [main] ql.Driver: Operation CREATETABLE obtained 1 locks
2024-04-23T21:16:03,161  INFO [main] ql.Driver: Executing command(queryId=alex_20240423211601_e1d0bd9b-4ccd-46a2-8720-8725741aa2a1): create table T (a int, b int) stored as ORC  TBLPROPERTIES ('transactional'='false')
2024-04-23T21:16:03,161  INFO [main] ql.Driver: Starting task [Stage-0:DDL] in serial mode
2024-04-23T21:16:03,163  INFO [main] HiveMetaStore.audit: ugi=alex	ip=unknown-ip-addr	cmd=create_table_req: Table(tableName:T, dbName:default, owner:alex, createTime:1713932163, lastAccessTime:0, retention:0, sd:StorageDescriptor(cols:[FieldSchema(name:a, type:int, comment:null), FieldSchema(name:b, type:int, comment:null)], location:null, inputFormat:org.apache.hadoop.hive.ql.io.orc.OrcInputFormat, outputFormat:org.apache.hadoop.hive.ql.io.orc.OrcOutputFormat, compressed:false, numBuckets:-1, serdeInfo:SerDeInfo(name:null, serializationLib:org.apache.hadoop.hive.ql.io.orc.OrcSerde, parameters:{serialization.format=1}), bucketCols:[], sortCols:[], parameters:{}, skewedInfo:SkewedInfo(skewedColNames:[], skewedColValues:[], skewedColValueLocationMaps:{}), storedAsSubDirectories:false), partitionKeys:[], parameters:{totalSize=0, COLUMN_STATS_ACCURATE={"BASIC_STATS":"true","COLUMN_STATS":{"a":"true","b":"true"}}, rawDataSize=0, numRows=0, numFilesErasureCoded=0, numFiles=0, transactional=false, bucketing_version=2}, viewOriginalText:null, viewExpandedText:null, tableType:MANAGED_TABLE, privileges:PrincipalPrivilegeSet(userPrivileges:{alex=[PrivilegeGrantInfo(privilege:INSERT, createTime:-1, grantor:alex, grantorType:USER, grantOption:true), PrivilegeGrantInfo(privilege:SELECT, createTime:-1, grantor:alex, grantorType:USER, grantOption:true), PrivilegeGrantInfo(privilege:UPDATE, createTime:-1, grantor:alex, grantorType:USER, grantOption:true), PrivilegeGrantInfo(privilege:DELETE, createTime:-1, grantor:alex, grantorType:USER, grantOption:true)]}, groupPrivileges:null, rolePrivileges:null), temporary:false, catName:hive, ownerType:USER)	
2024-04-23T21:16:03,173  INFO [main] utils.FileUtils: Creating directory if it doesn't exist: file:/home/alex/Repositories/hive/ql/target/tmp/org.apache.hadoop.hive.ql.TestTxnNoBuckets-1713932056679/warehouse/t
2024-04-23T21:16:03,202  INFO [main] metadata.Hive: Dumping metastore api call timing information for : execution phase
2024-04-23T21:16:03,202  INFO [main] metadata.Hive: Total time spent in each metastore function (ms): {createTable_(Table)=40, isCompatibleWith_(Configuration)=0}
2024-04-23T21:16:03,202  INFO [main] ql.Driver: Completed executing command(queryId=alex_20240423211601_e1d0bd9b-4ccd-46a2-8720-8725741aa2a1); Time taken: 0.041 seconds
2024-04-23T21:16:03,202  INFO [main] lockmgr.DbTxnManager: Stopped heartbeat for query: alex_20240423211601_e1d0bd9b-4ccd-46a2-8720-8725741aa2a1
2024-04-23T21:16:03,206  INFO [main] txn.TxnHandler: Expected to move at least one record from txn_components to completed_txn_components when committing txn! txnid:15
2024-04-23T21:16:03,211  INFO [main] txn.TxnHandler: Removed transactions: ([15]) from MIN_HISTORY_LEVEL
2024-04-23T21:16:03,211  WARN [main] txn.CompactionTxnHandler: No compaction queue record found for Compaction type transaction commit. txnId:15
2024-04-23T21:16:03,212  INFO [main] ql.TxnCommandsBaseForTests: Running the query: insert into T(a,b) select a, b from acidTbl where a between 1 and 3 group by a, b union all select a, b from acidTbl where a between 5 and 7 union all select a, b from acidTbl where a >= 9
2024-04-23T21:16:03,212  INFO [main] ql.Driver: Compiling command(queryId=alex_20240423211601_e1d0bd9b-4ccd-46a2-8720-8725741aa2a1): insert into T(a,b) select a, b from acidTbl where a between 1 and 3 group by a, b union all select a, b from acidTbl where a between 5 and 7 union all select a, b from acidTbl where a >= 9
2024-04-23T21:16:03,215  INFO [main] txn.TxnHandler: Added entries to MIN_HISTORY_LEVEL for current txns: ([16]) with min_open_txn: 14
2024-04-23T21:16:03,216  INFO [main] lockmgr.DbTxnManager: Opened txnid:16
2024-04-23T21:16:03,216  INFO [main] parse.CalcitePlanner: Starting caching scope for: alex_20240423211601_e1d0bd9b-4ccd-46a2-8720-8725741aa2a1
2024-04-23T21:16:03,216  INFO [main] parse.CalcitePlanner: Starting Semantic Analysis
2024-04-23T21:16:03,219  INFO [main] HiveMetaStore.audit: ugi=alex	ip=unknown-ip-addr	cmd=get_table : tbl=hive.default.T	
2024-04-23T21:16:03,249  INFO [main] metastore.HMSHandler: Skipping translation for processor with null
2024-04-23T21:16:03,249  INFO [main] parse.CalcitePlanner: Completed phase 1 of Semantic Analysis
2024-04-23T21:16:03,249  INFO [main] parse.CalcitePlanner: Get metadata for source tables
2024-04-23T21:16:03,249  INFO [main] parse.CalcitePlanner: Get metadata for subqueries
2024-04-23T21:16:03,249  INFO [main] parse.CalcitePlanner: Get metadata for source tables
2024-04-23T21:16:03,252  INFO [main] HiveMetaStore.audit: ugi=alex	ip=unknown-ip-addr	cmd=get_table : tbl=hive.default.acidtbl	
2024-04-23T21:16:03,259  INFO [main] metastore.HMSHandler: Skipping translation for processor with null
2024-04-23T21:16:03,259  INFO [main] parse.CalcitePlanner: Get metadata for subqueries
2024-04-23T21:16:03,259  INFO [main] parse.CalcitePlanner: Get metadata for destination tables
2024-04-23T21:16:03,259  INFO [main] parse.CalcitePlanner: Get metadata for source tables
2024-04-23T21:16:03,260  INFO [main] parse.CalcitePlanner: Get metadata for subqueries
2024-04-23T21:16:03,260  INFO [main] parse.CalcitePlanner: Get metadata for destination tables
2024-04-23T21:16:03,260  INFO [main] parse.CalcitePlanner: Get metadata for source tables
2024-04-23T21:16:03,260  INFO [main] parse.CalcitePlanner: Get metadata for subqueries
2024-04-23T21:16:03,260  INFO [main] parse.CalcitePlanner: Get metadata for destination tables
2024-04-23T21:16:03,260  INFO [main] parse.CalcitePlanner: Get metadata for destination tables
2024-04-23T21:16:03,260  INFO [main] HiveMetaStore.audit: ugi=alex	ip=unknown-ip-addr	cmd=get_table : tbl=hive.default.T	
2024-04-23T21:16:03,269  INFO [main] metastore.HMSHandler: Skipping translation for processor with null
2024-04-23T21:16:03,269  INFO [main] parse.CalcitePlanner: Completed getting MetaData in Semantic Analysis
2024-04-23T21:16:03,269  INFO [main] parse.CalcitePlanner: Disabling LLAP IO encode as ETL query is detected
2024-04-23T21:16:03,280  INFO [main] HiveMetaStore.audit: ugi=alex	ip=unknown-ip-addr	cmd=get_all_table_constraints : tbl=hive.default.acidtbl	
2024-04-23T21:16:03,307  INFO [main] HiveMetaStore.audit: ugi=alex	ip=unknown-ip-addr	cmd=get_all_table_constraints : tbl=hive.default.acidtbl	
2024-04-23T21:16:03,314  INFO [main] HiveMetaStore.audit: ugi=alex	ip=unknown-ip-addr	cmd=get_all_table_constraints : tbl=hive.default.acidtbl	
2024-04-23T21:16:03,345  INFO [main] calcite.RelOptHiveTable: Calculating column statistics for default.acidtbl, projIndxSet: [0, 1], allowMissingStats: true
2024-04-23T21:16:03,346  INFO [main] HiveMetaStore.audit: ugi=alex	ip=unknown-ip-addr	cmd=get_table_statistics_req: table=hive.default.acidtbl	
2024-04-23T21:16:03,356  WARN [main] calcite.RelOptHiveTable: No Stats for default@acidtbl, Columns: b, a
No Stats for default@acidtbl, Columns: b, a
2024-04-23T21:16:03,356  INFO [main] SessionState: No Stats for default@acidtbl, Columns: b, a
2024-04-23T21:16:03,429  INFO [main] parse.CalcitePlanner: Get metadata for source tables
2024-04-23T21:16:03,429  INFO [main] parse.CalcitePlanner: Get metadata for subqueries
2024-04-23T21:16:03,429  INFO [main] parse.CalcitePlanner: Get metadata for source tables
2024-04-23T21:16:03,430  INFO [main] parse.CalcitePlanner: Get metadata for subqueries
2024-04-23T21:16:03,430  INFO [main] parse.CalcitePlanner: Get metadata for destination tables
2024-04-23T21:16:03,430  INFO [main] parse.CalcitePlanner: Get metadata for source tables
2024-04-23T21:16:03,430  INFO [main] parse.CalcitePlanner: Get metadata for subqueries
2024-04-23T21:16:03,430  INFO [main] parse.CalcitePlanner: Get metadata for destination tables
2024-04-23T21:16:03,430  INFO [main] parse.CalcitePlanner: Get metadata for source tables
2024-04-23T21:16:03,430  INFO [main] parse.CalcitePlanner: Get metadata for subqueries
2024-04-23T21:16:03,430  INFO [main] parse.CalcitePlanner: Get metadata for destination tables
2024-04-23T21:16:03,430  INFO [main] parse.CalcitePlanner: Get metadata for destination tables
2024-04-23T21:16:03,435  INFO [main] common.FileUtils: Creating directory if it doesn't exist: file:/home/alex/Repositories/hive/ql/target/tmp/org.apache.hadoop.hive.ql.TestTxnNoBuckets-1713932056679/warehouse/t/.hive-staging_hive_2024-04-23_21-16-03_212_4448444025047991083-1
2024-04-23T21:16:03,438  INFO [main] HiveMetaStore.audit: ugi=alex	ip=unknown-ip-addr	cmd=get_not_null_constraints : tbl=hive.default.t	
2024-04-23T21:16:03,439  INFO [main] HiveMetaStore.audit: ugi=alex	ip=unknown-ip-addr	cmd=get_check_constraints : tbl=hive.default.t	
2024-04-23T21:16:03,442  INFO [main] parse.CalcitePlanner: CBO Succeeded; optimized logical plan.
2024-04-23T21:16:03,448  INFO [main] optimizer.ColumnPrunerProcFactory: RS 4 oldColExprMap: {KEY._col1=Column[_col1], KEY._col0=Column[_col0]}
2024-04-23T21:16:03,448  INFO [main] optimizer.ColumnPrunerProcFactory: RS 4 newColExprMap: {KEY._col1=Column[_col1], KEY._col0=Column[_col0]}
2024-04-23T21:16:03,450  INFO [main] optimizer.SortedDynPartitionOptimizer: Sorted dynamic partitioning optimization kicked in..
2024-04-23T21:16:03,467  INFO [main] HiveMetaStore.audit: ugi=alex	ip=unknown-ip-addr	cmd=get_table : tbl=hive.default.t	
2024-04-23T21:16:03,477  INFO [main] metastore.HMSHandler: Skipping translation for processor with null
2024-04-23T21:16:03,494  INFO [main] parse.CalcitePlanner: Completed plan generation
2024-04-23T21:16:03,494  INFO [main] parse.CalcitePlanner: Ending caching scope for: alex_20240423211601_e1d0bd9b-4ccd-46a2-8720-8725741aa2a1
2024-04-23T21:16:03,494  INFO [main] ql.Driver: Semantic Analysis Completed (retrial = false)
2024-04-23T21:16:03,494  INFO [main] ql.Driver: Created Hive schema: Schema(fieldSchemas:[FieldSchema(name:_col0, type:int, comment:null), FieldSchema(name:_col1, type:int, comment:null)], properties:null)
2024-04-23T21:16:03,494  INFO [main] metadata.Hive: Dumping metastore api call timing information for : compilation phase
2024-04-23T21:16:03,495  INFO [main] metadata.Hive: Total time spent in each metastore function (ms): {getAllTableConstraints_(AllTableConstraintsRequest)=34, getValidWriteIds_(List, String)=5, getTable_(GetTableRequest)=56, flushCache_()=0, getCheckConstraints_(CheckConstraintsRequest)=0, getTableColumnStatistics_(String, String, List, String)=11, getValidTxns_(long)=0, isCompatibleWith_(Configuration)=1, getNotNullConstraints_(NotNullConstraintsRequest)=2, openTxn_(String, TxnType)=3, commitTxn_(CommitTxnRequest)=10}
2024-04-23T21:16:03,495  INFO [main] ql.Driver: Completed compiling command(queryId=alex_20240423211601_e1d0bd9b-4ccd-46a2-8720-8725741aa2a1); Time taken: 0.282 seconds
2024-04-23T21:16:03,495  INFO [main] lockmgr.DbTxnManager: Setting lock request transaction to txnid:16 for queryId=alex_20240423211601_e1d0bd9b-4ccd-46a2-8720-8725741aa2a1
2024-04-23T21:16:03,496  INFO [main] lockmgr.DbLockManager: Requesting lock for queryId=alex_20240423211601_e1d0bd9b-4ccd-46a2-8720-8725741aa2a1
2024-04-23T21:16:03,508  INFO [main] lockmgr.DbLockManager: Response to queryId=alex_20240423211601_e1d0bd9b-4ccd-46a2-8720-8725741aa2a1 LockResponse(lockid:10, state:ACQUIRED)
2024-04-23T21:16:03,508  INFO [main] ql.Driver: Operation QUERY obtained 1 locks
2024-04-23T21:16:03,511  INFO [main] ql.Driver: Executing command(queryId=alex_20240423211601_e1d0bd9b-4ccd-46a2-8720-8725741aa2a1): insert into T(a,b) select a, b from acidTbl where a between 1 and 3 group by a, b union all select a, b from acidTbl where a between 5 and 7 union all select a, b from acidTbl where a >= 9
2024-04-23T21:16:03,512  WARN [main] ql.Driver: Hive-on-MR is deprecated in Hive 2 and may not be available in the future versions. Consider using a different execution engine (i.e. spark, tez) or using Hive 1.X releases.
Query ID = alex_20240423211601_e1d0bd9b-4ccd-46a2-8720-8725741aa2a1
2024-04-23T21:16:03,512  INFO [main] ql.Driver: Query ID = alex_20240423211601_e1d0bd9b-4ccd-46a2-8720-8725741aa2a1
Total jobs = 2
2024-04-23T21:16:03,512  INFO [main] ql.Driver: Total jobs = 2
Launching Job 1 out of 2
2024-04-23T21:16:03,512  INFO [main] ql.Driver: Launching Job 1 out of 2
2024-04-23T21:16:03,633  INFO [main] ql.Driver: Starting task [Stage-1:MAPRED] in serial mode
2024-04-23T21:16:03,633  INFO [main] exec.Utilities: Not using thread pool for getContentSummary
2024-04-23T21:16:03,634  INFO [main] exec.Utilities: BytesPerReducer=256000000 maxReducers=1009 totalInputFileSize=1393
Number of reduce tasks not specified. Estimated from input data size: 1
2024-04-23T21:16:03,634  INFO [main] exec.Task: Number of reduce tasks not specified. Estimated from input data size: 1
In order to change the average load for a reducer (in bytes):
2024-04-23T21:16:03,634  INFO [main] exec.Task: In order to change the average load for a reducer (in bytes):
  set hive.exec.reducers.bytes.per.reducer=<number>
2024-04-23T21:16:03,634  INFO [main] exec.Task:   set hive.exec.reducers.bytes.per.reducer=<number>
In order to limit the maximum number of reducers:
2024-04-23T21:16:03,634  INFO [main] exec.Task: In order to limit the maximum number of reducers:
  set hive.exec.reducers.max=<number>
2024-04-23T21:16:03,634  INFO [main] exec.Task:   set hive.exec.reducers.max=<number>
In order to set a constant number of reducers:
2024-04-23T21:16:03,634  INFO [main] exec.Task: In order to set a constant number of reducers:
  set mapreduce.job.reduces=<number>
2024-04-23T21:16:03,634  INFO [main] exec.Task:   set mapreduce.job.reduces=<number>
2024-04-23T21:16:03,637  INFO [main] mr.ExecDriver: Using org.apache.hadoop.hive.ql.io.HiveInputFormat
2024-04-23T21:16:03,637  INFO [main] exec.Utilities: Processing alias $hdt$_1-subquery1-subquery1:acidtbl
2024-04-23T21:16:03,637  INFO [main] exec.Utilities: Adding 1 inputs; the first input is file:/home/alex/Repositories/hive/ql/target/tmp/org.apache.hadoop.hive.ql.TestTxnNoBuckets-1713932056679/warehouse/acidtbl
2024-04-23T21:16:03,645  INFO [main] exec.SerializationUtilities: Serializing MapWork using kryo
2024-04-23T21:16:03,646  INFO [main] exec.Utilities: Serialized plan (via FILE) - name: null size: 5,29KB
2024-04-23T21:16:03,651  INFO [main] exec.SerializationUtilities: Serializing ReduceWork using kryo
2024-04-23T21:16:03,652  INFO [main] exec.Utilities: Serialized plan (via FILE) - name: null size: 5,30KB
2024-04-23T21:16:03,653  WARN [main] impl.MetricsSystemImpl: JobTracker metrics system already initialized!
2024-04-23T21:16:03,659  WARN [main] impl.MetricsSystemImpl: JobTracker metrics system already initialized!
2024-04-23T21:16:03,666  WARN [main] mapreduce.JobResourceUploader: Hadoop command-line option parsing not performed. Implement the Tool interface and execute your application with ToolRunner to remedy this.
2024-04-23T21:16:03,670  WARN [main] mapreduce.JobResourceUploader: No job jar file set.  User classes may not be found. See Job or Job#setJar(String).
2024-04-23T21:16:03,671  INFO [main] io.HiveInputFormat: hive.io.file.readcolumn.ids = 0,1
2024-04-23T21:16:03,671  INFO [main] io.HiveInputFormat: hive.io.file.readcolumn.names = a,b
2024-04-23T21:16:03,671  INFO [main] io.HiveInputFormat: Generating splits for dirs: file:/home/alex/Repositories/hive/ql/target/tmp/org.apache.hadoop.hive.ql.TestTxnNoBuckets-1713932056679/warehouse/acidtbl
2024-04-23T21:16:03,672  INFO [main] orc.OrcInputFormat: getSplits started
2024-04-23T21:16:03,672  INFO [main] orc.OrcInputFormat: Context:: isAcid: true isVectorMode: false sarg: leaf-(BETWEEN a 1 3) minSplitSize: 1 maxSplitSize: 256000000 splitStrategy: HYBRID footerInSplits: false numBuckets: 2 numThreads: 10 cacheMemSize: 268435456 cacheStripeDetails: true useSoftReference: false writeIdList: default.acidtbl:1:9223372036854775807:: isTransactionalTable: true txnProperties: default 
2024-04-23T21:16:03,672  INFO [main] orc.OrcInputFormat: ORC pushdown predicate: leaf-(BETWEEN a 1 3)
2024-04-23T21:16:03,683  INFO [main] orc.OrcInputFormat: FooterCacheHitRatio: 0/2
2024-04-23T21:16:03,683  INFO [main] orc.OrcInputFormat: getSplits finished (#splits: 2). duration: 11 ms
2024-04-23T21:16:03,683  INFO [main] io.HiveInputFormat: number of splits 2
2024-04-23T21:16:03,699  INFO [main] mapreduce.JobSubmitter: number of splits:2
2024-04-23T21:16:03,716  INFO [main] mapreduce.JobSubmitter: Submitting tokens for job: job_local748471980_0045
2024-04-23T21:16:03,716  INFO [main] mapreduce.JobSubmitter: Executing with tokens: []
2024-04-23T21:16:03,773  INFO [main] mapreduce.Job: The url to track the job: http://localhost:8080/
Job running in-process (local Hadoop)
2024-04-23T21:16:03,773  INFO [main] exec.Task: Job running in-process (local Hadoop)
2024-04-23T21:16:03,774  INFO [Thread-2966] mapred.LocalJobRunner: OutputCommitter set in config org.apache.hadoop.hive.ql.io.HiveFileFormatUtils$NullOutputCommitter
2024-04-23T21:16:03,774  INFO [Thread-2966] mapred.LocalJobRunner: OutputCommitter is org.apache.hadoop.hive.ql.io.HiveFileFormatUtils$NullOutputCommitter
2024-04-23T21:16:03,776  INFO [Thread-2966] mapred.LocalJobRunner: Waiting for map tasks
2024-04-23T21:16:03,776  INFO [LocalJobRunner Map Task Executor #0] mapred.LocalJobRunner: Starting task: attempt_local748471980_0045_m_000000_0
2024-04-23T21:16:03,777  INFO [LocalJobRunner Map Task Executor #0] mapred.Task:  Using ResourceCalculatorProcessTree : [ ]
2024-04-23T21:16:03,777  INFO [LocalJobRunner Map Task Executor #0] mapred.MapTask: Processing split: org.apache.hadoop.hive.ql.io.orc.OrcInputFormat:OrcSplit [file:/home/alex/Repositories/hive/ql/target/tmp/org.apache.hadoop.hive.ql.TestTxnNoBuckets-1713932056679/warehouse/acidtbl/delta_0000001_0000001_0000/bucket_00001_0, start=0, length=704, isOriginal=false, fileLength=704, hasFooter=false, hasBase=true, deltas=0]
2024-04-23T21:16:03,777  INFO [LocalJobRunner Map Task Executor #0] exec.SerializationUtilities: Deserializing MapWork using kryo
2024-04-23T21:16:03,778  INFO [LocalJobRunner Map Task Executor #0] exec.Utilities: Deserialized plan (via FILE) - name: null size: 5,29KB
2024-04-23T21:16:03,779  INFO [LocalJobRunner Map Task Executor #0] orc.OrcInputFormat: ORC pushdown predicate: leaf-(BETWEEN a 1 3)
2024-04-23T21:16:03,779  INFO [LocalJobRunner Map Task Executor #0] orc.OrcRawRecordMerger: min key = null, max key = null
2024-04-23T21:16:03,779  INFO [LocalJobRunner Map Task Executor #0] orc.ReaderImpl: Reading ORC rows from file:/home/alex/Repositories/hive/ql/target/tmp/org.apache.hadoop.hive.ql.TestTxnNoBuckets-1713932056679/warehouse/acidtbl/delta_0000001_0000001_0000/bucket_00001_0 with {include: [true, true, true], offset: 0, length: 704, sarg: leaf-(BETWEEN a 1 3), schema: struct<a:int,b:int>, includeAcidColumns: true}
2024-04-23T21:16:03,781  INFO [LocalJobRunner Map Task Executor #0] orc.OrcRawRecordMerger: updated min key = null, max key = null
2024-04-23T21:16:03,781  INFO [LocalJobRunner Map Task Executor #0] mapred.MapTask: numReduceTasks: 1
2024-04-23T21:16:03,785  INFO [LocalJobRunner Map Task Executor #0] mapred.MapTask: (EQUATOR) 0 kvi 26214396(104857584)
2024-04-23T21:16:03,785  INFO [LocalJobRunner Map Task Executor #0] mapred.MapTask: mapreduce.task.io.sort.mb: 100
2024-04-23T21:16:03,785  INFO [LocalJobRunner Map Task Executor #0] mapred.MapTask: soft limit at 83886080
2024-04-23T21:16:03,785  INFO [LocalJobRunner Map Task Executor #0] mapred.MapTask: bufstart = 0; bufvoid = 104857600
2024-04-23T21:16:03,785  INFO [LocalJobRunner Map Task Executor #0] mapred.MapTask: kvstart = 26214396; length = 6553600
2024-04-23T21:16:03,786  INFO [LocalJobRunner Map Task Executor #0] mapred.MapTask: Map output collector class = org.apache.hadoop.mapred.MapTask$MapOutputBuffer
2024-04-23T21:16:03,786  INFO [LocalJobRunner Map Task Executor #0] exec.MapOperator: Initializing Operator: MAP[0]
2024-04-23T21:16:03,787  INFO [LocalJobRunner Map Task Executor #0] mr.ExecMapper: 
<MAP>Id =0
  <Children>null
  <\Children>
  <Parent><\Parent>
<\MAP>
2024-04-23T21:16:03,788  INFO [LocalJobRunner Map Task Executor #0] exec.TableScanOperator: Initializing Operator: TS[0]
2024-04-23T21:16:03,788  INFO [LocalJobRunner Map Task Executor #0] exec.FilterOperator: Initializing Operator: FIL[16]
2024-04-23T21:16:03,788  INFO [LocalJobRunner Map Task Executor #0] exec.GroupByOperator: Initializing Operator: GBY[3]
2024-04-23T21:16:03,788  INFO [LocalJobRunner Map Task Executor #0] exec.GroupByOperator: Max hash table memory: 954466304 bytes
2024-04-23T21:16:03,788  INFO [LocalJobRunner Map Task Executor #0] exec.GroupByOperator: isTez: false isLlap: false numExecutors: 1 maxMemory: 1908932608
2024-04-23T21:16:03,788  INFO [LocalJobRunner Map Task Executor #0] exec.ReduceSinkOperator: Initializing Operator: RS[4]
2024-04-23T21:16:03,788  INFO [LocalJobRunner Map Task Executor #0] exec.ReduceSinkOperator: Using tag = -1
2024-04-23T21:16:03,789  INFO [LocalJobRunner Map Task Executor #0] exec.MapOperator: MAP[0]: records read - 1
2024-04-23T21:16:03,789  INFO [LocalJobRunner Map Task Executor #0] exec.MapOperator: Closing Operator: MAP[0]
2024-04-23T21:16:03,789  INFO [LocalJobRunner Map Task Executor #0] exec.MapOperator: MAP[0]: Total records read - 3. abort - false
2024-04-23T21:16:03,789  INFO [LocalJobRunner Map Task Executor #0] exec.MapOperator: RECORDS_OUT_INTERMEDIATE:0, DESERIALIZE_ERRORS:0, RECORDS_OUT_OPERATOR_MAP_0:0, RECORDS_IN:3, 
2024-04-23T21:16:03,789  INFO [LocalJobRunner Map Task Executor #0] exec.TableScanOperator: Closing Operator: TS[0]
2024-04-23T21:16:03,789  INFO [LocalJobRunner Map Task Executor #0] exec.TableScanOperator: RECORDS_OUT_OPERATOR_TS_0:3, RECORDS_OUT_INTERMEDIATE:0, 
2024-04-23T21:16:03,790  INFO [LocalJobRunner Map Task Executor #0] exec.FilterOperator: Closing Operator: FIL[16]
2024-04-23T21:16:03,790  INFO [LocalJobRunner Map Task Executor #0] exec.FilterOperator: RECORDS_OUT_OPERATOR_FIL_16:1, RECORDS_OUT_INTERMEDIATE:0, 
2024-04-23T21:16:03,790  INFO [LocalJobRunner Map Task Executor #0] exec.GroupByOperator: Closing Operator: GBY[3]
2024-04-23T21:16:03,790  INFO [LocalJobRunner Map Task Executor #0] exec.GroupByOperator: Begin Hash Table flush: size = 1
2024-04-23T21:16:03,790  INFO [LocalJobRunner Map Task Executor #0] exec.ReduceSinkOperator: keys are [_col0, _col1] num distributions: 2
2024-04-23T21:16:03,790  INFO [LocalJobRunner Map Task Executor #0] exec.ReduceSinkOperator: RS[4]: records written - 1
2024-04-23T21:16:03,790  INFO [LocalJobRunner Map Task Executor #0] exec.GroupByOperator: RECORDS_OUT_INTERMEDIATE:0, RECORDS_OUT_OPERATOR_GBY_3:1, 
2024-04-23T21:16:03,790  INFO [LocalJobRunner Map Task Executor #0] exec.ReduceSinkOperator: Closing Operator: RS[4]
2024-04-23T21:16:03,790  INFO [LocalJobRunner Map Task Executor #0] exec.ReduceSinkOperator: RS[4]: Total records written - 1. abort - false
2024-04-23T21:16:03,790  INFO [LocalJobRunner Map Task Executor #0] exec.ReduceSinkOperator: RECORDS_OUT_OPERATOR_RS_4:1, RECORDS_OUT_INTERMEDIATE:1, 
2024-04-23T21:16:03,791  INFO [LocalJobRunner Map Task Executor #0] mapred.LocalJobRunner: 
2024-04-23T21:16:03,791  INFO [LocalJobRunner Map Task Executor #0] mapred.MapTask: Starting flush of map output
2024-04-23T21:16:03,791  INFO [LocalJobRunner Map Task Executor #0] mapred.MapTask: Spilling map output
2024-04-23T21:16:03,791  INFO [LocalJobRunner Map Task Executor #0] mapred.MapTask: bufstart = 0; bufend = 19; bufvoid = 104857600
2024-04-23T21:16:03,791  INFO [LocalJobRunner Map Task Executor #0] mapred.MapTask: kvstart = 26214396(104857584); kvend = 26214396(104857584); length = 1/6553600
2024-04-23T21:16:03,801  INFO [LocalJobRunner Map Task Executor #0] mapred.MapTask: Finished spill 0
2024-04-23T21:16:03,804  INFO [LocalJobRunner Map Task Executor #0] mapred.Task: Task:attempt_local748471980_0045_m_000000_0 is done. And is in the process of committing
2024-04-23T21:16:03,804  INFO [LocalJobRunner Map Task Executor #0] mapred.LocalJobRunner: OrcSplit [file:/home/alex/Repositories/hive/ql/target/tmp/org.apache.hadoop.hive.ql.TestTxnNoBuckets-1713932056679/warehouse/acidtbl/delta_0000001_0000001_0000/bucket_00001_0, start=0, length=704, isOriginal=false, fileLength=704, hasFooter=false, hasBase=true, deltas=0]
2024-04-23T21:16:03,804  INFO [LocalJobRunner Map Task Executor #0] mapred.Task: Task 'attempt_local748471980_0045_m_000000_0' done.
2024-04-23T21:16:03,804  INFO [LocalJobRunner Map Task Executor #0] mapred.Task: Final Counters for attempt_local748471980_0045_m_000000_0: Counters: 25
	File System Counters
		FILE: Number of bytes read=999865
		FILE: Number of bytes written=52985018
		FILE: Number of read operations=0
		FILE: Number of large read operations=0
		FILE: Number of write operations=0
	Map-Reduce Framework
		Map input records=3
		Map output records=1
		Map output bytes=19
		Map output materialized bytes=27
		Input split bytes=497
		Combine input records=0
		Spilled Records=1
		Failed Shuffles=0
		Merged Map outputs=0
		GC time elapsed (ms)=0
		Total committed heap usage (bytes)=1189609472
	HIVE
		DESERIALIZE_ERRORS=0
		RECORDS_IN=3
		RECORDS_OUT_INTERMEDIATE=1
		RECORDS_OUT_OPERATOR_FIL_16=1
		RECORDS_OUT_OPERATOR_GBY_3=1
		RECORDS_OUT_OPERATOR_MAP_0=0
		RECORDS_OUT_OPERATOR_RS_4=1
		RECORDS_OUT_OPERATOR_TS_0=3
	File Input Format Counters 
		Bytes Read=8958
2024-04-23T21:16:03,804  INFO [LocalJobRunner Map Task Executor #0] mapred.LocalJobRunner: Finishing task: attempt_local748471980_0045_m_000000_0
2024-04-23T21:16:03,804  INFO [LocalJobRunner Map Task Executor #0] mapred.LocalJobRunner: Starting task: attempt_local748471980_0045_m_000001_0
2024-04-23T21:16:03,805  INFO [LocalJobRunner Map Task Executor #0] mapred.Task:  Using ResourceCalculatorProcessTree : [ ]
2024-04-23T21:16:03,805  INFO [LocalJobRunner Map Task Executor #0] mapred.MapTask: Processing split: org.apache.hadoop.hive.ql.io.orc.OrcInputFormat:OrcSplit [file:/home/alex/Repositories/hive/ql/target/tmp/org.apache.hadoop.hive.ql.TestTxnNoBuckets-1713932056679/warehouse/acidtbl/delta_0000001_0000001_0000/bucket_00000_0, start=0, length=688, isOriginal=false, fileLength=688, hasFooter=false, hasBase=true, deltas=0]
2024-04-23T21:16:03,806  INFO [LocalJobRunner Map Task Executor #0] exec.SerializationUtilities: Deserializing MapWork using kryo
2024-04-23T21:16:03,806  INFO [LocalJobRunner Map Task Executor #0] exec.Utilities: Deserialized plan (via FILE) - name: null size: 5,29KB
2024-04-23T21:16:03,807  INFO [LocalJobRunner Map Task Executor #0] orc.OrcInputFormat: ORC pushdown predicate: leaf-(BETWEEN a 1 3)
2024-04-23T21:16:03,808  INFO [LocalJobRunner Map Task Executor #0] orc.OrcRawRecordMerger: min key = null, max key = null
2024-04-23T21:16:03,808  INFO [LocalJobRunner Map Task Executor #0] orc.ReaderImpl: Reading ORC rows from file:/home/alex/Repositories/hive/ql/target/tmp/org.apache.hadoop.hive.ql.TestTxnNoBuckets-1713932056679/warehouse/acidtbl/delta_0000001_0000001_0000/bucket_00000_0 with {include: [true, true, true], offset: 0, length: 688, sarg: leaf-(BETWEEN a 1 3), schema: struct<a:int,b:int>, includeAcidColumns: true}
2024-04-23T21:16:03,809  INFO [LocalJobRunner Map Task Executor #0] orc.OrcRawRecordMerger: updated min key = null, max key = null
2024-04-23T21:16:03,809  INFO [LocalJobRunner Map Task Executor #0] mapred.MapTask: numReduceTasks: 1
2024-04-23T21:16:03,818  INFO [LocalJobRunner Map Task Executor #0] mapred.MapTask: (EQUATOR) 0 kvi 26214396(104857584)
2024-04-23T21:16:03,818  INFO [LocalJobRunner Map Task Executor #0] mapred.MapTask: mapreduce.task.io.sort.mb: 100
2024-04-23T21:16:03,818  INFO [LocalJobRunner Map Task Executor #0] mapred.MapTask: soft limit at 83886080
2024-04-23T21:16:03,818  INFO [LocalJobRunner Map Task Executor #0] mapred.MapTask: bufstart = 0; bufvoid = 104857600
2024-04-23T21:16:03,818  INFO [LocalJobRunner Map Task Executor #0] mapred.MapTask: kvstart = 26214396; length = 6553600
2024-04-23T21:16:03,819  INFO [LocalJobRunner Map Task Executor #0] mapred.MapTask: Map output collector class = org.apache.hadoop.mapred.MapTask$MapOutputBuffer
2024-04-23T21:16:03,819  INFO [LocalJobRunner Map Task Executor #0] exec.MapOperator: Initializing Operator: MAP[0]
2024-04-23T21:16:03,820  INFO [LocalJobRunner Map Task Executor #0] mr.ExecMapper: 
<MAP>Id =0
  <Children>null
  <\Children>
  <Parent><\Parent>
<\MAP>
2024-04-23T21:16:03,821  INFO [LocalJobRunner Map Task Executor #0] exec.TableScanOperator: Initializing Operator: TS[0]
2024-04-23T21:16:03,821  INFO [LocalJobRunner Map Task Executor #0] exec.FilterOperator: Initializing Operator: FIL[16]
2024-04-23T21:16:03,821  INFO [LocalJobRunner Map Task Executor #0] exec.GroupByOperator: Initializing Operator: GBY[3]
2024-04-23T21:16:03,821  INFO [LocalJobRunner Map Task Executor #0] exec.GroupByOperator: Max hash table memory: 954466304 bytes
2024-04-23T21:16:03,821  INFO [LocalJobRunner Map Task Executor #0] exec.GroupByOperator: isTez: false isLlap: false numExecutors: 1 maxMemory: 1908932608
2024-04-23T21:16:03,821  INFO [LocalJobRunner Map Task Executor #0] exec.ReduceSinkOperator: Initializing Operator: RS[4]
2024-04-23T21:16:03,821  INFO [LocalJobRunner Map Task Executor #0] exec.ReduceSinkOperator: Using tag = -1
2024-04-23T21:16:03,821  INFO [LocalJobRunner Map Task Executor #0] exec.MapOperator: MAP[0]: records read - 1
2024-04-23T21:16:03,822  INFO [LocalJobRunner Map Task Executor #0] exec.MapOperator: Closing Operator: MAP[0]
2024-04-23T21:16:03,822  INFO [LocalJobRunner Map Task Executor #0] exec.MapOperator: MAP[0]: Total records read - 2. abort - false
2024-04-23T21:16:03,822  INFO [LocalJobRunner Map Task Executor #0] exec.MapOperator: RECORDS_IN:2, DESERIALIZE_ERRORS:0, RECORDS_OUT_OPERATOR_MAP_0:0, RECORDS_OUT_INTERMEDIATE:0, 
2024-04-23T21:16:03,822  INFO [LocalJobRunner Map Task Executor #0] exec.TableScanOperator: Closing Operator: TS[0]
2024-04-23T21:16:03,822  INFO [LocalJobRunner Map Task Executor #0] exec.TableScanOperator: RECORDS_OUT_OPERATOR_TS_0:2, RECORDS_OUT_INTERMEDIATE:0, 
2024-04-23T21:16:03,822  INFO [LocalJobRunner Map Task Executor #0] exec.FilterOperator: Closing Operator: FIL[16]
2024-04-23T21:16:03,822  INFO [LocalJobRunner Map Task Executor #0] exec.FilterOperator: RECORDS_OUT_INTERMEDIATE:0, RECORDS_OUT_OPERATOR_FIL_16:1, 
2024-04-23T21:16:03,822  INFO [LocalJobRunner Map Task Executor #0] exec.GroupByOperator: Closing Operator: GBY[3]
2024-04-23T21:16:03,822  INFO [LocalJobRunner Map Task Executor #0] exec.GroupByOperator: Begin Hash Table flush: size = 1
2024-04-23T21:16:03,822  INFO [LocalJobRunner Map Task Executor #0] exec.ReduceSinkOperator: keys are [_col0, _col1] num distributions: 2
2024-04-23T21:16:03,822  INFO [LocalJobRunner Map Task Executor #0] exec.ReduceSinkOperator: RS[4]: records written - 1
2024-04-23T21:16:03,822  INFO [LocalJobRunner Map Task Executor #0] exec.GroupByOperator: RECORDS_OUT_INTERMEDIATE:0, RECORDS_OUT_OPERATOR_GBY_3:1, 
2024-04-23T21:16:03,822  INFO [LocalJobRunner Map Task Executor #0] exec.ReduceSinkOperator: Closing Operator: RS[4]
2024-04-23T21:16:03,822  INFO [LocalJobRunner Map Task Executor #0] exec.ReduceSinkOperator: RS[4]: Total records written - 1. abort - false
2024-04-23T21:16:03,822  INFO [LocalJobRunner Map Task Executor #0] exec.ReduceSinkOperator: RECORDS_OUT_OPERATOR_RS_4:1, RECORDS_OUT_INTERMEDIATE:1, 
2024-04-23T21:16:03,823  INFO [LocalJobRunner Map Task Executor #0] mapred.LocalJobRunner: 
2024-04-23T21:16:03,823  INFO [LocalJobRunner Map Task Executor #0] mapred.MapTask: Starting flush of map output
2024-04-23T21:16:03,823  INFO [LocalJobRunner Map Task Executor #0] mapred.MapTask: Spilling map output
2024-04-23T21:16:03,823  INFO [LocalJobRunner Map Task Executor #0] mapred.MapTask: bufstart = 0; bufend = 19; bufvoid = 104857600
2024-04-23T21:16:03,823  INFO [LocalJobRunner Map Task Executor #0] mapred.MapTask: kvstart = 26214396(104857584); kvend = 26214396(104857584); length = 1/6553600
2024-04-23T21:16:03,835  INFO [LocalJobRunner Map Task Executor #0] mapred.MapTask: Finished spill 0
2024-04-23T21:16:03,842  INFO [LocalJobRunner Map Task Executor #0] mapred.Task: Task:attempt_local748471980_0045_m_000001_0 is done. And is in the process of committing
2024-04-23T21:16:03,843  INFO [LocalJobRunner Map Task Executor #0] mapred.LocalJobRunner: OrcSplit [file:/home/alex/Repositories/hive/ql/target/tmp/org.apache.hadoop.hive.ql.TestTxnNoBuckets-1713932056679/warehouse/acidtbl/delta_0000001_0000001_0000/bucket_00000_0, start=0, length=688, isOriginal=false, fileLength=688, hasFooter=false, hasBase=true, deltas=0]
2024-04-23T21:16:03,843  INFO [LocalJobRunner Map Task Executor #0] mapred.Task: Task 'attempt_local748471980_0045_m_000001_0' done.
2024-04-23T21:16:03,844  INFO [LocalJobRunner Map Task Executor #0] mapred.Task: Final Counters for attempt_local748471980_0045_m_000001_0: Counters: 25
	File System Counters
		FILE: Number of bytes read=1009760
		FILE: Number of bytes written=52985077
		FILE: Number of read operations=0
		FILE: Number of large read operations=0
		FILE: Number of write operations=0
	Map-Reduce Framework
		Map input records=2
		Map output records=1
		Map output bytes=19
		Map output materialized bytes=27
		Input split bytes=497
		Combine input records=0
		Spilled Records=1
		Failed Shuffles=0
		Merged Map outputs=0
		GC time elapsed (ms)=5
		Total committed heap usage (bytes)=1188560896
	HIVE
		DESERIALIZE_ERRORS=0
		RECORDS_IN=2
		RECORDS_OUT_INTERMEDIATE=1
		RECORDS_OUT_OPERATOR_FIL_16=1
		RECORDS_OUT_OPERATOR_GBY_3=1
		RECORDS_OUT_OPERATOR_MAP_0=0
		RECORDS_OUT_OPERATOR_RS_4=1
		RECORDS_OUT_OPERATOR_TS_0=2
	File Input Format Counters 
		Bytes Read=8878
2024-04-23T21:16:03,844  INFO [LocalJobRunner Map Task Executor #0] mapred.LocalJobRunner: Finishing task: attempt_local748471980_0045_m_000001_0
2024-04-23T21:16:03,844  INFO [Thread-2966] mapred.LocalJobRunner: map task executor complete.
2024-04-23T21:16:03,846  INFO [Thread-2966] mapred.LocalJobRunner: Waiting for reduce tasks
2024-04-23T21:16:03,846  INFO [pool-201-thread-1] mapred.LocalJobRunner: Starting task: attempt_local748471980_0045_r_000000_0
2024-04-23T21:16:03,847  INFO [pool-201-thread-1] mapred.Task:  Using ResourceCalculatorProcessTree : [ ]
2024-04-23T21:16:03,847  INFO [pool-201-thread-1] mapred.ReduceTask: Using ShuffleConsumerPlugin: org.apache.hadoop.mapreduce.task.reduce.Shuffle@44ad2192
2024-04-23T21:16:03,847  WARN [pool-201-thread-1] impl.MetricsSystemImpl: JobTracker metrics system already initialized!
2024-04-23T21:16:03,849  INFO [pool-201-thread-1] reduce.MergeManagerImpl: MergerManager: memoryLimit=1336252800, maxSingleShuffleLimit=334063200, mergeThreshold=881926912, ioSortFactor=10, memToMemMergeOutputsThreshold=10
2024-04-23T21:16:03,850  INFO [EventFetcher for fetching Map Completion Events] reduce.EventFetcher: attempt_local748471980_0045_r_000000_0 Thread started: EventFetcher for fetching Map Completion Events
2024-04-23T21:16:03,852  INFO [localfetcher#29] reduce.LocalFetcher: localfetcher#29 about to shuffle output of map attempt_local748471980_0045_m_000001_0 decomp: 23 len: 27 to MEMORY
2024-04-23T21:16:03,853  INFO [localfetcher#29] reduce.InMemoryMapOutput: Read 23 bytes from map-output for attempt_local748471980_0045_m_000001_0
2024-04-23T21:16:03,853  INFO [localfetcher#29] reduce.MergeManagerImpl: closeInMemoryFile -> map-output of size: 23, inMemoryMapOutputs.size() -> 1, commitMemory -> 0, usedMemory ->23
2024-04-23T21:16:03,857  INFO [localfetcher#29] reduce.LocalFetcher: localfetcher#29 about to shuffle output of map attempt_local748471980_0045_m_000000_0 decomp: 23 len: 27 to MEMORY
2024-04-23T21:16:03,857  INFO [localfetcher#29] reduce.InMemoryMapOutput: Read 23 bytes from map-output for attempt_local748471980_0045_m_000000_0
2024-04-23T21:16:03,857  INFO [localfetcher#29] reduce.MergeManagerImpl: closeInMemoryFile -> map-output of size: 23, inMemoryMapOutputs.size() -> 2, commitMemory -> 23, usedMemory ->46
2024-04-23T21:16:03,858  INFO [EventFetcher for fetching Map Completion Events] reduce.EventFetcher: EventFetcher is interrupted.. Returning
2024-04-23T21:16:03,858  INFO [pool-201-thread-1] mapred.LocalJobRunner: 2 / 2 copied.
2024-04-23T21:16:03,859  INFO [pool-201-thread-1] reduce.MergeManagerImpl: finalMerge called with 2 in-memory map-outputs and 0 on-disk map-outputs
2024-04-23T21:16:03,870  INFO [pool-201-thread-1] mapred.Merger: Merging 2 sorted segments
2024-04-23T21:16:03,870  INFO [pool-201-thread-1] mapred.Merger: Down to the last merge-pass, with 2 segments left of total size: 12 bytes
2024-04-23T21:16:03,876  INFO [pool-201-thread-1] reduce.MergeManagerImpl: Merged 2 segments, 46 bytes to disk to satisfy reduce memory limit
2024-04-23T21:16:03,876  INFO [pool-201-thread-1] reduce.MergeManagerImpl: Merging 1 files, 48 bytes from disk
2024-04-23T21:16:03,876  INFO [pool-201-thread-1] reduce.MergeManagerImpl: Merging 0 segments, 0 bytes from memory into reduce
2024-04-23T21:16:03,876  INFO [pool-201-thread-1] mapred.Merger: Merging 1 sorted segments
2024-04-23T21:16:03,877  INFO [pool-201-thread-1] mapred.Merger: Down to the last merge-pass, with 1 segments left of total size: 27 bytes
2024-04-23T21:16:03,877  INFO [pool-201-thread-1] mapred.LocalJobRunner: 2 / 2 copied.
2024-04-23T21:16:03,878  INFO [pool-201-thread-1] exec.SerializationUtilities: Deserializing ReduceWork using kryo
2024-04-23T21:16:03,879  INFO [pool-201-thread-1] exec.Utilities: Deserialized plan (via FILE) - name: null size: 5,30KB
2024-04-23T21:16:03,881  INFO [pool-201-thread-1] ExecReducer: 
<GBY>Id =5
  <Children>
    <FS>Id =19
      <Children>
      <\Children>
      <Parent>Id = 5 null<\Parent>
    <\FS>
  <\Children>
  <Parent><\Parent>
<\GBY>
2024-04-23T21:16:03,881  INFO [pool-201-thread-1] exec.GroupByOperator: Initializing Operator: GBY[5]
2024-04-23T21:16:03,881  INFO [pool-201-thread-1] exec.GroupByOperator: isTez: false isLlap: false numExecutors: 1 maxMemory: 1908932608
2024-04-23T21:16:03,881  INFO [pool-201-thread-1] exec.FileSinkOperator: Initializing Operator: FS[19]
2024-04-23T21:16:03,882  INFO [pool-201-thread-1] exec.FileSinkOperator: Using serializer : AbstractSerDe [log=org.apache.logging.slf4j.Log4jLogger@2fc01ebe, configuration=Optional[Configuration: core-default.xml, core-site.xml, mapred-default.xml, mapred-site.xml, yarn-default.xml, yarn-site.xml, hdfs-default.xml, hdfs-site.xml, file:/home/alex/Repositories/hive/ql/target/tmp/TestTxnNoBuckets/mapred/local/localRunner/alex/job_local748471980_0045/job_local748471980_0045.xml], properties={columns=_col0,_col1, serialization.lib=org.apache.hadoop.hive.serde2.lazybinary.LazyBinarySerDe, columns.types=int,int, escape.delim=\, column.name.delimiter=,}, tableProperties={columns=_col0,_col1, serialization.lib=org.apache.hadoop.hive.serde2.lazybinary.LazyBinarySerDe, columns.types=int,int, column.name.delimiter=,, escape.delim=\}, partitionProperties=Optional.empty, columnNames=[_col0, _col1], columnTypes=[int, int], getClass()=class org.apache.hadoop.hive.serde2.lazybinary.LazyBinarySerDe] and formatter : org.apache.hadoop.hive.ql.io.HiveSequenceFileOutputFormat@45f4675d
2024-04-23T21:16:03,883  INFO [pool-201-thread-1] exec.FileSinkOperator: Final Path: FS file:/home/alex/Repositories/hive/ql/target/tmp/localscratchdir/78357cd1-4678-4ed2-8a01-459d6a9a75f4/hive_2024-04-23_21-16-03_212_4448444025047991083-1/_tmp.-mr-10002/000000_0
2024-04-23T21:16:03,883  INFO [pool-201-thread-1] exec.FileSinkOperator: Writing to temp file: FS file:/home/alex/Repositories/hive/ql/target/tmp/localscratchdir/78357cd1-4678-4ed2-8a01-459d6a9a75f4/hive_2024-04-23_21-16-03_212_4448444025047991083-1/_task_tmp.-mr-10002/_tmp.000000_0
2024-04-23T21:16:03,883  INFO [pool-201-thread-1] exec.FileSinkOperator: New Final Path: FS file:/home/alex/Repositories/hive/ql/target/tmp/localscratchdir/78357cd1-4678-4ed2-8a01-459d6a9a75f4/hive_2024-04-23_21-16-03_212_4448444025047991083-1/_tmp.-mr-10002/000000_0
2024-04-23T21:16:03,901  INFO [pool-201-thread-1] exec.FileSinkOperator: FS[19]: records written - 1
2024-04-23T21:16:03,901  INFO [pool-201-thread-1] exec.GroupByOperator: Closing Operator: GBY[5]
2024-04-23T21:16:03,901  INFO [pool-201-thread-1] exec.GroupByOperator: RECORDS_OUT_INTERMEDIATE:0, RECORDS_OUT_OPERATOR_GBY_5:2, 
2024-04-23T21:16:03,902  INFO [pool-201-thread-1] exec.FileSinkOperator: Closing Operator: FS[19]
2024-04-23T21:16:03,902  INFO [pool-201-thread-1] exec.FileSinkOperator: FS[19]: records written - 2
2024-04-23T21:16:03,902  INFO [pool-201-thread-1] exec.FileSinkOperator: RECORDS_OUT_INTERMEDIATE:0, RECORDS_OUT_OPERATOR_FS_19:2, RECORDS_OUT_0:2, 
2024-04-23T21:16:03,903  INFO [pool-201-thread-1] mapred.Task: Task:attempt_local748471980_0045_r_000000_0 is done. And is in the process of committing
2024-04-23T21:16:03,904  INFO [pool-201-thread-1] mapred.LocalJobRunner: reduce > reduce
2024-04-23T21:16:03,904  INFO [pool-201-thread-1] mapred.Task: Task 'attempt_local748471980_0045_r_000000_0' done.
2024-04-23T21:16:03,904  INFO [pool-201-thread-1] mapred.Task: Final Counters for attempt_local748471980_0045_r_000000_0: Counters: 29
	File System Counters
		FILE: Number of bytes read=1015278
		FILE: Number of bytes written=52985271
		FILE: Number of read operations=0
		FILE: Number of large read operations=0
		FILE: Number of write operations=0
	Map-Reduce Framework
		Combine input records=0
		Combine output records=0
		Reduce input groups=2
		Reduce shuffle bytes=54
		Reduce input records=2
		Reduce output records=0
		Spilled Records=2
		Shuffled Maps =2
		Failed Shuffles=0
		Merged Map outputs=2
		GC time elapsed (ms)=0
		Total committed heap usage (bytes)=1188560896
	HIVE
		CREATED_FILES=1
		RECORDS_OUT_0=2
		RECORDS_OUT_INTERMEDIATE=0
		RECORDS_OUT_OPERATOR_FS_19=2
		RECORDS_OUT_OPERATOR_GBY_5=2
	Shuffle Errors
		BAD_ID=0
		CONNECTION=0
		IO_ERROR=0
		WRONG_LENGTH=0
		WRONG_MAP=0
		WRONG_REDUCE=0
	File Output Format Counters 
		Bytes Written=0
2024-04-23T21:16:03,904  INFO [pool-201-thread-1] mapred.LocalJobRunner: Finishing task: attempt_local748471980_0045_r_000000_0
2024-04-23T21:16:03,905  INFO [Thread-2966] mapred.LocalJobRunner: reduce task executor complete.
2024-04-23 21:16:04,776 Stage-1 map = 100%,  reduce = 100%
2024-04-23T21:16:04,776  INFO [main] exec.Task: 2024-04-23 21:16:04,776 Stage-1 map = 100%,  reduce = 100%
Ended Job = job_local748471980_0045
2024-04-23T21:16:04,778  INFO [main] exec.Task: Ended Job = job_local748471980_0045
Launching Job 2 out of 2
2024-04-23T21:16:04,782  INFO [main] ql.Driver: Launching Job 2 out of 2
2024-04-23T21:16:04,934  INFO [main] ql.Driver: Starting task [Stage-2:MAPRED] in serial mode
Number of reduce tasks is set to 0 since there's no reduce operator
2024-04-23T21:16:04,934  INFO [main] exec.Task: Number of reduce tasks is set to 0 since there's no reduce operator
2024-04-23T21:16:04,937  INFO [main] mr.ExecDriver: Using org.apache.hadoop.hive.ql.io.HiveInputFormat
2024-04-23T21:16:04,937  INFO [main] exec.Utilities: Processing alias file:/home/alex/Repositories/hive/ql/target/tmp/localscratchdir/78357cd1-4678-4ed2-8a01-459d6a9a75f4/hive_2024-04-23_21-16-03_212_4448444025047991083-1/-mr-10002
2024-04-23T21:16:04,937  INFO [main] exec.Utilities: Adding 2 inputs; the first input is file:/home/alex/Repositories/hive/ql/target/tmp/localscratchdir/78357cd1-4678-4ed2-8a01-459d6a9a75f4/hive_2024-04-23_21-16-03_212_4448444025047991083-1/-mr-10002
2024-04-23T21:16:04,937  INFO [main] exec.Utilities: Processing alias $hdt$_1-subquery1-subquery2:acidtbl
2024-04-23T21:16:04,937  INFO [main] exec.Utilities: Adding 2 inputs; the first input is file:/home/alex/Repositories/hive/ql/target/tmp/org.apache.hadoop.hive.ql.TestTxnNoBuckets-1713932056679/warehouse/acidtbl
2024-04-23T21:16:04,937  INFO [main] exec.Utilities: Processing alias $hdt$_1-subquery2:acidtbl
2024-04-23T21:16:04,946  INFO [main] exec.SerializationUtilities: Serializing MapWork using kryo
2024-04-23T21:16:04,947  INFO [main] exec.Utilities: Serialized plan (via FILE) - name: null size: 7,60KB
2024-04-23T21:16:04,948  WARN [main] impl.MetricsSystemImpl: JobTracker metrics system already initialized!
2024-04-23T21:16:04,952  INFO [main] fs.FSStatsPublisher: created : file:/home/alex/Repositories/hive/ql/target/tmp/localscratchdir/78357cd1-4678-4ed2-8a01-459d6a9a75f4/hive_2024-04-23_21-16-03_212_4448444025047991083-1/-mr-10001
2024-04-23T21:16:04,956  WARN [main] impl.MetricsSystemImpl: JobTracker metrics system already initialized!
2024-04-23T21:16:04,962  WARN [main] mapreduce.JobResourceUploader: Hadoop command-line option parsing not performed. Implement the Tool interface and execute your application with ToolRunner to remedy this.
2024-04-23T21:16:04,967  WARN [main] mapreduce.JobResourceUploader: No job jar file set.  User classes may not be found. See Job or Job#setJar(String).
2024-04-23T21:16:04,968  INFO [main] exec.Utilities: schema.evolution.columns and schema.evolution.columns.types not available
2024-04-23T21:16:04,968  INFO [main] io.HiveInputFormat: Generating splits as currentDirs is not empty. currentDirs: [file:/home/alex/Repositories/hive/ql/target/tmp/localscratchdir/78357cd1-4678-4ed2-8a01-459d6a9a75f4/hive_2024-04-23_21-16-03_212_4448444025047991083-1/-mr-10002]
2024-04-23T21:16:04,968  INFO [main] io.HiveInputFormat: hive.io.file.readcolumn.ids = 0,1
2024-04-23T21:16:04,968  INFO [main] io.HiveInputFormat: hive.io.file.readcolumn.names = _col0,_col1
2024-04-23T21:16:04,968  INFO [main] exec.Utilities: schema.evolution.columns and schema.evolution.columns.types not available
2024-04-23T21:16:04,972  INFO [main] mapred.FileInputFormat: Total input files to process : 1
2024-04-23T21:16:04,972  INFO [main] io.HiveInputFormat: hive.io.file.readcolumn.ids = 0,1
2024-04-23T21:16:04,972  INFO [main] io.HiveInputFormat: hive.io.file.readcolumn.names = _col0,_col1
2024-04-23T21:16:04,972  INFO [main] io.HiveInputFormat: Generating splits for dirs: file:/home/alex/Repositories/hive/ql/target/tmp/localscratchdir/78357cd1-4678-4ed2-8a01-459d6a9a75f4/hive_2024-04-23_21-16-03_212_4448444025047991083-1/-mr-10002
2024-04-23T21:16:04,972  INFO [main] orc.OrcInputFormat: getSplits started
2024-04-23T21:16:04,973  INFO [main] orc.OrcInputFormat: Context:: isAcid: false isVectorMode: false sarg: null minSplitSize: 1 maxSplitSize: 256000000 splitStrategy: HYBRID footerInSplits: false numBuckets: 2 numThreads: 10 cacheMemSize: 268435456 cacheStripeDetails: true useSoftReference: false writeIdList: null:9223372036854775807:9223372036854775807:: isTransactionalTable: true txnProperties: default 
2024-04-23T21:16:04,973  INFO [main] orc.OrcInputFormat: ORC pushdown predicate: null
2024-04-23T21:16:04,984  INFO [main] orc.OrcInputFormat: FooterCacheHitRatio: 0/2
2024-04-23T21:16:04,984  INFO [main] orc.OrcInputFormat: getSplits finished (#splits: 2). duration: 12 ms
2024-04-23T21:16:04,984  INFO [main] io.HiveInputFormat: number of splits 3
2024-04-23T21:16:05,000  INFO [main] mapreduce.JobSubmitter: number of splits:3
2024-04-23T21:16:05,018  INFO [main] mapreduce.JobSubmitter: Submitting tokens for job: job_local234245483_0046
2024-04-23T21:16:05,018  INFO [main] mapreduce.JobSubmitter: Executing with tokens: []
2024-04-23T21:16:05,076  INFO [main] mapreduce.Job: The url to track the job: http://localhost:8080/
Job running in-process (local Hadoop)
2024-04-23T21:16:05,076  INFO [main] exec.Task: Job running in-process (local Hadoop)
2024-04-23T21:16:05,076  INFO [Thread-3018] mapred.LocalJobRunner: OutputCommitter set in config org.apache.hadoop.hive.ql.io.HiveFileFormatUtils$NullOutputCommitter
2024-04-23T21:16:05,076  INFO [Thread-3018] mapred.LocalJobRunner: OutputCommitter is org.apache.hadoop.hive.ql.io.HiveFileFormatUtils$NullOutputCommitter
2024-04-23T21:16:05,078  INFO [Thread-3018] mapred.LocalJobRunner: Waiting for map tasks
2024-04-23T21:16:05,079  INFO [LocalJobRunner Map Task Executor #0] mapred.LocalJobRunner: Starting task: attempt_local234245483_0046_m_000000_0
2024-04-23T21:16:05,079  INFO [LocalJobRunner Map Task Executor #0] mapred.Task:  Using ResourceCalculatorProcessTree : [ ]
2024-04-23T21:16:05,080  INFO [LocalJobRunner Map Task Executor #0] mapred.MapTask: Processing split: org.apache.hadoop.hive.ql.io.orc.OrcInputFormat:OrcSplit [file:/home/alex/Repositories/hive/ql/target/tmp/org.apache.hadoop.hive.ql.TestTxnNoBuckets-1713932056679/warehouse/acidtbl/delta_0000001_0000001_0000/bucket_00001_0, start=3, length=317, isOriginal=false, fileLength=704, hasFooter=false, hasBase=true, deltas=0]
2024-04-23T21:16:05,080  INFO [LocalJobRunner Map Task Executor #0] exec.SerializationUtilities: Deserializing MapWork using kryo
2024-04-23T21:16:05,081  INFO [LocalJobRunner Map Task Executor #0] exec.Utilities: Deserialized plan (via FILE) - name: null size: 7,60KB
2024-04-23T21:16:05,082  INFO [LocalJobRunner Map Task Executor #0] orc.OrcRawRecordMerger: min key = null, max key = null
2024-04-23T21:16:05,082  INFO [LocalJobRunner Map Task Executor #0] orc.ReaderImpl: Reading ORC rows from file:/home/alex/Repositories/hive/ql/target/tmp/org.apache.hadoop.hive.ql.TestTxnNoBuckets-1713932056679/warehouse/acidtbl/delta_0000001_0000001_0000/bucket_00001_0 with {include: [true, true, true], offset: 3, length: 317, schema: struct<a:int,b:int>, includeAcidColumns: true}
2024-04-23T21:16:05,082  INFO [LocalJobRunner Map Task Executor #0] orc.OrcRawRecordMerger: updated min key = null, max key = null
2024-04-23T21:16:05,083  INFO [LocalJobRunner Map Task Executor #0] mapred.MapTask: numReduceTasks: 0
2024-04-23T21:16:05,083  INFO [LocalJobRunner Map Task Executor #0] exec.MapOperator: Initializing Operator: MAP[0]
2024-04-23T21:16:05,085  INFO [LocalJobRunner Map Task Executor #0] mr.ExecMapper: 
<MAP>Id =0
  <Children>
    <TS>Id =20
      <Children>
        <UNION>Id =10
          <Children>
            <FS>Id =15
              <Children>
              <\Children>
              <Parent>Id = 10 null<\Parent>
            <\FS>
          <\Children>
          <Parent>Id = 20 nullId = 9 
        <SEL>Id =9
          <Children>null
          <\Children>
          <Parent>Id = 17 
        <FIL>Id =17
          <Children>null
          <\Children>
          <Parent>Id = 7 
        <TS>Id =7
          <Children>null
          <\Children>
          <Parent>Id = 0 null<\Parent>
        <\TS><\Parent>
        <\FIL><\Parent>
        <\SEL>Id = 13 
        <SEL>Id =13
          <Children>null
          <\Children>
          <Parent>Id = 18 
        <FIL>Id =18
          <Children>null
          <\Children>
          <Parent>Id = 11 
        <TS>Id =11
          <Children>null
          <\Children>
          <Parent>Id = 0 null<\Parent>
        <\TS><\Parent>
        <\FIL><\Parent>
        <\SEL><\Parent>
        <\UNION>
      <\Children>
      <Parent>Id = 0 null<\Parent>
    <\TS>nullnull
  <\Children>
  <Parent><\Parent>
<\MAP>
2024-04-23T21:16:05,086  INFO [LocalJobRunner Map Task Executor #0] exec.TableScanOperator: Initializing Operator: TS[20]
2024-04-23T21:16:05,086  INFO [LocalJobRunner Map Task Executor #0] exec.TableScanOperator: Initializing Operator: TS[11]
2024-04-23T21:16:05,086  INFO [LocalJobRunner Map Task Executor #0] exec.FilterOperator: Initializing Operator: FIL[18]
2024-04-23T21:16:05,086  INFO [LocalJobRunner Map Task Executor #0] exec.SelectOperator: Initializing Operator: SEL[13]
2024-04-23T21:16:05,086  INFO [LocalJobRunner Map Task Executor #0] exec.SelectOperator: SELECT struct<a:int,b:int>
2024-04-23T21:16:05,086  INFO [LocalJobRunner Map Task Executor #0] exec.TableScanOperator: Initializing Operator: TS[7]
2024-04-23T21:16:05,086  INFO [LocalJobRunner Map Task Executor #0] exec.FilterOperator: Initializing Operator: FIL[17]
2024-04-23T21:16:05,086  INFO [LocalJobRunner Map Task Executor #0] exec.SelectOperator: Initializing Operator: SEL[9]
2024-04-23T21:16:05,087  INFO [LocalJobRunner Map Task Executor #0] exec.SelectOperator: SELECT struct<a:int,b:int>
2024-04-23T21:16:05,087  INFO [LocalJobRunner Map Task Executor #0] exec.UnionOperator: Initializing Operator: UNION[10]
2024-04-23T21:16:05,087  INFO [LocalJobRunner Map Task Executor #0] exec.UnionOperator: Union Operator needs to transform row from parent[0] from org.apache.hadoop.hive.serde2.lazybinary.objectinspector.LazyBinaryStructObjectInspector<org.apache.hadoop.hive.serde2.objectinspector.primitive.WritableIntObjectInspector@575e862c,org.apache.hadoop.hive.serde2.objectinspector.primitive.WritableIntObjectInspector@575e862c> to org.apache.hadoop.hive.serde2.objectinspector.StandardStructObjectInspector<org.apache.hadoop.hive.serde2.objectinspector.primitive.WritableIntObjectInspector@575e862c,org.apache.hadoop.hive.serde2.objectinspector.primitive.WritableIntObjectInspector@575e862c>
2024-04-23T21:16:05,087  INFO [LocalJobRunner Map Task Executor #0] exec.FileSinkOperator: Initializing Operator: FS[15]
2024-04-23T21:16:05,088  INFO [LocalJobRunner Map Task Executor #0] exec.FileSinkOperator: Using serializer : AbstractSerDe [log=org.apache.logging.slf4j.Log4jLogger@261f1262, configuration=Optional[Configuration: core-default.xml, core-site.xml, mapred-default.xml, mapred-site.xml, yarn-default.xml, yarn-site.xml, hdfs-default.xml, hdfs-site.xml, file:/home/alex/Repositories/hive/ql/target/tmp/TestTxnNoBuckets/mapred/local/localRunner/alex/job_local234245483_0046/job_local234245483_0046.xml], properties={name=default.t, columns.types=int:int, serialization.format=1, columns=a,b, numFilesErasureCoded=0, columns.comments=&amp#0;, bucketing_version=2, serialization.lib=org.apache.hadoop.hive.ql.io.orc.OrcSerde, file.inputformat=org.apache.hadoop.hive.ql.io.orc.OrcInputFormat, file.outputformat=org.apache.hadoop.hive.ql.io.orc.OrcOutputFormat, location=file:/home/alex/Repositories/hive/ql/target/tmp/org.apache.hadoop.hive.ql.TestTxnNoBuckets-1713932056679/warehouse/t, column.name.delimiter=,}, tableProperties={name=default.t, columns.types=int:int, serialization.format=1, columns=a,b, numFilesErasureCoded=0, columns.comments=&amp#0;, bucketing_version=2, serialization.lib=org.apache.hadoop.hive.ql.io.orc.OrcSerde, file.inputformat=org.apache.hadoop.hive.ql.io.orc.OrcInputFormat, location=file:/home/alex/Repositories/hive/ql/target/tmp/org.apache.hadoop.hive.ql.TestTxnNoBuckets-1713932056679/warehouse/t, file.outputformat=org.apache.hadoop.hive.ql.io.orc.OrcOutputFormat, column.name.delimiter=,}, partitionProperties=Optional.empty, columnNames=[a, b], columnTypes=[int, int], getClass()=class org.apache.hadoop.hive.ql.io.orc.OrcSerde] and formatter : org.apache.hadoop.hive.ql.io.orc.OrcOutputFormat@12221b8
2024-04-23T21:16:05,088  INFO [LocalJobRunner Map Task Executor #0] exec.MapOperator: MAP[0]: records read - 1
2024-04-23T21:16:05,088  INFO [LocalJobRunner Map Task Executor #0] exec.FileSinkOperator: Final Path: FS file:/home/alex/Repositories/hive/ql/target/tmp/org.apache.hadoop.hive.ql.TestTxnNoBuckets-1713932056679/warehouse/t/.hive-staging_hive_2024-04-23_21-16-03_212_4448444025047991083-1/_tmp.-ext-10000/000000_0
2024-04-23T21:16:05,089  INFO [LocalJobRunner Map Task Executor #0] exec.FileSinkOperator: Writing to temp file: FS file:/home/alex/Repositories/hive/ql/target/tmp/org.apache.hadoop.hive.ql.TestTxnNoBuckets-1713932056679/warehouse/t/.hive-staging_hive_2024-04-23_21-16-03_212_4448444025047991083-1/_task_tmp.-ext-10000/_tmp.000000_0
2024-04-23T21:16:05,089  INFO [LocalJobRunner Map Task Executor #0] exec.FileSinkOperator: New Final Path: FS file:/home/alex/Repositories/hive/ql/target/tmp/org.apache.hadoop.hive.ql.TestTxnNoBuckets-1713932056679/warehouse/t/.hive-staging_hive_2024-04-23_21-16-03_212_4448444025047991083-1/_tmp.-ext-10000/000000_0
2024-04-23T21:16:05,089  INFO [LocalJobRunner Map Task Executor #0] exec.FileSinkOperator: FS[15]: records written - 1
2024-04-23T21:16:05,089  INFO [LocalJobRunner Map Task Executor #0] impl.PhysicalFsWriter: ORC writer created for path: file:/home/alex/Repositories/hive/ql/target/tmp/org.apache.hadoop.hive.ql.TestTxnNoBuckets-1713932056679/warehouse/t/.hive-staging_hive_2024-04-23_21-16-03_212_4448444025047991083-1/_task_tmp.-ext-10000/_tmp.000000_0 with stripeSize: 67108864 blockSize: 268435456 compression: Compress: ZLIB buffer: 262144
2024-04-23T21:16:05,096  INFO [LocalJobRunner Map Task Executor #0] impl.WriterImpl: ORC writer created for path: file:/home/alex/Repositories/hive/ql/target/tmp/org.apache.hadoop.hive.ql.TestTxnNoBuckets-1713932056679/warehouse/t/.hive-staging_hive_2024-04-23_21-16-03_212_4448444025047991083-1/_task_tmp.-ext-10000/_tmp.000000_0 with stripeSize: 67108864 options: Compress: ZLIB buffer: 262144
2024-04-23T21:16:05,096  INFO [LocalJobRunner Map Task Executor #0] exec.MapOperator: Closing Operator: MAP[0]
2024-04-23T21:16:05,096  INFO [LocalJobRunner Map Task Executor #0] exec.MapOperator: MAP[0]: Total records read - 3. abort - false
2024-04-23T21:16:05,096  INFO [LocalJobRunner Map Task Executor #0] exec.MapOperator: DESERIALIZE_ERRORS:0, RECORDS_IN:3, RECORDS_OUT_OPERATOR_MAP_0:0, RECORDS_OUT_INTERMEDIATE:0, 
2024-04-23T21:16:05,096  INFO [LocalJobRunner Map Task Executor #0] exec.TableScanOperator: Closing Operator: TS[20]
2024-04-23T21:16:05,096  INFO [LocalJobRunner Map Task Executor #0] exec.TableScanOperator: RECORDS_OUT_INTERMEDIATE:0, RECORDS_OUT_OPERATOR_TS_20:0, 
2024-04-23T21:16:05,097  INFO [LocalJobRunner Map Task Executor #0] exec.TableScanOperator: Closing Operator: TS[7]
2024-04-23T21:16:05,097  INFO [LocalJobRunner Map Task Executor #0] exec.TableScanOperator: RECORDS_OUT_OPERATOR_TS_7:3, RECORDS_OUT_INTERMEDIATE:0, 
2024-04-23T21:16:05,097  INFO [LocalJobRunner Map Task Executor #0] exec.FilterOperator: Closing Operator: FIL[17]
2024-04-23T21:16:05,097  INFO [LocalJobRunner Map Task Executor #0] exec.FilterOperator: RECORDS_OUT_OPERATOR_FIL_17:1, RECORDS_OUT_INTERMEDIATE:0, 
2024-04-23T21:16:05,097  INFO [LocalJobRunner Map Task Executor #0] exec.SelectOperator: Closing Operator: SEL[9]
2024-04-23T21:16:05,097  INFO [LocalJobRunner Map Task Executor #0] exec.SelectOperator: RECORDS_OUT_INTERMEDIATE:0, RECORDS_OUT_OPERATOR_SEL_9:1, 
2024-04-23T21:16:05,097  INFO [LocalJobRunner Map Task Executor #0] exec.TableScanOperator: Closing Operator: TS[11]
2024-04-23T21:16:05,097  INFO [LocalJobRunner Map Task Executor #0] exec.TableScanOperator: RECORDS_OUT_OPERATOR_TS_11:3, RECORDS_OUT_INTERMEDIATE:0, 
2024-04-23T21:16:05,097  INFO [LocalJobRunner Map Task Executor #0] exec.FilterOperator: Closing Operator: FIL[18]
2024-04-23T21:16:05,097  INFO [LocalJobRunner Map Task Executor #0] exec.FilterOperator: RECORDS_OUT_OPERATOR_FIL_18:1, RECORDS_OUT_INTERMEDIATE:0, 
2024-04-23T21:16:05,097  INFO [LocalJobRunner Map Task Executor #0] exec.SelectOperator: Closing Operator: SEL[13]
2024-04-23T21:16:05,097  INFO [LocalJobRunner Map Task Executor #0] exec.SelectOperator: RECORDS_OUT_INTERMEDIATE:0, RECORDS_OUT_OPERATOR_SEL_13:1, 
2024-04-23T21:16:05,097  INFO [LocalJobRunner Map Task Executor #0] exec.UnionOperator: Closing Operator: UNION[10]
2024-04-23T21:16:05,097  INFO [LocalJobRunner Map Task Executor #0] exec.UnionOperator: RECORDS_OUT_OPERATOR_UNION_10:2, RECORDS_OUT_INTERMEDIATE:0, 
2024-04-23T21:16:05,097  INFO [LocalJobRunner Map Task Executor #0] exec.FileSinkOperator: Closing Operator: FS[15]
2024-04-23T21:16:05,097  INFO [LocalJobRunner Map Task Executor #0] exec.FileSinkOperator: FS[15]: records written - 2
2024-04-23T21:16:05,104  INFO [LocalJobRunner Map Task Executor #0] exec.FileSinkOperator: RECORDS_OUT_1_default.t:2, TOTAL_TABLE_ROWS_WRITTEN:2, RECORDS_OUT_OPERATOR_FS_15:2, RECORDS_OUT_INTERMEDIATE:0, 
2024-04-23T21:16:05,105  INFO [LocalJobRunner Map Task Executor #0] mapred.LocalJobRunner: 
2024-04-23T21:16:05,105  INFO [LocalJobRunner Map Task Executor #0] mapred.Task: Task:attempt_local234245483_0046_m_000000_0 is done. And is in the process of committing
2024-04-23T21:16:05,106  INFO [LocalJobRunner Map Task Executor #0] mapred.LocalJobRunner: OrcSplit [file:/home/alex/Repositories/hive/ql/target/tmp/org.apache.hadoop.hive.ql.TestTxnNoBuckets-1713932056679/warehouse/acidtbl/delta_0000001_0000001_0000/bucket_00001_0, start=3, length=317, isOriginal=false, fileLength=704, hasFooter=false, hasBase=true, deltas=0]
2024-04-23T21:16:05,106  INFO [LocalJobRunner Map Task Executor #0] mapred.Task: Task 'attempt_local234245483_0046_m_000000_0' done.
2024-04-23T21:16:05,106  INFO [LocalJobRunner Map Task Executor #0] mapred.Task: Final Counters for attempt_local234245483_0046_m_000000_0: Counters: 31
	File System Counters
		FILE: Number of bytes read=1028727
		FILE: Number of bytes written=54161200
		FILE: Number of read operations=0
		FILE: Number of large read operations=0
		FILE: Number of write operations=0
	Map-Reduce Framework
		Map input records=3
		Map output records=0
		Input split bytes=497
		Spilled Records=0
		Failed Shuffles=0
		Merged Map outputs=0
		GC time elapsed (ms)=0
		Total committed heap usage (bytes)=1188560896
	HIVE
		CREATED_FILES=1
		DESERIALIZE_ERRORS=0
		RECORDS_IN=3
		RECORDS_OUT_1_default.t=6
		RECORDS_OUT_INTERMEDIATE=0
		RECORDS_OUT_OPERATOR_FIL_17=1
		RECORDS_OUT_OPERATOR_FIL_18=1
		RECORDS_OUT_OPERATOR_FS_15=6
		RECORDS_OUT_OPERATOR_MAP_0=0
		RECORDS_OUT_OPERATOR_SEL_13=1
		RECORDS_OUT_OPERATOR_SEL_9=1
		RECORDS_OUT_OPERATOR_TS_11=3
		RECORDS_OUT_OPERATOR_TS_20=0
		RECORDS_OUT_OPERATOR_TS_7=3
		RECORDS_OUT_OPERATOR_UNION_10=6
		TOTAL_TABLE_ROWS_WRITTEN=6
	File Input Format Counters 
		Bytes Read=10568
	File Output Format Counters 
		Bytes Written=0
2024-04-23T21:16:05,106  INFO [LocalJobRunner Map Task Executor #0] mapred.LocalJobRunner: Finishing task: attempt_local234245483_0046_m_000000_0
2024-04-23T21:16:05,106  INFO [LocalJobRunner Map Task Executor #0] mapred.LocalJobRunner: Starting task: attempt_local234245483_0046_m_000001_0
2024-04-23T21:16:05,106  INFO [LocalJobRunner Map Task Executor #0] mapred.Task:  Using ResourceCalculatorProcessTree : [ ]
2024-04-23T21:16:05,106  INFO [LocalJobRunner Map Task Executor #0] mapred.MapTask: Processing split: org.apache.hadoop.hive.ql.io.orc.OrcInputFormat:OrcSplit [file:/home/alex/Repositories/hive/ql/target/tmp/org.apache.hadoop.hive.ql.TestTxnNoBuckets-1713932056679/warehouse/acidtbl/delta_0000001_0000001_0000/bucket_00000_0, start=3, length=315, isOriginal=false, fileLength=688, hasFooter=false, hasBase=true, deltas=0]
2024-04-23T21:16:05,107  INFO [LocalJobRunner Map Task Executor #0] exec.SerializationUtilities: Deserializing MapWork using kryo
2024-04-23T21:16:05,107  INFO [LocalJobRunner Map Task Executor #0] exec.Utilities: Deserialized plan (via FILE) - name: null size: 7,60KB
2024-04-23T21:16:05,108  INFO [LocalJobRunner Map Task Executor #0] orc.OrcRawRecordMerger: min key = null, max key = null
2024-04-23T21:16:05,109  INFO [LocalJobRunner Map Task Executor #0] orc.ReaderImpl: Reading ORC rows from file:/home/alex/Repositories/hive/ql/target/tmp/org.apache.hadoop.hive.ql.TestTxnNoBuckets-1713932056679/warehouse/acidtbl/delta_0000001_0000001_0000/bucket_00000_0 with {include: [true, true, true], offset: 3, length: 315, schema: struct<a:int,b:int>, includeAcidColumns: true}
2024-04-23T21:16:05,109  INFO [LocalJobRunner Map Task Executor #0] orc.OrcRawRecordMerger: updated min key = null, max key = null
2024-04-23T21:16:05,110  INFO [LocalJobRunner Map Task Executor #0] mapred.MapTask: numReduceTasks: 0
2024-04-23T21:16:05,110  INFO [LocalJobRunner Map Task Executor #0] exec.MapOperator: Initializing Operator: MAP[0]
2024-04-23T21:16:05,112  INFO [LocalJobRunner Map Task Executor #0] mr.ExecMapper: 
<MAP>Id =0
  <Children>
    <TS>Id =20
      <Children>
        <UNION>Id =10
          <Children>
            <FS>Id =15
              <Children>
              <\Children>
              <Parent>Id = 10 null<\Parent>
            <\FS>
          <\Children>
          <Parent>Id = 20 nullId = 9 
        <SEL>Id =9
          <Children>null
          <\Children>
          <Parent>Id = 17 
        <FIL>Id =17
          <Children>null
          <\Children>
          <Parent>Id = 7 
        <TS>Id =7
          <Children>null
          <\Children>
          <Parent>Id = 0 null<\Parent>
        <\TS><\Parent>
        <\FIL><\Parent>
        <\SEL>Id = 13 
        <SEL>Id =13
          <Children>null
          <\Children>
          <Parent>Id = 18 
        <FIL>Id =18
          <Children>null
          <\Children>
          <Parent>Id = 11 
        <TS>Id =11
          <Children>null
          <\Children>
          <Parent>Id = 0 null<\Parent>
        <\TS><\Parent>
        <\FIL><\Parent>
        <\SEL><\Parent>
        <\UNION>
      <\Children>
      <Parent>Id = 0 null<\Parent>
    <\TS>nullnull
  <\Children>
  <Parent><\Parent>
<\MAP>
2024-04-23T21:16:05,113  INFO [LocalJobRunner Map Task Executor #0] exec.TableScanOperator: Initializing Operator: TS[7]
2024-04-23T21:16:05,113  INFO [LocalJobRunner Map Task Executor #0] exec.FilterOperator: Initializing Operator: FIL[17]
2024-04-23T21:16:05,113  INFO [LocalJobRunner Map Task Executor #0] exec.SelectOperator: Initializing Operator: SEL[9]
2024-04-23T21:16:05,113  INFO [LocalJobRunner Map Task Executor #0] exec.SelectOperator: SELECT struct<a:int,b:int>
2024-04-23T21:16:05,113  INFO [LocalJobRunner Map Task Executor #0] exec.TableScanOperator: Initializing Operator: TS[11]
2024-04-23T21:16:05,113  INFO [LocalJobRunner Map Task Executor #0] exec.FilterOperator: Initializing Operator: FIL[18]
2024-04-23T21:16:05,113  INFO [LocalJobRunner Map Task Executor #0] exec.SelectOperator: Initializing Operator: SEL[13]
2024-04-23T21:16:05,113  INFO [LocalJobRunner Map Task Executor #0] exec.SelectOperator: SELECT struct<a:int,b:int>
2024-04-23T21:16:05,113  INFO [LocalJobRunner Map Task Executor #0] exec.TableScanOperator: Initializing Operator: TS[20]
2024-04-23T21:16:05,113  INFO [LocalJobRunner Map Task Executor #0] exec.UnionOperator: Initializing Operator: UNION[10]
2024-04-23T21:16:05,113  INFO [LocalJobRunner Map Task Executor #0] exec.UnionOperator: Union Operator needs to transform row from parent[0] from org.apache.hadoop.hive.serde2.lazybinary.objectinspector.LazyBinaryStructObjectInspector<org.apache.hadoop.hive.serde2.objectinspector.primitive.WritableIntObjectInspector@575e862c,org.apache.hadoop.hive.serde2.objectinspector.primitive.WritableIntObjectInspector@575e862c> to org.apache.hadoop.hive.serde2.objectinspector.StandardStructObjectInspector<org.apache.hadoop.hive.serde2.objectinspector.primitive.WritableIntObjectInspector@575e862c,org.apache.hadoop.hive.serde2.objectinspector.primitive.WritableIntObjectInspector@575e862c>
2024-04-23T21:16:05,113  INFO [LocalJobRunner Map Task Executor #0] exec.FileSinkOperator: Initializing Operator: FS[15]
2024-04-23T21:16:05,114  INFO [LocalJobRunner Map Task Executor #0] exec.FileSinkOperator: Using serializer : AbstractSerDe [log=org.apache.logging.slf4j.Log4jLogger@261f1262, configuration=Optional[Configuration: core-default.xml, core-site.xml, mapred-default.xml, mapred-site.xml, yarn-default.xml, yarn-site.xml, hdfs-default.xml, hdfs-site.xml, file:/home/alex/Repositories/hive/ql/target/tmp/TestTxnNoBuckets/mapred/local/localRunner/alex/job_local234245483_0046/job_local234245483_0046.xml], properties={name=default.t, columns.types=int:int, serialization.format=1, columns=a,b, numFilesErasureCoded=0, columns.comments=&amp#0;, bucketing_version=2, serialization.lib=org.apache.hadoop.hive.ql.io.orc.OrcSerde, file.inputformat=org.apache.hadoop.hive.ql.io.orc.OrcInputFormat, file.outputformat=org.apache.hadoop.hive.ql.io.orc.OrcOutputFormat, location=file:/home/alex/Repositories/hive/ql/target/tmp/org.apache.hadoop.hive.ql.TestTxnNoBuckets-1713932056679/warehouse/t, column.name.delimiter=,}, tableProperties={name=default.t, columns.types=int:int, serialization.format=1, columns=a,b, numFilesErasureCoded=0, columns.comments=&amp#0;, bucketing_version=2, serialization.lib=org.apache.hadoop.hive.ql.io.orc.OrcSerde, file.inputformat=org.apache.hadoop.hive.ql.io.orc.OrcInputFormat, location=file:/home/alex/Repositories/hive/ql/target/tmp/org.apache.hadoop.hive.ql.TestTxnNoBuckets-1713932056679/warehouse/t, file.outputformat=org.apache.hadoop.hive.ql.io.orc.OrcOutputFormat, column.name.delimiter=,}, partitionProperties=Optional.empty, columnNames=[a, b], columnTypes=[int, int], getClass()=class org.apache.hadoop.hive.ql.io.orc.OrcSerde] and formatter : org.apache.hadoop.hive.ql.io.orc.OrcOutputFormat@2f81692
2024-04-23T21:16:05,115  INFO [LocalJobRunner Map Task Executor #0] exec.MapOperator: MAP[0]: records read - 1
2024-04-23T21:16:05,115  INFO [LocalJobRunner Map Task Executor #0] exec.FileSinkOperator: Final Path: FS file:/home/alex/Repositories/hive/ql/target/tmp/org.apache.hadoop.hive.ql.TestTxnNoBuckets-1713932056679/warehouse/t/.hive-staging_hive_2024-04-23_21-16-03_212_4448444025047991083-1/_tmp.-ext-10000/000001_0
2024-04-23T21:16:05,115  INFO [LocalJobRunner Map Task Executor #0] exec.FileSinkOperator: Writing to temp file: FS file:/home/alex/Repositories/hive/ql/target/tmp/org.apache.hadoop.hive.ql.TestTxnNoBuckets-1713932056679/warehouse/t/.hive-staging_hive_2024-04-23_21-16-03_212_4448444025047991083-1/_task_tmp.-ext-10000/_tmp.000001_0
2024-04-23T21:16:05,115  INFO [LocalJobRunner Map Task Executor #0] exec.FileSinkOperator: New Final Path: FS file:/home/alex/Repositories/hive/ql/target/tmp/org.apache.hadoop.hive.ql.TestTxnNoBuckets-1713932056679/warehouse/t/.hive-staging_hive_2024-04-23_21-16-03_212_4448444025047991083-1/_tmp.-ext-10000/000001_0
2024-04-23T21:16:05,115  INFO [LocalJobRunner Map Task Executor #0] exec.FileSinkOperator: FS[15]: records written - 1
2024-04-23T21:16:05,115  INFO [LocalJobRunner Map Task Executor #0] impl.PhysicalFsWriter: ORC writer created for path: file:/home/alex/Repositories/hive/ql/target/tmp/org.apache.hadoop.hive.ql.TestTxnNoBuckets-1713932056679/warehouse/t/.hive-staging_hive_2024-04-23_21-16-03_212_4448444025047991083-1/_task_tmp.-ext-10000/_tmp.000001_0 with stripeSize: 67108864 blockSize: 268435456 compression: Compress: ZLIB buffer: 262144
2024-04-23T21:16:05,120  INFO [LocalJobRunner Map Task Executor #0] impl.WriterImpl: ORC writer created for path: file:/home/alex/Repositories/hive/ql/target/tmp/org.apache.hadoop.hive.ql.TestTxnNoBuckets-1713932056679/warehouse/t/.hive-staging_hive_2024-04-23_21-16-03_212_4448444025047991083-1/_task_tmp.-ext-10000/_tmp.000001_0 with stripeSize: 67108864 options: Compress: ZLIB buffer: 262144
2024-04-23T21:16:05,120  INFO [LocalJobRunner Map Task Executor #0] exec.MapOperator: Closing Operator: MAP[0]
2024-04-23T21:16:05,120  INFO [LocalJobRunner Map Task Executor #0] exec.MapOperator: MAP[0]: Total records read - 2. abort - false
2024-04-23T21:16:05,120  INFO [LocalJobRunner Map Task Executor #0] exec.MapOperator: RECORDS_OUT_INTERMEDIATE:0, DESERIALIZE_ERRORS:0, RECORDS_IN:2, RECORDS_OUT_OPERATOR_MAP_0:0, 
2024-04-23T21:16:05,120  INFO [LocalJobRunner Map Task Executor #0] exec.TableScanOperator: Closing Operator: TS[20]
2024-04-23T21:16:05,121  INFO [LocalJobRunner Map Task Executor #0] exec.TableScanOperator: RECORDS_OUT_OPERATOR_TS_20:0, RECORDS_OUT_INTERMEDIATE:0, 
2024-04-23T21:16:05,121  INFO [LocalJobRunner Map Task Executor #0] exec.TableScanOperator: Closing Operator: TS[7]
2024-04-23T21:16:05,121  INFO [LocalJobRunner Map Task Executor #0] exec.TableScanOperator: RECORDS_OUT_INTERMEDIATE:0, RECORDS_OUT_OPERATOR_TS_7:2, 
2024-04-23T21:16:05,121  INFO [LocalJobRunner Map Task Executor #0] exec.FilterOperator: Closing Operator: FIL[17]
2024-04-23T21:16:05,121  INFO [LocalJobRunner Map Task Executor #0] exec.FilterOperator: RECORDS_OUT_OPERATOR_FIL_17:1, RECORDS_OUT_INTERMEDIATE:0, 
2024-04-23T21:16:05,121  INFO [LocalJobRunner Map Task Executor #0] exec.SelectOperator: Closing Operator: SEL[9]
2024-04-23T21:16:05,121  INFO [LocalJobRunner Map Task Executor #0] exec.SelectOperator: RECORDS_OUT_OPERATOR_SEL_9:1, RECORDS_OUT_INTERMEDIATE:0, 
2024-04-23T21:16:05,121  INFO [LocalJobRunner Map Task Executor #0] exec.TableScanOperator: Closing Operator: TS[11]
2024-04-23T21:16:05,121  INFO [LocalJobRunner Map Task Executor #0] exec.TableScanOperator: RECORDS_OUT_INTERMEDIATE:0, RECORDS_OUT_OPERATOR_TS_11:2, 
2024-04-23T21:16:05,121  INFO [LocalJobRunner Map Task Executor #0] exec.FilterOperator: Closing Operator: FIL[18]
2024-04-23T21:16:05,121  INFO [LocalJobRunner Map Task Executor #0] exec.FilterOperator: RECORDS_OUT_OPERATOR_FIL_18:0, RECORDS_OUT_INTERMEDIATE:0, 
2024-04-23T21:16:05,121  INFO [LocalJobRunner Map Task Executor #0] exec.SelectOperator: Closing Operator: SEL[13]
2024-04-23T21:16:05,121  INFO [LocalJobRunner Map Task Executor #0] exec.SelectOperator: RECORDS_OUT_INTERMEDIATE:0, RECORDS_OUT_OPERATOR_SEL_13:0, 
2024-04-23T21:16:05,121  INFO [LocalJobRunner Map Task Executor #0] exec.UnionOperator: Closing Operator: UNION[10]
2024-04-23T21:16:05,121  INFO [LocalJobRunner Map Task Executor #0] exec.UnionOperator: RECORDS_OUT_INTERMEDIATE:0, RECORDS_OUT_OPERATOR_UNION_10:1, 
2024-04-23T21:16:05,121  INFO [LocalJobRunner Map Task Executor #0] exec.FileSinkOperator: Closing Operator: FS[15]
2024-04-23T21:16:05,121  INFO [LocalJobRunner Map Task Executor #0] exec.FileSinkOperator: FS[15]: records written - 1
2024-04-23T21:16:05,129  INFO [LocalJobRunner Map Task Executor #0] exec.FileSinkOperator: RECORDS_OUT_INTERMEDIATE:0, TOTAL_TABLE_ROWS_WRITTEN:1, RECORDS_OUT_OPERATOR_FS_15:1, RECORDS_OUT_1_default.t:1, 
2024-04-23T21:16:05,130  INFO [LocalJobRunner Map Task Executor #0] mapred.LocalJobRunner: 
2024-04-23T21:16:05,130  INFO [LocalJobRunner Map Task Executor #0] mapred.Task: Task:attempt_local234245483_0046_m_000001_0 is done. And is in the process of committing
2024-04-23T21:16:05,130  INFO [LocalJobRunner Map Task Executor #0] mapred.LocalJobRunner: OrcSplit [file:/home/alex/Repositories/hive/ql/target/tmp/org.apache.hadoop.hive.ql.TestTxnNoBuckets-1713932056679/warehouse/acidtbl/delta_0000001_0000001_0000/bucket_00000_0, start=3, length=315, isOriginal=false, fileLength=688, hasFooter=false, hasBase=true, deltas=0]
2024-04-23T21:16:05,130  INFO [LocalJobRunner Map Task Executor #0] mapred.Task: Task 'attempt_local234245483_0046_m_000001_0' done.
2024-04-23T21:16:05,131  INFO [LocalJobRunner Map Task Executor #0] mapred.Task: Final Counters for attempt_local234245483_0046_m_000001_0: Counters: 31
	File System Counters
		FILE: Number of bytes read=1040586
		FILE: Number of bytes written=54161543
		FILE: Number of read operations=0
		FILE: Number of large read operations=0
		FILE: Number of write operations=0
	Map-Reduce Framework
		Map input records=2
		Map output records=0
		Input split bytes=497
		Spilled Records=0
		Failed Shuffles=0
		Merged Map outputs=0
		GC time elapsed (ms)=0
		Total committed heap usage (bytes)=1188560896
	HIVE
		CREATED_FILES=1
		DESERIALIZE_ERRORS=0
		RECORDS_IN=2
		RECORDS_OUT_1_default.t=3
		RECORDS_OUT_INTERMEDIATE=0
		RECORDS_OUT_OPERATOR_FIL_17=1
		RECORDS_OUT_OPERATOR_FIL_18=0
		RECORDS_OUT_OPERATOR_FS_15=3
		RECORDS_OUT_OPERATOR_MAP_0=0
		RECORDS_OUT_OPERATOR_SEL_13=0
		RECORDS_OUT_OPERATOR_SEL_9=1
		RECORDS_OUT_OPERATOR_TS_11=2
		RECORDS_OUT_OPERATOR_TS_20=0
		RECORDS_OUT_OPERATOR_TS_7=2
		RECORDS_OUT_OPERATOR_UNION_10=3
		TOTAL_TABLE_ROWS_WRITTEN=3
	File Input Format Counters 
		Bytes Read=10504
	File Output Format Counters 
		Bytes Written=0
2024-04-23T21:16:05,131  INFO [LocalJobRunner Map Task Executor #0] mapred.LocalJobRunner: Finishing task: attempt_local234245483_0046_m_000001_0
2024-04-23T21:16:05,131  INFO [LocalJobRunner Map Task Executor #0] mapred.LocalJobRunner: Starting task: attempt_local234245483_0046_m_000002_0
2024-04-23T21:16:05,131  INFO [LocalJobRunner Map Task Executor #0] mapred.Task:  Using ResourceCalculatorProcessTree : [ ]
2024-04-23T21:16:05,131  INFO [LocalJobRunner Map Task Executor #0] mapred.MapTask: Processing split: org.apache.hadoop.mapred.SequenceFileInputFormat:file:/home/alex/Repositories/hive/ql/target/tmp/localscratchdir/78357cd1-4678-4ed2-8a01-459d6a9a75f4/hive_2024-04-23_21-16-03_212_4448444025047991083-1/-mr-10002/000000_0:0+134
2024-04-23T21:16:05,132  INFO [LocalJobRunner Map Task Executor #0] exec.SerializationUtilities: Deserializing MapWork using kryo
2024-04-23T21:16:05,133  INFO [LocalJobRunner Map Task Executor #0] exec.Utilities: Deserialized plan (via FILE) - name: null size: 7,60KB
2024-04-23T21:16:05,133  INFO [LocalJobRunner Map Task Executor #0] exec.Utilities: schema.evolution.columns and schema.evolution.columns.types not available
2024-04-23T21:16:05,134  INFO [LocalJobRunner Map Task Executor #0] mapred.MapTask: numReduceTasks: 0
2024-04-23T21:16:05,134  INFO [LocalJobRunner Map Task Executor #0] exec.MapOperator: Initializing Operator: MAP[0]
2024-04-23T21:16:05,136  INFO [LocalJobRunner Map Task Executor #0] mr.ExecMapper: 
<MAP>Id =0
  <Children>
    <TS>Id =20
      <Children>
        <UNION>Id =10
          <Children>
            <FS>Id =15
              <Children>
              <\Children>
              <Parent>Id = 10 null<\Parent>
            <\FS>
          <\Children>
          <Parent>Id = 20 nullId = 9 
        <SEL>Id =9
          <Children>null
          <\Children>
          <Parent>Id = 17 
        <FIL>Id =17
          <Children>null
          <\Children>
          <Parent>Id = 7 
        <TS>Id =7
          <Children>null
          <\Children>
          <Parent>Id = 0 null<\Parent>
        <\TS><\Parent>
        <\FIL><\Parent>
        <\SEL>Id = 13 
        <SEL>Id =13
          <Children>null
          <\Children>
          <Parent>Id = 18 
        <FIL>Id =18
          <Children>null
          <\Children>
          <Parent>Id = 11 
        <TS>Id =11
          <Children>null
          <\Children>
          <Parent>Id = 0 null<\Parent>
        <\TS><\Parent>
        <\FIL><\Parent>
        <\SEL><\Parent>
        <\UNION>
      <\Children>
      <Parent>Id = 0 null<\Parent>
    <\TS>nullnull
  <\Children>
  <Parent><\Parent>
<\MAP>
2024-04-23T21:16:05,136  INFO [LocalJobRunner Map Task Executor #0] exec.TableScanOperator: Initializing Operator: TS[20]
2024-04-23T21:16:05,136  INFO [LocalJobRunner Map Task Executor #0] exec.TableScanOperator: Initializing Operator: TS[7]
2024-04-23T21:16:05,136  INFO [LocalJobRunner Map Task Executor #0] exec.FilterOperator: Initializing Operator: FIL[17]
2024-04-23T21:16:05,137  INFO [LocalJobRunner Map Task Executor #0] exec.SelectOperator: Initializing Operator: SEL[9]
2024-04-23T21:16:05,137  INFO [LocalJobRunner Map Task Executor #0] exec.SelectOperator: SELECT struct<a:int,b:int>
2024-04-23T21:16:05,137  INFO [LocalJobRunner Map Task Executor #0] exec.TableScanOperator: Initializing Operator: TS[11]
2024-04-23T21:16:05,137  INFO [LocalJobRunner Map Task Executor #0] exec.FilterOperator: Initializing Operator: FIL[18]
2024-04-23T21:16:05,137  INFO [LocalJobRunner Map Task Executor #0] exec.SelectOperator: Initializing Operator: SEL[13]
2024-04-23T21:16:05,137  INFO [LocalJobRunner Map Task Executor #0] exec.SelectOperator: SELECT struct<a:int,b:int>
2024-04-23T21:16:05,137  INFO [LocalJobRunner Map Task Executor #0] exec.UnionOperator: Initializing Operator: UNION[10]
2024-04-23T21:16:05,137  INFO [LocalJobRunner Map Task Executor #0] exec.UnionOperator: Union Operator needs to transform row from parent[0] from org.apache.hadoop.hive.serde2.lazybinary.objectinspector.LazyBinaryStructObjectInspector<org.apache.hadoop.hive.serde2.objectinspector.primitive.WritableIntObjectInspector@575e862c,org.apache.hadoop.hive.serde2.objectinspector.primitive.WritableIntObjectInspector@575e862c> to org.apache.hadoop.hive.serde2.objectinspector.StandardStructObjectInspector<org.apache.hadoop.hive.serde2.objectinspector.primitive.WritableIntObjectInspector@575e862c,org.apache.hadoop.hive.serde2.objectinspector.primitive.WritableIntObjectInspector@575e862c>
2024-04-23T21:16:05,137  INFO [LocalJobRunner Map Task Executor #0] exec.FileSinkOperator: Initializing Operator: FS[15]
2024-04-23T21:16:05,137  INFO [LocalJobRunner Map Task Executor #0] exec.FileSinkOperator: Using serializer : AbstractSerDe [log=org.apache.logging.slf4j.Log4jLogger@261f1262, configuration=Optional[Configuration: core-default.xml, core-site.xml, mapred-default.xml, mapred-site.xml, yarn-default.xml, yarn-site.xml, hdfs-default.xml, hdfs-site.xml, file:/home/alex/Repositories/hive/ql/target/tmp/TestTxnNoBuckets/mapred/local/localRunner/alex/job_local234245483_0046/job_local234245483_0046.xml], properties={name=default.t, columns.types=int:int, serialization.format=1, columns=a,b, numFilesErasureCoded=0, columns.comments=&amp#0;, bucketing_version=2, serialization.lib=org.apache.hadoop.hive.ql.io.orc.OrcSerde, file.inputformat=org.apache.hadoop.hive.ql.io.orc.OrcInputFormat, file.outputformat=org.apache.hadoop.hive.ql.io.orc.OrcOutputFormat, location=file:/home/alex/Repositories/hive/ql/target/tmp/org.apache.hadoop.hive.ql.TestTxnNoBuckets-1713932056679/warehouse/t, column.name.delimiter=,}, tableProperties={name=default.t, columns.types=int:int, serialization.format=1, columns=a,b, numFilesErasureCoded=0, columns.comments=&amp#0;, bucketing_version=2, serialization.lib=org.apache.hadoop.hive.ql.io.orc.OrcSerde, file.inputformat=org.apache.hadoop.hive.ql.io.orc.OrcInputFormat, location=file:/home/alex/Repositories/hive/ql/target/tmp/org.apache.hadoop.hive.ql.TestTxnNoBuckets-1713932056679/warehouse/t, file.outputformat=org.apache.hadoop.hive.ql.io.orc.OrcOutputFormat, column.name.delimiter=,}, partitionProperties=Optional.empty, columnNames=[a, b], columnTypes=[int, int], getClass()=class org.apache.hadoop.hive.ql.io.orc.OrcSerde] and formatter : org.apache.hadoop.hive.ql.io.orc.OrcOutputFormat@2778c4ff
2024-04-23T21:16:05,138  INFO [LocalJobRunner Map Task Executor #0] exec.FileSinkOperator: Final Path: FS file:/home/alex/Repositories/hive/ql/target/tmp/org.apache.hadoop.hive.ql.TestTxnNoBuckets-1713932056679/warehouse/t/.hive-staging_hive_2024-04-23_21-16-03_212_4448444025047991083-1/_tmp.-ext-10000/000002_0
2024-04-23T21:16:05,138  INFO [LocalJobRunner Map Task Executor #0] exec.FileSinkOperator: Writing to temp file: FS file:/home/alex/Repositories/hive/ql/target/tmp/org.apache.hadoop.hive.ql.TestTxnNoBuckets-1713932056679/warehouse/t/.hive-staging_hive_2024-04-23_21-16-03_212_4448444025047991083-1/_task_tmp.-ext-10000/_tmp.000002_0
2024-04-23T21:16:05,138  INFO [LocalJobRunner Map Task Executor #0] exec.FileSinkOperator: New Final Path: FS file:/home/alex/Repositories/hive/ql/target/tmp/org.apache.hadoop.hive.ql.TestTxnNoBuckets-1713932056679/warehouse/t/.hive-staging_hive_2024-04-23_21-16-03_212_4448444025047991083-1/_tmp.-ext-10000/000002_0
2024-04-23T21:16:05,138  INFO [LocalJobRunner Map Task Executor #0] exec.FileSinkOperator: FS[15]: records written - 1
2024-04-23T21:16:05,138  INFO [LocalJobRunner Map Task Executor #0] impl.PhysicalFsWriter: ORC writer created for path: file:/home/alex/Repositories/hive/ql/target/tmp/org.apache.hadoop.hive.ql.TestTxnNoBuckets-1713932056679/warehouse/t/.hive-staging_hive_2024-04-23_21-16-03_212_4448444025047991083-1/_task_tmp.-ext-10000/_tmp.000002_0 with stripeSize: 67108864 blockSize: 268435456 compression: Compress: ZLIB buffer: 262144
2024-04-23T21:16:05,143  INFO [LocalJobRunner Map Task Executor #0] impl.WriterImpl: ORC writer created for path: file:/home/alex/Repositories/hive/ql/target/tmp/org.apache.hadoop.hive.ql.TestTxnNoBuckets-1713932056679/warehouse/t/.hive-staging_hive_2024-04-23_21-16-03_212_4448444025047991083-1/_task_tmp.-ext-10000/_tmp.000002_0 with stripeSize: 67108864 options: Compress: ZLIB buffer: 262144
2024-04-23T21:16:05,143  INFO [LocalJobRunner Map Task Executor #0] exec.MapOperator: MAP[0]: records read - 1
2024-04-23T21:16:05,144  INFO [LocalJobRunner Map Task Executor #0] exec.MapOperator: Closing Operator: MAP[0]
2024-04-23T21:16:05,144  INFO [LocalJobRunner Map Task Executor #0] exec.MapOperator: MAP[0]: Total records read - 2. abort - false
2024-04-23T21:16:05,144  INFO [LocalJobRunner Map Task Executor #0] exec.MapOperator: RECORDS_OUT_OPERATOR_MAP_0:0, DESERIALIZE_ERRORS:0, RECORDS_OUT_INTERMEDIATE:0, RECORDS_IN:2, 
2024-04-23T21:16:05,144  INFO [LocalJobRunner Map Task Executor #0] exec.TableScanOperator: Closing Operator: TS[20]
2024-04-23T21:16:05,144  INFO [LocalJobRunner Map Task Executor #0] exec.TableScanOperator: RECORDS_OUT_OPERATOR_TS_20:2, RECORDS_OUT_INTERMEDIATE:0, 
2024-04-23T21:16:05,144  INFO [LocalJobRunner Map Task Executor #0] exec.TableScanOperator: Closing Operator: TS[7]
2024-04-23T21:16:05,144  INFO [LocalJobRunner Map Task Executor #0] exec.TableScanOperator: RECORDS_OUT_INTERMEDIATE:0, RECORDS_OUT_OPERATOR_TS_7:0, 
2024-04-23T21:16:05,144  INFO [LocalJobRunner Map Task Executor #0] exec.FilterOperator: Closing Operator: FIL[17]
2024-04-23T21:16:05,144  INFO [LocalJobRunner Map Task Executor #0] exec.FilterOperator: RECORDS_OUT_INTERMEDIATE:0, RECORDS_OUT_OPERATOR_FIL_17:0, 
2024-04-23T21:16:05,144  INFO [LocalJobRunner Map Task Executor #0] exec.SelectOperator: Closing Operator: SEL[9]
2024-04-23T21:16:05,144  INFO [LocalJobRunner Map Task Executor #0] exec.SelectOperator: RECORDS_OUT_OPERATOR_SEL_9:0, RECORDS_OUT_INTERMEDIATE:0, 
2024-04-23T21:16:05,145  INFO [LocalJobRunner Map Task Executor #0] exec.TableScanOperator: Closing Operator: TS[11]
2024-04-23T21:16:05,145  INFO [LocalJobRunner Map Task Executor #0] exec.TableScanOperator: RECORDS_OUT_INTERMEDIATE:0, RECORDS_OUT_OPERATOR_TS_11:0, 
2024-04-23T21:16:05,145  INFO [LocalJobRunner Map Task Executor #0] exec.FilterOperator: Closing Operator: FIL[18]
2024-04-23T21:16:05,145  INFO [LocalJobRunner Map Task Executor #0] exec.FilterOperator: RECORDS_OUT_OPERATOR_FIL_18:0, RECORDS_OUT_INTERMEDIATE:0, 
2024-04-23T21:16:05,145  INFO [LocalJobRunner Map Task Executor #0] exec.SelectOperator: Closing Operator: SEL[13]
2024-04-23T21:16:05,145  INFO [LocalJobRunner Map Task Executor #0] exec.SelectOperator: RECORDS_OUT_INTERMEDIATE:0, RECORDS_OUT_OPERATOR_SEL_13:0, 
2024-04-23T21:16:05,145  INFO [LocalJobRunner Map Task Executor #0] exec.UnionOperator: Closing Operator: UNION[10]
2024-04-23T21:16:05,145  INFO [LocalJobRunner Map Task Executor #0] exec.UnionOperator: RECORDS_OUT_OPERATOR_UNION_10:2, RECORDS_OUT_INTERMEDIATE:0, 
2024-04-23T21:16:05,145  INFO [LocalJobRunner Map Task Executor #0] exec.FileSinkOperator: Closing Operator: FS[15]
2024-04-23T21:16:05,145  INFO [LocalJobRunner Map Task Executor #0] exec.FileSinkOperator: FS[15]: records written - 2
2024-04-23T21:16:05,151  INFO [LocalJobRunner Map Task Executor #0] exec.FileSinkOperator: TOTAL_TABLE_ROWS_WRITTEN:2, RECORDS_OUT_INTERMEDIATE:0, RECORDS_OUT_1_default.t:2, RECORDS_OUT_OPERATOR_FS_15:2, 
2024-04-23T21:16:05,152  INFO [LocalJobRunner Map Task Executor #0] mapred.LocalJobRunner: 
2024-04-23T21:16:05,153  INFO [LocalJobRunner Map Task Executor #0] mapred.Task: Task:attempt_local234245483_0046_m_000002_0 is done. And is in the process of committing
2024-04-23T21:16:05,153  INFO [LocalJobRunner Map Task Executor #0] mapred.LocalJobRunner: file:/home/alex/Repositories/hive/ql/target/tmp/localscratchdir/78357cd1-4678-4ed2-8a01-459d6a9a75f4/hive_2024-04-23_21-16-03_212_4448444025047991083-1/-mr-10002/000000_0:0+134
2024-04-23T21:16:05,153  INFO [LocalJobRunner Map Task Executor #0] mapred.Task: Task 'attempt_local234245483_0046_m_000002_0' done.
2024-04-23T21:16:05,153  INFO [LocalJobRunner Map Task Executor #0] mapred.Task: Final Counters for attempt_local234245483_0046_m_000002_0: Counters: 31
	File System Counters
		FILE: Number of bytes read=1049393
		FILE: Number of bytes written=54161886
		FILE: Number of read operations=0
		FILE: Number of large read operations=0
		FILE: Number of write operations=0
	Map-Reduce Framework
		Map input records=2
		Map output records=0
		Input split bytes=334
		Spilled Records=0
		Failed Shuffles=0
		Merged Map outputs=0
		GC time elapsed (ms)=0
		Total committed heap usage (bytes)=1188560896
	HIVE
		CREATED_FILES=1
		DESERIALIZE_ERRORS=0
		RECORDS_IN=2
		RECORDS_OUT_1_default.t=6
		RECORDS_OUT_INTERMEDIATE=0
		RECORDS_OUT_OPERATOR_FIL_17=0
		RECORDS_OUT_OPERATOR_FIL_18=0
		RECORDS_OUT_OPERATOR_FS_15=6
		RECORDS_OUT_OPERATOR_MAP_0=0
		RECORDS_OUT_OPERATOR_SEL_13=0
		RECORDS_OUT_OPERATOR_SEL_9=0
		RECORDS_OUT_OPERATOR_TS_11=0
		RECORDS_OUT_OPERATOR_TS_20=2
		RECORDS_OUT_OPERATOR_TS_7=0
		RECORDS_OUT_OPERATOR_UNION_10=6
		TOTAL_TABLE_ROWS_WRITTEN=6
	File Input Format Counters 
		Bytes Read=7964
	File Output Format Counters 
		Bytes Written=0
2024-04-23T21:16:05,153  INFO [LocalJobRunner Map Task Executor #0] mapred.LocalJobRunner: Finishing task: attempt_local234245483_0046_m_000002_0
2024-04-23T21:16:05,153  INFO [Thread-3018] mapred.LocalJobRunner: map task executor complete.
2024-04-23 21:16:06,077 Stage-2 map = 100%,  reduce = 0%
2024-04-23T21:16:06,077  INFO [main] exec.Task: 2024-04-23 21:16:06,077 Stage-2 map = 100%,  reduce = 0%
Ended Job = job_local234245483_0046
2024-04-23T21:16:06,078  INFO [main] exec.Task: Ended Job = job_local234245483_0046
2024-04-23T21:16:06,080  INFO [main] ql.Driver: Starting task [Stage-0:MOVE] in serial mode
Loading data to table default.t
2024-04-23T21:16:06,080  INFO [main] exec.Task: Loading data to table default.t from file:/home/alex/Repositories/hive/ql/target/tmp/org.apache.hadoop.hive.ql.TestTxnNoBuckets-1713932056679/warehouse/t/.hive-staging_hive_2024-04-23_21-16-03_212_4448444025047991083-1/-ext-10000
2024-04-23T21:16:06,080  INFO [main] HiveMetaStore.audit: ugi=alex	ip=unknown-ip-addr	cmd=get_table : tbl=hive.default.t	
2024-04-23T21:16:06,089  INFO [main] metastore.HMSHandler: Skipping translation for processor with null
2024-04-23T21:16:06,089  INFO [main] HiveMetaStore.audit: ugi=alex	ip=unknown-ip-addr	cmd=get_table : tbl=hive.default.t	
2024-04-23T21:16:06,098  INFO [main] metastore.HMSHandler: Skipping translation for processor with null
2024-04-23T21:16:06,100  WARN [main] metadata.Hive: Cannot get a table snapshot for t
2024-04-23T21:16:06,100  INFO [main] HiveMetaStore.audit: ugi=alex	ip=unknown-ip-addr	cmd=alter_table: hive.default.t newtbl=t	
2024-04-23T21:16:06,125  INFO [main] ql.Driver: Starting task [Stage-3:STATS] in serial mode
2024-04-23T21:16:06,126  INFO [main] HiveMetaStore.audit: ugi=alex	ip=unknown-ip-addr	cmd=get_table : tbl=hive.default.t	
2024-04-23T21:16:06,134  INFO [main] metastore.HMSHandler: Skipping translation for processor with null
2024-04-23T21:16:06,134  INFO [main] stats.BasicStatsTask: Executing stats task
2024-04-23T21:16:06,134  INFO [main] fs.FSStatsPublisher: created : file:/home/alex/Repositories/hive/ql/target/tmp/localscratchdir/78357cd1-4678-4ed2-8a01-459d6a9a75f4/hive_2024-04-23_21-16-03_212_4448444025047991083-1/-mr-10001
2024-04-23T21:16:06,136  INFO [main] HiveMetaStore.audit: ugi=alex	ip=unknown-ip-addr	cmd=get_table : tbl=hive.default.t	
2024-04-23T21:16:06,144  INFO [main] metastore.HMSHandler: Skipping translation for processor with null
2024-04-23T21:16:06,145  INFO [main] FileOperations: Read stats for default.t/, numRows, true, 5, false: 
2024-04-23T21:16:06,145  INFO [main] FileOperations: Read stats for default.t/, rawDataSize, true, 40, false: 
2024-04-23T21:16:06,145  WARN [main] metadata.Hive: Cannot get a table snapshot for t
2024-04-23T21:16:06,146  INFO [main] HiveMetaStore.audit: ugi=alex	ip=unknown-ip-addr	cmd=alter_table: hive.default.t newtbl=t	
2024-04-23T21:16:06,170  INFO [main] stats.BasicStatsTask: Table default.t stats: [numFiles=3, numRows=5, totalSize=764, rawDataSize=40, numFilesErasureCoded=0]
2024-04-23T21:16:06,171  INFO [main] metadata.Hive: Dumping metastore api call timing information for : execution phase
2024-04-23T21:16:06,171  INFO [main] metadata.Hive: Total time spent in each metastore function (ms): {isCompatibleWith_(Configuration)=0, getTable_(GetTableRequest)=34, alter_table_(String, String, String, Table, EnvironmentContext, String)=50}
MapReduce Jobs Launched: 
2024-04-23T21:16:06,171  INFO [main] ql.Driver: MapReduce Jobs Launched: 
Stage-Stage-1:  HDFS Read: 0 HDFS Write: 0 SUCCESS
2024-04-23T21:16:06,171  INFO [main] ql.Driver: Stage-Stage-1:  HDFS Read: 0 HDFS Write: 0 SUCCESS
Stage-Stage-2:  HDFS Read: 0 HDFS Write: 0 SUCCESS
2024-04-23T21:16:06,171  INFO [main] ql.Driver: Stage-Stage-2:  HDFS Read: 0 HDFS Write: 0 SUCCESS
Total MapReduce CPU Time Spent: 0 msec
2024-04-23T21:16:06,171  INFO [main] ql.Driver: Total MapReduce CPU Time Spent: 0 msec
2024-04-23T21:16:06,171  INFO [main] ql.Driver: Completed executing command(queryId=alex_20240423211601_e1d0bd9b-4ccd-46a2-8720-8725741aa2a1); Time taken: 2.659 seconds
2024-04-23T21:16:06,171  INFO [main] lockmgr.DbTxnManager: Stopped heartbeat for query: alex_20240423211601_e1d0bd9b-4ccd-46a2-8720-8725741aa2a1
2024-04-23T21:16:06,175  INFO [main] txn.TxnHandler: Expected to move at least one record from txn_components to completed_txn_components when committing txn! txnid:16
2024-04-23T21:16:06,180  INFO [main] txn.TxnHandler: Removed transactions: ([16]) from MIN_HISTORY_LEVEL
2024-04-23T21:16:06,180  WARN [main] txn.CompactionTxnHandler: No compaction queue record found for Compaction type transaction commit. txnId:16
2024-04-23T21:16:06,180  INFO [main] ql.TxnCommandsBaseForTests: Running the query: insert into T values(12,12)
2024-04-23T21:16:06,181  INFO [main] ql.Context: Deleting scratch dir: file:/home/alex/Repositories/hive/ql/target/tmp/localscratchdir/78357cd1-4678-4ed2-8a01-459d6a9a75f4/hive_2024-04-23_21-16-03_212_4448444025047991083-1
2024-04-23T21:16:06,182  INFO [main] cleanup.SyncCleanupService: Deleted directory: file:/home/alex/Repositories/hive/ql/target/tmp/localscratchdir/78357cd1-4678-4ed2-8a01-459d6a9a75f4/hive_2024-04-23_21-16-03_212_4448444025047991083-1 on fs with scheme file
2024-04-23T21:16:06,182  INFO [main] ql.Context: Deleting scratch dir: file:/home/alex/Repositories/hive/ql/target/tmp/org.apache.hadoop.hive.ql.TestTxnNoBuckets-1713932056679/warehouse/t/.hive-staging_hive_2024-04-23_21-16-03_212_4448444025047991083-1
2024-04-23T21:16:06,182  INFO [main] cleanup.SyncCleanupService: Deleted directory: file:/home/alex/Repositories/hive/ql/target/tmp/org.apache.hadoop.hive.ql.TestTxnNoBuckets-1713932056679/warehouse/t/.hive-staging_hive_2024-04-23_21-16-03_212_4448444025047991083-1 on fs with scheme file
2024-04-23T21:16:06,182  INFO [main] ql.Driver: Compiling command(queryId=alex_20240423211601_e1d0bd9b-4ccd-46a2-8720-8725741aa2a1): insert into T values(12,12)
2024-04-23T21:16:06,184  INFO [main] txn.TxnHandler: Added entries to MIN_HISTORY_LEVEL for current txns: ([17]) with min_open_txn: 17
2024-04-23T21:16:06,185  INFO [main] lockmgr.DbTxnManager: Opened txnid:17
2024-04-23T21:16:06,185  INFO [main] parse.CalcitePlanner: Starting caching scope for: alex_20240423211601_e1d0bd9b-4ccd-46a2-8720-8725741aa2a1
2024-04-23T21:16:06,185  INFO [main] parse.CalcitePlanner: Starting Semantic Analysis
2024-04-23T21:16:06,189  INFO [main] HiveMetaStore.audit: ugi=alex	ip=unknown-ip-addr	cmd=get_table : tbl=hive.default.T	
2024-04-23T21:16:06,199  INFO [main] metastore.HMSHandler: Skipping translation for processor with null
2024-04-23T21:16:06,199  INFO [main] parse.CalcitePlanner: Completed phase 1 of Semantic Analysis
2024-04-23T21:16:06,199  INFO [main] parse.CalcitePlanner: Get metadata for source tables
2024-04-23T21:16:06,199  INFO [main] parse.CalcitePlanner: Get metadata for subqueries
2024-04-23T21:16:06,199  INFO [main] parse.CalcitePlanner: Get metadata for destination tables
2024-04-23T21:16:06,199  INFO [main] HiveMetaStore.audit: ugi=alex	ip=unknown-ip-addr	cmd=get_table : tbl=hive.default.T	
2024-04-23T21:16:06,208  INFO [main] metastore.HMSHandler: Skipping translation for processor with null
2024-04-23T21:16:06,208  INFO [main] parse.CalcitePlanner: Completed getting MetaData in Semantic Analysis
2024-04-23T21:16:06,208  INFO [main] parse.CalcitePlanner: Disabling LLAP IO encode as ETL query is detected
2024-04-23T21:16:06,229  INFO [main] HiveMetaStore.audit: ugi=alex	ip=unknown-ip-addr	cmd=get_all_table_constraints : tbl=hive._dummy_database._dummy_table	
2024-04-23T21:16:06,278  INFO [main] parse.CalcitePlanner: Get metadata for source tables
2024-04-23T21:16:06,278  INFO [main] parse.CalcitePlanner: Get metadata for subqueries
2024-04-23T21:16:06,278  INFO [main] parse.CalcitePlanner: Get metadata for source tables
2024-04-23T21:16:06,279  INFO [main] HiveMetaStore.audit: ugi=alex	ip=unknown-ip-addr	cmd=get_table : tbl=hive._dummy_database._dummy_table	
2024-04-23T21:16:06,281  INFO [main] parse.CalcitePlanner: Get metadata for subqueries
2024-04-23T21:16:06,281  INFO [main] parse.CalcitePlanner: Get metadata for destination tables
2024-04-23T21:16:06,281  INFO [main] parse.CalcitePlanner: Get metadata for destination tables
2024-04-23T21:16:06,283  INFO [main] common.FileUtils: Creating directory if it doesn't exist: file:/home/alex/Repositories/hive/ql/target/tmp/org.apache.hadoop.hive.ql.TestTxnNoBuckets-1713932056679/warehouse/t/.hive-staging_hive_2024-04-23_21-16-06_182_1506706787073472901-1
2024-04-23T21:16:06,286  INFO [main] HiveMetaStore.audit: ugi=alex	ip=unknown-ip-addr	cmd=get_not_null_constraints : tbl=hive.default.t	
2024-04-23T21:16:06,288  INFO [main] HiveMetaStore.audit: ugi=alex	ip=unknown-ip-addr	cmd=get_check_constraints : tbl=hive.default.t	
2024-04-23T21:16:06,289  INFO [main] parse.CalcitePlanner: CBO Succeeded; optimized logical plan.
2024-04-23T21:16:06,292  INFO [main] optimizer.BucketVersionPopulator: not considering bucketingVersion for: TS[0] because it has -1<2 buckets 
2024-04-23T21:16:06,292  INFO [main] optimizer.SortedDynPartitionOptimizer: Sorted dynamic partitioning optimization kicked in..
2024-04-23T21:16:06,300  INFO [main] HiveMetaStore.audit: ugi=alex	ip=unknown-ip-addr	cmd=get_table : tbl=hive.default.t	
2024-04-23T21:16:06,310  INFO [main] metastore.HMSHandler: Skipping translation for processor with null
2024-04-23T21:16:06,311  INFO [main] parse.CalcitePlanner: Completed plan generation
2024-04-23T21:16:06,311  INFO [main] parse.CalcitePlanner: Ending caching scope for: alex_20240423211601_e1d0bd9b-4ccd-46a2-8720-8725741aa2a1
2024-04-23T21:16:06,311  INFO [main] ql.Driver: Semantic Analysis Completed (retrial = false)
2024-04-23T21:16:06,311  INFO [main] ql.Driver: Created Hive schema: Schema(fieldSchemas:[FieldSchema(name:col1, type:int, comment:null), FieldSchema(name:col2, type:int, comment:null)], properties:null)
2024-04-23T21:16:06,312  INFO [main] metadata.Hive: Dumping metastore api call timing information for : compilation phase
2024-04-23T21:16:06,312  INFO [main] metadata.Hive: Total time spent in each metastore function (ms): {isCompatibleWith_(Configuration)=1, openTxn_(String, TxnType)=2, getAllTableConstraints_(AllTableConstraintsRequest)=5, commitTxn_(CommitTxnRequest)=9, getTable_(GetTableRequest)=30, getValidTxns_(long)=0, getValidWriteIds_(List, String)=4, getCheckConstraints_(CheckConstraintsRequest)=1, getNotNullConstraints_(NotNullConstraintsRequest)=2, flushCache_()=0}
2024-04-23T21:16:06,312  INFO [main] ql.Driver: Completed compiling command(queryId=alex_20240423211601_e1d0bd9b-4ccd-46a2-8720-8725741aa2a1); Time taken: 0.129 seconds
2024-04-23T21:16:06,312  INFO [main] lockmgr.DbTxnManager: Setting lock request transaction to txnid:17 for queryId=alex_20240423211601_e1d0bd9b-4ccd-46a2-8720-8725741aa2a1
2024-04-23T21:16:06,312  INFO [main] lockmgr.DbLockManager: Requesting lock for queryId=alex_20240423211601_e1d0bd9b-4ccd-46a2-8720-8725741aa2a1
2024-04-23T21:16:06,326  INFO [main] lockmgr.DbLockManager: Response to queryId=alex_20240423211601_e1d0bd9b-4ccd-46a2-8720-8725741aa2a1 LockResponse(lockid:11, state:ACQUIRED)
2024-04-23T21:16:06,326  INFO [main] ql.Driver: Operation QUERY obtained 1 locks
2024-04-23T21:16:06,326  INFO [main] ql.Driver: Executing command(queryId=alex_20240423211601_e1d0bd9b-4ccd-46a2-8720-8725741aa2a1): insert into T values(12,12)
2024-04-23T21:16:06,326  WARN [main] ql.Driver: Hive-on-MR is deprecated in Hive 2 and may not be available in the future versions. Consider using a different execution engine (i.e. spark, tez) or using Hive 1.X releases.
Query ID = alex_20240423211601_e1d0bd9b-4ccd-46a2-8720-8725741aa2a1
2024-04-23T21:16:06,327  INFO [main] ql.Driver: Query ID = alex_20240423211601_e1d0bd9b-4ccd-46a2-8720-8725741aa2a1
Total jobs = 1
2024-04-23T21:16:06,327  INFO [main] ql.Driver: Total jobs = 1
Launching Job 1 out of 1
2024-04-23T21:16:06,327  INFO [main] ql.Driver: Launching Job 1 out of 1
2024-04-23T21:16:06,501  INFO [main] ql.Driver: Starting task [Stage-1:MAPRED] in serial mode
Number of reduce tasks is set to 0 since there's no reduce operator
2024-04-23T21:16:06,501  INFO [main] exec.Task: Number of reduce tasks is set to 0 since there's no reduce operator
2024-04-23T21:16:06,503  INFO [main] mr.ExecDriver: Using org.apache.hadoop.hive.ql.io.HiveInputFormat
2024-04-23T21:16:06,503  INFO [main] exec.Utilities: Processing alias $hdt$_0:_dummy_table
2024-04-23T21:16:06,504  INFO [main] exec.Utilities: Adding 1 inputs; the first input is file:/home/alex/Repositories/hive/ql/target/tmp/localscratchdir/78357cd1-4678-4ed2-8a01-459d6a9a75f4/hive_2024-04-23_21-16-06_182_1506706787073472901-1/dummy_path
2024-04-23T21:16:06,513  INFO [main] exec.SerializationUtilities: Serializing MapWork using kryo
2024-04-23T21:16:06,514  INFO [main] exec.Utilities: Serialized plan (via FILE) - name: null size: 5,71KB
2024-04-23T21:16:06,515  WARN [main] impl.MetricsSystemImpl: JobTracker metrics system already initialized!
2024-04-23T21:16:06,519  INFO [main] fs.FSStatsPublisher: created : file:/home/alex/Repositories/hive/ql/target/tmp/localscratchdir/78357cd1-4678-4ed2-8a01-459d6a9a75f4/hive_2024-04-23_21-16-06_182_1506706787073472901-1/-mr-10001
2024-04-23T21:16:06,523  WARN [main] impl.MetricsSystemImpl: JobTracker metrics system already initialized!
2024-04-23T21:16:06,530  WARN [main] mapreduce.JobResourceUploader: Hadoop command-line option parsing not performed. Implement the Tool interface and execute your application with ToolRunner to remedy this.
2024-04-23T21:16:06,535  WARN [main] mapreduce.JobResourceUploader: No job jar file set.  User classes may not be found. See Job or Job#setJar(String).
2024-04-23T21:16:06,536  INFO [main] io.HiveInputFormat: hive.io.file.readcolumn.ids = 
2024-04-23T21:16:06,536  INFO [main] io.HiveInputFormat: hive.io.file.readcolumn.names = 
2024-04-23T21:16:06,536  INFO [main] io.HiveInputFormat: Generating splits for dirs: file:/home/alex/Repositories/hive/ql/target/tmp/localscratchdir/78357cd1-4678-4ed2-8a01-459d6a9a75f4/hive_2024-04-23_21-16-06_182_1506706787073472901-1/dummy_path
2024-04-23T21:16:06,536  INFO [main] io.HiveInputFormat: number of splits 1
2024-04-23T21:16:06,554  INFO [main] mapreduce.JobSubmitter: number of splits:1
2024-04-23T21:16:06,574  INFO [main] mapreduce.JobSubmitter: Submitting tokens for job: job_local66584070_0047
2024-04-23T21:16:06,574  INFO [main] mapreduce.JobSubmitter: Executing with tokens: []
2024-04-23T21:16:06,635  INFO [main] mapreduce.Job: The url to track the job: http://localhost:8080/
Job running in-process (local Hadoop)
2024-04-23T21:16:06,635  INFO [main] exec.Task: Job running in-process (local Hadoop)
2024-04-23T21:16:06,636  INFO [Thread-3066] mapred.LocalJobRunner: OutputCommitter set in config org.apache.hadoop.hive.ql.io.HiveFileFormatUtils$NullOutputCommitter
2024-04-23T21:16:06,636  INFO [Thread-3066] mapred.LocalJobRunner: OutputCommitter is org.apache.hadoop.hive.ql.io.HiveFileFormatUtils$NullOutputCommitter
2024-04-23T21:16:06,637  INFO [Thread-3066] mapred.LocalJobRunner: Waiting for map tasks
2024-04-23T21:16:06,637  INFO [LocalJobRunner Map Task Executor #0] mapred.LocalJobRunner: Starting task: attempt_local66584070_0047_m_000000_0
2024-04-23T21:16:06,638  INFO [LocalJobRunner Map Task Executor #0] mapred.Task:  Using ResourceCalculatorProcessTree : [ ]
2024-04-23T21:16:06,638  INFO [LocalJobRunner Map Task Executor #0] mapred.MapTask: Processing split: org.apache.hadoop.hive.ql.io.NullRowsInputFormat:file:/home/alex/Repositories/hive/ql/target/tmp/localscratchdir/78357cd1-4678-4ed2-8a01-459d6a9a75f4/hive_2024-04-23_21-16-06_182_1506706787073472901-1/dummy_path/null:0+1
2024-04-23T21:16:06,639  INFO [LocalJobRunner Map Task Executor #0] exec.SerializationUtilities: Deserializing MapWork using kryo
2024-04-23T21:16:06,640  INFO [LocalJobRunner Map Task Executor #0] exec.Utilities: Deserialized plan (via FILE) - name: null size: 5,71KB
2024-04-23T21:16:06,640  INFO [LocalJobRunner Map Task Executor #0] mapred.MapTask: numReduceTasks: 0
2024-04-23T21:16:06,640  INFO [LocalJobRunner Map Task Executor #0] exec.MapOperator: Initializing Operator: MAP[0]
2024-04-23T21:16:06,641  INFO [LocalJobRunner Map Task Executor #0] mr.ExecMapper: 
<MAP>Id =0
  <Children>null
  <\Children>
  <Parent><\Parent>
<\MAP>
2024-04-23T21:16:06,642  INFO [LocalJobRunner Map Task Executor #0] exec.TableScanOperator: Initializing Operator: TS[0]
2024-04-23T21:16:06,642  INFO [LocalJobRunner Map Task Executor #0] exec.SelectOperator: Initializing Operator: SEL[1]
2024-04-23T21:16:06,642  INFO [LocalJobRunner Map Task Executor #0] exec.SelectOperator: SELECT null
2024-04-23T21:16:06,642  INFO [LocalJobRunner Map Task Executor #0] exec.UDTFOperator: Initializing Operator: UDTF[2]
2024-04-23T21:16:06,642  INFO [LocalJobRunner Map Task Executor #0] exec.SelectOperator: Initializing Operator: SEL[3]
2024-04-23T21:16:06,642  INFO [LocalJobRunner Map Task Executor #0] exec.SelectOperator: SELECT struct<col1:int,col2:int>
2024-04-23T21:16:06,642  INFO [LocalJobRunner Map Task Executor #0] exec.FileSinkOperator: Initializing Operator: FS[4]
2024-04-23T21:16:06,643  INFO [LocalJobRunner Map Task Executor #0] exec.FileSinkOperator: Using serializer : AbstractSerDe [log=org.apache.logging.slf4j.Log4jLogger@261f1262, configuration=Optional[Configuration: core-default.xml, core-site.xml, mapred-default.xml, mapred-site.xml, yarn-default.xml, yarn-site.xml, hdfs-default.xml, hdfs-site.xml, file:/home/alex/Repositories/hive/ql/target/tmp/TestTxnNoBuckets/mapred/local/localRunner/alex/job_local66584070_0047/job_local66584070_0047.xml], properties={name=default.t, columns.types=int:int, serialization.format=1, columns=a,b, numFilesErasureCoded=0, columns.comments=&amp#0;, bucketing_version=2, serialization.lib=org.apache.hadoop.hive.ql.io.orc.OrcSerde, file.inputformat=org.apache.hadoop.hive.ql.io.orc.OrcInputFormat, file.outputformat=org.apache.hadoop.hive.ql.io.orc.OrcOutputFormat, location=file:/home/alex/Repositories/hive/ql/target/tmp/org.apache.hadoop.hive.ql.TestTxnNoBuckets-1713932056679/warehouse/t, column.name.delimiter=,}, tableProperties={name=default.t, columns.types=int:int, serialization.format=1, columns=a,b, numFilesErasureCoded=0, columns.comments=&amp#0;, bucketing_version=2, serialization.lib=org.apache.hadoop.hive.ql.io.orc.OrcSerde, file.inputformat=org.apache.hadoop.hive.ql.io.orc.OrcInputFormat, location=file:/home/alex/Repositories/hive/ql/target/tmp/org.apache.hadoop.hive.ql.TestTxnNoBuckets-1713932056679/warehouse/t, file.outputformat=org.apache.hadoop.hive.ql.io.orc.OrcOutputFormat, column.name.delimiter=,}, partitionProperties=Optional.empty, columnNames=[a, b], columnTypes=[int, int], getClass()=class org.apache.hadoop.hive.ql.io.orc.OrcSerde] and formatter : org.apache.hadoop.hive.ql.io.orc.OrcOutputFormat@63fe3218
2024-04-23T21:16:06,643  INFO [LocalJobRunner Map Task Executor #0] exec.FileSinkOperator: Final Path: FS file:/home/alex/Repositories/hive/ql/target/tmp/org.apache.hadoop.hive.ql.TestTxnNoBuckets-1713932056679/warehouse/t/.hive-staging_hive_2024-04-23_21-16-06_182_1506706787073472901-1/_tmp.-ext-10000/000000_0
2024-04-23T21:16:06,643  INFO [LocalJobRunner Map Task Executor #0] exec.FileSinkOperator: Writing to temp file: FS file:/home/alex/Repositories/hive/ql/target/tmp/org.apache.hadoop.hive.ql.TestTxnNoBuckets-1713932056679/warehouse/t/.hive-staging_hive_2024-04-23_21-16-06_182_1506706787073472901-1/_task_tmp.-ext-10000/_tmp.000000_0
2024-04-23T21:16:06,643  INFO [LocalJobRunner Map Task Executor #0] exec.FileSinkOperator: New Final Path: FS file:/home/alex/Repositories/hive/ql/target/tmp/org.apache.hadoop.hive.ql.TestTxnNoBuckets-1713932056679/warehouse/t/.hive-staging_hive_2024-04-23_21-16-06_182_1506706787073472901-1/_tmp.-ext-10000/000000_0
2024-04-23T21:16:06,643  INFO [LocalJobRunner Map Task Executor #0] exec.FileSinkOperator: FS[4]: records written - 1
2024-04-23T21:16:06,644  INFO [LocalJobRunner Map Task Executor #0] impl.PhysicalFsWriter: ORC writer created for path: file:/home/alex/Repositories/hive/ql/target/tmp/org.apache.hadoop.hive.ql.TestTxnNoBuckets-1713932056679/warehouse/t/.hive-staging_hive_2024-04-23_21-16-06_182_1506706787073472901-1/_task_tmp.-ext-10000/_tmp.000000_0 with stripeSize: 67108864 blockSize: 268435456 compression: Compress: ZLIB buffer: 262144
2024-04-23T21:16:06,651  INFO [LocalJobRunner Map Task Executor #0] impl.WriterImpl: ORC writer created for path: file:/home/alex/Repositories/hive/ql/target/tmp/org.apache.hadoop.hive.ql.TestTxnNoBuckets-1713932056679/warehouse/t/.hive-staging_hive_2024-04-23_21-16-06_182_1506706787073472901-1/_task_tmp.-ext-10000/_tmp.000000_0 with stripeSize: 67108864 options: Compress: ZLIB buffer: 262144
2024-04-23T21:16:06,651  INFO [LocalJobRunner Map Task Executor #0] exec.MapOperator: MAP[0]: records read - 1
2024-04-23T21:16:06,651  INFO [LocalJobRunner Map Task Executor #0] exec.MapOperator: Closing Operator: MAP[0]
2024-04-23T21:16:06,651  INFO [LocalJobRunner Map Task Executor #0] exec.MapOperator: MAP[0]: Total records read - 3. abort - false
2024-04-23T21:16:06,651  INFO [LocalJobRunner Map Task Executor #0] exec.MapOperator: RECORDS_OUT_OPERATOR_MAP_0:0, RECORDS_OUT_INTERMEDIATE:0, DESERIALIZE_ERRORS:0, RECORDS_IN:3, 
2024-04-23T21:16:06,651  INFO [LocalJobRunner Map Task Executor #0] exec.TableScanOperator: Closing Operator: TS[0]
2024-04-23T21:16:06,651  INFO [LocalJobRunner Map Task Executor #0] exec.TableScanOperator: RECORDS_OUT_INTERMEDIATE:0, RECORDS_OUT_OPERATOR_TS_0:1, 
2024-04-23T21:16:06,651  INFO [LocalJobRunner Map Task Executor #0] exec.SelectOperator: Closing Operator: SEL[1]
2024-04-23T21:16:06,651  INFO [LocalJobRunner Map Task Executor #0] exec.SelectOperator: RECORDS_OUT_INTERMEDIATE:0, RECORDS_OUT_OPERATOR_SEL_1:1, 
2024-04-23T21:16:06,651  INFO [LocalJobRunner Map Task Executor #0] exec.UDTFOperator: Closing Operator: UDTF[2]
2024-04-23T21:16:06,651  INFO [LocalJobRunner Map Task Executor #0] exec.UDTFOperator: RECORDS_OUT_OPERATOR_UDTF_2:1, RECORDS_OUT_INTERMEDIATE:0, 
2024-04-23T21:16:06,652  INFO [LocalJobRunner Map Task Executor #0] exec.SelectOperator: Closing Operator: SEL[3]
2024-04-23T21:16:06,652  INFO [LocalJobRunner Map Task Executor #0] exec.SelectOperator: RECORDS_OUT_OPERATOR_SEL_3:1, RECORDS_OUT_INTERMEDIATE:0, 
2024-04-23T21:16:06,652  INFO [LocalJobRunner Map Task Executor #0] exec.FileSinkOperator: Closing Operator: FS[4]
2024-04-23T21:16:06,652  INFO [LocalJobRunner Map Task Executor #0] exec.FileSinkOperator: FS[4]: records written - 1
2024-04-23T21:16:06,658  INFO [LocalJobRunner Map Task Executor #0] exec.FileSinkOperator: RECORDS_OUT_INTERMEDIATE:0, RECORDS_OUT_1_default.t:1, RECORDS_OUT_OPERATOR_FS_4:1, TOTAL_TABLE_ROWS_WRITTEN:1, 
2024-04-23T21:16:06,659  INFO [LocalJobRunner Map Task Executor #0] mapred.LocalJobRunner: 
2024-04-23T21:16:06,659  INFO [LocalJobRunner Map Task Executor #0] mapred.Task: Task:attempt_local66584070_0047_m_000000_0 is done. And is in the process of committing
2024-04-23T21:16:06,660  INFO [LocalJobRunner Map Task Executor #0] mapred.LocalJobRunner: map
2024-04-23T21:16:06,660  INFO [LocalJobRunner Map Task Executor #0] mapred.Task: Task 'attempt_local66584070_0047_m_000000_0' done.
2024-04-23T21:16:06,660  INFO [LocalJobRunner Map Task Executor #0] mapred.Task: Final Counters for attempt_local66584070_0047_m_000000_0: Counters: 27
	File System Counters
		FILE: Number of bytes read=1055811
		FILE: Number of bytes written=55328934
		FILE: Number of read operations=0
		FILE: Number of large read operations=0
		FILE: Number of write operations=0
	Map-Reduce Framework
		Map input records=4
		Map output records=0
		Input split bytes=361
		Spilled Records=0
		Failed Shuffles=0
		Merged Map outputs=0
		GC time elapsed (ms)=0
		Total committed heap usage (bytes)=1188560896
	HIVE
		CREATED_FILES=1
		DESERIALIZE_ERRORS=0
		RECORDS_IN=3
		RECORDS_OUT_1_default.t=1
		RECORDS_OUT_INTERMEDIATE=0
		RECORDS_OUT_OPERATOR_FS_4=1
		RECORDS_OUT_OPERATOR_MAP_0=0
		RECORDS_OUT_OPERATOR_SEL_1=1
		RECORDS_OUT_OPERATOR_SEL_3=1
		RECORDS_OUT_OPERATOR_TS_0=1
		RECORDS_OUT_OPERATOR_UDTF_2=1
		TOTAL_TABLE_ROWS_WRITTEN=1
	File Input Format Counters 
		Bytes Read=5770
	File Output Format Counters 
		Bytes Written=0
2024-04-23T21:16:06,660  INFO [LocalJobRunner Map Task Executor #0] mapred.LocalJobRunner: Finishing task: attempt_local66584070_0047_m_000000_0
2024-04-23T21:16:06,660  INFO [Thread-3066] mapred.LocalJobRunner: map task executor complete.
2024-04-23 21:16:07,637 Stage-1 map = 100%,  reduce = 0%
2024-04-23T21:16:07,637  INFO [main] exec.Task: 2024-04-23 21:16:07,637 Stage-1 map = 100%,  reduce = 0%
Ended Job = job_local66584070_0047
2024-04-23T21:16:07,638  INFO [main] exec.Task: Ended Job = job_local66584070_0047
2024-04-23T21:16:07,642  INFO [main] ql.Driver: Starting task [Stage-0:MOVE] in serial mode
Loading data to table default.t
2024-04-23T21:16:07,642  INFO [main] exec.Task: Loading data to table default.t from file:/home/alex/Repositories/hive/ql/target/tmp/org.apache.hadoop.hive.ql.TestTxnNoBuckets-1713932056679/warehouse/t/.hive-staging_hive_2024-04-23_21-16-06_182_1506706787073472901-1/-ext-10000
2024-04-23T21:16:07,642  INFO [main] HiveMetaStore.audit: ugi=alex	ip=unknown-ip-addr	cmd=get_table : tbl=hive.default.t	
2024-04-23T21:16:07,650  INFO [main] metastore.HMSHandler: Skipping translation for processor with null
2024-04-23T21:16:07,650  INFO [main] HiveMetaStore.audit: ugi=alex	ip=unknown-ip-addr	cmd=get_table : tbl=hive.default.t	
2024-04-23T21:16:07,659  INFO [main] metastore.HMSHandler: Skipping translation for processor with null
2024-04-23T21:16:07,661  WARN [main] metadata.Hive: Cannot get a table snapshot for t
2024-04-23T21:16:07,661  INFO [main] HiveMetaStore.audit: ugi=alex	ip=unknown-ip-addr	cmd=alter_table: hive.default.t newtbl=t	
2024-04-23T21:16:07,682  INFO [main] ql.Driver: Starting task [Stage-2:STATS] in serial mode
2024-04-23T21:16:07,682  INFO [main] HiveMetaStore.audit: ugi=alex	ip=unknown-ip-addr	cmd=get_table : tbl=hive.default.t	
2024-04-23T21:16:07,692  INFO [main] metastore.HMSHandler: Skipping translation for processor with null
2024-04-23T21:16:07,692  INFO [main] stats.BasicStatsTask: Executing stats task
2024-04-23T21:16:07,692  INFO [main] fs.FSStatsPublisher: created : file:/home/alex/Repositories/hive/ql/target/tmp/localscratchdir/78357cd1-4678-4ed2-8a01-459d6a9a75f4/hive_2024-04-23_21-16-06_182_1506706787073472901-1/-mr-10001
2024-04-23T21:16:07,693  INFO [main] HiveMetaStore.audit: ugi=alex	ip=unknown-ip-addr	cmd=get_table : tbl=hive.default.t	
2024-04-23T21:16:07,702  INFO [main] metastore.HMSHandler: Skipping translation for processor with null
2024-04-23T21:16:07,702  INFO [main] FileOperations: Read stats for default.t/, numRows, true, 1, false: 
2024-04-23T21:16:07,703  INFO [main] FileOperations: Read stats for default.t/, rawDataSize, true, 8, false: 
2024-04-23T21:16:07,703  WARN [main] metadata.Hive: Cannot get a table snapshot for t
2024-04-23T21:16:07,703  INFO [main] HiveMetaStore.audit: ugi=alex	ip=unknown-ip-addr	cmd=alter_table: hive.default.t newtbl=t	
2024-04-23T21:16:07,727  INFO [main] stats.BasicStatsTask: Table default.t stats: [numFiles=4, numRows=6, totalSize=1005, rawDataSize=48, numFilesErasureCoded=0]
2024-04-23T21:16:07,728  INFO [main] metadata.Hive: Dumping metastore api call timing information for : execution phase
2024-04-23T21:16:07,728  INFO [main] metadata.Hive: Total time spent in each metastore function (ms): {alter_table_(String, String, String, Table, EnvironmentContext, String)=45, getTable_(GetTableRequest)=36, isCompatibleWith_(Configuration)=0}
MapReduce Jobs Launched: 
2024-04-23T21:16:07,728  INFO [main] ql.Driver: MapReduce Jobs Launched: 
Stage-Stage-1:  HDFS Read: 0 HDFS Write: 0 SUCCESS
2024-04-23T21:16:07,728  INFO [main] ql.Driver: Stage-Stage-1:  HDFS Read: 0 HDFS Write: 0 SUCCESS
Total MapReduce CPU Time Spent: 0 msec
2024-04-23T21:16:07,728  INFO [main] ql.Driver: Total MapReduce CPU Time Spent: 0 msec
2024-04-23T21:16:07,728  INFO [main] ql.Driver: Completed executing command(queryId=alex_20240423211601_e1d0bd9b-4ccd-46a2-8720-8725741aa2a1); Time taken: 1.402 seconds
2024-04-23T21:16:07,728  INFO [main] lockmgr.DbTxnManager: Stopped heartbeat for query: alex_20240423211601_e1d0bd9b-4ccd-46a2-8720-8725741aa2a1
2024-04-23T21:16:07,732  INFO [main] txn.TxnHandler: Expected to move at least one record from txn_components to completed_txn_components when committing txn! txnid:17
2024-04-23T21:16:07,738  INFO [main] txn.TxnHandler: Removed transactions: ([17]) from MIN_HISTORY_LEVEL
2024-04-23T21:16:07,738  WARN [main] txn.CompactionTxnHandler: No compaction queue record found for Compaction type transaction commit. txnId:17
2024-04-23T21:16:07,739  INFO [main] ql.TxnCommandsBaseForTests: Running the query: select a, b, INPUT__FILE__NAME from T order by a, b, INPUT__FILE__NAME
2024-04-23T21:16:07,739  INFO [main] ql.Context: Deleting scratch dir: file:/home/alex/Repositories/hive/ql/target/tmp/localscratchdir/78357cd1-4678-4ed2-8a01-459d6a9a75f4/hive_2024-04-23_21-16-06_182_1506706787073472901-1
2024-04-23T21:16:07,740  INFO [main] cleanup.SyncCleanupService: Deleted directory: file:/home/alex/Repositories/hive/ql/target/tmp/localscratchdir/78357cd1-4678-4ed2-8a01-459d6a9a75f4/hive_2024-04-23_21-16-06_182_1506706787073472901-1 on fs with scheme file
2024-04-23T21:16:07,740  INFO [main] ql.Context: Deleting scratch dir: file:/home/alex/Repositories/hive/ql/target/tmp/org.apache.hadoop.hive.ql.TestTxnNoBuckets-1713932056679/warehouse/t/.hive-staging_hive_2024-04-23_21-16-06_182_1506706787073472901-1
2024-04-23T21:16:07,740  INFO [main] cleanup.SyncCleanupService: Deleted directory: file:/home/alex/Repositories/hive/ql/target/tmp/org.apache.hadoop.hive.ql.TestTxnNoBuckets-1713932056679/warehouse/t/.hive-staging_hive_2024-04-23_21-16-06_182_1506706787073472901-1 on fs with scheme file
2024-04-23T21:16:07,741  INFO [main] ql.Driver: Compiling command(queryId=alex_20240423211601_e1d0bd9b-4ccd-46a2-8720-8725741aa2a1): select a, b, INPUT__FILE__NAME from T order by a, b, INPUT__FILE__NAME
2024-04-23T21:16:07,743  INFO [main] txn.TxnHandler: Added entries to MIN_HISTORY_LEVEL for current txns: ([18]) with min_open_txn: 18
2024-04-23T21:16:07,743  INFO [main] lockmgr.DbTxnManager: Opened txnid:18
2024-04-23T21:16:07,744  INFO [main] parse.CalcitePlanner: Starting caching scope for: alex_20240423211601_e1d0bd9b-4ccd-46a2-8720-8725741aa2a1
2024-04-23T21:16:07,744  INFO [main] parse.CalcitePlanner: Starting Semantic Analysis
2024-04-23T21:16:07,746  INFO [main] parse.CalcitePlanner: Completed phase 1 of Semantic Analysis
2024-04-23T21:16:07,746  INFO [main] parse.CalcitePlanner: Get metadata for source tables
2024-04-23T21:16:07,747  INFO [main] HiveMetaStore.audit: ugi=alex	ip=unknown-ip-addr	cmd=get_table : tbl=hive.default.t	
2024-04-23T21:16:07,756  INFO [main] metastore.HMSHandler: Skipping translation for processor with null
2024-04-23T21:16:07,756  INFO [main] parse.CalcitePlanner: Get metadata for subqueries
2024-04-23T21:16:07,756  INFO [main] parse.CalcitePlanner: Get metadata for destination tables
2024-04-23T21:16:07,756  INFO [main] parse.CalcitePlanner: Completed getting MetaData in Semantic Analysis
2024-04-23T21:16:07,767  INFO [main] HiveMetaStore.audit: ugi=alex	ip=unknown-ip-addr	cmd=get_all_table_constraints : tbl=hive.default.t	
2024-04-23T21:16:07,777  INFO [main] calcite.RelOptHiveTable: Calculating column statistics for default.t, projIndxSet: [0, 1], allowMissingStats: true
2024-04-23T21:16:07,777  INFO [main] HiveMetaStore.audit: ugi=alex	ip=unknown-ip-addr	cmd=get_table_statistics_req: table=hive.default.t	
2024-04-23T21:16:07,789  WARN [main] calcite.RelOptHiveTable: No Stats for default@t, Columns: a, b
No Stats for default@t, Columns: a, b
2024-04-23T21:16:07,789  INFO [main] SessionState: No Stats for default@t, Columns: a, b
2024-04-23T21:16:07,831  INFO [main] parse.CalcitePlanner: Get metadata for source tables
2024-04-23T21:16:07,832  INFO [main] parse.CalcitePlanner: Get metadata for subqueries
2024-04-23T21:16:07,832  INFO [main] parse.CalcitePlanner: Get metadata for destination tables
2024-04-23T21:16:07,833  INFO [main] common.FileUtils: Creating directory if it doesn't exist: file:/home/alex/Repositories/hive/ql/target/tmp/localscratchdir/78357cd1-4678-4ed2-8a01-459d6a9a75f4/hive_2024-04-23_21-16-07_741_6083762497372077590-1/-mr-10001/.hive-staging_hive_2024-04-23_21-16-07_741_6083762497372077590-1
2024-04-23T21:16:07,840  INFO [main] parse.CalcitePlanner: CBO Succeeded; optimized logical plan.
2024-04-23T21:16:07,843  INFO [main] optimizer.ColumnPrunerProcFactory: RS 2 oldColExprMap: {KEY.reducesinkkey0=Column[_col0], KEY.reducesinkkey1=Column[_col1], KEY.reducesinkkey2=Column[_col2]}
2024-04-23T21:16:07,843  INFO [main] optimizer.ColumnPrunerProcFactory: RS 2 newColExprMap: {KEY.reducesinkkey1=Column[_col1], KEY.reducesinkkey2=Column[_col2], KEY.reducesinkkey0=Column[_col0]}
2024-04-23T21:16:07,844  INFO [main] optimizer.BucketVersionPopulator: not considering bucketingVersion for: TS[0] because it has -1<2 buckets 
2024-04-23T21:16:07,844  INFO [main] optimizer.SortedDynPartitionOptimizer: Sorted dynamic partitioning optimization kicked in..
2024-04-23T21:16:07,853  INFO [main] parse.CalcitePlanner: Completed plan generation
2024-04-23T21:16:07,853  INFO [main] parse.CalcitePlanner: Ending caching scope for: alex_20240423211601_e1d0bd9b-4ccd-46a2-8720-8725741aa2a1
2024-04-23T21:16:07,853  INFO [main] ql.Driver: Semantic Analysis Completed (retrial = false)
2024-04-23T21:16:07,853  INFO [main] ql.Driver: Created Hive schema: Schema(fieldSchemas:[FieldSchema(name:a, type:int, comment:null), FieldSchema(name:b, type:int, comment:null), FieldSchema(name:input__file__name, type:string, comment:null)], properties:null)
2024-04-23T21:16:07,854  INFO [main] exec.ListSinkOperator: Initializing Operator: LIST_SINK[5]
2024-04-23T21:16:07,855  INFO [main] metadata.Hive: Dumping metastore api call timing information for : compilation phase
2024-04-23T21:16:07,855  INFO [main] metadata.Hive: Total time spent in each metastore function (ms): {openTxn_(String, TxnType)=2, getValidTxns_(long)=0, isCompatibleWith_(Configuration)=0, getAllTableConstraints_(AllTableConstraintsRequest)=5, getValidWriteIds_(List, String)=2, flushCache_()=0, getTable_(GetTableRequest)=9, commitTxn_(CommitTxnRequest)=10, getTableColumnStatistics_(String, String, List, String)=11}
2024-04-23T21:16:07,855  INFO [main] ql.Driver: Completed compiling command(queryId=alex_20240423211601_e1d0bd9b-4ccd-46a2-8720-8725741aa2a1); Time taken: 0.114 seconds
2024-04-23T21:16:07,855  INFO [main] lockmgr.DbTxnManager: Setting lock request transaction to txnid:18 for queryId=alex_20240423211601_e1d0bd9b-4ccd-46a2-8720-8725741aa2a1
2024-04-23T21:16:07,856  INFO [main] lockmgr.DbLockManager: Requesting lock for queryId=alex_20240423211601_e1d0bd9b-4ccd-46a2-8720-8725741aa2a1
2024-04-23T21:16:07,869  INFO [main] lockmgr.DbLockManager: Response to queryId=alex_20240423211601_e1d0bd9b-4ccd-46a2-8720-8725741aa2a1 LockResponse(lockid:12, state:ACQUIRED)
2024-04-23T21:16:07,870  INFO [main] ql.Driver: Operation QUERY obtained 1 locks
2024-04-23T21:16:07,870  INFO [main] ql.Driver: Executing command(queryId=alex_20240423211601_e1d0bd9b-4ccd-46a2-8720-8725741aa2a1): select a, b, INPUT__FILE__NAME from T order by a, b, INPUT__FILE__NAME
2024-04-23T21:16:07,870  WARN [main] ql.Driver: Hive-on-MR is deprecated in Hive 2 and may not be available in the future versions. Consider using a different execution engine (i.e. spark, tez) or using Hive 1.X releases.
Query ID = alex_20240423211601_e1d0bd9b-4ccd-46a2-8720-8725741aa2a1
2024-04-23T21:16:07,870  INFO [main] ql.Driver: Query ID = alex_20240423211601_e1d0bd9b-4ccd-46a2-8720-8725741aa2a1
Total jobs = 1
2024-04-23T21:16:07,870  INFO [main] ql.Driver: Total jobs = 1
Launching Job 1 out of 1
2024-04-23T21:16:07,870  INFO [main] ql.Driver: Launching Job 1 out of 1
2024-04-23T21:16:07,999  INFO [main] ql.Driver: Starting task [Stage-1:MAPRED] in serial mode
Number of reduce tasks determined at compile time: 1
2024-04-23T21:16:07,999  INFO [main] exec.Task: Number of reduce tasks determined at compile time: 1
In order to change the average load for a reducer (in bytes):
2024-04-23T21:16:07,999  INFO [main] exec.Task: In order to change the average load for a reducer (in bytes):
  set hive.exec.reducers.bytes.per.reducer=<number>
2024-04-23T21:16:07,999  INFO [main] exec.Task:   set hive.exec.reducers.bytes.per.reducer=<number>
In order to limit the maximum number of reducers:
2024-04-23T21:16:07,999  INFO [main] exec.Task: In order to limit the maximum number of reducers:
  set hive.exec.reducers.max=<number>
2024-04-23T21:16:07,999  INFO [main] exec.Task:   set hive.exec.reducers.max=<number>
In order to set a constant number of reducers:
2024-04-23T21:16:07,999  INFO [main] exec.Task: In order to set a constant number of reducers:
  set mapreduce.job.reduces=<number>
2024-04-23T21:16:07,999  INFO [main] exec.Task:   set mapreduce.job.reduces=<number>
2024-04-23T21:16:08,002  INFO [main] mr.ExecDriver: Using org.apache.hadoop.hive.ql.io.HiveInputFormat
2024-04-23T21:16:08,002  INFO [main] exec.Utilities: Processing alias t
2024-04-23T21:16:08,002  INFO [main] exec.Utilities: Adding 1 inputs; the first input is file:/home/alex/Repositories/hive/ql/target/tmp/org.apache.hadoop.hive.ql.TestTxnNoBuckets-1713932056679/warehouse/t
2024-04-23T21:16:08,011  INFO [main] exec.SerializationUtilities: Serializing MapWork using kryo
2024-04-23T21:16:08,012  INFO [main] exec.Utilities: Serialized plan (via FILE) - name: null size: 4,60KB
2024-04-23T21:16:08,017  INFO [main] exec.SerializationUtilities: Serializing ReduceWork using kryo
2024-04-23T21:16:08,017  INFO [main] exec.Utilities: Serialized plan (via FILE) - name: null size: 5,69KB
2024-04-23T21:16:08,018  WARN [main] impl.MetricsSystemImpl: JobTracker metrics system already initialized!
2024-04-23T21:16:08,024  WARN [main] impl.MetricsSystemImpl: JobTracker metrics system already initialized!
2024-04-23T21:16:08,031  WARN [main] mapreduce.JobResourceUploader: Hadoop command-line option parsing not performed. Implement the Tool interface and execute your application with ToolRunner to remedy this.
2024-04-23T21:16:08,036  WARN [main] mapreduce.JobResourceUploader: No job jar file set.  User classes may not be found. See Job or Job#setJar(String).
2024-04-23T21:16:08,037  INFO [main] io.HiveInputFormat: hive.io.file.readcolumn.ids = 0,1
2024-04-23T21:16:08,037  INFO [main] io.HiveInputFormat: hive.io.file.readcolumn.names = a,b
2024-04-23T21:16:08,037  INFO [main] io.HiveInputFormat: Generating splits for dirs: file:/home/alex/Repositories/hive/ql/target/tmp/org.apache.hadoop.hive.ql.TestTxnNoBuckets-1713932056679/warehouse/t
2024-04-23T21:16:08,037  INFO [main] orc.OrcInputFormat: getSplits started
2024-04-23T21:16:08,037  INFO [main] orc.OrcInputFormat: Context:: isAcid: false isVectorMode: false sarg: null minSplitSize: 1 maxSplitSize: 256000000 splitStrategy: HYBRID footerInSplits: false numBuckets: 0 numThreads: 10 cacheMemSize: 268435456 cacheStripeDetails: true useSoftReference: false writeIdList: null:9223372036854775807:9223372036854775807:: isTransactionalTable: false txnProperties: null 
2024-04-23T21:16:08,037  INFO [main] orc.OrcInputFormat: ORC pushdown predicate: null
2024-04-23T21:16:08,048  INFO [main] orc.OrcInputFormat: FooterCacheHitRatio: 0/4
2024-04-23T21:16:08,048  INFO [main] orc.OrcInputFormat: getSplits finished (#splits: 4). duration: 11 ms
2024-04-23T21:16:08,048  INFO [main] io.HiveInputFormat: number of splits 4
2024-04-23T21:16:08,065  INFO [main] mapreduce.JobSubmitter: number of splits:4
2024-04-23T21:16:08,084  INFO [main] mapreduce.JobSubmitter: Submitting tokens for job: job_local1427128205_0048
2024-04-23T21:16:08,085  INFO [main] mapreduce.JobSubmitter: Executing with tokens: []
2024-04-23T21:16:08,144  INFO [main] mapreduce.Job: The url to track the job: http://localhost:8080/
Job running in-process (local Hadoop)
2024-04-23T21:16:08,144  INFO [main] exec.Task: Job running in-process (local Hadoop)
2024-04-23T21:16:08,144  INFO [Thread-3109] mapred.LocalJobRunner: OutputCommitter set in config org.apache.hadoop.hive.ql.io.HiveFileFormatUtils$NullOutputCommitter
2024-04-23T21:16:08,144  INFO [Thread-3109] mapred.LocalJobRunner: OutputCommitter is org.apache.hadoop.hive.ql.io.HiveFileFormatUtils$NullOutputCommitter
2024-04-23T21:16:08,146  INFO [Thread-3109] mapred.LocalJobRunner: Waiting for map tasks
2024-04-23T21:16:08,146  INFO [LocalJobRunner Map Task Executor #0] mapred.LocalJobRunner: Starting task: attempt_local1427128205_0048_m_000000_0
2024-04-23T21:16:08,147  INFO [LocalJobRunner Map Task Executor #0] mapred.Task:  Using ResourceCalculatorProcessTree : [ ]
2024-04-23T21:16:08,147  INFO [LocalJobRunner Map Task Executor #0] mapred.MapTask: Processing split: org.apache.hadoop.hive.ql.io.orc.OrcInputFormat:OrcSplit [file:/home/alex/Repositories/hive/ql/target/tmp/org.apache.hadoop.hive.ql.TestTxnNoBuckets-1713932056679/warehouse/t/000000_0, start=0, length=256, isOriginal=true, fileLength=256, hasFooter=false, hasBase=true, deltas=0]
2024-04-23T21:16:08,148  INFO [LocalJobRunner Map Task Executor #0] exec.SerializationUtilities: Deserializing MapWork using kryo
2024-04-23T21:16:08,148  INFO [LocalJobRunner Map Task Executor #0] exec.Utilities: Deserialized plan (via FILE) - name: null size: 4,60KB
2024-04-23T21:16:08,149  INFO [LocalJobRunner Map Task Executor #0] orc.ReaderImpl: Reading ORC rows from file:/home/alex/Repositories/hive/ql/target/tmp/org.apache.hadoop.hive.ql.TestTxnNoBuckets-1713932056679/warehouse/t/000000_0 with {include: [true, true, true], offset: 0, length: 256, schema: struct<a:int,b:int>, includeAcidColumns: true}
2024-04-23T21:16:08,150  INFO [LocalJobRunner Map Task Executor #0] mapred.MapTask: numReduceTasks: 1
2024-04-23T21:16:08,160  INFO [LocalJobRunner Map Task Executor #0] mapred.MapTask: (EQUATOR) 0 kvi 26214396(104857584)
2024-04-23T21:16:08,160  INFO [LocalJobRunner Map Task Executor #0] mapred.MapTask: mapreduce.task.io.sort.mb: 100
2024-04-23T21:16:08,160  INFO [LocalJobRunner Map Task Executor #0] mapred.MapTask: soft limit at 83886080
2024-04-23T21:16:08,160  INFO [LocalJobRunner Map Task Executor #0] mapred.MapTask: bufstart = 0; bufvoid = 104857600
2024-04-23T21:16:08,160  INFO [LocalJobRunner Map Task Executor #0] mapred.MapTask: kvstart = 26214396; length = 6553600
2024-04-23T21:16:08,161  INFO [LocalJobRunner Map Task Executor #0] mapred.MapTask: Map output collector class = org.apache.hadoop.mapred.MapTask$MapOutputBuffer
2024-04-23T21:16:08,161  INFO [LocalJobRunner Map Task Executor #0] exec.MapOperator: Initializing Operator: MAP[0]
2024-04-23T21:16:08,162  INFO [LocalJobRunner Map Task Executor #0] mr.ExecMapper: 
<MAP>Id =0
  <Children>null
  <\Children>
  <Parent><\Parent>
<\MAP>
2024-04-23T21:16:08,162  INFO [LocalJobRunner Map Task Executor #0] exec.TableScanOperator: Initializing Operator: TS[0]
2024-04-23T21:16:08,162  INFO [LocalJobRunner Map Task Executor #0] exec.SelectOperator: Initializing Operator: SEL[1]
2024-04-23T21:16:08,162  INFO [LocalJobRunner Map Task Executor #0] exec.SelectOperator: SELECT struct<a:int,b:int,input__file__name:string>
2024-04-23T21:16:08,162  INFO [LocalJobRunner Map Task Executor #0] exec.ReduceSinkOperator: Initializing Operator: RS[2]
2024-04-23T21:16:08,162  INFO [LocalJobRunner Map Task Executor #0] exec.ReduceSinkOperator: Using tag = -1
2024-04-23T21:16:08,163  INFO [LocalJobRunner Map Task Executor #0] exec.ReduceSinkOperator: keys are [reducesinkkey0, reducesinkkey1, reducesinkkey2] num distributions: 3
2024-04-23T21:16:08,163  INFO [LocalJobRunner Map Task Executor #0] exec.ReduceSinkOperator: RS[2]: records written - 1
2024-04-23T21:16:08,163  INFO [LocalJobRunner Map Task Executor #0] exec.MapOperator: MAP[0]: records read - 1
2024-04-23T21:16:08,163  INFO [LocalJobRunner Map Task Executor #0] exec.MapOperator: Closing Operator: MAP[0]
2024-04-23T21:16:08,163  INFO [LocalJobRunner Map Task Executor #0] exec.MapOperator: MAP[0]: Total records read - 2. abort - false
2024-04-23T21:16:08,163  INFO [LocalJobRunner Map Task Executor #0] exec.MapOperator: RECORDS_OUT_OPERATOR_MAP_0:0, RECORDS_IN:2, RECORDS_OUT_INTERMEDIATE:0, DESERIALIZE_ERRORS:0, 
2024-04-23T21:16:08,163  INFO [LocalJobRunner Map Task Executor #0] exec.TableScanOperator: Closing Operator: TS[0]
2024-04-23T21:16:08,163  INFO [LocalJobRunner Map Task Executor #0] exec.TableScanOperator: RECORDS_OUT_INTERMEDIATE:0, RECORDS_OUT_OPERATOR_TS_0:2, 
2024-04-23T21:16:08,163  INFO [LocalJobRunner Map Task Executor #0] exec.SelectOperator: Closing Operator: SEL[1]
2024-04-23T21:16:08,163  INFO [LocalJobRunner Map Task Executor #0] exec.SelectOperator: RECORDS_OUT_OPERATOR_SEL_1:2, RECORDS_OUT_INTERMEDIATE:0, 
2024-04-23T21:16:08,163  INFO [LocalJobRunner Map Task Executor #0] exec.ReduceSinkOperator: Closing Operator: RS[2]
2024-04-23T21:16:08,163  INFO [LocalJobRunner Map Task Executor #0] exec.ReduceSinkOperator: RS[2]: Total records written - 2. abort - false
2024-04-23T21:16:08,163  INFO [LocalJobRunner Map Task Executor #0] exec.ReduceSinkOperator: RECORDS_OUT_OPERATOR_RS_2:2, RECORDS_OUT_INTERMEDIATE:2, 
2024-04-23T21:16:08,164  INFO [LocalJobRunner Map Task Executor #0] mapred.LocalJobRunner: 
2024-04-23T21:16:08,164  INFO [LocalJobRunner Map Task Executor #0] mapred.MapTask: Starting flush of map output
2024-04-23T21:16:08,164  INFO [LocalJobRunner Map Task Executor #0] mapred.MapTask: Spilling map output
2024-04-23T21:16:08,164  INFO [LocalJobRunner Map Task Executor #0] mapred.MapTask: bufstart = 0; bufend = 292; bufvoid = 104857600
2024-04-23T21:16:08,164  INFO [LocalJobRunner Map Task Executor #0] mapred.MapTask: kvstart = 26214396(104857584); kvend = 26214392(104857568); length = 5/6553600
2024-04-23T21:16:08,175  INFO [LocalJobRunner Map Task Executor #0] mapred.MapTask: Finished spill 0
2024-04-23T21:16:08,178  INFO [LocalJobRunner Map Task Executor #0] mapred.Task: Task:attempt_local1427128205_0048_m_000000_0 is done. And is in the process of committing
2024-04-23T21:16:08,178  INFO [LocalJobRunner Map Task Executor #0] mapred.LocalJobRunner: map
2024-04-23T21:16:08,178  INFO [LocalJobRunner Map Task Executor #0] mapred.Task: Task 'attempt_local1427128205_0048_m_000000_0' done.
2024-04-23T21:16:08,179  INFO [LocalJobRunner Map Task Executor #0] mapred.Task: Final Counters for attempt_local1427128205_0048_m_000000_0: Counters: 24
	File System Counters
		FILE: Number of bytes read=1063551
		FILE: Number of bytes written=56510342
		FILE: Number of read operations=0
		FILE: Number of large read operations=0
		FILE: Number of write operations=0
	Map-Reduce Framework
		Map input records=2
		Map output records=2
		Map output bytes=292
		Map output materialized bytes=304
		Input split bytes=451
		Combine input records=0
		Spilled Records=2
		Failed Shuffles=0
		Merged Map outputs=0
		GC time elapsed (ms)=6
		Total committed heap usage (bytes)=1189085184
	HIVE
		DESERIALIZE_ERRORS=0
		RECORDS_IN=2
		RECORDS_OUT_INTERMEDIATE=2
		RECORDS_OUT_OPERATOR_MAP_0=0
		RECORDS_OUT_OPERATOR_RS_2=2
		RECORDS_OUT_OPERATOR_SEL_1=2
		RECORDS_OUT_OPERATOR_TS_0=2
	File Input Format Counters 
		Bytes Read=5731
2024-04-23T21:16:08,179  INFO [LocalJobRunner Map Task Executor #0] mapred.LocalJobRunner: Finishing task: attempt_local1427128205_0048_m_000000_0
2024-04-23T21:16:08,179  INFO [LocalJobRunner Map Task Executor #0] mapred.LocalJobRunner: Starting task: attempt_local1427128205_0048_m_000001_0
2024-04-23T21:16:08,179  INFO [LocalJobRunner Map Task Executor #0] mapred.Task:  Using ResourceCalculatorProcessTree : [ ]
2024-04-23T21:16:08,179  INFO [LocalJobRunner Map Task Executor #0] mapred.MapTask: Processing split: org.apache.hadoop.hive.ql.io.orc.OrcInputFormat:OrcSplit [file:/home/alex/Repositories/hive/ql/target/tmp/org.apache.hadoop.hive.ql.TestTxnNoBuckets-1713932056679/warehouse/t/000001_0, start=0, length=254, isOriginal=true, fileLength=254, hasFooter=false, hasBase=true, deltas=0]
2024-04-23T21:16:08,180  INFO [LocalJobRunner Map Task Executor #0] exec.SerializationUtilities: Deserializing MapWork using kryo
2024-04-23T21:16:08,180  INFO [LocalJobRunner Map Task Executor #0] exec.Utilities: Deserialized plan (via FILE) - name: null size: 4,60KB
2024-04-23T21:16:08,181  INFO [LocalJobRunner Map Task Executor #0] orc.ReaderImpl: Reading ORC rows from file:/home/alex/Repositories/hive/ql/target/tmp/org.apache.hadoop.hive.ql.TestTxnNoBuckets-1713932056679/warehouse/t/000001_0 with {include: [true, true, true], offset: 0, length: 254, schema: struct<a:int,b:int>, includeAcidColumns: true}
2024-04-23T21:16:08,181  INFO [LocalJobRunner Map Task Executor #0] mapred.MapTask: numReduceTasks: 1
2024-04-23T21:16:08,185  INFO [LocalJobRunner Map Task Executor #0] mapred.MapTask: (EQUATOR) 0 kvi 26214396(104857584)
2024-04-23T21:16:08,186  INFO [LocalJobRunner Map Task Executor #0] mapred.MapTask: mapreduce.task.io.sort.mb: 100
2024-04-23T21:16:08,186  INFO [LocalJobRunner Map Task Executor #0] mapred.MapTask: soft limit at 83886080
2024-04-23T21:16:08,186  INFO [LocalJobRunner Map Task Executor #0] mapred.MapTask: bufstart = 0; bufvoid = 104857600
2024-04-23T21:16:08,186  INFO [LocalJobRunner Map Task Executor #0] mapred.MapTask: kvstart = 26214396; length = 6553600
2024-04-23T21:16:08,186  INFO [LocalJobRunner Map Task Executor #0] mapred.MapTask: Map output collector class = org.apache.hadoop.mapred.MapTask$MapOutputBuffer
2024-04-23T21:16:08,186  INFO [LocalJobRunner Map Task Executor #0] exec.MapOperator: Initializing Operator: MAP[0]
2024-04-23T21:16:08,187  INFO [LocalJobRunner Map Task Executor #0] mr.ExecMapper: 
<MAP>Id =0
  <Children>null
  <\Children>
  <Parent><\Parent>
<\MAP>
2024-04-23T21:16:08,188  INFO [LocalJobRunner Map Task Executor #0] exec.TableScanOperator: Initializing Operator: TS[0]
2024-04-23T21:16:08,188  INFO [LocalJobRunner Map Task Executor #0] exec.SelectOperator: Initializing Operator: SEL[1]
2024-04-23T21:16:08,188  INFO [LocalJobRunner Map Task Executor #0] exec.SelectOperator: SELECT struct<a:int,b:int,input__file__name:string>
2024-04-23T21:16:08,188  INFO [LocalJobRunner Map Task Executor #0] exec.ReduceSinkOperator: Initializing Operator: RS[2]
2024-04-23T21:16:08,188  INFO [LocalJobRunner Map Task Executor #0] exec.ReduceSinkOperator: Using tag = -1
2024-04-23T21:16:08,188  INFO [LocalJobRunner Map Task Executor #0] exec.ReduceSinkOperator: keys are [reducesinkkey0, reducesinkkey1, reducesinkkey2] num distributions: 3
2024-04-23T21:16:08,188  INFO [LocalJobRunner Map Task Executor #0] exec.ReduceSinkOperator: RS[2]: records written - 1
2024-04-23T21:16:08,188  INFO [LocalJobRunner Map Task Executor #0] exec.MapOperator: MAP[0]: records read - 1
2024-04-23T21:16:08,189  INFO [LocalJobRunner Map Task Executor #0] exec.MapOperator: Closing Operator: MAP[0]
2024-04-23T21:16:08,189  INFO [LocalJobRunner Map Task Executor #0] exec.MapOperator: MAP[0]: Total records read - 1. abort - false
2024-04-23T21:16:08,189  INFO [LocalJobRunner Map Task Executor #0] exec.MapOperator: DESERIALIZE_ERRORS:0, RECORDS_OUT_INTERMEDIATE:0, RECORDS_IN:1, RECORDS_OUT_OPERATOR_MAP_0:0, 
2024-04-23T21:16:08,189  INFO [LocalJobRunner Map Task Executor #0] exec.TableScanOperator: Closing Operator: TS[0]
2024-04-23T21:16:08,189  INFO [LocalJobRunner Map Task Executor #0] exec.TableScanOperator: RECORDS_OUT_INTERMEDIATE:0, RECORDS_OUT_OPERATOR_TS_0:1, 
2024-04-23T21:16:08,189  INFO [LocalJobRunner Map Task Executor #0] exec.SelectOperator: Closing Operator: SEL[1]
2024-04-23T21:16:08,189  INFO [LocalJobRunner Map Task Executor #0] exec.SelectOperator: RECORDS_OUT_OPERATOR_SEL_1:1, RECORDS_OUT_INTERMEDIATE:0, 
2024-04-23T21:16:08,189  INFO [LocalJobRunner Map Task Executor #0] exec.ReduceSinkOperator: Closing Operator: RS[2]
2024-04-23T21:16:08,189  INFO [LocalJobRunner Map Task Executor #0] exec.ReduceSinkOperator: RS[2]: Total records written - 1. abort - false
2024-04-23T21:16:08,189  INFO [LocalJobRunner Map Task Executor #0] exec.ReduceSinkOperator: RECORDS_OUT_OPERATOR_RS_2:1, RECORDS_OUT_INTERMEDIATE:1, 
2024-04-23T21:16:08,189  INFO [LocalJobRunner Map Task Executor #0] mapred.LocalJobRunner: 
2024-04-23T21:16:08,189  INFO [LocalJobRunner Map Task Executor #0] mapred.MapTask: Starting flush of map output
2024-04-23T21:16:08,190  INFO [LocalJobRunner Map Task Executor #0] mapred.MapTask: Spilling map output
2024-04-23T21:16:08,190  INFO [LocalJobRunner Map Task Executor #0] mapred.MapTask: bufstart = 0; bufend = 146; bufvoid = 104857600
2024-04-23T21:16:08,190  INFO [LocalJobRunner Map Task Executor #0] mapred.MapTask: kvstart = 26214396(104857584); kvend = 26214396(104857584); length = 1/6553600
2024-04-23T21:16:08,198  INFO [LocalJobRunner Map Task Executor #0] mapred.MapTask: Finished spill 0
2024-04-23T21:16:08,200  INFO [LocalJobRunner Map Task Executor #0] mapred.Task: Task:attempt_local1427128205_0048_m_000001_0 is done. And is in the process of committing
2024-04-23T21:16:08,201  INFO [LocalJobRunner Map Task Executor #0] mapred.LocalJobRunner: map
2024-04-23T21:16:08,201  INFO [LocalJobRunner Map Task Executor #0] mapred.Task: Task 'attempt_local1427128205_0048_m_000001_0' done.
2024-04-23T21:16:08,201  INFO [LocalJobRunner Map Task Executor #0] mapred.Task: Final Counters for attempt_local1427128205_0048_m_000001_0: Counters: 24
	File System Counters
		FILE: Number of bytes read=1071117
		FILE: Number of bytes written=56510529
		FILE: Number of read operations=0
		FILE: Number of large read operations=0
		FILE: Number of write operations=0
	Map-Reduce Framework
		Map input records=1
		Map output records=1
		Map output bytes=146
		Map output materialized bytes=155
		Input split bytes=451
		Combine input records=0
		Spilled Records=1
		Failed Shuffles=0
		Merged Map outputs=0
		GC time elapsed (ms)=0
		Total committed heap usage (bytes)=1189085184
	HIVE
		DESERIALIZE_ERRORS=0
		RECORDS_IN=1
		RECORDS_OUT_INTERMEDIATE=1
		RECORDS_OUT_OPERATOR_MAP_0=0
		RECORDS_OUT_OPERATOR_RS_2=1
		RECORDS_OUT_OPERATOR_SEL_1=1
		RECORDS_OUT_OPERATOR_TS_0=1
	File Input Format Counters 
		Bytes Read=5723
2024-04-23T21:16:08,201  INFO [LocalJobRunner Map Task Executor #0] mapred.LocalJobRunner: Finishing task: attempt_local1427128205_0048_m_000001_0
2024-04-23T21:16:08,201  INFO [LocalJobRunner Map Task Executor #0] mapred.LocalJobRunner: Starting task: attempt_local1427128205_0048_m_000002_0
2024-04-23T21:16:08,202  INFO [LocalJobRunner Map Task Executor #0] mapred.Task:  Using ResourceCalculatorProcessTree : [ ]
2024-04-23T21:16:08,202  INFO [LocalJobRunner Map Task Executor #0] mapred.MapTask: Processing split: org.apache.hadoop.hive.ql.io.orc.OrcInputFormat:OrcSplit [file:/home/alex/Repositories/hive/ql/target/tmp/org.apache.hadoop.hive.ql.TestTxnNoBuckets-1713932056679/warehouse/t/000002_0, start=0, length=254, isOriginal=true, fileLength=254, hasFooter=false, hasBase=true, deltas=0]
2024-04-23T21:16:08,202  INFO [LocalJobRunner Map Task Executor #0] exec.SerializationUtilities: Deserializing MapWork using kryo
2024-04-23T21:16:08,203  INFO [LocalJobRunner Map Task Executor #0] exec.Utilities: Deserialized plan (via FILE) - name: null size: 4,60KB
2024-04-23T21:16:08,203  INFO [LocalJobRunner Map Task Executor #0] orc.ReaderImpl: Reading ORC rows from file:/home/alex/Repositories/hive/ql/target/tmp/org.apache.hadoop.hive.ql.TestTxnNoBuckets-1713932056679/warehouse/t/000002_0 with {include: [true, true, true], offset: 0, length: 254, schema: struct<a:int,b:int>, includeAcidColumns: true}
2024-04-23T21:16:08,204  INFO [LocalJobRunner Map Task Executor #0] mapred.MapTask: numReduceTasks: 1
2024-04-23T21:16:08,208  INFO [LocalJobRunner Map Task Executor #0] mapred.MapTask: (EQUATOR) 0 kvi 26214396(104857584)
2024-04-23T21:16:08,208  INFO [LocalJobRunner Map Task Executor #0] mapred.MapTask: mapreduce.task.io.sort.mb: 100
2024-04-23T21:16:08,208  INFO [LocalJobRunner Map Task Executor #0] mapred.MapTask: soft limit at 83886080
2024-04-23T21:16:08,208  INFO [LocalJobRunner Map Task Executor #0] mapred.MapTask: bufstart = 0; bufvoid = 104857600
2024-04-23T21:16:08,208  INFO [LocalJobRunner Map Task Executor #0] mapred.MapTask: kvstart = 26214396; length = 6553600
2024-04-23T21:16:08,209  INFO [LocalJobRunner Map Task Executor #0] mapred.MapTask: Map output collector class = org.apache.hadoop.mapred.MapTask$MapOutputBuffer
2024-04-23T21:16:08,209  INFO [LocalJobRunner Map Task Executor #0] exec.MapOperator: Initializing Operator: MAP[0]
2024-04-23T21:16:08,210  INFO [LocalJobRunner Map Task Executor #0] mr.ExecMapper: 
<MAP>Id =0
  <Children>null
  <\Children>
  <Parent><\Parent>
<\MAP>
2024-04-23T21:16:08,211  INFO [LocalJobRunner Map Task Executor #0] exec.TableScanOperator: Initializing Operator: TS[0]
2024-04-23T21:16:08,211  INFO [LocalJobRunner Map Task Executor #0] exec.SelectOperator: Initializing Operator: SEL[1]
2024-04-23T21:16:08,211  INFO [LocalJobRunner Map Task Executor #0] exec.SelectOperator: SELECT struct<a:int,b:int,input__file__name:string>
2024-04-23T21:16:08,211  INFO [LocalJobRunner Map Task Executor #0] exec.ReduceSinkOperator: Initializing Operator: RS[2]
2024-04-23T21:16:08,211  INFO [LocalJobRunner Map Task Executor #0] exec.ReduceSinkOperator: Using tag = -1
2024-04-23T21:16:08,212  INFO [LocalJobRunner Map Task Executor #0] exec.ReduceSinkOperator: keys are [reducesinkkey0, reducesinkkey1, reducesinkkey2] num distributions: 3
2024-04-23T21:16:08,212  INFO [LocalJobRunner Map Task Executor #0] exec.ReduceSinkOperator: RS[2]: records written - 1
2024-04-23T21:16:08,212  INFO [LocalJobRunner Map Task Executor #0] exec.MapOperator: MAP[0]: records read - 1
2024-04-23T21:16:08,212  INFO [LocalJobRunner Map Task Executor #0] exec.MapOperator: Closing Operator: MAP[0]
2024-04-23T21:16:08,212  INFO [LocalJobRunner Map Task Executor #0] exec.MapOperator: MAP[0]: Total records read - 2. abort - false
2024-04-23T21:16:08,212  INFO [LocalJobRunner Map Task Executor #0] exec.MapOperator: RECORDS_OUT_INTERMEDIATE:0, RECORDS_IN:2, RECORDS_OUT_OPERATOR_MAP_0:0, DESERIALIZE_ERRORS:0, 
2024-04-23T21:16:08,212  INFO [LocalJobRunner Map Task Executor #0] exec.TableScanOperator: Closing Operator: TS[0]
2024-04-23T21:16:08,212  INFO [LocalJobRunner Map Task Executor #0] exec.TableScanOperator: RECORDS_OUT_OPERATOR_TS_0:2, RECORDS_OUT_INTERMEDIATE:0, 
2024-04-23T21:16:08,212  INFO [LocalJobRunner Map Task Executor #0] exec.SelectOperator: Closing Operator: SEL[1]
2024-04-23T21:16:08,212  INFO [LocalJobRunner Map Task Executor #0] exec.SelectOperator: RECORDS_OUT_INTERMEDIATE:0, RECORDS_OUT_OPERATOR_SEL_1:2, 
2024-04-23T21:16:08,212  INFO [LocalJobRunner Map Task Executor #0] exec.ReduceSinkOperator: Closing Operator: RS[2]
2024-04-23T21:16:08,212  INFO [LocalJobRunner Map Task Executor #0] exec.ReduceSinkOperator: RS[2]: Total records written - 2. abort - false
2024-04-23T21:16:08,212  INFO [LocalJobRunner Map Task Executor #0] exec.ReduceSinkOperator: RECORDS_OUT_INTERMEDIATE:2, RECORDS_OUT_OPERATOR_RS_2:2, 
2024-04-23T21:16:08,213  INFO [LocalJobRunner Map Task Executor #0] mapred.LocalJobRunner: 
2024-04-23T21:16:08,213  INFO [LocalJobRunner Map Task Executor #0] mapred.MapTask: Starting flush of map output
2024-04-23T21:16:08,213  INFO [LocalJobRunner Map Task Executor #0] mapred.MapTask: Spilling map output
2024-04-23T21:16:08,213  INFO [LocalJobRunner Map Task Executor #0] mapred.MapTask: bufstart = 0; bufend = 292; bufvoid = 104857600
2024-04-23T21:16:08,213  INFO [LocalJobRunner Map Task Executor #0] mapred.MapTask: kvstart = 26214396(104857584); kvend = 26214392(104857568); length = 5/6553600
2024-04-23T21:16:08,222  INFO [LocalJobRunner Map Task Executor #0] mapred.MapTask: Finished spill 0
2024-04-23T21:16:08,224  INFO [LocalJobRunner Map Task Executor #0] mapred.Task: Task:attempt_local1427128205_0048_m_000002_0 is done. And is in the process of committing
2024-04-23T21:16:08,225  INFO [LocalJobRunner Map Task Executor #0] mapred.LocalJobRunner: map
2024-04-23T21:16:08,225  INFO [LocalJobRunner Map Task Executor #0] mapred.Task: Task 'attempt_local1427128205_0048_m_000002_0' done.
2024-04-23T21:16:08,225  INFO [LocalJobRunner Map Task Executor #0] mapred.Task: Final Counters for attempt_local1427128205_0048_m_000002_0: Counters: 24
	File System Counters
		FILE: Number of bytes read=1078171
		FILE: Number of bytes written=56510865
		FILE: Number of read operations=0
		FILE: Number of large read operations=0
		FILE: Number of write operations=0
	Map-Reduce Framework
		Map input records=2
		Map output records=2
		Map output bytes=292
		Map output materialized bytes=304
		Input split bytes=451
		Combine input records=0
		Spilled Records=2
		Failed Shuffles=0
		Merged Map outputs=0
		GC time elapsed (ms)=0
		Total committed heap usage (bytes)=1189085184
	HIVE
		DESERIALIZE_ERRORS=0
		RECORDS_IN=2
		RECORDS_OUT_INTERMEDIATE=2
		RECORDS_OUT_OPERATOR_MAP_0=0
		RECORDS_OUT_OPERATOR_RS_2=2
		RECORDS_OUT_OPERATOR_SEL_1=2
		RECORDS_OUT_OPERATOR_TS_0=2
	File Input Format Counters 
		Bytes Read=5723
2024-04-23T21:16:08,225  INFO [LocalJobRunner Map Task Executor #0] mapred.LocalJobRunner: Finishing task: attempt_local1427128205_0048_m_000002_0
2024-04-23T21:16:08,225  INFO [LocalJobRunner Map Task Executor #0] mapred.LocalJobRunner: Starting task: attempt_local1427128205_0048_m_000003_0
2024-04-23T21:16:08,226  INFO [LocalJobRunner Map Task Executor #0] mapred.Task:  Using ResourceCalculatorProcessTree : [ ]
2024-04-23T21:16:08,226  INFO [LocalJobRunner Map Task Executor #0] mapred.MapTask: Processing split: org.apache.hadoop.hive.ql.io.orc.OrcInputFormat:OrcSplit [file:/home/alex/Repositories/hive/ql/target/tmp/org.apache.hadoop.hive.ql.TestTxnNoBuckets-1713932056679/warehouse/t/000000_0_copy_1, start=0, length=241, isOriginal=true, fileLength=241, hasFooter=false, hasBase=true, deltas=0]
2024-04-23T21:16:08,226  INFO [LocalJobRunner Map Task Executor #0] exec.SerializationUtilities: Deserializing MapWork using kryo
2024-04-23T21:16:08,227  INFO [LocalJobRunner Map Task Executor #0] exec.Utilities: Deserialized plan (via FILE) - name: null size: 4,60KB
2024-04-23T21:16:08,227  INFO [LocalJobRunner Map Task Executor #0] orc.ReaderImpl: Reading ORC rows from file:/home/alex/Repositories/hive/ql/target/tmp/org.apache.hadoop.hive.ql.TestTxnNoBuckets-1713932056679/warehouse/t/000000_0_copy_1 with {include: [true, true, true], offset: 0, length: 241, schema: struct<a:int,b:int>, includeAcidColumns: true}
2024-04-23T21:16:08,228  INFO [LocalJobRunner Map Task Executor #0] mapred.MapTask: numReduceTasks: 1
2024-04-23T21:16:08,232  INFO [LocalJobRunner Map Task Executor #0] mapred.MapTask: (EQUATOR) 0 kvi 26214396(104857584)
2024-04-23T21:16:08,232  INFO [LocalJobRunner Map Task Executor #0] mapred.MapTask: mapreduce.task.io.sort.mb: 100
2024-04-23T21:16:08,232  INFO [LocalJobRunner Map Task Executor #0] mapred.MapTask: soft limit at 83886080
2024-04-23T21:16:08,232  INFO [LocalJobRunner Map Task Executor #0] mapred.MapTask: bufstart = 0; bufvoid = 104857600
2024-04-23T21:16:08,232  INFO [LocalJobRunner Map Task Executor #0] mapred.MapTask: kvstart = 26214396; length = 6553600
2024-04-23T21:16:08,233  INFO [LocalJobRunner Map Task Executor #0] mapred.MapTask: Map output collector class = org.apache.hadoop.mapred.MapTask$MapOutputBuffer
2024-04-23T21:16:08,233  INFO [LocalJobRunner Map Task Executor #0] exec.MapOperator: Initializing Operator: MAP[0]
2024-04-23T21:16:08,234  INFO [LocalJobRunner Map Task Executor #0] mr.ExecMapper: 
<MAP>Id =0
  <Children>null
  <\Children>
  <Parent><\Parent>
<\MAP>
2024-04-23T21:16:08,235  INFO [LocalJobRunner Map Task Executor #0] exec.TableScanOperator: Initializing Operator: TS[0]
2024-04-23T21:16:08,235  INFO [LocalJobRunner Map Task Executor #0] exec.SelectOperator: Initializing Operator: SEL[1]
2024-04-23T21:16:08,235  INFO [LocalJobRunner Map Task Executor #0] exec.SelectOperator: SELECT struct<a:int,b:int,input__file__name:string>
2024-04-23T21:16:08,235  INFO [LocalJobRunner Map Task Executor #0] exec.ReduceSinkOperator: Initializing Operator: RS[2]
2024-04-23T21:16:08,235  INFO [LocalJobRunner Map Task Executor #0] exec.ReduceSinkOperator: Using tag = -1
2024-04-23T21:16:08,236  INFO [LocalJobRunner Map Task Executor #0] exec.ReduceSinkOperator: keys are [reducesinkkey0, reducesinkkey1, reducesinkkey2] num distributions: 3
2024-04-23T21:16:08,236  INFO [LocalJobRunner Map Task Executor #0] exec.ReduceSinkOperator: RS[2]: records written - 1
2024-04-23T21:16:08,236  INFO [LocalJobRunner Map Task Executor #0] exec.MapOperator: MAP[0]: records read - 1
2024-04-23T21:16:08,236  INFO [LocalJobRunner Map Task Executor #0] exec.MapOperator: Closing Operator: MAP[0]
2024-04-23T21:16:08,236  INFO [LocalJobRunner Map Task Executor #0] exec.MapOperator: MAP[0]: Total records read - 1. abort - false
2024-04-23T21:16:08,236  INFO [LocalJobRunner Map Task Executor #0] exec.MapOperator: RECORDS_IN:1, RECORDS_OUT_OPERATOR_MAP_0:0, DESERIALIZE_ERRORS:0, RECORDS_OUT_INTERMEDIATE:0, 
2024-04-23T21:16:08,236  INFO [LocalJobRunner Map Task Executor #0] exec.TableScanOperator: Closing Operator: TS[0]
2024-04-23T21:16:08,236  INFO [LocalJobRunner Map Task Executor #0] exec.TableScanOperator: RECORDS_OUT_INTERMEDIATE:0, RECORDS_OUT_OPERATOR_TS_0:1, 
2024-04-23T21:16:08,236  INFO [LocalJobRunner Map Task Executor #0] exec.SelectOperator: Closing Operator: SEL[1]
2024-04-23T21:16:08,236  INFO [LocalJobRunner Map Task Executor #0] exec.SelectOperator: RECORDS_OUT_OPERATOR_SEL_1:1, RECORDS_OUT_INTERMEDIATE:0, 
2024-04-23T21:16:08,236  INFO [LocalJobRunner Map Task Executor #0] exec.ReduceSinkOperator: Closing Operator: RS[2]
2024-04-23T21:16:08,236  INFO [LocalJobRunner Map Task Executor #0] exec.ReduceSinkOperator: RS[2]: Total records written - 1. abort - false
2024-04-23T21:16:08,236  INFO [LocalJobRunner Map Task Executor #0] exec.ReduceSinkOperator: RECORDS_OUT_INTERMEDIATE:1, RECORDS_OUT_OPERATOR_RS_2:1, 
2024-04-23T21:16:08,237  INFO [LocalJobRunner Map Task Executor #0] mapred.LocalJobRunner: 
2024-04-23T21:16:08,237  INFO [LocalJobRunner Map Task Executor #0] mapred.MapTask: Starting flush of map output
2024-04-23T21:16:08,237  INFO [LocalJobRunner Map Task Executor #0] mapred.MapTask: Spilling map output
2024-04-23T21:16:08,237  INFO [LocalJobRunner Map Task Executor #0] mapred.MapTask: bufstart = 0; bufend = 153; bufvoid = 104857600
2024-04-23T21:16:08,237  INFO [LocalJobRunner Map Task Executor #0] mapred.MapTask: kvstart = 26214396(104857584); kvend = 26214396(104857584); length = 1/6553600
2024-04-23T21:16:08,245  INFO [LocalJobRunner Map Task Executor #0] mapred.MapTask: Finished spill 0
2024-04-23T21:16:08,248  INFO [LocalJobRunner Map Task Executor #0] mapred.Task: Task:attempt_local1427128205_0048_m_000003_0 is done. And is in the process of committing
2024-04-23T21:16:08,249  INFO [LocalJobRunner Map Task Executor #0] mapred.LocalJobRunner: map
2024-04-23T21:16:08,249  INFO [LocalJobRunner Map Task Executor #0] mapred.Task: Task 'attempt_local1427128205_0048_m_000003_0' done.
2024-04-23T21:16:08,249  INFO [LocalJobRunner Map Task Executor #0] mapred.Task: Final Counters for attempt_local1427128205_0048_m_000003_0: Counters: 24
	File System Counters
		FILE: Number of bytes read=1084661
		FILE: Number of bytes written=56511059
		FILE: Number of read operations=0
		FILE: Number of large read operations=0
		FILE: Number of write operations=0
	Map-Reduce Framework
		Map input records=1
		Map output records=1
		Map output bytes=153
		Map output materialized bytes=162
		Input split bytes=459
		Combine input records=0
		Spilled Records=1
		Failed Shuffles=0
		Merged Map outputs=0
		GC time elapsed (ms)=0
		Total committed heap usage (bytes)=1189085184
	HIVE
		DESERIALIZE_ERRORS=0
		RECORDS_IN=1
		RECORDS_OUT_INTERMEDIATE=1
		RECORDS_OUT_OPERATOR_MAP_0=0
		RECORDS_OUT_OPERATOR_RS_2=1
		RECORDS_OUT_OPERATOR_SEL_1=1
		RECORDS_OUT_OPERATOR_TS_0=1
	File Input Format Counters 
		Bytes Read=5671
2024-04-23T21:16:08,249  INFO [LocalJobRunner Map Task Executor #0] mapred.LocalJobRunner: Finishing task: attempt_local1427128205_0048_m_000003_0
2024-04-23T21:16:08,249  INFO [Thread-3109] mapred.LocalJobRunner: map task executor complete.
2024-04-23T21:16:08,250  INFO [Thread-3109] mapred.LocalJobRunner: Waiting for reduce tasks
2024-04-23T21:16:08,250  INFO [pool-212-thread-1] mapred.LocalJobRunner: Starting task: attempt_local1427128205_0048_r_000000_0
2024-04-23T21:16:08,250  INFO [pool-212-thread-1] mapred.Task:  Using ResourceCalculatorProcessTree : [ ]
2024-04-23T21:16:08,250  INFO [pool-212-thread-1] mapred.ReduceTask: Using ShuffleConsumerPlugin: org.apache.hadoop.mapreduce.task.reduce.Shuffle@83bda69
2024-04-23T21:16:08,250  WARN [pool-212-thread-1] impl.MetricsSystemImpl: JobTracker metrics system already initialized!
2024-04-23T21:16:08,251  INFO [pool-212-thread-1] reduce.MergeManagerImpl: MergerManager: memoryLimit=1336252800, maxSingleShuffleLimit=334063200, mergeThreshold=881926912, ioSortFactor=10, memToMemMergeOutputsThreshold=10
2024-04-23T21:16:08,252  INFO [EventFetcher for fetching Map Completion Events] reduce.EventFetcher: attempt_local1427128205_0048_r_000000_0 Thread started: EventFetcher for fetching Map Completion Events
2024-04-23T21:16:08,253  INFO [localfetcher#30] reduce.LocalFetcher: localfetcher#30 about to shuffle output of map attempt_local1427128205_0048_m_000003_0 decomp: 158 len: 162 to MEMORY
2024-04-23T21:16:08,253  INFO [localfetcher#30] reduce.InMemoryMapOutput: Read 158 bytes from map-output for attempt_local1427128205_0048_m_000003_0
2024-04-23T21:16:08,253  INFO [localfetcher#30] reduce.MergeManagerImpl: closeInMemoryFile -> map-output of size: 158, inMemoryMapOutputs.size() -> 1, commitMemory -> 0, usedMemory ->158
2024-04-23T21:16:08,255  INFO [localfetcher#30] reduce.LocalFetcher: localfetcher#30 about to shuffle output of map attempt_local1427128205_0048_m_000000_0 decomp: 300 len: 304 to MEMORY
2024-04-23T21:16:08,255  INFO [localfetcher#30] reduce.InMemoryMapOutput: Read 300 bytes from map-output for attempt_local1427128205_0048_m_000000_0
2024-04-23T21:16:08,255  INFO [localfetcher#30] reduce.MergeManagerImpl: closeInMemoryFile -> map-output of size: 300, inMemoryMapOutputs.size() -> 2, commitMemory -> 158, usedMemory ->458
2024-04-23T21:16:08,257  INFO [localfetcher#30] reduce.LocalFetcher: localfetcher#30 about to shuffle output of map attempt_local1427128205_0048_m_000001_0 decomp: 151 len: 155 to MEMORY
2024-04-23T21:16:08,258  INFO [localfetcher#30] reduce.InMemoryMapOutput: Read 151 bytes from map-output for attempt_local1427128205_0048_m_000001_0
2024-04-23T21:16:08,258  INFO [localfetcher#30] reduce.MergeManagerImpl: closeInMemoryFile -> map-output of size: 151, inMemoryMapOutputs.size() -> 3, commitMemory -> 458, usedMemory ->609
2024-04-23T21:16:08,260  INFO [localfetcher#30] reduce.LocalFetcher: localfetcher#30 about to shuffle output of map attempt_local1427128205_0048_m_000002_0 decomp: 300 len: 304 to MEMORY
2024-04-23T21:16:08,260  INFO [localfetcher#30] reduce.InMemoryMapOutput: Read 300 bytes from map-output for attempt_local1427128205_0048_m_000002_0
2024-04-23T21:16:08,260  INFO [localfetcher#30] reduce.MergeManagerImpl: closeInMemoryFile -> map-output of size: 300, inMemoryMapOutputs.size() -> 4, commitMemory -> 609, usedMemory ->909
2024-04-23T21:16:08,260  INFO [EventFetcher for fetching Map Completion Events] reduce.EventFetcher: EventFetcher is interrupted.. Returning
2024-04-23T21:16:08,261  INFO [pool-212-thread-1] mapred.LocalJobRunner: 4 / 4 copied.
2024-04-23T21:16:08,261  INFO [pool-212-thread-1] reduce.MergeManagerImpl: finalMerge called with 4 in-memory map-outputs and 0 on-disk map-outputs
2024-04-23T21:16:08,268  INFO [pool-212-thread-1] mapred.Merger: Merging 4 sorted segments
2024-04-23T21:16:08,268  INFO [pool-212-thread-1] mapred.Merger: Down to the last merge-pass, with 4 segments left of total size: 322 bytes
2024-04-23T21:16:08,275  INFO [pool-212-thread-1] reduce.MergeManagerImpl: Merged 4 segments, 909 bytes to disk to satisfy reduce memory limit
2024-04-23T21:16:08,275  INFO [pool-212-thread-1] reduce.MergeManagerImpl: Merging 1 files, 907 bytes from disk
2024-04-23T21:16:08,275  INFO [pool-212-thread-1] reduce.MergeManagerImpl: Merging 0 segments, 0 bytes from memory into reduce
2024-04-23T21:16:08,275  INFO [pool-212-thread-1] mapred.Merger: Merging 1 sorted segments
2024-04-23T21:16:08,276  INFO [pool-212-thread-1] mapred.Merger: Down to the last merge-pass, with 1 segments left of total size: 758 bytes
2024-04-23T21:16:08,276  INFO [pool-212-thread-1] mapred.LocalJobRunner: 4 / 4 copied.
2024-04-23T21:16:08,277  INFO [pool-212-thread-1] exec.SerializationUtilities: Deserializing ReduceWork using kryo
2024-04-23T21:16:08,279  INFO [pool-212-thread-1] exec.Utilities: Deserialized plan (via FILE) - name: null size: 5,69KB
2024-04-23T21:16:08,281  INFO [pool-212-thread-1] ExecReducer: 
<SEL>Id =3
  <Children>
    <FS>Id =4
      <Children>
      <\Children>
      <Parent>Id = 3 null<\Parent>
    <\FS>
  <\Children>
  <Parent><\Parent>
<\SEL>
2024-04-23T21:16:08,281  INFO [pool-212-thread-1] exec.SelectOperator: Initializing Operator: SEL[3]
2024-04-23T21:16:08,281  INFO [pool-212-thread-1] exec.SelectOperator: SELECT struct<key:struct<reducesinkkey0:int,reducesinkkey1:int,reducesinkkey2:string>,value:struct<>>
2024-04-23T21:16:08,282  INFO [pool-212-thread-1] exec.FileSinkOperator: Initializing Operator: FS[4]
2024-04-23T21:16:08,283  INFO [pool-212-thread-1] exec.FileSinkOperator: Using serializer : class org.apache.hadoop.hive.serde2.lazy.LazySimpleSerDe [serdeParams=org.apache.hadoop.hive.serde2.lazy.LazySerDeParameters@4c933fcc, cachedObjectInspector=org.apache.hadoop.hive.serde2.lazy.objectinspector.LazySimpleStructObjectInspector<org.apache.hadoop.hive.serde2.lazy.objectinspector.primitive.LazyIntObjectInspector@4dea763c,org.apache.hadoop.hive.serde2.lazy.objectinspector.primitive.LazyIntObjectInspector@4dea763c,org.apache.hadoop.hive.serde2.lazy.objectinspector.primitive.LazyStringObjectInspector@41fdb59c>, serializedSize=0, stats=org.apache.hadoop.hive.serde2.SerDeStats@58bdc252, lastOperationSerialize=false, lastOperationDeserialize=false [1, 2, 3, 4, 5, 6, 7, 8, 11, 14, 15, 16, 17, 18, 19, 20, 21, 22, 23, 24, 25, 26, 28, 29, 30, 31, -128, -127, -126, -125, -124, -123, -122, -121, -120, -119, -118, -117, -116, -115, -114, -113, -112, -111, -110, -109, -108, -107, -106, -105, -104, -103, -102, -101, -100, -99, -98, -97, -96, -95, -94, -93, -92, -91, -90, -89, -88, -87, -86, -85, -84, -83, -82, -81, -80, -79, -78, -77, -76, -75, -74, -73, -72, -71, -70, -69, -68, -67, -66, -65, -64, -63, -62, -61, -60, -59, -58, -57, -56, -55, -54, -53, -52, -51, -50, -49, -48, -47, -46, -45, -44, -43, -42, -41, -40, -39, -38, -37, -36, -35, -34, -33, -32, -31, -30, -29, -28, -27, -26, -25, -24, -23, -22, -21, -20, -19, -18, -17, -16, -15, -14, -13, -12, -11, -10, -9, -8, -7, -6, -5, -4, -3, -2, -1] : [_col0, _col1, _col2] : [int, int, string]] and formatter : org.apache.hadoop.hive.ql.io.HiveSequenceFileOutputFormat@729c7894
2024-04-23T21:16:08,284  INFO [pool-212-thread-1] exec.FileSinkOperator: Final Path: FS file:/home/alex/Repositories/hive/ql/target/tmp/localscratchdir/78357cd1-4678-4ed2-8a01-459d6a9a75f4/hive_2024-04-23_21-16-07_741_6083762497372077590-1/-mr-10001/.hive-staging_hive_2024-04-23_21-16-07_741_6083762497372077590-1/_tmp.-ext-10002/000000_0
2024-04-23T21:16:08,284  INFO [pool-212-thread-1] exec.FileSinkOperator: Writing to temp file: FS file:/home/alex/Repositories/hive/ql/target/tmp/localscratchdir/78357cd1-4678-4ed2-8a01-459d6a9a75f4/hive_2024-04-23_21-16-07_741_6083762497372077590-1/-mr-10001/.hive-staging_hive_2024-04-23_21-16-07_741_6083762497372077590-1/_task_tmp.-ext-10002/_tmp.000000_0
2024-04-23T21:16:08,284  INFO [pool-212-thread-1] exec.FileSinkOperator: New Final Path: FS file:/home/alex/Repositories/hive/ql/target/tmp/localscratchdir/78357cd1-4678-4ed2-8a01-459d6a9a75f4/hive_2024-04-23_21-16-07_741_6083762497372077590-1/-mr-10001/.hive-staging_hive_2024-04-23_21-16-07_741_6083762497372077590-1/_tmp.-ext-10002/000000_0
2024-04-23T21:16:08,303  INFO [pool-212-thread-1] exec.FileSinkOperator: FS[4]: records written - 1
2024-04-23T21:16:08,304  INFO [pool-212-thread-1] exec.SelectOperator: Closing Operator: SEL[3]
2024-04-23T21:16:08,304  INFO [pool-212-thread-1] exec.SelectOperator: RECORDS_OUT_INTERMEDIATE:0, RECORDS_OUT_OPERATOR_SEL_3:6, 
2024-04-23T21:16:08,304  INFO [pool-212-thread-1] exec.FileSinkOperator: Closing Operator: FS[4]
2024-04-23T21:16:08,305  INFO [pool-212-thread-1] exec.FileSinkOperator: FS[4]: records written - 6
2024-04-23T21:16:08,306  INFO [pool-212-thread-1] exec.FileSinkOperator: RECORDS_OUT_0:6, RECORDS_OUT_INTERMEDIATE:0, RECORDS_OUT_OPERATOR_FS_4:6, 
2024-04-23T21:16:08,306  INFO [pool-212-thread-1] mapred.Task: Task:attempt_local1427128205_0048_r_000000_0 is done. And is in the process of committing
2024-04-23T21:16:08,307  INFO [pool-212-thread-1] mapred.LocalJobRunner: reduce > reduce
2024-04-23T21:16:08,308  INFO [pool-212-thread-1] mapred.Task: Task 'attempt_local1427128205_0048_r_000000_0' done.
2024-04-23T21:16:08,308  INFO [pool-212-thread-1] mapred.Task: Final Counters for attempt_local1427128205_0048_r_000000_0: Counters: 29
	File System Counters
		FILE: Number of bytes read=1092373
		FILE: Number of bytes written=56512937
		FILE: Number of read operations=0
		FILE: Number of large read operations=0
		FILE: Number of write operations=0
	Map-Reduce Framework
		Combine input records=0
		Combine output records=0
		Reduce input groups=6
		Reduce shuffle bytes=925
		Reduce input records=6
		Reduce output records=0
		Spilled Records=6
		Shuffled Maps =4
		Failed Shuffles=0
		Merged Map outputs=4
		GC time elapsed (ms)=0
		Total committed heap usage (bytes)=1189085184
	HIVE
		CREATED_FILES=1
		RECORDS_OUT_0=6
		RECORDS_OUT_INTERMEDIATE=0
		RECORDS_OUT_OPERATOR_FS_4=6
		RECORDS_OUT_OPERATOR_SEL_3=6
	Shuffle Errors
		BAD_ID=0
		CONNECTION=0
		IO_ERROR=0
		WRONG_LENGTH=0
		WRONG_MAP=0
		WRONG_REDUCE=0
	File Output Format Counters 
		Bytes Written=0
2024-04-23T21:16:08,308  INFO [pool-212-thread-1] mapred.LocalJobRunner: Finishing task: attempt_local1427128205_0048_r_000000_0
2024-04-23T21:16:08,308  INFO [Thread-3109] mapred.LocalJobRunner: reduce task executor complete.
2024-04-23 21:16:09,145 Stage-1 map = 100%,  reduce = 100%
2024-04-23T21:16:09,145  INFO [main] exec.Task: 2024-04-23 21:16:09,145 Stage-1 map = 100%,  reduce = 100%
Ended Job = job_local1427128205_0048
2024-04-23T21:16:09,146  INFO [main] exec.Task: Ended Job = job_local1427128205_0048
2024-04-23T21:16:09,148  INFO [main] metadata.Hive: Dumping metastore api call timing information for : execution phase
2024-04-23T21:16:09,148  INFO [main] metadata.Hive: Total time spent in each metastore function (ms): {}
MapReduce Jobs Launched: 
2024-04-23T21:16:09,148  INFO [main] ql.Driver: MapReduce Jobs Launched: 
Stage-Stage-1:  HDFS Read: 0 HDFS Write: 0 SUCCESS
2024-04-23T21:16:09,148  INFO [main] ql.Driver: Stage-Stage-1:  HDFS Read: 0 HDFS Write: 0 SUCCESS
Total MapReduce CPU Time Spent: 0 msec
2024-04-23T21:16:09,149  INFO [main] ql.Driver: Total MapReduce CPU Time Spent: 0 msec
2024-04-23T21:16:09,149  INFO [main] ql.Driver: Completed executing command(queryId=alex_20240423211601_e1d0bd9b-4ccd-46a2-8720-8725741aa2a1); Time taken: 1.278 seconds
2024-04-23T21:16:09,149  INFO [main] lockmgr.DbTxnManager: Stopped heartbeat for query: alex_20240423211601_e1d0bd9b-4ccd-46a2-8720-8725741aa2a1
2024-04-23T21:16:09,153  INFO [main] txn.TxnHandler: Expected to move at least one record from txn_components to completed_txn_components when committing txn! txnid:18
2024-04-23T21:16:09,157  INFO [main] txn.TxnHandler: Removed transactions: ([18]) from MIN_HISTORY_LEVEL
2024-04-23T21:16:09,158  WARN [main] txn.CompactionTxnHandler: No compaction queue record found for Compaction type transaction commit. txnId:18
2024-04-23T21:16:09,161  INFO [main] mapred.FileInputFormat: Total input files to process : 1
2024-04-23T21:16:09,162  INFO [main] exec.ListSinkOperator: Closing Operator: LIST_SINK[5]
2024-04-23T21:16:09,162  INFO [main] exec.ListSinkOperator: RECORDS_OUT_INTERMEDIATE:0, RECORDS_OUT_OPERATOR_LIST_SINK_5:6, 
2024-04-23T21:16:09,162  WARN [main] ql.TestTxnNoBuckets: null: read data(before converting to acid): 
2024-04-23T21:16:09,162  INFO [main] ql.TestTxnNoBuckets: 1	2	file:/home/alex/Repositories/hive/ql/target/tmp/org.apache.hadoop.hive.ql.TestTxnNoBuckets-1713932056679/warehouse/t/000002_0
2	4	file:/home/alex/Repositories/hive/ql/target/tmp/org.apache.hadoop.hive.ql.TestTxnNoBuckets-1713932056679/warehouse/t/000002_0
5	6	file:/home/alex/Repositories/hive/ql/target/tmp/org.apache.hadoop.hive.ql.TestTxnNoBuckets-1713932056679/warehouse/t/000000_0
6	8	file:/home/alex/Repositories/hive/ql/target/tmp/org.apache.hadoop.hive.ql.TestTxnNoBuckets-1713932056679/warehouse/t/000001_0
9	10	file:/home/alex/Repositories/hive/ql/target/tmp/org.apache.hadoop.hive.ql.TestTxnNoBuckets-1713932056679/warehouse/t/000000_0
12	12	file:/home/alex/Repositories/hive/ql/target/tmp/org.apache.hadoop.hive.ql.TestTxnNoBuckets-1713932056679/warehouse/t/000000_0_copy_1

2024-04-23T21:16:09,163  INFO [main] ql.Context: Deleting scratch dir: file:/home/alex/Repositories/hive/ql/target/tmp/localscratchdir/78357cd1-4678-4ed2-8a01-459d6a9a75f4/hive_2024-04-23_21-16-07_741_6083762497372077590-1
2024-04-23T21:16:09,164  INFO [main] cleanup.SyncCleanupService: Deleted directory: file:/home/alex/Repositories/hive/ql/target/tmp/localscratchdir/78357cd1-4678-4ed2-8a01-459d6a9a75f4/hive_2024-04-23_21-16-07_741_6083762497372077590-1 on fs with scheme file
2024-04-23T21:16:09,165  INFO [main] ql.TxnCommandsBaseForTests: Running the query: insert into T(a,b) select a * 10, b * 10 from acidTbl where a between 1 and 3 group by a, b union all select a * 10, b * 10 from acidTbl where a between 5 and 7
2024-04-23T21:16:09,165  INFO [main] ql.Driver: Compiling command(queryId=alex_20240423211609_fa4e9f90-7cc1-473e-9b80-0c2e406f45a3): insert into T(a,b) select a * 10, b * 10 from acidTbl where a between 1 and 3 group by a, b union all select a * 10, b * 10 from acidTbl where a between 5 and 7
2024-04-23T21:16:09,168  INFO [main] txn.TxnHandler: Added entries to MIN_HISTORY_LEVEL for current txns: ([19]) with min_open_txn: 19
2024-04-23T21:16:09,169  INFO [main] lockmgr.DbTxnManager: Opened txnid:19
2024-04-23T21:16:09,169  INFO [main] parse.CalcitePlanner: Starting caching scope for: alex_20240423211609_fa4e9f90-7cc1-473e-9b80-0c2e406f45a3
2024-04-23T21:16:09,169  INFO [main] parse.CalcitePlanner: Starting Semantic Analysis
2024-04-23T21:16:09,172  INFO [main] HiveMetaStore.audit: ugi=alex	ip=unknown-ip-addr	cmd=get_table : tbl=hive.default.T	
2024-04-23T21:16:09,181  INFO [main] metastore.HMSHandler: Skipping translation for processor with null
2024-04-23T21:16:09,181  INFO [main] parse.CalcitePlanner: Completed phase 1 of Semantic Analysis
2024-04-23T21:16:09,181  INFO [main] parse.CalcitePlanner: Get metadata for source tables
2024-04-23T21:16:09,181  INFO [main] parse.CalcitePlanner: Get metadata for subqueries
2024-04-23T21:16:09,181  INFO [main] parse.CalcitePlanner: Get metadata for source tables
2024-04-23T21:16:09,181  INFO [main] HiveMetaStore.audit: ugi=alex	ip=unknown-ip-addr	cmd=get_table : tbl=hive.default.acidtbl	
2024-04-23T21:16:09,187  INFO [main] metastore.HMSHandler: Skipping translation for processor with null
2024-04-23T21:16:09,188  INFO [main] parse.CalcitePlanner: Get metadata for subqueries
2024-04-23T21:16:09,188  INFO [main] parse.CalcitePlanner: Get metadata for destination tables
2024-04-23T21:16:09,188  INFO [main] parse.CalcitePlanner: Get metadata for source tables
2024-04-23T21:16:09,188  INFO [main] parse.CalcitePlanner: Get metadata for subqueries
2024-04-23T21:16:09,188  INFO [main] parse.CalcitePlanner: Get metadata for destination tables
2024-04-23T21:16:09,188  INFO [main] parse.CalcitePlanner: Get metadata for destination tables
2024-04-23T21:16:09,188  INFO [main] HiveMetaStore.audit: ugi=alex	ip=unknown-ip-addr	cmd=get_table : tbl=hive.default.T	
2024-04-23T21:16:09,197  INFO [main] metastore.HMSHandler: Skipping translation for processor with null
2024-04-23T21:16:09,197  INFO [main] parse.CalcitePlanner: Completed getting MetaData in Semantic Analysis
2024-04-23T21:16:09,197  INFO [main] parse.CalcitePlanner: Disabling LLAP IO encode as ETL query is detected
2024-04-23T21:16:09,208  INFO [main] HiveMetaStore.audit: ugi=alex	ip=unknown-ip-addr	cmd=get_all_table_constraints : tbl=hive.default.acidtbl	
2024-04-23T21:16:09,215  INFO [main] HiveMetaStore.audit: ugi=alex	ip=unknown-ip-addr	cmd=get_all_table_constraints : tbl=hive.default.acidtbl	
2024-04-23T21:16:09,249  INFO [main] calcite.RelOptHiveTable: Calculating column statistics for default.acidtbl, projIndxSet: [0, 1], allowMissingStats: true
2024-04-23T21:16:09,249  INFO [main] HiveMetaStore.audit: ugi=alex	ip=unknown-ip-addr	cmd=get_table_statistics_req: table=hive.default.acidtbl	
2024-04-23T21:16:09,258  WARN [main] calcite.RelOptHiveTable: No Stats for default@acidtbl, Columns: b, a
No Stats for default@acidtbl, Columns: b, a
2024-04-23T21:16:09,258  INFO [main] SessionState: No Stats for default@acidtbl, Columns: b, a
2024-04-23T21:16:09,331  INFO [main] parse.CalcitePlanner: Get metadata for source tables
2024-04-23T21:16:09,331  INFO [main] parse.CalcitePlanner: Get metadata for subqueries
2024-04-23T21:16:09,331  INFO [main] parse.CalcitePlanner: Get metadata for source tables
2024-04-23T21:16:09,331  INFO [main] parse.CalcitePlanner: Get metadata for subqueries
2024-04-23T21:16:09,331  INFO [main] parse.CalcitePlanner: Get metadata for destination tables
2024-04-23T21:16:09,331  INFO [main] parse.CalcitePlanner: Get metadata for source tables
2024-04-23T21:16:09,331  INFO [main] parse.CalcitePlanner: Get metadata for subqueries
2024-04-23T21:16:09,331  INFO [main] parse.CalcitePlanner: Get metadata for destination tables
2024-04-23T21:16:09,331  INFO [main] parse.CalcitePlanner: Get metadata for destination tables
2024-04-23T21:16:09,335  INFO [main] common.FileUtils: Creating directory if it doesn't exist: file:/home/alex/Repositories/hive/ql/target/tmp/org.apache.hadoop.hive.ql.TestTxnNoBuckets-1713932056679/warehouse/t/.hive-staging_hive_2024-04-23_21-16-09_165_1062677429502974917-1
2024-04-23T21:16:09,337  INFO [main] HiveMetaStore.audit: ugi=alex	ip=unknown-ip-addr	cmd=get_not_null_constraints : tbl=hive.default.t	
2024-04-23T21:16:09,339  INFO [main] HiveMetaStore.audit: ugi=alex	ip=unknown-ip-addr	cmd=get_check_constraints : tbl=hive.default.t	
2024-04-23T21:16:09,342  INFO [main] parse.CalcitePlanner: CBO Succeeded; optimized logical plan.
2024-04-23T21:16:09,347  INFO [main] optimizer.ColumnPrunerProcFactory: RS 4 oldColExprMap: {KEY._col0=Column[_col0], KEY._col1=Column[_col1]}
2024-04-23T21:16:09,348  INFO [main] optimizer.ColumnPrunerProcFactory: RS 4 newColExprMap: {KEY._col1=Column[_col1], KEY._col0=Column[_col0]}
2024-04-23T21:16:09,351  INFO [main] optimizer.SortedDynPartitionOptimizer: Sorted dynamic partitioning optimization kicked in..
2024-04-23T21:16:09,351  INFO [main] optimizer.SortedDynPartitionOptimizer: Sorted dynamic partitioning optimization kicked in..
2024-04-23T21:16:09,360  INFO [main] HiveMetaStore.audit: ugi=alex	ip=unknown-ip-addr	cmd=get_table : tbl=hive.default.t	
2024-04-23T21:16:09,369  INFO [main] metastore.HMSHandler: Skipping translation for processor with null
2024-04-23T21:16:09,377  INFO [main] parse.CalcitePlanner: Completed plan generation
2024-04-23T21:16:09,377  INFO [main] parse.CalcitePlanner: Ending caching scope for: alex_20240423211609_fa4e9f90-7cc1-473e-9b80-0c2e406f45a3
2024-04-23T21:16:09,377  INFO [main] ql.Driver: Semantic Analysis Completed (retrial = false)
2024-04-23T21:16:09,377  INFO [main] ql.Driver: Created Hive schema: Schema(fieldSchemas:[FieldSchema(name:_col0, type:int, comment:null), FieldSchema(name:_col1, type:int, comment:null)], properties:null)
2024-04-23T21:16:09,377  INFO [main] metadata.Hive: Dumping metastore api call timing information for : compilation phase
2024-04-23T21:16:09,378  INFO [main] metadata.Hive: Total time spent in each metastore function (ms): {getValidWriteIds_(List, String)=3, getCheckConstraints_(CheckConstraintsRequest)=0, getValidTxns_(long)=0, getNotNullConstraints_(NotNullConstraintsRequest)=1, getTable_(GetTableRequest)=34, commitTxn_(CommitTxnRequest)=9, flushCache_()=0, getAllTableConstraints_(AllTableConstraintsRequest)=9, openTxn_(String, TxnType)=2, getTableColumnStatistics_(String, String, List, String)=9, isCompatibleWith_(Configuration)=0}
2024-04-23T21:16:09,378  INFO [main] ql.Driver: Completed compiling command(queryId=alex_20240423211609_fa4e9f90-7cc1-473e-9b80-0c2e406f45a3); Time taken: 0.212 seconds
2024-04-23T21:16:09,378  INFO [main] lockmgr.DbTxnManager: Setting lock request transaction to txnid:19 for queryId=alex_20240423211609_fa4e9f90-7cc1-473e-9b80-0c2e406f45a3
2024-04-23T21:16:09,378  INFO [main] lockmgr.DbLockManager: Requesting lock for queryId=alex_20240423211609_fa4e9f90-7cc1-473e-9b80-0c2e406f45a3
2024-04-23T21:16:09,390  INFO [main] lockmgr.DbLockManager: Response to queryId=alex_20240423211609_fa4e9f90-7cc1-473e-9b80-0c2e406f45a3 LockResponse(lockid:13, state:ACQUIRED)
2024-04-23T21:16:09,390  INFO [main] ql.Driver: Operation QUERY obtained 1 locks
2024-04-23T21:16:09,393  INFO [main] ql.Driver: Executing command(queryId=alex_20240423211609_fa4e9f90-7cc1-473e-9b80-0c2e406f45a3): insert into T(a,b) select a * 10, b * 10 from acidTbl where a between 1 and 3 group by a, b union all select a * 10, b * 10 from acidTbl where a between 5 and 7
2024-04-23T21:16:09,394  WARN [main] ql.Driver: Hive-on-MR is deprecated in Hive 2 and may not be available in the future versions. Consider using a different execution engine (i.e. tez, spark) or using Hive 1.X releases.
Query ID = alex_20240423211609_fa4e9f90-7cc1-473e-9b80-0c2e406f45a3
2024-04-23T21:16:09,394  INFO [main] ql.Driver: Query ID = alex_20240423211609_fa4e9f90-7cc1-473e-9b80-0c2e406f45a3
Total jobs = 2
2024-04-23T21:16:09,394  INFO [main] ql.Driver: Total jobs = 2
Launching Job 1 out of 2
2024-04-23T21:16:09,394  INFO [main] ql.Driver: Launching Job 1 out of 2
2024-04-23T21:16:09,515  INFO [main] ql.Driver: Starting task [Stage-1:MAPRED] in serial mode
2024-04-23T21:16:09,515  INFO [main] exec.Utilities: Not using thread pool for getContentSummary
2024-04-23T21:16:09,516  INFO [main] exec.Utilities: BytesPerReducer=256000000 maxReducers=1009 totalInputFileSize=1393
Number of reduce tasks not specified. Estimated from input data size: 1
2024-04-23T21:16:09,516  INFO [main] exec.Task: Number of reduce tasks not specified. Estimated from input data size: 1
In order to change the average load for a reducer (in bytes):
2024-04-23T21:16:09,516  INFO [main] exec.Task: In order to change the average load for a reducer (in bytes):
  set hive.exec.reducers.bytes.per.reducer=<number>
2024-04-23T21:16:09,516  INFO [main] exec.Task:   set hive.exec.reducers.bytes.per.reducer=<number>
In order to limit the maximum number of reducers:
2024-04-23T21:16:09,516  INFO [main] exec.Task: In order to limit the maximum number of reducers:
  set hive.exec.reducers.max=<number>
2024-04-23T21:16:09,516  INFO [main] exec.Task:   set hive.exec.reducers.max=<number>
In order to set a constant number of reducers:
2024-04-23T21:16:09,517  INFO [main] exec.Task: In order to set a constant number of reducers:
  set mapreduce.job.reduces=<number>
2024-04-23T21:16:09,517  INFO [main] exec.Task:   set mapreduce.job.reduces=<number>
2024-04-23T21:16:09,519  INFO [main] mr.ExecDriver: Using org.apache.hadoop.hive.ql.io.HiveInputFormat
2024-04-23T21:16:09,519  INFO [main] exec.Utilities: Processing alias $hdt$_0-subquery1:acidtbl
2024-04-23T21:16:09,519  INFO [main] exec.Utilities: Adding 1 inputs; the first input is file:/home/alex/Repositories/hive/ql/target/tmp/org.apache.hadoop.hive.ql.TestTxnNoBuckets-1713932056679/warehouse/acidtbl
2024-04-23T21:16:09,528  INFO [main] exec.SerializationUtilities: Serializing MapWork using kryo
2024-04-23T21:16:09,529  INFO [main] exec.Utilities: Serialized plan (via FILE) - name: null size: 5,28KB
2024-04-23T21:16:09,534  INFO [main] exec.SerializationUtilities: Serializing ReduceWork using kryo
2024-04-23T21:16:09,535  INFO [main] exec.Utilities: Serialized plan (via FILE) - name: null size: 6,89KB
2024-04-23T21:16:09,536  WARN [main] impl.MetricsSystemImpl: JobTracker metrics system already initialized!
2024-04-23T21:16:09,539  INFO [main] fs.FSStatsPublisher: created : file:/home/alex/Repositories/hive/ql/target/tmp/localscratchdir/78357cd1-4678-4ed2-8a01-459d6a9a75f4/hive_2024-04-23_21-16-09_165_1062677429502974917-1/-mr-10001
2024-04-23T21:16:09,546  WARN [main] impl.MetricsSystemImpl: JobTracker metrics system already initialized!
2024-04-23T21:16:09,553  WARN [main] mapreduce.JobResourceUploader: Hadoop command-line option parsing not performed. Implement the Tool interface and execute your application with ToolRunner to remedy this.
2024-04-23T21:16:09,557  WARN [main] mapreduce.JobResourceUploader: No job jar file set.  User classes may not be found. See Job or Job#setJar(String).
2024-04-23T21:16:09,558  INFO [main] io.HiveInputFormat: hive.io.file.readcolumn.ids = 0,1
2024-04-23T21:16:09,558  INFO [main] io.HiveInputFormat: hive.io.file.readcolumn.names = a,b
2024-04-23T21:16:09,558  INFO [main] io.HiveInputFormat: Generating splits for dirs: file:/home/alex/Repositories/hive/ql/target/tmp/org.apache.hadoop.hive.ql.TestTxnNoBuckets-1713932056679/warehouse/acidtbl
2024-04-23T21:16:09,558  INFO [main] orc.OrcInputFormat: getSplits started
2024-04-23T21:16:09,558  INFO [main] orc.OrcInputFormat: Context:: isAcid: true isVectorMode: false sarg: leaf-(BETWEEN a 1 3) minSplitSize: 1 maxSplitSize: 256000000 splitStrategy: HYBRID footerInSplits: false numBuckets: 2 numThreads: 10 cacheMemSize: 268435456 cacheStripeDetails: true useSoftReference: false writeIdList: default.acidtbl:1:9223372036854775807:: isTransactionalTable: true txnProperties: default 
2024-04-23T21:16:09,558  INFO [main] orc.OrcInputFormat: ORC pushdown predicate: leaf-(BETWEEN a 1 3)
2024-04-23T21:16:09,569  INFO [main] orc.OrcInputFormat: FooterCacheHitRatio: 0/2
2024-04-23T21:16:09,569  INFO [main] orc.OrcInputFormat: getSplits finished (#splits: 2). duration: 11 ms
2024-04-23T21:16:09,569  INFO [main] io.HiveInputFormat: number of splits 2
2024-04-23T21:16:09,587  INFO [main] mapreduce.JobSubmitter: number of splits:2
2024-04-23T21:16:09,605  INFO [main] mapreduce.JobSubmitter: Submitting tokens for job: job_local856192706_0049
2024-04-23T21:16:09,605  INFO [main] mapreduce.JobSubmitter: Executing with tokens: []
2024-04-23T21:16:09,663  INFO [main] mapreduce.Job: The url to track the job: http://localhost:8080/
Job running in-process (local Hadoop)
2024-04-23T21:16:09,663  INFO [main] exec.Task: Job running in-process (local Hadoop)
2024-04-23T21:16:09,664  INFO [Thread-3174] mapred.LocalJobRunner: OutputCommitter set in config org.apache.hadoop.hive.ql.io.HiveFileFormatUtils$NullOutputCommitter
2024-04-23T21:16:09,664  INFO [Thread-3174] mapred.LocalJobRunner: OutputCommitter is org.apache.hadoop.hive.ql.io.HiveFileFormatUtils$NullOutputCommitter
2024-04-23T21:16:09,666  INFO [Thread-3174] mapred.LocalJobRunner: Waiting for map tasks
2024-04-23T21:16:09,666  INFO [LocalJobRunner Map Task Executor #0] mapred.LocalJobRunner: Starting task: attempt_local856192706_0049_m_000000_0
2024-04-23T21:16:09,666  INFO [LocalJobRunner Map Task Executor #0] mapred.Task:  Using ResourceCalculatorProcessTree : [ ]
2024-04-23T21:16:09,667  INFO [LocalJobRunner Map Task Executor #0] mapred.MapTask: Processing split: org.apache.hadoop.hive.ql.io.orc.OrcInputFormat:OrcSplit [file:/home/alex/Repositories/hive/ql/target/tmp/org.apache.hadoop.hive.ql.TestTxnNoBuckets-1713932056679/warehouse/acidtbl/delta_0000001_0000001_0000/bucket_00001_0, start=0, length=704, isOriginal=false, fileLength=704, hasFooter=false, hasBase=true, deltas=0]
2024-04-23T21:16:09,667  INFO [LocalJobRunner Map Task Executor #0] exec.SerializationUtilities: Deserializing MapWork using kryo
2024-04-23T21:16:09,668  INFO [LocalJobRunner Map Task Executor #0] exec.Utilities: Deserialized plan (via FILE) - name: null size: 5,28KB
2024-04-23T21:16:09,669  INFO [LocalJobRunner Map Task Executor #0] orc.OrcInputFormat: ORC pushdown predicate: leaf-(BETWEEN a 1 3)
2024-04-23T21:16:09,669  INFO [LocalJobRunner Map Task Executor #0] orc.OrcRawRecordMerger: min key = null, max key = null
2024-04-23T21:16:09,669  INFO [LocalJobRunner Map Task Executor #0] orc.ReaderImpl: Reading ORC rows from file:/home/alex/Repositories/hive/ql/target/tmp/org.apache.hadoop.hive.ql.TestTxnNoBuckets-1713932056679/warehouse/acidtbl/delta_0000001_0000001_0000/bucket_00001_0 with {include: [true, true, true], offset: 0, length: 704, sarg: leaf-(BETWEEN a 1 3), schema: struct<a:int,b:int>, includeAcidColumns: true}
2024-04-23T21:16:09,670  INFO [LocalJobRunner Map Task Executor #0] orc.OrcRawRecordMerger: updated min key = null, max key = null
2024-04-23T21:16:09,670  INFO [LocalJobRunner Map Task Executor #0] mapred.MapTask: numReduceTasks: 1
2024-04-23T21:16:09,679  INFO [LocalJobRunner Map Task Executor #0] mapred.MapTask: (EQUATOR) 0 kvi 26214396(104857584)
2024-04-23T21:16:09,679  INFO [LocalJobRunner Map Task Executor #0] mapred.MapTask: mapreduce.task.io.sort.mb: 100
2024-04-23T21:16:09,679  INFO [LocalJobRunner Map Task Executor #0] mapred.MapTask: soft limit at 83886080
2024-04-23T21:16:09,679  INFO [LocalJobRunner Map Task Executor #0] mapred.MapTask: bufstart = 0; bufvoid = 104857600
2024-04-23T21:16:09,679  INFO [LocalJobRunner Map Task Executor #0] mapred.MapTask: kvstart = 26214396; length = 6553600
2024-04-23T21:16:09,680  INFO [LocalJobRunner Map Task Executor #0] mapred.MapTask: Map output collector class = org.apache.hadoop.mapred.MapTask$MapOutputBuffer
2024-04-23T21:16:09,680  INFO [LocalJobRunner Map Task Executor #0] exec.MapOperator: Initializing Operator: MAP[0]
2024-04-23T21:16:09,681  INFO [LocalJobRunner Map Task Executor #0] mr.ExecMapper: 
<MAP>Id =0
  <Children>null
  <\Children>
  <Parent><\Parent>
<\MAP>
2024-04-23T21:16:09,682  INFO [LocalJobRunner Map Task Executor #0] exec.TableScanOperator: Initializing Operator: TS[0]
2024-04-23T21:16:09,682  INFO [LocalJobRunner Map Task Executor #0] exec.FilterOperator: Initializing Operator: FIL[13]
2024-04-23T21:16:09,682  INFO [LocalJobRunner Map Task Executor #0] exec.GroupByOperator: Initializing Operator: GBY[3]
2024-04-23T21:16:09,682  INFO [LocalJobRunner Map Task Executor #0] exec.GroupByOperator: Max hash table memory: 954466304 bytes
2024-04-23T21:16:09,682  INFO [LocalJobRunner Map Task Executor #0] exec.GroupByOperator: isTez: false isLlap: false numExecutors: 1 maxMemory: 1908932608
2024-04-23T21:16:09,682  INFO [LocalJobRunner Map Task Executor #0] exec.ReduceSinkOperator: Initializing Operator: RS[4]
2024-04-23T21:16:09,682  INFO [LocalJobRunner Map Task Executor #0] exec.ReduceSinkOperator: Using tag = -1
2024-04-23T21:16:09,682  INFO [LocalJobRunner Map Task Executor #0] exec.MapOperator: MAP[0]: records read - 1
2024-04-23T21:16:09,683  INFO [LocalJobRunner Map Task Executor #0] exec.MapOperator: Closing Operator: MAP[0]
2024-04-23T21:16:09,683  INFO [LocalJobRunner Map Task Executor #0] exec.MapOperator: MAP[0]: Total records read - 3. abort - false
2024-04-23T21:16:09,683  INFO [LocalJobRunner Map Task Executor #0] exec.MapOperator: RECORDS_OUT_INTERMEDIATE:0, RECORDS_OUT_OPERATOR_MAP_0:0, RECORDS_IN:3, DESERIALIZE_ERRORS:0, 
2024-04-23T21:16:09,683  INFO [LocalJobRunner Map Task Executor #0] exec.TableScanOperator: Closing Operator: TS[0]
2024-04-23T21:16:09,683  INFO [LocalJobRunner Map Task Executor #0] exec.TableScanOperator: RECORDS_OUT_OPERATOR_TS_0:3, RECORDS_OUT_INTERMEDIATE:0, 
2024-04-23T21:16:09,683  INFO [LocalJobRunner Map Task Executor #0] exec.FilterOperator: Closing Operator: FIL[13]
2024-04-23T21:16:09,683  INFO [LocalJobRunner Map Task Executor #0] exec.FilterOperator: RECORDS_OUT_OPERATOR_FIL_13:1, RECORDS_OUT_INTERMEDIATE:0, 
2024-04-23T21:16:09,683  INFO [LocalJobRunner Map Task Executor #0] exec.GroupByOperator: Closing Operator: GBY[3]
2024-04-23T21:16:09,683  INFO [LocalJobRunner Map Task Executor #0] exec.GroupByOperator: Begin Hash Table flush: size = 1
2024-04-23T21:16:09,683  INFO [LocalJobRunner Map Task Executor #0] exec.ReduceSinkOperator: keys are [_col0, _col1] num distributions: 2
2024-04-23T21:16:09,683  INFO [LocalJobRunner Map Task Executor #0] exec.ReduceSinkOperator: RS[4]: records written - 1
2024-04-23T21:16:09,683  INFO [LocalJobRunner Map Task Executor #0] exec.GroupByOperator: RECORDS_OUT_INTERMEDIATE:0, RECORDS_OUT_OPERATOR_GBY_3:1, 
2024-04-23T21:16:09,683  INFO [LocalJobRunner Map Task Executor #0] exec.ReduceSinkOperator: Closing Operator: RS[4]
2024-04-23T21:16:09,683  INFO [LocalJobRunner Map Task Executor #0] exec.ReduceSinkOperator: RS[4]: Total records written - 1. abort - false
2024-04-23T21:16:09,683  INFO [LocalJobRunner Map Task Executor #0] exec.ReduceSinkOperator: RECORDS_OUT_OPERATOR_RS_4:1, RECORDS_OUT_INTERMEDIATE:1, 
2024-04-23T21:16:09,684  INFO [LocalJobRunner Map Task Executor #0] mapred.LocalJobRunner: 
2024-04-23T21:16:09,684  INFO [LocalJobRunner Map Task Executor #0] mapred.MapTask: Starting flush of map output
2024-04-23T21:16:09,684  INFO [LocalJobRunner Map Task Executor #0] mapred.MapTask: Spilling map output
2024-04-23T21:16:09,684  INFO [LocalJobRunner Map Task Executor #0] mapred.MapTask: bufstart = 0; bufend = 19; bufvoid = 104857600
2024-04-23T21:16:09,684  INFO [LocalJobRunner Map Task Executor #0] mapred.MapTask: kvstart = 26214396(104857584); kvend = 26214396(104857584); length = 1/6553600
2024-04-23T21:16:09,694  INFO [LocalJobRunner Map Task Executor #0] mapred.MapTask: Finished spill 0
2024-04-23T21:16:09,697  INFO [LocalJobRunner Map Task Executor #0] mapred.Task: Task:attempt_local856192706_0049_m_000000_0 is done. And is in the process of committing
2024-04-23T21:16:09,697  INFO [LocalJobRunner Map Task Executor #0] mapred.LocalJobRunner: OrcSplit [file:/home/alex/Repositories/hive/ql/target/tmp/org.apache.hadoop.hive.ql.TestTxnNoBuckets-1713932056679/warehouse/acidtbl/delta_0000001_0000001_0000/bucket_00001_0, start=0, length=704, isOriginal=false, fileLength=704, hasFooter=false, hasBase=true, deltas=0]
2024-04-23T21:16:09,697  INFO [LocalJobRunner Map Task Executor #0] mapred.Task: Task 'attempt_local856192706_0049_m_000000_0' done.
2024-04-23T21:16:09,697  INFO [LocalJobRunner Map Task Executor #0] mapred.Task: Final Counters for attempt_local856192706_0049_m_000000_0: Counters: 25
	File System Counters
		FILE: Number of bytes read=1103369
		FILE: Number of bytes written=57692652
		FILE: Number of read operations=0
		FILE: Number of large read operations=0
		FILE: Number of write operations=0
	Map-Reduce Framework
		Map input records=3
		Map output records=1
		Map output bytes=19
		Map output materialized bytes=27
		Input split bytes=497
		Combine input records=0
		Spilled Records=1
		Failed Shuffles=0
		Merged Map outputs=0
		GC time elapsed (ms)=4
		Total committed heap usage (bytes)=1189609472
	HIVE
		DESERIALIZE_ERRORS=0
		RECORDS_IN=3
		RECORDS_OUT_INTERMEDIATE=1
		RECORDS_OUT_OPERATOR_FIL_13=1
		RECORDS_OUT_OPERATOR_GBY_3=1
		RECORDS_OUT_OPERATOR_MAP_0=0
		RECORDS_OUT_OPERATOR_RS_4=1
		RECORDS_OUT_OPERATOR_TS_0=3
	File Input Format Counters 
		Bytes Read=8954
2024-04-23T21:16:09,697  INFO [LocalJobRunner Map Task Executor #0] mapred.LocalJobRunner: Finishing task: attempt_local856192706_0049_m_000000_0
2024-04-23T21:16:09,697  INFO [LocalJobRunner Map Task Executor #0] mapred.LocalJobRunner: Starting task: attempt_local856192706_0049_m_000001_0
2024-04-23T21:16:09,698  INFO [LocalJobRunner Map Task Executor #0] mapred.Task:  Using ResourceCalculatorProcessTree : [ ]
2024-04-23T21:16:09,698  INFO [LocalJobRunner Map Task Executor #0] mapred.MapTask: Processing split: org.apache.hadoop.hive.ql.io.orc.OrcInputFormat:OrcSplit [file:/home/alex/Repositories/hive/ql/target/tmp/org.apache.hadoop.hive.ql.TestTxnNoBuckets-1713932056679/warehouse/acidtbl/delta_0000001_0000001_0000/bucket_00000_0, start=0, length=688, isOriginal=false, fileLength=688, hasFooter=false, hasBase=true, deltas=0]
2024-04-23T21:16:09,699  INFO [LocalJobRunner Map Task Executor #0] exec.SerializationUtilities: Deserializing MapWork using kryo
2024-04-23T21:16:09,699  INFO [LocalJobRunner Map Task Executor #0] exec.Utilities: Deserialized plan (via FILE) - name: null size: 5,28KB
2024-04-23T21:16:09,700  INFO [LocalJobRunner Map Task Executor #0] orc.OrcInputFormat: ORC pushdown predicate: leaf-(BETWEEN a 1 3)
2024-04-23T21:16:09,700  INFO [LocalJobRunner Map Task Executor #0] orc.OrcRawRecordMerger: min key = null, max key = null
2024-04-23T21:16:09,700  INFO [LocalJobRunner Map Task Executor #0] orc.ReaderImpl: Reading ORC rows from file:/home/alex/Repositories/hive/ql/target/tmp/org.apache.hadoop.hive.ql.TestTxnNoBuckets-1713932056679/warehouse/acidtbl/delta_0000001_0000001_0000/bucket_00000_0 with {include: [true, true, true], offset: 0, length: 688, sarg: leaf-(BETWEEN a 1 3), schema: struct<a:int,b:int>, includeAcidColumns: true}
2024-04-23T21:16:09,701  INFO [LocalJobRunner Map Task Executor #0] orc.OrcRawRecordMerger: updated min key = null, max key = null
2024-04-23T21:16:09,702  INFO [LocalJobRunner Map Task Executor #0] mapred.MapTask: numReduceTasks: 1
2024-04-23T21:16:09,706  INFO [LocalJobRunner Map Task Executor #0] mapred.MapTask: (EQUATOR) 0 kvi 26214396(104857584)
2024-04-23T21:16:09,706  INFO [LocalJobRunner Map Task Executor #0] mapred.MapTask: mapreduce.task.io.sort.mb: 100
2024-04-23T21:16:09,706  INFO [LocalJobRunner Map Task Executor #0] mapred.MapTask: soft limit at 83886080
2024-04-23T21:16:09,706  INFO [LocalJobRunner Map Task Executor #0] mapred.MapTask: bufstart = 0; bufvoid = 104857600
2024-04-23T21:16:09,706  INFO [LocalJobRunner Map Task Executor #0] mapred.MapTask: kvstart = 26214396; length = 6553600
2024-04-23T21:16:09,706  INFO [LocalJobRunner Map Task Executor #0] mapred.MapTask: Map output collector class = org.apache.hadoop.mapred.MapTask$MapOutputBuffer
2024-04-23T21:16:09,707  INFO [LocalJobRunner Map Task Executor #0] exec.MapOperator: Initializing Operator: MAP[0]
2024-04-23T21:16:09,707  INFO [LocalJobRunner Map Task Executor #0] mr.ExecMapper: 
<MAP>Id =0
  <Children>null
  <\Children>
  <Parent><\Parent>
<\MAP>
2024-04-23T21:16:09,708  INFO [LocalJobRunner Map Task Executor #0] exec.TableScanOperator: Initializing Operator: TS[0]
2024-04-23T21:16:09,708  INFO [LocalJobRunner Map Task Executor #0] exec.FilterOperator: Initializing Operator: FIL[13]
2024-04-23T21:16:09,708  INFO [LocalJobRunner Map Task Executor #0] exec.GroupByOperator: Initializing Operator: GBY[3]
2024-04-23T21:16:09,708  INFO [LocalJobRunner Map Task Executor #0] exec.GroupByOperator: Max hash table memory: 954466304 bytes
2024-04-23T21:16:09,708  INFO [LocalJobRunner Map Task Executor #0] exec.GroupByOperator: isTez: false isLlap: false numExecutors: 1 maxMemory: 1908932608
2024-04-23T21:16:09,708  INFO [LocalJobRunner Map Task Executor #0] exec.ReduceSinkOperator: Initializing Operator: RS[4]
2024-04-23T21:16:09,708  INFO [LocalJobRunner Map Task Executor #0] exec.ReduceSinkOperator: Using tag = -1
2024-04-23T21:16:09,709  INFO [LocalJobRunner Map Task Executor #0] exec.MapOperator: MAP[0]: records read - 1
2024-04-23T21:16:09,709  INFO [LocalJobRunner Map Task Executor #0] exec.MapOperator: Closing Operator: MAP[0]
2024-04-23T21:16:09,709  INFO [LocalJobRunner Map Task Executor #0] exec.MapOperator: MAP[0]: Total records read - 2. abort - false
2024-04-23T21:16:09,709  INFO [LocalJobRunner Map Task Executor #0] exec.MapOperator: RECORDS_OUT_OPERATOR_MAP_0:0, DESERIALIZE_ERRORS:0, RECORDS_IN:2, RECORDS_OUT_INTERMEDIATE:0, 
2024-04-23T21:16:09,709  INFO [LocalJobRunner Map Task Executor #0] exec.TableScanOperator: Closing Operator: TS[0]
2024-04-23T21:16:09,709  INFO [LocalJobRunner Map Task Executor #0] exec.TableScanOperator: RECORDS_OUT_OPERATOR_TS_0:2, RECORDS_OUT_INTERMEDIATE:0, 
2024-04-23T21:16:09,709  INFO [LocalJobRunner Map Task Executor #0] exec.FilterOperator: Closing Operator: FIL[13]
2024-04-23T21:16:09,709  INFO [LocalJobRunner Map Task Executor #0] exec.FilterOperator: RECORDS_OUT_OPERATOR_FIL_13:1, RECORDS_OUT_INTERMEDIATE:0, 
2024-04-23T21:16:09,709  INFO [LocalJobRunner Map Task Executor #0] exec.GroupByOperator: Closing Operator: GBY[3]
2024-04-23T21:16:09,709  INFO [LocalJobRunner Map Task Executor #0] exec.GroupByOperator: Begin Hash Table flush: size = 1
2024-04-23T21:16:09,709  INFO [LocalJobRunner Map Task Executor #0] exec.ReduceSinkOperator: keys are [_col0, _col1] num distributions: 2
2024-04-23T21:16:09,709  INFO [LocalJobRunner Map Task Executor #0] exec.ReduceSinkOperator: RS[4]: records written - 1
2024-04-23T21:16:09,710  INFO [LocalJobRunner Map Task Executor #0] exec.GroupByOperator: RECORDS_OUT_OPERATOR_GBY_3:1, RECORDS_OUT_INTERMEDIATE:0, 
2024-04-23T21:16:09,710  INFO [LocalJobRunner Map Task Executor #0] exec.ReduceSinkOperator: Closing Operator: RS[4]
2024-04-23T21:16:09,710  INFO [LocalJobRunner Map Task Executor #0] exec.ReduceSinkOperator: RS[4]: Total records written - 1. abort - false
2024-04-23T21:16:09,710  INFO [LocalJobRunner Map Task Executor #0] exec.ReduceSinkOperator: RECORDS_OUT_INTERMEDIATE:1, RECORDS_OUT_OPERATOR_RS_4:1, 
2024-04-23T21:16:09,710  INFO [LocalJobRunner Map Task Executor #0] mapred.LocalJobRunner: 
2024-04-23T21:16:09,710  INFO [LocalJobRunner Map Task Executor #0] mapred.MapTask: Starting flush of map output
2024-04-23T21:16:09,710  INFO [LocalJobRunner Map Task Executor #0] mapred.MapTask: Spilling map output
2024-04-23T21:16:09,710  INFO [LocalJobRunner Map Task Executor #0] mapred.MapTask: bufstart = 0; bufend = 19; bufvoid = 104857600
2024-04-23T21:16:09,710  INFO [LocalJobRunner Map Task Executor #0] mapred.MapTask: kvstart = 26214396(104857584); kvend = 26214396(104857584); length = 1/6553600
2024-04-23T21:16:09,718  INFO [LocalJobRunner Map Task Executor #0] mapred.MapTask: Finished spill 0
2024-04-23T21:16:09,720  INFO [LocalJobRunner Map Task Executor #0] mapred.Task: Task:attempt_local856192706_0049_m_000001_0 is done. And is in the process of committing
2024-04-23T21:16:09,721  INFO [LocalJobRunner Map Task Executor #0] mapred.LocalJobRunner: OrcSplit [file:/home/alex/Repositories/hive/ql/target/tmp/org.apache.hadoop.hive.ql.TestTxnNoBuckets-1713932056679/warehouse/acidtbl/delta_0000001_0000001_0000/bucket_00000_0, start=0, length=688, isOriginal=false, fileLength=688, hasFooter=false, hasBase=true, deltas=0]
2024-04-23T21:16:09,721  INFO [LocalJobRunner Map Task Executor #0] mapred.Task: Task 'attempt_local856192706_0049_m_000001_0' done.
2024-04-23T21:16:09,721  INFO [LocalJobRunner Map Task Executor #0] mapred.Task: Final Counters for attempt_local856192706_0049_m_000001_0: Counters: 25
	File System Counters
		FILE: Number of bytes read=1113260
		FILE: Number of bytes written=57692711
		FILE: Number of read operations=0
		FILE: Number of large read operations=0
		FILE: Number of write operations=0
	Map-Reduce Framework
		Map input records=2
		Map output records=1
		Map output bytes=19
		Map output materialized bytes=27
		Input split bytes=497
		Combine input records=0
		Spilled Records=1
		Failed Shuffles=0
		Merged Map outputs=0
		GC time elapsed (ms)=0
		Total committed heap usage (bytes)=1189609472
	HIVE
		DESERIALIZE_ERRORS=0
		RECORDS_IN=2
		RECORDS_OUT_INTERMEDIATE=1
		RECORDS_OUT_OPERATOR_FIL_13=1
		RECORDS_OUT_OPERATOR_GBY_3=1
		RECORDS_OUT_OPERATOR_MAP_0=0
		RECORDS_OUT_OPERATOR_RS_4=1
		RECORDS_OUT_OPERATOR_TS_0=2
	File Input Format Counters 
		Bytes Read=8874
2024-04-23T21:16:09,721  INFO [LocalJobRunner Map Task Executor #0] mapred.LocalJobRunner: Finishing task: attempt_local856192706_0049_m_000001_0
2024-04-23T21:16:09,721  INFO [Thread-3174] mapred.LocalJobRunner: map task executor complete.
2024-04-23T21:16:09,722  INFO [Thread-3174] mapred.LocalJobRunner: Waiting for reduce tasks
2024-04-23T21:16:09,722  INFO [pool-215-thread-1] mapred.LocalJobRunner: Starting task: attempt_local856192706_0049_r_000000_0
2024-04-23T21:16:09,722  INFO [pool-215-thread-1] mapred.Task:  Using ResourceCalculatorProcessTree : [ ]
2024-04-23T21:16:09,722  INFO [pool-215-thread-1] mapred.ReduceTask: Using ShuffleConsumerPlugin: org.apache.hadoop.mapreduce.task.reduce.Shuffle@674f2fce
2024-04-23T21:16:09,723  WARN [pool-215-thread-1] impl.MetricsSystemImpl: JobTracker metrics system already initialized!
2024-04-23T21:16:09,723  INFO [pool-215-thread-1] reduce.MergeManagerImpl: MergerManager: memoryLimit=1336252800, maxSingleShuffleLimit=334063200, mergeThreshold=881926912, ioSortFactor=10, memToMemMergeOutputsThreshold=10
2024-04-23T21:16:09,724  INFO [EventFetcher for fetching Map Completion Events] reduce.EventFetcher: attempt_local856192706_0049_r_000000_0 Thread started: EventFetcher for fetching Map Completion Events
2024-04-23T21:16:09,727  INFO [localfetcher#31] reduce.LocalFetcher: localfetcher#31 about to shuffle output of map attempt_local856192706_0049_m_000000_0 decomp: 23 len: 27 to MEMORY
2024-04-23T21:16:09,727  INFO [localfetcher#31] reduce.InMemoryMapOutput: Read 23 bytes from map-output for attempt_local856192706_0049_m_000000_0
2024-04-23T21:16:09,727  INFO [localfetcher#31] reduce.MergeManagerImpl: closeInMemoryFile -> map-output of size: 23, inMemoryMapOutputs.size() -> 1, commitMemory -> 0, usedMemory ->23
2024-04-23T21:16:09,729  INFO [localfetcher#31] reduce.LocalFetcher: localfetcher#31 about to shuffle output of map attempt_local856192706_0049_m_000001_0 decomp: 23 len: 27 to MEMORY
2024-04-23T21:16:09,729  INFO [localfetcher#31] reduce.InMemoryMapOutput: Read 23 bytes from map-output for attempt_local856192706_0049_m_000001_0
2024-04-23T21:16:09,729  INFO [localfetcher#31] reduce.MergeManagerImpl: closeInMemoryFile -> map-output of size: 23, inMemoryMapOutputs.size() -> 2, commitMemory -> 23, usedMemory ->46
2024-04-23T21:16:09,730  INFO [EventFetcher for fetching Map Completion Events] reduce.EventFetcher: EventFetcher is interrupted.. Returning
2024-04-23T21:16:09,730  INFO [pool-215-thread-1] mapred.LocalJobRunner: 2 / 2 copied.
2024-04-23T21:16:09,730  INFO [pool-215-thread-1] reduce.MergeManagerImpl: finalMerge called with 2 in-memory map-outputs and 0 on-disk map-outputs
2024-04-23T21:16:09,736  INFO [pool-215-thread-1] mapred.Merger: Merging 2 sorted segments
2024-04-23T21:16:09,736  INFO [pool-215-thread-1] mapred.Merger: Down to the last merge-pass, with 2 segments left of total size: 12 bytes
2024-04-23T21:16:09,739  INFO [pool-215-thread-1] reduce.MergeManagerImpl: Merged 2 segments, 46 bytes to disk to satisfy reduce memory limit
2024-04-23T21:16:09,739  INFO [pool-215-thread-1] reduce.MergeManagerImpl: Merging 1 files, 48 bytes from disk
2024-04-23T21:16:09,739  INFO [pool-215-thread-1] reduce.MergeManagerImpl: Merging 0 segments, 0 bytes from memory into reduce
2024-04-23T21:16:09,739  INFO [pool-215-thread-1] mapred.Merger: Merging 1 sorted segments
2024-04-23T21:16:09,739  INFO [pool-215-thread-1] mapred.Merger: Down to the last merge-pass, with 1 segments left of total size: 27 bytes
2024-04-23T21:16:09,739  INFO [pool-215-thread-1] mapred.LocalJobRunner: 2 / 2 copied.
2024-04-23T21:16:09,739  INFO [pool-215-thread-1] exec.SerializationUtilities: Deserializing ReduceWork using kryo
2024-04-23T21:16:09,740  INFO [pool-215-thread-1] exec.Utilities: Deserialized plan (via FILE) - name: null size: 6,89KB
2024-04-23T21:16:09,741  INFO [pool-215-thread-1] ExecReducer: 
<GBY>Id =5
  <Children>
    <SEL>Id =6
      <Children>
        <FS>Id =17
          <Children>
          <\Children>
          <Parent>Id = 6 null<\Parent>
        <\FS>
      <\Children>
      <Parent>Id = 5 null<\Parent>
    <\SEL>
  <\Children>
  <Parent><\Parent>
<\GBY>
2024-04-23T21:16:09,741  INFO [pool-215-thread-1] exec.GroupByOperator: Initializing Operator: GBY[5]
2024-04-23T21:16:09,741  INFO [pool-215-thread-1] exec.GroupByOperator: isTez: false isLlap: false numExecutors: 1 maxMemory: 1908932608
2024-04-23T21:16:09,741  INFO [pool-215-thread-1] exec.SelectOperator: Initializing Operator: SEL[6]
2024-04-23T21:16:09,741  INFO [pool-215-thread-1] exec.SelectOperator: SELECT struct<_col0:int,_col1:int>
2024-04-23T21:16:09,741  INFO [pool-215-thread-1] exec.FileSinkOperator: Initializing Operator: FS[17]
2024-04-23T21:16:09,741  INFO [pool-215-thread-1] exec.FileSinkOperator: Using serializer : AbstractSerDe [log=org.apache.logging.slf4j.Log4jLogger@261f1262, configuration=Optional[Configuration: core-default.xml, core-site.xml, mapred-default.xml, mapred-site.xml, yarn-default.xml, yarn-site.xml, hdfs-default.xml, hdfs-site.xml, file:/home/alex/Repositories/hive/ql/target/tmp/TestTxnNoBuckets/mapred/local/localRunner/alex/job_local856192706_0049/job_local856192706_0049.xml], properties={name=default.t, columns.types=int:int, serialization.format=1, columns=a,b, numFilesErasureCoded=0, columns.comments=&amp#0;, bucketing_version=2, serialization.lib=org.apache.hadoop.hive.ql.io.orc.OrcSerde, file.inputformat=org.apache.hadoop.hive.ql.io.orc.OrcInputFormat, file.outputformat=org.apache.hadoop.hive.ql.io.orc.OrcOutputFormat, location=file:/home/alex/Repositories/hive/ql/target/tmp/org.apache.hadoop.hive.ql.TestTxnNoBuckets-1713932056679/warehouse/t, column.name.delimiter=,}, tableProperties={name=default.t, columns.types=int:int, serialization.format=1, columns=a,b, numFilesErasureCoded=0, columns.comments=&amp#0;, bucketing_version=2, serialization.lib=org.apache.hadoop.hive.ql.io.orc.OrcSerde, file.inputformat=org.apache.hadoop.hive.ql.io.orc.OrcInputFormat, location=file:/home/alex/Repositories/hive/ql/target/tmp/org.apache.hadoop.hive.ql.TestTxnNoBuckets-1713932056679/warehouse/t, file.outputformat=org.apache.hadoop.hive.ql.io.orc.OrcOutputFormat, column.name.delimiter=,}, partitionProperties=Optional.empty, columnNames=[a, b], columnTypes=[int, int], getClass()=class org.apache.hadoop.hive.ql.io.orc.OrcSerde] and formatter : org.apache.hadoop.hive.ql.io.orc.OrcOutputFormat@2b04282f
2024-04-23T21:16:09,742  INFO [pool-215-thread-1] exec.FileSinkOperator: Final Path: FS file:/home/alex/Repositories/hive/ql/target/tmp/org.apache.hadoop.hive.ql.TestTxnNoBuckets-1713932056679/warehouse/t/.hive-staging_hive_2024-04-23_21-16-09_165_1062677429502974917-1/-ext-10000/_tmp.HIVE_UNION_SUBDIR_15/000000_0
2024-04-23T21:16:09,742  INFO [pool-215-thread-1] exec.FileSinkOperator: Writing to temp file: FS file:/home/alex/Repositories/hive/ql/target/tmp/org.apache.hadoop.hive.ql.TestTxnNoBuckets-1713932056679/warehouse/t/.hive-staging_hive_2024-04-23_21-16-09_165_1062677429502974917-1/-ext-10000/_task_tmp.HIVE_UNION_SUBDIR_15/_tmp.000000_0
2024-04-23T21:16:09,742  INFO [pool-215-thread-1] exec.FileSinkOperator: New Final Path: FS file:/home/alex/Repositories/hive/ql/target/tmp/org.apache.hadoop.hive.ql.TestTxnNoBuckets-1713932056679/warehouse/t/.hive-staging_hive_2024-04-23_21-16-09_165_1062677429502974917-1/-ext-10000/_tmp.HIVE_UNION_SUBDIR_15/000000_0
2024-04-23T21:16:09,742  INFO [pool-215-thread-1] exec.FileSinkOperator: FS[17]: records written - 1
2024-04-23T21:16:09,742  INFO [pool-215-thread-1] impl.PhysicalFsWriter: ORC writer created for path: file:/home/alex/Repositories/hive/ql/target/tmp/org.apache.hadoop.hive.ql.TestTxnNoBuckets-1713932056679/warehouse/t/.hive-staging_hive_2024-04-23_21-16-09_165_1062677429502974917-1/-ext-10000/_task_tmp.HIVE_UNION_SUBDIR_15/_tmp.000000_0 with stripeSize: 67108864 blockSize: 268435456 compression: Compress: ZLIB buffer: 262144
2024-04-23T21:16:09,749  INFO [pool-215-thread-1] impl.WriterImpl: ORC writer created for path: file:/home/alex/Repositories/hive/ql/target/tmp/org.apache.hadoop.hive.ql.TestTxnNoBuckets-1713932056679/warehouse/t/.hive-staging_hive_2024-04-23_21-16-09_165_1062677429502974917-1/-ext-10000/_task_tmp.HIVE_UNION_SUBDIR_15/_tmp.000000_0 with stripeSize: 67108864 options: Compress: ZLIB buffer: 262144
2024-04-23T21:16:09,749  INFO [pool-215-thread-1] exec.GroupByOperator: Closing Operator: GBY[5]
2024-04-23T21:16:09,749  INFO [pool-215-thread-1] exec.GroupByOperator: RECORDS_OUT_OPERATOR_GBY_5:2, RECORDS_OUT_INTERMEDIATE:0, 
2024-04-23T21:16:09,749  INFO [pool-215-thread-1] exec.SelectOperator: Closing Operator: SEL[6]
2024-04-23T21:16:09,749  INFO [pool-215-thread-1] exec.SelectOperator: RECORDS_OUT_OPERATOR_SEL_6:2, RECORDS_OUT_INTERMEDIATE:0, 
2024-04-23T21:16:09,749  INFO [pool-215-thread-1] exec.FileSinkOperator: Closing Operator: FS[17]
2024-04-23T21:16:09,749  INFO [pool-215-thread-1] exec.FileSinkOperator: FS[17]: records written - 2
2024-04-23T21:16:09,755  INFO [pool-215-thread-1] exec.FileSinkOperator: TOTAL_TABLE_ROWS_WRITTEN:2, RECORDS_OUT_INTERMEDIATE:0, RECORDS_OUT_1_default.t:2, RECORDS_OUT_OPERATOR_FS_17:2, 
2024-04-23T21:16:09,755  INFO [pool-215-thread-1] mapred.Task: Task:attempt_local856192706_0049_r_000000_0 is done. And is in the process of committing
2024-04-23T21:16:09,756  INFO [pool-215-thread-1] mapred.LocalJobRunner: reduce > reduce
2024-04-23T21:16:09,756  INFO [pool-215-thread-1] mapred.Task: Task 'attempt_local856192706_0049_r_000000_0' done.
2024-04-23T21:16:09,756  INFO [pool-215-thread-1] mapred.Task: Final Counters for attempt_local856192706_0049_r_000000_0: Counters: 31
	File System Counters
		FILE: Number of bytes read=1120381
		FILE: Number of bytes written=57693104
		FILE: Number of read operations=0
		FILE: Number of large read operations=0
		FILE: Number of write operations=0
	Map-Reduce Framework
		Combine input records=0
		Combine output records=0
		Reduce input groups=2
		Reduce shuffle bytes=54
		Reduce input records=2
		Reduce output records=0
		Spilled Records=2
		Shuffled Maps =2
		Failed Shuffles=0
		Merged Map outputs=2
		GC time elapsed (ms)=0
		Total committed heap usage (bytes)=1189609472
	HIVE
		CREATED_FILES=1
		RECORDS_OUT_1_default.t=2
		RECORDS_OUT_INTERMEDIATE=0
		RECORDS_OUT_OPERATOR_FS_17=2
		RECORDS_OUT_OPERATOR_GBY_5=2
		RECORDS_OUT_OPERATOR_SEL_6=2
		TOTAL_TABLE_ROWS_WRITTEN=2
	Shuffle Errors
		BAD_ID=0
		CONNECTION=0
		IO_ERROR=0
		WRONG_LENGTH=0
		WRONG_MAP=0
		WRONG_REDUCE=0
	File Output Format Counters 
		Bytes Written=0
2024-04-23T21:16:09,756  INFO [pool-215-thread-1] mapred.LocalJobRunner: Finishing task: attempt_local856192706_0049_r_000000_0
2024-04-23T21:16:09,756  INFO [Thread-3174] mapred.LocalJobRunner: reduce task executor complete.
2024-04-23 21:16:10,665 Stage-1 map = 100%,  reduce = 100%
2024-04-23T21:16:10,665  INFO [main] exec.Task: 2024-04-23 21:16:10,665 Stage-1 map = 100%,  reduce = 100%
Ended Job = job_local856192706_0049
2024-04-23T21:16:10,666  INFO [main] exec.Task: Ended Job = job_local856192706_0049
Launching Job 2 out of 2
2024-04-23T21:16:10,669  INFO [main] ql.Driver: Launching Job 2 out of 2
2024-04-23T21:16:10,808  INFO [main] ql.Driver: Starting task [Stage-3:MAPRED] in serial mode
Number of reduce tasks is set to 0 since there's no reduce operator
2024-04-23T21:16:10,808  INFO [main] exec.Task: Number of reduce tasks is set to 0 since there's no reduce operator
2024-04-23T21:16:10,810  INFO [main] mr.ExecDriver: Using org.apache.hadoop.hive.ql.io.HiveInputFormat
2024-04-23T21:16:10,810  INFO [main] exec.Utilities: Processing alias $hdt$_0-subquery2:acidtbl
2024-04-23T21:16:10,810  INFO [main] exec.Utilities: Adding 1 inputs; the first input is file:/home/alex/Repositories/hive/ql/target/tmp/org.apache.hadoop.hive.ql.TestTxnNoBuckets-1713932056679/warehouse/acidtbl
2024-04-23T21:16:10,819  INFO [main] exec.SerializationUtilities: Serializing MapWork using kryo
2024-04-23T21:16:10,820  INFO [main] exec.Utilities: Serialized plan (via FILE) - name: null size: 6,14KB
2024-04-23T21:16:10,820  WARN [main] impl.MetricsSystemImpl: JobTracker metrics system already initialized!
2024-04-23T21:16:10,826  WARN [main] impl.MetricsSystemImpl: JobTracker metrics system already initialized!
2024-04-23T21:16:10,832  WARN [main] mapreduce.JobResourceUploader: Hadoop command-line option parsing not performed. Implement the Tool interface and execute your application with ToolRunner to remedy this.
2024-04-23T21:16:10,837  WARN [main] mapreduce.JobResourceUploader: No job jar file set.  User classes may not be found. See Job or Job#setJar(String).
2024-04-23T21:16:10,838  INFO [main] io.HiveInputFormat: hive.io.file.readcolumn.ids = 0,1
2024-04-23T21:16:10,838  INFO [main] io.HiveInputFormat: hive.io.file.readcolumn.names = a,b
2024-04-23T21:16:10,838  INFO [main] io.HiveInputFormat: Generating splits for dirs: file:/home/alex/Repositories/hive/ql/target/tmp/org.apache.hadoop.hive.ql.TestTxnNoBuckets-1713932056679/warehouse/acidtbl
2024-04-23T21:16:10,838  INFO [main] orc.OrcInputFormat: getSplits started
2024-04-23T21:16:10,839  INFO [main] orc.OrcInputFormat: Context:: isAcid: true isVectorMode: false sarg: leaf-(BETWEEN a 5 7) minSplitSize: 1 maxSplitSize: 256000000 splitStrategy: HYBRID footerInSplits: false numBuckets: 2 numThreads: 10 cacheMemSize: 268435456 cacheStripeDetails: true useSoftReference: false writeIdList: default.acidtbl:1:9223372036854775807:: isTransactionalTable: true txnProperties: default 
2024-04-23T21:16:10,839  INFO [main] orc.OrcInputFormat: ORC pushdown predicate: leaf-(BETWEEN a 5 7)
2024-04-23T21:16:10,850  INFO [main] orc.OrcInputFormat: FooterCacheHitRatio: 0/2
2024-04-23T21:16:10,850  INFO [main] orc.OrcInputFormat: getSplits finished (#splits: 2). duration: 12 ms
2024-04-23T21:16:10,850  INFO [main] io.HiveInputFormat: number of splits 2
2024-04-23T21:16:10,868  INFO [main] mapreduce.JobSubmitter: number of splits:2
2024-04-23T21:16:10,886  INFO [main] mapreduce.JobSubmitter: Submitting tokens for job: job_local1694326553_0050
2024-04-23T21:16:10,886  INFO [main] mapreduce.JobSubmitter: Executing with tokens: []
2024-04-23T21:16:10,973  INFO [main] mapreduce.Job: The url to track the job: http://localhost:8080/
Job running in-process (local Hadoop)
2024-04-23T21:16:10,973  INFO [main] exec.Task: Job running in-process (local Hadoop)
2024-04-23T21:16:10,973  INFO [Thread-3226] mapred.LocalJobRunner: OutputCommitter set in config org.apache.hadoop.hive.ql.io.HiveFileFormatUtils$NullOutputCommitter
2024-04-23T21:16:10,973  INFO [Thread-3226] mapred.LocalJobRunner: OutputCommitter is org.apache.hadoop.hive.ql.io.HiveFileFormatUtils$NullOutputCommitter
2024-04-23T21:16:10,976  INFO [Thread-3226] mapred.LocalJobRunner: Waiting for map tasks
2024-04-23T21:16:10,976  INFO [LocalJobRunner Map Task Executor #0] mapred.LocalJobRunner: Starting task: attempt_local1694326553_0050_m_000000_0
2024-04-23T21:16:10,976  INFO [LocalJobRunner Map Task Executor #0] mapred.Task:  Using ResourceCalculatorProcessTree : [ ]
2024-04-23T21:16:10,977  INFO [LocalJobRunner Map Task Executor #0] mapred.MapTask: Processing split: org.apache.hadoop.hive.ql.io.orc.OrcInputFormat:OrcSplit [file:/home/alex/Repositories/hive/ql/target/tmp/org.apache.hadoop.hive.ql.TestTxnNoBuckets-1713932056679/warehouse/acidtbl/delta_0000001_0000001_0000/bucket_00001_0, start=0, length=704, isOriginal=false, fileLength=704, hasFooter=false, hasBase=true, deltas=0]
2024-04-23T21:16:10,977  INFO [LocalJobRunner Map Task Executor #0] exec.SerializationUtilities: Deserializing MapWork using kryo
2024-04-23T21:16:10,978  INFO [LocalJobRunner Map Task Executor #0] exec.Utilities: Deserialized plan (via FILE) - name: null size: 6,14KB
2024-04-23T21:16:10,979  INFO [LocalJobRunner Map Task Executor #0] orc.OrcInputFormat: ORC pushdown predicate: leaf-(BETWEEN a 5 7)
2024-04-23T21:16:10,979  INFO [LocalJobRunner Map Task Executor #0] orc.OrcRawRecordMerger: min key = null, max key = null
2024-04-23T21:16:10,979  INFO [LocalJobRunner Map Task Executor #0] orc.ReaderImpl: Reading ORC rows from file:/home/alex/Repositories/hive/ql/target/tmp/org.apache.hadoop.hive.ql.TestTxnNoBuckets-1713932056679/warehouse/acidtbl/delta_0000001_0000001_0000/bucket_00001_0 with {include: [true, true, true], offset: 0, length: 704, sarg: leaf-(BETWEEN a 5 7), schema: struct<a:int,b:int>, includeAcidColumns: true}
2024-04-23T21:16:10,980  INFO [LocalJobRunner Map Task Executor #0] orc.OrcRawRecordMerger: updated min key = null, max key = null
2024-04-23T21:16:10,981  INFO [LocalJobRunner Map Task Executor #0] mapred.MapTask: numReduceTasks: 0
2024-04-23T21:16:10,981  INFO [LocalJobRunner Map Task Executor #0] exec.MapOperator: Initializing Operator: MAP[0]
2024-04-23T21:16:10,982  INFO [LocalJobRunner Map Task Executor #0] mr.ExecMapper: 
<MAP>Id =0
  <Children>
    <TS>Id =7
      <Children>
        <FIL>Id =14
          <Children>
            <SEL>Id =9
              <Children>
                <FS>Id =18
                  <Children>
                  <\Children>
                  <Parent>Id = 9 null<\Parent>
                <\FS>
              <\Children>
              <Parent>Id = 14 null<\Parent>
            <\SEL>
          <\Children>
          <Parent>Id = 7 null<\Parent>
        <\FIL>
      <\Children>
      <Parent>Id = 0 null<\Parent>
    <\TS>
  <\Children>
  <Parent><\Parent>
<\MAP>
2024-04-23T21:16:10,982  INFO [LocalJobRunner Map Task Executor #0] exec.TableScanOperator: Initializing Operator: TS[7]
2024-04-23T21:16:10,982  INFO [LocalJobRunner Map Task Executor #0] exec.FilterOperator: Initializing Operator: FIL[14]
2024-04-23T21:16:10,983  INFO [LocalJobRunner Map Task Executor #0] exec.SelectOperator: Initializing Operator: SEL[9]
2024-04-23T21:16:10,983  INFO [LocalJobRunner Map Task Executor #0] exec.SelectOperator: SELECT struct<a:int,b:int>
2024-04-23T21:16:10,983  INFO [LocalJobRunner Map Task Executor #0] exec.FileSinkOperator: Initializing Operator: FS[18]
2024-04-23T21:16:10,984  INFO [LocalJobRunner Map Task Executor #0] exec.FileSinkOperator: Using serializer : AbstractSerDe [log=org.apache.logging.slf4j.Log4jLogger@261f1262, configuration=Optional[Configuration: core-default.xml, core-site.xml, mapred-default.xml, mapred-site.xml, yarn-default.xml, yarn-site.xml, hdfs-default.xml, hdfs-site.xml, file:/home/alex/Repositories/hive/ql/target/tmp/TestTxnNoBuckets/mapred/local/localRunner/alex/job_local1694326553_0050/job_local1694326553_0050.xml], properties={name=default.t, columns.types=int:int, serialization.format=1, columns=a,b, numFilesErasureCoded=0, columns.comments=&amp#0;, bucketing_version=2, serialization.lib=org.apache.hadoop.hive.ql.io.orc.OrcSerde, file.inputformat=org.apache.hadoop.hive.ql.io.orc.OrcInputFormat, file.outputformat=org.apache.hadoop.hive.ql.io.orc.OrcOutputFormat, location=file:/home/alex/Repositories/hive/ql/target/tmp/org.apache.hadoop.hive.ql.TestTxnNoBuckets-1713932056679/warehouse/t, column.name.delimiter=,}, tableProperties={name=default.t, columns.types=int:int, serialization.format=1, columns=a,b, numFilesErasureCoded=0, columns.comments=&amp#0;, bucketing_version=2, serialization.lib=org.apache.hadoop.hive.ql.io.orc.OrcSerde, file.inputformat=org.apache.hadoop.hive.ql.io.orc.OrcInputFormat, location=file:/home/alex/Repositories/hive/ql/target/tmp/org.apache.hadoop.hive.ql.TestTxnNoBuckets-1713932056679/warehouse/t, file.outputformat=org.apache.hadoop.hive.ql.io.orc.OrcOutputFormat, column.name.delimiter=,}, partitionProperties=Optional.empty, columnNames=[a, b], columnTypes=[int, int], getClass()=class org.apache.hadoop.hive.ql.io.orc.OrcSerde] and formatter : org.apache.hadoop.hive.ql.io.orc.OrcOutputFormat@2f1a0337
2024-04-23T21:16:10,984  INFO [LocalJobRunner Map Task Executor #0] exec.MapOperator: MAP[0]: records read - 1
2024-04-23T21:16:10,984  INFO [LocalJobRunner Map Task Executor #0] exec.FileSinkOperator: Final Path: FS file:/home/alex/Repositories/hive/ql/target/tmp/org.apache.hadoop.hive.ql.TestTxnNoBuckets-1713932056679/warehouse/t/.hive-staging_hive_2024-04-23_21-16-09_165_1062677429502974917-1/-ext-10000/_tmp.HIVE_UNION_SUBDIR_16/000000_0
2024-04-23T21:16:10,984  INFO [LocalJobRunner Map Task Executor #0] exec.FileSinkOperator: Writing to temp file: FS file:/home/alex/Repositories/hive/ql/target/tmp/org.apache.hadoop.hive.ql.TestTxnNoBuckets-1713932056679/warehouse/t/.hive-staging_hive_2024-04-23_21-16-09_165_1062677429502974917-1/-ext-10000/_task_tmp.HIVE_UNION_SUBDIR_16/_tmp.000000_0
2024-04-23T21:16:10,984  INFO [LocalJobRunner Map Task Executor #0] exec.FileSinkOperator: New Final Path: FS file:/home/alex/Repositories/hive/ql/target/tmp/org.apache.hadoop.hive.ql.TestTxnNoBuckets-1713932056679/warehouse/t/.hive-staging_hive_2024-04-23_21-16-09_165_1062677429502974917-1/-ext-10000/_tmp.HIVE_UNION_SUBDIR_16/000000_0
2024-04-23T21:16:10,985  INFO [LocalJobRunner Map Task Executor #0] exec.FileSinkOperator: FS[18]: records written - 1
2024-04-23T21:16:10,985  INFO [LocalJobRunner Map Task Executor #0] impl.PhysicalFsWriter: ORC writer created for path: file:/home/alex/Repositories/hive/ql/target/tmp/org.apache.hadoop.hive.ql.TestTxnNoBuckets-1713932056679/warehouse/t/.hive-staging_hive_2024-04-23_21-16-09_165_1062677429502974917-1/-ext-10000/_task_tmp.HIVE_UNION_SUBDIR_16/_tmp.000000_0 with stripeSize: 67108864 blockSize: 268435456 compression: Compress: ZLIB buffer: 262144
2024-04-23T21:16:10,992  INFO [LocalJobRunner Map Task Executor #0] impl.WriterImpl: ORC writer created for path: file:/home/alex/Repositories/hive/ql/target/tmp/org.apache.hadoop.hive.ql.TestTxnNoBuckets-1713932056679/warehouse/t/.hive-staging_hive_2024-04-23_21-16-09_165_1062677429502974917-1/-ext-10000/_task_tmp.HIVE_UNION_SUBDIR_16/_tmp.000000_0 with stripeSize: 67108864 options: Compress: ZLIB buffer: 262144
2024-04-23T21:16:10,992  INFO [LocalJobRunner Map Task Executor #0] exec.MapOperator: Closing Operator: MAP[0]
2024-04-23T21:16:10,992  INFO [LocalJobRunner Map Task Executor #0] exec.MapOperator: MAP[0]: Total records read - 3. abort - false
2024-04-23T21:16:10,992  INFO [LocalJobRunner Map Task Executor #0] exec.MapOperator: RECORDS_OUT_INTERMEDIATE:0, DESERIALIZE_ERRORS:0, RECORDS_IN:3, RECORDS_OUT_OPERATOR_MAP_0:0, 
2024-04-23T21:16:10,992  INFO [LocalJobRunner Map Task Executor #0] exec.TableScanOperator: Closing Operator: TS[7]
2024-04-23T21:16:10,993  INFO [LocalJobRunner Map Task Executor #0] exec.TableScanOperator: RECORDS_OUT_OPERATOR_TS_7:3, RECORDS_OUT_INTERMEDIATE:0, 
2024-04-23T21:16:10,993  INFO [LocalJobRunner Map Task Executor #0] exec.FilterOperator: Closing Operator: FIL[14]
2024-04-23T21:16:10,993  INFO [LocalJobRunner Map Task Executor #0] exec.FilterOperator: RECORDS_OUT_INTERMEDIATE:0, RECORDS_OUT_OPERATOR_FIL_14:1, 
2024-04-23T21:16:10,993  INFO [LocalJobRunner Map Task Executor #0] exec.SelectOperator: Closing Operator: SEL[9]
2024-04-23T21:16:10,993  INFO [LocalJobRunner Map Task Executor #0] exec.SelectOperator: RECORDS_OUT_OPERATOR_SEL_9:1, RECORDS_OUT_INTERMEDIATE:0, 
2024-04-23T21:16:10,993  INFO [LocalJobRunner Map Task Executor #0] exec.FileSinkOperator: Closing Operator: FS[18]
2024-04-23T21:16:10,993  INFO [LocalJobRunner Map Task Executor #0] exec.FileSinkOperator: FS[18]: records written - 1
2024-04-23T21:16:10,994  INFO [LocalJobRunner Map Task Executor #0] exec.FileSinkOperator: RECORDS_OUT_OPERATOR_FS_18:1, TOTAL_TABLE_ROWS_WRITTEN:1, RECORDS_OUT_INTERMEDIATE:0, RECORDS_OUT_1_default.t:1, 
2024-04-23T21:16:10,995  INFO [LocalJobRunner Map Task Executor #0] mapred.LocalJobRunner: 
2024-04-23T21:16:10,995  INFO [LocalJobRunner Map Task Executor #0] mapred.Task: Task:attempt_local1694326553_0050_m_000000_0 is done. And is in the process of committing
2024-04-23T21:16:10,996  INFO [LocalJobRunner Map Task Executor #0] mapred.LocalJobRunner: OrcSplit [file:/home/alex/Repositories/hive/ql/target/tmp/org.apache.hadoop.hive.ql.TestTxnNoBuckets-1713932056679/warehouse/acidtbl/delta_0000001_0000001_0000/bucket_00001_0, start=0, length=704, isOriginal=false, fileLength=704, hasFooter=false, hasBase=true, deltas=0]
2024-04-23T21:16:10,996  INFO [LocalJobRunner Map Task Executor #0] mapred.Task: Task 'attempt_local1694326553_0050_m_000000_0' done.
2024-04-23T21:16:10,996  INFO [LocalJobRunner Map Task Executor #0] mapred.Task: Final Counters for attempt_local1694326553_0050_m_000000_0: Counters: 26
	File System Counters
		FILE: Number of bytes read=1131270
		FILE: Number of bytes written=58871364
		FILE: Number of read operations=0
		FILE: Number of large read operations=0
		FILE: Number of write operations=0
	Map-Reduce Framework
		Map input records=3
		Map output records=0
		Input split bytes=497
		Spilled Records=0
		Failed Shuffles=0
		Merged Map outputs=0
		GC time elapsed (ms)=0
		Total committed heap usage (bytes)=1189609472
	HIVE
		CREATED_FILES=1
		DESERIALIZE_ERRORS=0
		RECORDS_IN=3
		RECORDS_OUT_1_default.t=1
		RECORDS_OUT_INTERMEDIATE=0
		RECORDS_OUT_OPERATOR_FIL_14=1
		RECORDS_OUT_OPERATOR_FS_18=1
		RECORDS_OUT_OPERATOR_MAP_0=0
		RECORDS_OUT_OPERATOR_SEL_9=1
		RECORDS_OUT_OPERATOR_TS_7=3
		TOTAL_TABLE_ROWS_WRITTEN=1
	File Input Format Counters 
		Bytes Read=9818
	File Output Format Counters 
		Bytes Written=0
2024-04-23T21:16:10,996  INFO [LocalJobRunner Map Task Executor #0] mapred.LocalJobRunner: Finishing task: attempt_local1694326553_0050_m_000000_0
2024-04-23T21:16:10,996  INFO [LocalJobRunner Map Task Executor #0] mapred.LocalJobRunner: Starting task: attempt_local1694326553_0050_m_000001_0
2024-04-23T21:16:10,996  INFO [LocalJobRunner Map Task Executor #0] mapred.Task:  Using ResourceCalculatorProcessTree : [ ]
2024-04-23T21:16:10,997  INFO [LocalJobRunner Map Task Executor #0] mapred.MapTask: Processing split: org.apache.hadoop.hive.ql.io.orc.OrcInputFormat:OrcSplit [file:/home/alex/Repositories/hive/ql/target/tmp/org.apache.hadoop.hive.ql.TestTxnNoBuckets-1713932056679/warehouse/acidtbl/delta_0000001_0000001_0000/bucket_00000_0, start=0, length=688, isOriginal=false, fileLength=688, hasFooter=false, hasBase=true, deltas=0]
2024-04-23T21:16:10,997  INFO [LocalJobRunner Map Task Executor #0] exec.SerializationUtilities: Deserializing MapWork using kryo
2024-04-23T21:16:10,998  INFO [LocalJobRunner Map Task Executor #0] exec.Utilities: Deserialized plan (via FILE) - name: null size: 6,14KB
2024-04-23T21:16:10,998  INFO [LocalJobRunner Map Task Executor #0] orc.OrcInputFormat: ORC pushdown predicate: leaf-(BETWEEN a 5 7)
2024-04-23T21:16:10,999  INFO [LocalJobRunner Map Task Executor #0] orc.OrcRawRecordMerger: min key = null, max key = null
2024-04-23T21:16:10,999  INFO [LocalJobRunner Map Task Executor #0] orc.ReaderImpl: Reading ORC rows from file:/home/alex/Repositories/hive/ql/target/tmp/org.apache.hadoop.hive.ql.TestTxnNoBuckets-1713932056679/warehouse/acidtbl/delta_0000001_0000001_0000/bucket_00000_0 with {include: [true, true, true], offset: 0, length: 688, sarg: leaf-(BETWEEN a 5 7), schema: struct<a:int,b:int>, includeAcidColumns: true}
2024-04-23T21:16:10,999  INFO [LocalJobRunner Map Task Executor #0] orc.OrcRawRecordMerger: updated min key = null, max key = null
2024-04-23T21:16:11,000  INFO [LocalJobRunner Map Task Executor #0] mapred.MapTask: numReduceTasks: 0
2024-04-23T21:16:11,000  INFO [LocalJobRunner Map Task Executor #0] exec.MapOperator: Initializing Operator: MAP[0]
2024-04-23T21:16:11,001  INFO [LocalJobRunner Map Task Executor #0] mr.ExecMapper: 
<MAP>Id =0
  <Children>
    <TS>Id =7
      <Children>
        <FIL>Id =14
          <Children>
            <SEL>Id =9
              <Children>
                <FS>Id =18
                  <Children>
                  <\Children>
                  <Parent>Id = 9 null<\Parent>
                <\FS>
              <\Children>
              <Parent>Id = 14 null<\Parent>
            <\SEL>
          <\Children>
          <Parent>Id = 7 null<\Parent>
        <\FIL>
      <\Children>
      <Parent>Id = 0 null<\Parent>
    <\TS>
  <\Children>
  <Parent><\Parent>
<\MAP>
2024-04-23T21:16:11,001  INFO [LocalJobRunner Map Task Executor #0] exec.TableScanOperator: Initializing Operator: TS[7]
2024-04-23T21:16:11,001  INFO [LocalJobRunner Map Task Executor #0] exec.FilterOperator: Initializing Operator: FIL[14]
2024-04-23T21:16:11,002  INFO [LocalJobRunner Map Task Executor #0] exec.SelectOperator: Initializing Operator: SEL[9]
2024-04-23T21:16:11,002  INFO [LocalJobRunner Map Task Executor #0] exec.SelectOperator: SELECT struct<a:int,b:int>
2024-04-23T21:16:11,002  INFO [LocalJobRunner Map Task Executor #0] exec.FileSinkOperator: Initializing Operator: FS[18]
2024-04-23T21:16:11,002  INFO [LocalJobRunner Map Task Executor #0] exec.FileSinkOperator: Using serializer : AbstractSerDe [log=org.apache.logging.slf4j.Log4jLogger@261f1262, configuration=Optional[Configuration: core-default.xml, core-site.xml, mapred-default.xml, mapred-site.xml, yarn-default.xml, yarn-site.xml, hdfs-default.xml, hdfs-site.xml, file:/home/alex/Repositories/hive/ql/target/tmp/TestTxnNoBuckets/mapred/local/localRunner/alex/job_local1694326553_0050/job_local1694326553_0050.xml], properties={name=default.t, columns.types=int:int, serialization.format=1, columns=a,b, numFilesErasureCoded=0, columns.comments=&amp#0;, bucketing_version=2, serialization.lib=org.apache.hadoop.hive.ql.io.orc.OrcSerde, file.inputformat=org.apache.hadoop.hive.ql.io.orc.OrcInputFormat, file.outputformat=org.apache.hadoop.hive.ql.io.orc.OrcOutputFormat, location=file:/home/alex/Repositories/hive/ql/target/tmp/org.apache.hadoop.hive.ql.TestTxnNoBuckets-1713932056679/warehouse/t, column.name.delimiter=,}, tableProperties={name=default.t, columns.types=int:int, serialization.format=1, columns=a,b, numFilesErasureCoded=0, columns.comments=&amp#0;, bucketing_version=2, serialization.lib=org.apache.hadoop.hive.ql.io.orc.OrcSerde, file.inputformat=org.apache.hadoop.hive.ql.io.orc.OrcInputFormat, location=file:/home/alex/Repositories/hive/ql/target/tmp/org.apache.hadoop.hive.ql.TestTxnNoBuckets-1713932056679/warehouse/t, file.outputformat=org.apache.hadoop.hive.ql.io.orc.OrcOutputFormat, column.name.delimiter=,}, partitionProperties=Optional.empty, columnNames=[a, b], columnTypes=[int, int], getClass()=class org.apache.hadoop.hive.ql.io.orc.OrcSerde] and formatter : org.apache.hadoop.hive.ql.io.orc.OrcOutputFormat@147fc9c0
2024-04-23T21:16:11,003  INFO [LocalJobRunner Map Task Executor #0] exec.MapOperator: MAP[0]: records read - 1
2024-04-23T21:16:11,003  INFO [LocalJobRunner Map Task Executor #0] exec.FileSinkOperator: Final Path: FS file:/home/alex/Repositories/hive/ql/target/tmp/org.apache.hadoop.hive.ql.TestTxnNoBuckets-1713932056679/warehouse/t/.hive-staging_hive_2024-04-23_21-16-09_165_1062677429502974917-1/-ext-10000/_tmp.HIVE_UNION_SUBDIR_16/000001_0
2024-04-23T21:16:11,003  INFO [LocalJobRunner Map Task Executor #0] exec.FileSinkOperator: Writing to temp file: FS file:/home/alex/Repositories/hive/ql/target/tmp/org.apache.hadoop.hive.ql.TestTxnNoBuckets-1713932056679/warehouse/t/.hive-staging_hive_2024-04-23_21-16-09_165_1062677429502974917-1/-ext-10000/_task_tmp.HIVE_UNION_SUBDIR_16/_tmp.000001_0
2024-04-23T21:16:11,003  INFO [LocalJobRunner Map Task Executor #0] exec.FileSinkOperator: New Final Path: FS file:/home/alex/Repositories/hive/ql/target/tmp/org.apache.hadoop.hive.ql.TestTxnNoBuckets-1713932056679/warehouse/t/.hive-staging_hive_2024-04-23_21-16-09_165_1062677429502974917-1/-ext-10000/_tmp.HIVE_UNION_SUBDIR_16/000001_0
2024-04-23T21:16:11,003  INFO [LocalJobRunner Map Task Executor #0] exec.FileSinkOperator: FS[18]: records written - 1
2024-04-23T21:16:11,003  INFO [LocalJobRunner Map Task Executor #0] impl.PhysicalFsWriter: ORC writer created for path: file:/home/alex/Repositories/hive/ql/target/tmp/org.apache.hadoop.hive.ql.TestTxnNoBuckets-1713932056679/warehouse/t/.hive-staging_hive_2024-04-23_21-16-09_165_1062677429502974917-1/-ext-10000/_task_tmp.HIVE_UNION_SUBDIR_16/_tmp.000001_0 with stripeSize: 67108864 blockSize: 268435456 compression: Compress: ZLIB buffer: 262144
2024-04-23T21:16:11,008  INFO [LocalJobRunner Map Task Executor #0] impl.WriterImpl: ORC writer created for path: file:/home/alex/Repositories/hive/ql/target/tmp/org.apache.hadoop.hive.ql.TestTxnNoBuckets-1713932056679/warehouse/t/.hive-staging_hive_2024-04-23_21-16-09_165_1062677429502974917-1/-ext-10000/_task_tmp.HIVE_UNION_SUBDIR_16/_tmp.000001_0 with stripeSize: 67108864 options: Compress: ZLIB buffer: 262144
2024-04-23T21:16:11,008  INFO [LocalJobRunner Map Task Executor #0] exec.MapOperator: Closing Operator: MAP[0]
2024-04-23T21:16:11,008  INFO [LocalJobRunner Map Task Executor #0] exec.MapOperator: MAP[0]: Total records read - 2. abort - false
2024-04-23T21:16:11,008  INFO [LocalJobRunner Map Task Executor #0] exec.MapOperator: RECORDS_OUT_OPERATOR_MAP_0:0, RECORDS_OUT_INTERMEDIATE:0, RECORDS_IN:2, DESERIALIZE_ERRORS:0, 
2024-04-23T21:16:11,008  INFO [LocalJobRunner Map Task Executor #0] exec.TableScanOperator: Closing Operator: TS[7]
2024-04-23T21:16:11,008  INFO [LocalJobRunner Map Task Executor #0] exec.TableScanOperator: RECORDS_OUT_INTERMEDIATE:0, RECORDS_OUT_OPERATOR_TS_7:2, 
2024-04-23T21:16:11,008  INFO [LocalJobRunner Map Task Executor #0] exec.FilterOperator: Closing Operator: FIL[14]
2024-04-23T21:16:11,008  INFO [LocalJobRunner Map Task Executor #0] exec.FilterOperator: RECORDS_OUT_INTERMEDIATE:0, RECORDS_OUT_OPERATOR_FIL_14:1, 
2024-04-23T21:16:11,008  INFO [LocalJobRunner Map Task Executor #0] exec.SelectOperator: Closing Operator: SEL[9]
2024-04-23T21:16:11,009  INFO [LocalJobRunner Map Task Executor #0] exec.SelectOperator: RECORDS_OUT_INTERMEDIATE:0, RECORDS_OUT_OPERATOR_SEL_9:1, 
2024-04-23T21:16:11,009  INFO [LocalJobRunner Map Task Executor #0] exec.FileSinkOperator: Closing Operator: FS[18]
2024-04-23T21:16:11,009  INFO [LocalJobRunner Map Task Executor #0] exec.FileSinkOperator: FS[18]: records written - 1
2024-04-23T21:16:11,010  INFO [LocalJobRunner Map Task Executor #0] exec.FileSinkOperator: TOTAL_TABLE_ROWS_WRITTEN:1, RECORDS_OUT_INTERMEDIATE:0, RECORDS_OUT_OPERATOR_FS_18:1, RECORDS_OUT_1_default.t:1, 
2024-04-23T21:16:11,011  INFO [LocalJobRunner Map Task Executor #0] mapred.LocalJobRunner: 
2024-04-23T21:16:11,011  INFO [LocalJobRunner Map Task Executor #0] mapred.Task: Task:attempt_local1694326553_0050_m_000001_0 is done. And is in the process of committing
2024-04-23T21:16:11,012  INFO [LocalJobRunner Map Task Executor #0] mapred.LocalJobRunner: OrcSplit [file:/home/alex/Repositories/hive/ql/target/tmp/org.apache.hadoop.hive.ql.TestTxnNoBuckets-1713932056679/warehouse/acidtbl/delta_0000001_0000001_0000/bucket_00000_0, start=0, length=688, isOriginal=false, fileLength=688, hasFooter=false, hasBase=true, deltas=0]
2024-04-23T21:16:11,012  INFO [LocalJobRunner Map Task Executor #0] mapred.Task: Task 'attempt_local1694326553_0050_m_000001_0' done.
2024-04-23T21:16:11,012  INFO [LocalJobRunner Map Task Executor #0] mapred.Task: Final Counters for attempt_local1694326553_0050_m_000001_0: Counters: 26
	File System Counters
		FILE: Number of bytes read=1142025
		FILE: Number of bytes written=58871650
		FILE: Number of read operations=0
		FILE: Number of large read operations=0
		FILE: Number of write operations=0
	Map-Reduce Framework
		Map input records=2
		Map output records=0
		Input split bytes=497
		Spilled Records=0
		Failed Shuffles=0
		Merged Map outputs=0
		GC time elapsed (ms)=0
		Total committed heap usage (bytes)=1189609472
	HIVE
		CREATED_FILES=1
		DESERIALIZE_ERRORS=0
		RECORDS_IN=2
		RECORDS_OUT_1_default.t=1
		RECORDS_OUT_INTERMEDIATE=0
		RECORDS_OUT_OPERATOR_FIL_14=1
		RECORDS_OUT_OPERATOR_FS_18=1
		RECORDS_OUT_OPERATOR_MAP_0=0
		RECORDS_OUT_OPERATOR_SEL_9=1
		RECORDS_OUT_OPERATOR_TS_7=2
		TOTAL_TABLE_ROWS_WRITTEN=1
	File Input Format Counters 
		Bytes Read=9738
	File Output Format Counters 
		Bytes Written=0
2024-04-23T21:16:11,012  INFO [LocalJobRunner Map Task Executor #0] mapred.LocalJobRunner: Finishing task: attempt_local1694326553_0050_m_000001_0
2024-04-23T21:16:11,012  INFO [Thread-3226] mapred.LocalJobRunner: map task executor complete.
2024-04-23 21:16:11,975 Stage-3 map = 100%,  reduce = 0%
2024-04-23T21:16:11,975  INFO [main] exec.Task: 2024-04-23 21:16:11,975 Stage-3 map = 100%,  reduce = 0%
Ended Job = job_local1694326553_0050
2024-04-23T21:16:11,977  INFO [main] exec.Task: Ended Job = job_local1694326553_0050
2024-04-23T21:16:11,979  INFO [main] ql.Driver: Starting task [Stage-0:MOVE] in serial mode
Loading data to table default.t
2024-04-23T21:16:11,979  INFO [main] exec.Task: Loading data to table default.t from file:/home/alex/Repositories/hive/ql/target/tmp/org.apache.hadoop.hive.ql.TestTxnNoBuckets-1713932056679/warehouse/t/.hive-staging_hive_2024-04-23_21-16-09_165_1062677429502974917-1/-ext-10000
2024-04-23T21:16:11,979  INFO [main] HiveMetaStore.audit: ugi=alex	ip=unknown-ip-addr	cmd=get_table : tbl=hive.default.t	
2024-04-23T21:16:11,988  INFO [main] metastore.HMSHandler: Skipping translation for processor with null
2024-04-23T21:16:11,989  INFO [main] HiveMetaStore.audit: ugi=alex	ip=unknown-ip-addr	cmd=get_table : tbl=hive.default.t	
2024-04-23T21:16:12,002  INFO [main] metastore.HMSHandler: Skipping translation for processor with null
2024-04-23T21:16:12,003  WARN [main] metadata.Hive: Cannot get a table snapshot for t
2024-04-23T21:16:12,003  INFO [main] HiveMetaStore.audit: ugi=alex	ip=unknown-ip-addr	cmd=alter_table: hive.default.t newtbl=t	
2024-04-23T21:16:12,025  INFO [main] ql.Driver: Starting task [Stage-2:STATS] in serial mode
2024-04-23T21:16:12,025  INFO [main] HiveMetaStore.audit: ugi=alex	ip=unknown-ip-addr	cmd=get_table : tbl=hive.default.t	
2024-04-23T21:16:12,033  INFO [main] metastore.HMSHandler: Skipping translation for processor with null
2024-04-23T21:16:12,033  INFO [main] stats.BasicStatsTask: Executing stats task
2024-04-23T21:16:12,033  INFO [main] fs.FSStatsPublisher: created : file:/home/alex/Repositories/hive/ql/target/tmp/localscratchdir/78357cd1-4678-4ed2-8a01-459d6a9a75f4/hive_2024-04-23_21-16-09_165_1062677429502974917-1/-mr-10001
2024-04-23T21:16:12,034  INFO [main] HiveMetaStore.audit: ugi=alex	ip=unknown-ip-addr	cmd=get_table : tbl=hive.default.t	
2024-04-23T21:16:12,043  INFO [main] metastore.HMSHandler: Skipping translation for processor with null
2024-04-23T21:16:12,044  INFO [main] FileOperations: Read stats for default.t/, numRows, true, 2, false: 
2024-04-23T21:16:12,044  INFO [main] FileOperations: Read stats for default.t/, rawDataSize, true, 16, false: 
2024-04-23T21:16:12,044  WARN [main] metadata.Hive: Cannot get a table snapshot for t
2024-04-23T21:16:12,044  INFO [main] HiveMetaStore.audit: ugi=alex	ip=unknown-ip-addr	cmd=alter_table: hive.default.t newtbl=t	
2024-04-23T21:16:12,068  INFO [main] stats.BasicStatsTask: Table default.t stats: [numFiles=7, numRows=8, totalSize=1789, rawDataSize=64, numFilesErasureCoded=0]
2024-04-23T21:16:12,068  INFO [main] metadata.Hive: Dumping metastore api call timing information for : execution phase
2024-04-23T21:16:12,068  INFO [main] metadata.Hive: Total time spent in each metastore function (ms): {alter_table_(String, String, String, Table, EnvironmentContext, String)=46, isCompatibleWith_(Configuration)=0, getTable_(GetTableRequest)=40}
MapReduce Jobs Launched: 
2024-04-23T21:16:12,069  INFO [main] ql.Driver: MapReduce Jobs Launched: 
Stage-Stage-1:  HDFS Read: 0 HDFS Write: 0 SUCCESS
2024-04-23T21:16:12,069  INFO [main] ql.Driver: Stage-Stage-1:  HDFS Read: 0 HDFS Write: 0 SUCCESS
Stage-Stage-3:  HDFS Read: 0 HDFS Write: 0 SUCCESS
2024-04-23T21:16:12,069  INFO [main] ql.Driver: Stage-Stage-3:  HDFS Read: 0 HDFS Write: 0 SUCCESS
Total MapReduce CPU Time Spent: 0 msec
2024-04-23T21:16:12,069  INFO [main] ql.Driver: Total MapReduce CPU Time Spent: 0 msec
2024-04-23T21:16:12,069  INFO [main] ql.Driver: Completed executing command(queryId=alex_20240423211609_fa4e9f90-7cc1-473e-9b80-0c2e406f45a3); Time taken: 2.675 seconds
2024-04-23T21:16:12,069  INFO [main] lockmgr.DbTxnManager: Stopped heartbeat for query: alex_20240423211609_fa4e9f90-7cc1-473e-9b80-0c2e406f45a3
2024-04-23T21:16:12,072  INFO [main] txn.TxnHandler: Expected to move at least one record from txn_components to completed_txn_components when committing txn! txnid:19
2024-04-23T21:16:12,077  INFO [main] txn.TxnHandler: Removed transactions: ([19]) from MIN_HISTORY_LEVEL
2024-04-23T21:16:12,077  WARN [main] txn.CompactionTxnHandler: No compaction queue record found for Compaction type transaction commit. txnId:19
2024-04-23T21:16:12,078  INFO [main] ql.TxnCommandsBaseForTests: Running the query: select a, b, INPUT__FILE__NAME from T order by a, b, INPUT__FILE__NAME
2024-04-23T21:16:12,078  INFO [main] ql.Context: Deleting scratch dir: file:/home/alex/Repositories/hive/ql/target/tmp/org.apache.hadoop.hive.ql.TestTxnNoBuckets-1713932056679/warehouse/t/.hive-staging_hive_2024-04-23_21-16-09_165_1062677429502974917-1
2024-04-23T21:16:12,078  INFO [main] cleanup.SyncCleanupService: Deleted directory: file:/home/alex/Repositories/hive/ql/target/tmp/org.apache.hadoop.hive.ql.TestTxnNoBuckets-1713932056679/warehouse/t/.hive-staging_hive_2024-04-23_21-16-09_165_1062677429502974917-1 on fs with scheme file
2024-04-23T21:16:12,078  INFO [main] ql.Context: Deleting scratch dir: file:/home/alex/Repositories/hive/ql/target/tmp/localscratchdir/78357cd1-4678-4ed2-8a01-459d6a9a75f4/hive_2024-04-23_21-16-09_165_1062677429502974917-1
2024-04-23T21:16:12,079  INFO [main] cleanup.SyncCleanupService: Deleted directory: file:/home/alex/Repositories/hive/ql/target/tmp/localscratchdir/78357cd1-4678-4ed2-8a01-459d6a9a75f4/hive_2024-04-23_21-16-09_165_1062677429502974917-1 on fs with scheme file
2024-04-23T21:16:12,079  INFO [main] ql.Driver: Compiling command(queryId=alex_20240423211609_fa4e9f90-7cc1-473e-9b80-0c2e406f45a3): select a, b, INPUT__FILE__NAME from T order by a, b, INPUT__FILE__NAME
2024-04-23T21:16:12,081  INFO [main] txn.TxnHandler: Added entries to MIN_HISTORY_LEVEL for current txns: ([20]) with min_open_txn: 20
2024-04-23T21:16:12,081  INFO [main] lockmgr.DbTxnManager: Opened txnid:20
2024-04-23T21:16:12,082  INFO [main] parse.CalcitePlanner: Starting caching scope for: alex_20240423211609_fa4e9f90-7cc1-473e-9b80-0c2e406f45a3
2024-04-23T21:16:12,082  INFO [main] parse.CalcitePlanner: Starting Semantic Analysis
2024-04-23T21:16:12,084  INFO [main] parse.CalcitePlanner: Completed phase 1 of Semantic Analysis
2024-04-23T21:16:12,084  INFO [main] parse.CalcitePlanner: Get metadata for source tables
2024-04-23T21:16:12,085  INFO [main] HiveMetaStore.audit: ugi=alex	ip=unknown-ip-addr	cmd=get_table : tbl=hive.default.t	
2024-04-23T21:16:12,096  INFO [main] metastore.HMSHandler: Skipping translation for processor with null
2024-04-23T21:16:12,096  INFO [main] parse.CalcitePlanner: Get metadata for subqueries
2024-04-23T21:16:12,097  INFO [main] parse.CalcitePlanner: Get metadata for destination tables
2024-04-23T21:16:12,097  INFO [main] parse.CalcitePlanner: Completed getting MetaData in Semantic Analysis
2024-04-23T21:16:12,115  INFO [main] HiveMetaStore.audit: ugi=alex	ip=unknown-ip-addr	cmd=get_all_table_constraints : tbl=hive.default.t	
2024-04-23T21:16:12,123  INFO [main] calcite.RelOptHiveTable: Calculating column statistics for default.t, projIndxSet: [0, 1], allowMissingStats: true
2024-04-23T21:16:12,124  INFO [main] HiveMetaStore.audit: ugi=alex	ip=unknown-ip-addr	cmd=get_table_statistics_req: table=hive.default.t	
2024-04-23T21:16:12,135  WARN [main] calcite.RelOptHiveTable: No Stats for default@t, Columns: a, b
No Stats for default@t, Columns: a, b
2024-04-23T21:16:12,135  INFO [main] SessionState: No Stats for default@t, Columns: a, b
2024-04-23T21:16:12,173  INFO [main] parse.CalcitePlanner: Get metadata for source tables
2024-04-23T21:16:12,173  INFO [main] parse.CalcitePlanner: Get metadata for subqueries
2024-04-23T21:16:12,173  INFO [main] parse.CalcitePlanner: Get metadata for destination tables
2024-04-23T21:16:12,174  INFO [main] common.FileUtils: Creating directory if it doesn't exist: file:/home/alex/Repositories/hive/ql/target/tmp/localscratchdir/78357cd1-4678-4ed2-8a01-459d6a9a75f4/hive_2024-04-23_21-16-12_079_4601824154600089888-1/-mr-10001/.hive-staging_hive_2024-04-23_21-16-12_079_4601824154600089888-1
2024-04-23T21:16:12,181  INFO [main] parse.CalcitePlanner: CBO Succeeded; optimized logical plan.
2024-04-23T21:16:12,183  INFO [main] optimizer.ColumnPrunerProcFactory: RS 2 oldColExprMap: {KEY.reducesinkkey1=Column[_col1], KEY.reducesinkkey0=Column[_col0], KEY.reducesinkkey2=Column[_col2]}
2024-04-23T21:16:12,183  INFO [main] optimizer.ColumnPrunerProcFactory: RS 2 newColExprMap: {KEY.reducesinkkey2=Column[_col2], KEY.reducesinkkey1=Column[_col1], KEY.reducesinkkey0=Column[_col0]}
2024-04-23T21:16:12,184  INFO [main] optimizer.BucketVersionPopulator: not considering bucketingVersion for: TS[0] because it has -1<2 buckets 
2024-04-23T21:16:12,185  INFO [main] optimizer.SortedDynPartitionOptimizer: Sorted dynamic partitioning optimization kicked in..
2024-04-23T21:16:12,193  INFO [main] parse.CalcitePlanner: Completed plan generation
2024-04-23T21:16:12,193  INFO [main] parse.CalcitePlanner: Ending caching scope for: alex_20240423211609_fa4e9f90-7cc1-473e-9b80-0c2e406f45a3
2024-04-23T21:16:12,193  INFO [main] ql.Driver: Semantic Analysis Completed (retrial = false)
2024-04-23T21:16:12,193  INFO [main] ql.Driver: Created Hive schema: Schema(fieldSchemas:[FieldSchema(name:a, type:int, comment:null), FieldSchema(name:b, type:int, comment:null), FieldSchema(name:input__file__name, type:string, comment:null)], properties:null)
2024-04-23T21:16:12,194  INFO [main] exec.ListSinkOperator: Initializing Operator: LIST_SINK[5]
2024-04-23T21:16:12,194  INFO [main] metadata.Hive: Dumping metastore api call timing information for : compilation phase
2024-04-23T21:16:12,194  INFO [main] metadata.Hive: Total time spent in each metastore function (ms): {getAllTableConstraints_(AllTableConstraintsRequest)=4, flushCache_()=0, getTable_(GetTableRequest)=11, getValidWriteIds_(List, String)=2, commitTxn_(CommitTxnRequest)=8, isCompatibleWith_(Configuration)=1, getTableColumnStatistics_(String, String, List, String)=10, getValidTxns_(long)=1, openTxn_(String, TxnType)=2}
2024-04-23T21:16:12,195  INFO [main] ql.Driver: Completed compiling command(queryId=alex_20240423211609_fa4e9f90-7cc1-473e-9b80-0c2e406f45a3); Time taken: 0.115 seconds
2024-04-23T21:16:12,195  INFO [main] lockmgr.DbTxnManager: Setting lock request transaction to txnid:20 for queryId=alex_20240423211609_fa4e9f90-7cc1-473e-9b80-0c2e406f45a3
2024-04-23T21:16:12,195  INFO [main] lockmgr.DbLockManager: Requesting lock for queryId=alex_20240423211609_fa4e9f90-7cc1-473e-9b80-0c2e406f45a3
2024-04-23T21:16:12,207  INFO [main] lockmgr.DbLockManager: Response to queryId=alex_20240423211609_fa4e9f90-7cc1-473e-9b80-0c2e406f45a3 LockResponse(lockid:14, state:ACQUIRED)
2024-04-23T21:16:12,207  INFO [main] ql.Driver: Operation QUERY obtained 1 locks
2024-04-23T21:16:12,207  INFO [main] ql.Driver: Executing command(queryId=alex_20240423211609_fa4e9f90-7cc1-473e-9b80-0c2e406f45a3): select a, b, INPUT__FILE__NAME from T order by a, b, INPUT__FILE__NAME
2024-04-23T21:16:12,208  WARN [main] ql.Driver: Hive-on-MR is deprecated in Hive 2 and may not be available in the future versions. Consider using a different execution engine (i.e. tez, spark) or using Hive 1.X releases.
Query ID = alex_20240423211609_fa4e9f90-7cc1-473e-9b80-0c2e406f45a3
2024-04-23T21:16:12,208  INFO [main] ql.Driver: Query ID = alex_20240423211609_fa4e9f90-7cc1-473e-9b80-0c2e406f45a3
Total jobs = 1
2024-04-23T21:16:12,208  INFO [main] ql.Driver: Total jobs = 1
Launching Job 1 out of 1
2024-04-23T21:16:12,208  INFO [main] ql.Driver: Launching Job 1 out of 1
2024-04-23T21:16:12,329  INFO [main] ql.Driver: Starting task [Stage-1:MAPRED] in serial mode
Number of reduce tasks determined at compile time: 1
2024-04-23T21:16:12,329  INFO [main] exec.Task: Number of reduce tasks determined at compile time: 1
In order to change the average load for a reducer (in bytes):
2024-04-23T21:16:12,329  INFO [main] exec.Task: In order to change the average load for a reducer (in bytes):
  set hive.exec.reducers.bytes.per.reducer=<number>
2024-04-23T21:16:12,329  INFO [main] exec.Task:   set hive.exec.reducers.bytes.per.reducer=<number>
In order to limit the maximum number of reducers:
2024-04-23T21:16:12,329  INFO [main] exec.Task: In order to limit the maximum number of reducers:
  set hive.exec.reducers.max=<number>
2024-04-23T21:16:12,329  INFO [main] exec.Task:   set hive.exec.reducers.max=<number>
In order to set a constant number of reducers:
2024-04-23T21:16:12,329  INFO [main] exec.Task: In order to set a constant number of reducers:
  set mapreduce.job.reduces=<number>
2024-04-23T21:16:12,329  INFO [main] exec.Task:   set mapreduce.job.reduces=<number>
2024-04-23T21:16:12,332  INFO [main] mr.ExecDriver: Using org.apache.hadoop.hive.ql.io.HiveInputFormat
2024-04-23T21:16:12,332  INFO [main] exec.Utilities: Processing alias t
2024-04-23T21:16:12,332  INFO [main] exec.Utilities: Adding 1 inputs; the first input is file:/home/alex/Repositories/hive/ql/target/tmp/org.apache.hadoop.hive.ql.TestTxnNoBuckets-1713932056679/warehouse/t
2024-04-23T21:16:12,341  INFO [main] exec.SerializationUtilities: Serializing MapWork using kryo
2024-04-23T21:16:12,342  INFO [main] exec.Utilities: Serialized plan (via FILE) - name: null size: 4,60KB
2024-04-23T21:16:12,347  INFO [main] exec.SerializationUtilities: Serializing ReduceWork using kryo
2024-04-23T21:16:12,348  INFO [main] exec.Utilities: Serialized plan (via FILE) - name: null size: 5,69KB
2024-04-23T21:16:12,349  WARN [main] impl.MetricsSystemImpl: JobTracker metrics system already initialized!
2024-04-23T21:16:12,355  WARN [main] impl.MetricsSystemImpl: JobTracker metrics system already initialized!
2024-04-23T21:16:12,362  WARN [main] mapreduce.JobResourceUploader: Hadoop command-line option parsing not performed. Implement the Tool interface and execute your application with ToolRunner to remedy this.
2024-04-23T21:16:12,366  WARN [main] mapreduce.JobResourceUploader: No job jar file set.  User classes may not be found. See Job or Job#setJar(String).
2024-04-23T21:16:12,367  INFO [main] io.HiveInputFormat: hive.io.file.readcolumn.ids = 0,1
2024-04-23T21:16:12,367  INFO [main] io.HiveInputFormat: hive.io.file.readcolumn.names = a,b
2024-04-23T21:16:12,367  INFO [main] io.HiveInputFormat: Generating splits for dirs: file:/home/alex/Repositories/hive/ql/target/tmp/org.apache.hadoop.hive.ql.TestTxnNoBuckets-1713932056679/warehouse/t
2024-04-23T21:16:12,367  INFO [main] orc.OrcInputFormat: getSplits started
2024-04-23T21:16:12,367  INFO [main] orc.OrcInputFormat: Context:: isAcid: false isVectorMode: false sarg: null minSplitSize: 1 maxSplitSize: 256000000 splitStrategy: HYBRID footerInSplits: false numBuckets: 0 numThreads: 10 cacheMemSize: 268435456 cacheStripeDetails: true useSoftReference: false writeIdList: null:9223372036854775807:9223372036854775807:: isTransactionalTable: false txnProperties: null 
2024-04-23T21:16:12,367  INFO [main] orc.OrcInputFormat: ORC pushdown predicate: null
2024-04-23T21:16:12,390  INFO [main] orc.OrcInputFormat: FooterCacheHitRatio: 0/7
2024-04-23T21:16:12,390  INFO [main] orc.OrcInputFormat: getSplits finished (#splits: 7). duration: 23 ms
2024-04-23T21:16:12,391  INFO [main] io.HiveInputFormat: number of splits 7
2024-04-23T21:16:12,408  INFO [main] mapreduce.JobSubmitter: number of splits:7
2024-04-23T21:16:12,427  INFO [main] mapreduce.JobSubmitter: Submitting tokens for job: job_local1295255186_0051
2024-04-23T21:16:12,427  INFO [main] mapreduce.JobSubmitter: Executing with tokens: []
2024-04-23T21:16:12,486  INFO [main] mapreduce.Job: The url to track the job: http://localhost:8080/
Job running in-process (local Hadoop)
2024-04-23T21:16:12,486  INFO [main] exec.Task: Job running in-process (local Hadoop)
2024-04-23T21:16:12,487  INFO [Thread-3274] mapred.LocalJobRunner: OutputCommitter set in config org.apache.hadoop.hive.ql.io.HiveFileFormatUtils$NullOutputCommitter
2024-04-23T21:16:12,487  INFO [Thread-3274] mapred.LocalJobRunner: OutputCommitter is org.apache.hadoop.hive.ql.io.HiveFileFormatUtils$NullOutputCommitter
2024-04-23T21:16:12,490  INFO [Thread-3274] mapred.LocalJobRunner: Waiting for map tasks
2024-04-23T21:16:12,491  INFO [LocalJobRunner Map Task Executor #0] mapred.LocalJobRunner: Starting task: attempt_local1295255186_0051_m_000000_0
2024-04-23T21:16:12,491  INFO [LocalJobRunner Map Task Executor #0] mapred.Task:  Using ResourceCalculatorProcessTree : [ ]
2024-04-23T21:16:12,491  INFO [LocalJobRunner Map Task Executor #0] mapred.MapTask: Processing split: org.apache.hadoop.hive.ql.io.orc.OrcInputFormat:OrcSplit [file:/home/alex/Repositories/hive/ql/target/tmp/org.apache.hadoop.hive.ql.TestTxnNoBuckets-1713932056679/warehouse/t/HIVE_UNION_SUBDIR_16/000001_0, start=0, length=274, isOriginal=true, fileLength=274, hasFooter=false, hasBase=true, deltas=0]
2024-04-23T21:16:12,492  INFO [LocalJobRunner Map Task Executor #0] exec.SerializationUtilities: Deserializing MapWork using kryo
2024-04-23T21:16:12,492  INFO [LocalJobRunner Map Task Executor #0] exec.Utilities: Deserialized plan (via FILE) - name: null size: 4,60KB
2024-04-23T21:16:12,493  INFO [LocalJobRunner Map Task Executor #0] orc.ReaderImpl: Reading ORC rows from file:/home/alex/Repositories/hive/ql/target/tmp/org.apache.hadoop.hive.ql.TestTxnNoBuckets-1713932056679/warehouse/t/HIVE_UNION_SUBDIR_16/000001_0 with {include: [true, true, true], offset: 0, length: 274, schema: struct<a:int,b:int>, includeAcidColumns: true}
2024-04-23T21:16:12,494  INFO [LocalJobRunner Map Task Executor #0] mapred.MapTask: numReduceTasks: 1
2024-04-23T21:16:12,497  INFO [LocalJobRunner Map Task Executor #0] mapred.MapTask: (EQUATOR) 0 kvi 26214396(104857584)
2024-04-23T21:16:12,497  INFO [LocalJobRunner Map Task Executor #0] mapred.MapTask: mapreduce.task.io.sort.mb: 100
2024-04-23T21:16:12,497  INFO [LocalJobRunner Map Task Executor #0] mapred.MapTask: soft limit at 83886080
2024-04-23T21:16:12,497  INFO [LocalJobRunner Map Task Executor #0] mapred.MapTask: bufstart = 0; bufvoid = 104857600
2024-04-23T21:16:12,497  INFO [LocalJobRunner Map Task Executor #0] mapred.MapTask: kvstart = 26214396; length = 6553600
2024-04-23T21:16:12,498  INFO [LocalJobRunner Map Task Executor #0] mapred.MapTask: Map output collector class = org.apache.hadoop.mapred.MapTask$MapOutputBuffer
2024-04-23T21:16:12,498  INFO [LocalJobRunner Map Task Executor #0] exec.MapOperator: Initializing Operator: MAP[0]
2024-04-23T21:16:12,499  INFO [LocalJobRunner Map Task Executor #0] mr.ExecMapper: 
<MAP>Id =0
  <Children>null
  <\Children>
  <Parent><\Parent>
<\MAP>
2024-04-23T21:16:12,500  INFO [LocalJobRunner Map Task Executor #0] exec.TableScanOperator: Initializing Operator: TS[0]
2024-04-23T21:16:12,500  INFO [LocalJobRunner Map Task Executor #0] exec.SelectOperator: Initializing Operator: SEL[1]
2024-04-23T21:16:12,500  INFO [LocalJobRunner Map Task Executor #0] exec.SelectOperator: SELECT struct<a:int,b:int,input__file__name:string>
2024-04-23T21:16:12,500  INFO [LocalJobRunner Map Task Executor #0] exec.ReduceSinkOperator: Initializing Operator: RS[2]
2024-04-23T21:16:12,501  INFO [LocalJobRunner Map Task Executor #0] exec.ReduceSinkOperator: Using tag = -1
2024-04-23T21:16:12,501  INFO [LocalJobRunner Map Task Executor #0] exec.ReduceSinkOperator: keys are [reducesinkkey0, reducesinkkey1, reducesinkkey2] num distributions: 3
2024-04-23T21:16:12,501  INFO [LocalJobRunner Map Task Executor #0] exec.ReduceSinkOperator: RS[2]: records written - 1
2024-04-23T21:16:12,501  INFO [LocalJobRunner Map Task Executor #0] exec.MapOperator: MAP[0]: records read - 1
2024-04-23T21:16:12,501  INFO [LocalJobRunner Map Task Executor #0] exec.MapOperator: Closing Operator: MAP[0]
2024-04-23T21:16:12,501  INFO [LocalJobRunner Map Task Executor #0] exec.MapOperator: MAP[0]: Total records read - 1. abort - false
2024-04-23T21:16:12,502  INFO [LocalJobRunner Map Task Executor #0] exec.MapOperator: DESERIALIZE_ERRORS:0, RECORDS_IN:1, RECORDS_OUT_INTERMEDIATE:0, RECORDS_OUT_OPERATOR_MAP_0:0, 
2024-04-23T21:16:12,502  INFO [LocalJobRunner Map Task Executor #0] exec.TableScanOperator: Closing Operator: TS[0]
2024-04-23T21:16:12,502  INFO [LocalJobRunner Map Task Executor #0] exec.TableScanOperator: RECORDS_OUT_OPERATOR_TS_0:1, RECORDS_OUT_INTERMEDIATE:0, 
2024-04-23T21:16:12,502  INFO [LocalJobRunner Map Task Executor #0] exec.SelectOperator: Closing Operator: SEL[1]
2024-04-23T21:16:12,502  INFO [LocalJobRunner Map Task Executor #0] exec.SelectOperator: RECORDS_OUT_OPERATOR_SEL_1:1, RECORDS_OUT_INTERMEDIATE:0, 
2024-04-23T21:16:12,502  INFO [LocalJobRunner Map Task Executor #0] exec.ReduceSinkOperator: Closing Operator: RS[2]
2024-04-23T21:16:12,502  INFO [LocalJobRunner Map Task Executor #0] exec.ReduceSinkOperator: RS[2]: Total records written - 1. abort - false
2024-04-23T21:16:12,502  INFO [LocalJobRunner Map Task Executor #0] exec.ReduceSinkOperator: RECORDS_OUT_INTERMEDIATE:1, RECORDS_OUT_OPERATOR_RS_2:1, 
2024-04-23T21:16:12,502  INFO [LocalJobRunner Map Task Executor #0] mapred.LocalJobRunner: 
2024-04-23T21:16:12,503  INFO [LocalJobRunner Map Task Executor #0] mapred.MapTask: Starting flush of map output
2024-04-23T21:16:12,503  INFO [LocalJobRunner Map Task Executor #0] mapred.MapTask: Spilling map output
2024-04-23T21:16:12,503  INFO [LocalJobRunner Map Task Executor #0] mapred.MapTask: bufstart = 0; bufend = 167; bufvoid = 104857600
2024-04-23T21:16:12,503  INFO [LocalJobRunner Map Task Executor #0] mapred.MapTask: kvstart = 26214396(104857584); kvend = 26214396(104857584); length = 1/6553600
2024-04-23T21:16:12,514  INFO [LocalJobRunner Map Task Executor #0] mapred.MapTask: Finished spill 0
2024-04-23T21:16:12,517  INFO [LocalJobRunner Map Task Executor #0] mapred.Task: Task:attempt_local1295255186_0051_m_000000_0 is done. And is in the process of committing
2024-04-23T21:16:12,517  INFO [LocalJobRunner Map Task Executor #0] mapred.LocalJobRunner: map
2024-04-23T21:16:12,517  INFO [LocalJobRunner Map Task Executor #0] mapred.Task: Task 'attempt_local1295255186_0051_m_000000_0' done.
2024-04-23T21:16:12,517  INFO [LocalJobRunner Map Task Executor #0] mapred.Task: Final Counters for attempt_local1295255186_0051_m_000000_0: Counters: 24
	File System Counters
		FILE: Number of bytes read=1151318
		FILE: Number of bytes written=60054219
		FILE: Number of read operations=0
		FILE: Number of large read operations=0
		FILE: Number of write operations=0
	Map-Reduce Framework
		Map input records=1
		Map output records=1
		Map output bytes=167
		Map output materialized bytes=176
		Input split bytes=473
		Combine input records=0
		Spilled Records=1
		Failed Shuffles=0
		Merged Map outputs=0
		GC time elapsed (ms)=0
		Total committed heap usage (bytes)=1189609472
	HIVE
		DESERIALIZE_ERRORS=0
		RECORDS_IN=1
		RECORDS_OUT_INTERMEDIATE=1
		RECORDS_OUT_OPERATOR_MAP_0=0
		RECORDS_OUT_OPERATOR_RS_2=1
		RECORDS_OUT_OPERATOR_SEL_1=1
		RECORDS_OUT_OPERATOR_TS_0=1
	File Input Format Counters 
		Bytes Read=5803
2024-04-23T21:16:12,517  INFO [LocalJobRunner Map Task Executor #0] mapred.LocalJobRunner: Finishing task: attempt_local1295255186_0051_m_000000_0
2024-04-23T21:16:12,517  INFO [LocalJobRunner Map Task Executor #0] mapred.LocalJobRunner: Starting task: attempt_local1295255186_0051_m_000001_0
2024-04-23T21:16:12,518  INFO [LocalJobRunner Map Task Executor #0] mapred.Task:  Using ResourceCalculatorProcessTree : [ ]
2024-04-23T21:16:12,518  INFO [LocalJobRunner Map Task Executor #0] mapred.MapTask: Processing split: org.apache.hadoop.hive.ql.io.orc.OrcInputFormat:OrcSplit [file:/home/alex/Repositories/hive/ql/target/tmp/org.apache.hadoop.hive.ql.TestTxnNoBuckets-1713932056679/warehouse/t/HIVE_UNION_SUBDIR_15/000000_0, start=0, length=256, isOriginal=true, fileLength=256, hasFooter=false, hasBase=true, deltas=0]
2024-04-23T21:16:12,519  INFO [LocalJobRunner Map Task Executor #0] exec.SerializationUtilities: Deserializing MapWork using kryo
2024-04-23T21:16:12,519  INFO [LocalJobRunner Map Task Executor #0] exec.Utilities: Deserialized plan (via FILE) - name: null size: 4,60KB
2024-04-23T21:16:12,520  INFO [LocalJobRunner Map Task Executor #0] orc.ReaderImpl: Reading ORC rows from file:/home/alex/Repositories/hive/ql/target/tmp/org.apache.hadoop.hive.ql.TestTxnNoBuckets-1713932056679/warehouse/t/HIVE_UNION_SUBDIR_15/000000_0 with {include: [true, true, true], offset: 0, length: 256, schema: struct<a:int,b:int>, includeAcidColumns: true}
2024-04-23T21:16:12,521  INFO [LocalJobRunner Map Task Executor #0] mapred.MapTask: numReduceTasks: 1
2024-04-23T21:16:12,531  INFO [LocalJobRunner Map Task Executor #0] mapred.MapTask: (EQUATOR) 0 kvi 26214396(104857584)
2024-04-23T21:16:12,531  INFO [LocalJobRunner Map Task Executor #0] mapred.MapTask: mapreduce.task.io.sort.mb: 100
2024-04-23T21:16:12,531  INFO [LocalJobRunner Map Task Executor #0] mapred.MapTask: soft limit at 83886080
2024-04-23T21:16:12,531  INFO [LocalJobRunner Map Task Executor #0] mapred.MapTask: bufstart = 0; bufvoid = 104857600
2024-04-23T21:16:12,531  INFO [LocalJobRunner Map Task Executor #0] mapred.MapTask: kvstart = 26214396; length = 6553600
2024-04-23T21:16:12,531  INFO [LocalJobRunner Map Task Executor #0] mapred.MapTask: Map output collector class = org.apache.hadoop.mapred.MapTask$MapOutputBuffer
2024-04-23T21:16:12,531  INFO [LocalJobRunner Map Task Executor #0] exec.MapOperator: Initializing Operator: MAP[0]
2024-04-23T21:16:12,533  INFO [LocalJobRunner Map Task Executor #0] mr.ExecMapper: 
<MAP>Id =0
  <Children>null
  <\Children>
  <Parent><\Parent>
<\MAP>
2024-04-23T21:16:12,533  INFO [LocalJobRunner Map Task Executor #0] exec.TableScanOperator: Initializing Operator: TS[0]
2024-04-23T21:16:12,533  INFO [LocalJobRunner Map Task Executor #0] exec.SelectOperator: Initializing Operator: SEL[1]
2024-04-23T21:16:12,533  INFO [LocalJobRunner Map Task Executor #0] exec.SelectOperator: SELECT struct<a:int,b:int,input__file__name:string>
2024-04-23T21:16:12,533  INFO [LocalJobRunner Map Task Executor #0] exec.ReduceSinkOperator: Initializing Operator: RS[2]
2024-04-23T21:16:12,533  INFO [LocalJobRunner Map Task Executor #0] exec.ReduceSinkOperator: Using tag = -1
2024-04-23T21:16:12,534  INFO [LocalJobRunner Map Task Executor #0] exec.ReduceSinkOperator: keys are [reducesinkkey0, reducesinkkey1, reducesinkkey2] num distributions: 3
2024-04-23T21:16:12,534  INFO [LocalJobRunner Map Task Executor #0] exec.ReduceSinkOperator: RS[2]: records written - 1
2024-04-23T21:16:12,534  INFO [LocalJobRunner Map Task Executor #0] exec.MapOperator: MAP[0]: records read - 1
2024-04-23T21:16:12,534  INFO [LocalJobRunner Map Task Executor #0] exec.MapOperator: Closing Operator: MAP[0]
2024-04-23T21:16:12,534  INFO [LocalJobRunner Map Task Executor #0] exec.MapOperator: MAP[0]: Total records read - 2. abort - false
2024-04-23T21:16:12,534  INFO [LocalJobRunner Map Task Executor #0] exec.MapOperator: RECORDS_IN:2, DESERIALIZE_ERRORS:0, RECORDS_OUT_INTERMEDIATE:0, RECORDS_OUT_OPERATOR_MAP_0:0, 
2024-04-23T21:16:12,535  INFO [LocalJobRunner Map Task Executor #0] exec.TableScanOperator: Closing Operator: TS[0]
2024-04-23T21:16:12,535  INFO [LocalJobRunner Map Task Executor #0] exec.TableScanOperator: RECORDS_OUT_INTERMEDIATE:0, RECORDS_OUT_OPERATOR_TS_0:2, 
2024-04-23T21:16:12,535  INFO [LocalJobRunner Map Task Executor #0] exec.SelectOperator: Closing Operator: SEL[1]
2024-04-23T21:16:12,535  INFO [LocalJobRunner Map Task Executor #0] exec.SelectOperator: RECORDS_OUT_INTERMEDIATE:0, RECORDS_OUT_OPERATOR_SEL_1:2, 
2024-04-23T21:16:12,535  INFO [LocalJobRunner Map Task Executor #0] exec.ReduceSinkOperator: Closing Operator: RS[2]
2024-04-23T21:16:12,535  INFO [LocalJobRunner Map Task Executor #0] exec.ReduceSinkOperator: RS[2]: Total records written - 2. abort - false
2024-04-23T21:16:12,535  INFO [LocalJobRunner Map Task Executor #0] exec.ReduceSinkOperator: RECORDS_OUT_INTERMEDIATE:2, RECORDS_OUT_OPERATOR_RS_2:2, 
2024-04-23T21:16:12,535  INFO [LocalJobRunner Map Task Executor #0] mapred.LocalJobRunner: 
2024-04-23T21:16:12,535  INFO [LocalJobRunner Map Task Executor #0] mapred.MapTask: Starting flush of map output
2024-04-23T21:16:12,535  INFO [LocalJobRunner Map Task Executor #0] mapred.MapTask: Spilling map output
2024-04-23T21:16:12,535  INFO [LocalJobRunner Map Task Executor #0] mapred.MapTask: bufstart = 0; bufend = 334; bufvoid = 104857600
2024-04-23T21:16:12,535  INFO [LocalJobRunner Map Task Executor #0] mapred.MapTask: kvstart = 26214396(104857584); kvend = 26214392(104857568); length = 5/6553600
2024-04-23T21:16:12,543  INFO [LocalJobRunner Map Task Executor #0] mapred.MapTask: Finished spill 0
2024-04-23T21:16:12,547  INFO [LocalJobRunner Map Task Executor #0] mapred.Task: Task:attempt_local1295255186_0051_m_000001_0 is done. And is in the process of committing
2024-04-23T21:16:12,547  INFO [LocalJobRunner Map Task Executor #0] mapred.LocalJobRunner: map
2024-04-23T21:16:12,547  INFO [LocalJobRunner Map Task Executor #0] mapred.Task: Task 'attempt_local1295255186_0051_m_000001_0' done.
2024-04-23T21:16:12,547  INFO [LocalJobRunner Map Task Executor #0] mapred.Task: Final Counters for attempt_local1295255186_0051_m_000001_0: Counters: 24
	File System Counters
		FILE: Number of bytes read=1160323
		FILE: Number of bytes written=60054597
		FILE: Number of read operations=0
		FILE: Number of large read operations=0
		FILE: Number of write operations=0
	Map-Reduce Framework
		Map input records=2
		Map output records=2
		Map output bytes=334
		Map output materialized bytes=346
		Input split bytes=473
		Combine input records=0
		Spilled Records=2
		Failed Shuffles=0
		Merged Map outputs=0
		GC time elapsed (ms)=5
		Total committed heap usage (bytes)=1188560896
	HIVE
		DESERIALIZE_ERRORS=0
		RECORDS_IN=2
		RECORDS_OUT_INTERMEDIATE=2
		RECORDS_OUT_OPERATOR_MAP_0=0
		RECORDS_OUT_OPERATOR_RS_2=2
		RECORDS_OUT_OPERATOR_SEL_1=2
		RECORDS_OUT_OPERATOR_TS_0=2
	File Input Format Counters 
		Bytes Read=5731
2024-04-23T21:16:12,547  INFO [LocalJobRunner Map Task Executor #0] mapred.LocalJobRunner: Finishing task: attempt_local1295255186_0051_m_000001_0
2024-04-23T21:16:12,547  INFO [LocalJobRunner Map Task Executor #0] mapred.LocalJobRunner: Starting task: attempt_local1295255186_0051_m_000002_0
2024-04-23T21:16:12,548  INFO [LocalJobRunner Map Task Executor #0] mapred.Task:  Using ResourceCalculatorProcessTree : [ ]
2024-04-23T21:16:12,548  INFO [LocalJobRunner Map Task Executor #0] mapred.MapTask: Processing split: org.apache.hadoop.hive.ql.io.orc.OrcInputFormat:OrcSplit [file:/home/alex/Repositories/hive/ql/target/tmp/org.apache.hadoop.hive.ql.TestTxnNoBuckets-1713932056679/warehouse/t/000000_0, start=0, length=256, isOriginal=true, fileLength=256, hasFooter=false, hasBase=true, deltas=0]
2024-04-23T21:16:12,549  INFO [LocalJobRunner Map Task Executor #0] exec.SerializationUtilities: Deserializing MapWork using kryo
2024-04-23T21:16:12,549  INFO [LocalJobRunner Map Task Executor #0] exec.Utilities: Deserialized plan (via FILE) - name: null size: 4,60KB
2024-04-23T21:16:12,550  INFO [LocalJobRunner Map Task Executor #0] orc.ReaderImpl: Reading ORC rows from file:/home/alex/Repositories/hive/ql/target/tmp/org.apache.hadoop.hive.ql.TestTxnNoBuckets-1713932056679/warehouse/t/000000_0 with {include: [true, true, true], offset: 0, length: 256, schema: struct<a:int,b:int>, includeAcidColumns: true}
2024-04-23T21:16:12,550  INFO [LocalJobRunner Map Task Executor #0] mapred.MapTask: numReduceTasks: 1
2024-04-23T21:16:12,555  INFO [LocalJobRunner Map Task Executor #0] mapred.MapTask: (EQUATOR) 0 kvi 26214396(104857584)
2024-04-23T21:16:12,555  INFO [LocalJobRunner Map Task Executor #0] mapred.MapTask: mapreduce.task.io.sort.mb: 100
2024-04-23T21:16:12,555  INFO [LocalJobRunner Map Task Executor #0] mapred.MapTask: soft limit at 83886080
2024-04-23T21:16:12,555  INFO [LocalJobRunner Map Task Executor #0] mapred.MapTask: bufstart = 0; bufvoid = 104857600
2024-04-23T21:16:12,555  INFO [LocalJobRunner Map Task Executor #0] mapred.MapTask: kvstart = 26214396; length = 6553600
2024-04-23T21:16:12,555  INFO [LocalJobRunner Map Task Executor #0] mapred.MapTask: Map output collector class = org.apache.hadoop.mapred.MapTask$MapOutputBuffer
2024-04-23T21:16:12,555  INFO [LocalJobRunner Map Task Executor #0] exec.MapOperator: Initializing Operator: MAP[0]
2024-04-23T21:16:12,556  INFO [LocalJobRunner Map Task Executor #0] mr.ExecMapper: 
<MAP>Id =0
  <Children>null
  <\Children>
  <Parent><\Parent>
<\MAP>
2024-04-23T21:16:12,557  INFO [LocalJobRunner Map Task Executor #0] exec.TableScanOperator: Initializing Operator: TS[0]
2024-04-23T21:16:12,557  INFO [LocalJobRunner Map Task Executor #0] exec.SelectOperator: Initializing Operator: SEL[1]
2024-04-23T21:16:12,557  INFO [LocalJobRunner Map Task Executor #0] exec.SelectOperator: SELECT struct<a:int,b:int,input__file__name:string>
2024-04-23T21:16:12,557  INFO [LocalJobRunner Map Task Executor #0] exec.ReduceSinkOperator: Initializing Operator: RS[2]
2024-04-23T21:16:12,557  INFO [LocalJobRunner Map Task Executor #0] exec.ReduceSinkOperator: Using tag = -1
2024-04-23T21:16:12,557  INFO [LocalJobRunner Map Task Executor #0] exec.ReduceSinkOperator: keys are [reducesinkkey0, reducesinkkey1, reducesinkkey2] num distributions: 3
2024-04-23T21:16:12,557  INFO [LocalJobRunner Map Task Executor #0] exec.ReduceSinkOperator: RS[2]: records written - 1
2024-04-23T21:16:12,557  INFO [LocalJobRunner Map Task Executor #0] exec.MapOperator: MAP[0]: records read - 1
2024-04-23T21:16:12,558  INFO [LocalJobRunner Map Task Executor #0] exec.MapOperator: Closing Operator: MAP[0]
2024-04-23T21:16:12,558  INFO [LocalJobRunner Map Task Executor #0] exec.MapOperator: MAP[0]: Total records read - 2. abort - false
2024-04-23T21:16:12,558  INFO [LocalJobRunner Map Task Executor #0] exec.MapOperator: RECORDS_OUT_INTERMEDIATE:0, DESERIALIZE_ERRORS:0, RECORDS_OUT_OPERATOR_MAP_0:0, RECORDS_IN:2, 
2024-04-23T21:16:12,558  INFO [LocalJobRunner Map Task Executor #0] exec.TableScanOperator: Closing Operator: TS[0]
2024-04-23T21:16:12,558  INFO [LocalJobRunner Map Task Executor #0] exec.TableScanOperator: RECORDS_OUT_OPERATOR_TS_0:2, RECORDS_OUT_INTERMEDIATE:0, 
2024-04-23T21:16:12,558  INFO [LocalJobRunner Map Task Executor #0] exec.SelectOperator: Closing Operator: SEL[1]
2024-04-23T21:16:12,558  INFO [LocalJobRunner Map Task Executor #0] exec.SelectOperator: RECORDS_OUT_INTERMEDIATE:0, RECORDS_OUT_OPERATOR_SEL_1:2, 
2024-04-23T21:16:12,558  INFO [LocalJobRunner Map Task Executor #0] exec.ReduceSinkOperator: Closing Operator: RS[2]
2024-04-23T21:16:12,558  INFO [LocalJobRunner Map Task Executor #0] exec.ReduceSinkOperator: RS[2]: Total records written - 2. abort - false
2024-04-23T21:16:12,558  INFO [LocalJobRunner Map Task Executor #0] exec.ReduceSinkOperator: RECORDS_OUT_OPERATOR_RS_2:2, RECORDS_OUT_INTERMEDIATE:2, 
2024-04-23T21:16:12,558  INFO [LocalJobRunner Map Task Executor #0] mapred.LocalJobRunner: 
2024-04-23T21:16:12,558  INFO [LocalJobRunner Map Task Executor #0] mapred.MapTask: Starting flush of map output
2024-04-23T21:16:12,558  INFO [LocalJobRunner Map Task Executor #0] mapred.MapTask: Spilling map output
2024-04-23T21:16:12,558  INFO [LocalJobRunner Map Task Executor #0] mapred.MapTask: bufstart = 0; bufend = 292; bufvoid = 104857600
2024-04-23T21:16:12,558  INFO [LocalJobRunner Map Task Executor #0] mapred.MapTask: kvstart = 26214396(104857584); kvend = 26214392(104857568); length = 5/6553600
2024-04-23T21:16:12,567  INFO [LocalJobRunner Map Task Executor #0] mapred.MapTask: Finished spill 0
2024-04-23T21:16:12,570  INFO [LocalJobRunner Map Task Executor #0] mapred.Task: Task:attempt_local1295255186_0051_m_000002_0 is done. And is in the process of committing
2024-04-23T21:16:12,570  INFO [LocalJobRunner Map Task Executor #0] mapred.LocalJobRunner: map
2024-04-23T21:16:12,570  INFO [LocalJobRunner Map Task Executor #0] mapred.Task: Task 'attempt_local1295255186_0051_m_000002_0' done.
2024-04-23T21:16:12,571  INFO [LocalJobRunner Map Task Executor #0] mapred.Task: Final Counters for attempt_local1295255186_0051_m_000002_0: Counters: 24
	File System Counters
		FILE: Number of bytes read=1168816
		FILE: Number of bytes written=60054933
		FILE: Number of read operations=0
		FILE: Number of large read operations=0
		FILE: Number of write operations=0
	Map-Reduce Framework
		Map input records=2
		Map output records=2
		Map output bytes=292
		Map output materialized bytes=304
		Input split bytes=451
		Combine input records=0
		Spilled Records=2
		Failed Shuffles=0
		Merged Map outputs=0
		GC time elapsed (ms)=0
		Total committed heap usage (bytes)=1188560896
	HIVE
		DESERIALIZE_ERRORS=0
		RECORDS_IN=2
		RECORDS_OUT_INTERMEDIATE=2
		RECORDS_OUT_OPERATOR_MAP_0=0
		RECORDS_OUT_OPERATOR_RS_2=2
		RECORDS_OUT_OPERATOR_SEL_1=2
		RECORDS_OUT_OPERATOR_TS_0=2
	File Input Format Counters 
		Bytes Read=5731
2024-04-23T21:16:12,571  INFO [LocalJobRunner Map Task Executor #0] mapred.LocalJobRunner: Finishing task: attempt_local1295255186_0051_m_000002_0
2024-04-23T21:16:12,571  INFO [LocalJobRunner Map Task Executor #0] mapred.LocalJobRunner: Starting task: attempt_local1295255186_0051_m_000003_0
2024-04-23T21:16:12,571  INFO [LocalJobRunner Map Task Executor #0] mapred.Task:  Using ResourceCalculatorProcessTree : [ ]
2024-04-23T21:16:12,572  INFO [LocalJobRunner Map Task Executor #0] mapred.MapTask: Processing split: org.apache.hadoop.hive.ql.io.orc.OrcInputFormat:OrcSplit [file:/home/alex/Repositories/hive/ql/target/tmp/org.apache.hadoop.hive.ql.TestTxnNoBuckets-1713932056679/warehouse/t/000001_0, start=0, length=254, isOriginal=true, fileLength=254, hasFooter=false, hasBase=true, deltas=0]
2024-04-23T21:16:12,572  INFO [LocalJobRunner Map Task Executor #0] exec.SerializationUtilities: Deserializing MapWork using kryo
2024-04-23T21:16:12,572  INFO [LocalJobRunner Map Task Executor #0] exec.Utilities: Deserialized plan (via FILE) - name: null size: 4,60KB
2024-04-23T21:16:12,573  INFO [LocalJobRunner Map Task Executor #0] orc.ReaderImpl: Reading ORC rows from file:/home/alex/Repositories/hive/ql/target/tmp/org.apache.hadoop.hive.ql.TestTxnNoBuckets-1713932056679/warehouse/t/000001_0 with {include: [true, true, true], offset: 0, length: 254, schema: struct<a:int,b:int>, includeAcidColumns: true}
2024-04-23T21:16:12,574  INFO [LocalJobRunner Map Task Executor #0] mapred.MapTask: numReduceTasks: 1
2024-04-23T21:16:12,577  INFO [LocalJobRunner Map Task Executor #0] mapred.MapTask: (EQUATOR) 0 kvi 26214396(104857584)
2024-04-23T21:16:12,577  INFO [LocalJobRunner Map Task Executor #0] mapred.MapTask: mapreduce.task.io.sort.mb: 100
2024-04-23T21:16:12,577  INFO [LocalJobRunner Map Task Executor #0] mapred.MapTask: soft limit at 83886080
2024-04-23T21:16:12,577  INFO [LocalJobRunner Map Task Executor #0] mapred.MapTask: bufstart = 0; bufvoid = 104857600
2024-04-23T21:16:12,577  INFO [LocalJobRunner Map Task Executor #0] mapred.MapTask: kvstart = 26214396; length = 6553600
2024-04-23T21:16:12,578  INFO [LocalJobRunner Map Task Executor #0] mapred.MapTask: Map output collector class = org.apache.hadoop.mapred.MapTask$MapOutputBuffer
2024-04-23T21:16:12,578  INFO [LocalJobRunner Map Task Executor #0] exec.MapOperator: Initializing Operator: MAP[0]
2024-04-23T21:16:12,579  INFO [LocalJobRunner Map Task Executor #0] mr.ExecMapper: 
<MAP>Id =0
  <Children>null
  <\Children>
  <Parent><\Parent>
<\MAP>
2024-04-23T21:16:12,580  INFO [LocalJobRunner Map Task Executor #0] exec.TableScanOperator: Initializing Operator: TS[0]
2024-04-23T21:16:12,580  INFO [LocalJobRunner Map Task Executor #0] exec.SelectOperator: Initializing Operator: SEL[1]
2024-04-23T21:16:12,580  INFO [LocalJobRunner Map Task Executor #0] exec.SelectOperator: SELECT struct<a:int,b:int,input__file__name:string>
2024-04-23T21:16:12,580  INFO [LocalJobRunner Map Task Executor #0] exec.ReduceSinkOperator: Initializing Operator: RS[2]
2024-04-23T21:16:12,580  INFO [LocalJobRunner Map Task Executor #0] exec.ReduceSinkOperator: Using tag = -1
2024-04-23T21:16:12,580  INFO [LocalJobRunner Map Task Executor #0] exec.ReduceSinkOperator: keys are [reducesinkkey0, reducesinkkey1, reducesinkkey2] num distributions: 3
2024-04-23T21:16:12,580  INFO [LocalJobRunner Map Task Executor #0] exec.ReduceSinkOperator: RS[2]: records written - 1
2024-04-23T21:16:12,580  INFO [LocalJobRunner Map Task Executor #0] exec.MapOperator: MAP[0]: records read - 1
2024-04-23T21:16:12,580  INFO [LocalJobRunner Map Task Executor #0] exec.MapOperator: Closing Operator: MAP[0]
2024-04-23T21:16:12,580  INFO [LocalJobRunner Map Task Executor #0] exec.MapOperator: MAP[0]: Total records read - 1. abort - false
2024-04-23T21:16:12,580  INFO [LocalJobRunner Map Task Executor #0] exec.MapOperator: DESERIALIZE_ERRORS:0, RECORDS_OUT_INTERMEDIATE:0, RECORDS_OUT_OPERATOR_MAP_0:0, RECORDS_IN:1, 
2024-04-23T21:16:12,580  INFO [LocalJobRunner Map Task Executor #0] exec.TableScanOperator: Closing Operator: TS[0]
2024-04-23T21:16:12,580  INFO [LocalJobRunner Map Task Executor #0] exec.TableScanOperator: RECORDS_OUT_OPERATOR_TS_0:1, RECORDS_OUT_INTERMEDIATE:0, 
2024-04-23T21:16:12,581  INFO [LocalJobRunner Map Task Executor #0] exec.SelectOperator: Closing Operator: SEL[1]
2024-04-23T21:16:12,581  INFO [LocalJobRunner Map Task Executor #0] exec.SelectOperator: RECORDS_OUT_INTERMEDIATE:0, RECORDS_OUT_OPERATOR_SEL_1:1, 
2024-04-23T21:16:12,581  INFO [LocalJobRunner Map Task Executor #0] exec.ReduceSinkOperator: Closing Operator: RS[2]
2024-04-23T21:16:12,581  INFO [LocalJobRunner Map Task Executor #0] exec.ReduceSinkOperator: RS[2]: Total records written - 1. abort - false
2024-04-23T21:16:12,581  INFO [LocalJobRunner Map Task Executor #0] exec.ReduceSinkOperator: RECORDS_OUT_INTERMEDIATE:1, RECORDS_OUT_OPERATOR_RS_2:1, 
2024-04-23T21:16:12,581  INFO [LocalJobRunner Map Task Executor #0] mapred.LocalJobRunner: 
2024-04-23T21:16:12,581  INFO [LocalJobRunner Map Task Executor #0] mapred.MapTask: Starting flush of map output
2024-04-23T21:16:12,581  INFO [LocalJobRunner Map Task Executor #0] mapred.MapTask: Spilling map output
2024-04-23T21:16:12,581  INFO [LocalJobRunner Map Task Executor #0] mapred.MapTask: bufstart = 0; bufend = 146; bufvoid = 104857600
2024-04-23T21:16:12,581  INFO [LocalJobRunner Map Task Executor #0] mapred.MapTask: kvstart = 26214396(104857584); kvend = 26214396(104857584); length = 1/6553600
2024-04-23T21:16:12,589  INFO [LocalJobRunner Map Task Executor #0] mapred.MapTask: Finished spill 0
2024-04-23T21:16:12,592  INFO [LocalJobRunner Map Task Executor #0] mapred.Task: Task:attempt_local1295255186_0051_m_000003_0 is done. And is in the process of committing
2024-04-23T21:16:12,592  INFO [LocalJobRunner Map Task Executor #0] mapred.LocalJobRunner: map
2024-04-23T21:16:12,592  INFO [LocalJobRunner Map Task Executor #0] mapred.Task: Task 'attempt_local1295255186_0051_m_000003_0' done.
2024-04-23T21:16:12,592  INFO [LocalJobRunner Map Task Executor #0] mapred.Task: Final Counters for attempt_local1295255186_0051_m_000003_0: Counters: 24
	File System Counters
		FILE: Number of bytes read=1176789
		FILE: Number of bytes written=60055120
		FILE: Number of read operations=0
		FILE: Number of large read operations=0
		FILE: Number of write operations=0
	Map-Reduce Framework
		Map input records=1
		Map output records=1
		Map output bytes=146
		Map output materialized bytes=155
		Input split bytes=451
		Combine input records=0
		Spilled Records=1
		Failed Shuffles=0
		Merged Map outputs=0
		GC time elapsed (ms)=0
		Total committed heap usage (bytes)=1188560896
	HIVE
		DESERIALIZE_ERRORS=0
		RECORDS_IN=1
		RECORDS_OUT_INTERMEDIATE=1
		RECORDS_OUT_OPERATOR_MAP_0=0
		RECORDS_OUT_OPERATOR_RS_2=1
		RECORDS_OUT_OPERATOR_SEL_1=1
		RECORDS_OUT_OPERATOR_TS_0=1
	File Input Format Counters 
		Bytes Read=5723
2024-04-23T21:16:12,592  INFO [LocalJobRunner Map Task Executor #0] mapred.LocalJobRunner: Finishing task: attempt_local1295255186_0051_m_000003_0
2024-04-23T21:16:12,592  INFO [LocalJobRunner Map Task Executor #0] mapred.LocalJobRunner: Starting task: attempt_local1295255186_0051_m_000004_0
2024-04-23T21:16:12,593  INFO [LocalJobRunner Map Task Executor #0] mapred.Task:  Using ResourceCalculatorProcessTree : [ ]
2024-04-23T21:16:12,593  INFO [LocalJobRunner Map Task Executor #0] mapred.MapTask: Processing split: org.apache.hadoop.hive.ql.io.orc.OrcInputFormat:OrcSplit [file:/home/alex/Repositories/hive/ql/target/tmp/org.apache.hadoop.hive.ql.TestTxnNoBuckets-1713932056679/warehouse/t/000002_0, start=0, length=254, isOriginal=true, fileLength=254, hasFooter=false, hasBase=true, deltas=0]
2024-04-23T21:16:12,594  INFO [LocalJobRunner Map Task Executor #0] exec.SerializationUtilities: Deserializing MapWork using kryo
2024-04-23T21:16:12,594  INFO [LocalJobRunner Map Task Executor #0] exec.Utilities: Deserialized plan (via FILE) - name: null size: 4,60KB
2024-04-23T21:16:12,595  INFO [LocalJobRunner Map Task Executor #0] orc.ReaderImpl: Reading ORC rows from file:/home/alex/Repositories/hive/ql/target/tmp/org.apache.hadoop.hive.ql.TestTxnNoBuckets-1713932056679/warehouse/t/000002_0 with {include: [true, true, true], offset: 0, length: 254, schema: struct<a:int,b:int>, includeAcidColumns: true}
2024-04-23T21:16:12,595  INFO [LocalJobRunner Map Task Executor #0] mapred.MapTask: numReduceTasks: 1
2024-04-23T21:16:12,600  INFO [LocalJobRunner Map Task Executor #0] mapred.MapTask: (EQUATOR) 0 kvi 26214396(104857584)
2024-04-23T21:16:12,600  INFO [LocalJobRunner Map Task Executor #0] mapred.MapTask: mapreduce.task.io.sort.mb: 100
2024-04-23T21:16:12,600  INFO [LocalJobRunner Map Task Executor #0] mapred.MapTask: soft limit at 83886080
2024-04-23T21:16:12,600  INFO [LocalJobRunner Map Task Executor #0] mapred.MapTask: bufstart = 0; bufvoid = 104857600
2024-04-23T21:16:12,600  INFO [LocalJobRunner Map Task Executor #0] mapred.MapTask: kvstart = 26214396; length = 6553600
2024-04-23T21:16:12,600  INFO [LocalJobRunner Map Task Executor #0] mapred.MapTask: Map output collector class = org.apache.hadoop.mapred.MapTask$MapOutputBuffer
2024-04-23T21:16:12,601  INFO [LocalJobRunner Map Task Executor #0] exec.MapOperator: Initializing Operator: MAP[0]
2024-04-23T21:16:12,602  INFO [LocalJobRunner Map Task Executor #0] mr.ExecMapper: 
<MAP>Id =0
  <Children>null
  <\Children>
  <Parent><\Parent>
<\MAP>
2024-04-23T21:16:12,602  INFO [LocalJobRunner Map Task Executor #0] exec.TableScanOperator: Initializing Operator: TS[0]
2024-04-23T21:16:12,602  INFO [LocalJobRunner Map Task Executor #0] exec.SelectOperator: Initializing Operator: SEL[1]
2024-04-23T21:16:12,602  INFO [LocalJobRunner Map Task Executor #0] exec.SelectOperator: SELECT struct<a:int,b:int,input__file__name:string>
2024-04-23T21:16:12,602  INFO [LocalJobRunner Map Task Executor #0] exec.ReduceSinkOperator: Initializing Operator: RS[2]
2024-04-23T21:16:12,602  INFO [LocalJobRunner Map Task Executor #0] exec.ReduceSinkOperator: Using tag = -1
2024-04-23T21:16:12,603  INFO [LocalJobRunner Map Task Executor #0] exec.ReduceSinkOperator: keys are [reducesinkkey0, reducesinkkey1, reducesinkkey2] num distributions: 3
2024-04-23T21:16:12,603  INFO [LocalJobRunner Map Task Executor #0] exec.ReduceSinkOperator: RS[2]: records written - 1
2024-04-23T21:16:12,603  INFO [LocalJobRunner Map Task Executor #0] exec.MapOperator: MAP[0]: records read - 1
2024-04-23T21:16:12,603  INFO [LocalJobRunner Map Task Executor #0] exec.MapOperator: Closing Operator: MAP[0]
2024-04-23T21:16:12,603  INFO [LocalJobRunner Map Task Executor #0] exec.MapOperator: MAP[0]: Total records read - 2. abort - false
2024-04-23T21:16:12,603  INFO [LocalJobRunner Map Task Executor #0] exec.MapOperator: RECORDS_IN:2, DESERIALIZE_ERRORS:0, RECORDS_OUT_OPERATOR_MAP_0:0, RECORDS_OUT_INTERMEDIATE:0, 
2024-04-23T21:16:12,603  INFO [LocalJobRunner Map Task Executor #0] exec.TableScanOperator: Closing Operator: TS[0]
2024-04-23T21:16:12,603  INFO [LocalJobRunner Map Task Executor #0] exec.TableScanOperator: RECORDS_OUT_OPERATOR_TS_0:2, RECORDS_OUT_INTERMEDIATE:0, 
2024-04-23T21:16:12,603  INFO [LocalJobRunner Map Task Executor #0] exec.SelectOperator: Closing Operator: SEL[1]
2024-04-23T21:16:12,603  INFO [LocalJobRunner Map Task Executor #0] exec.SelectOperator: RECORDS_OUT_OPERATOR_SEL_1:2, RECORDS_OUT_INTERMEDIATE:0, 
2024-04-23T21:16:12,603  INFO [LocalJobRunner Map Task Executor #0] exec.ReduceSinkOperator: Closing Operator: RS[2]
2024-04-23T21:16:12,603  INFO [LocalJobRunner Map Task Executor #0] exec.ReduceSinkOperator: RS[2]: Total records written - 2. abort - false
2024-04-23T21:16:12,603  INFO [LocalJobRunner Map Task Executor #0] exec.ReduceSinkOperator: RECORDS_OUT_OPERATOR_RS_2:2, RECORDS_OUT_INTERMEDIATE:2, 
2024-04-23T21:16:12,603  INFO [LocalJobRunner Map Task Executor #0] mapred.LocalJobRunner: 
2024-04-23T21:16:12,603  INFO [LocalJobRunner Map Task Executor #0] mapred.MapTask: Starting flush of map output
2024-04-23T21:16:12,603  INFO [LocalJobRunner Map Task Executor #0] mapred.MapTask: Spilling map output
2024-04-23T21:16:12,603  INFO [LocalJobRunner Map Task Executor #0] mapred.MapTask: bufstart = 0; bufend = 292; bufvoid = 104857600
2024-04-23T21:16:12,603  INFO [LocalJobRunner Map Task Executor #0] mapred.MapTask: kvstart = 26214396(104857584); kvend = 26214392(104857568); length = 5/6553600
2024-04-23T21:16:12,612  INFO [LocalJobRunner Map Task Executor #0] mapred.MapTask: Finished spill 0
2024-04-23T21:16:12,615  INFO [LocalJobRunner Map Task Executor #0] mapred.Task: Task:attempt_local1295255186_0051_m_000004_0 is done. And is in the process of committing
2024-04-23T21:16:12,615  INFO [LocalJobRunner Map Task Executor #0] mapred.LocalJobRunner: map
2024-04-23T21:16:12,615  INFO [LocalJobRunner Map Task Executor #0] mapred.Task: Task 'attempt_local1295255186_0051_m_000004_0' done.
2024-04-23T21:16:12,615  INFO [LocalJobRunner Map Task Executor #0] mapred.Task: Final Counters for attempt_local1295255186_0051_m_000004_0: Counters: 24
	File System Counters
		FILE: Number of bytes read=1184250
		FILE: Number of bytes written=60055456
		FILE: Number of read operations=0
		FILE: Number of large read operations=0
		FILE: Number of write operations=0
	Map-Reduce Framework
		Map input records=2
		Map output records=2
		Map output bytes=292
		Map output materialized bytes=304
		Input split bytes=451
		Combine input records=0
		Spilled Records=2
		Failed Shuffles=0
		Merged Map outputs=0
		GC time elapsed (ms)=0
		Total committed heap usage (bytes)=1188560896
	HIVE
		DESERIALIZE_ERRORS=0
		RECORDS_IN=2
		RECORDS_OUT_INTERMEDIATE=2
		RECORDS_OUT_OPERATOR_MAP_0=0
		RECORDS_OUT_OPERATOR_RS_2=2
		RECORDS_OUT_OPERATOR_SEL_1=2
		RECORDS_OUT_OPERATOR_TS_0=2
	File Input Format Counters 
		Bytes Read=5723
2024-04-23T21:16:12,615  INFO [LocalJobRunner Map Task Executor #0] mapred.LocalJobRunner: Finishing task: attempt_local1295255186_0051_m_000004_0
2024-04-23T21:16:12,615  INFO [LocalJobRunner Map Task Executor #0] mapred.LocalJobRunner: Starting task: attempt_local1295255186_0051_m_000005_0
2024-04-23T21:16:12,615  INFO [LocalJobRunner Map Task Executor #0] mapred.Task:  Using ResourceCalculatorProcessTree : [ ]
2024-04-23T21:16:12,616  INFO [LocalJobRunner Map Task Executor #0] mapred.MapTask: Processing split: org.apache.hadoop.hive.ql.io.orc.OrcInputFormat:OrcSplit [file:/home/alex/Repositories/hive/ql/target/tmp/org.apache.hadoop.hive.ql.TestTxnNoBuckets-1713932056679/warehouse/t/HIVE_UNION_SUBDIR_16/000000_0, start=0, length=254, isOriginal=true, fileLength=254, hasFooter=false, hasBase=true, deltas=0]
2024-04-23T21:16:12,616  INFO [LocalJobRunner Map Task Executor #0] exec.SerializationUtilities: Deserializing MapWork using kryo
2024-04-23T21:16:12,616  INFO [LocalJobRunner Map Task Executor #0] exec.Utilities: Deserialized plan (via FILE) - name: null size: 4,60KB
2024-04-23T21:16:12,617  INFO [LocalJobRunner Map Task Executor #0] orc.ReaderImpl: Reading ORC rows from file:/home/alex/Repositories/hive/ql/target/tmp/org.apache.hadoop.hive.ql.TestTxnNoBuckets-1713932056679/warehouse/t/HIVE_UNION_SUBDIR_16/000000_0 with {include: [true, true, true], offset: 0, length: 254, schema: struct<a:int,b:int>, includeAcidColumns: true}
2024-04-23T21:16:12,618  INFO [LocalJobRunner Map Task Executor #0] mapred.MapTask: numReduceTasks: 1
2024-04-23T21:16:12,622  INFO [LocalJobRunner Map Task Executor #0] mapred.MapTask: (EQUATOR) 0 kvi 26214396(104857584)
2024-04-23T21:16:12,622  INFO [LocalJobRunner Map Task Executor #0] mapred.MapTask: mapreduce.task.io.sort.mb: 100
2024-04-23T21:16:12,622  INFO [LocalJobRunner Map Task Executor #0] mapred.MapTask: soft limit at 83886080
2024-04-23T21:16:12,622  INFO [LocalJobRunner Map Task Executor #0] mapred.MapTask: bufstart = 0; bufvoid = 104857600
2024-04-23T21:16:12,622  INFO [LocalJobRunner Map Task Executor #0] mapred.MapTask: kvstart = 26214396; length = 6553600
2024-04-23T21:16:12,622  INFO [LocalJobRunner Map Task Executor #0] mapred.MapTask: Map output collector class = org.apache.hadoop.mapred.MapTask$MapOutputBuffer
2024-04-23T21:16:12,623  INFO [LocalJobRunner Map Task Executor #0] exec.MapOperator: Initializing Operator: MAP[0]
2024-04-23T21:16:12,624  INFO [LocalJobRunner Map Task Executor #0] mr.ExecMapper: 
<MAP>Id =0
  <Children>null
  <\Children>
  <Parent><\Parent>
<\MAP>
2024-04-23T21:16:12,624  INFO [LocalJobRunner Map Task Executor #0] exec.TableScanOperator: Initializing Operator: TS[0]
2024-04-23T21:16:12,624  INFO [LocalJobRunner Map Task Executor #0] exec.SelectOperator: Initializing Operator: SEL[1]
2024-04-23T21:16:12,624  INFO [LocalJobRunner Map Task Executor #0] exec.SelectOperator: SELECT struct<a:int,b:int,input__file__name:string>
2024-04-23T21:16:12,624  INFO [LocalJobRunner Map Task Executor #0] exec.ReduceSinkOperator: Initializing Operator: RS[2]
2024-04-23T21:16:12,624  INFO [LocalJobRunner Map Task Executor #0] exec.ReduceSinkOperator: Using tag = -1
2024-04-23T21:16:12,625  INFO [LocalJobRunner Map Task Executor #0] exec.ReduceSinkOperator: keys are [reducesinkkey0, reducesinkkey1, reducesinkkey2] num distributions: 3
2024-04-23T21:16:12,625  INFO [LocalJobRunner Map Task Executor #0] exec.ReduceSinkOperator: RS[2]: records written - 1
2024-04-23T21:16:12,625  INFO [LocalJobRunner Map Task Executor #0] exec.MapOperator: MAP[0]: records read - 1
2024-04-23T21:16:12,625  INFO [LocalJobRunner Map Task Executor #0] exec.MapOperator: Closing Operator: MAP[0]
2024-04-23T21:16:12,625  INFO [LocalJobRunner Map Task Executor #0] exec.MapOperator: MAP[0]: Total records read - 1. abort - false
2024-04-23T21:16:12,625  INFO [LocalJobRunner Map Task Executor #0] exec.MapOperator: RECORDS_OUT_OPERATOR_MAP_0:0, RECORDS_OUT_INTERMEDIATE:0, DESERIALIZE_ERRORS:0, RECORDS_IN:1, 
2024-04-23T21:16:12,625  INFO [LocalJobRunner Map Task Executor #0] exec.TableScanOperator: Closing Operator: TS[0]
2024-04-23T21:16:12,625  INFO [LocalJobRunner Map Task Executor #0] exec.TableScanOperator: RECORDS_OUT_INTERMEDIATE:0, RECORDS_OUT_OPERATOR_TS_0:1, 
2024-04-23T21:16:12,625  INFO [LocalJobRunner Map Task Executor #0] exec.SelectOperator: Closing Operator: SEL[1]
2024-04-23T21:16:12,625  INFO [LocalJobRunner Map Task Executor #0] exec.SelectOperator: RECORDS_OUT_INTERMEDIATE:0, RECORDS_OUT_OPERATOR_SEL_1:1, 
2024-04-23T21:16:12,625  INFO [LocalJobRunner Map Task Executor #0] exec.ReduceSinkOperator: Closing Operator: RS[2]
2024-04-23T21:16:12,625  INFO [LocalJobRunner Map Task Executor #0] exec.ReduceSinkOperator: RS[2]: Total records written - 1. abort - false
2024-04-23T21:16:12,625  INFO [LocalJobRunner Map Task Executor #0] exec.ReduceSinkOperator: RECORDS_OUT_INTERMEDIATE:1, RECORDS_OUT_OPERATOR_RS_2:1, 
2024-04-23T21:16:12,625  INFO [LocalJobRunner Map Task Executor #0] mapred.LocalJobRunner: 
2024-04-23T21:16:12,625  INFO [LocalJobRunner Map Task Executor #0] mapred.MapTask: Starting flush of map output
2024-04-23T21:16:12,625  INFO [LocalJobRunner Map Task Executor #0] mapred.MapTask: Spilling map output
2024-04-23T21:16:12,625  INFO [LocalJobRunner Map Task Executor #0] mapred.MapTask: bufstart = 0; bufend = 167; bufvoid = 104857600
2024-04-23T21:16:12,625  INFO [LocalJobRunner Map Task Executor #0] mapred.MapTask: kvstart = 26214396(104857584); kvend = 26214396(104857584); length = 1/6553600
2024-04-23T21:16:12,634  INFO [LocalJobRunner Map Task Executor #0] mapred.MapTask: Finished spill 0
2024-04-23T21:16:12,637  INFO [LocalJobRunner Map Task Executor #0] mapred.Task: Task:attempt_local1295255186_0051_m_000005_0 is done. And is in the process of committing
2024-04-23T21:16:12,637  INFO [LocalJobRunner Map Task Executor #0] mapred.LocalJobRunner: map
2024-04-23T21:16:12,637  INFO [LocalJobRunner Map Task Executor #0] mapred.Task: Task 'attempt_local1295255186_0051_m_000005_0' done.
2024-04-23T21:16:12,637  INFO [LocalJobRunner Map Task Executor #0] mapred.Task: Final Counters for attempt_local1295255186_0051_m_000005_0: Counters: 24
	File System Counters
		FILE: Number of bytes read=1191199
		FILE: Number of bytes written=60055664
		FILE: Number of read operations=0
		FILE: Number of large read operations=0
		FILE: Number of write operations=0
	Map-Reduce Framework
		Map input records=1
		Map output records=1
		Map output bytes=167
		Map output materialized bytes=176
		Input split bytes=473
		Combine input records=0
		Spilled Records=1
		Failed Shuffles=0
		Merged Map outputs=0
		GC time elapsed (ms)=0
		Total committed heap usage (bytes)=1188560896
	HIVE
		DESERIALIZE_ERRORS=0
		RECORDS_IN=1
		RECORDS_OUT_INTERMEDIATE=1
		RECORDS_OUT_OPERATOR_MAP_0=0
		RECORDS_OUT_OPERATOR_RS_2=1
		RECORDS_OUT_OPERATOR_SEL_1=1
		RECORDS_OUT_OPERATOR_TS_0=1
	File Input Format Counters 
		Bytes Read=5723
2024-04-23T21:16:12,637  INFO [LocalJobRunner Map Task Executor #0] mapred.LocalJobRunner: Finishing task: attempt_local1295255186_0051_m_000005_0
2024-04-23T21:16:12,637  INFO [LocalJobRunner Map Task Executor #0] mapred.LocalJobRunner: Starting task: attempt_local1295255186_0051_m_000006_0
2024-04-23T21:16:12,638  INFO [LocalJobRunner Map Task Executor #0] mapred.Task:  Using ResourceCalculatorProcessTree : [ ]
2024-04-23T21:16:12,638  INFO [LocalJobRunner Map Task Executor #0] mapred.MapTask: Processing split: org.apache.hadoop.hive.ql.io.orc.OrcInputFormat:OrcSplit [file:/home/alex/Repositories/hive/ql/target/tmp/org.apache.hadoop.hive.ql.TestTxnNoBuckets-1713932056679/warehouse/t/000000_0_copy_1, start=0, length=241, isOriginal=true, fileLength=241, hasFooter=false, hasBase=true, deltas=0]
2024-04-23T21:16:12,638  INFO [LocalJobRunner Map Task Executor #0] exec.SerializationUtilities: Deserializing MapWork using kryo
2024-04-23T21:16:12,639  INFO [LocalJobRunner Map Task Executor #0] exec.Utilities: Deserialized plan (via FILE) - name: null size: 4,60KB
2024-04-23T21:16:12,639  INFO [LocalJobRunner Map Task Executor #0] orc.ReaderImpl: Reading ORC rows from file:/home/alex/Repositories/hive/ql/target/tmp/org.apache.hadoop.hive.ql.TestTxnNoBuckets-1713932056679/warehouse/t/000000_0_copy_1 with {include: [true, true, true], offset: 0, length: 241, schema: struct<a:int,b:int>, includeAcidColumns: true}
2024-04-23T21:16:12,640  INFO [LocalJobRunner Map Task Executor #0] mapred.MapTask: numReduceTasks: 1
2024-04-23T21:16:12,650  INFO [LocalJobRunner Map Task Executor #0] mapred.MapTask: (EQUATOR) 0 kvi 26214396(104857584)
2024-04-23T21:16:12,650  INFO [LocalJobRunner Map Task Executor #0] mapred.MapTask: mapreduce.task.io.sort.mb: 100
2024-04-23T21:16:12,650  INFO [LocalJobRunner Map Task Executor #0] mapred.MapTask: soft limit at 83886080
2024-04-23T21:16:12,650  INFO [LocalJobRunner Map Task Executor #0] mapred.MapTask: bufstart = 0; bufvoid = 104857600
2024-04-23T21:16:12,650  INFO [LocalJobRunner Map Task Executor #0] mapred.MapTask: kvstart = 26214396; length = 6553600
2024-04-23T21:16:12,650  INFO [LocalJobRunner Map Task Executor #0] mapred.MapTask: Map output collector class = org.apache.hadoop.mapred.MapTask$MapOutputBuffer
2024-04-23T21:16:12,651  INFO [LocalJobRunner Map Task Executor #0] exec.MapOperator: Initializing Operator: MAP[0]
2024-04-23T21:16:12,652  INFO [LocalJobRunner Map Task Executor #0] mr.ExecMapper: 
<MAP>Id =0
  <Children>null
  <\Children>
  <Parent><\Parent>
<\MAP>
2024-04-23T21:16:12,652  INFO [LocalJobRunner Map Task Executor #0] exec.TableScanOperator: Initializing Operator: TS[0]
2024-04-23T21:16:12,652  INFO [LocalJobRunner Map Task Executor #0] exec.SelectOperator: Initializing Operator: SEL[1]
2024-04-23T21:16:12,652  INFO [LocalJobRunner Map Task Executor #0] exec.SelectOperator: SELECT struct<a:int,b:int,input__file__name:string>
2024-04-23T21:16:12,652  INFO [LocalJobRunner Map Task Executor #0] exec.ReduceSinkOperator: Initializing Operator: RS[2]
2024-04-23T21:16:12,652  INFO [LocalJobRunner Map Task Executor #0] exec.ReduceSinkOperator: Using tag = -1
2024-04-23T21:16:12,653  INFO [LocalJobRunner Map Task Executor #0] exec.ReduceSinkOperator: keys are [reducesinkkey0, reducesinkkey1, reducesinkkey2] num distributions: 3
2024-04-23T21:16:12,653  INFO [LocalJobRunner Map Task Executor #0] exec.ReduceSinkOperator: RS[2]: records written - 1
2024-04-23T21:16:12,653  INFO [LocalJobRunner Map Task Executor #0] exec.MapOperator: MAP[0]: records read - 1
2024-04-23T21:16:12,653  INFO [LocalJobRunner Map Task Executor #0] exec.MapOperator: Closing Operator: MAP[0]
2024-04-23T21:16:12,653  INFO [LocalJobRunner Map Task Executor #0] exec.MapOperator: MAP[0]: Total records read - 1. abort - false
2024-04-23T21:16:12,653  INFO [LocalJobRunner Map Task Executor #0] exec.MapOperator: DESERIALIZE_ERRORS:0, RECORDS_OUT_OPERATOR_MAP_0:0, RECORDS_IN:1, RECORDS_OUT_INTERMEDIATE:0, 
2024-04-23T21:16:12,653  INFO [LocalJobRunner Map Task Executor #0] exec.TableScanOperator: Closing Operator: TS[0]
2024-04-23T21:16:12,653  INFO [LocalJobRunner Map Task Executor #0] exec.TableScanOperator: RECORDS_OUT_INTERMEDIATE:0, RECORDS_OUT_OPERATOR_TS_0:1, 
2024-04-23T21:16:12,653  INFO [LocalJobRunner Map Task Executor #0] exec.SelectOperator: Closing Operator: SEL[1]
2024-04-23T21:16:12,653  INFO [LocalJobRunner Map Task Executor #0] exec.SelectOperator: RECORDS_OUT_INTERMEDIATE:0, RECORDS_OUT_OPERATOR_SEL_1:1, 
2024-04-23T21:16:12,653  INFO [LocalJobRunner Map Task Executor #0] exec.ReduceSinkOperator: Closing Operator: RS[2]
2024-04-23T21:16:12,653  INFO [LocalJobRunner Map Task Executor #0] exec.ReduceSinkOperator: RS[2]: Total records written - 1. abort - false
2024-04-23T21:16:12,653  INFO [LocalJobRunner Map Task Executor #0] exec.ReduceSinkOperator: RECORDS_OUT_INTERMEDIATE:1, RECORDS_OUT_OPERATOR_RS_2:1, 
2024-04-23T21:16:12,654  INFO [LocalJobRunner Map Task Executor #0] mapred.LocalJobRunner: 
2024-04-23T21:16:12,654  INFO [LocalJobRunner Map Task Executor #0] mapred.MapTask: Starting flush of map output
2024-04-23T21:16:12,654  INFO [LocalJobRunner Map Task Executor #0] mapred.MapTask: Spilling map output
2024-04-23T21:16:12,654  INFO [LocalJobRunner Map Task Executor #0] mapred.MapTask: bufstart = 0; bufend = 153; bufvoid = 104857600
2024-04-23T21:16:12,654  INFO [LocalJobRunner Map Task Executor #0] mapred.MapTask: kvstart = 26214396(104857584); kvend = 26214396(104857584); length = 1/6553600
2024-04-23T21:16:12,662  INFO [LocalJobRunner Map Task Executor #0] mapred.MapTask: Finished spill 0
2024-04-23T21:16:12,665  INFO [LocalJobRunner Map Task Executor #0] mapred.Task: Task:attempt_local1295255186_0051_m_000006_0 is done. And is in the process of committing
2024-04-23T21:16:12,666  INFO [LocalJobRunner Map Task Executor #0] mapred.LocalJobRunner: map
2024-04-23T21:16:12,666  INFO [LocalJobRunner Map Task Executor #0] mapred.Task: Task 'attempt_local1295255186_0051_m_000006_0' done.
2024-04-23T21:16:12,666  INFO [LocalJobRunner Map Task Executor #0] mapred.Task: Final Counters for attempt_local1295255186_0051_m_000006_0: Counters: 24
	File System Counters
		FILE: Number of bytes read=1197584
		FILE: Number of bytes written=60055858
		FILE: Number of read operations=0
		FILE: Number of large read operations=0
		FILE: Number of write operations=0
	Map-Reduce Framework
		Map input records=1
		Map output records=1
		Map output bytes=153
		Map output materialized bytes=162
		Input split bytes=459
		Combine input records=0
		Spilled Records=1
		Failed Shuffles=0
		Merged Map outputs=0
		GC time elapsed (ms)=5
		Total committed heap usage (bytes)=1189085184
	HIVE
		DESERIALIZE_ERRORS=0
		RECORDS_IN=1
		RECORDS_OUT_INTERMEDIATE=1
		RECORDS_OUT_OPERATOR_MAP_0=0
		RECORDS_OUT_OPERATOR_RS_2=1
		RECORDS_OUT_OPERATOR_SEL_1=1
		RECORDS_OUT_OPERATOR_TS_0=1
	File Input Format Counters 
		Bytes Read=5671
2024-04-23T21:16:12,666  INFO [LocalJobRunner Map Task Executor #0] mapred.LocalJobRunner: Finishing task: attempt_local1295255186_0051_m_000006_0
2024-04-23T21:16:12,666  INFO [Thread-3274] mapred.LocalJobRunner: map task executor complete.
2024-04-23T21:16:12,667  INFO [Thread-3274] mapred.LocalJobRunner: Waiting for reduce tasks
2024-04-23T21:16:12,667  INFO [pool-222-thread-1] mapred.LocalJobRunner: Starting task: attempt_local1295255186_0051_r_000000_0
2024-04-23T21:16:12,667  INFO [pool-222-thread-1] mapred.Task:  Using ResourceCalculatorProcessTree : [ ]
2024-04-23T21:16:12,667  INFO [pool-222-thread-1] mapred.ReduceTask: Using ShuffleConsumerPlugin: org.apache.hadoop.mapreduce.task.reduce.Shuffle@19525b3b
2024-04-23T21:16:12,668  WARN [pool-222-thread-1] impl.MetricsSystemImpl: JobTracker metrics system already initialized!
2024-04-23T21:16:12,669  INFO [pool-222-thread-1] reduce.MergeManagerImpl: MergerManager: memoryLimit=1336252800, maxSingleShuffleLimit=334063200, mergeThreshold=881926912, ioSortFactor=10, memToMemMergeOutputsThreshold=10
2024-04-23T21:16:12,669  INFO [EventFetcher for fetching Map Completion Events] reduce.EventFetcher: attempt_local1295255186_0051_r_000000_0 Thread started: EventFetcher for fetching Map Completion Events
2024-04-23T21:16:12,672  INFO [localfetcher#32] reduce.LocalFetcher: localfetcher#32 about to shuffle output of map attempt_local1295255186_0051_m_000004_0 decomp: 300 len: 304 to MEMORY
2024-04-23T21:16:12,673  INFO [localfetcher#32] reduce.InMemoryMapOutput: Read 300 bytes from map-output for attempt_local1295255186_0051_m_000004_0
2024-04-23T21:16:12,673  INFO [localfetcher#32] reduce.MergeManagerImpl: closeInMemoryFile -> map-output of size: 300, inMemoryMapOutputs.size() -> 1, commitMemory -> 0, usedMemory ->300
2024-04-23T21:16:12,675  INFO [localfetcher#32] reduce.LocalFetcher: localfetcher#32 about to shuffle output of map attempt_local1295255186_0051_m_000005_0 decomp: 172 len: 176 to MEMORY
2024-04-23T21:16:12,675  INFO [localfetcher#32] reduce.InMemoryMapOutput: Read 172 bytes from map-output for attempt_local1295255186_0051_m_000005_0
2024-04-23T21:16:12,675  INFO [localfetcher#32] reduce.MergeManagerImpl: closeInMemoryFile -> map-output of size: 172, inMemoryMapOutputs.size() -> 2, commitMemory -> 300, usedMemory ->472
2024-04-23T21:16:12,677  INFO [localfetcher#32] reduce.LocalFetcher: localfetcher#32 about to shuffle output of map attempt_local1295255186_0051_m_000001_0 decomp: 342 len: 346 to MEMORY
2024-04-23T21:16:12,678  INFO [localfetcher#32] reduce.InMemoryMapOutput: Read 342 bytes from map-output for attempt_local1295255186_0051_m_000001_0
2024-04-23T21:16:12,678  INFO [localfetcher#32] reduce.MergeManagerImpl: closeInMemoryFile -> map-output of size: 342, inMemoryMapOutputs.size() -> 3, commitMemory -> 472, usedMemory ->814
2024-04-23T21:16:12,680  INFO [localfetcher#32] reduce.LocalFetcher: localfetcher#32 about to shuffle output of map attempt_local1295255186_0051_m_000002_0 decomp: 300 len: 304 to MEMORY
2024-04-23T21:16:12,680  INFO [localfetcher#32] reduce.InMemoryMapOutput: Read 300 bytes from map-output for attempt_local1295255186_0051_m_000002_0
2024-04-23T21:16:12,680  INFO [localfetcher#32] reduce.MergeManagerImpl: closeInMemoryFile -> map-output of size: 300, inMemoryMapOutputs.size() -> 4, commitMemory -> 814, usedMemory ->1114
2024-04-23T21:16:12,683  INFO [localfetcher#32] reduce.LocalFetcher: localfetcher#32 about to shuffle output of map attempt_local1295255186_0051_m_000006_0 decomp: 158 len: 162 to MEMORY
2024-04-23T21:16:12,683  INFO [localfetcher#32] reduce.InMemoryMapOutput: Read 158 bytes from map-output for attempt_local1295255186_0051_m_000006_0
2024-04-23T21:16:12,683  INFO [localfetcher#32] reduce.MergeManagerImpl: closeInMemoryFile -> map-output of size: 158, inMemoryMapOutputs.size() -> 5, commitMemory -> 1114, usedMemory ->1272
2024-04-23T21:16:12,686  INFO [localfetcher#32] reduce.LocalFetcher: localfetcher#32 about to shuffle output of map attempt_local1295255186_0051_m_000003_0 decomp: 151 len: 155 to MEMORY
2024-04-23T21:16:12,686  INFO [localfetcher#32] reduce.InMemoryMapOutput: Read 151 bytes from map-output for attempt_local1295255186_0051_m_000003_0
2024-04-23T21:16:12,686  INFO [localfetcher#32] reduce.MergeManagerImpl: closeInMemoryFile -> map-output of size: 151, inMemoryMapOutputs.size() -> 6, commitMemory -> 1272, usedMemory ->1423
2024-04-23T21:16:12,688  INFO [localfetcher#32] reduce.LocalFetcher: localfetcher#32 about to shuffle output of map attempt_local1295255186_0051_m_000000_0 decomp: 172 len: 176 to MEMORY
2024-04-23T21:16:12,689  INFO [localfetcher#32] reduce.InMemoryMapOutput: Read 172 bytes from map-output for attempt_local1295255186_0051_m_000000_0
2024-04-23T21:16:12,689  INFO [localfetcher#32] reduce.MergeManagerImpl: closeInMemoryFile -> map-output of size: 172, inMemoryMapOutputs.size() -> 7, commitMemory -> 1423, usedMemory ->1595
2024-04-23T21:16:12,689  INFO [EventFetcher for fetching Map Completion Events] reduce.EventFetcher: EventFetcher is interrupted.. Returning
2024-04-23T21:16:12,689  INFO [pool-222-thread-1] mapred.LocalJobRunner: 7 / 7 copied.
2024-04-23T21:16:12,689  INFO [pool-222-thread-1] reduce.MergeManagerImpl: finalMerge called with 7 in-memory map-outputs and 0 on-disk map-outputs
2024-04-23T21:16:12,696  INFO [pool-222-thread-1] mapred.Merger: Merging 7 sorted segments
2024-04-23T21:16:12,696  INFO [pool-222-thread-1] mapred.Merger: Down to the last merge-pass, with 7 segments left of total size: 510 bytes
2024-04-23T21:16:12,698  INFO [pool-222-thread-1] reduce.MergeManagerImpl: Merged 7 segments, 1595 bytes to disk to satisfy reduce memory limit
2024-04-23T21:16:12,698  INFO [pool-222-thread-1] reduce.MergeManagerImpl: Merging 1 files, 1587 bytes from disk
2024-04-23T21:16:12,698  INFO [pool-222-thread-1] reduce.MergeManagerImpl: Merging 0 segments, 0 bytes from memory into reduce
2024-04-23T21:16:12,698  INFO [pool-222-thread-1] mapred.Merger: Merging 1 sorted segments
2024-04-23T21:16:12,699  INFO [pool-222-thread-1] mapred.Merger: Down to the last merge-pass, with 1 segments left of total size: 1438 bytes
2024-04-23T21:16:12,699  INFO [pool-222-thread-1] mapred.LocalJobRunner: 7 / 7 copied.
2024-04-23T21:16:12,699  INFO [pool-222-thread-1] exec.SerializationUtilities: Deserializing ReduceWork using kryo
2024-04-23T21:16:12,699  INFO [pool-222-thread-1] exec.Utilities: Deserialized plan (via FILE) - name: null size: 5,69KB
2024-04-23T21:16:12,700  INFO [pool-222-thread-1] ExecReducer: 
<SEL>Id =3
  <Children>
    <FS>Id =4
      <Children>
      <\Children>
      <Parent>Id = 3 null<\Parent>
    <\FS>
  <\Children>
  <Parent><\Parent>
<\SEL>
2024-04-23T21:16:12,700  INFO [pool-222-thread-1] exec.SelectOperator: Initializing Operator: SEL[3]
2024-04-23T21:16:12,700  INFO [pool-222-thread-1] exec.SelectOperator: SELECT struct<key:struct<reducesinkkey0:int,reducesinkkey1:int,reducesinkkey2:string>,value:struct<>>
2024-04-23T21:16:12,701  INFO [pool-222-thread-1] exec.FileSinkOperator: Initializing Operator: FS[4]
2024-04-23T21:16:12,701  INFO [pool-222-thread-1] exec.FileSinkOperator: Using serializer : class org.apache.hadoop.hive.serde2.lazy.LazySimpleSerDe [serdeParams=org.apache.hadoop.hive.serde2.lazy.LazySerDeParameters@2e468af4, cachedObjectInspector=org.apache.hadoop.hive.serde2.lazy.objectinspector.LazySimpleStructObjectInspector<org.apache.hadoop.hive.serde2.lazy.objectinspector.primitive.LazyIntObjectInspector@4dea763c,org.apache.hadoop.hive.serde2.lazy.objectinspector.primitive.LazyIntObjectInspector@4dea763c,org.apache.hadoop.hive.serde2.lazy.objectinspector.primitive.LazyStringObjectInspector@41fdb59c>, serializedSize=0, stats=org.apache.hadoop.hive.serde2.SerDeStats@68de0434, lastOperationSerialize=false, lastOperationDeserialize=false [1, 2, 3, 4, 5, 6, 7, 8, 11, 14, 15, 16, 17, 18, 19, 20, 21, 22, 23, 24, 25, 26, 28, 29, 30, 31, -128, -127, -126, -125, -124, -123, -122, -121, -120, -119, -118, -117, -116, -115, -114, -113, -112, -111, -110, -109, -108, -107, -106, -105, -104, -103, -102, -101, -100, -99, -98, -97, -96, -95, -94, -93, -92, -91, -90, -89, -88, -87, -86, -85, -84, -83, -82, -81, -80, -79, -78, -77, -76, -75, -74, -73, -72, -71, -70, -69, -68, -67, -66, -65, -64, -63, -62, -61, -60, -59, -58, -57, -56, -55, -54, -53, -52, -51, -50, -49, -48, -47, -46, -45, -44, -43, -42, -41, -40, -39, -38, -37, -36, -35, -34, -33, -32, -31, -30, -29, -28, -27, -26, -25, -24, -23, -22, -21, -20, -19, -18, -17, -16, -15, -14, -13, -12, -11, -10, -9, -8, -7, -6, -5, -4, -3, -2, -1] : [_col0, _col1, _col2] : [int, int, string]] and formatter : org.apache.hadoop.hive.ql.io.HiveSequenceFileOutputFormat@3edafa06
2024-04-23T21:16:12,701  INFO [pool-222-thread-1] exec.FileSinkOperator: Final Path: FS file:/home/alex/Repositories/hive/ql/target/tmp/localscratchdir/78357cd1-4678-4ed2-8a01-459d6a9a75f4/hive_2024-04-23_21-16-12_079_4601824154600089888-1/-mr-10001/.hive-staging_hive_2024-04-23_21-16-12_079_4601824154600089888-1/_tmp.-ext-10002/000000_0
2024-04-23T21:16:12,701  INFO [pool-222-thread-1] exec.FileSinkOperator: Writing to temp file: FS file:/home/alex/Repositories/hive/ql/target/tmp/localscratchdir/78357cd1-4678-4ed2-8a01-459d6a9a75f4/hive_2024-04-23_21-16-12_079_4601824154600089888-1/-mr-10001/.hive-staging_hive_2024-04-23_21-16-12_079_4601824154600089888-1/_task_tmp.-ext-10002/_tmp.000000_0
2024-04-23T21:16:12,701  INFO [pool-222-thread-1] exec.FileSinkOperator: New Final Path: FS file:/home/alex/Repositories/hive/ql/target/tmp/localscratchdir/78357cd1-4678-4ed2-8a01-459d6a9a75f4/hive_2024-04-23_21-16-12_079_4601824154600089888-1/-mr-10001/.hive-staging_hive_2024-04-23_21-16-12_079_4601824154600089888-1/_tmp.-ext-10002/000000_0
2024-04-23T21:16:12,709  INFO [pool-222-thread-1] exec.FileSinkOperator: FS[4]: records written - 1
2024-04-23T21:16:12,710  INFO [pool-222-thread-1] exec.FileSinkOperator: FS[4]: records written - 10
2024-04-23T21:16:12,710  INFO [pool-222-thread-1] exec.SelectOperator: Closing Operator: SEL[3]
2024-04-23T21:16:12,710  INFO [pool-222-thread-1] exec.SelectOperator: RECORDS_OUT_OPERATOR_SEL_3:10, RECORDS_OUT_INTERMEDIATE:0, 
2024-04-23T21:16:12,710  INFO [pool-222-thread-1] exec.FileSinkOperator: Closing Operator: FS[4]
2024-04-23T21:16:12,710  INFO [pool-222-thread-1] exec.FileSinkOperator: FS[4]: records written - 10
2024-04-23T21:16:12,710  INFO [pool-222-thread-1] exec.FileSinkOperator: RECORDS_OUT_OPERATOR_FS_4:10, RECORDS_OUT_0:10, RECORDS_OUT_INTERMEDIATE:0, 
2024-04-23T21:16:12,711  INFO [pool-222-thread-1] mapred.Task: Task:attempt_local1295255186_0051_r_000000_0 is done. And is in the process of committing
2024-04-23T21:16:12,711  INFO [pool-222-thread-1] mapred.LocalJobRunner: reduce > reduce
2024-04-23T21:16:12,711  INFO [pool-222-thread-1] mapred.Task: Task 'attempt_local1295255186_0051_r_000000_0' done.
2024-04-23T21:16:12,711  INFO [pool-222-thread-1] mapred.Task: Final Counters for attempt_local1295255186_0051_r_000000_0: Counters: 29
	File System Counters
		FILE: Number of bytes read=1206770
		FILE: Number of bytes written=60059088
		FILE: Number of read operations=0
		FILE: Number of large read operations=0
		FILE: Number of write operations=0
	Map-Reduce Framework
		Combine input records=0
		Combine output records=0
		Reduce input groups=10
		Reduce shuffle bytes=1623
		Reduce input records=10
		Reduce output records=0
		Spilled Records=10
		Shuffled Maps =7
		Failed Shuffles=0
		Merged Map outputs=7
		GC time elapsed (ms)=0
		Total committed heap usage (bytes)=1189085184
	HIVE
		CREATED_FILES=1
		RECORDS_OUT_0=10
		RECORDS_OUT_INTERMEDIATE=0
		RECORDS_OUT_OPERATOR_FS_4=10
		RECORDS_OUT_OPERATOR_SEL_3=10
	Shuffle Errors
		BAD_ID=0
		CONNECTION=0
		IO_ERROR=0
		WRONG_LENGTH=0
		WRONG_MAP=0
		WRONG_REDUCE=0
	File Output Format Counters 
		Bytes Written=0
2024-04-23T21:16:12,711  INFO [pool-222-thread-1] mapred.LocalJobRunner: Finishing task: attempt_local1295255186_0051_r_000000_0
2024-04-23T21:16:12,711  INFO [Thread-3274] mapred.LocalJobRunner: reduce task executor complete.
2024-04-23 21:16:13,490 Stage-1 map = 100%,  reduce = 100%
2024-04-23T21:16:13,491  INFO [main] exec.Task: 2024-04-23 21:16:13,490 Stage-1 map = 100%,  reduce = 100%
Ended Job = job_local1295255186_0051
2024-04-23T21:16:13,493  INFO [main] exec.Task: Ended Job = job_local1295255186_0051
2024-04-23T21:16:13,494  INFO [main] metadata.Hive: Dumping metastore api call timing information for : execution phase
2024-04-23T21:16:13,494  INFO [main] metadata.Hive: Total time spent in each metastore function (ms): {}
MapReduce Jobs Launched: 
2024-04-23T21:16:13,494  INFO [main] ql.Driver: MapReduce Jobs Launched: 
Stage-Stage-1:  HDFS Read: 0 HDFS Write: 0 SUCCESS
2024-04-23T21:16:13,495  INFO [main] ql.Driver: Stage-Stage-1:  HDFS Read: 0 HDFS Write: 0 SUCCESS
Total MapReduce CPU Time Spent: 0 msec
2024-04-23T21:16:13,495  INFO [main] ql.Driver: Total MapReduce CPU Time Spent: 0 msec
2024-04-23T21:16:13,495  INFO [main] ql.Driver: Completed executing command(queryId=alex_20240423211609_fa4e9f90-7cc1-473e-9b80-0c2e406f45a3); Time taken: 1.287 seconds
2024-04-23T21:16:13,495  INFO [main] lockmgr.DbTxnManager: Stopped heartbeat for query: alex_20240423211609_fa4e9f90-7cc1-473e-9b80-0c2e406f45a3
2024-04-23T21:16:13,498  INFO [main] txn.TxnHandler: Expected to move at least one record from txn_components to completed_txn_components when committing txn! txnid:20
2024-04-23T21:16:13,503  INFO [main] txn.TxnHandler: Removed transactions: ([20]) from MIN_HISTORY_LEVEL
2024-04-23T21:16:13,503  WARN [main] txn.CompactionTxnHandler: No compaction queue record found for Compaction type transaction commit. txnId:20
2024-04-23T21:16:13,507  INFO [main] mapred.FileInputFormat: Total input files to process : 1
2024-04-23T21:16:13,507  INFO [main] exec.ListSinkOperator: Closing Operator: LIST_SINK[5]
2024-04-23T21:16:13,508  INFO [main] exec.ListSinkOperator: RECORDS_OUT_INTERMEDIATE:0, RECORDS_OUT_OPERATOR_LIST_SINK_5:10, 
2024-04-23T21:16:13,508  WARN [main] ql.TestTxnNoBuckets: null: read data(before converting to acid (with multi level data layout)): 
2024-04-23T21:16:13,508  INFO [main] ql.TestTxnNoBuckets: 1	2	file:/home/alex/Repositories/hive/ql/target/tmp/org.apache.hadoop.hive.ql.TestTxnNoBuckets-1713932056679/warehouse/t/000002_0
2	4	file:/home/alex/Repositories/hive/ql/target/tmp/org.apache.hadoop.hive.ql.TestTxnNoBuckets-1713932056679/warehouse/t/000002_0
5	6	file:/home/alex/Repositories/hive/ql/target/tmp/org.apache.hadoop.hive.ql.TestTxnNoBuckets-1713932056679/warehouse/t/000000_0
6	8	file:/home/alex/Repositories/hive/ql/target/tmp/org.apache.hadoop.hive.ql.TestTxnNoBuckets-1713932056679/warehouse/t/000001_0
9	10	file:/home/alex/Repositories/hive/ql/target/tmp/org.apache.hadoop.hive.ql.TestTxnNoBuckets-1713932056679/warehouse/t/000000_0
10	20	file:/home/alex/Repositories/hive/ql/target/tmp/org.apache.hadoop.hive.ql.TestTxnNoBuckets-1713932056679/warehouse/t/HIVE_UNION_SUBDIR_15/000000_0
12	12	file:/home/alex/Repositories/hive/ql/target/tmp/org.apache.hadoop.hive.ql.TestTxnNoBuckets-1713932056679/warehouse/t/000000_0_copy_1
20	40	file:/home/alex/Repositories/hive/ql/target/tmp/org.apache.hadoop.hive.ql.TestTxnNoBuckets-1713932056679/warehouse/t/HIVE_UNION_SUBDIR_15/000000_0
50	60	file:/home/alex/Repositories/hive/ql/target/tmp/org.apache.hadoop.hive.ql.TestTxnNoBuckets-1713932056679/warehouse/t/HIVE_UNION_SUBDIR_16/000000_0
60	80	file:/home/alex/Repositories/hive/ql/target/tmp/org.apache.hadoop.hive.ql.TestTxnNoBuckets-1713932056679/warehouse/t/HIVE_UNION_SUBDIR_16/000001_0

2024-04-23T21:16:13,508  INFO [main] ql.TxnCommandsBaseForTests: Running the query: alter table T SET TBLPROPERTIES ('transactional'='true')
2024-04-23T21:16:13,508  INFO [main] ql.Context: Deleting scratch dir: file:/home/alex/Repositories/hive/ql/target/tmp/localscratchdir/78357cd1-4678-4ed2-8a01-459d6a9a75f4/hive_2024-04-23_21-16-12_079_4601824154600089888-1
2024-04-23T21:16:13,509  INFO [main] cleanup.SyncCleanupService: Deleted directory: file:/home/alex/Repositories/hive/ql/target/tmp/localscratchdir/78357cd1-4678-4ed2-8a01-459d6a9a75f4/hive_2024-04-23_21-16-12_079_4601824154600089888-1 on fs with scheme file
2024-04-23T21:16:13,509  INFO [main] ql.Driver: Compiling command(queryId=alex_20240423211609_fa4e9f90-7cc1-473e-9b80-0c2e406f45a3): alter table T SET TBLPROPERTIES ('transactional'='true')
2024-04-23T21:16:13,512  INFO [main] txn.TxnHandler: Added entries to MIN_HISTORY_LEVEL for current txns: ([21]) with min_open_txn: 21
2024-04-23T21:16:13,512  INFO [main] lockmgr.DbTxnManager: Opened txnid:21
2024-04-23T21:16:13,513  INFO [main] HiveMetaStore.audit: ugi=alex	ip=unknown-ip-addr	cmd=get_table : tbl=hive.default.T	
2024-04-23T21:16:13,521  INFO [main] metastore.HMSHandler: Skipping translation for processor with null
2024-04-23T21:16:13,521  INFO [main] HiveMetaStore.audit: ugi=alex	ip=unknown-ip-addr	cmd=get_table : tbl=hive.default.T	
2024-04-23T21:16:13,529  INFO [main] metastore.HMSHandler: Skipping translation for processor with null
2024-04-23T21:16:13,529  INFO [main] ql.Driver: Semantic Analysis Completed (retrial = false)
2024-04-23T21:16:13,529  INFO [main] ql.Driver: Created Hive schema: Schema(fieldSchemas:null, properties:null)
2024-04-23T21:16:13,529  INFO [main] metadata.Hive: Dumping metastore api call timing information for : compilation phase
2024-04-23T21:16:13,530  INFO [main] metadata.Hive: Total time spent in each metastore function (ms): {getTable_(GetTableRequest)=17, getValidTxns_(long)=0, flushCache_()=0, commitTxn_(CommitTxnRequest)=8, isCompatibleWith_(Configuration)=0, openTxn_(String, TxnType)=2}
2024-04-23T21:16:13,530  INFO [main] ql.Driver: Completed compiling command(queryId=alex_20240423211609_fa4e9f90-7cc1-473e-9b80-0c2e406f45a3); Time taken: 0.02 seconds
2024-04-23T21:16:13,530  INFO [main] lockmgr.DbTxnManager: Setting lock request transaction to txnid:21 for queryId=alex_20240423211609_fa4e9f90-7cc1-473e-9b80-0c2e406f45a3
2024-04-23T21:16:13,531  INFO [main] lockmgr.DbLockManager: Requesting lock for queryId=alex_20240423211609_fa4e9f90-7cc1-473e-9b80-0c2e406f45a3
2024-04-23T21:16:13,544  INFO [main] lockmgr.DbLockManager: Response to queryId=alex_20240423211609_fa4e9f90-7cc1-473e-9b80-0c2e406f45a3 LockResponse(lockid:15, state:ACQUIRED)
2024-04-23T21:16:13,544  INFO [main] ql.Driver: Operation ALTERTABLE_PROPERTIES obtained 1 locks
2024-04-23T21:16:13,544  INFO [main] ql.Driver: Executing command(queryId=alex_20240423211609_fa4e9f90-7cc1-473e-9b80-0c2e406f45a3): alter table T SET TBLPROPERTIES ('transactional'='true')
2024-04-23T21:16:13,544  INFO [main] ql.Driver: Starting task [Stage-0:DDL] in serial mode
2024-04-23T21:16:13,545  INFO [main] HiveMetaStore.audit: ugi=alex	ip=unknown-ip-addr	cmd=get_table : tbl=hive.default.T	
2024-04-23T21:16:13,553  INFO [main] metastore.HMSHandler: Skipping translation for processor with null
2024-04-23T21:16:13,556  INFO [main] HiveMetaStore.audit: ugi=alex	ip=unknown-ip-addr	cmd=alter_table: hive.default.T newtbl=t	
2024-04-23T21:16:13,608  INFO [main] metadata.Hive: Dumping metastore api call timing information for : execution phase
2024-04-23T21:16:13,608  INFO [main] metadata.Hive: Total time spent in each metastore function (ms): {isCompatibleWith_(Configuration)=0, getValidWriteIds_(List, String)=2, getTable_(GetTableRequest)=8, alter_table_(String, String, String, Table, EnvironmentContext, String)=52}
2024-04-23T21:16:13,608  INFO [main] ql.Driver: Completed executing command(queryId=alex_20240423211609_fa4e9f90-7cc1-473e-9b80-0c2e406f45a3); Time taken: 0.064 seconds
2024-04-23T21:16:13,609  INFO [main] lockmgr.DbTxnManager: Stopped heartbeat for query: alex_20240423211609_fa4e9f90-7cc1-473e-9b80-0c2e406f45a3
2024-04-23T21:16:13,612  INFO [main] txn.TxnHandler: Expected to move at least one record from txn_components to completed_txn_components when committing txn! txnid:21
2024-04-23T21:16:13,616  INFO [main] txn.TxnHandler: Removed transactions: ([21]) from MIN_HISTORY_LEVEL
2024-04-23T21:16:13,617  WARN [main] txn.CompactionTxnHandler: No compaction queue record found for Compaction type transaction commit. txnId:21
2024-04-23T21:16:13,617  INFO [main] ql.TxnCommandsBaseForTests: Running the query: select ROW__ID, a, b, INPUT__FILE__NAME from T order by a, b, INPUT__FILE__NAME
2024-04-23T21:16:13,618  INFO [main] ql.Driver: Compiling command(queryId=alex_20240423211609_fa4e9f90-7cc1-473e-9b80-0c2e406f45a3): select ROW__ID, a, b, INPUT__FILE__NAME from T order by a, b, INPUT__FILE__NAME
2024-04-23T21:16:13,621  INFO [main] txn.TxnHandler: Added entries to MIN_HISTORY_LEVEL for current txns: ([22]) with min_open_txn: 21
2024-04-23T21:16:13,621  INFO [main] lockmgr.DbTxnManager: Opened txnid:22
2024-04-23T21:16:13,622  INFO [main] parse.CalcitePlanner: Starting caching scope for: alex_20240423211609_fa4e9f90-7cc1-473e-9b80-0c2e406f45a3
2024-04-23T21:16:13,622  INFO [main] parse.CalcitePlanner: Starting Semantic Analysis
2024-04-23T21:16:13,624  INFO [main] parse.CalcitePlanner: Completed phase 1 of Semantic Analysis
2024-04-23T21:16:13,624  INFO [main] parse.CalcitePlanner: Get metadata for source tables
2024-04-23T21:16:13,627  INFO [main] HiveMetaStore.audit: ugi=alex	ip=unknown-ip-addr	cmd=get_table : tbl=hive.default.t	
2024-04-23T21:16:13,633  INFO [main] metastore.HMSHandler: Skipping translation for processor with null
2024-04-23T21:16:13,633  INFO [main] parse.CalcitePlanner: Get metadata for subqueries
2024-04-23T21:16:13,633  INFO [main] parse.CalcitePlanner: Get metadata for destination tables
2024-04-23T21:16:13,633  INFO [main] parse.CalcitePlanner: Completed getting MetaData in Semantic Analysis
2024-04-23T21:16:13,643  INFO [main] HiveMetaStore.audit: ugi=alex	ip=unknown-ip-addr	cmd=get_all_table_constraints : tbl=hive.default.t	
2024-04-23T21:16:13,672  INFO [main] calcite.RelOptHiveTable: Calculating column statistics for default.t, projIndxSet: [0, 1], allowMissingStats: true
2024-04-23T21:16:13,672  INFO [main] HiveMetaStore.audit: ugi=alex	ip=unknown-ip-addr	cmd=get_table_statistics_req: table=hive.default.t	
2024-04-23T21:16:13,682  WARN [main] calcite.RelOptHiveTable: No Stats for default@t, Columns: b, a
No Stats for default@t, Columns: b, a
2024-04-23T21:16:13,682  INFO [main] SessionState: No Stats for default@t, Columns: b, a
2024-04-23T21:16:13,722  INFO [main] parse.CalcitePlanner: Get metadata for source tables
2024-04-23T21:16:13,722  INFO [main] parse.CalcitePlanner: Get metadata for subqueries
2024-04-23T21:16:13,722  INFO [main] parse.CalcitePlanner: Get metadata for destination tables
2024-04-23T21:16:13,723  INFO [main] common.FileUtils: Creating directory if it doesn't exist: file:/home/alex/Repositories/hive/ql/target/tmp/localscratchdir/78357cd1-4678-4ed2-8a01-459d6a9a75f4/hive_2024-04-23_21-16-13_617_5836118002523868604-1/-mr-10001/.hive-staging_hive_2024-04-23_21-16-13_617_5836118002523868604-1
2024-04-23T21:16:13,731  INFO [main] parse.CalcitePlanner: CBO Succeeded; optimized logical plan.
2024-04-23T21:16:13,733  INFO [main] optimizer.ColumnPrunerProcFactory: RS 2 oldColExprMap: {KEY.reducesinkkey0=Column[_col1], VALUE._col0=Column[_col0], KEY.reducesinkkey1=Column[_col2], KEY.reducesinkkey2=Column[_col3]}
2024-04-23T21:16:13,734  INFO [main] optimizer.ColumnPrunerProcFactory: RS 2 newColExprMap: {KEY.reducesinkkey0=Column[_col1], KEY.reducesinkkey2=Column[_col3], VALUE._col0=Column[_col0], KEY.reducesinkkey1=Column[_col2]}
2024-04-23T21:16:13,734  INFO [main] optimizer.BucketVersionPopulator: not considering bucketingVersion for: TS[0] because it has -1<2 buckets 
2024-04-23T21:16:13,735  INFO [main] optimizer.SortedDynPartitionOptimizer: Sorted dynamic partitioning optimization kicked in..
2024-04-23T21:16:13,744  INFO [main] parse.CalcitePlanner: Completed plan generation
2024-04-23T21:16:13,744  INFO [main] parse.CalcitePlanner: Ending caching scope for: alex_20240423211609_fa4e9f90-7cc1-473e-9b80-0c2e406f45a3
2024-04-23T21:16:13,744  INFO [main] ql.Driver: Semantic Analysis Completed (retrial = false)
2024-04-23T21:16:13,744  INFO [main] ql.Driver: Created Hive schema: Schema(fieldSchemas:[FieldSchema(name:row__id, type:struct<writeid:bigint,bucketid:int,rowid:bigint>, comment:null), FieldSchema(name:a, type:int, comment:null), FieldSchema(name:b, type:int, comment:null), FieldSchema(name:input__file__name, type:string, comment:null)], properties:null)
2024-04-23T21:16:13,745  INFO [main] exec.ListSinkOperator: Initializing Operator: LIST_SINK[5]
2024-04-23T21:16:13,745  INFO [main] metadata.Hive: Dumping metastore api call timing information for : compilation phase
2024-04-23T21:16:13,745  INFO [main] metadata.Hive: Total time spent in each metastore function (ms): {openTxn_(String, TxnType)=3, getTable_(GetTableRequest)=6, flushCache_()=0, isCompatibleWith_(Configuration)=0, getTableColumnStatistics_(String, String, List, String)=9, commitTxn_(CommitTxnRequest)=8, getAllTableConstraints_(AllTableConstraintsRequest)=25, getValidTxns_(long)=1, getValidWriteIds_(List, String)=5}
2024-04-23T21:16:13,745  INFO [main] ql.Driver: Completed compiling command(queryId=alex_20240423211609_fa4e9f90-7cc1-473e-9b80-0c2e406f45a3); Time taken: 0.127 seconds
2024-04-23T21:16:13,745  INFO [main] lockmgr.DbTxnManager: Setting lock request transaction to txnid:22 for queryId=alex_20240423211609_fa4e9f90-7cc1-473e-9b80-0c2e406f45a3
2024-04-23T21:16:13,746  INFO [main] lockmgr.DbLockManager: Requesting lock for queryId=alex_20240423211609_fa4e9f90-7cc1-473e-9b80-0c2e406f45a3
2024-04-23T21:16:13,761  INFO [main] lockmgr.DbLockManager: Response to queryId=alex_20240423211609_fa4e9f90-7cc1-473e-9b80-0c2e406f45a3 LockResponse(lockid:16, state:ACQUIRED)
2024-04-23T21:16:13,761  INFO [main] ql.Driver: Operation QUERY obtained 1 locks
2024-04-23T21:16:13,762  INFO [main] ql.Driver: Executing command(queryId=alex_20240423211609_fa4e9f90-7cc1-473e-9b80-0c2e406f45a3): select ROW__ID, a, b, INPUT__FILE__NAME from T order by a, b, INPUT__FILE__NAME
2024-04-23T21:16:13,762  WARN [main] ql.Driver: Hive-on-MR is deprecated in Hive 2 and may not be available in the future versions. Consider using a different execution engine (i.e. spark, tez) or using Hive 1.X releases.
Query ID = alex_20240423211609_fa4e9f90-7cc1-473e-9b80-0c2e406f45a3
2024-04-23T21:16:13,762  INFO [main] ql.Driver: Query ID = alex_20240423211609_fa4e9f90-7cc1-473e-9b80-0c2e406f45a3
Total jobs = 1
2024-04-23T21:16:13,762  INFO [main] ql.Driver: Total jobs = 1
Launching Job 1 out of 1
2024-04-23T21:16:13,762  INFO [main] ql.Driver: Launching Job 1 out of 1
2024-04-23T21:16:13,886  INFO [main] ql.Driver: Starting task [Stage-1:MAPRED] in serial mode
Number of reduce tasks determined at compile time: 1
2024-04-23T21:16:13,887  INFO [main] exec.Task: Number of reduce tasks determined at compile time: 1
In order to change the average load for a reducer (in bytes):
2024-04-23T21:16:13,887  INFO [main] exec.Task: In order to change the average load for a reducer (in bytes):
  set hive.exec.reducers.bytes.per.reducer=<number>
2024-04-23T21:16:13,887  INFO [main] exec.Task:   set hive.exec.reducers.bytes.per.reducer=<number>
In order to limit the maximum number of reducers:
2024-04-23T21:16:13,887  INFO [main] exec.Task: In order to limit the maximum number of reducers:
  set hive.exec.reducers.max=<number>
2024-04-23T21:16:13,887  INFO [main] exec.Task:   set hive.exec.reducers.max=<number>
In order to set a constant number of reducers:
2024-04-23T21:16:13,887  INFO [main] exec.Task: In order to set a constant number of reducers:
  set mapreduce.job.reduces=<number>
2024-04-23T21:16:13,887  INFO [main] exec.Task:   set mapreduce.job.reduces=<number>
2024-04-23T21:16:13,889  INFO [main] mr.ExecDriver: Using org.apache.hadoop.hive.ql.io.HiveInputFormat
2024-04-23T21:16:13,889  INFO [main] exec.Utilities: Processing alias t
2024-04-23T21:16:13,889  INFO [main] exec.Utilities: Adding 1 inputs; the first input is file:/home/alex/Repositories/hive/ql/target/tmp/org.apache.hadoop.hive.ql.TestTxnNoBuckets-1713932056679/warehouse/t
2024-04-23T21:16:13,899  INFO [main] exec.SerializationUtilities: Serializing MapWork using kryo
2024-04-23T21:16:13,900  INFO [main] exec.Utilities: Serialized plan (via FILE) - name: null size: 4,98KB
2024-04-23T21:16:13,904  INFO [main] exec.SerializationUtilities: Serializing ReduceWork using kryo
2024-04-23T21:16:13,905  INFO [main] exec.Utilities: Serialized plan (via FILE) - name: null size: 6,14KB
2024-04-23T21:16:13,906  WARN [main] impl.MetricsSystemImpl: JobTracker metrics system already initialized!
2024-04-23T21:16:13,912  WARN [main] impl.MetricsSystemImpl: JobTracker metrics system already initialized!
2024-04-23T21:16:13,918  WARN [main] mapreduce.JobResourceUploader: Hadoop command-line option parsing not performed. Implement the Tool interface and execute your application with ToolRunner to remedy this.
2024-04-23T21:16:13,923  WARN [main] mapreduce.JobResourceUploader: No job jar file set.  User classes may not be found. See Job or Job#setJar(String).
2024-04-23T21:16:13,924  INFO [main] io.HiveInputFormat: hive.io.file.readcolumn.ids = 0,1
2024-04-23T21:16:13,924  INFO [main] io.HiveInputFormat: hive.io.file.readcolumn.names = a,b
2024-04-23T21:16:13,924  INFO [main] io.HiveInputFormat: Generating splits for dirs: file:/home/alex/Repositories/hive/ql/target/tmp/org.apache.hadoop.hive.ql.TestTxnNoBuckets-1713932056679/warehouse/t
2024-04-23T21:16:13,924  INFO [main] orc.OrcInputFormat: getSplits started
2024-04-23T21:16:13,924  INFO [main] orc.OrcInputFormat: Context:: isAcid: true isVectorMode: false sarg: null minSplitSize: 1 maxSplitSize: 256000000 splitStrategy: HYBRID footerInSplits: false numBuckets: 0 numThreads: 10 cacheMemSize: 268435456 cacheStripeDetails: true useSoftReference: false writeIdList: default.t:10000000:9223372036854775807:: isTransactionalTable: true txnProperties: default 
2024-04-23T21:16:13,924  INFO [main] orc.OrcInputFormat: ORC pushdown predicate: null
2024-04-23T21:16:13,947  INFO [main] orc.OrcInputFormat: FooterCacheHitRatio: 0/7
2024-04-23T21:16:13,947  INFO [main] orc.OrcInputFormat: getSplits finished (#splits: 7). duration: 23 ms
2024-04-23T21:16:13,947  INFO [main] io.HiveInputFormat: number of splits 7
2024-04-23T21:16:13,964  INFO [main] mapreduce.JobSubmitter: number of splits:7
2024-04-23T21:16:13,982  INFO [main] mapreduce.JobSubmitter: Submitting tokens for job: job_local702995625_0052
2024-04-23T21:16:13,982  INFO [main] mapreduce.JobSubmitter: Executing with tokens: []
2024-04-23T21:16:14,068  INFO [main] mapreduce.Job: The url to track the job: http://localhost:8080/
Job running in-process (local Hadoop)
2024-04-23T21:16:14,068  INFO [main] exec.Task: Job running in-process (local Hadoop)
2024-04-23T21:16:14,068  INFO [Thread-3365] mapred.LocalJobRunner: OutputCommitter set in config org.apache.hadoop.hive.ql.io.HiveFileFormatUtils$NullOutputCommitter
2024-04-23T21:16:14,068  INFO [Thread-3365] mapred.LocalJobRunner: OutputCommitter is org.apache.hadoop.hive.ql.io.HiveFileFormatUtils$NullOutputCommitter
2024-04-23T21:16:14,072  INFO [Thread-3365] mapred.LocalJobRunner: Waiting for map tasks
2024-04-23T21:16:14,073  INFO [LocalJobRunner Map Task Executor #0] mapred.LocalJobRunner: Starting task: attempt_local702995625_0052_m_000000_0
2024-04-23T21:16:14,073  INFO [LocalJobRunner Map Task Executor #0] mapred.Task:  Using ResourceCalculatorProcessTree : [ ]
2024-04-23T21:16:14,074  INFO [LocalJobRunner Map Task Executor #0] mapred.MapTask: Processing split: org.apache.hadoop.hive.ql.io.orc.OrcInputFormat:OrcSplit [file:/home/alex/Repositories/hive/ql/target/tmp/org.apache.hadoop.hive.ql.TestTxnNoBuckets-1713932056679/warehouse/t/HIVE_UNION_SUBDIR_16/000001_0, start=0, length=274, isOriginal=true, fileLength=274, hasFooter=false, hasBase=true, deltas=0]
2024-04-23T21:16:14,074  INFO [LocalJobRunner Map Task Executor #0] exec.SerializationUtilities: Deserializing MapWork using kryo
2024-04-23T21:16:14,074  INFO [LocalJobRunner Map Task Executor #0] exec.Utilities: Deserialized plan (via FILE) - name: null size: 4,98KB
2024-04-23T21:16:14,076  INFO [LocalJobRunner Map Task Executor #0] orc.OrcRawRecordMerger: min key = null, max key = null
2024-04-23T21:16:14,076  INFO [LocalJobRunner Map Task Executor #0] orc.ReaderImpl: Reading ORC rows from file:/home/alex/Repositories/hive/ql/target/tmp/org.apache.hadoop.hive.ql.TestTxnNoBuckets-1713932056679/warehouse/t/HIVE_UNION_SUBDIR_16/000001_0 with {include: [true, true, true], offset: 0, length: 274, schema: struct<a:int,b:int>, includeAcidColumns: true}
2024-04-23T21:16:14,103  INFO [LocalJobRunner Map Task Executor #0] orc.OrcRawRecordMerger: updated min key = null, max key = null
2024-04-23T21:16:14,104  INFO [LocalJobRunner Map Task Executor #0] mapred.MapTask: numReduceTasks: 1
2024-04-23T21:16:14,108  INFO [LocalJobRunner Map Task Executor #0] mapred.MapTask: (EQUATOR) 0 kvi 26214396(104857584)
2024-04-23T21:16:14,108  INFO [LocalJobRunner Map Task Executor #0] mapred.MapTask: mapreduce.task.io.sort.mb: 100
2024-04-23T21:16:14,108  INFO [LocalJobRunner Map Task Executor #0] mapred.MapTask: soft limit at 83886080
2024-04-23T21:16:14,108  INFO [LocalJobRunner Map Task Executor #0] mapred.MapTask: bufstart = 0; bufvoid = 104857600
2024-04-23T21:16:14,108  INFO [LocalJobRunner Map Task Executor #0] mapred.MapTask: kvstart = 26214396; length = 6553600
2024-04-23T21:16:14,108  INFO [LocalJobRunner Map Task Executor #0] mapred.MapTask: Map output collector class = org.apache.hadoop.mapred.MapTask$MapOutputBuffer
2024-04-23T21:16:14,109  INFO [LocalJobRunner Map Task Executor #0] exec.MapOperator: Initializing Operator: MAP[0]
2024-04-23T21:16:14,110  INFO [LocalJobRunner Map Task Executor #0] mr.ExecMapper: 
<MAP>Id =0
  <Children>null
  <\Children>
  <Parent><\Parent>
<\MAP>
2024-04-23T21:16:14,110  INFO [LocalJobRunner Map Task Executor #0] exec.TableScanOperator: Initializing Operator: TS[0]
2024-04-23T21:16:14,111  INFO [LocalJobRunner Map Task Executor #0] exec.SelectOperator: Initializing Operator: SEL[1]
2024-04-23T21:16:14,111  INFO [LocalJobRunner Map Task Executor #0] exec.SelectOperator: SELECT struct<a:int,b:int,row__id:struct<writeid:bigint,bucketid:int,rowid:bigint>,input__file__name:string>
2024-04-23T21:16:14,111  INFO [LocalJobRunner Map Task Executor #0] exec.ReduceSinkOperator: Initializing Operator: RS[2]
2024-04-23T21:16:14,111  INFO [LocalJobRunner Map Task Executor #0] exec.ReduceSinkOperator: Using tag = -1
2024-04-23T21:16:14,111  INFO [LocalJobRunner Map Task Executor #0] exec.ReduceSinkOperator: keys are [reducesinkkey0, reducesinkkey1, reducesinkkey2] num distributions: 3
2024-04-23T21:16:14,111  INFO [LocalJobRunner Map Task Executor #0] exec.ReduceSinkOperator: RS[2]: records written - 1
2024-04-23T21:16:14,111  INFO [LocalJobRunner Map Task Executor #0] exec.MapOperator: MAP[0]: records read - 1
2024-04-23T21:16:14,112  INFO [LocalJobRunner Map Task Executor #0] exec.MapOperator: Closing Operator: MAP[0]
2024-04-23T21:16:14,112  INFO [LocalJobRunner Map Task Executor #0] exec.MapOperator: MAP[0]: Total records read - 1. abort - false
2024-04-23T21:16:14,112  INFO [LocalJobRunner Map Task Executor #0] exec.MapOperator: RECORDS_IN:1, DESERIALIZE_ERRORS:0, RECORDS_OUT_INTERMEDIATE:0, RECORDS_OUT_OPERATOR_MAP_0:0, 
2024-04-23T21:16:14,112  INFO [LocalJobRunner Map Task Executor #0] exec.TableScanOperator: Closing Operator: TS[0]
2024-04-23T21:16:14,112  INFO [LocalJobRunner Map Task Executor #0] exec.TableScanOperator: RECORDS_OUT_INTERMEDIATE:0, RECORDS_OUT_OPERATOR_TS_0:1, 
2024-04-23T21:16:14,112  INFO [LocalJobRunner Map Task Executor #0] exec.SelectOperator: Closing Operator: SEL[1]
2024-04-23T21:16:14,112  INFO [LocalJobRunner Map Task Executor #0] exec.SelectOperator: RECORDS_OUT_OPERATOR_SEL_1:1, RECORDS_OUT_INTERMEDIATE:0, 
2024-04-23T21:16:14,112  INFO [LocalJobRunner Map Task Executor #0] exec.ReduceSinkOperator: Closing Operator: RS[2]
2024-04-23T21:16:14,112  INFO [LocalJobRunner Map Task Executor #0] exec.ReduceSinkOperator: RS[2]: Total records written - 1. abort - false
2024-04-23T21:16:14,112  INFO [LocalJobRunner Map Task Executor #0] exec.ReduceSinkOperator: RECORDS_OUT_OPERATOR_RS_2:1, RECORDS_OUT_INTERMEDIATE:1, 
2024-04-23T21:16:14,112  INFO [LocalJobRunner Map Task Executor #0] mapred.LocalJobRunner: 
2024-04-23T21:16:14,112  INFO [LocalJobRunner Map Task Executor #0] mapred.MapTask: Starting flush of map output
2024-04-23T21:16:14,112  INFO [LocalJobRunner Map Task Executor #0] mapred.MapTask: Spilling map output
2024-04-23T21:16:14,113  INFO [LocalJobRunner Map Task Executor #0] mapred.MapTask: bufstart = 0; bufend = 180; bufvoid = 104857600
2024-04-23T21:16:14,113  INFO [LocalJobRunner Map Task Executor #0] mapred.MapTask: kvstart = 26214396(104857584); kvend = 26214396(104857584); length = 1/6553600
2024-04-23T21:16:14,123  INFO [LocalJobRunner Map Task Executor #0] mapred.MapTask: Finished spill 0
2024-04-23T21:16:14,126  INFO [LocalJobRunner Map Task Executor #0] mapred.Task: Task:attempt_local702995625_0052_m_000000_0 is done. And is in the process of committing
2024-04-23T21:16:14,127  INFO [LocalJobRunner Map Task Executor #0] mapred.LocalJobRunner: OrcSplit [file:/home/alex/Repositories/hive/ql/target/tmp/org.apache.hadoop.hive.ql.TestTxnNoBuckets-1713932056679/warehouse/t/HIVE_UNION_SUBDIR_16/000001_0, start=0, length=274, isOriginal=true, fileLength=274, hasFooter=false, hasBase=true, deltas=0]
2024-04-23T21:16:14,127  INFO [LocalJobRunner Map Task Executor #0] mapred.Task: Task 'attempt_local702995625_0052_m_000000_0' done.
2024-04-23T21:16:14,127  INFO [LocalJobRunner Map Task Executor #0] mapred.Task: Final Counters for attempt_local702995625_0052_m_000000_0: Counters: 24
	File System Counters
		FILE: Number of bytes read=1218291
		FILE: Number of bytes written=61238344
		FILE: Number of read operations=0
		FILE: Number of large read operations=0
		FILE: Number of write operations=0
	Map-Reduce Framework
		Map input records=1
		Map output records=1
		Map output bytes=180
		Map output materialized bytes=189
		Input split bytes=473
		Combine input records=0
		Spilled Records=1
		Failed Shuffles=0
		Merged Map outputs=0
		GC time elapsed (ms)=0
		Total committed heap usage (bytes)=1189085184
	HIVE
		DESERIALIZE_ERRORS=0
		RECORDS_IN=1
		RECORDS_OUT_INTERMEDIATE=1
		RECORDS_OUT_OPERATOR_MAP_0=0
		RECORDS_OUT_OPERATOR_RS_2=1
		RECORDS_OUT_OPERATOR_SEL_1=1
		RECORDS_OUT_OPERATOR_TS_0=1
	File Input Format Counters 
		Bytes Read=6469
2024-04-23T21:16:14,127  INFO [LocalJobRunner Map Task Executor #0] mapred.LocalJobRunner: Finishing task: attempt_local702995625_0052_m_000000_0
2024-04-23T21:16:14,127  INFO [LocalJobRunner Map Task Executor #0] mapred.LocalJobRunner: Starting task: attempt_local702995625_0052_m_000001_0
2024-04-23T21:16:14,127  INFO [LocalJobRunner Map Task Executor #0] mapred.Task:  Using ResourceCalculatorProcessTree : [ ]
2024-04-23T21:16:14,128  INFO [LocalJobRunner Map Task Executor #0] mapred.MapTask: Processing split: org.apache.hadoop.hive.ql.io.orc.OrcInputFormat:OrcSplit [file:/home/alex/Repositories/hive/ql/target/tmp/org.apache.hadoop.hive.ql.TestTxnNoBuckets-1713932056679/warehouse/t/000000_0, start=0, length=256, isOriginal=true, fileLength=256, hasFooter=false, hasBase=true, deltas=0]
2024-04-23T21:16:14,128  INFO [LocalJobRunner Map Task Executor #0] exec.SerializationUtilities: Deserializing MapWork using kryo
2024-04-23T21:16:14,129  INFO [LocalJobRunner Map Task Executor #0] exec.Utilities: Deserialized plan (via FILE) - name: null size: 4,98KB
2024-04-23T21:16:14,129  INFO [LocalJobRunner Map Task Executor #0] orc.OrcRawRecordMerger: min key = null, max key = null
2024-04-23T21:16:14,129  INFO [LocalJobRunner Map Task Executor #0] orc.ReaderImpl: Reading ORC rows from file:/home/alex/Repositories/hive/ql/target/tmp/org.apache.hadoop.hive.ql.TestTxnNoBuckets-1713932056679/warehouse/t/000000_0 with {include: [true, true, true], offset: 0, length: 256, schema: struct<a:int,b:int>, includeAcidColumns: true}
2024-04-23T21:16:14,154  INFO [LocalJobRunner Map Task Executor #0] orc.OrcRawRecordMerger: updated min key = null, max key = null
2024-04-23T21:16:14,154  INFO [LocalJobRunner Map Task Executor #0] mapred.MapTask: numReduceTasks: 1
2024-04-23T21:16:14,159  INFO [LocalJobRunner Map Task Executor #0] mapred.MapTask: (EQUATOR) 0 kvi 26214396(104857584)
2024-04-23T21:16:14,159  INFO [LocalJobRunner Map Task Executor #0] mapred.MapTask: mapreduce.task.io.sort.mb: 100
2024-04-23T21:16:14,159  INFO [LocalJobRunner Map Task Executor #0] mapred.MapTask: soft limit at 83886080
2024-04-23T21:16:14,159  INFO [LocalJobRunner Map Task Executor #0] mapred.MapTask: bufstart = 0; bufvoid = 104857600
2024-04-23T21:16:14,159  INFO [LocalJobRunner Map Task Executor #0] mapred.MapTask: kvstart = 26214396; length = 6553600
2024-04-23T21:16:14,160  INFO [LocalJobRunner Map Task Executor #0] mapred.MapTask: Map output collector class = org.apache.hadoop.mapred.MapTask$MapOutputBuffer
2024-04-23T21:16:14,160  INFO [LocalJobRunner Map Task Executor #0] exec.MapOperator: Initializing Operator: MAP[0]
2024-04-23T21:16:14,161  INFO [LocalJobRunner Map Task Executor #0] mr.ExecMapper: 
<MAP>Id =0
  <Children>null
  <\Children>
  <Parent><\Parent>
<\MAP>
2024-04-23T21:16:14,162  INFO [LocalJobRunner Map Task Executor #0] exec.TableScanOperator: Initializing Operator: TS[0]
2024-04-23T21:16:14,162  INFO [LocalJobRunner Map Task Executor #0] exec.SelectOperator: Initializing Operator: SEL[1]
2024-04-23T21:16:14,162  INFO [LocalJobRunner Map Task Executor #0] exec.SelectOperator: SELECT struct<a:int,b:int,row__id:struct<writeid:bigint,bucketid:int,rowid:bigint>,input__file__name:string>
2024-04-23T21:16:14,162  INFO [LocalJobRunner Map Task Executor #0] exec.ReduceSinkOperator: Initializing Operator: RS[2]
2024-04-23T21:16:14,162  INFO [LocalJobRunner Map Task Executor #0] exec.ReduceSinkOperator: Using tag = -1
2024-04-23T21:16:14,163  INFO [LocalJobRunner Map Task Executor #0] exec.ReduceSinkOperator: keys are [reducesinkkey0, reducesinkkey1, reducesinkkey2] num distributions: 3
2024-04-23T21:16:14,163  INFO [LocalJobRunner Map Task Executor #0] exec.ReduceSinkOperator: RS[2]: records written - 1
2024-04-23T21:16:14,163  INFO [LocalJobRunner Map Task Executor #0] exec.MapOperator: MAP[0]: records read - 1
2024-04-23T21:16:14,163  INFO [LocalJobRunner Map Task Executor #0] exec.MapOperator: Closing Operator: MAP[0]
2024-04-23T21:16:14,163  INFO [LocalJobRunner Map Task Executor #0] exec.MapOperator: MAP[0]: Total records read - 2. abort - false
2024-04-23T21:16:14,164  INFO [LocalJobRunner Map Task Executor #0] exec.MapOperator: RECORDS_OUT_INTERMEDIATE:0, DESERIALIZE_ERRORS:0, RECORDS_IN:2, RECORDS_OUT_OPERATOR_MAP_0:0, 
2024-04-23T21:16:14,164  INFO [LocalJobRunner Map Task Executor #0] exec.TableScanOperator: Closing Operator: TS[0]
2024-04-23T21:16:14,164  INFO [LocalJobRunner Map Task Executor #0] exec.TableScanOperator: RECORDS_OUT_INTERMEDIATE:0, RECORDS_OUT_OPERATOR_TS_0:2, 
2024-04-23T21:16:14,164  INFO [LocalJobRunner Map Task Executor #0] exec.SelectOperator: Closing Operator: SEL[1]
2024-04-23T21:16:14,164  INFO [LocalJobRunner Map Task Executor #0] exec.SelectOperator: RECORDS_OUT_INTERMEDIATE:0, RECORDS_OUT_OPERATOR_SEL_1:2, 
2024-04-23T21:16:14,164  INFO [LocalJobRunner Map Task Executor #0] exec.ReduceSinkOperator: Closing Operator: RS[2]
2024-04-23T21:16:14,164  INFO [LocalJobRunner Map Task Executor #0] exec.ReduceSinkOperator: RS[2]: Total records written - 2. abort - false
2024-04-23T21:16:14,164  INFO [LocalJobRunner Map Task Executor #0] exec.ReduceSinkOperator: RECORDS_OUT_OPERATOR_RS_2:2, RECORDS_OUT_INTERMEDIATE:2, 
2024-04-23T21:16:14,164  INFO [LocalJobRunner Map Task Executor #0] mapred.LocalJobRunner: 
2024-04-23T21:16:14,164  INFO [LocalJobRunner Map Task Executor #0] mapred.MapTask: Starting flush of map output
2024-04-23T21:16:14,164  INFO [LocalJobRunner Map Task Executor #0] mapred.MapTask: Spilling map output
2024-04-23T21:16:14,164  INFO [LocalJobRunner Map Task Executor #0] mapred.MapTask: bufstart = 0; bufend = 318; bufvoid = 104857600
2024-04-23T21:16:14,164  INFO [LocalJobRunner Map Task Executor #0] mapred.MapTask: kvstart = 26214396(104857584); kvend = 26214392(104857568); length = 5/6553600
2024-04-23T21:16:14,172  INFO [LocalJobRunner Map Task Executor #0] mapred.MapTask: Finished spill 0
2024-04-23T21:16:14,175  INFO [LocalJobRunner Map Task Executor #0] mapred.Task: Task:attempt_local702995625_0052_m_000001_0 is done. And is in the process of committing
2024-04-23T21:16:14,176  INFO [LocalJobRunner Map Task Executor #0] mapred.LocalJobRunner: OrcSplit [file:/home/alex/Repositories/hive/ql/target/tmp/org.apache.hadoop.hive.ql.TestTxnNoBuckets-1713932056679/warehouse/t/000000_0, start=0, length=256, isOriginal=true, fileLength=256, hasFooter=false, hasBase=true, deltas=0]
2024-04-23T21:16:14,176  INFO [LocalJobRunner Map Task Executor #0] mapred.Task: Task 'attempt_local702995625_0052_m_000001_0' done.
2024-04-23T21:16:14,176  INFO [LocalJobRunner Map Task Executor #0] mapred.Task: Final Counters for attempt_local702995625_0052_m_000001_0: Counters: 24
	File System Counters
		FILE: Number of bytes read=1227684
		FILE: Number of bytes written=61238706
		FILE: Number of read operations=0
		FILE: Number of large read operations=0
		FILE: Number of write operations=0
	Map-Reduce Framework
		Map input records=2
		Map output records=2
		Map output bytes=318
		Map output materialized bytes=330
		Input split bytes=451
		Combine input records=0
		Spilled Records=2
		Failed Shuffles=0
		Merged Map outputs=0
		GC time elapsed (ms)=0
		Total committed heap usage (bytes)=1189085184
	HIVE
		DESERIALIZE_ERRORS=0
		RECORDS_IN=2
		RECORDS_OUT_INTERMEDIATE=2
		RECORDS_OUT_OPERATOR_MAP_0=0
		RECORDS_OUT_OPERATOR_RS_2=2
		RECORDS_OUT_OPERATOR_SEL_1=2
		RECORDS_OUT_OPERATOR_TS_0=2
	File Input Format Counters 
		Bytes Read=6119
2024-04-23T21:16:14,176  INFO [LocalJobRunner Map Task Executor #0] mapred.LocalJobRunner: Finishing task: attempt_local702995625_0052_m_000001_0
2024-04-23T21:16:14,176  INFO [LocalJobRunner Map Task Executor #0] mapred.LocalJobRunner: Starting task: attempt_local702995625_0052_m_000002_0
2024-04-23T21:16:14,177  INFO [LocalJobRunner Map Task Executor #0] mapred.Task:  Using ResourceCalculatorProcessTree : [ ]
2024-04-23T21:16:14,177  INFO [LocalJobRunner Map Task Executor #0] mapred.MapTask: Processing split: org.apache.hadoop.hive.ql.io.orc.OrcInputFormat:OrcSplit [file:/home/alex/Repositories/hive/ql/target/tmp/org.apache.hadoop.hive.ql.TestTxnNoBuckets-1713932056679/warehouse/t/HIVE_UNION_SUBDIR_15/000000_0, start=0, length=256, isOriginal=true, fileLength=256, hasFooter=false, hasBase=true, deltas=0]
2024-04-23T21:16:14,178  INFO [LocalJobRunner Map Task Executor #0] exec.SerializationUtilities: Deserializing MapWork using kryo
2024-04-23T21:16:14,178  INFO [LocalJobRunner Map Task Executor #0] exec.Utilities: Deserialized plan (via FILE) - name: null size: 4,98KB
2024-04-23T21:16:14,179  INFO [LocalJobRunner Map Task Executor #0] orc.OrcRawRecordMerger: min key = null, max key = null
2024-04-23T21:16:14,179  INFO [LocalJobRunner Map Task Executor #0] orc.ReaderImpl: Reading ORC rows from file:/home/alex/Repositories/hive/ql/target/tmp/org.apache.hadoop.hive.ql.TestTxnNoBuckets-1713932056679/warehouse/t/HIVE_UNION_SUBDIR_15/000000_0 with {include: [true, true, true], offset: 0, length: 256, schema: struct<a:int,b:int>, includeAcidColumns: true}
2024-04-23T21:16:14,204  INFO [LocalJobRunner Map Task Executor #0] orc.OrcRawRecordMerger: updated min key = null, max key = null
2024-04-23T21:16:14,205  INFO [LocalJobRunner Map Task Executor #0] mapred.MapTask: numReduceTasks: 1
2024-04-23T21:16:14,214  INFO [LocalJobRunner Map Task Executor #0] mapred.MapTask: (EQUATOR) 0 kvi 26214396(104857584)
2024-04-23T21:16:14,215  INFO [LocalJobRunner Map Task Executor #0] mapred.MapTask: mapreduce.task.io.sort.mb: 100
2024-04-23T21:16:14,215  INFO [LocalJobRunner Map Task Executor #0] mapred.MapTask: soft limit at 83886080
2024-04-23T21:16:14,215  INFO [LocalJobRunner Map Task Executor #0] mapred.MapTask: bufstart = 0; bufvoid = 104857600
2024-04-23T21:16:14,215  INFO [LocalJobRunner Map Task Executor #0] mapred.MapTask: kvstart = 26214396; length = 6553600
2024-04-23T21:16:14,215  INFO [LocalJobRunner Map Task Executor #0] mapred.MapTask: Map output collector class = org.apache.hadoop.mapred.MapTask$MapOutputBuffer
2024-04-23T21:16:14,215  INFO [LocalJobRunner Map Task Executor #0] exec.MapOperator: Initializing Operator: MAP[0]
2024-04-23T21:16:14,217  INFO [LocalJobRunner Map Task Executor #0] mr.ExecMapper: 
<MAP>Id =0
  <Children>null
  <\Children>
  <Parent><\Parent>
<\MAP>
2024-04-23T21:16:14,217  INFO [LocalJobRunner Map Task Executor #0] exec.TableScanOperator: Initializing Operator: TS[0]
2024-04-23T21:16:14,217  INFO [LocalJobRunner Map Task Executor #0] exec.SelectOperator: Initializing Operator: SEL[1]
2024-04-23T21:16:14,217  INFO [LocalJobRunner Map Task Executor #0] exec.SelectOperator: SELECT struct<a:int,b:int,row__id:struct<writeid:bigint,bucketid:int,rowid:bigint>,input__file__name:string>
2024-04-23T21:16:14,217  INFO [LocalJobRunner Map Task Executor #0] exec.ReduceSinkOperator: Initializing Operator: RS[2]
2024-04-23T21:16:14,218  INFO [LocalJobRunner Map Task Executor #0] exec.ReduceSinkOperator: Using tag = -1
2024-04-23T21:16:14,218  INFO [LocalJobRunner Map Task Executor #0] exec.ReduceSinkOperator: keys are [reducesinkkey0, reducesinkkey1, reducesinkkey2] num distributions: 3
2024-04-23T21:16:14,218  INFO [LocalJobRunner Map Task Executor #0] exec.ReduceSinkOperator: RS[2]: records written - 1
2024-04-23T21:16:14,218  INFO [LocalJobRunner Map Task Executor #0] exec.MapOperator: MAP[0]: records read - 1
2024-04-23T21:16:14,218  INFO [LocalJobRunner Map Task Executor #0] exec.MapOperator: Closing Operator: MAP[0]
2024-04-23T21:16:14,218  INFO [LocalJobRunner Map Task Executor #0] exec.MapOperator: MAP[0]: Total records read - 2. abort - false
2024-04-23T21:16:14,219  INFO [LocalJobRunner Map Task Executor #0] exec.MapOperator: RECORDS_IN:2, RECORDS_OUT_INTERMEDIATE:0, RECORDS_OUT_OPERATOR_MAP_0:0, DESERIALIZE_ERRORS:0, 
2024-04-23T21:16:14,219  INFO [LocalJobRunner Map Task Executor #0] exec.TableScanOperator: Closing Operator: TS[0]
2024-04-23T21:16:14,219  INFO [LocalJobRunner Map Task Executor #0] exec.TableScanOperator: RECORDS_OUT_INTERMEDIATE:0, RECORDS_OUT_OPERATOR_TS_0:2, 
2024-04-23T21:16:14,219  INFO [LocalJobRunner Map Task Executor #0] exec.SelectOperator: Closing Operator: SEL[1]
2024-04-23T21:16:14,219  INFO [LocalJobRunner Map Task Executor #0] exec.SelectOperator: RECORDS_OUT_INTERMEDIATE:0, RECORDS_OUT_OPERATOR_SEL_1:2, 
2024-04-23T21:16:14,219  INFO [LocalJobRunner Map Task Executor #0] exec.ReduceSinkOperator: Closing Operator: RS[2]
2024-04-23T21:16:14,219  INFO [LocalJobRunner Map Task Executor #0] exec.ReduceSinkOperator: RS[2]: Total records written - 2. abort - false
2024-04-23T21:16:14,219  INFO [LocalJobRunner Map Task Executor #0] exec.ReduceSinkOperator: RECORDS_OUT_INTERMEDIATE:2, RECORDS_OUT_OPERATOR_RS_2:2, 
2024-04-23T21:16:14,219  INFO [LocalJobRunner Map Task Executor #0] mapred.LocalJobRunner: 
2024-04-23T21:16:14,219  INFO [LocalJobRunner Map Task Executor #0] mapred.MapTask: Starting flush of map output
2024-04-23T21:16:14,219  INFO [LocalJobRunner Map Task Executor #0] mapred.MapTask: Spilling map output
2024-04-23T21:16:14,219  INFO [LocalJobRunner Map Task Executor #0] mapred.MapTask: bufstart = 0; bufend = 360; bufvoid = 104857600
2024-04-23T21:16:14,219  INFO [LocalJobRunner Map Task Executor #0] mapred.MapTask: kvstart = 26214396(104857584); kvend = 26214392(104857568); length = 5/6553600
2024-04-23T21:16:14,227  INFO [LocalJobRunner Map Task Executor #0] mapred.MapTask: Finished spill 0
2024-04-23T21:16:14,231  INFO [LocalJobRunner Map Task Executor #0] mapred.Task: Task:attempt_local702995625_0052_m_000002_0 is done. And is in the process of committing
2024-04-23T21:16:14,231  INFO [LocalJobRunner Map Task Executor #0] mapred.LocalJobRunner: OrcSplit [file:/home/alex/Repositories/hive/ql/target/tmp/org.apache.hadoop.hive.ql.TestTxnNoBuckets-1713932056679/warehouse/t/HIVE_UNION_SUBDIR_15/000000_0, start=0, length=256, isOriginal=true, fileLength=256, hasFooter=false, hasBase=true, deltas=0]
2024-04-23T21:16:14,231  INFO [LocalJobRunner Map Task Executor #0] mapred.Task: Task 'attempt_local702995625_0052_m_000002_0' done.
2024-04-23T21:16:14,231  INFO [LocalJobRunner Map Task Executor #0] mapred.Task: Final Counters for attempt_local702995625_0052_m_000002_0: Counters: 24
	File System Counters
		FILE: Number of bytes read=1237110
		FILE: Number of bytes written=61239110
		FILE: Number of read operations=0
		FILE: Number of large read operations=0
		FILE: Number of write operations=0
	Map-Reduce Framework
		Map input records=2
		Map output records=2
		Map output bytes=360
		Map output materialized bytes=372
		Input split bytes=473
		Combine input records=0
		Spilled Records=2
		Failed Shuffles=0
		Merged Map outputs=0
		GC time elapsed (ms)=5
		Total committed heap usage (bytes)=1189085184
	HIVE
		DESERIALIZE_ERRORS=0
		RECORDS_IN=2
		RECORDS_OUT_INTERMEDIATE=2
		RECORDS_OUT_OPERATOR_MAP_0=0
		RECORDS_OUT_OPERATOR_RS_2=2
		RECORDS_OUT_OPERATOR_SEL_1=2
		RECORDS_OUT_OPERATOR_TS_0=2
	File Input Format Counters 
		Bytes Read=6664
2024-04-23T21:16:14,231  INFO [LocalJobRunner Map Task Executor #0] mapred.LocalJobRunner: Finishing task: attempt_local702995625_0052_m_000002_0
2024-04-23T21:16:14,231  INFO [LocalJobRunner Map Task Executor #0] mapred.LocalJobRunner: Starting task: attempt_local702995625_0052_m_000003_0
2024-04-23T21:16:14,232  INFO [LocalJobRunner Map Task Executor #0] mapred.Task:  Using ResourceCalculatorProcessTree : [ ]
2024-04-23T21:16:14,232  INFO [LocalJobRunner Map Task Executor #0] mapred.MapTask: Processing split: org.apache.hadoop.hive.ql.io.orc.OrcInputFormat:OrcSplit [file:/home/alex/Repositories/hive/ql/target/tmp/org.apache.hadoop.hive.ql.TestTxnNoBuckets-1713932056679/warehouse/t/000001_0, start=0, length=254, isOriginal=true, fileLength=254, hasFooter=false, hasBase=true, deltas=0]
2024-04-23T21:16:14,233  INFO [LocalJobRunner Map Task Executor #0] exec.SerializationUtilities: Deserializing MapWork using kryo
2024-04-23T21:16:14,233  INFO [LocalJobRunner Map Task Executor #0] exec.Utilities: Deserialized plan (via FILE) - name: null size: 4,98KB
2024-04-23T21:16:14,234  INFO [LocalJobRunner Map Task Executor #0] orc.OrcRawRecordMerger: min key = null, max key = null
2024-04-23T21:16:14,234  INFO [LocalJobRunner Map Task Executor #0] orc.ReaderImpl: Reading ORC rows from file:/home/alex/Repositories/hive/ql/target/tmp/org.apache.hadoop.hive.ql.TestTxnNoBuckets-1713932056679/warehouse/t/000001_0 with {include: [true, true, true], offset: 0, length: 254, schema: struct<a:int,b:int>, includeAcidColumns: true}
2024-04-23T21:16:14,259  INFO [LocalJobRunner Map Task Executor #0] orc.OrcRawRecordMerger: updated min key = null, max key = null
2024-04-23T21:16:14,259  INFO [LocalJobRunner Map Task Executor #0] mapred.MapTask: numReduceTasks: 1
2024-04-23T21:16:14,263  INFO [LocalJobRunner Map Task Executor #0] mapred.MapTask: (EQUATOR) 0 kvi 26214396(104857584)
2024-04-23T21:16:14,263  INFO [LocalJobRunner Map Task Executor #0] mapred.MapTask: mapreduce.task.io.sort.mb: 100
2024-04-23T21:16:14,263  INFO [LocalJobRunner Map Task Executor #0] mapred.MapTask: soft limit at 83886080
2024-04-23T21:16:14,263  INFO [LocalJobRunner Map Task Executor #0] mapred.MapTask: bufstart = 0; bufvoid = 104857600
2024-04-23T21:16:14,263  INFO [LocalJobRunner Map Task Executor #0] mapred.MapTask: kvstart = 26214396; length = 6553600
2024-04-23T21:16:14,263  INFO [LocalJobRunner Map Task Executor #0] mapred.MapTask: Map output collector class = org.apache.hadoop.mapred.MapTask$MapOutputBuffer
2024-04-23T21:16:14,264  INFO [LocalJobRunner Map Task Executor #0] exec.MapOperator: Initializing Operator: MAP[0]
2024-04-23T21:16:14,265  INFO [LocalJobRunner Map Task Executor #0] mr.ExecMapper: 
<MAP>Id =0
  <Children>null
  <\Children>
  <Parent><\Parent>
<\MAP>
2024-04-23T21:16:14,265  INFO [LocalJobRunner Map Task Executor #0] exec.TableScanOperator: Initializing Operator: TS[0]
2024-04-23T21:16:14,265  INFO [LocalJobRunner Map Task Executor #0] exec.SelectOperator: Initializing Operator: SEL[1]
2024-04-23T21:16:14,265  INFO [LocalJobRunner Map Task Executor #0] exec.SelectOperator: SELECT struct<a:int,b:int,row__id:struct<writeid:bigint,bucketid:int,rowid:bigint>,input__file__name:string>
2024-04-23T21:16:14,266  INFO [LocalJobRunner Map Task Executor #0] exec.ReduceSinkOperator: Initializing Operator: RS[2]
2024-04-23T21:16:14,266  INFO [LocalJobRunner Map Task Executor #0] exec.ReduceSinkOperator: Using tag = -1
2024-04-23T21:16:14,266  INFO [LocalJobRunner Map Task Executor #0] exec.ReduceSinkOperator: keys are [reducesinkkey0, reducesinkkey1, reducesinkkey2] num distributions: 3
2024-04-23T21:16:14,266  INFO [LocalJobRunner Map Task Executor #0] exec.ReduceSinkOperator: RS[2]: records written - 1
2024-04-23T21:16:14,266  INFO [LocalJobRunner Map Task Executor #0] exec.MapOperator: MAP[0]: records read - 1
2024-04-23T21:16:14,267  INFO [LocalJobRunner Map Task Executor #0] exec.MapOperator: Closing Operator: MAP[0]
2024-04-23T21:16:14,267  INFO [LocalJobRunner Map Task Executor #0] exec.MapOperator: MAP[0]: Total records read - 1. abort - false
2024-04-23T21:16:14,267  INFO [LocalJobRunner Map Task Executor #0] exec.MapOperator: RECORDS_OUT_OPERATOR_MAP_0:0, RECORDS_IN:1, RECORDS_OUT_INTERMEDIATE:0, DESERIALIZE_ERRORS:0, 
2024-04-23T21:16:14,267  INFO [LocalJobRunner Map Task Executor #0] exec.TableScanOperator: Closing Operator: TS[0]
2024-04-23T21:16:14,267  INFO [LocalJobRunner Map Task Executor #0] exec.TableScanOperator: RECORDS_OUT_OPERATOR_TS_0:1, RECORDS_OUT_INTERMEDIATE:0, 
2024-04-23T21:16:14,267  INFO [LocalJobRunner Map Task Executor #0] exec.SelectOperator: Closing Operator: SEL[1]
2024-04-23T21:16:14,267  INFO [LocalJobRunner Map Task Executor #0] exec.SelectOperator: RECORDS_OUT_OPERATOR_SEL_1:1, RECORDS_OUT_INTERMEDIATE:0, 
2024-04-23T21:16:14,267  INFO [LocalJobRunner Map Task Executor #0] exec.ReduceSinkOperator: Closing Operator: RS[2]
2024-04-23T21:16:14,267  INFO [LocalJobRunner Map Task Executor #0] exec.ReduceSinkOperator: RS[2]: Total records written - 1. abort - false
2024-04-23T21:16:14,267  INFO [LocalJobRunner Map Task Executor #0] exec.ReduceSinkOperator: RECORDS_OUT_INTERMEDIATE:1, RECORDS_OUT_OPERATOR_RS_2:1, 
2024-04-23T21:16:14,268  INFO [LocalJobRunner Map Task Executor #0] mapred.LocalJobRunner: 
2024-04-23T21:16:14,268  INFO [LocalJobRunner Map Task Executor #0] mapred.MapTask: Starting flush of map output
2024-04-23T21:16:14,268  INFO [LocalJobRunner Map Task Executor #0] mapred.MapTask: Spilling map output
2024-04-23T21:16:14,268  INFO [LocalJobRunner Map Task Executor #0] mapred.MapTask: bufstart = 0; bufend = 159; bufvoid = 104857600
2024-04-23T21:16:14,268  INFO [LocalJobRunner Map Task Executor #0] mapred.MapTask: kvstart = 26214396(104857584); kvend = 26214396(104857584); length = 1/6553600
2024-04-23T21:16:14,276  INFO [LocalJobRunner Map Task Executor #0] mapred.MapTask: Finished spill 0
2024-04-23T21:16:14,279  INFO [LocalJobRunner Map Task Executor #0] mapred.Task: Task:attempt_local702995625_0052_m_000003_0 is done. And is in the process of committing
2024-04-23T21:16:14,280  INFO [LocalJobRunner Map Task Executor #0] mapred.LocalJobRunner: OrcSplit [file:/home/alex/Repositories/hive/ql/target/tmp/org.apache.hadoop.hive.ql.TestTxnNoBuckets-1713932056679/warehouse/t/000001_0, start=0, length=254, isOriginal=true, fileLength=254, hasFooter=false, hasBase=true, deltas=0]
2024-04-23T21:16:14,280  INFO [LocalJobRunner Map Task Executor #0] mapred.Task: Task 'attempt_local702995625_0052_m_000003_0' done.
2024-04-23T21:16:14,280  INFO [LocalJobRunner Map Task Executor #0] mapred.Task: Final Counters for attempt_local702995625_0052_m_000003_0: Counters: 24
	File System Counters
		FILE: Number of bytes read=1245471
		FILE: Number of bytes written=61239310
		FILE: Number of read operations=0
		FILE: Number of large read operations=0
		FILE: Number of write operations=0
	Map-Reduce Framework
		Map input records=1
		Map output records=1
		Map output bytes=159
		Map output materialized bytes=168
		Input split bytes=451
		Combine input records=0
		Spilled Records=1
		Failed Shuffles=0
		Merged Map outputs=0
		GC time elapsed (ms)=0
		Total committed heap usage (bytes)=1189085184
	HIVE
		DESERIALIZE_ERRORS=0
		RECORDS_IN=1
		RECORDS_OUT_INTERMEDIATE=1
		RECORDS_OUT_OPERATOR_MAP_0=0
		RECORDS_OUT_OPERATOR_RS_2=1
		RECORDS_OUT_OPERATOR_SEL_1=1
		RECORDS_OUT_OPERATOR_TS_0=1
	File Input Format Counters 
		Bytes Read=6111
2024-04-23T21:16:14,280  INFO [LocalJobRunner Map Task Executor #0] mapred.LocalJobRunner: Finishing task: attempt_local702995625_0052_m_000003_0
2024-04-23T21:16:14,280  INFO [LocalJobRunner Map Task Executor #0] mapred.LocalJobRunner: Starting task: attempt_local702995625_0052_m_000004_0
2024-04-23T21:16:14,280  INFO [LocalJobRunner Map Task Executor #0] mapred.Task:  Using ResourceCalculatorProcessTree : [ ]
2024-04-23T21:16:14,281  INFO [LocalJobRunner Map Task Executor #0] mapred.MapTask: Processing split: org.apache.hadoop.hive.ql.io.orc.OrcInputFormat:OrcSplit [file:/home/alex/Repositories/hive/ql/target/tmp/org.apache.hadoop.hive.ql.TestTxnNoBuckets-1713932056679/warehouse/t/000002_0, start=0, length=254, isOriginal=true, fileLength=254, hasFooter=false, hasBase=true, deltas=0]
2024-04-23T21:16:14,281  INFO [LocalJobRunner Map Task Executor #0] exec.SerializationUtilities: Deserializing MapWork using kryo
2024-04-23T21:16:14,281  INFO [LocalJobRunner Map Task Executor #0] exec.Utilities: Deserialized plan (via FILE) - name: null size: 4,98KB
2024-04-23T21:16:14,282  INFO [LocalJobRunner Map Task Executor #0] orc.OrcRawRecordMerger: min key = null, max key = null
2024-04-23T21:16:14,282  INFO [LocalJobRunner Map Task Executor #0] orc.ReaderImpl: Reading ORC rows from file:/home/alex/Repositories/hive/ql/target/tmp/org.apache.hadoop.hive.ql.TestTxnNoBuckets-1713932056679/warehouse/t/000002_0 with {include: [true, true, true], offset: 0, length: 254, schema: struct<a:int,b:int>, includeAcidColumns: true}
2024-04-23T21:16:14,307  INFO [LocalJobRunner Map Task Executor #0] orc.OrcRawRecordMerger: updated min key = null, max key = null
2024-04-23T21:16:14,308  INFO [LocalJobRunner Map Task Executor #0] mapred.MapTask: numReduceTasks: 1
2024-04-23T21:16:14,312  INFO [LocalJobRunner Map Task Executor #0] mapred.MapTask: (EQUATOR) 0 kvi 26214396(104857584)
2024-04-23T21:16:14,312  INFO [LocalJobRunner Map Task Executor #0] mapred.MapTask: mapreduce.task.io.sort.mb: 100
2024-04-23T21:16:14,312  INFO [LocalJobRunner Map Task Executor #0] mapred.MapTask: soft limit at 83886080
2024-04-23T21:16:14,312  INFO [LocalJobRunner Map Task Executor #0] mapred.MapTask: bufstart = 0; bufvoid = 104857600
2024-04-23T21:16:14,312  INFO [LocalJobRunner Map Task Executor #0] mapred.MapTask: kvstart = 26214396; length = 6553600
2024-04-23T21:16:14,313  INFO [LocalJobRunner Map Task Executor #0] mapred.MapTask: Map output collector class = org.apache.hadoop.mapred.MapTask$MapOutputBuffer
2024-04-23T21:16:14,313  INFO [LocalJobRunner Map Task Executor #0] exec.MapOperator: Initializing Operator: MAP[0]
2024-04-23T21:16:14,314  INFO [LocalJobRunner Map Task Executor #0] mr.ExecMapper: 
<MAP>Id =0
  <Children>null
  <\Children>
  <Parent><\Parent>
<\MAP>
2024-04-23T21:16:14,315  INFO [LocalJobRunner Map Task Executor #0] exec.TableScanOperator: Initializing Operator: TS[0]
2024-04-23T21:16:14,315  INFO [LocalJobRunner Map Task Executor #0] exec.SelectOperator: Initializing Operator: SEL[1]
2024-04-23T21:16:14,315  INFO [LocalJobRunner Map Task Executor #0] exec.SelectOperator: SELECT struct<a:int,b:int,row__id:struct<writeid:bigint,bucketid:int,rowid:bigint>,input__file__name:string>
2024-04-23T21:16:14,315  INFO [LocalJobRunner Map Task Executor #0] exec.ReduceSinkOperator: Initializing Operator: RS[2]
2024-04-23T21:16:14,315  INFO [LocalJobRunner Map Task Executor #0] exec.ReduceSinkOperator: Using tag = -1
2024-04-23T21:16:14,315  INFO [LocalJobRunner Map Task Executor #0] exec.ReduceSinkOperator: keys are [reducesinkkey0, reducesinkkey1, reducesinkkey2] num distributions: 3
2024-04-23T21:16:14,315  INFO [LocalJobRunner Map Task Executor #0] exec.ReduceSinkOperator: RS[2]: records written - 1
2024-04-23T21:16:14,315  INFO [LocalJobRunner Map Task Executor #0] exec.MapOperator: MAP[0]: records read - 1
2024-04-23T21:16:14,316  INFO [LocalJobRunner Map Task Executor #0] exec.MapOperator: Closing Operator: MAP[0]
2024-04-23T21:16:14,316  INFO [LocalJobRunner Map Task Executor #0] exec.MapOperator: MAP[0]: Total records read - 2. abort - false
2024-04-23T21:16:14,316  INFO [LocalJobRunner Map Task Executor #0] exec.MapOperator: RECORDS_OUT_OPERATOR_MAP_0:0, RECORDS_OUT_INTERMEDIATE:0, RECORDS_IN:2, DESERIALIZE_ERRORS:0, 
2024-04-23T21:16:14,316  INFO [LocalJobRunner Map Task Executor #0] exec.TableScanOperator: Closing Operator: TS[0]
2024-04-23T21:16:14,316  INFO [LocalJobRunner Map Task Executor #0] exec.TableScanOperator: RECORDS_OUT_INTERMEDIATE:0, RECORDS_OUT_OPERATOR_TS_0:2, 
2024-04-23T21:16:14,316  INFO [LocalJobRunner Map Task Executor #0] exec.SelectOperator: Closing Operator: SEL[1]
2024-04-23T21:16:14,316  INFO [LocalJobRunner Map Task Executor #0] exec.SelectOperator: RECORDS_OUT_INTERMEDIATE:0, RECORDS_OUT_OPERATOR_SEL_1:2, 
2024-04-23T21:16:14,316  INFO [LocalJobRunner Map Task Executor #0] exec.ReduceSinkOperator: Closing Operator: RS[2]
2024-04-23T21:16:14,316  INFO [LocalJobRunner Map Task Executor #0] exec.ReduceSinkOperator: RS[2]: Total records written - 2. abort - false
2024-04-23T21:16:14,316  INFO [LocalJobRunner Map Task Executor #0] exec.ReduceSinkOperator: RECORDS_OUT_OPERATOR_RS_2:2, RECORDS_OUT_INTERMEDIATE:2, 
2024-04-23T21:16:14,317  INFO [LocalJobRunner Map Task Executor #0] mapred.LocalJobRunner: 
2024-04-23T21:16:14,317  INFO [LocalJobRunner Map Task Executor #0] mapred.MapTask: Starting flush of map output
2024-04-23T21:16:14,317  INFO [LocalJobRunner Map Task Executor #0] mapred.MapTask: Spilling map output
2024-04-23T21:16:14,317  INFO [LocalJobRunner Map Task Executor #0] mapred.MapTask: bufstart = 0; bufend = 318; bufvoid = 104857600
2024-04-23T21:16:14,317  INFO [LocalJobRunner Map Task Executor #0] mapred.MapTask: kvstart = 26214396(104857584); kvend = 26214392(104857568); length = 5/6553600
2024-04-23T21:16:14,326  INFO [LocalJobRunner Map Task Executor #0] mapred.MapTask: Finished spill 0
2024-04-23T21:16:14,329  INFO [LocalJobRunner Map Task Executor #0] mapred.Task: Task:attempt_local702995625_0052_m_000004_0 is done. And is in the process of committing
2024-04-23T21:16:14,329  INFO [LocalJobRunner Map Task Executor #0] mapred.LocalJobRunner: OrcSplit [file:/home/alex/Repositories/hive/ql/target/tmp/org.apache.hadoop.hive.ql.TestTxnNoBuckets-1713932056679/warehouse/t/000002_0, start=0, length=254, isOriginal=true, fileLength=254, hasFooter=false, hasBase=true, deltas=0]
2024-04-23T21:16:14,329  INFO [LocalJobRunner Map Task Executor #0] mapred.Task: Task 'attempt_local702995625_0052_m_000004_0' done.
2024-04-23T21:16:14,329  INFO [LocalJobRunner Map Task Executor #0] mapred.Task: Final Counters for attempt_local702995625_0052_m_000004_0: Counters: 24
	File System Counters
		FILE: Number of bytes read=1253320
		FILE: Number of bytes written=61239672
		FILE: Number of read operations=0
		FILE: Number of large read operations=0
		FILE: Number of write operations=0
	Map-Reduce Framework
		Map input records=2
		Map output records=2
		Map output bytes=318
		Map output materialized bytes=330
		Input split bytes=451
		Combine input records=0
		Spilled Records=2
		Failed Shuffles=0
		Merged Map outputs=0
		GC time elapsed (ms)=0
		Total committed heap usage (bytes)=1189085184
	HIVE
		DESERIALIZE_ERRORS=0
		RECORDS_IN=2
		RECORDS_OUT_INTERMEDIATE=2
		RECORDS_OUT_OPERATOR_MAP_0=0
		RECORDS_OUT_OPERATOR_RS_2=2
		RECORDS_OUT_OPERATOR_SEL_1=2
		RECORDS_OUT_OPERATOR_TS_0=2
	File Input Format Counters 
		Bytes Read=6111
2024-04-23T21:16:14,329  INFO [LocalJobRunner Map Task Executor #0] mapred.LocalJobRunner: Finishing task: attempt_local702995625_0052_m_000004_0
2024-04-23T21:16:14,329  INFO [LocalJobRunner Map Task Executor #0] mapred.LocalJobRunner: Starting task: attempt_local702995625_0052_m_000005_0
2024-04-23T21:16:14,330  INFO [LocalJobRunner Map Task Executor #0] mapred.Task:  Using ResourceCalculatorProcessTree : [ ]
2024-04-23T21:16:14,330  INFO [LocalJobRunner Map Task Executor #0] mapred.MapTask: Processing split: org.apache.hadoop.hive.ql.io.orc.OrcInputFormat:OrcSplit [file:/home/alex/Repositories/hive/ql/target/tmp/org.apache.hadoop.hive.ql.TestTxnNoBuckets-1713932056679/warehouse/t/HIVE_UNION_SUBDIR_16/000000_0, start=0, length=254, isOriginal=true, fileLength=254, hasFooter=false, hasBase=true, deltas=0]
2024-04-23T21:16:14,331  INFO [LocalJobRunner Map Task Executor #0] exec.SerializationUtilities: Deserializing MapWork using kryo
2024-04-23T21:16:14,331  INFO [LocalJobRunner Map Task Executor #0] exec.Utilities: Deserialized plan (via FILE) - name: null size: 4,98KB
2024-04-23T21:16:14,332  INFO [LocalJobRunner Map Task Executor #0] orc.OrcRawRecordMerger: min key = null, max key = null
2024-04-23T21:16:14,332  INFO [LocalJobRunner Map Task Executor #0] orc.ReaderImpl: Reading ORC rows from file:/home/alex/Repositories/hive/ql/target/tmp/org.apache.hadoop.hive.ql.TestTxnNoBuckets-1713932056679/warehouse/t/HIVE_UNION_SUBDIR_16/000000_0 with {include: [true, true, true], offset: 0, length: 254, schema: struct<a:int,b:int>, includeAcidColumns: true}
2024-04-23T21:16:14,360  INFO [LocalJobRunner Map Task Executor #0] orc.OrcRawRecordMerger: updated min key = null, max key = null
2024-04-23T21:16:14,361  INFO [LocalJobRunner Map Task Executor #0] mapred.MapTask: numReduceTasks: 1
2024-04-23T21:16:14,365  INFO [LocalJobRunner Map Task Executor #0] mapred.MapTask: (EQUATOR) 0 kvi 26214396(104857584)
2024-04-23T21:16:14,365  INFO [LocalJobRunner Map Task Executor #0] mapred.MapTask: mapreduce.task.io.sort.mb: 100
2024-04-23T21:16:14,366  INFO [LocalJobRunner Map Task Executor #0] mapred.MapTask: soft limit at 83886080
2024-04-23T21:16:14,366  INFO [LocalJobRunner Map Task Executor #0] mapred.MapTask: bufstart = 0; bufvoid = 104857600
2024-04-23T21:16:14,366  INFO [LocalJobRunner Map Task Executor #0] mapred.MapTask: kvstart = 26214396; length = 6553600
2024-04-23T21:16:14,366  INFO [LocalJobRunner Map Task Executor #0] mapred.MapTask: Map output collector class = org.apache.hadoop.mapred.MapTask$MapOutputBuffer
2024-04-23T21:16:14,366  INFO [LocalJobRunner Map Task Executor #0] exec.MapOperator: Initializing Operator: MAP[0]
2024-04-23T21:16:14,367  INFO [LocalJobRunner Map Task Executor #0] mr.ExecMapper: 
<MAP>Id =0
  <Children>null
  <\Children>
  <Parent><\Parent>
<\MAP>
2024-04-23T21:16:14,368  INFO [LocalJobRunner Map Task Executor #0] exec.TableScanOperator: Initializing Operator: TS[0]
2024-04-23T21:16:14,368  INFO [LocalJobRunner Map Task Executor #0] exec.SelectOperator: Initializing Operator: SEL[1]
2024-04-23T21:16:14,368  INFO [LocalJobRunner Map Task Executor #0] exec.SelectOperator: SELECT struct<a:int,b:int,row__id:struct<writeid:bigint,bucketid:int,rowid:bigint>,input__file__name:string>
2024-04-23T21:16:14,368  INFO [LocalJobRunner Map Task Executor #0] exec.ReduceSinkOperator: Initializing Operator: RS[2]
2024-04-23T21:16:14,368  INFO [LocalJobRunner Map Task Executor #0] exec.ReduceSinkOperator: Using tag = -1
2024-04-23T21:16:14,369  INFO [LocalJobRunner Map Task Executor #0] exec.ReduceSinkOperator: keys are [reducesinkkey0, reducesinkkey1, reducesinkkey2] num distributions: 3
2024-04-23T21:16:14,369  INFO [LocalJobRunner Map Task Executor #0] exec.ReduceSinkOperator: RS[2]: records written - 1
2024-04-23T21:16:14,369  INFO [LocalJobRunner Map Task Executor #0] exec.MapOperator: MAP[0]: records read - 1
2024-04-23T21:16:14,369  INFO [LocalJobRunner Map Task Executor #0] exec.MapOperator: Closing Operator: MAP[0]
2024-04-23T21:16:14,369  INFO [LocalJobRunner Map Task Executor #0] exec.MapOperator: MAP[0]: Total records read - 1. abort - false
2024-04-23T21:16:14,369  INFO [LocalJobRunner Map Task Executor #0] exec.MapOperator: RECORDS_OUT_INTERMEDIATE:0, RECORDS_IN:1, DESERIALIZE_ERRORS:0, RECORDS_OUT_OPERATOR_MAP_0:0, 
2024-04-23T21:16:14,369  INFO [LocalJobRunner Map Task Executor #0] exec.TableScanOperator: Closing Operator: TS[0]
2024-04-23T21:16:14,369  INFO [LocalJobRunner Map Task Executor #0] exec.TableScanOperator: RECORDS_OUT_OPERATOR_TS_0:1, RECORDS_OUT_INTERMEDIATE:0, 
2024-04-23T21:16:14,369  INFO [LocalJobRunner Map Task Executor #0] exec.SelectOperator: Closing Operator: SEL[1]
2024-04-23T21:16:14,369  INFO [LocalJobRunner Map Task Executor #0] exec.SelectOperator: RECORDS_OUT_INTERMEDIATE:0, RECORDS_OUT_OPERATOR_SEL_1:1, 
2024-04-23T21:16:14,369  INFO [LocalJobRunner Map Task Executor #0] exec.ReduceSinkOperator: Closing Operator: RS[2]
2024-04-23T21:16:14,369  INFO [LocalJobRunner Map Task Executor #0] exec.ReduceSinkOperator: RS[2]: Total records written - 1. abort - false
2024-04-23T21:16:14,369  INFO [LocalJobRunner Map Task Executor #0] exec.ReduceSinkOperator: RECORDS_OUT_INTERMEDIATE:1, RECORDS_OUT_OPERATOR_RS_2:1, 
2024-04-23T21:16:14,370  INFO [LocalJobRunner Map Task Executor #0] mapred.LocalJobRunner: 
2024-04-23T21:16:14,370  INFO [LocalJobRunner Map Task Executor #0] mapred.MapTask: Starting flush of map output
2024-04-23T21:16:14,370  INFO [LocalJobRunner Map Task Executor #0] mapred.MapTask: Spilling map output
2024-04-23T21:16:14,370  INFO [LocalJobRunner Map Task Executor #0] mapred.MapTask: bufstart = 0; bufend = 180; bufvoid = 104857600
2024-04-23T21:16:14,370  INFO [LocalJobRunner Map Task Executor #0] mapred.MapTask: kvstart = 26214396(104857584); kvend = 26214396(104857584); length = 1/6553600
2024-04-23T21:16:14,378  INFO [LocalJobRunner Map Task Executor #0] mapred.MapTask: Finished spill 0
2024-04-23T21:16:14,381  INFO [LocalJobRunner Map Task Executor #0] mapred.Task: Task:attempt_local702995625_0052_m_000005_0 is done. And is in the process of committing
2024-04-23T21:16:14,382  INFO [LocalJobRunner Map Task Executor #0] mapred.LocalJobRunner: OrcSplit [file:/home/alex/Repositories/hive/ql/target/tmp/org.apache.hadoop.hive.ql.TestTxnNoBuckets-1713932056679/warehouse/t/HIVE_UNION_SUBDIR_16/000000_0, start=0, length=254, isOriginal=true, fileLength=254, hasFooter=false, hasBase=true, deltas=0]
2024-04-23T21:16:14,382  INFO [LocalJobRunner Map Task Executor #0] mapred.Task: Task 'attempt_local702995625_0052_m_000005_0' done.
2024-04-23T21:16:14,382  INFO [LocalJobRunner Map Task Executor #0] mapred.Task: Final Counters for attempt_local702995625_0052_m_000005_0: Counters: 24
	File System Counters
		FILE: Number of bytes read=1261482
		FILE: Number of bytes written=61239893
		FILE: Number of read operations=0
		FILE: Number of large read operations=0
		FILE: Number of write operations=0
	Map-Reduce Framework
		Map input records=1
		Map output records=1
		Map output bytes=180
		Map output materialized bytes=189
		Input split bytes=473
		Combine input records=0
		Spilled Records=1
		Failed Shuffles=0
		Merged Map outputs=0
		GC time elapsed (ms)=0
		Total committed heap usage (bytes)=1189085184
	HIVE
		DESERIALIZE_ERRORS=0
		RECORDS_IN=1
		RECORDS_OUT_INTERMEDIATE=1
		RECORDS_OUT_OPERATOR_MAP_0=0
		RECORDS_OUT_OPERATOR_RS_2=1
		RECORDS_OUT_OPERATOR_SEL_1=1
		RECORDS_OUT_OPERATOR_TS_0=1
	File Input Format Counters 
		Bytes Read=6936
2024-04-23T21:16:14,382  INFO [LocalJobRunner Map Task Executor #0] mapred.LocalJobRunner: Finishing task: attempt_local702995625_0052_m_000005_0
2024-04-23T21:16:14,382  INFO [LocalJobRunner Map Task Executor #0] mapred.LocalJobRunner: Starting task: attempt_local702995625_0052_m_000006_0
2024-04-23T21:16:14,383  INFO [LocalJobRunner Map Task Executor #0] mapred.Task:  Using ResourceCalculatorProcessTree : [ ]
2024-04-23T21:16:14,384  INFO [LocalJobRunner Map Task Executor #0] mapred.MapTask: Processing split: org.apache.hadoop.hive.ql.io.orc.OrcInputFormat:OrcSplit [file:/home/alex/Repositories/hive/ql/target/tmp/org.apache.hadoop.hive.ql.TestTxnNoBuckets-1713932056679/warehouse/t/000000_0_copy_1, start=0, length=241, isOriginal=true, fileLength=241, hasFooter=false, hasBase=true, deltas=0]
2024-04-23T21:16:14,384  INFO [LocalJobRunner Map Task Executor #0] exec.SerializationUtilities: Deserializing MapWork using kryo
2024-04-23T21:16:14,385  INFO [LocalJobRunner Map Task Executor #0] exec.Utilities: Deserialized plan (via FILE) - name: null size: 4,98KB
2024-04-23T21:16:14,386  INFO [LocalJobRunner Map Task Executor #0] orc.OrcRawRecordMerger: min key = null, max key = null
2024-04-23T21:16:14,386  INFO [LocalJobRunner Map Task Executor #0] orc.ReaderImpl: Reading ORC rows from file:/home/alex/Repositories/hive/ql/target/tmp/org.apache.hadoop.hive.ql.TestTxnNoBuckets-1713932056679/warehouse/t/000000_0_copy_1 with {include: [true, true, true], offset: 0, length: 241, schema: struct<a:int,b:int>, includeAcidColumns: true}
2024-04-23T21:16:14,411  INFO [LocalJobRunner Map Task Executor #0] orc.OrcRawRecordMerger: updated min key = null, max key = null
2024-04-23T21:16:14,411  INFO [LocalJobRunner Map Task Executor #0] mapred.MapTask: numReduceTasks: 1
2024-04-23T21:16:14,416  INFO [LocalJobRunner Map Task Executor #0] mapred.MapTask: (EQUATOR) 0 kvi 26214396(104857584)
2024-04-23T21:16:14,416  INFO [LocalJobRunner Map Task Executor #0] mapred.MapTask: mapreduce.task.io.sort.mb: 100
2024-04-23T21:16:14,416  INFO [LocalJobRunner Map Task Executor #0] mapred.MapTask: soft limit at 83886080
2024-04-23T21:16:14,416  INFO [LocalJobRunner Map Task Executor #0] mapred.MapTask: bufstart = 0; bufvoid = 104857600
2024-04-23T21:16:14,416  INFO [LocalJobRunner Map Task Executor #0] mapred.MapTask: kvstart = 26214396; length = 6553600
2024-04-23T21:16:14,417  INFO [LocalJobRunner Map Task Executor #0] mapred.MapTask: Map output collector class = org.apache.hadoop.mapred.MapTask$MapOutputBuffer
2024-04-23T21:16:14,417  INFO [LocalJobRunner Map Task Executor #0] exec.MapOperator: Initializing Operator: MAP[0]
2024-04-23T21:16:14,419  INFO [LocalJobRunner Map Task Executor #0] mr.ExecMapper: 
<MAP>Id =0
  <Children>null
  <\Children>
  <Parent><\Parent>
<\MAP>
2024-04-23T21:16:14,420  INFO [LocalJobRunner Map Task Executor #0] exec.TableScanOperator: Initializing Operator: TS[0]
2024-04-23T21:16:14,420  INFO [LocalJobRunner Map Task Executor #0] exec.SelectOperator: Initializing Operator: SEL[1]
2024-04-23T21:16:14,420  INFO [LocalJobRunner Map Task Executor #0] exec.SelectOperator: SELECT struct<a:int,b:int,row__id:struct<writeid:bigint,bucketid:int,rowid:bigint>,input__file__name:string>
2024-04-23T21:16:14,420  INFO [LocalJobRunner Map Task Executor #0] exec.ReduceSinkOperator: Initializing Operator: RS[2]
2024-04-23T21:16:14,420  INFO [LocalJobRunner Map Task Executor #0] exec.ReduceSinkOperator: Using tag = -1
2024-04-23T21:16:14,420  INFO [LocalJobRunner Map Task Executor #0] exec.ReduceSinkOperator: keys are [reducesinkkey0, reducesinkkey1, reducesinkkey2] num distributions: 3
2024-04-23T21:16:14,421  INFO [LocalJobRunner Map Task Executor #0] exec.ReduceSinkOperator: RS[2]: records written - 1
2024-04-23T21:16:14,421  INFO [LocalJobRunner Map Task Executor #0] exec.MapOperator: MAP[0]: records read - 1
2024-04-23T21:16:14,421  INFO [LocalJobRunner Map Task Executor #0] exec.MapOperator: Closing Operator: MAP[0]
2024-04-23T21:16:14,421  INFO [LocalJobRunner Map Task Executor #0] exec.MapOperator: MAP[0]: Total records read - 1. abort - false
2024-04-23T21:16:14,421  INFO [LocalJobRunner Map Task Executor #0] exec.MapOperator: RECORDS_OUT_INTERMEDIATE:0, DESERIALIZE_ERRORS:0, RECORDS_OUT_OPERATOR_MAP_0:0, RECORDS_IN:1, 
2024-04-23T21:16:14,421  INFO [LocalJobRunner Map Task Executor #0] exec.TableScanOperator: Closing Operator: TS[0]
2024-04-23T21:16:14,421  INFO [LocalJobRunner Map Task Executor #0] exec.TableScanOperator: RECORDS_OUT_OPERATOR_TS_0:1, RECORDS_OUT_INTERMEDIATE:0, 
2024-04-23T21:16:14,421  INFO [LocalJobRunner Map Task Executor #0] exec.SelectOperator: Closing Operator: SEL[1]
2024-04-23T21:16:14,421  INFO [LocalJobRunner Map Task Executor #0] exec.SelectOperator: RECORDS_OUT_OPERATOR_SEL_1:1, RECORDS_OUT_INTERMEDIATE:0, 
2024-04-23T21:16:14,421  INFO [LocalJobRunner Map Task Executor #0] exec.ReduceSinkOperator: Closing Operator: RS[2]
2024-04-23T21:16:14,421  INFO [LocalJobRunner Map Task Executor #0] exec.ReduceSinkOperator: RS[2]: Total records written - 1. abort - false
2024-04-23T21:16:14,421  INFO [LocalJobRunner Map Task Executor #0] exec.ReduceSinkOperator: RECORDS_OUT_OPERATOR_RS_2:1, RECORDS_OUT_INTERMEDIATE:1, 
2024-04-23T21:16:14,422  INFO [LocalJobRunner Map Task Executor #0] mapred.LocalJobRunner: 
2024-04-23T21:16:14,422  INFO [LocalJobRunner Map Task Executor #0] mapred.MapTask: Starting flush of map output
2024-04-23T21:16:14,422  INFO [LocalJobRunner Map Task Executor #0] mapred.MapTask: Spilling map output
2024-04-23T21:16:14,422  INFO [LocalJobRunner Map Task Executor #0] mapred.MapTask: bufstart = 0; bufend = 166; bufvoid = 104857600
2024-04-23T21:16:14,422  INFO [LocalJobRunner Map Task Executor #0] mapred.MapTask: kvstart = 26214396(104857584); kvend = 26214396(104857584); length = 1/6553600
2024-04-23T21:16:14,430  INFO [LocalJobRunner Map Task Executor #0] mapred.MapTask: Finished spill 0
2024-04-23T21:16:14,433  INFO [LocalJobRunner Map Task Executor #0] mapred.Task: Task:attempt_local702995625_0052_m_000006_0 is done. And is in the process of committing
2024-04-23T21:16:14,434  INFO [LocalJobRunner Map Task Executor #0] mapred.LocalJobRunner: OrcSplit [file:/home/alex/Repositories/hive/ql/target/tmp/org.apache.hadoop.hive.ql.TestTxnNoBuckets-1713932056679/warehouse/t/000000_0_copy_1, start=0, length=241, isOriginal=true, fileLength=241, hasFooter=false, hasBase=true, deltas=0]
2024-04-23T21:16:14,434  INFO [LocalJobRunner Map Task Executor #0] mapred.Task: Task 'attempt_local702995625_0052_m_000006_0' done.
2024-04-23T21:16:14,434  INFO [LocalJobRunner Map Task Executor #0] mapred.Task: Final Counters for attempt_local702995625_0052_m_000006_0: Counters: 24
	File System Counters
		FILE: Number of bytes read=1268535
		FILE: Number of bytes written=61240100
		FILE: Number of read operations=0
		FILE: Number of large read operations=0
		FILE: Number of write operations=0
	Map-Reduce Framework
		Map input records=1
		Map output records=1
		Map output bytes=166
		Map output materialized bytes=175
		Input split bytes=459
		Combine input records=0
		Spilled Records=1
		Failed Shuffles=0
		Merged Map outputs=0
		GC time elapsed (ms)=0
		Total committed heap usage (bytes)=1189085184
	HIVE
		DESERIALIZE_ERRORS=0
		RECORDS_IN=1
		RECORDS_OUT_INTERMEDIATE=1
		RECORDS_OUT_OPERATOR_MAP_0=0
		RECORDS_OUT_OPERATOR_RS_2=1
		RECORDS_OUT_OPERATOR_SEL_1=1
		RECORDS_OUT_OPERATOR_TS_0=1
	File Input Format Counters 
		Bytes Read=6339
2024-04-23T21:16:14,434  INFO [LocalJobRunner Map Task Executor #0] mapred.LocalJobRunner: Finishing task: attempt_local702995625_0052_m_000006_0
2024-04-23T21:16:14,434  INFO [Thread-3365] mapred.LocalJobRunner: map task executor complete.
2024-04-23T21:16:14,435  INFO [Thread-3365] mapred.LocalJobRunner: Waiting for reduce tasks
2024-04-23T21:16:14,435  INFO [pool-225-thread-1] mapred.LocalJobRunner: Starting task: attempt_local702995625_0052_r_000000_0
2024-04-23T21:16:14,436  INFO [pool-225-thread-1] mapred.Task:  Using ResourceCalculatorProcessTree : [ ]
2024-04-23T21:16:14,436  INFO [pool-225-thread-1] mapred.ReduceTask: Using ShuffleConsumerPlugin: org.apache.hadoop.mapreduce.task.reduce.Shuffle@670d2379
2024-04-23T21:16:14,436  WARN [pool-225-thread-1] impl.MetricsSystemImpl: JobTracker metrics system already initialized!
2024-04-23T21:16:14,437  INFO [pool-225-thread-1] reduce.MergeManagerImpl: MergerManager: memoryLimit=1336252800, maxSingleShuffleLimit=334063200, mergeThreshold=881926912, ioSortFactor=10, memToMemMergeOutputsThreshold=10
2024-04-23T21:16:14,437  INFO [EventFetcher for fetching Map Completion Events] reduce.EventFetcher: attempt_local702995625_0052_r_000000_0 Thread started: EventFetcher for fetching Map Completion Events
2024-04-23T21:16:14,440  INFO [localfetcher#33] reduce.LocalFetcher: localfetcher#33 about to shuffle output of map attempt_local702995625_0052_m_000004_0 decomp: 326 len: 330 to MEMORY
2024-04-23T21:16:14,440  INFO [localfetcher#33] reduce.InMemoryMapOutput: Read 326 bytes from map-output for attempt_local702995625_0052_m_000004_0
2024-04-23T21:16:14,440  INFO [localfetcher#33] reduce.MergeManagerImpl: closeInMemoryFile -> map-output of size: 326, inMemoryMapOutputs.size() -> 1, commitMemory -> 0, usedMemory ->326
2024-04-23T21:16:14,443  INFO [localfetcher#33] reduce.LocalFetcher: localfetcher#33 about to shuffle output of map attempt_local702995625_0052_m_000002_0 decomp: 368 len: 372 to MEMORY
2024-04-23T21:16:14,443  INFO [localfetcher#33] reduce.InMemoryMapOutput: Read 368 bytes from map-output for attempt_local702995625_0052_m_000002_0
2024-04-23T21:16:14,443  INFO [localfetcher#33] reduce.MergeManagerImpl: closeInMemoryFile -> map-output of size: 368, inMemoryMapOutputs.size() -> 2, commitMemory -> 326, usedMemory ->694
2024-04-23T21:16:14,445  INFO [localfetcher#33] reduce.LocalFetcher: localfetcher#33 about to shuffle output of map attempt_local702995625_0052_m_000003_0 decomp: 164 len: 168 to MEMORY
2024-04-23T21:16:14,445  INFO [localfetcher#33] reduce.InMemoryMapOutput: Read 164 bytes from map-output for attempt_local702995625_0052_m_000003_0
2024-04-23T21:16:14,445  INFO [localfetcher#33] reduce.MergeManagerImpl: closeInMemoryFile -> map-output of size: 164, inMemoryMapOutputs.size() -> 3, commitMemory -> 694, usedMemory ->858
2024-04-23T21:16:14,448  INFO [localfetcher#33] reduce.LocalFetcher: localfetcher#33 about to shuffle output of map attempt_local702995625_0052_m_000001_0 decomp: 326 len: 330 to MEMORY
2024-04-23T21:16:14,448  INFO [localfetcher#33] reduce.InMemoryMapOutput: Read 326 bytes from map-output for attempt_local702995625_0052_m_000001_0
2024-04-23T21:16:14,448  INFO [localfetcher#33] reduce.MergeManagerImpl: closeInMemoryFile -> map-output of size: 326, inMemoryMapOutputs.size() -> 4, commitMemory -> 858, usedMemory ->1184
2024-04-23T21:16:14,451  INFO [localfetcher#33] reduce.LocalFetcher: localfetcher#33 about to shuffle output of map attempt_local702995625_0052_m_000006_0 decomp: 171 len: 175 to MEMORY
2024-04-23T21:16:14,451  INFO [localfetcher#33] reduce.InMemoryMapOutput: Read 171 bytes from map-output for attempt_local702995625_0052_m_000006_0
2024-04-23T21:16:14,451  INFO [localfetcher#33] reduce.MergeManagerImpl: closeInMemoryFile -> map-output of size: 171, inMemoryMapOutputs.size() -> 5, commitMemory -> 1184, usedMemory ->1355
2024-04-23T21:16:14,453  INFO [localfetcher#33] reduce.LocalFetcher: localfetcher#33 about to shuffle output of map attempt_local702995625_0052_m_000005_0 decomp: 185 len: 189 to MEMORY
2024-04-23T21:16:14,453  INFO [localfetcher#33] reduce.InMemoryMapOutput: Read 185 bytes from map-output for attempt_local702995625_0052_m_000005_0
2024-04-23T21:16:14,453  INFO [localfetcher#33] reduce.MergeManagerImpl: closeInMemoryFile -> map-output of size: 185, inMemoryMapOutputs.size() -> 6, commitMemory -> 1355, usedMemory ->1540
2024-04-23T21:16:14,460  INFO [localfetcher#33] reduce.LocalFetcher: localfetcher#33 about to shuffle output of map attempt_local702995625_0052_m_000000_0 decomp: 185 len: 189 to MEMORY
2024-04-23T21:16:14,460  INFO [localfetcher#33] reduce.InMemoryMapOutput: Read 185 bytes from map-output for attempt_local702995625_0052_m_000000_0
2024-04-23T21:16:14,460  INFO [localfetcher#33] reduce.MergeManagerImpl: closeInMemoryFile -> map-output of size: 185, inMemoryMapOutputs.size() -> 7, commitMemory -> 1540, usedMemory ->1725
2024-04-23T21:16:14,460  INFO [EventFetcher for fetching Map Completion Events] reduce.EventFetcher: EventFetcher is interrupted.. Returning
2024-04-23T21:16:14,461  INFO [pool-225-thread-1] mapred.LocalJobRunner: 7 / 7 copied.
2024-04-23T21:16:14,461  INFO [pool-225-thread-1] reduce.MergeManagerImpl: finalMerge called with 7 in-memory map-outputs and 0 on-disk map-outputs
2024-04-23T21:16:14,467  INFO [pool-225-thread-1] mapred.Merger: Merging 7 sorted segments
2024-04-23T21:16:14,467  INFO [pool-225-thread-1] mapred.Merger: Down to the last merge-pass, with 7 segments left of total size: 640 bytes
2024-04-23T21:16:14,470  INFO [pool-225-thread-1] reduce.MergeManagerImpl: Merged 7 segments, 1725 bytes to disk to satisfy reduce memory limit
2024-04-23T21:16:14,470  INFO [pool-225-thread-1] reduce.MergeManagerImpl: Merging 1 files, 1717 bytes from disk
2024-04-23T21:16:14,470  INFO [pool-225-thread-1] reduce.MergeManagerImpl: Merging 0 segments, 0 bytes from memory into reduce
2024-04-23T21:16:14,470  INFO [pool-225-thread-1] mapred.Merger: Merging 1 sorted segments
2024-04-23T21:16:14,470  INFO [pool-225-thread-1] mapred.Merger: Down to the last merge-pass, with 1 segments left of total size: 1568 bytes
2024-04-23T21:16:14,470  INFO [pool-225-thread-1] mapred.LocalJobRunner: 7 / 7 copied.
2024-04-23T21:16:14,471  INFO [pool-225-thread-1] exec.SerializationUtilities: Deserializing ReduceWork using kryo
2024-04-23T21:16:14,471  INFO [pool-225-thread-1] exec.Utilities: Deserialized plan (via FILE) - name: null size: 6,14KB
2024-04-23T21:16:14,472  INFO [pool-225-thread-1] ExecReducer: 
<SEL>Id =3
  <Children>
    <FS>Id =4
      <Children>
      <\Children>
      <Parent>Id = 3 null<\Parent>
    <\FS>
  <\Children>
  <Parent><\Parent>
<\SEL>
2024-04-23T21:16:14,472  INFO [pool-225-thread-1] exec.SelectOperator: Initializing Operator: SEL[3]
2024-04-23T21:16:14,472  INFO [pool-225-thread-1] exec.SelectOperator: SELECT struct<key:struct<reducesinkkey0:int,reducesinkkey1:int,reducesinkkey2:string>,value:struct<_col0:struct<writeid:bigint,bucketid:int,rowid:bigint>>>
2024-04-23T21:16:14,472  INFO [pool-225-thread-1] exec.FileSinkOperator: Initializing Operator: FS[4]
2024-04-23T21:16:14,473  INFO [pool-225-thread-1] exec.FileSinkOperator: Using serializer : class org.apache.hadoop.hive.serde2.lazy.LazySimpleSerDe [serdeParams=org.apache.hadoop.hive.serde2.lazy.LazySerDeParameters@45e32801, cachedObjectInspector=org.apache.hadoop.hive.serde2.lazy.objectinspector.LazySimpleStructObjectInspector<org.apache.hadoop.hive.serde2.lazy.objectinspector.LazySimpleStructObjectInspector<org.apache.hadoop.hive.serde2.lazy.objectinspector.primitive.LazyLongObjectInspector@18f919ce,org.apache.hadoop.hive.serde2.lazy.objectinspector.primitive.LazyIntObjectInspector@4dea763c,org.apache.hadoop.hive.serde2.lazy.objectinspector.primitive.LazyLongObjectInspector@18f919ce>,org.apache.hadoop.hive.serde2.lazy.objectinspector.primitive.LazyIntObjectInspector@4dea763c,org.apache.hadoop.hive.serde2.lazy.objectinspector.primitive.LazyIntObjectInspector@4dea763c,org.apache.hadoop.hive.serde2.lazy.objectinspector.primitive.LazyStringObjectInspector@41fdb59c>, serializedSize=0, stats=org.apache.hadoop.hive.serde2.SerDeStats@4c9688f5, lastOperationSerialize=false, lastOperationDeserialize=false [1, 2, 3, 4, 5, 6, 7, 8, 11, 14, 15, 16, 17, 18, 19, 20, 21, 22, 23, 24, 25, 26, 28, 29, 30, 31, -128, -127, -126, -125, -124, -123, -122, -121, -120, -119, -118, -117, -116, -115, -114, -113, -112, -111, -110, -109, -108, -107, -106, -105, -104, -103, -102, -101, -100, -99, -98, -97, -96, -95, -94, -93, -92, -91, -90, -89, -88, -87, -86, -85, -84, -83, -82, -81, -80, -79, -78, -77, -76, -75, -74, -73, -72, -71, -70, -69, -68, -67, -66, -65, -64, -63, -62, -61, -60, -59, -58, -57, -56, -55, -54, -53, -52, -51, -50, -49, -48, -47, -46, -45, -44, -43, -42, -41, -40, -39, -38, -37, -36, -35, -34, -33, -32, -31, -30, -29, -28, -27, -26, -25, -24, -23, -22, -21, -20, -19, -18, -17, -16, -15, -14, -13, -12, -11, -10, -9, -8, -7, -6, -5, -4, -3, -2, -1] : [_col0, _col1, _col2, _col3] : [struct<writeid:bigint,bucketid:int,rowid:bigint>, int, int, string]] and formatter : org.apache.hadoop.hive.ql.io.HiveSequenceFileOutputFormat@4b7b60ff
2024-04-23T21:16:14,474  INFO [pool-225-thread-1] exec.FileSinkOperator: Final Path: FS file:/home/alex/Repositories/hive/ql/target/tmp/localscratchdir/78357cd1-4678-4ed2-8a01-459d6a9a75f4/hive_2024-04-23_21-16-13_617_5836118002523868604-1/-mr-10001/.hive-staging_hive_2024-04-23_21-16-13_617_5836118002523868604-1/_tmp.-ext-10002/000000_0
2024-04-23T21:16:14,474  INFO [pool-225-thread-1] exec.FileSinkOperator: Writing to temp file: FS file:/home/alex/Repositories/hive/ql/target/tmp/localscratchdir/78357cd1-4678-4ed2-8a01-459d6a9a75f4/hive_2024-04-23_21-16-13_617_5836118002523868604-1/-mr-10001/.hive-staging_hive_2024-04-23_21-16-13_617_5836118002523868604-1/_task_tmp.-ext-10002/_tmp.000000_0
2024-04-23T21:16:14,474  INFO [pool-225-thread-1] exec.FileSinkOperator: New Final Path: FS file:/home/alex/Repositories/hive/ql/target/tmp/localscratchdir/78357cd1-4678-4ed2-8a01-459d6a9a75f4/hive_2024-04-23_21-16-13_617_5836118002523868604-1/-mr-10001/.hive-staging_hive_2024-04-23_21-16-13_617_5836118002523868604-1/_tmp.-ext-10002/000000_0
2024-04-23T21:16:14,481  INFO [pool-225-thread-1] exec.FileSinkOperator: FS[4]: records written - 1
2024-04-23T21:16:14,482  INFO [pool-225-thread-1] exec.FileSinkOperator: FS[4]: records written - 10
2024-04-23T21:16:14,482  INFO [pool-225-thread-1] exec.SelectOperator: Closing Operator: SEL[3]
2024-04-23T21:16:14,482  INFO [pool-225-thread-1] exec.SelectOperator: RECORDS_OUT_OPERATOR_SEL_3:10, RECORDS_OUT_INTERMEDIATE:0, 
2024-04-23T21:16:14,482  INFO [pool-225-thread-1] exec.FileSinkOperator: Closing Operator: FS[4]
2024-04-23T21:16:14,482  INFO [pool-225-thread-1] exec.FileSinkOperator: FS[4]: records written - 10
2024-04-23T21:16:14,482  INFO [pool-225-thread-1] exec.FileSinkOperator: RECORDS_OUT_INTERMEDIATE:0, RECORDS_OUT_0:10, RECORDS_OUT_OPERATOR_FS_4:10, 
2024-04-23T21:16:14,483  INFO [pool-225-thread-1] mapred.Task: Task:attempt_local702995625_0052_r_000000_0 is done. And is in the process of committing
2024-04-23T21:16:14,483  INFO [pool-225-thread-1] mapred.LocalJobRunner: reduce > reduce
2024-04-23T21:16:14,483  INFO [pool-225-thread-1] mapred.Task: Task 'attempt_local702995625_0052_r_000000_0' done.
2024-04-23T21:16:14,483  INFO [pool-225-thread-1] mapred.Task: Final Counters for attempt_local702995625_0052_r_000000_0: Counters: 29
	File System Counters
		FILE: Number of bytes read=1278424
		FILE: Number of bytes written=61243600
		FILE: Number of read operations=0
		FILE: Number of large read operations=0
		FILE: Number of write operations=0
	Map-Reduce Framework
		Combine input records=0
		Combine output records=0
		Reduce input groups=10
		Reduce shuffle bytes=1753
		Reduce input records=10
		Reduce output records=0
		Spilled Records=10
		Shuffled Maps =7
		Failed Shuffles=0
		Merged Map outputs=7
		GC time elapsed (ms)=0
		Total committed heap usage (bytes)=1189085184
	HIVE
		CREATED_FILES=1
		RECORDS_OUT_0=10
		RECORDS_OUT_INTERMEDIATE=0
		RECORDS_OUT_OPERATOR_FS_4=10
		RECORDS_OUT_OPERATOR_SEL_3=10
	Shuffle Errors
		BAD_ID=0
		CONNECTION=0
		IO_ERROR=0
		WRONG_LENGTH=0
		WRONG_MAP=0
		WRONG_REDUCE=0
	File Output Format Counters 
		Bytes Written=0
2024-04-23T21:16:14,483  INFO [pool-225-thread-1] mapred.LocalJobRunner: Finishing task: attempt_local702995625_0052_r_000000_0
2024-04-23T21:16:14,483  INFO [Thread-3365] mapred.LocalJobRunner: reduce task executor complete.
2024-04-23 21:16:15,069 Stage-1 map = 100%,  reduce = 100%
2024-04-23T21:16:15,069  INFO [main] exec.Task: 2024-04-23 21:16:15,069 Stage-1 map = 100%,  reduce = 100%
Ended Job = job_local702995625_0052
2024-04-23T21:16:15,070  INFO [main] exec.Task: Ended Job = job_local702995625_0052
2024-04-23T21:16:15,072  INFO [main] metadata.Hive: Dumping metastore api call timing information for : execution phase
2024-04-23T21:16:15,072  INFO [main] metadata.Hive: Total time spent in each metastore function (ms): {}
MapReduce Jobs Launched: 
2024-04-23T21:16:15,072  INFO [main] ql.Driver: MapReduce Jobs Launched: 
Stage-Stage-1:  HDFS Read: 0 HDFS Write: 0 SUCCESS
2024-04-23T21:16:15,072  INFO [main] ql.Driver: Stage-Stage-1:  HDFS Read: 0 HDFS Write: 0 SUCCESS
Total MapReduce CPU Time Spent: 0 msec
2024-04-23T21:16:15,072  INFO [main] ql.Driver: Total MapReduce CPU Time Spent: 0 msec
2024-04-23T21:16:15,072  INFO [main] ql.Driver: Completed executing command(queryId=alex_20240423211609_fa4e9f90-7cc1-473e-9b80-0c2e406f45a3); Time taken: 1.31 seconds
2024-04-23T21:16:15,072  INFO [main] lockmgr.DbTxnManager: Stopped heartbeat for query: alex_20240423211609_fa4e9f90-7cc1-473e-9b80-0c2e406f45a3
2024-04-23T21:16:15,076  INFO [main] txn.TxnHandler: Expected to move at least one record from txn_components to completed_txn_components when committing txn! txnid:22
2024-04-23T21:16:15,081  INFO [main] txn.TxnHandler: Removed transactions: ([22]) from MIN_HISTORY_LEVEL
2024-04-23T21:16:15,082  WARN [main] txn.CompactionTxnHandler: No compaction queue record found for Compaction type transaction commit. txnId:22
2024-04-23T21:16:15,086  INFO [main] mapred.FileInputFormat: Total input files to process : 1
2024-04-23T21:16:15,088  INFO [main] exec.ListSinkOperator: Closing Operator: LIST_SINK[5]
2024-04-23T21:16:15,088  INFO [main] exec.ListSinkOperator: RECORDS_OUT_INTERMEDIATE:0, RECORDS_OUT_OPERATOR_LIST_SINK_5:10, 
2024-04-23T21:16:15,088  WARN [main] ql.TestTxnNoBuckets: null: read data(after converting to acid (no compaction)): 
2024-04-23T21:16:15,088  INFO [main] ql.TestTxnNoBuckets: {"writeid":0,"bucketid":537001984,"rowid":0}	1	2	file:/home/alex/Repositories/hive/ql/target/tmp/org.apache.hadoop.hive.ql.TestTxnNoBuckets-1713932056679/warehouse/t/000002_0
{"writeid":0,"bucketid":537001984,"rowid":1}	2	4	file:/home/alex/Repositories/hive/ql/target/tmp/org.apache.hadoop.hive.ql.TestTxnNoBuckets-1713932056679/warehouse/t/000002_0
{"writeid":0,"bucketid":536870912,"rowid":0}	5	6	file:/home/alex/Repositories/hive/ql/target/tmp/org.apache.hadoop.hive.ql.TestTxnNoBuckets-1713932056679/warehouse/t/000000_0
{"writeid":0,"bucketid":536936448,"rowid":0}	6	8	file:/home/alex/Repositories/hive/ql/target/tmp/org.apache.hadoop.hive.ql.TestTxnNoBuckets-1713932056679/warehouse/t/000001_0
{"writeid":0,"bucketid":536870912,"rowid":1}	9	10	file:/home/alex/Repositories/hive/ql/target/tmp/org.apache.hadoop.hive.ql.TestTxnNoBuckets-1713932056679/warehouse/t/000000_0
{"writeid":0,"bucketid":536870912,"rowid":3}	10	20	file:/home/alex/Repositories/hive/ql/target/tmp/org.apache.hadoop.hive.ql.TestTxnNoBuckets-1713932056679/warehouse/t/HIVE_UNION_SUBDIR_15/000000_0
{"writeid":0,"bucketid":536870912,"rowid":2}	12	12	file:/home/alex/Repositories/hive/ql/target/tmp/org.apache.hadoop.hive.ql.TestTxnNoBuckets-1713932056679/warehouse/t/000000_0_copy_1
{"writeid":0,"bucketid":536870912,"rowid":4}	20	40	file:/home/alex/Repositories/hive/ql/target/tmp/org.apache.hadoop.hive.ql.TestTxnNoBuckets-1713932056679/warehouse/t/HIVE_UNION_SUBDIR_15/000000_0
{"writeid":0,"bucketid":536870912,"rowid":5}	50	60	file:/home/alex/Repositories/hive/ql/target/tmp/org.apache.hadoop.hive.ql.TestTxnNoBuckets-1713932056679/warehouse/t/HIVE_UNION_SUBDIR_16/000000_0
{"writeid":0,"bucketid":536936448,"rowid":1}	60	80	file:/home/alex/Repositories/hive/ql/target/tmp/org.apache.hadoop.hive.ql.TestTxnNoBuckets-1713932056679/warehouse/t/HIVE_UNION_SUBDIR_16/000001_0

2024-04-23T21:16:15,088  INFO [main] ql.TxnCommandsBaseForTests: Running the query: EXPLAIN VECTORIZATION DETAIL update T set b = 88 where b = 80
2024-04-23T21:16:15,088  INFO [main] ql.Context: Deleting scratch dir: file:/home/alex/Repositories/hive/ql/target/tmp/localscratchdir/78357cd1-4678-4ed2-8a01-459d6a9a75f4/hive_2024-04-23_21-16-13_617_5836118002523868604-1
2024-04-23T21:16:15,089  INFO [main] cleanup.SyncCleanupService: Deleted directory: file:/home/alex/Repositories/hive/ql/target/tmp/localscratchdir/78357cd1-4678-4ed2-8a01-459d6a9a75f4/hive_2024-04-23_21-16-13_617_5836118002523868604-1 on fs with scheme file
2024-04-23T21:16:15,089  INFO [main] ql.Driver: Compiling command(queryId=alex_20240423211609_fa4e9f90-7cc1-473e-9b80-0c2e406f45a3): EXPLAIN VECTORIZATION DETAIL update T set b = 88 where b = 80
2024-04-23T21:16:15,093  INFO [main] txn.TxnHandler: Added entries to MIN_HISTORY_LEVEL for current txns: ([23]) with min_open_txn: 23
2024-04-23T21:16:15,093  INFO [main] lockmgr.DbTxnManager: Opened txnid:23
2024-04-23T21:16:15,094  INFO [main] HiveMetaStore.audit: ugi=alex	ip=unknown-ip-addr	cmd=get_table : tbl=hive.default.T	
2024-04-23T21:16:15,101  INFO [main] metastore.HMSHandler: Skipping translation for processor with null
2024-04-23T21:16:15,101  INFO [main] parse.RewriteSemanticAnalyzer: Going to reparse <EXPLAIN VECTORIZATION DETAIL update T set b = 88 where b = 80> as 
<insert into table `default`.`T` select ROW__ID,`a`,`b` from `default`.`T` sort by ROW__ID >
2024-04-23T21:16:15,102  INFO [main] parse.UpdateDeleteSemanticAnalyzer: Starting Semantic Analysis
2024-04-23T21:16:15,105  INFO [main] HiveMetaStore.audit: ugi=alex	ip=unknown-ip-addr	cmd=get_table : tbl=hive.default.T	
2024-04-23T21:16:15,112  INFO [main] metastore.HMSHandler: Skipping translation for processor with null
2024-04-23T21:16:15,113  INFO [main] parse.UpdateDeleteSemanticAnalyzer: Completed phase 1 of Semantic Analysis
2024-04-23T21:16:15,113  INFO [main] parse.UpdateDeleteSemanticAnalyzer: Get metadata for source tables
2024-04-23T21:16:15,113  INFO [main] HiveMetaStore.audit: ugi=alex	ip=unknown-ip-addr	cmd=get_table : tbl=hive.default.t	
2024-04-23T21:16:15,123  INFO [main] metastore.HMSHandler: Skipping translation for processor with null
2024-04-23T21:16:15,123  INFO [main] parse.UpdateDeleteSemanticAnalyzer: Get metadata for subqueries
2024-04-23T21:16:15,123  INFO [main] parse.UpdateDeleteSemanticAnalyzer: Get metadata for destination tables
2024-04-23T21:16:15,123  INFO [main] HiveMetaStore.audit: ugi=alex	ip=unknown-ip-addr	cmd=get_table : tbl=hive.default.T	
2024-04-23T21:16:15,134  INFO [main] metastore.HMSHandler: Skipping translation for processor with null
2024-04-23T21:16:15,134  INFO [main] parse.UpdateDeleteSemanticAnalyzer: Completed getting MetaData in Semantic Analysis
2024-04-23T21:16:15,134  INFO [main] parse.UpdateDeleteSemanticAnalyzer: Disabling LLAP IO encode as ETL query is detected
2024-04-23T21:16:15,149  INFO [main] HiveMetaStore.audit: ugi=alex	ip=unknown-ip-addr	cmd=get_all_table_constraints : tbl=hive.default.t	
2024-04-23T21:16:15,157  INFO [main] HiveMetaStore.audit: ugi=alex	ip=unknown-ip-addr	cmd=get_not_null_constraints : tbl=hive.default.t	
2024-04-23T21:16:15,158  INFO [main] HiveMetaStore.audit: ugi=alex	ip=unknown-ip-addr	cmd=get_check_constraints : tbl=hive.default.t	
2024-04-23T21:16:15,182  INFO [main] calcite.RelOptHiveTable: Calculating column statistics for default.t, projIndxSet: [0, 1], allowMissingStats: true
2024-04-23T21:16:15,183  INFO [main] HiveMetaStore.audit: ugi=alex	ip=unknown-ip-addr	cmd=get_table_statistics_req: table=hive.default.t	
2024-04-23T21:16:15,193  WARN [main] calcite.RelOptHiveTable: No Stats for default@t, Columns: a, b
No Stats for default@t, Columns: a, b
2024-04-23T21:16:15,193  INFO [main] SessionState: No Stats for default@t, Columns: a, b
2024-04-23T21:16:15,261  INFO [main] parse.UpdateDeleteSemanticAnalyzer: Get metadata for source tables
2024-04-23T21:16:15,261  INFO [main] parse.UpdateDeleteSemanticAnalyzer: Get metadata for subqueries
2024-04-23T21:16:15,261  INFO [main] parse.UpdateDeleteSemanticAnalyzer: Get metadata for destination tables
2024-04-23T21:16:15,261  INFO [main] HiveMetaStore.audit: ugi=alex	ip=unknown-ip-addr	cmd=get_table : tbl=hive.default.T	
2024-04-23T21:16:15,269  INFO [main] metastore.HMSHandler: Skipping translation for processor with null
2024-04-23T21:16:15,273  INFO [main] parse.UpdateDeleteSemanticAnalyzer: CBO Succeeded; optimized logical plan.
2024-04-23T21:16:15,277  INFO [main] optimizer.ColumnPrunerProcFactory: RS 5 oldColExprMap: {VALUE._col0=Column[_col0], VALUE._col2=Column[_col2], VALUE._col1=Column[_col1]}
2024-04-23T21:16:15,277  INFO [main] optimizer.ColumnPrunerProcFactory: RS 5 newColExprMap: {VALUE._col0=Column[_col0], VALUE._col2=Column[_col2], VALUE._col1=Column[_col1]}
2024-04-23T21:16:15,278  INFO [main] optimizer.ColumnPrunerProcFactory: RS 3 oldColExprMap: {KEY.reducesinkkey0=Column[_col0], VALUE._col0=Column[_col1]}
2024-04-23T21:16:15,278  INFO [main] optimizer.ColumnPrunerProcFactory: RS 3 newColExprMap: {VALUE._col0=Column[_col1], KEY.reducesinkkey0=Column[_col0]}
2024-04-23T21:16:15,278  INFO [main] optimizer.ColumnPrunerProcFactory: RS 3 oldColExprMap: {VALUE._col0=Column[_col1], KEY.reducesinkkey0=Column[_col0]}
2024-04-23T21:16:15,278  INFO [main] optimizer.ColumnPrunerProcFactory: RS 3 newColExprMap: {KEY.reducesinkkey0=Column[_col0], VALUE._col0=Column[_col1]}
2024-04-23T21:16:15,280  INFO [main] optimizer.BucketVersionPopulator: not considering bucketingVersion for: TS[0] because it has -1<2 buckets 
2024-04-23T21:16:15,300  INFO [main] optimizer.SortedDynPartitionOptimizer: Sorted dynamic partitioning optimization kicked in..
2024-04-23T21:16:15,310  INFO [main] HiveMetaStore.audit: ugi=alex	ip=unknown-ip-addr	cmd=get_table : tbl=hive.default.t	
2024-04-23T21:16:15,318  INFO [main] metastore.HMSHandler: Skipping translation for processor with null
2024-04-23T21:16:15,318  INFO [main] parse.UpdateDeleteSemanticAnalyzer: Completed plan generation
2024-04-23T21:16:15,324  INFO [main] ql.Driver: Semantic Analysis Completed (retrial = false)
2024-04-23T21:16:15,325  INFO [main] ql.Driver: Created Hive schema: Schema(fieldSchemas:[FieldSchema(name:Explain, type:string, comment:null)], properties:null)
2024-04-23T21:16:15,325  INFO [main] metadata.Hive: Dumping metastore api call timing information for : compilation phase
2024-04-23T21:16:15,325  INFO [main] metadata.Hive: Total time spent in each metastore function (ms): {flushCache_()=0, commitTxn_(CommitTxnRequest)=9, openTxn_(String, TxnType)=2, getAllTableConstraints_(AllTableConstraintsRequest)=6, getTableColumnStatistics_(String, String, List, String)=10, getCheckConstraints_(CheckConstraintsRequest)=1, isCompatibleWith_(Configuration)=1, getTable_(GetTableRequest)=53, getValidWriteIds_(List, String)=4, getNotNullConstraints_(NotNullConstraintsRequest)=2, getValidTxns_(long)=0}
2024-04-23T21:16:15,325  INFO [main] ql.Driver: Completed compiling command(queryId=alex_20240423211609_fa4e9f90-7cc1-473e-9b80-0c2e406f45a3); Time taken: 0.236 seconds
2024-04-23T21:16:15,326  INFO [main] ql.Driver: Executing command(queryId=alex_20240423211609_fa4e9f90-7cc1-473e-9b80-0c2e406f45a3): EXPLAIN VECTORIZATION DETAIL update T set b = 88 where b = 80
2024-04-23T21:16:15,326  INFO [main] ql.Driver: Starting task [Stage-3:EXPLAIN] in serial mode
2024-04-23T21:16:15,354  INFO [main] metadata.Hive: Dumping metastore api call timing information for : execution phase
2024-04-23T21:16:15,355  INFO [main] metadata.Hive: Total time spent in each metastore function (ms): {}
2024-04-23T21:16:15,355  INFO [main] ql.Driver: Completed executing command(queryId=alex_20240423211609_fa4e9f90-7cc1-473e-9b80-0c2e406f45a3); Time taken: 0.028 seconds
2024-04-23T21:16:15,355  INFO [main] lockmgr.DbTxnManager: Stopped heartbeat for query: alex_20240423211609_fa4e9f90-7cc1-473e-9b80-0c2e406f45a3
2024-04-23T21:16:15,360  INFO [main] txn.TxnHandler: Expected to move at least one record from txn_components to completed_txn_components when committing txn! txnid:23
2024-04-23T21:16:15,366  INFO [main] txn.TxnHandler: Removed transactions: ([23]) from MIN_HISTORY_LEVEL
2024-04-23T21:16:15,367  WARN [main] txn.CompactionTxnHandler: No compaction queue record found for Compaction type transaction commit. txnId:23
2024-04-23T21:16:15,368  INFO [main] ql.TxnCommandsBaseForTests: Running the query: update T set b = 88 where b = 80
2024-04-23T21:16:15,368  INFO [main] ql.Context: Deleting scratch dir: file:/home/alex/Repositories/hive/ql/target/tmp/localscratchdir/78357cd1-4678-4ed2-8a01-459d6a9a75f4/hive_2024-04-23_21-16-15_101_2382892366037582834-1
2024-04-23T21:16:15,368  INFO [main] ql.Context: Deleting scratch dir: file:/home/alex/Repositories/hive/ql/target/tmp/localscratchdir/78357cd1-4678-4ed2-8a01-459d6a9a75f4/hive_2024-04-23_21-16-15_089_1092722547949753397-1
2024-04-23T21:16:15,369  INFO [main] cleanup.SyncCleanupService: Deleted directory: file:/home/alex/Repositories/hive/ql/target/tmp/localscratchdir/78357cd1-4678-4ed2-8a01-459d6a9a75f4/hive_2024-04-23_21-16-15_089_1092722547949753397-1 on fs with scheme file
2024-04-23T21:16:15,369  INFO [main] ql.Driver: Compiling command(queryId=alex_20240423211609_fa4e9f90-7cc1-473e-9b80-0c2e406f45a3): update T set b = 88 where b = 80
2024-04-23T21:16:15,372  INFO [main] txn.TxnHandler: Added entries to MIN_HISTORY_LEVEL for current txns: ([24]) with min_open_txn: 23
2024-04-23T21:16:15,372  INFO [main] lockmgr.DbTxnManager: Opened txnid:24
2024-04-23T21:16:15,373  INFO [main] parse.UpdateDeleteSemanticAnalyzer: Starting caching scope for: alex_20240423211609_fa4e9f90-7cc1-473e-9b80-0c2e406f45a3
2024-04-23T21:16:15,373  INFO [main] HiveMetaStore.audit: ugi=alex	ip=unknown-ip-addr	cmd=get_table : tbl=hive.default.T	
2024-04-23T21:16:15,380  INFO [main] metastore.HMSHandler: Skipping translation for processor with null
2024-04-23T21:16:15,380  INFO [main] parse.RewriteSemanticAnalyzer: Going to reparse <update T set b = 88 where b = 80> as 
<insert into table `default`.`T` select ROW__ID,`a`,`b` from `default`.`T` sort by ROW__ID >
2024-04-23T21:16:15,381  INFO [main] parse.UpdateDeleteSemanticAnalyzer: Starting Semantic Analysis
2024-04-23T21:16:15,385  INFO [main] HiveMetaStore.audit: ugi=alex	ip=unknown-ip-addr	cmd=get_table : tbl=hive.default.T	
2024-04-23T21:16:15,393  INFO [main] metastore.HMSHandler: Skipping translation for processor with null
2024-04-23T21:16:15,393  INFO [main] parse.UpdateDeleteSemanticAnalyzer: Completed phase 1 of Semantic Analysis
2024-04-23T21:16:15,393  INFO [main] parse.UpdateDeleteSemanticAnalyzer: Get metadata for source tables
2024-04-23T21:16:15,393  INFO [main] HiveMetaStore.audit: ugi=alex	ip=unknown-ip-addr	cmd=get_table : tbl=hive.default.t	
2024-04-23T21:16:15,401  INFO [main] metastore.HMSHandler: Skipping translation for processor with null
2024-04-23T21:16:15,401  INFO [main] parse.UpdateDeleteSemanticAnalyzer: Get metadata for subqueries
2024-04-23T21:16:15,401  INFO [main] parse.UpdateDeleteSemanticAnalyzer: Get metadata for destination tables
2024-04-23T21:16:15,401  INFO [main] parse.UpdateDeleteSemanticAnalyzer: Completed getting MetaData in Semantic Analysis
2024-04-23T21:16:15,401  INFO [main] parse.UpdateDeleteSemanticAnalyzer: Disabling LLAP IO encode as ETL query is detected
2024-04-23T21:16:15,414  INFO [main] HiveMetaStore.audit: ugi=alex	ip=unknown-ip-addr	cmd=get_all_table_constraints : tbl=hive.default.t	
2024-04-23T21:16:15,422  INFO [main] HiveMetaStore.audit: ugi=alex	ip=unknown-ip-addr	cmd=get_not_null_constraints : tbl=hive.default.t	
2024-04-23T21:16:15,424  INFO [main] HiveMetaStore.audit: ugi=alex	ip=unknown-ip-addr	cmd=get_check_constraints : tbl=hive.default.t	
2024-04-23T21:16:15,452  INFO [main] calcite.RelOptHiveTable: Calculating column statistics for default.t, projIndxSet: [0, 1], allowMissingStats: true
2024-04-23T21:16:15,453  INFO [main] HiveMetaStore.audit: ugi=alex	ip=unknown-ip-addr	cmd=get_table_statistics_req: table=hive.default.t	
2024-04-23T21:16:15,464  WARN [main] calcite.RelOptHiveTable: No Stats for default@t, Columns: b, a
No Stats for default@t, Columns: b, a
2024-04-23T21:16:15,464  INFO [main] SessionState: No Stats for default@t, Columns: b, a
2024-04-23T21:16:15,544  INFO [main] parse.UpdateDeleteSemanticAnalyzer: Get metadata for source tables
2024-04-23T21:16:15,544  INFO [main] parse.UpdateDeleteSemanticAnalyzer: Get metadata for subqueries
2024-04-23T21:16:15,544  INFO [main] parse.UpdateDeleteSemanticAnalyzer: Get metadata for destination tables
2024-04-23T21:16:15,547 ERROR [main] parse.UpdateDeleteSemanticAnalyzer: CBO failed, skipping CBO. 
org.apache.hadoop.hive.ql.exec.NoMatchingMethodException: No matching method for class org.apache.hadoop.hive.ql.udf.UDFToInteger with (struct<writeid:bigint,bucketid:int,rowid:bigint>). Possible choices: _FUNC_(bigint)  _FUNC_(boolean)  _FUNC_(decimal(38,18))  _FUNC_(double)  _FUNC_(float)  _FUNC_(smallint)  _FUNC_(string)  _FUNC_(struct<bucketid:bigint,writeid:int,rowid:bigint>)  _FUNC_(timestamp)  _FUNC_(tinyint)  _FUNC_(void)  
	at org.apache.hadoop.hive.ql.exec.MethodUtils.getMethodInternal(MethodUtils.java:130) ~[classes/:?]
	at org.apache.hadoop.hive.ql.exec.MethodUtils.getMethodInternal(MethodUtils.java:60) ~[classes/:?]
	at org.apache.hadoop.hive.ql.exec.DefaultUDFMethodResolver.getEvalMethod(DefaultUDFMethodResolver.java:59) ~[classes/:?]
	at org.apache.hadoop.hive.ql.udf.TimestampCastRestrictorResolver.getEvalMethod(TimestampCastRestrictorResolver.java:68) ~[classes/:?]
	at org.apache.hadoop.hive.ql.udf.generic.GenericUDFBridge.initialize(GenericUDFBridge.java:168) ~[classes/:?]
	at org.apache.hadoop.hive.ql.udf.generic.GenericUDF.initializeAndFoldConstants(GenericUDF.java:149) ~[classes/:?]
	at org.apache.hadoop.hive.ql.plan.ExprNodeGenericFuncDesc.newInstance(ExprNodeGenericFuncDesc.java:235) ~[classes/:?]
	at org.apache.hadoop.hive.ql.parse.type.ExprNodeDescExprFactory.createFuncCallExpr(ExprNodeDescExprFactory.java:584) ~[classes/:?]
	at org.apache.hadoop.hive.ql.parse.type.ExprNodeDescExprFactory.createFuncCallExpr(ExprNodeDescExprFactory.java:97) ~[classes/:?]
	at org.apache.hadoop.hive.ql.parse.type.TypeCheckProcFactory$DefaultExprProcessor.getFuncExprNodeDescWithUdfData(TypeCheckProcFactory.java:762) ~[classes/:?]
	at org.apache.hadoop.hive.ql.parse.type.TypeCheckProcFactory$DefaultExprProcessor.createConversionCast(TypeCheckProcFactory.java:783) ~[classes/:?]
	at org.apache.hadoop.hive.ql.parse.SemanticAnalyzer.getPartitionColsFromBucketColsForUpdateDelete(SemanticAnalyzer.java:8725) ~[classes/:?]
	at org.apache.hadoop.hive.ql.parse.SemanticAnalyzer.genBucketingSortingDest(SemanticAnalyzer.java:6914) ~[classes/:?]
	at org.apache.hadoop.hive.ql.parse.SemanticAnalyzer.genFileSinkPlan(SemanticAnalyzer.java:7335) ~[classes/:?]
	at org.apache.hadoop.hive.ql.parse.SemanticAnalyzer.genPostGroupByBodyPlan(SemanticAnalyzer.java:11063) ~[classes/:?]
	at org.apache.hadoop.hive.ql.parse.SemanticAnalyzer.genBodyPlan(SemanticAnalyzer.java:10938) ~[classes/:?]
	at org.apache.hadoop.hive.ql.parse.SemanticAnalyzer.genPlan(SemanticAnalyzer.java:11853) ~[classes/:?]
	at org.apache.hadoop.hive.ql.parse.SemanticAnalyzer.genPlan(SemanticAnalyzer.java:11723) ~[classes/:?]
	at org.apache.hadoop.hive.ql.parse.CalcitePlanner.genOPTree(CalcitePlanner.java:626) ~[classes/:?]
	at org.apache.hadoop.hive.ql.parse.SemanticAnalyzer.analyzeInternal(SemanticAnalyzer.java:12558) ~[classes/:?]
	at org.apache.hadoop.hive.ql.parse.CalcitePlanner.analyzeInternal(CalcitePlanner.java:456) ~[classes/:?]
	at org.apache.hadoop.hive.ql.parse.RewriteSemanticAnalyzer.analyzeInternal(RewriteSemanticAnalyzer.java:67) ~[classes/:?]
	at org.apache.hadoop.hive.ql.parse.BaseSemanticAnalyzer.analyze(BaseSemanticAnalyzer.java:317) ~[classes/:?]
	at org.apache.hadoop.hive.ql.parse.UpdateDeleteSemanticAnalyzer.reparseAndSuperAnalyze(UpdateDeleteSemanticAnalyzer.java:208) ~[classes/:?]
	at org.apache.hadoop.hive.ql.parse.UpdateDeleteSemanticAnalyzer.analyzeUpdate(UpdateDeleteSemanticAnalyzer.java:63) ~[classes/:?]
	at org.apache.hadoop.hive.ql.parse.UpdateDeleteSemanticAnalyzer.analyze(UpdateDeleteSemanticAnalyzer.java:53) ~[classes/:?]
	at org.apache.hadoop.hive.ql.parse.RewriteSemanticAnalyzer.analyzeInternal(RewriteSemanticAnalyzer.java:72) ~[classes/:?]
	at org.apache.hadoop.hive.ql.parse.BaseSemanticAnalyzer.analyze(BaseSemanticAnalyzer.java:317) ~[classes/:?]
	at org.apache.hadoop.hive.ql.Compiler.analyze(Compiler.java:223) ~[classes/:?]
	at org.apache.hadoop.hive.ql.Compiler.compile(Compiler.java:105) ~[classes/:?]
	at org.apache.hadoop.hive.ql.Driver.compile(Driver.java:500) ~[classes/:?]
	at org.apache.hadoop.hive.ql.Driver.compileInternal(Driver.java:453) ~[classes/:?]
	at org.apache.hadoop.hive.ql.Driver.runInternal(Driver.java:181) ~[classes/:?]
	at org.apache.hadoop.hive.ql.Driver.run(Driver.java:153) ~[classes/:?]
	at org.apache.hadoop.hive.ql.Driver.run(Driver.java:140) ~[classes/:?]
	at org.apache.hadoop.hive.ql.TxnCommandsBaseForTests.runStatementOnDriver(TxnCommandsBaseForTests.java:245) ~[test-classes/:?]
	at org.apache.hadoop.hive.ql.TestTxnNoBuckets.testToAcidConversionMultiBucket(TestTxnNoBuckets.java:455) ~[test-classes/:?]
	at sun.reflect.NativeMethodAccessorImpl.invoke0(Native Method) ~[?:1.8.0_402]
	at sun.reflect.NativeMethodAccessorImpl.invoke(NativeMethodAccessorImpl.java:62) ~[?:1.8.0_402]
	at sun.reflect.DelegatingMethodAccessorImpl.invoke(DelegatingMethodAccessorImpl.java:43) ~[?:1.8.0_402]
	at java.lang.reflect.Method.invoke(Method.java:498) ~[?:1.8.0_402]
	at org.junit.runners.model.FrameworkMethod$1.runReflectiveCall(FrameworkMethod.java:59) ~[junit-4.13.jar:4.13]
	at org.junit.internal.runners.model.ReflectiveCallable.run(ReflectiveCallable.java:12) ~[junit-4.13.jar:4.13]
	at org.junit.runners.model.FrameworkMethod.invokeExplosively(FrameworkMethod.java:56) ~[junit-4.13.jar:4.13]
	at org.junit.internal.runners.statements.InvokeMethod.evaluate(InvokeMethod.java:17) ~[junit-4.13.jar:4.13]
	at org.junit.internal.runners.statements.RunBefores.evaluate(RunBefores.java:26) ~[junit-4.13.jar:4.13]
	at org.junit.internal.runners.statements.RunAfters.evaluate(RunAfters.java:27) ~[junit-4.13.jar:4.13]
	at org.junit.rules.TestWatcher$1.evaluate(TestWatcher.java:61) ~[junit-4.13.jar:4.13]
	at org.junit.runners.ParentRunner$3.evaluate(ParentRunner.java:306) ~[junit-4.13.jar:4.13]
	at org.junit.runners.BlockJUnit4ClassRunner$1.evaluate(BlockJUnit4ClassRunner.java:100) ~[junit-4.13.jar:4.13]
	at org.junit.runners.ParentRunner.runLeaf(ParentRunner.java:366) ~[junit-4.13.jar:4.13]
	at org.junit.runners.BlockJUnit4ClassRunner.runChild(BlockJUnit4ClassRunner.java:103) ~[junit-4.13.jar:4.13]
	at org.junit.runners.BlockJUnit4ClassRunner.runChild(BlockJUnit4ClassRunner.java:63) ~[junit-4.13.jar:4.13]
	at org.junit.runners.ParentRunner$4.run(ParentRunner.java:331) ~[junit-4.13.jar:4.13]
	at org.junit.runners.ParentRunner$1.schedule(ParentRunner.java:79) ~[junit-4.13.jar:4.13]
	at org.junit.runners.ParentRunner.runChildren(ParentRunner.java:329) ~[junit-4.13.jar:4.13]
	at org.junit.runners.ParentRunner.access$100(ParentRunner.java:66) ~[junit-4.13.jar:4.13]
	at org.junit.runners.ParentRunner$2.evaluate(ParentRunner.java:293) ~[junit-4.13.jar:4.13]
	at org.junit.runners.ParentRunner$3.evaluate(ParentRunner.java:306) ~[junit-4.13.jar:4.13]
	at org.junit.runners.ParentRunner.run(ParentRunner.java:413) ~[junit-4.13.jar:4.13]
	at org.junit.runner.JUnitCore.run(JUnitCore.java:137) ~[junit-4.13.jar:4.13]
	at org.junit.runner.JUnitCore.run(JUnitCore.java:115) ~[junit-4.13.jar:4.13]
	at org.junit.vintage.engine.execution.RunnerExecutor.execute(RunnerExecutor.java:43) ~[junit-vintage-engine-5.6.2.jar:5.6.2]
	at java.util.stream.ForEachOps$ForEachOp$OfRef.accept(ForEachOps.java:183) ~[?:1.8.0_402]
	at java.util.stream.ReferencePipeline$3$1.accept(ReferencePipeline.java:193) ~[?:1.8.0_402]
	at java.util.Iterator.forEachRemaining(Iterator.java:116) ~[?:1.8.0_402]
	at java.util.Spliterators$IteratorSpliterator.forEachRemaining(Spliterators.java:1801) ~[?:1.8.0_402]
	at java.util.stream.AbstractPipeline.copyInto(AbstractPipeline.java:482) ~[?:1.8.0_402]
	at java.util.stream.AbstractPipeline.wrapAndCopyInto(AbstractPipeline.java:472) ~[?:1.8.0_402]
	at java.util.stream.ForEachOps$ForEachOp.evaluateSequential(ForEachOps.java:150) ~[?:1.8.0_402]
	at java.util.stream.ForEachOps$ForEachOp$OfRef.evaluateSequential(ForEachOps.java:173) ~[?:1.8.0_402]
	at java.util.stream.AbstractPipeline.evaluate(AbstractPipeline.java:234) ~[?:1.8.0_402]
	at java.util.stream.ReferencePipeline.forEach(ReferencePipeline.java:485) ~[?:1.8.0_402]
	at org.junit.vintage.engine.VintageTestEngine.executeAllChildren(VintageTestEngine.java:82) ~[junit-vintage-engine-5.6.2.jar:5.6.2]
	at org.junit.vintage.engine.VintageTestEngine.execute(VintageTestEngine.java:73) ~[junit-vintage-engine-5.6.2.jar:5.6.2]
	at org.junit.platform.launcher.core.DefaultLauncher.execute(DefaultLauncher.java:248) ~[junit-platform-launcher-1.6.2.jar:1.6.2]
	at org.junit.platform.launcher.core.DefaultLauncher.lambda$execute$5(DefaultLauncher.java:211) ~[junit-platform-launcher-1.6.2.jar:1.6.2]
	at org.junit.platform.launcher.core.DefaultLauncher.withInterceptedStreams(DefaultLauncher.java:226) [junit-platform-launcher-1.6.2.jar:1.6.2]
	at org.junit.platform.launcher.core.DefaultLauncher.execute(DefaultLauncher.java:199) [junit-platform-launcher-1.6.2.jar:1.6.2]
	at org.junit.platform.launcher.core.DefaultLauncher.execute(DefaultLauncher.java:132) [junit-platform-launcher-1.6.2.jar:1.6.2]
	at org.apache.maven.surefire.junitplatform.JUnitPlatformProvider.invokeAllTests(JUnitPlatformProvider.java:154) [surefire-junit-platform-3.0.0-M4.jar:3.0.0-M4]
	at org.apache.maven.surefire.junitplatform.JUnitPlatformProvider.invoke(JUnitPlatformProvider.java:123) [surefire-junit-platform-3.0.0-M4.jar:3.0.0-M4]
	at org.apache.maven.surefire.booter.ForkedBooter.runSuitesInProcess(ForkedBooter.java:377) [surefire-booter-3.0.0-M4.jar:3.0.0-M4]
	at org.apache.maven.surefire.booter.ForkedBooter.execute(ForkedBooter.java:138) [surefire-booter-3.0.0-M4.jar:3.0.0-M4]
	at org.apache.maven.surefire.booter.ForkedBooter.run(ForkedBooter.java:465) [surefire-booter-3.0.0-M4.jar:3.0.0-M4]
	at org.apache.maven.surefire.booter.ForkedBooter.main(ForkedBooter.java:451) [surefire-booter-3.0.0-M4.jar:3.0.0-M4]
2024-04-23T21:16:15,548 ERROR [main] parse.UpdateDeleteSemanticAnalyzer: CBO failed due to missing column stats (see previous errors), skipping CBO
2024-04-23T21:16:15,548  INFO [main] parse.UpdateDeleteSemanticAnalyzer: Ending caching scope for: alex_20240423211609_fa4e9f90-7cc1-473e-9b80-0c2e406f45a3
FAILED: NoMatchingMethodException No matching method for class org.apache.hadoop.hive.ql.udf.UDFToInteger with (struct<writeid:bigint,bucketid:int,rowid:bigint>). Possible choices: _FUNC_(bigint)  _FUNC_(boolean)  _FUNC_(decimal(38,18))  _FUNC_(double)  _FUNC_(float)  _FUNC_(smallint)  _FUNC_(string)  _FUNC_(struct<bucketid:bigint,writeid:int,rowid:bigint>)  _FUNC_(timestamp)  _FUNC_(tinyint)  _FUNC_(void)  
2024-04-23T21:16:15,548 ERROR [main] ql.Driver: FAILED: NoMatchingMethodException No matching method for class org.apache.hadoop.hive.ql.udf.UDFToInteger with (struct<writeid:bigint,bucketid:int,rowid:bigint>). Possible choices: _FUNC_(bigint)  _FUNC_(boolean)  _FUNC_(decimal(38,18))  _FUNC_(double)  _FUNC_(float)  _FUNC_(smallint)  _FUNC_(string)  _FUNC_(struct<bucketid:bigint,writeid:int,rowid:bigint>)  _FUNC_(timestamp)  _FUNC_(tinyint)  _FUNC_(void)  
org.apache.hadoop.hive.ql.exec.NoMatchingMethodException: No matching method for class org.apache.hadoop.hive.ql.udf.UDFToInteger with (struct<writeid:bigint,bucketid:int,rowid:bigint>). Possible choices: _FUNC_(bigint)  _FUNC_(boolean)  _FUNC_(decimal(38,18))  _FUNC_(double)  _FUNC_(float)  _FUNC_(smallint)  _FUNC_(string)  _FUNC_(struct<bucketid:bigint,writeid:int,rowid:bigint>)  _FUNC_(timestamp)  _FUNC_(tinyint)  _FUNC_(void)  
	at org.apache.hadoop.hive.ql.exec.MethodUtils.getMethodInternal(MethodUtils.java:130)
	at org.apache.hadoop.hive.ql.exec.MethodUtils.getMethodInternal(MethodUtils.java:60)
	at org.apache.hadoop.hive.ql.exec.DefaultUDFMethodResolver.getEvalMethod(DefaultUDFMethodResolver.java:59)
	at org.apache.hadoop.hive.ql.udf.TimestampCastRestrictorResolver.getEvalMethod(TimestampCastRestrictorResolver.java:68)
	at org.apache.hadoop.hive.ql.udf.generic.GenericUDFBridge.initialize(GenericUDFBridge.java:168)
	at org.apache.hadoop.hive.ql.udf.generic.GenericUDF.initializeAndFoldConstants(GenericUDF.java:149)
	at org.apache.hadoop.hive.ql.plan.ExprNodeGenericFuncDesc.newInstance(ExprNodeGenericFuncDesc.java:235)
	at org.apache.hadoop.hive.ql.parse.type.ExprNodeDescExprFactory.createFuncCallExpr(ExprNodeDescExprFactory.java:584)
	at org.apache.hadoop.hive.ql.parse.type.ExprNodeDescExprFactory.createFuncCallExpr(ExprNodeDescExprFactory.java:97)
	at org.apache.hadoop.hive.ql.parse.type.TypeCheckProcFactory$DefaultExprProcessor.getFuncExprNodeDescWithUdfData(TypeCheckProcFactory.java:762)
	at org.apache.hadoop.hive.ql.parse.type.TypeCheckProcFactory$DefaultExprProcessor.createConversionCast(TypeCheckProcFactory.java:783)
	at org.apache.hadoop.hive.ql.parse.SemanticAnalyzer.getPartitionColsFromBucketColsForUpdateDelete(SemanticAnalyzer.java:8725)
	at org.apache.hadoop.hive.ql.parse.SemanticAnalyzer.genBucketingSortingDest(SemanticAnalyzer.java:6914)
	at org.apache.hadoop.hive.ql.parse.SemanticAnalyzer.genFileSinkPlan(SemanticAnalyzer.java:7335)
	at org.apache.hadoop.hive.ql.parse.SemanticAnalyzer.genPostGroupByBodyPlan(SemanticAnalyzer.java:11063)
	at org.apache.hadoop.hive.ql.parse.SemanticAnalyzer.genBodyPlan(SemanticAnalyzer.java:10938)
	at org.apache.hadoop.hive.ql.parse.SemanticAnalyzer.genPlan(SemanticAnalyzer.java:11853)
	at org.apache.hadoop.hive.ql.parse.SemanticAnalyzer.genPlan(SemanticAnalyzer.java:11723)
	at org.apache.hadoop.hive.ql.parse.CalcitePlanner.genOPTree(CalcitePlanner.java:626)
	at org.apache.hadoop.hive.ql.parse.SemanticAnalyzer.analyzeInternal(SemanticAnalyzer.java:12558)
	at org.apache.hadoop.hive.ql.parse.CalcitePlanner.analyzeInternal(CalcitePlanner.java:456)
	at org.apache.hadoop.hive.ql.parse.RewriteSemanticAnalyzer.analyzeInternal(RewriteSemanticAnalyzer.java:67)
	at org.apache.hadoop.hive.ql.parse.BaseSemanticAnalyzer.analyze(BaseSemanticAnalyzer.java:317)
	at org.apache.hadoop.hive.ql.parse.UpdateDeleteSemanticAnalyzer.reparseAndSuperAnalyze(UpdateDeleteSemanticAnalyzer.java:208)
	at org.apache.hadoop.hive.ql.parse.UpdateDeleteSemanticAnalyzer.analyzeUpdate(UpdateDeleteSemanticAnalyzer.java:63)
	at org.apache.hadoop.hive.ql.parse.UpdateDeleteSemanticAnalyzer.analyze(UpdateDeleteSemanticAnalyzer.java:53)
	at org.apache.hadoop.hive.ql.parse.RewriteSemanticAnalyzer.analyzeInternal(RewriteSemanticAnalyzer.java:72)
	at org.apache.hadoop.hive.ql.parse.BaseSemanticAnalyzer.analyze(BaseSemanticAnalyzer.java:317)
	at org.apache.hadoop.hive.ql.Compiler.analyze(Compiler.java:223)
	at org.apache.hadoop.hive.ql.Compiler.compile(Compiler.java:105)
	at org.apache.hadoop.hive.ql.Driver.compile(Driver.java:500)
	at org.apache.hadoop.hive.ql.Driver.compileInternal(Driver.java:453)
	at org.apache.hadoop.hive.ql.Driver.runInternal(Driver.java:181)
	at org.apache.hadoop.hive.ql.Driver.run(Driver.java:153)
	at org.apache.hadoop.hive.ql.Driver.run(Driver.java:140)
	at org.apache.hadoop.hive.ql.TxnCommandsBaseForTests.runStatementOnDriver(TxnCommandsBaseForTests.java:245)
	at org.apache.hadoop.hive.ql.TestTxnNoBuckets.testToAcidConversionMultiBucket(TestTxnNoBuckets.java:455)
	at sun.reflect.NativeMethodAccessorImpl.invoke0(Native Method)
	at sun.reflect.NativeMethodAccessorImpl.invoke(NativeMethodAccessorImpl.java:62)
	at sun.reflect.DelegatingMethodAccessorImpl.invoke(DelegatingMethodAccessorImpl.java:43)
	at java.lang.reflect.Method.invoke(Method.java:498)
	at org.junit.runners.model.FrameworkMethod$1.runReflectiveCall(FrameworkMethod.java:59)
	at org.junit.internal.runners.model.ReflectiveCallable.run(ReflectiveCallable.java:12)
	at org.junit.runners.model.FrameworkMethod.invokeExplosively(FrameworkMethod.java:56)
	at org.junit.internal.runners.statements.InvokeMethod.evaluate(InvokeMethod.java:17)
	at org.junit.internal.runners.statements.RunBefores.evaluate(RunBefores.java:26)
	at org.junit.internal.runners.statements.RunAfters.evaluate(RunAfters.java:27)
	at org.junit.rules.TestWatcher$1.evaluate(TestWatcher.java:61)
	at org.junit.runners.ParentRunner$3.evaluate(ParentRunner.java:306)
	at org.junit.runners.BlockJUnit4ClassRunner$1.evaluate(BlockJUnit4ClassRunner.java:100)
	at org.junit.runners.ParentRunner.runLeaf(ParentRunner.java:366)
	at org.junit.runners.BlockJUnit4ClassRunner.runChild(BlockJUnit4ClassRunner.java:103)
	at org.junit.runners.BlockJUnit4ClassRunner.runChild(BlockJUnit4ClassRunner.java:63)
	at org.junit.runners.ParentRunner$4.run(ParentRunner.java:331)
	at org.junit.runners.ParentRunner$1.schedule(ParentRunner.java:79)
	at org.junit.runners.ParentRunner.runChildren(ParentRunner.java:329)
	at org.junit.runners.ParentRunner.access$100(ParentRunner.java:66)
	at org.junit.runners.ParentRunner$2.evaluate(ParentRunner.java:293)
	at org.junit.runners.ParentRunner$3.evaluate(ParentRunner.java:306)
	at org.junit.runners.ParentRunner.run(ParentRunner.java:413)
	at org.junit.runner.JUnitCore.run(JUnitCore.java:137)
	at org.junit.runner.JUnitCore.run(JUnitCore.java:115)
	at org.junit.vintage.engine.execution.RunnerExecutor.execute(RunnerExecutor.java:43)
	at java.util.stream.ForEachOps$ForEachOp$OfRef.accept(ForEachOps.java:183)
	at java.util.stream.ReferencePipeline$3$1.accept(ReferencePipeline.java:193)
	at java.util.Iterator.forEachRemaining(Iterator.java:116)
	at java.util.Spliterators$IteratorSpliterator.forEachRemaining(Spliterators.java:1801)
	at java.util.stream.AbstractPipeline.copyInto(AbstractPipeline.java:482)
	at java.util.stream.AbstractPipeline.wrapAndCopyInto(AbstractPipeline.java:472)
	at java.util.stream.ForEachOps$ForEachOp.evaluateSequential(ForEachOps.java:150)
	at java.util.stream.ForEachOps$ForEachOp$OfRef.evaluateSequential(ForEachOps.java:173)
	at java.util.stream.AbstractPipeline.evaluate(AbstractPipeline.java:234)
	at java.util.stream.ReferencePipeline.forEach(ReferencePipeline.java:485)
	at org.junit.vintage.engine.VintageTestEngine.executeAllChildren(VintageTestEngine.java:82)
	at org.junit.vintage.engine.VintageTestEngine.execute(VintageTestEngine.java:73)
	at org.junit.platform.launcher.core.DefaultLauncher.execute(DefaultLauncher.java:248)
	at org.junit.platform.launcher.core.DefaultLauncher.lambda$execute$5(DefaultLauncher.java:211)
	at org.junit.platform.launcher.core.DefaultLauncher.withInterceptedStreams(DefaultLauncher.java:226)
	at org.junit.platform.launcher.core.DefaultLauncher.execute(DefaultLauncher.java:199)
	at org.junit.platform.launcher.core.DefaultLauncher.execute(DefaultLauncher.java:132)
	at org.apache.maven.surefire.junitplatform.JUnitPlatformProvider.invokeAllTests(JUnitPlatformProvider.java:154)
	at org.apache.maven.surefire.junitplatform.JUnitPlatformProvider.invoke(JUnitPlatformProvider.java:123)
	at org.apache.maven.surefire.booter.ForkedBooter.runSuitesInProcess(ForkedBooter.java:377)
	at org.apache.maven.surefire.booter.ForkedBooter.execute(ForkedBooter.java:138)
	at org.apache.maven.surefire.booter.ForkedBooter.run(ForkedBooter.java:465)
	at org.apache.maven.surefire.booter.ForkedBooter.main(ForkedBooter.java:451)

2024-04-23T21:16:15,548  INFO [main] metadata.Hive: Dumping metastore api call timing information for : compilation phase
2024-04-23T21:16:15,548  INFO [main] metadata.Hive: Total time spent in each metastore function (ms): {getNotNullConstraints_(NotNullConstraintsRequest)=2, getTable_(GetTableRequest)=24, getAllTableConstraints_(AllTableConstraintsRequest)=7, flushCache_()=0, getValidTxns_(long)=1, commitTxn_(CommitTxnRequest)=12, openTxn_(String, TxnType)=2, isCompatibleWith_(Configuration)=1, getCheckConstraints_(CheckConstraintsRequest)=1, getValidWriteIds_(List, String)=2, getTableColumnStatistics_(String, String, List, String)=10}
2024-04-23T21:16:15,549  INFO [main] ql.Driver: Completed compiling command(queryId=alex_20240423211609_fa4e9f90-7cc1-473e-9b80-0c2e406f45a3); Time taken: 0.179 seconds
2024-04-23T21:16:15,549  INFO [main] lockmgr.DbTxnManager: Stopped heartbeat for query: alex_20240423211609_fa4e9f90-7cc1-473e-9b80-0c2e406f45a3
2024-04-23T21:16:15,552  INFO [main] txn.TxnHandler: Removed transactions: ([24]) from MIN_HISTORY_LEVEL
2024-04-23T21:16:15,558  INFO [main] ql.TxnCommandsBaseForTests: Running the query: drop table if exists acidTbl
2024-04-23T21:16:15,559  INFO [main] ql.Driver: Compiling command(queryId=alex_20240423211609_fa4e9f90-7cc1-473e-9b80-0c2e406f45a3): drop table if exists acidTbl
2024-04-23T21:16:15,561  INFO [main] txn.TxnHandler: Added entries to MIN_HISTORY_LEVEL for current txns: ([25]) with min_open_txn: 23
2024-04-23T21:16:15,561  INFO [main] lockmgr.DbTxnManager: Opened txnid:25
2024-04-23T21:16:15,562  INFO [main] HiveMetaStore.audit: ugi=alex	ip=unknown-ip-addr	cmd=get_table : tbl=hive.default.acidTbl	
2024-04-23T21:16:15,568  INFO [main] metastore.HMSHandler: Skipping translation for processor with null
2024-04-23T21:16:15,569  INFO [main] ql.Driver: Semantic Analysis Completed (retrial = false)
2024-04-23T21:16:15,569  INFO [main] ql.Driver: Created Hive schema: Schema(fieldSchemas:null, properties:null)
2024-04-23T21:16:15,569  INFO [main] metadata.Hive: Dumping metastore api call timing information for : compilation phase
2024-04-23T21:16:15,569  INFO [main] metadata.Hive: Total time spent in each metastore function (ms): {getTable_(GetTableRequest)=7, getValidTxns_(long)=1, rollbackTxn_(long)=9, flushCache_()=0, isCompatibleWith_(Configuration)=0, openTxn_(String, TxnType)=2}
2024-04-23T21:16:15,569  INFO [main] ql.Driver: Completed compiling command(queryId=alex_20240423211609_fa4e9f90-7cc1-473e-9b80-0c2e406f45a3); Time taken: 0.01 seconds
2024-04-23T21:16:15,569  INFO [main] lockmgr.DbTxnManager: Setting lock request transaction to txnid:25 for queryId=alex_20240423211609_fa4e9f90-7cc1-473e-9b80-0c2e406f45a3
2024-04-23T21:16:15,570  INFO [main] lockmgr.DbLockManager: Requesting lock for queryId=alex_20240423211609_fa4e9f90-7cc1-473e-9b80-0c2e406f45a3
2024-04-23T21:16:15,584  INFO [main] lockmgr.DbLockManager: Response to queryId=alex_20240423211609_fa4e9f90-7cc1-473e-9b80-0c2e406f45a3 LockResponse(lockid:17, state:ACQUIRED)
2024-04-23T21:16:15,584  INFO [main] ql.Driver: Operation DROPTABLE obtained 1 locks
2024-04-23T21:16:15,584  INFO [main] ql.Driver: Executing command(queryId=alex_20240423211609_fa4e9f90-7cc1-473e-9b80-0c2e406f45a3): drop table if exists acidTbl
2024-04-23T21:16:15,584  INFO [main] ql.Driver: Starting task [Stage-0:DDL] in serial mode
2024-04-23T21:16:15,584  INFO [main] HiveMetaStore.audit: ugi=alex	ip=unknown-ip-addr	cmd=get_table : tbl=hive.default.acidTbl	
2024-04-23T21:16:15,592  INFO [main] metastore.HMSHandler: Skipping translation for processor with null
2024-04-23T21:16:15,592  INFO [main] HiveMetaStore.audit: ugi=alex	ip=unknown-ip-addr	cmd=get_table : tbl=hive.default.acidTbl	
2024-04-23T21:16:15,599  INFO [main] metastore.HMSHandler: Skipping translation for processor with null
2024-04-23T21:16:15,599  INFO [main] HiveMetaStore.audit: ugi=alex	ip=unknown-ip-addr	cmd=drop_table : tbl=hive.default.acidTbl	
2024-04-23T21:16:15,707  INFO [main] metadata.Hive: Dumping metastore api call timing information for : execution phase
2024-04-23T21:16:15,707  INFO [main] metadata.Hive: Total time spent in each metastore function (ms): {getTable_(GetTableRequest)=8, dropTable_(String, String, boolean, boolean, boolean)=114, isCompatibleWith_(Configuration)=0}
2024-04-23T21:16:15,707  INFO [main] ql.Driver: Completed executing command(queryId=alex_20240423211609_fa4e9f90-7cc1-473e-9b80-0c2e406f45a3); Time taken: 0.123 seconds
2024-04-23T21:16:15,707  INFO [main] lockmgr.DbTxnManager: Stopped heartbeat for query: alex_20240423211609_fa4e9f90-7cc1-473e-9b80-0c2e406f45a3
2024-04-23T21:16:15,710  INFO [main] txn.TxnHandler: Expected to move at least one record from txn_components to completed_txn_components when committing txn! txnid:25
2024-04-23T21:16:15,716  INFO [main] txn.TxnHandler: Removed transactions: ([25]) from MIN_HISTORY_LEVEL
2024-04-23T21:16:15,716  WARN [main] txn.CompactionTxnHandler: No compaction queue record found for Compaction type transaction commit. txnId:25
2024-04-23T21:16:15,716  INFO [main] ql.TxnCommandsBaseForTests: Running the query: drop table if exists acidTblPart
2024-04-23T21:16:15,717  INFO [main] ql.Driver: Compiling command(queryId=alex_20240423211609_fa4e9f90-7cc1-473e-9b80-0c2e406f45a3): drop table if exists acidTblPart
2024-04-23T21:16:15,720  INFO [main] txn.TxnHandler: Added entries to MIN_HISTORY_LEVEL for current txns: ([26]) with min_open_txn: 23
2024-04-23T21:16:15,720  INFO [main] lockmgr.DbTxnManager: Opened txnid:26
2024-04-23T21:16:15,721  INFO [main] HiveMetaStore.audit: ugi=alex	ip=unknown-ip-addr	cmd=get_table : tbl=hive.default.acidTblPart	
2024-04-23T21:16:15,729  INFO [main] metastore.HMSHandler: Skipping translation for processor with null
2024-04-23T21:16:15,729  INFO [main] ql.Driver: Semantic Analysis Completed (retrial = false)
2024-04-23T21:16:15,729  INFO [main] ql.Driver: Created Hive schema: Schema(fieldSchemas:null, properties:null)
2024-04-23T21:16:15,729  INFO [main] metadata.Hive: Dumping metastore api call timing information for : compilation phase
2024-04-23T21:16:15,729  INFO [main] metadata.Hive: Total time spent in each metastore function (ms): {getValidTxns_(long)=1, getTable_(GetTableRequest)=8, isCompatibleWith_(Configuration)=0, commitTxn_(CommitTxnRequest)=9, openTxn_(String, TxnType)=2, flushCache_()=0}
2024-04-23T21:16:15,730  INFO [main] ql.Driver: Completed compiling command(queryId=alex_20240423211609_fa4e9f90-7cc1-473e-9b80-0c2e406f45a3); Time taken: 0.012 seconds
2024-04-23T21:16:15,730  INFO [main] lockmgr.DbTxnManager: Setting lock request transaction to txnid:26 for queryId=alex_20240423211609_fa4e9f90-7cc1-473e-9b80-0c2e406f45a3
2024-04-23T21:16:15,730  INFO [main] lockmgr.DbLockManager: Requesting lock for queryId=alex_20240423211609_fa4e9f90-7cc1-473e-9b80-0c2e406f45a3
2024-04-23T21:16:15,744  INFO [main] lockmgr.DbLockManager: Response to queryId=alex_20240423211609_fa4e9f90-7cc1-473e-9b80-0c2e406f45a3 LockResponse(lockid:18, state:ACQUIRED)
2024-04-23T21:16:15,745  INFO [main] ql.Driver: Operation DROPTABLE obtained 1 locks
2024-04-23T21:16:15,745  INFO [main] ql.Driver: Executing command(queryId=alex_20240423211609_fa4e9f90-7cc1-473e-9b80-0c2e406f45a3): drop table if exists acidTblPart
2024-04-23T21:16:15,745  INFO [main] ql.Driver: Starting task [Stage-0:DDL] in serial mode
2024-04-23T21:16:15,745  INFO [main] HiveMetaStore.audit: ugi=alex	ip=unknown-ip-addr	cmd=get_table : tbl=hive.default.acidTblPart	
2024-04-23T21:16:15,752  INFO [main] metastore.HMSHandler: Skipping translation for processor with null
2024-04-23T21:16:15,752  INFO [main] HiveMetaStore.audit: ugi=alex	ip=unknown-ip-addr	cmd=get_table : tbl=hive.default.acidTblPart	
2024-04-23T21:16:15,759  INFO [main] metastore.HMSHandler: Skipping translation for processor with null
2024-04-23T21:16:15,759  INFO [main] HiveMetaStore.audit: ugi=alex	ip=unknown-ip-addr	cmd=drop_table : tbl=hive.default.acidTblPart	
2024-04-23T21:16:15,798  INFO [main] metadata.Hive: Dumping metastore api call timing information for : execution phase
2024-04-23T21:16:15,798  INFO [main] metadata.Hive: Total time spent in each metastore function (ms): {isCompatibleWith_(Configuration)=0, getTable_(GetTableRequest)=7, dropTable_(String, String, boolean, boolean, boolean)=46}
2024-04-23T21:16:15,798  INFO [main] ql.Driver: Completed executing command(queryId=alex_20240423211609_fa4e9f90-7cc1-473e-9b80-0c2e406f45a3); Time taken: 0.053 seconds
2024-04-23T21:16:15,798  INFO [main] lockmgr.DbTxnManager: Stopped heartbeat for query: alex_20240423211609_fa4e9f90-7cc1-473e-9b80-0c2e406f45a3
2024-04-23T21:16:15,803  INFO [main] txn.TxnHandler: Expected to move at least one record from txn_components to completed_txn_components when committing txn! txnid:26
2024-04-23T21:16:15,811  INFO [main] txn.TxnHandler: Removed transactions: ([26]) from MIN_HISTORY_LEVEL
2024-04-23T21:16:15,812  WARN [main] txn.CompactionTxnHandler: No compaction queue record found for Compaction type transaction commit. txnId:26
2024-04-23T21:16:15,812  INFO [main] ql.TxnCommandsBaseForTests: Running the query: drop table if exists acidTbl2
2024-04-23T21:16:15,813  INFO [main] ql.Driver: Compiling command(queryId=alex_20240423211609_fa4e9f90-7cc1-473e-9b80-0c2e406f45a3): drop table if exists acidTbl2
2024-04-23T21:16:15,816  INFO [main] txn.TxnHandler: Added entries to MIN_HISTORY_LEVEL for current txns: ([27]) with min_open_txn: 23
2024-04-23T21:16:15,816  INFO [main] lockmgr.DbTxnManager: Opened txnid:27
2024-04-23T21:16:15,817  INFO [main] ql.Driver: Semantic Analysis Completed (retrial = false)
2024-04-23T21:16:15,817  INFO [main] ql.Driver: Created Hive schema: Schema(fieldSchemas:null, properties:null)
2024-04-23T21:16:15,818  INFO [main] metadata.Hive: Dumping metastore api call timing information for : compilation phase
2024-04-23T21:16:15,818  INFO [main] metadata.Hive: Total time spent in each metastore function (ms): {openTxn_(String, TxnType)=3, getValidTxns_(long)=0, commitTxn_(CommitTxnRequest)=13, getTable_(GetTableRequest)=0, isCompatibleWith_(Configuration)=2, flushCache_()=0}
2024-04-23T21:16:15,818  INFO [main] ql.Driver: Completed compiling command(queryId=alex_20240423211609_fa4e9f90-7cc1-473e-9b80-0c2e406f45a3); Time taken: 0.004 seconds
2024-04-23T21:16:15,818  INFO [main] lockmgr.DbTxnManager: Setting lock request transaction to txnid:27 for queryId=alex_20240423211609_fa4e9f90-7cc1-473e-9b80-0c2e406f45a3
2024-04-23T21:16:15,818  INFO [main] ql.Driver: Operation DROPTABLE obtained 0 locks
2024-04-23T21:16:15,818  INFO [main] ql.Driver: Executing command(queryId=alex_20240423211609_fa4e9f90-7cc1-473e-9b80-0c2e406f45a3): drop table if exists acidTbl2
2024-04-23T21:16:15,819  INFO [main] ql.Driver: Starting task [Stage-0:DDL] in serial mode
2024-04-23T21:16:15,819  INFO [main] metadata.SessionHiveMetaStoreClient: Column stats doesn't exist for db=default temp table=acidTbl2
2024-04-23T21:16:15,820  INFO [main] metadata.Hive: Dumping metastore api call timing information for : execution phase
2024-04-23T21:16:15,820  INFO [main] metadata.Hive: Total time spent in each metastore function (ms): {dropTable_(String, String, boolean, boolean, boolean)=1, isCompatibleWith_(Configuration)=0, getTable_(GetTableRequest)=0}
2024-04-23T21:16:15,820  INFO [main] ql.Driver: Completed executing command(queryId=alex_20240423211609_fa4e9f90-7cc1-473e-9b80-0c2e406f45a3); Time taken: 0.002 seconds
2024-04-23T21:16:15,820  INFO [main] lockmgr.DbTxnManager: Stopped heartbeat for query: alex_20240423211609_fa4e9f90-7cc1-473e-9b80-0c2e406f45a3
2024-04-23T21:16:15,826  INFO [main] txn.TxnHandler: Expected to move at least one record from txn_components to completed_txn_components when committing txn! txnid:27
2024-04-23T21:16:15,831  INFO [main] txn.TxnHandler: Removed transactions: ([27]) from MIN_HISTORY_LEVEL
2024-04-23T21:16:15,831  WARN [main] txn.CompactionTxnHandler: No compaction queue record found for Compaction type transaction commit. txnId:27
2024-04-23T21:16:15,832  INFO [main] ql.TxnCommandsBaseForTests: Running the query: drop table if exists nonAcidOrcTbl
2024-04-23T21:16:15,832  INFO [main] ql.Driver: Compiling command(queryId=alex_20240423211609_fa4e9f90-7cc1-473e-9b80-0c2e406f45a3): drop table if exists nonAcidOrcTbl
2024-04-23T21:16:15,834  INFO [main] txn.TxnHandler: Added entries to MIN_HISTORY_LEVEL for current txns: ([28]) with min_open_txn: 23
2024-04-23T21:16:15,835  INFO [main] lockmgr.DbTxnManager: Opened txnid:28
2024-04-23T21:16:15,836  INFO [main] HiveMetaStore.audit: ugi=alex	ip=unknown-ip-addr	cmd=get_table : tbl=hive.default.nonAcidOrcTbl	
2024-04-23T21:16:15,863  INFO [main] metastore.HMSHandler: Skipping translation for processor with null
2024-04-23T21:16:15,863  INFO [main] ql.Driver: Semantic Analysis Completed (retrial = false)
2024-04-23T21:16:15,863  INFO [main] ql.Driver: Created Hive schema: Schema(fieldSchemas:null, properties:null)
2024-04-23T21:16:15,863  INFO [main] metadata.Hive: Dumping metastore api call timing information for : compilation phase
2024-04-23T21:16:15,863  INFO [main] metadata.Hive: Total time spent in each metastore function (ms): {flushCache_()=0, getValidTxns_(long)=0, commitTxn_(CommitTxnRequest)=12, openTxn_(String, TxnType)=2, getTable_(GetTableRequest)=28, isCompatibleWith_(Configuration)=0}
2024-04-23T21:16:15,864  INFO [main] ql.Driver: Completed compiling command(queryId=alex_20240423211609_fa4e9f90-7cc1-473e-9b80-0c2e406f45a3); Time taken: 0.031 seconds
2024-04-23T21:16:15,864  INFO [main] lockmgr.DbTxnManager: Setting lock request transaction to txnid:28 for queryId=alex_20240423211609_fa4e9f90-7cc1-473e-9b80-0c2e406f45a3
2024-04-23T21:16:15,865  INFO [main] lockmgr.DbLockManager: Requesting lock for queryId=alex_20240423211609_fa4e9f90-7cc1-473e-9b80-0c2e406f45a3
2024-04-23T21:16:15,886  INFO [main] lockmgr.DbLockManager: Response to queryId=alex_20240423211609_fa4e9f90-7cc1-473e-9b80-0c2e406f45a3 LockResponse(lockid:19, state:ACQUIRED)
2024-04-23T21:16:15,886  INFO [main] ql.Driver: Operation DROPTABLE obtained 1 locks
2024-04-23T21:16:15,886  INFO [main] ql.Driver: Executing command(queryId=alex_20240423211609_fa4e9f90-7cc1-473e-9b80-0c2e406f45a3): drop table if exists nonAcidOrcTbl
2024-04-23T21:16:15,886  INFO [main] ql.Driver: Starting task [Stage-0:DDL] in serial mode
2024-04-23T21:16:15,886  INFO [main] HiveMetaStore.audit: ugi=alex	ip=unknown-ip-addr	cmd=get_table : tbl=hive.default.nonAcidOrcTbl	
2024-04-23T21:16:15,897  INFO [main] metastore.HMSHandler: Skipping translation for processor with null
2024-04-23T21:16:15,897  INFO [main] HiveMetaStore.audit: ugi=alex	ip=unknown-ip-addr	cmd=get_table : tbl=hive.default.nonAcidOrcTbl	
2024-04-23T21:16:15,906  INFO [main] metastore.HMSHandler: Skipping translation for processor with null
2024-04-23T21:16:15,906  INFO [main] HiveMetaStore.audit: ugi=alex	ip=unknown-ip-addr	cmd=drop_table : tbl=hive.default.nonAcidOrcTbl	
2024-04-23T21:16:15,987  INFO [main] metadata.Hive: Dumping metastore api call timing information for : execution phase
2024-04-23T21:16:15,987  INFO [main] metadata.Hive: Total time spent in each metastore function (ms): {getTable_(GetTableRequest)=11, isCompatibleWith_(Configuration)=0, dropTable_(String, String, boolean, boolean, boolean)=89}
2024-04-23T21:16:15,987  INFO [main] ql.Driver: Completed executing command(queryId=alex_20240423211609_fa4e9f90-7cc1-473e-9b80-0c2e406f45a3); Time taken: 0.1 seconds
2024-04-23T21:16:15,987  INFO [main] lockmgr.DbTxnManager: Stopped heartbeat for query: alex_20240423211609_fa4e9f90-7cc1-473e-9b80-0c2e406f45a3
2024-04-23T21:16:15,991  INFO [main] txn.TxnHandler: Expected to move at least one record from txn_components to completed_txn_components when committing txn! txnid:28
2024-04-23T21:16:15,997  INFO [main] txn.TxnHandler: Removed transactions: ([28]) from MIN_HISTORY_LEVEL
2024-04-23T21:16:15,997  WARN [main] txn.CompactionTxnHandler: No compaction queue record found for Compaction type transaction commit. txnId:28
2024-04-23T21:16:15,998  INFO [main] ql.TxnCommandsBaseForTests: Running the query: drop table if exists nonAcidOrcTbl2
2024-04-23T21:16:15,998  INFO [main] ql.Driver: Compiling command(queryId=alex_20240423211609_fa4e9f90-7cc1-473e-9b80-0c2e406f45a3): drop table if exists nonAcidOrcTbl2
2024-04-23T21:16:16,000  INFO [main] txn.TxnHandler: Added entries to MIN_HISTORY_LEVEL for current txns: ([29]) with min_open_txn: 23
2024-04-23T21:16:16,001  INFO [main] lockmgr.DbTxnManager: Opened txnid:29
2024-04-23T21:16:16,002  INFO [main] HiveMetaStore.audit: ugi=alex	ip=unknown-ip-addr	cmd=get_table : tbl=hive.default.nonAcidOrcTbl2	
2024-04-23T21:16:16,012  INFO [main] metastore.HMSHandler: Skipping translation for processor with null
2024-04-23T21:16:16,012  INFO [main] ql.Driver: Semantic Analysis Completed (retrial = false)
2024-04-23T21:16:16,012  INFO [main] ql.Driver: Created Hive schema: Schema(fieldSchemas:null, properties:null)
2024-04-23T21:16:16,012  INFO [main] metadata.Hive: Dumping metastore api call timing information for : compilation phase
2024-04-23T21:16:16,012  INFO [main] metadata.Hive: Total time spent in each metastore function (ms): {getTable_(GetTableRequest)=10, flushCache_()=0, isCompatibleWith_(Configuration)=1, commitTxn_(CommitTxnRequest)=11, getValidTxns_(long)=1, openTxn_(String, TxnType)=2}
2024-04-23T21:16:16,012  INFO [main] ql.Driver: Completed compiling command(queryId=alex_20240423211609_fa4e9f90-7cc1-473e-9b80-0c2e406f45a3); Time taken: 0.014 seconds
2024-04-23T21:16:16,013  INFO [main] lockmgr.DbTxnManager: Setting lock request transaction to txnid:29 for queryId=alex_20240423211609_fa4e9f90-7cc1-473e-9b80-0c2e406f45a3
2024-04-23T21:16:16,014  INFO [main] lockmgr.DbLockManager: Requesting lock for queryId=alex_20240423211609_fa4e9f90-7cc1-473e-9b80-0c2e406f45a3
2024-04-23T21:16:16,035  INFO [main] lockmgr.DbLockManager: Response to queryId=alex_20240423211609_fa4e9f90-7cc1-473e-9b80-0c2e406f45a3 LockResponse(lockid:20, state:ACQUIRED)
2024-04-23T21:16:16,035  INFO [main] ql.Driver: Operation DROPTABLE obtained 1 locks
2024-04-23T21:16:16,035  INFO [main] ql.Driver: Executing command(queryId=alex_20240423211609_fa4e9f90-7cc1-473e-9b80-0c2e406f45a3): drop table if exists nonAcidOrcTbl2
2024-04-23T21:16:16,035  INFO [main] ql.Driver: Starting task [Stage-0:DDL] in serial mode
2024-04-23T21:16:16,036  INFO [main] HiveMetaStore.audit: ugi=alex	ip=unknown-ip-addr	cmd=get_table : tbl=hive.default.nonAcidOrcTbl2	
2024-04-23T21:16:16,050  INFO [main] metastore.HMSHandler: Skipping translation for processor with null
2024-04-23T21:16:16,051  INFO [main] HiveMetaStore.audit: ugi=alex	ip=unknown-ip-addr	cmd=get_table : tbl=hive.default.nonAcidOrcTbl2	
2024-04-23T21:16:16,065  INFO [main] metastore.HMSHandler: Skipping translation for processor with null
2024-04-23T21:16:16,065  INFO [main] HiveMetaStore.audit: ugi=alex	ip=unknown-ip-addr	cmd=drop_table : tbl=hive.default.nonAcidOrcTbl2	
2024-04-23T21:16:16,104  INFO [main] metadata.Hive: Dumping metastore api call timing information for : execution phase
2024-04-23T21:16:16,105  INFO [main] metadata.Hive: Total time spent in each metastore function (ms): {dropTable_(String, String, boolean, boolean, boolean)=53, isCompatibleWith_(Configuration)=0, getTable_(GetTableRequest)=16}
2024-04-23T21:16:16,105  INFO [main] ql.Driver: Completed executing command(queryId=alex_20240423211609_fa4e9f90-7cc1-473e-9b80-0c2e406f45a3); Time taken: 0.069 seconds
2024-04-23T21:16:16,105  INFO [main] lockmgr.DbTxnManager: Stopped heartbeat for query: alex_20240423211609_fa4e9f90-7cc1-473e-9b80-0c2e406f45a3
2024-04-23T21:16:16,110  INFO [main] txn.TxnHandler: Expected to move at least one record from txn_components to completed_txn_components when committing txn! txnid:29
2024-04-23T21:16:16,119  INFO [main] txn.TxnHandler: Removed transactions: ([29]) from MIN_HISTORY_LEVEL
2024-04-23T21:16:16,119  WARN [main] txn.CompactionTxnHandler: No compaction queue record found for Compaction type transaction commit. txnId:29
2024-04-23T21:16:16,120  INFO [main] ql.TxnCommandsBaseForTests: Running the query: drop table if exists nonAcidNonBucket
2024-04-23T21:16:16,120  INFO [main] ql.Driver: Compiling command(queryId=alex_20240423211609_fa4e9f90-7cc1-473e-9b80-0c2e406f45a3): drop table if exists nonAcidNonBucket
2024-04-23T21:16:16,123  INFO [main] txn.TxnHandler: Added entries to MIN_HISTORY_LEVEL for current txns: ([30]) with min_open_txn: 24
2024-04-23T21:16:16,124  INFO [main] lockmgr.DbTxnManager: Opened txnid:30
2024-04-23T21:16:16,125  INFO [main] HiveMetaStore.audit: ugi=alex	ip=unknown-ip-addr	cmd=get_table : tbl=hive.default.nonAcidNonBucket	
2024-04-23T21:16:16,134  INFO [main] metastore.HMSHandler: Skipping translation for processor with null
2024-04-23T21:16:16,134  INFO [main] ql.Driver: Semantic Analysis Completed (retrial = false)
2024-04-23T21:16:16,134  INFO [main] ql.Driver: Created Hive schema: Schema(fieldSchemas:null, properties:null)
2024-04-23T21:16:16,134  INFO [main] metadata.Hive: Dumping metastore api call timing information for : compilation phase
2024-04-23T21:16:16,134  INFO [main] metadata.Hive: Total time spent in each metastore function (ms): {getTable_(GetTableRequest)=10, openTxn_(String, TxnType)=4, flushCache_()=0, commitTxn_(CommitTxnRequest)=14, getValidTxns_(long)=0, isCompatibleWith_(Configuration)=0}
2024-04-23T21:16:16,134  INFO [main] ql.Driver: Completed compiling command(queryId=alex_20240423211609_fa4e9f90-7cc1-473e-9b80-0c2e406f45a3); Time taken: 0.014 seconds
2024-04-23T21:16:16,134  INFO [main] lockmgr.DbTxnManager: Setting lock request transaction to txnid:30 for queryId=alex_20240423211609_fa4e9f90-7cc1-473e-9b80-0c2e406f45a3
2024-04-23T21:16:16,135  INFO [main] lockmgr.DbLockManager: Requesting lock for queryId=alex_20240423211609_fa4e9f90-7cc1-473e-9b80-0c2e406f45a3
2024-04-23T21:16:16,147  INFO [main] lockmgr.DbLockManager: Response to queryId=alex_20240423211609_fa4e9f90-7cc1-473e-9b80-0c2e406f45a3 LockResponse(lockid:21, state:ACQUIRED)
2024-04-23T21:16:16,147  INFO [main] ql.Driver: Operation DROPTABLE obtained 1 locks
2024-04-23T21:16:16,147  INFO [main] ql.Driver: Executing command(queryId=alex_20240423211609_fa4e9f90-7cc1-473e-9b80-0c2e406f45a3): drop table if exists nonAcidNonBucket
2024-04-23T21:16:16,147  INFO [main] ql.Driver: Starting task [Stage-0:DDL] in serial mode
2024-04-23T21:16:16,148  INFO [main] HiveMetaStore.audit: ugi=alex	ip=unknown-ip-addr	cmd=get_table : tbl=hive.default.nonAcidNonBucket	
2024-04-23T21:16:16,156  INFO [main] metastore.HMSHandler: Skipping translation for processor with null
2024-04-23T21:16:16,157  INFO [main] HiveMetaStore.audit: ugi=alex	ip=unknown-ip-addr	cmd=get_table : tbl=hive.default.nonAcidNonBucket	
2024-04-23T21:16:16,164  INFO [main] metastore.HMSHandler: Skipping translation for processor with null
2024-04-23T21:16:16,164  INFO [main] HiveMetaStore.audit: ugi=alex	ip=unknown-ip-addr	cmd=drop_table : tbl=hive.default.nonAcidNonBucket	
2024-04-23T21:16:16,193  INFO [main] metadata.Hive: Dumping metastore api call timing information for : execution phase
2024-04-23T21:16:16,193  INFO [main] metadata.Hive: Total time spent in each metastore function (ms): {getTable_(GetTableRequest)=8, dropTable_(String, String, boolean, boolean, boolean)=37, isCompatibleWith_(Configuration)=0}
2024-04-23T21:16:16,193  INFO [main] ql.Driver: Completed executing command(queryId=alex_20240423211609_fa4e9f90-7cc1-473e-9b80-0c2e406f45a3); Time taken: 0.046 seconds
2024-04-23T21:16:16,193  INFO [main] lockmgr.DbTxnManager: Stopped heartbeat for query: alex_20240423211609_fa4e9f90-7cc1-473e-9b80-0c2e406f45a3
2024-04-23T21:16:16,197  INFO [main] txn.TxnHandler: Expected to move at least one record from txn_components to completed_txn_components when committing txn! txnid:30
2024-04-23T21:16:16,201  INFO [main] txn.TxnHandler: Removed transactions: ([30]) from MIN_HISTORY_LEVEL
2024-04-23T21:16:16,201  WARN [main] txn.CompactionTxnHandler: No compaction queue record found for Compaction type transaction commit. txnId:30
2024-04-23T21:16:16,202  INFO [main] utils.TestTxnDbUtil: Cleaning transactional tables
]]></system-err>
  </testcase>
  <testcase name="testDefault" classname="org.apache.hadoop.hive.ql.TestTxnNoBuckets" time="4.359"/>
  <testcase name="testInsertToAcidWithUnionRemove" classname="org.apache.hadoop.hive.ql.TestTxnNoBuckets" time="8.651"/>
  <testcase name="testNoBuckets" classname="org.apache.hadoop.hive.ql.TestTxnNoBuckets" time="7.973">
    <error type="java.lang.RuntimeException"><![CDATA[java.lang.RuntimeException: explain  update nobuckets set c3 = 17 where c3 in(0,1) failed: (responseCode = 40000, errorMessage = FAILED: NoMatchingMethodException No matching method for class org.apache.hadoop.hive.ql.udf.UDFToInteger with (struct<writeid:bigint,bucketid:int,rowid:bigint>). Possible choices: _FUNC_(bigint)  _FUNC_(boolean)  _FUNC_(decimal(38,18))  _FUNC_(double)  _FUNC_(float)  _FUNC_(smallint)  _FUNC_(string)  _FUNC_(struct<bucketid:bigint,writeid:int,rowid:bigint>)  _FUNC_(timestamp)  _FUNC_(tinyint)  _FUNC_(void)  , hiveErrorCode = 40000, SQLState = 42000, exception = No matching method for class org.apache.hadoop.hive.ql.udf.UDFToInteger with (struct<writeid:bigint,bucketid:int,rowid:bigint>). Possible choices: _FUNC_(bigint)  _FUNC_(boolean)  _FUNC_(decimal(38,18))  _FUNC_(double)  _FUNC_(float)  _FUNC_(smallint)  _FUNC_(string)  _FUNC_(struct<bucketid:bigint,writeid:int,rowid:bigint>)  _FUNC_(timestamp)  _FUNC_(tinyint)  _FUNC_(void)  )
	at org.apache.hadoop.hive.ql.TxnCommandsBaseForTests.runStatementOnDriver(TxnCommandsBaseForTests.java:247)
	at org.apache.hadoop.hive.ql.TestTxnNoBuckets.testNoBuckets(TestTxnNoBuckets.java:109)
	at sun.reflect.NativeMethodAccessorImpl.invoke0(Native Method)
	at sun.reflect.NativeMethodAccessorImpl.invoke(NativeMethodAccessorImpl.java:62)
	at sun.reflect.DelegatingMethodAccessorImpl.invoke(DelegatingMethodAccessorImpl.java:43)
	at java.lang.reflect.Method.invoke(Method.java:498)
	at org.junit.runners.model.FrameworkMethod$1.runReflectiveCall(FrameworkMethod.java:59)
	at org.junit.internal.runners.model.ReflectiveCallable.run(ReflectiveCallable.java:12)
	at org.junit.runners.model.FrameworkMethod.invokeExplosively(FrameworkMethod.java:56)
	at org.junit.internal.runners.statements.InvokeMethod.evaluate(InvokeMethod.java:17)
	at org.junit.internal.runners.statements.RunBefores.evaluate(RunBefores.java:26)
	at org.junit.internal.runners.statements.RunAfters.evaluate(RunAfters.java:27)
	at org.junit.rules.TestWatcher$1.evaluate(TestWatcher.java:61)
	at org.junit.runners.ParentRunner$3.evaluate(ParentRunner.java:306)
	at org.junit.runners.BlockJUnit4ClassRunner$1.evaluate(BlockJUnit4ClassRunner.java:100)
	at org.junit.runners.ParentRunner.runLeaf(ParentRunner.java:366)
	at org.junit.runners.BlockJUnit4ClassRunner.runChild(BlockJUnit4ClassRunner.java:103)
	at org.junit.runners.BlockJUnit4ClassRunner.runChild(BlockJUnit4ClassRunner.java:63)
	at org.junit.runners.ParentRunner$4.run(ParentRunner.java:331)
	at org.junit.runners.ParentRunner$1.schedule(ParentRunner.java:79)
	at org.junit.runners.ParentRunner.runChildren(ParentRunner.java:329)
	at org.junit.runners.ParentRunner.access$100(ParentRunner.java:66)
	at org.junit.runners.ParentRunner$2.evaluate(ParentRunner.java:293)
	at org.junit.runners.ParentRunner$3.evaluate(ParentRunner.java:306)
	at org.junit.runners.ParentRunner.run(ParentRunner.java:413)
	at org.junit.runner.JUnitCore.run(JUnitCore.java:137)
	at org.junit.runner.JUnitCore.run(JUnitCore.java:115)
	at org.junit.vintage.engine.execution.RunnerExecutor.execute(RunnerExecutor.java:43)
	at java.util.stream.ForEachOps$ForEachOp$OfRef.accept(ForEachOps.java:183)
	at java.util.stream.ReferencePipeline$3$1.accept(ReferencePipeline.java:193)
	at java.util.Iterator.forEachRemaining(Iterator.java:116)
	at java.util.Spliterators$IteratorSpliterator.forEachRemaining(Spliterators.java:1801)
	at java.util.stream.AbstractPipeline.copyInto(AbstractPipeline.java:482)
	at java.util.stream.AbstractPipeline.wrapAndCopyInto(AbstractPipeline.java:472)
	at java.util.stream.ForEachOps$ForEachOp.evaluateSequential(ForEachOps.java:150)
	at java.util.stream.ForEachOps$ForEachOp$OfRef.evaluateSequential(ForEachOps.java:173)
	at java.util.stream.AbstractPipeline.evaluate(AbstractPipeline.java:234)
	at java.util.stream.ReferencePipeline.forEach(ReferencePipeline.java:485)
	at org.junit.vintage.engine.VintageTestEngine.executeAllChildren(VintageTestEngine.java:82)
	at org.junit.vintage.engine.VintageTestEngine.execute(VintageTestEngine.java:73)
	at org.junit.platform.launcher.core.DefaultLauncher.execute(DefaultLauncher.java:248)
	at org.junit.platform.launcher.core.DefaultLauncher.lambda$execute$5(DefaultLauncher.java:211)
	at org.junit.platform.launcher.core.DefaultLauncher.withInterceptedStreams(DefaultLauncher.java:226)
	at org.junit.platform.launcher.core.DefaultLauncher.execute(DefaultLauncher.java:199)
	at org.junit.platform.launcher.core.DefaultLauncher.execute(DefaultLauncher.java:132)
	at org.apache.maven.surefire.junitplatform.JUnitPlatformProvider.invokeAllTests(JUnitPlatformProvider.java:154)
	at org.apache.maven.surefire.junitplatform.JUnitPlatformProvider.invoke(JUnitPlatformProvider.java:123)
	at org.apache.maven.surefire.booter.ForkedBooter.runSuitesInProcess(ForkedBooter.java:377)
	at org.apache.maven.surefire.booter.ForkedBooter.execute(ForkedBooter.java:138)
	at org.apache.maven.surefire.booter.ForkedBooter.run(ForkedBooter.java:465)
	at org.apache.maven.surefire.booter.ForkedBooter.main(ForkedBooter.java:451)
]]></error>
    <system-err><![CDATA[2024-04-23T21:16:29,271  WARN [main] conf.HiveConf: HiveConf of name hive.dummyparam.test.server.specific.config.override does not exist
2024-04-23T21:16:29,271  WARN [main] conf.HiveConf: HiveConf of name hive.llap.io.cache.orc.alloc.max does not exist
2024-04-23T21:16:29,271  WARN [main] conf.HiveConf: HiveConf of name hive.stats.key.prefix.reserve.length does not exist
2024-04-23T21:16:29,271  WARN [main] conf.HiveConf: HiveConf of name hive.metastore.client.cache.maxSize does not exist
2024-04-23T21:16:29,271  WARN [main] conf.HiveConf: HiveConf of name hive.llap.io.cache.orc.arena.size does not exist
2024-04-23T21:16:29,271  WARN [main] conf.HiveConf: HiveConf of name hive.dummyparam.test.server.specific.config.metastoresite does not exist
2024-04-23T21:16:29,271  WARN [main] conf.HiveConf: HiveConf of name hive.llap.io.cache.orc.size does not exist
2024-04-23T21:16:29,271  WARN [main] conf.HiveConf: HiveConf of name hive.metastore.client.cache.recordStats does not exist
2024-04-23T21:16:29,271  WARN [main] conf.HiveConf: HiveConf of name hive.llap.io.cache.orc.alloc.min does not exist
2024-04-23T21:16:29,271  WARN [main] conf.HiveConf: HiveConf of name hive.dummyparam.test.server.specific.config.hivesite does not exist
2024-04-23T21:16:29,271  WARN [main] conf.HiveConf: HiveConf of name hive.metastore.metadb.dir does not exist
2024-04-23T21:16:29,273  INFO [main] utils.TestTxnDbUtil: Creating transactional tables
Hive Session ID = b72c85bc-72c7-4f7b-afc0-6d43af6e6c8d
2024-04-23T21:16:29,275  INFO [main] SessionState: Hive Session ID = b72c85bc-72c7-4f7b-afc0-6d43af6e6c8d
ivysettings.xml file not found in HIVE_HOME or HIVE_CONF_DIR,/home/alex/Repositories/hive/conf/ivysettings.xml will be used
2024-04-23T21:16:29,276  INFO [main] DependencyResolver: ivysettings.xml file not found in HIVE_HOME or HIVE_CONF_DIR,/home/alex/Repositories/hive/conf/ivysettings.xml will be used
2024-04-23T21:16:29,281  INFO [main] session.SessionState: Created HDFS directory: /home/alex/Repositories/hive/ql/target/tmp/scratchdir/alex/b72c85bc-72c7-4f7b-afc0-6d43af6e6c8d
2024-04-23T21:16:29,283  INFO [main] session.SessionState: Created local directory: /home/alex/Repositories/hive/ql/target/tmp/localscratchdir/b72c85bc-72c7-4f7b-afc0-6d43af6e6c8d
2024-04-23T21:16:29,285  INFO [main] session.SessionState: Created HDFS directory: /home/alex/Repositories/hive/ql/target/tmp/scratchdir/alex/b72c85bc-72c7-4f7b-afc0-6d43af6e6c8d/_tmp_space.db
2024-04-23T21:16:29,286  INFO [main] sqlstd.SQLStdHiveAccessController: Created SQLStdHiveAccessController for session context : HiveAuthzSessionContext [sessionString=b72c85bc-72c7-4f7b-afc0-6d43af6e6c8d, clientType=HIVECLI]
2024-04-23T21:16:29,286  INFO [main] ql.TxnCommandsBaseForTests: Running the query: drop table if exists acidTbl
2024-04-23T21:16:29,286  INFO [main] ql.Driver: Compiling command(queryId=alex_20240423211629_275b43f4-27fd-4d5f-805f-3291b2275eb2): drop table if exists acidTbl
2024-04-23T21:16:29,295  INFO [main] txn.TxnHandler: Added entries to MIN_HISTORY_LEVEL for current txns: ([1]) with min_open_txn: 1
2024-04-23T21:16:29,295  INFO [main] lockmgr.DbTxnManager: Opened txnid:1
2024-04-23T21:16:29,297  INFO [main] HiveMetaStore.audit: ugi=alex	ip=unknown-ip-addr	cmd=get_table : tbl=hive.default.acidTbl	
2024-04-23T21:16:29,300  INFO [main] ql.Driver: Semantic Analysis Completed (retrial = false)
2024-04-23T21:16:29,300  INFO [main] ql.Driver: Created Hive schema: Schema(fieldSchemas:null, properties:null)
2024-04-23T21:16:29,300  INFO [main] metadata.Hive: Dumping metastore api call timing information for : compilation phase
2024-04-23T21:16:29,301  INFO [main] metadata.Hive: Total time spent in each metastore function (ms): {commitTxn_(CommitTxnRequest)=8, flushCache_()=0, isCompatibleWith_(Configuration)=0, getValidTxns_(long)=2, openTxn_(String, TxnType)=8}
2024-04-23T21:16:29,301  INFO [main] ql.Driver: Completed compiling command(queryId=alex_20240423211629_275b43f4-27fd-4d5f-805f-3291b2275eb2); Time taken: 0.014 seconds
2024-04-23T21:16:29,301  INFO [main] lockmgr.DbTxnManager: Setting lock request transaction to txnid:1 for queryId=alex_20240423211629_275b43f4-27fd-4d5f-805f-3291b2275eb2
2024-04-23T21:16:29,301  INFO [main] ql.Driver: Operation DROPTABLE obtained 0 locks
2024-04-23T21:16:29,301  INFO [main] ql.Driver: Executing command(queryId=alex_20240423211629_275b43f4-27fd-4d5f-805f-3291b2275eb2): drop table if exists acidTbl
2024-04-23T21:16:29,301  INFO [main] ql.Driver: Starting task [Stage-0:DDL] in serial mode
2024-04-23T21:16:29,302  INFO [main] HiveMetaStore.audit: ugi=alex	ip=unknown-ip-addr	cmd=get_table : tbl=hive.default.acidTbl	
2024-04-23T21:16:29,305  INFO [main] metadata.Hive: Dumping metastore api call timing information for : execution phase
2024-04-23T21:16:29,305  INFO [main] metadata.Hive: Total time spent in each metastore function (ms): {isCompatibleWith_(Configuration)=1}
2024-04-23T21:16:29,305  INFO [main] ql.Driver: Completed executing command(queryId=alex_20240423211629_275b43f4-27fd-4d5f-805f-3291b2275eb2); Time taken: 0.004 seconds
2024-04-23T21:16:29,305  INFO [main] lockmgr.DbTxnManager: Stopped heartbeat for query: alex_20240423211629_275b43f4-27fd-4d5f-805f-3291b2275eb2
2024-04-23T21:16:29,311  INFO [main] txn.TxnHandler: Expected to move at least one record from txn_components to completed_txn_components when committing txn! txnid:1
2024-04-23T21:16:29,316  INFO [main] txn.TxnHandler: Removed transactions: ([1]) from MIN_HISTORY_LEVEL
2024-04-23T21:16:29,316  WARN [main] txn.CompactionTxnHandler: No compaction queue record found for Compaction type transaction commit. txnId:1
2024-04-23T21:16:29,317  INFO [main] ql.TxnCommandsBaseForTests: Running the query: drop table if exists acidTblPart
2024-04-23T21:16:29,317  INFO [main] ql.Driver: Compiling command(queryId=alex_20240423211629_800a8d0c-3065-4016-ae6a-849d3211b491): drop table if exists acidTblPart
2024-04-23T21:16:29,319  INFO [main] txn.TxnHandler: Added entries to MIN_HISTORY_LEVEL for current txns: ([2]) with min_open_txn: 1
2024-04-23T21:16:29,319  INFO [main] lockmgr.DbTxnManager: Opened txnid:2
2024-04-23T21:16:29,320  INFO [main] HiveMetaStore.audit: ugi=alex	ip=unknown-ip-addr	cmd=get_table : tbl=hive.default.acidTblPart	
2024-04-23T21:16:29,322  INFO [main] ql.Driver: Semantic Analysis Completed (retrial = false)
2024-04-23T21:16:29,322  INFO [main] ql.Driver: Created Hive schema: Schema(fieldSchemas:null, properties:null)
2024-04-23T21:16:29,323  INFO [main] metadata.Hive: Dumping metastore api call timing information for : compilation phase
2024-04-23T21:16:29,323  INFO [main] metadata.Hive: Total time spent in each metastore function (ms): {isCompatibleWith_(Configuration)=0, commitTxn_(CommitTxnRequest)=11, getValidTxns_(long)=1, openTxn_(String, TxnType)=2, flushCache_()=0}
2024-04-23T21:16:29,323  INFO [main] ql.Driver: Completed compiling command(queryId=alex_20240423211629_800a8d0c-3065-4016-ae6a-849d3211b491); Time taken: 0.005 seconds
2024-04-23T21:16:29,323  INFO [main] lockmgr.DbTxnManager: Setting lock request transaction to txnid:2 for queryId=alex_20240423211629_800a8d0c-3065-4016-ae6a-849d3211b491
2024-04-23T21:16:29,323  INFO [main] ql.Driver: Operation DROPTABLE obtained 0 locks
2024-04-23T21:16:29,323  INFO [main] ql.Driver: Executing command(queryId=alex_20240423211629_800a8d0c-3065-4016-ae6a-849d3211b491): drop table if exists acidTblPart
2024-04-23T21:16:29,323  INFO [main] ql.Driver: Starting task [Stage-0:DDL] in serial mode
2024-04-23T21:16:29,324  INFO [main] HiveMetaStore.audit: ugi=alex	ip=unknown-ip-addr	cmd=get_table : tbl=hive.default.acidTblPart	
2024-04-23T21:16:29,326  INFO [main] metadata.Hive: Dumping metastore api call timing information for : execution phase
2024-04-23T21:16:29,327  INFO [main] metadata.Hive: Total time spent in each metastore function (ms): {isCompatibleWith_(Configuration)=0}
2024-04-23T21:16:29,327  INFO [main] ql.Driver: Completed executing command(queryId=alex_20240423211629_800a8d0c-3065-4016-ae6a-849d3211b491); Time taken: 0.003 seconds
2024-04-23T21:16:29,327  INFO [main] lockmgr.DbTxnManager: Stopped heartbeat for query: alex_20240423211629_800a8d0c-3065-4016-ae6a-849d3211b491
2024-04-23T21:16:29,333  INFO [main] txn.TxnHandler: Expected to move at least one record from txn_components to completed_txn_components when committing txn! txnid:2
2024-04-23T21:16:29,338  INFO [main] txn.TxnHandler: Removed transactions: ([2]) from MIN_HISTORY_LEVEL
2024-04-23T21:16:29,338  WARN [main] txn.CompactionTxnHandler: No compaction queue record found for Compaction type transaction commit. txnId:2
2024-04-23T21:16:29,339  INFO [main] ql.TxnCommandsBaseForTests: Running the query: drop table if exists acidTbl2
2024-04-23T21:16:29,339  INFO [main] ql.Driver: Compiling command(queryId=alex_20240423211629_5d5d6a7c-cc71-40a7-a2d9-62e745b63243): drop table if exists acidTbl2
2024-04-23T21:16:29,341  INFO [main] txn.TxnHandler: Added entries to MIN_HISTORY_LEVEL for current txns: ([3]) with min_open_txn: 1
2024-04-23T21:16:29,342  INFO [main] lockmgr.DbTxnManager: Opened txnid:3
2024-04-23T21:16:29,342  INFO [main] HiveMetaStore.audit: ugi=alex	ip=unknown-ip-addr	cmd=get_table : tbl=hive.default.acidTbl2	
2024-04-23T21:16:29,345  INFO [main] ql.Driver: Semantic Analysis Completed (retrial = false)
2024-04-23T21:16:29,345  INFO [main] ql.Driver: Created Hive schema: Schema(fieldSchemas:null, properties:null)
2024-04-23T21:16:29,345  INFO [main] metadata.Hive: Dumping metastore api call timing information for : compilation phase
2024-04-23T21:16:29,346  INFO [main] metadata.Hive: Total time spent in each metastore function (ms): {isCompatibleWith_(Configuration)=0, openTxn_(String, TxnType)=2, flushCache_()=0, commitTxn_(CommitTxnRequest)=12, getValidTxns_(long)=0}
2024-04-23T21:16:29,346  INFO [main] ql.Driver: Completed compiling command(queryId=alex_20240423211629_5d5d6a7c-cc71-40a7-a2d9-62e745b63243); Time taken: 0.006 seconds
2024-04-23T21:16:29,346  INFO [main] lockmgr.DbTxnManager: Setting lock request transaction to txnid:3 for queryId=alex_20240423211629_5d5d6a7c-cc71-40a7-a2d9-62e745b63243
2024-04-23T21:16:29,346  INFO [main] ql.Driver: Operation DROPTABLE obtained 0 locks
2024-04-23T21:16:29,346  INFO [main] ql.Driver: Executing command(queryId=alex_20240423211629_5d5d6a7c-cc71-40a7-a2d9-62e745b63243): drop table if exists acidTbl2
2024-04-23T21:16:29,346  INFO [main] ql.Driver: Starting task [Stage-0:DDL] in serial mode
2024-04-23T21:16:29,347  INFO [main] HiveMetaStore.audit: ugi=alex	ip=unknown-ip-addr	cmd=get_table : tbl=hive.default.acidTbl2	
2024-04-23T21:16:29,350  INFO [main] metadata.Hive: Dumping metastore api call timing information for : execution phase
2024-04-23T21:16:29,350  INFO [main] metadata.Hive: Total time spent in each metastore function (ms): {isCompatibleWith_(Configuration)=0}
2024-04-23T21:16:29,351  INFO [main] ql.Driver: Completed executing command(queryId=alex_20240423211629_5d5d6a7c-cc71-40a7-a2d9-62e745b63243); Time taken: 0.004 seconds
2024-04-23T21:16:29,351  INFO [main] lockmgr.DbTxnManager: Stopped heartbeat for query: alex_20240423211629_5d5d6a7c-cc71-40a7-a2d9-62e745b63243
2024-04-23T21:16:29,355  INFO [main] txn.TxnHandler: Expected to move at least one record from txn_components to completed_txn_components when committing txn! txnid:3
2024-04-23T21:16:29,360  INFO [main] txn.TxnHandler: Removed transactions: ([3]) from MIN_HISTORY_LEVEL
2024-04-23T21:16:29,360  WARN [main] txn.CompactionTxnHandler: No compaction queue record found for Compaction type transaction commit. txnId:3
2024-04-23T21:16:29,360  INFO [main] ql.TxnCommandsBaseForTests: Running the query: drop table if exists nonAcidOrcTbl
2024-04-23T21:16:29,360  INFO [main] ql.Driver: Compiling command(queryId=alex_20240423211629_b5efed5a-65b4-4040-bf02-4087285eb3c8): drop table if exists nonAcidOrcTbl
2024-04-23T21:16:29,362  INFO [main] txn.TxnHandler: Added entries to MIN_HISTORY_LEVEL for current txns: ([4]) with min_open_txn: 1
2024-04-23T21:16:29,363  INFO [main] lockmgr.DbTxnManager: Opened txnid:4
2024-04-23T21:16:29,363  INFO [main] HiveMetaStore.audit: ugi=alex	ip=unknown-ip-addr	cmd=get_table : tbl=hive.default.nonAcidOrcTbl	
2024-04-23T21:16:29,366  INFO [main] ql.Driver: Semantic Analysis Completed (retrial = false)
2024-04-23T21:16:29,366  INFO [main] ql.Driver: Created Hive schema: Schema(fieldSchemas:null, properties:null)
2024-04-23T21:16:29,366  INFO [main] metadata.Hive: Dumping metastore api call timing information for : compilation phase
2024-04-23T21:16:29,366  INFO [main] metadata.Hive: Total time spent in each metastore function (ms): {openTxn_(String, TxnType)=2, flushCache_()=0, commitTxn_(CommitTxnRequest)=9, isCompatibleWith_(Configuration)=0, getValidTxns_(long)=0}
2024-04-23T21:16:29,366  INFO [main] ql.Driver: Completed compiling command(queryId=alex_20240423211629_b5efed5a-65b4-4040-bf02-4087285eb3c8); Time taken: 0.006 seconds
2024-04-23T21:16:29,367  INFO [main] lockmgr.DbTxnManager: Setting lock request transaction to txnid:4 for queryId=alex_20240423211629_b5efed5a-65b4-4040-bf02-4087285eb3c8
2024-04-23T21:16:29,367  INFO [main] ql.Driver: Operation DROPTABLE obtained 0 locks
2024-04-23T21:16:29,367  INFO [main] ql.Driver: Executing command(queryId=alex_20240423211629_b5efed5a-65b4-4040-bf02-4087285eb3c8): drop table if exists nonAcidOrcTbl
2024-04-23T21:16:29,367  INFO [main] ql.Driver: Starting task [Stage-0:DDL] in serial mode
2024-04-23T21:16:29,367  INFO [main] HiveMetaStore.audit: ugi=alex	ip=unknown-ip-addr	cmd=get_table : tbl=hive.default.nonAcidOrcTbl	
2024-04-23T21:16:29,370  INFO [main] metadata.Hive: Dumping metastore api call timing information for : execution phase
2024-04-23T21:16:29,370  INFO [main] metadata.Hive: Total time spent in each metastore function (ms): {isCompatibleWith_(Configuration)=0}
2024-04-23T21:16:29,370  INFO [main] ql.Driver: Completed executing command(queryId=alex_20240423211629_b5efed5a-65b4-4040-bf02-4087285eb3c8); Time taken: 0.003 seconds
2024-04-23T21:16:29,370  INFO [main] lockmgr.DbTxnManager: Stopped heartbeat for query: alex_20240423211629_b5efed5a-65b4-4040-bf02-4087285eb3c8
2024-04-23T21:16:29,374  INFO [main] txn.TxnHandler: Expected to move at least one record from txn_components to completed_txn_components when committing txn! txnid:4
2024-04-23T21:16:29,379  INFO [main] txn.TxnHandler: Removed transactions: ([4]) from MIN_HISTORY_LEVEL
2024-04-23T21:16:29,379  WARN [main] txn.CompactionTxnHandler: No compaction queue record found for Compaction type transaction commit. txnId:4
2024-04-23T21:16:29,379  INFO [main] ql.TxnCommandsBaseForTests: Running the query: drop table if exists nonAcidOrcTbl2
2024-04-23T21:16:29,380  INFO [main] ql.Driver: Compiling command(queryId=alex_20240423211629_6c3da9eb-4f47-41d5-9e64-e12fe23df1f2): drop table if exists nonAcidOrcTbl2
2024-04-23T21:16:29,382  INFO [main] txn.TxnHandler: Added entries to MIN_HISTORY_LEVEL for current txns: ([5]) with min_open_txn: 1
2024-04-23T21:16:29,382  INFO [main] lockmgr.DbTxnManager: Opened txnid:5
2024-04-23T21:16:29,382  INFO [main] HiveMetaStore.audit: ugi=alex	ip=unknown-ip-addr	cmd=get_table : tbl=hive.default.nonAcidOrcTbl2	
2024-04-23T21:16:29,385  INFO [main] ql.Driver: Semantic Analysis Completed (retrial = false)
2024-04-23T21:16:29,385  INFO [main] ql.Driver: Created Hive schema: Schema(fieldSchemas:null, properties:null)
2024-04-23T21:16:29,385  INFO [main] metadata.Hive: Dumping metastore api call timing information for : compilation phase
2024-04-23T21:16:29,385  INFO [main] metadata.Hive: Total time spent in each metastore function (ms): {flushCache_()=0, getValidTxns_(long)=0, commitTxn_(CommitTxnRequest)=9, openTxn_(String, TxnType)=2, isCompatibleWith_(Configuration)=0}
2024-04-23T21:16:29,386  INFO [main] ql.Driver: Completed compiling command(queryId=alex_20240423211629_6c3da9eb-4f47-41d5-9e64-e12fe23df1f2); Time taken: 0.005 seconds
2024-04-23T21:16:29,386  INFO [main] lockmgr.DbTxnManager: Setting lock request transaction to txnid:5 for queryId=alex_20240423211629_6c3da9eb-4f47-41d5-9e64-e12fe23df1f2
2024-04-23T21:16:29,386  INFO [main] ql.Driver: Operation DROPTABLE obtained 0 locks
2024-04-23T21:16:29,386  INFO [main] ql.Driver: Executing command(queryId=alex_20240423211629_6c3da9eb-4f47-41d5-9e64-e12fe23df1f2): drop table if exists nonAcidOrcTbl2
2024-04-23T21:16:29,386  INFO [main] ql.Driver: Starting task [Stage-0:DDL] in serial mode
2024-04-23T21:16:29,386  INFO [main] HiveMetaStore.audit: ugi=alex	ip=unknown-ip-addr	cmd=get_table : tbl=hive.default.nonAcidOrcTbl2	
2024-04-23T21:16:29,389  INFO [main] metadata.Hive: Dumping metastore api call timing information for : execution phase
2024-04-23T21:16:29,389  INFO [main] metadata.Hive: Total time spent in each metastore function (ms): {isCompatibleWith_(Configuration)=0}
2024-04-23T21:16:29,390  INFO [main] ql.Driver: Completed executing command(queryId=alex_20240423211629_6c3da9eb-4f47-41d5-9e64-e12fe23df1f2); Time taken: 0.003 seconds
2024-04-23T21:16:29,390  INFO [main] lockmgr.DbTxnManager: Stopped heartbeat for query: alex_20240423211629_6c3da9eb-4f47-41d5-9e64-e12fe23df1f2
2024-04-23T21:16:29,395  INFO [main] txn.TxnHandler: Expected to move at least one record from txn_components to completed_txn_components when committing txn! txnid:5
2024-04-23T21:16:29,399  INFO [main] txn.TxnHandler: Removed transactions: ([5]) from MIN_HISTORY_LEVEL
2024-04-23T21:16:29,399  WARN [main] txn.CompactionTxnHandler: No compaction queue record found for Compaction type transaction commit. txnId:5
2024-04-23T21:16:29,400  INFO [main] ql.TxnCommandsBaseForTests: Running the query: drop table if exists nonAcidNonBucket
2024-04-23T21:16:29,400  INFO [main] ql.Driver: Compiling command(queryId=alex_20240423211629_e8dd0c93-732d-492e-a5f8-a31bbf15e261): drop table if exists nonAcidNonBucket
2024-04-23T21:16:29,402  INFO [main] txn.TxnHandler: Added entries to MIN_HISTORY_LEVEL for current txns: ([6]) with min_open_txn: 1
2024-04-23T21:16:29,403  INFO [main] lockmgr.DbTxnManager: Opened txnid:6
2024-04-23T21:16:29,403  INFO [main] HiveMetaStore.audit: ugi=alex	ip=unknown-ip-addr	cmd=get_table : tbl=hive.default.nonAcidNonBucket	
2024-04-23T21:16:29,406  INFO [main] ql.Driver: Semantic Analysis Completed (retrial = false)
2024-04-23T21:16:29,406  INFO [main] ql.Driver: Created Hive schema: Schema(fieldSchemas:null, properties:null)
2024-04-23T21:16:29,406  INFO [main] metadata.Hive: Dumping metastore api call timing information for : compilation phase
2024-04-23T21:16:29,406  INFO [main] metadata.Hive: Total time spent in each metastore function (ms): {openTxn_(String, TxnType)=2, isCompatibleWith_(Configuration)=0, getValidTxns_(long)=0, commitTxn_(CommitTxnRequest)=10, flushCache_()=0}
2024-04-23T21:16:29,407  INFO [main] ql.Driver: Completed compiling command(queryId=alex_20240423211629_e8dd0c93-732d-492e-a5f8-a31bbf15e261); Time taken: 0.006 seconds
2024-04-23T21:16:29,407  INFO [main] lockmgr.DbTxnManager: Setting lock request transaction to txnid:6 for queryId=alex_20240423211629_e8dd0c93-732d-492e-a5f8-a31bbf15e261
2024-04-23T21:16:29,407  INFO [main] ql.Driver: Operation DROPTABLE obtained 0 locks
2024-04-23T21:16:29,407  INFO [main] ql.Driver: Executing command(queryId=alex_20240423211629_e8dd0c93-732d-492e-a5f8-a31bbf15e261): drop table if exists nonAcidNonBucket
2024-04-23T21:16:29,407  INFO [main] ql.Driver: Starting task [Stage-0:DDL] in serial mode
2024-04-23T21:16:29,407  INFO [main] HiveMetaStore.audit: ugi=alex	ip=unknown-ip-addr	cmd=get_table : tbl=hive.default.nonAcidNonBucket	
2024-04-23T21:16:29,410  INFO [main] metadata.Hive: Dumping metastore api call timing information for : execution phase
2024-04-23T21:16:29,410  INFO [main] metadata.Hive: Total time spent in each metastore function (ms): {isCompatibleWith_(Configuration)=0}
2024-04-23T21:16:29,410  INFO [main] ql.Driver: Completed executing command(queryId=alex_20240423211629_e8dd0c93-732d-492e-a5f8-a31bbf15e261); Time taken: 0.003 seconds
2024-04-23T21:16:29,410  INFO [main] lockmgr.DbTxnManager: Stopped heartbeat for query: alex_20240423211629_e8dd0c93-732d-492e-a5f8-a31bbf15e261
2024-04-23T21:16:29,415  INFO [main] txn.TxnHandler: Expected to move at least one record from txn_components to completed_txn_components when committing txn! txnid:6
2024-04-23T21:16:29,419  INFO [main] txn.TxnHandler: Removed transactions: ([6]) from MIN_HISTORY_LEVEL
2024-04-23T21:16:29,419  WARN [main] txn.CompactionTxnHandler: No compaction queue record found for Compaction type transaction commit. txnId:6
2024-04-23T21:16:29,420  INFO [main] ql.TxnCommandsBaseForTests: Running the query: create table acidTbl(a int, b int) clustered by (a) into 2 buckets stored as orc TBLPROPERTIES ('transactional'='true')
2024-04-23T21:16:29,420  INFO [main] ql.Driver: Compiling command(queryId=alex_20240423211629_5fcce38d-1bef-474a-97c6-890ac643d68f): create table acidTbl(a int, b int) clustered by (a) into 2 buckets stored as orc TBLPROPERTIES ('transactional'='true')
2024-04-23T21:16:29,423  INFO [main] txn.TxnHandler: Added entries to MIN_HISTORY_LEVEL for current txns: ([7]) with min_open_txn: 1
2024-04-23T21:16:29,423  INFO [main] lockmgr.DbTxnManager: Opened txnid:7
2024-04-23T21:16:29,423  INFO [main] parse.CalcitePlanner: Starting caching scope for: 
2024-04-23T21:16:29,423  INFO [main] parse.CalcitePlanner: Starting Semantic Analysis
2024-04-23T21:16:29,428  INFO [main] parse.CalcitePlanner: Creating table default.acidTbl position=13
2024-04-23T21:16:29,428  INFO [main] HiveMetaStore.audit: ugi=alex	ip=unknown-ip-addr	cmd=get_database: default	
2024-04-23T21:16:29,430  INFO [main] parse.CalcitePlanner: Ending caching scope for: 
2024-04-23T21:16:29,430  INFO [main] ql.Driver: Semantic Analysis Completed (retrial = false)
2024-04-23T21:16:29,430  INFO [main] ql.Driver: Created Hive schema: Schema(fieldSchemas:null, properties:null)
2024-04-23T21:16:29,430  INFO [main] metadata.Hive: Dumping metastore api call timing information for : compilation phase
2024-04-23T21:16:29,430  INFO [main] metadata.Hive: Total time spent in each metastore function (ms): {commitTxn_(CommitTxnRequest)=9, getValidTxns_(long)=0, flushCache_()=0, isCompatibleWith_(Configuration)=0, getValidWriteIds_(List, String)=4, openTxn_(String, TxnType)=2, getDatabase_(String)=2}
2024-04-23T21:16:29,430  INFO [main] ql.Driver: Completed compiling command(queryId=alex_20240423211629_5fcce38d-1bef-474a-97c6-890ac643d68f); Time taken: 0.01 seconds
2024-04-23T21:16:29,430  INFO [main] lockmgr.DbTxnManager: Setting lock request transaction to txnid:7 for queryId=alex_20240423211629_5fcce38d-1bef-474a-97c6-890ac643d68f
2024-04-23T21:16:29,431  INFO [main] lockmgr.DbLockManager: Requesting lock for queryId=alex_20240423211629_5fcce38d-1bef-474a-97c6-890ac643d68f
2024-04-23T21:16:29,446  INFO [main] lockmgr.DbLockManager: Response to queryId=alex_20240423211629_5fcce38d-1bef-474a-97c6-890ac643d68f LockResponse(lockid:1, state:ACQUIRED)
2024-04-23T21:16:29,446  INFO [main] ql.Driver: Operation CREATETABLE obtained 1 locks
2024-04-23T21:16:29,446  INFO [main] ql.Driver: Executing command(queryId=alex_20240423211629_5fcce38d-1bef-474a-97c6-890ac643d68f): create table acidTbl(a int, b int) clustered by (a) into 2 buckets stored as orc TBLPROPERTIES ('transactional'='true')
2024-04-23T21:16:29,447  INFO [main] ql.Driver: Starting task [Stage-0:DDL] in serial mode
2024-04-23T21:16:29,448  INFO [main] HiveMetaStore.audit: ugi=alex	ip=unknown-ip-addr	cmd=create_table_req: Table(tableName:acidTbl, dbName:default, owner:alex, createTime:1713932189, lastAccessTime:0, retention:0, sd:StorageDescriptor(cols:[FieldSchema(name:a, type:int, comment:null), FieldSchema(name:b, type:int, comment:null)], location:null, inputFormat:org.apache.hadoop.hive.ql.io.orc.OrcInputFormat, outputFormat:org.apache.hadoop.hive.ql.io.orc.OrcOutputFormat, compressed:false, numBuckets:2, serdeInfo:SerDeInfo(name:null, serializationLib:org.apache.hadoop.hive.ql.io.orc.OrcSerde, parameters:{serialization.format=1}), bucketCols:[a], sortCols:[], parameters:{}, skewedInfo:SkewedInfo(skewedColNames:[], skewedColValues:[], skewedColValueLocationMaps:{}), storedAsSubDirectories:false), partitionKeys:[], parameters:{COLUMN_STATS_ACCURATE={"BASIC_STATS":"true","COLUMN_STATS":{"a":"true","b":"true"}}, numFiles=0, transactional=true, numFilesErasureCoded=0, numRows=0, totalSize=0, rawDataSize=0, bucketing_version=2}, viewOriginalText:null, viewExpandedText:null, tableType:MANAGED_TABLE, privileges:PrincipalPrivilegeSet(userPrivileges:{alex=[PrivilegeGrantInfo(privilege:INSERT, createTime:-1, grantor:alex, grantorType:USER, grantOption:true), PrivilegeGrantInfo(privilege:SELECT, createTime:-1, grantor:alex, grantorType:USER, grantOption:true), PrivilegeGrantInfo(privilege:UPDATE, createTime:-1, grantor:alex, grantorType:USER, grantOption:true), PrivilegeGrantInfo(privilege:DELETE, createTime:-1, grantor:alex, grantorType:USER, grantOption:true)]}, groupPrivileges:null, rolePrivileges:null), temporary:false, catName:hive, ownerType:USER, writeId:0)	
2024-04-23T21:16:29,453  INFO [main] utils.FileUtils: Creating directory if it doesn't exist: file:/home/alex/Repositories/hive/ql/target/tmp/org.apache.hadoop.hive.ql.TestTxnNoBuckets-1713932056679/warehouse/acidtbl
2024-04-23T21:16:29,485  INFO [main] metadata.Hive: Dumping metastore api call timing information for : execution phase
2024-04-23T21:16:29,485  INFO [main] metadata.Hive: Total time spent in each metastore function (ms): {isCompatibleWith_(Configuration)=0, createTable_(Table)=37}
2024-04-23T21:16:29,485  INFO [main] ql.Driver: Completed executing command(queryId=alex_20240423211629_5fcce38d-1bef-474a-97c6-890ac643d68f); Time taken: 0.039 seconds
2024-04-23T21:16:29,485  INFO [main] lockmgr.DbTxnManager: Stopped heartbeat for query: alex_20240423211629_5fcce38d-1bef-474a-97c6-890ac643d68f
2024-04-23T21:16:29,488  INFO [main] txn.TxnHandler: Expected to move at least one record from txn_components to completed_txn_components when committing txn! txnid:7
2024-04-23T21:16:29,493  INFO [main] txn.TxnHandler: Removed transactions: ([7]) from MIN_HISTORY_LEVEL
2024-04-23T21:16:29,494  WARN [main] txn.CompactionTxnHandler: No compaction queue record found for Compaction type transaction commit. txnId:7
2024-04-23T21:16:29,495  INFO [main] ql.TxnCommandsBaseForTests: Running the query: create table acidTblPart(a int, b int) partitioned by (p string) clustered by (a) into 2 buckets stored as orc TBLPROPERTIES ('transactional'='true')
2024-04-23T21:16:29,495  INFO [main] ql.Driver: Compiling command(queryId=alex_20240423211629_4b4af918-ae48-43cd-bc6b-c52819e3e854): create table acidTblPart(a int, b int) partitioned by (p string) clustered by (a) into 2 buckets stored as orc TBLPROPERTIES ('transactional'='true')
2024-04-23T21:16:29,497  INFO [main] txn.TxnHandler: Added entries to MIN_HISTORY_LEVEL for current txns: ([8]) with min_open_txn: 1
2024-04-23T21:16:29,497  INFO [main] lockmgr.DbTxnManager: Opened txnid:8
2024-04-23T21:16:29,498  INFO [main] parse.CalcitePlanner: Starting caching scope for: 
2024-04-23T21:16:29,498  INFO [main] parse.CalcitePlanner: Starting Semantic Analysis
2024-04-23T21:16:29,500  INFO [main] parse.CalcitePlanner: Creating table default.acidTblPart position=13
2024-04-23T21:16:29,501  INFO [main] HiveMetaStore.audit: ugi=alex	ip=unknown-ip-addr	cmd=get_database: default	
2024-04-23T21:16:29,502  INFO [main] parse.CalcitePlanner: Ending caching scope for: 
2024-04-23T21:16:29,502  INFO [main] ql.Driver: Semantic Analysis Completed (retrial = false)
2024-04-23T21:16:29,502  INFO [main] ql.Driver: Created Hive schema: Schema(fieldSchemas:null, properties:null)
2024-04-23T21:16:29,502  INFO [main] metadata.Hive: Dumping metastore api call timing information for : compilation phase
2024-04-23T21:16:29,502  INFO [main] metadata.Hive: Total time spent in each metastore function (ms): {getValidTxns_(long)=0, flushCache_()=1, getDatabase_(String)=2, commitTxn_(CommitTxnRequest)=10, isCompatibleWith_(Configuration)=0, openTxn_(String, TxnType)=1, getValidWriteIds_(List, String)=2}
2024-04-23T21:16:29,503  INFO [main] ql.Driver: Completed compiling command(queryId=alex_20240423211629_4b4af918-ae48-43cd-bc6b-c52819e3e854); Time taken: 0.007 seconds
2024-04-23T21:16:29,503  INFO [main] lockmgr.DbTxnManager: Setting lock request transaction to txnid:8 for queryId=alex_20240423211629_4b4af918-ae48-43cd-bc6b-c52819e3e854
2024-04-23T21:16:29,503  INFO [main] lockmgr.DbLockManager: Requesting lock for queryId=alex_20240423211629_4b4af918-ae48-43cd-bc6b-c52819e3e854
2024-04-23T21:16:29,515  INFO [main] lockmgr.DbLockManager: Response to queryId=alex_20240423211629_4b4af918-ae48-43cd-bc6b-c52819e3e854 LockResponse(lockid:2, state:ACQUIRED)
2024-04-23T21:16:29,515  INFO [main] ql.Driver: Operation CREATETABLE obtained 1 locks
2024-04-23T21:16:29,516  INFO [main] ql.Driver: Executing command(queryId=alex_20240423211629_4b4af918-ae48-43cd-bc6b-c52819e3e854): create table acidTblPart(a int, b int) partitioned by (p string) clustered by (a) into 2 buckets stored as orc TBLPROPERTIES ('transactional'='true')
2024-04-23T21:16:29,516  INFO [main] ql.Driver: Starting task [Stage-0:DDL] in serial mode
2024-04-23T21:16:29,517  INFO [main] HiveMetaStore.audit: ugi=alex	ip=unknown-ip-addr	cmd=create_table_req: Table(tableName:acidTblPart, dbName:default, owner:alex, createTime:1713932189, lastAccessTime:0, retention:0, sd:StorageDescriptor(cols:[FieldSchema(name:a, type:int, comment:null), FieldSchema(name:b, type:int, comment:null)], location:null, inputFormat:org.apache.hadoop.hive.ql.io.orc.OrcInputFormat, outputFormat:org.apache.hadoop.hive.ql.io.orc.OrcOutputFormat, compressed:false, numBuckets:2, serdeInfo:SerDeInfo(name:null, serializationLib:org.apache.hadoop.hive.ql.io.orc.OrcSerde, parameters:{serialization.format=1}), bucketCols:[a], sortCols:[], parameters:{}, skewedInfo:SkewedInfo(skewedColNames:[], skewedColValues:[], skewedColValueLocationMaps:{}), storedAsSubDirectories:false), partitionKeys:[FieldSchema(name:p, type:string, comment:null)], parameters:{transactional=true, bucketing_version=2}, viewOriginalText:null, viewExpandedText:null, tableType:MANAGED_TABLE, privileges:PrincipalPrivilegeSet(userPrivileges:{alex=[PrivilegeGrantInfo(privilege:INSERT, createTime:-1, grantor:alex, grantorType:USER, grantOption:true), PrivilegeGrantInfo(privilege:SELECT, createTime:-1, grantor:alex, grantorType:USER, grantOption:true), PrivilegeGrantInfo(privilege:UPDATE, createTime:-1, grantor:alex, grantorType:USER, grantOption:true), PrivilegeGrantInfo(privilege:DELETE, createTime:-1, grantor:alex, grantorType:USER, grantOption:true)]}, groupPrivileges:null, rolePrivileges:null), temporary:false, catName:hive, ownerType:USER, writeId:0)	
2024-04-23T21:16:29,522  INFO [main] utils.FileUtils: Creating directory if it doesn't exist: file:/home/alex/Repositories/hive/ql/target/tmp/org.apache.hadoop.hive.ql.TestTxnNoBuckets-1713932056679/warehouse/acidtblpart
2024-04-23T21:16:29,536  INFO [main] metadata.Hive: Dumping metastore api call timing information for : execution phase
2024-04-23T21:16:29,536  INFO [main] metadata.Hive: Total time spent in each metastore function (ms): {isCompatibleWith_(Configuration)=0, createTable_(Table)=19}
2024-04-23T21:16:29,536  INFO [main] ql.Driver: Completed executing command(queryId=alex_20240423211629_4b4af918-ae48-43cd-bc6b-c52819e3e854); Time taken: 0.02 seconds
2024-04-23T21:16:29,537  INFO [main] lockmgr.DbTxnManager: Stopped heartbeat for query: alex_20240423211629_4b4af918-ae48-43cd-bc6b-c52819e3e854
2024-04-23T21:16:29,540  INFO [main] txn.TxnHandler: Expected to move at least one record from txn_components to completed_txn_components when committing txn! txnid:8
2024-04-23T21:16:29,545  INFO [main] txn.TxnHandler: Removed transactions: ([8]) from MIN_HISTORY_LEVEL
2024-04-23T21:16:29,545  WARN [main] txn.CompactionTxnHandler: No compaction queue record found for Compaction type transaction commit. txnId:8
2024-04-23T21:16:29,545  INFO [main] ql.TxnCommandsBaseForTests: Running the query: create table nonAcidOrcTbl(a int, b int) clustered by (a) into 2 buckets stored as orc TBLPROPERTIES ('transactional'='false')
2024-04-23T21:16:29,546  INFO [main] ql.Driver: Compiling command(queryId=alex_20240423211629_e9569307-dee8-4dea-a741-507dec16fb94): create table nonAcidOrcTbl(a int, b int) clustered by (a) into 2 buckets stored as orc TBLPROPERTIES ('transactional'='false')
2024-04-23T21:16:29,548  INFO [main] txn.TxnHandler: Added entries to MIN_HISTORY_LEVEL for current txns: ([9]) with min_open_txn: 1
2024-04-23T21:16:29,548  INFO [main] lockmgr.DbTxnManager: Opened txnid:9
2024-04-23T21:16:29,548  INFO [main] parse.CalcitePlanner: Starting caching scope for: 
2024-04-23T21:16:29,548  INFO [main] parse.CalcitePlanner: Starting Semantic Analysis
2024-04-23T21:16:29,550  INFO [main] parse.CalcitePlanner: Creating table default.nonAcidOrcTbl position=13
2024-04-23T21:16:29,551  INFO [main] HiveMetaStore.audit: ugi=alex	ip=unknown-ip-addr	cmd=get_database: default	
2024-04-23T21:16:29,552  INFO [main] parse.CalcitePlanner: Ending caching scope for: 
2024-04-23T21:16:29,552  INFO [main] ql.Driver: Semantic Analysis Completed (retrial = false)
2024-04-23T21:16:29,552  INFO [main] ql.Driver: Created Hive schema: Schema(fieldSchemas:null, properties:null)
2024-04-23T21:16:29,552  INFO [main] metadata.Hive: Dumping metastore api call timing information for : compilation phase
2024-04-23T21:16:29,552  INFO [main] metadata.Hive: Total time spent in each metastore function (ms): {getValidTxns_(long)=0, flushCache_()=0, getDatabase_(String)=1, commitTxn_(CommitTxnRequest)=8, getValidWriteIds_(List, String)=1, isCompatibleWith_(Configuration)=1, openTxn_(String, TxnType)=2}
2024-04-23T21:16:29,553  INFO [main] ql.Driver: Completed compiling command(queryId=alex_20240423211629_e9569307-dee8-4dea-a741-507dec16fb94); Time taken: 0.006 seconds
2024-04-23T21:16:29,553  INFO [main] lockmgr.DbTxnManager: Setting lock request transaction to txnid:9 for queryId=alex_20240423211629_e9569307-dee8-4dea-a741-507dec16fb94
2024-04-23T21:16:29,553  INFO [main] lockmgr.DbLockManager: Requesting lock for queryId=alex_20240423211629_e9569307-dee8-4dea-a741-507dec16fb94
2024-04-23T21:16:29,565  INFO [main] lockmgr.DbLockManager: Response to queryId=alex_20240423211629_e9569307-dee8-4dea-a741-507dec16fb94 LockResponse(lockid:3, state:ACQUIRED)
2024-04-23T21:16:29,566  INFO [main] ql.Driver: Operation CREATETABLE obtained 1 locks
2024-04-23T21:16:29,566  INFO [main] ql.Driver: Executing command(queryId=alex_20240423211629_e9569307-dee8-4dea-a741-507dec16fb94): create table nonAcidOrcTbl(a int, b int) clustered by (a) into 2 buckets stored as orc TBLPROPERTIES ('transactional'='false')
2024-04-23T21:16:29,566  INFO [main] ql.Driver: Starting task [Stage-0:DDL] in serial mode
2024-04-23T21:16:29,567  INFO [main] HiveMetaStore.audit: ugi=alex	ip=unknown-ip-addr	cmd=create_table_req: Table(tableName:nonAcidOrcTbl, dbName:default, owner:alex, createTime:1713932189, lastAccessTime:0, retention:0, sd:StorageDescriptor(cols:[FieldSchema(name:a, type:int, comment:null), FieldSchema(name:b, type:int, comment:null)], location:null, inputFormat:org.apache.hadoop.hive.ql.io.orc.OrcInputFormat, outputFormat:org.apache.hadoop.hive.ql.io.orc.OrcOutputFormat, compressed:false, numBuckets:2, serdeInfo:SerDeInfo(name:null, serializationLib:org.apache.hadoop.hive.ql.io.orc.OrcSerde, parameters:{serialization.format=1}), bucketCols:[a], sortCols:[], parameters:{}, skewedInfo:SkewedInfo(skewedColNames:[], skewedColValues:[], skewedColValueLocationMaps:{}), storedAsSubDirectories:false), partitionKeys:[], parameters:{numFiles=0, transactional=false, totalSize=0, bucketing_version=2, COLUMN_STATS_ACCURATE={"BASIC_STATS":"true","COLUMN_STATS":{"a":"true","b":"true"}}, numRows=0, rawDataSize=0, numFilesErasureCoded=0}, viewOriginalText:null, viewExpandedText:null, tableType:MANAGED_TABLE, privileges:PrincipalPrivilegeSet(userPrivileges:{alex=[PrivilegeGrantInfo(privilege:INSERT, createTime:-1, grantor:alex, grantorType:USER, grantOption:true), PrivilegeGrantInfo(privilege:SELECT, createTime:-1, grantor:alex, grantorType:USER, grantOption:true), PrivilegeGrantInfo(privilege:UPDATE, createTime:-1, grantor:alex, grantorType:USER, grantOption:true), PrivilegeGrantInfo(privilege:DELETE, createTime:-1, grantor:alex, grantorType:USER, grantOption:true)]}, groupPrivileges:null, rolePrivileges:null), temporary:false, catName:hive, ownerType:USER)	
2024-04-23T21:16:29,572  INFO [main] utils.FileUtils: Creating directory if it doesn't exist: file:/home/alex/Repositories/hive/ql/target/tmp/org.apache.hadoop.hive.ql.TestTxnNoBuckets-1713932056679/warehouse/nonacidorctbl
2024-04-23T21:16:29,587  INFO [main] metadata.Hive: Dumping metastore api call timing information for : execution phase
2024-04-23T21:16:29,587  INFO [main] metadata.Hive: Total time spent in each metastore function (ms): {createTable_(Table)=21, isCompatibleWith_(Configuration)=0}
2024-04-23T21:16:29,587  INFO [main] ql.Driver: Completed executing command(queryId=alex_20240423211629_e9569307-dee8-4dea-a741-507dec16fb94); Time taken: 0.021 seconds
2024-04-23T21:16:29,588  INFO [main] lockmgr.DbTxnManager: Stopped heartbeat for query: alex_20240423211629_e9569307-dee8-4dea-a741-507dec16fb94
2024-04-23T21:16:29,591  INFO [main] txn.TxnHandler: Expected to move at least one record from txn_components to completed_txn_components when committing txn! txnid:9
2024-04-23T21:16:29,596  INFO [main] txn.TxnHandler: Removed transactions: ([9]) from MIN_HISTORY_LEVEL
2024-04-23T21:16:29,596  WARN [main] txn.CompactionTxnHandler: No compaction queue record found for Compaction type transaction commit. txnId:9
2024-04-23T21:16:29,596  INFO [main] ql.TxnCommandsBaseForTests: Running the query: create table nonAcidOrcTbl2(a int, b int) clustered by (a) into 2 buckets stored as orc TBLPROPERTIES ('transactional'='false')
2024-04-23T21:16:29,597  INFO [main] ql.Driver: Compiling command(queryId=alex_20240423211629_1a4a32e1-1798-4375-ab9a-ca0cde3f6cd0): create table nonAcidOrcTbl2(a int, b int) clustered by (a) into 2 buckets stored as orc TBLPROPERTIES ('transactional'='false')
2024-04-23T21:16:29,599  INFO [main] txn.TxnHandler: Added entries to MIN_HISTORY_LEVEL for current txns: ([10]) with min_open_txn: 1
2024-04-23T21:16:29,599  INFO [main] lockmgr.DbTxnManager: Opened txnid:10
2024-04-23T21:16:29,600  INFO [main] parse.CalcitePlanner: Starting caching scope for: 
2024-04-23T21:16:29,600  INFO [main] parse.CalcitePlanner: Starting Semantic Analysis
2024-04-23T21:16:29,602  INFO [main] parse.CalcitePlanner: Creating table default.nonAcidOrcTbl2 position=13
2024-04-23T21:16:29,602  INFO [main] HiveMetaStore.audit: ugi=alex	ip=unknown-ip-addr	cmd=get_database: default	
2024-04-23T21:16:29,604  INFO [main] parse.CalcitePlanner: Ending caching scope for: 
2024-04-23T21:16:29,604  INFO [main] ql.Driver: Semantic Analysis Completed (retrial = false)
2024-04-23T21:16:29,604  INFO [main] ql.Driver: Created Hive schema: Schema(fieldSchemas:null, properties:null)
2024-04-23T21:16:29,604  INFO [main] metadata.Hive: Dumping metastore api call timing information for : compilation phase
2024-04-23T21:16:29,604  INFO [main] metadata.Hive: Total time spent in each metastore function (ms): {getValidTxns_(long)=1, openTxn_(String, TxnType)=2, commitTxn_(CommitTxnRequest)=8, flushCache_()=0, getDatabase_(String)=2, isCompatibleWith_(Configuration)=0, getValidWriteIds_(List, String)=2}
2024-04-23T21:16:29,604  INFO [main] ql.Driver: Completed compiling command(queryId=alex_20240423211629_1a4a32e1-1798-4375-ab9a-ca0cde3f6cd0); Time taken: 0.007 seconds
2024-04-23T21:16:29,605  INFO [main] lockmgr.DbTxnManager: Setting lock request transaction to txnid:10 for queryId=alex_20240423211629_1a4a32e1-1798-4375-ab9a-ca0cde3f6cd0
2024-04-23T21:16:29,605  INFO [main] lockmgr.DbLockManager: Requesting lock for queryId=alex_20240423211629_1a4a32e1-1798-4375-ab9a-ca0cde3f6cd0
2024-04-23T21:16:29,617  INFO [main] lockmgr.DbLockManager: Response to queryId=alex_20240423211629_1a4a32e1-1798-4375-ab9a-ca0cde3f6cd0 LockResponse(lockid:4, state:ACQUIRED)
2024-04-23T21:16:29,617  INFO [main] ql.Driver: Operation CREATETABLE obtained 1 locks
2024-04-23T21:16:29,617  INFO [main] ql.Driver: Executing command(queryId=alex_20240423211629_1a4a32e1-1798-4375-ab9a-ca0cde3f6cd0): create table nonAcidOrcTbl2(a int, b int) clustered by (a) into 2 buckets stored as orc TBLPROPERTIES ('transactional'='false')
2024-04-23T21:16:29,618  INFO [main] ql.Driver: Starting task [Stage-0:DDL] in serial mode
2024-04-23T21:16:29,619  INFO [main] HiveMetaStore.audit: ugi=alex	ip=unknown-ip-addr	cmd=create_table_req: Table(tableName:nonAcidOrcTbl2, dbName:default, owner:alex, createTime:1713932189, lastAccessTime:0, retention:0, sd:StorageDescriptor(cols:[FieldSchema(name:a, type:int, comment:null), FieldSchema(name:b, type:int, comment:null)], location:null, inputFormat:org.apache.hadoop.hive.ql.io.orc.OrcInputFormat, outputFormat:org.apache.hadoop.hive.ql.io.orc.OrcOutputFormat, compressed:false, numBuckets:2, serdeInfo:SerDeInfo(name:null, serializationLib:org.apache.hadoop.hive.ql.io.orc.OrcSerde, parameters:{serialization.format=1}), bucketCols:[a], sortCols:[], parameters:{}, skewedInfo:SkewedInfo(skewedColNames:[], skewedColValues:[], skewedColValueLocationMaps:{}), storedAsSubDirectories:false), partitionKeys:[], parameters:{totalSize=0, COLUMN_STATS_ACCURATE={"BASIC_STATS":"true","COLUMN_STATS":{"a":"true","b":"true"}}, numFiles=0, rawDataSize=0, transactional=false, bucketing_version=2, numRows=0, numFilesErasureCoded=0}, viewOriginalText:null, viewExpandedText:null, tableType:MANAGED_TABLE, privileges:PrincipalPrivilegeSet(userPrivileges:{alex=[PrivilegeGrantInfo(privilege:INSERT, createTime:-1, grantor:alex, grantorType:USER, grantOption:true), PrivilegeGrantInfo(privilege:SELECT, createTime:-1, grantor:alex, grantorType:USER, grantOption:true), PrivilegeGrantInfo(privilege:UPDATE, createTime:-1, grantor:alex, grantorType:USER, grantOption:true), PrivilegeGrantInfo(privilege:DELETE, createTime:-1, grantor:alex, grantorType:USER, grantOption:true)]}, groupPrivileges:null, rolePrivileges:null), temporary:false, catName:hive, ownerType:USER)	
2024-04-23T21:16:29,624  INFO [main] utils.FileUtils: Creating directory if it doesn't exist: file:/home/alex/Repositories/hive/ql/target/tmp/org.apache.hadoop.hive.ql.TestTxnNoBuckets-1713932056679/warehouse/nonacidorctbl2
2024-04-23T21:16:29,637  INFO [main] metadata.Hive: Dumping metastore api call timing information for : execution phase
2024-04-23T21:16:29,637  INFO [main] metadata.Hive: Total time spent in each metastore function (ms): {isCompatibleWith_(Configuration)=0, createTable_(Table)=19}
2024-04-23T21:16:29,637  INFO [main] ql.Driver: Completed executing command(queryId=alex_20240423211629_1a4a32e1-1798-4375-ab9a-ca0cde3f6cd0); Time taken: 0.02 seconds
2024-04-23T21:16:29,637  INFO [main] lockmgr.DbTxnManager: Stopped heartbeat for query: alex_20240423211629_1a4a32e1-1798-4375-ab9a-ca0cde3f6cd0
2024-04-23T21:16:29,641  INFO [main] txn.TxnHandler: Expected to move at least one record from txn_components to completed_txn_components when committing txn! txnid:10
2024-04-23T21:16:29,645  INFO [main] txn.TxnHandler: Removed transactions: ([10]) from MIN_HISTORY_LEVEL
2024-04-23T21:16:29,645  WARN [main] txn.CompactionTxnHandler: No compaction queue record found for Compaction type transaction commit. txnId:10
2024-04-23T21:16:29,646  INFO [main] ql.TxnCommandsBaseForTests: Running the query: create temporary  table acidTbl2(a int, b int, c int) clustered by (c) into 2 buckets stored as orc TBLPROPERTIES ('transactional'='true')
2024-04-23T21:16:29,646  INFO [main] ql.Driver: Compiling command(queryId=alex_20240423211629_b91940d4-3263-4471-88a6-2696118bf319): create temporary  table acidTbl2(a int, b int, c int) clustered by (c) into 2 buckets stored as orc TBLPROPERTIES ('transactional'='true')
2024-04-23T21:16:29,648  INFO [main] txn.TxnHandler: Added entries to MIN_HISTORY_LEVEL for current txns: ([11]) with min_open_txn: 1
2024-04-23T21:16:29,649  INFO [main] lockmgr.DbTxnManager: Opened txnid:11
2024-04-23T21:16:29,649  INFO [main] parse.CalcitePlanner: Starting caching scope for: 
2024-04-23T21:16:29,649  INFO [main] parse.CalcitePlanner: Starting Semantic Analysis
2024-04-23T21:16:29,651  INFO [main] parse.CalcitePlanner: Creating table default.acidTbl2 position=24
2024-04-23T21:16:29,652  INFO [main] HiveMetaStore.audit: ugi=alex	ip=unknown-ip-addr	cmd=get_database: default	
2024-04-23T21:16:29,653  INFO [main] parse.CalcitePlanner: Ending caching scope for: 
2024-04-23T21:16:29,653  INFO [main] ql.Driver: Semantic Analysis Completed (retrial = false)
2024-04-23T21:16:29,653  INFO [main] ql.Driver: Created Hive schema: Schema(fieldSchemas:null, properties:null)
2024-04-23T21:16:29,653  INFO [main] metadata.Hive: Dumping metastore api call timing information for : compilation phase
2024-04-23T21:16:29,653  INFO [main] metadata.Hive: Total time spent in each metastore function (ms): {isCompatibleWith_(Configuration)=1, commitTxn_(CommitTxnRequest)=8, getValidWriteIds_(List, String)=2, getValidTxns_(long)=0, getDatabase_(String)=2, openTxn_(String, TxnType)=2, flushCache_()=0}
2024-04-23T21:16:29,654  INFO [main] ql.Driver: Completed compiling command(queryId=alex_20240423211629_b91940d4-3263-4471-88a6-2696118bf319); Time taken: 0.007 seconds
2024-04-23T21:16:29,654  INFO [main] lockmgr.DbTxnManager: Setting lock request transaction to txnid:11 for queryId=alex_20240423211629_b91940d4-3263-4471-88a6-2696118bf319
2024-04-23T21:16:29,654  INFO [main] lockmgr.DbLockManager: Requesting lock for queryId=alex_20240423211629_b91940d4-3263-4471-88a6-2696118bf319
2024-04-23T21:16:29,668  INFO [main] lockmgr.DbLockManager: Response to queryId=alex_20240423211629_b91940d4-3263-4471-88a6-2696118bf319 LockResponse(lockid:5, state:ACQUIRED)
2024-04-23T21:16:29,668  INFO [main] ql.Driver: Operation CREATETABLE obtained 1 locks
2024-04-23T21:16:29,669  INFO [main] ql.Driver: Executing command(queryId=alex_20240423211629_b91940d4-3263-4471-88a6-2696118bf319): create temporary  table acidTbl2(a int, b int, c int) clustered by (c) into 2 buckets stored as orc TBLPROPERTIES ('transactional'='true')
2024-04-23T21:16:29,669  INFO [main] ql.Driver: Starting task [Stage-0:DDL] in serial mode
2024-04-23T21:16:29,671  INFO [main] utils.FileUtils: Creating directory if it doesn't exist: file:/home/alex/Repositories/hive/ql/target/tmp/scratchdir/alex/b72c85bc-72c7-4f7b-afc0-6d43af6e6c8d/_tmp_space.db/6a89bbfc-8ce1-4f45-9bf7-e8df22beb6bc
2024-04-23T21:16:29,674  INFO [main] metadata.Hive: Dumping metastore api call timing information for : execution phase
2024-04-23T21:16:29,674  INFO [main] metadata.Hive: Total time spent in each metastore function (ms): {isCompatibleWith_(Configuration)=0, createTable_(Table)=3}
2024-04-23T21:16:29,674  INFO [main] ql.Driver: Completed executing command(queryId=alex_20240423211629_b91940d4-3263-4471-88a6-2696118bf319); Time taken: 0.005 seconds
2024-04-23T21:16:29,674  INFO [main] lockmgr.DbTxnManager: Stopped heartbeat for query: alex_20240423211629_b91940d4-3263-4471-88a6-2696118bf319
2024-04-23T21:16:29,678  INFO [main] txn.TxnHandler: Expected to move at least one record from txn_components to completed_txn_components when committing txn! txnid:11
2024-04-23T21:16:29,684  INFO [main] txn.TxnHandler: Removed transactions: ([11]) from MIN_HISTORY_LEVEL
2024-04-23T21:16:29,684  WARN [main] txn.CompactionTxnHandler: No compaction queue record found for Compaction type transaction commit. txnId:11
2024-04-23T21:16:29,685  INFO [main] ql.TxnCommandsBaseForTests: Running the query: create table nonAcidNonBucket(a int, b int) stored as orc TBLPROPERTIES ('transactional'='false')
2024-04-23T21:16:29,685  INFO [main] ql.Driver: Compiling command(queryId=alex_20240423211629_2ce00db0-57b8-491d-b659-3ead62456c9a): create table nonAcidNonBucket(a int, b int) stored as orc TBLPROPERTIES ('transactional'='false')
2024-04-23T21:16:29,688  INFO [main] txn.TxnHandler: Added entries to MIN_HISTORY_LEVEL for current txns: ([12]) with min_open_txn: 1
2024-04-23T21:16:29,688  INFO [main] lockmgr.DbTxnManager: Opened txnid:12
2024-04-23T21:16:29,688  INFO [main] parse.CalcitePlanner: Starting caching scope for: 
2024-04-23T21:16:29,688  INFO [main] parse.CalcitePlanner: Starting Semantic Analysis
2024-04-23T21:16:29,691  INFO [main] parse.CalcitePlanner: Creating table default.nonAcidNonBucket position=13
2024-04-23T21:16:29,691  INFO [main] HiveMetaStore.audit: ugi=alex	ip=unknown-ip-addr	cmd=get_database: default	
2024-04-23T21:16:29,693  INFO [main] parse.CalcitePlanner: Ending caching scope for: 
2024-04-23T21:16:29,693  INFO [main] ql.Driver: Semantic Analysis Completed (retrial = false)
2024-04-23T21:16:29,693  INFO [main] ql.Driver: Created Hive schema: Schema(fieldSchemas:null, properties:null)
2024-04-23T21:16:29,693  INFO [main] metadata.Hive: Dumping metastore api call timing information for : compilation phase
2024-04-23T21:16:29,693  INFO [main] metadata.Hive: Total time spent in each metastore function (ms): {openTxn_(String, TxnType)=2, getValidWriteIds_(List, String)=2, getDatabase_(String)=1, commitTxn_(CommitTxnRequest)=11, flushCache_()=0, getValidTxns_(long)=0, isCompatibleWith_(Configuration)=0}
2024-04-23T21:16:29,693  INFO [main] ql.Driver: Completed compiling command(queryId=alex_20240423211629_2ce00db0-57b8-491d-b659-3ead62456c9a); Time taken: 0.008 seconds
2024-04-23T21:16:29,693  INFO [main] lockmgr.DbTxnManager: Setting lock request transaction to txnid:12 for queryId=alex_20240423211629_2ce00db0-57b8-491d-b659-3ead62456c9a
2024-04-23T21:16:29,693  INFO [main] lockmgr.DbLockManager: Requesting lock for queryId=alex_20240423211629_2ce00db0-57b8-491d-b659-3ead62456c9a
2024-04-23T21:16:29,707  INFO [main] lockmgr.DbLockManager: Response to queryId=alex_20240423211629_2ce00db0-57b8-491d-b659-3ead62456c9a LockResponse(lockid:6, state:ACQUIRED)
2024-04-23T21:16:29,707  INFO [main] ql.Driver: Operation CREATETABLE obtained 1 locks
2024-04-23T21:16:29,707  INFO [main] ql.Driver: Executing command(queryId=alex_20240423211629_2ce00db0-57b8-491d-b659-3ead62456c9a): create table nonAcidNonBucket(a int, b int) stored as orc TBLPROPERTIES ('transactional'='false')
2024-04-23T21:16:29,707  INFO [main] ql.Driver: Starting task [Stage-0:DDL] in serial mode
2024-04-23T21:16:29,708  INFO [main] HiveMetaStore.audit: ugi=alex	ip=unknown-ip-addr	cmd=create_table_req: Table(tableName:nonAcidNonBucket, dbName:default, owner:alex, createTime:1713932189, lastAccessTime:0, retention:0, sd:StorageDescriptor(cols:[FieldSchema(name:a, type:int, comment:null), FieldSchema(name:b, type:int, comment:null)], location:null, inputFormat:org.apache.hadoop.hive.ql.io.orc.OrcInputFormat, outputFormat:org.apache.hadoop.hive.ql.io.orc.OrcOutputFormat, compressed:false, numBuckets:-1, serdeInfo:SerDeInfo(name:null, serializationLib:org.apache.hadoop.hive.ql.io.orc.OrcSerde, parameters:{serialization.format=1}), bucketCols:[], sortCols:[], parameters:{}, skewedInfo:SkewedInfo(skewedColNames:[], skewedColValues:[], skewedColValueLocationMaps:{}), storedAsSubDirectories:false), partitionKeys:[], parameters:{COLUMN_STATS_ACCURATE={"BASIC_STATS":"true","COLUMN_STATS":{"a":"true","b":"true"}}, rawDataSize=0, numFilesErasureCoded=0, bucketing_version=2, numFiles=0, numRows=0, transactional=false, totalSize=0}, viewOriginalText:null, viewExpandedText:null, tableType:MANAGED_TABLE, privileges:PrincipalPrivilegeSet(userPrivileges:{alex=[PrivilegeGrantInfo(privilege:INSERT, createTime:-1, grantor:alex, grantorType:USER, grantOption:true), PrivilegeGrantInfo(privilege:SELECT, createTime:-1, grantor:alex, grantorType:USER, grantOption:true), PrivilegeGrantInfo(privilege:UPDATE, createTime:-1, grantor:alex, grantorType:USER, grantOption:true), PrivilegeGrantInfo(privilege:DELETE, createTime:-1, grantor:alex, grantorType:USER, grantOption:true)]}, groupPrivileges:null, rolePrivileges:null), temporary:false, catName:hive, ownerType:USER)	
2024-04-23T21:16:29,713  INFO [main] utils.FileUtils: Creating directory if it doesn't exist: file:/home/alex/Repositories/hive/ql/target/tmp/org.apache.hadoop.hive.ql.TestTxnNoBuckets-1713932056679/warehouse/nonacidnonbucket
2024-04-23T21:16:29,726  INFO [main] metadata.Hive: Dumping metastore api call timing information for : execution phase
2024-04-23T21:16:29,726  INFO [main] metadata.Hive: Total time spent in each metastore function (ms): {createTable_(Table)=17, isCompatibleWith_(Configuration)=0}
2024-04-23T21:16:29,726  INFO [main] ql.Driver: Completed executing command(queryId=alex_20240423211629_2ce00db0-57b8-491d-b659-3ead62456c9a); Time taken: 0.019 seconds
2024-04-23T21:16:29,726  INFO [main] lockmgr.DbTxnManager: Stopped heartbeat for query: alex_20240423211629_2ce00db0-57b8-491d-b659-3ead62456c9a
2024-04-23T21:16:29,730  INFO [main] txn.TxnHandler: Expected to move at least one record from txn_components to completed_txn_components when committing txn! txnid:12
2024-04-23T21:16:29,734  INFO [main] txn.TxnHandler: Removed transactions: ([12]) from MIN_HISTORY_LEVEL
2024-04-23T21:16:29,734  WARN [main] txn.CompactionTxnHandler: No compaction queue record found for Compaction type transaction commit. txnId:12
2024-04-23T21:16:29,735  INFO [main] ql.TxnCommandsBaseForTests: Running the query: drop table if exists tmp
2024-04-23T21:16:29,735  INFO [main] ql.Driver: Compiling command(queryId=alex_20240423211629_98d471ed-004b-42bf-b50d-50576c304e82): drop table if exists tmp
2024-04-23T21:16:29,737  INFO [main] txn.TxnHandler: Added entries to MIN_HISTORY_LEVEL for current txns: ([13]) with min_open_txn: 1
2024-04-23T21:16:29,737  INFO [main] lockmgr.DbTxnManager: Opened txnid:13
2024-04-23T21:16:29,738  INFO [main] HiveMetaStore.audit: ugi=alex	ip=unknown-ip-addr	cmd=get_table : tbl=hive.default.tmp	
2024-04-23T21:16:29,766  INFO [main] metastore.HMSHandler: Skipping translation for processor with null
2024-04-23T21:16:29,767  INFO [main] ql.Driver: Semantic Analysis Completed (retrial = false)
2024-04-23T21:16:29,767  INFO [main] ql.Driver: Created Hive schema: Schema(fieldSchemas:null, properties:null)
2024-04-23T21:16:29,767  INFO [main] metadata.Hive: Dumping metastore api call timing information for : compilation phase
2024-04-23T21:16:29,767  INFO [main] metadata.Hive: Total time spent in each metastore function (ms): {getTable_(GetTableRequest)=29, flushCache_()=1, commitTxn_(CommitTxnRequest)=9, isCompatibleWith_(Configuration)=0, openTxn_(String, TxnType)=1, getValidTxns_(long)=0}
2024-04-23T21:16:29,767  INFO [main] ql.Driver: Completed compiling command(queryId=alex_20240423211629_98d471ed-004b-42bf-b50d-50576c304e82); Time taken: 0.032 seconds
2024-04-23T21:16:29,767  INFO [main] lockmgr.DbTxnManager: Setting lock request transaction to txnid:13 for queryId=alex_20240423211629_98d471ed-004b-42bf-b50d-50576c304e82
2024-04-23T21:16:29,768  INFO [main] lockmgr.DbLockManager: Requesting lock for queryId=alex_20240423211629_98d471ed-004b-42bf-b50d-50576c304e82
2024-04-23T21:16:29,784  INFO [main] lockmgr.DbLockManager: Response to queryId=alex_20240423211629_98d471ed-004b-42bf-b50d-50576c304e82 LockResponse(lockid:7, state:ACQUIRED)
2024-04-23T21:16:29,784  INFO [main] ql.Driver: Operation DROPTABLE obtained 1 locks
2024-04-23T21:16:29,784  INFO [main] ql.Driver: Executing command(queryId=alex_20240423211629_98d471ed-004b-42bf-b50d-50576c304e82): drop table if exists tmp
2024-04-23T21:16:29,784  INFO [main] ql.Driver: Starting task [Stage-0:DDL] in serial mode
2024-04-23T21:16:29,784  INFO [main] HiveMetaStore.audit: ugi=alex	ip=unknown-ip-addr	cmd=get_table : tbl=hive.default.tmp	
2024-04-23T21:16:29,793  INFO [main] metastore.HMSHandler: Skipping translation for processor with null
2024-04-23T21:16:29,793  INFO [main] HiveMetaStore.audit: ugi=alex	ip=unknown-ip-addr	cmd=get_table : tbl=hive.default.tmp	
2024-04-23T21:16:29,800  INFO [main] metastore.HMSHandler: Skipping translation for processor with null
2024-04-23T21:16:29,801  INFO [main] HiveMetaStore.audit: ugi=alex	ip=unknown-ip-addr	cmd=drop_table : tbl=hive.default.tmp	
2024-04-23T21:16:29,908  WARN [main] utils.FileUtils: File file:/home/alex/Repositories/hive/ql/target/tmp/org.apache.hadoop.hive.ql.TestTxnNoBuckets-1713932056679/warehouse/tmp does not exist; Force to delete it.
2024-04-23T21:16:29,908 ERROR [main] utils.FileUtils: Failed to delete file:/home/alex/Repositories/hive/ql/target/tmp/org.apache.hadoop.hive.ql.TestTxnNoBuckets-1713932056679/warehouse/tmp
2024-04-23T21:16:29,908  INFO [main] metadata.Hive: Dumping metastore api call timing information for : execution phase
2024-04-23T21:16:29,908  INFO [main] metadata.Hive: Total time spent in each metastore function (ms): {getTable_(GetTableRequest)=9, dropTable_(String, String, boolean, boolean, boolean)=115, isCompatibleWith_(Configuration)=0}
2024-04-23T21:16:29,908  INFO [main] ql.Driver: Completed executing command(queryId=alex_20240423211629_98d471ed-004b-42bf-b50d-50576c304e82); Time taken: 0.124 seconds
2024-04-23T21:16:29,908  INFO [main] lockmgr.DbTxnManager: Stopped heartbeat for query: alex_20240423211629_98d471ed-004b-42bf-b50d-50576c304e82
2024-04-23T21:16:29,912  INFO [main] txn.TxnHandler: Expected to move at least one record from txn_components to completed_txn_components when committing txn! txnid:13
2024-04-23T21:16:29,916  INFO [main] txn.TxnHandler: Removed transactions: ([13]) from MIN_HISTORY_LEVEL
2024-04-23T21:16:29,916  WARN [main] txn.CompactionTxnHandler: No compaction queue record found for Compaction type transaction commit. txnId:13
2024-04-23T21:16:29,917  INFO [main] ql.TxnCommandsBaseForTests: Running the query: create table tmp (c1 integer, c2 integer, c3 integer) stored as orc tblproperties('transactional'='false')
2024-04-23T21:16:29,918  INFO [main] ql.Driver: Compiling command(queryId=alex_20240423211629_1f30e76f-6082-416b-b4f4-db7ba26017e7): create table tmp (c1 integer, c2 integer, c3 integer) stored as orc tblproperties('transactional'='false')
2024-04-23T21:16:29,920  INFO [main] txn.TxnHandler: Added entries to MIN_HISTORY_LEVEL for current txns: ([14]) with min_open_txn: 1
2024-04-23T21:16:29,920  INFO [main] lockmgr.DbTxnManager: Opened txnid:14
2024-04-23T21:16:29,921  INFO [main] parse.CalcitePlanner: Starting caching scope for: 
2024-04-23T21:16:29,921  INFO [main] parse.CalcitePlanner: Starting Semantic Analysis
2024-04-23T21:16:29,926  INFO [main] parse.CalcitePlanner: Creating table default.tmp position=13
2024-04-23T21:16:29,926  INFO [main] HiveMetaStore.audit: ugi=alex	ip=unknown-ip-addr	cmd=get_database: default	
2024-04-23T21:16:29,928  INFO [main] parse.CalcitePlanner: Ending caching scope for: 
2024-04-23T21:16:29,928  INFO [main] ql.Driver: Semantic Analysis Completed (retrial = false)
2024-04-23T21:16:29,928  INFO [main] ql.Driver: Created Hive schema: Schema(fieldSchemas:null, properties:null)
2024-04-23T21:16:29,928  INFO [main] metadata.Hive: Dumping metastore api call timing information for : compilation phase
2024-04-23T21:16:29,928  INFO [main] metadata.Hive: Total time spent in each metastore function (ms): {openTxn_(String, TxnType)=2, getValidWriteIds_(List, String)=5, flushCache_()=0, getDatabase_(String)=2, commitTxn_(CommitTxnRequest)=8, getValidTxns_(long)=0, isCompatibleWith_(Configuration)=2}
2024-04-23T21:16:29,928  INFO [main] ql.Driver: Completed compiling command(queryId=alex_20240423211629_1f30e76f-6082-416b-b4f4-db7ba26017e7); Time taken: 0.011 seconds
2024-04-23T21:16:29,928  INFO [main] lockmgr.DbTxnManager: Setting lock request transaction to txnid:14 for queryId=alex_20240423211629_1f30e76f-6082-416b-b4f4-db7ba26017e7
2024-04-23T21:16:29,928  INFO [main] lockmgr.DbLockManager: Requesting lock for queryId=alex_20240423211629_1f30e76f-6082-416b-b4f4-db7ba26017e7
2024-04-23T21:16:29,941  INFO [main] lockmgr.DbLockManager: Response to queryId=alex_20240423211629_1f30e76f-6082-416b-b4f4-db7ba26017e7 LockResponse(lockid:8, state:ACQUIRED)
2024-04-23T21:16:29,941  INFO [main] ql.Driver: Operation CREATETABLE obtained 1 locks
2024-04-23T21:16:29,941  INFO [main] ql.Driver: Executing command(queryId=alex_20240423211629_1f30e76f-6082-416b-b4f4-db7ba26017e7): create table tmp (c1 integer, c2 integer, c3 integer) stored as orc tblproperties('transactional'='false')
2024-04-23T21:16:29,941  INFO [main] ql.Driver: Starting task [Stage-0:DDL] in serial mode
2024-04-23T21:16:29,942  INFO [main] HiveMetaStore.audit: ugi=alex	ip=unknown-ip-addr	cmd=create_table_req: Table(tableName:tmp, dbName:default, owner:alex, createTime:1713932189, lastAccessTime:0, retention:0, sd:StorageDescriptor(cols:[FieldSchema(name:c1, type:int, comment:null), FieldSchema(name:c2, type:int, comment:null), FieldSchema(name:c3, type:int, comment:null)], location:null, inputFormat:org.apache.hadoop.hive.ql.io.orc.OrcInputFormat, outputFormat:org.apache.hadoop.hive.ql.io.orc.OrcOutputFormat, compressed:false, numBuckets:-1, serdeInfo:SerDeInfo(name:null, serializationLib:org.apache.hadoop.hive.ql.io.orc.OrcSerde, parameters:{serialization.format=1}), bucketCols:[], sortCols:[], parameters:{}, skewedInfo:SkewedInfo(skewedColNames:[], skewedColValues:[], skewedColValueLocationMaps:{}), storedAsSubDirectories:false), partitionKeys:[], parameters:{COLUMN_STATS_ACCURATE={"BASIC_STATS":"true","COLUMN_STATS":{"c1":"true","c2":"true","c3":"true"}}, numFilesErasureCoded=0, bucketing_version=2, numFiles=0, totalSize=0, rawDataSize=0, numRows=0, transactional=false}, viewOriginalText:null, viewExpandedText:null, tableType:MANAGED_TABLE, privileges:PrincipalPrivilegeSet(userPrivileges:{alex=[PrivilegeGrantInfo(privilege:INSERT, createTime:-1, grantor:alex, grantorType:USER, grantOption:true), PrivilegeGrantInfo(privilege:SELECT, createTime:-1, grantor:alex, grantorType:USER, grantOption:true), PrivilegeGrantInfo(privilege:UPDATE, createTime:-1, grantor:alex, grantorType:USER, grantOption:true), PrivilegeGrantInfo(privilege:DELETE, createTime:-1, grantor:alex, grantorType:USER, grantOption:true)]}, groupPrivileges:null, rolePrivileges:null), temporary:false, catName:hive, ownerType:USER)	
2024-04-23T21:16:29,947  INFO [main] utils.FileUtils: Creating directory if it doesn't exist: file:/home/alex/Repositories/hive/ql/target/tmp/org.apache.hadoop.hive.ql.TestTxnNoBuckets-1713932056679/warehouse/tmp
2024-04-23T21:16:29,976  INFO [main] metadata.Hive: Dumping metastore api call timing information for : execution phase
2024-04-23T21:16:29,976  INFO [main] metadata.Hive: Total time spent in each metastore function (ms): {isCompatibleWith_(Configuration)=0, createTable_(Table)=35}
2024-04-23T21:16:29,977  INFO [main] ql.Driver: Completed executing command(queryId=alex_20240423211629_1f30e76f-6082-416b-b4f4-db7ba26017e7); Time taken: 0.035 seconds
2024-04-23T21:16:29,977  INFO [main] lockmgr.DbTxnManager: Stopped heartbeat for query: alex_20240423211629_1f30e76f-6082-416b-b4f4-db7ba26017e7
2024-04-23T21:16:29,980  INFO [main] txn.TxnHandler: Expected to move at least one record from txn_components to completed_txn_components when committing txn! txnid:14
2024-04-23T21:16:29,985  INFO [main] txn.TxnHandler: Removed transactions: ([14]) from MIN_HISTORY_LEVEL
2024-04-23T21:16:29,986  WARN [main] txn.CompactionTxnHandler: No compaction queue record found for Compaction type transaction commit. txnId:14
2024-04-23T21:16:29,987  INFO [main] ql.TxnCommandsBaseForTests: Running the query: insert into tmp  values(0,0,0),(3,3,3)
2024-04-23T21:16:29,987  INFO [main] ql.Driver: Compiling command(queryId=alex_20240423211629_4ae96341-0541-4ed8-a3bb-e2355c965905): insert into tmp  values(0,0,0),(3,3,3)
2024-04-23T21:16:29,989  INFO [main] txn.TxnHandler: Added entries to MIN_HISTORY_LEVEL for current txns: ([15]) with min_open_txn: 1
2024-04-23T21:16:29,989  INFO [main] lockmgr.DbTxnManager: Opened txnid:15
2024-04-23T21:16:29,990  INFO [main] parse.CalcitePlanner: Starting caching scope for: 
2024-04-23T21:16:29,990  INFO [main] parse.CalcitePlanner: Starting Semantic Analysis
2024-04-23T21:16:29,993  INFO [main] HiveMetaStore.audit: ugi=alex	ip=unknown-ip-addr	cmd=get_table : tbl=hive.default.tmp	
2024-04-23T21:16:30,038  INFO [main] metastore.HMSHandler: Skipping translation for processor with null
2024-04-23T21:16:30,039  INFO [main] parse.CalcitePlanner: Completed phase 1 of Semantic Analysis
2024-04-23T21:16:30,039  INFO [main] parse.CalcitePlanner: Get metadata for source tables
2024-04-23T21:16:30,039  INFO [main] parse.CalcitePlanner: Get metadata for subqueries
2024-04-23T21:16:30,039  INFO [main] parse.CalcitePlanner: Get metadata for destination tables
2024-04-23T21:16:30,039  INFO [main] HiveMetaStore.audit: ugi=alex	ip=unknown-ip-addr	cmd=get_table : tbl=hive.default.tmp	
2024-04-23T21:16:30,054  INFO [main] metastore.HMSHandler: Skipping translation for processor with null
2024-04-23T21:16:30,054  INFO [main] parse.CalcitePlanner: Completed getting MetaData in Semantic Analysis
2024-04-23T21:16:30,054  INFO [main] parse.CalcitePlanner: Disabling LLAP IO encode as ETL query is detected
2024-04-23T21:16:30,075  INFO [main] HiveMetaStore.audit: ugi=alex	ip=unknown-ip-addr	cmd=get_all_table_constraints : tbl=hive._dummy_database._dummy_table	
2024-04-23T21:16:30,142  INFO [main] parse.CalcitePlanner: Get metadata for source tables
2024-04-23T21:16:30,142  INFO [main] parse.CalcitePlanner: Get metadata for subqueries
2024-04-23T21:16:30,142  INFO [main] parse.CalcitePlanner: Get metadata for source tables
2024-04-23T21:16:30,143  INFO [main] HiveMetaStore.audit: ugi=alex	ip=unknown-ip-addr	cmd=get_table : tbl=hive._dummy_database._dummy_table	
2024-04-23T21:16:30,145  INFO [main] parse.CalcitePlanner: Get metadata for subqueries
2024-04-23T21:16:30,145  INFO [main] parse.CalcitePlanner: Get metadata for destination tables
2024-04-23T21:16:30,145  INFO [main] parse.CalcitePlanner: Get metadata for destination tables
2024-04-23T21:16:30,145  INFO [main] HiveMetaStore.audit: ugi=alex	ip=unknown-ip-addr	cmd=get_table : tbl=hive.default.tmp	
2024-04-23T21:16:30,154  INFO [main] metastore.HMSHandler: Skipping translation for processor with null
2024-04-23T21:16:30,156  INFO [main] common.FileUtils: Creating directory if it doesn't exist: file:/home/alex/Repositories/hive/ql/target/tmp/org.apache.hadoop.hive.ql.TestTxnNoBuckets-1713932056679/warehouse/tmp/.hive-staging_hive_2024-04-23_21-16-29_987_2700967756594614733-1
2024-04-23T21:16:30,158  INFO [main] HiveMetaStore.audit: ugi=alex	ip=unknown-ip-addr	cmd=get_not_null_constraints : tbl=hive.default.tmp	
2024-04-23T21:16:30,160  INFO [main] HiveMetaStore.audit: ugi=alex	ip=unknown-ip-addr	cmd=get_check_constraints : tbl=hive.default.tmp	
2024-04-23T21:16:30,161  INFO [main] parse.CalcitePlanner: CBO Succeeded; optimized logical plan.
2024-04-23T21:16:30,163  INFO [main] optimizer.BucketVersionPopulator: not considering bucketingVersion for: TS[0] because it has -1<2 buckets 
2024-04-23T21:16:30,164  INFO [main] optimizer.SortedDynPartitionOptimizer: Sorted dynamic partitioning optimization kicked in..
2024-04-23T21:16:30,172  INFO [main] HiveMetaStore.audit: ugi=alex	ip=unknown-ip-addr	cmd=get_table : tbl=hive.default.tmp	
2024-04-23T21:16:30,180  INFO [main] metastore.HMSHandler: Skipping translation for processor with null
2024-04-23T21:16:30,181  INFO [main] optimizer.GenMRFileSink1: using CombineHiveInputformat for the merge job
2024-04-23T21:16:30,181  INFO [main] HiveMetaStore.audit: ugi=alex	ip=unknown-ip-addr	cmd=get_table : tbl=hive.default.tmp	
2024-04-23T21:16:30,190  INFO [main] metastore.HMSHandler: Skipping translation for processor with null
2024-04-23T21:16:30,192  INFO [main] parse.CalcitePlanner: Completed plan generation
2024-04-23T21:16:30,192  INFO [main] parse.CalcitePlanner: Ending caching scope for: 
2024-04-23T21:16:30,192  INFO [main] ql.Driver: Semantic Analysis Completed (retrial = false)
2024-04-23T21:16:30,192  INFO [main] ql.Driver: Created Hive schema: Schema(fieldSchemas:[FieldSchema(name:col1, type:int, comment:null), FieldSchema(name:col2, type:int, comment:null), FieldSchema(name:col3, type:int, comment:null)], properties:null)
2024-04-23T21:16:30,192  INFO [main] metadata.Hive: Dumping metastore api call timing information for : compilation phase
2024-04-23T21:16:30,192  INFO [main] metadata.Hive: Total time spent in each metastore function (ms): {flushCache_()=1, getTable_(GetTableRequest)=88, getValidTxns_(long)=0, getAllTableConstraints_(AllTableConstraintsRequest)=24, getCheckConstraints_(CheckConstraintsRequest)=1, commitTxn_(CommitTxnRequest)=10, getValidWriteIds_(List, String)=3, getNotNullConstraints_(NotNullConstraintsRequest)=1, isCompatibleWith_(Configuration)=1, openTxn_(String, TxnType)=1}
2024-04-23T21:16:30,192  INFO [main] ql.Driver: Completed compiling command(queryId=alex_20240423211629_4ae96341-0541-4ed8-a3bb-e2355c965905); Time taken: 0.205 seconds
2024-04-23T21:16:30,193  INFO [main] lockmgr.DbTxnManager: Setting lock request transaction to txnid:15 for queryId=alex_20240423211629_4ae96341-0541-4ed8-a3bb-e2355c965905
2024-04-23T21:16:30,193  INFO [main] lockmgr.DbLockManager: Requesting lock for queryId=alex_20240423211629_4ae96341-0541-4ed8-a3bb-e2355c965905
2024-04-23T21:16:30,211  INFO [main] lockmgr.DbLockManager: Response to queryId=alex_20240423211629_4ae96341-0541-4ed8-a3bb-e2355c965905 LockResponse(lockid:9, state:ACQUIRED)
2024-04-23T21:16:30,211  INFO [main] ql.Driver: Operation QUERY obtained 1 locks
2024-04-23T21:16:30,211  INFO [main] ql.Driver: Executing command(queryId=alex_20240423211629_4ae96341-0541-4ed8-a3bb-e2355c965905): insert into tmp  values(0,0,0),(3,3,3)
2024-04-23T21:16:30,212  WARN [main] ql.Driver: Hive-on-MR is deprecated in Hive 2 and may not be available in the future versions. Consider using a different execution engine (i.e. spark, tez) or using Hive 1.X releases.
Query ID = alex_20240423211629_4ae96341-0541-4ed8-a3bb-e2355c965905
2024-04-23T21:16:30,212  INFO [main] ql.Driver: Query ID = alex_20240423211629_4ae96341-0541-4ed8-a3bb-e2355c965905
Total jobs = 1
2024-04-23T21:16:30,212  INFO [main] ql.Driver: Total jobs = 1
Launching Job 1 out of 1
2024-04-23T21:16:30,212  INFO [main] ql.Driver: Launching Job 1 out of 1
2024-04-23T21:16:30,344  INFO [main] ql.Driver: Starting task [Stage-1:MAPRED] in serial mode
Number of reduce tasks is set to 0 since there's no reduce operator
2024-04-23T21:16:30,344  INFO [main] exec.Task: Number of reduce tasks is set to 0 since there's no reduce operator
2024-04-23T21:16:30,347  INFO [main] mr.ExecDriver: Using org.apache.hadoop.hive.ql.io.HiveInputFormat
2024-04-23T21:16:30,347  INFO [main] exec.Utilities: Processing alias $hdt$_0:_dummy_table
2024-04-23T21:16:30,347  INFO [main] exec.Utilities: Adding 1 inputs; the first input is file:/home/alex/Repositories/hive/ql/target/tmp/localscratchdir/b72c85bc-72c7-4f7b-afc0-6d43af6e6c8d/hive_2024-04-23_21-16-29_987_2700967756594614733-1/dummy_path
2024-04-23T21:16:30,357  INFO [main] exec.SerializationUtilities: Serializing MapWork using kryo
2024-04-23T21:16:30,357  INFO [main] exec.Utilities: Serialized plan (via FILE) - name: null size: 5,84KB
2024-04-23T21:16:30,358  WARN [main] impl.MetricsSystemImpl: JobTracker metrics system already initialized!
2024-04-23T21:16:30,362  INFO [main] fs.FSStatsPublisher: created : file:/home/alex/Repositories/hive/ql/target/tmp/localscratchdir/b72c85bc-72c7-4f7b-afc0-6d43af6e6c8d/hive_2024-04-23_21-16-29_987_2700967756594614733-1/-mr-10001
2024-04-23T21:16:30,367  WARN [main] impl.MetricsSystemImpl: JobTracker metrics system already initialized!
2024-04-23T21:16:30,375  WARN [main] mapreduce.JobResourceUploader: Hadoop command-line option parsing not performed. Implement the Tool interface and execute your application with ToolRunner to remedy this.
2024-04-23T21:16:30,379  WARN [main] mapreduce.JobResourceUploader: No job jar file set.  User classes may not be found. See Job or Job#setJar(String).
2024-04-23T21:16:30,380  INFO [main] io.HiveInputFormat: hive.io.file.readcolumn.ids = 
2024-04-23T21:16:30,380  INFO [main] io.HiveInputFormat: hive.io.file.readcolumn.names = 
2024-04-23T21:16:30,380  INFO [main] io.HiveInputFormat: Generating splits for dirs: file:/home/alex/Repositories/hive/ql/target/tmp/localscratchdir/b72c85bc-72c7-4f7b-afc0-6d43af6e6c8d/hive_2024-04-23_21-16-29_987_2700967756594614733-1/dummy_path
2024-04-23T21:16:30,381  INFO [main] io.HiveInputFormat: number of splits 1
2024-04-23T21:16:30,398  INFO [main] mapreduce.JobSubmitter: number of splits:1
2024-04-23T21:16:30,419  INFO [main] mapreduce.JobSubmitter: Submitting tokens for job: job_local255568454_0060
2024-04-23T21:16:30,419  INFO [main] mapreduce.JobSubmitter: Executing with tokens: []
2024-04-23T21:16:30,483  INFO [main] mapreduce.Job: The url to track the job: http://localhost:8080/
Job running in-process (local Hadoop)
2024-04-23T21:16:30,483  INFO [main] exec.Task: Job running in-process (local Hadoop)
2024-04-23T21:16:30,483  INFO [Thread-3997] mapred.LocalJobRunner: OutputCommitter set in config org.apache.hadoop.hive.ql.io.HiveFileFormatUtils$NullOutputCommitter
2024-04-23T21:16:30,483  INFO [Thread-3997] mapred.LocalJobRunner: OutputCommitter is org.apache.hadoop.hive.ql.io.HiveFileFormatUtils$NullOutputCommitter
2024-04-23T21:16:30,485  INFO [Thread-3997] mapred.LocalJobRunner: Waiting for map tasks
2024-04-23T21:16:30,485  INFO [LocalJobRunner Map Task Executor #0] mapred.LocalJobRunner: Starting task: attempt_local255568454_0060_m_000000_0
2024-04-23T21:16:30,488  INFO [LocalJobRunner Map Task Executor #0] mapred.Task:  Using ResourceCalculatorProcessTree : [ ]
2024-04-23T21:16:30,488  INFO [LocalJobRunner Map Task Executor #0] mapred.MapTask: Processing split: org.apache.hadoop.hive.ql.io.NullRowsInputFormat:file:/home/alex/Repositories/hive/ql/target/tmp/localscratchdir/b72c85bc-72c7-4f7b-afc0-6d43af6e6c8d/hive_2024-04-23_21-16-29_987_2700967756594614733-1/dummy_path/null:0+1
2024-04-23T21:16:30,490  INFO [LocalJobRunner Map Task Executor #0] exec.SerializationUtilities: Deserializing MapWork using kryo
2024-04-23T21:16:30,491  INFO [LocalJobRunner Map Task Executor #0] exec.Utilities: Deserialized plan (via FILE) - name: null size: 5,84KB
2024-04-23T21:16:30,491  INFO [LocalJobRunner Map Task Executor #0] mapred.MapTask: numReduceTasks: 0
2024-04-23T21:16:30,493  INFO [LocalJobRunner Map Task Executor #0] exec.MapOperator: Initializing Operator: MAP[0]
2024-04-23T21:16:30,493  INFO [LocalJobRunner Map Task Executor #0] mr.ExecMapper: 
<MAP>Id =0
  <Children>null
  <\Children>
  <Parent><\Parent>
<\MAP>
2024-04-23T21:16:30,494  INFO [LocalJobRunner Map Task Executor #0] exec.TableScanOperator: Initializing Operator: TS[0]
2024-04-23T21:16:30,494  INFO [LocalJobRunner Map Task Executor #0] exec.SelectOperator: Initializing Operator: SEL[1]
2024-04-23T21:16:30,494  INFO [LocalJobRunner Map Task Executor #0] exec.SelectOperator: SELECT null
2024-04-23T21:16:30,494  INFO [LocalJobRunner Map Task Executor #0] exec.UDTFOperator: Initializing Operator: UDTF[2]
2024-04-23T21:16:30,494  INFO [LocalJobRunner Map Task Executor #0] exec.SelectOperator: Initializing Operator: SEL[3]
2024-04-23T21:16:30,494  INFO [LocalJobRunner Map Task Executor #0] exec.SelectOperator: SELECT struct<col1:int,col2:int,col3:int>
2024-04-23T21:16:30,494  INFO [LocalJobRunner Map Task Executor #0] exec.FileSinkOperator: Initializing Operator: FS[4]
2024-04-23T21:16:30,494  INFO [LocalJobRunner Map Task Executor #0] exec.FileSinkOperator: Using serializer : AbstractSerDe [log=org.apache.logging.slf4j.Log4jLogger@261f1262, configuration=Optional[Configuration: core-default.xml, core-site.xml, mapred-default.xml, mapred-site.xml, yarn-default.xml, yarn-site.xml, hdfs-default.xml, hdfs-site.xml, file:/home/alex/Repositories/hive/ql/target/tmp/TestTxnNoBuckets/mapred/local/localRunner/alex/job_local255568454_0060/job_local255568454_0060.xml], properties={name=default.tmp, columns.types=int:int:int, serialization.format=1, columns=c1,c2,c3, numFilesErasureCoded=0, columns.comments=&amp#0;&amp#0;, bucketing_version=2, serialization.lib=org.apache.hadoop.hive.ql.io.orc.OrcSerde, file.inputformat=org.apache.hadoop.hive.ql.io.orc.OrcInputFormat, file.outputformat=org.apache.hadoop.hive.ql.io.orc.OrcOutputFormat, location=file:/home/alex/Repositories/hive/ql/target/tmp/org.apache.hadoop.hive.ql.TestTxnNoBuckets-1713932056679/warehouse/tmp, column.name.delimiter=,}, tableProperties={name=default.tmp, columns.types=int:int:int, serialization.format=1, columns=c1,c2,c3, numFilesErasureCoded=0, columns.comments=&amp#0;&amp#0;, bucketing_version=2, serialization.lib=org.apache.hadoop.hive.ql.io.orc.OrcSerde, file.inputformat=org.apache.hadoop.hive.ql.io.orc.OrcInputFormat, location=file:/home/alex/Repositories/hive/ql/target/tmp/org.apache.hadoop.hive.ql.TestTxnNoBuckets-1713932056679/warehouse/tmp, file.outputformat=org.apache.hadoop.hive.ql.io.orc.OrcOutputFormat, column.name.delimiter=,}, partitionProperties=Optional.empty, columnNames=[c1, c2, c3], columnTypes=[int, int, int], getClass()=class org.apache.hadoop.hive.ql.io.orc.OrcSerde] and formatter : org.apache.hadoop.hive.ql.io.orc.OrcOutputFormat@5b7ede64
2024-04-23T21:16:30,495  INFO [LocalJobRunner Map Task Executor #0] exec.FileSinkOperator: Final Path: FS file:/home/alex/Repositories/hive/ql/target/tmp/org.apache.hadoop.hive.ql.TestTxnNoBuckets-1713932056679/warehouse/tmp/.hive-staging_hive_2024-04-23_21-16-29_987_2700967756594614733-1/_tmp.-ext-10002/000000_0
2024-04-23T21:16:30,495  INFO [LocalJobRunner Map Task Executor #0] exec.FileSinkOperator: Writing to temp file: FS file:/home/alex/Repositories/hive/ql/target/tmp/org.apache.hadoop.hive.ql.TestTxnNoBuckets-1713932056679/warehouse/tmp/.hive-staging_hive_2024-04-23_21-16-29_987_2700967756594614733-1/_task_tmp.-ext-10002/_tmp.000000_0
2024-04-23T21:16:30,495  INFO [LocalJobRunner Map Task Executor #0] exec.FileSinkOperator: New Final Path: FS file:/home/alex/Repositories/hive/ql/target/tmp/org.apache.hadoop.hive.ql.TestTxnNoBuckets-1713932056679/warehouse/tmp/.hive-staging_hive_2024-04-23_21-16-29_987_2700967756594614733-1/_tmp.-ext-10002/000000_0
2024-04-23T21:16:30,496  INFO [LocalJobRunner Map Task Executor #0] exec.FileSinkOperator: FS[4]: records written - 1
2024-04-23T21:16:30,497  INFO [LocalJobRunner Map Task Executor #0] impl.PhysicalFsWriter: ORC writer created for path: file:/home/alex/Repositories/hive/ql/target/tmp/org.apache.hadoop.hive.ql.TestTxnNoBuckets-1713932056679/warehouse/tmp/.hive-staging_hive_2024-04-23_21-16-29_987_2700967756594614733-1/_task_tmp.-ext-10002/_tmp.000000_0 with stripeSize: 67108864 blockSize: 268435456 compression: Compress: ZLIB buffer: 262144
2024-04-23T21:16:30,504  INFO [LocalJobRunner Map Task Executor #0] impl.WriterImpl: ORC writer created for path: file:/home/alex/Repositories/hive/ql/target/tmp/org.apache.hadoop.hive.ql.TestTxnNoBuckets-1713932056679/warehouse/tmp/.hive-staging_hive_2024-04-23_21-16-29_987_2700967756594614733-1/_task_tmp.-ext-10002/_tmp.000000_0 with stripeSize: 67108864 options: Compress: ZLIB buffer: 262144
2024-04-23T21:16:30,504  INFO [LocalJobRunner Map Task Executor #0] exec.MapOperator: MAP[0]: records read - 1
2024-04-23T21:16:30,504  INFO [LocalJobRunner Map Task Executor #0] exec.MapOperator: Closing Operator: MAP[0]
2024-04-23T21:16:30,504  INFO [LocalJobRunner Map Task Executor #0] exec.MapOperator: MAP[0]: Total records read - 3. abort - false
2024-04-23T21:16:30,505  INFO [LocalJobRunner Map Task Executor #0] exec.MapOperator: DESERIALIZE_ERRORS:0, RECORDS_OUT_OPERATOR_MAP_0:0, RECORDS_IN:3, RECORDS_OUT_INTERMEDIATE:0, 
2024-04-23T21:16:30,505  INFO [LocalJobRunner Map Task Executor #0] exec.TableScanOperator: Closing Operator: TS[0]
2024-04-23T21:16:30,505  INFO [LocalJobRunner Map Task Executor #0] exec.TableScanOperator: RECORDS_OUT_OPERATOR_TS_0:1, RECORDS_OUT_INTERMEDIATE:0, 
2024-04-23T21:16:30,505  INFO [LocalJobRunner Map Task Executor #0] exec.SelectOperator: Closing Operator: SEL[1]
2024-04-23T21:16:30,505  INFO [LocalJobRunner Map Task Executor #0] exec.SelectOperator: RECORDS_OUT_OPERATOR_SEL_1:1, RECORDS_OUT_INTERMEDIATE:0, 
2024-04-23T21:16:30,505  INFO [LocalJobRunner Map Task Executor #0] exec.UDTFOperator: Closing Operator: UDTF[2]
2024-04-23T21:16:30,505  INFO [LocalJobRunner Map Task Executor #0] exec.UDTFOperator: RECORDS_OUT_OPERATOR_UDTF_2:2, RECORDS_OUT_INTERMEDIATE:0, 
2024-04-23T21:16:30,505  INFO [LocalJobRunner Map Task Executor #0] exec.SelectOperator: Closing Operator: SEL[3]
2024-04-23T21:16:30,505  INFO [LocalJobRunner Map Task Executor #0] exec.SelectOperator: RECORDS_OUT_OPERATOR_SEL_3:2, RECORDS_OUT_INTERMEDIATE:0, 
2024-04-23T21:16:30,505  INFO [LocalJobRunner Map Task Executor #0] exec.FileSinkOperator: Closing Operator: FS[4]
2024-04-23T21:16:30,505  INFO [LocalJobRunner Map Task Executor #0] exec.FileSinkOperator: FS[4]: records written - 2
2024-04-23T21:16:30,512  INFO [LocalJobRunner Map Task Executor #0] exec.FileSinkOperator: TOTAL_TABLE_ROWS_WRITTEN:2, RECORDS_OUT_OPERATOR_FS_4:2, RECORDS_OUT_1_default.tmp:2, RECORDS_OUT_INTERMEDIATE:0, 
2024-04-23T21:16:30,512  INFO [LocalJobRunner Map Task Executor #0] mapred.LocalJobRunner: 
2024-04-23T21:16:30,515  INFO [LocalJobRunner Map Task Executor #0] mapred.Task: Task:attempt_local255568454_0060_m_000000_0 is done. And is in the process of committing
2024-04-23T21:16:30,515  INFO [LocalJobRunner Map Task Executor #0] mapred.LocalJobRunner: map
2024-04-23T21:16:30,515  INFO [LocalJobRunner Map Task Executor #0] mapred.Task: Task 'attempt_local255568454_0060_m_000000_0' done.
2024-04-23T21:16:30,515  INFO [LocalJobRunner Map Task Executor #0] mapred.Task: Final Counters for attempt_local255568454_0060_m_000000_0: Counters: 27
	File System Counters
		FILE: Number of bytes read=1443987
		FILE: Number of bytes written=70671956
		FILE: Number of read operations=0
		FILE: Number of large read operations=0
		FILE: Number of write operations=0
	Map-Reduce Framework
		Map input records=4
		Map output records=0
		Input split bytes=361
		Spilled Records=0
		Failed Shuffles=0
		Merged Map outputs=0
		GC time elapsed (ms)=0
		Total committed heap usage (bytes)=1191706624
	HIVE
		CREATED_FILES=1
		DESERIALIZE_ERRORS=0
		RECORDS_IN=3
		RECORDS_OUT_1_default.tmp=2
		RECORDS_OUT_INTERMEDIATE=0
		RECORDS_OUT_OPERATOR_FS_4=2
		RECORDS_OUT_OPERATOR_MAP_0=0
		RECORDS_OUT_OPERATOR_SEL_1=1
		RECORDS_OUT_OPERATOR_SEL_3=2
		RECORDS_OUT_OPERATOR_TS_0=1
		RECORDS_OUT_OPERATOR_UDTF_2=2
		TOTAL_TABLE_ROWS_WRITTEN=2
	File Input Format Counters 
		Bytes Read=5898
	File Output Format Counters 
		Bytes Written=0
2024-04-23T21:16:30,515  INFO [LocalJobRunner Map Task Executor #0] mapred.LocalJobRunner: Finishing task: attempt_local255568454_0060_m_000000_0
2024-04-23T21:16:30,515  INFO [Thread-3997] mapred.LocalJobRunner: map task executor complete.
2024-04-23 21:16:31,485 Stage-1 map = 100%,  reduce = 0%
2024-04-23T21:16:31,485  INFO [main] exec.Task: 2024-04-23 21:16:31,485 Stage-1 map = 100%,  reduce = 0%
Ended Job = job_local255568454_0060
2024-04-23T21:16:31,486  INFO [main] exec.Task: Ended Job = job_local255568454_0060
2024-04-23T21:16:31,488  INFO [main] ql.Driver: Starting task [Stage-7:CONDITIONAL] in serial mode
Stage-4 is selected by condition resolver.
2024-04-23T21:16:31,489  INFO [main] exec.Task: Stage-4 is selected by condition resolver.
Stage-3 is filtered out by condition resolver.
2024-04-23T21:16:31,489  INFO [main] exec.Task: Stage-3 is filtered out by condition resolver.
Stage-5 is filtered out by condition resolver.
2024-04-23T21:16:31,489  INFO [main] exec.Task: Stage-5 is filtered out by condition resolver.
2024-04-23T21:16:31,489  INFO [main] ql.Driver: Starting task [Stage-4:MOVE] in serial mode
Moving data to directory file:/home/alex/Repositories/hive/ql/target/tmp/org.apache.hadoop.hive.ql.TestTxnNoBuckets-1713932056679/warehouse/tmp/.hive-staging_hive_2024-04-23_21-16-29_987_2700967756594614733-1/-ext-10000
2024-04-23T21:16:31,489  INFO [main] exec.Task: Moving data to directory file:/home/alex/Repositories/hive/ql/target/tmp/org.apache.hadoop.hive.ql.TestTxnNoBuckets-1713932056679/warehouse/tmp/.hive-staging_hive_2024-04-23_21-16-29_987_2700967756594614733-1/-ext-10000 from file:/home/alex/Repositories/hive/ql/target/tmp/org.apache.hadoop.hive.ql.TestTxnNoBuckets-1713932056679/warehouse/tmp/.hive-staging_hive_2024-04-23_21-16-29_987_2700967756594614733-1/-ext-10002
2024-04-23T21:16:31,489  INFO [main] ql.Driver: Starting task [Stage-0:MOVE] in serial mode
Loading data to table default.tmp
2024-04-23T21:16:31,489  INFO [main] exec.Task: Loading data to table default.tmp from file:/home/alex/Repositories/hive/ql/target/tmp/org.apache.hadoop.hive.ql.TestTxnNoBuckets-1713932056679/warehouse/tmp/.hive-staging_hive_2024-04-23_21-16-29_987_2700967756594614733-1/-ext-10000
2024-04-23T21:16:31,490  INFO [main] HiveMetaStore.audit: ugi=alex	ip=unknown-ip-addr	cmd=get_table : tbl=hive.default.tmp	
2024-04-23T21:16:31,498  INFO [main] metastore.HMSHandler: Skipping translation for processor with null
2024-04-23T21:16:31,498  INFO [main] HiveMetaStore.audit: ugi=alex	ip=unknown-ip-addr	cmd=get_table : tbl=hive.default.tmp	
2024-04-23T21:16:31,508  INFO [main] metastore.HMSHandler: Skipping translation for processor with null
2024-04-23T21:16:31,509  WARN [main] metadata.Hive: Cannot get a table snapshot for tmp
2024-04-23T21:16:31,509  INFO [main] HiveMetaStore.audit: ugi=alex	ip=unknown-ip-addr	cmd=alter_table: hive.default.tmp newtbl=tmp	
2024-04-23T21:16:31,541  INFO [main] ql.Driver: Starting task [Stage-2:STATS] in serial mode
2024-04-23T21:16:31,541  INFO [main] HiveMetaStore.audit: ugi=alex	ip=unknown-ip-addr	cmd=get_table : tbl=hive.default.tmp	
2024-04-23T21:16:31,549  INFO [main] metastore.HMSHandler: Skipping translation for processor with null
2024-04-23T21:16:31,549  INFO [main] stats.BasicStatsTask: Executing stats task
2024-04-23T21:16:31,549  INFO [main] fs.FSStatsPublisher: created : file:/home/alex/Repositories/hive/ql/target/tmp/localscratchdir/b72c85bc-72c7-4f7b-afc0-6d43af6e6c8d/hive_2024-04-23_21-16-29_987_2700967756594614733-1/-mr-10001
2024-04-23T21:16:31,550  INFO [main] HiveMetaStore.audit: ugi=alex	ip=unknown-ip-addr	cmd=get_table : tbl=hive.default.tmp	
2024-04-23T21:16:31,558  INFO [main] metastore.HMSHandler: Skipping translation for processor with null
2024-04-23T21:16:31,559  INFO [main] FileOperations: Read stats for default.tmp/, numRows, true, 2, false: 
2024-04-23T21:16:31,559  INFO [main] FileOperations: Read stats for default.tmp/, rawDataSize, true, 24, false: 
2024-04-23T21:16:31,559  WARN [main] metadata.Hive: Cannot get a table snapshot for tmp
2024-04-23T21:16:31,559  INFO [main] HiveMetaStore.audit: ugi=alex	ip=unknown-ip-addr	cmd=alter_table: hive.default.tmp newtbl=tmp	
2024-04-23T21:16:31,589  INFO [main] stats.BasicStatsTask: Table default.tmp stats: [numFiles=1, numRows=2, totalSize=281, rawDataSize=24, numFilesErasureCoded=0]
2024-04-23T21:16:31,590  INFO [main] metadata.Hive: Dumping metastore api call timing information for : execution phase
2024-04-23T21:16:31,590  INFO [main] metadata.Hive: Total time spent in each metastore function (ms): {isCompatibleWith_(Configuration)=0, alter_table_(String, String, String, Table, EnvironmentContext, String)=62, getTable_(GetTableRequest)=35}
MapReduce Jobs Launched: 
2024-04-23T21:16:31,590  INFO [main] ql.Driver: MapReduce Jobs Launched: 
Stage-Stage-1:  HDFS Read: 0 HDFS Write: 0 SUCCESS
2024-04-23T21:16:31,591  INFO [main] ql.Driver: Stage-Stage-1:  HDFS Read: 0 HDFS Write: 0 SUCCESS
Total MapReduce CPU Time Spent: 0 msec
2024-04-23T21:16:31,591  INFO [main] ql.Driver: Total MapReduce CPU Time Spent: 0 msec
2024-04-23T21:16:31,591  INFO [main] ql.Driver: Completed executing command(queryId=alex_20240423211629_4ae96341-0541-4ed8-a3bb-e2355c965905); Time taken: 1.379 seconds
2024-04-23T21:16:31,591  INFO [main] lockmgr.DbTxnManager: Stopped heartbeat for query: alex_20240423211629_4ae96341-0541-4ed8-a3bb-e2355c965905
2024-04-23T21:16:31,597  INFO [main] txn.TxnHandler: Expected to move at least one record from txn_components to completed_txn_components when committing txn! txnid:15
2024-04-23T21:16:31,606  INFO [main] txn.TxnHandler: Removed transactions: ([15]) from MIN_HISTORY_LEVEL
2024-04-23T21:16:31,606  WARN [main] txn.CompactionTxnHandler: No compaction queue record found for Compaction type transaction commit. txnId:15
2024-04-23T21:16:31,607  INFO [main] ql.TxnCommandsBaseForTests: Running the query: insert into tmp  values(1,1,1),(2,2,2)
2024-04-23T21:16:31,608  INFO [main] ql.Context: Deleting scratch dir: file:/home/alex/Repositories/hive/ql/target/tmp/org.apache.hadoop.hive.ql.TestTxnNoBuckets-1713932056679/warehouse/tmp/.hive-staging_hive_2024-04-23_21-16-29_987_2700967756594614733-1
2024-04-23T21:16:31,608  INFO [main] cleanup.SyncCleanupService: Deleted directory: file:/home/alex/Repositories/hive/ql/target/tmp/org.apache.hadoop.hive.ql.TestTxnNoBuckets-1713932056679/warehouse/tmp/.hive-staging_hive_2024-04-23_21-16-29_987_2700967756594614733-1 on fs with scheme file
2024-04-23T21:16:31,608  INFO [main] ql.Context: Deleting scratch dir: file:/home/alex/Repositories/hive/ql/target/tmp/localscratchdir/b72c85bc-72c7-4f7b-afc0-6d43af6e6c8d/hive_2024-04-23_21-16-29_987_2700967756594614733-1
2024-04-23T21:16:31,609  INFO [main] cleanup.SyncCleanupService: Deleted directory: file:/home/alex/Repositories/hive/ql/target/tmp/localscratchdir/b72c85bc-72c7-4f7b-afc0-6d43af6e6c8d/hive_2024-04-23_21-16-29_987_2700967756594614733-1 on fs with scheme file
2024-04-23T21:16:31,609  INFO [main] ql.Driver: Compiling command(queryId=alex_20240423211631_6e33a2e5-2f56-4090-81b8-8fac2bbef378): insert into tmp  values(1,1,1),(2,2,2)
2024-04-23T21:16:31,614  INFO [main] txn.TxnHandler: Added entries to MIN_HISTORY_LEVEL for current txns: ([16]) with min_open_txn: 16
2024-04-23T21:16:31,615  INFO [main] lockmgr.DbTxnManager: Opened txnid:16
2024-04-23T21:16:31,615  INFO [main] parse.CalcitePlanner: Starting caching scope for: 
2024-04-23T21:16:31,615  INFO [main] parse.CalcitePlanner: Starting Semantic Analysis
2024-04-23T21:16:31,619  INFO [main] HiveMetaStore.audit: ugi=alex	ip=unknown-ip-addr	cmd=get_table : tbl=hive.default.tmp	
2024-04-23T21:16:31,630  INFO [main] metastore.HMSHandler: Skipping translation for processor with null
2024-04-23T21:16:31,630  INFO [main] parse.CalcitePlanner: Completed phase 1 of Semantic Analysis
2024-04-23T21:16:31,630  INFO [main] parse.CalcitePlanner: Get metadata for source tables
2024-04-23T21:16:31,630  INFO [main] parse.CalcitePlanner: Get metadata for subqueries
2024-04-23T21:16:31,630  INFO [main] parse.CalcitePlanner: Get metadata for destination tables
2024-04-23T21:16:31,631  INFO [main] HiveMetaStore.audit: ugi=alex	ip=unknown-ip-addr	cmd=get_table : tbl=hive.default.tmp	
2024-04-23T21:16:31,640  INFO [main] metastore.HMSHandler: Skipping translation for processor with null
2024-04-23T21:16:31,640  INFO [main] parse.CalcitePlanner: Completed getting MetaData in Semantic Analysis
2024-04-23T21:16:31,640  INFO [main] parse.CalcitePlanner: Disabling LLAP IO encode as ETL query is detected
2024-04-23T21:16:31,666  INFO [main] HiveMetaStore.audit: ugi=alex	ip=unknown-ip-addr	cmd=get_all_table_constraints : tbl=hive._dummy_database._dummy_table	
2024-04-23T21:16:31,734  INFO [main] parse.CalcitePlanner: Get metadata for source tables
2024-04-23T21:16:31,734  INFO [main] parse.CalcitePlanner: Get metadata for subqueries
2024-04-23T21:16:31,734  INFO [main] parse.CalcitePlanner: Get metadata for source tables
2024-04-23T21:16:31,735  INFO [main] HiveMetaStore.audit: ugi=alex	ip=unknown-ip-addr	cmd=get_table : tbl=hive._dummy_database._dummy_table	
2024-04-23T21:16:31,738  INFO [main] parse.CalcitePlanner: Get metadata for subqueries
2024-04-23T21:16:31,738  INFO [main] parse.CalcitePlanner: Get metadata for destination tables
2024-04-23T21:16:31,738  INFO [main] parse.CalcitePlanner: Get metadata for destination tables
2024-04-23T21:16:31,739  INFO [main] HiveMetaStore.audit: ugi=alex	ip=unknown-ip-addr	cmd=get_table : tbl=hive.default.tmp	
2024-04-23T21:16:31,756  INFO [main] metastore.HMSHandler: Skipping translation for processor with null
2024-04-23T21:16:31,758  INFO [main] common.FileUtils: Creating directory if it doesn't exist: file:/home/alex/Repositories/hive/ql/target/tmp/org.apache.hadoop.hive.ql.TestTxnNoBuckets-1713932056679/warehouse/tmp/.hive-staging_hive_2024-04-23_21-16-31_609_3220655694972544579-1
2024-04-23T21:16:31,761  INFO [main] HiveMetaStore.audit: ugi=alex	ip=unknown-ip-addr	cmd=get_not_null_constraints : tbl=hive.default.tmp	
2024-04-23T21:16:31,763  INFO [main] HiveMetaStore.audit: ugi=alex	ip=unknown-ip-addr	cmd=get_check_constraints : tbl=hive.default.tmp	
2024-04-23T21:16:31,765  INFO [main] parse.CalcitePlanner: CBO Succeeded; optimized logical plan.
2024-04-23T21:16:31,769  INFO [main] optimizer.BucketVersionPopulator: not considering bucketingVersion for: TS[0] because it has -1<2 buckets 
2024-04-23T21:16:31,770  INFO [main] optimizer.SortedDynPartitionOptimizer: Sorted dynamic partitioning optimization kicked in..
2024-04-23T21:16:31,783  INFO [main] HiveMetaStore.audit: ugi=alex	ip=unknown-ip-addr	cmd=get_table : tbl=hive.default.tmp	
2024-04-23T21:16:31,798  INFO [main] metastore.HMSHandler: Skipping translation for processor with null
2024-04-23T21:16:31,799  INFO [main] optimizer.GenMRFileSink1: using CombineHiveInputformat for the merge job
2024-04-23T21:16:31,800  INFO [main] HiveMetaStore.audit: ugi=alex	ip=unknown-ip-addr	cmd=get_table : tbl=hive.default.tmp	
2024-04-23T21:16:31,810  INFO [main] metastore.HMSHandler: Skipping translation for processor with null
2024-04-23T21:16:31,812  INFO [main] parse.CalcitePlanner: Completed plan generation
2024-04-23T21:16:31,812  INFO [main] parse.CalcitePlanner: Ending caching scope for: 
2024-04-23T21:16:31,812  INFO [main] ql.Driver: Semantic Analysis Completed (retrial = false)
2024-04-23T21:16:31,812  INFO [main] ql.Driver: Created Hive schema: Schema(fieldSchemas:[FieldSchema(name:col1, type:int, comment:null), FieldSchema(name:col2, type:int, comment:null), FieldSchema(name:col3, type:int, comment:null)], properties:null)
2024-04-23T21:16:31,812  INFO [main] metadata.Hive: Dumping metastore api call timing information for : compilation phase
2024-04-23T21:16:31,812  INFO [main] metadata.Hive: Total time spent in each metastore function (ms): {getAllTableConstraints_(AllTableConstraintsRequest)=8, getValidWriteIds_(List, String)=3, getTable_(GetTableRequest)=66, flushCache_()=0, getNotNullConstraints_(NotNullConstraintsRequest)=2, isCompatibleWith_(Configuration)=2, getValidTxns_(long)=0, commitTxn_(CommitTxnRequest)=16, openTxn_(String, TxnType)=5, getCheckConstraints_(CheckConstraintsRequest)=2}
2024-04-23T21:16:31,812  INFO [main] ql.Driver: Completed compiling command(queryId=alex_20240423211631_6e33a2e5-2f56-4090-81b8-8fac2bbef378); Time taken: 0.203 seconds
2024-04-23T21:16:31,812  INFO [main] lockmgr.DbTxnManager: Setting lock request transaction to txnid:16 for queryId=alex_20240423211631_6e33a2e5-2f56-4090-81b8-8fac2bbef378
2024-04-23T21:16:31,813  INFO [main] lockmgr.DbLockManager: Requesting lock for queryId=alex_20240423211631_6e33a2e5-2f56-4090-81b8-8fac2bbef378
2024-04-23T21:16:31,828  INFO [main] lockmgr.DbLockManager: Response to queryId=alex_20240423211631_6e33a2e5-2f56-4090-81b8-8fac2bbef378 LockResponse(lockid:10, state:ACQUIRED)
2024-04-23T21:16:31,828  INFO [main] ql.Driver: Operation QUERY obtained 1 locks
2024-04-23T21:16:31,828  INFO [main] ql.Driver: Executing command(queryId=alex_20240423211631_6e33a2e5-2f56-4090-81b8-8fac2bbef378): insert into tmp  values(1,1,1),(2,2,2)
2024-04-23T21:16:31,829  WARN [main] ql.Driver: Hive-on-MR is deprecated in Hive 2 and may not be available in the future versions. Consider using a different execution engine (i.e. spark, tez) or using Hive 1.X releases.
Query ID = alex_20240423211631_6e33a2e5-2f56-4090-81b8-8fac2bbef378
2024-04-23T21:16:31,829  INFO [main] ql.Driver: Query ID = alex_20240423211631_6e33a2e5-2f56-4090-81b8-8fac2bbef378
Total jobs = 1
2024-04-23T21:16:31,829  INFO [main] ql.Driver: Total jobs = 1
Launching Job 1 out of 1
2024-04-23T21:16:31,829  INFO [main] ql.Driver: Launching Job 1 out of 1
2024-04-23T21:16:31,959  INFO [main] ql.Driver: Starting task [Stage-1:MAPRED] in serial mode
Number of reduce tasks is set to 0 since there's no reduce operator
2024-04-23T21:16:31,959  INFO [main] exec.Task: Number of reduce tasks is set to 0 since there's no reduce operator
2024-04-23T21:16:31,961  INFO [main] mr.ExecDriver: Using org.apache.hadoop.hive.ql.io.HiveInputFormat
2024-04-23T21:16:31,962  INFO [main] exec.Utilities: Processing alias $hdt$_0:_dummy_table
2024-04-23T21:16:31,962  INFO [main] exec.Utilities: Adding 1 inputs; the first input is file:/home/alex/Repositories/hive/ql/target/tmp/localscratchdir/b72c85bc-72c7-4f7b-afc0-6d43af6e6c8d/hive_2024-04-23_21-16-31_609_3220655694972544579-1/dummy_path
2024-04-23T21:16:31,972  INFO [main] exec.SerializationUtilities: Serializing MapWork using kryo
2024-04-23T21:16:31,972  INFO [main] exec.Utilities: Serialized plan (via FILE) - name: null size: 5,86KB
2024-04-23T21:16:31,973  WARN [main] impl.MetricsSystemImpl: JobTracker metrics system already initialized!
2024-04-23T21:16:31,977  INFO [main] fs.FSStatsPublisher: created : file:/home/alex/Repositories/hive/ql/target/tmp/localscratchdir/b72c85bc-72c7-4f7b-afc0-6d43af6e6c8d/hive_2024-04-23_21-16-31_609_3220655694972544579-1/-mr-10001
2024-04-23T21:16:31,981  WARN [main] impl.MetricsSystemImpl: JobTracker metrics system already initialized!
2024-04-23T21:16:31,988  WARN [main] mapreduce.JobResourceUploader: Hadoop command-line option parsing not performed. Implement the Tool interface and execute your application with ToolRunner to remedy this.
2024-04-23T21:16:31,993  WARN [main] mapreduce.JobResourceUploader: No job jar file set.  User classes may not be found. See Job or Job#setJar(String).
2024-04-23T21:16:31,995  INFO [main] io.HiveInputFormat: hive.io.file.readcolumn.ids = 
2024-04-23T21:16:31,995  INFO [main] io.HiveInputFormat: hive.io.file.readcolumn.names = 
2024-04-23T21:16:31,995  INFO [main] io.HiveInputFormat: Generating splits for dirs: file:/home/alex/Repositories/hive/ql/target/tmp/localscratchdir/b72c85bc-72c7-4f7b-afc0-6d43af6e6c8d/hive_2024-04-23_21-16-31_609_3220655694972544579-1/dummy_path
2024-04-23T21:16:31,995  INFO [main] io.HiveInputFormat: number of splits 1
2024-04-23T21:16:32,013  INFO [main] mapreduce.JobSubmitter: number of splits:1
2024-04-23T21:16:32,033  INFO [main] mapreduce.JobSubmitter: Submitting tokens for job: job_local1937998308_0061
2024-04-23T21:16:32,033  INFO [main] mapreduce.JobSubmitter: Executing with tokens: []
2024-04-23T21:16:32,091  INFO [main] mapreduce.Job: The url to track the job: http://localhost:8080/
Job running in-process (local Hadoop)
2024-04-23T21:16:32,091  INFO [main] exec.Task: Job running in-process (local Hadoop)
2024-04-23T21:16:32,092  INFO [Thread-4039] mapred.LocalJobRunner: OutputCommitter set in config org.apache.hadoop.hive.ql.io.HiveFileFormatUtils$NullOutputCommitter
2024-04-23T21:16:32,092  INFO [Thread-4039] mapred.LocalJobRunner: OutputCommitter is org.apache.hadoop.hive.ql.io.HiveFileFormatUtils$NullOutputCommitter
2024-04-23T21:16:32,093  INFO [Thread-4039] mapred.LocalJobRunner: Waiting for map tasks
2024-04-23T21:16:32,093  INFO [LocalJobRunner Map Task Executor #0] mapred.LocalJobRunner: Starting task: attempt_local1937998308_0061_m_000000_0
2024-04-23T21:16:32,094  INFO [LocalJobRunner Map Task Executor #0] mapred.Task:  Using ResourceCalculatorProcessTree : [ ]
2024-04-23T21:16:32,094  INFO [LocalJobRunner Map Task Executor #0] mapred.MapTask: Processing split: org.apache.hadoop.hive.ql.io.NullRowsInputFormat:file:/home/alex/Repositories/hive/ql/target/tmp/localscratchdir/b72c85bc-72c7-4f7b-afc0-6d43af6e6c8d/hive_2024-04-23_21-16-31_609_3220655694972544579-1/dummy_path/null:0+1
2024-04-23T21:16:32,095  INFO [LocalJobRunner Map Task Executor #0] exec.SerializationUtilities: Deserializing MapWork using kryo
2024-04-23T21:16:32,096  INFO [LocalJobRunner Map Task Executor #0] exec.Utilities: Deserialized plan (via FILE) - name: null size: 5,86KB
2024-04-23T21:16:32,096  INFO [LocalJobRunner Map Task Executor #0] mapred.MapTask: numReduceTasks: 0
2024-04-23T21:16:32,096  INFO [LocalJobRunner Map Task Executor #0] exec.MapOperator: Initializing Operator: MAP[0]
2024-04-23T21:16:32,096  INFO [LocalJobRunner Map Task Executor #0] mr.ExecMapper: 
<MAP>Id =0
  <Children>null
  <\Children>
  <Parent><\Parent>
<\MAP>
2024-04-23T21:16:32,097  INFO [LocalJobRunner Map Task Executor #0] exec.TableScanOperator: Initializing Operator: TS[0]
2024-04-23T21:16:32,097  INFO [LocalJobRunner Map Task Executor #0] exec.SelectOperator: Initializing Operator: SEL[1]
2024-04-23T21:16:32,097  INFO [LocalJobRunner Map Task Executor #0] exec.SelectOperator: SELECT null
2024-04-23T21:16:32,097  INFO [LocalJobRunner Map Task Executor #0] exec.UDTFOperator: Initializing Operator: UDTF[2]
2024-04-23T21:16:32,097  INFO [LocalJobRunner Map Task Executor #0] exec.SelectOperator: Initializing Operator: SEL[3]
2024-04-23T21:16:32,097  INFO [LocalJobRunner Map Task Executor #0] exec.SelectOperator: SELECT struct<col1:int,col2:int,col3:int>
2024-04-23T21:16:32,097  INFO [LocalJobRunner Map Task Executor #0] exec.FileSinkOperator: Initializing Operator: FS[4]
2024-04-23T21:16:32,098  INFO [LocalJobRunner Map Task Executor #0] exec.FileSinkOperator: Using serializer : AbstractSerDe [log=org.apache.logging.slf4j.Log4jLogger@261f1262, configuration=Optional[Configuration: core-default.xml, core-site.xml, mapred-default.xml, mapred-site.xml, yarn-default.xml, yarn-site.xml, hdfs-default.xml, hdfs-site.xml, file:/home/alex/Repositories/hive/ql/target/tmp/TestTxnNoBuckets/mapred/local/localRunner/alex/job_local1937998308_0061/job_local1937998308_0061.xml], properties={name=default.tmp, columns.types=int:int:int, serialization.format=1, columns=c1,c2,c3, numFilesErasureCoded=0, columns.comments=&amp#0;&amp#0;, bucketing_version=2, serialization.lib=org.apache.hadoop.hive.ql.io.orc.OrcSerde, file.inputformat=org.apache.hadoop.hive.ql.io.orc.OrcInputFormat, file.outputformat=org.apache.hadoop.hive.ql.io.orc.OrcOutputFormat, location=file:/home/alex/Repositories/hive/ql/target/tmp/org.apache.hadoop.hive.ql.TestTxnNoBuckets-1713932056679/warehouse/tmp, column.name.delimiter=,}, tableProperties={name=default.tmp, columns.types=int:int:int, serialization.format=1, columns=c1,c2,c3, numFilesErasureCoded=0, columns.comments=&amp#0;&amp#0;, bucketing_version=2, serialization.lib=org.apache.hadoop.hive.ql.io.orc.OrcSerde, file.inputformat=org.apache.hadoop.hive.ql.io.orc.OrcInputFormat, location=file:/home/alex/Repositories/hive/ql/target/tmp/org.apache.hadoop.hive.ql.TestTxnNoBuckets-1713932056679/warehouse/tmp, file.outputformat=org.apache.hadoop.hive.ql.io.orc.OrcOutputFormat, column.name.delimiter=,}, partitionProperties=Optional.empty, columnNames=[c1, c2, c3], columnTypes=[int, int, int], getClass()=class org.apache.hadoop.hive.ql.io.orc.OrcSerde] and formatter : org.apache.hadoop.hive.ql.io.orc.OrcOutputFormat@66376f57
2024-04-23T21:16:32,098  INFO [LocalJobRunner Map Task Executor #0] exec.FileSinkOperator: Final Path: FS file:/home/alex/Repositories/hive/ql/target/tmp/org.apache.hadoop.hive.ql.TestTxnNoBuckets-1713932056679/warehouse/tmp/.hive-staging_hive_2024-04-23_21-16-31_609_3220655694972544579-1/_tmp.-ext-10002/000000_0
2024-04-23T21:16:32,098  INFO [LocalJobRunner Map Task Executor #0] exec.FileSinkOperator: Writing to temp file: FS file:/home/alex/Repositories/hive/ql/target/tmp/org.apache.hadoop.hive.ql.TestTxnNoBuckets-1713932056679/warehouse/tmp/.hive-staging_hive_2024-04-23_21-16-31_609_3220655694972544579-1/_task_tmp.-ext-10002/_tmp.000000_0
2024-04-23T21:16:32,098  INFO [LocalJobRunner Map Task Executor #0] exec.FileSinkOperator: New Final Path: FS file:/home/alex/Repositories/hive/ql/target/tmp/org.apache.hadoop.hive.ql.TestTxnNoBuckets-1713932056679/warehouse/tmp/.hive-staging_hive_2024-04-23_21-16-31_609_3220655694972544579-1/_tmp.-ext-10002/000000_0
2024-04-23T21:16:32,098  INFO [LocalJobRunner Map Task Executor #0] exec.FileSinkOperator: FS[4]: records written - 1
2024-04-23T21:16:32,099  INFO [LocalJobRunner Map Task Executor #0] impl.PhysicalFsWriter: ORC writer created for path: file:/home/alex/Repositories/hive/ql/target/tmp/org.apache.hadoop.hive.ql.TestTxnNoBuckets-1713932056679/warehouse/tmp/.hive-staging_hive_2024-04-23_21-16-31_609_3220655694972544579-1/_task_tmp.-ext-10002/_tmp.000000_0 with stripeSize: 67108864 blockSize: 268435456 compression: Compress: ZLIB buffer: 262144
2024-04-23T21:16:32,105  INFO [LocalJobRunner Map Task Executor #0] impl.WriterImpl: ORC writer created for path: file:/home/alex/Repositories/hive/ql/target/tmp/org.apache.hadoop.hive.ql.TestTxnNoBuckets-1713932056679/warehouse/tmp/.hive-staging_hive_2024-04-23_21-16-31_609_3220655694972544579-1/_task_tmp.-ext-10002/_tmp.000000_0 with stripeSize: 67108864 options: Compress: ZLIB buffer: 262144
2024-04-23T21:16:32,105  INFO [LocalJobRunner Map Task Executor #0] exec.MapOperator: MAP[0]: records read - 1
2024-04-23T21:16:32,106  INFO [LocalJobRunner Map Task Executor #0] exec.MapOperator: Closing Operator: MAP[0]
2024-04-23T21:16:32,106  INFO [LocalJobRunner Map Task Executor #0] exec.MapOperator: MAP[0]: Total records read - 3. abort - false
2024-04-23T21:16:32,106  INFO [LocalJobRunner Map Task Executor #0] exec.MapOperator: RECORDS_OUT_INTERMEDIATE:0, RECORDS_OUT_OPERATOR_MAP_0:0, DESERIALIZE_ERRORS:0, RECORDS_IN:3, 
2024-04-23T21:16:32,106  INFO [LocalJobRunner Map Task Executor #0] exec.TableScanOperator: Closing Operator: TS[0]
2024-04-23T21:16:32,106  INFO [LocalJobRunner Map Task Executor #0] exec.TableScanOperator: RECORDS_OUT_INTERMEDIATE:0, RECORDS_OUT_OPERATOR_TS_0:1, 
2024-04-23T21:16:32,106  INFO [LocalJobRunner Map Task Executor #0] exec.SelectOperator: Closing Operator: SEL[1]
2024-04-23T21:16:32,106  INFO [LocalJobRunner Map Task Executor #0] exec.SelectOperator: RECORDS_OUT_OPERATOR_SEL_1:1, RECORDS_OUT_INTERMEDIATE:0, 
2024-04-23T21:16:32,106  INFO [LocalJobRunner Map Task Executor #0] exec.UDTFOperator: Closing Operator: UDTF[2]
2024-04-23T21:16:32,106  INFO [LocalJobRunner Map Task Executor #0] exec.UDTFOperator: RECORDS_OUT_INTERMEDIATE:0, RECORDS_OUT_OPERATOR_UDTF_2:2, 
2024-04-23T21:16:32,106  INFO [LocalJobRunner Map Task Executor #0] exec.SelectOperator: Closing Operator: SEL[3]
2024-04-23T21:16:32,106  INFO [LocalJobRunner Map Task Executor #0] exec.SelectOperator: RECORDS_OUT_INTERMEDIATE:0, RECORDS_OUT_OPERATOR_SEL_3:2, 
2024-04-23T21:16:32,106  INFO [LocalJobRunner Map Task Executor #0] exec.FileSinkOperator: Closing Operator: FS[4]
2024-04-23T21:16:32,106  INFO [LocalJobRunner Map Task Executor #0] exec.FileSinkOperator: FS[4]: records written - 2
2024-04-23T21:16:32,113  INFO [LocalJobRunner Map Task Executor #0] exec.FileSinkOperator: RECORDS_OUT_OPERATOR_FS_4:2, TOTAL_TABLE_ROWS_WRITTEN:2, RECORDS_OUT_INTERMEDIATE:0, RECORDS_OUT_1_default.tmp:2, 
2024-04-23T21:16:32,113  INFO [LocalJobRunner Map Task Executor #0] mapred.LocalJobRunner: 
2024-04-23T21:16:32,113  INFO [LocalJobRunner Map Task Executor #0] mapred.Task: Task:attempt_local1937998308_0061_m_000000_0 is done. And is in the process of committing
2024-04-23T21:16:32,114  INFO [LocalJobRunner Map Task Executor #0] mapred.LocalJobRunner: map
2024-04-23T21:16:32,114  INFO [LocalJobRunner Map Task Executor #0] mapred.Task: Task 'attempt_local1937998308_0061_m_000000_0' done.
2024-04-23T21:16:32,114  INFO [LocalJobRunner Map Task Executor #0] mapred.Task: Final Counters for attempt_local1937998308_0061_m_000000_0: Counters: 27
	File System Counters
		FILE: Number of bytes read=1450393
		FILE: Number of bytes written=71847162
		FILE: Number of read operations=0
		FILE: Number of large read operations=0
		FILE: Number of write operations=0
	Map-Reduce Framework
		Map input records=4
		Map output records=0
		Input split bytes=361
		Spilled Records=0
		Failed Shuffles=0
		Merged Map outputs=0
		GC time elapsed (ms)=0
		Total committed heap usage (bytes)=1191706624
	HIVE
		CREATED_FILES=1
		DESERIALIZE_ERRORS=0
		RECORDS_IN=3
		RECORDS_OUT_1_default.tmp=2
		RECORDS_OUT_INTERMEDIATE=0
		RECORDS_OUT_OPERATOR_FS_4=2
		RECORDS_OUT_OPERATOR_MAP_0=0
		RECORDS_OUT_OPERATOR_SEL_1=1
		RECORDS_OUT_OPERATOR_SEL_3=2
		RECORDS_OUT_OPERATOR_TS_0=1
		RECORDS_OUT_OPERATOR_UDTF_2=2
		TOTAL_TABLE_ROWS_WRITTEN=2
	File Input Format Counters 
		Bytes Read=5918
	File Output Format Counters 
		Bytes Written=0
2024-04-23T21:16:32,114  INFO [LocalJobRunner Map Task Executor #0] mapred.LocalJobRunner: Finishing task: attempt_local1937998308_0061_m_000000_0
2024-04-23T21:16:32,114  INFO [Thread-4039] mapred.LocalJobRunner: map task executor complete.
2024-04-23 21:16:33,093 Stage-1 map = 100%,  reduce = 0%
2024-04-23T21:16:33,093  INFO [main] exec.Task: 2024-04-23 21:16:33,093 Stage-1 map = 100%,  reduce = 0%
Ended Job = job_local1937998308_0061
2024-04-23T21:16:33,094  INFO [main] exec.Task: Ended Job = job_local1937998308_0061
2024-04-23T21:16:33,096  INFO [main] ql.Driver: Starting task [Stage-7:CONDITIONAL] in serial mode
Stage-4 is selected by condition resolver.
2024-04-23T21:16:33,097  INFO [main] exec.Task: Stage-4 is selected by condition resolver.
Stage-3 is filtered out by condition resolver.
2024-04-23T21:16:33,097  INFO [main] exec.Task: Stage-3 is filtered out by condition resolver.
Stage-5 is filtered out by condition resolver.
2024-04-23T21:16:33,097  INFO [main] exec.Task: Stage-5 is filtered out by condition resolver.
2024-04-23T21:16:33,097  INFO [main] ql.Driver: Starting task [Stage-4:MOVE] in serial mode
Moving data to directory file:/home/alex/Repositories/hive/ql/target/tmp/org.apache.hadoop.hive.ql.TestTxnNoBuckets-1713932056679/warehouse/tmp/.hive-staging_hive_2024-04-23_21-16-31_609_3220655694972544579-1/-ext-10000
2024-04-23T21:16:33,097  INFO [main] exec.Task: Moving data to directory file:/home/alex/Repositories/hive/ql/target/tmp/org.apache.hadoop.hive.ql.TestTxnNoBuckets-1713932056679/warehouse/tmp/.hive-staging_hive_2024-04-23_21-16-31_609_3220655694972544579-1/-ext-10000 from file:/home/alex/Repositories/hive/ql/target/tmp/org.apache.hadoop.hive.ql.TestTxnNoBuckets-1713932056679/warehouse/tmp/.hive-staging_hive_2024-04-23_21-16-31_609_3220655694972544579-1/-ext-10002
2024-04-23T21:16:33,098  INFO [main] ql.Driver: Starting task [Stage-0:MOVE] in serial mode
Loading data to table default.tmp
2024-04-23T21:16:33,098  INFO [main] exec.Task: Loading data to table default.tmp from file:/home/alex/Repositories/hive/ql/target/tmp/org.apache.hadoop.hive.ql.TestTxnNoBuckets-1713932056679/warehouse/tmp/.hive-staging_hive_2024-04-23_21-16-31_609_3220655694972544579-1/-ext-10000
2024-04-23T21:16:33,098  INFO [main] HiveMetaStore.audit: ugi=alex	ip=unknown-ip-addr	cmd=get_table : tbl=hive.default.tmp	
2024-04-23T21:16:33,108  INFO [main] metastore.HMSHandler: Skipping translation for processor with null
2024-04-23T21:16:33,108  INFO [main] HiveMetaStore.audit: ugi=alex	ip=unknown-ip-addr	cmd=get_table : tbl=hive.default.tmp	
2024-04-23T21:16:33,118  INFO [main] metastore.HMSHandler: Skipping translation for processor with null
2024-04-23T21:16:33,119  WARN [main] metadata.Hive: Cannot get a table snapshot for tmp
2024-04-23T21:16:33,119  INFO [main] HiveMetaStore.audit: ugi=alex	ip=unknown-ip-addr	cmd=alter_table: hive.default.tmp newtbl=tmp	
2024-04-23T21:16:33,145  INFO [main] ql.Driver: Starting task [Stage-2:STATS] in serial mode
2024-04-23T21:16:33,145  INFO [main] HiveMetaStore.audit: ugi=alex	ip=unknown-ip-addr	cmd=get_table : tbl=hive.default.tmp	
2024-04-23T21:16:33,153  INFO [main] metastore.HMSHandler: Skipping translation for processor with null
2024-04-23T21:16:33,153  INFO [main] stats.BasicStatsTask: Executing stats task
2024-04-23T21:16:33,153  INFO [main] fs.FSStatsPublisher: created : file:/home/alex/Repositories/hive/ql/target/tmp/localscratchdir/b72c85bc-72c7-4f7b-afc0-6d43af6e6c8d/hive_2024-04-23_21-16-31_609_3220655694972544579-1/-mr-10001
2024-04-23T21:16:33,154  INFO [main] HiveMetaStore.audit: ugi=alex	ip=unknown-ip-addr	cmd=get_table : tbl=hive.default.tmp	
2024-04-23T21:16:33,163  INFO [main] metastore.HMSHandler: Skipping translation for processor with null
2024-04-23T21:16:33,163  INFO [main] FileOperations: Read stats for default.tmp/, numRows, true, 2, false: 
2024-04-23T21:16:33,164  INFO [main] FileOperations: Read stats for default.tmp/, rawDataSize, true, 24, false: 
2024-04-23T21:16:33,164  WARN [main] metadata.Hive: Cannot get a table snapshot for tmp
2024-04-23T21:16:33,164  INFO [main] HiveMetaStore.audit: ugi=alex	ip=unknown-ip-addr	cmd=alter_table: hive.default.tmp newtbl=tmp	
2024-04-23T21:16:33,188  INFO [main] stats.BasicStatsTask: Table default.tmp stats: [numFiles=2, numRows=4, totalSize=562, rawDataSize=48, numFilesErasureCoded=0]
2024-04-23T21:16:33,189  INFO [main] metadata.Hive: Dumping metastore api call timing information for : execution phase
2024-04-23T21:16:33,189  INFO [main] metadata.Hive: Total time spent in each metastore function (ms): {getTable_(GetTableRequest)=37, isCompatibleWith_(Configuration)=0, alter_table_(String, String, String, Table, EnvironmentContext, String)=49}
MapReduce Jobs Launched: 
2024-04-23T21:16:33,189  INFO [main] ql.Driver: MapReduce Jobs Launched: 
Stage-Stage-1:  HDFS Read: 0 HDFS Write: 0 SUCCESS
2024-04-23T21:16:33,189  INFO [main] ql.Driver: Stage-Stage-1:  HDFS Read: 0 HDFS Write: 0 SUCCESS
Total MapReduce CPU Time Spent: 0 msec
2024-04-23T21:16:33,189  INFO [main] ql.Driver: Total MapReduce CPU Time Spent: 0 msec
2024-04-23T21:16:33,189  INFO [main] ql.Driver: Completed executing command(queryId=alex_20240423211631_6e33a2e5-2f56-4090-81b8-8fac2bbef378); Time taken: 1.361 seconds
2024-04-23T21:16:33,190  INFO [main] lockmgr.DbTxnManager: Stopped heartbeat for query: alex_20240423211631_6e33a2e5-2f56-4090-81b8-8fac2bbef378
2024-04-23T21:16:33,193  INFO [main] txn.TxnHandler: Expected to move at least one record from txn_components to completed_txn_components when committing txn! txnid:16
2024-04-23T21:16:33,199  INFO [main] txn.TxnHandler: Removed transactions: ([16]) from MIN_HISTORY_LEVEL
2024-04-23T21:16:33,199  WARN [main] txn.CompactionTxnHandler: No compaction queue record found for Compaction type transaction commit. txnId:16
2024-04-23T21:16:33,200  INFO [main] ql.TxnCommandsBaseForTests: Running the query: drop table if exists nobuckets
2024-04-23T21:16:33,200  INFO [main] ql.Context: Deleting scratch dir: file:/home/alex/Repositories/hive/ql/target/tmp/org.apache.hadoop.hive.ql.TestTxnNoBuckets-1713932056679/warehouse/tmp/.hive-staging_hive_2024-04-23_21-16-31_609_3220655694972544579-1
2024-04-23T21:16:33,201  INFO [main] cleanup.SyncCleanupService: Deleted directory: file:/home/alex/Repositories/hive/ql/target/tmp/org.apache.hadoop.hive.ql.TestTxnNoBuckets-1713932056679/warehouse/tmp/.hive-staging_hive_2024-04-23_21-16-31_609_3220655694972544579-1 on fs with scheme file
2024-04-23T21:16:33,201  INFO [main] ql.Context: Deleting scratch dir: file:/home/alex/Repositories/hive/ql/target/tmp/localscratchdir/b72c85bc-72c7-4f7b-afc0-6d43af6e6c8d/hive_2024-04-23_21-16-31_609_3220655694972544579-1
2024-04-23T21:16:33,201  INFO [main] cleanup.SyncCleanupService: Deleted directory: file:/home/alex/Repositories/hive/ql/target/tmp/localscratchdir/b72c85bc-72c7-4f7b-afc0-6d43af6e6c8d/hive_2024-04-23_21-16-31_609_3220655694972544579-1 on fs with scheme file
2024-04-23T21:16:33,202  INFO [main] ql.Driver: Compiling command(queryId=alex_20240423211633_f1c4007b-ca47-4e78-8111-18ceef6c3310): drop table if exists nobuckets
2024-04-23T21:16:33,204  INFO [main] txn.TxnHandler: Added entries to MIN_HISTORY_LEVEL for current txns: ([17]) with min_open_txn: 17
2024-04-23T21:16:33,204  INFO [main] lockmgr.DbTxnManager: Opened txnid:17
2024-04-23T21:16:33,205  INFO [main] HiveMetaStore.audit: ugi=alex	ip=unknown-ip-addr	cmd=get_table : tbl=hive.default.nobuckets	
2024-04-23T21:16:33,211  INFO [main] metastore.HMSHandler: Skipping translation for processor with null
2024-04-23T21:16:33,212  INFO [main] ql.Driver: Semantic Analysis Completed (retrial = false)
2024-04-23T21:16:33,212  INFO [main] ql.Driver: Created Hive schema: Schema(fieldSchemas:null, properties:null)
2024-04-23T21:16:33,212  INFO [main] metadata.Hive: Dumping metastore api call timing information for : compilation phase
2024-04-23T21:16:33,212  INFO [main] metadata.Hive: Total time spent in each metastore function (ms): {commitTxn_(CommitTxnRequest)=10, openTxn_(String, TxnType)=2, getTable_(GetTableRequest)=6, isCompatibleWith_(Configuration)=0, getValidTxns_(long)=1, flushCache_()=0}
2024-04-23T21:16:33,212  INFO [main] ql.Driver: Completed compiling command(queryId=alex_20240423211633_f1c4007b-ca47-4e78-8111-18ceef6c3310); Time taken: 0.01 seconds
2024-04-23T21:16:33,212  INFO [main] lockmgr.DbTxnManager: Setting lock request transaction to txnid:17 for queryId=alex_20240423211633_f1c4007b-ca47-4e78-8111-18ceef6c3310
2024-04-23T21:16:33,213  INFO [main] lockmgr.DbLockManager: Requesting lock for queryId=alex_20240423211633_f1c4007b-ca47-4e78-8111-18ceef6c3310
2024-04-23T21:16:33,226  INFO [main] lockmgr.DbLockManager: Response to queryId=alex_20240423211633_f1c4007b-ca47-4e78-8111-18ceef6c3310 LockResponse(lockid:11, state:ACQUIRED)
2024-04-23T21:16:33,226  INFO [main] ql.Driver: Operation DROPTABLE obtained 1 locks
2024-04-23T21:16:33,226  INFO [main] ql.Driver: Executing command(queryId=alex_20240423211633_f1c4007b-ca47-4e78-8111-18ceef6c3310): drop table if exists nobuckets
2024-04-23T21:16:33,226  INFO [main] ql.Driver: Starting task [Stage-0:DDL] in serial mode
2024-04-23T21:16:33,226  INFO [main] HiveMetaStore.audit: ugi=alex	ip=unknown-ip-addr	cmd=get_table : tbl=hive.default.nobuckets	
2024-04-23T21:16:33,233  INFO [main] metastore.HMSHandler: Skipping translation for processor with null
2024-04-23T21:16:33,233  INFO [main] HiveMetaStore.audit: ugi=alex	ip=unknown-ip-addr	cmd=get_table : tbl=hive.default.nobuckets	
2024-04-23T21:16:33,239  INFO [main] metastore.HMSHandler: Skipping translation for processor with null
2024-04-23T21:16:33,240  INFO [main] HiveMetaStore.audit: ugi=alex	ip=unknown-ip-addr	cmd=drop_table : tbl=hive.default.nobuckets	
2024-04-23T21:16:33,357  WARN [main] utils.FileUtils: File file:/home/alex/Repositories/hive/ql/target/tmp/org.apache.hadoop.hive.ql.TestTxnNoBuckets-1713932056679/warehouse/nobuckets does not exist; Force to delete it.
2024-04-23T21:16:33,357 ERROR [main] utils.FileUtils: Failed to delete file:/home/alex/Repositories/hive/ql/target/tmp/org.apache.hadoop.hive.ql.TestTxnNoBuckets-1713932056679/warehouse/nobuckets
2024-04-23T21:16:33,357  INFO [main] metadata.Hive: Dumping metastore api call timing information for : execution phase
2024-04-23T21:16:33,357  INFO [main] metadata.Hive: Total time spent in each metastore function (ms): {dropTable_(String, String, boolean, boolean, boolean)=124, isCompatibleWith_(Configuration)=0, getTable_(GetTableRequest)=7}
2024-04-23T21:16:33,358  INFO [main] ql.Driver: Completed executing command(queryId=alex_20240423211633_f1c4007b-ca47-4e78-8111-18ceef6c3310); Time taken: 0.131 seconds
2024-04-23T21:16:33,358  INFO [main] lockmgr.DbTxnManager: Stopped heartbeat for query: alex_20240423211633_f1c4007b-ca47-4e78-8111-18ceef6c3310
2024-04-23T21:16:33,361  INFO [main] txn.TxnHandler: Expected to move at least one record from txn_components to completed_txn_components when committing txn! txnid:17
2024-04-23T21:16:33,366  INFO [main] txn.TxnHandler: Removed transactions: ([17]) from MIN_HISTORY_LEVEL
2024-04-23T21:16:33,367  WARN [main] txn.CompactionTxnHandler: No compaction queue record found for Compaction type transaction commit. txnId:17
2024-04-23T21:16:33,368  INFO [main] ql.TxnCommandsBaseForTests: Running the query: create table nobuckets (c1 integer, c2 integer, c3 integer) stored as orc tblproperties('transactional'='true', 'transactional_properties'='default')
2024-04-23T21:16:33,368  INFO [main] ql.Driver: Compiling command(queryId=alex_20240423211633_06b43c68-9ecc-4677-aafc-583989409f88): create table nobuckets (c1 integer, c2 integer, c3 integer) stored as orc tblproperties('transactional'='true', 'transactional_properties'='default')
2024-04-23T21:16:33,376  INFO [main] txn.TxnHandler: Added entries to MIN_HISTORY_LEVEL for current txns: ([18]) with min_open_txn: 17
2024-04-23T21:16:33,376  INFO [main] lockmgr.DbTxnManager: Opened txnid:18
2024-04-23T21:16:33,378  INFO [main] parse.CalcitePlanner: Starting caching scope for: 
2024-04-23T21:16:33,378  INFO [main] parse.CalcitePlanner: Starting Semantic Analysis
2024-04-23T21:16:33,383  INFO [main] parse.CalcitePlanner: Creating table default.nobuckets position=13
2024-04-23T21:16:33,383  INFO [main] HiveMetaStore.audit: ugi=alex	ip=unknown-ip-addr	cmd=get_database: default	
2024-04-23T21:16:33,387  INFO [main] parse.CalcitePlanner: Ending caching scope for: 
2024-04-23T21:16:33,387  INFO [main] ql.Driver: Semantic Analysis Completed (retrial = false)
2024-04-23T21:16:33,387  INFO [main] ql.Driver: Created Hive schema: Schema(fieldSchemas:null, properties:null)
2024-04-23T21:16:33,387  INFO [main] metadata.Hive: Dumping metastore api call timing information for : compilation phase
2024-04-23T21:16:33,388  INFO [main] metadata.Hive: Total time spent in each metastore function (ms): {openTxn_(String, TxnType)=7, getValidTxns_(long)=1, flushCache_()=0, getDatabase_(String)=4, commitTxn_(CommitTxnRequest)=9, getValidWriteIds_(List, String)=4, isCompatibleWith_(Configuration)=2}
2024-04-23T21:16:33,388  INFO [main] ql.Driver: Completed compiling command(queryId=alex_20240423211633_06b43c68-9ecc-4677-aafc-583989409f88); Time taken: 0.019 seconds
2024-04-23T21:16:33,388  INFO [main] lockmgr.DbTxnManager: Setting lock request transaction to txnid:18 for queryId=alex_20240423211633_06b43c68-9ecc-4677-aafc-583989409f88
2024-04-23T21:16:33,388  INFO [main] lockmgr.DbLockManager: Requesting lock for queryId=alex_20240423211633_06b43c68-9ecc-4677-aafc-583989409f88
2024-04-23T21:16:33,404  INFO [main] lockmgr.DbLockManager: Response to queryId=alex_20240423211633_06b43c68-9ecc-4677-aafc-583989409f88 LockResponse(lockid:12, state:ACQUIRED)
2024-04-23T21:16:33,404  INFO [main] ql.Driver: Operation CREATETABLE obtained 1 locks
2024-04-23T21:16:33,405  INFO [main] ql.Driver: Executing command(queryId=alex_20240423211633_06b43c68-9ecc-4677-aafc-583989409f88): create table nobuckets (c1 integer, c2 integer, c3 integer) stored as orc tblproperties('transactional'='true', 'transactional_properties'='default')
2024-04-23T21:16:33,405  INFO [main] ql.Driver: Starting task [Stage-0:DDL] in serial mode
2024-04-23T21:16:33,406  INFO [main] HiveMetaStore.audit: ugi=alex	ip=unknown-ip-addr	cmd=create_table_req: Table(tableName:nobuckets, dbName:default, owner:alex, createTime:1713932193, lastAccessTime:0, retention:0, sd:StorageDescriptor(cols:[FieldSchema(name:c1, type:int, comment:null), FieldSchema(name:c2, type:int, comment:null), FieldSchema(name:c3, type:int, comment:null)], location:null, inputFormat:org.apache.hadoop.hive.ql.io.orc.OrcInputFormat, outputFormat:org.apache.hadoop.hive.ql.io.orc.OrcOutputFormat, compressed:false, numBuckets:-1, serdeInfo:SerDeInfo(name:null, serializationLib:org.apache.hadoop.hive.ql.io.orc.OrcSerde, parameters:{serialization.format=1}), bucketCols:[], sortCols:[], parameters:{}, skewedInfo:SkewedInfo(skewedColNames:[], skewedColValues:[], skewedColValueLocationMaps:{}), storedAsSubDirectories:false), partitionKeys:[], parameters:{transactional_properties=default, COLUMN_STATS_ACCURATE={"BASIC_STATS":"true","COLUMN_STATS":{"c1":"true","c2":"true","c3":"true"}}, bucketing_version=2, numFiles=0, numRows=0, transactional=true, totalSize=0, rawDataSize=0, numFilesErasureCoded=0}, viewOriginalText:null, viewExpandedText:null, tableType:MANAGED_TABLE, privileges:PrincipalPrivilegeSet(userPrivileges:{alex=[PrivilegeGrantInfo(privilege:INSERT, createTime:-1, grantor:alex, grantorType:USER, grantOption:true), PrivilegeGrantInfo(privilege:SELECT, createTime:-1, grantor:alex, grantorType:USER, grantOption:true), PrivilegeGrantInfo(privilege:UPDATE, createTime:-1, grantor:alex, grantorType:USER, grantOption:true), PrivilegeGrantInfo(privilege:DELETE, createTime:-1, grantor:alex, grantorType:USER, grantOption:true)]}, groupPrivileges:null, rolePrivileges:null), temporary:false, catName:hive, ownerType:USER, writeId:0)	
2024-04-23T21:16:33,411  INFO [main] utils.FileUtils: Creating directory if it doesn't exist: file:/home/alex/Repositories/hive/ql/target/tmp/org.apache.hadoop.hive.ql.TestTxnNoBuckets-1713932056679/warehouse/nobuckets
2024-04-23T21:16:33,439  INFO [main] metadata.Hive: Dumping metastore api call timing information for : execution phase
2024-04-23T21:16:33,439  INFO [main] metadata.Hive: Total time spent in each metastore function (ms): {createTable_(Table)=34, isCompatibleWith_(Configuration)=0}
2024-04-23T21:16:33,439  INFO [main] ql.Driver: Completed executing command(queryId=alex_20240423211633_06b43c68-9ecc-4677-aafc-583989409f88); Time taken: 0.034 seconds
2024-04-23T21:16:33,439  INFO [main] lockmgr.DbTxnManager: Stopped heartbeat for query: alex_20240423211633_06b43c68-9ecc-4677-aafc-583989409f88
2024-04-23T21:16:33,443  INFO [main] txn.TxnHandler: Expected to move at least one record from txn_components to completed_txn_components when committing txn! txnid:18
2024-04-23T21:16:33,448  INFO [main] txn.TxnHandler: Removed transactions: ([18]) from MIN_HISTORY_LEVEL
2024-04-23T21:16:33,448  WARN [main] txn.CompactionTxnHandler: No compaction queue record found for Compaction type transaction commit. txnId:18
2024-04-23T21:16:33,448  INFO [main] ql.TxnCommandsBaseForTests: Running the query: insert into nobuckets select * from tmp
2024-04-23T21:16:33,449  INFO [main] ql.Driver: Compiling command(queryId=alex_20240423211633_4fe0cc82-fa8c-4842-93c8-129cd727eed8): insert into nobuckets select * from tmp
2024-04-23T21:16:33,451  INFO [main] txn.TxnHandler: Added entries to MIN_HISTORY_LEVEL for current txns: ([19]) with min_open_txn: 17
2024-04-23T21:16:33,451  INFO [main] lockmgr.DbTxnManager: Opened txnid:19
2024-04-23T21:16:33,452  INFO [main] parse.CalcitePlanner: Starting caching scope for: 
2024-04-23T21:16:33,452  INFO [main] parse.CalcitePlanner: Starting Semantic Analysis
2024-04-23T21:16:33,454  INFO [main] parse.CalcitePlanner: Completed phase 1 of Semantic Analysis
2024-04-23T21:16:33,454  INFO [main] parse.CalcitePlanner: Get metadata for source tables
2024-04-23T21:16:33,455  INFO [main] HiveMetaStore.audit: ugi=alex	ip=unknown-ip-addr	cmd=get_table : tbl=hive.default.tmp	
2024-04-23T21:16:33,480  INFO [main] metastore.HMSHandler: Skipping translation for processor with null
2024-04-23T21:16:33,481  INFO [main] parse.CalcitePlanner: Get metadata for subqueries
2024-04-23T21:16:33,481  INFO [main] parse.CalcitePlanner: Get metadata for destination tables
2024-04-23T21:16:33,481  INFO [main] HiveMetaStore.audit: ugi=alex	ip=unknown-ip-addr	cmd=get_table : tbl=hive.default.nobuckets	
2024-04-23T21:16:33,487  INFO [main] metastore.HMSHandler: Skipping translation for processor with null
2024-04-23T21:16:33,487  INFO [main] parse.CalcitePlanner: Completed getting MetaData in Semantic Analysis
2024-04-23T21:16:33,487  INFO [main] parse.CalcitePlanner: Disabling LLAP IO encode as ETL query is detected
2024-04-23T21:16:33,498  INFO [main] HiveMetaStore.audit: ugi=alex	ip=unknown-ip-addr	cmd=get_all_table_constraints : tbl=hive.default.tmp	
2024-04-23T21:16:33,523  INFO [main] calcite.RelOptHiveTable: Calculating column statistics for default.tmp, projIndxSet: [0, 1, 2], allowMissingStats: true
2024-04-23T21:16:33,524  INFO [main] HiveMetaStore.audit: ugi=alex	ip=unknown-ip-addr	cmd=get_table_statistics_req: table=hive.default.tmp	
2024-04-23T21:16:33,536  WARN [main] calcite.RelOptHiveTable: No Stats for default@tmp, Columns: c3, c1, c2
No Stats for default@tmp, Columns: c3, c1, c2
2024-04-23T21:16:33,536  INFO [main] SessionState: No Stats for default@tmp, Columns: c3, c1, c2
2024-04-23T21:16:33,573  INFO [main] parse.CalcitePlanner: Get metadata for source tables
2024-04-23T21:16:33,573  INFO [main] parse.CalcitePlanner: Get metadata for subqueries
2024-04-23T21:16:33,573  INFO [main] parse.CalcitePlanner: Get metadata for destination tables
2024-04-23T21:16:33,573  INFO [main] HiveMetaStore.audit: ugi=alex	ip=unknown-ip-addr	cmd=get_table : tbl=hive.default.nobuckets	
2024-04-23T21:16:33,580  INFO [main] metastore.HMSHandler: Skipping translation for processor with null
2024-04-23T21:16:33,581  INFO [main] HiveMetaStore.audit: ugi=alex	ip=unknown-ip-addr	cmd=get_not_null_constraints : tbl=hive.default.nobuckets	
2024-04-23T21:16:33,582  INFO [main] HiveMetaStore.audit: ugi=alex	ip=unknown-ip-addr	cmd=get_check_constraints : tbl=hive.default.nobuckets	
2024-04-23T21:16:33,589  INFO [main] txn.TxnHandler: Allocated writeId: 1 for txnId: 19
2024-04-23T21:16:33,589  INFO [main] txn.TxnHandler: Allocated write ids for dbName=default, tblName=nobuckets (txnIds: [19])
2024-04-23T21:16:33,592  INFO [main] parse.CalcitePlanner: CBO Succeeded; optimized logical plan.
2024-04-23T21:16:33,594  INFO [main] optimizer.BucketVersionPopulator: not considering bucketingVersion for: TS[0] because it has -1<2 buckets 
2024-04-23T21:16:33,594  INFO [main] optimizer.SortedDynPartitionOptimizer: Sorted dynamic partitioning optimization kicked in..
2024-04-23T21:16:33,602  INFO [main] HiveMetaStore.audit: ugi=alex	ip=unknown-ip-addr	cmd=get_table : tbl=hive.default.nobuckets	
2024-04-23T21:16:33,609  INFO [main] metastore.HMSHandler: Skipping translation for processor with null
2024-04-23T21:16:33,610  INFO [main] parse.CalcitePlanner: Completed plan generation
2024-04-23T21:16:33,610  INFO [main] parse.CalcitePlanner: Ending caching scope for: 
2024-04-23T21:16:33,610  INFO [main] ql.Driver: Semantic Analysis Completed (retrial = false)
2024-04-23T21:16:33,610  INFO [main] ql.Driver: Created Hive schema: Schema(fieldSchemas:[FieldSchema(name:tmp.c1, type:int, comment:null), FieldSchema(name:tmp.c2, type:int, comment:null), FieldSchema(name:tmp.c3, type:int, comment:null)], properties:null)
2024-04-23T21:16:33,611  INFO [main] metadata.Hive: Dumping metastore api call timing information for : compilation phase
2024-04-23T21:16:33,611  INFO [main] metadata.Hive: Total time spent in each metastore function (ms): {isCompatibleWith_(Configuration)=1, commitTxn_(CommitTxnRequest)=8, getCheckConstraints_(CheckConstraintsRequest)=1, allocateTableWriteId_(long, String, String)=6, getTable_(GetTableRequest)=46, flushCache_()=0, getValidWriteIds_(List, String)=3, getValidTxns_(long)=1, getNotNullConstraints_(NotNullConstraintsRequest)=1, openTxn_(String, TxnType)=2, getAllTableConstraints_(AllTableConstraintsRequest)=24, getTableColumnStatistics_(String, String, List, String)=11}
2024-04-23T21:16:33,611  INFO [main] ql.Driver: Completed compiling command(queryId=alex_20240423211633_4fe0cc82-fa8c-4842-93c8-129cd727eed8); Time taken: 0.161 seconds
2024-04-23T21:16:33,611  INFO [main] lockmgr.DbTxnManager: Setting lock request transaction to txnid:19 for queryId=alex_20240423211633_4fe0cc82-fa8c-4842-93c8-129cd727eed8
2024-04-23T21:16:33,612  INFO [main] lockmgr.DbLockManager: Requesting lock for queryId=alex_20240423211633_4fe0cc82-fa8c-4842-93c8-129cd727eed8
2024-04-23T21:16:33,626  INFO [main] lockmgr.DbLockManager: Response to queryId=alex_20240423211633_4fe0cc82-fa8c-4842-93c8-129cd727eed8 LockResponse(lockid:13, state:ACQUIRED)
2024-04-23T21:16:33,626  INFO [main] ql.Driver: Operation QUERY obtained 1 locks
2024-04-23T21:16:33,628  INFO [main] ql.Driver: Executing command(queryId=alex_20240423211633_4fe0cc82-fa8c-4842-93c8-129cd727eed8): insert into nobuckets select * from tmp
2024-04-23T21:16:33,628  WARN [main] ql.Driver: Hive-on-MR is deprecated in Hive 2 and may not be available in the future versions. Consider using a different execution engine (i.e. tez, spark) or using Hive 1.X releases.
Query ID = alex_20240423211633_4fe0cc82-fa8c-4842-93c8-129cd727eed8
2024-04-23T21:16:33,628  INFO [main] ql.Driver: Query ID = alex_20240423211633_4fe0cc82-fa8c-4842-93c8-129cd727eed8
Total jobs = 1
2024-04-23T21:16:33,628  INFO [main] ql.Driver: Total jobs = 1
Launching Job 1 out of 1
2024-04-23T21:16:33,628  INFO [main] ql.Driver: Launching Job 1 out of 1
2024-04-23T21:16:33,750  INFO [main] ql.Driver: Starting task [Stage-1:MAPRED] in serial mode
Number of reduce tasks is set to 0 since there's no reduce operator
2024-04-23T21:16:33,750  INFO [main] exec.Task: Number of reduce tasks is set to 0 since there's no reduce operator
2024-04-23T21:16:33,753  INFO [main] mr.ExecDriver: Using org.apache.hadoop.hive.ql.io.HiveInputFormat
2024-04-23T21:16:33,753  INFO [main] exec.Utilities: Processing alias tmp
2024-04-23T21:16:33,753  INFO [main] exec.Utilities: Adding 1 inputs; the first input is file:/home/alex/Repositories/hive/ql/target/tmp/org.apache.hadoop.hive.ql.TestTxnNoBuckets-1713932056679/warehouse/tmp
2024-04-23T21:16:33,762  INFO [main] exec.SerializationUtilities: Serializing MapWork using kryo
2024-04-23T21:16:33,763  INFO [main] exec.Utilities: Serialized plan (via FILE) - name: null size: 4,80KB
2024-04-23T21:16:33,764  WARN [main] impl.MetricsSystemImpl: JobTracker metrics system already initialized!
2024-04-23T21:16:33,768  INFO [main] fs.FSStatsPublisher: created : file:/home/alex/Repositories/hive/ql/target/tmp/localscratchdir/b72c85bc-72c7-4f7b-afc0-6d43af6e6c8d/hive_2024-04-23_21-16-33_448_3140457556821727360-1/-mr-10000
2024-04-23T21:16:33,769  WARN [main] impl.MetricsSystemImpl: JobTracker metrics system already initialized!
2024-04-23T21:16:33,776  WARN [main] mapreduce.JobResourceUploader: Hadoop command-line option parsing not performed. Implement the Tool interface and execute your application with ToolRunner to remedy this.
2024-04-23T21:16:33,780  WARN [main] mapreduce.JobResourceUploader: No job jar file set.  User classes may not be found. See Job or Job#setJar(String).
2024-04-23T21:16:33,781  INFO [main] io.HiveInputFormat: hive.io.file.readcolumn.ids = 0,1,2
2024-04-23T21:16:33,781  INFO [main] io.HiveInputFormat: hive.io.file.readcolumn.names = c1,c2,c3
2024-04-23T21:16:33,781  INFO [main] io.HiveInputFormat: Generating splits for dirs: file:/home/alex/Repositories/hive/ql/target/tmp/org.apache.hadoop.hive.ql.TestTxnNoBuckets-1713932056679/warehouse/tmp
2024-04-23T21:16:33,782  INFO [main] orc.OrcInputFormat: getSplits started
2024-04-23T21:16:33,782  INFO [main] orc.OrcInputFormat: Context:: isAcid: false isVectorMode: false sarg: null minSplitSize: 1 maxSplitSize: 256000000 splitStrategy: HYBRID footerInSplits: false numBuckets: 0 numThreads: 10 cacheMemSize: 268435456 cacheStripeDetails: true useSoftReference: false writeIdList: null:9223372036854775807:9223372036854775807:: isTransactionalTable: true txnProperties: default 
2024-04-23T21:16:33,782  INFO [main] orc.OrcInputFormat: ORC pushdown predicate: null
2024-04-23T21:16:33,788  INFO [main] orc.OrcInputFormat: FooterCacheHitRatio: 0/2
2024-04-23T21:16:33,788  INFO [main] orc.OrcInputFormat: getSplits finished (#splits: 2). duration: 6 ms
2024-04-23T21:16:33,788  INFO [main] io.HiveInputFormat: number of splits 2
2024-04-23T21:16:33,806  INFO [main] mapreduce.JobSubmitter: number of splits:2
2024-04-23T21:16:33,824  INFO [main] mapreduce.JobSubmitter: Submitting tokens for job: job_local1984301282_0062
2024-04-23T21:16:33,824  INFO [main] mapreduce.JobSubmitter: Executing with tokens: []
2024-04-23T21:16:33,891  INFO [main] mapreduce.Job: The url to track the job: http://localhost:8080/
Job running in-process (local Hadoop)
2024-04-23T21:16:33,891  INFO [main] exec.Task: Job running in-process (local Hadoop)
2024-04-23T21:16:33,891  INFO [Thread-4081] mapred.LocalJobRunner: OutputCommitter set in config org.apache.hadoop.hive.ql.io.HiveFileFormatUtils$NullOutputCommitter
2024-04-23T21:16:33,891  INFO [Thread-4081] mapred.LocalJobRunner: OutputCommitter is org.apache.hadoop.hive.ql.io.HiveFileFormatUtils$NullOutputCommitter
2024-04-23T21:16:33,893  INFO [Thread-4081] mapred.LocalJobRunner: Waiting for map tasks
2024-04-23T21:16:33,893  INFO [LocalJobRunner Map Task Executor #0] mapred.LocalJobRunner: Starting task: attempt_local1984301282_0062_m_000000_0
2024-04-23T21:16:33,894  INFO [LocalJobRunner Map Task Executor #0] mapred.Task:  Using ResourceCalculatorProcessTree : [ ]
2024-04-23T21:16:33,894  INFO [LocalJobRunner Map Task Executor #0] mapred.MapTask: Processing split: org.apache.hadoop.hive.ql.io.orc.OrcInputFormat:OrcSplit [file:/home/alex/Repositories/hive/ql/target/tmp/org.apache.hadoop.hive.ql.TestTxnNoBuckets-1713932056679/warehouse/tmp/000000_0, start=0, length=281, isOriginal=true, fileLength=281, hasFooter=false, hasBase=true, deltas=0]
2024-04-23T21:16:33,895  INFO [LocalJobRunner Map Task Executor #0] exec.SerializationUtilities: Deserializing MapWork using kryo
2024-04-23T21:16:33,896  INFO [LocalJobRunner Map Task Executor #0] exec.Utilities: Deserialized plan (via FILE) - name: null size: 4,80KB
2024-04-23T21:16:33,897  INFO [LocalJobRunner Map Task Executor #0] orc.ReaderImpl: Reading ORC rows from file:/home/alex/Repositories/hive/ql/target/tmp/org.apache.hadoop.hive.ql.TestTxnNoBuckets-1713932056679/warehouse/tmp/000000_0 with {include: [true, true, true, true], offset: 0, length: 281, schema: struct<c1:int,c2:int,c3:int>, includeAcidColumns: true}
2024-04-23T21:16:33,898  INFO [LocalJobRunner Map Task Executor #0] mapred.MapTask: numReduceTasks: 0
2024-04-23T21:16:33,898  INFO [LocalJobRunner Map Task Executor #0] exec.MapOperator: Initializing Operator: MAP[0]
2024-04-23T21:16:33,900  INFO [LocalJobRunner Map Task Executor #0] mr.ExecMapper: 
<MAP>Id =0
  <Children>null
  <\Children>
  <Parent><\Parent>
<\MAP>
2024-04-23T21:16:33,901  INFO [LocalJobRunner Map Task Executor #0] exec.TableScanOperator: Initializing Operator: TS[0]
2024-04-23T21:16:33,901  INFO [LocalJobRunner Map Task Executor #0] exec.SelectOperator: Initializing Operator: SEL[1]
2024-04-23T21:16:33,901  INFO [LocalJobRunner Map Task Executor #0] exec.SelectOperator: SELECT struct<c1:int,c2:int,c3:int>
2024-04-23T21:16:33,901  INFO [LocalJobRunner Map Task Executor #0] exec.FileSinkOperator: Initializing Operator: FS[2]
2024-04-23T21:16:33,902  INFO [LocalJobRunner Map Task Executor #0] exec.FileSinkOperator: Using serializer : AbstractSerDe [log=org.apache.logging.slf4j.Log4jLogger@261f1262, configuration=Optional[Configuration: core-default.xml, core-site.xml, mapred-default.xml, mapred-site.xml, yarn-default.xml, yarn-site.xml, hdfs-default.xml, hdfs-site.xml, file:/home/alex/Repositories/hive/ql/target/tmp/TestTxnNoBuckets/mapred/local/localRunner/alex/job_local1984301282_0062/job_local1984301282_0062.xml], properties={transactional_properties=default, name=default.nobuckets, transactional=true, columns.types=int:int:int, columns=c1,c2,c3, numFilesErasureCoded=0, columns.comments=&amp#0;&amp#0;, bucketing_version=2, serialization.lib=org.apache.hadoop.hive.ql.io.orc.OrcSerde, file.inputformat=org.apache.hadoop.hive.ql.io.orc.OrcInputFormat, file.outputformat=org.apache.hadoop.hive.ql.io.orc.OrcOutputFormat, location=file:/home/alex/Repositories/hive/ql/target/tmp/org.apache.hadoop.hive.ql.TestTxnNoBuckets-1713932056679/warehouse/nobuckets, column.name.delimiter=,}, tableProperties={transactional_properties=default, name=default.nobuckets, transactional=true, columns.types=int:int:int, columns=c1,c2,c3, numFilesErasureCoded=0, columns.comments=&amp#0;&amp#0;, bucketing_version=2, serialization.lib=org.apache.hadoop.hive.ql.io.orc.OrcSerde, file.inputformat=org.apache.hadoop.hive.ql.io.orc.OrcInputFormat, location=file:/home/alex/Repositories/hive/ql/target/tmp/org.apache.hadoop.hive.ql.TestTxnNoBuckets-1713932056679/warehouse/nobuckets, file.outputformat=org.apache.hadoop.hive.ql.io.orc.OrcOutputFormat, column.name.delimiter=,}, partitionProperties=Optional.empty, columnNames=[c1, c2, c3], columnTypes=[int, int, int], getClass()=class org.apache.hadoop.hive.ql.io.orc.OrcSerde] and formatter : org.apache.hadoop.hive.ql.io.orc.OrcOutputFormat@4ee62e99
2024-04-23T21:16:33,903  INFO [LocalJobRunner Map Task Executor #0] exec.FileSinkOperator: Final Path: FS file:/home/alex/Repositories/hive/ql/target/tmp/org.apache.hadoop.hive.ql.TestTxnNoBuckets-1713932056679/warehouse/nobuckets
2024-04-23T21:16:33,903  INFO [LocalJobRunner Map Task Executor #0] exec.FileSinkOperator: New Final Path: FS file:/home/alex/Repositories/hive/ql/target/tmp/org.apache.hadoop.hive.ql.TestTxnNoBuckets-1713932056679/warehouse/nobuckets
2024-04-23T21:16:33,903  INFO [LocalJobRunner Map Task Executor #0] common.FileUtils: Creating directory if it doesn't exist: file:/home/alex/Repositories/hive/ql/target/tmp/org.apache.hadoop.hive.ql.TestTxnNoBuckets-1713932056679/warehouse
2024-04-23T21:16:33,904  INFO [LocalJobRunner Map Task Executor #0] exec.FileSinkOperator: FS[2]: records written - 1
2024-04-23T21:16:33,904  INFO [LocalJobRunner Map Task Executor #0] impl.PhysicalFsWriter: ORC writer created for path: file:/home/alex/Repositories/hive/ql/target/tmp/org.apache.hadoop.hive.ql.TestTxnNoBuckets-1713932056679/warehouse/nobuckets/delta_0000001_0000001_0000/bucket_00000_0 with stripeSize: 8388608 blockSize: 268435456 compression: Compress: ZLIB buffer: 32768
2024-04-23T21:16:33,911  INFO [LocalJobRunner Map Task Executor #0] impl.WriterImpl: ORC writer created for path: file:/home/alex/Repositories/hive/ql/target/tmp/org.apache.hadoop.hive.ql.TestTxnNoBuckets-1713932056679/warehouse/nobuckets/delta_0000001_0000001_0000/bucket_00000_0 with stripeSize: 8388608 options: Compress: ZLIB buffer: 32768
2024-04-23T21:16:33,915  INFO [LocalJobRunner Map Task Executor #0] exec.MapOperator: MAP[0]: records read - 1
2024-04-23T21:16:33,915  INFO [LocalJobRunner Map Task Executor #0] exec.MapOperator: Closing Operator: MAP[0]
2024-04-23T21:16:33,915  INFO [LocalJobRunner Map Task Executor #0] exec.MapOperator: MAP[0]: Total records read - 2. abort - false
2024-04-23T21:16:33,915  INFO [LocalJobRunner Map Task Executor #0] exec.MapOperator: RECORDS_OUT_OPERATOR_MAP_0:0, RECORDS_IN:2, DESERIALIZE_ERRORS:0, RECORDS_OUT_INTERMEDIATE:0, 
2024-04-23T21:16:33,916  INFO [LocalJobRunner Map Task Executor #0] exec.TableScanOperator: Closing Operator: TS[0]
2024-04-23T21:16:33,916  INFO [LocalJobRunner Map Task Executor #0] exec.TableScanOperator: RECORDS_OUT_INTERMEDIATE:0, RECORDS_OUT_OPERATOR_TS_0:2, 
2024-04-23T21:16:33,916  INFO [LocalJobRunner Map Task Executor #0] exec.SelectOperator: Closing Operator: SEL[1]
2024-04-23T21:16:33,916  INFO [LocalJobRunner Map Task Executor #0] exec.SelectOperator: RECORDS_OUT_OPERATOR_SEL_1:2, RECORDS_OUT_INTERMEDIATE:0, 
2024-04-23T21:16:33,916  INFO [LocalJobRunner Map Task Executor #0] exec.FileSinkOperator: Closing Operator: FS[2]
2024-04-23T21:16:33,916  INFO [LocalJobRunner Map Task Executor #0] exec.FileSinkOperator: FS[2]: records written - 2
2024-04-23T21:16:33,917  INFO [LocalJobRunner Map Task Executor #0] FileOperations: Writing manifest to file:/home/alex/Repositories/hive/ql/target/tmp/org.apache.hadoop.hive.ql.TestTxnNoBuckets-1713932056679/warehouse/nobuckets/_tmp.delta_0000001_0000001_0000/000000_0.manifest with [file:/home/alex/Repositories/hive/ql/target/tmp/org.apache.hadoop.hive.ql.TestTxnNoBuckets-1713932056679/warehouse/nobuckets/delta_0000001_0000001_0000/bucket_00000_0]
2024-04-23T21:16:33,928  INFO [LocalJobRunner Map Task Executor #0] exec.FileSinkOperator: RECORDS_OUT_INTERMEDIATE:0, RECORDS_OUT_OPERATOR_FS_2:2, TOTAL_TABLE_ROWS_WRITTEN:2, RECORDS_OUT_1_default.nobuckets:2, 
2024-04-23T21:16:33,928  INFO [LocalJobRunner Map Task Executor #0] mapred.LocalJobRunner: 
2024-04-23T21:16:33,929  INFO [LocalJobRunner Map Task Executor #0] mapred.Task: Task:attempt_local1984301282_0062_m_000000_0 is done. And is in the process of committing
2024-04-23T21:16:33,929  INFO [LocalJobRunner Map Task Executor #0] mapred.LocalJobRunner: map
2024-04-23T21:16:33,929  INFO [LocalJobRunner Map Task Executor #0] mapred.Task: Task 'attempt_local1984301282_0062_m_000000_0' done.
2024-04-23T21:16:33,929  INFO [LocalJobRunner Map Task Executor #0] mapred.Task: Final Counters for attempt_local1984301282_0062_m_000000_0: Counters: 25
	File System Counters
		FILE: Number of bytes read=1457504
		FILE: Number of bytes written=73023800
		FILE: Number of read operations=0
		FILE: Number of large read operations=0
		FILE: Number of write operations=0
	Map-Reduce Framework
		Map input records=2
		Map output records=0
		Input split bytes=455
		Spilled Records=0
		Failed Shuffles=0
		Merged Map outputs=0
		GC time elapsed (ms)=0
		Total committed heap usage (bytes)=1193279488
	HIVE
		CREATED_FILES=1
		DESERIALIZE_ERRORS=0
		RECORDS_IN=2
		RECORDS_OUT_1_default.nobuckets=2
		RECORDS_OUT_INTERMEDIATE=0
		RECORDS_OUT_OPERATOR_FS_2=2
		RECORDS_OUT_OPERATOR_MAP_0=0
		RECORDS_OUT_OPERATOR_SEL_1=2
		RECORDS_OUT_OPERATOR_TS_0=2
		TOTAL_TABLE_ROWS_WRITTEN=2
	File Input Format Counters 
		Bytes Read=6033
	File Output Format Counters 
		Bytes Written=0
2024-04-23T21:16:33,929  INFO [LocalJobRunner Map Task Executor #0] mapred.LocalJobRunner: Finishing task: attempt_local1984301282_0062_m_000000_0
2024-04-23T21:16:33,929  INFO [LocalJobRunner Map Task Executor #0] mapred.LocalJobRunner: Starting task: attempt_local1984301282_0062_m_000001_0
2024-04-23T21:16:33,930  INFO [LocalJobRunner Map Task Executor #0] mapred.Task:  Using ResourceCalculatorProcessTree : [ ]
2024-04-23T21:16:33,930  INFO [LocalJobRunner Map Task Executor #0] mapred.MapTask: Processing split: org.apache.hadoop.hive.ql.io.orc.OrcInputFormat:OrcSplit [file:/home/alex/Repositories/hive/ql/target/tmp/org.apache.hadoop.hive.ql.TestTxnNoBuckets-1713932056679/warehouse/tmp/000000_0_copy_1, start=0, length=281, isOriginal=true, fileLength=281, hasFooter=false, hasBase=true, deltas=0]
2024-04-23T21:16:33,930  INFO [LocalJobRunner Map Task Executor #0] exec.SerializationUtilities: Deserializing MapWork using kryo
2024-04-23T21:16:33,931  INFO [LocalJobRunner Map Task Executor #0] exec.Utilities: Deserialized plan (via FILE) - name: null size: 4,80KB
2024-04-23T21:16:33,931  INFO [LocalJobRunner Map Task Executor #0] orc.ReaderImpl: Reading ORC rows from file:/home/alex/Repositories/hive/ql/target/tmp/org.apache.hadoop.hive.ql.TestTxnNoBuckets-1713932056679/warehouse/tmp/000000_0_copy_1 with {include: [true, true, true, true], offset: 0, length: 281, schema: struct<c1:int,c2:int,c3:int>, includeAcidColumns: true}
2024-04-23T21:16:33,932  INFO [LocalJobRunner Map Task Executor #0] mapred.MapTask: numReduceTasks: 0
2024-04-23T21:16:33,932  INFO [LocalJobRunner Map Task Executor #0] exec.MapOperator: Initializing Operator: MAP[0]
2024-04-23T21:16:33,933  INFO [LocalJobRunner Map Task Executor #0] mr.ExecMapper: 
<MAP>Id =0
  <Children>null
  <\Children>
  <Parent><\Parent>
<\MAP>
2024-04-23T21:16:33,934  INFO [LocalJobRunner Map Task Executor #0] exec.TableScanOperator: Initializing Operator: TS[0]
2024-04-23T21:16:33,934  INFO [LocalJobRunner Map Task Executor #0] exec.SelectOperator: Initializing Operator: SEL[1]
2024-04-23T21:16:33,934  INFO [LocalJobRunner Map Task Executor #0] exec.SelectOperator: SELECT struct<c1:int,c2:int,c3:int>
2024-04-23T21:16:33,934  INFO [LocalJobRunner Map Task Executor #0] exec.FileSinkOperator: Initializing Operator: FS[2]
2024-04-23T21:16:33,935  INFO [LocalJobRunner Map Task Executor #0] exec.FileSinkOperator: Using serializer : AbstractSerDe [log=org.apache.logging.slf4j.Log4jLogger@261f1262, configuration=Optional[Configuration: core-default.xml, core-site.xml, mapred-default.xml, mapred-site.xml, yarn-default.xml, yarn-site.xml, hdfs-default.xml, hdfs-site.xml, file:/home/alex/Repositories/hive/ql/target/tmp/TestTxnNoBuckets/mapred/local/localRunner/alex/job_local1984301282_0062/job_local1984301282_0062.xml], properties={transactional_properties=default, name=default.nobuckets, transactional=true, columns.types=int:int:int, columns=c1,c2,c3, numFilesErasureCoded=0, columns.comments=&amp#0;&amp#0;, bucketing_version=2, serialization.lib=org.apache.hadoop.hive.ql.io.orc.OrcSerde, file.inputformat=org.apache.hadoop.hive.ql.io.orc.OrcInputFormat, file.outputformat=org.apache.hadoop.hive.ql.io.orc.OrcOutputFormat, location=file:/home/alex/Repositories/hive/ql/target/tmp/org.apache.hadoop.hive.ql.TestTxnNoBuckets-1713932056679/warehouse/nobuckets, column.name.delimiter=,}, tableProperties={transactional_properties=default, name=default.nobuckets, transactional=true, columns.types=int:int:int, columns=c1,c2,c3, numFilesErasureCoded=0, columns.comments=&amp#0;&amp#0;, bucketing_version=2, serialization.lib=org.apache.hadoop.hive.ql.io.orc.OrcSerde, file.inputformat=org.apache.hadoop.hive.ql.io.orc.OrcInputFormat, location=file:/home/alex/Repositories/hive/ql/target/tmp/org.apache.hadoop.hive.ql.TestTxnNoBuckets-1713932056679/warehouse/nobuckets, file.outputformat=org.apache.hadoop.hive.ql.io.orc.OrcOutputFormat, column.name.delimiter=,}, partitionProperties=Optional.empty, columnNames=[c1, c2, c3], columnTypes=[int, int, int], getClass()=class org.apache.hadoop.hive.ql.io.orc.OrcSerde] and formatter : org.apache.hadoop.hive.ql.io.orc.OrcOutputFormat@6634f992
2024-04-23T21:16:33,935  INFO [LocalJobRunner Map Task Executor #0] exec.FileSinkOperator: Final Path: FS file:/home/alex/Repositories/hive/ql/target/tmp/org.apache.hadoop.hive.ql.TestTxnNoBuckets-1713932056679/warehouse/nobuckets
2024-04-23T21:16:33,935  INFO [LocalJobRunner Map Task Executor #0] exec.FileSinkOperator: New Final Path: FS file:/home/alex/Repositories/hive/ql/target/tmp/org.apache.hadoop.hive.ql.TestTxnNoBuckets-1713932056679/warehouse/nobuckets
2024-04-23T21:16:33,935  INFO [LocalJobRunner Map Task Executor #0] common.FileUtils: Creating directory if it doesn't exist: file:/home/alex/Repositories/hive/ql/target/tmp/org.apache.hadoop.hive.ql.TestTxnNoBuckets-1713932056679/warehouse
2024-04-23T21:16:33,936  INFO [LocalJobRunner Map Task Executor #0] exec.FileSinkOperator: FS[2]: records written - 1
2024-04-23T21:16:33,936  INFO [LocalJobRunner Map Task Executor #0] impl.PhysicalFsWriter: ORC writer created for path: file:/home/alex/Repositories/hive/ql/target/tmp/org.apache.hadoop.hive.ql.TestTxnNoBuckets-1713932056679/warehouse/nobuckets/delta_0000001_0000001_0000/bucket_00001_0 with stripeSize: 8388608 blockSize: 268435456 compression: Compress: ZLIB buffer: 32768
2024-04-23T21:16:33,942  INFO [LocalJobRunner Map Task Executor #0] impl.WriterImpl: ORC writer created for path: file:/home/alex/Repositories/hive/ql/target/tmp/org.apache.hadoop.hive.ql.TestTxnNoBuckets-1713932056679/warehouse/nobuckets/delta_0000001_0000001_0000/bucket_00001_0 with stripeSize: 8388608 options: Compress: ZLIB buffer: 32768
2024-04-23T21:16:33,942  INFO [LocalJobRunner Map Task Executor #0] exec.MapOperator: MAP[0]: records read - 1
2024-04-23T21:16:33,942  INFO [LocalJobRunner Map Task Executor #0] exec.MapOperator: Closing Operator: MAP[0]
2024-04-23T21:16:33,942  INFO [LocalJobRunner Map Task Executor #0] exec.MapOperator: MAP[0]: Total records read - 2. abort - false
2024-04-23T21:16:33,942  INFO [LocalJobRunner Map Task Executor #0] exec.MapOperator: RECORDS_OUT_INTERMEDIATE:0, RECORDS_OUT_OPERATOR_MAP_0:0, DESERIALIZE_ERRORS:0, RECORDS_IN:2, 
2024-04-23T21:16:33,942  INFO [LocalJobRunner Map Task Executor #0] exec.TableScanOperator: Closing Operator: TS[0]
2024-04-23T21:16:33,942  INFO [LocalJobRunner Map Task Executor #0] exec.TableScanOperator: RECORDS_OUT_OPERATOR_TS_0:2, RECORDS_OUT_INTERMEDIATE:0, 
2024-04-23T21:16:33,942  INFO [LocalJobRunner Map Task Executor #0] exec.SelectOperator: Closing Operator: SEL[1]
2024-04-23T21:16:33,942  INFO [LocalJobRunner Map Task Executor #0] exec.SelectOperator: RECORDS_OUT_INTERMEDIATE:0, RECORDS_OUT_OPERATOR_SEL_1:2, 
2024-04-23T21:16:33,942  INFO [LocalJobRunner Map Task Executor #0] exec.FileSinkOperator: Closing Operator: FS[2]
2024-04-23T21:16:33,942  INFO [LocalJobRunner Map Task Executor #0] exec.FileSinkOperator: FS[2]: records written - 2
2024-04-23T21:16:33,944  INFO [LocalJobRunner Map Task Executor #0] FileOperations: Writing manifest to file:/home/alex/Repositories/hive/ql/target/tmp/org.apache.hadoop.hive.ql.TestTxnNoBuckets-1713932056679/warehouse/nobuckets/_tmp.delta_0000001_0000001_0000/000001_0.manifest with [file:/home/alex/Repositories/hive/ql/target/tmp/org.apache.hadoop.hive.ql.TestTxnNoBuckets-1713932056679/warehouse/nobuckets/delta_0000001_0000001_0000/bucket_00001_0]
2024-04-23T21:16:33,953  INFO [LocalJobRunner Map Task Executor #0] exec.FileSinkOperator: RECORDS_OUT_OPERATOR_FS_2:2, TOTAL_TABLE_ROWS_WRITTEN:2, RECORDS_OUT_1_default.nobuckets:2, RECORDS_OUT_INTERMEDIATE:0, 
2024-04-23T21:16:33,954  INFO [LocalJobRunner Map Task Executor #0] mapred.LocalJobRunner: 
2024-04-23T21:16:33,954  INFO [LocalJobRunner Map Task Executor #0] mapred.Task: Task:attempt_local1984301282_0062_m_000001_0 is done. And is in the process of committing
2024-04-23T21:16:33,954  INFO [LocalJobRunner Map Task Executor #0] mapred.LocalJobRunner: map
2024-04-23T21:16:33,954  INFO [LocalJobRunner Map Task Executor #0] mapred.Task: Task 'attempt_local1984301282_0062_m_000001_0' done.
2024-04-23T21:16:33,954  INFO [LocalJobRunner Map Task Executor #0] mapred.Task: Final Counters for attempt_local1984301282_0062_m_000001_0: Counters: 25
	File System Counters
		FILE: Number of bytes read=1464478
		FILE: Number of bytes written=73024865
		FILE: Number of read operations=0
		FILE: Number of large read operations=0
		FILE: Number of write operations=0
	Map-Reduce Framework
		Map input records=2
		Map output records=0
		Input split bytes=463
		Spilled Records=0
		Failed Shuffles=0
		Merged Map outputs=0
		GC time elapsed (ms)=0
		Total committed heap usage (bytes)=1193279488
	HIVE
		CREATED_FILES=1
		DESERIALIZE_ERRORS=0
		RECORDS_IN=2
		RECORDS_OUT_1_default.nobuckets=2
		RECORDS_OUT_INTERMEDIATE=0
		RECORDS_OUT_OPERATOR_FS_2=2
		RECORDS_OUT_OPERATOR_MAP_0=0
		RECORDS_OUT_OPERATOR_SEL_1=2
		RECORDS_OUT_OPERATOR_TS_0=2
		TOTAL_TABLE_ROWS_WRITTEN=2
	File Input Format Counters 
		Bytes Read=6033
	File Output Format Counters 
		Bytes Written=0
2024-04-23T21:16:33,954  INFO [LocalJobRunner Map Task Executor #0] mapred.LocalJobRunner: Finishing task: attempt_local1984301282_0062_m_000001_0
2024-04-23T21:16:33,954  INFO [Thread-4081] mapred.LocalJobRunner: map task executor complete.
2024-04-23 21:16:34,893 Stage-1 map = 100%,  reduce = 0%
2024-04-23T21:16:34,893  INFO [main] exec.Task: 2024-04-23 21:16:34,893 Stage-1 map = 100%,  reduce = 0%
Ended Job = job_local1984301282_0062
2024-04-23T21:16:34,895  INFO [main] exec.Task: Ended Job = job_local1984301282_0062
2024-04-23T21:16:34,896  INFO [main] FileOperations: Found manifest file file:/home/alex/Repositories/hive/ql/target/tmp/org.apache.hadoop.hive.ql.TestTxnNoBuckets-1713932056679/warehouse/nobuckets/_tmp.delta_0000001_0000001_0000/000000_0.manifest with attemptId 0.
2024-04-23T21:16:34,896  INFO [main] FileOperations: Found manifest file file:/home/alex/Repositories/hive/ql/target/tmp/org.apache.hadoop.hive.ql.TestTxnNoBuckets-1713932056679/warehouse/nobuckets/_tmp.delta_0000001_0000001_0000/000001_0.manifest with attemptId 0.
2024-04-23T21:16:34,896  INFO [main] FileOperations: Looking at manifest file: file:/home/alex/Repositories/hive/ql/target/tmp/org.apache.hadoop.hive.ql.TestTxnNoBuckets-1713932056679/warehouse/nobuckets/_tmp.delta_0000001_0000001_0000/000001_0.manifest
2024-04-23T21:16:34,896  INFO [main] FileOperations: Looking at manifest file: file:/home/alex/Repositories/hive/ql/target/tmp/org.apache.hadoop.hive.ql.TestTxnNoBuckets-1713932056679/warehouse/nobuckets/_tmp.delta_0000001_0000001_0000/000000_0.manifest
2024-04-23T21:16:34,896  INFO [main] FileOperations: Deleting manifest directory file:/home/alex/Repositories/hive/ql/target/tmp/org.apache.hadoop.hive.ql.TestTxnNoBuckets-1713932056679/warehouse/nobuckets/_tmp.delta_0000001_0000001_0000
2024-04-23T21:16:34,897  INFO [main] ql.Driver: Starting task [Stage-0:MOVE] in serial mode
Loading data to table default.nobuckets
2024-04-23T21:16:34,898  INFO [main] exec.Task: Loading data to table default.nobuckets from file:/home/alex/Repositories/hive/ql/target/tmp/org.apache.hadoop.hive.ql.TestTxnNoBuckets-1713932056679/warehouse/nobuckets
2024-04-23T21:16:34,898  INFO [main] HiveMetaStore.audit: ugi=alex	ip=unknown-ip-addr	cmd=get_table : tbl=hive.default.nobuckets	
2024-04-23T21:16:34,904  INFO [main] metastore.HMSHandler: Skipping translation for processor with null
2024-04-23T21:16:34,905  INFO [main] HiveMetaStore.audit: ugi=alex	ip=unknown-ip-addr	cmd=get_table : tbl=hive.default.nobuckets	
2024-04-23T21:16:34,911  INFO [main] metastore.HMSHandler: Skipping translation for processor with null
2024-04-23T21:16:34,911  INFO [main] HiveMetaStore.audit: ugi=alex	ip=unknown-ip-addr	cmd=alter_table: hive.default.nobuckets newtbl=nobuckets	
2024-04-23T21:16:34,937  INFO [main] ql.Driver: Starting task [Stage-2:STATS] in serial mode
2024-04-23T21:16:34,937  INFO [main] HiveMetaStore.audit: ugi=alex	ip=unknown-ip-addr	cmd=get_table : tbl=hive.default.nobuckets	
2024-04-23T21:16:34,944  INFO [main] metastore.HMSHandler: Skipping translation for processor with null
2024-04-23T21:16:34,944  INFO [main] stats.BasicStatsTask: Executing stats task
2024-04-23T21:16:34,944  INFO [main] fs.FSStatsPublisher: created : file:/home/alex/Repositories/hive/ql/target/tmp/localscratchdir/b72c85bc-72c7-4f7b-afc0-6d43af6e6c8d/hive_2024-04-23_21-16-33_448_3140457556821727360-1/-mr-10000
2024-04-23T21:16:34,946  INFO [main] HiveMetaStore.audit: ugi=alex	ip=unknown-ip-addr	cmd=get_table : tbl=hive.default.nobuckets	
2024-04-23T21:16:34,953  INFO [main] metastore.HMSHandler: Skipping translation for processor with null
2024-04-23T21:16:34,965  WARN [main] FileOperations: Computing stats for an ACID table; stats may be inaccurate
2024-04-23T21:16:34,965  INFO [main] FileOperations: Read stats for default.nobuckets/, numRows, true, 4, false: 
2024-04-23T21:16:34,965  INFO [main] FileOperations: Read stats for default.nobuckets/, rawDataSize, true, 0, false: 
2024-04-23T21:16:34,966  INFO [main] HiveMetaStore.audit: ugi=alex	ip=unknown-ip-addr	cmd=alter_table: hive.default.nobuckets newtbl=nobuckets	
2024-04-23T21:16:34,990  INFO [main] FileOperations: Read stats for default.nobuckets/, insertCount, true, 4, false: 
2024-04-23T21:16:34,990  INFO [main] FileOperations: Read stats for default.nobuckets/, updateCount, true, 0, false: 
2024-04-23T21:16:34,990  INFO [main] FileOperations: Read stats for default.nobuckets/, deleteCount, true, 0, false: 
2024-04-23T21:16:34,992  INFO [main] stats.BasicStatsTask: Table default.nobuckets stats: [numFiles=2, numRows=4, totalSize=1443, rawDataSize=0, numFilesErasureCoded=0]
2024-04-23T21:16:34,993  INFO [main] metadata.Hive: Dumping metastore api call timing information for : execution phase
2024-04-23T21:16:34,993  INFO [main] metadata.Hive: Total time spent in each metastore function (ms): {updateTransactionalStatistics_(UpdateTransactionalStatsRequest)=2, alter_table_(String, String, String, Table, EnvironmentContext, String)=50, isCompatibleWith_(Configuration)=0, getTable_(GetTableRequest)=27}
MapReduce Jobs Launched: 
2024-04-23T21:16:34,993  INFO [main] ql.Driver: MapReduce Jobs Launched: 
Stage-Stage-1:  HDFS Read: 0 HDFS Write: 0 SUCCESS
2024-04-23T21:16:34,993  INFO [main] ql.Driver: Stage-Stage-1:  HDFS Read: 0 HDFS Write: 0 SUCCESS
Total MapReduce CPU Time Spent: 0 msec
2024-04-23T21:16:34,993  INFO [main] ql.Driver: Total MapReduce CPU Time Spent: 0 msec
2024-04-23T21:16:34,993  INFO [main] ql.Driver: Completed executing command(queryId=alex_20240423211633_4fe0cc82-fa8c-4842-93c8-129cd727eed8); Time taken: 1.365 seconds
2024-04-23T21:16:34,993  INFO [main] lockmgr.DbTxnManager: Stopped heartbeat for query: alex_20240423211633_4fe0cc82-fa8c-4842-93c8-129cd727eed8
2024-04-23T21:16:35,003  INFO [main] txn.TxnHandler: Removed transactions: ([19]) from MIN_HISTORY_LEVEL
2024-04-23T21:16:35,004  WARN [main] txn.CompactionTxnHandler: No compaction queue record found for Compaction type transaction commit. txnId:19
2024-04-23T21:16:35,004  INFO [main] ql.TxnCommandsBaseForTests: Running the query: select ROW__ID, c1, c2, c3, INPUT__FILE__NAME from nobuckets order by ROW__ID
2024-04-23T21:16:35,004  INFO [main] ql.Context: Deleting scratch dir: file:/home/alex/Repositories/hive/ql/target/tmp/localscratchdir/b72c85bc-72c7-4f7b-afc0-6d43af6e6c8d/hive_2024-04-23_21-16-33_448_3140457556821727360-1
2024-04-23T21:16:35,005  INFO [main] cleanup.SyncCleanupService: Deleted directory: file:/home/alex/Repositories/hive/ql/target/tmp/localscratchdir/b72c85bc-72c7-4f7b-afc0-6d43af6e6c8d/hive_2024-04-23_21-16-33_448_3140457556821727360-1 on fs with scheme file
2024-04-23T21:16:35,005  INFO [main] ql.Driver: Compiling command(queryId=alex_20240423211635_4f2eccbd-317c-43c2-9cdd-df6963488a84): select ROW__ID, c1, c2, c3, INPUT__FILE__NAME from nobuckets order by ROW__ID
2024-04-23T21:16:35,007  INFO [main] txn.TxnHandler: Added entries to MIN_HISTORY_LEVEL for current txns: ([20]) with min_open_txn: 20
2024-04-23T21:16:35,008  INFO [main] lockmgr.DbTxnManager: Opened txnid:20
2024-04-23T21:16:35,008  INFO [main] parse.CalcitePlanner: Starting caching scope for: 
2024-04-23T21:16:35,008  INFO [main] parse.CalcitePlanner: Starting Semantic Analysis
2024-04-23T21:16:35,011  INFO [main] parse.CalcitePlanner: Completed phase 1 of Semantic Analysis
2024-04-23T21:16:35,011  INFO [main] parse.CalcitePlanner: Get metadata for source tables
2024-04-23T21:16:35,012  INFO [main] HiveMetaStore.audit: ugi=alex	ip=unknown-ip-addr	cmd=get_table : tbl=hive.default.nobuckets	
2024-04-23T21:16:35,022  INFO [main] metastore.HMSHandler: Skipping translation for processor with null
2024-04-23T21:16:35,022  INFO [main] parse.CalcitePlanner: Get metadata for subqueries
2024-04-23T21:16:35,022  INFO [main] parse.CalcitePlanner: Get metadata for destination tables
2024-04-23T21:16:35,022  INFO [main] parse.CalcitePlanner: Completed getting MetaData in Semantic Analysis
2024-04-23T21:16:35,033  INFO [main] HiveMetaStore.audit: ugi=alex	ip=unknown-ip-addr	cmd=get_all_table_constraints : tbl=hive.default.nobuckets	
2024-04-23T21:16:35,043  INFO [main] calcite.RelOptHiveTable: Calculating column statistics for default.nobuckets, projIndxSet: [0, 1, 2], allowMissingStats: true
2024-04-23T21:16:35,044  INFO [main] HiveMetaStore.audit: ugi=alex	ip=unknown-ip-addr	cmd=get_table_statistics_req: table=hive.default.nobuckets	
2024-04-23T21:16:35,052  WARN [main] calcite.RelOptHiveTable: No Stats for default@nobuckets, Columns: c3, c2, c1
No Stats for default@nobuckets, Columns: c3, c2, c1
2024-04-23T21:16:35,052  INFO [main] SessionState: No Stats for default@nobuckets, Columns: c3, c2, c1
2024-04-23T21:16:35,092  INFO [main] parse.CalcitePlanner: Get metadata for source tables
2024-04-23T21:16:35,093  INFO [main] parse.CalcitePlanner: Get metadata for subqueries
2024-04-23T21:16:35,093  INFO [main] parse.CalcitePlanner: Get metadata for destination tables
2024-04-23T21:16:35,094  INFO [main] common.FileUtils: Creating directory if it doesn't exist: file:/home/alex/Repositories/hive/ql/target/tmp/localscratchdir/b72c85bc-72c7-4f7b-afc0-6d43af6e6c8d/hive_2024-04-23_21-16-35_005_535338817549590131-1/-mr-10001/.hive-staging_hive_2024-04-23_21-16-35_005_535338817549590131-1
2024-04-23T21:16:35,102  INFO [main] parse.CalcitePlanner: CBO Succeeded; optimized logical plan.
2024-04-23T21:16:35,104  INFO [main] optimizer.ColumnPrunerProcFactory: RS 2 oldColExprMap: {KEY.reducesinkkey0=Column[_col0], VALUE._col2=Column[_col3], VALUE._col0=Column[_col1], VALUE._col1=Column[_col2], VALUE._col3=Column[_col4]}
2024-04-23T21:16:35,104  INFO [main] optimizer.ColumnPrunerProcFactory: RS 2 newColExprMap: {VALUE._col0=Column[_col1], KEY.reducesinkkey0=Column[_col0], VALUE._col2=Column[_col3], VALUE._col3=Column[_col4], VALUE._col1=Column[_col2]}
2024-04-23T21:16:35,105  INFO [main] optimizer.BucketVersionPopulator: not considering bucketingVersion for: TS[0] because it has -1<2 buckets 
2024-04-23T21:16:35,106  INFO [main] optimizer.SortedDynPartitionOptimizer: Sorted dynamic partitioning optimization kicked in..
2024-04-23T21:16:35,114  INFO [main] parse.CalcitePlanner: Completed plan generation
2024-04-23T21:16:35,114  INFO [main] parse.CalcitePlanner: Ending caching scope for: 
2024-04-23T21:16:35,114  INFO [main] ql.Driver: Semantic Analysis Completed (retrial = false)
2024-04-23T21:16:35,114  INFO [main] ql.Driver: Created Hive schema: Schema(fieldSchemas:[FieldSchema(name:row__id, type:struct<writeid:bigint,bucketid:int,rowid:bigint>, comment:null), FieldSchema(name:c1, type:int, comment:null), FieldSchema(name:c2, type:int, comment:null), FieldSchema(name:c3, type:int, comment:null), FieldSchema(name:input__file__name, type:string, comment:null)], properties:null)
2024-04-23T21:16:35,115  INFO [main] exec.ListSinkOperator: Initializing Operator: LIST_SINK[5]
2024-04-23T21:16:35,116  INFO [main] metadata.Hive: Dumping metastore api call timing information for : compilation phase
2024-04-23T21:16:35,116  INFO [main] metadata.Hive: Total time spent in each metastore function (ms): {flushCache_()=0, openTxn_(String, TxnType)=2, getTableColumnStatistics_(String, String, List, String)=7, commitTxn_(CommitTxnRequest)=11, getValidTxns_(long)=0, getTable_(GetTableRequest)=11, getValidWriteIds_(List, String)=3, getAllTableConstraints_(AllTableConstraintsRequest)=5, isCompatibleWith_(Configuration)=1}
2024-04-23T21:16:35,116  INFO [main] ql.Driver: Completed compiling command(queryId=alex_20240423211635_4f2eccbd-317c-43c2-9cdd-df6963488a84); Time taken: 0.111 seconds
2024-04-23T21:16:35,116  INFO [main] lockmgr.DbTxnManager: Setting lock request transaction to txnid:20 for queryId=alex_20240423211635_4f2eccbd-317c-43c2-9cdd-df6963488a84
2024-04-23T21:16:35,117  INFO [main] lockmgr.DbLockManager: Requesting lock for queryId=alex_20240423211635_4f2eccbd-317c-43c2-9cdd-df6963488a84
2024-04-23T21:16:35,130  INFO [main] lockmgr.DbLockManager: Response to queryId=alex_20240423211635_4f2eccbd-317c-43c2-9cdd-df6963488a84 LockResponse(lockid:14, state:ACQUIRED)
2024-04-23T21:16:35,130  INFO [main] ql.Driver: Operation QUERY obtained 1 locks
2024-04-23T21:16:35,131  INFO [main] ql.Driver: Executing command(queryId=alex_20240423211635_4f2eccbd-317c-43c2-9cdd-df6963488a84): select ROW__ID, c1, c2, c3, INPUT__FILE__NAME from nobuckets order by ROW__ID
2024-04-23T21:16:35,131  WARN [main] ql.Driver: Hive-on-MR is deprecated in Hive 2 and may not be available in the future versions. Consider using a different execution engine (i.e. spark, tez) or using Hive 1.X releases.
Query ID = alex_20240423211635_4f2eccbd-317c-43c2-9cdd-df6963488a84
2024-04-23T21:16:35,131  INFO [main] ql.Driver: Query ID = alex_20240423211635_4f2eccbd-317c-43c2-9cdd-df6963488a84
Total jobs = 1
2024-04-23T21:16:35,131  INFO [main] ql.Driver: Total jobs = 1
Launching Job 1 out of 1
2024-04-23T21:16:35,131  INFO [main] ql.Driver: Launching Job 1 out of 1
2024-04-23T21:16:35,254  INFO [main] ql.Driver: Starting task [Stage-1:MAPRED] in serial mode
Number of reduce tasks determined at compile time: 1
2024-04-23T21:16:35,254  INFO [main] exec.Task: Number of reduce tasks determined at compile time: 1
In order to change the average load for a reducer (in bytes):
2024-04-23T21:16:35,254  INFO [main] exec.Task: In order to change the average load for a reducer (in bytes):
  set hive.exec.reducers.bytes.per.reducer=<number>
2024-04-23T21:16:35,255  INFO [main] exec.Task:   set hive.exec.reducers.bytes.per.reducer=<number>
In order to limit the maximum number of reducers:
2024-04-23T21:16:35,255  INFO [main] exec.Task: In order to limit the maximum number of reducers:
  set hive.exec.reducers.max=<number>
2024-04-23T21:16:35,255  INFO [main] exec.Task:   set hive.exec.reducers.max=<number>
In order to set a constant number of reducers:
2024-04-23T21:16:35,255  INFO [main] exec.Task: In order to set a constant number of reducers:
  set mapreduce.job.reduces=<number>
2024-04-23T21:16:35,255  INFO [main] exec.Task:   set mapreduce.job.reduces=<number>
2024-04-23T21:16:35,257  INFO [main] mr.ExecDriver: Using org.apache.hadoop.hive.ql.io.HiveInputFormat
2024-04-23T21:16:35,257  INFO [main] exec.Utilities: Processing alias nobuckets
2024-04-23T21:16:35,257  INFO [main] exec.Utilities: Adding 1 inputs; the first input is file:/home/alex/Repositories/hive/ql/target/tmp/org.apache.hadoop.hive.ql.TestTxnNoBuckets-1713932056679/warehouse/nobuckets
2024-04-23T21:16:35,266  INFO [main] exec.SerializationUtilities: Serializing MapWork using kryo
2024-04-23T21:16:35,267  INFO [main] exec.Utilities: Serialized plan (via FILE) - name: null size: 5,12KB
2024-04-23T21:16:35,272  INFO [main] exec.SerializationUtilities: Serializing ReduceWork using kryo
2024-04-23T21:16:35,273  INFO [main] exec.Utilities: Serialized plan (via FILE) - name: null size: 6,32KB
2024-04-23T21:16:35,274  WARN [main] impl.MetricsSystemImpl: JobTracker metrics system already initialized!
2024-04-23T21:16:35,280  WARN [main] impl.MetricsSystemImpl: JobTracker metrics system already initialized!
2024-04-23T21:16:35,287  WARN [main] mapreduce.JobResourceUploader: Hadoop command-line option parsing not performed. Implement the Tool interface and execute your application with ToolRunner to remedy this.
2024-04-23T21:16:35,291  WARN [main] mapreduce.JobResourceUploader: No job jar file set.  User classes may not be found. See Job or Job#setJar(String).
2024-04-23T21:16:35,292  INFO [main] io.HiveInputFormat: hive.io.file.readcolumn.ids = 0,1,2
2024-04-23T21:16:35,292  INFO [main] io.HiveInputFormat: hive.io.file.readcolumn.names = c1,c2,c3
2024-04-23T21:16:35,292  INFO [main] io.HiveInputFormat: Generating splits for dirs: file:/home/alex/Repositories/hive/ql/target/tmp/org.apache.hadoop.hive.ql.TestTxnNoBuckets-1713932056679/warehouse/nobuckets
2024-04-23T21:16:35,293  INFO [main] orc.OrcInputFormat: getSplits started
2024-04-23T21:16:35,293  INFO [main] orc.OrcInputFormat: Context:: isAcid: true isVectorMode: false sarg: null minSplitSize: 1 maxSplitSize: 256000000 splitStrategy: HYBRID footerInSplits: false numBuckets: 0 numThreads: 10 cacheMemSize: 268435456 cacheStripeDetails: true useSoftReference: false writeIdList: default.nobuckets:1:9223372036854775807:: isTransactionalTable: true txnProperties: default 
2024-04-23T21:16:35,293  INFO [main] orc.OrcInputFormat: ORC pushdown predicate: null
2024-04-23T21:16:35,304  INFO [main] orc.OrcInputFormat: FooterCacheHitRatio: 0/2
2024-04-23T21:16:35,304  INFO [main] orc.OrcInputFormat: getSplits finished (#splits: 2). duration: 11 ms
2024-04-23T21:16:35,305  INFO [main] io.HiveInputFormat: number of splits 2
2024-04-23T21:16:35,321  INFO [main] mapreduce.JobSubmitter: number of splits:2
2024-04-23T21:16:35,341  INFO [main] mapreduce.JobSubmitter: Submitting tokens for job: job_local737747927_0063
2024-04-23T21:16:35,341  INFO [main] mapreduce.JobSubmitter: Executing with tokens: []
2024-04-23T21:16:35,400  INFO [main] mapreduce.Job: The url to track the job: http://localhost:8080/
Job running in-process (local Hadoop)
2024-04-23T21:16:35,400  INFO [main] exec.Task: Job running in-process (local Hadoop)
2024-04-23T21:16:35,401  INFO [Thread-4139] mapred.LocalJobRunner: OutputCommitter set in config org.apache.hadoop.hive.ql.io.HiveFileFormatUtils$NullOutputCommitter
2024-04-23T21:16:35,401  INFO [Thread-4139] mapred.LocalJobRunner: OutputCommitter is org.apache.hadoop.hive.ql.io.HiveFileFormatUtils$NullOutputCommitter
2024-04-23T21:16:35,402  INFO [Thread-4139] mapred.LocalJobRunner: Waiting for map tasks
2024-04-23T21:16:35,403  INFO [LocalJobRunner Map Task Executor #0] mapred.LocalJobRunner: Starting task: attempt_local737747927_0063_m_000000_0
2024-04-23T21:16:35,403  INFO [LocalJobRunner Map Task Executor #0] mapred.Task:  Using ResourceCalculatorProcessTree : [ ]
2024-04-23T21:16:35,404  INFO [LocalJobRunner Map Task Executor #0] mapred.MapTask: Processing split: org.apache.hadoop.hive.ql.io.orc.OrcInputFormat:OrcSplit [file:/home/alex/Repositories/hive/ql/target/tmp/org.apache.hadoop.hive.ql.TestTxnNoBuckets-1713932056679/warehouse/nobuckets/delta_0000001_0000001_0000/bucket_00001_0, start=0, length=729, isOriginal=false, fileLength=729, hasFooter=false, hasBase=true, deltas=0]
2024-04-23T21:16:35,404  INFO [LocalJobRunner Map Task Executor #0] exec.SerializationUtilities: Deserializing MapWork using kryo
2024-04-23T21:16:35,405  INFO [LocalJobRunner Map Task Executor #0] exec.Utilities: Deserialized plan (via FILE) - name: null size: 5,12KB
2024-04-23T21:16:35,407  INFO [LocalJobRunner Map Task Executor #0] orc.OrcRawRecordMerger: min key = null, max key = null
2024-04-23T21:16:35,407  INFO [LocalJobRunner Map Task Executor #0] orc.ReaderImpl: Reading ORC rows from file:/home/alex/Repositories/hive/ql/target/tmp/org.apache.hadoop.hive.ql.TestTxnNoBuckets-1713932056679/warehouse/nobuckets/delta_0000001_0000001_0000/bucket_00001_0 with {include: [true, true, true, true], offset: 0, length: 729, schema: struct<c1:int,c2:int,c3:int>, includeAcidColumns: true}
2024-04-23T21:16:35,408  INFO [LocalJobRunner Map Task Executor #0] orc.OrcRawRecordMerger: updated min key = null, max key = null
2024-04-23T21:16:35,408  INFO [LocalJobRunner Map Task Executor #0] mapred.MapTask: numReduceTasks: 1
2024-04-23T21:16:35,413  INFO [LocalJobRunner Map Task Executor #0] mapred.MapTask: (EQUATOR) 0 kvi 26214396(104857584)
2024-04-23T21:16:35,413  INFO [LocalJobRunner Map Task Executor #0] mapred.MapTask: mapreduce.task.io.sort.mb: 100
2024-04-23T21:16:35,413  INFO [LocalJobRunner Map Task Executor #0] mapred.MapTask: soft limit at 83886080
2024-04-23T21:16:35,413  INFO [LocalJobRunner Map Task Executor #0] mapred.MapTask: bufstart = 0; bufvoid = 104857600
2024-04-23T21:16:35,413  INFO [LocalJobRunner Map Task Executor #0] mapred.MapTask: kvstart = 26214396; length = 6553600
2024-04-23T21:16:35,414  INFO [LocalJobRunner Map Task Executor #0] mapred.MapTask: Map output collector class = org.apache.hadoop.mapred.MapTask$MapOutputBuffer
2024-04-23T21:16:35,414  INFO [LocalJobRunner Map Task Executor #0] exec.MapOperator: Initializing Operator: MAP[0]
2024-04-23T21:16:35,416  INFO [LocalJobRunner Map Task Executor #0] mr.ExecMapper: 
<MAP>Id =0
  <Children>null
  <\Children>
  <Parent><\Parent>
<\MAP>
2024-04-23T21:16:35,417  INFO [LocalJobRunner Map Task Executor #0] exec.TableScanOperator: Initializing Operator: TS[0]
2024-04-23T21:16:35,417  INFO [LocalJobRunner Map Task Executor #0] exec.SelectOperator: Initializing Operator: SEL[1]
2024-04-23T21:16:35,417  INFO [LocalJobRunner Map Task Executor #0] exec.SelectOperator: SELECT struct<c1:int,c2:int,c3:int,row__id:struct<writeid:bigint,bucketid:int,rowid:bigint>,input__file__name:string>
2024-04-23T21:16:35,417  INFO [LocalJobRunner Map Task Executor #0] exec.ReduceSinkOperator: Initializing Operator: RS[2]
2024-04-23T21:16:35,417  INFO [LocalJobRunner Map Task Executor #0] exec.ReduceSinkOperator: Using tag = -1
2024-04-23T21:16:35,418  INFO [LocalJobRunner Map Task Executor #0] exec.ReduceSinkOperator: keys are [reducesinkkey0] num distributions: 1
2024-04-23T21:16:35,418  INFO [LocalJobRunner Map Task Executor #0] exec.ReduceSinkOperator: RS[2]: records written - 1
2024-04-23T21:16:35,418  INFO [LocalJobRunner Map Task Executor #0] exec.MapOperator: MAP[0]: records read - 1
2024-04-23T21:16:35,418  INFO [LocalJobRunner Map Task Executor #0] exec.MapOperator: Closing Operator: MAP[0]
2024-04-23T21:16:35,418  INFO [LocalJobRunner Map Task Executor #0] exec.MapOperator: MAP[0]: Total records read - 2. abort - false
2024-04-23T21:16:35,418  INFO [LocalJobRunner Map Task Executor #0] exec.MapOperator: RECORDS_IN:2, RECORDS_OUT_OPERATOR_MAP_0:0, DESERIALIZE_ERRORS:0, RECORDS_OUT_INTERMEDIATE:0, 
2024-04-23T21:16:35,418  INFO [LocalJobRunner Map Task Executor #0] exec.TableScanOperator: Closing Operator: TS[0]
2024-04-23T21:16:35,419  INFO [LocalJobRunner Map Task Executor #0] exec.TableScanOperator: RECORDS_OUT_OPERATOR_TS_0:2, RECORDS_OUT_INTERMEDIATE:0, 
2024-04-23T21:16:35,419  INFO [LocalJobRunner Map Task Executor #0] exec.SelectOperator: Closing Operator: SEL[1]
2024-04-23T21:16:35,419  INFO [LocalJobRunner Map Task Executor #0] exec.SelectOperator: RECORDS_OUT_OPERATOR_SEL_1:2, RECORDS_OUT_INTERMEDIATE:0, 
2024-04-23T21:16:35,419  INFO [LocalJobRunner Map Task Executor #0] exec.ReduceSinkOperator: Closing Operator: RS[2]
2024-04-23T21:16:35,419  INFO [LocalJobRunner Map Task Executor #0] exec.ReduceSinkOperator: RS[2]: Total records written - 2. abort - false
2024-04-23T21:16:35,419  INFO [LocalJobRunner Map Task Executor #0] exec.ReduceSinkOperator: RECORDS_OUT_OPERATOR_RS_2:2, RECORDS_OUT_INTERMEDIATE:2, 
2024-04-23T21:16:35,419  INFO [LocalJobRunner Map Task Executor #0] mapred.LocalJobRunner: 
2024-04-23T21:16:35,419  INFO [LocalJobRunner Map Task Executor #0] mapred.MapTask: Starting flush of map output
2024-04-23T21:16:35,419  INFO [LocalJobRunner Map Task Executor #0] mapred.MapTask: Spilling map output
2024-04-23T21:16:35,419  INFO [LocalJobRunner Map Task Executor #0] mapred.MapTask: bufstart = 0; bufend = 410; bufvoid = 104857600
2024-04-23T21:16:35,419  INFO [LocalJobRunner Map Task Executor #0] mapred.MapTask: kvstart = 26214396(104857584); kvend = 26214392(104857568); length = 5/6553600
2024-04-23T21:16:35,430  INFO [LocalJobRunner Map Task Executor #0] mapred.MapTask: Finished spill 0
2024-04-23T21:16:35,433  INFO [LocalJobRunner Map Task Executor #0] mapred.Task: Task:attempt_local737747927_0063_m_000000_0 is done. And is in the process of committing
2024-04-23T21:16:35,433  INFO [LocalJobRunner Map Task Executor #0] mapred.LocalJobRunner: OrcSplit [file:/home/alex/Repositories/hive/ql/target/tmp/org.apache.hadoop.hive.ql.TestTxnNoBuckets-1713932056679/warehouse/nobuckets/delta_0000001_0000001_0000/bucket_00001_0, start=0, length=729, isOriginal=false, fileLength=729, hasFooter=false, hasBase=true, deltas=0]
2024-04-23T21:16:35,433  INFO [LocalJobRunner Map Task Executor #0] mapred.Task: Task 'attempt_local737747927_0063_m_000000_0' done.
2024-04-23T21:16:35,433  INFO [LocalJobRunner Map Task Executor #0] mapred.Task: Final Counters for attempt_local737747927_0063_m_000000_0: Counters: 24
	File System Counters
		FILE: Number of bytes read=1474379
		FILE: Number of bytes written=74201199
		FILE: Number of read operations=0
		FILE: Number of large read operations=0
		FILE: Number of write operations=0
	Map-Reduce Framework
		Map input records=2
		Map output records=2
		Map output bytes=410
		Map output materialized bytes=422
		Input split bytes=501
		Combine input records=0
		Spilled Records=2
		Failed Shuffles=0
		Merged Map outputs=0
		GC time elapsed (ms)=0
		Total committed heap usage (bytes)=1193279488
	HIVE
		DESERIALIZE_ERRORS=0
		RECORDS_IN=2
		RECORDS_OUT_INTERMEDIATE=2
		RECORDS_OUT_OPERATOR_MAP_0=0
		RECORDS_OUT_OPERATOR_RS_2=2
		RECORDS_OUT_OPERATOR_SEL_1=2
		RECORDS_OUT_OPERATOR_TS_0=2
	File Input Format Counters 
		Bytes Read=8174
2024-04-23T21:16:35,433  INFO [LocalJobRunner Map Task Executor #0] mapred.LocalJobRunner: Finishing task: attempt_local737747927_0063_m_000000_0
2024-04-23T21:16:35,433  INFO [LocalJobRunner Map Task Executor #0] mapred.LocalJobRunner: Starting task: attempt_local737747927_0063_m_000001_0
2024-04-23T21:16:35,434  INFO [LocalJobRunner Map Task Executor #0] mapred.Task:  Using ResourceCalculatorProcessTree : [ ]
2024-04-23T21:16:35,434  INFO [LocalJobRunner Map Task Executor #0] mapred.MapTask: Processing split: org.apache.hadoop.hive.ql.io.orc.OrcInputFormat:OrcSplit [file:/home/alex/Repositories/hive/ql/target/tmp/org.apache.hadoop.hive.ql.TestTxnNoBuckets-1713932056679/warehouse/nobuckets/delta_0000001_0000001_0000/bucket_00000_0, start=0, length=714, isOriginal=false, fileLength=714, hasFooter=false, hasBase=true, deltas=0]
2024-04-23T21:16:35,434  INFO [LocalJobRunner Map Task Executor #0] exec.SerializationUtilities: Deserializing MapWork using kryo
2024-04-23T21:16:35,435  INFO [LocalJobRunner Map Task Executor #0] exec.Utilities: Deserialized plan (via FILE) - name: null size: 5,12KB
2024-04-23T21:16:35,436  INFO [LocalJobRunner Map Task Executor #0] orc.OrcRawRecordMerger: min key = null, max key = null
2024-04-23T21:16:35,436  INFO [LocalJobRunner Map Task Executor #0] orc.ReaderImpl: Reading ORC rows from file:/home/alex/Repositories/hive/ql/target/tmp/org.apache.hadoop.hive.ql.TestTxnNoBuckets-1713932056679/warehouse/nobuckets/delta_0000001_0000001_0000/bucket_00000_0 with {include: [true, true, true, true], offset: 0, length: 714, schema: struct<c1:int,c2:int,c3:int>, includeAcidColumns: true}
2024-04-23T21:16:35,436  INFO [LocalJobRunner Map Task Executor #0] orc.OrcRawRecordMerger: updated min key = null, max key = null
2024-04-23T21:16:35,436  INFO [LocalJobRunner Map Task Executor #0] mapred.MapTask: numReduceTasks: 1
2024-04-23T21:16:35,440  INFO [LocalJobRunner Map Task Executor #0] mapred.MapTask: (EQUATOR) 0 kvi 26214396(104857584)
2024-04-23T21:16:35,440  INFO [LocalJobRunner Map Task Executor #0] mapred.MapTask: mapreduce.task.io.sort.mb: 100
2024-04-23T21:16:35,440  INFO [LocalJobRunner Map Task Executor #0] mapred.MapTask: soft limit at 83886080
2024-04-23T21:16:35,440  INFO [LocalJobRunner Map Task Executor #0] mapred.MapTask: bufstart = 0; bufvoid = 104857600
2024-04-23T21:16:35,440  INFO [LocalJobRunner Map Task Executor #0] mapred.MapTask: kvstart = 26214396; length = 6553600
2024-04-23T21:16:35,441  INFO [LocalJobRunner Map Task Executor #0] mapred.MapTask: Map output collector class = org.apache.hadoop.mapred.MapTask$MapOutputBuffer
2024-04-23T21:16:35,441  INFO [LocalJobRunner Map Task Executor #0] exec.MapOperator: Initializing Operator: MAP[0]
2024-04-23T21:16:35,442  INFO [LocalJobRunner Map Task Executor #0] mr.ExecMapper: 
<MAP>Id =0
  <Children>null
  <\Children>
  <Parent><\Parent>
<\MAP>
2024-04-23T21:16:35,443  INFO [LocalJobRunner Map Task Executor #0] exec.TableScanOperator: Initializing Operator: TS[0]
2024-04-23T21:16:35,443  INFO [LocalJobRunner Map Task Executor #0] exec.SelectOperator: Initializing Operator: SEL[1]
2024-04-23T21:16:35,443  INFO [LocalJobRunner Map Task Executor #0] exec.SelectOperator: SELECT struct<c1:int,c2:int,c3:int,row__id:struct<writeid:bigint,bucketid:int,rowid:bigint>,input__file__name:string>
2024-04-23T21:16:35,443  INFO [LocalJobRunner Map Task Executor #0] exec.ReduceSinkOperator: Initializing Operator: RS[2]
2024-04-23T21:16:35,443  INFO [LocalJobRunner Map Task Executor #0] exec.ReduceSinkOperator: Using tag = -1
2024-04-23T21:16:35,443  INFO [LocalJobRunner Map Task Executor #0] exec.ReduceSinkOperator: keys are [reducesinkkey0] num distributions: 1
2024-04-23T21:16:35,443  INFO [LocalJobRunner Map Task Executor #0] exec.ReduceSinkOperator: RS[2]: records written - 1
2024-04-23T21:16:35,443  INFO [LocalJobRunner Map Task Executor #0] exec.MapOperator: MAP[0]: records read - 1
2024-04-23T21:16:35,444  INFO [LocalJobRunner Map Task Executor #0] exec.MapOperator: Closing Operator: MAP[0]
2024-04-23T21:16:35,444  INFO [LocalJobRunner Map Task Executor #0] exec.MapOperator: MAP[0]: Total records read - 2. abort - false
2024-04-23T21:16:35,444  INFO [LocalJobRunner Map Task Executor #0] exec.MapOperator: DESERIALIZE_ERRORS:0, RECORDS_OUT_OPERATOR_MAP_0:0, RECORDS_OUT_INTERMEDIATE:0, RECORDS_IN:2, 
2024-04-23T21:16:35,444  INFO [LocalJobRunner Map Task Executor #0] exec.TableScanOperator: Closing Operator: TS[0]
2024-04-23T21:16:35,444  INFO [LocalJobRunner Map Task Executor #0] exec.TableScanOperator: RECORDS_OUT_OPERATOR_TS_0:2, RECORDS_OUT_INTERMEDIATE:0, 
2024-04-23T21:16:35,444  INFO [LocalJobRunner Map Task Executor #0] exec.SelectOperator: Closing Operator: SEL[1]
2024-04-23T21:16:35,444  INFO [LocalJobRunner Map Task Executor #0] exec.SelectOperator: RECORDS_OUT_OPERATOR_SEL_1:2, RECORDS_OUT_INTERMEDIATE:0, 
2024-04-23T21:16:35,444  INFO [LocalJobRunner Map Task Executor #0] exec.ReduceSinkOperator: Closing Operator: RS[2]
2024-04-23T21:16:35,444  INFO [LocalJobRunner Map Task Executor #0] exec.ReduceSinkOperator: RS[2]: Total records written - 2. abort - false
2024-04-23T21:16:35,444  INFO [LocalJobRunner Map Task Executor #0] exec.ReduceSinkOperator: RECORDS_OUT_OPERATOR_RS_2:2, RECORDS_OUT_INTERMEDIATE:2, 
2024-04-23T21:16:35,444  INFO [LocalJobRunner Map Task Executor #0] mapred.LocalJobRunner: 
2024-04-23T21:16:35,444  INFO [LocalJobRunner Map Task Executor #0] mapred.MapTask: Starting flush of map output
2024-04-23T21:16:35,444  INFO [LocalJobRunner Map Task Executor #0] mapred.MapTask: Spilling map output
2024-04-23T21:16:35,444  INFO [LocalJobRunner Map Task Executor #0] mapred.MapTask: bufstart = 0; bufend = 410; bufvoid = 104857600
2024-04-23T21:16:35,444  INFO [LocalJobRunner Map Task Executor #0] mapred.MapTask: kvstart = 26214396(104857584); kvend = 26214392(104857568); length = 5/6553600
2024-04-23T21:16:35,452  INFO [LocalJobRunner Map Task Executor #0] mapred.MapTask: Finished spill 0
2024-04-23T21:16:35,454  INFO [LocalJobRunner Map Task Executor #0] mapred.Task: Task:attempt_local737747927_0063_m_000001_0 is done. And is in the process of committing
2024-04-23T21:16:35,455  INFO [LocalJobRunner Map Task Executor #0] mapred.LocalJobRunner: OrcSplit [file:/home/alex/Repositories/hive/ql/target/tmp/org.apache.hadoop.hive.ql.TestTxnNoBuckets-1713932056679/warehouse/nobuckets/delta_0000001_0000001_0000/bucket_00000_0, start=0, length=714, isOriginal=false, fileLength=714, hasFooter=false, hasBase=true, deltas=0]
2024-04-23T21:16:35,455  INFO [LocalJobRunner Map Task Executor #0] mapred.Task: Task 'attempt_local737747927_0063_m_000001_0' done.
2024-04-23T21:16:35,455  INFO [LocalJobRunner Map Task Executor #0] mapred.Task: Final Counters for attempt_local737747927_0063_m_000001_0: Counters: 24
	File System Counters
		FILE: Number of bytes read=1483518
		FILE: Number of bytes written=74201653
		FILE: Number of read operations=0
		FILE: Number of large read operations=0
		FILE: Number of write operations=0
	Map-Reduce Framework
		Map input records=2
		Map output records=2
		Map output bytes=410
		Map output materialized bytes=422
		Input split bytes=501
		Combine input records=0
		Spilled Records=2
		Failed Shuffles=0
		Merged Map outputs=0
		GC time elapsed (ms)=0
		Total committed heap usage (bytes)=1193279488
	HIVE
		DESERIALIZE_ERRORS=0
		RECORDS_IN=2
		RECORDS_OUT_INTERMEDIATE=2
		RECORDS_OUT_OPERATOR_MAP_0=0
		RECORDS_OUT_OPERATOR_RS_2=2
		RECORDS_OUT_OPERATOR_SEL_1=2
		RECORDS_OUT_OPERATOR_TS_0=2
	File Input Format Counters 
		Bytes Read=8114
2024-04-23T21:16:35,455  INFO [LocalJobRunner Map Task Executor #0] mapred.LocalJobRunner: Finishing task: attempt_local737747927_0063_m_000001_0
2024-04-23T21:16:35,455  INFO [Thread-4139] mapred.LocalJobRunner: map task executor complete.
2024-04-23T21:16:35,456  INFO [Thread-4139] mapred.LocalJobRunner: Waiting for reduce tasks
2024-04-23T21:16:35,456  INFO [pool-266-thread-1] mapred.LocalJobRunner: Starting task: attempt_local737747927_0063_r_000000_0
2024-04-23T21:16:35,456  INFO [pool-266-thread-1] mapred.Task:  Using ResourceCalculatorProcessTree : [ ]
2024-04-23T21:16:35,456  INFO [pool-266-thread-1] mapred.ReduceTask: Using ShuffleConsumerPlugin: org.apache.hadoop.mapreduce.task.reduce.Shuffle@12efb8ee
2024-04-23T21:16:35,456  WARN [pool-266-thread-1] impl.MetricsSystemImpl: JobTracker metrics system already initialized!
2024-04-23T21:16:35,457  INFO [pool-266-thread-1] reduce.MergeManagerImpl: MergerManager: memoryLimit=1336252800, maxSingleShuffleLimit=334063200, mergeThreshold=881926912, ioSortFactor=10, memToMemMergeOutputsThreshold=10
2024-04-23T21:16:35,458  INFO [EventFetcher for fetching Map Completion Events] reduce.EventFetcher: attempt_local737747927_0063_r_000000_0 Thread started: EventFetcher for fetching Map Completion Events
2024-04-23T21:16:35,460  INFO [localfetcher#39] reduce.LocalFetcher: localfetcher#39 about to shuffle output of map attempt_local737747927_0063_m_000001_0 decomp: 418 len: 422 to MEMORY
2024-04-23T21:16:35,460  INFO [localfetcher#39] reduce.InMemoryMapOutput: Read 418 bytes from map-output for attempt_local737747927_0063_m_000001_0
2024-04-23T21:16:35,460  INFO [localfetcher#39] reduce.MergeManagerImpl: closeInMemoryFile -> map-output of size: 418, inMemoryMapOutputs.size() -> 1, commitMemory -> 0, usedMemory ->418
2024-04-23T21:16:35,463  INFO [localfetcher#39] reduce.LocalFetcher: localfetcher#39 about to shuffle output of map attempt_local737747927_0063_m_000000_0 decomp: 418 len: 422 to MEMORY
2024-04-23T21:16:35,463  INFO [localfetcher#39] reduce.InMemoryMapOutput: Read 418 bytes from map-output for attempt_local737747927_0063_m_000000_0
2024-04-23T21:16:35,463  INFO [localfetcher#39] reduce.MergeManagerImpl: closeInMemoryFile -> map-output of size: 418, inMemoryMapOutputs.size() -> 2, commitMemory -> 418, usedMemory ->836
2024-04-23T21:16:35,463  INFO [EventFetcher for fetching Map Completion Events] reduce.EventFetcher: EventFetcher is interrupted.. Returning
2024-04-23T21:16:35,463  INFO [pool-266-thread-1] mapred.LocalJobRunner: 2 / 2 copied.
2024-04-23T21:16:35,463  INFO [pool-266-thread-1] reduce.MergeManagerImpl: finalMerge called with 2 in-memory map-outputs and 0 on-disk map-outputs
2024-04-23T21:16:35,469  INFO [pool-266-thread-1] mapred.Merger: Merging 2 sorted segments
2024-04-23T21:16:35,469  INFO [pool-266-thread-1] mapred.Merger: Down to the last merge-pass, with 2 segments left of total size: 772 bytes
2024-04-23T21:16:35,472  INFO [pool-266-thread-1] reduce.MergeManagerImpl: Merged 2 segments, 836 bytes to disk to satisfy reduce memory limit
2024-04-23T21:16:35,472  INFO [pool-266-thread-1] reduce.MergeManagerImpl: Merging 1 files, 838 bytes from disk
2024-04-23T21:16:35,472  INFO [pool-266-thread-1] reduce.MergeManagerImpl: Merging 0 segments, 0 bytes from memory into reduce
2024-04-23T21:16:35,472  INFO [pool-266-thread-1] mapred.Merger: Merging 1 sorted segments
2024-04-23T21:16:35,472  INFO [pool-266-thread-1] mapred.Merger: Down to the last merge-pass, with 1 segments left of total size: 802 bytes
2024-04-23T21:16:35,472  INFO [pool-266-thread-1] mapred.LocalJobRunner: 2 / 2 copied.
2024-04-23T21:16:35,472  INFO [pool-266-thread-1] exec.SerializationUtilities: Deserializing ReduceWork using kryo
2024-04-23T21:16:35,473  INFO [pool-266-thread-1] exec.Utilities: Deserialized plan (via FILE) - name: null size: 6,32KB
2024-04-23T21:16:35,474  INFO [pool-266-thread-1] ExecReducer: 
<SEL>Id =3
  <Children>
    <FS>Id =4
      <Children>
      <\Children>
      <Parent>Id = 3 null<\Parent>
    <\FS>
  <\Children>
  <Parent><\Parent>
<\SEL>
2024-04-23T21:16:35,474  INFO [pool-266-thread-1] exec.SelectOperator: Initializing Operator: SEL[3]
2024-04-23T21:16:35,474  INFO [pool-266-thread-1] exec.SelectOperator: SELECT struct<key:struct<reducesinkkey0:struct<writeid:bigint,bucketid:int,rowid:bigint>>,value:struct<_col0:int,_col1:int,_col2:int,_col3:string>>
2024-04-23T21:16:35,474  INFO [pool-266-thread-1] exec.FileSinkOperator: Initializing Operator: FS[4]
2024-04-23T21:16:35,474  INFO [pool-266-thread-1] exec.FileSinkOperator: Using serializer : class org.apache.hadoop.hive.serde2.lazy.LazySimpleSerDe [serdeParams=org.apache.hadoop.hive.serde2.lazy.LazySerDeParameters@512b5cb7, cachedObjectInspector=org.apache.hadoop.hive.serde2.lazy.objectinspector.LazySimpleStructObjectInspector<org.apache.hadoop.hive.serde2.lazy.objectinspector.LazySimpleStructObjectInspector<org.apache.hadoop.hive.serde2.lazy.objectinspector.primitive.LazyLongObjectInspector@18f919ce,org.apache.hadoop.hive.serde2.lazy.objectinspector.primitive.LazyIntObjectInspector@4dea763c,org.apache.hadoop.hive.serde2.lazy.objectinspector.primitive.LazyLongObjectInspector@18f919ce>,org.apache.hadoop.hive.serde2.lazy.objectinspector.primitive.LazyIntObjectInspector@4dea763c,org.apache.hadoop.hive.serde2.lazy.objectinspector.primitive.LazyIntObjectInspector@4dea763c,org.apache.hadoop.hive.serde2.lazy.objectinspector.primitive.LazyIntObjectInspector@4dea763c,org.apache.hadoop.hive.serde2.lazy.objectinspector.primitive.LazyStringObjectInspector@41fdb59c>, serializedSize=0, stats=org.apache.hadoop.hive.serde2.SerDeStats@3974e82c, lastOperationSerialize=false, lastOperationDeserialize=false [1, 2, 3, 4, 5, 6, 7, 8, 11, 14, 15, 16, 17, 18, 19, 20, 21, 22, 23, 24, 25, 26, 28, 29, 30, 31, -128, -127, -126, -125, -124, -123, -122, -121, -120, -119, -118, -117, -116, -115, -114, -113, -112, -111, -110, -109, -108, -107, -106, -105, -104, -103, -102, -101, -100, -99, -98, -97, -96, -95, -94, -93, -92, -91, -90, -89, -88, -87, -86, -85, -84, -83, -82, -81, -80, -79, -78, -77, -76, -75, -74, -73, -72, -71, -70, -69, -68, -67, -66, -65, -64, -63, -62, -61, -60, -59, -58, -57, -56, -55, -54, -53, -52, -51, -50, -49, -48, -47, -46, -45, -44, -43, -42, -41, -40, -39, -38, -37, -36, -35, -34, -33, -32, -31, -30, -29, -28, -27, -26, -25, -24, -23, -22, -21, -20, -19, -18, -17, -16, -15, -14, -13, -12, -11, -10, -9, -8, -7, -6, -5, -4, -3, -2, -1] : [_col0, _col1, _col2, _col3, _col4] : [struct<writeid:bigint,bucketid:int,rowid:bigint>, int, int, int, string]] and formatter : org.apache.hadoop.hive.ql.io.HiveSequenceFileOutputFormat@37b18e9
2024-04-23T21:16:35,474  INFO [pool-266-thread-1] exec.FileSinkOperator: Final Path: FS file:/home/alex/Repositories/hive/ql/target/tmp/localscratchdir/b72c85bc-72c7-4f7b-afc0-6d43af6e6c8d/hive_2024-04-23_21-16-35_005_535338817549590131-1/-mr-10001/.hive-staging_hive_2024-04-23_21-16-35_005_535338817549590131-1/_tmp.-ext-10002/000000_0
2024-04-23T21:16:35,474  INFO [pool-266-thread-1] exec.FileSinkOperator: Writing to temp file: FS file:/home/alex/Repositories/hive/ql/target/tmp/localscratchdir/b72c85bc-72c7-4f7b-afc0-6d43af6e6c8d/hive_2024-04-23_21-16-35_005_535338817549590131-1/-mr-10001/.hive-staging_hive_2024-04-23_21-16-35_005_535338817549590131-1/_task_tmp.-ext-10002/_tmp.000000_0
2024-04-23T21:16:35,474  INFO [pool-266-thread-1] exec.FileSinkOperator: New Final Path: FS file:/home/alex/Repositories/hive/ql/target/tmp/localscratchdir/b72c85bc-72c7-4f7b-afc0-6d43af6e6c8d/hive_2024-04-23_21-16-35_005_535338817549590131-1/-mr-10001/.hive-staging_hive_2024-04-23_21-16-35_005_535338817549590131-1/_tmp.-ext-10002/000000_0
2024-04-23T21:16:35,481  INFO [pool-266-thread-1] exec.FileSinkOperator: FS[4]: records written - 1
2024-04-23T21:16:35,482  INFO [pool-266-thread-1] exec.SelectOperator: Closing Operator: SEL[3]
2024-04-23T21:16:35,482  INFO [pool-266-thread-1] exec.SelectOperator: RECORDS_OUT_OPERATOR_SEL_3:4, RECORDS_OUT_INTERMEDIATE:0, 
2024-04-23T21:16:35,482  INFO [pool-266-thread-1] exec.FileSinkOperator: Closing Operator: FS[4]
2024-04-23T21:16:35,482  INFO [pool-266-thread-1] exec.FileSinkOperator: FS[4]: records written - 4
2024-04-23T21:16:35,482  INFO [pool-266-thread-1] exec.FileSinkOperator: RECORDS_OUT_OPERATOR_FS_4:4, RECORDS_OUT_0:4, RECORDS_OUT_INTERMEDIATE:0, 
2024-04-23T21:16:35,482  INFO [pool-266-thread-1] mapred.Task: Task:attempt_local737747927_0063_r_000000_0 is done. And is in the process of committing
2024-04-23T21:16:35,482  INFO [pool-266-thread-1] mapred.LocalJobRunner: reduce > reduce
2024-04-23T21:16:35,483  INFO [pool-266-thread-1] mapred.Task: Task 'attempt_local737747927_0063_r_000000_0' done.
2024-04-23T21:16:35,483  INFO [pool-266-thread-1] mapred.Task: Final Counters for attempt_local737747927_0063_r_000000_0: Counters: 29
	File System Counters
		FILE: Number of bytes read=1491648
		FILE: Number of bytes written=74203394
		FILE: Number of read operations=0
		FILE: Number of large read operations=0
		FILE: Number of write operations=0
	Map-Reduce Framework
		Combine input records=0
		Combine output records=0
		Reduce input groups=4
		Reduce shuffle bytes=844
		Reduce input records=4
		Reduce output records=0
		Spilled Records=4
		Shuffled Maps =2
		Failed Shuffles=0
		Merged Map outputs=2
		GC time elapsed (ms)=0
		Total committed heap usage (bytes)=1193279488
	HIVE
		CREATED_FILES=1
		RECORDS_OUT_0=4
		RECORDS_OUT_INTERMEDIATE=0
		RECORDS_OUT_OPERATOR_FS_4=4
		RECORDS_OUT_OPERATOR_SEL_3=4
	Shuffle Errors
		BAD_ID=0
		CONNECTION=0
		IO_ERROR=0
		WRONG_LENGTH=0
		WRONG_MAP=0
		WRONG_REDUCE=0
	File Output Format Counters 
		Bytes Written=0
2024-04-23T21:16:35,483  INFO [pool-266-thread-1] mapred.LocalJobRunner: Finishing task: attempt_local737747927_0063_r_000000_0
2024-04-23T21:16:35,483  INFO [Thread-4139] mapred.LocalJobRunner: reduce task executor complete.
2024-04-23 21:16:36,402 Stage-1 map = 100%,  reduce = 100%
2024-04-23T21:16:36,402  INFO [main] exec.Task: 2024-04-23 21:16:36,402 Stage-1 map = 100%,  reduce = 100%
Ended Job = job_local737747927_0063
2024-04-23T21:16:36,402  INFO [main] exec.Task: Ended Job = job_local737747927_0063
2024-04-23T21:16:36,404  INFO [main] metadata.Hive: Dumping metastore api call timing information for : execution phase
2024-04-23T21:16:36,405  INFO [main] metadata.Hive: Total time spent in each metastore function (ms): {}
MapReduce Jobs Launched: 
2024-04-23T21:16:36,405  INFO [main] ql.Driver: MapReduce Jobs Launched: 
Stage-Stage-1:  HDFS Read: 0 HDFS Write: 0 SUCCESS
2024-04-23T21:16:36,405  INFO [main] ql.Driver: Stage-Stage-1:  HDFS Read: 0 HDFS Write: 0 SUCCESS
Total MapReduce CPU Time Spent: 0 msec
2024-04-23T21:16:36,405  INFO [main] ql.Driver: Total MapReduce CPU Time Spent: 0 msec
2024-04-23T21:16:36,405  INFO [main] ql.Driver: Completed executing command(queryId=alex_20240423211635_4f2eccbd-317c-43c2-9cdd-df6963488a84); Time taken: 1.273 seconds
2024-04-23T21:16:36,405  INFO [main] lockmgr.DbTxnManager: Stopped heartbeat for query: alex_20240423211635_4f2eccbd-317c-43c2-9cdd-df6963488a84
2024-04-23T21:16:36,408  INFO [main] txn.TxnHandler: Expected to move at least one record from txn_components to completed_txn_components when committing txn! txnid:20
2024-04-23T21:16:36,414  INFO [main] txn.TxnHandler: Removed transactions: ([20]) from MIN_HISTORY_LEVEL
2024-04-23T21:16:36,414  WARN [main] txn.CompactionTxnHandler: No compaction queue record found for Compaction type transaction commit. txnId:20
2024-04-23T21:16:36,418  INFO [main] mapred.FileInputFormat: Total input files to process : 1
2024-04-23T21:16:36,419  INFO [main] exec.ListSinkOperator: Closing Operator: LIST_SINK[5]
2024-04-23T21:16:36,419  INFO [main] exec.ListSinkOperator: RECORDS_OUT_OPERATOR_LIST_SINK_5:4, RECORDS_OUT_INTERMEDIATE:0, 
2024-04-23T21:16:36,419  WARN [main] ql.TestTxnNoBuckets: after insert
2024-04-23T21:16:36,419  WARN [main] ql.TestTxnNoBuckets: {"writeid":1,"bucketid":536870912,"rowid":0}	0	0	0	file:/home/alex/Repositories/hive/ql/target/tmp/org.apache.hadoop.hive.ql.TestTxnNoBuckets-1713932056679/warehouse/nobuckets/delta_0000001_0000001_0000/bucket_00000_0
2024-04-23T21:16:36,419  WARN [main] ql.TestTxnNoBuckets: {"writeid":1,"bucketid":536870912,"rowid":1}	3	3	3	file:/home/alex/Repositories/hive/ql/target/tmp/org.apache.hadoop.hive.ql.TestTxnNoBuckets-1713932056679/warehouse/nobuckets/delta_0000001_0000001_0000/bucket_00000_0
2024-04-23T21:16:36,419  WARN [main] ql.TestTxnNoBuckets: {"writeid":1,"bucketid":536936448,"rowid":0}	1	1	1	file:/home/alex/Repositories/hive/ql/target/tmp/org.apache.hadoop.hive.ql.TestTxnNoBuckets-1713932056679/warehouse/nobuckets/delta_0000001_0000001_0000/bucket_00001_0
2024-04-23T21:16:36,419  WARN [main] ql.TestTxnNoBuckets: {"writeid":1,"bucketid":536936448,"rowid":1}	2	2	2	file:/home/alex/Repositories/hive/ql/target/tmp/org.apache.hadoop.hive.ql.TestTxnNoBuckets-1713932056679/warehouse/nobuckets/delta_0000001_0000001_0000/bucket_00001_0
2024-04-23T21:16:36,419  INFO [main] ql.TxnCommandsBaseForTests: Running the query: explain  update nobuckets set c3 = 17 where c3 in(0,1)
2024-04-23T21:16:36,419  INFO [main] ql.Context: Deleting scratch dir: file:/home/alex/Repositories/hive/ql/target/tmp/localscratchdir/b72c85bc-72c7-4f7b-afc0-6d43af6e6c8d/hive_2024-04-23_21-16-35_005_535338817549590131-1
2024-04-23T21:16:36,420  INFO [main] cleanup.SyncCleanupService: Deleted directory: file:/home/alex/Repositories/hive/ql/target/tmp/localscratchdir/b72c85bc-72c7-4f7b-afc0-6d43af6e6c8d/hive_2024-04-23_21-16-35_005_535338817549590131-1 on fs with scheme file
2024-04-23T21:16:36,420  INFO [main] ql.Driver: Compiling command(queryId=alex_20240423211636_42db1213-e0ef-4481-b218-5f76b06b2d9d): explain  update nobuckets set c3 = 17 where c3 in(0,1)
2024-04-23T21:16:36,423  INFO [main] txn.TxnHandler: Added entries to MIN_HISTORY_LEVEL for current txns: ([21]) with min_open_txn: 21
2024-04-23T21:16:36,423  INFO [main] lockmgr.DbTxnManager: Opened txnid:21
2024-04-23T21:16:36,424  INFO [main] HiveMetaStore.audit: ugi=alex	ip=unknown-ip-addr	cmd=get_table : tbl=hive.default.nobuckets	
2024-04-23T21:16:36,432  INFO [main] metastore.HMSHandler: Skipping translation for processor with null
2024-04-23T21:16:36,432  INFO [main] parse.RewriteSemanticAnalyzer: Going to reparse <explain  update nobuckets set c3 = 17 where c3 in(0,1)> as 
<insert into table `default`.`nobuckets` select ROW__ID,`c1`,`c2`,`c3` from `default`.`nobuckets` sort by ROW__ID >
2024-04-23T21:16:36,433  INFO [main] parse.UpdateDeleteSemanticAnalyzer: Starting Semantic Analysis
2024-04-23T21:16:36,436  INFO [main] HiveMetaStore.audit: ugi=alex	ip=unknown-ip-addr	cmd=get_table : tbl=hive.default.nobuckets	
2024-04-23T21:16:36,443  INFO [main] metastore.HMSHandler: Skipping translation for processor with null
2024-04-23T21:16:36,443  INFO [main] parse.UpdateDeleteSemanticAnalyzer: Completed phase 1 of Semantic Analysis
2024-04-23T21:16:36,443  INFO [main] parse.UpdateDeleteSemanticAnalyzer: Get metadata for source tables
2024-04-23T21:16:36,444  INFO [main] parse.UpdateDeleteSemanticAnalyzer: Get metadata for subqueries
2024-04-23T21:16:36,444  INFO [main] parse.UpdateDeleteSemanticAnalyzer: Get metadata for destination tables
2024-04-23T21:16:36,444  INFO [main] HiveMetaStore.audit: ugi=alex	ip=unknown-ip-addr	cmd=get_table : tbl=hive.default.nobuckets	
2024-04-23T21:16:36,451  INFO [main] metastore.HMSHandler: Skipping translation for processor with null
2024-04-23T21:16:36,451  INFO [main] parse.UpdateDeleteSemanticAnalyzer: Completed getting MetaData in Semantic Analysis
2024-04-23T21:16:36,451  INFO [main] parse.UpdateDeleteSemanticAnalyzer: Disabling LLAP IO encode as ETL query is detected
2024-04-23T21:16:36,464  INFO [main] HiveMetaStore.audit: ugi=alex	ip=unknown-ip-addr	cmd=get_all_table_constraints : tbl=hive.default.nobuckets	
2024-04-23T21:16:36,470  INFO [main] HiveMetaStore.audit: ugi=alex	ip=unknown-ip-addr	cmd=get_not_null_constraints : tbl=hive.default.nobuckets	
2024-04-23T21:16:36,471  INFO [main] HiveMetaStore.audit: ugi=alex	ip=unknown-ip-addr	cmd=get_check_constraints : tbl=hive.default.nobuckets	
2024-04-23T21:16:36,494  INFO [main] calcite.RelOptHiveTable: Calculating column statistics for default.nobuckets, projIndxSet: [0, 1, 2], allowMissingStats: true
2024-04-23T21:16:36,494  INFO [main] HiveMetaStore.audit: ugi=alex	ip=unknown-ip-addr	cmd=get_table_statistics_req: table=hive.default.nobuckets	
2024-04-23T21:16:36,503  WARN [main] calcite.RelOptHiveTable: No Stats for default@nobuckets, Columns: c2, c1, c3
No Stats for default@nobuckets, Columns: c2, c1, c3
2024-04-23T21:16:36,503  INFO [main] SessionState: No Stats for default@nobuckets, Columns: c2, c1, c3
2024-04-23T21:16:36,586  INFO [main] parse.UpdateDeleteSemanticAnalyzer: Get metadata for source tables
2024-04-23T21:16:36,586  INFO [main] parse.UpdateDeleteSemanticAnalyzer: Get metadata for subqueries
2024-04-23T21:16:36,586  INFO [main] parse.UpdateDeleteSemanticAnalyzer: Get metadata for destination tables
2024-04-23T21:16:36,586  INFO [main] HiveMetaStore.audit: ugi=alex	ip=unknown-ip-addr	cmd=get_table : tbl=hive.default.nobuckets	
2024-04-23T21:16:36,598  INFO [main] metastore.HMSHandler: Skipping translation for processor with null
2024-04-23T21:16:36,602 ERROR [main] parse.UpdateDeleteSemanticAnalyzer: CBO failed, skipping CBO. 
org.apache.hadoop.hive.ql.exec.NoMatchingMethodException: No matching method for class org.apache.hadoop.hive.ql.udf.UDFToInteger with (struct<writeid:bigint,bucketid:int,rowid:bigint>). Possible choices: _FUNC_(bigint)  _FUNC_(boolean)  _FUNC_(decimal(38,18))  _FUNC_(double)  _FUNC_(float)  _FUNC_(smallint)  _FUNC_(string)  _FUNC_(struct<bucketid:bigint,writeid:int,rowid:bigint>)  _FUNC_(timestamp)  _FUNC_(tinyint)  _FUNC_(void)  
	at org.apache.hadoop.hive.ql.exec.MethodUtils.getMethodInternal(MethodUtils.java:130) ~[classes/:?]
	at org.apache.hadoop.hive.ql.exec.MethodUtils.getMethodInternal(MethodUtils.java:60) ~[classes/:?]
	at org.apache.hadoop.hive.ql.exec.DefaultUDFMethodResolver.getEvalMethod(DefaultUDFMethodResolver.java:59) ~[classes/:?]
	at org.apache.hadoop.hive.ql.udf.TimestampCastRestrictorResolver.getEvalMethod(TimestampCastRestrictorResolver.java:68) ~[classes/:?]
	at org.apache.hadoop.hive.ql.udf.generic.GenericUDFBridge.initialize(GenericUDFBridge.java:168) ~[classes/:?]
	at org.apache.hadoop.hive.ql.udf.generic.GenericUDF.initializeAndFoldConstants(GenericUDF.java:149) ~[classes/:?]
	at org.apache.hadoop.hive.ql.plan.ExprNodeGenericFuncDesc.newInstance(ExprNodeGenericFuncDesc.java:235) ~[classes/:?]
	at org.apache.hadoop.hive.ql.parse.type.ExprNodeDescExprFactory.createFuncCallExpr(ExprNodeDescExprFactory.java:584) ~[classes/:?]
	at org.apache.hadoop.hive.ql.parse.type.ExprNodeDescExprFactory.createFuncCallExpr(ExprNodeDescExprFactory.java:97) ~[classes/:?]
	at org.apache.hadoop.hive.ql.parse.type.TypeCheckProcFactory$DefaultExprProcessor.getFuncExprNodeDescWithUdfData(TypeCheckProcFactory.java:762) ~[classes/:?]
	at org.apache.hadoop.hive.ql.parse.type.TypeCheckProcFactory$DefaultExprProcessor.createConversionCast(TypeCheckProcFactory.java:783) ~[classes/:?]
	at org.apache.hadoop.hive.ql.parse.SemanticAnalyzer.getPartitionColsFromBucketColsForUpdateDelete(SemanticAnalyzer.java:8725) ~[classes/:?]
	at org.apache.hadoop.hive.ql.parse.SemanticAnalyzer.genBucketingSortingDest(SemanticAnalyzer.java:6914) ~[classes/:?]
	at org.apache.hadoop.hive.ql.parse.SemanticAnalyzer.genFileSinkPlan(SemanticAnalyzer.java:7335) ~[classes/:?]
	at org.apache.hadoop.hive.ql.parse.SemanticAnalyzer.genPostGroupByBodyPlan(SemanticAnalyzer.java:11063) ~[classes/:?]
	at org.apache.hadoop.hive.ql.parse.SemanticAnalyzer.genBodyPlan(SemanticAnalyzer.java:10938) ~[classes/:?]
	at org.apache.hadoop.hive.ql.parse.SemanticAnalyzer.genPlan(SemanticAnalyzer.java:11853) ~[classes/:?]
	at org.apache.hadoop.hive.ql.parse.SemanticAnalyzer.genPlan(SemanticAnalyzer.java:11723) ~[classes/:?]
	at org.apache.hadoop.hive.ql.parse.CalcitePlanner.genOPTree(CalcitePlanner.java:626) ~[classes/:?]
	at org.apache.hadoop.hive.ql.parse.SemanticAnalyzer.analyzeInternal(SemanticAnalyzer.java:12558) ~[classes/:?]
	at org.apache.hadoop.hive.ql.parse.CalcitePlanner.analyzeInternal(CalcitePlanner.java:456) ~[classes/:?]
	at org.apache.hadoop.hive.ql.parse.RewriteSemanticAnalyzer.analyzeInternal(RewriteSemanticAnalyzer.java:67) ~[classes/:?]
	at org.apache.hadoop.hive.ql.parse.BaseSemanticAnalyzer.analyze(BaseSemanticAnalyzer.java:317) ~[classes/:?]
	at org.apache.hadoop.hive.ql.parse.UpdateDeleteSemanticAnalyzer.reparseAndSuperAnalyze(UpdateDeleteSemanticAnalyzer.java:208) ~[classes/:?]
	at org.apache.hadoop.hive.ql.parse.UpdateDeleteSemanticAnalyzer.analyzeUpdate(UpdateDeleteSemanticAnalyzer.java:63) ~[classes/:?]
	at org.apache.hadoop.hive.ql.parse.UpdateDeleteSemanticAnalyzer.analyze(UpdateDeleteSemanticAnalyzer.java:53) ~[classes/:?]
	at org.apache.hadoop.hive.ql.parse.RewriteSemanticAnalyzer.analyzeInternal(RewriteSemanticAnalyzer.java:72) ~[classes/:?]
	at org.apache.hadoop.hive.ql.parse.BaseSemanticAnalyzer.analyze(BaseSemanticAnalyzer.java:317) ~[classes/:?]
	at org.apache.hadoop.hive.ql.parse.ExplainSemanticAnalyzer.analyzeInternal(ExplainSemanticAnalyzer.java:175) ~[classes/:?]
	at org.apache.hadoop.hive.ql.parse.BaseSemanticAnalyzer.analyze(BaseSemanticAnalyzer.java:317) ~[classes/:?]
	at org.apache.hadoop.hive.ql.Compiler.analyze(Compiler.java:223) ~[classes/:?]
	at org.apache.hadoop.hive.ql.Compiler.compile(Compiler.java:105) ~[classes/:?]
	at org.apache.hadoop.hive.ql.Driver.compile(Driver.java:500) ~[classes/:?]
	at org.apache.hadoop.hive.ql.Driver.compileInternal(Driver.java:453) ~[classes/:?]
	at org.apache.hadoop.hive.ql.Driver.runInternal(Driver.java:181) ~[classes/:?]
	at org.apache.hadoop.hive.ql.Driver.run(Driver.java:153) ~[classes/:?]
	at org.apache.hadoop.hive.ql.Driver.run(Driver.java:140) ~[classes/:?]
	at org.apache.hadoop.hive.ql.TxnCommandsBaseForTests.runStatementOnDriver(TxnCommandsBaseForTests.java:245) ~[test-classes/:?]
	at org.apache.hadoop.hive.ql.TestTxnNoBuckets.testNoBuckets(TestTxnNoBuckets.java:109) ~[test-classes/:?]
	at sun.reflect.NativeMethodAccessorImpl.invoke0(Native Method) ~[?:1.8.0_402]
	at sun.reflect.NativeMethodAccessorImpl.invoke(NativeMethodAccessorImpl.java:62) ~[?:1.8.0_402]
	at sun.reflect.DelegatingMethodAccessorImpl.invoke(DelegatingMethodAccessorImpl.java:43) ~[?:1.8.0_402]
	at java.lang.reflect.Method.invoke(Method.java:498) ~[?:1.8.0_402]
	at org.junit.runners.model.FrameworkMethod$1.runReflectiveCall(FrameworkMethod.java:59) ~[junit-4.13.jar:4.13]
	at org.junit.internal.runners.model.ReflectiveCallable.run(ReflectiveCallable.java:12) ~[junit-4.13.jar:4.13]
	at org.junit.runners.model.FrameworkMethod.invokeExplosively(FrameworkMethod.java:56) ~[junit-4.13.jar:4.13]
	at org.junit.internal.runners.statements.InvokeMethod.evaluate(InvokeMethod.java:17) ~[junit-4.13.jar:4.13]
	at org.junit.internal.runners.statements.RunBefores.evaluate(RunBefores.java:26) ~[junit-4.13.jar:4.13]
	at org.junit.internal.runners.statements.RunAfters.evaluate(RunAfters.java:27) ~[junit-4.13.jar:4.13]
	at org.junit.rules.TestWatcher$1.evaluate(TestWatcher.java:61) ~[junit-4.13.jar:4.13]
	at org.junit.runners.ParentRunner$3.evaluate(ParentRunner.java:306) ~[junit-4.13.jar:4.13]
	at org.junit.runners.BlockJUnit4ClassRunner$1.evaluate(BlockJUnit4ClassRunner.java:100) ~[junit-4.13.jar:4.13]
	at org.junit.runners.ParentRunner.runLeaf(ParentRunner.java:366) ~[junit-4.13.jar:4.13]
	at org.junit.runners.BlockJUnit4ClassRunner.runChild(BlockJUnit4ClassRunner.java:103) ~[junit-4.13.jar:4.13]
	at org.junit.runners.BlockJUnit4ClassRunner.runChild(BlockJUnit4ClassRunner.java:63) ~[junit-4.13.jar:4.13]
	at org.junit.runners.ParentRunner$4.run(ParentRunner.java:331) ~[junit-4.13.jar:4.13]
	at org.junit.runners.ParentRunner$1.schedule(ParentRunner.java:79) ~[junit-4.13.jar:4.13]
	at org.junit.runners.ParentRunner.runChildren(ParentRunner.java:329) ~[junit-4.13.jar:4.13]
	at org.junit.runners.ParentRunner.access$100(ParentRunner.java:66) ~[junit-4.13.jar:4.13]
	at org.junit.runners.ParentRunner$2.evaluate(ParentRunner.java:293) ~[junit-4.13.jar:4.13]
	at org.junit.runners.ParentRunner$3.evaluate(ParentRunner.java:306) ~[junit-4.13.jar:4.13]
	at org.junit.runners.ParentRunner.run(ParentRunner.java:413) ~[junit-4.13.jar:4.13]
	at org.junit.runner.JUnitCore.run(JUnitCore.java:137) ~[junit-4.13.jar:4.13]
	at org.junit.runner.JUnitCore.run(JUnitCore.java:115) ~[junit-4.13.jar:4.13]
	at org.junit.vintage.engine.execution.RunnerExecutor.execute(RunnerExecutor.java:43) ~[junit-vintage-engine-5.6.2.jar:5.6.2]
	at java.util.stream.ForEachOps$ForEachOp$OfRef.accept(ForEachOps.java:183) ~[?:1.8.0_402]
	at java.util.stream.ReferencePipeline$3$1.accept(ReferencePipeline.java:193) ~[?:1.8.0_402]
	at java.util.Iterator.forEachRemaining(Iterator.java:116) ~[?:1.8.0_402]
	at java.util.Spliterators$IteratorSpliterator.forEachRemaining(Spliterators.java:1801) ~[?:1.8.0_402]
	at java.util.stream.AbstractPipeline.copyInto(AbstractPipeline.java:482) ~[?:1.8.0_402]
	at java.util.stream.AbstractPipeline.wrapAndCopyInto(AbstractPipeline.java:472) ~[?:1.8.0_402]
	at java.util.stream.ForEachOps$ForEachOp.evaluateSequential(ForEachOps.java:150) ~[?:1.8.0_402]
	at java.util.stream.ForEachOps$ForEachOp$OfRef.evaluateSequential(ForEachOps.java:173) ~[?:1.8.0_402]
	at java.util.stream.AbstractPipeline.evaluate(AbstractPipeline.java:234) ~[?:1.8.0_402]
	at java.util.stream.ReferencePipeline.forEach(ReferencePipeline.java:485) ~[?:1.8.0_402]
	at org.junit.vintage.engine.VintageTestEngine.executeAllChildren(VintageTestEngine.java:82) ~[junit-vintage-engine-5.6.2.jar:5.6.2]
	at org.junit.vintage.engine.VintageTestEngine.execute(VintageTestEngine.java:73) ~[junit-vintage-engine-5.6.2.jar:5.6.2]
	at org.junit.platform.launcher.core.DefaultLauncher.execute(DefaultLauncher.java:248) ~[junit-platform-launcher-1.6.2.jar:1.6.2]
	at org.junit.platform.launcher.core.DefaultLauncher.lambda$execute$5(DefaultLauncher.java:211) ~[junit-platform-launcher-1.6.2.jar:1.6.2]
	at org.junit.platform.launcher.core.DefaultLauncher.withInterceptedStreams(DefaultLauncher.java:226) [junit-platform-launcher-1.6.2.jar:1.6.2]
	at org.junit.platform.launcher.core.DefaultLauncher.execute(DefaultLauncher.java:199) [junit-platform-launcher-1.6.2.jar:1.6.2]
	at org.junit.platform.launcher.core.DefaultLauncher.execute(DefaultLauncher.java:132) [junit-platform-launcher-1.6.2.jar:1.6.2]
	at org.apache.maven.surefire.junitplatform.JUnitPlatformProvider.invokeAllTests(JUnitPlatformProvider.java:154) [surefire-junit-platform-3.0.0-M4.jar:3.0.0-M4]
	at org.apache.maven.surefire.junitplatform.JUnitPlatformProvider.invoke(JUnitPlatformProvider.java:123) [surefire-junit-platform-3.0.0-M4.jar:3.0.0-M4]
	at org.apache.maven.surefire.booter.ForkedBooter.runSuitesInProcess(ForkedBooter.java:377) [surefire-booter-3.0.0-M4.jar:3.0.0-M4]
	at org.apache.maven.surefire.booter.ForkedBooter.execute(ForkedBooter.java:138) [surefire-booter-3.0.0-M4.jar:3.0.0-M4]
	at org.apache.maven.surefire.booter.ForkedBooter.run(ForkedBooter.java:465) [surefire-booter-3.0.0-M4.jar:3.0.0-M4]
	at org.apache.maven.surefire.booter.ForkedBooter.main(ForkedBooter.java:451) [surefire-booter-3.0.0-M4.jar:3.0.0-M4]
2024-04-23T21:16:36,603 ERROR [main] parse.UpdateDeleteSemanticAnalyzer: CBO failed due to missing column stats (see previous errors), skipping CBO
FAILED: NoMatchingMethodException No matching method for class org.apache.hadoop.hive.ql.udf.UDFToInteger with (struct<writeid:bigint,bucketid:int,rowid:bigint>). Possible choices: _FUNC_(bigint)  _FUNC_(boolean)  _FUNC_(decimal(38,18))  _FUNC_(double)  _FUNC_(float)  _FUNC_(smallint)  _FUNC_(string)  _FUNC_(struct<bucketid:bigint,writeid:int,rowid:bigint>)  _FUNC_(timestamp)  _FUNC_(tinyint)  _FUNC_(void)  
2024-04-23T21:16:36,604 ERROR [main] ql.Driver: FAILED: NoMatchingMethodException No matching method for class org.apache.hadoop.hive.ql.udf.UDFToInteger with (struct<writeid:bigint,bucketid:int,rowid:bigint>). Possible choices: _FUNC_(bigint)  _FUNC_(boolean)  _FUNC_(decimal(38,18))  _FUNC_(double)  _FUNC_(float)  _FUNC_(smallint)  _FUNC_(string)  _FUNC_(struct<bucketid:bigint,writeid:int,rowid:bigint>)  _FUNC_(timestamp)  _FUNC_(tinyint)  _FUNC_(void)  
org.apache.hadoop.hive.ql.exec.NoMatchingMethodException: No matching method for class org.apache.hadoop.hive.ql.udf.UDFToInteger with (struct<writeid:bigint,bucketid:int,rowid:bigint>). Possible choices: _FUNC_(bigint)  _FUNC_(boolean)  _FUNC_(decimal(38,18))  _FUNC_(double)  _FUNC_(float)  _FUNC_(smallint)  _FUNC_(string)  _FUNC_(struct<bucketid:bigint,writeid:int,rowid:bigint>)  _FUNC_(timestamp)  _FUNC_(tinyint)  _FUNC_(void)  
	at org.apache.hadoop.hive.ql.exec.MethodUtils.getMethodInternal(MethodUtils.java:130)
	at org.apache.hadoop.hive.ql.exec.MethodUtils.getMethodInternal(MethodUtils.java:60)
	at org.apache.hadoop.hive.ql.exec.DefaultUDFMethodResolver.getEvalMethod(DefaultUDFMethodResolver.java:59)
	at org.apache.hadoop.hive.ql.udf.TimestampCastRestrictorResolver.getEvalMethod(TimestampCastRestrictorResolver.java:68)
	at org.apache.hadoop.hive.ql.udf.generic.GenericUDFBridge.initialize(GenericUDFBridge.java:168)
	at org.apache.hadoop.hive.ql.udf.generic.GenericUDF.initializeAndFoldConstants(GenericUDF.java:149)
	at org.apache.hadoop.hive.ql.plan.ExprNodeGenericFuncDesc.newInstance(ExprNodeGenericFuncDesc.java:235)
	at org.apache.hadoop.hive.ql.parse.type.ExprNodeDescExprFactory.createFuncCallExpr(ExprNodeDescExprFactory.java:584)
	at org.apache.hadoop.hive.ql.parse.type.ExprNodeDescExprFactory.createFuncCallExpr(ExprNodeDescExprFactory.java:97)
	at org.apache.hadoop.hive.ql.parse.type.TypeCheckProcFactory$DefaultExprProcessor.getFuncExprNodeDescWithUdfData(TypeCheckProcFactory.java:762)
	at org.apache.hadoop.hive.ql.parse.type.TypeCheckProcFactory$DefaultExprProcessor.createConversionCast(TypeCheckProcFactory.java:783)
	at org.apache.hadoop.hive.ql.parse.SemanticAnalyzer.getPartitionColsFromBucketColsForUpdateDelete(SemanticAnalyzer.java:8725)
	at org.apache.hadoop.hive.ql.parse.SemanticAnalyzer.genBucketingSortingDest(SemanticAnalyzer.java:6914)
	at org.apache.hadoop.hive.ql.parse.SemanticAnalyzer.genFileSinkPlan(SemanticAnalyzer.java:7335)
	at org.apache.hadoop.hive.ql.parse.SemanticAnalyzer.genPostGroupByBodyPlan(SemanticAnalyzer.java:11063)
	at org.apache.hadoop.hive.ql.parse.SemanticAnalyzer.genBodyPlan(SemanticAnalyzer.java:10938)
	at org.apache.hadoop.hive.ql.parse.SemanticAnalyzer.genPlan(SemanticAnalyzer.java:11853)
	at org.apache.hadoop.hive.ql.parse.SemanticAnalyzer.genPlan(SemanticAnalyzer.java:11723)
	at org.apache.hadoop.hive.ql.parse.CalcitePlanner.genOPTree(CalcitePlanner.java:626)
	at org.apache.hadoop.hive.ql.parse.SemanticAnalyzer.analyzeInternal(SemanticAnalyzer.java:12558)
	at org.apache.hadoop.hive.ql.parse.CalcitePlanner.analyzeInternal(CalcitePlanner.java:456)
	at org.apache.hadoop.hive.ql.parse.RewriteSemanticAnalyzer.analyzeInternal(RewriteSemanticAnalyzer.java:67)
	at org.apache.hadoop.hive.ql.parse.BaseSemanticAnalyzer.analyze(BaseSemanticAnalyzer.java:317)
	at org.apache.hadoop.hive.ql.parse.UpdateDeleteSemanticAnalyzer.reparseAndSuperAnalyze(UpdateDeleteSemanticAnalyzer.java:208)
	at org.apache.hadoop.hive.ql.parse.UpdateDeleteSemanticAnalyzer.analyzeUpdate(UpdateDeleteSemanticAnalyzer.java:63)
	at org.apache.hadoop.hive.ql.parse.UpdateDeleteSemanticAnalyzer.analyze(UpdateDeleteSemanticAnalyzer.java:53)
	at org.apache.hadoop.hive.ql.parse.RewriteSemanticAnalyzer.analyzeInternal(RewriteSemanticAnalyzer.java:72)
	at org.apache.hadoop.hive.ql.parse.BaseSemanticAnalyzer.analyze(BaseSemanticAnalyzer.java:317)
	at org.apache.hadoop.hive.ql.parse.ExplainSemanticAnalyzer.analyzeInternal(ExplainSemanticAnalyzer.java:175)
	at org.apache.hadoop.hive.ql.parse.BaseSemanticAnalyzer.analyze(BaseSemanticAnalyzer.java:317)
	at org.apache.hadoop.hive.ql.Compiler.analyze(Compiler.java:223)
	at org.apache.hadoop.hive.ql.Compiler.compile(Compiler.java:105)
	at org.apache.hadoop.hive.ql.Driver.compile(Driver.java:500)
	at org.apache.hadoop.hive.ql.Driver.compileInternal(Driver.java:453)
	at org.apache.hadoop.hive.ql.Driver.runInternal(Driver.java:181)
	at org.apache.hadoop.hive.ql.Driver.run(Driver.java:153)
	at org.apache.hadoop.hive.ql.Driver.run(Driver.java:140)
	at org.apache.hadoop.hive.ql.TxnCommandsBaseForTests.runStatementOnDriver(TxnCommandsBaseForTests.java:245)
	at org.apache.hadoop.hive.ql.TestTxnNoBuckets.testNoBuckets(TestTxnNoBuckets.java:109)
	at sun.reflect.NativeMethodAccessorImpl.invoke0(Native Method)
	at sun.reflect.NativeMethodAccessorImpl.invoke(NativeMethodAccessorImpl.java:62)
	at sun.reflect.DelegatingMethodAccessorImpl.invoke(DelegatingMethodAccessorImpl.java:43)
	at java.lang.reflect.Method.invoke(Method.java:498)
	at org.junit.runners.model.FrameworkMethod$1.runReflectiveCall(FrameworkMethod.java:59)
	at org.junit.internal.runners.model.ReflectiveCallable.run(ReflectiveCallable.java:12)
	at org.junit.runners.model.FrameworkMethod.invokeExplosively(FrameworkMethod.java:56)
	at org.junit.internal.runners.statements.InvokeMethod.evaluate(InvokeMethod.java:17)
	at org.junit.internal.runners.statements.RunBefores.evaluate(RunBefores.java:26)
	at org.junit.internal.runners.statements.RunAfters.evaluate(RunAfters.java:27)
	at org.junit.rules.TestWatcher$1.evaluate(TestWatcher.java:61)
	at org.junit.runners.ParentRunner$3.evaluate(ParentRunner.java:306)
	at org.junit.runners.BlockJUnit4ClassRunner$1.evaluate(BlockJUnit4ClassRunner.java:100)
	at org.junit.runners.ParentRunner.runLeaf(ParentRunner.java:366)
	at org.junit.runners.BlockJUnit4ClassRunner.runChild(BlockJUnit4ClassRunner.java:103)
	at org.junit.runners.BlockJUnit4ClassRunner.runChild(BlockJUnit4ClassRunner.java:63)
	at org.junit.runners.ParentRunner$4.run(ParentRunner.java:331)
	at org.junit.runners.ParentRunner$1.schedule(ParentRunner.java:79)
	at org.junit.runners.ParentRunner.runChildren(ParentRunner.java:329)
	at org.junit.runners.ParentRunner.access$100(ParentRunner.java:66)
	at org.junit.runners.ParentRunner$2.evaluate(ParentRunner.java:293)
	at org.junit.runners.ParentRunner$3.evaluate(ParentRunner.java:306)
	at org.junit.runners.ParentRunner.run(ParentRunner.java:413)
	at org.junit.runner.JUnitCore.run(JUnitCore.java:137)
	at org.junit.runner.JUnitCore.run(JUnitCore.java:115)
	at org.junit.vintage.engine.execution.RunnerExecutor.execute(RunnerExecutor.java:43)
	at java.util.stream.ForEachOps$ForEachOp$OfRef.accept(ForEachOps.java:183)
	at java.util.stream.ReferencePipeline$3$1.accept(ReferencePipeline.java:193)
	at java.util.Iterator.forEachRemaining(Iterator.java:116)
	at java.util.Spliterators$IteratorSpliterator.forEachRemaining(Spliterators.java:1801)
	at java.util.stream.AbstractPipeline.copyInto(AbstractPipeline.java:482)
	at java.util.stream.AbstractPipeline.wrapAndCopyInto(AbstractPipeline.java:472)
	at java.util.stream.ForEachOps$ForEachOp.evaluateSequential(ForEachOps.java:150)
	at java.util.stream.ForEachOps$ForEachOp$OfRef.evaluateSequential(ForEachOps.java:173)
	at java.util.stream.AbstractPipeline.evaluate(AbstractPipeline.java:234)
	at java.util.stream.ReferencePipeline.forEach(ReferencePipeline.java:485)
	at org.junit.vintage.engine.VintageTestEngine.executeAllChildren(VintageTestEngine.java:82)
	at org.junit.vintage.engine.VintageTestEngine.execute(VintageTestEngine.java:73)
	at org.junit.platform.launcher.core.DefaultLauncher.execute(DefaultLauncher.java:248)
	at org.junit.platform.launcher.core.DefaultLauncher.lambda$execute$5(DefaultLauncher.java:211)
	at org.junit.platform.launcher.core.DefaultLauncher.withInterceptedStreams(DefaultLauncher.java:226)
	at org.junit.platform.launcher.core.DefaultLauncher.execute(DefaultLauncher.java:199)
	at org.junit.platform.launcher.core.DefaultLauncher.execute(DefaultLauncher.java:132)
	at org.apache.maven.surefire.junitplatform.JUnitPlatformProvider.invokeAllTests(JUnitPlatformProvider.java:154)
	at org.apache.maven.surefire.junitplatform.JUnitPlatformProvider.invoke(JUnitPlatformProvider.java:123)
	at org.apache.maven.surefire.booter.ForkedBooter.runSuitesInProcess(ForkedBooter.java:377)
	at org.apache.maven.surefire.booter.ForkedBooter.execute(ForkedBooter.java:138)
	at org.apache.maven.surefire.booter.ForkedBooter.run(ForkedBooter.java:465)
	at org.apache.maven.surefire.booter.ForkedBooter.main(ForkedBooter.java:451)

2024-04-23T21:16:36,604  INFO [main] metadata.Hive: Dumping metastore api call timing information for : compilation phase
2024-04-23T21:16:36,604  INFO [main] metadata.Hive: Total time spent in each metastore function (ms): {getAllTableConstraints_(AllTableConstraintsRequest)=5, getCheckConstraints_(CheckConstraintsRequest)=2, isCompatibleWith_(Configuration)=0, getValidTxns_(long)=1, commitTxn_(CommitTxnRequest)=9, getNotNullConstraints_(NotNullConstraintsRequest)=1, getTableColumnStatistics_(String, String, List, String)=8, getTable_(GetTableRequest)=34, flushCache_()=0, getValidWriteIds_(List, String)=4, openTxn_(String, TxnType)=2}
2024-04-23T21:16:36,604  INFO [main] ql.Driver: Completed compiling command(queryId=alex_20240423211636_42db1213-e0ef-4481-b218-5f76b06b2d9d); Time taken: 0.184 seconds
2024-04-23T21:16:36,604  INFO [main] lockmgr.DbTxnManager: Stopped heartbeat for query: null
2024-04-23T21:16:36,608  INFO [main] txn.TxnHandler: Removed transactions: ([21]) from MIN_HISTORY_LEVEL
2024-04-23T21:16:36,616  INFO [main] ql.TxnCommandsBaseForTests: Running the query: drop table if exists acidTbl
2024-04-23T21:16:36,616  INFO [main] ql.Driver: Compiling command(queryId=alex_20240423211636_5b65f628-dc8e-4f2c-9917-ed702df37f7b): drop table if exists acidTbl
2024-04-23T21:16:36,619  INFO [main] txn.TxnHandler: Added entries to MIN_HISTORY_LEVEL for current txns: ([22]) with min_open_txn: 21
2024-04-23T21:16:36,619  INFO [main] lockmgr.DbTxnManager: Opened txnid:22
2024-04-23T21:16:36,620  INFO [main] HiveMetaStore.audit: ugi=alex	ip=unknown-ip-addr	cmd=get_table : tbl=hive.default.acidTbl	
2024-04-23T21:16:36,627  INFO [main] metastore.HMSHandler: Skipping translation for processor with null
2024-04-23T21:16:36,627  INFO [main] ql.Driver: Semantic Analysis Completed (retrial = false)
2024-04-23T21:16:36,627  INFO [main] ql.Driver: Created Hive schema: Schema(fieldSchemas:null, properties:null)
2024-04-23T21:16:36,628  INFO [main] metadata.Hive: Dumping metastore api call timing information for : compilation phase
2024-04-23T21:16:36,628  INFO [main] metadata.Hive: Total time spent in each metastore function (ms): {flushCache_()=0, isCompatibleWith_(Configuration)=0, getValidTxns_(long)=0, rollbackTxn_(long)=11, openTxn_(String, TxnType)=2, getTable_(GetTableRequest)=7}
2024-04-23T21:16:36,628  INFO [main] ql.Driver: Completed compiling command(queryId=alex_20240423211636_5b65f628-dc8e-4f2c-9917-ed702df37f7b); Time taken: 0.011 seconds
2024-04-23T21:16:36,628  INFO [main] lockmgr.DbTxnManager: Setting lock request transaction to txnid:22 for queryId=alex_20240423211636_5b65f628-dc8e-4f2c-9917-ed702df37f7b
2024-04-23T21:16:36,628  INFO [main] lockmgr.DbLockManager: Requesting lock for queryId=alex_20240423211636_5b65f628-dc8e-4f2c-9917-ed702df37f7b
2024-04-23T21:16:36,647  INFO [main] lockmgr.DbLockManager: Response to queryId=alex_20240423211636_5b65f628-dc8e-4f2c-9917-ed702df37f7b LockResponse(lockid:15, state:ACQUIRED)
2024-04-23T21:16:36,647  INFO [main] ql.Driver: Operation DROPTABLE obtained 1 locks
2024-04-23T21:16:36,647  INFO [main] ql.Driver: Executing command(queryId=alex_20240423211636_5b65f628-dc8e-4f2c-9917-ed702df37f7b): drop table if exists acidTbl
2024-04-23T21:16:36,647  INFO [main] ql.Driver: Starting task [Stage-0:DDL] in serial mode
2024-04-23T21:16:36,647  INFO [main] HiveMetaStore.audit: ugi=alex	ip=unknown-ip-addr	cmd=get_table : tbl=hive.default.acidTbl	
2024-04-23T21:16:36,657  INFO [main] metastore.HMSHandler: Skipping translation for processor with null
2024-04-23T21:16:36,658  INFO [main] HiveMetaStore.audit: ugi=alex	ip=unknown-ip-addr	cmd=get_table : tbl=hive.default.acidTbl	
2024-04-23T21:16:36,664  INFO [main] metastore.HMSHandler: Skipping translation for processor with null
2024-04-23T21:16:36,665  INFO [main] HiveMetaStore.audit: ugi=alex	ip=unknown-ip-addr	cmd=drop_table : tbl=hive.default.acidTbl	
2024-04-23T21:16:36,752  INFO [main] metadata.Hive: Dumping metastore api call timing information for : execution phase
2024-04-23T21:16:36,752  INFO [main] metadata.Hive: Total time spent in each metastore function (ms): {dropTable_(String, String, boolean, boolean, boolean)=95, getTable_(GetTableRequest)=10, isCompatibleWith_(Configuration)=0}
2024-04-23T21:16:36,753  INFO [main] ql.Driver: Completed executing command(queryId=alex_20240423211636_5b65f628-dc8e-4f2c-9917-ed702df37f7b); Time taken: 0.105 seconds
2024-04-23T21:16:36,753  INFO [main] lockmgr.DbTxnManager: Stopped heartbeat for query: alex_20240423211636_5b65f628-dc8e-4f2c-9917-ed702df37f7b
2024-04-23T21:16:36,756  INFO [main] txn.TxnHandler: Expected to move at least one record from txn_components to completed_txn_components when committing txn! txnid:22
2024-04-23T21:16:36,761  INFO [main] txn.TxnHandler: Removed transactions: ([22]) from MIN_HISTORY_LEVEL
2024-04-23T21:16:36,761  WARN [main] txn.CompactionTxnHandler: No compaction queue record found for Compaction type transaction commit. txnId:22
2024-04-23T21:16:36,762  INFO [main] ql.TxnCommandsBaseForTests: Running the query: drop table if exists acidTblPart
2024-04-23T21:16:36,762  INFO [main] ql.Driver: Compiling command(queryId=alex_20240423211636_f9a67e4a-c65f-4db4-a1db-b6c61461c59f): drop table if exists acidTblPart
2024-04-23T21:16:36,765  INFO [main] txn.TxnHandler: Added entries to MIN_HISTORY_LEVEL for current txns: ([23]) with min_open_txn: 21
2024-04-23T21:16:36,765  INFO [main] lockmgr.DbTxnManager: Opened txnid:23
2024-04-23T21:16:36,766  INFO [main] HiveMetaStore.audit: ugi=alex	ip=unknown-ip-addr	cmd=get_table : tbl=hive.default.acidTblPart	
2024-04-23T21:16:36,782  INFO [main] metastore.HMSHandler: Skipping translation for processor with null
2024-04-23T21:16:36,782  INFO [main] ql.Driver: Semantic Analysis Completed (retrial = false)
2024-04-23T21:16:36,782  INFO [main] ql.Driver: Created Hive schema: Schema(fieldSchemas:null, properties:null)
2024-04-23T21:16:36,783  INFO [main] metadata.Hive: Dumping metastore api call timing information for : compilation phase
2024-04-23T21:16:36,783  INFO [main] metadata.Hive: Total time spent in each metastore function (ms): {getTable_(GetTableRequest)=16, isCompatibleWith_(Configuration)=1, commitTxn_(CommitTxnRequest)=8, openTxn_(String, TxnType)=2, flushCache_()=1, getValidTxns_(long)=0}
2024-04-23T21:16:36,783  INFO [main] ql.Driver: Completed compiling command(queryId=alex_20240423211636_f9a67e4a-c65f-4db4-a1db-b6c61461c59f); Time taken: 0.021 seconds
2024-04-23T21:16:36,783  INFO [main] lockmgr.DbTxnManager: Setting lock request transaction to txnid:23 for queryId=alex_20240423211636_f9a67e4a-c65f-4db4-a1db-b6c61461c59f
2024-04-23T21:16:36,784  INFO [main] lockmgr.DbLockManager: Requesting lock for queryId=alex_20240423211636_f9a67e4a-c65f-4db4-a1db-b6c61461c59f
2024-04-23T21:16:36,797  INFO [main] lockmgr.DbLockManager: Response to queryId=alex_20240423211636_f9a67e4a-c65f-4db4-a1db-b6c61461c59f LockResponse(lockid:16, state:ACQUIRED)
2024-04-23T21:16:36,797  INFO [main] ql.Driver: Operation DROPTABLE obtained 1 locks
2024-04-23T21:16:36,797  INFO [main] ql.Driver: Executing command(queryId=alex_20240423211636_f9a67e4a-c65f-4db4-a1db-b6c61461c59f): drop table if exists acidTblPart
2024-04-23T21:16:36,797  INFO [main] ql.Driver: Starting task [Stage-0:DDL] in serial mode
2024-04-23T21:16:36,797  INFO [main] HiveMetaStore.audit: ugi=alex	ip=unknown-ip-addr	cmd=get_table : tbl=hive.default.acidTblPart	
2024-04-23T21:16:36,804  INFO [main] metastore.HMSHandler: Skipping translation for processor with null
2024-04-23T21:16:36,804  INFO [main] HiveMetaStore.audit: ugi=alex	ip=unknown-ip-addr	cmd=get_table : tbl=hive.default.acidTblPart	
2024-04-23T21:16:36,810  INFO [main] metastore.HMSHandler: Skipping translation for processor with null
2024-04-23T21:16:36,810  INFO [main] HiveMetaStore.audit: ugi=alex	ip=unknown-ip-addr	cmd=drop_table : tbl=hive.default.acidTblPart	
2024-04-23T21:16:36,849  INFO [main] metadata.Hive: Dumping metastore api call timing information for : execution phase
2024-04-23T21:16:36,849  INFO [main] metadata.Hive: Total time spent in each metastore function (ms): {dropTable_(String, String, boolean, boolean, boolean)=45, isCompatibleWith_(Configuration)=0, getTable_(GetTableRequest)=7}
2024-04-23T21:16:36,849  INFO [main] ql.Driver: Completed executing command(queryId=alex_20240423211636_f9a67e4a-c65f-4db4-a1db-b6c61461c59f); Time taken: 0.052 seconds
2024-04-23T21:16:36,849  INFO [main] lockmgr.DbTxnManager: Stopped heartbeat for query: alex_20240423211636_f9a67e4a-c65f-4db4-a1db-b6c61461c59f
2024-04-23T21:16:36,853  INFO [main] txn.TxnHandler: Expected to move at least one record from txn_components to completed_txn_components when committing txn! txnid:23
2024-04-23T21:16:36,858  INFO [main] txn.TxnHandler: Removed transactions: ([23]) from MIN_HISTORY_LEVEL
2024-04-23T21:16:36,858  WARN [main] txn.CompactionTxnHandler: No compaction queue record found for Compaction type transaction commit. txnId:23
2024-04-23T21:16:36,858  INFO [main] ql.TxnCommandsBaseForTests: Running the query: drop table if exists acidTbl2
2024-04-23T21:16:36,859  INFO [main] ql.Driver: Compiling command(queryId=alex_20240423211636_51da619f-3120-44c4-b97f-39622f0b3aaf): drop table if exists acidTbl2
2024-04-23T21:16:36,861  INFO [main] txn.TxnHandler: Added entries to MIN_HISTORY_LEVEL for current txns: ([24]) with min_open_txn: 21
2024-04-23T21:16:36,861  INFO [main] lockmgr.DbTxnManager: Opened txnid:24
2024-04-23T21:16:36,862  INFO [main] ql.Driver: Semantic Analysis Completed (retrial = false)
2024-04-23T21:16:36,862  INFO [main] ql.Driver: Created Hive schema: Schema(fieldSchemas:null, properties:null)
2024-04-23T21:16:36,862  INFO [main] metadata.Hive: Dumping metastore api call timing information for : compilation phase
2024-04-23T21:16:36,862  INFO [main] metadata.Hive: Total time spent in each metastore function (ms): {isCompatibleWith_(Configuration)=1, flushCache_()=0, commitTxn_(CommitTxnRequest)=9, getValidTxns_(long)=0, openTxn_(String, TxnType)=2, getTable_(GetTableRequest)=0}
2024-04-23T21:16:36,863  INFO [main] ql.Driver: Completed compiling command(queryId=alex_20240423211636_51da619f-3120-44c4-b97f-39622f0b3aaf); Time taken: 0.003 seconds
2024-04-23T21:16:36,863  INFO [main] lockmgr.DbTxnManager: Setting lock request transaction to txnid:24 for queryId=alex_20240423211636_51da619f-3120-44c4-b97f-39622f0b3aaf
2024-04-23T21:16:36,863  INFO [main] ql.Driver: Operation DROPTABLE obtained 0 locks
2024-04-23T21:16:36,863  INFO [main] ql.Driver: Executing command(queryId=alex_20240423211636_51da619f-3120-44c4-b97f-39622f0b3aaf): drop table if exists acidTbl2
2024-04-23T21:16:36,863  INFO [main] ql.Driver: Starting task [Stage-0:DDL] in serial mode
2024-04-23T21:16:36,863  INFO [main] metadata.SessionHiveMetaStoreClient: Column stats doesn't exist for db=default temp table=acidTbl2
2024-04-23T21:16:36,864  INFO [main] metadata.Hive: Dumping metastore api call timing information for : execution phase
2024-04-23T21:16:36,864  INFO [main] metadata.Hive: Total time spent in each metastore function (ms): {isCompatibleWith_(Configuration)=0, getTable_(GetTableRequest)=0, dropTable_(String, String, boolean, boolean, boolean)=1}
2024-04-23T21:16:36,864  INFO [main] ql.Driver: Completed executing command(queryId=alex_20240423211636_51da619f-3120-44c4-b97f-39622f0b3aaf); Time taken: 0.001 seconds
2024-04-23T21:16:36,864  INFO [main] lockmgr.DbTxnManager: Stopped heartbeat for query: alex_20240423211636_51da619f-3120-44c4-b97f-39622f0b3aaf
2024-04-23T21:16:36,869  INFO [main] txn.TxnHandler: Expected to move at least one record from txn_components to completed_txn_components when committing txn! txnid:24
2024-04-23T21:16:36,874  INFO [main] txn.TxnHandler: Removed transactions: ([24]) from MIN_HISTORY_LEVEL
2024-04-23T21:16:36,874  WARN [main] txn.CompactionTxnHandler: No compaction queue record found for Compaction type transaction commit. txnId:24
2024-04-23T21:16:36,875  INFO [main] ql.TxnCommandsBaseForTests: Running the query: drop table if exists nonAcidOrcTbl
2024-04-23T21:16:36,875  INFO [main] ql.Driver: Compiling command(queryId=alex_20240423211636_8c977d7b-cd14-4c27-ad27-371fe93bb7b8): drop table if exists nonAcidOrcTbl
2024-04-23T21:16:36,877  INFO [main] txn.TxnHandler: Added entries to MIN_HISTORY_LEVEL for current txns: ([25]) with min_open_txn: 21
2024-04-23T21:16:36,877  INFO [main] lockmgr.DbTxnManager: Opened txnid:25
2024-04-23T21:16:36,878  INFO [main] HiveMetaStore.audit: ugi=alex	ip=unknown-ip-addr	cmd=get_table : tbl=hive.default.nonAcidOrcTbl	
2024-04-23T21:16:36,895  INFO [main] metastore.HMSHandler: Skipping translation for processor with null
2024-04-23T21:16:36,895  INFO [main] ql.Driver: Semantic Analysis Completed (retrial = false)
2024-04-23T21:16:36,895  INFO [main] ql.Driver: Created Hive schema: Schema(fieldSchemas:null, properties:null)
2024-04-23T21:16:36,895  INFO [main] metadata.Hive: Dumping metastore api call timing information for : compilation phase
2024-04-23T21:16:36,895  INFO [main] metadata.Hive: Total time spent in each metastore function (ms): {getValidTxns_(long)=1, getTable_(GetTableRequest)=17, commitTxn_(CommitTxnRequest)=10, isCompatibleWith_(Configuration)=0, openTxn_(String, TxnType)=2, flushCache_()=0}
2024-04-23T21:16:36,896  INFO [main] ql.Driver: Completed compiling command(queryId=alex_20240423211636_8c977d7b-cd14-4c27-ad27-371fe93bb7b8); Time taken: 0.02 seconds
2024-04-23T21:16:36,896  INFO [main] lockmgr.DbTxnManager: Setting lock request transaction to txnid:25 for queryId=alex_20240423211636_8c977d7b-cd14-4c27-ad27-371fe93bb7b8
2024-04-23T21:16:36,896  INFO [main] lockmgr.DbLockManager: Requesting lock for queryId=alex_20240423211636_8c977d7b-cd14-4c27-ad27-371fe93bb7b8
2024-04-23T21:16:36,909  INFO [main] lockmgr.DbLockManager: Response to queryId=alex_20240423211636_8c977d7b-cd14-4c27-ad27-371fe93bb7b8 LockResponse(lockid:17, state:ACQUIRED)
2024-04-23T21:16:36,909  INFO [main] ql.Driver: Operation DROPTABLE obtained 1 locks
2024-04-23T21:16:36,909  INFO [main] ql.Driver: Executing command(queryId=alex_20240423211636_8c977d7b-cd14-4c27-ad27-371fe93bb7b8): drop table if exists nonAcidOrcTbl
2024-04-23T21:16:36,909  INFO [main] ql.Driver: Starting task [Stage-0:DDL] in serial mode
2024-04-23T21:16:36,909  INFO [main] HiveMetaStore.audit: ugi=alex	ip=unknown-ip-addr	cmd=get_table : tbl=hive.default.nonAcidOrcTbl	
2024-04-23T21:16:36,917  INFO [main] metastore.HMSHandler: Skipping translation for processor with null
2024-04-23T21:16:36,917  INFO [main] HiveMetaStore.audit: ugi=alex	ip=unknown-ip-addr	cmd=get_table : tbl=hive.default.nonAcidOrcTbl	
2024-04-23T21:16:36,924  INFO [main] metastore.HMSHandler: Skipping translation for processor with null
2024-04-23T21:16:36,924  INFO [main] HiveMetaStore.audit: ugi=alex	ip=unknown-ip-addr	cmd=drop_table : tbl=hive.default.nonAcidOrcTbl	
2024-04-23T21:16:37,002  INFO [main] metadata.Hive: Dumping metastore api call timing information for : execution phase
2024-04-23T21:16:37,002  INFO [main] metadata.Hive: Total time spent in each metastore function (ms): {getTable_(GetTableRequest)=8, dropTable_(String, String, boolean, boolean, boolean)=84, isCompatibleWith_(Configuration)=0}
2024-04-23T21:16:37,002  INFO [main] ql.Driver: Completed executing command(queryId=alex_20240423211636_8c977d7b-cd14-4c27-ad27-371fe93bb7b8); Time taken: 0.093 seconds
2024-04-23T21:16:37,002  INFO [main] lockmgr.DbTxnManager: Stopped heartbeat for query: alex_20240423211636_8c977d7b-cd14-4c27-ad27-371fe93bb7b8
2024-04-23T21:16:37,005  INFO [main] txn.TxnHandler: Expected to move at least one record from txn_components to completed_txn_components when committing txn! txnid:25
2024-04-23T21:16:37,010  INFO [main] txn.TxnHandler: Removed transactions: ([25]) from MIN_HISTORY_LEVEL
2024-04-23T21:16:37,010  WARN [main] txn.CompactionTxnHandler: No compaction queue record found for Compaction type transaction commit. txnId:25
2024-04-23T21:16:37,011  INFO [main] ql.TxnCommandsBaseForTests: Running the query: drop table if exists nonAcidOrcTbl2
2024-04-23T21:16:37,011  INFO [main] ql.Driver: Compiling command(queryId=alex_20240423211637_fa157799-89da-4def-b043-828dd9bd1a0e): drop table if exists nonAcidOrcTbl2
2024-04-23T21:16:37,013  INFO [main] txn.TxnHandler: Added entries to MIN_HISTORY_LEVEL for current txns: ([26]) with min_open_txn: 21
2024-04-23T21:16:37,014  INFO [main] lockmgr.DbTxnManager: Opened txnid:26
2024-04-23T21:16:37,014  INFO [main] HiveMetaStore.audit: ugi=alex	ip=unknown-ip-addr	cmd=get_table : tbl=hive.default.nonAcidOrcTbl2	
2024-04-23T21:16:37,022  INFO [main] metastore.HMSHandler: Skipping translation for processor with null
2024-04-23T21:16:37,022  INFO [main] ql.Driver: Semantic Analysis Completed (retrial = false)
2024-04-23T21:16:37,022  INFO [main] ql.Driver: Created Hive schema: Schema(fieldSchemas:null, properties:null)
2024-04-23T21:16:37,022  INFO [main] metadata.Hive: Dumping metastore api call timing information for : compilation phase
2024-04-23T21:16:37,022  INFO [main] metadata.Hive: Total time spent in each metastore function (ms): {flushCache_()=0, commitTxn_(CommitTxnRequest)=9, getValidTxns_(long)=0, getTable_(GetTableRequest)=8, openTxn_(String, TxnType)=2, isCompatibleWith_(Configuration)=0}
2024-04-23T21:16:37,023  INFO [main] ql.Driver: Completed compiling command(queryId=alex_20240423211637_fa157799-89da-4def-b043-828dd9bd1a0e); Time taken: 0.011 seconds
2024-04-23T21:16:37,023  INFO [main] lockmgr.DbTxnManager: Setting lock request transaction to txnid:26 for queryId=alex_20240423211637_fa157799-89da-4def-b043-828dd9bd1a0e
2024-04-23T21:16:37,023  INFO [main] lockmgr.DbLockManager: Requesting lock for queryId=alex_20240423211637_fa157799-89da-4def-b043-828dd9bd1a0e
2024-04-23T21:16:37,036  INFO [main] lockmgr.DbLockManager: Response to queryId=alex_20240423211637_fa157799-89da-4def-b043-828dd9bd1a0e LockResponse(lockid:18, state:ACQUIRED)
2024-04-23T21:16:37,036  INFO [main] ql.Driver: Operation DROPTABLE obtained 1 locks
2024-04-23T21:16:37,036  INFO [main] ql.Driver: Executing command(queryId=alex_20240423211637_fa157799-89da-4def-b043-828dd9bd1a0e): drop table if exists nonAcidOrcTbl2
2024-04-23T21:16:37,036  INFO [main] ql.Driver: Starting task [Stage-0:DDL] in serial mode
2024-04-23T21:16:37,036  INFO [main] HiveMetaStore.audit: ugi=alex	ip=unknown-ip-addr	cmd=get_table : tbl=hive.default.nonAcidOrcTbl2	
2024-04-23T21:16:37,044  INFO [main] metastore.HMSHandler: Skipping translation for processor with null
2024-04-23T21:16:37,044  INFO [main] HiveMetaStore.audit: ugi=alex	ip=unknown-ip-addr	cmd=get_table : tbl=hive.default.nonAcidOrcTbl2	
2024-04-23T21:16:37,053  INFO [main] metastore.HMSHandler: Skipping translation for processor with null
2024-04-23T21:16:37,053  INFO [main] HiveMetaStore.audit: ugi=alex	ip=unknown-ip-addr	cmd=drop_table : tbl=hive.default.nonAcidOrcTbl2	
2024-04-23T21:16:37,083  INFO [main] metadata.Hive: Dumping metastore api call timing information for : execution phase
2024-04-23T21:16:37,084  INFO [main] metadata.Hive: Total time spent in each metastore function (ms): {isCompatibleWith_(Configuration)=0, getTable_(GetTableRequest)=8, dropTable_(String, String, boolean, boolean, boolean)=39}
2024-04-23T21:16:37,084  INFO [main] ql.Driver: Completed executing command(queryId=alex_20240423211637_fa157799-89da-4def-b043-828dd9bd1a0e); Time taken: 0.047 seconds
2024-04-23T21:16:37,084  INFO [main] lockmgr.DbTxnManager: Stopped heartbeat for query: alex_20240423211637_fa157799-89da-4def-b043-828dd9bd1a0e
2024-04-23T21:16:37,088  INFO [main] txn.TxnHandler: Expected to move at least one record from txn_components to completed_txn_components when committing txn! txnid:26
2024-04-23T21:16:37,095  INFO [main] txn.TxnHandler: Removed transactions: ([26]) from MIN_HISTORY_LEVEL
2024-04-23T21:16:37,095  WARN [main] txn.CompactionTxnHandler: No compaction queue record found for Compaction type transaction commit. txnId:26
2024-04-23T21:16:37,095  INFO [main] ql.TxnCommandsBaseForTests: Running the query: drop table if exists nonAcidNonBucket
2024-04-23T21:16:37,096  INFO [main] ql.Driver: Compiling command(queryId=alex_20240423211637_fa9eedab-bc74-43e7-a3ff-a03d75b73808): drop table if exists nonAcidNonBucket
2024-04-23T21:16:37,098  INFO [main] txn.TxnHandler: Added entries to MIN_HISTORY_LEVEL for current txns: ([27]) with min_open_txn: 21
2024-04-23T21:16:37,098  INFO [main] lockmgr.DbTxnManager: Opened txnid:27
2024-04-23T21:16:37,099  INFO [main] HiveMetaStore.audit: ugi=alex	ip=unknown-ip-addr	cmd=get_table : tbl=hive.default.nonAcidNonBucket	
2024-04-23T21:16:37,108  INFO [main] metastore.HMSHandler: Skipping translation for processor with null
2024-04-23T21:16:37,108  INFO [main] ql.Driver: Semantic Analysis Completed (retrial = false)
2024-04-23T21:16:37,109  INFO [main] ql.Driver: Created Hive schema: Schema(fieldSchemas:null, properties:null)
2024-04-23T21:16:37,109  INFO [main] metadata.Hive: Dumping metastore api call timing information for : compilation phase
2024-04-23T21:16:37,109  INFO [main] metadata.Hive: Total time spent in each metastore function (ms): {getValidTxns_(long)=0, openTxn_(String, TxnType)=2, flushCache_()=0, getTable_(GetTableRequest)=9, isCompatibleWith_(Configuration)=0, commitTxn_(CommitTxnRequest)=11}
2024-04-23T21:16:37,109  INFO [main] ql.Driver: Completed compiling command(queryId=alex_20240423211637_fa9eedab-bc74-43e7-a3ff-a03d75b73808); Time taken: 0.013 seconds
2024-04-23T21:16:37,109  INFO [main] lockmgr.DbTxnManager: Setting lock request transaction to txnid:27 for queryId=alex_20240423211637_fa9eedab-bc74-43e7-a3ff-a03d75b73808
2024-04-23T21:16:37,110  INFO [main] lockmgr.DbLockManager: Requesting lock for queryId=alex_20240423211637_fa9eedab-bc74-43e7-a3ff-a03d75b73808
2024-04-23T21:16:37,124  INFO [main] lockmgr.DbLockManager: Response to queryId=alex_20240423211637_fa9eedab-bc74-43e7-a3ff-a03d75b73808 LockResponse(lockid:19, state:ACQUIRED)
2024-04-23T21:16:37,124  INFO [main] ql.Driver: Operation DROPTABLE obtained 1 locks
2024-04-23T21:16:37,124  INFO [main] ql.Driver: Executing command(queryId=alex_20240423211637_fa9eedab-bc74-43e7-a3ff-a03d75b73808): drop table if exists nonAcidNonBucket
2024-04-23T21:16:37,124  INFO [main] ql.Driver: Starting task [Stage-0:DDL] in serial mode
2024-04-23T21:16:37,125  INFO [main] HiveMetaStore.audit: ugi=alex	ip=unknown-ip-addr	cmd=get_table : tbl=hive.default.nonAcidNonBucket	
2024-04-23T21:16:37,134  INFO [main] metastore.HMSHandler: Skipping translation for processor with null
2024-04-23T21:16:37,135  INFO [main] HiveMetaStore.audit: ugi=alex	ip=unknown-ip-addr	cmd=get_table : tbl=hive.default.nonAcidNonBucket	
2024-04-23T21:16:37,144  INFO [main] metastore.HMSHandler: Skipping translation for processor with null
2024-04-23T21:16:37,144  INFO [main] HiveMetaStore.audit: ugi=alex	ip=unknown-ip-addr	cmd=drop_table : tbl=hive.default.nonAcidNonBucket	
2024-04-23T21:16:37,174  INFO [main] metadata.Hive: Dumping metastore api call timing information for : execution phase
2024-04-23T21:16:37,175  INFO [main] metadata.Hive: Total time spent in each metastore function (ms): {getTable_(GetTableRequest)=10, dropTable_(String, String, boolean, boolean, boolean)=40, isCompatibleWith_(Configuration)=0}
2024-04-23T21:16:37,175  INFO [main] ql.Driver: Completed executing command(queryId=alex_20240423211637_fa9eedab-bc74-43e7-a3ff-a03d75b73808); Time taken: 0.05 seconds
2024-04-23T21:16:37,175  INFO [main] lockmgr.DbTxnManager: Stopped heartbeat for query: alex_20240423211637_fa9eedab-bc74-43e7-a3ff-a03d75b73808
2024-04-23T21:16:37,179  INFO [main] txn.TxnHandler: Expected to move at least one record from txn_components to completed_txn_components when committing txn! txnid:27
2024-04-23T21:16:37,185  INFO [main] txn.TxnHandler: Removed transactions: ([27]) from MIN_HISTORY_LEVEL
2024-04-23T21:16:37,185  WARN [main] txn.CompactionTxnHandler: No compaction queue record found for Compaction type transaction commit. txnId:27
2024-04-23T21:16:37,185  INFO [main] utils.TestTxnDbUtil: Cleaning transactional tables
]]></system-err>
  </testcase>
  <testcase name="testCtasEmpty" classname="org.apache.hadoop.hive.ql.TestTxnNoBuckets" time="4.245"/>
  <testcase name="testNonAcidToAcidVectorzied" classname="org.apache.hadoop.hive.ql.TestTxnNoBuckets" time="9.837">
    <error type="java.lang.RuntimeException"><![CDATA[java.lang.RuntimeException: update T set b = 17 where a = 1 failed: (responseCode = 40000, errorMessage = FAILED: NoMatchingMethodException No matching method for class org.apache.hadoop.hive.ql.udf.UDFToInteger with (struct<writeid:bigint,bucketid:int,rowid:bigint>). Possible choices: _FUNC_(bigint)  _FUNC_(boolean)  _FUNC_(decimal(38,18))  _FUNC_(double)  _FUNC_(float)  _FUNC_(smallint)  _FUNC_(string)  _FUNC_(struct<bucketid:bigint,writeid:int,rowid:bigint>)  _FUNC_(timestamp)  _FUNC_(tinyint)  _FUNC_(void)  , hiveErrorCode = 40000, SQLState = 42000, exception = No matching method for class org.apache.hadoop.hive.ql.udf.UDFToInteger with (struct<writeid:bigint,bucketid:int,rowid:bigint>). Possible choices: _FUNC_(bigint)  _FUNC_(boolean)  _FUNC_(decimal(38,18))  _FUNC_(double)  _FUNC_(float)  _FUNC_(smallint)  _FUNC_(string)  _FUNC_(struct<bucketid:bigint,writeid:int,rowid:bigint>)  _FUNC_(timestamp)  _FUNC_(tinyint)  _FUNC_(void)  )
	at org.apache.hadoop.hive.ql.TxnCommandsBaseForTests.runStatementOnDriver(TxnCommandsBaseForTests.java:247)
	at org.apache.hadoop.hive.ql.TestTxnNoBuckets.testNonAcidToAcidVectorzied(TestTxnNoBuckets.java:726)
	at sun.reflect.NativeMethodAccessorImpl.invoke0(Native Method)
	at sun.reflect.NativeMethodAccessorImpl.invoke(NativeMethodAccessorImpl.java:62)
	at sun.reflect.DelegatingMethodAccessorImpl.invoke(DelegatingMethodAccessorImpl.java:43)
	at java.lang.reflect.Method.invoke(Method.java:498)
	at org.junit.runners.model.FrameworkMethod$1.runReflectiveCall(FrameworkMethod.java:59)
	at org.junit.internal.runners.model.ReflectiveCallable.run(ReflectiveCallable.java:12)
	at org.junit.runners.model.FrameworkMethod.invokeExplosively(FrameworkMethod.java:56)
	at org.junit.internal.runners.statements.InvokeMethod.evaluate(InvokeMethod.java:17)
	at org.junit.internal.runners.statements.RunBefores.evaluate(RunBefores.java:26)
	at org.junit.internal.runners.statements.RunAfters.evaluate(RunAfters.java:27)
	at org.junit.rules.TestWatcher$1.evaluate(TestWatcher.java:61)
	at org.junit.runners.ParentRunner$3.evaluate(ParentRunner.java:306)
	at org.junit.runners.BlockJUnit4ClassRunner$1.evaluate(BlockJUnit4ClassRunner.java:100)
	at org.junit.runners.ParentRunner.runLeaf(ParentRunner.java:366)
	at org.junit.runners.BlockJUnit4ClassRunner.runChild(BlockJUnit4ClassRunner.java:103)
	at org.junit.runners.BlockJUnit4ClassRunner.runChild(BlockJUnit4ClassRunner.java:63)
	at org.junit.runners.ParentRunner$4.run(ParentRunner.java:331)
	at org.junit.runners.ParentRunner$1.schedule(ParentRunner.java:79)
	at org.junit.runners.ParentRunner.runChildren(ParentRunner.java:329)
	at org.junit.runners.ParentRunner.access$100(ParentRunner.java:66)
	at org.junit.runners.ParentRunner$2.evaluate(ParentRunner.java:293)
	at org.junit.runners.ParentRunner$3.evaluate(ParentRunner.java:306)
	at org.junit.runners.ParentRunner.run(ParentRunner.java:413)
	at org.junit.runner.JUnitCore.run(JUnitCore.java:137)
	at org.junit.runner.JUnitCore.run(JUnitCore.java:115)
	at org.junit.vintage.engine.execution.RunnerExecutor.execute(RunnerExecutor.java:43)
	at java.util.stream.ForEachOps$ForEachOp$OfRef.accept(ForEachOps.java:183)
	at java.util.stream.ReferencePipeline$3$1.accept(ReferencePipeline.java:193)
	at java.util.Iterator.forEachRemaining(Iterator.java:116)
	at java.util.Spliterators$IteratorSpliterator.forEachRemaining(Spliterators.java:1801)
	at java.util.stream.AbstractPipeline.copyInto(AbstractPipeline.java:482)
	at java.util.stream.AbstractPipeline.wrapAndCopyInto(AbstractPipeline.java:472)
	at java.util.stream.ForEachOps$ForEachOp.evaluateSequential(ForEachOps.java:150)
	at java.util.stream.ForEachOps$ForEachOp$OfRef.evaluateSequential(ForEachOps.java:173)
	at java.util.stream.AbstractPipeline.evaluate(AbstractPipeline.java:234)
	at java.util.stream.ReferencePipeline.forEach(ReferencePipeline.java:485)
	at org.junit.vintage.engine.VintageTestEngine.executeAllChildren(VintageTestEngine.java:82)
	at org.junit.vintage.engine.VintageTestEngine.execute(VintageTestEngine.java:73)
	at org.junit.platform.launcher.core.DefaultLauncher.execute(DefaultLauncher.java:248)
	at org.junit.platform.launcher.core.DefaultLauncher.lambda$execute$5(DefaultLauncher.java:211)
	at org.junit.platform.launcher.core.DefaultLauncher.withInterceptedStreams(DefaultLauncher.java:226)
	at org.junit.platform.launcher.core.DefaultLauncher.execute(DefaultLauncher.java:199)
	at org.junit.platform.launcher.core.DefaultLauncher.execute(DefaultLauncher.java:132)
	at org.apache.maven.surefire.junitplatform.JUnitPlatformProvider.invokeAllTests(JUnitPlatformProvider.java:154)
	at org.apache.maven.surefire.junitplatform.JUnitPlatformProvider.invoke(JUnitPlatformProvider.java:123)
	at org.apache.maven.surefire.booter.ForkedBooter.runSuitesInProcess(ForkedBooter.java:377)
	at org.apache.maven.surefire.booter.ForkedBooter.execute(ForkedBooter.java:138)
	at org.apache.maven.surefire.booter.ForkedBooter.run(ForkedBooter.java:465)
	at org.apache.maven.surefire.booter.ForkedBooter.main(ForkedBooter.java:451)
]]></error>
    <system-err><![CDATA[2024-04-23T21:16:41,489  WARN [main] conf.HiveConf: HiveConf of name hive.stats.key.prefix.reserve.length does not exist
2024-04-23T21:16:41,489  WARN [main] conf.HiveConf: HiveConf of name hive.metastore.metadb.dir does not exist
2024-04-23T21:16:41,489  WARN [main] conf.HiveConf: HiveConf of name hive.llap.io.cache.orc.alloc.max does not exist
2024-04-23T21:16:41,489  WARN [main] conf.HiveConf: HiveConf of name hive.dummyparam.test.server.specific.config.override does not exist
2024-04-23T21:16:41,489  WARN [main] conf.HiveConf: HiveConf of name hive.llap.io.cache.orc.alloc.min does not exist
2024-04-23T21:16:41,489  WARN [main] conf.HiveConf: HiveConf of name hive.llap.io.cache.orc.arena.size does not exist
2024-04-23T21:16:41,489  WARN [main] conf.HiveConf: HiveConf of name hive.llap.io.cache.orc.size does not exist
2024-04-23T21:16:41,489  WARN [main] conf.HiveConf: HiveConf of name hive.metastore.client.cache.recordStats does not exist
2024-04-23T21:16:41,490  WARN [main] conf.HiveConf: HiveConf of name hive.dummyparam.test.server.specific.config.hivesite does not exist
2024-04-23T21:16:41,490  WARN [main] conf.HiveConf: HiveConf of name hive.metastore.client.cache.maxSize does not exist
2024-04-23T21:16:41,490  WARN [main] conf.HiveConf: HiveConf of name hive.dummyparam.test.server.specific.config.metastoresite does not exist
2024-04-23T21:16:41,491  INFO [main] utils.TestTxnDbUtil: Creating transactional tables
Hive Session ID = df58eaf1-daa5-4565-87e2-2bd14a74e52d
2024-04-23T21:16:41,493  INFO [main] SessionState: Hive Session ID = df58eaf1-daa5-4565-87e2-2bd14a74e52d
ivysettings.xml file not found in HIVE_HOME or HIVE_CONF_DIR,/home/alex/Repositories/hive/conf/ivysettings.xml will be used
2024-04-23T21:16:41,494  INFO [main] DependencyResolver: ivysettings.xml file not found in HIVE_HOME or HIVE_CONF_DIR,/home/alex/Repositories/hive/conf/ivysettings.xml will be used
2024-04-23T21:16:41,499  INFO [main] session.SessionState: Created HDFS directory: /home/alex/Repositories/hive/ql/target/tmp/scratchdir/alex/df58eaf1-daa5-4565-87e2-2bd14a74e52d
2024-04-23T21:16:41,501  INFO [main] session.SessionState: Created local directory: /home/alex/Repositories/hive/ql/target/tmp/localscratchdir/df58eaf1-daa5-4565-87e2-2bd14a74e52d
2024-04-23T21:16:41,504  INFO [main] session.SessionState: Created HDFS directory: /home/alex/Repositories/hive/ql/target/tmp/scratchdir/alex/df58eaf1-daa5-4565-87e2-2bd14a74e52d/_tmp_space.db
2024-04-23T21:16:41,504  INFO [main] sqlstd.SQLStdHiveAccessController: Created SQLStdHiveAccessController for session context : HiveAuthzSessionContext [sessionString=df58eaf1-daa5-4565-87e2-2bd14a74e52d, clientType=HIVECLI]
2024-04-23T21:16:41,504  INFO [main] ql.TxnCommandsBaseForTests: Running the query: drop table if exists acidTbl
2024-04-23T21:16:41,505  INFO [main] ql.Driver: Compiling command(queryId=alex_20240423211641_a9938641-86aa-4879-8b94-a43d6d568030): drop table if exists acidTbl
2024-04-23T21:16:41,513  INFO [main] txn.TxnHandler: Added entries to MIN_HISTORY_LEVEL for current txns: ([1]) with min_open_txn: 1
2024-04-23T21:16:41,514  INFO [main] lockmgr.DbTxnManager: Opened txnid:1
2024-04-23T21:16:41,516  INFO [main] HiveMetaStore.audit: ugi=alex	ip=unknown-ip-addr	cmd=get_table : tbl=hive.default.acidTbl	
2024-04-23T21:16:41,524  INFO [main] ql.Driver: Semantic Analysis Completed (retrial = false)
2024-04-23T21:16:41,524  INFO [main] ql.Driver: Created Hive schema: Schema(fieldSchemas:null, properties:null)
2024-04-23T21:16:41,524  INFO [main] metadata.Hive: Dumping metastore api call timing information for : compilation phase
2024-04-23T21:16:41,524  INFO [main] metadata.Hive: Total time spent in each metastore function (ms): {openTxn_(String, TxnType)=9, flushCache_()=0, commitTxn_(CommitTxnRequest)=9, getValidTxns_(long)=1, isCompatibleWith_(Configuration)=0}
2024-04-23T21:16:41,524  INFO [main] ql.Driver: Completed compiling command(queryId=alex_20240423211641_a9938641-86aa-4879-8b94-a43d6d568030); Time taken: 0.019 seconds
2024-04-23T21:16:41,524  INFO [main] lockmgr.DbTxnManager: Setting lock request transaction to txnid:1 for queryId=alex_20240423211641_a9938641-86aa-4879-8b94-a43d6d568030
2024-04-23T21:16:41,524  INFO [main] ql.Driver: Operation DROPTABLE obtained 0 locks
2024-04-23T21:16:41,524  INFO [main] ql.Driver: Executing command(queryId=alex_20240423211641_a9938641-86aa-4879-8b94-a43d6d568030): drop table if exists acidTbl
2024-04-23T21:16:41,525  INFO [main] ql.Driver: Starting task [Stage-0:DDL] in serial mode
2024-04-23T21:16:41,525  INFO [main] HiveMetaStore.audit: ugi=alex	ip=unknown-ip-addr	cmd=get_table : tbl=hive.default.acidTbl	
2024-04-23T21:16:41,528  INFO [main] metadata.Hive: Dumping metastore api call timing information for : execution phase
2024-04-23T21:16:41,528  INFO [main] metadata.Hive: Total time spent in each metastore function (ms): {isCompatibleWith_(Configuration)=0}
2024-04-23T21:16:41,528  INFO [main] ql.Driver: Completed executing command(queryId=alex_20240423211641_a9938641-86aa-4879-8b94-a43d6d568030); Time taken: 0.004 seconds
2024-04-23T21:16:41,528  INFO [main] lockmgr.DbTxnManager: Stopped heartbeat for query: alex_20240423211641_a9938641-86aa-4879-8b94-a43d6d568030
2024-04-23T21:16:41,533  INFO [main] txn.TxnHandler: Expected to move at least one record from txn_components to completed_txn_components when committing txn! txnid:1
2024-04-23T21:16:41,538  INFO [main] txn.TxnHandler: Removed transactions: ([1]) from MIN_HISTORY_LEVEL
2024-04-23T21:16:41,538  WARN [main] txn.CompactionTxnHandler: No compaction queue record found for Compaction type transaction commit. txnId:1
2024-04-23T21:16:41,539  INFO [main] ql.TxnCommandsBaseForTests: Running the query: drop table if exists acidTblPart
2024-04-23T21:16:41,539  INFO [main] ql.Driver: Compiling command(queryId=alex_20240423211641_7536fd39-a98d-4654-8af0-688814286cd6): drop table if exists acidTblPart
2024-04-23T21:16:41,541  INFO [main] txn.TxnHandler: Added entries to MIN_HISTORY_LEVEL for current txns: ([2]) with min_open_txn: 1
2024-04-23T21:16:41,541  INFO [main] lockmgr.DbTxnManager: Opened txnid:2
2024-04-23T21:16:41,542  INFO [main] HiveMetaStore.audit: ugi=alex	ip=unknown-ip-addr	cmd=get_table : tbl=hive.default.acidTblPart	
2024-04-23T21:16:41,544  INFO [main] ql.Driver: Semantic Analysis Completed (retrial = false)
2024-04-23T21:16:41,545  INFO [main] ql.Driver: Created Hive schema: Schema(fieldSchemas:null, properties:null)
2024-04-23T21:16:41,545  INFO [main] metadata.Hive: Dumping metastore api call timing information for : compilation phase
2024-04-23T21:16:41,545  INFO [main] metadata.Hive: Total time spent in each metastore function (ms): {flushCache_()=0, openTxn_(String, TxnType)=2, commitTxn_(CommitTxnRequest)=10, getValidTxns_(long)=1, isCompatibleWith_(Configuration)=0}
2024-04-23T21:16:41,545  INFO [main] ql.Driver: Completed compiling command(queryId=alex_20240423211641_7536fd39-a98d-4654-8af0-688814286cd6); Time taken: 0.006 seconds
2024-04-23T21:16:41,545  INFO [main] lockmgr.DbTxnManager: Setting lock request transaction to txnid:2 for queryId=alex_20240423211641_7536fd39-a98d-4654-8af0-688814286cd6
2024-04-23T21:16:41,545  INFO [main] ql.Driver: Operation DROPTABLE obtained 0 locks
2024-04-23T21:16:41,545  INFO [main] ql.Driver: Executing command(queryId=alex_20240423211641_7536fd39-a98d-4654-8af0-688814286cd6): drop table if exists acidTblPart
2024-04-23T21:16:41,545  INFO [main] ql.Driver: Starting task [Stage-0:DDL] in serial mode
2024-04-23T21:16:41,546  INFO [main] HiveMetaStore.audit: ugi=alex	ip=unknown-ip-addr	cmd=get_table : tbl=hive.default.acidTblPart	
2024-04-23T21:16:41,548  INFO [main] metadata.Hive: Dumping metastore api call timing information for : execution phase
2024-04-23T21:16:41,549  INFO [main] metadata.Hive: Total time spent in each metastore function (ms): {isCompatibleWith_(Configuration)=1}
2024-04-23T21:16:41,549  INFO [main] ql.Driver: Completed executing command(queryId=alex_20240423211641_7536fd39-a98d-4654-8af0-688814286cd6); Time taken: 0.003 seconds
2024-04-23T21:16:41,549  INFO [main] lockmgr.DbTxnManager: Stopped heartbeat for query: alex_20240423211641_7536fd39-a98d-4654-8af0-688814286cd6
2024-04-23T21:16:41,554  INFO [main] txn.TxnHandler: Expected to move at least one record from txn_components to completed_txn_components when committing txn! txnid:2
2024-04-23T21:16:41,559  INFO [main] txn.TxnHandler: Removed transactions: ([2]) from MIN_HISTORY_LEVEL
2024-04-23T21:16:41,560  WARN [main] txn.CompactionTxnHandler: No compaction queue record found for Compaction type transaction commit. txnId:2
2024-04-23T21:16:41,560  INFO [main] ql.TxnCommandsBaseForTests: Running the query: drop table if exists acidTbl2
2024-04-23T21:16:41,561  INFO [main] ql.Driver: Compiling command(queryId=alex_20240423211641_394e7211-eb2e-48ec-8943-abad2f1e78ea): drop table if exists acidTbl2
2024-04-23T21:16:41,563  INFO [main] txn.TxnHandler: Added entries to MIN_HISTORY_LEVEL for current txns: ([3]) with min_open_txn: 1
2024-04-23T21:16:41,563  INFO [main] lockmgr.DbTxnManager: Opened txnid:3
2024-04-23T21:16:41,564  INFO [main] HiveMetaStore.audit: ugi=alex	ip=unknown-ip-addr	cmd=get_table : tbl=hive.default.acidTbl2	
2024-04-23T21:16:41,566  INFO [main] ql.Driver: Semantic Analysis Completed (retrial = false)
2024-04-23T21:16:41,567  INFO [main] ql.Driver: Created Hive schema: Schema(fieldSchemas:null, properties:null)
2024-04-23T21:16:41,567  INFO [main] metadata.Hive: Dumping metastore api call timing information for : compilation phase
2024-04-23T21:16:41,567  INFO [main] metadata.Hive: Total time spent in each metastore function (ms): {commitTxn_(CommitTxnRequest)=11, getValidTxns_(long)=1, openTxn_(String, TxnType)=2, flushCache_()=0, isCompatibleWith_(Configuration)=0}
2024-04-23T21:16:41,567  INFO [main] ql.Driver: Completed compiling command(queryId=alex_20240423211641_394e7211-eb2e-48ec-8943-abad2f1e78ea); Time taken: 0.006 seconds
2024-04-23T21:16:41,567  INFO [main] lockmgr.DbTxnManager: Setting lock request transaction to txnid:3 for queryId=alex_20240423211641_394e7211-eb2e-48ec-8943-abad2f1e78ea
2024-04-23T21:16:41,567  INFO [main] ql.Driver: Operation DROPTABLE obtained 0 locks
2024-04-23T21:16:41,567  INFO [main] ql.Driver: Executing command(queryId=alex_20240423211641_394e7211-eb2e-48ec-8943-abad2f1e78ea): drop table if exists acidTbl2
2024-04-23T21:16:41,567  INFO [main] ql.Driver: Starting task [Stage-0:DDL] in serial mode
2024-04-23T21:16:41,568  INFO [main] HiveMetaStore.audit: ugi=alex	ip=unknown-ip-addr	cmd=get_table : tbl=hive.default.acidTbl2	
2024-04-23T21:16:41,571  INFO [main] metadata.Hive: Dumping metastore api call timing information for : execution phase
2024-04-23T21:16:41,571  INFO [main] metadata.Hive: Total time spent in each metastore function (ms): {isCompatibleWith_(Configuration)=0}
2024-04-23T21:16:41,571  INFO [main] ql.Driver: Completed executing command(queryId=alex_20240423211641_394e7211-eb2e-48ec-8943-abad2f1e78ea); Time taken: 0.004 seconds
2024-04-23T21:16:41,571  INFO [main] lockmgr.DbTxnManager: Stopped heartbeat for query: alex_20240423211641_394e7211-eb2e-48ec-8943-abad2f1e78ea
2024-04-23T21:16:41,576  INFO [main] txn.TxnHandler: Expected to move at least one record from txn_components to completed_txn_components when committing txn! txnid:3
2024-04-23T21:16:41,582  INFO [main] txn.TxnHandler: Removed transactions: ([3]) from MIN_HISTORY_LEVEL
2024-04-23T21:16:41,582  WARN [main] txn.CompactionTxnHandler: No compaction queue record found for Compaction type transaction commit. txnId:3
2024-04-23T21:16:41,583  INFO [main] ql.TxnCommandsBaseForTests: Running the query: drop table if exists nonAcidOrcTbl
2024-04-23T21:16:41,583  INFO [main] ql.Driver: Compiling command(queryId=alex_20240423211641_fd982e1b-ec1e-44a7-8e27-ca3c4f3158ca): drop table if exists nonAcidOrcTbl
2024-04-23T21:16:41,585  INFO [main] txn.TxnHandler: Added entries to MIN_HISTORY_LEVEL for current txns: ([4]) with min_open_txn: 1
2024-04-23T21:16:41,585  INFO [main] lockmgr.DbTxnManager: Opened txnid:4
2024-04-23T21:16:41,586  INFO [main] HiveMetaStore.audit: ugi=alex	ip=unknown-ip-addr	cmd=get_table : tbl=hive.default.nonAcidOrcTbl	
2024-04-23T21:16:41,589  INFO [main] ql.Driver: Semantic Analysis Completed (retrial = false)
2024-04-23T21:16:41,589  INFO [main] ql.Driver: Created Hive schema: Schema(fieldSchemas:null, properties:null)
2024-04-23T21:16:41,589  INFO [main] metadata.Hive: Dumping metastore api call timing information for : compilation phase
2024-04-23T21:16:41,589  INFO [main] metadata.Hive: Total time spent in each metastore function (ms): {commitTxn_(CommitTxnRequest)=11, flushCache_()=0, getValidTxns_(long)=0, openTxn_(String, TxnType)=2, isCompatibleWith_(Configuration)=0}
2024-04-23T21:16:41,589  INFO [main] ql.Driver: Completed compiling command(queryId=alex_20240423211641_fd982e1b-ec1e-44a7-8e27-ca3c4f3158ca); Time taken: 0.006 seconds
2024-04-23T21:16:41,589  INFO [main] lockmgr.DbTxnManager: Setting lock request transaction to txnid:4 for queryId=alex_20240423211641_fd982e1b-ec1e-44a7-8e27-ca3c4f3158ca
2024-04-23T21:16:41,589  INFO [main] ql.Driver: Operation DROPTABLE obtained 0 locks
2024-04-23T21:16:41,590  INFO [main] ql.Driver: Executing command(queryId=alex_20240423211641_fd982e1b-ec1e-44a7-8e27-ca3c4f3158ca): drop table if exists nonAcidOrcTbl
2024-04-23T21:16:41,590  INFO [main] ql.Driver: Starting task [Stage-0:DDL] in serial mode
2024-04-23T21:16:41,590  INFO [main] HiveMetaStore.audit: ugi=alex	ip=unknown-ip-addr	cmd=get_table : tbl=hive.default.nonAcidOrcTbl	
2024-04-23T21:16:41,592  INFO [main] metadata.Hive: Dumping metastore api call timing information for : execution phase
2024-04-23T21:16:41,593  INFO [main] metadata.Hive: Total time spent in each metastore function (ms): {isCompatibleWith_(Configuration)=0}
2024-04-23T21:16:41,593  INFO [main] ql.Driver: Completed executing command(queryId=alex_20240423211641_fd982e1b-ec1e-44a7-8e27-ca3c4f3158ca); Time taken: 0.002 seconds
2024-04-23T21:16:41,593  INFO [main] lockmgr.DbTxnManager: Stopped heartbeat for query: alex_20240423211641_fd982e1b-ec1e-44a7-8e27-ca3c4f3158ca
2024-04-23T21:16:41,597  INFO [main] txn.TxnHandler: Expected to move at least one record from txn_components to completed_txn_components when committing txn! txnid:4
2024-04-23T21:16:41,602  INFO [main] txn.TxnHandler: Removed transactions: ([4]) from MIN_HISTORY_LEVEL
2024-04-23T21:16:41,602  WARN [main] txn.CompactionTxnHandler: No compaction queue record found for Compaction type transaction commit. txnId:4
2024-04-23T21:16:41,603  INFO [main] ql.TxnCommandsBaseForTests: Running the query: drop table if exists nonAcidOrcTbl2
2024-04-23T21:16:41,603  INFO [main] ql.Driver: Compiling command(queryId=alex_20240423211641_8000aa28-c4b1-422d-bf18-a2940b30e47f): drop table if exists nonAcidOrcTbl2
2024-04-23T21:16:41,605  INFO [main] txn.TxnHandler: Added entries to MIN_HISTORY_LEVEL for current txns: ([5]) with min_open_txn: 1
2024-04-23T21:16:41,606  INFO [main] lockmgr.DbTxnManager: Opened txnid:5
2024-04-23T21:16:41,607  INFO [main] HiveMetaStore.audit: ugi=alex	ip=unknown-ip-addr	cmd=get_table : tbl=hive.default.nonAcidOrcTbl2	
2024-04-23T21:16:41,611  INFO [main] ql.Driver: Semantic Analysis Completed (retrial = false)
2024-04-23T21:16:41,611  INFO [main] ql.Driver: Created Hive schema: Schema(fieldSchemas:null, properties:null)
2024-04-23T21:16:41,611  INFO [main] metadata.Hive: Dumping metastore api call timing information for : compilation phase
2024-04-23T21:16:41,611  INFO [main] metadata.Hive: Total time spent in each metastore function (ms): {isCompatibleWith_(Configuration)=0, getValidTxns_(long)=0, openTxn_(String, TxnType)=2, commitTxn_(CommitTxnRequest)=10, flushCache_()=0}
2024-04-23T21:16:41,611  INFO [main] ql.Driver: Completed compiling command(queryId=alex_20240423211641_8000aa28-c4b1-422d-bf18-a2940b30e47f); Time taken: 0.008 seconds
2024-04-23T21:16:41,612  INFO [main] lockmgr.DbTxnManager: Setting lock request transaction to txnid:5 for queryId=alex_20240423211641_8000aa28-c4b1-422d-bf18-a2940b30e47f
2024-04-23T21:16:41,612  INFO [main] ql.Driver: Operation DROPTABLE obtained 0 locks
2024-04-23T21:16:41,612  INFO [main] ql.Driver: Executing command(queryId=alex_20240423211641_8000aa28-c4b1-422d-bf18-a2940b30e47f): drop table if exists nonAcidOrcTbl2
2024-04-23T21:16:41,612  INFO [main] ql.Driver: Starting task [Stage-0:DDL] in serial mode
2024-04-23T21:16:41,612  INFO [main] HiveMetaStore.audit: ugi=alex	ip=unknown-ip-addr	cmd=get_table : tbl=hive.default.nonAcidOrcTbl2	
2024-04-23T21:16:41,616  INFO [main] metadata.Hive: Dumping metastore api call timing information for : execution phase
2024-04-23T21:16:41,617  INFO [main] metadata.Hive: Total time spent in each metastore function (ms): {isCompatibleWith_(Configuration)=0}
2024-04-23T21:16:41,617  INFO [main] ql.Driver: Completed executing command(queryId=alex_20240423211641_8000aa28-c4b1-422d-bf18-a2940b30e47f); Time taken: 0.004 seconds
2024-04-23T21:16:41,617  INFO [main] lockmgr.DbTxnManager: Stopped heartbeat for query: alex_20240423211641_8000aa28-c4b1-422d-bf18-a2940b30e47f
2024-04-23T21:16:41,623  INFO [main] txn.TxnHandler: Expected to move at least one record from txn_components to completed_txn_components when committing txn! txnid:5
2024-04-23T21:16:41,630  INFO [main] txn.TxnHandler: Removed transactions: ([5]) from MIN_HISTORY_LEVEL
2024-04-23T21:16:41,630  WARN [main] txn.CompactionTxnHandler: No compaction queue record found for Compaction type transaction commit. txnId:5
2024-04-23T21:16:41,631  INFO [main] ql.TxnCommandsBaseForTests: Running the query: drop table if exists nonAcidNonBucket
2024-04-23T21:16:41,631  INFO [main] ql.Driver: Compiling command(queryId=alex_20240423211641_306b50d4-5e15-4bc6-8515-7d6e89848da8): drop table if exists nonAcidNonBucket
2024-04-23T21:16:41,634  INFO [main] txn.TxnHandler: Added entries to MIN_HISTORY_LEVEL for current txns: ([6]) with min_open_txn: 1
2024-04-23T21:16:41,635  INFO [main] lockmgr.DbTxnManager: Opened txnid:6
2024-04-23T21:16:41,635  INFO [main] HiveMetaStore.audit: ugi=alex	ip=unknown-ip-addr	cmd=get_table : tbl=hive.default.nonAcidNonBucket	
2024-04-23T21:16:41,640  INFO [main] ql.Driver: Semantic Analysis Completed (retrial = false)
2024-04-23T21:16:41,640  INFO [main] ql.Driver: Created Hive schema: Schema(fieldSchemas:null, properties:null)
2024-04-23T21:16:41,640  INFO [main] metadata.Hive: Dumping metastore api call timing information for : compilation phase
2024-04-23T21:16:41,640  INFO [main] metadata.Hive: Total time spent in each metastore function (ms): {flushCache_()=0, isCompatibleWith_(Configuration)=0, openTxn_(String, TxnType)=3, commitTxn_(CommitTxnRequest)=14, getValidTxns_(long)=0}
2024-04-23T21:16:41,640  INFO [main] ql.Driver: Completed compiling command(queryId=alex_20240423211641_306b50d4-5e15-4bc6-8515-7d6e89848da8); Time taken: 0.009 seconds
2024-04-23T21:16:41,641  INFO [main] lockmgr.DbTxnManager: Setting lock request transaction to txnid:6 for queryId=alex_20240423211641_306b50d4-5e15-4bc6-8515-7d6e89848da8
2024-04-23T21:16:41,641  INFO [main] ql.Driver: Operation DROPTABLE obtained 0 locks
2024-04-23T21:16:41,641  INFO [main] ql.Driver: Executing command(queryId=alex_20240423211641_306b50d4-5e15-4bc6-8515-7d6e89848da8): drop table if exists nonAcidNonBucket
2024-04-23T21:16:41,641  INFO [main] ql.Driver: Starting task [Stage-0:DDL] in serial mode
2024-04-23T21:16:41,641  INFO [main] HiveMetaStore.audit: ugi=alex	ip=unknown-ip-addr	cmd=get_table : tbl=hive.default.nonAcidNonBucket	
2024-04-23T21:16:41,646  INFO [main] metadata.Hive: Dumping metastore api call timing information for : execution phase
2024-04-23T21:16:41,646  INFO [main] metadata.Hive: Total time spent in each metastore function (ms): {isCompatibleWith_(Configuration)=0}
2024-04-23T21:16:41,646  INFO [main] ql.Driver: Completed executing command(queryId=alex_20240423211641_306b50d4-5e15-4bc6-8515-7d6e89848da8); Time taken: 0.005 seconds
2024-04-23T21:16:41,646  INFO [main] lockmgr.DbTxnManager: Stopped heartbeat for query: alex_20240423211641_306b50d4-5e15-4bc6-8515-7d6e89848da8
2024-04-23T21:16:41,653  INFO [main] txn.TxnHandler: Expected to move at least one record from txn_components to completed_txn_components when committing txn! txnid:6
2024-04-23T21:16:41,660  INFO [main] txn.TxnHandler: Removed transactions: ([6]) from MIN_HISTORY_LEVEL
2024-04-23T21:16:41,661  WARN [main] txn.CompactionTxnHandler: No compaction queue record found for Compaction type transaction commit. txnId:6
2024-04-23T21:16:41,661  INFO [main] ql.TxnCommandsBaseForTests: Running the query: create table acidTbl(a int, b int) clustered by (a) into 2 buckets stored as orc TBLPROPERTIES ('transactional'='true')
2024-04-23T21:16:41,662  INFO [main] ql.Driver: Compiling command(queryId=alex_20240423211641_1b94d0c5-0f6d-43b2-94ec-5a4ad646e819): create table acidTbl(a int, b int) clustered by (a) into 2 buckets stored as orc TBLPROPERTIES ('transactional'='true')
2024-04-23T21:16:41,665  INFO [main] txn.TxnHandler: Added entries to MIN_HISTORY_LEVEL for current txns: ([7]) with min_open_txn: 1
2024-04-23T21:16:41,665  INFO [main] lockmgr.DbTxnManager: Opened txnid:7
2024-04-23T21:16:41,666  INFO [main] parse.CalcitePlanner: Starting caching scope for: 
2024-04-23T21:16:41,666  INFO [main] parse.CalcitePlanner: Starting Semantic Analysis
2024-04-23T21:16:41,671  INFO [main] parse.CalcitePlanner: Creating table default.acidTbl position=13
2024-04-23T21:16:41,671  INFO [main] HiveMetaStore.audit: ugi=alex	ip=unknown-ip-addr	cmd=get_database: default	
2024-04-23T21:16:41,673  INFO [main] parse.CalcitePlanner: Ending caching scope for: 
2024-04-23T21:16:41,673  INFO [main] ql.Driver: Semantic Analysis Completed (retrial = false)
2024-04-23T21:16:41,673  INFO [main] ql.Driver: Created Hive schema: Schema(fieldSchemas:null, properties:null)
2024-04-23T21:16:41,673  INFO [main] metadata.Hive: Dumping metastore api call timing information for : compilation phase
2024-04-23T21:16:41,673  INFO [main] metadata.Hive: Total time spent in each metastore function (ms): {getValidTxns_(long)=1, openTxn_(String, TxnType)=2, getValidWriteIds_(List, String)=4, commitTxn_(CommitTxnRequest)=15, getDatabase_(String)=2, isCompatibleWith_(Configuration)=0, flushCache_()=1}
2024-04-23T21:16:41,674  INFO [main] ql.Driver: Completed compiling command(queryId=alex_20240423211641_1b94d0c5-0f6d-43b2-94ec-5a4ad646e819); Time taken: 0.011 seconds
2024-04-23T21:16:41,674  INFO [main] lockmgr.DbTxnManager: Setting lock request transaction to txnid:7 for queryId=alex_20240423211641_1b94d0c5-0f6d-43b2-94ec-5a4ad646e819
2024-04-23T21:16:41,674  INFO [main] lockmgr.DbLockManager: Requesting lock for queryId=alex_20240423211641_1b94d0c5-0f6d-43b2-94ec-5a4ad646e819
2024-04-23T21:16:41,691  INFO [main] lockmgr.DbLockManager: Response to queryId=alex_20240423211641_1b94d0c5-0f6d-43b2-94ec-5a4ad646e819 LockResponse(lockid:1, state:ACQUIRED)
2024-04-23T21:16:41,691  INFO [main] ql.Driver: Operation CREATETABLE obtained 1 locks
2024-04-23T21:16:41,691  INFO [main] ql.Driver: Executing command(queryId=alex_20240423211641_1b94d0c5-0f6d-43b2-94ec-5a4ad646e819): create table acidTbl(a int, b int) clustered by (a) into 2 buckets stored as orc TBLPROPERTIES ('transactional'='true')
2024-04-23T21:16:41,691  INFO [main] ql.Driver: Starting task [Stage-0:DDL] in serial mode
2024-04-23T21:16:41,693  INFO [main] HiveMetaStore.audit: ugi=alex	ip=unknown-ip-addr	cmd=create_table_req: Table(tableName:acidTbl, dbName:default, owner:alex, createTime:1713932201, lastAccessTime:0, retention:0, sd:StorageDescriptor(cols:[FieldSchema(name:a, type:int, comment:null), FieldSchema(name:b, type:int, comment:null)], location:null, inputFormat:org.apache.hadoop.hive.ql.io.orc.OrcInputFormat, outputFormat:org.apache.hadoop.hive.ql.io.orc.OrcOutputFormat, compressed:false, numBuckets:2, serdeInfo:SerDeInfo(name:null, serializationLib:org.apache.hadoop.hive.ql.io.orc.OrcSerde, parameters:{serialization.format=1}), bucketCols:[a], sortCols:[], parameters:{}, skewedInfo:SkewedInfo(skewedColNames:[], skewedColValues:[], skewedColValueLocationMaps:{}), storedAsSubDirectories:false), partitionKeys:[], parameters:{bucketing_version=2, numRows=0, totalSize=0, numFilesErasureCoded=0, numFiles=0, rawDataSize=0, COLUMN_STATS_ACCURATE={"BASIC_STATS":"true","COLUMN_STATS":{"a":"true","b":"true"}}, transactional=true}, viewOriginalText:null, viewExpandedText:null, tableType:MANAGED_TABLE, privileges:PrincipalPrivilegeSet(userPrivileges:{alex=[PrivilegeGrantInfo(privilege:INSERT, createTime:-1, grantor:alex, grantorType:USER, grantOption:true), PrivilegeGrantInfo(privilege:SELECT, createTime:-1, grantor:alex, grantorType:USER, grantOption:true), PrivilegeGrantInfo(privilege:UPDATE, createTime:-1, grantor:alex, grantorType:USER, grantOption:true), PrivilegeGrantInfo(privilege:DELETE, createTime:-1, grantor:alex, grantorType:USER, grantOption:true)]}, groupPrivileges:null, rolePrivileges:null), temporary:false, catName:hive, ownerType:USER, writeId:0)	
2024-04-23T21:16:41,698  INFO [main] utils.FileUtils: Creating directory if it doesn't exist: file:/home/alex/Repositories/hive/ql/target/tmp/org.apache.hadoop.hive.ql.TestTxnNoBuckets-1713932056679/warehouse/acidtbl
2024-04-23T21:16:41,732  INFO [main] metadata.Hive: Dumping metastore api call timing information for : execution phase
2024-04-23T21:16:41,732  INFO [main] metadata.Hive: Total time spent in each metastore function (ms): {createTable_(Table)=39, isCompatibleWith_(Configuration)=1}
2024-04-23T21:16:41,732  INFO [main] ql.Driver: Completed executing command(queryId=alex_20240423211641_1b94d0c5-0f6d-43b2-94ec-5a4ad646e819); Time taken: 0.04 seconds
2024-04-23T21:16:41,732  INFO [main] lockmgr.DbTxnManager: Stopped heartbeat for query: alex_20240423211641_1b94d0c5-0f6d-43b2-94ec-5a4ad646e819
2024-04-23T21:16:41,735  INFO [main] txn.TxnHandler: Expected to move at least one record from txn_components to completed_txn_components when committing txn! txnid:7
2024-04-23T21:16:41,740  INFO [main] txn.TxnHandler: Removed transactions: ([7]) from MIN_HISTORY_LEVEL
2024-04-23T21:16:41,742  WARN [main] txn.CompactionTxnHandler: No compaction queue record found for Compaction type transaction commit. txnId:7
2024-04-23T21:16:41,742  INFO [main] ql.TxnCommandsBaseForTests: Running the query: create table acidTblPart(a int, b int) partitioned by (p string) clustered by (a) into 2 buckets stored as orc TBLPROPERTIES ('transactional'='true')
2024-04-23T21:16:41,743  INFO [main] ql.Driver: Compiling command(queryId=alex_20240423211641_d07ab1e6-c328-4698-8675-da0e38c6f530): create table acidTblPart(a int, b int) partitioned by (p string) clustered by (a) into 2 buckets stored as orc TBLPROPERTIES ('transactional'='true')
2024-04-23T21:16:41,745  INFO [main] txn.TxnHandler: Added entries to MIN_HISTORY_LEVEL for current txns: ([8]) with min_open_txn: 1
2024-04-23T21:16:41,745  INFO [main] lockmgr.DbTxnManager: Opened txnid:8
2024-04-23T21:16:41,745  INFO [main] parse.CalcitePlanner: Starting caching scope for: 
2024-04-23T21:16:41,745  INFO [main] parse.CalcitePlanner: Starting Semantic Analysis
2024-04-23T21:16:41,748  INFO [main] parse.CalcitePlanner: Creating table default.acidTblPart position=13
2024-04-23T21:16:41,748  INFO [main] HiveMetaStore.audit: ugi=alex	ip=unknown-ip-addr	cmd=get_database: default	
2024-04-23T21:16:41,750  INFO [main] parse.CalcitePlanner: Ending caching scope for: 
2024-04-23T21:16:41,750  INFO [main] ql.Driver: Semantic Analysis Completed (retrial = false)
2024-04-23T21:16:41,751  INFO [main] ql.Driver: Created Hive schema: Schema(fieldSchemas:null, properties:null)
2024-04-23T21:16:41,751  INFO [main] metadata.Hive: Dumping metastore api call timing information for : compilation phase
2024-04-23T21:16:41,751  INFO [main] metadata.Hive: Total time spent in each metastore function (ms): {commitTxn_(CommitTxnRequest)=10, getValidWriteIds_(List, String)=2, flushCache_()=0, isCompatibleWith_(Configuration)=0, getValidTxns_(long)=0, openTxn_(String, TxnType)=2, getDatabase_(String)=2}
2024-04-23T21:16:41,751  INFO [main] ql.Driver: Completed compiling command(queryId=alex_20240423211641_d07ab1e6-c328-4698-8675-da0e38c6f530); Time taken: 0.009 seconds
2024-04-23T21:16:41,751  INFO [main] lockmgr.DbTxnManager: Setting lock request transaction to txnid:8 for queryId=alex_20240423211641_d07ab1e6-c328-4698-8675-da0e38c6f530
2024-04-23T21:16:41,752  INFO [main] lockmgr.DbLockManager: Requesting lock for queryId=alex_20240423211641_d07ab1e6-c328-4698-8675-da0e38c6f530
2024-04-23T21:16:41,765  INFO [main] lockmgr.DbLockManager: Response to queryId=alex_20240423211641_d07ab1e6-c328-4698-8675-da0e38c6f530 LockResponse(lockid:2, state:ACQUIRED)
2024-04-23T21:16:41,765  INFO [main] ql.Driver: Operation CREATETABLE obtained 1 locks
2024-04-23T21:16:41,765  INFO [main] ql.Driver: Executing command(queryId=alex_20240423211641_d07ab1e6-c328-4698-8675-da0e38c6f530): create table acidTblPart(a int, b int) partitioned by (p string) clustered by (a) into 2 buckets stored as orc TBLPROPERTIES ('transactional'='true')
2024-04-23T21:16:41,765  INFO [main] ql.Driver: Starting task [Stage-0:DDL] in serial mode
2024-04-23T21:16:41,766  INFO [main] HiveMetaStore.audit: ugi=alex	ip=unknown-ip-addr	cmd=create_table_req: Table(tableName:acidTblPart, dbName:default, owner:alex, createTime:1713932201, lastAccessTime:0, retention:0, sd:StorageDescriptor(cols:[FieldSchema(name:a, type:int, comment:null), FieldSchema(name:b, type:int, comment:null)], location:null, inputFormat:org.apache.hadoop.hive.ql.io.orc.OrcInputFormat, outputFormat:org.apache.hadoop.hive.ql.io.orc.OrcOutputFormat, compressed:false, numBuckets:2, serdeInfo:SerDeInfo(name:null, serializationLib:org.apache.hadoop.hive.ql.io.orc.OrcSerde, parameters:{serialization.format=1}), bucketCols:[a], sortCols:[], parameters:{}, skewedInfo:SkewedInfo(skewedColNames:[], skewedColValues:[], skewedColValueLocationMaps:{}), storedAsSubDirectories:false), partitionKeys:[FieldSchema(name:p, type:string, comment:null)], parameters:{transactional=true, bucketing_version=2}, viewOriginalText:null, viewExpandedText:null, tableType:MANAGED_TABLE, privileges:PrincipalPrivilegeSet(userPrivileges:{alex=[PrivilegeGrantInfo(privilege:INSERT, createTime:-1, grantor:alex, grantorType:USER, grantOption:true), PrivilegeGrantInfo(privilege:SELECT, createTime:-1, grantor:alex, grantorType:USER, grantOption:true), PrivilegeGrantInfo(privilege:UPDATE, createTime:-1, grantor:alex, grantorType:USER, grantOption:true), PrivilegeGrantInfo(privilege:DELETE, createTime:-1, grantor:alex, grantorType:USER, grantOption:true)]}, groupPrivileges:null, rolePrivileges:null), temporary:false, catName:hive, ownerType:USER, writeId:0)	
2024-04-23T21:16:41,773  INFO [main] utils.FileUtils: Creating directory if it doesn't exist: file:/home/alex/Repositories/hive/ql/target/tmp/org.apache.hadoop.hive.ql.TestTxnNoBuckets-1713932056679/warehouse/acidtblpart
2024-04-23T21:16:41,787  INFO [main] metadata.Hive: Dumping metastore api call timing information for : execution phase
2024-04-23T21:16:41,787  INFO [main] metadata.Hive: Total time spent in each metastore function (ms): {createTable_(Table)=20, isCompatibleWith_(Configuration)=1}
2024-04-23T21:16:41,787  INFO [main] ql.Driver: Completed executing command(queryId=alex_20240423211641_d07ab1e6-c328-4698-8675-da0e38c6f530); Time taken: 0.022 seconds
2024-04-23T21:16:41,787  INFO [main] lockmgr.DbTxnManager: Stopped heartbeat for query: alex_20240423211641_d07ab1e6-c328-4698-8675-da0e38c6f530
2024-04-23T21:16:41,790  INFO [main] txn.TxnHandler: Expected to move at least one record from txn_components to completed_txn_components when committing txn! txnid:8
2024-04-23T21:16:41,795  INFO [main] txn.TxnHandler: Removed transactions: ([8]) from MIN_HISTORY_LEVEL
2024-04-23T21:16:41,796  WARN [main] txn.CompactionTxnHandler: No compaction queue record found for Compaction type transaction commit. txnId:8
2024-04-23T21:16:41,796  INFO [main] ql.TxnCommandsBaseForTests: Running the query: create table nonAcidOrcTbl(a int, b int) clustered by (a) into 2 buckets stored as orc TBLPROPERTIES ('transactional'='false')
2024-04-23T21:16:41,797  INFO [main] ql.Driver: Compiling command(queryId=alex_20240423211641_25bf9a95-7cde-40c1-a511-cea52acaa757): create table nonAcidOrcTbl(a int, b int) clustered by (a) into 2 buckets stored as orc TBLPROPERTIES ('transactional'='false')
2024-04-23T21:16:41,799  INFO [main] txn.TxnHandler: Added entries to MIN_HISTORY_LEVEL for current txns: ([9]) with min_open_txn: 1
2024-04-23T21:16:41,799  INFO [main] lockmgr.DbTxnManager: Opened txnid:9
2024-04-23T21:16:41,799  INFO [main] parse.CalcitePlanner: Starting caching scope for: 
2024-04-23T21:16:41,799  INFO [main] parse.CalcitePlanner: Starting Semantic Analysis
2024-04-23T21:16:41,801  INFO [main] parse.CalcitePlanner: Creating table default.nonAcidOrcTbl position=13
2024-04-23T21:16:41,802  INFO [main] HiveMetaStore.audit: ugi=alex	ip=unknown-ip-addr	cmd=get_database: default	
2024-04-23T21:16:41,803  INFO [main] parse.CalcitePlanner: Ending caching scope for: 
2024-04-23T21:16:41,803  INFO [main] ql.Driver: Semantic Analysis Completed (retrial = false)
2024-04-23T21:16:41,803  INFO [main] ql.Driver: Created Hive schema: Schema(fieldSchemas:null, properties:null)
2024-04-23T21:16:41,803  INFO [main] metadata.Hive: Dumping metastore api call timing information for : compilation phase
2024-04-23T21:16:41,804  INFO [main] metadata.Hive: Total time spent in each metastore function (ms): {commitTxn_(CommitTxnRequest)=9, getValidTxns_(long)=0, flushCache_()=0, getDatabase_(String)=1, getValidWriteIds_(List, String)=1, openTxn_(String, TxnType)=2, isCompatibleWith_(Configuration)=0}
2024-04-23T21:16:41,804  INFO [main] ql.Driver: Completed compiling command(queryId=alex_20240423211641_25bf9a95-7cde-40c1-a511-cea52acaa757); Time taken: 0.007 seconds
2024-04-23T21:16:41,804  INFO [main] lockmgr.DbTxnManager: Setting lock request transaction to txnid:9 for queryId=alex_20240423211641_25bf9a95-7cde-40c1-a511-cea52acaa757
2024-04-23T21:16:41,804  INFO [main] lockmgr.DbLockManager: Requesting lock for queryId=alex_20240423211641_25bf9a95-7cde-40c1-a511-cea52acaa757
2024-04-23T21:16:41,818  INFO [main] lockmgr.DbLockManager: Response to queryId=alex_20240423211641_25bf9a95-7cde-40c1-a511-cea52acaa757 LockResponse(lockid:3, state:ACQUIRED)
2024-04-23T21:16:41,818  INFO [main] ql.Driver: Operation CREATETABLE obtained 1 locks
2024-04-23T21:16:41,818  INFO [main] ql.Driver: Executing command(queryId=alex_20240423211641_25bf9a95-7cde-40c1-a511-cea52acaa757): create table nonAcidOrcTbl(a int, b int) clustered by (a) into 2 buckets stored as orc TBLPROPERTIES ('transactional'='false')
2024-04-23T21:16:41,818  INFO [main] ql.Driver: Starting task [Stage-0:DDL] in serial mode
2024-04-23T21:16:41,819  INFO [main] HiveMetaStore.audit: ugi=alex	ip=unknown-ip-addr	cmd=create_table_req: Table(tableName:nonAcidOrcTbl, dbName:default, owner:alex, createTime:1713932201, lastAccessTime:0, retention:0, sd:StorageDescriptor(cols:[FieldSchema(name:a, type:int, comment:null), FieldSchema(name:b, type:int, comment:null)], location:null, inputFormat:org.apache.hadoop.hive.ql.io.orc.OrcInputFormat, outputFormat:org.apache.hadoop.hive.ql.io.orc.OrcOutputFormat, compressed:false, numBuckets:2, serdeInfo:SerDeInfo(name:null, serializationLib:org.apache.hadoop.hive.ql.io.orc.OrcSerde, parameters:{serialization.format=1}), bucketCols:[a], sortCols:[], parameters:{}, skewedInfo:SkewedInfo(skewedColNames:[], skewedColValues:[], skewedColValueLocationMaps:{}), storedAsSubDirectories:false), partitionKeys:[], parameters:{rawDataSize=0, numFiles=0, numFilesErasureCoded=0, COLUMN_STATS_ACCURATE={"BASIC_STATS":"true","COLUMN_STATS":{"a":"true","b":"true"}}, totalSize=0, bucketing_version=2, transactional=false, numRows=0}, viewOriginalText:null, viewExpandedText:null, tableType:MANAGED_TABLE, privileges:PrincipalPrivilegeSet(userPrivileges:{alex=[PrivilegeGrantInfo(privilege:INSERT, createTime:-1, grantor:alex, grantorType:USER, grantOption:true), PrivilegeGrantInfo(privilege:SELECT, createTime:-1, grantor:alex, grantorType:USER, grantOption:true), PrivilegeGrantInfo(privilege:UPDATE, createTime:-1, grantor:alex, grantorType:USER, grantOption:true), PrivilegeGrantInfo(privilege:DELETE, createTime:-1, grantor:alex, grantorType:USER, grantOption:true)]}, groupPrivileges:null, rolePrivileges:null), temporary:false, catName:hive, ownerType:USER)	
2024-04-23T21:16:41,825  INFO [main] utils.FileUtils: Creating directory if it doesn't exist: file:/home/alex/Repositories/hive/ql/target/tmp/org.apache.hadoop.hive.ql.TestTxnNoBuckets-1713932056679/warehouse/nonacidorctbl
2024-04-23T21:16:41,839  INFO [main] metadata.Hive: Dumping metastore api call timing information for : execution phase
2024-04-23T21:16:41,839  INFO [main] metadata.Hive: Total time spent in each metastore function (ms): {isCompatibleWith_(Configuration)=0, createTable_(Table)=19}
2024-04-23T21:16:41,839  INFO [main] ql.Driver: Completed executing command(queryId=alex_20240423211641_25bf9a95-7cde-40c1-a511-cea52acaa757); Time taken: 0.021 seconds
2024-04-23T21:16:41,839  INFO [main] lockmgr.DbTxnManager: Stopped heartbeat for query: alex_20240423211641_25bf9a95-7cde-40c1-a511-cea52acaa757
2024-04-23T21:16:41,842  INFO [main] txn.TxnHandler: Expected to move at least one record from txn_components to completed_txn_components when committing txn! txnid:9
2024-04-23T21:16:41,847  INFO [main] txn.TxnHandler: Removed transactions: ([9]) from MIN_HISTORY_LEVEL
2024-04-23T21:16:41,848  WARN [main] txn.CompactionTxnHandler: No compaction queue record found for Compaction type transaction commit. txnId:9
2024-04-23T21:16:41,848  INFO [main] ql.TxnCommandsBaseForTests: Running the query: create table nonAcidOrcTbl2(a int, b int) clustered by (a) into 2 buckets stored as orc TBLPROPERTIES ('transactional'='false')
2024-04-23T21:16:41,849  INFO [main] ql.Driver: Compiling command(queryId=alex_20240423211641_06d7acf5-a1cb-44f5-8895-cc57ae83a271): create table nonAcidOrcTbl2(a int, b int) clustered by (a) into 2 buckets stored as orc TBLPROPERTIES ('transactional'='false')
2024-04-23T21:16:41,851  INFO [main] txn.TxnHandler: Added entries to MIN_HISTORY_LEVEL for current txns: ([10]) with min_open_txn: 1
2024-04-23T21:16:41,851  INFO [main] lockmgr.DbTxnManager: Opened txnid:10
2024-04-23T21:16:41,852  INFO [main] parse.CalcitePlanner: Starting caching scope for: 
2024-04-23T21:16:41,852  INFO [main] parse.CalcitePlanner: Starting Semantic Analysis
2024-04-23T21:16:41,854  INFO [main] parse.CalcitePlanner: Creating table default.nonAcidOrcTbl2 position=13
2024-04-23T21:16:41,854  INFO [main] HiveMetaStore.audit: ugi=alex	ip=unknown-ip-addr	cmd=get_database: default	
2024-04-23T21:16:41,856  INFO [main] parse.CalcitePlanner: Ending caching scope for: 
2024-04-23T21:16:41,856  INFO [main] ql.Driver: Semantic Analysis Completed (retrial = false)
2024-04-23T21:16:41,856  INFO [main] ql.Driver: Created Hive schema: Schema(fieldSchemas:null, properties:null)
2024-04-23T21:16:41,856  INFO [main] metadata.Hive: Dumping metastore api call timing information for : compilation phase
2024-04-23T21:16:41,856  INFO [main] metadata.Hive: Total time spent in each metastore function (ms): {getValidWriteIds_(List, String)=2, flushCache_()=0, getDatabase_(String)=2, openTxn_(String, TxnType)=2, isCompatibleWith_(Configuration)=0, getValidTxns_(long)=1, commitTxn_(CommitTxnRequest)=9}
2024-04-23T21:16:41,857  INFO [main] ql.Driver: Completed compiling command(queryId=alex_20240423211641_06d7acf5-a1cb-44f5-8895-cc57ae83a271); Time taken: 0.007 seconds
2024-04-23T21:16:41,857  INFO [main] lockmgr.DbTxnManager: Setting lock request transaction to txnid:10 for queryId=alex_20240423211641_06d7acf5-a1cb-44f5-8895-cc57ae83a271
2024-04-23T21:16:41,857  INFO [main] lockmgr.DbLockManager: Requesting lock for queryId=alex_20240423211641_06d7acf5-a1cb-44f5-8895-cc57ae83a271
2024-04-23T21:16:41,870  INFO [main] lockmgr.DbLockManager: Response to queryId=alex_20240423211641_06d7acf5-a1cb-44f5-8895-cc57ae83a271 LockResponse(lockid:4, state:ACQUIRED)
2024-04-23T21:16:41,870  INFO [main] ql.Driver: Operation CREATETABLE obtained 1 locks
2024-04-23T21:16:41,870  INFO [main] ql.Driver: Executing command(queryId=alex_20240423211641_06d7acf5-a1cb-44f5-8895-cc57ae83a271): create table nonAcidOrcTbl2(a int, b int) clustered by (a) into 2 buckets stored as orc TBLPROPERTIES ('transactional'='false')
2024-04-23T21:16:41,870  INFO [main] ql.Driver: Starting task [Stage-0:DDL] in serial mode
2024-04-23T21:16:41,871  INFO [main] HiveMetaStore.audit: ugi=alex	ip=unknown-ip-addr	cmd=create_table_req: Table(tableName:nonAcidOrcTbl2, dbName:default, owner:alex, createTime:1713932201, lastAccessTime:0, retention:0, sd:StorageDescriptor(cols:[FieldSchema(name:a, type:int, comment:null), FieldSchema(name:b, type:int, comment:null)], location:null, inputFormat:org.apache.hadoop.hive.ql.io.orc.OrcInputFormat, outputFormat:org.apache.hadoop.hive.ql.io.orc.OrcOutputFormat, compressed:false, numBuckets:2, serdeInfo:SerDeInfo(name:null, serializationLib:org.apache.hadoop.hive.ql.io.orc.OrcSerde, parameters:{serialization.format=1}), bucketCols:[a], sortCols:[], parameters:{}, skewedInfo:SkewedInfo(skewedColNames:[], skewedColValues:[], skewedColValueLocationMaps:{}), storedAsSubDirectories:false), partitionKeys:[], parameters:{numFiles=0, totalSize=0, numFilesErasureCoded=0, transactional=false, COLUMN_STATS_ACCURATE={"BASIC_STATS":"true","COLUMN_STATS":{"a":"true","b":"true"}}, rawDataSize=0, bucketing_version=2, numRows=0}, viewOriginalText:null, viewExpandedText:null, tableType:MANAGED_TABLE, privileges:PrincipalPrivilegeSet(userPrivileges:{alex=[PrivilegeGrantInfo(privilege:INSERT, createTime:-1, grantor:alex, grantorType:USER, grantOption:true), PrivilegeGrantInfo(privilege:SELECT, createTime:-1, grantor:alex, grantorType:USER, grantOption:true), PrivilegeGrantInfo(privilege:UPDATE, createTime:-1, grantor:alex, grantorType:USER, grantOption:true), PrivilegeGrantInfo(privilege:DELETE, createTime:-1, grantor:alex, grantorType:USER, grantOption:true)]}, groupPrivileges:null, rolePrivileges:null), temporary:false, catName:hive, ownerType:USER)	
2024-04-23T21:16:41,876  INFO [main] utils.FileUtils: Creating directory if it doesn't exist: file:/home/alex/Repositories/hive/ql/target/tmp/org.apache.hadoop.hive.ql.TestTxnNoBuckets-1713932056679/warehouse/nonacidorctbl2
2024-04-23T21:16:41,889  INFO [main] metadata.Hive: Dumping metastore api call timing information for : execution phase
2024-04-23T21:16:41,889  INFO [main] metadata.Hive: Total time spent in each metastore function (ms): {createTable_(Table)=18, isCompatibleWith_(Configuration)=0}
2024-04-23T21:16:41,889  INFO [main] ql.Driver: Completed executing command(queryId=alex_20240423211641_06d7acf5-a1cb-44f5-8895-cc57ae83a271); Time taken: 0.019 seconds
2024-04-23T21:16:41,889  INFO [main] lockmgr.DbTxnManager: Stopped heartbeat for query: alex_20240423211641_06d7acf5-a1cb-44f5-8895-cc57ae83a271
2024-04-23T21:16:41,893  INFO [main] txn.TxnHandler: Expected to move at least one record from txn_components to completed_txn_components when committing txn! txnid:10
2024-04-23T21:16:41,898  INFO [main] txn.TxnHandler: Removed transactions: ([10]) from MIN_HISTORY_LEVEL
2024-04-23T21:16:41,898  WARN [main] txn.CompactionTxnHandler: No compaction queue record found for Compaction type transaction commit. txnId:10
2024-04-23T21:16:41,898  INFO [main] ql.TxnCommandsBaseForTests: Running the query: create temporary  table acidTbl2(a int, b int, c int) clustered by (c) into 2 buckets stored as orc TBLPROPERTIES ('transactional'='true')
2024-04-23T21:16:41,899  INFO [main] ql.Driver: Compiling command(queryId=alex_20240423211641_4a583d4c-af6d-4541-8019-3f1f622a56e3): create temporary  table acidTbl2(a int, b int, c int) clustered by (c) into 2 buckets stored as orc TBLPROPERTIES ('transactional'='true')
2024-04-23T21:16:41,901  INFO [main] txn.TxnHandler: Added entries to MIN_HISTORY_LEVEL for current txns: ([11]) with min_open_txn: 1
2024-04-23T21:16:41,901  INFO [main] lockmgr.DbTxnManager: Opened txnid:11
2024-04-23T21:16:41,902  INFO [main] parse.CalcitePlanner: Starting caching scope for: 
2024-04-23T21:16:41,902  INFO [main] parse.CalcitePlanner: Starting Semantic Analysis
2024-04-23T21:16:41,904  INFO [main] parse.CalcitePlanner: Creating table default.acidTbl2 position=24
2024-04-23T21:16:41,904  INFO [main] HiveMetaStore.audit: ugi=alex	ip=unknown-ip-addr	cmd=get_database: default	
2024-04-23T21:16:41,906  INFO [main] parse.CalcitePlanner: Ending caching scope for: 
2024-04-23T21:16:41,906  INFO [main] ql.Driver: Semantic Analysis Completed (retrial = false)
2024-04-23T21:16:41,906  INFO [main] ql.Driver: Created Hive schema: Schema(fieldSchemas:null, properties:null)
2024-04-23T21:16:41,906  INFO [main] metadata.Hive: Dumping metastore api call timing information for : compilation phase
2024-04-23T21:16:41,906  INFO [main] metadata.Hive: Total time spent in each metastore function (ms): {commitTxn_(CommitTxnRequest)=9, flushCache_()=0, isCompatibleWith_(Configuration)=0, getValidWriteIds_(List, String)=2, getDatabase_(String)=1, openTxn_(String, TxnType)=2, getValidTxns_(long)=1}
2024-04-23T21:16:41,906  INFO [main] ql.Driver: Completed compiling command(queryId=alex_20240423211641_4a583d4c-af6d-4541-8019-3f1f622a56e3); Time taken: 0.007 seconds
2024-04-23T21:16:41,906  INFO [main] lockmgr.DbTxnManager: Setting lock request transaction to txnid:11 for queryId=alex_20240423211641_4a583d4c-af6d-4541-8019-3f1f622a56e3
2024-04-23T21:16:41,907  INFO [main] lockmgr.DbLockManager: Requesting lock for queryId=alex_20240423211641_4a583d4c-af6d-4541-8019-3f1f622a56e3
2024-04-23T21:16:41,919  INFO [main] lockmgr.DbLockManager: Response to queryId=alex_20240423211641_4a583d4c-af6d-4541-8019-3f1f622a56e3 LockResponse(lockid:5, state:ACQUIRED)
2024-04-23T21:16:41,920  INFO [main] ql.Driver: Operation CREATETABLE obtained 1 locks
2024-04-23T21:16:41,920  INFO [main] ql.Driver: Executing command(queryId=alex_20240423211641_4a583d4c-af6d-4541-8019-3f1f622a56e3): create temporary  table acidTbl2(a int, b int, c int) clustered by (c) into 2 buckets stored as orc TBLPROPERTIES ('transactional'='true')
2024-04-23T21:16:41,920  INFO [main] ql.Driver: Starting task [Stage-0:DDL] in serial mode
2024-04-23T21:16:41,922  INFO [main] utils.FileUtils: Creating directory if it doesn't exist: file:/home/alex/Repositories/hive/ql/target/tmp/scratchdir/alex/df58eaf1-daa5-4565-87e2-2bd14a74e52d/_tmp_space.db/e7535c0a-c4c6-401b-97c9-58771d70ea38
2024-04-23T21:16:41,924  INFO [main] metadata.Hive: Dumping metastore api call timing information for : execution phase
2024-04-23T21:16:41,925  INFO [main] metadata.Hive: Total time spent in each metastore function (ms): {createTable_(Table)=3, isCompatibleWith_(Configuration)=1}
2024-04-23T21:16:41,925  INFO [main] ql.Driver: Completed executing command(queryId=alex_20240423211641_4a583d4c-af6d-4541-8019-3f1f622a56e3); Time taken: 0.004 seconds
2024-04-23T21:16:41,925  INFO [main] lockmgr.DbTxnManager: Stopped heartbeat for query: alex_20240423211641_4a583d4c-af6d-4541-8019-3f1f622a56e3
2024-04-23T21:16:41,929  INFO [main] txn.TxnHandler: Expected to move at least one record from txn_components to completed_txn_components when committing txn! txnid:11
2024-04-23T21:16:41,933  INFO [main] txn.TxnHandler: Removed transactions: ([11]) from MIN_HISTORY_LEVEL
2024-04-23T21:16:41,934  WARN [main] txn.CompactionTxnHandler: No compaction queue record found for Compaction type transaction commit. txnId:11
2024-04-23T21:16:41,934  INFO [main] ql.TxnCommandsBaseForTests: Running the query: create table nonAcidNonBucket(a int, b int) stored as orc TBLPROPERTIES ('transactional'='false')
2024-04-23T21:16:41,934  INFO [main] ql.Driver: Compiling command(queryId=alex_20240423211641_115dc4e2-cf0f-4eac-af2c-ca04184570a2): create table nonAcidNonBucket(a int, b int) stored as orc TBLPROPERTIES ('transactional'='false')
2024-04-23T21:16:41,936  INFO [main] txn.TxnHandler: Added entries to MIN_HISTORY_LEVEL for current txns: ([12]) with min_open_txn: 1
2024-04-23T21:16:41,937  INFO [main] lockmgr.DbTxnManager: Opened txnid:12
2024-04-23T21:16:41,937  INFO [main] parse.CalcitePlanner: Starting caching scope for: 
2024-04-23T21:16:41,937  INFO [main] parse.CalcitePlanner: Starting Semantic Analysis
2024-04-23T21:16:41,939  INFO [main] parse.CalcitePlanner: Creating table default.nonAcidNonBucket position=13
2024-04-23T21:16:41,940  INFO [main] HiveMetaStore.audit: ugi=alex	ip=unknown-ip-addr	cmd=get_database: default	
2024-04-23T21:16:41,941  INFO [main] parse.CalcitePlanner: Ending caching scope for: 
2024-04-23T21:16:41,941  INFO [main] ql.Driver: Semantic Analysis Completed (retrial = false)
2024-04-23T21:16:41,941  INFO [main] ql.Driver: Created Hive schema: Schema(fieldSchemas:null, properties:null)
2024-04-23T21:16:41,941  INFO [main] metadata.Hive: Dumping metastore api call timing information for : compilation phase
2024-04-23T21:16:41,941  INFO [main] metadata.Hive: Total time spent in each metastore function (ms): {getValidTxns_(long)=0, commitTxn_(CommitTxnRequest)=9, flushCache_()=0, isCompatibleWith_(Configuration)=0, getValidWriteIds_(List, String)=2, openTxn_(String, TxnType)=2, getDatabase_(String)=2}
2024-04-23T21:16:41,942  INFO [main] ql.Driver: Completed compiling command(queryId=alex_20240423211641_115dc4e2-cf0f-4eac-af2c-ca04184570a2); Time taken: 0.007 seconds
2024-04-23T21:16:41,942  INFO [main] lockmgr.DbTxnManager: Setting lock request transaction to txnid:12 for queryId=alex_20240423211641_115dc4e2-cf0f-4eac-af2c-ca04184570a2
2024-04-23T21:16:41,942  INFO [main] lockmgr.DbLockManager: Requesting lock for queryId=alex_20240423211641_115dc4e2-cf0f-4eac-af2c-ca04184570a2
2024-04-23T21:16:41,955  INFO [main] lockmgr.DbLockManager: Response to queryId=alex_20240423211641_115dc4e2-cf0f-4eac-af2c-ca04184570a2 LockResponse(lockid:6, state:ACQUIRED)
2024-04-23T21:16:41,955  INFO [main] ql.Driver: Operation CREATETABLE obtained 1 locks
2024-04-23T21:16:41,955  INFO [main] ql.Driver: Executing command(queryId=alex_20240423211641_115dc4e2-cf0f-4eac-af2c-ca04184570a2): create table nonAcidNonBucket(a int, b int) stored as orc TBLPROPERTIES ('transactional'='false')
2024-04-23T21:16:41,955  INFO [main] ql.Driver: Starting task [Stage-0:DDL] in serial mode
2024-04-23T21:16:41,956  INFO [main] HiveMetaStore.audit: ugi=alex	ip=unknown-ip-addr	cmd=create_table_req: Table(tableName:nonAcidNonBucket, dbName:default, owner:alex, createTime:1713932201, lastAccessTime:0, retention:0, sd:StorageDescriptor(cols:[FieldSchema(name:a, type:int, comment:null), FieldSchema(name:b, type:int, comment:null)], location:null, inputFormat:org.apache.hadoop.hive.ql.io.orc.OrcInputFormat, outputFormat:org.apache.hadoop.hive.ql.io.orc.OrcOutputFormat, compressed:false, numBuckets:-1, serdeInfo:SerDeInfo(name:null, serializationLib:org.apache.hadoop.hive.ql.io.orc.OrcSerde, parameters:{serialization.format=1}), bucketCols:[], sortCols:[], parameters:{}, skewedInfo:SkewedInfo(skewedColNames:[], skewedColValues:[], skewedColValueLocationMaps:{}), storedAsSubDirectories:false), partitionKeys:[], parameters:{COLUMN_STATS_ACCURATE={"BASIC_STATS":"true","COLUMN_STATS":{"a":"true","b":"true"}}, totalSize=0, bucketing_version=2, transactional=false, rawDataSize=0, numRows=0, numFilesErasureCoded=0, numFiles=0}, viewOriginalText:null, viewExpandedText:null, tableType:MANAGED_TABLE, privileges:PrincipalPrivilegeSet(userPrivileges:{alex=[PrivilegeGrantInfo(privilege:INSERT, createTime:-1, grantor:alex, grantorType:USER, grantOption:true), PrivilegeGrantInfo(privilege:SELECT, createTime:-1, grantor:alex, grantorType:USER, grantOption:true), PrivilegeGrantInfo(privilege:UPDATE, createTime:-1, grantor:alex, grantorType:USER, grantOption:true), PrivilegeGrantInfo(privilege:DELETE, createTime:-1, grantor:alex, grantorType:USER, grantOption:true)]}, groupPrivileges:null, rolePrivileges:null), temporary:false, catName:hive, ownerType:USER)	
2024-04-23T21:16:41,962  INFO [main] utils.FileUtils: Creating directory if it doesn't exist: file:/home/alex/Repositories/hive/ql/target/tmp/org.apache.hadoop.hive.ql.TestTxnNoBuckets-1713932056679/warehouse/nonacidnonbucket
2024-04-23T21:16:41,975  INFO [main] metadata.Hive: Dumping metastore api call timing information for : execution phase
2024-04-23T21:16:41,975  INFO [main] metadata.Hive: Total time spent in each metastore function (ms): {isCompatibleWith_(Configuration)=0, createTable_(Table)=18}
2024-04-23T21:16:41,975  INFO [main] ql.Driver: Completed executing command(queryId=alex_20240423211641_115dc4e2-cf0f-4eac-af2c-ca04184570a2); Time taken: 0.02 seconds
2024-04-23T21:16:41,975  INFO [main] lockmgr.DbTxnManager: Stopped heartbeat for query: alex_20240423211641_115dc4e2-cf0f-4eac-af2c-ca04184570a2
2024-04-23T21:16:41,979  INFO [main] txn.TxnHandler: Expected to move at least one record from txn_components to completed_txn_components when committing txn! txnid:12
2024-04-23T21:16:41,984  INFO [main] txn.TxnHandler: Removed transactions: ([12]) from MIN_HISTORY_LEVEL
2024-04-23T21:16:41,984  WARN [main] txn.CompactionTxnHandler: No compaction queue record found for Compaction type transaction commit. txnId:12
2024-04-23T21:16:41,984  INFO [main] ql.TxnCommandsBaseForTests: Running the query: drop table if exists T
2024-04-23T21:16:41,985  INFO [main] ql.Driver: Compiling command(queryId=alex_20240423211641_7c25c636-c835-4a28-9a51-a980d38d0d94): drop table if exists T
2024-04-23T21:16:41,987  INFO [main] txn.TxnHandler: Added entries to MIN_HISTORY_LEVEL for current txns: ([13]) with min_open_txn: 1
2024-04-23T21:16:41,987  INFO [main] lockmgr.DbTxnManager: Opened txnid:13
2024-04-23T21:16:41,988  INFO [main] HiveMetaStore.audit: ugi=alex	ip=unknown-ip-addr	cmd=get_table : tbl=hive.default.T	
2024-04-23T21:16:42,005  INFO [main] metastore.HMSHandler: Skipping translation for processor with null
2024-04-23T21:16:42,006  INFO [main] ql.Driver: Semantic Analysis Completed (retrial = false)
2024-04-23T21:16:42,006  INFO [main] ql.Driver: Created Hive schema: Schema(fieldSchemas:null, properties:null)
2024-04-23T21:16:42,006  INFO [main] metadata.Hive: Dumping metastore api call timing information for : compilation phase
2024-04-23T21:16:42,006  INFO [main] metadata.Hive: Total time spent in each metastore function (ms): {commitTxn_(CommitTxnRequest)=9, getTable_(GetTableRequest)=18, flushCache_()=0, getValidTxns_(long)=1, openTxn_(String, TxnType)=2, isCompatibleWith_(Configuration)=0}
2024-04-23T21:16:42,006  INFO [main] ql.Driver: Completed compiling command(queryId=alex_20240423211641_7c25c636-c835-4a28-9a51-a980d38d0d94); Time taken: 0.021 seconds
2024-04-23T21:16:42,007  INFO [main] lockmgr.DbTxnManager: Setting lock request transaction to txnid:13 for queryId=alex_20240423211641_7c25c636-c835-4a28-9a51-a980d38d0d94
2024-04-23T21:16:42,007  INFO [main] lockmgr.DbLockManager: Requesting lock for queryId=alex_20240423211641_7c25c636-c835-4a28-9a51-a980d38d0d94
2024-04-23T21:16:42,025  INFO [main] lockmgr.DbLockManager: Response to queryId=alex_20240423211641_7c25c636-c835-4a28-9a51-a980d38d0d94 LockResponse(lockid:7, state:ACQUIRED)
2024-04-23T21:16:42,025  INFO [main] ql.Driver: Operation DROPTABLE obtained 1 locks
2024-04-23T21:16:42,025  INFO [main] ql.Driver: Executing command(queryId=alex_20240423211641_7c25c636-c835-4a28-9a51-a980d38d0d94): drop table if exists T
2024-04-23T21:16:42,025  INFO [main] ql.Driver: Starting task [Stage-0:DDL] in serial mode
2024-04-23T21:16:42,026  INFO [main] HiveMetaStore.audit: ugi=alex	ip=unknown-ip-addr	cmd=get_table : tbl=hive.default.T	
2024-04-23T21:16:42,032  INFO [main] metastore.HMSHandler: Skipping translation for processor with null
2024-04-23T21:16:42,032  INFO [main] HiveMetaStore.audit: ugi=alex	ip=unknown-ip-addr	cmd=get_table : tbl=hive.default.T	
2024-04-23T21:16:42,038  INFO [main] metastore.HMSHandler: Skipping translation for processor with null
2024-04-23T21:16:42,038  INFO [main] HiveMetaStore.audit: ugi=alex	ip=unknown-ip-addr	cmd=drop_table : tbl=hive.default.T	
2024-04-23T21:16:42,136  WARN [main] utils.FileUtils: File file:/home/alex/Repositories/hive/ql/target/tmp/org.apache.hadoop.hive.ql.TestTxnNoBuckets-1713932056679/warehouse/t does not exist; Force to delete it.
2024-04-23T21:16:42,136 ERROR [main] utils.FileUtils: Failed to delete file:/home/alex/Repositories/hive/ql/target/tmp/org.apache.hadoop.hive.ql.TestTxnNoBuckets-1713932056679/warehouse/t
2024-04-23T21:16:42,137  INFO [main] metadata.Hive: Dumping metastore api call timing information for : execution phase
2024-04-23T21:16:42,137  INFO [main] metadata.Hive: Total time spent in each metastore function (ms): {dropTable_(String, String, boolean, boolean, boolean)=104, isCompatibleWith_(Configuration)=0, getTable_(GetTableRequest)=6}
2024-04-23T21:16:42,137  INFO [main] ql.Driver: Completed executing command(queryId=alex_20240423211641_7c25c636-c835-4a28-9a51-a980d38d0d94); Time taken: 0.112 seconds
2024-04-23T21:16:42,137  INFO [main] lockmgr.DbTxnManager: Stopped heartbeat for query: alex_20240423211641_7c25c636-c835-4a28-9a51-a980d38d0d94
2024-04-23T21:16:42,141  INFO [main] txn.TxnHandler: Expected to move at least one record from txn_components to completed_txn_components when committing txn! txnid:13
2024-04-23T21:16:42,147  INFO [main] txn.TxnHandler: Removed transactions: ([13]) from MIN_HISTORY_LEVEL
2024-04-23T21:16:42,147  WARN [main] txn.CompactionTxnHandler: No compaction queue record found for Compaction type transaction commit. txnId:13
2024-04-23T21:16:42,148  INFO [main] ql.TxnCommandsBaseForTests: Running the query: create table T(a int, b int) stored as orc tblproperties('transactional'='false')
2024-04-23T21:16:42,148  INFO [main] ql.Driver: Compiling command(queryId=alex_20240423211642_f920e68f-d271-4163-b671-122639c2436d): create table T(a int, b int) stored as orc tblproperties('transactional'='false')
2024-04-23T21:16:42,150  INFO [main] txn.TxnHandler: Added entries to MIN_HISTORY_LEVEL for current txns: ([14]) with min_open_txn: 1
2024-04-23T21:16:42,150  INFO [main] lockmgr.DbTxnManager: Opened txnid:14
2024-04-23T21:16:42,151  INFO [main] parse.CalcitePlanner: Starting caching scope for: 
2024-04-23T21:16:42,151  INFO [main] parse.CalcitePlanner: Starting Semantic Analysis
2024-04-23T21:16:42,156  INFO [main] parse.CalcitePlanner: Creating table default.T position=13
2024-04-23T21:16:42,156  INFO [main] HiveMetaStore.audit: ugi=alex	ip=unknown-ip-addr	cmd=get_database: default	
2024-04-23T21:16:42,157  INFO [main] parse.CalcitePlanner: Ending caching scope for: 
2024-04-23T21:16:42,157  INFO [main] ql.Driver: Semantic Analysis Completed (retrial = false)
2024-04-23T21:16:42,158  INFO [main] ql.Driver: Created Hive schema: Schema(fieldSchemas:null, properties:null)
2024-04-23T21:16:42,158  INFO [main] metadata.Hive: Dumping metastore api call timing information for : compilation phase
2024-04-23T21:16:42,158  INFO [main] metadata.Hive: Total time spent in each metastore function (ms): {commitTxn_(CommitTxnRequest)=10, isCompatibleWith_(Configuration)=0, getValidWriteIds_(List, String)=5, flushCache_()=0, getValidTxns_(long)=1, openTxn_(String, TxnType)=2, getDatabase_(String)=1}
2024-04-23T21:16:42,158  INFO [main] ql.Driver: Completed compiling command(queryId=alex_20240423211642_f920e68f-d271-4163-b671-122639c2436d); Time taken: 0.01 seconds
2024-04-23T21:16:42,158  INFO [main] lockmgr.DbTxnManager: Setting lock request transaction to txnid:14 for queryId=alex_20240423211642_f920e68f-d271-4163-b671-122639c2436d
2024-04-23T21:16:42,158  INFO [main] lockmgr.DbLockManager: Requesting lock for queryId=alex_20240423211642_f920e68f-d271-4163-b671-122639c2436d
2024-04-23T21:16:42,172  INFO [main] lockmgr.DbLockManager: Response to queryId=alex_20240423211642_f920e68f-d271-4163-b671-122639c2436d LockResponse(lockid:8, state:ACQUIRED)
2024-04-23T21:16:42,172  INFO [main] ql.Driver: Operation CREATETABLE obtained 1 locks
2024-04-23T21:16:42,172  INFO [main] ql.Driver: Executing command(queryId=alex_20240423211642_f920e68f-d271-4163-b671-122639c2436d): create table T(a int, b int) stored as orc tblproperties('transactional'='false')
2024-04-23T21:16:42,173  INFO [main] ql.Driver: Starting task [Stage-0:DDL] in serial mode
2024-04-23T21:16:42,173  INFO [main] HiveMetaStore.audit: ugi=alex	ip=unknown-ip-addr	cmd=create_table_req: Table(tableName:T, dbName:default, owner:alex, createTime:1713932202, lastAccessTime:0, retention:0, sd:StorageDescriptor(cols:[FieldSchema(name:a, type:int, comment:null), FieldSchema(name:b, type:int, comment:null)], location:null, inputFormat:org.apache.hadoop.hive.ql.io.orc.OrcInputFormat, outputFormat:org.apache.hadoop.hive.ql.io.orc.OrcOutputFormat, compressed:false, numBuckets:-1, serdeInfo:SerDeInfo(name:null, serializationLib:org.apache.hadoop.hive.ql.io.orc.OrcSerde, parameters:{serialization.format=1}), bucketCols:[], sortCols:[], parameters:{}, skewedInfo:SkewedInfo(skewedColNames:[], skewedColValues:[], skewedColValueLocationMaps:{}), storedAsSubDirectories:false), partitionKeys:[], parameters:{bucketing_version=2, transactional=false, numFilesErasureCoded=0, rawDataSize=0, numFiles=0, numRows=0, COLUMN_STATS_ACCURATE={"BASIC_STATS":"true","COLUMN_STATS":{"a":"true","b":"true"}}, totalSize=0}, viewOriginalText:null, viewExpandedText:null, tableType:MANAGED_TABLE, privileges:PrincipalPrivilegeSet(userPrivileges:{alex=[PrivilegeGrantInfo(privilege:INSERT, createTime:-1, grantor:alex, grantorType:USER, grantOption:true), PrivilegeGrantInfo(privilege:SELECT, createTime:-1, grantor:alex, grantorType:USER, grantOption:true), PrivilegeGrantInfo(privilege:UPDATE, createTime:-1, grantor:alex, grantorType:USER, grantOption:true), PrivilegeGrantInfo(privilege:DELETE, createTime:-1, grantor:alex, grantorType:USER, grantOption:true)]}, groupPrivileges:null, rolePrivileges:null), temporary:false, catName:hive, ownerType:USER)	
2024-04-23T21:16:42,179  INFO [main] utils.FileUtils: Creating directory if it doesn't exist: file:/home/alex/Repositories/hive/ql/target/tmp/org.apache.hadoop.hive.ql.TestTxnNoBuckets-1713932056679/warehouse/t
2024-04-23T21:16:42,213  INFO [main] metadata.Hive: Dumping metastore api call timing information for : execution phase
2024-04-23T21:16:42,213  INFO [main] metadata.Hive: Total time spent in each metastore function (ms): {isCompatibleWith_(Configuration)=0, createTable_(Table)=40}
2024-04-23T21:16:42,213  INFO [main] ql.Driver: Completed executing command(queryId=alex_20240423211642_f920e68f-d271-4163-b671-122639c2436d); Time taken: 0.041 seconds
2024-04-23T21:16:42,214  INFO [main] lockmgr.DbTxnManager: Stopped heartbeat for query: alex_20240423211642_f920e68f-d271-4163-b671-122639c2436d
2024-04-23T21:16:42,218  INFO [main] txn.TxnHandler: Expected to move at least one record from txn_components to completed_txn_components when committing txn! txnid:14
2024-04-23T21:16:42,226  INFO [main] txn.TxnHandler: Removed transactions: ([14]) from MIN_HISTORY_LEVEL
2024-04-23T21:16:42,226  WARN [main] txn.CompactionTxnHandler: No compaction queue record found for Compaction type transaction commit. txnId:14
2024-04-23T21:16:42,227  INFO [main] ql.TxnCommandsBaseForTests: Running the query: insert into T(a, b)  values(1,2),(2,4),(5,6),(6,8),(9,10)
2024-04-23T21:16:42,227  INFO [main] ql.Driver: Compiling command(queryId=alex_20240423211642_251dc8a1-a837-4e35-950f-54a00a90008f): insert into T(a, b)  values(1,2),(2,4),(5,6),(6,8),(9,10)
2024-04-23T21:16:42,231  INFO [main] txn.TxnHandler: Added entries to MIN_HISTORY_LEVEL for current txns: ([15]) with min_open_txn: 1
2024-04-23T21:16:42,231  INFO [main] lockmgr.DbTxnManager: Opened txnid:15
2024-04-23T21:16:42,232  INFO [main] parse.CalcitePlanner: Starting caching scope for: 
2024-04-23T21:16:42,232  INFO [main] parse.CalcitePlanner: Starting Semantic Analysis
2024-04-23T21:16:42,236  INFO [main] HiveMetaStore.audit: ugi=alex	ip=unknown-ip-addr	cmd=get_table : tbl=hive.default.T	
2024-04-23T21:16:42,262  INFO [main] metastore.HMSHandler: Skipping translation for processor with null
2024-04-23T21:16:42,263  INFO [main] parse.CalcitePlanner: Completed phase 1 of Semantic Analysis
2024-04-23T21:16:42,263  INFO [main] parse.CalcitePlanner: Get metadata for source tables
2024-04-23T21:16:42,263  INFO [main] parse.CalcitePlanner: Get metadata for subqueries
2024-04-23T21:16:42,263  INFO [main] parse.CalcitePlanner: Get metadata for destination tables
2024-04-23T21:16:42,263  INFO [main] HiveMetaStore.audit: ugi=alex	ip=unknown-ip-addr	cmd=get_table : tbl=hive.default.T	
2024-04-23T21:16:42,271  INFO [main] metastore.HMSHandler: Skipping translation for processor with null
2024-04-23T21:16:42,271  INFO [main] parse.CalcitePlanner: Completed getting MetaData in Semantic Analysis
2024-04-23T21:16:42,271  INFO [main] parse.CalcitePlanner: Disabling LLAP IO encode as ETL query is detected
2024-04-23T21:16:42,292  INFO [main] HiveMetaStore.audit: ugi=alex	ip=unknown-ip-addr	cmd=get_all_table_constraints : tbl=hive._dummy_database._dummy_table	
2024-04-23T21:16:42,365  INFO [main] parse.CalcitePlanner: Get metadata for source tables
2024-04-23T21:16:42,365  INFO [main] parse.CalcitePlanner: Get metadata for subqueries
2024-04-23T21:16:42,365  INFO [main] parse.CalcitePlanner: Get metadata for source tables
2024-04-23T21:16:42,366  INFO [main] HiveMetaStore.audit: ugi=alex	ip=unknown-ip-addr	cmd=get_table : tbl=hive._dummy_database._dummy_table	
2024-04-23T21:16:42,369  INFO [main] parse.CalcitePlanner: Get metadata for subqueries
2024-04-23T21:16:42,369  INFO [main] parse.CalcitePlanner: Get metadata for destination tables
2024-04-23T21:16:42,369  INFO [main] parse.CalcitePlanner: Get metadata for destination tables
2024-04-23T21:16:42,369  INFO [main] HiveMetaStore.audit: ugi=alex	ip=unknown-ip-addr	cmd=get_table : tbl=hive.default.T	
2024-04-23T21:16:42,378  INFO [main] metastore.HMSHandler: Skipping translation for processor with null
2024-04-23T21:16:42,381  INFO [main] common.FileUtils: Creating directory if it doesn't exist: file:/home/alex/Repositories/hive/ql/target/tmp/org.apache.hadoop.hive.ql.TestTxnNoBuckets-1713932056679/warehouse/t/.hive-staging_hive_2024-04-23_21-16-42_227_1162075768997813896-1
2024-04-23T21:16:42,384  INFO [main] HiveMetaStore.audit: ugi=alex	ip=unknown-ip-addr	cmd=get_not_null_constraints : tbl=hive.default.t	
2024-04-23T21:16:42,385  INFO [main] HiveMetaStore.audit: ugi=alex	ip=unknown-ip-addr	cmd=get_check_constraints : tbl=hive.default.t	
2024-04-23T21:16:42,386  INFO [main] parse.CalcitePlanner: CBO Succeeded; optimized logical plan.
2024-04-23T21:16:42,389  INFO [main] optimizer.BucketVersionPopulator: not considering bucketingVersion for: TS[0] because it has -1<2 buckets 
2024-04-23T21:16:42,390  INFO [main] optimizer.SortedDynPartitionOptimizer: Sorted dynamic partitioning optimization kicked in..
2024-04-23T21:16:42,398  INFO [main] HiveMetaStore.audit: ugi=alex	ip=unknown-ip-addr	cmd=get_table : tbl=hive.default.t	
2024-04-23T21:16:42,407  INFO [main] metastore.HMSHandler: Skipping translation for processor with null
2024-04-23T21:16:42,407  INFO [main] optimizer.GenMRFileSink1: using CombineHiveInputformat for the merge job
2024-04-23T21:16:42,408  INFO [main] HiveMetaStore.audit: ugi=alex	ip=unknown-ip-addr	cmd=get_table : tbl=hive.default.t	
2024-04-23T21:16:42,417  INFO [main] metastore.HMSHandler: Skipping translation for processor with null
2024-04-23T21:16:42,440  INFO [main] physical.Vectorizer: Examining input format to see if vectorization is enabled.
2024-04-23T21:16:42,442  INFO [main] physical.Vectorizer: Map vectorization enabled: false
2024-04-23T21:16:42,442  INFO [main] physical.Vectorizer: Map vectorized: false
2024-04-23T21:16:42,442  INFO [main] physical.Vectorizer: Map vectorizedVertexNum: 0
2024-04-23T21:16:42,442  INFO [main] physical.Vectorizer: Map enabledConditionsMet: [hive.vectorized.use.vectorized.input.format IS true]
2024-04-23T21:16:42,442  INFO [main] physical.Vectorizer: Map enabledConditionsNotMet: [Could not enable vectorization due to partition column names size 1 is greater than the number of table column names size 0 IS false]
2024-04-23T21:16:42,442  INFO [main] physical.Vectorizer: Map inputFileFormatClassNameSet: [org.apache.hadoop.hive.ql.io.NullRowsInputFormat]
2024-04-23T21:16:42,443  INFO [main] parse.CalcitePlanner: Completed plan generation
2024-04-23T21:16:42,443  INFO [main] parse.CalcitePlanner: Ending caching scope for: 
2024-04-23T21:16:42,443  INFO [main] ql.Driver: Semantic Analysis Completed (retrial = false)
2024-04-23T21:16:42,443  INFO [main] ql.Driver: Created Hive schema: Schema(fieldSchemas:[FieldSchema(name:_col0, type:int, comment:null), FieldSchema(name:_col1, type:int, comment:null)], properties:null)
2024-04-23T21:16:42,443  INFO [main] metadata.Hive: Dumping metastore api call timing information for : compilation phase
2024-04-23T21:16:42,443  INFO [main] metadata.Hive: Total time spent in each metastore function (ms): {getAllTableConstraints_(AllTableConstraintsRequest)=29, isCompatibleWith_(Configuration)=2, getNotNullConstraints_(NotNullConstraintsRequest)=2, flushCache_()=0, commitTxn_(CommitTxnRequest)=13, openTxn_(String, TxnType)=2, getValidWriteIds_(List, String)=4, getCheckConstraints_(CheckConstraintsRequest)=1, getValidTxns_(long)=0, getTable_(GetTableRequest)=62}
2024-04-23T21:16:42,443  INFO [main] ql.Driver: Completed compiling command(queryId=alex_20240423211642_251dc8a1-a837-4e35-950f-54a00a90008f); Time taken: 0.216 seconds
2024-04-23T21:16:42,444  INFO [main] lockmgr.DbTxnManager: Setting lock request transaction to txnid:15 for queryId=alex_20240423211642_251dc8a1-a837-4e35-950f-54a00a90008f
2024-04-23T21:16:42,444  INFO [main] lockmgr.DbLockManager: Requesting lock for queryId=alex_20240423211642_251dc8a1-a837-4e35-950f-54a00a90008f
2024-04-23T21:16:42,463  INFO [main] lockmgr.DbLockManager: Response to queryId=alex_20240423211642_251dc8a1-a837-4e35-950f-54a00a90008f LockResponse(lockid:9, state:ACQUIRED)
2024-04-23T21:16:42,463  INFO [main] ql.Driver: Operation QUERY obtained 1 locks
2024-04-23T21:16:42,463  INFO [main] ql.Driver: Executing command(queryId=alex_20240423211642_251dc8a1-a837-4e35-950f-54a00a90008f): insert into T(a, b)  values(1,2),(2,4),(5,6),(6,8),(9,10)
2024-04-23T21:16:42,465  WARN [main] ql.Driver: Hive-on-MR is deprecated in Hive 2 and may not be available in the future versions. Consider using a different execution engine (i.e. tez, spark) or using Hive 1.X releases.
Query ID = alex_20240423211642_251dc8a1-a837-4e35-950f-54a00a90008f
2024-04-23T21:16:42,465  INFO [main] ql.Driver: Query ID = alex_20240423211642_251dc8a1-a837-4e35-950f-54a00a90008f
Total jobs = 1
2024-04-23T21:16:42,465  INFO [main] ql.Driver: Total jobs = 1
Launching Job 1 out of 1
2024-04-23T21:16:42,465  INFO [main] ql.Driver: Launching Job 1 out of 1
2024-04-23T21:16:42,598  INFO [main] ql.Driver: Starting task [Stage-1:MAPRED] in serial mode
Number of reduce tasks is set to 0 since there's no reduce operator
2024-04-23T21:16:42,598  INFO [main] exec.Task: Number of reduce tasks is set to 0 since there's no reduce operator
2024-04-23T21:16:42,601  INFO [main] mr.ExecDriver: Using org.apache.hadoop.hive.ql.io.HiveInputFormat
2024-04-23T21:16:42,601  INFO [main] exec.Utilities: Processing alias $hdt$_0:_dummy_table
2024-04-23T21:16:42,601  INFO [main] exec.Utilities: Adding 1 inputs; the first input is file:/home/alex/Repositories/hive/ql/target/tmp/localscratchdir/df58eaf1-daa5-4565-87e2-2bd14a74e52d/hive_2024-04-23_21-16-42_227_1162075768997813896-1/dummy_path
2024-04-23T21:16:42,612  INFO [main] exec.SerializationUtilities: Serializing MapWork using kryo
2024-04-23T21:16:42,613  INFO [main] exec.Utilities: Serialized plan (via FILE) - name: null size: 6,13KB
2024-04-23T21:16:42,614  WARN [main] impl.MetricsSystemImpl: JobTracker metrics system already initialized!
2024-04-23T21:16:42,618  INFO [main] fs.FSStatsPublisher: created : file:/home/alex/Repositories/hive/ql/target/tmp/localscratchdir/df58eaf1-daa5-4565-87e2-2bd14a74e52d/hive_2024-04-23_21-16-42_227_1162075768997813896-1/-mr-10001
2024-04-23T21:16:42,623  WARN [main] impl.MetricsSystemImpl: JobTracker metrics system already initialized!
2024-04-23T21:16:42,632  WARN [main] mapreduce.JobResourceUploader: Hadoop command-line option parsing not performed. Implement the Tool interface and execute your application with ToolRunner to remedy this.
2024-04-23T21:16:42,636  WARN [main] mapreduce.JobResourceUploader: No job jar file set.  User classes may not be found. See Job or Job#setJar(String).
2024-04-23T21:16:42,637  INFO [main] io.HiveInputFormat: hive.io.file.readcolumn.ids = 
2024-04-23T21:16:42,637  INFO [main] io.HiveInputFormat: hive.io.file.readcolumn.names = 
2024-04-23T21:16:42,637  INFO [main] io.HiveInputFormat: Generating splits for dirs: file:/home/alex/Repositories/hive/ql/target/tmp/localscratchdir/df58eaf1-daa5-4565-87e2-2bd14a74e52d/hive_2024-04-23_21-16-42_227_1162075768997813896-1/dummy_path
2024-04-23T21:16:42,638  INFO [main] io.HiveInputFormat: number of splits 1
2024-04-23T21:16:42,656  INFO [main] mapreduce.JobSubmitter: number of splits:1
2024-04-23T21:16:42,675  INFO [main] mapreduce.JobSubmitter: Submitting tokens for job: job_local1866077278_0066
2024-04-23T21:16:42,675  INFO [main] mapreduce.JobSubmitter: Executing with tokens: []
2024-04-23T21:16:42,733  INFO [main] mapreduce.Job: The url to track the job: http://localhost:8080/
Job running in-process (local Hadoop)
2024-04-23T21:16:42,733  INFO [main] exec.Task: Job running in-process (local Hadoop)
2024-04-23T21:16:42,733  INFO [Thread-4339] mapred.LocalJobRunner: OutputCommitter set in config org.apache.hadoop.hive.ql.io.HiveFileFormatUtils$NullOutputCommitter
2024-04-23T21:16:42,733  INFO [Thread-4339] mapred.LocalJobRunner: OutputCommitter is org.apache.hadoop.hive.ql.io.HiveFileFormatUtils$NullOutputCommitter
2024-04-23T21:16:42,735  INFO [Thread-4339] mapred.LocalJobRunner: Waiting for map tasks
2024-04-23T21:16:42,735  INFO [LocalJobRunner Map Task Executor #0] mapred.LocalJobRunner: Starting task: attempt_local1866077278_0066_m_000000_0
2024-04-23T21:16:42,738  INFO [LocalJobRunner Map Task Executor #0] mapred.Task:  Using ResourceCalculatorProcessTree : [ ]
2024-04-23T21:16:42,738  INFO [LocalJobRunner Map Task Executor #0] mapred.MapTask: Processing split: org.apache.hadoop.hive.ql.io.NullRowsInputFormat:file:/home/alex/Repositories/hive/ql/target/tmp/localscratchdir/df58eaf1-daa5-4565-87e2-2bd14a74e52d/hive_2024-04-23_21-16-42_227_1162075768997813896-1/dummy_path/null:0+1
2024-04-23T21:16:42,740  INFO [LocalJobRunner Map Task Executor #0] exec.SerializationUtilities: Deserializing MapWork using kryo
2024-04-23T21:16:42,741  INFO [LocalJobRunner Map Task Executor #0] exec.Utilities: Deserialized plan (via FILE) - name: null size: 6,13KB
2024-04-23T21:16:42,742  INFO [LocalJobRunner Map Task Executor #0] mapred.MapTask: numReduceTasks: 0
2024-04-23T21:16:42,744  INFO [LocalJobRunner Map Task Executor #0] exec.MapOperator: Initializing Operator: MAP[0]
2024-04-23T21:16:42,744  INFO [LocalJobRunner Map Task Executor #0] mr.ExecMapper: 
<MAP>Id =0
  <Children>null
  <\Children>
  <Parent><\Parent>
<\MAP>
2024-04-23T21:16:42,745  INFO [LocalJobRunner Map Task Executor #0] exec.TableScanOperator: Initializing Operator: TS[0]
2024-04-23T21:16:42,745  INFO [LocalJobRunner Map Task Executor #0] exec.SelectOperator: Initializing Operator: SEL[1]
2024-04-23T21:16:42,745  INFO [LocalJobRunner Map Task Executor #0] exec.SelectOperator: SELECT null
2024-04-23T21:16:42,745  INFO [LocalJobRunner Map Task Executor #0] exec.UDTFOperator: Initializing Operator: UDTF[2]
2024-04-23T21:16:42,745  INFO [LocalJobRunner Map Task Executor #0] exec.SelectOperator: Initializing Operator: SEL[3]
2024-04-23T21:16:42,745  INFO [LocalJobRunner Map Task Executor #0] exec.SelectOperator: SELECT struct<col1:int,col2:int>
2024-04-23T21:16:42,745  INFO [LocalJobRunner Map Task Executor #0] exec.FileSinkOperator: Initializing Operator: FS[4]
2024-04-23T21:16:42,746  INFO [LocalJobRunner Map Task Executor #0] exec.FileSinkOperator: Using serializer : AbstractSerDe [log=org.apache.logging.slf4j.Log4jLogger@261f1262, configuration=Optional[Configuration: core-default.xml, core-site.xml, mapred-default.xml, mapred-site.xml, yarn-default.xml, yarn-site.xml, hdfs-default.xml, hdfs-site.xml, file:/home/alex/Repositories/hive/ql/target/tmp/TestTxnNoBuckets/mapred/local/localRunner/alex/job_local1866077278_0066/job_local1866077278_0066.xml], properties={name=default.t, columns.types=int:int, serialization.format=1, columns=a,b, numFilesErasureCoded=0, columns.comments=&amp#0;, bucketing_version=2, serialization.lib=org.apache.hadoop.hive.ql.io.orc.OrcSerde, file.inputformat=org.apache.hadoop.hive.ql.io.orc.OrcInputFormat, file.outputformat=org.apache.hadoop.hive.ql.io.orc.OrcOutputFormat, location=file:/home/alex/Repositories/hive/ql/target/tmp/org.apache.hadoop.hive.ql.TestTxnNoBuckets-1713932056679/warehouse/t, column.name.delimiter=,}, tableProperties={name=default.t, columns.types=int:int, serialization.format=1, columns=a,b, numFilesErasureCoded=0, columns.comments=&amp#0;, bucketing_version=2, serialization.lib=org.apache.hadoop.hive.ql.io.orc.OrcSerde, file.inputformat=org.apache.hadoop.hive.ql.io.orc.OrcInputFormat, location=file:/home/alex/Repositories/hive/ql/target/tmp/org.apache.hadoop.hive.ql.TestTxnNoBuckets-1713932056679/warehouse/t, file.outputformat=org.apache.hadoop.hive.ql.io.orc.OrcOutputFormat, column.name.delimiter=,}, partitionProperties=Optional.empty, columnNames=[a, b], columnTypes=[int, int], getClass()=class org.apache.hadoop.hive.ql.io.orc.OrcSerde] and formatter : org.apache.hadoop.hive.ql.io.orc.OrcOutputFormat@493e675d
2024-04-23T21:16:42,746  INFO [LocalJobRunner Map Task Executor #0] exec.FileSinkOperator: Final Path: FS file:/home/alex/Repositories/hive/ql/target/tmp/org.apache.hadoop.hive.ql.TestTxnNoBuckets-1713932056679/warehouse/t/.hive-staging_hive_2024-04-23_21-16-42_227_1162075768997813896-1/_tmp.-ext-10002/000000_0
2024-04-23T21:16:42,746  INFO [LocalJobRunner Map Task Executor #0] exec.FileSinkOperator: Writing to temp file: FS file:/home/alex/Repositories/hive/ql/target/tmp/org.apache.hadoop.hive.ql.TestTxnNoBuckets-1713932056679/warehouse/t/.hive-staging_hive_2024-04-23_21-16-42_227_1162075768997813896-1/_task_tmp.-ext-10002/_tmp.000000_0
2024-04-23T21:16:42,746  INFO [LocalJobRunner Map Task Executor #0] exec.FileSinkOperator: New Final Path: FS file:/home/alex/Repositories/hive/ql/target/tmp/org.apache.hadoop.hive.ql.TestTxnNoBuckets-1713932056679/warehouse/t/.hive-staging_hive_2024-04-23_21-16-42_227_1162075768997813896-1/_tmp.-ext-10002/000000_0
2024-04-23T21:16:42,748  INFO [LocalJobRunner Map Task Executor #0] exec.FileSinkOperator: FS[4]: records written - 1
2024-04-23T21:16:42,748  INFO [LocalJobRunner Map Task Executor #0] impl.PhysicalFsWriter: ORC writer created for path: file:/home/alex/Repositories/hive/ql/target/tmp/org.apache.hadoop.hive.ql.TestTxnNoBuckets-1713932056679/warehouse/t/.hive-staging_hive_2024-04-23_21-16-42_227_1162075768997813896-1/_task_tmp.-ext-10002/_tmp.000000_0 with stripeSize: 67108864 blockSize: 268435456 compression: Compress: ZLIB buffer: 262144
2024-04-23T21:16:42,755  INFO [LocalJobRunner Map Task Executor #0] impl.WriterImpl: ORC writer created for path: file:/home/alex/Repositories/hive/ql/target/tmp/org.apache.hadoop.hive.ql.TestTxnNoBuckets-1713932056679/warehouse/t/.hive-staging_hive_2024-04-23_21-16-42_227_1162075768997813896-1/_task_tmp.-ext-10002/_tmp.000000_0 with stripeSize: 67108864 options: Compress: ZLIB buffer: 262144
2024-04-23T21:16:42,755  INFO [LocalJobRunner Map Task Executor #0] exec.MapOperator: MAP[0]: records read - 1
2024-04-23T21:16:42,755  INFO [LocalJobRunner Map Task Executor #0] exec.MapOperator: Closing Operator: MAP[0]
2024-04-23T21:16:42,755  INFO [LocalJobRunner Map Task Executor #0] exec.MapOperator: MAP[0]: Total records read - 3. abort - false
2024-04-23T21:16:42,755  INFO [LocalJobRunner Map Task Executor #0] exec.MapOperator: DESERIALIZE_ERRORS:0, RECORDS_OUT_INTERMEDIATE:0, RECORDS_IN:3, RECORDS_OUT_OPERATOR_MAP_0:0, 
2024-04-23T21:16:42,755  INFO [LocalJobRunner Map Task Executor #0] exec.TableScanOperator: Closing Operator: TS[0]
2024-04-23T21:16:42,755  INFO [LocalJobRunner Map Task Executor #0] exec.TableScanOperator: RECORDS_OUT_OPERATOR_TS_0:1, RECORDS_OUT_INTERMEDIATE:0, 
2024-04-23T21:16:42,755  INFO [LocalJobRunner Map Task Executor #0] exec.SelectOperator: Closing Operator: SEL[1]
2024-04-23T21:16:42,755  INFO [LocalJobRunner Map Task Executor #0] exec.SelectOperator: RECORDS_OUT_OPERATOR_SEL_1:1, RECORDS_OUT_INTERMEDIATE:0, 
2024-04-23T21:16:42,755  INFO [LocalJobRunner Map Task Executor #0] exec.UDTFOperator: Closing Operator: UDTF[2]
2024-04-23T21:16:42,755  INFO [LocalJobRunner Map Task Executor #0] exec.UDTFOperator: RECORDS_OUT_INTERMEDIATE:0, RECORDS_OUT_OPERATOR_UDTF_2:5, 
2024-04-23T21:16:42,755  INFO [LocalJobRunner Map Task Executor #0] exec.SelectOperator: Closing Operator: SEL[3]
2024-04-23T21:16:42,755  INFO [LocalJobRunner Map Task Executor #0] exec.SelectOperator: RECORDS_OUT_OPERATOR_SEL_3:5, RECORDS_OUT_INTERMEDIATE:0, 
2024-04-23T21:16:42,755  INFO [LocalJobRunner Map Task Executor #0] exec.FileSinkOperator: Closing Operator: FS[4]
2024-04-23T21:16:42,755  INFO [LocalJobRunner Map Task Executor #0] exec.FileSinkOperator: FS[4]: records written - 5
2024-04-23T21:16:42,761  INFO [LocalJobRunner Map Task Executor #0] exec.FileSinkOperator: RECORDS_OUT_OPERATOR_FS_4:5, RECORDS_OUT_INTERMEDIATE:0, TOTAL_TABLE_ROWS_WRITTEN:5, RECORDS_OUT_1_default.t:5, 
2024-04-23T21:16:42,762  INFO [LocalJobRunner Map Task Executor #0] mapred.LocalJobRunner: 
2024-04-23T21:16:42,764  INFO [LocalJobRunner Map Task Executor #0] mapred.Task: Task:attempt_local1866077278_0066_m_000000_0 is done. And is in the process of committing
2024-04-23T21:16:42,764  INFO [LocalJobRunner Map Task Executor #0] mapred.LocalJobRunner: map
2024-04-23T21:16:42,764  INFO [LocalJobRunner Map Task Executor #0] mapred.Task: Task 'attempt_local1866077278_0066_m_000000_0' done.
2024-04-23T21:16:42,764  INFO [LocalJobRunner Map Task Executor #0] mapred.Task: Final Counters for attempt_local1866077278_0066_m_000000_0: Counters: 27
	File System Counters
		FILE: Number of bytes read=1505404
		FILE: Number of bytes written=77731236
		FILE: Number of read operations=0
		FILE: Number of large read operations=0
		FILE: Number of write operations=0
	Map-Reduce Framework
		Map input records=4
		Map output records=0
		Input split bytes=361
		Spilled Records=0
		Failed Shuffles=0
		Merged Map outputs=0
		GC time elapsed (ms)=0
		Total committed heap usage (bytes)=1193803776
	HIVE
		CREATED_FILES=1
		DESERIALIZE_ERRORS=0
		RECORDS_IN=3
		RECORDS_OUT_1_default.t=5
		RECORDS_OUT_INTERMEDIATE=0
		RECORDS_OUT_OPERATOR_FS_4=5
		RECORDS_OUT_OPERATOR_MAP_0=0
		RECORDS_OUT_OPERATOR_SEL_1=1
		RECORDS_OUT_OPERATOR_SEL_3=5
		RECORDS_OUT_OPERATOR_TS_0=1
		RECORDS_OUT_OPERATOR_UDTF_2=5
		TOTAL_TABLE_ROWS_WRITTEN=5
	File Input Format Counters 
		Bytes Read=6187
	File Output Format Counters 
		Bytes Written=0
2024-04-23T21:16:42,764  INFO [LocalJobRunner Map Task Executor #0] mapred.LocalJobRunner: Finishing task: attempt_local1866077278_0066_m_000000_0
2024-04-23T21:16:42,764  INFO [Thread-4339] mapred.LocalJobRunner: map task executor complete.
2024-04-23 21:16:43,735 Stage-1 map = 100%,  reduce = 0%
2024-04-23T21:16:43,735  INFO [main] exec.Task: 2024-04-23 21:16:43,735 Stage-1 map = 100%,  reduce = 0%
Ended Job = job_local1866077278_0066
2024-04-23T21:16:43,737  INFO [main] exec.Task: Ended Job = job_local1866077278_0066
2024-04-23T21:16:43,740  INFO [main] ql.Driver: Starting task [Stage-7:CONDITIONAL] in serial mode
Stage-4 is selected by condition resolver.
2024-04-23T21:16:43,741  INFO [main] exec.Task: Stage-4 is selected by condition resolver.
Stage-3 is filtered out by condition resolver.
2024-04-23T21:16:43,741  INFO [main] exec.Task: Stage-3 is filtered out by condition resolver.
Stage-5 is filtered out by condition resolver.
2024-04-23T21:16:43,741  INFO [main] exec.Task: Stage-5 is filtered out by condition resolver.
2024-04-23T21:16:43,741  INFO [main] ql.Driver: Starting task [Stage-4:MOVE] in serial mode
Moving data to directory file:/home/alex/Repositories/hive/ql/target/tmp/org.apache.hadoop.hive.ql.TestTxnNoBuckets-1713932056679/warehouse/t/.hive-staging_hive_2024-04-23_21-16-42_227_1162075768997813896-1/-ext-10000
2024-04-23T21:16:43,741  INFO [main] exec.Task: Moving data to directory file:/home/alex/Repositories/hive/ql/target/tmp/org.apache.hadoop.hive.ql.TestTxnNoBuckets-1713932056679/warehouse/t/.hive-staging_hive_2024-04-23_21-16-42_227_1162075768997813896-1/-ext-10000 from file:/home/alex/Repositories/hive/ql/target/tmp/org.apache.hadoop.hive.ql.TestTxnNoBuckets-1713932056679/warehouse/t/.hive-staging_hive_2024-04-23_21-16-42_227_1162075768997813896-1/-ext-10002
2024-04-23T21:16:43,741  INFO [main] ql.Driver: Starting task [Stage-0:MOVE] in serial mode
Loading data to table default.t
2024-04-23T21:16:43,741  INFO [main] exec.Task: Loading data to table default.t from file:/home/alex/Repositories/hive/ql/target/tmp/org.apache.hadoop.hive.ql.TestTxnNoBuckets-1713932056679/warehouse/t/.hive-staging_hive_2024-04-23_21-16-42_227_1162075768997813896-1/-ext-10000
2024-04-23T21:16:43,741  INFO [main] HiveMetaStore.audit: ugi=alex	ip=unknown-ip-addr	cmd=get_table : tbl=hive.default.t	
2024-04-23T21:16:43,749  INFO [main] metastore.HMSHandler: Skipping translation for processor with null
2024-04-23T21:16:43,750  INFO [main] HiveMetaStore.audit: ugi=alex	ip=unknown-ip-addr	cmd=get_table : tbl=hive.default.t	
2024-04-23T21:16:43,757  INFO [main] metastore.HMSHandler: Skipping translation for processor with null
2024-04-23T21:16:43,759  WARN [main] metadata.Hive: Cannot get a table snapshot for t
2024-04-23T21:16:43,759  INFO [main] HiveMetaStore.audit: ugi=alex	ip=unknown-ip-addr	cmd=alter_table: hive.default.t newtbl=t	
2024-04-23T21:16:43,783  INFO [main] ql.Driver: Starting task [Stage-2:STATS] in serial mode
2024-04-23T21:16:43,783  INFO [main] HiveMetaStore.audit: ugi=alex	ip=unknown-ip-addr	cmd=get_table : tbl=hive.default.t	
2024-04-23T21:16:43,791  INFO [main] metastore.HMSHandler: Skipping translation for processor with null
2024-04-23T21:16:43,791  INFO [main] stats.BasicStatsTask: Executing stats task
2024-04-23T21:16:43,791  INFO [main] fs.FSStatsPublisher: created : file:/home/alex/Repositories/hive/ql/target/tmp/localscratchdir/df58eaf1-daa5-4565-87e2-2bd14a74e52d/hive_2024-04-23_21-16-42_227_1162075768997813896-1/-mr-10001
2024-04-23T21:16:43,792  INFO [main] HiveMetaStore.audit: ugi=alex	ip=unknown-ip-addr	cmd=get_table : tbl=hive.default.t	
2024-04-23T21:16:43,801  INFO [main] metastore.HMSHandler: Skipping translation for processor with null
2024-04-23T21:16:43,801  INFO [main] FileOperations: Read stats for default.t/, numRows, true, 5, false: 
2024-04-23T21:16:43,801  INFO [main] FileOperations: Read stats for default.t/, rawDataSize, true, 40, false: 
2024-04-23T21:16:43,802  WARN [main] metadata.Hive: Cannot get a table snapshot for t
2024-04-23T21:16:43,802  INFO [main] HiveMetaStore.audit: ugi=alex	ip=unknown-ip-addr	cmd=alter_table: hive.default.t newtbl=t	
2024-04-23T21:16:43,824  INFO [main] stats.BasicStatsTask: Table default.t stats: [numFiles=1, numRows=5, totalSize=259, rawDataSize=40, numFilesErasureCoded=0]
2024-04-23T21:16:43,825  INFO [main] metadata.Hive: Dumping metastore api call timing information for : execution phase
2024-04-23T21:16:43,825  INFO [main] metadata.Hive: Total time spent in each metastore function (ms): {isCompatibleWith_(Configuration)=0, alter_table_(String, String, String, Table, EnvironmentContext, String)=46, getTable_(GetTableRequest)=32}
MapReduce Jobs Launched: 
2024-04-23T21:16:43,825  INFO [main] ql.Driver: MapReduce Jobs Launched: 
Stage-Stage-1:  HDFS Read: 0 HDFS Write: 0 SUCCESS
2024-04-23T21:16:43,825  INFO [main] ql.Driver: Stage-Stage-1:  HDFS Read: 0 HDFS Write: 0 SUCCESS
Total MapReduce CPU Time Spent: 0 msec
2024-04-23T21:16:43,825  INFO [main] ql.Driver: Total MapReduce CPU Time Spent: 0 msec
2024-04-23T21:16:43,825  INFO [main] ql.Driver: Completed executing command(queryId=alex_20240423211642_251dc8a1-a837-4e35-950f-54a00a90008f); Time taken: 1.362 seconds
2024-04-23T21:16:43,826  INFO [main] lockmgr.DbTxnManager: Stopped heartbeat for query: alex_20240423211642_251dc8a1-a837-4e35-950f-54a00a90008f
2024-04-23T21:16:43,829  INFO [main] txn.TxnHandler: Expected to move at least one record from txn_components to completed_txn_components when committing txn! txnid:15
2024-04-23T21:16:43,834  INFO [main] txn.TxnHandler: Removed transactions: ([15]) from MIN_HISTORY_LEVEL
2024-04-23T21:16:43,834  WARN [main] txn.CompactionTxnHandler: No compaction queue record found for Compaction type transaction commit. txnId:15
2024-04-23T21:16:43,835  INFO [main] ql.TxnCommandsBaseForTests: Running the query: alter table T SET TBLPROPERTIES ('transactional'='true')
2024-04-23T21:16:43,835  INFO [main] ql.Context: Deleting scratch dir: file:/home/alex/Repositories/hive/ql/target/tmp/org.apache.hadoop.hive.ql.TestTxnNoBuckets-1713932056679/warehouse/t/.hive-staging_hive_2024-04-23_21-16-42_227_1162075768997813896-1
2024-04-23T21:16:43,835  INFO [main] cleanup.SyncCleanupService: Deleted directory: file:/home/alex/Repositories/hive/ql/target/tmp/org.apache.hadoop.hive.ql.TestTxnNoBuckets-1713932056679/warehouse/t/.hive-staging_hive_2024-04-23_21-16-42_227_1162075768997813896-1 on fs with scheme file
2024-04-23T21:16:43,835  INFO [main] ql.Context: Deleting scratch dir: file:/home/alex/Repositories/hive/ql/target/tmp/localscratchdir/df58eaf1-daa5-4565-87e2-2bd14a74e52d/hive_2024-04-23_21-16-42_227_1162075768997813896-1
2024-04-23T21:16:43,836  INFO [main] cleanup.SyncCleanupService: Deleted directory: file:/home/alex/Repositories/hive/ql/target/tmp/localscratchdir/df58eaf1-daa5-4565-87e2-2bd14a74e52d/hive_2024-04-23_21-16-42_227_1162075768997813896-1 on fs with scheme file
2024-04-23T21:16:43,836  INFO [main] ql.Driver: Compiling command(queryId=alex_20240423211643_197a985b-1d40-40ee-a61b-c011e4f6094f): alter table T SET TBLPROPERTIES ('transactional'='true')
2024-04-23T21:16:43,840  INFO [main] txn.TxnHandler: Added entries to MIN_HISTORY_LEVEL for current txns: ([16]) with min_open_txn: 16
2024-04-23T21:16:43,840  INFO [main] lockmgr.DbTxnManager: Opened txnid:16
2024-04-23T21:16:43,841  INFO [main] HiveMetaStore.audit: ugi=alex	ip=unknown-ip-addr	cmd=get_table : tbl=hive.default.T	
2024-04-23T21:16:43,849  INFO [main] metastore.HMSHandler: Skipping translation for processor with null
2024-04-23T21:16:43,850  INFO [main] HiveMetaStore.audit: ugi=alex	ip=unknown-ip-addr	cmd=get_table : tbl=hive.default.T	
2024-04-23T21:16:43,857  INFO [main] metastore.HMSHandler: Skipping translation for processor with null
2024-04-23T21:16:43,858  INFO [main] ql.Driver: Semantic Analysis Completed (retrial = false)
2024-04-23T21:16:43,858  INFO [main] ql.Driver: Created Hive schema: Schema(fieldSchemas:null, properties:null)
2024-04-23T21:16:43,858  INFO [main] metadata.Hive: Dumping metastore api call timing information for : compilation phase
2024-04-23T21:16:43,858  INFO [main] metadata.Hive: Total time spent in each metastore function (ms): {flushCache_()=0, isCompatibleWith_(Configuration)=0, getValidTxns_(long)=1, openTxn_(String, TxnType)=3, getTable_(GetTableRequest)=17, commitTxn_(CommitTxnRequest)=8}
2024-04-23T21:16:43,858  INFO [main] ql.Driver: Completed compiling command(queryId=alex_20240423211643_197a985b-1d40-40ee-a61b-c011e4f6094f); Time taken: 0.022 seconds
2024-04-23T21:16:43,858  INFO [main] lockmgr.DbTxnManager: Setting lock request transaction to txnid:16 for queryId=alex_20240423211643_197a985b-1d40-40ee-a61b-c011e4f6094f
2024-04-23T21:16:43,859  INFO [main] lockmgr.DbLockManager: Requesting lock for queryId=alex_20240423211643_197a985b-1d40-40ee-a61b-c011e4f6094f
2024-04-23T21:16:43,884  INFO [main] lockmgr.DbLockManager: Response to queryId=alex_20240423211643_197a985b-1d40-40ee-a61b-c011e4f6094f LockResponse(lockid:10, state:ACQUIRED)
2024-04-23T21:16:43,885  INFO [main] ql.Driver: Operation ALTERTABLE_PROPERTIES obtained 1 locks
2024-04-23T21:16:43,885  INFO [main] ql.Driver: Executing command(queryId=alex_20240423211643_197a985b-1d40-40ee-a61b-c011e4f6094f): alter table T SET TBLPROPERTIES ('transactional'='true')
2024-04-23T21:16:43,885  INFO [main] ql.Driver: Starting task [Stage-0:DDL] in serial mode
2024-04-23T21:16:43,885  INFO [main] HiveMetaStore.audit: ugi=alex	ip=unknown-ip-addr	cmd=get_table : tbl=hive.default.T	
2024-04-23T21:16:43,896  INFO [main] metastore.HMSHandler: Skipping translation for processor with null
2024-04-23T21:16:43,899  INFO [main] HiveMetaStore.audit: ugi=alex	ip=unknown-ip-addr	cmd=alter_table: hive.default.T newtbl=t	
2024-04-23T21:16:43,929  INFO [main] metadata.Hive: Dumping metastore api call timing information for : execution phase
2024-04-23T21:16:43,929  INFO [main] metadata.Hive: Total time spent in each metastore function (ms): {getTable_(GetTableRequest)=11, isCompatibleWith_(Configuration)=0, getValidWriteIds_(List, String)=2, alter_table_(String, String, String, Table, EnvironmentContext, String)=30}
2024-04-23T21:16:43,930  INFO [main] ql.Driver: Completed executing command(queryId=alex_20240423211643_197a985b-1d40-40ee-a61b-c011e4f6094f); Time taken: 0.044 seconds
2024-04-23T21:16:43,930  INFO [main] lockmgr.DbTxnManager: Stopped heartbeat for query: alex_20240423211643_197a985b-1d40-40ee-a61b-c011e4f6094f
2024-04-23T21:16:43,934  INFO [main] txn.TxnHandler: Expected to move at least one record from txn_components to completed_txn_components when committing txn! txnid:16
2024-04-23T21:16:43,939  INFO [main] txn.TxnHandler: Removed transactions: ([16]) from MIN_HISTORY_LEVEL
2024-04-23T21:16:43,939  WARN [main] txn.CompactionTxnHandler: No compaction queue record found for Compaction type transaction commit. txnId:16
2024-04-23T21:16:43,940  INFO [main] ql.TxnCommandsBaseForTests: Running the query: select a from T where b > 6 order by a
2024-04-23T21:16:43,940  INFO [main] ql.Driver: Compiling command(queryId=alex_20240423211643_43832846-ee9b-454f-b3a7-612346d4c04f): select a from T where b > 6 order by a
2024-04-23T21:16:43,943  INFO [main] txn.TxnHandler: Added entries to MIN_HISTORY_LEVEL for current txns: ([17]) with min_open_txn: 16
2024-04-23T21:16:43,943  INFO [main] lockmgr.DbTxnManager: Opened txnid:17
2024-04-23T21:16:43,944  INFO [main] parse.CalcitePlanner: Starting caching scope for: 
2024-04-23T21:16:43,944  INFO [main] parse.CalcitePlanner: Starting Semantic Analysis
2024-04-23T21:16:43,946  INFO [main] parse.CalcitePlanner: Completed phase 1 of Semantic Analysis
2024-04-23T21:16:43,946  INFO [main] parse.CalcitePlanner: Get metadata for source tables
2024-04-23T21:16:43,949  INFO [main] HiveMetaStore.audit: ugi=alex	ip=unknown-ip-addr	cmd=get_table : tbl=hive.default.t	
2024-04-23T21:16:43,955  INFO [main] metastore.HMSHandler: Skipping translation for processor with null
2024-04-23T21:16:43,955  INFO [main] parse.CalcitePlanner: Get metadata for subqueries
2024-04-23T21:16:43,955  INFO [main] parse.CalcitePlanner: Get metadata for destination tables
2024-04-23T21:16:43,955  INFO [main] parse.CalcitePlanner: Completed getting MetaData in Semantic Analysis
2024-04-23T21:16:43,967  INFO [main] HiveMetaStore.audit: ugi=alex	ip=unknown-ip-addr	cmd=get_all_table_constraints : tbl=hive.default.t	
2024-04-23T21:16:44,007  INFO [main] calcite.RelOptHiveTable: Calculating column statistics for default.t, projIndxSet: [0, 1], allowMissingStats: true
2024-04-23T21:16:44,007  INFO [main] HiveMetaStore.audit: ugi=alex	ip=unknown-ip-addr	cmd=get_table_statistics_req: table=hive.default.t	
2024-04-23T21:16:44,018  WARN [main] calcite.RelOptHiveTable: No Stats for default@t, Columns: a, b
No Stats for default@t, Columns: a, b
2024-04-23T21:16:44,018  INFO [main] SessionState: No Stats for default@t, Columns: a, b
2024-04-23T21:16:44,078  INFO [main] parse.CalcitePlanner: Get metadata for source tables
2024-04-23T21:16:44,078  INFO [main] parse.CalcitePlanner: Get metadata for subqueries
2024-04-23T21:16:44,078  INFO [main] parse.CalcitePlanner: Get metadata for destination tables
2024-04-23T21:16:44,080  INFO [main] common.FileUtils: Creating directory if it doesn't exist: file:/home/alex/Repositories/hive/ql/target/tmp/localscratchdir/df58eaf1-daa5-4565-87e2-2bd14a74e52d/hive_2024-04-23_21-16-43_940_851744597896869960-1/-mr-10001/.hive-staging_hive_2024-04-23_21-16-43_940_851744597896869960-1
2024-04-23T21:16:44,087  INFO [main] parse.CalcitePlanner: CBO Succeeded; optimized logical plan.
2024-04-23T21:16:44,090  INFO [main] optimizer.ColumnPrunerProcFactory: RS 3 oldColExprMap: {KEY.reducesinkkey0=Column[_col0]}
2024-04-23T21:16:44,090  INFO [main] optimizer.ColumnPrunerProcFactory: RS 3 newColExprMap: {KEY.reducesinkkey0=Column[_col0]}
2024-04-23T21:16:44,091  INFO [main] optimizer.BucketVersionPopulator: not considering bucketingVersion for: TS[0] because it has -1<2 buckets 
2024-04-23T21:16:44,092  INFO [main] optimizer.SortedDynPartitionOptimizer: Sorted dynamic partitioning optimization kicked in..
2024-04-23T21:16:44,101  INFO [main] physical.Vectorizer: Examining input format to see if vectorization is enabled.
2024-04-23T21:16:44,102  INFO [main] physical.Vectorizer: Vectorization is enabled for input format(s) [org.apache.hadoop.hive.ql.io.orc.OrcInputFormat]
2024-04-23T21:16:44,102  INFO [main] physical.Vectorizer: Validating and vectorizing MapWork... (vectorizedVertexNum 0)
2024-04-23T21:16:44,123  INFO [main] physical.Vectorizer: Map vectorization enabled: true
2024-04-23T21:16:44,123  INFO [main] physical.Vectorizer: Map vectorized: true
2024-04-23T21:16:44,123  INFO [main] physical.Vectorizer: Map vectorizedVertexNum: 0
2024-04-23T21:16:44,123  INFO [main] physical.Vectorizer: Map enabledConditionsMet: [hive.vectorized.use.vectorized.input.format IS true]
2024-04-23T21:16:44,123  INFO [main] physical.Vectorizer: Map inputFileFormatClassNameSet: [org.apache.hadoop.hive.ql.io.orc.OrcInputFormat]
2024-04-23T21:16:44,123  INFO [main] physical.Vectorizer: Reduce vectorization enabled: false
2024-04-23T21:16:44,123  INFO [main] physical.Vectorizer: Reduce vectorized: false
2024-04-23T21:16:44,123  INFO [main] physical.Vectorizer: Reduce vectorizedVertexNum: 1
2024-04-23T21:16:44,123  INFO [main] physical.Vectorizer: Reducer hive.vectorized.execution.reduce.enabled: true
2024-04-23T21:16:44,123  INFO [main] physical.Vectorizer: Reducer engine: mr
2024-04-23T21:16:44,124  INFO [main] parse.CalcitePlanner: Completed plan generation
2024-04-23T21:16:44,124  INFO [main] parse.CalcitePlanner: Ending caching scope for: 
2024-04-23T21:16:44,124  INFO [main] ql.Driver: Semantic Analysis Completed (retrial = false)
2024-04-23T21:16:44,124  INFO [main] ql.Driver: Created Hive schema: Schema(fieldSchemas:[FieldSchema(name:a, type:int, comment:null)], properties:null)
2024-04-23T21:16:44,125  INFO [main] exec.ListSinkOperator: Initializing Operator: LIST_SINK[10]
2024-04-23T21:16:44,125  INFO [main] metadata.Hive: Dumping metastore api call timing information for : compilation phase
2024-04-23T21:16:44,125  INFO [main] metadata.Hive: Total time spent in each metastore function (ms): {getValidWriteIds_(List, String)=5, getValidTxns_(long)=1, getAllTableConstraints_(AllTableConstraintsRequest)=5, commitTxn_(CommitTxnRequest)=10, isCompatibleWith_(Configuration)=0, getTable_(GetTableRequest)=7, flushCache_()=0, openTxn_(String, TxnType)=2, getTableColumnStatistics_(String, String, List, String)=10}
2024-04-23T21:16:44,125  INFO [main] ql.Driver: Completed compiling command(queryId=alex_20240423211643_43832846-ee9b-454f-b3a7-612346d4c04f); Time taken: 0.185 seconds
2024-04-23T21:16:44,126  INFO [main] lockmgr.DbTxnManager: Setting lock request transaction to txnid:17 for queryId=alex_20240423211643_43832846-ee9b-454f-b3a7-612346d4c04f
2024-04-23T21:16:44,126  INFO [main] lockmgr.DbLockManager: Requesting lock for queryId=alex_20240423211643_43832846-ee9b-454f-b3a7-612346d4c04f
2024-04-23T21:16:44,141  INFO [main] lockmgr.DbLockManager: Response to queryId=alex_20240423211643_43832846-ee9b-454f-b3a7-612346d4c04f LockResponse(lockid:11, state:ACQUIRED)
2024-04-23T21:16:44,141  INFO [main] ql.Driver: Operation QUERY obtained 1 locks
2024-04-23T21:16:44,142  INFO [main] ql.Driver: Executing command(queryId=alex_20240423211643_43832846-ee9b-454f-b3a7-612346d4c04f): select a from T where b > 6 order by a
2024-04-23T21:16:44,142  WARN [main] ql.Driver: Hive-on-MR is deprecated in Hive 2 and may not be available in the future versions. Consider using a different execution engine (i.e. tez, spark) or using Hive 1.X releases.
Query ID = alex_20240423211643_43832846-ee9b-454f-b3a7-612346d4c04f
2024-04-23T21:16:44,142  INFO [main] ql.Driver: Query ID = alex_20240423211643_43832846-ee9b-454f-b3a7-612346d4c04f
Total jobs = 1
2024-04-23T21:16:44,143  INFO [main] ql.Driver: Total jobs = 1
Launching Job 1 out of 1
2024-04-23T21:16:44,143  INFO [main] ql.Driver: Launching Job 1 out of 1
2024-04-23T21:16:44,272  INFO [main] ql.Driver: Starting task [Stage-1:MAPRED] in serial mode
Number of reduce tasks determined at compile time: 1
2024-04-23T21:16:44,272  INFO [main] exec.Task: Number of reduce tasks determined at compile time: 1
In order to change the average load for a reducer (in bytes):
2024-04-23T21:16:44,272  INFO [main] exec.Task: In order to change the average load for a reducer (in bytes):
  set hive.exec.reducers.bytes.per.reducer=<number>
2024-04-23T21:16:44,272  INFO [main] exec.Task:   set hive.exec.reducers.bytes.per.reducer=<number>
In order to limit the maximum number of reducers:
2024-04-23T21:16:44,272  INFO [main] exec.Task: In order to limit the maximum number of reducers:
  set hive.exec.reducers.max=<number>
2024-04-23T21:16:44,272  INFO [main] exec.Task:   set hive.exec.reducers.max=<number>
In order to set a constant number of reducers:
2024-04-23T21:16:44,272  INFO [main] exec.Task: In order to set a constant number of reducers:
  set mapreduce.job.reduces=<number>
2024-04-23T21:16:44,272  INFO [main] exec.Task:   set mapreduce.job.reduces=<number>
2024-04-23T21:16:44,275  INFO [main] mr.ExecDriver: Using org.apache.hadoop.hive.ql.io.HiveInputFormat
2024-04-23T21:16:44,275  INFO [main] exec.Utilities: Processing alias t
2024-04-23T21:16:44,275  INFO [main] exec.Utilities: Adding 1 inputs; the first input is file:/home/alex/Repositories/hive/ql/target/tmp/org.apache.hadoop.hive.ql.TestTxnNoBuckets-1713932056679/warehouse/t
2024-04-23T21:16:44,285  INFO [main] exec.SerializationUtilities: Serializing MapWork using kryo
2024-04-23T21:16:44,291  INFO [main] exec.Utilities: Serialized plan (via FILE) - name: null size: 6,48KB
2024-04-23T21:16:44,296  INFO [main] exec.SerializationUtilities: Serializing ReduceWork using kryo
2024-04-23T21:16:44,300  INFO [main] exec.Utilities: Serialized plan (via FILE) - name: null size: 7,43KB
2024-04-23T21:16:44,301  WARN [main] impl.MetricsSystemImpl: JobTracker metrics system already initialized!
2024-04-23T21:16:44,306  WARN [main] impl.MetricsSystemImpl: JobTracker metrics system already initialized!
2024-04-23T21:16:44,314  WARN [main] mapreduce.JobResourceUploader: Hadoop command-line option parsing not performed. Implement the Tool interface and execute your application with ToolRunner to remedy this.
2024-04-23T21:16:44,319  WARN [main] mapreduce.JobResourceUploader: No job jar file set.  User classes may not be found. See Job or Job#setJar(String).
2024-04-23T21:16:44,320  INFO [main] io.HiveInputFormat: hive.io.file.readcolumn.ids = 0,1
2024-04-23T21:16:44,320  INFO [main] io.HiveInputFormat: hive.io.file.readcolumn.names = a,b
2024-04-23T21:16:44,320  INFO [main] io.HiveInputFormat: Generating splits for dirs: file:/home/alex/Repositories/hive/ql/target/tmp/org.apache.hadoop.hive.ql.TestTxnNoBuckets-1713932056679/warehouse/t
2024-04-23T21:16:44,320  INFO [main] orc.OrcInputFormat: getSplits started
2024-04-23T21:16:44,321  INFO [main] orc.OrcInputFormat: Context:: isAcid: true isVectorMode: true sarg: (not leaf-(LESS_THAN_EQUALS b 6)) minSplitSize: 1 maxSplitSize: 256000000 splitStrategy: HYBRID footerInSplits: false numBuckets: 0 numThreads: 10 cacheMemSize: 268435456 cacheStripeDetails: true useSoftReference: false writeIdList: default.t:10000000:9223372036854775807:: isTransactionalTable: true txnProperties: default 
2024-04-23T21:16:44,321  INFO [main] orc.OrcInputFormat: ORC pushdown predicate: (not leaf-(LESS_THAN_EQUALS b 6))
2024-04-23T21:16:44,325  INFO [main] orc.OrcInputFormat: FooterCacheHitRatio: 0/1
2024-04-23T21:16:44,325  INFO [main] orc.OrcInputFormat: getSplits finished (#splits: 1). duration: 5 ms
2024-04-23T21:16:44,325  INFO [main] io.HiveInputFormat: number of splits 1
2024-04-23T21:16:44,344  INFO [main] mapreduce.JobSubmitter: number of splits:1
2024-04-23T21:16:44,364  INFO [main] mapreduce.JobSubmitter: Submitting tokens for job: job_local2068155830_0067
2024-04-23T21:16:44,364  INFO [main] mapreduce.JobSubmitter: Executing with tokens: []
2024-04-23T21:16:44,428  INFO [main] mapreduce.Job: The url to track the job: http://localhost:8080/
Job running in-process (local Hadoop)
2024-04-23T21:16:44,428  INFO [main] exec.Task: Job running in-process (local Hadoop)
2024-04-23T21:16:44,429  INFO [Thread-4383] mapred.LocalJobRunner: OutputCommitter set in config org.apache.hadoop.hive.ql.io.HiveFileFormatUtils$NullOutputCommitter
2024-04-23T21:16:44,429  INFO [Thread-4383] mapred.LocalJobRunner: OutputCommitter is org.apache.hadoop.hive.ql.io.HiveFileFormatUtils$NullOutputCommitter
2024-04-23T21:16:44,430  INFO [Thread-4383] mapred.LocalJobRunner: Waiting for map tasks
2024-04-23T21:16:44,430  INFO [LocalJobRunner Map Task Executor #0] mapred.LocalJobRunner: Starting task: attempt_local2068155830_0067_m_000000_0
2024-04-23T21:16:44,431  INFO [LocalJobRunner Map Task Executor #0] mapred.Task:  Using ResourceCalculatorProcessTree : [ ]
2024-04-23T21:16:44,432  INFO [LocalJobRunner Map Task Executor #0] mapred.MapTask: Processing split: org.apache.hadoop.hive.ql.io.orc.OrcInputFormat:OrcSplit [file:/home/alex/Repositories/hive/ql/target/tmp/org.apache.hadoop.hive.ql.TestTxnNoBuckets-1713932056679/warehouse/t/000000_0, start=3, length=113, isOriginal=true, fileLength=259, hasFooter=false, hasBase=true, deltas=0]
2024-04-23T21:16:44,432  INFO [LocalJobRunner Map Task Executor #0] exec.SerializationUtilities: Deserializing MapWork using kryo
2024-04-23T21:16:44,437  INFO [LocalJobRunner Map Task Executor #0] exec.Utilities: Deserialized plan (via FILE) - name: null size: 6,48KB
2024-04-23T21:16:44,438  INFO [LocalJobRunner Map Task Executor #0] orc.OrcInputFormat: ORC pushdown predicate: (not leaf-(LESS_THAN_EQUALS b 6))
2024-04-23T21:16:44,438  INFO [LocalJobRunner Map Task Executor #0] orc.VectorizedOrcAcidRowBatchReader: Read ValidWriteIdList: default.t:10000000:9223372036854775807:::OrcSplit [file:/home/alex/Repositories/hive/ql/target/tmp/org.apache.hadoop.hive.ql.TestTxnNoBuckets-1713932056679/warehouse/t/000000_0, start=3, length=113, isOriginal=true, fileLength=259, hasFooter=false, hasBase=true, deltas=0]
2024-04-23T21:16:44,441  INFO [LocalJobRunner Map Task Executor #0] orc.ReaderImpl: Reading ORC rows from file:/home/alex/Repositories/hive/ql/target/tmp/org.apache.hadoop.hive.ql.TestTxnNoBuckets-1713932056679/warehouse/t/000000_0 with {include: [true, true, true], offset: 3, length: 113, sarg: (not leaf-(LESS_THAN_EQUALS b 6)), schema: struct<a:int,b:int>, includeAcidColumns: true}
2024-04-23T21:16:44,443  INFO [LocalJobRunner Map Task Executor #0] mapred.MapTask: numReduceTasks: 1
2024-04-23T21:16:44,448  INFO [LocalJobRunner Map Task Executor #0] mapred.MapTask: (EQUATOR) 0 kvi 26214396(104857584)
2024-04-23T21:16:44,449  INFO [LocalJobRunner Map Task Executor #0] mapred.MapTask: mapreduce.task.io.sort.mb: 100
2024-04-23T21:16:44,449  INFO [LocalJobRunner Map Task Executor #0] mapred.MapTask: soft limit at 83886080
2024-04-23T21:16:44,449  INFO [LocalJobRunner Map Task Executor #0] mapred.MapTask: bufstart = 0; bufvoid = 104857600
2024-04-23T21:16:44,449  INFO [LocalJobRunner Map Task Executor #0] mapred.MapTask: kvstart = 26214396; length = 6553600
2024-04-23T21:16:44,449  INFO [LocalJobRunner Map Task Executor #0] mapred.MapTask: Map output collector class = org.apache.hadoop.mapred.MapTask$MapOutputBuffer
2024-04-23T21:16:44,451  INFO [LocalJobRunner Map Task Executor #0] vector.VectorMapOperator: Initializing Operator: MAP[0]
2024-04-23T21:16:44,456  INFO [LocalJobRunner Map Task Executor #0] mr.ExecMapper: 
<MAP>Id =0
  <Children>null
  <\Children>
  <Parent><\Parent>
<\MAP>
2024-04-23T21:16:44,457  INFO [LocalJobRunner Map Task Executor #0] exec.TableScanOperator: Initializing Operator: TS[0]
2024-04-23T21:16:44,457  INFO [LocalJobRunner Map Task Executor #0] vector.VectorFilterOperator: Initializing Operator: FIL[7]
2024-04-23T21:16:44,457  INFO [LocalJobRunner Map Task Executor #0] vector.VectorSelectOperator: Initializing Operator: SEL[8]
2024-04-23T21:16:44,460  INFO [LocalJobRunner Map Task Executor #0] vector.VectorReduceSinkOperator: Initializing Operator: RS[9]
2024-04-23T21:16:44,460  INFO [LocalJobRunner Map Task Executor #0] vector.VectorReduceSinkOperator: Using tag = -1
2024-04-23T21:16:44,462  INFO [LocalJobRunner Map Task Executor #0] vector.VectorReduceSinkOperator: keys are [reducesinkkey0] num distributions: 1
2024-04-23T21:16:44,462  INFO [LocalJobRunner Map Task Executor #0] vector.VectorReduceSinkOperator: RS[9]: records written - 1
2024-04-23T21:16:44,462  INFO [LocalJobRunner Map Task Executor #0] vector.VectorMapOperator: Closing Operator: MAP[0]
2024-04-23T21:16:44,462  INFO [LocalJobRunner Map Task Executor #0] vector.VectorMapOperator: RECORDS_OUT_OPERATOR_MAP_0:0, DESERIALIZE_ERRORS:0, RECORDS_IN:5, RECORDS_OUT_INTERMEDIATE:0, 
2024-04-23T21:16:44,462  INFO [LocalJobRunner Map Task Executor #0] exec.TableScanOperator: Closing Operator: TS[0]
2024-04-23T21:16:44,463  INFO [LocalJobRunner Map Task Executor #0] exec.TableScanOperator: RECORDS_OUT_OPERATOR_TS_0:5, RECORDS_OUT_INTERMEDIATE:0, 
2024-04-23T21:16:44,463  INFO [LocalJobRunner Map Task Executor #0] vector.VectorFilterOperator: Closing Operator: FIL[7]
2024-04-23T21:16:44,463  INFO [LocalJobRunner Map Task Executor #0] vector.VectorFilterOperator: RECORDS_OUT_INTERMEDIATE:0, RECORDS_OUT_OPERATOR_FIL_7:2, 
2024-04-23T21:16:44,463  INFO [LocalJobRunner Map Task Executor #0] vector.VectorSelectOperator: Closing Operator: SEL[8]
2024-04-23T21:16:44,463  INFO [LocalJobRunner Map Task Executor #0] vector.VectorSelectOperator: RECORDS_OUT_INTERMEDIATE:0, RECORDS_OUT_OPERATOR_SEL_8:2, 
2024-04-23T21:16:44,463  INFO [LocalJobRunner Map Task Executor #0] vector.VectorReduceSinkOperator: Closing Operator: RS[9]
2024-04-23T21:16:44,463  INFO [LocalJobRunner Map Task Executor #0] vector.VectorReduceSinkOperator: RS[9]: Total records written - 2. abort - false
2024-04-23T21:16:44,463  INFO [LocalJobRunner Map Task Executor #0] vector.VectorReduceSinkOperator: RECORDS_OUT_INTERMEDIATE:2, RECORDS_OUT_OPERATOR_RS_9:2, 
2024-04-23T21:16:44,464  INFO [LocalJobRunner Map Task Executor #0] mapred.LocalJobRunner: 
2024-04-23T21:16:44,464  INFO [LocalJobRunner Map Task Executor #0] mapred.MapTask: Starting flush of map output
2024-04-23T21:16:44,464  INFO [LocalJobRunner Map Task Executor #0] mapred.MapTask: Spilling map output
2024-04-23T21:16:44,464  INFO [LocalJobRunner Map Task Executor #0] mapred.MapTask: bufstart = 0; bufend = 28; bufvoid = 104857600
2024-04-23T21:16:44,464  INFO [LocalJobRunner Map Task Executor #0] mapred.MapTask: kvstart = 26214396(104857584); kvend = 26214392(104857568); length = 5/6553600
2024-04-23T21:16:44,474  INFO [LocalJobRunner Map Task Executor #0] mapred.MapTask: Finished spill 0
2024-04-23T21:16:44,477  INFO [LocalJobRunner Map Task Executor #0] mapred.Task: Task:attempt_local2068155830_0067_m_000000_0 is done. And is in the process of committing
2024-04-23T21:16:44,478  INFO [LocalJobRunner Map Task Executor #0] mapred.LocalJobRunner: OrcSplit [file:/home/alex/Repositories/hive/ql/target/tmp/org.apache.hadoop.hive.ql.TestTxnNoBuckets-1713932056679/warehouse/t/000000_0, start=3, length=113, isOriginal=true, fileLength=259, hasFooter=false, hasBase=true, deltas=0]
2024-04-23T21:16:44,478  INFO [LocalJobRunner Map Task Executor #0] mapred.Task: Task 'attempt_local2068155830_0067_m_000000_0' done.
2024-04-23T21:16:44,478  INFO [LocalJobRunner Map Task Executor #0] mapred.Task: Final Counters for attempt_local2068155830_0067_m_000000_0: Counters: 25
	File System Counters
		FILE: Number of bytes read=1514205
		FILE: Number of bytes written=78913028
		FILE: Number of read operations=0
		FILE: Number of large read operations=0
		FILE: Number of write operations=0
	Map-Reduce Framework
		Map input records=1
		Map output records=2
		Map output bytes=28
		Map output materialized bytes=38
		Input split bytes=471
		Combine input records=0
		Spilled Records=2
		Failed Shuffles=0
		Merged Map outputs=0
		GC time elapsed (ms)=0
		Total committed heap usage (bytes)=1192230912
	HIVE
		DESERIALIZE_ERRORS=0
		RECORDS_IN=5
		RECORDS_OUT_INTERMEDIATE=2
		RECORDS_OUT_OPERATOR_FIL_7=2
		RECORDS_OUT_OPERATOR_MAP_0=0
		RECORDS_OUT_OPERATOR_RS_9=2
		RECORDS_OUT_OPERATOR_SEL_8=2
		RECORDS_OUT_OPERATOR_TS_0=5
	File Input Format Counters 
		Bytes Read=7912
2024-04-23T21:16:44,478  INFO [LocalJobRunner Map Task Executor #0] mapred.LocalJobRunner: Finishing task: attempt_local2068155830_0067_m_000000_0
2024-04-23T21:16:44,478  INFO [Thread-4383] mapred.LocalJobRunner: map task executor complete.
2024-04-23T21:16:44,479  INFO [Thread-4383] mapred.LocalJobRunner: Waiting for reduce tasks
2024-04-23T21:16:44,479  INFO [pool-279-thread-1] mapred.LocalJobRunner: Starting task: attempt_local2068155830_0067_r_000000_0
2024-04-23T21:16:44,480  INFO [pool-279-thread-1] mapred.Task:  Using ResourceCalculatorProcessTree : [ ]
2024-04-23T21:16:44,480  INFO [pool-279-thread-1] mapred.ReduceTask: Using ShuffleConsumerPlugin: org.apache.hadoop.mapreduce.task.reduce.Shuffle@6331a17d
2024-04-23T21:16:44,480  WARN [pool-279-thread-1] impl.MetricsSystemImpl: JobTracker metrics system already initialized!
2024-04-23T21:16:44,481  INFO [pool-279-thread-1] reduce.MergeManagerImpl: MergerManager: memoryLimit=1336252800, maxSingleShuffleLimit=334063200, mergeThreshold=881926912, ioSortFactor=10, memToMemMergeOutputsThreshold=10
2024-04-23T21:16:44,481  INFO [EventFetcher for fetching Map Completion Events] reduce.EventFetcher: attempt_local2068155830_0067_r_000000_0 Thread started: EventFetcher for fetching Map Completion Events
2024-04-23T21:16:44,484  INFO [localfetcher#41] reduce.LocalFetcher: localfetcher#41 about to shuffle output of map attempt_local2068155830_0067_m_000000_0 decomp: 34 len: 38 to MEMORY
2024-04-23T21:16:44,484  INFO [localfetcher#41] reduce.InMemoryMapOutput: Read 34 bytes from map-output for attempt_local2068155830_0067_m_000000_0
2024-04-23T21:16:44,484  INFO [localfetcher#41] reduce.MergeManagerImpl: closeInMemoryFile -> map-output of size: 34, inMemoryMapOutputs.size() -> 1, commitMemory -> 0, usedMemory ->34
2024-04-23T21:16:44,485  INFO [EventFetcher for fetching Map Completion Events] reduce.EventFetcher: EventFetcher is interrupted.. Returning
2024-04-23T21:16:44,485  INFO [pool-279-thread-1] mapred.LocalJobRunner: 1 / 1 copied.
2024-04-23T21:16:44,485  INFO [pool-279-thread-1] reduce.MergeManagerImpl: finalMerge called with 1 in-memory map-outputs and 0 on-disk map-outputs
2024-04-23T21:16:44,491  INFO [pool-279-thread-1] mapred.Merger: Merging 1 sorted segments
2024-04-23T21:16:44,491  INFO [pool-279-thread-1] mapred.Merger: Down to the last merge-pass, with 1 segments left of total size: 22 bytes
2024-04-23T21:16:44,494  INFO [pool-279-thread-1] reduce.MergeManagerImpl: Merged 1 segments, 34 bytes to disk to satisfy reduce memory limit
2024-04-23T21:16:44,494  INFO [pool-279-thread-1] reduce.MergeManagerImpl: Merging 1 files, 38 bytes from disk
2024-04-23T21:16:44,494  INFO [pool-279-thread-1] reduce.MergeManagerImpl: Merging 0 segments, 0 bytes from memory into reduce
2024-04-23T21:16:44,494  INFO [pool-279-thread-1] mapred.Merger: Merging 1 sorted segments
2024-04-23T21:16:44,494  INFO [pool-279-thread-1] mapred.Merger: Down to the last merge-pass, with 1 segments left of total size: 22 bytes
2024-04-23T21:16:44,494  INFO [pool-279-thread-1] mapred.LocalJobRunner: 1 / 1 copied.
2024-04-23T21:16:44,495  INFO [pool-279-thread-1] exec.SerializationUtilities: Deserializing ReduceWork using kryo
2024-04-23T21:16:44,495  INFO [pool-279-thread-1] exec.Utilities: Deserialized plan (via FILE) - name: null size: 7,43KB
2024-04-23T21:16:44,496  INFO [pool-279-thread-1] ExecReducer: 
<SEL>Id =4
  <Children>
    <FS>Id =5
      <Children>
      <\Children>
      <Parent>Id = 4 null<\Parent>
    <\FS>
  <\Children>
  <Parent><\Parent>
<\SEL>
2024-04-23T21:16:44,496  INFO [pool-279-thread-1] exec.SelectOperator: Initializing Operator: SEL[4]
2024-04-23T21:16:44,496  INFO [pool-279-thread-1] exec.SelectOperator: SELECT struct<key:struct<reducesinkkey0:int>,value:struct<>>
2024-04-23T21:16:44,496  INFO [pool-279-thread-1] exec.FileSinkOperator: Initializing Operator: FS[5]
2024-04-23T21:16:44,497  INFO [pool-279-thread-1] exec.FileSinkOperator: Using serializer : class org.apache.hadoop.hive.serde2.lazy.LazySimpleSerDe [serdeParams=org.apache.hadoop.hive.serde2.lazy.LazySerDeParameters@773f18a9, cachedObjectInspector=org.apache.hadoop.hive.serde2.lazy.objectinspector.LazySimpleStructObjectInspector<org.apache.hadoop.hive.serde2.lazy.objectinspector.primitive.LazyIntObjectInspector@4dea763c>, serializedSize=0, stats=org.apache.hadoop.hive.serde2.SerDeStats@46f84a1, lastOperationSerialize=false, lastOperationDeserialize=false [1, 2, 3, 4, 5, 6, 7, 8, 11, 14, 15, 16, 17, 18, 19, 20, 21, 22, 23, 24, 25, 26, 28, 29, 30, 31, -128, -127, -126, -125, -124, -123, -122, -121, -120, -119, -118, -117, -116, -115, -114, -113, -112, -111, -110, -109, -108, -107, -106, -105, -104, -103, -102, -101, -100, -99, -98, -97, -96, -95, -94, -93, -92, -91, -90, -89, -88, -87, -86, -85, -84, -83, -82, -81, -80, -79, -78, -77, -76, -75, -74, -73, -72, -71, -70, -69, -68, -67, -66, -65, -64, -63, -62, -61, -60, -59, -58, -57, -56, -55, -54, -53, -52, -51, -50, -49, -48, -47, -46, -45, -44, -43, -42, -41, -40, -39, -38, -37, -36, -35, -34, -33, -32, -31, -30, -29, -28, -27, -26, -25, -24, -23, -22, -21, -20, -19, -18, -17, -16, -15, -14, -13, -12, -11, -10, -9, -8, -7, -6, -5, -4, -3, -2, -1] : [_col0] : [int]] and formatter : org.apache.hadoop.hive.ql.io.HiveSequenceFileOutputFormat@21170021
2024-04-23T21:16:44,497  INFO [pool-279-thread-1] exec.FileSinkOperator: Final Path: FS file:/home/alex/Repositories/hive/ql/target/tmp/localscratchdir/df58eaf1-daa5-4565-87e2-2bd14a74e52d/hive_2024-04-23_21-16-43_940_851744597896869960-1/-mr-10001/.hive-staging_hive_2024-04-23_21-16-43_940_851744597896869960-1/_tmp.-ext-10002/000000_0
2024-04-23T21:16:44,497  INFO [pool-279-thread-1] exec.FileSinkOperator: Writing to temp file: FS file:/home/alex/Repositories/hive/ql/target/tmp/localscratchdir/df58eaf1-daa5-4565-87e2-2bd14a74e52d/hive_2024-04-23_21-16-43_940_851744597896869960-1/-mr-10001/.hive-staging_hive_2024-04-23_21-16-43_940_851744597896869960-1/_task_tmp.-ext-10002/_tmp.000000_0
2024-04-23T21:16:44,497  INFO [pool-279-thread-1] exec.FileSinkOperator: New Final Path: FS file:/home/alex/Repositories/hive/ql/target/tmp/localscratchdir/df58eaf1-daa5-4565-87e2-2bd14a74e52d/hive_2024-04-23_21-16-43_940_851744597896869960-1/-mr-10001/.hive-staging_hive_2024-04-23_21-16-43_940_851744597896869960-1/_tmp.-ext-10002/000000_0
2024-04-23T21:16:44,504  INFO [pool-279-thread-1] exec.FileSinkOperator: FS[5]: records written - 1
2024-04-23T21:16:44,504  INFO [pool-279-thread-1] exec.SelectOperator: Closing Operator: SEL[4]
2024-04-23T21:16:44,504  INFO [pool-279-thread-1] exec.SelectOperator: RECORDS_OUT_INTERMEDIATE:0, RECORDS_OUT_OPERATOR_SEL_4:2, 
2024-04-23T21:16:44,504  INFO [pool-279-thread-1] exec.FileSinkOperator: Closing Operator: FS[5]
2024-04-23T21:16:44,504  INFO [pool-279-thread-1] exec.FileSinkOperator: FS[5]: records written - 2
2024-04-23T21:16:44,504  INFO [pool-279-thread-1] exec.FileSinkOperator: RECORDS_OUT_OPERATOR_FS_5:2, RECORDS_OUT_0:2, RECORDS_OUT_INTERMEDIATE:0, 
2024-04-23T21:16:44,505  INFO [pool-279-thread-1] mapred.Task: Task:attempt_local2068155830_0067_r_000000_0 is done. And is in the process of committing
2024-04-23T21:16:44,505  INFO [pool-279-thread-1] mapred.LocalJobRunner: reduce > reduce
2024-04-23T21:16:44,505  INFO [pool-279-thread-1] mapred.Task: Task 'attempt_local2068155830_0067_r_000000_0' done.
2024-04-23T21:16:44,505  INFO [pool-279-thread-1] mapred.Task: Final Counters for attempt_local2068155830_0067_r_000000_0: Counters: 29
	File System Counters
		FILE: Number of bytes read=1521813
		FILE: Number of bytes written=78913193
		FILE: Number of read operations=0
		FILE: Number of large read operations=0
		FILE: Number of write operations=0
	Map-Reduce Framework
		Combine input records=0
		Combine output records=0
		Reduce input groups=2
		Reduce shuffle bytes=38
		Reduce input records=2
		Reduce output records=0
		Spilled Records=2
		Shuffled Maps =1
		Failed Shuffles=0
		Merged Map outputs=1
		GC time elapsed (ms)=0
		Total committed heap usage (bytes)=1192230912
	HIVE
		CREATED_FILES=1
		RECORDS_OUT_0=2
		RECORDS_OUT_INTERMEDIATE=0
		RECORDS_OUT_OPERATOR_FS_5=2
		RECORDS_OUT_OPERATOR_SEL_4=2
	Shuffle Errors
		BAD_ID=0
		CONNECTION=0
		IO_ERROR=0
		WRONG_LENGTH=0
		WRONG_MAP=0
		WRONG_REDUCE=0
	File Output Format Counters 
		Bytes Written=0
2024-04-23T21:16:44,505  INFO [pool-279-thread-1] mapred.LocalJobRunner: Finishing task: attempt_local2068155830_0067_r_000000_0
2024-04-23T21:16:44,505  INFO [Thread-4383] mapred.LocalJobRunner: reduce task executor complete.
2024-04-23 21:16:45,431 Stage-1 map = 100%,  reduce = 100%
2024-04-23T21:16:45,431  INFO [main] exec.Task: 2024-04-23 21:16:45,431 Stage-1 map = 100%,  reduce = 100%
Ended Job = job_local2068155830_0067
2024-04-23T21:16:45,432  INFO [main] exec.Task: Ended Job = job_local2068155830_0067
2024-04-23T21:16:45,435  INFO [main] metadata.Hive: Dumping metastore api call timing information for : execution phase
2024-04-23T21:16:45,435  INFO [main] metadata.Hive: Total time spent in each metastore function (ms): {}
MapReduce Jobs Launched: 
2024-04-23T21:16:45,435  INFO [main] ql.Driver: MapReduce Jobs Launched: 
Stage-Stage-1:  HDFS Read: 0 HDFS Write: 0 SUCCESS
2024-04-23T21:16:45,436  INFO [main] ql.Driver: Stage-Stage-1:  HDFS Read: 0 HDFS Write: 0 SUCCESS
Total MapReduce CPU Time Spent: 0 msec
2024-04-23T21:16:45,436  INFO [main] ql.Driver: Total MapReduce CPU Time Spent: 0 msec
2024-04-23T21:16:45,436  INFO [main] ql.Driver: Completed executing command(queryId=alex_20240423211643_43832846-ee9b-454f-b3a7-612346d4c04f); Time taken: 1.293 seconds
2024-04-23T21:16:45,436  INFO [main] lockmgr.DbTxnManager: Stopped heartbeat for query: alex_20240423211643_43832846-ee9b-454f-b3a7-612346d4c04f
2024-04-23T21:16:45,439  INFO [main] txn.TxnHandler: Expected to move at least one record from txn_components to completed_txn_components when committing txn! txnid:17
2024-04-23T21:16:45,445  INFO [main] txn.TxnHandler: Removed transactions: ([17]) from MIN_HISTORY_LEVEL
2024-04-23T21:16:45,445  WARN [main] txn.CompactionTxnHandler: No compaction queue record found for Compaction type transaction commit. txnId:17
2024-04-23T21:16:45,449  INFO [main] mapred.FileInputFormat: Total input files to process : 1
2024-04-23T21:16:45,450  INFO [main] exec.ListSinkOperator: Closing Operator: LIST_SINK[10]
2024-04-23T21:16:45,450  INFO [main] exec.ListSinkOperator: RECORDS_OUT_OPERATOR_LIST_SINK_10:2, RECORDS_OUT_INTERMEDIATE:0, 
2024-04-23T21:16:45,450  WARN [main] ql.TestTxnNoBuckets: null: read data(After conversion): 
2024-04-23T21:16:45,450  INFO [main] ql.TestTxnNoBuckets: 6
9

2024-04-23T21:16:45,450  INFO [main] ql.TxnCommandsBaseForTests: Running the query: EXPLAIN VECTORIZATION DETAIL select a from T where b > 6 order by a
2024-04-23T21:16:45,450  INFO [main] ql.Context: Deleting scratch dir: file:/home/alex/Repositories/hive/ql/target/tmp/localscratchdir/df58eaf1-daa5-4565-87e2-2bd14a74e52d/hive_2024-04-23_21-16-43_940_851744597896869960-1
2024-04-23T21:16:45,451  INFO [main] cleanup.SyncCleanupService: Deleted directory: file:/home/alex/Repositories/hive/ql/target/tmp/localscratchdir/df58eaf1-daa5-4565-87e2-2bd14a74e52d/hive_2024-04-23_21-16-43_940_851744597896869960-1 on fs with scheme file
2024-04-23T21:16:45,451  INFO [main] ql.Driver: Compiling command(queryId=alex_20240423211645_2d6202d1-a5e6-4a57-907b-cbfb2a62933f): EXPLAIN VECTORIZATION DETAIL select a from T where b > 6 order by a
2024-04-23T21:16:45,454  INFO [main] txn.TxnHandler: Added entries to MIN_HISTORY_LEVEL for current txns: ([18]) with min_open_txn: 18
2024-04-23T21:16:45,454  INFO [main] lockmgr.DbTxnManager: Opened txnid:18
2024-04-23T21:16:45,455  INFO [main] parse.CalcitePlanner: Starting Semantic Analysis
2024-04-23T21:16:45,457  INFO [main] parse.CalcitePlanner: Completed phase 1 of Semantic Analysis
2024-04-23T21:16:45,457  INFO [main] parse.CalcitePlanner: Get metadata for source tables
2024-04-23T21:16:45,458  INFO [main] HiveMetaStore.audit: ugi=alex	ip=unknown-ip-addr	cmd=get_table : tbl=hive.default.t	
2024-04-23T21:16:45,467  INFO [main] metastore.HMSHandler: Skipping translation for processor with null
2024-04-23T21:16:45,467  INFO [main] parse.CalcitePlanner: Get metadata for subqueries
2024-04-23T21:16:45,467  INFO [main] parse.CalcitePlanner: Get metadata for destination tables
2024-04-23T21:16:45,467  INFO [main] parse.CalcitePlanner: Completed getting MetaData in Semantic Analysis
2024-04-23T21:16:45,478  INFO [main] HiveMetaStore.audit: ugi=alex	ip=unknown-ip-addr	cmd=get_all_table_constraints : tbl=hive.default.t	
2024-04-23T21:16:45,514  INFO [main] calcite.RelOptHiveTable: Calculating column statistics for default.t, projIndxSet: [0, 1], allowMissingStats: true
2024-04-23T21:16:45,514  INFO [main] HiveMetaStore.audit: ugi=alex	ip=unknown-ip-addr	cmd=get_table_statistics_req: table=hive.default.t	
2024-04-23T21:16:45,522  WARN [main] calcite.RelOptHiveTable: No Stats for default@t, Columns: b, a
No Stats for default@t, Columns: b, a
2024-04-23T21:16:45,522  INFO [main] SessionState: No Stats for default@t, Columns: b, a
2024-04-23T21:16:45,575  INFO [main] parse.CalcitePlanner: Get metadata for source tables
2024-04-23T21:16:45,576  INFO [main] parse.CalcitePlanner: Get metadata for subqueries
2024-04-23T21:16:45,576  INFO [main] parse.CalcitePlanner: Get metadata for destination tables
2024-04-23T21:16:45,577  INFO [main] parse.CalcitePlanner: CBO Succeeded; optimized logical plan.
2024-04-23T21:16:45,580  INFO [main] optimizer.ColumnPrunerProcFactory: RS 3 oldColExprMap: {KEY.reducesinkkey0=Column[_col0]}
2024-04-23T21:16:45,580  INFO [main] optimizer.ColumnPrunerProcFactory: RS 3 newColExprMap: {KEY.reducesinkkey0=Column[_col0]}
2024-04-23T21:16:45,581  INFO [main] optimizer.BucketVersionPopulator: not considering bucketingVersion for: TS[0] because it has -1<2 buckets 
2024-04-23T21:16:45,584  INFO [main] optimizer.SortedDynPartitionOptimizer: Sorted dynamic partitioning optimization kicked in..
2024-04-23T21:16:45,592  INFO [main] physical.Vectorizer: Examining input format to see if vectorization is enabled.
2024-04-23T21:16:45,593  INFO [main] physical.Vectorizer: Vectorization is enabled for input format(s) [org.apache.hadoop.hive.ql.io.orc.OrcInputFormat]
2024-04-23T21:16:45,593  INFO [main] physical.Vectorizer: Validating and vectorizing MapWork... (vectorizedVertexNum 0)
2024-04-23T21:16:45,594  INFO [main] physical.Vectorizer: Map vectorization enabled: true
2024-04-23T21:16:45,594  INFO [main] physical.Vectorizer: Map vectorized: true
2024-04-23T21:16:45,594  INFO [main] physical.Vectorizer: Map vectorizedVertexNum: 0
2024-04-23T21:16:45,594  INFO [main] physical.Vectorizer: Map enabledConditionsMet: [hive.vectorized.use.vectorized.input.format IS true]
2024-04-23T21:16:45,594  INFO [main] physical.Vectorizer: Map inputFileFormatClassNameSet: [org.apache.hadoop.hive.ql.io.orc.OrcInputFormat]
2024-04-23T21:16:45,594  INFO [main] physical.Vectorizer: Reduce vectorization enabled: false
2024-04-23T21:16:45,594  INFO [main] physical.Vectorizer: Reduce vectorized: false
2024-04-23T21:16:45,594  INFO [main] physical.Vectorizer: Reduce vectorizedVertexNum: 1
2024-04-23T21:16:45,594  INFO [main] physical.Vectorizer: Reducer hive.vectorized.execution.reduce.enabled: true
2024-04-23T21:16:45,594  INFO [main] physical.Vectorizer: Reducer engine: mr
2024-04-23T21:16:45,594  INFO [main] parse.CalcitePlanner: Completed plan generation
2024-04-23T21:16:45,595  INFO [main] ql.Driver: Semantic Analysis Completed (retrial = false)
2024-04-23T21:16:45,595  INFO [main] ql.Driver: Created Hive schema: Schema(fieldSchemas:[FieldSchema(name:Explain, type:string, comment:null)], properties:null)
2024-04-23T21:16:45,595  INFO [main] metadata.Hive: Dumping metastore api call timing information for : compilation phase
2024-04-23T21:16:45,595  INFO [main] metadata.Hive: Total time spent in each metastore function (ms): {getTableColumnStatistics_(String, String, List, String)=7, openTxn_(String, TxnType)=2, getValidTxns_(long)=1, getTable_(GetTableRequest)=9, getValidWriteIds_(List, String)=3, isCompatibleWith_(Configuration)=0, getAllTableConstraints_(AllTableConstraintsRequest)=5, flushCache_()=0, commitTxn_(CommitTxnRequest)=10}
2024-04-23T21:16:45,595  INFO [main] ql.Driver: Completed compiling command(queryId=alex_20240423211645_2d6202d1-a5e6-4a57-907b-cbfb2a62933f); Time taken: 0.144 seconds
2024-04-23T21:16:45,595  INFO [main] ql.Driver: Executing command(queryId=alex_20240423211645_2d6202d1-a5e6-4a57-907b-cbfb2a62933f): EXPLAIN VECTORIZATION DETAIL select a from T where b > 6 order by a
2024-04-23T21:16:45,596  INFO [main] ql.Driver: Starting task [Stage-2:EXPLAIN] in serial mode
2024-04-23T21:16:45,614  INFO [main] metadata.Hive: Dumping metastore api call timing information for : execution phase
2024-04-23T21:16:45,614  INFO [main] metadata.Hive: Total time spent in each metastore function (ms): {}
2024-04-23T21:16:45,615  INFO [main] ql.Driver: Completed executing command(queryId=alex_20240423211645_2d6202d1-a5e6-4a57-907b-cbfb2a62933f); Time taken: 0.019 seconds
2024-04-23T21:16:45,615  INFO [main] lockmgr.DbTxnManager: Stopped heartbeat for query: null
2024-04-23T21:16:45,620  INFO [main] txn.TxnHandler: Expected to move at least one record from txn_components to completed_txn_components when committing txn! txnid:18
2024-04-23T21:16:45,625  INFO [main] txn.TxnHandler: Removed transactions: ([18]) from MIN_HISTORY_LEVEL
2024-04-23T21:16:45,625  WARN [main] txn.CompactionTxnHandler: No compaction queue record found for Compaction type transaction commit. txnId:18
2024-04-23T21:16:45,626  INFO [main] ql.TxnCommandsBaseForTests: Running the query: select ROW__ID, a from T where b > 6 order by a
2024-04-23T21:16:45,626  INFO [main] ql.Context: Deleting scratch dir: file:/home/alex/Repositories/hive/ql/target/tmp/localscratchdir/df58eaf1-daa5-4565-87e2-2bd14a74e52d/hive_2024-04-23_21-16-45_451_8460641411870050568-1
2024-04-23T21:16:45,626  INFO [main] cleanup.SyncCleanupService: Deleted directory: file:/home/alex/Repositories/hive/ql/target/tmp/localscratchdir/df58eaf1-daa5-4565-87e2-2bd14a74e52d/hive_2024-04-23_21-16-45_451_8460641411870050568-1 on fs with scheme file
2024-04-23T21:16:45,627  INFO [main] ql.Driver: Compiling command(queryId=alex_20240423211645_a835d9fa-b414-4434-a70b-e9a156879871): select ROW__ID, a from T where b > 6 order by a
2024-04-23T21:16:45,629  INFO [main] txn.TxnHandler: Added entries to MIN_HISTORY_LEVEL for current txns: ([19]) with min_open_txn: 18
2024-04-23T21:16:45,629  INFO [main] lockmgr.DbTxnManager: Opened txnid:19
2024-04-23T21:16:45,630  INFO [main] parse.CalcitePlanner: Starting caching scope for: 
2024-04-23T21:16:45,630  INFO [main] parse.CalcitePlanner: Starting Semantic Analysis
2024-04-23T21:16:45,632  INFO [main] parse.CalcitePlanner: Completed phase 1 of Semantic Analysis
2024-04-23T21:16:45,632  INFO [main] parse.CalcitePlanner: Get metadata for source tables
2024-04-23T21:16:45,632  INFO [main] HiveMetaStore.audit: ugi=alex	ip=unknown-ip-addr	cmd=get_table : tbl=hive.default.t	
2024-04-23T21:16:45,638  INFO [main] metastore.HMSHandler: Skipping translation for processor with null
2024-04-23T21:16:45,638  INFO [main] parse.CalcitePlanner: Get metadata for subqueries
2024-04-23T21:16:45,638  INFO [main] parse.CalcitePlanner: Get metadata for destination tables
2024-04-23T21:16:45,639  INFO [main] parse.CalcitePlanner: Completed getting MetaData in Semantic Analysis
2024-04-23T21:16:45,651  INFO [main] HiveMetaStore.audit: ugi=alex	ip=unknown-ip-addr	cmd=get_all_table_constraints : tbl=hive.default.t	
2024-04-23T21:16:45,686  INFO [main] calcite.RelOptHiveTable: Calculating column statistics for default.t, projIndxSet: [0, 1], allowMissingStats: true
2024-04-23T21:16:45,687  INFO [main] HiveMetaStore.audit: ugi=alex	ip=unknown-ip-addr	cmd=get_table_statistics_req: table=hive.default.t	
2024-04-23T21:16:45,694  WARN [main] calcite.RelOptHiveTable: No Stats for default@t, Columns: b, a
No Stats for default@t, Columns: b, a
2024-04-23T21:16:45,695  INFO [main] SessionState: No Stats for default@t, Columns: b, a
2024-04-23T21:16:45,747  INFO [main] parse.CalcitePlanner: Get metadata for source tables
2024-04-23T21:16:45,747  INFO [main] parse.CalcitePlanner: Get metadata for subqueries
2024-04-23T21:16:45,747  INFO [main] parse.CalcitePlanner: Get metadata for destination tables
2024-04-23T21:16:45,749  INFO [main] common.FileUtils: Creating directory if it doesn't exist: file:/home/alex/Repositories/hive/ql/target/tmp/localscratchdir/df58eaf1-daa5-4565-87e2-2bd14a74e52d/hive_2024-04-23_21-16-45_627_7854811666553340564-1/-mr-10001/.hive-staging_hive_2024-04-23_21-16-45_627_7854811666553340564-1
2024-04-23T21:16:45,756  INFO [main] parse.CalcitePlanner: CBO Succeeded; optimized logical plan.
2024-04-23T21:16:45,758  INFO [main] optimizer.ColumnPrunerProcFactory: RS 3 oldColExprMap: {VALUE._col0=Column[_col0], KEY.reducesinkkey0=Column[_col1]}
2024-04-23T21:16:45,758  INFO [main] optimizer.ColumnPrunerProcFactory: RS 3 newColExprMap: {KEY.reducesinkkey0=Column[_col1], VALUE._col0=Column[_col0]}
2024-04-23T21:16:45,759  INFO [main] optimizer.BucketVersionPopulator: not considering bucketingVersion for: TS[0] because it has -1<2 buckets 
2024-04-23T21:16:45,760  INFO [main] optimizer.SortedDynPartitionOptimizer: Sorted dynamic partitioning optimization kicked in..
2024-04-23T21:16:45,768  INFO [main] physical.Vectorizer: Examining input format to see if vectorization is enabled.
2024-04-23T21:16:45,768  INFO [main] physical.Vectorizer: Vectorization is enabled for input format(s) [org.apache.hadoop.hive.ql.io.orc.OrcInputFormat]
2024-04-23T21:16:45,768  INFO [main] physical.Vectorizer: Validating and vectorizing MapWork... (vectorizedVertexNum 0)
2024-04-23T21:16:45,770  INFO [main] physical.Vectorizer: Map vectorization enabled: true
2024-04-23T21:16:45,770  INFO [main] physical.Vectorizer: Map vectorized: true
2024-04-23T21:16:45,770  INFO [main] physical.Vectorizer: Map vectorizedVertexNum: 0
2024-04-23T21:16:45,770  INFO [main] physical.Vectorizer: Map enabledConditionsMet: [hive.vectorized.use.vectorized.input.format IS true]
2024-04-23T21:16:45,770  INFO [main] physical.Vectorizer: Map inputFileFormatClassNameSet: [org.apache.hadoop.hive.ql.io.orc.OrcInputFormat]
2024-04-23T21:16:45,770  INFO [main] physical.Vectorizer: Reduce vectorization enabled: false
2024-04-23T21:16:45,770  INFO [main] physical.Vectorizer: Reduce vectorized: false
2024-04-23T21:16:45,770  INFO [main] physical.Vectorizer: Reduce vectorizedVertexNum: 1
2024-04-23T21:16:45,770  INFO [main] physical.Vectorizer: Reducer hive.vectorized.execution.reduce.enabled: true
2024-04-23T21:16:45,770  INFO [main] physical.Vectorizer: Reducer engine: mr
2024-04-23T21:16:45,770  INFO [main] parse.CalcitePlanner: Completed plan generation
2024-04-23T21:16:45,770  INFO [main] parse.CalcitePlanner: Ending caching scope for: 
2024-04-23T21:16:45,770  INFO [main] ql.Driver: Semantic Analysis Completed (retrial = false)
2024-04-23T21:16:45,770  INFO [main] ql.Driver: Created Hive schema: Schema(fieldSchemas:[FieldSchema(name:row__id, type:struct<writeid:bigint,bucketid:int,rowid:bigint>, comment:null), FieldSchema(name:a, type:int, comment:null)], properties:null)
2024-04-23T21:16:45,771  INFO [main] exec.ListSinkOperator: Initializing Operator: LIST_SINK[10]
2024-04-23T21:16:45,771  INFO [main] metadata.Hive: Dumping metastore api call timing information for : compilation phase
2024-04-23T21:16:45,772  INFO [main] metadata.Hive: Total time spent in each metastore function (ms): {openTxn_(String, TxnType)=2, flushCache_()=0, isCompatibleWith_(Configuration)=1, getAllTableConstraints_(AllTableConstraintsRequest)=5, getValidWriteIds_(List, String)=2, getValidTxns_(long)=1, getTableColumnStatistics_(String, String, List, String)=7, getTable_(GetTableRequest)=6, commitTxn_(CommitTxnRequest)=10}
2024-04-23T21:16:45,772  INFO [main] ql.Driver: Completed compiling command(queryId=alex_20240423211645_a835d9fa-b414-4434-a70b-e9a156879871); Time taken: 0.144 seconds
2024-04-23T21:16:45,772  INFO [main] lockmgr.DbTxnManager: Setting lock request transaction to txnid:19 for queryId=alex_20240423211645_a835d9fa-b414-4434-a70b-e9a156879871
2024-04-23T21:16:45,772  INFO [main] lockmgr.DbLockManager: Requesting lock for queryId=alex_20240423211645_a835d9fa-b414-4434-a70b-e9a156879871
2024-04-23T21:16:45,785  INFO [main] lockmgr.DbLockManager: Response to queryId=alex_20240423211645_a835d9fa-b414-4434-a70b-e9a156879871 LockResponse(lockid:12, state:ACQUIRED)
2024-04-23T21:16:45,785  INFO [main] ql.Driver: Operation QUERY obtained 1 locks
2024-04-23T21:16:45,786  INFO [main] ql.Driver: Executing command(queryId=alex_20240423211645_a835d9fa-b414-4434-a70b-e9a156879871): select ROW__ID, a from T where b > 6 order by a
2024-04-23T21:16:45,786  WARN [main] ql.Driver: Hive-on-MR is deprecated in Hive 2 and may not be available in the future versions. Consider using a different execution engine (i.e. spark, tez) or using Hive 1.X releases.
Query ID = alex_20240423211645_a835d9fa-b414-4434-a70b-e9a156879871
2024-04-23T21:16:45,786  INFO [main] ql.Driver: Query ID = alex_20240423211645_a835d9fa-b414-4434-a70b-e9a156879871
Total jobs = 1
2024-04-23T21:16:45,786  INFO [main] ql.Driver: Total jobs = 1
Launching Job 1 out of 1
2024-04-23T21:16:45,786  INFO [main] ql.Driver: Launching Job 1 out of 1
2024-04-23T21:16:45,909  INFO [main] ql.Driver: Starting task [Stage-1:MAPRED] in serial mode
Number of reduce tasks determined at compile time: 1
2024-04-23T21:16:45,909  INFO [main] exec.Task: Number of reduce tasks determined at compile time: 1
In order to change the average load for a reducer (in bytes):
2024-04-23T21:16:45,909  INFO [main] exec.Task: In order to change the average load for a reducer (in bytes):
  set hive.exec.reducers.bytes.per.reducer=<number>
2024-04-23T21:16:45,909  INFO [main] exec.Task:   set hive.exec.reducers.bytes.per.reducer=<number>
In order to limit the maximum number of reducers:
2024-04-23T21:16:45,909  INFO [main] exec.Task: In order to limit the maximum number of reducers:
  set hive.exec.reducers.max=<number>
2024-04-23T21:16:45,909  INFO [main] exec.Task:   set hive.exec.reducers.max=<number>
In order to set a constant number of reducers:
2024-04-23T21:16:45,909  INFO [main] exec.Task: In order to set a constant number of reducers:
  set mapreduce.job.reduces=<number>
2024-04-23T21:16:45,909  INFO [main] exec.Task:   set mapreduce.job.reduces=<number>
2024-04-23T21:16:45,912  INFO [main] mr.ExecDriver: Using org.apache.hadoop.hive.ql.io.HiveInputFormat
2024-04-23T21:16:45,912  INFO [main] exec.Utilities: Processing alias t
2024-04-23T21:16:45,912  INFO [main] exec.Utilities: Adding 1 inputs; the first input is file:/home/alex/Repositories/hive/ql/target/tmp/org.apache.hadoop.hive.ql.TestTxnNoBuckets-1713932056679/warehouse/t
2024-04-23T21:16:45,921  INFO [main] exec.SerializationUtilities: Serializing MapWork using kryo
2024-04-23T21:16:45,922  INFO [main] exec.Utilities: Serialized plan (via FILE) - name: null size: 6,73KB
2024-04-23T21:16:45,927  INFO [main] exec.SerializationUtilities: Serializing ReduceWork using kryo
2024-04-23T21:16:45,928  INFO [main] exec.Utilities: Serialized plan (via FILE) - name: null size: 7,73KB
2024-04-23T21:16:45,929  WARN [main] impl.MetricsSystemImpl: JobTracker metrics system already initialized!
2024-04-23T21:16:45,934  WARN [main] impl.MetricsSystemImpl: JobTracker metrics system already initialized!
2024-04-23T21:16:45,941  WARN [main] mapreduce.JobResourceUploader: Hadoop command-line option parsing not performed. Implement the Tool interface and execute your application with ToolRunner to remedy this.
2024-04-23T21:16:45,946  WARN [main] mapreduce.JobResourceUploader: No job jar file set.  User classes may not be found. See Job or Job#setJar(String).
2024-04-23T21:16:45,947  INFO [main] io.HiveInputFormat: hive.io.file.readcolumn.ids = 0,1
2024-04-23T21:16:45,947  INFO [main] io.HiveInputFormat: hive.io.file.readcolumn.names = a,b
2024-04-23T21:16:45,947  INFO [main] io.HiveInputFormat: Generating splits for dirs: file:/home/alex/Repositories/hive/ql/target/tmp/org.apache.hadoop.hive.ql.TestTxnNoBuckets-1713932056679/warehouse/t
2024-04-23T21:16:45,947  INFO [main] orc.OrcInputFormat: getSplits started
2024-04-23T21:16:45,948  INFO [main] orc.OrcInputFormat: Context:: isAcid: true isVectorMode: true sarg: (not leaf-(LESS_THAN_EQUALS b 6)) minSplitSize: 1 maxSplitSize: 256000000 splitStrategy: HYBRID footerInSplits: false numBuckets: 0 numThreads: 10 cacheMemSize: 268435456 cacheStripeDetails: true useSoftReference: false writeIdList: default.t:10000000:9223372036854775807:: isTransactionalTable: true txnProperties: default 
2024-04-23T21:16:45,948  INFO [main] orc.OrcInputFormat: ORC pushdown predicate: (not leaf-(LESS_THAN_EQUALS b 6))
2024-04-23T21:16:45,956  INFO [main] orc.OrcInputFormat: FooterCacheHitRatio: 1/1
2024-04-23T21:16:45,956  INFO [main] orc.OrcInputFormat: getSplits finished (#splits: 1). duration: 9 ms
2024-04-23T21:16:45,956  INFO [main] io.HiveInputFormat: number of splits 1
2024-04-23T21:16:45,975  INFO [main] mapreduce.JobSubmitter: number of splits:1
2024-04-23T21:16:45,995  INFO [main] mapreduce.JobSubmitter: Submitting tokens for job: job_local274674568_0068
2024-04-23T21:16:45,995  INFO [main] mapreduce.JobSubmitter: Executing with tokens: []
2024-04-23T21:16:46,057  INFO [main] mapreduce.Job: The url to track the job: http://localhost:8080/
Job running in-process (local Hadoop)
2024-04-23T21:16:46,057  INFO [main] exec.Task: Job running in-process (local Hadoop)
2024-04-23T21:16:46,058  INFO [Thread-4437] mapred.LocalJobRunner: OutputCommitter set in config org.apache.hadoop.hive.ql.io.HiveFileFormatUtils$NullOutputCommitter
2024-04-23T21:16:46,058  INFO [Thread-4437] mapred.LocalJobRunner: OutputCommitter is org.apache.hadoop.hive.ql.io.HiveFileFormatUtils$NullOutputCommitter
2024-04-23T21:16:46,059  INFO [Thread-4437] mapred.LocalJobRunner: Waiting for map tasks
2024-04-23T21:16:46,059  INFO [LocalJobRunner Map Task Executor #0] mapred.LocalJobRunner: Starting task: attempt_local274674568_0068_m_000000_0
2024-04-23T21:16:46,060  INFO [LocalJobRunner Map Task Executor #0] mapred.Task:  Using ResourceCalculatorProcessTree : [ ]
2024-04-23T21:16:46,060  INFO [LocalJobRunner Map Task Executor #0] mapred.MapTask: Processing split: org.apache.hadoop.hive.ql.io.orc.OrcInputFormat:OrcSplit [file:/home/alex/Repositories/hive/ql/target/tmp/org.apache.hadoop.hive.ql.TestTxnNoBuckets-1713932056679/warehouse/t/000000_0, start=3, length=113, isOriginal=true, fileLength=259, hasFooter=false, hasBase=true, deltas=0]
2024-04-23T21:16:46,061  INFO [LocalJobRunner Map Task Executor #0] exec.SerializationUtilities: Deserializing MapWork using kryo
2024-04-23T21:16:46,062  INFO [LocalJobRunner Map Task Executor #0] exec.Utilities: Deserialized plan (via FILE) - name: null size: 6,73KB
2024-04-23T21:16:46,063  INFO [LocalJobRunner Map Task Executor #0] orc.OrcInputFormat: ORC pushdown predicate: (not leaf-(LESS_THAN_EQUALS b 6))
2024-04-23T21:16:46,063  INFO [LocalJobRunner Map Task Executor #0] orc.VectorizedOrcAcidRowBatchReader: Read ValidWriteIdList: default.t:10000000:9223372036854775807:::OrcSplit [file:/home/alex/Repositories/hive/ql/target/tmp/org.apache.hadoop.hive.ql.TestTxnNoBuckets-1713932056679/warehouse/t/000000_0, start=3, length=113, isOriginal=true, fileLength=259, hasFooter=false, hasBase=true, deltas=0]
2024-04-23T21:16:46,064  INFO [LocalJobRunner Map Task Executor #0] orc.ReaderImpl: Reading ORC rows from file:/home/alex/Repositories/hive/ql/target/tmp/org.apache.hadoop.hive.ql.TestTxnNoBuckets-1713932056679/warehouse/t/000000_0 with {include: [true, true, true], offset: 3, length: 113, sarg: (not leaf-(LESS_THAN_EQUALS b 6)), schema: struct<a:int,b:int>, includeAcidColumns: true}
2024-04-23T21:16:46,065  INFO [LocalJobRunner Map Task Executor #0] mapred.MapTask: numReduceTasks: 1
2024-04-23T21:16:46,069  INFO [LocalJobRunner Map Task Executor #0] mapred.MapTask: (EQUATOR) 0 kvi 26214396(104857584)
2024-04-23T21:16:46,069  INFO [LocalJobRunner Map Task Executor #0] mapred.MapTask: mapreduce.task.io.sort.mb: 100
2024-04-23T21:16:46,069  INFO [LocalJobRunner Map Task Executor #0] mapred.MapTask: soft limit at 83886080
2024-04-23T21:16:46,069  INFO [LocalJobRunner Map Task Executor #0] mapred.MapTask: bufstart = 0; bufvoid = 104857600
2024-04-23T21:16:46,069  INFO [LocalJobRunner Map Task Executor #0] mapred.MapTask: kvstart = 26214396; length = 6553600
2024-04-23T21:16:46,069  INFO [LocalJobRunner Map Task Executor #0] mapred.MapTask: Map output collector class = org.apache.hadoop.mapred.MapTask$MapOutputBuffer
2024-04-23T21:16:46,070  INFO [LocalJobRunner Map Task Executor #0] vector.VectorMapOperator: Initializing Operator: MAP[0]
2024-04-23T21:16:46,070  INFO [LocalJobRunner Map Task Executor #0] mr.ExecMapper: 
<MAP>Id =0
  <Children>null
  <\Children>
  <Parent><\Parent>
<\MAP>
2024-04-23T21:16:46,071  INFO [LocalJobRunner Map Task Executor #0] exec.TableScanOperator: Initializing Operator: TS[0]
2024-04-23T21:16:46,071  INFO [LocalJobRunner Map Task Executor #0] vector.VectorFilterOperator: Initializing Operator: FIL[7]
2024-04-23T21:16:46,071  INFO [LocalJobRunner Map Task Executor #0] vector.VectorSelectOperator: Initializing Operator: SEL[8]
2024-04-23T21:16:46,072  INFO [LocalJobRunner Map Task Executor #0] vector.VectorReduceSinkOperator: Initializing Operator: RS[9]
2024-04-23T21:16:46,072  INFO [LocalJobRunner Map Task Executor #0] vector.VectorReduceSinkOperator: Using tag = -1
2024-04-23T21:16:46,072  INFO [LocalJobRunner Map Task Executor #0] vector.VectorReduceSinkOperator: keys are [reducesinkkey0] num distributions: 1
2024-04-23T21:16:46,073  INFO [LocalJobRunner Map Task Executor #0] vector.VectorReduceSinkOperator: RS[9]: records written - 1
2024-04-23T21:16:46,073  INFO [LocalJobRunner Map Task Executor #0] vector.VectorMapOperator: Closing Operator: MAP[0]
2024-04-23T21:16:46,073  INFO [LocalJobRunner Map Task Executor #0] vector.VectorMapOperator: RECORDS_IN:5, DESERIALIZE_ERRORS:0, RECORDS_OUT_OPERATOR_MAP_0:0, RECORDS_OUT_INTERMEDIATE:0, 
2024-04-23T21:16:46,073  INFO [LocalJobRunner Map Task Executor #0] exec.TableScanOperator: Closing Operator: TS[0]
2024-04-23T21:16:46,073  INFO [LocalJobRunner Map Task Executor #0] exec.TableScanOperator: RECORDS_OUT_OPERATOR_TS_0:5, RECORDS_OUT_INTERMEDIATE:0, 
2024-04-23T21:16:46,073  INFO [LocalJobRunner Map Task Executor #0] vector.VectorFilterOperator: Closing Operator: FIL[7]
2024-04-23T21:16:46,073  INFO [LocalJobRunner Map Task Executor #0] vector.VectorFilterOperator: RECORDS_OUT_OPERATOR_FIL_7:2, RECORDS_OUT_INTERMEDIATE:0, 
2024-04-23T21:16:46,073  INFO [LocalJobRunner Map Task Executor #0] vector.VectorSelectOperator: Closing Operator: SEL[8]
2024-04-23T21:16:46,073  INFO [LocalJobRunner Map Task Executor #0] vector.VectorSelectOperator: RECORDS_OUT_OPERATOR_SEL_8:2, RECORDS_OUT_INTERMEDIATE:0, 
2024-04-23T21:16:46,073  INFO [LocalJobRunner Map Task Executor #0] vector.VectorReduceSinkOperator: Closing Operator: RS[9]
2024-04-23T21:16:46,073  INFO [LocalJobRunner Map Task Executor #0] vector.VectorReduceSinkOperator: RS[9]: Total records written - 2. abort - false
2024-04-23T21:16:46,073  INFO [LocalJobRunner Map Task Executor #0] vector.VectorReduceSinkOperator: RECORDS_OUT_INTERMEDIATE:2, RECORDS_OUT_OPERATOR_RS_9:2, 
2024-04-23T21:16:46,074  INFO [LocalJobRunner Map Task Executor #0] mapred.LocalJobRunner: 
2024-04-23T21:16:46,074  INFO [LocalJobRunner Map Task Executor #0] mapred.MapTask: Starting flush of map output
2024-04-23T21:16:46,074  INFO [LocalJobRunner Map Task Executor #0] mapred.MapTask: Spilling map output
2024-04-23T21:16:46,074  INFO [LocalJobRunner Map Task Executor #0] mapred.MapTask: bufstart = 0; bufend = 54; bufvoid = 104857600
2024-04-23T21:16:46,074  INFO [LocalJobRunner Map Task Executor #0] mapred.MapTask: kvstart = 26214396(104857584); kvend = 26214392(104857568); length = 5/6553600
2024-04-23T21:16:46,084  INFO [LocalJobRunner Map Task Executor #0] mapred.MapTask: Finished spill 0
2024-04-23T21:16:46,087  INFO [LocalJobRunner Map Task Executor #0] mapred.Task: Task:attempt_local274674568_0068_m_000000_0 is done. And is in the process of committing
2024-04-23T21:16:46,087  INFO [LocalJobRunner Map Task Executor #0] mapred.LocalJobRunner: OrcSplit [file:/home/alex/Repositories/hive/ql/target/tmp/org.apache.hadoop.hive.ql.TestTxnNoBuckets-1713932056679/warehouse/t/000000_0, start=3, length=113, isOriginal=true, fileLength=259, hasFooter=false, hasBase=true, deltas=0]
2024-04-23T21:16:46,087  INFO [LocalJobRunner Map Task Executor #0] mapred.Task: Task 'attempt_local274674568_0068_m_000000_0' done.
2024-04-23T21:16:46,088  INFO [LocalJobRunner Map Task Executor #0] mapred.Task: Final Counters for attempt_local274674568_0068_m_000000_0: Counters: 25
	File System Counters
		FILE: Number of bytes read=1534396
		FILE: Number of bytes written=80094688
		FILE: Number of read operations=0
		FILE: Number of large read operations=0
		FILE: Number of write operations=0
	Map-Reduce Framework
		Map input records=1
		Map output records=2
		Map output bytes=54
		Map output materialized bytes=64
		Input split bytes=471
		Combine input records=0
		Spilled Records=2
		Failed Shuffles=0
		Merged Map outputs=0
		GC time elapsed (ms)=0
		Total committed heap usage (bytes)=1192230912
	HIVE
		DESERIALIZE_ERRORS=0
		RECORDS_IN=5
		RECORDS_OUT_INTERMEDIATE=2
		RECORDS_OUT_OPERATOR_FIL_7=2
		RECORDS_OUT_OPERATOR_MAP_0=0
		RECORDS_OUT_OPERATOR_RS_9=2
		RECORDS_OUT_OPERATOR_SEL_8=2
		RECORDS_OUT_OPERATOR_TS_0=5
	File Input Format Counters 
		Bytes Read=8164
2024-04-23T21:16:46,088  INFO [LocalJobRunner Map Task Executor #0] mapred.LocalJobRunner: Finishing task: attempt_local274674568_0068_m_000000_0
2024-04-23T21:16:46,088  INFO [Thread-4437] mapred.LocalJobRunner: map task executor complete.
2024-04-23T21:16:46,089  INFO [Thread-4437] mapred.LocalJobRunner: Waiting for reduce tasks
2024-04-23T21:16:46,089  INFO [pool-282-thread-1] mapred.LocalJobRunner: Starting task: attempt_local274674568_0068_r_000000_0
2024-04-23T21:16:46,089  INFO [pool-282-thread-1] mapred.Task:  Using ResourceCalculatorProcessTree : [ ]
2024-04-23T21:16:46,089  INFO [pool-282-thread-1] mapred.ReduceTask: Using ShuffleConsumerPlugin: org.apache.hadoop.mapreduce.task.reduce.Shuffle@44c7aae7
2024-04-23T21:16:46,089  WARN [pool-282-thread-1] impl.MetricsSystemImpl: JobTracker metrics system already initialized!
2024-04-23T21:16:46,090  INFO [pool-282-thread-1] reduce.MergeManagerImpl: MergerManager: memoryLimit=1336252800, maxSingleShuffleLimit=334063200, mergeThreshold=881926912, ioSortFactor=10, memToMemMergeOutputsThreshold=10
2024-04-23T21:16:46,091  INFO [EventFetcher for fetching Map Completion Events] reduce.EventFetcher: attempt_local274674568_0068_r_000000_0 Thread started: EventFetcher for fetching Map Completion Events
2024-04-23T21:16:46,091  INFO [localfetcher#42] reduce.LocalFetcher: localfetcher#42 about to shuffle output of map attempt_local274674568_0068_m_000000_0 decomp: 60 len: 64 to MEMORY
2024-04-23T21:16:46,092  INFO [localfetcher#42] reduce.InMemoryMapOutput: Read 60 bytes from map-output for attempt_local274674568_0068_m_000000_0
2024-04-23T21:16:46,092  INFO [localfetcher#42] reduce.MergeManagerImpl: closeInMemoryFile -> map-output of size: 60, inMemoryMapOutputs.size() -> 1, commitMemory -> 0, usedMemory ->60
2024-04-23T21:16:46,092  INFO [EventFetcher for fetching Map Completion Events] reduce.EventFetcher: EventFetcher is interrupted.. Returning
2024-04-23T21:16:46,092  INFO [pool-282-thread-1] mapred.LocalJobRunner: 1 / 1 copied.
2024-04-23T21:16:46,092  INFO [pool-282-thread-1] reduce.MergeManagerImpl: finalMerge called with 1 in-memory map-outputs and 0 on-disk map-outputs
2024-04-23T21:16:46,098  INFO [pool-282-thread-1] mapred.Merger: Merging 1 sorted segments
2024-04-23T21:16:46,098  INFO [pool-282-thread-1] mapred.Merger: Down to the last merge-pass, with 1 segments left of total size: 48 bytes
2024-04-23T21:16:46,101  INFO [pool-282-thread-1] reduce.MergeManagerImpl: Merged 1 segments, 60 bytes to disk to satisfy reduce memory limit
2024-04-23T21:16:46,101  INFO [pool-282-thread-1] reduce.MergeManagerImpl: Merging 1 files, 64 bytes from disk
2024-04-23T21:16:46,101  INFO [pool-282-thread-1] reduce.MergeManagerImpl: Merging 0 segments, 0 bytes from memory into reduce
2024-04-23T21:16:46,101  INFO [pool-282-thread-1] mapred.Merger: Merging 1 sorted segments
2024-04-23T21:16:46,101  INFO [pool-282-thread-1] mapred.Merger: Down to the last merge-pass, with 1 segments left of total size: 48 bytes
2024-04-23T21:16:46,101  INFO [pool-282-thread-1] mapred.LocalJobRunner: 1 / 1 copied.
2024-04-23T21:16:46,102  INFO [pool-282-thread-1] exec.SerializationUtilities: Deserializing ReduceWork using kryo
2024-04-23T21:16:46,103  INFO [pool-282-thread-1] exec.Utilities: Deserialized plan (via FILE) - name: null size: 7,73KB
2024-04-23T21:16:46,104  INFO [pool-282-thread-1] ExecReducer: 
<SEL>Id =4
  <Children>
    <FS>Id =5
      <Children>
      <\Children>
      <Parent>Id = 4 null<\Parent>
    <\FS>
  <\Children>
  <Parent><\Parent>
<\SEL>
2024-04-23T21:16:46,104  INFO [pool-282-thread-1] exec.SelectOperator: Initializing Operator: SEL[4]
2024-04-23T21:16:46,104  INFO [pool-282-thread-1] exec.SelectOperator: SELECT struct<key:struct<reducesinkkey0:int>,value:struct<_col0:struct<writeid:bigint,bucketid:int,rowid:bigint>>>
2024-04-23T21:16:46,104  INFO [pool-282-thread-1] exec.FileSinkOperator: Initializing Operator: FS[5]
2024-04-23T21:16:46,104  INFO [pool-282-thread-1] exec.FileSinkOperator: Using serializer : class org.apache.hadoop.hive.serde2.lazy.LazySimpleSerDe [serdeParams=org.apache.hadoop.hive.serde2.lazy.LazySerDeParameters@11fb9cf5, cachedObjectInspector=org.apache.hadoop.hive.serde2.lazy.objectinspector.LazySimpleStructObjectInspector<org.apache.hadoop.hive.serde2.lazy.objectinspector.LazySimpleStructObjectInspector<org.apache.hadoop.hive.serde2.lazy.objectinspector.primitive.LazyLongObjectInspector@18f919ce,org.apache.hadoop.hive.serde2.lazy.objectinspector.primitive.LazyIntObjectInspector@4dea763c,org.apache.hadoop.hive.serde2.lazy.objectinspector.primitive.LazyLongObjectInspector@18f919ce>,org.apache.hadoop.hive.serde2.lazy.objectinspector.primitive.LazyIntObjectInspector@4dea763c>, serializedSize=0, stats=org.apache.hadoop.hive.serde2.SerDeStats@6f5c26d0, lastOperationSerialize=false, lastOperationDeserialize=false [1, 2, 3, 4, 5, 6, 7, 8, 11, 14, 15, 16, 17, 18, 19, 20, 21, 22, 23, 24, 25, 26, 28, 29, 30, 31, -128, -127, -126, -125, -124, -123, -122, -121, -120, -119, -118, -117, -116, -115, -114, -113, -112, -111, -110, -109, -108, -107, -106, -105, -104, -103, -102, -101, -100, -99, -98, -97, -96, -95, -94, -93, -92, -91, -90, -89, -88, -87, -86, -85, -84, -83, -82, -81, -80, -79, -78, -77, -76, -75, -74, -73, -72, -71, -70, -69, -68, -67, -66, -65, -64, -63, -62, -61, -60, -59, -58, -57, -56, -55, -54, -53, -52, -51, -50, -49, -48, -47, -46, -45, -44, -43, -42, -41, -40, -39, -38, -37, -36, -35, -34, -33, -32, -31, -30, -29, -28, -27, -26, -25, -24, -23, -22, -21, -20, -19, -18, -17, -16, -15, -14, -13, -12, -11, -10, -9, -8, -7, -6, -5, -4, -3, -2, -1] : [_col0, _col1] : [struct<writeid:bigint,bucketid:int,rowid:bigint>, int]] and formatter : org.apache.hadoop.hive.ql.io.HiveSequenceFileOutputFormat@29478a8d
2024-04-23T21:16:46,104  INFO [pool-282-thread-1] exec.FileSinkOperator: Final Path: FS file:/home/alex/Repositories/hive/ql/target/tmp/localscratchdir/df58eaf1-daa5-4565-87e2-2bd14a74e52d/hive_2024-04-23_21-16-45_627_7854811666553340564-1/-mr-10001/.hive-staging_hive_2024-04-23_21-16-45_627_7854811666553340564-1/_tmp.-ext-10002/000000_0
2024-04-23T21:16:46,104  INFO [pool-282-thread-1] exec.FileSinkOperator: Writing to temp file: FS file:/home/alex/Repositories/hive/ql/target/tmp/localscratchdir/df58eaf1-daa5-4565-87e2-2bd14a74e52d/hive_2024-04-23_21-16-45_627_7854811666553340564-1/-mr-10001/.hive-staging_hive_2024-04-23_21-16-45_627_7854811666553340564-1/_task_tmp.-ext-10002/_tmp.000000_0
2024-04-23T21:16:46,104  INFO [pool-282-thread-1] exec.FileSinkOperator: New Final Path: FS file:/home/alex/Repositories/hive/ql/target/tmp/localscratchdir/df58eaf1-daa5-4565-87e2-2bd14a74e52d/hive_2024-04-23_21-16-45_627_7854811666553340564-1/-mr-10001/.hive-staging_hive_2024-04-23_21-16-45_627_7854811666553340564-1/_tmp.-ext-10002/000000_0
2024-04-23T21:16:46,112  INFO [pool-282-thread-1] exec.FileSinkOperator: FS[5]: records written - 1
2024-04-23T21:16:46,112  INFO [pool-282-thread-1] exec.SelectOperator: Closing Operator: SEL[4]
2024-04-23T21:16:46,112  INFO [pool-282-thread-1] exec.SelectOperator: RECORDS_OUT_OPERATOR_SEL_4:2, RECORDS_OUT_INTERMEDIATE:0, 
2024-04-23T21:16:46,112  INFO [pool-282-thread-1] exec.FileSinkOperator: Closing Operator: FS[5]
2024-04-23T21:16:46,112  INFO [pool-282-thread-1] exec.FileSinkOperator: FS[5]: records written - 2
2024-04-23T21:16:46,113  INFO [pool-282-thread-1] exec.FileSinkOperator: RECORDS_OUT_OPERATOR_FS_5:2, RECORDS_OUT_INTERMEDIATE:0, RECORDS_OUT_0:2, 
2024-04-23T21:16:46,113  INFO [pool-282-thread-1] mapred.Task: Task:attempt_local274674568_0068_r_000000_0 is done. And is in the process of committing
2024-04-23T21:16:46,114  INFO [pool-282-thread-1] mapred.LocalJobRunner: reduce > reduce
2024-04-23T21:16:46,114  INFO [pool-282-thread-1] mapred.Task: Task 'attempt_local274674568_0068_r_000000_0' done.
2024-04-23T21:16:46,114  INFO [pool-282-thread-1] mapred.Task: Final Counters for attempt_local274674568_0068_r_000000_0: Counters: 29
	File System Counters
		FILE: Number of bytes read=1542360
		FILE: Number of bytes written=80094907
		FILE: Number of read operations=0
		FILE: Number of large read operations=0
		FILE: Number of write operations=0
	Map-Reduce Framework
		Combine input records=0
		Combine output records=0
		Reduce input groups=2
		Reduce shuffle bytes=64
		Reduce input records=2
		Reduce output records=0
		Spilled Records=2
		Shuffled Maps =1
		Failed Shuffles=0
		Merged Map outputs=1
		GC time elapsed (ms)=0
		Total committed heap usage (bytes)=1192230912
	HIVE
		CREATED_FILES=1
		RECORDS_OUT_0=2
		RECORDS_OUT_INTERMEDIATE=0
		RECORDS_OUT_OPERATOR_FS_5=2
		RECORDS_OUT_OPERATOR_SEL_4=2
	Shuffle Errors
		BAD_ID=0
		CONNECTION=0
		IO_ERROR=0
		WRONG_LENGTH=0
		WRONG_MAP=0
		WRONG_REDUCE=0
	File Output Format Counters 
		Bytes Written=0
2024-04-23T21:16:46,114  INFO [pool-282-thread-1] mapred.LocalJobRunner: Finishing task: attempt_local274674568_0068_r_000000_0
2024-04-23T21:16:46,114  INFO [Thread-4437] mapred.LocalJobRunner: reduce task executor complete.
2024-04-23 21:16:47,060 Stage-1 map = 100%,  reduce = 100%
2024-04-23T21:16:47,060  INFO [main] exec.Task: 2024-04-23 21:16:47,060 Stage-1 map = 100%,  reduce = 100%
Ended Job = job_local274674568_0068
2024-04-23T21:16:47,061  INFO [main] exec.Task: Ended Job = job_local274674568_0068
2024-04-23T21:16:47,063  INFO [main] metadata.Hive: Dumping metastore api call timing information for : execution phase
2024-04-23T21:16:47,063  INFO [main] metadata.Hive: Total time spent in each metastore function (ms): {}
MapReduce Jobs Launched: 
2024-04-23T21:16:47,063  INFO [main] ql.Driver: MapReduce Jobs Launched: 
Stage-Stage-1:  HDFS Read: 0 HDFS Write: 0 SUCCESS
2024-04-23T21:16:47,063  INFO [main] ql.Driver: Stage-Stage-1:  HDFS Read: 0 HDFS Write: 0 SUCCESS
Total MapReduce CPU Time Spent: 0 msec
2024-04-23T21:16:47,063  INFO [main] ql.Driver: Total MapReduce CPU Time Spent: 0 msec
2024-04-23T21:16:47,063  INFO [main] ql.Driver: Completed executing command(queryId=alex_20240423211645_a835d9fa-b414-4434-a70b-e9a156879871); Time taken: 1.277 seconds
2024-04-23T21:16:47,063  INFO [main] lockmgr.DbTxnManager: Stopped heartbeat for query: alex_20240423211645_a835d9fa-b414-4434-a70b-e9a156879871
2024-04-23T21:16:47,067  INFO [main] txn.TxnHandler: Expected to move at least one record from txn_components to completed_txn_components when committing txn! txnid:19
2024-04-23T21:16:47,073  INFO [main] txn.TxnHandler: Removed transactions: ([19]) from MIN_HISTORY_LEVEL
2024-04-23T21:16:47,073  WARN [main] txn.CompactionTxnHandler: No compaction queue record found for Compaction type transaction commit. txnId:19
2024-04-23T21:16:47,077  INFO [main] mapred.FileInputFormat: Total input files to process : 1
2024-04-23T21:16:47,078  INFO [main] exec.ListSinkOperator: Closing Operator: LIST_SINK[10]
2024-04-23T21:16:47,078  INFO [main] exec.ListSinkOperator: RECORDS_OUT_OPERATOR_LIST_SINK_10:2, RECORDS_OUT_INTERMEDIATE:0, 
2024-04-23T21:16:47,078  WARN [main] ql.TestTxnNoBuckets: null: read data(After conversion with VC1): 
2024-04-23T21:16:47,078  INFO [main] ql.TestTxnNoBuckets: {"writeid":0,"bucketid":536870912,"rowid":3}	6
{"writeid":0,"bucketid":536870912,"rowid":4}	9

2024-04-23T21:16:47,078  INFO [main] ql.TxnCommandsBaseForTests: Running the query: EXPLAIN VECTORIZATION DETAIL select ROW__ID, a from T where b > 6 order by a
2024-04-23T21:16:47,078  INFO [main] ql.Context: Deleting scratch dir: file:/home/alex/Repositories/hive/ql/target/tmp/localscratchdir/df58eaf1-daa5-4565-87e2-2bd14a74e52d/hive_2024-04-23_21-16-45_627_7854811666553340564-1
2024-04-23T21:16:47,079  INFO [main] cleanup.SyncCleanupService: Deleted directory: file:/home/alex/Repositories/hive/ql/target/tmp/localscratchdir/df58eaf1-daa5-4565-87e2-2bd14a74e52d/hive_2024-04-23_21-16-45_627_7854811666553340564-1 on fs with scheme file
2024-04-23T21:16:47,080  INFO [main] ql.Driver: Compiling command(queryId=alex_20240423211647_b2cf418c-85e1-41b7-83b4-6ce46cfb45ed): EXPLAIN VECTORIZATION DETAIL select ROW__ID, a from T where b > 6 order by a
2024-04-23T21:16:47,082  INFO [main] txn.TxnHandler: Added entries to MIN_HISTORY_LEVEL for current txns: ([20]) with min_open_txn: 20
2024-04-23T21:16:47,082  INFO [main] lockmgr.DbTxnManager: Opened txnid:20
2024-04-23T21:16:47,083  INFO [main] parse.CalcitePlanner: Starting Semantic Analysis
2024-04-23T21:16:47,085  INFO [main] parse.CalcitePlanner: Completed phase 1 of Semantic Analysis
2024-04-23T21:16:47,085  INFO [main] parse.CalcitePlanner: Get metadata for source tables
2024-04-23T21:16:47,086  INFO [main] HiveMetaStore.audit: ugi=alex	ip=unknown-ip-addr	cmd=get_table : tbl=hive.default.t	
2024-04-23T21:16:47,097  INFO [main] metastore.HMSHandler: Skipping translation for processor with null
2024-04-23T21:16:47,097  INFO [main] parse.CalcitePlanner: Get metadata for subqueries
2024-04-23T21:16:47,097  INFO [main] parse.CalcitePlanner: Get metadata for destination tables
2024-04-23T21:16:47,097  INFO [main] parse.CalcitePlanner: Completed getting MetaData in Semantic Analysis
2024-04-23T21:16:47,109  INFO [main] HiveMetaStore.audit: ugi=alex	ip=unknown-ip-addr	cmd=get_all_table_constraints : tbl=hive.default.t	
2024-04-23T21:16:47,149  INFO [main] calcite.RelOptHiveTable: Calculating column statistics for default.t, projIndxSet: [0, 1], allowMissingStats: true
2024-04-23T21:16:47,149  INFO [main] HiveMetaStore.audit: ugi=alex	ip=unknown-ip-addr	cmd=get_table_statistics_req: table=hive.default.t	
2024-04-23T21:16:47,157  WARN [main] calcite.RelOptHiveTable: No Stats for default@t, Columns: b, a
No Stats for default@t, Columns: b, a
2024-04-23T21:16:47,157  INFO [main] SessionState: No Stats for default@t, Columns: b, a
2024-04-23T21:16:47,210  INFO [main] parse.CalcitePlanner: Get metadata for source tables
2024-04-23T21:16:47,210  INFO [main] parse.CalcitePlanner: Get metadata for subqueries
2024-04-23T21:16:47,210  INFO [main] parse.CalcitePlanner: Get metadata for destination tables
2024-04-23T21:16:47,212  INFO [main] parse.CalcitePlanner: CBO Succeeded; optimized logical plan.
2024-04-23T21:16:47,215  INFO [main] optimizer.ColumnPrunerProcFactory: RS 3 oldColExprMap: {KEY.reducesinkkey0=Column[_col1], VALUE._col0=Column[_col0]}
2024-04-23T21:16:47,215  INFO [main] optimizer.ColumnPrunerProcFactory: RS 3 newColExprMap: {VALUE._col0=Column[_col0], KEY.reducesinkkey0=Column[_col1]}
2024-04-23T21:16:47,216  INFO [main] optimizer.BucketVersionPopulator: not considering bucketingVersion for: TS[0] because it has -1<2 buckets 
2024-04-23T21:16:47,220  INFO [main] optimizer.SortedDynPartitionOptimizer: Sorted dynamic partitioning optimization kicked in..
2024-04-23T21:16:47,229  INFO [main] physical.Vectorizer: Examining input format to see if vectorization is enabled.
2024-04-23T21:16:47,229  INFO [main] physical.Vectorizer: Vectorization is enabled for input format(s) [org.apache.hadoop.hive.ql.io.orc.OrcInputFormat]
2024-04-23T21:16:47,229  INFO [main] physical.Vectorizer: Validating and vectorizing MapWork... (vectorizedVertexNum 0)
2024-04-23T21:16:47,231  INFO [main] physical.Vectorizer: Map vectorization enabled: true
2024-04-23T21:16:47,231  INFO [main] physical.Vectorizer: Map vectorized: true
2024-04-23T21:16:47,231  INFO [main] physical.Vectorizer: Map vectorizedVertexNum: 0
2024-04-23T21:16:47,231  INFO [main] physical.Vectorizer: Map enabledConditionsMet: [hive.vectorized.use.vectorized.input.format IS true]
2024-04-23T21:16:47,231  INFO [main] physical.Vectorizer: Map inputFileFormatClassNameSet: [org.apache.hadoop.hive.ql.io.orc.OrcInputFormat]
2024-04-23T21:16:47,231  INFO [main] physical.Vectorizer: Reduce vectorization enabled: false
2024-04-23T21:16:47,231  INFO [main] physical.Vectorizer: Reduce vectorized: false
2024-04-23T21:16:47,231  INFO [main] physical.Vectorizer: Reduce vectorizedVertexNum: 1
2024-04-23T21:16:47,231  INFO [main] physical.Vectorizer: Reducer hive.vectorized.execution.reduce.enabled: true
2024-04-23T21:16:47,231  INFO [main] physical.Vectorizer: Reducer engine: mr
2024-04-23T21:16:47,231  INFO [main] parse.CalcitePlanner: Completed plan generation
2024-04-23T21:16:47,231  INFO [main] ql.Driver: Semantic Analysis Completed (retrial = false)
2024-04-23T21:16:47,231  INFO [main] ql.Driver: Created Hive schema: Schema(fieldSchemas:[FieldSchema(name:Explain, type:string, comment:null)], properties:null)
2024-04-23T21:16:47,231  INFO [main] metadata.Hive: Dumping metastore api call timing information for : compilation phase
2024-04-23T21:16:47,232  INFO [main] metadata.Hive: Total time spent in each metastore function (ms): {isCompatibleWith_(Configuration)=0, flushCache_()=0, getValidTxns_(long)=1, commitTxn_(CommitTxnRequest)=10, getTableColumnStatistics_(String, String, List, String)=8, getTable_(GetTableRequest)=11, getValidWriteIds_(List, String)=3, openTxn_(String, TxnType)=2, getAllTableConstraints_(AllTableConstraintsRequest)=5}
2024-04-23T21:16:47,232  INFO [main] ql.Driver: Completed compiling command(queryId=alex_20240423211647_b2cf418c-85e1-41b7-83b4-6ce46cfb45ed); Time taken: 0.151 seconds
2024-04-23T21:16:47,232  INFO [main] ql.Driver: Executing command(queryId=alex_20240423211647_b2cf418c-85e1-41b7-83b4-6ce46cfb45ed): EXPLAIN VECTORIZATION DETAIL select ROW__ID, a from T where b > 6 order by a
2024-04-23T21:16:47,232  INFO [main] ql.Driver: Starting task [Stage-2:EXPLAIN] in serial mode
2024-04-23T21:16:47,245  INFO [main] metadata.Hive: Dumping metastore api call timing information for : execution phase
2024-04-23T21:16:47,245  INFO [main] metadata.Hive: Total time spent in each metastore function (ms): {}
2024-04-23T21:16:47,245  INFO [main] ql.Driver: Completed executing command(queryId=alex_20240423211647_b2cf418c-85e1-41b7-83b4-6ce46cfb45ed); Time taken: 0.013 seconds
2024-04-23T21:16:47,245  INFO [main] lockmgr.DbTxnManager: Stopped heartbeat for query: null
2024-04-23T21:16:47,250  INFO [main] txn.TxnHandler: Expected to move at least one record from txn_components to completed_txn_components when committing txn! txnid:20
2024-04-23T21:16:47,256  INFO [main] txn.TxnHandler: Removed transactions: ([20]) from MIN_HISTORY_LEVEL
2024-04-23T21:16:47,256  WARN [main] txn.CompactionTxnHandler: No compaction queue record found for Compaction type transaction commit. txnId:20
2024-04-23T21:16:47,257  INFO [main] ql.TxnCommandsBaseForTests: Running the query: select ROW__ID, a from T where b > 0 order by a
2024-04-23T21:16:47,257  INFO [main] ql.Context: Deleting scratch dir: file:/home/alex/Repositories/hive/ql/target/tmp/localscratchdir/df58eaf1-daa5-4565-87e2-2bd14a74e52d/hive_2024-04-23_21-16-47_079_4416678005582401899-1
2024-04-23T21:16:47,257  INFO [main] cleanup.SyncCleanupService: Deleted directory: file:/home/alex/Repositories/hive/ql/target/tmp/localscratchdir/df58eaf1-daa5-4565-87e2-2bd14a74e52d/hive_2024-04-23_21-16-47_079_4416678005582401899-1 on fs with scheme file
2024-04-23T21:16:47,257  INFO [main] ql.Driver: Compiling command(queryId=alex_20240423211647_6d3b1137-28e7-4303-b345-efbc78d96bae): select ROW__ID, a from T where b > 0 order by a
2024-04-23T21:16:47,260  INFO [main] txn.TxnHandler: Added entries to MIN_HISTORY_LEVEL for current txns: ([21]) with min_open_txn: 20
2024-04-23T21:16:47,260  INFO [main] lockmgr.DbTxnManager: Opened txnid:21
2024-04-23T21:16:47,260  INFO [main] parse.CalcitePlanner: Starting caching scope for: 
2024-04-23T21:16:47,260  INFO [main] parse.CalcitePlanner: Starting Semantic Analysis
2024-04-23T21:16:47,263  INFO [main] parse.CalcitePlanner: Completed phase 1 of Semantic Analysis
2024-04-23T21:16:47,263  INFO [main] parse.CalcitePlanner: Get metadata for source tables
2024-04-23T21:16:47,264  INFO [main] HiveMetaStore.audit: ugi=alex	ip=unknown-ip-addr	cmd=get_table : tbl=hive.default.t	
2024-04-23T21:16:47,269  INFO [main] metastore.HMSHandler: Skipping translation for processor with null
2024-04-23T21:16:47,270  INFO [main] parse.CalcitePlanner: Get metadata for subqueries
2024-04-23T21:16:47,270  INFO [main] parse.CalcitePlanner: Get metadata for destination tables
2024-04-23T21:16:47,270  INFO [main] parse.CalcitePlanner: Completed getting MetaData in Semantic Analysis
2024-04-23T21:16:47,281  INFO [main] HiveMetaStore.audit: ugi=alex	ip=unknown-ip-addr	cmd=get_all_table_constraints : tbl=hive.default.t	
2024-04-23T21:16:47,314  INFO [main] calcite.RelOptHiveTable: Calculating column statistics for default.t, projIndxSet: [0, 1], allowMissingStats: true
2024-04-23T21:16:47,315  INFO [main] HiveMetaStore.audit: ugi=alex	ip=unknown-ip-addr	cmd=get_table_statistics_req: table=hive.default.t	
2024-04-23T21:16:47,322  WARN [main] calcite.RelOptHiveTable: No Stats for default@t, Columns: a, b
No Stats for default@t, Columns: a, b
2024-04-23T21:16:47,322  INFO [main] SessionState: No Stats for default@t, Columns: a, b
2024-04-23T21:16:47,379  INFO [main] parse.CalcitePlanner: Get metadata for source tables
2024-04-23T21:16:47,379  INFO [main] parse.CalcitePlanner: Get metadata for subqueries
2024-04-23T21:16:47,379  INFO [main] parse.CalcitePlanner: Get metadata for destination tables
2024-04-23T21:16:47,381  INFO [main] common.FileUtils: Creating directory if it doesn't exist: file:/home/alex/Repositories/hive/ql/target/tmp/localscratchdir/df58eaf1-daa5-4565-87e2-2bd14a74e52d/hive_2024-04-23_21-16-47_257_5359481942402738582-1/-mr-10001/.hive-staging_hive_2024-04-23_21-16-47_257_5359481942402738582-1
2024-04-23T21:16:47,388  INFO [main] parse.CalcitePlanner: CBO Succeeded; optimized logical plan.
2024-04-23T21:16:47,391  INFO [main] optimizer.ColumnPrunerProcFactory: RS 3 oldColExprMap: {VALUE._col0=Column[_col0], KEY.reducesinkkey0=Column[_col1]}
2024-04-23T21:16:47,391  INFO [main] optimizer.ColumnPrunerProcFactory: RS 3 newColExprMap: {VALUE._col0=Column[_col0], KEY.reducesinkkey0=Column[_col1]}
2024-04-23T21:16:47,392  INFO [main] optimizer.BucketVersionPopulator: not considering bucketingVersion for: TS[0] because it has -1<2 buckets 
2024-04-23T21:16:47,392  INFO [main] optimizer.SortedDynPartitionOptimizer: Sorted dynamic partitioning optimization kicked in..
2024-04-23T21:16:47,410  INFO [main] physical.Vectorizer: Examining input format to see if vectorization is enabled.
2024-04-23T21:16:47,411  INFO [main] physical.Vectorizer: Vectorization is enabled for input format(s) [org.apache.hadoop.hive.ql.io.orc.OrcInputFormat]
2024-04-23T21:16:47,411  INFO [main] physical.Vectorizer: Validating and vectorizing MapWork... (vectorizedVertexNum 0)
2024-04-23T21:16:47,413  INFO [main] physical.Vectorizer: Map vectorization enabled: true
2024-04-23T21:16:47,413  INFO [main] physical.Vectorizer: Map vectorized: true
2024-04-23T21:16:47,413  INFO [main] physical.Vectorizer: Map vectorizedVertexNum: 0
2024-04-23T21:16:47,413  INFO [main] physical.Vectorizer: Map enabledConditionsMet: [hive.vectorized.use.vectorized.input.format IS true]
2024-04-23T21:16:47,413  INFO [main] physical.Vectorizer: Map inputFileFormatClassNameSet: [org.apache.hadoop.hive.ql.io.orc.OrcInputFormat]
2024-04-23T21:16:47,413  INFO [main] physical.Vectorizer: Reduce vectorization enabled: false
2024-04-23T21:16:47,413  INFO [main] physical.Vectorizer: Reduce vectorized: false
2024-04-23T21:16:47,414  INFO [main] physical.Vectorizer: Reduce vectorizedVertexNum: 1
2024-04-23T21:16:47,414  INFO [main] physical.Vectorizer: Reducer hive.vectorized.execution.reduce.enabled: true
2024-04-23T21:16:47,414  INFO [main] physical.Vectorizer: Reducer engine: mr
2024-04-23T21:16:47,414  INFO [main] parse.CalcitePlanner: Completed plan generation
2024-04-23T21:16:47,414  INFO [main] parse.CalcitePlanner: Ending caching scope for: 
2024-04-23T21:16:47,414  INFO [main] ql.Driver: Semantic Analysis Completed (retrial = false)
2024-04-23T21:16:47,414  INFO [main] ql.Driver: Created Hive schema: Schema(fieldSchemas:[FieldSchema(name:row__id, type:struct<writeid:bigint,bucketid:int,rowid:bigint>, comment:null), FieldSchema(name:a, type:int, comment:null)], properties:null)
2024-04-23T21:16:47,415  INFO [main] exec.ListSinkOperator: Initializing Operator: LIST_SINK[10]
2024-04-23T21:16:47,415  INFO [main] metadata.Hive: Dumping metastore api call timing information for : compilation phase
2024-04-23T21:16:47,416  INFO [main] metadata.Hive: Total time spent in each metastore function (ms): {getTableColumnStatistics_(String, String, List, String)=7, getAllTableConstraints_(AllTableConstraintsRequest)=4, getTable_(GetTableRequest)=6, flushCache_()=0, isCompatibleWith_(Configuration)=0, getValidWriteIds_(List, String)=3, getValidTxns_(long)=0, openTxn_(String, TxnType)=2, commitTxn_(CommitTxnRequest)=11}
2024-04-23T21:16:47,416  INFO [main] ql.Driver: Completed compiling command(queryId=alex_20240423211647_6d3b1137-28e7-4303-b345-efbc78d96bae); Time taken: 0.158 seconds
2024-04-23T21:16:47,416  INFO [main] lockmgr.DbTxnManager: Setting lock request transaction to txnid:21 for queryId=alex_20240423211647_6d3b1137-28e7-4303-b345-efbc78d96bae
2024-04-23T21:16:47,417  INFO [main] lockmgr.DbLockManager: Requesting lock for queryId=alex_20240423211647_6d3b1137-28e7-4303-b345-efbc78d96bae
2024-04-23T21:16:47,438  INFO [main] lockmgr.DbLockManager: Response to queryId=alex_20240423211647_6d3b1137-28e7-4303-b345-efbc78d96bae LockResponse(lockid:13, state:ACQUIRED)
2024-04-23T21:16:47,438  INFO [main] ql.Driver: Operation QUERY obtained 1 locks
2024-04-23T21:16:47,439  INFO [main] ql.Driver: Executing command(queryId=alex_20240423211647_6d3b1137-28e7-4303-b345-efbc78d96bae): select ROW__ID, a from T where b > 0 order by a
2024-04-23T21:16:47,439  WARN [main] ql.Driver: Hive-on-MR is deprecated in Hive 2 and may not be available in the future versions. Consider using a different execution engine (i.e. tez, spark) or using Hive 1.X releases.
Query ID = alex_20240423211647_6d3b1137-28e7-4303-b345-efbc78d96bae
2024-04-23T21:16:47,439  INFO [main] ql.Driver: Query ID = alex_20240423211647_6d3b1137-28e7-4303-b345-efbc78d96bae
Total jobs = 1
2024-04-23T21:16:47,439  INFO [main] ql.Driver: Total jobs = 1
Launching Job 1 out of 1
2024-04-23T21:16:47,439  INFO [main] ql.Driver: Launching Job 1 out of 1
2024-04-23T21:16:47,563  INFO [main] ql.Driver: Starting task [Stage-1:MAPRED] in serial mode
Number of reduce tasks determined at compile time: 1
2024-04-23T21:16:47,563  INFO [main] exec.Task: Number of reduce tasks determined at compile time: 1
In order to change the average load for a reducer (in bytes):
2024-04-23T21:16:47,563  INFO [main] exec.Task: In order to change the average load for a reducer (in bytes):
  set hive.exec.reducers.bytes.per.reducer=<number>
2024-04-23T21:16:47,563  INFO [main] exec.Task:   set hive.exec.reducers.bytes.per.reducer=<number>
In order to limit the maximum number of reducers:
2024-04-23T21:16:47,563  INFO [main] exec.Task: In order to limit the maximum number of reducers:
  set hive.exec.reducers.max=<number>
2024-04-23T21:16:47,563  INFO [main] exec.Task:   set hive.exec.reducers.max=<number>
In order to set a constant number of reducers:
2024-04-23T21:16:47,563  INFO [main] exec.Task: In order to set a constant number of reducers:
  set mapreduce.job.reduces=<number>
2024-04-23T21:16:47,563  INFO [main] exec.Task:   set mapreduce.job.reduces=<number>
2024-04-23T21:16:47,566  INFO [main] mr.ExecDriver: Using org.apache.hadoop.hive.ql.io.HiveInputFormat
2024-04-23T21:16:47,566  INFO [main] exec.Utilities: Processing alias t
2024-04-23T21:16:47,566  INFO [main] exec.Utilities: Adding 1 inputs; the first input is file:/home/alex/Repositories/hive/ql/target/tmp/org.apache.hadoop.hive.ql.TestTxnNoBuckets-1713932056679/warehouse/t
2024-04-23T21:16:47,575  INFO [main] exec.SerializationUtilities: Serializing MapWork using kryo
2024-04-23T21:16:47,576  INFO [main] exec.Utilities: Serialized plan (via FILE) - name: null size: 6,62KB
2024-04-23T21:16:47,581  INFO [main] exec.SerializationUtilities: Serializing ReduceWork using kryo
2024-04-23T21:16:47,582  INFO [main] exec.Utilities: Serialized plan (via FILE) - name: null size: 7,73KB
2024-04-23T21:16:47,583  WARN [main] impl.MetricsSystemImpl: JobTracker metrics system already initialized!
2024-04-23T21:16:47,588  WARN [main] impl.MetricsSystemImpl: JobTracker metrics system already initialized!
2024-04-23T21:16:47,595  WARN [main] mapreduce.JobResourceUploader: Hadoop command-line option parsing not performed. Implement the Tool interface and execute your application with ToolRunner to remedy this.
2024-04-23T21:16:47,599  WARN [main] mapreduce.JobResourceUploader: No job jar file set.  User classes may not be found. See Job or Job#setJar(String).
2024-04-23T21:16:47,600  INFO [main] io.HiveInputFormat: hive.io.file.readcolumn.ids = 0,1
2024-04-23T21:16:47,600  INFO [main] io.HiveInputFormat: hive.io.file.readcolumn.names = a,b
2024-04-23T21:16:47,600  INFO [main] io.HiveInputFormat: Generating splits for dirs: file:/home/alex/Repositories/hive/ql/target/tmp/org.apache.hadoop.hive.ql.TestTxnNoBuckets-1713932056679/warehouse/t
2024-04-23T21:16:47,601  INFO [main] orc.OrcInputFormat: getSplits started
2024-04-23T21:16:47,601  INFO [main] orc.OrcInputFormat: Context:: isAcid: true isVectorMode: true sarg: (not leaf-(LESS_THAN_EQUALS b 0)) minSplitSize: 1 maxSplitSize: 256000000 splitStrategy: HYBRID footerInSplits: false numBuckets: 0 numThreads: 10 cacheMemSize: 268435456 cacheStripeDetails: true useSoftReference: false writeIdList: default.t:10000000:9223372036854775807:: isTransactionalTable: true txnProperties: default 
2024-04-23T21:16:47,601  INFO [main] orc.OrcInputFormat: ORC pushdown predicate: (not leaf-(LESS_THAN_EQUALS b 0))
2024-04-23T21:16:47,608  INFO [main] orc.OrcInputFormat: FooterCacheHitRatio: 1/1
2024-04-23T21:16:47,608  INFO [main] orc.OrcInputFormat: getSplits finished (#splits: 1). duration: 7 ms
2024-04-23T21:16:47,608  INFO [main] io.HiveInputFormat: number of splits 1
2024-04-23T21:16:47,624  INFO [main] mapreduce.JobSubmitter: number of splits:1
2024-04-23T21:16:47,643  INFO [main] mapreduce.JobSubmitter: Submitting tokens for job: job_local122370957_0069
2024-04-23T21:16:47,643  INFO [main] mapreduce.JobSubmitter: Executing with tokens: []
2024-04-23T21:16:47,721  INFO [main] mapreduce.Job: The url to track the job: http://localhost:8080/
Job running in-process (local Hadoop)
2024-04-23T21:16:47,721  INFO [main] exec.Task: Job running in-process (local Hadoop)
2024-04-23T21:16:47,722  INFO [Thread-4491] mapred.LocalJobRunner: OutputCommitter set in config org.apache.hadoop.hive.ql.io.HiveFileFormatUtils$NullOutputCommitter
2024-04-23T21:16:47,722  INFO [Thread-4491] mapred.LocalJobRunner: OutputCommitter is org.apache.hadoop.hive.ql.io.HiveFileFormatUtils$NullOutputCommitter
2024-04-23T21:16:47,723  INFO [Thread-4491] mapred.LocalJobRunner: Waiting for map tasks
2024-04-23T21:16:47,723  INFO [LocalJobRunner Map Task Executor #0] mapred.LocalJobRunner: Starting task: attempt_local122370957_0069_m_000000_0
2024-04-23T21:16:47,724  INFO [LocalJobRunner Map Task Executor #0] mapred.Task:  Using ResourceCalculatorProcessTree : [ ]
2024-04-23T21:16:47,724  INFO [LocalJobRunner Map Task Executor #0] mapred.MapTask: Processing split: org.apache.hadoop.hive.ql.io.orc.OrcInputFormat:OrcSplit [file:/home/alex/Repositories/hive/ql/target/tmp/org.apache.hadoop.hive.ql.TestTxnNoBuckets-1713932056679/warehouse/t/000000_0, start=3, length=113, isOriginal=true, fileLength=259, hasFooter=false, hasBase=true, deltas=0]
2024-04-23T21:16:47,725  INFO [LocalJobRunner Map Task Executor #0] exec.SerializationUtilities: Deserializing MapWork using kryo
2024-04-23T21:16:47,726  INFO [LocalJobRunner Map Task Executor #0] exec.Utilities: Deserialized plan (via FILE) - name: null size: 6,62KB
2024-04-23T21:16:47,727  INFO [LocalJobRunner Map Task Executor #0] orc.OrcInputFormat: ORC pushdown predicate: (not leaf-(LESS_THAN_EQUALS b 0))
2024-04-23T21:16:47,727  INFO [LocalJobRunner Map Task Executor #0] orc.VectorizedOrcAcidRowBatchReader: Read ValidWriteIdList: default.t:10000000:9223372036854775807:::OrcSplit [file:/home/alex/Repositories/hive/ql/target/tmp/org.apache.hadoop.hive.ql.TestTxnNoBuckets-1713932056679/warehouse/t/000000_0, start=3, length=113, isOriginal=true, fileLength=259, hasFooter=false, hasBase=true, deltas=0]
2024-04-23T21:16:47,728  INFO [LocalJobRunner Map Task Executor #0] orc.ReaderImpl: Reading ORC rows from file:/home/alex/Repositories/hive/ql/target/tmp/org.apache.hadoop.hive.ql.TestTxnNoBuckets-1713932056679/warehouse/t/000000_0 with {include: [true, true, true], offset: 3, length: 113, sarg: (not leaf-(LESS_THAN_EQUALS b 0)), schema: struct<a:int,b:int>, includeAcidColumns: true}
2024-04-23T21:16:47,728  INFO [LocalJobRunner Map Task Executor #0] mapred.MapTask: numReduceTasks: 1
2024-04-23T21:16:47,733  INFO [LocalJobRunner Map Task Executor #0] mapred.MapTask: (EQUATOR) 0 kvi 26214396(104857584)
2024-04-23T21:16:47,733  INFO [LocalJobRunner Map Task Executor #0] mapred.MapTask: mapreduce.task.io.sort.mb: 100
2024-04-23T21:16:47,733  INFO [LocalJobRunner Map Task Executor #0] mapred.MapTask: soft limit at 83886080
2024-04-23T21:16:47,733  INFO [LocalJobRunner Map Task Executor #0] mapred.MapTask: bufstart = 0; bufvoid = 104857600
2024-04-23T21:16:47,733  INFO [LocalJobRunner Map Task Executor #0] mapred.MapTask: kvstart = 26214396; length = 6553600
2024-04-23T21:16:47,734  INFO [LocalJobRunner Map Task Executor #0] mapred.MapTask: Map output collector class = org.apache.hadoop.mapred.MapTask$MapOutputBuffer
2024-04-23T21:16:47,734  INFO [LocalJobRunner Map Task Executor #0] vector.VectorMapOperator: Initializing Operator: MAP[0]
2024-04-23T21:16:47,734  INFO [LocalJobRunner Map Task Executor #0] mr.ExecMapper: 
<MAP>Id =0
  <Children>null
  <\Children>
  <Parent><\Parent>
<\MAP>
2024-04-23T21:16:47,735  INFO [LocalJobRunner Map Task Executor #0] exec.TableScanOperator: Initializing Operator: TS[0]
2024-04-23T21:16:47,735  INFO [LocalJobRunner Map Task Executor #0] vector.VectorFilterOperator: Initializing Operator: FIL[7]
2024-04-23T21:16:47,735  INFO [LocalJobRunner Map Task Executor #0] vector.VectorSelectOperator: Initializing Operator: SEL[8]
2024-04-23T21:16:47,735  INFO [LocalJobRunner Map Task Executor #0] vector.VectorReduceSinkOperator: Initializing Operator: RS[9]
2024-04-23T21:16:47,735  INFO [LocalJobRunner Map Task Executor #0] vector.VectorReduceSinkOperator: Using tag = -1
2024-04-23T21:16:47,736  INFO [LocalJobRunner Map Task Executor #0] vector.VectorReduceSinkOperator: keys are [reducesinkkey0] num distributions: 1
2024-04-23T21:16:47,736  INFO [LocalJobRunner Map Task Executor #0] vector.VectorReduceSinkOperator: RS[9]: records written - 1
2024-04-23T21:16:47,736  INFO [LocalJobRunner Map Task Executor #0] vector.VectorMapOperator: Closing Operator: MAP[0]
2024-04-23T21:16:47,736  INFO [LocalJobRunner Map Task Executor #0] vector.VectorMapOperator: RECORDS_IN:5, DESERIALIZE_ERRORS:0, RECORDS_OUT_OPERATOR_MAP_0:0, RECORDS_OUT_INTERMEDIATE:0, 
2024-04-23T21:16:47,736  INFO [LocalJobRunner Map Task Executor #0] exec.TableScanOperator: Closing Operator: TS[0]
2024-04-23T21:16:47,736  INFO [LocalJobRunner Map Task Executor #0] exec.TableScanOperator: RECORDS_OUT_INTERMEDIATE:0, RECORDS_OUT_OPERATOR_TS_0:5, 
2024-04-23T21:16:47,736  INFO [LocalJobRunner Map Task Executor #0] vector.VectorFilterOperator: Closing Operator: FIL[7]
2024-04-23T21:16:47,736  INFO [LocalJobRunner Map Task Executor #0] vector.VectorFilterOperator: RECORDS_OUT_INTERMEDIATE:0, RECORDS_OUT_OPERATOR_FIL_7:5, 
2024-04-23T21:16:47,736  INFO [LocalJobRunner Map Task Executor #0] vector.VectorSelectOperator: Closing Operator: SEL[8]
2024-04-23T21:16:47,736  INFO [LocalJobRunner Map Task Executor #0] vector.VectorSelectOperator: RECORDS_OUT_INTERMEDIATE:0, RECORDS_OUT_OPERATOR_SEL_8:5, 
2024-04-23T21:16:47,736  INFO [LocalJobRunner Map Task Executor #0] vector.VectorReduceSinkOperator: Closing Operator: RS[9]
2024-04-23T21:16:47,736  INFO [LocalJobRunner Map Task Executor #0] vector.VectorReduceSinkOperator: RS[9]: Total records written - 5. abort - false
2024-04-23T21:16:47,736  INFO [LocalJobRunner Map Task Executor #0] vector.VectorReduceSinkOperator: RECORDS_OUT_OPERATOR_RS_9:5, RECORDS_OUT_INTERMEDIATE:5, 
2024-04-23T21:16:47,737  INFO [LocalJobRunner Map Task Executor #0] mapred.LocalJobRunner: 
2024-04-23T21:16:47,737  INFO [LocalJobRunner Map Task Executor #0] mapred.MapTask: Starting flush of map output
2024-04-23T21:16:47,737  INFO [LocalJobRunner Map Task Executor #0] mapred.MapTask: Spilling map output
2024-04-23T21:16:47,737  INFO [LocalJobRunner Map Task Executor #0] mapred.MapTask: bufstart = 0; bufend = 135; bufvoid = 104857600
2024-04-23T21:16:47,737  INFO [LocalJobRunner Map Task Executor #0] mapred.MapTask: kvstart = 26214396(104857584); kvend = 26214380(104857520); length = 17/6553600
2024-04-23T21:16:47,747  INFO [LocalJobRunner Map Task Executor #0] mapred.MapTask: Finished spill 0
2024-04-23T21:16:47,750  INFO [LocalJobRunner Map Task Executor #0] mapred.Task: Task:attempt_local122370957_0069_m_000000_0 is done. And is in the process of committing
2024-04-23T21:16:47,751  INFO [LocalJobRunner Map Task Executor #0] mapred.LocalJobRunner: OrcSplit [file:/home/alex/Repositories/hive/ql/target/tmp/org.apache.hadoop.hive.ql.TestTxnNoBuckets-1713932056679/warehouse/t/000000_0, start=3, length=113, isOriginal=true, fileLength=259, hasFooter=false, hasBase=true, deltas=0]
2024-04-23T21:16:47,751  INFO [LocalJobRunner Map Task Executor #0] mapred.Task: Task 'attempt_local122370957_0069_m_000000_0' done.
2024-04-23T21:16:47,751  INFO [LocalJobRunner Map Task Executor #0] mapred.Task: Final Counters for attempt_local122370957_0069_m_000000_0: Counters: 25
	File System Counters
		FILE: Number of bytes read=1555150
		FILE: Number of bytes written=81276668
		FILE: Number of read operations=0
		FILE: Number of large read operations=0
		FILE: Number of write operations=0
	Map-Reduce Framework
		Map input records=1
		Map output records=5
		Map output bytes=135
		Map output materialized bytes=151
		Input split bytes=471
		Combine input records=0
		Spilled Records=5
		Failed Shuffles=0
		Merged Map outputs=0
		GC time elapsed (ms)=0
		Total committed heap usage (bytes)=1187512320
	HIVE
		DESERIALIZE_ERRORS=0
		RECORDS_IN=5
		RECORDS_OUT_INTERMEDIATE=5
		RECORDS_OUT_OPERATOR_FIL_7=5
		RECORDS_OUT_OPERATOR_MAP_0=0
		RECORDS_OUT_OPERATOR_RS_9=5
		RECORDS_OUT_OPERATOR_SEL_8=5
		RECORDS_OUT_OPERATOR_TS_0=5
	File Input Format Counters 
		Bytes Read=8046
2024-04-23T21:16:47,751  INFO [LocalJobRunner Map Task Executor #0] mapred.LocalJobRunner: Finishing task: attempt_local122370957_0069_m_000000_0
2024-04-23T21:16:47,751  INFO [Thread-4491] mapred.LocalJobRunner: map task executor complete.
2024-04-23T21:16:47,752  INFO [Thread-4491] mapred.LocalJobRunner: Waiting for reduce tasks
2024-04-23T21:16:47,752  INFO [pool-285-thread-1] mapred.LocalJobRunner: Starting task: attempt_local122370957_0069_r_000000_0
2024-04-23T21:16:47,753  INFO [pool-285-thread-1] mapred.Task:  Using ResourceCalculatorProcessTree : [ ]
2024-04-23T21:16:47,753  INFO [pool-285-thread-1] mapred.ReduceTask: Using ShuffleConsumerPlugin: org.apache.hadoop.mapreduce.task.reduce.Shuffle@64cb83f0
2024-04-23T21:16:47,753  WARN [pool-285-thread-1] impl.MetricsSystemImpl: JobTracker metrics system already initialized!
2024-04-23T21:16:47,753  INFO [pool-285-thread-1] reduce.MergeManagerImpl: MergerManager: memoryLimit=1336252800, maxSingleShuffleLimit=334063200, mergeThreshold=881926912, ioSortFactor=10, memToMemMergeOutputsThreshold=10
2024-04-23T21:16:47,754  INFO [EventFetcher for fetching Map Completion Events] reduce.EventFetcher: attempt_local122370957_0069_r_000000_0 Thread started: EventFetcher for fetching Map Completion Events
2024-04-23T21:16:47,755  INFO [localfetcher#43] reduce.LocalFetcher: localfetcher#43 about to shuffle output of map attempt_local122370957_0069_m_000000_0 decomp: 147 len: 151 to MEMORY
2024-04-23T21:16:47,755  INFO [localfetcher#43] reduce.InMemoryMapOutput: Read 147 bytes from map-output for attempt_local122370957_0069_m_000000_0
2024-04-23T21:16:47,755  INFO [localfetcher#43] reduce.MergeManagerImpl: closeInMemoryFile -> map-output of size: 147, inMemoryMapOutputs.size() -> 1, commitMemory -> 0, usedMemory ->147
2024-04-23T21:16:47,756  INFO [EventFetcher for fetching Map Completion Events] reduce.EventFetcher: EventFetcher is interrupted.. Returning
2024-04-23T21:16:47,756  INFO [pool-285-thread-1] mapred.LocalJobRunner: 1 / 1 copied.
2024-04-23T21:16:47,756  INFO [pool-285-thread-1] reduce.MergeManagerImpl: finalMerge called with 1 in-memory map-outputs and 0 on-disk map-outputs
2024-04-23T21:16:47,762  INFO [pool-285-thread-1] mapred.Merger: Merging 1 sorted segments
2024-04-23T21:16:47,762  INFO [pool-285-thread-1] mapred.Merger: Down to the last merge-pass, with 1 segments left of total size: 135 bytes
2024-04-23T21:16:47,765  INFO [pool-285-thread-1] reduce.MergeManagerImpl: Merged 1 segments, 147 bytes to disk to satisfy reduce memory limit
2024-04-23T21:16:47,765  INFO [pool-285-thread-1] reduce.MergeManagerImpl: Merging 1 files, 151 bytes from disk
2024-04-23T21:16:47,765  INFO [pool-285-thread-1] reduce.MergeManagerImpl: Merging 0 segments, 0 bytes from memory into reduce
2024-04-23T21:16:47,765  INFO [pool-285-thread-1] mapred.Merger: Merging 1 sorted segments
2024-04-23T21:16:47,765  INFO [pool-285-thread-1] mapred.Merger: Down to the last merge-pass, with 1 segments left of total size: 135 bytes
2024-04-23T21:16:47,765  INFO [pool-285-thread-1] mapred.LocalJobRunner: 1 / 1 copied.
2024-04-23T21:16:47,766  INFO [pool-285-thread-1] exec.SerializationUtilities: Deserializing ReduceWork using kryo
2024-04-23T21:16:47,766  INFO [pool-285-thread-1] exec.Utilities: Deserialized plan (via FILE) - name: null size: 7,73KB
2024-04-23T21:16:47,767  INFO [pool-285-thread-1] ExecReducer: 
<SEL>Id =4
  <Children>
    <FS>Id =5
      <Children>
      <\Children>
      <Parent>Id = 4 null<\Parent>
    <\FS>
  <\Children>
  <Parent><\Parent>
<\SEL>
2024-04-23T21:16:47,767  INFO [pool-285-thread-1] exec.SelectOperator: Initializing Operator: SEL[4]
2024-04-23T21:16:47,767  INFO [pool-285-thread-1] exec.SelectOperator: SELECT struct<key:struct<reducesinkkey0:int>,value:struct<_col0:struct<writeid:bigint,bucketid:int,rowid:bigint>>>
2024-04-23T21:16:47,767  INFO [pool-285-thread-1] exec.FileSinkOperator: Initializing Operator: FS[5]
2024-04-23T21:16:47,767  INFO [pool-285-thread-1] exec.FileSinkOperator: Using serializer : class org.apache.hadoop.hive.serde2.lazy.LazySimpleSerDe [serdeParams=org.apache.hadoop.hive.serde2.lazy.LazySerDeParameters@70d26449, cachedObjectInspector=org.apache.hadoop.hive.serde2.lazy.objectinspector.LazySimpleStructObjectInspector<org.apache.hadoop.hive.serde2.lazy.objectinspector.LazySimpleStructObjectInspector<org.apache.hadoop.hive.serde2.lazy.objectinspector.primitive.LazyLongObjectInspector@18f919ce,org.apache.hadoop.hive.serde2.lazy.objectinspector.primitive.LazyIntObjectInspector@4dea763c,org.apache.hadoop.hive.serde2.lazy.objectinspector.primitive.LazyLongObjectInspector@18f919ce>,org.apache.hadoop.hive.serde2.lazy.objectinspector.primitive.LazyIntObjectInspector@4dea763c>, serializedSize=0, stats=org.apache.hadoop.hive.serde2.SerDeStats@4f502bc2, lastOperationSerialize=false, lastOperationDeserialize=false [1, 2, 3, 4, 5, 6, 7, 8, 11, 14, 15, 16, 17, 18, 19, 20, 21, 22, 23, 24, 25, 26, 28, 29, 30, 31, -128, -127, -126, -125, -124, -123, -122, -121, -120, -119, -118, -117, -116, -115, -114, -113, -112, -111, -110, -109, -108, -107, -106, -105, -104, -103, -102, -101, -100, -99, -98, -97, -96, -95, -94, -93, -92, -91, -90, -89, -88, -87, -86, -85, -84, -83, -82, -81, -80, -79, -78, -77, -76, -75, -74, -73, -72, -71, -70, -69, -68, -67, -66, -65, -64, -63, -62, -61, -60, -59, -58, -57, -56, -55, -54, -53, -52, -51, -50, -49, -48, -47, -46, -45, -44, -43, -42, -41, -40, -39, -38, -37, -36, -35, -34, -33, -32, -31, -30, -29, -28, -27, -26, -25, -24, -23, -22, -21, -20, -19, -18, -17, -16, -15, -14, -13, -12, -11, -10, -9, -8, -7, -6, -5, -4, -3, -2, -1] : [_col0, _col1] : [struct<writeid:bigint,bucketid:int,rowid:bigint>, int]] and formatter : org.apache.hadoop.hive.ql.io.HiveSequenceFileOutputFormat@7a70eb4c
2024-04-23T21:16:47,768  INFO [pool-285-thread-1] exec.FileSinkOperator: Final Path: FS file:/home/alex/Repositories/hive/ql/target/tmp/localscratchdir/df58eaf1-daa5-4565-87e2-2bd14a74e52d/hive_2024-04-23_21-16-47_257_5359481942402738582-1/-mr-10001/.hive-staging_hive_2024-04-23_21-16-47_257_5359481942402738582-1/_tmp.-ext-10002/000000_0
2024-04-23T21:16:47,768  INFO [pool-285-thread-1] exec.FileSinkOperator: Writing to temp file: FS file:/home/alex/Repositories/hive/ql/target/tmp/localscratchdir/df58eaf1-daa5-4565-87e2-2bd14a74e52d/hive_2024-04-23_21-16-47_257_5359481942402738582-1/-mr-10001/.hive-staging_hive_2024-04-23_21-16-47_257_5359481942402738582-1/_task_tmp.-ext-10002/_tmp.000000_0
2024-04-23T21:16:47,768  INFO [pool-285-thread-1] exec.FileSinkOperator: New Final Path: FS file:/home/alex/Repositories/hive/ql/target/tmp/localscratchdir/df58eaf1-daa5-4565-87e2-2bd14a74e52d/hive_2024-04-23_21-16-47_257_5359481942402738582-1/-mr-10001/.hive-staging_hive_2024-04-23_21-16-47_257_5359481942402738582-1/_tmp.-ext-10002/000000_0
2024-04-23T21:16:47,775  INFO [pool-285-thread-1] exec.FileSinkOperator: FS[5]: records written - 1
2024-04-23T21:16:47,775  INFO [pool-285-thread-1] exec.SelectOperator: Closing Operator: SEL[4]
2024-04-23T21:16:47,775  INFO [pool-285-thread-1] exec.SelectOperator: RECORDS_OUT_INTERMEDIATE:0, RECORDS_OUT_OPERATOR_SEL_4:5, 
2024-04-23T21:16:47,775  INFO [pool-285-thread-1] exec.FileSinkOperator: Closing Operator: FS[5]
2024-04-23T21:16:47,775  INFO [pool-285-thread-1] exec.FileSinkOperator: FS[5]: records written - 5
2024-04-23T21:16:47,776  INFO [pool-285-thread-1] exec.FileSinkOperator: RECORDS_OUT_OPERATOR_FS_5:5, RECORDS_OUT_INTERMEDIATE:0, RECORDS_OUT_0:5, 
2024-04-23T21:16:47,776  INFO [pool-285-thread-1] mapred.Task: Task:attempt_local122370957_0069_r_000000_0 is done. And is in the process of committing
2024-04-23T21:16:47,776  INFO [pool-285-thread-1] mapred.LocalJobRunner: reduce > reduce
2024-04-23T21:16:47,776  INFO [pool-285-thread-1] mapred.Task: Task 'attempt_local122370957_0069_r_000000_0' done.
2024-04-23T21:16:47,776  INFO [pool-285-thread-1] mapred.Task: Final Counters for attempt_local122370957_0069_r_000000_0: Counters: 29
	File System Counters
		FILE: Number of bytes read=1563288
		FILE: Number of bytes written=81277058
		FILE: Number of read operations=0
		FILE: Number of large read operations=0
		FILE: Number of write operations=0
	Map-Reduce Framework
		Combine input records=0
		Combine output records=0
		Reduce input groups=5
		Reduce shuffle bytes=151
		Reduce input records=5
		Reduce output records=0
		Spilled Records=5
		Shuffled Maps =1
		Failed Shuffles=0
		Merged Map outputs=1
		GC time elapsed (ms)=0
		Total committed heap usage (bytes)=1187512320
	HIVE
		CREATED_FILES=1
		RECORDS_OUT_0=5
		RECORDS_OUT_INTERMEDIATE=0
		RECORDS_OUT_OPERATOR_FS_5=5
		RECORDS_OUT_OPERATOR_SEL_4=5
	Shuffle Errors
		BAD_ID=0
		CONNECTION=0
		IO_ERROR=0
		WRONG_LENGTH=0
		WRONG_MAP=0
		WRONG_REDUCE=0
	File Output Format Counters 
		Bytes Written=0
2024-04-23T21:16:47,776  INFO [pool-285-thread-1] mapred.LocalJobRunner: Finishing task: attempt_local122370957_0069_r_000000_0
2024-04-23T21:16:47,777  INFO [Thread-4491] mapred.LocalJobRunner: reduce task executor complete.
2024-04-23 21:16:48,723 Stage-1 map = 100%,  reduce = 100%
2024-04-23T21:16:48,723  INFO [main] exec.Task: 2024-04-23 21:16:48,723 Stage-1 map = 100%,  reduce = 100%
Ended Job = job_local122370957_0069
2024-04-23T21:16:48,723  INFO [main] exec.Task: Ended Job = job_local122370957_0069
2024-04-23T21:16:48,725  INFO [main] metadata.Hive: Dumping metastore api call timing information for : execution phase
2024-04-23T21:16:48,725  INFO [main] metadata.Hive: Total time spent in each metastore function (ms): {}
MapReduce Jobs Launched: 
2024-04-23T21:16:48,725  INFO [main] ql.Driver: MapReduce Jobs Launched: 
Stage-Stage-1:  HDFS Read: 0 HDFS Write: 0 SUCCESS
2024-04-23T21:16:48,725  INFO [main] ql.Driver: Stage-Stage-1:  HDFS Read: 0 HDFS Write: 0 SUCCESS
Total MapReduce CPU Time Spent: 0 msec
2024-04-23T21:16:48,725  INFO [main] ql.Driver: Total MapReduce CPU Time Spent: 0 msec
2024-04-23T21:16:48,725  INFO [main] ql.Driver: Completed executing command(queryId=alex_20240423211647_6d3b1137-28e7-4303-b345-efbc78d96bae); Time taken: 1.286 seconds
2024-04-23T21:16:48,726  INFO [main] lockmgr.DbTxnManager: Stopped heartbeat for query: alex_20240423211647_6d3b1137-28e7-4303-b345-efbc78d96bae
2024-04-23T21:16:48,730  INFO [main] txn.TxnHandler: Expected to move at least one record from txn_components to completed_txn_components when committing txn! txnid:21
2024-04-23T21:16:48,735  INFO [main] txn.TxnHandler: Removed transactions: ([21]) from MIN_HISTORY_LEVEL
2024-04-23T21:16:48,735  WARN [main] txn.CompactionTxnHandler: No compaction queue record found for Compaction type transaction commit. txnId:21
2024-04-23T21:16:48,739  INFO [main] mapred.FileInputFormat: Total input files to process : 1
2024-04-23T21:16:48,740  INFO [main] exec.ListSinkOperator: Closing Operator: LIST_SINK[10]
2024-04-23T21:16:48,740  INFO [main] exec.ListSinkOperator: RECORDS_OUT_INTERMEDIATE:0, RECORDS_OUT_OPERATOR_LIST_SINK_10:5, 
2024-04-23T21:16:48,740  WARN [main] ql.TestTxnNoBuckets: null: read data(After conversion with VC2): 
2024-04-23T21:16:48,740  INFO [main] ql.TestTxnNoBuckets: {"writeid":0,"bucketid":536870912,"rowid":0}	1
{"writeid":0,"bucketid":536870912,"rowid":1}	2
{"writeid":0,"bucketid":536870912,"rowid":2}	5
{"writeid":0,"bucketid":536870912,"rowid":3}	6
{"writeid":0,"bucketid":536870912,"rowid":4}	9

2024-04-23T21:16:48,740  INFO [main] ql.TxnCommandsBaseForTests: Running the query: EXPLAIN VECTORIZATION DETAIL select ROW__ID, a from T where b > 0 order by a
2024-04-23T21:16:48,740  INFO [main] ql.Context: Deleting scratch dir: file:/home/alex/Repositories/hive/ql/target/tmp/localscratchdir/df58eaf1-daa5-4565-87e2-2bd14a74e52d/hive_2024-04-23_21-16-47_257_5359481942402738582-1
2024-04-23T21:16:48,741  INFO [main] cleanup.SyncCleanupService: Deleted directory: file:/home/alex/Repositories/hive/ql/target/tmp/localscratchdir/df58eaf1-daa5-4565-87e2-2bd14a74e52d/hive_2024-04-23_21-16-47_257_5359481942402738582-1 on fs with scheme file
2024-04-23T21:16:48,742  INFO [main] ql.Driver: Compiling command(queryId=alex_20240423211648_187194b3-c1ef-446e-bfdb-fd46d768d1ce): EXPLAIN VECTORIZATION DETAIL select ROW__ID, a from T where b > 0 order by a
2024-04-23T21:16:48,744  INFO [main] txn.TxnHandler: Added entries to MIN_HISTORY_LEVEL for current txns: ([22]) with min_open_txn: 22
2024-04-23T21:16:48,745  INFO [main] lockmgr.DbTxnManager: Opened txnid:22
2024-04-23T21:16:48,745  INFO [main] parse.CalcitePlanner: Starting Semantic Analysis
2024-04-23T21:16:48,748  INFO [main] parse.CalcitePlanner: Completed phase 1 of Semantic Analysis
2024-04-23T21:16:48,748  INFO [main] parse.CalcitePlanner: Get metadata for source tables
2024-04-23T21:16:48,749  INFO [main] HiveMetaStore.audit: ugi=alex	ip=unknown-ip-addr	cmd=get_table : tbl=hive.default.t	
2024-04-23T21:16:48,756  INFO [main] metastore.HMSHandler: Skipping translation for processor with null
2024-04-23T21:16:48,756  INFO [main] parse.CalcitePlanner: Get metadata for subqueries
2024-04-23T21:16:48,756  INFO [main] parse.CalcitePlanner: Get metadata for destination tables
2024-04-23T21:16:48,756  INFO [main] parse.CalcitePlanner: Completed getting MetaData in Semantic Analysis
2024-04-23T21:16:48,767  INFO [main] HiveMetaStore.audit: ugi=alex	ip=unknown-ip-addr	cmd=get_all_table_constraints : tbl=hive.default.t	
2024-04-23T21:16:48,801  INFO [main] calcite.RelOptHiveTable: Calculating column statistics for default.t, projIndxSet: [0, 1], allowMissingStats: true
2024-04-23T21:16:48,801  INFO [main] HiveMetaStore.audit: ugi=alex	ip=unknown-ip-addr	cmd=get_table_statistics_req: table=hive.default.t	
2024-04-23T21:16:48,809  WARN [main] calcite.RelOptHiveTable: No Stats for default@t, Columns: a, b
No Stats for default@t, Columns: a, b
2024-04-23T21:16:48,809  INFO [main] SessionState: No Stats for default@t, Columns: a, b
2024-04-23T21:16:48,864  INFO [main] parse.CalcitePlanner: Get metadata for source tables
2024-04-23T21:16:48,865  INFO [main] parse.CalcitePlanner: Get metadata for subqueries
2024-04-23T21:16:48,865  INFO [main] parse.CalcitePlanner: Get metadata for destination tables
2024-04-23T21:16:48,866  INFO [main] parse.CalcitePlanner: CBO Succeeded; optimized logical plan.
2024-04-23T21:16:48,869  INFO [main] optimizer.ColumnPrunerProcFactory: RS 3 oldColExprMap: {VALUE._col0=Column[_col0], KEY.reducesinkkey0=Column[_col1]}
2024-04-23T21:16:48,869  INFO [main] optimizer.ColumnPrunerProcFactory: RS 3 newColExprMap: {KEY.reducesinkkey0=Column[_col1], VALUE._col0=Column[_col0]}
2024-04-23T21:16:48,870  INFO [main] optimizer.BucketVersionPopulator: not considering bucketingVersion for: TS[0] because it has -1<2 buckets 
2024-04-23T21:16:48,874  INFO [main] optimizer.SortedDynPartitionOptimizer: Sorted dynamic partitioning optimization kicked in..
2024-04-23T21:16:48,884  INFO [main] physical.Vectorizer: Examining input format to see if vectorization is enabled.
2024-04-23T21:16:48,884  INFO [main] physical.Vectorizer: Vectorization is enabled for input format(s) [org.apache.hadoop.hive.ql.io.orc.OrcInputFormat]
2024-04-23T21:16:48,884  INFO [main] physical.Vectorizer: Validating and vectorizing MapWork... (vectorizedVertexNum 0)
2024-04-23T21:16:48,886  INFO [main] physical.Vectorizer: Map vectorization enabled: true
2024-04-23T21:16:48,886  INFO [main] physical.Vectorizer: Map vectorized: true
2024-04-23T21:16:48,886  INFO [main] physical.Vectorizer: Map vectorizedVertexNum: 0
2024-04-23T21:16:48,886  INFO [main] physical.Vectorizer: Map enabledConditionsMet: [hive.vectorized.use.vectorized.input.format IS true]
2024-04-23T21:16:48,886  INFO [main] physical.Vectorizer: Map inputFileFormatClassNameSet: [org.apache.hadoop.hive.ql.io.orc.OrcInputFormat]
2024-04-23T21:16:48,886  INFO [main] physical.Vectorizer: Reduce vectorization enabled: false
2024-04-23T21:16:48,886  INFO [main] physical.Vectorizer: Reduce vectorized: false
2024-04-23T21:16:48,886  INFO [main] physical.Vectorizer: Reduce vectorizedVertexNum: 1
2024-04-23T21:16:48,886  INFO [main] physical.Vectorizer: Reducer hive.vectorized.execution.reduce.enabled: true
2024-04-23T21:16:48,886  INFO [main] physical.Vectorizer: Reducer engine: mr
2024-04-23T21:16:48,886  INFO [main] parse.CalcitePlanner: Completed plan generation
2024-04-23T21:16:48,887  INFO [main] ql.Driver: Semantic Analysis Completed (retrial = false)
2024-04-23T21:16:48,887  INFO [main] ql.Driver: Created Hive schema: Schema(fieldSchemas:[FieldSchema(name:Explain, type:string, comment:null)], properties:null)
2024-04-23T21:16:48,887  INFO [main] metadata.Hive: Dumping metastore api call timing information for : compilation phase
2024-04-23T21:16:48,887  INFO [main] metadata.Hive: Total time spent in each metastore function (ms): {getValidTxns_(long)=0, getTable_(GetTableRequest)=7, flushCache_()=0, getValidWriteIds_(List, String)=3, openTxn_(String, TxnType)=3, getTableColumnStatistics_(String, String, List, String)=7, getAllTableConstraints_(AllTableConstraintsRequest)=5, isCompatibleWith_(Configuration)=1, commitTxn_(CommitTxnRequest)=10}
2024-04-23T21:16:48,887  INFO [main] ql.Driver: Completed compiling command(queryId=alex_20240423211648_187194b3-c1ef-446e-bfdb-fd46d768d1ce); Time taken: 0.146 seconds
2024-04-23T21:16:48,887  INFO [main] ql.Driver: Executing command(queryId=alex_20240423211648_187194b3-c1ef-446e-bfdb-fd46d768d1ce): EXPLAIN VECTORIZATION DETAIL select ROW__ID, a from T where b > 0 order by a
2024-04-23T21:16:48,888  INFO [main] ql.Driver: Starting task [Stage-2:EXPLAIN] in serial mode
2024-04-23T21:16:48,899  INFO [main] metadata.Hive: Dumping metastore api call timing information for : execution phase
2024-04-23T21:16:48,899  INFO [main] metadata.Hive: Total time spent in each metastore function (ms): {}
2024-04-23T21:16:48,899  INFO [main] ql.Driver: Completed executing command(queryId=alex_20240423211648_187194b3-c1ef-446e-bfdb-fd46d768d1ce); Time taken: 0.012 seconds
2024-04-23T21:16:48,899  INFO [main] lockmgr.DbTxnManager: Stopped heartbeat for query: null
2024-04-23T21:16:48,905  INFO [main] txn.TxnHandler: Expected to move at least one record from txn_components to completed_txn_components when committing txn! txnid:22
2024-04-23T21:16:48,911  INFO [main] txn.TxnHandler: Removed transactions: ([22]) from MIN_HISTORY_LEVEL
2024-04-23T21:16:48,911  WARN [main] txn.CompactionTxnHandler: No compaction queue record found for Compaction type transaction commit. txnId:22
2024-04-23T21:16:48,912  INFO [main] ql.TxnCommandsBaseForTests: Running the query: select ROW__ID, a, INPUT__FILE__NAME from T where b > 6 order by a
2024-04-23T21:16:48,912  INFO [main] ql.Context: Deleting scratch dir: file:/home/alex/Repositories/hive/ql/target/tmp/localscratchdir/df58eaf1-daa5-4565-87e2-2bd14a74e52d/hive_2024-04-23_21-16-48_741_7286045055411285956-1
2024-04-23T21:16:48,912  INFO [main] cleanup.SyncCleanupService: Deleted directory: file:/home/alex/Repositories/hive/ql/target/tmp/localscratchdir/df58eaf1-daa5-4565-87e2-2bd14a74e52d/hive_2024-04-23_21-16-48_741_7286045055411285956-1 on fs with scheme file
2024-04-23T21:16:48,913  INFO [main] ql.Driver: Compiling command(queryId=alex_20240423211648_49030f6a-3ba4-4fef-b75d-2fbe32fa4455): select ROW__ID, a, INPUT__FILE__NAME from T where b > 6 order by a
2024-04-23T21:16:48,915  INFO [main] txn.TxnHandler: Added entries to MIN_HISTORY_LEVEL for current txns: ([23]) with min_open_txn: 22
2024-04-23T21:16:48,916  INFO [main] lockmgr.DbTxnManager: Opened txnid:23
2024-04-23T21:16:48,917  INFO [main] parse.CalcitePlanner: Starting caching scope for: 
2024-04-23T21:16:48,917  INFO [main] parse.CalcitePlanner: Starting Semantic Analysis
2024-04-23T21:16:48,919  INFO [main] parse.CalcitePlanner: Completed phase 1 of Semantic Analysis
2024-04-23T21:16:48,919  INFO [main] parse.CalcitePlanner: Get metadata for source tables
2024-04-23T21:16:48,920  INFO [main] HiveMetaStore.audit: ugi=alex	ip=unknown-ip-addr	cmd=get_table : tbl=hive.default.t	
2024-04-23T21:16:48,926  INFO [main] metastore.HMSHandler: Skipping translation for processor with null
2024-04-23T21:16:48,927  INFO [main] parse.CalcitePlanner: Get metadata for subqueries
2024-04-23T21:16:48,927  INFO [main] parse.CalcitePlanner: Get metadata for destination tables
2024-04-23T21:16:48,927  INFO [main] parse.CalcitePlanner: Completed getting MetaData in Semantic Analysis
2024-04-23T21:16:48,938  INFO [main] HiveMetaStore.audit: ugi=alex	ip=unknown-ip-addr	cmd=get_all_table_constraints : tbl=hive.default.t	
2024-04-23T21:16:48,971  INFO [main] calcite.RelOptHiveTable: Calculating column statistics for default.t, projIndxSet: [0, 1], allowMissingStats: true
2024-04-23T21:16:48,972  INFO [main] HiveMetaStore.audit: ugi=alex	ip=unknown-ip-addr	cmd=get_table_statistics_req: table=hive.default.t	
2024-04-23T21:16:48,979  WARN [main] calcite.RelOptHiveTable: No Stats for default@t, Columns: a, b
No Stats for default@t, Columns: a, b
2024-04-23T21:16:48,979  INFO [main] SessionState: No Stats for default@t, Columns: a, b
2024-04-23T21:16:49,032  INFO [main] parse.CalcitePlanner: Get metadata for source tables
2024-04-23T21:16:49,033  INFO [main] parse.CalcitePlanner: Get metadata for subqueries
2024-04-23T21:16:49,033  INFO [main] parse.CalcitePlanner: Get metadata for destination tables
2024-04-23T21:16:49,034  INFO [main] common.FileUtils: Creating directory if it doesn't exist: file:/home/alex/Repositories/hive/ql/target/tmp/localscratchdir/df58eaf1-daa5-4565-87e2-2bd14a74e52d/hive_2024-04-23_21-16-48_913_4673889792629647290-1/-mr-10001/.hive-staging_hive_2024-04-23_21-16-48_913_4673889792629647290-1
2024-04-23T21:16:49,042  INFO [main] parse.CalcitePlanner: CBO Succeeded; optimized logical plan.
2024-04-23T21:16:49,045  INFO [main] optimizer.ColumnPrunerProcFactory: RS 3 oldColExprMap: {VALUE._col1=Column[_col2], VALUE._col0=Column[_col0], KEY.reducesinkkey0=Column[_col1]}
2024-04-23T21:16:49,045  INFO [main] optimizer.ColumnPrunerProcFactory: RS 3 newColExprMap: {VALUE._col1=Column[_col2], KEY.reducesinkkey0=Column[_col1], VALUE._col0=Column[_col0]}
2024-04-23T21:16:49,046  INFO [main] optimizer.BucketVersionPopulator: not considering bucketingVersion for: TS[0] because it has -1<2 buckets 
2024-04-23T21:16:49,047  INFO [main] optimizer.SortedDynPartitionOptimizer: Sorted dynamic partitioning optimization kicked in..
2024-04-23T21:16:49,056  INFO [main] physical.Vectorizer: Examining input format to see if vectorization is enabled.
2024-04-23T21:16:49,056  INFO [main] physical.Vectorizer: Vectorization is enabled for input format(s) [org.apache.hadoop.hive.ql.io.orc.OrcInputFormat]
2024-04-23T21:16:49,056  INFO [main] physical.Vectorizer: Validating and vectorizing MapWork... (vectorizedVertexNum 0)
2024-04-23T21:16:49,059  INFO [main] physical.Vectorizer: Map vectorization enabled: true
2024-04-23T21:16:49,059  INFO [main] physical.Vectorizer: Map vectorized: false
2024-04-23T21:16:49,059  INFO [main] physical.Vectorizer: Map notVectorizedReason: Select expression for SELECT operator: Virtual column INPUT__FILE__NAME is not supported
2024-04-23T21:16:49,059  INFO [main] physical.Vectorizer: Map vectorizedVertexNum: 0
2024-04-23T21:16:49,059  INFO [main] physical.Vectorizer: Map enabledConditionsMet: [hive.vectorized.use.vectorized.input.format IS true]
2024-04-23T21:16:49,059  INFO [main] physical.Vectorizer: Map inputFileFormatClassNameSet: [org.apache.hadoop.hive.ql.io.orc.OrcInputFormat]
2024-04-23T21:16:49,059  INFO [main] physical.Vectorizer: Reduce vectorization enabled: false
2024-04-23T21:16:49,059  INFO [main] physical.Vectorizer: Reduce vectorized: false
2024-04-23T21:16:49,060  INFO [main] physical.Vectorizer: Reduce vectorizedVertexNum: 1
2024-04-23T21:16:49,060  INFO [main] physical.Vectorizer: Reducer hive.vectorized.execution.reduce.enabled: true
2024-04-23T21:16:49,060  INFO [main] physical.Vectorizer: Reducer engine: mr
2024-04-23T21:16:49,060  INFO [main] parse.CalcitePlanner: Completed plan generation
2024-04-23T21:16:49,060  INFO [main] parse.CalcitePlanner: Ending caching scope for: 
2024-04-23T21:16:49,060  INFO [main] ql.Driver: Semantic Analysis Completed (retrial = false)
2024-04-23T21:16:49,060  INFO [main] ql.Driver: Created Hive schema: Schema(fieldSchemas:[FieldSchema(name:row__id, type:struct<writeid:bigint,bucketid:int,rowid:bigint>, comment:null), FieldSchema(name:a, type:int, comment:null), FieldSchema(name:input__file__name, type:string, comment:null)], properties:null)
2024-04-23T21:16:49,061  INFO [main] exec.ListSinkOperator: Initializing Operator: LIST_SINK[8]
2024-04-23T21:16:49,061  INFO [main] metadata.Hive: Dumping metastore api call timing information for : compilation phase
2024-04-23T21:16:49,061  INFO [main] metadata.Hive: Total time spent in each metastore function (ms): {getValidTxns_(long)=0, flushCache_()=0, getTable_(GetTableRequest)=6, openTxn_(String, TxnType)=3, isCompatibleWith_(Configuration)=0, getTableColumnStatistics_(String, String, List, String)=6, commitTxn_(CommitTxnRequest)=12, getAllTableConstraints_(AllTableConstraintsRequest)=4, getValidWriteIds_(List, String)=4}
2024-04-23T21:16:49,062  INFO [main] ql.Driver: Completed compiling command(queryId=alex_20240423211648_49030f6a-3ba4-4fef-b75d-2fbe32fa4455); Time taken: 0.148 seconds
2024-04-23T21:16:49,062  INFO [main] lockmgr.DbTxnManager: Setting lock request transaction to txnid:23 for queryId=alex_20240423211648_49030f6a-3ba4-4fef-b75d-2fbe32fa4455
2024-04-23T21:16:49,062  INFO [main] lockmgr.DbLockManager: Requesting lock for queryId=alex_20240423211648_49030f6a-3ba4-4fef-b75d-2fbe32fa4455
2024-04-23T21:16:49,077  INFO [main] lockmgr.DbLockManager: Response to queryId=alex_20240423211648_49030f6a-3ba4-4fef-b75d-2fbe32fa4455 LockResponse(lockid:14, state:ACQUIRED)
2024-04-23T21:16:49,077  INFO [main] ql.Driver: Operation QUERY obtained 1 locks
2024-04-23T21:16:49,078  INFO [main] ql.Driver: Executing command(queryId=alex_20240423211648_49030f6a-3ba4-4fef-b75d-2fbe32fa4455): select ROW__ID, a, INPUT__FILE__NAME from T where b > 6 order by a
2024-04-23T21:16:49,078  WARN [main] ql.Driver: Hive-on-MR is deprecated in Hive 2 and may not be available in the future versions. Consider using a different execution engine (i.e. tez, spark) or using Hive 1.X releases.
Query ID = alex_20240423211648_49030f6a-3ba4-4fef-b75d-2fbe32fa4455
2024-04-23T21:16:49,078  INFO [main] ql.Driver: Query ID = alex_20240423211648_49030f6a-3ba4-4fef-b75d-2fbe32fa4455
Total jobs = 1
2024-04-23T21:16:49,078  INFO [main] ql.Driver: Total jobs = 1
Launching Job 1 out of 1
2024-04-23T21:16:49,078  INFO [main] ql.Driver: Launching Job 1 out of 1
2024-04-23T21:16:49,204  INFO [main] ql.Driver: Starting task [Stage-1:MAPRED] in serial mode
Number of reduce tasks determined at compile time: 1
2024-04-23T21:16:49,204  INFO [main] exec.Task: Number of reduce tasks determined at compile time: 1
In order to change the average load for a reducer (in bytes):
2024-04-23T21:16:49,205  INFO [main] exec.Task: In order to change the average load for a reducer (in bytes):
  set hive.exec.reducers.bytes.per.reducer=<number>
2024-04-23T21:16:49,205  INFO [main] exec.Task:   set hive.exec.reducers.bytes.per.reducer=<number>
In order to limit the maximum number of reducers:
2024-04-23T21:16:49,205  INFO [main] exec.Task: In order to limit the maximum number of reducers:
  set hive.exec.reducers.max=<number>
2024-04-23T21:16:49,205  INFO [main] exec.Task:   set hive.exec.reducers.max=<number>
In order to set a constant number of reducers:
2024-04-23T21:16:49,205  INFO [main] exec.Task: In order to set a constant number of reducers:
  set mapreduce.job.reduces=<number>
2024-04-23T21:16:49,205  INFO [main] exec.Task:   set mapreduce.job.reduces=<number>
2024-04-23T21:16:49,207  INFO [main] mr.ExecDriver: Using org.apache.hadoop.hive.ql.io.HiveInputFormat
2024-04-23T21:16:49,207  INFO [main] exec.Utilities: Processing alias t
2024-04-23T21:16:49,207  INFO [main] exec.Utilities: Adding 1 inputs; the first input is file:/home/alex/Repositories/hive/ql/target/tmp/org.apache.hadoop.hive.ql.TestTxnNoBuckets-1713932056679/warehouse/t
2024-04-23T21:16:49,217  INFO [main] exec.SerializationUtilities: Serializing MapWork using kryo
2024-04-23T21:16:49,217  INFO [main] exec.Utilities: Serialized plan (via FILE) - name: null size: 5,59KB
2024-04-23T21:16:49,222  INFO [main] exec.SerializationUtilities: Serializing ReduceWork using kryo
2024-04-23T21:16:49,223  INFO [main] exec.Utilities: Serialized plan (via FILE) - name: null size: 6,35KB
2024-04-23T21:16:49,224  WARN [main] impl.MetricsSystemImpl: JobTracker metrics system already initialized!
2024-04-23T21:16:49,229  WARN [main] impl.MetricsSystemImpl: JobTracker metrics system already initialized!
2024-04-23T21:16:49,236  WARN [main] mapreduce.JobResourceUploader: Hadoop command-line option parsing not performed. Implement the Tool interface and execute your application with ToolRunner to remedy this.
2024-04-23T21:16:49,241  WARN [main] mapreduce.JobResourceUploader: No job jar file set.  User classes may not be found. See Job or Job#setJar(String).
2024-04-23T21:16:49,242  INFO [main] io.HiveInputFormat: hive.io.file.readcolumn.ids = 0,1
2024-04-23T21:16:49,242  INFO [main] io.HiveInputFormat: hive.io.file.readcolumn.names = a,b
2024-04-23T21:16:49,242  INFO [main] io.HiveInputFormat: Generating splits for dirs: file:/home/alex/Repositories/hive/ql/target/tmp/org.apache.hadoop.hive.ql.TestTxnNoBuckets-1713932056679/warehouse/t
2024-04-23T21:16:49,242  INFO [main] orc.OrcInputFormat: getSplits started
2024-04-23T21:16:49,242  INFO [main] orc.OrcInputFormat: Context:: isAcid: true isVectorMode: false sarg: (not leaf-(LESS_THAN_EQUALS b 6)) minSplitSize: 1 maxSplitSize: 256000000 splitStrategy: HYBRID footerInSplits: false numBuckets: 0 numThreads: 10 cacheMemSize: 268435456 cacheStripeDetails: true useSoftReference: false writeIdList: default.t:10000000:9223372036854775807:: isTransactionalTable: true txnProperties: default 
2024-04-23T21:16:49,242  INFO [main] orc.OrcInputFormat: ORC pushdown predicate: (not leaf-(LESS_THAN_EQUALS b 6))
2024-04-23T21:16:49,246  INFO [main] orc.OrcInputFormat: FooterCacheHitRatio: 1/1
2024-04-23T21:16:49,246  INFO [main] orc.OrcInputFormat: getSplits finished (#splits: 1). duration: 4 ms
2024-04-23T21:16:49,246  INFO [main] io.HiveInputFormat: number of splits 1
2024-04-23T21:16:49,263  INFO [main] mapreduce.JobSubmitter: number of splits:1
2024-04-23T21:16:49,281  INFO [main] mapreduce.JobSubmitter: Submitting tokens for job: job_local1440374443_0070
2024-04-23T21:16:49,281  INFO [main] mapreduce.JobSubmitter: Executing with tokens: []
2024-04-23T21:16:49,343  INFO [main] mapreduce.Job: The url to track the job: http://localhost:8080/
Job running in-process (local Hadoop)
2024-04-23T21:16:49,344  INFO [main] exec.Task: Job running in-process (local Hadoop)
2024-04-23T21:16:49,344  INFO [Thread-4544] mapred.LocalJobRunner: OutputCommitter set in config org.apache.hadoop.hive.ql.io.HiveFileFormatUtils$NullOutputCommitter
2024-04-23T21:16:49,344  INFO [Thread-4544] mapred.LocalJobRunner: OutputCommitter is org.apache.hadoop.hive.ql.io.HiveFileFormatUtils$NullOutputCommitter
2024-04-23T21:16:49,345  INFO [Thread-4544] mapred.LocalJobRunner: Waiting for map tasks
2024-04-23T21:16:49,346  INFO [LocalJobRunner Map Task Executor #0] mapred.LocalJobRunner: Starting task: attempt_local1440374443_0070_m_000000_0
2024-04-23T21:16:49,346  INFO [LocalJobRunner Map Task Executor #0] mapred.Task:  Using ResourceCalculatorProcessTree : [ ]
2024-04-23T21:16:49,347  INFO [LocalJobRunner Map Task Executor #0] mapred.MapTask: Processing split: org.apache.hadoop.hive.ql.io.orc.OrcInputFormat:OrcSplit [file:/home/alex/Repositories/hive/ql/target/tmp/org.apache.hadoop.hive.ql.TestTxnNoBuckets-1713932056679/warehouse/t/000000_0, start=3, length=113, isOriginal=true, fileLength=259, hasFooter=false, hasBase=true, deltas=0]
2024-04-23T21:16:49,347  INFO [LocalJobRunner Map Task Executor #0] exec.SerializationUtilities: Deserializing MapWork using kryo
2024-04-23T21:16:49,347  INFO [LocalJobRunner Map Task Executor #0] exec.Utilities: Deserialized plan (via FILE) - name: null size: 5,59KB
2024-04-23T21:16:49,348  INFO [LocalJobRunner Map Task Executor #0] orc.OrcInputFormat: ORC pushdown predicate: (not leaf-(LESS_THAN_EQUALS b 6))
2024-04-23T21:16:49,349  INFO [LocalJobRunner Map Task Executor #0] orc.OrcRawRecordMerger: min key = null, max key = null
2024-04-23T21:16:49,349  INFO [LocalJobRunner Map Task Executor #0] orc.ReaderImpl: Reading ORC rows from file:/home/alex/Repositories/hive/ql/target/tmp/org.apache.hadoop.hive.ql.TestTxnNoBuckets-1713932056679/warehouse/t/000000_0 with {include: [true, true, true], offset: 3, length: 113, sarg: (not leaf-(LESS_THAN_EQUALS b 6)), schema: struct<a:int,b:int>, includeAcidColumns: true}
2024-04-23T21:16:49,352  INFO [LocalJobRunner Map Task Executor #0] orc.OrcRawRecordMerger: updated min key = null, max key = null
2024-04-23T21:16:49,353  INFO [LocalJobRunner Map Task Executor #0] mapred.MapTask: numReduceTasks: 1
2024-04-23T21:16:49,357  INFO [LocalJobRunner Map Task Executor #0] mapred.MapTask: (EQUATOR) 0 kvi 26214396(104857584)
2024-04-23T21:16:49,357  INFO [LocalJobRunner Map Task Executor #0] mapred.MapTask: mapreduce.task.io.sort.mb: 100
2024-04-23T21:16:49,357  INFO [LocalJobRunner Map Task Executor #0] mapred.MapTask: soft limit at 83886080
2024-04-23T21:16:49,357  INFO [LocalJobRunner Map Task Executor #0] mapred.MapTask: bufstart = 0; bufvoid = 104857600
2024-04-23T21:16:49,357  INFO [LocalJobRunner Map Task Executor #0] mapred.MapTask: kvstart = 26214396; length = 6553600
2024-04-23T21:16:49,357  INFO [LocalJobRunner Map Task Executor #0] mapred.MapTask: Map output collector class = org.apache.hadoop.mapred.MapTask$MapOutputBuffer
2024-04-23T21:16:49,358  INFO [LocalJobRunner Map Task Executor #0] exec.MapOperator: Initializing Operator: MAP[0]
2024-04-23T21:16:49,359  INFO [LocalJobRunner Map Task Executor #0] mr.ExecMapper: 
<MAP>Id =0
  <Children>null
  <\Children>
  <Parent><\Parent>
<\MAP>
2024-04-23T21:16:49,359  INFO [LocalJobRunner Map Task Executor #0] exec.TableScanOperator: Initializing Operator: TS[0]
2024-04-23T21:16:49,359  INFO [LocalJobRunner Map Task Executor #0] exec.FilterOperator: Initializing Operator: FIL[6]
2024-04-23T21:16:49,360  INFO [LocalJobRunner Map Task Executor #0] exec.SelectOperator: Initializing Operator: SEL[2]
2024-04-23T21:16:49,360  INFO [LocalJobRunner Map Task Executor #0] exec.SelectOperator: SELECT struct<a:int,b:int,input__file__name:string,row__id:struct<writeid:bigint,bucketid:int,rowid:bigint>>
2024-04-23T21:16:49,360  INFO [LocalJobRunner Map Task Executor #0] exec.ReduceSinkOperator: Initializing Operator: RS[3]
2024-04-23T21:16:49,360  INFO [LocalJobRunner Map Task Executor #0] exec.ReduceSinkOperator: Using tag = -1
2024-04-23T21:16:49,360  INFO [LocalJobRunner Map Task Executor #0] exec.MapOperator: MAP[0]: records read - 1
2024-04-23T21:16:49,360  INFO [LocalJobRunner Map Task Executor #0] exec.ReduceSinkOperator: keys are [reducesinkkey0] num distributions: 1
2024-04-23T21:16:49,361  INFO [LocalJobRunner Map Task Executor #0] exec.ReduceSinkOperator: RS[3]: records written - 1
2024-04-23T21:16:49,361  INFO [LocalJobRunner Map Task Executor #0] exec.MapOperator: Closing Operator: MAP[0]
2024-04-23T21:16:49,361  INFO [LocalJobRunner Map Task Executor #0] exec.MapOperator: MAP[0]: Total records read - 5. abort - false
2024-04-23T21:16:49,361  INFO [LocalJobRunner Map Task Executor #0] exec.MapOperator: RECORDS_IN:5, RECORDS_OUT_INTERMEDIATE:0, RECORDS_OUT_OPERATOR_MAP_0:0, DESERIALIZE_ERRORS:0, 
2024-04-23T21:16:49,361  INFO [LocalJobRunner Map Task Executor #0] exec.TableScanOperator: Closing Operator: TS[0]
2024-04-23T21:16:49,361  INFO [LocalJobRunner Map Task Executor #0] exec.TableScanOperator: RECORDS_OUT_INTERMEDIATE:0, RECORDS_OUT_OPERATOR_TS_0:5, 
2024-04-23T21:16:49,361  INFO [LocalJobRunner Map Task Executor #0] exec.FilterOperator: Closing Operator: FIL[6]
2024-04-23T21:16:49,361  INFO [LocalJobRunner Map Task Executor #0] exec.FilterOperator: RECORDS_OUT_OPERATOR_FIL_6:2, RECORDS_OUT_INTERMEDIATE:0, 
2024-04-23T21:16:49,361  INFO [LocalJobRunner Map Task Executor #0] exec.SelectOperator: Closing Operator: SEL[2]
2024-04-23T21:16:49,361  INFO [LocalJobRunner Map Task Executor #0] exec.SelectOperator: RECORDS_OUT_INTERMEDIATE:0, RECORDS_OUT_OPERATOR_SEL_2:2, 
2024-04-23T21:16:49,361  INFO [LocalJobRunner Map Task Executor #0] exec.ReduceSinkOperator: Closing Operator: RS[3]
2024-04-23T21:16:49,361  INFO [LocalJobRunner Map Task Executor #0] exec.ReduceSinkOperator: RS[3]: Total records written - 2. abort - false
2024-04-23T21:16:49,361  INFO [LocalJobRunner Map Task Executor #0] exec.ReduceSinkOperator: RECORDS_OUT_OPERATOR_RS_3:2, RECORDS_OUT_INTERMEDIATE:2, 
2024-04-23T21:16:49,362  INFO [LocalJobRunner Map Task Executor #0] mapred.LocalJobRunner: 
2024-04-23T21:16:49,362  INFO [LocalJobRunner Map Task Executor #0] mapred.MapTask: Starting flush of map output
2024-04-23T21:16:49,362  INFO [LocalJobRunner Map Task Executor #0] mapred.MapTask: Spilling map output
2024-04-23T21:16:49,362  INFO [LocalJobRunner Map Task Executor #0] mapred.MapTask: bufstart = 0; bufend = 306; bufvoid = 104857600
2024-04-23T21:16:49,362  INFO [LocalJobRunner Map Task Executor #0] mapred.MapTask: kvstart = 26214396(104857584); kvend = 26214392(104857568); length = 5/6553600
2024-04-23T21:16:49,373  INFO [LocalJobRunner Map Task Executor #0] mapred.MapTask: Finished spill 0
2024-04-23T21:16:49,375  INFO [LocalJobRunner Map Task Executor #0] mapred.Task: Task:attempt_local1440374443_0070_m_000000_0 is done. And is in the process of committing
2024-04-23T21:16:49,376  INFO [LocalJobRunner Map Task Executor #0] mapred.LocalJobRunner: OrcSplit [file:/home/alex/Repositories/hive/ql/target/tmp/org.apache.hadoop.hive.ql.TestTxnNoBuckets-1713932056679/warehouse/t/000000_0, start=3, length=113, isOriginal=true, fileLength=259, hasFooter=false, hasBase=true, deltas=0]
2024-04-23T21:16:49,376  INFO [LocalJobRunner Map Task Executor #0] mapred.Task: Task 'attempt_local1440374443_0070_m_000000_0' done.
2024-04-23T21:16:49,376  INFO [LocalJobRunner Map Task Executor #0] mapred.Task: Final Counters for attempt_local1440374443_0070_m_000000_0: Counters: 25
	File System Counters
		FILE: Number of bytes read=1575113
		FILE: Number of bytes written=82461424
		FILE: Number of read operations=0
		FILE: Number of large read operations=0
		FILE: Number of write operations=0
	Map-Reduce Framework
		Map input records=5
		Map output records=2
		Map output bytes=306
		Map output materialized bytes=318
		Input split bytes=451
		Combine input records=0
		Spilled Records=2
		Failed Shuffles=0
		Merged Map outputs=0
		GC time elapsed (ms)=0
		Total committed heap usage (bytes)=1187512320
	HIVE
		DESERIALIZE_ERRORS=0
		RECORDS_IN=5
		RECORDS_OUT_INTERMEDIATE=2
		RECORDS_OUT_OPERATOR_FIL_6=2
		RECORDS_OUT_OPERATOR_MAP_0=0
		RECORDS_OUT_OPERATOR_RS_3=2
		RECORDS_OUT_OPERATOR_SEL_2=2
		RECORDS_OUT_OPERATOR_TS_0=5
	File Input Format Counters 
		Bytes Read=7017
2024-04-23T21:16:49,376  INFO [LocalJobRunner Map Task Executor #0] mapred.LocalJobRunner: Finishing task: attempt_local1440374443_0070_m_000000_0
2024-04-23T21:16:49,376  INFO [Thread-4544] mapred.LocalJobRunner: map task executor complete.
2024-04-23T21:16:49,377  INFO [Thread-4544] mapred.LocalJobRunner: Waiting for reduce tasks
2024-04-23T21:16:49,377  INFO [pool-288-thread-1] mapred.LocalJobRunner: Starting task: attempt_local1440374443_0070_r_000000_0
2024-04-23T21:16:49,378  INFO [pool-288-thread-1] mapred.Task:  Using ResourceCalculatorProcessTree : [ ]
2024-04-23T21:16:49,378  INFO [pool-288-thread-1] mapred.ReduceTask: Using ShuffleConsumerPlugin: org.apache.hadoop.mapreduce.task.reduce.Shuffle@16d051e3
2024-04-23T21:16:49,378  WARN [pool-288-thread-1] impl.MetricsSystemImpl: JobTracker metrics system already initialized!
2024-04-23T21:16:49,378  INFO [pool-288-thread-1] reduce.MergeManagerImpl: MergerManager: memoryLimit=1336252800, maxSingleShuffleLimit=334063200, mergeThreshold=881926912, ioSortFactor=10, memToMemMergeOutputsThreshold=10
2024-04-23T21:16:49,379  INFO [EventFetcher for fetching Map Completion Events] reduce.EventFetcher: attempt_local1440374443_0070_r_000000_0 Thread started: EventFetcher for fetching Map Completion Events
2024-04-23T21:16:49,380  INFO [localfetcher#44] reduce.LocalFetcher: localfetcher#44 about to shuffle output of map attempt_local1440374443_0070_m_000000_0 decomp: 314 len: 318 to MEMORY
2024-04-23T21:16:49,380  INFO [localfetcher#44] reduce.InMemoryMapOutput: Read 314 bytes from map-output for attempt_local1440374443_0070_m_000000_0
2024-04-23T21:16:49,380  INFO [localfetcher#44] reduce.MergeManagerImpl: closeInMemoryFile -> map-output of size: 314, inMemoryMapOutputs.size() -> 1, commitMemory -> 0, usedMemory ->314
2024-04-23T21:16:49,380  INFO [EventFetcher for fetching Map Completion Events] reduce.EventFetcher: EventFetcher is interrupted.. Returning
2024-04-23T21:16:49,381  INFO [pool-288-thread-1] mapred.LocalJobRunner: 1 / 1 copied.
2024-04-23T21:16:49,381  INFO [pool-288-thread-1] reduce.MergeManagerImpl: finalMerge called with 1 in-memory map-outputs and 0 on-disk map-outputs
2024-04-23T21:16:49,387  INFO [pool-288-thread-1] mapred.Merger: Merging 1 sorted segments
2024-04-23T21:16:49,387  INFO [pool-288-thread-1] mapred.Merger: Down to the last merge-pass, with 1 segments left of total size: 301 bytes
2024-04-23T21:16:49,390  INFO [pool-288-thread-1] reduce.MergeManagerImpl: Merged 1 segments, 314 bytes to disk to satisfy reduce memory limit
2024-04-23T21:16:49,390  INFO [pool-288-thread-1] reduce.MergeManagerImpl: Merging 1 files, 318 bytes from disk
2024-04-23T21:16:49,390  INFO [pool-288-thread-1] reduce.MergeManagerImpl: Merging 0 segments, 0 bytes from memory into reduce
2024-04-23T21:16:49,390  INFO [pool-288-thread-1] mapred.Merger: Merging 1 sorted segments
2024-04-23T21:16:49,390  INFO [pool-288-thread-1] mapred.Merger: Down to the last merge-pass, with 1 segments left of total size: 301 bytes
2024-04-23T21:16:49,390  INFO [pool-288-thread-1] mapred.LocalJobRunner: 1 / 1 copied.
2024-04-23T21:16:49,391  INFO [pool-288-thread-1] exec.SerializationUtilities: Deserializing ReduceWork using kryo
2024-04-23T21:16:49,391  INFO [pool-288-thread-1] exec.Utilities: Deserialized plan (via FILE) - name: null size: 6,35KB
2024-04-23T21:16:49,392  INFO [pool-288-thread-1] ExecReducer: 
<SEL>Id =4
  <Children>
    <FS>Id =5
      <Children>
      <\Children>
      <Parent>Id = 4 null<\Parent>
    <\FS>
  <\Children>
  <Parent><\Parent>
<\SEL>
2024-04-23T21:16:49,392  INFO [pool-288-thread-1] exec.SelectOperator: Initializing Operator: SEL[4]
2024-04-23T21:16:49,392  INFO [pool-288-thread-1] exec.SelectOperator: SELECT struct<key:struct<reducesinkkey0:int>,value:struct<_col0:struct<writeid:bigint,bucketid:int,rowid:bigint>,_col1:string>>
2024-04-23T21:16:49,392  INFO [pool-288-thread-1] exec.FileSinkOperator: Initializing Operator: FS[5]
2024-04-23T21:16:49,393  INFO [pool-288-thread-1] exec.FileSinkOperator: Using serializer : class org.apache.hadoop.hive.serde2.lazy.LazySimpleSerDe [serdeParams=org.apache.hadoop.hive.serde2.lazy.LazySerDeParameters@2e9c64df, cachedObjectInspector=org.apache.hadoop.hive.serde2.lazy.objectinspector.LazySimpleStructObjectInspector<org.apache.hadoop.hive.serde2.lazy.objectinspector.LazySimpleStructObjectInspector<org.apache.hadoop.hive.serde2.lazy.objectinspector.primitive.LazyLongObjectInspector@18f919ce,org.apache.hadoop.hive.serde2.lazy.objectinspector.primitive.LazyIntObjectInspector@4dea763c,org.apache.hadoop.hive.serde2.lazy.objectinspector.primitive.LazyLongObjectInspector@18f919ce>,org.apache.hadoop.hive.serde2.lazy.objectinspector.primitive.LazyIntObjectInspector@4dea763c,org.apache.hadoop.hive.serde2.lazy.objectinspector.primitive.LazyStringObjectInspector@41fdb59c>, serializedSize=0, stats=org.apache.hadoop.hive.serde2.SerDeStats@3d4b0581, lastOperationSerialize=false, lastOperationDeserialize=false [1, 2, 3, 4, 5, 6, 7, 8, 11, 14, 15, 16, 17, 18, 19, 20, 21, 22, 23, 24, 25, 26, 28, 29, 30, 31, -128, -127, -126, -125, -124, -123, -122, -121, -120, -119, -118, -117, -116, -115, -114, -113, -112, -111, -110, -109, -108, -107, -106, -105, -104, -103, -102, -101, -100, -99, -98, -97, -96, -95, -94, -93, -92, -91, -90, -89, -88, -87, -86, -85, -84, -83, -82, -81, -80, -79, -78, -77, -76, -75, -74, -73, -72, -71, -70, -69, -68, -67, -66, -65, -64, -63, -62, -61, -60, -59, -58, -57, -56, -55, -54, -53, -52, -51, -50, -49, -48, -47, -46, -45, -44, -43, -42, -41, -40, -39, -38, -37, -36, -35, -34, -33, -32, -31, -30, -29, -28, -27, -26, -25, -24, -23, -22, -21, -20, -19, -18, -17, -16, -15, -14, -13, -12, -11, -10, -9, -8, -7, -6, -5, -4, -3, -2, -1] : [_col0, _col1, _col2] : [struct<writeid:bigint,bucketid:int,rowid:bigint>, int, string]] and formatter : org.apache.hadoop.hive.ql.io.HiveSequenceFileOutputFormat@59010731
2024-04-23T21:16:49,393  INFO [pool-288-thread-1] exec.FileSinkOperator: Final Path: FS file:/home/alex/Repositories/hive/ql/target/tmp/localscratchdir/df58eaf1-daa5-4565-87e2-2bd14a74e52d/hive_2024-04-23_21-16-48_913_4673889792629647290-1/-mr-10001/.hive-staging_hive_2024-04-23_21-16-48_913_4673889792629647290-1/_tmp.-ext-10002/000000_0
2024-04-23T21:16:49,393  INFO [pool-288-thread-1] exec.FileSinkOperator: Writing to temp file: FS file:/home/alex/Repositories/hive/ql/target/tmp/localscratchdir/df58eaf1-daa5-4565-87e2-2bd14a74e52d/hive_2024-04-23_21-16-48_913_4673889792629647290-1/-mr-10001/.hive-staging_hive_2024-04-23_21-16-48_913_4673889792629647290-1/_task_tmp.-ext-10002/_tmp.000000_0
2024-04-23T21:16:49,393  INFO [pool-288-thread-1] exec.FileSinkOperator: New Final Path: FS file:/home/alex/Repositories/hive/ql/target/tmp/localscratchdir/df58eaf1-daa5-4565-87e2-2bd14a74e52d/hive_2024-04-23_21-16-48_913_4673889792629647290-1/-mr-10001/.hive-staging_hive_2024-04-23_21-16-48_913_4673889792629647290-1/_tmp.-ext-10002/000000_0
2024-04-23T21:16:49,401  INFO [pool-288-thread-1] exec.FileSinkOperator: FS[5]: records written - 1
2024-04-23T21:16:49,401  INFO [pool-288-thread-1] exec.SelectOperator: Closing Operator: SEL[4]
2024-04-23T21:16:49,402  INFO [pool-288-thread-1] exec.SelectOperator: RECORDS_OUT_INTERMEDIATE:0, RECORDS_OUT_OPERATOR_SEL_4:2, 
2024-04-23T21:16:49,402  INFO [pool-288-thread-1] exec.FileSinkOperator: Closing Operator: FS[5]
2024-04-23T21:16:49,402  INFO [pool-288-thread-1] exec.FileSinkOperator: FS[5]: records written - 2
2024-04-23T21:16:49,402  INFO [pool-288-thread-1] exec.FileSinkOperator: RECORDS_OUT_INTERMEDIATE:0, RECORDS_OUT_0:2, RECORDS_OUT_OPERATOR_FS_5:2, 
2024-04-23T21:16:49,403  INFO [pool-288-thread-1] mapred.Task: Task:attempt_local1440374443_0070_r_000000_0 is done. And is in the process of committing
2024-04-23T21:16:49,403  INFO [pool-288-thread-1] mapred.LocalJobRunner: reduce > reduce
2024-04-23T21:16:49,403  INFO [pool-288-thread-1] mapred.Task: Task 'attempt_local1440374443_0070_r_000000_0' done.
2024-04-23T21:16:49,403  INFO [pool-288-thread-1] mapred.Task: Final Counters for attempt_local1440374443_0070_r_000000_0: Counters: 29
	File System Counters
		FILE: Number of bytes read=1582194
		FILE: Number of bytes written=82462151
		FILE: Number of read operations=0
		FILE: Number of large read operations=0
		FILE: Number of write operations=0
	Map-Reduce Framework
		Combine input records=0
		Combine output records=0
		Reduce input groups=2
		Reduce shuffle bytes=318
		Reduce input records=2
		Reduce output records=0
		Spilled Records=2
		Shuffled Maps =1
		Failed Shuffles=0
		Merged Map outputs=1
		GC time elapsed (ms)=0
		Total committed heap usage (bytes)=1187512320
	HIVE
		CREATED_FILES=1
		RECORDS_OUT_0=2
		RECORDS_OUT_INTERMEDIATE=0
		RECORDS_OUT_OPERATOR_FS_5=2
		RECORDS_OUT_OPERATOR_SEL_4=2
	Shuffle Errors
		BAD_ID=0
		CONNECTION=0
		IO_ERROR=0
		WRONG_LENGTH=0
		WRONG_MAP=0
		WRONG_REDUCE=0
	File Output Format Counters 
		Bytes Written=0
2024-04-23T21:16:49,403  INFO [pool-288-thread-1] mapred.LocalJobRunner: Finishing task: attempt_local1440374443_0070_r_000000_0
2024-04-23T21:16:49,403  INFO [Thread-4544] mapred.LocalJobRunner: reduce task executor complete.
2024-04-23 21:16:50,345 Stage-1 map = 100%,  reduce = 100%
2024-04-23T21:16:50,345  INFO [main] exec.Task: 2024-04-23 21:16:50,345 Stage-1 map = 100%,  reduce = 100%
Ended Job = job_local1440374443_0070
2024-04-23T21:16:50,346  INFO [main] exec.Task: Ended Job = job_local1440374443_0070
2024-04-23T21:16:50,348  INFO [main] metadata.Hive: Dumping metastore api call timing information for : execution phase
2024-04-23T21:16:50,348  INFO [main] metadata.Hive: Total time spent in each metastore function (ms): {}
MapReduce Jobs Launched: 
2024-04-23T21:16:50,349  INFO [main] ql.Driver: MapReduce Jobs Launched: 
Stage-Stage-1:  HDFS Read: 0 HDFS Write: 0 SUCCESS
2024-04-23T21:16:50,349  INFO [main] ql.Driver: Stage-Stage-1:  HDFS Read: 0 HDFS Write: 0 SUCCESS
Total MapReduce CPU Time Spent: 0 msec
2024-04-23T21:16:50,349  INFO [main] ql.Driver: Total MapReduce CPU Time Spent: 0 msec
2024-04-23T21:16:50,349  INFO [main] ql.Driver: Completed executing command(queryId=alex_20240423211648_49030f6a-3ba4-4fef-b75d-2fbe32fa4455); Time taken: 1.27 seconds
2024-04-23T21:16:50,349  INFO [main] lockmgr.DbTxnManager: Stopped heartbeat for query: alex_20240423211648_49030f6a-3ba4-4fef-b75d-2fbe32fa4455
2024-04-23T21:16:50,354  INFO [main] txn.TxnHandler: Expected to move at least one record from txn_components to completed_txn_components when committing txn! txnid:23
2024-04-23T21:16:50,362  INFO [main] txn.TxnHandler: Removed transactions: ([23]) from MIN_HISTORY_LEVEL
2024-04-23T21:16:50,362  WARN [main] txn.CompactionTxnHandler: No compaction queue record found for Compaction type transaction commit. txnId:23
2024-04-23T21:16:50,366  INFO [main] mapred.FileInputFormat: Total input files to process : 1
2024-04-23T21:16:50,367  INFO [main] exec.ListSinkOperator: Closing Operator: LIST_SINK[8]
2024-04-23T21:16:50,368  INFO [main] exec.ListSinkOperator: RECORDS_OUT_OPERATOR_LIST_SINK_8:2, RECORDS_OUT_INTERMEDIATE:0, 
2024-04-23T21:16:50,368  WARN [main] ql.TestTxnNoBuckets: null: read data(After non-vectorized read): 
2024-04-23T21:16:50,368  INFO [main] ql.TestTxnNoBuckets: {"writeid":0,"bucketid":536870912,"rowid":3}	6	file:/home/alex/Repositories/hive/ql/target/tmp/org.apache.hadoop.hive.ql.TestTxnNoBuckets-1713932056679/warehouse/t/000000_0
{"writeid":0,"bucketid":536870912,"rowid":4}	9	file:/home/alex/Repositories/hive/ql/target/tmp/org.apache.hadoop.hive.ql.TestTxnNoBuckets-1713932056679/warehouse/t/000000_0

2024-04-23T21:16:50,368  INFO [main] ql.TxnCommandsBaseForTests: Running the query: EXPLAIN VECTORIZATION DETAIL select ROW__ID, a, INPUT__FILE__NAME from T where b > 6 order by a
2024-04-23T21:16:50,368  INFO [main] ql.Context: Deleting scratch dir: file:/home/alex/Repositories/hive/ql/target/tmp/localscratchdir/df58eaf1-daa5-4565-87e2-2bd14a74e52d/hive_2024-04-23_21-16-48_913_4673889792629647290-1
2024-04-23T21:16:50,369  INFO [main] cleanup.SyncCleanupService: Deleted directory: file:/home/alex/Repositories/hive/ql/target/tmp/localscratchdir/df58eaf1-daa5-4565-87e2-2bd14a74e52d/hive_2024-04-23_21-16-48_913_4673889792629647290-1 on fs with scheme file
2024-04-23T21:16:50,370  INFO [main] ql.Driver: Compiling command(queryId=alex_20240423211650_5b870935-adc8-4a6e-840b-1c31eb0f3971): EXPLAIN VECTORIZATION DETAIL select ROW__ID, a, INPUT__FILE__NAME from T where b > 6 order by a
2024-04-23T21:16:50,373  INFO [main] txn.TxnHandler: Added entries to MIN_HISTORY_LEVEL for current txns: ([24]) with min_open_txn: 24
2024-04-23T21:16:50,374  INFO [main] lockmgr.DbTxnManager: Opened txnid:24
2024-04-23T21:16:50,375  INFO [main] parse.CalcitePlanner: Starting Semantic Analysis
2024-04-23T21:16:50,378  INFO [main] parse.CalcitePlanner: Completed phase 1 of Semantic Analysis
2024-04-23T21:16:50,378  INFO [main] parse.CalcitePlanner: Get metadata for source tables
2024-04-23T21:16:50,379  INFO [main] HiveMetaStore.audit: ugi=alex	ip=unknown-ip-addr	cmd=get_table : tbl=hive.default.t	
2024-04-23T21:16:50,386  INFO [main] metastore.HMSHandler: Skipping translation for processor with null
2024-04-23T21:16:50,386  INFO [main] parse.CalcitePlanner: Get metadata for subqueries
2024-04-23T21:16:50,386  INFO [main] parse.CalcitePlanner: Get metadata for destination tables
2024-04-23T21:16:50,386  INFO [main] parse.CalcitePlanner: Completed getting MetaData in Semantic Analysis
2024-04-23T21:16:50,399  INFO [main] HiveMetaStore.audit: ugi=alex	ip=unknown-ip-addr	cmd=get_all_table_constraints : tbl=hive.default.t	
2024-04-23T21:16:50,436  INFO [main] calcite.RelOptHiveTable: Calculating column statistics for default.t, projIndxSet: [0, 1], allowMissingStats: true
2024-04-23T21:16:50,437  INFO [main] HiveMetaStore.audit: ugi=alex	ip=unknown-ip-addr	cmd=get_table_statistics_req: table=hive.default.t	
2024-04-23T21:16:50,445  WARN [main] calcite.RelOptHiveTable: No Stats for default@t, Columns: a, b
No Stats for default@t, Columns: a, b
2024-04-23T21:16:50,445  INFO [main] SessionState: No Stats for default@t, Columns: a, b
2024-04-23T21:16:50,504  INFO [main] parse.CalcitePlanner: Get metadata for source tables
2024-04-23T21:16:50,505  INFO [main] parse.CalcitePlanner: Get metadata for subqueries
2024-04-23T21:16:50,505  INFO [main] parse.CalcitePlanner: Get metadata for destination tables
2024-04-23T21:16:50,507  INFO [main] parse.CalcitePlanner: CBO Succeeded; optimized logical plan.
2024-04-23T21:16:50,509  INFO [main] optimizer.ColumnPrunerProcFactory: RS 3 oldColExprMap: {KEY.reducesinkkey0=Column[_col1], VALUE._col1=Column[_col2], VALUE._col0=Column[_col0]}
2024-04-23T21:16:50,509  INFO [main] optimizer.ColumnPrunerProcFactory: RS 3 newColExprMap: {VALUE._col1=Column[_col2], KEY.reducesinkkey0=Column[_col1], VALUE._col0=Column[_col0]}
2024-04-23T21:16:50,510  INFO [main] optimizer.BucketVersionPopulator: not considering bucketingVersion for: TS[0] because it has -1<2 buckets 
2024-04-23T21:16:50,514  INFO [main] optimizer.SortedDynPartitionOptimizer: Sorted dynamic partitioning optimization kicked in..
2024-04-23T21:16:50,523  INFO [main] physical.Vectorizer: Examining input format to see if vectorization is enabled.
2024-04-23T21:16:50,523  INFO [main] physical.Vectorizer: Vectorization is enabled for input format(s) [org.apache.hadoop.hive.ql.io.orc.OrcInputFormat]
2024-04-23T21:16:50,523  INFO [main] physical.Vectorizer: Validating and vectorizing MapWork... (vectorizedVertexNum 0)
2024-04-23T21:16:50,524  INFO [main] physical.Vectorizer: Map vectorization enabled: true
2024-04-23T21:16:50,524  INFO [main] physical.Vectorizer: Map vectorized: false
2024-04-23T21:16:50,524  INFO [main] physical.Vectorizer: Map notVectorizedReason: Select expression for SELECT operator: Virtual column INPUT__FILE__NAME is not supported
2024-04-23T21:16:50,524  INFO [main] physical.Vectorizer: Map vectorizedVertexNum: 0
2024-04-23T21:16:50,524  INFO [main] physical.Vectorizer: Map enabledConditionsMet: [hive.vectorized.use.vectorized.input.format IS true]
2024-04-23T21:16:50,524  INFO [main] physical.Vectorizer: Map inputFileFormatClassNameSet: [org.apache.hadoop.hive.ql.io.orc.OrcInputFormat]
2024-04-23T21:16:50,524  INFO [main] physical.Vectorizer: Reduce vectorization enabled: false
2024-04-23T21:16:50,524  INFO [main] physical.Vectorizer: Reduce vectorized: false
2024-04-23T21:16:50,525  INFO [main] physical.Vectorizer: Reduce vectorizedVertexNum: 1
2024-04-23T21:16:50,525  INFO [main] physical.Vectorizer: Reducer hive.vectorized.execution.reduce.enabled: true
2024-04-23T21:16:50,525  INFO [main] physical.Vectorizer: Reducer engine: mr
2024-04-23T21:16:50,525  INFO [main] parse.CalcitePlanner: Completed plan generation
2024-04-23T21:16:50,525  INFO [main] ql.Driver: Semantic Analysis Completed (retrial = false)
2024-04-23T21:16:50,525  INFO [main] ql.Driver: Created Hive schema: Schema(fieldSchemas:[FieldSchema(name:Explain, type:string, comment:null)], properties:null)
2024-04-23T21:16:50,525  INFO [main] metadata.Hive: Dumping metastore api call timing information for : compilation phase
2024-04-23T21:16:50,525  INFO [main] metadata.Hive: Total time spent in each metastore function (ms): {getTableColumnStatistics_(String, String, List, String)=8, commitTxn_(CommitTxnRequest)=14, flushCache_()=0, getTable_(GetTableRequest)=8, isCompatibleWith_(Configuration)=1, getValidWriteIds_(List, String)=3, getAllTableConstraints_(AllTableConstraintsRequest)=5, getValidTxns_(long)=0, openTxn_(String, TxnType)=3}
2024-04-23T21:16:50,525  INFO [main] ql.Driver: Completed compiling command(queryId=alex_20240423211650_5b870935-adc8-4a6e-840b-1c31eb0f3971); Time taken: 0.155 seconds
2024-04-23T21:16:50,525  INFO [main] ql.Driver: Executing command(queryId=alex_20240423211650_5b870935-adc8-4a6e-840b-1c31eb0f3971): EXPLAIN VECTORIZATION DETAIL select ROW__ID, a, INPUT__FILE__NAME from T where b > 6 order by a
2024-04-23T21:16:50,526  INFO [main] ql.Driver: Starting task [Stage-2:EXPLAIN] in serial mode
2024-04-23T21:16:50,536  INFO [main] metadata.Hive: Dumping metastore api call timing information for : execution phase
2024-04-23T21:16:50,536  INFO [main] metadata.Hive: Total time spent in each metastore function (ms): {}
2024-04-23T21:16:50,536  INFO [main] ql.Driver: Completed executing command(queryId=alex_20240423211650_5b870935-adc8-4a6e-840b-1c31eb0f3971); Time taken: 0.011 seconds
2024-04-23T21:16:50,537  INFO [main] lockmgr.DbTxnManager: Stopped heartbeat for query: null
2024-04-23T21:16:50,544  INFO [main] txn.TxnHandler: Expected to move at least one record from txn_components to completed_txn_components when committing txn! txnid:24
2024-04-23T21:16:50,550  INFO [main] txn.TxnHandler: Removed transactions: ([24]) from MIN_HISTORY_LEVEL
2024-04-23T21:16:50,550  WARN [main] txn.CompactionTxnHandler: No compaction queue record found for Compaction type transaction commit. txnId:24
2024-04-23T21:16:50,551  INFO [main] ql.TxnCommandsBaseForTests: Running the query: update T set b = 17 where a = 1
2024-04-23T21:16:50,552  INFO [main] ql.Context: Deleting scratch dir: file:/home/alex/Repositories/hive/ql/target/tmp/localscratchdir/df58eaf1-daa5-4565-87e2-2bd14a74e52d/hive_2024-04-23_21-16-50_370_8520615461254746069-1
2024-04-23T21:16:50,552  INFO [main] cleanup.SyncCleanupService: Deleted directory: file:/home/alex/Repositories/hive/ql/target/tmp/localscratchdir/df58eaf1-daa5-4565-87e2-2bd14a74e52d/hive_2024-04-23_21-16-50_370_8520615461254746069-1 on fs with scheme file
2024-04-23T21:16:50,552  INFO [main] ql.Driver: Compiling command(queryId=alex_20240423211650_5a84e42e-a251-47f9-8a9c-05247330ca52): update T set b = 17 where a = 1
2024-04-23T21:16:50,555  INFO [main] txn.TxnHandler: Added entries to MIN_HISTORY_LEVEL for current txns: ([25]) with min_open_txn: 24
2024-04-23T21:16:50,555  INFO [main] lockmgr.DbTxnManager: Opened txnid:25
2024-04-23T21:16:50,556  INFO [main] parse.UpdateDeleteSemanticAnalyzer: Starting caching scope for: 
2024-04-23T21:16:50,556  INFO [main] HiveMetaStore.audit: ugi=alex	ip=unknown-ip-addr	cmd=get_table : tbl=hive.default.T	
2024-04-23T21:16:50,563  INFO [main] metastore.HMSHandler: Skipping translation for processor with null
2024-04-23T21:16:50,564  INFO [main] parse.RewriteSemanticAnalyzer: Going to reparse <update T set b = 17 where a = 1> as 
<insert into table `default`.`T` select ROW__ID,`a`,`b` from `default`.`T` sort by ROW__ID >
2024-04-23T21:16:50,564  INFO [main] parse.UpdateDeleteSemanticAnalyzer: Starting Semantic Analysis
2024-04-23T21:16:50,567  INFO [main] HiveMetaStore.audit: ugi=alex	ip=unknown-ip-addr	cmd=get_table : tbl=hive.default.T	
2024-04-23T21:16:50,575  INFO [main] metastore.HMSHandler: Skipping translation for processor with null
2024-04-23T21:16:50,575  INFO [main] parse.UpdateDeleteSemanticAnalyzer: Completed phase 1 of Semantic Analysis
2024-04-23T21:16:50,575  INFO [main] parse.UpdateDeleteSemanticAnalyzer: Get metadata for source tables
2024-04-23T21:16:50,576  INFO [main] HiveMetaStore.audit: ugi=alex	ip=unknown-ip-addr	cmd=get_table : tbl=hive.default.t	
2024-04-23T21:16:50,583  INFO [main] metastore.HMSHandler: Skipping translation for processor with null
2024-04-23T21:16:50,583  INFO [main] parse.UpdateDeleteSemanticAnalyzer: Get metadata for subqueries
2024-04-23T21:16:50,583  INFO [main] parse.UpdateDeleteSemanticAnalyzer: Get metadata for destination tables
2024-04-23T21:16:50,584  INFO [main] HiveMetaStore.audit: ugi=alex	ip=unknown-ip-addr	cmd=get_table : tbl=hive.default.T	
2024-04-23T21:16:50,590  INFO [main] metastore.HMSHandler: Skipping translation for processor with null
2024-04-23T21:16:50,591  INFO [main] parse.UpdateDeleteSemanticAnalyzer: Completed getting MetaData in Semantic Analysis
2024-04-23T21:16:50,591  INFO [main] parse.UpdateDeleteSemanticAnalyzer: Disabling LLAP IO encode as ETL query is detected
2024-04-23T21:16:50,603  INFO [main] HiveMetaStore.audit: ugi=alex	ip=unknown-ip-addr	cmd=get_all_table_constraints : tbl=hive.default.t	
2024-04-23T21:16:50,610  INFO [main] HiveMetaStore.audit: ugi=alex	ip=unknown-ip-addr	cmd=get_not_null_constraints : tbl=hive.default.t	
2024-04-23T21:16:50,612  INFO [main] HiveMetaStore.audit: ugi=alex	ip=unknown-ip-addr	cmd=get_check_constraints : tbl=hive.default.t	
2024-04-23T21:16:50,634  INFO [main] calcite.RelOptHiveTable: Calculating column statistics for default.t, projIndxSet: [0], allowMissingStats: true
2024-04-23T21:16:50,634  INFO [main] HiveMetaStore.audit: ugi=alex	ip=unknown-ip-addr	cmd=get_table_statistics_req: table=hive.default.t	
2024-04-23T21:16:50,645  WARN [main] calcite.RelOptHiveTable: No Stats for default@t, Columns: a
No Stats for default@t, Columns: a
2024-04-23T21:16:50,645  INFO [main] SessionState: No Stats for default@t, Columns: a
2024-04-23T21:16:50,701  INFO [main] parse.UpdateDeleteSemanticAnalyzer: Get metadata for source tables
2024-04-23T21:16:50,701  INFO [main] parse.UpdateDeleteSemanticAnalyzer: Get metadata for subqueries
2024-04-23T21:16:50,702  INFO [main] parse.UpdateDeleteSemanticAnalyzer: Get metadata for destination tables
2024-04-23T21:16:50,702  INFO [main] HiveMetaStore.audit: ugi=alex	ip=unknown-ip-addr	cmd=get_table : tbl=hive.default.T	
2024-04-23T21:16:50,709  INFO [main] metastore.HMSHandler: Skipping translation for processor with null
2024-04-23T21:16:50,712 ERROR [main] parse.UpdateDeleteSemanticAnalyzer: CBO failed, skipping CBO. 
org.apache.hadoop.hive.ql.exec.NoMatchingMethodException: No matching method for class org.apache.hadoop.hive.ql.udf.UDFToInteger with (struct<writeid:bigint,bucketid:int,rowid:bigint>). Possible choices: _FUNC_(bigint)  _FUNC_(boolean)  _FUNC_(decimal(38,18))  _FUNC_(double)  _FUNC_(float)  _FUNC_(smallint)  _FUNC_(string)  _FUNC_(struct<bucketid:bigint,writeid:int,rowid:bigint>)  _FUNC_(timestamp)  _FUNC_(tinyint)  _FUNC_(void)  
	at org.apache.hadoop.hive.ql.exec.MethodUtils.getMethodInternal(MethodUtils.java:130) ~[classes/:?]
	at org.apache.hadoop.hive.ql.exec.MethodUtils.getMethodInternal(MethodUtils.java:60) ~[classes/:?]
	at org.apache.hadoop.hive.ql.exec.DefaultUDFMethodResolver.getEvalMethod(DefaultUDFMethodResolver.java:59) ~[classes/:?]
	at org.apache.hadoop.hive.ql.udf.TimestampCastRestrictorResolver.getEvalMethod(TimestampCastRestrictorResolver.java:68) ~[classes/:?]
	at org.apache.hadoop.hive.ql.udf.generic.GenericUDFBridge.initialize(GenericUDFBridge.java:168) ~[classes/:?]
	at org.apache.hadoop.hive.ql.udf.generic.GenericUDF.initializeAndFoldConstants(GenericUDF.java:149) ~[classes/:?]
	at org.apache.hadoop.hive.ql.plan.ExprNodeGenericFuncDesc.newInstance(ExprNodeGenericFuncDesc.java:235) ~[classes/:?]
	at org.apache.hadoop.hive.ql.parse.type.ExprNodeDescExprFactory.createFuncCallExpr(ExprNodeDescExprFactory.java:584) ~[classes/:?]
	at org.apache.hadoop.hive.ql.parse.type.ExprNodeDescExprFactory.createFuncCallExpr(ExprNodeDescExprFactory.java:97) ~[classes/:?]
	at org.apache.hadoop.hive.ql.parse.type.TypeCheckProcFactory$DefaultExprProcessor.getFuncExprNodeDescWithUdfData(TypeCheckProcFactory.java:762) ~[classes/:?]
	at org.apache.hadoop.hive.ql.parse.type.TypeCheckProcFactory$DefaultExprProcessor.createConversionCast(TypeCheckProcFactory.java:783) ~[classes/:?]
	at org.apache.hadoop.hive.ql.parse.SemanticAnalyzer.getPartitionColsFromBucketColsForUpdateDelete(SemanticAnalyzer.java:8725) ~[classes/:?]
	at org.apache.hadoop.hive.ql.parse.SemanticAnalyzer.genBucketingSortingDest(SemanticAnalyzer.java:6914) ~[classes/:?]
	at org.apache.hadoop.hive.ql.parse.SemanticAnalyzer.genFileSinkPlan(SemanticAnalyzer.java:7335) ~[classes/:?]
	at org.apache.hadoop.hive.ql.parse.SemanticAnalyzer.genPostGroupByBodyPlan(SemanticAnalyzer.java:11063) ~[classes/:?]
	at org.apache.hadoop.hive.ql.parse.SemanticAnalyzer.genBodyPlan(SemanticAnalyzer.java:10938) ~[classes/:?]
	at org.apache.hadoop.hive.ql.parse.SemanticAnalyzer.genPlan(SemanticAnalyzer.java:11853) ~[classes/:?]
	at org.apache.hadoop.hive.ql.parse.SemanticAnalyzer.genPlan(SemanticAnalyzer.java:11723) ~[classes/:?]
	at org.apache.hadoop.hive.ql.parse.CalcitePlanner.genOPTree(CalcitePlanner.java:626) ~[classes/:?]
	at org.apache.hadoop.hive.ql.parse.SemanticAnalyzer.analyzeInternal(SemanticAnalyzer.java:12558) ~[classes/:?]
	at org.apache.hadoop.hive.ql.parse.CalcitePlanner.analyzeInternal(CalcitePlanner.java:456) ~[classes/:?]
	at org.apache.hadoop.hive.ql.parse.RewriteSemanticAnalyzer.analyzeInternal(RewriteSemanticAnalyzer.java:67) ~[classes/:?]
	at org.apache.hadoop.hive.ql.parse.BaseSemanticAnalyzer.analyze(BaseSemanticAnalyzer.java:317) ~[classes/:?]
	at org.apache.hadoop.hive.ql.parse.UpdateDeleteSemanticAnalyzer.reparseAndSuperAnalyze(UpdateDeleteSemanticAnalyzer.java:208) ~[classes/:?]
	at org.apache.hadoop.hive.ql.parse.UpdateDeleteSemanticAnalyzer.analyzeUpdate(UpdateDeleteSemanticAnalyzer.java:63) ~[classes/:?]
	at org.apache.hadoop.hive.ql.parse.UpdateDeleteSemanticAnalyzer.analyze(UpdateDeleteSemanticAnalyzer.java:53) ~[classes/:?]
	at org.apache.hadoop.hive.ql.parse.RewriteSemanticAnalyzer.analyzeInternal(RewriteSemanticAnalyzer.java:72) ~[classes/:?]
	at org.apache.hadoop.hive.ql.parse.BaseSemanticAnalyzer.analyze(BaseSemanticAnalyzer.java:317) ~[classes/:?]
	at org.apache.hadoop.hive.ql.Compiler.analyze(Compiler.java:223) ~[classes/:?]
	at org.apache.hadoop.hive.ql.Compiler.compile(Compiler.java:105) ~[classes/:?]
	at org.apache.hadoop.hive.ql.Driver.compile(Driver.java:500) ~[classes/:?]
	at org.apache.hadoop.hive.ql.Driver.compileInternal(Driver.java:453) ~[classes/:?]
	at org.apache.hadoop.hive.ql.Driver.runInternal(Driver.java:181) ~[classes/:?]
	at org.apache.hadoop.hive.ql.Driver.run(Driver.java:153) ~[classes/:?]
	at org.apache.hadoop.hive.ql.Driver.run(Driver.java:140) ~[classes/:?]
	at org.apache.hadoop.hive.ql.TxnCommandsBaseForTests.runStatementOnDriver(TxnCommandsBaseForTests.java:245) ~[test-classes/:?]
	at org.apache.hadoop.hive.ql.TestTxnNoBuckets.testNonAcidToAcidVectorzied(TestTxnNoBuckets.java:726) ~[test-classes/:?]
	at sun.reflect.NativeMethodAccessorImpl.invoke0(Native Method) ~[?:1.8.0_402]
	at sun.reflect.NativeMethodAccessorImpl.invoke(NativeMethodAccessorImpl.java:62) ~[?:1.8.0_402]
	at sun.reflect.DelegatingMethodAccessorImpl.invoke(DelegatingMethodAccessorImpl.java:43) ~[?:1.8.0_402]
	at java.lang.reflect.Method.invoke(Method.java:498) ~[?:1.8.0_402]
	at org.junit.runners.model.FrameworkMethod$1.runReflectiveCall(FrameworkMethod.java:59) ~[junit-4.13.jar:4.13]
	at org.junit.internal.runners.model.ReflectiveCallable.run(ReflectiveCallable.java:12) ~[junit-4.13.jar:4.13]
	at org.junit.runners.model.FrameworkMethod.invokeExplosively(FrameworkMethod.java:56) ~[junit-4.13.jar:4.13]
	at org.junit.internal.runners.statements.InvokeMethod.evaluate(InvokeMethod.java:17) ~[junit-4.13.jar:4.13]
	at org.junit.internal.runners.statements.RunBefores.evaluate(RunBefores.java:26) ~[junit-4.13.jar:4.13]
	at org.junit.internal.runners.statements.RunAfters.evaluate(RunAfters.java:27) ~[junit-4.13.jar:4.13]
	at org.junit.rules.TestWatcher$1.evaluate(TestWatcher.java:61) ~[junit-4.13.jar:4.13]
	at org.junit.runners.ParentRunner$3.evaluate(ParentRunner.java:306) ~[junit-4.13.jar:4.13]
	at org.junit.runners.BlockJUnit4ClassRunner$1.evaluate(BlockJUnit4ClassRunner.java:100) ~[junit-4.13.jar:4.13]
	at org.junit.runners.ParentRunner.runLeaf(ParentRunner.java:366) ~[junit-4.13.jar:4.13]
	at org.junit.runners.BlockJUnit4ClassRunner.runChild(BlockJUnit4ClassRunner.java:103) ~[junit-4.13.jar:4.13]
	at org.junit.runners.BlockJUnit4ClassRunner.runChild(BlockJUnit4ClassRunner.java:63) ~[junit-4.13.jar:4.13]
	at org.junit.runners.ParentRunner$4.run(ParentRunner.java:331) ~[junit-4.13.jar:4.13]
	at org.junit.runners.ParentRunner$1.schedule(ParentRunner.java:79) ~[junit-4.13.jar:4.13]
	at org.junit.runners.ParentRunner.runChildren(ParentRunner.java:329) ~[junit-4.13.jar:4.13]
	at org.junit.runners.ParentRunner.access$100(ParentRunner.java:66) ~[junit-4.13.jar:4.13]
	at org.junit.runners.ParentRunner$2.evaluate(ParentRunner.java:293) ~[junit-4.13.jar:4.13]
	at org.junit.runners.ParentRunner$3.evaluate(ParentRunner.java:306) ~[junit-4.13.jar:4.13]
	at org.junit.runners.ParentRunner.run(ParentRunner.java:413) ~[junit-4.13.jar:4.13]
	at org.junit.runner.JUnitCore.run(JUnitCore.java:137) ~[junit-4.13.jar:4.13]
	at org.junit.runner.JUnitCore.run(JUnitCore.java:115) ~[junit-4.13.jar:4.13]
	at org.junit.vintage.engine.execution.RunnerExecutor.execute(RunnerExecutor.java:43) ~[junit-vintage-engine-5.6.2.jar:5.6.2]
	at java.util.stream.ForEachOps$ForEachOp$OfRef.accept(ForEachOps.java:183) ~[?:1.8.0_402]
	at java.util.stream.ReferencePipeline$3$1.accept(ReferencePipeline.java:193) ~[?:1.8.0_402]
	at java.util.Iterator.forEachRemaining(Iterator.java:116) ~[?:1.8.0_402]
	at java.util.Spliterators$IteratorSpliterator.forEachRemaining(Spliterators.java:1801) ~[?:1.8.0_402]
	at java.util.stream.AbstractPipeline.copyInto(AbstractPipeline.java:482) ~[?:1.8.0_402]
	at java.util.stream.AbstractPipeline.wrapAndCopyInto(AbstractPipeline.java:472) ~[?:1.8.0_402]
	at java.util.stream.ForEachOps$ForEachOp.evaluateSequential(ForEachOps.java:150) ~[?:1.8.0_402]
	at java.util.stream.ForEachOps$ForEachOp$OfRef.evaluateSequential(ForEachOps.java:173) ~[?:1.8.0_402]
	at java.util.stream.AbstractPipeline.evaluate(AbstractPipeline.java:234) ~[?:1.8.0_402]
	at java.util.stream.ReferencePipeline.forEach(ReferencePipeline.java:485) ~[?:1.8.0_402]
	at org.junit.vintage.engine.VintageTestEngine.executeAllChildren(VintageTestEngine.java:82) ~[junit-vintage-engine-5.6.2.jar:5.6.2]
	at org.junit.vintage.engine.VintageTestEngine.execute(VintageTestEngine.java:73) ~[junit-vintage-engine-5.6.2.jar:5.6.2]
	at org.junit.platform.launcher.core.DefaultLauncher.execute(DefaultLauncher.java:248) ~[junit-platform-launcher-1.6.2.jar:1.6.2]
	at org.junit.platform.launcher.core.DefaultLauncher.lambda$execute$5(DefaultLauncher.java:211) ~[junit-platform-launcher-1.6.2.jar:1.6.2]
	at org.junit.platform.launcher.core.DefaultLauncher.withInterceptedStreams(DefaultLauncher.java:226) [junit-platform-launcher-1.6.2.jar:1.6.2]
	at org.junit.platform.launcher.core.DefaultLauncher.execute(DefaultLauncher.java:199) [junit-platform-launcher-1.6.2.jar:1.6.2]
	at org.junit.platform.launcher.core.DefaultLauncher.execute(DefaultLauncher.java:132) [junit-platform-launcher-1.6.2.jar:1.6.2]
	at org.apache.maven.surefire.junitplatform.JUnitPlatformProvider.invokeAllTests(JUnitPlatformProvider.java:154) [surefire-junit-platform-3.0.0-M4.jar:3.0.0-M4]
	at org.apache.maven.surefire.junitplatform.JUnitPlatformProvider.invoke(JUnitPlatformProvider.java:123) [surefire-junit-platform-3.0.0-M4.jar:3.0.0-M4]
	at org.apache.maven.surefire.booter.ForkedBooter.runSuitesInProcess(ForkedBooter.java:377) [surefire-booter-3.0.0-M4.jar:3.0.0-M4]
	at org.apache.maven.surefire.booter.ForkedBooter.execute(ForkedBooter.java:138) [surefire-booter-3.0.0-M4.jar:3.0.0-M4]
	at org.apache.maven.surefire.booter.ForkedBooter.run(ForkedBooter.java:465) [surefire-booter-3.0.0-M4.jar:3.0.0-M4]
	at org.apache.maven.surefire.booter.ForkedBooter.main(ForkedBooter.java:451) [surefire-booter-3.0.0-M4.jar:3.0.0-M4]
2024-04-23T21:16:50,713 ERROR [main] parse.UpdateDeleteSemanticAnalyzer: CBO failed due to missing column stats (see previous errors), skipping CBO
2024-04-23T21:16:50,713  INFO [main] parse.UpdateDeleteSemanticAnalyzer: Ending caching scope for: 
FAILED: NoMatchingMethodException No matching method for class org.apache.hadoop.hive.ql.udf.UDFToInteger with (struct<writeid:bigint,bucketid:int,rowid:bigint>). Possible choices: _FUNC_(bigint)  _FUNC_(boolean)  _FUNC_(decimal(38,18))  _FUNC_(double)  _FUNC_(float)  _FUNC_(smallint)  _FUNC_(string)  _FUNC_(struct<bucketid:bigint,writeid:int,rowid:bigint>)  _FUNC_(timestamp)  _FUNC_(tinyint)  _FUNC_(void)  
2024-04-23T21:16:50,713 ERROR [main] ql.Driver: FAILED: NoMatchingMethodException No matching method for class org.apache.hadoop.hive.ql.udf.UDFToInteger with (struct<writeid:bigint,bucketid:int,rowid:bigint>). Possible choices: _FUNC_(bigint)  _FUNC_(boolean)  _FUNC_(decimal(38,18))  _FUNC_(double)  _FUNC_(float)  _FUNC_(smallint)  _FUNC_(string)  _FUNC_(struct<bucketid:bigint,writeid:int,rowid:bigint>)  _FUNC_(timestamp)  _FUNC_(tinyint)  _FUNC_(void)  
org.apache.hadoop.hive.ql.exec.NoMatchingMethodException: No matching method for class org.apache.hadoop.hive.ql.udf.UDFToInteger with (struct<writeid:bigint,bucketid:int,rowid:bigint>). Possible choices: _FUNC_(bigint)  _FUNC_(boolean)  _FUNC_(decimal(38,18))  _FUNC_(double)  _FUNC_(float)  _FUNC_(smallint)  _FUNC_(string)  _FUNC_(struct<bucketid:bigint,writeid:int,rowid:bigint>)  _FUNC_(timestamp)  _FUNC_(tinyint)  _FUNC_(void)  
	at org.apache.hadoop.hive.ql.exec.MethodUtils.getMethodInternal(MethodUtils.java:130)
	at org.apache.hadoop.hive.ql.exec.MethodUtils.getMethodInternal(MethodUtils.java:60)
	at org.apache.hadoop.hive.ql.exec.DefaultUDFMethodResolver.getEvalMethod(DefaultUDFMethodResolver.java:59)
	at org.apache.hadoop.hive.ql.udf.TimestampCastRestrictorResolver.getEvalMethod(TimestampCastRestrictorResolver.java:68)
	at org.apache.hadoop.hive.ql.udf.generic.GenericUDFBridge.initialize(GenericUDFBridge.java:168)
	at org.apache.hadoop.hive.ql.udf.generic.GenericUDF.initializeAndFoldConstants(GenericUDF.java:149)
	at org.apache.hadoop.hive.ql.plan.ExprNodeGenericFuncDesc.newInstance(ExprNodeGenericFuncDesc.java:235)
	at org.apache.hadoop.hive.ql.parse.type.ExprNodeDescExprFactory.createFuncCallExpr(ExprNodeDescExprFactory.java:584)
	at org.apache.hadoop.hive.ql.parse.type.ExprNodeDescExprFactory.createFuncCallExpr(ExprNodeDescExprFactory.java:97)
	at org.apache.hadoop.hive.ql.parse.type.TypeCheckProcFactory$DefaultExprProcessor.getFuncExprNodeDescWithUdfData(TypeCheckProcFactory.java:762)
	at org.apache.hadoop.hive.ql.parse.type.TypeCheckProcFactory$DefaultExprProcessor.createConversionCast(TypeCheckProcFactory.java:783)
	at org.apache.hadoop.hive.ql.parse.SemanticAnalyzer.getPartitionColsFromBucketColsForUpdateDelete(SemanticAnalyzer.java:8725)
	at org.apache.hadoop.hive.ql.parse.SemanticAnalyzer.genBucketingSortingDest(SemanticAnalyzer.java:6914)
	at org.apache.hadoop.hive.ql.parse.SemanticAnalyzer.genFileSinkPlan(SemanticAnalyzer.java:7335)
	at org.apache.hadoop.hive.ql.parse.SemanticAnalyzer.genPostGroupByBodyPlan(SemanticAnalyzer.java:11063)
	at org.apache.hadoop.hive.ql.parse.SemanticAnalyzer.genBodyPlan(SemanticAnalyzer.java:10938)
	at org.apache.hadoop.hive.ql.parse.SemanticAnalyzer.genPlan(SemanticAnalyzer.java:11853)
	at org.apache.hadoop.hive.ql.parse.SemanticAnalyzer.genPlan(SemanticAnalyzer.java:11723)
	at org.apache.hadoop.hive.ql.parse.CalcitePlanner.genOPTree(CalcitePlanner.java:626)
	at org.apache.hadoop.hive.ql.parse.SemanticAnalyzer.analyzeInternal(SemanticAnalyzer.java:12558)
	at org.apache.hadoop.hive.ql.parse.CalcitePlanner.analyzeInternal(CalcitePlanner.java:456)
	at org.apache.hadoop.hive.ql.parse.RewriteSemanticAnalyzer.analyzeInternal(RewriteSemanticAnalyzer.java:67)
	at org.apache.hadoop.hive.ql.parse.BaseSemanticAnalyzer.analyze(BaseSemanticAnalyzer.java:317)
	at org.apache.hadoop.hive.ql.parse.UpdateDeleteSemanticAnalyzer.reparseAndSuperAnalyze(UpdateDeleteSemanticAnalyzer.java:208)
	at org.apache.hadoop.hive.ql.parse.UpdateDeleteSemanticAnalyzer.analyzeUpdate(UpdateDeleteSemanticAnalyzer.java:63)
	at org.apache.hadoop.hive.ql.parse.UpdateDeleteSemanticAnalyzer.analyze(UpdateDeleteSemanticAnalyzer.java:53)
	at org.apache.hadoop.hive.ql.parse.RewriteSemanticAnalyzer.analyzeInternal(RewriteSemanticAnalyzer.java:72)
	at org.apache.hadoop.hive.ql.parse.BaseSemanticAnalyzer.analyze(BaseSemanticAnalyzer.java:317)
	at org.apache.hadoop.hive.ql.Compiler.analyze(Compiler.java:223)
	at org.apache.hadoop.hive.ql.Compiler.compile(Compiler.java:105)
	at org.apache.hadoop.hive.ql.Driver.compile(Driver.java:500)
	at org.apache.hadoop.hive.ql.Driver.compileInternal(Driver.java:453)
	at org.apache.hadoop.hive.ql.Driver.runInternal(Driver.java:181)
	at org.apache.hadoop.hive.ql.Driver.run(Driver.java:153)
	at org.apache.hadoop.hive.ql.Driver.run(Driver.java:140)
	at org.apache.hadoop.hive.ql.TxnCommandsBaseForTests.runStatementOnDriver(TxnCommandsBaseForTests.java:245)
	at org.apache.hadoop.hive.ql.TestTxnNoBuckets.testNonAcidToAcidVectorzied(TestTxnNoBuckets.java:726)
	at sun.reflect.NativeMethodAccessorImpl.invoke0(Native Method)
	at sun.reflect.NativeMethodAccessorImpl.invoke(NativeMethodAccessorImpl.java:62)
	at sun.reflect.DelegatingMethodAccessorImpl.invoke(DelegatingMethodAccessorImpl.java:43)
	at java.lang.reflect.Method.invoke(Method.java:498)
	at org.junit.runners.model.FrameworkMethod$1.runReflectiveCall(FrameworkMethod.java:59)
	at org.junit.internal.runners.model.ReflectiveCallable.run(ReflectiveCallable.java:12)
	at org.junit.runners.model.FrameworkMethod.invokeExplosively(FrameworkMethod.java:56)
	at org.junit.internal.runners.statements.InvokeMethod.evaluate(InvokeMethod.java:17)
	at org.junit.internal.runners.statements.RunBefores.evaluate(RunBefores.java:26)
	at org.junit.internal.runners.statements.RunAfters.evaluate(RunAfters.java:27)
	at org.junit.rules.TestWatcher$1.evaluate(TestWatcher.java:61)
	at org.junit.runners.ParentRunner$3.evaluate(ParentRunner.java:306)
	at org.junit.runners.BlockJUnit4ClassRunner$1.evaluate(BlockJUnit4ClassRunner.java:100)
	at org.junit.runners.ParentRunner.runLeaf(ParentRunner.java:366)
	at org.junit.runners.BlockJUnit4ClassRunner.runChild(BlockJUnit4ClassRunner.java:103)
	at org.junit.runners.BlockJUnit4ClassRunner.runChild(BlockJUnit4ClassRunner.java:63)
	at org.junit.runners.ParentRunner$4.run(ParentRunner.java:331)
	at org.junit.runners.ParentRunner$1.schedule(ParentRunner.java:79)
	at org.junit.runners.ParentRunner.runChildren(ParentRunner.java:329)
	at org.junit.runners.ParentRunner.access$100(ParentRunner.java:66)
	at org.junit.runners.ParentRunner$2.evaluate(ParentRunner.java:293)
	at org.junit.runners.ParentRunner$3.evaluate(ParentRunner.java:306)
	at org.junit.runners.ParentRunner.run(ParentRunner.java:413)
	at org.junit.runner.JUnitCore.run(JUnitCore.java:137)
	at org.junit.runner.JUnitCore.run(JUnitCore.java:115)
	at org.junit.vintage.engine.execution.RunnerExecutor.execute(RunnerExecutor.java:43)
	at java.util.stream.ForEachOps$ForEachOp$OfRef.accept(ForEachOps.java:183)
	at java.util.stream.ReferencePipeline$3$1.accept(ReferencePipeline.java:193)
	at java.util.Iterator.forEachRemaining(Iterator.java:116)
	at java.util.Spliterators$IteratorSpliterator.forEachRemaining(Spliterators.java:1801)
	at java.util.stream.AbstractPipeline.copyInto(AbstractPipeline.java:482)
	at java.util.stream.AbstractPipeline.wrapAndCopyInto(AbstractPipeline.java:472)
	at java.util.stream.ForEachOps$ForEachOp.evaluateSequential(ForEachOps.java:150)
	at java.util.stream.ForEachOps$ForEachOp$OfRef.evaluateSequential(ForEachOps.java:173)
	at java.util.stream.AbstractPipeline.evaluate(AbstractPipeline.java:234)
	at java.util.stream.ReferencePipeline.forEach(ReferencePipeline.java:485)
	at org.junit.vintage.engine.VintageTestEngine.executeAllChildren(VintageTestEngine.java:82)
	at org.junit.vintage.engine.VintageTestEngine.execute(VintageTestEngine.java:73)
	at org.junit.platform.launcher.core.DefaultLauncher.execute(DefaultLauncher.java:248)
	at org.junit.platform.launcher.core.DefaultLauncher.lambda$execute$5(DefaultLauncher.java:211)
	at org.junit.platform.launcher.core.DefaultLauncher.withInterceptedStreams(DefaultLauncher.java:226)
	at org.junit.platform.launcher.core.DefaultLauncher.execute(DefaultLauncher.java:199)
	at org.junit.platform.launcher.core.DefaultLauncher.execute(DefaultLauncher.java:132)
	at org.apache.maven.surefire.junitplatform.JUnitPlatformProvider.invokeAllTests(JUnitPlatformProvider.java:154)
	at org.apache.maven.surefire.junitplatform.JUnitPlatformProvider.invoke(JUnitPlatformProvider.java:123)
	at org.apache.maven.surefire.booter.ForkedBooter.runSuitesInProcess(ForkedBooter.java:377)
	at org.apache.maven.surefire.booter.ForkedBooter.execute(ForkedBooter.java:138)
	at org.apache.maven.surefire.booter.ForkedBooter.run(ForkedBooter.java:465)
	at org.apache.maven.surefire.booter.ForkedBooter.main(ForkedBooter.java:451)

2024-04-23T21:16:50,713  INFO [main] metadata.Hive: Dumping metastore api call timing information for : compilation phase
2024-04-23T21:16:50,713  INFO [main] metadata.Hive: Total time spent in each metastore function (ms): {flushCache_()=0, getTableColumnStatistics_(String, String, List, String)=11, getValidWriteIds_(List, String)=5, getNotNullConstraints_(NotNullConstraintsRequest)=2, openTxn_(String, TxnType)=2, commitTxn_(CommitTxnRequest)=14, getValidTxns_(long)=1, getTable_(GetTableRequest)=37, getCheckConstraints_(CheckConstraintsRequest)=1, isCompatibleWith_(Configuration)=0, getAllTableConstraints_(AllTableConstraintsRequest)=6}
2024-04-23T21:16:50,714  INFO [main] ql.Driver: Completed compiling command(queryId=alex_20240423211650_5a84e42e-a251-47f9-8a9c-05247330ca52); Time taken: 0.161 seconds
2024-04-23T21:16:50,714  INFO [main] lockmgr.DbTxnManager: Stopped heartbeat for query: null
2024-04-23T21:16:50,717  INFO [main] txn.TxnHandler: Removed transactions: ([25]) from MIN_HISTORY_LEVEL
2024-04-23T21:16:50,722  INFO [main] ql.TxnCommandsBaseForTests: Running the query: drop table if exists acidTbl
2024-04-23T21:16:50,723  INFO [main] ql.Driver: Compiling command(queryId=alex_20240423211650_59c10b68-d29e-4f13-8509-ea8e08597e30): drop table if exists acidTbl
2024-04-23T21:16:50,725  INFO [main] txn.TxnHandler: Added entries to MIN_HISTORY_LEVEL for current txns: ([26]) with min_open_txn: 24
2024-04-23T21:16:50,725  INFO [main] lockmgr.DbTxnManager: Opened txnid:26
2024-04-23T21:16:50,726  INFO [main] HiveMetaStore.audit: ugi=alex	ip=unknown-ip-addr	cmd=get_table : tbl=hive.default.acidTbl	
2024-04-23T21:16:50,732  INFO [main] metastore.HMSHandler: Skipping translation for processor with null
2024-04-23T21:16:50,732  INFO [main] ql.Driver: Semantic Analysis Completed (retrial = false)
2024-04-23T21:16:50,732  INFO [main] ql.Driver: Created Hive schema: Schema(fieldSchemas:null, properties:null)
2024-04-23T21:16:50,732  INFO [main] metadata.Hive: Dumping metastore api call timing information for : compilation phase
2024-04-23T21:16:50,732  INFO [main] metadata.Hive: Total time spent in each metastore function (ms): {getTable_(GetTableRequest)=6, getValidTxns_(long)=1, isCompatibleWith_(Configuration)=0, flushCache_()=0, openTxn_(String, TxnType)=2, rollbackTxn_(long)=8}
2024-04-23T21:16:50,733  INFO [main] ql.Driver: Completed compiling command(queryId=alex_20240423211650_59c10b68-d29e-4f13-8509-ea8e08597e30); Time taken: 0.009 seconds
2024-04-23T21:16:50,733  INFO [main] lockmgr.DbTxnManager: Setting lock request transaction to txnid:26 for queryId=alex_20240423211650_59c10b68-d29e-4f13-8509-ea8e08597e30
2024-04-23T21:16:50,733  INFO [main] lockmgr.DbLockManager: Requesting lock for queryId=alex_20240423211650_59c10b68-d29e-4f13-8509-ea8e08597e30
2024-04-23T21:16:50,746  INFO [main] lockmgr.DbLockManager: Response to queryId=alex_20240423211650_59c10b68-d29e-4f13-8509-ea8e08597e30 LockResponse(lockid:15, state:ACQUIRED)
2024-04-23T21:16:50,746  INFO [main] ql.Driver: Operation DROPTABLE obtained 1 locks
2024-04-23T21:16:50,746  INFO [main] ql.Driver: Executing command(queryId=alex_20240423211650_59c10b68-d29e-4f13-8509-ea8e08597e30): drop table if exists acidTbl
2024-04-23T21:16:50,746  INFO [main] ql.Driver: Starting task [Stage-0:DDL] in serial mode
2024-04-23T21:16:50,747  INFO [main] HiveMetaStore.audit: ugi=alex	ip=unknown-ip-addr	cmd=get_table : tbl=hive.default.acidTbl	
2024-04-23T21:16:50,753  INFO [main] metastore.HMSHandler: Skipping translation for processor with null
2024-04-23T21:16:50,753  INFO [main] HiveMetaStore.audit: ugi=alex	ip=unknown-ip-addr	cmd=get_table : tbl=hive.default.acidTbl	
2024-04-23T21:16:50,759  INFO [main] metastore.HMSHandler: Skipping translation for processor with null
2024-04-23T21:16:50,759  INFO [main] HiveMetaStore.audit: ugi=alex	ip=unknown-ip-addr	cmd=drop_table : tbl=hive.default.acidTbl	
2024-04-23T21:16:50,844  INFO [main] metadata.Hive: Dumping metastore api call timing information for : execution phase
2024-04-23T21:16:50,844  INFO [main] metadata.Hive: Total time spent in each metastore function (ms): {isCompatibleWith_(Configuration)=0, dropTable_(String, String, boolean, boolean, boolean)=90, getTable_(GetTableRequest)=7}
2024-04-23T21:16:50,844  INFO [main] ql.Driver: Completed executing command(queryId=alex_20240423211650_59c10b68-d29e-4f13-8509-ea8e08597e30); Time taken: 0.098 seconds
2024-04-23T21:16:50,844  INFO [main] lockmgr.DbTxnManager: Stopped heartbeat for query: alex_20240423211650_59c10b68-d29e-4f13-8509-ea8e08597e30
2024-04-23T21:16:50,848  INFO [main] txn.TxnHandler: Expected to move at least one record from txn_components to completed_txn_components when committing txn! txnid:26
2024-04-23T21:16:50,852  INFO [main] txn.TxnHandler: Removed transactions: ([26]) from MIN_HISTORY_LEVEL
2024-04-23T21:16:50,854  WARN [main] txn.CompactionTxnHandler: No compaction queue record found for Compaction type transaction commit. txnId:26
2024-04-23T21:16:50,854  INFO [main] ql.TxnCommandsBaseForTests: Running the query: drop table if exists acidTblPart
2024-04-23T21:16:50,854  INFO [main] ql.Driver: Compiling command(queryId=alex_20240423211650_1f259dc9-b8e3-4309-bf1b-718178d42d83): drop table if exists acidTblPart
2024-04-23T21:16:50,857  INFO [main] txn.TxnHandler: Added entries to MIN_HISTORY_LEVEL for current txns: ([27]) with min_open_txn: 24
2024-04-23T21:16:50,857  INFO [main] lockmgr.DbTxnManager: Opened txnid:27
2024-04-23T21:16:50,858  INFO [main] HiveMetaStore.audit: ugi=alex	ip=unknown-ip-addr	cmd=get_table : tbl=hive.default.acidTblPart	
2024-04-23T21:16:50,864  INFO [main] metastore.HMSHandler: Skipping translation for processor with null
2024-04-23T21:16:50,864  INFO [main] ql.Driver: Semantic Analysis Completed (retrial = false)
2024-04-23T21:16:50,864  INFO [main] ql.Driver: Created Hive schema: Schema(fieldSchemas:null, properties:null)
2024-04-23T21:16:50,864  INFO [main] metadata.Hive: Dumping metastore api call timing information for : compilation phase
2024-04-23T21:16:50,864  INFO [main] metadata.Hive: Total time spent in each metastore function (ms): {getValidTxns_(long)=1, commitTxn_(CommitTxnRequest)=10, getTable_(GetTableRequest)=6, isCompatibleWith_(Configuration)=0, flushCache_()=0, openTxn_(String, TxnType)=2}
2024-04-23T21:16:50,864  INFO [main] ql.Driver: Completed compiling command(queryId=alex_20240423211650_1f259dc9-b8e3-4309-bf1b-718178d42d83); Time taken: 0.01 seconds
2024-04-23T21:16:50,865  INFO [main] lockmgr.DbTxnManager: Setting lock request transaction to txnid:27 for queryId=alex_20240423211650_1f259dc9-b8e3-4309-bf1b-718178d42d83
2024-04-23T21:16:50,865  INFO [main] lockmgr.DbLockManager: Requesting lock for queryId=alex_20240423211650_1f259dc9-b8e3-4309-bf1b-718178d42d83
2024-04-23T21:16:50,873  INFO [Heartbeater-4] lockmgr.DbTxnManager: Sending heartbeat for txnid:27 and lockid:0 queryId=null txnid:0
2024-04-23T21:16:50,874  INFO [Heartbeater-4] metastore.HiveMetaStoreClient: HMS client filtering is enabled.
2024-04-23T21:16:50,875  INFO [Heartbeater-4] metastore.HMSHandler: 15: Opening raw store with implementation class:org.apache.hadoop.hive.metastore.ObjectStore
2024-04-23T21:16:50,875  INFO [Heartbeater-4] metastore.PersistenceManagerProvider: Configuration datanucleus.autoStartMechanismMode is not set. Defaulting to 'ignored'
2024-04-23T21:16:50,875  INFO [Heartbeater-4] metastore.ObjectStore: RawStore: org.apache.hadoop.hive.metastore.ObjectStore@6feb090a, with PersistenceManager: null will be shutdown
2024-04-23T21:16:50,876  INFO [Heartbeater-4] metastore.ObjectStore: RawStore: org.apache.hadoop.hive.metastore.ObjectStore@6feb090a, with PersistenceManager: org.datanucleus.api.jdo.JDOPersistenceManager@1b09b6fc created in the thread with id: 57
2024-04-23T21:16:50,879  INFO [main] lockmgr.DbLockManager: Response to queryId=alex_20240423211650_1f259dc9-b8e3-4309-bf1b-718178d42d83 LockResponse(lockid:16, state:ACQUIRED)
2024-04-23T21:16:50,879  INFO [main] ql.Driver: Operation DROPTABLE obtained 1 locks
2024-04-23T21:16:50,880  INFO [main] ql.Driver: Executing command(queryId=alex_20240423211650_1f259dc9-b8e3-4309-bf1b-718178d42d83): drop table if exists acidTblPart
2024-04-23T21:16:50,880  INFO [main] ql.Driver: Starting task [Stage-0:DDL] in serial mode
2024-04-23T21:16:50,880  INFO [main] HiveMetaStore.audit: ugi=alex	ip=unknown-ip-addr	cmd=get_table : tbl=hive.default.acidTblPart	
2024-04-23T21:16:50,886  INFO [main] metastore.HMSHandler: Skipping translation for processor with null
2024-04-23T21:16:50,886  INFO [main] HiveMetaStore.audit: ugi=alex	ip=unknown-ip-addr	cmd=get_table : tbl=hive.default.acidTblPart	
2024-04-23T21:16:50,893  INFO [main] metastore.HMSHandler: Skipping translation for processor with null
2024-04-23T21:16:50,893  INFO [main] HiveMetaStore.audit: ugi=alex	ip=unknown-ip-addr	cmd=drop_table : tbl=hive.default.acidTblPart	
2024-04-23T21:16:50,896  INFO [Heartbeater-4] metastore.HMSHandler: Created RawStore: org.apache.hadoop.hive.metastore.ObjectStore@6feb090a from thread id: 57
2024-04-23T21:16:50,896  INFO [Heartbeater-4] metastore.HMSHandler: HMS server filtering is disabled by configuration
2024-04-23T21:16:50,896  INFO [Heartbeater-4] metastore.RetryingMetaStoreClient: RetryingMetaStoreClient proxy=class org.apache.hadoop.hive.ql.metadata.SessionHiveMetaStoreClient ugi=alex (auth:SIMPLE) retries=1 delay=1 lifetime=0
2024-04-23T21:16:50,932  INFO [main] metadata.Hive: Dumping metastore api call timing information for : execution phase
2024-04-23T21:16:50,932  INFO [main] metadata.Hive: Total time spent in each metastore function (ms): {dropTable_(String, String, boolean, boolean, boolean)=46, isCompatibleWith_(Configuration)=0, getTable_(GetTableRequest)=6}
2024-04-23T21:16:50,932  INFO [main] ql.Driver: Completed executing command(queryId=alex_20240423211650_1f259dc9-b8e3-4309-bf1b-718178d42d83); Time taken: 0.052 seconds
2024-04-23T21:16:50,932  INFO [main] lockmgr.DbTxnManager: Stopped heartbeat for query: alex_20240423211650_1f259dc9-b8e3-4309-bf1b-718178d42d83
2024-04-23T21:16:50,936  INFO [main] txn.TxnHandler: Expected to move at least one record from txn_components to completed_txn_components when committing txn! txnid:27
2024-04-23T21:16:50,941  INFO [main] txn.TxnHandler: Removed transactions: ([27]) from MIN_HISTORY_LEVEL
2024-04-23T21:16:50,941  WARN [main] txn.CompactionTxnHandler: No compaction queue record found for Compaction type transaction commit. txnId:27
2024-04-23T21:16:50,941  INFO [main] ql.TxnCommandsBaseForTests: Running the query: drop table if exists acidTbl2
2024-04-23T21:16:50,942  INFO [main] ql.Driver: Compiling command(queryId=alex_20240423211650_9d424c7c-86d1-46e0-8efc-e65969113080): drop table if exists acidTbl2
2024-04-23T21:16:50,944  INFO [main] txn.TxnHandler: Added entries to MIN_HISTORY_LEVEL for current txns: ([28]) with min_open_txn: 24
2024-04-23T21:16:50,944  INFO [main] lockmgr.DbTxnManager: Opened txnid:28
2024-04-23T21:16:50,945  INFO [main] ql.Driver: Semantic Analysis Completed (retrial = false)
2024-04-23T21:16:50,945  INFO [main] ql.Driver: Created Hive schema: Schema(fieldSchemas:null, properties:null)
2024-04-23T21:16:50,945  INFO [main] metadata.Hive: Dumping metastore api call timing information for : compilation phase
2024-04-23T21:16:50,945  INFO [main] metadata.Hive: Total time spent in each metastore function (ms): {commitTxn_(CommitTxnRequest)=9, isCompatibleWith_(Configuration)=0, getValidTxns_(long)=0, openTxn_(String, TxnType)=2, getTable_(GetTableRequest)=1, flushCache_()=0}
2024-04-23T21:16:50,945  INFO [main] ql.Driver: Completed compiling command(queryId=alex_20240423211650_9d424c7c-86d1-46e0-8efc-e65969113080); Time taken: 0.003 seconds
2024-04-23T21:16:50,945  INFO [main] lockmgr.DbTxnManager: Setting lock request transaction to txnid:28 for queryId=alex_20240423211650_9d424c7c-86d1-46e0-8efc-e65969113080
2024-04-23T21:16:50,945  INFO [main] ql.Driver: Operation DROPTABLE obtained 0 locks
2024-04-23T21:16:50,945  INFO [main] ql.Driver: Executing command(queryId=alex_20240423211650_9d424c7c-86d1-46e0-8efc-e65969113080): drop table if exists acidTbl2
2024-04-23T21:16:50,946  INFO [main] ql.Driver: Starting task [Stage-0:DDL] in serial mode
2024-04-23T21:16:50,946  INFO [main] metadata.SessionHiveMetaStoreClient: Column stats doesn't exist for db=default temp table=acidTbl2
2024-04-23T21:16:50,946  INFO [main] metadata.Hive: Dumping metastore api call timing information for : execution phase
2024-04-23T21:16:50,946  INFO [main] metadata.Hive: Total time spent in each metastore function (ms): {isCompatibleWith_(Configuration)=0, dropTable_(String, String, boolean, boolean, boolean)=0, getTable_(GetTableRequest)=0}
2024-04-23T21:16:50,947  INFO [main] ql.Driver: Completed executing command(queryId=alex_20240423211650_9d424c7c-86d1-46e0-8efc-e65969113080); Time taken: 0.001 seconds
2024-04-23T21:16:50,947  INFO [main] lockmgr.DbTxnManager: Stopped heartbeat for query: alex_20240423211650_9d424c7c-86d1-46e0-8efc-e65969113080
2024-04-23T21:16:50,951  INFO [main] txn.TxnHandler: Expected to move at least one record from txn_components to completed_txn_components when committing txn! txnid:28
2024-04-23T21:16:50,956  INFO [main] txn.TxnHandler: Removed transactions: ([28]) from MIN_HISTORY_LEVEL
2024-04-23T21:16:50,956  WARN [main] txn.CompactionTxnHandler: No compaction queue record found for Compaction type transaction commit. txnId:28
2024-04-23T21:16:50,957  INFO [main] ql.TxnCommandsBaseForTests: Running the query: drop table if exists nonAcidOrcTbl
2024-04-23T21:16:50,957  INFO [main] ql.Driver: Compiling command(queryId=alex_20240423211650_c1462e4f-2976-4181-8fca-a88527f65a3a): drop table if exists nonAcidOrcTbl
2024-04-23T21:16:50,959  INFO [main] txn.TxnHandler: Added entries to MIN_HISTORY_LEVEL for current txns: ([29]) with min_open_txn: 24
2024-04-23T21:16:50,959  INFO [main] lockmgr.DbTxnManager: Opened txnid:29
2024-04-23T21:16:50,960  INFO [main] HiveMetaStore.audit: ugi=alex	ip=unknown-ip-addr	cmd=get_table : tbl=hive.default.nonAcidOrcTbl	
2024-04-23T21:16:50,985  INFO [main] metastore.HMSHandler: Skipping translation for processor with null
2024-04-23T21:16:50,986  INFO [main] ql.Driver: Semantic Analysis Completed (retrial = false)
2024-04-23T21:16:50,986  INFO [main] ql.Driver: Created Hive schema: Schema(fieldSchemas:null, properties:null)
2024-04-23T21:16:50,986  INFO [main] metadata.Hive: Dumping metastore api call timing information for : compilation phase
2024-04-23T21:16:50,986  INFO [main] metadata.Hive: Total time spent in each metastore function (ms): {isCompatibleWith_(Configuration)=0, getValidTxns_(long)=1, openTxn_(String, TxnType)=2, getTable_(GetTableRequest)=26, flushCache_()=0, commitTxn_(CommitTxnRequest)=10}
2024-04-23T21:16:50,986  INFO [main] ql.Driver: Completed compiling command(queryId=alex_20240423211650_c1462e4f-2976-4181-8fca-a88527f65a3a); Time taken: 0.029 seconds
2024-04-23T21:16:50,986  INFO [main] lockmgr.DbTxnManager: Setting lock request transaction to txnid:29 for queryId=alex_20240423211650_c1462e4f-2976-4181-8fca-a88527f65a3a
2024-04-23T21:16:50,987  INFO [main] lockmgr.DbLockManager: Requesting lock for queryId=alex_20240423211650_c1462e4f-2976-4181-8fca-a88527f65a3a
2024-04-23T21:16:51,000  INFO [main] lockmgr.DbLockManager: Response to queryId=alex_20240423211650_c1462e4f-2976-4181-8fca-a88527f65a3a LockResponse(lockid:17, state:ACQUIRED)
2024-04-23T21:16:51,000  INFO [main] ql.Driver: Operation DROPTABLE obtained 1 locks
2024-04-23T21:16:51,000  INFO [main] ql.Driver: Executing command(queryId=alex_20240423211650_c1462e4f-2976-4181-8fca-a88527f65a3a): drop table if exists nonAcidOrcTbl
2024-04-23T21:16:51,000  INFO [main] ql.Driver: Starting task [Stage-0:DDL] in serial mode
2024-04-23T21:16:51,000  INFO [main] HiveMetaStore.audit: ugi=alex	ip=unknown-ip-addr	cmd=get_table : tbl=hive.default.nonAcidOrcTbl	
2024-04-23T21:16:51,008  INFO [main] metastore.HMSHandler: Skipping translation for processor with null
2024-04-23T21:16:51,008  INFO [main] HiveMetaStore.audit: ugi=alex	ip=unknown-ip-addr	cmd=get_table : tbl=hive.default.nonAcidOrcTbl	
2024-04-23T21:16:51,016  INFO [main] metastore.HMSHandler: Skipping translation for processor with null
2024-04-23T21:16:51,016  INFO [main] HiveMetaStore.audit: ugi=alex	ip=unknown-ip-addr	cmd=drop_table : tbl=hive.default.nonAcidOrcTbl	
2024-04-23T21:16:51,102  INFO [main] metadata.Hive: Dumping metastore api call timing information for : execution phase
2024-04-23T21:16:51,102  INFO [main] metadata.Hive: Total time spent in each metastore function (ms): {getTable_(GetTableRequest)=8, isCompatibleWith_(Configuration)=0, dropTable_(String, String, boolean, boolean, boolean)=94}
2024-04-23T21:16:51,102  INFO [main] ql.Driver: Completed executing command(queryId=alex_20240423211650_c1462e4f-2976-4181-8fca-a88527f65a3a); Time taken: 0.102 seconds
2024-04-23T21:16:51,102  INFO [main] lockmgr.DbTxnManager: Stopped heartbeat for query: alex_20240423211650_c1462e4f-2976-4181-8fca-a88527f65a3a
2024-04-23T21:16:51,106  INFO [main] txn.TxnHandler: Expected to move at least one record from txn_components to completed_txn_components when committing txn! txnid:29
2024-04-23T21:16:51,111  INFO [main] txn.TxnHandler: Removed transactions: ([29]) from MIN_HISTORY_LEVEL
2024-04-23T21:16:51,111  WARN [main] txn.CompactionTxnHandler: No compaction queue record found for Compaction type transaction commit. txnId:29
2024-04-23T21:16:51,112  INFO [main] ql.TxnCommandsBaseForTests: Running the query: drop table if exists nonAcidOrcTbl2
2024-04-23T21:16:51,112  INFO [main] ql.Driver: Compiling command(queryId=alex_20240423211651_1785603d-6808-4ce6-bde0-123d4ae4cbb8): drop table if exists nonAcidOrcTbl2
2024-04-23T21:16:51,114  INFO [main] txn.TxnHandler: Added entries to MIN_HISTORY_LEVEL for current txns: ([30]) with min_open_txn: 24
2024-04-23T21:16:51,115  INFO [main] lockmgr.DbTxnManager: Opened txnid:30
2024-04-23T21:16:51,115  INFO [main] HiveMetaStore.audit: ugi=alex	ip=unknown-ip-addr	cmd=get_table : tbl=hive.default.nonAcidOrcTbl2	
2024-04-23T21:16:51,123  INFO [main] metastore.HMSHandler: Skipping translation for processor with null
2024-04-23T21:16:51,123  INFO [main] ql.Driver: Semantic Analysis Completed (retrial = false)
2024-04-23T21:16:51,123  INFO [main] ql.Driver: Created Hive schema: Schema(fieldSchemas:null, properties:null)
2024-04-23T21:16:51,123  INFO [main] metadata.Hive: Dumping metastore api call timing information for : compilation phase
2024-04-23T21:16:51,123  INFO [main] metadata.Hive: Total time spent in each metastore function (ms): {isCompatibleWith_(Configuration)=1, getTable_(GetTableRequest)=8, flushCache_()=0, commitTxn_(CommitTxnRequest)=9, getValidTxns_(long)=0, openTxn_(String, TxnType)=2}
2024-04-23T21:16:51,124  INFO [main] ql.Driver: Completed compiling command(queryId=alex_20240423211651_1785603d-6808-4ce6-bde0-123d4ae4cbb8); Time taken: 0.011 seconds
2024-04-23T21:16:51,124  INFO [main] lockmgr.DbTxnManager: Setting lock request transaction to txnid:30 for queryId=alex_20240423211651_1785603d-6808-4ce6-bde0-123d4ae4cbb8
2024-04-23T21:16:51,124  INFO [main] lockmgr.DbLockManager: Requesting lock for queryId=alex_20240423211651_1785603d-6808-4ce6-bde0-123d4ae4cbb8
2024-04-23T21:16:51,138  INFO [main] lockmgr.DbLockManager: Response to queryId=alex_20240423211651_1785603d-6808-4ce6-bde0-123d4ae4cbb8 LockResponse(lockid:18, state:ACQUIRED)
2024-04-23T21:16:51,138  INFO [main] ql.Driver: Operation DROPTABLE obtained 1 locks
2024-04-23T21:16:51,138  INFO [main] ql.Driver: Executing command(queryId=alex_20240423211651_1785603d-6808-4ce6-bde0-123d4ae4cbb8): drop table if exists nonAcidOrcTbl2
2024-04-23T21:16:51,138  INFO [main] ql.Driver: Starting task [Stage-0:DDL] in serial mode
2024-04-23T21:16:51,138  INFO [main] HiveMetaStore.audit: ugi=alex	ip=unknown-ip-addr	cmd=get_table : tbl=hive.default.nonAcidOrcTbl2	
2024-04-23T21:16:51,146  INFO [main] metastore.HMSHandler: Skipping translation for processor with null
2024-04-23T21:16:51,146  INFO [main] HiveMetaStore.audit: ugi=alex	ip=unknown-ip-addr	cmd=get_table : tbl=hive.default.nonAcidOrcTbl2	
2024-04-23T21:16:51,154  INFO [main] metastore.HMSHandler: Skipping translation for processor with null
2024-04-23T21:16:51,154  INFO [main] HiveMetaStore.audit: ugi=alex	ip=unknown-ip-addr	cmd=drop_table : tbl=hive.default.nonAcidOrcTbl2	
2024-04-23T21:16:51,182  INFO [main] metadata.Hive: Dumping metastore api call timing information for : execution phase
2024-04-23T21:16:51,182  INFO [main] metadata.Hive: Total time spent in each metastore function (ms): {isCompatibleWith_(Configuration)=0, dropTable_(String, String, boolean, boolean, boolean)=36, getTable_(GetTableRequest)=8}
2024-04-23T21:16:51,182  INFO [main] ql.Driver: Completed executing command(queryId=alex_20240423211651_1785603d-6808-4ce6-bde0-123d4ae4cbb8); Time taken: 0.044 seconds
2024-04-23T21:16:51,182  INFO [main] lockmgr.DbTxnManager: Stopped heartbeat for query: alex_20240423211651_1785603d-6808-4ce6-bde0-123d4ae4cbb8
2024-04-23T21:16:51,186  INFO [main] txn.TxnHandler: Expected to move at least one record from txn_components to completed_txn_components when committing txn! txnid:30
2024-04-23T21:16:51,191  INFO [main] txn.TxnHandler: Removed transactions: ([30]) from MIN_HISTORY_LEVEL
2024-04-23T21:16:51,191  WARN [main] txn.CompactionTxnHandler: No compaction queue record found for Compaction type transaction commit. txnId:30
2024-04-23T21:16:51,192  INFO [main] ql.TxnCommandsBaseForTests: Running the query: drop table if exists nonAcidNonBucket
2024-04-23T21:16:51,192  INFO [main] ql.Driver: Compiling command(queryId=alex_20240423211651_31f1ecb8-d911-4fab-ad8f-0b5a68694268): drop table if exists nonAcidNonBucket
2024-04-23T21:16:51,194  INFO [main] txn.TxnHandler: Added entries to MIN_HISTORY_LEVEL for current txns: ([31]) with min_open_txn: 24
2024-04-23T21:16:51,194  INFO [main] lockmgr.DbTxnManager: Opened txnid:31
2024-04-23T21:16:51,195  INFO [main] HiveMetaStore.audit: ugi=alex	ip=unknown-ip-addr	cmd=get_table : tbl=hive.default.nonAcidNonBucket	
2024-04-23T21:16:51,203  INFO [main] metastore.HMSHandler: Skipping translation for processor with null
2024-04-23T21:16:51,203  INFO [main] ql.Driver: Semantic Analysis Completed (retrial = false)
2024-04-23T21:16:51,203  INFO [main] ql.Driver: Created Hive schema: Schema(fieldSchemas:null, properties:null)
2024-04-23T21:16:51,203  INFO [main] metadata.Hive: Dumping metastore api call timing information for : compilation phase
2024-04-23T21:16:51,203  INFO [main] metadata.Hive: Total time spent in each metastore function (ms): {openTxn_(String, TxnType)=2, flushCache_()=0, commitTxn_(CommitTxnRequest)=9, isCompatibleWith_(Configuration)=1, getValidTxns_(long)=0, getTable_(GetTableRequest)=8}
2024-04-23T21:16:51,203  INFO [main] ql.Driver: Completed compiling command(queryId=alex_20240423211651_31f1ecb8-d911-4fab-ad8f-0b5a68694268); Time taken: 0.011 seconds
2024-04-23T21:16:51,204  INFO [main] lockmgr.DbTxnManager: Setting lock request transaction to txnid:31 for queryId=alex_20240423211651_31f1ecb8-d911-4fab-ad8f-0b5a68694268
2024-04-23T21:16:51,204  INFO [main] lockmgr.DbLockManager: Requesting lock for queryId=alex_20240423211651_31f1ecb8-d911-4fab-ad8f-0b5a68694268
2024-04-23T21:16:51,217  INFO [main] lockmgr.DbLockManager: Response to queryId=alex_20240423211651_31f1ecb8-d911-4fab-ad8f-0b5a68694268 LockResponse(lockid:19, state:ACQUIRED)
2024-04-23T21:16:51,217  INFO [main] ql.Driver: Operation DROPTABLE obtained 1 locks
2024-04-23T21:16:51,217  INFO [main] ql.Driver: Executing command(queryId=alex_20240423211651_31f1ecb8-d911-4fab-ad8f-0b5a68694268): drop table if exists nonAcidNonBucket
2024-04-23T21:16:51,217  INFO [main] ql.Driver: Starting task [Stage-0:DDL] in serial mode
2024-04-23T21:16:51,217  INFO [main] HiveMetaStore.audit: ugi=alex	ip=unknown-ip-addr	cmd=get_table : tbl=hive.default.nonAcidNonBucket	
2024-04-23T21:16:51,225  INFO [main] metastore.HMSHandler: Skipping translation for processor with null
2024-04-23T21:16:51,225  INFO [main] HiveMetaStore.audit: ugi=alex	ip=unknown-ip-addr	cmd=get_table : tbl=hive.default.nonAcidNonBucket	
2024-04-23T21:16:51,233  INFO [main] metastore.HMSHandler: Skipping translation for processor with null
2024-04-23T21:16:51,233  INFO [main] HiveMetaStore.audit: ugi=alex	ip=unknown-ip-addr	cmd=drop_table : tbl=hive.default.nonAcidNonBucket	
2024-04-23T21:16:51,260  INFO [main] metadata.Hive: Dumping metastore api call timing information for : execution phase
2024-04-23T21:16:51,260  INFO [main] metadata.Hive: Total time spent in each metastore function (ms): {getTable_(GetTableRequest)=8, dropTable_(String, String, boolean, boolean, boolean)=35, isCompatibleWith_(Configuration)=0}
2024-04-23T21:16:51,261  INFO [main] ql.Driver: Completed executing command(queryId=alex_20240423211651_31f1ecb8-d911-4fab-ad8f-0b5a68694268); Time taken: 0.043 seconds
2024-04-23T21:16:51,261  INFO [main] lockmgr.DbTxnManager: Stopped heartbeat for query: alex_20240423211651_31f1ecb8-d911-4fab-ad8f-0b5a68694268
2024-04-23T21:16:51,264  INFO [main] txn.TxnHandler: Expected to move at least one record from txn_components to completed_txn_components when committing txn! txnid:31
2024-04-23T21:16:51,270  INFO [main] txn.TxnHandler: Removed transactions: ([31]) from MIN_HISTORY_LEVEL
2024-04-23T21:16:51,270  WARN [main] txn.CompactionTxnHandler: No compaction queue record found for Compaction type transaction commit. txnId:31
2024-04-23T21:16:51,270  INFO [main] utils.TestTxnDbUtil: Cleaning transactional tables
]]></system-err>
  </testcase>
  <testcase name="testInsertOverwriteToAcidWithUnionRemove" classname="org.apache.hadoop.hive.ql.TestTxnNoBuckets" time="1.742"/>
  <testcase name="testCtasBucketed" classname="org.apache.hadoop.hive.ql.TestTxnNoBuckets" time="2.694"/>
</testsuite>