<?xml version="1.0" encoding="UTF-8"?>
<testsuite xmlns:xsi="http://www.w3.org/2001/XMLSchema-instance" xsi:noNamespaceSchemaLocation="https://maven.apache.org/surefire/maven-surefire-plugin/xsd/surefire-test-report-3.0.xsd" version="3.0" name="org.apache.hadoop.hive.ql.lockmgr.TestDbTxnManagerIsolationProperties" time="36.276" tests="5" errors="1" skipped="0" failures="0">
  <properties>
    <property name="build.test.dir" value="/home/alex/Repositories/hive/ql/target/tmp"/>
    <property name="awt.toolkit" value="sun.awt.X11.XToolkit"/>
    <property name="test.tmp.dir.uri" value="file:///home/alex/Repositories/hive/ql/target/tmp"/>
    <property name="java.specification.version" value="1.8"/>
    <property name="qfile" value=""/>
    <property name="test.warehouse.dir" value="pfile:///home/alex/Repositories/hive/ql/target/warehouse"/>
    <property name="sun.cpu.isalist" value=""/>
    <property name="sun.jnu.encoding" value="UTF-8"/>
    <property name="run_disabled" value=""/>
    <property name="nondexPrintstack" value="false"/>
    <property name="sun.arch.data.model" value="64"/>
    <property name="java.vendor.url" value="http://java.oracle.com/"/>
    <property name="user.country.format" value="PT"/>
    <property name="test.tmp.dir" value="/home/alex/Repositories/hive/ql/target/tmp"/>
    <property name="sun.boot.library.path" value="/usr/lib/jvm/java-8-openjdk-amd64/jre/lib/amd64"/>
    <property name="sun.java.command" value="/home/alex/Repositories/hive/ql/target/surefire/surefirebooter601961164182293857.jar /home/alex/Repositories/hive/ql/target/surefire 2024-04-23T21-59-46_173-jvmRun1 surefire4048619402850256625tmp surefire_16418682735746913532488tmp"/>
    <property name="nondexExecid" value="P8gC2Wt6DD1QwiZ4NJDRegC4uh59IgmR4jnrq+hRsc="/>
    <property name="java.specification.vendor" value="Oracle Corporation"/>
    <property name="java.home" value="/usr/lib/jvm/java-8-openjdk-amd64/jre"/>
    <property name="file.separator" value="/"/>
    <property name="basedir" value="/home/alex/Repositories/hive/ql"/>
    <property name="nondexEnd" value="9223372036854775807"/>
    <property name="line.separator" value="&#10;"/>
    <property name="java.specification.name" value="Java Platform API Specification"/>
    <property name="derby.stream.error.file" value="/home/alex/Repositories/hive/ql/target/tmp/derby.log"/>
    <property name="java.vm.specification.vendor" value="Oracle Corporation"/>
    <property name="sun.boot.class.path" value="/home/alex/Repositories/hive/ql/.nondex/nondex-instr.jar:/home/alex/.m2/repository/edu/illinois/nondex-common/2.1.7/nondex-common-2.1.7.jar:/home/alex/.m2/repository/edu/illinois/nondex-annotations/2.1.7/nondex-annotations-2.1.7.jar:/usr/lib/jvm/java-8-openjdk-amd64/jre/lib/resources.jar:/usr/lib/jvm/java-8-openjdk-amd64/jre/lib/rt.jar:/usr/lib/jvm/java-8-openjdk-amd64/jre/lib/sunrsasign.jar:/usr/lib/jvm/java-8-openjdk-amd64/jre/lib/jsse.jar:/usr/lib/jvm/java-8-openjdk-amd64/jre/lib/jce.jar:/usr/lib/jvm/java-8-openjdk-amd64/jre/lib/charsets.jar:/usr/lib/jvm/java-8-openjdk-amd64/jre/lib/jfr.jar:/usr/lib/jvm/java-8-openjdk-amd64/jre/classes"/>
    <property name="log4j.debug" value="true"/>
    <property name="sun.management.compiler" value="HotSpot 64-Bit Tiered Compilers"/>
    <property name="spark.home" value=""/>
    <property name="java.runtime.version" value="1.8.0_402-8u402-ga-2ubuntu1~22.04-b06"/>
    <property name="user.name" value="alex"/>
    <property name="test.src.tables" value=""/>
    <property name="file.encoding" value="UTF-8"/>
    <property name="qfile_regex" value=""/>
    <property name="hadoop.bin.path" value="/home/alex/Repositories/hive/ql/../testutils/hadoop"/>
    <property name="localRepository" value="/home/alex/.m2/repository"/>
    <property name="nondexDir" value="/home/alex/Repositories/hive/ql/.nondex"/>
    <property name="build.dir" value="/home/alex/Repositories/hive/ql/target"/>
    <property name="nondexJarDir" value="/home/alex/Repositories/hive/ql/.nondex"/>
    <property name="mapred.job.tracker" value="local"/>
    <property name="java.io.tmpdir" value="/home/alex/Repositories/hive/ql/target/tmp"/>
    <property name="com.zaxxer.hikari.pool_number" value="9"/>
    <property name="java.version" value="1.8.0_402"/>
    <property name="hive.version" value="4.0.0-SNAPSHOT"/>
    <property name="java.vm.specification.name" value="Java Virtual Machine Specification"/>
    <property name="java.awt.printerjob" value="sun.print.PSPrinterJob"/>
    <property name="sun.os.patch.level" value="unknown"/>
    <property name="test.data.dir" value="/home/alex/Repositories/hive/ql/../data/files"/>
    <property name="java.library.path" value="/usr/java/packages/lib/amd64:/usr/lib/x86_64-linux-gnu/jni:/lib/x86_64-linux-gnu:/usr/lib/x86_64-linux-gnu:/usr/lib/jni:/lib:/usr/lib"/>
    <property name="java.vendor" value="Private Build"/>
    <property name="java.specification.maintenance.version" value="5"/>
    <property name="sun.io.unicode.encoding" value="UnicodeLittle"/>
    <property name="initScript" value=""/>
    <property name="sun.desktop" value="gnome"/>
    <property name="calcite.enable.rexnode.digest.normalize" value="false"/>
    <property name="file.encoding.pkg" value="sun.io"/>
    <property name="nondexStart" value="0"/>
    <property name="log4j.configurationFile" value="file:///home/alex/Repositories/hive/ql/target/testconf/hive-log4j2.properties"/>
    <property name="java.class.path" value="/home/alex/Repositories/hive/ql/target/test-classes:/home/alex/Repositories/hive/ql/target/classes:/home/alex/.m2/repository/org/apache/atlas/atlas-client-v2/2.1.0/atlas-client-v2-2.1.0.jar:/home/alex/.m2/repository/cglib/cglib/2.2.2/cglib-2.2.2.jar:/home/alex/.m2/repository/asm/asm/3.3.1/asm-3.3.1.jar:/home/alex/.m2/repository/org/apache/atlas/atlas-client-common/2.1.0/atlas-client-common-2.1.0.jar:/home/alex/.m2/repository/org/apache/httpcomponents/httpclient/4.5.13/httpclient-4.5.13.jar:/home/alex/.m2/repository/com/sun/jersey/jersey-client/1.19/jersey-client-1.19.jar:/home/alex/.m2/repository/org/apache/atlas/atlas-intg/2.1.0/atlas-intg-2.1.0.jar:/home/alex/.m2/repository/commons-collections/commons-collections/3.2.2/commons-collections-3.2.2.jar:/home/alex/.m2/repository/commons-validator/commons-validator/1.6/commons-validator-1.6.jar:/home/alex/.m2/repository/commons-digester/commons-digester/1.8.1/commons-digester-1.8.1.jar:/home/alex/.m2/repository/com/fasterxml/jackson/jaxrs/jackson-jaxrs-base/2.12.0/jackson-jaxrs-base-2.12.0.jar:/home/alex/.m2/repository/com/fasterxml/jackson/jaxrs/jackson-jaxrs-json-provider/2.12.0/jackson-jaxrs-json-provider-2.12.0.jar:/home/alex/.m2/repository/javax/inject/javax.inject/1/javax.inject-1.jar:/home/alex/.m2/repository/org/springframework/spring-context/4.3.20.RELEASE/spring-context-4.3.20.RELEASE.jar:/home/alex/.m2/repository/org/springframework/spring-aop/4.3.20.RELEASE/spring-aop-4.3.20.RELEASE.jar:/home/alex/.m2/repository/org/springframework/spring-beans/4.3.20.RELEASE/spring-beans-4.3.20.RELEASE.jar:/home/alex/.m2/repository/org/springframework/spring-core/4.3.20.RELEASE/spring-core-4.3.20.RELEASE.jar:/home/alex/.m2/repository/org/springframework/spring-expression/4.3.20.RELEASE/spring-expression-4.3.20.RELEASE.jar:/home/alex/.m2/repository/commons-configuration/commons-configuration/1.10/commons-configuration-1.10.jar:/home/alex/.m2/repository/commons-lang/commons-lang/2.6/commons-lang-2.6.jar:/home/alex/.m2/repository/commons-logging/commons-logging/1.1.1/commons-logging-1.1.1.jar:/home/alex/.m2/repository/org/apache/commons/commons-math3/3.6.1/commons-math3-3.6.1.jar:/home/alex/Repositories/hive/vector-code-gen/target/classes:/home/alex/.m2/repository/org/apache/velocity/velocity/1.5/velocity-1.5.jar:/home/alex/Repositories/hive/common/target/classes:/home/alex/Repositories/hive/classification/target/classes:/home/alex/Repositories/hive/standalone-metastore/metastore-common/target/classes:/home/alex/.m2/repository/commons-cli/commons-cli/1.4/commons-cli-1.4.jar:/home/alex/.m2/repository/org/apache/orc/orc-core/1.6.9/orc-core-1.6.9.jar:/home/alex/.m2/repository/org/apache/orc/orc-shims/1.6.9/orc-shims-1.6.9.jar:/home/alex/.m2/repository/io/airlift/aircompressor/0.19/aircompressor-0.19.jar:/home/alex/.m2/repository/org/jetbrains/annotations/17.0.0/annotations-17.0.0.jar:/home/alex/.m2/repository/org/threeten/threeten-extra/1.5.0/threeten-extra-1.5.0.jar:/home/alex/.m2/repository/jline/jline/2.14.6/jline-2.14.6.jar:/home/alex/.m2/repository/javax/servlet/javax.servlet-api/3.1.0/javax.servlet-api-3.1.0.jar:/home/alex/.m2/repository/org/eclipse/jetty/jetty-http/9.3.27.v20190418/jetty-http-9.3.27.v20190418.jar:/home/alex/.m2/repository/org/eclipse/jetty/jetty-rewrite/9.3.27.v20190418/jetty-rewrite-9.3.27.v20190418.jar:/home/alex/.m2/repository/org/eclipse/jetty/jetty-client/9.3.27.v20190418/jetty-client-9.3.27.v20190418.jar:/home/alex/.m2/repository/org/eclipse/jetty/jetty-server/9.3.27.v20190418/jetty-server-9.3.27.v20190418.jar:/home/alex/.m2/repository/org/eclipse/jetty/jetty-io/9.3.27.v20190418/jetty-io-9.3.27.v20190418.jar:/home/alex/.m2/repository/org/eclipse/jetty/jetty-servlet/9.3.27.v20190418/jetty-servlet-9.3.27.v20190418.jar:/home/alex/.m2/repository/org/eclipse/jetty/jetty-security/9.3.27.v20190418/jetty-security-9.3.27.v20190418.jar:/home/alex/.m2/repository/org/eclipse/jetty/jetty-webapp/9.3.27.v20190418/jetty-webapp-9.3.27.v20190418.jar:/home/alex/.m2/repository/org/eclipse/jetty/jetty-xml/9.3.27.v20190418/jetty-xml-9.3.27.v20190418.jar:/home/alex/.m2/repository/joda-time/joda-time/2.9.9/joda-time-2.9.9.jar:/home/alex/.m2/repository/org/apache/logging/log4j/log4j-web/2.13.2/log4j-web-2.13.2.jar:/home/alex/.m2/repository/net/sf/jpam/jpam/1.1/jpam-1.1.jar:/home/alex/.m2/repository/io/dropwizard/metrics/metrics-core/3.1.0/metrics-core-3.1.0.jar:/home/alex/.m2/repository/io/dropwizard/metrics/metrics-jvm/3.1.0/metrics-jvm-3.1.0.jar:/home/alex/.m2/repository/io/dropwizard/metrics/metrics-json/3.1.0/metrics-json-3.1.0.jar:/home/alex/.m2/repository/com/github/joshelser/dropwizard-metrics-hadoop-metrics2-reporter/0.1.2/dropwizard-metrics-hadoop-metrics2-reporter-0.1.2.jar:/home/alex/Repositories/hive/metastore/target/classes:/home/alex/.m2/repository/org/apache/derby/derby/10.14.1.0/derby-10.14.1.0.jar:/home/alex/Repositories/hive/serde/target/classes:/home/alex/.m2/repository/com/google/code/findbugs/jsr305/3.0.0/jsr305-3.0.0.jar:/home/alex/.m2/repository/org/apache/arrow/arrow-vector/0.15.1/arrow-vector-0.15.1.jar:/home/alex/.m2/repository/org/apache/arrow/arrow-format/0.15.1/arrow-format-0.15.1.jar:/home/alex/.m2/repository/org/apache/arrow/arrow-memory/0.15.1/arrow-memory-0.15.1.jar:/home/alex/.m2/repository/com/google/flatbuffers/flatbuffers-java/1.9.0/flatbuffers-java-1.9.0.jar:/home/alex/.m2/repository/com/carrotsearch/hppc/0.7.2/hppc-0.7.2.jar:/home/alex/.m2/repository/com/github/davidmoten/flatbuffers-java/1.6.0.1/flatbuffers-java-1.6.0.1.jar:/home/alex/Repositories/hive/parser/target/classes:/home/alex/Repositories/hive/udf/target/classes:/home/alex/Repositories/hive/service-rpc/target/classes:/home/alex/Repositories/hive/llap-client/target/classes:/home/alex/Repositories/hive/llap-common/target/classes:/home/alex/.m2/repository/io/jsonwebtoken/jjwt-api/0.10.5/jjwt-api-0.10.5.jar:/home/alex/.m2/repository/io/jsonwebtoken/jjwt-impl/0.10.5/jjwt-impl-0.10.5.jar:/home/alex/.m2/repository/io/jsonwebtoken/jjwt-jackson/0.10.5/jjwt-jackson-0.10.5.jar:/home/alex/Repositories/hive/llap-tez/target/classes:/home/alex/Repositories/hive/shims/aggregator/target/classes:/home/alex/Repositories/hive/shims/common/target/classes:/home/alex/Repositories/hive/shims/0.23/target/classes:/home/alex/.m2/repository/org/apache/hadoop/hadoop-yarn-server-resourcemanager/3.1.0/hadoop-yarn-server-resourcemanager-3.1.0.jar:/home/alex/.m2/repository/org/apache/hadoop/hadoop-yarn-server-applicationhistoryservice/3.1.0/hadoop-yarn-server-applicationhistoryservice-3.1.0.jar:/home/alex/.m2/repository/de/ruedigermoeller/fst/2.50/fst-2.50.jar:/home/alex/.m2/repository/com/cedarsoftware/java-util/1.9.0/java-util-1.9.0.jar:/home/alex/.m2/repository/com/cedarsoftware/json-io/2.5.1/json-io-2.5.1.jar:/home/alex/Repositories/hive/shims/scheduler/target/classes:/home/alex/Repositories/hive/spark-client/target/classes:/home/alex/.m2/repository/io/netty/netty-all/4.1.65.Final/netty-all-4.1.65.Final.jar:/home/alex/.m2/repository/com/fasterxml/jackson/module/jackson-module-scala_2.12/2.12.0/jackson-module-scala_2.12-2.12.0.jar:/home/alex/.m2/repository/org/apache/spark/spark-yarn_2.12/2.4.5/spark-yarn_2.12-2.4.5.jar:/home/alex/Repositories/hive/storage-api/target/classes:/home/alex/.m2/repository/com/amazonaws/aws-java-sdk-bundle/1.11.901/aws-java-sdk-bundle-1.11.901.jar:/home/alex/.m2/repository/com/amazonaws/secretsmanager/aws-secretsmanager-caching-java/1.0.1/aws-secretsmanager-caching-java-1.0.1.jar:/home/alex/.m2/repository/com/esotericsoftware/kryo/5.0.3/kryo-5.0.3.jar:/home/alex/.m2/repository/org/objenesis/objenesis/3.1/objenesis-3.1.jar:/home/alex/.m2/repository/com/esotericsoftware/minlog/1.3.1/minlog-1.3.1.jar:/home/alex/.m2/repository/com/esotericsoftware/reflectasm/1.11.9/reflectasm-1.11.9.jar:/home/alex/.m2/repository/com/google/protobuf/protobuf-java/2.5.0/protobuf-java-2.5.0.jar:/home/alex/.m2/repository/org/apache/hbase/hbase-common/2.0.0-alpha4/hbase-common-2.0.0-alpha4.jar:/home/alex/.m2/repository/org/apache/hbase/thirdparty/hbase-shaded-miscellaneous/1.0.1/hbase-shaded-miscellaneous-1.0.1.jar:/home/alex/.m2/repository/org/apache/htrace/htrace-core/3.2.0-incubating/htrace-core-3.2.0-incubating.jar:/home/alex/.m2/repository/org/apache/commons/commons-crypto/1.0.0/commons-crypto-1.0.0.jar:/home/alex/.m2/repository/com/github/stephenc/findbugs/findbugs-annotations/1.3.9-1/findbugs-annotations-1.3.9-1.jar:/home/alex/.m2/repository/log4j/log4j/1.2.17/log4j-1.2.17.jar:/home/alex/.m2/repository/org/apache/yetus/audience-annotations/0.5.0/audience-annotations-0.5.0.jar:/home/alex/.m2/repository/org/apache/parquet/parquet-hadoop-bundle/1.11.1/parquet-hadoop-bundle-1.11.1.jar:/home/alex/.m2/repository/commons-codec/commons-codec/1.15/commons-codec-1.15.jar:/home/alex/.m2/repository/commons-io/commons-io/2.6/commons-io-2.6.jar:/home/alex/.m2/repository/org/apache/commons/commons-collections4/4.1/commons-collections4-4.1.jar:/home/alex/.m2/repository/org/apache/commons/commons-lang3/3.9/commons-lang3-3.9.jar:/home/alex/.m2/repository/org/apache/commons/commons-text/1.8/commons-text-1.8.jar:/home/alex/.m2/repository/javolution/javolution/5.5.1/javolution-5.5.1.jar:/home/alex/.m2/repository/org/apache/logging/log4j/log4j-1.2-api/2.13.2/log4j-1.2-api-2.13.2.jar:/home/alex/.m2/repository/org/apache/logging/log4j/log4j-api/2.13.2/log4j-api-2.13.2.jar:/home/alex/.m2/repository/org/apache/logging/log4j/log4j-core/2.13.2/log4j-core-2.13.2.jar:/home/alex/.m2/repository/org/apache/logging/log4j/log4j-slf4j-impl/2.13.2/log4j-slf4j-impl-2.13.2.jar:/home/alex/.m2/repository/org/antlr/antlr-runtime/3.5.2/antlr-runtime-3.5.2.jar:/home/alex/.m2/repository/org/antlr/ST4/4.0.4/ST4-4.0.4.jar:/home/alex/.m2/repository/org/apache/avro/avro/1.8.2/avro-1.8.2.jar:/home/alex/.m2/repository/org/codehaus/jackson/jackson-core-asl/1.9.13/jackson-core-asl-1.9.13.jar:/home/alex/.m2/repository/org/codehaus/jackson/jackson-mapper-asl/1.9.13/jackson-mapper-asl-1.9.13.jar:/home/alex/.m2/repository/com/thoughtworks/paranamer/paranamer/2.8/paranamer-2.8.jar:/home/alex/.m2/repository/org/xerial/snappy/snappy-java/1.1.4/snappy-java-1.1.4.jar:/home/alex/.m2/repository/org/tukaani/xz/1.5/xz-1.5.jar:/home/alex/.m2/repository/org/apache/avro/avro-mapred/1.8.2/avro-mapred-1.8.2-hadoop2.jar:/home/alex/.m2/repository/org/apache/avro/avro-ipc/1.8.2/avro-ipc-1.8.2.jar:/home/alex/.m2/repository/org/mortbay/jetty/jetty/6.1.26/jetty-6.1.26.jar:/home/alex/.m2/repository/org/apache/ant/ant/1.9.1/ant-1.9.1.jar:/home/alex/.m2/repository/org/apache/ant/ant-launcher/1.9.1/ant-launcher-1.9.1.jar:/home/alex/.m2/repository/org/apache/commons/commons-compress/1.21/commons-compress-1.21.jar:/home/alex/.m2/repository/org/apache/thrift/libfb303/0.9.3/libfb303-0.9.3.jar:/home/alex/.m2/repository/org/apache/hadoop/hadoop-common/3.1.0/hadoop-common-3.1.0.jar:/home/alex/.m2/repository/org/apache/hadoop/hadoop-annotations/3.1.0/hadoop-annotations-3.1.0.jar:/home/alex/.m2/repository/commons-net/commons-net/3.6/commons-net-3.6.jar:/home/alex/.m2/repository/org/eclipse/jetty/jetty-util/9.3.27.v20190418/jetty-util-9.3.27.v20190418.jar:/home/alex/.m2/repository/javax/servlet/jsp/jsp-api/2.1/jsp-api-2.1.jar:/home/alex/.m2/repository/com/sun/jersey/jersey-core/1.19/jersey-core-1.19.jar:/home/alex/.m2/repository/javax/ws/rs/jsr311-api/1.1.1/jsr311-api-1.1.1.jar:/home/alex/.m2/repository/com/sun/jersey/jersey-json/1.19/jersey-json-1.19.jar:/home/alex/.m2/repository/com/sun/xml/bind/jaxb-impl/2.2.3-1/jaxb-impl-2.2.3-1.jar:/home/alex/.m2/repository/org/codehaus/jackson/jackson-jaxrs/1.9.2/jackson-jaxrs-1.9.2.jar:/home/alex/.m2/repository/org/codehaus/jackson/jackson-xc/1.9.2/jackson-xc-1.9.2.jar:/home/alex/.m2/repository/com/sun/jersey/jersey-server/1.19/jersey-server-1.19.jar:/home/alex/.m2/repository/org/apache/commons/commons-configuration2/2.1.1/commons-configuration2-2.1.1.jar:/home/alex/.m2/repository/org/apache/hadoop/hadoop-auth/3.1.0/hadoop-auth-3.1.0.jar:/home/alex/.m2/repository/com/nimbusds/nimbus-jose-jwt/4.41.1/nimbus-jose-jwt-4.41.1.jar:/home/alex/.m2/repository/com/github/stephenc/jcip/jcip-annotations/1.0-1/jcip-annotations-1.0-1.jar:/home/alex/.m2/repository/com/jcraft/jsch/0.1.54/jsch-0.1.54.jar:/home/alex/.m2/repository/org/apache/htrace/htrace-core4/4.1.0-incubating/htrace-core4-4.1.0-incubating.jar:/home/alex/.m2/repository/org/apache/kerby/kerb-simplekdc/1.0.1/kerb-simplekdc-1.0.1.jar:/home/alex/.m2/repository/org/apache/kerby/kerb-client/1.0.1/kerb-client-1.0.1.jar:/home/alex/.m2/repository/org/apache/kerby/kerby-config/1.0.1/kerby-config-1.0.1.jar:/home/alex/.m2/repository/org/apache/kerby/kerb-core/1.0.1/kerb-core-1.0.1.jar:/home/alex/.m2/repository/org/apache/kerby/kerby-pkix/1.0.1/kerby-pkix-1.0.1.jar:/home/alex/.m2/repository/org/apache/kerby/kerby-asn1/1.0.1/kerby-asn1-1.0.1.jar:/home/alex/.m2/repository/org/apache/kerby/kerby-util/1.0.1/kerby-util-1.0.1.jar:/home/alex/.m2/repository/org/apache/kerby/kerb-common/1.0.1/kerb-common-1.0.1.jar:/home/alex/.m2/repository/org/apache/kerby/kerb-crypto/1.0.1/kerb-crypto-1.0.1.jar:/home/alex/.m2/repository/org/apache/kerby/kerb-util/1.0.1/kerb-util-1.0.1.jar:/home/alex/.m2/repository/org/apache/kerby/token-provider/1.0.1/token-provider-1.0.1.jar:/home/alex/.m2/repository/org/apache/kerby/kerb-admin/1.0.1/kerb-admin-1.0.1.jar:/home/alex/.m2/repository/org/apache/kerby/kerb-server/1.0.1/kerb-server-1.0.1.jar:/home/alex/.m2/repository/org/apache/kerby/kerb-identity/1.0.1/kerb-identity-1.0.1.jar:/home/alex/.m2/repository/org/apache/kerby/kerby-xdr/1.0.1/kerby-xdr-1.0.1.jar:/home/alex/.m2/repository/org/codehaus/woodstox/stax2-api/3.1.4/stax2-api-3.1.4.jar:/home/alex/.m2/repository/com/fasterxml/woodstox/woodstox-core/5.0.3/woodstox-core-5.0.3.jar:/home/alex/.m2/repository/org/apache/hadoop/hadoop-archives/3.1.0/hadoop-archives-3.1.0.jar:/home/alex/.m2/repository/org/apache/hadoop/hadoop-yarn-registry/3.1.0/hadoop-yarn-registry-3.1.0.jar:/home/alex/.m2/repository/org/apache/curator/curator-client/4.2.0/curator-client-4.2.0.jar:/home/alex/.m2/repository/org/apache/curator/curator-recipes/4.2.0/curator-recipes-4.2.0.jar:/home/alex/.m2/repository/commons-daemon/commons-daemon/1.0.13/commons-daemon-1.0.13.jar:/home/alex/.m2/repository/dnsjava/dnsjava/2.1.7/dnsjava-2.1.7.jar:/home/alex/.m2/repository/org/apache/hadoop/hadoop-mapreduce-client-core/3.1.0/hadoop-mapreduce-client-core-3.1.0.jar:/home/alex/.m2/repository/org/apache/hadoop/hadoop-hdfs-client/3.1.0/hadoop-hdfs-client-3.1.0.jar:/home/alex/.m2/repository/com/squareup/okhttp/okhttp/2.7.5/okhttp-2.7.5.jar:/home/alex/.m2/repository/com/squareup/okio/okio/1.6.0/okio-1.6.0.jar:/home/alex/.m2/repository/com/google/inject/extensions/guice-servlet/4.0/guice-servlet-4.0.jar:/home/alex/.m2/repository/org/apache/hadoop/hadoop-mapreduce-client-common/3.1.0/hadoop-mapreduce-client-common-3.1.0.jar:/home/alex/.m2/repository/org/apache/hadoop/hadoop-hdfs/3.1.0/hadoop-hdfs-3.1.0.jar:/home/alex/.m2/repository/org/eclipse/jetty/jetty-util-ajax/9.3.19.v20170502/jetty-util-ajax-9.3.19.v20170502.jar:/home/alex/.m2/repository/org/fusesource/leveldbjni/leveldbjni-all/1.8/leveldbjni-all-1.8.jar:/home/alex/.m2/repository/org/apache/hadoop/hadoop-yarn-api/3.1.0/hadoop-yarn-api-3.1.0.jar:/home/alex/.m2/repository/javax/xml/bind/jaxb-api/2.2.11/jaxb-api-2.2.11.jar:/home/alex/.m2/repository/org/apache/hadoop/hadoop-yarn-common/3.1.0/hadoop-yarn-common-3.1.0.jar:/home/alex/.m2/repository/com/google/inject/guice/4.0/guice-4.0.jar:/home/alex/.m2/repository/aopalliance/aopalliance/1.0/aopalliance-1.0.jar:/home/alex/.m2/repository/com/sun/jersey/contribs/jersey-guice/1.19/jersey-guice-1.19.jar:/home/alex/.m2/repository/com/fasterxml/jackson/module/jackson-module-jaxb-annotations/2.12.0/jackson-module-jaxb-annotations-2.12.0.jar:/home/alex/.m2/repository/jakarta/xml/bind/jakarta.xml.bind-api/2.3.2/jakarta.xml.bind-api-2.3.2.jar:/home/alex/.m2/repository/jakarta/activation/jakarta.activation-api/1.2.1/jakarta.activation-api-1.2.1.jar:/home/alex/.m2/repository/org/apache/hadoop/hadoop-yarn-client/3.1.0/hadoop-yarn-client-3.1.0.jar:/home/alex/.m2/repository/org/apache/orc/orc-tools/1.6.9/orc-tools-1.6.9.jar:/home/alex/.m2/repository/com/opencsv/opencsv/3.9/opencsv-3.9.jar:/home/alex/.m2/repository/org/codehaus/jettison/jettison/1.1/jettison-1.1.jar:/home/alex/.m2/repository/org/threeten/threetenbp/1.3.5/threetenbp-1.3.5.jar:/home/alex/.m2/repository/org/apache/ivy/ivy/2.4.0/ivy-2.4.0.jar:/home/alex/.m2/repository/org/apache/thrift/libthrift/0.14.1/libthrift-0.14.1.jar:/home/alex/.m2/repository/org/apache/httpcomponents/httpcore/4.4.13/httpcore-4.4.13.jar:/home/alex/.m2/repository/org/apache/tomcat/embed/tomcat-embed-core/8.5.46/tomcat-embed-core-8.5.46.jar:/home/alex/.m2/repository/org/apache/tomcat/tomcat-annotations-api/8.5.46/tomcat-annotations-api-8.5.46.jar:/home/alex/.m2/repository/javax/annotation/javax.annotation-api/1.3.2/javax.annotation-api-1.3.2.jar:/home/alex/.m2/repository/org/apache/zookeeper/zookeeper/3.5.5/zookeeper-3.5.5.jar:/home/alex/.m2/repository/org/apache/zookeeper/zookeeper-jute/3.5.5/zookeeper-jute-3.5.5.jar:/home/alex/.m2/repository/org/apache/curator/curator-framework/4.2.0/curator-framework-4.2.0.jar:/home/alex/.m2/repository/org/apache/curator/curator-test/4.2.0/curator-test-4.2.0.jar:/home/alex/.m2/repository/org/apache/datasketches/datasketches-hive/1.1.0-incubating/datasketches-hive-1.1.0-incubating.jar:/home/alex/.m2/repository/org/apache/datasketches/datasketches-java/1.3.0-incubating/datasketches-java-1.3.0-incubating.jar:/home/alex/.m2/repository/org/apache/datasketches/datasketches-memory/1.2.0-incubating/datasketches-memory-1.2.0-incubating.jar:/home/alex/.m2/repository/org/slf4j/slf4j-simple/1.7.27/slf4j-simple-1.7.27.jar:/home/alex/.m2/repository/com/lmax/disruptor/3.3.7/disruptor-3.3.7.jar:/home/alex/.m2/repository/org/codehaus/groovy/groovy-all/2.4.11/groovy-all-2.4.11.jar:/home/alex/.m2/repository/org/jodd/jodd-util/6.0.0/jodd-util-6.0.0.jar:/home/alex/.m2/repository/com/fasterxml/jackson/core/jackson-annotations/2.12.0/jackson-annotations-2.12.0.jar:/home/alex/.m2/repository/com/fasterxml/jackson/core/jackson-core/2.12.0/jackson-core-2.12.0.jar:/home/alex/.m2/repository/com/fasterxml/jackson/core/jackson-databind/2.12.0/jackson-databind-2.12.0.jar:/home/alex/.m2/repository/com/fasterxml/jackson/dataformat/jackson-dataformat-yaml/2.12.0/jackson-dataformat-yaml-2.12.0.jar:/home/alex/.m2/repository/org/yaml/snakeyaml/1.27/snakeyaml-1.27.jar:/home/alex/.m2/repository/org/datanucleus/datanucleus-core/5.2.4/datanucleus-core-5.2.4.jar:/home/alex/.m2/repository/org/apache/calcite/calcite-core/1.25.0/calcite-core-1.25.0.jar:/home/alex/.m2/repository/org/apache/calcite/calcite-linq4j/1.25.0/calcite-linq4j-1.25.0.jar:/home/alex/.m2/repository/org/apiguardian/apiguardian-api/1.1.0/apiguardian-api-1.1.0.jar:/home/alex/.m2/repository/com/esri/geometry/esri-geometry-api/2.2.0/esri-geometry-api-2.2.0.jar:/home/alex/.m2/repository/com/yahoo/datasketches/sketches-core/0.9.0/sketches-core-0.9.0.jar:/home/alex/.m2/repository/com/yahoo/datasketches/memory/0.9.0/memory-0.9.0.jar:/home/alex/.m2/repository/org/apache/commons/commons-dbcp2/2.7.0/commons-dbcp2-2.7.0.jar:/home/alex/.m2/repository/org/apache/commons/commons-pool2/2.7.0/commons-pool2-2.7.0.jar:/home/alex/.m2/repository/org/apache/calcite/calcite-druid/1.25.0/calcite-druid-1.25.0.jar:/home/alex/.m2/repository/org/apache/calcite/avatica/avatica/1.12.0/avatica-1.12.0.jar:/home/alex/.m2/repository/com/google/guava/guava/19.0/guava-19.0.jar:/home/alex/.m2/repository/com/googlecode/javaewah/JavaEWAH/0.3.2/JavaEWAH-0.3.2.jar:/home/alex/.m2/repository/com/google/code/gson/gson/2.2.4/gson-2.2.4.jar:/home/alex/.m2/repository/com/tdunning/json/1.8/json-1.8.jar:/home/alex/.m2/repository/stax/stax-api/1.0.1/stax-api-1.0.1.jar:/home/alex/.m2/repository/net/sf/opencsv/opencsv/2.3/opencsv-2.3.jar:/home/alex/Repositories/hive/standalone-metastore/metastore-server/target/classes:/home/alex/.m2/repository/com/zaxxer/HikariCP/2.6.1/HikariCP-2.6.1.jar:/home/alex/.m2/repository/commons-beanutils/commons-beanutils/1.9.4/commons-beanutils-1.9.4.jar:/home/alex/.m2/repository/org/datanucleus/datanucleus-api-jdo/5.2.4/datanucleus-api-jdo-5.2.4.jar:/home/alex/.m2/repository/org/datanucleus/datanucleus-rdbms/5.2.4/datanucleus-rdbms-5.2.4.jar:/home/alex/.m2/repository/org/datanucleus/javax.jdo/3.2.0-release/javax.jdo-3.2.0-release.jar:/home/alex/.m2/repository/javax/transaction/javax.transaction-api/1.3/javax.transaction-api-1.3.jar:/home/alex/.m2/repository/org/glassfish/corba/glassfish-corba-omgapi/4.2.2/glassfish-corba-omgapi-4.2.2.jar:/home/alex/.m2/repository/sqlline/sqlline/1.9.0/sqlline-1.9.0.jar:/home/alex/.m2/repository/org/jline/jline-terminal/3.12.1/jline-terminal-3.12.1.jar:/home/alex/.m2/repository/org/jline/jline-reader/3.12.1/jline-reader-3.12.1.jar:/home/alex/.m2/repository/org/jline/jline-terminal-jansi/3.12.1/jline-terminal-jansi-3.12.1.jar:/home/alex/.m2/repository/org/fusesource/jansi/jansi/1.18/jansi-1.18.jar:/home/alex/.m2/repository/org/jline/jline-terminal-jna/3.12.1/jline-terminal-jna-3.12.1.jar:/home/alex/.m2/repository/net/java/dev/jna/jna/5.3.1/jna-5.3.1.jar:/home/alex/.m2/repository/org/jline/jline-builtins/3.12.1/jline-builtins-3.12.1.jar:/home/alex/.m2/repository/org/jline/jline-style/3.12.1/jline-style-3.12.1.jar:/home/alex/.m2/repository/com/cronutils/cron-utils/9.1.3/cron-utils-9.1.3.jar:/home/alex/.m2/repository/org/glassfish/javax.el/3.0.0/javax.el-3.0.0.jar:/home/alex/.m2/repository/com/oracle/database/jdbc/ojdbc8/21.3.0.0/ojdbc8-21.3.0.0.jar:/home/alex/.m2/repository/mysql/mysql-connector-java/8.0.27/mysql-connector-java-8.0.27.jar:/home/alex/.m2/repository/com/microsoft/sqlserver/mssql-jdbc/6.2.1.jre8/mssql-jdbc-6.2.1.jre8.jar:/home/alex/.m2/repository/org/postgresql/postgresql/42.2.14/postgresql-42.2.14.jar:/home/alex/Repositories/hive/common/target/test-classes:/home/alex/Repositories/hive/standalone-metastore/metastore-common/target/test-classes:/home/alex/.m2/repository/com/github/ben-manes/caffeine/caffeine/2.8.4/caffeine-2.8.4.jar:/home/alex/.m2/repository/org/checkerframework/checker-qual/3.4.0/checker-qual-3.4.0.jar:/home/alex/Repositories/hive/standalone-metastore/metastore-server/target/test-classes:/home/alex/.m2/repository/org/apache/parquet/parquet-column/1.11.1/parquet-column-1.11.1-tests.jar:/home/alex/.m2/repository/org/apache/parquet/parquet-common/1.11.1/parquet-common-1.11.1.jar:/home/alex/.m2/repository/org/apache/parquet/parquet-format-structures/1.11.1/parquet-format-structures-1.11.1.jar:/home/alex/.m2/repository/org/apache/parquet/parquet-encoding/1.11.1/parquet-encoding-1.11.1.jar:/home/alex/.m2/repository/junit/junit/4.13/junit-4.13.jar:/home/alex/.m2/repository/org/hamcrest/hamcrest-core/1.3/hamcrest-core-1.3.jar:/home/alex/.m2/repository/org/junit/jupiter/junit-jupiter-engine/5.6.2/junit-jupiter-engine-5.6.2.jar:/home/alex/.m2/repository/org/junit/platform/junit-platform-engine/1.6.2/junit-platform-engine-1.6.2.jar:/home/alex/.m2/repository/org/opentest4j/opentest4j/1.2.0/opentest4j-1.2.0.jar:/home/alex/.m2/repository/org/junit/platform/junit-platform-commons/1.6.2/junit-platform-commons-1.6.2.jar:/home/alex/.m2/repository/org/junit/jupiter/junit-jupiter-api/5.6.2/junit-jupiter-api-5.6.2.jar:/home/alex/.m2/repository/org/junit/jupiter/junit-jupiter-params/5.6.2/junit-jupiter-params-5.6.2.jar:/home/alex/.m2/repository/org/junit/vintage/junit-vintage-engine/5.6.2/junit-vintage-engine-5.6.2.jar:/home/alex/.m2/repository/org/apache/tez/tez-api/0.10.1/tez-api-0.10.1.jar:/usr/lib/jvm/java-8-openjdk-amd64/jre/../lib/tools.jar:/home/alex/.m2/repository/org/apache/tez/tez-runtime-library/0.10.1/tez-runtime-library-0.10.1.jar:/home/alex/.m2/repository/org/roaringbitmap/RoaringBitmap/0.5.21/RoaringBitmap-0.5.21.jar:/home/alex/.m2/repository/org/asynchttpclient/async-http-client/2.12.1/async-http-client-2.12.1.jar:/home/alex/.m2/repository/org/asynchttpclient/async-http-client-netty-utils/2.12.1/async-http-client-netty-utils-2.12.1.jar:/home/alex/.m2/repository/io/netty/netty-buffer/4.1.48.Final/netty-buffer-4.1.48.Final.jar:/home/alex/.m2/repository/io/netty/netty-codec-http/4.1.48.Final/netty-codec-http-4.1.48.Final.jar:/home/alex/.m2/repository/io/netty/netty-common/4.1.48.Final/netty-common-4.1.48.Final.jar:/home/alex/.m2/repository/io/netty/netty-transport/4.1.48.Final/netty-transport-4.1.48.Final.jar:/home/alex/.m2/repository/io/netty/netty-codec/4.1.48.Final/netty-codec-4.1.48.Final.jar:/home/alex/.m2/repository/io/netty/netty-handler/4.1.48.Final/netty-handler-4.1.48.Final.jar:/home/alex/.m2/repository/io/netty/netty-resolver/4.1.48.Final/netty-resolver-4.1.48.Final.jar:/home/alex/.m2/repository/io/netty/netty-codec-socks/4.1.48.Final/netty-codec-socks-4.1.48.Final.jar:/home/alex/.m2/repository/io/netty/netty-handler-proxy/4.1.48.Final/netty-handler-proxy-4.1.48.Final.jar:/home/alex/.m2/repository/io/netty/netty-transport-native-epoll/4.1.48.Final/netty-transport-native-epoll-4.1.48.Final-linux-x86_64.jar:/home/alex/.m2/repository/io/netty/netty-transport-native-unix-common/4.1.48.Final/netty-transport-native-unix-common-4.1.48.Final.jar:/home/alex/.m2/repository/io/netty/netty-transport-native-kqueue/4.1.48.Final/netty-transport-native-kqueue-4.1.48.Final-osx-x86_64.jar:/home/alex/.m2/repository/org/reactivestreams/reactive-streams/1.0.3/reactive-streams-1.0.3.jar:/home/alex/.m2/repository/com/typesafe/netty/netty-reactive-streams/2.0.4/netty-reactive-streams-2.0.4.jar:/home/alex/.m2/repository/com/sun/activation/javax.activation/1.2.0/javax.activation-1.2.0.jar:/home/alex/.m2/repository/org/apache/tez/tez-common/0.10.1/tez-common-0.10.1.jar:/home/alex/.m2/repository/org/apache/tez/tez-runtime-internals/0.10.1/tez-runtime-internals-0.10.1.jar:/home/alex/.m2/repository/org/apache/tez/hadoop-shim/0.10.1/hadoop-shim-0.10.1.jar:/home/alex/.m2/repository/org/apache/tez/tez-mapreduce/0.10.1/tez-mapreduce-0.10.1.jar:/home/alex/.m2/repository/org/apache/tez/tez-dag/0.10.1/tez-dag-0.10.1.jar:/home/alex/.m2/repository/org/apache/hadoop/hadoop-yarn-server-web-proxy/3.1.0/hadoop-yarn-server-web-proxy-3.1.0.jar:/home/alex/.m2/repository/org/apache/hadoop/hadoop-yarn-server-common/3.1.0/hadoop-yarn-server-common-3.1.0.jar:/home/alex/.m2/repository/org/apache/geronimo/specs/geronimo-jcache_1.0_spec/1.0-alpha-1/geronimo-jcache_1.0_spec-1.0-alpha-1.jar:/home/alex/.m2/repository/org/ehcache/ehcache/3.3.1/ehcache-3.3.1.jar:/home/alex/.m2/repository/com/zaxxer/HikariCP-java7/2.4.12/HikariCP-java7-2.4.12.jar:/home/alex/.m2/repository/org/apache/spark/spark-core_2.12/2.4.5/spark-core_2.12-2.4.5.jar:/home/alex/.m2/repository/com/twitter/chill_2.12/0.9.3/chill_2.12-0.9.3.jar:/home/alex/.m2/repository/com/twitter/chill-java/0.9.3/chill-java-0.9.3.jar:/home/alex/.m2/repository/org/apache/xbean/xbean-asm6-shaded/4.8/xbean-asm6-shaded-4.8.jar:/home/alex/.m2/repository/org/apache/hadoop/hadoop-client/3.1.0/hadoop-client-3.1.0.jar:/home/alex/.m2/repository/org/apache/hadoop/hadoop-mapreduce-client-jobclient/3.1.0/hadoop-mapreduce-client-jobclient-3.1.0.jar:/home/alex/.m2/repository/org/apache/spark/spark-launcher_2.12/2.4.5/spark-launcher_2.12-2.4.5.jar:/home/alex/.m2/repository/org/apache/spark/spark-kvstore_2.12/2.4.5/spark-kvstore_2.12-2.4.5.jar:/home/alex/.m2/repository/org/apache/spark/spark-network-common_2.12/2.4.5/spark-network-common_2.12-2.4.5.jar:/home/alex/.m2/repository/org/apache/spark/spark-network-shuffle_2.12/2.4.5/spark-network-shuffle_2.12-2.4.5.jar:/home/alex/.m2/repository/org/apache/spark/spark-unsafe_2.12/2.4.5/spark-unsafe_2.12-2.4.5.jar:/home/alex/.m2/repository/javax/activation/activation/1.1.1/activation-1.1.1.jar:/home/alex/.m2/repository/org/slf4j/jul-to-slf4j/1.7.16/jul-to-slf4j-1.7.16.jar:/home/alex/.m2/repository/org/slf4j/jcl-over-slf4j/1.7.16/jcl-over-slf4j-1.7.16.jar:/home/alex/.m2/repository/com/ning/compress-lzf/1.0.3/compress-lzf-1.0.3.jar:/home/alex/.m2/repository/org/lz4/lz4-java/1.4.0/lz4-java-1.4.0.jar:/home/alex/.m2/repository/com/github/luben/zstd-jni/1.3.2-2/zstd-jni-1.3.2-2.jar:/home/alex/.m2/repository/org/scala-lang/scala-library/2.12.10/scala-library-2.12.10.jar:/home/alex/.m2/repository/org/json4s/json4s-jackson_2.12/3.5.3/json4s-jackson_2.12-3.5.3.jar:/home/alex/.m2/repository/org/json4s/json4s-core_2.12/3.5.3/json4s-core_2.12-3.5.3.jar:/home/alex/.m2/repository/org/json4s/json4s-ast_2.12/3.5.3/json4s-ast_2.12-3.5.3.jar:/home/alex/.m2/repository/org/json4s/json4s-scalap_2.12/3.5.3/json4s-scalap_2.12-3.5.3.jar:/home/alex/.m2/repository/org/scala-lang/modules/scala-xml_2.12/1.0.6/scala-xml_2.12-1.0.6.jar:/home/alex/.m2/repository/com/clearspring/analytics/stream/2.7.0/stream-2.7.0.jar:/home/alex/.m2/repository/io/dropwizard/metrics/metrics-graphite/3.1.5/metrics-graphite-3.1.5.jar:/home/alex/.m2/repository/oro/oro/2.0.8/oro-2.0.8.jar:/home/alex/.m2/repository/net/razorvine/pyrolite/4.13/pyrolite-4.13.jar:/home/alex/.m2/repository/net/sf/py4j/py4j/0.10.7/py4j-0.10.7.jar:/home/alex/.m2/repository/org/apache/spark/spark-tags_2.12/2.4.5/spark-tags_2.12-2.4.5.jar:/home/alex/.m2/repository/org/spark-project/spark/unused/1.0.0/unused-1.0.0.jar:/home/alex/.m2/repository/com/sun/jersey/jersey-servlet/1.19/jersey-servlet-1.19.jar:/home/alex/.m2/repository/org/glassfish/jersey/core/jersey-server/2.22.2/jersey-server-2.22.2.jar:/home/alex/.m2/repository/org/glassfish/jersey/core/jersey-common/2.22.2/jersey-common-2.22.2.jar:/home/alex/.m2/repository/org/glassfish/jersey/bundles/repackaged/jersey-guava/2.22.2/jersey-guava-2.22.2.jar:/home/alex/.m2/repository/org/glassfish/hk2/osgi-resource-locator/1.0.1/osgi-resource-locator-1.0.1.jar:/home/alex/.m2/repository/org/glassfish/jersey/core/jersey-client/2.22.2/jersey-client-2.22.2.jar:/home/alex/.m2/repository/javax/ws/rs/javax.ws.rs-api/2.0.1/javax.ws.rs-api-2.0.1.jar:/home/alex/.m2/repository/org/glassfish/jersey/media/jersey-media-jaxb/2.22.2/jersey-media-jaxb-2.22.2.jar:/home/alex/.m2/repository/org/glassfish/hk2/hk2-api/2.4.0-b34/hk2-api-2.4.0-b34.jar:/home/alex/.m2/repository/org/glassfish/hk2/hk2-utils/2.4.0-b34/hk2-utils-2.4.0-b34.jar:/home/alex/.m2/repository/org/glassfish/hk2/external/aopalliance-repackaged/2.4.0-b34/aopalliance-repackaged-2.4.0-b34.jar:/home/alex/.m2/repository/org/glassfish/hk2/external/javax.inject/2.4.0-b34/javax.inject-2.4.0-b34.jar:/home/alex/.m2/repository/org/glassfish/hk2/hk2-locator/2.4.0-b34/hk2-locator-2.4.0-b34.jar:/home/alex/.m2/repository/javax/validation/validation-api/1.1.0.Final/validation-api-1.1.0.Final.jar:/home/alex/.m2/repository/org/glassfish/jersey/containers/jersey-container-servlet-core/2.22.2/jersey-container-servlet-core-2.22.2.jar:/home/alex/.m2/repository/org/hamcrest/hamcrest-all/1.3/hamcrest-all-1.3.jar:/home/alex/.m2/repository/org/powermock/powermock-module-junit4/2.0.2/powermock-module-junit4-2.0.2.jar:/home/alex/.m2/repository/org/powermock/powermock-module-junit4-common/2.0.2/powermock-module-junit4-common-2.0.2.jar:/home/alex/.m2/repository/org/powermock/powermock-reflect/2.0.2/powermock-reflect-2.0.2.jar:/home/alex/.m2/repository/org/powermock/powermock-core/2.0.2/powermock-core-2.0.2.jar:/home/alex/.m2/repository/org/powermock/powermock-api-mockito2/2.0.2/powermock-api-mockito2-2.0.2.jar:/home/alex/.m2/repository/org/powermock/powermock-api-support/2.0.2/powermock-api-support-2.0.2.jar:/home/alex/.m2/repository/com/google/guava/guava-testlib/19.0/guava-testlib-19.0.jar:/home/alex/.m2/repository/com/google/errorprone/error_prone_annotations/2.0.2/error_prone_annotations-2.0.2.jar:/home/alex/.m2/repository/com/google/re2j/re2j/1.2/re2j-1.2.jar:/home/alex/.m2/repository/org/reflections/reflections/0.9.10/reflections-0.9.10.jar:/home/alex/.m2/repository/org/javassist/javassist/3.19.0-GA/javassist-3.19.0-GA.jar:/home/alex/.m2/repository/com/jayway/jsonpath/json-path/2.4.0/json-path-2.4.0.jar:/home/alex/.m2/repository/net/minidev/json-smart/2.3/json-smart-2.3.jar:/home/alex/.m2/repository/net/minidev/accessors-smart/1.2/accessors-smart-1.2.jar:/home/alex/.m2/repository/org/ow2/asm/asm/5.0.4/asm-5.0.4.jar:/home/alex/.m2/repository/org/codehaus/janino/commons-compiler/3.0.11/commons-compiler-3.0.11.jar:/home/alex/.m2/repository/org/codehaus/janino/janino/3.0.11/janino-3.0.11.jar:/home/alex/.m2/repository/com/sun/jersey/contribs/jersey-multipart/1.19/jersey-multipart-1.19.jar:/home/alex/.m2/repository/org/jvnet/mimepull/mimepull/1.9.3/mimepull-1.9.3.jar:/home/alex/.m2/repository/org/apache/kafka/kafka-clients/2.5.0/kafka-clients-2.5.0.jar:/home/alex/.m2/repository/org/slf4j/slf4j-api/1.7.30/slf4j-api-1.7.30.jar:/home/alex/.m2/repository/org/mockito/mockito-core/3.4.4/mockito-core-3.4.4.jar:/home/alex/.m2/repository/net/bytebuddy/byte-buddy/1.10.13/byte-buddy-1.10.13.jar:/home/alex/.m2/repository/net/bytebuddy/byte-buddy-agent/1.10.13/byte-buddy-agent-1.10.13.jar:/home/alex/Repositories/hive/ql/target/testconf:/home/alex/Repositories/hive/ql/../conf:"/>
    <property name="java.vm.vendor" value="Private Build"/>
    <property name="hadoop.version" value="3.1.0"/>
    <property name="user.timezone" value="US/Pacific"/>
    <property name="test.local.warehouse.dir" value="pfile:///home/alex/Repositories/hive/ql/target/localfs/warehouse"/>
    <property name="java.vm.specification.version" value="1.8"/>
    <property name="os.name" value="Linux"/>
    <property name="test.build.data" value="/home/alex/Repositories/hive/ql/target/tmp"/>
    <property name="clustermode" value=""/>
    <property name="user.country" value="US"/>
    <property name="sun.java.launcher" value="SUN_STANDARD"/>
    <property name="test.data.files" value="/home/alex/Repositories/hive/ql/../data/files"/>
    <property name="nondexLogging" value="CONFIG"/>
    <property name="surefire.test.class.path" value="/home/alex/Repositories/hive/ql/target/test-classes:/home/alex/Repositories/hive/ql/target/classes:/home/alex/.m2/repository/org/apache/atlas/atlas-client-v2/2.1.0/atlas-client-v2-2.1.0.jar:/home/alex/.m2/repository/cglib/cglib/2.2.2/cglib-2.2.2.jar:/home/alex/.m2/repository/asm/asm/3.3.1/asm-3.3.1.jar:/home/alex/.m2/repository/org/apache/atlas/atlas-client-common/2.1.0/atlas-client-common-2.1.0.jar:/home/alex/.m2/repository/org/apache/httpcomponents/httpclient/4.5.13/httpclient-4.5.13.jar:/home/alex/.m2/repository/com/sun/jersey/jersey-client/1.19/jersey-client-1.19.jar:/home/alex/.m2/repository/org/apache/atlas/atlas-intg/2.1.0/atlas-intg-2.1.0.jar:/home/alex/.m2/repository/commons-collections/commons-collections/3.2.2/commons-collections-3.2.2.jar:/home/alex/.m2/repository/commons-validator/commons-validator/1.6/commons-validator-1.6.jar:/home/alex/.m2/repository/commons-digester/commons-digester/1.8.1/commons-digester-1.8.1.jar:/home/alex/.m2/repository/com/fasterxml/jackson/jaxrs/jackson-jaxrs-base/2.12.0/jackson-jaxrs-base-2.12.0.jar:/home/alex/.m2/repository/com/fasterxml/jackson/jaxrs/jackson-jaxrs-json-provider/2.12.0/jackson-jaxrs-json-provider-2.12.0.jar:/home/alex/.m2/repository/javax/inject/javax.inject/1/javax.inject-1.jar:/home/alex/.m2/repository/org/springframework/spring-context/4.3.20.RELEASE/spring-context-4.3.20.RELEASE.jar:/home/alex/.m2/repository/org/springframework/spring-aop/4.3.20.RELEASE/spring-aop-4.3.20.RELEASE.jar:/home/alex/.m2/repository/org/springframework/spring-beans/4.3.20.RELEASE/spring-beans-4.3.20.RELEASE.jar:/home/alex/.m2/repository/org/springframework/spring-core/4.3.20.RELEASE/spring-core-4.3.20.RELEASE.jar:/home/alex/.m2/repository/org/springframework/spring-expression/4.3.20.RELEASE/spring-expression-4.3.20.RELEASE.jar:/home/alex/.m2/repository/commons-configuration/commons-configuration/1.10/commons-configuration-1.10.jar:/home/alex/.m2/repository/commons-lang/commons-lang/2.6/commons-lang-2.6.jar:/home/alex/.m2/repository/commons-logging/commons-logging/1.1.1/commons-logging-1.1.1.jar:/home/alex/.m2/repository/org/apache/commons/commons-math3/3.6.1/commons-math3-3.6.1.jar:/home/alex/Repositories/hive/vector-code-gen/target/classes:/home/alex/.m2/repository/org/apache/velocity/velocity/1.5/velocity-1.5.jar:/home/alex/Repositories/hive/common/target/classes:/home/alex/Repositories/hive/classification/target/classes:/home/alex/Repositories/hive/standalone-metastore/metastore-common/target/classes:/home/alex/.m2/repository/commons-cli/commons-cli/1.4/commons-cli-1.4.jar:/home/alex/.m2/repository/org/apache/orc/orc-core/1.6.9/orc-core-1.6.9.jar:/home/alex/.m2/repository/org/apache/orc/orc-shims/1.6.9/orc-shims-1.6.9.jar:/home/alex/.m2/repository/io/airlift/aircompressor/0.19/aircompressor-0.19.jar:/home/alex/.m2/repository/org/jetbrains/annotations/17.0.0/annotations-17.0.0.jar:/home/alex/.m2/repository/org/threeten/threeten-extra/1.5.0/threeten-extra-1.5.0.jar:/home/alex/.m2/repository/jline/jline/2.14.6/jline-2.14.6.jar:/home/alex/.m2/repository/javax/servlet/javax.servlet-api/3.1.0/javax.servlet-api-3.1.0.jar:/home/alex/.m2/repository/org/eclipse/jetty/jetty-http/9.3.27.v20190418/jetty-http-9.3.27.v20190418.jar:/home/alex/.m2/repository/org/eclipse/jetty/jetty-rewrite/9.3.27.v20190418/jetty-rewrite-9.3.27.v20190418.jar:/home/alex/.m2/repository/org/eclipse/jetty/jetty-client/9.3.27.v20190418/jetty-client-9.3.27.v20190418.jar:/home/alex/.m2/repository/org/eclipse/jetty/jetty-server/9.3.27.v20190418/jetty-server-9.3.27.v20190418.jar:/home/alex/.m2/repository/org/eclipse/jetty/jetty-io/9.3.27.v20190418/jetty-io-9.3.27.v20190418.jar:/home/alex/.m2/repository/org/eclipse/jetty/jetty-servlet/9.3.27.v20190418/jetty-servlet-9.3.27.v20190418.jar:/home/alex/.m2/repository/org/eclipse/jetty/jetty-security/9.3.27.v20190418/jetty-security-9.3.27.v20190418.jar:/home/alex/.m2/repository/org/eclipse/jetty/jetty-webapp/9.3.27.v20190418/jetty-webapp-9.3.27.v20190418.jar:/home/alex/.m2/repository/org/eclipse/jetty/jetty-xml/9.3.27.v20190418/jetty-xml-9.3.27.v20190418.jar:/home/alex/.m2/repository/joda-time/joda-time/2.9.9/joda-time-2.9.9.jar:/home/alex/.m2/repository/org/apache/logging/log4j/log4j-web/2.13.2/log4j-web-2.13.2.jar:/home/alex/.m2/repository/net/sf/jpam/jpam/1.1/jpam-1.1.jar:/home/alex/.m2/repository/io/dropwizard/metrics/metrics-core/3.1.0/metrics-core-3.1.0.jar:/home/alex/.m2/repository/io/dropwizard/metrics/metrics-jvm/3.1.0/metrics-jvm-3.1.0.jar:/home/alex/.m2/repository/io/dropwizard/metrics/metrics-json/3.1.0/metrics-json-3.1.0.jar:/home/alex/.m2/repository/com/github/joshelser/dropwizard-metrics-hadoop-metrics2-reporter/0.1.2/dropwizard-metrics-hadoop-metrics2-reporter-0.1.2.jar:/home/alex/Repositories/hive/metastore/target/classes:/home/alex/.m2/repository/org/apache/derby/derby/10.14.1.0/derby-10.14.1.0.jar:/home/alex/Repositories/hive/serde/target/classes:/home/alex/.m2/repository/com/google/code/findbugs/jsr305/3.0.0/jsr305-3.0.0.jar:/home/alex/.m2/repository/org/apache/arrow/arrow-vector/0.15.1/arrow-vector-0.15.1.jar:/home/alex/.m2/repository/org/apache/arrow/arrow-format/0.15.1/arrow-format-0.15.1.jar:/home/alex/.m2/repository/org/apache/arrow/arrow-memory/0.15.1/arrow-memory-0.15.1.jar:/home/alex/.m2/repository/com/google/flatbuffers/flatbuffers-java/1.9.0/flatbuffers-java-1.9.0.jar:/home/alex/.m2/repository/com/carrotsearch/hppc/0.7.2/hppc-0.7.2.jar:/home/alex/.m2/repository/com/github/davidmoten/flatbuffers-java/1.6.0.1/flatbuffers-java-1.6.0.1.jar:/home/alex/Repositories/hive/parser/target/classes:/home/alex/Repositories/hive/udf/target/classes:/home/alex/Repositories/hive/service-rpc/target/classes:/home/alex/Repositories/hive/llap-client/target/classes:/home/alex/Repositories/hive/llap-common/target/classes:/home/alex/.m2/repository/io/jsonwebtoken/jjwt-api/0.10.5/jjwt-api-0.10.5.jar:/home/alex/.m2/repository/io/jsonwebtoken/jjwt-impl/0.10.5/jjwt-impl-0.10.5.jar:/home/alex/.m2/repository/io/jsonwebtoken/jjwt-jackson/0.10.5/jjwt-jackson-0.10.5.jar:/home/alex/Repositories/hive/llap-tez/target/classes:/home/alex/Repositories/hive/shims/aggregator/target/classes:/home/alex/Repositories/hive/shims/common/target/classes:/home/alex/Repositories/hive/shims/0.23/target/classes:/home/alex/.m2/repository/org/apache/hadoop/hadoop-yarn-server-resourcemanager/3.1.0/hadoop-yarn-server-resourcemanager-3.1.0.jar:/home/alex/.m2/repository/org/apache/hadoop/hadoop-yarn-server-applicationhistoryservice/3.1.0/hadoop-yarn-server-applicationhistoryservice-3.1.0.jar:/home/alex/.m2/repository/de/ruedigermoeller/fst/2.50/fst-2.50.jar:/home/alex/.m2/repository/com/cedarsoftware/java-util/1.9.0/java-util-1.9.0.jar:/home/alex/.m2/repository/com/cedarsoftware/json-io/2.5.1/json-io-2.5.1.jar:/home/alex/Repositories/hive/shims/scheduler/target/classes:/home/alex/Repositories/hive/spark-client/target/classes:/home/alex/.m2/repository/io/netty/netty-all/4.1.65.Final/netty-all-4.1.65.Final.jar:/home/alex/.m2/repository/com/fasterxml/jackson/module/jackson-module-scala_2.12/2.12.0/jackson-module-scala_2.12-2.12.0.jar:/home/alex/.m2/repository/org/apache/spark/spark-yarn_2.12/2.4.5/spark-yarn_2.12-2.4.5.jar:/home/alex/Repositories/hive/storage-api/target/classes:/home/alex/.m2/repository/com/amazonaws/aws-java-sdk-bundle/1.11.901/aws-java-sdk-bundle-1.11.901.jar:/home/alex/.m2/repository/com/amazonaws/secretsmanager/aws-secretsmanager-caching-java/1.0.1/aws-secretsmanager-caching-java-1.0.1.jar:/home/alex/.m2/repository/com/esotericsoftware/kryo/5.0.3/kryo-5.0.3.jar:/home/alex/.m2/repository/org/objenesis/objenesis/3.1/objenesis-3.1.jar:/home/alex/.m2/repository/com/esotericsoftware/minlog/1.3.1/minlog-1.3.1.jar:/home/alex/.m2/repository/com/esotericsoftware/reflectasm/1.11.9/reflectasm-1.11.9.jar:/home/alex/.m2/repository/com/google/protobuf/protobuf-java/2.5.0/protobuf-java-2.5.0.jar:/home/alex/.m2/repository/org/apache/hbase/hbase-common/2.0.0-alpha4/hbase-common-2.0.0-alpha4.jar:/home/alex/.m2/repository/org/apache/hbase/thirdparty/hbase-shaded-miscellaneous/1.0.1/hbase-shaded-miscellaneous-1.0.1.jar:/home/alex/.m2/repository/org/apache/htrace/htrace-core/3.2.0-incubating/htrace-core-3.2.0-incubating.jar:/home/alex/.m2/repository/org/apache/commons/commons-crypto/1.0.0/commons-crypto-1.0.0.jar:/home/alex/.m2/repository/com/github/stephenc/findbugs/findbugs-annotations/1.3.9-1/findbugs-annotations-1.3.9-1.jar:/home/alex/.m2/repository/log4j/log4j/1.2.17/log4j-1.2.17.jar:/home/alex/.m2/repository/org/apache/yetus/audience-annotations/0.5.0/audience-annotations-0.5.0.jar:/home/alex/.m2/repository/org/apache/parquet/parquet-hadoop-bundle/1.11.1/parquet-hadoop-bundle-1.11.1.jar:/home/alex/.m2/repository/commons-codec/commons-codec/1.15/commons-codec-1.15.jar:/home/alex/.m2/repository/commons-io/commons-io/2.6/commons-io-2.6.jar:/home/alex/.m2/repository/org/apache/commons/commons-collections4/4.1/commons-collections4-4.1.jar:/home/alex/.m2/repository/org/apache/commons/commons-lang3/3.9/commons-lang3-3.9.jar:/home/alex/.m2/repository/org/apache/commons/commons-text/1.8/commons-text-1.8.jar:/home/alex/.m2/repository/javolution/javolution/5.5.1/javolution-5.5.1.jar:/home/alex/.m2/repository/org/apache/logging/log4j/log4j-1.2-api/2.13.2/log4j-1.2-api-2.13.2.jar:/home/alex/.m2/repository/org/apache/logging/log4j/log4j-api/2.13.2/log4j-api-2.13.2.jar:/home/alex/.m2/repository/org/apache/logging/log4j/log4j-core/2.13.2/log4j-core-2.13.2.jar:/home/alex/.m2/repository/org/apache/logging/log4j/log4j-slf4j-impl/2.13.2/log4j-slf4j-impl-2.13.2.jar:/home/alex/.m2/repository/org/antlr/antlr-runtime/3.5.2/antlr-runtime-3.5.2.jar:/home/alex/.m2/repository/org/antlr/ST4/4.0.4/ST4-4.0.4.jar:/home/alex/.m2/repository/org/apache/avro/avro/1.8.2/avro-1.8.2.jar:/home/alex/.m2/repository/org/codehaus/jackson/jackson-core-asl/1.9.13/jackson-core-asl-1.9.13.jar:/home/alex/.m2/repository/org/codehaus/jackson/jackson-mapper-asl/1.9.13/jackson-mapper-asl-1.9.13.jar:/home/alex/.m2/repository/com/thoughtworks/paranamer/paranamer/2.8/paranamer-2.8.jar:/home/alex/.m2/repository/org/xerial/snappy/snappy-java/1.1.4/snappy-java-1.1.4.jar:/home/alex/.m2/repository/org/tukaani/xz/1.5/xz-1.5.jar:/home/alex/.m2/repository/org/apache/avro/avro-mapred/1.8.2/avro-mapred-1.8.2-hadoop2.jar:/home/alex/.m2/repository/org/apache/avro/avro-ipc/1.8.2/avro-ipc-1.8.2.jar:/home/alex/.m2/repository/org/mortbay/jetty/jetty/6.1.26/jetty-6.1.26.jar:/home/alex/.m2/repository/org/apache/ant/ant/1.9.1/ant-1.9.1.jar:/home/alex/.m2/repository/org/apache/ant/ant-launcher/1.9.1/ant-launcher-1.9.1.jar:/home/alex/.m2/repository/org/apache/commons/commons-compress/1.21/commons-compress-1.21.jar:/home/alex/.m2/repository/org/apache/thrift/libfb303/0.9.3/libfb303-0.9.3.jar:/home/alex/.m2/repository/org/apache/hadoop/hadoop-common/3.1.0/hadoop-common-3.1.0.jar:/home/alex/.m2/repository/org/apache/hadoop/hadoop-annotations/3.1.0/hadoop-annotations-3.1.0.jar:/home/alex/.m2/repository/commons-net/commons-net/3.6/commons-net-3.6.jar:/home/alex/.m2/repository/org/eclipse/jetty/jetty-util/9.3.27.v20190418/jetty-util-9.3.27.v20190418.jar:/home/alex/.m2/repository/javax/servlet/jsp/jsp-api/2.1/jsp-api-2.1.jar:/home/alex/.m2/repository/com/sun/jersey/jersey-core/1.19/jersey-core-1.19.jar:/home/alex/.m2/repository/javax/ws/rs/jsr311-api/1.1.1/jsr311-api-1.1.1.jar:/home/alex/.m2/repository/com/sun/jersey/jersey-json/1.19/jersey-json-1.19.jar:/home/alex/.m2/repository/com/sun/xml/bind/jaxb-impl/2.2.3-1/jaxb-impl-2.2.3-1.jar:/home/alex/.m2/repository/org/codehaus/jackson/jackson-jaxrs/1.9.2/jackson-jaxrs-1.9.2.jar:/home/alex/.m2/repository/org/codehaus/jackson/jackson-xc/1.9.2/jackson-xc-1.9.2.jar:/home/alex/.m2/repository/com/sun/jersey/jersey-server/1.19/jersey-server-1.19.jar:/home/alex/.m2/repository/org/apache/commons/commons-configuration2/2.1.1/commons-configuration2-2.1.1.jar:/home/alex/.m2/repository/org/apache/hadoop/hadoop-auth/3.1.0/hadoop-auth-3.1.0.jar:/home/alex/.m2/repository/com/nimbusds/nimbus-jose-jwt/4.41.1/nimbus-jose-jwt-4.41.1.jar:/home/alex/.m2/repository/com/github/stephenc/jcip/jcip-annotations/1.0-1/jcip-annotations-1.0-1.jar:/home/alex/.m2/repository/com/jcraft/jsch/0.1.54/jsch-0.1.54.jar:/home/alex/.m2/repository/org/apache/htrace/htrace-core4/4.1.0-incubating/htrace-core4-4.1.0-incubating.jar:/home/alex/.m2/repository/org/apache/kerby/kerb-simplekdc/1.0.1/kerb-simplekdc-1.0.1.jar:/home/alex/.m2/repository/org/apache/kerby/kerb-client/1.0.1/kerb-client-1.0.1.jar:/home/alex/.m2/repository/org/apache/kerby/kerby-config/1.0.1/kerby-config-1.0.1.jar:/home/alex/.m2/repository/org/apache/kerby/kerb-core/1.0.1/kerb-core-1.0.1.jar:/home/alex/.m2/repository/org/apache/kerby/kerby-pkix/1.0.1/kerby-pkix-1.0.1.jar:/home/alex/.m2/repository/org/apache/kerby/kerby-asn1/1.0.1/kerby-asn1-1.0.1.jar:/home/alex/.m2/repository/org/apache/kerby/kerby-util/1.0.1/kerby-util-1.0.1.jar:/home/alex/.m2/repository/org/apache/kerby/kerb-common/1.0.1/kerb-common-1.0.1.jar:/home/alex/.m2/repository/org/apache/kerby/kerb-crypto/1.0.1/kerb-crypto-1.0.1.jar:/home/alex/.m2/repository/org/apache/kerby/kerb-util/1.0.1/kerb-util-1.0.1.jar:/home/alex/.m2/repository/org/apache/kerby/token-provider/1.0.1/token-provider-1.0.1.jar:/home/alex/.m2/repository/org/apache/kerby/kerb-admin/1.0.1/kerb-admin-1.0.1.jar:/home/alex/.m2/repository/org/apache/kerby/kerb-server/1.0.1/kerb-server-1.0.1.jar:/home/alex/.m2/repository/org/apache/kerby/kerb-identity/1.0.1/kerb-identity-1.0.1.jar:/home/alex/.m2/repository/org/apache/kerby/kerby-xdr/1.0.1/kerby-xdr-1.0.1.jar:/home/alex/.m2/repository/org/codehaus/woodstox/stax2-api/3.1.4/stax2-api-3.1.4.jar:/home/alex/.m2/repository/com/fasterxml/woodstox/woodstox-core/5.0.3/woodstox-core-5.0.3.jar:/home/alex/.m2/repository/org/apache/hadoop/hadoop-archives/3.1.0/hadoop-archives-3.1.0.jar:/home/alex/.m2/repository/org/apache/hadoop/hadoop-yarn-registry/3.1.0/hadoop-yarn-registry-3.1.0.jar:/home/alex/.m2/repository/org/apache/curator/curator-client/4.2.0/curator-client-4.2.0.jar:/home/alex/.m2/repository/org/apache/curator/curator-recipes/4.2.0/curator-recipes-4.2.0.jar:/home/alex/.m2/repository/commons-daemon/commons-daemon/1.0.13/commons-daemon-1.0.13.jar:/home/alex/.m2/repository/dnsjava/dnsjava/2.1.7/dnsjava-2.1.7.jar:/home/alex/.m2/repository/org/apache/hadoop/hadoop-mapreduce-client-core/3.1.0/hadoop-mapreduce-client-core-3.1.0.jar:/home/alex/.m2/repository/org/apache/hadoop/hadoop-hdfs-client/3.1.0/hadoop-hdfs-client-3.1.0.jar:/home/alex/.m2/repository/com/squareup/okhttp/okhttp/2.7.5/okhttp-2.7.5.jar:/home/alex/.m2/repository/com/squareup/okio/okio/1.6.0/okio-1.6.0.jar:/home/alex/.m2/repository/com/google/inject/extensions/guice-servlet/4.0/guice-servlet-4.0.jar:/home/alex/.m2/repository/org/apache/hadoop/hadoop-mapreduce-client-common/3.1.0/hadoop-mapreduce-client-common-3.1.0.jar:/home/alex/.m2/repository/org/apache/hadoop/hadoop-hdfs/3.1.0/hadoop-hdfs-3.1.0.jar:/home/alex/.m2/repository/org/eclipse/jetty/jetty-util-ajax/9.3.19.v20170502/jetty-util-ajax-9.3.19.v20170502.jar:/home/alex/.m2/repository/org/fusesource/leveldbjni/leveldbjni-all/1.8/leveldbjni-all-1.8.jar:/home/alex/.m2/repository/org/apache/hadoop/hadoop-yarn-api/3.1.0/hadoop-yarn-api-3.1.0.jar:/home/alex/.m2/repository/javax/xml/bind/jaxb-api/2.2.11/jaxb-api-2.2.11.jar:/home/alex/.m2/repository/org/apache/hadoop/hadoop-yarn-common/3.1.0/hadoop-yarn-common-3.1.0.jar:/home/alex/.m2/repository/com/google/inject/guice/4.0/guice-4.0.jar:/home/alex/.m2/repository/aopalliance/aopalliance/1.0/aopalliance-1.0.jar:/home/alex/.m2/repository/com/sun/jersey/contribs/jersey-guice/1.19/jersey-guice-1.19.jar:/home/alex/.m2/repository/com/fasterxml/jackson/module/jackson-module-jaxb-annotations/2.12.0/jackson-module-jaxb-annotations-2.12.0.jar:/home/alex/.m2/repository/jakarta/xml/bind/jakarta.xml.bind-api/2.3.2/jakarta.xml.bind-api-2.3.2.jar:/home/alex/.m2/repository/jakarta/activation/jakarta.activation-api/1.2.1/jakarta.activation-api-1.2.1.jar:/home/alex/.m2/repository/org/apache/hadoop/hadoop-yarn-client/3.1.0/hadoop-yarn-client-3.1.0.jar:/home/alex/.m2/repository/org/apache/orc/orc-tools/1.6.9/orc-tools-1.6.9.jar:/home/alex/.m2/repository/com/opencsv/opencsv/3.9/opencsv-3.9.jar:/home/alex/.m2/repository/org/codehaus/jettison/jettison/1.1/jettison-1.1.jar:/home/alex/.m2/repository/org/threeten/threetenbp/1.3.5/threetenbp-1.3.5.jar:/home/alex/.m2/repository/org/apache/ivy/ivy/2.4.0/ivy-2.4.0.jar:/home/alex/.m2/repository/org/apache/thrift/libthrift/0.14.1/libthrift-0.14.1.jar:/home/alex/.m2/repository/org/apache/httpcomponents/httpcore/4.4.13/httpcore-4.4.13.jar:/home/alex/.m2/repository/org/apache/tomcat/embed/tomcat-embed-core/8.5.46/tomcat-embed-core-8.5.46.jar:/home/alex/.m2/repository/org/apache/tomcat/tomcat-annotations-api/8.5.46/tomcat-annotations-api-8.5.46.jar:/home/alex/.m2/repository/javax/annotation/javax.annotation-api/1.3.2/javax.annotation-api-1.3.2.jar:/home/alex/.m2/repository/org/apache/zookeeper/zookeeper/3.5.5/zookeeper-3.5.5.jar:/home/alex/.m2/repository/org/apache/zookeeper/zookeeper-jute/3.5.5/zookeeper-jute-3.5.5.jar:/home/alex/.m2/repository/org/apache/curator/curator-framework/4.2.0/curator-framework-4.2.0.jar:/home/alex/.m2/repository/org/apache/curator/curator-test/4.2.0/curator-test-4.2.0.jar:/home/alex/.m2/repository/org/apache/datasketches/datasketches-hive/1.1.0-incubating/datasketches-hive-1.1.0-incubating.jar:/home/alex/.m2/repository/org/apache/datasketches/datasketches-java/1.3.0-incubating/datasketches-java-1.3.0-incubating.jar:/home/alex/.m2/repository/org/apache/datasketches/datasketches-memory/1.2.0-incubating/datasketches-memory-1.2.0-incubating.jar:/home/alex/.m2/repository/org/slf4j/slf4j-simple/1.7.27/slf4j-simple-1.7.27.jar:/home/alex/.m2/repository/com/lmax/disruptor/3.3.7/disruptor-3.3.7.jar:/home/alex/.m2/repository/org/codehaus/groovy/groovy-all/2.4.11/groovy-all-2.4.11.jar:/home/alex/.m2/repository/org/jodd/jodd-util/6.0.0/jodd-util-6.0.0.jar:/home/alex/.m2/repository/com/fasterxml/jackson/core/jackson-annotations/2.12.0/jackson-annotations-2.12.0.jar:/home/alex/.m2/repository/com/fasterxml/jackson/core/jackson-core/2.12.0/jackson-core-2.12.0.jar:/home/alex/.m2/repository/com/fasterxml/jackson/core/jackson-databind/2.12.0/jackson-databind-2.12.0.jar:/home/alex/.m2/repository/com/fasterxml/jackson/dataformat/jackson-dataformat-yaml/2.12.0/jackson-dataformat-yaml-2.12.0.jar:/home/alex/.m2/repository/org/yaml/snakeyaml/1.27/snakeyaml-1.27.jar:/home/alex/.m2/repository/org/datanucleus/datanucleus-core/5.2.4/datanucleus-core-5.2.4.jar:/home/alex/.m2/repository/org/apache/calcite/calcite-core/1.25.0/calcite-core-1.25.0.jar:/home/alex/.m2/repository/org/apache/calcite/calcite-linq4j/1.25.0/calcite-linq4j-1.25.0.jar:/home/alex/.m2/repository/org/apiguardian/apiguardian-api/1.1.0/apiguardian-api-1.1.0.jar:/home/alex/.m2/repository/com/esri/geometry/esri-geometry-api/2.2.0/esri-geometry-api-2.2.0.jar:/home/alex/.m2/repository/com/yahoo/datasketches/sketches-core/0.9.0/sketches-core-0.9.0.jar:/home/alex/.m2/repository/com/yahoo/datasketches/memory/0.9.0/memory-0.9.0.jar:/home/alex/.m2/repository/org/apache/commons/commons-dbcp2/2.7.0/commons-dbcp2-2.7.0.jar:/home/alex/.m2/repository/org/apache/commons/commons-pool2/2.7.0/commons-pool2-2.7.0.jar:/home/alex/.m2/repository/org/apache/calcite/calcite-druid/1.25.0/calcite-druid-1.25.0.jar:/home/alex/.m2/repository/org/apache/calcite/avatica/avatica/1.12.0/avatica-1.12.0.jar:/home/alex/.m2/repository/com/google/guava/guava/19.0/guava-19.0.jar:/home/alex/.m2/repository/com/googlecode/javaewah/JavaEWAH/0.3.2/JavaEWAH-0.3.2.jar:/home/alex/.m2/repository/com/google/code/gson/gson/2.2.4/gson-2.2.4.jar:/home/alex/.m2/repository/com/tdunning/json/1.8/json-1.8.jar:/home/alex/.m2/repository/stax/stax-api/1.0.1/stax-api-1.0.1.jar:/home/alex/.m2/repository/net/sf/opencsv/opencsv/2.3/opencsv-2.3.jar:/home/alex/Repositories/hive/standalone-metastore/metastore-server/target/classes:/home/alex/.m2/repository/com/zaxxer/HikariCP/2.6.1/HikariCP-2.6.1.jar:/home/alex/.m2/repository/commons-beanutils/commons-beanutils/1.9.4/commons-beanutils-1.9.4.jar:/home/alex/.m2/repository/org/datanucleus/datanucleus-api-jdo/5.2.4/datanucleus-api-jdo-5.2.4.jar:/home/alex/.m2/repository/org/datanucleus/datanucleus-rdbms/5.2.4/datanucleus-rdbms-5.2.4.jar:/home/alex/.m2/repository/org/datanucleus/javax.jdo/3.2.0-release/javax.jdo-3.2.0-release.jar:/home/alex/.m2/repository/javax/transaction/javax.transaction-api/1.3/javax.transaction-api-1.3.jar:/home/alex/.m2/repository/org/glassfish/corba/glassfish-corba-omgapi/4.2.2/glassfish-corba-omgapi-4.2.2.jar:/home/alex/.m2/repository/sqlline/sqlline/1.9.0/sqlline-1.9.0.jar:/home/alex/.m2/repository/org/jline/jline-terminal/3.12.1/jline-terminal-3.12.1.jar:/home/alex/.m2/repository/org/jline/jline-reader/3.12.1/jline-reader-3.12.1.jar:/home/alex/.m2/repository/org/jline/jline-terminal-jansi/3.12.1/jline-terminal-jansi-3.12.1.jar:/home/alex/.m2/repository/org/fusesource/jansi/jansi/1.18/jansi-1.18.jar:/home/alex/.m2/repository/org/jline/jline-terminal-jna/3.12.1/jline-terminal-jna-3.12.1.jar:/home/alex/.m2/repository/net/java/dev/jna/jna/5.3.1/jna-5.3.1.jar:/home/alex/.m2/repository/org/jline/jline-builtins/3.12.1/jline-builtins-3.12.1.jar:/home/alex/.m2/repository/org/jline/jline-style/3.12.1/jline-style-3.12.1.jar:/home/alex/.m2/repository/com/cronutils/cron-utils/9.1.3/cron-utils-9.1.3.jar:/home/alex/.m2/repository/org/glassfish/javax.el/3.0.0/javax.el-3.0.0.jar:/home/alex/.m2/repository/com/oracle/database/jdbc/ojdbc8/21.3.0.0/ojdbc8-21.3.0.0.jar:/home/alex/.m2/repository/mysql/mysql-connector-java/8.0.27/mysql-connector-java-8.0.27.jar:/home/alex/.m2/repository/com/microsoft/sqlserver/mssql-jdbc/6.2.1.jre8/mssql-jdbc-6.2.1.jre8.jar:/home/alex/.m2/repository/org/postgresql/postgresql/42.2.14/postgresql-42.2.14.jar:/home/alex/Repositories/hive/common/target/test-classes:/home/alex/Repositories/hive/standalone-metastore/metastore-common/target/test-classes:/home/alex/.m2/repository/com/github/ben-manes/caffeine/caffeine/2.8.4/caffeine-2.8.4.jar:/home/alex/.m2/repository/org/checkerframework/checker-qual/3.4.0/checker-qual-3.4.0.jar:/home/alex/Repositories/hive/standalone-metastore/metastore-server/target/test-classes:/home/alex/.m2/repository/org/apache/parquet/parquet-column/1.11.1/parquet-column-1.11.1-tests.jar:/home/alex/.m2/repository/org/apache/parquet/parquet-common/1.11.1/parquet-common-1.11.1.jar:/home/alex/.m2/repository/org/apache/parquet/parquet-format-structures/1.11.1/parquet-format-structures-1.11.1.jar:/home/alex/.m2/repository/org/apache/parquet/parquet-encoding/1.11.1/parquet-encoding-1.11.1.jar:/home/alex/.m2/repository/junit/junit/4.13/junit-4.13.jar:/home/alex/.m2/repository/org/hamcrest/hamcrest-core/1.3/hamcrest-core-1.3.jar:/home/alex/.m2/repository/org/junit/jupiter/junit-jupiter-engine/5.6.2/junit-jupiter-engine-5.6.2.jar:/home/alex/.m2/repository/org/junit/platform/junit-platform-engine/1.6.2/junit-platform-engine-1.6.2.jar:/home/alex/.m2/repository/org/opentest4j/opentest4j/1.2.0/opentest4j-1.2.0.jar:/home/alex/.m2/repository/org/junit/platform/junit-platform-commons/1.6.2/junit-platform-commons-1.6.2.jar:/home/alex/.m2/repository/org/junit/jupiter/junit-jupiter-api/5.6.2/junit-jupiter-api-5.6.2.jar:/home/alex/.m2/repository/org/junit/jupiter/junit-jupiter-params/5.6.2/junit-jupiter-params-5.6.2.jar:/home/alex/.m2/repository/org/junit/vintage/junit-vintage-engine/5.6.2/junit-vintage-engine-5.6.2.jar:/home/alex/.m2/repository/org/apache/tez/tez-api/0.10.1/tez-api-0.10.1.jar:/usr/lib/jvm/java-8-openjdk-amd64/jre/../lib/tools.jar:/home/alex/.m2/repository/org/apache/tez/tez-runtime-library/0.10.1/tez-runtime-library-0.10.1.jar:/home/alex/.m2/repository/org/roaringbitmap/RoaringBitmap/0.5.21/RoaringBitmap-0.5.21.jar:/home/alex/.m2/repository/org/asynchttpclient/async-http-client/2.12.1/async-http-client-2.12.1.jar:/home/alex/.m2/repository/org/asynchttpclient/async-http-client-netty-utils/2.12.1/async-http-client-netty-utils-2.12.1.jar:/home/alex/.m2/repository/io/netty/netty-buffer/4.1.48.Final/netty-buffer-4.1.48.Final.jar:/home/alex/.m2/repository/io/netty/netty-codec-http/4.1.48.Final/netty-codec-http-4.1.48.Final.jar:/home/alex/.m2/repository/io/netty/netty-common/4.1.48.Final/netty-common-4.1.48.Final.jar:/home/alex/.m2/repository/io/netty/netty-transport/4.1.48.Final/netty-transport-4.1.48.Final.jar:/home/alex/.m2/repository/io/netty/netty-codec/4.1.48.Final/netty-codec-4.1.48.Final.jar:/home/alex/.m2/repository/io/netty/netty-handler/4.1.48.Final/netty-handler-4.1.48.Final.jar:/home/alex/.m2/repository/io/netty/netty-resolver/4.1.48.Final/netty-resolver-4.1.48.Final.jar:/home/alex/.m2/repository/io/netty/netty-codec-socks/4.1.48.Final/netty-codec-socks-4.1.48.Final.jar:/home/alex/.m2/repository/io/netty/netty-handler-proxy/4.1.48.Final/netty-handler-proxy-4.1.48.Final.jar:/home/alex/.m2/repository/io/netty/netty-transport-native-epoll/4.1.48.Final/netty-transport-native-epoll-4.1.48.Final-linux-x86_64.jar:/home/alex/.m2/repository/io/netty/netty-transport-native-unix-common/4.1.48.Final/netty-transport-native-unix-common-4.1.48.Final.jar:/home/alex/.m2/repository/io/netty/netty-transport-native-kqueue/4.1.48.Final/netty-transport-native-kqueue-4.1.48.Final-osx-x86_64.jar:/home/alex/.m2/repository/org/reactivestreams/reactive-streams/1.0.3/reactive-streams-1.0.3.jar:/home/alex/.m2/repository/com/typesafe/netty/netty-reactive-streams/2.0.4/netty-reactive-streams-2.0.4.jar:/home/alex/.m2/repository/com/sun/activation/javax.activation/1.2.0/javax.activation-1.2.0.jar:/home/alex/.m2/repository/org/apache/tez/tez-common/0.10.1/tez-common-0.10.1.jar:/home/alex/.m2/repository/org/apache/tez/tez-runtime-internals/0.10.1/tez-runtime-internals-0.10.1.jar:/home/alex/.m2/repository/org/apache/tez/hadoop-shim/0.10.1/hadoop-shim-0.10.1.jar:/home/alex/.m2/repository/org/apache/tez/tez-mapreduce/0.10.1/tez-mapreduce-0.10.1.jar:/home/alex/.m2/repository/org/apache/tez/tez-dag/0.10.1/tez-dag-0.10.1.jar:/home/alex/.m2/repository/org/apache/hadoop/hadoop-yarn-server-web-proxy/3.1.0/hadoop-yarn-server-web-proxy-3.1.0.jar:/home/alex/.m2/repository/org/apache/hadoop/hadoop-yarn-server-common/3.1.0/hadoop-yarn-server-common-3.1.0.jar:/home/alex/.m2/repository/org/apache/geronimo/specs/geronimo-jcache_1.0_spec/1.0-alpha-1/geronimo-jcache_1.0_spec-1.0-alpha-1.jar:/home/alex/.m2/repository/org/ehcache/ehcache/3.3.1/ehcache-3.3.1.jar:/home/alex/.m2/repository/com/zaxxer/HikariCP-java7/2.4.12/HikariCP-java7-2.4.12.jar:/home/alex/.m2/repository/org/apache/spark/spark-core_2.12/2.4.5/spark-core_2.12-2.4.5.jar:/home/alex/.m2/repository/com/twitter/chill_2.12/0.9.3/chill_2.12-0.9.3.jar:/home/alex/.m2/repository/com/twitter/chill-java/0.9.3/chill-java-0.9.3.jar:/home/alex/.m2/repository/org/apache/xbean/xbean-asm6-shaded/4.8/xbean-asm6-shaded-4.8.jar:/home/alex/.m2/repository/org/apache/hadoop/hadoop-client/3.1.0/hadoop-client-3.1.0.jar:/home/alex/.m2/repository/org/apache/hadoop/hadoop-mapreduce-client-jobclient/3.1.0/hadoop-mapreduce-client-jobclient-3.1.0.jar:/home/alex/.m2/repository/org/apache/spark/spark-launcher_2.12/2.4.5/spark-launcher_2.12-2.4.5.jar:/home/alex/.m2/repository/org/apache/spark/spark-kvstore_2.12/2.4.5/spark-kvstore_2.12-2.4.5.jar:/home/alex/.m2/repository/org/apache/spark/spark-network-common_2.12/2.4.5/spark-network-common_2.12-2.4.5.jar:/home/alex/.m2/repository/org/apache/spark/spark-network-shuffle_2.12/2.4.5/spark-network-shuffle_2.12-2.4.5.jar:/home/alex/.m2/repository/org/apache/spark/spark-unsafe_2.12/2.4.5/spark-unsafe_2.12-2.4.5.jar:/home/alex/.m2/repository/javax/activation/activation/1.1.1/activation-1.1.1.jar:/home/alex/.m2/repository/org/slf4j/jul-to-slf4j/1.7.16/jul-to-slf4j-1.7.16.jar:/home/alex/.m2/repository/org/slf4j/jcl-over-slf4j/1.7.16/jcl-over-slf4j-1.7.16.jar:/home/alex/.m2/repository/com/ning/compress-lzf/1.0.3/compress-lzf-1.0.3.jar:/home/alex/.m2/repository/org/lz4/lz4-java/1.4.0/lz4-java-1.4.0.jar:/home/alex/.m2/repository/com/github/luben/zstd-jni/1.3.2-2/zstd-jni-1.3.2-2.jar:/home/alex/.m2/repository/org/scala-lang/scala-library/2.12.10/scala-library-2.12.10.jar:/home/alex/.m2/repository/org/json4s/json4s-jackson_2.12/3.5.3/json4s-jackson_2.12-3.5.3.jar:/home/alex/.m2/repository/org/json4s/json4s-core_2.12/3.5.3/json4s-core_2.12-3.5.3.jar:/home/alex/.m2/repository/org/json4s/json4s-ast_2.12/3.5.3/json4s-ast_2.12-3.5.3.jar:/home/alex/.m2/repository/org/json4s/json4s-scalap_2.12/3.5.3/json4s-scalap_2.12-3.5.3.jar:/home/alex/.m2/repository/org/scala-lang/modules/scala-xml_2.12/1.0.6/scala-xml_2.12-1.0.6.jar:/home/alex/.m2/repository/com/clearspring/analytics/stream/2.7.0/stream-2.7.0.jar:/home/alex/.m2/repository/io/dropwizard/metrics/metrics-graphite/3.1.5/metrics-graphite-3.1.5.jar:/home/alex/.m2/repository/oro/oro/2.0.8/oro-2.0.8.jar:/home/alex/.m2/repository/net/razorvine/pyrolite/4.13/pyrolite-4.13.jar:/home/alex/.m2/repository/net/sf/py4j/py4j/0.10.7/py4j-0.10.7.jar:/home/alex/.m2/repository/org/apache/spark/spark-tags_2.12/2.4.5/spark-tags_2.12-2.4.5.jar:/home/alex/.m2/repository/org/spark-project/spark/unused/1.0.0/unused-1.0.0.jar:/home/alex/.m2/repository/com/sun/jersey/jersey-servlet/1.19/jersey-servlet-1.19.jar:/home/alex/.m2/repository/org/glassfish/jersey/core/jersey-server/2.22.2/jersey-server-2.22.2.jar:/home/alex/.m2/repository/org/glassfish/jersey/core/jersey-common/2.22.2/jersey-common-2.22.2.jar:/home/alex/.m2/repository/org/glassfish/jersey/bundles/repackaged/jersey-guava/2.22.2/jersey-guava-2.22.2.jar:/home/alex/.m2/repository/org/glassfish/hk2/osgi-resource-locator/1.0.1/osgi-resource-locator-1.0.1.jar:/home/alex/.m2/repository/org/glassfish/jersey/core/jersey-client/2.22.2/jersey-client-2.22.2.jar:/home/alex/.m2/repository/javax/ws/rs/javax.ws.rs-api/2.0.1/javax.ws.rs-api-2.0.1.jar:/home/alex/.m2/repository/org/glassfish/jersey/media/jersey-media-jaxb/2.22.2/jersey-media-jaxb-2.22.2.jar:/home/alex/.m2/repository/org/glassfish/hk2/hk2-api/2.4.0-b34/hk2-api-2.4.0-b34.jar:/home/alex/.m2/repository/org/glassfish/hk2/hk2-utils/2.4.0-b34/hk2-utils-2.4.0-b34.jar:/home/alex/.m2/repository/org/glassfish/hk2/external/aopalliance-repackaged/2.4.0-b34/aopalliance-repackaged-2.4.0-b34.jar:/home/alex/.m2/repository/org/glassfish/hk2/external/javax.inject/2.4.0-b34/javax.inject-2.4.0-b34.jar:/home/alex/.m2/repository/org/glassfish/hk2/hk2-locator/2.4.0-b34/hk2-locator-2.4.0-b34.jar:/home/alex/.m2/repository/javax/validation/validation-api/1.1.0.Final/validation-api-1.1.0.Final.jar:/home/alex/.m2/repository/org/glassfish/jersey/containers/jersey-container-servlet-core/2.22.2/jersey-container-servlet-core-2.22.2.jar:/home/alex/.m2/repository/org/hamcrest/hamcrest-all/1.3/hamcrest-all-1.3.jar:/home/alex/.m2/repository/org/powermock/powermock-module-junit4/2.0.2/powermock-module-junit4-2.0.2.jar:/home/alex/.m2/repository/org/powermock/powermock-module-junit4-common/2.0.2/powermock-module-junit4-common-2.0.2.jar:/home/alex/.m2/repository/org/powermock/powermock-reflect/2.0.2/powermock-reflect-2.0.2.jar:/home/alex/.m2/repository/org/powermock/powermock-core/2.0.2/powermock-core-2.0.2.jar:/home/alex/.m2/repository/org/powermock/powermock-api-mockito2/2.0.2/powermock-api-mockito2-2.0.2.jar:/home/alex/.m2/repository/org/powermock/powermock-api-support/2.0.2/powermock-api-support-2.0.2.jar:/home/alex/.m2/repository/com/google/guava/guava-testlib/19.0/guava-testlib-19.0.jar:/home/alex/.m2/repository/com/google/errorprone/error_prone_annotations/2.0.2/error_prone_annotations-2.0.2.jar:/home/alex/.m2/repository/com/google/re2j/re2j/1.2/re2j-1.2.jar:/home/alex/.m2/repository/org/reflections/reflections/0.9.10/reflections-0.9.10.jar:/home/alex/.m2/repository/org/javassist/javassist/3.19.0-GA/javassist-3.19.0-GA.jar:/home/alex/.m2/repository/com/jayway/jsonpath/json-path/2.4.0/json-path-2.4.0.jar:/home/alex/.m2/repository/net/minidev/json-smart/2.3/json-smart-2.3.jar:/home/alex/.m2/repository/net/minidev/accessors-smart/1.2/accessors-smart-1.2.jar:/home/alex/.m2/repository/org/ow2/asm/asm/5.0.4/asm-5.0.4.jar:/home/alex/.m2/repository/org/codehaus/janino/commons-compiler/3.0.11/commons-compiler-3.0.11.jar:/home/alex/.m2/repository/org/codehaus/janino/janino/3.0.11/janino-3.0.11.jar:/home/alex/.m2/repository/com/sun/jersey/contribs/jersey-multipart/1.19/jersey-multipart-1.19.jar:/home/alex/.m2/repository/org/jvnet/mimepull/mimepull/1.9.3/mimepull-1.9.3.jar:/home/alex/.m2/repository/org/apache/kafka/kafka-clients/2.5.0/kafka-clients-2.5.0.jar:/home/alex/.m2/repository/org/slf4j/slf4j-api/1.7.30/slf4j-api-1.7.30.jar:/home/alex/.m2/repository/org/mockito/mockito-core/3.4.4/mockito-core-3.4.4.jar:/home/alex/.m2/repository/net/bytebuddy/byte-buddy/1.10.13/byte-buddy-1.10.13.jar:/home/alex/.m2/repository/net/bytebuddy/byte-buddy-agent/1.10.13/byte-buddy-agent-1.10.13.jar:/home/alex/Repositories/hive/ql/target/testconf:/home/alex/Repositories/hive/ql/../conf:"/>
    <property name="sun.cpu.endian" value="little"/>
    <property name="user.home" value="/home/alex"/>
    <property name="user.language" value="en"/>
    <property name="java.security.krb5.conf" value="/home/alex/Repositories/hive/ql/target/testconf/krb5.conf"/>
    <property name="test.dfs.mkdir" value=""/>
    <property name="java.awt.graphicsenv" value="sun.awt.X11GraphicsEnvironment"/>
    <property name="nondexFilter" value=".*"/>
    <property name="nondexSeed" value="933178"/>
    <property name="surefire.real.class.path" value="/home/alex/Repositories/hive/ql/target/surefire/surefirebooter601961164182293857.jar"/>
    <property name="hadoop.log.dir" value="/home/alex/Repositories/hive/ql/target/tmp"/>
    <property name="java.net.preferIPv4Stack" value="true"/>
    <property name="path.separator" value=":"/>
    <property name="os.version" value="6.5.0-28-generic"/>
    <property name="java.endorsed.dirs" value="/usr/lib/jvm/java-8-openjdk-amd64/jre/lib/endorsed"/>
    <property name="java.runtime.name" value="OpenJDK Runtime Environment"/>
    <property name="hive.test.console.log.level" value="INFO"/>
    <property name="java.vm.name" value="OpenJDK 64-Bit Server VM"/>
    <property name="java.vendor.url.bug" value="http://bugreport.sun.com/bugreport/"/>
    <property name="maven.local.repository" value="/home/alex/.m2/repository"/>
    <property name="user.dir" value="/home/alex/Repositories/hive/ql"/>
    <property name="os.arch" value="amd64"/>
    <property name="nondexMode" value="FULL"/>
    <property name="user.language.format" value="pt"/>
    <property name="antlr.version" value="3.5.2"/>
    <property name="derby.version" value="10.14.1.0"/>
    <property name="java.vm.info" value="mixed mode"/>
    <property name="java.vm.version" value="25.402-b06"/>
    <property name="java.ext.dirs" value="/usr/lib/jvm/java-8-openjdk-amd64/jre/lib/ext:/usr/java/packages/lib/ext"/>
    <property name="test.output.overwrite" value=""/>
    <property name="java.class.version" value="52.0"/>
    <property name="hive.root" value="/home/alex/Repositories/hive/ql/../"/>
  </properties>
  <testcase name="basicOpenTxnsNoDirtyRead" classname="org.apache.hadoop.hive.ql.lockmgr.TestDbTxnManagerIsolationProperties" time="11.265"/>
  <testcase name="testRebuildMVWhenOpenTxnPresents" classname="org.apache.hadoop.hive.ql.lockmgr.TestDbTxnManagerIsolationProperties" time="12.59">
    <error type="(responseCode = 2, errorMessage = FAILED"><![CDATA[(responseCode = 2, errorMessage = FAILED: Execution Error, return code 2 from org.apache.hadoop.hive.ql.exec.mr.MapRedTask, SQLState = 08S01)
	at org.apache.hadoop.hive.ql.DriverUtils.createProcessorException(DriverUtils.java:156)
	at org.apache.hadoop.hive.ql.Executor.handleTaskFailure(Executor.java:403)
	at org.apache.hadoop.hive.ql.Executor.handleFinished(Executor.java:285)
	at org.apache.hadoop.hive.ql.Executor.runTasks(Executor.java:246)
	at org.apache.hadoop.hive.ql.Executor.execute(Executor.java:108)
	at org.apache.hadoop.hive.ql.Driver.execute(Driver.java:348)
	at org.apache.hadoop.hive.ql.Driver.runInternal(Driver.java:204)
	at org.apache.hadoop.hive.ql.Driver.run(Driver.java:153)
	at org.apache.hadoop.hive.ql.Driver.run(Driver.java:148)
	at org.apache.hadoop.hive.ql.lockmgr.TestDbTxnManagerIsolationProperties.testRebuildMVWhenOpenTxnPresents(TestDbTxnManagerIsolationProperties.java:231)
	at sun.reflect.NativeMethodAccessorImpl.invoke0(Native Method)
	at sun.reflect.NativeMethodAccessorImpl.invoke(NativeMethodAccessorImpl.java:62)
	at sun.reflect.DelegatingMethodAccessorImpl.invoke(DelegatingMethodAccessorImpl.java:43)
	at java.lang.reflect.Method.invoke(Method.java:498)
	at org.junit.runners.model.FrameworkMethod$1.runReflectiveCall(FrameworkMethod.java:59)
	at org.junit.internal.runners.model.ReflectiveCallable.run(ReflectiveCallable.java:12)
	at org.junit.runners.model.FrameworkMethod.invokeExplosively(FrameworkMethod.java:56)
	at org.junit.internal.runners.statements.InvokeMethod.evaluate(InvokeMethod.java:17)
	at org.junit.internal.runners.statements.RunBefores.evaluate(RunBefores.java:26)
	at org.junit.internal.runners.statements.RunAfters.evaluate(RunAfters.java:27)
	at org.junit.runners.ParentRunner$3.evaluate(ParentRunner.java:306)
	at org.junit.runners.BlockJUnit4ClassRunner$1.evaluate(BlockJUnit4ClassRunner.java:100)
	at org.junit.runners.ParentRunner.runLeaf(ParentRunner.java:366)
	at org.junit.runners.BlockJUnit4ClassRunner.runChild(BlockJUnit4ClassRunner.java:103)
	at org.junit.runners.BlockJUnit4ClassRunner.runChild(BlockJUnit4ClassRunner.java:63)
	at org.junit.runners.ParentRunner$4.run(ParentRunner.java:331)
	at org.junit.runners.ParentRunner$1.schedule(ParentRunner.java:79)
	at org.junit.runners.ParentRunner.runChildren(ParentRunner.java:329)
	at org.junit.runners.ParentRunner.access$100(ParentRunner.java:66)
	at org.junit.runners.ParentRunner$2.evaluate(ParentRunner.java:293)
	at org.junit.internal.runners.statements.RunBefores.evaluate(RunBefores.java:26)
	at org.junit.runners.ParentRunner$3.evaluate(ParentRunner.java:306)
	at org.junit.runners.ParentRunner.run(ParentRunner.java:413)
	at org.junit.runner.JUnitCore.run(JUnitCore.java:137)
	at org.junit.runner.JUnitCore.run(JUnitCore.java:115)
	at org.junit.vintage.engine.execution.RunnerExecutor.execute(RunnerExecutor.java:43)
	at java.util.stream.ForEachOps$ForEachOp$OfRef.accept(ForEachOps.java:183)
	at java.util.stream.ReferencePipeline$3$1.accept(ReferencePipeline.java:193)
	at java.util.Iterator.forEachRemaining(Iterator.java:116)
	at java.util.Spliterators$IteratorSpliterator.forEachRemaining(Spliterators.java:1801)
	at java.util.stream.AbstractPipeline.copyInto(AbstractPipeline.java:482)
	at java.util.stream.AbstractPipeline.wrapAndCopyInto(AbstractPipeline.java:472)
	at java.util.stream.ForEachOps$ForEachOp.evaluateSequential(ForEachOps.java:150)
	at java.util.stream.ForEachOps$ForEachOp$OfRef.evaluateSequential(ForEachOps.java:173)
	at java.util.stream.AbstractPipeline.evaluate(AbstractPipeline.java:234)
	at java.util.stream.ReferencePipeline.forEach(ReferencePipeline.java:485)
	at org.junit.vintage.engine.VintageTestEngine.executeAllChildren(VintageTestEngine.java:82)
	at org.junit.vintage.engine.VintageTestEngine.execute(VintageTestEngine.java:73)
	at org.junit.platform.launcher.core.DefaultLauncher.execute(DefaultLauncher.java:248)
	at org.junit.platform.launcher.core.DefaultLauncher.lambda$execute$5(DefaultLauncher.java:211)
	at org.junit.platform.launcher.core.DefaultLauncher.withInterceptedStreams(DefaultLauncher.java:226)
	at org.junit.platform.launcher.core.DefaultLauncher.execute(DefaultLauncher.java:199)
	at org.junit.platform.launcher.core.DefaultLauncher.execute(DefaultLauncher.java:132)
	at org.apache.maven.surefire.junitplatform.JUnitPlatformProvider.invokeAllTests(JUnitPlatformProvider.java:154)
	at org.apache.maven.surefire.junitplatform.JUnitPlatformProvider.invoke(JUnitPlatformProvider.java:123)
	at org.apache.maven.surefire.booter.ForkedBooter.runSuitesInProcess(ForkedBooter.java:377)
	at org.apache.maven.surefire.booter.ForkedBooter.execute(ForkedBooter.java:138)
	at org.apache.maven.surefire.booter.ForkedBooter.run(ForkedBooter.java:465)
	at org.apache.maven.surefire.booter.ForkedBooter.main(ForkedBooter.java:451)
]]></error>
    <system-err><![CDATA[ivysettings.xml file not found in HIVE_HOME or HIVE_CONF_DIR,/home/alex/Repositories/hive/conf/ivysettings.xml will be used
2024-04-23T18:52:58,409  INFO [main] DependencyResolver: ivysettings.xml file not found in HIVE_HOME or HIVE_CONF_DIR,/home/alex/Repositories/hive/conf/ivysettings.xml will be used
2024-04-23T18:52:58,414  INFO [main] utils.TestTxnDbUtil: Cleaning transactional tables
2024-04-23T18:52:58,459  INFO [main] ql.Driver: Compiling command(queryId=alex_20240423185258_7eecbf6c-9ad2-4b2e-9496-9a5484ccc952): drop table if exists t1
2024-04-23T18:52:58,473  INFO [main] txn.TxnHandler: Added entries to MIN_HISTORY_LEVEL for current txns: ([1]) with min_open_txn: 1
2024-04-23T18:52:58,473  INFO [main] lockmgr.DbTxnManager: Opened txnid:1
2024-04-23T18:52:58,477  INFO [main] HiveMetaStore.audit: ugi=alex	ip=unknown-ip-addr	cmd=get_table : tbl=hive.default.t1	
2024-04-23T18:52:58,483  INFO [main] ql.Driver: Semantic Analysis Completed (retrial = false)
2024-04-23T18:52:58,483  INFO [main] ql.Driver: Created Hive schema: Schema(fieldSchemas:null, properties:null)
2024-04-23T18:52:58,483  INFO [main] metadata.Hive: Dumping metastore api call timing information for : compilation phase
2024-04-23T18:52:58,483  INFO [main] metadata.Hive: Total time spent in each metastore function (ms): {commitTxn_(CommitTxnRequest)=16, isCompatibleWith_(Configuration)=0, openTxn_(String, TxnType)=13, flushCache_()=0, getValidTxns_(long)=2}
2024-04-23T18:52:58,483  INFO [main] ql.Driver: Completed compiling command(queryId=alex_20240423185258_7eecbf6c-9ad2-4b2e-9496-9a5484ccc952); Time taken: 0.024 seconds
2024-04-23T18:52:58,484  INFO [main] lockmgr.DbTxnManager: Setting lock request transaction to txnid:1 for queryId=alex_20240423185258_7eecbf6c-9ad2-4b2e-9496-9a5484ccc952
2024-04-23T18:52:58,484  INFO [main] ql.Driver: Operation DROPTABLE obtained 0 locks
2024-04-23T18:52:58,484  INFO [main] ql.Driver: Executing command(queryId=alex_20240423185258_7eecbf6c-9ad2-4b2e-9496-9a5484ccc952): drop table if exists t1
PREHOOK: query: drop table if exists t1
2024-04-23T18:52:58,485  INFO [main] SessionState: PREHOOK: query: drop table if exists t1
PREHOOK: type: DROPTABLE
2024-04-23T18:52:58,485  INFO [main] SessionState: PREHOOK: type: DROPTABLE
2024-04-23T18:52:58,485  INFO [main] ql.Driver: Starting task [Stage-0:DDL] in serial mode
2024-04-23T18:52:58,486  INFO [main] HiveMetaStore.audit: ugi=alex	ip=unknown-ip-addr	cmd=get_table : tbl=hive.default.t1	
POSTHOOK: query: drop table if exists t1
2024-04-23T18:52:58,489  INFO [main] SessionState: POSTHOOK: query: drop table if exists t1
POSTHOOK: type: DROPTABLE
2024-04-23T18:52:58,489  INFO [main] SessionState: POSTHOOK: type: DROPTABLE
2024-04-23T18:52:58,489  INFO [main] metadata.Hive: Dumping metastore api call timing information for : execution phase
2024-04-23T18:52:58,489  INFO [main] metadata.Hive: Total time spent in each metastore function (ms): {isCompatibleWith_(Configuration)=0}
2024-04-23T18:52:58,489  INFO [main] ql.Driver: Completed executing command(queryId=alex_20240423185258_7eecbf6c-9ad2-4b2e-9496-9a5484ccc952); Time taken: 0.005 seconds
2024-04-23T18:52:58,489  INFO [main] lockmgr.DbTxnManager: Stopped heartbeat for query: alex_20240423185258_7eecbf6c-9ad2-4b2e-9496-9a5484ccc952
2024-04-23T18:52:58,497  INFO [main] txn.TxnHandler: Expected to move at least one record from txn_components to completed_txn_components when committing txn! txnid:1
2024-04-23T18:52:58,504  INFO [main] txn.TxnHandler: Removed transactions: ([1]) from MIN_HISTORY_LEVEL
2024-04-23T18:52:58,505  WARN [main] txn.CompactionTxnHandler: No compaction queue record found for Compaction type transaction commit. txnId:1
2024-04-23T18:52:58,506  INFO [main] ql.Driver: Compiling command(queryId=alex_20240423185258_7e89954f-3c1c-4cde-abe0-60d89459a33d): create table t1 (a int, b int) stored as orc TBLPROPERTIES ('transactional'='true')
2024-04-23T18:52:58,510  INFO [main] txn.TxnHandler: Added entries to MIN_HISTORY_LEVEL for current txns: ([2]) with min_open_txn: 1
2024-04-23T18:52:58,511  INFO [main] lockmgr.DbTxnManager: Opened txnid:2
2024-04-23T18:52:58,512  INFO [main] parse.CalcitePlanner: Starting caching scope for: 
2024-04-23T18:52:58,512  INFO [main] parse.CalcitePlanner: Starting Semantic Analysis
2024-04-23T18:52:58,512  INFO [main] sqlstd.SQLStdHiveAccessController: Created SQLStdHiveAccessController for session context : HiveAuthzSessionContext [sessionString=a8c1c011-dbf2-4556-9828-3c682b932083, clientType=HIVECLI]
2024-04-23T18:52:58,518  INFO [main] parse.CalcitePlanner: Creating table default.t1 position=13
2024-04-23T18:52:58,519  INFO [main] HiveMetaStore.audit: ugi=alex	ip=unknown-ip-addr	cmd=get_database: default	
2024-04-23T18:52:58,521  INFO [main] parse.CalcitePlanner: Ending caching scope for: 
2024-04-23T18:52:58,521  INFO [main] ql.Driver: Semantic Analysis Completed (retrial = false)
2024-04-23T18:52:58,521  INFO [main] ql.Driver: Created Hive schema: Schema(fieldSchemas:null, properties:null)
2024-04-23T18:52:58,521  INFO [main] metadata.Hive: Dumping metastore api call timing information for : compilation phase
2024-04-23T18:52:58,521  INFO [main] metadata.Hive: Total time spent in each metastore function (ms): {isCompatibleWith_(Configuration)=2, commitTxn_(CommitTxnRequest)=15, getDatabase_(String)=1, getValidTxns_(long)=1, flushCache_()=0, getValidWriteIds_(List, String)=5, openTxn_(String, TxnType)=3}
2024-04-23T18:52:58,521  INFO [main] ql.Driver: Completed compiling command(queryId=alex_20240423185258_7e89954f-3c1c-4cde-abe0-60d89459a33d); Time taken: 0.015 seconds
2024-04-23T18:52:58,521  INFO [main] lockmgr.DbTxnManager: Setting lock request transaction to txnid:2 for queryId=alex_20240423185258_7e89954f-3c1c-4cde-abe0-60d89459a33d
2024-04-23T18:52:58,522  INFO [main] lockmgr.DbLockManager: Requesting lock for queryId=alex_20240423185258_7e89954f-3c1c-4cde-abe0-60d89459a33d
2024-04-23T18:52:58,545  INFO [main] lockmgr.DbLockManager: Response to queryId=alex_20240423185258_7e89954f-3c1c-4cde-abe0-60d89459a33d LockResponse(lockid:1, state:ACQUIRED)
2024-04-23T18:52:58,545  INFO [main] ql.Driver: Operation CREATETABLE obtained 1 locks
2024-04-23T18:52:58,546  INFO [main] ql.Driver: Executing command(queryId=alex_20240423185258_7e89954f-3c1c-4cde-abe0-60d89459a33d): create table t1 (a int, b int) stored as orc TBLPROPERTIES ('transactional'='true')
PREHOOK: query: create table t1 (a int, b int) stored as orc TBLPROPERTIES ('transactional'='true')
2024-04-23T18:52:58,547  INFO [main] SessionState: PREHOOK: query: create table t1 (a int, b int) stored as orc TBLPROPERTIES ('transactional'='true')
PREHOOK: type: CREATETABLE
2024-04-23T18:52:58,547  INFO [main] SessionState: PREHOOK: type: CREATETABLE
PREHOOK: Output: database:default
2024-04-23T18:52:58,547  INFO [main] SessionState: PREHOOK: Output: database:default
PREHOOK: Output: default@t1
2024-04-23T18:52:58,547  INFO [main] SessionState: PREHOOK: Output: default@t1
2024-04-23T18:52:58,547  INFO [main] ql.Driver: Starting task [Stage-0:DDL] in serial mode
2024-04-23T18:52:58,549  INFO [main] HiveMetaStore.audit: ugi=alex	ip=unknown-ip-addr	cmd=create_table_req: Table(tableName:t1, dbName:default, owner:alex, createTime:1713923578, lastAccessTime:0, retention:0, sd:StorageDescriptor(cols:[FieldSchema(name:a, type:int, comment:null), FieldSchema(name:b, type:int, comment:null)], location:null, inputFormat:org.apache.hadoop.hive.ql.io.orc.OrcInputFormat, outputFormat:org.apache.hadoop.hive.ql.io.orc.OrcOutputFormat, compressed:false, numBuckets:-1, serdeInfo:SerDeInfo(name:null, serializationLib:org.apache.hadoop.hive.ql.io.orc.OrcSerde, parameters:{serialization.format=1}), bucketCols:[], sortCols:[], parameters:{}, skewedInfo:SkewedInfo(skewedColNames:[], skewedColValues:[], skewedColValueLocationMaps:{}), storedAsSubDirectories:false), partitionKeys:[], parameters:{COLUMN_STATS_ACCURATE={"BASIC_STATS":"true","COLUMN_STATS":{"a":"true","b":"true"}}, totalSize=0, numFilesErasureCoded=0, rawDataSize=0, bucketing_version=2, transactional=true, numFiles=0, numRows=0}, viewOriginalText:null, viewExpandedText:null, tableType:MANAGED_TABLE, privileges:PrincipalPrivilegeSet(userPrivileges:{alex=[PrivilegeGrantInfo(privilege:INSERT, createTime:-1, grantor:alex, grantorType:USER, grantOption:true), PrivilegeGrantInfo(privilege:SELECT, createTime:-1, grantor:alex, grantorType:USER, grantOption:true), PrivilegeGrantInfo(privilege:UPDATE, createTime:-1, grantor:alex, grantorType:USER, grantOption:true), PrivilegeGrantInfo(privilege:DELETE, createTime:-1, grantor:alex, grantorType:USER, grantOption:true)]}, groupPrivileges:null, rolePrivileges:null), temporary:false, catName:hive, ownerType:USER, writeId:0)	
2024-04-23T18:52:58,553  INFO [main] utils.FileUtils: Creating directory if it doesn't exist: pfile:/home/alex/Repositories/hive/ql/target/warehouse/t1
POSTHOOK: query: create table t1 (a int, b int) stored as orc TBLPROPERTIES ('transactional'='true')
2024-04-23T18:52:58,595  INFO [main] SessionState: POSTHOOK: query: create table t1 (a int, b int) stored as orc TBLPROPERTIES ('transactional'='true')
POSTHOOK: type: CREATETABLE
2024-04-23T18:52:58,595  INFO [main] SessionState: POSTHOOK: type: CREATETABLE
POSTHOOK: Output: database:default
2024-04-23T18:52:58,596  INFO [main] SessionState: POSTHOOK: Output: database:default
POSTHOOK: Output: default@t1
2024-04-23T18:52:58,596  INFO [main] SessionState: POSTHOOK: Output: default@t1
2024-04-23T18:52:58,596  INFO [main] metadata.Hive: Dumping metastore api call timing information for : execution phase
2024-04-23T18:52:58,596  INFO [main] metadata.Hive: Total time spent in each metastore function (ms): {isCompatibleWith_(Configuration)=0, createTable_(Table)=47}
2024-04-23T18:52:58,596  INFO [main] ql.Driver: Completed executing command(queryId=alex_20240423185258_7e89954f-3c1c-4cde-abe0-60d89459a33d); Time taken: 0.05 seconds
2024-04-23T18:52:58,596  INFO [main] lockmgr.DbTxnManager: Stopped heartbeat for query: alex_20240423185258_7e89954f-3c1c-4cde-abe0-60d89459a33d
2024-04-23T18:52:58,601  INFO [main] txn.TxnHandler: Expected to move at least one record from txn_components to completed_txn_components when committing txn! txnid:2
2024-04-23T18:52:58,610  INFO [main] txn.TxnHandler: Removed transactions: ([2]) from MIN_HISTORY_LEVEL
2024-04-23T18:52:58,610  WARN [main] txn.CompactionTxnHandler: No compaction queue record found for Compaction type transaction commit. txnId:2
2024-04-23T18:52:58,611  INFO [main] ql.Driver: Compiling command(queryId=alex_20240423185258_af92070c-d892-4513-bfb2-3dc476fa6126): insert into t1 values(1,2),(2,2)
2024-04-23T18:52:58,616  INFO [main] txn.TxnHandler: Added entries to MIN_HISTORY_LEVEL for current txns: ([3]) with min_open_txn: 1
2024-04-23T18:52:58,616  INFO [main] lockmgr.DbTxnManager: Opened txnid:3
2024-04-23T18:52:58,617  INFO [main] parse.CalcitePlanner: Starting caching scope for: 
2024-04-23T18:52:58,617  INFO [main] parse.CalcitePlanner: Starting Semantic Analysis
2024-04-23T18:52:58,623  INFO [main] HiveMetaStore.audit: ugi=alex	ip=unknown-ip-addr	cmd=get_table : tbl=hive.default.t1	
2024-04-23T18:52:58,652  INFO [main] metastore.HMSHandler: Skipping translation for processor with null
2024-04-23T18:52:58,652  INFO [main] parse.CalcitePlanner: Completed phase 1 of Semantic Analysis
2024-04-23T18:52:58,652  INFO [main] parse.CalcitePlanner: Get metadata for source tables
2024-04-23T18:52:58,652  INFO [main] parse.CalcitePlanner: Get metadata for subqueries
2024-04-23T18:52:58,652  INFO [main] parse.CalcitePlanner: Get metadata for destination tables
2024-04-23T18:52:58,653  INFO [main] HiveMetaStore.audit: ugi=alex	ip=unknown-ip-addr	cmd=get_table : tbl=hive.default.t1	
2024-04-23T18:52:58,664  INFO [main] metastore.HMSHandler: Skipping translation for processor with null
2024-04-23T18:52:58,664  INFO [main] parse.CalcitePlanner: Completed getting MetaData in Semantic Analysis
2024-04-23T18:52:58,664  INFO [main] parse.CalcitePlanner: Disabling LLAP IO encode as ETL query is detected
2024-04-23T18:52:58,687  INFO [main] HiveMetaStore.audit: ugi=alex	ip=unknown-ip-addr	cmd=get_all_table_constraints : tbl=hive._dummy_database._dummy_table	
2024-04-23T18:52:58,786  INFO [main] parse.CalcitePlanner: Get metadata for source tables
2024-04-23T18:52:58,786  INFO [main] parse.CalcitePlanner: Get metadata for subqueries
2024-04-23T18:52:58,786  INFO [main] parse.CalcitePlanner: Get metadata for source tables
2024-04-23T18:52:58,787  INFO [main] HiveMetaStore.audit: ugi=alex	ip=unknown-ip-addr	cmd=get_table : tbl=hive._dummy_database._dummy_table	
2024-04-23T18:52:58,791  INFO [main] parse.CalcitePlanner: Get metadata for subqueries
2024-04-23T18:52:58,791  INFO [main] parse.CalcitePlanner: Get metadata for destination tables
2024-04-23T18:52:58,791  INFO [main] parse.CalcitePlanner: Get metadata for destination tables
2024-04-23T18:52:58,792  INFO [main] HiveMetaStore.audit: ugi=alex	ip=unknown-ip-addr	cmd=get_table : tbl=hive.default.t1	
2024-04-23T18:52:58,802  INFO [main] metastore.HMSHandler: Skipping translation for processor with null
2024-04-23T18:52:58,805  INFO [main] HiveMetaStore.audit: ugi=alex	ip=unknown-ip-addr	cmd=get_not_null_constraints : tbl=hive.default.t1	
2024-04-23T18:52:58,807  INFO [main] HiveMetaStore.audit: ugi=alex	ip=unknown-ip-addr	cmd=get_check_constraints : tbl=hive.default.t1	
2024-04-23T18:52:58,817  INFO [main] txn.TxnHandler: Allocated writeId: 1 for txnId: 3
2024-04-23T18:52:58,818  INFO [main] txn.TxnHandler: Allocated write ids for dbName=default, tblName=t1 (txnIds: [3])
2024-04-23T18:52:58,819  INFO [main] common.FileUtils: Creating directory if it doesn't exist: pfile:/home/alex/Repositories/hive/ql/target/warehouse/t1/.hive-staging_hive_2024-04-23_18-52-58_611_257684779038240688-1
2024-04-23T18:52:58,824  INFO [main] parse.CalcitePlanner: Generate an operator pipeline to autogather column stats for table t1 in query insert into t1 values(1,2),(2,2)
2024-04-23T18:52:58,826  INFO [main] HiveMetaStore.audit: ugi=alex	ip=unknown-ip-addr	cmd=get_table : tbl=hive.default.t1	
2024-04-23T18:52:58,837  INFO [main] metastore.HMSHandler: Skipping translation for processor with null
2024-04-23T18:52:58,842  INFO [main] parse.CalcitePlanner: Get metadata for source tables
2024-04-23T18:52:58,845  INFO [main] HiveMetaStore.audit: ugi=alex	ip=unknown-ip-addr	cmd=get_table : tbl=hive.default.t1	
2024-04-23T18:52:58,857  INFO [main] metastore.HMSHandler: Skipping translation for processor with null
2024-04-23T18:52:58,858  INFO [main] parse.CalcitePlanner: Get metadata for subqueries
2024-04-23T18:52:58,858  INFO [main] parse.CalcitePlanner: Get metadata for destination tables
2024-04-23T18:52:58,865  INFO [main] common.FileUtils: Creating directory if it doesn't exist: file:/home/alex/Repositories/hive/ql/target/tmp/localscratchdir/a8c1c011-dbf2-4556-9828-3c682b932083/hive_2024-04-23_18-52-58_824_3515923327756732454-1/-mr-10000/.hive-staging_hive_2024-04-23_18-52-58_824_3515923327756732454-1
2024-04-23T18:52:58,873  INFO [main] parse.CalcitePlanner: CBO Succeeded; optimized logical plan.
2024-04-23T18:52:58,883  INFO [main] optimizer.ColumnPrunerProcFactory: RS 8 oldColExprMap: {VALUE._col1=Column[_col1], VALUE._col0=Column[_col0], VALUE._col2=Column[_col2], VALUE._col3=Column[_col3], VALUE._col8=Column[_col8], VALUE._col5=Column[_col5], VALUE._col4=Column[_col4], VALUE._col6=Column[_col6], VALUE._col7=Column[_col7]}
2024-04-23T18:52:58,884  INFO [main] optimizer.ColumnPrunerProcFactory: RS 8 newColExprMap: {VALUE._col1=Column[_col1], VALUE._col0=Column[_col0], VALUE._col3=Column[_col3], VALUE._col4=Column[_col4], VALUE._col8=Column[_col8], VALUE._col2=Column[_col2], VALUE._col5=Column[_col5], VALUE._col7=Column[_col7], VALUE._col6=Column[_col6]}
2024-04-23T18:52:58,885  INFO [main] optimizer.BucketVersionPopulator: not considering bucketingVersion for: TS[0] because it has -1<2 buckets 
2024-04-23T18:52:58,887  INFO [main] optimizer.SortedDynPartitionOptimizer: Sorted dynamic partitioning optimization kicked in..
2024-04-23T18:52:58,887  INFO [main] optimizer.SortedDynPartitionOptimizer: Sorted dynamic partitioning optimization kicked in..
2024-04-23T18:52:58,897  INFO [main] HiveMetaStore.audit: ugi=alex	ip=unknown-ip-addr	cmd=get_table : tbl=hive.default.t1	
2024-04-23T18:52:58,906  INFO [main] metastore.HMSHandler: Skipping translation for processor with null
2024-04-23T18:52:58,908  INFO [main] common.HiveStatsUtils: Error requested is 20.0%
2024-04-23T18:52:58,908  INFO [main] common.HiveStatsUtils: Choosing 16 bit vectors..
2024-04-23T18:52:58,908  INFO [main] parse.CalcitePlanner: Completed plan generation
2024-04-23T18:52:58,908  INFO [main] parse.CalcitePlanner: Ending caching scope for: 
2024-04-23T18:52:58,908  INFO [main] ql.Driver: Semantic Analysis Completed (retrial = false)
2024-04-23T18:52:58,908  INFO [main] ql.Driver: Created Hive schema: Schema(fieldSchemas:[FieldSchema(name:col1, type:int, comment:null), FieldSchema(name:col2, type:int, comment:null)], properties:null)
2024-04-23T18:52:58,908  INFO [main] metadata.Hive: Dumping metastore api call timing information for : compilation phase
2024-04-23T18:52:58,909  INFO [main] metadata.Hive: Total time spent in each metastore function (ms): {getTable_(GetTableRequest)=85, allocateTableWriteId_(long, String, String)=10, flushCache_()=0, getAllTableConstraints_(AllTableConstraintsRequest)=46, openTxn_(String, TxnType)=3, isCompatibleWith_(Configuration)=1, getValidTxns_(long)=1, getNotNullConstraints_(NotNullConstraintsRequest)=2, getValidWriteIds_(List, String)=9, getCheckConstraints_(CheckConstraintsRequest)=1, commitTxn_(CommitTxnRequest)=14}
2024-04-23T18:52:58,909  INFO [main] ql.Driver: Completed compiling command(queryId=alex_20240423185258_af92070c-d892-4513-bfb2-3dc476fa6126); Time taken: 0.297 seconds
2024-04-23T18:52:58,909  INFO [main] lockmgr.DbTxnManager: Setting lock request transaction to txnid:3 for queryId=alex_20240423185258_af92070c-d892-4513-bfb2-3dc476fa6126
2024-04-23T18:52:58,909  INFO [main] lockmgr.DbLockManager: Requesting lock for queryId=alex_20240423185258_af92070c-d892-4513-bfb2-3dc476fa6126
2024-04-23T18:52:58,934  INFO [main] lockmgr.DbLockManager: Response to queryId=alex_20240423185258_af92070c-d892-4513-bfb2-3dc476fa6126 LockResponse(lockid:2, state:ACQUIRED)
2024-04-23T18:52:58,934  INFO [main] ql.Driver: Operation QUERY obtained 1 locks
2024-04-23T18:52:58,935  INFO [main] ql.Driver: Executing command(queryId=alex_20240423185258_af92070c-d892-4513-bfb2-3dc476fa6126): insert into t1 values(1,2),(2,2)
PREHOOK: query: insert into t1 values(1,2),(2,2)
2024-04-23T18:52:58,935  INFO [main] SessionState: PREHOOK: query: insert into t1 values(1,2),(2,2)
PREHOOK: type: QUERY
2024-04-23T18:52:58,935  INFO [main] SessionState: PREHOOK: type: QUERY
PREHOOK: Input: _dummy_database@_dummy_table
2024-04-23T18:52:58,935  INFO [main] SessionState: PREHOOK: Input: _dummy_database@_dummy_table
PREHOOK: Output: default@t1
2024-04-23T18:52:58,935  INFO [main] SessionState: PREHOOK: Output: default@t1
2024-04-23T18:52:58,936  WARN [main] ql.Driver: Hive-on-MR is deprecated in Hive 2 and may not be available in the future versions. Consider using a different execution engine (i.e. tez, spark) or using Hive 1.X releases.
Query ID = alex_20240423185258_af92070c-d892-4513-bfb2-3dc476fa6126
2024-04-23T18:52:58,936  INFO [main] ql.Driver: Query ID = alex_20240423185258_af92070c-d892-4513-bfb2-3dc476fa6126
Total jobs = 1
2024-04-23T18:52:58,936  INFO [main] ql.Driver: Total jobs = 1
Launching Job 1 out of 1
2024-04-23T18:52:58,936  INFO [main] ql.Driver: Launching Job 1 out of 1
2024-04-23T18:52:59,058  INFO [main] ql.Driver: Starting task [Stage-1:MAPRED] in serial mode
Number of reduce tasks determined at compile time: 1
2024-04-23T18:52:59,058  INFO [main] exec.Task: Number of reduce tasks determined at compile time: 1
In order to change the average load for a reducer (in bytes):
2024-04-23T18:52:59,058  INFO [main] exec.Task: In order to change the average load for a reducer (in bytes):
  set hive.exec.reducers.bytes.per.reducer=<number>
2024-04-23T18:52:59,058  INFO [main] exec.Task:   set hive.exec.reducers.bytes.per.reducer=<number>
In order to limit the maximum number of reducers:
2024-04-23T18:52:59,059  INFO [main] exec.Task: In order to limit the maximum number of reducers:
  set hive.exec.reducers.max=<number>
2024-04-23T18:52:59,059  INFO [main] exec.Task:   set hive.exec.reducers.max=<number>
In order to set a constant number of reducers:
2024-04-23T18:52:59,059  INFO [main] exec.Task: In order to set a constant number of reducers:
  set mapreduce.job.reduces=<number>
2024-04-23T18:52:59,059  INFO [main] exec.Task:   set mapreduce.job.reduces=<number>
2024-04-23T18:52:59,061  INFO [main] mr.ExecDriver: Using org.apache.hadoop.hive.ql.io.CombineHiveInputFormat
2024-04-23T18:52:59,062  INFO [main] exec.Utilities: Processing alias $hdt$_0:_dummy_table
2024-04-23T18:52:59,062  INFO [main] exec.Utilities: Adding 1 inputs; the first input is file:/home/alex/Repositories/hive/ql/target/tmp/localscratchdir/a8c1c011-dbf2-4556-9828-3c682b932083/hive_2024-04-23_18-52-58_611_257684779038240688-1/dummy_path
2024-04-23T18:52:59,072  INFO [main] exec.SerializationUtilities: Serializing MapWork using kryo
2024-04-23T18:52:59,074  INFO [main] exec.Utilities: Serialized plan (via FILE) - name: null size: 8,00KB
2024-04-23T18:52:59,079  INFO [main] exec.SerializationUtilities: Serializing ReduceWork using kryo
2024-04-23T18:52:59,081  INFO [main] exec.Utilities: Serialized plan (via FILE) - name: null size: 11,23KB
2024-04-23T18:52:59,082  WARN [main] impl.MetricsSystemImpl: JobTracker metrics system already initialized!
2024-04-23T18:52:59,086  INFO [main] fs.FSStatsPublisher: created : pfile:/home/alex/Repositories/hive/ql/target/warehouse/t1/.hive-staging_hive_2024-04-23_18-52-58_611_257684779038240688-1/-ext-10000
2024-04-23T18:52:59,088  INFO [main] fs.FSStatsPublisher: created : file:/home/alex/Repositories/hive/ql/target/tmp/localscratchdir/a8c1c011-dbf2-4556-9828-3c682b932083/hive_2024-04-23_18-52-58_824_3515923327756732454-1/-mr-10002
2024-04-23T18:52:59,093  WARN [main] impl.MetricsSystemImpl: JobTracker metrics system already initialized!
2024-04-23T18:52:59,101  WARN [main] mapreduce.JobResourceUploader: Hadoop command-line option parsing not performed. Implement the Tool interface and execute your application with ToolRunner to remedy this.
2024-04-23T18:52:59,105  WARN [main] mapreduce.JobResourceUploader: No job jar file set.  User classes may not be found. See Job or Job#setJar(String).
2024-04-23T18:52:59,105  INFO [main] io.CombineHiveInputFormat: Total number of paths: 1, launching 1 threads to check non-combinable ones.
2024-04-23T18:52:59,107  INFO [main] io.CombineHiveInputFormat: CombineHiveInputSplit creating pool for file:/home/alex/Repositories/hive/ql/target/tmp/localscratchdir/a8c1c011-dbf2-4556-9828-3c682b932083/hive_2024-04-23_18-52-58_611_257684779038240688-1/dummy_path; using filter path file:/home/alex/Repositories/hive/ql/target/tmp/localscratchdir/a8c1c011-dbf2-4556-9828-3c682b932083/hive_2024-04-23_18-52-58_611_257684779038240688-1/dummy_path
2024-04-23T18:52:59,111  INFO [main] input.FileInputFormat: Total input files to process : 1
2024-04-23T18:52:59,112  INFO [main] input.CombineFileInputFormat: DEBUG: Terminated node allocation with : CompletedNodes: 1, size left: 0
2024-04-23T18:52:59,112  INFO [main] io.CombineHiveInputFormat: Number of all splits 1
2024-04-23T18:52:59,130  INFO [main] mapreduce.JobSubmitter: number of splits:1
2024-04-23T18:52:59,155  INFO [main] mapreduce.JobSubmitter: Submitting tokens for job: job_local1519802632_0002
2024-04-23T18:52:59,156  INFO [main] mapreduce.JobSubmitter: Executing with tokens: []
2024-04-23T18:52:59,229  INFO [main] mapreduce.Job: The url to track the job: http://localhost:8080/
Job running in-process (local Hadoop)
2024-04-23T18:52:59,229  INFO [main] exec.Task: Job running in-process (local Hadoop)
2024-04-23T18:52:59,230  INFO [Thread-159] mapred.LocalJobRunner: OutputCommitter set in config org.apache.hadoop.hive.ql.io.HiveFileFormatUtils$NullOutputCommitter
2024-04-23T18:52:59,230  INFO [Thread-159] mapred.LocalJobRunner: OutputCommitter is org.apache.hadoop.hive.ql.io.HiveFileFormatUtils$NullOutputCommitter
2024-04-23T18:52:59,232  INFO [Thread-159] mapred.LocalJobRunner: Waiting for map tasks
2024-04-23T18:52:59,232  INFO [LocalJobRunner Map Task Executor #0] mapred.LocalJobRunner: Starting task: attempt_local1519802632_0002_m_000000_0
2024-04-23T18:52:59,235  INFO [LocalJobRunner Map Task Executor #0] mapred.Task:  Using ResourceCalculatorProcessTree : [ ]
2024-04-23T18:52:59,236  INFO [LocalJobRunner Map Task Executor #0] mapred.MapTask: Processing split: Paths:/home/alex/Repositories/hive/ql/target/tmp/localscratchdir/a8c1c011-dbf2-4556-9828-3c682b932083/hive_2024-04-23_18-52-58_611_257684779038240688-1/dummy_path/dummy_file:0+1InputFormatClass: org.apache.hadoop.hive.ql.io.NullRowsInputFormat

2024-04-23T18:52:59,238  INFO [LocalJobRunner Map Task Executor #0] exec.SerializationUtilities: Deserializing MapWork using kryo
2024-04-23T18:52:59,240  INFO [LocalJobRunner Map Task Executor #0] exec.Utilities: Deserialized plan (via FILE) - name: null size: 8,00KB
2024-04-23T18:52:59,241  INFO [LocalJobRunner Map Task Executor #0] mapred.MapTask: numReduceTasks: 1
2024-04-23T18:52:59,246  INFO [LocalJobRunner Map Task Executor #0] mapred.MapTask: (EQUATOR) 0 kvi 26214396(104857584)
2024-04-23T18:52:59,246  INFO [LocalJobRunner Map Task Executor #0] mapred.MapTask: mapreduce.task.io.sort.mb: 100
2024-04-23T18:52:59,246  INFO [LocalJobRunner Map Task Executor #0] mapred.MapTask: soft limit at 83886080
2024-04-23T18:52:59,246  INFO [LocalJobRunner Map Task Executor #0] mapred.MapTask: bufstart = 0; bufvoid = 104857600
2024-04-23T18:52:59,246  INFO [LocalJobRunner Map Task Executor #0] mapred.MapTask: kvstart = 26214396; length = 6553600
2024-04-23T18:52:59,247  INFO [LocalJobRunner Map Task Executor #0] mapred.MapTask: Map output collector class = org.apache.hadoop.mapred.MapTask$MapOutputBuffer
2024-04-23T18:52:59,247  INFO [LocalJobRunner Map Task Executor #0] exec.MapOperator: Initializing Operator: MAP[0]
2024-04-23T18:52:59,248  INFO [LocalJobRunner Map Task Executor #0] mr.ExecMapper: 
<MAP>Id =0
  <Children>null
  <\Children>
  <Parent><\Parent>
<\MAP>
2024-04-23T18:52:59,248  INFO [LocalJobRunner Map Task Executor #0] exec.TableScanOperator: Initializing Operator: TS[0]
2024-04-23T18:52:59,248  INFO [LocalJobRunner Map Task Executor #0] exec.SelectOperator: Initializing Operator: SEL[1]
2024-04-23T18:52:59,249  INFO [LocalJobRunner Map Task Executor #0] exec.SelectOperator: SELECT null
2024-04-23T18:52:59,249  INFO [LocalJobRunner Map Task Executor #0] exec.UDTFOperator: Initializing Operator: UDTF[2]
2024-04-23T18:52:59,249  INFO [LocalJobRunner Map Task Executor #0] exec.SelectOperator: Initializing Operator: SEL[3]
2024-04-23T18:52:59,249  INFO [LocalJobRunner Map Task Executor #0] exec.SelectOperator: SELECT struct<col1:int,col2:int>
2024-04-23T18:52:59,249  INFO [LocalJobRunner Map Task Executor #0] exec.FileSinkOperator: Initializing Operator: FS[4]
2024-04-23T18:52:59,250  INFO [LocalJobRunner Map Task Executor #0] exec.FileSinkOperator: Using serializer : AbstractSerDe [log=org.apache.logging.slf4j.Log4jLogger@245801d6, configuration=Optional[Configuration: core-default.xml, core-site.xml, mapred-default.xml, mapred-site.xml, yarn-default.xml, yarn-site.xml, hdfs-default.xml, hdfs-site.xml, file:/home/alex/Repositories/hive/ql/target/tmp/hadoop-tmp/mapred/local/localRunner/alex/job_local1519802632_0002/job_local1519802632_0002.xml], properties={transactional_properties=default, name=default.t1, transactional=true, columns.types=int:int, columns=a,b, numFilesErasureCoded=0, columns.comments=&amp#0;, bucketing_version=2, serialization.lib=org.apache.hadoop.hive.ql.io.orc.OrcSerde, file.inputformat=org.apache.hadoop.hive.ql.io.orc.OrcInputFormat, file.outputformat=org.apache.hadoop.hive.ql.io.orc.OrcOutputFormat, location=pfile:/home/alex/Repositories/hive/ql/target/warehouse/t1, column.name.delimiter=,}, tableProperties={transactional_properties=default, name=default.t1, transactional=true, columns.types=int:int, columns=a,b, numFilesErasureCoded=0, columns.comments=&amp#0;, bucketing_version=2, serialization.lib=org.apache.hadoop.hive.ql.io.orc.OrcSerde, file.inputformat=org.apache.hadoop.hive.ql.io.orc.OrcInputFormat, location=pfile:/home/alex/Repositories/hive/ql/target/warehouse/t1, file.outputformat=org.apache.hadoop.hive.ql.io.orc.OrcOutputFormat, column.name.delimiter=,}, partitionProperties=Optional.empty, columnNames=[a, b], columnTypes=[int, int], getClass()=class org.apache.hadoop.hive.ql.io.orc.OrcSerde] and formatter : org.apache.hadoop.hive.ql.io.orc.OrcOutputFormat@ba26dc0
2024-04-23T18:52:59,250  INFO [LocalJobRunner Map Task Executor #0] exec.SelectOperator: Initializing Operator: SEL[6]
2024-04-23T18:52:59,250  INFO [LocalJobRunner Map Task Executor #0] exec.SelectOperator: SELECT struct<_col0:int,_col1:int>
2024-04-23T18:52:59,250  INFO [LocalJobRunner Map Task Executor #0] exec.GroupByOperator: Initializing Operator: GBY[7]
2024-04-23T18:52:59,250  INFO [LocalJobRunner Map Task Executor #0] exec.GroupByOperator: Max hash table memory: 954466304 bytes
2024-04-23T18:52:59,251  INFO [LocalJobRunner Map Task Executor #0] exec.GroupByOperator: isTez: false isLlap: false numExecutors: 1 maxMemory: 1908932608
2024-04-23T18:52:59,251  INFO [LocalJobRunner Map Task Executor #0] exec.ReduceSinkOperator: Initializing Operator: RS[8]
2024-04-23T18:52:59,251  INFO [LocalJobRunner Map Task Executor #0] exec.ReduceSinkOperator: Using tag = -1
2024-04-23T18:52:59,252  INFO [LocalJobRunner Map Task Executor #0] exec.FileSinkOperator: Final Path: FS pfile:/home/alex/Repositories/hive/ql/target/warehouse/t1
2024-04-23T18:52:59,252  INFO [LocalJobRunner Map Task Executor #0] exec.FileSinkOperator: New Final Path: FS pfile:/home/alex/Repositories/hive/ql/target/warehouse/t1
2024-04-23T18:52:59,252  INFO [LocalJobRunner Map Task Executor #0] common.FileUtils: Creating directory if it doesn't exist: pfile:/home/alex/Repositories/hive/ql/target/warehouse
2024-04-23T18:52:59,255  INFO [LocalJobRunner Map Task Executor #0] exec.FileSinkOperator: FS[4]: records written - 1
2024-04-23T18:52:59,256  INFO [LocalJobRunner Map Task Executor #0] impl.PhysicalFsWriter: ORC writer created for path: pfile:/home/alex/Repositories/hive/ql/target/warehouse/t1/delta_0000001_0000001_0000/bucket_00000_0 with stripeSize: 8388608 blockSize: 268435456 compression: Compress: ZLIB buffer: 32768
2024-04-23T18:52:59,264  INFO [LocalJobRunner Map Task Executor #0] impl.WriterImpl: ORC writer created for path: pfile:/home/alex/Repositories/hive/ql/target/warehouse/t1/delta_0000001_0000001_0000/bucket_00000_0 with stripeSize: 8388608 options: Compress: ZLIB buffer: 32768
2024-04-23T18:52:59,269  INFO [LocalJobRunner Map Task Executor #0] exec.MapOperator: MAP[0]: records read - 1
2024-04-23T18:52:59,269  INFO [LocalJobRunner Map Task Executor #0] exec.MapOperator: Closing Operator: MAP[0]
2024-04-23T18:52:59,269  INFO [LocalJobRunner Map Task Executor #0] exec.MapOperator: MAP[0]: Total records read - 3. abort - false
2024-04-23T18:52:59,269  INFO [LocalJobRunner Map Task Executor #0] exec.MapOperator: RECORDS_OUT_OPERATOR_MAP_0:0, DESERIALIZE_ERRORS:0, RECORDS_IN:3, RECORDS_OUT_INTERMEDIATE:0, 
2024-04-23T18:52:59,269  INFO [LocalJobRunner Map Task Executor #0] exec.TableScanOperator: Closing Operator: TS[0]
2024-04-23T18:52:59,269  INFO [LocalJobRunner Map Task Executor #0] exec.TableScanOperator: RECORDS_OUT_OPERATOR_TS_0:1, RECORDS_OUT_INTERMEDIATE:0, 
2024-04-23T18:52:59,269  INFO [LocalJobRunner Map Task Executor #0] exec.SelectOperator: Closing Operator: SEL[1]
2024-04-23T18:52:59,269  INFO [LocalJobRunner Map Task Executor #0] exec.SelectOperator: RECORDS_OUT_INTERMEDIATE:0, RECORDS_OUT_OPERATOR_SEL_1:1, 
2024-04-23T18:52:59,269  INFO [LocalJobRunner Map Task Executor #0] exec.UDTFOperator: Closing Operator: UDTF[2]
2024-04-23T18:52:59,269  INFO [LocalJobRunner Map Task Executor #0] exec.UDTFOperator: RECORDS_OUT_INTERMEDIATE:0, RECORDS_OUT_OPERATOR_UDTF_2:2, 
2024-04-23T18:52:59,269  INFO [LocalJobRunner Map Task Executor #0] exec.SelectOperator: Closing Operator: SEL[3]
2024-04-23T18:52:59,269  INFO [LocalJobRunner Map Task Executor #0] exec.SelectOperator: RECORDS_OUT_OPERATOR_SEL_3:2, RECORDS_OUT_INTERMEDIATE:0, 
2024-04-23T18:52:59,270  INFO [LocalJobRunner Map Task Executor #0] exec.FileSinkOperator: Closing Operator: FS[4]
2024-04-23T18:52:59,270  INFO [LocalJobRunner Map Task Executor #0] exec.FileSinkOperator: FS[4]: records written - 2
2024-04-23T18:52:59,276  INFO [LocalJobRunner Map Task Executor #0] FileOperations: Writing manifest to pfile:/home/alex/Repositories/hive/ql/target/warehouse/t1/_tmp.delta_0000001_0000001_0000/000000_0.manifest with [pfile:/home/alex/Repositories/hive/ql/target/warehouse/t1/delta_0000001_0000001_0000/bucket_00000_0]
2024-04-23T18:52:59,290  INFO [LocalJobRunner Map Task Executor #0] exec.FileSinkOperator: RECORDS_OUT_OPERATOR_FS_4:2, RECORDS_OUT_1_default.t1:2, TOTAL_TABLE_ROWS_WRITTEN:2, RECORDS_OUT_INTERMEDIATE:0, 
2024-04-23T18:52:59,290  INFO [LocalJobRunner Map Task Executor #0] exec.SelectOperator: Closing Operator: SEL[6]
2024-04-23T18:52:59,291  INFO [LocalJobRunner Map Task Executor #0] exec.SelectOperator: RECORDS_OUT_INTERMEDIATE:0, RECORDS_OUT_OPERATOR_SEL_6:2, 
2024-04-23T18:52:59,291  INFO [LocalJobRunner Map Task Executor #0] exec.GroupByOperator: Closing Operator: GBY[7]
2024-04-23T18:52:59,291  INFO [LocalJobRunner Map Task Executor #0] exec.GroupByOperator: Begin Hash Table flush: size = 1
2024-04-23T18:52:59,291  INFO [LocalJobRunner Map Task Executor #0] exec.ReduceSinkOperator: keys are [] num distributions: 0
2024-04-23T18:52:59,291  INFO [LocalJobRunner Map Task Executor #0] exec.ReduceSinkOperator: RS[8]: records written - 1
2024-04-23T18:52:59,291  INFO [LocalJobRunner Map Task Executor #0] exec.GroupByOperator: RECORDS_OUT_OPERATOR_GBY_7:1, RECORDS_OUT_INTERMEDIATE:0, 
2024-04-23T18:52:59,291  INFO [LocalJobRunner Map Task Executor #0] exec.ReduceSinkOperator: Closing Operator: RS[8]
2024-04-23T18:52:59,291  INFO [LocalJobRunner Map Task Executor #0] exec.ReduceSinkOperator: RS[8]: Total records written - 1. abort - false
2024-04-23T18:52:59,291  INFO [LocalJobRunner Map Task Executor #0] exec.ReduceSinkOperator: RECORDS_OUT_INTERMEDIATE:1, RECORDS_OUT_OPERATOR_RS_8:1, 
2024-04-23T18:52:59,293  INFO [LocalJobRunner Map Task Executor #0] mapred.LocalJobRunner: 
2024-04-23T18:52:59,293  INFO [LocalJobRunner Map Task Executor #0] mapred.MapTask: Starting flush of map output
2024-04-23T18:52:59,293  INFO [LocalJobRunner Map Task Executor #0] mapred.MapTask: Spilling map output
2024-04-23T18:52:59,293  INFO [LocalJobRunner Map Task Executor #0] mapred.MapTask: bufstart = 0; bufend = 52; bufvoid = 104857600
2024-04-23T18:52:59,293  INFO [LocalJobRunner Map Task Executor #0] mapred.MapTask: kvstart = 26214396(104857584); kvend = 26214396(104857584); length = 1/6553600
2024-04-23T18:52:59,305  INFO [LocalJobRunner Map Task Executor #0] mapred.MapTask: Finished spill 0
2024-04-23T18:52:59,310  INFO [LocalJobRunner Map Task Executor #0] mapred.Task: Task:attempt_local1519802632_0002_m_000000_0 is done. And is in the process of committing
2024-04-23T18:52:59,311  INFO [LocalJobRunner Map Task Executor #0] mapred.LocalJobRunner: map
2024-04-23T18:52:59,311  INFO [LocalJobRunner Map Task Executor #0] mapred.Task: Task 'attempt_local1519802632_0002_m_000000_0' done.
2024-04-23T18:52:59,311  INFO [LocalJobRunner Map Task Executor #0] mapred.Task: Final Counters for attempt_local1519802632_0002_m_000000_0: Counters: 32
	File System Counters
		FILE: Number of bytes read=28766
		FILE: Number of bytes written=2321709
		FILE: Number of read operations=0
		FILE: Number of large read operations=0
		FILE: Number of write operations=0
	Map-Reduce Framework
		Map input records=4
		Map output records=1
		Map output bytes=52
		Map output materialized bytes=60
		Input split bytes=335
		Combine input records=0
		Spilled Records=1
		Failed Shuffles=0
		Merged Map outputs=0
		GC time elapsed (ms)=0
		Total committed heap usage (bytes)=915406848
	HIVE
		CREATED_FILES=1
		DESERIALIZE_ERRORS=0
		RECORDS_IN=3
		RECORDS_OUT_1_default.t1=2
		RECORDS_OUT_INTERMEDIATE=1
		RECORDS_OUT_OPERATOR_FS_4=2
		RECORDS_OUT_OPERATOR_GBY_7=1
		RECORDS_OUT_OPERATOR_MAP_0=0
		RECORDS_OUT_OPERATOR_RS_8=1
		RECORDS_OUT_OPERATOR_SEL_1=1
		RECORDS_OUT_OPERATOR_SEL_3=2
		RECORDS_OUT_OPERATOR_SEL_6=2
		RECORDS_OUT_OPERATOR_TS_0=1
		RECORDS_OUT_OPERATOR_UDTF_2=2
		TOTAL_TABLE_ROWS_WRITTEN=2
	File Input Format Counters 
		Bytes Read=0
2024-04-23T18:52:59,312  INFO [LocalJobRunner Map Task Executor #0] mapred.LocalJobRunner: Finishing task: attempt_local1519802632_0002_m_000000_0
2024-04-23T18:52:59,312  INFO [Thread-159] mapred.LocalJobRunner: map task executor complete.
2024-04-23T18:52:59,313  INFO [Thread-159] mapred.LocalJobRunner: Waiting for reduce tasks
2024-04-23T18:52:59,313  INFO [pool-21-thread-1] mapred.LocalJobRunner: Starting task: attempt_local1519802632_0002_r_000000_0
2024-04-23T18:52:59,315  INFO [pool-21-thread-1] mapred.Task:  Using ResourceCalculatorProcessTree : [ ]
2024-04-23T18:52:59,316  INFO [pool-21-thread-1] mapred.ReduceTask: Using ShuffleConsumerPlugin: org.apache.hadoop.mapreduce.task.reduce.Shuffle@4c82cc2c
2024-04-23T18:52:59,316  WARN [pool-21-thread-1] impl.MetricsSystemImpl: JobTracker metrics system already initialized!
2024-04-23T18:52:59,317  INFO [pool-21-thread-1] reduce.MergeManagerImpl: MergerManager: memoryLimit=1336252800, maxSingleShuffleLimit=334063200, mergeThreshold=881926912, ioSortFactor=10, memToMemMergeOutputsThreshold=10
2024-04-23T18:52:59,318  INFO [EventFetcher for fetching Map Completion Events] reduce.EventFetcher: attempt_local1519802632_0002_r_000000_0 Thread started: EventFetcher for fetching Map Completion Events
2024-04-23T18:52:59,321  INFO [localfetcher#2] reduce.LocalFetcher: localfetcher#2 about to shuffle output of map attempt_local1519802632_0002_m_000000_0 decomp: 56 len: 60 to MEMORY
2024-04-23T18:52:59,321  INFO [localfetcher#2] reduce.InMemoryMapOutput: Read 56 bytes from map-output for attempt_local1519802632_0002_m_000000_0
2024-04-23T18:52:59,321  INFO [localfetcher#2] reduce.MergeManagerImpl: closeInMemoryFile -> map-output of size: 56, inMemoryMapOutputs.size() -> 1, commitMemory -> 0, usedMemory ->56
2024-04-23T18:52:59,321  INFO [EventFetcher for fetching Map Completion Events] reduce.EventFetcher: EventFetcher is interrupted.. Returning
2024-04-23T18:52:59,322  INFO [pool-21-thread-1] mapred.LocalJobRunner: 1 / 1 copied.
2024-04-23T18:52:59,322  INFO [pool-21-thread-1] reduce.MergeManagerImpl: finalMerge called with 1 in-memory map-outputs and 0 on-disk map-outputs
2024-04-23T18:52:59,328  INFO [pool-21-thread-1] mapred.Merger: Merging 1 sorted segments
2024-04-23T18:52:59,328  INFO [pool-21-thread-1] mapred.Merger: Down to the last merge-pass, with 1 segments left of total size: 49 bytes
2024-04-23T18:52:59,331  INFO [pool-21-thread-1] reduce.MergeManagerImpl: Merged 1 segments, 56 bytes to disk to satisfy reduce memory limit
2024-04-23T18:52:59,331  INFO [pool-21-thread-1] reduce.MergeManagerImpl: Merging 1 files, 60 bytes from disk
2024-04-23T18:52:59,331  INFO [pool-21-thread-1] reduce.MergeManagerImpl: Merging 0 segments, 0 bytes from memory into reduce
2024-04-23T18:52:59,331  INFO [pool-21-thread-1] mapred.Merger: Merging 1 sorted segments
2024-04-23T18:52:59,331  INFO [pool-21-thread-1] mapred.Merger: Down to the last merge-pass, with 1 segments left of total size: 49 bytes
2024-04-23T18:52:59,331  INFO [pool-21-thread-1] mapred.LocalJobRunner: 1 / 1 copied.
2024-04-23T18:52:59,332  INFO [pool-21-thread-1] exec.SerializationUtilities: Deserializing ReduceWork using kryo
2024-04-23T18:52:59,333  INFO [pool-21-thread-1] exec.Utilities: Deserialized plan (via FILE) - name: null size: 11,23KB
2024-04-23T18:52:59,334  INFO [pool-21-thread-1] ExecReducer: 
<GBY>Id =9
  <Children>
    <SEL>Id =10
      <Children>
        <FS>Id =11
          <Children>
          <\Children>
          <Parent>Id = 10 null<\Parent>
        <\FS>
      <\Children>
      <Parent>Id = 9 null<\Parent>
    <\SEL>
  <\Children>
  <Parent><\Parent>
<\GBY>
2024-04-23T18:52:59,334  INFO [pool-21-thread-1] exec.GroupByOperator: Initializing Operator: GBY[9]
2024-04-23T18:52:59,335  INFO [pool-21-thread-1] exec.GroupByOperator: isTez: false isLlap: false numExecutors: 1 maxMemory: 1908932608
2024-04-23T18:52:59,335  INFO [pool-21-thread-1] exec.SelectOperator: Initializing Operator: SEL[10]
2024-04-23T18:52:59,335  INFO [pool-21-thread-1] exec.SelectOperator: SELECT struct<_col0:int,_col1:int,_col2:bigint,_col3:bigint,_col4:binary,_col5:int,_col6:int,_col7:bigint,_col8:binary>
2024-04-23T18:52:59,336  INFO [pool-21-thread-1] exec.FileSinkOperator: Initializing Operator: FS[11]
2024-04-23T18:52:59,337  INFO [pool-21-thread-1] exec.FileSinkOperator: Using serializer : class org.apache.hadoop.hive.serde2.lazy.LazySimpleSerDe [serdeParams=org.apache.hadoop.hive.serde2.lazy.LazySerDeParameters@52927941, cachedObjectInspector=org.apache.hadoop.hive.serde2.lazy.objectinspector.LazySimpleStructObjectInspector<org.apache.hadoop.hive.serde2.lazy.objectinspector.primitive.LazyStringObjectInspector@2433bcd4,org.apache.hadoop.hive.serde2.lazy.objectinspector.primitive.LazyLongObjectInspector@75d9b73c,org.apache.hadoop.hive.serde2.lazy.objectinspector.primitive.LazyLongObjectInspector@75d9b73c,org.apache.hadoop.hive.serde2.lazy.objectinspector.primitive.LazyLongObjectInspector@75d9b73c,org.apache.hadoop.hive.serde2.lazy.objectinspector.primitive.LazyLongObjectInspector@75d9b73c,org.apache.hadoop.hive.serde2.lazy.objectinspector.primitive.LazyBinaryObjectInspector@5f1a3c4,org.apache.hadoop.hive.serde2.lazy.objectinspector.primitive.LazyStringObjectInspector@2433bcd4,org.apache.hadoop.hive.serde2.lazy.objectinspector.primitive.LazyLongObjectInspector@75d9b73c,org.apache.hadoop.hive.serde2.lazy.objectinspector.primitive.LazyLongObjectInspector@75d9b73c,org.apache.hadoop.hive.serde2.lazy.objectinspector.primitive.LazyLongObjectInspector@75d9b73c,org.apache.hadoop.hive.serde2.lazy.objectinspector.primitive.LazyLongObjectInspector@75d9b73c,org.apache.hadoop.hive.serde2.lazy.objectinspector.primitive.LazyBinaryObjectInspector@5f1a3c4>, serializedSize=0, stats=org.apache.hadoop.hive.serde2.SerDeStats@42192309, lastOperationSerialize=false, lastOperationDeserialize=false [1, 2, 3, 4, 5, 6, 7, 8, 11, 14, 15, 16, 17, 18, 19, 20, 21, 22, 23, 24, 25, 26, 28, 29, 30, 31, -128, -127, -126, -125, -124, -123, -122, -121, -120, -119, -118, -117, -116, -115, -114, -113, -112, -111, -110, -109, -108, -107, -106, -105, -104, -103, -102, -101, -100, -99, -98, -97, -96, -95, -94, -93, -92, -91, -90, -89, -88, -87, -86, -85, -84, -83, -82, -81, -80, -79, -78, -77, -76, -75, -74, -73, -72, -71, -70, -69, -68, -67, -66, -65, -64, -63, -62, -61, -60, -59, -58, -57, -56, -55, -54, -53, -52, -51, -50, -49, -48, -47, -46, -45, -44, -43, -42, -41, -40, -39, -38, -37, -36, -35, -34, -33, -32, -31, -30, -29, -28, -27, -26, -25, -24, -23, -22, -21, -20, -19, -18, -17, -16, -15, -14, -13, -12, -11, -10, -9, -8, -7, -6, -5, -4, -3, -2, -1] : [_col0, _col1, _col2, _col3, _col4, _col5, _col6, _col7, _col8, _col9, _col10, _col11] : [string, bigint, bigint, bigint, bigint, binary, string, bigint, bigint, bigint, bigint, binary]] and formatter : org.apache.hadoop.hive.ql.io.HiveSequenceFileOutputFormat@58f55712
2024-04-23T18:52:59,338  INFO [pool-21-thread-1] exec.GroupByOperator: Closing Operator: GBY[9]
2024-04-23T18:52:59,338  INFO [pool-21-thread-1] exec.FileSinkOperator: Final Path: FS file:/home/alex/Repositories/hive/ql/target/tmp/localscratchdir/a8c1c011-dbf2-4556-9828-3c682b932083/hive_2024-04-23_18-52-58_824_3515923327756732454-1/-mr-10000/.hive-staging_hive_2024-04-23_18-52-58_824_3515923327756732454-1/_tmp.-ext-10001/000000_0
2024-04-23T18:52:59,338  INFO [pool-21-thread-1] exec.FileSinkOperator: Writing to temp file: FS file:/home/alex/Repositories/hive/ql/target/tmp/localscratchdir/a8c1c011-dbf2-4556-9828-3c682b932083/hive_2024-04-23_18-52-58_824_3515923327756732454-1/-mr-10000/.hive-staging_hive_2024-04-23_18-52-58_824_3515923327756732454-1/_task_tmp.-ext-10001/_tmp.000000_0
2024-04-23T18:52:59,338  INFO [pool-21-thread-1] exec.FileSinkOperator: New Final Path: FS file:/home/alex/Repositories/hive/ql/target/tmp/localscratchdir/a8c1c011-dbf2-4556-9828-3c682b932083/hive_2024-04-23_18-52-58_824_3515923327756732454-1/-mr-10000/.hive-staging_hive_2024-04-23_18-52-58_824_3515923327756732454-1/_tmp.-ext-10001/000000_0
2024-04-23T18:52:59,345  INFO [pool-21-thread-1] exec.FileSinkOperator: FS[11]: records written - 1
2024-04-23T18:52:59,346  INFO [pool-21-thread-1] exec.GroupByOperator: RECORDS_OUT_INTERMEDIATE:0, RECORDS_OUT_OPERATOR_GBY_9:1, 
2024-04-23T18:52:59,346  INFO [pool-21-thread-1] exec.SelectOperator: Closing Operator: SEL[10]
2024-04-23T18:52:59,346  INFO [pool-21-thread-1] exec.SelectOperator: RECORDS_OUT_INTERMEDIATE:0, RECORDS_OUT_OPERATOR_SEL_10:1, 
2024-04-23T18:52:59,346  INFO [pool-21-thread-1] exec.FileSinkOperator: Closing Operator: FS[11]
2024-04-23T18:52:59,346  INFO [pool-21-thread-1] exec.FileSinkOperator: FS[11]: records written - 1
2024-04-23T18:52:59,346  INFO [pool-21-thread-1] exec.FileSinkOperator: RECORDS_OUT_0:1, RECORDS_OUT_INTERMEDIATE:0, RECORDS_OUT_OPERATOR_FS_11:1, 
2024-04-23T18:52:59,347  INFO [pool-21-thread-1] mapred.Task: Task:attempt_local1519802632_0002_r_000000_0 is done. And is in the process of committing
2024-04-23T18:52:59,348  INFO [pool-21-thread-1] mapred.LocalJobRunner: reduce > reduce
2024-04-23T18:52:59,348  INFO [pool-21-thread-1] mapred.Task: Task 'attempt_local1519802632_0002_r_000000_0' done.
2024-04-23T18:52:59,348  INFO [pool-21-thread-1] mapred.Task: Final Counters for attempt_local1519802632_0002_r_000000_0: Counters: 30
	File System Counters
		FILE: Number of bytes read=40247
		FILE: Number of bytes written=2321951
		FILE: Number of read operations=0
		FILE: Number of large read operations=0
		FILE: Number of write operations=0
	Map-Reduce Framework
		Combine input records=0
		Combine output records=0
		Reduce input groups=1
		Reduce shuffle bytes=60
		Reduce input records=1
		Reduce output records=0
		Spilled Records=1
		Shuffled Maps =1
		Failed Shuffles=0
		Merged Map outputs=1
		GC time elapsed (ms)=0
		Total committed heap usage (bytes)=915406848
	HIVE
		CREATED_FILES=1
		RECORDS_OUT_0=1
		RECORDS_OUT_INTERMEDIATE=0
		RECORDS_OUT_OPERATOR_FS_11=1
		RECORDS_OUT_OPERATOR_GBY_9=1
		RECORDS_OUT_OPERATOR_SEL_10=1
	Shuffle Errors
		BAD_ID=0
		CONNECTION=0
		IO_ERROR=0
		WRONG_LENGTH=0
		WRONG_MAP=0
		WRONG_REDUCE=0
	File Output Format Counters 
		Bytes Written=0
2024-04-23T18:52:59,348  INFO [pool-21-thread-1] mapred.LocalJobRunner: Finishing task: attempt_local1519802632_0002_r_000000_0
2024-04-23T18:52:59,348  INFO [Thread-159] mapred.LocalJobRunner: reduce task executor complete.
2024-04-23 18:53:00,240 Stage-1 map = 100%,  reduce = 100%
2024-04-23T18:53:00,240  INFO [main] exec.Task: 2024-04-23 18:53:00,240 Stage-1 map = 100%,  reduce = 100%
Ended Job = job_local1519802632_0002
2024-04-23T18:53:00,242  INFO [main] exec.Task: Ended Job = job_local1519802632_0002
2024-04-23T18:53:00,246  INFO [main] FileOperations: Found manifest file pfile:/home/alex/Repositories/hive/ql/target/warehouse/t1/_tmp.delta_0000001_0000001_0000/000000_0.manifest with attemptId 0.
2024-04-23T18:53:00,246  INFO [main] FileOperations: Looking at manifest file: pfile:/home/alex/Repositories/hive/ql/target/warehouse/t1/_tmp.delta_0000001_0000001_0000/000000_0.manifest
2024-04-23T18:53:00,247  INFO [main] FileOperations: Deleting manifest directory pfile:/home/alex/Repositories/hive/ql/target/warehouse/t1/_tmp.delta_0000001_0000001_0000
2024-04-23T18:53:00,255  INFO [main] ql.Driver: Starting task [Stage-0:MOVE] in serial mode
Loading data to table default.t1
2024-04-23T18:53:00,255  INFO [main] exec.Task: Loading data to table default.t1 from pfile:/home/alex/Repositories/hive/ql/target/warehouse/t1
2024-04-23T18:53:00,255  INFO [main] HiveMetaStore.audit: ugi=alex	ip=unknown-ip-addr	cmd=get_table : tbl=hive.default.t1	
2024-04-23T18:53:00,265  INFO [main] metastore.HMSHandler: Skipping translation for processor with null
2024-04-23T18:53:00,265  INFO [main] HiveMetaStore.audit: ugi=alex	ip=unknown-ip-addr	cmd=get_table : tbl=hive.default.t1	
2024-04-23T18:53:00,274  INFO [main] metastore.HMSHandler: Skipping translation for processor with null
2024-04-23T18:53:00,275  INFO [main] HiveMetaStore.audit: ugi=alex	ip=unknown-ip-addr	cmd=alter_table: hive.default.t1 newtbl=t1	
2024-04-23T18:53:00,318  INFO [main] ql.Driver: Starting task [Stage-2:STATS] in serial mode
2024-04-23T18:53:00,318  INFO [main] HiveMetaStore.audit: ugi=alex	ip=unknown-ip-addr	cmd=get_table : tbl=hive.default.t1	
2024-04-23T18:53:00,327  INFO [main] metastore.HMSHandler: Skipping translation for processor with null
2024-04-23T18:53:00,327  INFO [main] stats.BasicStatsTask: Executing stats task
2024-04-23T18:53:00,327  INFO [main] fs.FSStatsPublisher: created : pfile:/home/alex/Repositories/hive/ql/target/warehouse/t1/.hive-staging_hive_2024-04-23_18-52-58_611_257684779038240688-1/-ext-10000
2024-04-23T18:53:00,332  INFO [main] HiveMetaStore.audit: ugi=alex	ip=unknown-ip-addr	cmd=get_table : tbl=hive.default.t1	
2024-04-23T18:53:00,342  INFO [main] metastore.HMSHandler: Skipping translation for processor with null
2024-04-23T18:53:00,360  WARN [main] FileOperations: Computing stats for an ACID table; stats may be inaccurate
2024-04-23T18:53:00,360  INFO [main] FileOperations: Read stats for default.t1/, numRows, true, 2, false: 
2024-04-23T18:53:00,360  INFO [main] FileOperations: Read stats for default.t1/, rawDataSize, true, 0, false: 
2024-04-23T18:53:00,361  INFO [main] HiveMetaStore.audit: ugi=alex	ip=unknown-ip-addr	cmd=alter_table: hive.default.t1 newtbl=t1	
2024-04-23T18:53:00,397  INFO [main] FileOperations: Read stats for default.t1/, insertCount, true, 2, false: 
2024-04-23T18:53:00,397  INFO [main] FileOperations: Read stats for default.t1/, updateCount, true, 0, false: 
2024-04-23T18:53:00,397  INFO [main] FileOperations: Read stats for default.t1/, deleteCount, true, 0, false: 
2024-04-23T18:53:00,400  INFO [main] stats.BasicStatsTask: Table default.t1 stats: [numFiles=1, numRows=2, totalSize=686, rawDataSize=0, numFilesErasureCoded=0]
2024-04-23T18:53:00,406  INFO [main] mapred.FileInputFormat: Total input files to process : 1
2024-04-23T18:53:00,407  INFO [main] stats.ColStatsProcessor: Time taken to build 1 stats desc : 0.006 seconds.
2024-04-23T18:53:00,420  INFO [main] HiveMetaStore.audit: ugi=alex	ip=unknown-ip-addr	cmd=write_column_statistics:  table=hive.default.t1	
2024-04-23T18:53:00,427  INFO [main] metastore.ObjectStore: Updating table level column statistics for table=hive.default.t1 colName=a
2024-04-23T18:53:00,430  INFO [main] metastore.ObjectStore: Updating table level column statistics for table=hive.default.t1 colName=b
2024-04-23T18:53:00,450  INFO [main] stats.ColStatsProcessor: Time taken to update 1 stats : 0.043 seconds.
POSTHOOK: query: insert into t1 values(1,2),(2,2)
2024-04-23T18:53:00,451  INFO [main] SessionState: POSTHOOK: query: insert into t1 values(1,2),(2,2)
POSTHOOK: type: QUERY
2024-04-23T18:53:00,451  INFO [main] SessionState: POSTHOOK: type: QUERY
POSTHOOK: Input: _dummy_database@_dummy_table
2024-04-23T18:53:00,451  INFO [main] SessionState: POSTHOOK: Input: _dummy_database@_dummy_table
POSTHOOK: Output: default@t1
2024-04-23T18:53:00,451  INFO [main] SessionState: POSTHOOK: Output: default@t1
POSTHOOK: Lineage: t1.a SCRIPT []
2024-04-23T18:53:00,451  INFO [main] SessionState: POSTHOOK: Lineage: t1.a SCRIPT []
POSTHOOK: Lineage: t1.b SCRIPT []
2024-04-23T18:53:00,451  INFO [main] SessionState: POSTHOOK: Lineage: t1.b SCRIPT []
2024-04-23T18:53:00,451  INFO [main] metadata.Hive: Dumping metastore api call timing information for : execution phase
2024-04-23T18:53:00,451  INFO [main] metadata.Hive: Total time spent in each metastore function (ms): {updateTransactionalStatistics_(UpdateTransactionalStatsRequest)=3, alter_table_(String, String, String, Table, EnvironmentContext, String)=77, setPartitionColumnStatistics_(SetPartitionsStatsRequest)=43, getTable_(GetTableRequest)=39, isCompatibleWith_(Configuration)=0}
MapReduce Jobs Launched: 
2024-04-23T18:53:00,451  INFO [main] ql.Driver: MapReduce Jobs Launched: 
Stage-Stage-1:  HDFS Read: 0 HDFS Write: 0 SUCCESS
2024-04-23T18:53:00,451  INFO [main] ql.Driver: Stage-Stage-1:  HDFS Read: 0 HDFS Write: 0 SUCCESS
Total MapReduce CPU Time Spent: 0 msec
2024-04-23T18:53:00,452  INFO [main] ql.Driver: Total MapReduce CPU Time Spent: 0 msec
2024-04-23T18:53:00,452  INFO [main] ql.Driver: Completed executing command(queryId=alex_20240423185258_af92070c-d892-4513-bfb2-3dc476fa6126); Time taken: 1.516 seconds
2024-04-23T18:53:00,452  INFO [main] lockmgr.DbTxnManager: Stopped heartbeat for query: alex_20240423185258_af92070c-d892-4513-bfb2-3dc476fa6126
2024-04-23T18:53:00,465  INFO [main] txn.TxnHandler: Removed transactions: ([3]) from MIN_HISTORY_LEVEL
2024-04-23T18:53:00,466  WARN [main] txn.CompactionTxnHandler: No compaction queue record found for Compaction type transaction commit. txnId:3
2024-04-23T18:53:00,467  INFO [main] ql.Context: Deleting scratch dir: file:/home/alex/Repositories/hive/ql/target/tmp/localscratchdir/a8c1c011-dbf2-4556-9828-3c682b932083/hive_2024-04-23_18-52-58_824_3515923327756732454-1
2024-04-23T18:53:00,468  INFO [main] cleanup.SyncCleanupService: Deleted directory: file:/home/alex/Repositories/hive/ql/target/tmp/localscratchdir/a8c1c011-dbf2-4556-9828-3c682b932083/hive_2024-04-23_18-52-58_824_3515923327756732454-1 on fs with scheme file
2024-04-23T18:53:00,469  INFO [main] ql.Context: Deleting scratch dir: pfile:/home/alex/Repositories/hive/ql/target/warehouse/t1/.hive-staging_hive_2024-04-23_18-52-58_611_257684779038240688-1
2024-04-23T18:53:00,469  INFO [main] cleanup.SyncCleanupService: Deleted directory: pfile:/home/alex/Repositories/hive/ql/target/warehouse/t1/.hive-staging_hive_2024-04-23_18-52-58_611_257684779038240688-1 on fs with scheme pfile
2024-04-23T18:53:00,469  INFO [main] ql.Context: Deleting scratch dir: file:/home/alex/Repositories/hive/ql/target/tmp/localscratchdir/a8c1c011-dbf2-4556-9828-3c682b932083/hive_2024-04-23_18-52-58_611_257684779038240688-1
2024-04-23T18:53:00,470  INFO [main] cleanup.SyncCleanupService: Deleted directory: file:/home/alex/Repositories/hive/ql/target/tmp/localscratchdir/a8c1c011-dbf2-4556-9828-3c682b932083/hive_2024-04-23_18-52-58_611_257684779038240688-1 on fs with scheme file
2024-04-23T18:53:00,470  INFO [main] ql.Driver: Compiling command(queryId=alex_20240423185300_390d4d5f-c925-4f73-b76a-05bfef8f1245): create materialized view mat1 stored as orc TBLPROPERTIES ('transactional'='true') as select a,b from t1 where a > 1
2024-04-23T18:53:00,475  INFO [main] txn.TxnHandler: Added entries to MIN_HISTORY_LEVEL for current txns: ([4]) with min_open_txn: 4
2024-04-23T18:53:00,475  INFO [main] lockmgr.DbTxnManager: Opened txnid:4
2024-04-23T18:53:00,476  INFO [main] parse.CalcitePlanner: Starting caching scope for: 
2024-04-23T18:53:00,476  INFO [main] parse.CalcitePlanner: Starting Semantic Analysis
2024-04-23T18:53:00,480  INFO [main] parse.CalcitePlanner: Creating view default.mat1 position=25
2024-04-23T18:53:00,480  INFO [main] HiveMetaStore.audit: ugi=alex	ip=unknown-ip-addr	cmd=get_table : tbl=hive.default.mat1	
2024-04-23T18:53:00,484  INFO [main] HiveMetaStore.audit: ugi=alex	ip=unknown-ip-addr	cmd=get_database: default	
2024-04-23T18:53:00,487  INFO [main] parse.CalcitePlanner: Completed phase 1 of Semantic Analysis
2024-04-23T18:53:00,487  INFO [main] parse.CalcitePlanner: Get metadata for source tables
2024-04-23T18:53:00,488  INFO [main] HiveMetaStore.audit: ugi=alex	ip=unknown-ip-addr	cmd=get_table : tbl=hive.default.t1	
2024-04-23T18:53:00,499  INFO [main] metastore.HMSHandler: Skipping translation for processor with null
2024-04-23T18:53:00,500  INFO [main] parse.CalcitePlanner: Get metadata for subqueries
2024-04-23T18:53:00,500  INFO [main] parse.CalcitePlanner: Get metadata for destination tables
2024-04-23T18:53:00,500  INFO [main] HiveMetaStore.audit: ugi=alex	ip=unknown-ip-addr	cmd=get_database: default	
2024-04-23T18:53:00,502  INFO [main] common.FileUtils: Creating directory if it doesn't exist: pfile:/home/alex/Repositories/hive/ql/target/warehouse/.hive-staging_hive_2024-04-23_18-53-00_470_502405948494199942-1
2024-04-23T18:53:00,508  INFO [main] parse.CalcitePlanner: Completed getting MetaData in Semantic Analysis
2024-04-23T18:53:00,520  INFO [main] HiveMetaStore.audit: ugi=alex	ip=unknown-ip-addr	cmd=get_all_table_constraints : tbl=hive.default.t1	
2024-04-23T18:53:00,624  INFO [main] calcite.RelOptHiveTable: Calculating column statistics for default.t1, projIndxSet: [0, 1], allowMissingStats: true
2024-04-23T18:53:00,625  INFO [main] HiveMetaStore.audit: ugi=alex	ip=unknown-ip-addr	cmd=get_table : tbl=hive.default.t1	
2024-04-23T18:53:00,638  INFO [main] metastore.HMSHandler: Skipping translation for processor with null
2024-04-23T18:53:00,639  INFO [main] HiveMetaStore.audit: ugi=alex	ip=unknown-ip-addr	cmd=get_table : tbl=hive.default.t1	
2024-04-23T18:53:00,649  INFO [main] metastore.HMSHandler: Skipping translation for processor with null
2024-04-23T18:53:00,650  INFO [main] HiveMetaStore.audit: ugi=alex	ip=unknown-ip-addr	cmd=get_table_statistics_req: table=hive.default.t1	
2024-04-23T18:53:00,735  INFO [main] parse.CalcitePlanner: Creating view default.mat1 position=25
2024-04-23T18:53:00,735  INFO [main] HiveMetaStore.audit: ugi=alex	ip=unknown-ip-addr	cmd=get_table : tbl=hive.default.mat1	
2024-04-23T18:53:00,738  INFO [main] HiveMetaStore.audit: ugi=alex	ip=unknown-ip-addr	cmd=get_database: default	
2024-04-23T18:53:00,741  INFO [main] parse.CalcitePlanner: Get metadata for source tables
2024-04-23T18:53:00,741  INFO [main] parse.CalcitePlanner: Get metadata for subqueries
2024-04-23T18:53:00,741  INFO [main] parse.CalcitePlanner: Get metadata for destination tables
2024-04-23T18:53:00,741  INFO [main] HiveMetaStore.audit: ugi=alex	ip=unknown-ip-addr	cmd=get_database: default	
2024-04-23T18:53:00,751  INFO [main] txn.TxnHandler: Allocated writeId: 1 for txnId: 4
2024-04-23T18:53:00,751  INFO [main] txn.TxnHandler: Allocated write ids for dbName=default, tblName=mat1 (txnIds: [4])
2024-04-23T18:53:00,753  INFO [main] HiveMetaStore.audit: ugi=alex	ip=unknown-ip-addr	cmd=get_database: default	
2024-04-23T18:53:00,755  INFO [main] parse.CalcitePlanner: Generate an operator pipeline to autogather column stats for table mat1 in query create materialized view mat1 stored as orc TBLPROPERTIES ('transactional'='true') as select a,b from t1 where a > 1
2024-04-23T18:53:00,762  INFO [main] parse.CalcitePlanner: Get metadata for source tables
2024-04-23T18:53:00,762  INFO [main] parse.CalcitePlanner: Get metadata for subqueries
2024-04-23T18:53:00,762  INFO [main] parse.CalcitePlanner: Get metadata for source tables
2024-04-23T18:53:00,762  INFO [main] parse.CalcitePlanner: Get metadata for subqueries
2024-04-23T18:53:00,762  INFO [main] parse.CalcitePlanner: Get metadata for source tables
2024-04-23T18:53:00,762  INFO [main] parse.CalcitePlanner: Get metadata for subqueries
2024-04-23T18:53:00,762  INFO [main] parse.CalcitePlanner: Get metadata for destination tables
2024-04-23T18:53:00,762  INFO [main] parse.CalcitePlanner: Get metadata for destination tables
2024-04-23T18:53:00,762  INFO [main] parse.CalcitePlanner: Get metadata for destination tables
2024-04-23T18:53:00,783  INFO [main] common.FileUtils: Creating directory if it doesn't exist: file:/home/alex/Repositories/hive/ql/target/tmp/localscratchdir/a8c1c011-dbf2-4556-9828-3c682b932083/hive_2024-04-23_18-53-00_756_1366318888510169187-1/-mr-10000/.hive-staging_hive_2024-04-23_18-53-00_756_1366318888510169187-1
2024-04-23T18:53:00,789  INFO [main] parse.CalcitePlanner: CBO Succeeded; optimized logical plan.
2024-04-23T18:53:00,809  INFO [main] optimizer.ColumnPrunerProcFactory: RS 10 oldColExprMap: {VALUE._col3=Column[_col3], VALUE._col1=Column[_col1], VALUE._col5=Column[_col5], VALUE._col8=Column[_col8], VALUE._col7=Column[_col7], VALUE._col2=Column[_col2], VALUE._col0=Column[_col0], VALUE._col4=Column[_col4], VALUE._col6=Column[_col6]}
2024-04-23T18:53:00,810  INFO [main] optimizer.ColumnPrunerProcFactory: RS 10 newColExprMap: {VALUE._col6=Column[_col6], VALUE._col7=Column[_col7], VALUE._col3=Column[_col3], VALUE._col2=Column[_col2], VALUE._col1=Column[_col1], VALUE._col4=Column[_col4], VALUE._col0=Column[_col0], VALUE._col8=Column[_col8], VALUE._col5=Column[_col5]}
2024-04-23T18:53:00,812  INFO [main] optimizer.BucketVersionPopulator: not considering bucketingVersion for: TS[0] because it has -1<2 buckets 
2024-04-23T18:53:00,813  INFO [main] optimizer.SortedDynPartitionOptimizer: Sorted dynamic partitioning optimization kicked in..
2024-04-23T18:53:00,813  INFO [main] optimizer.SortedDynPartitionOptimizer: Sorted dynamic partitioning optimization kicked in..
2024-04-23T18:53:00,814  INFO [main] HiveMetaStore.audit: ugi=alex	ip=unknown-ip-addr	cmd=get_database: default	
2024-04-23T18:53:00,817  INFO [main] HiveMetaStore.audit: ugi=alex	ip=unknown-ip-addr	cmd=get_database: default	
2024-04-23T18:53:00,831  INFO [main] parse.CalcitePlanner: Completed plan generation
2024-04-23T18:53:00,831  INFO [main] parse.CalcitePlanner: Ending caching scope for: 
2024-04-23T18:53:00,831  INFO [main] ql.Driver: Semantic Analysis Completed (retrial = false)
2024-04-23T18:53:00,831  INFO [main] ql.Driver: Created Hive schema: Schema(fieldSchemas:[FieldSchema(name:a, type:int, comment:null), FieldSchema(name:b, type:int, comment:null)], properties:null)
2024-04-23T18:53:00,831  INFO [main] metadata.Hive: Dumping metastore api call timing information for : compilation phase
2024-04-23T18:53:00,832  INFO [main] metadata.Hive: Total time spent in each metastore function (ms): {getTable_(GetTableRequest)=11, allocateTableWriteId_(long, String, String)=5, openTxn_(String, TxnType)=3, getTableColumnStatistics_(String, String, List, String)=41, getDatabase_(String)=16, getAllTableConstraints_(AllTableConstraintsRequest)=9, getValidTxns_(long)=0, isCompatibleWith_(Configuration)=2, flushCache_()=0, commitTxn_(CommitTxnRequest)=14, getValidWriteIds_(List, String)=5}
2024-04-23T18:53:00,832  INFO [main] ql.Driver: Completed compiling command(queryId=alex_20240423185300_390d4d5f-c925-4f73-b76a-05bfef8f1245); Time taken: 0.361 seconds
2024-04-23T18:53:00,833  INFO [main] lockmgr.DbTxnManager: Setting lock request transaction to txnid:4 for queryId=alex_20240423185300_390d4d5f-c925-4f73-b76a-05bfef8f1245
2024-04-23T18:53:00,833  INFO [main] lockmgr.DbLockManager: Requesting lock for queryId=alex_20240423185300_390d4d5f-c925-4f73-b76a-05bfef8f1245
2024-04-23T18:53:00,855  INFO [main] lockmgr.DbLockManager: Response to queryId=alex_20240423185300_390d4d5f-c925-4f73-b76a-05bfef8f1245 LockResponse(lockid:3, state:ACQUIRED)
2024-04-23T18:53:00,855  INFO [main] ql.Driver: Operation CREATE_MATERIALIZED_VIEW obtained 1 locks
2024-04-23T18:53:00,856  INFO [main] ql.Driver: Executing command(queryId=alex_20240423185300_390d4d5f-c925-4f73-b76a-05bfef8f1245): create materialized view mat1 stored as orc TBLPROPERTIES ('transactional'='true') as select a,b from t1 where a > 1
PREHOOK: query: create materialized view mat1 stored as orc TBLPROPERTIES ('transactional'='true') as select a,b from t1 where a > 1
2024-04-23T18:53:00,856  INFO [main] SessionState: PREHOOK: query: create materialized view mat1 stored as orc TBLPROPERTIES ('transactional'='true') as select a,b from t1 where a > 1
PREHOOK: type: CREATE_MATERIALIZED_VIEW
2024-04-23T18:53:00,856  INFO [main] SessionState: PREHOOK: type: CREATE_MATERIALIZED_VIEW
PREHOOK: Input: default@t1
2024-04-23T18:53:00,856  INFO [main] SessionState: PREHOOK: Input: default@t1
PREHOOK: Output: database:default
2024-04-23T18:53:00,857  INFO [main] SessionState: PREHOOK: Output: database:default
PREHOOK: Output: default@mat1
2024-04-23T18:53:00,857  INFO [main] SessionState: PREHOOK: Output: default@mat1
2024-04-23T18:53:00,857  WARN [main] ql.Driver: Hive-on-MR is deprecated in Hive 2 and may not be available in the future versions. Consider using a different execution engine (i.e. spark, tez) or using Hive 1.X releases.
Query ID = alex_20240423185300_390d4d5f-c925-4f73-b76a-05bfef8f1245
2024-04-23T18:53:00,857  INFO [main] ql.Driver: Query ID = alex_20240423185300_390d4d5f-c925-4f73-b76a-05bfef8f1245
Total jobs = 1
2024-04-23T18:53:00,857  INFO [main] ql.Driver: Total jobs = 1
Launching Job 1 out of 1
2024-04-23T18:53:00,857  INFO [main] ql.Driver: Launching Job 1 out of 1
2024-04-23T18:53:00,989  INFO [main] ql.Driver: Starting task [Stage-1:MAPRED] in serial mode
Number of reduce tasks determined at compile time: 1
2024-04-23T18:53:00,990  INFO [main] exec.Task: Number of reduce tasks determined at compile time: 1
In order to change the average load for a reducer (in bytes):
2024-04-23T18:53:00,990  INFO [main] exec.Task: In order to change the average load for a reducer (in bytes):
  set hive.exec.reducers.bytes.per.reducer=<number>
2024-04-23T18:53:00,990  INFO [main] exec.Task:   set hive.exec.reducers.bytes.per.reducer=<number>
In order to limit the maximum number of reducers:
2024-04-23T18:53:00,990  INFO [main] exec.Task: In order to limit the maximum number of reducers:
  set hive.exec.reducers.max=<number>
2024-04-23T18:53:00,990  INFO [main] exec.Task:   set hive.exec.reducers.max=<number>
In order to set a constant number of reducers:
2024-04-23T18:53:00,990  INFO [main] exec.Task: In order to set a constant number of reducers:
  set mapreduce.job.reduces=<number>
2024-04-23T18:53:00,990  INFO [main] exec.Task:   set mapreduce.job.reduces=<number>
2024-04-23T18:53:00,995  INFO [main] mr.ExecDriver: Using org.apache.hadoop.hive.ql.io.CombineHiveInputFormat
2024-04-23T18:53:00,995  INFO [main] exec.Utilities: Processing alias t1
2024-04-23T18:53:00,995  INFO [main] exec.Utilities: Adding 1 inputs; the first input is pfile:/home/alex/Repositories/hive/ql/target/warehouse/t1
2024-04-23T18:53:01,007  INFO [main] exec.SerializationUtilities: Serializing MapWork using kryo
2024-04-23T18:53:01,011  INFO [main] exec.Utilities: Serialized plan (via FILE) - name: null size: 7,82KB
2024-04-23T18:53:01,016  INFO [main] exec.SerializationUtilities: Serializing ReduceWork using kryo
2024-04-23T18:53:01,018  INFO [main] exec.Utilities: Serialized plan (via FILE) - name: null size: 11,19KB
2024-04-23T18:53:01,018  WARN [main] impl.MetricsSystemImpl: JobTracker metrics system already initialized!
2024-04-23T18:53:01,023  INFO [main] fs.FSStatsPublisher: created : pfile:/home/alex/Repositories/hive/ql/target/warehouse/.hive-staging_hive_2024-04-23_18-53-00_470_502405948494199942-1/-ext-10003
2024-04-23T18:53:01,025  INFO [main] fs.FSStatsPublisher: created : file:/home/alex/Repositories/hive/ql/target/tmp/localscratchdir/a8c1c011-dbf2-4556-9828-3c682b932083/hive_2024-04-23_18-53-00_756_1366318888510169187-1/-mr-10002
2024-04-23T18:53:01,033  WARN [main] impl.MetricsSystemImpl: JobTracker metrics system already initialized!
2024-04-23T18:53:01,040  WARN [main] mapreduce.JobResourceUploader: Hadoop command-line option parsing not performed. Implement the Tool interface and execute your application with ToolRunner to remedy this.
2024-04-23T18:53:01,044  WARN [main] mapreduce.JobResourceUploader: No job jar file set.  User classes may not be found. See Job or Job#setJar(String).
2024-04-23T18:53:01,045  INFO [main] io.CombineHiveInputFormat: Total number of paths: 1, launching 1 threads to check non-combinable ones.
2024-04-23T18:53:01,045  INFO [pool-24-thread-1] FileOperations: The path [pfile:/home/alex/Repositories/hive/ql/target/warehouse/t1] is being parked for HiveInputFormat.getSplits
2024-04-23T18:53:01,050  INFO [main] io.HiveInputFormat: hive.io.file.readcolumn.ids = 0,1
2024-04-23T18:53:01,050  INFO [main] io.HiveInputFormat: hive.io.file.readcolumn.names = a,b
2024-04-23T18:53:01,050  INFO [main] io.HiveInputFormat: Generating splits for dirs: pfile:/home/alex/Repositories/hive/ql/target/warehouse/t1
2024-04-23T18:53:01,051  INFO [main] orc.OrcInputFormat: getSplits started
2024-04-23T18:53:01,058  INFO [main] orc.OrcInputFormat: Context:: isAcid: true isVectorMode: false sarg: (not leaf-(LESS_THAN_EQUALS a 1)) minSplitSize: 1 maxSplitSize: 256000000 splitStrategy: HYBRID footerInSplits: false numBuckets: 0 numThreads: 10 cacheMemSize: 268435456 cacheStripeDetails: true useSoftReference: false writeIdList: default.t1:1:9223372036854775807:: isTransactionalTable: true txnProperties: default 
2024-04-23T18:53:01,058  INFO [main] orc.OrcInputFormat: ORC pushdown predicate: (not leaf-(LESS_THAN_EQUALS a 1))
2024-04-23T18:53:01,097  INFO [main] orc.OrcInputFormat: FooterCacheHitRatio: 0/1
2024-04-23T18:53:01,097  INFO [main] orc.OrcInputFormat: getSplits finished (#splits: 1). duration: 46 ms
2024-04-23T18:53:01,097  INFO [main] io.HiveInputFormat: number of splits 1
2024-04-23T18:53:01,097  INFO [main] io.CombineHiveInputFormat: Number of all splits 1
2024-04-23T18:53:01,115  INFO [main] mapreduce.JobSubmitter: number of splits:1
2024-04-23T18:53:01,136  INFO [main] mapreduce.JobSubmitter: Submitting tokens for job: job_local1872233946_0003
2024-04-23T18:53:01,136  INFO [main] mapreduce.JobSubmitter: Executing with tokens: []
2024-04-23T18:53:01,202  INFO [main] mapreduce.Job: The url to track the job: http://localhost:8080/
Job running in-process (local Hadoop)
2024-04-23T18:53:01,202  INFO [main] exec.Task: Job running in-process (local Hadoop)
2024-04-23T18:53:01,202  INFO [Thread-244] mapred.LocalJobRunner: OutputCommitter set in config org.apache.hadoop.hive.ql.io.HiveFileFormatUtils$NullOutputCommitter
2024-04-23T18:53:01,202  INFO [Thread-244] mapred.LocalJobRunner: OutputCommitter is org.apache.hadoop.hive.ql.io.HiveFileFormatUtils$NullOutputCommitter
2024-04-23T18:53:01,204  INFO [Thread-244] mapred.LocalJobRunner: Waiting for map tasks
2024-04-23T18:53:01,204  INFO [LocalJobRunner Map Task Executor #0] mapred.LocalJobRunner: Starting task: attempt_local1872233946_0003_m_000000_0
2024-04-23T18:53:01,205  INFO [LocalJobRunner Map Task Executor #0] mapred.Task:  Using ResourceCalculatorProcessTree : [ ]
2024-04-23T18:53:01,206  INFO [LocalJobRunner Map Task Executor #0] mapred.MapTask: Processing split: org.apache.hadoop.hive.ql.io.orc.OrcInputFormat:OrcSplit [pfile:/home/alex/Repositories/hive/ql/target/warehouse/t1/delta_0000001_0000001_0000/bucket_00000_0, start=3, length=314, isOriginal=false, fileLength=686, hasFooter=false, hasBase=true, deltas=0]
2024-04-23T18:53:01,207  INFO [LocalJobRunner Map Task Executor #0] exec.SerializationUtilities: Deserializing MapWork using kryo
2024-04-23T18:53:01,216  INFO [LocalJobRunner Map Task Executor #0] exec.Utilities: Deserialized plan (via FILE) - name: null size: 7,82KB
2024-04-23T18:53:01,224  INFO [LocalJobRunner Map Task Executor #0] orc.OrcInputFormat: ORC pushdown predicate: (not leaf-(LESS_THAN_EQUALS a 1))
2024-04-23T18:53:01,227  INFO [LocalJobRunner Map Task Executor #0] orc.OrcRawRecordMerger: min key = null, max key = null
2024-04-23T18:53:01,227  INFO [LocalJobRunner Map Task Executor #0] orc.ReaderImpl: Reading ORC rows from pfile:/home/alex/Repositories/hive/ql/target/warehouse/t1/delta_0000001_0000001_0000/bucket_00000_0 with {include: [true, true, true], offset: 3, length: 314, sarg: (not leaf-(LESS_THAN_EQUALS a 1)), schema: struct<a:int,b:int>, includeAcidColumns: true}
2024-04-23T18:53:01,242  INFO [LocalJobRunner Map Task Executor #0] orc.OrcRawRecordMerger: updated min key = null, max key = null
2024-04-23T18:53:01,243  INFO [LocalJobRunner Map Task Executor #0] mapred.MapTask: numReduceTasks: 1
2024-04-23T18:53:01,248  INFO [LocalJobRunner Map Task Executor #0] mapred.MapTask: (EQUATOR) 0 kvi 26214396(104857584)
2024-04-23T18:53:01,248  INFO [LocalJobRunner Map Task Executor #0] mapred.MapTask: mapreduce.task.io.sort.mb: 100
2024-04-23T18:53:01,248  INFO [LocalJobRunner Map Task Executor #0] mapred.MapTask: soft limit at 83886080
2024-04-23T18:53:01,248  INFO [LocalJobRunner Map Task Executor #0] mapred.MapTask: bufstart = 0; bufvoid = 104857600
2024-04-23T18:53:01,248  INFO [LocalJobRunner Map Task Executor #0] mapred.MapTask: kvstart = 26214396; length = 6553600
2024-04-23T18:53:01,249  INFO [LocalJobRunner Map Task Executor #0] mapred.MapTask: Map output collector class = org.apache.hadoop.mapred.MapTask$MapOutputBuffer
2024-04-23T18:53:01,250  INFO [LocalJobRunner Map Task Executor #0] exec.MapOperator: Initializing Operator: MAP[0]
2024-04-23T18:53:01,252  INFO [LocalJobRunner Map Task Executor #0] mr.ExecMapper: 
<MAP>Id =0
  <Children>null
  <\Children>
  <Parent><\Parent>
<\MAP>
2024-04-23T18:53:01,253  INFO [LocalJobRunner Map Task Executor #0] exec.TableScanOperator: Initializing Operator: TS[0]
2024-04-23T18:53:01,253  INFO [LocalJobRunner Map Task Executor #0] exec.FilterOperator: Initializing Operator: FIL[14]
2024-04-23T18:53:01,253  INFO [LocalJobRunner Map Task Executor #0] exec.SelectOperator: Initializing Operator: SEL[2]
2024-04-23T18:53:01,253  INFO [LocalJobRunner Map Task Executor #0] exec.SelectOperator: SELECT struct<a:int,b:int>
2024-04-23T18:53:01,253  INFO [LocalJobRunner Map Task Executor #0] exec.FileSinkOperator: Initializing Operator: FS[3]
2024-04-23T18:53:01,256  INFO [LocalJobRunner Map Task Executor #0] exec.FileSinkOperator: Using serializer : AbstractSerDe [log=org.apache.logging.slf4j.Log4jLogger@245801d6, configuration=Optional[Configuration: core-default.xml, core-site.xml, mapred-default.xml, mapred-site.xml, yarn-default.xml, yarn-site.xml, hdfs-default.xml, hdfs-site.xml, file:/home/alex/Repositories/hive/ql/target/tmp/hadoop-tmp/mapred/local/localRunner/alex/job_local1872233946_0003/job_local1872233946_0003.xml], properties={name=default.mat1, columns=a,b, bucketing_version=-1, serialization.lib=org.apache.hadoop.hive.ql.io.orc.OrcSerde, transactional=true, serialization.format=1, columns.types=int:int}, tableProperties={name=default.mat1, columns=a,b, serialization.lib=org.apache.hadoop.hive.ql.io.orc.OrcSerde, bucketing_version=-1, serialization.format=1, transactional=true, columns.types=int:int}, partitionProperties=Optional.empty, columnNames=[a, b], columnTypes=[int, int], getClass()=class org.apache.hadoop.hive.ql.io.orc.OrcSerde] and formatter : org.apache.hadoop.hive.ql.io.orc.OrcOutputFormat@7fc4a99
2024-04-23T18:53:01,256  INFO [LocalJobRunner Map Task Executor #0] exec.SelectOperator: Initializing Operator: SEL[8]
2024-04-23T18:53:01,256  INFO [LocalJobRunner Map Task Executor #0] exec.SelectOperator: SELECT struct<_col0:int,_col1:int>
2024-04-23T18:53:01,256  INFO [LocalJobRunner Map Task Executor #0] exec.GroupByOperator: Initializing Operator: GBY[9]
2024-04-23T18:53:01,257  INFO [LocalJobRunner Map Task Executor #0] exec.GroupByOperator: Max hash table memory: 954466304 bytes
2024-04-23T18:53:01,257  INFO [LocalJobRunner Map Task Executor #0] exec.GroupByOperator: isTez: false isLlap: false numExecutors: 1 maxMemory: 1908932608
2024-04-23T18:53:01,257  INFO [LocalJobRunner Map Task Executor #0] exec.ReduceSinkOperator: Initializing Operator: RS[10]
2024-04-23T18:53:01,257  INFO [LocalJobRunner Map Task Executor #0] exec.ReduceSinkOperator: Using tag = -1
2024-04-23T18:53:01,258  INFO [LocalJobRunner Map Task Executor #0] exec.MapOperator: MAP[0]: records read - 1
2024-04-23T18:53:01,259  INFO [LocalJobRunner Map Task Executor #0] exec.FileSinkOperator: Final Path: FS pfile:/home/alex/Repositories/hive/ql/target/warehouse/.hive-staging_hive_2024-04-23_18-53-00_470_502405948494199942-1/_tmp.-ext-10002/000000_0
2024-04-23T18:53:01,259  INFO [LocalJobRunner Map Task Executor #0] exec.FileSinkOperator: Writing to temp file: FS pfile:/home/alex/Repositories/hive/ql/target/warehouse/.hive-staging_hive_2024-04-23_18-53-00_470_502405948494199942-1/_task_tmp.-ext-10002/_tmp.000000_0
2024-04-23T18:53:01,259  INFO [LocalJobRunner Map Task Executor #0] exec.FileSinkOperator: New Final Path: FS pfile:/home/alex/Repositories/hive/ql/target/warehouse/.hive-staging_hive_2024-04-23_18-53-00_470_502405948494199942-1/_tmp.-ext-10002/000000_0
2024-04-23T18:53:01,260  INFO [LocalJobRunner Map Task Executor #0] exec.FileSinkOperator: FS[3]: records written - 1
2024-04-23T18:53:01,260  INFO [LocalJobRunner Map Task Executor #0] impl.PhysicalFsWriter: ORC writer created for path: pfile:/home/alex/Repositories/hive/ql/target/warehouse/.hive-staging_hive_2024-04-23_18-53-00_470_502405948494199942-1/_task_tmp.-ext-10002/_tmp.000000_0/delta_0000001_0000001_0000/bucket_00000 with stripeSize: 8388608 blockSize: 268435456 compression: Compress: ZLIB buffer: 32768
2024-04-23T18:53:01,272  INFO [LocalJobRunner Map Task Executor #0] impl.WriterImpl: ORC writer created for path: pfile:/home/alex/Repositories/hive/ql/target/warehouse/.hive-staging_hive_2024-04-23_18-53-00_470_502405948494199942-1/_task_tmp.-ext-10002/_tmp.000000_0/delta_0000001_0000001_0000/bucket_00000 with stripeSize: 8388608 options: Compress: ZLIB buffer: 32768
2024-04-23T18:53:01,277  INFO [LocalJobRunner Map Task Executor #0] exec.MapOperator: Closing Operator: MAP[0]
2024-04-23T18:53:01,277  INFO [LocalJobRunner Map Task Executor #0] exec.MapOperator: MAP[0]: Total records read - 2. abort - false
2024-04-23T18:53:01,277  INFO [LocalJobRunner Map Task Executor #0] exec.MapOperator: RECORDS_OUT_INTERMEDIATE:0, RECORDS_IN:2, RECORDS_OUT_OPERATOR_MAP_0:0, DESERIALIZE_ERRORS:0, 
2024-04-23T18:53:01,277  INFO [LocalJobRunner Map Task Executor #0] exec.TableScanOperator: Closing Operator: TS[0]
2024-04-23T18:53:01,277  INFO [LocalJobRunner Map Task Executor #0] exec.TableScanOperator: RECORDS_OUT_OPERATOR_TS_0:2, RECORDS_OUT_INTERMEDIATE:0, 
2024-04-23T18:53:01,277  INFO [LocalJobRunner Map Task Executor #0] exec.FilterOperator: Closing Operator: FIL[14]
2024-04-23T18:53:01,277  INFO [LocalJobRunner Map Task Executor #0] exec.FilterOperator: RECORDS_OUT_INTERMEDIATE:0, RECORDS_OUT_OPERATOR_FIL_14:1, 
2024-04-23T18:53:01,277  INFO [LocalJobRunner Map Task Executor #0] exec.SelectOperator: Closing Operator: SEL[2]
2024-04-23T18:53:01,277  INFO [LocalJobRunner Map Task Executor #0] exec.SelectOperator: RECORDS_OUT_INTERMEDIATE:0, RECORDS_OUT_OPERATOR_SEL_2:1, 
2024-04-23T18:53:01,277  INFO [LocalJobRunner Map Task Executor #0] exec.FileSinkOperator: Closing Operator: FS[3]
2024-04-23T18:53:01,277  INFO [LocalJobRunner Map Task Executor #0] exec.FileSinkOperator: FS[3]: records written - 1
2024-04-23T18:53:01,290  INFO [LocalJobRunner Map Task Executor #0] exec.FileSinkOperator: RECORDS_OUT_1_default.mat1:1, TOTAL_TABLE_ROWS_WRITTEN:1, RECORDS_OUT_INTERMEDIATE:0, RECORDS_OUT_OPERATOR_FS_3:1, 
2024-04-23T18:53:01,290  INFO [LocalJobRunner Map Task Executor #0] exec.SelectOperator: Closing Operator: SEL[8]
2024-04-23T18:53:01,290  INFO [LocalJobRunner Map Task Executor #0] exec.SelectOperator: RECORDS_OUT_OPERATOR_SEL_8:1, RECORDS_OUT_INTERMEDIATE:0, 
2024-04-23T18:53:01,290  INFO [LocalJobRunner Map Task Executor #0] exec.GroupByOperator: Closing Operator: GBY[9]
2024-04-23T18:53:01,290  INFO [LocalJobRunner Map Task Executor #0] exec.GroupByOperator: Begin Hash Table flush: size = 1
2024-04-23T18:53:01,291  INFO [LocalJobRunner Map Task Executor #0] exec.ReduceSinkOperator: keys are [] num distributions: 0
2024-04-23T18:53:01,291  INFO [LocalJobRunner Map Task Executor #0] exec.ReduceSinkOperator: RS[10]: records written - 1
2024-04-23T18:53:01,291  INFO [LocalJobRunner Map Task Executor #0] exec.GroupByOperator: RECORDS_OUT_INTERMEDIATE:0, RECORDS_OUT_OPERATOR_GBY_9:1, 
2024-04-23T18:53:01,291  INFO [LocalJobRunner Map Task Executor #0] exec.ReduceSinkOperator: Closing Operator: RS[10]
2024-04-23T18:53:01,291  INFO [LocalJobRunner Map Task Executor #0] exec.ReduceSinkOperator: RS[10]: Total records written - 1. abort - false
2024-04-23T18:53:01,291  INFO [LocalJobRunner Map Task Executor #0] exec.ReduceSinkOperator: RECORDS_OUT_INTERMEDIATE:1, RECORDS_OUT_OPERATOR_RS_10:1, 
2024-04-23T18:53:01,292  INFO [LocalJobRunner Map Task Executor #0] mapred.LocalJobRunner: 
2024-04-23T18:53:01,292  INFO [LocalJobRunner Map Task Executor #0] mapred.MapTask: Starting flush of map output
2024-04-23T18:53:01,292  INFO [LocalJobRunner Map Task Executor #0] mapred.MapTask: Spilling map output
2024-04-23T18:53:01,292  INFO [LocalJobRunner Map Task Executor #0] mapred.MapTask: bufstart = 0; bufend = 42; bufvoid = 104857600
2024-04-23T18:53:01,292  INFO [LocalJobRunner Map Task Executor #0] mapred.MapTask: kvstart = 26214396(104857584); kvend = 26214396(104857584); length = 1/6553600
2024-04-23T18:53:01,304  INFO [LocalJobRunner Map Task Executor #0] mapred.MapTask: Finished spill 0
2024-04-23T18:53:01,307  INFO [LocalJobRunner Map Task Executor #0] mapred.Task: Task:attempt_local1872233946_0003_m_000000_0 is done. And is in the process of committing
2024-04-23T18:53:01,308  INFO [LocalJobRunner Map Task Executor #0] mapred.LocalJobRunner: OrcSplit [pfile:/home/alex/Repositories/hive/ql/target/warehouse/t1/delta_0000001_0000001_0000/bucket_00000_0, start=3, length=314, isOriginal=false, fileLength=686, hasFooter=false, hasBase=true, deltas=0]
2024-04-23T18:53:01,308  INFO [LocalJobRunner Map Task Executor #0] mapred.Task: Task 'attempt_local1872233946_0003_m_000000_0' done.
2024-04-23T18:53:01,308  INFO [LocalJobRunner Map Task Executor #0] mapred.Task: Final Counters for attempt_local1872233946_0003_m_000000_0: Counters: 31
	File System Counters
		FILE: Number of bytes read=53245
		FILE: Number of bytes written=3480454
		FILE: Number of read operations=0
		FILE: Number of large read operations=0
		FILE: Number of write operations=0
	Map-Reduce Framework
		Map input records=2
		Map output records=1
		Map output bytes=42
		Map output materialized bytes=50
		Input split bytes=366
		Combine input records=0
		Spilled Records=1
		Failed Shuffles=0
		Merged Map outputs=0
		GC time elapsed (ms)=0
		Total committed heap usage (bytes)=976224256
	HIVE
		CREATED_FILES=1
		DESERIALIZE_ERRORS=0
		RECORDS_IN=2
		RECORDS_OUT_1_default.mat1=1
		RECORDS_OUT_INTERMEDIATE=1
		RECORDS_OUT_OPERATOR_FIL_14=1
		RECORDS_OUT_OPERATOR_FS_3=1
		RECORDS_OUT_OPERATOR_GBY_9=1
		RECORDS_OUT_OPERATOR_MAP_0=0
		RECORDS_OUT_OPERATOR_RS_10=1
		RECORDS_OUT_OPERATOR_SEL_2=1
		RECORDS_OUT_OPERATOR_SEL_8=1
		RECORDS_OUT_OPERATOR_TS_0=2
		TOTAL_TABLE_ROWS_WRITTEN=1
	File Input Format Counters 
		Bytes Read=0
2024-04-23T18:53:01,308  INFO [LocalJobRunner Map Task Executor #0] mapred.LocalJobRunner: Finishing task: attempt_local1872233946_0003_m_000000_0
2024-04-23T18:53:01,308  INFO [Thread-244] mapred.LocalJobRunner: map task executor complete.
2024-04-23T18:53:01,309  INFO [Thread-244] mapred.LocalJobRunner: Waiting for reduce tasks
2024-04-23T18:53:01,310  INFO [pool-27-thread-1] mapred.LocalJobRunner: Starting task: attempt_local1872233946_0003_r_000000_0
2024-04-23T18:53:01,310  INFO [pool-27-thread-1] mapred.Task:  Using ResourceCalculatorProcessTree : [ ]
2024-04-23T18:53:01,310  INFO [pool-27-thread-1] mapred.ReduceTask: Using ShuffleConsumerPlugin: org.apache.hadoop.mapreduce.task.reduce.Shuffle@6db02c9a
2024-04-23T18:53:01,310  WARN [pool-27-thread-1] impl.MetricsSystemImpl: JobTracker metrics system already initialized!
2024-04-23T18:53:01,312  INFO [pool-27-thread-1] reduce.MergeManagerImpl: MergerManager: memoryLimit=1336252800, maxSingleShuffleLimit=334063200, mergeThreshold=881926912, ioSortFactor=10, memToMemMergeOutputsThreshold=10
2024-04-23T18:53:01,313  INFO [EventFetcher for fetching Map Completion Events] reduce.EventFetcher: attempt_local1872233946_0003_r_000000_0 Thread started: EventFetcher for fetching Map Completion Events
2024-04-23T18:53:01,314  INFO [localfetcher#3] reduce.LocalFetcher: localfetcher#3 about to shuffle output of map attempt_local1872233946_0003_m_000000_0 decomp: 46 len: 50 to MEMORY
2024-04-23T18:53:01,314  INFO [localfetcher#3] reduce.InMemoryMapOutput: Read 46 bytes from map-output for attempt_local1872233946_0003_m_000000_0
2024-04-23T18:53:01,314  INFO [localfetcher#3] reduce.MergeManagerImpl: closeInMemoryFile -> map-output of size: 46, inMemoryMapOutputs.size() -> 1, commitMemory -> 0, usedMemory ->46
2024-04-23T18:53:01,315  INFO [EventFetcher for fetching Map Completion Events] reduce.EventFetcher: EventFetcher is interrupted.. Returning
2024-04-23T18:53:01,315  INFO [pool-27-thread-1] mapred.LocalJobRunner: 1 / 1 copied.
2024-04-23T18:53:01,315  INFO [pool-27-thread-1] reduce.MergeManagerImpl: finalMerge called with 1 in-memory map-outputs and 0 on-disk map-outputs
2024-04-23T18:53:01,321  INFO [pool-27-thread-1] mapred.Merger: Merging 1 sorted segments
2024-04-23T18:53:01,321  INFO [pool-27-thread-1] mapred.Merger: Down to the last merge-pass, with 1 segments left of total size: 39 bytes
2024-04-23T18:53:01,324  INFO [pool-27-thread-1] reduce.MergeManagerImpl: Merged 1 segments, 46 bytes to disk to satisfy reduce memory limit
2024-04-23T18:53:01,324  INFO [pool-27-thread-1] reduce.MergeManagerImpl: Merging 1 files, 50 bytes from disk
2024-04-23T18:53:01,324  INFO [pool-27-thread-1] reduce.MergeManagerImpl: Merging 0 segments, 0 bytes from memory into reduce
2024-04-23T18:53:01,324  INFO [pool-27-thread-1] mapred.Merger: Merging 1 sorted segments
2024-04-23T18:53:01,324  INFO [pool-27-thread-1] mapred.Merger: Down to the last merge-pass, with 1 segments left of total size: 39 bytes
2024-04-23T18:53:01,325  INFO [pool-27-thread-1] mapred.LocalJobRunner: 1 / 1 copied.
2024-04-23T18:53:01,326  INFO [pool-27-thread-1] exec.SerializationUtilities: Deserializing ReduceWork using kryo
2024-04-23T18:53:01,327  INFO [pool-27-thread-1] exec.Utilities: Deserialized plan (via FILE) - name: null size: 11,19KB
2024-04-23T18:53:01,328  INFO [pool-27-thread-1] ExecReducer: 
<GBY>Id =11
  <Children>
    <SEL>Id =12
      <Children>
        <FS>Id =13
          <Children>
          <\Children>
          <Parent>Id = 12 null<\Parent>
        <\FS>
      <\Children>
      <Parent>Id = 11 null<\Parent>
    <\SEL>
  <\Children>
  <Parent><\Parent>
<\GBY>
2024-04-23T18:53:01,328  INFO [pool-27-thread-1] exec.GroupByOperator: Initializing Operator: GBY[11]
2024-04-23T18:53:01,329  INFO [pool-27-thread-1] exec.GroupByOperator: isTez: false isLlap: false numExecutors: 1 maxMemory: 1908932608
2024-04-23T18:53:01,329  INFO [pool-27-thread-1] exec.SelectOperator: Initializing Operator: SEL[12]
2024-04-23T18:53:01,329  INFO [pool-27-thread-1] exec.SelectOperator: SELECT struct<_col0:int,_col1:int,_col2:bigint,_col3:bigint,_col4:binary,_col5:int,_col6:int,_col7:bigint,_col8:binary>
2024-04-23T18:53:01,330  INFO [pool-27-thread-1] exec.FileSinkOperator: Initializing Operator: FS[13]
2024-04-23T18:53:01,331  INFO [pool-27-thread-1] exec.FileSinkOperator: Using serializer : class org.apache.hadoop.hive.serde2.lazy.LazySimpleSerDe [serdeParams=org.apache.hadoop.hive.serde2.lazy.LazySerDeParameters@6ad82b07, cachedObjectInspector=org.apache.hadoop.hive.serde2.lazy.objectinspector.LazySimpleStructObjectInspector<org.apache.hadoop.hive.serde2.lazy.objectinspector.primitive.LazyStringObjectInspector@2433bcd4,org.apache.hadoop.hive.serde2.lazy.objectinspector.primitive.LazyLongObjectInspector@75d9b73c,org.apache.hadoop.hive.serde2.lazy.objectinspector.primitive.LazyLongObjectInspector@75d9b73c,org.apache.hadoop.hive.serde2.lazy.objectinspector.primitive.LazyLongObjectInspector@75d9b73c,org.apache.hadoop.hive.serde2.lazy.objectinspector.primitive.LazyLongObjectInspector@75d9b73c,org.apache.hadoop.hive.serde2.lazy.objectinspector.primitive.LazyBinaryObjectInspector@5f1a3c4,org.apache.hadoop.hive.serde2.lazy.objectinspector.primitive.LazyStringObjectInspector@2433bcd4,org.apache.hadoop.hive.serde2.lazy.objectinspector.primitive.LazyLongObjectInspector@75d9b73c,org.apache.hadoop.hive.serde2.lazy.objectinspector.primitive.LazyLongObjectInspector@75d9b73c,org.apache.hadoop.hive.serde2.lazy.objectinspector.primitive.LazyLongObjectInspector@75d9b73c,org.apache.hadoop.hive.serde2.lazy.objectinspector.primitive.LazyLongObjectInspector@75d9b73c,org.apache.hadoop.hive.serde2.lazy.objectinspector.primitive.LazyBinaryObjectInspector@5f1a3c4>, serializedSize=0, stats=org.apache.hadoop.hive.serde2.SerDeStats@74cadec4, lastOperationSerialize=false, lastOperationDeserialize=false [1, 2, 3, 4, 5, 6, 7, 8, 11, 14, 15, 16, 17, 18, 19, 20, 21, 22, 23, 24, 25, 26, 28, 29, 30, 31, -128, -127, -126, -125, -124, -123, -122, -121, -120, -119, -118, -117, -116, -115, -114, -113, -112, -111, -110, -109, -108, -107, -106, -105, -104, -103, -102, -101, -100, -99, -98, -97, -96, -95, -94, -93, -92, -91, -90, -89, -88, -87, -86, -85, -84, -83, -82, -81, -80, -79, -78, -77, -76, -75, -74, -73, -72, -71, -70, -69, -68, -67, -66, -65, -64, -63, -62, -61, -60, -59, -58, -57, -56, -55, -54, -53, -52, -51, -50, -49, -48, -47, -46, -45, -44, -43, -42, -41, -40, -39, -38, -37, -36, -35, -34, -33, -32, -31, -30, -29, -28, -27, -26, -25, -24, -23, -22, -21, -20, -19, -18, -17, -16, -15, -14, -13, -12, -11, -10, -9, -8, -7, -6, -5, -4, -3, -2, -1] : [_col0, _col1, _col2, _col3, _col4, _col5, _col6, _col7, _col8, _col9, _col10, _col11] : [string, bigint, bigint, bigint, bigint, binary, string, bigint, bigint, bigint, bigint, binary]] and formatter : org.apache.hadoop.hive.ql.io.HiveSequenceFileOutputFormat@602a035d
2024-04-23T18:53:01,331  INFO [pool-27-thread-1] exec.GroupByOperator: Closing Operator: GBY[11]
2024-04-23T18:53:01,332  INFO [pool-27-thread-1] exec.FileSinkOperator: Final Path: FS file:/home/alex/Repositories/hive/ql/target/tmp/localscratchdir/a8c1c011-dbf2-4556-9828-3c682b932083/hive_2024-04-23_18-53-00_756_1366318888510169187-1/-mr-10000/.hive-staging_hive_2024-04-23_18-53-00_756_1366318888510169187-1/_tmp.-ext-10001/000000_0
2024-04-23T18:53:01,332  INFO [pool-27-thread-1] exec.FileSinkOperator: Writing to temp file: FS file:/home/alex/Repositories/hive/ql/target/tmp/localscratchdir/a8c1c011-dbf2-4556-9828-3c682b932083/hive_2024-04-23_18-53-00_756_1366318888510169187-1/-mr-10000/.hive-staging_hive_2024-04-23_18-53-00_756_1366318888510169187-1/_task_tmp.-ext-10001/_tmp.000000_0
2024-04-23T18:53:01,332  INFO [pool-27-thread-1] exec.FileSinkOperator: New Final Path: FS file:/home/alex/Repositories/hive/ql/target/tmp/localscratchdir/a8c1c011-dbf2-4556-9828-3c682b932083/hive_2024-04-23_18-53-00_756_1366318888510169187-1/-mr-10000/.hive-staging_hive_2024-04-23_18-53-00_756_1366318888510169187-1/_tmp.-ext-10001/000000_0
2024-04-23T18:53:01,339  INFO [pool-27-thread-1] exec.FileSinkOperator: FS[13]: records written - 1
2024-04-23T18:53:01,340  INFO [pool-27-thread-1] exec.GroupByOperator: RECORDS_OUT_INTERMEDIATE:0, RECORDS_OUT_OPERATOR_GBY_11:1, 
2024-04-23T18:53:01,340  INFO [pool-27-thread-1] exec.SelectOperator: Closing Operator: SEL[12]
2024-04-23T18:53:01,340  INFO [pool-27-thread-1] exec.SelectOperator: RECORDS_OUT_OPERATOR_SEL_12:1, RECORDS_OUT_INTERMEDIATE:0, 
2024-04-23T18:53:01,340  INFO [pool-27-thread-1] exec.FileSinkOperator: Closing Operator: FS[13]
2024-04-23T18:53:01,340  INFO [pool-27-thread-1] exec.FileSinkOperator: FS[13]: records written - 1
2024-04-23T18:53:01,340  INFO [pool-27-thread-1] exec.FileSinkOperator: RECORDS_OUT_0:1, RECORDS_OUT_OPERATOR_FS_13:1, RECORDS_OUT_INTERMEDIATE:0, 
2024-04-23T18:53:01,341  INFO [pool-27-thread-1] mapred.Task: Task:attempt_local1872233946_0003_r_000000_0 is done. And is in the process of committing
2024-04-23T18:53:01,342  INFO [pool-27-thread-1] mapred.LocalJobRunner: reduce > reduce
2024-04-23T18:53:01,342  INFO [pool-27-thread-1] mapred.Task: Task 'attempt_local1872233946_0003_r_000000_0' done.
2024-04-23T18:53:01,342  INFO [pool-27-thread-1] mapred.Task: Final Counters for attempt_local1872233946_0003_r_000000_0: Counters: 30
	File System Counters
		FILE: Number of bytes read=64665
		FILE: Number of bytes written=3480673
		FILE: Number of read operations=0
		FILE: Number of large read operations=0
		FILE: Number of write operations=0
	Map-Reduce Framework
		Combine input records=0
		Combine output records=0
		Reduce input groups=1
		Reduce shuffle bytes=50
		Reduce input records=1
		Reduce output records=0
		Spilled Records=1
		Shuffled Maps =1
		Failed Shuffles=0
		Merged Map outputs=1
		GC time elapsed (ms)=0
		Total committed heap usage (bytes)=976224256
	HIVE
		CREATED_FILES=1
		RECORDS_OUT_0=1
		RECORDS_OUT_INTERMEDIATE=0
		RECORDS_OUT_OPERATOR_FS_13=1
		RECORDS_OUT_OPERATOR_GBY_11=1
		RECORDS_OUT_OPERATOR_SEL_12=1
	Shuffle Errors
		BAD_ID=0
		CONNECTION=0
		IO_ERROR=0
		WRONG_LENGTH=0
		WRONG_MAP=0
		WRONG_REDUCE=0
	File Output Format Counters 
		Bytes Written=0
2024-04-23T18:53:01,342  INFO [pool-27-thread-1] mapred.LocalJobRunner: Finishing task: attempt_local1872233946_0003_r_000000_0
2024-04-23T18:53:01,342  INFO [Thread-244] mapred.LocalJobRunner: reduce task executor complete.
2024-04-23 18:53:02,209 Stage-1 map = 100%,  reduce = 100%
2024-04-23T18:53:02,209  INFO [main] exec.Task: 2024-04-23 18:53:02,209 Stage-1 map = 100%,  reduce = 100%
Ended Job = job_local1872233946_0003
2024-04-23T18:53:02,211  INFO [main] exec.Task: Ended Job = job_local1872233946_0003
2024-04-23T18:53:02,223  INFO [main] ql.Driver: Starting task [Stage-0:MOVE] in serial mode
2024-04-23T18:53:02,240  INFO [main] metadata.Hive: Moving bucket pfile:/home/alex/Repositories/hive/ql/target/warehouse/.hive-staging_hive_2024-04-23_18-53-00_470_502405948494199942-1/-ext-10002/000000_0/delta_0000001_0000001_0000/bucket_00000 to pfile:/home/alex/Repositories/hive/ql/target/warehouse/mat1/delta_0000001_0000001_0000/bucket_00000
2024-04-23T18:53:02,246  INFO [main] ql.Driver: Starting task [Stage-3:DDL] in serial mode
2024-04-23T18:53:02,246  INFO [main] HiveMetaStore.audit: ugi=alex	ip=unknown-ip-addr	cmd=get_table : tbl=hive.default.mat1	
2024-04-23T18:53:02,250  INFO [main] HiveMetaStore.audit: ugi=alex	ip=unknown-ip-addr	cmd=get_table : tbl=hive.default.t1	
2024-04-23T18:53:02,259  INFO [main] metastore.HMSHandler: Skipping translation for processor with null
2024-04-23T18:53:02,261  INFO [main] HiveMetaStore.audit: ugi=alex	ip=unknown-ip-addr	cmd=create_table_req: Table(tableName:mat1, dbName:default, owner:alex, createTime:1713923582, lastAccessTime:0, retention:0, sd:StorageDescriptor(cols:[FieldSchema(name:a, type:int, comment:null), FieldSchema(name:b, type:int, comment:null)], location:null, inputFormat:org.apache.hadoop.hive.ql.io.orc.OrcInputFormat, outputFormat:org.apache.hadoop.hive.ql.io.orc.OrcOutputFormat, compressed:false, numBuckets:-1, serdeInfo:SerDeInfo(name:null, serializationLib:org.apache.hadoop.hive.ql.io.orc.OrcSerde, parameters:{}), bucketCols:[], sortCols:[], parameters:{}, skewedInfo:SkewedInfo(skewedColNames:[], skewedColValues:[], skewedColValueLocationMaps:{})), partitionKeys:[], parameters:{bucketing_version=2, transactional=true}, viewOriginalText:select a,b from t1 where a > 1, viewExpandedText:select `t1`.`a`,`t1`.`b` from `default`.`t1` where `t1`.`a` > 1, tableType:MATERIALIZED_VIEW, privileges:PrincipalPrivilegeSet(userPrivileges:{alex=[PrivilegeGrantInfo(privilege:INSERT, createTime:-1, grantor:alex, grantorType:USER, grantOption:true), PrivilegeGrantInfo(privilege:SELECT, createTime:-1, grantor:alex, grantorType:USER, grantOption:true), PrivilegeGrantInfo(privilege:UPDATE, createTime:-1, grantor:alex, grantorType:USER, grantOption:true), PrivilegeGrantInfo(privilege:DELETE, createTime:-1, grantor:alex, grantorType:USER, grantOption:true)]}, groupPrivileges:null, rolePrivileges:null), rewriteEnabled:true, creationMetadata:CreationMetadata(catName:hive, dbName:default, tblName:mat1, tablesUsed:[SourceTable(table:Table(tableName:t1, dbName:default, owner:alex, createTime:1713923578, lastAccessTime:0, retention:0, sd:StorageDescriptor(cols:[FieldSchema(name:a, type:int, comment:null), FieldSchema(name:b, type:int, comment:null)], location:pfile:/home/alex/Repositories/hive/ql/target/warehouse/t1, inputFormat:org.apache.hadoop.hive.ql.io.orc.OrcInputFormat, outputFormat:org.apache.hadoop.hive.ql.io.orc.OrcOutputFormat, compressed:false, numBuckets:-1, serdeInfo:SerDeInfo(name:null, serializationLib:org.apache.hadoop.hive.ql.io.orc.OrcSerde, parameters:{}), bucketCols:[], sortCols:[], parameters:{}, skewedInfo:SkewedInfo(skewedColNames:[], skewedColValues:[], skewedColValueLocationMaps:{}), storedAsSubDirectories:false), partitionKeys:[], parameters:{transactional=true, numFiles=1, transactional_properties=default, transient_lastDdlTime=1713923580, bucketing_version=2, numRows=2, rawDataSize=0, totalSize=686, COLUMN_STATS_ACCURATE={"BASIC_STATS":"true","COLUMN_STATS":{"a":"true","b":"true"}}, numFilesErasureCoded=0}, viewOriginalText:null, viewExpandedText:null, tableType:MANAGED_TABLE, rewriteEnabled:false, catName:hive, ownerType:USER, writeId:1, id:2), insertedCount:0, updatedCount:0, deletedCount:0)], validTxnList:4$default.mat1:1:9223372036854775807::$default.t1:1:9223372036854775807::), catName:hive, ownerType:USER, writeId:1)	
2024-04-23T18:53:02,282  INFO [main] utils.MetaStoreServerUtils: Updating table stats for mat1
2024-04-23T18:53:02,282  INFO [main] utils.MetaStoreServerUtils: Updated size of table mat1 to 663
2024-04-23T18:53:02,331  INFO [main] HiveMetaStore.audit: ugi=alex	ip=unknown-ip-addr	cmd=get_database: default	
2024-04-23T18:53:02,335  INFO [main] ql.Driver: Starting task [Stage-2:STATS] in serial mode
2024-04-23T18:53:02,335  INFO [main] HiveMetaStore.audit: ugi=alex	ip=unknown-ip-addr	cmd=get_table : tbl=hive.default.mat1	
2024-04-23T18:53:02,368  INFO [main] metastore.HMSHandler: Skipping translation for processor with null
2024-04-23T18:53:02,369  INFO [main] stats.BasicStatsTask: Executing stats task
2024-04-23T18:53:02,369  INFO [main] fs.FSStatsPublisher: created : pfile:/home/alex/Repositories/hive/ql/target/warehouse/.hive-staging_hive_2024-04-23_18-53-00_470_502405948494199942-1/-ext-10003
2024-04-23T18:53:02,382  WARN [main] FileOperations: Computing stats for an ACID table; stats may be inaccurate
2024-04-23T18:53:02,382  INFO [main] FileOperations: Read stats for default.mat1/, numRows, true, 1, false: 
2024-04-23T18:53:02,382  INFO [main] FileOperations: Read stats for default.mat1/, rawDataSize, true, 0, false: 
2024-04-23T18:53:02,383  INFO [main] HiveMetaStore.audit: ugi=alex	ip=unknown-ip-addr	cmd=alter_table: hive.default.mat1 newtbl=mat1	
2024-04-23T18:53:02,435  INFO [main] FileOperations: Read stats for default.mat1/, insertCount, true, 1, false: 
2024-04-23T18:53:02,435  INFO [main] FileOperations: Read stats for default.mat1/, updateCount, true, 0, false: 
2024-04-23T18:53:02,435  INFO [main] FileOperations: Read stats for default.mat1/, deleteCount, true, 0, false: 
2024-04-23T18:53:02,436  INFO [main] stats.BasicStatsTask: Table default.mat1 stats: [numFiles=1, numRows=1, totalSize=663, rawDataSize=0, numFilesErasureCoded=0]
2024-04-23T18:53:02,440  INFO [main] mapred.FileInputFormat: Total input files to process : 1
2024-04-23T18:53:02,441  INFO [main] stats.ColStatsProcessor: Time taken to build 1 stats desc : 0.004 seconds.
2024-04-23T18:53:02,441  INFO [main] HiveMetaStore.audit: ugi=alex	ip=unknown-ip-addr	cmd=write_column_statistics:  table=hive.default.mat1	
2024-04-23T18:53:02,448  INFO [main] metastore.ObjectStore: Updating table level column statistics for table=hive.default.mat1 colName=a
2024-04-23T18:53:02,449  INFO [main] metastore.ObjectStore: Updating table level column statistics for table=hive.default.mat1 colName=b
2024-04-23T18:53:02,472  INFO [main] stats.ColStatsProcessor: Time taken to update 1 stats : 0.031 seconds.
2024-04-23T18:53:02,472  INFO [main] ql.Driver: Starting task [Stage-4:DDL] in serial mode
2024-04-23T18:53:02,472  INFO [main] HiveMetaStore.audit: ugi=alex	ip=unknown-ip-addr	cmd=get_table : tbl=hive.default.mat1	
2024-04-23T18:53:02,491  INFO [main] metastore.HMSHandler: Skipping translation for processor with null
2024-04-23T18:53:02,494  INFO [main] HiveMetaStore.audit: ugi=alex	ip=unknown-ip-addr	cmd=get_all_table_constraints : tbl=hive.default.mat1	
2024-04-23T18:53:02,501  INFO [main] parse.CalcitePlanner: Starting generating logical plan
2024-04-23T18:53:02,502  INFO [main] parse.CalcitePlanner: Completed phase 1 of Semantic Analysis
2024-04-23T18:53:02,502  INFO [main] parse.CalcitePlanner: Get metadata for source tables
2024-04-23T18:53:02,503  INFO [main] HiveMetaStore.audit: ugi=alex	ip=unknown-ip-addr	cmd=get_table : tbl=hive.default.t1	
2024-04-23T18:53:02,512  INFO [main] metastore.HMSHandler: Skipping translation for processor with null
2024-04-23T18:53:02,512  INFO [main] parse.CalcitePlanner: Get metadata for subqueries
2024-04-23T18:53:02,512  INFO [main] parse.CalcitePlanner: Get metadata for destination tables
2024-04-23T18:53:02,512  INFO [main] parse.CalcitePlanner: Completed getting MetaData in Semantic Analysis
2024-04-23T18:53:02,525  INFO [main] HiveMetaStore.audit: ugi=alex	ip=unknown-ip-addr	cmd=get_all_table_constraints : tbl=hive.default.t1	
2024-04-23T18:53:02,555  INFO [main] calcite.RelOptHiveTable: Calculating column statistics for default.t1, projIndxSet: [0, 1], allowMissingStats: true
2024-04-23T18:53:02,555  INFO [main] HiveMetaStore.audit: ugi=alex	ip=unknown-ip-addr	cmd=get_table : tbl=hive.default.t1	
2024-04-23T18:53:02,566  INFO [main] metastore.HMSHandler: Skipping translation for processor with null
2024-04-23T18:53:02,567  INFO [main] HiveMetaStore.audit: ugi=alex	ip=unknown-ip-addr	cmd=get_table : tbl=hive.default.t1	
2024-04-23T18:53:02,578  INFO [main] metastore.HMSHandler: Skipping translation for processor with null
2024-04-23T18:53:02,650  INFO [main] parse.CalcitePlanner: Finished generating logical plan
POSTHOOK: query: create materialized view mat1 stored as orc TBLPROPERTIES ('transactional'='true') as select a,b from t1 where a > 1
2024-04-23T18:53:02,652  INFO [main] SessionState: POSTHOOK: query: create materialized view mat1 stored as orc TBLPROPERTIES ('transactional'='true') as select a,b from t1 where a > 1
POSTHOOK: type: CREATE_MATERIALIZED_VIEW
2024-04-23T18:53:02,652  INFO [main] SessionState: POSTHOOK: type: CREATE_MATERIALIZED_VIEW
POSTHOOK: Input: default@t1
2024-04-23T18:53:02,652  INFO [main] SessionState: POSTHOOK: Input: default@t1
POSTHOOK: Output: database:default
2024-04-23T18:53:02,652  INFO [main] SessionState: POSTHOOK: Output: database:default
POSTHOOK: Output: default@mat1
2024-04-23T18:53:02,652  INFO [main] SessionState: POSTHOOK: Output: default@mat1
POSTHOOK: Lineage: mat1.a SIMPLE [(t1)t1.FieldSchema(name:a, type:int, comment:null), ]
2024-04-23T18:53:02,652  INFO [main] SessionState: POSTHOOK: Lineage: mat1.a SIMPLE [(t1)t1.FieldSchema(name:a, type:int, comment:null), ]
POSTHOOK: Lineage: mat1.b SIMPLE [(t1)t1.FieldSchema(name:b, type:int, comment:null), ]
2024-04-23T18:53:02,652  INFO [main] SessionState: POSTHOOK: Lineage: mat1.b SIMPLE [(t1)t1.FieldSchema(name:b, type:int, comment:null), ]
POSTHOOK: Lineage: t1.a SCRIPT []
2024-04-23T18:53:02,652  INFO [main] SessionState: POSTHOOK: Lineage: t1.a SCRIPT []
POSTHOOK: Lineage: t1.b SCRIPT []
2024-04-23T18:53:02,652  INFO [main] SessionState: POSTHOOK: Lineage: t1.b SCRIPT []
2024-04-23T18:53:02,652  INFO [main] metadata.Hive: Dumping metastore api call timing information for : execution phase
2024-04-23T18:53:02,652  INFO [main] metadata.Hive: Total time spent in each metastore function (ms): {isCompatibleWith_(Configuration)=0, setPartitionColumnStatistics_(SetPartitionsStatsRequest)=31, getTableColumnStatistics_(String, String, List, String)=26, createTable_(Table)=70, updateTransactionalStatistics_(UpdateTransactionalStatsRequest)=1, alter_table_(String, String, String, Table, EnvironmentContext, String)=52, getValidWriteIds_(List, String)=1, getDatabase_(String)=2, getAllTableConstraints_(AllTableConstraintsRequest)=12, getTable_(GetTableRequest)=73}
MapReduce Jobs Launched: 
2024-04-23T18:53:02,653  INFO [main] ql.Driver: MapReduce Jobs Launched: 
Stage-Stage-1:  HDFS Read: 0 HDFS Write: 0 SUCCESS
2024-04-23T18:53:02,653  INFO [main] ql.Driver: Stage-Stage-1:  HDFS Read: 0 HDFS Write: 0 SUCCESS
Total MapReduce CPU Time Spent: 0 msec
2024-04-23T18:53:02,653  INFO [main] ql.Driver: Total MapReduce CPU Time Spent: 0 msec
2024-04-23T18:53:02,653  INFO [main] ql.Driver: Completed executing command(queryId=alex_20240423185300_390d4d5f-c925-4f73-b76a-05bfef8f1245); Time taken: 1.796 seconds
2024-04-23T18:53:02,653  INFO [main] lockmgr.DbTxnManager: Stopped heartbeat for query: alex_20240423185300_390d4d5f-c925-4f73-b76a-05bfef8f1245
2024-04-23T18:53:02,659  INFO [main] txn.TxnHandler: Expected to move at least one record from txn_components to completed_txn_components when committing txn! txnid:4
2024-04-23T18:53:02,666  INFO [main] txn.TxnHandler: Removed transactions: ([4]) from MIN_HISTORY_LEVEL
2024-04-23T18:53:02,667  WARN [main] txn.CompactionTxnHandler: No compaction queue record found for Compaction type transaction commit. txnId:4
2024-04-23T18:53:02,668  INFO [main] ql.Context: Deleting scratch dir: file:/home/alex/Repositories/hive/ql/target/tmp/localscratchdir/a8c1c011-dbf2-4556-9828-3c682b932083/hive_2024-04-23_18-53-00_756_1366318888510169187-1
2024-04-23T18:53:02,669  INFO [main] cleanup.SyncCleanupService: Deleted directory: file:/home/alex/Repositories/hive/ql/target/tmp/localscratchdir/a8c1c011-dbf2-4556-9828-3c682b932083/hive_2024-04-23_18-53-00_756_1366318888510169187-1 on fs with scheme file
2024-04-23T18:53:02,669  INFO [main] ql.Context: Deleting scratch dir: file:/home/alex/Repositories/hive/ql/target/tmp/localscratchdir/a8c1c011-dbf2-4556-9828-3c682b932083/hive_2024-04-23_18-53-00_470_502405948494199942-1
2024-04-23T18:53:02,669  INFO [main] cleanup.SyncCleanupService: Deleted directory: file:/home/alex/Repositories/hive/ql/target/tmp/localscratchdir/a8c1c011-dbf2-4556-9828-3c682b932083/hive_2024-04-23_18-53-00_470_502405948494199942-1 on fs with scheme file
2024-04-23T18:53:02,670  INFO [main] ql.Context: Deleting scratch dir: pfile:/home/alex/Repositories/hive/ql/target/warehouse/.hive-staging_hive_2024-04-23_18-53-00_470_502405948494199942-1
2024-04-23T18:53:02,670  INFO [main] cleanup.SyncCleanupService: Deleted directory: pfile:/home/alex/Repositories/hive/ql/target/warehouse/.hive-staging_hive_2024-04-23_18-53-00_470_502405948494199942-1 on fs with scheme pfile
2024-04-23T18:53:02,670  INFO [main] ql.Driver: Compiling command(queryId=alex_20240423185302_bda6e870-3b59-4bc7-9288-7b6d16d63bdb): insert into t1 values(3,3)
2024-04-23T18:53:02,682  INFO [main] txn.TxnHandler: Added entries to MIN_HISTORY_LEVEL for current txns: ([5]) with min_open_txn: 5
2024-04-23T18:53:02,683  INFO [main] lockmgr.DbTxnManager: Opened txnid:5
2024-04-23T18:53:02,684  INFO [main] parse.CalcitePlanner: Starting caching scope for: 
2024-04-23T18:53:02,684  INFO [main] parse.CalcitePlanner: Starting Semantic Analysis
2024-04-23T18:53:02,688  INFO [main] HiveMetaStore.audit: ugi=alex	ip=unknown-ip-addr	cmd=get_table : tbl=hive.default.t1	
2024-04-23T18:53:02,699  INFO [main] metastore.HMSHandler: Skipping translation for processor with null
2024-04-23T18:53:02,699  INFO [main] parse.CalcitePlanner: Completed phase 1 of Semantic Analysis
2024-04-23T18:53:02,700  INFO [main] parse.CalcitePlanner: Get metadata for source tables
2024-04-23T18:53:02,700  INFO [main] parse.CalcitePlanner: Get metadata for subqueries
2024-04-23T18:53:02,700  INFO [main] parse.CalcitePlanner: Get metadata for destination tables
2024-04-23T18:53:02,700  INFO [main] HiveMetaStore.audit: ugi=alex	ip=unknown-ip-addr	cmd=get_table : tbl=hive.default.t1	
2024-04-23T18:53:02,710  INFO [main] metastore.HMSHandler: Skipping translation for processor with null
2024-04-23T18:53:02,710  INFO [main] parse.CalcitePlanner: Completed getting MetaData in Semantic Analysis
2024-04-23T18:53:02,710  INFO [main] parse.CalcitePlanner: Disabling LLAP IO encode as ETL query is detected
2024-04-23T18:53:02,732  INFO [main] HiveMetaStore.audit: ugi=alex	ip=unknown-ip-addr	cmd=get_all_table_constraints : tbl=hive._dummy_database._dummy_table	
2024-04-23T18:53:02,796  INFO [main] parse.CalcitePlanner: Get metadata for source tables
2024-04-23T18:53:02,796  INFO [main] parse.CalcitePlanner: Get metadata for subqueries
2024-04-23T18:53:02,796  INFO [main] parse.CalcitePlanner: Get metadata for source tables
2024-04-23T18:53:02,797  INFO [main] HiveMetaStore.audit: ugi=alex	ip=unknown-ip-addr	cmd=get_table : tbl=hive._dummy_database._dummy_table	
2024-04-23T18:53:02,800  INFO [main] parse.CalcitePlanner: Get metadata for subqueries
2024-04-23T18:53:02,800  INFO [main] parse.CalcitePlanner: Get metadata for destination tables
2024-04-23T18:53:02,800  INFO [main] parse.CalcitePlanner: Get metadata for destination tables
2024-04-23T18:53:02,800  INFO [main] HiveMetaStore.audit: ugi=alex	ip=unknown-ip-addr	cmd=get_table : tbl=hive.default.t1	
2024-04-23T18:53:02,810  INFO [main] metastore.HMSHandler: Skipping translation for processor with null
2024-04-23T18:53:02,812  INFO [main] HiveMetaStore.audit: ugi=alex	ip=unknown-ip-addr	cmd=get_not_null_constraints : tbl=hive.default.t1	
2024-04-23T18:53:02,814  INFO [main] HiveMetaStore.audit: ugi=alex	ip=unknown-ip-addr	cmd=get_check_constraints : tbl=hive.default.t1	
2024-04-23T18:53:02,824  INFO [main] txn.TxnHandler: Allocated writeId: 2 for txnId: 5
2024-04-23T18:53:02,824  INFO [main] txn.TxnHandler: Allocated write ids for dbName=default, tblName=t1 (txnIds: [5])
2024-04-23T18:53:02,825  INFO [main] common.FileUtils: Creating directory if it doesn't exist: pfile:/home/alex/Repositories/hive/ql/target/warehouse/t1/.hive-staging_hive_2024-04-23_18-53-02_670_2974145440959576061-1
2024-04-23T18:53:02,830  INFO [main] parse.CalcitePlanner: Generate an operator pipeline to autogather column stats for table t1 in query insert into t1 values(3,3)
2024-04-23T18:53:02,831  INFO [main] HiveMetaStore.audit: ugi=alex	ip=unknown-ip-addr	cmd=get_table : tbl=hive.default.t1	
2024-04-23T18:53:02,842  INFO [main] metastore.HMSHandler: Skipping translation for processor with null
2024-04-23T18:53:02,845  INFO [main] parse.CalcitePlanner: Get metadata for source tables
2024-04-23T18:53:02,848  INFO [main] HiveMetaStore.audit: ugi=alex	ip=unknown-ip-addr	cmd=get_table : tbl=hive.default.t1	
2024-04-23T18:53:02,858  INFO [main] metastore.HMSHandler: Skipping translation for processor with null
2024-04-23T18:53:02,859  INFO [main] parse.CalcitePlanner: Get metadata for subqueries
2024-04-23T18:53:02,859  INFO [main] parse.CalcitePlanner: Get metadata for destination tables
2024-04-23T18:53:02,866  INFO [main] common.FileUtils: Creating directory if it doesn't exist: file:/home/alex/Repositories/hive/ql/target/tmp/localscratchdir/a8c1c011-dbf2-4556-9828-3c682b932083/hive_2024-04-23_18-53-02_830_3843003113422881024-1/-mr-10000/.hive-staging_hive_2024-04-23_18-53-02_830_3843003113422881024-1
2024-04-23T18:53:02,873  INFO [main] parse.CalcitePlanner: CBO Succeeded; optimized logical plan.
2024-04-23T18:53:02,885  INFO [main] optimizer.ColumnPrunerProcFactory: RS 8 oldColExprMap: {VALUE._col3=Column[_col3], VALUE._col8=Column[_col8], VALUE._col7=Column[_col7], VALUE._col0=Column[_col0], VALUE._col1=Column[_col1], VALUE._col5=Column[_col5], VALUE._col6=Column[_col6], VALUE._col2=Column[_col2], VALUE._col4=Column[_col4]}
2024-04-23T18:53:02,885  INFO [main] optimizer.ColumnPrunerProcFactory: RS 8 newColExprMap: {VALUE._col1=Column[_col1], VALUE._col3=Column[_col3], VALUE._col4=Column[_col4], VALUE._col8=Column[_col8], VALUE._col5=Column[_col5], VALUE._col0=Column[_col0], VALUE._col2=Column[_col2], VALUE._col7=Column[_col7], VALUE._col6=Column[_col6]}
2024-04-23T18:53:02,887  INFO [main] optimizer.BucketVersionPopulator: not considering bucketingVersion for: TS[0] because it has -1<2 buckets 
2024-04-23T18:53:02,888  INFO [main] optimizer.SortedDynPartitionOptimizer: Sorted dynamic partitioning optimization kicked in..
2024-04-23T18:53:02,888  INFO [main] optimizer.SortedDynPartitionOptimizer: Sorted dynamic partitioning optimization kicked in..
2024-04-23T18:53:02,900  INFO [main] HiveMetaStore.audit: ugi=alex	ip=unknown-ip-addr	cmd=get_table : tbl=hive.default.t1	
2024-04-23T18:53:02,910  INFO [main] metastore.HMSHandler: Skipping translation for processor with null
2024-04-23T18:53:02,912  INFO [main] common.HiveStatsUtils: Error requested is 20.0%
2024-04-23T18:53:02,912  INFO [main] common.HiveStatsUtils: Choosing 16 bit vectors..
2024-04-23T18:53:02,912  INFO [main] parse.CalcitePlanner: Completed plan generation
2024-04-23T18:53:02,912  INFO [main] parse.CalcitePlanner: Ending caching scope for: 
2024-04-23T18:53:02,912  INFO [main] ql.Driver: Semantic Analysis Completed (retrial = false)
2024-04-23T18:53:02,912  INFO [main] ql.Driver: Created Hive schema: Schema(fieldSchemas:[FieldSchema(name:col1, type:int, comment:null), FieldSchema(name:col2, type:int, comment:null)], properties:null)
2024-04-23T18:53:02,912  INFO [main] metadata.Hive: Dumping metastore api call timing information for : compilation phase
2024-04-23T18:53:02,912  INFO [main] metadata.Hive: Total time spent in each metastore function (ms): {getValidTxns_(long)=1, getTable_(GetTableRequest)=63, allocateTableWriteId_(long, String, String)=8, commitTxn_(CommitTxnRequest)=14, getCheckConstraints_(CheckConstraintsRequest)=2, getValidWriteIds_(List, String)=8, flushCache_()=0, openTxn_(String, TxnType)=11, getNotNullConstraints_(NotNullConstraintsRequest)=2, isCompatibleWith_(Configuration)=1, getAllTableConstraints_(AllTableConstraintsRequest)=8}
2024-04-23T18:53:02,913  INFO [main] ql.Driver: Completed compiling command(queryId=alex_20240423185302_bda6e870-3b59-4bc7-9288-7b6d16d63bdb); Time taken: 0.242 seconds
2024-04-23T18:53:02,913  INFO [main] lockmgr.DbTxnManager: Setting lock request transaction to txnid:5 for queryId=alex_20240423185302_bda6e870-3b59-4bc7-9288-7b6d16d63bdb
2024-04-23T18:53:02,913  INFO [main] lockmgr.DbLockManager: Requesting lock for queryId=alex_20240423185302_bda6e870-3b59-4bc7-9288-7b6d16d63bdb
2024-04-23T18:53:02,940  INFO [main] lockmgr.DbLockManager: Response to queryId=alex_20240423185302_bda6e870-3b59-4bc7-9288-7b6d16d63bdb LockResponse(lockid:4, state:ACQUIRED)
2024-04-23T18:53:02,940  INFO [main] ql.Driver: Operation QUERY obtained 1 locks
2024-04-23T18:53:02,941  INFO [main] ql.Driver: Executing command(queryId=alex_20240423185302_bda6e870-3b59-4bc7-9288-7b6d16d63bdb): insert into t1 values(3,3)
PREHOOK: query: insert into t1 values(3,3)
2024-04-23T18:53:02,941  INFO [main] SessionState: PREHOOK: query: insert into t1 values(3,3)
PREHOOK: type: QUERY
2024-04-23T18:53:02,941  INFO [main] SessionState: PREHOOK: type: QUERY
PREHOOK: Input: _dummy_database@_dummy_table
2024-04-23T18:53:02,941  INFO [main] SessionState: PREHOOK: Input: _dummy_database@_dummy_table
PREHOOK: Output: default@t1
2024-04-23T18:53:02,941  INFO [main] SessionState: PREHOOK: Output: default@t1
2024-04-23T18:53:02,942  WARN [main] ql.Driver: Hive-on-MR is deprecated in Hive 2 and may not be available in the future versions. Consider using a different execution engine (i.e. tez, spark) or using Hive 1.X releases.
Query ID = alex_20240423185302_bda6e870-3b59-4bc7-9288-7b6d16d63bdb
2024-04-23T18:53:02,942  INFO [main] ql.Driver: Query ID = alex_20240423185302_bda6e870-3b59-4bc7-9288-7b6d16d63bdb
Total jobs = 1
2024-04-23T18:53:02,942  INFO [main] ql.Driver: Total jobs = 1
Launching Job 1 out of 1
2024-04-23T18:53:02,942  INFO [main] ql.Driver: Launching Job 1 out of 1
2024-04-23T18:53:03,093  INFO [main] ql.Driver: Starting task [Stage-1:MAPRED] in serial mode
Number of reduce tasks determined at compile time: 1
2024-04-23T18:53:03,093  INFO [main] exec.Task: Number of reduce tasks determined at compile time: 1
In order to change the average load for a reducer (in bytes):
2024-04-23T18:53:03,093  INFO [main] exec.Task: In order to change the average load for a reducer (in bytes):
  set hive.exec.reducers.bytes.per.reducer=<number>
2024-04-23T18:53:03,093  INFO [main] exec.Task:   set hive.exec.reducers.bytes.per.reducer=<number>
In order to limit the maximum number of reducers:
2024-04-23T18:53:03,093  INFO [main] exec.Task: In order to limit the maximum number of reducers:
  set hive.exec.reducers.max=<number>
2024-04-23T18:53:03,093  INFO [main] exec.Task:   set hive.exec.reducers.max=<number>
In order to set a constant number of reducers:
2024-04-23T18:53:03,093  INFO [main] exec.Task: In order to set a constant number of reducers:
  set mapreduce.job.reduces=<number>
2024-04-23T18:53:03,093  INFO [main] exec.Task:   set mapreduce.job.reduces=<number>
2024-04-23T18:53:03,096  INFO [main] mr.ExecDriver: Using org.apache.hadoop.hive.ql.io.CombineHiveInputFormat
2024-04-23T18:53:03,096  INFO [main] exec.Utilities: Processing alias $hdt$_0:_dummy_table
2024-04-23T18:53:03,096  INFO [main] exec.Utilities: Adding 1 inputs; the first input is file:/home/alex/Repositories/hive/ql/target/tmp/localscratchdir/a8c1c011-dbf2-4556-9828-3c682b932083/hive_2024-04-23_18-53-02_670_2974145440959576061-1/dummy_path
2024-04-23T18:53:03,107  INFO [main] exec.SerializationUtilities: Serializing MapWork using kryo
2024-04-23T18:53:03,108  INFO [main] exec.Utilities: Serialized plan (via FILE) - name: null size: 7,97KB
2024-04-23T18:53:03,113  INFO [main] exec.SerializationUtilities: Serializing ReduceWork using kryo
2024-04-23T18:53:03,115  INFO [main] exec.Utilities: Serialized plan (via FILE) - name: null size: 11,22KB
2024-04-23T18:53:03,116  WARN [main] impl.MetricsSystemImpl: JobTracker metrics system already initialized!
2024-04-23T18:53:03,120  INFO [main] fs.FSStatsPublisher: created : pfile:/home/alex/Repositories/hive/ql/target/warehouse/t1/.hive-staging_hive_2024-04-23_18-53-02_670_2974145440959576061-1/-ext-10000
2024-04-23T18:53:03,122  INFO [main] fs.FSStatsPublisher: created : file:/home/alex/Repositories/hive/ql/target/tmp/localscratchdir/a8c1c011-dbf2-4556-9828-3c682b932083/hive_2024-04-23_18-53-02_830_3843003113422881024-1/-mr-10002
2024-04-23T18:53:03,127  WARN [main] impl.MetricsSystemImpl: JobTracker metrics system already initialized!
2024-04-23T18:53:03,136  WARN [main] mapreduce.JobResourceUploader: Hadoop command-line option parsing not performed. Implement the Tool interface and execute your application with ToolRunner to remedy this.
2024-04-23T18:53:03,140  WARN [main] mapreduce.JobResourceUploader: No job jar file set.  User classes may not be found. See Job or Job#setJar(String).
2024-04-23T18:53:03,141  INFO [main] io.CombineHiveInputFormat: Total number of paths: 1, launching 1 threads to check non-combinable ones.
2024-04-23T18:53:03,142  INFO [main] io.CombineHiveInputFormat: CombineHiveInputSplit creating pool for file:/home/alex/Repositories/hive/ql/target/tmp/localscratchdir/a8c1c011-dbf2-4556-9828-3c682b932083/hive_2024-04-23_18-53-02_670_2974145440959576061-1/dummy_path; using filter path file:/home/alex/Repositories/hive/ql/target/tmp/localscratchdir/a8c1c011-dbf2-4556-9828-3c682b932083/hive_2024-04-23_18-53-02_670_2974145440959576061-1/dummy_path
2024-04-23T18:53:03,147  INFO [main] input.FileInputFormat: Total input files to process : 1
2024-04-23T18:53:03,148  INFO [main] input.CombineFileInputFormat: DEBUG: Terminated node allocation with : CompletedNodes: 1, size left: 0
2024-04-23T18:53:03,148  INFO [main] io.CombineHiveInputFormat: Number of all splits 1
2024-04-23T18:53:03,166  INFO [main] mapreduce.JobSubmitter: number of splits:1
2024-04-23T18:53:03,187  INFO [main] mapreduce.JobSubmitter: Submitting tokens for job: job_local1715450855_0004
2024-04-23T18:53:03,187  INFO [main] mapreduce.JobSubmitter: Executing with tokens: []
2024-04-23T18:53:03,251  INFO [main] mapreduce.Job: The url to track the job: http://localhost:8080/
Job running in-process (local Hadoop)
2024-04-23T18:53:03,251  INFO [main] exec.Task: Job running in-process (local Hadoop)
2024-04-23T18:53:03,251  INFO [Thread-336] mapred.LocalJobRunner: OutputCommitter set in config org.apache.hadoop.hive.ql.io.HiveFileFormatUtils$NullOutputCommitter
2024-04-23T18:53:03,252  INFO [Thread-336] mapred.LocalJobRunner: OutputCommitter is org.apache.hadoop.hive.ql.io.HiveFileFormatUtils$NullOutputCommitter
2024-04-23T18:53:03,253  INFO [Thread-336] mapred.LocalJobRunner: Waiting for map tasks
2024-04-23T18:53:03,253  INFO [LocalJobRunner Map Task Executor #0] mapred.LocalJobRunner: Starting task: attempt_local1715450855_0004_m_000000_0
2024-04-23T18:53:03,254  INFO [LocalJobRunner Map Task Executor #0] mapred.Task:  Using ResourceCalculatorProcessTree : [ ]
2024-04-23T18:53:03,255  INFO [LocalJobRunner Map Task Executor #0] mapred.MapTask: Processing split: Paths:/home/alex/Repositories/hive/ql/target/tmp/localscratchdir/a8c1c011-dbf2-4556-9828-3c682b932083/hive_2024-04-23_18-53-02_670_2974145440959576061-1/dummy_path/dummy_file:0+1InputFormatClass: org.apache.hadoop.hive.ql.io.NullRowsInputFormat

2024-04-23T18:53:03,255  INFO [LocalJobRunner Map Task Executor #0] exec.SerializationUtilities: Deserializing MapWork using kryo
2024-04-23T18:53:03,256  INFO [LocalJobRunner Map Task Executor #0] exec.Utilities: Deserialized plan (via FILE) - name: null size: 7,97KB
2024-04-23T18:53:03,257  INFO [LocalJobRunner Map Task Executor #0] mapred.MapTask: numReduceTasks: 1
2024-04-23T18:53:03,262  INFO [LocalJobRunner Map Task Executor #0] mapred.MapTask: (EQUATOR) 0 kvi 26214396(104857584)
2024-04-23T18:53:03,262  INFO [LocalJobRunner Map Task Executor #0] mapred.MapTask: mapreduce.task.io.sort.mb: 100
2024-04-23T18:53:03,262  INFO [LocalJobRunner Map Task Executor #0] mapred.MapTask: soft limit at 83886080
2024-04-23T18:53:03,262  INFO [LocalJobRunner Map Task Executor #0] mapred.MapTask: bufstart = 0; bufvoid = 104857600
2024-04-23T18:53:03,262  INFO [LocalJobRunner Map Task Executor #0] mapred.MapTask: kvstart = 26214396; length = 6553600
2024-04-23T18:53:03,263  INFO [LocalJobRunner Map Task Executor #0] mapred.MapTask: Map output collector class = org.apache.hadoop.mapred.MapTask$MapOutputBuffer
2024-04-23T18:53:03,263  INFO [LocalJobRunner Map Task Executor #0] exec.MapOperator: Initializing Operator: MAP[0]
2024-04-23T18:53:03,263  INFO [LocalJobRunner Map Task Executor #0] mr.ExecMapper: 
<MAP>Id =0
  <Children>null
  <\Children>
  <Parent><\Parent>
<\MAP>
2024-04-23T18:53:03,264  INFO [LocalJobRunner Map Task Executor #0] exec.TableScanOperator: Initializing Operator: TS[0]
2024-04-23T18:53:03,264  INFO [LocalJobRunner Map Task Executor #0] exec.SelectOperator: Initializing Operator: SEL[1]
2024-04-23T18:53:03,264  INFO [LocalJobRunner Map Task Executor #0] exec.SelectOperator: SELECT null
2024-04-23T18:53:03,265  INFO [LocalJobRunner Map Task Executor #0] exec.UDTFOperator: Initializing Operator: UDTF[2]
2024-04-23T18:53:03,265  INFO [LocalJobRunner Map Task Executor #0] exec.SelectOperator: Initializing Operator: SEL[3]
2024-04-23T18:53:03,265  INFO [LocalJobRunner Map Task Executor #0] exec.SelectOperator: SELECT struct<col1:int,col2:int>
2024-04-23T18:53:03,265  INFO [LocalJobRunner Map Task Executor #0] exec.FileSinkOperator: Initializing Operator: FS[4]
2024-04-23T18:53:03,265  INFO [LocalJobRunner Map Task Executor #0] exec.FileSinkOperator: Using serializer : AbstractSerDe [log=org.apache.logging.slf4j.Log4jLogger@245801d6, configuration=Optional[Configuration: core-default.xml, core-site.xml, mapred-default.xml, mapred-site.xml, yarn-default.xml, yarn-site.xml, hdfs-default.xml, hdfs-site.xml, file:/home/alex/Repositories/hive/ql/target/tmp/hadoop-tmp/mapred/local/localRunner/alex/job_local1715450855_0004/job_local1715450855_0004.xml], properties={transactional_properties=default, name=default.t1, transactional=true, columns.types=int:int, columns=a,b, numFilesErasureCoded=0, columns.comments=&amp#0;, bucketing_version=2, serialization.lib=org.apache.hadoop.hive.ql.io.orc.OrcSerde, file.inputformat=org.apache.hadoop.hive.ql.io.orc.OrcInputFormat, file.outputformat=org.apache.hadoop.hive.ql.io.orc.OrcOutputFormat, location=pfile:/home/alex/Repositories/hive/ql/target/warehouse/t1, column.name.delimiter=,}, tableProperties={transactional_properties=default, name=default.t1, transactional=true, columns.types=int:int, columns=a,b, numFilesErasureCoded=0, columns.comments=&amp#0;, bucketing_version=2, serialization.lib=org.apache.hadoop.hive.ql.io.orc.OrcSerde, file.inputformat=org.apache.hadoop.hive.ql.io.orc.OrcInputFormat, location=pfile:/home/alex/Repositories/hive/ql/target/warehouse/t1, file.outputformat=org.apache.hadoop.hive.ql.io.orc.OrcOutputFormat, column.name.delimiter=,}, partitionProperties=Optional.empty, columnNames=[a, b], columnTypes=[int, int], getClass()=class org.apache.hadoop.hive.ql.io.orc.OrcSerde] and formatter : org.apache.hadoop.hive.ql.io.orc.OrcOutputFormat@14880e53
2024-04-23T18:53:03,266  INFO [LocalJobRunner Map Task Executor #0] exec.SelectOperator: Initializing Operator: SEL[6]
2024-04-23T18:53:03,266  INFO [LocalJobRunner Map Task Executor #0] exec.SelectOperator: SELECT struct<_col0:int,_col1:int>
2024-04-23T18:53:03,266  INFO [LocalJobRunner Map Task Executor #0] exec.GroupByOperator: Initializing Operator: GBY[7]
2024-04-23T18:53:03,266  INFO [LocalJobRunner Map Task Executor #0] exec.GroupByOperator: Max hash table memory: 954466304 bytes
2024-04-23T18:53:03,266  INFO [LocalJobRunner Map Task Executor #0] exec.GroupByOperator: isTez: false isLlap: false numExecutors: 1 maxMemory: 1908932608
2024-04-23T18:53:03,266  INFO [LocalJobRunner Map Task Executor #0] exec.ReduceSinkOperator: Initializing Operator: RS[8]
2024-04-23T18:53:03,266  INFO [LocalJobRunner Map Task Executor #0] exec.ReduceSinkOperator: Using tag = -1
2024-04-23T18:53:03,267  INFO [LocalJobRunner Map Task Executor #0] exec.FileSinkOperator: Final Path: FS pfile:/home/alex/Repositories/hive/ql/target/warehouse/t1
2024-04-23T18:53:03,267  INFO [LocalJobRunner Map Task Executor #0] exec.FileSinkOperator: New Final Path: FS pfile:/home/alex/Repositories/hive/ql/target/warehouse/t1
2024-04-23T18:53:03,267  INFO [LocalJobRunner Map Task Executor #0] common.FileUtils: Creating directory if it doesn't exist: pfile:/home/alex/Repositories/hive/ql/target/warehouse
2024-04-23T18:53:03,268  INFO [LocalJobRunner Map Task Executor #0] exec.FileSinkOperator: FS[4]: records written - 1
2024-04-23T18:53:03,268  INFO [LocalJobRunner Map Task Executor #0] impl.PhysicalFsWriter: ORC writer created for path: pfile:/home/alex/Repositories/hive/ql/target/warehouse/t1/delta_0000002_0000002_0000/bucket_00000_0 with stripeSize: 8388608 blockSize: 268435456 compression: Compress: ZLIB buffer: 32768
2024-04-23T18:53:03,276  INFO [LocalJobRunner Map Task Executor #0] impl.WriterImpl: ORC writer created for path: pfile:/home/alex/Repositories/hive/ql/target/warehouse/t1/delta_0000002_0000002_0000/bucket_00000_0 with stripeSize: 8388608 options: Compress: ZLIB buffer: 32768
2024-04-23T18:53:03,281  INFO [LocalJobRunner Map Task Executor #0] exec.MapOperator: MAP[0]: records read - 1
2024-04-23T18:53:03,281  INFO [LocalJobRunner Map Task Executor #0] exec.MapOperator: Closing Operator: MAP[0]
2024-04-23T18:53:03,281  INFO [LocalJobRunner Map Task Executor #0] exec.MapOperator: MAP[0]: Total records read - 3. abort - false
2024-04-23T18:53:03,281  INFO [LocalJobRunner Map Task Executor #0] exec.MapOperator: RECORDS_OUT_INTERMEDIATE:0, RECORDS_IN:3, RECORDS_OUT_OPERATOR_MAP_0:0, DESERIALIZE_ERRORS:0, 
2024-04-23T18:53:03,281  INFO [LocalJobRunner Map Task Executor #0] exec.TableScanOperator: Closing Operator: TS[0]
2024-04-23T18:53:03,281  INFO [LocalJobRunner Map Task Executor #0] exec.TableScanOperator: RECORDS_OUT_INTERMEDIATE:0, RECORDS_OUT_OPERATOR_TS_0:1, 
2024-04-23T18:53:03,281  INFO [LocalJobRunner Map Task Executor #0] exec.SelectOperator: Closing Operator: SEL[1]
2024-04-23T18:53:03,281  INFO [LocalJobRunner Map Task Executor #0] exec.SelectOperator: RECORDS_OUT_OPERATOR_SEL_1:1, RECORDS_OUT_INTERMEDIATE:0, 
2024-04-23T18:53:03,281  INFO [LocalJobRunner Map Task Executor #0] exec.UDTFOperator: Closing Operator: UDTF[2]
2024-04-23T18:53:03,281  INFO [LocalJobRunner Map Task Executor #0] exec.UDTFOperator: RECORDS_OUT_OPERATOR_UDTF_2:1, RECORDS_OUT_INTERMEDIATE:0, 
2024-04-23T18:53:03,282  INFO [LocalJobRunner Map Task Executor #0] exec.SelectOperator: Closing Operator: SEL[3]
2024-04-23T18:53:03,282  INFO [LocalJobRunner Map Task Executor #0] exec.SelectOperator: RECORDS_OUT_INTERMEDIATE:0, RECORDS_OUT_OPERATOR_SEL_3:1, 
2024-04-23T18:53:03,282  INFO [LocalJobRunner Map Task Executor #0] exec.FileSinkOperator: Closing Operator: FS[4]
2024-04-23T18:53:03,282  INFO [LocalJobRunner Map Task Executor #0] exec.FileSinkOperator: FS[4]: records written - 1
2024-04-23T18:53:03,287  INFO [LocalJobRunner Map Task Executor #0] FileOperations: Writing manifest to pfile:/home/alex/Repositories/hive/ql/target/warehouse/t1/_tmp.delta_0000002_0000002_0000/000000_0.manifest with [pfile:/home/alex/Repositories/hive/ql/target/warehouse/t1/delta_0000002_0000002_0000/bucket_00000_0]
2024-04-23T18:53:03,303  INFO [LocalJobRunner Map Task Executor #0] exec.FileSinkOperator: RECORDS_OUT_1_default.t1:1, RECORDS_OUT_OPERATOR_FS_4:1, RECORDS_OUT_INTERMEDIATE:0, TOTAL_TABLE_ROWS_WRITTEN:1, 
2024-04-23T18:53:03,303  INFO [LocalJobRunner Map Task Executor #0] exec.SelectOperator: Closing Operator: SEL[6]
2024-04-23T18:53:03,303  INFO [LocalJobRunner Map Task Executor #0] exec.SelectOperator: RECORDS_OUT_OPERATOR_SEL_6:1, RECORDS_OUT_INTERMEDIATE:0, 
2024-04-23T18:53:03,303  INFO [LocalJobRunner Map Task Executor #0] exec.GroupByOperator: Closing Operator: GBY[7]
2024-04-23T18:53:03,303  INFO [LocalJobRunner Map Task Executor #0] exec.GroupByOperator: Begin Hash Table flush: size = 1
2024-04-23T18:53:03,303  INFO [LocalJobRunner Map Task Executor #0] exec.ReduceSinkOperator: keys are [] num distributions: 0
2024-04-23T18:53:03,304  INFO [LocalJobRunner Map Task Executor #0] exec.ReduceSinkOperator: RS[8]: records written - 1
2024-04-23T18:53:03,304  INFO [LocalJobRunner Map Task Executor #0] exec.GroupByOperator: RECORDS_OUT_OPERATOR_GBY_7:1, RECORDS_OUT_INTERMEDIATE:0, 
2024-04-23T18:53:03,304  INFO [LocalJobRunner Map Task Executor #0] exec.ReduceSinkOperator: Closing Operator: RS[8]
2024-04-23T18:53:03,304  INFO [LocalJobRunner Map Task Executor #0] exec.ReduceSinkOperator: RS[8]: Total records written - 1. abort - false
2024-04-23T18:53:03,304  INFO [LocalJobRunner Map Task Executor #0] exec.ReduceSinkOperator: RECORDS_OUT_INTERMEDIATE:1, RECORDS_OUT_OPERATOR_RS_8:1, 
2024-04-23T18:53:03,305  INFO [LocalJobRunner Map Task Executor #0] mapred.LocalJobRunner: 
2024-04-23T18:53:03,305  INFO [LocalJobRunner Map Task Executor #0] mapred.MapTask: Starting flush of map output
2024-04-23T18:53:03,305  INFO [LocalJobRunner Map Task Executor #0] mapred.MapTask: Spilling map output
2024-04-23T18:53:03,305  INFO [LocalJobRunner Map Task Executor #0] mapred.MapTask: bufstart = 0; bufend = 42; bufvoid = 104857600
2024-04-23T18:53:03,305  INFO [LocalJobRunner Map Task Executor #0] mapred.MapTask: kvstart = 26214396(104857584); kvend = 26214396(104857584); length = 1/6553600
2024-04-23T18:53:03,316  INFO [LocalJobRunner Map Task Executor #0] mapred.MapTask: Finished spill 0
2024-04-23T18:53:03,320  INFO [LocalJobRunner Map Task Executor #0] mapred.Task: Task:attempt_local1715450855_0004_m_000000_0 is done. And is in the process of committing
2024-04-23T18:53:03,321  INFO [LocalJobRunner Map Task Executor #0] mapred.LocalJobRunner: map
2024-04-23T18:53:03,321  INFO [LocalJobRunner Map Task Executor #0] mapred.Task: Task 'attempt_local1715450855_0004_m_000000_0' done.
2024-04-23T18:53:03,321  INFO [LocalJobRunner Map Task Executor #0] mapred.Task: Final Counters for attempt_local1715450855_0004_m_000000_0: Counters: 32
	File System Counters
		FILE: Number of bytes read=73400
		FILE: Number of bytes written=4642339
		FILE: Number of read operations=0
		FILE: Number of large read operations=0
		FILE: Number of write operations=0
	Map-Reduce Framework
		Map input records=4
		Map output records=1
		Map output bytes=42
		Map output materialized bytes=50
		Input split bytes=336
		Combine input records=0
		Spilled Records=1
		Failed Shuffles=0
		Merged Map outputs=0
		GC time elapsed (ms)=0
		Total committed heap usage (bytes)=986185728
	HIVE
		CREATED_FILES=1
		DESERIALIZE_ERRORS=0
		RECORDS_IN=3
		RECORDS_OUT_1_default.t1=1
		RECORDS_OUT_INTERMEDIATE=1
		RECORDS_OUT_OPERATOR_FS_4=1
		RECORDS_OUT_OPERATOR_GBY_7=1
		RECORDS_OUT_OPERATOR_MAP_0=0
		RECORDS_OUT_OPERATOR_RS_8=1
		RECORDS_OUT_OPERATOR_SEL_1=1
		RECORDS_OUT_OPERATOR_SEL_3=1
		RECORDS_OUT_OPERATOR_SEL_6=1
		RECORDS_OUT_OPERATOR_TS_0=1
		RECORDS_OUT_OPERATOR_UDTF_2=1
		TOTAL_TABLE_ROWS_WRITTEN=1
	File Input Format Counters 
		Bytes Read=0
2024-04-23T18:53:03,321  INFO [LocalJobRunner Map Task Executor #0] mapred.LocalJobRunner: Finishing task: attempt_local1715450855_0004_m_000000_0
2024-04-23T18:53:03,321  INFO [Thread-336] mapred.LocalJobRunner: map task executor complete.
2024-04-23T18:53:03,322  INFO [Thread-336] mapred.LocalJobRunner: Waiting for reduce tasks
2024-04-23T18:53:03,322  INFO [pool-32-thread-1] mapred.LocalJobRunner: Starting task: attempt_local1715450855_0004_r_000000_0
2024-04-23T18:53:03,323  INFO [pool-32-thread-1] mapred.Task:  Using ResourceCalculatorProcessTree : [ ]
2024-04-23T18:53:03,323  INFO [pool-32-thread-1] mapred.ReduceTask: Using ShuffleConsumerPlugin: org.apache.hadoop.mapreduce.task.reduce.Shuffle@72a0cb8d
2024-04-23T18:53:03,323  WARN [pool-32-thread-1] impl.MetricsSystemImpl: JobTracker metrics system already initialized!
2024-04-23T18:53:03,324  INFO [pool-32-thread-1] reduce.MergeManagerImpl: MergerManager: memoryLimit=1336252800, maxSingleShuffleLimit=334063200, mergeThreshold=881926912, ioSortFactor=10, memToMemMergeOutputsThreshold=10
2024-04-23T18:53:03,325  INFO [EventFetcher for fetching Map Completion Events] reduce.EventFetcher: attempt_local1715450855_0004_r_000000_0 Thread started: EventFetcher for fetching Map Completion Events
2024-04-23T18:53:03,326  INFO [localfetcher#4] reduce.LocalFetcher: localfetcher#4 about to shuffle output of map attempt_local1715450855_0004_m_000000_0 decomp: 46 len: 50 to MEMORY
2024-04-23T18:53:03,326  INFO [localfetcher#4] reduce.InMemoryMapOutput: Read 46 bytes from map-output for attempt_local1715450855_0004_m_000000_0
2024-04-23T18:53:03,326  INFO [localfetcher#4] reduce.MergeManagerImpl: closeInMemoryFile -> map-output of size: 46, inMemoryMapOutputs.size() -> 1, commitMemory -> 0, usedMemory ->46
2024-04-23T18:53:03,326  INFO [EventFetcher for fetching Map Completion Events] reduce.EventFetcher: EventFetcher is interrupted.. Returning
2024-04-23T18:53:03,327  INFO [pool-32-thread-1] mapred.LocalJobRunner: 1 / 1 copied.
2024-04-23T18:53:03,327  INFO [pool-32-thread-1] reduce.MergeManagerImpl: finalMerge called with 1 in-memory map-outputs and 0 on-disk map-outputs
2024-04-23T18:53:03,333  INFO [pool-32-thread-1] mapred.Merger: Merging 1 sorted segments
2024-04-23T18:53:03,333  INFO [pool-32-thread-1] mapred.Merger: Down to the last merge-pass, with 1 segments left of total size: 39 bytes
2024-04-23T18:53:03,335  INFO [pool-32-thread-1] reduce.MergeManagerImpl: Merged 1 segments, 46 bytes to disk to satisfy reduce memory limit
2024-04-23T18:53:03,336  INFO [pool-32-thread-1] reduce.MergeManagerImpl: Merging 1 files, 50 bytes from disk
2024-04-23T18:53:03,336  INFO [pool-32-thread-1] reduce.MergeManagerImpl: Merging 0 segments, 0 bytes from memory into reduce
2024-04-23T18:53:03,336  INFO [pool-32-thread-1] mapred.Merger: Merging 1 sorted segments
2024-04-23T18:53:03,336  INFO [pool-32-thread-1] mapred.Merger: Down to the last merge-pass, with 1 segments left of total size: 39 bytes
2024-04-23T18:53:03,336  INFO [pool-32-thread-1] mapred.LocalJobRunner: 1 / 1 copied.
2024-04-23T18:53:03,337  INFO [pool-32-thread-1] exec.SerializationUtilities: Deserializing ReduceWork using kryo
2024-04-23T18:53:03,338  INFO [pool-32-thread-1] exec.Utilities: Deserialized plan (via FILE) - name: null size: 11,22KB
2024-04-23T18:53:03,339  INFO [pool-32-thread-1] ExecReducer: 
<GBY>Id =9
  <Children>
    <SEL>Id =10
      <Children>
        <FS>Id =11
          <Children>
          <\Children>
          <Parent>Id = 10 null<\Parent>
        <\FS>
      <\Children>
      <Parent>Id = 9 null<\Parent>
    <\SEL>
  <\Children>
  <Parent><\Parent>
<\GBY>
2024-04-23T18:53:03,339  INFO [pool-32-thread-1] exec.GroupByOperator: Initializing Operator: GBY[9]
2024-04-23T18:53:03,340  INFO [pool-32-thread-1] exec.GroupByOperator: isTez: false isLlap: false numExecutors: 1 maxMemory: 1908932608
2024-04-23T18:53:03,341  INFO [pool-32-thread-1] exec.SelectOperator: Initializing Operator: SEL[10]
2024-04-23T18:53:03,341  INFO [pool-32-thread-1] exec.SelectOperator: SELECT struct<_col0:int,_col1:int,_col2:bigint,_col3:bigint,_col4:binary,_col5:int,_col6:int,_col7:bigint,_col8:binary>
2024-04-23T18:53:03,342  INFO [pool-32-thread-1] exec.FileSinkOperator: Initializing Operator: FS[11]
2024-04-23T18:53:03,343  INFO [pool-32-thread-1] exec.FileSinkOperator: Using serializer : class org.apache.hadoop.hive.serde2.lazy.LazySimpleSerDe [serdeParams=org.apache.hadoop.hive.serde2.lazy.LazySerDeParameters@55d9c10d, cachedObjectInspector=org.apache.hadoop.hive.serde2.lazy.objectinspector.LazySimpleStructObjectInspector<org.apache.hadoop.hive.serde2.lazy.objectinspector.primitive.LazyStringObjectInspector@2433bcd4,org.apache.hadoop.hive.serde2.lazy.objectinspector.primitive.LazyLongObjectInspector@75d9b73c,org.apache.hadoop.hive.serde2.lazy.objectinspector.primitive.LazyLongObjectInspector@75d9b73c,org.apache.hadoop.hive.serde2.lazy.objectinspector.primitive.LazyLongObjectInspector@75d9b73c,org.apache.hadoop.hive.serde2.lazy.objectinspector.primitive.LazyLongObjectInspector@75d9b73c,org.apache.hadoop.hive.serde2.lazy.objectinspector.primitive.LazyBinaryObjectInspector@5f1a3c4,org.apache.hadoop.hive.serde2.lazy.objectinspector.primitive.LazyStringObjectInspector@2433bcd4,org.apache.hadoop.hive.serde2.lazy.objectinspector.primitive.LazyLongObjectInspector@75d9b73c,org.apache.hadoop.hive.serde2.lazy.objectinspector.primitive.LazyLongObjectInspector@75d9b73c,org.apache.hadoop.hive.serde2.lazy.objectinspector.primitive.LazyLongObjectInspector@75d9b73c,org.apache.hadoop.hive.serde2.lazy.objectinspector.primitive.LazyLongObjectInspector@75d9b73c,org.apache.hadoop.hive.serde2.lazy.objectinspector.primitive.LazyBinaryObjectInspector@5f1a3c4>, serializedSize=0, stats=org.apache.hadoop.hive.serde2.SerDeStats@38ee8b1, lastOperationSerialize=false, lastOperationDeserialize=false [1, 2, 3, 4, 5, 6, 7, 8, 11, 14, 15, 16, 17, 18, 19, 20, 21, 22, 23, 24, 25, 26, 28, 29, 30, 31, -128, -127, -126, -125, -124, -123, -122, -121, -120, -119, -118, -117, -116, -115, -114, -113, -112, -111, -110, -109, -108, -107, -106, -105, -104, -103, -102, -101, -100, -99, -98, -97, -96, -95, -94, -93, -92, -91, -90, -89, -88, -87, -86, -85, -84, -83, -82, -81, -80, -79, -78, -77, -76, -75, -74, -73, -72, -71, -70, -69, -68, -67, -66, -65, -64, -63, -62, -61, -60, -59, -58, -57, -56, -55, -54, -53, -52, -51, -50, -49, -48, -47, -46, -45, -44, -43, -42, -41, -40, -39, -38, -37, -36, -35, -34, -33, -32, -31, -30, -29, -28, -27, -26, -25, -24, -23, -22, -21, -20, -19, -18, -17, -16, -15, -14, -13, -12, -11, -10, -9, -8, -7, -6, -5, -4, -3, -2, -1] : [_col0, _col1, _col2, _col3, _col4, _col5, _col6, _col7, _col8, _col9, _col10, _col11] : [string, bigint, bigint, bigint, bigint, binary, string, bigint, bigint, bigint, bigint, binary]] and formatter : org.apache.hadoop.hive.ql.io.HiveSequenceFileOutputFormat@54d7142d
2024-04-23T18:53:03,344  INFO [pool-32-thread-1] exec.GroupByOperator: Closing Operator: GBY[9]
2024-04-23T18:53:03,345  INFO [pool-32-thread-1] exec.FileSinkOperator: Final Path: FS file:/home/alex/Repositories/hive/ql/target/tmp/localscratchdir/a8c1c011-dbf2-4556-9828-3c682b932083/hive_2024-04-23_18-53-02_830_3843003113422881024-1/-mr-10000/.hive-staging_hive_2024-04-23_18-53-02_830_3843003113422881024-1/_tmp.-ext-10001/000000_0
2024-04-23T18:53:03,345  INFO [pool-32-thread-1] exec.FileSinkOperator: Writing to temp file: FS file:/home/alex/Repositories/hive/ql/target/tmp/localscratchdir/a8c1c011-dbf2-4556-9828-3c682b932083/hive_2024-04-23_18-53-02_830_3843003113422881024-1/-mr-10000/.hive-staging_hive_2024-04-23_18-53-02_830_3843003113422881024-1/_task_tmp.-ext-10001/_tmp.000000_0
2024-04-23T18:53:03,345  INFO [pool-32-thread-1] exec.FileSinkOperator: New Final Path: FS file:/home/alex/Repositories/hive/ql/target/tmp/localscratchdir/a8c1c011-dbf2-4556-9828-3c682b932083/hive_2024-04-23_18-53-02_830_3843003113422881024-1/-mr-10000/.hive-staging_hive_2024-04-23_18-53-02_830_3843003113422881024-1/_tmp.-ext-10001/000000_0
2024-04-23T18:53:03,353  INFO [pool-32-thread-1] exec.FileSinkOperator: FS[11]: records written - 1
2024-04-23T18:53:03,353  INFO [pool-32-thread-1] exec.GroupByOperator: RECORDS_OUT_OPERATOR_GBY_9:1, RECORDS_OUT_INTERMEDIATE:0, 
2024-04-23T18:53:03,353  INFO [pool-32-thread-1] exec.SelectOperator: Closing Operator: SEL[10]
2024-04-23T18:53:03,354  INFO [pool-32-thread-1] exec.SelectOperator: RECORDS_OUT_OPERATOR_SEL_10:1, RECORDS_OUT_INTERMEDIATE:0, 
2024-04-23T18:53:03,354  INFO [pool-32-thread-1] exec.FileSinkOperator: Closing Operator: FS[11]
2024-04-23T18:53:03,354  INFO [pool-32-thread-1] exec.FileSinkOperator: FS[11]: records written - 1
2024-04-23T18:53:03,354  INFO [pool-32-thread-1] exec.FileSinkOperator: RECORDS_OUT_OPERATOR_FS_11:1, RECORDS_OUT_0:1, RECORDS_OUT_INTERMEDIATE:0, 
2024-04-23T18:53:03,355  INFO [pool-32-thread-1] mapred.Task: Task:attempt_local1715450855_0004_r_000000_0 is done. And is in the process of committing
2024-04-23T18:53:03,356  INFO [pool-32-thread-1] mapred.LocalJobRunner: reduce > reduce
2024-04-23T18:53:03,356  INFO [pool-32-thread-1] mapred.Task: Task 'attempt_local1715450855_0004_r_000000_0' done.
2024-04-23T18:53:03,356  INFO [pool-32-thread-1] mapred.Task: Final Counters for attempt_local1715450855_0004_r_000000_0: Counters: 30
	File System Counters
		FILE: Number of bytes read=84850
		FILE: Number of bytes written=4642558
		FILE: Number of read operations=0
		FILE: Number of large read operations=0
		FILE: Number of write operations=0
	Map-Reduce Framework
		Combine input records=0
		Combine output records=0
		Reduce input groups=1
		Reduce shuffle bytes=50
		Reduce input records=1
		Reduce output records=0
		Spilled Records=1
		Shuffled Maps =1
		Failed Shuffles=0
		Merged Map outputs=1
		GC time elapsed (ms)=0
		Total committed heap usage (bytes)=986185728
	HIVE
		CREATED_FILES=1
		RECORDS_OUT_0=1
		RECORDS_OUT_INTERMEDIATE=0
		RECORDS_OUT_OPERATOR_FS_11=1
		RECORDS_OUT_OPERATOR_GBY_9=1
		RECORDS_OUT_OPERATOR_SEL_10=1
	Shuffle Errors
		BAD_ID=0
		CONNECTION=0
		IO_ERROR=0
		WRONG_LENGTH=0
		WRONG_MAP=0
		WRONG_REDUCE=0
	File Output Format Counters 
		Bytes Written=0
2024-04-23T18:53:03,356  INFO [pool-32-thread-1] mapred.LocalJobRunner: Finishing task: attempt_local1715450855_0004_r_000000_0
2024-04-23T18:53:03,356  INFO [Thread-336] mapred.LocalJobRunner: reduce task executor complete.
2024-04-23 18:53:04,259 Stage-1 map = 100%,  reduce = 100%
2024-04-23T18:53:04,259  INFO [main] exec.Task: 2024-04-23 18:53:04,259 Stage-1 map = 100%,  reduce = 100%
Ended Job = job_local1715450855_0004
2024-04-23T18:53:04,263  INFO [main] exec.Task: Ended Job = job_local1715450855_0004
2024-04-23T18:53:04,267  INFO [main] FileOperations: Found manifest file pfile:/home/alex/Repositories/hive/ql/target/warehouse/t1/_tmp.delta_0000002_0000002_0000/000000_0.manifest with attemptId 0.
2024-04-23T18:53:04,267  INFO [main] FileOperations: Looking at manifest file: pfile:/home/alex/Repositories/hive/ql/target/warehouse/t1/_tmp.delta_0000002_0000002_0000/000000_0.manifest
2024-04-23T18:53:04,267  INFO [main] FileOperations: Deleting manifest directory pfile:/home/alex/Repositories/hive/ql/target/warehouse/t1/_tmp.delta_0000002_0000002_0000
2024-04-23T18:53:04,275  INFO [main] ql.Driver: Starting task [Stage-0:MOVE] in serial mode
Loading data to table default.t1
2024-04-23T18:53:04,275  INFO [main] exec.Task: Loading data to table default.t1 from pfile:/home/alex/Repositories/hive/ql/target/warehouse/t1
2024-04-23T18:53:04,275  INFO [main] HiveMetaStore.audit: ugi=alex	ip=unknown-ip-addr	cmd=get_table : tbl=hive.default.t1	
2024-04-23T18:53:04,285  INFO [main] metastore.HMSHandler: Skipping translation for processor with null
2024-04-23T18:53:04,285  INFO [main] HiveMetaStore.audit: ugi=alex	ip=unknown-ip-addr	cmd=get_table : tbl=hive.default.t1	
2024-04-23T18:53:04,295  INFO [main] metastore.HMSHandler: Skipping translation for processor with null
2024-04-23T18:53:04,295  INFO [main] HiveMetaStore.audit: ugi=alex	ip=unknown-ip-addr	cmd=alter_table: hive.default.t1 newtbl=t1	
2024-04-23T18:53:04,323  INFO [main] ql.Driver: Starting task [Stage-2:STATS] in serial mode
2024-04-23T18:53:04,323  INFO [main] HiveMetaStore.audit: ugi=alex	ip=unknown-ip-addr	cmd=get_table : tbl=hive.default.t1	
2024-04-23T18:53:04,332  INFO [main] metastore.HMSHandler: Skipping translation for processor with null
2024-04-23T18:53:04,332  INFO [main] stats.BasicStatsTask: Executing stats task
2024-04-23T18:53:04,333  INFO [main] fs.FSStatsPublisher: created : pfile:/home/alex/Repositories/hive/ql/target/warehouse/t1/.hive-staging_hive_2024-04-23_18-53-02_670_2974145440959576061-1/-ext-10000
2024-04-23T18:53:04,337  INFO [main] HiveMetaStore.audit: ugi=alex	ip=unknown-ip-addr	cmd=get_table : tbl=hive.default.t1	
2024-04-23T18:53:04,346  INFO [main] metastore.HMSHandler: Skipping translation for processor with null
2024-04-23T18:53:04,373  WARN [main] FileOperations: Computing stats for an ACID table; stats may be inaccurate
2024-04-23T18:53:04,374  INFO [main] FileOperations: Read stats for default.t1/, numRows, true, 1, false: 
2024-04-23T18:53:04,374  INFO [main] FileOperations: Read stats for default.t1/, rawDataSize, true, 0, false: 
2024-04-23T18:53:04,374  INFO [main] HiveMetaStore.audit: ugi=alex	ip=unknown-ip-addr	cmd=alter_table: hive.default.t1 newtbl=t1	
2024-04-23T18:53:04,401  INFO [main] FileOperations: Read stats for default.t1/, insertCount, true, 1, false: 
2024-04-23T18:53:04,401  INFO [main] FileOperations: Read stats for default.t1/, updateCount, true, 0, false: 
2024-04-23T18:53:04,401  INFO [main] FileOperations: Read stats for default.t1/, deleteCount, true, 0, false: 
2024-04-23T18:53:04,402  INFO [main] stats.BasicStatsTask: Table default.t1 stats: [numFiles=2, numRows=3, totalSize=1350, rawDataSize=0, numFilesErasureCoded=0]
2024-04-23T18:53:04,406  INFO [main] mapred.FileInputFormat: Total input files to process : 1
2024-04-23T18:53:04,407  INFO [main] stats.ColStatsProcessor: Time taken to build 1 stats desc : 0.005 seconds.
2024-04-23T18:53:04,425  INFO [main] HiveMetaStore.audit: ugi=alex	ip=unknown-ip-addr	cmd=write_column_statistics:  table=hive.default.t1	
2024-04-23T18:53:04,434  INFO [main] metastore.ObjectStore: Updating table level column statistics for table=hive.default.t1 colName=a
2024-04-23T18:53:04,435  INFO [main] metastore.ObjectStore: Updating table level column statistics for table=hive.default.t1 colName=b
2024-04-23T18:53:04,444  INFO [main] stats.ColStatsProcessor: Time taken to update 1 stats : 0.037 seconds.
POSTHOOK: query: insert into t1 values(3,3)
2024-04-23T18:53:04,444  INFO [main] SessionState: POSTHOOK: query: insert into t1 values(3,3)
POSTHOOK: type: QUERY
2024-04-23T18:53:04,444  INFO [main] SessionState: POSTHOOK: type: QUERY
POSTHOOK: Input: _dummy_database@_dummy_table
2024-04-23T18:53:04,444  INFO [main] SessionState: POSTHOOK: Input: _dummy_database@_dummy_table
POSTHOOK: Output: default@t1
2024-04-23T18:53:04,444  INFO [main] SessionState: POSTHOOK: Output: default@t1
POSTHOOK: Lineage: mat1.a SIMPLE [(t1)t1.FieldSchema(name:a, type:int, comment:null), ]
2024-04-23T18:53:04,444  INFO [main] SessionState: POSTHOOK: Lineage: mat1.a SIMPLE [(t1)t1.FieldSchema(name:a, type:int, comment:null), ]
POSTHOOK: Lineage: mat1.b SIMPLE [(t1)t1.FieldSchema(name:b, type:int, comment:null), ]
2024-04-23T18:53:04,444  INFO [main] SessionState: POSTHOOK: Lineage: mat1.b SIMPLE [(t1)t1.FieldSchema(name:b, type:int, comment:null), ]
POSTHOOK: Lineage: t1.a SCRIPT []
2024-04-23T18:53:04,444  INFO [main] SessionState: POSTHOOK: Lineage: t1.a SCRIPT []
POSTHOOK: Lineage: t1.a SCRIPT []
2024-04-23T18:53:04,444  INFO [main] SessionState: POSTHOOK: Lineage: t1.a SCRIPT []
POSTHOOK: Lineage: t1.b SCRIPT []
2024-04-23T18:53:04,444  INFO [main] SessionState: POSTHOOK: Lineage: t1.b SCRIPT []
POSTHOOK: Lineage: t1.b SCRIPT []
2024-04-23T18:53:04,444  INFO [main] SessionState: POSTHOOK: Lineage: t1.b SCRIPT []
2024-04-23T18:53:04,444  INFO [main] metadata.Hive: Dumping metastore api call timing information for : execution phase
2024-04-23T18:53:04,444  INFO [main] metadata.Hive: Total time spent in each metastore function (ms): {isCompatibleWith_(Configuration)=0, setPartitionColumnStatistics_(SetPartitionsStatsRequest)=37, getTable_(GetTableRequest)=39, alter_table_(String, String, String, Table, EnvironmentContext, String)=54, updateTransactionalStatistics_(UpdateTransactionalStatsRequest)=1}
MapReduce Jobs Launched: 
2024-04-23T18:53:04,445  INFO [main] ql.Driver: MapReduce Jobs Launched: 
Stage-Stage-1:  HDFS Read: 0 HDFS Write: 0 SUCCESS
2024-04-23T18:53:04,445  INFO [main] ql.Driver: Stage-Stage-1:  HDFS Read: 0 HDFS Write: 0 SUCCESS
Total MapReduce CPU Time Spent: 0 msec
2024-04-23T18:53:04,445  INFO [main] ql.Driver: Total MapReduce CPU Time Spent: 0 msec
2024-04-23T18:53:04,445  INFO [main] ql.Driver: Completed executing command(queryId=alex_20240423185302_bda6e870-3b59-4bc7-9288-7b6d16d63bdb); Time taken: 1.503 seconds
2024-04-23T18:53:04,445  INFO [main] lockmgr.DbTxnManager: Stopped heartbeat for query: alex_20240423185302_bda6e870-3b59-4bc7-9288-7b6d16d63bdb
2024-04-23T18:53:04,457  INFO [main] txn.TxnHandler: Removed transactions: ([5]) from MIN_HISTORY_LEVEL
2024-04-23T18:53:04,457  WARN [main] txn.CompactionTxnHandler: No compaction queue record found for Compaction type transaction commit. txnId:5
2024-04-23T18:53:04,459  INFO [main] ql.Driver: Compiling command(queryId=alex_20240423185304_82e97f1c-75ca-4b39-8487-a39fc7846dd7): delete from t1 where a = 2
2024-04-23T18:53:04,463  INFO [main] txn.TxnHandler: Added entries to MIN_HISTORY_LEVEL for current txns: ([6]) with min_open_txn: 6
2024-04-23T18:53:04,464  INFO [main] lockmgr.DbTxnManager: Opened txnid:6
2024-04-23T18:53:04,465  INFO [main] parse.UpdateDeleteSemanticAnalyzer: Starting caching scope for: 
2024-04-23T18:53:04,465  INFO [main] HiveMetaStore.audit: ugi=alex	ip=unknown-ip-addr	cmd=get_table : tbl=hive.default.t1	
2024-04-23T18:53:04,475  INFO [main] metastore.HMSHandler: Skipping translation for processor with null
2024-04-23T18:53:04,476  INFO [main] parse.RewriteSemanticAnalyzer: Going to reparse <delete from t1 where a = 2> as 
<insert into table `default`.`t1` select ROW__ID from `default`.`t1` sort by ROW__ID >
2024-04-23T18:53:04,477  INFO [main] parse.UpdateDeleteSemanticAnalyzer: Starting Semantic Analysis
2024-04-23T18:53:04,482  INFO [main] parse.UpdateDeleteSemanticAnalyzer: Completed phase 1 of Semantic Analysis
2024-04-23T18:53:04,482  INFO [main] parse.UpdateDeleteSemanticAnalyzer: Get metadata for source tables
2024-04-23T18:53:04,483  INFO [main] HiveMetaStore.audit: ugi=alex	ip=unknown-ip-addr	cmd=get_table : tbl=hive.default.t1	
2024-04-23T18:53:04,492  INFO [main] metastore.HMSHandler: Skipping translation for processor with null
2024-04-23T18:53:04,492  INFO [main] parse.UpdateDeleteSemanticAnalyzer: Get metadata for subqueries
2024-04-23T18:53:04,492  INFO [main] parse.UpdateDeleteSemanticAnalyzer: Get metadata for destination tables
2024-04-23T18:53:04,493  INFO [main] HiveMetaStore.audit: ugi=alex	ip=unknown-ip-addr	cmd=get_table : tbl=hive.default.t1	
2024-04-23T18:53:04,501  INFO [main] metastore.HMSHandler: Skipping translation for processor with null
2024-04-23T18:53:04,501  INFO [main] parse.UpdateDeleteSemanticAnalyzer: Completed getting MetaData in Semantic Analysis
2024-04-23T18:53:04,501  INFO [main] parse.UpdateDeleteSemanticAnalyzer: Disabling LLAP IO encode as ETL query is detected
2024-04-23T18:53:04,514  INFO [main] HiveMetaStore.audit: ugi=alex	ip=unknown-ip-addr	cmd=get_all_table_constraints : tbl=hive.default.t1	
2024-04-23T18:53:04,615  INFO [main] calcite.RelOptHiveTable: Calculating column statistics for default.t1, projIndxSet: [0], allowMissingStats: true
2024-04-23T18:53:04,616  INFO [main] HiveMetaStore.audit: ugi=alex	ip=unknown-ip-addr	cmd=get_table : tbl=hive.default.t1	
2024-04-23T18:53:04,628  INFO [main] metastore.HMSHandler: Skipping translation for processor with null
2024-04-23T18:53:04,629  INFO [main] HiveMetaStore.audit: ugi=alex	ip=unknown-ip-addr	cmd=get_table : tbl=hive.default.t1	
2024-04-23T18:53:04,643  INFO [main] metastore.HMSHandler: Skipping translation for processor with null
2024-04-23T18:53:04,644  INFO [main] HiveMetaStore.audit: ugi=alex	ip=unknown-ip-addr	cmd=get_table_statistics_req: table=hive.default.t1	
2024-04-23T18:53:04,734  INFO [main] parse.UpdateDeleteSemanticAnalyzer: Get metadata for source tables
2024-04-23T18:53:04,734  INFO [main] parse.UpdateDeleteSemanticAnalyzer: Get metadata for subqueries
2024-04-23T18:53:04,734  INFO [main] parse.UpdateDeleteSemanticAnalyzer: Get metadata for destination tables
2024-04-23T18:53:04,735  INFO [main] HiveMetaStore.audit: ugi=alex	ip=unknown-ip-addr	cmd=get_table : tbl=hive.default.t1	
2024-04-23T18:53:04,744  INFO [main] metastore.HMSHandler: Skipping translation for processor with null
2024-04-23T18:53:04,758  INFO [main] txn.TxnHandler: Allocated writeId: 3 for txnId: 6
2024-04-23T18:53:04,758  INFO [main] txn.TxnHandler: Allocated write ids for dbName=default, tblName=t1 (txnIds: [6])
2024-04-23T18:53:04,759  INFO [main] common.FileUtils: Creating directory if it doesn't exist: pfile:/home/alex/Repositories/hive/ql/target/warehouse/t1/.hive-staging_hive_2024-04-23_18-53-04_476_2940857471560978806-1
2024-04-23T18:53:04,764  INFO [main] parse.UpdateDeleteSemanticAnalyzer: CBO Succeeded; optimized logical plan.
2024-04-23T18:53:04,770  INFO [main] optimizer.ColumnPrunerProcFactory: RS 5 oldColExprMap: {VALUE._col0=Column[_col0]}
2024-04-23T18:53:04,770  INFO [main] optimizer.ColumnPrunerProcFactory: RS 5 newColExprMap: {VALUE._col0=Column[_col0]}
2024-04-23T18:53:04,770  INFO [main] optimizer.ColumnPrunerProcFactory: RS 3 oldColExprMap: {KEY.reducesinkkey0=Column[_col0]}
2024-04-23T18:53:04,770  INFO [main] optimizer.ColumnPrunerProcFactory: RS 3 newColExprMap: {KEY.reducesinkkey0=Column[_col0]}
2024-04-23T18:53:04,771  INFO [main] optimizer.BucketVersionPopulator: not considering bucketingVersion for: TS[0] because it has -1<2 buckets 
2024-04-23T18:53:04,775  INFO [main] optimizer.SortedDynPartitionOptimizer: Sorted dynamic partitioning optimization kicked in..
2024-04-23T18:53:04,785  INFO [main] HiveMetaStore.audit: ugi=alex	ip=unknown-ip-addr	cmd=get_table : tbl=hive.default.t1	
2024-04-23T18:53:04,796  INFO [main] metastore.HMSHandler: Skipping translation for processor with null
2024-04-23T18:53:04,797  INFO [main] parse.UpdateDeleteSemanticAnalyzer: Completed plan generation
2024-04-23T18:53:04,797  INFO [main] parse.UpdateDeleteSemanticAnalyzer: Ending caching scope for: 
2024-04-23T18:53:04,798  INFO [main] ql.Driver: Semantic Analysis Completed (retrial = false)
2024-04-23T18:53:04,798  INFO [main] ql.Driver: Created Hive schema: Schema(fieldSchemas:[FieldSchema(name:row__id, type:struct<writeid:bigint,bucketid:int,rowid:bigint>, comment:null)], properties:null)
2024-04-23T18:53:04,798  INFO [main] metadata.Hive: Dumping metastore api call timing information for : compilation phase
2024-04-23T18:53:04,798  INFO [main] metadata.Hive: Total time spent in each metastore function (ms): {getValidTxns_(long)=1, flushCache_()=0, getTableColumnStatistics_(String, String, List, String)=43, commitTxn_(CommitTxnRequest)=13, openTxn_(String, TxnType)=4, getValidWriteIds_(List, String)=6, getTable_(GetTableRequest)=50, allocateTableWriteId_(long, String, String)=10, getAllTableConstraints_(AllTableConstraintsRequest)=8, isCompatibleWith_(Configuration)=2}
2024-04-23T18:53:04,798  INFO [main] ql.Driver: Completed compiling command(queryId=alex_20240423185304_82e97f1c-75ca-4b39-8487-a39fc7846dd7); Time taken: 0.339 seconds
2024-04-23T18:53:04,798  INFO [main] ql.Context: Deleting scratch dir: file:/home/alex/Repositories/hive/ql/target/tmp/localscratchdir/a8c1c011-dbf2-4556-9828-3c682b932083/hive_2024-04-23_18-53-02_830_3843003113422881024-1
2024-04-23T18:53:04,799  INFO [main] cleanup.SyncCleanupService: Deleted directory: file:/home/alex/Repositories/hive/ql/target/tmp/localscratchdir/a8c1c011-dbf2-4556-9828-3c682b932083/hive_2024-04-23_18-53-02_830_3843003113422881024-1 on fs with scheme file
2024-04-23T18:53:04,800  INFO [main] ql.Context: Deleting scratch dir: file:/home/alex/Repositories/hive/ql/target/tmp/localscratchdir/a8c1c011-dbf2-4556-9828-3c682b932083/hive_2024-04-23_18-53-02_670_2974145440959576061-1
2024-04-23T18:53:04,800  INFO [main] cleanup.SyncCleanupService: Deleted directory: file:/home/alex/Repositories/hive/ql/target/tmp/localscratchdir/a8c1c011-dbf2-4556-9828-3c682b932083/hive_2024-04-23_18-53-02_670_2974145440959576061-1 on fs with scheme file
2024-04-23T18:53:04,800  INFO [main] ql.Context: Deleting scratch dir: pfile:/home/alex/Repositories/hive/ql/target/warehouse/t1/.hive-staging_hive_2024-04-23_18-53-02_670_2974145440959576061-1
2024-04-23T18:53:04,801  INFO [main] cleanup.SyncCleanupService: Deleted directory: pfile:/home/alex/Repositories/hive/ql/target/warehouse/t1/.hive-staging_hive_2024-04-23_18-53-02_670_2974145440959576061-1 on fs with scheme pfile
2024-04-23T18:53:04,801  INFO [main] ql.Driver: Compiling command(queryId=alex_20240423185304_bed89768-d62f-4751-a9f1-e6a746109da3): alter materialized view mat1 rebuild
2024-04-23T18:53:04,806  INFO [main] txn.TxnHandler: Added entries to MIN_HISTORY_LEVEL for current txns: ([7]) with min_open_txn: 6
2024-04-23T18:53:04,806  INFO [main] lockmgr.DbTxnManager: Opened txnid:7
2024-04-23T18:53:04,807  INFO [main] rebuild.AlterMaterializedViewRebuildAnalyzer: Starting caching scope for: 
2024-04-23T18:53:04,808  INFO [main] HiveMetaStore.audit: ugi=alex	ip=unknown-ip-addr	cmd=get_table : tbl=hive.default.mat1	
2024-04-23T18:53:04,828  INFO [main] metastore.HMSHandler: Skipping translation for processor with null
2024-04-23T18:53:04,835  INFO [main] HiveMetaStore.audit: ugi=alex	ip=unknown-ip-addr	cmd=get_table : tbl=hive.default.mat1	
2024-04-23T18:53:04,853  INFO [main] metastore.HMSHandler: Skipping translation for processor with null
2024-04-23T18:53:04,863  INFO [main] rebuild.AlterMaterializedViewRebuildAnalyzer: Starting Semantic Analysis
2024-04-23T18:53:04,864  INFO [main] rebuild.AlterMaterializedViewRebuildAnalyzer: Completed phase 1 of Semantic Analysis
2024-04-23T18:53:04,865  INFO [main] rebuild.AlterMaterializedViewRebuildAnalyzer: Get metadata for source tables
2024-04-23T18:53:04,865  INFO [main] HiveMetaStore.audit: ugi=alex	ip=unknown-ip-addr	cmd=get_table : tbl=hive.default.t1	
2024-04-23T18:53:04,873  INFO [main] metastore.HMSHandler: Skipping translation for processor with null
2024-04-23T18:53:04,874  INFO [main] rebuild.AlterMaterializedViewRebuildAnalyzer: Get metadata for subqueries
2024-04-23T18:53:04,874  INFO [main] rebuild.AlterMaterializedViewRebuildAnalyzer: Get metadata for destination tables
2024-04-23T18:53:04,874  INFO [main] HiveMetaStore.audit: ugi=alex	ip=unknown-ip-addr	cmd=get_table : tbl=hive.default.mat1	
2024-04-23T18:53:04,892  INFO [main] metastore.HMSHandler: Skipping translation for processor with null
2024-04-23T18:53:04,892  INFO [main] rebuild.AlterMaterializedViewRebuildAnalyzer: Completed getting MetaData in Semantic Analysis
2024-04-23T18:53:04,892  INFO [main] rebuild.AlterMaterializedViewRebuildAnalyzer: Disabling LLAP IO encode as ETL query is detected
2024-04-23T18:53:04,905  INFO [main] HiveMetaStore.audit: ugi=alex	ip=unknown-ip-addr	cmd=get_all_table_constraints : tbl=hive.default.t1	
2024-04-23T18:53:04,932  INFO [main] calcite.RelOptHiveTable: Calculating column statistics for default.t1, projIndxSet: [0, 1], allowMissingStats: true
2024-04-23T18:53:04,933  INFO [main] HiveMetaStore.audit: ugi=alex	ip=unknown-ip-addr	cmd=get_table : tbl=hive.default.t1	
2024-04-23T18:53:04,943  INFO [main] metastore.HMSHandler: Skipping translation for processor with null
2024-04-23T18:53:04,944  INFO [main] HiveMetaStore.audit: ugi=alex	ip=unknown-ip-addr	cmd=get_table : tbl=hive.default.t1	
2024-04-23T18:53:04,953  INFO [main] metastore.HMSHandler: Skipping translation for processor with null
2024-04-23T18:53:04,954  INFO [main] HiveMetaStore.audit: ugi=alex	ip=unknown-ip-addr	cmd=get_table_statistics_req: table=hive.default.t1	
2024-04-23T18:53:04,980  INFO [main] HiveMetaStore.audit: ugi=alex	ip=unknown-ip-addr	cmd=get_table : tbl=hive.default.mat1	
2024-04-23T18:53:04,999  INFO [main] metastore.HMSHandler: Skipping translation for processor with null
2024-04-23T18:53:05,004  INFO [main] HiveMetaStore.audit: ugi=alex	ip=unknown-ip-addr	cmd=get_all_table_constraints : tbl=hive.default.mat1	
2024-04-23T18:53:05,012  INFO [main] parse.CalcitePlanner: Starting generating logical plan
2024-04-23T18:53:05,013  INFO [main] parse.CalcitePlanner: Completed phase 1 of Semantic Analysis
2024-04-23T18:53:05,013  INFO [main] parse.CalcitePlanner: Get metadata for source tables
2024-04-23T18:53:05,013  INFO [main] HiveMetaStore.audit: ugi=alex	ip=unknown-ip-addr	cmd=get_table : tbl=hive.default.t1	
2024-04-23T18:53:05,022  INFO [main] metastore.HMSHandler: Skipping translation for processor with null
2024-04-23T18:53:05,022  INFO [main] parse.CalcitePlanner: Get metadata for subqueries
2024-04-23T18:53:05,022  INFO [main] parse.CalcitePlanner: Get metadata for destination tables
2024-04-23T18:53:05,022  INFO [main] parse.CalcitePlanner: Completed getting MetaData in Semantic Analysis
2024-04-23T18:53:05,036  INFO [main] HiveMetaStore.audit: ugi=alex	ip=unknown-ip-addr	cmd=get_all_table_constraints : tbl=hive.default.t1	
2024-04-23T18:53:05,065  INFO [main] calcite.RelOptHiveTable: Calculating column statistics for default.t1, projIndxSet: [0, 1], allowMissingStats: true
2024-04-23T18:53:05,065  INFO [main] HiveMetaStore.audit: ugi=alex	ip=unknown-ip-addr	cmd=get_table : tbl=hive.default.t1	
2024-04-23T18:53:05,076  INFO [main] metastore.HMSHandler: Skipping translation for processor with null
2024-04-23T18:53:05,078  INFO [main] HiveMetaStore.audit: ugi=alex	ip=unknown-ip-addr	cmd=get_table : tbl=hive.default.t1	
2024-04-23T18:53:05,088  INFO [main] metastore.HMSHandler: Skipping translation for processor with null
2024-04-23T18:53:05,150  INFO [main] parse.CalcitePlanner: Finished generating logical plan
2024-04-23T18:53:05,152  INFO [main] parse.CalcitePlanner: Starting generating logical plan
2024-04-23T18:53:05,152  INFO [main] parse.CalcitePlanner: Completed phase 1 of Semantic Analysis
2024-04-23T18:53:05,152  INFO [main] parse.CalcitePlanner: Get metadata for source tables
2024-04-23T18:53:05,153  INFO [main] HiveMetaStore.audit: ugi=alex	ip=unknown-ip-addr	cmd=get_table : tbl=hive.default.t1	
2024-04-23T18:53:05,162  INFO [main] metastore.HMSHandler: Skipping translation for processor with null
2024-04-23T18:53:05,162  INFO [main] parse.CalcitePlanner: Get metadata for subqueries
2024-04-23T18:53:05,162  INFO [main] parse.CalcitePlanner: Get metadata for destination tables
2024-04-23T18:53:05,162  INFO [main] parse.CalcitePlanner: Completed getting MetaData in Semantic Analysis
2024-04-23T18:53:05,175  INFO [main] HiveMetaStore.audit: ugi=alex	ip=unknown-ip-addr	cmd=get_all_table_constraints : tbl=hive.default.t1	
2024-04-23T18:53:05,205  INFO [main] calcite.RelOptHiveTable: Calculating column statistics for default.t1, projIndxSet: [0, 1], allowMissingStats: true
2024-04-23T18:53:05,205  INFO [main] HiveMetaStore.audit: ugi=alex	ip=unknown-ip-addr	cmd=get_table : tbl=hive.default.t1	
2024-04-23T18:53:05,215  INFO [main] metastore.HMSHandler: Skipping translation for processor with null
2024-04-23T18:53:05,216  INFO [main] HiveMetaStore.audit: ugi=alex	ip=unknown-ip-addr	cmd=get_table : tbl=hive.default.t1	
2024-04-23T18:53:05,227  INFO [main] metastore.HMSHandler: Skipping translation for processor with null
2024-04-23T18:53:05,292  INFO [main] parse.CalcitePlanner: Finished generating logical plan
2024-04-23T18:53:05,486  INFO [main] sqlstd.SQLStdHiveAccessController: Current user : alex, Current Roles : [public[alex:USER]]
2024-04-23T18:53:05,506  INFO [main] HiveMetaStore.audit: ugi=alex	ip=unknown-ip-addr	cmd=get_table : tbl=hive.default.mat1	
2024-04-23T18:53:05,526  INFO [main] metastore.HMSHandler: Skipping translation for processor with null
2024-04-23T18:53:05,537  INFO [main] HiveMetaStore.audit: ugi=alex	ip=unknown-ip-addr	cmd=get_table : tbl=hive.default.mat1	
2024-04-23T18:53:05,558  INFO [main] metastore.HMSHandler: Skipping translation for processor with null
2024-04-23T18:53:05,663  INFO [main] rebuild.AlterMaterializedViewRebuildAnalyzer: Get metadata for source tables
2024-04-23T18:53:05,664  INFO [main] rebuild.AlterMaterializedViewRebuildAnalyzer: Get metadata for subqueries
2024-04-23T18:53:05,664  INFO [main] rebuild.AlterMaterializedViewRebuildAnalyzer: Get metadata for destination tables
2024-04-23T18:53:05,664  INFO [main] HiveMetaStore.audit: ugi=alex	ip=unknown-ip-addr	cmd=get_table : tbl=hive.default.mat1	
2024-04-23T18:53:05,681  INFO [main] metastore.HMSHandler: Skipping translation for processor with null
2024-04-23T18:53:05,684  INFO [main] HiveMetaStore.audit: ugi=alex	ip=unknown-ip-addr	cmd=get_not_null_constraints : tbl=hive.default.mat1	
2024-04-23T18:53:05,686  INFO [main] HiveMetaStore.audit: ugi=alex	ip=unknown-ip-addr	cmd=get_check_constraints : tbl=hive.default.mat1	
2024-04-23T18:53:05,692  INFO [main] txn.TxnHandler: Allocated writeId: 2 for txnId: 7
2024-04-23T18:53:05,692  INFO [main] txn.TxnHandler: Allocated write ids for dbName=default, tblName=mat1 (txnIds: [7])
2024-04-23T18:53:05,693  INFO [main] common.FileUtils: Creating directory if it doesn't exist: pfile:/home/alex/Repositories/hive/ql/target/warehouse/mat1/.hive-staging_hive_2024-04-23_18-53-04_801_2126980260430711272-1
2024-04-23T18:53:05,698  INFO [main] rebuild.AlterMaterializedViewRebuildAnalyzer: Generate an operator pipeline to autogather column stats for table mat1 in query alter materialized view mat1 rebuild
2024-04-23T18:53:05,700  INFO [main] HiveMetaStore.audit: ugi=alex	ip=unknown-ip-addr	cmd=get_table : tbl=hive.default.mat1	
2024-04-23T18:53:05,719  INFO [main] metastore.HMSHandler: Skipping translation for processor with null
2024-04-23T18:53:05,723  INFO [main] parse.CalcitePlanner: Get metadata for source tables
2024-04-23T18:53:05,724  INFO [main] HiveMetaStore.audit: ugi=alex	ip=unknown-ip-addr	cmd=get_table : tbl=hive.default.mat1	
2024-04-23T18:53:05,748  INFO [main] metastore.HMSHandler: Skipping translation for processor with null
2024-04-23T18:53:05,749  INFO [main] parse.CalcitePlanner: Get metadata for subqueries
2024-04-23T18:53:05,749  INFO [main] parse.CalcitePlanner: Get metadata for destination tables
2024-04-23T18:53:05,757  INFO [main] common.FileUtils: Creating directory if it doesn't exist: file:/home/alex/Repositories/hive/ql/target/tmp/localscratchdir/a8c1c011-dbf2-4556-9828-3c682b932083/hive_2024-04-23_18-53-05_699_5480804127051249889-1/-mr-10000/.hive-staging_hive_2024-04-23_18-53-05_699_5480804127051249889-1
2024-04-23T18:53:05,765  INFO [main] rebuild.AlterMaterializedViewRebuildAnalyzer: CBO Succeeded; optimized logical plan.
2024-04-23T18:53:05,779  INFO [main] optimizer.ColumnPrunerProcFactory: RS 7 oldColExprMap: {VALUE._col3=Column[_col3], VALUE._col6=Column[_col6], VALUE._col4=Column[_col4], VALUE._col1=Column[_col1], VALUE._col5=Column[_col5], VALUE._col8=Column[_col8], VALUE._col2=Column[_col2], VALUE._col0=Column[_col0], VALUE._col7=Column[_col7]}
2024-04-23T18:53:05,779  INFO [main] optimizer.ColumnPrunerProcFactory: RS 7 newColExprMap: {VALUE._col6=Column[_col6], VALUE._col3=Column[_col3], VALUE._col1=Column[_col1], VALUE._col5=Column[_col5], VALUE._col2=Column[_col2], VALUE._col7=Column[_col7], VALUE._col4=Column[_col4], VALUE._col8=Column[_col8], VALUE._col0=Column[_col0]}
2024-04-23T18:53:05,781  INFO [main] optimizer.BucketVersionPopulator: not considering bucketingVersion for: TS[0] because it has -1<2 buckets 
2024-04-23T18:53:05,782  INFO [main] optimizer.SortedDynPartitionOptimizer: Sorted dynamic partitioning optimization kicked in..
2024-04-23T18:53:05,782  INFO [main] optimizer.SortedDynPartitionOptimizer: Sorted dynamic partitioning optimization kicked in..
2024-04-23T18:53:05,794  INFO [main] HiveMetaStore.audit: ugi=alex	ip=unknown-ip-addr	cmd=get_table : tbl=hive.default.mat1	
2024-04-23T18:53:05,817  INFO [main] metastore.HMSHandler: Skipping translation for processor with null
2024-04-23T18:53:05,818  INFO [main] common.HiveStatsUtils: Error requested is 20.0%
2024-04-23T18:53:05,818  INFO [main] common.HiveStatsUtils: Choosing 16 bit vectors..
2024-04-23T18:53:05,818  INFO [main] rebuild.AlterMaterializedViewRebuildAnalyzer: Completed plan generation
2024-04-23T18:53:05,818  INFO [main] rebuild.AlterMaterializedViewRebuildAnalyzer: Ending caching scope for: 
2024-04-23T18:53:05,818  INFO [main] ql.Driver: Semantic Analysis Completed (retrial = false)
2024-04-23T18:53:05,818  INFO [main] ql.Driver: Created Hive schema: Schema(fieldSchemas:[FieldSchema(name:t1.a, type:int, comment:null), FieldSchema(name:t1.b, type:int, comment:null)], properties:null)
2024-04-23T18:53:05,819  INFO [main] metadata.Hive: Dumping metastore api call timing information for : compilation phase
2024-04-23T18:53:05,819  INFO [main] metadata.Hive: Total time spent in each metastore function (ms): {lockMaterializationRebuild_(String, String, long)=9, getAllTableConstraints_(AllTableConstraintsRequest)=26, getMaterializationInvalidationInfo_(CreationMetadata)=1, getTable_(String, String)=42, allocateTableWriteId_(long, String, String)=6, get_role_grants_for_principal_(GetRoleGrantsForPrincipalRequest)=10, getNotNullConstraints_(NotNullConstraintsRequest)=2, openTxn_(String, TxnType)=3, getTable_(GetTableRequest)=191, flushCache_()=0, getTableColumnStatistics_(String, String, List, String)=75, getValidWriteIds_(List, String)=14, getValidTxns_(long)=0, get_privilege_set_(HiveObjectRef, String, List)=28, isCompatibleWith_(Configuration)=0, getCheckConstraints_(CheckConstraintsRequest)=1}
2024-04-23T18:53:05,819  INFO [main] ql.Driver: Completed compiling command(queryId=alex_20240423185304_bed89768-d62f-4751-a9f1-e6a746109da3); Time taken: 1.018 seconds
2024-04-23T18:53:05,819  INFO [main] lockmgr.DbTxnManager: Setting lock request transaction to txnid:7 for queryId=alex_20240423185304_bed89768-d62f-4751-a9f1-e6a746109da3
2024-04-23T18:53:05,820  INFO [main] lockmgr.DbLockManager: Requesting lock for queryId=alex_20240423185304_bed89768-d62f-4751-a9f1-e6a746109da3
2024-04-23T18:53:05,848  INFO [main] lockmgr.DbLockManager: Response to queryId=alex_20240423185304_bed89768-d62f-4751-a9f1-e6a746109da3 LockResponse(lockid:5, state:ACQUIRED)
2024-04-23T18:53:05,848  INFO [main] ql.Driver: Operation ALTER_MATERIALIZED_VIEW_REBUILD obtained 1 locks
2024-04-23T18:53:05,850  INFO [main] ql.Driver: Executing command(queryId=alex_20240423185304_bed89768-d62f-4751-a9f1-e6a746109da3): alter materialized view mat1 rebuild
PREHOOK: query: alter materialized view mat1 rebuild
2024-04-23T18:53:05,850  INFO [main] SessionState: PREHOOK: query: alter materialized view mat1 rebuild
PREHOOK: type: ALTER_MATERIALIZED_VIEW_REBUILD
2024-04-23T18:53:05,850  INFO [main] SessionState: PREHOOK: type: ALTER_MATERIALIZED_VIEW_REBUILD
PREHOOK: Input: default@t1
2024-04-23T18:53:05,850  INFO [main] SessionState: PREHOOK: Input: default@t1
PREHOOK: Output: default@mat1
2024-04-23T18:53:05,850  INFO [main] SessionState: PREHOOK: Output: default@mat1
2024-04-23T18:53:05,851  WARN [main] ql.Driver: Hive-on-MR is deprecated in Hive 2 and may not be available in the future versions. Consider using a different execution engine (i.e. spark, tez) or using Hive 1.X releases.
Query ID = alex_20240423185304_bed89768-d62f-4751-a9f1-e6a746109da3
2024-04-23T18:53:05,851  INFO [main] ql.Driver: Query ID = alex_20240423185304_bed89768-d62f-4751-a9f1-e6a746109da3
Total jobs = 1
2024-04-23T18:53:05,851  INFO [main] ql.Driver: Total jobs = 1
Launching Job 1 out of 1
2024-04-23T18:53:05,851  INFO [main] ql.Driver: Launching Job 1 out of 1
2024-04-23T18:53:06,019  INFO [main] ql.Driver: Starting task [Stage-1:MAPRED] in serial mode
Number of reduce tasks determined at compile time: 1
2024-04-23T18:53:06,019  INFO [main] exec.Task: Number of reduce tasks determined at compile time: 1
In order to change the average load for a reducer (in bytes):
2024-04-23T18:53:06,019  INFO [main] exec.Task: In order to change the average load for a reducer (in bytes):
  set hive.exec.reducers.bytes.per.reducer=<number>
2024-04-23T18:53:06,019  INFO [main] exec.Task:   set hive.exec.reducers.bytes.per.reducer=<number>
In order to limit the maximum number of reducers:
2024-04-23T18:53:06,019  INFO [main] exec.Task: In order to limit the maximum number of reducers:
  set hive.exec.reducers.max=<number>
2024-04-23T18:53:06,019  INFO [main] exec.Task:   set hive.exec.reducers.max=<number>
In order to set a constant number of reducers:
2024-04-23T18:53:06,019  INFO [main] exec.Task: In order to set a constant number of reducers:
  set mapreduce.job.reduces=<number>
2024-04-23T18:53:06,019  INFO [main] exec.Task:   set mapreduce.job.reduces=<number>
2024-04-23T18:53:06,025  INFO [main] mr.ExecDriver: Using org.apache.hadoop.hive.ql.io.CombineHiveInputFormat
2024-04-23T18:53:06,025  INFO [main] exec.Utilities: Processing alias t1
2024-04-23T18:53:06,025  INFO [main] exec.Utilities: Adding 1 inputs; the first input is pfile:/home/alex/Repositories/hive/ql/target/warehouse/t1
2024-04-23T18:53:06,044  INFO [main] exec.SerializationUtilities: Serializing MapWork using kryo
2024-04-23T18:53:06,047  INFO [main] exec.Utilities: Serialized plan (via FILE) - name: null size: 8,01KB
2024-04-23T18:53:06,065  INFO [main] exec.SerializationUtilities: Serializing ReduceWork using kryo
2024-04-23T18:53:06,068  INFO [main] exec.Utilities: Serialized plan (via FILE) - name: null size: 11,41KB
2024-04-23T18:53:06,069  WARN [main] impl.MetricsSystemImpl: JobTracker metrics system already initialized!
2024-04-23T18:53:06,074  INFO [main] fs.FSStatsPublisher: created : pfile:/home/alex/Repositories/hive/ql/target/warehouse/mat1/.hive-staging_hive_2024-04-23_18-53-04_801_2126980260430711272-1/-ext-10000
2024-04-23T18:53:06,076  INFO [main] fs.FSStatsPublisher: created : file:/home/alex/Repositories/hive/ql/target/tmp/localscratchdir/a8c1c011-dbf2-4556-9828-3c682b932083/hive_2024-04-23_18-53-05_699_5480804127051249889-1/-mr-10002
2024-04-23T18:53:06,082  WARN [main] impl.MetricsSystemImpl: JobTracker metrics system already initialized!
2024-04-23T18:53:06,093  WARN [main] mapreduce.JobResourceUploader: Hadoop command-line option parsing not performed. Implement the Tool interface and execute your application with ToolRunner to remedy this.
2024-04-23T18:53:06,099  WARN [main] mapreduce.JobResourceUploader: No job jar file set.  User classes may not be found. See Job or Job#setJar(String).
2024-04-23T18:53:06,099  INFO [main] io.CombineHiveInputFormat: Total number of paths: 1, launching 1 threads to check non-combinable ones.
2024-04-23T18:53:06,100  INFO [pool-35-thread-1] FileOperations: The path [pfile:/home/alex/Repositories/hive/ql/target/warehouse/t1] is being parked for HiveInputFormat.getSplits
2024-04-23T18:53:06,102  INFO [main] io.HiveInputFormat: hive.io.file.readcolumn.ids = 0,1
2024-04-23T18:53:06,102  INFO [main] io.HiveInputFormat: hive.io.file.readcolumn.names = a,b
2024-04-23T18:53:06,102  INFO [main] io.HiveInputFormat: Generating splits for dirs: pfile:/home/alex/Repositories/hive/ql/target/warehouse/t1
2024-04-23T18:53:06,103  INFO [main] orc.OrcInputFormat: getSplits started
2024-04-23T18:53:06,104  INFO [main] orc.OrcInputFormat: Context:: isAcid: true isVectorMode: false sarg: (not leaf-(LESS_THAN_EQUALS a 1)) minSplitSize: 1 maxSplitSize: 256000000 splitStrategy: HYBRID footerInSplits: false numBuckets: 0 numThreads: 10 cacheMemSize: 268435456 cacheStripeDetails: true useSoftReference: false writeIdList: default.t1:3:3:3: isTransactionalTable: true txnProperties: default 
2024-04-23T18:53:06,104  INFO [main] orc.OrcInputFormat: ORC pushdown predicate: (not leaf-(LESS_THAN_EQUALS a 1))
2024-04-23T18:53:06,133  INFO [main] orc.OrcInputFormat: FooterCacheHitRatio: 0/2
2024-04-23T18:53:06,133  INFO [main] orc.OrcInputFormat: getSplits finished (#splits: 2). duration: 30 ms
2024-04-23T18:53:06,134  INFO [main] io.HiveInputFormat: number of splits 2
2024-04-23T18:53:06,134  INFO [main] io.CombineHiveInputFormat: Number of all splits 2
2024-04-23T18:53:06,153  INFO [main] mapreduce.JobSubmitter: number of splits:2
2024-04-23T18:53:06,186  INFO [main] mapreduce.JobSubmitter: Submitting tokens for job: job_local898894339_0005
2024-04-23T18:53:06,186  INFO [main] mapreduce.JobSubmitter: Executing with tokens: []
2024-04-23T18:53:06,256  INFO [main] mapreduce.Job: The url to track the job: http://localhost:8080/
Job running in-process (local Hadoop)
2024-04-23T18:53:06,256  INFO [main] exec.Task: Job running in-process (local Hadoop)
2024-04-23T18:53:06,257  INFO [Thread-428] mapred.LocalJobRunner: OutputCommitter set in config org.apache.hadoop.hive.ql.io.HiveFileFormatUtils$NullOutputCommitter
2024-04-23T18:53:06,257  INFO [Thread-428] mapred.LocalJobRunner: OutputCommitter is org.apache.hadoop.hive.ql.io.HiveFileFormatUtils$NullOutputCommitter
2024-04-23T18:53:06,259  INFO [Thread-428] mapred.LocalJobRunner: Waiting for map tasks
2024-04-23T18:53:06,259  INFO [LocalJobRunner Map Task Executor #0] mapred.LocalJobRunner: Starting task: attempt_local898894339_0005_m_000000_0
2024-04-23T18:53:06,260  INFO [LocalJobRunner Map Task Executor #0] mapred.Task:  Using ResourceCalculatorProcessTree : [ ]
2024-04-23T18:53:06,261  INFO [LocalJobRunner Map Task Executor #0] mapred.MapTask: Processing split: org.apache.hadoop.hive.ql.io.orc.OrcInputFormat:OrcSplit [pfile:/home/alex/Repositories/hive/ql/target/warehouse/t1/delta_0000001_0000001_0000/bucket_00000_0, start=0, length=686, isOriginal=false, fileLength=686, hasFooter=false, hasBase=true, deltas=0]
2024-04-23T18:53:06,261  INFO [LocalJobRunner Map Task Executor #0] exec.SerializationUtilities: Deserializing MapWork using kryo
2024-04-23T18:53:06,263  INFO [LocalJobRunner Map Task Executor #0] exec.Utilities: Deserialized plan (via FILE) - name: null size: 8,01KB
2024-04-23T18:53:06,265  INFO [LocalJobRunner Map Task Executor #0] orc.OrcInputFormat: ORC pushdown predicate: (not leaf-(LESS_THAN_EQUALS a 1))
2024-04-23T18:53:06,266  INFO [LocalJobRunner Map Task Executor #0] orc.OrcRawRecordMerger: min key = null, max key = null
2024-04-23T18:53:06,266  INFO [LocalJobRunner Map Task Executor #0] orc.ReaderImpl: Reading ORC rows from pfile:/home/alex/Repositories/hive/ql/target/warehouse/t1/delta_0000001_0000001_0000/bucket_00000_0 with {include: [true, true, true], offset: 0, length: 686, sarg: (not leaf-(LESS_THAN_EQUALS a 1)), schema: struct<a:int,b:int>, includeAcidColumns: true}
2024-04-23T18:53:06,268  INFO [LocalJobRunner Map Task Executor #0] orc.OrcRawRecordMerger: updated min key = null, max key = null
2024-04-23T18:53:06,268  INFO [LocalJobRunner Map Task Executor #0] mapred.MapTask: numReduceTasks: 1
2024-04-23T18:53:06,274  INFO [LocalJobRunner Map Task Executor #0] mapred.MapTask: (EQUATOR) 0 kvi 26214396(104857584)
2024-04-23T18:53:06,274  INFO [LocalJobRunner Map Task Executor #0] mapred.MapTask: mapreduce.task.io.sort.mb: 100
2024-04-23T18:53:06,274  INFO [LocalJobRunner Map Task Executor #0] mapred.MapTask: soft limit at 83886080
2024-04-23T18:53:06,274  INFO [LocalJobRunner Map Task Executor #0] mapred.MapTask: bufstart = 0; bufvoid = 104857600
2024-04-23T18:53:06,274  INFO [LocalJobRunner Map Task Executor #0] mapred.MapTask: kvstart = 26214396; length = 6553600
2024-04-23T18:53:06,275  INFO [LocalJobRunner Map Task Executor #0] mapred.MapTask: Map output collector class = org.apache.hadoop.mapred.MapTask$MapOutputBuffer
2024-04-23T18:53:06,275  INFO [LocalJobRunner Map Task Executor #0] exec.MapOperator: Initializing Operator: MAP[0]
2024-04-23T18:53:06,277  INFO [LocalJobRunner Map Task Executor #0] mr.ExecMapper: 
<MAP>Id =0
  <Children>null
  <\Children>
  <Parent><\Parent>
<\MAP>
2024-04-23T18:53:06,278  INFO [LocalJobRunner Map Task Executor #0] exec.TableScanOperator: Initializing Operator: TS[0]
2024-04-23T18:53:06,278  INFO [LocalJobRunner Map Task Executor #0] exec.FilterOperator: Initializing Operator: FIL[11]
2024-04-23T18:53:06,278  INFO [LocalJobRunner Map Task Executor #0] exec.SelectOperator: Initializing Operator: SEL[2]
2024-04-23T18:53:06,278  INFO [LocalJobRunner Map Task Executor #0] exec.SelectOperator: SELECT struct<a:int,b:int,row__id:struct<writeid:bigint,bucketid:int,rowid:bigint>>
2024-04-23T18:53:06,278  INFO [LocalJobRunner Map Task Executor #0] exec.FileSinkOperator: Initializing Operator: FS[3]
2024-04-23T18:53:06,279  INFO [LocalJobRunner Map Task Executor #0] exec.FileSinkOperator: Using serializer : AbstractSerDe [log=org.apache.logging.slf4j.Log4jLogger@245801d6, configuration=Optional[Configuration: core-default.xml, core-site.xml, mapred-default.xml, mapred-site.xml, yarn-default.xml, yarn-site.xml, hdfs-default.xml, hdfs-site.xml, file:/home/alex/Repositories/hive/ql/target/tmp/hadoop-tmp/mapred/local/localRunner/alex/job_local898894339_0005/job_local898894339_0005.xml], properties={transactional_properties=default, name=default.mat1, transactional=true, columns.types=int:int, columns=a,b, numFilesErasureCoded=0, columns.comments=&amp#0;, bucketing_version=2, serialization.lib=org.apache.hadoop.hive.ql.io.orc.OrcSerde, file.inputformat=org.apache.hadoop.hive.ql.io.orc.OrcInputFormat, file.outputformat=org.apache.hadoop.hive.ql.io.orc.OrcOutputFormat, location=pfile:/home/alex/Repositories/hive/ql/target/warehouse/mat1, column.name.delimiter=,}, tableProperties={transactional_properties=default, name=default.mat1, transactional=true, columns.types=int:int, columns=a,b, numFilesErasureCoded=0, columns.comments=&amp#0;, bucketing_version=2, serialization.lib=org.apache.hadoop.hive.ql.io.orc.OrcSerde, file.inputformat=org.apache.hadoop.hive.ql.io.orc.OrcInputFormat, location=pfile:/home/alex/Repositories/hive/ql/target/warehouse/mat1, file.outputformat=org.apache.hadoop.hive.ql.io.orc.OrcOutputFormat, column.name.delimiter=,}, partitionProperties=Optional.empty, columnNames=[a, b], columnTypes=[int, int], getClass()=class org.apache.hadoop.hive.ql.io.orc.OrcSerde] and formatter : org.apache.hadoop.hive.ql.io.orc.OrcOutputFormat@67f807bc
2024-04-23T18:53:06,280  INFO [LocalJobRunner Map Task Executor #0] exec.SelectOperator: Initializing Operator: SEL[5]
2024-04-23T18:53:06,280  INFO [LocalJobRunner Map Task Executor #0] exec.SelectOperator: SELECT struct<_col0:int,_col1:int>
2024-04-23T18:53:06,280  INFO [LocalJobRunner Map Task Executor #0] exec.GroupByOperator: Initializing Operator: GBY[6]
2024-04-23T18:53:06,280  INFO [LocalJobRunner Map Task Executor #0] exec.GroupByOperator: Max hash table memory: 954466304 bytes
2024-04-23T18:53:06,280  INFO [LocalJobRunner Map Task Executor #0] exec.GroupByOperator: isTez: false isLlap: false numExecutors: 1 maxMemory: 1908932608
2024-04-23T18:53:06,280  INFO [LocalJobRunner Map Task Executor #0] exec.ReduceSinkOperator: Initializing Operator: RS[7]
2024-04-23T18:53:06,280  INFO [LocalJobRunner Map Task Executor #0] exec.ReduceSinkOperator: Using tag = -1
2024-04-23T18:53:06,281  INFO [LocalJobRunner Map Task Executor #0] exec.MapOperator: MAP[0]: records read - 1
2024-04-23T18:53:06,282  INFO [LocalJobRunner Map Task Executor #0] exec.MapOperator: Closing Operator: MAP[0]
2024-04-23T18:53:06,282  INFO [LocalJobRunner Map Task Executor #0] exec.MapOperator: MAP[0]: Total records read - 2. abort - false
2024-04-23T18:53:06,282  INFO [LocalJobRunner Map Task Executor #0] exec.MapOperator: DESERIALIZE_ERRORS:0, RECORDS_OUT_INTERMEDIATE:0, RECORDS_OUT_OPERATOR_MAP_0:0, RECORDS_IN:2, 
2024-04-23T18:53:06,282  INFO [LocalJobRunner Map Task Executor #0] exec.TableScanOperator: Closing Operator: TS[0]
2024-04-23T18:53:06,282  INFO [LocalJobRunner Map Task Executor #0] exec.TableScanOperator: RECORDS_OUT_INTERMEDIATE:0, RECORDS_OUT_OPERATOR_TS_0:2, 
2024-04-23T18:53:06,282  INFO [LocalJobRunner Map Task Executor #0] exec.FilterOperator: Closing Operator: FIL[11]
2024-04-23T18:53:06,282  INFO [LocalJobRunner Map Task Executor #0] exec.FilterOperator: RECORDS_OUT_INTERMEDIATE:0, RECORDS_OUT_OPERATOR_FIL_11:0, 
2024-04-23T18:53:06,282  INFO [LocalJobRunner Map Task Executor #0] exec.SelectOperator: Closing Operator: SEL[2]
2024-04-23T18:53:06,282  INFO [LocalJobRunner Map Task Executor #0] exec.SelectOperator: RECORDS_OUT_INTERMEDIATE:0, RECORDS_OUT_OPERATOR_SEL_2:0, 
2024-04-23T18:53:06,282  INFO [LocalJobRunner Map Task Executor #0] exec.FileSinkOperator: Closing Operator: FS[3]
2024-04-23T18:53:06,282  INFO [LocalJobRunner Map Task Executor #0] exec.FileSinkOperator: FS[3]: records written - 0
2024-04-23T18:53:06,283  INFO [LocalJobRunner Map Task Executor #0] exec.FileSinkOperator: Final Path: FS pfile:/home/alex/Repositories/hive/ql/target/warehouse/mat1
2024-04-23T18:53:06,283  INFO [LocalJobRunner Map Task Executor #0] exec.FileSinkOperator: New Final Path: FS pfile:/home/alex/Repositories/hive/ql/target/warehouse/mat1
2024-04-23T18:53:06,283  INFO [LocalJobRunner Map Task Executor #0] common.FileUtils: Creating directory if it doesn't exist: pfile:/home/alex/Repositories/hive/ql/target/warehouse
2024-04-23T18:53:06,294  INFO [LocalJobRunner Map Task Executor #0] exec.FileSinkOperator: TOTAL_TABLE_ROWS_WRITTEN:0, RECORDS_OUT_1_default.mat1:0, RECORDS_OUT_INTERMEDIATE:0, RECORDS_OUT_OPERATOR_FS_3:0, 
2024-04-23T18:53:06,294  INFO [LocalJobRunner Map Task Executor #0] exec.SelectOperator: Closing Operator: SEL[5]
2024-04-23T18:53:06,294  INFO [LocalJobRunner Map Task Executor #0] exec.SelectOperator: RECORDS_OUT_OPERATOR_SEL_5:0, RECORDS_OUT_INTERMEDIATE:0, 
2024-04-23T18:53:06,295  INFO [LocalJobRunner Map Task Executor #0] exec.GroupByOperator: Closing Operator: GBY[6]
2024-04-23T18:53:06,295  INFO [LocalJobRunner Map Task Executor #0] exec.ReduceSinkOperator: keys are [] num distributions: 0
2024-04-23T18:53:06,295  INFO [LocalJobRunner Map Task Executor #0] exec.ReduceSinkOperator: RS[7]: records written - 1
2024-04-23T18:53:06,295  INFO [LocalJobRunner Map Task Executor #0] exec.GroupByOperator: RECORDS_OUT_INTERMEDIATE:0, RECORDS_OUT_OPERATOR_GBY_6:1, 
2024-04-23T18:53:06,295  INFO [LocalJobRunner Map Task Executor #0] exec.ReduceSinkOperator: Closing Operator: RS[7]
2024-04-23T18:53:06,295  INFO [LocalJobRunner Map Task Executor #0] exec.ReduceSinkOperator: RS[7]: Total records written - 1. abort - false
2024-04-23T18:53:06,295  INFO [LocalJobRunner Map Task Executor #0] exec.ReduceSinkOperator: RECORDS_OUT_OPERATOR_RS_7:1, RECORDS_OUT_INTERMEDIATE:1, 
2024-04-23T18:53:06,296  INFO [LocalJobRunner Map Task Executor #0] mapred.LocalJobRunner: 
2024-04-23T18:53:06,296  INFO [LocalJobRunner Map Task Executor #0] mapred.MapTask: Starting flush of map output
2024-04-23T18:53:06,296  INFO [LocalJobRunner Map Task Executor #0] mapred.MapTask: Spilling map output
2024-04-23T18:53:06,296  INFO [LocalJobRunner Map Task Executor #0] mapred.MapTask: bufstart = 0; bufend = 16; bufvoid = 104857600
2024-04-23T18:53:06,296  INFO [LocalJobRunner Map Task Executor #0] mapred.MapTask: kvstart = 26214396(104857584); kvend = 26214396(104857584); length = 1/6553600
2024-04-23T18:53:06,307  INFO [LocalJobRunner Map Task Executor #0] mapred.MapTask: Finished spill 0
2024-04-23T18:53:06,310  INFO [LocalJobRunner Map Task Executor #0] mapred.Task: Task:attempt_local898894339_0005_m_000000_0 is done. And is in the process of committing
2024-04-23T18:53:06,311  INFO [LocalJobRunner Map Task Executor #0] mapred.LocalJobRunner: OrcSplit [pfile:/home/alex/Repositories/hive/ql/target/warehouse/t1/delta_0000001_0000001_0000/bucket_00000_0, start=0, length=686, isOriginal=false, fileLength=686, hasFooter=false, hasBase=true, deltas=0]
2024-04-23T18:53:06,311  INFO [LocalJobRunner Map Task Executor #0] mapred.Task: Task 'attempt_local898894339_0005_m_000000_0' done.
2024-04-23T18:53:06,311  INFO [LocalJobRunner Map Task Executor #0] mapred.Task: Final Counters for attempt_local898894339_0005_m_000000_0: Counters: 31
	File System Counters
		FILE: Number of bytes read=97692
		FILE: Number of bytes written=5798961
		FILE: Number of read operations=0
		FILE: Number of large read operations=0
		FILE: Number of write operations=0
	Map-Reduce Framework
		Map input records=2
		Map output records=1
		Map output bytes=16
		Map output materialized bytes=24
		Input split bytes=366
		Combine input records=0
		Spilled Records=1
		Failed Shuffles=0
		Merged Map outputs=0
		GC time elapsed (ms)=0
		Total committed heap usage (bytes)=1024458752
	HIVE
		CREATED_FILES=1
		DESERIALIZE_ERRORS=0
		RECORDS_IN=2
		RECORDS_OUT_1_default.mat1=0
		RECORDS_OUT_INTERMEDIATE=1
		RECORDS_OUT_OPERATOR_FIL_11=0
		RECORDS_OUT_OPERATOR_FS_3=0
		RECORDS_OUT_OPERATOR_GBY_6=1
		RECORDS_OUT_OPERATOR_MAP_0=0
		RECORDS_OUT_OPERATOR_RS_7=1
		RECORDS_OUT_OPERATOR_SEL_2=0
		RECORDS_OUT_OPERATOR_SEL_5=0
		RECORDS_OUT_OPERATOR_TS_0=2
		TOTAL_TABLE_ROWS_WRITTEN=0
	File Input Format Counters 
		Bytes Read=0
2024-04-23T18:53:06,311  INFO [LocalJobRunner Map Task Executor #0] mapred.LocalJobRunner: Finishing task: attempt_local898894339_0005_m_000000_0
2024-04-23T18:53:06,311  INFO [LocalJobRunner Map Task Executor #0] mapred.LocalJobRunner: Starting task: attempt_local898894339_0005_m_000001_0
2024-04-23T18:53:06,312  INFO [LocalJobRunner Map Task Executor #0] mapred.Task:  Using ResourceCalculatorProcessTree : [ ]
2024-04-23T18:53:06,313  INFO [LocalJobRunner Map Task Executor #0] mapred.MapTask: Processing split: org.apache.hadoop.hive.ql.io.orc.OrcInputFormat:OrcSplit [pfile:/home/alex/Repositories/hive/ql/target/warehouse/t1/delta_0000002_0000002_0000/bucket_00000_0, start=0, length=664, isOriginal=false, fileLength=664, hasFooter=false, hasBase=true, deltas=0]
2024-04-23T18:53:06,313  INFO [LocalJobRunner Map Task Executor #0] exec.SerializationUtilities: Deserializing MapWork using kryo
2024-04-23T18:53:06,314  INFO [LocalJobRunner Map Task Executor #0] exec.Utilities: Deserialized plan (via FILE) - name: null size: 8,01KB
2024-04-23T18:53:06,316  INFO [LocalJobRunner Map Task Executor #0] orc.OrcInputFormat: ORC pushdown predicate: (not leaf-(LESS_THAN_EQUALS a 1))
2024-04-23T18:53:06,316  INFO [LocalJobRunner Map Task Executor #0] orc.OrcRawRecordMerger: min key = null, max key = null
2024-04-23T18:53:06,316  INFO [LocalJobRunner Map Task Executor #0] orc.ReaderImpl: Reading ORC rows from pfile:/home/alex/Repositories/hive/ql/target/warehouse/t1/delta_0000002_0000002_0000/bucket_00000_0 with {include: [true, true, true], offset: 0, length: 664, sarg: (not leaf-(LESS_THAN_EQUALS a 1)), schema: struct<a:int,b:int>, includeAcidColumns: true}
2024-04-23T18:53:06,319  INFO [LocalJobRunner Map Task Executor #0] orc.OrcRawRecordMerger: updated min key = null, max key = null
2024-04-23T18:53:06,319  INFO [LocalJobRunner Map Task Executor #0] mapred.MapTask: numReduceTasks: 1
2024-04-23T18:53:06,324  INFO [LocalJobRunner Map Task Executor #0] mapred.MapTask: (EQUATOR) 0 kvi 26214396(104857584)
2024-04-23T18:53:06,324  INFO [LocalJobRunner Map Task Executor #0] mapred.MapTask: mapreduce.task.io.sort.mb: 100
2024-04-23T18:53:06,324  INFO [LocalJobRunner Map Task Executor #0] mapred.MapTask: soft limit at 83886080
2024-04-23T18:53:06,324  INFO [LocalJobRunner Map Task Executor #0] mapred.MapTask: bufstart = 0; bufvoid = 104857600
2024-04-23T18:53:06,324  INFO [LocalJobRunner Map Task Executor #0] mapred.MapTask: kvstart = 26214396; length = 6553600
2024-04-23T18:53:06,325  INFO [LocalJobRunner Map Task Executor #0] mapred.MapTask: Map output collector class = org.apache.hadoop.mapred.MapTask$MapOutputBuffer
2024-04-23T18:53:06,325  INFO [LocalJobRunner Map Task Executor #0] exec.MapOperator: Initializing Operator: MAP[0]
2024-04-23T18:53:06,326  INFO [LocalJobRunner Map Task Executor #0] mr.ExecMapper: 
<MAP>Id =0
  <Children>null
  <\Children>
  <Parent><\Parent>
<\MAP>
2024-04-23T18:53:06,327  INFO [LocalJobRunner Map Task Executor #0] exec.TableScanOperator: Initializing Operator: TS[0]
2024-04-23T18:53:06,327  INFO [LocalJobRunner Map Task Executor #0] exec.FilterOperator: Initializing Operator: FIL[11]
2024-04-23T18:53:06,327  INFO [LocalJobRunner Map Task Executor #0] exec.SelectOperator: Initializing Operator: SEL[2]
2024-04-23T18:53:06,327  INFO [LocalJobRunner Map Task Executor #0] exec.SelectOperator: SELECT struct<a:int,b:int,row__id:struct<writeid:bigint,bucketid:int,rowid:bigint>>
2024-04-23T18:53:06,327  INFO [LocalJobRunner Map Task Executor #0] exec.FileSinkOperator: Initializing Operator: FS[3]
2024-04-23T18:53:06,329  INFO [LocalJobRunner Map Task Executor #0] exec.FileSinkOperator: Using serializer : AbstractSerDe [log=org.apache.logging.slf4j.Log4jLogger@245801d6, configuration=Optional[Configuration: core-default.xml, core-site.xml, mapred-default.xml, mapred-site.xml, yarn-default.xml, yarn-site.xml, hdfs-default.xml, hdfs-site.xml, file:/home/alex/Repositories/hive/ql/target/tmp/hadoop-tmp/mapred/local/localRunner/alex/job_local898894339_0005/job_local898894339_0005.xml], properties={transactional_properties=default, name=default.mat1, transactional=true, columns.types=int:int, columns=a,b, numFilesErasureCoded=0, columns.comments=&amp#0;, bucketing_version=2, serialization.lib=org.apache.hadoop.hive.ql.io.orc.OrcSerde, file.inputformat=org.apache.hadoop.hive.ql.io.orc.OrcInputFormat, file.outputformat=org.apache.hadoop.hive.ql.io.orc.OrcOutputFormat, location=pfile:/home/alex/Repositories/hive/ql/target/warehouse/mat1, column.name.delimiter=,}, tableProperties={transactional_properties=default, name=default.mat1, transactional=true, columns.types=int:int, columns=a,b, numFilesErasureCoded=0, columns.comments=&amp#0;, bucketing_version=2, serialization.lib=org.apache.hadoop.hive.ql.io.orc.OrcSerde, file.inputformat=org.apache.hadoop.hive.ql.io.orc.OrcInputFormat, location=pfile:/home/alex/Repositories/hive/ql/target/warehouse/mat1, file.outputformat=org.apache.hadoop.hive.ql.io.orc.OrcOutputFormat, column.name.delimiter=,}, partitionProperties=Optional.empty, columnNames=[a, b], columnTypes=[int, int], getClass()=class org.apache.hadoop.hive.ql.io.orc.OrcSerde] and formatter : org.apache.hadoop.hive.ql.io.orc.OrcOutputFormat@117d42aa
2024-04-23T18:53:06,329  INFO [LocalJobRunner Map Task Executor #0] exec.SelectOperator: Initializing Operator: SEL[5]
2024-04-23T18:53:06,329  INFO [LocalJobRunner Map Task Executor #0] exec.SelectOperator: SELECT struct<_col0:int,_col1:int>
2024-04-23T18:53:06,329  INFO [LocalJobRunner Map Task Executor #0] exec.GroupByOperator: Initializing Operator: GBY[6]
2024-04-23T18:53:06,329  INFO [LocalJobRunner Map Task Executor #0] exec.GroupByOperator: Max hash table memory: 954466304 bytes
2024-04-23T18:53:06,329  INFO [LocalJobRunner Map Task Executor #0] exec.GroupByOperator: isTez: false isLlap: false numExecutors: 1 maxMemory: 1908932608
2024-04-23T18:53:06,329  INFO [LocalJobRunner Map Task Executor #0] exec.ReduceSinkOperator: Initializing Operator: RS[7]
2024-04-23T18:53:06,330  INFO [LocalJobRunner Map Task Executor #0] exec.ReduceSinkOperator: Using tag = -1
2024-04-23T18:53:06,330  INFO [LocalJobRunner Map Task Executor #0] exec.FileSinkOperator: Final Path: FS pfile:/home/alex/Repositories/hive/ql/target/warehouse/mat1
2024-04-23T18:53:06,330  INFO [LocalJobRunner Map Task Executor #0] exec.FileSinkOperator: New Final Path: FS pfile:/home/alex/Repositories/hive/ql/target/warehouse/mat1
2024-04-23T18:53:06,330  INFO [LocalJobRunner Map Task Executor #0] common.FileUtils: Creating directory if it doesn't exist: pfile:/home/alex/Repositories/hive/ql/target/warehouse
2024-04-23T18:53:06,331  INFO [LocalJobRunner Map Task Executor #0] exec.FileSinkOperator: FS[3]: records written - 1
2024-04-23T18:53:06,331  INFO [LocalJobRunner Map Task Executor #0] impl.PhysicalFsWriter: ORC writer created for path: pfile:/home/alex/Repositories/hive/ql/target/warehouse/mat1/delta_0000002_0000002_0000/bucket_00001_0 with stripeSize: 8388608 blockSize: 268435456 compression: Compress: ZLIB buffer: 32768
2024-04-23T18:53:06,339  INFO [LocalJobRunner Map Task Executor #0] impl.WriterImpl: ORC writer created for path: pfile:/home/alex/Repositories/hive/ql/target/warehouse/mat1/delta_0000002_0000002_0000/bucket_00001_0 with stripeSize: 8388608 options: Compress: ZLIB buffer: 32768
2024-04-23T18:53:06,344  INFO [LocalJobRunner Map Task Executor #0] exec.MapOperator: MAP[0]: records read - 1
2024-04-23T18:53:06,344  INFO [LocalJobRunner Map Task Executor #0] exec.MapOperator: Closing Operator: MAP[0]
2024-04-23T18:53:06,344  INFO [LocalJobRunner Map Task Executor #0] exec.MapOperator: MAP[0]: Total records read - 1. abort - false
2024-04-23T18:53:06,344  INFO [LocalJobRunner Map Task Executor #0] exec.MapOperator: RECORDS_OUT_INTERMEDIATE:0, DESERIALIZE_ERRORS:0, RECORDS_IN:1, RECORDS_OUT_OPERATOR_MAP_0:0, 
2024-04-23T18:53:06,344  INFO [LocalJobRunner Map Task Executor #0] exec.TableScanOperator: Closing Operator: TS[0]
2024-04-23T18:53:06,345  INFO [LocalJobRunner Map Task Executor #0] exec.TableScanOperator: RECORDS_OUT_OPERATOR_TS_0:1, RECORDS_OUT_INTERMEDIATE:0, 
2024-04-23T18:53:06,345  INFO [LocalJobRunner Map Task Executor #0] exec.FilterOperator: Closing Operator: FIL[11]
2024-04-23T18:53:06,345  INFO [LocalJobRunner Map Task Executor #0] exec.FilterOperator: RECORDS_OUT_OPERATOR_FIL_11:1, RECORDS_OUT_INTERMEDIATE:0, 
2024-04-23T18:53:06,345  INFO [LocalJobRunner Map Task Executor #0] exec.SelectOperator: Closing Operator: SEL[2]
2024-04-23T18:53:06,345  INFO [LocalJobRunner Map Task Executor #0] exec.SelectOperator: RECORDS_OUT_INTERMEDIATE:0, RECORDS_OUT_OPERATOR_SEL_2:1, 
2024-04-23T18:53:06,345  INFO [LocalJobRunner Map Task Executor #0] exec.FileSinkOperator: Closing Operator: FS[3]
2024-04-23T18:53:06,345  INFO [LocalJobRunner Map Task Executor #0] exec.FileSinkOperator: FS[3]: records written - 1
2024-04-23T18:53:06,351  INFO [LocalJobRunner Map Task Executor #0] FileOperations: Writing manifest to pfile:/home/alex/Repositories/hive/ql/target/warehouse/mat1/_tmp.delta_0000002_0000002_0000/000001_0.manifest with [pfile:/home/alex/Repositories/hive/ql/target/warehouse/mat1/delta_0000002_0000002_0000/bucket_00001_0]
2024-04-23T18:53:06,367  INFO [LocalJobRunner Map Task Executor #0] exec.FileSinkOperator: RECORDS_OUT_1_default.mat1:1, RECORDS_OUT_OPERATOR_FS_3:1, RECORDS_OUT_INTERMEDIATE:0, TOTAL_TABLE_ROWS_WRITTEN:1, 
2024-04-23T18:53:06,367  INFO [LocalJobRunner Map Task Executor #0] exec.SelectOperator: Closing Operator: SEL[5]
2024-04-23T18:53:06,367  INFO [LocalJobRunner Map Task Executor #0] exec.SelectOperator: RECORDS_OUT_INTERMEDIATE:0, RECORDS_OUT_OPERATOR_SEL_5:1, 
2024-04-23T18:53:06,367  INFO [LocalJobRunner Map Task Executor #0] exec.GroupByOperator: Closing Operator: GBY[6]
2024-04-23T18:53:06,367  INFO [LocalJobRunner Map Task Executor #0] exec.GroupByOperator: Begin Hash Table flush: size = 1
2024-04-23T18:53:06,367  INFO [LocalJobRunner Map Task Executor #0] exec.ReduceSinkOperator: keys are [] num distributions: 0
2024-04-23T18:53:06,367  INFO [LocalJobRunner Map Task Executor #0] exec.ReduceSinkOperator: RS[7]: records written - 1
2024-04-23T18:53:06,367  INFO [LocalJobRunner Map Task Executor #0] exec.GroupByOperator: RECORDS_OUT_INTERMEDIATE:0, RECORDS_OUT_OPERATOR_GBY_6:1, 
2024-04-23T18:53:06,367  INFO [LocalJobRunner Map Task Executor #0] exec.ReduceSinkOperator: Closing Operator: RS[7]
2024-04-23T18:53:06,367  INFO [LocalJobRunner Map Task Executor #0] exec.ReduceSinkOperator: RS[7]: Total records written - 1. abort - false
2024-04-23T18:53:06,368  INFO [LocalJobRunner Map Task Executor #0] exec.ReduceSinkOperator: RECORDS_OUT_INTERMEDIATE:1, RECORDS_OUT_OPERATOR_RS_7:1, 
2024-04-23T18:53:06,368  INFO [LocalJobRunner Map Task Executor #0] mapred.LocalJobRunner: 
2024-04-23T18:53:06,368  INFO [LocalJobRunner Map Task Executor #0] mapred.MapTask: Starting flush of map output
2024-04-23T18:53:06,368  INFO [LocalJobRunner Map Task Executor #0] mapred.MapTask: Spilling map output
2024-04-23T18:53:06,368  INFO [LocalJobRunner Map Task Executor #0] mapred.MapTask: bufstart = 0; bufend = 42; bufvoid = 104857600
2024-04-23T18:53:06,368  INFO [LocalJobRunner Map Task Executor #0] mapred.MapTask: kvstart = 26214396(104857584); kvend = 26214396(104857584); length = 1/6553600
2024-04-23T18:53:06,378  INFO [LocalJobRunner Map Task Executor #0] mapred.MapTask: Finished spill 0
2024-04-23T18:53:06,381  INFO [LocalJobRunner Map Task Executor #0] mapred.Task: Task:attempt_local898894339_0005_m_000001_0 is done. And is in the process of committing
2024-04-23T18:53:06,382  INFO [LocalJobRunner Map Task Executor #0] mapred.LocalJobRunner: OrcSplit [pfile:/home/alex/Repositories/hive/ql/target/warehouse/t1/delta_0000002_0000002_0000/bucket_00000_0, start=0, length=664, isOriginal=false, fileLength=664, hasFooter=false, hasBase=true, deltas=0]
2024-04-23T18:53:06,382  INFO [LocalJobRunner Map Task Executor #0] mapred.Task: Task 'attempt_local898894339_0005_m_000001_0' done.
2024-04-23T18:53:06,382  INFO [LocalJobRunner Map Task Executor #0] mapred.Task: Final Counters for attempt_local898894339_0005_m_000001_0: Counters: 31
	File System Counters
		FILE: Number of bytes read=109951
		FILE: Number of bytes written=5799991
		FILE: Number of read operations=0
		FILE: Number of large read operations=0
		FILE: Number of write operations=0
	Map-Reduce Framework
		Map input records=1
		Map output records=1
		Map output bytes=42
		Map output materialized bytes=50
		Input split bytes=366
		Combine input records=0
		Spilled Records=1
		Failed Shuffles=0
		Merged Map outputs=0
		GC time elapsed (ms)=0
		Total committed heap usage (bytes)=1024458752
	HIVE
		CREATED_FILES=1
		DESERIALIZE_ERRORS=0
		RECORDS_IN=1
		RECORDS_OUT_1_default.mat1=1
		RECORDS_OUT_INTERMEDIATE=1
		RECORDS_OUT_OPERATOR_FIL_11=1
		RECORDS_OUT_OPERATOR_FS_3=1
		RECORDS_OUT_OPERATOR_GBY_6=1
		RECORDS_OUT_OPERATOR_MAP_0=0
		RECORDS_OUT_OPERATOR_RS_7=1
		RECORDS_OUT_OPERATOR_SEL_2=1
		RECORDS_OUT_OPERATOR_SEL_5=1
		RECORDS_OUT_OPERATOR_TS_0=1
		TOTAL_TABLE_ROWS_WRITTEN=1
	File Input Format Counters 
		Bytes Read=0
2024-04-23T18:53:06,382  INFO [LocalJobRunner Map Task Executor #0] mapred.LocalJobRunner: Finishing task: attempt_local898894339_0005_m_000001_0
2024-04-23T18:53:06,382  INFO [Thread-428] mapred.LocalJobRunner: map task executor complete.
2024-04-23T18:53:06,383  INFO [Thread-428] mapred.LocalJobRunner: Waiting for reduce tasks
2024-04-23T18:53:06,383  INFO [pool-38-thread-1] mapred.LocalJobRunner: Starting task: attempt_local898894339_0005_r_000000_0
2024-04-23T18:53:06,384  INFO [pool-38-thread-1] mapred.Task:  Using ResourceCalculatorProcessTree : [ ]
2024-04-23T18:53:06,384  INFO [pool-38-thread-1] mapred.ReduceTask: Using ShuffleConsumerPlugin: org.apache.hadoop.mapreduce.task.reduce.Shuffle@39b78211
2024-04-23T18:53:06,384  WARN [pool-38-thread-1] impl.MetricsSystemImpl: JobTracker metrics system already initialized!
2024-04-23T18:53:06,385  INFO [pool-38-thread-1] reduce.MergeManagerImpl: MergerManager: memoryLimit=1336252800, maxSingleShuffleLimit=334063200, mergeThreshold=881926912, ioSortFactor=10, memToMemMergeOutputsThreshold=10
2024-04-23T18:53:06,386  INFO [EventFetcher for fetching Map Completion Events] reduce.EventFetcher: attempt_local898894339_0005_r_000000_0 Thread started: EventFetcher for fetching Map Completion Events
2024-04-23T18:53:06,389  INFO [localfetcher#5] reduce.LocalFetcher: localfetcher#5 about to shuffle output of map attempt_local898894339_0005_m_000000_0 decomp: 20 len: 24 to MEMORY
2024-04-23T18:53:06,389  INFO [localfetcher#5] reduce.InMemoryMapOutput: Read 20 bytes from map-output for attempt_local898894339_0005_m_000000_0
2024-04-23T18:53:06,389  INFO [localfetcher#5] reduce.MergeManagerImpl: closeInMemoryFile -> map-output of size: 20, inMemoryMapOutputs.size() -> 1, commitMemory -> 0, usedMemory ->20
2024-04-23T18:53:06,391  INFO [localfetcher#5] reduce.LocalFetcher: localfetcher#5 about to shuffle output of map attempt_local898894339_0005_m_000001_0 decomp: 46 len: 50 to MEMORY
2024-04-23T18:53:06,391  INFO [localfetcher#5] reduce.InMemoryMapOutput: Read 46 bytes from map-output for attempt_local898894339_0005_m_000001_0
2024-04-23T18:53:06,391  INFO [localfetcher#5] reduce.MergeManagerImpl: closeInMemoryFile -> map-output of size: 46, inMemoryMapOutputs.size() -> 2, commitMemory -> 20, usedMemory ->66
2024-04-23T18:53:06,392  INFO [EventFetcher for fetching Map Completion Events] reduce.EventFetcher: EventFetcher is interrupted.. Returning
2024-04-23T18:53:06,392  INFO [pool-38-thread-1] mapred.LocalJobRunner: 2 / 2 copied.
2024-04-23T18:53:06,392  INFO [pool-38-thread-1] reduce.MergeManagerImpl: finalMerge called with 2 in-memory map-outputs and 0 on-disk map-outputs
2024-04-23T18:53:06,398  INFO [pool-38-thread-1] mapred.Merger: Merging 2 sorted segments
2024-04-23T18:53:06,398  INFO [pool-38-thread-1] mapred.Merger: Down to the last merge-pass, with 2 segments left of total size: 52 bytes
2024-04-23T18:53:06,401  INFO [pool-38-thread-1] reduce.MergeManagerImpl: Merged 2 segments, 66 bytes to disk to satisfy reduce memory limit
2024-04-23T18:53:06,401  INFO [pool-38-thread-1] reduce.MergeManagerImpl: Merging 1 files, 68 bytes from disk
2024-04-23T18:53:06,401  INFO [pool-38-thread-1] reduce.MergeManagerImpl: Merging 0 segments, 0 bytes from memory into reduce
2024-04-23T18:53:06,401  INFO [pool-38-thread-1] mapred.Merger: Merging 1 sorted segments
2024-04-23T18:53:06,401  INFO [pool-38-thread-1] mapred.Merger: Down to the last merge-pass, with 1 segments left of total size: 57 bytes
2024-04-23T18:53:06,401  INFO [pool-38-thread-1] mapred.LocalJobRunner: 2 / 2 copied.
2024-04-23T18:53:06,402  INFO [pool-38-thread-1] exec.SerializationUtilities: Deserializing ReduceWork using kryo
2024-04-23T18:53:06,403  INFO [pool-38-thread-1] exec.Utilities: Deserialized plan (via FILE) - name: null size: 11,41KB
2024-04-23T18:53:06,404  INFO [pool-38-thread-1] ExecReducer: 
<GBY>Id =8
  <Children>
    <SEL>Id =9
      <Children>
        <FS>Id =10
          <Children>
          <\Children>
          <Parent>Id = 9 null<\Parent>
        <\FS>
      <\Children>
      <Parent>Id = 8 null<\Parent>
    <\SEL>
  <\Children>
  <Parent><\Parent>
<\GBY>
2024-04-23T18:53:06,404  INFO [pool-38-thread-1] exec.GroupByOperator: Initializing Operator: GBY[8]
2024-04-23T18:53:06,404  INFO [pool-38-thread-1] exec.GroupByOperator: isTez: false isLlap: false numExecutors: 1 maxMemory: 1908932608
2024-04-23T18:53:06,404  INFO [pool-38-thread-1] exec.SelectOperator: Initializing Operator: SEL[9]
2024-04-23T18:53:06,405  INFO [pool-38-thread-1] exec.SelectOperator: SELECT struct<_col0:int,_col1:int,_col2:bigint,_col3:bigint,_col4:binary,_col5:int,_col6:int,_col7:bigint,_col8:binary>
2024-04-23T18:53:06,406  INFO [pool-38-thread-1] exec.FileSinkOperator: Initializing Operator: FS[10]
2024-04-23T18:53:06,406  INFO [pool-38-thread-1] exec.FileSinkOperator: Using serializer : class org.apache.hadoop.hive.serde2.lazy.LazySimpleSerDe [serdeParams=org.apache.hadoop.hive.serde2.lazy.LazySerDeParameters@4fb81930, cachedObjectInspector=org.apache.hadoop.hive.serde2.lazy.objectinspector.LazySimpleStructObjectInspector<org.apache.hadoop.hive.serde2.lazy.objectinspector.primitive.LazyStringObjectInspector@2433bcd4,org.apache.hadoop.hive.serde2.lazy.objectinspector.primitive.LazyLongObjectInspector@75d9b73c,org.apache.hadoop.hive.serde2.lazy.objectinspector.primitive.LazyLongObjectInspector@75d9b73c,org.apache.hadoop.hive.serde2.lazy.objectinspector.primitive.LazyLongObjectInspector@75d9b73c,org.apache.hadoop.hive.serde2.lazy.objectinspector.primitive.LazyLongObjectInspector@75d9b73c,org.apache.hadoop.hive.serde2.lazy.objectinspector.primitive.LazyBinaryObjectInspector@5f1a3c4,org.apache.hadoop.hive.serde2.lazy.objectinspector.primitive.LazyStringObjectInspector@2433bcd4,org.apache.hadoop.hive.serde2.lazy.objectinspector.primitive.LazyLongObjectInspector@75d9b73c,org.apache.hadoop.hive.serde2.lazy.objectinspector.primitive.LazyLongObjectInspector@75d9b73c,org.apache.hadoop.hive.serde2.lazy.objectinspector.primitive.LazyLongObjectInspector@75d9b73c,org.apache.hadoop.hive.serde2.lazy.objectinspector.primitive.LazyLongObjectInspector@75d9b73c,org.apache.hadoop.hive.serde2.lazy.objectinspector.primitive.LazyBinaryObjectInspector@5f1a3c4>, serializedSize=0, stats=org.apache.hadoop.hive.serde2.SerDeStats@f48e3fd, lastOperationSerialize=false, lastOperationDeserialize=false [1, 2, 3, 4, 5, 6, 7, 8, 11, 14, 15, 16, 17, 18, 19, 20, 21, 22, 23, 24, 25, 26, 28, 29, 30, 31, -128, -127, -126, -125, -124, -123, -122, -121, -120, -119, -118, -117, -116, -115, -114, -113, -112, -111, -110, -109, -108, -107, -106, -105, -104, -103, -102, -101, -100, -99, -98, -97, -96, -95, -94, -93, -92, -91, -90, -89, -88, -87, -86, -85, -84, -83, -82, -81, -80, -79, -78, -77, -76, -75, -74, -73, -72, -71, -70, -69, -68, -67, -66, -65, -64, -63, -62, -61, -60, -59, -58, -57, -56, -55, -54, -53, -52, -51, -50, -49, -48, -47, -46, -45, -44, -43, -42, -41, -40, -39, -38, -37, -36, -35, -34, -33, -32, -31, -30, -29, -28, -27, -26, -25, -24, -23, -22, -21, -20, -19, -18, -17, -16, -15, -14, -13, -12, -11, -10, -9, -8, -7, -6, -5, -4, -3, -2, -1] : [_col0, _col1, _col2, _col3, _col4, _col5, _col6, _col7, _col8, _col9, _col10, _col11] : [string, bigint, bigint, bigint, bigint, binary, string, bigint, bigint, bigint, bigint, binary]] and formatter : org.apache.hadoop.hive.ql.io.HiveSequenceFileOutputFormat@2efa8217
2024-04-23T18:53:06,407  INFO [pool-38-thread-1] exec.GroupByOperator: Closing Operator: GBY[8]
2024-04-23T18:53:06,407  INFO [pool-38-thread-1] exec.FileSinkOperator: Final Path: FS file:/home/alex/Repositories/hive/ql/target/tmp/localscratchdir/a8c1c011-dbf2-4556-9828-3c682b932083/hive_2024-04-23_18-53-05_699_5480804127051249889-1/-mr-10000/.hive-staging_hive_2024-04-23_18-53-05_699_5480804127051249889-1/_tmp.-ext-10001/000000_0
2024-04-23T18:53:06,407  INFO [pool-38-thread-1] exec.FileSinkOperator: Writing to temp file: FS file:/home/alex/Repositories/hive/ql/target/tmp/localscratchdir/a8c1c011-dbf2-4556-9828-3c682b932083/hive_2024-04-23_18-53-05_699_5480804127051249889-1/-mr-10000/.hive-staging_hive_2024-04-23_18-53-05_699_5480804127051249889-1/_task_tmp.-ext-10001/_tmp.000000_0
2024-04-23T18:53:06,407  INFO [pool-38-thread-1] exec.FileSinkOperator: New Final Path: FS file:/home/alex/Repositories/hive/ql/target/tmp/localscratchdir/a8c1c011-dbf2-4556-9828-3c682b932083/hive_2024-04-23_18-53-05_699_5480804127051249889-1/-mr-10000/.hive-staging_hive_2024-04-23_18-53-05_699_5480804127051249889-1/_tmp.-ext-10001/000000_0
2024-04-23T18:53:06,414  INFO [pool-38-thread-1] exec.FileSinkOperator: FS[10]: records written - 1
2024-04-23T18:53:06,414  INFO [pool-38-thread-1] exec.GroupByOperator: RECORDS_OUT_OPERATOR_GBY_8:1, RECORDS_OUT_INTERMEDIATE:0, 
2024-04-23T18:53:06,414  INFO [pool-38-thread-1] exec.SelectOperator: Closing Operator: SEL[9]
2024-04-23T18:53:06,414  INFO [pool-38-thread-1] exec.SelectOperator: RECORDS_OUT_INTERMEDIATE:0, RECORDS_OUT_OPERATOR_SEL_9:1, 
2024-04-23T18:53:06,415  INFO [pool-38-thread-1] exec.FileSinkOperator: Closing Operator: FS[10]
2024-04-23T18:53:06,415  INFO [pool-38-thread-1] exec.FileSinkOperator: FS[10]: records written - 1
2024-04-23T18:53:06,415  INFO [pool-38-thread-1] exec.FileSinkOperator: RECORDS_OUT_0:1, RECORDS_OUT_OPERATOR_FS_10:1, RECORDS_OUT_INTERMEDIATE:0, 
2024-04-23T18:53:06,415  INFO [pool-38-thread-1] mapred.Task: Task:attempt_local898894339_0005_r_000000_0 is done. And is in the process of committing
2024-04-23T18:53:06,416  INFO [pool-38-thread-1] mapred.LocalJobRunner: reduce > reduce
2024-04-23T18:53:06,416  INFO [pool-38-thread-1] mapred.Task: Task 'attempt_local898894339_0005_r_000000_0' done.
2024-04-23T18:53:06,416  INFO [pool-38-thread-1] mapred.Task: Final Counters for attempt_local898894339_0005_r_000000_0: Counters: 30
	File System Counters
		FILE: Number of bytes read=121672
		FILE: Number of bytes written=5800228
		FILE: Number of read operations=0
		FILE: Number of large read operations=0
		FILE: Number of write operations=0
	Map-Reduce Framework
		Combine input records=0
		Combine output records=0
		Reduce input groups=1
		Reduce shuffle bytes=74
		Reduce input records=2
		Reduce output records=0
		Spilled Records=2
		Shuffled Maps =2
		Failed Shuffles=0
		Merged Map outputs=2
		GC time elapsed (ms)=0
		Total committed heap usage (bytes)=1024458752
	HIVE
		CREATED_FILES=1
		RECORDS_OUT_0=1
		RECORDS_OUT_INTERMEDIATE=0
		RECORDS_OUT_OPERATOR_FS_10=1
		RECORDS_OUT_OPERATOR_GBY_8=1
		RECORDS_OUT_OPERATOR_SEL_9=1
	Shuffle Errors
		BAD_ID=0
		CONNECTION=0
		IO_ERROR=0
		WRONG_LENGTH=0
		WRONG_MAP=0
		WRONG_REDUCE=0
	File Output Format Counters 
		Bytes Written=0
2024-04-23T18:53:06,416  INFO [pool-38-thread-1] mapred.LocalJobRunner: Finishing task: attempt_local898894339_0005_r_000000_0
2024-04-23T18:53:06,416  INFO [Thread-428] mapred.LocalJobRunner: reduce task executor complete.
2024-04-23 18:53:07,268 Stage-1 map = 100%,  reduce = 100%
2024-04-23T18:53:07,268  INFO [main] exec.Task: 2024-04-23 18:53:07,268 Stage-1 map = 100%,  reduce = 100%
Ended Job = job_local898894339_0005
2024-04-23T18:53:07,273  INFO [main] exec.Task: Ended Job = job_local898894339_0005
2024-04-23T18:53:07,277  INFO [main] FileOperations: Found manifest file pfile:/home/alex/Repositories/hive/ql/target/warehouse/mat1/_tmp.delta_0000002_0000002_0000/000001_0.manifest with attemptId 0.
2024-04-23T18:53:07,277  INFO [main] FileOperations: Looking at manifest file: pfile:/home/alex/Repositories/hive/ql/target/warehouse/mat1/_tmp.delta_0000002_0000002_0000/000001_0.manifest
2024-04-23T18:53:07,277  INFO [main] FileOperations: Deleting manifest directory pfile:/home/alex/Repositories/hive/ql/target/warehouse/mat1/_tmp.delta_0000002_0000002_0000
2024-04-23T18:53:07,285  INFO [main] ql.Driver: Starting task [Stage-0:MOVE] in serial mode
Loading data to table default.mat1
2024-04-23T18:53:07,285  INFO [main] exec.Task: Loading data to table default.mat1 from pfile:/home/alex/Repositories/hive/ql/target/warehouse/mat1
2024-04-23T18:53:07,286  INFO [main] HiveMetaStore.audit: ugi=alex	ip=unknown-ip-addr	cmd=get_table : tbl=hive.default.mat1	
2024-04-23T18:53:07,305  INFO [main] metastore.HMSHandler: Skipping translation for processor with null
2024-04-23T18:53:07,305  INFO [main] HiveMetaStore.audit: ugi=alex	ip=unknown-ip-addr	cmd=get_table : tbl=hive.default.mat1	
2024-04-23T18:53:07,324  INFO [main] metastore.HMSHandler: Skipping translation for processor with null
2024-04-23T18:53:07,325  INFO [main] HiveMetaStore.audit: ugi=alex	ip=unknown-ip-addr	cmd=alter_table: hive.default.mat1 newtbl=mat1	
2024-04-23T18:53:07,381  INFO [main] ql.Driver: Starting task [Stage-2:STATS] in serial mode
2024-04-23T18:53:07,381  INFO [main] HiveMetaStore.audit: ugi=alex	ip=unknown-ip-addr	cmd=get_table : tbl=hive.default.mat1	
2024-04-23T18:53:07,397  INFO [main] metastore.HMSHandler: Skipping translation for processor with null
2024-04-23T18:53:07,397  INFO [main] stats.BasicStatsTask: Executing stats task
2024-04-23T18:53:07,398  INFO [main] fs.FSStatsPublisher: created : pfile:/home/alex/Repositories/hive/ql/target/warehouse/mat1/.hive-staging_hive_2024-04-23_18-53-04_801_2126980260430711272-1/-ext-10000
2024-04-23T18:53:07,407  INFO [main] HiveMetaStore.audit: ugi=alex	ip=unknown-ip-addr	cmd=get_table : tbl=hive.default.mat1	
2024-04-23T18:53:07,423  INFO [main] metastore.HMSHandler: Skipping translation for processor with null
2024-04-23T18:53:07,453  WARN [main] FileOperations: Computing stats for an ACID table; stats may be inaccurate
2024-04-23T18:53:07,453  INFO [main] FileOperations: Read stats for default.mat1/, numRows, true, 1, false: 
2024-04-23T18:53:07,453  INFO [main] FileOperations: Read stats for default.mat1/, rawDataSize, true, 0, false: 
2024-04-23T18:53:07,454  INFO [main] HiveMetaStore.audit: ugi=alex	ip=unknown-ip-addr	cmd=alter_table: hive.default.mat1 newtbl=mat1	
2024-04-23T18:53:07,497  INFO [main] FileOperations: Read stats for default.mat1/, insertCount, true, 1, false: 
2024-04-23T18:53:07,497  INFO [main] FileOperations: Read stats for default.mat1/, updateCount, true, 0, false: 
2024-04-23T18:53:07,497  INFO [main] FileOperations: Read stats for default.mat1/, deleteCount, true, 0, false: 
2024-04-23T18:53:07,500  INFO [main] stats.BasicStatsTask: Table default.mat1 stats: [numFiles=2, numRows=2, totalSize=1332, rawDataSize=0, numFilesErasureCoded=0]
2024-04-23T18:53:07,504  INFO [main] mapred.FileInputFormat: Total input files to process : 1
2024-04-23T18:53:07,505  INFO [main] stats.ColStatsProcessor: Time taken to build 1 stats desc : 0.005 seconds.
2024-04-23T18:53:07,522  INFO [main] HiveMetaStore.audit: ugi=alex	ip=unknown-ip-addr	cmd=write_column_statistics:  table=hive.default.mat1	
2024-04-23T18:53:07,528  INFO [main] metastore.ObjectStore: Updating table level column statistics for table=hive.default.mat1 colName=a
2024-04-23T18:53:07,529  INFO [main] metastore.ObjectStore: Updating table level column statistics for table=hive.default.mat1 colName=b
2024-04-23T18:53:07,540  INFO [main] stats.ColStatsProcessor: Time taken to update 1 stats : 0.035 seconds.
2024-04-23T18:53:07,540  INFO [main] ql.Driver: Starting task [Stage-3:DDL] in serial mode
2024-04-23T18:53:07,540  INFO [main] HiveMetaStore.audit: ugi=alex	ip=unknown-ip-addr	cmd=get_table : tbl=hive.default.mat1	
2024-04-23T18:53:07,558  INFO [main] metastore.HMSHandler: Skipping translation for processor with null
2024-04-23T18:53:07,591  INFO [main] HiveMetaStore.audit: ugi=alex	ip=unknown-ip-addr	cmd=get_all_table_constraints : tbl=hive.default.mat1	
2024-04-23T18:53:07,603  INFO [main] parse.CalcitePlanner: Starting generating logical plan
2024-04-23T18:53:07,603  INFO [main] parse.CalcitePlanner: Completed phase 1 of Semantic Analysis
2024-04-23T18:53:07,603  INFO [main] parse.CalcitePlanner: Get metadata for source tables
2024-04-23T18:53:07,604  INFO [main] HiveMetaStore.audit: ugi=alex	ip=unknown-ip-addr	cmd=get_table : tbl=hive.default.t1	
2024-04-23T18:53:07,617  INFO [main] metastore.HMSHandler: Skipping translation for processor with null
2024-04-23T18:53:07,617  INFO [main] parse.CalcitePlanner: Get metadata for subqueries
2024-04-23T18:53:07,617  INFO [main] parse.CalcitePlanner: Get metadata for destination tables
2024-04-23T18:53:07,617  INFO [main] parse.CalcitePlanner: Completed getting MetaData in Semantic Analysis
2024-04-23T18:53:07,637  INFO [main] HiveMetaStore.audit: ugi=alex	ip=unknown-ip-addr	cmd=get_all_table_constraints : tbl=hive.default.t1	
2024-04-23T18:53:07,676  INFO [main] calcite.RelOptHiveTable: Calculating column statistics for default.t1, projIndxSet: [0, 1], allowMissingStats: true
2024-04-23T18:53:07,677  INFO [main] HiveMetaStore.audit: ugi=alex	ip=unknown-ip-addr	cmd=get_table : tbl=hive.default.t1	
2024-04-23T18:53:07,691  INFO [main] metastore.HMSHandler: Skipping translation for processor with null
2024-04-23T18:53:07,693  INFO [main] HiveMetaStore.audit: ugi=alex	ip=unknown-ip-addr	cmd=get_table : tbl=hive.default.t1	
2024-04-23T18:53:07,708  INFO [main] metastore.HMSHandler: Skipping translation for processor with null
2024-04-23T18:53:07,789  INFO [main] parse.CalcitePlanner: Finished generating logical plan
POSTHOOK: query: alter materialized view mat1 rebuild
2024-04-23T18:53:07,789  INFO [main] SessionState: POSTHOOK: query: alter materialized view mat1 rebuild
POSTHOOK: type: ALTER_MATERIALIZED_VIEW_REBUILD
2024-04-23T18:53:07,789  INFO [main] SessionState: POSTHOOK: type: ALTER_MATERIALIZED_VIEW_REBUILD
POSTHOOK: Input: default@t1
2024-04-23T18:53:07,789  INFO [main] SessionState: POSTHOOK: Input: default@t1
POSTHOOK: Output: default@mat1
2024-04-23T18:53:07,789  INFO [main] SessionState: POSTHOOK: Output: default@mat1
POSTHOOK: Lineage: mat1.a SIMPLE [(t1)t1.FieldSchema(name:a, type:int, comment:null), ]
2024-04-23T18:53:07,789  INFO [main] SessionState: POSTHOOK: Lineage: mat1.a SIMPLE [(t1)t1.FieldSchema(name:a, type:int, comment:null), ]
POSTHOOK: Lineage: mat1.a SIMPLE [(t1)t1.FieldSchema(name:a, type:int, comment:null), ]
2024-04-23T18:53:07,789  INFO [main] SessionState: POSTHOOK: Lineage: mat1.a SIMPLE [(t1)t1.FieldSchema(name:a, type:int, comment:null), ]
POSTHOOK: Lineage: mat1.b SIMPLE [(t1)t1.FieldSchema(name:b, type:int, comment:null), ]
2024-04-23T18:53:07,789  INFO [main] SessionState: POSTHOOK: Lineage: mat1.b SIMPLE [(t1)t1.FieldSchema(name:b, type:int, comment:null), ]
POSTHOOK: Lineage: mat1.b SIMPLE [(t1)t1.FieldSchema(name:b, type:int, comment:null), ]
2024-04-23T18:53:07,789  INFO [main] SessionState: POSTHOOK: Lineage: mat1.b SIMPLE [(t1)t1.FieldSchema(name:b, type:int, comment:null), ]
POSTHOOK: Lineage: t1.a SCRIPT []
2024-04-23T18:53:07,789  INFO [main] SessionState: POSTHOOK: Lineage: t1.a SCRIPT []
POSTHOOK: Lineage: t1.a SCRIPT []
2024-04-23T18:53:07,790  INFO [main] SessionState: POSTHOOK: Lineage: t1.a SCRIPT []
POSTHOOK: Lineage: t1.b SCRIPT []
2024-04-23T18:53:07,790  INFO [main] SessionState: POSTHOOK: Lineage: t1.b SCRIPT []
POSTHOOK: Lineage: t1.b SCRIPT []
2024-04-23T18:53:07,790  INFO [main] SessionState: POSTHOOK: Lineage: t1.b SCRIPT []
2024-04-23T18:53:07,790  INFO [main] metadata.Hive: Dumping metastore api call timing information for : execution phase
2024-04-23T18:53:07,790  INFO [main] metadata.Hive: Total time spent in each metastore function (ms): {updateTransactionalStatistics_(UpdateTransactionalStatsRequest)=3, getAllTableConstraints_(AllTableConstraintsRequest)=18, getTable_(GetTableRequest)=103, updateCreationMetadata_(String, String, CreationMetadata)=30, getTableColumnStatistics_(String, String, List, String)=31, isCompatibleWith_(Configuration)=1, alter_table_(String, String, String, Table, EnvironmentContext, String)=99, getValidWriteIds_(List, String)=4, setPartitionColumnStatistics_(SetPartitionsStatsRequest)=35}
MapReduce Jobs Launched: 
2024-04-23T18:53:07,790  INFO [main] ql.Driver: MapReduce Jobs Launched: 
Stage-Stage-1:  HDFS Read: 0 HDFS Write: 0 SUCCESS
2024-04-23T18:53:07,790  INFO [main] ql.Driver: Stage-Stage-1:  HDFS Read: 0 HDFS Write: 0 SUCCESS
Total MapReduce CPU Time Spent: 0 msec
2024-04-23T18:53:07,790  INFO [main] ql.Driver: Total MapReduce CPU Time Spent: 0 msec
2024-04-23T18:53:07,790  INFO [main] ql.Driver: Completed executing command(queryId=alex_20240423185304_bed89768-d62f-4751-a9f1-e6a746109da3); Time taken: 1.94 seconds
2024-04-23T18:53:07,791  INFO [main] lockmgr.DbTxnManager: Stopped heartbeat for query: alex_20240423185304_bed89768-d62f-4751-a9f1-e6a746109da3
2024-04-23T18:53:07,813  INFO [main] txn.TxnHandler: Removed transactions: ([7]) from MIN_HISTORY_LEVEL
2024-04-23T18:53:07,813  WARN [main] txn.CompactionTxnHandler: No compaction queue record found for Compaction type transaction commit. txnId:7
2024-04-23T18:53:07,816  INFO [main] ql.Context: Deleting scratch dir: file:/home/alex/Repositories/hive/ql/target/tmp/localscratchdir/a8c1c011-dbf2-4556-9828-3c682b932083/hive_2024-04-23_18-53-05_699_5480804127051249889-1
2024-04-23T18:53:07,817  INFO [main] cleanup.SyncCleanupService: Deleted directory: file:/home/alex/Repositories/hive/ql/target/tmp/localscratchdir/a8c1c011-dbf2-4556-9828-3c682b932083/hive_2024-04-23_18-53-05_699_5480804127051249889-1 on fs with scheme file
2024-04-23T18:53:07,817  INFO [main] ql.Context: Deleting scratch dir: file:/home/alex/Repositories/hive/ql/target/tmp/localscratchdir/a8c1c011-dbf2-4556-9828-3c682b932083/hive_2024-04-23_18-53-04_801_2126980260430711272-1
2024-04-23T18:53:07,817  INFO [main] cleanup.SyncCleanupService: Deleted directory: file:/home/alex/Repositories/hive/ql/target/tmp/localscratchdir/a8c1c011-dbf2-4556-9828-3c682b932083/hive_2024-04-23_18-53-04_801_2126980260430711272-1 on fs with scheme file
2024-04-23T18:53:07,818  INFO [main] ql.Context: Deleting scratch dir: pfile:/home/alex/Repositories/hive/ql/target/warehouse/mat1/.hive-staging_hive_2024-04-23_18-53-04_801_2126980260430711272-1
2024-04-23T18:53:07,818  INFO [main] cleanup.SyncCleanupService: Deleted directory: pfile:/home/alex/Repositories/hive/ql/target/warehouse/mat1/.hive-staging_hive_2024-04-23_18-53-04_801_2126980260430711272-1 on fs with scheme pfile
2024-04-23T18:53:07,818  INFO [main] ql.Driver: Compiling command(queryId=alex_20240423185307_07422c41-a5f9-4695-a6a3-e4e36faf3143): select * from mat1 order by a
2024-04-23T18:53:07,823  INFO [main] txn.TxnHandler: Added entries to MIN_HISTORY_LEVEL for current txns: ([8]) with min_open_txn: 6
2024-04-23T18:53:07,823  INFO [main] lockmgr.DbTxnManager: Opened txnid:8
2024-04-23T18:53:07,825  INFO [main] parse.CalcitePlanner: Starting caching scope for: 
2024-04-23T18:53:07,825  INFO [main] parse.CalcitePlanner: Starting Semantic Analysis
2024-04-23T18:53:07,829  INFO [main] parse.CalcitePlanner: Completed phase 1 of Semantic Analysis
2024-04-23T18:53:07,830  INFO [main] parse.CalcitePlanner: Get metadata for source tables
2024-04-23T18:53:07,831  INFO [main] HiveMetaStore.audit: ugi=alex	ip=unknown-ip-addr	cmd=get_table : tbl=hive.default.mat1	
2024-04-23T18:53:07,859  INFO [main] metastore.HMSHandler: Skipping translation for processor with null
2024-04-23T18:53:07,860  INFO [main] parse.CalcitePlanner: Get metadata for subqueries
2024-04-23T18:53:07,860  INFO [main] parse.CalcitePlanner: Get metadata for destination tables
2024-04-23T18:53:07,860  INFO [main] parse.CalcitePlanner: Completed getting MetaData in Semantic Analysis
2024-04-23T18:53:07,875  INFO [main] HiveMetaStore.audit: ugi=alex	ip=unknown-ip-addr	cmd=get_all_table_constraints : tbl=hive.default.mat1	
2024-04-23T18:53:07,883  WARN [main] parse.RowResolver: Found duplicate column alias in RR: mat1.a => {mat1, a, _col0: int} adding mat1.a => {mat1, a, _col2: int}
2024-04-23T18:53:07,883  WARN [main] parse.RowResolver: Found duplicate column alias in RR: mat1.b => {mat1, b, _col1: int} adding mat1.b => {mat1, b, _col4: int}
2024-04-23T18:53:07,948  INFO [main] calcite.RelOptHiveTable: Calculating column statistics for default.mat1, projIndxSet: [0, 1], allowMissingStats: true
2024-04-23T18:53:07,949  INFO [main] HiveMetaStore.audit: ugi=alex	ip=unknown-ip-addr	cmd=get_table : tbl=hive.default.mat1	
2024-04-23T18:53:07,972  INFO [main] metastore.HMSHandler: Skipping translation for processor with null
2024-04-23T18:53:07,973  INFO [main] HiveMetaStore.audit: ugi=alex	ip=unknown-ip-addr	cmd=get_table : tbl=hive.default.mat1	
2024-04-23T18:53:07,999  INFO [main] metastore.HMSHandler: Skipping translation for processor with null
2024-04-23T18:53:08,000  INFO [main] HiveMetaStore.audit: ugi=alex	ip=unknown-ip-addr	cmd=get_table_statistics_req: table=hive.default.mat1	
2024-04-23T18:53:08,180  INFO [main] parse.CalcitePlanner: Get metadata for source tables
2024-04-23T18:53:08,181  INFO [main] parse.CalcitePlanner: Get metadata for subqueries
2024-04-23T18:53:08,181  INFO [main] parse.CalcitePlanner: Get metadata for destination tables
2024-04-23T18:53:08,183  INFO [main] common.FileUtils: Creating directory if it doesn't exist: file:/home/alex/Repositories/hive/ql/target/tmp/localscratchdir/a8c1c011-dbf2-4556-9828-3c682b932083/hive_2024-04-23_18-53-07_818_6416350064602510915-1/-mr-10001/.hive-staging_hive_2024-04-23_18-53-07_818_6416350064602510915-1
2024-04-23T18:53:08,192  INFO [main] parse.CalcitePlanner: CBO Succeeded; optimized logical plan.
2024-04-23T18:53:08,200  INFO [main] optimizer.ColumnPrunerProcFactory: RS 2 oldColExprMap: {KEY.reducesinkkey0=Column[_col0], VALUE._col0=Column[_col1]}
2024-04-23T18:53:08,200  INFO [main] optimizer.ColumnPrunerProcFactory: RS 2 newColExprMap: {KEY.reducesinkkey0=Column[_col0], VALUE._col0=Column[_col1]}
2024-04-23T18:53:08,202  INFO [main] optimizer.BucketVersionPopulator: not considering bucketingVersion for: TS[0] because it has -1<2 buckets 
2024-04-23T18:53:08,203  INFO [main] optimizer.SortedDynPartitionOptimizer: Sorted dynamic partitioning optimization kicked in..
2024-04-23T18:53:08,217  INFO [main] parse.CalcitePlanner: Completed plan generation
2024-04-23T18:53:08,217  INFO [main] parse.CalcitePlanner: Ending caching scope for: 
2024-04-23T18:53:08,217  INFO [main] ql.Driver: Semantic Analysis Completed (retrial = false)
2024-04-23T18:53:08,217  INFO [main] ql.Driver: Created Hive schema: Schema(fieldSchemas:[FieldSchema(name:mat1.a, type:int, comment:null), FieldSchema(name:mat1.b, type:int, comment:null)], properties:null)
2024-04-23T18:53:08,219  INFO [main] exec.ListSinkOperator: Initializing Operator: LIST_SINK[5]
2024-04-23T18:53:08,219  INFO [main] metadata.Hive: Dumping metastore api call timing information for : compilation phase
2024-04-23T18:53:08,219  INFO [main] metadata.Hive: Total time spent in each metastore function (ms): {getAllTableConstraints_(AllTableConstraintsRequest)=7, flushCache_()=0, isCompatibleWith_(Configuration)=1, getValidWriteIds_(List, String)=6, openTxn_(String, TxnType)=4, getTableColumnStatistics_(String, String, List, String)=64, commitTxn_(CommitTxnRequest)=24, getValidTxns_(long)=1, getTable_(GetTableRequest)=30}
2024-04-23T18:53:08,219  INFO [main] ql.Driver: Completed compiling command(queryId=alex_20240423185307_07422c41-a5f9-4695-a6a3-e4e36faf3143); Time taken: 0.401 seconds
2024-04-23T18:53:08,220  INFO [main] lockmgr.DbTxnManager: Setting lock request transaction to txnid:8 for queryId=alex_20240423185307_07422c41-a5f9-4695-a6a3-e4e36faf3143
2024-04-23T18:53:08,221  INFO [main] lockmgr.DbLockManager: Requesting lock for queryId=alex_20240423185307_07422c41-a5f9-4695-a6a3-e4e36faf3143
2024-04-23T18:53:08,250  INFO [main] lockmgr.DbLockManager: Response to queryId=alex_20240423185307_07422c41-a5f9-4695-a6a3-e4e36faf3143 LockResponse(lockid:6, state:ACQUIRED)
2024-04-23T18:53:08,250  INFO [main] ql.Driver: Operation QUERY obtained 1 locks
2024-04-23T18:53:08,251  INFO [main] ql.Driver: Executing command(queryId=alex_20240423185307_07422c41-a5f9-4695-a6a3-e4e36faf3143): select * from mat1 order by a
PREHOOK: query: select * from mat1 order by a
2024-04-23T18:53:08,251  INFO [main] SessionState: PREHOOK: query: select * from mat1 order by a
PREHOOK: type: QUERY
2024-04-23T18:53:08,251  INFO [main] SessionState: PREHOOK: type: QUERY
PREHOOK: Input: default@mat1
2024-04-23T18:53:08,251  INFO [main] SessionState: PREHOOK: Input: default@mat1
PREHOOK: Output: file:/home/alex/Repositories/hive/ql/target/tmp/localscratchdir/a8c1c011-dbf2-4556-9828-3c682b932083/hive_2024-04-23_18-53-07_818_6416350064602510915-1/-mr-10001
2024-04-23T18:53:08,251  INFO [main] SessionState: PREHOOK: Output: file:/home/alex/Repositories/hive/ql/target/tmp/localscratchdir/a8c1c011-dbf2-4556-9828-3c682b932083/hive_2024-04-23_18-53-07_818_6416350064602510915-1/-mr-10001
2024-04-23T18:53:08,252  WARN [main] ql.Driver: Hive-on-MR is deprecated in Hive 2 and may not be available in the future versions. Consider using a different execution engine (i.e. spark, tez) or using Hive 1.X releases.
Query ID = alex_20240423185307_07422c41-a5f9-4695-a6a3-e4e36faf3143
2024-04-23T18:53:08,252  INFO [main] ql.Driver: Query ID = alex_20240423185307_07422c41-a5f9-4695-a6a3-e4e36faf3143
Total jobs = 1
2024-04-23T18:53:08,252  INFO [main] ql.Driver: Total jobs = 1
Launching Job 1 out of 1
2024-04-23T18:53:08,252  INFO [main] ql.Driver: Launching Job 1 out of 1
2024-04-23T18:53:08,377  INFO [main] ql.Driver: Starting task [Stage-1:MAPRED] in serial mode
Number of reduce tasks determined at compile time: 1
2024-04-23T18:53:08,377  INFO [main] exec.Task: Number of reduce tasks determined at compile time: 1
In order to change the average load for a reducer (in bytes):
2024-04-23T18:53:08,377  INFO [main] exec.Task: In order to change the average load for a reducer (in bytes):
  set hive.exec.reducers.bytes.per.reducer=<number>
2024-04-23T18:53:08,377  INFO [main] exec.Task:   set hive.exec.reducers.bytes.per.reducer=<number>
In order to limit the maximum number of reducers:
2024-04-23T18:53:08,377  INFO [main] exec.Task: In order to limit the maximum number of reducers:
  set hive.exec.reducers.max=<number>
2024-04-23T18:53:08,377  INFO [main] exec.Task:   set hive.exec.reducers.max=<number>
In order to set a constant number of reducers:
2024-04-23T18:53:08,377  INFO [main] exec.Task: In order to set a constant number of reducers:
  set mapreduce.job.reduces=<number>
2024-04-23T18:53:08,377  INFO [main] exec.Task:   set mapreduce.job.reduces=<number>
2024-04-23T18:53:08,380  INFO [main] mr.ExecDriver: Using org.apache.hadoop.hive.ql.io.CombineHiveInputFormat
2024-04-23T18:53:08,380  INFO [main] exec.Utilities: Processing alias mat1
2024-04-23T18:53:08,380  INFO [main] exec.Utilities: Adding 1 inputs; the first input is pfile:/home/alex/Repositories/hive/ql/target/warehouse/mat1
2024-04-23T18:53:08,395  INFO [main] exec.SerializationUtilities: Serializing MapWork using kryo
2024-04-23T18:53:08,397  INFO [main] exec.Utilities: Serialized plan (via FILE) - name: null size: 5,24KB
2024-04-23T18:53:08,402  INFO [main] exec.SerializationUtilities: Serializing ReduceWork using kryo
2024-04-23T18:53:08,411  INFO [main] exec.Utilities: Serialized plan (via FILE) - name: null size: 6,28KB
2024-04-23T18:53:08,412  WARN [main] impl.MetricsSystemImpl: JobTracker metrics system already initialized!
2024-04-23T18:53:08,418  WARN [main] impl.MetricsSystemImpl: JobTracker metrics system already initialized!
2024-04-23T18:53:08,425  WARN [main] mapreduce.JobResourceUploader: Hadoop command-line option parsing not performed. Implement the Tool interface and execute your application with ToolRunner to remedy this.
2024-04-23T18:53:08,429  WARN [main] mapreduce.JobResourceUploader: No job jar file set.  User classes may not be found. See Job or Job#setJar(String).
2024-04-23T18:53:08,430  INFO [main] io.CombineHiveInputFormat: Total number of paths: 1, launching 1 threads to check non-combinable ones.
2024-04-23T18:53:08,430  INFO [pool-41-thread-1] FileOperations: The path [pfile:/home/alex/Repositories/hive/ql/target/warehouse/mat1] is being parked for HiveInputFormat.getSplits
2024-04-23T18:53:08,431  INFO [main] io.HiveInputFormat: hive.io.file.readcolumn.ids = 0,1
2024-04-23T18:53:08,431  INFO [main] io.HiveInputFormat: hive.io.file.readcolumn.names = a,b
2024-04-23T18:53:08,431  INFO [main] io.HiveInputFormat: Generating splits for dirs: pfile:/home/alex/Repositories/hive/ql/target/warehouse/mat1
2024-04-23T18:53:08,432  INFO [main] orc.OrcInputFormat: getSplits started
2024-04-23T18:53:08,432  INFO [main] orc.OrcInputFormat: Context:: isAcid: true isVectorMode: false sarg: null minSplitSize: 1 maxSplitSize: 256000000 splitStrategy: HYBRID footerInSplits: false numBuckets: 0 numThreads: 10 cacheMemSize: 268435456 cacheStripeDetails: true useSoftReference: false writeIdList: default.mat1:2:9223372036854775807:: isTransactionalTable: true txnProperties: default 
2024-04-23T18:53:08,432  INFO [main] orc.OrcInputFormat: ORC pushdown predicate: null
2024-04-23T18:53:08,448  INFO [main] orc.OrcInputFormat: FooterCacheHitRatio: 0/2
2024-04-23T18:53:08,448  INFO [main] orc.OrcInputFormat: getSplits finished (#splits: 2). duration: 16 ms
2024-04-23T18:53:08,448  INFO [main] io.HiveInputFormat: number of splits 2
2024-04-23T18:53:08,448  INFO [main] io.CombineHiveInputFormat: Number of all splits 2
2024-04-23T18:53:08,465  INFO [main] mapreduce.JobSubmitter: number of splits:2
2024-04-23T18:53:08,499  INFO [main] mapreduce.JobSubmitter: Submitting tokens for job: job_local1089625893_0006
2024-04-23T18:53:08,499  INFO [main] mapreduce.JobSubmitter: Executing with tokens: []
2024-04-23T18:53:08,565  INFO [main] mapreduce.Job: The url to track the job: http://localhost:8080/
Job running in-process (local Hadoop)
2024-04-23T18:53:08,566  INFO [main] exec.Task: Job running in-process (local Hadoop)
2024-04-23T18:53:08,566  INFO [Thread-522] mapred.LocalJobRunner: OutputCommitter set in config org.apache.hadoop.hive.ql.io.HiveFileFormatUtils$NullOutputCommitter
2024-04-23T18:53:08,566  INFO [Thread-522] mapred.LocalJobRunner: OutputCommitter is org.apache.hadoop.hive.ql.io.HiveFileFormatUtils$NullOutputCommitter
2024-04-23T18:53:08,568  INFO [Thread-522] mapred.LocalJobRunner: Waiting for map tasks
2024-04-23T18:53:08,568  INFO [LocalJobRunner Map Task Executor #0] mapred.LocalJobRunner: Starting task: attempt_local1089625893_0006_m_000000_0
2024-04-23T18:53:08,569  INFO [LocalJobRunner Map Task Executor #0] mapred.Task:  Using ResourceCalculatorProcessTree : [ ]
2024-04-23T18:53:08,570  INFO [LocalJobRunner Map Task Executor #0] mapred.MapTask: Processing split: org.apache.hadoop.hive.ql.io.orc.OrcInputFormat:OrcSplit [pfile:/home/alex/Repositories/hive/ql/target/warehouse/mat1/delta_0000002_0000002_0000/bucket_00001_0, start=0, length=669, isOriginal=false, fileLength=669, hasFooter=false, hasBase=true, deltas=0]
2024-04-23T18:53:08,570  INFO [LocalJobRunner Map Task Executor #0] exec.SerializationUtilities: Deserializing MapWork using kryo
2024-04-23T18:53:08,572  INFO [LocalJobRunner Map Task Executor #0] exec.Utilities: Deserialized plan (via FILE) - name: null size: 5,24KB
2024-04-23T18:53:08,573  INFO [LocalJobRunner Map Task Executor #0] orc.OrcRawRecordMerger: min key = null, max key = null
2024-04-23T18:53:08,573  INFO [LocalJobRunner Map Task Executor #0] orc.ReaderImpl: Reading ORC rows from pfile:/home/alex/Repositories/hive/ql/target/warehouse/mat1/delta_0000002_0000002_0000/bucket_00001_0 with {include: [true, true, true], offset: 0, length: 669, schema: struct<a:int,b:int>, includeAcidColumns: true}
2024-04-23T18:53:08,574  INFO [LocalJobRunner Map Task Executor #0] orc.OrcRawRecordMerger: updated min key = null, max key = null
2024-04-23T18:53:08,574  INFO [LocalJobRunner Map Task Executor #0] mapred.MapTask: numReduceTasks: 1
2024-04-23T18:53:08,580  INFO [LocalJobRunner Map Task Executor #0] mapred.MapTask: (EQUATOR) 0 kvi 26214396(104857584)
2024-04-23T18:53:08,580  INFO [LocalJobRunner Map Task Executor #0] mapred.MapTask: mapreduce.task.io.sort.mb: 100
2024-04-23T18:53:08,580  INFO [LocalJobRunner Map Task Executor #0] mapred.MapTask: soft limit at 83886080
2024-04-23T18:53:08,580  INFO [LocalJobRunner Map Task Executor #0] mapred.MapTask: bufstart = 0; bufvoid = 104857600
2024-04-23T18:53:08,580  INFO [LocalJobRunner Map Task Executor #0] mapred.MapTask: kvstart = 26214396; length = 6553600
2024-04-23T18:53:08,580  INFO [LocalJobRunner Map Task Executor #0] mapred.MapTask: Map output collector class = org.apache.hadoop.mapred.MapTask$MapOutputBuffer
2024-04-23T18:53:08,580  INFO [LocalJobRunner Map Task Executor #0] exec.MapOperator: Initializing Operator: MAP[0]
2024-04-23T18:53:08,582  INFO [LocalJobRunner Map Task Executor #0] mr.ExecMapper: 
<MAP>Id =0
  <Children>null
  <\Children>
  <Parent><\Parent>
<\MAP>
2024-04-23T18:53:08,583  INFO [LocalJobRunner Map Task Executor #0] exec.TableScanOperator: Initializing Operator: TS[0]
2024-04-23T18:53:08,583  INFO [LocalJobRunner Map Task Executor #0] exec.SelectOperator: Initializing Operator: SEL[1]
2024-04-23T18:53:08,583  INFO [LocalJobRunner Map Task Executor #0] exec.SelectOperator: SELECT struct<a:int,b:int>
2024-04-23T18:53:08,583  INFO [LocalJobRunner Map Task Executor #0] exec.ReduceSinkOperator: Initializing Operator: RS[2]
2024-04-23T18:53:08,583  INFO [LocalJobRunner Map Task Executor #0] exec.ReduceSinkOperator: Using tag = -1
2024-04-23T18:53:08,583  INFO [LocalJobRunner Map Task Executor #0] exec.ReduceSinkOperator: keys are [reducesinkkey0] num distributions: 1
2024-04-23T18:53:08,584  INFO [LocalJobRunner Map Task Executor #0] exec.ReduceSinkOperator: RS[2]: records written - 1
2024-04-23T18:53:08,584  INFO [LocalJobRunner Map Task Executor #0] exec.MapOperator: MAP[0]: records read - 1
2024-04-23T18:53:08,584  INFO [LocalJobRunner Map Task Executor #0] exec.MapOperator: Closing Operator: MAP[0]
2024-04-23T18:53:08,584  INFO [LocalJobRunner Map Task Executor #0] exec.MapOperator: MAP[0]: Total records read - 1. abort - false
2024-04-23T18:53:08,584  INFO [LocalJobRunner Map Task Executor #0] exec.MapOperator: RECORDS_IN:1, RECORDS_OUT_INTERMEDIATE:0, DESERIALIZE_ERRORS:0, RECORDS_OUT_OPERATOR_MAP_0:0, 
2024-04-23T18:53:08,584  INFO [LocalJobRunner Map Task Executor #0] exec.TableScanOperator: Closing Operator: TS[0]
2024-04-23T18:53:08,584  INFO [LocalJobRunner Map Task Executor #0] exec.TableScanOperator: RECORDS_OUT_OPERATOR_TS_0:1, RECORDS_OUT_INTERMEDIATE:0, 
2024-04-23T18:53:08,584  INFO [LocalJobRunner Map Task Executor #0] exec.SelectOperator: Closing Operator: SEL[1]
2024-04-23T18:53:08,585  INFO [LocalJobRunner Map Task Executor #0] exec.SelectOperator: RECORDS_OUT_OPERATOR_SEL_1:1, RECORDS_OUT_INTERMEDIATE:0, 
2024-04-23T18:53:08,585  INFO [LocalJobRunner Map Task Executor #0] exec.ReduceSinkOperator: Closing Operator: RS[2]
2024-04-23T18:53:08,585  INFO [LocalJobRunner Map Task Executor #0] exec.ReduceSinkOperator: RS[2]: Total records written - 1. abort - false
2024-04-23T18:53:08,585  INFO [LocalJobRunner Map Task Executor #0] exec.ReduceSinkOperator: RECORDS_OUT_INTERMEDIATE:1, RECORDS_OUT_OPERATOR_RS_2:1, 
2024-04-23T18:53:08,585  INFO [LocalJobRunner Map Task Executor #0] mapred.LocalJobRunner: 
2024-04-23T18:53:08,585  INFO [LocalJobRunner Map Task Executor #0] mapred.MapTask: Starting flush of map output
2024-04-23T18:53:08,585  INFO [LocalJobRunner Map Task Executor #0] mapred.MapTask: Spilling map output
2024-04-23T18:53:08,585  INFO [LocalJobRunner Map Task Executor #0] mapred.MapTask: bufstart = 0; bufend = 16; bufvoid = 104857600
2024-04-23T18:53:08,585  INFO [LocalJobRunner Map Task Executor #0] mapred.MapTask: kvstart = 26214396(104857584); kvend = 26214396(104857584); length = 1/6553600
2024-04-23T18:53:08,599  INFO [LocalJobRunner Map Task Executor #0] mapred.MapTask: Finished spill 0
2024-04-23T18:53:08,607  INFO [LocalJobRunner Map Task Executor #0] mapred.Task: Task:attempt_local1089625893_0006_m_000000_0 is done. And is in the process of committing
2024-04-23T18:53:08,608  INFO [LocalJobRunner Map Task Executor #0] mapred.LocalJobRunner: OrcSplit [pfile:/home/alex/Repositories/hive/ql/target/warehouse/mat1/delta_0000002_0000002_0000/bucket_00001_0, start=0, length=669, isOriginal=false, fileLength=669, hasFooter=false, hasBase=true, deltas=0]
2024-04-23T18:53:08,608  INFO [LocalJobRunner Map Task Executor #0] mapred.Task: Task 'attempt_local1089625893_0006_m_000000_0' done.
2024-04-23T18:53:08,609  INFO [LocalJobRunner Map Task Executor #0] mapred.Task: Final Counters for attempt_local1089625893_0006_m_000000_0: Counters: 24
	File System Counters
		FILE: Number of bytes read=131017
		FILE: Number of bytes written=6949639
		FILE: Number of read operations=0
		FILE: Number of large read operations=0
		FILE: Number of write operations=0
	Map-Reduce Framework
		Map input records=1
		Map output records=1
		Map output bytes=16
		Map output materialized bytes=24
		Input split bytes=370
		Combine input records=0
		Spilled Records=1
		Failed Shuffles=0
		Merged Map outputs=0
		GC time elapsed (ms)=0
		Total committed heap usage (bytes)=1020264448
	HIVE
		DESERIALIZE_ERRORS=0
		RECORDS_IN=1
		RECORDS_OUT_INTERMEDIATE=1
		RECORDS_OUT_OPERATOR_MAP_0=0
		RECORDS_OUT_OPERATOR_RS_2=1
		RECORDS_OUT_OPERATOR_SEL_1=1
		RECORDS_OUT_OPERATOR_TS_0=1
	File Input Format Counters 
		Bytes Read=0
2024-04-23T18:53:08,609  INFO [LocalJobRunner Map Task Executor #0] mapred.LocalJobRunner: Finishing task: attempt_local1089625893_0006_m_000000_0
2024-04-23T18:53:08,609  INFO [LocalJobRunner Map Task Executor #0] mapred.LocalJobRunner: Starting task: attempt_local1089625893_0006_m_000001_0
2024-04-23T18:53:08,610  INFO [LocalJobRunner Map Task Executor #0] mapred.Task:  Using ResourceCalculatorProcessTree : [ ]
2024-04-23T18:53:08,612  INFO [LocalJobRunner Map Task Executor #0] mapred.MapTask: Processing split: org.apache.hadoop.hive.ql.io.orc.OrcInputFormat:OrcSplit [pfile:/home/alex/Repositories/hive/ql/target/warehouse/mat1/delta_0000001_0000001_0000/bucket_00000, start=0, length=663, isOriginal=false, fileLength=663, hasFooter=false, hasBase=true, deltas=0]
2024-04-23T18:53:08,613  INFO [LocalJobRunner Map Task Executor #0] exec.SerializationUtilities: Deserializing MapWork using kryo
2024-04-23T18:53:08,622  INFO [LocalJobRunner Map Task Executor #0] exec.Utilities: Deserialized plan (via FILE) - name: null size: 5,24KB
2024-04-23T18:53:08,625  INFO [LocalJobRunner Map Task Executor #0] orc.OrcRawRecordMerger: min key = null, max key = null
2024-04-23T18:53:08,625  INFO [LocalJobRunner Map Task Executor #0] orc.ReaderImpl: Reading ORC rows from pfile:/home/alex/Repositories/hive/ql/target/warehouse/mat1/delta_0000001_0000001_0000/bucket_00000 with {include: [true, true, true], offset: 0, length: 663, schema: struct<a:int,b:int>, includeAcidColumns: true}
2024-04-23T18:53:08,627  INFO [LocalJobRunner Map Task Executor #0] orc.OrcRawRecordMerger: updated min key = null, max key = null
2024-04-23T18:53:08,628  INFO [LocalJobRunner Map Task Executor #0] mapred.MapTask: numReduceTasks: 1
2024-04-23T18:53:08,635  INFO [LocalJobRunner Map Task Executor #0] mapred.MapTask: (EQUATOR) 0 kvi 26214396(104857584)
2024-04-23T18:53:08,635  INFO [LocalJobRunner Map Task Executor #0] mapred.MapTask: mapreduce.task.io.sort.mb: 100
2024-04-23T18:53:08,635  INFO [LocalJobRunner Map Task Executor #0] mapred.MapTask: soft limit at 83886080
2024-04-23T18:53:08,635  INFO [LocalJobRunner Map Task Executor #0] mapred.MapTask: bufstart = 0; bufvoid = 104857600
2024-04-23T18:53:08,635  INFO [LocalJobRunner Map Task Executor #0] mapred.MapTask: kvstart = 26214396; length = 6553600
2024-04-23T18:53:08,636  INFO [LocalJobRunner Map Task Executor #0] mapred.MapTask: Map output collector class = org.apache.hadoop.mapred.MapTask$MapOutputBuffer
2024-04-23T18:53:08,636  INFO [LocalJobRunner Map Task Executor #0] exec.MapOperator: Initializing Operator: MAP[0]
2024-04-23T18:53:08,638  INFO [LocalJobRunner Map Task Executor #0] mr.ExecMapper: 
<MAP>Id =0
  <Children>null
  <\Children>
  <Parent><\Parent>
<\MAP>
2024-04-23T18:53:08,639  INFO [LocalJobRunner Map Task Executor #0] exec.TableScanOperator: Initializing Operator: TS[0]
2024-04-23T18:53:08,639  INFO [LocalJobRunner Map Task Executor #0] exec.SelectOperator: Initializing Operator: SEL[1]
2024-04-23T18:53:08,639  INFO [LocalJobRunner Map Task Executor #0] exec.SelectOperator: SELECT struct<a:int,b:int>
2024-04-23T18:53:08,639  INFO [LocalJobRunner Map Task Executor #0] exec.ReduceSinkOperator: Initializing Operator: RS[2]
2024-04-23T18:53:08,639  INFO [LocalJobRunner Map Task Executor #0] exec.ReduceSinkOperator: Using tag = -1
2024-04-23T18:53:08,640  INFO [LocalJobRunner Map Task Executor #0] exec.ReduceSinkOperator: keys are [reducesinkkey0] num distributions: 1
2024-04-23T18:53:08,640  INFO [LocalJobRunner Map Task Executor #0] exec.ReduceSinkOperator: RS[2]: records written - 1
2024-04-23T18:53:08,640  INFO [LocalJobRunner Map Task Executor #0] exec.MapOperator: MAP[0]: records read - 1
2024-04-23T18:53:08,640  INFO [LocalJobRunner Map Task Executor #0] exec.MapOperator: Closing Operator: MAP[0]
2024-04-23T18:53:08,640  INFO [LocalJobRunner Map Task Executor #0] exec.MapOperator: MAP[0]: Total records read - 1. abort - false
2024-04-23T18:53:08,640  INFO [LocalJobRunner Map Task Executor #0] exec.MapOperator: DESERIALIZE_ERRORS:0, RECORDS_OUT_OPERATOR_MAP_0:0, RECORDS_IN:1, RECORDS_OUT_INTERMEDIATE:0, 
2024-04-23T18:53:08,640  INFO [LocalJobRunner Map Task Executor #0] exec.TableScanOperator: Closing Operator: TS[0]
2024-04-23T18:53:08,640  INFO [LocalJobRunner Map Task Executor #0] exec.TableScanOperator: RECORDS_OUT_OPERATOR_TS_0:1, RECORDS_OUT_INTERMEDIATE:0, 
2024-04-23T18:53:08,641  INFO [LocalJobRunner Map Task Executor #0] exec.SelectOperator: Closing Operator: SEL[1]
2024-04-23T18:53:08,641  INFO [LocalJobRunner Map Task Executor #0] exec.SelectOperator: RECORDS_OUT_INTERMEDIATE:0, RECORDS_OUT_OPERATOR_SEL_1:1, 
2024-04-23T18:53:08,641  INFO [LocalJobRunner Map Task Executor #0] exec.ReduceSinkOperator: Closing Operator: RS[2]
2024-04-23T18:53:08,641  INFO [LocalJobRunner Map Task Executor #0] exec.ReduceSinkOperator: RS[2]: Total records written - 1. abort - false
2024-04-23T18:53:08,641  INFO [LocalJobRunner Map Task Executor #0] exec.ReduceSinkOperator: RECORDS_OUT_OPERATOR_RS_2:1, RECORDS_OUT_INTERMEDIATE:1, 
2024-04-23T18:53:08,641  INFO [LocalJobRunner Map Task Executor #0] mapred.LocalJobRunner: 
2024-04-23T18:53:08,642  INFO [LocalJobRunner Map Task Executor #0] mapred.MapTask: Starting flush of map output
2024-04-23T18:53:08,642  INFO [LocalJobRunner Map Task Executor #0] mapred.MapTask: Spilling map output
2024-04-23T18:53:08,642  INFO [LocalJobRunner Map Task Executor #0] mapred.MapTask: bufstart = 0; bufend = 16; bufvoid = 104857600
2024-04-23T18:53:08,642  INFO [LocalJobRunner Map Task Executor #0] mapred.MapTask: kvstart = 26214396(104857584); kvend = 26214396(104857584); length = 1/6553600
2024-04-23T18:53:08,650  INFO [LocalJobRunner Map Task Executor #0] mapred.MapTask: Finished spill 0
2024-04-23T18:53:08,653  INFO [LocalJobRunner Map Task Executor #0] mapred.Task: Task:attempt_local1089625893_0006_m_000001_0 is done. And is in the process of committing
2024-04-23T18:53:08,654  INFO [LocalJobRunner Map Task Executor #0] mapred.LocalJobRunner: OrcSplit [pfile:/home/alex/Repositories/hive/ql/target/warehouse/mat1/delta_0000001_0000001_0000/bucket_00000, start=0, length=663, isOriginal=false, fileLength=663, hasFooter=false, hasBase=true, deltas=0]
2024-04-23T18:53:08,654  INFO [LocalJobRunner Map Task Executor #0] mapred.Task: Task 'attempt_local1089625893_0006_m_000001_0' done.
2024-04-23T18:53:08,655  INFO [LocalJobRunner Map Task Executor #0] mapred.Task: Final Counters for attempt_local1089625893_0006_m_000001_0: Counters: 24
	File System Counters
		FILE: Number of bytes read=139807
		FILE: Number of bytes written=6949695
		FILE: Number of read operations=0
		FILE: Number of large read operations=0
		FILE: Number of write operations=0
	Map-Reduce Framework
		Map input records=1
		Map output records=1
		Map output bytes=16
		Map output materialized bytes=24
		Input split bytes=368
		Combine input records=0
		Spilled Records=1
		Failed Shuffles=0
		Merged Map outputs=0
		GC time elapsed (ms)=0
		Total committed heap usage (bytes)=1020264448
	HIVE
		DESERIALIZE_ERRORS=0
		RECORDS_IN=1
		RECORDS_OUT_INTERMEDIATE=1
		RECORDS_OUT_OPERATOR_MAP_0=0
		RECORDS_OUT_OPERATOR_RS_2=1
		RECORDS_OUT_OPERATOR_SEL_1=1
		RECORDS_OUT_OPERATOR_TS_0=1
	File Input Format Counters 
		Bytes Read=0
2024-04-23T18:53:08,655  INFO [LocalJobRunner Map Task Executor #0] mapred.LocalJobRunner: Finishing task: attempt_local1089625893_0006_m_000001_0
2024-04-23T18:53:08,655  INFO [Thread-522] mapred.LocalJobRunner: map task executor complete.
2024-04-23T18:53:08,656  INFO [Thread-522] mapred.LocalJobRunner: Waiting for reduce tasks
2024-04-23T18:53:08,656  INFO [pool-44-thread-1] mapred.LocalJobRunner: Starting task: attempt_local1089625893_0006_r_000000_0
2024-04-23T18:53:08,657  INFO [pool-44-thread-1] mapred.Task:  Using ResourceCalculatorProcessTree : [ ]
2024-04-23T18:53:08,657  INFO [pool-44-thread-1] mapred.ReduceTask: Using ShuffleConsumerPlugin: org.apache.hadoop.mapreduce.task.reduce.Shuffle@733f9ebe
2024-04-23T18:53:08,657  WARN [pool-44-thread-1] impl.MetricsSystemImpl: JobTracker metrics system already initialized!
2024-04-23T18:53:08,658  INFO [pool-44-thread-1] reduce.MergeManagerImpl: MergerManager: memoryLimit=1336252800, maxSingleShuffleLimit=334063200, mergeThreshold=881926912, ioSortFactor=10, memToMemMergeOutputsThreshold=10
2024-04-23T18:53:08,658  INFO [EventFetcher for fetching Map Completion Events] reduce.EventFetcher: attempt_local1089625893_0006_r_000000_0 Thread started: EventFetcher for fetching Map Completion Events
2024-04-23T18:53:08,659  INFO [localfetcher#6] reduce.LocalFetcher: localfetcher#6 about to shuffle output of map attempt_local1089625893_0006_m_000001_0 decomp: 20 len: 24 to MEMORY
2024-04-23T18:53:08,660  INFO [localfetcher#6] reduce.InMemoryMapOutput: Read 20 bytes from map-output for attempt_local1089625893_0006_m_000001_0
2024-04-23T18:53:08,660  INFO [localfetcher#6] reduce.MergeManagerImpl: closeInMemoryFile -> map-output of size: 20, inMemoryMapOutputs.size() -> 1, commitMemory -> 0, usedMemory ->20
2024-04-23T18:53:08,662  INFO [localfetcher#6] reduce.LocalFetcher: localfetcher#6 about to shuffle output of map attempt_local1089625893_0006_m_000000_0 decomp: 20 len: 24 to MEMORY
2024-04-23T18:53:08,662  INFO [localfetcher#6] reduce.InMemoryMapOutput: Read 20 bytes from map-output for attempt_local1089625893_0006_m_000000_0
2024-04-23T18:53:08,662  INFO [localfetcher#6] reduce.MergeManagerImpl: closeInMemoryFile -> map-output of size: 20, inMemoryMapOutputs.size() -> 2, commitMemory -> 20, usedMemory ->40
2024-04-23T18:53:08,662  INFO [EventFetcher for fetching Map Completion Events] reduce.EventFetcher: EventFetcher is interrupted.. Returning
2024-04-23T18:53:08,663  INFO [pool-44-thread-1] mapred.LocalJobRunner: 2 / 2 copied.
2024-04-23T18:53:08,663  INFO [pool-44-thread-1] reduce.MergeManagerImpl: finalMerge called with 2 in-memory map-outputs and 0 on-disk map-outputs
2024-04-23T18:53:08,669  INFO [pool-44-thread-1] mapred.Merger: Merging 2 sorted segments
2024-04-23T18:53:08,669  INFO [pool-44-thread-1] mapred.Merger: Down to the last merge-pass, with 2 segments left of total size: 16 bytes
2024-04-23T18:53:08,672  INFO [pool-44-thread-1] reduce.MergeManagerImpl: Merged 2 segments, 40 bytes to disk to satisfy reduce memory limit
2024-04-23T18:53:08,672  INFO [pool-44-thread-1] reduce.MergeManagerImpl: Merging 1 files, 42 bytes from disk
2024-04-23T18:53:08,672  INFO [pool-44-thread-1] reduce.MergeManagerImpl: Merging 0 segments, 0 bytes from memory into reduce
2024-04-23T18:53:08,672  INFO [pool-44-thread-1] mapred.Merger: Merging 1 sorted segments
2024-04-23T18:53:08,672  INFO [pool-44-thread-1] mapred.Merger: Down to the last merge-pass, with 1 segments left of total size: 26 bytes
2024-04-23T18:53:08,672  INFO [pool-44-thread-1] mapred.LocalJobRunner: 2 / 2 copied.
2024-04-23T18:53:08,673  INFO [pool-44-thread-1] exec.SerializationUtilities: Deserializing ReduceWork using kryo
2024-04-23T18:53:08,673  INFO [pool-44-thread-1] exec.Utilities: Deserialized plan (via FILE) - name: null size: 6,28KB
2024-04-23T18:53:08,674  INFO [pool-44-thread-1] ExecReducer: 
<SEL>Id =3
  <Children>
    <FS>Id =4
      <Children>
      <\Children>
      <Parent>Id = 3 null<\Parent>
    <\FS>
  <\Children>
  <Parent><\Parent>
<\SEL>
2024-04-23T18:53:08,674  INFO [pool-44-thread-1] exec.SelectOperator: Initializing Operator: SEL[3]
2024-04-23T18:53:08,674  INFO [pool-44-thread-1] exec.SelectOperator: SELECT struct<key:struct<reducesinkkey0:int>,value:struct<_col0:int>>
2024-04-23T18:53:08,675  INFO [pool-44-thread-1] exec.FileSinkOperator: Initializing Operator: FS[4]
2024-04-23T18:53:08,675  INFO [pool-44-thread-1] exec.FileSinkOperator: Using serializer : class org.apache.hadoop.hive.serde2.lazy.LazySimpleSerDe [serdeParams=org.apache.hadoop.hive.serde2.lazy.LazySerDeParameters@3c6d544e, cachedObjectInspector=org.apache.hadoop.hive.serde2.lazy.objectinspector.LazySimpleStructObjectInspector<org.apache.hadoop.hive.serde2.lazy.objectinspector.primitive.LazyIntObjectInspector@72d7afff,org.apache.hadoop.hive.serde2.lazy.objectinspector.primitive.LazyIntObjectInspector@72d7afff>, serializedSize=0, stats=org.apache.hadoop.hive.serde2.SerDeStats@6b09d4b1, lastOperationSerialize=false, lastOperationDeserialize=false [1, 2, 3, 4, 5, 6, 7, 8, 11, 14, 15, 16, 17, 18, 19, 20, 21, 22, 23, 24, 25, 26, 28, 29, 30, 31, -128, -127, -126, -125, -124, -123, -122, -121, -120, -119, -118, -117, -116, -115, -114, -113, -112, -111, -110, -109, -108, -107, -106, -105, -104, -103, -102, -101, -100, -99, -98, -97, -96, -95, -94, -93, -92, -91, -90, -89, -88, -87, -86, -85, -84, -83, -82, -81, -80, -79, -78, -77, -76, -75, -74, -73, -72, -71, -70, -69, -68, -67, -66, -65, -64, -63, -62, -61, -60, -59, -58, -57, -56, -55, -54, -53, -52, -51, -50, -49, -48, -47, -46, -45, -44, -43, -42, -41, -40, -39, -38, -37, -36, -35, -34, -33, -32, -31, -30, -29, -28, -27, -26, -25, -24, -23, -22, -21, -20, -19, -18, -17, -16, -15, -14, -13, -12, -11, -10, -9, -8, -7, -6, -5, -4, -3, -2, -1] : [_col0, _col1] : [int, int]] and formatter : org.apache.hadoop.hive.ql.io.HiveSequenceFileOutputFormat@7c7786cd
2024-04-23T18:53:08,676  INFO [pool-44-thread-1] exec.FileSinkOperator: Final Path: FS file:/home/alex/Repositories/hive/ql/target/tmp/localscratchdir/a8c1c011-dbf2-4556-9828-3c682b932083/hive_2024-04-23_18-53-07_818_6416350064602510915-1/-mr-10001/.hive-staging_hive_2024-04-23_18-53-07_818_6416350064602510915-1/_tmp.-ext-10002/000000_0
2024-04-23T18:53:08,676  INFO [pool-44-thread-1] exec.FileSinkOperator: Writing to temp file: FS file:/home/alex/Repositories/hive/ql/target/tmp/localscratchdir/a8c1c011-dbf2-4556-9828-3c682b932083/hive_2024-04-23_18-53-07_818_6416350064602510915-1/-mr-10001/.hive-staging_hive_2024-04-23_18-53-07_818_6416350064602510915-1/_task_tmp.-ext-10002/_tmp.000000_0
2024-04-23T18:53:08,676  INFO [pool-44-thread-1] exec.FileSinkOperator: New Final Path: FS file:/home/alex/Repositories/hive/ql/target/tmp/localscratchdir/a8c1c011-dbf2-4556-9828-3c682b932083/hive_2024-04-23_18-53-07_818_6416350064602510915-1/-mr-10001/.hive-staging_hive_2024-04-23_18-53-07_818_6416350064602510915-1/_tmp.-ext-10002/000000_0
2024-04-23T18:53:08,684  INFO [pool-44-thread-1] exec.FileSinkOperator: FS[4]: records written - 1
2024-04-23T18:53:08,684  INFO [pool-44-thread-1] exec.SelectOperator: Closing Operator: SEL[3]
2024-04-23T18:53:08,684  INFO [pool-44-thread-1] exec.SelectOperator: RECORDS_OUT_INTERMEDIATE:0, RECORDS_OUT_OPERATOR_SEL_3:2, 
2024-04-23T18:53:08,684  INFO [pool-44-thread-1] exec.FileSinkOperator: Closing Operator: FS[4]
2024-04-23T18:53:08,685  INFO [pool-44-thread-1] exec.FileSinkOperator: FS[4]: records written - 2
2024-04-23T18:53:08,685  INFO [pool-44-thread-1] exec.FileSinkOperator: RECORDS_OUT_OPERATOR_FS_4:2, RECORDS_OUT_0:2, RECORDS_OUT_INTERMEDIATE:0, 
2024-04-23T18:53:08,685  INFO [pool-44-thread-1] mapred.Task: Task:attempt_local1089625893_0006_r_000000_0 is done. And is in the process of committing
2024-04-23T18:53:08,686  INFO [pool-44-thread-1] mapred.LocalJobRunner: reduce > reduce
2024-04-23T18:53:08,686  INFO [pool-44-thread-1] mapred.Task: Task 'attempt_local1089625893_0006_r_000000_0' done.
2024-04-23T18:53:08,686  INFO [pool-44-thread-1] mapred.Task: Final Counters for attempt_local1089625893_0006_r_000000_0: Counters: 29
	File System Counters
		FILE: Number of bytes read=146307
		FILE: Number of bytes written=6949868
		FILE: Number of read operations=0
		FILE: Number of large read operations=0
		FILE: Number of write operations=0
	Map-Reduce Framework
		Combine input records=0
		Combine output records=0
		Reduce input groups=2
		Reduce shuffle bytes=48
		Reduce input records=2
		Reduce output records=0
		Spilled Records=2
		Shuffled Maps =2
		Failed Shuffles=0
		Merged Map outputs=2
		GC time elapsed (ms)=0
		Total committed heap usage (bytes)=1020264448
	HIVE
		CREATED_FILES=1
		RECORDS_OUT_0=2
		RECORDS_OUT_INTERMEDIATE=0
		RECORDS_OUT_OPERATOR_FS_4=2
		RECORDS_OUT_OPERATOR_SEL_3=2
	Shuffle Errors
		BAD_ID=0
		CONNECTION=0
		IO_ERROR=0
		WRONG_LENGTH=0
		WRONG_MAP=0
		WRONG_REDUCE=0
	File Output Format Counters 
		Bytes Written=0
2024-04-23T18:53:08,686  INFO [pool-44-thread-1] mapred.LocalJobRunner: Finishing task: attempt_local1089625893_0006_r_000000_0
2024-04-23T18:53:08,686  INFO [Thread-522] mapred.LocalJobRunner: reduce task executor complete.
2024-04-23 18:53:09,574 Stage-1 map = 100%,  reduce = 100%
2024-04-23T18:53:09,574  INFO [main] exec.Task: 2024-04-23 18:53:09,574 Stage-1 map = 100%,  reduce = 100%
Ended Job = job_local1089625893_0006
2024-04-23T18:53:09,579  INFO [main] exec.Task: Ended Job = job_local1089625893_0006
POSTHOOK: query: select * from mat1 order by a
2024-04-23T18:53:09,581  INFO [main] SessionState: POSTHOOK: query: select * from mat1 order by a
POSTHOOK: type: QUERY
2024-04-23T18:53:09,581  INFO [main] SessionState: POSTHOOK: type: QUERY
POSTHOOK: Input: default@mat1
2024-04-23T18:53:09,581  INFO [main] SessionState: POSTHOOK: Input: default@mat1
POSTHOOK: Output: file:/home/alex/Repositories/hive/ql/target/tmp/localscratchdir/a8c1c011-dbf2-4556-9828-3c682b932083/hive_2024-04-23_18-53-07_818_6416350064602510915-1/-mr-10001
2024-04-23T18:53:09,581  INFO [main] SessionState: POSTHOOK: Output: file:/home/alex/Repositories/hive/ql/target/tmp/localscratchdir/a8c1c011-dbf2-4556-9828-3c682b932083/hive_2024-04-23_18-53-07_818_6416350064602510915-1/-mr-10001
POSTHOOK: Lineage: mat1.a SIMPLE [(t1)t1.FieldSchema(name:a, type:int, comment:null), ]
2024-04-23T18:53:09,581  INFO [main] SessionState: POSTHOOK: Lineage: mat1.a SIMPLE [(t1)t1.FieldSchema(name:a, type:int, comment:null), ]
POSTHOOK: Lineage: mat1.a SIMPLE [(t1)t1.FieldSchema(name:a, type:int, comment:null), ]
2024-04-23T18:53:09,581  INFO [main] SessionState: POSTHOOK: Lineage: mat1.a SIMPLE [(t1)t1.FieldSchema(name:a, type:int, comment:null), ]
POSTHOOK: Lineage: mat1.b SIMPLE [(t1)t1.FieldSchema(name:b, type:int, comment:null), ]
2024-04-23T18:53:09,581  INFO [main] SessionState: POSTHOOK: Lineage: mat1.b SIMPLE [(t1)t1.FieldSchema(name:b, type:int, comment:null), ]
POSTHOOK: Lineage: mat1.b SIMPLE [(t1)t1.FieldSchema(name:b, type:int, comment:null), ]
2024-04-23T18:53:09,581  INFO [main] SessionState: POSTHOOK: Lineage: mat1.b SIMPLE [(t1)t1.FieldSchema(name:b, type:int, comment:null), ]
POSTHOOK: Lineage: t1.a SCRIPT []
2024-04-23T18:53:09,581  INFO [main] SessionState: POSTHOOK: Lineage: t1.a SCRIPT []
POSTHOOK: Lineage: t1.a SCRIPT []
2024-04-23T18:53:09,582  INFO [main] SessionState: POSTHOOK: Lineage: t1.a SCRIPT []
POSTHOOK: Lineage: t1.b SCRIPT []
2024-04-23T18:53:09,582  INFO [main] SessionState: POSTHOOK: Lineage: t1.b SCRIPT []
POSTHOOK: Lineage: t1.b SCRIPT []
2024-04-23T18:53:09,582  INFO [main] SessionState: POSTHOOK: Lineage: t1.b SCRIPT []
2024-04-23T18:53:09,582  INFO [main] metadata.Hive: Dumping metastore api call timing information for : execution phase
2024-04-23T18:53:09,582  INFO [main] metadata.Hive: Total time spent in each metastore function (ms): {}
MapReduce Jobs Launched: 
2024-04-23T18:53:09,582  INFO [main] ql.Driver: MapReduce Jobs Launched: 
Stage-Stage-1:  HDFS Read: 0 HDFS Write: 0 SUCCESS
2024-04-23T18:53:09,582  INFO [main] ql.Driver: Stage-Stage-1:  HDFS Read: 0 HDFS Write: 0 SUCCESS
Total MapReduce CPU Time Spent: 0 msec
2024-04-23T18:53:09,582  INFO [main] ql.Driver: Total MapReduce CPU Time Spent: 0 msec
2024-04-23T18:53:09,582  INFO [main] ql.Driver: Completed executing command(queryId=alex_20240423185307_07422c41-a5f9-4695-a6a3-e4e36faf3143); Time taken: 1.331 seconds
2024-04-23T18:53:09,582  INFO [main] lockmgr.DbTxnManager: Stopped heartbeat for query: alex_20240423185307_07422c41-a5f9-4695-a6a3-e4e36faf3143
2024-04-23T18:53:09,588  INFO [main] txn.TxnHandler: Expected to move at least one record from txn_components to completed_txn_components when committing txn! txnid:8
2024-04-23T18:53:09,596  INFO [main] txn.TxnHandler: Removed transactions: ([8]) from MIN_HISTORY_LEVEL
2024-04-23T18:53:09,596  WARN [main] txn.CompactionTxnHandler: No compaction queue record found for Compaction type transaction commit. txnId:8
2024-04-23T18:53:09,601  INFO [main] mapred.FileInputFormat: Total input files to process : 1
2024-04-23T18:53:09,601  INFO [main] exec.ListSinkOperator: Closing Operator: LIST_SINK[5]
2024-04-23T18:53:09,602  INFO [main] exec.ListSinkOperator: RECORDS_OUT_OPERATOR_LIST_SINK_5:2, RECORDS_OUT_INTERMEDIATE:0, 
2024-04-23T18:53:09,602  INFO [main] lockmgr.DbTxnManager: Setting lock request transaction to txnid:6 for queryId=alex_20240423185304_82e97f1c-75ca-4b39-8487-a39fc7846dd7
2024-04-23T18:53:09,602  INFO [main] lockmgr.DbLockManager: Requesting lock for queryId=alex_20240423185304_82e97f1c-75ca-4b39-8487-a39fc7846dd7
2024-04-23T18:53:09,627  INFO [main] lockmgr.DbLockManager: Response to queryId=alex_20240423185304_82e97f1c-75ca-4b39-8487-a39fc7846dd7 LockResponse(lockid:7, state:ACQUIRED)
2024-04-23T18:53:09,627  INFO [main] ql.Driver: Operation QUERY obtained 1 locks
2024-04-23T18:53:09,628  INFO [main] ql.Driver: Executing command(queryId=alex_20240423185304_82e97f1c-75ca-4b39-8487-a39fc7846dd7): delete from t1 where a = 2
PREHOOK: query: delete from t1 where a = 2
2024-04-23T18:53:09,628  INFO [main] SessionState: PREHOOK: query: delete from t1 where a = 2
PREHOOK: type: QUERY
2024-04-23T18:53:09,628  INFO [main] SessionState: PREHOOK: type: QUERY
PREHOOK: Input: default@t1
2024-04-23T18:53:09,628  INFO [main] SessionState: PREHOOK: Input: default@t1
PREHOOK: Output: default@t1
2024-04-23T18:53:09,628  INFO [main] SessionState: PREHOOK: Output: default@t1
2024-04-23T18:53:09,629  WARN [main] ql.Driver: Hive-on-MR is deprecated in Hive 2 and may not be available in the future versions. Consider using a different execution engine (i.e. tez, spark) or using Hive 1.X releases.
Query ID = alex_20240423185304_82e97f1c-75ca-4b39-8487-a39fc7846dd7
2024-04-23T18:53:09,629  INFO [main] ql.Driver: Query ID = alex_20240423185304_82e97f1c-75ca-4b39-8487-a39fc7846dd7
Total jobs = 1
2024-04-23T18:53:09,629  INFO [main] ql.Driver: Total jobs = 1
Launching Job 1 out of 1
2024-04-23T18:53:09,629  INFO [main] ql.Driver: Launching Job 1 out of 1
2024-04-23T18:53:09,756  INFO [main] ql.Driver: Starting task [Stage-1:MAPRED] in serial mode
2024-04-23T18:53:09,756  INFO [main] exec.Utilities: Not using thread pool for getContentSummary
2024-04-23T18:53:09,790  INFO [main] exec.Utilities: BytesPerReducer=256000000 maxReducers=1009 totalInputFileSize=1352
Number of reduce tasks not specified. Estimated from input data size: 1
2024-04-23T18:53:09,790  INFO [main] exec.Task: Number of reduce tasks not specified. Estimated from input data size: 1
In order to change the average load for a reducer (in bytes):
2024-04-23T18:53:09,790  INFO [main] exec.Task: In order to change the average load for a reducer (in bytes):
  set hive.exec.reducers.bytes.per.reducer=<number>
2024-04-23T18:53:09,790  INFO [main] exec.Task:   set hive.exec.reducers.bytes.per.reducer=<number>
In order to limit the maximum number of reducers:
2024-04-23T18:53:09,790  INFO [main] exec.Task: In order to limit the maximum number of reducers:
  set hive.exec.reducers.max=<number>
2024-04-23T18:53:09,790  INFO [main] exec.Task:   set hive.exec.reducers.max=<number>
In order to set a constant number of reducers:
2024-04-23T18:53:09,790  INFO [main] exec.Task: In order to set a constant number of reducers:
  set mapreduce.job.reduces=<number>
2024-04-23T18:53:09,790  INFO [main] exec.Task:   set mapreduce.job.reduces=<number>
2024-04-23T18:53:09,795  INFO [main] mr.ExecDriver: Using org.apache.hadoop.hive.ql.io.CombineHiveInputFormat
2024-04-23T18:53:09,795  INFO [main] exec.Utilities: Processing alias t1
2024-04-23T18:53:09,795  INFO [main] exec.Utilities: Adding 1 inputs; the first input is pfile:/home/alex/Repositories/hive/ql/target/warehouse/t1
2024-04-23T18:53:09,803  INFO [main] exec.SerializationUtilities: Serializing MapWork using kryo
2024-04-23T18:53:09,806  INFO [main] exec.Utilities: Serialized plan (via FILE) - name: null size: 4,96KB
2024-04-23T18:53:09,810  INFO [main] exec.SerializationUtilities: Serializing ReduceWork using kryo
2024-04-23T18:53:09,811  INFO [main] exec.Utilities: Serialized plan (via FILE) - name: null size: 5,40KB
2024-04-23T18:53:09,812  WARN [main] impl.MetricsSystemImpl: JobTracker metrics system already initialized!
2024-04-23T18:53:09,816  INFO [main] fs.FSStatsPublisher: created : pfile:/home/alex/Repositories/hive/ql/target/warehouse/t1/.hive-staging_hive_2024-04-23_18-53-04_476_2940857471560978806-1/-ext-10000
2024-04-23T18:53:09,818  WARN [main] impl.MetricsSystemImpl: JobTracker metrics system already initialized!
2024-04-23T18:53:09,824  WARN [main] mapreduce.JobResourceUploader: Hadoop command-line option parsing not performed. Implement the Tool interface and execute your application with ToolRunner to remedy this.
2024-04-23T18:53:09,829  WARN [main] mapreduce.JobResourceUploader: No job jar file set.  User classes may not be found. See Job or Job#setJar(String).
2024-04-23T18:53:09,830  INFO [main] io.CombineHiveInputFormat: Total number of paths: 1, launching 1 threads to check non-combinable ones.
2024-04-23T18:53:09,830  INFO [pool-45-thread-1] FileOperations: The path [pfile:/home/alex/Repositories/hive/ql/target/warehouse/t1] is being parked for HiveInputFormat.getSplits
2024-04-23T18:53:09,831  INFO [main] io.HiveInputFormat: hive.io.file.readcolumn.ids = 0
2024-04-23T18:53:09,831  INFO [main] io.HiveInputFormat: hive.io.file.readcolumn.names = a
2024-04-23T18:53:09,831  INFO [main] io.HiveInputFormat: Generating splits for dirs: pfile:/home/alex/Repositories/hive/ql/target/warehouse/t1
2024-04-23T18:53:09,832  INFO [main] orc.OrcInputFormat: getSplits started
2024-04-23T18:53:09,832  INFO [main] orc.OrcInputFormat: Context:: isAcid: true isVectorMode: false sarg: leaf-(EQUALS a 2) minSplitSize: 1 maxSplitSize: 256000000 splitStrategy: HYBRID footerInSplits: false numBuckets: 0 numThreads: 10 cacheMemSize: 268435456 cacheStripeDetails: true useSoftReference: false writeIdList: default.t1:3:9223372036854775807:: isTransactionalTable: true txnProperties: default 
2024-04-23T18:53:09,833  INFO [main] orc.OrcInputFormat: ORC pushdown predicate: leaf-(EQUALS a 2)
2024-04-23T18:53:09,855  INFO [main] orc.OrcInputFormat: FooterCacheHitRatio: 0/2
2024-04-23T18:53:09,855  INFO [main] orc.OrcInputFormat: getSplits finished (#splits: 2). duration: 23 ms
2024-04-23T18:53:09,855  INFO [main] io.HiveInputFormat: number of splits 2
2024-04-23T18:53:09,855  INFO [main] io.CombineHiveInputFormat: Number of all splits 2
2024-04-23T18:53:09,874  INFO [main] mapreduce.JobSubmitter: number of splits:2
2024-04-23T18:53:09,895  INFO [main] mapreduce.JobSubmitter: Submitting tokens for job: job_local470374152_0007
2024-04-23T18:53:09,895  INFO [main] mapreduce.JobSubmitter: Executing with tokens: []
2024-04-23T18:53:09,959  INFO [main] mapreduce.Job: The url to track the job: http://localhost:8080/
Job running in-process (local Hadoop)
2024-04-23T18:53:09,960  INFO [main] exec.Task: Job running in-process (local Hadoop)
2024-04-23T18:53:09,960  INFO [Thread-591] mapred.LocalJobRunner: OutputCommitter set in config org.apache.hadoop.hive.ql.io.HiveFileFormatUtils$NullOutputCommitter
2024-04-23T18:53:09,960  INFO [Thread-591] mapred.LocalJobRunner: OutputCommitter is org.apache.hadoop.hive.ql.io.HiveFileFormatUtils$NullOutputCommitter
2024-04-23T18:53:09,961  INFO [Thread-591] mapred.LocalJobRunner: Waiting for map tasks
2024-04-23T18:53:09,962  INFO [LocalJobRunner Map Task Executor #0] mapred.LocalJobRunner: Starting task: attempt_local470374152_0007_m_000000_0
2024-04-23T18:53:09,962  INFO [LocalJobRunner Map Task Executor #0] mapred.Task:  Using ResourceCalculatorProcessTree : [ ]
2024-04-23T18:53:09,963  INFO [LocalJobRunner Map Task Executor #0] mapred.MapTask: Processing split: org.apache.hadoop.hive.ql.io.orc.OrcInputFormat:OrcSplit [pfile:/home/alex/Repositories/hive/ql/target/warehouse/t1/delta_0000001_0000001_0000/bucket_00000_0, start=0, length=686, isOriginal=false, fileLength=686, hasFooter=false, hasBase=true, deltas=0]
2024-04-23T18:53:09,964  INFO [LocalJobRunner Map Task Executor #0] exec.SerializationUtilities: Deserializing MapWork using kryo
2024-04-23T18:53:09,964  INFO [LocalJobRunner Map Task Executor #0] exec.Utilities: Deserialized plan (via FILE) - name: null size: 4,96KB
2024-04-23T18:53:09,966  INFO [LocalJobRunner Map Task Executor #0] orc.OrcInputFormat: ORC pushdown predicate: leaf-(EQUALS a 2)
2024-04-23T18:53:09,966  INFO [LocalJobRunner Map Task Executor #0] orc.OrcRawRecordMerger: min key = null, max key = null
2024-04-23T18:53:09,966  INFO [LocalJobRunner Map Task Executor #0] orc.ReaderImpl: Reading ORC rows from pfile:/home/alex/Repositories/hive/ql/target/warehouse/t1/delta_0000001_0000001_0000/bucket_00000_0 with {include: [true, true, false], offset: 0, length: 686, sarg: leaf-(EQUALS a 2), schema: struct<a:int,b:int>, includeAcidColumns: true}
2024-04-23T18:53:09,968  INFO [LocalJobRunner Map Task Executor #0] orc.OrcRawRecordMerger: updated min key = null, max key = null
2024-04-23T18:53:09,968  INFO [LocalJobRunner Map Task Executor #0] mapred.MapTask: numReduceTasks: 1
2024-04-23T18:53:09,974  INFO [LocalJobRunner Map Task Executor #0] mapred.MapTask: (EQUATOR) 0 kvi 26214396(104857584)
2024-04-23T18:53:09,974  INFO [LocalJobRunner Map Task Executor #0] mapred.MapTask: mapreduce.task.io.sort.mb: 100
2024-04-23T18:53:09,974  INFO [LocalJobRunner Map Task Executor #0] mapred.MapTask: soft limit at 83886080
2024-04-23T18:53:09,974  INFO [LocalJobRunner Map Task Executor #0] mapred.MapTask: bufstart = 0; bufvoid = 104857600
2024-04-23T18:53:09,974  INFO [LocalJobRunner Map Task Executor #0] mapred.MapTask: kvstart = 26214396; length = 6553600
2024-04-23T18:53:09,974  INFO [LocalJobRunner Map Task Executor #0] mapred.MapTask: Map output collector class = org.apache.hadoop.mapred.MapTask$MapOutputBuffer
2024-04-23T18:53:09,975  INFO [LocalJobRunner Map Task Executor #0] exec.MapOperator: Initializing Operator: MAP[0]
2024-04-23T18:53:09,976  INFO [LocalJobRunner Map Task Executor #0] mr.ExecMapper: 
<MAP>Id =0
  <Children>null
  <\Children>
  <Parent><\Parent>
<\MAP>
2024-04-23T18:53:09,977  INFO [LocalJobRunner Map Task Executor #0] exec.TableScanOperator: Initializing Operator: TS[0]
2024-04-23T18:53:09,977  INFO [LocalJobRunner Map Task Executor #0] exec.FilterOperator: Initializing Operator: FIL[8]
2024-04-23T18:53:09,977  INFO [LocalJobRunner Map Task Executor #0] exec.SelectOperator: Initializing Operator: SEL[2]
2024-04-23T18:53:09,977  INFO [LocalJobRunner Map Task Executor #0] exec.SelectOperator: SELECT struct<a:int,b:int,row__id:struct<writeid:bigint,bucketid:int,rowid:bigint>>
2024-04-23T18:53:09,977  INFO [LocalJobRunner Map Task Executor #0] exec.ReduceSinkOperator: Initializing Operator: RS[3]
2024-04-23T18:53:09,977  INFO [LocalJobRunner Map Task Executor #0] exec.ReduceSinkOperator: Using tag = -1
2024-04-23T18:53:09,978  INFO [LocalJobRunner Map Task Executor #0] exec.MapOperator: MAP[0]: records read - 1
2024-04-23T18:53:09,978  INFO [LocalJobRunner Map Task Executor #0] exec.ReduceSinkOperator: keys are [reducesinkkey0] num distributions: 1
2024-04-23T18:53:09,980 ERROR [LocalJobRunner Map Task Executor #0] mr.ExecMapper: org.apache.hadoop.hive.ql.metadata.HiveException: Hive Runtime Error while processing row
	at org.apache.hadoop.hive.ql.exec.MapOperator.process(MapOperator.java:573)
	at org.apache.hadoop.hive.ql.exec.mr.ExecMapper.map(ExecMapper.java:148)
	at org.apache.hadoop.mapred.MapRunner.run(MapRunner.java:54)
	at org.apache.hadoop.hive.ql.exec.mr.ExecMapRunner.run(ExecMapRunner.java:37)
	at org.apache.hadoop.mapred.MapTask.runOldMapper(MapTask.java:465)
	at org.apache.hadoop.mapred.MapTask.run(MapTask.java:349)
	at org.apache.hadoop.mapred.LocalJobRunner$Job$MapTaskRunnable.run(LocalJobRunner.java:271)
	at java.util.concurrent.Executors$RunnableAdapter.call(Executors.java:511)
	at java.util.concurrent.FutureTask.run(FutureTask.java:266)
	at java.util.concurrent.ThreadPoolExecutor.runWorker(ThreadPoolExecutor.java:1149)
	at java.util.concurrent.ThreadPoolExecutor$Worker.run(ThreadPoolExecutor.java:624)
	at java.lang.Thread.run(Thread.java:750)
Caused by: org.apache.hadoop.hive.ql.exec.NoMatchingMethodException: No matching method for class org.apache.hadoop.hive.ql.udf.UDFToInteger with (struct<writeid:bigint,bucketid:int,rowid:bigint>). Possible choices: _FUNC_(bigint)  _FUNC_(boolean)  _FUNC_(decimal(38,18))  _FUNC_(double)  _FUNC_(float)  _FUNC_(smallint)  _FUNC_(string)  _FUNC_(struct<writeid:bigint,bucketid:int,rowid:bigint>)  _FUNC_(timestamp)  _FUNC_(tinyint)  _FUNC_(void)  
	at org.apache.hadoop.hive.ql.exec.MethodUtils.getMethodInternal(MethodUtils.java:130)
	at org.apache.hadoop.hive.ql.exec.MethodUtils.getMethodInternal(MethodUtils.java:60)
	at org.apache.hadoop.hive.ql.exec.DefaultUDFMethodResolver.getEvalMethod(DefaultUDFMethodResolver.java:59)
	at org.apache.hadoop.hive.ql.udf.TimestampCastRestrictorResolver.getEvalMethod(TimestampCastRestrictorResolver.java:68)
	at org.apache.hadoop.hive.ql.udf.generic.GenericUDFBridge.initialize(GenericUDFBridge.java:168)
	at org.apache.hadoop.hive.ql.udf.generic.GenericUDF.initializeAndFoldConstants(GenericUDF.java:149)
	at org.apache.hadoop.hive.ql.exec.ExprNodeGenericFuncEvaluator.initialize(ExprNodeGenericFuncEvaluator.java:184)
	at org.apache.hadoop.hive.ql.exec.Operator.initEvaluators(Operator.java:1073)
	at org.apache.hadoop.hive.ql.exec.ReduceSinkOperator.process(ReduceSinkOperator.java:307)
	at org.apache.hadoop.hive.ql.exec.Operator.forward(Operator.java:888)
	at org.apache.hadoop.hive.ql.exec.SelectOperator.process(SelectOperator.java:94)
	at org.apache.hadoop.hive.ql.exec.Operator.forward(Operator.java:888)
	at org.apache.hadoop.hive.ql.exec.FilterOperator.process(FilterOperator.java:127)
	at org.apache.hadoop.hive.ql.exec.Operator.forward(Operator.java:888)
	at org.apache.hadoop.hive.ql.exec.TableScanOperator.process(TableScanOperator.java:173)
	at org.apache.hadoop.hive.ql.exec.MapOperator$MapOpCtx.forward(MapOperator.java:154)
	at org.apache.hadoop.hive.ql.exec.MapOperator.process(MapOperator.java:552)
	... 11 more

2024-04-23T18:53:09,980  INFO [LocalJobRunner Map Task Executor #0] exec.MapOperator: Closing Operator: MAP[0]
2024-04-23T18:53:09,980  INFO [LocalJobRunner Map Task Executor #0] exec.MapOperator: MAP[0]: Total records read - 1. abort - true
2024-04-23T18:53:09,980  INFO [LocalJobRunner Map Task Executor #0] exec.MapOperator: RECORDS_OUT_INTERMEDIATE:0, RECORDS_OUT_OPERATOR_MAP_0:0, DESERIALIZE_ERRORS:0, RECORDS_IN:1, 
2024-04-23T18:53:09,980  INFO [LocalJobRunner Map Task Executor #0] exec.TableScanOperator: Closing Operator: TS[0]
2024-04-23T18:53:09,980  INFO [LocalJobRunner Map Task Executor #0] exec.TableScanOperator: RECORDS_OUT_INTERMEDIATE:0, RECORDS_OUT_OPERATOR_TS_0:2, 
2024-04-23T18:53:09,981  INFO [LocalJobRunner Map Task Executor #0] exec.FilterOperator: Closing Operator: FIL[8]
2024-04-23T18:53:09,981  INFO [LocalJobRunner Map Task Executor #0] exec.FilterOperator: RECORDS_OUT_INTERMEDIATE:0, RECORDS_OUT_OPERATOR_FIL_8:1, 
2024-04-23T18:53:09,981  INFO [LocalJobRunner Map Task Executor #0] exec.SelectOperator: Closing Operator: SEL[2]
2024-04-23T18:53:09,981  INFO [LocalJobRunner Map Task Executor #0] exec.SelectOperator: RECORDS_OUT_OPERATOR_SEL_2:1, RECORDS_OUT_INTERMEDIATE:0, 
2024-04-23T18:53:09,981  INFO [LocalJobRunner Map Task Executor #0] exec.ReduceSinkOperator: Closing Operator: RS[3]
2024-04-23T18:53:09,981  INFO [LocalJobRunner Map Task Executor #0] exec.ReduceSinkOperator: RS[3]: Total records written - 0. abort - true
2024-04-23T18:53:09,981  INFO [LocalJobRunner Map Task Executor #0] exec.ReduceSinkOperator: RECORDS_OUT_OPERATOR_RS_3:0, RECORDS_OUT_INTERMEDIATE:0, 
2024-04-23T18:53:09,981  INFO [LocalJobRunner Map Task Executor #0] mapred.LocalJobRunner: Starting task: attempt_local470374152_0007_m_000001_0
2024-04-23T18:53:09,982  INFO [LocalJobRunner Map Task Executor #0] mapred.Task:  Using ResourceCalculatorProcessTree : [ ]
2024-04-23T18:53:09,982  INFO [LocalJobRunner Map Task Executor #0] mapred.MapTask: Processing split: org.apache.hadoop.hive.ql.io.orc.OrcInputFormat:OrcSplit [pfile:/home/alex/Repositories/hive/ql/target/warehouse/t1/delta_0000002_0000002_0000/bucket_00000_0, start=0, length=664, isOriginal=false, fileLength=664, hasFooter=false, hasBase=true, deltas=0]
2024-04-23T18:53:09,983  INFO [LocalJobRunner Map Task Executor #0] exec.SerializationUtilities: Deserializing MapWork using kryo
2024-04-23T18:53:09,983  INFO [LocalJobRunner Map Task Executor #0] exec.Utilities: Deserialized plan (via FILE) - name: null size: 4,96KB
2024-04-23T18:53:09,985  INFO [LocalJobRunner Map Task Executor #0] orc.OrcInputFormat: ORC pushdown predicate: leaf-(EQUALS a 2)
2024-04-23T18:53:09,985  INFO [LocalJobRunner Map Task Executor #0] orc.OrcRawRecordMerger: min key = null, max key = null
2024-04-23T18:53:09,985  INFO [LocalJobRunner Map Task Executor #0] orc.ReaderImpl: Reading ORC rows from pfile:/home/alex/Repositories/hive/ql/target/warehouse/t1/delta_0000002_0000002_0000/bucket_00000_0 with {include: [true, true, false], offset: 0, length: 664, sarg: leaf-(EQUALS a 2), schema: struct<a:int,b:int>, includeAcidColumns: true}
2024-04-23T18:53:09,986  INFO [LocalJobRunner Map Task Executor #0] orc.OrcRawRecordMerger: updated min key = null, max key = null
2024-04-23T18:53:09,986  INFO [LocalJobRunner Map Task Executor #0] mapred.MapTask: numReduceTasks: 1
2024-04-23T18:53:10,171  INFO [LocalJobRunner Map Task Executor #0] mapred.MapTask: (EQUATOR) 0 kvi 26214396(104857584)
2024-04-23T18:53:10,171  INFO [LocalJobRunner Map Task Executor #0] mapred.MapTask: mapreduce.task.io.sort.mb: 100
2024-04-23T18:53:10,171  INFO [LocalJobRunner Map Task Executor #0] mapred.MapTask: soft limit at 83886080
2024-04-23T18:53:10,171  INFO [LocalJobRunner Map Task Executor #0] mapred.MapTask: bufstart = 0; bufvoid = 104857600
2024-04-23T18:53:10,171  INFO [LocalJobRunner Map Task Executor #0] mapred.MapTask: kvstart = 26214396; length = 6553600
2024-04-23T18:53:10,172  INFO [LocalJobRunner Map Task Executor #0] mapred.MapTask: Map output collector class = org.apache.hadoop.mapred.MapTask$MapOutputBuffer
2024-04-23T18:53:10,172  INFO [LocalJobRunner Map Task Executor #0] exec.MapOperator: Initializing Operator: MAP[0]
2024-04-23T18:53:10,174  INFO [LocalJobRunner Map Task Executor #0] mr.ExecMapper: 
<MAP>Id =0
  <Children>null
  <\Children>
  <Parent><\Parent>
<\MAP>
2024-04-23T18:53:10,174  INFO [LocalJobRunner Map Task Executor #0] exec.TableScanOperator: Initializing Operator: TS[0]
2024-04-23T18:53:10,174  INFO [LocalJobRunner Map Task Executor #0] exec.FilterOperator: Initializing Operator: FIL[8]
2024-04-23T18:53:10,174  INFO [LocalJobRunner Map Task Executor #0] exec.SelectOperator: Initializing Operator: SEL[2]
2024-04-23T18:53:10,175  INFO [LocalJobRunner Map Task Executor #0] exec.SelectOperator: SELECT struct<a:int,b:int,row__id:struct<writeid:bigint,bucketid:int,rowid:bigint>>
2024-04-23T18:53:10,175  INFO [LocalJobRunner Map Task Executor #0] exec.ReduceSinkOperator: Initializing Operator: RS[3]
2024-04-23T18:53:10,175  INFO [LocalJobRunner Map Task Executor #0] exec.ReduceSinkOperator: Using tag = -1
2024-04-23T18:53:10,175  INFO [LocalJobRunner Map Task Executor #0] exec.MapOperator: Closing Operator: MAP[0]
2024-04-23T18:53:10,175  INFO [LocalJobRunner Map Task Executor #0] exec.MapOperator: MAP[0]: Total records read - 0. abort - false
2024-04-23T18:53:10,175  INFO [LocalJobRunner Map Task Executor #0] exec.MapOperator: RECORDS_IN:0, RECORDS_OUT_INTERMEDIATE:0, RECORDS_OUT_OPERATOR_MAP_0:0, DESERIALIZE_ERRORS:0, 
2024-04-23T18:53:10,176  INFO [LocalJobRunner Map Task Executor #0] exec.TableScanOperator: Closing Operator: TS[0]
2024-04-23T18:53:10,176  INFO [LocalJobRunner Map Task Executor #0] exec.TableScanOperator: RECORDS_OUT_OPERATOR_TS_0:0, RECORDS_OUT_INTERMEDIATE:0, 
2024-04-23T18:53:10,176  INFO [LocalJobRunner Map Task Executor #0] exec.FilterOperator: Closing Operator: FIL[8]
2024-04-23T18:53:10,176  INFO [LocalJobRunner Map Task Executor #0] exec.FilterOperator: RECORDS_OUT_OPERATOR_FIL_8:0, RECORDS_OUT_INTERMEDIATE:0, 
2024-04-23T18:53:10,176  INFO [LocalJobRunner Map Task Executor #0] exec.SelectOperator: Closing Operator: SEL[2]
2024-04-23T18:53:10,176  INFO [LocalJobRunner Map Task Executor #0] exec.SelectOperator: RECORDS_OUT_INTERMEDIATE:0, RECORDS_OUT_OPERATOR_SEL_2:0, 
2024-04-23T18:53:10,176  INFO [LocalJobRunner Map Task Executor #0] exec.ReduceSinkOperator: Closing Operator: RS[3]
2024-04-23T18:53:10,176  INFO [LocalJobRunner Map Task Executor #0] exec.ReduceSinkOperator: RS[3]: Total records written - 0. abort - false
2024-04-23T18:53:10,176  INFO [LocalJobRunner Map Task Executor #0] exec.ReduceSinkOperator: RECORDS_OUT_OPERATOR_RS_3:0, RECORDS_OUT_INTERMEDIATE:0, 
2024-04-23T18:53:10,176  INFO [LocalJobRunner Map Task Executor #0] mapred.LocalJobRunner: 
2024-04-23T18:53:10,176  INFO [LocalJobRunner Map Task Executor #0] mapred.MapTask: Starting flush of map output
2024-04-23T18:53:10,194  INFO [LocalJobRunner Map Task Executor #0] mapred.Task: Task:attempt_local470374152_0007_m_000001_0 is done. And is in the process of committing
2024-04-23T18:53:10,195  INFO [LocalJobRunner Map Task Executor #0] mapred.LocalJobRunner: OrcSplit [pfile:/home/alex/Repositories/hive/ql/target/warehouse/t1/delta_0000002_0000002_0000/bucket_00000_0, start=0, length=664, isOriginal=false, fileLength=664, hasFooter=false, hasBase=true, deltas=0]
2024-04-23T18:53:10,195  INFO [LocalJobRunner Map Task Executor #0] mapred.Task: Task 'attempt_local470374152_0007_m_000001_0' done.
2024-04-23T18:53:10,195  INFO [LocalJobRunner Map Task Executor #0] mapred.Task: Final Counters for attempt_local470374152_0007_m_000001_0: Counters: 25
	File System Counters
		FILE: Number of bytes read=164296
		FILE: Number of bytes written=8095253
		FILE: Number of read operations=0
		FILE: Number of large read operations=0
		FILE: Number of write operations=0
	Map-Reduce Framework
		Map input records=0
		Map output records=0
		Map output bytes=0
		Map output materialized bytes=6
		Input split bytes=366
		Combine input records=0
		Spilled Records=0
		Failed Shuffles=0
		Merged Map outputs=0
		GC time elapsed (ms)=176
		Total committed heap usage (bytes)=1283981312
	HIVE
		DESERIALIZE_ERRORS=0
		RECORDS_IN=0
		RECORDS_OUT_INTERMEDIATE=0
		RECORDS_OUT_OPERATOR_FIL_8=0
		RECORDS_OUT_OPERATOR_MAP_0=0
		RECORDS_OUT_OPERATOR_RS_3=0
		RECORDS_OUT_OPERATOR_SEL_2=0
		RECORDS_OUT_OPERATOR_TS_0=0
	File Input Format Counters 
		Bytes Read=0
2024-04-23T18:53:10,195  INFO [LocalJobRunner Map Task Executor #0] mapred.LocalJobRunner: Finishing task: attempt_local470374152_0007_m_000001_0
2024-04-23T18:53:10,195  INFO [Thread-591] mapred.LocalJobRunner: map task executor complete.
2024-04-23T18:53:10,196  WARN [Thread-591] mapred.LocalJobRunner: job_local470374152_0007
java.lang.Exception: java.lang.RuntimeException: org.apache.hadoop.hive.ql.metadata.HiveException: Hive Runtime Error while processing row
	at org.apache.hadoop.mapred.LocalJobRunner$Job.runTasks(LocalJobRunner.java:492) ~[hadoop-mapreduce-client-common-3.1.0.jar:?]
	at org.apache.hadoop.mapred.LocalJobRunner$Job.run(LocalJobRunner.java:552) [hadoop-mapreduce-client-common-3.1.0.jar:?]
Caused by: java.lang.RuntimeException: org.apache.hadoop.hive.ql.metadata.HiveException: Hive Runtime Error while processing row
	at org.apache.hadoop.hive.ql.exec.mr.ExecMapper.map(ExecMapper.java:157) ~[classes/:?]
	at org.apache.hadoop.mapred.MapRunner.run(MapRunner.java:54) ~[hadoop-mapreduce-client-core-3.1.0.jar:?]
	at org.apache.hadoop.hive.ql.exec.mr.ExecMapRunner.run(ExecMapRunner.java:37) ~[classes/:?]
	at org.apache.hadoop.mapred.MapTask.runOldMapper(MapTask.java:465) ~[hadoop-mapreduce-client-core-3.1.0.jar:?]
	at org.apache.hadoop.mapred.MapTask.run(MapTask.java:349) ~[hadoop-mapreduce-client-core-3.1.0.jar:?]
	at org.apache.hadoop.mapred.LocalJobRunner$Job$MapTaskRunnable.run(LocalJobRunner.java:271) ~[hadoop-mapreduce-client-common-3.1.0.jar:?]
	at java.util.concurrent.Executors$RunnableAdapter.call(Executors.java:511) ~[?:1.8.0_402]
	at java.util.concurrent.FutureTask.run(FutureTask.java:266) ~[?:1.8.0_402]
	at java.util.concurrent.ThreadPoolExecutor.runWorker(ThreadPoolExecutor.java:1149) ~[?:1.8.0_402]
	at java.util.concurrent.ThreadPoolExecutor$Worker.run(ThreadPoolExecutor.java:624) ~[?:1.8.0_402]
	at java.lang.Thread.run(Thread.java:750) ~[?:1.8.0_402]
Caused by: org.apache.hadoop.hive.ql.metadata.HiveException: Hive Runtime Error while processing row
	at org.apache.hadoop.hive.ql.exec.MapOperator.process(MapOperator.java:573) ~[classes/:?]
	at org.apache.hadoop.hive.ql.exec.mr.ExecMapper.map(ExecMapper.java:148) ~[classes/:?]
	at org.apache.hadoop.mapred.MapRunner.run(MapRunner.java:54) ~[hadoop-mapreduce-client-core-3.1.0.jar:?]
	at org.apache.hadoop.hive.ql.exec.mr.ExecMapRunner.run(ExecMapRunner.java:37) ~[classes/:?]
	at org.apache.hadoop.mapred.MapTask.runOldMapper(MapTask.java:465) ~[hadoop-mapreduce-client-core-3.1.0.jar:?]
	at org.apache.hadoop.mapred.MapTask.run(MapTask.java:349) ~[hadoop-mapreduce-client-core-3.1.0.jar:?]
	at org.apache.hadoop.mapred.LocalJobRunner$Job$MapTaskRunnable.run(LocalJobRunner.java:271) ~[hadoop-mapreduce-client-common-3.1.0.jar:?]
	at java.util.concurrent.Executors$RunnableAdapter.call(Executors.java:511) ~[?:1.8.0_402]
	at java.util.concurrent.FutureTask.run(FutureTask.java:266) ~[?:1.8.0_402]
	at java.util.concurrent.ThreadPoolExecutor.runWorker(ThreadPoolExecutor.java:1149) ~[?:1.8.0_402]
	at java.util.concurrent.ThreadPoolExecutor$Worker.run(ThreadPoolExecutor.java:624) ~[?:1.8.0_402]
	at java.lang.Thread.run(Thread.java:750) ~[?:1.8.0_402]
Caused by: org.apache.hadoop.hive.ql.exec.NoMatchingMethodException: No matching method for class org.apache.hadoop.hive.ql.udf.UDFToInteger with (struct<writeid:bigint,bucketid:int,rowid:bigint>). Possible choices: _FUNC_(bigint)  _FUNC_(boolean)  _FUNC_(decimal(38,18))  _FUNC_(double)  _FUNC_(float)  _FUNC_(smallint)  _FUNC_(string)  _FUNC_(struct<writeid:bigint,bucketid:int,rowid:bigint>)  _FUNC_(timestamp)  _FUNC_(tinyint)  _FUNC_(void)  
	at org.apache.hadoop.hive.ql.exec.MethodUtils.getMethodInternal(MethodUtils.java:130) ~[classes/:?]
	at org.apache.hadoop.hive.ql.exec.MethodUtils.getMethodInternal(MethodUtils.java:60) ~[classes/:?]
	at org.apache.hadoop.hive.ql.exec.DefaultUDFMethodResolver.getEvalMethod(DefaultUDFMethodResolver.java:59) ~[classes/:?]
	at org.apache.hadoop.hive.ql.udf.TimestampCastRestrictorResolver.getEvalMethod(TimestampCastRestrictorResolver.java:68) ~[classes/:?]
	at org.apache.hadoop.hive.ql.udf.generic.GenericUDFBridge.initialize(GenericUDFBridge.java:168) ~[classes/:?]
	at org.apache.hadoop.hive.ql.udf.generic.GenericUDF.initializeAndFoldConstants(GenericUDF.java:149) ~[classes/:?]
	at org.apache.hadoop.hive.ql.exec.ExprNodeGenericFuncEvaluator.initialize(ExprNodeGenericFuncEvaluator.java:184) ~[classes/:?]
	at org.apache.hadoop.hive.ql.exec.Operator.initEvaluators(Operator.java:1073) ~[classes/:?]
	at org.apache.hadoop.hive.ql.exec.ReduceSinkOperator.process(ReduceSinkOperator.java:307) ~[classes/:?]
	at org.apache.hadoop.hive.ql.exec.Operator.forward(Operator.java:888) ~[classes/:?]
	at org.apache.hadoop.hive.ql.exec.SelectOperator.process(SelectOperator.java:94) ~[classes/:?]
	at org.apache.hadoop.hive.ql.exec.Operator.forward(Operator.java:888) ~[classes/:?]
	at org.apache.hadoop.hive.ql.exec.FilterOperator.process(FilterOperator.java:127) ~[classes/:?]
	at org.apache.hadoop.hive.ql.exec.Operator.forward(Operator.java:888) ~[classes/:?]
	at org.apache.hadoop.hive.ql.exec.TableScanOperator.process(TableScanOperator.java:173) ~[classes/:?]
	at org.apache.hadoop.hive.ql.exec.MapOperator$MapOpCtx.forward(MapOperator.java:154) ~[classes/:?]
	at org.apache.hadoop.hive.ql.exec.MapOperator.process(MapOperator.java:552) ~[classes/:?]
	at org.apache.hadoop.hive.ql.exec.mr.ExecMapper.map(ExecMapper.java:148) ~[classes/:?]
	at org.apache.hadoop.mapred.MapRunner.run(MapRunner.java:54) ~[hadoop-mapreduce-client-core-3.1.0.jar:?]
	at org.apache.hadoop.hive.ql.exec.mr.ExecMapRunner.run(ExecMapRunner.java:37) ~[classes/:?]
	at org.apache.hadoop.mapred.MapTask.runOldMapper(MapTask.java:465) ~[hadoop-mapreduce-client-core-3.1.0.jar:?]
	at org.apache.hadoop.mapred.MapTask.run(MapTask.java:349) ~[hadoop-mapreduce-client-core-3.1.0.jar:?]
	at org.apache.hadoop.mapred.LocalJobRunner$Job$MapTaskRunnable.run(LocalJobRunner.java:271) ~[hadoop-mapreduce-client-common-3.1.0.jar:?]
	at java.util.concurrent.Executors$RunnableAdapter.call(Executors.java:511) ~[?:1.8.0_402]
	at java.util.concurrent.FutureTask.run(FutureTask.java:266) ~[?:1.8.0_402]
	at java.util.concurrent.ThreadPoolExecutor.runWorker(ThreadPoolExecutor.java:1149) ~[?:1.8.0_402]
	at java.util.concurrent.ThreadPoolExecutor$Worker.run(ThreadPoolExecutor.java:624) ~[?:1.8.0_402]
	at java.lang.Thread.run(Thread.java:750) ~[?:1.8.0_402]
2024-04-23 18:53:10,963 Stage-1 map = 100%,  reduce = 0%
2024-04-23T18:53:10,963  INFO [main] exec.Task: 2024-04-23 18:53:10,963 Stage-1 map = 100%,  reduce = 0%
Ended Job = job_local470374152_0007 with errors
2024-04-23T18:53:10,966 ERROR [main] exec.Task: Ended Job = job_local470374152_0007 with errors
Error during job, obtaining debugging information...
2024-04-23T18:53:10,968 ERROR [Thread-601] exec.Task: Error during job, obtaining debugging information...
2024-04-23T18:53:10,979  INFO [main] FileOperations: Deleting pfile:/home/alex/Repositories/hive/ql/target/warehouse/t1/_tmp.delete_delta_0000003_0000003_0000 on failure
FAILED: Execution Error, return code 2 from org.apache.hadoop.hive.ql.exec.mr.MapRedTask
2024-04-23T18:53:10,979 ERROR [main] ql.Driver: FAILED: Execution Error, return code 2 from org.apache.hadoop.hive.ql.exec.mr.MapRedTask
2024-04-23T18:53:10,979  INFO [main] metadata.Hive: Dumping metastore api call timing information for : execution phase
2024-04-23T18:53:10,980  INFO [main] metadata.Hive: Total time spent in each metastore function (ms): {}
MapReduce Jobs Launched: 
2024-04-23T18:53:10,980  INFO [main] ql.Driver: MapReduce Jobs Launched: 
Stage-Stage-1:  HDFS Read: 0 HDFS Write: 0 FAIL
2024-04-23T18:53:10,980  INFO [main] ql.Driver: Stage-Stage-1:  HDFS Read: 0 HDFS Write: 0 FAIL
Total MapReduce CPU Time Spent: 0 msec
2024-04-23T18:53:10,980  INFO [main] ql.Driver: Total MapReduce CPU Time Spent: 0 msec
2024-04-23T18:53:10,980  INFO [main] ql.Driver: Completed executing command(queryId=alex_20240423185304_82e97f1c-75ca-4b39-8487-a39fc7846dd7); Time taken: 1.351 seconds
2024-04-23T18:53:10,980  INFO [main] lockmgr.DbTxnManager: Stopped heartbeat for query: alex_20240423185304_82e97f1c-75ca-4b39-8487-a39fc7846dd7
2024-04-23T18:53:10,983  INFO [main] txn.TxnHandler: Removed transactions: ([6]) from MIN_HISTORY_LEVEL
2024-04-23T18:53:10,994  INFO [main] ql.Context: Deleting scratch dir: file:/home/alex/Repositories/hive/ql/target/tmp/localscratchdir/a8c1c011-dbf2-4556-9828-3c682b932083/hive_2024-04-23_18-53-07_818_6416350064602510915-1
2024-04-23T18:53:10,995  INFO [main] cleanup.SyncCleanupService: Deleted directory: file:/home/alex/Repositories/hive/ql/target/tmp/localscratchdir/a8c1c011-dbf2-4556-9828-3c682b932083/hive_2024-04-23_18-53-07_818_6416350064602510915-1 on fs with scheme file
2024-04-23T18:53:10,996  INFO [main] ql.Context: Deleting scratch dir: pfile:/home/alex/Repositories/hive/ql/target/warehouse/t1/.hive-staging_hive_2024-04-23_18-53-04_476_2940857471560978806-1
2024-04-23T18:53:10,996  INFO [main] cleanup.SyncCleanupService: Deleted directory: pfile:/home/alex/Repositories/hive/ql/target/warehouse/t1/.hive-staging_hive_2024-04-23_18-53-04_476_2940857471560978806-1 on fs with scheme pfile
2024-04-23T18:53:10,996  INFO [main] ql.Context: Deleting scratch dir: file:/home/alex/Repositories/hive/ql/target/tmp/localscratchdir/a8c1c011-dbf2-4556-9828-3c682b932083/hive_2024-04-23_18-53-04_458_4536288574881429682-1
2024-04-23T18:53:10,996  INFO [main] cleanup.SyncCleanupService: Deleted directory: file:/home/alex/Repositories/hive/ql/target/tmp/localscratchdir/a8c1c011-dbf2-4556-9828-3c682b932083/hive_2024-04-23_18-53-04_458_4536288574881429682-1 on fs with scheme file
]]></system-err>
  </testcase>
  <testcase name="gapOpenTxnsDirtyRead" classname="org.apache.hadoop.hive.ql.lockmgr.TestDbTxnManagerIsolationProperties" time="3.868"/>
  <testcase name="gapOpenTxnsNoDirtyRead" classname="org.apache.hadoop.hive.ql.lockmgr.TestDbTxnManagerIsolationProperties" time="3.014"/>
  <testcase name="multipleGapOpenTxnsNoDirtyRead" classname="org.apache.hadoop.hive.ql.lockmgr.TestDbTxnManagerIsolationProperties" time="2.681"/>
</testsuite>