<?xml version="1.0" encoding="UTF-8"?>
<testsuite xmlns:xsi="http://www.w3.org/2001/XMLSchema-instance" xsi:noNamespaceSchemaLocation="https://maven.apache.org/surefire/maven-surefire-plugin/xsd/surefire-test-report-3.0.xsd" version="3.0" name="org.apache.hadoop.hive.ql.TestTxnLoadData" time="198.663" tests="13" errors="2" skipped="0" failures="0">
  <properties>
    <property name="build.test.dir" value="/home/alex/Repositories/hive/ql/target/tmp"/>
    <property name="awt.toolkit" value="sun.awt.X11.XToolkit"/>
    <property name="test.tmp.dir.uri" value="file:///home/alex/Repositories/hive/ql/target/tmp"/>
    <property name="java.specification.version" value="1.8"/>
    <property name="qfile" value=""/>
    <property name="test.warehouse.dir" value="pfile:///home/alex/Repositories/hive/ql/target/warehouse"/>
    <property name="sun.cpu.isalist" value=""/>
    <property name="sun.jnu.encoding" value="UTF-8"/>
    <property name="run_disabled" value=""/>
    <property name="nondexPrintstack" value="false"/>
    <property name="sun.arch.data.model" value="64"/>
    <property name="java.vendor.url" value="http://java.oracle.com/"/>
    <property name="user.country.format" value="PT"/>
    <property name="test.tmp.dir" value="/home/alex/Repositories/hive/ql/target/tmp"/>
    <property name="sun.boot.library.path" value="/usr/lib/jvm/java-8-openjdk-amd64/jre/lib/amd64"/>
    <property name="sun.java.command" value="/home/alex/Repositories/hive/ql/target/surefire/surefirebooter4111050667285544924.jar /home/alex/Repositories/hive/ql/target/surefire 2024-04-23T21-59-46_173-jvmRun1 surefire4604296027611533303tmp surefire_19727111516883230900432tmp"/>
    <property name="nondexExecid" value="P8gC2Wt6DD1QwiZ4NJDRegC4uh59IgmR4jnrq+hRsc="/>
    <property name="java.specification.vendor" value="Oracle Corporation"/>
    <property name="java.home" value="/usr/lib/jvm/java-8-openjdk-amd64/jre"/>
    <property name="file.separator" value="/"/>
    <property name="basedir" value="/home/alex/Repositories/hive/ql"/>
    <property name="line.separator" value="&#10;"/>
    <property name="nondexEnd" value="9223372036854775807"/>
    <property name="derby.stream.error.file" value="/home/alex/Repositories/hive/ql/target/tmp/derby.log"/>
    <property name="java.vm.specification.vendor" value="Oracle Corporation"/>
    <property name="java.specification.name" value="Java Platform API Specification"/>
    <property name="log4j.debug" value="true"/>
    <property name="sun.boot.class.path" value="/home/alex/Repositories/hive/ql/.nondex/nondex-instr.jar:/home/alex/.m2/repository/edu/illinois/nondex-common/2.1.7/nondex-common-2.1.7.jar:/home/alex/.m2/repository/edu/illinois/nondex-annotations/2.1.7/nondex-annotations-2.1.7.jar:/usr/lib/jvm/java-8-openjdk-amd64/jre/lib/resources.jar:/usr/lib/jvm/java-8-openjdk-amd64/jre/lib/rt.jar:/usr/lib/jvm/java-8-openjdk-amd64/jre/lib/sunrsasign.jar:/usr/lib/jvm/java-8-openjdk-amd64/jre/lib/jsse.jar:/usr/lib/jvm/java-8-openjdk-amd64/jre/lib/jce.jar:/usr/lib/jvm/java-8-openjdk-amd64/jre/lib/charsets.jar:/usr/lib/jvm/java-8-openjdk-amd64/jre/lib/jfr.jar:/usr/lib/jvm/java-8-openjdk-amd64/jre/classes"/>
    <property name="sun.management.compiler" value="HotSpot 64-Bit Tiered Compilers"/>
    <property name="spark.home" value=""/>
    <property name="java.runtime.version" value="1.8.0_402-8u402-ga-2ubuntu1~22.04-b06"/>
    <property name="user.name" value="alex"/>
    <property name="test.src.tables" value=""/>
    <property name="file.encoding" value="UTF-8"/>
    <property name="qfile_regex" value=""/>
    <property name="hadoop.bin.path" value="/home/alex/Repositories/hive/ql/../testutils/hadoop"/>
    <property name="localRepository" value="/home/alex/.m2/repository"/>
    <property name="nondexDir" value="/home/alex/Repositories/hive/ql/.nondex"/>
    <property name="build.dir" value="/home/alex/Repositories/hive/ql/target"/>
    <property name="nondexJarDir" value="/home/alex/Repositories/hive/ql/.nondex"/>
    <property name="mapred.job.tracker" value="local"/>
    <property name="java.io.tmpdir" value="/home/alex/Repositories/hive/ql/target/tmp"/>
    <property name="com.zaxxer.hikari.pool_number" value="3"/>
    <property name="java.version" value="1.8.0_402"/>
    <property name="hive.version" value="4.0.0-SNAPSHOT"/>
    <property name="java.vm.specification.name" value="Java Virtual Machine Specification"/>
    <property name="java.awt.printerjob" value="sun.print.PSPrinterJob"/>
    <property name="sun.os.patch.level" value="unknown"/>
    <property name="java.library.path" value="/usr/java/packages/lib/amd64:/usr/lib/x86_64-linux-gnu/jni:/lib/x86_64-linux-gnu:/usr/lib/x86_64-linux-gnu:/usr/lib/jni:/lib:/usr/lib"/>
    <property name="test.data.dir" value="/home/alex/Repositories/hive/ql/../data/files"/>
    <property name="java.vendor" value="Private Build"/>
    <property name="java.specification.maintenance.version" value="5"/>
    <property name="sun.io.unicode.encoding" value="UnicodeLittle"/>
    <property name="initScript" value=""/>
    <property name="sun.desktop" value="gnome"/>
    <property name="calcite.enable.rexnode.digest.normalize" value="false"/>
    <property name="file.encoding.pkg" value="sun.io"/>
    <property name="nondexStart" value="0"/>
    <property name="log4j.configurationFile" value="file:///home/alex/Repositories/hive/ql/target/testconf/hive-log4j2.properties"/>
    <property name="java.class.path" value="/home/alex/Repositories/hive/ql/target/test-classes:/home/alex/Repositories/hive/ql/target/classes:/home/alex/.m2/repository/org/apache/atlas/atlas-client-v2/2.1.0/atlas-client-v2-2.1.0.jar:/home/alex/.m2/repository/cglib/cglib/2.2.2/cglib-2.2.2.jar:/home/alex/.m2/repository/asm/asm/3.3.1/asm-3.3.1.jar:/home/alex/.m2/repository/org/apache/atlas/atlas-client-common/2.1.0/atlas-client-common-2.1.0.jar:/home/alex/.m2/repository/org/apache/httpcomponents/httpclient/4.5.13/httpclient-4.5.13.jar:/home/alex/.m2/repository/com/sun/jersey/jersey-client/1.19/jersey-client-1.19.jar:/home/alex/.m2/repository/org/apache/atlas/atlas-intg/2.1.0/atlas-intg-2.1.0.jar:/home/alex/.m2/repository/commons-collections/commons-collections/3.2.2/commons-collections-3.2.2.jar:/home/alex/.m2/repository/commons-validator/commons-validator/1.6/commons-validator-1.6.jar:/home/alex/.m2/repository/commons-digester/commons-digester/1.8.1/commons-digester-1.8.1.jar:/home/alex/.m2/repository/com/fasterxml/jackson/jaxrs/jackson-jaxrs-base/2.12.0/jackson-jaxrs-base-2.12.0.jar:/home/alex/.m2/repository/com/fasterxml/jackson/jaxrs/jackson-jaxrs-json-provider/2.12.0/jackson-jaxrs-json-provider-2.12.0.jar:/home/alex/.m2/repository/javax/inject/javax.inject/1/javax.inject-1.jar:/home/alex/.m2/repository/org/springframework/spring-context/4.3.20.RELEASE/spring-context-4.3.20.RELEASE.jar:/home/alex/.m2/repository/org/springframework/spring-aop/4.3.20.RELEASE/spring-aop-4.3.20.RELEASE.jar:/home/alex/.m2/repository/org/springframework/spring-beans/4.3.20.RELEASE/spring-beans-4.3.20.RELEASE.jar:/home/alex/.m2/repository/org/springframework/spring-core/4.3.20.RELEASE/spring-core-4.3.20.RELEASE.jar:/home/alex/.m2/repository/org/springframework/spring-expression/4.3.20.RELEASE/spring-expression-4.3.20.RELEASE.jar:/home/alex/.m2/repository/commons-configuration/commons-configuration/1.10/commons-configuration-1.10.jar:/home/alex/.m2/repository/commons-lang/commons-lang/2.6/commons-lang-2.6.jar:/home/alex/.m2/repository/commons-logging/commons-logging/1.1.1/commons-logging-1.1.1.jar:/home/alex/.m2/repository/org/apache/commons/commons-math3/3.6.1/commons-math3-3.6.1.jar:/home/alex/Repositories/hive/vector-code-gen/target/classes:/home/alex/.m2/repository/org/apache/velocity/velocity/1.5/velocity-1.5.jar:/home/alex/Repositories/hive/common/target/classes:/home/alex/Repositories/hive/classification/target/classes:/home/alex/Repositories/hive/standalone-metastore/metastore-common/target/classes:/home/alex/.m2/repository/commons-cli/commons-cli/1.4/commons-cli-1.4.jar:/home/alex/.m2/repository/org/apache/orc/orc-core/1.6.9/orc-core-1.6.9.jar:/home/alex/.m2/repository/org/apache/orc/orc-shims/1.6.9/orc-shims-1.6.9.jar:/home/alex/.m2/repository/io/airlift/aircompressor/0.19/aircompressor-0.19.jar:/home/alex/.m2/repository/org/jetbrains/annotations/17.0.0/annotations-17.0.0.jar:/home/alex/.m2/repository/org/threeten/threeten-extra/1.5.0/threeten-extra-1.5.0.jar:/home/alex/.m2/repository/jline/jline/2.14.6/jline-2.14.6.jar:/home/alex/.m2/repository/javax/servlet/javax.servlet-api/3.1.0/javax.servlet-api-3.1.0.jar:/home/alex/.m2/repository/org/eclipse/jetty/jetty-http/9.3.27.v20190418/jetty-http-9.3.27.v20190418.jar:/home/alex/.m2/repository/org/eclipse/jetty/jetty-rewrite/9.3.27.v20190418/jetty-rewrite-9.3.27.v20190418.jar:/home/alex/.m2/repository/org/eclipse/jetty/jetty-client/9.3.27.v20190418/jetty-client-9.3.27.v20190418.jar:/home/alex/.m2/repository/org/eclipse/jetty/jetty-server/9.3.27.v20190418/jetty-server-9.3.27.v20190418.jar:/home/alex/.m2/repository/org/eclipse/jetty/jetty-io/9.3.27.v20190418/jetty-io-9.3.27.v20190418.jar:/home/alex/.m2/repository/org/eclipse/jetty/jetty-servlet/9.3.27.v20190418/jetty-servlet-9.3.27.v20190418.jar:/home/alex/.m2/repository/org/eclipse/jetty/jetty-security/9.3.27.v20190418/jetty-security-9.3.27.v20190418.jar:/home/alex/.m2/repository/org/eclipse/jetty/jetty-webapp/9.3.27.v20190418/jetty-webapp-9.3.27.v20190418.jar:/home/alex/.m2/repository/org/eclipse/jetty/jetty-xml/9.3.27.v20190418/jetty-xml-9.3.27.v20190418.jar:/home/alex/.m2/repository/joda-time/joda-time/2.9.9/joda-time-2.9.9.jar:/home/alex/.m2/repository/org/apache/logging/log4j/log4j-web/2.13.2/log4j-web-2.13.2.jar:/home/alex/.m2/repository/net/sf/jpam/jpam/1.1/jpam-1.1.jar:/home/alex/.m2/repository/io/dropwizard/metrics/metrics-core/3.1.0/metrics-core-3.1.0.jar:/home/alex/.m2/repository/io/dropwizard/metrics/metrics-jvm/3.1.0/metrics-jvm-3.1.0.jar:/home/alex/.m2/repository/io/dropwizard/metrics/metrics-json/3.1.0/metrics-json-3.1.0.jar:/home/alex/.m2/repository/com/github/joshelser/dropwizard-metrics-hadoop-metrics2-reporter/0.1.2/dropwizard-metrics-hadoop-metrics2-reporter-0.1.2.jar:/home/alex/Repositories/hive/metastore/target/classes:/home/alex/.m2/repository/org/apache/derby/derby/10.14.1.0/derby-10.14.1.0.jar:/home/alex/Repositories/hive/serde/target/classes:/home/alex/.m2/repository/com/google/code/findbugs/jsr305/3.0.0/jsr305-3.0.0.jar:/home/alex/.m2/repository/org/apache/arrow/arrow-vector/0.15.1/arrow-vector-0.15.1.jar:/home/alex/.m2/repository/org/apache/arrow/arrow-format/0.15.1/arrow-format-0.15.1.jar:/home/alex/.m2/repository/org/apache/arrow/arrow-memory/0.15.1/arrow-memory-0.15.1.jar:/home/alex/.m2/repository/com/google/flatbuffers/flatbuffers-java/1.9.0/flatbuffers-java-1.9.0.jar:/home/alex/.m2/repository/com/carrotsearch/hppc/0.7.2/hppc-0.7.2.jar:/home/alex/.m2/repository/com/github/davidmoten/flatbuffers-java/1.6.0.1/flatbuffers-java-1.6.0.1.jar:/home/alex/Repositories/hive/parser/target/classes:/home/alex/Repositories/hive/udf/target/classes:/home/alex/Repositories/hive/service-rpc/target/classes:/home/alex/Repositories/hive/llap-client/target/classes:/home/alex/Repositories/hive/llap-common/target/classes:/home/alex/.m2/repository/io/jsonwebtoken/jjwt-api/0.10.5/jjwt-api-0.10.5.jar:/home/alex/.m2/repository/io/jsonwebtoken/jjwt-impl/0.10.5/jjwt-impl-0.10.5.jar:/home/alex/.m2/repository/io/jsonwebtoken/jjwt-jackson/0.10.5/jjwt-jackson-0.10.5.jar:/home/alex/Repositories/hive/llap-tez/target/classes:/home/alex/Repositories/hive/shims/aggregator/target/classes:/home/alex/Repositories/hive/shims/common/target/classes:/home/alex/Repositories/hive/shims/0.23/target/classes:/home/alex/.m2/repository/org/apache/hadoop/hadoop-yarn-server-resourcemanager/3.1.0/hadoop-yarn-server-resourcemanager-3.1.0.jar:/home/alex/.m2/repository/org/apache/hadoop/hadoop-yarn-server-applicationhistoryservice/3.1.0/hadoop-yarn-server-applicationhistoryservice-3.1.0.jar:/home/alex/.m2/repository/de/ruedigermoeller/fst/2.50/fst-2.50.jar:/home/alex/.m2/repository/com/cedarsoftware/java-util/1.9.0/java-util-1.9.0.jar:/home/alex/.m2/repository/com/cedarsoftware/json-io/2.5.1/json-io-2.5.1.jar:/home/alex/Repositories/hive/shims/scheduler/target/classes:/home/alex/Repositories/hive/spark-client/target/classes:/home/alex/.m2/repository/io/netty/netty-all/4.1.65.Final/netty-all-4.1.65.Final.jar:/home/alex/.m2/repository/com/fasterxml/jackson/module/jackson-module-scala_2.12/2.12.0/jackson-module-scala_2.12-2.12.0.jar:/home/alex/.m2/repository/org/apache/spark/spark-yarn_2.12/2.4.5/spark-yarn_2.12-2.4.5.jar:/home/alex/Repositories/hive/storage-api/target/classes:/home/alex/.m2/repository/com/amazonaws/aws-java-sdk-bundle/1.11.901/aws-java-sdk-bundle-1.11.901.jar:/home/alex/.m2/repository/com/amazonaws/secretsmanager/aws-secretsmanager-caching-java/1.0.1/aws-secretsmanager-caching-java-1.0.1.jar:/home/alex/.m2/repository/com/esotericsoftware/kryo/5.0.3/kryo-5.0.3.jar:/home/alex/.m2/repository/org/objenesis/objenesis/3.1/objenesis-3.1.jar:/home/alex/.m2/repository/com/esotericsoftware/minlog/1.3.1/minlog-1.3.1.jar:/home/alex/.m2/repository/com/esotericsoftware/reflectasm/1.11.9/reflectasm-1.11.9.jar:/home/alex/.m2/repository/com/google/protobuf/protobuf-java/2.5.0/protobuf-java-2.5.0.jar:/home/alex/.m2/repository/org/apache/hbase/hbase-common/2.0.0-alpha4/hbase-common-2.0.0-alpha4.jar:/home/alex/.m2/repository/org/apache/hbase/thirdparty/hbase-shaded-miscellaneous/1.0.1/hbase-shaded-miscellaneous-1.0.1.jar:/home/alex/.m2/repository/org/apache/htrace/htrace-core/3.2.0-incubating/htrace-core-3.2.0-incubating.jar:/home/alex/.m2/repository/org/apache/commons/commons-crypto/1.0.0/commons-crypto-1.0.0.jar:/home/alex/.m2/repository/com/github/stephenc/findbugs/findbugs-annotations/1.3.9-1/findbugs-annotations-1.3.9-1.jar:/home/alex/.m2/repository/log4j/log4j/1.2.17/log4j-1.2.17.jar:/home/alex/.m2/repository/org/apache/yetus/audience-annotations/0.5.0/audience-annotations-0.5.0.jar:/home/alex/.m2/repository/org/apache/parquet/parquet-hadoop-bundle/1.11.1/parquet-hadoop-bundle-1.11.1.jar:/home/alex/.m2/repository/commons-codec/commons-codec/1.15/commons-codec-1.15.jar:/home/alex/.m2/repository/commons-io/commons-io/2.6/commons-io-2.6.jar:/home/alex/.m2/repository/org/apache/commons/commons-collections4/4.1/commons-collections4-4.1.jar:/home/alex/.m2/repository/org/apache/commons/commons-lang3/3.9/commons-lang3-3.9.jar:/home/alex/.m2/repository/org/apache/commons/commons-text/1.8/commons-text-1.8.jar:/home/alex/.m2/repository/javolution/javolution/5.5.1/javolution-5.5.1.jar:/home/alex/.m2/repository/org/apache/logging/log4j/log4j-1.2-api/2.13.2/log4j-1.2-api-2.13.2.jar:/home/alex/.m2/repository/org/apache/logging/log4j/log4j-api/2.13.2/log4j-api-2.13.2.jar:/home/alex/.m2/repository/org/apache/logging/log4j/log4j-core/2.13.2/log4j-core-2.13.2.jar:/home/alex/.m2/repository/org/apache/logging/log4j/log4j-slf4j-impl/2.13.2/log4j-slf4j-impl-2.13.2.jar:/home/alex/.m2/repository/org/antlr/antlr-runtime/3.5.2/antlr-runtime-3.5.2.jar:/home/alex/.m2/repository/org/antlr/ST4/4.0.4/ST4-4.0.4.jar:/home/alex/.m2/repository/org/apache/avro/avro/1.8.2/avro-1.8.2.jar:/home/alex/.m2/repository/org/codehaus/jackson/jackson-core-asl/1.9.13/jackson-core-asl-1.9.13.jar:/home/alex/.m2/repository/org/codehaus/jackson/jackson-mapper-asl/1.9.13/jackson-mapper-asl-1.9.13.jar:/home/alex/.m2/repository/com/thoughtworks/paranamer/paranamer/2.8/paranamer-2.8.jar:/home/alex/.m2/repository/org/xerial/snappy/snappy-java/1.1.4/snappy-java-1.1.4.jar:/home/alex/.m2/repository/org/tukaani/xz/1.5/xz-1.5.jar:/home/alex/.m2/repository/org/apache/avro/avro-mapred/1.8.2/avro-mapred-1.8.2-hadoop2.jar:/home/alex/.m2/repository/org/apache/avro/avro-ipc/1.8.2/avro-ipc-1.8.2.jar:/home/alex/.m2/repository/org/mortbay/jetty/jetty/6.1.26/jetty-6.1.26.jar:/home/alex/.m2/repository/org/apache/ant/ant/1.9.1/ant-1.9.1.jar:/home/alex/.m2/repository/org/apache/ant/ant-launcher/1.9.1/ant-launcher-1.9.1.jar:/home/alex/.m2/repository/org/apache/commons/commons-compress/1.21/commons-compress-1.21.jar:/home/alex/.m2/repository/org/apache/thrift/libfb303/0.9.3/libfb303-0.9.3.jar:/home/alex/.m2/repository/org/apache/hadoop/hadoop-common/3.1.0/hadoop-common-3.1.0.jar:/home/alex/.m2/repository/org/apache/hadoop/hadoop-annotations/3.1.0/hadoop-annotations-3.1.0.jar:/home/alex/.m2/repository/commons-net/commons-net/3.6/commons-net-3.6.jar:/home/alex/.m2/repository/org/eclipse/jetty/jetty-util/9.3.27.v20190418/jetty-util-9.3.27.v20190418.jar:/home/alex/.m2/repository/javax/servlet/jsp/jsp-api/2.1/jsp-api-2.1.jar:/home/alex/.m2/repository/com/sun/jersey/jersey-core/1.19/jersey-core-1.19.jar:/home/alex/.m2/repository/javax/ws/rs/jsr311-api/1.1.1/jsr311-api-1.1.1.jar:/home/alex/.m2/repository/com/sun/jersey/jersey-json/1.19/jersey-json-1.19.jar:/home/alex/.m2/repository/com/sun/xml/bind/jaxb-impl/2.2.3-1/jaxb-impl-2.2.3-1.jar:/home/alex/.m2/repository/org/codehaus/jackson/jackson-jaxrs/1.9.2/jackson-jaxrs-1.9.2.jar:/home/alex/.m2/repository/org/codehaus/jackson/jackson-xc/1.9.2/jackson-xc-1.9.2.jar:/home/alex/.m2/repository/com/sun/jersey/jersey-server/1.19/jersey-server-1.19.jar:/home/alex/.m2/repository/org/apache/commons/commons-configuration2/2.1.1/commons-configuration2-2.1.1.jar:/home/alex/.m2/repository/org/apache/hadoop/hadoop-auth/3.1.0/hadoop-auth-3.1.0.jar:/home/alex/.m2/repository/com/nimbusds/nimbus-jose-jwt/4.41.1/nimbus-jose-jwt-4.41.1.jar:/home/alex/.m2/repository/com/github/stephenc/jcip/jcip-annotations/1.0-1/jcip-annotations-1.0-1.jar:/home/alex/.m2/repository/com/jcraft/jsch/0.1.54/jsch-0.1.54.jar:/home/alex/.m2/repository/org/apache/htrace/htrace-core4/4.1.0-incubating/htrace-core4-4.1.0-incubating.jar:/home/alex/.m2/repository/org/apache/kerby/kerb-simplekdc/1.0.1/kerb-simplekdc-1.0.1.jar:/home/alex/.m2/repository/org/apache/kerby/kerb-client/1.0.1/kerb-client-1.0.1.jar:/home/alex/.m2/repository/org/apache/kerby/kerby-config/1.0.1/kerby-config-1.0.1.jar:/home/alex/.m2/repository/org/apache/kerby/kerb-core/1.0.1/kerb-core-1.0.1.jar:/home/alex/.m2/repository/org/apache/kerby/kerby-pkix/1.0.1/kerby-pkix-1.0.1.jar:/home/alex/.m2/repository/org/apache/kerby/kerby-asn1/1.0.1/kerby-asn1-1.0.1.jar:/home/alex/.m2/repository/org/apache/kerby/kerby-util/1.0.1/kerby-util-1.0.1.jar:/home/alex/.m2/repository/org/apache/kerby/kerb-common/1.0.1/kerb-common-1.0.1.jar:/home/alex/.m2/repository/org/apache/kerby/kerb-crypto/1.0.1/kerb-crypto-1.0.1.jar:/home/alex/.m2/repository/org/apache/kerby/kerb-util/1.0.1/kerb-util-1.0.1.jar:/home/alex/.m2/repository/org/apache/kerby/token-provider/1.0.1/token-provider-1.0.1.jar:/home/alex/.m2/repository/org/apache/kerby/kerb-admin/1.0.1/kerb-admin-1.0.1.jar:/home/alex/.m2/repository/org/apache/kerby/kerb-server/1.0.1/kerb-server-1.0.1.jar:/home/alex/.m2/repository/org/apache/kerby/kerb-identity/1.0.1/kerb-identity-1.0.1.jar:/home/alex/.m2/repository/org/apache/kerby/kerby-xdr/1.0.1/kerby-xdr-1.0.1.jar:/home/alex/.m2/repository/org/codehaus/woodstox/stax2-api/3.1.4/stax2-api-3.1.4.jar:/home/alex/.m2/repository/com/fasterxml/woodstox/woodstox-core/5.0.3/woodstox-core-5.0.3.jar:/home/alex/.m2/repository/org/apache/hadoop/hadoop-archives/3.1.0/hadoop-archives-3.1.0.jar:/home/alex/.m2/repository/org/apache/hadoop/hadoop-yarn-registry/3.1.0/hadoop-yarn-registry-3.1.0.jar:/home/alex/.m2/repository/org/apache/curator/curator-client/4.2.0/curator-client-4.2.0.jar:/home/alex/.m2/repository/org/apache/curator/curator-recipes/4.2.0/curator-recipes-4.2.0.jar:/home/alex/.m2/repository/commons-daemon/commons-daemon/1.0.13/commons-daemon-1.0.13.jar:/home/alex/.m2/repository/dnsjava/dnsjava/2.1.7/dnsjava-2.1.7.jar:/home/alex/.m2/repository/org/apache/hadoop/hadoop-mapreduce-client-core/3.1.0/hadoop-mapreduce-client-core-3.1.0.jar:/home/alex/.m2/repository/org/apache/hadoop/hadoop-hdfs-client/3.1.0/hadoop-hdfs-client-3.1.0.jar:/home/alex/.m2/repository/com/squareup/okhttp/okhttp/2.7.5/okhttp-2.7.5.jar:/home/alex/.m2/repository/com/squareup/okio/okio/1.6.0/okio-1.6.0.jar:/home/alex/.m2/repository/com/google/inject/extensions/guice-servlet/4.0/guice-servlet-4.0.jar:/home/alex/.m2/repository/org/apache/hadoop/hadoop-mapreduce-client-common/3.1.0/hadoop-mapreduce-client-common-3.1.0.jar:/home/alex/.m2/repository/org/apache/hadoop/hadoop-hdfs/3.1.0/hadoop-hdfs-3.1.0.jar:/home/alex/.m2/repository/org/eclipse/jetty/jetty-util-ajax/9.3.19.v20170502/jetty-util-ajax-9.3.19.v20170502.jar:/home/alex/.m2/repository/org/fusesource/leveldbjni/leveldbjni-all/1.8/leveldbjni-all-1.8.jar:/home/alex/.m2/repository/org/apache/hadoop/hadoop-yarn-api/3.1.0/hadoop-yarn-api-3.1.0.jar:/home/alex/.m2/repository/javax/xml/bind/jaxb-api/2.2.11/jaxb-api-2.2.11.jar:/home/alex/.m2/repository/org/apache/hadoop/hadoop-yarn-common/3.1.0/hadoop-yarn-common-3.1.0.jar:/home/alex/.m2/repository/com/google/inject/guice/4.0/guice-4.0.jar:/home/alex/.m2/repository/aopalliance/aopalliance/1.0/aopalliance-1.0.jar:/home/alex/.m2/repository/com/sun/jersey/contribs/jersey-guice/1.19/jersey-guice-1.19.jar:/home/alex/.m2/repository/com/fasterxml/jackson/module/jackson-module-jaxb-annotations/2.12.0/jackson-module-jaxb-annotations-2.12.0.jar:/home/alex/.m2/repository/jakarta/xml/bind/jakarta.xml.bind-api/2.3.2/jakarta.xml.bind-api-2.3.2.jar:/home/alex/.m2/repository/jakarta/activation/jakarta.activation-api/1.2.1/jakarta.activation-api-1.2.1.jar:/home/alex/.m2/repository/org/apache/hadoop/hadoop-yarn-client/3.1.0/hadoop-yarn-client-3.1.0.jar:/home/alex/.m2/repository/org/apache/orc/orc-tools/1.6.9/orc-tools-1.6.9.jar:/home/alex/.m2/repository/com/opencsv/opencsv/3.9/opencsv-3.9.jar:/home/alex/.m2/repository/org/codehaus/jettison/jettison/1.1/jettison-1.1.jar:/home/alex/.m2/repository/org/threeten/threetenbp/1.3.5/threetenbp-1.3.5.jar:/home/alex/.m2/repository/org/apache/ivy/ivy/2.4.0/ivy-2.4.0.jar:/home/alex/.m2/repository/org/apache/thrift/libthrift/0.14.1/libthrift-0.14.1.jar:/home/alex/.m2/repository/org/apache/httpcomponents/httpcore/4.4.13/httpcore-4.4.13.jar:/home/alex/.m2/repository/org/apache/tomcat/embed/tomcat-embed-core/8.5.46/tomcat-embed-core-8.5.46.jar:/home/alex/.m2/repository/org/apache/tomcat/tomcat-annotations-api/8.5.46/tomcat-annotations-api-8.5.46.jar:/home/alex/.m2/repository/javax/annotation/javax.annotation-api/1.3.2/javax.annotation-api-1.3.2.jar:/home/alex/.m2/repository/org/apache/zookeeper/zookeeper/3.5.5/zookeeper-3.5.5.jar:/home/alex/.m2/repository/org/apache/zookeeper/zookeeper-jute/3.5.5/zookeeper-jute-3.5.5.jar:/home/alex/.m2/repository/org/apache/curator/curator-framework/4.2.0/curator-framework-4.2.0.jar:/home/alex/.m2/repository/org/apache/curator/curator-test/4.2.0/curator-test-4.2.0.jar:/home/alex/.m2/repository/org/apache/datasketches/datasketches-hive/1.1.0-incubating/datasketches-hive-1.1.0-incubating.jar:/home/alex/.m2/repository/org/apache/datasketches/datasketches-java/1.3.0-incubating/datasketches-java-1.3.0-incubating.jar:/home/alex/.m2/repository/org/apache/datasketches/datasketches-memory/1.2.0-incubating/datasketches-memory-1.2.0-incubating.jar:/home/alex/.m2/repository/org/slf4j/slf4j-simple/1.7.27/slf4j-simple-1.7.27.jar:/home/alex/.m2/repository/com/lmax/disruptor/3.3.7/disruptor-3.3.7.jar:/home/alex/.m2/repository/org/codehaus/groovy/groovy-all/2.4.11/groovy-all-2.4.11.jar:/home/alex/.m2/repository/org/jodd/jodd-util/6.0.0/jodd-util-6.0.0.jar:/home/alex/.m2/repository/com/fasterxml/jackson/core/jackson-annotations/2.12.0/jackson-annotations-2.12.0.jar:/home/alex/.m2/repository/com/fasterxml/jackson/core/jackson-core/2.12.0/jackson-core-2.12.0.jar:/home/alex/.m2/repository/com/fasterxml/jackson/core/jackson-databind/2.12.0/jackson-databind-2.12.0.jar:/home/alex/.m2/repository/com/fasterxml/jackson/dataformat/jackson-dataformat-yaml/2.12.0/jackson-dataformat-yaml-2.12.0.jar:/home/alex/.m2/repository/org/yaml/snakeyaml/1.27/snakeyaml-1.27.jar:/home/alex/.m2/repository/org/datanucleus/datanucleus-core/5.2.4/datanucleus-core-5.2.4.jar:/home/alex/.m2/repository/org/apache/calcite/calcite-core/1.25.0/calcite-core-1.25.0.jar:/home/alex/.m2/repository/org/apache/calcite/calcite-linq4j/1.25.0/calcite-linq4j-1.25.0.jar:/home/alex/.m2/repository/org/apiguardian/apiguardian-api/1.1.0/apiguardian-api-1.1.0.jar:/home/alex/.m2/repository/com/esri/geometry/esri-geometry-api/2.2.0/esri-geometry-api-2.2.0.jar:/home/alex/.m2/repository/com/yahoo/datasketches/sketches-core/0.9.0/sketches-core-0.9.0.jar:/home/alex/.m2/repository/com/yahoo/datasketches/memory/0.9.0/memory-0.9.0.jar:/home/alex/.m2/repository/org/apache/commons/commons-dbcp2/2.7.0/commons-dbcp2-2.7.0.jar:/home/alex/.m2/repository/org/apache/commons/commons-pool2/2.7.0/commons-pool2-2.7.0.jar:/home/alex/.m2/repository/org/apache/calcite/calcite-druid/1.25.0/calcite-druid-1.25.0.jar:/home/alex/.m2/repository/org/apache/calcite/avatica/avatica/1.12.0/avatica-1.12.0.jar:/home/alex/.m2/repository/com/google/guava/guava/19.0/guava-19.0.jar:/home/alex/.m2/repository/com/googlecode/javaewah/JavaEWAH/0.3.2/JavaEWAH-0.3.2.jar:/home/alex/.m2/repository/com/google/code/gson/gson/2.2.4/gson-2.2.4.jar:/home/alex/.m2/repository/com/tdunning/json/1.8/json-1.8.jar:/home/alex/.m2/repository/stax/stax-api/1.0.1/stax-api-1.0.1.jar:/home/alex/.m2/repository/net/sf/opencsv/opencsv/2.3/opencsv-2.3.jar:/home/alex/Repositories/hive/standalone-metastore/metastore-server/target/classes:/home/alex/.m2/repository/com/zaxxer/HikariCP/2.6.1/HikariCP-2.6.1.jar:/home/alex/.m2/repository/commons-beanutils/commons-beanutils/1.9.4/commons-beanutils-1.9.4.jar:/home/alex/.m2/repository/org/datanucleus/datanucleus-api-jdo/5.2.4/datanucleus-api-jdo-5.2.4.jar:/home/alex/.m2/repository/org/datanucleus/datanucleus-rdbms/5.2.4/datanucleus-rdbms-5.2.4.jar:/home/alex/.m2/repository/org/datanucleus/javax.jdo/3.2.0-release/javax.jdo-3.2.0-release.jar:/home/alex/.m2/repository/javax/transaction/javax.transaction-api/1.3/javax.transaction-api-1.3.jar:/home/alex/.m2/repository/org/glassfish/corba/glassfish-corba-omgapi/4.2.2/glassfish-corba-omgapi-4.2.2.jar:/home/alex/.m2/repository/sqlline/sqlline/1.9.0/sqlline-1.9.0.jar:/home/alex/.m2/repository/org/jline/jline-terminal/3.12.1/jline-terminal-3.12.1.jar:/home/alex/.m2/repository/org/jline/jline-reader/3.12.1/jline-reader-3.12.1.jar:/home/alex/.m2/repository/org/jline/jline-terminal-jansi/3.12.1/jline-terminal-jansi-3.12.1.jar:/home/alex/.m2/repository/org/fusesource/jansi/jansi/1.18/jansi-1.18.jar:/home/alex/.m2/repository/org/jline/jline-terminal-jna/3.12.1/jline-terminal-jna-3.12.1.jar:/home/alex/.m2/repository/net/java/dev/jna/jna/5.3.1/jna-5.3.1.jar:/home/alex/.m2/repository/org/jline/jline-builtins/3.12.1/jline-builtins-3.12.1.jar:/home/alex/.m2/repository/org/jline/jline-style/3.12.1/jline-style-3.12.1.jar:/home/alex/.m2/repository/com/cronutils/cron-utils/9.1.3/cron-utils-9.1.3.jar:/home/alex/.m2/repository/org/glassfish/javax.el/3.0.0/javax.el-3.0.0.jar:/home/alex/.m2/repository/com/oracle/database/jdbc/ojdbc8/21.3.0.0/ojdbc8-21.3.0.0.jar:/home/alex/.m2/repository/mysql/mysql-connector-java/8.0.27/mysql-connector-java-8.0.27.jar:/home/alex/.m2/repository/com/microsoft/sqlserver/mssql-jdbc/6.2.1.jre8/mssql-jdbc-6.2.1.jre8.jar:/home/alex/.m2/repository/org/postgresql/postgresql/42.2.14/postgresql-42.2.14.jar:/home/alex/Repositories/hive/common/target/test-classes:/home/alex/Repositories/hive/standalone-metastore/metastore-common/target/test-classes:/home/alex/.m2/repository/com/github/ben-manes/caffeine/caffeine/2.8.4/caffeine-2.8.4.jar:/home/alex/.m2/repository/org/checkerframework/checker-qual/3.4.0/checker-qual-3.4.0.jar:/home/alex/Repositories/hive/standalone-metastore/metastore-server/target/test-classes:/home/alex/.m2/repository/org/apache/parquet/parquet-column/1.11.1/parquet-column-1.11.1-tests.jar:/home/alex/.m2/repository/org/apache/parquet/parquet-common/1.11.1/parquet-common-1.11.1.jar:/home/alex/.m2/repository/org/apache/parquet/parquet-format-structures/1.11.1/parquet-format-structures-1.11.1.jar:/home/alex/.m2/repository/org/apache/parquet/parquet-encoding/1.11.1/parquet-encoding-1.11.1.jar:/home/alex/.m2/repository/junit/junit/4.13/junit-4.13.jar:/home/alex/.m2/repository/org/hamcrest/hamcrest-core/1.3/hamcrest-core-1.3.jar:/home/alex/.m2/repository/org/junit/jupiter/junit-jupiter-engine/5.6.2/junit-jupiter-engine-5.6.2.jar:/home/alex/.m2/repository/org/junit/platform/junit-platform-engine/1.6.2/junit-platform-engine-1.6.2.jar:/home/alex/.m2/repository/org/opentest4j/opentest4j/1.2.0/opentest4j-1.2.0.jar:/home/alex/.m2/repository/org/junit/platform/junit-platform-commons/1.6.2/junit-platform-commons-1.6.2.jar:/home/alex/.m2/repository/org/junit/jupiter/junit-jupiter-api/5.6.2/junit-jupiter-api-5.6.2.jar:/home/alex/.m2/repository/org/junit/jupiter/junit-jupiter-params/5.6.2/junit-jupiter-params-5.6.2.jar:/home/alex/.m2/repository/org/junit/vintage/junit-vintage-engine/5.6.2/junit-vintage-engine-5.6.2.jar:/home/alex/.m2/repository/org/apache/tez/tez-api/0.10.1/tez-api-0.10.1.jar:/usr/lib/jvm/java-8-openjdk-amd64/jre/../lib/tools.jar:/home/alex/.m2/repository/org/apache/tez/tez-runtime-library/0.10.1/tez-runtime-library-0.10.1.jar:/home/alex/.m2/repository/org/roaringbitmap/RoaringBitmap/0.5.21/RoaringBitmap-0.5.21.jar:/home/alex/.m2/repository/org/asynchttpclient/async-http-client/2.12.1/async-http-client-2.12.1.jar:/home/alex/.m2/repository/org/asynchttpclient/async-http-client-netty-utils/2.12.1/async-http-client-netty-utils-2.12.1.jar:/home/alex/.m2/repository/io/netty/netty-buffer/4.1.48.Final/netty-buffer-4.1.48.Final.jar:/home/alex/.m2/repository/io/netty/netty-codec-http/4.1.48.Final/netty-codec-http-4.1.48.Final.jar:/home/alex/.m2/repository/io/netty/netty-common/4.1.48.Final/netty-common-4.1.48.Final.jar:/home/alex/.m2/repository/io/netty/netty-transport/4.1.48.Final/netty-transport-4.1.48.Final.jar:/home/alex/.m2/repository/io/netty/netty-codec/4.1.48.Final/netty-codec-4.1.48.Final.jar:/home/alex/.m2/repository/io/netty/netty-handler/4.1.48.Final/netty-handler-4.1.48.Final.jar:/home/alex/.m2/repository/io/netty/netty-resolver/4.1.48.Final/netty-resolver-4.1.48.Final.jar:/home/alex/.m2/repository/io/netty/netty-codec-socks/4.1.48.Final/netty-codec-socks-4.1.48.Final.jar:/home/alex/.m2/repository/io/netty/netty-handler-proxy/4.1.48.Final/netty-handler-proxy-4.1.48.Final.jar:/home/alex/.m2/repository/io/netty/netty-transport-native-epoll/4.1.48.Final/netty-transport-native-epoll-4.1.48.Final-linux-x86_64.jar:/home/alex/.m2/repository/io/netty/netty-transport-native-unix-common/4.1.48.Final/netty-transport-native-unix-common-4.1.48.Final.jar:/home/alex/.m2/repository/io/netty/netty-transport-native-kqueue/4.1.48.Final/netty-transport-native-kqueue-4.1.48.Final-osx-x86_64.jar:/home/alex/.m2/repository/org/reactivestreams/reactive-streams/1.0.3/reactive-streams-1.0.3.jar:/home/alex/.m2/repository/com/typesafe/netty/netty-reactive-streams/2.0.4/netty-reactive-streams-2.0.4.jar:/home/alex/.m2/repository/com/sun/activation/javax.activation/1.2.0/javax.activation-1.2.0.jar:/home/alex/.m2/repository/org/apache/tez/tez-common/0.10.1/tez-common-0.10.1.jar:/home/alex/.m2/repository/org/apache/tez/tez-runtime-internals/0.10.1/tez-runtime-internals-0.10.1.jar:/home/alex/.m2/repository/org/apache/tez/hadoop-shim/0.10.1/hadoop-shim-0.10.1.jar:/home/alex/.m2/repository/org/apache/tez/tez-mapreduce/0.10.1/tez-mapreduce-0.10.1.jar:/home/alex/.m2/repository/org/apache/tez/tez-dag/0.10.1/tez-dag-0.10.1.jar:/home/alex/.m2/repository/org/apache/hadoop/hadoop-yarn-server-web-proxy/3.1.0/hadoop-yarn-server-web-proxy-3.1.0.jar:/home/alex/.m2/repository/org/apache/hadoop/hadoop-yarn-server-common/3.1.0/hadoop-yarn-server-common-3.1.0.jar:/home/alex/.m2/repository/org/apache/geronimo/specs/geronimo-jcache_1.0_spec/1.0-alpha-1/geronimo-jcache_1.0_spec-1.0-alpha-1.jar:/home/alex/.m2/repository/org/ehcache/ehcache/3.3.1/ehcache-3.3.1.jar:/home/alex/.m2/repository/com/zaxxer/HikariCP-java7/2.4.12/HikariCP-java7-2.4.12.jar:/home/alex/.m2/repository/org/apache/spark/spark-core_2.12/2.4.5/spark-core_2.12-2.4.5.jar:/home/alex/.m2/repository/com/twitter/chill_2.12/0.9.3/chill_2.12-0.9.3.jar:/home/alex/.m2/repository/com/twitter/chill-java/0.9.3/chill-java-0.9.3.jar:/home/alex/.m2/repository/org/apache/xbean/xbean-asm6-shaded/4.8/xbean-asm6-shaded-4.8.jar:/home/alex/.m2/repository/org/apache/hadoop/hadoop-client/3.1.0/hadoop-client-3.1.0.jar:/home/alex/.m2/repository/org/apache/hadoop/hadoop-mapreduce-client-jobclient/3.1.0/hadoop-mapreduce-client-jobclient-3.1.0.jar:/home/alex/.m2/repository/org/apache/spark/spark-launcher_2.12/2.4.5/spark-launcher_2.12-2.4.5.jar:/home/alex/.m2/repository/org/apache/spark/spark-kvstore_2.12/2.4.5/spark-kvstore_2.12-2.4.5.jar:/home/alex/.m2/repository/org/apache/spark/spark-network-common_2.12/2.4.5/spark-network-common_2.12-2.4.5.jar:/home/alex/.m2/repository/org/apache/spark/spark-network-shuffle_2.12/2.4.5/spark-network-shuffle_2.12-2.4.5.jar:/home/alex/.m2/repository/org/apache/spark/spark-unsafe_2.12/2.4.5/spark-unsafe_2.12-2.4.5.jar:/home/alex/.m2/repository/javax/activation/activation/1.1.1/activation-1.1.1.jar:/home/alex/.m2/repository/org/slf4j/jul-to-slf4j/1.7.16/jul-to-slf4j-1.7.16.jar:/home/alex/.m2/repository/org/slf4j/jcl-over-slf4j/1.7.16/jcl-over-slf4j-1.7.16.jar:/home/alex/.m2/repository/com/ning/compress-lzf/1.0.3/compress-lzf-1.0.3.jar:/home/alex/.m2/repository/org/lz4/lz4-java/1.4.0/lz4-java-1.4.0.jar:/home/alex/.m2/repository/com/github/luben/zstd-jni/1.3.2-2/zstd-jni-1.3.2-2.jar:/home/alex/.m2/repository/org/scala-lang/scala-library/2.12.10/scala-library-2.12.10.jar:/home/alex/.m2/repository/org/json4s/json4s-jackson_2.12/3.5.3/json4s-jackson_2.12-3.5.3.jar:/home/alex/.m2/repository/org/json4s/json4s-core_2.12/3.5.3/json4s-core_2.12-3.5.3.jar:/home/alex/.m2/repository/org/json4s/json4s-ast_2.12/3.5.3/json4s-ast_2.12-3.5.3.jar:/home/alex/.m2/repository/org/json4s/json4s-scalap_2.12/3.5.3/json4s-scalap_2.12-3.5.3.jar:/home/alex/.m2/repository/org/scala-lang/modules/scala-xml_2.12/1.0.6/scala-xml_2.12-1.0.6.jar:/home/alex/.m2/repository/com/clearspring/analytics/stream/2.7.0/stream-2.7.0.jar:/home/alex/.m2/repository/io/dropwizard/metrics/metrics-graphite/3.1.5/metrics-graphite-3.1.5.jar:/home/alex/.m2/repository/oro/oro/2.0.8/oro-2.0.8.jar:/home/alex/.m2/repository/net/razorvine/pyrolite/4.13/pyrolite-4.13.jar:/home/alex/.m2/repository/net/sf/py4j/py4j/0.10.7/py4j-0.10.7.jar:/home/alex/.m2/repository/org/apache/spark/spark-tags_2.12/2.4.5/spark-tags_2.12-2.4.5.jar:/home/alex/.m2/repository/org/spark-project/spark/unused/1.0.0/unused-1.0.0.jar:/home/alex/.m2/repository/com/sun/jersey/jersey-servlet/1.19/jersey-servlet-1.19.jar:/home/alex/.m2/repository/org/glassfish/jersey/core/jersey-server/2.22.2/jersey-server-2.22.2.jar:/home/alex/.m2/repository/org/glassfish/jersey/core/jersey-common/2.22.2/jersey-common-2.22.2.jar:/home/alex/.m2/repository/org/glassfish/jersey/bundles/repackaged/jersey-guava/2.22.2/jersey-guava-2.22.2.jar:/home/alex/.m2/repository/org/glassfish/hk2/osgi-resource-locator/1.0.1/osgi-resource-locator-1.0.1.jar:/home/alex/.m2/repository/org/glassfish/jersey/core/jersey-client/2.22.2/jersey-client-2.22.2.jar:/home/alex/.m2/repository/javax/ws/rs/javax.ws.rs-api/2.0.1/javax.ws.rs-api-2.0.1.jar:/home/alex/.m2/repository/org/glassfish/jersey/media/jersey-media-jaxb/2.22.2/jersey-media-jaxb-2.22.2.jar:/home/alex/.m2/repository/org/glassfish/hk2/hk2-api/2.4.0-b34/hk2-api-2.4.0-b34.jar:/home/alex/.m2/repository/org/glassfish/hk2/hk2-utils/2.4.0-b34/hk2-utils-2.4.0-b34.jar:/home/alex/.m2/repository/org/glassfish/hk2/external/aopalliance-repackaged/2.4.0-b34/aopalliance-repackaged-2.4.0-b34.jar:/home/alex/.m2/repository/org/glassfish/hk2/external/javax.inject/2.4.0-b34/javax.inject-2.4.0-b34.jar:/home/alex/.m2/repository/org/glassfish/hk2/hk2-locator/2.4.0-b34/hk2-locator-2.4.0-b34.jar:/home/alex/.m2/repository/javax/validation/validation-api/1.1.0.Final/validation-api-1.1.0.Final.jar:/home/alex/.m2/repository/org/glassfish/jersey/containers/jersey-container-servlet-core/2.22.2/jersey-container-servlet-core-2.22.2.jar:/home/alex/.m2/repository/org/hamcrest/hamcrest-all/1.3/hamcrest-all-1.3.jar:/home/alex/.m2/repository/org/powermock/powermock-module-junit4/2.0.2/powermock-module-junit4-2.0.2.jar:/home/alex/.m2/repository/org/powermock/powermock-module-junit4-common/2.0.2/powermock-module-junit4-common-2.0.2.jar:/home/alex/.m2/repository/org/powermock/powermock-reflect/2.0.2/powermock-reflect-2.0.2.jar:/home/alex/.m2/repository/org/powermock/powermock-core/2.0.2/powermock-core-2.0.2.jar:/home/alex/.m2/repository/org/powermock/powermock-api-mockito2/2.0.2/powermock-api-mockito2-2.0.2.jar:/home/alex/.m2/repository/org/powermock/powermock-api-support/2.0.2/powermock-api-support-2.0.2.jar:/home/alex/.m2/repository/com/google/guava/guava-testlib/19.0/guava-testlib-19.0.jar:/home/alex/.m2/repository/com/google/errorprone/error_prone_annotations/2.0.2/error_prone_annotations-2.0.2.jar:/home/alex/.m2/repository/com/google/re2j/re2j/1.2/re2j-1.2.jar:/home/alex/.m2/repository/org/reflections/reflections/0.9.10/reflections-0.9.10.jar:/home/alex/.m2/repository/org/javassist/javassist/3.19.0-GA/javassist-3.19.0-GA.jar:/home/alex/.m2/repository/com/jayway/jsonpath/json-path/2.4.0/json-path-2.4.0.jar:/home/alex/.m2/repository/net/minidev/json-smart/2.3/json-smart-2.3.jar:/home/alex/.m2/repository/net/minidev/accessors-smart/1.2/accessors-smart-1.2.jar:/home/alex/.m2/repository/org/ow2/asm/asm/5.0.4/asm-5.0.4.jar:/home/alex/.m2/repository/org/codehaus/janino/commons-compiler/3.0.11/commons-compiler-3.0.11.jar:/home/alex/.m2/repository/org/codehaus/janino/janino/3.0.11/janino-3.0.11.jar:/home/alex/.m2/repository/com/sun/jersey/contribs/jersey-multipart/1.19/jersey-multipart-1.19.jar:/home/alex/.m2/repository/org/jvnet/mimepull/mimepull/1.9.3/mimepull-1.9.3.jar:/home/alex/.m2/repository/org/apache/kafka/kafka-clients/2.5.0/kafka-clients-2.5.0.jar:/home/alex/.m2/repository/org/slf4j/slf4j-api/1.7.30/slf4j-api-1.7.30.jar:/home/alex/.m2/repository/org/mockito/mockito-core/3.4.4/mockito-core-3.4.4.jar:/home/alex/.m2/repository/net/bytebuddy/byte-buddy/1.10.13/byte-buddy-1.10.13.jar:/home/alex/.m2/repository/net/bytebuddy/byte-buddy-agent/1.10.13/byte-buddy-agent-1.10.13.jar:/home/alex/Repositories/hive/ql/target/testconf:/home/alex/Repositories/hive/ql/../conf:"/>
    <property name="java.vm.vendor" value="Private Build"/>
    <property name="hadoop.version" value="3.1.0"/>
    <property name="user.timezone" value="US/Pacific"/>
    <property name="test.local.warehouse.dir" value="pfile:///home/alex/Repositories/hive/ql/target/localfs/warehouse"/>
    <property name="os.name" value="Linux"/>
    <property name="java.vm.specification.version" value="1.8"/>
    <property name="test.build.data" value="/home/alex/Repositories/hive/ql/target/tmp"/>
    <property name="clustermode" value=""/>
    <property name="sun.java.launcher" value="SUN_STANDARD"/>
    <property name="user.country" value="US"/>
    <property name="test.data.files" value="/home/alex/Repositories/hive/ql/../data/files"/>
    <property name="nondexLogging" value="CONFIG"/>
    <property name="surefire.test.class.path" value="/home/alex/Repositories/hive/ql/target/test-classes:/home/alex/Repositories/hive/ql/target/classes:/home/alex/.m2/repository/org/apache/atlas/atlas-client-v2/2.1.0/atlas-client-v2-2.1.0.jar:/home/alex/.m2/repository/cglib/cglib/2.2.2/cglib-2.2.2.jar:/home/alex/.m2/repository/asm/asm/3.3.1/asm-3.3.1.jar:/home/alex/.m2/repository/org/apache/atlas/atlas-client-common/2.1.0/atlas-client-common-2.1.0.jar:/home/alex/.m2/repository/org/apache/httpcomponents/httpclient/4.5.13/httpclient-4.5.13.jar:/home/alex/.m2/repository/com/sun/jersey/jersey-client/1.19/jersey-client-1.19.jar:/home/alex/.m2/repository/org/apache/atlas/atlas-intg/2.1.0/atlas-intg-2.1.0.jar:/home/alex/.m2/repository/commons-collections/commons-collections/3.2.2/commons-collections-3.2.2.jar:/home/alex/.m2/repository/commons-validator/commons-validator/1.6/commons-validator-1.6.jar:/home/alex/.m2/repository/commons-digester/commons-digester/1.8.1/commons-digester-1.8.1.jar:/home/alex/.m2/repository/com/fasterxml/jackson/jaxrs/jackson-jaxrs-base/2.12.0/jackson-jaxrs-base-2.12.0.jar:/home/alex/.m2/repository/com/fasterxml/jackson/jaxrs/jackson-jaxrs-json-provider/2.12.0/jackson-jaxrs-json-provider-2.12.0.jar:/home/alex/.m2/repository/javax/inject/javax.inject/1/javax.inject-1.jar:/home/alex/.m2/repository/org/springframework/spring-context/4.3.20.RELEASE/spring-context-4.3.20.RELEASE.jar:/home/alex/.m2/repository/org/springframework/spring-aop/4.3.20.RELEASE/spring-aop-4.3.20.RELEASE.jar:/home/alex/.m2/repository/org/springframework/spring-beans/4.3.20.RELEASE/spring-beans-4.3.20.RELEASE.jar:/home/alex/.m2/repository/org/springframework/spring-core/4.3.20.RELEASE/spring-core-4.3.20.RELEASE.jar:/home/alex/.m2/repository/org/springframework/spring-expression/4.3.20.RELEASE/spring-expression-4.3.20.RELEASE.jar:/home/alex/.m2/repository/commons-configuration/commons-configuration/1.10/commons-configuration-1.10.jar:/home/alex/.m2/repository/commons-lang/commons-lang/2.6/commons-lang-2.6.jar:/home/alex/.m2/repository/commons-logging/commons-logging/1.1.1/commons-logging-1.1.1.jar:/home/alex/.m2/repository/org/apache/commons/commons-math3/3.6.1/commons-math3-3.6.1.jar:/home/alex/Repositories/hive/vector-code-gen/target/classes:/home/alex/.m2/repository/org/apache/velocity/velocity/1.5/velocity-1.5.jar:/home/alex/Repositories/hive/common/target/classes:/home/alex/Repositories/hive/classification/target/classes:/home/alex/Repositories/hive/standalone-metastore/metastore-common/target/classes:/home/alex/.m2/repository/commons-cli/commons-cli/1.4/commons-cli-1.4.jar:/home/alex/.m2/repository/org/apache/orc/orc-core/1.6.9/orc-core-1.6.9.jar:/home/alex/.m2/repository/org/apache/orc/orc-shims/1.6.9/orc-shims-1.6.9.jar:/home/alex/.m2/repository/io/airlift/aircompressor/0.19/aircompressor-0.19.jar:/home/alex/.m2/repository/org/jetbrains/annotations/17.0.0/annotations-17.0.0.jar:/home/alex/.m2/repository/org/threeten/threeten-extra/1.5.0/threeten-extra-1.5.0.jar:/home/alex/.m2/repository/jline/jline/2.14.6/jline-2.14.6.jar:/home/alex/.m2/repository/javax/servlet/javax.servlet-api/3.1.0/javax.servlet-api-3.1.0.jar:/home/alex/.m2/repository/org/eclipse/jetty/jetty-http/9.3.27.v20190418/jetty-http-9.3.27.v20190418.jar:/home/alex/.m2/repository/org/eclipse/jetty/jetty-rewrite/9.3.27.v20190418/jetty-rewrite-9.3.27.v20190418.jar:/home/alex/.m2/repository/org/eclipse/jetty/jetty-client/9.3.27.v20190418/jetty-client-9.3.27.v20190418.jar:/home/alex/.m2/repository/org/eclipse/jetty/jetty-server/9.3.27.v20190418/jetty-server-9.3.27.v20190418.jar:/home/alex/.m2/repository/org/eclipse/jetty/jetty-io/9.3.27.v20190418/jetty-io-9.3.27.v20190418.jar:/home/alex/.m2/repository/org/eclipse/jetty/jetty-servlet/9.3.27.v20190418/jetty-servlet-9.3.27.v20190418.jar:/home/alex/.m2/repository/org/eclipse/jetty/jetty-security/9.3.27.v20190418/jetty-security-9.3.27.v20190418.jar:/home/alex/.m2/repository/org/eclipse/jetty/jetty-webapp/9.3.27.v20190418/jetty-webapp-9.3.27.v20190418.jar:/home/alex/.m2/repository/org/eclipse/jetty/jetty-xml/9.3.27.v20190418/jetty-xml-9.3.27.v20190418.jar:/home/alex/.m2/repository/joda-time/joda-time/2.9.9/joda-time-2.9.9.jar:/home/alex/.m2/repository/org/apache/logging/log4j/log4j-web/2.13.2/log4j-web-2.13.2.jar:/home/alex/.m2/repository/net/sf/jpam/jpam/1.1/jpam-1.1.jar:/home/alex/.m2/repository/io/dropwizard/metrics/metrics-core/3.1.0/metrics-core-3.1.0.jar:/home/alex/.m2/repository/io/dropwizard/metrics/metrics-jvm/3.1.0/metrics-jvm-3.1.0.jar:/home/alex/.m2/repository/io/dropwizard/metrics/metrics-json/3.1.0/metrics-json-3.1.0.jar:/home/alex/.m2/repository/com/github/joshelser/dropwizard-metrics-hadoop-metrics2-reporter/0.1.2/dropwizard-metrics-hadoop-metrics2-reporter-0.1.2.jar:/home/alex/Repositories/hive/metastore/target/classes:/home/alex/.m2/repository/org/apache/derby/derby/10.14.1.0/derby-10.14.1.0.jar:/home/alex/Repositories/hive/serde/target/classes:/home/alex/.m2/repository/com/google/code/findbugs/jsr305/3.0.0/jsr305-3.0.0.jar:/home/alex/.m2/repository/org/apache/arrow/arrow-vector/0.15.1/arrow-vector-0.15.1.jar:/home/alex/.m2/repository/org/apache/arrow/arrow-format/0.15.1/arrow-format-0.15.1.jar:/home/alex/.m2/repository/org/apache/arrow/arrow-memory/0.15.1/arrow-memory-0.15.1.jar:/home/alex/.m2/repository/com/google/flatbuffers/flatbuffers-java/1.9.0/flatbuffers-java-1.9.0.jar:/home/alex/.m2/repository/com/carrotsearch/hppc/0.7.2/hppc-0.7.2.jar:/home/alex/.m2/repository/com/github/davidmoten/flatbuffers-java/1.6.0.1/flatbuffers-java-1.6.0.1.jar:/home/alex/Repositories/hive/parser/target/classes:/home/alex/Repositories/hive/udf/target/classes:/home/alex/Repositories/hive/service-rpc/target/classes:/home/alex/Repositories/hive/llap-client/target/classes:/home/alex/Repositories/hive/llap-common/target/classes:/home/alex/.m2/repository/io/jsonwebtoken/jjwt-api/0.10.5/jjwt-api-0.10.5.jar:/home/alex/.m2/repository/io/jsonwebtoken/jjwt-impl/0.10.5/jjwt-impl-0.10.5.jar:/home/alex/.m2/repository/io/jsonwebtoken/jjwt-jackson/0.10.5/jjwt-jackson-0.10.5.jar:/home/alex/Repositories/hive/llap-tez/target/classes:/home/alex/Repositories/hive/shims/aggregator/target/classes:/home/alex/Repositories/hive/shims/common/target/classes:/home/alex/Repositories/hive/shims/0.23/target/classes:/home/alex/.m2/repository/org/apache/hadoop/hadoop-yarn-server-resourcemanager/3.1.0/hadoop-yarn-server-resourcemanager-3.1.0.jar:/home/alex/.m2/repository/org/apache/hadoop/hadoop-yarn-server-applicationhistoryservice/3.1.0/hadoop-yarn-server-applicationhistoryservice-3.1.0.jar:/home/alex/.m2/repository/de/ruedigermoeller/fst/2.50/fst-2.50.jar:/home/alex/.m2/repository/com/cedarsoftware/java-util/1.9.0/java-util-1.9.0.jar:/home/alex/.m2/repository/com/cedarsoftware/json-io/2.5.1/json-io-2.5.1.jar:/home/alex/Repositories/hive/shims/scheduler/target/classes:/home/alex/Repositories/hive/spark-client/target/classes:/home/alex/.m2/repository/io/netty/netty-all/4.1.65.Final/netty-all-4.1.65.Final.jar:/home/alex/.m2/repository/com/fasterxml/jackson/module/jackson-module-scala_2.12/2.12.0/jackson-module-scala_2.12-2.12.0.jar:/home/alex/.m2/repository/org/apache/spark/spark-yarn_2.12/2.4.5/spark-yarn_2.12-2.4.5.jar:/home/alex/Repositories/hive/storage-api/target/classes:/home/alex/.m2/repository/com/amazonaws/aws-java-sdk-bundle/1.11.901/aws-java-sdk-bundle-1.11.901.jar:/home/alex/.m2/repository/com/amazonaws/secretsmanager/aws-secretsmanager-caching-java/1.0.1/aws-secretsmanager-caching-java-1.0.1.jar:/home/alex/.m2/repository/com/esotericsoftware/kryo/5.0.3/kryo-5.0.3.jar:/home/alex/.m2/repository/org/objenesis/objenesis/3.1/objenesis-3.1.jar:/home/alex/.m2/repository/com/esotericsoftware/minlog/1.3.1/minlog-1.3.1.jar:/home/alex/.m2/repository/com/esotericsoftware/reflectasm/1.11.9/reflectasm-1.11.9.jar:/home/alex/.m2/repository/com/google/protobuf/protobuf-java/2.5.0/protobuf-java-2.5.0.jar:/home/alex/.m2/repository/org/apache/hbase/hbase-common/2.0.0-alpha4/hbase-common-2.0.0-alpha4.jar:/home/alex/.m2/repository/org/apache/hbase/thirdparty/hbase-shaded-miscellaneous/1.0.1/hbase-shaded-miscellaneous-1.0.1.jar:/home/alex/.m2/repository/org/apache/htrace/htrace-core/3.2.0-incubating/htrace-core-3.2.0-incubating.jar:/home/alex/.m2/repository/org/apache/commons/commons-crypto/1.0.0/commons-crypto-1.0.0.jar:/home/alex/.m2/repository/com/github/stephenc/findbugs/findbugs-annotations/1.3.9-1/findbugs-annotations-1.3.9-1.jar:/home/alex/.m2/repository/log4j/log4j/1.2.17/log4j-1.2.17.jar:/home/alex/.m2/repository/org/apache/yetus/audience-annotations/0.5.0/audience-annotations-0.5.0.jar:/home/alex/.m2/repository/org/apache/parquet/parquet-hadoop-bundle/1.11.1/parquet-hadoop-bundle-1.11.1.jar:/home/alex/.m2/repository/commons-codec/commons-codec/1.15/commons-codec-1.15.jar:/home/alex/.m2/repository/commons-io/commons-io/2.6/commons-io-2.6.jar:/home/alex/.m2/repository/org/apache/commons/commons-collections4/4.1/commons-collections4-4.1.jar:/home/alex/.m2/repository/org/apache/commons/commons-lang3/3.9/commons-lang3-3.9.jar:/home/alex/.m2/repository/org/apache/commons/commons-text/1.8/commons-text-1.8.jar:/home/alex/.m2/repository/javolution/javolution/5.5.1/javolution-5.5.1.jar:/home/alex/.m2/repository/org/apache/logging/log4j/log4j-1.2-api/2.13.2/log4j-1.2-api-2.13.2.jar:/home/alex/.m2/repository/org/apache/logging/log4j/log4j-api/2.13.2/log4j-api-2.13.2.jar:/home/alex/.m2/repository/org/apache/logging/log4j/log4j-core/2.13.2/log4j-core-2.13.2.jar:/home/alex/.m2/repository/org/apache/logging/log4j/log4j-slf4j-impl/2.13.2/log4j-slf4j-impl-2.13.2.jar:/home/alex/.m2/repository/org/antlr/antlr-runtime/3.5.2/antlr-runtime-3.5.2.jar:/home/alex/.m2/repository/org/antlr/ST4/4.0.4/ST4-4.0.4.jar:/home/alex/.m2/repository/org/apache/avro/avro/1.8.2/avro-1.8.2.jar:/home/alex/.m2/repository/org/codehaus/jackson/jackson-core-asl/1.9.13/jackson-core-asl-1.9.13.jar:/home/alex/.m2/repository/org/codehaus/jackson/jackson-mapper-asl/1.9.13/jackson-mapper-asl-1.9.13.jar:/home/alex/.m2/repository/com/thoughtworks/paranamer/paranamer/2.8/paranamer-2.8.jar:/home/alex/.m2/repository/org/xerial/snappy/snappy-java/1.1.4/snappy-java-1.1.4.jar:/home/alex/.m2/repository/org/tukaani/xz/1.5/xz-1.5.jar:/home/alex/.m2/repository/org/apache/avro/avro-mapred/1.8.2/avro-mapred-1.8.2-hadoop2.jar:/home/alex/.m2/repository/org/apache/avro/avro-ipc/1.8.2/avro-ipc-1.8.2.jar:/home/alex/.m2/repository/org/mortbay/jetty/jetty/6.1.26/jetty-6.1.26.jar:/home/alex/.m2/repository/org/apache/ant/ant/1.9.1/ant-1.9.1.jar:/home/alex/.m2/repository/org/apache/ant/ant-launcher/1.9.1/ant-launcher-1.9.1.jar:/home/alex/.m2/repository/org/apache/commons/commons-compress/1.21/commons-compress-1.21.jar:/home/alex/.m2/repository/org/apache/thrift/libfb303/0.9.3/libfb303-0.9.3.jar:/home/alex/.m2/repository/org/apache/hadoop/hadoop-common/3.1.0/hadoop-common-3.1.0.jar:/home/alex/.m2/repository/org/apache/hadoop/hadoop-annotations/3.1.0/hadoop-annotations-3.1.0.jar:/home/alex/.m2/repository/commons-net/commons-net/3.6/commons-net-3.6.jar:/home/alex/.m2/repository/org/eclipse/jetty/jetty-util/9.3.27.v20190418/jetty-util-9.3.27.v20190418.jar:/home/alex/.m2/repository/javax/servlet/jsp/jsp-api/2.1/jsp-api-2.1.jar:/home/alex/.m2/repository/com/sun/jersey/jersey-core/1.19/jersey-core-1.19.jar:/home/alex/.m2/repository/javax/ws/rs/jsr311-api/1.1.1/jsr311-api-1.1.1.jar:/home/alex/.m2/repository/com/sun/jersey/jersey-json/1.19/jersey-json-1.19.jar:/home/alex/.m2/repository/com/sun/xml/bind/jaxb-impl/2.2.3-1/jaxb-impl-2.2.3-1.jar:/home/alex/.m2/repository/org/codehaus/jackson/jackson-jaxrs/1.9.2/jackson-jaxrs-1.9.2.jar:/home/alex/.m2/repository/org/codehaus/jackson/jackson-xc/1.9.2/jackson-xc-1.9.2.jar:/home/alex/.m2/repository/com/sun/jersey/jersey-server/1.19/jersey-server-1.19.jar:/home/alex/.m2/repository/org/apache/commons/commons-configuration2/2.1.1/commons-configuration2-2.1.1.jar:/home/alex/.m2/repository/org/apache/hadoop/hadoop-auth/3.1.0/hadoop-auth-3.1.0.jar:/home/alex/.m2/repository/com/nimbusds/nimbus-jose-jwt/4.41.1/nimbus-jose-jwt-4.41.1.jar:/home/alex/.m2/repository/com/github/stephenc/jcip/jcip-annotations/1.0-1/jcip-annotations-1.0-1.jar:/home/alex/.m2/repository/com/jcraft/jsch/0.1.54/jsch-0.1.54.jar:/home/alex/.m2/repository/org/apache/htrace/htrace-core4/4.1.0-incubating/htrace-core4-4.1.0-incubating.jar:/home/alex/.m2/repository/org/apache/kerby/kerb-simplekdc/1.0.1/kerb-simplekdc-1.0.1.jar:/home/alex/.m2/repository/org/apache/kerby/kerb-client/1.0.1/kerb-client-1.0.1.jar:/home/alex/.m2/repository/org/apache/kerby/kerby-config/1.0.1/kerby-config-1.0.1.jar:/home/alex/.m2/repository/org/apache/kerby/kerb-core/1.0.1/kerb-core-1.0.1.jar:/home/alex/.m2/repository/org/apache/kerby/kerby-pkix/1.0.1/kerby-pkix-1.0.1.jar:/home/alex/.m2/repository/org/apache/kerby/kerby-asn1/1.0.1/kerby-asn1-1.0.1.jar:/home/alex/.m2/repository/org/apache/kerby/kerby-util/1.0.1/kerby-util-1.0.1.jar:/home/alex/.m2/repository/org/apache/kerby/kerb-common/1.0.1/kerb-common-1.0.1.jar:/home/alex/.m2/repository/org/apache/kerby/kerb-crypto/1.0.1/kerb-crypto-1.0.1.jar:/home/alex/.m2/repository/org/apache/kerby/kerb-util/1.0.1/kerb-util-1.0.1.jar:/home/alex/.m2/repository/org/apache/kerby/token-provider/1.0.1/token-provider-1.0.1.jar:/home/alex/.m2/repository/org/apache/kerby/kerb-admin/1.0.1/kerb-admin-1.0.1.jar:/home/alex/.m2/repository/org/apache/kerby/kerb-server/1.0.1/kerb-server-1.0.1.jar:/home/alex/.m2/repository/org/apache/kerby/kerb-identity/1.0.1/kerb-identity-1.0.1.jar:/home/alex/.m2/repository/org/apache/kerby/kerby-xdr/1.0.1/kerby-xdr-1.0.1.jar:/home/alex/.m2/repository/org/codehaus/woodstox/stax2-api/3.1.4/stax2-api-3.1.4.jar:/home/alex/.m2/repository/com/fasterxml/woodstox/woodstox-core/5.0.3/woodstox-core-5.0.3.jar:/home/alex/.m2/repository/org/apache/hadoop/hadoop-archives/3.1.0/hadoop-archives-3.1.0.jar:/home/alex/.m2/repository/org/apache/hadoop/hadoop-yarn-registry/3.1.0/hadoop-yarn-registry-3.1.0.jar:/home/alex/.m2/repository/org/apache/curator/curator-client/4.2.0/curator-client-4.2.0.jar:/home/alex/.m2/repository/org/apache/curator/curator-recipes/4.2.0/curator-recipes-4.2.0.jar:/home/alex/.m2/repository/commons-daemon/commons-daemon/1.0.13/commons-daemon-1.0.13.jar:/home/alex/.m2/repository/dnsjava/dnsjava/2.1.7/dnsjava-2.1.7.jar:/home/alex/.m2/repository/org/apache/hadoop/hadoop-mapreduce-client-core/3.1.0/hadoop-mapreduce-client-core-3.1.0.jar:/home/alex/.m2/repository/org/apache/hadoop/hadoop-hdfs-client/3.1.0/hadoop-hdfs-client-3.1.0.jar:/home/alex/.m2/repository/com/squareup/okhttp/okhttp/2.7.5/okhttp-2.7.5.jar:/home/alex/.m2/repository/com/squareup/okio/okio/1.6.0/okio-1.6.0.jar:/home/alex/.m2/repository/com/google/inject/extensions/guice-servlet/4.0/guice-servlet-4.0.jar:/home/alex/.m2/repository/org/apache/hadoop/hadoop-mapreduce-client-common/3.1.0/hadoop-mapreduce-client-common-3.1.0.jar:/home/alex/.m2/repository/org/apache/hadoop/hadoop-hdfs/3.1.0/hadoop-hdfs-3.1.0.jar:/home/alex/.m2/repository/org/eclipse/jetty/jetty-util-ajax/9.3.19.v20170502/jetty-util-ajax-9.3.19.v20170502.jar:/home/alex/.m2/repository/org/fusesource/leveldbjni/leveldbjni-all/1.8/leveldbjni-all-1.8.jar:/home/alex/.m2/repository/org/apache/hadoop/hadoop-yarn-api/3.1.0/hadoop-yarn-api-3.1.0.jar:/home/alex/.m2/repository/javax/xml/bind/jaxb-api/2.2.11/jaxb-api-2.2.11.jar:/home/alex/.m2/repository/org/apache/hadoop/hadoop-yarn-common/3.1.0/hadoop-yarn-common-3.1.0.jar:/home/alex/.m2/repository/com/google/inject/guice/4.0/guice-4.0.jar:/home/alex/.m2/repository/aopalliance/aopalliance/1.0/aopalliance-1.0.jar:/home/alex/.m2/repository/com/sun/jersey/contribs/jersey-guice/1.19/jersey-guice-1.19.jar:/home/alex/.m2/repository/com/fasterxml/jackson/module/jackson-module-jaxb-annotations/2.12.0/jackson-module-jaxb-annotations-2.12.0.jar:/home/alex/.m2/repository/jakarta/xml/bind/jakarta.xml.bind-api/2.3.2/jakarta.xml.bind-api-2.3.2.jar:/home/alex/.m2/repository/jakarta/activation/jakarta.activation-api/1.2.1/jakarta.activation-api-1.2.1.jar:/home/alex/.m2/repository/org/apache/hadoop/hadoop-yarn-client/3.1.0/hadoop-yarn-client-3.1.0.jar:/home/alex/.m2/repository/org/apache/orc/orc-tools/1.6.9/orc-tools-1.6.9.jar:/home/alex/.m2/repository/com/opencsv/opencsv/3.9/opencsv-3.9.jar:/home/alex/.m2/repository/org/codehaus/jettison/jettison/1.1/jettison-1.1.jar:/home/alex/.m2/repository/org/threeten/threetenbp/1.3.5/threetenbp-1.3.5.jar:/home/alex/.m2/repository/org/apache/ivy/ivy/2.4.0/ivy-2.4.0.jar:/home/alex/.m2/repository/org/apache/thrift/libthrift/0.14.1/libthrift-0.14.1.jar:/home/alex/.m2/repository/org/apache/httpcomponents/httpcore/4.4.13/httpcore-4.4.13.jar:/home/alex/.m2/repository/org/apache/tomcat/embed/tomcat-embed-core/8.5.46/tomcat-embed-core-8.5.46.jar:/home/alex/.m2/repository/org/apache/tomcat/tomcat-annotations-api/8.5.46/tomcat-annotations-api-8.5.46.jar:/home/alex/.m2/repository/javax/annotation/javax.annotation-api/1.3.2/javax.annotation-api-1.3.2.jar:/home/alex/.m2/repository/org/apache/zookeeper/zookeeper/3.5.5/zookeeper-3.5.5.jar:/home/alex/.m2/repository/org/apache/zookeeper/zookeeper-jute/3.5.5/zookeeper-jute-3.5.5.jar:/home/alex/.m2/repository/org/apache/curator/curator-framework/4.2.0/curator-framework-4.2.0.jar:/home/alex/.m2/repository/org/apache/curator/curator-test/4.2.0/curator-test-4.2.0.jar:/home/alex/.m2/repository/org/apache/datasketches/datasketches-hive/1.1.0-incubating/datasketches-hive-1.1.0-incubating.jar:/home/alex/.m2/repository/org/apache/datasketches/datasketches-java/1.3.0-incubating/datasketches-java-1.3.0-incubating.jar:/home/alex/.m2/repository/org/apache/datasketches/datasketches-memory/1.2.0-incubating/datasketches-memory-1.2.0-incubating.jar:/home/alex/.m2/repository/org/slf4j/slf4j-simple/1.7.27/slf4j-simple-1.7.27.jar:/home/alex/.m2/repository/com/lmax/disruptor/3.3.7/disruptor-3.3.7.jar:/home/alex/.m2/repository/org/codehaus/groovy/groovy-all/2.4.11/groovy-all-2.4.11.jar:/home/alex/.m2/repository/org/jodd/jodd-util/6.0.0/jodd-util-6.0.0.jar:/home/alex/.m2/repository/com/fasterxml/jackson/core/jackson-annotations/2.12.0/jackson-annotations-2.12.0.jar:/home/alex/.m2/repository/com/fasterxml/jackson/core/jackson-core/2.12.0/jackson-core-2.12.0.jar:/home/alex/.m2/repository/com/fasterxml/jackson/core/jackson-databind/2.12.0/jackson-databind-2.12.0.jar:/home/alex/.m2/repository/com/fasterxml/jackson/dataformat/jackson-dataformat-yaml/2.12.0/jackson-dataformat-yaml-2.12.0.jar:/home/alex/.m2/repository/org/yaml/snakeyaml/1.27/snakeyaml-1.27.jar:/home/alex/.m2/repository/org/datanucleus/datanucleus-core/5.2.4/datanucleus-core-5.2.4.jar:/home/alex/.m2/repository/org/apache/calcite/calcite-core/1.25.0/calcite-core-1.25.0.jar:/home/alex/.m2/repository/org/apache/calcite/calcite-linq4j/1.25.0/calcite-linq4j-1.25.0.jar:/home/alex/.m2/repository/org/apiguardian/apiguardian-api/1.1.0/apiguardian-api-1.1.0.jar:/home/alex/.m2/repository/com/esri/geometry/esri-geometry-api/2.2.0/esri-geometry-api-2.2.0.jar:/home/alex/.m2/repository/com/yahoo/datasketches/sketches-core/0.9.0/sketches-core-0.9.0.jar:/home/alex/.m2/repository/com/yahoo/datasketches/memory/0.9.0/memory-0.9.0.jar:/home/alex/.m2/repository/org/apache/commons/commons-dbcp2/2.7.0/commons-dbcp2-2.7.0.jar:/home/alex/.m2/repository/org/apache/commons/commons-pool2/2.7.0/commons-pool2-2.7.0.jar:/home/alex/.m2/repository/org/apache/calcite/calcite-druid/1.25.0/calcite-druid-1.25.0.jar:/home/alex/.m2/repository/org/apache/calcite/avatica/avatica/1.12.0/avatica-1.12.0.jar:/home/alex/.m2/repository/com/google/guava/guava/19.0/guava-19.0.jar:/home/alex/.m2/repository/com/googlecode/javaewah/JavaEWAH/0.3.2/JavaEWAH-0.3.2.jar:/home/alex/.m2/repository/com/google/code/gson/gson/2.2.4/gson-2.2.4.jar:/home/alex/.m2/repository/com/tdunning/json/1.8/json-1.8.jar:/home/alex/.m2/repository/stax/stax-api/1.0.1/stax-api-1.0.1.jar:/home/alex/.m2/repository/net/sf/opencsv/opencsv/2.3/opencsv-2.3.jar:/home/alex/Repositories/hive/standalone-metastore/metastore-server/target/classes:/home/alex/.m2/repository/com/zaxxer/HikariCP/2.6.1/HikariCP-2.6.1.jar:/home/alex/.m2/repository/commons-beanutils/commons-beanutils/1.9.4/commons-beanutils-1.9.4.jar:/home/alex/.m2/repository/org/datanucleus/datanucleus-api-jdo/5.2.4/datanucleus-api-jdo-5.2.4.jar:/home/alex/.m2/repository/org/datanucleus/datanucleus-rdbms/5.2.4/datanucleus-rdbms-5.2.4.jar:/home/alex/.m2/repository/org/datanucleus/javax.jdo/3.2.0-release/javax.jdo-3.2.0-release.jar:/home/alex/.m2/repository/javax/transaction/javax.transaction-api/1.3/javax.transaction-api-1.3.jar:/home/alex/.m2/repository/org/glassfish/corba/glassfish-corba-omgapi/4.2.2/glassfish-corba-omgapi-4.2.2.jar:/home/alex/.m2/repository/sqlline/sqlline/1.9.0/sqlline-1.9.0.jar:/home/alex/.m2/repository/org/jline/jline-terminal/3.12.1/jline-terminal-3.12.1.jar:/home/alex/.m2/repository/org/jline/jline-reader/3.12.1/jline-reader-3.12.1.jar:/home/alex/.m2/repository/org/jline/jline-terminal-jansi/3.12.1/jline-terminal-jansi-3.12.1.jar:/home/alex/.m2/repository/org/fusesource/jansi/jansi/1.18/jansi-1.18.jar:/home/alex/.m2/repository/org/jline/jline-terminal-jna/3.12.1/jline-terminal-jna-3.12.1.jar:/home/alex/.m2/repository/net/java/dev/jna/jna/5.3.1/jna-5.3.1.jar:/home/alex/.m2/repository/org/jline/jline-builtins/3.12.1/jline-builtins-3.12.1.jar:/home/alex/.m2/repository/org/jline/jline-style/3.12.1/jline-style-3.12.1.jar:/home/alex/.m2/repository/com/cronutils/cron-utils/9.1.3/cron-utils-9.1.3.jar:/home/alex/.m2/repository/org/glassfish/javax.el/3.0.0/javax.el-3.0.0.jar:/home/alex/.m2/repository/com/oracle/database/jdbc/ojdbc8/21.3.0.0/ojdbc8-21.3.0.0.jar:/home/alex/.m2/repository/mysql/mysql-connector-java/8.0.27/mysql-connector-java-8.0.27.jar:/home/alex/.m2/repository/com/microsoft/sqlserver/mssql-jdbc/6.2.1.jre8/mssql-jdbc-6.2.1.jre8.jar:/home/alex/.m2/repository/org/postgresql/postgresql/42.2.14/postgresql-42.2.14.jar:/home/alex/Repositories/hive/common/target/test-classes:/home/alex/Repositories/hive/standalone-metastore/metastore-common/target/test-classes:/home/alex/.m2/repository/com/github/ben-manes/caffeine/caffeine/2.8.4/caffeine-2.8.4.jar:/home/alex/.m2/repository/org/checkerframework/checker-qual/3.4.0/checker-qual-3.4.0.jar:/home/alex/Repositories/hive/standalone-metastore/metastore-server/target/test-classes:/home/alex/.m2/repository/org/apache/parquet/parquet-column/1.11.1/parquet-column-1.11.1-tests.jar:/home/alex/.m2/repository/org/apache/parquet/parquet-common/1.11.1/parquet-common-1.11.1.jar:/home/alex/.m2/repository/org/apache/parquet/parquet-format-structures/1.11.1/parquet-format-structures-1.11.1.jar:/home/alex/.m2/repository/org/apache/parquet/parquet-encoding/1.11.1/parquet-encoding-1.11.1.jar:/home/alex/.m2/repository/junit/junit/4.13/junit-4.13.jar:/home/alex/.m2/repository/org/hamcrest/hamcrest-core/1.3/hamcrest-core-1.3.jar:/home/alex/.m2/repository/org/junit/jupiter/junit-jupiter-engine/5.6.2/junit-jupiter-engine-5.6.2.jar:/home/alex/.m2/repository/org/junit/platform/junit-platform-engine/1.6.2/junit-platform-engine-1.6.2.jar:/home/alex/.m2/repository/org/opentest4j/opentest4j/1.2.0/opentest4j-1.2.0.jar:/home/alex/.m2/repository/org/junit/platform/junit-platform-commons/1.6.2/junit-platform-commons-1.6.2.jar:/home/alex/.m2/repository/org/junit/jupiter/junit-jupiter-api/5.6.2/junit-jupiter-api-5.6.2.jar:/home/alex/.m2/repository/org/junit/jupiter/junit-jupiter-params/5.6.2/junit-jupiter-params-5.6.2.jar:/home/alex/.m2/repository/org/junit/vintage/junit-vintage-engine/5.6.2/junit-vintage-engine-5.6.2.jar:/home/alex/.m2/repository/org/apache/tez/tez-api/0.10.1/tez-api-0.10.1.jar:/usr/lib/jvm/java-8-openjdk-amd64/jre/../lib/tools.jar:/home/alex/.m2/repository/org/apache/tez/tez-runtime-library/0.10.1/tez-runtime-library-0.10.1.jar:/home/alex/.m2/repository/org/roaringbitmap/RoaringBitmap/0.5.21/RoaringBitmap-0.5.21.jar:/home/alex/.m2/repository/org/asynchttpclient/async-http-client/2.12.1/async-http-client-2.12.1.jar:/home/alex/.m2/repository/org/asynchttpclient/async-http-client-netty-utils/2.12.1/async-http-client-netty-utils-2.12.1.jar:/home/alex/.m2/repository/io/netty/netty-buffer/4.1.48.Final/netty-buffer-4.1.48.Final.jar:/home/alex/.m2/repository/io/netty/netty-codec-http/4.1.48.Final/netty-codec-http-4.1.48.Final.jar:/home/alex/.m2/repository/io/netty/netty-common/4.1.48.Final/netty-common-4.1.48.Final.jar:/home/alex/.m2/repository/io/netty/netty-transport/4.1.48.Final/netty-transport-4.1.48.Final.jar:/home/alex/.m2/repository/io/netty/netty-codec/4.1.48.Final/netty-codec-4.1.48.Final.jar:/home/alex/.m2/repository/io/netty/netty-handler/4.1.48.Final/netty-handler-4.1.48.Final.jar:/home/alex/.m2/repository/io/netty/netty-resolver/4.1.48.Final/netty-resolver-4.1.48.Final.jar:/home/alex/.m2/repository/io/netty/netty-codec-socks/4.1.48.Final/netty-codec-socks-4.1.48.Final.jar:/home/alex/.m2/repository/io/netty/netty-handler-proxy/4.1.48.Final/netty-handler-proxy-4.1.48.Final.jar:/home/alex/.m2/repository/io/netty/netty-transport-native-epoll/4.1.48.Final/netty-transport-native-epoll-4.1.48.Final-linux-x86_64.jar:/home/alex/.m2/repository/io/netty/netty-transport-native-unix-common/4.1.48.Final/netty-transport-native-unix-common-4.1.48.Final.jar:/home/alex/.m2/repository/io/netty/netty-transport-native-kqueue/4.1.48.Final/netty-transport-native-kqueue-4.1.48.Final-osx-x86_64.jar:/home/alex/.m2/repository/org/reactivestreams/reactive-streams/1.0.3/reactive-streams-1.0.3.jar:/home/alex/.m2/repository/com/typesafe/netty/netty-reactive-streams/2.0.4/netty-reactive-streams-2.0.4.jar:/home/alex/.m2/repository/com/sun/activation/javax.activation/1.2.0/javax.activation-1.2.0.jar:/home/alex/.m2/repository/org/apache/tez/tez-common/0.10.1/tez-common-0.10.1.jar:/home/alex/.m2/repository/org/apache/tez/tez-runtime-internals/0.10.1/tez-runtime-internals-0.10.1.jar:/home/alex/.m2/repository/org/apache/tez/hadoop-shim/0.10.1/hadoop-shim-0.10.1.jar:/home/alex/.m2/repository/org/apache/tez/tez-mapreduce/0.10.1/tez-mapreduce-0.10.1.jar:/home/alex/.m2/repository/org/apache/tez/tez-dag/0.10.1/tez-dag-0.10.1.jar:/home/alex/.m2/repository/org/apache/hadoop/hadoop-yarn-server-web-proxy/3.1.0/hadoop-yarn-server-web-proxy-3.1.0.jar:/home/alex/.m2/repository/org/apache/hadoop/hadoop-yarn-server-common/3.1.0/hadoop-yarn-server-common-3.1.0.jar:/home/alex/.m2/repository/org/apache/geronimo/specs/geronimo-jcache_1.0_spec/1.0-alpha-1/geronimo-jcache_1.0_spec-1.0-alpha-1.jar:/home/alex/.m2/repository/org/ehcache/ehcache/3.3.1/ehcache-3.3.1.jar:/home/alex/.m2/repository/com/zaxxer/HikariCP-java7/2.4.12/HikariCP-java7-2.4.12.jar:/home/alex/.m2/repository/org/apache/spark/spark-core_2.12/2.4.5/spark-core_2.12-2.4.5.jar:/home/alex/.m2/repository/com/twitter/chill_2.12/0.9.3/chill_2.12-0.9.3.jar:/home/alex/.m2/repository/com/twitter/chill-java/0.9.3/chill-java-0.9.3.jar:/home/alex/.m2/repository/org/apache/xbean/xbean-asm6-shaded/4.8/xbean-asm6-shaded-4.8.jar:/home/alex/.m2/repository/org/apache/hadoop/hadoop-client/3.1.0/hadoop-client-3.1.0.jar:/home/alex/.m2/repository/org/apache/hadoop/hadoop-mapreduce-client-jobclient/3.1.0/hadoop-mapreduce-client-jobclient-3.1.0.jar:/home/alex/.m2/repository/org/apache/spark/spark-launcher_2.12/2.4.5/spark-launcher_2.12-2.4.5.jar:/home/alex/.m2/repository/org/apache/spark/spark-kvstore_2.12/2.4.5/spark-kvstore_2.12-2.4.5.jar:/home/alex/.m2/repository/org/apache/spark/spark-network-common_2.12/2.4.5/spark-network-common_2.12-2.4.5.jar:/home/alex/.m2/repository/org/apache/spark/spark-network-shuffle_2.12/2.4.5/spark-network-shuffle_2.12-2.4.5.jar:/home/alex/.m2/repository/org/apache/spark/spark-unsafe_2.12/2.4.5/spark-unsafe_2.12-2.4.5.jar:/home/alex/.m2/repository/javax/activation/activation/1.1.1/activation-1.1.1.jar:/home/alex/.m2/repository/org/slf4j/jul-to-slf4j/1.7.16/jul-to-slf4j-1.7.16.jar:/home/alex/.m2/repository/org/slf4j/jcl-over-slf4j/1.7.16/jcl-over-slf4j-1.7.16.jar:/home/alex/.m2/repository/com/ning/compress-lzf/1.0.3/compress-lzf-1.0.3.jar:/home/alex/.m2/repository/org/lz4/lz4-java/1.4.0/lz4-java-1.4.0.jar:/home/alex/.m2/repository/com/github/luben/zstd-jni/1.3.2-2/zstd-jni-1.3.2-2.jar:/home/alex/.m2/repository/org/scala-lang/scala-library/2.12.10/scala-library-2.12.10.jar:/home/alex/.m2/repository/org/json4s/json4s-jackson_2.12/3.5.3/json4s-jackson_2.12-3.5.3.jar:/home/alex/.m2/repository/org/json4s/json4s-core_2.12/3.5.3/json4s-core_2.12-3.5.3.jar:/home/alex/.m2/repository/org/json4s/json4s-ast_2.12/3.5.3/json4s-ast_2.12-3.5.3.jar:/home/alex/.m2/repository/org/json4s/json4s-scalap_2.12/3.5.3/json4s-scalap_2.12-3.5.3.jar:/home/alex/.m2/repository/org/scala-lang/modules/scala-xml_2.12/1.0.6/scala-xml_2.12-1.0.6.jar:/home/alex/.m2/repository/com/clearspring/analytics/stream/2.7.0/stream-2.7.0.jar:/home/alex/.m2/repository/io/dropwizard/metrics/metrics-graphite/3.1.5/metrics-graphite-3.1.5.jar:/home/alex/.m2/repository/oro/oro/2.0.8/oro-2.0.8.jar:/home/alex/.m2/repository/net/razorvine/pyrolite/4.13/pyrolite-4.13.jar:/home/alex/.m2/repository/net/sf/py4j/py4j/0.10.7/py4j-0.10.7.jar:/home/alex/.m2/repository/org/apache/spark/spark-tags_2.12/2.4.5/spark-tags_2.12-2.4.5.jar:/home/alex/.m2/repository/org/spark-project/spark/unused/1.0.0/unused-1.0.0.jar:/home/alex/.m2/repository/com/sun/jersey/jersey-servlet/1.19/jersey-servlet-1.19.jar:/home/alex/.m2/repository/org/glassfish/jersey/core/jersey-server/2.22.2/jersey-server-2.22.2.jar:/home/alex/.m2/repository/org/glassfish/jersey/core/jersey-common/2.22.2/jersey-common-2.22.2.jar:/home/alex/.m2/repository/org/glassfish/jersey/bundles/repackaged/jersey-guava/2.22.2/jersey-guava-2.22.2.jar:/home/alex/.m2/repository/org/glassfish/hk2/osgi-resource-locator/1.0.1/osgi-resource-locator-1.0.1.jar:/home/alex/.m2/repository/org/glassfish/jersey/core/jersey-client/2.22.2/jersey-client-2.22.2.jar:/home/alex/.m2/repository/javax/ws/rs/javax.ws.rs-api/2.0.1/javax.ws.rs-api-2.0.1.jar:/home/alex/.m2/repository/org/glassfish/jersey/media/jersey-media-jaxb/2.22.2/jersey-media-jaxb-2.22.2.jar:/home/alex/.m2/repository/org/glassfish/hk2/hk2-api/2.4.0-b34/hk2-api-2.4.0-b34.jar:/home/alex/.m2/repository/org/glassfish/hk2/hk2-utils/2.4.0-b34/hk2-utils-2.4.0-b34.jar:/home/alex/.m2/repository/org/glassfish/hk2/external/aopalliance-repackaged/2.4.0-b34/aopalliance-repackaged-2.4.0-b34.jar:/home/alex/.m2/repository/org/glassfish/hk2/external/javax.inject/2.4.0-b34/javax.inject-2.4.0-b34.jar:/home/alex/.m2/repository/org/glassfish/hk2/hk2-locator/2.4.0-b34/hk2-locator-2.4.0-b34.jar:/home/alex/.m2/repository/javax/validation/validation-api/1.1.0.Final/validation-api-1.1.0.Final.jar:/home/alex/.m2/repository/org/glassfish/jersey/containers/jersey-container-servlet-core/2.22.2/jersey-container-servlet-core-2.22.2.jar:/home/alex/.m2/repository/org/hamcrest/hamcrest-all/1.3/hamcrest-all-1.3.jar:/home/alex/.m2/repository/org/powermock/powermock-module-junit4/2.0.2/powermock-module-junit4-2.0.2.jar:/home/alex/.m2/repository/org/powermock/powermock-module-junit4-common/2.0.2/powermock-module-junit4-common-2.0.2.jar:/home/alex/.m2/repository/org/powermock/powermock-reflect/2.0.2/powermock-reflect-2.0.2.jar:/home/alex/.m2/repository/org/powermock/powermock-core/2.0.2/powermock-core-2.0.2.jar:/home/alex/.m2/repository/org/powermock/powermock-api-mockito2/2.0.2/powermock-api-mockito2-2.0.2.jar:/home/alex/.m2/repository/org/powermock/powermock-api-support/2.0.2/powermock-api-support-2.0.2.jar:/home/alex/.m2/repository/com/google/guava/guava-testlib/19.0/guava-testlib-19.0.jar:/home/alex/.m2/repository/com/google/errorprone/error_prone_annotations/2.0.2/error_prone_annotations-2.0.2.jar:/home/alex/.m2/repository/com/google/re2j/re2j/1.2/re2j-1.2.jar:/home/alex/.m2/repository/org/reflections/reflections/0.9.10/reflections-0.9.10.jar:/home/alex/.m2/repository/org/javassist/javassist/3.19.0-GA/javassist-3.19.0-GA.jar:/home/alex/.m2/repository/com/jayway/jsonpath/json-path/2.4.0/json-path-2.4.0.jar:/home/alex/.m2/repository/net/minidev/json-smart/2.3/json-smart-2.3.jar:/home/alex/.m2/repository/net/minidev/accessors-smart/1.2/accessors-smart-1.2.jar:/home/alex/.m2/repository/org/ow2/asm/asm/5.0.4/asm-5.0.4.jar:/home/alex/.m2/repository/org/codehaus/janino/commons-compiler/3.0.11/commons-compiler-3.0.11.jar:/home/alex/.m2/repository/org/codehaus/janino/janino/3.0.11/janino-3.0.11.jar:/home/alex/.m2/repository/com/sun/jersey/contribs/jersey-multipart/1.19/jersey-multipart-1.19.jar:/home/alex/.m2/repository/org/jvnet/mimepull/mimepull/1.9.3/mimepull-1.9.3.jar:/home/alex/.m2/repository/org/apache/kafka/kafka-clients/2.5.0/kafka-clients-2.5.0.jar:/home/alex/.m2/repository/org/slf4j/slf4j-api/1.7.30/slf4j-api-1.7.30.jar:/home/alex/.m2/repository/org/mockito/mockito-core/3.4.4/mockito-core-3.4.4.jar:/home/alex/.m2/repository/net/bytebuddy/byte-buddy/1.10.13/byte-buddy-1.10.13.jar:/home/alex/.m2/repository/net/bytebuddy/byte-buddy-agent/1.10.13/byte-buddy-agent-1.10.13.jar:/home/alex/Repositories/hive/ql/target/testconf:/home/alex/Repositories/hive/ql/../conf:"/>
    <property name="sun.cpu.endian" value="little"/>
    <property name="user.home" value="/home/alex"/>
    <property name="user.language" value="en"/>
    <property name="java.security.krb5.conf" value="/home/alex/Repositories/hive/ql/target/testconf/krb5.conf"/>
    <property name="test.dfs.mkdir" value=""/>
    <property name="java.awt.graphicsenv" value="sun.awt.X11GraphicsEnvironment"/>
    <property name="nondexFilter" value=".*"/>
    <property name="nondexSeed" value="933178"/>
    <property name="surefire.real.class.path" value="/home/alex/Repositories/hive/ql/target/surefire/surefirebooter4111050667285544924.jar"/>
    <property name="hadoop.log.dir" value="/home/alex/Repositories/hive/ql/target/tmp"/>
    <property name="java.net.preferIPv4Stack" value="true"/>
    <property name="path.separator" value=":"/>
    <property name="os.version" value="6.5.0-28-generic"/>
    <property name="java.endorsed.dirs" value="/usr/lib/jvm/java-8-openjdk-amd64/jre/lib/endorsed"/>
    <property name="java.runtime.name" value="OpenJDK Runtime Environment"/>
    <property name="hive.test.console.log.level" value="INFO"/>
    <property name="java.vm.name" value="OpenJDK 64-Bit Server VM"/>
    <property name="java.vendor.url.bug" value="http://bugreport.sun.com/bugreport/"/>
    <property name="maven.local.repository" value="/home/alex/.m2/repository"/>
    <property name="user.dir" value="/home/alex/Repositories/hive/ql"/>
    <property name="os.arch" value="amd64"/>
    <property name="nondexMode" value="FULL"/>
    <property name="user.language.format" value="pt"/>
    <property name="antlr.version" value="3.5.2"/>
    <property name="derby.version" value="10.14.1.0"/>
    <property name="java.vm.info" value="mixed mode"/>
    <property name="java.vm.version" value="25.402-b06"/>
    <property name="java.ext.dirs" value="/usr/lib/jvm/java-8-openjdk-amd64/jre/lib/ext:/usr/java/packages/lib/ext"/>
    <property name="test.output.overwrite" value=""/>
    <property name="java.class.version" value="52.0"/>
    <property name="hive.root" value="/home/alex/Repositories/hive/ql/../"/>
  </properties>
  <testcase name="loadDataNonAcid2AcidConversionVectorized" classname="org.apache.hadoop.hive.ql.TestTxnLoadData" time="37.156"/>
  <testcase name="loadDataNonAcid2AcidConversion" classname="org.apache.hadoop.hive.ql.TestTxnLoadData" time="23.991"/>
  <testcase name="testValidations" classname="org.apache.hadoop.hive.ql.TestTxnLoadData" time="4.917"/>
  <testcase name="loadDataUpdate" classname="org.apache.hadoop.hive.ql.TestTxnLoadData" time="5.653">
    <error type="java.lang.RuntimeException"><![CDATA[java.lang.RuntimeException: update T set b = 17 where a = 1 failed: (responseCode = 40000, errorMessage = FAILED: NoMatchingMethodException No matching method for class org.apache.hadoop.hive.ql.udf.UDFToInteger with (struct<writeid:bigint,bucketid:int,rowid:bigint>). Possible choices: _FUNC_(bigint)  _FUNC_(boolean)  _FUNC_(decimal(38,18))  _FUNC_(double)  _FUNC_(float)  _FUNC_(smallint)  _FUNC_(string)  _FUNC_(struct<bucketid:bigint,writeid:bigint,rowid:int>)  _FUNC_(timestamp)  _FUNC_(tinyint)  _FUNC_(void)  , hiveErrorCode = 40000, SQLState = 42000, exception = No matching method for class org.apache.hadoop.hive.ql.udf.UDFToInteger with (struct<writeid:bigint,bucketid:int,rowid:bigint>). Possible choices: _FUNC_(bigint)  _FUNC_(boolean)  _FUNC_(decimal(38,18))  _FUNC_(double)  _FUNC_(float)  _FUNC_(smallint)  _FUNC_(string)  _FUNC_(struct<bucketid:bigint,writeid:bigint,rowid:int>)  _FUNC_(timestamp)  _FUNC_(tinyint)  _FUNC_(void)  )
	at org.apache.hadoop.hive.ql.TxnCommandsBaseForTests.runStatementOnDriver(TxnCommandsBaseForTests.java:247)
	at org.apache.hadoop.hive.ql.TestTxnLoadData.loadDataUpdate(TestTxnLoadData.java:118)
	at org.apache.hadoop.hive.ql.TestTxnLoadData.loadDataUpdate(TestTxnLoadData.java:71)
	at sun.reflect.NativeMethodAccessorImpl.invoke0(Native Method)
	at sun.reflect.NativeMethodAccessorImpl.invoke(NativeMethodAccessorImpl.java:62)
	at sun.reflect.DelegatingMethodAccessorImpl.invoke(DelegatingMethodAccessorImpl.java:43)
	at java.lang.reflect.Method.invoke(Method.java:498)
	at org.junit.runners.model.FrameworkMethod$1.runReflectiveCall(FrameworkMethod.java:59)
	at org.junit.internal.runners.model.ReflectiveCallable.run(ReflectiveCallable.java:12)
	at org.junit.runners.model.FrameworkMethod.invokeExplosively(FrameworkMethod.java:56)
	at org.junit.internal.runners.statements.InvokeMethod.evaluate(InvokeMethod.java:17)
	at org.junit.internal.runners.statements.RunBefores.evaluate(RunBefores.java:26)
	at org.junit.internal.runners.statements.RunAfters.evaluate(RunAfters.java:27)
	at org.junit.rules.ExternalResource$1.evaluate(ExternalResource.java:54)
	at org.junit.rules.TestWatcher$1.evaluate(TestWatcher.java:61)
	at org.junit.runners.ParentRunner$3.evaluate(ParentRunner.java:306)
	at org.junit.runners.BlockJUnit4ClassRunner$1.evaluate(BlockJUnit4ClassRunner.java:100)
	at org.junit.runners.ParentRunner.runLeaf(ParentRunner.java:366)
	at org.junit.runners.BlockJUnit4ClassRunner.runChild(BlockJUnit4ClassRunner.java:103)
	at org.junit.runners.BlockJUnit4ClassRunner.runChild(BlockJUnit4ClassRunner.java:63)
	at org.junit.runners.ParentRunner$4.run(ParentRunner.java:331)
	at org.junit.runners.ParentRunner$1.schedule(ParentRunner.java:79)
	at org.junit.runners.ParentRunner.runChildren(ParentRunner.java:329)
	at org.junit.runners.ParentRunner.access$100(ParentRunner.java:66)
	at org.junit.runners.ParentRunner$2.evaluate(ParentRunner.java:293)
	at org.junit.runners.ParentRunner$3.evaluate(ParentRunner.java:306)
	at org.junit.runners.ParentRunner.run(ParentRunner.java:413)
	at org.junit.runner.JUnitCore.run(JUnitCore.java:137)
	at org.junit.runner.JUnitCore.run(JUnitCore.java:115)
	at org.junit.vintage.engine.execution.RunnerExecutor.execute(RunnerExecutor.java:43)
	at java.util.stream.ForEachOps$ForEachOp$OfRef.accept(ForEachOps.java:183)
	at java.util.stream.ReferencePipeline$3$1.accept(ReferencePipeline.java:193)
	at java.util.Iterator.forEachRemaining(Iterator.java:116)
	at java.util.Spliterators$IteratorSpliterator.forEachRemaining(Spliterators.java:1801)
	at java.util.stream.AbstractPipeline.copyInto(AbstractPipeline.java:482)
	at java.util.stream.AbstractPipeline.wrapAndCopyInto(AbstractPipeline.java:472)
	at java.util.stream.ForEachOps$ForEachOp.evaluateSequential(ForEachOps.java:150)
	at java.util.stream.ForEachOps$ForEachOp$OfRef.evaluateSequential(ForEachOps.java:173)
	at java.util.stream.AbstractPipeline.evaluate(AbstractPipeline.java:234)
	at java.util.stream.ReferencePipeline.forEach(ReferencePipeline.java:485)
	at org.junit.vintage.engine.VintageTestEngine.executeAllChildren(VintageTestEngine.java:82)
	at org.junit.vintage.engine.VintageTestEngine.execute(VintageTestEngine.java:73)
	at org.junit.platform.launcher.core.DefaultLauncher.execute(DefaultLauncher.java:248)
	at org.junit.platform.launcher.core.DefaultLauncher.lambda$execute$5(DefaultLauncher.java:211)
	at org.junit.platform.launcher.core.DefaultLauncher.withInterceptedStreams(DefaultLauncher.java:226)
	at org.junit.platform.launcher.core.DefaultLauncher.execute(DefaultLauncher.java:199)
	at org.junit.platform.launcher.core.DefaultLauncher.execute(DefaultLauncher.java:132)
	at org.apache.maven.surefire.junitplatform.JUnitPlatformProvider.invokeAllTests(JUnitPlatformProvider.java:154)
	at org.apache.maven.surefire.junitplatform.JUnitPlatformProvider.invoke(JUnitPlatformProvider.java:123)
	at org.apache.maven.surefire.booter.ForkedBooter.runSuitesInProcess(ForkedBooter.java:377)
	at org.apache.maven.surefire.booter.ForkedBooter.execute(ForkedBooter.java:138)
	at org.apache.maven.surefire.booter.ForkedBooter.run(ForkedBooter.java:465)
	at org.apache.maven.surefire.booter.ForkedBooter.main(ForkedBooter.java:451)
]]></error>
    <system-err><![CDATA[2024-04-23T21:49:49,816  WARN [main] conf.HiveConf: HiveConf of name hive.stats.key.prefix.reserve.length does not exist
2024-04-23T21:49:49,817  WARN [main] conf.HiveConf: HiveConf of name hive.llap.io.cache.orc.alloc.max does not exist
2024-04-23T21:49:49,817  WARN [main] conf.HiveConf: HiveConf of name hive.llap.io.cache.orc.size does not exist
2024-04-23T21:49:49,817  WARN [main] conf.HiveConf: HiveConf of name hive.llap.io.cache.orc.arena.size does not exist
2024-04-23T21:49:49,817  WARN [main] conf.HiveConf: HiveConf of name hive.metastore.metadb.dir does not exist
2024-04-23T21:49:49,817  WARN [main] conf.HiveConf: HiveConf of name hive.dummyparam.test.server.specific.config.metastoresite does not exist
2024-04-23T21:49:49,817  WARN [main] conf.HiveConf: HiveConf of name hive.dummyparam.test.server.specific.config.hivesite does not exist
2024-04-23T21:49:49,817  WARN [main] conf.HiveConf: HiveConf of name hive.metastore.client.cache.recordStats does not exist
2024-04-23T21:49:49,817  WARN [main] conf.HiveConf: HiveConf of name hive.metastore.client.cache.maxSize does not exist
2024-04-23T21:49:49,817  WARN [main] conf.HiveConf: HiveConf of name hive.llap.io.cache.orc.alloc.min does not exist
2024-04-23T21:49:49,817  WARN [main] conf.HiveConf: HiveConf of name hive.dummyparam.test.server.specific.config.override does not exist
2024-04-23T21:49:49,819  INFO [main] utils.TestTxnDbUtil: Creating transactional tables
Hive Session ID = d341dbc7-56b9-4221-b20e-ffb5afed4686
2024-04-23T21:49:49,821  INFO [main] SessionState: Hive Session ID = d341dbc7-56b9-4221-b20e-ffb5afed4686
ivysettings.xml file not found in HIVE_HOME or HIVE_CONF_DIR,/home/alex/Repositories/hive/conf/ivysettings.xml will be used
2024-04-23T21:49:49,822  INFO [main] DependencyResolver: ivysettings.xml file not found in HIVE_HOME or HIVE_CONF_DIR,/home/alex/Repositories/hive/conf/ivysettings.xml will be used
2024-04-23T21:49:49,827  INFO [main] session.SessionState: Created HDFS directory: /home/alex/Repositories/hive/ql/target/tmp/scratchdir/alex/d341dbc7-56b9-4221-b20e-ffb5afed4686
2024-04-23T21:49:49,830  INFO [main] session.SessionState: Created local directory: /home/alex/Repositories/hive/ql/target/tmp/localscratchdir/d341dbc7-56b9-4221-b20e-ffb5afed4686
2024-04-23T21:49:49,832  INFO [main] session.SessionState: Created HDFS directory: /home/alex/Repositories/hive/ql/target/tmp/scratchdir/alex/d341dbc7-56b9-4221-b20e-ffb5afed4686/_tmp_space.db
2024-04-23T21:49:49,832  INFO [main] sqlstd.SQLStdHiveAccessController: Created SQLStdHiveAccessController for session context : HiveAuthzSessionContext [sessionString=d341dbc7-56b9-4221-b20e-ffb5afed4686, clientType=HIVECLI]
2024-04-23T21:49:49,833  INFO [main] ql.TxnCommandsBaseForTests: Running the query: drop table if exists acidTbl
2024-04-23T21:49:49,833  INFO [main] ql.Driver: Compiling command(queryId=alex_20240423214949_69dad915-bbf7-46dd-acf0-b568b9b2401e): drop table if exists acidTbl
2024-04-23T21:49:49,840  INFO [main] txn.TxnHandler: Added entries to MIN_HISTORY_LEVEL for current txns: ([1]) with min_open_txn: 1
2024-04-23T21:49:49,841  INFO [main] lockmgr.DbTxnManager: Opened txnid:1
2024-04-23T21:49:49,843  INFO [main] HiveMetaStore.audit: ugi=alex	ip=unknown-ip-addr	cmd=get_table : tbl=hive.default.acidTbl	
2024-04-23T21:49:49,846  INFO [main] ql.Driver: Semantic Analysis Completed (retrial = false)
2024-04-23T21:49:49,846  INFO [main] ql.Driver: Created Hive schema: Schema(fieldSchemas:null, properties:null)
2024-04-23T21:49:49,846  INFO [main] metadata.Hive: Dumping metastore api call timing information for : compilation phase
2024-04-23T21:49:49,846  INFO [main] metadata.Hive: Total time spent in each metastore function (ms): {commitTxn_(CommitTxnRequest)=10, flushCache_()=0, getValidTxns_(long)=2, openTxn_(String, TxnType)=8, isCompatibleWith_(Configuration)=0}
2024-04-23T21:49:49,846  INFO [main] ql.Driver: Completed compiling command(queryId=alex_20240423214949_69dad915-bbf7-46dd-acf0-b568b9b2401e); Time taken: 0.013 seconds
2024-04-23T21:49:49,846  INFO [main] lockmgr.DbTxnManager: Setting lock request transaction to txnid:1 for queryId=alex_20240423214949_69dad915-bbf7-46dd-acf0-b568b9b2401e
2024-04-23T21:49:49,846  INFO [main] ql.Driver: Operation DROPTABLE obtained 0 locks
2024-04-23T21:49:49,847  INFO [main] ql.Driver: Executing command(queryId=alex_20240423214949_69dad915-bbf7-46dd-acf0-b568b9b2401e): drop table if exists acidTbl
2024-04-23T21:49:49,847  INFO [main] ql.Driver: Starting task [Stage-0:DDL] in serial mode
2024-04-23T21:49:49,847  INFO [main] HiveMetaStore.audit: ugi=alex	ip=unknown-ip-addr	cmd=get_table : tbl=hive.default.acidTbl	
2024-04-23T21:49:49,850  INFO [main] metadata.Hive: Dumping metastore api call timing information for : execution phase
2024-04-23T21:49:49,850  INFO [main] metadata.Hive: Total time spent in each metastore function (ms): {isCompatibleWith_(Configuration)=0}
2024-04-23T21:49:49,850  INFO [main] ql.Driver: Completed executing command(queryId=alex_20240423214949_69dad915-bbf7-46dd-acf0-b568b9b2401e); Time taken: 0.003 seconds
2024-04-23T21:49:49,850  INFO [main] lockmgr.DbTxnManager: Stopped heartbeat for query: alex_20240423214949_69dad915-bbf7-46dd-acf0-b568b9b2401e
2024-04-23T21:49:49,855  INFO [main] txn.TxnHandler: Expected to move at least one record from txn_components to completed_txn_components when committing txn! txnid:1
2024-04-23T21:49:49,861  INFO [main] txn.TxnHandler: Removed transactions: ([1]) from MIN_HISTORY_LEVEL
2024-04-23T21:49:49,861  WARN [main] txn.CompactionTxnHandler: No compaction queue record found for Compaction type transaction commit. txnId:1
2024-04-23T21:49:49,862  INFO [main] ql.TxnCommandsBaseForTests: Running the query: drop table if exists acidTblPart
2024-04-23T21:49:49,862  INFO [main] ql.Driver: Compiling command(queryId=alex_20240423214949_8d8c0828-41ca-4a43-b3f9-e716e8304569): drop table if exists acidTblPart
2024-04-23T21:49:49,864  INFO [main] txn.TxnHandler: Added entries to MIN_HISTORY_LEVEL for current txns: ([2]) with min_open_txn: 1
2024-04-23T21:49:49,864  INFO [main] lockmgr.DbTxnManager: Opened txnid:2
2024-04-23T21:49:49,865  INFO [main] HiveMetaStore.audit: ugi=alex	ip=unknown-ip-addr	cmd=get_table : tbl=hive.default.acidTblPart	
2024-04-23T21:49:49,869  INFO [main] ql.Driver: Semantic Analysis Completed (retrial = false)
2024-04-23T21:49:49,869  INFO [main] ql.Driver: Created Hive schema: Schema(fieldSchemas:null, properties:null)
2024-04-23T21:49:49,870  INFO [main] metadata.Hive: Dumping metastore api call timing information for : compilation phase
2024-04-23T21:49:49,870  INFO [main] metadata.Hive: Total time spent in each metastore function (ms): {openTxn_(String, TxnType)=2, getValidTxns_(long)=0, flushCache_()=0, commitTxn_(CommitTxnRequest)=11, isCompatibleWith_(Configuration)=0}
2024-04-23T21:49:49,870  INFO [main] ql.Driver: Completed compiling command(queryId=alex_20240423214949_8d8c0828-41ca-4a43-b3f9-e716e8304569); Time taken: 0.008 seconds
2024-04-23T21:49:49,870  INFO [main] lockmgr.DbTxnManager: Setting lock request transaction to txnid:2 for queryId=alex_20240423214949_8d8c0828-41ca-4a43-b3f9-e716e8304569
2024-04-23T21:49:49,870  INFO [main] ql.Driver: Operation DROPTABLE obtained 0 locks
2024-04-23T21:49:49,871  INFO [main] ql.Driver: Executing command(queryId=alex_20240423214949_8d8c0828-41ca-4a43-b3f9-e716e8304569): drop table if exists acidTblPart
2024-04-23T21:49:49,871  INFO [main] ql.Driver: Starting task [Stage-0:DDL] in serial mode
2024-04-23T21:49:49,871  INFO [main] HiveMetaStore.audit: ugi=alex	ip=unknown-ip-addr	cmd=get_table : tbl=hive.default.acidTblPart	
2024-04-23T21:49:49,875  INFO [main] metadata.Hive: Dumping metastore api call timing information for : execution phase
2024-04-23T21:49:49,876  INFO [main] metadata.Hive: Total time spent in each metastore function (ms): {isCompatibleWith_(Configuration)=0}
2024-04-23T21:49:49,876  INFO [main] ql.Driver: Completed executing command(queryId=alex_20240423214949_8d8c0828-41ca-4a43-b3f9-e716e8304569); Time taken: 0.004 seconds
2024-04-23T21:49:49,876  INFO [main] lockmgr.DbTxnManager: Stopped heartbeat for query: alex_20240423214949_8d8c0828-41ca-4a43-b3f9-e716e8304569
2024-04-23T21:49:49,883  INFO [main] txn.TxnHandler: Expected to move at least one record from txn_components to completed_txn_components when committing txn! txnid:2
2024-04-23T21:49:49,891  INFO [main] txn.TxnHandler: Removed transactions: ([2]) from MIN_HISTORY_LEVEL
2024-04-23T21:49:49,891  WARN [main] txn.CompactionTxnHandler: No compaction queue record found for Compaction type transaction commit. txnId:2
2024-04-23T21:49:49,892  INFO [main] ql.TxnCommandsBaseForTests: Running the query: drop table if exists acidTbl2
2024-04-23T21:49:49,892  INFO [main] ql.Driver: Compiling command(queryId=alex_20240423214949_b00ba212-f1ef-44d1-a458-8673d3d357cc): drop table if exists acidTbl2
2024-04-23T21:49:49,894  INFO [main] txn.TxnHandler: Added entries to MIN_HISTORY_LEVEL for current txns: ([3]) with min_open_txn: 1
2024-04-23T21:49:49,895  INFO [main] lockmgr.DbTxnManager: Opened txnid:3
2024-04-23T21:49:49,895  INFO [main] HiveMetaStore.audit: ugi=alex	ip=unknown-ip-addr	cmd=get_table : tbl=hive.default.acidTbl2	
2024-04-23T21:49:49,898  INFO [main] ql.Driver: Semantic Analysis Completed (retrial = false)
2024-04-23T21:49:49,898  INFO [main] ql.Driver: Created Hive schema: Schema(fieldSchemas:null, properties:null)
2024-04-23T21:49:49,898  INFO [main] metadata.Hive: Dumping metastore api call timing information for : compilation phase
2024-04-23T21:49:49,898  INFO [main] metadata.Hive: Total time spent in each metastore function (ms): {commitTxn_(CommitTxnRequest)=15, openTxn_(String, TxnType)=2, getValidTxns_(long)=0, isCompatibleWith_(Configuration)=0, flushCache_()=0}
2024-04-23T21:49:49,898  INFO [main] ql.Driver: Completed compiling command(queryId=alex_20240423214949_b00ba212-f1ef-44d1-a458-8673d3d357cc); Time taken: 0.006 seconds
2024-04-23T21:49:49,899  INFO [main] lockmgr.DbTxnManager: Setting lock request transaction to txnid:3 for queryId=alex_20240423214949_b00ba212-f1ef-44d1-a458-8673d3d357cc
2024-04-23T21:49:49,899  INFO [main] ql.Driver: Operation DROPTABLE obtained 0 locks
2024-04-23T21:49:49,899  INFO [main] ql.Driver: Executing command(queryId=alex_20240423214949_b00ba212-f1ef-44d1-a458-8673d3d357cc): drop table if exists acidTbl2
2024-04-23T21:49:49,899  INFO [main] ql.Driver: Starting task [Stage-0:DDL] in serial mode
2024-04-23T21:49:49,899  INFO [main] HiveMetaStore.audit: ugi=alex	ip=unknown-ip-addr	cmd=get_table : tbl=hive.default.acidTbl2	
2024-04-23T21:49:49,902  INFO [main] metadata.Hive: Dumping metastore api call timing information for : execution phase
2024-04-23T21:49:49,902  INFO [main] metadata.Hive: Total time spent in each metastore function (ms): {isCompatibleWith_(Configuration)=0}
2024-04-23T21:49:49,902  INFO [main] ql.Driver: Completed executing command(queryId=alex_20240423214949_b00ba212-f1ef-44d1-a458-8673d3d357cc); Time taken: 0.003 seconds
2024-04-23T21:49:49,902  INFO [main] lockmgr.DbTxnManager: Stopped heartbeat for query: alex_20240423214949_b00ba212-f1ef-44d1-a458-8673d3d357cc
2024-04-23T21:49:49,907  INFO [main] txn.TxnHandler: Expected to move at least one record from txn_components to completed_txn_components when committing txn! txnid:3
2024-04-23T21:49:49,912  INFO [main] txn.TxnHandler: Removed transactions: ([3]) from MIN_HISTORY_LEVEL
2024-04-23T21:49:49,912  WARN [main] txn.CompactionTxnHandler: No compaction queue record found for Compaction type transaction commit. txnId:3
2024-04-23T21:49:49,913  INFO [main] ql.TxnCommandsBaseForTests: Running the query: drop table if exists nonAcidOrcTbl
2024-04-23T21:49:49,913  INFO [main] ql.Driver: Compiling command(queryId=alex_20240423214949_5dcc1a8c-e144-49ce-a374-fa26debb6bbe): drop table if exists nonAcidOrcTbl
2024-04-23T21:49:49,915  INFO [main] txn.TxnHandler: Added entries to MIN_HISTORY_LEVEL for current txns: ([4]) with min_open_txn: 1
2024-04-23T21:49:49,916  INFO [main] lockmgr.DbTxnManager: Opened txnid:4
2024-04-23T21:49:49,916  INFO [main] HiveMetaStore.audit: ugi=alex	ip=unknown-ip-addr	cmd=get_table : tbl=hive.default.nonAcidOrcTbl	
2024-04-23T21:49:49,919  INFO [main] ql.Driver: Semantic Analysis Completed (retrial = false)
2024-04-23T21:49:49,919  INFO [main] ql.Driver: Created Hive schema: Schema(fieldSchemas:null, properties:null)
2024-04-23T21:49:49,920  INFO [main] metadata.Hive: Dumping metastore api call timing information for : compilation phase
2024-04-23T21:49:49,920  INFO [main] metadata.Hive: Total time spent in each metastore function (ms): {flushCache_()=0, commitTxn_(CommitTxnRequest)=11, getValidTxns_(long)=0, isCompatibleWith_(Configuration)=0, openTxn_(String, TxnType)=2}
2024-04-23T21:49:49,920  INFO [main] ql.Driver: Completed compiling command(queryId=alex_20240423214949_5dcc1a8c-e144-49ce-a374-fa26debb6bbe); Time taken: 0.007 seconds
2024-04-23T21:49:49,920  INFO [main] lockmgr.DbTxnManager: Setting lock request transaction to txnid:4 for queryId=alex_20240423214949_5dcc1a8c-e144-49ce-a374-fa26debb6bbe
2024-04-23T21:49:49,920  INFO [main] ql.Driver: Operation DROPTABLE obtained 0 locks
2024-04-23T21:49:49,920  INFO [main] ql.Driver: Executing command(queryId=alex_20240423214949_5dcc1a8c-e144-49ce-a374-fa26debb6bbe): drop table if exists nonAcidOrcTbl
2024-04-23T21:49:49,920  INFO [main] ql.Driver: Starting task [Stage-0:DDL] in serial mode
2024-04-23T21:49:49,921  INFO [main] HiveMetaStore.audit: ugi=alex	ip=unknown-ip-addr	cmd=get_table : tbl=hive.default.nonAcidOrcTbl	
2024-04-23T21:49:49,923  INFO [main] metadata.Hive: Dumping metastore api call timing information for : execution phase
2024-04-23T21:49:49,924  INFO [main] metadata.Hive: Total time spent in each metastore function (ms): {isCompatibleWith_(Configuration)=0}
2024-04-23T21:49:49,924  INFO [main] ql.Driver: Completed executing command(queryId=alex_20240423214949_5dcc1a8c-e144-49ce-a374-fa26debb6bbe); Time taken: 0.003 seconds
2024-04-23T21:49:49,924  INFO [main] lockmgr.DbTxnManager: Stopped heartbeat for query: alex_20240423214949_5dcc1a8c-e144-49ce-a374-fa26debb6bbe
2024-04-23T21:49:49,928  INFO [main] txn.TxnHandler: Expected to move at least one record from txn_components to completed_txn_components when committing txn! txnid:4
2024-04-23T21:49:49,934  INFO [main] txn.TxnHandler: Removed transactions: ([4]) from MIN_HISTORY_LEVEL
2024-04-23T21:49:49,934  WARN [main] txn.CompactionTxnHandler: No compaction queue record found for Compaction type transaction commit. txnId:4
2024-04-23T21:49:49,935  INFO [main] ql.TxnCommandsBaseForTests: Running the query: drop table if exists nonAcidOrcTbl2
2024-04-23T21:49:49,935  INFO [main] ql.Driver: Compiling command(queryId=alex_20240423214949_93029f8c-e5f0-4d24-a085-b6f3b24e9ff0): drop table if exists nonAcidOrcTbl2
2024-04-23T21:49:49,937  INFO [main] txn.TxnHandler: Added entries to MIN_HISTORY_LEVEL for current txns: ([5]) with min_open_txn: 1
2024-04-23T21:49:49,937  INFO [main] lockmgr.DbTxnManager: Opened txnid:5
2024-04-23T21:49:49,938  INFO [main] HiveMetaStore.audit: ugi=alex	ip=unknown-ip-addr	cmd=get_table : tbl=hive.default.nonAcidOrcTbl2	
2024-04-23T21:49:49,941  INFO [main] ql.Driver: Semantic Analysis Completed (retrial = false)
2024-04-23T21:49:49,941  INFO [main] ql.Driver: Created Hive schema: Schema(fieldSchemas:null, properties:null)
2024-04-23T21:49:49,941  INFO [main] metadata.Hive: Dumping metastore api call timing information for : compilation phase
2024-04-23T21:49:49,941  INFO [main] metadata.Hive: Total time spent in each metastore function (ms): {commitTxn_(CommitTxnRequest)=10, openTxn_(String, TxnType)=2, flushCache_()=0, isCompatibleWith_(Configuration)=0, getValidTxns_(long)=0}
2024-04-23T21:49:49,941  INFO [main] ql.Driver: Completed compiling command(queryId=alex_20240423214949_93029f8c-e5f0-4d24-a085-b6f3b24e9ff0); Time taken: 0.006 seconds
2024-04-23T21:49:49,942  INFO [main] lockmgr.DbTxnManager: Setting lock request transaction to txnid:5 for queryId=alex_20240423214949_93029f8c-e5f0-4d24-a085-b6f3b24e9ff0
2024-04-23T21:49:49,942  INFO [main] ql.Driver: Operation DROPTABLE obtained 0 locks
2024-04-23T21:49:49,942  INFO [main] ql.Driver: Executing command(queryId=alex_20240423214949_93029f8c-e5f0-4d24-a085-b6f3b24e9ff0): drop table if exists nonAcidOrcTbl2
2024-04-23T21:49:49,942  INFO [main] ql.Driver: Starting task [Stage-0:DDL] in serial mode
2024-04-23T21:49:49,942  INFO [main] HiveMetaStore.audit: ugi=alex	ip=unknown-ip-addr	cmd=get_table : tbl=hive.default.nonAcidOrcTbl2	
2024-04-23T21:49:49,945  INFO [main] metadata.Hive: Dumping metastore api call timing information for : execution phase
2024-04-23T21:49:49,945  INFO [main] metadata.Hive: Total time spent in each metastore function (ms): {isCompatibleWith_(Configuration)=0}
2024-04-23T21:49:49,945  INFO [main] ql.Driver: Completed executing command(queryId=alex_20240423214949_93029f8c-e5f0-4d24-a085-b6f3b24e9ff0); Time taken: 0.003 seconds
2024-04-23T21:49:49,945  INFO [main] lockmgr.DbTxnManager: Stopped heartbeat for query: alex_20240423214949_93029f8c-e5f0-4d24-a085-b6f3b24e9ff0
2024-04-23T21:49:49,950  INFO [main] txn.TxnHandler: Expected to move at least one record from txn_components to completed_txn_components when committing txn! txnid:5
2024-04-23T21:49:49,955  INFO [main] txn.TxnHandler: Removed transactions: ([5]) from MIN_HISTORY_LEVEL
2024-04-23T21:49:49,956  WARN [main] txn.CompactionTxnHandler: No compaction queue record found for Compaction type transaction commit. txnId:5
2024-04-23T21:49:49,956  INFO [main] ql.TxnCommandsBaseForTests: Running the query: drop table if exists nonAcidNonBucket
2024-04-23T21:49:49,957  INFO [main] ql.Driver: Compiling command(queryId=alex_20240423214949_9db67301-07d4-4111-9e34-2fd16cc40abd): drop table if exists nonAcidNonBucket
2024-04-23T21:49:49,959  INFO [main] txn.TxnHandler: Added entries to MIN_HISTORY_LEVEL for current txns: ([6]) with min_open_txn: 1
2024-04-23T21:49:49,959  INFO [main] lockmgr.DbTxnManager: Opened txnid:6
2024-04-23T21:49:49,960  INFO [main] HiveMetaStore.audit: ugi=alex	ip=unknown-ip-addr	cmd=get_table : tbl=hive.default.nonAcidNonBucket	
2024-04-23T21:49:49,962  INFO [main] ql.Driver: Semantic Analysis Completed (retrial = false)
2024-04-23T21:49:49,963  INFO [main] ql.Driver: Created Hive schema: Schema(fieldSchemas:null, properties:null)
2024-04-23T21:49:49,963  INFO [main] metadata.Hive: Dumping metastore api call timing information for : compilation phase
2024-04-23T21:49:49,963  INFO [main] metadata.Hive: Total time spent in each metastore function (ms): {isCompatibleWith_(Configuration)=0, commitTxn_(CommitTxnRequest)=11, flushCache_()=0, getValidTxns_(long)=1, openTxn_(String, TxnType)=2}
2024-04-23T21:49:49,963  INFO [main] ql.Driver: Completed compiling command(queryId=alex_20240423214949_9db67301-07d4-4111-9e34-2fd16cc40abd); Time taken: 0.006 seconds
2024-04-23T21:49:49,963  INFO [main] lockmgr.DbTxnManager: Setting lock request transaction to txnid:6 for queryId=alex_20240423214949_9db67301-07d4-4111-9e34-2fd16cc40abd
2024-04-23T21:49:49,963  INFO [main] ql.Driver: Operation DROPTABLE obtained 0 locks
2024-04-23T21:49:49,963  INFO [main] ql.Driver: Executing command(queryId=alex_20240423214949_9db67301-07d4-4111-9e34-2fd16cc40abd): drop table if exists nonAcidNonBucket
2024-04-23T21:49:49,964  INFO [main] ql.Driver: Starting task [Stage-0:DDL] in serial mode
2024-04-23T21:49:49,964  INFO [main] HiveMetaStore.audit: ugi=alex	ip=unknown-ip-addr	cmd=get_table : tbl=hive.default.nonAcidNonBucket	
2024-04-23T21:49:49,967  INFO [main] metadata.Hive: Dumping metastore api call timing information for : execution phase
2024-04-23T21:49:49,967  INFO [main] metadata.Hive: Total time spent in each metastore function (ms): {isCompatibleWith_(Configuration)=0}
2024-04-23T21:49:49,967  INFO [main] ql.Driver: Completed executing command(queryId=alex_20240423214949_9db67301-07d4-4111-9e34-2fd16cc40abd); Time taken: 0.003 seconds
2024-04-23T21:49:49,967  INFO [main] lockmgr.DbTxnManager: Stopped heartbeat for query: alex_20240423214949_9db67301-07d4-4111-9e34-2fd16cc40abd
2024-04-23T21:49:49,972  INFO [main] txn.TxnHandler: Expected to move at least one record from txn_components to completed_txn_components when committing txn! txnid:6
2024-04-23T21:49:49,977  INFO [main] txn.TxnHandler: Removed transactions: ([6]) from MIN_HISTORY_LEVEL
2024-04-23T21:49:49,978  WARN [main] txn.CompactionTxnHandler: No compaction queue record found for Compaction type transaction commit. txnId:6
2024-04-23T21:49:49,978  INFO [main] ql.TxnCommandsBaseForTests: Running the query: create table acidTbl(a int, b int) clustered by (a) into 2 buckets stored as orc TBLPROPERTIES ('transactional'='true')
2024-04-23T21:49:49,978  INFO [main] ql.Driver: Compiling command(queryId=alex_20240423214949_99e945b4-358d-4e2d-906e-3cef7cc0ef26): create table acidTbl(a int, b int) clustered by (a) into 2 buckets stored as orc TBLPROPERTIES ('transactional'='true')
2024-04-23T21:49:49,981  INFO [main] txn.TxnHandler: Added entries to MIN_HISTORY_LEVEL for current txns: ([7]) with min_open_txn: 1
2024-04-23T21:49:49,981  INFO [main] lockmgr.DbTxnManager: Opened txnid:7
2024-04-23T21:49:49,982  INFO [main] parse.CalcitePlanner: Starting caching scope for: 
2024-04-23T21:49:49,982  INFO [main] parse.CalcitePlanner: Starting Semantic Analysis
2024-04-23T21:49:49,988  INFO [main] parse.CalcitePlanner: Creating table default.acidTbl position=13
2024-04-23T21:49:49,988  INFO [main] HiveMetaStore.audit: ugi=alex	ip=unknown-ip-addr	cmd=get_database: default	
2024-04-23T21:49:49,990  INFO [main] parse.CalcitePlanner: Ending caching scope for: 
2024-04-23T21:49:49,990  INFO [main] ql.Driver: Semantic Analysis Completed (retrial = false)
2024-04-23T21:49:49,990  INFO [main] ql.Driver: Created Hive schema: Schema(fieldSchemas:null, properties:null)
2024-04-23T21:49:49,990  INFO [main] metadata.Hive: Dumping metastore api call timing information for : compilation phase
2024-04-23T21:49:49,990  INFO [main] metadata.Hive: Total time spent in each metastore function (ms): {getDatabase_(String)=2, getValidWriteIds_(List, String)=6, isCompatibleWith_(Configuration)=0, flushCache_()=0, openTxn_(String, TxnType)=2, getValidTxns_(long)=0, commitTxn_(CommitTxnRequest)=11}
2024-04-23T21:49:49,991  INFO [main] ql.Driver: Completed compiling command(queryId=alex_20240423214949_99e945b4-358d-4e2d-906e-3cef7cc0ef26); Time taken: 0.012 seconds
2024-04-23T21:49:49,991  INFO [main] lockmgr.DbTxnManager: Setting lock request transaction to txnid:7 for queryId=alex_20240423214949_99e945b4-358d-4e2d-906e-3cef7cc0ef26
2024-04-23T21:49:49,991  INFO [main] lockmgr.DbLockManager: Requesting lock for queryId=alex_20240423214949_99e945b4-358d-4e2d-906e-3cef7cc0ef26
2024-04-23T21:49:50,010  INFO [main] lockmgr.DbLockManager: Response to queryId=alex_20240423214949_99e945b4-358d-4e2d-906e-3cef7cc0ef26 LockResponse(lockid:1, state:ACQUIRED)
2024-04-23T21:49:50,010  INFO [main] ql.Driver: Operation CREATETABLE obtained 1 locks
2024-04-23T21:49:50,011  INFO [main] ql.Driver: Executing command(queryId=alex_20240423214949_99e945b4-358d-4e2d-906e-3cef7cc0ef26): create table acidTbl(a int, b int) clustered by (a) into 2 buckets stored as orc TBLPROPERTIES ('transactional'='true')
2024-04-23T21:49:50,011  INFO [main] ql.Driver: Starting task [Stage-0:DDL] in serial mode
2024-04-23T21:49:50,012  INFO [main] HiveMetaStore.audit: ugi=alex	ip=unknown-ip-addr	cmd=create_table_req: Table(tableName:acidTbl, dbName:default, owner:alex, createTime:1713934190, lastAccessTime:0, retention:0, sd:StorageDescriptor(cols:[FieldSchema(name:a, type:int, comment:null), FieldSchema(name:b, type:int, comment:null)], location:null, inputFormat:org.apache.hadoop.hive.ql.io.orc.OrcInputFormat, outputFormat:org.apache.hadoop.hive.ql.io.orc.OrcOutputFormat, compressed:false, numBuckets:2, serdeInfo:SerDeInfo(name:null, serializationLib:org.apache.hadoop.hive.ql.io.orc.OrcSerde, parameters:{serialization.format=1}), bucketCols:[a], sortCols:[], parameters:{}, skewedInfo:SkewedInfo(skewedColNames:[], skewedColValues:[], skewedColValueLocationMaps:{}), storedAsSubDirectories:false), partitionKeys:[], parameters:{numFilesErasureCoded=0, transactional=true, totalSize=0, numRows=0, rawDataSize=0, numFiles=0, COLUMN_STATS_ACCURATE={"BASIC_STATS":"true","COLUMN_STATS":{"a":"true","b":"true"}}, bucketing_version=2}, viewOriginalText:null, viewExpandedText:null, tableType:MANAGED_TABLE, privileges:PrincipalPrivilegeSet(userPrivileges:{alex=[PrivilegeGrantInfo(privilege:INSERT, createTime:-1, grantor:alex, grantorType:USER, grantOption:true), PrivilegeGrantInfo(privilege:SELECT, createTime:-1, grantor:alex, grantorType:USER, grantOption:true), PrivilegeGrantInfo(privilege:UPDATE, createTime:-1, grantor:alex, grantorType:USER, grantOption:true), PrivilegeGrantInfo(privilege:DELETE, createTime:-1, grantor:alex, grantorType:USER, grantOption:true)]}, groupPrivileges:null, rolePrivileges:null), temporary:false, catName:hive, ownerType:USER, writeId:0)	
2024-04-23T21:49:50,018  INFO [main] utils.FileUtils: Creating directory if it doesn't exist: file:/home/alex/Repositories/hive/ql/target/tmp/org.apache.hadoop.hive.ql.TestTxnLoadData-1713934124385/warehouse/acidtbl
2024-04-23T21:49:50,052  INFO [main] metadata.Hive: Dumping metastore api call timing information for : execution phase
2024-04-23T21:49:50,052  INFO [main] metadata.Hive: Total time spent in each metastore function (ms): {createTable_(Table)=40, isCompatibleWith_(Configuration)=0}
2024-04-23T21:49:50,052  INFO [main] ql.Driver: Completed executing command(queryId=alex_20240423214949_99e945b4-358d-4e2d-906e-3cef7cc0ef26); Time taken: 0.041 seconds
2024-04-23T21:49:50,052  INFO [main] lockmgr.DbTxnManager: Stopped heartbeat for query: alex_20240423214949_99e945b4-358d-4e2d-906e-3cef7cc0ef26
2024-04-23T21:49:50,056  INFO [main] txn.TxnHandler: Expected to move at least one record from txn_components to completed_txn_components when committing txn! txnid:7
2024-04-23T21:49:50,061  INFO [main] txn.TxnHandler: Removed transactions: ([7]) from MIN_HISTORY_LEVEL
2024-04-23T21:49:50,062  WARN [main] txn.CompactionTxnHandler: No compaction queue record found for Compaction type transaction commit. txnId:7
2024-04-23T21:49:50,062  INFO [main] ql.TxnCommandsBaseForTests: Running the query: create table acidTblPart(a int, b int) partitioned by (p string) clustered by (a) into 2 buckets stored as orc TBLPROPERTIES ('transactional'='true')
2024-04-23T21:49:50,063  INFO [main] ql.Driver: Compiling command(queryId=alex_20240423214950_b01c2265-578d-42d2-a329-73b149dfe373): create table acidTblPart(a int, b int) partitioned by (p string) clustered by (a) into 2 buckets stored as orc TBLPROPERTIES ('transactional'='true')
2024-04-23T21:49:50,065  INFO [main] txn.TxnHandler: Added entries to MIN_HISTORY_LEVEL for current txns: ([8]) with min_open_txn: 1
2024-04-23T21:49:50,065  INFO [main] lockmgr.DbTxnManager: Opened txnid:8
2024-04-23T21:49:50,066  INFO [main] parse.CalcitePlanner: Starting caching scope for: 
2024-04-23T21:49:50,066  INFO [main] parse.CalcitePlanner: Starting Semantic Analysis
2024-04-23T21:49:50,068  INFO [main] parse.CalcitePlanner: Creating table default.acidTblPart position=13
2024-04-23T21:49:50,069  INFO [main] HiveMetaStore.audit: ugi=alex	ip=unknown-ip-addr	cmd=get_database: default	
2024-04-23T21:49:50,070  INFO [main] parse.CalcitePlanner: Ending caching scope for: 
2024-04-23T21:49:50,071  INFO [main] ql.Driver: Semantic Analysis Completed (retrial = false)
2024-04-23T21:49:50,071  INFO [main] ql.Driver: Created Hive schema: Schema(fieldSchemas:null, properties:null)
2024-04-23T21:49:50,071  INFO [main] metadata.Hive: Dumping metastore api call timing information for : compilation phase
2024-04-23T21:49:50,071  INFO [main] metadata.Hive: Total time spent in each metastore function (ms): {commitTxn_(CommitTxnRequest)=9, flushCache_()=0, isCompatibleWith_(Configuration)=1, openTxn_(String, TxnType)=2, getValidWriteIds_(List, String)=2, getValidTxns_(long)=0, getDatabase_(String)=1}
2024-04-23T21:49:50,071  INFO [main] ql.Driver: Completed compiling command(queryId=alex_20240423214950_b01c2265-578d-42d2-a329-73b149dfe373); Time taken: 0.008 seconds
2024-04-23T21:49:50,071  INFO [main] lockmgr.DbTxnManager: Setting lock request transaction to txnid:8 for queryId=alex_20240423214950_b01c2265-578d-42d2-a329-73b149dfe373
2024-04-23T21:49:50,072  INFO [main] lockmgr.DbLockManager: Requesting lock for queryId=alex_20240423214950_b01c2265-578d-42d2-a329-73b149dfe373
2024-04-23T21:49:50,086  INFO [main] lockmgr.DbLockManager: Response to queryId=alex_20240423214950_b01c2265-578d-42d2-a329-73b149dfe373 LockResponse(lockid:2, state:ACQUIRED)
2024-04-23T21:49:50,086  INFO [main] ql.Driver: Operation CREATETABLE obtained 1 locks
2024-04-23T21:49:50,086  INFO [main] ql.Driver: Executing command(queryId=alex_20240423214950_b01c2265-578d-42d2-a329-73b149dfe373): create table acidTblPart(a int, b int) partitioned by (p string) clustered by (a) into 2 buckets stored as orc TBLPROPERTIES ('transactional'='true')
2024-04-23T21:49:50,087  INFO [main] ql.Driver: Starting task [Stage-0:DDL] in serial mode
2024-04-23T21:49:50,087  INFO [main] HiveMetaStore.audit: ugi=alex	ip=unknown-ip-addr	cmd=create_table_req: Table(tableName:acidTblPart, dbName:default, owner:alex, createTime:1713934190, lastAccessTime:0, retention:0, sd:StorageDescriptor(cols:[FieldSchema(name:a, type:int, comment:null), FieldSchema(name:b, type:int, comment:null)], location:null, inputFormat:org.apache.hadoop.hive.ql.io.orc.OrcInputFormat, outputFormat:org.apache.hadoop.hive.ql.io.orc.OrcOutputFormat, compressed:false, numBuckets:2, serdeInfo:SerDeInfo(name:null, serializationLib:org.apache.hadoop.hive.ql.io.orc.OrcSerde, parameters:{serialization.format=1}), bucketCols:[a], sortCols:[], parameters:{}, skewedInfo:SkewedInfo(skewedColNames:[], skewedColValues:[], skewedColValueLocationMaps:{}), storedAsSubDirectories:false), partitionKeys:[FieldSchema(name:p, type:string, comment:null)], parameters:{bucketing_version=2, transactional=true}, viewOriginalText:null, viewExpandedText:null, tableType:MANAGED_TABLE, privileges:PrincipalPrivilegeSet(userPrivileges:{alex=[PrivilegeGrantInfo(privilege:INSERT, createTime:-1, grantor:alex, grantorType:USER, grantOption:true), PrivilegeGrantInfo(privilege:SELECT, createTime:-1, grantor:alex, grantorType:USER, grantOption:true), PrivilegeGrantInfo(privilege:UPDATE, createTime:-1, grantor:alex, grantorType:USER, grantOption:true), PrivilegeGrantInfo(privilege:DELETE, createTime:-1, grantor:alex, grantorType:USER, grantOption:true)]}, groupPrivileges:null, rolePrivileges:null), temporary:false, catName:hive, ownerType:USER, writeId:0)	
2024-04-23T21:49:50,092  INFO [main] utils.FileUtils: Creating directory if it doesn't exist: file:/home/alex/Repositories/hive/ql/target/tmp/org.apache.hadoop.hive.ql.TestTxnLoadData-1713934124385/warehouse/acidtblpart
2024-04-23T21:49:50,111  INFO [main] metadata.Hive: Dumping metastore api call timing information for : execution phase
2024-04-23T21:49:50,112  INFO [main] metadata.Hive: Total time spent in each metastore function (ms): {createTable_(Table)=24, isCompatibleWith_(Configuration)=0}
2024-04-23T21:49:50,112  INFO [main] ql.Driver: Completed executing command(queryId=alex_20240423214950_b01c2265-578d-42d2-a329-73b149dfe373); Time taken: 0.025 seconds
2024-04-23T21:49:50,112  INFO [main] lockmgr.DbTxnManager: Stopped heartbeat for query: alex_20240423214950_b01c2265-578d-42d2-a329-73b149dfe373
2024-04-23T21:49:50,116  INFO [main] txn.TxnHandler: Expected to move at least one record from txn_components to completed_txn_components when committing txn! txnid:8
2024-04-23T21:49:50,122  INFO [main] txn.TxnHandler: Removed transactions: ([8]) from MIN_HISTORY_LEVEL
2024-04-23T21:49:50,122  WARN [main] txn.CompactionTxnHandler: No compaction queue record found for Compaction type transaction commit. txnId:8
2024-04-23T21:49:50,123  INFO [main] ql.TxnCommandsBaseForTests: Running the query: create table nonAcidOrcTbl(a int, b int) clustered by (a) into 2 buckets stored as orc TBLPROPERTIES ('transactional'='false')
2024-04-23T21:49:50,123  INFO [main] ql.Driver: Compiling command(queryId=alex_20240423214950_6f145c01-81af-4298-8fbd-4da1a9ea6ec0): create table nonAcidOrcTbl(a int, b int) clustered by (a) into 2 buckets stored as orc TBLPROPERTIES ('transactional'='false')
2024-04-23T21:49:50,126  INFO [main] txn.TxnHandler: Added entries to MIN_HISTORY_LEVEL for current txns: ([9]) with min_open_txn: 1
2024-04-23T21:49:50,126  INFO [main] lockmgr.DbTxnManager: Opened txnid:9
2024-04-23T21:49:50,127  INFO [main] parse.CalcitePlanner: Starting caching scope for: 
2024-04-23T21:49:50,127  INFO [main] parse.CalcitePlanner: Starting Semantic Analysis
2024-04-23T21:49:50,129  INFO [main] parse.CalcitePlanner: Creating table default.nonAcidOrcTbl position=13
2024-04-23T21:49:50,130  INFO [main] HiveMetaStore.audit: ugi=alex	ip=unknown-ip-addr	cmd=get_database: default	
2024-04-23T21:49:50,132  INFO [main] parse.CalcitePlanner: Ending caching scope for: 
2024-04-23T21:49:50,132  INFO [main] ql.Driver: Semantic Analysis Completed (retrial = false)
2024-04-23T21:49:50,132  INFO [main] ql.Driver: Created Hive schema: Schema(fieldSchemas:null, properties:null)
2024-04-23T21:49:50,132  INFO [main] metadata.Hive: Dumping metastore api call timing information for : compilation phase
2024-04-23T21:49:50,132  INFO [main] metadata.Hive: Total time spent in each metastore function (ms): {isCompatibleWith_(Configuration)=1, getValidWriteIds_(List, String)=2, getDatabase_(String)=2, openTxn_(String, TxnType)=2, getValidTxns_(long)=1, flushCache_()=0, commitTxn_(CommitTxnRequest)=10}
2024-04-23T21:49:50,132  INFO [main] ql.Driver: Completed compiling command(queryId=alex_20240423214950_6f145c01-81af-4298-8fbd-4da1a9ea6ec0); Time taken: 0.009 seconds
2024-04-23T21:49:50,132  INFO [main] lockmgr.DbTxnManager: Setting lock request transaction to txnid:9 for queryId=alex_20240423214950_6f145c01-81af-4298-8fbd-4da1a9ea6ec0
2024-04-23T21:49:50,133  INFO [main] lockmgr.DbLockManager: Requesting lock for queryId=alex_20240423214950_6f145c01-81af-4298-8fbd-4da1a9ea6ec0
2024-04-23T21:49:50,147  INFO [main] lockmgr.DbLockManager: Response to queryId=alex_20240423214950_6f145c01-81af-4298-8fbd-4da1a9ea6ec0 LockResponse(lockid:3, state:ACQUIRED)
2024-04-23T21:49:50,147  INFO [main] ql.Driver: Operation CREATETABLE obtained 1 locks
2024-04-23T21:49:50,147  INFO [main] ql.Driver: Executing command(queryId=alex_20240423214950_6f145c01-81af-4298-8fbd-4da1a9ea6ec0): create table nonAcidOrcTbl(a int, b int) clustered by (a) into 2 buckets stored as orc TBLPROPERTIES ('transactional'='false')
2024-04-23T21:49:50,148  INFO [main] ql.Driver: Starting task [Stage-0:DDL] in serial mode
2024-04-23T21:49:50,148  INFO [main] HiveMetaStore.audit: ugi=alex	ip=unknown-ip-addr	cmd=create_table_req: Table(tableName:nonAcidOrcTbl, dbName:default, owner:alex, createTime:1713934190, lastAccessTime:0, retention:0, sd:StorageDescriptor(cols:[FieldSchema(name:a, type:int, comment:null), FieldSchema(name:b, type:int, comment:null)], location:null, inputFormat:org.apache.hadoop.hive.ql.io.orc.OrcInputFormat, outputFormat:org.apache.hadoop.hive.ql.io.orc.OrcOutputFormat, compressed:false, numBuckets:2, serdeInfo:SerDeInfo(name:null, serializationLib:org.apache.hadoop.hive.ql.io.orc.OrcSerde, parameters:{serialization.format=1}), bucketCols:[a], sortCols:[], parameters:{}, skewedInfo:SkewedInfo(skewedColNames:[], skewedColValues:[], skewedColValueLocationMaps:{}), storedAsSubDirectories:false), partitionKeys:[], parameters:{COLUMN_STATS_ACCURATE={"BASIC_STATS":"true","COLUMN_STATS":{"a":"true","b":"true"}}, numFiles=0, rawDataSize=0, numFilesErasureCoded=0, totalSize=0, numRows=0, transactional=false, bucketing_version=2}, viewOriginalText:null, viewExpandedText:null, tableType:MANAGED_TABLE, privileges:PrincipalPrivilegeSet(userPrivileges:{alex=[PrivilegeGrantInfo(privilege:INSERT, createTime:-1, grantor:alex, grantorType:USER, grantOption:true), PrivilegeGrantInfo(privilege:SELECT, createTime:-1, grantor:alex, grantorType:USER, grantOption:true), PrivilegeGrantInfo(privilege:UPDATE, createTime:-1, grantor:alex, grantorType:USER, grantOption:true), PrivilegeGrantInfo(privilege:DELETE, createTime:-1, grantor:alex, grantorType:USER, grantOption:true)]}, groupPrivileges:null, rolePrivileges:null), temporary:false, catName:hive, ownerType:USER)	
2024-04-23T21:49:50,153  INFO [main] utils.FileUtils: Creating directory if it doesn't exist: file:/home/alex/Repositories/hive/ql/target/tmp/org.apache.hadoop.hive.ql.TestTxnLoadData-1713934124385/warehouse/nonacidorctbl
2024-04-23T21:49:50,168  INFO [main] metadata.Hive: Dumping metastore api call timing information for : execution phase
2024-04-23T21:49:50,168  INFO [main] metadata.Hive: Total time spent in each metastore function (ms): {createTable_(Table)=19, isCompatibleWith_(Configuration)=0}
2024-04-23T21:49:50,168  INFO [main] ql.Driver: Completed executing command(queryId=alex_20240423214950_6f145c01-81af-4298-8fbd-4da1a9ea6ec0); Time taken: 0.02 seconds
2024-04-23T21:49:50,168  INFO [main] lockmgr.DbTxnManager: Stopped heartbeat for query: alex_20240423214950_6f145c01-81af-4298-8fbd-4da1a9ea6ec0
2024-04-23T21:49:50,172  INFO [main] txn.TxnHandler: Expected to move at least one record from txn_components to completed_txn_components when committing txn! txnid:9
2024-04-23T21:49:50,178  INFO [main] txn.TxnHandler: Removed transactions: ([9]) from MIN_HISTORY_LEVEL
2024-04-23T21:49:50,178  WARN [main] txn.CompactionTxnHandler: No compaction queue record found for Compaction type transaction commit. txnId:9
2024-04-23T21:49:50,178  INFO [main] ql.TxnCommandsBaseForTests: Running the query: create table nonAcidOrcTbl2(a int, b int) clustered by (a) into 2 buckets stored as orc TBLPROPERTIES ('transactional'='false')
2024-04-23T21:49:50,179  INFO [main] ql.Driver: Compiling command(queryId=alex_20240423214950_b30a3a8b-0d40-4909-a658-f379116cf141): create table nonAcidOrcTbl2(a int, b int) clustered by (a) into 2 buckets stored as orc TBLPROPERTIES ('transactional'='false')
2024-04-23T21:49:50,182  INFO [main] txn.TxnHandler: Added entries to MIN_HISTORY_LEVEL for current txns: ([10]) with min_open_txn: 1
2024-04-23T21:49:50,182  INFO [main] lockmgr.DbTxnManager: Opened txnid:10
2024-04-23T21:49:50,183  INFO [main] parse.CalcitePlanner: Starting caching scope for: 
2024-04-23T21:49:50,183  INFO [main] parse.CalcitePlanner: Starting Semantic Analysis
2024-04-23T21:49:50,185  INFO [main] parse.CalcitePlanner: Creating table default.nonAcidOrcTbl2 position=13
2024-04-23T21:49:50,185  INFO [main] HiveMetaStore.audit: ugi=alex	ip=unknown-ip-addr	cmd=get_database: default	
2024-04-23T21:49:50,187  INFO [main] parse.CalcitePlanner: Ending caching scope for: 
2024-04-23T21:49:50,187  INFO [main] ql.Driver: Semantic Analysis Completed (retrial = false)
2024-04-23T21:49:50,187  INFO [main] ql.Driver: Created Hive schema: Schema(fieldSchemas:null, properties:null)
2024-04-23T21:49:50,187  INFO [main] metadata.Hive: Dumping metastore api call timing information for : compilation phase
2024-04-23T21:49:50,188  INFO [main] metadata.Hive: Total time spent in each metastore function (ms): {openTxn_(String, TxnType)=2, getDatabase_(String)=2, flushCache_()=0, isCompatibleWith_(Configuration)=1, commitTxn_(CommitTxnRequest)=10, getValidWriteIds_(List, String)=2, getValidTxns_(long)=1}
2024-04-23T21:49:50,188  INFO [main] ql.Driver: Completed compiling command(queryId=alex_20240423214950_b30a3a8b-0d40-4909-a658-f379116cf141); Time taken: 0.008 seconds
2024-04-23T21:49:50,188  INFO [main] lockmgr.DbTxnManager: Setting lock request transaction to txnid:10 for queryId=alex_20240423214950_b30a3a8b-0d40-4909-a658-f379116cf141
2024-04-23T21:49:50,188  INFO [main] lockmgr.DbLockManager: Requesting lock for queryId=alex_20240423214950_b30a3a8b-0d40-4909-a658-f379116cf141
2024-04-23T21:49:50,192  INFO [Metastore Scheduled Worker 0] metastore.HMSHandler: 4: Opening raw store with implementation class:org.apache.hadoop.hive.metastore.ObjectStore
2024-04-23T21:49:50,192  INFO [Metastore Scheduled Worker 0] metastore.ObjectStore: RawStore: org.apache.hadoop.hive.metastore.ObjectStore@8039b61, with PersistenceManager: null will be shutdown
2024-04-23T21:49:50,192  INFO [Metastore Scheduled Worker 0] metastore.ObjectStore: RawStore: org.apache.hadoop.hive.metastore.ObjectStore@8039b61, with PersistenceManager: org.datanucleus.api.jdo.JDOPersistenceManager@6cf14f99 created in the thread with id: 44
2024-04-23T21:49:50,206  INFO [main] lockmgr.DbLockManager: Response to queryId=alex_20240423214950_b30a3a8b-0d40-4909-a658-f379116cf141 LockResponse(lockid:4, state:ACQUIRED)
2024-04-23T21:49:50,206  INFO [main] ql.Driver: Operation CREATETABLE obtained 1 locks
2024-04-23T21:49:50,206  INFO [main] ql.Driver: Executing command(queryId=alex_20240423214950_b30a3a8b-0d40-4909-a658-f379116cf141): create table nonAcidOrcTbl2(a int, b int) clustered by (a) into 2 buckets stored as orc TBLPROPERTIES ('transactional'='false')
2024-04-23T21:49:50,206  INFO [main] ql.Driver: Starting task [Stage-0:DDL] in serial mode
2024-04-23T21:49:50,207  INFO [main] HiveMetaStore.audit: ugi=alex	ip=unknown-ip-addr	cmd=create_table_req: Table(tableName:nonAcidOrcTbl2, dbName:default, owner:alex, createTime:1713934190, lastAccessTime:0, retention:0, sd:StorageDescriptor(cols:[FieldSchema(name:a, type:int, comment:null), FieldSchema(name:b, type:int, comment:null)], location:null, inputFormat:org.apache.hadoop.hive.ql.io.orc.OrcInputFormat, outputFormat:org.apache.hadoop.hive.ql.io.orc.OrcOutputFormat, compressed:false, numBuckets:2, serdeInfo:SerDeInfo(name:null, serializationLib:org.apache.hadoop.hive.ql.io.orc.OrcSerde, parameters:{serialization.format=1}), bucketCols:[a], sortCols:[], parameters:{}, skewedInfo:SkewedInfo(skewedColNames:[], skewedColValues:[], skewedColValueLocationMaps:{}), storedAsSubDirectories:false), partitionKeys:[], parameters:{transactional=false, rawDataSize=0, bucketing_version=2, COLUMN_STATS_ACCURATE={"BASIC_STATS":"true","COLUMN_STATS":{"a":"true","b":"true"}}, numFiles=0, totalSize=0, numRows=0, numFilesErasureCoded=0}, viewOriginalText:null, viewExpandedText:null, tableType:MANAGED_TABLE, privileges:PrincipalPrivilegeSet(userPrivileges:{alex=[PrivilegeGrantInfo(privilege:INSERT, createTime:-1, grantor:alex, grantorType:USER, grantOption:true), PrivilegeGrantInfo(privilege:SELECT, createTime:-1, grantor:alex, grantorType:USER, grantOption:true), PrivilegeGrantInfo(privilege:UPDATE, createTime:-1, grantor:alex, grantorType:USER, grantOption:true), PrivilegeGrantInfo(privilege:DELETE, createTime:-1, grantor:alex, grantorType:USER, grantOption:true)]}, groupPrivileges:null, rolePrivileges:null), temporary:false, catName:hive, ownerType:USER)	
2024-04-23T21:49:50,213  INFO [main] utils.FileUtils: Creating directory if it doesn't exist: file:/home/alex/Repositories/hive/ql/target/tmp/org.apache.hadoop.hive.ql.TestTxnLoadData-1713934124385/warehouse/nonacidorctbl2
2024-04-23T21:49:50,214  INFO [Metastore Scheduled Worker 0] metastore.HMSHandler: Created RawStore: org.apache.hadoop.hive.metastore.ObjectStore@8039b61 from thread id: 44
2024-04-23T21:49:50,314  INFO [main] metadata.Hive: Dumping metastore api call timing information for : execution phase
2024-04-23T21:49:50,314  INFO [main] metadata.Hive: Total time spent in each metastore function (ms): {isCompatibleWith_(Configuration)=0, createTable_(Table)=106}
2024-04-23T21:49:50,314  INFO [main] ql.Driver: Completed executing command(queryId=alex_20240423214950_b30a3a8b-0d40-4909-a658-f379116cf141); Time taken: 0.108 seconds
2024-04-23T21:49:50,314  INFO [main] lockmgr.DbTxnManager: Stopped heartbeat for query: alex_20240423214950_b30a3a8b-0d40-4909-a658-f379116cf141
2024-04-23T21:49:50,319  INFO [main] txn.TxnHandler: Expected to move at least one record from txn_components to completed_txn_components when committing txn! txnid:10
2024-04-23T21:49:50,325  INFO [main] txn.TxnHandler: Removed transactions: ([10]) from MIN_HISTORY_LEVEL
2024-04-23T21:49:50,326  WARN [main] txn.CompactionTxnHandler: No compaction queue record found for Compaction type transaction commit. txnId:10
2024-04-23T21:49:50,326  INFO [main] ql.TxnCommandsBaseForTests: Running the query: create temporary  table acidTbl2(a int, b int, c int) clustered by (c) into 2 buckets stored as orc TBLPROPERTIES ('transactional'='true')
2024-04-23T21:49:50,327  INFO [main] ql.Driver: Compiling command(queryId=alex_20240423214950_4884edca-f3c9-450d-b045-f142bcfed988): create temporary  table acidTbl2(a int, b int, c int) clustered by (c) into 2 buckets stored as orc TBLPROPERTIES ('transactional'='true')
2024-04-23T21:49:50,330  INFO [main] txn.TxnHandler: Added entries to MIN_HISTORY_LEVEL for current txns: ([11]) with min_open_txn: 1
2024-04-23T21:49:50,330  INFO [main] lockmgr.DbTxnManager: Opened txnid:11
2024-04-23T21:49:50,331  INFO [main] parse.CalcitePlanner: Starting caching scope for: 
2024-04-23T21:49:50,331  INFO [main] parse.CalcitePlanner: Starting Semantic Analysis
2024-04-23T21:49:50,334  INFO [main] parse.CalcitePlanner: Creating table default.acidTbl2 position=24
2024-04-23T21:49:50,334  INFO [main] HiveMetaStore.audit: ugi=alex	ip=unknown-ip-addr	cmd=get_database: default	
2024-04-23T21:49:50,336  INFO [main] parse.CalcitePlanner: Ending caching scope for: 
2024-04-23T21:49:50,336  INFO [main] ql.Driver: Semantic Analysis Completed (retrial = false)
2024-04-23T21:49:50,336  INFO [main] ql.Driver: Created Hive schema: Schema(fieldSchemas:null, properties:null)
2024-04-23T21:49:50,336  INFO [main] metadata.Hive: Dumping metastore api call timing information for : compilation phase
2024-04-23T21:49:50,336  INFO [main] metadata.Hive: Total time spent in each metastore function (ms): {getDatabase_(String)=2, flushCache_()=0, getValidWriteIds_(List, String)=3, commitTxn_(CommitTxnRequest)=12, openTxn_(String, TxnType)=2, getValidTxns_(long)=0, isCompatibleWith_(Configuration)=2}
2024-04-23T21:49:50,337  INFO [main] ql.Driver: Completed compiling command(queryId=alex_20240423214950_4884edca-f3c9-450d-b045-f142bcfed988); Time taken: 0.01 seconds
2024-04-23T21:49:50,337  INFO [main] lockmgr.DbTxnManager: Setting lock request transaction to txnid:11 for queryId=alex_20240423214950_4884edca-f3c9-450d-b045-f142bcfed988
2024-04-23T21:49:50,337  INFO [main] lockmgr.DbLockManager: Requesting lock for queryId=alex_20240423214950_4884edca-f3c9-450d-b045-f142bcfed988
2024-04-23T21:49:50,354  INFO [main] lockmgr.DbLockManager: Response to queryId=alex_20240423214950_4884edca-f3c9-450d-b045-f142bcfed988 LockResponse(lockid:5, state:ACQUIRED)
2024-04-23T21:49:50,354  INFO [main] ql.Driver: Operation CREATETABLE obtained 1 locks
2024-04-23T21:49:50,355  INFO [main] ql.Driver: Executing command(queryId=alex_20240423214950_4884edca-f3c9-450d-b045-f142bcfed988): create temporary  table acidTbl2(a int, b int, c int) clustered by (c) into 2 buckets stored as orc TBLPROPERTIES ('transactional'='true')
2024-04-23T21:49:50,355  INFO [main] ql.Driver: Starting task [Stage-0:DDL] in serial mode
2024-04-23T21:49:50,357  INFO [main] utils.FileUtils: Creating directory if it doesn't exist: file:/home/alex/Repositories/hive/ql/target/tmp/scratchdir/alex/d341dbc7-56b9-4221-b20e-ffb5afed4686/_tmp_space.db/1877d5ed-bf97-4480-ad7b-ab35175de00a
2024-04-23T21:49:50,360  INFO [main] metadata.Hive: Dumping metastore api call timing information for : execution phase
2024-04-23T21:49:50,360  INFO [main] metadata.Hive: Total time spent in each metastore function (ms): {createTable_(Table)=3, isCompatibleWith_(Configuration)=0}
2024-04-23T21:49:50,360  INFO [main] ql.Driver: Completed executing command(queryId=alex_20240423214950_4884edca-f3c9-450d-b045-f142bcfed988); Time taken: 0.005 seconds
2024-04-23T21:49:50,360  INFO [main] lockmgr.DbTxnManager: Stopped heartbeat for query: alex_20240423214950_4884edca-f3c9-450d-b045-f142bcfed988
2024-04-23T21:49:50,365  INFO [main] txn.TxnHandler: Expected to move at least one record from txn_components to completed_txn_components when committing txn! txnid:11
2024-04-23T21:49:50,371  INFO [main] txn.TxnHandler: Removed transactions: ([11]) from MIN_HISTORY_LEVEL
2024-04-23T21:49:50,373  WARN [main] txn.CompactionTxnHandler: No compaction queue record found for Compaction type transaction commit. txnId:11
2024-04-23T21:49:50,373  INFO [main] ql.TxnCommandsBaseForTests: Running the query: create table nonAcidNonBucket(a int, b int) stored as orc TBLPROPERTIES ('transactional'='false')
2024-04-23T21:49:50,374  INFO [main] ql.Driver: Compiling command(queryId=alex_20240423214950_51a04814-7bf8-4c6e-8a6a-91a307acfebb): create table nonAcidNonBucket(a int, b int) stored as orc TBLPROPERTIES ('transactional'='false')
2024-04-23T21:49:50,385  INFO [main] txn.TxnHandler: Added entries to MIN_HISTORY_LEVEL for current txns: ([12]) with min_open_txn: 1
2024-04-23T21:49:50,386  INFO [main] lockmgr.DbTxnManager: Opened txnid:12
2024-04-23T21:49:50,386  INFO [main] parse.CalcitePlanner: Starting caching scope for: 
2024-04-23T21:49:50,386  INFO [main] parse.CalcitePlanner: Starting Semantic Analysis
2024-04-23T21:49:50,389  INFO [main] parse.CalcitePlanner: Creating table default.nonAcidNonBucket position=13
2024-04-23T21:49:50,389  INFO [main] HiveMetaStore.audit: ugi=alex	ip=unknown-ip-addr	cmd=get_database: default	
2024-04-23T21:49:50,391  INFO [main] parse.CalcitePlanner: Ending caching scope for: 
2024-04-23T21:49:50,391  INFO [main] ql.Driver: Semantic Analysis Completed (retrial = false)
2024-04-23T21:49:50,391  INFO [main] ql.Driver: Created Hive schema: Schema(fieldSchemas:null, properties:null)
2024-04-23T21:49:50,391  INFO [main] metadata.Hive: Dumping metastore api call timing information for : compilation phase
2024-04-23T21:49:50,391  INFO [main] metadata.Hive: Total time spent in each metastore function (ms): {isCompatibleWith_(Configuration)=0, openTxn_(String, TxnType)=11, flushCache_()=0, getValidTxns_(long)=0, commitTxn_(CommitTxnRequest)=13, getDatabase_(String)=2, getValidWriteIds_(List, String)=3}
2024-04-23T21:49:50,392  INFO [main] ql.Driver: Completed compiling command(queryId=alex_20240423214950_51a04814-7bf8-4c6e-8a6a-91a307acfebb); Time taken: 0.017 seconds
2024-04-23T21:49:50,392  INFO [main] lockmgr.DbTxnManager: Setting lock request transaction to txnid:12 for queryId=alex_20240423214950_51a04814-7bf8-4c6e-8a6a-91a307acfebb
2024-04-23T21:49:50,392  INFO [main] lockmgr.DbLockManager: Requesting lock for queryId=alex_20240423214950_51a04814-7bf8-4c6e-8a6a-91a307acfebb
2024-04-23T21:49:50,406  INFO [main] lockmgr.DbLockManager: Response to queryId=alex_20240423214950_51a04814-7bf8-4c6e-8a6a-91a307acfebb LockResponse(lockid:6, state:ACQUIRED)
2024-04-23T21:49:50,406  INFO [main] ql.Driver: Operation CREATETABLE obtained 1 locks
2024-04-23T21:49:50,406  INFO [main] ql.Driver: Executing command(queryId=alex_20240423214950_51a04814-7bf8-4c6e-8a6a-91a307acfebb): create table nonAcidNonBucket(a int, b int) stored as orc TBLPROPERTIES ('transactional'='false')
2024-04-23T21:49:50,406  INFO [main] ql.Driver: Starting task [Stage-0:DDL] in serial mode
2024-04-23T21:49:50,407  INFO [main] HiveMetaStore.audit: ugi=alex	ip=unknown-ip-addr	cmd=create_table_req: Table(tableName:nonAcidNonBucket, dbName:default, owner:alex, createTime:1713934190, lastAccessTime:0, retention:0, sd:StorageDescriptor(cols:[FieldSchema(name:a, type:int, comment:null), FieldSchema(name:b, type:int, comment:null)], location:null, inputFormat:org.apache.hadoop.hive.ql.io.orc.OrcInputFormat, outputFormat:org.apache.hadoop.hive.ql.io.orc.OrcOutputFormat, compressed:false, numBuckets:-1, serdeInfo:SerDeInfo(name:null, serializationLib:org.apache.hadoop.hive.ql.io.orc.OrcSerde, parameters:{serialization.format=1}), bucketCols:[], sortCols:[], parameters:{}, skewedInfo:SkewedInfo(skewedColNames:[], skewedColValues:[], skewedColValueLocationMaps:{}), storedAsSubDirectories:false), partitionKeys:[], parameters:{rawDataSize=0, totalSize=0, numFiles=0, bucketing_version=2, numRows=0, COLUMN_STATS_ACCURATE={"BASIC_STATS":"true","COLUMN_STATS":{"a":"true","b":"true"}}, transactional=false, numFilesErasureCoded=0}, viewOriginalText:null, viewExpandedText:null, tableType:MANAGED_TABLE, privileges:PrincipalPrivilegeSet(userPrivileges:{alex=[PrivilegeGrantInfo(privilege:INSERT, createTime:-1, grantor:alex, grantorType:USER, grantOption:true), PrivilegeGrantInfo(privilege:SELECT, createTime:-1, grantor:alex, grantorType:USER, grantOption:true), PrivilegeGrantInfo(privilege:UPDATE, createTime:-1, grantor:alex, grantorType:USER, grantOption:true), PrivilegeGrantInfo(privilege:DELETE, createTime:-1, grantor:alex, grantorType:USER, grantOption:true)]}, groupPrivileges:null, rolePrivileges:null), temporary:false, catName:hive, ownerType:USER)	
2024-04-23T21:49:50,413  INFO [main] utils.FileUtils: Creating directory if it doesn't exist: file:/home/alex/Repositories/hive/ql/target/tmp/org.apache.hadoop.hive.ql.TestTxnLoadData-1713934124385/warehouse/nonacidnonbucket
2024-04-23T21:49:50,442  INFO [main] metadata.Hive: Dumping metastore api call timing information for : execution phase
2024-04-23T21:49:50,442  INFO [main] metadata.Hive: Total time spent in each metastore function (ms): {isCompatibleWith_(Configuration)=0, createTable_(Table)=35}
2024-04-23T21:49:50,442  INFO [main] ql.Driver: Completed executing command(queryId=alex_20240423214950_51a04814-7bf8-4c6e-8a6a-91a307acfebb); Time taken: 0.036 seconds
2024-04-23T21:49:50,443  INFO [main] lockmgr.DbTxnManager: Stopped heartbeat for query: alex_20240423214950_51a04814-7bf8-4c6e-8a6a-91a307acfebb
2024-04-23T21:49:50,447  INFO [main] txn.TxnHandler: Expected to move at least one record from txn_components to completed_txn_components when committing txn! txnid:12
2024-04-23T21:49:50,453  INFO [main] txn.TxnHandler: Removed transactions: ([12]) from MIN_HISTORY_LEVEL
2024-04-23T21:49:50,453  WARN [main] txn.CompactionTxnHandler: No compaction queue record found for Compaction type transaction commit. txnId:12
2024-04-23T21:49:50,454  INFO [main] ql.TxnCommandsBaseForTests: Running the query: drop table if exists T
2024-04-23T21:49:50,454  INFO [main] ql.Driver: Compiling command(queryId=alex_20240423214950_70577db8-3b87-40d1-a92b-c78f37db142b): drop table if exists T
2024-04-23T21:49:50,457  INFO [main] txn.TxnHandler: Added entries to MIN_HISTORY_LEVEL for current txns: ([13]) with min_open_txn: 1
2024-04-23T21:49:50,457  INFO [main] lockmgr.DbTxnManager: Opened txnid:13
2024-04-23T21:49:50,458  INFO [main] HiveMetaStore.audit: ugi=alex	ip=unknown-ip-addr	cmd=get_table : tbl=hive.default.T	
2024-04-23T21:49:50,481  INFO [main] metastore.HMSHandler: Skipping translation for processor with null
2024-04-23T21:49:50,481  INFO [main] ql.Driver: Semantic Analysis Completed (retrial = false)
2024-04-23T21:49:50,481  INFO [main] ql.Driver: Created Hive schema: Schema(fieldSchemas:null, properties:null)
2024-04-23T21:49:50,481  INFO [main] metadata.Hive: Dumping metastore api call timing information for : compilation phase
2024-04-23T21:49:50,481  INFO [main] metadata.Hive: Total time spent in each metastore function (ms): {commitTxn_(CommitTxnRequest)=10, isCompatibleWith_(Configuration)=0, getTable_(GetTableRequest)=23, flushCache_()=0, openTxn_(String, TxnType)=3, getValidTxns_(long)=1}
2024-04-23T21:49:50,481  INFO [main] ql.Driver: Completed compiling command(queryId=alex_20240423214950_70577db8-3b87-40d1-a92b-c78f37db142b); Time taken: 0.027 seconds
2024-04-23T21:49:50,482  INFO [main] lockmgr.DbTxnManager: Setting lock request transaction to txnid:13 for queryId=alex_20240423214950_70577db8-3b87-40d1-a92b-c78f37db142b
2024-04-23T21:49:50,482  INFO [main] lockmgr.DbLockManager: Requesting lock for queryId=alex_20240423214950_70577db8-3b87-40d1-a92b-c78f37db142b
2024-04-23T21:49:50,497  INFO [main] lockmgr.DbLockManager: Response to queryId=alex_20240423214950_70577db8-3b87-40d1-a92b-c78f37db142b LockResponse(lockid:7, state:ACQUIRED)
2024-04-23T21:49:50,497  INFO [main] ql.Driver: Operation DROPTABLE obtained 1 locks
2024-04-23T21:49:50,497  INFO [main] ql.Driver: Executing command(queryId=alex_20240423214950_70577db8-3b87-40d1-a92b-c78f37db142b): drop table if exists T
2024-04-23T21:49:50,497  INFO [main] ql.Driver: Starting task [Stage-0:DDL] in serial mode
2024-04-23T21:49:50,497  INFO [main] HiveMetaStore.audit: ugi=alex	ip=unknown-ip-addr	cmd=get_table : tbl=hive.default.T	
2024-04-23T21:49:50,503  INFO [main] metastore.HMSHandler: Skipping translation for processor with null
2024-04-23T21:49:50,504  INFO [main] HiveMetaStore.audit: ugi=alex	ip=unknown-ip-addr	cmd=get_table : tbl=hive.default.T	
2024-04-23T21:49:50,510  INFO [main] metastore.HMSHandler: Skipping translation for processor with null
2024-04-23T21:49:50,510  INFO [main] HiveMetaStore.audit: ugi=alex	ip=unknown-ip-addr	cmd=drop_table : tbl=hive.default.T	
2024-04-23T21:49:50,624  WARN [main] utils.FileUtils: File file:/home/alex/Repositories/hive/ql/target/tmp/org.apache.hadoop.hive.ql.TestTxnLoadData-1713934124385/warehouse/t does not exist; Force to delete it.
2024-04-23T21:49:50,624 ERROR [main] utils.FileUtils: Failed to delete file:/home/alex/Repositories/hive/ql/target/tmp/org.apache.hadoop.hive.ql.TestTxnLoadData-1713934124385/warehouse/t
2024-04-23T21:49:50,624  INFO [main] metadata.Hive: Dumping metastore api call timing information for : execution phase
2024-04-23T21:49:50,624  INFO [main] metadata.Hive: Total time spent in each metastore function (ms): {dropTable_(String, String, boolean, boolean, boolean)=120, getTable_(GetTableRequest)=6, isCompatibleWith_(Configuration)=0}
2024-04-23T21:49:50,625  INFO [main] ql.Driver: Completed executing command(queryId=alex_20240423214950_70577db8-3b87-40d1-a92b-c78f37db142b); Time taken: 0.127 seconds
2024-04-23T21:49:50,625  INFO [main] lockmgr.DbTxnManager: Stopped heartbeat for query: alex_20240423214950_70577db8-3b87-40d1-a92b-c78f37db142b
2024-04-23T21:49:50,628  INFO [main] txn.TxnHandler: Expected to move at least one record from txn_components to completed_txn_components when committing txn! txnid:13
2024-04-23T21:49:50,634  INFO [main] txn.TxnHandler: Removed transactions: ([13]) from MIN_HISTORY_LEVEL
2024-04-23T21:49:50,635  WARN [main] txn.CompactionTxnHandler: No compaction queue record found for Compaction type transaction commit. txnId:13
2024-04-23T21:49:50,635  INFO [main] ql.TxnCommandsBaseForTests: Running the query: drop table if exists Tstage
2024-04-23T21:49:50,636  INFO [main] ql.Driver: Compiling command(queryId=alex_20240423214950_2adee4cd-4494-4b6b-8cac-4985df23c9ce): drop table if exists Tstage
2024-04-23T21:49:50,638  INFO [main] txn.TxnHandler: Added entries to MIN_HISTORY_LEVEL for current txns: ([14]) with min_open_txn: 1
2024-04-23T21:49:50,639  INFO [main] lockmgr.DbTxnManager: Opened txnid:14
2024-04-23T21:49:50,639  INFO [main] HiveMetaStore.audit: ugi=alex	ip=unknown-ip-addr	cmd=get_table : tbl=hive.default.Tstage	
2024-04-23T21:49:50,664  INFO [main] metastore.HMSHandler: Skipping translation for processor with null
2024-04-23T21:49:50,664  INFO [main] ql.Driver: Semantic Analysis Completed (retrial = false)
2024-04-23T21:49:50,664  INFO [main] ql.Driver: Created Hive schema: Schema(fieldSchemas:null, properties:null)
2024-04-23T21:49:50,664  INFO [main] metadata.Hive: Dumping metastore api call timing information for : compilation phase
2024-04-23T21:49:50,664  INFO [main] metadata.Hive: Total time spent in each metastore function (ms): {flushCache_()=0, getTable_(GetTableRequest)=25, openTxn_(String, TxnType)=3, isCompatibleWith_(Configuration)=0, commitTxn_(CommitTxnRequest)=10, getValidTxns_(long)=0}
2024-04-23T21:49:50,665  INFO [main] ql.Driver: Completed compiling command(queryId=alex_20240423214950_2adee4cd-4494-4b6b-8cac-4985df23c9ce); Time taken: 0.028 seconds
2024-04-23T21:49:50,665  INFO [main] lockmgr.DbTxnManager: Setting lock request transaction to txnid:14 for queryId=alex_20240423214950_2adee4cd-4494-4b6b-8cac-4985df23c9ce
2024-04-23T21:49:50,666  INFO [main] lockmgr.DbLockManager: Requesting lock for queryId=alex_20240423214950_2adee4cd-4494-4b6b-8cac-4985df23c9ce
2024-04-23T21:49:50,683  INFO [main] lockmgr.DbLockManager: Response to queryId=alex_20240423214950_2adee4cd-4494-4b6b-8cac-4985df23c9ce LockResponse(lockid:8, state:ACQUIRED)
2024-04-23T21:49:50,683  INFO [main] ql.Driver: Operation DROPTABLE obtained 1 locks
2024-04-23T21:49:50,683  INFO [main] ql.Driver: Executing command(queryId=alex_20240423214950_2adee4cd-4494-4b6b-8cac-4985df23c9ce): drop table if exists Tstage
2024-04-23T21:49:50,683  INFO [main] ql.Driver: Starting task [Stage-0:DDL] in serial mode
2024-04-23T21:49:50,683  INFO [main] HiveMetaStore.audit: ugi=alex	ip=unknown-ip-addr	cmd=get_table : tbl=hive.default.Tstage	
2024-04-23T21:49:50,692  INFO [main] metastore.HMSHandler: Skipping translation for processor with null
2024-04-23T21:49:50,692  INFO [main] HiveMetaStore.audit: ugi=alex	ip=unknown-ip-addr	cmd=get_table : tbl=hive.default.Tstage	
2024-04-23T21:49:50,701  INFO [main] metastore.HMSHandler: Skipping translation for processor with null
2024-04-23T21:49:50,701  INFO [main] HiveMetaStore.audit: ugi=alex	ip=unknown-ip-addr	cmd=drop_table : tbl=hive.default.Tstage	
2024-04-23T21:49:50,733  WARN [main] utils.FileUtils: File file:/home/alex/Repositories/hive/ql/target/tmp/org.apache.hadoop.hive.ql.TestTxnLoadData-1713934124385/warehouse/tstage does not exist; Force to delete it.
2024-04-23T21:49:50,733 ERROR [main] utils.FileUtils: Failed to delete file:/home/alex/Repositories/hive/ql/target/tmp/org.apache.hadoop.hive.ql.TestTxnLoadData-1713934124385/warehouse/tstage
2024-04-23T21:49:50,733  INFO [main] metadata.Hive: Dumping metastore api call timing information for : execution phase
2024-04-23T21:49:50,733  INFO [main] metadata.Hive: Total time spent in each metastore function (ms): {isCompatibleWith_(Configuration)=0, dropTable_(String, String, boolean, boolean, boolean)=41, getTable_(GetTableRequest)=9}
2024-04-23T21:49:50,733  INFO [main] ql.Driver: Completed executing command(queryId=alex_20240423214950_2adee4cd-4494-4b6b-8cac-4985df23c9ce); Time taken: 0.05 seconds
2024-04-23T21:49:50,733  INFO [main] lockmgr.DbTxnManager: Stopped heartbeat for query: alex_20240423214950_2adee4cd-4494-4b6b-8cac-4985df23c9ce
2024-04-23T21:49:50,737  INFO [main] txn.TxnHandler: Expected to move at least one record from txn_components to completed_txn_components when committing txn! txnid:14
2024-04-23T21:49:50,743  INFO [main] txn.TxnHandler: Removed transactions: ([14]) from MIN_HISTORY_LEVEL
2024-04-23T21:49:50,743  WARN [main] txn.CompactionTxnHandler: No compaction queue record found for Compaction type transaction commit. txnId:14
2024-04-23T21:49:50,744  INFO [main] ql.TxnCommandsBaseForTests: Running the query: create table T (a int, b int) stored as orc tblproperties('transactional'='true')
2024-04-23T21:49:50,744  INFO [main] ql.Driver: Compiling command(queryId=alex_20240423214950_6b53d584-4350-48e7-91de-f99f25f3cbdc): create table T (a int, b int) stored as orc tblproperties('transactional'='true')
2024-04-23T21:49:50,747  INFO [main] txn.TxnHandler: Added entries to MIN_HISTORY_LEVEL for current txns: ([15]) with min_open_txn: 1
2024-04-23T21:49:50,747  INFO [main] lockmgr.DbTxnManager: Opened txnid:15
2024-04-23T21:49:50,748  INFO [main] parse.CalcitePlanner: Starting caching scope for: 
2024-04-23T21:49:50,748  INFO [main] parse.CalcitePlanner: Starting Semantic Analysis
2024-04-23T21:49:50,754  INFO [main] parse.CalcitePlanner: Creating table default.T position=13
2024-04-23T21:49:50,754  INFO [main] HiveMetaStore.audit: ugi=alex	ip=unknown-ip-addr	cmd=get_database: default	
2024-04-23T21:49:50,756  INFO [main] parse.CalcitePlanner: Ending caching scope for: 
2024-04-23T21:49:50,756  INFO [main] ql.Driver: Semantic Analysis Completed (retrial = false)
2024-04-23T21:49:50,756  INFO [main] ql.Driver: Created Hive schema: Schema(fieldSchemas:null, properties:null)
2024-04-23T21:49:50,756  INFO [main] metadata.Hive: Dumping metastore api call timing information for : compilation phase
2024-04-23T21:49:50,756  INFO [main] metadata.Hive: Total time spent in each metastore function (ms): {commitTxn_(CommitTxnRequest)=11, getValidTxns_(long)=1, getValidWriteIds_(List, String)=6, openTxn_(String, TxnType)=2, isCompatibleWith_(Configuration)=0, getDatabase_(String)=2, flushCache_()=0}
2024-04-23T21:49:50,756  INFO [main] ql.Driver: Completed compiling command(queryId=alex_20240423214950_6b53d584-4350-48e7-91de-f99f25f3cbdc); Time taken: 0.012 seconds
2024-04-23T21:49:50,757  INFO [main] lockmgr.DbTxnManager: Setting lock request transaction to txnid:15 for queryId=alex_20240423214950_6b53d584-4350-48e7-91de-f99f25f3cbdc
2024-04-23T21:49:50,757  INFO [main] lockmgr.DbLockManager: Requesting lock for queryId=alex_20240423214950_6b53d584-4350-48e7-91de-f99f25f3cbdc
2024-04-23T21:49:50,772  INFO [main] lockmgr.DbLockManager: Response to queryId=alex_20240423214950_6b53d584-4350-48e7-91de-f99f25f3cbdc LockResponse(lockid:9, state:ACQUIRED)
2024-04-23T21:49:50,773  INFO [main] ql.Driver: Operation CREATETABLE obtained 1 locks
2024-04-23T21:49:50,773  INFO [main] ql.Driver: Executing command(queryId=alex_20240423214950_6b53d584-4350-48e7-91de-f99f25f3cbdc): create table T (a int, b int) stored as orc tblproperties('transactional'='true')
2024-04-23T21:49:50,773  INFO [main] ql.Driver: Starting task [Stage-0:DDL] in serial mode
2024-04-23T21:49:50,774  INFO [main] HiveMetaStore.audit: ugi=alex	ip=unknown-ip-addr	cmd=create_table_req: Table(tableName:T, dbName:default, owner:alex, createTime:1713934190, lastAccessTime:0, retention:0, sd:StorageDescriptor(cols:[FieldSchema(name:a, type:int, comment:null), FieldSchema(name:b, type:int, comment:null)], location:null, inputFormat:org.apache.hadoop.hive.ql.io.orc.OrcInputFormat, outputFormat:org.apache.hadoop.hive.ql.io.orc.OrcOutputFormat, compressed:false, numBuckets:-1, serdeInfo:SerDeInfo(name:null, serializationLib:org.apache.hadoop.hive.ql.io.orc.OrcSerde, parameters:{serialization.format=1}), bucketCols:[], sortCols:[], parameters:{}, skewedInfo:SkewedInfo(skewedColNames:[], skewedColValues:[], skewedColValueLocationMaps:{}), storedAsSubDirectories:false), partitionKeys:[], parameters:{bucketing_version=2, totalSize=0, COLUMN_STATS_ACCURATE={"BASIC_STATS":"true","COLUMN_STATS":{"a":"true","b":"true"}}, numRows=0, numFilesErasureCoded=0, rawDataSize=0, numFiles=0, transactional=true}, viewOriginalText:null, viewExpandedText:null, tableType:MANAGED_TABLE, privileges:PrincipalPrivilegeSet(userPrivileges:{alex=[PrivilegeGrantInfo(privilege:INSERT, createTime:-1, grantor:alex, grantorType:USER, grantOption:true), PrivilegeGrantInfo(privilege:SELECT, createTime:-1, grantor:alex, grantorType:USER, grantOption:true), PrivilegeGrantInfo(privilege:UPDATE, createTime:-1, grantor:alex, grantorType:USER, grantOption:true), PrivilegeGrantInfo(privilege:DELETE, createTime:-1, grantor:alex, grantorType:USER, grantOption:true)]}, groupPrivileges:null, rolePrivileges:null), temporary:false, catName:hive, ownerType:USER, writeId:0)	
2024-04-23T21:49:50,780  INFO [main] utils.FileUtils: Creating directory if it doesn't exist: file:/home/alex/Repositories/hive/ql/target/tmp/org.apache.hadoop.hive.ql.TestTxnLoadData-1713934124385/warehouse/t
2024-04-23T21:49:50,817  INFO [main] metadata.Hive: Dumping metastore api call timing information for : execution phase
2024-04-23T21:49:50,817  INFO [main] metadata.Hive: Total time spent in each metastore function (ms): {createTable_(Table)=43, isCompatibleWith_(Configuration)=1}
2024-04-23T21:49:50,817  INFO [main] ql.Driver: Completed executing command(queryId=alex_20240423214950_6b53d584-4350-48e7-91de-f99f25f3cbdc); Time taken: 0.044 seconds
2024-04-23T21:49:50,817  INFO [main] lockmgr.DbTxnManager: Stopped heartbeat for query: alex_20240423214950_6b53d584-4350-48e7-91de-f99f25f3cbdc
2024-04-23T21:49:50,822  INFO [main] txn.TxnHandler: Expected to move at least one record from txn_components to completed_txn_components when committing txn! txnid:15
2024-04-23T21:49:50,830  INFO [main] txn.TxnHandler: Removed transactions: ([15]) from MIN_HISTORY_LEVEL
2024-04-23T21:49:50,831  WARN [main] txn.CompactionTxnHandler: No compaction queue record found for Compaction type transaction commit. txnId:15
2024-04-23T21:49:50,831  INFO [main] ql.TxnCommandsBaseForTests: Running the query: create table Tstage (a int, b int) stored as orc tblproperties('transactional'='false')
2024-04-23T21:49:50,832  INFO [main] ql.Driver: Compiling command(queryId=alex_20240423214950_27492e1d-c30b-4df1-a9fc-fa32bdeba5ea): create table Tstage (a int, b int) stored as orc tblproperties('transactional'='false')
2024-04-23T21:49:50,835  INFO [main] txn.TxnHandler: Added entries to MIN_HISTORY_LEVEL for current txns: ([16]) with min_open_txn: 1
2024-04-23T21:49:50,835  INFO [main] lockmgr.DbTxnManager: Opened txnid:16
2024-04-23T21:49:50,836  INFO [main] parse.CalcitePlanner: Starting caching scope for: 
2024-04-23T21:49:50,836  INFO [main] parse.CalcitePlanner: Starting Semantic Analysis
2024-04-23T21:49:50,838  INFO [main] parse.CalcitePlanner: Creating table default.Tstage position=13
2024-04-23T21:49:50,839  INFO [main] HiveMetaStore.audit: ugi=alex	ip=unknown-ip-addr	cmd=get_database: default	
2024-04-23T21:49:50,840  INFO [main] parse.CalcitePlanner: Ending caching scope for: 
2024-04-23T21:49:50,840  INFO [main] ql.Driver: Semantic Analysis Completed (retrial = false)
2024-04-23T21:49:50,840  INFO [main] ql.Driver: Created Hive schema: Schema(fieldSchemas:null, properties:null)
2024-04-23T21:49:50,840  INFO [main] metadata.Hive: Dumping metastore api call timing information for : compilation phase
2024-04-23T21:49:50,840  INFO [main] metadata.Hive: Total time spent in each metastore function (ms): {getDatabase_(String)=1, isCompatibleWith_(Configuration)=1, openTxn_(String, TxnType)=2, flushCache_()=0, getValidTxns_(long)=1, getValidWriteIds_(List, String)=2, commitTxn_(CommitTxnRequest)=13}
2024-04-23T21:49:50,841  INFO [main] ql.Driver: Completed compiling command(queryId=alex_20240423214950_27492e1d-c30b-4df1-a9fc-fa32bdeba5ea); Time taken: 0.008 seconds
2024-04-23T21:49:50,841  INFO [main] lockmgr.DbTxnManager: Setting lock request transaction to txnid:16 for queryId=alex_20240423214950_27492e1d-c30b-4df1-a9fc-fa32bdeba5ea
2024-04-23T21:49:50,841  INFO [main] lockmgr.DbLockManager: Requesting lock for queryId=alex_20240423214950_27492e1d-c30b-4df1-a9fc-fa32bdeba5ea
2024-04-23T21:49:50,856  INFO [main] lockmgr.DbLockManager: Response to queryId=alex_20240423214950_27492e1d-c30b-4df1-a9fc-fa32bdeba5ea LockResponse(lockid:10, state:ACQUIRED)
2024-04-23T21:49:50,856  INFO [main] ql.Driver: Operation CREATETABLE obtained 1 locks
2024-04-23T21:49:50,857  INFO [main] ql.Driver: Executing command(queryId=alex_20240423214950_27492e1d-c30b-4df1-a9fc-fa32bdeba5ea): create table Tstage (a int, b int) stored as orc tblproperties('transactional'='false')
2024-04-23T21:49:50,857  INFO [main] ql.Driver: Starting task [Stage-0:DDL] in serial mode
2024-04-23T21:49:50,858  INFO [main] HiveMetaStore.audit: ugi=alex	ip=unknown-ip-addr	cmd=create_table_req: Table(tableName:Tstage, dbName:default, owner:alex, createTime:1713934190, lastAccessTime:0, retention:0, sd:StorageDescriptor(cols:[FieldSchema(name:a, type:int, comment:null), FieldSchema(name:b, type:int, comment:null)], location:null, inputFormat:org.apache.hadoop.hive.ql.io.orc.OrcInputFormat, outputFormat:org.apache.hadoop.hive.ql.io.orc.OrcOutputFormat, compressed:false, numBuckets:-1, serdeInfo:SerDeInfo(name:null, serializationLib:org.apache.hadoop.hive.ql.io.orc.OrcSerde, parameters:{serialization.format=1}), bucketCols:[], sortCols:[], parameters:{}, skewedInfo:SkewedInfo(skewedColNames:[], skewedColValues:[], skewedColValueLocationMaps:{}), storedAsSubDirectories:false), partitionKeys:[], parameters:{rawDataSize=0, numRows=0, numFiles=0, numFilesErasureCoded=0, COLUMN_STATS_ACCURATE={"BASIC_STATS":"true","COLUMN_STATS":{"a":"true","b":"true"}}, totalSize=0, transactional=false, bucketing_version=2}, viewOriginalText:null, viewExpandedText:null, tableType:MANAGED_TABLE, privileges:PrincipalPrivilegeSet(userPrivileges:{alex=[PrivilegeGrantInfo(privilege:INSERT, createTime:-1, grantor:alex, grantorType:USER, grantOption:true), PrivilegeGrantInfo(privilege:SELECT, createTime:-1, grantor:alex, grantorType:USER, grantOption:true), PrivilegeGrantInfo(privilege:UPDATE, createTime:-1, grantor:alex, grantorType:USER, grantOption:true), PrivilegeGrantInfo(privilege:DELETE, createTime:-1, grantor:alex, grantorType:USER, grantOption:true)]}, groupPrivileges:null, rolePrivileges:null), temporary:false, catName:hive, ownerType:USER)	
2024-04-23T21:49:50,863  INFO [main] utils.FileUtils: Creating directory if it doesn't exist: file:/home/alex/Repositories/hive/ql/target/tmp/org.apache.hadoop.hive.ql.TestTxnLoadData-1713934124385/warehouse/tstage
2024-04-23T21:49:50,887  INFO [main] metadata.Hive: Dumping metastore api call timing information for : execution phase
2024-04-23T21:49:50,887  INFO [main] metadata.Hive: Total time spent in each metastore function (ms): {createTable_(Table)=29, isCompatibleWith_(Configuration)=0}
2024-04-23T21:49:50,887  INFO [main] ql.Driver: Completed executing command(queryId=alex_20240423214950_27492e1d-c30b-4df1-a9fc-fa32bdeba5ea); Time taken: 0.03 seconds
2024-04-23T21:49:50,887  INFO [main] lockmgr.DbTxnManager: Stopped heartbeat for query: alex_20240423214950_27492e1d-c30b-4df1-a9fc-fa32bdeba5ea
2024-04-23T21:49:50,892  INFO [main] txn.TxnHandler: Expected to move at least one record from txn_components to completed_txn_components when committing txn! txnid:16
2024-04-23T21:49:50,898  INFO [main] txn.TxnHandler: Removed transactions: ([16]) from MIN_HISTORY_LEVEL
2024-04-23T21:49:50,898  WARN [main] txn.CompactionTxnHandler: No compaction queue record found for Compaction type transaction commit. txnId:16
2024-04-23T21:49:50,899  INFO [main] ql.TxnCommandsBaseForTests: Running the query: insert into Tstage values(1,2),(3,4)
2024-04-23T21:49:50,899  INFO [main] ql.Driver: Compiling command(queryId=alex_20240423214950_611a12c2-554e-466a-ba43-5f576180a9a1): insert into Tstage values(1,2),(3,4)
2024-04-23T21:49:50,902  INFO [main] txn.TxnHandler: Added entries to MIN_HISTORY_LEVEL for current txns: ([17]) with min_open_txn: 4
2024-04-23T21:49:50,902  INFO [main] lockmgr.DbTxnManager: Opened txnid:17
2024-04-23T21:49:50,903  INFO [main] parse.CalcitePlanner: Starting caching scope for: 
2024-04-23T21:49:50,903  INFO [main] parse.CalcitePlanner: Starting Semantic Analysis
2024-04-23T21:49:50,905  INFO [main] HiveMetaStore.audit: ugi=alex	ip=unknown-ip-addr	cmd=get_table : tbl=hive.default.Tstage	
2024-04-23T21:49:50,927  INFO [main] metastore.HMSHandler: Skipping translation for processor with null
2024-04-23T21:49:50,927  INFO [main] parse.CalcitePlanner: Completed phase 1 of Semantic Analysis
2024-04-23T21:49:50,927  INFO [main] parse.CalcitePlanner: Get metadata for source tables
2024-04-23T21:49:50,927  INFO [main] parse.CalcitePlanner: Get metadata for subqueries
2024-04-23T21:49:50,927  INFO [main] parse.CalcitePlanner: Get metadata for destination tables
2024-04-23T21:49:50,928  INFO [main] HiveMetaStore.audit: ugi=alex	ip=unknown-ip-addr	cmd=get_table : tbl=hive.default.Tstage	
2024-04-23T21:49:50,937  INFO [main] metastore.HMSHandler: Skipping translation for processor with null
2024-04-23T21:49:50,938  INFO [main] parse.CalcitePlanner: Completed getting MetaData in Semantic Analysis
2024-04-23T21:49:50,938  INFO [main] parse.CalcitePlanner: Disabling LLAP IO encode as ETL query is detected
2024-04-23T21:49:50,959  INFO [main] HiveMetaStore.audit: ugi=alex	ip=unknown-ip-addr	cmd=get_all_table_constraints : tbl=hive._dummy_database._dummy_table	
2024-04-23T21:49:51,036  INFO [main] parse.CalcitePlanner: Get metadata for source tables
2024-04-23T21:49:51,036  INFO [main] parse.CalcitePlanner: Get metadata for subqueries
2024-04-23T21:49:51,036  INFO [main] parse.CalcitePlanner: Get metadata for source tables
2024-04-23T21:49:51,037  INFO [main] HiveMetaStore.audit: ugi=alex	ip=unknown-ip-addr	cmd=get_table : tbl=hive._dummy_database._dummy_table	
2024-04-23T21:49:51,039  INFO [main] parse.CalcitePlanner: Get metadata for subqueries
2024-04-23T21:49:51,039  INFO [main] parse.CalcitePlanner: Get metadata for destination tables
2024-04-23T21:49:51,039  INFO [main] parse.CalcitePlanner: Get metadata for destination tables
2024-04-23T21:49:51,039  INFO [main] HiveMetaStore.audit: ugi=alex	ip=unknown-ip-addr	cmd=get_table : tbl=hive.default.Tstage	
2024-04-23T21:49:51,048  INFO [main] metastore.HMSHandler: Skipping translation for processor with null
2024-04-23T21:49:51,051  INFO [main] common.FileUtils: Creating directory if it doesn't exist: file:/home/alex/Repositories/hive/ql/target/tmp/org.apache.hadoop.hive.ql.TestTxnLoadData-1713934124385/warehouse/tstage/.hive-staging_hive_2024-04-23_21-49-50_899_7304598839638134094-1
2024-04-23T21:49:51,054  INFO [main] HiveMetaStore.audit: ugi=alex	ip=unknown-ip-addr	cmd=get_not_null_constraints : tbl=hive.default.tstage	
2024-04-23T21:49:51,055  INFO [main] HiveMetaStore.audit: ugi=alex	ip=unknown-ip-addr	cmd=get_check_constraints : tbl=hive.default.tstage	
2024-04-23T21:49:51,057  INFO [main] parse.CalcitePlanner: CBO Succeeded; optimized logical plan.
2024-04-23T21:49:51,060  INFO [main] optimizer.BucketVersionPopulator: not considering bucketingVersion for: TS[0] because it has -1<2 buckets 
2024-04-23T21:49:51,060  INFO [main] optimizer.SortedDynPartitionOptimizer: Sorted dynamic partitioning optimization kicked in..
2024-04-23T21:49:51,068  INFO [main] HiveMetaStore.audit: ugi=alex	ip=unknown-ip-addr	cmd=get_table : tbl=hive.default.tstage	
2024-04-23T21:49:51,077  INFO [main] metastore.HMSHandler: Skipping translation for processor with null
2024-04-23T21:49:51,078  INFO [main] optimizer.GenMRFileSink1: using CombineHiveInputformat for the merge job
2024-04-23T21:49:51,079  INFO [main] HiveMetaStore.audit: ugi=alex	ip=unknown-ip-addr	cmd=get_table : tbl=hive.default.tstage	
2024-04-23T21:49:51,088  INFO [main] metastore.HMSHandler: Skipping translation for processor with null
2024-04-23T21:49:51,090  INFO [main] parse.CalcitePlanner: Completed plan generation
2024-04-23T21:49:51,090  INFO [main] parse.CalcitePlanner: Ending caching scope for: 
2024-04-23T21:49:51,090  INFO [main] ql.Driver: Semantic Analysis Completed (retrial = false)
2024-04-23T21:49:51,090  INFO [main] ql.Driver: Created Hive schema: Schema(fieldSchemas:[FieldSchema(name:col1, type:int, comment:null), FieldSchema(name:col2, type:int, comment:null)], properties:null)
2024-04-23T21:49:51,090  INFO [main] metadata.Hive: Dumping metastore api call timing information for : compilation phase
2024-04-23T21:49:51,090  INFO [main] metadata.Hive: Total time spent in each metastore function (ms): {flushCache_()=0, commitTxn_(CommitTxnRequest)=11, getTable_(GetTableRequest)=61, getCheckConstraints_(CheckConstraintsRequest)=1, getValidWriteIds_(List, String)=2, getValidTxns_(long)=0, openTxn_(String, TxnType)=2, getAllTableConstraints_(AllTableConstraintsRequest)=30, isCompatibleWith_(Configuration)=1, getNotNullConstraints_(NotNullConstraintsRequest)=1}
2024-04-23T21:49:51,091  INFO [main] ql.Driver: Completed compiling command(queryId=alex_20240423214950_611a12c2-554e-466a-ba43-5f576180a9a1); Time taken: 0.191 seconds
2024-04-23T21:49:51,091  INFO [main] lockmgr.DbTxnManager: Setting lock request transaction to txnid:17 for queryId=alex_20240423214950_611a12c2-554e-466a-ba43-5f576180a9a1
2024-04-23T21:49:51,091  INFO [main] lockmgr.DbLockManager: Requesting lock for queryId=alex_20240423214950_611a12c2-554e-466a-ba43-5f576180a9a1
2024-04-23T21:49:51,109  INFO [main] lockmgr.DbLockManager: Response to queryId=alex_20240423214950_611a12c2-554e-466a-ba43-5f576180a9a1 LockResponse(lockid:11, state:ACQUIRED)
2024-04-23T21:49:51,109  INFO [main] ql.Driver: Operation QUERY obtained 1 locks
2024-04-23T21:49:51,109  INFO [main] ql.Driver: Executing command(queryId=alex_20240423214950_611a12c2-554e-466a-ba43-5f576180a9a1): insert into Tstage values(1,2),(3,4)
2024-04-23T21:49:51,110  WARN [main] ql.Driver: Hive-on-MR is deprecated in Hive 2 and may not be available in the future versions. Consider using a different execution engine (i.e. spark, tez) or using Hive 1.X releases.
Query ID = alex_20240423214950_611a12c2-554e-466a-ba43-5f576180a9a1
2024-04-23T21:49:51,110  INFO [main] ql.Driver: Query ID = alex_20240423214950_611a12c2-554e-466a-ba43-5f576180a9a1
Total jobs = 1
2024-04-23T21:49:51,110  INFO [main] ql.Driver: Total jobs = 1
Launching Job 1 out of 1
2024-04-23T21:49:51,110  INFO [main] ql.Driver: Launching Job 1 out of 1
2024-04-23T21:49:51,249  INFO [main] ql.Driver: Starting task [Stage-1:MAPRED] in serial mode
Number of reduce tasks is set to 0 since there's no reduce operator
2024-04-23T21:49:51,249  INFO [main] exec.Task: Number of reduce tasks is set to 0 since there's no reduce operator
2024-04-23T21:49:51,251  INFO [main] mr.ExecDriver: Using org.apache.hadoop.hive.ql.io.HiveInputFormat
2024-04-23T21:49:51,252  INFO [main] exec.Utilities: Processing alias $hdt$_0:_dummy_table
2024-04-23T21:49:51,252  INFO [main] exec.Utilities: Adding 1 inputs; the first input is file:/home/alex/Repositories/hive/ql/target/tmp/localscratchdir/d341dbc7-56b9-4221-b20e-ffb5afed4686/hive_2024-04-23_21-49-50_899_7304598839638134094-1/dummy_path
2024-04-23T21:49:51,262  INFO [main] exec.SerializationUtilities: Serializing MapWork using kryo
2024-04-23T21:49:51,262  INFO [main] exec.Utilities: Serialized plan (via FILE) - name: null size: 5,77KB
2024-04-23T21:49:51,263  WARN [main] impl.MetricsSystemImpl: JobTracker metrics system already initialized!
2024-04-23T21:49:51,267  INFO [main] fs.FSStatsPublisher: created : file:/home/alex/Repositories/hive/ql/target/tmp/localscratchdir/d341dbc7-56b9-4221-b20e-ffb5afed4686/hive_2024-04-23_21-49-50_899_7304598839638134094-1/-mr-10001
2024-04-23T21:49:51,271  WARN [main] impl.MetricsSystemImpl: JobTracker metrics system already initialized!
2024-04-23T21:49:51,278  WARN [main] mapreduce.JobResourceUploader: Hadoop command-line option parsing not performed. Implement the Tool interface and execute your application with ToolRunner to remedy this.
2024-04-23T21:49:51,282  WARN [main] mapreduce.JobResourceUploader: No job jar file set.  User classes may not be found. See Job or Job#setJar(String).
2024-04-23T21:49:51,283  INFO [main] io.HiveInputFormat: hive.io.file.readcolumn.ids = 
2024-04-23T21:49:51,283  INFO [main] io.HiveInputFormat: hive.io.file.readcolumn.names = 
2024-04-23T21:49:51,283  INFO [main] io.HiveInputFormat: Generating splits for dirs: file:/home/alex/Repositories/hive/ql/target/tmp/localscratchdir/d341dbc7-56b9-4221-b20e-ffb5afed4686/hive_2024-04-23_21-49-50_899_7304598839638134094-1/dummy_path
2024-04-23T21:49:51,284  INFO [main] io.HiveInputFormat: number of splits 1
2024-04-23T21:49:51,302  INFO [main] mapreduce.JobSubmitter: number of splits:1
2024-04-23T21:49:51,321  INFO [main] mapreduce.JobSubmitter: Submitting tokens for job: job_local1102680666_0025
2024-04-23T21:49:51,321  INFO [main] mapreduce.JobSubmitter: Executing with tokens: []
2024-04-23T21:49:51,393  INFO [main] mapreduce.Job: The url to track the job: http://localhost:8080/
Job running in-process (local Hadoop)
2024-04-23T21:49:51,393  INFO [main] exec.Task: Job running in-process (local Hadoop)
2024-04-23T21:49:51,394  INFO [Thread-1544] mapred.LocalJobRunner: OutputCommitter set in config org.apache.hadoop.hive.ql.io.HiveFileFormatUtils$NullOutputCommitter
2024-04-23T21:49:51,394  INFO [Thread-1544] mapred.LocalJobRunner: OutputCommitter is org.apache.hadoop.hive.ql.io.HiveFileFormatUtils$NullOutputCommitter
2024-04-23T21:49:51,395  INFO [Thread-1544] mapred.LocalJobRunner: Waiting for map tasks
2024-04-23T21:49:51,396  INFO [LocalJobRunner Map Task Executor #0] mapred.LocalJobRunner: Starting task: attempt_local1102680666_0025_m_000000_0
2024-04-23T21:49:51,398  INFO [LocalJobRunner Map Task Executor #0] mapred.Task:  Using ResourceCalculatorProcessTree : [ ]
2024-04-23T21:49:51,399  INFO [LocalJobRunner Map Task Executor #0] mapred.MapTask: Processing split: org.apache.hadoop.hive.ql.io.NullRowsInputFormat:file:/home/alex/Repositories/hive/ql/target/tmp/localscratchdir/d341dbc7-56b9-4221-b20e-ffb5afed4686/hive_2024-04-23_21-49-50_899_7304598839638134094-1/dummy_path/null:0+1
2024-04-23T21:49:51,401  INFO [LocalJobRunner Map Task Executor #0] exec.SerializationUtilities: Deserializing MapWork using kryo
2024-04-23T21:49:51,402  INFO [LocalJobRunner Map Task Executor #0] exec.Utilities: Deserialized plan (via FILE) - name: null size: 5,77KB
2024-04-23T21:49:51,402  INFO [LocalJobRunner Map Task Executor #0] mapred.MapTask: numReduceTasks: 0
2024-04-23T21:49:51,404  INFO [LocalJobRunner Map Task Executor #0] exec.MapOperator: Initializing Operator: MAP[0]
2024-04-23T21:49:51,404  INFO [LocalJobRunner Map Task Executor #0] mr.ExecMapper: 
<MAP>Id =0
  <Children>null
  <\Children>
  <Parent><\Parent>
<\MAP>
2024-04-23T21:49:51,405  INFO [LocalJobRunner Map Task Executor #0] exec.TableScanOperator: Initializing Operator: TS[0]
2024-04-23T21:49:51,405  INFO [LocalJobRunner Map Task Executor #0] exec.SelectOperator: Initializing Operator: SEL[1]
2024-04-23T21:49:51,405  INFO [LocalJobRunner Map Task Executor #0] exec.SelectOperator: SELECT null
2024-04-23T21:49:51,405  INFO [LocalJobRunner Map Task Executor #0] exec.UDTFOperator: Initializing Operator: UDTF[2]
2024-04-23T21:49:51,405  INFO [LocalJobRunner Map Task Executor #0] exec.SelectOperator: Initializing Operator: SEL[3]
2024-04-23T21:49:51,405  INFO [LocalJobRunner Map Task Executor #0] exec.SelectOperator: SELECT struct<col1:int,col2:int>
2024-04-23T21:49:51,405  INFO [LocalJobRunner Map Task Executor #0] exec.FileSinkOperator: Initializing Operator: FS[4]
2024-04-23T21:49:51,406  INFO [LocalJobRunner Map Task Executor #0] exec.FileSinkOperator: Using serializer : AbstractSerDe [log=org.apache.logging.slf4j.Log4jLogger@217203f5, configuration=Optional[Configuration: core-default.xml, core-site.xml, mapred-default.xml, mapred-site.xml, yarn-default.xml, yarn-site.xml, hdfs-default.xml, hdfs-site.xml, file:/home/alex/Repositories/hive/ql/target/tmp/TestTxnLoadData/mapred/local/localRunner/alex/job_local1102680666_0025/job_local1102680666_0025.xml], properties={name=default.tstage, columns.types=int:int, serialization.format=1, columns=a,b, numFilesErasureCoded=0, columns.comments=&amp#0;, bucketing_version=2, serialization.lib=org.apache.hadoop.hive.ql.io.orc.OrcSerde, file.inputformat=org.apache.hadoop.hive.ql.io.orc.OrcInputFormat, file.outputformat=org.apache.hadoop.hive.ql.io.orc.OrcOutputFormat, location=file:/home/alex/Repositories/hive/ql/target/tmp/org.apache.hadoop.hive.ql.TestTxnLoadData-1713934124385/warehouse/tstage, column.name.delimiter=,}, tableProperties={name=default.tstage, columns.types=int:int, serialization.format=1, columns=a,b, numFilesErasureCoded=0, columns.comments=&amp#0;, bucketing_version=2, serialization.lib=org.apache.hadoop.hive.ql.io.orc.OrcSerde, file.inputformat=org.apache.hadoop.hive.ql.io.orc.OrcInputFormat, location=file:/home/alex/Repositories/hive/ql/target/tmp/org.apache.hadoop.hive.ql.TestTxnLoadData-1713934124385/warehouse/tstage, file.outputformat=org.apache.hadoop.hive.ql.io.orc.OrcOutputFormat, column.name.delimiter=,}, partitionProperties=Optional.empty, columnNames=[a, b], columnTypes=[int, int], getClass()=class org.apache.hadoop.hive.ql.io.orc.OrcSerde] and formatter : org.apache.hadoop.hive.ql.io.orc.OrcOutputFormat@4ab4edfb
2024-04-23T21:49:51,406  INFO [LocalJobRunner Map Task Executor #0] exec.FileSinkOperator: Final Path: FS file:/home/alex/Repositories/hive/ql/target/tmp/org.apache.hadoop.hive.ql.TestTxnLoadData-1713934124385/warehouse/tstage/.hive-staging_hive_2024-04-23_21-49-50_899_7304598839638134094-1/_tmp.-ext-10002/000000_0
2024-04-23T21:49:51,406  INFO [LocalJobRunner Map Task Executor #0] exec.FileSinkOperator: Writing to temp file: FS file:/home/alex/Repositories/hive/ql/target/tmp/org.apache.hadoop.hive.ql.TestTxnLoadData-1713934124385/warehouse/tstage/.hive-staging_hive_2024-04-23_21-49-50_899_7304598839638134094-1/_task_tmp.-ext-10002/_tmp.000000_0
2024-04-23T21:49:51,406  INFO [LocalJobRunner Map Task Executor #0] exec.FileSinkOperator: New Final Path: FS file:/home/alex/Repositories/hive/ql/target/tmp/org.apache.hadoop.hive.ql.TestTxnLoadData-1713934124385/warehouse/tstage/.hive-staging_hive_2024-04-23_21-49-50_899_7304598839638134094-1/_tmp.-ext-10002/000000_0
2024-04-23T21:49:51,408  INFO [LocalJobRunner Map Task Executor #0] exec.FileSinkOperator: FS[4]: records written - 1
2024-04-23T21:49:51,408  INFO [LocalJobRunner Map Task Executor #0] impl.PhysicalFsWriter: ORC writer created for path: file:/home/alex/Repositories/hive/ql/target/tmp/org.apache.hadoop.hive.ql.TestTxnLoadData-1713934124385/warehouse/tstage/.hive-staging_hive_2024-04-23_21-49-50_899_7304598839638134094-1/_task_tmp.-ext-10002/_tmp.000000_0 with stripeSize: 67108864 blockSize: 268435456 compression: Compress: ZLIB buffer: 262144
2024-04-23T21:49:51,415  INFO [LocalJobRunner Map Task Executor #0] impl.WriterImpl: ORC writer created for path: file:/home/alex/Repositories/hive/ql/target/tmp/org.apache.hadoop.hive.ql.TestTxnLoadData-1713934124385/warehouse/tstage/.hive-staging_hive_2024-04-23_21-49-50_899_7304598839638134094-1/_task_tmp.-ext-10002/_tmp.000000_0 with stripeSize: 67108864 options: Compress: ZLIB buffer: 262144
2024-04-23T21:49:51,416  INFO [LocalJobRunner Map Task Executor #0] exec.MapOperator: MAP[0]: records read - 1
2024-04-23T21:49:51,416  INFO [LocalJobRunner Map Task Executor #0] exec.MapOperator: Closing Operator: MAP[0]
2024-04-23T21:49:51,416  INFO [LocalJobRunner Map Task Executor #0] exec.MapOperator: MAP[0]: Total records read - 3. abort - false
2024-04-23T21:49:51,416  INFO [LocalJobRunner Map Task Executor #0] exec.MapOperator: RECORDS_OUT_INTERMEDIATE:0, RECORDS_OUT_OPERATOR_MAP_0:0, RECORDS_IN:3, DESERIALIZE_ERRORS:0, 
2024-04-23T21:49:51,416  INFO [LocalJobRunner Map Task Executor #0] exec.TableScanOperator: Closing Operator: TS[0]
2024-04-23T21:49:51,416  INFO [LocalJobRunner Map Task Executor #0] exec.TableScanOperator: RECORDS_OUT_INTERMEDIATE:0, RECORDS_OUT_OPERATOR_TS_0:1, 
2024-04-23T21:49:51,416  INFO [LocalJobRunner Map Task Executor #0] exec.SelectOperator: Closing Operator: SEL[1]
2024-04-23T21:49:51,416  INFO [LocalJobRunner Map Task Executor #0] exec.SelectOperator: RECORDS_OUT_OPERATOR_SEL_1:1, RECORDS_OUT_INTERMEDIATE:0, 
2024-04-23T21:49:51,416  INFO [LocalJobRunner Map Task Executor #0] exec.UDTFOperator: Closing Operator: UDTF[2]
2024-04-23T21:49:51,416  INFO [LocalJobRunner Map Task Executor #0] exec.UDTFOperator: RECORDS_OUT_INTERMEDIATE:0, RECORDS_OUT_OPERATOR_UDTF_2:2, 
2024-04-23T21:49:51,416  INFO [LocalJobRunner Map Task Executor #0] exec.SelectOperator: Closing Operator: SEL[3]
2024-04-23T21:49:51,416  INFO [LocalJobRunner Map Task Executor #0] exec.SelectOperator: RECORDS_OUT_OPERATOR_SEL_3:2, RECORDS_OUT_INTERMEDIATE:0, 
2024-04-23T21:49:51,416  INFO [LocalJobRunner Map Task Executor #0] exec.FileSinkOperator: Closing Operator: FS[4]
2024-04-23T21:49:51,417  INFO [LocalJobRunner Map Task Executor #0] exec.FileSinkOperator: FS[4]: records written - 2
2024-04-23T21:49:51,432  INFO [LocalJobRunner Map Task Executor #0] exec.FileSinkOperator: RECORDS_OUT_INTERMEDIATE:0, RECORDS_OUT_1_default.tstage:2, RECORDS_OUT_OPERATOR_FS_4:2, TOTAL_TABLE_ROWS_WRITTEN:2, 
2024-04-23T21:49:51,433  INFO [LocalJobRunner Map Task Executor #0] mapred.LocalJobRunner: 
2024-04-23T21:49:51,435  INFO [LocalJobRunner Map Task Executor #0] mapred.Task: Task:attempt_local1102680666_0025_m_000000_0 is done. And is in the process of committing
2024-04-23T21:49:51,435  INFO [LocalJobRunner Map Task Executor #0] mapred.LocalJobRunner: map
2024-04-23T21:49:51,435  INFO [LocalJobRunner Map Task Executor #0] mapred.Task: Task 'attempt_local1102680666_0025_m_000000_0' done.
2024-04-23T21:49:51,435  INFO [LocalJobRunner Map Task Executor #0] mapred.Task: Final Counters for attempt_local1102680666_0025_m_000000_0: Counters: 27
	File System Counters
		FILE: Number of bytes read=350641
		FILE: Number of bytes written=29335359
		FILE: Number of read operations=0
		FILE: Number of large read operations=0
		FILE: Number of write operations=0
	Map-Reduce Framework
		Map input records=4
		Map output records=0
		Input split bytes=361
		Spilled Records=0
		Failed Shuffles=0
		Merged Map outputs=0
		GC time elapsed (ms)=8
		Total committed heap usage (bytes)=1088946176
	HIVE
		CREATED_FILES=1
		DESERIALIZE_ERRORS=0
		RECORDS_IN=3
		RECORDS_OUT_1_default.tstage=2
		RECORDS_OUT_INTERMEDIATE=0
		RECORDS_OUT_OPERATOR_FS_4=2
		RECORDS_OUT_OPERATOR_MAP_0=0
		RECORDS_OUT_OPERATOR_SEL_1=1
		RECORDS_OUT_OPERATOR_SEL_3=2
		RECORDS_OUT_OPERATOR_TS_0=1
		RECORDS_OUT_OPERATOR_UDTF_2=2
		TOTAL_TABLE_ROWS_WRITTEN=2
	File Input Format Counters 
		Bytes Read=5833
	File Output Format Counters 
		Bytes Written=0
2024-04-23T21:49:51,435  INFO [LocalJobRunner Map Task Executor #0] mapred.LocalJobRunner: Finishing task: attempt_local1102680666_0025_m_000000_0
2024-04-23T21:49:51,435  INFO [Thread-1544] mapred.LocalJobRunner: map task executor complete.
2024-04-23 21:49:52,396 Stage-1 map = 100%,  reduce = 0%
2024-04-23T21:49:52,396  INFO [main] exec.Task: 2024-04-23 21:49:52,396 Stage-1 map = 100%,  reduce = 0%
Ended Job = job_local1102680666_0025
2024-04-23T21:49:52,397  INFO [main] exec.Task: Ended Job = job_local1102680666_0025
2024-04-23T21:49:52,400  INFO [main] ql.Driver: Starting task [Stage-7:CONDITIONAL] in serial mode
Stage-4 is selected by condition resolver.
2024-04-23T21:49:52,401  INFO [main] exec.Task: Stage-4 is selected by condition resolver.
Stage-3 is filtered out by condition resolver.
2024-04-23T21:49:52,401  INFO [main] exec.Task: Stage-3 is filtered out by condition resolver.
Stage-5 is filtered out by condition resolver.
2024-04-23T21:49:52,401  INFO [main] exec.Task: Stage-5 is filtered out by condition resolver.
2024-04-23T21:49:52,401  INFO [main] ql.Driver: Starting task [Stage-4:MOVE] in serial mode
Moving data to directory file:/home/alex/Repositories/hive/ql/target/tmp/org.apache.hadoop.hive.ql.TestTxnLoadData-1713934124385/warehouse/tstage/.hive-staging_hive_2024-04-23_21-49-50_899_7304598839638134094-1/-ext-10000
2024-04-23T21:49:52,401  INFO [main] exec.Task: Moving data to directory file:/home/alex/Repositories/hive/ql/target/tmp/org.apache.hadoop.hive.ql.TestTxnLoadData-1713934124385/warehouse/tstage/.hive-staging_hive_2024-04-23_21-49-50_899_7304598839638134094-1/-ext-10000 from file:/home/alex/Repositories/hive/ql/target/tmp/org.apache.hadoop.hive.ql.TestTxnLoadData-1713934124385/warehouse/tstage/.hive-staging_hive_2024-04-23_21-49-50_899_7304598839638134094-1/-ext-10002
2024-04-23T21:49:52,401  INFO [main] ql.Driver: Starting task [Stage-0:MOVE] in serial mode
Loading data to table default.tstage
2024-04-23T21:49:52,402  INFO [main] exec.Task: Loading data to table default.tstage from file:/home/alex/Repositories/hive/ql/target/tmp/org.apache.hadoop.hive.ql.TestTxnLoadData-1713934124385/warehouse/tstage/.hive-staging_hive_2024-04-23_21-49-50_899_7304598839638134094-1/-ext-10000
2024-04-23T21:49:52,402  INFO [main] HiveMetaStore.audit: ugi=alex	ip=unknown-ip-addr	cmd=get_table : tbl=hive.default.tstage	
2024-04-23T21:49:52,410  INFO [main] metastore.HMSHandler: Skipping translation for processor with null
2024-04-23T21:49:52,410  INFO [main] HiveMetaStore.audit: ugi=alex	ip=unknown-ip-addr	cmd=get_table : tbl=hive.default.tstage	
2024-04-23T21:49:52,418  INFO [main] metastore.HMSHandler: Skipping translation for processor with null
2024-04-23T21:49:52,420  WARN [main] metadata.Hive: Cannot get a table snapshot for tstage
2024-04-23T21:49:52,420  INFO [main] HiveMetaStore.audit: ugi=alex	ip=unknown-ip-addr	cmd=alter_table: hive.default.tstage newtbl=tstage	
2024-04-23T21:49:52,445  INFO [main] ql.Driver: Starting task [Stage-2:STATS] in serial mode
2024-04-23T21:49:52,445  INFO [main] HiveMetaStore.audit: ugi=alex	ip=unknown-ip-addr	cmd=get_table : tbl=hive.default.tstage	
2024-04-23T21:49:52,455  INFO [main] metastore.HMSHandler: Skipping translation for processor with null
2024-04-23T21:49:52,455  INFO [main] stats.BasicStatsTask: Executing stats task
2024-04-23T21:49:52,455  INFO [main] fs.FSStatsPublisher: created : file:/home/alex/Repositories/hive/ql/target/tmp/localscratchdir/d341dbc7-56b9-4221-b20e-ffb5afed4686/hive_2024-04-23_21-49-50_899_7304598839638134094-1/-mr-10001
2024-04-23T21:49:52,456  INFO [main] HiveMetaStore.audit: ugi=alex	ip=unknown-ip-addr	cmd=get_table : tbl=hive.default.tstage	
2024-04-23T21:49:52,464  INFO [main] metastore.HMSHandler: Skipping translation for processor with null
2024-04-23T21:49:52,465  INFO [main] FileOperations: Read stats for default.tstage/, numRows, true, 2, false: 
2024-04-23T21:49:52,465  INFO [main] FileOperations: Read stats for default.tstage/, rawDataSize, true, 16, false: 
2024-04-23T21:49:52,465  WARN [main] metadata.Hive: Cannot get a table snapshot for tstage
2024-04-23T21:49:52,465  INFO [main] HiveMetaStore.audit: ugi=alex	ip=unknown-ip-addr	cmd=alter_table: hive.default.tstage newtbl=tstage	
2024-04-23T21:49:52,490  INFO [main] stats.BasicStatsTask: Table default.tstage stats: [numFiles=1, numRows=2, totalSize=254, rawDataSize=16, numFilesErasureCoded=0]
2024-04-23T21:49:52,490  INFO [main] metadata.Hive: Dumping metastore api call timing information for : execution phase
2024-04-23T21:49:52,491  INFO [main] metadata.Hive: Total time spent in each metastore function (ms): {getTable_(GetTableRequest)=35, alter_table_(String, String, String, Table, EnvironmentContext, String)=50, isCompatibleWith_(Configuration)=0}
MapReduce Jobs Launched: 
2024-04-23T21:49:52,491  INFO [main] ql.Driver: MapReduce Jobs Launched: 
Stage-Stage-1:  HDFS Read: 0 HDFS Write: 0 SUCCESS
2024-04-23T21:49:52,491  INFO [main] ql.Driver: Stage-Stage-1:  HDFS Read: 0 HDFS Write: 0 SUCCESS
Total MapReduce CPU Time Spent: 0 msec
2024-04-23T21:49:52,491  INFO [main] ql.Driver: Total MapReduce CPU Time Spent: 0 msec
2024-04-23T21:49:52,491  INFO [main] ql.Driver: Completed executing command(queryId=alex_20240423214950_611a12c2-554e-466a-ba43-5f576180a9a1); Time taken: 1.381 seconds
2024-04-23T21:49:52,491  INFO [main] lockmgr.DbTxnManager: Stopped heartbeat for query: alex_20240423214950_611a12c2-554e-466a-ba43-5f576180a9a1
2024-04-23T21:49:52,495  INFO [main] txn.TxnHandler: Expected to move at least one record from txn_components to completed_txn_components when committing txn! txnid:17
2024-04-23T21:49:52,500  INFO [main] txn.TxnHandler: Removed transactions: ([17]) from MIN_HISTORY_LEVEL
2024-04-23T21:49:52,500  WARN [main] txn.CompactionTxnHandler: No compaction queue record found for Compaction type transaction commit. txnId:17
2024-04-23T21:49:52,501  INFO [main] ql.TxnCommandsBaseForTests: Running the query: export table Tstage to '/home/alex/Repositories/hive/ql/target/tmp/org.apache.hadoop.hive.ql.TestTxnLoadData-1713934124385/warehouse/1'
2024-04-23T21:49:52,501  INFO [main] ql.Context: Deleting scratch dir: file:/home/alex/Repositories/hive/ql/target/tmp/org.apache.hadoop.hive.ql.TestTxnLoadData-1713934124385/warehouse/tstage/.hive-staging_hive_2024-04-23_21-49-50_899_7304598839638134094-1
2024-04-23T21:49:52,502  INFO [main] cleanup.SyncCleanupService: Deleted directory: file:/home/alex/Repositories/hive/ql/target/tmp/org.apache.hadoop.hive.ql.TestTxnLoadData-1713934124385/warehouse/tstage/.hive-staging_hive_2024-04-23_21-49-50_899_7304598839638134094-1 on fs with scheme file
2024-04-23T21:49:52,502  INFO [main] ql.Context: Deleting scratch dir: file:/home/alex/Repositories/hive/ql/target/tmp/localscratchdir/d341dbc7-56b9-4221-b20e-ffb5afed4686/hive_2024-04-23_21-49-50_899_7304598839638134094-1
2024-04-23T21:49:52,502  INFO [main] cleanup.SyncCleanupService: Deleted directory: file:/home/alex/Repositories/hive/ql/target/tmp/localscratchdir/d341dbc7-56b9-4221-b20e-ffb5afed4686/hive_2024-04-23_21-49-50_899_7304598839638134094-1 on fs with scheme file
2024-04-23T21:49:52,503  INFO [main] ql.Driver: Compiling command(queryId=alex_20240423214952_5485d20a-62ea-4b0e-abd4-faa392decf29): export table Tstage to '/home/alex/Repositories/hive/ql/target/tmp/org.apache.hadoop.hive.ql.TestTxnLoadData-1713934124385/warehouse/1'
2024-04-23T21:49:52,503  INFO [main] HiveMetaStore.audit: ugi=alex	ip=unknown-ip-addr	cmd=get_table : tbl=hive.default.Tstage	
2024-04-23T21:49:52,511  INFO [main] metastore.HMSHandler: Skipping translation for processor with null
2024-04-23T21:49:52,514  INFO [main] txn.TxnHandler: Added entries to MIN_HISTORY_LEVEL for current txns: ([18]) with min_open_txn: 18
2024-04-23T21:49:52,514  INFO [main] lockmgr.DbTxnManager: Opened txnid:18
2024-04-23T21:49:52,518  INFO [main] HiveMetaStore.audit: ugi=alex	ip=unknown-ip-addr	cmd=get_table : tbl=hive.default.Tstage	
2024-04-23T21:49:52,531  INFO [main] metastore.HMSHandler: Skipping translation for processor with null
2024-04-23T21:49:52,531  INFO [main] parse.EximUtil: Path before norm :/home/alex/Repositories/hive/ql/target/tmp/org.apache.hadoop.hive.ql.TestTxnLoadData-1713934124385/warehouse/1
2024-04-23T21:49:52,531  INFO [main] parse.EximUtil: Scheme:file, authority:null, path:/home/alex/Repositories/hive/ql/target/tmp/org.apache.hadoop.hive.ql.TestTxnLoadData-1713934124385/warehouse/1
2024-04-23T21:49:52,532  INFO [main] parse.EximUtil: Path before norm :/home/alex/Repositories/hive/ql/target/tmp/org.apache.hadoop.hive.ql.TestTxnLoadData-1713934124385/warehouse/1
2024-04-23T21:49:52,532  INFO [main] parse.EximUtil: Scheme:file, authority:null, path:/home/alex/Repositories/hive/ql/target/tmp/org.apache.hadoop.hive.ql.TestTxnLoadData-1713934124385/warehouse/1
2024-04-23T21:49:52,532  INFO [main] ql.Driver: Semantic Analysis Completed (retrial = false)
2024-04-23T21:49:52,532  INFO [main] ql.Driver: Created Hive schema: Schema(fieldSchemas:null, properties:null)
2024-04-23T21:49:52,532  INFO [main] metadata.Hive: Dumping metastore api call timing information for : compilation phase
2024-04-23T21:49:52,532  INFO [main] metadata.Hive: Total time spent in each metastore function (ms): {flushCache_()=0, getValidTxns_(long)=1, isCompatibleWith_(Configuration)=0, getTable_(GetTableRequest)=21, commitTxn_(CommitTxnRequest)=10, openTxn_(String, TxnType)=3, getCurrentNotificationEventId_()=3}
2024-04-23T21:49:52,533  INFO [main] ql.Driver: Completed compiling command(queryId=alex_20240423214952_5485d20a-62ea-4b0e-abd4-faa392decf29); Time taken: 0.029 seconds
2024-04-23T21:49:52,533  INFO [main] lockmgr.DbTxnManager: Setting lock request transaction to txnid:18 for queryId=alex_20240423214952_5485d20a-62ea-4b0e-abd4-faa392decf29
2024-04-23T21:49:52,534  INFO [main] lockmgr.DbLockManager: Requesting lock for queryId=alex_20240423214952_5485d20a-62ea-4b0e-abd4-faa392decf29
2024-04-23T21:49:52,554  INFO [main] lockmgr.DbLockManager: Response to queryId=alex_20240423214952_5485d20a-62ea-4b0e-abd4-faa392decf29 LockResponse(lockid:12, state:ACQUIRED)
2024-04-23T21:49:52,554  INFO [main] ql.Driver: Operation EXPORT obtained 1 locks
2024-04-23T21:49:52,554  INFO [main] ql.Driver: Executing command(queryId=alex_20240423214952_5485d20a-62ea-4b0e-abd4-faa392decf29): export table Tstage to '/home/alex/Repositories/hive/ql/target/tmp/org.apache.hadoop.hive.ql.TestTxnLoadData-1713934124385/warehouse/1'
2024-04-23T21:49:52,555  INFO [main] ql.Driver: Starting task [Stage-0:REPL_DUMP] in serial mode
2024-04-23T21:49:52,555  INFO [main] parse.EximUtil: Path before norm :/home/alex/Repositories/hive/ql/target/tmp/org.apache.hadoop.hive.ql.TestTxnLoadData-1713934124385/warehouse/1
2024-04-23T21:49:52,555  INFO [main] parse.EximUtil: Scheme:file, authority:null, path:/home/alex/Repositories/hive/ql/target/tmp/org.apache.hadoop.hive.ql.TestTxnLoadData-1713934124385/warehouse/1
2024-04-23T21:49:52,555  INFO [main] parse.EximUtil: Path before norm :/home/alex/Repositories/hive/ql/target/tmp/org.apache.hadoop.hive.ql.TestTxnLoadData-1713934124385/warehouse/1
2024-04-23T21:49:52,555  INFO [main] parse.EximUtil: Scheme:file, authority:null, path:/home/alex/Repositories/hive/ql/target/tmp/org.apache.hadoop.hive.ql.TestTxnLoadData-1713934124385/warehouse/1
2024-04-23T21:49:52,566  WARN [main] shims.Utils: XAttr won't be preserved since it is not supported for file system: file:///
2024-04-23T21:49:52,572  INFO [main] metadata.Hive: Dumping metastore api call timing information for : execution phase
2024-04-23T21:49:52,572  INFO [main] metadata.Hive: Total time spent in each metastore function (ms): {isCompatibleWith_(Configuration)=0}
2024-04-23T21:49:52,572  INFO [main] ql.Driver: Completed executing command(queryId=alex_20240423214952_5485d20a-62ea-4b0e-abd4-faa392decf29); Time taken: 0.018 seconds
2024-04-23T21:49:52,572  INFO [main] lockmgr.DbTxnManager: Stopped heartbeat for query: alex_20240423214952_5485d20a-62ea-4b0e-abd4-faa392decf29
2024-04-23T21:49:52,577  INFO [main] txn.TxnHandler: Expected to move at least one record from txn_components to completed_txn_components when committing txn! txnid:18
2024-04-23T21:49:52,583  INFO [main] txn.TxnHandler: Removed transactions: ([18]) from MIN_HISTORY_LEVEL
2024-04-23T21:49:52,583  WARN [main] txn.CompactionTxnHandler: No compaction queue record found for Compaction type transaction commit. txnId:18
2024-04-23T21:49:52,584  INFO [main] ql.TxnCommandsBaseForTests: Running the query: truncate table Tstage
2024-04-23T21:49:52,584  INFO [main] ql.Driver: Compiling command(queryId=alex_20240423214952_a0c91558-b489-4089-9a0d-a32fa0285f5f): truncate table Tstage
2024-04-23T21:49:52,587  INFO [main] txn.TxnHandler: Added entries to MIN_HISTORY_LEVEL for current txns: ([19]) with min_open_txn: 18
2024-04-23T21:49:52,588  INFO [main] lockmgr.DbTxnManager: Opened txnid:19
2024-04-23T21:49:52,589  INFO [main] HiveMetaStore.audit: ugi=alex	ip=unknown-ip-addr	cmd=get_table : tbl=hive.default.Tstage	
2024-04-23T21:49:52,600  INFO [main] metastore.HMSHandler: Skipping translation for processor with null
2024-04-23T21:49:52,600  INFO [main] ql.Driver: Semantic Analysis Completed (retrial = false)
2024-04-23T21:49:52,600  INFO [main] ql.Driver: Created Hive schema: Schema(fieldSchemas:null, properties:null)
2024-04-23T21:49:52,600  INFO [main] metadata.Hive: Dumping metastore api call timing information for : compilation phase
2024-04-23T21:49:52,600  INFO [main] metadata.Hive: Total time spent in each metastore function (ms): {commitTxn_(CommitTxnRequest)=11, flushCache_()=0, getTable_(GetTableRequest)=12, getValidTxns_(long)=0, isCompatibleWith_(Configuration)=0, openTxn_(String, TxnType)=3}
2024-04-23T21:49:52,601  INFO [main] ql.Driver: Completed compiling command(queryId=alex_20240423214952_a0c91558-b489-4089-9a0d-a32fa0285f5f); Time taken: 0.016 seconds
2024-04-23T21:49:52,601  INFO [main] lockmgr.DbTxnManager: Setting lock request transaction to txnid:19 for queryId=alex_20240423214952_a0c91558-b489-4089-9a0d-a32fa0285f5f
2024-04-23T21:49:52,601  INFO [main] lockmgr.DbLockManager: Requesting lock for queryId=alex_20240423214952_a0c91558-b489-4089-9a0d-a32fa0285f5f
2024-04-23T21:49:52,616  INFO [main] lockmgr.DbLockManager: Response to queryId=alex_20240423214952_a0c91558-b489-4089-9a0d-a32fa0285f5f LockResponse(lockid:13, state:ACQUIRED)
2024-04-23T21:49:52,616  INFO [main] ql.Driver: Operation TRUNCATETABLE obtained 1 locks
2024-04-23T21:49:52,616  INFO [main] ql.Driver: Executing command(queryId=alex_20240423214952_a0c91558-b489-4089-9a0d-a32fa0285f5f): truncate table Tstage
2024-04-23T21:49:52,616  INFO [main] ql.Driver: Starting task [Stage-0:DDL] in serial mode
2024-04-23T21:49:52,616  INFO [main] HiveMetaStore.audit: ugi=alex	ip=unknown-ip-addr	cmd=get_table : tbl=hive.default.tstage	
2024-04-23T21:49:52,625  INFO [main] metastore.HMSHandler: Skipping translation for processor with null
2024-04-23T21:49:52,625  INFO [main] HiveMetaStore.audit: ugi=alex	ip=unknown-ip-addr	cmd=get_table : tbl=hive.default.tstage	
2024-04-23T21:49:52,634  INFO [main] metastore.HMSHandler: Skipping translation for processor with null
2024-04-23T21:49:52,662  INFO [main] utils.MetaStoreServerUtils: Updated size of table tstage to 0
2024-04-23T21:49:52,669  INFO [main] metadata.Hive: Dumping metastore api call timing information for : execution phase
2024-04-23T21:49:52,669  INFO [main] metadata.Hive: Total time spent in each metastore function (ms): {isCompatibleWith_(Configuration)=0, getTable_(GetTableRequest)=9, truncateTable_(String, String, List)=44}
2024-04-23T21:49:52,669  INFO [main] ql.Driver: Completed executing command(queryId=alex_20240423214952_a0c91558-b489-4089-9a0d-a32fa0285f5f); Time taken: 0.053 seconds
2024-04-23T21:49:52,670  INFO [main] lockmgr.DbTxnManager: Stopped heartbeat for query: alex_20240423214952_a0c91558-b489-4089-9a0d-a32fa0285f5f
2024-04-23T21:49:52,673  INFO [main] txn.TxnHandler: Expected to move at least one record from txn_components to completed_txn_components when committing txn! txnid:19
2024-04-23T21:49:52,680  INFO [main] txn.TxnHandler: Removed transactions: ([19]) from MIN_HISTORY_LEVEL
2024-04-23T21:49:52,680  WARN [main] txn.CompactionTxnHandler: No compaction queue record found for Compaction type transaction commit. txnId:19
2024-04-23T21:49:52,681  INFO [main] ql.TxnCommandsBaseForTests: Running the query: load data local inpath '/home/alex/Repositories/hive/ql/target/tmp/org.apache.hadoop.hive.ql.TestTxnLoadData-1713934124385/warehouse/1/data' into table T
2024-04-23T21:49:52,681  INFO [main] ql.Driver: Compiling command(queryId=alex_20240423214952_0b88bb2b-dd70-4152-b873-56655aa693e2): load data local inpath '/home/alex/Repositories/hive/ql/target/tmp/org.apache.hadoop.hive.ql.TestTxnLoadData-1713934124385/warehouse/1/data' into table T
2024-04-23T21:49:52,684  INFO [main] txn.TxnHandler: Added entries to MIN_HISTORY_LEVEL for current txns: ([20]) with min_open_txn: 18
2024-04-23T21:49:52,684  INFO [main] lockmgr.DbTxnManager: Opened txnid:20
2024-04-23T21:49:52,685  INFO [main] parse.LoadSemanticAnalyzer: Starting caching scope for: 
2024-04-23T21:49:52,685  INFO [main] HiveMetaStore.audit: ugi=alex	ip=unknown-ip-addr	cmd=get_table : tbl=hive.default.T	
2024-04-23T21:49:52,692  INFO [main] metastore.HMSHandler: Skipping translation for processor with null
2024-04-23T21:49:52,702  INFO [main] txn.TxnHandler: Allocated writeId: 1 for txnId: 20
2024-04-23T21:49:52,702  INFO [main] txn.TxnHandler: Allocated write ids for dbName=default, tblName=t (txnIds: [20])
2024-04-23T21:49:52,703  INFO [main] parse.LoadSemanticAnalyzer: Ending caching scope for: 
2024-04-23T21:49:52,703  INFO [main] ql.Driver: Semantic Analysis Completed (retrial = false)
2024-04-23T21:49:52,703  INFO [main] ql.Driver: Created Hive schema: Schema(fieldSchemas:null, properties:null)
2024-04-23T21:49:52,703  INFO [main] metadata.Hive: Dumping metastore api call timing information for : compilation phase
2024-04-23T21:49:52,703  INFO [main] metadata.Hive: Total time spent in each metastore function (ms): {getValidTxns_(long)=0, openTxn_(String, TxnType)=2, getTable_(GetTableRequest)=8, allocateTableWriteId_(long, String, String)=9, flushCache_()=0, commitTxn_(CommitTxnRequest)=10, isCompatibleWith_(Configuration)=1}
2024-04-23T21:49:52,704  INFO [main] ql.Driver: Completed compiling command(queryId=alex_20240423214952_0b88bb2b-dd70-4152-b873-56655aa693e2); Time taken: 0.022 seconds
2024-04-23T21:49:52,704  INFO [main] lockmgr.DbTxnManager: Setting lock request transaction to txnid:20 for queryId=alex_20240423214952_0b88bb2b-dd70-4152-b873-56655aa693e2
2024-04-23T21:49:52,704  INFO [main] lockmgr.DbLockManager: Requesting lock for queryId=alex_20240423214952_0b88bb2b-dd70-4152-b873-56655aa693e2
2024-04-23T21:49:52,721  INFO [main] lockmgr.DbLockManager: Response to queryId=alex_20240423214952_0b88bb2b-dd70-4152-b873-56655aa693e2 LockResponse(lockid:14, state:ACQUIRED)
2024-04-23T21:49:52,721  INFO [main] ql.Driver: Operation LOAD obtained 1 locks
2024-04-23T21:49:52,726  INFO [main] ql.Driver: Executing command(queryId=alex_20240423214952_0b88bb2b-dd70-4152-b873-56655aa693e2): load data local inpath '/home/alex/Repositories/hive/ql/target/tmp/org.apache.hadoop.hive.ql.TestTxnLoadData-1713934124385/warehouse/1/data' into table T
2024-04-23T21:49:52,726  INFO [main] ql.Driver: Starting task [Stage-0:MOVE] in serial mode
Loading data to table default.t
2024-04-23T21:49:52,727  INFO [main] exec.Task: Loading data to table default.t from file:/home/alex/Repositories/hive/ql/target/tmp/org.apache.hadoop.hive.ql.TestTxnLoadData-1713934124385/warehouse/1/data
2024-04-23T21:49:52,727  INFO [main] HiveMetaStore.audit: ugi=alex	ip=unknown-ip-addr	cmd=get_table : tbl=hive.default.t	
2024-04-23T21:49:52,734  INFO [main] metastore.HMSHandler: Skipping translation for processor with null
2024-04-23T21:49:52,735  INFO [main] HiveMetaStore.audit: ugi=alex	ip=unknown-ip-addr	cmd=get_table : tbl=hive.default.t	
2024-04-23T21:49:52,742  INFO [main] metastore.HMSHandler: Skipping translation for processor with null
2024-04-23T21:49:52,742  INFO [main] common.FileUtils: Creating directory if it doesn't exist: file:/home/alex/Repositories/hive/ql/target/tmp/org.apache.hadoop.hive.ql.TestTxnLoadData-1713934124385/warehouse/t/delta_0000001_0000001_0000
2024-04-23T21:49:52,751  INFO [main] HiveMetaStore.audit: ugi=alex	ip=unknown-ip-addr	cmd=alter_table: hive.default.t newtbl=t	
2024-04-23T21:49:52,778  INFO [main] ql.Driver: Starting task [Stage-1:STATS] in serial mode
2024-04-23T21:49:52,778  INFO [main] HiveMetaStore.audit: ugi=alex	ip=unknown-ip-addr	cmd=get_table : tbl=hive.default.t	
2024-04-23T21:49:52,785  INFO [main] metastore.HMSHandler: Skipping translation for processor with null
2024-04-23T21:49:52,785  INFO [main] stats.BasicStatsTask: Executing stats task
2024-04-23T21:49:52,785  INFO [main] HiveMetaStore.audit: ugi=alex	ip=unknown-ip-addr	cmd=get_table : tbl=hive.default.t	
2024-04-23T21:49:52,792  INFO [main] metastore.HMSHandler: Skipping translation for processor with null
2024-04-23T21:49:52,798  WARN [main] FileOperations: Computing stats for an ACID table; stats may be inaccurate
2024-04-23T21:49:52,799  INFO [main] HiveMetaStore.audit: ugi=alex	ip=unknown-ip-addr	cmd=alter_table: hive.default.t newtbl=t	
2024-04-23T21:49:52,821  INFO [main] stats.BasicStatsTask: Table default.t stats: [numFiles=1, numRows=0, totalSize=254, rawDataSize=0, numFilesErasureCoded=0]
2024-04-23T21:49:52,822  INFO [main] metadata.Hive: Dumping metastore api call timing information for : execution phase
2024-04-23T21:49:52,822  INFO [main] metadata.Hive: Total time spent in each metastore function (ms): {alter_table_(String, String, String, Table, EnvironmentContext, String)=49, isCompatibleWith_(Configuration)=1, getTable_(GetTableRequest)=28}
2024-04-23T21:49:52,822  INFO [main] ql.Driver: Completed executing command(queryId=alex_20240423214952_0b88bb2b-dd70-4152-b873-56655aa693e2); Time taken: 0.095 seconds
2024-04-23T21:49:52,822  INFO [main] lockmgr.DbTxnManager: Stopped heartbeat for query: alex_20240423214952_0b88bb2b-dd70-4152-b873-56655aa693e2
2024-04-23T21:49:52,834  INFO [main] txn.TxnHandler: Removed transactions: ([20]) from MIN_HISTORY_LEVEL
2024-04-23T21:49:52,834  WARN [main] txn.CompactionTxnHandler: No compaction queue record found for Compaction type transaction commit. txnId:20
2024-04-23T21:49:52,834  INFO [main] ql.TxnCommandsBaseForTests: Running the query: select ROW__ID, a, b, INPUT__FILE__NAME from T order by ROW__ID
2024-04-23T21:49:52,835  INFO [main] ql.Driver: Compiling command(queryId=alex_20240423214952_ca2d254d-d7d8-4b69-9db8-30846fc0ad0e): select ROW__ID, a, b, INPUT__FILE__NAME from T order by ROW__ID
2024-04-23T21:49:52,838  INFO [main] txn.TxnHandler: Added entries to MIN_HISTORY_LEVEL for current txns: ([21]) with min_open_txn: 18
2024-04-23T21:49:52,838  INFO [main] lockmgr.DbTxnManager: Opened txnid:21
2024-04-23T21:49:52,839  INFO [main] parse.CalcitePlanner: Starting caching scope for: 
2024-04-23T21:49:52,839  INFO [main] parse.CalcitePlanner: Starting Semantic Analysis
2024-04-23T21:49:52,845  INFO [main] parse.CalcitePlanner: Completed phase 1 of Semantic Analysis
2024-04-23T21:49:52,845  INFO [main] parse.CalcitePlanner: Get metadata for source tables
2024-04-23T21:49:52,846  INFO [main] HiveMetaStore.audit: ugi=alex	ip=unknown-ip-addr	cmd=get_table : tbl=hive.default.t	
2024-04-23T21:49:52,851  INFO [main] metastore.ObjectStore: Removed COLUMN_STATS_ACCURATE from Table's parameters.
2024-04-23T21:49:52,853  INFO [main] metastore.HMSHandler: Skipping translation for processor with null
2024-04-23T21:49:52,853  INFO [main] parse.CalcitePlanner: Get metadata for subqueries
2024-04-23T21:49:52,853  INFO [main] parse.CalcitePlanner: Get metadata for destination tables
2024-04-23T21:49:52,853  INFO [main] parse.CalcitePlanner: Completed getting MetaData in Semantic Analysis
2024-04-23T21:49:52,865  INFO [main] HiveMetaStore.audit: ugi=alex	ip=unknown-ip-addr	cmd=get_all_table_constraints : tbl=hive.default.t	
2024-04-23T21:49:52,900  INFO [main] calcite.RelOptHiveTable: Calculating column statistics for default.t, projIndxSet: [0, 1], allowMissingStats: true
2024-04-23T21:49:52,900  INFO [main] HiveMetaStore.audit: ugi=alex	ip=unknown-ip-addr	cmd=get_table_statistics_req: table=hive.default.t	
2024-04-23T21:49:52,916  WARN [main] calcite.RelOptHiveTable: No Stats for default@t, Columns: a, b
No Stats for default@t, Columns: a, b
2024-04-23T21:49:52,916  INFO [main] SessionState: No Stats for default@t, Columns: a, b
2024-04-23T21:49:52,961  INFO [main] parse.CalcitePlanner: Get metadata for source tables
2024-04-23T21:49:52,961  INFO [main] parse.CalcitePlanner: Get metadata for subqueries
2024-04-23T21:49:52,961  INFO [main] parse.CalcitePlanner: Get metadata for destination tables
2024-04-23T21:49:52,962  INFO [main] common.FileUtils: Creating directory if it doesn't exist: file:/home/alex/Repositories/hive/ql/target/tmp/localscratchdir/d341dbc7-56b9-4221-b20e-ffb5afed4686/hive_2024-04-23_21-49-52_835_427807604066309149-1/-mr-10001/.hive-staging_hive_2024-04-23_21-49-52_835_427807604066309149-1
2024-04-23T21:49:52,970  INFO [main] parse.CalcitePlanner: CBO Succeeded; optimized logical plan.
2024-04-23T21:49:52,973  INFO [main] optimizer.ColumnPrunerProcFactory: RS 2 oldColExprMap: {VALUE._col1=Column[_col2], VALUE._col2=Column[_col3], VALUE._col0=Column[_col1], KEY.reducesinkkey0=Column[_col0]}
2024-04-23T21:49:52,974  INFO [main] optimizer.ColumnPrunerProcFactory: RS 2 newColExprMap: {VALUE._col1=Column[_col2], KEY.reducesinkkey0=Column[_col0], VALUE._col2=Column[_col3], VALUE._col0=Column[_col1]}
2024-04-23T21:49:52,975  INFO [main] optimizer.BucketVersionPopulator: not considering bucketingVersion for: TS[0] because it has -1<2 buckets 
2024-04-23T21:49:52,976  INFO [main] optimizer.SortedDynPartitionOptimizer: Sorted dynamic partitioning optimization kicked in..
2024-04-23T21:49:52,985  INFO [main] parse.CalcitePlanner: Completed plan generation
2024-04-23T21:49:52,985  INFO [main] parse.CalcitePlanner: Ending caching scope for: 
2024-04-23T21:49:52,985  INFO [main] ql.Driver: Semantic Analysis Completed (retrial = false)
2024-04-23T21:49:52,986  INFO [main] ql.Driver: Created Hive schema: Schema(fieldSchemas:[FieldSchema(name:row__id, type:struct<writeid:bigint,bucketid:int,rowid:bigint>, comment:null), FieldSchema(name:a, type:int, comment:null), FieldSchema(name:b, type:int, comment:null), FieldSchema(name:input__file__name, type:string, comment:null)], properties:null)
2024-04-23T21:49:52,987  INFO [main] exec.ListSinkOperator: Initializing Operator: LIST_SINK[5]
2024-04-23T21:49:52,987  INFO [main] metadata.Hive: Dumping metastore api call timing information for : compilation phase
2024-04-23T21:49:52,987  INFO [main] metadata.Hive: Total time spent in each metastore function (ms): {getAllTableConstraints_(AllTableConstraintsRequest)=30, getValidWriteIds_(List, String)=7, isCompatibleWith_(Configuration)=1, openTxn_(String, TxnType)=2, getTableColumnStatistics_(String, String, List, String)=15, flushCache_()=0, commitTxn_(CommitTxnRequest)=12, getValidTxns_(long)=0, getTable_(GetTableRequest)=7}
2024-04-23T21:49:52,988  INFO [main] ql.Driver: Completed compiling command(queryId=alex_20240423214952_ca2d254d-d7d8-4b69-9db8-30846fc0ad0e); Time taken: 0.152 seconds
2024-04-23T21:49:52,988  INFO [main] lockmgr.DbTxnManager: Setting lock request transaction to txnid:21 for queryId=alex_20240423214952_ca2d254d-d7d8-4b69-9db8-30846fc0ad0e
2024-04-23T21:49:52,989  INFO [main] lockmgr.DbLockManager: Requesting lock for queryId=alex_20240423214952_ca2d254d-d7d8-4b69-9db8-30846fc0ad0e
2024-04-23T21:49:53,003  INFO [main] lockmgr.DbLockManager: Response to queryId=alex_20240423214952_ca2d254d-d7d8-4b69-9db8-30846fc0ad0e LockResponse(lockid:15, state:ACQUIRED)
2024-04-23T21:49:53,003  INFO [main] ql.Driver: Operation QUERY obtained 1 locks
2024-04-23T21:49:53,004  INFO [main] ql.Driver: Executing command(queryId=alex_20240423214952_ca2d254d-d7d8-4b69-9db8-30846fc0ad0e): select ROW__ID, a, b, INPUT__FILE__NAME from T order by ROW__ID
2024-04-23T21:49:53,004  WARN [main] ql.Driver: Hive-on-MR is deprecated in Hive 2 and may not be available in the future versions. Consider using a different execution engine (i.e. spark, tez) or using Hive 1.X releases.
Query ID = alex_20240423214952_ca2d254d-d7d8-4b69-9db8-30846fc0ad0e
2024-04-23T21:49:53,004  INFO [main] ql.Driver: Query ID = alex_20240423214952_ca2d254d-d7d8-4b69-9db8-30846fc0ad0e
Total jobs = 1
2024-04-23T21:49:53,004  INFO [main] ql.Driver: Total jobs = 1
Launching Job 1 out of 1
2024-04-23T21:49:53,005  INFO [main] ql.Driver: Launching Job 1 out of 1
2024-04-23T21:49:53,144  INFO [main] ql.Driver: Starting task [Stage-1:MAPRED] in serial mode
Number of reduce tasks determined at compile time: 1
2024-04-23T21:49:53,144  INFO [main] exec.Task: Number of reduce tasks determined at compile time: 1
In order to change the average load for a reducer (in bytes):
2024-04-23T21:49:53,144  INFO [main] exec.Task: In order to change the average load for a reducer (in bytes):
  set hive.exec.reducers.bytes.per.reducer=<number>
2024-04-23T21:49:53,144  INFO [main] exec.Task:   set hive.exec.reducers.bytes.per.reducer=<number>
In order to limit the maximum number of reducers:
2024-04-23T21:49:53,144  INFO [main] exec.Task: In order to limit the maximum number of reducers:
  set hive.exec.reducers.max=<number>
2024-04-23T21:49:53,144  INFO [main] exec.Task:   set hive.exec.reducers.max=<number>
In order to set a constant number of reducers:
2024-04-23T21:49:53,144  INFO [main] exec.Task: In order to set a constant number of reducers:
  set mapreduce.job.reduces=<number>
2024-04-23T21:49:53,144  INFO [main] exec.Task:   set mapreduce.job.reduces=<number>
2024-04-23T21:49:53,146  INFO [main] mr.ExecDriver: Using org.apache.hadoop.hive.ql.io.HiveInputFormat
2024-04-23T21:49:53,147  INFO [main] exec.Utilities: Processing alias t
2024-04-23T21:49:53,147  INFO [main] exec.Utilities: Adding 1 inputs; the first input is file:/home/alex/Repositories/hive/ql/target/tmp/org.apache.hadoop.hive.ql.TestTxnLoadData-1713934124385/warehouse/t
2024-04-23T21:49:53,156  INFO [main] exec.SerializationUtilities: Serializing MapWork using kryo
2024-04-23T21:49:53,157  INFO [main] exec.Utilities: Serialized plan (via FILE) - name: null size: 4,83KB
2024-04-23T21:49:53,162  INFO [main] exec.SerializationUtilities: Serializing ReduceWork using kryo
2024-04-23T21:49:53,163  INFO [main] exec.Utilities: Serialized plan (via FILE) - name: null size: 5,99KB
2024-04-23T21:49:53,164  WARN [main] impl.MetricsSystemImpl: JobTracker metrics system already initialized!
2024-04-23T21:49:53,170  WARN [main] impl.MetricsSystemImpl: JobTracker metrics system already initialized!
2024-04-23T21:49:53,177  WARN [main] mapreduce.JobResourceUploader: Hadoop command-line option parsing not performed. Implement the Tool interface and execute your application with ToolRunner to remedy this.
2024-04-23T21:49:53,182  WARN [main] mapreduce.JobResourceUploader: No job jar file set.  User classes may not be found. See Job or Job#setJar(String).
2024-04-23T21:49:53,183  INFO [main] io.HiveInputFormat: hive.io.file.readcolumn.ids = 0,1
2024-04-23T21:49:53,183  INFO [main] io.HiveInputFormat: hive.io.file.readcolumn.names = a,b
2024-04-23T21:49:53,183  INFO [main] io.HiveInputFormat: Generating splits for dirs: file:/home/alex/Repositories/hive/ql/target/tmp/org.apache.hadoop.hive.ql.TestTxnLoadData-1713934124385/warehouse/t
2024-04-23T21:49:53,183  INFO [main] orc.OrcInputFormat: getSplits started
2024-04-23T21:49:53,183  INFO [main] orc.OrcInputFormat: Context:: isAcid: true isVectorMode: false sarg: null minSplitSize: 1 maxSplitSize: 256000000 splitStrategy: HYBRID footerInSplits: false numBuckets: 0 numThreads: 10 cacheMemSize: 268435456 cacheStripeDetails: true useSoftReference: false writeIdList: default.t:1:9223372036854775807:: isTransactionalTable: true txnProperties: default 
2024-04-23T21:49:53,184  INFO [main] orc.OrcInputFormat: ORC pushdown predicate: null
2024-04-23T21:49:53,198  INFO [main] orc.OrcInputFormat: FooterCacheHitRatio: 0/1
2024-04-23T21:49:53,198  INFO [main] orc.OrcInputFormat: getSplits finished (#splits: 1). duration: 15 ms
2024-04-23T21:49:53,198  INFO [main] io.HiveInputFormat: number of splits 1
2024-04-23T21:49:53,217  INFO [main] mapreduce.JobSubmitter: number of splits:1
2024-04-23T21:49:53,235  INFO [main] mapreduce.JobSubmitter: Submitting tokens for job: job_local1692441310_0026
2024-04-23T21:49:53,235  INFO [main] mapreduce.JobSubmitter: Executing with tokens: []
2024-04-23T21:49:53,297  INFO [main] mapreduce.Job: The url to track the job: http://localhost:8080/
Job running in-process (local Hadoop)
2024-04-23T21:49:53,297  INFO [main] exec.Task: Job running in-process (local Hadoop)
2024-04-23T21:49:53,297  INFO [Thread-1606] mapred.LocalJobRunner: OutputCommitter set in config org.apache.hadoop.hive.ql.io.HiveFileFormatUtils$NullOutputCommitter
2024-04-23T21:49:53,297  INFO [Thread-1606] mapred.LocalJobRunner: OutputCommitter is org.apache.hadoop.hive.ql.io.HiveFileFormatUtils$NullOutputCommitter
2024-04-23T21:49:53,299  INFO [Thread-1606] mapred.LocalJobRunner: Waiting for map tasks
2024-04-23T21:49:53,299  INFO [LocalJobRunner Map Task Executor #0] mapred.LocalJobRunner: Starting task: attempt_local1692441310_0026_m_000000_0
2024-04-23T21:49:53,299  INFO [LocalJobRunner Map Task Executor #0] mapred.Task:  Using ResourceCalculatorProcessTree : [ ]
2024-04-23T21:49:53,300  INFO [LocalJobRunner Map Task Executor #0] mapred.MapTask: Processing split: org.apache.hadoop.hive.ql.io.orc.OrcInputFormat:OrcSplit [file:/home/alex/Repositories/hive/ql/target/tmp/org.apache.hadoop.hive.ql.TestTxnLoadData-1713934124385/warehouse/t/delta_0000001_0000001_0000/000000_0, start=3, length=110, isOriginal=true, fileLength=254, hasFooter=false, hasBase=true, deltas=0]
2024-04-23T21:49:53,300  INFO [LocalJobRunner Map Task Executor #0] exec.SerializationUtilities: Deserializing MapWork using kryo
2024-04-23T21:49:53,301  INFO [LocalJobRunner Map Task Executor #0] exec.Utilities: Deserialized plan (via FILE) - name: null size: 4,83KB
2024-04-23T21:49:53,302  INFO [LocalJobRunner Map Task Executor #0] orc.OrcRawRecordMerger: min key = null, max key = null
2024-04-23T21:49:53,302  INFO [LocalJobRunner Map Task Executor #0] orc.ReaderImpl: Reading ORC rows from file:/home/alex/Repositories/hive/ql/target/tmp/org.apache.hadoop.hive.ql.TestTxnLoadData-1713934124385/warehouse/t/delta_0000001_0000001_0000/000000_0 with {include: [true, true, true], offset: 3, length: 110, schema: struct<a:int,b:int>, includeAcidColumns: true}
2024-04-23T21:49:53,306  INFO [LocalJobRunner Map Task Executor #0] orc.OrcRawRecordMerger: updated min key = null, max key = null
2024-04-23T21:49:53,306  INFO [LocalJobRunner Map Task Executor #0] mapred.MapTask: numReduceTasks: 1
2024-04-23T21:49:53,310  INFO [LocalJobRunner Map Task Executor #0] mapred.MapTask: (EQUATOR) 0 kvi 26214396(104857584)
2024-04-23T21:49:53,310  INFO [LocalJobRunner Map Task Executor #0] mapred.MapTask: mapreduce.task.io.sort.mb: 100
2024-04-23T21:49:53,310  INFO [LocalJobRunner Map Task Executor #0] mapred.MapTask: soft limit at 83886080
2024-04-23T21:49:53,310  INFO [LocalJobRunner Map Task Executor #0] mapred.MapTask: bufstart = 0; bufvoid = 104857600
2024-04-23T21:49:53,310  INFO [LocalJobRunner Map Task Executor #0] mapred.MapTask: kvstart = 26214396; length = 6553600
2024-04-23T21:49:53,311  INFO [LocalJobRunner Map Task Executor #0] mapred.MapTask: Map output collector class = org.apache.hadoop.mapred.MapTask$MapOutputBuffer
2024-04-23T21:49:53,311  INFO [LocalJobRunner Map Task Executor #0] exec.MapOperator: Initializing Operator: MAP[0]
2024-04-23T21:49:53,312  INFO [LocalJobRunner Map Task Executor #0] mr.ExecMapper: 
<MAP>Id =0
  <Children>null
  <\Children>
  <Parent><\Parent>
<\MAP>
2024-04-23T21:49:53,313  INFO [LocalJobRunner Map Task Executor #0] exec.TableScanOperator: Initializing Operator: TS[0]
2024-04-23T21:49:53,313  INFO [LocalJobRunner Map Task Executor #0] exec.SelectOperator: Initializing Operator: SEL[1]
2024-04-23T21:49:53,313  INFO [LocalJobRunner Map Task Executor #0] exec.SelectOperator: SELECT struct<a:int,b:int,row__id:struct<writeid:bigint,bucketid:int,rowid:bigint>,input__file__name:string>
2024-04-23T21:49:53,313  INFO [LocalJobRunner Map Task Executor #0] exec.ReduceSinkOperator: Initializing Operator: RS[2]
2024-04-23T21:49:53,313  INFO [LocalJobRunner Map Task Executor #0] exec.ReduceSinkOperator: Using tag = -1
2024-04-23T21:49:53,313  INFO [LocalJobRunner Map Task Executor #0] exec.ReduceSinkOperator: keys are [reducesinkkey0] num distributions: 1
2024-04-23T21:49:53,314  INFO [LocalJobRunner Map Task Executor #0] exec.ReduceSinkOperator: RS[2]: records written - 1
2024-04-23T21:49:53,314  INFO [LocalJobRunner Map Task Executor #0] exec.MapOperator: MAP[0]: records read - 1
2024-04-23T21:49:53,314  INFO [LocalJobRunner Map Task Executor #0] exec.MapOperator: Closing Operator: MAP[0]
2024-04-23T21:49:53,314  INFO [LocalJobRunner Map Task Executor #0] exec.MapOperator: MAP[0]: Total records read - 2. abort - false
2024-04-23T21:49:53,314  INFO [LocalJobRunner Map Task Executor #0] exec.MapOperator: DESERIALIZE_ERRORS:0, RECORDS_OUT_INTERMEDIATE:0, RECORDS_IN:2, RECORDS_OUT_OPERATOR_MAP_0:0, 
2024-04-23T21:49:53,314  INFO [LocalJobRunner Map Task Executor #0] exec.TableScanOperator: Closing Operator: TS[0]
2024-04-23T21:49:53,314  INFO [LocalJobRunner Map Task Executor #0] exec.TableScanOperator: RECORDS_OUT_OPERATOR_TS_0:2, RECORDS_OUT_INTERMEDIATE:0, 
2024-04-23T21:49:53,314  INFO [LocalJobRunner Map Task Executor #0] exec.SelectOperator: Closing Operator: SEL[1]
2024-04-23T21:49:53,314  INFO [LocalJobRunner Map Task Executor #0] exec.SelectOperator: RECORDS_OUT_OPERATOR_SEL_1:2, RECORDS_OUT_INTERMEDIATE:0, 
2024-04-23T21:49:53,314  INFO [LocalJobRunner Map Task Executor #0] exec.ReduceSinkOperator: Closing Operator: RS[2]
2024-04-23T21:49:53,314  INFO [LocalJobRunner Map Task Executor #0] exec.ReduceSinkOperator: RS[2]: Total records written - 2. abort - false
2024-04-23T21:49:53,314  INFO [LocalJobRunner Map Task Executor #0] exec.ReduceSinkOperator: RECORDS_OUT_OPERATOR_RS_2:2, RECORDS_OUT_INTERMEDIATE:2, 
2024-04-23T21:49:53,315  INFO [LocalJobRunner Map Task Executor #0] mapred.LocalJobRunner: 
2024-04-23T21:49:53,315  INFO [LocalJobRunner Map Task Executor #0] mapred.MapTask: Starting flush of map output
2024-04-23T21:49:53,315  INFO [LocalJobRunner Map Task Executor #0] mapred.MapTask: Spilling map output
2024-04-23T21:49:53,315  INFO [LocalJobRunner Map Task Executor #0] mapred.MapTask: bufstart = 0; bufend = 378; bufvoid = 104857600
2024-04-23T21:49:53,315  INFO [LocalJobRunner Map Task Executor #0] mapred.MapTask: kvstart = 26214396(104857584); kvend = 26214392(104857568); length = 5/6553600
2024-04-23T21:49:53,325  INFO [LocalJobRunner Map Task Executor #0] mapred.MapTask: Finished spill 0
2024-04-23T21:49:53,328  INFO [LocalJobRunner Map Task Executor #0] mapred.Task: Task:attempt_local1692441310_0026_m_000000_0 is done. And is in the process of committing
2024-04-23T21:49:53,329  INFO [LocalJobRunner Map Task Executor #0] mapred.LocalJobRunner: OrcSplit [file:/home/alex/Repositories/hive/ql/target/tmp/org.apache.hadoop.hive.ql.TestTxnLoadData-1713934124385/warehouse/t/delta_0000001_0000001_0000/000000_0, start=3, length=110, isOriginal=true, fileLength=254, hasFooter=false, hasBase=true, deltas=0]
2024-04-23T21:49:53,329  INFO [LocalJobRunner Map Task Executor #0] mapred.Task: Task 'attempt_local1692441310_0026_m_000000_0' done.
2024-04-23T21:49:53,329  INFO [LocalJobRunner Map Task Executor #0] mapred.Task: Final Counters for attempt_local1692441310_0026_m_000000_0: Counters: 24
	File System Counters
		FILE: Number of bytes read=359427
		FILE: Number of bytes written=30514409
		FILE: Number of read operations=0
		FILE: Number of large read operations=0
		FILE: Number of write operations=0
	Map-Reduce Framework
		Map input records=2
		Map output records=2
		Map output bytes=378
		Map output materialized bytes=390
		Input split bytes=477
		Combine input records=0
		Spilled Records=2
		Failed Shuffles=0
		Merged Map outputs=0
		GC time elapsed (ms)=0
		Total committed heap usage (bytes)=1088946176
	HIVE
		DESERIALIZE_ERRORS=0
		RECORDS_IN=2
		RECORDS_OUT_INTERMEDIATE=2
		RECORDS_OUT_OPERATOR_MAP_0=0
		RECORDS_OUT_OPERATOR_RS_2=2
		RECORDS_OUT_OPERATOR_SEL_1=2
		RECORDS_OUT_OPERATOR_TS_0=2
	File Input Format Counters 
		Bytes Read=5953
2024-04-23T21:49:53,329  INFO [LocalJobRunner Map Task Executor #0] mapred.LocalJobRunner: Finishing task: attempt_local1692441310_0026_m_000000_0
2024-04-23T21:49:53,329  INFO [Thread-1606] mapred.LocalJobRunner: map task executor complete.
2024-04-23T21:49:53,330  INFO [Thread-1606] mapred.LocalJobRunner: Waiting for reduce tasks
2024-04-23T21:49:53,330  INFO [pool-109-thread-1] mapred.LocalJobRunner: Starting task: attempt_local1692441310_0026_r_000000_0
2024-04-23T21:49:53,331  INFO [pool-109-thread-1] mapred.Task:  Using ResourceCalculatorProcessTree : [ ]
2024-04-23T21:49:53,331  INFO [pool-109-thread-1] mapred.ReduceTask: Using ShuffleConsumerPlugin: org.apache.hadoop.mapreduce.task.reduce.Shuffle@297cb443
2024-04-23T21:49:53,331  WARN [pool-109-thread-1] impl.MetricsSystemImpl: JobTracker metrics system already initialized!
2024-04-23T21:49:53,332  INFO [pool-109-thread-1] reduce.MergeManagerImpl: MergerManager: memoryLimit=1336252800, maxSingleShuffleLimit=334063200, mergeThreshold=881926912, ioSortFactor=10, memToMemMergeOutputsThreshold=10
2024-04-23T21:49:53,333  INFO [EventFetcher for fetching Map Completion Events] reduce.EventFetcher: attempt_local1692441310_0026_r_000000_0 Thread started: EventFetcher for fetching Map Completion Events
2024-04-23T21:49:53,336  INFO [localfetcher#9] reduce.LocalFetcher: localfetcher#9 about to shuffle output of map attempt_local1692441310_0026_m_000000_0 decomp: 386 len: 390 to MEMORY
2024-04-23T21:49:53,336  INFO [localfetcher#9] reduce.InMemoryMapOutput: Read 386 bytes from map-output for attempt_local1692441310_0026_m_000000_0
2024-04-23T21:49:53,337  INFO [localfetcher#9] reduce.MergeManagerImpl: closeInMemoryFile -> map-output of size: 386, inMemoryMapOutputs.size() -> 1, commitMemory -> 0, usedMemory ->386
2024-04-23T21:49:53,337  INFO [EventFetcher for fetching Map Completion Events] reduce.EventFetcher: EventFetcher is interrupted.. Returning
2024-04-23T21:49:53,337  INFO [pool-109-thread-1] mapred.LocalJobRunner: 1 / 1 copied.
2024-04-23T21:49:53,337  INFO [pool-109-thread-1] reduce.MergeManagerImpl: finalMerge called with 1 in-memory map-outputs and 0 on-disk map-outputs
2024-04-23T21:49:53,344  INFO [pool-109-thread-1] mapred.Merger: Merging 1 sorted segments
2024-04-23T21:49:53,344  INFO [pool-109-thread-1] mapred.Merger: Down to the last merge-pass, with 1 segments left of total size: 354 bytes
2024-04-23T21:49:53,346  INFO [pool-109-thread-1] reduce.MergeManagerImpl: Merged 1 segments, 386 bytes to disk to satisfy reduce memory limit
2024-04-23T21:49:53,347  INFO [pool-109-thread-1] reduce.MergeManagerImpl: Merging 1 files, 390 bytes from disk
2024-04-23T21:49:53,347  INFO [pool-109-thread-1] reduce.MergeManagerImpl: Merging 0 segments, 0 bytes from memory into reduce
2024-04-23T21:49:53,347  INFO [pool-109-thread-1] mapred.Merger: Merging 1 sorted segments
2024-04-23T21:49:53,347  INFO [pool-109-thread-1] mapred.Merger: Down to the last merge-pass, with 1 segments left of total size: 354 bytes
2024-04-23T21:49:53,347  INFO [pool-109-thread-1] mapred.LocalJobRunner: 1 / 1 copied.
2024-04-23T21:49:53,347  INFO [pool-109-thread-1] exec.SerializationUtilities: Deserializing ReduceWork using kryo
2024-04-23T21:49:53,348  INFO [pool-109-thread-1] exec.Utilities: Deserialized plan (via FILE) - name: null size: 5,99KB
2024-04-23T21:49:53,349  INFO [pool-109-thread-1] ExecReducer: 
<SEL>Id =3
  <Children>
    <FS>Id =4
      <Children>
      <\Children>
      <Parent>Id = 3 null<\Parent>
    <\FS>
  <\Children>
  <Parent><\Parent>
<\SEL>
2024-04-23T21:49:53,349  INFO [pool-109-thread-1] exec.SelectOperator: Initializing Operator: SEL[3]
2024-04-23T21:49:53,349  INFO [pool-109-thread-1] exec.SelectOperator: SELECT struct<key:struct<reducesinkkey0:struct<writeid:bigint,bucketid:int,rowid:bigint>>,value:struct<_col0:int,_col1:int,_col2:string>>
2024-04-23T21:49:53,349  INFO [pool-109-thread-1] exec.FileSinkOperator: Initializing Operator: FS[4]
2024-04-23T21:49:53,349  INFO [pool-109-thread-1] exec.FileSinkOperator: Using serializer : class org.apache.hadoop.hive.serde2.lazy.LazySimpleSerDe [serdeParams=org.apache.hadoop.hive.serde2.lazy.LazySerDeParameters@49d659c0, cachedObjectInspector=org.apache.hadoop.hive.serde2.lazy.objectinspector.LazySimpleStructObjectInspector<org.apache.hadoop.hive.serde2.lazy.objectinspector.LazySimpleStructObjectInspector<org.apache.hadoop.hive.serde2.lazy.objectinspector.primitive.LazyLongObjectInspector@5410bbdf,org.apache.hadoop.hive.serde2.lazy.objectinspector.primitive.LazyIntObjectInspector@323dd422,org.apache.hadoop.hive.serde2.lazy.objectinspector.primitive.LazyLongObjectInspector@5410bbdf>,org.apache.hadoop.hive.serde2.lazy.objectinspector.primitive.LazyIntObjectInspector@323dd422,org.apache.hadoop.hive.serde2.lazy.objectinspector.primitive.LazyIntObjectInspector@323dd422,org.apache.hadoop.hive.serde2.lazy.objectinspector.primitive.LazyStringObjectInspector@122b93ca>, serializedSize=0, stats=org.apache.hadoop.hive.serde2.SerDeStats@2e7c068, lastOperationSerialize=false, lastOperationDeserialize=false [1, 2, 3, 4, 5, 6, 7, 8, 11, 14, 15, 16, 17, 18, 19, 20, 21, 22, 23, 24, 25, 26, 28, 29, 30, 31, -128, -127, -126, -125, -124, -123, -122, -121, -120, -119, -118, -117, -116, -115, -114, -113, -112, -111, -110, -109, -108, -107, -106, -105, -104, -103, -102, -101, -100, -99, -98, -97, -96, -95, -94, -93, -92, -91, -90, -89, -88, -87, -86, -85, -84, -83, -82, -81, -80, -79, -78, -77, -76, -75, -74, -73, -72, -71, -70, -69, -68, -67, -66, -65, -64, -63, -62, -61, -60, -59, -58, -57, -56, -55, -54, -53, -52, -51, -50, -49, -48, -47, -46, -45, -44, -43, -42, -41, -40, -39, -38, -37, -36, -35, -34, -33, -32, -31, -30, -29, -28, -27, -26, -25, -24, -23, -22, -21, -20, -19, -18, -17, -16, -15, -14, -13, -12, -11, -10, -9, -8, -7, -6, -5, -4, -3, -2, -1] : [_col0, _col1, _col2, _col3] : [struct<writeid:bigint,bucketid:int,rowid:bigint>, int, int, string]] and formatter : org.apache.hadoop.hive.ql.io.HiveSequenceFileOutputFormat@7b1a3997
2024-04-23T21:49:53,350  INFO [pool-109-thread-1] exec.FileSinkOperator: Final Path: FS file:/home/alex/Repositories/hive/ql/target/tmp/localscratchdir/d341dbc7-56b9-4221-b20e-ffb5afed4686/hive_2024-04-23_21-49-52_835_427807604066309149-1/-mr-10001/.hive-staging_hive_2024-04-23_21-49-52_835_427807604066309149-1/_tmp.-ext-10002/000000_0
2024-04-23T21:49:53,350  INFO [pool-109-thread-1] exec.FileSinkOperator: Writing to temp file: FS file:/home/alex/Repositories/hive/ql/target/tmp/localscratchdir/d341dbc7-56b9-4221-b20e-ffb5afed4686/hive_2024-04-23_21-49-52_835_427807604066309149-1/-mr-10001/.hive-staging_hive_2024-04-23_21-49-52_835_427807604066309149-1/_task_tmp.-ext-10002/_tmp.000000_0
2024-04-23T21:49:53,350  INFO [pool-109-thread-1] exec.FileSinkOperator: New Final Path: FS file:/home/alex/Repositories/hive/ql/target/tmp/localscratchdir/d341dbc7-56b9-4221-b20e-ffb5afed4686/hive_2024-04-23_21-49-52_835_427807604066309149-1/-mr-10001/.hive-staging_hive_2024-04-23_21-49-52_835_427807604066309149-1/_tmp.-ext-10002/000000_0
2024-04-23T21:49:53,358  INFO [pool-109-thread-1] exec.FileSinkOperator: FS[4]: records written - 1
2024-04-23T21:49:53,358  INFO [pool-109-thread-1] exec.SelectOperator: Closing Operator: SEL[3]
2024-04-23T21:49:53,358  INFO [pool-109-thread-1] exec.SelectOperator: RECORDS_OUT_INTERMEDIATE:0, RECORDS_OUT_OPERATOR_SEL_3:2, 
2024-04-23T21:49:53,358  INFO [pool-109-thread-1] exec.FileSinkOperator: Closing Operator: FS[4]
2024-04-23T21:49:53,358  INFO [pool-109-thread-1] exec.FileSinkOperator: FS[4]: records written - 2
2024-04-23T21:49:53,359  INFO [pool-109-thread-1] exec.FileSinkOperator: RECORDS_OUT_INTERMEDIATE:0, RECORDS_OUT_OPERATOR_FS_4:2, RECORDS_OUT_0:2, 
2024-04-23T21:49:53,359  INFO [pool-109-thread-1] mapred.Task: Task:attempt_local1692441310_0026_r_000000_0 is done. And is in the process of committing
2024-04-23T21:49:53,359  INFO [pool-109-thread-1] mapred.LocalJobRunner: reduce > reduce
2024-04-23T21:49:53,360  INFO [pool-109-thread-1] mapred.Task: Task 'attempt_local1692441310_0026_r_000000_0' done.
2024-04-23T21:49:53,360  INFO [pool-109-thread-1] mapred.Task: Final Counters for attempt_local1692441310_0026_r_000000_0: Counters: 29
	File System Counters
		FILE: Number of bytes read=366290
		FILE: Number of bytes written=30515264
		FILE: Number of read operations=0
		FILE: Number of large read operations=0
		FILE: Number of write operations=0
	Map-Reduce Framework
		Combine input records=0
		Combine output records=0
		Reduce input groups=2
		Reduce shuffle bytes=390
		Reduce input records=2
		Reduce output records=0
		Spilled Records=2
		Shuffled Maps =1
		Failed Shuffles=0
		Merged Map outputs=1
		GC time elapsed (ms)=0
		Total committed heap usage (bytes)=1088946176
	HIVE
		CREATED_FILES=1
		RECORDS_OUT_0=2
		RECORDS_OUT_INTERMEDIATE=0
		RECORDS_OUT_OPERATOR_FS_4=2
		RECORDS_OUT_OPERATOR_SEL_3=2
	Shuffle Errors
		BAD_ID=0
		CONNECTION=0
		IO_ERROR=0
		WRONG_LENGTH=0
		WRONG_MAP=0
		WRONG_REDUCE=0
	File Output Format Counters 
		Bytes Written=0
2024-04-23T21:49:53,360  INFO [pool-109-thread-1] mapred.LocalJobRunner: Finishing task: attempt_local1692441310_0026_r_000000_0
2024-04-23T21:49:53,360  INFO [Thread-1606] mapred.LocalJobRunner: reduce task executor complete.
2024-04-23 21:49:54,301 Stage-1 map = 100%,  reduce = 100%
2024-04-23T21:49:54,301  INFO [main] exec.Task: 2024-04-23 21:49:54,301 Stage-1 map = 100%,  reduce = 100%
Ended Job = job_local1692441310_0026
2024-04-23T21:49:54,303  INFO [main] exec.Task: Ended Job = job_local1692441310_0026
2024-04-23T21:49:54,306  INFO [main] metadata.Hive: Dumping metastore api call timing information for : execution phase
2024-04-23T21:49:54,306  INFO [main] metadata.Hive: Total time spent in each metastore function (ms): {}
MapReduce Jobs Launched: 
2024-04-23T21:49:54,306  INFO [main] ql.Driver: MapReduce Jobs Launched: 
Stage-Stage-1:  HDFS Read: 0 HDFS Write: 0 SUCCESS
2024-04-23T21:49:54,307  INFO [main] ql.Driver: Stage-Stage-1:  HDFS Read: 0 HDFS Write: 0 SUCCESS
Total MapReduce CPU Time Spent: 0 msec
2024-04-23T21:49:54,307  INFO [main] ql.Driver: Total MapReduce CPU Time Spent: 0 msec
2024-04-23T21:49:54,307  INFO [main] ql.Driver: Completed executing command(queryId=alex_20240423214952_ca2d254d-d7d8-4b69-9db8-30846fc0ad0e); Time taken: 1.302 seconds
2024-04-23T21:49:54,307  INFO [main] lockmgr.DbTxnManager: Stopped heartbeat for query: alex_20240423214952_ca2d254d-d7d8-4b69-9db8-30846fc0ad0e
2024-04-23T21:49:54,312  INFO [main] txn.TxnHandler: Expected to move at least one record from txn_components to completed_txn_components when committing txn! txnid:21
2024-04-23T21:49:54,320  INFO [main] txn.TxnHandler: Removed transactions: ([21]) from MIN_HISTORY_LEVEL
2024-04-23T21:49:54,321  WARN [main] txn.CompactionTxnHandler: No compaction queue record found for Compaction type transaction commit. txnId:21
2024-04-23T21:49:54,325  INFO [main] mapred.FileInputFormat: Total input files to process : 1
2024-04-23T21:49:54,326  INFO [main] exec.ListSinkOperator: Closing Operator: LIST_SINK[5]
2024-04-23T21:49:54,326  INFO [main] exec.ListSinkOperator: RECORDS_OUT_OPERATOR_LIST_SINK_5:2, RECORDS_OUT_INTERMEDIATE:0, 
2024-04-23T21:49:54,326  WARN [main] ql.TestTxnLoadData: loadDataUpdate: read data(load data inpath): 
2024-04-23T21:49:54,326  INFO [main] ql.TestTxnLoadData: {"writeid":1,"bucketid":536870912,"rowid":0}	1	2	file:/home/alex/Repositories/hive/ql/target/tmp/org.apache.hadoop.hive.ql.TestTxnLoadData-1713934124385/warehouse/t/delta_0000001_0000001_0000/000000_0
{"writeid":1,"bucketid":536870912,"rowid":1}	3	4	file:/home/alex/Repositories/hive/ql/target/tmp/org.apache.hadoop.hive.ql.TestTxnLoadData-1713934124385/warehouse/t/delta_0000001_0000001_0000/000000_0

2024-04-23T21:49:54,326  INFO [main] ql.TxnCommandsBaseForTests: Running the query: EXPLAIN VECTORIZATION DETAIL select ROW__ID, a, b, INPUT__FILE__NAME from T order by ROW__ID
2024-04-23T21:49:54,327  INFO [main] ql.Context: Deleting scratch dir: file:/home/alex/Repositories/hive/ql/target/tmp/localscratchdir/d341dbc7-56b9-4221-b20e-ffb5afed4686/hive_2024-04-23_21-49-52_835_427807604066309149-1
2024-04-23T21:49:54,328  INFO [main] cleanup.SyncCleanupService: Deleted directory: file:/home/alex/Repositories/hive/ql/target/tmp/localscratchdir/d341dbc7-56b9-4221-b20e-ffb5afed4686/hive_2024-04-23_21-49-52_835_427807604066309149-1 on fs with scheme file
2024-04-23T21:49:54,328  INFO [main] ql.Driver: Compiling command(queryId=alex_20240423214954_3416a2c8-c75c-4978-a876-eb26bac849cf): EXPLAIN VECTORIZATION DETAIL select ROW__ID, a, b, INPUT__FILE__NAME from T order by ROW__ID
2024-04-23T21:49:54,331  INFO [main] txn.TxnHandler: Added entries to MIN_HISTORY_LEVEL for current txns: ([22]) with min_open_txn: 22
2024-04-23T21:49:54,331  INFO [main] lockmgr.DbTxnManager: Opened txnid:22
2024-04-23T21:49:54,332  INFO [main] parse.CalcitePlanner: Starting Semantic Analysis
2024-04-23T21:49:54,335  INFO [main] parse.CalcitePlanner: Completed phase 1 of Semantic Analysis
2024-04-23T21:49:54,335  INFO [main] parse.CalcitePlanner: Get metadata for source tables
2024-04-23T21:49:54,336  INFO [main] HiveMetaStore.audit: ugi=alex	ip=unknown-ip-addr	cmd=get_table : tbl=hive.default.t	
2024-04-23T21:49:54,341  INFO [main] metastore.ObjectStore: Removed COLUMN_STATS_ACCURATE from Table's parameters.
2024-04-23T21:49:54,342  INFO [main] metastore.HMSHandler: Skipping translation for processor with null
2024-04-23T21:49:54,343  INFO [main] parse.CalcitePlanner: Get metadata for subqueries
2024-04-23T21:49:54,343  INFO [main] parse.CalcitePlanner: Get metadata for destination tables
2024-04-23T21:49:54,343  INFO [main] parse.CalcitePlanner: Completed getting MetaData in Semantic Analysis
2024-04-23T21:49:54,355  INFO [main] HiveMetaStore.audit: ugi=alex	ip=unknown-ip-addr	cmd=get_all_table_constraints : tbl=hive.default.t	
2024-04-23T21:49:54,364  INFO [main] calcite.RelOptHiveTable: Calculating column statistics for default.t, projIndxSet: [0, 1], allowMissingStats: true
2024-04-23T21:49:54,364  INFO [main] HiveMetaStore.audit: ugi=alex	ip=unknown-ip-addr	cmd=get_table_statistics_req: table=hive.default.t	
2024-04-23T21:49:54,373  WARN [main] calcite.RelOptHiveTable: No Stats for default@t, Columns: b, a
No Stats for default@t, Columns: b, a
2024-04-23T21:49:54,373  INFO [main] SessionState: No Stats for default@t, Columns: b, a
2024-04-23T21:49:54,414  INFO [main] parse.CalcitePlanner: Get metadata for source tables
2024-04-23T21:49:54,414  INFO [main] parse.CalcitePlanner: Get metadata for subqueries
2024-04-23T21:49:54,414  INFO [main] parse.CalcitePlanner: Get metadata for destination tables
2024-04-23T21:49:54,416  INFO [main] parse.CalcitePlanner: CBO Succeeded; optimized logical plan.
2024-04-23T21:49:54,418  INFO [main] optimizer.ColumnPrunerProcFactory: RS 2 oldColExprMap: {KEY.reducesinkkey0=Column[_col0], VALUE._col0=Column[_col1], VALUE._col1=Column[_col2], VALUE._col2=Column[_col3]}
2024-04-23T21:49:54,419  INFO [main] optimizer.ColumnPrunerProcFactory: RS 2 newColExprMap: {VALUE._col1=Column[_col2], VALUE._col2=Column[_col3], VALUE._col0=Column[_col1], KEY.reducesinkkey0=Column[_col0]}
2024-04-23T21:49:54,419  INFO [main] optimizer.BucketVersionPopulator: not considering bucketingVersion for: TS[0] because it has -1<2 buckets 
2024-04-23T21:49:54,423  INFO [main] optimizer.SortedDynPartitionOptimizer: Sorted dynamic partitioning optimization kicked in..
2024-04-23T21:49:54,431  INFO [main] parse.CalcitePlanner: Completed plan generation
2024-04-23T21:49:54,431  INFO [main] ql.Driver: Semantic Analysis Completed (retrial = false)
2024-04-23T21:49:54,431  INFO [main] ql.Driver: Created Hive schema: Schema(fieldSchemas:[FieldSchema(name:Explain, type:string, comment:null)], properties:null)
2024-04-23T21:49:54,431  INFO [main] metadata.Hive: Dumping metastore api call timing information for : compilation phase
2024-04-23T21:49:54,432  INFO [main] metadata.Hive: Total time spent in each metastore function (ms): {isCompatibleWith_(Configuration)=1, openTxn_(String, TxnType)=2, getAllTableConstraints_(AllTableConstraintsRequest)=5, getValidTxns_(long)=0, commitTxn_(CommitTxnRequest)=14, getTable_(GetTableRequest)=7, getTableColumnStatistics_(String, String, List, String)=8, flushCache_()=0, getValidWriteIds_(List, String)=4}
2024-04-23T21:49:54,432  INFO [main] ql.Driver: Completed compiling command(queryId=alex_20240423214954_3416a2c8-c75c-4978-a876-eb26bac849cf); Time taken: 0.103 seconds
2024-04-23T21:49:54,432  INFO [main] ql.Driver: Executing command(queryId=alex_20240423214954_3416a2c8-c75c-4978-a876-eb26bac849cf): EXPLAIN VECTORIZATION DETAIL select ROW__ID, a, b, INPUT__FILE__NAME from T order by ROW__ID
2024-04-23T21:49:54,432  INFO [main] ql.Driver: Starting task [Stage-2:EXPLAIN] in serial mode
2024-04-23T21:49:54,441  INFO [main] metadata.Hive: Dumping metastore api call timing information for : execution phase
2024-04-23T21:49:54,441  INFO [main] metadata.Hive: Total time spent in each metastore function (ms): {}
2024-04-23T21:49:54,441  INFO [main] ql.Driver: Completed executing command(queryId=alex_20240423214954_3416a2c8-c75c-4978-a876-eb26bac849cf); Time taken: 0.009 seconds
2024-04-23T21:49:54,441  INFO [main] lockmgr.DbTxnManager: Stopped heartbeat for query: null
2024-04-23T21:49:54,447  INFO [main] txn.TxnHandler: Expected to move at least one record from txn_components to completed_txn_components when committing txn! txnid:22
2024-04-23T21:49:54,453  INFO [main] txn.TxnHandler: Removed transactions: ([22]) from MIN_HISTORY_LEVEL
2024-04-23T21:49:54,453  WARN [main] txn.CompactionTxnHandler: No compaction queue record found for Compaction type transaction commit. txnId:22
2024-04-23T21:49:54,454  INFO [main] ql.TxnCommandsBaseForTests: Running the query: update T set b = 17 where a = 1
2024-04-23T21:49:54,454  INFO [main] ql.Context: Deleting scratch dir: file:/home/alex/Repositories/hive/ql/target/tmp/localscratchdir/d341dbc7-56b9-4221-b20e-ffb5afed4686/hive_2024-04-23_21-49-54_328_5901851531105357377-1
2024-04-23T21:49:54,455  INFO [main] cleanup.SyncCleanupService: Deleted directory: file:/home/alex/Repositories/hive/ql/target/tmp/localscratchdir/d341dbc7-56b9-4221-b20e-ffb5afed4686/hive_2024-04-23_21-49-54_328_5901851531105357377-1 on fs with scheme file
2024-04-23T21:49:54,455  INFO [main] ql.Driver: Compiling command(queryId=alex_20240423214954_fd949374-8b9f-44cd-9b70-3846445ca726): update T set b = 17 where a = 1
2024-04-23T21:49:54,459  INFO [main] txn.TxnHandler: Added entries to MIN_HISTORY_LEVEL for current txns: ([23]) with min_open_txn: 22
2024-04-23T21:49:54,459  INFO [main] lockmgr.DbTxnManager: Opened txnid:23
2024-04-23T21:49:54,460  INFO [main] parse.UpdateDeleteSemanticAnalyzer: Starting caching scope for: 
2024-04-23T21:49:54,460  INFO [main] HiveMetaStore.audit: ugi=alex	ip=unknown-ip-addr	cmd=get_table : tbl=hive.default.T	
2024-04-23T21:49:54,466  INFO [main] metastore.HMSHandler: Skipping translation for processor with null
2024-04-23T21:49:54,467  INFO [main] parse.RewriteSemanticAnalyzer: Going to reparse <update T set b = 17 where a = 1> as 
<insert into table `default`.`T` select ROW__ID,`a`,`b` from `default`.`T` sort by ROW__ID >
2024-04-23T21:49:54,468  INFO [main] parse.UpdateDeleteSemanticAnalyzer: Starting Semantic Analysis
2024-04-23T21:49:54,471  INFO [main] HiveMetaStore.audit: ugi=alex	ip=unknown-ip-addr	cmd=get_table : tbl=hive.default.T	
2024-04-23T21:49:54,476  INFO [main] metastore.ObjectStore: Removed COLUMN_STATS_ACCURATE from Table's parameters.
2024-04-23T21:49:54,478  INFO [main] metastore.HMSHandler: Skipping translation for processor with null
2024-04-23T21:49:54,478  INFO [main] parse.UpdateDeleteSemanticAnalyzer: Completed phase 1 of Semantic Analysis
2024-04-23T21:49:54,478  INFO [main] parse.UpdateDeleteSemanticAnalyzer: Get metadata for source tables
2024-04-23T21:49:54,479  INFO [main] HiveMetaStore.audit: ugi=alex	ip=unknown-ip-addr	cmd=get_table : tbl=hive.default.t	
2024-04-23T21:49:54,483  INFO [main] metastore.ObjectStore: Removed COLUMN_STATS_ACCURATE from Table's parameters.
2024-04-23T21:49:54,485  INFO [main] metastore.HMSHandler: Skipping translation for processor with null
2024-04-23T21:49:54,485  INFO [main] parse.UpdateDeleteSemanticAnalyzer: Get metadata for subqueries
2024-04-23T21:49:54,485  INFO [main] parse.UpdateDeleteSemanticAnalyzer: Get metadata for destination tables
2024-04-23T21:49:54,486  INFO [main] HiveMetaStore.audit: ugi=alex	ip=unknown-ip-addr	cmd=get_table : tbl=hive.default.T	
2024-04-23T21:49:54,492  INFO [main] metastore.HMSHandler: Skipping translation for processor with null
2024-04-23T21:49:54,492  INFO [main] parse.UpdateDeleteSemanticAnalyzer: Completed getting MetaData in Semantic Analysis
2024-04-23T21:49:54,492  INFO [main] parse.UpdateDeleteSemanticAnalyzer: Disabling LLAP IO encode as ETL query is detected
2024-04-23T21:49:54,504  INFO [main] HiveMetaStore.audit: ugi=alex	ip=unknown-ip-addr	cmd=get_all_table_constraints : tbl=hive.default.t	
2024-04-23T21:49:54,516  INFO [main] HiveMetaStore.audit: ugi=alex	ip=unknown-ip-addr	cmd=get_not_null_constraints : tbl=hive.default.t	
2024-04-23T21:49:54,517  INFO [main] HiveMetaStore.audit: ugi=alex	ip=unknown-ip-addr	cmd=get_check_constraints : tbl=hive.default.t	
2024-04-23T21:49:54,610  INFO [main] calcite.RelOptHiveTable: Calculating column statistics for default.t, projIndxSet: [0], allowMissingStats: true
2024-04-23T21:49:54,610  INFO [main] HiveMetaStore.audit: ugi=alex	ip=unknown-ip-addr	cmd=get_table_statistics_req: table=hive.default.t	
2024-04-23T21:49:54,621  WARN [main] calcite.RelOptHiveTable: No Stats for default@t, Columns: a
No Stats for default@t, Columns: a
2024-04-23T21:49:54,621  INFO [main] SessionState: No Stats for default@t, Columns: a
2024-04-23T21:49:54,693  INFO [main] parse.UpdateDeleteSemanticAnalyzer: Get metadata for source tables
2024-04-23T21:49:54,693  INFO [main] parse.UpdateDeleteSemanticAnalyzer: Get metadata for subqueries
2024-04-23T21:49:54,693  INFO [main] parse.UpdateDeleteSemanticAnalyzer: Get metadata for destination tables
2024-04-23T21:49:54,693  INFO [main] HiveMetaStore.audit: ugi=alex	ip=unknown-ip-addr	cmd=get_table : tbl=hive.default.T	
2024-04-23T21:49:54,700  INFO [main] metastore.HMSHandler: Skipping translation for processor with null
2024-04-23T21:49:54,710 ERROR [main] parse.UpdateDeleteSemanticAnalyzer: CBO failed, skipping CBO. 
org.apache.hadoop.hive.ql.exec.NoMatchingMethodException: No matching method for class org.apache.hadoop.hive.ql.udf.UDFToInteger with (struct<writeid:bigint,bucketid:int,rowid:bigint>). Possible choices: _FUNC_(bigint)  _FUNC_(boolean)  _FUNC_(decimal(38,18))  _FUNC_(double)  _FUNC_(float)  _FUNC_(smallint)  _FUNC_(string)  _FUNC_(struct<bucketid:bigint,writeid:bigint,rowid:int>)  _FUNC_(timestamp)  _FUNC_(tinyint)  _FUNC_(void)  
	at org.apache.hadoop.hive.ql.exec.MethodUtils.getMethodInternal(MethodUtils.java:130) ~[classes/:?]
	at org.apache.hadoop.hive.ql.exec.MethodUtils.getMethodInternal(MethodUtils.java:60) ~[classes/:?]
	at org.apache.hadoop.hive.ql.exec.DefaultUDFMethodResolver.getEvalMethod(DefaultUDFMethodResolver.java:59) ~[classes/:?]
	at org.apache.hadoop.hive.ql.udf.TimestampCastRestrictorResolver.getEvalMethod(TimestampCastRestrictorResolver.java:68) ~[classes/:?]
	at org.apache.hadoop.hive.ql.udf.generic.GenericUDFBridge.initialize(GenericUDFBridge.java:168) ~[classes/:?]
	at org.apache.hadoop.hive.ql.udf.generic.GenericUDF.initializeAndFoldConstants(GenericUDF.java:149) ~[classes/:?]
	at org.apache.hadoop.hive.ql.plan.ExprNodeGenericFuncDesc.newInstance(ExprNodeGenericFuncDesc.java:235) ~[classes/:?]
	at org.apache.hadoop.hive.ql.parse.type.ExprNodeDescExprFactory.createFuncCallExpr(ExprNodeDescExprFactory.java:584) ~[classes/:?]
	at org.apache.hadoop.hive.ql.parse.type.ExprNodeDescExprFactory.createFuncCallExpr(ExprNodeDescExprFactory.java:97) ~[classes/:?]
	at org.apache.hadoop.hive.ql.parse.type.TypeCheckProcFactory$DefaultExprProcessor.getFuncExprNodeDescWithUdfData(TypeCheckProcFactory.java:762) ~[classes/:?]
	at org.apache.hadoop.hive.ql.parse.type.TypeCheckProcFactory$DefaultExprProcessor.createConversionCast(TypeCheckProcFactory.java:783) ~[classes/:?]
	at org.apache.hadoop.hive.ql.parse.SemanticAnalyzer.getPartitionColsFromBucketColsForUpdateDelete(SemanticAnalyzer.java:8725) ~[classes/:?]
	at org.apache.hadoop.hive.ql.parse.SemanticAnalyzer.genBucketingSortingDest(SemanticAnalyzer.java:6914) ~[classes/:?]
	at org.apache.hadoop.hive.ql.parse.SemanticAnalyzer.genFileSinkPlan(SemanticAnalyzer.java:7335) ~[classes/:?]
	at org.apache.hadoop.hive.ql.parse.SemanticAnalyzer.genPostGroupByBodyPlan(SemanticAnalyzer.java:11063) ~[classes/:?]
	at org.apache.hadoop.hive.ql.parse.SemanticAnalyzer.genBodyPlan(SemanticAnalyzer.java:10938) ~[classes/:?]
	at org.apache.hadoop.hive.ql.parse.SemanticAnalyzer.genPlan(SemanticAnalyzer.java:11853) ~[classes/:?]
	at org.apache.hadoop.hive.ql.parse.SemanticAnalyzer.genPlan(SemanticAnalyzer.java:11723) ~[classes/:?]
	at org.apache.hadoop.hive.ql.parse.CalcitePlanner.genOPTree(CalcitePlanner.java:626) ~[classes/:?]
	at org.apache.hadoop.hive.ql.parse.SemanticAnalyzer.analyzeInternal(SemanticAnalyzer.java:12558) ~[classes/:?]
	at org.apache.hadoop.hive.ql.parse.CalcitePlanner.analyzeInternal(CalcitePlanner.java:456) ~[classes/:?]
	at org.apache.hadoop.hive.ql.parse.RewriteSemanticAnalyzer.analyzeInternal(RewriteSemanticAnalyzer.java:67) ~[classes/:?]
	at org.apache.hadoop.hive.ql.parse.BaseSemanticAnalyzer.analyze(BaseSemanticAnalyzer.java:317) ~[classes/:?]
	at org.apache.hadoop.hive.ql.parse.UpdateDeleteSemanticAnalyzer.reparseAndSuperAnalyze(UpdateDeleteSemanticAnalyzer.java:208) ~[classes/:?]
	at org.apache.hadoop.hive.ql.parse.UpdateDeleteSemanticAnalyzer.analyzeUpdate(UpdateDeleteSemanticAnalyzer.java:63) ~[classes/:?]
	at org.apache.hadoop.hive.ql.parse.UpdateDeleteSemanticAnalyzer.analyze(UpdateDeleteSemanticAnalyzer.java:53) ~[classes/:?]
	at org.apache.hadoop.hive.ql.parse.RewriteSemanticAnalyzer.analyzeInternal(RewriteSemanticAnalyzer.java:72) ~[classes/:?]
	at org.apache.hadoop.hive.ql.parse.BaseSemanticAnalyzer.analyze(BaseSemanticAnalyzer.java:317) ~[classes/:?]
	at org.apache.hadoop.hive.ql.Compiler.analyze(Compiler.java:223) ~[classes/:?]
	at org.apache.hadoop.hive.ql.Compiler.compile(Compiler.java:105) ~[classes/:?]
	at org.apache.hadoop.hive.ql.Driver.compile(Driver.java:500) ~[classes/:?]
	at org.apache.hadoop.hive.ql.Driver.compileInternal(Driver.java:453) ~[classes/:?]
	at org.apache.hadoop.hive.ql.Driver.runInternal(Driver.java:181) ~[classes/:?]
	at org.apache.hadoop.hive.ql.Driver.run(Driver.java:153) ~[classes/:?]
	at org.apache.hadoop.hive.ql.Driver.run(Driver.java:140) ~[classes/:?]
	at org.apache.hadoop.hive.ql.TxnCommandsBaseForTests.runStatementOnDriver(TxnCommandsBaseForTests.java:245) ~[test-classes/:?]
	at org.apache.hadoop.hive.ql.TestTxnLoadData.loadDataUpdate(TestTxnLoadData.java:118) ~[test-classes/:?]
	at org.apache.hadoop.hive.ql.TestTxnLoadData.loadDataUpdate(TestTxnLoadData.java:71) ~[test-classes/:?]
	at sun.reflect.NativeMethodAccessorImpl.invoke0(Native Method) ~[?:1.8.0_402]
	at sun.reflect.NativeMethodAccessorImpl.invoke(NativeMethodAccessorImpl.java:62) ~[?:1.8.0_402]
	at sun.reflect.DelegatingMethodAccessorImpl.invoke(DelegatingMethodAccessorImpl.java:43) ~[?:1.8.0_402]
	at java.lang.reflect.Method.invoke(Method.java:498) ~[?:1.8.0_402]
	at org.junit.runners.model.FrameworkMethod$1.runReflectiveCall(FrameworkMethod.java:59) ~[junit-4.13.jar:4.13]
	at org.junit.internal.runners.model.ReflectiveCallable.run(ReflectiveCallable.java:12) ~[junit-4.13.jar:4.13]
	at org.junit.runners.model.FrameworkMethod.invokeExplosively(FrameworkMethod.java:56) ~[junit-4.13.jar:4.13]
	at org.junit.internal.runners.statements.InvokeMethod.evaluate(InvokeMethod.java:17) ~[junit-4.13.jar:4.13]
	at org.junit.internal.runners.statements.RunBefores.evaluate(RunBefores.java:26) ~[junit-4.13.jar:4.13]
	at org.junit.internal.runners.statements.RunAfters.evaluate(RunAfters.java:27) ~[junit-4.13.jar:4.13]
	at org.junit.rules.ExternalResource$1.evaluate(ExternalResource.java:54) ~[junit-4.13.jar:4.13]
	at org.junit.rules.TestWatcher$1.evaluate(TestWatcher.java:61) ~[junit-4.13.jar:4.13]
	at org.junit.runners.ParentRunner$3.evaluate(ParentRunner.java:306) ~[junit-4.13.jar:4.13]
	at org.junit.runners.BlockJUnit4ClassRunner$1.evaluate(BlockJUnit4ClassRunner.java:100) ~[junit-4.13.jar:4.13]
	at org.junit.runners.ParentRunner.runLeaf(ParentRunner.java:366) ~[junit-4.13.jar:4.13]
	at org.junit.runners.BlockJUnit4ClassRunner.runChild(BlockJUnit4ClassRunner.java:103) ~[junit-4.13.jar:4.13]
	at org.junit.runners.BlockJUnit4ClassRunner.runChild(BlockJUnit4ClassRunner.java:63) ~[junit-4.13.jar:4.13]
	at org.junit.runners.ParentRunner$4.run(ParentRunner.java:331) ~[junit-4.13.jar:4.13]
	at org.junit.runners.ParentRunner$1.schedule(ParentRunner.java:79) ~[junit-4.13.jar:4.13]
	at org.junit.runners.ParentRunner.runChildren(ParentRunner.java:329) ~[junit-4.13.jar:4.13]
	at org.junit.runners.ParentRunner.access$100(ParentRunner.java:66) ~[junit-4.13.jar:4.13]
	at org.junit.runners.ParentRunner$2.evaluate(ParentRunner.java:293) ~[junit-4.13.jar:4.13]
	at org.junit.runners.ParentRunner$3.evaluate(ParentRunner.java:306) ~[junit-4.13.jar:4.13]
	at org.junit.runners.ParentRunner.run(ParentRunner.java:413) ~[junit-4.13.jar:4.13]
	at org.junit.runner.JUnitCore.run(JUnitCore.java:137) ~[junit-4.13.jar:4.13]
	at org.junit.runner.JUnitCore.run(JUnitCore.java:115) ~[junit-4.13.jar:4.13]
	at org.junit.vintage.engine.execution.RunnerExecutor.execute(RunnerExecutor.java:43) ~[junit-vintage-engine-5.6.2.jar:5.6.2]
	at java.util.stream.ForEachOps$ForEachOp$OfRef.accept(ForEachOps.java:183) ~[?:1.8.0_402]
	at java.util.stream.ReferencePipeline$3$1.accept(ReferencePipeline.java:193) ~[?:1.8.0_402]
	at java.util.Iterator.forEachRemaining(Iterator.java:116) ~[?:1.8.0_402]
	at java.util.Spliterators$IteratorSpliterator.forEachRemaining(Spliterators.java:1801) ~[?:1.8.0_402]
	at java.util.stream.AbstractPipeline.copyInto(AbstractPipeline.java:482) ~[?:1.8.0_402]
	at java.util.stream.AbstractPipeline.wrapAndCopyInto(AbstractPipeline.java:472) ~[?:1.8.0_402]
	at java.util.stream.ForEachOps$ForEachOp.evaluateSequential(ForEachOps.java:150) ~[?:1.8.0_402]
	at java.util.stream.ForEachOps$ForEachOp$OfRef.evaluateSequential(ForEachOps.java:173) ~[?:1.8.0_402]
	at java.util.stream.AbstractPipeline.evaluate(AbstractPipeline.java:234) ~[?:1.8.0_402]
	at java.util.stream.ReferencePipeline.forEach(ReferencePipeline.java:485) ~[?:1.8.0_402]
	at org.junit.vintage.engine.VintageTestEngine.executeAllChildren(VintageTestEngine.java:82) ~[junit-vintage-engine-5.6.2.jar:5.6.2]
	at org.junit.vintage.engine.VintageTestEngine.execute(VintageTestEngine.java:73) ~[junit-vintage-engine-5.6.2.jar:5.6.2]
	at org.junit.platform.launcher.core.DefaultLauncher.execute(DefaultLauncher.java:248) ~[junit-platform-launcher-1.6.2.jar:1.6.2]
	at org.junit.platform.launcher.core.DefaultLauncher.lambda$execute$5(DefaultLauncher.java:211) ~[junit-platform-launcher-1.6.2.jar:1.6.2]
	at org.junit.platform.launcher.core.DefaultLauncher.withInterceptedStreams(DefaultLauncher.java:226) [junit-platform-launcher-1.6.2.jar:1.6.2]
	at org.junit.platform.launcher.core.DefaultLauncher.execute(DefaultLauncher.java:199) [junit-platform-launcher-1.6.2.jar:1.6.2]
	at org.junit.platform.launcher.core.DefaultLauncher.execute(DefaultLauncher.java:132) [junit-platform-launcher-1.6.2.jar:1.6.2]
	at org.apache.maven.surefire.junitplatform.JUnitPlatformProvider.invokeAllTests(JUnitPlatformProvider.java:154) [surefire-junit-platform-3.0.0-M4.jar:3.0.0-M4]
	at org.apache.maven.surefire.junitplatform.JUnitPlatformProvider.invoke(JUnitPlatformProvider.java:123) [surefire-junit-platform-3.0.0-M4.jar:3.0.0-M4]
	at org.apache.maven.surefire.booter.ForkedBooter.runSuitesInProcess(ForkedBooter.java:377) [surefire-booter-3.0.0-M4.jar:3.0.0-M4]
	at org.apache.maven.surefire.booter.ForkedBooter.execute(ForkedBooter.java:138) [surefire-booter-3.0.0-M4.jar:3.0.0-M4]
	at org.apache.maven.surefire.booter.ForkedBooter.run(ForkedBooter.java:465) [surefire-booter-3.0.0-M4.jar:3.0.0-M4]
	at org.apache.maven.surefire.booter.ForkedBooter.main(ForkedBooter.java:451) [surefire-booter-3.0.0-M4.jar:3.0.0-M4]
2024-04-23T21:49:54,713 ERROR [main] parse.UpdateDeleteSemanticAnalyzer: CBO failed due to missing column stats (see previous errors), skipping CBO
2024-04-23T21:49:54,713  INFO [main] parse.UpdateDeleteSemanticAnalyzer: Ending caching scope for: 
FAILED: NoMatchingMethodException No matching method for class org.apache.hadoop.hive.ql.udf.UDFToInteger with (struct<writeid:bigint,bucketid:int,rowid:bigint>). Possible choices: _FUNC_(bigint)  _FUNC_(boolean)  _FUNC_(decimal(38,18))  _FUNC_(double)  _FUNC_(float)  _FUNC_(smallint)  _FUNC_(string)  _FUNC_(struct<bucketid:bigint,writeid:bigint,rowid:int>)  _FUNC_(timestamp)  _FUNC_(tinyint)  _FUNC_(void)  
2024-04-23T21:49:54,714 ERROR [main] ql.Driver: FAILED: NoMatchingMethodException No matching method for class org.apache.hadoop.hive.ql.udf.UDFToInteger with (struct<writeid:bigint,bucketid:int,rowid:bigint>). Possible choices: _FUNC_(bigint)  _FUNC_(boolean)  _FUNC_(decimal(38,18))  _FUNC_(double)  _FUNC_(float)  _FUNC_(smallint)  _FUNC_(string)  _FUNC_(struct<bucketid:bigint,writeid:bigint,rowid:int>)  _FUNC_(timestamp)  _FUNC_(tinyint)  _FUNC_(void)  
org.apache.hadoop.hive.ql.exec.NoMatchingMethodException: No matching method for class org.apache.hadoop.hive.ql.udf.UDFToInteger with (struct<writeid:bigint,bucketid:int,rowid:bigint>). Possible choices: _FUNC_(bigint)  _FUNC_(boolean)  _FUNC_(decimal(38,18))  _FUNC_(double)  _FUNC_(float)  _FUNC_(smallint)  _FUNC_(string)  _FUNC_(struct<bucketid:bigint,writeid:bigint,rowid:int>)  _FUNC_(timestamp)  _FUNC_(tinyint)  _FUNC_(void)  
	at org.apache.hadoop.hive.ql.exec.MethodUtils.getMethodInternal(MethodUtils.java:130)
	at org.apache.hadoop.hive.ql.exec.MethodUtils.getMethodInternal(MethodUtils.java:60)
	at org.apache.hadoop.hive.ql.exec.DefaultUDFMethodResolver.getEvalMethod(DefaultUDFMethodResolver.java:59)
	at org.apache.hadoop.hive.ql.udf.TimestampCastRestrictorResolver.getEvalMethod(TimestampCastRestrictorResolver.java:68)
	at org.apache.hadoop.hive.ql.udf.generic.GenericUDFBridge.initialize(GenericUDFBridge.java:168)
	at org.apache.hadoop.hive.ql.udf.generic.GenericUDF.initializeAndFoldConstants(GenericUDF.java:149)
	at org.apache.hadoop.hive.ql.plan.ExprNodeGenericFuncDesc.newInstance(ExprNodeGenericFuncDesc.java:235)
	at org.apache.hadoop.hive.ql.parse.type.ExprNodeDescExprFactory.createFuncCallExpr(ExprNodeDescExprFactory.java:584)
	at org.apache.hadoop.hive.ql.parse.type.ExprNodeDescExprFactory.createFuncCallExpr(ExprNodeDescExprFactory.java:97)
	at org.apache.hadoop.hive.ql.parse.type.TypeCheckProcFactory$DefaultExprProcessor.getFuncExprNodeDescWithUdfData(TypeCheckProcFactory.java:762)
	at org.apache.hadoop.hive.ql.parse.type.TypeCheckProcFactory$DefaultExprProcessor.createConversionCast(TypeCheckProcFactory.java:783)
	at org.apache.hadoop.hive.ql.parse.SemanticAnalyzer.getPartitionColsFromBucketColsForUpdateDelete(SemanticAnalyzer.java:8725)
	at org.apache.hadoop.hive.ql.parse.SemanticAnalyzer.genBucketingSortingDest(SemanticAnalyzer.java:6914)
	at org.apache.hadoop.hive.ql.parse.SemanticAnalyzer.genFileSinkPlan(SemanticAnalyzer.java:7335)
	at org.apache.hadoop.hive.ql.parse.SemanticAnalyzer.genPostGroupByBodyPlan(SemanticAnalyzer.java:11063)
	at org.apache.hadoop.hive.ql.parse.SemanticAnalyzer.genBodyPlan(SemanticAnalyzer.java:10938)
	at org.apache.hadoop.hive.ql.parse.SemanticAnalyzer.genPlan(SemanticAnalyzer.java:11853)
	at org.apache.hadoop.hive.ql.parse.SemanticAnalyzer.genPlan(SemanticAnalyzer.java:11723)
	at org.apache.hadoop.hive.ql.parse.CalcitePlanner.genOPTree(CalcitePlanner.java:626)
	at org.apache.hadoop.hive.ql.parse.SemanticAnalyzer.analyzeInternal(SemanticAnalyzer.java:12558)
	at org.apache.hadoop.hive.ql.parse.CalcitePlanner.analyzeInternal(CalcitePlanner.java:456)
	at org.apache.hadoop.hive.ql.parse.RewriteSemanticAnalyzer.analyzeInternal(RewriteSemanticAnalyzer.java:67)
	at org.apache.hadoop.hive.ql.parse.BaseSemanticAnalyzer.analyze(BaseSemanticAnalyzer.java:317)
	at org.apache.hadoop.hive.ql.parse.UpdateDeleteSemanticAnalyzer.reparseAndSuperAnalyze(UpdateDeleteSemanticAnalyzer.java:208)
	at org.apache.hadoop.hive.ql.parse.UpdateDeleteSemanticAnalyzer.analyzeUpdate(UpdateDeleteSemanticAnalyzer.java:63)
	at org.apache.hadoop.hive.ql.parse.UpdateDeleteSemanticAnalyzer.analyze(UpdateDeleteSemanticAnalyzer.java:53)
	at org.apache.hadoop.hive.ql.parse.RewriteSemanticAnalyzer.analyzeInternal(RewriteSemanticAnalyzer.java:72)
	at org.apache.hadoop.hive.ql.parse.BaseSemanticAnalyzer.analyze(BaseSemanticAnalyzer.java:317)
	at org.apache.hadoop.hive.ql.Compiler.analyze(Compiler.java:223)
	at org.apache.hadoop.hive.ql.Compiler.compile(Compiler.java:105)
	at org.apache.hadoop.hive.ql.Driver.compile(Driver.java:500)
	at org.apache.hadoop.hive.ql.Driver.compileInternal(Driver.java:453)
	at org.apache.hadoop.hive.ql.Driver.runInternal(Driver.java:181)
	at org.apache.hadoop.hive.ql.Driver.run(Driver.java:153)
	at org.apache.hadoop.hive.ql.Driver.run(Driver.java:140)
	at org.apache.hadoop.hive.ql.TxnCommandsBaseForTests.runStatementOnDriver(TxnCommandsBaseForTests.java:245)
	at org.apache.hadoop.hive.ql.TestTxnLoadData.loadDataUpdate(TestTxnLoadData.java:118)
	at org.apache.hadoop.hive.ql.TestTxnLoadData.loadDataUpdate(TestTxnLoadData.java:71)
	at sun.reflect.NativeMethodAccessorImpl.invoke0(Native Method)
	at sun.reflect.NativeMethodAccessorImpl.invoke(NativeMethodAccessorImpl.java:62)
	at sun.reflect.DelegatingMethodAccessorImpl.invoke(DelegatingMethodAccessorImpl.java:43)
	at java.lang.reflect.Method.invoke(Method.java:498)
	at org.junit.runners.model.FrameworkMethod$1.runReflectiveCall(FrameworkMethod.java:59)
	at org.junit.internal.runners.model.ReflectiveCallable.run(ReflectiveCallable.java:12)
	at org.junit.runners.model.FrameworkMethod.invokeExplosively(FrameworkMethod.java:56)
	at org.junit.internal.runners.statements.InvokeMethod.evaluate(InvokeMethod.java:17)
	at org.junit.internal.runners.statements.RunBefores.evaluate(RunBefores.java:26)
	at org.junit.internal.runners.statements.RunAfters.evaluate(RunAfters.java:27)
	at org.junit.rules.ExternalResource$1.evaluate(ExternalResource.java:54)
	at org.junit.rules.TestWatcher$1.evaluate(TestWatcher.java:61)
	at org.junit.runners.ParentRunner$3.evaluate(ParentRunner.java:306)
	at org.junit.runners.BlockJUnit4ClassRunner$1.evaluate(BlockJUnit4ClassRunner.java:100)
	at org.junit.runners.ParentRunner.runLeaf(ParentRunner.java:366)
	at org.junit.runners.BlockJUnit4ClassRunner.runChild(BlockJUnit4ClassRunner.java:103)
	at org.junit.runners.BlockJUnit4ClassRunner.runChild(BlockJUnit4ClassRunner.java:63)
	at org.junit.runners.ParentRunner$4.run(ParentRunner.java:331)
	at org.junit.runners.ParentRunner$1.schedule(ParentRunner.java:79)
	at org.junit.runners.ParentRunner.runChildren(ParentRunner.java:329)
	at org.junit.runners.ParentRunner.access$100(ParentRunner.java:66)
	at org.junit.runners.ParentRunner$2.evaluate(ParentRunner.java:293)
	at org.junit.runners.ParentRunner$3.evaluate(ParentRunner.java:306)
	at org.junit.runners.ParentRunner.run(ParentRunner.java:413)
	at org.junit.runner.JUnitCore.run(JUnitCore.java:137)
	at org.junit.runner.JUnitCore.run(JUnitCore.java:115)
	at org.junit.vintage.engine.execution.RunnerExecutor.execute(RunnerExecutor.java:43)
	at java.util.stream.ForEachOps$ForEachOp$OfRef.accept(ForEachOps.java:183)
	at java.util.stream.ReferencePipeline$3$1.accept(ReferencePipeline.java:193)
	at java.util.Iterator.forEachRemaining(Iterator.java:116)
	at java.util.Spliterators$IteratorSpliterator.forEachRemaining(Spliterators.java:1801)
	at java.util.stream.AbstractPipeline.copyInto(AbstractPipeline.java:482)
	at java.util.stream.AbstractPipeline.wrapAndCopyInto(AbstractPipeline.java:472)
	at java.util.stream.ForEachOps$ForEachOp.evaluateSequential(ForEachOps.java:150)
	at java.util.stream.ForEachOps$ForEachOp$OfRef.evaluateSequential(ForEachOps.java:173)
	at java.util.stream.AbstractPipeline.evaluate(AbstractPipeline.java:234)
	at java.util.stream.ReferencePipeline.forEach(ReferencePipeline.java:485)
	at org.junit.vintage.engine.VintageTestEngine.executeAllChildren(VintageTestEngine.java:82)
	at org.junit.vintage.engine.VintageTestEngine.execute(VintageTestEngine.java:73)
	at org.junit.platform.launcher.core.DefaultLauncher.execute(DefaultLauncher.java:248)
	at org.junit.platform.launcher.core.DefaultLauncher.lambda$execute$5(DefaultLauncher.java:211)
	at org.junit.platform.launcher.core.DefaultLauncher.withInterceptedStreams(DefaultLauncher.java:226)
	at org.junit.platform.launcher.core.DefaultLauncher.execute(DefaultLauncher.java:199)
	at org.junit.platform.launcher.core.DefaultLauncher.execute(DefaultLauncher.java:132)
	at org.apache.maven.surefire.junitplatform.JUnitPlatformProvider.invokeAllTests(JUnitPlatformProvider.java:154)
	at org.apache.maven.surefire.junitplatform.JUnitPlatformProvider.invoke(JUnitPlatformProvider.java:123)
	at org.apache.maven.surefire.booter.ForkedBooter.runSuitesInProcess(ForkedBooter.java:377)
	at org.apache.maven.surefire.booter.ForkedBooter.execute(ForkedBooter.java:138)
	at org.apache.maven.surefire.booter.ForkedBooter.run(ForkedBooter.java:465)
	at org.apache.maven.surefire.booter.ForkedBooter.main(ForkedBooter.java:451)

2024-04-23T21:49:54,715  INFO [main] metadata.Hive: Dumping metastore api call timing information for : compilation phase
2024-04-23T21:49:54,715  INFO [main] metadata.Hive: Total time spent in each metastore function (ms): {getValidWriteIds_(List, String)=3, flushCache_()=0, isCompatibleWith_(Configuration)=1, getTableColumnStatistics_(String, String, List, String)=11, getTable_(GetTableRequest)=34, commitTxn_(CommitTxnRequest)=11, getValidTxns_(long)=1, getNotNullConstraints_(NotNullConstraintsRequest)=2, getAllTableConstraints_(AllTableConstraintsRequest)=5, openTxn_(String, TxnType)=2, getCheckConstraints_(CheckConstraintsRequest)=0}
2024-04-23T21:49:54,715  INFO [main] ql.Driver: Completed compiling command(queryId=alex_20240423214954_fd949374-8b9f-44cd-9b70-3846445ca726); Time taken: 0.26 seconds
2024-04-23T21:49:54,715  INFO [main] lockmgr.DbTxnManager: Stopped heartbeat for query: null
2024-04-23T21:49:54,719  INFO [main] txn.TxnHandler: Removed transactions: ([23]) from MIN_HISTORY_LEVEL
2024-04-23T21:49:54,727  INFO [main] ql.TxnCommandsBaseForTests: Running the query: drop table if exists acidTbl
2024-04-23T21:49:54,727  INFO [main] ql.Driver: Compiling command(queryId=alex_20240423214954_06070466-7205-4d67-93c4-c3950f020f5b): drop table if exists acidTbl
2024-04-23T21:49:54,729  INFO [main] txn.TxnHandler: Added entries to MIN_HISTORY_LEVEL for current txns: ([24]) with min_open_txn: 22
2024-04-23T21:49:54,730  INFO [main] lockmgr.DbTxnManager: Opened txnid:24
2024-04-23T21:49:54,731  INFO [main] HiveMetaStore.audit: ugi=alex	ip=unknown-ip-addr	cmd=get_table : tbl=hive.default.acidTbl	
2024-04-23T21:49:54,738  INFO [main] metastore.HMSHandler: Skipping translation for processor with null
2024-04-23T21:49:54,738  INFO [main] ql.Driver: Semantic Analysis Completed (retrial = false)
2024-04-23T21:49:54,738  INFO [main] ql.Driver: Created Hive schema: Schema(fieldSchemas:null, properties:null)
2024-04-23T21:49:54,738  INFO [main] metadata.Hive: Dumping metastore api call timing information for : compilation phase
2024-04-23T21:49:54,738  INFO [main] metadata.Hive: Total time spent in each metastore function (ms): {flushCache_()=0, getTable_(GetTableRequest)=8, openTxn_(String, TxnType)=2, isCompatibleWith_(Configuration)=1, getValidTxns_(long)=0, rollbackTxn_(long)=10}
2024-04-23T21:49:54,738  INFO [main] ql.Driver: Completed compiling command(queryId=alex_20240423214954_06070466-7205-4d67-93c4-c3950f020f5b); Time taken: 0.011 seconds
2024-04-23T21:49:54,739  INFO [main] lockmgr.DbTxnManager: Setting lock request transaction to txnid:24 for queryId=alex_20240423214954_06070466-7205-4d67-93c4-c3950f020f5b
2024-04-23T21:49:54,739  INFO [main] lockmgr.DbLockManager: Requesting lock for queryId=alex_20240423214954_06070466-7205-4d67-93c4-c3950f020f5b
2024-04-23T21:49:54,754  INFO [main] lockmgr.DbLockManager: Response to queryId=alex_20240423214954_06070466-7205-4d67-93c4-c3950f020f5b LockResponse(lockid:16, state:ACQUIRED)
2024-04-23T21:49:54,754  INFO [main] ql.Driver: Operation DROPTABLE obtained 1 locks
2024-04-23T21:49:54,754  INFO [main] ql.Driver: Executing command(queryId=alex_20240423214954_06070466-7205-4d67-93c4-c3950f020f5b): drop table if exists acidTbl
2024-04-23T21:49:54,754  INFO [main] ql.Driver: Starting task [Stage-0:DDL] in serial mode
2024-04-23T21:49:54,754  INFO [main] HiveMetaStore.audit: ugi=alex	ip=unknown-ip-addr	cmd=get_table : tbl=hive.default.acidTbl	
2024-04-23T21:49:54,761  INFO [main] metastore.HMSHandler: Skipping translation for processor with null
2024-04-23T21:49:54,761  INFO [main] HiveMetaStore.audit: ugi=alex	ip=unknown-ip-addr	cmd=get_table : tbl=hive.default.acidTbl	
2024-04-23T21:49:54,767  INFO [main] metastore.HMSHandler: Skipping translation for processor with null
2024-04-23T21:49:54,767  INFO [main] HiveMetaStore.audit: ugi=alex	ip=unknown-ip-addr	cmd=drop_table : tbl=hive.default.acidTbl	
2024-04-23T21:49:54,872  INFO [main] metadata.Hive: Dumping metastore api call timing information for : execution phase
2024-04-23T21:49:54,872  INFO [main] metadata.Hive: Total time spent in each metastore function (ms): {getTable_(GetTableRequest)=7, dropTable_(String, String, boolean, boolean, boolean)=111, isCompatibleWith_(Configuration)=0}
2024-04-23T21:49:54,873  INFO [main] ql.Driver: Completed executing command(queryId=alex_20240423214954_06070466-7205-4d67-93c4-c3950f020f5b); Time taken: 0.118 seconds
2024-04-23T21:49:54,873  INFO [main] lockmgr.DbTxnManager: Stopped heartbeat for query: alex_20240423214954_06070466-7205-4d67-93c4-c3950f020f5b
2024-04-23T21:49:54,876  INFO [main] txn.TxnHandler: Expected to move at least one record from txn_components to completed_txn_components when committing txn! txnid:24
2024-04-23T21:49:54,883  INFO [main] txn.TxnHandler: Removed transactions: ([24]) from MIN_HISTORY_LEVEL
2024-04-23T21:49:54,883  WARN [main] txn.CompactionTxnHandler: No compaction queue record found for Compaction type transaction commit. txnId:24
2024-04-23T21:49:54,884  INFO [main] ql.TxnCommandsBaseForTests: Running the query: drop table if exists acidTblPart
2024-04-23T21:49:54,884  INFO [main] ql.Driver: Compiling command(queryId=alex_20240423214954_871ef126-83e2-4bfc-bb10-15dada46d4f2): drop table if exists acidTblPart
2024-04-23T21:49:54,887  INFO [main] txn.TxnHandler: Added entries to MIN_HISTORY_LEVEL for current txns: ([25]) with min_open_txn: 22
2024-04-23T21:49:54,888  INFO [main] lockmgr.DbTxnManager: Opened txnid:25
2024-04-23T21:49:54,889  INFO [main] HiveMetaStore.audit: ugi=alex	ip=unknown-ip-addr	cmd=get_table : tbl=hive.default.acidTblPart	
2024-04-23T21:49:54,895  INFO [main] metastore.HMSHandler: Skipping translation for processor with null
2024-04-23T21:49:54,895  INFO [main] ql.Driver: Semantic Analysis Completed (retrial = false)
2024-04-23T21:49:54,895  INFO [main] ql.Driver: Created Hive schema: Schema(fieldSchemas:null, properties:null)
2024-04-23T21:49:54,895  INFO [main] metadata.Hive: Dumping metastore api call timing information for : compilation phase
2024-04-23T21:49:54,895  INFO [main] metadata.Hive: Total time spent in each metastore function (ms): {getValidTxns_(long)=0, flushCache_()=0, isCompatibleWith_(Configuration)=0, getTable_(GetTableRequest)=7, commitTxn_(CommitTxnRequest)=11, openTxn_(String, TxnType)=3}
2024-04-23T21:49:54,896  INFO [main] ql.Driver: Completed compiling command(queryId=alex_20240423214954_871ef126-83e2-4bfc-bb10-15dada46d4f2); Time taken: 0.011 seconds
2024-04-23T21:49:54,896  INFO [main] lockmgr.DbTxnManager: Setting lock request transaction to txnid:25 for queryId=alex_20240423214954_871ef126-83e2-4bfc-bb10-15dada46d4f2
2024-04-23T21:49:54,896  INFO [main] lockmgr.DbLockManager: Requesting lock for queryId=alex_20240423214954_871ef126-83e2-4bfc-bb10-15dada46d4f2
2024-04-23T21:49:54,911  INFO [main] lockmgr.DbLockManager: Response to queryId=alex_20240423214954_871ef126-83e2-4bfc-bb10-15dada46d4f2 LockResponse(lockid:17, state:ACQUIRED)
2024-04-23T21:49:54,911  INFO [main] ql.Driver: Operation DROPTABLE obtained 1 locks
2024-04-23T21:49:54,911  INFO [main] ql.Driver: Executing command(queryId=alex_20240423214954_871ef126-83e2-4bfc-bb10-15dada46d4f2): drop table if exists acidTblPart
2024-04-23T21:49:54,911  INFO [main] ql.Driver: Starting task [Stage-0:DDL] in serial mode
2024-04-23T21:49:54,912  INFO [main] HiveMetaStore.audit: ugi=alex	ip=unknown-ip-addr	cmd=get_table : tbl=hive.default.acidTblPart	
2024-04-23T21:49:54,919  INFO [main] metastore.HMSHandler: Skipping translation for processor with null
2024-04-23T21:49:54,920  INFO [main] HiveMetaStore.audit: ugi=alex	ip=unknown-ip-addr	cmd=get_table : tbl=hive.default.acidTblPart	
2024-04-23T21:49:54,929  INFO [main] metastore.HMSHandler: Skipping translation for processor with null
2024-04-23T21:49:54,930  INFO [main] HiveMetaStore.audit: ugi=alex	ip=unknown-ip-addr	cmd=drop_table : tbl=hive.default.acidTblPart	
2024-04-23T21:49:54,977  INFO [main] metadata.Hive: Dumping metastore api call timing information for : execution phase
2024-04-23T21:49:54,977  INFO [main] metadata.Hive: Total time spent in each metastore function (ms): {dropTable_(String, String, boolean, boolean, boolean)=58, getTable_(GetTableRequest)=8, isCompatibleWith_(Configuration)=0}
2024-04-23T21:49:54,977  INFO [main] ql.Driver: Completed executing command(queryId=alex_20240423214954_871ef126-83e2-4bfc-bb10-15dada46d4f2); Time taken: 0.066 seconds
2024-04-23T21:49:54,978  INFO [main] lockmgr.DbTxnManager: Stopped heartbeat for query: alex_20240423214954_871ef126-83e2-4bfc-bb10-15dada46d4f2
2024-04-23T21:49:54,981  INFO [main] txn.TxnHandler: Expected to move at least one record from txn_components to completed_txn_components when committing txn! txnid:25
2024-04-23T21:49:54,988  INFO [main] txn.TxnHandler: Removed transactions: ([25]) from MIN_HISTORY_LEVEL
2024-04-23T21:49:54,988  WARN [main] txn.CompactionTxnHandler: No compaction queue record found for Compaction type transaction commit. txnId:25
2024-04-23T21:49:54,989  INFO [main] ql.TxnCommandsBaseForTests: Running the query: drop table if exists acidTbl2
2024-04-23T21:49:54,990  INFO [main] ql.Driver: Compiling command(queryId=alex_20240423214954_da9d01c3-ed3a-4abb-99e7-290d3d2710db): drop table if exists acidTbl2
2024-04-23T21:49:54,993  INFO [main] txn.TxnHandler: Added entries to MIN_HISTORY_LEVEL for current txns: ([26]) with min_open_txn: 22
2024-04-23T21:49:54,993  INFO [main] lockmgr.DbTxnManager: Opened txnid:26
2024-04-23T21:49:54,994  INFO [main] ql.Driver: Semantic Analysis Completed (retrial = false)
2024-04-23T21:49:54,994  INFO [main] ql.Driver: Created Hive schema: Schema(fieldSchemas:null, properties:null)
2024-04-23T21:49:54,994  INFO [main] metadata.Hive: Dumping metastore api call timing information for : compilation phase
2024-04-23T21:49:54,994  INFO [main] metadata.Hive: Total time spent in each metastore function (ms): {commitTxn_(CommitTxnRequest)=11, getTable_(GetTableRequest)=0, isCompatibleWith_(Configuration)=0, flushCache_()=0, openTxn_(String, TxnType)=3, getValidTxns_(long)=1}
2024-04-23T21:49:54,995  INFO [main] ql.Driver: Completed compiling command(queryId=alex_20240423214954_da9d01c3-ed3a-4abb-99e7-290d3d2710db); Time taken: 0.004 seconds
2024-04-23T21:49:54,995  INFO [main] lockmgr.DbTxnManager: Setting lock request transaction to txnid:26 for queryId=alex_20240423214954_da9d01c3-ed3a-4abb-99e7-290d3d2710db
2024-04-23T21:49:54,995  INFO [main] ql.Driver: Operation DROPTABLE obtained 0 locks
2024-04-23T21:49:54,995  INFO [main] ql.Driver: Executing command(queryId=alex_20240423214954_da9d01c3-ed3a-4abb-99e7-290d3d2710db): drop table if exists acidTbl2
2024-04-23T21:49:54,996  INFO [main] ql.Driver: Starting task [Stage-0:DDL] in serial mode
2024-04-23T21:49:54,996  INFO [main] metadata.SessionHiveMetaStoreClient: Column stats doesn't exist for db=default temp table=acidTbl2
2024-04-23T21:49:54,997  INFO [main] metadata.Hive: Dumping metastore api call timing information for : execution phase
2024-04-23T21:49:54,997  INFO [main] metadata.Hive: Total time spent in each metastore function (ms): {dropTable_(String, String, boolean, boolean, boolean)=1, getTable_(GetTableRequest)=0, isCompatibleWith_(Configuration)=0}
2024-04-23T21:49:54,997  INFO [main] ql.Driver: Completed executing command(queryId=alex_20240423214954_da9d01c3-ed3a-4abb-99e7-290d3d2710db); Time taken: 0.002 seconds
2024-04-23T21:49:54,998  INFO [main] lockmgr.DbTxnManager: Stopped heartbeat for query: alex_20240423214954_da9d01c3-ed3a-4abb-99e7-290d3d2710db
2024-04-23T21:49:55,004  INFO [main] txn.TxnHandler: Expected to move at least one record from txn_components to completed_txn_components when committing txn! txnid:26
2024-04-23T21:49:55,010  INFO [main] txn.TxnHandler: Removed transactions: ([26]) from MIN_HISTORY_LEVEL
2024-04-23T21:49:55,010  WARN [main] txn.CompactionTxnHandler: No compaction queue record found for Compaction type transaction commit. txnId:26
2024-04-23T21:49:55,011  INFO [main] ql.TxnCommandsBaseForTests: Running the query: drop table if exists nonAcidOrcTbl
2024-04-23T21:49:55,012  INFO [main] ql.Driver: Compiling command(queryId=alex_20240423214955_34e9f6b4-bd11-4479-88bb-99d275d8e208): drop table if exists nonAcidOrcTbl
2024-04-23T21:49:55,015  INFO [main] txn.TxnHandler: Added entries to MIN_HISTORY_LEVEL for current txns: ([27]) with min_open_txn: 22
2024-04-23T21:49:55,015  INFO [main] lockmgr.DbTxnManager: Opened txnid:27
2024-04-23T21:49:55,016  INFO [main] HiveMetaStore.audit: ugi=alex	ip=unknown-ip-addr	cmd=get_table : tbl=hive.default.nonAcidOrcTbl	
2024-04-23T21:49:55,041  INFO [main] metastore.HMSHandler: Skipping translation for processor with null
2024-04-23T21:49:55,041  INFO [main] ql.Driver: Semantic Analysis Completed (retrial = false)
2024-04-23T21:49:55,041  INFO [main] ql.Driver: Created Hive schema: Schema(fieldSchemas:null, properties:null)
2024-04-23T21:49:55,041  INFO [main] metadata.Hive: Dumping metastore api call timing information for : compilation phase
2024-04-23T21:49:55,041  INFO [main] metadata.Hive: Total time spent in each metastore function (ms): {getTable_(GetTableRequest)=25, commitTxn_(CommitTxnRequest)=13, openTxn_(String, TxnType)=3, getValidTxns_(long)=0, flushCache_()=0, isCompatibleWith_(Configuration)=0}
2024-04-23T21:49:55,041  INFO [main] ql.Driver: Completed compiling command(queryId=alex_20240423214955_34e9f6b4-bd11-4479-88bb-99d275d8e208); Time taken: 0.03 seconds
2024-04-23T21:49:55,041  INFO [main] lockmgr.DbTxnManager: Setting lock request transaction to txnid:27 for queryId=alex_20240423214955_34e9f6b4-bd11-4479-88bb-99d275d8e208
2024-04-23T21:49:55,042  INFO [main] lockmgr.DbLockManager: Requesting lock for queryId=alex_20240423214955_34e9f6b4-bd11-4479-88bb-99d275d8e208
2024-04-23T21:49:55,061  INFO [main] lockmgr.DbLockManager: Response to queryId=alex_20240423214955_34e9f6b4-bd11-4479-88bb-99d275d8e208 LockResponse(lockid:18, state:ACQUIRED)
2024-04-23T21:49:55,061  INFO [main] ql.Driver: Operation DROPTABLE obtained 1 locks
2024-04-23T21:49:55,061  INFO [main] ql.Driver: Executing command(queryId=alex_20240423214955_34e9f6b4-bd11-4479-88bb-99d275d8e208): drop table if exists nonAcidOrcTbl
2024-04-23T21:49:55,061  INFO [main] ql.Driver: Starting task [Stage-0:DDL] in serial mode
2024-04-23T21:49:55,062  INFO [main] HiveMetaStore.audit: ugi=alex	ip=unknown-ip-addr	cmd=get_table : tbl=hive.default.nonAcidOrcTbl	
2024-04-23T21:49:55,071  INFO [main] metastore.HMSHandler: Skipping translation for processor with null
2024-04-23T21:49:55,071  INFO [main] HiveMetaStore.audit: ugi=alex	ip=unknown-ip-addr	cmd=get_table : tbl=hive.default.nonAcidOrcTbl	
2024-04-23T21:49:55,081  INFO [main] metastore.HMSHandler: Skipping translation for processor with null
2024-04-23T21:49:55,081  INFO [main] HiveMetaStore.audit: ugi=alex	ip=unknown-ip-addr	cmd=drop_table : tbl=hive.default.nonAcidOrcTbl	
2024-04-23T21:49:55,180  INFO [main] metadata.Hive: Dumping metastore api call timing information for : execution phase
2024-04-23T21:49:55,180  INFO [main] metadata.Hive: Total time spent in each metastore function (ms): {dropTable_(String, String, boolean, boolean, boolean)=109, getTable_(GetTableRequest)=9, isCompatibleWith_(Configuration)=0}
2024-04-23T21:49:55,180  INFO [main] ql.Driver: Completed executing command(queryId=alex_20240423214955_34e9f6b4-bd11-4479-88bb-99d275d8e208); Time taken: 0.119 seconds
2024-04-23T21:49:55,181  INFO [main] lockmgr.DbTxnManager: Stopped heartbeat for query: alex_20240423214955_34e9f6b4-bd11-4479-88bb-99d275d8e208
2024-04-23T21:49:55,185  INFO [main] txn.TxnHandler: Expected to move at least one record from txn_components to completed_txn_components when committing txn! txnid:27
2024-04-23T21:49:55,193  INFO [main] txn.TxnHandler: Removed transactions: ([27]) from MIN_HISTORY_LEVEL
2024-04-23T21:49:55,194  WARN [main] txn.CompactionTxnHandler: No compaction queue record found for Compaction type transaction commit. txnId:27
2024-04-23T21:49:55,194  INFO [main] ql.TxnCommandsBaseForTests: Running the query: drop table if exists nonAcidOrcTbl2
2024-04-23T21:49:55,195  INFO [main] ql.Driver: Compiling command(queryId=alex_20240423214955_9223a27e-50f4-4e28-a393-e2694747aa23): drop table if exists nonAcidOrcTbl2
2024-04-23T21:49:55,198  INFO [main] txn.TxnHandler: Added entries to MIN_HISTORY_LEVEL for current txns: ([28]) with min_open_txn: 22
2024-04-23T21:49:55,198  INFO [main] lockmgr.DbTxnManager: Opened txnid:28
2024-04-23T21:49:55,199  INFO [main] HiveMetaStore.audit: ugi=alex	ip=unknown-ip-addr	cmd=get_table : tbl=hive.default.nonAcidOrcTbl2	
2024-04-23T21:49:55,211  INFO [main] metastore.HMSHandler: Skipping translation for processor with null
2024-04-23T21:49:55,211  INFO [main] ql.Driver: Semantic Analysis Completed (retrial = false)
2024-04-23T21:49:55,211  INFO [main] ql.Driver: Created Hive schema: Schema(fieldSchemas:null, properties:null)
2024-04-23T21:49:55,211  INFO [main] metadata.Hive: Dumping metastore api call timing information for : compilation phase
2024-04-23T21:49:55,211  INFO [main] metadata.Hive: Total time spent in each metastore function (ms): {openTxn_(String, TxnType)=3, getValidTxns_(long)=1, isCompatibleWith_(Configuration)=0, getTable_(GetTableRequest)=12, flushCache_()=0, commitTxn_(CommitTxnRequest)=13}
2024-04-23T21:49:55,212  INFO [main] ql.Driver: Completed compiling command(queryId=alex_20240423214955_9223a27e-50f4-4e28-a393-e2694747aa23); Time taken: 0.016 seconds
2024-04-23T21:49:55,212  INFO [main] lockmgr.DbTxnManager: Setting lock request transaction to txnid:28 for queryId=alex_20240423214955_9223a27e-50f4-4e28-a393-e2694747aa23
2024-04-23T21:49:55,212  INFO [main] lockmgr.DbLockManager: Requesting lock for queryId=alex_20240423214955_9223a27e-50f4-4e28-a393-e2694747aa23
2024-04-23T21:49:55,229  INFO [main] lockmgr.DbLockManager: Response to queryId=alex_20240423214955_9223a27e-50f4-4e28-a393-e2694747aa23 LockResponse(lockid:19, state:ACQUIRED)
2024-04-23T21:49:55,229  INFO [main] ql.Driver: Operation DROPTABLE obtained 1 locks
2024-04-23T21:49:55,229  INFO [main] ql.Driver: Executing command(queryId=alex_20240423214955_9223a27e-50f4-4e28-a393-e2694747aa23): drop table if exists nonAcidOrcTbl2
2024-04-23T21:49:55,229  INFO [main] ql.Driver: Starting task [Stage-0:DDL] in serial mode
2024-04-23T21:49:55,230  INFO [main] HiveMetaStore.audit: ugi=alex	ip=unknown-ip-addr	cmd=get_table : tbl=hive.default.nonAcidOrcTbl2	
2024-04-23T21:49:55,239  INFO [main] metastore.HMSHandler: Skipping translation for processor with null
2024-04-23T21:49:55,239  INFO [main] HiveMetaStore.audit: ugi=alex	ip=unknown-ip-addr	cmd=get_table : tbl=hive.default.nonAcidOrcTbl2	
2024-04-23T21:49:55,250  INFO [main] metastore.HMSHandler: Skipping translation for processor with null
2024-04-23T21:49:55,250  INFO [main] HiveMetaStore.audit: ugi=alex	ip=unknown-ip-addr	cmd=drop_table : tbl=hive.default.nonAcidOrcTbl2	
2024-04-23T21:49:55,286  INFO [main] metadata.Hive: Dumping metastore api call timing information for : execution phase
2024-04-23T21:49:55,286  INFO [main] metadata.Hive: Total time spent in each metastore function (ms): {getTable_(GetTableRequest)=9, dropTable_(String, String, boolean, boolean, boolean)=46, isCompatibleWith_(Configuration)=1}
2024-04-23T21:49:55,286  INFO [main] ql.Driver: Completed executing command(queryId=alex_20240423214955_9223a27e-50f4-4e28-a393-e2694747aa23); Time taken: 0.057 seconds
2024-04-23T21:49:55,286  INFO [main] lockmgr.DbTxnManager: Stopped heartbeat for query: alex_20240423214955_9223a27e-50f4-4e28-a393-e2694747aa23
2024-04-23T21:49:55,291  INFO [main] txn.TxnHandler: Expected to move at least one record from txn_components to completed_txn_components when committing txn! txnid:28
2024-04-23T21:49:55,298  INFO [main] txn.TxnHandler: Removed transactions: ([28]) from MIN_HISTORY_LEVEL
2024-04-23T21:49:55,298  WARN [main] txn.CompactionTxnHandler: No compaction queue record found for Compaction type transaction commit. txnId:28
2024-04-23T21:49:55,299  INFO [main] ql.TxnCommandsBaseForTests: Running the query: drop table if exists nonAcidNonBucket
2024-04-23T21:49:55,299  INFO [main] ql.Driver: Compiling command(queryId=alex_20240423214955_23009e52-89db-43aa-ac28-3c5142fc7cfb): drop table if exists nonAcidNonBucket
2024-04-23T21:49:55,302  INFO [main] txn.TxnHandler: Added entries to MIN_HISTORY_LEVEL for current txns: ([29]) with min_open_txn: 22
2024-04-23T21:49:55,302  INFO [main] lockmgr.DbTxnManager: Opened txnid:29
2024-04-23T21:49:55,303  INFO [main] HiveMetaStore.audit: ugi=alex	ip=unknown-ip-addr	cmd=get_table : tbl=hive.default.nonAcidNonBucket	
2024-04-23T21:49:55,314  INFO [main] metastore.HMSHandler: Skipping translation for processor with null
2024-04-23T21:49:55,314  INFO [main] ql.Driver: Semantic Analysis Completed (retrial = false)
2024-04-23T21:49:55,314  INFO [main] ql.Driver: Created Hive schema: Schema(fieldSchemas:null, properties:null)
2024-04-23T21:49:55,314  INFO [main] metadata.Hive: Dumping metastore api call timing information for : compilation phase
2024-04-23T21:49:55,314  INFO [main] metadata.Hive: Total time spent in each metastore function (ms): {getValidTxns_(long)=0, openTxn_(String, TxnType)=2, flushCache_()=0, commitTxn_(CommitTxnRequest)=12, isCompatibleWith_(Configuration)=1, getTable_(GetTableRequest)=11}
2024-04-23T21:49:55,315  INFO [main] ql.Driver: Completed compiling command(queryId=alex_20240423214955_23009e52-89db-43aa-ac28-3c5142fc7cfb); Time taken: 0.015 seconds
2024-04-23T21:49:55,315  INFO [main] lockmgr.DbTxnManager: Setting lock request transaction to txnid:29 for queryId=alex_20240423214955_23009e52-89db-43aa-ac28-3c5142fc7cfb
2024-04-23T21:49:55,315  INFO [main] lockmgr.DbLockManager: Requesting lock for queryId=alex_20240423214955_23009e52-89db-43aa-ac28-3c5142fc7cfb
2024-04-23T21:49:55,336  INFO [main] lockmgr.DbLockManager: Response to queryId=alex_20240423214955_23009e52-89db-43aa-ac28-3c5142fc7cfb LockResponse(lockid:20, state:ACQUIRED)
2024-04-23T21:49:55,336  INFO [main] ql.Driver: Operation DROPTABLE obtained 1 locks
2024-04-23T21:49:55,336  INFO [main] ql.Driver: Executing command(queryId=alex_20240423214955_23009e52-89db-43aa-ac28-3c5142fc7cfb): drop table if exists nonAcidNonBucket
2024-04-23T21:49:55,336  INFO [main] ql.Driver: Starting task [Stage-0:DDL] in serial mode
2024-04-23T21:49:55,337  INFO [main] HiveMetaStore.audit: ugi=alex	ip=unknown-ip-addr	cmd=get_table : tbl=hive.default.nonAcidNonBucket	
2024-04-23T21:49:55,347  INFO [main] metastore.HMSHandler: Skipping translation for processor with null
2024-04-23T21:49:55,348  INFO [main] HiveMetaStore.audit: ugi=alex	ip=unknown-ip-addr	cmd=get_table : tbl=hive.default.nonAcidNonBucket	
2024-04-23T21:49:55,356  INFO [main] metastore.HMSHandler: Skipping translation for processor with null
2024-04-23T21:49:55,356  INFO [main] HiveMetaStore.audit: ugi=alex	ip=unknown-ip-addr	cmd=drop_table : tbl=hive.default.nonAcidNonBucket	
2024-04-23T21:49:55,389  INFO [main] metadata.Hive: Dumping metastore api call timing information for : execution phase
2024-04-23T21:49:55,389  INFO [main] metadata.Hive: Total time spent in each metastore function (ms): {dropTable_(String, String, boolean, boolean, boolean)=42, getTable_(GetTableRequest)=11, isCompatibleWith_(Configuration)=0}
2024-04-23T21:49:55,390  INFO [main] ql.Driver: Completed executing command(queryId=alex_20240423214955_23009e52-89db-43aa-ac28-3c5142fc7cfb); Time taken: 0.053 seconds
2024-04-23T21:49:55,390  INFO [main] lockmgr.DbTxnManager: Stopped heartbeat for query: alex_20240423214955_23009e52-89db-43aa-ac28-3c5142fc7cfb
2024-04-23T21:49:55,393  INFO [main] txn.TxnHandler: Expected to move at least one record from txn_components to completed_txn_components when committing txn! txnid:29
2024-04-23T21:49:55,399  INFO [main] txn.TxnHandler: Removed transactions: ([29]) from MIN_HISTORY_LEVEL
2024-04-23T21:49:55,399  WARN [main] txn.CompactionTxnHandler: No compaction queue record found for Compaction type transaction commit. txnId:29
2024-04-23T21:49:55,400  INFO [main] utils.TestTxnDbUtil: Cleaning transactional tables
]]></system-err>
  </testcase>
  <testcase name="testAbort" classname="org.apache.hadoop.hive.ql.TestTxnLoadData" time="6.751"/>
  <testcase name="testMMOrcTable" classname="org.apache.hadoop.hive.ql.TestTxnLoadData" time="4.604"/>
  <testcase name="testMultiStatement" classname="org.apache.hadoop.hive.ql.TestTxnLoadData" time="13.643"/>
  <testcase name="loadDataPartitioned" classname="org.apache.hadoop.hive.ql.TestTxnLoadData" time="12.494"/>
  <testcase name="loadDataUpdateVectorized" classname="org.apache.hadoop.hive.ql.TestTxnLoadData" time="5.454">
    <error type="java.lang.RuntimeException"><![CDATA[java.lang.RuntimeException: update T set b = 17 where a = 1 failed: (responseCode = 40000, errorMessage = FAILED: NoMatchingMethodException No matching method for class org.apache.hadoop.hive.ql.udf.UDFToInteger with (struct<writeid:bigint,bucketid:int,rowid:bigint>). Possible choices: _FUNC_(bigint)  _FUNC_(boolean)  _FUNC_(decimal(38,18))  _FUNC_(double)  _FUNC_(float)  _FUNC_(smallint)  _FUNC_(string)  _FUNC_(struct<bucketid:bigint,writeid:bigint,rowid:int>)  _FUNC_(timestamp)  _FUNC_(tinyint)  _FUNC_(void)  , hiveErrorCode = 40000, SQLState = 42000, exception = No matching method for class org.apache.hadoop.hive.ql.udf.UDFToInteger with (struct<writeid:bigint,bucketid:int,rowid:bigint>). Possible choices: _FUNC_(bigint)  _FUNC_(boolean)  _FUNC_(decimal(38,18))  _FUNC_(double)  _FUNC_(float)  _FUNC_(smallint)  _FUNC_(string)  _FUNC_(struct<bucketid:bigint,writeid:bigint,rowid:int>)  _FUNC_(timestamp)  _FUNC_(tinyint)  _FUNC_(void)  )
	at org.apache.hadoop.hive.ql.TxnCommandsBaseForTests.runStatementOnDriver(TxnCommandsBaseForTests.java:247)
	at org.apache.hadoop.hive.ql.TestTxnLoadData.loadDataUpdate(TestTxnLoadData.java:118)
	at org.apache.hadoop.hive.ql.TestTxnLoadData.loadDataUpdateVectorized(TestTxnLoadData.java:76)
	at sun.reflect.NativeMethodAccessorImpl.invoke0(Native Method)
	at sun.reflect.NativeMethodAccessorImpl.invoke(NativeMethodAccessorImpl.java:62)
	at sun.reflect.DelegatingMethodAccessorImpl.invoke(DelegatingMethodAccessorImpl.java:43)
	at java.lang.reflect.Method.invoke(Method.java:498)
	at org.junit.runners.model.FrameworkMethod$1.runReflectiveCall(FrameworkMethod.java:59)
	at org.junit.internal.runners.model.ReflectiveCallable.run(ReflectiveCallable.java:12)
	at org.junit.runners.model.FrameworkMethod.invokeExplosively(FrameworkMethod.java:56)
	at org.junit.internal.runners.statements.InvokeMethod.evaluate(InvokeMethod.java:17)
	at org.junit.internal.runners.statements.RunBefores.evaluate(RunBefores.java:26)
	at org.junit.internal.runners.statements.RunAfters.evaluate(RunAfters.java:27)
	at org.junit.rules.ExternalResource$1.evaluate(ExternalResource.java:54)
	at org.junit.rules.TestWatcher$1.evaluate(TestWatcher.java:61)
	at org.junit.runners.ParentRunner$3.evaluate(ParentRunner.java:306)
	at org.junit.runners.BlockJUnit4ClassRunner$1.evaluate(BlockJUnit4ClassRunner.java:100)
	at org.junit.runners.ParentRunner.runLeaf(ParentRunner.java:366)
	at org.junit.runners.BlockJUnit4ClassRunner.runChild(BlockJUnit4ClassRunner.java:103)
	at org.junit.runners.BlockJUnit4ClassRunner.runChild(BlockJUnit4ClassRunner.java:63)
	at org.junit.runners.ParentRunner$4.run(ParentRunner.java:331)
	at org.junit.runners.ParentRunner$1.schedule(ParentRunner.java:79)
	at org.junit.runners.ParentRunner.runChildren(ParentRunner.java:329)
	at org.junit.runners.ParentRunner.access$100(ParentRunner.java:66)
	at org.junit.runners.ParentRunner$2.evaluate(ParentRunner.java:293)
	at org.junit.runners.ParentRunner$3.evaluate(ParentRunner.java:306)
	at org.junit.runners.ParentRunner.run(ParentRunner.java:413)
	at org.junit.runner.JUnitCore.run(JUnitCore.java:137)
	at org.junit.runner.JUnitCore.run(JUnitCore.java:115)
	at org.junit.vintage.engine.execution.RunnerExecutor.execute(RunnerExecutor.java:43)
	at java.util.stream.ForEachOps$ForEachOp$OfRef.accept(ForEachOps.java:183)
	at java.util.stream.ReferencePipeline$3$1.accept(ReferencePipeline.java:193)
	at java.util.Iterator.forEachRemaining(Iterator.java:116)
	at java.util.Spliterators$IteratorSpliterator.forEachRemaining(Spliterators.java:1801)
	at java.util.stream.AbstractPipeline.copyInto(AbstractPipeline.java:482)
	at java.util.stream.AbstractPipeline.wrapAndCopyInto(AbstractPipeline.java:472)
	at java.util.stream.ForEachOps$ForEachOp.evaluateSequential(ForEachOps.java:150)
	at java.util.stream.ForEachOps$ForEachOp$OfRef.evaluateSequential(ForEachOps.java:173)
	at java.util.stream.AbstractPipeline.evaluate(AbstractPipeline.java:234)
	at java.util.stream.ReferencePipeline.forEach(ReferencePipeline.java:485)
	at org.junit.vintage.engine.VintageTestEngine.executeAllChildren(VintageTestEngine.java:82)
	at org.junit.vintage.engine.VintageTestEngine.execute(VintageTestEngine.java:73)
	at org.junit.platform.launcher.core.DefaultLauncher.execute(DefaultLauncher.java:248)
	at org.junit.platform.launcher.core.DefaultLauncher.lambda$execute$5(DefaultLauncher.java:211)
	at org.junit.platform.launcher.core.DefaultLauncher.withInterceptedStreams(DefaultLauncher.java:226)
	at org.junit.platform.launcher.core.DefaultLauncher.execute(DefaultLauncher.java:199)
	at org.junit.platform.launcher.core.DefaultLauncher.execute(DefaultLauncher.java:132)
	at org.apache.maven.surefire.junitplatform.JUnitPlatformProvider.invokeAllTests(JUnitPlatformProvider.java:154)
	at org.apache.maven.surefire.junitplatform.JUnitPlatformProvider.invoke(JUnitPlatformProvider.java:123)
	at org.apache.maven.surefire.booter.ForkedBooter.runSuitesInProcess(ForkedBooter.java:377)
	at org.apache.maven.surefire.booter.ForkedBooter.execute(ForkedBooter.java:138)
	at org.apache.maven.surefire.booter.ForkedBooter.run(ForkedBooter.java:465)
	at org.apache.maven.surefire.booter.ForkedBooter.main(ForkedBooter.java:451)
]]></error>
    <system-err><![CDATA[2024-04-23T21:50:32,967  WARN [main] conf.HiveConf: HiveConf of name hive.dummyparam.test.server.specific.config.metastoresite does not exist
2024-04-23T21:50:32,967  WARN [main] conf.HiveConf: HiveConf of name hive.stats.key.prefix.reserve.length does not exist
2024-04-23T21:50:32,968  WARN [main] conf.HiveConf: HiveConf of name hive.llap.io.cache.orc.size does not exist
2024-04-23T21:50:32,968  WARN [main] conf.HiveConf: HiveConf of name hive.metastore.metadb.dir does not exist
2024-04-23T21:50:32,968  WARN [main] conf.HiveConf: HiveConf of name hive.metastore.client.cache.maxSize does not exist
2024-04-23T21:50:32,968  WARN [main] conf.HiveConf: HiveConf of name hive.llap.io.cache.orc.alloc.max does not exist
2024-04-23T21:50:32,968  WARN [main] conf.HiveConf: HiveConf of name hive.dummyparam.test.server.specific.config.hivesite does not exist
2024-04-23T21:50:32,968  WARN [main] conf.HiveConf: HiveConf of name hive.dummyparam.test.server.specific.config.override does not exist
2024-04-23T21:50:32,968  WARN [main] conf.HiveConf: HiveConf of name hive.llap.io.cache.orc.alloc.min does not exist
2024-04-23T21:50:32,968  WARN [main] conf.HiveConf: HiveConf of name hive.metastore.client.cache.recordStats does not exist
2024-04-23T21:50:32,968  WARN [main] conf.HiveConf: HiveConf of name hive.llap.io.cache.orc.arena.size does not exist
2024-04-23T21:50:32,970  INFO [main] utils.TestTxnDbUtil: Creating transactional tables
Hive Session ID = 6f2f3d5e-53c3-4c28-a4ef-236a38220ec7
2024-04-23T21:50:32,972  INFO [main] SessionState: Hive Session ID = 6f2f3d5e-53c3-4c28-a4ef-236a38220ec7
ivysettings.xml file not found in HIVE_HOME or HIVE_CONF_DIR,/home/alex/Repositories/hive/conf/ivysettings.xml will be used
2024-04-23T21:50:32,973  INFO [main] DependencyResolver: ivysettings.xml file not found in HIVE_HOME or HIVE_CONF_DIR,/home/alex/Repositories/hive/conf/ivysettings.xml will be used
2024-04-23T21:50:32,978  INFO [main] session.SessionState: Created HDFS directory: /home/alex/Repositories/hive/ql/target/tmp/scratchdir/alex/6f2f3d5e-53c3-4c28-a4ef-236a38220ec7
2024-04-23T21:50:32,980  INFO [main] session.SessionState: Created local directory: /home/alex/Repositories/hive/ql/target/tmp/localscratchdir/6f2f3d5e-53c3-4c28-a4ef-236a38220ec7
2024-04-23T21:50:32,982  INFO [main] session.SessionState: Created HDFS directory: /home/alex/Repositories/hive/ql/target/tmp/scratchdir/alex/6f2f3d5e-53c3-4c28-a4ef-236a38220ec7/_tmp_space.db
2024-04-23T21:50:32,983  INFO [main] sqlstd.SQLStdHiveAccessController: Created SQLStdHiveAccessController for session context : HiveAuthzSessionContext [sessionString=6f2f3d5e-53c3-4c28-a4ef-236a38220ec7, clientType=HIVECLI]
2024-04-23T21:50:32,983  INFO [main] ql.TxnCommandsBaseForTests: Running the query: drop table if exists acidTbl
2024-04-23T21:50:32,984  INFO [main] ql.Driver: Compiling command(queryId=alex_20240423215032_e14d7a07-02ea-40bd-98c3-fcd9c5dd4f26): drop table if exists acidTbl
2024-04-23T21:50:32,991  INFO [main] txn.TxnHandler: Added entries to MIN_HISTORY_LEVEL for current txns: ([1]) with min_open_txn: 1
2024-04-23T21:50:32,991  INFO [main] lockmgr.DbTxnManager: Opened txnid:1
2024-04-23T21:50:32,993  INFO [main] HiveMetaStore.audit: ugi=alex	ip=unknown-ip-addr	cmd=get_table : tbl=hive.default.acidTbl	
2024-04-23T21:50:32,996  INFO [main] ql.Driver: Semantic Analysis Completed (retrial = false)
2024-04-23T21:50:32,996  INFO [main] ql.Driver: Created Hive schema: Schema(fieldSchemas:null, properties:null)
2024-04-23T21:50:32,997  INFO [main] metadata.Hive: Dumping metastore api call timing information for : compilation phase
2024-04-23T21:50:32,997  INFO [main] metadata.Hive: Total time spent in each metastore function (ms): {flushCache_()=0, isCompatibleWith_(Configuration)=0, commitTxn_(CommitTxnRequest)=8, getValidTxns_(long)=1, openTxn_(String, TxnType)=7}
2024-04-23T21:50:32,997  INFO [main] ql.Driver: Completed compiling command(queryId=alex_20240423215032_e14d7a07-02ea-40bd-98c3-fcd9c5dd4f26); Time taken: 0.013 seconds
2024-04-23T21:50:32,997  INFO [main] lockmgr.DbTxnManager: Setting lock request transaction to txnid:1 for queryId=alex_20240423215032_e14d7a07-02ea-40bd-98c3-fcd9c5dd4f26
2024-04-23T21:50:32,997  INFO [main] ql.Driver: Operation DROPTABLE obtained 0 locks
2024-04-23T21:50:32,997  INFO [main] ql.Driver: Executing command(queryId=alex_20240423215032_e14d7a07-02ea-40bd-98c3-fcd9c5dd4f26): drop table if exists acidTbl
2024-04-23T21:50:32,997  INFO [main] ql.Driver: Starting task [Stage-0:DDL] in serial mode
2024-04-23T21:50:32,997  INFO [main] HiveMetaStore.audit: ugi=alex	ip=unknown-ip-addr	cmd=get_table : tbl=hive.default.acidTbl	
2024-04-23T21:50:33,000  INFO [main] metadata.Hive: Dumping metastore api call timing information for : execution phase
2024-04-23T21:50:33,000  INFO [main] metadata.Hive: Total time spent in each metastore function (ms): {isCompatibleWith_(Configuration)=0}
2024-04-23T21:50:33,001  INFO [main] ql.Driver: Completed executing command(queryId=alex_20240423215032_e14d7a07-02ea-40bd-98c3-fcd9c5dd4f26); Time taken: 0.003 seconds
2024-04-23T21:50:33,001  INFO [main] lockmgr.DbTxnManager: Stopped heartbeat for query: alex_20240423215032_e14d7a07-02ea-40bd-98c3-fcd9c5dd4f26
2024-04-23T21:50:33,006  INFO [main] txn.TxnHandler: Expected to move at least one record from txn_components to completed_txn_components when committing txn! txnid:1
2024-04-23T21:50:33,013  INFO [main] txn.TxnHandler: Removed transactions: ([1]) from MIN_HISTORY_LEVEL
2024-04-23T21:50:33,013  WARN [main] txn.CompactionTxnHandler: No compaction queue record found for Compaction type transaction commit. txnId:1
2024-04-23T21:50:33,013  INFO [main] ql.TxnCommandsBaseForTests: Running the query: drop table if exists acidTblPart
2024-04-23T21:50:33,014  INFO [main] ql.Driver: Compiling command(queryId=alex_20240423215033_fa5c34ac-3cad-4053-b4ca-4c1b652ece5c): drop table if exists acidTblPart
2024-04-23T21:50:33,016  INFO [main] txn.TxnHandler: Added entries to MIN_HISTORY_LEVEL for current txns: ([2]) with min_open_txn: 1
2024-04-23T21:50:33,017  INFO [main] lockmgr.DbTxnManager: Opened txnid:2
2024-04-23T21:50:33,017  INFO [main] HiveMetaStore.audit: ugi=alex	ip=unknown-ip-addr	cmd=get_table : tbl=hive.default.acidTblPart	
2024-04-23T21:50:33,021  INFO [main] ql.Driver: Semantic Analysis Completed (retrial = false)
2024-04-23T21:50:33,021  INFO [main] ql.Driver: Created Hive schema: Schema(fieldSchemas:null, properties:null)
2024-04-23T21:50:33,021  INFO [main] metadata.Hive: Dumping metastore api call timing information for : compilation phase
2024-04-23T21:50:33,021  INFO [main] metadata.Hive: Total time spent in each metastore function (ms): {commitTxn_(CommitTxnRequest)=12, openTxn_(String, TxnType)=2, isCompatibleWith_(Configuration)=1, flushCache_()=0, getValidTxns_(long)=0}
2024-04-23T21:50:33,021  INFO [main] ql.Driver: Completed compiling command(queryId=alex_20240423215033_fa5c34ac-3cad-4053-b4ca-4c1b652ece5c); Time taken: 0.007 seconds
2024-04-23T21:50:33,021  INFO [main] lockmgr.DbTxnManager: Setting lock request transaction to txnid:2 for queryId=alex_20240423215033_fa5c34ac-3cad-4053-b4ca-4c1b652ece5c
2024-04-23T21:50:33,021  INFO [main] ql.Driver: Operation DROPTABLE obtained 0 locks
2024-04-23T21:50:33,022  INFO [main] ql.Driver: Executing command(queryId=alex_20240423215033_fa5c34ac-3cad-4053-b4ca-4c1b652ece5c): drop table if exists acidTblPart
2024-04-23T21:50:33,022  INFO [main] ql.Driver: Starting task [Stage-0:DDL] in serial mode
2024-04-23T21:50:33,022  INFO [main] HiveMetaStore.audit: ugi=alex	ip=unknown-ip-addr	cmd=get_table : tbl=hive.default.acidTblPart	
2024-04-23T21:50:33,025  INFO [main] metadata.Hive: Dumping metastore api call timing information for : execution phase
2024-04-23T21:50:33,025  INFO [main] metadata.Hive: Total time spent in each metastore function (ms): {isCompatibleWith_(Configuration)=0}
2024-04-23T21:50:33,025  INFO [main] ql.Driver: Completed executing command(queryId=alex_20240423215033_fa5c34ac-3cad-4053-b4ca-4c1b652ece5c); Time taken: 0.003 seconds
2024-04-23T21:50:33,025  INFO [main] lockmgr.DbTxnManager: Stopped heartbeat for query: alex_20240423215033_fa5c34ac-3cad-4053-b4ca-4c1b652ece5c
2024-04-23T21:50:33,031  INFO [main] txn.TxnHandler: Expected to move at least one record from txn_components to completed_txn_components when committing txn! txnid:2
2024-04-23T21:50:33,036  INFO [main] txn.TxnHandler: Removed transactions: ([2]) from MIN_HISTORY_LEVEL
2024-04-23T21:50:33,036  WARN [main] txn.CompactionTxnHandler: No compaction queue record found for Compaction type transaction commit. txnId:2
2024-04-23T21:50:33,037  INFO [main] ql.TxnCommandsBaseForTests: Running the query: drop table if exists acidTbl2
2024-04-23T21:50:33,037  INFO [main] ql.Driver: Compiling command(queryId=alex_20240423215033_a03e5dee-74b9-4954-92f9-658361a751b2): drop table if exists acidTbl2
2024-04-23T21:50:33,040  INFO [main] txn.TxnHandler: Added entries to MIN_HISTORY_LEVEL for current txns: ([3]) with min_open_txn: 1
2024-04-23T21:50:33,040  INFO [main] lockmgr.DbTxnManager: Opened txnid:3
2024-04-23T21:50:33,041  INFO [main] HiveMetaStore.audit: ugi=alex	ip=unknown-ip-addr	cmd=get_table : tbl=hive.default.acidTbl2	
2024-04-23T21:50:33,044  INFO [main] ql.Driver: Semantic Analysis Completed (retrial = false)
2024-04-23T21:50:33,044  INFO [main] ql.Driver: Created Hive schema: Schema(fieldSchemas:null, properties:null)
2024-04-23T21:50:33,044  INFO [main] metadata.Hive: Dumping metastore api call timing information for : compilation phase
2024-04-23T21:50:33,044  INFO [main] metadata.Hive: Total time spent in each metastore function (ms): {commitTxn_(CommitTxnRequest)=12, isCompatibleWith_(Configuration)=0, openTxn_(String, TxnType)=2, getValidTxns_(long)=1, flushCache_()=0}
2024-04-23T21:50:33,044  INFO [main] ql.Driver: Completed compiling command(queryId=alex_20240423215033_a03e5dee-74b9-4954-92f9-658361a751b2); Time taken: 0.007 seconds
2024-04-23T21:50:33,044  INFO [main] lockmgr.DbTxnManager: Setting lock request transaction to txnid:3 for queryId=alex_20240423215033_a03e5dee-74b9-4954-92f9-658361a751b2
2024-04-23T21:50:33,044  INFO [main] ql.Driver: Operation DROPTABLE obtained 0 locks
2024-04-23T21:50:33,044  INFO [main] ql.Driver: Executing command(queryId=alex_20240423215033_a03e5dee-74b9-4954-92f9-658361a751b2): drop table if exists acidTbl2
2024-04-23T21:50:33,045  INFO [main] ql.Driver: Starting task [Stage-0:DDL] in serial mode
2024-04-23T21:50:33,045  INFO [main] HiveMetaStore.audit: ugi=alex	ip=unknown-ip-addr	cmd=get_table : tbl=hive.default.acidTbl2	
2024-04-23T21:50:33,048  INFO [main] metadata.Hive: Dumping metastore api call timing information for : execution phase
2024-04-23T21:50:33,048  INFO [main] metadata.Hive: Total time spent in each metastore function (ms): {isCompatibleWith_(Configuration)=0}
2024-04-23T21:50:33,048  INFO [main] ql.Driver: Completed executing command(queryId=alex_20240423215033_a03e5dee-74b9-4954-92f9-658361a751b2); Time taken: 0.004 seconds
2024-04-23T21:50:33,048  INFO [main] lockmgr.DbTxnManager: Stopped heartbeat for query: alex_20240423215033_a03e5dee-74b9-4954-92f9-658361a751b2
2024-04-23T21:50:33,053  INFO [main] txn.TxnHandler: Expected to move at least one record from txn_components to completed_txn_components when committing txn! txnid:3
2024-04-23T21:50:33,058  INFO [main] txn.TxnHandler: Removed transactions: ([3]) from MIN_HISTORY_LEVEL
2024-04-23T21:50:33,058  WARN [main] txn.CompactionTxnHandler: No compaction queue record found for Compaction type transaction commit. txnId:3
2024-04-23T21:50:33,059  INFO [main] ql.TxnCommandsBaseForTests: Running the query: drop table if exists nonAcidOrcTbl
2024-04-23T21:50:33,059  INFO [main] ql.Driver: Compiling command(queryId=alex_20240423215033_cf1e4d0b-0a07-4d01-a80a-d13b5594c382): drop table if exists nonAcidOrcTbl
2024-04-23T21:50:33,061  INFO [main] txn.TxnHandler: Added entries to MIN_HISTORY_LEVEL for current txns: ([4]) with min_open_txn: 1
2024-04-23T21:50:33,061  INFO [main] lockmgr.DbTxnManager: Opened txnid:4
2024-04-23T21:50:33,062  INFO [main] HiveMetaStore.audit: ugi=alex	ip=unknown-ip-addr	cmd=get_table : tbl=hive.default.nonAcidOrcTbl	
2024-04-23T21:50:33,065  INFO [main] ql.Driver: Semantic Analysis Completed (retrial = false)
2024-04-23T21:50:33,065  INFO [main] ql.Driver: Created Hive schema: Schema(fieldSchemas:null, properties:null)
2024-04-23T21:50:33,065  INFO [main] metadata.Hive: Dumping metastore api call timing information for : compilation phase
2024-04-23T21:50:33,065  INFO [main] metadata.Hive: Total time spent in each metastore function (ms): {flushCache_()=0, commitTxn_(CommitTxnRequest)=10, getValidTxns_(long)=0, isCompatibleWith_(Configuration)=2, openTxn_(String, TxnType)=1}
2024-04-23T21:50:33,066  INFO [main] ql.Driver: Completed compiling command(queryId=alex_20240423215033_cf1e4d0b-0a07-4d01-a80a-d13b5594c382); Time taken: 0.006 seconds
2024-04-23T21:50:33,066  INFO [main] lockmgr.DbTxnManager: Setting lock request transaction to txnid:4 for queryId=alex_20240423215033_cf1e4d0b-0a07-4d01-a80a-d13b5594c382
2024-04-23T21:50:33,066  INFO [main] ql.Driver: Operation DROPTABLE obtained 0 locks
2024-04-23T21:50:33,066  INFO [main] ql.Driver: Executing command(queryId=alex_20240423215033_cf1e4d0b-0a07-4d01-a80a-d13b5594c382): drop table if exists nonAcidOrcTbl
2024-04-23T21:50:33,066  INFO [main] ql.Driver: Starting task [Stage-0:DDL] in serial mode
2024-04-23T21:50:33,066  INFO [main] HiveMetaStore.audit: ugi=alex	ip=unknown-ip-addr	cmd=get_table : tbl=hive.default.nonAcidOrcTbl	
2024-04-23T21:50:33,069  INFO [main] metadata.Hive: Dumping metastore api call timing information for : execution phase
2024-04-23T21:50:33,069  INFO [main] metadata.Hive: Total time spent in each metastore function (ms): {isCompatibleWith_(Configuration)=0}
2024-04-23T21:50:33,070  INFO [main] ql.Driver: Completed executing command(queryId=alex_20240423215033_cf1e4d0b-0a07-4d01-a80a-d13b5594c382); Time taken: 0.003 seconds
2024-04-23T21:50:33,070  INFO [main] lockmgr.DbTxnManager: Stopped heartbeat for query: alex_20240423215033_cf1e4d0b-0a07-4d01-a80a-d13b5594c382
2024-04-23T21:50:33,075  INFO [main] txn.TxnHandler: Expected to move at least one record from txn_components to completed_txn_components when committing txn! txnid:4
2024-04-23T21:50:33,080  INFO [main] txn.TxnHandler: Removed transactions: ([4]) from MIN_HISTORY_LEVEL
2024-04-23T21:50:33,080  WARN [main] txn.CompactionTxnHandler: No compaction queue record found for Compaction type transaction commit. txnId:4
2024-04-23T21:50:33,081  INFO [main] ql.TxnCommandsBaseForTests: Running the query: drop table if exists nonAcidOrcTbl2
2024-04-23T21:50:33,081  INFO [main] ql.Driver: Compiling command(queryId=alex_20240423215033_5bff2827-32e5-42b0-88b3-c17076ba8cd9): drop table if exists nonAcidOrcTbl2
2024-04-23T21:50:33,083  INFO [main] txn.TxnHandler: Added entries to MIN_HISTORY_LEVEL for current txns: ([5]) with min_open_txn: 1
2024-04-23T21:50:33,083  INFO [main] lockmgr.DbTxnManager: Opened txnid:5
2024-04-23T21:50:33,084  INFO [main] HiveMetaStore.audit: ugi=alex	ip=unknown-ip-addr	cmd=get_table : tbl=hive.default.nonAcidOrcTbl2	
2024-04-23T21:50:33,087  INFO [main] ql.Driver: Semantic Analysis Completed (retrial = false)
2024-04-23T21:50:33,087  INFO [main] ql.Driver: Created Hive schema: Schema(fieldSchemas:null, properties:null)
2024-04-23T21:50:33,087  INFO [main] metadata.Hive: Dumping metastore api call timing information for : compilation phase
2024-04-23T21:50:33,088  INFO [main] metadata.Hive: Total time spent in each metastore function (ms): {isCompatibleWith_(Configuration)=0, openTxn_(String, TxnType)=1, commitTxn_(CommitTxnRequest)=10, flushCache_()=0, getValidTxns_(long)=0}
2024-04-23T21:50:33,088  INFO [main] ql.Driver: Completed compiling command(queryId=alex_20240423215033_5bff2827-32e5-42b0-88b3-c17076ba8cd9); Time taken: 0.006 seconds
2024-04-23T21:50:33,088  INFO [main] lockmgr.DbTxnManager: Setting lock request transaction to txnid:5 for queryId=alex_20240423215033_5bff2827-32e5-42b0-88b3-c17076ba8cd9
2024-04-23T21:50:33,088  INFO [main] ql.Driver: Operation DROPTABLE obtained 0 locks
2024-04-23T21:50:33,088  INFO [main] ql.Driver: Executing command(queryId=alex_20240423215033_5bff2827-32e5-42b0-88b3-c17076ba8cd9): drop table if exists nonAcidOrcTbl2
2024-04-23T21:50:33,088  INFO [main] ql.Driver: Starting task [Stage-0:DDL] in serial mode
2024-04-23T21:50:33,089  INFO [main] HiveMetaStore.audit: ugi=alex	ip=unknown-ip-addr	cmd=get_table : tbl=hive.default.nonAcidOrcTbl2	
2024-04-23T21:50:33,092  INFO [main] metadata.Hive: Dumping metastore api call timing information for : execution phase
2024-04-23T21:50:33,092  INFO [main] metadata.Hive: Total time spent in each metastore function (ms): {isCompatibleWith_(Configuration)=1}
2024-04-23T21:50:33,092  INFO [main] ql.Driver: Completed executing command(queryId=alex_20240423215033_5bff2827-32e5-42b0-88b3-c17076ba8cd9); Time taken: 0.004 seconds
2024-04-23T21:50:33,092  INFO [main] lockmgr.DbTxnManager: Stopped heartbeat for query: alex_20240423215033_5bff2827-32e5-42b0-88b3-c17076ba8cd9
2024-04-23T21:50:33,097  INFO [main] txn.TxnHandler: Expected to move at least one record from txn_components to completed_txn_components when committing txn! txnid:5
2024-04-23T21:50:33,102  INFO [main] txn.TxnHandler: Removed transactions: ([5]) from MIN_HISTORY_LEVEL
2024-04-23T21:50:33,102  WARN [main] txn.CompactionTxnHandler: No compaction queue record found for Compaction type transaction commit. txnId:5
2024-04-23T21:50:33,103  INFO [main] ql.TxnCommandsBaseForTests: Running the query: drop table if exists nonAcidNonBucket
2024-04-23T21:50:33,103  INFO [main] ql.Driver: Compiling command(queryId=alex_20240423215033_fb84fcc6-531c-4007-9be6-0acecb25ea92): drop table if exists nonAcidNonBucket
2024-04-23T21:50:33,106  INFO [main] txn.TxnHandler: Added entries to MIN_HISTORY_LEVEL for current txns: ([6]) with min_open_txn: 1
2024-04-23T21:50:33,106  INFO [main] lockmgr.DbTxnManager: Opened txnid:6
2024-04-23T21:50:33,107  INFO [main] HiveMetaStore.audit: ugi=alex	ip=unknown-ip-addr	cmd=get_table : tbl=hive.default.nonAcidNonBucket	
2024-04-23T21:50:33,109  INFO [main] ql.Driver: Semantic Analysis Completed (retrial = false)
2024-04-23T21:50:33,109  INFO [main] ql.Driver: Created Hive schema: Schema(fieldSchemas:null, properties:null)
2024-04-23T21:50:33,109  INFO [main] metadata.Hive: Dumping metastore api call timing information for : compilation phase
2024-04-23T21:50:33,110  INFO [main] metadata.Hive: Total time spent in each metastore function (ms): {getValidTxns_(long)=0, commitTxn_(CommitTxnRequest)=10, flushCache_()=0, openTxn_(String, TxnType)=2, isCompatibleWith_(Configuration)=0}
2024-04-23T21:50:33,110  INFO [main] ql.Driver: Completed compiling command(queryId=alex_20240423215033_fb84fcc6-531c-4007-9be6-0acecb25ea92); Time taken: 0.006 seconds
2024-04-23T21:50:33,110  INFO [main] lockmgr.DbTxnManager: Setting lock request transaction to txnid:6 for queryId=alex_20240423215033_fb84fcc6-531c-4007-9be6-0acecb25ea92
2024-04-23T21:50:33,110  INFO [main] ql.Driver: Operation DROPTABLE obtained 0 locks
2024-04-23T21:50:33,110  INFO [main] ql.Driver: Executing command(queryId=alex_20240423215033_fb84fcc6-531c-4007-9be6-0acecb25ea92): drop table if exists nonAcidNonBucket
2024-04-23T21:50:33,110  INFO [main] ql.Driver: Starting task [Stage-0:DDL] in serial mode
2024-04-23T21:50:33,111  INFO [main] HiveMetaStore.audit: ugi=alex	ip=unknown-ip-addr	cmd=get_table : tbl=hive.default.nonAcidNonBucket	
2024-04-23T21:50:33,113  INFO [main] metadata.Hive: Dumping metastore api call timing information for : execution phase
2024-04-23T21:50:33,114  INFO [main] metadata.Hive: Total time spent in each metastore function (ms): {isCompatibleWith_(Configuration)=0}
2024-04-23T21:50:33,114  INFO [main] ql.Driver: Completed executing command(queryId=alex_20240423215033_fb84fcc6-531c-4007-9be6-0acecb25ea92); Time taken: 0.003 seconds
2024-04-23T21:50:33,114  INFO [main] lockmgr.DbTxnManager: Stopped heartbeat for query: alex_20240423215033_fb84fcc6-531c-4007-9be6-0acecb25ea92
2024-04-23T21:50:33,118  INFO [main] txn.TxnHandler: Expected to move at least one record from txn_components to completed_txn_components when committing txn! txnid:6
2024-04-23T21:50:33,123  INFO [main] txn.TxnHandler: Removed transactions: ([6]) from MIN_HISTORY_LEVEL
2024-04-23T21:50:33,123  WARN [main] txn.CompactionTxnHandler: No compaction queue record found for Compaction type transaction commit. txnId:6
2024-04-23T21:50:33,124  INFO [main] ql.TxnCommandsBaseForTests: Running the query: create table acidTbl(a int, b int) clustered by (a) into 2 buckets stored as orc TBLPROPERTIES ('transactional'='true')
2024-04-23T21:50:33,124  INFO [main] ql.Driver: Compiling command(queryId=alex_20240423215033_27353c53-d530-4a78-aeca-91c8c96bfd53): create table acidTbl(a int, b int) clustered by (a) into 2 buckets stored as orc TBLPROPERTIES ('transactional'='true')
2024-04-23T21:50:33,127  INFO [main] txn.TxnHandler: Added entries to MIN_HISTORY_LEVEL for current txns: ([7]) with min_open_txn: 1
2024-04-23T21:50:33,127  INFO [main] lockmgr.DbTxnManager: Opened txnid:7
2024-04-23T21:50:33,128  INFO [main] parse.CalcitePlanner: Starting caching scope for: 
2024-04-23T21:50:33,128  INFO [main] parse.CalcitePlanner: Starting Semantic Analysis
2024-04-23T21:50:33,133  INFO [main] parse.CalcitePlanner: Creating table default.acidTbl position=13
2024-04-23T21:50:33,133  INFO [main] HiveMetaStore.audit: ugi=alex	ip=unknown-ip-addr	cmd=get_database: default	
2024-04-23T21:50:33,135  INFO [main] parse.CalcitePlanner: Ending caching scope for: 
2024-04-23T21:50:33,135  INFO [main] ql.Driver: Semantic Analysis Completed (retrial = false)
2024-04-23T21:50:33,135  INFO [main] ql.Driver: Created Hive schema: Schema(fieldSchemas:null, properties:null)
2024-04-23T21:50:33,135  INFO [main] metadata.Hive: Dumping metastore api call timing information for : compilation phase
2024-04-23T21:50:33,135  INFO [main] metadata.Hive: Total time spent in each metastore function (ms): {getDatabase_(String)=2, openTxn_(String, TxnType)=2, getValidWriteIds_(List, String)=5, commitTxn_(CommitTxnRequest)=10, getValidTxns_(long)=1, isCompatibleWith_(Configuration)=0, flushCache_()=0}
2024-04-23T21:50:33,135  INFO [main] ql.Driver: Completed compiling command(queryId=alex_20240423215033_27353c53-d530-4a78-aeca-91c8c96bfd53); Time taken: 0.011 seconds
2024-04-23T21:50:33,136  INFO [main] lockmgr.DbTxnManager: Setting lock request transaction to txnid:7 for queryId=alex_20240423215033_27353c53-d530-4a78-aeca-91c8c96bfd53
2024-04-23T21:50:33,136  INFO [main] lockmgr.DbLockManager: Requesting lock for queryId=alex_20240423215033_27353c53-d530-4a78-aeca-91c8c96bfd53
2024-04-23T21:50:33,153  INFO [main] lockmgr.DbLockManager: Response to queryId=alex_20240423215033_27353c53-d530-4a78-aeca-91c8c96bfd53 LockResponse(lockid:1, state:ACQUIRED)
2024-04-23T21:50:33,153  INFO [main] ql.Driver: Operation CREATETABLE obtained 1 locks
2024-04-23T21:50:33,153  INFO [main] ql.Driver: Executing command(queryId=alex_20240423215033_27353c53-d530-4a78-aeca-91c8c96bfd53): create table acidTbl(a int, b int) clustered by (a) into 2 buckets stored as orc TBLPROPERTIES ('transactional'='true')
2024-04-23T21:50:33,154  INFO [main] ql.Driver: Starting task [Stage-0:DDL] in serial mode
2024-04-23T21:50:33,155  INFO [main] HiveMetaStore.audit: ugi=alex	ip=unknown-ip-addr	cmd=create_table_req: Table(tableName:acidTbl, dbName:default, owner:alex, createTime:1713934233, lastAccessTime:0, retention:0, sd:StorageDescriptor(cols:[FieldSchema(name:a, type:int, comment:null), FieldSchema(name:b, type:int, comment:null)], location:null, inputFormat:org.apache.hadoop.hive.ql.io.orc.OrcInputFormat, outputFormat:org.apache.hadoop.hive.ql.io.orc.OrcOutputFormat, compressed:false, numBuckets:2, serdeInfo:SerDeInfo(name:null, serializationLib:org.apache.hadoop.hive.ql.io.orc.OrcSerde, parameters:{serialization.format=1}), bucketCols:[a], sortCols:[], parameters:{}, skewedInfo:SkewedInfo(skewedColNames:[], skewedColValues:[], skewedColValueLocationMaps:{}), storedAsSubDirectories:false), partitionKeys:[], parameters:{COLUMN_STATS_ACCURATE={"BASIC_STATS":"true","COLUMN_STATS":{"a":"true","b":"true"}}, numRows=0, numFilesErasureCoded=0, rawDataSize=0, numFiles=0, transactional=true, totalSize=0, bucketing_version=2}, viewOriginalText:null, viewExpandedText:null, tableType:MANAGED_TABLE, privileges:PrincipalPrivilegeSet(userPrivileges:{alex=[PrivilegeGrantInfo(privilege:INSERT, createTime:-1, grantor:alex, grantorType:USER, grantOption:true), PrivilegeGrantInfo(privilege:SELECT, createTime:-1, grantor:alex, grantorType:USER, grantOption:true), PrivilegeGrantInfo(privilege:UPDATE, createTime:-1, grantor:alex, grantorType:USER, grantOption:true), PrivilegeGrantInfo(privilege:DELETE, createTime:-1, grantor:alex, grantorType:USER, grantOption:true)]}, groupPrivileges:null, rolePrivileges:null), temporary:false, catName:hive, ownerType:USER, writeId:0)	
2024-04-23T21:50:33,161  INFO [main] utils.FileUtils: Creating directory if it doesn't exist: file:/home/alex/Repositories/hive/ql/target/tmp/org.apache.hadoop.hive.ql.TestTxnLoadData-1713934124385/warehouse/acidtbl
2024-04-23T21:50:33,200  INFO [main] metadata.Hive: Dumping metastore api call timing information for : execution phase
2024-04-23T21:50:33,201  INFO [main] metadata.Hive: Total time spent in each metastore function (ms): {createTable_(Table)=46, isCompatibleWith_(Configuration)=0}
2024-04-23T21:50:33,201  INFO [main] ql.Driver: Completed executing command(queryId=alex_20240423215033_27353c53-d530-4a78-aeca-91c8c96bfd53); Time taken: 0.047 seconds
2024-04-23T21:50:33,201  INFO [main] lockmgr.DbTxnManager: Stopped heartbeat for query: alex_20240423215033_27353c53-d530-4a78-aeca-91c8c96bfd53
2024-04-23T21:50:33,204  INFO [main] txn.TxnHandler: Expected to move at least one record from txn_components to completed_txn_components when committing txn! txnid:7
2024-04-23T21:50:33,209  INFO [main] txn.TxnHandler: Removed transactions: ([7]) from MIN_HISTORY_LEVEL
2024-04-23T21:50:33,211  WARN [main] txn.CompactionTxnHandler: No compaction queue record found for Compaction type transaction commit. txnId:7
2024-04-23T21:50:33,211  INFO [main] ql.TxnCommandsBaseForTests: Running the query: create table acidTblPart(a int, b int) partitioned by (p string) clustered by (a) into 2 buckets stored as orc TBLPROPERTIES ('transactional'='true')
2024-04-23T21:50:33,212  INFO [main] ql.Driver: Compiling command(queryId=alex_20240423215033_79ea48e2-4c35-40e1-ba65-13a307aa6e7c): create table acidTblPart(a int, b int) partitioned by (p string) clustered by (a) into 2 buckets stored as orc TBLPROPERTIES ('transactional'='true')
2024-04-23T21:50:33,214  INFO [main] txn.TxnHandler: Added entries to MIN_HISTORY_LEVEL for current txns: ([8]) with min_open_txn: 1
2024-04-23T21:50:33,214  INFO [main] lockmgr.DbTxnManager: Opened txnid:8
2024-04-23T21:50:33,215  INFO [main] parse.CalcitePlanner: Starting caching scope for: 
2024-04-23T21:50:33,215  INFO [main] parse.CalcitePlanner: Starting Semantic Analysis
2024-04-23T21:50:33,217  INFO [main] parse.CalcitePlanner: Creating table default.acidTblPart position=13
2024-04-23T21:50:33,218  INFO [main] HiveMetaStore.audit: ugi=alex	ip=unknown-ip-addr	cmd=get_database: default	
2024-04-23T21:50:33,219  INFO [main] parse.CalcitePlanner: Ending caching scope for: 
2024-04-23T21:50:33,220  INFO [main] ql.Driver: Semantic Analysis Completed (retrial = false)
2024-04-23T21:50:33,220  INFO [main] ql.Driver: Created Hive schema: Schema(fieldSchemas:null, properties:null)
2024-04-23T21:50:33,220  INFO [main] metadata.Hive: Dumping metastore api call timing information for : compilation phase
2024-04-23T21:50:33,220  INFO [main] metadata.Hive: Total time spent in each metastore function (ms): {isCompatibleWith_(Configuration)=0, openTxn_(String, TxnType)=2, flushCache_()=0, getDatabase_(String)=2, getValidWriteIds_(List, String)=2, getValidTxns_(long)=1, commitTxn_(CommitTxnRequest)=10}
2024-04-23T21:50:33,220  INFO [main] ql.Driver: Completed compiling command(queryId=alex_20240423215033_79ea48e2-4c35-40e1-ba65-13a307aa6e7c); Time taken: 0.008 seconds
2024-04-23T21:50:33,220  INFO [main] lockmgr.DbTxnManager: Setting lock request transaction to txnid:8 for queryId=alex_20240423215033_79ea48e2-4c35-40e1-ba65-13a307aa6e7c
2024-04-23T21:50:33,221  INFO [main] lockmgr.DbLockManager: Requesting lock for queryId=alex_20240423215033_79ea48e2-4c35-40e1-ba65-13a307aa6e7c
2024-04-23T21:50:33,234  INFO [main] lockmgr.DbLockManager: Response to queryId=alex_20240423215033_79ea48e2-4c35-40e1-ba65-13a307aa6e7c LockResponse(lockid:2, state:ACQUIRED)
2024-04-23T21:50:33,234  INFO [main] ql.Driver: Operation CREATETABLE obtained 1 locks
2024-04-23T21:50:33,235  INFO [main] ql.Driver: Executing command(queryId=alex_20240423215033_79ea48e2-4c35-40e1-ba65-13a307aa6e7c): create table acidTblPart(a int, b int) partitioned by (p string) clustered by (a) into 2 buckets stored as orc TBLPROPERTIES ('transactional'='true')
2024-04-23T21:50:33,235  INFO [main] ql.Driver: Starting task [Stage-0:DDL] in serial mode
2024-04-23T21:50:33,236  INFO [main] HiveMetaStore.audit: ugi=alex	ip=unknown-ip-addr	cmd=create_table_req: Table(tableName:acidTblPart, dbName:default, owner:alex, createTime:1713934233, lastAccessTime:0, retention:0, sd:StorageDescriptor(cols:[FieldSchema(name:a, type:int, comment:null), FieldSchema(name:b, type:int, comment:null)], location:null, inputFormat:org.apache.hadoop.hive.ql.io.orc.OrcInputFormat, outputFormat:org.apache.hadoop.hive.ql.io.orc.OrcOutputFormat, compressed:false, numBuckets:2, serdeInfo:SerDeInfo(name:null, serializationLib:org.apache.hadoop.hive.ql.io.orc.OrcSerde, parameters:{serialization.format=1}), bucketCols:[a], sortCols:[], parameters:{}, skewedInfo:SkewedInfo(skewedColNames:[], skewedColValues:[], skewedColValueLocationMaps:{}), storedAsSubDirectories:false), partitionKeys:[FieldSchema(name:p, type:string, comment:null)], parameters:{bucketing_version=2, transactional=true}, viewOriginalText:null, viewExpandedText:null, tableType:MANAGED_TABLE, privileges:PrincipalPrivilegeSet(userPrivileges:{alex=[PrivilegeGrantInfo(privilege:INSERT, createTime:-1, grantor:alex, grantorType:USER, grantOption:true), PrivilegeGrantInfo(privilege:SELECT, createTime:-1, grantor:alex, grantorType:USER, grantOption:true), PrivilegeGrantInfo(privilege:UPDATE, createTime:-1, grantor:alex, grantorType:USER, grantOption:true), PrivilegeGrantInfo(privilege:DELETE, createTime:-1, grantor:alex, grantorType:USER, grantOption:true)]}, groupPrivileges:null, rolePrivileges:null), temporary:false, catName:hive, ownerType:USER, writeId:0)	
2024-04-23T21:50:33,242  INFO [main] utils.FileUtils: Creating directory if it doesn't exist: file:/home/alex/Repositories/hive/ql/target/tmp/org.apache.hadoop.hive.ql.TestTxnLoadData-1713934124385/warehouse/acidtblpart
2024-04-23T21:50:33,257  INFO [main] metadata.Hive: Dumping metastore api call timing information for : execution phase
2024-04-23T21:50:33,257  INFO [main] metadata.Hive: Total time spent in each metastore function (ms): {isCompatibleWith_(Configuration)=0, createTable_(Table)=21}
2024-04-23T21:50:33,257  INFO [main] ql.Driver: Completed executing command(queryId=alex_20240423215033_79ea48e2-4c35-40e1-ba65-13a307aa6e7c); Time taken: 0.022 seconds
2024-04-23T21:50:33,257  INFO [main] lockmgr.DbTxnManager: Stopped heartbeat for query: alex_20240423215033_79ea48e2-4c35-40e1-ba65-13a307aa6e7c
2024-04-23T21:50:33,261  INFO [main] txn.TxnHandler: Expected to move at least one record from txn_components to completed_txn_components when committing txn! txnid:8
2024-04-23T21:50:33,267  INFO [main] txn.TxnHandler: Removed transactions: ([8]) from MIN_HISTORY_LEVEL
2024-04-23T21:50:33,267  WARN [main] txn.CompactionTxnHandler: No compaction queue record found for Compaction type transaction commit. txnId:8
2024-04-23T21:50:33,267  INFO [main] ql.TxnCommandsBaseForTests: Running the query: create table nonAcidOrcTbl(a int, b int) clustered by (a) into 2 buckets stored as orc TBLPROPERTIES ('transactional'='false')
2024-04-23T21:50:33,267  INFO [main] ql.Driver: Compiling command(queryId=alex_20240423215033_6a489a98-b0ad-4f2b-b403-334c4e5cf8ae): create table nonAcidOrcTbl(a int, b int) clustered by (a) into 2 buckets stored as orc TBLPROPERTIES ('transactional'='false')
2024-04-23T21:50:33,270  INFO [main] txn.TxnHandler: Added entries to MIN_HISTORY_LEVEL for current txns: ([9]) with min_open_txn: 1
2024-04-23T21:50:33,270  INFO [main] lockmgr.DbTxnManager: Opened txnid:9
2024-04-23T21:50:33,271  INFO [main] parse.CalcitePlanner: Starting caching scope for: 
2024-04-23T21:50:33,271  INFO [main] parse.CalcitePlanner: Starting Semantic Analysis
2024-04-23T21:50:33,273  INFO [main] parse.CalcitePlanner: Creating table default.nonAcidOrcTbl position=13
2024-04-23T21:50:33,273  INFO [main] HiveMetaStore.audit: ugi=alex	ip=unknown-ip-addr	cmd=get_database: default	
2024-04-23T21:50:33,275  INFO [main] parse.CalcitePlanner: Ending caching scope for: 
2024-04-23T21:50:33,275  INFO [main] ql.Driver: Semantic Analysis Completed (retrial = false)
2024-04-23T21:50:33,275  INFO [main] ql.Driver: Created Hive schema: Schema(fieldSchemas:null, properties:null)
2024-04-23T21:50:33,275  INFO [main] metadata.Hive: Dumping metastore api call timing information for : compilation phase
2024-04-23T21:50:33,276  INFO [main] metadata.Hive: Total time spent in each metastore function (ms): {commitTxn_(CommitTxnRequest)=9, flushCache_()=0, getValidWriteIds_(List, String)=2, isCompatibleWith_(Configuration)=1, getValidTxns_(long)=1, openTxn_(String, TxnType)=2, getDatabase_(String)=2}
2024-04-23T21:50:33,276  INFO [main] ql.Driver: Completed compiling command(queryId=alex_20240423215033_6a489a98-b0ad-4f2b-b403-334c4e5cf8ae); Time taken: 0.008 seconds
2024-04-23T21:50:33,276  INFO [main] lockmgr.DbTxnManager: Setting lock request transaction to txnid:9 for queryId=alex_20240423215033_6a489a98-b0ad-4f2b-b403-334c4e5cf8ae
2024-04-23T21:50:33,276  INFO [main] lockmgr.DbLockManager: Requesting lock for queryId=alex_20240423215033_6a489a98-b0ad-4f2b-b403-334c4e5cf8ae
2024-04-23T21:50:33,292  INFO [main] lockmgr.DbLockManager: Response to queryId=alex_20240423215033_6a489a98-b0ad-4f2b-b403-334c4e5cf8ae LockResponse(lockid:3, state:ACQUIRED)
2024-04-23T21:50:33,292  INFO [main] ql.Driver: Operation CREATETABLE obtained 1 locks
2024-04-23T21:50:33,292  INFO [main] ql.Driver: Executing command(queryId=alex_20240423215033_6a489a98-b0ad-4f2b-b403-334c4e5cf8ae): create table nonAcidOrcTbl(a int, b int) clustered by (a) into 2 buckets stored as orc TBLPROPERTIES ('transactional'='false')
2024-04-23T21:50:33,292  INFO [main] ql.Driver: Starting task [Stage-0:DDL] in serial mode
2024-04-23T21:50:33,293  INFO [main] HiveMetaStore.audit: ugi=alex	ip=unknown-ip-addr	cmd=create_table_req: Table(tableName:nonAcidOrcTbl, dbName:default, owner:alex, createTime:1713934233, lastAccessTime:0, retention:0, sd:StorageDescriptor(cols:[FieldSchema(name:a, type:int, comment:null), FieldSchema(name:b, type:int, comment:null)], location:null, inputFormat:org.apache.hadoop.hive.ql.io.orc.OrcInputFormat, outputFormat:org.apache.hadoop.hive.ql.io.orc.OrcOutputFormat, compressed:false, numBuckets:2, serdeInfo:SerDeInfo(name:null, serializationLib:org.apache.hadoop.hive.ql.io.orc.OrcSerde, parameters:{serialization.format=1}), bucketCols:[a], sortCols:[], parameters:{}, skewedInfo:SkewedInfo(skewedColNames:[], skewedColValues:[], skewedColValueLocationMaps:{}), storedAsSubDirectories:false), partitionKeys:[], parameters:{numFiles=0, numFilesErasureCoded=0, rawDataSize=0, totalSize=0, transactional=false, bucketing_version=2, numRows=0, COLUMN_STATS_ACCURATE={"BASIC_STATS":"true","COLUMN_STATS":{"a":"true","b":"true"}}}, viewOriginalText:null, viewExpandedText:null, tableType:MANAGED_TABLE, privileges:PrincipalPrivilegeSet(userPrivileges:{alex=[PrivilegeGrantInfo(privilege:INSERT, createTime:-1, grantor:alex, grantorType:USER, grantOption:true), PrivilegeGrantInfo(privilege:SELECT, createTime:-1, grantor:alex, grantorType:USER, grantOption:true), PrivilegeGrantInfo(privilege:UPDATE, createTime:-1, grantor:alex, grantorType:USER, grantOption:true), PrivilegeGrantInfo(privilege:DELETE, createTime:-1, grantor:alex, grantorType:USER, grantOption:true)]}, groupPrivileges:null, rolePrivileges:null), temporary:false, catName:hive, ownerType:USER)	
2024-04-23T21:50:33,299  INFO [main] utils.FileUtils: Creating directory if it doesn't exist: file:/home/alex/Repositories/hive/ql/target/tmp/org.apache.hadoop.hive.ql.TestTxnLoadData-1713934124385/warehouse/nonacidorctbl
2024-04-23T21:50:33,314  INFO [main] metadata.Hive: Dumping metastore api call timing information for : execution phase
2024-04-23T21:50:33,314  INFO [main] metadata.Hive: Total time spent in each metastore function (ms): {isCompatibleWith_(Configuration)=1, createTable_(Table)=21}
2024-04-23T21:50:33,314  INFO [main] ql.Driver: Completed executing command(queryId=alex_20240423215033_6a489a98-b0ad-4f2b-b403-334c4e5cf8ae); Time taken: 0.022 seconds
2024-04-23T21:50:33,314  INFO [main] lockmgr.DbTxnManager: Stopped heartbeat for query: alex_20240423215033_6a489a98-b0ad-4f2b-b403-334c4e5cf8ae
2024-04-23T21:50:33,318  INFO [main] txn.TxnHandler: Expected to move at least one record from txn_components to completed_txn_components when committing txn! txnid:9
2024-04-23T21:50:33,323  INFO [main] txn.TxnHandler: Removed transactions: ([9]) from MIN_HISTORY_LEVEL
2024-04-23T21:50:33,323  WARN [main] txn.CompactionTxnHandler: No compaction queue record found for Compaction type transaction commit. txnId:9
2024-04-23T21:50:33,324  INFO [main] ql.TxnCommandsBaseForTests: Running the query: create table nonAcidOrcTbl2(a int, b int) clustered by (a) into 2 buckets stored as orc TBLPROPERTIES ('transactional'='false')
2024-04-23T21:50:33,324  INFO [main] ql.Driver: Compiling command(queryId=alex_20240423215033_07395dc9-c0c2-40dc-9bd2-da47e8243fa0): create table nonAcidOrcTbl2(a int, b int) clustered by (a) into 2 buckets stored as orc TBLPROPERTIES ('transactional'='false')
2024-04-23T21:50:33,326  INFO [main] txn.TxnHandler: Added entries to MIN_HISTORY_LEVEL for current txns: ([10]) with min_open_txn: 1
2024-04-23T21:50:33,327  INFO [main] lockmgr.DbTxnManager: Opened txnid:10
2024-04-23T21:50:33,327  INFO [main] parse.CalcitePlanner: Starting caching scope for: 
2024-04-23T21:50:33,327  INFO [main] parse.CalcitePlanner: Starting Semantic Analysis
2024-04-23T21:50:33,330  INFO [main] parse.CalcitePlanner: Creating table default.nonAcidOrcTbl2 position=13
2024-04-23T21:50:33,330  INFO [main] HiveMetaStore.audit: ugi=alex	ip=unknown-ip-addr	cmd=get_database: default	
2024-04-23T21:50:33,332  INFO [main] parse.CalcitePlanner: Ending caching scope for: 
2024-04-23T21:50:33,332  INFO [main] ql.Driver: Semantic Analysis Completed (retrial = false)
2024-04-23T21:50:33,332  INFO [main] ql.Driver: Created Hive schema: Schema(fieldSchemas:null, properties:null)
2024-04-23T21:50:33,332  INFO [main] metadata.Hive: Dumping metastore api call timing information for : compilation phase
2024-04-23T21:50:33,332  INFO [main] metadata.Hive: Total time spent in each metastore function (ms): {commitTxn_(CommitTxnRequest)=9, getValidTxns_(long)=0, openTxn_(String, TxnType)=2, getDatabase_(String)=2, getValidWriteIds_(List, String)=3, flushCache_()=0, isCompatibleWith_(Configuration)=1}
2024-04-23T21:50:33,332  INFO [main] ql.Driver: Completed compiling command(queryId=alex_20240423215033_07395dc9-c0c2-40dc-9bd2-da47e8243fa0); Time taken: 0.008 seconds
2024-04-23T21:50:33,333  INFO [main] lockmgr.DbTxnManager: Setting lock request transaction to txnid:10 for queryId=alex_20240423215033_07395dc9-c0c2-40dc-9bd2-da47e8243fa0
2024-04-23T21:50:33,333  INFO [main] lockmgr.DbLockManager: Requesting lock for queryId=alex_20240423215033_07395dc9-c0c2-40dc-9bd2-da47e8243fa0
2024-04-23T21:50:33,346  INFO [main] lockmgr.DbLockManager: Response to queryId=alex_20240423215033_07395dc9-c0c2-40dc-9bd2-da47e8243fa0 LockResponse(lockid:4, state:ACQUIRED)
2024-04-23T21:50:33,347  INFO [main] ql.Driver: Operation CREATETABLE obtained 1 locks
2024-04-23T21:50:33,347  INFO [main] ql.Driver: Executing command(queryId=alex_20240423215033_07395dc9-c0c2-40dc-9bd2-da47e8243fa0): create table nonAcidOrcTbl2(a int, b int) clustered by (a) into 2 buckets stored as orc TBLPROPERTIES ('transactional'='false')
2024-04-23T21:50:33,347  INFO [main] ql.Driver: Starting task [Stage-0:DDL] in serial mode
2024-04-23T21:50:33,348  INFO [main] HiveMetaStore.audit: ugi=alex	ip=unknown-ip-addr	cmd=create_table_req: Table(tableName:nonAcidOrcTbl2, dbName:default, owner:alex, createTime:1713934233, lastAccessTime:0, retention:0, sd:StorageDescriptor(cols:[FieldSchema(name:a, type:int, comment:null), FieldSchema(name:b, type:int, comment:null)], location:null, inputFormat:org.apache.hadoop.hive.ql.io.orc.OrcInputFormat, outputFormat:org.apache.hadoop.hive.ql.io.orc.OrcOutputFormat, compressed:false, numBuckets:2, serdeInfo:SerDeInfo(name:null, serializationLib:org.apache.hadoop.hive.ql.io.orc.OrcSerde, parameters:{serialization.format=1}), bucketCols:[a], sortCols:[], parameters:{}, skewedInfo:SkewedInfo(skewedColNames:[], skewedColValues:[], skewedColValueLocationMaps:{}), storedAsSubDirectories:false), partitionKeys:[], parameters:{numFiles=0, bucketing_version=2, COLUMN_STATS_ACCURATE={"BASIC_STATS":"true","COLUMN_STATS":{"a":"true","b":"true"}}, numRows=0, numFilesErasureCoded=0, totalSize=0, rawDataSize=0, transactional=false}, viewOriginalText:null, viewExpandedText:null, tableType:MANAGED_TABLE, privileges:PrincipalPrivilegeSet(userPrivileges:{alex=[PrivilegeGrantInfo(privilege:INSERT, createTime:-1, grantor:alex, grantorType:USER, grantOption:true), PrivilegeGrantInfo(privilege:SELECT, createTime:-1, grantor:alex, grantorType:USER, grantOption:true), PrivilegeGrantInfo(privilege:UPDATE, createTime:-1, grantor:alex, grantorType:USER, grantOption:true), PrivilegeGrantInfo(privilege:DELETE, createTime:-1, grantor:alex, grantorType:USER, grantOption:true)]}, groupPrivileges:null, rolePrivileges:null), temporary:false, catName:hive, ownerType:USER)	
2024-04-23T21:50:33,353  INFO [main] utils.FileUtils: Creating directory if it doesn't exist: file:/home/alex/Repositories/hive/ql/target/tmp/org.apache.hadoop.hive.ql.TestTxnLoadData-1713934124385/warehouse/nonacidorctbl2
2024-04-23T21:50:33,368  INFO [main] metadata.Hive: Dumping metastore api call timing information for : execution phase
2024-04-23T21:50:33,368  INFO [main] metadata.Hive: Total time spent in each metastore function (ms): {createTable_(Table)=21, isCompatibleWith_(Configuration)=0}
2024-04-23T21:50:33,368  INFO [main] ql.Driver: Completed executing command(queryId=alex_20240423215033_07395dc9-c0c2-40dc-9bd2-da47e8243fa0); Time taken: 0.021 seconds
2024-04-23T21:50:33,368  INFO [main] lockmgr.DbTxnManager: Stopped heartbeat for query: alex_20240423215033_07395dc9-c0c2-40dc-9bd2-da47e8243fa0
2024-04-23T21:50:33,372  INFO [main] txn.TxnHandler: Expected to move at least one record from txn_components to completed_txn_components when committing txn! txnid:10
2024-04-23T21:50:33,377  INFO [main] txn.TxnHandler: Removed transactions: ([10]) from MIN_HISTORY_LEVEL
2024-04-23T21:50:33,377  WARN [main] txn.CompactionTxnHandler: No compaction queue record found for Compaction type transaction commit. txnId:10
2024-04-23T21:50:33,378  INFO [main] ql.TxnCommandsBaseForTests: Running the query: create temporary  table acidTbl2(a int, b int, c int) clustered by (c) into 2 buckets stored as orc TBLPROPERTIES ('transactional'='true')
2024-04-23T21:50:33,378  INFO [main] ql.Driver: Compiling command(queryId=alex_20240423215033_2080a7f1-bc18-4128-b0d6-1cd483bca58a): create temporary  table acidTbl2(a int, b int, c int) clustered by (c) into 2 buckets stored as orc TBLPROPERTIES ('transactional'='true')
2024-04-23T21:50:33,380  INFO [main] txn.TxnHandler: Added entries to MIN_HISTORY_LEVEL for current txns: ([11]) with min_open_txn: 1
2024-04-23T21:50:33,380  INFO [main] lockmgr.DbTxnManager: Opened txnid:11
2024-04-23T21:50:33,381  INFO [main] parse.CalcitePlanner: Starting caching scope for: 
2024-04-23T21:50:33,381  INFO [main] parse.CalcitePlanner: Starting Semantic Analysis
2024-04-23T21:50:33,383  INFO [main] parse.CalcitePlanner: Creating table default.acidTbl2 position=24
2024-04-23T21:50:33,384  INFO [main] HiveMetaStore.audit: ugi=alex	ip=unknown-ip-addr	cmd=get_database: default	
2024-04-23T21:50:33,386  INFO [main] parse.CalcitePlanner: Ending caching scope for: 
2024-04-23T21:50:33,386  INFO [main] ql.Driver: Semantic Analysis Completed (retrial = false)
2024-04-23T21:50:33,386  INFO [main] ql.Driver: Created Hive schema: Schema(fieldSchemas:null, properties:null)
2024-04-23T21:50:33,386  INFO [main] metadata.Hive: Dumping metastore api call timing information for : compilation phase
2024-04-23T21:50:33,386  INFO [main] metadata.Hive: Total time spent in each metastore function (ms): {getDatabase_(String)=2, getValidWriteIds_(List, String)=2, getValidTxns_(long)=0, isCompatibleWith_(Configuration)=1, openTxn_(String, TxnType)=1, flushCache_()=0, commitTxn_(CommitTxnRequest)=9}
2024-04-23T21:50:33,386  INFO [main] ql.Driver: Completed compiling command(queryId=alex_20240423215033_2080a7f1-bc18-4128-b0d6-1cd483bca58a); Time taken: 0.008 seconds
2024-04-23T21:50:33,386  INFO [main] lockmgr.DbTxnManager: Setting lock request transaction to txnid:11 for queryId=alex_20240423215033_2080a7f1-bc18-4128-b0d6-1cd483bca58a
2024-04-23T21:50:33,387  INFO [main] lockmgr.DbLockManager: Requesting lock for queryId=alex_20240423215033_2080a7f1-bc18-4128-b0d6-1cd483bca58a
2024-04-23T21:50:33,400  INFO [main] lockmgr.DbLockManager: Response to queryId=alex_20240423215033_2080a7f1-bc18-4128-b0d6-1cd483bca58a LockResponse(lockid:5, state:ACQUIRED)
2024-04-23T21:50:33,400  INFO [main] ql.Driver: Operation CREATETABLE obtained 1 locks
2024-04-23T21:50:33,401  INFO [main] ql.Driver: Executing command(queryId=alex_20240423215033_2080a7f1-bc18-4128-b0d6-1cd483bca58a): create temporary  table acidTbl2(a int, b int, c int) clustered by (c) into 2 buckets stored as orc TBLPROPERTIES ('transactional'='true')
2024-04-23T21:50:33,401  INFO [main] ql.Driver: Starting task [Stage-0:DDL] in serial mode
2024-04-23T21:50:33,402  INFO [main] utils.FileUtils: Creating directory if it doesn't exist: file:/home/alex/Repositories/hive/ql/target/tmp/scratchdir/alex/6f2f3d5e-53c3-4c28-a4ef-236a38220ec7/_tmp_space.db/a75acfc6-a0a8-4aa2-991b-f711c8cd5b1d
2024-04-23T21:50:33,405  INFO [main] metadata.Hive: Dumping metastore api call timing information for : execution phase
2024-04-23T21:50:33,405  INFO [main] metadata.Hive: Total time spent in each metastore function (ms): {createTable_(Table)=3, isCompatibleWith_(Configuration)=0}
2024-04-23T21:50:33,406  INFO [main] ql.Driver: Completed executing command(queryId=alex_20240423215033_2080a7f1-bc18-4128-b0d6-1cd483bca58a); Time taken: 0.004 seconds
2024-04-23T21:50:33,406  INFO [main] lockmgr.DbTxnManager: Stopped heartbeat for query: alex_20240423215033_2080a7f1-bc18-4128-b0d6-1cd483bca58a
2024-04-23T21:50:33,409  INFO [main] txn.TxnHandler: Expected to move at least one record from txn_components to completed_txn_components when committing txn! txnid:11
2024-04-23T21:50:33,415  INFO [main] txn.TxnHandler: Removed transactions: ([11]) from MIN_HISTORY_LEVEL
2024-04-23T21:50:33,415  WARN [main] txn.CompactionTxnHandler: No compaction queue record found for Compaction type transaction commit. txnId:11
2024-04-23T21:50:33,416  INFO [main] ql.TxnCommandsBaseForTests: Running the query: create table nonAcidNonBucket(a int, b int) stored as orc TBLPROPERTIES ('transactional'='false')
2024-04-23T21:50:33,416  INFO [main] ql.Driver: Compiling command(queryId=alex_20240423215033_6cedb327-aca0-4822-8617-1d8c5350183d): create table nonAcidNonBucket(a int, b int) stored as orc TBLPROPERTIES ('transactional'='false')
2024-04-23T21:50:33,418  INFO [main] txn.TxnHandler: Added entries to MIN_HISTORY_LEVEL for current txns: ([12]) with min_open_txn: 1
2024-04-23T21:50:33,419  INFO [main] lockmgr.DbTxnManager: Opened txnid:12
2024-04-23T21:50:33,419  INFO [main] parse.CalcitePlanner: Starting caching scope for: 
2024-04-23T21:50:33,419  INFO [main] parse.CalcitePlanner: Starting Semantic Analysis
2024-04-23T21:50:33,422  INFO [main] parse.CalcitePlanner: Creating table default.nonAcidNonBucket position=13
2024-04-23T21:50:33,422  INFO [main] HiveMetaStore.audit: ugi=alex	ip=unknown-ip-addr	cmd=get_database: default	
2024-04-23T21:50:33,424  INFO [main] parse.CalcitePlanner: Ending caching scope for: 
2024-04-23T21:50:33,424  INFO [main] ql.Driver: Semantic Analysis Completed (retrial = false)
2024-04-23T21:50:33,424  INFO [main] ql.Driver: Created Hive schema: Schema(fieldSchemas:null, properties:null)
2024-04-23T21:50:33,424  INFO [main] metadata.Hive: Dumping metastore api call timing information for : compilation phase
2024-04-23T21:50:33,424  INFO [main] metadata.Hive: Total time spent in each metastore function (ms): {getDatabase_(String)=2, openTxn_(String, TxnType)=2, flushCache_()=0, getValidTxns_(long)=0, getValidWriteIds_(List, String)=3, isCompatibleWith_(Configuration)=1, commitTxn_(CommitTxnRequest)=9}
2024-04-23T21:50:33,425  INFO [main] ql.Driver: Completed compiling command(queryId=alex_20240423215033_6cedb327-aca0-4822-8617-1d8c5350183d); Time taken: 0.008 seconds
2024-04-23T21:50:33,425  INFO [main] lockmgr.DbTxnManager: Setting lock request transaction to txnid:12 for queryId=alex_20240423215033_6cedb327-aca0-4822-8617-1d8c5350183d
2024-04-23T21:50:33,425  INFO [main] lockmgr.DbLockManager: Requesting lock for queryId=alex_20240423215033_6cedb327-aca0-4822-8617-1d8c5350183d
2024-04-23T21:50:33,439  INFO [main] lockmgr.DbLockManager: Response to queryId=alex_20240423215033_6cedb327-aca0-4822-8617-1d8c5350183d LockResponse(lockid:6, state:ACQUIRED)
2024-04-23T21:50:33,439  INFO [main] ql.Driver: Operation CREATETABLE obtained 1 locks
2024-04-23T21:50:33,439  INFO [main] ql.Driver: Executing command(queryId=alex_20240423215033_6cedb327-aca0-4822-8617-1d8c5350183d): create table nonAcidNonBucket(a int, b int) stored as orc TBLPROPERTIES ('transactional'='false')
2024-04-23T21:50:33,439  INFO [main] ql.Driver: Starting task [Stage-0:DDL] in serial mode
2024-04-23T21:50:33,440  INFO [main] HiveMetaStore.audit: ugi=alex	ip=unknown-ip-addr	cmd=create_table_req: Table(tableName:nonAcidNonBucket, dbName:default, owner:alex, createTime:1713934233, lastAccessTime:0, retention:0, sd:StorageDescriptor(cols:[FieldSchema(name:a, type:int, comment:null), FieldSchema(name:b, type:int, comment:null)], location:null, inputFormat:org.apache.hadoop.hive.ql.io.orc.OrcInputFormat, outputFormat:org.apache.hadoop.hive.ql.io.orc.OrcOutputFormat, compressed:false, numBuckets:-1, serdeInfo:SerDeInfo(name:null, serializationLib:org.apache.hadoop.hive.ql.io.orc.OrcSerde, parameters:{serialization.format=1}), bucketCols:[], sortCols:[], parameters:{}, skewedInfo:SkewedInfo(skewedColNames:[], skewedColValues:[], skewedColValueLocationMaps:{}), storedAsSubDirectories:false), partitionKeys:[], parameters:{numFilesErasureCoded=0, rawDataSize=0, numRows=0, COLUMN_STATS_ACCURATE={"BASIC_STATS":"true","COLUMN_STATS":{"a":"true","b":"true"}}, numFiles=0, totalSize=0, transactional=false, bucketing_version=2}, viewOriginalText:null, viewExpandedText:null, tableType:MANAGED_TABLE, privileges:PrincipalPrivilegeSet(userPrivileges:{alex=[PrivilegeGrantInfo(privilege:INSERT, createTime:-1, grantor:alex, grantorType:USER, grantOption:true), PrivilegeGrantInfo(privilege:SELECT, createTime:-1, grantor:alex, grantorType:USER, grantOption:true), PrivilegeGrantInfo(privilege:UPDATE, createTime:-1, grantor:alex, grantorType:USER, grantOption:true), PrivilegeGrantInfo(privilege:DELETE, createTime:-1, grantor:alex, grantorType:USER, grantOption:true)]}, groupPrivileges:null, rolePrivileges:null), temporary:false, catName:hive, ownerType:USER)	
2024-04-23T21:50:33,445  INFO [main] utils.FileUtils: Creating directory if it doesn't exist: file:/home/alex/Repositories/hive/ql/target/tmp/org.apache.hadoop.hive.ql.TestTxnLoadData-1713934124385/warehouse/nonacidnonbucket
2024-04-23T21:50:33,459  INFO [main] metadata.Hive: Dumping metastore api call timing information for : execution phase
2024-04-23T21:50:33,459  INFO [main] metadata.Hive: Total time spent in each metastore function (ms): {isCompatibleWith_(Configuration)=0, createTable_(Table)=19}
2024-04-23T21:50:33,459  INFO [main] ql.Driver: Completed executing command(queryId=alex_20240423215033_6cedb327-aca0-4822-8617-1d8c5350183d); Time taken: 0.02 seconds
2024-04-23T21:50:33,459  INFO [main] lockmgr.DbTxnManager: Stopped heartbeat for query: alex_20240423215033_6cedb327-aca0-4822-8617-1d8c5350183d
2024-04-23T21:50:33,463  INFO [main] txn.TxnHandler: Expected to move at least one record from txn_components to completed_txn_components when committing txn! txnid:12
2024-04-23T21:50:33,468  INFO [main] txn.TxnHandler: Removed transactions: ([12]) from MIN_HISTORY_LEVEL
2024-04-23T21:50:33,468  WARN [main] txn.CompactionTxnHandler: No compaction queue record found for Compaction type transaction commit. txnId:12
2024-04-23T21:50:33,468  INFO [main] ql.TxnCommandsBaseForTests: Running the query: drop table if exists T
2024-04-23T21:50:33,469  INFO [main] ql.Driver: Compiling command(queryId=alex_20240423215033_6e0fa973-145e-4bcb-861a-e38ec59774be): drop table if exists T
2024-04-23T21:50:33,471  INFO [main] txn.TxnHandler: Added entries to MIN_HISTORY_LEVEL for current txns: ([13]) with min_open_txn: 1
2024-04-23T21:50:33,471  INFO [main] lockmgr.DbTxnManager: Opened txnid:13
2024-04-23T21:50:33,472  INFO [main] HiveMetaStore.audit: ugi=alex	ip=unknown-ip-addr	cmd=get_table : tbl=hive.default.T	
2024-04-23T21:50:33,490  INFO [main] metastore.HMSHandler: Skipping translation for processor with null
2024-04-23T21:50:33,490  INFO [main] ql.Driver: Semantic Analysis Completed (retrial = false)
2024-04-23T21:50:33,490  INFO [main] ql.Driver: Created Hive schema: Schema(fieldSchemas:null, properties:null)
2024-04-23T21:50:33,490  INFO [main] metadata.Hive: Dumping metastore api call timing information for : compilation phase
2024-04-23T21:50:33,490  INFO [main] metadata.Hive: Total time spent in each metastore function (ms): {openTxn_(String, TxnType)=2, getTable_(GetTableRequest)=18, isCompatibleWith_(Configuration)=0, getValidTxns_(long)=1, flushCache_()=0, commitTxn_(CommitTxnRequest)=9}
2024-04-23T21:50:33,490  INFO [main] ql.Driver: Completed compiling command(queryId=alex_20240423215033_6e0fa973-145e-4bcb-861a-e38ec59774be); Time taken: 0.021 seconds
2024-04-23T21:50:33,491  INFO [main] lockmgr.DbTxnManager: Setting lock request transaction to txnid:13 for queryId=alex_20240423215033_6e0fa973-145e-4bcb-861a-e38ec59774be
2024-04-23T21:50:33,491  INFO [main] lockmgr.DbLockManager: Requesting lock for queryId=alex_20240423215033_6e0fa973-145e-4bcb-861a-e38ec59774be
2024-04-23T21:50:33,508  INFO [main] lockmgr.DbLockManager: Response to queryId=alex_20240423215033_6e0fa973-145e-4bcb-861a-e38ec59774be LockResponse(lockid:7, state:ACQUIRED)
2024-04-23T21:50:33,509  INFO [main] ql.Driver: Operation DROPTABLE obtained 1 locks
2024-04-23T21:50:33,509  INFO [main] ql.Driver: Executing command(queryId=alex_20240423215033_6e0fa973-145e-4bcb-861a-e38ec59774be): drop table if exists T
2024-04-23T21:50:33,509  INFO [main] ql.Driver: Starting task [Stage-0:DDL] in serial mode
2024-04-23T21:50:33,509  INFO [main] HiveMetaStore.audit: ugi=alex	ip=unknown-ip-addr	cmd=get_table : tbl=hive.default.T	
2024-04-23T21:50:33,515  INFO [main] metastore.HMSHandler: Skipping translation for processor with null
2024-04-23T21:50:33,516  INFO [main] HiveMetaStore.audit: ugi=alex	ip=unknown-ip-addr	cmd=get_table : tbl=hive.default.T	
2024-04-23T21:50:33,522  INFO [main] metastore.HMSHandler: Skipping translation for processor with null
2024-04-23T21:50:33,522  INFO [main] HiveMetaStore.audit: ugi=alex	ip=unknown-ip-addr	cmd=drop_table : tbl=hive.default.T	
2024-04-23T21:50:33,678  WARN [main] utils.FileUtils: File file:/home/alex/Repositories/hive/ql/target/tmp/org.apache.hadoop.hive.ql.TestTxnLoadData-1713934124385/warehouse/t does not exist; Force to delete it.
2024-04-23T21:50:33,678 ERROR [main] utils.FileUtils: Failed to delete file:/home/alex/Repositories/hive/ql/target/tmp/org.apache.hadoop.hive.ql.TestTxnLoadData-1713934124385/warehouse/t
2024-04-23T21:50:33,678  INFO [main] metadata.Hive: Dumping metastore api call timing information for : execution phase
2024-04-23T21:50:33,678  INFO [main] metadata.Hive: Total time spent in each metastore function (ms): {getTable_(GetTableRequest)=6, isCompatibleWith_(Configuration)=0, dropTable_(String, String, boolean, boolean, boolean)=163}
2024-04-23T21:50:33,679  INFO [main] ql.Driver: Completed executing command(queryId=alex_20240423215033_6e0fa973-145e-4bcb-861a-e38ec59774be); Time taken: 0.169 seconds
2024-04-23T21:50:33,679  INFO [main] lockmgr.DbTxnManager: Stopped heartbeat for query: alex_20240423215033_6e0fa973-145e-4bcb-861a-e38ec59774be
2024-04-23T21:50:33,682  INFO [main] txn.TxnHandler: Expected to move at least one record from txn_components to completed_txn_components when committing txn! txnid:13
2024-04-23T21:50:33,688  INFO [main] txn.TxnHandler: Removed transactions: ([13]) from MIN_HISTORY_LEVEL
2024-04-23T21:50:33,689  WARN [main] txn.CompactionTxnHandler: No compaction queue record found for Compaction type transaction commit. txnId:13
2024-04-23T21:50:33,689  INFO [main] ql.TxnCommandsBaseForTests: Running the query: drop table if exists Tstage
2024-04-23T21:50:33,689  INFO [main] ql.Driver: Compiling command(queryId=alex_20240423215033_4341fc36-9798-4b75-a7a4-e63dc7e3763d): drop table if exists Tstage
2024-04-23T21:50:33,692  INFO [main] txn.TxnHandler: Added entries to MIN_HISTORY_LEVEL for current txns: ([14]) with min_open_txn: 1
2024-04-23T21:50:33,692  INFO [main] lockmgr.DbTxnManager: Opened txnid:14
2024-04-23T21:50:33,693  INFO [main] HiveMetaStore.audit: ugi=alex	ip=unknown-ip-addr	cmd=get_table : tbl=hive.default.Tstage	
2024-04-23T21:50:33,715  INFO [main] metastore.HMSHandler: Skipping translation for processor with null
2024-04-23T21:50:33,715  INFO [main] ql.Driver: Semantic Analysis Completed (retrial = false)
2024-04-23T21:50:33,715  INFO [main] ql.Driver: Created Hive schema: Schema(fieldSchemas:null, properties:null)
2024-04-23T21:50:33,715  INFO [main] metadata.Hive: Dumping metastore api call timing information for : compilation phase
2024-04-23T21:50:33,715  INFO [main] metadata.Hive: Total time spent in each metastore function (ms): {isCompatibleWith_(Configuration)=0, flushCache_()=0, getValidTxns_(long)=1, openTxn_(String, TxnType)=2, commitTxn_(CommitTxnRequest)=10, getTable_(GetTableRequest)=22}
2024-04-23T21:50:33,715  INFO [main] ql.Driver: Completed compiling command(queryId=alex_20240423215033_4341fc36-9798-4b75-a7a4-e63dc7e3763d); Time taken: 0.026 seconds
2024-04-23T21:50:33,716  INFO [main] lockmgr.DbTxnManager: Setting lock request transaction to txnid:14 for queryId=alex_20240423215033_4341fc36-9798-4b75-a7a4-e63dc7e3763d
2024-04-23T21:50:33,716  INFO [main] lockmgr.DbLockManager: Requesting lock for queryId=alex_20240423215033_4341fc36-9798-4b75-a7a4-e63dc7e3763d
2024-04-23T21:50:33,735  INFO [main] lockmgr.DbLockManager: Response to queryId=alex_20240423215033_4341fc36-9798-4b75-a7a4-e63dc7e3763d LockResponse(lockid:8, state:ACQUIRED)
2024-04-23T21:50:33,735  INFO [main] ql.Driver: Operation DROPTABLE obtained 1 locks
2024-04-23T21:50:33,735  INFO [main] ql.Driver: Executing command(queryId=alex_20240423215033_4341fc36-9798-4b75-a7a4-e63dc7e3763d): drop table if exists Tstage
2024-04-23T21:50:33,736  INFO [main] ql.Driver: Starting task [Stage-0:DDL] in serial mode
2024-04-23T21:50:33,736  INFO [main] HiveMetaStore.audit: ugi=alex	ip=unknown-ip-addr	cmd=get_table : tbl=hive.default.Tstage	
2024-04-23T21:50:33,752  INFO [main] metastore.HMSHandler: Skipping translation for processor with null
2024-04-23T21:50:33,752  INFO [main] HiveMetaStore.audit: ugi=alex	ip=unknown-ip-addr	cmd=get_table : tbl=hive.default.Tstage	
2024-04-23T21:50:33,767  INFO [main] metastore.HMSHandler: Skipping translation for processor with null
2024-04-23T21:50:33,767  INFO [main] HiveMetaStore.audit: ugi=alex	ip=unknown-ip-addr	cmd=drop_table : tbl=hive.default.Tstage	
2024-04-23T21:50:33,819  WARN [main] utils.FileUtils: File file:/home/alex/Repositories/hive/ql/target/tmp/org.apache.hadoop.hive.ql.TestTxnLoadData-1713934124385/warehouse/tstage does not exist; Force to delete it.
2024-04-23T21:50:33,819 ERROR [main] utils.FileUtils: Failed to delete file:/home/alex/Repositories/hive/ql/target/tmp/org.apache.hadoop.hive.ql.TestTxnLoadData-1713934124385/warehouse/tstage
2024-04-23T21:50:33,820  INFO [main] metadata.Hive: Dumping metastore api call timing information for : execution phase
2024-04-23T21:50:33,820  INFO [main] metadata.Hive: Total time spent in each metastore function (ms): {dropTable_(String, String, boolean, boolean, boolean)=68, getTable_(GetTableRequest)=16, isCompatibleWith_(Configuration)=0}
2024-04-23T21:50:33,820  INFO [main] ql.Driver: Completed executing command(queryId=alex_20240423215033_4341fc36-9798-4b75-a7a4-e63dc7e3763d); Time taken: 0.085 seconds
2024-04-23T21:50:33,820  INFO [main] lockmgr.DbTxnManager: Stopped heartbeat for query: alex_20240423215033_4341fc36-9798-4b75-a7a4-e63dc7e3763d
2024-04-23T21:50:33,826  INFO [main] txn.TxnHandler: Expected to move at least one record from txn_components to completed_txn_components when committing txn! txnid:14
2024-04-23T21:50:33,834  INFO [main] txn.TxnHandler: Removed transactions: ([14]) from MIN_HISTORY_LEVEL
2024-04-23T21:50:33,837  WARN [main] txn.CompactionTxnHandler: No compaction queue record found for Compaction type transaction commit. txnId:14
2024-04-23T21:50:33,837  INFO [main] ql.TxnCommandsBaseForTests: Running the query: create table T (a int, b int) stored as orc tblproperties('transactional'='true')
2024-04-23T21:50:33,838  INFO [main] ql.Driver: Compiling command(queryId=alex_20240423215033_3e7f01f8-d570-4418-bc23-06a18f4ed62a): create table T (a int, b int) stored as orc tblproperties('transactional'='true')
2024-04-23T21:50:33,841  INFO [main] txn.TxnHandler: Added entries to MIN_HISTORY_LEVEL for current txns: ([15]) with min_open_txn: 1
2024-04-23T21:50:33,841  INFO [main] lockmgr.DbTxnManager: Opened txnid:15
2024-04-23T21:50:33,842  INFO [main] parse.CalcitePlanner: Starting caching scope for: 
2024-04-23T21:50:33,842  INFO [main] parse.CalcitePlanner: Starting Semantic Analysis
2024-04-23T21:50:33,849  INFO [main] parse.CalcitePlanner: Creating table default.T position=13
2024-04-23T21:50:33,849  INFO [main] HiveMetaStore.audit: ugi=alex	ip=unknown-ip-addr	cmd=get_database: default	
2024-04-23T21:50:33,851  INFO [main] parse.CalcitePlanner: Ending caching scope for: 
2024-04-23T21:50:33,851  INFO [main] ql.Driver: Semantic Analysis Completed (retrial = false)
2024-04-23T21:50:33,851  INFO [main] ql.Driver: Created Hive schema: Schema(fieldSchemas:null, properties:null)
2024-04-23T21:50:33,851  INFO [main] metadata.Hive: Dumping metastore api call timing information for : compilation phase
2024-04-23T21:50:33,851  INFO [main] metadata.Hive: Total time spent in each metastore function (ms): {commitTxn_(CommitTxnRequest)=17, getValidTxns_(long)=0, isCompatibleWith_(Configuration)=1, getDatabase_(String)=2, flushCache_()=0, getValidWriteIds_(List, String)=7, openTxn_(String, TxnType)=2}
2024-04-23T21:50:33,851  INFO [main] ql.Driver: Completed compiling command(queryId=alex_20240423215033_3e7f01f8-d570-4418-bc23-06a18f4ed62a); Time taken: 0.013 seconds
2024-04-23T21:50:33,852  INFO [main] lockmgr.DbTxnManager: Setting lock request transaction to txnid:15 for queryId=alex_20240423215033_3e7f01f8-d570-4418-bc23-06a18f4ed62a
2024-04-23T21:50:33,852  INFO [main] lockmgr.DbLockManager: Requesting lock for queryId=alex_20240423215033_3e7f01f8-d570-4418-bc23-06a18f4ed62a
2024-04-23T21:50:33,876  INFO [main] lockmgr.DbLockManager: Response to queryId=alex_20240423215033_3e7f01f8-d570-4418-bc23-06a18f4ed62a LockResponse(lockid:9, state:ACQUIRED)
2024-04-23T21:50:33,876  INFO [main] ql.Driver: Operation CREATETABLE obtained 1 locks
2024-04-23T21:50:33,877  INFO [main] ql.Driver: Executing command(queryId=alex_20240423215033_3e7f01f8-d570-4418-bc23-06a18f4ed62a): create table T (a int, b int) stored as orc tblproperties('transactional'='true')
2024-04-23T21:50:33,877  INFO [main] ql.Driver: Starting task [Stage-0:DDL] in serial mode
2024-04-23T21:50:33,878  INFO [main] HiveMetaStore.audit: ugi=alex	ip=unknown-ip-addr	cmd=create_table_req: Table(tableName:T, dbName:default, owner:alex, createTime:1713934233, lastAccessTime:0, retention:0, sd:StorageDescriptor(cols:[FieldSchema(name:a, type:int, comment:null), FieldSchema(name:b, type:int, comment:null)], location:null, inputFormat:org.apache.hadoop.hive.ql.io.orc.OrcInputFormat, outputFormat:org.apache.hadoop.hive.ql.io.orc.OrcOutputFormat, compressed:false, numBuckets:-1, serdeInfo:SerDeInfo(name:null, serializationLib:org.apache.hadoop.hive.ql.io.orc.OrcSerde, parameters:{serialization.format=1}), bucketCols:[], sortCols:[], parameters:{}, skewedInfo:SkewedInfo(skewedColNames:[], skewedColValues:[], skewedColValueLocationMaps:{}), storedAsSubDirectories:false), partitionKeys:[], parameters:{numRows=0, numFiles=0, transactional=true, totalSize=0, bucketing_version=2, numFilesErasureCoded=0, rawDataSize=0, COLUMN_STATS_ACCURATE={"BASIC_STATS":"true","COLUMN_STATS":{"a":"true","b":"true"}}}, viewOriginalText:null, viewExpandedText:null, tableType:MANAGED_TABLE, privileges:PrincipalPrivilegeSet(userPrivileges:{alex=[PrivilegeGrantInfo(privilege:INSERT, createTime:-1, grantor:alex, grantorType:USER, grantOption:true), PrivilegeGrantInfo(privilege:SELECT, createTime:-1, grantor:alex, grantorType:USER, grantOption:true), PrivilegeGrantInfo(privilege:UPDATE, createTime:-1, grantor:alex, grantorType:USER, grantOption:true), PrivilegeGrantInfo(privilege:DELETE, createTime:-1, grantor:alex, grantorType:USER, grantOption:true)]}, groupPrivileges:null, rolePrivileges:null), temporary:false, catName:hive, ownerType:USER, writeId:0)	
2024-04-23T21:50:33,884  INFO [main] utils.FileUtils: Creating directory if it doesn't exist: file:/home/alex/Repositories/hive/ql/target/tmp/org.apache.hadoop.hive.ql.TestTxnLoadData-1713934124385/warehouse/t
2024-04-23T21:50:33,920  INFO [main] metadata.Hive: Dumping metastore api call timing information for : execution phase
2024-04-23T21:50:33,920  INFO [main] metadata.Hive: Total time spent in each metastore function (ms): {isCompatibleWith_(Configuration)=0, createTable_(Table)=43}
2024-04-23T21:50:33,920  INFO [main] ql.Driver: Completed executing command(queryId=alex_20240423215033_3e7f01f8-d570-4418-bc23-06a18f4ed62a); Time taken: 0.044 seconds
2024-04-23T21:50:33,920  INFO [main] lockmgr.DbTxnManager: Stopped heartbeat for query: alex_20240423215033_3e7f01f8-d570-4418-bc23-06a18f4ed62a
2024-04-23T21:50:33,924  INFO [main] txn.TxnHandler: Expected to move at least one record from txn_components to completed_txn_components when committing txn! txnid:15
2024-04-23T21:50:33,930  INFO [main] txn.TxnHandler: Removed transactions: ([15]) from MIN_HISTORY_LEVEL
2024-04-23T21:50:33,931  WARN [main] txn.CompactionTxnHandler: No compaction queue record found for Compaction type transaction commit. txnId:15
2024-04-23T21:50:33,931  INFO [main] ql.TxnCommandsBaseForTests: Running the query: create table Tstage (a int, b int) stored as orc tblproperties('transactional'='false')
2024-04-23T21:50:33,931  INFO [main] ql.Driver: Compiling command(queryId=alex_20240423215033_17b5af72-18f3-499c-a9fe-1a76b1b14171): create table Tstage (a int, b int) stored as orc tblproperties('transactional'='false')
2024-04-23T21:50:33,935  INFO [main] txn.TxnHandler: Added entries to MIN_HISTORY_LEVEL for current txns: ([16]) with min_open_txn: 1
2024-04-23T21:50:33,935  INFO [main] lockmgr.DbTxnManager: Opened txnid:16
2024-04-23T21:50:33,936  INFO [main] parse.CalcitePlanner: Starting caching scope for: 
2024-04-23T21:50:33,936  INFO [main] parse.CalcitePlanner: Starting Semantic Analysis
2024-04-23T21:50:33,938  INFO [main] parse.CalcitePlanner: Creating table default.Tstage position=13
2024-04-23T21:50:33,938  INFO [main] HiveMetaStore.audit: ugi=alex	ip=unknown-ip-addr	cmd=get_database: default	
2024-04-23T21:50:33,940  INFO [main] parse.CalcitePlanner: Ending caching scope for: 
2024-04-23T21:50:33,940  INFO [main] ql.Driver: Semantic Analysis Completed (retrial = false)
2024-04-23T21:50:33,940  INFO [main] ql.Driver: Created Hive schema: Schema(fieldSchemas:null, properties:null)
2024-04-23T21:50:33,940  INFO [main] metadata.Hive: Dumping metastore api call timing information for : compilation phase
2024-04-23T21:50:33,940  INFO [main] metadata.Hive: Total time spent in each metastore function (ms): {getValidWriteIds_(List, String)=2, isCompatibleWith_(Configuration)=1, openTxn_(String, TxnType)=3, getValidTxns_(long)=1, commitTxn_(CommitTxnRequest)=10, getDatabase_(String)=2, flushCache_()=0}
2024-04-23T21:50:33,941  INFO [main] ql.Driver: Completed compiling command(queryId=alex_20240423215033_17b5af72-18f3-499c-a9fe-1a76b1b14171); Time taken: 0.009 seconds
2024-04-23T21:50:33,941  INFO [main] lockmgr.DbTxnManager: Setting lock request transaction to txnid:16 for queryId=alex_20240423215033_17b5af72-18f3-499c-a9fe-1a76b1b14171
2024-04-23T21:50:33,941  INFO [main] lockmgr.DbLockManager: Requesting lock for queryId=alex_20240423215033_17b5af72-18f3-499c-a9fe-1a76b1b14171
2024-04-23T21:50:33,955  INFO [main] lockmgr.DbLockManager: Response to queryId=alex_20240423215033_17b5af72-18f3-499c-a9fe-1a76b1b14171 LockResponse(lockid:10, state:ACQUIRED)
2024-04-23T21:50:33,955  INFO [main] ql.Driver: Operation CREATETABLE obtained 1 locks
2024-04-23T21:50:33,955  INFO [main] ql.Driver: Executing command(queryId=alex_20240423215033_17b5af72-18f3-499c-a9fe-1a76b1b14171): create table Tstage (a int, b int) stored as orc tblproperties('transactional'='false')
2024-04-23T21:50:33,955  INFO [main] ql.Driver: Starting task [Stage-0:DDL] in serial mode
2024-04-23T21:50:33,956  INFO [main] HiveMetaStore.audit: ugi=alex	ip=unknown-ip-addr	cmd=create_table_req: Table(tableName:Tstage, dbName:default, owner:alex, createTime:1713934233, lastAccessTime:0, retention:0, sd:StorageDescriptor(cols:[FieldSchema(name:a, type:int, comment:null), FieldSchema(name:b, type:int, comment:null)], location:null, inputFormat:org.apache.hadoop.hive.ql.io.orc.OrcInputFormat, outputFormat:org.apache.hadoop.hive.ql.io.orc.OrcOutputFormat, compressed:false, numBuckets:-1, serdeInfo:SerDeInfo(name:null, serializationLib:org.apache.hadoop.hive.ql.io.orc.OrcSerde, parameters:{serialization.format=1}), bucketCols:[], sortCols:[], parameters:{}, skewedInfo:SkewedInfo(skewedColNames:[], skewedColValues:[], skewedColValueLocationMaps:{}), storedAsSubDirectories:false), partitionKeys:[], parameters:{transactional=false, COLUMN_STATS_ACCURATE={"BASIC_STATS":"true","COLUMN_STATS":{"a":"true","b":"true"}}, totalSize=0, numRows=0, numFilesErasureCoded=0, rawDataSize=0, bucketing_version=2, numFiles=0}, viewOriginalText:null, viewExpandedText:null, tableType:MANAGED_TABLE, privileges:PrincipalPrivilegeSet(userPrivileges:{alex=[PrivilegeGrantInfo(privilege:INSERT, createTime:-1, grantor:alex, grantorType:USER, grantOption:true), PrivilegeGrantInfo(privilege:SELECT, createTime:-1, grantor:alex, grantorType:USER, grantOption:true), PrivilegeGrantInfo(privilege:UPDATE, createTime:-1, grantor:alex, grantorType:USER, grantOption:true), PrivilegeGrantInfo(privilege:DELETE, createTime:-1, grantor:alex, grantorType:USER, grantOption:true)]}, groupPrivileges:null, rolePrivileges:null), temporary:false, catName:hive, ownerType:USER)	
2024-04-23T21:50:33,962  INFO [main] utils.FileUtils: Creating directory if it doesn't exist: file:/home/alex/Repositories/hive/ql/target/tmp/org.apache.hadoop.hive.ql.TestTxnLoadData-1713934124385/warehouse/tstage
2024-04-23T21:50:33,978  INFO [main] metadata.Hive: Dumping metastore api call timing information for : execution phase
2024-04-23T21:50:33,978  INFO [main] metadata.Hive: Total time spent in each metastore function (ms): {createTable_(Table)=22, isCompatibleWith_(Configuration)=0}
2024-04-23T21:50:33,978  INFO [main] ql.Driver: Completed executing command(queryId=alex_20240423215033_17b5af72-18f3-499c-a9fe-1a76b1b14171); Time taken: 0.023 seconds
2024-04-23T21:50:33,978  INFO [main] lockmgr.DbTxnManager: Stopped heartbeat for query: alex_20240423215033_17b5af72-18f3-499c-a9fe-1a76b1b14171
2024-04-23T21:50:33,984  INFO [main] txn.TxnHandler: Expected to move at least one record from txn_components to completed_txn_components when committing txn! txnid:16
2024-04-23T21:50:33,992  INFO [main] txn.TxnHandler: Removed transactions: ([16]) from MIN_HISTORY_LEVEL
2024-04-23T21:50:33,993  WARN [main] txn.CompactionTxnHandler: No compaction queue record found for Compaction type transaction commit. txnId:16
2024-04-23T21:50:33,993  INFO [main] ql.TxnCommandsBaseForTests: Running the query: insert into Tstage values(1,2),(3,4)
2024-04-23T21:50:33,994  INFO [main] ql.Driver: Compiling command(queryId=alex_20240423215033_61bb19fe-8734-46a3-bf5b-edfb0dd04477): insert into Tstage values(1,2),(3,4)
2024-04-23T21:50:33,997  INFO [main] txn.TxnHandler: Added entries to MIN_HISTORY_LEVEL for current txns: ([17]) with min_open_txn: 2
2024-04-23T21:50:33,998  INFO [main] lockmgr.DbTxnManager: Opened txnid:17
2024-04-23T21:50:33,998  INFO [main] parse.CalcitePlanner: Starting caching scope for: 
2024-04-23T21:50:33,998  INFO [main] parse.CalcitePlanner: Starting Semantic Analysis
2024-04-23T21:50:34,003  INFO [main] HiveMetaStore.audit: ugi=alex	ip=unknown-ip-addr	cmd=get_table : tbl=hive.default.Tstage	
2024-04-23T21:50:34,018  INFO [main] metastore.HMSHandler: Skipping translation for processor with null
2024-04-23T21:50:34,018  INFO [main] parse.CalcitePlanner: Completed phase 1 of Semantic Analysis
2024-04-23T21:50:34,018  INFO [main] parse.CalcitePlanner: Get metadata for source tables
2024-04-23T21:50:34,018  INFO [main] parse.CalcitePlanner: Get metadata for subqueries
2024-04-23T21:50:34,018  INFO [main] parse.CalcitePlanner: Get metadata for destination tables
2024-04-23T21:50:34,018  INFO [main] HiveMetaStore.audit: ugi=alex	ip=unknown-ip-addr	cmd=get_table : tbl=hive.default.Tstage	
2024-04-23T21:50:34,029  INFO [main] metastore.HMSHandler: Skipping translation for processor with null
2024-04-23T21:50:34,030  INFO [main] parse.CalcitePlanner: Completed getting MetaData in Semantic Analysis
2024-04-23T21:50:34,030  INFO [main] parse.CalcitePlanner: Disabling LLAP IO encode as ETL query is detected
2024-04-23T21:50:34,051  INFO [main] HiveMetaStore.audit: ugi=alex	ip=unknown-ip-addr	cmd=get_all_table_constraints : tbl=hive._dummy_database._dummy_table	
2024-04-23T21:50:34,135  INFO [main] parse.CalcitePlanner: Get metadata for source tables
2024-04-23T21:50:34,135  INFO [main] parse.CalcitePlanner: Get metadata for subqueries
2024-04-23T21:50:34,135  INFO [main] parse.CalcitePlanner: Get metadata for source tables
2024-04-23T21:50:34,135  INFO [main] HiveMetaStore.audit: ugi=alex	ip=unknown-ip-addr	cmd=get_table : tbl=hive._dummy_database._dummy_table	
2024-04-23T21:50:34,138  INFO [main] parse.CalcitePlanner: Get metadata for subqueries
2024-04-23T21:50:34,138  INFO [main] parse.CalcitePlanner: Get metadata for destination tables
2024-04-23T21:50:34,138  INFO [main] parse.CalcitePlanner: Get metadata for destination tables
2024-04-23T21:50:34,138  INFO [main] HiveMetaStore.audit: ugi=alex	ip=unknown-ip-addr	cmd=get_table : tbl=hive.default.Tstage	
2024-04-23T21:50:34,147  INFO [main] metastore.HMSHandler: Skipping translation for processor with null
2024-04-23T21:50:34,149  INFO [main] common.FileUtils: Creating directory if it doesn't exist: file:/home/alex/Repositories/hive/ql/target/tmp/org.apache.hadoop.hive.ql.TestTxnLoadData-1713934124385/warehouse/tstage/.hive-staging_hive_2024-04-23_21-50-33_994_2273183848485316068-1
2024-04-23T21:50:34,152  INFO [main] HiveMetaStore.audit: ugi=alex	ip=unknown-ip-addr	cmd=get_not_null_constraints : tbl=hive.default.tstage	
2024-04-23T21:50:34,154  INFO [main] HiveMetaStore.audit: ugi=alex	ip=unknown-ip-addr	cmd=get_check_constraints : tbl=hive.default.tstage	
2024-04-23T21:50:34,156  INFO [main] parse.CalcitePlanner: CBO Succeeded; optimized logical plan.
2024-04-23T21:50:34,159  INFO [main] optimizer.BucketVersionPopulator: not considering bucketingVersion for: TS[0] because it has -1<2 buckets 
2024-04-23T21:50:34,159  INFO [main] optimizer.SortedDynPartitionOptimizer: Sorted dynamic partitioning optimization kicked in..
2024-04-23T21:50:34,168  INFO [main] HiveMetaStore.audit: ugi=alex	ip=unknown-ip-addr	cmd=get_table : tbl=hive.default.tstage	
2024-04-23T21:50:34,179  INFO [main] metastore.HMSHandler: Skipping translation for processor with null
2024-04-23T21:50:34,179  INFO [main] optimizer.GenMRFileSink1: using CombineHiveInputformat for the merge job
2024-04-23T21:50:34,179  INFO [main] HiveMetaStore.audit: ugi=alex	ip=unknown-ip-addr	cmd=get_table : tbl=hive.default.tstage	
2024-04-23T21:50:34,190  INFO [main] metastore.HMSHandler: Skipping translation for processor with null
2024-04-23T21:50:34,192  INFO [main] physical.Vectorizer: Examining input format to see if vectorization is enabled.
2024-04-23T21:50:34,192  INFO [main] physical.Vectorizer: Map vectorization enabled: false
2024-04-23T21:50:34,192  INFO [main] physical.Vectorizer: Map vectorized: false
2024-04-23T21:50:34,192  INFO [main] physical.Vectorizer: Map vectorizedVertexNum: 0
2024-04-23T21:50:34,192  INFO [main] physical.Vectorizer: Map enabledConditionsMet: [hive.vectorized.use.vectorized.input.format IS true]
2024-04-23T21:50:34,192  INFO [main] physical.Vectorizer: Map enabledConditionsNotMet: [Could not enable vectorization due to partition column names size 1 is greater than the number of table column names size 0 IS false]
2024-04-23T21:50:34,192  INFO [main] physical.Vectorizer: Map inputFileFormatClassNameSet: [org.apache.hadoop.hive.ql.io.NullRowsInputFormat]
2024-04-23T21:50:34,193  INFO [main] parse.CalcitePlanner: Completed plan generation
2024-04-23T21:50:34,193  INFO [main] parse.CalcitePlanner: Ending caching scope for: 
2024-04-23T21:50:34,193  INFO [main] ql.Driver: Semantic Analysis Completed (retrial = false)
2024-04-23T21:50:34,193  INFO [main] ql.Driver: Created Hive schema: Schema(fieldSchemas:[FieldSchema(name:col1, type:int, comment:null), FieldSchema(name:col2, type:int, comment:null)], properties:null)
2024-04-23T21:50:34,193  INFO [main] metadata.Hive: Dumping metastore api call timing information for : compilation phase
2024-04-23T21:50:34,194  INFO [main] metadata.Hive: Total time spent in each metastore function (ms): {isCompatibleWith_(Configuration)=0, getTable_(GetTableRequest)=58, flushCache_()=0, getAllTableConstraints_(AllTableConstraintsRequest)=30, getValidWriteIds_(List, String)=4, getNotNullConstraints_(NotNullConstraintsRequest)=2, openTxn_(String, TxnType)=2, commitTxn_(CommitTxnRequest)=15, getCheckConstraints_(CheckConstraintsRequest)=2, getValidTxns_(long)=0}
2024-04-23T21:50:34,194  INFO [main] ql.Driver: Completed compiling command(queryId=alex_20240423215033_61bb19fe-8734-46a3-bf5b-edfb0dd04477); Time taken: 0.199 seconds
2024-04-23T21:50:34,194  INFO [main] lockmgr.DbTxnManager: Setting lock request transaction to txnid:17 for queryId=alex_20240423215033_61bb19fe-8734-46a3-bf5b-edfb0dd04477
2024-04-23T21:50:34,194  INFO [main] lockmgr.DbLockManager: Requesting lock for queryId=alex_20240423215033_61bb19fe-8734-46a3-bf5b-edfb0dd04477
2024-04-23T21:50:34,208  INFO [main] lockmgr.DbLockManager: Response to queryId=alex_20240423215033_61bb19fe-8734-46a3-bf5b-edfb0dd04477 LockResponse(lockid:11, state:ACQUIRED)
2024-04-23T21:50:34,208  INFO [main] ql.Driver: Operation QUERY obtained 1 locks
2024-04-23T21:50:34,208  INFO [main] ql.Driver: Executing command(queryId=alex_20240423215033_61bb19fe-8734-46a3-bf5b-edfb0dd04477): insert into Tstage values(1,2),(3,4)
2024-04-23T21:50:34,210  WARN [main] ql.Driver: Hive-on-MR is deprecated in Hive 2 and may not be available in the future versions. Consider using a different execution engine (i.e. spark, tez) or using Hive 1.X releases.
Query ID = alex_20240423215033_61bb19fe-8734-46a3-bf5b-edfb0dd04477
2024-04-23T21:50:34,210  INFO [main] ql.Driver: Query ID = alex_20240423215033_61bb19fe-8734-46a3-bf5b-edfb0dd04477
Total jobs = 1
2024-04-23T21:50:34,210  INFO [main] ql.Driver: Total jobs = 1
Launching Job 1 out of 1
2024-04-23T21:50:34,210  INFO [main] ql.Driver: Launching Job 1 out of 1
2024-04-23T21:50:34,348  INFO [main] ql.Driver: Starting task [Stage-1:MAPRED] in serial mode
Number of reduce tasks is set to 0 since there's no reduce operator
2024-04-23T21:50:34,348  INFO [main] exec.Task: Number of reduce tasks is set to 0 since there's no reduce operator
2024-04-23T21:50:34,350  INFO [main] mr.ExecDriver: Using org.apache.hadoop.hive.ql.io.HiveInputFormat
2024-04-23T21:50:34,351  INFO [main] exec.Utilities: Processing alias $hdt$_0:_dummy_table
2024-04-23T21:50:34,351  INFO [main] exec.Utilities: Adding 1 inputs; the first input is file:/home/alex/Repositories/hive/ql/target/tmp/localscratchdir/6f2f3d5e-53c3-4c28-a4ef-236a38220ec7/hive_2024-04-23_21-50-33_994_2273183848485316068-1/dummy_path
2024-04-23T21:50:34,361  INFO [main] exec.SerializationUtilities: Serializing MapWork using kryo
2024-04-23T21:50:34,362  INFO [main] exec.Utilities: Serialized plan (via FILE) - name: null size: 6,07KB
2024-04-23T21:50:34,363  WARN [main] impl.MetricsSystemImpl: JobTracker metrics system already initialized!
2024-04-23T21:50:34,367  INFO [main] fs.FSStatsPublisher: created : file:/home/alex/Repositories/hive/ql/target/tmp/localscratchdir/6f2f3d5e-53c3-4c28-a4ef-236a38220ec7/hive_2024-04-23_21-50-33_994_2273183848485316068-1/-mr-10001
2024-04-23T21:50:34,372  WARN [main] impl.MetricsSystemImpl: JobTracker metrics system already initialized!
2024-04-23T21:50:34,379  WARN [main] mapreduce.JobResourceUploader: Hadoop command-line option parsing not performed. Implement the Tool interface and execute your application with ToolRunner to remedy this.
2024-04-23T21:50:34,385  WARN [main] mapreduce.JobResourceUploader: No job jar file set.  User classes may not be found. See Job or Job#setJar(String).
2024-04-23T21:50:34,386  INFO [main] io.HiveInputFormat: hive.io.file.readcolumn.ids = 
2024-04-23T21:50:34,386  INFO [main] io.HiveInputFormat: hive.io.file.readcolumn.names = 
2024-04-23T21:50:34,386  INFO [main] io.HiveInputFormat: Generating splits for dirs: file:/home/alex/Repositories/hive/ql/target/tmp/localscratchdir/6f2f3d5e-53c3-4c28-a4ef-236a38220ec7/hive_2024-04-23_21-50-33_994_2273183848485316068-1/dummy_path
2024-04-23T21:50:34,386  INFO [main] io.HiveInputFormat: number of splits 1
2024-04-23T21:50:34,405  INFO [main] mapreduce.JobSubmitter: number of splits:1
2024-04-23T21:50:34,425  INFO [main] mapreduce.JobSubmitter: Submitting tokens for job: job_local1761232295_0043
2024-04-23T21:50:34,425  INFO [main] mapreduce.JobSubmitter: Executing with tokens: []
2024-04-23T21:50:34,486  INFO [main] mapreduce.Job: The url to track the job: http://localhost:8080/
Job running in-process (local Hadoop)
2024-04-23T21:50:34,486  INFO [main] exec.Task: Job running in-process (local Hadoop)
2024-04-23T21:50:34,486  INFO [Thread-2739] mapred.LocalJobRunner: OutputCommitter set in config org.apache.hadoop.hive.ql.io.HiveFileFormatUtils$NullOutputCommitter
2024-04-23T21:50:34,486  INFO [Thread-2739] mapred.LocalJobRunner: OutputCommitter is org.apache.hadoop.hive.ql.io.HiveFileFormatUtils$NullOutputCommitter
2024-04-23T21:50:34,488  INFO [Thread-2739] mapred.LocalJobRunner: Waiting for map tasks
2024-04-23T21:50:34,488  INFO [LocalJobRunner Map Task Executor #0] mapred.LocalJobRunner: Starting task: attempt_local1761232295_0043_m_000000_0
2024-04-23T21:50:34,490  INFO [LocalJobRunner Map Task Executor #0] mapred.Task:  Using ResourceCalculatorProcessTree : [ ]
2024-04-23T21:50:34,491  INFO [LocalJobRunner Map Task Executor #0] mapred.MapTask: Processing split: org.apache.hadoop.hive.ql.io.NullRowsInputFormat:file:/home/alex/Repositories/hive/ql/target/tmp/localscratchdir/6f2f3d5e-53c3-4c28-a4ef-236a38220ec7/hive_2024-04-23_21-50-33_994_2273183848485316068-1/dummy_path/null:0+1
2024-04-23T21:50:34,493  INFO [LocalJobRunner Map Task Executor #0] exec.SerializationUtilities: Deserializing MapWork using kryo
2024-04-23T21:50:34,493  INFO [LocalJobRunner Map Task Executor #0] exec.Utilities: Deserialized plan (via FILE) - name: null size: 6,07KB
2024-04-23T21:50:34,494  INFO [LocalJobRunner Map Task Executor #0] mapred.MapTask: numReduceTasks: 0
2024-04-23T21:50:34,496  INFO [LocalJobRunner Map Task Executor #0] exec.MapOperator: Initializing Operator: MAP[0]
2024-04-23T21:50:34,496  INFO [LocalJobRunner Map Task Executor #0] mr.ExecMapper: 
<MAP>Id =0
  <Children>null
  <\Children>
  <Parent><\Parent>
<\MAP>
2024-04-23T21:50:34,497  INFO [LocalJobRunner Map Task Executor #0] exec.TableScanOperator: Initializing Operator: TS[0]
2024-04-23T21:50:34,497  INFO [LocalJobRunner Map Task Executor #0] exec.SelectOperator: Initializing Operator: SEL[1]
2024-04-23T21:50:34,497  INFO [LocalJobRunner Map Task Executor #0] exec.SelectOperator: SELECT null
2024-04-23T21:50:34,497  INFO [LocalJobRunner Map Task Executor #0] exec.UDTFOperator: Initializing Operator: UDTF[2]
2024-04-23T21:50:34,497  INFO [LocalJobRunner Map Task Executor #0] exec.SelectOperator: Initializing Operator: SEL[3]
2024-04-23T21:50:34,497  INFO [LocalJobRunner Map Task Executor #0] exec.SelectOperator: SELECT struct<col1:int,col2:int>
2024-04-23T21:50:34,497  INFO [LocalJobRunner Map Task Executor #0] exec.FileSinkOperator: Initializing Operator: FS[4]
2024-04-23T21:50:34,497  INFO [LocalJobRunner Map Task Executor #0] exec.FileSinkOperator: Using serializer : AbstractSerDe [log=org.apache.logging.slf4j.Log4jLogger@217203f5, configuration=Optional[Configuration: core-default.xml, core-site.xml, mapred-default.xml, mapred-site.xml, yarn-default.xml, yarn-site.xml, hdfs-default.xml, hdfs-site.xml, file:/home/alex/Repositories/hive/ql/target/tmp/TestTxnLoadData/mapred/local/localRunner/alex/job_local1761232295_0043/job_local1761232295_0043.xml], properties={name=default.tstage, columns.types=int:int, serialization.format=1, columns=a,b, numFilesErasureCoded=0, columns.comments=&amp#0;, bucketing_version=2, serialization.lib=org.apache.hadoop.hive.ql.io.orc.OrcSerde, file.inputformat=org.apache.hadoop.hive.ql.io.orc.OrcInputFormat, file.outputformat=org.apache.hadoop.hive.ql.io.orc.OrcOutputFormat, location=file:/home/alex/Repositories/hive/ql/target/tmp/org.apache.hadoop.hive.ql.TestTxnLoadData-1713934124385/warehouse/tstage, column.name.delimiter=,}, tableProperties={name=default.tstage, columns.types=int:int, serialization.format=1, columns=a,b, numFilesErasureCoded=0, columns.comments=&amp#0;, bucketing_version=2, serialization.lib=org.apache.hadoop.hive.ql.io.orc.OrcSerde, file.inputformat=org.apache.hadoop.hive.ql.io.orc.OrcInputFormat, location=file:/home/alex/Repositories/hive/ql/target/tmp/org.apache.hadoop.hive.ql.TestTxnLoadData-1713934124385/warehouse/tstage, file.outputformat=org.apache.hadoop.hive.ql.io.orc.OrcOutputFormat, column.name.delimiter=,}, partitionProperties=Optional.empty, columnNames=[a, b], columnTypes=[int, int], getClass()=class org.apache.hadoop.hive.ql.io.orc.OrcSerde] and formatter : org.apache.hadoop.hive.ql.io.orc.OrcOutputFormat@21e32988
2024-04-23T21:50:34,498  INFO [LocalJobRunner Map Task Executor #0] exec.FileSinkOperator: Final Path: FS file:/home/alex/Repositories/hive/ql/target/tmp/org.apache.hadoop.hive.ql.TestTxnLoadData-1713934124385/warehouse/tstage/.hive-staging_hive_2024-04-23_21-50-33_994_2273183848485316068-1/_tmp.-ext-10002/000000_0
2024-04-23T21:50:34,498  INFO [LocalJobRunner Map Task Executor #0] exec.FileSinkOperator: Writing to temp file: FS file:/home/alex/Repositories/hive/ql/target/tmp/org.apache.hadoop.hive.ql.TestTxnLoadData-1713934124385/warehouse/tstage/.hive-staging_hive_2024-04-23_21-50-33_994_2273183848485316068-1/_task_tmp.-ext-10002/_tmp.000000_0
2024-04-23T21:50:34,498  INFO [LocalJobRunner Map Task Executor #0] exec.FileSinkOperator: New Final Path: FS file:/home/alex/Repositories/hive/ql/target/tmp/org.apache.hadoop.hive.ql.TestTxnLoadData-1713934124385/warehouse/tstage/.hive-staging_hive_2024-04-23_21-50-33_994_2273183848485316068-1/_tmp.-ext-10002/000000_0
2024-04-23T21:50:34,500  INFO [LocalJobRunner Map Task Executor #0] exec.FileSinkOperator: FS[4]: records written - 1
2024-04-23T21:50:34,500  INFO [LocalJobRunner Map Task Executor #0] impl.PhysicalFsWriter: ORC writer created for path: file:/home/alex/Repositories/hive/ql/target/tmp/org.apache.hadoop.hive.ql.TestTxnLoadData-1713934124385/warehouse/tstage/.hive-staging_hive_2024-04-23_21-50-33_994_2273183848485316068-1/_task_tmp.-ext-10002/_tmp.000000_0 with stripeSize: 67108864 blockSize: 268435456 compression: Compress: ZLIB buffer: 262144
2024-04-23T21:50:34,506  INFO [LocalJobRunner Map Task Executor #0] impl.WriterImpl: ORC writer created for path: file:/home/alex/Repositories/hive/ql/target/tmp/org.apache.hadoop.hive.ql.TestTxnLoadData-1713934124385/warehouse/tstage/.hive-staging_hive_2024-04-23_21-50-33_994_2273183848485316068-1/_task_tmp.-ext-10002/_tmp.000000_0 with stripeSize: 67108864 options: Compress: ZLIB buffer: 262144
2024-04-23T21:50:34,506  INFO [LocalJobRunner Map Task Executor #0] exec.MapOperator: MAP[0]: records read - 1
2024-04-23T21:50:34,507  INFO [LocalJobRunner Map Task Executor #0] exec.MapOperator: Closing Operator: MAP[0]
2024-04-23T21:50:34,507  INFO [LocalJobRunner Map Task Executor #0] exec.MapOperator: MAP[0]: Total records read - 3. abort - false
2024-04-23T21:50:34,507  INFO [LocalJobRunner Map Task Executor #0] exec.MapOperator: DESERIALIZE_ERRORS:0, RECORDS_IN:3, RECORDS_OUT_OPERATOR_MAP_0:0, RECORDS_OUT_INTERMEDIATE:0, 
2024-04-23T21:50:34,507  INFO [LocalJobRunner Map Task Executor #0] exec.TableScanOperator: Closing Operator: TS[0]
2024-04-23T21:50:34,507  INFO [LocalJobRunner Map Task Executor #0] exec.TableScanOperator: RECORDS_OUT_OPERATOR_TS_0:1, RECORDS_OUT_INTERMEDIATE:0, 
2024-04-23T21:50:34,507  INFO [LocalJobRunner Map Task Executor #0] exec.SelectOperator: Closing Operator: SEL[1]
2024-04-23T21:50:34,507  INFO [LocalJobRunner Map Task Executor #0] exec.SelectOperator: RECORDS_OUT_INTERMEDIATE:0, RECORDS_OUT_OPERATOR_SEL_1:1, 
2024-04-23T21:50:34,507  INFO [LocalJobRunner Map Task Executor #0] exec.UDTFOperator: Closing Operator: UDTF[2]
2024-04-23T21:50:34,507  INFO [LocalJobRunner Map Task Executor #0] exec.UDTFOperator: RECORDS_OUT_INTERMEDIATE:0, RECORDS_OUT_OPERATOR_UDTF_2:2, 
2024-04-23T21:50:34,507  INFO [LocalJobRunner Map Task Executor #0] exec.SelectOperator: Closing Operator: SEL[3]
2024-04-23T21:50:34,507  INFO [LocalJobRunner Map Task Executor #0] exec.SelectOperator: RECORDS_OUT_OPERATOR_SEL_3:2, RECORDS_OUT_INTERMEDIATE:0, 
2024-04-23T21:50:34,507  INFO [LocalJobRunner Map Task Executor #0] exec.FileSinkOperator: Closing Operator: FS[4]
2024-04-23T21:50:34,507  INFO [LocalJobRunner Map Task Executor #0] exec.FileSinkOperator: FS[4]: records written - 2
2024-04-23T21:50:34,514  INFO [LocalJobRunner Map Task Executor #0] exec.FileSinkOperator: RECORDS_OUT_INTERMEDIATE:0, TOTAL_TABLE_ROWS_WRITTEN:2, RECORDS_OUT_OPERATOR_FS_4:2, RECORDS_OUT_1_default.tstage:2, 
2024-04-23T21:50:34,514  INFO [LocalJobRunner Map Task Executor #0] mapred.LocalJobRunner: 
2024-04-23T21:50:34,516  INFO [LocalJobRunner Map Task Executor #0] mapred.Task: Task:attempt_local1761232295_0043_m_000000_0 is done. And is in the process of committing
2024-04-23T21:50:34,517  INFO [LocalJobRunner Map Task Executor #0] mapred.LocalJobRunner: map
2024-04-23T21:50:34,517  INFO [LocalJobRunner Map Task Executor #0] mapred.Task: Task 'attempt_local1761232295_0043_m_000000_0' done.
2024-04-23T21:50:34,517  INFO [LocalJobRunner Map Task Executor #0] mapred.Task: Final Counters for attempt_local1761232295_0043_m_000000_0: Counters: 27
	File System Counters
		FILE: Number of bytes read=586505
		FILE: Number of bytes written=50455792
		FILE: Number of read operations=0
		FILE: Number of large read operations=0
		FILE: Number of write operations=0
	Map-Reduce Framework
		Map input records=4
		Map output records=0
		Input split bytes=361
		Spilled Records=0
		Failed Shuffles=0
		Merged Map outputs=0
		GC time elapsed (ms)=0
		Total committed heap usage (bytes)=1188560896
	HIVE
		CREATED_FILES=1
		DESERIALIZE_ERRORS=0
		RECORDS_IN=3
		RECORDS_OUT_1_default.tstage=2
		RECORDS_OUT_INTERMEDIATE=0
		RECORDS_OUT_OPERATOR_FS_4=2
		RECORDS_OUT_OPERATOR_MAP_0=0
		RECORDS_OUT_OPERATOR_SEL_1=1
		RECORDS_OUT_OPERATOR_SEL_3=2
		RECORDS_OUT_OPERATOR_TS_0=1
		RECORDS_OUT_OPERATOR_UDTF_2=2
		TOTAL_TABLE_ROWS_WRITTEN=2
	File Input Format Counters 
		Bytes Read=6132
	File Output Format Counters 
		Bytes Written=0
2024-04-23T21:50:34,517  INFO [LocalJobRunner Map Task Executor #0] mapred.LocalJobRunner: Finishing task: attempt_local1761232295_0043_m_000000_0
2024-04-23T21:50:34,517  INFO [Thread-2739] mapred.LocalJobRunner: map task executor complete.
2024-04-23 21:50:35,487 Stage-1 map = 100%,  reduce = 0%
2024-04-23T21:50:35,488  INFO [main] exec.Task: 2024-04-23 21:50:35,487 Stage-1 map = 100%,  reduce = 0%
Ended Job = job_local1761232295_0043
2024-04-23T21:50:35,489  INFO [main] exec.Task: Ended Job = job_local1761232295_0043
2024-04-23T21:50:35,491  INFO [main] ql.Driver: Starting task [Stage-7:CONDITIONAL] in serial mode
Stage-4 is selected by condition resolver.
2024-04-23T21:50:35,491  INFO [main] exec.Task: Stage-4 is selected by condition resolver.
Stage-3 is filtered out by condition resolver.
2024-04-23T21:50:35,491  INFO [main] exec.Task: Stage-3 is filtered out by condition resolver.
Stage-5 is filtered out by condition resolver.
2024-04-23T21:50:35,491  INFO [main] exec.Task: Stage-5 is filtered out by condition resolver.
2024-04-23T21:50:35,491  INFO [main] ql.Driver: Starting task [Stage-4:MOVE] in serial mode
Moving data to directory file:/home/alex/Repositories/hive/ql/target/tmp/org.apache.hadoop.hive.ql.TestTxnLoadData-1713934124385/warehouse/tstage/.hive-staging_hive_2024-04-23_21-50-33_994_2273183848485316068-1/-ext-10000
2024-04-23T21:50:35,491  INFO [main] exec.Task: Moving data to directory file:/home/alex/Repositories/hive/ql/target/tmp/org.apache.hadoop.hive.ql.TestTxnLoadData-1713934124385/warehouse/tstage/.hive-staging_hive_2024-04-23_21-50-33_994_2273183848485316068-1/-ext-10000 from file:/home/alex/Repositories/hive/ql/target/tmp/org.apache.hadoop.hive.ql.TestTxnLoadData-1713934124385/warehouse/tstage/.hive-staging_hive_2024-04-23_21-50-33_994_2273183848485316068-1/-ext-10002
2024-04-23T21:50:35,492  INFO [main] ql.Driver: Starting task [Stage-0:MOVE] in serial mode
Loading data to table default.tstage
2024-04-23T21:50:35,492  INFO [main] exec.Task: Loading data to table default.tstage from file:/home/alex/Repositories/hive/ql/target/tmp/org.apache.hadoop.hive.ql.TestTxnLoadData-1713934124385/warehouse/tstage/.hive-staging_hive_2024-04-23_21-50-33_994_2273183848485316068-1/-ext-10000
2024-04-23T21:50:35,492  INFO [main] HiveMetaStore.audit: ugi=alex	ip=unknown-ip-addr	cmd=get_table : tbl=hive.default.tstage	
2024-04-23T21:50:35,502  INFO [main] metastore.HMSHandler: Skipping translation for processor with null
2024-04-23T21:50:35,502  INFO [main] HiveMetaStore.audit: ugi=alex	ip=unknown-ip-addr	cmd=get_table : tbl=hive.default.tstage	
2024-04-23T21:50:35,512  INFO [main] metastore.HMSHandler: Skipping translation for processor with null
2024-04-23T21:50:35,514  WARN [main] metadata.Hive: Cannot get a table snapshot for tstage
2024-04-23T21:50:35,514  INFO [main] HiveMetaStore.audit: ugi=alex	ip=unknown-ip-addr	cmd=alter_table: hive.default.tstage newtbl=tstage	
2024-04-23T21:50:35,540  INFO [main] ql.Driver: Starting task [Stage-2:STATS] in serial mode
2024-04-23T21:50:35,541  INFO [main] HiveMetaStore.audit: ugi=alex	ip=unknown-ip-addr	cmd=get_table : tbl=hive.default.tstage	
2024-04-23T21:50:35,548  INFO [main] metastore.HMSHandler: Skipping translation for processor with null
2024-04-23T21:50:35,548  INFO [main] stats.BasicStatsTask: Executing stats task
2024-04-23T21:50:35,549  INFO [main] fs.FSStatsPublisher: created : file:/home/alex/Repositories/hive/ql/target/tmp/localscratchdir/6f2f3d5e-53c3-4c28-a4ef-236a38220ec7/hive_2024-04-23_21-50-33_994_2273183848485316068-1/-mr-10001
2024-04-23T21:50:35,550  INFO [main] HiveMetaStore.audit: ugi=alex	ip=unknown-ip-addr	cmd=get_table : tbl=hive.default.tstage	
2024-04-23T21:50:35,558  INFO [main] metastore.HMSHandler: Skipping translation for processor with null
2024-04-23T21:50:35,558  INFO [main] FileOperations: Read stats for default.tstage/, numRows, true, 2, false: 
2024-04-23T21:50:35,558  INFO [main] FileOperations: Read stats for default.tstage/, rawDataSize, true, 16, false: 
2024-04-23T21:50:35,559  WARN [main] metadata.Hive: Cannot get a table snapshot for tstage
2024-04-23T21:50:35,559  INFO [main] HiveMetaStore.audit: ugi=alex	ip=unknown-ip-addr	cmd=alter_table: hive.default.tstage newtbl=tstage	
2024-04-23T21:50:35,582  INFO [main] stats.BasicStatsTask: Table default.tstage stats: [numFiles=1, numRows=2, totalSize=254, rawDataSize=16, numFilesErasureCoded=0]
2024-04-23T21:50:35,582  INFO [main] metadata.Hive: Dumping metastore api call timing information for : execution phase
2024-04-23T21:50:35,582  INFO [main] metadata.Hive: Total time spent in each metastore function (ms): {alter_table_(String, String, String, Table, EnvironmentContext, String)=49, isCompatibleWith_(Configuration)=1, getTable_(GetTableRequest)=35}
MapReduce Jobs Launched: 
2024-04-23T21:50:35,582  INFO [main] ql.Driver: MapReduce Jobs Launched: 
Stage-Stage-1:  HDFS Read: 0 HDFS Write: 0 SUCCESS
2024-04-23T21:50:35,583  INFO [main] ql.Driver: Stage-Stage-1:  HDFS Read: 0 HDFS Write: 0 SUCCESS
Total MapReduce CPU Time Spent: 0 msec
2024-04-23T21:50:35,583  INFO [main] ql.Driver: Total MapReduce CPU Time Spent: 0 msec
2024-04-23T21:50:35,583  INFO [main] ql.Driver: Completed executing command(queryId=alex_20240423215033_61bb19fe-8734-46a3-bf5b-edfb0dd04477); Time taken: 1.374 seconds
2024-04-23T21:50:35,583  INFO [main] lockmgr.DbTxnManager: Stopped heartbeat for query: alex_20240423215033_61bb19fe-8734-46a3-bf5b-edfb0dd04477
2024-04-23T21:50:35,586  INFO [main] txn.TxnHandler: Expected to move at least one record from txn_components to completed_txn_components when committing txn! txnid:17
2024-04-23T21:50:35,590  INFO [main] txn.TxnHandler: Removed transactions: ([17]) from MIN_HISTORY_LEVEL
2024-04-23T21:50:35,591  WARN [main] txn.CompactionTxnHandler: No compaction queue record found for Compaction type transaction commit. txnId:17
2024-04-23T21:50:35,591  INFO [main] ql.TxnCommandsBaseForTests: Running the query: export table Tstage to '/home/alex/Repositories/hive/ql/target/tmp/org.apache.hadoop.hive.ql.TestTxnLoadData-1713934124385/warehouse/1'
2024-04-23T21:50:35,592  INFO [main] ql.Context: Deleting scratch dir: file:/home/alex/Repositories/hive/ql/target/tmp/org.apache.hadoop.hive.ql.TestTxnLoadData-1713934124385/warehouse/tstage/.hive-staging_hive_2024-04-23_21-50-33_994_2273183848485316068-1
2024-04-23T21:50:35,592  INFO [main] cleanup.SyncCleanupService: Deleted directory: file:/home/alex/Repositories/hive/ql/target/tmp/org.apache.hadoop.hive.ql.TestTxnLoadData-1713934124385/warehouse/tstage/.hive-staging_hive_2024-04-23_21-50-33_994_2273183848485316068-1 on fs with scheme file
2024-04-23T21:50:35,592  INFO [main] ql.Context: Deleting scratch dir: file:/home/alex/Repositories/hive/ql/target/tmp/localscratchdir/6f2f3d5e-53c3-4c28-a4ef-236a38220ec7/hive_2024-04-23_21-50-33_994_2273183848485316068-1
2024-04-23T21:50:35,593  INFO [main] cleanup.SyncCleanupService: Deleted directory: file:/home/alex/Repositories/hive/ql/target/tmp/localscratchdir/6f2f3d5e-53c3-4c28-a4ef-236a38220ec7/hive_2024-04-23_21-50-33_994_2273183848485316068-1 on fs with scheme file
2024-04-23T21:50:35,593  INFO [main] ql.Driver: Compiling command(queryId=alex_20240423215035_e3b7fd3e-5c96-481d-9919-50121c747e71): export table Tstage to '/home/alex/Repositories/hive/ql/target/tmp/org.apache.hadoop.hive.ql.TestTxnLoadData-1713934124385/warehouse/1'
2024-04-23T21:50:35,593  INFO [main] HiveMetaStore.audit: ugi=alex	ip=unknown-ip-addr	cmd=get_table : tbl=hive.default.Tstage	
2024-04-23T21:50:35,602  INFO [main] metastore.HMSHandler: Skipping translation for processor with null
2024-04-23T21:50:35,604  INFO [main] txn.TxnHandler: Added entries to MIN_HISTORY_LEVEL for current txns: ([18]) with min_open_txn: 18
2024-04-23T21:50:35,604  INFO [main] lockmgr.DbTxnManager: Opened txnid:18
2024-04-23T21:50:35,607  INFO [main] HiveMetaStore.audit: ugi=alex	ip=unknown-ip-addr	cmd=get_table : tbl=hive.default.Tstage	
2024-04-23T21:50:35,616  INFO [main] metastore.HMSHandler: Skipping translation for processor with null
2024-04-23T21:50:35,616  INFO [main] parse.EximUtil: Path before norm :/home/alex/Repositories/hive/ql/target/tmp/org.apache.hadoop.hive.ql.TestTxnLoadData-1713934124385/warehouse/1
2024-04-23T21:50:35,616  INFO [main] parse.EximUtil: Scheme:file, authority:null, path:/home/alex/Repositories/hive/ql/target/tmp/org.apache.hadoop.hive.ql.TestTxnLoadData-1713934124385/warehouse/1
2024-04-23T21:50:35,616  INFO [main] parse.EximUtil: Path before norm :/home/alex/Repositories/hive/ql/target/tmp/org.apache.hadoop.hive.ql.TestTxnLoadData-1713934124385/warehouse/1
2024-04-23T21:50:35,616  INFO [main] parse.EximUtil: Scheme:file, authority:null, path:/home/alex/Repositories/hive/ql/target/tmp/org.apache.hadoop.hive.ql.TestTxnLoadData-1713934124385/warehouse/1
2024-04-23T21:50:35,616  INFO [main] ql.Driver: Semantic Analysis Completed (retrial = false)
2024-04-23T21:50:35,616  INFO [main] ql.Driver: Created Hive schema: Schema(fieldSchemas:null, properties:null)
2024-04-23T21:50:35,616  INFO [main] metadata.Hive: Dumping metastore api call timing information for : compilation phase
2024-04-23T21:50:35,617  INFO [main] metadata.Hive: Total time spent in each metastore function (ms): {getValidTxns_(long)=1, isCompatibleWith_(Configuration)=0, getTable_(GetTableRequest)=18, openTxn_(String, TxnType)=2, flushCache_()=0, getCurrentNotificationEventId_()=2, commitTxn_(CommitTxnRequest)=8}
2024-04-23T21:50:35,617  INFO [main] ql.Driver: Completed compiling command(queryId=alex_20240423215035_e3b7fd3e-5c96-481d-9919-50121c747e71); Time taken: 0.023 seconds
2024-04-23T21:50:35,617  INFO [main] lockmgr.DbTxnManager: Setting lock request transaction to txnid:18 for queryId=alex_20240423215035_e3b7fd3e-5c96-481d-9919-50121c747e71
2024-04-23T21:50:35,618  INFO [main] lockmgr.DbLockManager: Requesting lock for queryId=alex_20240423215035_e3b7fd3e-5c96-481d-9919-50121c747e71
2024-04-23T21:50:35,631  INFO [main] lockmgr.DbLockManager: Response to queryId=alex_20240423215035_e3b7fd3e-5c96-481d-9919-50121c747e71 LockResponse(lockid:12, state:ACQUIRED)
2024-04-23T21:50:35,631  INFO [main] ql.Driver: Operation EXPORT obtained 1 locks
2024-04-23T21:50:35,631  INFO [main] ql.Driver: Executing command(queryId=alex_20240423215035_e3b7fd3e-5c96-481d-9919-50121c747e71): export table Tstage to '/home/alex/Repositories/hive/ql/target/tmp/org.apache.hadoop.hive.ql.TestTxnLoadData-1713934124385/warehouse/1'
2024-04-23T21:50:35,632  INFO [main] ql.Driver: Starting task [Stage-0:REPL_DUMP] in serial mode
2024-04-23T21:50:35,632  INFO [main] parse.EximUtil: Path before norm :/home/alex/Repositories/hive/ql/target/tmp/org.apache.hadoop.hive.ql.TestTxnLoadData-1713934124385/warehouse/1
2024-04-23T21:50:35,632  INFO [main] parse.EximUtil: Scheme:file, authority:null, path:/home/alex/Repositories/hive/ql/target/tmp/org.apache.hadoop.hive.ql.TestTxnLoadData-1713934124385/warehouse/1
2024-04-23T21:50:35,632  INFO [main] parse.EximUtil: Path before norm :/home/alex/Repositories/hive/ql/target/tmp/org.apache.hadoop.hive.ql.TestTxnLoadData-1713934124385/warehouse/1
2024-04-23T21:50:35,632  INFO [main] parse.EximUtil: Scheme:file, authority:null, path:/home/alex/Repositories/hive/ql/target/tmp/org.apache.hadoop.hive.ql.TestTxnLoadData-1713934124385/warehouse/1
2024-04-23T21:50:35,643  WARN [main] shims.Utils: XAttr won't be preserved since it is not supported for file system: file:///
2024-04-23T21:50:35,648  INFO [main] metadata.Hive: Dumping metastore api call timing information for : execution phase
2024-04-23T21:50:35,648  INFO [main] metadata.Hive: Total time spent in each metastore function (ms): {isCompatibleWith_(Configuration)=0}
2024-04-23T21:50:35,648  INFO [main] ql.Driver: Completed executing command(queryId=alex_20240423215035_e3b7fd3e-5c96-481d-9919-50121c747e71); Time taken: 0.017 seconds
2024-04-23T21:50:35,648  INFO [main] lockmgr.DbTxnManager: Stopped heartbeat for query: alex_20240423215035_e3b7fd3e-5c96-481d-9919-50121c747e71
2024-04-23T21:50:35,652  INFO [main] txn.TxnHandler: Expected to move at least one record from txn_components to completed_txn_components when committing txn! txnid:18
2024-04-23T21:50:35,658  INFO [main] txn.TxnHandler: Removed transactions: ([18]) from MIN_HISTORY_LEVEL
2024-04-23T21:50:35,658  WARN [main] txn.CompactionTxnHandler: No compaction queue record found for Compaction type transaction commit. txnId:18
2024-04-23T21:50:35,659  INFO [main] ql.TxnCommandsBaseForTests: Running the query: truncate table Tstage
2024-04-23T21:50:35,659  INFO [main] ql.Driver: Compiling command(queryId=alex_20240423215035_03b726ee-f17b-480c-829d-bc608a686a5b): truncate table Tstage
2024-04-23T21:50:35,661  INFO [main] txn.TxnHandler: Added entries to MIN_HISTORY_LEVEL for current txns: ([19]) with min_open_txn: 18
2024-04-23T21:50:35,661  INFO [main] lockmgr.DbTxnManager: Opened txnid:19
2024-04-23T21:50:35,662  INFO [main] HiveMetaStore.audit: ugi=alex	ip=unknown-ip-addr	cmd=get_table : tbl=hive.default.Tstage	
2024-04-23T21:50:35,671  INFO [main] metastore.HMSHandler: Skipping translation for processor with null
2024-04-23T21:50:35,671  INFO [main] ql.Driver: Semantic Analysis Completed (retrial = false)
2024-04-23T21:50:35,671  INFO [main] ql.Driver: Created Hive schema: Schema(fieldSchemas:null, properties:null)
2024-04-23T21:50:35,671  INFO [main] metadata.Hive: Dumping metastore api call timing information for : compilation phase
2024-04-23T21:50:35,671  INFO [main] metadata.Hive: Total time spent in each metastore function (ms): {commitTxn_(CommitTxnRequest)=9, flushCache_()=0, openTxn_(String, TxnType)=2, getValidTxns_(long)=0, isCompatibleWith_(Configuration)=0, getTable_(GetTableRequest)=9}
2024-04-23T21:50:35,672  INFO [main] ql.Driver: Completed compiling command(queryId=alex_20240423215035_03b726ee-f17b-480c-829d-bc608a686a5b); Time taken: 0.012 seconds
2024-04-23T21:50:35,672  INFO [main] lockmgr.DbTxnManager: Setting lock request transaction to txnid:19 for queryId=alex_20240423215035_03b726ee-f17b-480c-829d-bc608a686a5b
2024-04-23T21:50:35,672  INFO [main] lockmgr.DbLockManager: Requesting lock for queryId=alex_20240423215035_03b726ee-f17b-480c-829d-bc608a686a5b
2024-04-23T21:50:35,687  INFO [main] lockmgr.DbLockManager: Response to queryId=alex_20240423215035_03b726ee-f17b-480c-829d-bc608a686a5b LockResponse(lockid:13, state:ACQUIRED)
2024-04-23T21:50:35,687  INFO [main] ql.Driver: Operation TRUNCATETABLE obtained 1 locks
2024-04-23T21:50:35,687  INFO [main] ql.Driver: Executing command(queryId=alex_20240423215035_03b726ee-f17b-480c-829d-bc608a686a5b): truncate table Tstage
2024-04-23T21:50:35,687  INFO [main] ql.Driver: Starting task [Stage-0:DDL] in serial mode
2024-04-23T21:50:35,687  INFO [main] HiveMetaStore.audit: ugi=alex	ip=unknown-ip-addr	cmd=get_table : tbl=hive.default.tstage	
2024-04-23T21:50:35,696  INFO [main] metastore.HMSHandler: Skipping translation for processor with null
2024-04-23T21:50:35,696  INFO [main] HiveMetaStore.audit: ugi=alex	ip=unknown-ip-addr	cmd=get_table : tbl=hive.default.tstage	
2024-04-23T21:50:35,705  INFO [main] metastore.HMSHandler: Skipping translation for processor with null
2024-04-23T21:50:35,736  INFO [main] utils.MetaStoreServerUtils: Updated size of table tstage to 0
2024-04-23T21:50:35,752  INFO [main] metadata.Hive: Dumping metastore api call timing information for : execution phase
2024-04-23T21:50:35,753  INFO [main] metadata.Hive: Total time spent in each metastore function (ms): {isCompatibleWith_(Configuration)=0, getTable_(GetTableRequest)=9, truncateTable_(String, String, List)=56}
2024-04-23T21:50:35,753  INFO [main] ql.Driver: Completed executing command(queryId=alex_20240423215035_03b726ee-f17b-480c-829d-bc608a686a5b); Time taken: 0.065 seconds
2024-04-23T21:50:35,753  INFO [main] lockmgr.DbTxnManager: Stopped heartbeat for query: alex_20240423215035_03b726ee-f17b-480c-829d-bc608a686a5b
2024-04-23T21:50:35,759  INFO [main] txn.TxnHandler: Expected to move at least one record from txn_components to completed_txn_components when committing txn! txnid:19
2024-04-23T21:50:35,765  INFO [main] txn.TxnHandler: Removed transactions: ([19]) from MIN_HISTORY_LEVEL
2024-04-23T21:50:35,765  WARN [main] txn.CompactionTxnHandler: No compaction queue record found for Compaction type transaction commit. txnId:19
2024-04-23T21:50:35,765  INFO [main] ql.TxnCommandsBaseForTests: Running the query: load data local inpath '/home/alex/Repositories/hive/ql/target/tmp/org.apache.hadoop.hive.ql.TestTxnLoadData-1713934124385/warehouse/1/data' into table T
2024-04-23T21:50:35,766  INFO [main] ql.Driver: Compiling command(queryId=alex_20240423215035_9fc5be01-a056-4e36-9168-dc664d8a9325): load data local inpath '/home/alex/Repositories/hive/ql/target/tmp/org.apache.hadoop.hive.ql.TestTxnLoadData-1713934124385/warehouse/1/data' into table T
2024-04-23T21:50:35,768  INFO [main] txn.TxnHandler: Added entries to MIN_HISTORY_LEVEL for current txns: ([20]) with min_open_txn: 18
2024-04-23T21:50:35,768  INFO [main] lockmgr.DbTxnManager: Opened txnid:20
2024-04-23T21:50:35,769  INFO [main] parse.LoadSemanticAnalyzer: Starting caching scope for: 
2024-04-23T21:50:35,769  INFO [main] HiveMetaStore.audit: ugi=alex	ip=unknown-ip-addr	cmd=get_table : tbl=hive.default.T	
2024-04-23T21:50:35,776  INFO [main] metastore.HMSHandler: Skipping translation for processor with null
2024-04-23T21:50:35,785  INFO [main] txn.TxnHandler: Allocated writeId: 1 for txnId: 20
2024-04-23T21:50:35,786  INFO [main] txn.TxnHandler: Allocated write ids for dbName=default, tblName=t (txnIds: [20])
2024-04-23T21:50:35,786  INFO [main] parse.LoadSemanticAnalyzer: Ending caching scope for: 
2024-04-23T21:50:35,786  INFO [main] ql.Driver: Semantic Analysis Completed (retrial = false)
2024-04-23T21:50:35,786  INFO [main] ql.Driver: Created Hive schema: Schema(fieldSchemas:null, properties:null)
2024-04-23T21:50:35,786  INFO [main] metadata.Hive: Dumping metastore api call timing information for : compilation phase
2024-04-23T21:50:35,787  INFO [main] metadata.Hive: Total time spent in each metastore function (ms): {getValidTxns_(long)=0, commitTxn_(CommitTxnRequest)=12, isCompatibleWith_(Configuration)=0, flushCache_()=0, openTxn_(String, TxnType)=2, getTable_(GetTableRequest)=7, allocateTableWriteId_(long, String, String)=8}
2024-04-23T21:50:35,787  INFO [main] ql.Driver: Completed compiling command(queryId=alex_20240423215035_9fc5be01-a056-4e36-9168-dc664d8a9325); Time taken: 0.02 seconds
2024-04-23T21:50:35,787  INFO [main] lockmgr.DbTxnManager: Setting lock request transaction to txnid:20 for queryId=alex_20240423215035_9fc5be01-a056-4e36-9168-dc664d8a9325
2024-04-23T21:50:35,787  INFO [main] lockmgr.DbLockManager: Requesting lock for queryId=alex_20240423215035_9fc5be01-a056-4e36-9168-dc664d8a9325
2024-04-23T21:50:35,804  INFO [main] lockmgr.DbLockManager: Response to queryId=alex_20240423215035_9fc5be01-a056-4e36-9168-dc664d8a9325 LockResponse(lockid:14, state:ACQUIRED)
2024-04-23T21:50:35,804  INFO [main] ql.Driver: Operation LOAD obtained 1 locks
2024-04-23T21:50:35,809  INFO [main] ql.Driver: Executing command(queryId=alex_20240423215035_9fc5be01-a056-4e36-9168-dc664d8a9325): load data local inpath '/home/alex/Repositories/hive/ql/target/tmp/org.apache.hadoop.hive.ql.TestTxnLoadData-1713934124385/warehouse/1/data' into table T
2024-04-23T21:50:35,810  INFO [main] ql.Driver: Starting task [Stage-0:MOVE] in serial mode
Loading data to table default.t
2024-04-23T21:50:35,820  INFO [main] exec.Task: Loading data to table default.t from file:/home/alex/Repositories/hive/ql/target/tmp/org.apache.hadoop.hive.ql.TestTxnLoadData-1713934124385/warehouse/1/data
2024-04-23T21:50:35,820  INFO [main] HiveMetaStore.audit: ugi=alex	ip=unknown-ip-addr	cmd=get_table : tbl=hive.default.t	
2024-04-23T21:50:35,828  INFO [main] metastore.HMSHandler: Skipping translation for processor with null
2024-04-23T21:50:35,829  INFO [main] HiveMetaStore.audit: ugi=alex	ip=unknown-ip-addr	cmd=get_table : tbl=hive.default.t	
2024-04-23T21:50:35,835  INFO [main] metastore.HMSHandler: Skipping translation for processor with null
2024-04-23T21:50:35,835  INFO [main] common.FileUtils: Creating directory if it doesn't exist: file:/home/alex/Repositories/hive/ql/target/tmp/org.apache.hadoop.hive.ql.TestTxnLoadData-1713934124385/warehouse/t/delta_0000001_0000001_0000
2024-04-23T21:50:35,844  INFO [main] HiveMetaStore.audit: ugi=alex	ip=unknown-ip-addr	cmd=alter_table: hive.default.t newtbl=t	
2024-04-23T21:50:35,872  INFO [main] ql.Driver: Starting task [Stage-1:STATS] in serial mode
2024-04-23T21:50:35,872  INFO [main] HiveMetaStore.audit: ugi=alex	ip=unknown-ip-addr	cmd=get_table : tbl=hive.default.t	
2024-04-23T21:50:35,879  INFO [main] metastore.HMSHandler: Skipping translation for processor with null
2024-04-23T21:50:35,879  INFO [main] stats.BasicStatsTask: Executing stats task
2024-04-23T21:50:35,879  INFO [main] HiveMetaStore.audit: ugi=alex	ip=unknown-ip-addr	cmd=get_table : tbl=hive.default.t	
2024-04-23T21:50:35,886  INFO [main] metastore.HMSHandler: Skipping translation for processor with null
2024-04-23T21:50:35,893  WARN [main] FileOperations: Computing stats for an ACID table; stats may be inaccurate
2024-04-23T21:50:35,893  INFO [main] HiveMetaStore.audit: ugi=alex	ip=unknown-ip-addr	cmd=alter_table: hive.default.t newtbl=t	
2024-04-23T21:50:35,915  INFO [main] stats.BasicStatsTask: Table default.t stats: [numFiles=1, numRows=0, totalSize=254, rawDataSize=0, numFilesErasureCoded=0]
2024-04-23T21:50:35,916  INFO [main] metadata.Hive: Dumping metastore api call timing information for : execution phase
2024-04-23T21:50:35,916  INFO [main] metadata.Hive: Total time spent in each metastore function (ms): {getTable_(GetTableRequest)=28, isCompatibleWith_(Configuration)=10, alter_table_(String, String, String, Table, EnvironmentContext, String)=50}
2024-04-23T21:50:35,916  INFO [main] ql.Driver: Completed executing command(queryId=alex_20240423215035_9fc5be01-a056-4e36-9168-dc664d8a9325); Time taken: 0.107 seconds
2024-04-23T21:50:35,916  INFO [main] lockmgr.DbTxnManager: Stopped heartbeat for query: alex_20240423215035_9fc5be01-a056-4e36-9168-dc664d8a9325
2024-04-23T21:50:35,925  INFO [main] txn.TxnHandler: Removed transactions: ([20]) from MIN_HISTORY_LEVEL
2024-04-23T21:50:35,925  WARN [main] txn.CompactionTxnHandler: No compaction queue record found for Compaction type transaction commit. txnId:20
2024-04-23T21:50:35,926  INFO [main] ql.TxnCommandsBaseForTests: Running the query: select ROW__ID, a, b from T order by ROW__ID
2024-04-23T21:50:35,926  INFO [main] ql.Driver: Compiling command(queryId=alex_20240423215035_4456f3f7-c240-47e3-a484-dac9266efbc4): select ROW__ID, a, b from T order by ROW__ID
2024-04-23T21:50:35,929  INFO [main] txn.TxnHandler: Added entries to MIN_HISTORY_LEVEL for current txns: ([21]) with min_open_txn: 18
2024-04-23T21:50:35,929  INFO [main] lockmgr.DbTxnManager: Opened txnid:21
2024-04-23T21:50:35,930  INFO [main] parse.CalcitePlanner: Starting caching scope for: 
2024-04-23T21:50:35,930  INFO [main] parse.CalcitePlanner: Starting Semantic Analysis
2024-04-23T21:50:35,935  INFO [main] parse.CalcitePlanner: Completed phase 1 of Semantic Analysis
2024-04-23T21:50:35,935  INFO [main] parse.CalcitePlanner: Get metadata for source tables
2024-04-23T21:50:35,936  INFO [main] HiveMetaStore.audit: ugi=alex	ip=unknown-ip-addr	cmd=get_table : tbl=hive.default.t	
2024-04-23T21:50:35,941  INFO [main] metastore.ObjectStore: Removed COLUMN_STATS_ACCURATE from Table's parameters.
2024-04-23T21:50:35,942  INFO [main] metastore.HMSHandler: Skipping translation for processor with null
2024-04-23T21:50:35,942  INFO [main] parse.CalcitePlanner: Get metadata for subqueries
2024-04-23T21:50:35,943  INFO [main] parse.CalcitePlanner: Get metadata for destination tables
2024-04-23T21:50:35,943  INFO [main] parse.CalcitePlanner: Completed getting MetaData in Semantic Analysis
2024-04-23T21:50:35,954  INFO [main] HiveMetaStore.audit: ugi=alex	ip=unknown-ip-addr	cmd=get_all_table_constraints : tbl=hive.default.t	
2024-04-23T21:50:35,984  INFO [main] calcite.RelOptHiveTable: Calculating column statistics for default.t, projIndxSet: [0, 1], allowMissingStats: true
2024-04-23T21:50:35,985  INFO [main] HiveMetaStore.audit: ugi=alex	ip=unknown-ip-addr	cmd=get_table_statistics_req: table=hive.default.t	
2024-04-23T21:50:35,995  WARN [main] calcite.RelOptHiveTable: No Stats for default@t, Columns: a, b
No Stats for default@t, Columns: a, b
2024-04-23T21:50:35,995  INFO [main] SessionState: No Stats for default@t, Columns: a, b
2024-04-23T21:50:36,037  INFO [main] parse.CalcitePlanner: Get metadata for source tables
2024-04-23T21:50:36,037  INFO [main] parse.CalcitePlanner: Get metadata for subqueries
2024-04-23T21:50:36,037  INFO [main] parse.CalcitePlanner: Get metadata for destination tables
2024-04-23T21:50:36,039  INFO [main] common.FileUtils: Creating directory if it doesn't exist: file:/home/alex/Repositories/hive/ql/target/tmp/localscratchdir/6f2f3d5e-53c3-4c28-a4ef-236a38220ec7/hive_2024-04-23_21-50-35_926_2907864994394410297-1/-mr-10001/.hive-staging_hive_2024-04-23_21-50-35_926_2907864994394410297-1
2024-04-23T21:50:36,046  INFO [main] parse.CalcitePlanner: CBO Succeeded; optimized logical plan.
2024-04-23T21:50:36,048  INFO [main] optimizer.ColumnPrunerProcFactory: RS 2 oldColExprMap: {VALUE._col0=Column[_col1], KEY.reducesinkkey0=Column[_col0], VALUE._col1=Column[_col2]}
2024-04-23T21:50:36,048  INFO [main] optimizer.ColumnPrunerProcFactory: RS 2 newColExprMap: {VALUE._col0=Column[_col1], KEY.reducesinkkey0=Column[_col0], VALUE._col1=Column[_col2]}
2024-04-23T21:50:36,049  INFO [main] optimizer.BucketVersionPopulator: not considering bucketingVersion for: TS[0] because it has -1<2 buckets 
2024-04-23T21:50:36,050  INFO [main] optimizer.SortedDynPartitionOptimizer: Sorted dynamic partitioning optimization kicked in..
2024-04-23T21:50:36,060  INFO [main] physical.Vectorizer: Examining input format to see if vectorization is enabled.
2024-04-23T21:50:36,060  INFO [main] physical.Vectorizer: Vectorization is enabled for input format(s) [org.apache.hadoop.hive.ql.io.orc.OrcInputFormat]
2024-04-23T21:50:36,060  INFO [main] physical.Vectorizer: Validating and vectorizing MapWork... (vectorizedVertexNum 0)
2024-04-23T21:50:36,061  INFO [main] physical.Vectorizer: Map vectorization enabled: true
2024-04-23T21:50:36,061  INFO [main] physical.Vectorizer: Map vectorized: true
2024-04-23T21:50:36,062  INFO [main] physical.Vectorizer: Map vectorizedVertexNum: 0
2024-04-23T21:50:36,062  INFO [main] physical.Vectorizer: Map enabledConditionsMet: [hive.vectorized.use.vectorized.input.format IS true]
2024-04-23T21:50:36,062  INFO [main] physical.Vectorizer: Map inputFileFormatClassNameSet: [org.apache.hadoop.hive.ql.io.orc.OrcInputFormat]
2024-04-23T21:50:36,062  INFO [main] physical.Vectorizer: Reduce vectorization enabled: false
2024-04-23T21:50:36,062  INFO [main] physical.Vectorizer: Reduce vectorized: false
2024-04-23T21:50:36,062  INFO [main] physical.Vectorizer: Reduce vectorizedVertexNum: 1
2024-04-23T21:50:36,062  INFO [main] physical.Vectorizer: Reducer hive.vectorized.execution.reduce.enabled: true
2024-04-23T21:50:36,062  INFO [main] physical.Vectorizer: Reducer engine: mr
2024-04-23T21:50:36,062  INFO [main] parse.CalcitePlanner: Completed plan generation
2024-04-23T21:50:36,062  INFO [main] parse.CalcitePlanner: Ending caching scope for: 
2024-04-23T21:50:36,062  INFO [main] ql.Driver: Semantic Analysis Completed (retrial = false)
2024-04-23T21:50:36,062  INFO [main] ql.Driver: Created Hive schema: Schema(fieldSchemas:[FieldSchema(name:row__id, type:struct<writeid:bigint,bucketid:int,rowid:bigint>, comment:null), FieldSchema(name:a, type:int, comment:null), FieldSchema(name:b, type:int, comment:null)], properties:null)
2024-04-23T21:50:36,063  INFO [main] exec.ListSinkOperator: Initializing Operator: LIST_SINK[7]
2024-04-23T21:50:36,063  INFO [main] metadata.Hive: Dumping metastore api call timing information for : compilation phase
2024-04-23T21:50:36,064  INFO [main] metadata.Hive: Total time spent in each metastore function (ms): {getValidTxns_(long)=1, getAllTableConstraints_(AllTableConstraintsRequest)=26, flushCache_()=0, getValidWriteIds_(List, String)=6, openTxn_(String, TxnType)=2, getTableColumnStatistics_(String, String, List, String)=9, isCompatibleWith_(Configuration)=0, getTable_(GetTableRequest)=6, commitTxn_(CommitTxnRequest)=10}
2024-04-23T21:50:36,064  INFO [main] ql.Driver: Completed compiling command(queryId=alex_20240423215035_4456f3f7-c240-47e3-a484-dac9266efbc4); Time taken: 0.137 seconds
2024-04-23T21:50:36,064  INFO [main] lockmgr.DbTxnManager: Setting lock request transaction to txnid:21 for queryId=alex_20240423215035_4456f3f7-c240-47e3-a484-dac9266efbc4
2024-04-23T21:50:36,065  INFO [main] lockmgr.DbLockManager: Requesting lock for queryId=alex_20240423215035_4456f3f7-c240-47e3-a484-dac9266efbc4
2024-04-23T21:50:36,079  INFO [main] lockmgr.DbLockManager: Response to queryId=alex_20240423215035_4456f3f7-c240-47e3-a484-dac9266efbc4 LockResponse(lockid:15, state:ACQUIRED)
2024-04-23T21:50:36,079  INFO [main] ql.Driver: Operation QUERY obtained 1 locks
2024-04-23T21:50:36,080  INFO [main] ql.Driver: Executing command(queryId=alex_20240423215035_4456f3f7-c240-47e3-a484-dac9266efbc4): select ROW__ID, a, b from T order by ROW__ID
2024-04-23T21:50:36,080  WARN [main] ql.Driver: Hive-on-MR is deprecated in Hive 2 and may not be available in the future versions. Consider using a different execution engine (i.e. spark, tez) or using Hive 1.X releases.
Query ID = alex_20240423215035_4456f3f7-c240-47e3-a484-dac9266efbc4
2024-04-23T21:50:36,080  INFO [main] ql.Driver: Query ID = alex_20240423215035_4456f3f7-c240-47e3-a484-dac9266efbc4
Total jobs = 1
2024-04-23T21:50:36,080  INFO [main] ql.Driver: Total jobs = 1
Launching Job 1 out of 1
2024-04-23T21:50:36,081  INFO [main] ql.Driver: Launching Job 1 out of 1
2024-04-23T21:50:36,222  INFO [main] ql.Driver: Starting task [Stage-1:MAPRED] in serial mode
Number of reduce tasks determined at compile time: 1
2024-04-23T21:50:36,223  INFO [main] exec.Task: Number of reduce tasks determined at compile time: 1
In order to change the average load for a reducer (in bytes):
2024-04-23T21:50:36,223  INFO [main] exec.Task: In order to change the average load for a reducer (in bytes):
  set hive.exec.reducers.bytes.per.reducer=<number>
2024-04-23T21:50:36,223  INFO [main] exec.Task:   set hive.exec.reducers.bytes.per.reducer=<number>
In order to limit the maximum number of reducers:
2024-04-23T21:50:36,223  INFO [main] exec.Task: In order to limit the maximum number of reducers:
  set hive.exec.reducers.max=<number>
2024-04-23T21:50:36,223  INFO [main] exec.Task:   set hive.exec.reducers.max=<number>
In order to set a constant number of reducers:
2024-04-23T21:50:36,223  INFO [main] exec.Task: In order to set a constant number of reducers:
  set mapreduce.job.reduces=<number>
2024-04-23T21:50:36,223  INFO [main] exec.Task:   set mapreduce.job.reduces=<number>
2024-04-23T21:50:36,225  INFO [main] mr.ExecDriver: Using org.apache.hadoop.hive.ql.io.HiveInputFormat
2024-04-23T21:50:36,226  INFO [main] exec.Utilities: Processing alias t
2024-04-23T21:50:36,226  INFO [main] exec.Utilities: Adding 1 inputs; the first input is file:/home/alex/Repositories/hive/ql/target/tmp/org.apache.hadoop.hive.ql.TestTxnLoadData-1713934124385/warehouse/t
2024-04-23T21:50:36,235  INFO [main] exec.SerializationUtilities: Serializing MapWork using kryo
2024-04-23T21:50:36,236  INFO [main] exec.Utilities: Serialized plan (via FILE) - name: null size: 5,99KB
2024-04-23T21:50:36,241  INFO [main] exec.SerializationUtilities: Serializing ReduceWork using kryo
2024-04-23T21:50:36,242  INFO [main] exec.Utilities: Serialized plan (via FILE) - name: null size: 7,16KB
2024-04-23T21:50:36,243  WARN [main] impl.MetricsSystemImpl: JobTracker metrics system already initialized!
2024-04-23T21:50:36,250  WARN [main] impl.MetricsSystemImpl: JobTracker metrics system already initialized!
2024-04-23T21:50:36,257  WARN [main] mapreduce.JobResourceUploader: Hadoop command-line option parsing not performed. Implement the Tool interface and execute your application with ToolRunner to remedy this.
2024-04-23T21:50:36,262  WARN [main] mapreduce.JobResourceUploader: No job jar file set.  User classes may not be found. See Job or Job#setJar(String).
2024-04-23T21:50:36,263  INFO [main] io.HiveInputFormat: hive.io.file.readcolumn.ids = 0,1
2024-04-23T21:50:36,263  INFO [main] io.HiveInputFormat: hive.io.file.readcolumn.names = a,b
2024-04-23T21:50:36,263  INFO [main] io.HiveInputFormat: Generating splits for dirs: file:/home/alex/Repositories/hive/ql/target/tmp/org.apache.hadoop.hive.ql.TestTxnLoadData-1713934124385/warehouse/t
2024-04-23T21:50:36,263  INFO [main] orc.OrcInputFormat: getSplits started
2024-04-23T21:50:36,263  INFO [main] orc.OrcInputFormat: Context:: isAcid: true isVectorMode: true sarg: null minSplitSize: 1 maxSplitSize: 256000000 splitStrategy: HYBRID footerInSplits: false numBuckets: 0 numThreads: 10 cacheMemSize: 268435456 cacheStripeDetails: true useSoftReference: false writeIdList: default.t:1:9223372036854775807:: isTransactionalTable: true txnProperties: default 
2024-04-23T21:50:36,263  INFO [main] orc.OrcInputFormat: ORC pushdown predicate: null
2024-04-23T21:50:36,275  INFO [main] orc.OrcInputFormat: FooterCacheHitRatio: 0/1
2024-04-23T21:50:36,275  INFO [main] orc.OrcInputFormat: getSplits finished (#splits: 1). duration: 12 ms
2024-04-23T21:50:36,275  INFO [main] io.HiveInputFormat: number of splits 1
2024-04-23T21:50:36,293  INFO [main] mapreduce.JobSubmitter: number of splits:1
2024-04-23T21:50:36,320  INFO [main] mapreduce.JobSubmitter: Submitting tokens for job: job_local218443853_0044
2024-04-23T21:50:36,321  INFO [main] mapreduce.JobSubmitter: Executing with tokens: []
2024-04-23T21:50:36,415  INFO [main] mapreduce.Job: The url to track the job: http://localhost:8080/
Job running in-process (local Hadoop)
2024-04-23T21:50:36,415  INFO [main] exec.Task: Job running in-process (local Hadoop)
2024-04-23T21:50:36,416  INFO [Thread-2802] mapred.LocalJobRunner: OutputCommitter set in config org.apache.hadoop.hive.ql.io.HiveFileFormatUtils$NullOutputCommitter
2024-04-23T21:50:36,416  INFO [Thread-2802] mapred.LocalJobRunner: OutputCommitter is org.apache.hadoop.hive.ql.io.HiveFileFormatUtils$NullOutputCommitter
2024-04-23T21:50:36,417  INFO [Thread-2802] mapred.LocalJobRunner: Waiting for map tasks
2024-04-23T21:50:36,417  INFO [LocalJobRunner Map Task Executor #0] mapred.LocalJobRunner: Starting task: attempt_local218443853_0044_m_000000_0
2024-04-23T21:50:36,418  INFO [LocalJobRunner Map Task Executor #0] mapred.Task:  Using ResourceCalculatorProcessTree : [ ]
2024-04-23T21:50:36,418  INFO [LocalJobRunner Map Task Executor #0] mapred.MapTask: Processing split: org.apache.hadoop.hive.ql.io.orc.OrcInputFormat:OrcSplit [file:/home/alex/Repositories/hive/ql/target/tmp/org.apache.hadoop.hive.ql.TestTxnLoadData-1713934124385/warehouse/t/delta_0000001_0000001_0000/000000_0, start=3, length=110, isOriginal=true, fileLength=254, hasFooter=false, hasBase=true, deltas=0]
2024-04-23T21:50:36,419  INFO [LocalJobRunner Map Task Executor #0] exec.SerializationUtilities: Deserializing MapWork using kryo
2024-04-23T21:50:36,419  INFO [LocalJobRunner Map Task Executor #0] exec.Utilities: Deserialized plan (via FILE) - name: null size: 5,99KB
2024-04-23T21:50:36,420  INFO [LocalJobRunner Map Task Executor #0] orc.VectorizedOrcAcidRowBatchReader: Read ValidWriteIdList: default.t:1:9223372036854775807:::OrcSplit [file:/home/alex/Repositories/hive/ql/target/tmp/org.apache.hadoop.hive.ql.TestTxnLoadData-1713934124385/warehouse/t/delta_0000001_0000001_0000/000000_0, start=3, length=110, isOriginal=true, fileLength=254, hasFooter=false, hasBase=true, deltas=0]
2024-04-23T21:50:36,420  INFO [LocalJobRunner Map Task Executor #0] orc.ReaderImpl: Reading ORC rows from file:/home/alex/Repositories/hive/ql/target/tmp/org.apache.hadoop.hive.ql.TestTxnLoadData-1713934124385/warehouse/t/delta_0000001_0000001_0000/000000_0 with {include: [true, true, true], offset: 3, length: 110, schema: struct<a:int,b:int>, includeAcidColumns: true}
2024-04-23T21:50:36,421  INFO [LocalJobRunner Map Task Executor #0] mapred.MapTask: numReduceTasks: 1
2024-04-23T21:50:36,426  INFO [LocalJobRunner Map Task Executor #0] mapred.MapTask: (EQUATOR) 0 kvi 26214396(104857584)
2024-04-23T21:50:36,426  INFO [LocalJobRunner Map Task Executor #0] mapred.MapTask: mapreduce.task.io.sort.mb: 100
2024-04-23T21:50:36,426  INFO [LocalJobRunner Map Task Executor #0] mapred.MapTask: soft limit at 83886080
2024-04-23T21:50:36,426  INFO [LocalJobRunner Map Task Executor #0] mapred.MapTask: bufstart = 0; bufvoid = 104857600
2024-04-23T21:50:36,426  INFO [LocalJobRunner Map Task Executor #0] mapred.MapTask: kvstart = 26214396; length = 6553600
2024-04-23T21:50:36,427  INFO [LocalJobRunner Map Task Executor #0] mapred.MapTask: Map output collector class = org.apache.hadoop.mapred.MapTask$MapOutputBuffer
2024-04-23T21:50:36,427  INFO [LocalJobRunner Map Task Executor #0] vector.VectorMapOperator: Initializing Operator: MAP[0]
2024-04-23T21:50:36,427  INFO [LocalJobRunner Map Task Executor #0] mr.ExecMapper: 
<MAP>Id =0
  <Children>null
  <\Children>
  <Parent><\Parent>
<\MAP>
2024-04-23T21:50:36,428  INFO [LocalJobRunner Map Task Executor #0] exec.TableScanOperator: Initializing Operator: TS[0]
2024-04-23T21:50:36,428  INFO [LocalJobRunner Map Task Executor #0] vector.VectorSelectOperator: Initializing Operator: SEL[5]
2024-04-23T21:50:36,428  INFO [LocalJobRunner Map Task Executor #0] vector.VectorReduceSinkOperator: Initializing Operator: RS[6]
2024-04-23T21:50:36,428  INFO [LocalJobRunner Map Task Executor #0] vector.VectorReduceSinkOperator: Using tag = -1
2024-04-23T21:50:36,429  INFO [LocalJobRunner Map Task Executor #0] vector.VectorReduceSinkOperator: keys are [reducesinkkey0] num distributions: 1
2024-04-23T21:50:36,429  INFO [LocalJobRunner Map Task Executor #0] vector.VectorReduceSinkOperator: RS[6]: records written - 1
2024-04-23T21:50:36,429  INFO [LocalJobRunner Map Task Executor #0] vector.VectorMapOperator: Closing Operator: MAP[0]
2024-04-23T21:50:36,429  INFO [LocalJobRunner Map Task Executor #0] vector.VectorMapOperator: DESERIALIZE_ERRORS:0, RECORDS_OUT_INTERMEDIATE:0, RECORDS_OUT_OPERATOR_MAP_0:0, RECORDS_IN:2, 
2024-04-23T21:50:36,429  INFO [LocalJobRunner Map Task Executor #0] exec.TableScanOperator: Closing Operator: TS[0]
2024-04-23T21:50:36,429  INFO [LocalJobRunner Map Task Executor #0] exec.TableScanOperator: RECORDS_OUT_INTERMEDIATE:0, RECORDS_OUT_OPERATOR_TS_0:2, 
2024-04-23T21:50:36,429  INFO [LocalJobRunner Map Task Executor #0] vector.VectorSelectOperator: Closing Operator: SEL[5]
2024-04-23T21:50:36,429  INFO [LocalJobRunner Map Task Executor #0] vector.VectorSelectOperator: RECORDS_OUT_INTERMEDIATE:0, RECORDS_OUT_OPERATOR_SEL_5:2, 
2024-04-23T21:50:36,429  INFO [LocalJobRunner Map Task Executor #0] vector.VectorReduceSinkOperator: Closing Operator: RS[6]
2024-04-23T21:50:36,429  INFO [LocalJobRunner Map Task Executor #0] vector.VectorReduceSinkOperator: RS[6]: Total records written - 2. abort - false
2024-04-23T21:50:36,429  INFO [LocalJobRunner Map Task Executor #0] vector.VectorReduceSinkOperator: RECORDS_OUT_OPERATOR_RS_6:2, RECORDS_OUT_INTERMEDIATE:2, 
2024-04-23T21:50:36,430  INFO [LocalJobRunner Map Task Executor #0] mapred.LocalJobRunner: 
2024-04-23T21:50:36,430  INFO [LocalJobRunner Map Task Executor #0] mapred.MapTask: Starting flush of map output
2024-04-23T21:50:36,430  INFO [LocalJobRunner Map Task Executor #0] mapred.MapTask: Spilling map output
2024-04-23T21:50:36,430  INFO [LocalJobRunner Map Task Executor #0] mapred.MapTask: bufstart = 0; bufend = 72; bufvoid = 104857600
2024-04-23T21:50:36,430  INFO [LocalJobRunner Map Task Executor #0] mapred.MapTask: kvstart = 26214396(104857584); kvend = 26214392(104857568); length = 5/6553600
2024-04-23T21:50:36,441  INFO [LocalJobRunner Map Task Executor #0] mapred.MapTask: Finished spill 0
2024-04-23T21:50:36,444  INFO [LocalJobRunner Map Task Executor #0] mapred.Task: Task:attempt_local218443853_0044_m_000000_0 is done. And is in the process of committing
2024-04-23T21:50:36,445  INFO [LocalJobRunner Map Task Executor #0] mapred.LocalJobRunner: OrcSplit [file:/home/alex/Repositories/hive/ql/target/tmp/org.apache.hadoop.hive.ql.TestTxnLoadData-1713934124385/warehouse/t/delta_0000001_0000001_0000/000000_0, start=3, length=110, isOriginal=true, fileLength=254, hasFooter=false, hasBase=true, deltas=0]
2024-04-23T21:50:36,445  INFO [LocalJobRunner Map Task Executor #0] mapred.Task: Task 'attempt_local218443853_0044_m_000000_0' done.
2024-04-23T21:50:36,445  INFO [LocalJobRunner Map Task Executor #0] mapred.Task: Final Counters for attempt_local218443853_0044_m_000000_0: Counters: 24
	File System Counters
		FILE: Number of bytes read=596487
		FILE: Number of bytes written=51632038
		FILE: Number of read operations=0
		FILE: Number of large read operations=0
		FILE: Number of write operations=0
	Map-Reduce Framework
		Map input records=1
		Map output records=2
		Map output bytes=72
		Map output materialized bytes=82
		Input split bytes=497
		Combine input records=0
		Spilled Records=2
		Failed Shuffles=0
		Merged Map outputs=0
		GC time elapsed (ms)=0
		Total committed heap usage (bytes)=1205862400
	HIVE
		DESERIALIZE_ERRORS=0
		RECORDS_IN=2
		RECORDS_OUT_INTERMEDIATE=2
		RECORDS_OUT_OPERATOR_MAP_0=0
		RECORDS_OUT_OPERATOR_RS_6=2
		RECORDS_OUT_OPERATOR_SEL_5=2
		RECORDS_OUT_OPERATOR_TS_0=2
	File Input Format Counters 
		Bytes Read=7129
2024-04-23T21:50:36,445  INFO [LocalJobRunner Map Task Executor #0] mapred.LocalJobRunner: Finishing task: attempt_local218443853_0044_m_000000_0
2024-04-23T21:50:36,445  INFO [Thread-2802] mapred.LocalJobRunner: map task executor complete.
2024-04-23T21:50:36,446  INFO [Thread-2802] mapred.LocalJobRunner: Waiting for reduce tasks
2024-04-23T21:50:36,446  INFO [pool-185-thread-1] mapred.LocalJobRunner: Starting task: attempt_local218443853_0044_r_000000_0
2024-04-23T21:50:36,447  INFO [pool-185-thread-1] mapred.Task:  Using ResourceCalculatorProcessTree : [ ]
2024-04-23T21:50:36,447  INFO [pool-185-thread-1] mapred.ReduceTask: Using ShuffleConsumerPlugin: org.apache.hadoop.mapreduce.task.reduce.Shuffle@c62f3fa
2024-04-23T21:50:36,447  WARN [pool-185-thread-1] impl.MetricsSystemImpl: JobTracker metrics system already initialized!
2024-04-23T21:50:36,448  INFO [pool-185-thread-1] reduce.MergeManagerImpl: MergerManager: memoryLimit=1336252800, maxSingleShuffleLimit=334063200, mergeThreshold=881926912, ioSortFactor=10, memToMemMergeOutputsThreshold=10
2024-04-23T21:50:36,449  INFO [EventFetcher for fetching Map Completion Events] reduce.EventFetcher: attempt_local218443853_0044_r_000000_0 Thread started: EventFetcher for fetching Map Completion Events
2024-04-23T21:50:36,452  INFO [localfetcher#16] reduce.LocalFetcher: localfetcher#16 about to shuffle output of map attempt_local218443853_0044_m_000000_0 decomp: 78 len: 82 to MEMORY
2024-04-23T21:50:36,452  INFO [localfetcher#16] reduce.InMemoryMapOutput: Read 78 bytes from map-output for attempt_local218443853_0044_m_000000_0
2024-04-23T21:50:36,452  INFO [localfetcher#16] reduce.MergeManagerImpl: closeInMemoryFile -> map-output of size: 78, inMemoryMapOutputs.size() -> 1, commitMemory -> 0, usedMemory ->78
2024-04-23T21:50:36,453  INFO [EventFetcher for fetching Map Completion Events] reduce.EventFetcher: EventFetcher is interrupted.. Returning
2024-04-23T21:50:36,453  INFO [pool-185-thread-1] mapred.LocalJobRunner: 1 / 1 copied.
2024-04-23T21:50:36,453  INFO [pool-185-thread-1] reduce.MergeManagerImpl: finalMerge called with 1 in-memory map-outputs and 0 on-disk map-outputs
2024-04-23T21:50:36,459  INFO [pool-185-thread-1] mapred.Merger: Merging 1 sorted segments
2024-04-23T21:50:36,459  INFO [pool-185-thread-1] mapred.Merger: Down to the last merge-pass, with 1 segments left of total size: 47 bytes
2024-04-23T21:50:36,463  INFO [pool-185-thread-1] reduce.MergeManagerImpl: Merged 1 segments, 78 bytes to disk to satisfy reduce memory limit
2024-04-23T21:50:36,463  INFO [pool-185-thread-1] reduce.MergeManagerImpl: Merging 1 files, 82 bytes from disk
2024-04-23T21:50:36,463  INFO [pool-185-thread-1] reduce.MergeManagerImpl: Merging 0 segments, 0 bytes from memory into reduce
2024-04-23T21:50:36,463  INFO [pool-185-thread-1] mapred.Merger: Merging 1 sorted segments
2024-04-23T21:50:36,463  INFO [pool-185-thread-1] mapred.Merger: Down to the last merge-pass, with 1 segments left of total size: 47 bytes
2024-04-23T21:50:36,463  INFO [pool-185-thread-1] mapred.LocalJobRunner: 1 / 1 copied.
2024-04-23T21:50:36,464  INFO [pool-185-thread-1] exec.SerializationUtilities: Deserializing ReduceWork using kryo
2024-04-23T21:50:36,465  INFO [pool-185-thread-1] exec.Utilities: Deserialized plan (via FILE) - name: null size: 7,16KB
2024-04-23T21:50:36,467  INFO [pool-185-thread-1] ExecReducer: 
<SEL>Id =3
  <Children>
    <FS>Id =4
      <Children>
      <\Children>
      <Parent>Id = 3 null<\Parent>
    <\FS>
  <\Children>
  <Parent><\Parent>
<\SEL>
2024-04-23T21:50:36,467  INFO [pool-185-thread-1] exec.SelectOperator: Initializing Operator: SEL[3]
2024-04-23T21:50:36,467  INFO [pool-185-thread-1] exec.SelectOperator: SELECT struct<key:struct<reducesinkkey0:struct<writeid:bigint,bucketid:int,rowid:bigint>>,value:struct<_col0:int,_col1:int>>
2024-04-23T21:50:36,467  INFO [pool-185-thread-1] exec.FileSinkOperator: Initializing Operator: FS[4]
2024-04-23T21:50:36,468  INFO [pool-185-thread-1] exec.FileSinkOperator: Using serializer : class org.apache.hadoop.hive.serde2.lazy.LazySimpleSerDe [serdeParams=org.apache.hadoop.hive.serde2.lazy.LazySerDeParameters@798c81be, cachedObjectInspector=org.apache.hadoop.hive.serde2.lazy.objectinspector.LazySimpleStructObjectInspector<org.apache.hadoop.hive.serde2.lazy.objectinspector.LazySimpleStructObjectInspector<org.apache.hadoop.hive.serde2.lazy.objectinspector.primitive.LazyLongObjectInspector@5410bbdf,org.apache.hadoop.hive.serde2.lazy.objectinspector.primitive.LazyIntObjectInspector@323dd422,org.apache.hadoop.hive.serde2.lazy.objectinspector.primitive.LazyLongObjectInspector@5410bbdf>,org.apache.hadoop.hive.serde2.lazy.objectinspector.primitive.LazyIntObjectInspector@323dd422,org.apache.hadoop.hive.serde2.lazy.objectinspector.primitive.LazyIntObjectInspector@323dd422>, serializedSize=0, stats=org.apache.hadoop.hive.serde2.SerDeStats@2ff974f7, lastOperationSerialize=false, lastOperationDeserialize=false [1, 2, 3, 4, 5, 6, 7, 8, 11, 14, 15, 16, 17, 18, 19, 20, 21, 22, 23, 24, 25, 26, 28, 29, 30, 31, -128, -127, -126, -125, -124, -123, -122, -121, -120, -119, -118, -117, -116, -115, -114, -113, -112, -111, -110, -109, -108, -107, -106, -105, -104, -103, -102, -101, -100, -99, -98, -97, -96, -95, -94, -93, -92, -91, -90, -89, -88, -87, -86, -85, -84, -83, -82, -81, -80, -79, -78, -77, -76, -75, -74, -73, -72, -71, -70, -69, -68, -67, -66, -65, -64, -63, -62, -61, -60, -59, -58, -57, -56, -55, -54, -53, -52, -51, -50, -49, -48, -47, -46, -45, -44, -43, -42, -41, -40, -39, -38, -37, -36, -35, -34, -33, -32, -31, -30, -29, -28, -27, -26, -25, -24, -23, -22, -21, -20, -19, -18, -17, -16, -15, -14, -13, -12, -11, -10, -9, -8, -7, -6, -5, -4, -3, -2, -1] : [_col0, _col1, _col2] : [struct<writeid:bigint,bucketid:int,rowid:bigint>, int, int]] and formatter : org.apache.hadoop.hive.ql.io.HiveSequenceFileOutputFormat@10f88a68
2024-04-23T21:50:36,468  INFO [pool-185-thread-1] exec.FileSinkOperator: Final Path: FS file:/home/alex/Repositories/hive/ql/target/tmp/localscratchdir/6f2f3d5e-53c3-4c28-a4ef-236a38220ec7/hive_2024-04-23_21-50-35_926_2907864994394410297-1/-mr-10001/.hive-staging_hive_2024-04-23_21-50-35_926_2907864994394410297-1/_tmp.-ext-10002/000000_0
2024-04-23T21:50:36,468  INFO [pool-185-thread-1] exec.FileSinkOperator: Writing to temp file: FS file:/home/alex/Repositories/hive/ql/target/tmp/localscratchdir/6f2f3d5e-53c3-4c28-a4ef-236a38220ec7/hive_2024-04-23_21-50-35_926_2907864994394410297-1/-mr-10001/.hive-staging_hive_2024-04-23_21-50-35_926_2907864994394410297-1/_task_tmp.-ext-10002/_tmp.000000_0
2024-04-23T21:50:36,468  INFO [pool-185-thread-1] exec.FileSinkOperator: New Final Path: FS file:/home/alex/Repositories/hive/ql/target/tmp/localscratchdir/6f2f3d5e-53c3-4c28-a4ef-236a38220ec7/hive_2024-04-23_21-50-35_926_2907864994394410297-1/-mr-10001/.hive-staging_hive_2024-04-23_21-50-35_926_2907864994394410297-1/_tmp.-ext-10002/000000_0
2024-04-23T21:50:36,478  INFO [pool-185-thread-1] exec.FileSinkOperator: FS[4]: records written - 1
2024-04-23T21:50:36,478  INFO [pool-185-thread-1] exec.SelectOperator: Closing Operator: SEL[3]
2024-04-23T21:50:36,478  INFO [pool-185-thread-1] exec.SelectOperator: RECORDS_OUT_INTERMEDIATE:0, RECORDS_OUT_OPERATOR_SEL_3:2, 
2024-04-23T21:50:36,478  INFO [pool-185-thread-1] exec.FileSinkOperator: Closing Operator: FS[4]
2024-04-23T21:50:36,478  INFO [pool-185-thread-1] exec.FileSinkOperator: FS[4]: records written - 2
2024-04-23T21:50:36,479  INFO [pool-185-thread-1] exec.FileSinkOperator: RECORDS_OUT_0:2, RECORDS_OUT_OPERATOR_FS_4:2, RECORDS_OUT_INTERMEDIATE:0, 
2024-04-23T21:50:36,480  INFO [pool-185-thread-1] mapred.Task: Task:attempt_local218443853_0044_r_000000_0 is done. And is in the process of committing
2024-04-23T21:50:36,480  INFO [pool-185-thread-1] mapred.LocalJobRunner: reduce > reduce
2024-04-23T21:50:36,480  INFO [pool-185-thread-1] mapred.Task: Task 'attempt_local218443853_0044_r_000000_0' done.
2024-04-23T21:50:36,480  INFO [pool-185-thread-1] mapred.Task: Final Counters for attempt_local218443853_0044_r_000000_0: Counters: 29
	File System Counters
		FILE: Number of bytes read=603914
		FILE: Number of bytes written=51632279
		FILE: Number of read operations=0
		FILE: Number of large read operations=0
		FILE: Number of write operations=0
	Map-Reduce Framework
		Combine input records=0
		Combine output records=0
		Reduce input groups=2
		Reduce shuffle bytes=82
		Reduce input records=2
		Reduce output records=0
		Spilled Records=2
		Shuffled Maps =1
		Failed Shuffles=0
		Merged Map outputs=1
		GC time elapsed (ms)=0
		Total committed heap usage (bytes)=1205862400
	HIVE
		CREATED_FILES=1
		RECORDS_OUT_0=2
		RECORDS_OUT_INTERMEDIATE=0
		RECORDS_OUT_OPERATOR_FS_4=2
		RECORDS_OUT_OPERATOR_SEL_3=2
	Shuffle Errors
		BAD_ID=0
		CONNECTION=0
		IO_ERROR=0
		WRONG_LENGTH=0
		WRONG_MAP=0
		WRONG_REDUCE=0
	File Output Format Counters 
		Bytes Written=0
2024-04-23T21:50:36,480  INFO [pool-185-thread-1] mapred.LocalJobRunner: Finishing task: attempt_local218443853_0044_r_000000_0
2024-04-23T21:50:36,480  INFO [Thread-2802] mapred.LocalJobRunner: reduce task executor complete.
2024-04-23 21:50:37,418 Stage-1 map = 100%,  reduce = 100%
2024-04-23T21:50:37,418  INFO [main] exec.Task: 2024-04-23 21:50:37,418 Stage-1 map = 100%,  reduce = 100%
Ended Job = job_local218443853_0044
2024-04-23T21:50:37,420  INFO [main] exec.Task: Ended Job = job_local218443853_0044
2024-04-23T21:50:37,422  INFO [main] metadata.Hive: Dumping metastore api call timing information for : execution phase
2024-04-23T21:50:37,422  INFO [main] metadata.Hive: Total time spent in each metastore function (ms): {}
MapReduce Jobs Launched: 
2024-04-23T21:50:37,422  INFO [main] ql.Driver: MapReduce Jobs Launched: 
Stage-Stage-1:  HDFS Read: 0 HDFS Write: 0 SUCCESS
2024-04-23T21:50:37,422  INFO [main] ql.Driver: Stage-Stage-1:  HDFS Read: 0 HDFS Write: 0 SUCCESS
Total MapReduce CPU Time Spent: 0 msec
2024-04-23T21:50:37,422  INFO [main] ql.Driver: Total MapReduce CPU Time Spent: 0 msec
2024-04-23T21:50:37,422  INFO [main] ql.Driver: Completed executing command(queryId=alex_20240423215035_4456f3f7-c240-47e3-a484-dac9266efbc4); Time taken: 1.342 seconds
2024-04-23T21:50:37,422  INFO [main] lockmgr.DbTxnManager: Stopped heartbeat for query: alex_20240423215035_4456f3f7-c240-47e3-a484-dac9266efbc4
2024-04-23T21:50:37,426  INFO [main] txn.TxnHandler: Expected to move at least one record from txn_components to completed_txn_components when committing txn! txnid:21
2024-04-23T21:50:37,431  INFO [main] txn.TxnHandler: Removed transactions: ([21]) from MIN_HISTORY_LEVEL
2024-04-23T21:50:37,431  WARN [main] txn.CompactionTxnHandler: No compaction queue record found for Compaction type transaction commit. txnId:21
2024-04-23T21:50:37,435  INFO [main] mapred.FileInputFormat: Total input files to process : 1
2024-04-23T21:50:37,436  INFO [main] exec.ListSinkOperator: Closing Operator: LIST_SINK[7]
2024-04-23T21:50:37,436  INFO [main] exec.ListSinkOperator: RECORDS_OUT_OPERATOR_LIST_SINK_7:2, RECORDS_OUT_INTERMEDIATE:0, 
2024-04-23T21:50:37,436  WARN [main] ql.TestTxnLoadData: loadDataUpdateVectorized: read data(load data inpath vect): 
2024-04-23T21:50:37,436  INFO [main] ql.TestTxnLoadData: {"writeid":1,"bucketid":536870912,"rowid":0}	1	2
{"writeid":1,"bucketid":536870912,"rowid":1}	3	4

2024-04-23T21:50:37,436  INFO [main] ql.TxnCommandsBaseForTests: Running the query: EXPLAIN VECTORIZATION DETAIL select ROW__ID, a, b from T order by ROW__ID
2024-04-23T21:50:37,436  INFO [main] ql.Context: Deleting scratch dir: file:/home/alex/Repositories/hive/ql/target/tmp/localscratchdir/6f2f3d5e-53c3-4c28-a4ef-236a38220ec7/hive_2024-04-23_21-50-35_926_2907864994394410297-1
2024-04-23T21:50:37,437  INFO [main] cleanup.SyncCleanupService: Deleted directory: file:/home/alex/Repositories/hive/ql/target/tmp/localscratchdir/6f2f3d5e-53c3-4c28-a4ef-236a38220ec7/hive_2024-04-23_21-50-35_926_2907864994394410297-1 on fs with scheme file
2024-04-23T21:50:37,437  INFO [main] ql.Driver: Compiling command(queryId=alex_20240423215037_c816f607-da1c-4c75-a7f0-a15ce4b3e210): EXPLAIN VECTORIZATION DETAIL select ROW__ID, a, b from T order by ROW__ID
2024-04-23T21:50:37,440  INFO [main] txn.TxnHandler: Added entries to MIN_HISTORY_LEVEL for current txns: ([22]) with min_open_txn: 22
2024-04-23T21:50:37,440  INFO [main] lockmgr.DbTxnManager: Opened txnid:22
2024-04-23T21:50:37,441  INFO [main] parse.CalcitePlanner: Starting Semantic Analysis
2024-04-23T21:50:37,443  INFO [main] parse.CalcitePlanner: Completed phase 1 of Semantic Analysis
2024-04-23T21:50:37,443  INFO [main] parse.CalcitePlanner: Get metadata for source tables
2024-04-23T21:50:37,444  INFO [main] HiveMetaStore.audit: ugi=alex	ip=unknown-ip-addr	cmd=get_table : tbl=hive.default.t	
2024-04-23T21:50:37,449  INFO [main] metastore.ObjectStore: Removed COLUMN_STATS_ACCURATE from Table's parameters.
2024-04-23T21:50:37,451  INFO [main] metastore.HMSHandler: Skipping translation for processor with null
2024-04-23T21:50:37,451  INFO [main] parse.CalcitePlanner: Get metadata for subqueries
2024-04-23T21:50:37,451  INFO [main] parse.CalcitePlanner: Get metadata for destination tables
2024-04-23T21:50:37,451  INFO [main] parse.CalcitePlanner: Completed getting MetaData in Semantic Analysis
2024-04-23T21:50:37,464  INFO [main] HiveMetaStore.audit: ugi=alex	ip=unknown-ip-addr	cmd=get_all_table_constraints : tbl=hive.default.t	
2024-04-23T21:50:37,473  INFO [main] calcite.RelOptHiveTable: Calculating column statistics for default.t, projIndxSet: [0, 1], allowMissingStats: true
2024-04-23T21:50:37,474  INFO [main] HiveMetaStore.audit: ugi=alex	ip=unknown-ip-addr	cmd=get_table_statistics_req: table=hive.default.t	
2024-04-23T21:50:37,483  WARN [main] calcite.RelOptHiveTable: No Stats for default@t, Columns: b, a
No Stats for default@t, Columns: b, a
2024-04-23T21:50:37,483  INFO [main] SessionState: No Stats for default@t, Columns: b, a
2024-04-23T21:50:37,527  INFO [main] parse.CalcitePlanner: Get metadata for source tables
2024-04-23T21:50:37,528  INFO [main] parse.CalcitePlanner: Get metadata for subqueries
2024-04-23T21:50:37,528  INFO [main] parse.CalcitePlanner: Get metadata for destination tables
2024-04-23T21:50:37,529  INFO [main] parse.CalcitePlanner: CBO Succeeded; optimized logical plan.
2024-04-23T21:50:37,532  INFO [main] optimizer.ColumnPrunerProcFactory: RS 2 oldColExprMap: {VALUE._col0=Column[_col1], KEY.reducesinkkey0=Column[_col0], VALUE._col1=Column[_col2]}
2024-04-23T21:50:37,532  INFO [main] optimizer.ColumnPrunerProcFactory: RS 2 newColExprMap: {VALUE._col0=Column[_col1], VALUE._col1=Column[_col2], KEY.reducesinkkey0=Column[_col0]}
2024-04-23T21:50:37,533  INFO [main] optimizer.BucketVersionPopulator: not considering bucketingVersion for: TS[0] because it has -1<2 buckets 
2024-04-23T21:50:37,536  INFO [main] optimizer.SortedDynPartitionOptimizer: Sorted dynamic partitioning optimization kicked in..
2024-04-23T21:50:37,546  INFO [main] physical.Vectorizer: Examining input format to see if vectorization is enabled.
2024-04-23T21:50:37,546  INFO [main] physical.Vectorizer: Vectorization is enabled for input format(s) [org.apache.hadoop.hive.ql.io.orc.OrcInputFormat]
2024-04-23T21:50:37,546  INFO [main] physical.Vectorizer: Validating and vectorizing MapWork... (vectorizedVertexNum 0)
2024-04-23T21:50:37,547  INFO [main] physical.Vectorizer: Map vectorization enabled: true
2024-04-23T21:50:37,547  INFO [main] physical.Vectorizer: Map vectorized: true
2024-04-23T21:50:37,547  INFO [main] physical.Vectorizer: Map vectorizedVertexNum: 0
2024-04-23T21:50:37,547  INFO [main] physical.Vectorizer: Map enabledConditionsMet: [hive.vectorized.use.vectorized.input.format IS true]
2024-04-23T21:50:37,547  INFO [main] physical.Vectorizer: Map inputFileFormatClassNameSet: [org.apache.hadoop.hive.ql.io.orc.OrcInputFormat]
2024-04-23T21:50:37,547  INFO [main] physical.Vectorizer: Reduce vectorization enabled: false
2024-04-23T21:50:37,547  INFO [main] physical.Vectorizer: Reduce vectorized: false
2024-04-23T21:50:37,547  INFO [main] physical.Vectorizer: Reduce vectorizedVertexNum: 1
2024-04-23T21:50:37,547  INFO [main] physical.Vectorizer: Reducer hive.vectorized.execution.reduce.enabled: true
2024-04-23T21:50:37,547  INFO [main] physical.Vectorizer: Reducer engine: mr
2024-04-23T21:50:37,547  INFO [main] parse.CalcitePlanner: Completed plan generation
2024-04-23T21:50:37,548  INFO [main] ql.Driver: Semantic Analysis Completed (retrial = false)
2024-04-23T21:50:37,548  INFO [main] ql.Driver: Created Hive schema: Schema(fieldSchemas:[FieldSchema(name:Explain, type:string, comment:null)], properties:null)
2024-04-23T21:50:37,548  INFO [main] metadata.Hive: Dumping metastore api call timing information for : compilation phase
2024-04-23T21:50:37,548  INFO [main] metadata.Hive: Total time spent in each metastore function (ms): {isCompatibleWith_(Configuration)=0, openTxn_(String, TxnType)=2, flushCache_()=0, getTableColumnStatistics_(String, String, List, String)=8, getValidTxns_(long)=0, getValidWriteIds_(List, String)=4, getTable_(GetTableRequest)=7, commitTxn_(CommitTxnRequest)=10, getAllTableConstraints_(AllTableConstraintsRequest)=6}
2024-04-23T21:50:37,548  INFO [main] ql.Driver: Completed compiling command(queryId=alex_20240423215037_c816f607-da1c-4c75-a7f0-a15ce4b3e210); Time taken: 0.111 seconds
2024-04-23T21:50:37,548  INFO [main] ql.Driver: Executing command(queryId=alex_20240423215037_c816f607-da1c-4c75-a7f0-a15ce4b3e210): EXPLAIN VECTORIZATION DETAIL select ROW__ID, a, b from T order by ROW__ID
2024-04-23T21:50:37,548  INFO [main] ql.Driver: Starting task [Stage-2:EXPLAIN] in serial mode
2024-04-23T21:50:37,559  INFO [main] metadata.Hive: Dumping metastore api call timing information for : execution phase
2024-04-23T21:50:37,559  INFO [main] metadata.Hive: Total time spent in each metastore function (ms): {}
2024-04-23T21:50:37,559  INFO [main] ql.Driver: Completed executing command(queryId=alex_20240423215037_c816f607-da1c-4c75-a7f0-a15ce4b3e210); Time taken: 0.011 seconds
2024-04-23T21:50:37,559  INFO [main] lockmgr.DbTxnManager: Stopped heartbeat for query: null
2024-04-23T21:50:37,564  INFO [main] txn.TxnHandler: Expected to move at least one record from txn_components to completed_txn_components when committing txn! txnid:22
2024-04-23T21:50:37,570  INFO [main] txn.TxnHandler: Removed transactions: ([22]) from MIN_HISTORY_LEVEL
2024-04-23T21:50:37,570  WARN [main] txn.CompactionTxnHandler: No compaction queue record found for Compaction type transaction commit. txnId:22
2024-04-23T21:50:37,571  INFO [main] ql.TxnCommandsBaseForTests: Running the query: update T set b = 17 where a = 1
2024-04-23T21:50:37,571  INFO [main] ql.Context: Deleting scratch dir: file:/home/alex/Repositories/hive/ql/target/tmp/localscratchdir/6f2f3d5e-53c3-4c28-a4ef-236a38220ec7/hive_2024-04-23_21-50-37_437_7285226250935538427-1
2024-04-23T21:50:37,572  INFO [main] cleanup.SyncCleanupService: Deleted directory: file:/home/alex/Repositories/hive/ql/target/tmp/localscratchdir/6f2f3d5e-53c3-4c28-a4ef-236a38220ec7/hive_2024-04-23_21-50-37_437_7285226250935538427-1 on fs with scheme file
2024-04-23T21:50:37,572  INFO [main] ql.Driver: Compiling command(queryId=alex_20240423215037_90c029b4-196f-4635-8620-6433bf630558): update T set b = 17 where a = 1
2024-04-23T21:50:37,575  INFO [main] txn.TxnHandler: Added entries to MIN_HISTORY_LEVEL for current txns: ([23]) with min_open_txn: 22
2024-04-23T21:50:37,575  INFO [main] lockmgr.DbTxnManager: Opened txnid:23
2024-04-23T21:50:37,576  INFO [main] parse.UpdateDeleteSemanticAnalyzer: Starting caching scope for: 
2024-04-23T21:50:37,576  INFO [main] HiveMetaStore.audit: ugi=alex	ip=unknown-ip-addr	cmd=get_table : tbl=hive.default.T	
2024-04-23T21:50:37,583  INFO [main] metastore.HMSHandler: Skipping translation for processor with null
2024-04-23T21:50:37,583  INFO [main] parse.RewriteSemanticAnalyzer: Going to reparse <update T set b = 17 where a = 1> as 
<insert into table `default`.`T` select ROW__ID,`a`,`b` from `default`.`T` sort by ROW__ID >
2024-04-23T21:50:37,584  INFO [main] parse.UpdateDeleteSemanticAnalyzer: Starting Semantic Analysis
2024-04-23T21:50:37,587  INFO [main] HiveMetaStore.audit: ugi=alex	ip=unknown-ip-addr	cmd=get_table : tbl=hive.default.T	
2024-04-23T21:50:37,593  INFO [main] metastore.ObjectStore: Removed COLUMN_STATS_ACCURATE from Table's parameters.
2024-04-23T21:50:37,595  INFO [main] metastore.HMSHandler: Skipping translation for processor with null
2024-04-23T21:50:37,595  INFO [main] parse.UpdateDeleteSemanticAnalyzer: Completed phase 1 of Semantic Analysis
2024-04-23T21:50:37,595  INFO [main] parse.UpdateDeleteSemanticAnalyzer: Get metadata for source tables
2024-04-23T21:50:37,596  INFO [main] HiveMetaStore.audit: ugi=alex	ip=unknown-ip-addr	cmd=get_table : tbl=hive.default.t	
2024-04-23T21:50:37,602  INFO [main] metastore.ObjectStore: Removed COLUMN_STATS_ACCURATE from Table's parameters.
2024-04-23T21:50:37,604  INFO [main] metastore.HMSHandler: Skipping translation for processor with null
2024-04-23T21:50:37,604  INFO [main] parse.UpdateDeleteSemanticAnalyzer: Get metadata for subqueries
2024-04-23T21:50:37,604  INFO [main] parse.UpdateDeleteSemanticAnalyzer: Get metadata for destination tables
2024-04-23T21:50:37,604  INFO [main] HiveMetaStore.audit: ugi=alex	ip=unknown-ip-addr	cmd=get_table : tbl=hive.default.T	
2024-04-23T21:50:37,615  INFO [main] metastore.HMSHandler: Skipping translation for processor with null
2024-04-23T21:50:37,615  INFO [main] parse.UpdateDeleteSemanticAnalyzer: Completed getting MetaData in Semantic Analysis
2024-04-23T21:50:37,615  INFO [main] parse.UpdateDeleteSemanticAnalyzer: Disabling LLAP IO encode as ETL query is detected
2024-04-23T21:50:37,628  INFO [main] HiveMetaStore.audit: ugi=alex	ip=unknown-ip-addr	cmd=get_all_table_constraints : tbl=hive.default.t	
2024-04-23T21:50:37,636  INFO [main] HiveMetaStore.audit: ugi=alex	ip=unknown-ip-addr	cmd=get_not_null_constraints : tbl=hive.default.t	
2024-04-23T21:50:37,637  INFO [main] HiveMetaStore.audit: ugi=alex	ip=unknown-ip-addr	cmd=get_check_constraints : tbl=hive.default.t	
2024-04-23T21:50:37,665  INFO [main] calcite.RelOptHiveTable: Calculating column statistics for default.t, projIndxSet: [0], allowMissingStats: true
2024-04-23T21:50:37,665  INFO [main] HiveMetaStore.audit: ugi=alex	ip=unknown-ip-addr	cmd=get_table_statistics_req: table=hive.default.t	
2024-04-23T21:50:37,676  WARN [main] calcite.RelOptHiveTable: No Stats for default@t, Columns: a
No Stats for default@t, Columns: a
2024-04-23T21:50:37,676  INFO [main] SessionState: No Stats for default@t, Columns: a
2024-04-23T21:50:37,742  INFO [main] parse.UpdateDeleteSemanticAnalyzer: Get metadata for source tables
2024-04-23T21:50:37,742  INFO [main] parse.UpdateDeleteSemanticAnalyzer: Get metadata for subqueries
2024-04-23T21:50:37,742  INFO [main] parse.UpdateDeleteSemanticAnalyzer: Get metadata for destination tables
2024-04-23T21:50:37,742  INFO [main] HiveMetaStore.audit: ugi=alex	ip=unknown-ip-addr	cmd=get_table : tbl=hive.default.T	
2024-04-23T21:50:37,750  INFO [main] metastore.HMSHandler: Skipping translation for processor with null
2024-04-23T21:50:37,753 ERROR [main] parse.UpdateDeleteSemanticAnalyzer: CBO failed, skipping CBO. 
org.apache.hadoop.hive.ql.exec.NoMatchingMethodException: No matching method for class org.apache.hadoop.hive.ql.udf.UDFToInteger with (struct<writeid:bigint,bucketid:int,rowid:bigint>). Possible choices: _FUNC_(bigint)  _FUNC_(boolean)  _FUNC_(decimal(38,18))  _FUNC_(double)  _FUNC_(float)  _FUNC_(smallint)  _FUNC_(string)  _FUNC_(struct<bucketid:bigint,writeid:bigint,rowid:int>)  _FUNC_(timestamp)  _FUNC_(tinyint)  _FUNC_(void)  
	at org.apache.hadoop.hive.ql.exec.MethodUtils.getMethodInternal(MethodUtils.java:130) ~[classes/:?]
	at org.apache.hadoop.hive.ql.exec.MethodUtils.getMethodInternal(MethodUtils.java:60) ~[classes/:?]
	at org.apache.hadoop.hive.ql.exec.DefaultUDFMethodResolver.getEvalMethod(DefaultUDFMethodResolver.java:59) ~[classes/:?]
	at org.apache.hadoop.hive.ql.udf.TimestampCastRestrictorResolver.getEvalMethod(TimestampCastRestrictorResolver.java:68) ~[classes/:?]
	at org.apache.hadoop.hive.ql.udf.generic.GenericUDFBridge.initialize(GenericUDFBridge.java:168) ~[classes/:?]
	at org.apache.hadoop.hive.ql.udf.generic.GenericUDF.initializeAndFoldConstants(GenericUDF.java:149) ~[classes/:?]
	at org.apache.hadoop.hive.ql.plan.ExprNodeGenericFuncDesc.newInstance(ExprNodeGenericFuncDesc.java:235) ~[classes/:?]
	at org.apache.hadoop.hive.ql.parse.type.ExprNodeDescExprFactory.createFuncCallExpr(ExprNodeDescExprFactory.java:584) ~[classes/:?]
	at org.apache.hadoop.hive.ql.parse.type.ExprNodeDescExprFactory.createFuncCallExpr(ExprNodeDescExprFactory.java:97) ~[classes/:?]
	at org.apache.hadoop.hive.ql.parse.type.TypeCheckProcFactory$DefaultExprProcessor.getFuncExprNodeDescWithUdfData(TypeCheckProcFactory.java:762) ~[classes/:?]
	at org.apache.hadoop.hive.ql.parse.type.TypeCheckProcFactory$DefaultExprProcessor.createConversionCast(TypeCheckProcFactory.java:783) ~[classes/:?]
	at org.apache.hadoop.hive.ql.parse.SemanticAnalyzer.getPartitionColsFromBucketColsForUpdateDelete(SemanticAnalyzer.java:8725) ~[classes/:?]
	at org.apache.hadoop.hive.ql.parse.SemanticAnalyzer.genBucketingSortingDest(SemanticAnalyzer.java:6914) ~[classes/:?]
	at org.apache.hadoop.hive.ql.parse.SemanticAnalyzer.genFileSinkPlan(SemanticAnalyzer.java:7335) ~[classes/:?]
	at org.apache.hadoop.hive.ql.parse.SemanticAnalyzer.genPostGroupByBodyPlan(SemanticAnalyzer.java:11063) ~[classes/:?]
	at org.apache.hadoop.hive.ql.parse.SemanticAnalyzer.genBodyPlan(SemanticAnalyzer.java:10938) ~[classes/:?]
	at org.apache.hadoop.hive.ql.parse.SemanticAnalyzer.genPlan(SemanticAnalyzer.java:11853) ~[classes/:?]
	at org.apache.hadoop.hive.ql.parse.SemanticAnalyzer.genPlan(SemanticAnalyzer.java:11723) ~[classes/:?]
	at org.apache.hadoop.hive.ql.parse.CalcitePlanner.genOPTree(CalcitePlanner.java:626) ~[classes/:?]
	at org.apache.hadoop.hive.ql.parse.SemanticAnalyzer.analyzeInternal(SemanticAnalyzer.java:12558) ~[classes/:?]
	at org.apache.hadoop.hive.ql.parse.CalcitePlanner.analyzeInternal(CalcitePlanner.java:456) ~[classes/:?]
	at org.apache.hadoop.hive.ql.parse.RewriteSemanticAnalyzer.analyzeInternal(RewriteSemanticAnalyzer.java:67) ~[classes/:?]
	at org.apache.hadoop.hive.ql.parse.BaseSemanticAnalyzer.analyze(BaseSemanticAnalyzer.java:317) ~[classes/:?]
	at org.apache.hadoop.hive.ql.parse.UpdateDeleteSemanticAnalyzer.reparseAndSuperAnalyze(UpdateDeleteSemanticAnalyzer.java:208) ~[classes/:?]
	at org.apache.hadoop.hive.ql.parse.UpdateDeleteSemanticAnalyzer.analyzeUpdate(UpdateDeleteSemanticAnalyzer.java:63) ~[classes/:?]
	at org.apache.hadoop.hive.ql.parse.UpdateDeleteSemanticAnalyzer.analyze(UpdateDeleteSemanticAnalyzer.java:53) ~[classes/:?]
	at org.apache.hadoop.hive.ql.parse.RewriteSemanticAnalyzer.analyzeInternal(RewriteSemanticAnalyzer.java:72) ~[classes/:?]
	at org.apache.hadoop.hive.ql.parse.BaseSemanticAnalyzer.analyze(BaseSemanticAnalyzer.java:317) ~[classes/:?]
	at org.apache.hadoop.hive.ql.Compiler.analyze(Compiler.java:223) ~[classes/:?]
	at org.apache.hadoop.hive.ql.Compiler.compile(Compiler.java:105) ~[classes/:?]
	at org.apache.hadoop.hive.ql.Driver.compile(Driver.java:500) ~[classes/:?]
	at org.apache.hadoop.hive.ql.Driver.compileInternal(Driver.java:453) ~[classes/:?]
	at org.apache.hadoop.hive.ql.Driver.runInternal(Driver.java:181) ~[classes/:?]
	at org.apache.hadoop.hive.ql.Driver.run(Driver.java:153) ~[classes/:?]
	at org.apache.hadoop.hive.ql.Driver.run(Driver.java:140) ~[classes/:?]
	at org.apache.hadoop.hive.ql.TxnCommandsBaseForTests.runStatementOnDriver(TxnCommandsBaseForTests.java:245) ~[test-classes/:?]
	at org.apache.hadoop.hive.ql.TestTxnLoadData.loadDataUpdate(TestTxnLoadData.java:118) ~[test-classes/:?]
	at org.apache.hadoop.hive.ql.TestTxnLoadData.loadDataUpdateVectorized(TestTxnLoadData.java:76) ~[test-classes/:?]
	at sun.reflect.NativeMethodAccessorImpl.invoke0(Native Method) ~[?:1.8.0_402]
	at sun.reflect.NativeMethodAccessorImpl.invoke(NativeMethodAccessorImpl.java:62) ~[?:1.8.0_402]
	at sun.reflect.DelegatingMethodAccessorImpl.invoke(DelegatingMethodAccessorImpl.java:43) ~[?:1.8.0_402]
	at java.lang.reflect.Method.invoke(Method.java:498) ~[?:1.8.0_402]
	at org.junit.runners.model.FrameworkMethod$1.runReflectiveCall(FrameworkMethod.java:59) ~[junit-4.13.jar:4.13]
	at org.junit.internal.runners.model.ReflectiveCallable.run(ReflectiveCallable.java:12) ~[junit-4.13.jar:4.13]
	at org.junit.runners.model.FrameworkMethod.invokeExplosively(FrameworkMethod.java:56) ~[junit-4.13.jar:4.13]
	at org.junit.internal.runners.statements.InvokeMethod.evaluate(InvokeMethod.java:17) ~[junit-4.13.jar:4.13]
	at org.junit.internal.runners.statements.RunBefores.evaluate(RunBefores.java:26) ~[junit-4.13.jar:4.13]
	at org.junit.internal.runners.statements.RunAfters.evaluate(RunAfters.java:27) ~[junit-4.13.jar:4.13]
	at org.junit.rules.ExternalResource$1.evaluate(ExternalResource.java:54) ~[junit-4.13.jar:4.13]
	at org.junit.rules.TestWatcher$1.evaluate(TestWatcher.java:61) ~[junit-4.13.jar:4.13]
	at org.junit.runners.ParentRunner$3.evaluate(ParentRunner.java:306) ~[junit-4.13.jar:4.13]
	at org.junit.runners.BlockJUnit4ClassRunner$1.evaluate(BlockJUnit4ClassRunner.java:100) ~[junit-4.13.jar:4.13]
	at org.junit.runners.ParentRunner.runLeaf(ParentRunner.java:366) ~[junit-4.13.jar:4.13]
	at org.junit.runners.BlockJUnit4ClassRunner.runChild(BlockJUnit4ClassRunner.java:103) ~[junit-4.13.jar:4.13]
	at org.junit.runners.BlockJUnit4ClassRunner.runChild(BlockJUnit4ClassRunner.java:63) ~[junit-4.13.jar:4.13]
	at org.junit.runners.ParentRunner$4.run(ParentRunner.java:331) ~[junit-4.13.jar:4.13]
	at org.junit.runners.ParentRunner$1.schedule(ParentRunner.java:79) ~[junit-4.13.jar:4.13]
	at org.junit.runners.ParentRunner.runChildren(ParentRunner.java:329) ~[junit-4.13.jar:4.13]
	at org.junit.runners.ParentRunner.access$100(ParentRunner.java:66) ~[junit-4.13.jar:4.13]
	at org.junit.runners.ParentRunner$2.evaluate(ParentRunner.java:293) ~[junit-4.13.jar:4.13]
	at org.junit.runners.ParentRunner$3.evaluate(ParentRunner.java:306) ~[junit-4.13.jar:4.13]
	at org.junit.runners.ParentRunner.run(ParentRunner.java:413) ~[junit-4.13.jar:4.13]
	at org.junit.runner.JUnitCore.run(JUnitCore.java:137) ~[junit-4.13.jar:4.13]
	at org.junit.runner.JUnitCore.run(JUnitCore.java:115) ~[junit-4.13.jar:4.13]
	at org.junit.vintage.engine.execution.RunnerExecutor.execute(RunnerExecutor.java:43) ~[junit-vintage-engine-5.6.2.jar:5.6.2]
	at java.util.stream.ForEachOps$ForEachOp$OfRef.accept(ForEachOps.java:183) ~[?:1.8.0_402]
	at java.util.stream.ReferencePipeline$3$1.accept(ReferencePipeline.java:193) ~[?:1.8.0_402]
	at java.util.Iterator.forEachRemaining(Iterator.java:116) ~[?:1.8.0_402]
	at java.util.Spliterators$IteratorSpliterator.forEachRemaining(Spliterators.java:1801) ~[?:1.8.0_402]
	at java.util.stream.AbstractPipeline.copyInto(AbstractPipeline.java:482) ~[?:1.8.0_402]
	at java.util.stream.AbstractPipeline.wrapAndCopyInto(AbstractPipeline.java:472) ~[?:1.8.0_402]
	at java.util.stream.ForEachOps$ForEachOp.evaluateSequential(ForEachOps.java:150) ~[?:1.8.0_402]
	at java.util.stream.ForEachOps$ForEachOp$OfRef.evaluateSequential(ForEachOps.java:173) ~[?:1.8.0_402]
	at java.util.stream.AbstractPipeline.evaluate(AbstractPipeline.java:234) ~[?:1.8.0_402]
	at java.util.stream.ReferencePipeline.forEach(ReferencePipeline.java:485) ~[?:1.8.0_402]
	at org.junit.vintage.engine.VintageTestEngine.executeAllChildren(VintageTestEngine.java:82) ~[junit-vintage-engine-5.6.2.jar:5.6.2]
	at org.junit.vintage.engine.VintageTestEngine.execute(VintageTestEngine.java:73) ~[junit-vintage-engine-5.6.2.jar:5.6.2]
	at org.junit.platform.launcher.core.DefaultLauncher.execute(DefaultLauncher.java:248) ~[junit-platform-launcher-1.6.2.jar:1.6.2]
	at org.junit.platform.launcher.core.DefaultLauncher.lambda$execute$5(DefaultLauncher.java:211) ~[junit-platform-launcher-1.6.2.jar:1.6.2]
	at org.junit.platform.launcher.core.DefaultLauncher.withInterceptedStreams(DefaultLauncher.java:226) [junit-platform-launcher-1.6.2.jar:1.6.2]
	at org.junit.platform.launcher.core.DefaultLauncher.execute(DefaultLauncher.java:199) [junit-platform-launcher-1.6.2.jar:1.6.2]
	at org.junit.platform.launcher.core.DefaultLauncher.execute(DefaultLauncher.java:132) [junit-platform-launcher-1.6.2.jar:1.6.2]
	at org.apache.maven.surefire.junitplatform.JUnitPlatformProvider.invokeAllTests(JUnitPlatformProvider.java:154) [surefire-junit-platform-3.0.0-M4.jar:3.0.0-M4]
	at org.apache.maven.surefire.junitplatform.JUnitPlatformProvider.invoke(JUnitPlatformProvider.java:123) [surefire-junit-platform-3.0.0-M4.jar:3.0.0-M4]
	at org.apache.maven.surefire.booter.ForkedBooter.runSuitesInProcess(ForkedBooter.java:377) [surefire-booter-3.0.0-M4.jar:3.0.0-M4]
	at org.apache.maven.surefire.booter.ForkedBooter.execute(ForkedBooter.java:138) [surefire-booter-3.0.0-M4.jar:3.0.0-M4]
	at org.apache.maven.surefire.booter.ForkedBooter.run(ForkedBooter.java:465) [surefire-booter-3.0.0-M4.jar:3.0.0-M4]
	at org.apache.maven.surefire.booter.ForkedBooter.main(ForkedBooter.java:451) [surefire-booter-3.0.0-M4.jar:3.0.0-M4]
2024-04-23T21:50:37,754 ERROR [main] parse.UpdateDeleteSemanticAnalyzer: CBO failed due to missing column stats (see previous errors), skipping CBO
2024-04-23T21:50:37,755  INFO [main] parse.UpdateDeleteSemanticAnalyzer: Ending caching scope for: 
FAILED: NoMatchingMethodException No matching method for class org.apache.hadoop.hive.ql.udf.UDFToInteger with (struct<writeid:bigint,bucketid:int,rowid:bigint>). Possible choices: _FUNC_(bigint)  _FUNC_(boolean)  _FUNC_(decimal(38,18))  _FUNC_(double)  _FUNC_(float)  _FUNC_(smallint)  _FUNC_(string)  _FUNC_(struct<bucketid:bigint,writeid:bigint,rowid:int>)  _FUNC_(timestamp)  _FUNC_(tinyint)  _FUNC_(void)  
2024-04-23T21:50:37,755 ERROR [main] ql.Driver: FAILED: NoMatchingMethodException No matching method for class org.apache.hadoop.hive.ql.udf.UDFToInteger with (struct<writeid:bigint,bucketid:int,rowid:bigint>). Possible choices: _FUNC_(bigint)  _FUNC_(boolean)  _FUNC_(decimal(38,18))  _FUNC_(double)  _FUNC_(float)  _FUNC_(smallint)  _FUNC_(string)  _FUNC_(struct<bucketid:bigint,writeid:bigint,rowid:int>)  _FUNC_(timestamp)  _FUNC_(tinyint)  _FUNC_(void)  
org.apache.hadoop.hive.ql.exec.NoMatchingMethodException: No matching method for class org.apache.hadoop.hive.ql.udf.UDFToInteger with (struct<writeid:bigint,bucketid:int,rowid:bigint>). Possible choices: _FUNC_(bigint)  _FUNC_(boolean)  _FUNC_(decimal(38,18))  _FUNC_(double)  _FUNC_(float)  _FUNC_(smallint)  _FUNC_(string)  _FUNC_(struct<bucketid:bigint,writeid:bigint,rowid:int>)  _FUNC_(timestamp)  _FUNC_(tinyint)  _FUNC_(void)  
	at org.apache.hadoop.hive.ql.exec.MethodUtils.getMethodInternal(MethodUtils.java:130)
	at org.apache.hadoop.hive.ql.exec.MethodUtils.getMethodInternal(MethodUtils.java:60)
	at org.apache.hadoop.hive.ql.exec.DefaultUDFMethodResolver.getEvalMethod(DefaultUDFMethodResolver.java:59)
	at org.apache.hadoop.hive.ql.udf.TimestampCastRestrictorResolver.getEvalMethod(TimestampCastRestrictorResolver.java:68)
	at org.apache.hadoop.hive.ql.udf.generic.GenericUDFBridge.initialize(GenericUDFBridge.java:168)
	at org.apache.hadoop.hive.ql.udf.generic.GenericUDF.initializeAndFoldConstants(GenericUDF.java:149)
	at org.apache.hadoop.hive.ql.plan.ExprNodeGenericFuncDesc.newInstance(ExprNodeGenericFuncDesc.java:235)
	at org.apache.hadoop.hive.ql.parse.type.ExprNodeDescExprFactory.createFuncCallExpr(ExprNodeDescExprFactory.java:584)
	at org.apache.hadoop.hive.ql.parse.type.ExprNodeDescExprFactory.createFuncCallExpr(ExprNodeDescExprFactory.java:97)
	at org.apache.hadoop.hive.ql.parse.type.TypeCheckProcFactory$DefaultExprProcessor.getFuncExprNodeDescWithUdfData(TypeCheckProcFactory.java:762)
	at org.apache.hadoop.hive.ql.parse.type.TypeCheckProcFactory$DefaultExprProcessor.createConversionCast(TypeCheckProcFactory.java:783)
	at org.apache.hadoop.hive.ql.parse.SemanticAnalyzer.getPartitionColsFromBucketColsForUpdateDelete(SemanticAnalyzer.java:8725)
	at org.apache.hadoop.hive.ql.parse.SemanticAnalyzer.genBucketingSortingDest(SemanticAnalyzer.java:6914)
	at org.apache.hadoop.hive.ql.parse.SemanticAnalyzer.genFileSinkPlan(SemanticAnalyzer.java:7335)
	at org.apache.hadoop.hive.ql.parse.SemanticAnalyzer.genPostGroupByBodyPlan(SemanticAnalyzer.java:11063)
	at org.apache.hadoop.hive.ql.parse.SemanticAnalyzer.genBodyPlan(SemanticAnalyzer.java:10938)
	at org.apache.hadoop.hive.ql.parse.SemanticAnalyzer.genPlan(SemanticAnalyzer.java:11853)
	at org.apache.hadoop.hive.ql.parse.SemanticAnalyzer.genPlan(SemanticAnalyzer.java:11723)
	at org.apache.hadoop.hive.ql.parse.CalcitePlanner.genOPTree(CalcitePlanner.java:626)
	at org.apache.hadoop.hive.ql.parse.SemanticAnalyzer.analyzeInternal(SemanticAnalyzer.java:12558)
	at org.apache.hadoop.hive.ql.parse.CalcitePlanner.analyzeInternal(CalcitePlanner.java:456)
	at org.apache.hadoop.hive.ql.parse.RewriteSemanticAnalyzer.analyzeInternal(RewriteSemanticAnalyzer.java:67)
	at org.apache.hadoop.hive.ql.parse.BaseSemanticAnalyzer.analyze(BaseSemanticAnalyzer.java:317)
	at org.apache.hadoop.hive.ql.parse.UpdateDeleteSemanticAnalyzer.reparseAndSuperAnalyze(UpdateDeleteSemanticAnalyzer.java:208)
	at org.apache.hadoop.hive.ql.parse.UpdateDeleteSemanticAnalyzer.analyzeUpdate(UpdateDeleteSemanticAnalyzer.java:63)
	at org.apache.hadoop.hive.ql.parse.UpdateDeleteSemanticAnalyzer.analyze(UpdateDeleteSemanticAnalyzer.java:53)
	at org.apache.hadoop.hive.ql.parse.RewriteSemanticAnalyzer.analyzeInternal(RewriteSemanticAnalyzer.java:72)
	at org.apache.hadoop.hive.ql.parse.BaseSemanticAnalyzer.analyze(BaseSemanticAnalyzer.java:317)
	at org.apache.hadoop.hive.ql.Compiler.analyze(Compiler.java:223)
	at org.apache.hadoop.hive.ql.Compiler.compile(Compiler.java:105)
	at org.apache.hadoop.hive.ql.Driver.compile(Driver.java:500)
	at org.apache.hadoop.hive.ql.Driver.compileInternal(Driver.java:453)
	at org.apache.hadoop.hive.ql.Driver.runInternal(Driver.java:181)
	at org.apache.hadoop.hive.ql.Driver.run(Driver.java:153)
	at org.apache.hadoop.hive.ql.Driver.run(Driver.java:140)
	at org.apache.hadoop.hive.ql.TxnCommandsBaseForTests.runStatementOnDriver(TxnCommandsBaseForTests.java:245)
	at org.apache.hadoop.hive.ql.TestTxnLoadData.loadDataUpdate(TestTxnLoadData.java:118)
	at org.apache.hadoop.hive.ql.TestTxnLoadData.loadDataUpdateVectorized(TestTxnLoadData.java:76)
	at sun.reflect.NativeMethodAccessorImpl.invoke0(Native Method)
	at sun.reflect.NativeMethodAccessorImpl.invoke(NativeMethodAccessorImpl.java:62)
	at sun.reflect.DelegatingMethodAccessorImpl.invoke(DelegatingMethodAccessorImpl.java:43)
	at java.lang.reflect.Method.invoke(Method.java:498)
	at org.junit.runners.model.FrameworkMethod$1.runReflectiveCall(FrameworkMethod.java:59)
	at org.junit.internal.runners.model.ReflectiveCallable.run(ReflectiveCallable.java:12)
	at org.junit.runners.model.FrameworkMethod.invokeExplosively(FrameworkMethod.java:56)
	at org.junit.internal.runners.statements.InvokeMethod.evaluate(InvokeMethod.java:17)
	at org.junit.internal.runners.statements.RunBefores.evaluate(RunBefores.java:26)
	at org.junit.internal.runners.statements.RunAfters.evaluate(RunAfters.java:27)
	at org.junit.rules.ExternalResource$1.evaluate(ExternalResource.java:54)
	at org.junit.rules.TestWatcher$1.evaluate(TestWatcher.java:61)
	at org.junit.runners.ParentRunner$3.evaluate(ParentRunner.java:306)
	at org.junit.runners.BlockJUnit4ClassRunner$1.evaluate(BlockJUnit4ClassRunner.java:100)
	at org.junit.runners.ParentRunner.runLeaf(ParentRunner.java:366)
	at org.junit.runners.BlockJUnit4ClassRunner.runChild(BlockJUnit4ClassRunner.java:103)
	at org.junit.runners.BlockJUnit4ClassRunner.runChild(BlockJUnit4ClassRunner.java:63)
	at org.junit.runners.ParentRunner$4.run(ParentRunner.java:331)
	at org.junit.runners.ParentRunner$1.schedule(ParentRunner.java:79)
	at org.junit.runners.ParentRunner.runChildren(ParentRunner.java:329)
	at org.junit.runners.ParentRunner.access$100(ParentRunner.java:66)
	at org.junit.runners.ParentRunner$2.evaluate(ParentRunner.java:293)
	at org.junit.runners.ParentRunner$3.evaluate(ParentRunner.java:306)
	at org.junit.runners.ParentRunner.run(ParentRunner.java:413)
	at org.junit.runner.JUnitCore.run(JUnitCore.java:137)
	at org.junit.runner.JUnitCore.run(JUnitCore.java:115)
	at org.junit.vintage.engine.execution.RunnerExecutor.execute(RunnerExecutor.java:43)
	at java.util.stream.ForEachOps$ForEachOp$OfRef.accept(ForEachOps.java:183)
	at java.util.stream.ReferencePipeline$3$1.accept(ReferencePipeline.java:193)
	at java.util.Iterator.forEachRemaining(Iterator.java:116)
	at java.util.Spliterators$IteratorSpliterator.forEachRemaining(Spliterators.java:1801)
	at java.util.stream.AbstractPipeline.copyInto(AbstractPipeline.java:482)
	at java.util.stream.AbstractPipeline.wrapAndCopyInto(AbstractPipeline.java:472)
	at java.util.stream.ForEachOps$ForEachOp.evaluateSequential(ForEachOps.java:150)
	at java.util.stream.ForEachOps$ForEachOp$OfRef.evaluateSequential(ForEachOps.java:173)
	at java.util.stream.AbstractPipeline.evaluate(AbstractPipeline.java:234)
	at java.util.stream.ReferencePipeline.forEach(ReferencePipeline.java:485)
	at org.junit.vintage.engine.VintageTestEngine.executeAllChildren(VintageTestEngine.java:82)
	at org.junit.vintage.engine.VintageTestEngine.execute(VintageTestEngine.java:73)
	at org.junit.platform.launcher.core.DefaultLauncher.execute(DefaultLauncher.java:248)
	at org.junit.platform.launcher.core.DefaultLauncher.lambda$execute$5(DefaultLauncher.java:211)
	at org.junit.platform.launcher.core.DefaultLauncher.withInterceptedStreams(DefaultLauncher.java:226)
	at org.junit.platform.launcher.core.DefaultLauncher.execute(DefaultLauncher.java:199)
	at org.junit.platform.launcher.core.DefaultLauncher.execute(DefaultLauncher.java:132)
	at org.apache.maven.surefire.junitplatform.JUnitPlatformProvider.invokeAllTests(JUnitPlatformProvider.java:154)
	at org.apache.maven.surefire.junitplatform.JUnitPlatformProvider.invoke(JUnitPlatformProvider.java:123)
	at org.apache.maven.surefire.booter.ForkedBooter.runSuitesInProcess(ForkedBooter.java:377)
	at org.apache.maven.surefire.booter.ForkedBooter.execute(ForkedBooter.java:138)
	at org.apache.maven.surefire.booter.ForkedBooter.run(ForkedBooter.java:465)
	at org.apache.maven.surefire.booter.ForkedBooter.main(ForkedBooter.java:451)

2024-04-23T21:50:37,755  INFO [main] metadata.Hive: Dumping metastore api call timing information for : compilation phase
2024-04-23T21:50:37,755  INFO [main] metadata.Hive: Total time spent in each metastore function (ms): {getTableColumnStatistics_(String, String, List, String)=11, flushCache_()=0, getValidTxns_(long)=1, getValidWriteIds_(List, String)=4, openTxn_(String, TxnType)=2, getCheckConstraints_(CheckConstraintsRequest)=1, isCompatibleWith_(Configuration)=0, getNotNullConstraints_(NotNullConstraintsRequest)=1, getTable_(GetTableRequest)=42, commitTxn_(CommitTxnRequest)=12, getAllTableConstraints_(AllTableConstraintsRequest)=6}
2024-04-23T21:50:37,756  INFO [main] ql.Driver: Completed compiling command(queryId=alex_20240423215037_90c029b4-196f-4635-8620-6433bf630558); Time taken: 0.183 seconds
2024-04-23T21:50:37,756  INFO [main] lockmgr.DbTxnManager: Stopped heartbeat for query: null
2024-04-23T21:50:37,759  INFO [main] txn.TxnHandler: Removed transactions: ([23]) from MIN_HISTORY_LEVEL
2024-04-23T21:50:37,767  INFO [main] ql.TxnCommandsBaseForTests: Running the query: drop table if exists acidTbl
2024-04-23T21:50:37,767  INFO [main] ql.Driver: Compiling command(queryId=alex_20240423215037_720d2b61-b44d-4c22-97ed-fab85f30e3a2): drop table if exists acidTbl
2024-04-23T21:50:37,769  INFO [main] txn.TxnHandler: Added entries to MIN_HISTORY_LEVEL for current txns: ([24]) with min_open_txn: 22
2024-04-23T21:50:37,769  INFO [main] lockmgr.DbTxnManager: Opened txnid:24
2024-04-23T21:50:37,770  INFO [main] HiveMetaStore.audit: ugi=alex	ip=unknown-ip-addr	cmd=get_table : tbl=hive.default.acidTbl	
2024-04-23T21:50:37,778  INFO [main] metastore.HMSHandler: Skipping translation for processor with null
2024-04-23T21:50:37,778  INFO [main] ql.Driver: Semantic Analysis Completed (retrial = false)
2024-04-23T21:50:37,778  INFO [main] ql.Driver: Created Hive schema: Schema(fieldSchemas:null, properties:null)
2024-04-23T21:50:37,778  INFO [main] metadata.Hive: Dumping metastore api call timing information for : compilation phase
2024-04-23T21:50:37,778  INFO [main] metadata.Hive: Total time spent in each metastore function (ms): {rollbackTxn_(long)=10, isCompatibleWith_(Configuration)=0, openTxn_(String, TxnType)=2, flushCache_()=0, getValidTxns_(long)=0, getTable_(GetTableRequest)=8}
2024-04-23T21:50:37,779  INFO [main] ql.Driver: Completed compiling command(queryId=alex_20240423215037_720d2b61-b44d-4c22-97ed-fab85f30e3a2); Time taken: 0.011 seconds
2024-04-23T21:50:37,779  INFO [main] lockmgr.DbTxnManager: Setting lock request transaction to txnid:24 for queryId=alex_20240423215037_720d2b61-b44d-4c22-97ed-fab85f30e3a2
2024-04-23T21:50:37,779  INFO [main] lockmgr.DbLockManager: Requesting lock for queryId=alex_20240423215037_720d2b61-b44d-4c22-97ed-fab85f30e3a2
2024-04-23T21:50:37,796  INFO [main] lockmgr.DbLockManager: Response to queryId=alex_20240423215037_720d2b61-b44d-4c22-97ed-fab85f30e3a2 LockResponse(lockid:16, state:ACQUIRED)
2024-04-23T21:50:37,796  INFO [main] ql.Driver: Operation DROPTABLE obtained 1 locks
2024-04-23T21:50:37,796  INFO [main] ql.Driver: Executing command(queryId=alex_20240423215037_720d2b61-b44d-4c22-97ed-fab85f30e3a2): drop table if exists acidTbl
2024-04-23T21:50:37,796  INFO [main] ql.Driver: Starting task [Stage-0:DDL] in serial mode
2024-04-23T21:50:37,797  INFO [main] HiveMetaStore.audit: ugi=alex	ip=unknown-ip-addr	cmd=get_table : tbl=hive.default.acidTbl	
2024-04-23T21:50:37,804  INFO [main] metastore.HMSHandler: Skipping translation for processor with null
2024-04-23T21:50:37,804  INFO [main] HiveMetaStore.audit: ugi=alex	ip=unknown-ip-addr	cmd=get_table : tbl=hive.default.acidTbl	
2024-04-23T21:50:37,810  INFO [main] metastore.HMSHandler: Skipping translation for processor with null
2024-04-23T21:50:37,811  INFO [main] HiveMetaStore.audit: ugi=alex	ip=unknown-ip-addr	cmd=drop_table : tbl=hive.default.acidTbl	
2024-04-23T21:50:37,910  INFO [main] metadata.Hive: Dumping metastore api call timing information for : execution phase
2024-04-23T21:50:37,910  INFO [main] metadata.Hive: Total time spent in each metastore function (ms): {getTable_(GetTableRequest)=7, isCompatibleWith_(Configuration)=1, dropTable_(String, String, boolean, boolean, boolean)=106}
2024-04-23T21:50:37,911  INFO [main] ql.Driver: Completed executing command(queryId=alex_20240423215037_720d2b61-b44d-4c22-97ed-fab85f30e3a2); Time taken: 0.114 seconds
2024-04-23T21:50:37,911  INFO [main] lockmgr.DbTxnManager: Stopped heartbeat for query: alex_20240423215037_720d2b61-b44d-4c22-97ed-fab85f30e3a2
2024-04-23T21:50:37,914  INFO [main] txn.TxnHandler: Expected to move at least one record from txn_components to completed_txn_components when committing txn! txnid:24
2024-04-23T21:50:37,921  INFO [main] txn.TxnHandler: Removed transactions: ([24]) from MIN_HISTORY_LEVEL
2024-04-23T21:50:37,922  WARN [main] txn.CompactionTxnHandler: No compaction queue record found for Compaction type transaction commit. txnId:24
2024-04-23T21:50:37,922  INFO [main] ql.TxnCommandsBaseForTests: Running the query: drop table if exists acidTblPart
2024-04-23T21:50:37,923  INFO [main] ql.Driver: Compiling command(queryId=alex_20240423215037_576442a6-90a8-4532-ba8e-1f2abf6e3f5e): drop table if exists acidTblPart
2024-04-23T21:50:37,929  INFO [main] txn.TxnHandler: Added entries to MIN_HISTORY_LEVEL for current txns: ([25]) with min_open_txn: 22
2024-04-23T21:50:37,929  INFO [main] lockmgr.DbTxnManager: Opened txnid:25
2024-04-23T21:50:37,932  INFO [main] HiveMetaStore.audit: ugi=alex	ip=unknown-ip-addr	cmd=get_table : tbl=hive.default.acidTblPart	
2024-04-23T21:50:37,939  INFO [main] metastore.HMSHandler: Skipping translation for processor with null
2024-04-23T21:50:37,939  INFO [main] ql.Driver: Semantic Analysis Completed (retrial = false)
2024-04-23T21:50:37,939  INFO [main] ql.Driver: Created Hive schema: Schema(fieldSchemas:null, properties:null)
2024-04-23T21:50:37,939  INFO [main] metadata.Hive: Dumping metastore api call timing information for : compilation phase
2024-04-23T21:50:37,940  INFO [main] metadata.Hive: Total time spent in each metastore function (ms): {flushCache_()=0, getTable_(GetTableRequest)=8, isCompatibleWith_(Configuration)=0, getValidTxns_(long)=2, openTxn_(String, TxnType)=6, commitTxn_(CommitTxnRequest)=11}
2024-04-23T21:50:37,940  INFO [main] ql.Driver: Completed compiling command(queryId=alex_20240423215037_576442a6-90a8-4532-ba8e-1f2abf6e3f5e); Time taken: 0.016 seconds
2024-04-23T21:50:37,940  INFO [main] lockmgr.DbTxnManager: Setting lock request transaction to txnid:25 for queryId=alex_20240423215037_576442a6-90a8-4532-ba8e-1f2abf6e3f5e
2024-04-23T21:50:37,941  INFO [main] lockmgr.DbLockManager: Requesting lock for queryId=alex_20240423215037_576442a6-90a8-4532-ba8e-1f2abf6e3f5e
2024-04-23T21:50:37,955  INFO [main] lockmgr.DbLockManager: Response to queryId=alex_20240423215037_576442a6-90a8-4532-ba8e-1f2abf6e3f5e LockResponse(lockid:17, state:ACQUIRED)
2024-04-23T21:50:37,955  INFO [main] ql.Driver: Operation DROPTABLE obtained 1 locks
2024-04-23T21:50:37,956  INFO [main] ql.Driver: Executing command(queryId=alex_20240423215037_576442a6-90a8-4532-ba8e-1f2abf6e3f5e): drop table if exists acidTblPart
2024-04-23T21:50:37,956  INFO [main] ql.Driver: Starting task [Stage-0:DDL] in serial mode
2024-04-23T21:50:37,956  INFO [main] HiveMetaStore.audit: ugi=alex	ip=unknown-ip-addr	cmd=get_table : tbl=hive.default.acidTblPart	
2024-04-23T21:50:37,963  INFO [main] metastore.HMSHandler: Skipping translation for processor with null
2024-04-23T21:50:37,963  INFO [main] HiveMetaStore.audit: ugi=alex	ip=unknown-ip-addr	cmd=get_table : tbl=hive.default.acidTblPart	
2024-04-23T21:50:37,970  INFO [main] metastore.HMSHandler: Skipping translation for processor with null
2024-04-23T21:50:37,970  INFO [main] HiveMetaStore.audit: ugi=alex	ip=unknown-ip-addr	cmd=drop_table : tbl=hive.default.acidTblPart	
2024-04-23T21:50:38,010  INFO [main] metadata.Hive: Dumping metastore api call timing information for : execution phase
2024-04-23T21:50:38,010  INFO [main] metadata.Hive: Total time spent in each metastore function (ms): {dropTable_(String, String, boolean, boolean, boolean)=46, getTable_(GetTableRequest)=7, isCompatibleWith_(Configuration)=0}
2024-04-23T21:50:38,010  INFO [main] ql.Driver: Completed executing command(queryId=alex_20240423215037_576442a6-90a8-4532-ba8e-1f2abf6e3f5e); Time taken: 0.054 seconds
2024-04-23T21:50:38,010  INFO [main] lockmgr.DbTxnManager: Stopped heartbeat for query: alex_20240423215037_576442a6-90a8-4532-ba8e-1f2abf6e3f5e
2024-04-23T21:50:38,014  INFO [main] txn.TxnHandler: Expected to move at least one record from txn_components to completed_txn_components when committing txn! txnid:25
2024-04-23T21:50:38,020  INFO [main] txn.TxnHandler: Removed transactions: ([25]) from MIN_HISTORY_LEVEL
2024-04-23T21:50:38,020  WARN [main] txn.CompactionTxnHandler: No compaction queue record found for Compaction type transaction commit. txnId:25
2024-04-23T21:50:38,021  INFO [main] ql.TxnCommandsBaseForTests: Running the query: drop table if exists acidTbl2
2024-04-23T21:50:38,021  INFO [main] ql.Driver: Compiling command(queryId=alex_20240423215038_e53f0079-d224-435f-8f7b-6085a2899563): drop table if exists acidTbl2
2024-04-23T21:50:38,023  INFO [main] txn.TxnHandler: Added entries to MIN_HISTORY_LEVEL for current txns: ([26]) with min_open_txn: 22
2024-04-23T21:50:38,024  INFO [main] lockmgr.DbTxnManager: Opened txnid:26
2024-04-23T21:50:38,024  INFO [main] ql.Driver: Semantic Analysis Completed (retrial = false)
2024-04-23T21:50:38,025  INFO [main] ql.Driver: Created Hive schema: Schema(fieldSchemas:null, properties:null)
2024-04-23T21:50:38,025  INFO [main] metadata.Hive: Dumping metastore api call timing information for : compilation phase
2024-04-23T21:50:38,025  INFO [main] metadata.Hive: Total time spent in each metastore function (ms): {getValidTxns_(long)=0, isCompatibleWith_(Configuration)=0, commitTxn_(CommitTxnRequest)=10, flushCache_()=0, getTable_(GetTableRequest)=0, openTxn_(String, TxnType)=2}
2024-04-23T21:50:38,025  INFO [main] ql.Driver: Completed compiling command(queryId=alex_20240423215038_e53f0079-d224-435f-8f7b-6085a2899563); Time taken: 0.004 seconds
2024-04-23T21:50:38,025  INFO [main] lockmgr.DbTxnManager: Setting lock request transaction to txnid:26 for queryId=alex_20240423215038_e53f0079-d224-435f-8f7b-6085a2899563
2024-04-23T21:50:38,025  INFO [main] ql.Driver: Operation DROPTABLE obtained 0 locks
2024-04-23T21:50:38,025  INFO [main] ql.Driver: Executing command(queryId=alex_20240423215038_e53f0079-d224-435f-8f7b-6085a2899563): drop table if exists acidTbl2
2024-04-23T21:50:38,026  INFO [main] ql.Driver: Starting task [Stage-0:DDL] in serial mode
2024-04-23T21:50:38,026  INFO [main] metadata.SessionHiveMetaStoreClient: Column stats doesn't exist for db=default temp table=acidTbl2
2024-04-23T21:50:38,027  INFO [main] metadata.Hive: Dumping metastore api call timing information for : execution phase
2024-04-23T21:50:38,027  INFO [main] metadata.Hive: Total time spent in each metastore function (ms): {isCompatibleWith_(Configuration)=0, getTable_(GetTableRequest)=0, dropTable_(String, String, boolean, boolean, boolean)=1}
2024-04-23T21:50:38,027  INFO [main] ql.Driver: Completed executing command(queryId=alex_20240423215038_e53f0079-d224-435f-8f7b-6085a2899563); Time taken: 0.002 seconds
2024-04-23T21:50:38,027  INFO [main] lockmgr.DbTxnManager: Stopped heartbeat for query: alex_20240423215038_e53f0079-d224-435f-8f7b-6085a2899563
2024-04-23T21:50:38,032  INFO [main] txn.TxnHandler: Expected to move at least one record from txn_components to completed_txn_components when committing txn! txnid:26
2024-04-23T21:50:38,037  INFO [main] txn.TxnHandler: Removed transactions: ([26]) from MIN_HISTORY_LEVEL
2024-04-23T21:50:38,037  WARN [main] txn.CompactionTxnHandler: No compaction queue record found for Compaction type transaction commit. txnId:26
2024-04-23T21:50:38,038  INFO [main] ql.TxnCommandsBaseForTests: Running the query: drop table if exists nonAcidOrcTbl
2024-04-23T21:50:38,038  INFO [main] ql.Driver: Compiling command(queryId=alex_20240423215038_1a1440c7-000b-4843-8563-651bef823cba): drop table if exists nonAcidOrcTbl
2024-04-23T21:50:38,040  INFO [main] txn.TxnHandler: Added entries to MIN_HISTORY_LEVEL for current txns: ([27]) with min_open_txn: 22
2024-04-23T21:50:38,041  INFO [main] lockmgr.DbTxnManager: Opened txnid:27
2024-04-23T21:50:38,041  INFO [main] HiveMetaStore.audit: ugi=alex	ip=unknown-ip-addr	cmd=get_table : tbl=hive.default.nonAcidOrcTbl	
2024-04-23T21:50:38,061  INFO [main] metastore.HMSHandler: Skipping translation for processor with null
2024-04-23T21:50:38,061  INFO [main] ql.Driver: Semantic Analysis Completed (retrial = false)
2024-04-23T21:50:38,062  INFO [main] ql.Driver: Created Hive schema: Schema(fieldSchemas:null, properties:null)
2024-04-23T21:50:38,062  INFO [main] metadata.Hive: Dumping metastore api call timing information for : compilation phase
2024-04-23T21:50:38,062  INFO [main] metadata.Hive: Total time spent in each metastore function (ms): {getTable_(GetTableRequest)=20, commitTxn_(CommitTxnRequest)=11, flushCache_()=1, isCompatibleWith_(Configuration)=0, getValidTxns_(long)=0, openTxn_(String, TxnType)=2}
2024-04-23T21:50:38,062  INFO [main] ql.Driver: Completed compiling command(queryId=alex_20240423215038_1a1440c7-000b-4843-8563-651bef823cba); Time taken: 0.024 seconds
2024-04-23T21:50:38,062  INFO [main] lockmgr.DbTxnManager: Setting lock request transaction to txnid:27 for queryId=alex_20240423215038_1a1440c7-000b-4843-8563-651bef823cba
2024-04-23T21:50:38,063  INFO [main] lockmgr.DbLockManager: Requesting lock for queryId=alex_20240423215038_1a1440c7-000b-4843-8563-651bef823cba
2024-04-23T21:50:38,077  INFO [main] lockmgr.DbLockManager: Response to queryId=alex_20240423215038_1a1440c7-000b-4843-8563-651bef823cba LockResponse(lockid:18, state:ACQUIRED)
2024-04-23T21:50:38,077  INFO [main] ql.Driver: Operation DROPTABLE obtained 1 locks
2024-04-23T21:50:38,077  INFO [main] ql.Driver: Executing command(queryId=alex_20240423215038_1a1440c7-000b-4843-8563-651bef823cba): drop table if exists nonAcidOrcTbl
2024-04-23T21:50:38,078  INFO [main] ql.Driver: Starting task [Stage-0:DDL] in serial mode
2024-04-23T21:50:38,078  INFO [main] HiveMetaStore.audit: ugi=alex	ip=unknown-ip-addr	cmd=get_table : tbl=hive.default.nonAcidOrcTbl	
2024-04-23T21:50:38,086  INFO [main] metastore.HMSHandler: Skipping translation for processor with null
2024-04-23T21:50:38,086  INFO [main] HiveMetaStore.audit: ugi=alex	ip=unknown-ip-addr	cmd=get_table : tbl=hive.default.nonAcidOrcTbl	
2024-04-23T21:50:38,095  INFO [main] metastore.HMSHandler: Skipping translation for processor with null
2024-04-23T21:50:38,095  INFO [main] HiveMetaStore.audit: ugi=alex	ip=unknown-ip-addr	cmd=drop_table : tbl=hive.default.nonAcidOrcTbl	
2024-04-23T21:50:38,160  INFO [main] metadata.Hive: Dumping metastore api call timing information for : execution phase
2024-04-23T21:50:38,160  INFO [main] metadata.Hive: Total time spent in each metastore function (ms): {isCompatibleWith_(Configuration)=0, dropTable_(String, String, boolean, boolean, boolean)=74, getTable_(GetTableRequest)=8}
2024-04-23T21:50:38,161  INFO [main] ql.Driver: Completed executing command(queryId=alex_20240423215038_1a1440c7-000b-4843-8563-651bef823cba); Time taken: 0.083 seconds
2024-04-23T21:50:38,161  INFO [main] lockmgr.DbTxnManager: Stopped heartbeat for query: alex_20240423215038_1a1440c7-000b-4843-8563-651bef823cba
2024-04-23T21:50:38,166  INFO [main] txn.TxnHandler: Expected to move at least one record from txn_components to completed_txn_components when committing txn! txnid:27
2024-04-23T21:50:38,174  INFO [main] txn.TxnHandler: Removed transactions: ([27]) from MIN_HISTORY_LEVEL
2024-04-23T21:50:38,174  WARN [main] txn.CompactionTxnHandler: No compaction queue record found for Compaction type transaction commit. txnId:27
2024-04-23T21:50:38,175  INFO [main] ql.TxnCommandsBaseForTests: Running the query: drop table if exists nonAcidOrcTbl2
2024-04-23T21:50:38,175  INFO [main] ql.Driver: Compiling command(queryId=alex_20240423215038_7fdaf4b9-eede-4183-bb52-bb4efe09ffb6): drop table if exists nonAcidOrcTbl2
2024-04-23T21:50:38,178  INFO [main] txn.TxnHandler: Added entries to MIN_HISTORY_LEVEL for current txns: ([28]) with min_open_txn: 22
2024-04-23T21:50:38,179  INFO [main] lockmgr.DbTxnManager: Opened txnid:28
2024-04-23T21:50:38,180  INFO [main] HiveMetaStore.audit: ugi=alex	ip=unknown-ip-addr	cmd=get_table : tbl=hive.default.nonAcidOrcTbl2	
2024-04-23T21:50:38,193  INFO [main] metastore.HMSHandler: Skipping translation for processor with null
2024-04-23T21:50:38,194  INFO [main] ql.Driver: Semantic Analysis Completed (retrial = false)
2024-04-23T21:50:38,194  INFO [main] ql.Driver: Created Hive schema: Schema(fieldSchemas:null, properties:null)
2024-04-23T21:50:38,194  INFO [main] metadata.Hive: Dumping metastore api call timing information for : compilation phase
2024-04-23T21:50:38,194  INFO [main] metadata.Hive: Total time spent in each metastore function (ms): {flushCache_()=0, commitTxn_(CommitTxnRequest)=14, getValidTxns_(long)=1, getTable_(GetTableRequest)=13, openTxn_(String, TxnType)=3, isCompatibleWith_(Configuration)=0}
2024-04-23T21:50:38,194  INFO [main] ql.Driver: Completed compiling command(queryId=alex_20240423215038_7fdaf4b9-eede-4183-bb52-bb4efe09ffb6); Time taken: 0.019 seconds
2024-04-23T21:50:38,194  INFO [main] lockmgr.DbTxnManager: Setting lock request transaction to txnid:28 for queryId=alex_20240423215038_7fdaf4b9-eede-4183-bb52-bb4efe09ffb6
2024-04-23T21:50:38,195  INFO [main] lockmgr.DbLockManager: Requesting lock for queryId=alex_20240423215038_7fdaf4b9-eede-4183-bb52-bb4efe09ffb6
2024-04-23T21:50:38,215  INFO [main] lockmgr.DbLockManager: Response to queryId=alex_20240423215038_7fdaf4b9-eede-4183-bb52-bb4efe09ffb6 LockResponse(lockid:19, state:ACQUIRED)
2024-04-23T21:50:38,215  INFO [main] ql.Driver: Operation DROPTABLE obtained 1 locks
2024-04-23T21:50:38,215  INFO [main] ql.Driver: Executing command(queryId=alex_20240423215038_7fdaf4b9-eede-4183-bb52-bb4efe09ffb6): drop table if exists nonAcidOrcTbl2
2024-04-23T21:50:38,215  INFO [main] ql.Driver: Starting task [Stage-0:DDL] in serial mode
2024-04-23T21:50:38,216  INFO [main] HiveMetaStore.audit: ugi=alex	ip=unknown-ip-addr	cmd=get_table : tbl=hive.default.nonAcidOrcTbl2	
2024-04-23T21:50:38,225  INFO [main] metastore.HMSHandler: Skipping translation for processor with null
2024-04-23T21:50:38,225  INFO [main] HiveMetaStore.audit: ugi=alex	ip=unknown-ip-addr	cmd=get_table : tbl=hive.default.nonAcidOrcTbl2	
2024-04-23T21:50:38,234  INFO [main] metastore.HMSHandler: Skipping translation for processor with null
2024-04-23T21:50:38,234  INFO [main] HiveMetaStore.audit: ugi=alex	ip=unknown-ip-addr	cmd=drop_table : tbl=hive.default.nonAcidOrcTbl2	
2024-04-23T21:50:38,266  INFO [main] metadata.Hive: Dumping metastore api call timing information for : execution phase
2024-04-23T21:50:38,267  INFO [main] metadata.Hive: Total time spent in each metastore function (ms): {getTable_(GetTableRequest)=9, dropTable_(String, String, boolean, boolean, boolean)=41, isCompatibleWith_(Configuration)=0}
2024-04-23T21:50:38,267  INFO [main] ql.Driver: Completed executing command(queryId=alex_20240423215038_7fdaf4b9-eede-4183-bb52-bb4efe09ffb6); Time taken: 0.051 seconds
2024-04-23T21:50:38,267  INFO [main] lockmgr.DbTxnManager: Stopped heartbeat for query: alex_20240423215038_7fdaf4b9-eede-4183-bb52-bb4efe09ffb6
2024-04-23T21:50:38,271  INFO [main] txn.TxnHandler: Expected to move at least one record from txn_components to completed_txn_components when committing txn! txnid:28
2024-04-23T21:50:38,277  INFO [main] txn.TxnHandler: Removed transactions: ([28]) from MIN_HISTORY_LEVEL
2024-04-23T21:50:38,277  WARN [main] txn.CompactionTxnHandler: No compaction queue record found for Compaction type transaction commit. txnId:28
2024-04-23T21:50:38,278  INFO [main] ql.TxnCommandsBaseForTests: Running the query: drop table if exists nonAcidNonBucket
2024-04-23T21:50:38,278  INFO [main] ql.Driver: Compiling command(queryId=alex_20240423215038_281c2852-d804-4eb8-884c-d5261918d6d2): drop table if exists nonAcidNonBucket
2024-04-23T21:50:38,281  INFO [main] txn.TxnHandler: Added entries to MIN_HISTORY_LEVEL for current txns: ([29]) with min_open_txn: 22
2024-04-23T21:50:38,281  INFO [main] lockmgr.DbTxnManager: Opened txnid:29
2024-04-23T21:50:38,282  INFO [main] HiveMetaStore.audit: ugi=alex	ip=unknown-ip-addr	cmd=get_table : tbl=hive.default.nonAcidNonBucket	
2024-04-23T21:50:38,291  INFO [main] metastore.HMSHandler: Skipping translation for processor with null
2024-04-23T21:50:38,291  INFO [main] ql.Driver: Semantic Analysis Completed (retrial = false)
2024-04-23T21:50:38,291  INFO [main] ql.Driver: Created Hive schema: Schema(fieldSchemas:null, properties:null)
2024-04-23T21:50:38,292  INFO [main] metadata.Hive: Dumping metastore api call timing information for : compilation phase
2024-04-23T21:50:38,292  INFO [main] metadata.Hive: Total time spent in each metastore function (ms): {getTable_(GetTableRequest)=9, flushCache_()=0, commitTxn_(CommitTxnRequest)=11, getValidTxns_(long)=0, isCompatibleWith_(Configuration)=0, openTxn_(String, TxnType)=2}
2024-04-23T21:50:38,292  INFO [main] ql.Driver: Completed compiling command(queryId=alex_20240423215038_281c2852-d804-4eb8-884c-d5261918d6d2); Time taken: 0.013 seconds
2024-04-23T21:50:38,292  INFO [main] lockmgr.DbTxnManager: Setting lock request transaction to txnid:29 for queryId=alex_20240423215038_281c2852-d804-4eb8-884c-d5261918d6d2
2024-04-23T21:50:38,293  INFO [main] lockmgr.DbLockManager: Requesting lock for queryId=alex_20240423215038_281c2852-d804-4eb8-884c-d5261918d6d2
2024-04-23T21:50:38,307  INFO [main] lockmgr.DbLockManager: Response to queryId=alex_20240423215038_281c2852-d804-4eb8-884c-d5261918d6d2 LockResponse(lockid:20, state:ACQUIRED)
2024-04-23T21:50:38,307  INFO [main] ql.Driver: Operation DROPTABLE obtained 1 locks
2024-04-23T21:50:38,307  INFO [main] ql.Driver: Executing command(queryId=alex_20240423215038_281c2852-d804-4eb8-884c-d5261918d6d2): drop table if exists nonAcidNonBucket
2024-04-23T21:50:38,307  INFO [main] ql.Driver: Starting task [Stage-0:DDL] in serial mode
2024-04-23T21:50:38,307  INFO [main] HiveMetaStore.audit: ugi=alex	ip=unknown-ip-addr	cmd=get_table : tbl=hive.default.nonAcidNonBucket	
2024-04-23T21:50:38,316  INFO [main] metastore.HMSHandler: Skipping translation for processor with null
2024-04-23T21:50:38,316  INFO [main] HiveMetaStore.audit: ugi=alex	ip=unknown-ip-addr	cmd=get_table : tbl=hive.default.nonAcidNonBucket	
2024-04-23T21:50:38,324  INFO [main] metastore.HMSHandler: Skipping translation for processor with null
2024-04-23T21:50:38,325  INFO [main] HiveMetaStore.audit: ugi=alex	ip=unknown-ip-addr	cmd=drop_table : tbl=hive.default.nonAcidNonBucket	
2024-04-23T21:50:38,354  INFO [main] metadata.Hive: Dumping metastore api call timing information for : execution phase
2024-04-23T21:50:38,354  INFO [main] metadata.Hive: Total time spent in each metastore function (ms): {dropTable_(String, String, boolean, boolean, boolean)=38, getTable_(GetTableRequest)=9, isCompatibleWith_(Configuration)=0}
2024-04-23T21:50:38,354  INFO [main] ql.Driver: Completed executing command(queryId=alex_20240423215038_281c2852-d804-4eb8-884c-d5261918d6d2); Time taken: 0.047 seconds
2024-04-23T21:50:38,354  INFO [main] lockmgr.DbTxnManager: Stopped heartbeat for query: alex_20240423215038_281c2852-d804-4eb8-884c-d5261918d6d2
2024-04-23T21:50:38,358  INFO [main] txn.TxnHandler: Expected to move at least one record from txn_components to completed_txn_components when committing txn! txnid:29
2024-04-23T21:50:38,363  INFO [main] txn.TxnHandler: Removed transactions: ([29]) from MIN_HISTORY_LEVEL
2024-04-23T21:50:38,363  WARN [main] txn.CompactionTxnHandler: No compaction queue record found for Compaction type transaction commit. txnId:29
2024-04-23T21:50:38,364  INFO [main] utils.TestTxnDbUtil: Cleaning transactional tables
]]></system-err>
  </testcase>
  <testcase name="testLoadAcidFile" classname="org.apache.hadoop.hive.ql.TestTxnLoadData" time="3.17"/>
  <testcase name="testMultiStatementVectorized" classname="org.apache.hadoop.hive.ql.TestTxnLoadData" time="13.319"/>
  <testcase name="loadDataVectorized" classname="org.apache.hadoop.hive.ql.TestTxnLoadData" time="33.803"/>
  <testcase name="loadData" classname="org.apache.hadoop.hive.ql.TestTxnLoadData" time="33.69"/>
</testsuite>