<?xml version="1.0" encoding="UTF-8"?>
<testsuite xmlns:xsi="http://www.w3.org/2001/XMLSchema-instance" xsi:noNamespaceSchemaLocation="https://maven.apache.org/surefire/maven-surefire-plugin/xsd/surefire-test-report-3.0.xsd" version="3.0" name="org.apache.nifi.security.util.crypto.NiFiLegacyCipherProviderGroovyTest" time="0.157" tests="6" errors="0" skipped="1" failures="0">
  <properties>
    <property name="sun.desktop" value="gnome"/>
    <property name="awt.toolkit" value="sun.awt.X11.XToolkit"/>
    <property name="java.specification.version" value="1.8"/>
    <property name="file.encoding.pkg" value="sun.io"/>
    <property name="nondexStart" value="0"/>
    <property name="sun.cpu.isalist" value=""/>
    <property name="sun.jnu.encoding" value="UTF-8"/>
    <property name="java.class.path" value="/home/alex/Repositories/nifi/nifi-commons/nifi-security-utils/target/test-classes:/home/alex/Repositories/nifi/nifi-commons/nifi-security-utils/target/classes:/home/alex/Repositories/nifi/nifi-api/target/classes:/home/alex/Repositories/nifi/nifi-commons/nifi-utils/target/classes:/home/alex/Repositories/nifi/nifi-commons/nifi-security-utils-api/target/classes:/home/alex/Repositories/nifi/nifi-commons/nifi-security-kms/target/classes:/home/alex/.m2/repository/org/apache/commons/commons-lang3/3.12.0/commons-lang3-3.12.0.jar:/home/alex/.m2/repository/commons-codec/commons-codec/1.14/commons-codec-1.14.jar:/home/alex/.m2/repository/org/bouncycastle/bcprov-jdk15on/1.69/bcprov-jdk15on-1.69.jar:/home/alex/.m2/repository/org/bouncycastle/bcpkix-jdk15on/1.69/bcpkix-jdk15on-1.69.jar:/home/alex/.m2/repository/org/bouncycastle/bcutil-jdk15on/1.69/bcutil-jdk15on-1.69.jar:/home/alex/Repositories/nifi/nifi-commons/nifi-properties/target/classes:/home/alex/Repositories/nifi/nifi-commons/nifi-property-utils/target/classes:/home/alex/.m2/repository/at/favre/lib/bcrypt/0.9.0/bcrypt-0.9.0.jar:/home/alex/.m2/repository/at/favre/lib/bytes/1.3.0/bytes-1.3.0.jar:/home/alex/.m2/repository/org/apache/commons/commons-configuration2/2.7/commons-configuration2-2.7.jar:/home/alex/.m2/repository/org/apache/commons/commons-text/1.8/commons-text-1.8.jar:/home/alex/.m2/repository/org/slf4j/jcl-over-slf4j/1.7.32/jcl-over-slf4j-1.7.32.jar:/home/alex/.m2/repository/org/slf4j/slf4j-api/1.7.32/slf4j-api-1.7.32.jar:/home/alex/.m2/repository/org/junit/jupiter/junit-jupiter-api/5.7.2/junit-jupiter-api-5.7.2.jar:/home/alex/.m2/repository/org/apiguardian/apiguardian-api/1.1.0/apiguardian-api-1.1.0.jar:/home/alex/.m2/repository/org/opentest4j/opentest4j/1.2.0/opentest4j-1.2.0.jar:/home/alex/.m2/repository/org/junit/platform/junit-platform-commons/1.7.2/junit-platform-commons-1.7.2.jar:/home/alex/.m2/repository/org/junit/jupiter/junit-jupiter-engine/5.7.2/junit-jupiter-engine-5.7.2.jar:/home/alex/.m2/repository/org/junit/platform/junit-platform-engine/1.7.2/junit-platform-engine-1.7.2.jar:/home/alex/.m2/repository/org/junit/vintage/junit-vintage-engine/5.7.2/junit-vintage-engine-5.7.2.jar:/home/alex/.m2/repository/junit/junit/4.13.2/junit-4.13.2.jar:/home/alex/.m2/repository/org/hamcrest/hamcrest-core/1.3/hamcrest-core-1.3.jar:/home/alex/.m2/repository/org/junit/jupiter/junit-jupiter-params/5.7.2/junit-jupiter-params-5.7.2.jar:/home/alex/.m2/repository/org/mockito/mockito-core/3.11.2/mockito-core-3.11.2.jar:/home/alex/.m2/repository/net/bytebuddy/byte-buddy/1.11.3/byte-buddy-1.11.3.jar:/home/alex/.m2/repository/net/bytebuddy/byte-buddy-agent/1.11.3/byte-buddy-agent-1.11.3.jar:/home/alex/.m2/repository/org/objenesis/objenesis/3.2/objenesis-3.2.jar:/home/alex/.m2/repository/org/mockito/mockito-junit-jupiter/3.11.2/mockito-junit-jupiter-3.11.2.jar:/home/alex/.m2/repository/org/slf4j/slf4j-simple/1.7.32/slf4j-simple-1.7.32.jar:/home/alex/.m2/repository/org/codehaus/groovy/groovy-test/2.5.14/groovy-test-2.5.14.jar:/home/alex/.m2/repository/org/codehaus/groovy/groovy/2.5.14/groovy-2.5.14.jar:"/>
    <property name="java.vm.vendor" value="Private Build"/>
    <property name="nondexPrintstack" value="false"/>
    <property name="sun.arch.data.model" value="64"/>
    <property name="java.vendor.url" value="http://java.oracle.com/"/>
    <property name="user.timezone" value=""/>
    <property name="os.name" value="Linux"/>
    <property name="java.vm.specification.version" value="1.8"/>
    <property name="sun.java.launcher" value="SUN_STANDARD"/>
    <property name="user.country" value="US"/>
    <property name="sun.boot.library.path" value="/usr/lib/jvm/java-8-openjdk-amd64/jre/lib/amd64"/>
    <property name="sun.java.command" value="/home/alex/Repositories/nifi/nifi-commons/nifi-security-utils/target/surefire/surefirebooter2970785943283705063.jar /home/alex/Repositories/nifi/nifi-commons/nifi-security-utils/target/surefire 2024-04-23T18-28-02_696-jvmRun1 surefire5769266180515524906tmp surefire_274378589957025572397tmp"/>
    <property name="nondexLogging" value="CONFIG"/>
    <property name="surefire.test.class.path" value="/home/alex/Repositories/nifi/nifi-commons/nifi-security-utils/target/test-classes:/home/alex/Repositories/nifi/nifi-commons/nifi-security-utils/target/classes:/home/alex/Repositories/nifi/nifi-api/target/classes:/home/alex/Repositories/nifi/nifi-commons/nifi-utils/target/classes:/home/alex/Repositories/nifi/nifi-commons/nifi-security-utils-api/target/classes:/home/alex/Repositories/nifi/nifi-commons/nifi-security-kms/target/classes:/home/alex/.m2/repository/org/apache/commons/commons-lang3/3.12.0/commons-lang3-3.12.0.jar:/home/alex/.m2/repository/commons-codec/commons-codec/1.14/commons-codec-1.14.jar:/home/alex/.m2/repository/org/bouncycastle/bcprov-jdk15on/1.69/bcprov-jdk15on-1.69.jar:/home/alex/.m2/repository/org/bouncycastle/bcpkix-jdk15on/1.69/bcpkix-jdk15on-1.69.jar:/home/alex/.m2/repository/org/bouncycastle/bcutil-jdk15on/1.69/bcutil-jdk15on-1.69.jar:/home/alex/Repositories/nifi/nifi-commons/nifi-properties/target/classes:/home/alex/Repositories/nifi/nifi-commons/nifi-property-utils/target/classes:/home/alex/.m2/repository/at/favre/lib/bcrypt/0.9.0/bcrypt-0.9.0.jar:/home/alex/.m2/repository/at/favre/lib/bytes/1.3.0/bytes-1.3.0.jar:/home/alex/.m2/repository/org/apache/commons/commons-configuration2/2.7/commons-configuration2-2.7.jar:/home/alex/.m2/repository/org/apache/commons/commons-text/1.8/commons-text-1.8.jar:/home/alex/.m2/repository/org/slf4j/jcl-over-slf4j/1.7.32/jcl-over-slf4j-1.7.32.jar:/home/alex/.m2/repository/org/slf4j/slf4j-api/1.7.32/slf4j-api-1.7.32.jar:/home/alex/.m2/repository/org/junit/jupiter/junit-jupiter-api/5.7.2/junit-jupiter-api-5.7.2.jar:/home/alex/.m2/repository/org/apiguardian/apiguardian-api/1.1.0/apiguardian-api-1.1.0.jar:/home/alex/.m2/repository/org/opentest4j/opentest4j/1.2.0/opentest4j-1.2.0.jar:/home/alex/.m2/repository/org/junit/platform/junit-platform-commons/1.7.2/junit-platform-commons-1.7.2.jar:/home/alex/.m2/repository/org/junit/jupiter/junit-jupiter-engine/5.7.2/junit-jupiter-engine-5.7.2.jar:/home/alex/.m2/repository/org/junit/platform/junit-platform-engine/1.7.2/junit-platform-engine-1.7.2.jar:/home/alex/.m2/repository/org/junit/vintage/junit-vintage-engine/5.7.2/junit-vintage-engine-5.7.2.jar:/home/alex/.m2/repository/junit/junit/4.13.2/junit-4.13.2.jar:/home/alex/.m2/repository/org/hamcrest/hamcrest-core/1.3/hamcrest-core-1.3.jar:/home/alex/.m2/repository/org/junit/jupiter/junit-jupiter-params/5.7.2/junit-jupiter-params-5.7.2.jar:/home/alex/.m2/repository/org/mockito/mockito-core/3.11.2/mockito-core-3.11.2.jar:/home/alex/.m2/repository/net/bytebuddy/byte-buddy/1.11.3/byte-buddy-1.11.3.jar:/home/alex/.m2/repository/net/bytebuddy/byte-buddy-agent/1.11.3/byte-buddy-agent-1.11.3.jar:/home/alex/.m2/repository/org/objenesis/objenesis/3.2/objenesis-3.2.jar:/home/alex/.m2/repository/org/mockito/mockito-junit-jupiter/3.11.2/mockito-junit-jupiter-3.11.2.jar:/home/alex/.m2/repository/org/slf4j/slf4j-simple/1.7.32/slf4j-simple-1.7.32.jar:/home/alex/.m2/repository/org/codehaus/groovy/groovy-test/2.5.14/groovy-test-2.5.14.jar:/home/alex/.m2/repository/org/codehaus/groovy/groovy/2.5.14/groovy-2.5.14.jar:"/>
    <property name="sun.cpu.endian" value="little"/>
    <property name="nondexExecid" value="ptdZLsz0IuaTHJPia2tqOzesfDoiZhp71MbPdEvRzY="/>
    <property name="user.home" value="/home/alex"/>
    <property name="user.language" value="en"/>
    <property name="java.specification.vendor" value="Oracle Corporation"/>
    <property name="java.home" value="/usr/lib/jvm/java-8-openjdk-amd64/jre"/>
    <property name="basedir" value="/home/alex/Repositories/nifi/nifi-commons/nifi-security-utils"/>
    <property name="file.separator" value="/"/>
    <property name="nondexEnd" value="9223372036854775807"/>
    <property name="line.separator" value="&#10;"/>
    <property name="java.vm.specification.vendor" value="Oracle Corporation"/>
    <property name="java.specification.name" value="Java Platform API Specification"/>
    <property name="java.awt.graphicsenv" value="sun.awt.X11GraphicsEnvironment"/>
    <property name="java.awt.headless" value="true"/>
    <property name="nondexFilter" value=".*"/>
    <property name="nondexSeed" value="1016066"/>
    <property name="surefire.real.class.path" value="/home/alex/Repositories/nifi/nifi-commons/nifi-security-utils/target/surefire/surefirebooter2970785943283705063.jar"/>
    <property name="sun.boot.class.path" value="/home/alex/Repositories/nifi/nifi-commons/nifi-security-utils/.nondex/nondex-instr.jar:/home/alex/.m2/repository/edu/illinois/nondex-common/2.1.7/nondex-common-2.1.7.jar:/home/alex/.m2/repository/edu/illinois/nondex-annotations/2.1.7/nondex-annotations-2.1.7.jar:/usr/lib/jvm/java-8-openjdk-amd64/jre/lib/resources.jar:/usr/lib/jvm/java-8-openjdk-amd64/jre/lib/rt.jar:/usr/lib/jvm/java-8-openjdk-amd64/jre/lib/sunrsasign.jar:/usr/lib/jvm/java-8-openjdk-amd64/jre/lib/jsse.jar:/usr/lib/jvm/java-8-openjdk-amd64/jre/lib/jce.jar:/usr/lib/jvm/java-8-openjdk-amd64/jre/lib/charsets.jar:/usr/lib/jvm/java-8-openjdk-amd64/jre/lib/jfr.jar:/usr/lib/jvm/java-8-openjdk-amd64/jre/classes"/>
    <property name="sun.management.compiler" value="HotSpot 64-Bit Tiered Compilers"/>
    <property name="java.runtime.version" value="1.8.0_402-8u402-ga-2ubuntu1~22.04-b06"/>
    <property name="java.net.preferIPv4Stack" value="true"/>
    <property name="user.name" value="alex"/>
    <property name="path.separator" value=":"/>
    <property name="os.version" value="6.5.0-28-generic"/>
    <property name="java.endorsed.dirs" value="/usr/lib/jvm/java-8-openjdk-amd64/jre/lib/endorsed"/>
    <property name="java.runtime.name" value="OpenJDK Runtime Environment"/>
    <property name="file.encoding" value="UTF-8"/>
    <property name="java.vm.name" value="OpenJDK 64-Bit Server VM"/>
    <property name="localRepository" value="/home/alex/.m2/repository"/>
    <property name="nondexDir" value="/home/alex/Repositories/nifi/nifi-commons/nifi-security-utils/.nondex"/>
    <property name="java.vendor.url.bug" value="http://bugreport.sun.com/bugreport/"/>
    <property name="nondexJarDir" value="/home/alex/Repositories/nifi/nifi-commons/nifi-security-utils/.nondex"/>
    <property name="java.io.tmpdir" value="/tmp"/>
    <property name="java.version" value="1.8.0_402"/>
    <property name="user.dir" value="/home/alex/Repositories/nifi/nifi-commons/nifi-security-utils"/>
    <property name="os.arch" value="amd64"/>
    <property name="nondexMode" value="FULL"/>
    <property name="java.vm.specification.name" value="Java Virtual Machine Specification"/>
    <property name="java.awt.printerjob" value="sun.print.PSPrinterJob"/>
    <property name="sun.os.patch.level" value="unknown"/>
    <property name="java.library.path" value="/usr/java/packages/lib/amd64:/usr/lib/x86_64-linux-gnu/jni:/lib/x86_64-linux-gnu:/usr/lib/x86_64-linux-gnu:/usr/lib/jni:/lib:/usr/lib"/>
    <property name="java.vendor" value="Private Build"/>
    <property name="java.vm.info" value="mixed mode"/>
    <property name="java.vm.version" value="25.402-b06"/>
    <property name="java.specification.maintenance.version" value="5"/>
    <property name="sun.io.unicode.encoding" value="UnicodeLittle"/>
    <property name="java.ext.dirs" value="/usr/lib/jvm/java-8-openjdk-amd64/jre/lib/ext:/usr/java/packages/lib/ext"/>
    <property name="java.class.version" value="52.0"/>
  </properties>
  <testcase name="testGetCipherShouldSupportLegacyCode" classname="org.apache.nifi.security.util.crypto.NiFiLegacyCipherProviderGroovyTest" time="0.068">
    <system-err><![CDATA[[main] INFO org.apache.nifi.security.util.crypto.NiFiLegacyCipherProviderGroovyTest - Using algorithm: PBEWITHMD5AND128BITAES-CBC-OPENSSL
[main] INFO org.apache.nifi.security.util.crypto.NiFiLegacyCipherProviderGroovyTest - Generated salt 36e20d26fa5b56520fab2f01cfde1a38 (16)
[main] INFO org.apache.nifi.security.util.crypto.NiFiLegacyCipherProviderGroovyTest - Cipher text: b576339026bfe4a481bc86a128036f11ed1f84a241a5e879a7e663d6012e5f2f 32
[main] INFO org.apache.nifi.security.util.crypto.NiFiLegacyCipherProviderGroovyTest - Using algorithm: PBEWITHMD5ANDDES
[main] INFO org.apache.nifi.security.util.crypto.NiFiLegacyCipherProviderGroovyTest - Generated salt cd4ccae4fe6c71f7 (8)
[main] INFO org.apache.nifi.security.util.crypto.NiFiLegacyCipherProviderGroovyTest - Cipher text: 001e96c84c1c88de047a64d5a1c062160f9a7d410c87c5f5430d0a6e80e2e120 32
[main] INFO org.apache.nifi.security.util.crypto.NiFiLegacyCipherProviderGroovyTest - Using algorithm: PBEWITHMD5ANDRC2
[main] INFO org.apache.nifi.security.util.crypto.NiFiLegacyCipherProviderGroovyTest - Generated salt 36d0fe63efa03846 (8)
[main] INFO org.apache.nifi.security.util.crypto.NiFiLegacyCipherProviderGroovyTest - Cipher text: 618cdfece330d7c1ed92234610461df23de513f50847e22bca70ac54795a02e0 32
[main] INFO org.apache.nifi.security.util.crypto.NiFiLegacyCipherProviderGroovyTest - Using algorithm: PBEWITHSHA1ANDRC2
[main] INFO org.apache.nifi.security.util.crypto.NiFiLegacyCipherProviderGroovyTest - Generated salt c0cca917335340bb (8)
[main] INFO org.apache.nifi.security.util.crypto.NiFiLegacyCipherProviderGroovyTest - Cipher text: 4e75f5c563bc28f3fb76f6b330c3b3e33a385ed2b1677b8dc6d680ae40819b3e 32
[main] INFO org.apache.nifi.security.util.crypto.NiFiLegacyCipherProviderGroovyTest - Using algorithm: PBEWITHSHA1ANDDES
[main] INFO org.apache.nifi.security.util.crypto.NiFiLegacyCipherProviderGroovyTest - Generated salt 7cbe8c6d6d05cc9c (8)
[main] INFO org.apache.nifi.security.util.crypto.NiFiLegacyCipherProviderGroovyTest - Cipher text: fbebd6e41d1bd12e71af9d293eadaa6997057e9b979a428462762037459c5ea5 32
[main] INFO org.apache.nifi.security.util.crypto.NiFiLegacyCipherProviderGroovyTest - Using algorithm: PBEWITHSHAAND128BITAES-CBC-BC
[main] INFO org.apache.nifi.security.util.crypto.NiFiLegacyCipherProviderGroovyTest - Generated salt 3d2986e33ef26bba83cc737ee665ec6d (16)
[main] INFO org.apache.nifi.security.util.crypto.NiFiLegacyCipherProviderGroovyTest - Cipher text: 67780861d300ba742dc600885fe7c18c0960744dd1fe17583fc0c1ac75e0cc7f 32
[main] INFO org.apache.nifi.security.util.crypto.NiFiLegacyCipherProviderGroovyTest - Using algorithm: PBEWITHSHAAND40BITRC2-CBC
[main] INFO org.apache.nifi.security.util.crypto.NiFiLegacyCipherProviderGroovyTest - Generated salt b15860439388d9a7 (8)
[main] INFO org.apache.nifi.security.util.crypto.NiFiLegacyCipherProviderGroovyTest - Cipher text: bada49544fbad85eeb8933aa91231c2de95b8f8a1da767d7b7829f67e801863d 32
[main] INFO org.apache.nifi.security.util.crypto.NiFiLegacyCipherProviderGroovyTest - Using algorithm: PBEWITHSHAAND128BITRC2-CBC
[main] INFO org.apache.nifi.security.util.crypto.NiFiLegacyCipherProviderGroovyTest - Generated salt 828bf7e1c0529610 (8)
[main] INFO org.apache.nifi.security.util.crypto.NiFiLegacyCipherProviderGroovyTest - Cipher text: 0a1d8c93014728cb341e2335eccb748d4b818e2033955f73ab7053243648bc5b 32
[main] INFO org.apache.nifi.security.util.crypto.NiFiLegacyCipherProviderGroovyTest - Using algorithm: PBEWITHSHAAND40BITRC4
[main] INFO org.apache.nifi.security.util.crypto.NiFiLegacyCipherProviderGroovyTest - Generated salt ba602b905e19640d (8)
[main] INFO org.apache.nifi.security.util.crypto.NiFiLegacyCipherProviderGroovyTest - Cipher text: 5f94448a1be64cc66a1ba0309fb771c8b4acd78716d3740fe92892eb 28
[main] INFO org.apache.nifi.security.util.crypto.NiFiLegacyCipherProviderGroovyTest - Using algorithm: PBEWITHSHAAND128BITRC4
[main] INFO org.apache.nifi.security.util.crypto.NiFiLegacyCipherProviderGroovyTest - Generated salt d89986c6bdfe096d (8)
[main] INFO org.apache.nifi.security.util.crypto.NiFiLegacyCipherProviderGroovyTest - Cipher text: d41ebb790c4527d1d9604632ec6b37abbc52459ace5597f68f0296ad 28
[main] INFO org.apache.nifi.security.util.crypto.NiFiLegacyCipherProviderGroovyTest - Using algorithm: PBEWITHSHA256AND128BITAES-CBC-BC
[main] INFO org.apache.nifi.security.util.crypto.NiFiLegacyCipherProviderGroovyTest - Generated salt d1027c51a339909a80057228dadf8b27 (16)
[main] INFO org.apache.nifi.security.util.crypto.NiFiLegacyCipherProviderGroovyTest - Cipher text: 8770dff254d2ef4f1141f084735ec14dcc33bbeed8b0a0816cf7b934396006bc 32
[main] INFO org.apache.nifi.security.util.crypto.NiFiLegacyCipherProviderGroovyTest - Using algorithm: PBEWITHSHAAND2-KEYTRIPLEDES-CBC
[main] INFO org.apache.nifi.security.util.crypto.NiFiLegacyCipherProviderGroovyTest - Generated salt 74d69754bc7c5621 (8)
[main] INFO org.apache.nifi.security.util.crypto.NiFiLegacyCipherProviderGroovyTest - Cipher text: 0fb5a164465369511bcdbc45b19ca2c80655fe8f56d21a91bf30845326bce4e7 32
[main] INFO org.apache.nifi.security.util.crypto.NiFiLegacyCipherProviderGroovyTest - Using algorithm: PBEWITHSHAAND3-KEYTRIPLEDES-CBC
[main] INFO org.apache.nifi.security.util.crypto.NiFiLegacyCipherProviderGroovyTest - Generated salt ead644e3f67e9adb (8)
[main] INFO org.apache.nifi.security.util.crypto.NiFiLegacyCipherProviderGroovyTest - Cipher text: 100d9ca0c260aaf2b90299a90afe8ea25fa8756dd1cf8be9350d583864bedba0 32
[main] INFO org.apache.nifi.security.util.crypto.NiFiLegacyCipherProviderGroovyTest - Using algorithm: PBEWITHSHAANDTWOFISH-CBC
[main] INFO org.apache.nifi.security.util.crypto.NiFiLegacyCipherProviderGroovyTest - Generated salt 6fa779bb608171f312574fba5cbd151a (16)
[main] INFO org.apache.nifi.security.util.crypto.NiFiLegacyCipherProviderGroovyTest - Cipher text: 3d0bf830147a7a07344908603ca08556de674cdd1e6846259ab9110c7d77f609 32
]]></system-err>
  </testcase>
  <testcase name="testGetCipherWithUnlimitedStrengthShouldBeInternallyConsistent" classname="org.apache.nifi.security.util.crypto.NiFiLegacyCipherProviderGroovyTest" time="0.04">
    <system-err><![CDATA[[main] INFO org.apache.nifi.security.util.crypto.NiFiLegacyCipherProviderGroovyTest - Using algorithm: PBEWITHMD5AND128BITAES-CBC-OPENSSL
[main] INFO org.apache.nifi.security.util.crypto.NiFiLegacyCipherProviderGroovyTest - Generated salt 431f343d24f0048d06f2adbda961577c (16)
[main] INFO org.apache.nifi.security.util.crypto.NiFiLegacyCipherProviderGroovyTest - Cipher text: 20efa8282baa7dc40cb457845613a0dee934308fd9d5184828d03f662435f3f7 32
[main] INFO org.apache.nifi.security.util.crypto.NiFiLegacyCipherProviderGroovyTest - Using algorithm: PBEWITHMD5AND192BITAES-CBC-OPENSSL
[main] INFO org.apache.nifi.security.util.crypto.NiFiLegacyCipherProviderGroovyTest - Generated salt a2b78dcf04d3a2523dc2a3536036cb4a (16)
[main] INFO org.apache.nifi.security.util.crypto.NiFiLegacyCipherProviderGroovyTest - Cipher text: 92fe6cd5065cb27c9ef6802217cf93b261879471537c42d59e28029fc6174886 32
[main] INFO org.apache.nifi.security.util.crypto.NiFiLegacyCipherProviderGroovyTest - Using algorithm: PBEWITHMD5AND256BITAES-CBC-OPENSSL
[main] INFO org.apache.nifi.security.util.crypto.NiFiLegacyCipherProviderGroovyTest - Generated salt 138457e618271f9247d8f79ce01246c1 (16)
[main] INFO org.apache.nifi.security.util.crypto.NiFiLegacyCipherProviderGroovyTest - Cipher text: 3cd84169ce24f69b0fdc5ae66a771a4dd922b1dc0498d18bde79620da39969bd 32
[main] INFO org.apache.nifi.security.util.crypto.NiFiLegacyCipherProviderGroovyTest - Using algorithm: PBEWITHMD5ANDDES
[main] INFO org.apache.nifi.security.util.crypto.NiFiLegacyCipherProviderGroovyTest - Generated salt 3db5c2e5a73e582e (8)
[main] INFO org.apache.nifi.security.util.crypto.NiFiLegacyCipherProviderGroovyTest - Cipher text: 94ecf9f91f427f1b007a2641bbe58b8ea54a7e6861202762c999f22059277575 32
[main] INFO org.apache.nifi.security.util.crypto.NiFiLegacyCipherProviderGroovyTest - Using algorithm: PBEWITHMD5ANDRC2
[main] INFO org.apache.nifi.security.util.crypto.NiFiLegacyCipherProviderGroovyTest - Generated salt 1bbf4b584cf4170d (8)
[main] INFO org.apache.nifi.security.util.crypto.NiFiLegacyCipherProviderGroovyTest - Cipher text: 9876700edefdecf29eb3a934d5973727b08be016b1905fbce77a230ad24d8e60 32
[main] INFO org.apache.nifi.security.util.crypto.NiFiLegacyCipherProviderGroovyTest - Using algorithm: PBEWITHSHA1ANDRC2
[main] INFO org.apache.nifi.security.util.crypto.NiFiLegacyCipherProviderGroovyTest - Generated salt bd6cc162403405b0 (8)
[main] INFO org.apache.nifi.security.util.crypto.NiFiLegacyCipherProviderGroovyTest - Cipher text: 0be95f0e412eedbf6bb1016b003cc3ac63873bf1f90da87311f07b3bcf103dce 32
[main] INFO org.apache.nifi.security.util.crypto.NiFiLegacyCipherProviderGroovyTest - Using algorithm: PBEWITHSHA1ANDDES
[main] INFO org.apache.nifi.security.util.crypto.NiFiLegacyCipherProviderGroovyTest - Generated salt 884e4b4951609c89 (8)
[main] INFO org.apache.nifi.security.util.crypto.NiFiLegacyCipherProviderGroovyTest - Cipher text: 6caa950e84d4929ef8104f30886b3f999105db39c04ba401dbf955bda6c63644 32
[main] INFO org.apache.nifi.security.util.crypto.NiFiLegacyCipherProviderGroovyTest - Using algorithm: PBEWITHSHAAND128BITAES-CBC-BC
[main] INFO org.apache.nifi.security.util.crypto.NiFiLegacyCipherProviderGroovyTest - Generated salt 2ed25ae445c886f233a754deb07a71b2 (16)
[main] INFO org.apache.nifi.security.util.crypto.NiFiLegacyCipherProviderGroovyTest - Cipher text: b0f2aac4d459b52fbb88932ae27188725803eb10e54424d27d6ed033ea7a3a88 32
[main] INFO org.apache.nifi.security.util.crypto.NiFiLegacyCipherProviderGroovyTest - Using algorithm: PBEWITHSHAAND192BITAES-CBC-BC
[main] INFO org.apache.nifi.security.util.crypto.NiFiLegacyCipherProviderGroovyTest - Generated salt 0864266b1c258b4312ff06a1beb22d3f (16)
[main] INFO org.apache.nifi.security.util.crypto.NiFiLegacyCipherProviderGroovyTest - Cipher text: 4049d603a67a3de8d8a42f55646bbb85dbb539bc017f3962a14123f2f65eb5d5 32
[main] INFO org.apache.nifi.security.util.crypto.NiFiLegacyCipherProviderGroovyTest - Using algorithm: PBEWITHSHAAND256BITAES-CBC-BC
[main] INFO org.apache.nifi.security.util.crypto.NiFiLegacyCipherProviderGroovyTest - Generated salt 52886391ec50b511083f55ea1df9aa48 (16)
[main] INFO org.apache.nifi.security.util.crypto.NiFiLegacyCipherProviderGroovyTest - Cipher text: ccbb0838f67a5b43b94726bc714f519c3f1a56c3d0f92b3d663c7441dec605b2 32
[main] INFO org.apache.nifi.security.util.crypto.NiFiLegacyCipherProviderGroovyTest - Using algorithm: PBEWITHSHAAND40BITRC2-CBC
[main] INFO org.apache.nifi.security.util.crypto.NiFiLegacyCipherProviderGroovyTest - Generated salt 1629790a687bc636 (8)
[main] INFO org.apache.nifi.security.util.crypto.NiFiLegacyCipherProviderGroovyTest - Cipher text: 971c6613daff928712efc5a9e376bfaf3949d8a08da0014e51feae9b791e0483 32
[main] INFO org.apache.nifi.security.util.crypto.NiFiLegacyCipherProviderGroovyTest - Using algorithm: PBEWITHSHAAND128BITRC2-CBC
[main] INFO org.apache.nifi.security.util.crypto.NiFiLegacyCipherProviderGroovyTest - Generated salt a5ce7c06576c06c8 (8)
[main] INFO org.apache.nifi.security.util.crypto.NiFiLegacyCipherProviderGroovyTest - Cipher text: 3c6515dc9983f1a33b9c0dcab2fb489e198ef6ee207d1845590cd4016dc47e99 32
[main] INFO org.apache.nifi.security.util.crypto.NiFiLegacyCipherProviderGroovyTest - Using algorithm: PBEWITHSHAAND40BITRC4
[main] INFO org.apache.nifi.security.util.crypto.NiFiLegacyCipherProviderGroovyTest - Generated salt 143e5489619c78b0 (8)
[main] INFO org.apache.nifi.security.util.crypto.NiFiLegacyCipherProviderGroovyTest - Cipher text: 3da530a2aaa9a5e93c79fa1e71fa15c756a945e5ca0be0d41c7ec820 28
[main] INFO org.apache.nifi.security.util.crypto.NiFiLegacyCipherProviderGroovyTest - Using algorithm: PBEWITHSHAAND128BITRC4
[main] INFO org.apache.nifi.security.util.crypto.NiFiLegacyCipherProviderGroovyTest - Generated salt 8d8f0a2560c7def8 (8)
[main] INFO org.apache.nifi.security.util.crypto.NiFiLegacyCipherProviderGroovyTest - Cipher text: 7b9b3c1a532cdc9c0b2771c774a6b1cc521d9cc4771f66e8b01d1c81 28
[main] INFO org.apache.nifi.security.util.crypto.NiFiLegacyCipherProviderGroovyTest - Using algorithm: PBEWITHSHA256AND128BITAES-CBC-BC
[main] INFO org.apache.nifi.security.util.crypto.NiFiLegacyCipherProviderGroovyTest - Generated salt 308277f434ad2e8a294a02efeaed8c1f (16)
[main] INFO org.apache.nifi.security.util.crypto.NiFiLegacyCipherProviderGroovyTest - Cipher text: 2e49c55b048b6a0a6af97c5b751520372ffe88a7ed93d107c9bda0fe2b78e98d 32
[main] INFO org.apache.nifi.security.util.crypto.NiFiLegacyCipherProviderGroovyTest - Using algorithm: PBEWITHSHA256AND192BITAES-CBC-BC
[main] INFO org.apache.nifi.security.util.crypto.NiFiLegacyCipherProviderGroovyTest - Generated salt 8e24342de96136bfdbb5a8b8ca107545 (16)
[main] INFO org.apache.nifi.security.util.crypto.NiFiLegacyCipherProviderGroovyTest - Cipher text: f1b508c14fc586994a5273ff774f8ddb44dd47647654d93841fae524767ccc2c 32
[main] INFO org.apache.nifi.security.util.crypto.NiFiLegacyCipherProviderGroovyTest - Using algorithm: PBEWITHSHA256AND256BITAES-CBC-BC
[main] INFO org.apache.nifi.security.util.crypto.NiFiLegacyCipherProviderGroovyTest - Generated salt c24c8b7230ceb066971a664f1f3828aa (16)
[main] INFO org.apache.nifi.security.util.crypto.NiFiLegacyCipherProviderGroovyTest - Cipher text: c26c485d2fbc0fbbee6b4f8eae5fe1992b2de8ddf8d9430ca2d7707559b2e08f 32
[main] INFO org.apache.nifi.security.util.crypto.NiFiLegacyCipherProviderGroovyTest - Using algorithm: PBEWITHSHAAND2-KEYTRIPLEDES-CBC
[main] INFO org.apache.nifi.security.util.crypto.NiFiLegacyCipherProviderGroovyTest - Generated salt 13257e1eea387108 (8)
[main] INFO org.apache.nifi.security.util.crypto.NiFiLegacyCipherProviderGroovyTest - Cipher text: ba74af23a389e47a3b8e4603d688e55e999346339de5507a7c1dfa714351b06b 32
[main] INFO org.apache.nifi.security.util.crypto.NiFiLegacyCipherProviderGroovyTest - Using algorithm: PBEWITHSHAAND3-KEYTRIPLEDES-CBC
[main] INFO org.apache.nifi.security.util.crypto.NiFiLegacyCipherProviderGroovyTest - Generated salt eba5b662efa08e48 (8)
[main] INFO org.apache.nifi.security.util.crypto.NiFiLegacyCipherProviderGroovyTest - Cipher text: 867701b1e1a1e663005e3ceb3a3f072ed71e010ef1d92bec8f3192624fb6abbf 32
[main] INFO org.apache.nifi.security.util.crypto.NiFiLegacyCipherProviderGroovyTest - Using algorithm: PBEWITHSHAANDTWOFISH-CBC
[main] INFO org.apache.nifi.security.util.crypto.NiFiLegacyCipherProviderGroovyTest - Generated salt 914c1195d5584e78047c6c8f924b0cad (16)
[main] INFO org.apache.nifi.security.util.crypto.NiFiLegacyCipherProviderGroovyTest - Cipher text: 9aa4237d503d38198914718444fac98f6b4c8b89a8324d0df742f8d5c31242e7 32
]]></system-err>
  </testcase>
  <testcase name="testGetCipherWithoutSaltShouldSupportLegacyCode" classname="org.apache.nifi.security.util.crypto.NiFiLegacyCipherProviderGroovyTest" time="0.022">
    <system-err><![CDATA[[main] INFO org.apache.nifi.security.util.crypto.NiFiLegacyCipherProviderGroovyTest - Using algorithm: PBEWITHMD5AND128BITAES-CBC-OPENSSL
[main] INFO org.apache.nifi.security.util.crypto.NiFiLegacyCipherProviderGroovyTest - Cipher text: b29275ae7f922502db83b1d1481274e4968562614236068154cb3f8a8535ef43 32
[main] INFO org.apache.nifi.security.util.crypto.NiFiLegacyCipherProviderGroovyTest - Using algorithm: PBEWITHMD5ANDDES
[main] INFO org.apache.nifi.security.util.crypto.NiFiLegacyCipherProviderGroovyTest - Cipher text: 9bfccd12e615fbd8fddb97079d871aa2da57947df6ae3f567598af5b0224037a 32
[main] INFO org.apache.nifi.security.util.crypto.NiFiLegacyCipherProviderGroovyTest - Using algorithm: PBEWITHMD5ANDRC2
[main] INFO org.apache.nifi.security.util.crypto.NiFiLegacyCipherProviderGroovyTest - Cipher text: 9438426d7406a7924c170f5f46899cbf9537fdf8da488dda856995c59b794294 32
[main] INFO org.apache.nifi.security.util.crypto.NiFiLegacyCipherProviderGroovyTest - Using algorithm: PBEWITHSHA1ANDRC2
[main] INFO org.apache.nifi.security.util.crypto.NiFiLegacyCipherProviderGroovyTest - Cipher text: f125b3e44d52f6de912a5751e83925c450ba2705158a95f6460939cf80f1afe7 32
[main] INFO org.apache.nifi.security.util.crypto.NiFiLegacyCipherProviderGroovyTest - Using algorithm: PBEWITHSHA1ANDDES
[main] INFO org.apache.nifi.security.util.crypto.NiFiLegacyCipherProviderGroovyTest - Cipher text: f162ad673ec43f24b3272bc2d37757e1ef80167ce76e611c374194d6a2cc2adf 32
[main] INFO org.apache.nifi.security.util.crypto.NiFiLegacyCipherProviderGroovyTest - Using algorithm: PBEWITHSHAAND128BITAES-CBC-BC
[main] INFO org.apache.nifi.security.util.crypto.NiFiLegacyCipherProviderGroovyTest - Cipher text: 58914107a592186a2397643c13cce17fad69110343252c5f873eaf739128d9e8 32
[main] INFO org.apache.nifi.security.util.crypto.NiFiLegacyCipherProviderGroovyTest - Using algorithm: PBEWITHSHAAND40BITRC2-CBC
[main] INFO org.apache.nifi.security.util.crypto.NiFiLegacyCipherProviderGroovyTest - Cipher text: d73a888b83d6c26c8be6cc9cba0162a37799cd3147299724a1c350da7d190924 32
[main] INFO org.apache.nifi.security.util.crypto.NiFiLegacyCipherProviderGroovyTest - Using algorithm: PBEWITHSHAAND128BITRC2-CBC
[main] INFO org.apache.nifi.security.util.crypto.NiFiLegacyCipherProviderGroovyTest - Cipher text: b9da62e30531556f9c2fbcba2b78c3e17973253bb96ce9d358af723825287ecd 32
[main] INFO org.apache.nifi.security.util.crypto.NiFiLegacyCipherProviderGroovyTest - Using algorithm: PBEWITHSHAAND40BITRC4
[main] INFO org.apache.nifi.security.util.crypto.NiFiLegacyCipherProviderGroovyTest - Cipher text: bd33da32fa5689232f115824753a01cecd4eafda8d4472e0180df20d 28
[main] INFO org.apache.nifi.security.util.crypto.NiFiLegacyCipherProviderGroovyTest - Using algorithm: PBEWITHSHAAND128BITRC4
[main] INFO org.apache.nifi.security.util.crypto.NiFiLegacyCipherProviderGroovyTest - Cipher text: 26b98ca6599319387ef636aef6f9b249f7fffc414a28264982d88faf 28
[main] INFO org.apache.nifi.security.util.crypto.NiFiLegacyCipherProviderGroovyTest - Using algorithm: PBEWITHSHA256AND128BITAES-CBC-BC
[main] INFO org.apache.nifi.security.util.crypto.NiFiLegacyCipherProviderGroovyTest - Cipher text: 7660f73f0a670e36864ea9a4740662e44fc0992be09a284de74cd41ccbce9b6a 32
[main] INFO org.apache.nifi.security.util.crypto.NiFiLegacyCipherProviderGroovyTest - Using algorithm: PBEWITHSHAAND2-KEYTRIPLEDES-CBC
[main] INFO org.apache.nifi.security.util.crypto.NiFiLegacyCipherProviderGroovyTest - Cipher text: ce6b9b5cc554409b7574a6f4e10b5b53cab1f436ba4d3b1af7299a4c5909069b 32
[main] INFO org.apache.nifi.security.util.crypto.NiFiLegacyCipherProviderGroovyTest - Using algorithm: PBEWITHSHAAND3-KEYTRIPLEDES-CBC
[main] INFO org.apache.nifi.security.util.crypto.NiFiLegacyCipherProviderGroovyTest - Cipher text: d3e41c3241ff7a0c238a7d73317a8a7b0ad1664855df1e722c5e6b89682c3cc4 32
[main] INFO org.apache.nifi.security.util.crypto.NiFiLegacyCipherProviderGroovyTest - Using algorithm: PBEWITHSHAANDTWOFISH-CBC
[main] INFO org.apache.nifi.security.util.crypto.NiFiLegacyCipherProviderGroovyTest - Cipher text: 4ca0e3f6e62cbc0f1ea7f00c2659b524ba3c357b5ad03f23a400ff83b4a57453 32
]]></system-err>
  </testcase>
  <testcase name="testGetCipherShouldBeInternallyConsistent" classname="org.apache.nifi.security.util.crypto.NiFiLegacyCipherProviderGroovyTest" time="0.005">
    <system-err><![CDATA[[main] INFO org.apache.nifi.security.util.crypto.NiFiLegacyCipherProviderGroovyTest - Using algorithm: PBEWITHMD5AND128BITAES-CBC-OPENSSL
[main] INFO org.apache.nifi.security.util.crypto.NiFiLegacyCipherProviderGroovyTest - Generated salt b4afa3a7d2d098c9c5b6e70b01acd7ca (16)
[main] INFO org.apache.nifi.security.util.crypto.NiFiLegacyCipherProviderGroovyTest - Cipher text: 71992f308b44341dcc284648753ca0c9b3229142efbf8184a8546e5e7a8a1eb9 32
[main] INFO org.apache.nifi.security.util.crypto.NiFiLegacyCipherProviderGroovyTest - Using algorithm: PBEWITHMD5ANDDES
[main] INFO org.apache.nifi.security.util.crypto.NiFiLegacyCipherProviderGroovyTest - Generated salt aefcd43a3cb672e0 (8)
[main] INFO org.apache.nifi.security.util.crypto.NiFiLegacyCipherProviderGroovyTest - Cipher text: 7d18f45d856048de03a43eb22b59e191d00d8b36a4db20137792c905f37b24f8 32
[main] INFO org.apache.nifi.security.util.crypto.NiFiLegacyCipherProviderGroovyTest - Using algorithm: PBEWITHMD5ANDRC2
[main] INFO org.apache.nifi.security.util.crypto.NiFiLegacyCipherProviderGroovyTest - Generated salt 06a35e560d9d4dee (8)
[main] INFO org.apache.nifi.security.util.crypto.NiFiLegacyCipherProviderGroovyTest - Cipher text: bc664cf33313af4db9aebbfb07f7b3a77c6d0eaa30c9136b84feaae40aa6b345 32
[main] INFO org.apache.nifi.security.util.crypto.NiFiLegacyCipherProviderGroovyTest - Using algorithm: PBEWITHSHA1ANDRC2
[main] INFO org.apache.nifi.security.util.crypto.NiFiLegacyCipherProviderGroovyTest - Generated salt 5cbe10bb783bbac9 (8)
[main] INFO org.apache.nifi.security.util.crypto.NiFiLegacyCipherProviderGroovyTest - Cipher text: 1d3603c9efe6e2b41a132b434d53a8780afd2cd88e8db2731d5b1f899e6bbb13 32
[main] INFO org.apache.nifi.security.util.crypto.NiFiLegacyCipherProviderGroovyTest - Using algorithm: PBEWITHSHA1ANDDES
[main] INFO org.apache.nifi.security.util.crypto.NiFiLegacyCipherProviderGroovyTest - Generated salt 33f516d0e0325a2c (8)
[main] INFO org.apache.nifi.security.util.crypto.NiFiLegacyCipherProviderGroovyTest - Cipher text: 54680326198e4e1db0498828213a0b7411b125eef8f2fae130dda44675f3219b 32
[main] INFO org.apache.nifi.security.util.crypto.NiFiLegacyCipherProviderGroovyTest - Using algorithm: PBEWITHSHAAND128BITAES-CBC-BC
[main] WARN org.apache.nifi.security.util.crypto.NiFiLegacyCipherProviderGroovyTest - This test is skipped because the password length exceeds the undocumented limit BouncyCastle imposes on a JVM with limited strength crypto policies
[main] INFO org.apache.nifi.security.util.crypto.NiFiLegacyCipherProviderGroovyTest - Using algorithm: PBEWITHSHAAND40BITRC2-CBC
[main] WARN org.apache.nifi.security.util.crypto.NiFiLegacyCipherProviderGroovyTest - This test is skipped because the password length exceeds the undocumented limit BouncyCastle imposes on a JVM with limited strength crypto policies
[main] INFO org.apache.nifi.security.util.crypto.NiFiLegacyCipherProviderGroovyTest - Using algorithm: PBEWITHSHAAND128BITRC2-CBC
[main] WARN org.apache.nifi.security.util.crypto.NiFiLegacyCipherProviderGroovyTest - This test is skipped because the password length exceeds the undocumented limit BouncyCastle imposes on a JVM with limited strength crypto policies
[main] INFO org.apache.nifi.security.util.crypto.NiFiLegacyCipherProviderGroovyTest - Using algorithm: PBEWITHSHAAND40BITRC4
[main] WARN org.apache.nifi.security.util.crypto.NiFiLegacyCipherProviderGroovyTest - This test is skipped because the password length exceeds the undocumented limit BouncyCastle imposes on a JVM with limited strength crypto policies
[main] INFO org.apache.nifi.security.util.crypto.NiFiLegacyCipherProviderGroovyTest - Using algorithm: PBEWITHSHAAND128BITRC4
[main] WARN org.apache.nifi.security.util.crypto.NiFiLegacyCipherProviderGroovyTest - This test is skipped because the password length exceeds the undocumented limit BouncyCastle imposes on a JVM with limited strength crypto policies
[main] INFO org.apache.nifi.security.util.crypto.NiFiLegacyCipherProviderGroovyTest - Using algorithm: PBEWITHSHA256AND128BITAES-CBC-BC
[main] WARN org.apache.nifi.security.util.crypto.NiFiLegacyCipherProviderGroovyTest - This test is skipped because the password length exceeds the undocumented limit BouncyCastle imposes on a JVM with limited strength crypto policies
[main] INFO org.apache.nifi.security.util.crypto.NiFiLegacyCipherProviderGroovyTest - Using algorithm: PBEWITHSHAAND2-KEYTRIPLEDES-CBC
[main] WARN org.apache.nifi.security.util.crypto.NiFiLegacyCipherProviderGroovyTest - This test is skipped because the password length exceeds the undocumented limit BouncyCastle imposes on a JVM with limited strength crypto policies
[main] INFO org.apache.nifi.security.util.crypto.NiFiLegacyCipherProviderGroovyTest - Using algorithm: PBEWITHSHAAND3-KEYTRIPLEDES-CBC
[main] WARN org.apache.nifi.security.util.crypto.NiFiLegacyCipherProviderGroovyTest - This test is skipped because the password length exceeds the undocumented limit BouncyCastle imposes on a JVM with limited strength crypto policies
[main] INFO org.apache.nifi.security.util.crypto.NiFiLegacyCipherProviderGroovyTest - Using algorithm: PBEWITHSHAANDTWOFISH-CBC
[main] WARN org.apache.nifi.security.util.crypto.NiFiLegacyCipherProviderGroovyTest - This test is skipped because the password length exceeds the undocumented limit BouncyCastle imposes on a JVM with limited strength crypto policies
]]></system-err>
  </testcase>
  <testcase name="testShouldDetermineDependenceOnUnlimitedStrengthCrypto" classname="org.apache.nifi.security.util.crypto.NiFiLegacyCipherProviderGroovyTest" time="0">
    <skipped message="System property [legacyCipherTest] does not exist ==&gt; Only needed once to determine max supported password lengths"/>
  </testcase>
  <testcase name="testGetCipherShouldIgnoreKeyLength" classname="org.apache.nifi.security.util.crypto.NiFiLegacyCipherProviderGroovyTest" time="0.003">
    <system-err><![CDATA[[main] INFO org.apache.nifi.security.util.crypto.NiFiLegacyCipherProviderGroovyTest - Cipher text: 4b47f5f25c4f90db7b609e2d3afa0b6fcee3eb0aa7719ef71c295f9cf54d5033 32
[main] INFO org.apache.nifi.security.util.crypto.NiFiLegacyCipherProviderGroovyTest - Decrypting with 'requested' key length: -1
[main] INFO org.apache.nifi.security.util.crypto.NiFiLegacyCipherProviderGroovyTest - Decrypting with 'requested' key length: 40
[main] INFO org.apache.nifi.security.util.crypto.NiFiLegacyCipherProviderGroovyTest - Decrypting with 'requested' key length: 64
[main] INFO org.apache.nifi.security.util.crypto.NiFiLegacyCipherProviderGroovyTest - Decrypting with 'requested' key length: 128
[main] INFO org.apache.nifi.security.util.crypto.NiFiLegacyCipherProviderGroovyTest - Decrypting with 'requested' key length: 192
[main] INFO org.apache.nifi.security.util.crypto.NiFiLegacyCipherProviderGroovyTest - Decrypting with 'requested' key length: 256
]]></system-err>
  </testcase>
</testsuite>