<?xml version="1.0" encoding="UTF-8"?>
<testsuite xmlns:xsi="http://www.w3.org/2001/XMLSchema-instance" xsi:noNamespaceSchemaLocation="https://maven.apache.org/surefire/maven-surefire-plugin/xsd/surefire-test-report-3.0.xsd" version="3.0" name="hudson.remoting.DefaultClassFilterTest" time="7.859" tests="4" errors="0" skipped="0" failures="0">
  <properties>
    <property name="sun.desktop" value="gnome"/>
    <property name="awt.toolkit" value="sun.awt.X11.XToolkit"/>
    <property name="nondexStart" value="0"/>
    <property name="file.encoding.pkg" value="sun.io"/>
    <property name="java.specification.version" value="1.8"/>
    <property name="sun.cpu.isalist" value=""/>
    <property name="sun.jnu.encoding" value="UTF-8"/>
    <property name="java.class.path" value="/home/alex/Repositories/remoting/target/test-classes:/home/alex/Repositories/remoting/target/classes:/home/alex/.m2/repository/org/codehaus/mojo/animal-sniffer-annotations/1.19/animal-sniffer-annotations-1.19.jar:/home/alex/.m2/repository/org/glassfish/tyrus/bundles/tyrus-standalone-client-jdk/1.17/tyrus-standalone-client-jdk-1.17.jar:/home/alex/.m2/repository/junit/junit/4.13.1/junit-4.13.1.jar:/home/alex/.m2/repository/org/hamcrest/hamcrest-core/1.3/hamcrest-core-1.3.jar:/home/alex/.m2/repository/org/hamcrest/hamcrest-all/1.3/hamcrest-all-1.3.jar:/home/alex/.m2/repository/org/apache/ant/ant/1.10.9/ant-1.10.9.jar:/home/alex/.m2/repository/org/apache/ant/ant-launcher/1.10.9/ant-launcher-1.10.9.jar:/usr/lib/jvm/java-8-openjdk-amd64/jre/../lib/tools.jar:/home/alex/.m2/repository/com/google/guava/guava/18.0/guava-18.0.jar:/home/alex/.m2/repository/org/ow2/asm/asm/9.0/asm-9.0.jar:/home/alex/.m2/repository/args4j/args4j/2.33/args4j-2.33.jar:/home/alex/.m2/repository/commons-io/commons-io/2.8.0/commons-io-2.8.0.jar:/home/alex/.m2/repository/org/jenkins-ci/test-annotations/1.3/test-annotations-1.3.jar:/home/alex/.m2/repository/org/mockito/mockito-all/1.10.19/mockito-all-1.10.19.jar:/home/alex/.m2/repository/org/jenkins-ci/constant-pool-scanner/1.2/constant-pool-scanner-1.2.jar:/home/alex/.m2/repository/com/github/spotbugs/spotbugs-annotations/4.1.4/spotbugs-annotations-4.1.4.jar:/home/alex/.m2/repository/com/google/code/findbugs/jsr305/3.0.2/jsr305-3.0.2.jar:/home/alex/.m2/repository/org/bouncycastle/bcprov-jdk15on/1.67/bcprov-jdk15on-1.67.jar:/home/alex/.m2/repository/org/bouncycastle/bcpkix-jdk15on/1.67/bcpkix-jdk15on-1.67.jar:/home/alex/.m2/repository/org/kohsuke/access-modifier-annotation/1.16/access-modifier-annotation-1.16.jar:/home/alex/.m2/repository/org/jenkins-ci/annotation-indexer/1.12/annotation-indexer-1.12.jar:/home/alex/.m2/repository/javax/websocket/javax.websocket-api/1.1/javax.websocket-api-1.1.jar:"/>
    <property name="java.vm.vendor" value="Private Build"/>
    <property name="nondexPrintstack" value="false"/>
    <property name="sun.arch.data.model" value="64"/>
    <property name="java.vendor.url" value="http://java.oracle.com/"/>
    <property name="user.timezone" value="Europe/Lisbon"/>
    <property name="user.country.format" value="PT"/>
    <property name="os.name" value="Linux"/>
    <property name="java.vm.specification.version" value="1.8"/>
    <property name="sun.java.launcher" value="SUN_STANDARD"/>
    <property name="user.country" value="US"/>
    <property name="sun.boot.library.path" value="/usr/lib/jvm/java-8-openjdk-amd64/jre/lib/amd64"/>
    <property name="nondexLogging" value="CONFIG"/>
    <property name="sun.java.command" value="/home/alex/Repositories/remoting/target/surefire/surefirebooter8894327957393719423.jar /home/alex/Repositories/remoting/target/surefire 2024-04-25T00-58-03_843-jvmRun1 surefire9203336512454131230tmp surefire_15867670235046678740tmp"/>
    <property name="surefire.test.class.path" value="/home/alex/Repositories/remoting/target/test-classes:/home/alex/Repositories/remoting/target/classes:/home/alex/.m2/repository/org/codehaus/mojo/animal-sniffer-annotations/1.19/animal-sniffer-annotations-1.19.jar:/home/alex/.m2/repository/org/glassfish/tyrus/bundles/tyrus-standalone-client-jdk/1.17/tyrus-standalone-client-jdk-1.17.jar:/home/alex/.m2/repository/junit/junit/4.13.1/junit-4.13.1.jar:/home/alex/.m2/repository/org/hamcrest/hamcrest-core/1.3/hamcrest-core-1.3.jar:/home/alex/.m2/repository/org/hamcrest/hamcrest-all/1.3/hamcrest-all-1.3.jar:/home/alex/.m2/repository/org/apache/ant/ant/1.10.9/ant-1.10.9.jar:/home/alex/.m2/repository/org/apache/ant/ant-launcher/1.10.9/ant-launcher-1.10.9.jar:/usr/lib/jvm/java-8-openjdk-amd64/jre/../lib/tools.jar:/home/alex/.m2/repository/com/google/guava/guava/18.0/guava-18.0.jar:/home/alex/.m2/repository/org/ow2/asm/asm/9.0/asm-9.0.jar:/home/alex/.m2/repository/args4j/args4j/2.33/args4j-2.33.jar:/home/alex/.m2/repository/commons-io/commons-io/2.8.0/commons-io-2.8.0.jar:/home/alex/.m2/repository/org/jenkins-ci/test-annotations/1.3/test-annotations-1.3.jar:/home/alex/.m2/repository/org/mockito/mockito-all/1.10.19/mockito-all-1.10.19.jar:/home/alex/.m2/repository/org/jenkins-ci/constant-pool-scanner/1.2/constant-pool-scanner-1.2.jar:/home/alex/.m2/repository/com/github/spotbugs/spotbugs-annotations/4.1.4/spotbugs-annotations-4.1.4.jar:/home/alex/.m2/repository/com/google/code/findbugs/jsr305/3.0.2/jsr305-3.0.2.jar:/home/alex/.m2/repository/org/bouncycastle/bcprov-jdk15on/1.67/bcprov-jdk15on-1.67.jar:/home/alex/.m2/repository/org/bouncycastle/bcpkix-jdk15on/1.67/bcpkix-jdk15on-1.67.jar:/home/alex/.m2/repository/org/kohsuke/access-modifier-annotation/1.16/access-modifier-annotation-1.16.jar:/home/alex/.m2/repository/org/jenkins-ci/annotation-indexer/1.12/annotation-indexer-1.12.jar:/home/alex/.m2/repository/javax/websocket/javax.websocket-api/1.1/javax.websocket-api-1.1.jar:"/>
    <property name="nondexExecid" value="4cZ0vQqIXlrVJnXzcaYyC372djYjp1VQr5S+uoq1QY="/>
    <property name="sun.cpu.endian" value="little"/>
    <property name="user.home" value="/home/alex"/>
    <property name="user.language" value="en"/>
    <property name="java.specification.vendor" value="Oracle Corporation"/>
    <property name="java.home" value="/usr/lib/jvm/java-8-openjdk-amd64/jre"/>
    <property name="basedir" value="/home/alex/Repositories/remoting"/>
    <property name="file.separator" value="/"/>
    <property name="nondexEnd" value="9223372036854775807"/>
    <property name="line.separator" value="&#10;"/>
    <property name="java.specification.name" value="Java Platform API Specification"/>
    <property name="java.vm.specification.vendor" value="Oracle Corporation"/>
    <property name="java.awt.graphicsenv" value="sun.awt.X11GraphicsEnvironment"/>
    <property name="nondexFilter" value=".*"/>
    <property name="nondexSeed" value="933178"/>
    <property name="surefire.real.class.path" value="/home/alex/Repositories/remoting/target/surefire/surefirebooter8894327957393719423.jar"/>
    <property name="jdk.net.URLClassPath.disableClassPathURLCheck" value="true"/>
    <property name="sun.boot.class.path" value="/home/alex/Repositories/remoting/.nondex/nondex-instr.jar:/home/alex/.m2/repository/edu/illinois/nondex-common/2.1.7/nondex-common-2.1.7.jar:/home/alex/.m2/repository/edu/illinois/nondex-annotations/2.1.7/nondex-annotations-2.1.7.jar:/usr/lib/jvm/java-8-openjdk-amd64/jre/lib/resources.jar:/usr/lib/jvm/java-8-openjdk-amd64/jre/lib/rt.jar:/usr/lib/jvm/java-8-openjdk-amd64/jre/lib/sunrsasign.jar:/usr/lib/jvm/java-8-openjdk-amd64/jre/lib/jsse.jar:/usr/lib/jvm/java-8-openjdk-amd64/jre/lib/jce.jar:/usr/lib/jvm/java-8-openjdk-amd64/jre/lib/charsets.jar:/usr/lib/jvm/java-8-openjdk-amd64/jre/lib/jfr.jar:/usr/lib/jvm/java-8-openjdk-amd64/jre/classes"/>
    <property name="sun.management.compiler" value="HotSpot 64-Bit Tiered Compilers"/>
    <property name="java.runtime.version" value="1.8.0_402-8u402-ga-2ubuntu1~22.04-b06"/>
    <property name="user.name" value="alex"/>
    <property name="path.separator" value=":"/>
    <property name="os.version" value="6.5.0-28-generic"/>
    <property name="java.endorsed.dirs" value="/usr/lib/jvm/java-8-openjdk-amd64/jre/lib/endorsed"/>
    <property name="java.runtime.name" value="OpenJDK Runtime Environment"/>
    <property name="file.encoding" value="UTF-8"/>
    <property name="attack" value=""/>
    <property name="java.vm.name" value="OpenJDK 64-Bit Server VM"/>
    <property name="localRepository" value="/home/alex/.m2/repository"/>
    <property name="nondexDir" value="/home/alex/Repositories/remoting/.nondex"/>
    <property name="java.vendor.url.bug" value="http://bugreport.sun.com/bugreport/"/>
    <property name="nondexJarDir" value="/home/alex/Repositories/remoting/.nondex"/>
    <property name="java.io.tmpdir" value="/tmp"/>
    <property name="java.version" value="1.8.0_402"/>
    <property name="user.dir" value="/home/alex/Repositories/remoting"/>
    <property name="os.arch" value="amd64"/>
    <property name="nondexMode" value="FULL"/>
    <property name="java.vm.specification.name" value="Java Virtual Machine Specification"/>
    <property name="java.awt.printerjob" value="sun.print.PSPrinterJob"/>
    <property name="user.language.format" value="pt"/>
    <property name="sun.os.patch.level" value="unknown"/>
    <property name="java.library.path" value="/usr/java/packages/lib/amd64:/usr/lib/x86_64-linux-gnu/jni:/lib/x86_64-linux-gnu:/usr/lib/x86_64-linux-gnu:/usr/lib/jni:/lib:/usr/lib"/>
    <property name="java.vendor" value="Private Build"/>
    <property name="java.vm.info" value="mixed mode"/>
    <property name="java.vm.version" value="25.402-b06"/>
    <property name="java.specification.maintenance.version" value="5"/>
    <property name="java.ext.dirs" value="/usr/lib/jvm/java-8-openjdk-amd64/jre/lib/ext:/usr/java/packages/lib/ext"/>
    <property name="sun.io.unicode.encoding" value="UnicodeLittle"/>
    <property name="java.class.version" value="52.0"/>
  </properties>
  <testcase name="testDefaultsOverrideExists" classname="hudson.remoting.DefaultClassFilterTest" time="0.002"/>
  <testcase name="testDefaultsRemainWhenOverrideDoesExists" classname="hudson.remoting.DefaultClassFilterTest" time="0.002"/>
  <testcase name="testDefaultsNoOverride" classname="hudson.remoting.DefaultClassFilterTest" time="7.851"/>
  <testcase name="testDefaultsAreUsedIfOverridesAreGarbage" classname="hudson.remoting.DefaultClassFilterTest" time="0.002"/>
</testsuite>