<?xml version="1.0" encoding="UTF-8"?>
<testsuite xmlns:xsi="http://www.w3.org/2001/XMLSchema-instance" xsi:noNamespaceSchemaLocation="https://maven.apache.org/surefire/maven-surefire-plugin/xsd/surefire-test-report-3.0.xsd" version="3.0" name="org.apache.hive.beeline.cli.TestHiveCli" time="58.422" tests="28" errors="1" skipped="0" failures="17">
  <properties>
    <property name="build.test.dir" value="/home/alex/Repositories/hive/beeline/target/tmp"/>
    <property name="awt.toolkit" value="sun.awt.X11.XToolkit"/>
    <property name="test.tmp.dir.uri" value="file:///home/alex/Repositories/hive/beeline/target/tmp"/>
    <property name="java.specification.version" value="1.8"/>
    <property name="qfile" value=""/>
    <property name="sun.cpu.isalist" value=""/>
    <property name="test.warehouse.dir" value="pfile:///home/alex/Repositories/hive/beeline/target/warehouse"/>
    <property name="sun.jnu.encoding" value="UTF-8"/>
    <property name="run_disabled" value=""/>
    <property name="nondexPrintstack" value="false"/>
    <property name="sun.arch.data.model" value="64"/>
    <property name="java.vendor.url" value="http://java.oracle.com/"/>
    <property name="user.country.format" value="PT"/>
    <property name="test.tmp.dir" value="/home/alex/Repositories/hive/beeline/target/tmp"/>
    <property name="sun.boot.library.path" value="/usr/lib/jvm/java-8-openjdk-amd64/jre/lib/amd64"/>
    <property name="sun.java.command" value="/home/alex/Repositories/hive/beeline/target/surefire/surefirebooter6465949908401889217.jar /home/alex/Repositories/hive/beeline/target/surefire 2024-04-23T21-59-46_173-jvmRun1 surefire3971956952348089903tmp surefire_35363246190048165747598tmp"/>
    <property name="nondexExecid" value="7AU1jTbblQJzhn7T67xKjJQJQufgkEG4Y+clXvUyt4="/>
    <property name="java.specification.vendor" value="Oracle Corporation"/>
    <property name="java.home" value="/usr/lib/jvm/java-8-openjdk-amd64/jre"/>
    <property name="basedir" value="/home/alex/Repositories/hive/beeline"/>
    <property name="file.separator" value="/"/>
    <property name="line.separator" value="&#10;"/>
    <property name="nondexEnd" value="9223372036854775807"/>
    <property name="java.vm.specification.vendor" value="Oracle Corporation"/>
    <property name="java.specification.name" value="Java Platform API Specification"/>
    <property name="derby.stream.error.file" value="/home/alex/Repositories/hive/beeline/target/tmp/derby.log"/>
    <property name="log4j.debug" value="true"/>
    <property name="sun.boot.class.path" value="/home/alex/Repositories/hive/beeline/.nondex/nondex-instr.jar:/home/alex/.m2/repository/edu/illinois/nondex-common/2.1.7/nondex-common-2.1.7.jar:/home/alex/.m2/repository/edu/illinois/nondex-annotations/2.1.7/nondex-annotations-2.1.7.jar:/usr/lib/jvm/java-8-openjdk-amd64/jre/lib/resources.jar:/usr/lib/jvm/java-8-openjdk-amd64/jre/lib/rt.jar:/usr/lib/jvm/java-8-openjdk-amd64/jre/lib/sunrsasign.jar:/usr/lib/jvm/java-8-openjdk-amd64/jre/lib/jsse.jar:/usr/lib/jvm/java-8-openjdk-amd64/jre/lib/jce.jar:/usr/lib/jvm/java-8-openjdk-amd64/jre/lib/charsets.jar:/usr/lib/jvm/java-8-openjdk-amd64/jre/lib/jfr.jar:/usr/lib/jvm/java-8-openjdk-amd64/jre/classes"/>
    <property name="sun.management.compiler" value="HotSpot 64-Bit Tiered Compilers"/>
    <property name="spark.home" value=""/>
    <property name="java.runtime.version" value="1.8.0_402-8u402-ga-2ubuntu1~22.04-b06"/>
    <property name="user.name" value="alex"/>
    <property name="test.src.tables" value=""/>
    <property name="file.encoding" value="UTF-8"/>
    <property name="yyy" value="5"/>
    <property name="qfile_regex" value=""/>
    <property name="hadoop.bin.path" value="/home/alex/Repositories/hive/beeline/../testutils/hadoop"/>
    <property name="localRepository" value="/home/alex/.m2/repository"/>
    <property name="build.dir" value="/home/alex/Repositories/hive/beeline/target"/>
    <property name="nondexDir" value="/home/alex/Repositories/hive/beeline/.nondex"/>
    <property name="nondexJarDir" value="/home/alex/Repositories/hive/beeline/.nondex"/>
    <property name="mapred.job.tracker" value="local"/>
    <property name="java.io.tmpdir" value="/home/alex/Repositories/hive/beeline/target/tmp"/>
    <property name="com.zaxxer.hikari.pool_number" value="3"/>
    <property name="java.version" value="1.8.0_402"/>
    <property name="hive.version" value="4.0.0-SNAPSHOT"/>
    <property name="java.vm.specification.name" value="Java Virtual Machine Specification"/>
    <property name="java.awt.printerjob" value="sun.print.PSPrinterJob"/>
    <property name="sun.os.patch.level" value="unknown"/>
    <property name="java.library.path" value="/usr/java/packages/lib/amd64:/usr/lib/x86_64-linux-gnu/jni:/lib/x86_64-linux-gnu:/usr/lib/x86_64-linux-gnu:/usr/lib/jni:/lib:/usr/lib"/>
    <property name="test.data.dir" value="/home/alex/Repositories/hive/beeline/../data/files"/>
    <property name="java.vendor" value="Private Build"/>
    <property name="java.specification.maintenance.version" value="5"/>
    <property name="sun.io.unicode.encoding" value="UnicodeLittle"/>
    <property name="xxx" value="5"/>
    <property name="initScript" value=""/>
    <property name="sun.desktop" value="gnome"/>
    <property name="calcite.enable.rexnode.digest.normalize" value="false"/>
    <property name="file.encoding.pkg" value="sun.io"/>
    <property name="nondexStart" value="0"/>
    <property name="log4j.configurationFile" value="file:///home/alex/Repositories/hive/beeline/target/testconf/hive-log4j2.properties"/>
    <property name="java.class.path" value="/home/alex/Repositories/hive/beeline/target/test-classes:/home/alex/Repositories/hive/beeline/target/classes:/home/alex/Repositories/hive/common/target/classes:/home/alex/Repositories/hive/classification/target/classes:/home/alex/Repositories/hive/storage-api/target/classes:/home/alex/Repositories/hive/standalone-metastore/metastore-common/target/classes:/home/alex/.m2/repository/com/github/ben-manes/caffeine/caffeine/2.8.4/caffeine-2.8.4.jar:/home/alex/.m2/repository/org/checkerframework/checker-qual/3.4.0/checker-qual-3.4.0.jar:/home/alex/.m2/repository/com/google/errorprone/error_prone_annotations/2.3.4/error_prone_annotations-2.3.4.jar:/home/alex/.m2/repository/com/google/guava/guava/19.0/guava-19.0.jar:/home/alex/.m2/repository/org/apache/commons/commons-lang3/3.9/commons-lang3-3.9.jar:/home/alex/.m2/repository/org/apache/commons/commons-math3/3.6.1/commons-math3-3.6.1.jar:/home/alex/.m2/repository/org/apache/orc/orc-core/1.6.9/orc-core-1.6.9.jar:/home/alex/.m2/repository/org/apache/orc/orc-shims/1.6.9/orc-shims-1.6.9.jar:/home/alex/.m2/repository/io/airlift/aircompressor/0.19/aircompressor-0.19.jar:/home/alex/.m2/repository/javax/xml/bind/jaxb-api/2.2.11/jaxb-api-2.2.11.jar:/home/alex/.m2/repository/org/jetbrains/annotations/17.0.0/annotations-17.0.0.jar:/home/alex/.m2/repository/org/threeten/threeten-extra/1.5.0/threeten-extra-1.5.0.jar:/home/alex/.m2/repository/javax/servlet/javax.servlet-api/3.1.0/javax.servlet-api-3.1.0.jar:/home/alex/.m2/repository/org/eclipse/jetty/jetty-http/9.3.27.v20190418/jetty-http-9.3.27.v20190418.jar:/home/alex/.m2/repository/org/eclipse/jetty/jetty-rewrite/9.3.27.v20190418/jetty-rewrite-9.3.27.v20190418.jar:/home/alex/.m2/repository/org/eclipse/jetty/jetty-client/9.3.27.v20190418/jetty-client-9.3.27.v20190418.jar:/home/alex/.m2/repository/org/eclipse/jetty/jetty-server/9.3.27.v20190418/jetty-server-9.3.27.v20190418.jar:/home/alex/.m2/repository/org/eclipse/jetty/jetty-io/9.3.27.v20190418/jetty-io-9.3.27.v20190418.jar:/home/alex/.m2/repository/org/eclipse/jetty/jetty-servlet/9.3.27.v20190418/jetty-servlet-9.3.27.v20190418.jar:/home/alex/.m2/repository/org/eclipse/jetty/jetty-security/9.3.27.v20190418/jetty-security-9.3.27.v20190418.jar:/home/alex/.m2/repository/org/eclipse/jetty/jetty-webapp/9.3.27.v20190418/jetty-webapp-9.3.27.v20190418.jar:/home/alex/.m2/repository/org/eclipse/jetty/jetty-xml/9.3.27.v20190418/jetty-xml-9.3.27.v20190418.jar:/home/alex/.m2/repository/joda-time/joda-time/2.9.9/joda-time-2.9.9.jar:/home/alex/.m2/repository/org/apache/logging/log4j/log4j-1.2-api/2.13.2/log4j-1.2-api-2.13.2.jar:/home/alex/.m2/repository/org/apache/logging/log4j/log4j-web/2.13.2/log4j-web-2.13.2.jar:/home/alex/.m2/repository/org/apache/commons/commons-compress/1.21/commons-compress-1.21.jar:/home/alex/.m2/repository/org/apache/ant/ant/1.9.1/ant-1.9.1.jar:/home/alex/.m2/repository/org/apache/ant/ant-launcher/1.9.1/ant-launcher-1.9.1.jar:/home/alex/.m2/repository/net/sf/jpam/jpam/1.1/jpam-1.1.jar:/home/alex/.m2/repository/com/tdunning/json/1.8/json-1.8.jar:/home/alex/.m2/repository/io/dropwizard/metrics/metrics-core/3.1.0/metrics-core-3.1.0.jar:/home/alex/.m2/repository/io/dropwizard/metrics/metrics-jvm/3.1.0/metrics-jvm-3.1.0.jar:/home/alex/.m2/repository/io/dropwizard/metrics/metrics-json/3.1.0/metrics-json-3.1.0.jar:/home/alex/.m2/repository/com/fasterxml/jackson/core/jackson-databind/2.12.0/jackson-databind-2.12.0.jar:/home/alex/.m2/repository/com/github/joshelser/dropwizard-metrics-hadoop-metrics2-reporter/0.1.2/dropwizard-metrics-hadoop-metrics2-reporter-0.1.2.jar:/home/alex/.m2/repository/javolution/javolution/5.5.1/javolution-5.5.1.jar:/home/alex/Repositories/hive/metastore/target/classes:/home/alex/Repositories/hive/serde/target/classes:/home/alex/.m2/repository/org/apache/arrow/arrow-vector/0.15.1/arrow-vector-0.15.1.jar:/home/alex/.m2/repository/org/apache/arrow/arrow-format/0.15.1/arrow-format-0.15.1.jar:/home/alex/.m2/repository/org/apache/arrow/arrow-memory/0.15.1/arrow-memory-0.15.1.jar:/home/alex/.m2/repository/com/google/flatbuffers/flatbuffers-java/1.9.0/flatbuffers-java-1.9.0.jar:/home/alex/.m2/repository/com/carrotsearch/hppc/0.7.2/hppc-0.7.2.jar:/home/alex/.m2/repository/com/github/davidmoten/flatbuffers-java/1.6.0.1/flatbuffers-java-1.6.0.1.jar:/home/alex/.m2/repository/org/apache/derby/derby/10.14.1.0/derby-10.14.1.0.jar:/home/alex/.m2/repository/org/antlr/antlr-runtime/3.5.2/antlr-runtime-3.5.2.jar:/home/alex/.m2/repository/org/apache/thrift/libfb303/0.9.3/libfb303-0.9.3.jar:/home/alex/Repositories/hive/shims/aggregator/target/classes:/home/alex/Repositories/hive/shims/common/target/classes:/home/alex/Repositories/hive/shims/0.23/target/classes:/home/alex/.m2/repository/org/apache/hadoop/hadoop-yarn-server-resourcemanager/3.1.0/hadoop-yarn-server-resourcemanager-3.1.0.jar:/home/alex/.m2/repository/org/eclipse/jetty/jetty-util-ajax/9.3.19.v20170502/jetty-util-ajax-9.3.19.v20170502.jar:/home/alex/.m2/repository/org/apache/hadoop/hadoop-yarn-server-common/3.1.0/hadoop-yarn-server-common-3.1.0.jar:/home/alex/.m2/repository/org/apache/geronimo/specs/geronimo-jcache_1.0_spec/1.0-alpha-1/geronimo-jcache_1.0_spec-1.0-alpha-1.jar:/home/alex/.m2/repository/org/ehcache/ehcache/3.3.1/ehcache-3.3.1.jar:/home/alex/.m2/repository/com/zaxxer/HikariCP-java7/2.4.12/HikariCP-java7-2.4.12.jar:/home/alex/.m2/repository/org/apache/hadoop/hadoop-yarn-server-applicationhistoryservice/3.1.0/hadoop-yarn-server-applicationhistoryservice-3.1.0.jar:/home/alex/.m2/repository/de/ruedigermoeller/fst/2.50/fst-2.50.jar:/home/alex/.m2/repository/com/cedarsoftware/java-util/1.9.0/java-util-1.9.0.jar:/home/alex/.m2/repository/com/cedarsoftware/json-io/2.5.1/json-io-2.5.1.jar:/home/alex/.m2/repository/org/apache/hadoop/hadoop-yarn-server-web-proxy/3.1.0/hadoop-yarn-server-web-proxy-3.1.0.jar:/home/alex/.m2/repository/org/fusesource/leveldbjni/leveldbjni-all/1.8/leveldbjni-all-1.8.jar:/home/alex/Repositories/hive/shims/scheduler/target/classes:/home/alex/Repositories/hive/jdbc/target/classes:/home/alex/Repositories/hive/llap-client/target/classes:/home/alex/Repositories/hive/llap-common/target/classes:/home/alex/.m2/repository/io/jsonwebtoken/jjwt-api/0.10.5/jjwt-api-0.10.5.jar:/home/alex/.m2/repository/io/jsonwebtoken/jjwt-impl/0.10.5/jjwt-impl-0.10.5.jar:/home/alex/.m2/repository/io/jsonwebtoken/jjwt-jackson/0.10.5/jjwt-jackson-0.10.5.jar:/home/alex/Repositories/hive/service-rpc/target/classes:/home/alex/.m2/repository/org/apache/httpcomponents/httpclient/4.5.13/httpclient-4.5.13.jar:/home/alex/.m2/repository/org/apache/httpcomponents/httpcore/4.4.13/httpcore-4.4.13.jar:/home/alex/.m2/repository/org/apache/zookeeper/zookeeper/3.5.5/zookeeper-3.5.5.jar:/home/alex/.m2/repository/org/apache/zookeeper/zookeeper-jute/3.5.5/zookeeper-jute-3.5.5.jar:/home/alex/.m2/repository/org/apache/yetus/audience-annotations/0.5.0/audience-annotations-0.5.0.jar:/home/alex/.m2/repository/org/apache/curator/curator-framework/4.2.0/curator-framework-4.2.0.jar:/home/alex/Repositories/hive/standalone-metastore/metastore-server/target/classes:/home/alex/.m2/repository/com/google/protobuf/protobuf-java/2.5.0/protobuf-java-2.5.0.jar:/home/alex/.m2/repository/com/zaxxer/HikariCP/2.6.1/HikariCP-2.6.1.jar:/home/alex/.m2/repository/org/apache/commons/commons-dbcp2/2.7.0/commons-dbcp2-2.7.0.jar:/home/alex/.m2/repository/org/apache/commons/commons-pool2/2.7.0/commons-pool2-2.7.0.jar:/home/alex/.m2/repository/commons-beanutils/commons-beanutils/1.9.4/commons-beanutils-1.9.4.jar:/home/alex/.m2/repository/org/apache/logging/log4j/log4j-core/2.13.2/log4j-core-2.13.2.jar:/home/alex/.m2/repository/org/datanucleus/datanucleus-api-jdo/5.2.4/datanucleus-api-jdo-5.2.4.jar:/home/alex/.m2/repository/org/datanucleus/datanucleus-core/5.2.4/datanucleus-core-5.2.4.jar:/home/alex/.m2/repository/org/datanucleus/datanucleus-rdbms/5.2.4/datanucleus-rdbms-5.2.4.jar:/home/alex/.m2/repository/org/datanucleus/javax.jdo/3.2.0-release/javax.jdo-3.2.0-release.jar:/home/alex/.m2/repository/javax/transaction/javax.transaction-api/1.3/javax.transaction-api-1.3.jar:/home/alex/.m2/repository/org/glassfish/corba/glassfish-corba-omgapi/4.2.2/glassfish-corba-omgapi-4.2.2.jar:/home/alex/.m2/repository/sqlline/sqlline/1.9.0/sqlline-1.9.0.jar:/home/alex/.m2/repository/org/jline/jline-terminal/3.12.1/jline-terminal-3.12.1.jar:/home/alex/.m2/repository/org/jline/jline-reader/3.12.1/jline-reader-3.12.1.jar:/home/alex/.m2/repository/org/jline/jline-terminal-jansi/3.12.1/jline-terminal-jansi-3.12.1.jar:/home/alex/.m2/repository/org/fusesource/jansi/jansi/1.18/jansi-1.18.jar:/home/alex/.m2/repository/org/jline/jline-terminal-jna/3.12.1/jline-terminal-jna-3.12.1.jar:/home/alex/.m2/repository/net/java/dev/jna/jna/5.3.1/jna-5.3.1.jar:/home/alex/.m2/repository/org/jline/jline-builtins/3.12.1/jline-builtins-3.12.1.jar:/home/alex/.m2/repository/org/jline/jline-style/3.12.1/jline-style-3.12.1.jar:/home/alex/.m2/repository/commons-logging/commons-logging/1.1.3/commons-logging-1.1.3.jar:/home/alex/.m2/repository/com/cronutils/cron-utils/9.1.3/cron-utils-9.1.3.jar:/home/alex/.m2/repository/org/glassfish/javax.el/3.0.0/javax.el-3.0.0.jar:/home/alex/.m2/repository/com/oracle/database/jdbc/ojdbc8/21.3.0.0/ojdbc8-21.3.0.0.jar:/home/alex/.m2/repository/mysql/mysql-connector-java/8.0.27/mysql-connector-java-8.0.27.jar:/home/alex/.m2/repository/com/microsoft/sqlserver/mssql-jdbc/6.2.1.jre8/mssql-jdbc-6.2.1.jre8.jar:/home/alex/.m2/repository/commons-cli/commons-cli/1.4/commons-cli-1.4.jar:/home/alex/.m2/repository/commons-io/commons-io/2.6/commons-io-2.6.jar:/home/alex/.m2/repository/com/fasterxml/jackson/core/jackson-core/2.12.0/jackson-core-2.12.0.jar:/home/alex/.m2/repository/jline/jline/2.14.6/jline-2.14.6.jar:/home/alex/.m2/repository/org/apache/hadoop/hadoop-common/3.1.0/hadoop-common-3.1.0.jar:/home/alex/.m2/repository/org/apache/hadoop/hadoop-annotations/3.1.0/hadoop-annotations-3.1.0.jar:/usr/lib/jvm/java-8-openjdk-amd64/jre/../lib/tools.jar:/home/alex/.m2/repository/commons-codec/commons-codec/1.15/commons-codec-1.15.jar:/home/alex/.m2/repository/commons-net/commons-net/3.6/commons-net-3.6.jar:/home/alex/.m2/repository/commons-collections/commons-collections/3.2.2/commons-collections-3.2.2.jar:/home/alex/.m2/repository/org/eclipse/jetty/jetty-util/9.3.27.v20190418/jetty-util-9.3.27.v20190418.jar:/home/alex/.m2/repository/javax/servlet/jsp/jsp-api/2.1/jsp-api-2.1.jar:/home/alex/.m2/repository/com/sun/jersey/jersey-core/1.19/jersey-core-1.19.jar:/home/alex/.m2/repository/javax/ws/rs/jsr311-api/1.1.1/jsr311-api-1.1.1.jar:/home/alex/.m2/repository/com/sun/jersey/jersey-servlet/1.19/jersey-servlet-1.19.jar:/home/alex/.m2/repository/com/sun/jersey/jersey-json/1.19/jersey-json-1.19.jar:/home/alex/.m2/repository/org/codehaus/jettison/jettison/1.1/jettison-1.1.jar:/home/alex/.m2/repository/com/sun/xml/bind/jaxb-impl/2.2.3-1/jaxb-impl-2.2.3-1.jar:/home/alex/.m2/repository/org/codehaus/jackson/jackson-core-asl/1.9.2/jackson-core-asl-1.9.2.jar:/home/alex/.m2/repository/org/codehaus/jackson/jackson-mapper-asl/1.9.2/jackson-mapper-asl-1.9.2.jar:/home/alex/.m2/repository/org/codehaus/jackson/jackson-jaxrs/1.9.2/jackson-jaxrs-1.9.2.jar:/home/alex/.m2/repository/org/codehaus/jackson/jackson-xc/1.9.2/jackson-xc-1.9.2.jar:/home/alex/.m2/repository/com/sun/jersey/jersey-server/1.19/jersey-server-1.19.jar:/home/alex/.m2/repository/commons-lang/commons-lang/2.6/commons-lang-2.6.jar:/home/alex/.m2/repository/org/apache/commons/commons-configuration2/2.1.1/commons-configuration2-2.1.1.jar:/home/alex/.m2/repository/org/apache/avro/avro/1.8.2/avro-1.8.2.jar:/home/alex/.m2/repository/com/thoughtworks/paranamer/paranamer/2.8/paranamer-2.8.jar:/home/alex/.m2/repository/org/xerial/snappy/snappy-java/1.1.4/snappy-java-1.1.4.jar:/home/alex/.m2/repository/org/tukaani/xz/1.5/xz-1.5.jar:/home/alex/.m2/repository/com/google/re2j/re2j/1.2/re2j-1.2.jar:/home/alex/.m2/repository/com/google/code/gson/gson/2.2.4/gson-2.2.4.jar:/home/alex/.m2/repository/org/apache/hadoop/hadoop-auth/3.1.0/hadoop-auth-3.1.0.jar:/home/alex/.m2/repository/com/nimbusds/nimbus-jose-jwt/4.41.1/nimbus-jose-jwt-4.41.1.jar:/home/alex/.m2/repository/com/github/stephenc/jcip/jcip-annotations/1.0-1/jcip-annotations-1.0-1.jar:/home/alex/.m2/repository/net/minidev/json-smart/2.3/json-smart-2.3.jar:/home/alex/.m2/repository/net/minidev/accessors-smart/1.2/accessors-smart-1.2.jar:/home/alex/.m2/repository/com/jcraft/jsch/0.1.54/jsch-0.1.54.jar:/home/alex/.m2/repository/com/google/code/findbugs/jsr305/3.0.0/jsr305-3.0.0.jar:/home/alex/.m2/repository/org/apache/htrace/htrace-core4/4.1.0-incubating/htrace-core4-4.1.0-incubating.jar:/home/alex/.m2/repository/org/apache/kerby/kerb-simplekdc/1.0.1/kerb-simplekdc-1.0.1.jar:/home/alex/.m2/repository/org/apache/kerby/kerb-client/1.0.1/kerb-client-1.0.1.jar:/home/alex/.m2/repository/org/apache/kerby/kerby-config/1.0.1/kerby-config-1.0.1.jar:/home/alex/.m2/repository/org/apache/kerby/kerb-core/1.0.1/kerb-core-1.0.1.jar:/home/alex/.m2/repository/org/apache/kerby/kerby-pkix/1.0.1/kerby-pkix-1.0.1.jar:/home/alex/.m2/repository/org/apache/kerby/kerby-asn1/1.0.1/kerby-asn1-1.0.1.jar:/home/alex/.m2/repository/org/apache/kerby/kerby-util/1.0.1/kerby-util-1.0.1.jar:/home/alex/.m2/repository/org/apache/kerby/kerb-common/1.0.1/kerb-common-1.0.1.jar:/home/alex/.m2/repository/org/apache/kerby/kerb-crypto/1.0.1/kerb-crypto-1.0.1.jar:/home/alex/.m2/repository/org/apache/kerby/kerb-util/1.0.1/kerb-util-1.0.1.jar:/home/alex/.m2/repository/org/apache/kerby/token-provider/1.0.1/token-provider-1.0.1.jar:/home/alex/.m2/repository/org/apache/kerby/kerb-admin/1.0.1/kerb-admin-1.0.1.jar:/home/alex/.m2/repository/org/apache/kerby/kerb-server/1.0.1/kerb-server-1.0.1.jar:/home/alex/.m2/repository/org/apache/kerby/kerb-identity/1.0.1/kerb-identity-1.0.1.jar:/home/alex/.m2/repository/org/apache/kerby/kerby-xdr/1.0.1/kerby-xdr-1.0.1.jar:/home/alex/.m2/repository/org/codehaus/woodstox/stax2-api/3.1.4/stax2-api-3.1.4.jar:/home/alex/.m2/repository/com/fasterxml/woodstox/woodstox-core/5.0.3/woodstox-core-5.0.3.jar:/home/alex/.m2/repository/org/apache/thrift/libthrift/0.14.1/libthrift-0.14.1.jar:/home/alex/.m2/repository/org/apache/tomcat/embed/tomcat-embed-core/8.5.46/tomcat-embed-core-8.5.46.jar:/home/alex/.m2/repository/org/apache/tomcat/tomcat-annotations-api/8.5.46/tomcat-annotations-api-8.5.46.jar:/home/alex/.m2/repository/javax/annotation/javax.annotation-api/1.3.2/javax.annotation-api-1.3.2.jar:/home/alex/.m2/repository/net/sf/supercsv/super-csv/2.2.0/super-csv-2.2.0.jar:/home/alex/.m2/repository/org/apache/logging/log4j/log4j-slf4j-impl/2.13.2/log4j-slf4j-impl-2.13.2.jar:/home/alex/.m2/repository/org/apache/logging/log4j/log4j-api/2.13.2/log4j-api-2.13.2.jar:/home/alex/Repositories/hive/ql/target/test-classes:/home/alex/.m2/repository/org/apache/atlas/atlas-client-v2/2.1.0/atlas-client-v2-2.1.0.jar:/home/alex/.m2/repository/cglib/cglib/2.2.2/cglib-2.2.2.jar:/home/alex/.m2/repository/asm/asm/3.3.1/asm-3.3.1.jar:/home/alex/.m2/repository/org/apache/atlas/atlas-client-common/2.1.0/atlas-client-common-2.1.0.jar:/home/alex/.m2/repository/com/sun/jersey/jersey-client/1.19/jersey-client-1.19.jar:/home/alex/.m2/repository/org/apache/atlas/atlas-intg/2.1.0/atlas-intg-2.1.0.jar:/home/alex/.m2/repository/commons-validator/commons-validator/1.6/commons-validator-1.6.jar:/home/alex/.m2/repository/commons-digester/commons-digester/1.8.1/commons-digester-1.8.1.jar:/home/alex/.m2/repository/com/fasterxml/jackson/jaxrs/jackson-jaxrs-base/2.12.0/jackson-jaxrs-base-2.12.0.jar:/home/alex/.m2/repository/com/fasterxml/jackson/jaxrs/jackson-jaxrs-json-provider/2.12.0/jackson-jaxrs-json-provider-2.12.0.jar:/home/alex/.m2/repository/javax/inject/javax.inject/1/javax.inject-1.jar:/home/alex/.m2/repository/org/springframework/spring-context/4.3.20.RELEASE/spring-context-4.3.20.RELEASE.jar:/home/alex/.m2/repository/org/springframework/spring-aop/4.3.20.RELEASE/spring-aop-4.3.20.RELEASE.jar:/home/alex/.m2/repository/org/springframework/spring-beans/4.3.20.RELEASE/spring-beans-4.3.20.RELEASE.jar:/home/alex/.m2/repository/org/springframework/spring-core/4.3.20.RELEASE/spring-core-4.3.20.RELEASE.jar:/home/alex/.m2/repository/org/springframework/spring-expression/4.3.20.RELEASE/spring-expression-4.3.20.RELEASE.jar:/home/alex/.m2/repository/commons-configuration/commons-configuration/1.10/commons-configuration-1.10.jar:/home/alex/Repositories/hive/vector-code-gen/target/classes:/home/alex/.m2/repository/org/apache/velocity/velocity/1.5/velocity-1.5.jar:/home/alex/.m2/repository/oro/oro/2.0.8/oro-2.0.8.jar:/home/alex/Repositories/hive/parser/target/classes:/home/alex/Repositories/hive/udf/target/classes:/home/alex/Repositories/hive/llap-tez/target/classes:/home/alex/Repositories/hive/spark-client/target/classes:/home/alex/.m2/repository/io/netty/netty-all/4.1.65.Final/netty-all-4.1.65.Final.jar:/home/alex/.m2/repository/com/fasterxml/jackson/module/jackson-module-scala_2.12/2.12.0/jackson-module-scala_2.12-2.12.0.jar:/home/alex/.m2/repository/org/scala-lang/scala-library/2.12.10/scala-library-2.12.10.jar:/home/alex/.m2/repository/org/apache/spark/spark-core_2.12/2.4.5/spark-core_2.12-2.4.5.jar:/home/alex/.m2/repository/com/twitter/chill_2.12/0.9.3/chill_2.12-0.9.3.jar:/home/alex/.m2/repository/com/twitter/chill-java/0.9.3/chill-java-0.9.3.jar:/home/alex/.m2/repository/org/apache/xbean/xbean-asm6-shaded/4.8/xbean-asm6-shaded-4.8.jar:/home/alex/.m2/repository/org/apache/hadoop/hadoop-client/3.1.0/hadoop-client-3.1.0.jar:/home/alex/.m2/repository/org/apache/hadoop/hadoop-mapreduce-client-jobclient/3.1.0/hadoop-mapreduce-client-jobclient-3.1.0.jar:/home/alex/.m2/repository/org/apache/hadoop/hadoop-mapreduce-client-common/3.1.0/hadoop-mapreduce-client-common-3.1.0.jar:/home/alex/.m2/repository/org/apache/spark/spark-launcher_2.12/2.4.5/spark-launcher_2.12-2.4.5.jar:/home/alex/.m2/repository/org/apache/spark/spark-kvstore_2.12/2.4.5/spark-kvstore_2.12-2.4.5.jar:/home/alex/.m2/repository/org/apache/spark/spark-network-common_2.12/2.4.5/spark-network-common_2.12-2.4.5.jar:/home/alex/.m2/repository/org/apache/spark/spark-network-shuffle_2.12/2.4.5/spark-network-shuffle_2.12-2.4.5.jar:/home/alex/.m2/repository/org/apache/spark/spark-unsafe_2.12/2.4.5/spark-unsafe_2.12-2.4.5.jar:/home/alex/.m2/repository/javax/activation/activation/1.1.1/activation-1.1.1.jar:/home/alex/.m2/repository/org/slf4j/jul-to-slf4j/1.7.16/jul-to-slf4j-1.7.16.jar:/home/alex/.m2/repository/org/slf4j/jcl-over-slf4j/1.7.16/jcl-over-slf4j-1.7.16.jar:/home/alex/.m2/repository/com/ning/compress-lzf/1.0.3/compress-lzf-1.0.3.jar:/home/alex/.m2/repository/org/roaringbitmap/RoaringBitmap/0.7.45/RoaringBitmap-0.7.45.jar:/home/alex/.m2/repository/org/roaringbitmap/shims/0.7.45/shims-0.7.45.jar:/home/alex/.m2/repository/org/json4s/json4s-jackson_2.12/3.5.3/json4s-jackson_2.12-3.5.3.jar:/home/alex/.m2/repository/org/json4s/json4s-core_2.12/3.5.3/json4s-core_2.12-3.5.3.jar:/home/alex/.m2/repository/org/json4s/json4s-ast_2.12/3.5.3/json4s-ast_2.12-3.5.3.jar:/home/alex/.m2/repository/org/json4s/json4s-scalap_2.12/3.5.3/json4s-scalap_2.12-3.5.3.jar:/home/alex/.m2/repository/org/scala-lang/modules/scala-xml_2.12/1.0.6/scala-xml_2.12-1.0.6.jar:/home/alex/.m2/repository/com/clearspring/analytics/stream/2.7.0/stream-2.7.0.jar:/home/alex/.m2/repository/io/dropwizard/metrics/metrics-graphite/3.1.5/metrics-graphite-3.1.5.jar:/home/alex/.m2/repository/net/razorvine/pyrolite/4.13/pyrolite-4.13.jar:/home/alex/.m2/repository/net/sf/py4j/py4j/0.10.7/py4j-0.10.7.jar:/home/alex/.m2/repository/org/apache/spark/spark-tags_2.12/2.4.5/spark-tags_2.12-2.4.5.jar:/home/alex/.m2/repository/org/apache/commons/commons-crypto/1.0.0/commons-crypto-1.0.0.jar:/home/alex/.m2/repository/org/spark-project/spark/unused/1.0.0/unused-1.0.0.jar:/home/alex/.m2/repository/org/apache/spark/spark-yarn_2.12/2.4.5/spark-yarn_2.12-2.4.5.jar:/home/alex/.m2/repository/com/amazonaws/secretsmanager/aws-secretsmanager-caching-java/1.0.1/aws-secretsmanager-caching-java-1.0.1.jar:/home/alex/.m2/repository/com/esotericsoftware/kryo/5.0.3/kryo-5.0.3.jar:/home/alex/.m2/repository/com/esotericsoftware/minlog/1.3.1/minlog-1.3.1.jar:/home/alex/.m2/repository/com/esotericsoftware/reflectasm/1.11.9/reflectasm-1.11.9.jar:/home/alex/.m2/repository/org/apache/parquet/parquet-hadoop-bundle/1.11.1/parquet-hadoop-bundle-1.11.1.jar:/home/alex/.m2/repository/org/apache/commons/commons-collections4/4.1/commons-collections4-4.1.jar:/home/alex/.m2/repository/org/apache/commons/commons-text/1.8/commons-text-1.8.jar:/home/alex/.m2/repository/org/antlr/ST4/4.0.4/ST4-4.0.4.jar:/home/alex/.m2/repository/org/apache/avro/avro-mapred/1.8.2/avro-mapred-1.8.2-hadoop2.jar:/home/alex/.m2/repository/org/apache/avro/avro-ipc/1.8.2/avro-ipc-1.8.2.jar:/home/alex/.m2/repository/org/mortbay/jetty/jetty/6.1.26/jetty-6.1.26.jar:/home/alex/.m2/repository/org/apache/hadoop/hadoop-yarn-registry/3.1.0/hadoop-yarn-registry-3.1.0.jar:/home/alex/.m2/repository/org/apache/hadoop/hadoop-yarn-api/3.1.0/hadoop-yarn-api-3.1.0.jar:/home/alex/.m2/repository/commons-daemon/commons-daemon/1.0.13/commons-daemon-1.0.13.jar:/home/alex/.m2/repository/dnsjava/dnsjava/2.1.7/dnsjava-2.1.7.jar:/home/alex/.m2/repository/org/apache/orc/orc-tools/1.6.9/orc-tools-1.6.9.jar:/home/alex/.m2/repository/com/opencsv/opencsv/3.9/opencsv-3.9.jar:/home/alex/.m2/repository/org/apache/hadoop/hadoop-hdfs/3.1.0/hadoop-hdfs-3.1.0.jar:/home/alex/.m2/repository/org/threeten/threetenbp/1.3.5/threetenbp-1.3.5.jar:/home/alex/.m2/repository/org/apache/ivy/ivy/2.4.0/ivy-2.4.0.jar:/home/alex/.m2/repository/org/apache/datasketches/datasketches-hive/1.1.0-incubating/datasketches-hive-1.1.0-incubating.jar:/home/alex/.m2/repository/org/apache/datasketches/datasketches-java/1.3.0-incubating/datasketches-java-1.3.0-incubating.jar:/home/alex/.m2/repository/org/apache/datasketches/datasketches-memory/1.2.0-incubating/datasketches-memory-1.2.0-incubating.jar:/home/alex/.m2/repository/org/slf4j/slf4j-simple/1.7.27/slf4j-simple-1.7.27.jar:/home/alex/.m2/repository/org/codehaus/groovy/groovy-all/2.4.11/groovy-all-2.4.11.jar:/home/alex/.m2/repository/org/jodd/jodd-util/6.0.0/jodd-util-6.0.0.jar:/home/alex/.m2/repository/com/fasterxml/jackson/core/jackson-annotations/2.12.0/jackson-annotations-2.12.0.jar:/home/alex/.m2/repository/com/fasterxml/jackson/dataformat/jackson-dataformat-yaml/2.12.0/jackson-dataformat-yaml-2.12.0.jar:/home/alex/.m2/repository/org/yaml/snakeyaml/1.27/snakeyaml-1.27.jar:/home/alex/.m2/repository/org/apache/calcite/calcite-core/1.25.0/calcite-core-1.25.0.jar:/home/alex/.m2/repository/org/apache/calcite/calcite-linq4j/1.25.0/calcite-linq4j-1.25.0.jar:/home/alex/.m2/repository/com/esri/geometry/esri-geometry-api/2.2.0/esri-geometry-api-2.2.0.jar:/home/alex/.m2/repository/com/yahoo/datasketches/sketches-core/0.9.0/sketches-core-0.9.0.jar:/home/alex/.m2/repository/com/yahoo/datasketches/memory/0.9.0/memory-0.9.0.jar:/home/alex/.m2/repository/org/apache/calcite/calcite-druid/1.25.0/calcite-druid-1.25.0.jar:/home/alex/.m2/repository/org/apache/calcite/avatica/avatica/1.12.0/avatica-1.12.0.jar:/home/alex/.m2/repository/com/googlecode/javaewah/JavaEWAH/0.3.2/JavaEWAH-0.3.2.jar:/home/alex/.m2/repository/stax/stax-api/1.0.1/stax-api-1.0.1.jar:/home/alex/.m2/repository/net/sf/opencsv/opencsv/2.3/opencsv-2.3.jar:/home/alex/.m2/repository/org/reflections/reflections/0.9.10/reflections-0.9.10.jar:/home/alex/.m2/repository/org/javassist/javassist/3.19.0-GA/javassist-3.19.0-GA.jar:/home/alex/.m2/repository/com/jayway/jsonpath/json-path/2.4.0/json-path-2.4.0.jar:/home/alex/.m2/repository/org/codehaus/janino/commons-compiler/3.0.11/commons-compiler-3.0.11.jar:/home/alex/.m2/repository/org/codehaus/janino/janino/3.0.11/janino-3.0.11.jar:/home/alex/.m2/repository/com/sun/jersey/contribs/jersey-multipart/1.19/jersey-multipart-1.19.jar:/home/alex/.m2/repository/org/jvnet/mimepull/mimepull/1.9.3/mimepull-1.9.3.jar:/home/alex/.m2/repository/org/apache/kafka/kafka-clients/2.5.0/kafka-clients-2.5.0.jar:/home/alex/.m2/repository/com/github/luben/zstd-jni/1.4.4-7/zstd-jni-1.4.4-7.jar:/home/alex/.m2/repository/org/lz4/lz4-java/1.7.1/lz4-java-1.7.1.jar:/home/alex/Repositories/hive/service/target/classes:/home/alex/Repositories/hive/ql/target/classes:/home/alex/Repositories/hive/llap-server/target/classes:/home/alex/.m2/repository/com/lmax/disruptor/3.3.7/disruptor-3.3.7.jar:/home/alex/Repositories/hive/llap-common/target/test-classes:/home/alex/Repositories/hive/hplsql/target/classes:/home/alex/.m2/repository/org/antlr/antlr4-runtime/4.5/antlr4-runtime-4.5.jar:/home/alex/.m2/repository/org/abego/treelayout/org.abego.treelayout.core/1.0.1/org.abego.treelayout.core-1.0.1.jar:/home/alex/.m2/repository/javax/servlet/jsp/javax.servlet.jsp-api/2.3.1/javax.servlet.jsp-api-2.3.1.jar:/home/alex/.m2/repository/org/eclipse/jetty/jetty-runner/9.3.27.v20190418/jetty-runner-9.3.27.v20190418.jar:/home/alex/.m2/repository/org/eclipse/jetty/jetty-plus/9.3.27.v20190418/jetty-plus-9.3.27.v20190418.jar:/home/alex/.m2/repository/org/eclipse/jetty/jetty-annotations/9.3.27.v20190418/jetty-annotations-9.3.27.v20190418.jar:/home/alex/.m2/repository/org/ow2/asm/asm/6.0/asm-6.0.jar:/home/alex/.m2/repository/org/ow2/asm/asm-commons/6.0/asm-commons-6.0.jar:/home/alex/.m2/repository/org/ow2/asm/asm-tree/6.0/asm-tree-6.0.jar:/home/alex/.m2/repository/org/eclipse/jetty/jetty-jaas/9.3.27.v20190418/jetty-jaas-9.3.27.v20190418.jar:/home/alex/.m2/repository/org/eclipse/jetty/websocket/websocket-server/9.3.27.v20190418/websocket-server-9.3.27.v20190418.jar:/home/alex/.m2/repository/org/eclipse/jetty/websocket/websocket-common/9.3.27.v20190418/websocket-common-9.3.27.v20190418.jar:/home/alex/.m2/repository/org/eclipse/jetty/websocket/websocket-api/9.3.27.v20190418/websocket-api-9.3.27.v20190418.jar:/home/alex/.m2/repository/org/eclipse/jetty/websocket/websocket-client/9.3.27.v20190418/websocket-client-9.3.27.v20190418.jar:/home/alex/.m2/repository/org/eclipse/jetty/websocket/websocket-servlet/9.3.27.v20190418/websocket-servlet-9.3.27.v20190418.jar:/home/alex/.m2/repository/org/eclipse/jetty/jetty-jndi/9.3.27.v20190418/jetty-jndi-9.3.27.v20190418.jar:/home/alex/.m2/repository/org/eclipse/jetty/apache-jsp/9.3.27.v20190418/apache-jsp-9.3.27.v20190418.jar:/home/alex/.m2/repository/org/eclipse/jetty/toolchain/jetty-schemas/3.1/jetty-schemas-3.1.jar:/home/alex/.m2/repository/org/eclipse/jdt/core/compiler/ecj/4.4.2/ecj-4.4.2.jar:/home/alex/.m2/repository/org/eclipse/jetty/apache-jstl/9.3.27.v20190418/apache-jstl-9.3.27.v20190418.jar:/home/alex/.m2/repository/org/apache/taglibs/taglibs-standard-spec/1.2.5/taglibs-standard-spec-1.2.5.jar:/home/alex/.m2/repository/org/apache/taglibs/taglibs-standard-impl/1.2.5/taglibs-standard-impl-1.2.5.jar:/home/alex/.m2/repository/org/apache/curator/curator-client/4.2.0/curator-client-4.2.0.jar:/home/alex/.m2/repository/org/apache/curator/curator-recipes/4.2.0/curator-recipes-4.2.0.jar:/home/alex/.m2/repository/org/pac4j/pac4j-saml-opensamlv3/4.0.3/pac4j-saml-opensamlv3-4.0.3.jar:/home/alex/.m2/repository/org/pac4j/pac4j-core/4.0.3/pac4j-core-4.0.3.jar:/home/alex/.m2/repository/org/opensaml/opensaml-core/3.4.5/opensaml-core-3.4.5.jar:/home/alex/.m2/repository/net/shibboleth/utilities/java-support/7.5.1/java-support-7.5.1.jar:/home/alex/.m2/repository/org/opensaml/opensaml-saml-api/3.4.5/opensaml-saml-api-3.4.5.jar:/home/alex/.m2/repository/org/opensaml/opensaml-storage-api/3.4.5/opensaml-storage-api-3.4.5.jar:/home/alex/.m2/repository/org/opensaml/opensaml-saml-impl/3.4.5/opensaml-saml-impl-3.4.5.jar:/home/alex/.m2/repository/org/opensaml/opensaml-soap-impl/3.4.5/opensaml-soap-impl-3.4.5.jar:/home/alex/.m2/repository/org/opensaml/opensaml-soap-api/3.4.5/opensaml-soap-api-3.4.5.jar:/home/alex/.m2/repository/org/opensaml/opensaml-xmlsec-api/3.4.5/opensaml-xmlsec-api-3.4.5.jar:/home/alex/.m2/repository/org/opensaml/opensaml-security-api/3.4.5/opensaml-security-api-3.4.5.jar:/home/alex/.m2/repository/org/opensaml/opensaml-security-impl/3.4.5/opensaml-security-impl-3.4.5.jar:/home/alex/.m2/repository/org/opensaml/opensaml-profile-api/3.4.5/opensaml-profile-api-3.4.5.jar:/home/alex/.m2/repository/org/opensaml/opensaml-profile-impl/3.4.5/opensaml-profile-impl-3.4.5.jar:/home/alex/.m2/repository/org/opensaml/opensaml-messaging-api/3.4.5/opensaml-messaging-api-3.4.5.jar:/home/alex/.m2/repository/org/opensaml/opensaml-messaging-impl/3.4.5/opensaml-messaging-impl-3.4.5.jar:/home/alex/.m2/repository/org/opensaml/opensaml-storage-impl/3.4.5/opensaml-storage-impl-3.4.5.jar:/home/alex/.m2/repository/org/ldaptive/ldaptive/1.0.13/ldaptive-1.0.13.jar:/home/alex/.m2/repository/javax/json/javax.json-api/1.0/javax.json-api-1.0.jar:/home/alex/.m2/repository/net/spy/spymemcached/2.12.3/spymemcached-2.12.3.jar:/home/alex/.m2/repository/org/glassfish/javax.json/1.0.4/javax.json-1.0.4.jar:/home/alex/.m2/repository/org/opensaml/opensaml-xmlsec-impl/3.4.5/opensaml-xmlsec-impl-3.4.5.jar:/home/alex/.m2/repository/org/cryptacular/cryptacular/1.2.4/cryptacular-1.2.4.jar:/home/alex/.m2/repository/net/shibboleth/tool/xmlsectool/2.0.0/xmlsectool-2.0.0.jar:/home/alex/.m2/repository/com/beust/jcommander/1.48/jcommander-1.48.jar:/home/alex/.m2/repository/org/bouncycastle/bcprov-jdk15on/1.64/bcprov-jdk15on-1.64.jar:/home/alex/.m2/repository/org/apache/santuario/xmlsec/2.2.1/xmlsec-2.2.1.jar:/home/alex/.m2/repository/org/jamon/jamon-runtime/2.3.1/jamon-runtime-2.3.1.jar:/home/alex/.m2/repository/org/apache/hadoop/hadoop-mapreduce-client-core/3.1.0/hadoop-mapreduce-client-core-3.1.0.jar:/home/alex/.m2/repository/org/apache/hadoop/hadoop-yarn-client/3.1.0/hadoop-yarn-client-3.1.0.jar:/home/alex/.m2/repository/org/apache/hadoop/hadoop-yarn-common/3.1.0/hadoop-yarn-common-3.1.0.jar:/home/alex/.m2/repository/com/google/inject/guice/4.0/guice-4.0.jar:/home/alex/.m2/repository/aopalliance/aopalliance/1.0/aopalliance-1.0.jar:/home/alex/.m2/repository/com/sun/jersey/contribs/jersey-guice/1.19/jersey-guice-1.19.jar:/home/alex/.m2/repository/com/fasterxml/jackson/module/jackson-module-jaxb-annotations/2.12.0/jackson-module-jaxb-annotations-2.12.0.jar:/home/alex/.m2/repository/jakarta/xml/bind/jakarta.xml.bind-api/2.3.2/jakarta.xml.bind-api-2.3.2.jar:/home/alex/.m2/repository/jakarta/activation/jakarta.activation-api/1.2.1/jakarta.activation-api-1.2.1.jar:/home/alex/.m2/repository/org/apache/hadoop/hadoop-hdfs-client/3.1.0/hadoop-hdfs-client-3.1.0.jar:/home/alex/.m2/repository/com/squareup/okhttp/okhttp/2.7.5/okhttp-2.7.5.jar:/home/alex/.m2/repository/com/squareup/okio/okio/1.6.0/okio-1.6.0.jar:/home/alex/.m2/repository/com/google/inject/extensions/guice-servlet/4.0/guice-servlet-4.0.jar:/home/alex/.m2/repository/junit/junit/4.13/junit-4.13.jar:/home/alex/.m2/repository/org/hamcrest/hamcrest-core/1.3/hamcrest-core-1.3.jar:/home/alex/.m2/repository/org/junit/jupiter/junit-jupiter-engine/5.6.2/junit-jupiter-engine-5.6.2.jar:/home/alex/.m2/repository/org/apiguardian/apiguardian-api/1.1.0/apiguardian-api-1.1.0.jar:/home/alex/.m2/repository/org/junit/platform/junit-platform-engine/1.6.2/junit-platform-engine-1.6.2.jar:/home/alex/.m2/repository/org/opentest4j/opentest4j/1.2.0/opentest4j-1.2.0.jar:/home/alex/.m2/repository/org/junit/platform/junit-platform-commons/1.6.2/junit-platform-commons-1.6.2.jar:/home/alex/.m2/repository/org/junit/jupiter/junit-jupiter-api/5.6.2/junit-jupiter-api-5.6.2.jar:/home/alex/.m2/repository/org/junit/vintage/junit-vintage-engine/5.6.2/junit-vintage-engine-5.6.2.jar:/home/alex/.m2/repository/org/powermock/powermock-module-junit4/2.0.2/powermock-module-junit4-2.0.2.jar:/home/alex/.m2/repository/org/powermock/powermock-module-junit4-common/2.0.2/powermock-module-junit4-common-2.0.2.jar:/home/alex/.m2/repository/org/powermock/powermock-reflect/2.0.2/powermock-reflect-2.0.2.jar:/home/alex/.m2/repository/org/powermock/powermock-core/2.0.2/powermock-core-2.0.2.jar:/home/alex/.m2/repository/org/powermock/powermock-api-mockito2/2.0.2/powermock-api-mockito2-2.0.2.jar:/home/alex/.m2/repository/org/powermock/powermock-api-support/2.0.2/powermock-api-support-2.0.2.jar:/home/alex/.m2/repository/org/postgresql/postgresql/42.2.14/postgresql-42.2.14.jar:/home/alex/.m2/repository/org/slf4j/slf4j-api/1.7.30/slf4j-api-1.7.30.jar:/home/alex/.m2/repository/org/mockito/mockito-core/3.4.4/mockito-core-3.4.4.jar:/home/alex/.m2/repository/net/bytebuddy/byte-buddy/1.10.13/byte-buddy-1.10.13.jar:/home/alex/.m2/repository/net/bytebuddy/byte-buddy-agent/1.10.13/byte-buddy-agent-1.10.13.jar:/home/alex/.m2/repository/org/objenesis/objenesis/2.6/objenesis-2.6.jar:/home/alex/Repositories/hive/beeline/target/testconf:/home/alex/Repositories/hive/beeline/../conf:"/>
    <property name="java.vm.vendor" value="Private Build"/>
    <property name="hadoop.version" value="3.1.0"/>
    <property name="user.timezone" value="US/Pacific"/>
    <property name="test.local.warehouse.dir" value="pfile:///home/alex/Repositories/hive/beeline/target/localfs/warehouse"/>
    <property name="os.name" value="Linux"/>
    <property name="java.vm.specification.version" value="1.8"/>
    <property name="test.build.data" value="/home/alex/Repositories/hive/beeline/target/tmp"/>
    <property name="clustermode" value=""/>
    <property name="sun.java.launcher" value="SUN_STANDARD"/>
    <property name="user.country" value="US"/>
    <property name="test.data.files" value="/home/alex/Repositories/hive/beeline/../data/files"/>
    <property name="nondexLogging" value="CONFIG"/>
    <property name="surefire.test.class.path" value="/home/alex/Repositories/hive/beeline/target/test-classes:/home/alex/Repositories/hive/beeline/target/classes:/home/alex/Repositories/hive/common/target/classes:/home/alex/Repositories/hive/classification/target/classes:/home/alex/Repositories/hive/storage-api/target/classes:/home/alex/Repositories/hive/standalone-metastore/metastore-common/target/classes:/home/alex/.m2/repository/com/github/ben-manes/caffeine/caffeine/2.8.4/caffeine-2.8.4.jar:/home/alex/.m2/repository/org/checkerframework/checker-qual/3.4.0/checker-qual-3.4.0.jar:/home/alex/.m2/repository/com/google/errorprone/error_prone_annotations/2.3.4/error_prone_annotations-2.3.4.jar:/home/alex/.m2/repository/com/google/guava/guava/19.0/guava-19.0.jar:/home/alex/.m2/repository/org/apache/commons/commons-lang3/3.9/commons-lang3-3.9.jar:/home/alex/.m2/repository/org/apache/commons/commons-math3/3.6.1/commons-math3-3.6.1.jar:/home/alex/.m2/repository/org/apache/orc/orc-core/1.6.9/orc-core-1.6.9.jar:/home/alex/.m2/repository/org/apache/orc/orc-shims/1.6.9/orc-shims-1.6.9.jar:/home/alex/.m2/repository/io/airlift/aircompressor/0.19/aircompressor-0.19.jar:/home/alex/.m2/repository/javax/xml/bind/jaxb-api/2.2.11/jaxb-api-2.2.11.jar:/home/alex/.m2/repository/org/jetbrains/annotations/17.0.0/annotations-17.0.0.jar:/home/alex/.m2/repository/org/threeten/threeten-extra/1.5.0/threeten-extra-1.5.0.jar:/home/alex/.m2/repository/javax/servlet/javax.servlet-api/3.1.0/javax.servlet-api-3.1.0.jar:/home/alex/.m2/repository/org/eclipse/jetty/jetty-http/9.3.27.v20190418/jetty-http-9.3.27.v20190418.jar:/home/alex/.m2/repository/org/eclipse/jetty/jetty-rewrite/9.3.27.v20190418/jetty-rewrite-9.3.27.v20190418.jar:/home/alex/.m2/repository/org/eclipse/jetty/jetty-client/9.3.27.v20190418/jetty-client-9.3.27.v20190418.jar:/home/alex/.m2/repository/org/eclipse/jetty/jetty-server/9.3.27.v20190418/jetty-server-9.3.27.v20190418.jar:/home/alex/.m2/repository/org/eclipse/jetty/jetty-io/9.3.27.v20190418/jetty-io-9.3.27.v20190418.jar:/home/alex/.m2/repository/org/eclipse/jetty/jetty-servlet/9.3.27.v20190418/jetty-servlet-9.3.27.v20190418.jar:/home/alex/.m2/repository/org/eclipse/jetty/jetty-security/9.3.27.v20190418/jetty-security-9.3.27.v20190418.jar:/home/alex/.m2/repository/org/eclipse/jetty/jetty-webapp/9.3.27.v20190418/jetty-webapp-9.3.27.v20190418.jar:/home/alex/.m2/repository/org/eclipse/jetty/jetty-xml/9.3.27.v20190418/jetty-xml-9.3.27.v20190418.jar:/home/alex/.m2/repository/joda-time/joda-time/2.9.9/joda-time-2.9.9.jar:/home/alex/.m2/repository/org/apache/logging/log4j/log4j-1.2-api/2.13.2/log4j-1.2-api-2.13.2.jar:/home/alex/.m2/repository/org/apache/logging/log4j/log4j-web/2.13.2/log4j-web-2.13.2.jar:/home/alex/.m2/repository/org/apache/commons/commons-compress/1.21/commons-compress-1.21.jar:/home/alex/.m2/repository/org/apache/ant/ant/1.9.1/ant-1.9.1.jar:/home/alex/.m2/repository/org/apache/ant/ant-launcher/1.9.1/ant-launcher-1.9.1.jar:/home/alex/.m2/repository/net/sf/jpam/jpam/1.1/jpam-1.1.jar:/home/alex/.m2/repository/com/tdunning/json/1.8/json-1.8.jar:/home/alex/.m2/repository/io/dropwizard/metrics/metrics-core/3.1.0/metrics-core-3.1.0.jar:/home/alex/.m2/repository/io/dropwizard/metrics/metrics-jvm/3.1.0/metrics-jvm-3.1.0.jar:/home/alex/.m2/repository/io/dropwizard/metrics/metrics-json/3.1.0/metrics-json-3.1.0.jar:/home/alex/.m2/repository/com/fasterxml/jackson/core/jackson-databind/2.12.0/jackson-databind-2.12.0.jar:/home/alex/.m2/repository/com/github/joshelser/dropwizard-metrics-hadoop-metrics2-reporter/0.1.2/dropwizard-metrics-hadoop-metrics2-reporter-0.1.2.jar:/home/alex/.m2/repository/javolution/javolution/5.5.1/javolution-5.5.1.jar:/home/alex/Repositories/hive/metastore/target/classes:/home/alex/Repositories/hive/serde/target/classes:/home/alex/.m2/repository/org/apache/arrow/arrow-vector/0.15.1/arrow-vector-0.15.1.jar:/home/alex/.m2/repository/org/apache/arrow/arrow-format/0.15.1/arrow-format-0.15.1.jar:/home/alex/.m2/repository/org/apache/arrow/arrow-memory/0.15.1/arrow-memory-0.15.1.jar:/home/alex/.m2/repository/com/google/flatbuffers/flatbuffers-java/1.9.0/flatbuffers-java-1.9.0.jar:/home/alex/.m2/repository/com/carrotsearch/hppc/0.7.2/hppc-0.7.2.jar:/home/alex/.m2/repository/com/github/davidmoten/flatbuffers-java/1.6.0.1/flatbuffers-java-1.6.0.1.jar:/home/alex/.m2/repository/org/apache/derby/derby/10.14.1.0/derby-10.14.1.0.jar:/home/alex/.m2/repository/org/antlr/antlr-runtime/3.5.2/antlr-runtime-3.5.2.jar:/home/alex/.m2/repository/org/apache/thrift/libfb303/0.9.3/libfb303-0.9.3.jar:/home/alex/Repositories/hive/shims/aggregator/target/classes:/home/alex/Repositories/hive/shims/common/target/classes:/home/alex/Repositories/hive/shims/0.23/target/classes:/home/alex/.m2/repository/org/apache/hadoop/hadoop-yarn-server-resourcemanager/3.1.0/hadoop-yarn-server-resourcemanager-3.1.0.jar:/home/alex/.m2/repository/org/eclipse/jetty/jetty-util-ajax/9.3.19.v20170502/jetty-util-ajax-9.3.19.v20170502.jar:/home/alex/.m2/repository/org/apache/hadoop/hadoop-yarn-server-common/3.1.0/hadoop-yarn-server-common-3.1.0.jar:/home/alex/.m2/repository/org/apache/geronimo/specs/geronimo-jcache_1.0_spec/1.0-alpha-1/geronimo-jcache_1.0_spec-1.0-alpha-1.jar:/home/alex/.m2/repository/org/ehcache/ehcache/3.3.1/ehcache-3.3.1.jar:/home/alex/.m2/repository/com/zaxxer/HikariCP-java7/2.4.12/HikariCP-java7-2.4.12.jar:/home/alex/.m2/repository/org/apache/hadoop/hadoop-yarn-server-applicationhistoryservice/3.1.0/hadoop-yarn-server-applicationhistoryservice-3.1.0.jar:/home/alex/.m2/repository/de/ruedigermoeller/fst/2.50/fst-2.50.jar:/home/alex/.m2/repository/com/cedarsoftware/java-util/1.9.0/java-util-1.9.0.jar:/home/alex/.m2/repository/com/cedarsoftware/json-io/2.5.1/json-io-2.5.1.jar:/home/alex/.m2/repository/org/apache/hadoop/hadoop-yarn-server-web-proxy/3.1.0/hadoop-yarn-server-web-proxy-3.1.0.jar:/home/alex/.m2/repository/org/fusesource/leveldbjni/leveldbjni-all/1.8/leveldbjni-all-1.8.jar:/home/alex/Repositories/hive/shims/scheduler/target/classes:/home/alex/Repositories/hive/jdbc/target/classes:/home/alex/Repositories/hive/llap-client/target/classes:/home/alex/Repositories/hive/llap-common/target/classes:/home/alex/.m2/repository/io/jsonwebtoken/jjwt-api/0.10.5/jjwt-api-0.10.5.jar:/home/alex/.m2/repository/io/jsonwebtoken/jjwt-impl/0.10.5/jjwt-impl-0.10.5.jar:/home/alex/.m2/repository/io/jsonwebtoken/jjwt-jackson/0.10.5/jjwt-jackson-0.10.5.jar:/home/alex/Repositories/hive/service-rpc/target/classes:/home/alex/.m2/repository/org/apache/httpcomponents/httpclient/4.5.13/httpclient-4.5.13.jar:/home/alex/.m2/repository/org/apache/httpcomponents/httpcore/4.4.13/httpcore-4.4.13.jar:/home/alex/.m2/repository/org/apache/zookeeper/zookeeper/3.5.5/zookeeper-3.5.5.jar:/home/alex/.m2/repository/org/apache/zookeeper/zookeeper-jute/3.5.5/zookeeper-jute-3.5.5.jar:/home/alex/.m2/repository/org/apache/yetus/audience-annotations/0.5.0/audience-annotations-0.5.0.jar:/home/alex/.m2/repository/org/apache/curator/curator-framework/4.2.0/curator-framework-4.2.0.jar:/home/alex/Repositories/hive/standalone-metastore/metastore-server/target/classes:/home/alex/.m2/repository/com/google/protobuf/protobuf-java/2.5.0/protobuf-java-2.5.0.jar:/home/alex/.m2/repository/com/zaxxer/HikariCP/2.6.1/HikariCP-2.6.1.jar:/home/alex/.m2/repository/org/apache/commons/commons-dbcp2/2.7.0/commons-dbcp2-2.7.0.jar:/home/alex/.m2/repository/org/apache/commons/commons-pool2/2.7.0/commons-pool2-2.7.0.jar:/home/alex/.m2/repository/commons-beanutils/commons-beanutils/1.9.4/commons-beanutils-1.9.4.jar:/home/alex/.m2/repository/org/apache/logging/log4j/log4j-core/2.13.2/log4j-core-2.13.2.jar:/home/alex/.m2/repository/org/datanucleus/datanucleus-api-jdo/5.2.4/datanucleus-api-jdo-5.2.4.jar:/home/alex/.m2/repository/org/datanucleus/datanucleus-core/5.2.4/datanucleus-core-5.2.4.jar:/home/alex/.m2/repository/org/datanucleus/datanucleus-rdbms/5.2.4/datanucleus-rdbms-5.2.4.jar:/home/alex/.m2/repository/org/datanucleus/javax.jdo/3.2.0-release/javax.jdo-3.2.0-release.jar:/home/alex/.m2/repository/javax/transaction/javax.transaction-api/1.3/javax.transaction-api-1.3.jar:/home/alex/.m2/repository/org/glassfish/corba/glassfish-corba-omgapi/4.2.2/glassfish-corba-omgapi-4.2.2.jar:/home/alex/.m2/repository/sqlline/sqlline/1.9.0/sqlline-1.9.0.jar:/home/alex/.m2/repository/org/jline/jline-terminal/3.12.1/jline-terminal-3.12.1.jar:/home/alex/.m2/repository/org/jline/jline-reader/3.12.1/jline-reader-3.12.1.jar:/home/alex/.m2/repository/org/jline/jline-terminal-jansi/3.12.1/jline-terminal-jansi-3.12.1.jar:/home/alex/.m2/repository/org/fusesource/jansi/jansi/1.18/jansi-1.18.jar:/home/alex/.m2/repository/org/jline/jline-terminal-jna/3.12.1/jline-terminal-jna-3.12.1.jar:/home/alex/.m2/repository/net/java/dev/jna/jna/5.3.1/jna-5.3.1.jar:/home/alex/.m2/repository/org/jline/jline-builtins/3.12.1/jline-builtins-3.12.1.jar:/home/alex/.m2/repository/org/jline/jline-style/3.12.1/jline-style-3.12.1.jar:/home/alex/.m2/repository/commons-logging/commons-logging/1.1.3/commons-logging-1.1.3.jar:/home/alex/.m2/repository/com/cronutils/cron-utils/9.1.3/cron-utils-9.1.3.jar:/home/alex/.m2/repository/org/glassfish/javax.el/3.0.0/javax.el-3.0.0.jar:/home/alex/.m2/repository/com/oracle/database/jdbc/ojdbc8/21.3.0.0/ojdbc8-21.3.0.0.jar:/home/alex/.m2/repository/mysql/mysql-connector-java/8.0.27/mysql-connector-java-8.0.27.jar:/home/alex/.m2/repository/com/microsoft/sqlserver/mssql-jdbc/6.2.1.jre8/mssql-jdbc-6.2.1.jre8.jar:/home/alex/.m2/repository/commons-cli/commons-cli/1.4/commons-cli-1.4.jar:/home/alex/.m2/repository/commons-io/commons-io/2.6/commons-io-2.6.jar:/home/alex/.m2/repository/com/fasterxml/jackson/core/jackson-core/2.12.0/jackson-core-2.12.0.jar:/home/alex/.m2/repository/jline/jline/2.14.6/jline-2.14.6.jar:/home/alex/.m2/repository/org/apache/hadoop/hadoop-common/3.1.0/hadoop-common-3.1.0.jar:/home/alex/.m2/repository/org/apache/hadoop/hadoop-annotations/3.1.0/hadoop-annotations-3.1.0.jar:/usr/lib/jvm/java-8-openjdk-amd64/jre/../lib/tools.jar:/home/alex/.m2/repository/commons-codec/commons-codec/1.15/commons-codec-1.15.jar:/home/alex/.m2/repository/commons-net/commons-net/3.6/commons-net-3.6.jar:/home/alex/.m2/repository/commons-collections/commons-collections/3.2.2/commons-collections-3.2.2.jar:/home/alex/.m2/repository/org/eclipse/jetty/jetty-util/9.3.27.v20190418/jetty-util-9.3.27.v20190418.jar:/home/alex/.m2/repository/javax/servlet/jsp/jsp-api/2.1/jsp-api-2.1.jar:/home/alex/.m2/repository/com/sun/jersey/jersey-core/1.19/jersey-core-1.19.jar:/home/alex/.m2/repository/javax/ws/rs/jsr311-api/1.1.1/jsr311-api-1.1.1.jar:/home/alex/.m2/repository/com/sun/jersey/jersey-servlet/1.19/jersey-servlet-1.19.jar:/home/alex/.m2/repository/com/sun/jersey/jersey-json/1.19/jersey-json-1.19.jar:/home/alex/.m2/repository/org/codehaus/jettison/jettison/1.1/jettison-1.1.jar:/home/alex/.m2/repository/com/sun/xml/bind/jaxb-impl/2.2.3-1/jaxb-impl-2.2.3-1.jar:/home/alex/.m2/repository/org/codehaus/jackson/jackson-core-asl/1.9.2/jackson-core-asl-1.9.2.jar:/home/alex/.m2/repository/org/codehaus/jackson/jackson-mapper-asl/1.9.2/jackson-mapper-asl-1.9.2.jar:/home/alex/.m2/repository/org/codehaus/jackson/jackson-jaxrs/1.9.2/jackson-jaxrs-1.9.2.jar:/home/alex/.m2/repository/org/codehaus/jackson/jackson-xc/1.9.2/jackson-xc-1.9.2.jar:/home/alex/.m2/repository/com/sun/jersey/jersey-server/1.19/jersey-server-1.19.jar:/home/alex/.m2/repository/commons-lang/commons-lang/2.6/commons-lang-2.6.jar:/home/alex/.m2/repository/org/apache/commons/commons-configuration2/2.1.1/commons-configuration2-2.1.1.jar:/home/alex/.m2/repository/org/apache/avro/avro/1.8.2/avro-1.8.2.jar:/home/alex/.m2/repository/com/thoughtworks/paranamer/paranamer/2.8/paranamer-2.8.jar:/home/alex/.m2/repository/org/xerial/snappy/snappy-java/1.1.4/snappy-java-1.1.4.jar:/home/alex/.m2/repository/org/tukaani/xz/1.5/xz-1.5.jar:/home/alex/.m2/repository/com/google/re2j/re2j/1.2/re2j-1.2.jar:/home/alex/.m2/repository/com/google/code/gson/gson/2.2.4/gson-2.2.4.jar:/home/alex/.m2/repository/org/apache/hadoop/hadoop-auth/3.1.0/hadoop-auth-3.1.0.jar:/home/alex/.m2/repository/com/nimbusds/nimbus-jose-jwt/4.41.1/nimbus-jose-jwt-4.41.1.jar:/home/alex/.m2/repository/com/github/stephenc/jcip/jcip-annotations/1.0-1/jcip-annotations-1.0-1.jar:/home/alex/.m2/repository/net/minidev/json-smart/2.3/json-smart-2.3.jar:/home/alex/.m2/repository/net/minidev/accessors-smart/1.2/accessors-smart-1.2.jar:/home/alex/.m2/repository/com/jcraft/jsch/0.1.54/jsch-0.1.54.jar:/home/alex/.m2/repository/com/google/code/findbugs/jsr305/3.0.0/jsr305-3.0.0.jar:/home/alex/.m2/repository/org/apache/htrace/htrace-core4/4.1.0-incubating/htrace-core4-4.1.0-incubating.jar:/home/alex/.m2/repository/org/apache/kerby/kerb-simplekdc/1.0.1/kerb-simplekdc-1.0.1.jar:/home/alex/.m2/repository/org/apache/kerby/kerb-client/1.0.1/kerb-client-1.0.1.jar:/home/alex/.m2/repository/org/apache/kerby/kerby-config/1.0.1/kerby-config-1.0.1.jar:/home/alex/.m2/repository/org/apache/kerby/kerb-core/1.0.1/kerb-core-1.0.1.jar:/home/alex/.m2/repository/org/apache/kerby/kerby-pkix/1.0.1/kerby-pkix-1.0.1.jar:/home/alex/.m2/repository/org/apache/kerby/kerby-asn1/1.0.1/kerby-asn1-1.0.1.jar:/home/alex/.m2/repository/org/apache/kerby/kerby-util/1.0.1/kerby-util-1.0.1.jar:/home/alex/.m2/repository/org/apache/kerby/kerb-common/1.0.1/kerb-common-1.0.1.jar:/home/alex/.m2/repository/org/apache/kerby/kerb-crypto/1.0.1/kerb-crypto-1.0.1.jar:/home/alex/.m2/repository/org/apache/kerby/kerb-util/1.0.1/kerb-util-1.0.1.jar:/home/alex/.m2/repository/org/apache/kerby/token-provider/1.0.1/token-provider-1.0.1.jar:/home/alex/.m2/repository/org/apache/kerby/kerb-admin/1.0.1/kerb-admin-1.0.1.jar:/home/alex/.m2/repository/org/apache/kerby/kerb-server/1.0.1/kerb-server-1.0.1.jar:/home/alex/.m2/repository/org/apache/kerby/kerb-identity/1.0.1/kerb-identity-1.0.1.jar:/home/alex/.m2/repository/org/apache/kerby/kerby-xdr/1.0.1/kerby-xdr-1.0.1.jar:/home/alex/.m2/repository/org/codehaus/woodstox/stax2-api/3.1.4/stax2-api-3.1.4.jar:/home/alex/.m2/repository/com/fasterxml/woodstox/woodstox-core/5.0.3/woodstox-core-5.0.3.jar:/home/alex/.m2/repository/org/apache/thrift/libthrift/0.14.1/libthrift-0.14.1.jar:/home/alex/.m2/repository/org/apache/tomcat/embed/tomcat-embed-core/8.5.46/tomcat-embed-core-8.5.46.jar:/home/alex/.m2/repository/org/apache/tomcat/tomcat-annotations-api/8.5.46/tomcat-annotations-api-8.5.46.jar:/home/alex/.m2/repository/javax/annotation/javax.annotation-api/1.3.2/javax.annotation-api-1.3.2.jar:/home/alex/.m2/repository/net/sf/supercsv/super-csv/2.2.0/super-csv-2.2.0.jar:/home/alex/.m2/repository/org/apache/logging/log4j/log4j-slf4j-impl/2.13.2/log4j-slf4j-impl-2.13.2.jar:/home/alex/.m2/repository/org/apache/logging/log4j/log4j-api/2.13.2/log4j-api-2.13.2.jar:/home/alex/Repositories/hive/ql/target/test-classes:/home/alex/.m2/repository/org/apache/atlas/atlas-client-v2/2.1.0/atlas-client-v2-2.1.0.jar:/home/alex/.m2/repository/cglib/cglib/2.2.2/cglib-2.2.2.jar:/home/alex/.m2/repository/asm/asm/3.3.1/asm-3.3.1.jar:/home/alex/.m2/repository/org/apache/atlas/atlas-client-common/2.1.0/atlas-client-common-2.1.0.jar:/home/alex/.m2/repository/com/sun/jersey/jersey-client/1.19/jersey-client-1.19.jar:/home/alex/.m2/repository/org/apache/atlas/atlas-intg/2.1.0/atlas-intg-2.1.0.jar:/home/alex/.m2/repository/commons-validator/commons-validator/1.6/commons-validator-1.6.jar:/home/alex/.m2/repository/commons-digester/commons-digester/1.8.1/commons-digester-1.8.1.jar:/home/alex/.m2/repository/com/fasterxml/jackson/jaxrs/jackson-jaxrs-base/2.12.0/jackson-jaxrs-base-2.12.0.jar:/home/alex/.m2/repository/com/fasterxml/jackson/jaxrs/jackson-jaxrs-json-provider/2.12.0/jackson-jaxrs-json-provider-2.12.0.jar:/home/alex/.m2/repository/javax/inject/javax.inject/1/javax.inject-1.jar:/home/alex/.m2/repository/org/springframework/spring-context/4.3.20.RELEASE/spring-context-4.3.20.RELEASE.jar:/home/alex/.m2/repository/org/springframework/spring-aop/4.3.20.RELEASE/spring-aop-4.3.20.RELEASE.jar:/home/alex/.m2/repository/org/springframework/spring-beans/4.3.20.RELEASE/spring-beans-4.3.20.RELEASE.jar:/home/alex/.m2/repository/org/springframework/spring-core/4.3.20.RELEASE/spring-core-4.3.20.RELEASE.jar:/home/alex/.m2/repository/org/springframework/spring-expression/4.3.20.RELEASE/spring-expression-4.3.20.RELEASE.jar:/home/alex/.m2/repository/commons-configuration/commons-configuration/1.10/commons-configuration-1.10.jar:/home/alex/Repositories/hive/vector-code-gen/target/classes:/home/alex/.m2/repository/org/apache/velocity/velocity/1.5/velocity-1.5.jar:/home/alex/.m2/repository/oro/oro/2.0.8/oro-2.0.8.jar:/home/alex/Repositories/hive/parser/target/classes:/home/alex/Repositories/hive/udf/target/classes:/home/alex/Repositories/hive/llap-tez/target/classes:/home/alex/Repositories/hive/spark-client/target/classes:/home/alex/.m2/repository/io/netty/netty-all/4.1.65.Final/netty-all-4.1.65.Final.jar:/home/alex/.m2/repository/com/fasterxml/jackson/module/jackson-module-scala_2.12/2.12.0/jackson-module-scala_2.12-2.12.0.jar:/home/alex/.m2/repository/org/scala-lang/scala-library/2.12.10/scala-library-2.12.10.jar:/home/alex/.m2/repository/org/apache/spark/spark-core_2.12/2.4.5/spark-core_2.12-2.4.5.jar:/home/alex/.m2/repository/com/twitter/chill_2.12/0.9.3/chill_2.12-0.9.3.jar:/home/alex/.m2/repository/com/twitter/chill-java/0.9.3/chill-java-0.9.3.jar:/home/alex/.m2/repository/org/apache/xbean/xbean-asm6-shaded/4.8/xbean-asm6-shaded-4.8.jar:/home/alex/.m2/repository/org/apache/hadoop/hadoop-client/3.1.0/hadoop-client-3.1.0.jar:/home/alex/.m2/repository/org/apache/hadoop/hadoop-mapreduce-client-jobclient/3.1.0/hadoop-mapreduce-client-jobclient-3.1.0.jar:/home/alex/.m2/repository/org/apache/hadoop/hadoop-mapreduce-client-common/3.1.0/hadoop-mapreduce-client-common-3.1.0.jar:/home/alex/.m2/repository/org/apache/spark/spark-launcher_2.12/2.4.5/spark-launcher_2.12-2.4.5.jar:/home/alex/.m2/repository/org/apache/spark/spark-kvstore_2.12/2.4.5/spark-kvstore_2.12-2.4.5.jar:/home/alex/.m2/repository/org/apache/spark/spark-network-common_2.12/2.4.5/spark-network-common_2.12-2.4.5.jar:/home/alex/.m2/repository/org/apache/spark/spark-network-shuffle_2.12/2.4.5/spark-network-shuffle_2.12-2.4.5.jar:/home/alex/.m2/repository/org/apache/spark/spark-unsafe_2.12/2.4.5/spark-unsafe_2.12-2.4.5.jar:/home/alex/.m2/repository/javax/activation/activation/1.1.1/activation-1.1.1.jar:/home/alex/.m2/repository/org/slf4j/jul-to-slf4j/1.7.16/jul-to-slf4j-1.7.16.jar:/home/alex/.m2/repository/org/slf4j/jcl-over-slf4j/1.7.16/jcl-over-slf4j-1.7.16.jar:/home/alex/.m2/repository/com/ning/compress-lzf/1.0.3/compress-lzf-1.0.3.jar:/home/alex/.m2/repository/org/roaringbitmap/RoaringBitmap/0.7.45/RoaringBitmap-0.7.45.jar:/home/alex/.m2/repository/org/roaringbitmap/shims/0.7.45/shims-0.7.45.jar:/home/alex/.m2/repository/org/json4s/json4s-jackson_2.12/3.5.3/json4s-jackson_2.12-3.5.3.jar:/home/alex/.m2/repository/org/json4s/json4s-core_2.12/3.5.3/json4s-core_2.12-3.5.3.jar:/home/alex/.m2/repository/org/json4s/json4s-ast_2.12/3.5.3/json4s-ast_2.12-3.5.3.jar:/home/alex/.m2/repository/org/json4s/json4s-scalap_2.12/3.5.3/json4s-scalap_2.12-3.5.3.jar:/home/alex/.m2/repository/org/scala-lang/modules/scala-xml_2.12/1.0.6/scala-xml_2.12-1.0.6.jar:/home/alex/.m2/repository/com/clearspring/analytics/stream/2.7.0/stream-2.7.0.jar:/home/alex/.m2/repository/io/dropwizard/metrics/metrics-graphite/3.1.5/metrics-graphite-3.1.5.jar:/home/alex/.m2/repository/net/razorvine/pyrolite/4.13/pyrolite-4.13.jar:/home/alex/.m2/repository/net/sf/py4j/py4j/0.10.7/py4j-0.10.7.jar:/home/alex/.m2/repository/org/apache/spark/spark-tags_2.12/2.4.5/spark-tags_2.12-2.4.5.jar:/home/alex/.m2/repository/org/apache/commons/commons-crypto/1.0.0/commons-crypto-1.0.0.jar:/home/alex/.m2/repository/org/spark-project/spark/unused/1.0.0/unused-1.0.0.jar:/home/alex/.m2/repository/org/apache/spark/spark-yarn_2.12/2.4.5/spark-yarn_2.12-2.4.5.jar:/home/alex/.m2/repository/com/amazonaws/secretsmanager/aws-secretsmanager-caching-java/1.0.1/aws-secretsmanager-caching-java-1.0.1.jar:/home/alex/.m2/repository/com/esotericsoftware/kryo/5.0.3/kryo-5.0.3.jar:/home/alex/.m2/repository/com/esotericsoftware/minlog/1.3.1/minlog-1.3.1.jar:/home/alex/.m2/repository/com/esotericsoftware/reflectasm/1.11.9/reflectasm-1.11.9.jar:/home/alex/.m2/repository/org/apache/parquet/parquet-hadoop-bundle/1.11.1/parquet-hadoop-bundle-1.11.1.jar:/home/alex/.m2/repository/org/apache/commons/commons-collections4/4.1/commons-collections4-4.1.jar:/home/alex/.m2/repository/org/apache/commons/commons-text/1.8/commons-text-1.8.jar:/home/alex/.m2/repository/org/antlr/ST4/4.0.4/ST4-4.0.4.jar:/home/alex/.m2/repository/org/apache/avro/avro-mapred/1.8.2/avro-mapred-1.8.2-hadoop2.jar:/home/alex/.m2/repository/org/apache/avro/avro-ipc/1.8.2/avro-ipc-1.8.2.jar:/home/alex/.m2/repository/org/mortbay/jetty/jetty/6.1.26/jetty-6.1.26.jar:/home/alex/.m2/repository/org/apache/hadoop/hadoop-yarn-registry/3.1.0/hadoop-yarn-registry-3.1.0.jar:/home/alex/.m2/repository/org/apache/hadoop/hadoop-yarn-api/3.1.0/hadoop-yarn-api-3.1.0.jar:/home/alex/.m2/repository/commons-daemon/commons-daemon/1.0.13/commons-daemon-1.0.13.jar:/home/alex/.m2/repository/dnsjava/dnsjava/2.1.7/dnsjava-2.1.7.jar:/home/alex/.m2/repository/org/apache/orc/orc-tools/1.6.9/orc-tools-1.6.9.jar:/home/alex/.m2/repository/com/opencsv/opencsv/3.9/opencsv-3.9.jar:/home/alex/.m2/repository/org/apache/hadoop/hadoop-hdfs/3.1.0/hadoop-hdfs-3.1.0.jar:/home/alex/.m2/repository/org/threeten/threetenbp/1.3.5/threetenbp-1.3.5.jar:/home/alex/.m2/repository/org/apache/ivy/ivy/2.4.0/ivy-2.4.0.jar:/home/alex/.m2/repository/org/apache/datasketches/datasketches-hive/1.1.0-incubating/datasketches-hive-1.1.0-incubating.jar:/home/alex/.m2/repository/org/apache/datasketches/datasketches-java/1.3.0-incubating/datasketches-java-1.3.0-incubating.jar:/home/alex/.m2/repository/org/apache/datasketches/datasketches-memory/1.2.0-incubating/datasketches-memory-1.2.0-incubating.jar:/home/alex/.m2/repository/org/slf4j/slf4j-simple/1.7.27/slf4j-simple-1.7.27.jar:/home/alex/.m2/repository/org/codehaus/groovy/groovy-all/2.4.11/groovy-all-2.4.11.jar:/home/alex/.m2/repository/org/jodd/jodd-util/6.0.0/jodd-util-6.0.0.jar:/home/alex/.m2/repository/com/fasterxml/jackson/core/jackson-annotations/2.12.0/jackson-annotations-2.12.0.jar:/home/alex/.m2/repository/com/fasterxml/jackson/dataformat/jackson-dataformat-yaml/2.12.0/jackson-dataformat-yaml-2.12.0.jar:/home/alex/.m2/repository/org/yaml/snakeyaml/1.27/snakeyaml-1.27.jar:/home/alex/.m2/repository/org/apache/calcite/calcite-core/1.25.0/calcite-core-1.25.0.jar:/home/alex/.m2/repository/org/apache/calcite/calcite-linq4j/1.25.0/calcite-linq4j-1.25.0.jar:/home/alex/.m2/repository/com/esri/geometry/esri-geometry-api/2.2.0/esri-geometry-api-2.2.0.jar:/home/alex/.m2/repository/com/yahoo/datasketches/sketches-core/0.9.0/sketches-core-0.9.0.jar:/home/alex/.m2/repository/com/yahoo/datasketches/memory/0.9.0/memory-0.9.0.jar:/home/alex/.m2/repository/org/apache/calcite/calcite-druid/1.25.0/calcite-druid-1.25.0.jar:/home/alex/.m2/repository/org/apache/calcite/avatica/avatica/1.12.0/avatica-1.12.0.jar:/home/alex/.m2/repository/com/googlecode/javaewah/JavaEWAH/0.3.2/JavaEWAH-0.3.2.jar:/home/alex/.m2/repository/stax/stax-api/1.0.1/stax-api-1.0.1.jar:/home/alex/.m2/repository/net/sf/opencsv/opencsv/2.3/opencsv-2.3.jar:/home/alex/.m2/repository/org/reflections/reflections/0.9.10/reflections-0.9.10.jar:/home/alex/.m2/repository/org/javassist/javassist/3.19.0-GA/javassist-3.19.0-GA.jar:/home/alex/.m2/repository/com/jayway/jsonpath/json-path/2.4.0/json-path-2.4.0.jar:/home/alex/.m2/repository/org/codehaus/janino/commons-compiler/3.0.11/commons-compiler-3.0.11.jar:/home/alex/.m2/repository/org/codehaus/janino/janino/3.0.11/janino-3.0.11.jar:/home/alex/.m2/repository/com/sun/jersey/contribs/jersey-multipart/1.19/jersey-multipart-1.19.jar:/home/alex/.m2/repository/org/jvnet/mimepull/mimepull/1.9.3/mimepull-1.9.3.jar:/home/alex/.m2/repository/org/apache/kafka/kafka-clients/2.5.0/kafka-clients-2.5.0.jar:/home/alex/.m2/repository/com/github/luben/zstd-jni/1.4.4-7/zstd-jni-1.4.4-7.jar:/home/alex/.m2/repository/org/lz4/lz4-java/1.7.1/lz4-java-1.7.1.jar:/home/alex/Repositories/hive/service/target/classes:/home/alex/Repositories/hive/ql/target/classes:/home/alex/Repositories/hive/llap-server/target/classes:/home/alex/.m2/repository/com/lmax/disruptor/3.3.7/disruptor-3.3.7.jar:/home/alex/Repositories/hive/llap-common/target/test-classes:/home/alex/Repositories/hive/hplsql/target/classes:/home/alex/.m2/repository/org/antlr/antlr4-runtime/4.5/antlr4-runtime-4.5.jar:/home/alex/.m2/repository/org/abego/treelayout/org.abego.treelayout.core/1.0.1/org.abego.treelayout.core-1.0.1.jar:/home/alex/.m2/repository/javax/servlet/jsp/javax.servlet.jsp-api/2.3.1/javax.servlet.jsp-api-2.3.1.jar:/home/alex/.m2/repository/org/eclipse/jetty/jetty-runner/9.3.27.v20190418/jetty-runner-9.3.27.v20190418.jar:/home/alex/.m2/repository/org/eclipse/jetty/jetty-plus/9.3.27.v20190418/jetty-plus-9.3.27.v20190418.jar:/home/alex/.m2/repository/org/eclipse/jetty/jetty-annotations/9.3.27.v20190418/jetty-annotations-9.3.27.v20190418.jar:/home/alex/.m2/repository/org/ow2/asm/asm/6.0/asm-6.0.jar:/home/alex/.m2/repository/org/ow2/asm/asm-commons/6.0/asm-commons-6.0.jar:/home/alex/.m2/repository/org/ow2/asm/asm-tree/6.0/asm-tree-6.0.jar:/home/alex/.m2/repository/org/eclipse/jetty/jetty-jaas/9.3.27.v20190418/jetty-jaas-9.3.27.v20190418.jar:/home/alex/.m2/repository/org/eclipse/jetty/websocket/websocket-server/9.3.27.v20190418/websocket-server-9.3.27.v20190418.jar:/home/alex/.m2/repository/org/eclipse/jetty/websocket/websocket-common/9.3.27.v20190418/websocket-common-9.3.27.v20190418.jar:/home/alex/.m2/repository/org/eclipse/jetty/websocket/websocket-api/9.3.27.v20190418/websocket-api-9.3.27.v20190418.jar:/home/alex/.m2/repository/org/eclipse/jetty/websocket/websocket-client/9.3.27.v20190418/websocket-client-9.3.27.v20190418.jar:/home/alex/.m2/repository/org/eclipse/jetty/websocket/websocket-servlet/9.3.27.v20190418/websocket-servlet-9.3.27.v20190418.jar:/home/alex/.m2/repository/org/eclipse/jetty/jetty-jndi/9.3.27.v20190418/jetty-jndi-9.3.27.v20190418.jar:/home/alex/.m2/repository/org/eclipse/jetty/apache-jsp/9.3.27.v20190418/apache-jsp-9.3.27.v20190418.jar:/home/alex/.m2/repository/org/eclipse/jetty/toolchain/jetty-schemas/3.1/jetty-schemas-3.1.jar:/home/alex/.m2/repository/org/eclipse/jdt/core/compiler/ecj/4.4.2/ecj-4.4.2.jar:/home/alex/.m2/repository/org/eclipse/jetty/apache-jstl/9.3.27.v20190418/apache-jstl-9.3.27.v20190418.jar:/home/alex/.m2/repository/org/apache/taglibs/taglibs-standard-spec/1.2.5/taglibs-standard-spec-1.2.5.jar:/home/alex/.m2/repository/org/apache/taglibs/taglibs-standard-impl/1.2.5/taglibs-standard-impl-1.2.5.jar:/home/alex/.m2/repository/org/apache/curator/curator-client/4.2.0/curator-client-4.2.0.jar:/home/alex/.m2/repository/org/apache/curator/curator-recipes/4.2.0/curator-recipes-4.2.0.jar:/home/alex/.m2/repository/org/pac4j/pac4j-saml-opensamlv3/4.0.3/pac4j-saml-opensamlv3-4.0.3.jar:/home/alex/.m2/repository/org/pac4j/pac4j-core/4.0.3/pac4j-core-4.0.3.jar:/home/alex/.m2/repository/org/opensaml/opensaml-core/3.4.5/opensaml-core-3.4.5.jar:/home/alex/.m2/repository/net/shibboleth/utilities/java-support/7.5.1/java-support-7.5.1.jar:/home/alex/.m2/repository/org/opensaml/opensaml-saml-api/3.4.5/opensaml-saml-api-3.4.5.jar:/home/alex/.m2/repository/org/opensaml/opensaml-storage-api/3.4.5/opensaml-storage-api-3.4.5.jar:/home/alex/.m2/repository/org/opensaml/opensaml-saml-impl/3.4.5/opensaml-saml-impl-3.4.5.jar:/home/alex/.m2/repository/org/opensaml/opensaml-soap-impl/3.4.5/opensaml-soap-impl-3.4.5.jar:/home/alex/.m2/repository/org/opensaml/opensaml-soap-api/3.4.5/opensaml-soap-api-3.4.5.jar:/home/alex/.m2/repository/org/opensaml/opensaml-xmlsec-api/3.4.5/opensaml-xmlsec-api-3.4.5.jar:/home/alex/.m2/repository/org/opensaml/opensaml-security-api/3.4.5/opensaml-security-api-3.4.5.jar:/home/alex/.m2/repository/org/opensaml/opensaml-security-impl/3.4.5/opensaml-security-impl-3.4.5.jar:/home/alex/.m2/repository/org/opensaml/opensaml-profile-api/3.4.5/opensaml-profile-api-3.4.5.jar:/home/alex/.m2/repository/org/opensaml/opensaml-profile-impl/3.4.5/opensaml-profile-impl-3.4.5.jar:/home/alex/.m2/repository/org/opensaml/opensaml-messaging-api/3.4.5/opensaml-messaging-api-3.4.5.jar:/home/alex/.m2/repository/org/opensaml/opensaml-messaging-impl/3.4.5/opensaml-messaging-impl-3.4.5.jar:/home/alex/.m2/repository/org/opensaml/opensaml-storage-impl/3.4.5/opensaml-storage-impl-3.4.5.jar:/home/alex/.m2/repository/org/ldaptive/ldaptive/1.0.13/ldaptive-1.0.13.jar:/home/alex/.m2/repository/javax/json/javax.json-api/1.0/javax.json-api-1.0.jar:/home/alex/.m2/repository/net/spy/spymemcached/2.12.3/spymemcached-2.12.3.jar:/home/alex/.m2/repository/org/glassfish/javax.json/1.0.4/javax.json-1.0.4.jar:/home/alex/.m2/repository/org/opensaml/opensaml-xmlsec-impl/3.4.5/opensaml-xmlsec-impl-3.4.5.jar:/home/alex/.m2/repository/org/cryptacular/cryptacular/1.2.4/cryptacular-1.2.4.jar:/home/alex/.m2/repository/net/shibboleth/tool/xmlsectool/2.0.0/xmlsectool-2.0.0.jar:/home/alex/.m2/repository/com/beust/jcommander/1.48/jcommander-1.48.jar:/home/alex/.m2/repository/org/bouncycastle/bcprov-jdk15on/1.64/bcprov-jdk15on-1.64.jar:/home/alex/.m2/repository/org/apache/santuario/xmlsec/2.2.1/xmlsec-2.2.1.jar:/home/alex/.m2/repository/org/jamon/jamon-runtime/2.3.1/jamon-runtime-2.3.1.jar:/home/alex/.m2/repository/org/apache/hadoop/hadoop-mapreduce-client-core/3.1.0/hadoop-mapreduce-client-core-3.1.0.jar:/home/alex/.m2/repository/org/apache/hadoop/hadoop-yarn-client/3.1.0/hadoop-yarn-client-3.1.0.jar:/home/alex/.m2/repository/org/apache/hadoop/hadoop-yarn-common/3.1.0/hadoop-yarn-common-3.1.0.jar:/home/alex/.m2/repository/com/google/inject/guice/4.0/guice-4.0.jar:/home/alex/.m2/repository/aopalliance/aopalliance/1.0/aopalliance-1.0.jar:/home/alex/.m2/repository/com/sun/jersey/contribs/jersey-guice/1.19/jersey-guice-1.19.jar:/home/alex/.m2/repository/com/fasterxml/jackson/module/jackson-module-jaxb-annotations/2.12.0/jackson-module-jaxb-annotations-2.12.0.jar:/home/alex/.m2/repository/jakarta/xml/bind/jakarta.xml.bind-api/2.3.2/jakarta.xml.bind-api-2.3.2.jar:/home/alex/.m2/repository/jakarta/activation/jakarta.activation-api/1.2.1/jakarta.activation-api-1.2.1.jar:/home/alex/.m2/repository/org/apache/hadoop/hadoop-hdfs-client/3.1.0/hadoop-hdfs-client-3.1.0.jar:/home/alex/.m2/repository/com/squareup/okhttp/okhttp/2.7.5/okhttp-2.7.5.jar:/home/alex/.m2/repository/com/squareup/okio/okio/1.6.0/okio-1.6.0.jar:/home/alex/.m2/repository/com/google/inject/extensions/guice-servlet/4.0/guice-servlet-4.0.jar:/home/alex/.m2/repository/junit/junit/4.13/junit-4.13.jar:/home/alex/.m2/repository/org/hamcrest/hamcrest-core/1.3/hamcrest-core-1.3.jar:/home/alex/.m2/repository/org/junit/jupiter/junit-jupiter-engine/5.6.2/junit-jupiter-engine-5.6.2.jar:/home/alex/.m2/repository/org/apiguardian/apiguardian-api/1.1.0/apiguardian-api-1.1.0.jar:/home/alex/.m2/repository/org/junit/platform/junit-platform-engine/1.6.2/junit-platform-engine-1.6.2.jar:/home/alex/.m2/repository/org/opentest4j/opentest4j/1.2.0/opentest4j-1.2.0.jar:/home/alex/.m2/repository/org/junit/platform/junit-platform-commons/1.6.2/junit-platform-commons-1.6.2.jar:/home/alex/.m2/repository/org/junit/jupiter/junit-jupiter-api/5.6.2/junit-jupiter-api-5.6.2.jar:/home/alex/.m2/repository/org/junit/vintage/junit-vintage-engine/5.6.2/junit-vintage-engine-5.6.2.jar:/home/alex/.m2/repository/org/powermock/powermock-module-junit4/2.0.2/powermock-module-junit4-2.0.2.jar:/home/alex/.m2/repository/org/powermock/powermock-module-junit4-common/2.0.2/powermock-module-junit4-common-2.0.2.jar:/home/alex/.m2/repository/org/powermock/powermock-reflect/2.0.2/powermock-reflect-2.0.2.jar:/home/alex/.m2/repository/org/powermock/powermock-core/2.0.2/powermock-core-2.0.2.jar:/home/alex/.m2/repository/org/powermock/powermock-api-mockito2/2.0.2/powermock-api-mockito2-2.0.2.jar:/home/alex/.m2/repository/org/powermock/powermock-api-support/2.0.2/powermock-api-support-2.0.2.jar:/home/alex/.m2/repository/org/postgresql/postgresql/42.2.14/postgresql-42.2.14.jar:/home/alex/.m2/repository/org/slf4j/slf4j-api/1.7.30/slf4j-api-1.7.30.jar:/home/alex/.m2/repository/org/mockito/mockito-core/3.4.4/mockito-core-3.4.4.jar:/home/alex/.m2/repository/net/bytebuddy/byte-buddy/1.10.13/byte-buddy-1.10.13.jar:/home/alex/.m2/repository/net/bytebuddy/byte-buddy-agent/1.10.13/byte-buddy-agent-1.10.13.jar:/home/alex/.m2/repository/org/objenesis/objenesis/2.6/objenesis-2.6.jar:/home/alex/Repositories/hive/beeline/target/testconf:/home/alex/Repositories/hive/beeline/../conf:"/>
    <property name="sun.cpu.endian" value="little"/>
    <property name="user.home" value="/home/alex"/>
    <property name="user.language" value="en"/>
    <property name="java.security.krb5.conf" value="/home/alex/Repositories/hive/beeline/target/testconf/krb5.conf"/>
    <property name="test.dfs.mkdir" value=""/>
    <property name="java.awt.graphicsenv" value="sun.awt.X11GraphicsEnvironment"/>
    <property name="nondexFilter" value=".*"/>
    <property name="nondexSeed" value="1016066"/>
    <property name="surefire.real.class.path" value="/home/alex/Repositories/hive/beeline/target/surefire/surefirebooter6465949908401889217.jar"/>
    <property name="hadoop.log.dir" value="/home/alex/Repositories/hive/beeline/target/tmp"/>
    <property name="java.net.preferIPv4Stack" value="true"/>
    <property name="path.separator" value=":"/>
    <property name="os.version" value="6.5.0-28-generic"/>
    <property name="java.endorsed.dirs" value="/usr/lib/jvm/java-8-openjdk-amd64/jre/lib/endorsed"/>
    <property name="java.runtime.name" value="OpenJDK Runtime Environment"/>
    <property name="hive.test.console.log.level" value="INFO"/>
    <property name="java.vm.name" value="OpenJDK 64-Bit Server VM"/>
    <property name="java.vendor.url.bug" value="http://bugreport.sun.com/bugreport/"/>
    <property name="maven.local.repository" value="/home/alex/.m2/repository"/>
    <property name="user.dir" value="/home/alex/Repositories/hive/beeline"/>
    <property name="os.arch" value="amd64"/>
    <property name="nondexMode" value="FULL"/>
    <property name="user.language.format" value="pt"/>
    <property name="antlr.version" value="3.5.2"/>
    <property name="derby.version" value="10.14.1.0"/>
    <property name="java.vm.info" value="mixed mode"/>
    <property name="java.vm.version" value="25.402-b06"/>
    <property name="java.ext.dirs" value="/usr/lib/jvm/java-8-openjdk-amd64/jre/lib/ext:/usr/java/packages/lib/ext"/>
    <property name="datanucleus.schema.autoCreateAll" value="true"/>
    <property name="java.class.version" value="52.0"/>
    <property name="test.output.overwrite" value=""/>
    <property name="hive.root" value="/home/alex/Repositories/hive/beeline/../"/>
  </properties>
  <testcase name="testSetPromptValue" classname="org.apache.hive.beeline.cli.TestHiveCli" time="7.815">
    <error type="java.lang.NullPointerException"><![CDATA[java.lang.NullPointerException
	at org.apache.hive.beeline.cli.TestHiveCli.executeCMD(TestHiveCli.java:255)
	at org.apache.hive.beeline.cli.TestHiveCli.initFromFile(TestHiveCli.java:321)
	at org.apache.hive.beeline.cli.TestHiveCli.setup(TestHiveCli.java:294)
	at sun.reflect.NativeMethodAccessorImpl.invoke0(Native Method)
	at sun.reflect.NativeMethodAccessorImpl.invoke(NativeMethodAccessorImpl.java:62)
	at sun.reflect.DelegatingMethodAccessorImpl.invoke(DelegatingMethodAccessorImpl.java:43)
	at java.lang.reflect.Method.invoke(Method.java:498)
	at org.junit.runners.model.FrameworkMethod$1.runReflectiveCall(FrameworkMethod.java:59)
	at org.junit.internal.runners.model.ReflectiveCallable.run(ReflectiveCallable.java:12)
	at org.junit.runners.model.FrameworkMethod.invokeExplosively(FrameworkMethod.java:56)
	at org.junit.internal.runners.statements.RunBefores.invokeMethod(RunBefores.java:33)
	at org.junit.internal.runners.statements.RunBefores.evaluate(RunBefores.java:24)
	at org.junit.internal.runners.statements.RunAfters.evaluate(RunAfters.java:27)
	at org.junit.runners.ParentRunner$3.evaluate(ParentRunner.java:306)
	at org.junit.runners.BlockJUnit4ClassRunner$1.evaluate(BlockJUnit4ClassRunner.java:100)
	at org.junit.runners.ParentRunner.runLeaf(ParentRunner.java:366)
	at org.junit.runners.BlockJUnit4ClassRunner.runChild(BlockJUnit4ClassRunner.java:103)
	at org.junit.runners.BlockJUnit4ClassRunner.runChild(BlockJUnit4ClassRunner.java:63)
	at org.junit.runners.ParentRunner$4.run(ParentRunner.java:331)
	at org.junit.runners.ParentRunner$1.schedule(ParentRunner.java:79)
	at org.junit.runners.ParentRunner.runChildren(ParentRunner.java:329)
	at org.junit.runners.ParentRunner.access$100(ParentRunner.java:66)
	at org.junit.runners.ParentRunner$2.evaluate(ParentRunner.java:293)
	at org.junit.internal.runners.statements.RunBefores.evaluate(RunBefores.java:26)
	at org.junit.runners.ParentRunner$3.evaluate(ParentRunner.java:306)
	at org.junit.runners.ParentRunner.run(ParentRunner.java:413)
	at org.junit.runner.JUnitCore.run(JUnitCore.java:137)
	at org.junit.runner.JUnitCore.run(JUnitCore.java:115)
	at org.junit.vintage.engine.execution.RunnerExecutor.execute(RunnerExecutor.java:43)
	at java.util.stream.ForEachOps$ForEachOp$OfRef.accept(ForEachOps.java:183)
	at java.util.stream.ReferencePipeline$3$1.accept(ReferencePipeline.java:193)
	at java.util.Iterator.forEachRemaining(Iterator.java:116)
	at java.util.Spliterators$IteratorSpliterator.forEachRemaining(Spliterators.java:1801)
	at java.util.stream.AbstractPipeline.copyInto(AbstractPipeline.java:482)
	at java.util.stream.AbstractPipeline.wrapAndCopyInto(AbstractPipeline.java:472)
	at java.util.stream.ForEachOps$ForEachOp.evaluateSequential(ForEachOps.java:150)
	at java.util.stream.ForEachOps$ForEachOp$OfRef.evaluateSequential(ForEachOps.java:173)
	at java.util.stream.AbstractPipeline.evaluate(AbstractPipeline.java:234)
	at java.util.stream.ReferencePipeline.forEach(ReferencePipeline.java:485)
	at org.junit.vintage.engine.VintageTestEngine.executeAllChildren(VintageTestEngine.java:82)
	at org.junit.vintage.engine.VintageTestEngine.execute(VintageTestEngine.java:73)
	at org.junit.platform.launcher.core.DefaultLauncher.execute(DefaultLauncher.java:248)
	at org.junit.platform.launcher.core.DefaultLauncher.lambda$execute$5(DefaultLauncher.java:211)
	at org.junit.platform.launcher.core.DefaultLauncher.withInterceptedStreams(DefaultLauncher.java:226)
	at org.junit.platform.launcher.core.DefaultLauncher.execute(DefaultLauncher.java:199)
	at org.junit.platform.launcher.core.DefaultLauncher.execute(DefaultLauncher.java:132)
	at org.apache.maven.surefire.junitplatform.JUnitPlatformProvider.invokeAllTests(JUnitPlatformProvider.java:154)
	at org.apache.maven.surefire.junitplatform.JUnitPlatformProvider.invoke(JUnitPlatformProvider.java:123)
	at org.apache.maven.surefire.booter.ForkedBooter.runSuitesInProcess(ForkedBooter.java:377)
	at org.apache.maven.surefire.booter.ForkedBooter.execute(ForkedBooter.java:138)
	at org.apache.maven.surefire.booter.ForkedBooter.run(ForkedBooter.java:465)
	at org.apache.maven.surefire.booter.ForkedBooter.main(ForkedBooter.java:451)
]]></error>
    <system-err><![CDATA[SLF4J: Class path contains multiple SLF4J bindings.
SLF4J: Found binding in [jar:file:/home/alex/.m2/repository/org/apache/logging/log4j/log4j-slf4j-impl/2.13.2/log4j-slf4j-impl-2.13.2.jar!/org/slf4j/impl/StaticLoggerBinder.class]
SLF4J: Found binding in [jar:file:/home/alex/.m2/repository/org/slf4j/slf4j-simple/1.7.27/slf4j-simple-1.7.27.jar!/org/slf4j/impl/StaticLoggerBinder.class]
SLF4J: See http://www.slf4j.org/codes.html#multiple_bindings for an explanation.
SLF4J: Actual binding is of type [org.apache.logging.slf4j.Log4jLoggerFactory]
DEBUG StatusLogger Using ShutdownCallbackRegistry class org.apache.logging.log4j.core.util.DefaultShutdownCallbackRegistry
DEBUG StatusLogger Took 0,076870 seconds to load 250 plugins from sun.misc.Launcher$AppClassLoader@330bedb4
DEBUG StatusLogger PluginManager 'Converter' found 46 plugins
DEBUG StatusLogger Starting OutputStreamManager SYSTEM_OUT.false.false-1
DEBUG StatusLogger Starting LoggerContext[name=330bedb4, org.apache.logging.log4j.core.LoggerContext@6fa51cd4]...
DEBUG StatusLogger Reconfiguration started for context[name=330bedb4] at URI null (org.apache.logging.log4j.core.LoggerContext@6fa51cd4) with optional ClassLoader: null
DEBUG StatusLogger PluginManager 'ConfigurationFactory' found 6 plugins
DEBUG StatusLogger Using configurationFactory org.apache.logging.log4j.core.config.ConfigurationFactory$Factory@25be7b63
DEBUG StatusLogger Apache Log4j Core 2.13.2 initializing configuration org.apache.logging.log4j.core.config.properties.PropertiesConfiguration@6a8658ff
DEBUG StatusLogger Installed 2 script engines
DEBUG StatusLogger Groovy Scripting Engine version: 2.0, language: Groovy, threading: MULTITHREADED, compile: true, names: [groovy, Groovy], factory class: org.codehaus.groovy.jsr223.GroovyScriptEngineFactory
DEBUG StatusLogger Oracle Nashorn version: 1.8.0_402, language: ECMAScript, threading: Not Thread Safe, compile: true, names: [nashorn, Nashorn, js, JS, JavaScript, javascript, ECMAScript, ecmascript], factory class: jdk.nashorn.api.scripting.NashornScriptEngineFactory
INFO StatusLogger Scanning for classes in '/home/alex/Repositories/hive/common/target/classes/org/apache/hadoop/hive/ql/log' matching criteria annotated with @Plugin
DEBUG StatusLogger Checking to see if class org.apache.hadoop.hive.ql.log.PerfLogger matches criteria annotated with @Plugin
INFO StatusLogger Scanning for classes in '/home/alex/Repositories/hive/ql/target/test-classes/org/apache/hadoop/hive/ql/log' matching criteria annotated with @Plugin
DEBUG StatusLogger Checking to see if class org.apache.hadoop.hive.ql.log.TestSlidingFilenameRolloverStrategy matches criteria annotated with @Plugin
DEBUG StatusLogger Checking to see if class org.apache.hadoop.hive.ql.log.TestLog4j2Appenders matches criteria annotated with @Plugin
DEBUG StatusLogger Checking to see if class org.apache.hadoop.hive.ql.log.TestSyslogInputFormat matches criteria annotated with @Plugin
INFO StatusLogger Scanning for classes in '/home/alex/Repositories/hive/ql/target/classes/org/apache/hadoop/hive/ql/log' matching criteria annotated with @Plugin
DEBUG StatusLogger Checking to see if class org.apache.hadoop.hive.ql.log.HiveEventCounter$EventCounts matches criteria annotated with @Plugin
DEBUG StatusLogger Checking to see if class org.apache.hadoop.hive.ql.log.HiveEventCounter$1 matches criteria annotated with @Plugin
DEBUG StatusLogger Checking to see if class org.apache.hadoop.hive.ql.log.SlidingFilenameRolloverStrategy$1 matches criteria annotated with @Plugin
DEBUG StatusLogger Checking to see if class org.apache.hadoop.hive.ql.log.HushableRandomAccessFileAppender matches criteria annotated with @Plugin
DEBUG StatusLogger Checking to see if class org.apache.hadoop.hive.ql.log.LogDivertAppender$NameFilter matches criteria annotated with @Plugin
DEBUG StatusLogger Checking to see if class org.apache.hadoop.hive.ql.log.LogDivertAppender matches criteria annotated with @Plugin
DEBUG StatusLogger Checking to see if class org.apache.hadoop.hive.ql.log.NullAppender matches criteria annotated with @Plugin
DEBUG StatusLogger Checking to see if class org.apache.hadoop.hive.ql.log.LogDivertAppenderForTest matches criteria annotated with @Plugin
DEBUG StatusLogger Checking to see if class org.apache.hadoop.hive.ql.log.SlidingFilenameRolloverStrategy matches criteria annotated with @Plugin
DEBUG StatusLogger Checking to see if class org.apache.hadoop.hive.ql.log.HushableRandomAccessFileAppender$1 matches criteria annotated with @Plugin
DEBUG StatusLogger Checking to see if class org.apache.hadoop.hive.ql.log.LogDivertAppenderForTest$TestFilter matches criteria annotated with @Plugin
DEBUG StatusLogger Checking to see if class org.apache.hadoop.hive.ql.log.PidFilePatternConverter matches criteria annotated with @Plugin
DEBUG StatusLogger Checking to see if class org.apache.hadoop.hive.ql.log.syslog.SyslogStorageHandler matches criteria annotated with @Plugin
DEBUG StatusLogger Checking to see if class org.apache.hadoop.hive.ql.log.syslog.SyslogSerDe matches criteria annotated with @Plugin
DEBUG StatusLogger Checking to see if class org.apache.hadoop.hive.ql.log.syslog.SyslogParser matches criteria annotated with @Plugin
DEBUG StatusLogger Checking to see if class org.apache.hadoop.hive.ql.log.syslog.SyslogInputFormat$Location matches criteria annotated with @Plugin
DEBUG StatusLogger Checking to see if class org.apache.hadoop.hive.ql.log.syslog.SyslogInputFormat matches criteria annotated with @Plugin
DEBUG StatusLogger Checking to see if class org.apache.hadoop.hive.ql.log.HiveEventCounter matches criteria annotated with @Plugin
DEBUG StatusLogger Took 0,029242 seconds to load 7 plugins from package org.apache.hadoop.hive.ql.log
DEBUG StatusLogger PluginManager 'Core' found 132 plugins
DEBUG StatusLogger PluginManager 'Level' found 0 plugins
DEBUG StatusLogger Building Plugin[name=property, class=org.apache.logging.log4j.core.config.Property].
TRACE StatusLogger TypeConverterRegistry initializing.
DEBUG StatusLogger PluginManager 'TypeConverter' found 26 plugins
DEBUG StatusLogger createProperty(name="hive.log.file", value="hive.log")
DEBUG StatusLogger Building Plugin[name=property, class=org.apache.logging.log4j.core.config.Property].
DEBUG StatusLogger createProperty(name="hive.log.dir", value="/home/alex/Repositories/hive/beeline/target/tmp/log")
DEBUG StatusLogger Building Plugin[name=property, class=org.apache.logging.log4j.core.config.Property].
DEBUG StatusLogger createProperty(name="hive.root.logger", value="DRFA")
DEBUG StatusLogger Building Plugin[name=property, class=org.apache.logging.log4j.core.config.Property].
DEBUG StatusLogger createProperty(name="hive.log.level", value="DEBUG")
DEBUG StatusLogger Building Plugin[name=property, class=org.apache.logging.log4j.core.config.Property].
DEBUG StatusLogger createProperty(name="hive.test.console.log.level", value="INFO")
DEBUG StatusLogger Building Plugin[name=properties, class=org.apache.logging.log4j.core.config.PropertiesPlugin].
DEBUG StatusLogger configureSubstitutor(={hive.log.file=hive.log, hive.log.dir=/home/alex/Repositories/hive/beeline/target/tmp/log, hive.root.logger=DRFA, hive.log.level=DEBUG, hive.test.console.log.level=INFO}, Configuration(HiveLog4j2Test))
DEBUG StatusLogger PluginManager 'Lookup' found 17 plugins
DEBUG StatusLogger Building Plugin[name=logger, class=org.apache.logging.log4j.core.config.LoggerConfig].
DEBUG StatusLogger createLogger(additivity="true", level="WARN", name="org.apache.hadoop.ipc", includeLocation="null", ={}, ={}, Configuration(HiveLog4j2Test), Filter=null)
DEBUG StatusLogger Building Plugin[name=logger, class=org.apache.logging.log4j.core.config.LoggerConfig].
DEBUG StatusLogger createLogger(additivity="true", level="INFO", name="org.apache.hadoop.security", includeLocation="null", ={}, ={}, Configuration(HiveLog4j2Test), Filter=null)
DEBUG StatusLogger Building Plugin[name=logger, class=org.apache.logging.log4j.core.config.LoggerConfig].
DEBUG StatusLogger createLogger(additivity="true", level="INFO", name="org.apache.hadoop.hdfs", includeLocation="null", ={}, ={}, Configuration(HiveLog4j2Test), Filter=null)
DEBUG StatusLogger Building Plugin[name=logger, class=org.apache.logging.log4j.core.config.LoggerConfig].
DEBUG StatusLogger createLogger(additivity="true", level="WARN", name="org.apache.hadoop.hdfs.server", includeLocation="null", ={}, ={}, Configuration(HiveLog4j2Test), Filter=null)
DEBUG StatusLogger Building Plugin[name=logger, class=org.apache.logging.log4j.core.config.LoggerConfig].
DEBUG StatusLogger createLogger(additivity="true", level="INFO", name="org.apache.hadoop.metrics2", includeLocation="null", ={}, ={}, Configuration(HiveLog4j2Test), Filter=null)
DEBUG StatusLogger Building Plugin[name=logger, class=org.apache.logging.log4j.core.config.LoggerConfig].
DEBUG StatusLogger createLogger(additivity="true", level="INFO", name="org.mortbay", includeLocation="null", ={}, ={}, Configuration(HiveLog4j2Test), Filter=null)
DEBUG StatusLogger Building Plugin[name=logger, class=org.apache.logging.log4j.core.config.LoggerConfig].
DEBUG StatusLogger createLogger(additivity="true", level="INFO", name="org.apache.hadoop.yarn", includeLocation="null", ={}, ={}, Configuration(HiveLog4j2Test), Filter=null)
DEBUG StatusLogger Building Plugin[name=logger, class=org.apache.logging.log4j.core.config.LoggerConfig].
DEBUG StatusLogger createLogger(additivity="true", level="WARN", name="org.apache.hadoop.yarn.server", includeLocation="null", ={}, ={}, Configuration(HiveLog4j2Test), Filter=null)
DEBUG StatusLogger Building Plugin[name=logger, class=org.apache.logging.log4j.core.config.LoggerConfig].
DEBUG StatusLogger createLogger(additivity="true", level="INFO", name="org.apache.tez", includeLocation="null", ={}, ={}, Configuration(HiveLog4j2Test), Filter=null)
DEBUG StatusLogger Building Plugin[name=logger, class=org.apache.logging.log4j.core.config.LoggerConfig].
DEBUG StatusLogger createLogger(additivity="true", level="ERROR", name="org.apache.hadoop.conf.Configuration", includeLocation="null", ={}, ={}, Configuration(HiveLog4j2Test), Filter=null)
DEBUG StatusLogger Building Plugin[name=logger, class=org.apache.logging.log4j.core.config.LoggerConfig].
DEBUG StatusLogger createLogger(additivity="true", level="INFO", name="org.apache.zookeeper", includeLocation="null", ={}, ={}, Configuration(HiveLog4j2Test), Filter=null)
DEBUG StatusLogger Building Plugin[name=logger, class=org.apache.logging.log4j.core.config.LoggerConfig].
DEBUG StatusLogger createLogger(additivity="true", level="WARN", name="org.apache.zookeeper.server.ServerCnxn", includeLocation="null", ={}, ={}, Configuration(HiveLog4j2Test), Filter=null)
DEBUG StatusLogger Building Plugin[name=logger, class=org.apache.logging.log4j.core.config.LoggerConfig].
DEBUG StatusLogger createLogger(additivity="true", level="WARN", name="org.apache.zookeeper.server.NIOServerCnxn", includeLocation="null", ={}, ={}, Configuration(HiveLog4j2Test), Filter=null)
DEBUG StatusLogger Building Plugin[name=logger, class=org.apache.logging.log4j.core.config.LoggerConfig].
DEBUG StatusLogger createLogger(additivity="true", level="WARN", name="org.apache.zookeeper.ClientCnxn", includeLocation="null", ={}, ={}, Configuration(HiveLog4j2Test), Filter=null)
DEBUG StatusLogger Building Plugin[name=logger, class=org.apache.logging.log4j.core.config.LoggerConfig].
DEBUG StatusLogger createLogger(additivity="true", level="WARN", name="org.apache.zookeeper.ClientCnxnSocket", includeLocation="null", ={}, ={}, Configuration(HiveLog4j2Test), Filter=null)
DEBUG StatusLogger Building Plugin[name=logger, class=org.apache.logging.log4j.core.config.LoggerConfig].
DEBUG StatusLogger createLogger(additivity="true", level="WARN", name="org.apache.zookeeper.ClientCnxnSocketNIO", includeLocation="null", ={}, ={}, Configuration(HiveLog4j2Test), Filter=null)
DEBUG StatusLogger Building Plugin[name=logger, class=org.apache.logging.log4j.core.config.LoggerConfig].
DEBUG StatusLogger createLogger(additivity="true", level="ERROR", name="DataNucleus", includeLocation="null", ={}, ={}, Configuration(HiveLog4j2Test), Filter=null)
DEBUG StatusLogger Building Plugin[name=logger, class=org.apache.logging.log4j.core.config.LoggerConfig].
DEBUG StatusLogger createLogger(additivity="true", level="ERROR", name="Datastore", includeLocation="null", ={}, ={}, Configuration(HiveLog4j2Test), Filter=null)
DEBUG StatusLogger Building Plugin[name=logger, class=org.apache.logging.log4j.core.config.LoggerConfig].
DEBUG StatusLogger createLogger(additivity="true", level="ERROR", name="JPOX", includeLocation="null", ={}, ={}, Configuration(HiveLog4j2Test), Filter=null)
DEBUG StatusLogger Building Plugin[name=logger, class=org.apache.logging.log4j.core.config.LoggerConfig].
DEBUG StatusLogger createLogger(additivity="true", level="INFO", name="org.apache.hadoop.hive.ql.exec.Operator", includeLocation="null", ={}, ={}, Configuration(HiveLog4j2Test), Filter=null)
DEBUG StatusLogger Building Plugin[name=logger, class=org.apache.logging.log4j.core.config.LoggerConfig].
DEBUG StatusLogger createLogger(additivity="true", level="INFO", name="org.apache.hadoop.hive.serde2.lazy", includeLocation="null", ={}, ={}, Configuration(HiveLog4j2Test), Filter=null)
DEBUG StatusLogger Building Plugin[name=logger, class=org.apache.logging.log4j.core.config.LoggerConfig].
DEBUG StatusLogger createLogger(additivity="true", level="INFO", name="org.apache.hadoop.hive.metastore.ObjectStore", includeLocation="null", ={}, ={}, Configuration(HiveLog4j2Test), Filter=null)
DEBUG StatusLogger Building Plugin[name=logger, class=org.apache.logging.log4j.core.config.LoggerConfig].
DEBUG StatusLogger createLogger(additivity="true", level="INFO", name="org.apache.calcite.plan.RelOptPlanner", includeLocation="null", ={}, ={}, Configuration(HiveLog4j2Test), Filter=null)
DEBUG StatusLogger Building Plugin[name=logger, class=org.apache.logging.log4j.core.config.LoggerConfig].
DEBUG StatusLogger createLogger(additivity="true", level="INFO", name="com.amazonaws", includeLocation="null", ={}, ={}, Configuration(HiveLog4j2Test), Filter=null)
DEBUG StatusLogger Building Plugin[name=logger, class=org.apache.logging.log4j.core.config.LoggerConfig].
DEBUG StatusLogger createLogger(additivity="true", level="INFO", name="org.apache.http", includeLocation="null", ={}, ={}, Configuration(HiveLog4j2Test), Filter=null)
DEBUG StatusLogger Building Plugin[name=logger, class=org.apache.logging.log4j.core.config.LoggerConfig].
DEBUG StatusLogger createLogger(additivity="true", level="WARN", name="org.apache.thrift", includeLocation="null", ={}, ={}, Configuration(HiveLog4j2Test), Filter=null)
DEBUG StatusLogger Building Plugin[name=logger, class=org.apache.logging.log4j.core.config.LoggerConfig].
DEBUG StatusLogger createLogger(additivity="true", level="WARN", name="org.eclipse.jetty", includeLocation="null", ={}, ={}, Configuration(HiveLog4j2Test), Filter=null)
DEBUG StatusLogger Building Plugin[name=logger, class=org.apache.logging.log4j.core.config.LoggerConfig].
DEBUG StatusLogger createLogger(additivity="true", level="WARN", name="BlockStateChange", includeLocation="null", ={}, ={}, Configuration(HiveLog4j2Test), Filter=null)
DEBUG StatusLogger Building Plugin[name=logger, class=org.apache.logging.log4j.core.config.LoggerConfig].
DEBUG StatusLogger createLogger(additivity="true", level="DEBUG", name="org.apache.hadoop.hive.ql.optimizer.SharedWorkOptimizer", includeLocation="null", ={}, ={}, Configuration(HiveLog4j2Test), Filter=null)
DEBUG StatusLogger Building Plugin[name=AppenderRef, class=org.apache.logging.log4j.core.config.AppenderRef].
DEBUG StatusLogger createAppenderRef(ref="console", level="INFO", Filter=null)
DEBUG StatusLogger Building Plugin[name=AppenderRef, class=org.apache.logging.log4j.core.config.AppenderRef].
DEBUG StatusLogger createAppenderRef(ref="DRFA", level="null", Filter=null)
DEBUG StatusLogger Building Plugin[name=root, class=org.apache.logging.log4j.core.config.LoggerConfig$RootLogger].
DEBUG StatusLogger createLogger(additivity="null", level="DEBUG", includeLocation="null", ={console, DRFA}, ={}, Configuration(HiveLog4j2Test), Filter=null)
DEBUG StatusLogger Building Plugin[name=loggers, class=org.apache.logging.log4j.core.config.LoggersPlugin].
DEBUG StatusLogger createLoggers(={org.apache.hadoop.ipc, org.apache.hadoop.security, org.apache.hadoop.hdfs, org.apache.hadoop.hdfs.server, org.apache.hadoop.metrics2, org.mortbay, org.apache.hadoop.yarn, org.apache.hadoop.yarn.server, org.apache.tez, org.apache.hadoop.conf.Configuration, org.apache.zookeeper, org.apache.zookeeper.server.ServerCnxn, org.apache.zookeeper.server.NIOServerCnxn, org.apache.zookeeper.ClientCnxn, org.apache.zookeeper.ClientCnxnSocket, org.apache.zookeeper.ClientCnxnSocketNIO, DataNucleus, Datastore, JPOX, org.apache.hadoop.hive.ql.exec.Operator, org.apache.hadoop.hive.serde2.lazy, org.apache.hadoop.hive.metastore.ObjectStore, org.apache.calcite.plan.RelOptPlanner, com.amazonaws, org.apache.http, org.apache.thrift, org.eclipse.jetty, BlockStateChange, org.apache.hadoop.hive.ql.optimizer.SharedWorkOptimizer, root})
DEBUG StatusLogger Building Plugin[name=layout, class=org.apache.logging.log4j.core.layout.PatternLayout].
DEBUG StatusLogger PatternLayout$Builder(PatternSelector=null, charset="null", alwaysWriteExceptions="null", disableAnsi="null", Replace=null, header="null", noConsoleNoAnsi="null", pattern="%d{ISO8601} %5p [%t] %c{2}: %m%n", Configuration(HiveLog4j2Test), footer="null")
DEBUG StatusLogger PluginManager 'Converter' found 46 plugins
DEBUG StatusLogger Building Plugin[name=appender, class=org.apache.logging.log4j.core.appender.ConsoleAppender].
DEBUG StatusLogger ConsoleAppender$Builder(follow="null", target="SYSTEM_ERR", direct="null", immediateFlush="null", bufferedIo="null", bufferSize="null", Configuration(HiveLog4j2Test), PatternLayout(%d{ISO8601} %5p [%t] %c{2}: %m%n), name="console", ignoreExceptions="null", Filter=null, ={})
DEBUG StatusLogger Starting OutputStreamManager SYSTEM_ERR.false.false
DEBUG StatusLogger Building Plugin[name=layout, class=org.apache.logging.log4j.core.layout.PatternLayout].
DEBUG StatusLogger PatternLayout$Builder(alwaysWriteExceptions="null", header="null", noConsoleNoAnsi="null", PatternSelector=null, Replace=null, charset="null", disableAnsi="null", Configuration(HiveLog4j2Test), pattern="%d{ISO8601} %5p [%t] %c{2}: %m%n", footer="null")
DEBUG StatusLogger Building Plugin[name=TimeBasedTriggeringPolicy, class=org.apache.logging.log4j.core.appender.rolling.TimeBasedTriggeringPolicy].
DEBUG StatusLogger TimeBasedTriggeringPolicy$Builder(interval="1", modulate="true", maxRandomDelay="null")
DEBUG StatusLogger Building Plugin[name=Policies, class=org.apache.logging.log4j.core.appender.rolling.CompositeTriggeringPolicy].
DEBUG StatusLogger createPolicy(={TimeBasedTriggeringPolicy(nextRolloverMillis=0, interval=1, modulate=true)})
DEBUG StatusLogger Building Plugin[name=DefaultRolloverStrategy, class=org.apache.logging.log4j.core.appender.rolling.DefaultRolloverStrategy].
DEBUG StatusLogger DefaultRolloverStrategy$Builder(min="null", ={}, Configuration(HiveLog4j2Test), stopCustomActionsOnError="null", max="30", fileIndex="null", tempCompressedFilePattern="null", compressionLevel="null")
DEBUG StatusLogger Building Plugin[name=appender, class=org.apache.logging.log4j.core.appender.RollingRandomAccessFileAppender].
DEBUG StatusLogger RollingRandomAccessFileAppender$Builder(Policies(CompositeTriggeringPolicy(policies=[TimeBasedTriggeringPolicy(nextRolloverMillis=0, interval=1, modulate=true)])), fileGroup="null", fileName="/home/alex/Repositories/hive/beeline/target/tmp/log/hive.log", filePermissions="null", fileOwner="null", advertise="null", DefaultRolloverStrategy(DefaultRolloverStrategy(min=1, max=30, useMax=true)), append="null", filePattern="/home/alex/Repositories/hive/beeline/target/tmp/log/hive.log.%d{yyyy-MM-dd}", advertiseURI="null", bufferSize="null", bufferedIo="null", immediateFlush="null", Configuration(HiveLog4j2Test), PatternLayout(%d{ISO8601} %5p [%t] %c{2}: %m%n), ignoreExceptions="null", name="DRFA", ={}, Filter=null)
TRACE StatusLogger RandomAccessFile /home/alex/Repositories/hive/beeline/target/tmp/log/hive.log seek to 9033755
DEBUG StatusLogger Starting RollingRandomAccessFileManager /home/alex/Repositories/hive/beeline/target/tmp/log/hive.log
DEBUG StatusLogger PluginManager 'FileConverter' found 3 plugins
DEBUG StatusLogger Setting prev file time to 2024-04-24T08:13:02.997-0700
DEBUG StatusLogger Initializing triggering policy CompositeTriggeringPolicy(policies=[TimeBasedTriggeringPolicy(nextRolloverMillis=0, interval=1, modulate=true)])
DEBUG StatusLogger Initializing triggering policy TimeBasedTriggeringPolicy(nextRolloverMillis=0, interval=1, modulate=true)
TRACE StatusLogger PatternProcessor.getNextTime returning 2024/04/25-00:00:00.000, nextFileTime=2024/04/24-00:00:00.000, prevFileTime=1969/12/31-16:00:00.000, current=2024/04/24-08:13:05.863, freq=DAILY
TRACE StatusLogger PatternProcessor.getNextTime returning 2024/04/25-00:00:00.000, nextFileTime=2024/04/24-00:00:00.000, prevFileTime=2024/04/24-00:00:00.000, current=2024/04/24-08:13:05.864, freq=DAILY
DEBUG StatusLogger Building Plugin[name=appenders, class=org.apache.logging.log4j.core.config.AppendersPlugin].
DEBUG StatusLogger createAppenders(={console, DRFA})
DEBUG StatusLogger Configuration org.apache.logging.log4j.core.config.properties.PropertiesConfiguration@6a8658ff initialized
DEBUG StatusLogger Starting configuration org.apache.logging.log4j.core.config.properties.PropertiesConfiguration@6a8658ff
DEBUG StatusLogger Started configuration org.apache.logging.log4j.core.config.properties.PropertiesConfiguration@6a8658ff OK.
TRACE StatusLogger Stopping org.apache.logging.log4j.core.config.DefaultConfiguration@1757cd72...
TRACE StatusLogger DefaultConfiguration notified 1 ReliabilityStrategies that config will be stopped.
TRACE StatusLogger DefaultConfiguration stopping root LoggerConfig.
TRACE StatusLogger DefaultConfiguration notifying ReliabilityStrategies that appenders will be stopped.
TRACE StatusLogger DefaultConfiguration stopping remaining Appenders.
DEBUG StatusLogger Shutting down OutputStreamManager SYSTEM_OUT.false.false-1
DEBUG StatusLogger OutputStream closed
DEBUG StatusLogger Shut down OutputStreamManager SYSTEM_OUT.false.false-1, all resources released: true
DEBUG StatusLogger Appender DefaultConsole-1 stopped with status true
TRACE StatusLogger DefaultConfiguration stopped 1 remaining Appenders.
TRACE StatusLogger DefaultConfiguration cleaning Appenders from 1 LoggerConfigs.
DEBUG StatusLogger Stopped org.apache.logging.log4j.core.config.DefaultConfiguration@1757cd72 OK
TRACE StatusLogger Reregistering MBeans after reconfigure. Selector=org.apache.logging.log4j.core.selector.ClassLoaderContextSelector@56e8b606
TRACE StatusLogger Reregistering context (1/1): '330bedb4' org.apache.logging.log4j.core.LoggerContext@6fa51cd4
TRACE StatusLogger Unregistering but no MBeans found matching 'org.apache.logging.log4j2:type=330bedb4'
TRACE StatusLogger Unregistering but no MBeans found matching 'org.apache.logging.log4j2:type=330bedb4,component=StatusLogger'
TRACE StatusLogger Unregistering but no MBeans found matching 'org.apache.logging.log4j2:type=330bedb4,component=ContextSelector'
TRACE StatusLogger Unregistering but no MBeans found matching 'org.apache.logging.log4j2:type=330bedb4,component=Loggers,name=*'
TRACE StatusLogger Unregistering but no MBeans found matching 'org.apache.logging.log4j2:type=330bedb4,component=Appenders,name=*'
TRACE StatusLogger Unregistering but no MBeans found matching 'org.apache.logging.log4j2:type=330bedb4,component=AsyncAppenders,name=*'
TRACE StatusLogger Unregistering but no MBeans found matching 'org.apache.logging.log4j2:type=330bedb4,component=AsyncLoggerRingBuffer'
TRACE StatusLogger Unregistering but no MBeans found matching 'org.apache.logging.log4j2:type=330bedb4,component=Loggers,name=*,subtype=RingBuffer'
DEBUG StatusLogger Registering MBean org.apache.logging.log4j2:type=330bedb4
DEBUG StatusLogger Registering MBean org.apache.logging.log4j2:type=330bedb4,component=StatusLogger
DEBUG StatusLogger Registering MBean org.apache.logging.log4j2:type=330bedb4,component=ContextSelector
DEBUG StatusLogger Registering MBean org.apache.logging.log4j2:type=330bedb4,component=Loggers,name=org.apache.hadoop.hive.ql.optimizer.SharedWorkOptimizer
DEBUG StatusLogger Registering MBean org.apache.logging.log4j2:type=330bedb4,component=Loggers,name=DataNucleus
DEBUG StatusLogger Registering MBean org.apache.logging.log4j2:type=330bedb4,component=Loggers,name=org.apache.calcite.plan.RelOptPlanner
DEBUG StatusLogger Registering MBean org.apache.logging.log4j2:type=330bedb4,component=Loggers,name=org.apache.zookeeper.ClientCnxnSocket
DEBUG StatusLogger Registering MBean org.apache.logging.log4j2:type=330bedb4,component=Loggers,name=org.apache.hadoop.hive.ql.exec.Operator
DEBUG StatusLogger Registering MBean org.apache.logging.log4j2:type=330bedb4,component=Loggers,name=org.apache.hadoop.conf.Configuration
DEBUG StatusLogger Registering MBean org.apache.logging.log4j2:type=330bedb4,component=Loggers,name=org.apache.hadoop.hdfs
DEBUG StatusLogger Registering MBean org.apache.logging.log4j2:type=330bedb4,component=Loggers,name=org.apache.hadoop.metrics2
DEBUG StatusLogger Registering MBean org.apache.logging.log4j2:type=330bedb4,component=Loggers,name=org.apache.zookeeper.ClientCnxn
DEBUG StatusLogger Registering MBean org.apache.logging.log4j2:type=330bedb4,component=Loggers,name=org.apache.tez
DEBUG StatusLogger Registering MBean org.apache.logging.log4j2:type=330bedb4,component=Loggers,name=org.apache.zookeeper.server.NIOServerCnxn
DEBUG StatusLogger Registering MBean org.apache.logging.log4j2:type=330bedb4,component=Loggers,name=org.eclipse.jetty
DEBUG StatusLogger Registering MBean org.apache.logging.log4j2:type=330bedb4,component=Loggers,name=BlockStateChange
DEBUG StatusLogger Registering MBean org.apache.logging.log4j2:type=330bedb4,component=Loggers,name=org.apache.hadoop.hdfs.server
DEBUG StatusLogger Registering MBean org.apache.logging.log4j2:type=330bedb4,component=Loggers,name=org.apache.hadoop.hive.serde2.lazy
DEBUG StatusLogger Registering MBean org.apache.logging.log4j2:type=330bedb4,component=Loggers,name=org.apache.zookeeper
DEBUG StatusLogger Registering MBean org.apache.logging.log4j2:type=330bedb4,component=Loggers,name=org.apache.hadoop.yarn.server
DEBUG StatusLogger Registering MBean org.apache.logging.log4j2:type=330bedb4,component=Loggers,name=com.amazonaws
DEBUG StatusLogger Registering MBean org.apache.logging.log4j2:type=330bedb4,component=Loggers,name=org.apache.thrift
DEBUG StatusLogger Registering MBean org.apache.logging.log4j2:type=330bedb4,component=Loggers,name=org.apache.hadoop.security
DEBUG StatusLogger Registering MBean org.apache.logging.log4j2:type=330bedb4,component=Loggers,name=JPOX
DEBUG StatusLogger Registering MBean org.apache.logging.log4j2:type=330bedb4,component=Loggers,name=org.apache.http
DEBUG StatusLogger Registering MBean org.apache.logging.log4j2:type=330bedb4,component=Loggers,name=Datastore
DEBUG StatusLogger Registering MBean org.apache.logging.log4j2:type=330bedb4,component=Loggers,name=org.apache.hadoop.hive.metastore.ObjectStore
DEBUG StatusLogger Registering MBean org.apache.logging.log4j2:type=330bedb4,component=Loggers,name=org.apache.hadoop.yarn
DEBUG StatusLogger Registering MBean org.apache.logging.log4j2:type=330bedb4,component=Loggers,name=org.apache.zookeeper.ClientCnxnSocketNIO
DEBUG StatusLogger Registering MBean org.apache.logging.log4j2:type=330bedb4,component=Loggers,name=org.apache.zookeeper.server.ServerCnxn
DEBUG StatusLogger Registering MBean org.apache.logging.log4j2:type=330bedb4,component=Loggers,name=
DEBUG StatusLogger Registering MBean org.apache.logging.log4j2:type=330bedb4,component=Loggers,name=org.mortbay
DEBUG StatusLogger Registering MBean org.apache.logging.log4j2:type=330bedb4,component=Loggers,name=org.apache.hadoop.ipc
DEBUG StatusLogger Registering MBean org.apache.logging.log4j2:type=330bedb4,component=Appenders,name=console
DEBUG StatusLogger Registering MBean org.apache.logging.log4j2:type=330bedb4,component=Appenders,name=DRFA
TRACE StatusLogger Using default SystemClock for timestamps.
DEBUG StatusLogger org.apache.logging.log4j.core.util.SystemClock does not support precise timestamps.
TRACE StatusLogger Using DummyNanoClock for nanosecond timestamps.
DEBUG StatusLogger Reconfiguration complete for context[name=330bedb4] at URI /home/alex/Repositories/hive/beeline/target/testconf/hive-log4j2.properties (org.apache.logging.log4j.core.LoggerContext@6fa51cd4) with optional ClassLoader: null
DEBUG StatusLogger Shutdown hook enabled. Registering a new one.
DEBUG StatusLogger LoggerContext[name=330bedb4, org.apache.logging.log4j.core.LoggerContext@6fa51cd4] started OK.
2024-04-24T08:13:05,974  INFO [main] conf.HiveConf: Found configuration file file:/home/alex/Repositories/hive/beeline/target/test-classes/hive-site.xml
DEBUG StatusLogger AsyncLogger.ThreadNameStrategy=UNCACHED (user specified null, default is UNCACHED)
TRACE StatusLogger Using default SystemClock for timestamps.
DEBUG StatusLogger org.apache.logging.log4j.core.util.SystemClock does not support precise timestamps.
2024-04-24T08:13:06,409  WARN [main] util.NativeCodeLoader: Unable to load native-hadoop library for your platform... using builtin-java classes where applicable
2024-04-24T08:13:06,468  WARN [main] conf.HiveConf: HiveConf of name hive.dummyparam.test.server.specific.config.metastoresite does not exist
2024-04-24T08:13:06,468  WARN [main] conf.HiveConf: HiveConf of name hive.dummyparam.test.server.specific.config.override does not exist
Connecting to jdbc:hive2://
2024-04-24T08:13:06,842  WARN [main] conf.HiveConf: HiveConf of name hive.dummyparam.test.server.specific.config.override does not exist
2024-04-24T08:13:06,843  WARN [main] conf.HiveConf: HiveConf of name hive.dummyparam.test.server.specific.config.hiveserver2site does not exist
2024-04-24T08:13:06,843  WARN [main] conf.HiveConf: HiveConf of name hive.dummyparam.test.server.specific.config.metastoresite does not exist
Hive Session ID = 21cea840-2ea5-4037-8b6d-373b3c8e5c56
2024-04-24T08:13:06,885  INFO [main] SessionState: Hive Session ID = 21cea840-2ea5-4037-8b6d-373b3c8e5c56
ivysettings.xml file not found in HIVE_HOME or HIVE_CONF_DIR,/home/alex/Repositories/hive/conf/ivysettings.xml will be used
2024-04-24T08:13:06,901  INFO [main] DependencyResolver: ivysettings.xml file not found in HIVE_HOME or HIVE_CONF_DIR,/home/alex/Repositories/hive/conf/ivysettings.xml will be used
2024-04-24T08:13:07,195  INFO [main] session.SessionState: Created HDFS directory: /tmp/hive/alex/21cea840-2ea5-4037-8b6d-373b3c8e5c56
2024-04-24T08:13:07,198  INFO [main] session.SessionState: Created local directory: /home/alex/Repositories/hive/beeline/target/tmp/alex/21cea840-2ea5-4037-8b6d-373b3c8e5c56
2024-04-24T08:13:07,201  INFO [main] session.SessionState: Created HDFS directory: /tmp/hive/alex/21cea840-2ea5-4037-8b6d-373b3c8e5c56/_tmp_space.db
2024-04-24T08:13:07,225  INFO [main] sqlstd.SQLStdHiveAccessController: Created SQLStdHiveAccessController for session context : HiveAuthzSessionContext [sessionString=21cea840-2ea5-4037-8b6d-373b3c8e5c56, clientType=HIVESERVER2]
2024-04-24T08:13:07,326  INFO [main] metastore.HiveMetaStoreClient: HMS client filtering is enabled.
2024-04-24T08:13:07,467  INFO [main] metastore.HMSHandler: 0: Opening raw store with implementation class:org.apache.hadoop.hive.metastore.ObjectStore
2024-04-24T08:13:07,506  INFO [main] metastore.PersistenceManagerProvider: Configuration datanucleus.autoStartMechanismMode is not set. Defaulting to 'ignored'
2024-04-24T08:13:07,514  INFO [main] metastore.PersistenceManagerProvider: Updating the pmf due to property change
2024-04-24T08:13:07,514  INFO [main] metastore.PersistenceManagerProvider: Current pmf properties are uninitialized
2024-04-24T08:13:07,535  WARN [main] hikari.HikariConfig: HikariPool-1 - leakDetectionThreshold is less than 2000ms or more than maxLifetime, disabling it.
2024-04-24T08:13:07,541  INFO [main] hikari.HikariDataSource: HikariPool-1 - Starting...
2024-04-24T08:13:07,824  INFO [main] pool.PoolBase: HikariPool-1 - Driver does not support get/set network timeout for connections. (Feature not implemented: No details.)
2024-04-24T08:13:07,828  INFO [main] hikari.HikariDataSource: HikariPool-1 - Start completed.
2024-04-24T08:13:08,355  INFO [main] metastore.PersistenceManagerProvider: Setting MetaStore object pin classes with hive.metastore.cache.pinobjtypes="Table,StorageDescriptor,SerDeInfo,Partition,Database,Type,FieldSchema,Order"
2024-04-24T08:13:08,355  INFO [main] metastore.ObjectStore: RawStore: org.apache.hadoop.hive.metastore.ObjectStore@4a163575, with PersistenceManager: null will be shutdown
2024-04-24T08:13:08,379  INFO [main] metastore.ObjectStore: RawStore: org.apache.hadoop.hive.metastore.ObjectStore@4a163575, with PersistenceManager: org.datanucleus.api.jdo.JDOPersistenceManager@2f4c2cd4 created in the thread with id: 1
2024-04-24T08:13:10,256  WARN [main] metastore.ObjectStore: Version information not found in metastore. metastore.schema.verification is not enabled so recording the schema version 4.0.0
2024-04-24T08:13:10,256  WARN [main] metastore.ObjectStore: setMetaStoreSchemaVersion called but recording version is disabled: version = 4.0.0, comment = Set by MetaStore alex@127.0.1.1
2024-04-24T08:13:10,256  INFO [main] metastore.HMSHandler: Created RawStore: org.apache.hadoop.hive.metastore.ObjectStore@4a163575 from thread id: 1
2024-04-24T08:13:10,353  INFO [main] metastore.HMSHandler: Added admin role in metastore
2024-04-24T08:13:10,356  INFO [main] metastore.HMSHandler: Added public role in metastore
2024-04-24T08:13:10,387  INFO [main] metastore.HMSHandler: No user is added in admin role, since config is empty
2024-04-24T08:13:10,392  INFO [main] metastore.HMSHandler: Scheduling for org.apache.hadoop.hive.metastore.RuntimeStatsCleanerTask service with frequency 3600000ms.
2024-04-24T08:13:10,393  INFO [main] metastore.HMSHandler: Scheduling for org.apache.hadoop.hive.metastore.ScheduledQueryExecutionsMaintTask service with frequency 60000ms.
2024-04-24T08:13:10,394  INFO [main] metastore.HMSHandler: Scheduling for org.apache.hadoop.hive.metastore.ReplicationMetricsMaintTask service with frequency 86400000ms.
2024-04-24T08:13:10,417  WARN [main] hikari.HikariConfig: HikariPool-2 - leakDetectionThreshold is less than 2000ms or more than maxLifetime, disabling it.
2024-04-24T08:13:10,419  INFO [main] hikari.HikariDataSource: HikariPool-2 - Starting...
2024-04-24T08:13:10,421  INFO [main] pool.PoolBase: HikariPool-2 - Driver does not support get/set network timeout for connections. (Feature not implemented: No details.)
2024-04-24T08:13:10,421  INFO [main] hikari.HikariDataSource: HikariPool-2 - Start completed.
2024-04-24T08:13:10,424  WARN [main] hikari.HikariConfig: HikariPool-3 - leakDetectionThreshold is less than 2000ms or more than maxLifetime, disabling it.
2024-04-24T08:13:10,427  INFO [main] hikari.HikariDataSource: HikariPool-3 - Starting...
2024-04-24T08:13:10,429  INFO [main] pool.PoolBase: HikariPool-3 - Driver does not support get/set network timeout for connections. (Feature not implemented: No details.)
2024-04-24T08:13:10,430  INFO [main] hikari.HikariDataSource: HikariPool-3 - Start completed.
2024-04-24T08:13:10,435  INFO [main] metastore.HMSHandler: Scheduling for org.apache.hadoop.hive.metastore.metrics.AcidMetricService service with frequency 300000ms.
2024-04-24T08:13:10,436  INFO [main] metastore.HMSHandler: Scheduling for org.apache.hadoop.hive.metastore.events.EventCleanerTask service with frequency 0ms.
2024-04-24T08:13:10,440  INFO [main] metastore.HMSHandler: Scheduling for org.apache.hadoop.hive.metastore.HiveProtoEventsCleanerTask service with frequency 86400000ms.
2024-04-24T08:13:10,443  INFO [main] metastore.HMSHandler: HMS server filtering is disabled by configuration
2024-04-24T08:13:10,596  INFO [main] metastore.RetryingMetaStoreClient: RetryingMetaStoreClient proxy=class org.apache.hadoop.hive.ql.metadata.SessionHiveMetaStoreClient ugi=alex (auth:SIMPLE) retries=1 delay=1 lifetime=0
2024-04-24T08:13:11,445  WARN [main] exec.FunctionRegistry: UDF Class org.apache.datasketches.hive.theta.EstimateSketchUDF does not have description. Please annotate the class with the org.apache.hadoop.hive.ql.exec.Description annotation and provide the description of the function.
2024-04-24T08:13:11,446  WARN [main] exec.FunctionRegistry: UDF Class org.apache.datasketches.hive.theta.ExcludeSketchUDF does not have description. Please annotate the class with the org.apache.hadoop.hive.ql.exec.Description annotation and provide the description of the function.
2024-04-24T08:13:11,446  WARN [main] exec.FunctionRegistry: UDF Class org.apache.datasketches.hive.theta.IntersectSketchUDF does not have description. Please annotate the class with the org.apache.hadoop.hive.ql.exec.Description annotation and provide the description of the function.
2024-04-24T08:13:11,447  WARN [main] exec.FunctionRegistry: UDF Class org.apache.datasketches.hive.theta.UnionSketchUDF does not have description. Please annotate the class with the org.apache.hadoop.hive.ql.exec.Description annotation and provide the description of the function.
2024-04-24T08:13:11,458  WARN [main] exec.FunctionRegistry: UDF Class org.apache.datasketches.hive.hll.UnionSketchUDF does not have description. Please annotate the class with the org.apache.hadoop.hive.ql.exec.Description annotation and provide the description of the function.
2024-04-24T08:13:11,460  WARN [main] exec.FunctionRegistry: UDF Class org.apache.datasketches.hive.cpc.UnionSketchUDF does not have description. Please annotate the class with the org.apache.hadoop.hive.ql.exec.Description annotation and provide the description of the function.
2024-04-24T08:13:11,466  WARN [main] exec.FunctionRegistry: UDF Class org.apache.datasketches.hive.tuple.ArrayOfDoublesSketchToValuesUDTF does not have description. Please annotate the class with the org.apache.hadoop.hive.ql.exec.Description annotation and provide the description of the function.
2024-04-24T08:13:11,553  INFO [main] service.CompositeService: Operation log root directory is created: /home/alex/Repositories/hive/beeline/target/tmp/alex/operation_logs
2024-04-24T08:13:11,555  INFO [main] service.CompositeService: HiveServer2: Background operation thread pool size: 100
2024-04-24T08:13:11,555  INFO [main] service.CompositeService: HiveServer2: Background operation thread wait queue size: 100
2024-04-24T08:13:11,555  INFO [main] service.CompositeService: HiveServer2: Background operation thread keepalive time: 10 seconds
2024-04-24T08:13:11,556  INFO [main] service.CompositeService: Connections limit are user: 0 ipaddress: 0 user-ipaddress: 0
2024-04-24T08:13:11,559  INFO [main] cleanup.EventualCleanupService: EventualCleanupService started with 10 threads and queue of size 10000
2024-04-24T08:13:11,566  INFO [main] service.AbstractService: Service:OperationManager is inited.
DEBUG StatusLogger Building Plugin[name=appender, class=org.apache.hadoop.hive.ql.log.NullAppender].
DEBUG StatusLogger createNullAppender()
DEBUG StatusLogger PluginManager 'Converter' found 46 plugins
DEBUG StatusLogger Starting OutputStreamManager SYSTEM_OUT.false.false-2
DEBUG StatusLogger Log4j2 ConfigurationScheduler starting 2 threads
DEBUG StatusLogger Building Plugin[name=appender, class=org.apache.hadoop.hive.ql.log.NullAppender].
DEBUG StatusLogger createNullAppender()
DEBUG StatusLogger PluginManager 'Converter' found 46 plugins
DEBUG StatusLogger Starting OutputStreamManager SYSTEM_OUT.false.false-3
2024-04-24T08:13:11,580  INFO [main] service.AbstractService: Service:SessionManager is inited.
2024-04-24T08:13:11,580  INFO [main] service.AbstractService: Service:CLIService is inited.
2024-04-24T08:13:11,581  INFO [main] service.AbstractService: Service:OperationManager is started.
2024-04-24T08:13:11,581  INFO [main] service.AbstractService: Service:SessionManager is started.
2024-04-24T08:13:11,582  INFO [main] service.AbstractService: Service:CLIService is started.
2024-04-24T08:13:11,583  INFO [main] service.AbstractService: Service:ThriftBinaryCLIService is inited.
2024-04-24T08:13:11,585  INFO [main] thrift.ThriftCLIService: Client protocol version: HIVE_CLI_SERVICE_PROTOCOL_V10
2024-04-24T08:13:11,590  INFO [main] thrift.ThriftCLIService: Creating Hive session handle for user [null] from IP null
ivysettings.xml file not found in HIVE_HOME or HIVE_CONF_DIR,/home/alex/Repositories/hive/conf/ivysettings.xml will be used
2024-04-24T08:13:11,597  INFO [main] DependencyResolver: ivysettings.xml file not found in HIVE_HOME or HIVE_CONF_DIR,/home/alex/Repositories/hive/conf/ivysettings.xml will be used
2024-04-24T08:13:11,606  INFO [main] session.SessionState: Created HDFS directory: /tmp/hive/alex/9382b8ad-adc6-40f2-8f22-233051675511
2024-04-24T08:13:11,610  INFO [main] session.SessionState: Created local directory: /home/alex/Repositories/hive/beeline/target/tmp/alex/9382b8ad-adc6-40f2-8f22-233051675511
2024-04-24T08:13:11,614  INFO [main] session.SessionState: Created HDFS directory: /tmp/hive/alex/9382b8ad-adc6-40f2-8f22-233051675511/_tmp_space.db
2024-04-24T08:13:11,617  INFO [main] session.SessionState: Reloading auxiliary JAR files
2024-04-24T08:13:11,617  WARN [main] session.SessionState: Configuration hive.reloadable.aux.jars.path not specified
2024-04-24T08:13:11,619  INFO [main] metastore.HiveMetaStoreClient: HMS client filtering is enabled.
2024-04-24T08:13:11,620  INFO [main] metastore.PersistenceManagerProvider: Configuration datanucleus.autoStartMechanismMode is not set. Defaulting to 'ignored'
2024-04-24T08:13:11,623  INFO [main] metastore.ObjectStore: RawStore: org.apache.hadoop.hive.metastore.ObjectStore@4a163575, with PersistenceManager: org.datanucleus.api.jdo.JDOPersistenceManager@2f4c2cd4 will be shutdown
2024-04-24T08:13:11,624  INFO [main] metastore.ObjectStore: RawStore: org.apache.hadoop.hive.metastore.ObjectStore@4a163575, with PersistenceManager: org.datanucleus.api.jdo.JDOPersistenceManager@25974207 created in the thread with id: 1
2024-04-24T08:13:11,630  INFO [main] metastore.HMSHandler: HMS server filtering is disabled by configuration
2024-04-24T08:13:11,631  INFO [main] metastore.RetryingMetaStoreClient: RetryingMetaStoreClient proxy=class org.apache.hadoop.hive.ql.metadata.SessionHiveMetaStoreClient ugi=alex (auth:SIMPLE) retries=1 delay=1 lifetime=0
2024-04-24T08:13:11,634  INFO [main] HiveMetaStore.audit: ugi=alex	ip=unknown-ip-addr	cmd=get_all_functions	
2024-04-24T08:13:11,660  INFO [main] HiveMetaStore.audit: ugi=alex	ip=unknown-ip-addr	cmd=Cleaning up thread local RawStore...	
2024-04-24T08:13:11,660  INFO [main] metastore.ObjectStore: RawStore: org.apache.hadoop.hive.metastore.ObjectStore@4a163575, with PersistenceManager: org.datanucleus.api.jdo.JDOPersistenceManager@25974207 will be shutdown
2024-04-24T08:13:11,660  INFO [main] HiveMetaStore.audit: ugi=alex	ip=unknown-ip-addr	cmd=Done cleaning up thread local RawStore	
2024-04-24T08:13:11,661  INFO [main] metastore.HiveMetaStoreClient: Closed a connection to metastore, current connections: -1
2024-04-24T08:13:11,662  INFO [main] session.HiveSessionImpl: Operation log session directory is created: /home/alex/Repositories/hive/beeline/target/tmp/alex/operation_logs/9382b8ad-adc6-40f2-8f22-233051675511
2024-04-24T08:13:11,666  INFO [main] service.CompositeService: Session opened, SessionHandle [9382b8ad-adc6-40f2-8f22-233051675511], current sessions:1
2024-04-24T08:13:11,670  INFO [main] thrift.ThriftCLIService: Login attempt is successful for user : null
Connected to: Apache Hive (version 4.0.0-SNAPSHOT)
Error: Couldn't load manifest attributes. (state=,code=0)
Transaction isolation: TRANSACTION_REPEATABLE_READ
2024-04-24T08:13:11,839  WARN [main] conf.HiveConf: HiveConf of name hive.dummyparam.test.server.specific.config.metastoresite does not exist
2024-04-24T08:13:11,839  WARN [main] conf.HiveConf: HiveConf of name hive.dummyparam.test.server.specific.config.override does not exist
2024-04-24T08:13:11,840  WARN [main] conf.HiveConf: HiveConf of name hive.dummyparam.test.server.specific.config.hiveserver2site does not exist
2024-04-24T08:13:11,845  INFO [9382b8ad-adc6-40f2-8f22-233051675511 main] session.HiveSessionImpl: executing set
2024-04-24T08:13:11,876  INFO [9382b8ad-adc6-40f2-8f22-233051675511 main] operation.HiveCommandOperation: Putting temp output to file /home/alex/Repositories/hive/beeline/target/tmp/alex/9382b8ad-adc6-40f2-8f22-2330516755118860887906189548358.pipeout and error output to file /home/alex/Repositories/hive/beeline/target/tmp/alex/9382b8ad-adc6-40f2-8f22-2330516755118276953578068337819.pipeout
2024-04-24T08:13:11,877  INFO [9382b8ad-adc6-40f2-8f22-233051675511 main] operation.OperationManager: Adding operation: OperationHandle [opType=EXECUTE_STATEMENT, getHandleIdentifier()=a48cecfe-2aa9-4656-a077-6bf98d903fce] SessionHandle [9382b8ad-adc6-40f2-8f22-233051675511]
2024-04-24T08:13:11,885  INFO [9382b8ad-adc6-40f2-8f22-233051675511 main] common.LogUtils: Thread context registration is done.
DEBUG StatusLogger Building Plugin[name=filter, class=org.apache.hadoop.hive.ql.log.LogDivertAppender$NameFilter].
DEBUG StatusLogger createFilter(loggingLevel="EXECUTION")
DEBUG StatusLogger Building Plugin[name=layout, class=org.apache.logging.log4j.core.layout.PatternLayout].
DEBUG StatusLogger PatternLayout$Builder(alwaysWriteExceptions="null", Replace=null, disableAnsi="null", noConsoleNoAnsi="null", Configuration(HiveLog4j2Test), footer="null", PatternSelector=null, header="null", charset="null", pattern="%-5p : %m%n")
DEBUG StatusLogger Building Plugin[name=appender, class=org.apache.hadoop.hive.ql.log.HushableRandomAccessFileAppender].
DEBUG StatusLogger createAppender(fileName="/home/alex/Repositories/hive/beeline/target/tmp/alex/operation_logs/9382b8ad-adc6-40f2-8f22-233051675511/alex_20240424081311_d4887b27-b6fa-4180-8793-a6a410219dae", append="null", name="query-file-appender", immediateFlush="null", bufferSize="null", ignoreExceptions="null", PatternLayout(org.apache.logging.log4j.core.layout.PatternLayout with name PatternLayout), NameFilter(org.apache.hadoop.hive.ql.log.LogDivertAppender$NameFilter with name NameFilter), advertise="null", advertiseURI="null", Configuration(HiveLog4j2Test))
DEBUG StatusLogger Starting RandomAccessFileManager /home/alex/Repositories/hive/beeline/target/tmp/alex/operation_logs/9382b8ad-adc6-40f2-8f22-233051675511/alex_20240424081311_d4887b27-b6fa-4180-8793-a6a410219dae
DEBUG StatusLogger Building Plugin[name=, class=org.apache.hadoop.hive.ql.log.LogDivertAppenderForTest$TestFilter].
DEBUG StatusLogger createFilter()
DEBUG StatusLogger Building Plugin[name=, class=org.apache.logging.log4j.core.layout.PatternLayout].
DEBUG StatusLogger PatternLayout$Builder(alwaysWriteExceptions="null", charset="null", noConsoleNoAnsi="null", header="null", footer="null", PatternSelector=null, Configuration(HiveLog4j2Test), disableAnsi="null", pattern="%-5p : %m%n", Replace=null)
DEBUG StatusLogger Building Plugin[name=appender, class=org.apache.hadoop.hive.ql.log.HushableRandomAccessFileAppender].
DEBUG StatusLogger createAppender(fileName="/home/alex/Repositories/hive/beeline/target/tmp/alex/operation_logs/9382b8ad-adc6-40f2-8f22-233051675511/alex_20240424081311_d4887b27-b6fa-4180-8793-a6a410219dae.test", append="null", name="test-query-file-appender", immediateFlush="null", bufferSize="null", ignoreExceptions="null", PatternLayout(org.apache.logging.log4j.core.layout.PatternLayout with name PatternLayout), test-filter(org.apache.hadoop.hive.ql.log.LogDivertAppenderForTest$TestFilter with name test-filter), advertise="null", advertiseURI="null", Configuration(HiveLog4j2Test))
DEBUG StatusLogger Starting RandomAccessFileManager /home/alex/Repositories/hive/beeline/target/tmp/alex/operation_logs/9382b8ad-adc6-40f2-8f22-233051675511/alex_20240424081311_d4887b27-b6fa-4180-8793-a6a410219dae.test
2024-04-24T08:13:11,906  INFO [9382b8ad-adc6-40f2-8f22-233051675511 main] operation.HiveCommandOperation: [opType=EXECUTE_STATEMENT, queryId=alex_20240424081311_d4887b27-b6fa-4180-8793-a6a410219dae, startTime=1713971591869, sessionId=9382b8ad-adc6-40f2-8f22-233051675511, createTime=1713971591593, userName=null, ipAddress=null]
2024-04-24T08:13:12,061  INFO [9382b8ad-adc6-40f2-8f22-233051675511 main] common.LogUtils: Unregistered logging context.
2024-04-24T08:13:12,117  INFO [9382b8ad-adc6-40f2-8f22-233051675511 main] operation.OperationManager: Closing operation: OperationHandle [opType=EXECUTE_STATEMENT, getHandleIdentifier()=a48cecfe-2aa9-4656-a077-6bf98d903fce]
2024-04-24T08:13:12,117  INFO [9382b8ad-adc6-40f2-8f22-233051675511 main] operation.OperationManager: Removed queryId: alex_20240424081311_d4887b27-b6fa-4180-8793-a6a410219dae corresponding to operation: OperationHandle [opType=EXECUTE_STATEMENT, getHandleIdentifier()=a48cecfe-2aa9-4656-a077-6bf98d903fce] with tag: null
2024-04-24T08:13:12,119  INFO [9382b8ad-adc6-40f2-8f22-233051675511 main] operation.HiveCommandOperation: Closing operation log /home/alex/Repositories/hive/beeline/target/tmp/alex/operation_logs/9382b8ad-adc6-40f2-8f22-233051675511/alex_20240424081311_d4887b27-b6fa-4180-8793-a6a410219dae without delay
hive> create database if not exists test;
2024-04-24T08:13:12,176  INFO [9382b8ad-adc6-40f2-8f22-233051675511 main] session.HiveSessionImpl: executing create database if not exists test
2024-04-24T08:13:12,181  INFO [9382b8ad-adc6-40f2-8f22-233051675511 main] operation.OperationManager: Adding operation: OperationHandle [opType=EXECUTE_STATEMENT, getHandleIdentifier()=ac985cf5-2508-4dab-9aa9-193cf65ee116] SessionHandle [9382b8ad-adc6-40f2-8f22-233051675511]
2024-04-24T08:13:12,182  INFO [9382b8ad-adc6-40f2-8f22-233051675511 main] common.LogUtils: Thread context registration is done.
DEBUG StatusLogger Building Plugin[name=filter, class=org.apache.hadoop.hive.ql.log.LogDivertAppender$NameFilter].
DEBUG StatusLogger createFilter(loggingLevel="EXECUTION")
DEBUG StatusLogger Building Plugin[name=layout, class=org.apache.logging.log4j.core.layout.PatternLayout].
DEBUG StatusLogger PatternLayout$Builder(charset="null", Configuration(HiveLog4j2Test), header="null", pattern="%-5p : %m%n", Replace=null, footer="null", noConsoleNoAnsi="null", disableAnsi="null", PatternSelector=null, alwaysWriteExceptions="null")
DEBUG StatusLogger Building Plugin[name=appender, class=org.apache.hadoop.hive.ql.log.HushableRandomAccessFileAppender].
DEBUG StatusLogger createAppender(fileName="/home/alex/Repositories/hive/beeline/target/tmp/alex/operation_logs/9382b8ad-adc6-40f2-8f22-233051675511/alex_20240424081312_3c53c639-5368-4e4d-ba35-82e1d77e0fc1", append="null", name="query-file-appender", immediateFlush="null", bufferSize="null", ignoreExceptions="null", PatternLayout(org.apache.logging.log4j.core.layout.PatternLayout with name PatternLayout), NameFilter(org.apache.hadoop.hive.ql.log.LogDivertAppender$NameFilter with name NameFilter), advertise="null", advertiseURI="null", Configuration(HiveLog4j2Test))
DEBUG StatusLogger Starting RandomAccessFileManager /home/alex/Repositories/hive/beeline/target/tmp/alex/operation_logs/9382b8ad-adc6-40f2-8f22-233051675511/alex_20240424081312_3c53c639-5368-4e4d-ba35-82e1d77e0fc1
DEBUG StatusLogger Building Plugin[name=, class=org.apache.hadoop.hive.ql.log.LogDivertAppenderForTest$TestFilter].
DEBUG StatusLogger createFilter()
DEBUG StatusLogger Building Plugin[name=, class=org.apache.logging.log4j.core.layout.PatternLayout].
DEBUG StatusLogger PatternLayout$Builder(alwaysWriteExceptions="null", footer="null", header="null", PatternSelector=null, pattern="%-5p : %m%n", noConsoleNoAnsi="null", disableAnsi="null", charset="null", Configuration(HiveLog4j2Test), Replace=null)
DEBUG StatusLogger Building Plugin[name=appender, class=org.apache.hadoop.hive.ql.log.HushableRandomAccessFileAppender].
DEBUG StatusLogger createAppender(fileName="/home/alex/Repositories/hive/beeline/target/tmp/alex/operation_logs/9382b8ad-adc6-40f2-8f22-233051675511/alex_20240424081312_3c53c639-5368-4e4d-ba35-82e1d77e0fc1.test", append="null", name="test-query-file-appender", immediateFlush="null", bufferSize="null", ignoreExceptions="null", PatternLayout(org.apache.logging.log4j.core.layout.PatternLayout with name PatternLayout), test-filter(org.apache.hadoop.hive.ql.log.LogDivertAppenderForTest$TestFilter with name test-filter), advertise="null", advertiseURI="null", Configuration(HiveLog4j2Test))
DEBUG StatusLogger Starting RandomAccessFileManager /home/alex/Repositories/hive/beeline/target/tmp/alex/operation_logs/9382b8ad-adc6-40f2-8f22-233051675511/alex_20240424081312_3c53c639-5368-4e4d-ba35-82e1d77e0fc1.test
2024-04-24T08:13:12,191  INFO [9382b8ad-adc6-40f2-8f22-233051675511 main] operation.SQLOperation: [opType=EXECUTE_STATEMENT, queryId=alex_20240424081312_3c53c639-5368-4e4d-ba35-82e1d77e0fc1, startTime=1713971592178, sessionId=9382b8ad-adc6-40f2-8f22-233051675511, createTime=1713971591593, userName=null, ipAddress=null]
2024-04-24T08:13:12,308  INFO [9382b8ad-adc6-40f2-8f22-233051675511 main] ql.Driver: Compiling command(queryId=alex_20240424081312_3c53c639-5368-4e4d-ba35-82e1d77e0fc1): create database if not exists test
2024-04-24T08:13:12,311  WARN [Metastore-RuntimeStats-Loader-1] conf.HiveConf: HiveConf of name hive.dummyparam.test.server.specific.config.hiveserver2site does not exist
2024-04-24T08:13:12,312  WARN [Metastore-RuntimeStats-Loader-1] conf.HiveConf: HiveConf of name hive.dummyparam.test.server.specific.config.override does not exist
2024-04-24T08:13:12,313  WARN [Metastore-RuntimeStats-Loader-1] conf.HiveConf: HiveConf of name hive.dummyparam.test.server.specific.config.metastoresite does not exist
2024-04-24T08:13:12,316  INFO [Metastore-RuntimeStats-Loader-1] metastore.HiveMetaStoreClient: HMS client filtering is enabled.
2024-04-24T08:13:12,317  INFO [Metastore-RuntimeStats-Loader-1] metastore.HMSHandler: 1: Opening raw store with implementation class:org.apache.hadoop.hive.metastore.ObjectStore
2024-04-24T08:13:12,317  INFO [Metastore-RuntimeStats-Loader-1] metastore.PersistenceManagerProvider: Configuration datanucleus.autoStartMechanismMode is not set. Defaulting to 'ignored'
2024-04-24T08:13:12,319  INFO [Metastore-RuntimeStats-Loader-1] metastore.ObjectStore: RawStore: org.apache.hadoop.hive.metastore.ObjectStore@5fe86060, with PersistenceManager: null will be shutdown
2024-04-24T08:13:12,319  INFO [Metastore-RuntimeStats-Loader-1] metastore.ObjectStore: RawStore: org.apache.hadoop.hive.metastore.ObjectStore@5fe86060, with PersistenceManager: org.datanucleus.api.jdo.JDOPersistenceManager@4537a0be created in the thread with id: 87
2024-04-24T08:13:12,327  INFO [Metastore-RuntimeStats-Loader-1] metastore.HMSHandler: Created RawStore: org.apache.hadoop.hive.metastore.ObjectStore@5fe86060 from thread id: 87
2024-04-24T08:13:12,327  INFO [Metastore-RuntimeStats-Loader-1] metastore.HMSHandler: HMS server filtering is disabled by configuration
2024-04-24T08:13:12,328  INFO [Metastore-RuntimeStats-Loader-1] metastore.RetryingMetaStoreClient: RetryingMetaStoreClient proxy=class org.apache.hadoop.hive.ql.metadata.SessionHiveMetaStoreClient ugi=alex (auth:SIMPLE) retries=1 delay=1 lifetime=0
2024-04-24T08:13:12,329  INFO [Metastore-RuntimeStats-Loader-1] HiveMetaStore.audit: ugi=alex	ip=unknown-ip-addr	cmd=get_runtime_stats	
2024-04-24T08:13:13,136  INFO [9382b8ad-adc6-40f2-8f22-233051675511 main] metastore.HMSHandler: 0: Opening raw store with implementation class:org.apache.hadoop.hive.metastore.ObjectStore
2024-04-24T08:13:13,137  INFO [9382b8ad-adc6-40f2-8f22-233051675511 main] metastore.ObjectStore: RawStore: org.apache.hadoop.hive.metastore.ObjectStore@41e9f86, with PersistenceManager: null will be shutdown
2024-04-24T08:13:13,138  INFO [9382b8ad-adc6-40f2-8f22-233051675511 main] metastore.ObjectStore: RawStore: org.apache.hadoop.hive.metastore.ObjectStore@41e9f86, with PersistenceManager: org.datanucleus.api.jdo.JDOPersistenceManager@66f5b8fe created in the thread with id: 1
2024-04-24T08:13:13,142  INFO [9382b8ad-adc6-40f2-8f22-233051675511 main] metastore.HMSHandler: Created RawStore: org.apache.hadoop.hive.metastore.ObjectStore@41e9f86 from thread id: 1
2024-04-24T08:13:13,446  INFO [9382b8ad-adc6-40f2-8f22-233051675511 main] reflections.Reflections: Reflections took 265 ms to scan 2 urls, producing 53 keys and 784 values 
2024-04-24T08:13:13,670  INFO [9382b8ad-adc6-40f2-8f22-233051675511 main] reflections.Reflections: Reflections took 163 ms to scan 2 urls, producing 53 keys and 784 values 
2024-04-24T08:13:13,840  INFO [9382b8ad-adc6-40f2-8f22-233051675511 main] reflections.Reflections: Reflections took 163 ms to scan 2 urls, producing 53 keys and 784 values 
2024-04-24T08:13:14,013  INFO [9382b8ad-adc6-40f2-8f22-233051675511 main] reflections.Reflections: Reflections took 160 ms to scan 2 urls, producing 53 keys and 784 values 
2024-04-24T08:13:14,200  INFO [9382b8ad-adc6-40f2-8f22-233051675511 main] ql.Driver: Semantic Analysis Completed (retrial = false)
2024-04-24T08:13:14,201  INFO [9382b8ad-adc6-40f2-8f22-233051675511 main] ql.Driver: Created Hive schema: Schema(fieldSchemas:null, properties:null)
2024-04-24T08:13:14,208  INFO [9382b8ad-adc6-40f2-8f22-233051675511 main] metadata.Hive: Dumping metastore api call timing information for : compilation phase
2024-04-24T08:13:14,209  INFO [9382b8ad-adc6-40f2-8f22-233051675511 main] metadata.Hive: Total time spent in each metastore function (ms): {getAllFunctions_()=26, flushCache_()=9, isCompatibleWith_(Configuration)=0}
2024-04-24T08:13:14,210  INFO [9382b8ad-adc6-40f2-8f22-233051675511 main] ql.Driver: Completed compiling command(queryId=alex_20240424081312_3c53c639-5368-4e4d-ba35-82e1d77e0fc1); Time taken: 1.903 seconds
2024-04-24T08:13:14,213  INFO [9382b8ad-adc6-40f2-8f22-233051675511 main] common.LogUtils: Unregistered logging context.
2024-04-24T08:13:14,216  INFO [HiveServer2-Background-Pool: Thread-88] common.LogUtils: Thread context registration is done.
2024-04-24T08:13:14,217  INFO [HiveServer2-Background-Pool: Thread-88] reexec.ReExecDriver: Execution #1 of query
2024-04-24T08:13:14,218  INFO [HiveServer2-Background-Pool: Thread-88] ql.Driver: Concurrency mode is disabled, not creating a lock manager
2024-04-24T08:13:14,223  INFO [HiveServer2-Background-Pool: Thread-88] ql.Driver: Executing command(queryId=alex_20240424081312_3c53c639-5368-4e4d-ba35-82e1d77e0fc1): create database if not exists test
2024-04-24T08:13:14,235  INFO [HiveServer2-Background-Pool: Thread-88] ql.Driver: Starting task [Stage-0:DDL] in serial mode
2024-04-24T08:13:14,238  INFO [HiveServer2-Background-Pool: Thread-88] sqlstd.SQLStdHiveAccessController: Created SQLStdHiveAccessController for session context : HiveAuthzSessionContext [sessionString=9382b8ad-adc6-40f2-8f22-233051675511, clientType=HIVESERVER2]
2024-04-24T08:13:14,239  WARN [HiveServer2-Background-Pool: Thread-88] exec.DDLTask: metastore.warehouse.external.dir is not set, falling back to metastore.warehouse.dir. This could cause external tables to use to managed tablespace.
2024-04-24T08:13:14,241  INFO [HiveServer2-Background-Pool: Thread-88] HiveMetaStore.audit: ugi=alex	ip=unknown-ip-addr	cmd=create_database: Database(name:test, description:null, locationUri:file:/home/alex/Repositories/hive/beeline/target/tmp/warehouse/test.db, parameters:null, ownerName:alex, ownerType:USER, catalogName:hive, type:NATIVE)	
2024-04-24T08:13:14,244  INFO [HiveServer2-Background-Pool: Thread-88] metastore.HMSHandler: 2: Opening raw store with implementation class:org.apache.hadoop.hive.metastore.ObjectStore
2024-04-24T08:13:14,246  INFO [HiveServer2-Background-Pool: Thread-88] metastore.ObjectStore: RawStore: org.apache.hadoop.hive.metastore.ObjectStore@25b2dd13, with PersistenceManager: null will be shutdown
2024-04-24T08:13:14,247  INFO [HiveServer2-Background-Pool: Thread-88] metastore.ObjectStore: RawStore: org.apache.hadoop.hive.metastore.ObjectStore@25b2dd13, with PersistenceManager: org.datanucleus.api.jdo.JDOPersistenceManager@618d00a6 created in the thread with id: 88
2024-04-24T08:13:14,254  INFO [HiveServer2-Background-Pool: Thread-88] metastore.HMSHandler: Created RawStore: org.apache.hadoop.hive.metastore.ObjectStore@25b2dd13 from thread id: 88
2024-04-24T08:13:14,260 ERROR [HiveServer2-Background-Pool: Thread-88] metastore.RetryingHMSHandler: AlreadyExistsException(message:Database test already exists)
	at org.apache.hadoop.hive.metastore.HMSHandler.create_database(HMSHandler.java:1472)
	at sun.reflect.NativeMethodAccessorImpl.invoke0(Native Method)
	at sun.reflect.NativeMethodAccessorImpl.invoke(NativeMethodAccessorImpl.java:62)
	at sun.reflect.DelegatingMethodAccessorImpl.invoke(DelegatingMethodAccessorImpl.java:43)
	at java.lang.reflect.Method.invoke(Method.java:498)
	at org.apache.hadoop.hive.metastore.RetryingHMSHandler.invokeInternal(RetryingHMSHandler.java:147)
	at org.apache.hadoop.hive.metastore.RetryingHMSHandler.invoke(RetryingHMSHandler.java:108)
	at com.sun.proxy.$Proxy40.create_database(Unknown Source)
	at org.apache.hadoop.hive.metastore.HiveMetaStoreClient.createDatabase(HiveMetaStoreClient.java:1151)
	at sun.reflect.NativeMethodAccessorImpl.invoke0(Native Method)
	at sun.reflect.NativeMethodAccessorImpl.invoke(NativeMethodAccessorImpl.java:62)
	at sun.reflect.DelegatingMethodAccessorImpl.invoke(DelegatingMethodAccessorImpl.java:43)
	at java.lang.reflect.Method.invoke(Method.java:498)
	at org.apache.hadoop.hive.metastore.RetryingMetaStoreClient.invoke(RetryingMetaStoreClient.java:218)
	at com.sun.proxy.$Proxy41.createDatabase(Unknown Source)
	at org.apache.hadoop.hive.ql.metadata.Hive.createDatabase(Hive.java:605)
	at org.apache.hadoop.hive.ql.ddl.database.create.CreateDatabaseOperation.execute(CreateDatabaseOperation.java:68)
	at org.apache.hadoop.hive.ql.ddl.DDLTask.execute(DDLTask.java:84)
	at org.apache.hadoop.hive.ql.exec.Task.executeTask(Task.java:212)
	at org.apache.hadoop.hive.ql.exec.TaskRunner.runSequential(TaskRunner.java:105)
	at org.apache.hadoop.hive.ql.Executor.launchTask(Executor.java:361)
	at org.apache.hadoop.hive.ql.Executor.launchTasks(Executor.java:334)
	at org.apache.hadoop.hive.ql.Executor.runTasks(Executor.java:245)
	at org.apache.hadoop.hive.ql.Executor.execute(Executor.java:108)
	at org.apache.hadoop.hive.ql.Driver.execute(Driver.java:348)
	at org.apache.hadoop.hive.ql.Driver.runInternal(Driver.java:204)
	at org.apache.hadoop.hive.ql.Driver.run(Driver.java:153)
	at org.apache.hadoop.hive.ql.Driver.run(Driver.java:148)
	at org.apache.hadoop.hive.ql.reexec.ReExecDriver.run(ReExecDriver.java:164)
	at org.apache.hive.service.cli.operation.SQLOperation.runQuery(SQLOperation.java:233)
	at org.apache.hive.service.cli.operation.SQLOperation.access$500(SQLOperation.java:88)
	at org.apache.hive.service.cli.operation.SQLOperation$BackgroundWork$1.run(SQLOperation.java:336)
	at java.security.AccessController.doPrivileged(Native Method)
	at javax.security.auth.Subject.doAs(Subject.java:422)
	at org.apache.hadoop.security.UserGroupInformation.doAs(UserGroupInformation.java:1682)
	at org.apache.hive.service.cli.operation.SQLOperation$BackgroundWork.run(SQLOperation.java:356)
	at java.util.concurrent.Executors$RunnableAdapter.call(Executors.java:511)
	at java.util.concurrent.FutureTask.run(FutureTask.java:266)
	at java.util.concurrent.ThreadPoolExecutor.runWorker(ThreadPoolExecutor.java:1149)
	at java.util.concurrent.ThreadPoolExecutor$Worker.run(ThreadPoolExecutor.java:624)
	at java.lang.Thread.run(Thread.java:750)

2024-04-24T08:13:14,262  INFO [HiveServer2-Background-Pool: Thread-88] metadata.Hive: Dumping metastore api call timing information for : execution phase
2024-04-24T08:13:14,262  INFO [HiveServer2-Background-Pool: Thread-88] metadata.Hive: Total time spent in each metastore function (ms): {isCompatibleWith_(Configuration)=1}
2024-04-24T08:13:14,262  INFO [HiveServer2-Background-Pool: Thread-88] ql.Driver: Completed executing command(queryId=alex_20240424081312_3c53c639-5368-4e4d-ba35-82e1d77e0fc1); Time taken: 0.038 seconds
2024-04-24T08:13:14,265  INFO [HiveServer2-Background-Pool: Thread-88] common.LogUtils: Unregistered logging context.
INFO  : Compiling command(queryId=alex_20240424081312_3c53c639-5368-4e4d-ba35-82e1d77e0fc1): create database if not exists test
INFO  : Semantic Analysis Completed (retrial = false)
INFO  : Created Hive schema: Schema(fieldSchemas:null, properties:null)
INFO  : Completed compiling command(queryId=alex_20240424081312_3c53c639-5368-4e4d-ba35-82e1d77e0fc1); Time taken: 1.903 seconds
INFO  : Concurrency mode is disabled, not creating a lock manager
INFO  : Executing command(queryId=alex_20240424081312_3c53c639-5368-4e4d-ba35-82e1d77e0fc1): create database if not exists test
INFO  : Starting task [Stage-0:DDL] in serial mode
DEBUG : Task getting executed using mapred tag : alex_20240424081312_3c53c639-5368-4e4d-ba35-82e1d77e0fc1,userid=null
INFO  : Completed executing command(queryId=alex_20240424081312_3c53c639-5368-4e4d-ba35-82e1d77e0fc1); Time taken: 0.038 seconds
DEBUG : Shutting down query create database if not exists test
2024-04-24T08:13:14,269  INFO [9382b8ad-adc6-40f2-8f22-233051675511 main] operation.OperationManager: Closing operation: OperationHandle [opType=EXECUTE_STATEMENT, getHandleIdentifier()=ac985cf5-2508-4dab-9aa9-193cf65ee116]
2024-04-24T08:13:14,269  INFO [9382b8ad-adc6-40f2-8f22-233051675511 main] operation.OperationManager: Removed queryId: alex_20240424081312_3c53c639-5368-4e4d-ba35-82e1d77e0fc1 corresponding to operation: OperationHandle [opType=EXECUTE_STATEMENT, getHandleIdentifier()=ac985cf5-2508-4dab-9aa9-193cf65ee116] with tag: null
2024-04-24T08:13:14,270  INFO [9382b8ad-adc6-40f2-8f22-233051675511 main] operation.SQLOperation: Closing operation log /home/alex/Repositories/hive/beeline/target/tmp/alex/operation_logs/9382b8ad-adc6-40f2-8f22-233051675511/alex_20240424081312_3c53c639-5368-4e4d-ba35-82e1d77e0fc1 without delay
Error: Failed to wait for operation to complete (state=08S01,code=0)
Closing: 0: jdbc:hive2://
2024-04-24T08:13:14,272  INFO [main] service.CompositeService: Session closed, SessionHandle [9382b8ad-adc6-40f2-8f22-233051675511], current sessions:0
2024-04-24T08:13:14,273  INFO [9382b8ad-adc6-40f2-8f22-233051675511 main] session.HiveSessionImpl: Operation log session directory is deleted: /home/alex/Repositories/hive/beeline/target/tmp/alex/operation_logs/9382b8ad-adc6-40f2-8f22-233051675511
2024-04-24T08:13:14,274  INFO [main] cleanup.EventualCleanupService: Delete /tmp/hive/alex/9382b8ad-adc6-40f2-8f22-233051675511 operation was queued
2024-04-24T08:13:14,274  INFO [main] cleanup.EventualCleanupService: Delete /home/alex/Repositories/hive/beeline/target/tmp/alex/9382b8ad-adc6-40f2-8f22-233051675511 operation was queued
2024-04-24T08:13:14,274  INFO [EventualCleanupService thread 1] cleanup.EventualCleanupService: Deleted /home/alex/Repositories/hive/beeline/target/tmp/alex/9382b8ad-adc6-40f2-8f22-233051675511
2024-04-24T08:13:14,274  INFO [EventualCleanupService thread 0] cleanup.EventualCleanupService: Deleted /tmp/hive/alex/9382b8ad-adc6-40f2-8f22-233051675511
2024-04-24T08:13:14,283  INFO [main] HiveMetaStore.audit: ugi=alex	ip=unknown-ip-addr	cmd=Cleaning up thread local RawStore...	
2024-04-24T08:13:14,283  INFO [main] metastore.ObjectStore: RawStore: org.apache.hadoop.hive.metastore.ObjectStore@41e9f86, with PersistenceManager: org.datanucleus.api.jdo.JDOPersistenceManager@66f5b8fe will be shutdown
2024-04-24T08:13:14,283  INFO [main] HiveMetaStore.audit: ugi=alex	ip=unknown-ip-addr	cmd=Done cleaning up thread local RawStore	
2024-04-24T08:13:14,283  INFO [main] metastore.HiveMetaStoreClient: Closed a connection to metastore, current connections: -2
]]></system-err>
  </testcase>
  <testcase name="testSourceCmd2" classname="org.apache.hive.beeline.cli.TestHiveCli" time="0.842">
    <failure type="java.lang.AssertionError"><![CDATA[java.lang.AssertionError: The expected keyword "sc3" occur in the output: 
	at org.junit.Assert.fail(Assert.java:89)
	at org.junit.Assert.assertTrue(Assert.java:42)
	at org.apache.hive.beeline.cli.TestHiveCli.verifyCMD(TestHiveCli.java:270)
	at org.apache.hive.beeline.cli.TestHiveCli.testSourceCmd2(TestHiveCli.java:122)
	at sun.reflect.NativeMethodAccessorImpl.invoke0(Native Method)
	at sun.reflect.NativeMethodAccessorImpl.invoke(NativeMethodAccessorImpl.java:62)
	at sun.reflect.DelegatingMethodAccessorImpl.invoke(DelegatingMethodAccessorImpl.java:43)
	at java.lang.reflect.Method.invoke(Method.java:498)
	at org.junit.runners.model.FrameworkMethod$1.runReflectiveCall(FrameworkMethod.java:59)
	at org.junit.internal.runners.model.ReflectiveCallable.run(ReflectiveCallable.java:12)
	at org.junit.runners.model.FrameworkMethod.invokeExplosively(FrameworkMethod.java:56)
	at org.junit.internal.runners.statements.InvokeMethod.evaluate(InvokeMethod.java:17)
	at org.junit.internal.runners.statements.RunBefores.evaluate(RunBefores.java:26)
	at org.junit.internal.runners.statements.RunAfters.evaluate(RunAfters.java:27)
	at org.junit.runners.ParentRunner$3.evaluate(ParentRunner.java:306)
	at org.junit.runners.BlockJUnit4ClassRunner$1.evaluate(BlockJUnit4ClassRunner.java:100)
	at org.junit.runners.ParentRunner.runLeaf(ParentRunner.java:366)
	at org.junit.runners.BlockJUnit4ClassRunner.runChild(BlockJUnit4ClassRunner.java:103)
	at org.junit.runners.BlockJUnit4ClassRunner.runChild(BlockJUnit4ClassRunner.java:63)
	at org.junit.runners.ParentRunner$4.run(ParentRunner.java:331)
	at org.junit.runners.ParentRunner$1.schedule(ParentRunner.java:79)
	at org.junit.runners.ParentRunner.runChildren(ParentRunner.java:329)
	at org.junit.runners.ParentRunner.access$100(ParentRunner.java:66)
	at org.junit.runners.ParentRunner$2.evaluate(ParentRunner.java:293)
	at org.junit.internal.runners.statements.RunBefores.evaluate(RunBefores.java:26)
	at org.junit.runners.ParentRunner$3.evaluate(ParentRunner.java:306)
	at org.junit.runners.ParentRunner.run(ParentRunner.java:413)
	at org.junit.runner.JUnitCore.run(JUnitCore.java:137)
	at org.junit.runner.JUnitCore.run(JUnitCore.java:115)
	at org.junit.vintage.engine.execution.RunnerExecutor.execute(RunnerExecutor.java:43)
	at java.util.stream.ForEachOps$ForEachOp$OfRef.accept(ForEachOps.java:183)
	at java.util.stream.ReferencePipeline$3$1.accept(ReferencePipeline.java:193)
	at java.util.Iterator.forEachRemaining(Iterator.java:116)
	at java.util.Spliterators$IteratorSpliterator.forEachRemaining(Spliterators.java:1801)
	at java.util.stream.AbstractPipeline.copyInto(AbstractPipeline.java:482)
	at java.util.stream.AbstractPipeline.wrapAndCopyInto(AbstractPipeline.java:472)
	at java.util.stream.ForEachOps$ForEachOp.evaluateSequential(ForEachOps.java:150)
	at java.util.stream.ForEachOps$ForEachOp$OfRef.evaluateSequential(ForEachOps.java:173)
	at java.util.stream.AbstractPipeline.evaluate(AbstractPipeline.java:234)
	at java.util.stream.ReferencePipeline.forEach(ReferencePipeline.java:485)
	at org.junit.vintage.engine.VintageTestEngine.executeAllChildren(VintageTestEngine.java:82)
	at org.junit.vintage.engine.VintageTestEngine.execute(VintageTestEngine.java:73)
	at org.junit.platform.launcher.core.DefaultLauncher.execute(DefaultLauncher.java:248)
	at org.junit.platform.launcher.core.DefaultLauncher.lambda$execute$5(DefaultLauncher.java:211)
	at org.junit.platform.launcher.core.DefaultLauncher.withInterceptedStreams(DefaultLauncher.java:226)
	at org.junit.platform.launcher.core.DefaultLauncher.execute(DefaultLauncher.java:199)
	at org.junit.platform.launcher.core.DefaultLauncher.execute(DefaultLauncher.java:132)
	at org.apache.maven.surefire.junitplatform.JUnitPlatformProvider.invokeAllTests(JUnitPlatformProvider.java:154)
	at org.apache.maven.surefire.junitplatform.JUnitPlatformProvider.invoke(JUnitPlatformProvider.java:123)
	at org.apache.maven.surefire.booter.ForkedBooter.runSuitesInProcess(ForkedBooter.java:377)
	at org.apache.maven.surefire.booter.ForkedBooter.execute(ForkedBooter.java:138)
	at org.apache.maven.surefire.booter.ForkedBooter.run(ForkedBooter.java:465)
	at org.apache.maven.surefire.booter.ForkedBooter.main(ForkedBooter.java:451)
]]></failure>
    <system-err><![CDATA[2024-04-24T08:13:14,300 ERROR [main] cli.TestHiveCli: Failed to execute command due to the error: java.lang.NullPointerException: Null output stream
2024-04-24T08:13:14,358  WARN [main] conf.HiveConf: HiveConf of name hive.dummyparam.test.server.specific.config.override does not exist
2024-04-24T08:13:14,358  WARN [main] conf.HiveConf: HiveConf of name hive.dummyparam.test.server.specific.config.hiveserver2site does not exist
2024-04-24T08:13:14,358  WARN [main] conf.HiveConf: HiveConf of name hive.dummyparam.test.server.specific.config.metastoresite does not exist
2024-04-24T08:13:14,359  INFO [main] SessionState: Hive Session ID = 38a9c046-c355-40a2-96e2-a671f77d7bfe
2024-04-24T08:13:14,360  INFO [main] DependencyResolver: ivysettings.xml file not found in HIVE_HOME or HIVE_CONF_DIR,/home/alex/Repositories/hive/conf/ivysettings.xml will be used
2024-04-24T08:13:14,368  INFO [main] session.SessionState: Created HDFS directory: /tmp/hive/alex/38a9c046-c355-40a2-96e2-a671f77d7bfe
2024-04-24T08:13:14,372  INFO [main] session.SessionState: Created local directory: /home/alex/Repositories/hive/beeline/target/tmp/alex/38a9c046-c355-40a2-96e2-a671f77d7bfe
2024-04-24T08:13:14,376  INFO [main] session.SessionState: Created HDFS directory: /tmp/hive/alex/38a9c046-c355-40a2-96e2-a671f77d7bfe/_tmp_space.db
2024-04-24T08:13:14,377  INFO [main] sqlstd.SQLStdHiveAccessController: Created SQLStdHiveAccessController for session context : HiveAuthzSessionContext [sessionString=38a9c046-c355-40a2-96e2-a671f77d7bfe, clientType=HIVESERVER2]
2024-04-24T08:13:14,378  INFO [main] metastore.HiveMetaStoreClient: HMS client filtering is enabled.
2024-04-24T08:13:14,379  INFO [main] metastore.HMSHandler: 0: Opening raw store with implementation class:org.apache.hadoop.hive.metastore.ObjectStore
2024-04-24T08:13:14,380  INFO [main] metastore.PersistenceManagerProvider: Configuration datanucleus.autoStartMechanismMode is not set. Defaulting to 'ignored'
2024-04-24T08:13:14,380  INFO [main] metastore.ObjectStore: RawStore: org.apache.hadoop.hive.metastore.ObjectStore@7761e342, with PersistenceManager: null will be shutdown
2024-04-24T08:13:14,381  INFO [main] metastore.ObjectStore: RawStore: org.apache.hadoop.hive.metastore.ObjectStore@7761e342, with PersistenceManager: org.datanucleus.api.jdo.JDOPersistenceManager@51f68849 created in the thread with id: 1
2024-04-24T08:13:14,385  INFO [main] metastore.HMSHandler: Created RawStore: org.apache.hadoop.hive.metastore.ObjectStore@7761e342 from thread id: 1
2024-04-24T08:13:14,385  INFO [main] metastore.HMSHandler: HMS server filtering is disabled by configuration
2024-04-24T08:13:14,385  INFO [main] metastore.RetryingMetaStoreClient: RetryingMetaStoreClient proxy=class org.apache.hadoop.hive.ql.metadata.SessionHiveMetaStoreClient ugi=alex (auth:SIMPLE) retries=1 delay=1 lifetime=0
2024-04-24T08:13:14,386  INFO [main] service.CompositeService: Operation log root directory is created: /home/alex/Repositories/hive/beeline/target/tmp/alex/operation_logs
2024-04-24T08:13:14,386  INFO [main] service.CompositeService: HiveServer2: Background operation thread pool size: 100
2024-04-24T08:13:14,386  INFO [main] service.CompositeService: HiveServer2: Background operation thread wait queue size: 100
2024-04-24T08:13:14,386  INFO [main] service.CompositeService: HiveServer2: Background operation thread keepalive time: 10 seconds
2024-04-24T08:13:14,386  INFO [main] service.CompositeService: Connections limit are user: 0 ipaddress: 0 user-ipaddress: 0
2024-04-24T08:13:14,388  INFO [main] cleanup.EventualCleanupService: EventualCleanupService started with 10 threads and queue of size 10000
ERROR StatusLogger Log4j2 ConfigurationScheduler attempted to increment scheduled items after start
ERROR StatusLogger Log4j2 ConfigurationScheduler attempted to increment scheduled items after start
2024-04-24T08:13:14,390  INFO [main] service.AbstractService: Service:OperationManager is inited.
2024-04-24T08:13:14,390  INFO [main] service.AbstractService: Service:SessionManager is inited.
2024-04-24T08:13:14,390  INFO [main] service.AbstractService: Service:CLIService is inited.
2024-04-24T08:13:14,390  INFO [main] service.AbstractService: Service:OperationManager is started.
2024-04-24T08:13:14,390  INFO [main] service.AbstractService: Service:SessionManager is started.
2024-04-24T08:13:14,391  INFO [main] service.AbstractService: Service:CLIService is started.
2024-04-24T08:13:14,391  INFO [main] service.AbstractService: Service:ThriftBinaryCLIService is inited.
2024-04-24T08:13:14,391  INFO [main] thrift.ThriftCLIService: Client protocol version: HIVE_CLI_SERVICE_PROTOCOL_V10
2024-04-24T08:13:14,391  INFO [main] thrift.ThriftCLIService: Creating Hive session handle for user [null] from IP null
2024-04-24T08:13:14,393  INFO [main] DependencyResolver: ivysettings.xml file not found in HIVE_HOME or HIVE_CONF_DIR,/home/alex/Repositories/hive/conf/ivysettings.xml will be used
2024-04-24T08:13:14,401  INFO [main] session.SessionState: Created HDFS directory: /tmp/hive/alex/c89c68d8-676f-4a86-ac52-e142770c75b7
2024-04-24T08:13:14,406  INFO [main] session.SessionState: Created local directory: /home/alex/Repositories/hive/beeline/target/tmp/alex/c89c68d8-676f-4a86-ac52-e142770c75b7
2024-04-24T08:13:14,410  INFO [main] session.SessionState: Created HDFS directory: /tmp/hive/alex/c89c68d8-676f-4a86-ac52-e142770c75b7/_tmp_space.db
2024-04-24T08:13:14,410  INFO [main] session.SessionState: Reloading auxiliary JAR files
2024-04-24T08:13:14,410  WARN [main] session.SessionState: Configuration hive.reloadable.aux.jars.path not specified
2024-04-24T08:13:14,410  INFO [main] HiveMetaStore.audit: ugi=alex	ip=unknown-ip-addr	cmd=Cleaning up thread local RawStore...	
2024-04-24T08:13:14,410  INFO [main] metastore.ObjectStore: RawStore: org.apache.hadoop.hive.metastore.ObjectStore@7761e342, with PersistenceManager: org.datanucleus.api.jdo.JDOPersistenceManager@51f68849 will be shutdown
2024-04-24T08:13:14,411  INFO [main] HiveMetaStore.audit: ugi=alex	ip=unknown-ip-addr	cmd=Done cleaning up thread local RawStore	
2024-04-24T08:13:14,411  INFO [main] metastore.HiveMetaStoreClient: Closed a connection to metastore, current connections: -3
2024-04-24T08:13:14,411  INFO [main] session.HiveSessionImpl: Operation log session directory is created: /home/alex/Repositories/hive/beeline/target/tmp/alex/operation_logs/c89c68d8-676f-4a86-ac52-e142770c75b7
2024-04-24T08:13:14,411  INFO [main] service.CompositeService: Session opened, SessionHandle [c89c68d8-676f-4a86-ac52-e142770c75b7], current sessions:1
2024-04-24T08:13:14,411  INFO [main] thrift.ThriftCLIService: Login attempt is successful for user : null
2024-04-24T08:13:14,471  WARN [main] conf.HiveConf: HiveConf of name hive.dummyparam.test.server.specific.config.override does not exist
2024-04-24T08:13:14,471  WARN [main] conf.HiveConf: HiveConf of name hive.dummyparam.test.server.specific.config.hiveserver2site does not exist
2024-04-24T08:13:14,471  WARN [main] conf.HiveConf: HiveConf of name hive.dummyparam.test.server.specific.config.metastoresite does not exist
2024-04-24T08:13:14,479  INFO [c89c68d8-676f-4a86-ac52-e142770c75b7 main] session.HiveSessionImpl: executing set
2024-04-24T08:13:14,480  INFO [c89c68d8-676f-4a86-ac52-e142770c75b7 main] operation.HiveCommandOperation: Putting temp output to file /home/alex/Repositories/hive/beeline/target/tmp/alex/c89c68d8-676f-4a86-ac52-e142770c75b71188186443625990927.pipeout and error output to file /home/alex/Repositories/hive/beeline/target/tmp/alex/c89c68d8-676f-4a86-ac52-e142770c75b76918508378586891197.pipeout
2024-04-24T08:13:14,481  INFO [c89c68d8-676f-4a86-ac52-e142770c75b7 main] operation.OperationManager: Adding operation: OperationHandle [opType=EXECUTE_STATEMENT, getHandleIdentifier()=a28f5ad5-a827-43b2-9edd-ec4588bea842] SessionHandle [c89c68d8-676f-4a86-ac52-e142770c75b7]
2024-04-24T08:13:14,481  INFO [c89c68d8-676f-4a86-ac52-e142770c75b7 main] common.LogUtils: Thread context registration is done.
DEBUG StatusLogger Building Plugin[name=filter, class=org.apache.hadoop.hive.ql.log.LogDivertAppender$NameFilter].
DEBUG StatusLogger createFilter(loggingLevel="EXECUTION")
DEBUG StatusLogger Building Plugin[name=layout, class=org.apache.logging.log4j.core.layout.PatternLayout].
DEBUG StatusLogger PatternLayout$Builder(Replace=null, PatternSelector=null, header="null", charset="null", alwaysWriteExceptions="null", pattern="%-5p : %m%n", Configuration(HiveLog4j2Test), noConsoleNoAnsi="null", disableAnsi="null", footer="null")
DEBUG StatusLogger Building Plugin[name=appender, class=org.apache.hadoop.hive.ql.log.HushableRandomAccessFileAppender].
DEBUG StatusLogger createAppender(fileName="/home/alex/Repositories/hive/beeline/target/tmp/alex/operation_logs/c89c68d8-676f-4a86-ac52-e142770c75b7/alex_20240424081314_d661ae03-c5a0-4293-b4b1-d4d3aff76d1e", append="null", name="query-file-appender", immediateFlush="null", bufferSize="null", ignoreExceptions="null", PatternLayout(org.apache.logging.log4j.core.layout.PatternLayout with name PatternLayout), NameFilter(org.apache.hadoop.hive.ql.log.LogDivertAppender$NameFilter with name NameFilter), advertise="null", advertiseURI="null", Configuration(HiveLog4j2Test))
DEBUG StatusLogger Starting RandomAccessFileManager /home/alex/Repositories/hive/beeline/target/tmp/alex/operation_logs/c89c68d8-676f-4a86-ac52-e142770c75b7/alex_20240424081314_d661ae03-c5a0-4293-b4b1-d4d3aff76d1e
DEBUG StatusLogger Building Plugin[name=, class=org.apache.hadoop.hive.ql.log.LogDivertAppenderForTest$TestFilter].
DEBUG StatusLogger createFilter()
DEBUG StatusLogger Building Plugin[name=, class=org.apache.logging.log4j.core.layout.PatternLayout].
DEBUG StatusLogger PatternLayout$Builder(pattern="%-5p : %m%n", header="null", charset="null", disableAnsi="null", Configuration(HiveLog4j2Test), Replace=null, alwaysWriteExceptions="null", noConsoleNoAnsi="null", footer="null", PatternSelector=null)
DEBUG StatusLogger Building Plugin[name=appender, class=org.apache.hadoop.hive.ql.log.HushableRandomAccessFileAppender].
DEBUG StatusLogger createAppender(fileName="/home/alex/Repositories/hive/beeline/target/tmp/alex/operation_logs/c89c68d8-676f-4a86-ac52-e142770c75b7/alex_20240424081314_d661ae03-c5a0-4293-b4b1-d4d3aff76d1e.test", append="null", name="test-query-file-appender", immediateFlush="null", bufferSize="null", ignoreExceptions="null", PatternLayout(org.apache.logging.log4j.core.layout.PatternLayout with name PatternLayout), test-filter(org.apache.hadoop.hive.ql.log.LogDivertAppenderForTest$TestFilter with name test-filter), advertise="null", advertiseURI="null", Configuration(HiveLog4j2Test))
DEBUG StatusLogger Starting RandomAccessFileManager /home/alex/Repositories/hive/beeline/target/tmp/alex/operation_logs/c89c68d8-676f-4a86-ac52-e142770c75b7/alex_20240424081314_d661ae03-c5a0-4293-b4b1-d4d3aff76d1e.test
2024-04-24T08:13:14,493  INFO [c89c68d8-676f-4a86-ac52-e142770c75b7 main] operation.HiveCommandOperation: [opType=EXECUTE_STATEMENT, queryId=alex_20240424081314_d661ae03-c5a0-4293-b4b1-d4d3aff76d1e, startTime=1713971594479, sessionId=c89c68d8-676f-4a86-ac52-e142770c75b7, createTime=1713971594391, userName=null, ipAddress=null]
2024-04-24T08:13:14,600  INFO [c89c68d8-676f-4a86-ac52-e142770c75b7 main] common.LogUtils: Unregistered logging context.
2024-04-24T08:13:14,604  INFO [c89c68d8-676f-4a86-ac52-e142770c75b7 main] operation.OperationManager: Closing operation: OperationHandle [opType=EXECUTE_STATEMENT, getHandleIdentifier()=a28f5ad5-a827-43b2-9edd-ec4588bea842]
2024-04-24T08:13:14,604  INFO [c89c68d8-676f-4a86-ac52-e142770c75b7 main] operation.OperationManager: Removed queryId: alex_20240424081314_d661ae03-c5a0-4293-b4b1-d4d3aff76d1e corresponding to operation: OperationHandle [opType=EXECUTE_STATEMENT, getHandleIdentifier()=a28f5ad5-a827-43b2-9edd-ec4588bea842] with tag: null
2024-04-24T08:13:14,605  INFO [c89c68d8-676f-4a86-ac52-e142770c75b7 main] operation.HiveCommandOperation: Closing operation log /home/alex/Repositories/hive/beeline/target/tmp/alex/operation_logs/c89c68d8-676f-4a86-ac52-e142770c75b7/alex_20240424081314_d661ae03-c5a0-4293-b4b1-d4d3aff76d1e without delay
2024-04-24T08:13:14,608  INFO [c89c68d8-676f-4a86-ac52-e142770c75b7 main] session.HiveSessionImpl: executing use test
2024-04-24T08:13:14,610  INFO [c89c68d8-676f-4a86-ac52-e142770c75b7 main] operation.OperationManager: Adding operation: OperationHandle [opType=EXECUTE_STATEMENT, getHandleIdentifier()=92248e90-1c03-47b8-82ce-2e4d32913f94] SessionHandle [c89c68d8-676f-4a86-ac52-e142770c75b7]
2024-04-24T08:13:14,610  INFO [c89c68d8-676f-4a86-ac52-e142770c75b7 main] common.LogUtils: Thread context registration is done.
DEBUG StatusLogger Building Plugin[name=filter, class=org.apache.hadoop.hive.ql.log.LogDivertAppender$NameFilter].
DEBUG StatusLogger createFilter(loggingLevel="EXECUTION")
DEBUG StatusLogger Building Plugin[name=layout, class=org.apache.logging.log4j.core.layout.PatternLayout].
DEBUG StatusLogger PatternLayout$Builder(Replace=null, disableAnsi="null", header="null", Configuration(HiveLog4j2Test), footer="null", alwaysWriteExceptions="null", PatternSelector=null, pattern="%-5p : %m%n", charset="null", noConsoleNoAnsi="null")
DEBUG StatusLogger Building Plugin[name=appender, class=org.apache.hadoop.hive.ql.log.HushableRandomAccessFileAppender].
DEBUG StatusLogger createAppender(fileName="/home/alex/Repositories/hive/beeline/target/tmp/alex/operation_logs/c89c68d8-676f-4a86-ac52-e142770c75b7/alex_20240424081314_1932f587-1594-4789-b011-df921fac70e8", append="null", name="query-file-appender", immediateFlush="null", bufferSize="null", ignoreExceptions="null", PatternLayout(org.apache.logging.log4j.core.layout.PatternLayout with name PatternLayout), NameFilter(org.apache.hadoop.hive.ql.log.LogDivertAppender$NameFilter with name NameFilter), advertise="null", advertiseURI="null", Configuration(HiveLog4j2Test))
DEBUG StatusLogger Starting RandomAccessFileManager /home/alex/Repositories/hive/beeline/target/tmp/alex/operation_logs/c89c68d8-676f-4a86-ac52-e142770c75b7/alex_20240424081314_1932f587-1594-4789-b011-df921fac70e8
DEBUG StatusLogger Building Plugin[name=, class=org.apache.hadoop.hive.ql.log.LogDivertAppenderForTest$TestFilter].
DEBUG StatusLogger createFilter()
DEBUG StatusLogger Building Plugin[name=, class=org.apache.logging.log4j.core.layout.PatternLayout].
DEBUG StatusLogger PatternLayout$Builder(noConsoleNoAnsi="null", pattern="%-5p : %m%n", header="null", charset="null", Configuration(HiveLog4j2Test), PatternSelector=null, Replace=null, alwaysWriteExceptions="null", footer="null", disableAnsi="null")
DEBUG StatusLogger Building Plugin[name=appender, class=org.apache.hadoop.hive.ql.log.HushableRandomAccessFileAppender].
DEBUG StatusLogger createAppender(fileName="/home/alex/Repositories/hive/beeline/target/tmp/alex/operation_logs/c89c68d8-676f-4a86-ac52-e142770c75b7/alex_20240424081314_1932f587-1594-4789-b011-df921fac70e8.test", append="null", name="test-query-file-appender", immediateFlush="null", bufferSize="null", ignoreExceptions="null", PatternLayout(org.apache.logging.log4j.core.layout.PatternLayout with name PatternLayout), test-filter(org.apache.hadoop.hive.ql.log.LogDivertAppenderForTest$TestFilter with name test-filter), advertise="null", advertiseURI="null", Configuration(HiveLog4j2Test))
DEBUG StatusLogger Starting RandomAccessFileManager /home/alex/Repositories/hive/beeline/target/tmp/alex/operation_logs/c89c68d8-676f-4a86-ac52-e142770c75b7/alex_20240424081314_1932f587-1594-4789-b011-df921fac70e8.test
2024-04-24T08:13:14,618  INFO [c89c68d8-676f-4a86-ac52-e142770c75b7 main] operation.SQLOperation: [opType=EXECUTE_STATEMENT, queryId=alex_20240424081314_1932f587-1594-4789-b011-df921fac70e8, startTime=1713971594609, sessionId=c89c68d8-676f-4a86-ac52-e142770c75b7, createTime=1713971594391, userName=null, ipAddress=null]
2024-04-24T08:13:14,620  INFO [c89c68d8-676f-4a86-ac52-e142770c75b7 main] ql.Driver: Compiling command(queryId=alex_20240424081314_1932f587-1594-4789-b011-df921fac70e8): use test
2024-04-24T08:13:14,621  INFO [c89c68d8-676f-4a86-ac52-e142770c75b7 main] metastore.HiveMetaStoreClient: HMS client filtering is enabled.
2024-04-24T08:13:14,622  INFO [c89c68d8-676f-4a86-ac52-e142770c75b7 main] metastore.HMSHandler: 0: Opening raw store with implementation class:org.apache.hadoop.hive.metastore.ObjectStore
2024-04-24T08:13:14,622  INFO [c89c68d8-676f-4a86-ac52-e142770c75b7 main] metastore.PersistenceManagerProvider: Configuration datanucleus.autoStartMechanismMode is not set. Defaulting to 'ignored'
2024-04-24T08:13:14,623  INFO [c89c68d8-676f-4a86-ac52-e142770c75b7 main] metastore.ObjectStore: RawStore: org.apache.hadoop.hive.metastore.ObjectStore@38811103, with PersistenceManager: null will be shutdown
2024-04-24T08:13:14,624  INFO [c89c68d8-676f-4a86-ac52-e142770c75b7 main] metastore.ObjectStore: RawStore: org.apache.hadoop.hive.metastore.ObjectStore@38811103, with PersistenceManager: org.datanucleus.api.jdo.JDOPersistenceManager@787d1f9c created in the thread with id: 1
2024-04-24T08:13:14,629  INFO [c89c68d8-676f-4a86-ac52-e142770c75b7 main] metastore.HMSHandler: Created RawStore: org.apache.hadoop.hive.metastore.ObjectStore@38811103 from thread id: 1
2024-04-24T08:13:14,629  INFO [c89c68d8-676f-4a86-ac52-e142770c75b7 main] metastore.HMSHandler: HMS server filtering is disabled by configuration
2024-04-24T08:13:14,629  INFO [c89c68d8-676f-4a86-ac52-e142770c75b7 main] metastore.RetryingMetaStoreClient: RetryingMetaStoreClient proxy=class org.apache.hadoop.hive.ql.metadata.SessionHiveMetaStoreClient ugi=alex (auth:SIMPLE) retries=1 delay=1 lifetime=0
2024-04-24T08:13:14,630  INFO [c89c68d8-676f-4a86-ac52-e142770c75b7 main] HiveMetaStore.audit: ugi=alex	ip=unknown-ip-addr	cmd=get_database: test	
2024-04-24T08:13:14,635  INFO [c89c68d8-676f-4a86-ac52-e142770c75b7 main] ql.Driver: Semantic Analysis Completed (retrial = false)
2024-04-24T08:13:14,635  INFO [c89c68d8-676f-4a86-ac52-e142770c75b7 main] ql.Driver: Created Hive schema: Schema(fieldSchemas:null, properties:null)
2024-04-24T08:13:14,635  INFO [c89c68d8-676f-4a86-ac52-e142770c75b7 main] metadata.Hive: Dumping metastore api call timing information for : compilation phase
2024-04-24T08:13:14,635  INFO [c89c68d8-676f-4a86-ac52-e142770c75b7 main] metadata.Hive: Total time spent in each metastore function (ms): {getDatabase_(String)=4, isCompatibleWith_(Configuration)=1, flushCache_()=0}
2024-04-24T08:13:14,635  INFO [c89c68d8-676f-4a86-ac52-e142770c75b7 main] ql.Driver: Completed compiling command(queryId=alex_20240424081314_1932f587-1594-4789-b011-df921fac70e8); Time taken: 0.016 seconds
2024-04-24T08:13:14,637  INFO [c89c68d8-676f-4a86-ac52-e142770c75b7 main] common.LogUtils: Unregistered logging context.
2024-04-24T08:13:14,637  INFO [HiveServer2-Background-Pool: Thread-111] common.LogUtils: Thread context registration is done.
2024-04-24T08:13:14,638  INFO [HiveServer2-Background-Pool: Thread-111] reexec.ReExecDriver: Execution #1 of query
2024-04-24T08:13:14,638  INFO [HiveServer2-Background-Pool: Thread-111] ql.Driver: Concurrency mode is disabled, not creating a lock manager
2024-04-24T08:13:14,639  INFO [HiveServer2-Background-Pool: Thread-111] ql.Driver: Executing command(queryId=alex_20240424081314_1932f587-1594-4789-b011-df921fac70e8): use test
2024-04-24T08:13:14,639  INFO [HiveServer2-Background-Pool: Thread-111] ql.Driver: Starting task [Stage-0:DDL] in serial mode
2024-04-24T08:13:14,640  INFO [HiveServer2-Background-Pool: Thread-111] HiveMetaStore.audit: ugi=alex	ip=unknown-ip-addr	cmd=get_database: test	
2024-04-24T08:13:14,641  INFO [HiveServer2-Background-Pool: Thread-111] metastore.HMSHandler: 3: Opening raw store with implementation class:org.apache.hadoop.hive.metastore.ObjectStore
2024-04-24T08:13:14,642  INFO [HiveServer2-Background-Pool: Thread-111] metastore.ObjectStore: RawStore: org.apache.hadoop.hive.metastore.ObjectStore@6e46152f, with PersistenceManager: null will be shutdown
2024-04-24T08:13:14,643  INFO [HiveServer2-Background-Pool: Thread-111] metastore.ObjectStore: RawStore: org.apache.hadoop.hive.metastore.ObjectStore@6e46152f, with PersistenceManager: org.datanucleus.api.jdo.JDOPersistenceManager@2b448683 created in the thread with id: 111
2024-04-24T08:13:14,646  INFO [HiveServer2-Background-Pool: Thread-111] metastore.HMSHandler: Created RawStore: org.apache.hadoop.hive.metastore.ObjectStore@6e46152f from thread id: 111
2024-04-24T08:13:14,648  INFO [HiveServer2-Background-Pool: Thread-111] HiveMetaStore.audit: ugi=alex	ip=unknown-ip-addr	cmd=get_database: test	
2024-04-24T08:13:14,650  INFO [HiveServer2-Background-Pool: Thread-111] metadata.Hive: Dumping metastore api call timing information for : execution phase
2024-04-24T08:13:14,650  INFO [HiveServer2-Background-Pool: Thread-111] metadata.Hive: Total time spent in each metastore function (ms): {getDatabase_(String)=10, isCompatibleWith_(Configuration)=0}
2024-04-24T08:13:14,650  INFO [HiveServer2-Background-Pool: Thread-111] ql.Driver: Completed executing command(queryId=alex_20240424081314_1932f587-1594-4789-b011-df921fac70e8); Time taken: 0.012 seconds
2024-04-24T08:13:14,651  INFO [HiveServer2-Background-Pool: Thread-111] common.LogUtils: Unregistered logging context.
2024-04-24T08:13:14,653  INFO [c89c68d8-676f-4a86-ac52-e142770c75b7 main] operation.OperationManager: Closing operation: OperationHandle [opType=EXECUTE_STATEMENT, getHandleIdentifier()=92248e90-1c03-47b8-82ce-2e4d32913f94]
2024-04-24T08:13:14,653  INFO [c89c68d8-676f-4a86-ac52-e142770c75b7 main] operation.OperationManager: Removed queryId: alex_20240424081314_1932f587-1594-4789-b011-df921fac70e8 corresponding to operation: OperationHandle [opType=EXECUTE_STATEMENT, getHandleIdentifier()=92248e90-1c03-47b8-82ce-2e4d32913f94] with tag: null
2024-04-24T08:13:14,654  INFO [c89c68d8-676f-4a86-ac52-e142770c75b7 main] operation.SQLOperation: Closing operation log /home/alex/Repositories/hive/beeline/target/tmp/alex/operation_logs/c89c68d8-676f-4a86-ac52-e142770c75b7/alex_20240424081314_1932f587-1594-4789-b011-df921fac70e8 without delay
2024-04-24T08:13:14,709  WARN [main] conf.HiveConf: HiveConf of name hive.dummyparam.test.server.specific.config.hiveserver2site does not exist
2024-04-24T08:13:14,709  WARN [main] conf.HiveConf: HiveConf of name hive.dummyparam.test.server.specific.config.metastoresite does not exist
2024-04-24T08:13:14,710  WARN [main] conf.HiveConf: HiveConf of name hive.dummyparam.test.server.specific.config.override does not exist
2024-04-24T08:13:14,710  INFO [c89c68d8-676f-4a86-ac52-e142770c75b7 main] session.HiveSessionImpl: executing set
2024-04-24T08:13:14,711  INFO [c89c68d8-676f-4a86-ac52-e142770c75b7 main] operation.HiveCommandOperation: Putting temp output to file /home/alex/Repositories/hive/beeline/target/tmp/alex/c89c68d8-676f-4a86-ac52-e142770c75b71188186443625990927.pipeout and error output to file /home/alex/Repositories/hive/beeline/target/tmp/alex/c89c68d8-676f-4a86-ac52-e142770c75b76918508378586891197.pipeout
2024-04-24T08:13:14,711  INFO [c89c68d8-676f-4a86-ac52-e142770c75b7 main] operation.OperationManager: Adding operation: OperationHandle [opType=EXECUTE_STATEMENT, getHandleIdentifier()=21a985fe-f797-4bb4-aa7f-c7e670915e84] SessionHandle [c89c68d8-676f-4a86-ac52-e142770c75b7]
2024-04-24T08:13:14,712  INFO [c89c68d8-676f-4a86-ac52-e142770c75b7 main] common.LogUtils: Thread context registration is done.
DEBUG StatusLogger Building Plugin[name=filter, class=org.apache.hadoop.hive.ql.log.LogDivertAppender$NameFilter].
DEBUG StatusLogger createFilter(loggingLevel="EXECUTION")
DEBUG StatusLogger Building Plugin[name=layout, class=org.apache.logging.log4j.core.layout.PatternLayout].
DEBUG StatusLogger PatternLayout$Builder(pattern="%-5p : %m%n", Configuration(HiveLog4j2Test), footer="null", Replace=null, charset="null", noConsoleNoAnsi="null", PatternSelector=null, header="null", disableAnsi="null", alwaysWriteExceptions="null")
DEBUG StatusLogger Building Plugin[name=appender, class=org.apache.hadoop.hive.ql.log.HushableRandomAccessFileAppender].
DEBUG StatusLogger createAppender(fileName="/home/alex/Repositories/hive/beeline/target/tmp/alex/operation_logs/c89c68d8-676f-4a86-ac52-e142770c75b7/alex_20240424081314_5e76d927-b8d7-4115-92d6-a1e30171d463", append="null", name="query-file-appender", immediateFlush="null", bufferSize="null", ignoreExceptions="null", PatternLayout(org.apache.logging.log4j.core.layout.PatternLayout with name PatternLayout), NameFilter(org.apache.hadoop.hive.ql.log.LogDivertAppender$NameFilter with name NameFilter), advertise="null", advertiseURI="null", Configuration(HiveLog4j2Test))
DEBUG StatusLogger Starting RandomAccessFileManager /home/alex/Repositories/hive/beeline/target/tmp/alex/operation_logs/c89c68d8-676f-4a86-ac52-e142770c75b7/alex_20240424081314_5e76d927-b8d7-4115-92d6-a1e30171d463
DEBUG StatusLogger Building Plugin[name=, class=org.apache.hadoop.hive.ql.log.LogDivertAppenderForTest$TestFilter].
DEBUG StatusLogger createFilter()
DEBUG StatusLogger Building Plugin[name=, class=org.apache.logging.log4j.core.layout.PatternLayout].
DEBUG StatusLogger PatternLayout$Builder(alwaysWriteExceptions="null", Configuration(HiveLog4j2Test), header="null", Replace=null, charset="null", PatternSelector=null, pattern="%-5p : %m%n", footer="null", disableAnsi="null", noConsoleNoAnsi="null")
DEBUG StatusLogger Building Plugin[name=appender, class=org.apache.hadoop.hive.ql.log.HushableRandomAccessFileAppender].
DEBUG StatusLogger createAppender(fileName="/home/alex/Repositories/hive/beeline/target/tmp/alex/operation_logs/c89c68d8-676f-4a86-ac52-e142770c75b7/alex_20240424081314_5e76d927-b8d7-4115-92d6-a1e30171d463.test", append="null", name="test-query-file-appender", immediateFlush="null", bufferSize="null", ignoreExceptions="null", PatternLayout(org.apache.logging.log4j.core.layout.PatternLayout with name PatternLayout), test-filter(org.apache.hadoop.hive.ql.log.LogDivertAppenderForTest$TestFilter with name test-filter), advertise="null", advertiseURI="null", Configuration(HiveLog4j2Test))
DEBUG StatusLogger Starting RandomAccessFileManager /home/alex/Repositories/hive/beeline/target/tmp/alex/operation_logs/c89c68d8-676f-4a86-ac52-e142770c75b7/alex_20240424081314_5e76d927-b8d7-4115-92d6-a1e30171d463.test
2024-04-24T08:13:14,720  INFO [c89c68d8-676f-4a86-ac52-e142770c75b7 main] operation.HiveCommandOperation: [opType=EXECUTE_STATEMENT, queryId=alex_20240424081314_5e76d927-b8d7-4115-92d6-a1e30171d463, startTime=1713971594710, sessionId=c89c68d8-676f-4a86-ac52-e142770c75b7, createTime=1713971594391, userName=null, ipAddress=null]
2024-04-24T08:13:14,811  INFO [c89c68d8-676f-4a86-ac52-e142770c75b7 main] common.LogUtils: Unregistered logging context.
2024-04-24T08:13:14,816  INFO [c89c68d8-676f-4a86-ac52-e142770c75b7 main] operation.OperationManager: Closing operation: OperationHandle [opType=EXECUTE_STATEMENT, getHandleIdentifier()=21a985fe-f797-4bb4-aa7f-c7e670915e84]
2024-04-24T08:13:14,816  INFO [c89c68d8-676f-4a86-ac52-e142770c75b7 main] operation.OperationManager: Removed queryId: alex_20240424081314_5e76d927-b8d7-4115-92d6-a1e30171d463 corresponding to operation: OperationHandle [opType=EXECUTE_STATEMENT, getHandleIdentifier()=21a985fe-f797-4bb4-aa7f-c7e670915e84] with tag: null
2024-04-24T08:13:14,816  INFO [c89c68d8-676f-4a86-ac52-e142770c75b7 main] operation.HiveCommandOperation: Closing operation log /home/alex/Repositories/hive/beeline/target/tmp/alex/operation_logs/c89c68d8-676f-4a86-ac52-e142770c75b7/alex_20240424081314_5e76d927-b8d7-4115-92d6-a1e30171d463 without delay
2024-04-24T08:13:14,818  INFO [c89c68d8-676f-4a86-ac52-e142770c75b7 main] session.HiveSessionImpl: executing create table if not exists test.testSrcTbl3(sc3 string)
2024-04-24T08:13:14,820  INFO [c89c68d8-676f-4a86-ac52-e142770c75b7 main] operation.OperationManager: Adding operation: OperationHandle [opType=EXECUTE_STATEMENT, getHandleIdentifier()=57503a7e-b677-4b94-9eb6-acb7726f3380] SessionHandle [c89c68d8-676f-4a86-ac52-e142770c75b7]
2024-04-24T08:13:14,820  INFO [c89c68d8-676f-4a86-ac52-e142770c75b7 main] common.LogUtils: Thread context registration is done.
DEBUG StatusLogger Building Plugin[name=filter, class=org.apache.hadoop.hive.ql.log.LogDivertAppender$NameFilter].
DEBUG StatusLogger createFilter(loggingLevel="EXECUTION")
DEBUG StatusLogger Building Plugin[name=layout, class=org.apache.logging.log4j.core.layout.PatternLayout].
DEBUG StatusLogger PatternLayout$Builder(Configuration(HiveLog4j2Test), disableAnsi="null", alwaysWriteExceptions="null", pattern="%-5p : %m%n", header="null", charset="null", footer="null", PatternSelector=null, Replace=null, noConsoleNoAnsi="null")
DEBUG StatusLogger Building Plugin[name=appender, class=org.apache.hadoop.hive.ql.log.HushableRandomAccessFileAppender].
DEBUG StatusLogger createAppender(fileName="/home/alex/Repositories/hive/beeline/target/tmp/alex/operation_logs/c89c68d8-676f-4a86-ac52-e142770c75b7/alex_20240424081314_1584f0ac-f659-42e1-ade2-dd888ef0467d", append="null", name="query-file-appender", immediateFlush="null", bufferSize="null", ignoreExceptions="null", PatternLayout(org.apache.logging.log4j.core.layout.PatternLayout with name PatternLayout), NameFilter(org.apache.hadoop.hive.ql.log.LogDivertAppender$NameFilter with name NameFilter), advertise="null", advertiseURI="null", Configuration(HiveLog4j2Test))
DEBUG StatusLogger Starting RandomAccessFileManager /home/alex/Repositories/hive/beeline/target/tmp/alex/operation_logs/c89c68d8-676f-4a86-ac52-e142770c75b7/alex_20240424081314_1584f0ac-f659-42e1-ade2-dd888ef0467d
DEBUG StatusLogger Building Plugin[name=, class=org.apache.hadoop.hive.ql.log.LogDivertAppenderForTest$TestFilter].
DEBUG StatusLogger createFilter()
DEBUG StatusLogger Building Plugin[name=, class=org.apache.logging.log4j.core.layout.PatternLayout].
DEBUG StatusLogger PatternLayout$Builder(charset="null", noConsoleNoAnsi="null", Configuration(HiveLog4j2Test), header="null", footer="null", alwaysWriteExceptions="null", disableAnsi="null", pattern="%-5p : %m%n", PatternSelector=null, Replace=null)
DEBUG StatusLogger Building Plugin[name=appender, class=org.apache.hadoop.hive.ql.log.HushableRandomAccessFileAppender].
DEBUG StatusLogger createAppender(fileName="/home/alex/Repositories/hive/beeline/target/tmp/alex/operation_logs/c89c68d8-676f-4a86-ac52-e142770c75b7/alex_20240424081314_1584f0ac-f659-42e1-ade2-dd888ef0467d.test", append="null", name="test-query-file-appender", immediateFlush="null", bufferSize="null", ignoreExceptions="null", PatternLayout(org.apache.logging.log4j.core.layout.PatternLayout with name PatternLayout), test-filter(org.apache.hadoop.hive.ql.log.LogDivertAppenderForTest$TestFilter with name test-filter), advertise="null", advertiseURI="null", Configuration(HiveLog4j2Test))
DEBUG StatusLogger Starting RandomAccessFileManager /home/alex/Repositories/hive/beeline/target/tmp/alex/operation_logs/c89c68d8-676f-4a86-ac52-e142770c75b7/alex_20240424081314_1584f0ac-f659-42e1-ade2-dd888ef0467d.test
2024-04-24T08:13:14,828  INFO [c89c68d8-676f-4a86-ac52-e142770c75b7 main] operation.SQLOperation: [opType=EXECUTE_STATEMENT, queryId=alex_20240424081314_1584f0ac-f659-42e1-ade2-dd888ef0467d, startTime=1713971594819, sessionId=c89c68d8-676f-4a86-ac52-e142770c75b7, createTime=1713971594391, userName=null, ipAddress=null]
2024-04-24T08:13:14,829  INFO [c89c68d8-676f-4a86-ac52-e142770c75b7 main] ql.Driver: Compiling command(queryId=alex_20240424081314_1584f0ac-f659-42e1-ade2-dd888ef0467d): create table if not exists test.testSrcTbl3(sc3 string)
2024-04-24T08:13:14,911  INFO [c89c68d8-676f-4a86-ac52-e142770c75b7 main] parse.CalcitePlanner: Starting caching scope for: alex_20240424081314_1584f0ac-f659-42e1-ade2-dd888ef0467d
2024-04-24T08:13:14,916  INFO [c89c68d8-676f-4a86-ac52-e142770c75b7 main] parse.CalcitePlanner: Starting Semantic Analysis
2024-04-24T08:13:14,916  INFO [c89c68d8-676f-4a86-ac52-e142770c75b7 main] sqlstd.SQLStdHiveAccessController: Created SQLStdHiveAccessController for session context : HiveAuthzSessionContext [sessionString=c89c68d8-676f-4a86-ac52-e142770c75b7, clientType=HIVESERVER2]
2024-04-24T08:13:14,924  INFO [c89c68d8-676f-4a86-ac52-e142770c75b7 main] parse.CalcitePlanner: Creating table test.testSrcTbl3 position=27
2024-04-24T08:13:14,941  INFO [c89c68d8-676f-4a86-ac52-e142770c75b7 main] HiveMetaStore.audit: ugi=alex	ip=unknown-ip-addr	cmd=get_table : tbl=hive.test.testSrcTbl3	
2024-04-24T08:13:15,119  INFO [c89c68d8-676f-4a86-ac52-e142770c75b7 main] parse.CalcitePlanner: Ending caching scope for: alex_20240424081314_1584f0ac-f659-42e1-ade2-dd888ef0467d
2024-04-24T08:13:15,119  INFO [c89c68d8-676f-4a86-ac52-e142770c75b7 main] ql.Driver: Semantic Analysis Completed (retrial = false)
2024-04-24T08:13:15,119  INFO [c89c68d8-676f-4a86-ac52-e142770c75b7 main] ql.Driver: Created Hive schema: Schema(fieldSchemas:null, properties:null)
2024-04-24T08:13:15,119  INFO [c89c68d8-676f-4a86-ac52-e142770c75b7 main] metadata.Hive: Dumping metastore api call timing information for : compilation phase
2024-04-24T08:13:15,120  INFO [c89c68d8-676f-4a86-ac52-e142770c75b7 main] metadata.Hive: Total time spent in each metastore function (ms): {flushCache_()=0, isCompatibleWith_(Configuration)=0, getTable_(GetTableRequest)=178}
2024-04-24T08:13:15,120  INFO [c89c68d8-676f-4a86-ac52-e142770c75b7 main] ql.Driver: Completed compiling command(queryId=alex_20240424081314_1584f0ac-f659-42e1-ade2-dd888ef0467d); Time taken: 0.29 seconds
2024-04-24T08:13:15,121  INFO [c89c68d8-676f-4a86-ac52-e142770c75b7 main] common.LogUtils: Unregistered logging context.
2024-04-24T08:13:15,121  INFO [HiveServer2-Background-Pool: Thread-114] common.LogUtils: Thread context registration is done.
2024-04-24T08:13:15,122  INFO [HiveServer2-Background-Pool: Thread-114] reexec.ReExecDriver: Execution #1 of query
2024-04-24T08:13:15,122  INFO [HiveServer2-Background-Pool: Thread-114] ql.Driver: Concurrency mode is disabled, not creating a lock manager
2024-04-24T08:13:15,123  INFO [HiveServer2-Background-Pool: Thread-114] ql.Driver: Executing command(queryId=alex_20240424081314_1584f0ac-f659-42e1-ade2-dd888ef0467d): create table if not exists test.testSrcTbl3(sc3 string)
2024-04-24T08:13:15,123  INFO [HiveServer2-Background-Pool: Thread-114] metadata.Hive: Dumping metastore api call timing information for : execution phase
2024-04-24T08:13:15,123  INFO [HiveServer2-Background-Pool: Thread-114] metadata.Hive: Total time spent in each metastore function (ms): {}
2024-04-24T08:13:15,124  INFO [HiveServer2-Background-Pool: Thread-114] ql.Driver: Completed executing command(queryId=alex_20240424081314_1584f0ac-f659-42e1-ade2-dd888ef0467d); Time taken: 0.001 seconds
2024-04-24T08:13:15,125  INFO [HiveServer2-Background-Pool: Thread-114] common.LogUtils: Unregistered logging context.
2024-04-24T08:13:15,127  INFO [c89c68d8-676f-4a86-ac52-e142770c75b7 main] operation.OperationManager: Closing operation: OperationHandle [opType=EXECUTE_STATEMENT, getHandleIdentifier()=57503a7e-b677-4b94-9eb6-acb7726f3380]
2024-04-24T08:13:15,127  INFO [c89c68d8-676f-4a86-ac52-e142770c75b7 main] operation.OperationManager: Removed queryId: alex_20240424081314_1584f0ac-f659-42e1-ade2-dd888ef0467d corresponding to operation: OperationHandle [opType=EXECUTE_STATEMENT, getHandleIdentifier()=57503a7e-b677-4b94-9eb6-acb7726f3380] with tag: null
2024-04-24T08:13:15,127  INFO [c89c68d8-676f-4a86-ac52-e142770c75b7 main] operation.SQLOperation: Closing operation log /home/alex/Repositories/hive/beeline/target/tmp/alex/operation_logs/c89c68d8-676f-4a86-ac52-e142770c75b7/alex_20240424081314_1584f0ac-f659-42e1-ade2-dd888ef0467d without delay
2024-04-24T08:13:15,133  INFO [main] service.CompositeService: Session closed, SessionHandle [c89c68d8-676f-4a86-ac52-e142770c75b7], current sessions:0
2024-04-24T08:13:15,134  INFO [c89c68d8-676f-4a86-ac52-e142770c75b7 main] session.HiveSessionImpl: Operation log session directory is deleted: /home/alex/Repositories/hive/beeline/target/tmp/alex/operation_logs/c89c68d8-676f-4a86-ac52-e142770c75b7
2024-04-24T08:13:15,134  INFO [main] cleanup.EventualCleanupService: Delete /tmp/hive/alex/c89c68d8-676f-4a86-ac52-e142770c75b7 operation was queued
2024-04-24T08:13:15,134  INFO [main] cleanup.EventualCleanupService: Delete /home/alex/Repositories/hive/beeline/target/tmp/alex/c89c68d8-676f-4a86-ac52-e142770c75b7 operation was queued
2024-04-24T08:13:15,135  INFO [EventualCleanupService thread 0] cleanup.EventualCleanupService: Deleted /tmp/hive/alex/c89c68d8-676f-4a86-ac52-e142770c75b7
2024-04-24T08:13:15,135  INFO [EventualCleanupService thread 1] cleanup.EventualCleanupService: Deleted /home/alex/Repositories/hive/beeline/target/tmp/alex/c89c68d8-676f-4a86-ac52-e142770c75b7
2024-04-24T08:13:15,136  INFO [main] HiveMetaStore.audit: ugi=alex	ip=unknown-ip-addr	cmd=Cleaning up thread local RawStore...	
2024-04-24T08:13:15,136  INFO [main] metastore.ObjectStore: RawStore: org.apache.hadoop.hive.metastore.ObjectStore@38811103, with PersistenceManager: org.datanucleus.api.jdo.JDOPersistenceManager@787d1f9c will be shutdown
2024-04-24T08:13:15,137  INFO [main] HiveMetaStore.audit: ugi=alex	ip=unknown-ip-addr	cmd=Done cleaning up thread local RawStore	
2024-04-24T08:13:15,137  INFO [main] metastore.HiveMetaStoreClient: Closed a connection to metastore, current connections: -4
]]></system-err>
  </testcase>
  <testcase name="testSourceCmd3" classname="org.apache.hive.beeline.cli.TestHiveCli" time="0.711">
    <failure type="java.lang.AssertionError"><![CDATA[java.lang.AssertionError: Supported return code is 2 while the actual is 0
	at org.junit.Assert.fail(Assert.java:89)
	at org.apache.hive.beeline.cli.TestHiveCli.executeCMD(TestHiveCli.java:256)
	at org.apache.hive.beeline.cli.TestHiveCli.verifyCMD(TestHiveCli.java:266)
	at org.apache.hive.beeline.cli.TestHiveCli.testSourceCmd3(TestHiveCli.java:130)
	at sun.reflect.NativeMethodAccessorImpl.invoke0(Native Method)
	at sun.reflect.NativeMethodAccessorImpl.invoke(NativeMethodAccessorImpl.java:62)
	at sun.reflect.DelegatingMethodAccessorImpl.invoke(DelegatingMethodAccessorImpl.java:43)
	at java.lang.reflect.Method.invoke(Method.java:498)
	at org.junit.runners.model.FrameworkMethod$1.runReflectiveCall(FrameworkMethod.java:59)
	at org.junit.internal.runners.model.ReflectiveCallable.run(ReflectiveCallable.java:12)
	at org.junit.runners.model.FrameworkMethod.invokeExplosively(FrameworkMethod.java:56)
	at org.junit.internal.runners.statements.InvokeMethod.evaluate(InvokeMethod.java:17)
	at org.junit.internal.runners.statements.RunBefores.evaluate(RunBefores.java:26)
	at org.junit.internal.runners.statements.RunAfters.evaluate(RunAfters.java:27)
	at org.junit.runners.ParentRunner$3.evaluate(ParentRunner.java:306)
	at org.junit.runners.BlockJUnit4ClassRunner$1.evaluate(BlockJUnit4ClassRunner.java:100)
	at org.junit.runners.ParentRunner.runLeaf(ParentRunner.java:366)
	at org.junit.runners.BlockJUnit4ClassRunner.runChild(BlockJUnit4ClassRunner.java:103)
	at org.junit.runners.BlockJUnit4ClassRunner.runChild(BlockJUnit4ClassRunner.java:63)
	at org.junit.runners.ParentRunner$4.run(ParentRunner.java:331)
	at org.junit.runners.ParentRunner$1.schedule(ParentRunner.java:79)
	at org.junit.runners.ParentRunner.runChildren(ParentRunner.java:329)
	at org.junit.runners.ParentRunner.access$100(ParentRunner.java:66)
	at org.junit.runners.ParentRunner$2.evaluate(ParentRunner.java:293)
	at org.junit.internal.runners.statements.RunBefores.evaluate(RunBefores.java:26)
	at org.junit.runners.ParentRunner$3.evaluate(ParentRunner.java:306)
	at org.junit.runners.ParentRunner.run(ParentRunner.java:413)
	at org.junit.runner.JUnitCore.run(JUnitCore.java:137)
	at org.junit.runner.JUnitCore.run(JUnitCore.java:115)
	at org.junit.vintage.engine.execution.RunnerExecutor.execute(RunnerExecutor.java:43)
	at java.util.stream.ForEachOps$ForEachOp$OfRef.accept(ForEachOps.java:183)
	at java.util.stream.ReferencePipeline$3$1.accept(ReferencePipeline.java:193)
	at java.util.Iterator.forEachRemaining(Iterator.java:116)
	at java.util.Spliterators$IteratorSpliterator.forEachRemaining(Spliterators.java:1801)
	at java.util.stream.AbstractPipeline.copyInto(AbstractPipeline.java:482)
	at java.util.stream.AbstractPipeline.wrapAndCopyInto(AbstractPipeline.java:472)
	at java.util.stream.ForEachOps$ForEachOp.evaluateSequential(ForEachOps.java:150)
	at java.util.stream.ForEachOps$ForEachOp$OfRef.evaluateSequential(ForEachOps.java:173)
	at java.util.stream.AbstractPipeline.evaluate(AbstractPipeline.java:234)
	at java.util.stream.ReferencePipeline.forEach(ReferencePipeline.java:485)
	at org.junit.vintage.engine.VintageTestEngine.executeAllChildren(VintageTestEngine.java:82)
	at org.junit.vintage.engine.VintageTestEngine.execute(VintageTestEngine.java:73)
	at org.junit.platform.launcher.core.DefaultLauncher.execute(DefaultLauncher.java:248)
	at org.junit.platform.launcher.core.DefaultLauncher.lambda$execute$5(DefaultLauncher.java:211)
	at org.junit.platform.launcher.core.DefaultLauncher.withInterceptedStreams(DefaultLauncher.java:226)
	at org.junit.platform.launcher.core.DefaultLauncher.execute(DefaultLauncher.java:199)
	at org.junit.platform.launcher.core.DefaultLauncher.execute(DefaultLauncher.java:132)
	at org.apache.maven.surefire.junitplatform.JUnitPlatformProvider.invokeAllTests(JUnitPlatformProvider.java:154)
	at org.apache.maven.surefire.junitplatform.JUnitPlatformProvider.invoke(JUnitPlatformProvider.java:123)
	at org.apache.maven.surefire.booter.ForkedBooter.runSuitesInProcess(ForkedBooter.java:377)
	at org.apache.maven.surefire.booter.ForkedBooter.execute(ForkedBooter.java:138)
	at org.apache.maven.surefire.booter.ForkedBooter.run(ForkedBooter.java:465)
	at org.apache.maven.surefire.booter.ForkedBooter.main(ForkedBooter.java:451)
]]></failure>
    <system-err><![CDATA[2024-04-24T08:13:15,139 ERROR [main] cli.TestHiveCli: Failed to execute command due to the error: java.lang.NullPointerException: Null output stream
2024-04-24T08:13:15,194  WARN [main] conf.HiveConf: HiveConf of name hive.dummyparam.test.server.specific.config.metastoresite does not exist
2024-04-24T08:13:15,195  WARN [main] conf.HiveConf: HiveConf of name hive.dummyparam.test.server.specific.config.override does not exist
2024-04-24T08:13:15,195  WARN [main] conf.HiveConf: HiveConf of name hive.dummyparam.test.server.specific.config.hiveserver2site does not exist
2024-04-24T08:13:15,196  INFO [main] SessionState: Hive Session ID = 0666f5d1-0101-4390-a14e-6f7c4804a9f8
2024-04-24T08:13:15,196  INFO [main] DependencyResolver: ivysettings.xml file not found in HIVE_HOME or HIVE_CONF_DIR,/home/alex/Repositories/hive/conf/ivysettings.xml will be used
2024-04-24T08:13:15,204  INFO [main] session.SessionState: Created HDFS directory: /tmp/hive/alex/0666f5d1-0101-4390-a14e-6f7c4804a9f8
2024-04-24T08:13:15,208  INFO [main] session.SessionState: Created local directory: /home/alex/Repositories/hive/beeline/target/tmp/alex/0666f5d1-0101-4390-a14e-6f7c4804a9f8
2024-04-24T08:13:15,212  INFO [main] session.SessionState: Created HDFS directory: /tmp/hive/alex/0666f5d1-0101-4390-a14e-6f7c4804a9f8/_tmp_space.db
2024-04-24T08:13:15,213  INFO [main] sqlstd.SQLStdHiveAccessController: Created SQLStdHiveAccessController for session context : HiveAuthzSessionContext [sessionString=0666f5d1-0101-4390-a14e-6f7c4804a9f8, clientType=HIVESERVER2]
2024-04-24T08:13:15,213  INFO [main] metastore.HiveMetaStoreClient: HMS client filtering is enabled.
2024-04-24T08:13:15,215  INFO [main] metastore.HMSHandler: 0: Opening raw store with implementation class:org.apache.hadoop.hive.metastore.ObjectStore
2024-04-24T08:13:15,215  INFO [main] metastore.PersistenceManagerProvider: Configuration datanucleus.autoStartMechanismMode is not set. Defaulting to 'ignored'
2024-04-24T08:13:15,216  INFO [main] metastore.ObjectStore: RawStore: org.apache.hadoop.hive.metastore.ObjectStore@6e807e2, with PersistenceManager: null will be shutdown
2024-04-24T08:13:15,216  INFO [main] metastore.ObjectStore: RawStore: org.apache.hadoop.hive.metastore.ObjectStore@6e807e2, with PersistenceManager: org.datanucleus.api.jdo.JDOPersistenceManager@6c995c5d created in the thread with id: 1
2024-04-24T08:13:15,223  INFO [main] metastore.HMSHandler: Created RawStore: org.apache.hadoop.hive.metastore.ObjectStore@6e807e2 from thread id: 1
2024-04-24T08:13:15,223  INFO [main] metastore.HMSHandler: HMS server filtering is disabled by configuration
2024-04-24T08:13:15,223  INFO [main] metastore.RetryingMetaStoreClient: RetryingMetaStoreClient proxy=class org.apache.hadoop.hive.ql.metadata.SessionHiveMetaStoreClient ugi=alex (auth:SIMPLE) retries=1 delay=1 lifetime=0
2024-04-24T08:13:15,224  INFO [main] service.CompositeService: Operation log root directory is created: /home/alex/Repositories/hive/beeline/target/tmp/alex/operation_logs
2024-04-24T08:13:15,224  INFO [main] service.CompositeService: HiveServer2: Background operation thread pool size: 100
2024-04-24T08:13:15,224  INFO [main] service.CompositeService: HiveServer2: Background operation thread wait queue size: 100
2024-04-24T08:13:15,224  INFO [main] service.CompositeService: HiveServer2: Background operation thread keepalive time: 10 seconds
2024-04-24T08:13:15,224  INFO [main] service.CompositeService: Connections limit are user: 0 ipaddress: 0 user-ipaddress: 0
2024-04-24T08:13:15,226  INFO [main] cleanup.EventualCleanupService: EventualCleanupService started with 10 threads and queue of size 10000
ERROR StatusLogger Log4j2 ConfigurationScheduler attempted to increment scheduled items after start
ERROR StatusLogger Log4j2 ConfigurationScheduler attempted to increment scheduled items after start
2024-04-24T08:13:15,228  INFO [main] service.AbstractService: Service:OperationManager is inited.
2024-04-24T08:13:15,228  INFO [main] service.AbstractService: Service:SessionManager is inited.
2024-04-24T08:13:15,228  INFO [main] service.AbstractService: Service:CLIService is inited.
2024-04-24T08:13:15,228  INFO [main] service.AbstractService: Service:OperationManager is started.
2024-04-24T08:13:15,228  INFO [main] service.AbstractService: Service:SessionManager is started.
2024-04-24T08:13:15,228  INFO [main] service.AbstractService: Service:CLIService is started.
2024-04-24T08:13:15,228  INFO [main] service.AbstractService: Service:ThriftBinaryCLIService is inited.
2024-04-24T08:13:15,228  INFO [main] thrift.ThriftCLIService: Client protocol version: HIVE_CLI_SERVICE_PROTOCOL_V10
2024-04-24T08:13:15,228  INFO [main] thrift.ThriftCLIService: Creating Hive session handle for user [null] from IP null
2024-04-24T08:13:15,230  INFO [main] DependencyResolver: ivysettings.xml file not found in HIVE_HOME or HIVE_CONF_DIR,/home/alex/Repositories/hive/conf/ivysettings.xml will be used
2024-04-24T08:13:15,238  INFO [main] session.SessionState: Created HDFS directory: /tmp/hive/alex/dc0a3ab7-49cc-43de-8996-8a5480ab9fad
2024-04-24T08:13:15,242  INFO [main] session.SessionState: Created local directory: /home/alex/Repositories/hive/beeline/target/tmp/alex/dc0a3ab7-49cc-43de-8996-8a5480ab9fad
2024-04-24T08:13:15,246  INFO [main] session.SessionState: Created HDFS directory: /tmp/hive/alex/dc0a3ab7-49cc-43de-8996-8a5480ab9fad/_tmp_space.db
2024-04-24T08:13:15,246  INFO [main] session.SessionState: Reloading auxiliary JAR files
2024-04-24T08:13:15,246  WARN [main] session.SessionState: Configuration hive.reloadable.aux.jars.path not specified
2024-04-24T08:13:15,247  INFO [main] HiveMetaStore.audit: ugi=alex	ip=unknown-ip-addr	cmd=Cleaning up thread local RawStore...	
2024-04-24T08:13:15,247  INFO [main] metastore.ObjectStore: RawStore: org.apache.hadoop.hive.metastore.ObjectStore@6e807e2, with PersistenceManager: org.datanucleus.api.jdo.JDOPersistenceManager@6c995c5d will be shutdown
2024-04-24T08:13:15,247  INFO [main] HiveMetaStore.audit: ugi=alex	ip=unknown-ip-addr	cmd=Done cleaning up thread local RawStore	
2024-04-24T08:13:15,247  INFO [main] metastore.HiveMetaStoreClient: Closed a connection to metastore, current connections: -5
2024-04-24T08:13:15,248  INFO [main] session.HiveSessionImpl: Operation log session directory is created: /home/alex/Repositories/hive/beeline/target/tmp/alex/operation_logs/dc0a3ab7-49cc-43de-8996-8a5480ab9fad
2024-04-24T08:13:15,248  INFO [main] service.CompositeService: Session opened, SessionHandle [dc0a3ab7-49cc-43de-8996-8a5480ab9fad], current sessions:1
2024-04-24T08:13:15,248  INFO [main] thrift.ThriftCLIService: Login attempt is successful for user : null
2024-04-24T08:13:15,304  WARN [main] conf.HiveConf: HiveConf of name hive.dummyparam.test.server.specific.config.hiveserver2site does not exist
2024-04-24T08:13:15,304  WARN [main] conf.HiveConf: HiveConf of name hive.dummyparam.test.server.specific.config.override does not exist
2024-04-24T08:13:15,304  WARN [main] conf.HiveConf: HiveConf of name hive.dummyparam.test.server.specific.config.metastoresite does not exist
2024-04-24T08:13:15,305  INFO [dc0a3ab7-49cc-43de-8996-8a5480ab9fad main] session.HiveSessionImpl: executing set
2024-04-24T08:13:15,306  INFO [dc0a3ab7-49cc-43de-8996-8a5480ab9fad main] operation.HiveCommandOperation: Putting temp output to file /home/alex/Repositories/hive/beeline/target/tmp/alex/dc0a3ab7-49cc-43de-8996-8a5480ab9fad3856674935382127457.pipeout and error output to file /home/alex/Repositories/hive/beeline/target/tmp/alex/dc0a3ab7-49cc-43de-8996-8a5480ab9fad5732724855485469693.pipeout
2024-04-24T08:13:15,306  INFO [dc0a3ab7-49cc-43de-8996-8a5480ab9fad main] operation.OperationManager: Adding operation: OperationHandle [opType=EXECUTE_STATEMENT, getHandleIdentifier()=d5abddda-68cb-4603-b523-5dea726c9561] SessionHandle [dc0a3ab7-49cc-43de-8996-8a5480ab9fad]
2024-04-24T08:13:15,306  INFO [dc0a3ab7-49cc-43de-8996-8a5480ab9fad main] common.LogUtils: Thread context registration is done.
DEBUG StatusLogger Building Plugin[name=filter, class=org.apache.hadoop.hive.ql.log.LogDivertAppender$NameFilter].
DEBUG StatusLogger createFilter(loggingLevel="EXECUTION")
DEBUG StatusLogger Building Plugin[name=layout, class=org.apache.logging.log4j.core.layout.PatternLayout].
DEBUG StatusLogger PatternLayout$Builder(charset="null", alwaysWriteExceptions="null", footer="null", PatternSelector=null, Replace=null, Configuration(HiveLog4j2Test), header="null", pattern="%-5p : %m%n", noConsoleNoAnsi="null", disableAnsi="null")
DEBUG StatusLogger Building Plugin[name=appender, class=org.apache.hadoop.hive.ql.log.HushableRandomAccessFileAppender].
DEBUG StatusLogger createAppender(fileName="/home/alex/Repositories/hive/beeline/target/tmp/alex/operation_logs/dc0a3ab7-49cc-43de-8996-8a5480ab9fad/alex_20240424081315_99bc9a50-ec9c-479b-bbe1-d4ef5d0712b1", append="null", name="query-file-appender", immediateFlush="null", bufferSize="null", ignoreExceptions="null", PatternLayout(org.apache.logging.log4j.core.layout.PatternLayout with name PatternLayout), NameFilter(org.apache.hadoop.hive.ql.log.LogDivertAppender$NameFilter with name NameFilter), advertise="null", advertiseURI="null", Configuration(HiveLog4j2Test))
DEBUG StatusLogger Starting RandomAccessFileManager /home/alex/Repositories/hive/beeline/target/tmp/alex/operation_logs/dc0a3ab7-49cc-43de-8996-8a5480ab9fad/alex_20240424081315_99bc9a50-ec9c-479b-bbe1-d4ef5d0712b1
DEBUG StatusLogger Building Plugin[name=, class=org.apache.hadoop.hive.ql.log.LogDivertAppenderForTest$TestFilter].
DEBUG StatusLogger createFilter()
DEBUG StatusLogger Building Plugin[name=, class=org.apache.logging.log4j.core.layout.PatternLayout].
DEBUG StatusLogger PatternLayout$Builder(noConsoleNoAnsi="null", disableAnsi="null", header="null", PatternSelector=null, footer="null", charset="null", Replace=null, Configuration(HiveLog4j2Test), pattern="%-5p : %m%n", alwaysWriteExceptions="null")
DEBUG StatusLogger Building Plugin[name=appender, class=org.apache.hadoop.hive.ql.log.HushableRandomAccessFileAppender].
DEBUG StatusLogger createAppender(fileName="/home/alex/Repositories/hive/beeline/target/tmp/alex/operation_logs/dc0a3ab7-49cc-43de-8996-8a5480ab9fad/alex_20240424081315_99bc9a50-ec9c-479b-bbe1-d4ef5d0712b1.test", append="null", name="test-query-file-appender", immediateFlush="null", bufferSize="null", ignoreExceptions="null", PatternLayout(org.apache.logging.log4j.core.layout.PatternLayout with name PatternLayout), test-filter(org.apache.hadoop.hive.ql.log.LogDivertAppenderForTest$TestFilter with name test-filter), advertise="null", advertiseURI="null", Configuration(HiveLog4j2Test))
DEBUG StatusLogger Starting RandomAccessFileManager /home/alex/Repositories/hive/beeline/target/tmp/alex/operation_logs/dc0a3ab7-49cc-43de-8996-8a5480ab9fad/alex_20240424081315_99bc9a50-ec9c-479b-bbe1-d4ef5d0712b1.test
2024-04-24T08:13:15,318  INFO [dc0a3ab7-49cc-43de-8996-8a5480ab9fad main] operation.HiveCommandOperation: [opType=EXECUTE_STATEMENT, queryId=alex_20240424081315_99bc9a50-ec9c-479b-bbe1-d4ef5d0712b1, startTime=1713971595305, sessionId=dc0a3ab7-49cc-43de-8996-8a5480ab9fad, createTime=1713971595228, userName=null, ipAddress=null]
2024-04-24T08:13:15,418  INFO [dc0a3ab7-49cc-43de-8996-8a5480ab9fad main] common.LogUtils: Unregistered logging context.
2024-04-24T08:13:15,423  INFO [dc0a3ab7-49cc-43de-8996-8a5480ab9fad main] operation.OperationManager: Closing operation: OperationHandle [opType=EXECUTE_STATEMENT, getHandleIdentifier()=d5abddda-68cb-4603-b523-5dea726c9561]
2024-04-24T08:13:15,423  INFO [dc0a3ab7-49cc-43de-8996-8a5480ab9fad main] operation.OperationManager: Removed queryId: alex_20240424081315_99bc9a50-ec9c-479b-bbe1-d4ef5d0712b1 corresponding to operation: OperationHandle [opType=EXECUTE_STATEMENT, getHandleIdentifier()=d5abddda-68cb-4603-b523-5dea726c9561] with tag: null
2024-04-24T08:13:15,424  INFO [dc0a3ab7-49cc-43de-8996-8a5480ab9fad main] operation.HiveCommandOperation: Closing operation log /home/alex/Repositories/hive/beeline/target/tmp/alex/operation_logs/dc0a3ab7-49cc-43de-8996-8a5480ab9fad/alex_20240424081315_99bc9a50-ec9c-479b-bbe1-d4ef5d0712b1 without delay
2024-04-24T08:13:15,428  INFO [dc0a3ab7-49cc-43de-8996-8a5480ab9fad main] session.HiveSessionImpl: executing use test
2024-04-24T08:13:15,430  INFO [dc0a3ab7-49cc-43de-8996-8a5480ab9fad main] operation.OperationManager: Adding operation: OperationHandle [opType=EXECUTE_STATEMENT, getHandleIdentifier()=e9acc837-6464-4382-a0ec-40a0a8782cc8] SessionHandle [dc0a3ab7-49cc-43de-8996-8a5480ab9fad]
2024-04-24T08:13:15,431  INFO [dc0a3ab7-49cc-43de-8996-8a5480ab9fad main] common.LogUtils: Thread context registration is done.
DEBUG StatusLogger Building Plugin[name=filter, class=org.apache.hadoop.hive.ql.log.LogDivertAppender$NameFilter].
DEBUG StatusLogger createFilter(loggingLevel="EXECUTION")
DEBUG StatusLogger Building Plugin[name=layout, class=org.apache.logging.log4j.core.layout.PatternLayout].
DEBUG StatusLogger PatternLayout$Builder(pattern="%-5p : %m%n", Configuration(HiveLog4j2Test), disableAnsi="null", alwaysWriteExceptions="null", Replace=null, charset="null", noConsoleNoAnsi="null", header="null", PatternSelector=null, footer="null")
DEBUG StatusLogger Building Plugin[name=appender, class=org.apache.hadoop.hive.ql.log.HushableRandomAccessFileAppender].
DEBUG StatusLogger createAppender(fileName="/home/alex/Repositories/hive/beeline/target/tmp/alex/operation_logs/dc0a3ab7-49cc-43de-8996-8a5480ab9fad/alex_20240424081315_11601dba-ec72-43f5-964d-86583c966b24", append="null", name="query-file-appender", immediateFlush="null", bufferSize="null", ignoreExceptions="null", PatternLayout(org.apache.logging.log4j.core.layout.PatternLayout with name PatternLayout), NameFilter(org.apache.hadoop.hive.ql.log.LogDivertAppender$NameFilter with name NameFilter), advertise="null", advertiseURI="null", Configuration(HiveLog4j2Test))
DEBUG StatusLogger Starting RandomAccessFileManager /home/alex/Repositories/hive/beeline/target/tmp/alex/operation_logs/dc0a3ab7-49cc-43de-8996-8a5480ab9fad/alex_20240424081315_11601dba-ec72-43f5-964d-86583c966b24
DEBUG StatusLogger Building Plugin[name=, class=org.apache.hadoop.hive.ql.log.LogDivertAppenderForTest$TestFilter].
DEBUG StatusLogger createFilter()
DEBUG StatusLogger Building Plugin[name=, class=org.apache.logging.log4j.core.layout.PatternLayout].
DEBUG StatusLogger PatternLayout$Builder(footer="null", PatternSelector=null, Replace=null, charset="null", alwaysWriteExceptions="null", header="null", disableAnsi="null", noConsoleNoAnsi="null", Configuration(HiveLog4j2Test), pattern="%-5p : %m%n")
DEBUG StatusLogger Building Plugin[name=appender, class=org.apache.hadoop.hive.ql.log.HushableRandomAccessFileAppender].
DEBUG StatusLogger createAppender(fileName="/home/alex/Repositories/hive/beeline/target/tmp/alex/operation_logs/dc0a3ab7-49cc-43de-8996-8a5480ab9fad/alex_20240424081315_11601dba-ec72-43f5-964d-86583c966b24.test", append="null", name="test-query-file-appender", immediateFlush="null", bufferSize="null", ignoreExceptions="null", PatternLayout(org.apache.logging.log4j.core.layout.PatternLayout with name PatternLayout), test-filter(org.apache.hadoop.hive.ql.log.LogDivertAppenderForTest$TestFilter with name test-filter), advertise="null", advertiseURI="null", Configuration(HiveLog4j2Test))
DEBUG StatusLogger Starting RandomAccessFileManager /home/alex/Repositories/hive/beeline/target/tmp/alex/operation_logs/dc0a3ab7-49cc-43de-8996-8a5480ab9fad/alex_20240424081315_11601dba-ec72-43f5-964d-86583c966b24.test
2024-04-24T08:13:15,443  INFO [dc0a3ab7-49cc-43de-8996-8a5480ab9fad main] operation.SQLOperation: [opType=EXECUTE_STATEMENT, queryId=alex_20240424081315_11601dba-ec72-43f5-964d-86583c966b24, startTime=1713971595429, sessionId=dc0a3ab7-49cc-43de-8996-8a5480ab9fad, createTime=1713971595228, userName=null, ipAddress=null]
2024-04-24T08:13:15,445  INFO [dc0a3ab7-49cc-43de-8996-8a5480ab9fad main] ql.Driver: Compiling command(queryId=alex_20240424081315_11601dba-ec72-43f5-964d-86583c966b24): use test
2024-04-24T08:13:15,447  INFO [dc0a3ab7-49cc-43de-8996-8a5480ab9fad main] metastore.HiveMetaStoreClient: HMS client filtering is enabled.
2024-04-24T08:13:15,449  INFO [dc0a3ab7-49cc-43de-8996-8a5480ab9fad main] metastore.HMSHandler: 0: Opening raw store with implementation class:org.apache.hadoop.hive.metastore.ObjectStore
2024-04-24T08:13:15,449  INFO [dc0a3ab7-49cc-43de-8996-8a5480ab9fad main] metastore.PersistenceManagerProvider: Configuration datanucleus.autoStartMechanismMode is not set. Defaulting to 'ignored'
2024-04-24T08:13:15,450  INFO [dc0a3ab7-49cc-43de-8996-8a5480ab9fad main] metastore.ObjectStore: RawStore: org.apache.hadoop.hive.metastore.ObjectStore@5d5d3a5c, with PersistenceManager: null will be shutdown
2024-04-24T08:13:15,451  INFO [dc0a3ab7-49cc-43de-8996-8a5480ab9fad main] metastore.ObjectStore: RawStore: org.apache.hadoop.hive.metastore.ObjectStore@5d5d3a5c, with PersistenceManager: org.datanucleus.api.jdo.JDOPersistenceManager@6e0d16a4 created in the thread with id: 1
2024-04-24T08:13:15,456  INFO [dc0a3ab7-49cc-43de-8996-8a5480ab9fad main] metastore.HMSHandler: Created RawStore: org.apache.hadoop.hive.metastore.ObjectStore@5d5d3a5c from thread id: 1
2024-04-24T08:13:15,456  INFO [dc0a3ab7-49cc-43de-8996-8a5480ab9fad main] metastore.HMSHandler: HMS server filtering is disabled by configuration
2024-04-24T08:13:15,457  INFO [dc0a3ab7-49cc-43de-8996-8a5480ab9fad main] metastore.RetryingMetaStoreClient: RetryingMetaStoreClient proxy=class org.apache.hadoop.hive.ql.metadata.SessionHiveMetaStoreClient ugi=alex (auth:SIMPLE) retries=1 delay=1 lifetime=0
2024-04-24T08:13:15,458  INFO [dc0a3ab7-49cc-43de-8996-8a5480ab9fad main] HiveMetaStore.audit: ugi=alex	ip=unknown-ip-addr	cmd=get_database: test	
2024-04-24T08:13:15,460  INFO [dc0a3ab7-49cc-43de-8996-8a5480ab9fad main] ql.Driver: Semantic Analysis Completed (retrial = false)
2024-04-24T08:13:15,460  INFO [dc0a3ab7-49cc-43de-8996-8a5480ab9fad main] ql.Driver: Created Hive schema: Schema(fieldSchemas:null, properties:null)
2024-04-24T08:13:15,460  INFO [dc0a3ab7-49cc-43de-8996-8a5480ab9fad main] metadata.Hive: Dumping metastore api call timing information for : compilation phase
2024-04-24T08:13:15,460  INFO [dc0a3ab7-49cc-43de-8996-8a5480ab9fad main] metadata.Hive: Total time spent in each metastore function (ms): {getDatabase_(String)=3, flushCache_()=0, isCompatibleWith_(Configuration)=0}
2024-04-24T08:13:15,461  INFO [dc0a3ab7-49cc-43de-8996-8a5480ab9fad main] ql.Driver: Completed compiling command(queryId=alex_20240424081315_11601dba-ec72-43f5-964d-86583c966b24); Time taken: 0.015 seconds
2024-04-24T08:13:15,462  INFO [dc0a3ab7-49cc-43de-8996-8a5480ab9fad main] common.LogUtils: Unregistered logging context.
2024-04-24T08:13:15,462  INFO [HiveServer2-Background-Pool: Thread-136] common.LogUtils: Thread context registration is done.
2024-04-24T08:13:15,463  INFO [HiveServer2-Background-Pool: Thread-136] reexec.ReExecDriver: Execution #1 of query
2024-04-24T08:13:15,463  INFO [HiveServer2-Background-Pool: Thread-136] ql.Driver: Concurrency mode is disabled, not creating a lock manager
2024-04-24T08:13:15,463  INFO [HiveServer2-Background-Pool: Thread-136] ql.Driver: Executing command(queryId=alex_20240424081315_11601dba-ec72-43f5-964d-86583c966b24): use test
2024-04-24T08:13:15,464  INFO [HiveServer2-Background-Pool: Thread-136] ql.Driver: Starting task [Stage-0:DDL] in serial mode
2024-04-24T08:13:15,465  INFO [HiveServer2-Background-Pool: Thread-136] HiveMetaStore.audit: ugi=alex	ip=unknown-ip-addr	cmd=get_database: test	
2024-04-24T08:13:15,466  INFO [HiveServer2-Background-Pool: Thread-136] metastore.HMSHandler: 4: Opening raw store with implementation class:org.apache.hadoop.hive.metastore.ObjectStore
2024-04-24T08:13:15,467  INFO [HiveServer2-Background-Pool: Thread-136] metastore.ObjectStore: RawStore: org.apache.hadoop.hive.metastore.ObjectStore@37212d3, with PersistenceManager: null will be shutdown
2024-04-24T08:13:15,467  INFO [HiveServer2-Background-Pool: Thread-136] metastore.ObjectStore: RawStore: org.apache.hadoop.hive.metastore.ObjectStore@37212d3, with PersistenceManager: org.datanucleus.api.jdo.JDOPersistenceManager@46708cd9 created in the thread with id: 136
2024-04-24T08:13:15,470  INFO [HiveServer2-Background-Pool: Thread-136] metastore.HMSHandler: Created RawStore: org.apache.hadoop.hive.metastore.ObjectStore@37212d3 from thread id: 136
2024-04-24T08:13:15,472  INFO [HiveServer2-Background-Pool: Thread-136] HiveMetaStore.audit: ugi=alex	ip=unknown-ip-addr	cmd=get_database: test	
2024-04-24T08:13:15,474  INFO [HiveServer2-Background-Pool: Thread-136] metadata.Hive: Dumping metastore api call timing information for : execution phase
2024-04-24T08:13:15,474  INFO [HiveServer2-Background-Pool: Thread-136] metadata.Hive: Total time spent in each metastore function (ms): {isCompatibleWith_(Configuration)=0, getDatabase_(String)=10}
2024-04-24T08:13:15,474  INFO [HiveServer2-Background-Pool: Thread-136] ql.Driver: Completed executing command(queryId=alex_20240424081315_11601dba-ec72-43f5-964d-86583c966b24); Time taken: 0.011 seconds
2024-04-24T08:13:15,475  INFO [HiveServer2-Background-Pool: Thread-136] common.LogUtils: Unregistered logging context.
2024-04-24T08:13:15,478  INFO [dc0a3ab7-49cc-43de-8996-8a5480ab9fad main] operation.OperationManager: Closing operation: OperationHandle [opType=EXECUTE_STATEMENT, getHandleIdentifier()=e9acc837-6464-4382-a0ec-40a0a8782cc8]
2024-04-24T08:13:15,478  INFO [dc0a3ab7-49cc-43de-8996-8a5480ab9fad main] operation.OperationManager: Removed queryId: alex_20240424081315_11601dba-ec72-43f5-964d-86583c966b24 corresponding to operation: OperationHandle [opType=EXECUTE_STATEMENT, getHandleIdentifier()=e9acc837-6464-4382-a0ec-40a0a8782cc8] with tag: null
2024-04-24T08:13:15,478  INFO [dc0a3ab7-49cc-43de-8996-8a5480ab9fad main] operation.SQLOperation: Closing operation log /home/alex/Repositories/hive/beeline/target/tmp/alex/operation_logs/dc0a3ab7-49cc-43de-8996-8a5480ab9fad/alex_20240424081315_11601dba-ec72-43f5-964d-86583c966b24 without delay
2024-04-24T08:13:15,576  WARN [main] conf.HiveConf: HiveConf of name hive.dummyparam.test.server.specific.config.hiveserver2site does not exist
2024-04-24T08:13:15,576  WARN [main] conf.HiveConf: HiveConf of name hive.dummyparam.test.server.specific.config.metastoresite does not exist
2024-04-24T08:13:15,576  WARN [main] conf.HiveConf: HiveConf of name hive.dummyparam.test.server.specific.config.override does not exist
2024-04-24T08:13:15,577  INFO [dc0a3ab7-49cc-43de-8996-8a5480ab9fad main] session.HiveSessionImpl: executing set
2024-04-24T08:13:15,578  INFO [dc0a3ab7-49cc-43de-8996-8a5480ab9fad main] operation.HiveCommandOperation: Putting temp output to file /home/alex/Repositories/hive/beeline/target/tmp/alex/dc0a3ab7-49cc-43de-8996-8a5480ab9fad3856674935382127457.pipeout and error output to file /home/alex/Repositories/hive/beeline/target/tmp/alex/dc0a3ab7-49cc-43de-8996-8a5480ab9fad5732724855485469693.pipeout
2024-04-24T08:13:15,578  INFO [dc0a3ab7-49cc-43de-8996-8a5480ab9fad main] operation.OperationManager: Adding operation: OperationHandle [opType=EXECUTE_STATEMENT, getHandleIdentifier()=c1c8dc77-c120-4c5e-9d47-cc0e79bf30c2] SessionHandle [dc0a3ab7-49cc-43de-8996-8a5480ab9fad]
2024-04-24T08:13:15,578  INFO [dc0a3ab7-49cc-43de-8996-8a5480ab9fad main] common.LogUtils: Thread context registration is done.
DEBUG StatusLogger Building Plugin[name=filter, class=org.apache.hadoop.hive.ql.log.LogDivertAppender$NameFilter].
DEBUG StatusLogger createFilter(loggingLevel="EXECUTION")
DEBUG StatusLogger Building Plugin[name=layout, class=org.apache.logging.log4j.core.layout.PatternLayout].
DEBUG StatusLogger PatternLayout$Builder(alwaysWriteExceptions="null", pattern="%-5p : %m%n", charset="null", noConsoleNoAnsi="null", header="null", Configuration(HiveLog4j2Test), Replace=null, disableAnsi="null", footer="null", PatternSelector=null)
DEBUG StatusLogger Building Plugin[name=appender, class=org.apache.hadoop.hive.ql.log.HushableRandomAccessFileAppender].
DEBUG StatusLogger createAppender(fileName="/home/alex/Repositories/hive/beeline/target/tmp/alex/operation_logs/dc0a3ab7-49cc-43de-8996-8a5480ab9fad/alex_20240424081315_a252d040-661e-4d98-a4ed-d52eab454879", append="null", name="query-file-appender", immediateFlush="null", bufferSize="null", ignoreExceptions="null", PatternLayout(org.apache.logging.log4j.core.layout.PatternLayout with name PatternLayout), NameFilter(org.apache.hadoop.hive.ql.log.LogDivertAppender$NameFilter with name NameFilter), advertise="null", advertiseURI="null", Configuration(HiveLog4j2Test))
DEBUG StatusLogger Starting RandomAccessFileManager /home/alex/Repositories/hive/beeline/target/tmp/alex/operation_logs/dc0a3ab7-49cc-43de-8996-8a5480ab9fad/alex_20240424081315_a252d040-661e-4d98-a4ed-d52eab454879
DEBUG StatusLogger Building Plugin[name=, class=org.apache.hadoop.hive.ql.log.LogDivertAppenderForTest$TestFilter].
DEBUG StatusLogger createFilter()
DEBUG StatusLogger Building Plugin[name=, class=org.apache.logging.log4j.core.layout.PatternLayout].
DEBUG StatusLogger PatternLayout$Builder(noConsoleNoAnsi="null", pattern="%-5p : %m%n", PatternSelector=null, alwaysWriteExceptions="null", footer="null", header="null", Replace=null, Configuration(HiveLog4j2Test), disableAnsi="null", charset="null")
DEBUG StatusLogger Building Plugin[name=appender, class=org.apache.hadoop.hive.ql.log.HushableRandomAccessFileAppender].
DEBUG StatusLogger createAppender(fileName="/home/alex/Repositories/hive/beeline/target/tmp/alex/operation_logs/dc0a3ab7-49cc-43de-8996-8a5480ab9fad/alex_20240424081315_a252d040-661e-4d98-a4ed-d52eab454879.test", append="null", name="test-query-file-appender", immediateFlush="null", bufferSize="null", ignoreExceptions="null", PatternLayout(org.apache.logging.log4j.core.layout.PatternLayout with name PatternLayout), test-filter(org.apache.hadoop.hive.ql.log.LogDivertAppenderForTest$TestFilter with name test-filter), advertise="null", advertiseURI="null", Configuration(HiveLog4j2Test))
DEBUG StatusLogger Starting RandomAccessFileManager /home/alex/Repositories/hive/beeline/target/tmp/alex/operation_logs/dc0a3ab7-49cc-43de-8996-8a5480ab9fad/alex_20240424081315_a252d040-661e-4d98-a4ed-d52eab454879.test
2024-04-24T08:13:15,586  INFO [dc0a3ab7-49cc-43de-8996-8a5480ab9fad main] operation.HiveCommandOperation: [opType=EXECUTE_STATEMENT, queryId=alex_20240424081315_a252d040-661e-4d98-a4ed-d52eab454879, startTime=1713971595577, sessionId=dc0a3ab7-49cc-43de-8996-8a5480ab9fad, createTime=1713971595228, userName=null, ipAddress=null]
2024-04-24T08:13:15,675  INFO [dc0a3ab7-49cc-43de-8996-8a5480ab9fad main] common.LogUtils: Unregistered logging context.
2024-04-24T08:13:15,680  INFO [dc0a3ab7-49cc-43de-8996-8a5480ab9fad main] operation.OperationManager: Closing operation: OperationHandle [opType=EXECUTE_STATEMENT, getHandleIdentifier()=c1c8dc77-c120-4c5e-9d47-cc0e79bf30c2]
2024-04-24T08:13:15,680  INFO [dc0a3ab7-49cc-43de-8996-8a5480ab9fad main] operation.OperationManager: Removed queryId: alex_20240424081315_a252d040-661e-4d98-a4ed-d52eab454879 corresponding to operation: OperationHandle [opType=EXECUTE_STATEMENT, getHandleIdentifier()=c1c8dc77-c120-4c5e-9d47-cc0e79bf30c2] with tag: null
2024-04-24T08:13:15,680  INFO [dc0a3ab7-49cc-43de-8996-8a5480ab9fad main] operation.HiveCommandOperation: Closing operation log /home/alex/Repositories/hive/beeline/target/tmp/alex/operation_logs/dc0a3ab7-49cc-43de-8996-8a5480ab9fad/alex_20240424081315_a252d040-661e-4d98-a4ed-d52eab454879 without delay
2024-04-24T08:13:15,683  INFO [dc0a3ab7-49cc-43de-8996-8a5480ab9fad main] session.HiveSessionImpl: executing show tables
2024-04-24T08:13:15,685  INFO [dc0a3ab7-49cc-43de-8996-8a5480ab9fad main] operation.OperationManager: Adding operation: OperationHandle [opType=EXECUTE_STATEMENT, getHandleIdentifier()=77dd0fa0-065e-40e5-bc10-9c756750dbfb] SessionHandle [dc0a3ab7-49cc-43de-8996-8a5480ab9fad]
2024-04-24T08:13:15,685  INFO [dc0a3ab7-49cc-43de-8996-8a5480ab9fad main] common.LogUtils: Thread context registration is done.
DEBUG StatusLogger Building Plugin[name=filter, class=org.apache.hadoop.hive.ql.log.LogDivertAppender$NameFilter].
DEBUG StatusLogger createFilter(loggingLevel="EXECUTION")
DEBUG StatusLogger Building Plugin[name=layout, class=org.apache.logging.log4j.core.layout.PatternLayout].
DEBUG StatusLogger PatternLayout$Builder(pattern="%-5p : %m%n", noConsoleNoAnsi="null", Replace=null, Configuration(HiveLog4j2Test), charset="null", PatternSelector=null, alwaysWriteExceptions="null", footer="null", header="null", disableAnsi="null")
DEBUG StatusLogger Building Plugin[name=appender, class=org.apache.hadoop.hive.ql.log.HushableRandomAccessFileAppender].
DEBUG StatusLogger createAppender(fileName="/home/alex/Repositories/hive/beeline/target/tmp/alex/operation_logs/dc0a3ab7-49cc-43de-8996-8a5480ab9fad/alex_20240424081315_01d50f5c-80fc-4e10-8aac-a890e32ff574", append="null", name="query-file-appender", immediateFlush="null", bufferSize="null", ignoreExceptions="null", PatternLayout(org.apache.logging.log4j.core.layout.PatternLayout with name PatternLayout), NameFilter(org.apache.hadoop.hive.ql.log.LogDivertAppender$NameFilter with name NameFilter), advertise="null", advertiseURI="null", Configuration(HiveLog4j2Test))
DEBUG StatusLogger Starting RandomAccessFileManager /home/alex/Repositories/hive/beeline/target/tmp/alex/operation_logs/dc0a3ab7-49cc-43de-8996-8a5480ab9fad/alex_20240424081315_01d50f5c-80fc-4e10-8aac-a890e32ff574
DEBUG StatusLogger Building Plugin[name=, class=org.apache.hadoop.hive.ql.log.LogDivertAppenderForTest$TestFilter].
DEBUG StatusLogger createFilter()
DEBUG StatusLogger Building Plugin[name=, class=org.apache.logging.log4j.core.layout.PatternLayout].
DEBUG StatusLogger PatternLayout$Builder(footer="null", disableAnsi="null", noConsoleNoAnsi="null", PatternSelector=null, alwaysWriteExceptions="null", pattern="%-5p : %m%n", Replace=null, Configuration(HiveLog4j2Test), charset="null", header="null")
DEBUG StatusLogger Building Plugin[name=appender, class=org.apache.hadoop.hive.ql.log.HushableRandomAccessFileAppender].
DEBUG StatusLogger createAppender(fileName="/home/alex/Repositories/hive/beeline/target/tmp/alex/operation_logs/dc0a3ab7-49cc-43de-8996-8a5480ab9fad/alex_20240424081315_01d50f5c-80fc-4e10-8aac-a890e32ff574.test", append="null", name="test-query-file-appender", immediateFlush="null", bufferSize="null", ignoreExceptions="null", PatternLayout(org.apache.logging.log4j.core.layout.PatternLayout with name PatternLayout), test-filter(org.apache.hadoop.hive.ql.log.LogDivertAppenderForTest$TestFilter with name test-filter), advertise="null", advertiseURI="null", Configuration(HiveLog4j2Test))
DEBUG StatusLogger Starting RandomAccessFileManager /home/alex/Repositories/hive/beeline/target/tmp/alex/operation_logs/dc0a3ab7-49cc-43de-8996-8a5480ab9fad/alex_20240424081315_01d50f5c-80fc-4e10-8aac-a890e32ff574.test
2024-04-24T08:13:15,696  INFO [dc0a3ab7-49cc-43de-8996-8a5480ab9fad main] operation.SQLOperation: [opType=EXECUTE_STATEMENT, queryId=alex_20240424081315_01d50f5c-80fc-4e10-8aac-a890e32ff574, startTime=1713971595683, sessionId=dc0a3ab7-49cc-43de-8996-8a5480ab9fad, createTime=1713971595228, userName=null, ipAddress=null]
2024-04-24T08:13:15,697  INFO [dc0a3ab7-49cc-43de-8996-8a5480ab9fad main] ql.Driver: Compiling command(queryId=alex_20240424081315_01d50f5c-80fc-4e10-8aac-a890e32ff574): show tables
2024-04-24T08:13:15,702  INFO [dc0a3ab7-49cc-43de-8996-8a5480ab9fad main] HiveMetaStore.audit: ugi=alex	ip=unknown-ip-addr	cmd=get_database: test	
2024-04-24T08:13:15,706  INFO [dc0a3ab7-49cc-43de-8996-8a5480ab9fad main] ql.Driver: Semantic Analysis Completed (retrial = false)
2024-04-24T08:13:15,728  INFO [dc0a3ab7-49cc-43de-8996-8a5480ab9fad main] ql.Driver: Created Hive schema: Schema(fieldSchemas:[FieldSchema(name:tab_name, type:string, comment:from deserializer)], properties:null)
2024-04-24T08:13:15,779  INFO [dc0a3ab7-49cc-43de-8996-8a5480ab9fad main] exec.ListSinkOperator: Initializing Operator: LIST_SINK[0]
2024-04-24T08:13:15,784  INFO [dc0a3ab7-49cc-43de-8996-8a5480ab9fad main] metadata.Hive: Dumping metastore api call timing information for : compilation phase
2024-04-24T08:13:15,784  INFO [dc0a3ab7-49cc-43de-8996-8a5480ab9fad main] metadata.Hive: Total time spent in each metastore function (ms): {isCompatibleWith_(Configuration)=0, getDatabase_(String)=2, flushCache_()=1}
2024-04-24T08:13:15,785  INFO [dc0a3ab7-49cc-43de-8996-8a5480ab9fad main] ql.Driver: Completed compiling command(queryId=alex_20240424081315_01d50f5c-80fc-4e10-8aac-a890e32ff574); Time taken: 0.088 seconds
2024-04-24T08:13:15,786  INFO [dc0a3ab7-49cc-43de-8996-8a5480ab9fad main] common.LogUtils: Unregistered logging context.
2024-04-24T08:13:15,786  INFO [HiveServer2-Background-Pool: Thread-140] common.LogUtils: Thread context registration is done.
2024-04-24T08:13:15,786  INFO [HiveServer2-Background-Pool: Thread-140] reexec.ReExecDriver: Execution #1 of query
2024-04-24T08:13:15,787  INFO [HiveServer2-Background-Pool: Thread-140] ql.Driver: Concurrency mode is disabled, not creating a lock manager
2024-04-24T08:13:15,787  INFO [HiveServer2-Background-Pool: Thread-140] ql.Driver: Executing command(queryId=alex_20240424081315_01d50f5c-80fc-4e10-8aac-a890e32ff574): show tables
2024-04-24T08:13:15,787  INFO [HiveServer2-Background-Pool: Thread-140] ql.Driver: Starting task [Stage-0:DDL] in serial mode
2024-04-24T08:13:15,788  INFO [HiveServer2-Background-Pool: Thread-140] HiveMetaStore.audit: ugi=alex	ip=unknown-ip-addr	cmd=get_database: test	
2024-04-24T08:13:15,789  INFO [HiveServer2-Background-Pool: Thread-140] metastore.HMSHandler: 5: Opening raw store with implementation class:org.apache.hadoop.hive.metastore.ObjectStore
2024-04-24T08:13:15,790  INFO [HiveServer2-Background-Pool: Thread-140] metastore.ObjectStore: RawStore: org.apache.hadoop.hive.metastore.ObjectStore@4bb99114, with PersistenceManager: null will be shutdown
2024-04-24T08:13:15,790  INFO [HiveServer2-Background-Pool: Thread-140] metastore.ObjectStore: RawStore: org.apache.hadoop.hive.metastore.ObjectStore@4bb99114, with PersistenceManager: org.datanucleus.api.jdo.JDOPersistenceManager@ebb0607 created in the thread with id: 140
2024-04-24T08:13:15,794  INFO [HiveServer2-Background-Pool: Thread-140] metastore.HMSHandler: Created RawStore: org.apache.hadoop.hive.metastore.ObjectStore@4bb99114 from thread id: 140
2024-04-24T08:13:15,799  INFO [HiveServer2-Background-Pool: Thread-140] HiveMetaStore.audit: ugi=alex	ip=unknown-ip-addr	cmd=get_multi_table : db=test tbls=null	
2024-04-24T08:13:15,824  INFO [HiveServer2-Background-Pool: Thread-140] sqlstd.SQLStdHiveAccessController: Created SQLStdHiveAccessController for session context : HiveAuthzSessionContext [sessionString=dc0a3ab7-49cc-43de-8996-8a5480ab9fad, clientType=HIVESERVER2]
2024-04-24T08:13:15,838  INFO [HiveServer2-Background-Pool: Thread-140] metadata.Hive: Dumping metastore api call timing information for : execution phase
2024-04-24T08:13:15,838  INFO [HiveServer2-Background-Pool: Thread-140] metadata.Hive: Total time spent in each metastore function (ms): {getTables_(String, String)=29, getDatabase_(String)=8, isCompatibleWith_(Configuration)=0}
2024-04-24T08:13:15,838  INFO [HiveServer2-Background-Pool: Thread-140] ql.Driver: Completed executing command(queryId=alex_20240424081315_01d50f5c-80fc-4e10-8aac-a890e32ff574); Time taken: 0.051 seconds
2024-04-24T08:13:15,839  INFO [HiveServer2-Background-Pool: Thread-140] common.LogUtils: Unregistered logging context.
2024-04-24T08:13:15,840  INFO [dc0a3ab7-49cc-43de-8996-8a5480ab9fad main] operation.OperationManager: Closing operation: OperationHandle [opType=EXECUTE_STATEMENT, getHandleIdentifier()=77dd0fa0-065e-40e5-bc10-9c756750dbfb]
2024-04-24T08:13:15,840  INFO [dc0a3ab7-49cc-43de-8996-8a5480ab9fad main] operation.OperationManager: Removed queryId: alex_20240424081315_01d50f5c-80fc-4e10-8aac-a890e32ff574 corresponding to operation: OperationHandle [opType=EXECUTE_STATEMENT, getHandleIdentifier()=77dd0fa0-065e-40e5-bc10-9c756750dbfb] with tag: null
2024-04-24T08:13:15,841  INFO [dc0a3ab7-49cc-43de-8996-8a5480ab9fad main] ql.Context: Deleting scratch dir: file:/home/alex/Repositories/hive/beeline/target/tmp/alex/dc0a3ab7-49cc-43de-8996-8a5480ab9fad/hive_2024-04-24_08-13-15_696_1658501858529228848-1
2024-04-24T08:13:15,841  INFO [dc0a3ab7-49cc-43de-8996-8a5480ab9fad main] cleanup.EventualCleanupService: Delete file:/home/alex/Repositories/hive/beeline/target/tmp/alex/dc0a3ab7-49cc-43de-8996-8a5480ab9fad/hive_2024-04-24_08-13-15_696_1658501858529228848-1 operation was queued
2024-04-24T08:13:15,841  INFO [dc0a3ab7-49cc-43de-8996-8a5480ab9fad main] exec.ListSinkOperator: Closing Operator: LIST_SINK[0]
2024-04-24T08:13:15,841  INFO [EventualCleanupService thread 0] cleanup.EventualCleanupService: Deleted file:/home/alex/Repositories/hive/beeline/target/tmp/alex/dc0a3ab7-49cc-43de-8996-8a5480ab9fad/hive_2024-04-24_08-13-15_696_1658501858529228848-1
2024-04-24T08:13:15,842  INFO [dc0a3ab7-49cc-43de-8996-8a5480ab9fad main] exec.ListSinkOperator: RECORDS_OUT_OPERATOR_LIST_SINK_0:0, RECORDS_OUT_INTERMEDIATE:0, 
2024-04-24T08:13:15,842  INFO [dc0a3ab7-49cc-43de-8996-8a5480ab9fad main] operation.SQLOperation: Closing operation log /home/alex/Repositories/hive/beeline/target/tmp/alex/operation_logs/dc0a3ab7-49cc-43de-8996-8a5480ab9fad/alex_20240424081315_01d50f5c-80fc-4e10-8aac-a890e32ff574 without delay
2024-04-24T08:13:15,846  INFO [main] service.CompositeService: Session closed, SessionHandle [dc0a3ab7-49cc-43de-8996-8a5480ab9fad], current sessions:0
2024-04-24T08:13:15,847  INFO [dc0a3ab7-49cc-43de-8996-8a5480ab9fad main] session.HiveSessionImpl: Operation log session directory is deleted: /home/alex/Repositories/hive/beeline/target/tmp/alex/operation_logs/dc0a3ab7-49cc-43de-8996-8a5480ab9fad
2024-04-24T08:13:15,847  INFO [main] cleanup.EventualCleanupService: Delete /tmp/hive/alex/dc0a3ab7-49cc-43de-8996-8a5480ab9fad operation was queued
2024-04-24T08:13:15,847  INFO [main] cleanup.EventualCleanupService: Delete /home/alex/Repositories/hive/beeline/target/tmp/alex/dc0a3ab7-49cc-43de-8996-8a5480ab9fad operation was queued
2024-04-24T08:13:15,847  INFO [EventualCleanupService thread 1] cleanup.EventualCleanupService: Deleted /tmp/hive/alex/dc0a3ab7-49cc-43de-8996-8a5480ab9fad
2024-04-24T08:13:15,847  INFO [EventualCleanupService thread 2] cleanup.EventualCleanupService: Deleted /home/alex/Repositories/hive/beeline/target/tmp/alex/dc0a3ab7-49cc-43de-8996-8a5480ab9fad
2024-04-24T08:13:15,848  INFO [main] HiveMetaStore.audit: ugi=alex	ip=unknown-ip-addr	cmd=Cleaning up thread local RawStore...	
2024-04-24T08:13:15,848  INFO [main] metastore.ObjectStore: RawStore: org.apache.hadoop.hive.metastore.ObjectStore@5d5d3a5c, with PersistenceManager: org.datanucleus.api.jdo.JDOPersistenceManager@6e0d16a4 will be shutdown
2024-04-24T08:13:15,848  INFO [main] HiveMetaStore.audit: ugi=alex	ip=unknown-ip-addr	cmd=Done cleaning up thread local RawStore	
2024-04-24T08:13:15,848  INFO [main] metastore.HiveMetaStoreClient: Closed a connection to metastore, current connections: -6
2024-04-24T08:13:15,849 ERROR [main] cli.TestHiveCli: Failed due to the error:Connecting to jdbc:hive2://
Hive Session ID = 0666f5d1-0101-4390-a14e-6f7c4804a9f8
ivysettings.xml file not found in HIVE_HOME or HIVE_CONF_DIR,/home/alex/Repositories/hive/conf/ivysettings.xml will be used
ivysettings.xml file not found in HIVE_HOME or HIVE_CONF_DIR,/home/alex/Repositories/hive/conf/ivysettings.xml will be used
Connected to: Apache Hive (version 4.0.0-SNAPSHOT)
Error: Couldn't load manifest attributes. (state=,code=0)
Transaction isolation: TRANSACTION_REPEATABLE_READ
INFO  : Compiling command(queryId=alex_20240424081315_11601dba-ec72-43f5-964d-86583c966b24): use test
INFO  : Semantic Analysis Completed (retrial = false)
INFO  : Created Hive schema: Schema(fieldSchemas:null, properties:null)
INFO  : Completed compiling command(queryId=alex_20240424081315_11601dba-ec72-43f5-964d-86583c966b24); Time taken: 0.015 seconds
INFO  : Concurrency mode is disabled, not creating a lock manager
INFO  : Executing command(queryId=alex_20240424081315_11601dba-ec72-43f5-964d-86583c966b24): use test
INFO  : Starting task [Stage-0:DDL] in serial mode
DEBUG : Task getting executed using mapred tag : alex_20240424081315_11601dba-ec72-43f5-964d-86583c966b24,userid=null
INFO  : Completed executing command(queryId=alex_20240424081315_11601dba-ec72-43f5-964d-86583c966b24); Time taken: 0.011 seconds
DEBUG : Shutting down query use test
Error: Failed to wait for operation to complete (state=08S01,code=0)
Beeline version ??? by Apache Hive
hive> source /home/alex/Repositories/hive/beeline/target/tmp/test4081680920362856111.sql;desc testSrcTbl4;
INFO  : Compiling command(queryId=alex_20240424081315_01d50f5c-80fc-4e10-8aac-a890e32ff574): show tables
INFO  : Semantic Analysis Completed (retrial = false)
INFO  : Created Hive schema: Schema(fieldSchemas:[FieldSchema(name:tab_name, type:string, comment:from deserializer)], properties:null)
INFO  : Completed compiling command(queryId=alex_20240424081315_01d50f5c-80fc-4e10-8aac-a890e32ff574); Time taken: 0.088 seconds
INFO  : Concurrency mode is disabled, not creating a lock manager
INFO  : Executing command(queryId=alex_20240424081315_01d50f5c-80fc-4e10-8aac-a890e32ff574): show tables
INFO  : Starting task [Stage-0:DDL] in serial mode
DEBUG : Task getting executed using mapred tag : alex_20240424081315_01d50f5c-80fc-4e10-8aac-a890e32ff574,userid=null
INFO  : Completed executing command(queryId=alex_20240424081315_01d50f5c-80fc-4e10-8aac-a890e32ff574); Time taken: 0.051 seconds
DEBUG : Shutting down query show tables
Error: Failed to wait for operation to complete (state=08S01,code=0)
hive> quit;
Closing: 0: jdbc:hive2://

]]></system-err>
  </testcase>
  <testcase name="testSourceCmd4" classname="org.apache.hive.beeline.cli.TestHiveCli" time="0.522">
    <failure type="java.lang.AssertionError"><![CDATA[java.lang.AssertionError: Supported return code is 0 while the actual is 2
	at org.junit.Assert.fail(Assert.java:89)
	at org.apache.hive.beeline.cli.TestHiveCli.executeCMD(TestHiveCli.java:256)
	at org.apache.hive.beeline.cli.TestHiveCli.verifyCMD(TestHiveCli.java:266)
	at org.apache.hive.beeline.cli.TestHiveCli.testSourceCmd4(TestHiveCli.java:138)
	at sun.reflect.NativeMethodAccessorImpl.invoke0(Native Method)
	at sun.reflect.NativeMethodAccessorImpl.invoke(NativeMethodAccessorImpl.java:62)
	at sun.reflect.DelegatingMethodAccessorImpl.invoke(DelegatingMethodAccessorImpl.java:43)
	at java.lang.reflect.Method.invoke(Method.java:498)
	at org.junit.runners.model.FrameworkMethod$1.runReflectiveCall(FrameworkMethod.java:59)
	at org.junit.internal.runners.model.ReflectiveCallable.run(ReflectiveCallable.java:12)
	at org.junit.runners.model.FrameworkMethod.invokeExplosively(FrameworkMethod.java:56)
	at org.junit.internal.runners.statements.InvokeMethod.evaluate(InvokeMethod.java:17)
	at org.junit.internal.runners.statements.RunBefores.evaluate(RunBefores.java:26)
	at org.junit.internal.runners.statements.RunAfters.evaluate(RunAfters.java:27)
	at org.junit.runners.ParentRunner$3.evaluate(ParentRunner.java:306)
	at org.junit.runners.BlockJUnit4ClassRunner$1.evaluate(BlockJUnit4ClassRunner.java:100)
	at org.junit.runners.ParentRunner.runLeaf(ParentRunner.java:366)
	at org.junit.runners.BlockJUnit4ClassRunner.runChild(BlockJUnit4ClassRunner.java:103)
	at org.junit.runners.BlockJUnit4ClassRunner.runChild(BlockJUnit4ClassRunner.java:63)
	at org.junit.runners.ParentRunner$4.run(ParentRunner.java:331)
	at org.junit.runners.ParentRunner$1.schedule(ParentRunner.java:79)
	at org.junit.runners.ParentRunner.runChildren(ParentRunner.java:329)
	at org.junit.runners.ParentRunner.access$100(ParentRunner.java:66)
	at org.junit.runners.ParentRunner$2.evaluate(ParentRunner.java:293)
	at org.junit.internal.runners.statements.RunBefores.evaluate(RunBefores.java:26)
	at org.junit.runners.ParentRunner$3.evaluate(ParentRunner.java:306)
	at org.junit.runners.ParentRunner.run(ParentRunner.java:413)
	at org.junit.runner.JUnitCore.run(JUnitCore.java:137)
	at org.junit.runner.JUnitCore.run(JUnitCore.java:115)
	at org.junit.vintage.engine.execution.RunnerExecutor.execute(RunnerExecutor.java:43)
	at java.util.stream.ForEachOps$ForEachOp$OfRef.accept(ForEachOps.java:183)
	at java.util.stream.ReferencePipeline$3$1.accept(ReferencePipeline.java:193)
	at java.util.Iterator.forEachRemaining(Iterator.java:116)
	at java.util.Spliterators$IteratorSpliterator.forEachRemaining(Spliterators.java:1801)
	at java.util.stream.AbstractPipeline.copyInto(AbstractPipeline.java:482)
	at java.util.stream.AbstractPipeline.wrapAndCopyInto(AbstractPipeline.java:472)
	at java.util.stream.ForEachOps$ForEachOp.evaluateSequential(ForEachOps.java:150)
	at java.util.stream.ForEachOps$ForEachOp$OfRef.evaluateSequential(ForEachOps.java:173)
	at java.util.stream.AbstractPipeline.evaluate(AbstractPipeline.java:234)
	at java.util.stream.ReferencePipeline.forEach(ReferencePipeline.java:485)
	at org.junit.vintage.engine.VintageTestEngine.executeAllChildren(VintageTestEngine.java:82)
	at org.junit.vintage.engine.VintageTestEngine.execute(VintageTestEngine.java:73)
	at org.junit.platform.launcher.core.DefaultLauncher.execute(DefaultLauncher.java:248)
	at org.junit.platform.launcher.core.DefaultLauncher.lambda$execute$5(DefaultLauncher.java:211)
	at org.junit.platform.launcher.core.DefaultLauncher.withInterceptedStreams(DefaultLauncher.java:226)
	at org.junit.platform.launcher.core.DefaultLauncher.execute(DefaultLauncher.java:199)
	at org.junit.platform.launcher.core.DefaultLauncher.execute(DefaultLauncher.java:132)
	at org.apache.maven.surefire.junitplatform.JUnitPlatformProvider.invokeAllTests(JUnitPlatformProvider.java:154)
	at org.apache.maven.surefire.junitplatform.JUnitPlatformProvider.invoke(JUnitPlatformProvider.java:123)
	at org.apache.maven.surefire.booter.ForkedBooter.runSuitesInProcess(ForkedBooter.java:377)
	at org.apache.maven.surefire.booter.ForkedBooter.execute(ForkedBooter.java:138)
	at org.apache.maven.surefire.booter.ForkedBooter.run(ForkedBooter.java:465)
	at org.apache.maven.surefire.booter.ForkedBooter.main(ForkedBooter.java:451)
]]></failure>
    <system-err><![CDATA[2024-04-24T08:13:15,850 ERROR [main] cli.TestHiveCli: Failed to execute command due to the error: java.lang.NullPointerException: Null output stream
2024-04-24T08:13:15,898  WARN [main] conf.HiveConf: HiveConf of name hive.dummyparam.test.server.specific.config.hiveserver2site does not exist
2024-04-24T08:13:15,899  WARN [main] conf.HiveConf: HiveConf of name hive.dummyparam.test.server.specific.config.metastoresite does not exist
2024-04-24T08:13:15,899  WARN [main] conf.HiveConf: HiveConf of name hive.dummyparam.test.server.specific.config.override does not exist
2024-04-24T08:13:15,899  INFO [main] SessionState: Hive Session ID = 42b1f09d-75d4-49a2-975b-8e26ba7cc6b7
2024-04-24T08:13:15,900  INFO [main] DependencyResolver: ivysettings.xml file not found in HIVE_HOME or HIVE_CONF_DIR,/home/alex/Repositories/hive/conf/ivysettings.xml will be used
2024-04-24T08:13:15,908  INFO [main] session.SessionState: Created HDFS directory: /tmp/hive/alex/42b1f09d-75d4-49a2-975b-8e26ba7cc6b7
2024-04-24T08:13:15,911  INFO [main] session.SessionState: Created local directory: /home/alex/Repositories/hive/beeline/target/tmp/alex/42b1f09d-75d4-49a2-975b-8e26ba7cc6b7
2024-04-24T08:13:15,914  INFO [main] session.SessionState: Created HDFS directory: /tmp/hive/alex/42b1f09d-75d4-49a2-975b-8e26ba7cc6b7/_tmp_space.db
2024-04-24T08:13:15,914  INFO [main] sqlstd.SQLStdHiveAccessController: Created SQLStdHiveAccessController for session context : HiveAuthzSessionContext [sessionString=42b1f09d-75d4-49a2-975b-8e26ba7cc6b7, clientType=HIVESERVER2]
2024-04-24T08:13:15,915  INFO [main] metastore.HiveMetaStoreClient: HMS client filtering is enabled.
2024-04-24T08:13:15,916  INFO [main] metastore.HMSHandler: 0: Opening raw store with implementation class:org.apache.hadoop.hive.metastore.ObjectStore
2024-04-24T08:13:15,916  INFO [main] metastore.PersistenceManagerProvider: Configuration datanucleus.autoStartMechanismMode is not set. Defaulting to 'ignored'
2024-04-24T08:13:15,917  INFO [main] metastore.ObjectStore: RawStore: org.apache.hadoop.hive.metastore.ObjectStore@bf2aa32, with PersistenceManager: null will be shutdown
2024-04-24T08:13:15,917  INFO [main] metastore.ObjectStore: RawStore: org.apache.hadoop.hive.metastore.ObjectStore@bf2aa32, with PersistenceManager: org.datanucleus.api.jdo.JDOPersistenceManager@56da96b3 created in the thread with id: 1
2024-04-24T08:13:15,921  INFO [main] metastore.HMSHandler: Created RawStore: org.apache.hadoop.hive.metastore.ObjectStore@bf2aa32 from thread id: 1
2024-04-24T08:13:15,921  INFO [main] metastore.HMSHandler: HMS server filtering is disabled by configuration
2024-04-24T08:13:15,921  INFO [main] metastore.RetryingMetaStoreClient: RetryingMetaStoreClient proxy=class org.apache.hadoop.hive.ql.metadata.SessionHiveMetaStoreClient ugi=alex (auth:SIMPLE) retries=1 delay=1 lifetime=0
2024-04-24T08:13:15,921  INFO [main] service.CompositeService: Operation log root directory is created: /home/alex/Repositories/hive/beeline/target/tmp/alex/operation_logs
2024-04-24T08:13:15,921  INFO [main] service.CompositeService: HiveServer2: Background operation thread pool size: 100
2024-04-24T08:13:15,922  INFO [main] service.CompositeService: HiveServer2: Background operation thread wait queue size: 100
2024-04-24T08:13:15,922  INFO [main] service.CompositeService: HiveServer2: Background operation thread keepalive time: 10 seconds
2024-04-24T08:13:15,922  INFO [main] service.CompositeService: Connections limit are user: 0 ipaddress: 0 user-ipaddress: 0
2024-04-24T08:13:15,923  INFO [main] cleanup.EventualCleanupService: EventualCleanupService started with 10 threads and queue of size 10000
ERROR StatusLogger Log4j2 ConfigurationScheduler attempted to increment scheduled items after start
ERROR StatusLogger Log4j2 ConfigurationScheduler attempted to increment scheduled items after start
2024-04-24T08:13:15,925  INFO [main] service.AbstractService: Service:OperationManager is inited.
2024-04-24T08:13:15,926  INFO [main] service.AbstractService: Service:SessionManager is inited.
2024-04-24T08:13:15,926  INFO [main] service.AbstractService: Service:CLIService is inited.
2024-04-24T08:13:15,926  INFO [main] service.AbstractService: Service:OperationManager is started.
2024-04-24T08:13:15,926  INFO [main] service.AbstractService: Service:SessionManager is started.
2024-04-24T08:13:15,926  INFO [main] service.AbstractService: Service:CLIService is started.
2024-04-24T08:13:15,926  INFO [main] service.AbstractService: Service:ThriftBinaryCLIService is inited.
2024-04-24T08:13:15,926  INFO [main] thrift.ThriftCLIService: Client protocol version: HIVE_CLI_SERVICE_PROTOCOL_V10
2024-04-24T08:13:15,926  INFO [main] thrift.ThriftCLIService: Creating Hive session handle for user [null] from IP null
2024-04-24T08:13:15,928  INFO [main] DependencyResolver: ivysettings.xml file not found in HIVE_HOME or HIVE_CONF_DIR,/home/alex/Repositories/hive/conf/ivysettings.xml will be used
2024-04-24T08:13:15,935  INFO [main] session.SessionState: Created HDFS directory: /tmp/hive/alex/11c1d18c-3e36-43ff-8f74-9212906f48aa
2024-04-24T08:13:15,939  INFO [main] session.SessionState: Created local directory: /home/alex/Repositories/hive/beeline/target/tmp/alex/11c1d18c-3e36-43ff-8f74-9212906f48aa
2024-04-24T08:13:15,942  INFO [main] session.SessionState: Created HDFS directory: /tmp/hive/alex/11c1d18c-3e36-43ff-8f74-9212906f48aa/_tmp_space.db
2024-04-24T08:13:15,942  INFO [main] session.SessionState: Reloading auxiliary JAR files
2024-04-24T08:13:15,942  WARN [main] session.SessionState: Configuration hive.reloadable.aux.jars.path not specified
2024-04-24T08:13:15,942  INFO [main] HiveMetaStore.audit: ugi=alex	ip=unknown-ip-addr	cmd=Cleaning up thread local RawStore...	
2024-04-24T08:13:15,942  INFO [main] metastore.ObjectStore: RawStore: org.apache.hadoop.hive.metastore.ObjectStore@bf2aa32, with PersistenceManager: org.datanucleus.api.jdo.JDOPersistenceManager@56da96b3 will be shutdown
2024-04-24T08:13:15,942  INFO [main] HiveMetaStore.audit: ugi=alex	ip=unknown-ip-addr	cmd=Done cleaning up thread local RawStore	
2024-04-24T08:13:15,943  INFO [main] metastore.HiveMetaStoreClient: Closed a connection to metastore, current connections: -7
2024-04-24T08:13:15,943  INFO [main] session.HiveSessionImpl: Operation log session directory is created: /home/alex/Repositories/hive/beeline/target/tmp/alex/operation_logs/11c1d18c-3e36-43ff-8f74-9212906f48aa
2024-04-24T08:13:15,943  INFO [main] service.CompositeService: Session opened, SessionHandle [11c1d18c-3e36-43ff-8f74-9212906f48aa], current sessions:1
2024-04-24T08:13:15,943  INFO [main] thrift.ThriftCLIService: Login attempt is successful for user : null
2024-04-24T08:13:15,996  WARN [main] conf.HiveConf: HiveConf of name hive.dummyparam.test.server.specific.config.metastoresite does not exist
2024-04-24T08:13:15,996  WARN [main] conf.HiveConf: HiveConf of name hive.dummyparam.test.server.specific.config.override does not exist
2024-04-24T08:13:15,996  WARN [main] conf.HiveConf: HiveConf of name hive.dummyparam.test.server.specific.config.hiveserver2site does not exist
2024-04-24T08:13:15,997  INFO [11c1d18c-3e36-43ff-8f74-9212906f48aa main] session.HiveSessionImpl: executing set
2024-04-24T08:13:15,998  INFO [11c1d18c-3e36-43ff-8f74-9212906f48aa main] operation.HiveCommandOperation: Putting temp output to file /home/alex/Repositories/hive/beeline/target/tmp/alex/11c1d18c-3e36-43ff-8f74-9212906f48aa2172280799799745048.pipeout and error output to file /home/alex/Repositories/hive/beeline/target/tmp/alex/11c1d18c-3e36-43ff-8f74-9212906f48aa721456193954238072.pipeout
2024-04-24T08:13:15,998  INFO [11c1d18c-3e36-43ff-8f74-9212906f48aa main] operation.OperationManager: Adding operation: OperationHandle [opType=EXECUTE_STATEMENT, getHandleIdentifier()=b8750a4e-b039-4eff-88df-131146774b10] SessionHandle [11c1d18c-3e36-43ff-8f74-9212906f48aa]
2024-04-24T08:13:15,998  INFO [11c1d18c-3e36-43ff-8f74-9212906f48aa main] common.LogUtils: Thread context registration is done.
DEBUG StatusLogger Building Plugin[name=filter, class=org.apache.hadoop.hive.ql.log.LogDivertAppender$NameFilter].
DEBUG StatusLogger createFilter(loggingLevel="EXECUTION")
DEBUG StatusLogger Building Plugin[name=layout, class=org.apache.logging.log4j.core.layout.PatternLayout].
DEBUG StatusLogger PatternLayout$Builder(Replace=null, pattern="%-5p : %m%n", alwaysWriteExceptions="null", charset="null", noConsoleNoAnsi="null", PatternSelector=null, disableAnsi="null", footer="null", Configuration(HiveLog4j2Test), header="null")
DEBUG StatusLogger Building Plugin[name=appender, class=org.apache.hadoop.hive.ql.log.HushableRandomAccessFileAppender].
DEBUG StatusLogger createAppender(fileName="/home/alex/Repositories/hive/beeline/target/tmp/alex/operation_logs/11c1d18c-3e36-43ff-8f74-9212906f48aa/alex_20240424081315_fa92274f-bf86-4c08-bf05-d7a0a86ee156", append="null", name="query-file-appender", immediateFlush="null", bufferSize="null", ignoreExceptions="null", PatternLayout(org.apache.logging.log4j.core.layout.PatternLayout with name PatternLayout), NameFilter(org.apache.hadoop.hive.ql.log.LogDivertAppender$NameFilter with name NameFilter), advertise="null", advertiseURI="null", Configuration(HiveLog4j2Test))
DEBUG StatusLogger Starting RandomAccessFileManager /home/alex/Repositories/hive/beeline/target/tmp/alex/operation_logs/11c1d18c-3e36-43ff-8f74-9212906f48aa/alex_20240424081315_fa92274f-bf86-4c08-bf05-d7a0a86ee156
DEBUG StatusLogger Building Plugin[name=, class=org.apache.hadoop.hive.ql.log.LogDivertAppenderForTest$TestFilter].
DEBUG StatusLogger createFilter()
DEBUG StatusLogger Building Plugin[name=, class=org.apache.logging.log4j.core.layout.PatternLayout].
DEBUG StatusLogger PatternLayout$Builder(disableAnsi="null", noConsoleNoAnsi="null", alwaysWriteExceptions="null", PatternSelector=null, header="null", pattern="%-5p : %m%n", Configuration(HiveLog4j2Test), footer="null", charset="null", Replace=null)
DEBUG StatusLogger Building Plugin[name=appender, class=org.apache.hadoop.hive.ql.log.HushableRandomAccessFileAppender].
DEBUG StatusLogger createAppender(fileName="/home/alex/Repositories/hive/beeline/target/tmp/alex/operation_logs/11c1d18c-3e36-43ff-8f74-9212906f48aa/alex_20240424081315_fa92274f-bf86-4c08-bf05-d7a0a86ee156.test", append="null", name="test-query-file-appender", immediateFlush="null", bufferSize="null", ignoreExceptions="null", PatternLayout(org.apache.logging.log4j.core.layout.PatternLayout with name PatternLayout), test-filter(org.apache.hadoop.hive.ql.log.LogDivertAppenderForTest$TestFilter with name test-filter), advertise="null", advertiseURI="null", Configuration(HiveLog4j2Test))
DEBUG StatusLogger Starting RandomAccessFileManager /home/alex/Repositories/hive/beeline/target/tmp/alex/operation_logs/11c1d18c-3e36-43ff-8f74-9212906f48aa/alex_20240424081315_fa92274f-bf86-4c08-bf05-d7a0a86ee156.test
2024-04-24T08:13:16,006  INFO [11c1d18c-3e36-43ff-8f74-9212906f48aa main] operation.HiveCommandOperation: [opType=EXECUTE_STATEMENT, queryId=alex_20240424081315_fa92274f-bf86-4c08-bf05-d7a0a86ee156, startTime=1713971595997, sessionId=11c1d18c-3e36-43ff-8f74-9212906f48aa, createTime=1713971595926, userName=null, ipAddress=null]
2024-04-24T08:13:16,102  INFO [11c1d18c-3e36-43ff-8f74-9212906f48aa main] common.LogUtils: Unregistered logging context.
2024-04-24T08:13:16,105  INFO [11c1d18c-3e36-43ff-8f74-9212906f48aa main] operation.OperationManager: Closing operation: OperationHandle [opType=EXECUTE_STATEMENT, getHandleIdentifier()=b8750a4e-b039-4eff-88df-131146774b10]
2024-04-24T08:13:16,105  INFO [11c1d18c-3e36-43ff-8f74-9212906f48aa main] operation.OperationManager: Removed queryId: alex_20240424081315_fa92274f-bf86-4c08-bf05-d7a0a86ee156 corresponding to operation: OperationHandle [opType=EXECUTE_STATEMENT, getHandleIdentifier()=b8750a4e-b039-4eff-88df-131146774b10] with tag: null
2024-04-24T08:13:16,105  INFO [11c1d18c-3e36-43ff-8f74-9212906f48aa main] operation.HiveCommandOperation: Closing operation log /home/alex/Repositories/hive/beeline/target/tmp/alex/operation_logs/11c1d18c-3e36-43ff-8f74-9212906f48aa/alex_20240424081315_fa92274f-bf86-4c08-bf05-d7a0a86ee156 without delay
2024-04-24T08:13:16,109  INFO [11c1d18c-3e36-43ff-8f74-9212906f48aa main] session.HiveSessionImpl: executing use test
2024-04-24T08:13:16,110  INFO [11c1d18c-3e36-43ff-8f74-9212906f48aa main] operation.OperationManager: Adding operation: OperationHandle [opType=EXECUTE_STATEMENT, getHandleIdentifier()=a24b9fe2-97f6-4ebb-b98a-d9bea69a5de2] SessionHandle [11c1d18c-3e36-43ff-8f74-9212906f48aa]
2024-04-24T08:13:16,111  INFO [11c1d18c-3e36-43ff-8f74-9212906f48aa main] common.LogUtils: Thread context registration is done.
DEBUG StatusLogger Building Plugin[name=filter, class=org.apache.hadoop.hive.ql.log.LogDivertAppender$NameFilter].
DEBUG StatusLogger createFilter(loggingLevel="EXECUTION")
DEBUG StatusLogger Building Plugin[name=layout, class=org.apache.logging.log4j.core.layout.PatternLayout].
DEBUG StatusLogger PatternLayout$Builder(alwaysWriteExceptions="null", PatternSelector=null, charset="null", Configuration(HiveLog4j2Test), noConsoleNoAnsi="null", pattern="%-5p : %m%n", footer="null", header="null", Replace=null, disableAnsi="null")
DEBUG StatusLogger Building Plugin[name=appender, class=org.apache.hadoop.hive.ql.log.HushableRandomAccessFileAppender].
DEBUG StatusLogger createAppender(fileName="/home/alex/Repositories/hive/beeline/target/tmp/alex/operation_logs/11c1d18c-3e36-43ff-8f74-9212906f48aa/alex_20240424081316_cecb92c9-92fc-4a51-a2fd-f8361dc46a47", append="null", name="query-file-appender", immediateFlush="null", bufferSize="null", ignoreExceptions="null", PatternLayout(org.apache.logging.log4j.core.layout.PatternLayout with name PatternLayout), NameFilter(org.apache.hadoop.hive.ql.log.LogDivertAppender$NameFilter with name NameFilter), advertise="null", advertiseURI="null", Configuration(HiveLog4j2Test))
DEBUG StatusLogger Starting RandomAccessFileManager /home/alex/Repositories/hive/beeline/target/tmp/alex/operation_logs/11c1d18c-3e36-43ff-8f74-9212906f48aa/alex_20240424081316_cecb92c9-92fc-4a51-a2fd-f8361dc46a47
DEBUG StatusLogger Building Plugin[name=, class=org.apache.hadoop.hive.ql.log.LogDivertAppenderForTest$TestFilter].
DEBUG StatusLogger createFilter()
DEBUG StatusLogger Building Plugin[name=, class=org.apache.logging.log4j.core.layout.PatternLayout].
DEBUG StatusLogger PatternLayout$Builder(Configuration(HiveLog4j2Test), alwaysWriteExceptions="null", charset="null", PatternSelector=null, disableAnsi="null", pattern="%-5p : %m%n", footer="null", header="null", noConsoleNoAnsi="null", Replace=null)
DEBUG StatusLogger Building Plugin[name=appender, class=org.apache.hadoop.hive.ql.log.HushableRandomAccessFileAppender].
DEBUG StatusLogger createAppender(fileName="/home/alex/Repositories/hive/beeline/target/tmp/alex/operation_logs/11c1d18c-3e36-43ff-8f74-9212906f48aa/alex_20240424081316_cecb92c9-92fc-4a51-a2fd-f8361dc46a47.test", append="null", name="test-query-file-appender", immediateFlush="null", bufferSize="null", ignoreExceptions="null", PatternLayout(org.apache.logging.log4j.core.layout.PatternLayout with name PatternLayout), test-filter(org.apache.hadoop.hive.ql.log.LogDivertAppenderForTest$TestFilter with name test-filter), advertise="null", advertiseURI="null", Configuration(HiveLog4j2Test))
DEBUG StatusLogger Starting RandomAccessFileManager /home/alex/Repositories/hive/beeline/target/tmp/alex/operation_logs/11c1d18c-3e36-43ff-8f74-9212906f48aa/alex_20240424081316_cecb92c9-92fc-4a51-a2fd-f8361dc46a47.test
2024-04-24T08:13:16,118  INFO [11c1d18c-3e36-43ff-8f74-9212906f48aa main] operation.SQLOperation: [opType=EXECUTE_STATEMENT, queryId=alex_20240424081316_cecb92c9-92fc-4a51-a2fd-f8361dc46a47, startTime=1713971596109, sessionId=11c1d18c-3e36-43ff-8f74-9212906f48aa, createTime=1713971595926, userName=null, ipAddress=null]
2024-04-24T08:13:16,120  INFO [11c1d18c-3e36-43ff-8f74-9212906f48aa main] ql.Driver: Compiling command(queryId=alex_20240424081316_cecb92c9-92fc-4a51-a2fd-f8361dc46a47): use test
2024-04-24T08:13:16,121  INFO [11c1d18c-3e36-43ff-8f74-9212906f48aa main] metastore.HiveMetaStoreClient: HMS client filtering is enabled.
2024-04-24T08:13:16,122  INFO [11c1d18c-3e36-43ff-8f74-9212906f48aa main] metastore.HMSHandler: 0: Opening raw store with implementation class:org.apache.hadoop.hive.metastore.ObjectStore
2024-04-24T08:13:16,122  INFO [11c1d18c-3e36-43ff-8f74-9212906f48aa main] metastore.PersistenceManagerProvider: Configuration datanucleus.autoStartMechanismMode is not set. Defaulting to 'ignored'
2024-04-24T08:13:16,123  INFO [11c1d18c-3e36-43ff-8f74-9212906f48aa main] metastore.ObjectStore: RawStore: org.apache.hadoop.hive.metastore.ObjectStore@22b7ef2b, with PersistenceManager: null will be shutdown
2024-04-24T08:13:16,123  INFO [11c1d18c-3e36-43ff-8f74-9212906f48aa main] metastore.ObjectStore: RawStore: org.apache.hadoop.hive.metastore.ObjectStore@22b7ef2b, with PersistenceManager: org.datanucleus.api.jdo.JDOPersistenceManager@6d421fe created in the thread with id: 1
2024-04-24T08:13:16,128  INFO [11c1d18c-3e36-43ff-8f74-9212906f48aa main] metastore.HMSHandler: Created RawStore: org.apache.hadoop.hive.metastore.ObjectStore@22b7ef2b from thread id: 1
2024-04-24T08:13:16,128  INFO [11c1d18c-3e36-43ff-8f74-9212906f48aa main] metastore.HMSHandler: HMS server filtering is disabled by configuration
2024-04-24T08:13:16,129  INFO [11c1d18c-3e36-43ff-8f74-9212906f48aa main] metastore.RetryingMetaStoreClient: RetryingMetaStoreClient proxy=class org.apache.hadoop.hive.ql.metadata.SessionHiveMetaStoreClient ugi=alex (auth:SIMPLE) retries=1 delay=1 lifetime=0
2024-04-24T08:13:16,130  INFO [11c1d18c-3e36-43ff-8f74-9212906f48aa main] HiveMetaStore.audit: ugi=alex	ip=unknown-ip-addr	cmd=get_database: test	
2024-04-24T08:13:16,133  INFO [11c1d18c-3e36-43ff-8f74-9212906f48aa main] ql.Driver: Semantic Analysis Completed (retrial = false)
2024-04-24T08:13:16,133  INFO [11c1d18c-3e36-43ff-8f74-9212906f48aa main] ql.Driver: Created Hive schema: Schema(fieldSchemas:null, properties:null)
2024-04-24T08:13:16,133  INFO [11c1d18c-3e36-43ff-8f74-9212906f48aa main] metadata.Hive: Dumping metastore api call timing information for : compilation phase
2024-04-24T08:13:16,133  INFO [11c1d18c-3e36-43ff-8f74-9212906f48aa main] metadata.Hive: Total time spent in each metastore function (ms): {getDatabase_(String)=3, flushCache_()=0, isCompatibleWith_(Configuration)=1}
2024-04-24T08:13:16,134  INFO [11c1d18c-3e36-43ff-8f74-9212906f48aa main] ql.Driver: Completed compiling command(queryId=alex_20240424081316_cecb92c9-92fc-4a51-a2fd-f8361dc46a47); Time taken: 0.013 seconds
2024-04-24T08:13:16,136  INFO [HiveServer2-Background-Pool: Thread-165] common.LogUtils: Thread context registration is done.
2024-04-24T08:13:16,136  INFO [11c1d18c-3e36-43ff-8f74-9212906f48aa main] common.LogUtils: Unregistered logging context.
2024-04-24T08:13:16,136  INFO [HiveServer2-Background-Pool: Thread-165] reexec.ReExecDriver: Execution #1 of query
2024-04-24T08:13:16,137  INFO [HiveServer2-Background-Pool: Thread-165] ql.Driver: Concurrency mode is disabled, not creating a lock manager
2024-04-24T08:13:16,137  INFO [HiveServer2-Background-Pool: Thread-165] ql.Driver: Executing command(queryId=alex_20240424081316_cecb92c9-92fc-4a51-a2fd-f8361dc46a47): use test
2024-04-24T08:13:16,138  INFO [HiveServer2-Background-Pool: Thread-165] ql.Driver: Starting task [Stage-0:DDL] in serial mode
2024-04-24T08:13:16,139  INFO [HiveServer2-Background-Pool: Thread-165] HiveMetaStore.audit: ugi=alex	ip=unknown-ip-addr	cmd=get_database: test	
2024-04-24T08:13:16,141  INFO [HiveServer2-Background-Pool: Thread-165] metastore.HMSHandler: 6: Opening raw store with implementation class:org.apache.hadoop.hive.metastore.ObjectStore
2024-04-24T08:13:16,142  INFO [HiveServer2-Background-Pool: Thread-165] metastore.ObjectStore: RawStore: org.apache.hadoop.hive.metastore.ObjectStore@47b75522, with PersistenceManager: null will be shutdown
2024-04-24T08:13:16,142  INFO [HiveServer2-Background-Pool: Thread-165] metastore.ObjectStore: RawStore: org.apache.hadoop.hive.metastore.ObjectStore@47b75522, with PersistenceManager: org.datanucleus.api.jdo.JDOPersistenceManager@2b5d3b0 created in the thread with id: 165
2024-04-24T08:13:16,147  INFO [HiveServer2-Background-Pool: Thread-165] metastore.HMSHandler: Created RawStore: org.apache.hadoop.hive.metastore.ObjectStore@47b75522 from thread id: 165
2024-04-24T08:13:16,149  INFO [HiveServer2-Background-Pool: Thread-165] HiveMetaStore.audit: ugi=alex	ip=unknown-ip-addr	cmd=get_database: test	
2024-04-24T08:13:16,151  INFO [HiveServer2-Background-Pool: Thread-165] metadata.Hive: Dumping metastore api call timing information for : execution phase
2024-04-24T08:13:16,152  INFO [HiveServer2-Background-Pool: Thread-165] metadata.Hive: Total time spent in each metastore function (ms): {getDatabase_(String)=12, isCompatibleWith_(Configuration)=0}
2024-04-24T08:13:16,152  INFO [HiveServer2-Background-Pool: Thread-165] ql.Driver: Completed executing command(queryId=alex_20240424081316_cecb92c9-92fc-4a51-a2fd-f8361dc46a47); Time taken: 0.014 seconds
2024-04-24T08:13:16,152  INFO [HiveServer2-Background-Pool: Thread-165] common.LogUtils: Unregistered logging context.
2024-04-24T08:13:16,155  INFO [11c1d18c-3e36-43ff-8f74-9212906f48aa main] operation.OperationManager: Closing operation: OperationHandle [opType=EXECUTE_STATEMENT, getHandleIdentifier()=a24b9fe2-97f6-4ebb-b98a-d9bea69a5de2]
2024-04-24T08:13:16,156  INFO [11c1d18c-3e36-43ff-8f74-9212906f48aa main] operation.OperationManager: Removed queryId: alex_20240424081316_cecb92c9-92fc-4a51-a2fd-f8361dc46a47 corresponding to operation: OperationHandle [opType=EXECUTE_STATEMENT, getHandleIdentifier()=a24b9fe2-97f6-4ebb-b98a-d9bea69a5de2] with tag: null
2024-04-24T08:13:16,156  INFO [11c1d18c-3e36-43ff-8f74-9212906f48aa main] operation.SQLOperation: Closing operation log /home/alex/Repositories/hive/beeline/target/tmp/alex/operation_logs/11c1d18c-3e36-43ff-8f74-9212906f48aa/alex_20240424081316_cecb92c9-92fc-4a51-a2fd-f8361dc46a47 without delay
2024-04-24T08:13:16,212  WARN [main] conf.HiveConf: HiveConf of name hive.dummyparam.test.server.specific.config.hiveserver2site does not exist
2024-04-24T08:13:16,212  WARN [main] conf.HiveConf: HiveConf of name hive.dummyparam.test.server.specific.config.override does not exist
2024-04-24T08:13:16,212  WARN [main] conf.HiveConf: HiveConf of name hive.dummyparam.test.server.specific.config.metastoresite does not exist
2024-04-24T08:13:16,212  INFO [11c1d18c-3e36-43ff-8f74-9212906f48aa main] session.HiveSessionImpl: executing set
2024-04-24T08:13:16,213  INFO [11c1d18c-3e36-43ff-8f74-9212906f48aa main] operation.HiveCommandOperation: Putting temp output to file /home/alex/Repositories/hive/beeline/target/tmp/alex/11c1d18c-3e36-43ff-8f74-9212906f48aa2172280799799745048.pipeout and error output to file /home/alex/Repositories/hive/beeline/target/tmp/alex/11c1d18c-3e36-43ff-8f74-9212906f48aa721456193954238072.pipeout
2024-04-24T08:13:16,214  INFO [11c1d18c-3e36-43ff-8f74-9212906f48aa main] operation.OperationManager: Adding operation: OperationHandle [opType=EXECUTE_STATEMENT, getHandleIdentifier()=8ce32b20-68ea-48f2-8828-ad98a1fab94d] SessionHandle [11c1d18c-3e36-43ff-8f74-9212906f48aa]
2024-04-24T08:13:16,214  INFO [11c1d18c-3e36-43ff-8f74-9212906f48aa main] common.LogUtils: Thread context registration is done.
DEBUG StatusLogger Building Plugin[name=filter, class=org.apache.hadoop.hive.ql.log.LogDivertAppender$NameFilter].
DEBUG StatusLogger createFilter(loggingLevel="EXECUTION")
DEBUG StatusLogger Building Plugin[name=layout, class=org.apache.logging.log4j.core.layout.PatternLayout].
DEBUG StatusLogger PatternLayout$Builder(Replace=null, disableAnsi="null", header="null", noConsoleNoAnsi="null", footer="null", charset="null", alwaysWriteExceptions="null", PatternSelector=null, Configuration(HiveLog4j2Test), pattern="%-5p : %m%n")
DEBUG StatusLogger Building Plugin[name=appender, class=org.apache.hadoop.hive.ql.log.HushableRandomAccessFileAppender].
DEBUG StatusLogger createAppender(fileName="/home/alex/Repositories/hive/beeline/target/tmp/alex/operation_logs/11c1d18c-3e36-43ff-8f74-9212906f48aa/alex_20240424081316_5d40d8bd-be87-4311-9b4a-dac1e62025b7", append="null", name="query-file-appender", immediateFlush="null", bufferSize="null", ignoreExceptions="null", PatternLayout(org.apache.logging.log4j.core.layout.PatternLayout with name PatternLayout), NameFilter(org.apache.hadoop.hive.ql.log.LogDivertAppender$NameFilter with name NameFilter), advertise="null", advertiseURI="null", Configuration(HiveLog4j2Test))
DEBUG StatusLogger Starting RandomAccessFileManager /home/alex/Repositories/hive/beeline/target/tmp/alex/operation_logs/11c1d18c-3e36-43ff-8f74-9212906f48aa/alex_20240424081316_5d40d8bd-be87-4311-9b4a-dac1e62025b7
DEBUG StatusLogger Building Plugin[name=, class=org.apache.hadoop.hive.ql.log.LogDivertAppenderForTest$TestFilter].
DEBUG StatusLogger createFilter()
DEBUG StatusLogger Building Plugin[name=, class=org.apache.logging.log4j.core.layout.PatternLayout].
DEBUG StatusLogger PatternLayout$Builder(Configuration(HiveLog4j2Test), footer="null", noConsoleNoAnsi="null", PatternSelector=null, alwaysWriteExceptions="null", pattern="%-5p : %m%n", charset="null", Replace=null, header="null", disableAnsi="null")
DEBUG StatusLogger Building Plugin[name=appender, class=org.apache.hadoop.hive.ql.log.HushableRandomAccessFileAppender].
DEBUG StatusLogger createAppender(fileName="/home/alex/Repositories/hive/beeline/target/tmp/alex/operation_logs/11c1d18c-3e36-43ff-8f74-9212906f48aa/alex_20240424081316_5d40d8bd-be87-4311-9b4a-dac1e62025b7.test", append="null", name="test-query-file-appender", immediateFlush="null", bufferSize="null", ignoreExceptions="null", PatternLayout(org.apache.logging.log4j.core.layout.PatternLayout with name PatternLayout), test-filter(org.apache.hadoop.hive.ql.log.LogDivertAppenderForTest$TestFilter with name test-filter), advertise="null", advertiseURI="null", Configuration(HiveLog4j2Test))
DEBUG StatusLogger Starting RandomAccessFileManager /home/alex/Repositories/hive/beeline/target/tmp/alex/operation_logs/11c1d18c-3e36-43ff-8f74-9212906f48aa/alex_20240424081316_5d40d8bd-be87-4311-9b4a-dac1e62025b7.test
2024-04-24T08:13:16,221  INFO [11c1d18c-3e36-43ff-8f74-9212906f48aa main] operation.HiveCommandOperation: [opType=EXECUTE_STATEMENT, queryId=alex_20240424081316_5d40d8bd-be87-4311-9b4a-dac1e62025b7, startTime=1713971596213, sessionId=11c1d18c-3e36-43ff-8f74-9212906f48aa, createTime=1713971595926, userName=null, ipAddress=null]
2024-04-24T08:13:16,310  INFO [11c1d18c-3e36-43ff-8f74-9212906f48aa main] common.LogUtils: Unregistered logging context.
2024-04-24T08:13:16,312  INFO [11c1d18c-3e36-43ff-8f74-9212906f48aa main] operation.OperationManager: Closing operation: OperationHandle [opType=EXECUTE_STATEMENT, getHandleIdentifier()=8ce32b20-68ea-48f2-8828-ad98a1fab94d]
2024-04-24T08:13:16,312  INFO [11c1d18c-3e36-43ff-8f74-9212906f48aa main] operation.OperationManager: Removed queryId: alex_20240424081316_5d40d8bd-be87-4311-9b4a-dac1e62025b7 corresponding to operation: OperationHandle [opType=EXECUTE_STATEMENT, getHandleIdentifier()=8ce32b20-68ea-48f2-8828-ad98a1fab94d] with tag: null
2024-04-24T08:13:16,313  INFO [11c1d18c-3e36-43ff-8f74-9212906f48aa main] operation.HiveCommandOperation: Closing operation log /home/alex/Repositories/hive/beeline/target/tmp/alex/operation_logs/11c1d18c-3e36-43ff-8f74-9212906f48aa/alex_20240424081316_5d40d8bd-be87-4311-9b4a-dac1e62025b7 without delay
2024-04-24T08:13:16,315  INFO [11c1d18c-3e36-43ff-8f74-9212906f48aa main] session.HiveSessionImpl: executing show tables
2024-04-24T08:13:16,316  INFO [11c1d18c-3e36-43ff-8f74-9212906f48aa main] operation.OperationManager: Adding operation: OperationHandle [opType=EXECUTE_STATEMENT, getHandleIdentifier()=d314e15f-3075-4548-9727-7f31884500b7] SessionHandle [11c1d18c-3e36-43ff-8f74-9212906f48aa]
2024-04-24T08:13:16,316  INFO [11c1d18c-3e36-43ff-8f74-9212906f48aa main] common.LogUtils: Thread context registration is done.
DEBUG StatusLogger Building Plugin[name=filter, class=org.apache.hadoop.hive.ql.log.LogDivertAppender$NameFilter].
DEBUG StatusLogger createFilter(loggingLevel="EXECUTION")
DEBUG StatusLogger Building Plugin[name=layout, class=org.apache.logging.log4j.core.layout.PatternLayout].
DEBUG StatusLogger PatternLayout$Builder(header="null", charset="null", disableAnsi="null", PatternSelector=null, noConsoleNoAnsi="null", footer="null", alwaysWriteExceptions="null", pattern="%-5p : %m%n", Replace=null, Configuration(HiveLog4j2Test))
DEBUG StatusLogger Building Plugin[name=appender, class=org.apache.hadoop.hive.ql.log.HushableRandomAccessFileAppender].
DEBUG StatusLogger createAppender(fileName="/home/alex/Repositories/hive/beeline/target/tmp/alex/operation_logs/11c1d18c-3e36-43ff-8f74-9212906f48aa/alex_20240424081316_237baf93-aaca-4da5-b772-c87ea82fceb8", append="null", name="query-file-appender", immediateFlush="null", bufferSize="null", ignoreExceptions="null", PatternLayout(org.apache.logging.log4j.core.layout.PatternLayout with name PatternLayout), NameFilter(org.apache.hadoop.hive.ql.log.LogDivertAppender$NameFilter with name NameFilter), advertise="null", advertiseURI="null", Configuration(HiveLog4j2Test))
DEBUG StatusLogger Starting RandomAccessFileManager /home/alex/Repositories/hive/beeline/target/tmp/alex/operation_logs/11c1d18c-3e36-43ff-8f74-9212906f48aa/alex_20240424081316_237baf93-aaca-4da5-b772-c87ea82fceb8
DEBUG StatusLogger Building Plugin[name=, class=org.apache.hadoop.hive.ql.log.LogDivertAppenderForTest$TestFilter].
DEBUG StatusLogger createFilter()
DEBUG StatusLogger Building Plugin[name=, class=org.apache.logging.log4j.core.layout.PatternLayout].
DEBUG StatusLogger PatternLayout$Builder(PatternSelector=null, noConsoleNoAnsi="null", Configuration(HiveLog4j2Test), footer="null", pattern="%-5p : %m%n", header="null", alwaysWriteExceptions="null", disableAnsi="null", charset="null", Replace=null)
DEBUG StatusLogger Building Plugin[name=appender, class=org.apache.hadoop.hive.ql.log.HushableRandomAccessFileAppender].
DEBUG StatusLogger createAppender(fileName="/home/alex/Repositories/hive/beeline/target/tmp/alex/operation_logs/11c1d18c-3e36-43ff-8f74-9212906f48aa/alex_20240424081316_237baf93-aaca-4da5-b772-c87ea82fceb8.test", append="null", name="test-query-file-appender", immediateFlush="null", bufferSize="null", ignoreExceptions="null", PatternLayout(org.apache.logging.log4j.core.layout.PatternLayout with name PatternLayout), test-filter(org.apache.hadoop.hive.ql.log.LogDivertAppenderForTest$TestFilter with name test-filter), advertise="null", advertiseURI="null", Configuration(HiveLog4j2Test))
DEBUG StatusLogger Starting RandomAccessFileManager /home/alex/Repositories/hive/beeline/target/tmp/alex/operation_logs/11c1d18c-3e36-43ff-8f74-9212906f48aa/alex_20240424081316_237baf93-aaca-4da5-b772-c87ea82fceb8.test
2024-04-24T08:13:16,324  INFO [11c1d18c-3e36-43ff-8f74-9212906f48aa main] operation.SQLOperation: [opType=EXECUTE_STATEMENT, queryId=alex_20240424081316_237baf93-aaca-4da5-b772-c87ea82fceb8, startTime=1713971596315, sessionId=11c1d18c-3e36-43ff-8f74-9212906f48aa, createTime=1713971595926, userName=null, ipAddress=null]
2024-04-24T08:13:16,325  INFO [11c1d18c-3e36-43ff-8f74-9212906f48aa main] ql.Driver: Compiling command(queryId=alex_20240424081316_237baf93-aaca-4da5-b772-c87ea82fceb8): show tables
2024-04-24T08:13:16,329  INFO [11c1d18c-3e36-43ff-8f74-9212906f48aa main] HiveMetaStore.audit: ugi=alex	ip=unknown-ip-addr	cmd=get_database: test	
2024-04-24T08:13:16,332  INFO [11c1d18c-3e36-43ff-8f74-9212906f48aa main] ql.Driver: Semantic Analysis Completed (retrial = false)
2024-04-24T08:13:16,333  INFO [11c1d18c-3e36-43ff-8f74-9212906f48aa main] ql.Driver: Created Hive schema: Schema(fieldSchemas:[FieldSchema(name:tab_name, type:string, comment:from deserializer)], properties:null)
2024-04-24T08:13:16,334  INFO [11c1d18c-3e36-43ff-8f74-9212906f48aa main] exec.ListSinkOperator: Initializing Operator: LIST_SINK[0]
2024-04-24T08:13:16,334  INFO [11c1d18c-3e36-43ff-8f74-9212906f48aa main] metadata.Hive: Dumping metastore api call timing information for : compilation phase
2024-04-24T08:13:16,335  INFO [11c1d18c-3e36-43ff-8f74-9212906f48aa main] metadata.Hive: Total time spent in each metastore function (ms): {getDatabase_(String)=3, flushCache_()=0, isCompatibleWith_(Configuration)=0}
2024-04-24T08:13:16,335  INFO [11c1d18c-3e36-43ff-8f74-9212906f48aa main] ql.Driver: Completed compiling command(queryId=alex_20240424081316_237baf93-aaca-4da5-b772-c87ea82fceb8); Time taken: 0.009 seconds
2024-04-24T08:13:16,336  INFO [HiveServer2-Background-Pool: Thread-169] common.LogUtils: Thread context registration is done.
2024-04-24T08:13:16,337  INFO [HiveServer2-Background-Pool: Thread-169] reexec.ReExecDriver: Execution #1 of query
2024-04-24T08:13:16,337  INFO [11c1d18c-3e36-43ff-8f74-9212906f48aa main] common.LogUtils: Unregistered logging context.
2024-04-24T08:13:16,337  INFO [HiveServer2-Background-Pool: Thread-169] ql.Driver: Concurrency mode is disabled, not creating a lock manager
2024-04-24T08:13:16,337  INFO [HiveServer2-Background-Pool: Thread-169] ql.Driver: Executing command(queryId=alex_20240424081316_237baf93-aaca-4da5-b772-c87ea82fceb8): show tables
2024-04-24T08:13:16,338  INFO [HiveServer2-Background-Pool: Thread-169] ql.Driver: Starting task [Stage-0:DDL] in serial mode
2024-04-24T08:13:16,339  INFO [HiveServer2-Background-Pool: Thread-169] HiveMetaStore.audit: ugi=alex	ip=unknown-ip-addr	cmd=get_database: test	
2024-04-24T08:13:16,340  INFO [HiveServer2-Background-Pool: Thread-169] metastore.HMSHandler: 7: Opening raw store with implementation class:org.apache.hadoop.hive.metastore.ObjectStore
2024-04-24T08:13:16,341  INFO [HiveServer2-Background-Pool: Thread-169] metastore.ObjectStore: RawStore: org.apache.hadoop.hive.metastore.ObjectStore@374e0707, with PersistenceManager: null will be shutdown
2024-04-24T08:13:16,341  INFO [HiveServer2-Background-Pool: Thread-169] metastore.ObjectStore: RawStore: org.apache.hadoop.hive.metastore.ObjectStore@374e0707, with PersistenceManager: org.datanucleus.api.jdo.JDOPersistenceManager@724c9f8a created in the thread with id: 169
2024-04-24T08:13:16,347  INFO [HiveServer2-Background-Pool: Thread-169] metastore.HMSHandler: Created RawStore: org.apache.hadoop.hive.metastore.ObjectStore@374e0707 from thread id: 169
2024-04-24T08:13:16,350  INFO [HiveServer2-Background-Pool: Thread-169] HiveMetaStore.audit: ugi=alex	ip=unknown-ip-addr	cmd=get_multi_table : db=test tbls=null	
2024-04-24T08:13:16,354  INFO [HiveServer2-Background-Pool: Thread-169] sqlstd.SQLStdHiveAccessController: Created SQLStdHiveAccessController for session context : HiveAuthzSessionContext [sessionString=11c1d18c-3e36-43ff-8f74-9212906f48aa, clientType=HIVESERVER2]
2024-04-24T08:13:16,362  INFO [HiveServer2-Background-Pool: Thread-169] metadata.Hive: Dumping metastore api call timing information for : execution phase
2024-04-24T08:13:16,362  INFO [HiveServer2-Background-Pool: Thread-169] metadata.Hive: Total time spent in each metastore function (ms): {getDatabase_(String)=10, isCompatibleWith_(Configuration)=1, getTables_(String, String)=6}
2024-04-24T08:13:16,362  INFO [HiveServer2-Background-Pool: Thread-169] ql.Driver: Completed executing command(queryId=alex_20240424081316_237baf93-aaca-4da5-b772-c87ea82fceb8); Time taken: 0.025 seconds
2024-04-24T08:13:16,363  INFO [HiveServer2-Background-Pool: Thread-169] common.LogUtils: Unregistered logging context.
2024-04-24T08:13:16,364  INFO [11c1d18c-3e36-43ff-8f74-9212906f48aa main] operation.OperationManager: Closing operation: OperationHandle [opType=EXECUTE_STATEMENT, getHandleIdentifier()=d314e15f-3075-4548-9727-7f31884500b7]
2024-04-24T08:13:16,364  INFO [11c1d18c-3e36-43ff-8f74-9212906f48aa main] operation.OperationManager: Removed queryId: alex_20240424081316_237baf93-aaca-4da5-b772-c87ea82fceb8 corresponding to operation: OperationHandle [opType=EXECUTE_STATEMENT, getHandleIdentifier()=d314e15f-3075-4548-9727-7f31884500b7] with tag: null
2024-04-24T08:13:16,364  INFO [11c1d18c-3e36-43ff-8f74-9212906f48aa main] ql.Context: Deleting scratch dir: file:/home/alex/Repositories/hive/beeline/target/tmp/alex/11c1d18c-3e36-43ff-8f74-9212906f48aa/hive_2024-04-24_08-13-16_324_963685849367912179-1
2024-04-24T08:13:16,364  INFO [11c1d18c-3e36-43ff-8f74-9212906f48aa main] cleanup.EventualCleanupService: Delete file:/home/alex/Repositories/hive/beeline/target/tmp/alex/11c1d18c-3e36-43ff-8f74-9212906f48aa/hive_2024-04-24_08-13-16_324_963685849367912179-1 operation was queued
2024-04-24T08:13:16,364  INFO [11c1d18c-3e36-43ff-8f74-9212906f48aa main] exec.ListSinkOperator: Closing Operator: LIST_SINK[0]
2024-04-24T08:13:16,364  INFO [11c1d18c-3e36-43ff-8f74-9212906f48aa main] exec.ListSinkOperator: RECORDS_OUT_OPERATOR_LIST_SINK_0:0, RECORDS_OUT_INTERMEDIATE:0, 
2024-04-24T08:13:16,365  INFO [11c1d18c-3e36-43ff-8f74-9212906f48aa main] operation.SQLOperation: Closing operation log /home/alex/Repositories/hive/beeline/target/tmp/alex/operation_logs/11c1d18c-3e36-43ff-8f74-9212906f48aa/alex_20240424081316_237baf93-aaca-4da5-b772-c87ea82fceb8 without delay
2024-04-24T08:13:16,365  INFO [EventualCleanupService thread 0] cleanup.EventualCleanupService: Deleted file:/home/alex/Repositories/hive/beeline/target/tmp/alex/11c1d18c-3e36-43ff-8f74-9212906f48aa/hive_2024-04-24_08-13-16_324_963685849367912179-1
2024-04-24T08:13:16,368  INFO [main] service.CompositeService: Session closed, SessionHandle [11c1d18c-3e36-43ff-8f74-9212906f48aa], current sessions:0
2024-04-24T08:13:16,369  INFO [11c1d18c-3e36-43ff-8f74-9212906f48aa main] session.HiveSessionImpl: Operation log session directory is deleted: /home/alex/Repositories/hive/beeline/target/tmp/alex/operation_logs/11c1d18c-3e36-43ff-8f74-9212906f48aa
2024-04-24T08:13:16,369  INFO [main] cleanup.EventualCleanupService: Delete /tmp/hive/alex/11c1d18c-3e36-43ff-8f74-9212906f48aa operation was queued
2024-04-24T08:13:16,370  INFO [main] cleanup.EventualCleanupService: Delete /home/alex/Repositories/hive/beeline/target/tmp/alex/11c1d18c-3e36-43ff-8f74-9212906f48aa operation was queued
2024-04-24T08:13:16,370  INFO [EventualCleanupService thread 2] cleanup.EventualCleanupService: Deleted /home/alex/Repositories/hive/beeline/target/tmp/alex/11c1d18c-3e36-43ff-8f74-9212906f48aa
2024-04-24T08:13:16,370  INFO [EventualCleanupService thread 1] cleanup.EventualCleanupService: Deleted /tmp/hive/alex/11c1d18c-3e36-43ff-8f74-9212906f48aa
2024-04-24T08:13:16,371  INFO [main] HiveMetaStore.audit: ugi=alex	ip=unknown-ip-addr	cmd=Cleaning up thread local RawStore...	
2024-04-24T08:13:16,371  INFO [main] metastore.ObjectStore: RawStore: org.apache.hadoop.hive.metastore.ObjectStore@22b7ef2b, with PersistenceManager: org.datanucleus.api.jdo.JDOPersistenceManager@6d421fe will be shutdown
2024-04-24T08:13:16,371  INFO [main] HiveMetaStore.audit: ugi=alex	ip=unknown-ip-addr	cmd=Done cleaning up thread local RawStore	
2024-04-24T08:13:16,371  INFO [main] metastore.HiveMetaStoreClient: Closed a connection to metastore, current connections: -8
2024-04-24T08:13:16,371 ERROR [main] cli.TestHiveCli: Failed due to the error:Connecting to jdbc:hive2://
Hive Session ID = 42b1f09d-75d4-49a2-975b-8e26ba7cc6b7
ivysettings.xml file not found in HIVE_HOME or HIVE_CONF_DIR,/home/alex/Repositories/hive/conf/ivysettings.xml will be used
ivysettings.xml file not found in HIVE_HOME or HIVE_CONF_DIR,/home/alex/Repositories/hive/conf/ivysettings.xml will be used
Connected to: Apache Hive (version 4.0.0-SNAPSHOT)
Error: Couldn't load manifest attributes. (state=,code=0)
Transaction isolation: TRANSACTION_REPEATABLE_READ
INFO  : Compiling command(queryId=alex_20240424081316_cecb92c9-92fc-4a51-a2fd-f8361dc46a47): use test
INFO  : Semantic Analysis Completed (retrial = false)
INFO  : Created Hive schema: Schema(fieldSchemas:null, properties:null)
INFO  : Completed compiling command(queryId=alex_20240424081316_cecb92c9-92fc-4a51-a2fd-f8361dc46a47); Time taken: 0.013 seconds
INFO  : Concurrency mode is disabled, not creating a lock manager
INFO  : Executing command(queryId=alex_20240424081316_cecb92c9-92fc-4a51-a2fd-f8361dc46a47): use test
INFO  : Starting task [Stage-0:DDL] in serial mode
DEBUG : Task getting executed using mapred tag : alex_20240424081316_cecb92c9-92fc-4a51-a2fd-f8361dc46a47,userid=null
INFO  : Completed executing command(queryId=alex_20240424081316_cecb92c9-92fc-4a51-a2fd-f8361dc46a47); Time taken: 0.014 seconds
DEBUG : Shutting down query use test
Error: Failed to wait for operation to complete (state=08S01,code=0)
Beeline version ??? by Apache Hive
hive> source /home/alex/Repositories/hive/beeline/target/tmp/test3399301160211530877.sql;
INFO  : Compiling command(queryId=alex_20240424081316_237baf93-aaca-4da5-b772-c87ea82fceb8): show tables
INFO  : Semantic Analysis Completed (retrial = false)
INFO  : Created Hive schema: Schema(fieldSchemas:[FieldSchema(name:tab_name, type:string, comment:from deserializer)], properties:null)
INFO  : Completed compiling command(queryId=alex_20240424081316_237baf93-aaca-4da5-b772-c87ea82fceb8); Time taken: 0.009 seconds
INFO  : Concurrency mode is disabled, not creating a lock manager
INFO  : Executing command(queryId=alex_20240424081316_237baf93-aaca-4da5-b772-c87ea82fceb8): show tables
INFO  : Starting task [Stage-0:DDL] in serial mode
DEBUG : Task getting executed using mapred tag : alex_20240424081316_237baf93-aaca-4da5-b772-c87ea82fceb8,userid=null
INFO  : Completed executing command(queryId=alex_20240424081316_237baf93-aaca-4da5-b772-c87ea82fceb8); Time taken: 0.025 seconds
DEBUG : Shutting down query show tables
Error: Failed to wait for operation to complete (state=08S01,code=0)
hive> Closing: 0: jdbc:hive2://

]]></system-err>
  </testcase>
  <testcase name="testInvalidOptions2" classname="org.apache.hive.beeline.cli.TestHiveCli" time="0.004"/>
  <testcase name="testCmd" classname="org.apache.hive.beeline.cli.TestHiveCli" time="0.34">
    <failure type="java.lang.AssertionError"><![CDATA[java.lang.AssertionError: The expected keyword "src" occur in the output: 
	at org.junit.Assert.fail(Assert.java:89)
	at org.junit.Assert.assertTrue(Assert.java:42)
	at org.apache.hive.beeline.cli.TestHiveCli.verifyCMD(TestHiveCli.java:270)
	at org.apache.hive.beeline.cli.TestHiveCli.testCmd(TestHiveCli.java:72)
	at sun.reflect.NativeMethodAccessorImpl.invoke0(Native Method)
	at sun.reflect.NativeMethodAccessorImpl.invoke(NativeMethodAccessorImpl.java:62)
	at sun.reflect.DelegatingMethodAccessorImpl.invoke(DelegatingMethodAccessorImpl.java:43)
	at java.lang.reflect.Method.invoke(Method.java:498)
	at org.junit.runners.model.FrameworkMethod$1.runReflectiveCall(FrameworkMethod.java:59)
	at org.junit.internal.runners.model.ReflectiveCallable.run(ReflectiveCallable.java:12)
	at org.junit.runners.model.FrameworkMethod.invokeExplosively(FrameworkMethod.java:56)
	at org.junit.internal.runners.statements.InvokeMethod.evaluate(InvokeMethod.java:17)
	at org.junit.internal.runners.statements.RunBefores.evaluate(RunBefores.java:26)
	at org.junit.internal.runners.statements.RunAfters.evaluate(RunAfters.java:27)
	at org.junit.runners.ParentRunner$3.evaluate(ParentRunner.java:306)
	at org.junit.runners.BlockJUnit4ClassRunner$1.evaluate(BlockJUnit4ClassRunner.java:100)
	at org.junit.runners.ParentRunner.runLeaf(ParentRunner.java:366)
	at org.junit.runners.BlockJUnit4ClassRunner.runChild(BlockJUnit4ClassRunner.java:103)
	at org.junit.runners.BlockJUnit4ClassRunner.runChild(BlockJUnit4ClassRunner.java:63)
	at org.junit.runners.ParentRunner$4.run(ParentRunner.java:331)
	at org.junit.runners.ParentRunner$1.schedule(ParentRunner.java:79)
	at org.junit.runners.ParentRunner.runChildren(ParentRunner.java:329)
	at org.junit.runners.ParentRunner.access$100(ParentRunner.java:66)
	at org.junit.runners.ParentRunner$2.evaluate(ParentRunner.java:293)
	at org.junit.internal.runners.statements.RunBefores.evaluate(RunBefores.java:26)
	at org.junit.runners.ParentRunner$3.evaluate(ParentRunner.java:306)
	at org.junit.runners.ParentRunner.run(ParentRunner.java:413)
	at org.junit.runner.JUnitCore.run(JUnitCore.java:137)
	at org.junit.runner.JUnitCore.run(JUnitCore.java:115)
	at org.junit.vintage.engine.execution.RunnerExecutor.execute(RunnerExecutor.java:43)
	at java.util.stream.ForEachOps$ForEachOp$OfRef.accept(ForEachOps.java:183)
	at java.util.stream.ReferencePipeline$3$1.accept(ReferencePipeline.java:193)
	at java.util.Iterator.forEachRemaining(Iterator.java:116)
	at java.util.Spliterators$IteratorSpliterator.forEachRemaining(Spliterators.java:1801)
	at java.util.stream.AbstractPipeline.copyInto(AbstractPipeline.java:482)
	at java.util.stream.AbstractPipeline.wrapAndCopyInto(AbstractPipeline.java:472)
	at java.util.stream.ForEachOps$ForEachOp.evaluateSequential(ForEachOps.java:150)
	at java.util.stream.ForEachOps$ForEachOp$OfRef.evaluateSequential(ForEachOps.java:173)
	at java.util.stream.AbstractPipeline.evaluate(AbstractPipeline.java:234)
	at java.util.stream.ReferencePipeline.forEach(ReferencePipeline.java:485)
	at org.junit.vintage.engine.VintageTestEngine.executeAllChildren(VintageTestEngine.java:82)
	at org.junit.vintage.engine.VintageTestEngine.execute(VintageTestEngine.java:73)
	at org.junit.platform.launcher.core.DefaultLauncher.execute(DefaultLauncher.java:248)
	at org.junit.platform.launcher.core.DefaultLauncher.lambda$execute$5(DefaultLauncher.java:211)
	at org.junit.platform.launcher.core.DefaultLauncher.withInterceptedStreams(DefaultLauncher.java:226)
	at org.junit.platform.launcher.core.DefaultLauncher.execute(DefaultLauncher.java:199)
	at org.junit.platform.launcher.core.DefaultLauncher.execute(DefaultLauncher.java:132)
	at org.apache.maven.surefire.junitplatform.JUnitPlatformProvider.invokeAllTests(JUnitPlatformProvider.java:154)
	at org.apache.maven.surefire.junitplatform.JUnitPlatformProvider.invoke(JUnitPlatformProvider.java:123)
	at org.apache.maven.surefire.booter.ForkedBooter.runSuitesInProcess(ForkedBooter.java:377)
	at org.apache.maven.surefire.booter.ForkedBooter.execute(ForkedBooter.java:138)
	at org.apache.maven.surefire.booter.ForkedBooter.run(ForkedBooter.java:465)
	at org.apache.maven.surefire.booter.ForkedBooter.main(ForkedBooter.java:451)
]]></failure>
    <system-err><![CDATA[2024-04-24T08:13:16,376 ERROR [main] cli.TestHiveCli: Failed to execute command due to the error: java.lang.NullPointerException: Null output stream
2024-04-24T08:13:16,424  WARN [main] conf.HiveConf: HiveConf of name hive.dummyparam.test.server.specific.config.hiveserver2site does not exist
2024-04-24T08:13:16,424  WARN [main] conf.HiveConf: HiveConf of name hive.dummyparam.test.server.specific.config.override does not exist
2024-04-24T08:13:16,425  WARN [main] conf.HiveConf: HiveConf of name hive.dummyparam.test.server.specific.config.metastoresite does not exist
2024-04-24T08:13:16,426  INFO [main] SessionState: Hive Session ID = f3a05e39-f853-439f-92a7-2fa39ec67c51
2024-04-24T08:13:16,426  INFO [main] DependencyResolver: ivysettings.xml file not found in HIVE_HOME or HIVE_CONF_DIR,/home/alex/Repositories/hive/conf/ivysettings.xml will be used
2024-04-24T08:13:16,433  INFO [main] session.SessionState: Created HDFS directory: /tmp/hive/alex/f3a05e39-f853-439f-92a7-2fa39ec67c51
2024-04-24T08:13:16,436  INFO [main] session.SessionState: Created local directory: /home/alex/Repositories/hive/beeline/target/tmp/alex/f3a05e39-f853-439f-92a7-2fa39ec67c51
2024-04-24T08:13:16,439  INFO [main] session.SessionState: Created HDFS directory: /tmp/hive/alex/f3a05e39-f853-439f-92a7-2fa39ec67c51/_tmp_space.db
2024-04-24T08:13:16,440  INFO [main] sqlstd.SQLStdHiveAccessController: Created SQLStdHiveAccessController for session context : HiveAuthzSessionContext [sessionString=f3a05e39-f853-439f-92a7-2fa39ec67c51, clientType=HIVESERVER2]
2024-04-24T08:13:16,441  INFO [main] metastore.HiveMetaStoreClient: HMS client filtering is enabled.
2024-04-24T08:13:16,441  INFO [main] metastore.HMSHandler: 0: Opening raw store with implementation class:org.apache.hadoop.hive.metastore.ObjectStore
2024-04-24T08:13:16,442  INFO [main] metastore.PersistenceManagerProvider: Configuration datanucleus.autoStartMechanismMode is not set. Defaulting to 'ignored'
2024-04-24T08:13:16,442  INFO [main] metastore.ObjectStore: RawStore: org.apache.hadoop.hive.metastore.ObjectStore@52ca0ad4, with PersistenceManager: null will be shutdown
2024-04-24T08:13:16,443  INFO [main] metastore.ObjectStore: RawStore: org.apache.hadoop.hive.metastore.ObjectStore@52ca0ad4, with PersistenceManager: org.datanucleus.api.jdo.JDOPersistenceManager@4536a715 created in the thread with id: 1
2024-04-24T08:13:16,447  INFO [main] metastore.HMSHandler: Created RawStore: org.apache.hadoop.hive.metastore.ObjectStore@52ca0ad4 from thread id: 1
2024-04-24T08:13:16,447  INFO [main] metastore.HMSHandler: HMS server filtering is disabled by configuration
2024-04-24T08:13:16,447  INFO [main] metastore.RetryingMetaStoreClient: RetryingMetaStoreClient proxy=class org.apache.hadoop.hive.ql.metadata.SessionHiveMetaStoreClient ugi=alex (auth:SIMPLE) retries=1 delay=1 lifetime=0
2024-04-24T08:13:16,448  INFO [main] service.CompositeService: Operation log root directory is created: /home/alex/Repositories/hive/beeline/target/tmp/alex/operation_logs
2024-04-24T08:13:16,448  INFO [main] service.CompositeService: HiveServer2: Background operation thread pool size: 100
2024-04-24T08:13:16,448  INFO [main] service.CompositeService: HiveServer2: Background operation thread wait queue size: 100
2024-04-24T08:13:16,448  INFO [main] service.CompositeService: HiveServer2: Background operation thread keepalive time: 10 seconds
2024-04-24T08:13:16,448  INFO [main] service.CompositeService: Connections limit are user: 0 ipaddress: 0 user-ipaddress: 0
2024-04-24T08:13:16,450  INFO [main] cleanup.EventualCleanupService: EventualCleanupService started with 10 threads and queue of size 10000
ERROR StatusLogger Log4j2 ConfigurationScheduler attempted to increment scheduled items after start
ERROR StatusLogger Log4j2 ConfigurationScheduler attempted to increment scheduled items after start
2024-04-24T08:13:16,452  INFO [main] service.AbstractService: Service:OperationManager is inited.
2024-04-24T08:13:16,452  INFO [main] service.AbstractService: Service:SessionManager is inited.
2024-04-24T08:13:16,452  INFO [main] service.AbstractService: Service:CLIService is inited.
2024-04-24T08:13:16,452  INFO [main] service.AbstractService: Service:OperationManager is started.
2024-04-24T08:13:16,452  INFO [main] service.AbstractService: Service:SessionManager is started.
2024-04-24T08:13:16,452  INFO [main] service.AbstractService: Service:CLIService is started.
2024-04-24T08:13:16,452  INFO [main] service.AbstractService: Service:ThriftBinaryCLIService is inited.
2024-04-24T08:13:16,453  INFO [main] thrift.ThriftCLIService: Client protocol version: HIVE_CLI_SERVICE_PROTOCOL_V10
2024-04-24T08:13:16,453  INFO [main] thrift.ThriftCLIService: Creating Hive session handle for user [null] from IP null
2024-04-24T08:13:16,454  INFO [main] DependencyResolver: ivysettings.xml file not found in HIVE_HOME or HIVE_CONF_DIR,/home/alex/Repositories/hive/conf/ivysettings.xml will be used
2024-04-24T08:13:16,462  INFO [main] session.SessionState: Created HDFS directory: /tmp/hive/alex/c39cdf99-f665-4e2b-969e-28fff972744f
2024-04-24T08:13:16,480  INFO [main] session.SessionState: Created local directory: /home/alex/Repositories/hive/beeline/target/tmp/alex/c39cdf99-f665-4e2b-969e-28fff972744f
2024-04-24T08:13:16,484  INFO [main] session.SessionState: Created HDFS directory: /tmp/hive/alex/c39cdf99-f665-4e2b-969e-28fff972744f/_tmp_space.db
2024-04-24T08:13:16,485  INFO [main] session.SessionState: Reloading auxiliary JAR files
2024-04-24T08:13:16,485  WARN [main] session.SessionState: Configuration hive.reloadable.aux.jars.path not specified
2024-04-24T08:13:16,485  INFO [main] HiveMetaStore.audit: ugi=alex	ip=unknown-ip-addr	cmd=Cleaning up thread local RawStore...	
2024-04-24T08:13:16,485  INFO [main] metastore.ObjectStore: RawStore: org.apache.hadoop.hive.metastore.ObjectStore@52ca0ad4, with PersistenceManager: org.datanucleus.api.jdo.JDOPersistenceManager@4536a715 will be shutdown
2024-04-24T08:13:16,485  INFO [main] HiveMetaStore.audit: ugi=alex	ip=unknown-ip-addr	cmd=Done cleaning up thread local RawStore	
2024-04-24T08:13:16,485  INFO [main] metastore.HiveMetaStoreClient: Closed a connection to metastore, current connections: -9
2024-04-24T08:13:16,485  INFO [main] session.HiveSessionImpl: Operation log session directory is created: /home/alex/Repositories/hive/beeline/target/tmp/alex/operation_logs/c39cdf99-f665-4e2b-969e-28fff972744f
2024-04-24T08:13:16,485  INFO [main] service.CompositeService: Session opened, SessionHandle [c39cdf99-f665-4e2b-969e-28fff972744f], current sessions:1
2024-04-24T08:13:16,485  INFO [main] thrift.ThriftCLIService: Login attempt is successful for user : null
2024-04-24T08:13:16,531  WARN [main] conf.HiveConf: HiveConf of name hive.dummyparam.test.server.specific.config.hiveserver2site does not exist
2024-04-24T08:13:16,531  WARN [main] conf.HiveConf: HiveConf of name hive.dummyparam.test.server.specific.config.metastoresite does not exist
2024-04-24T08:13:16,531  WARN [main] conf.HiveConf: HiveConf of name hive.dummyparam.test.server.specific.config.override does not exist
2024-04-24T08:13:16,532  INFO [c39cdf99-f665-4e2b-969e-28fff972744f main] session.HiveSessionImpl: executing set
2024-04-24T08:13:16,533  INFO [c39cdf99-f665-4e2b-969e-28fff972744f main] operation.HiveCommandOperation: Putting temp output to file /home/alex/Repositories/hive/beeline/target/tmp/alex/c39cdf99-f665-4e2b-969e-28fff972744f51507141406260624.pipeout and error output to file /home/alex/Repositories/hive/beeline/target/tmp/alex/c39cdf99-f665-4e2b-969e-28fff972744f6335875313895381850.pipeout
2024-04-24T08:13:16,533  INFO [c39cdf99-f665-4e2b-969e-28fff972744f main] operation.OperationManager: Adding operation: OperationHandle [opType=EXECUTE_STATEMENT, getHandleIdentifier()=15396542-ee4e-4f29-8b98-8a590003d5f2] SessionHandle [c39cdf99-f665-4e2b-969e-28fff972744f]
2024-04-24T08:13:16,533  INFO [c39cdf99-f665-4e2b-969e-28fff972744f main] common.LogUtils: Thread context registration is done.
DEBUG StatusLogger Building Plugin[name=filter, class=org.apache.hadoop.hive.ql.log.LogDivertAppender$NameFilter].
DEBUG StatusLogger createFilter(loggingLevel="EXECUTION")
DEBUG StatusLogger Building Plugin[name=layout, class=org.apache.logging.log4j.core.layout.PatternLayout].
DEBUG StatusLogger PatternLayout$Builder(disableAnsi="null", pattern="%-5p : %m%n", charset="null", Configuration(HiveLog4j2Test), noConsoleNoAnsi="null", header="null", footer="null", PatternSelector=null, Replace=null, alwaysWriteExceptions="null")
DEBUG StatusLogger Building Plugin[name=appender, class=org.apache.hadoop.hive.ql.log.HushableRandomAccessFileAppender].
DEBUG StatusLogger createAppender(fileName="/home/alex/Repositories/hive/beeline/target/tmp/alex/operation_logs/c39cdf99-f665-4e2b-969e-28fff972744f/alex_20240424081316_08af0132-a420-4e25-8984-3c170d3bab5c", append="null", name="query-file-appender", immediateFlush="null", bufferSize="null", ignoreExceptions="null", PatternLayout(org.apache.logging.log4j.core.layout.PatternLayout with name PatternLayout), NameFilter(org.apache.hadoop.hive.ql.log.LogDivertAppender$NameFilter with name NameFilter), advertise="null", advertiseURI="null", Configuration(HiveLog4j2Test))
DEBUG StatusLogger Starting RandomAccessFileManager /home/alex/Repositories/hive/beeline/target/tmp/alex/operation_logs/c39cdf99-f665-4e2b-969e-28fff972744f/alex_20240424081316_08af0132-a420-4e25-8984-3c170d3bab5c
DEBUG StatusLogger Building Plugin[name=, class=org.apache.hadoop.hive.ql.log.LogDivertAppenderForTest$TestFilter].
DEBUG StatusLogger createFilter()
DEBUG StatusLogger Building Plugin[name=, class=org.apache.logging.log4j.core.layout.PatternLayout].
DEBUG StatusLogger PatternLayout$Builder(footer="null", alwaysWriteExceptions="null", PatternSelector=null, noConsoleNoAnsi="null", disableAnsi="null", pattern="%-5p : %m%n", header="null", Replace=null, charset="null", Configuration(HiveLog4j2Test))
DEBUG StatusLogger Building Plugin[name=appender, class=org.apache.hadoop.hive.ql.log.HushableRandomAccessFileAppender].
DEBUG StatusLogger createAppender(fileName="/home/alex/Repositories/hive/beeline/target/tmp/alex/operation_logs/c39cdf99-f665-4e2b-969e-28fff972744f/alex_20240424081316_08af0132-a420-4e25-8984-3c170d3bab5c.test", append="null", name="test-query-file-appender", immediateFlush="null", bufferSize="null", ignoreExceptions="null", PatternLayout(org.apache.logging.log4j.core.layout.PatternLayout with name PatternLayout), test-filter(org.apache.hadoop.hive.ql.log.LogDivertAppenderForTest$TestFilter with name test-filter), advertise="null", advertiseURI="null", Configuration(HiveLog4j2Test))
DEBUG StatusLogger Starting RandomAccessFileManager /home/alex/Repositories/hive/beeline/target/tmp/alex/operation_logs/c39cdf99-f665-4e2b-969e-28fff972744f/alex_20240424081316_08af0132-a420-4e25-8984-3c170d3bab5c.test
2024-04-24T08:13:16,541  INFO [c39cdf99-f665-4e2b-969e-28fff972744f main] operation.HiveCommandOperation: [opType=EXECUTE_STATEMENT, queryId=alex_20240424081316_08af0132-a420-4e25-8984-3c170d3bab5c, startTime=1713971596532, sessionId=c39cdf99-f665-4e2b-969e-28fff972744f, createTime=1713971596453, userName=null, ipAddress=null]
2024-04-24T08:13:16,635  INFO [c39cdf99-f665-4e2b-969e-28fff972744f main] common.LogUtils: Unregistered logging context.
2024-04-24T08:13:16,638  INFO [c39cdf99-f665-4e2b-969e-28fff972744f main] operation.OperationManager: Closing operation: OperationHandle [opType=EXECUTE_STATEMENT, getHandleIdentifier()=15396542-ee4e-4f29-8b98-8a590003d5f2]
2024-04-24T08:13:16,638  INFO [c39cdf99-f665-4e2b-969e-28fff972744f main] operation.OperationManager: Removed queryId: alex_20240424081316_08af0132-a420-4e25-8984-3c170d3bab5c corresponding to operation: OperationHandle [opType=EXECUTE_STATEMENT, getHandleIdentifier()=15396542-ee4e-4f29-8b98-8a590003d5f2] with tag: null
2024-04-24T08:13:16,639  INFO [c39cdf99-f665-4e2b-969e-28fff972744f main] operation.HiveCommandOperation: Closing operation log /home/alex/Repositories/hive/beeline/target/tmp/alex/operation_logs/c39cdf99-f665-4e2b-969e-28fff972744f/alex_20240424081316_08af0132-a420-4e25-8984-3c170d3bab5c without delay
2024-04-24T08:13:16,648  INFO [c39cdf99-f665-4e2b-969e-28fff972744f main] session.HiveSessionImpl: executing show tables
2024-04-24T08:13:16,650  INFO [c39cdf99-f665-4e2b-969e-28fff972744f main] operation.OperationManager: Adding operation: OperationHandle [opType=EXECUTE_STATEMENT, getHandleIdentifier()=2150c380-c8e3-4c60-8a59-fb80c7b23d1e] SessionHandle [c39cdf99-f665-4e2b-969e-28fff972744f]
2024-04-24T08:13:16,650  INFO [c39cdf99-f665-4e2b-969e-28fff972744f main] common.LogUtils: Thread context registration is done.
DEBUG StatusLogger Building Plugin[name=filter, class=org.apache.hadoop.hive.ql.log.LogDivertAppender$NameFilter].
DEBUG StatusLogger createFilter(loggingLevel="EXECUTION")
DEBUG StatusLogger Building Plugin[name=layout, class=org.apache.logging.log4j.core.layout.PatternLayout].
DEBUG StatusLogger PatternLayout$Builder(alwaysWriteExceptions="null", header="null", pattern="%-5p : %m%n", charset="null", PatternSelector=null, footer="null", Configuration(HiveLog4j2Test), disableAnsi="null", noConsoleNoAnsi="null", Replace=null)
DEBUG StatusLogger Building Plugin[name=appender, class=org.apache.hadoop.hive.ql.log.HushableRandomAccessFileAppender].
DEBUG StatusLogger createAppender(fileName="/home/alex/Repositories/hive/beeline/target/tmp/alex/operation_logs/c39cdf99-f665-4e2b-969e-28fff972744f/alex_20240424081316_ade91cf1-e03f-4f77-92c2-1daefd338729", append="null", name="query-file-appender", immediateFlush="null", bufferSize="null", ignoreExceptions="null", PatternLayout(org.apache.logging.log4j.core.layout.PatternLayout with name PatternLayout), NameFilter(org.apache.hadoop.hive.ql.log.LogDivertAppender$NameFilter with name NameFilter), advertise="null", advertiseURI="null", Configuration(HiveLog4j2Test))
DEBUG StatusLogger Starting RandomAccessFileManager /home/alex/Repositories/hive/beeline/target/tmp/alex/operation_logs/c39cdf99-f665-4e2b-969e-28fff972744f/alex_20240424081316_ade91cf1-e03f-4f77-92c2-1daefd338729
DEBUG StatusLogger Building Plugin[name=, class=org.apache.hadoop.hive.ql.log.LogDivertAppenderForTest$TestFilter].
DEBUG StatusLogger createFilter()
DEBUG StatusLogger Building Plugin[name=, class=org.apache.logging.log4j.core.layout.PatternLayout].
DEBUG StatusLogger PatternLayout$Builder(header="null", pattern="%-5p : %m%n", alwaysWriteExceptions="null", disableAnsi="null", Replace=null, PatternSelector=null, noConsoleNoAnsi="null", charset="null", footer="null", Configuration(HiveLog4j2Test))
DEBUG StatusLogger Building Plugin[name=appender, class=org.apache.hadoop.hive.ql.log.HushableRandomAccessFileAppender].
DEBUG StatusLogger createAppender(fileName="/home/alex/Repositories/hive/beeline/target/tmp/alex/operation_logs/c39cdf99-f665-4e2b-969e-28fff972744f/alex_20240424081316_ade91cf1-e03f-4f77-92c2-1daefd338729.test", append="null", name="test-query-file-appender", immediateFlush="null", bufferSize="null", ignoreExceptions="null", PatternLayout(org.apache.logging.log4j.core.layout.PatternLayout with name PatternLayout), test-filter(org.apache.hadoop.hive.ql.log.LogDivertAppenderForTest$TestFilter with name test-filter), advertise="null", advertiseURI="null", Configuration(HiveLog4j2Test))
DEBUG StatusLogger Starting RandomAccessFileManager /home/alex/Repositories/hive/beeline/target/tmp/alex/operation_logs/c39cdf99-f665-4e2b-969e-28fff972744f/alex_20240424081316_ade91cf1-e03f-4f77-92c2-1daefd338729.test
2024-04-24T08:13:16,658  INFO [c39cdf99-f665-4e2b-969e-28fff972744f main] operation.SQLOperation: [opType=EXECUTE_STATEMENT, queryId=alex_20240424081316_ade91cf1-e03f-4f77-92c2-1daefd338729, startTime=1713971596649, sessionId=c39cdf99-f665-4e2b-969e-28fff972744f, createTime=1713971596453, userName=null, ipAddress=null]
2024-04-24T08:13:16,659  INFO [c39cdf99-f665-4e2b-969e-28fff972744f main] ql.Driver: Compiling command(queryId=alex_20240424081316_ade91cf1-e03f-4f77-92c2-1daefd338729): show tables
2024-04-24T08:13:16,660  INFO [c39cdf99-f665-4e2b-969e-28fff972744f main] metastore.HiveMetaStoreClient: HMS client filtering is enabled.
2024-04-24T08:13:16,661  INFO [c39cdf99-f665-4e2b-969e-28fff972744f main] metastore.HMSHandler: 0: Opening raw store with implementation class:org.apache.hadoop.hive.metastore.ObjectStore
2024-04-24T08:13:16,662  INFO [c39cdf99-f665-4e2b-969e-28fff972744f main] metastore.PersistenceManagerProvider: Configuration datanucleus.autoStartMechanismMode is not set. Defaulting to 'ignored'
2024-04-24T08:13:16,663  INFO [c39cdf99-f665-4e2b-969e-28fff972744f main] metastore.ObjectStore: RawStore: org.apache.hadoop.hive.metastore.ObjectStore@57c6feea, with PersistenceManager: null will be shutdown
2024-04-24T08:13:16,663  INFO [c39cdf99-f665-4e2b-969e-28fff972744f main] metastore.ObjectStore: RawStore: org.apache.hadoop.hive.metastore.ObjectStore@57c6feea, with PersistenceManager: org.datanucleus.api.jdo.JDOPersistenceManager@3b57f915 created in the thread with id: 1
2024-04-24T08:13:16,668  INFO [c39cdf99-f665-4e2b-969e-28fff972744f main] metastore.HMSHandler: Created RawStore: org.apache.hadoop.hive.metastore.ObjectStore@57c6feea from thread id: 1
2024-04-24T08:13:16,668  INFO [c39cdf99-f665-4e2b-969e-28fff972744f main] metastore.HMSHandler: HMS server filtering is disabled by configuration
2024-04-24T08:13:16,669  INFO [c39cdf99-f665-4e2b-969e-28fff972744f main] metastore.RetryingMetaStoreClient: RetryingMetaStoreClient proxy=class org.apache.hadoop.hive.ql.metadata.SessionHiveMetaStoreClient ugi=alex (auth:SIMPLE) retries=1 delay=1 lifetime=0
2024-04-24T08:13:16,673  INFO [c39cdf99-f665-4e2b-969e-28fff972744f main] HiveMetaStore.audit: ugi=alex	ip=unknown-ip-addr	cmd=get_database: default	
2024-04-24T08:13:16,675  INFO [c39cdf99-f665-4e2b-969e-28fff972744f main] ql.Driver: Semantic Analysis Completed (retrial = false)
2024-04-24T08:13:16,675  INFO [c39cdf99-f665-4e2b-969e-28fff972744f main] ql.Driver: Created Hive schema: Schema(fieldSchemas:[FieldSchema(name:tab_name, type:string, comment:from deserializer)], properties:null)
2024-04-24T08:13:16,676  INFO [c39cdf99-f665-4e2b-969e-28fff972744f main] exec.ListSinkOperator: Initializing Operator: LIST_SINK[0]
2024-04-24T08:13:16,676  INFO [c39cdf99-f665-4e2b-969e-28fff972744f main] metadata.Hive: Dumping metastore api call timing information for : compilation phase
2024-04-24T08:13:16,677  INFO [c39cdf99-f665-4e2b-969e-28fff972744f main] metadata.Hive: Total time spent in each metastore function (ms): {getDatabase_(String)=2, flushCache_()=0, isCompatibleWith_(Configuration)=0}
2024-04-24T08:13:16,677  INFO [c39cdf99-f665-4e2b-969e-28fff972744f main] ql.Driver: Completed compiling command(queryId=alex_20240424081316_ade91cf1-e03f-4f77-92c2-1daefd338729); Time taken: 0.017 seconds
2024-04-24T08:13:16,678  INFO [HiveServer2-Background-Pool: Thread-196] common.LogUtils: Thread context registration is done.
2024-04-24T08:13:16,678  INFO [c39cdf99-f665-4e2b-969e-28fff972744f main] common.LogUtils: Unregistered logging context.
2024-04-24T08:13:16,678  INFO [HiveServer2-Background-Pool: Thread-196] reexec.ReExecDriver: Execution #1 of query
2024-04-24T08:13:16,678  INFO [HiveServer2-Background-Pool: Thread-196] ql.Driver: Concurrency mode is disabled, not creating a lock manager
2024-04-24T08:13:16,679  INFO [HiveServer2-Background-Pool: Thread-196] ql.Driver: Executing command(queryId=alex_20240424081316_ade91cf1-e03f-4f77-92c2-1daefd338729): show tables
2024-04-24T08:13:16,679  INFO [HiveServer2-Background-Pool: Thread-196] ql.Driver: Starting task [Stage-0:DDL] in serial mode
2024-04-24T08:13:16,680  INFO [HiveServer2-Background-Pool: Thread-196] HiveMetaStore.audit: ugi=alex	ip=unknown-ip-addr	cmd=get_database: default	
2024-04-24T08:13:16,682  INFO [HiveServer2-Background-Pool: Thread-196] metastore.HMSHandler: 8: Opening raw store with implementation class:org.apache.hadoop.hive.metastore.ObjectStore
2024-04-24T08:13:16,682  INFO [HiveServer2-Background-Pool: Thread-196] metastore.ObjectStore: RawStore: org.apache.hadoop.hive.metastore.ObjectStore@74f51147, with PersistenceManager: null will be shutdown
2024-04-24T08:13:16,682  INFO [HiveServer2-Background-Pool: Thread-196] metastore.ObjectStore: RawStore: org.apache.hadoop.hive.metastore.ObjectStore@74f51147, with PersistenceManager: org.datanucleus.api.jdo.JDOPersistenceManager@31f781bd created in the thread with id: 196
2024-04-24T08:13:16,687  INFO [HiveServer2-Background-Pool: Thread-196] metastore.HMSHandler: Created RawStore: org.apache.hadoop.hive.metastore.ObjectStore@74f51147 from thread id: 196
2024-04-24T08:13:16,690  INFO [HiveServer2-Background-Pool: Thread-196] HiveMetaStore.audit: ugi=alex	ip=unknown-ip-addr	cmd=get_multi_table : db=default tbls=null	
2024-04-24T08:13:16,694  INFO [HiveServer2-Background-Pool: Thread-196] sqlstd.SQLStdHiveAccessController: Created SQLStdHiveAccessController for session context : HiveAuthzSessionContext [sessionString=c39cdf99-f665-4e2b-969e-28fff972744f, clientType=HIVESERVER2]
2024-04-24T08:13:16,701  INFO [HiveServer2-Background-Pool: Thread-196] metadata.Hive: Dumping metastore api call timing information for : execution phase
2024-04-24T08:13:16,701  INFO [HiveServer2-Background-Pool: Thread-196] metadata.Hive: Total time spent in each metastore function (ms): {getTables_(String, String)=6, isCompatibleWith_(Configuration)=0, getDatabase_(String)=8}
2024-04-24T08:13:16,701  INFO [HiveServer2-Background-Pool: Thread-196] ql.Driver: Completed executing command(queryId=alex_20240424081316_ade91cf1-e03f-4f77-92c2-1daefd338729); Time taken: 0.022 seconds
2024-04-24T08:13:16,702  INFO [HiveServer2-Background-Pool: Thread-196] common.LogUtils: Unregistered logging context.
2024-04-24T08:13:16,705  INFO [c39cdf99-f665-4e2b-969e-28fff972744f main] operation.OperationManager: Closing operation: OperationHandle [opType=EXECUTE_STATEMENT, getHandleIdentifier()=2150c380-c8e3-4c60-8a59-fb80c7b23d1e]
2024-04-24T08:13:16,705  INFO [c39cdf99-f665-4e2b-969e-28fff972744f main] operation.OperationManager: Removed queryId: alex_20240424081316_ade91cf1-e03f-4f77-92c2-1daefd338729 corresponding to operation: OperationHandle [opType=EXECUTE_STATEMENT, getHandleIdentifier()=2150c380-c8e3-4c60-8a59-fb80c7b23d1e] with tag: null
2024-04-24T08:13:16,705  INFO [c39cdf99-f665-4e2b-969e-28fff972744f main] ql.Context: Deleting scratch dir: file:/home/alex/Repositories/hive/beeline/target/tmp/alex/c39cdf99-f665-4e2b-969e-28fff972744f/hive_2024-04-24_08-13-16_659_1510142417863026823-1
2024-04-24T08:13:16,705  INFO [c39cdf99-f665-4e2b-969e-28fff972744f main] cleanup.EventualCleanupService: Delete file:/home/alex/Repositories/hive/beeline/target/tmp/alex/c39cdf99-f665-4e2b-969e-28fff972744f/hive_2024-04-24_08-13-16_659_1510142417863026823-1 operation was queued
2024-04-24T08:13:16,706  INFO [c39cdf99-f665-4e2b-969e-28fff972744f main] exec.ListSinkOperator: Closing Operator: LIST_SINK[0]
2024-04-24T08:13:16,706  INFO [c39cdf99-f665-4e2b-969e-28fff972744f main] exec.ListSinkOperator: RECORDS_OUT_INTERMEDIATE:0, RECORDS_OUT_OPERATOR_LIST_SINK_0:0, 
2024-04-24T08:13:16,706  INFO [c39cdf99-f665-4e2b-969e-28fff972744f main] operation.SQLOperation: Closing operation log /home/alex/Repositories/hive/beeline/target/tmp/alex/operation_logs/c39cdf99-f665-4e2b-969e-28fff972744f/alex_20240424081316_ade91cf1-e03f-4f77-92c2-1daefd338729 without delay
2024-04-24T08:13:16,706  INFO [EventualCleanupService thread 0] cleanup.EventualCleanupService: Deleted file:/home/alex/Repositories/hive/beeline/target/tmp/alex/c39cdf99-f665-4e2b-969e-28fff972744f/hive_2024-04-24_08-13-16_659_1510142417863026823-1
2024-04-24T08:13:16,713  INFO [main] service.CompositeService: Session closed, SessionHandle [c39cdf99-f665-4e2b-969e-28fff972744f], current sessions:0
2024-04-24T08:13:16,714  INFO [c39cdf99-f665-4e2b-969e-28fff972744f main] session.HiveSessionImpl: Operation log session directory is deleted: /home/alex/Repositories/hive/beeline/target/tmp/alex/operation_logs/c39cdf99-f665-4e2b-969e-28fff972744f
2024-04-24T08:13:16,714  INFO [main] cleanup.EventualCleanupService: Delete /tmp/hive/alex/c39cdf99-f665-4e2b-969e-28fff972744f operation was queued
2024-04-24T08:13:16,714  INFO [main] cleanup.EventualCleanupService: Delete /home/alex/Repositories/hive/beeline/target/tmp/alex/c39cdf99-f665-4e2b-969e-28fff972744f operation was queued
2024-04-24T08:13:16,714  INFO [EventualCleanupService thread 2] cleanup.EventualCleanupService: Deleted /home/alex/Repositories/hive/beeline/target/tmp/alex/c39cdf99-f665-4e2b-969e-28fff972744f
2024-04-24T08:13:16,714  INFO [EventualCleanupService thread 1] cleanup.EventualCleanupService: Deleted /tmp/hive/alex/c39cdf99-f665-4e2b-969e-28fff972744f
2024-04-24T08:13:16,715  INFO [main] HiveMetaStore.audit: ugi=alex	ip=unknown-ip-addr	cmd=Cleaning up thread local RawStore...	
2024-04-24T08:13:16,715  INFO [main] metastore.ObjectStore: RawStore: org.apache.hadoop.hive.metastore.ObjectStore@57c6feea, with PersistenceManager: org.datanucleus.api.jdo.JDOPersistenceManager@3b57f915 will be shutdown
2024-04-24T08:13:16,715  INFO [main] HiveMetaStore.audit: ugi=alex	ip=unknown-ip-addr	cmd=Done cleaning up thread local RawStore	
2024-04-24T08:13:16,716  INFO [main] metastore.HiveMetaStoreClient: Closed a connection to metastore, current connections: -10
]]></system-err>
  </testcase>
  <testcase name="testHelp" classname="org.apache.hive.beeline.cli.TestHiveCli" time="0.002"/>
  <testcase name="testSourceCmd" classname="org.apache.hive.beeline.cli.TestHiveCli" time="0.538">
    <failure type="java.lang.AssertionError"><![CDATA[java.lang.AssertionError: The expected keyword "sc1" occur in the output: 
	at org.junit.Assert.fail(Assert.java:89)
	at org.junit.Assert.assertTrue(Assert.java:42)
	at org.apache.hive.beeline.cli.TestHiveCli.verifyCMD(TestHiveCli.java:270)
	at org.apache.hive.beeline.cli.TestHiveCli.testSourceCmd(TestHiveCli.java:114)
	at sun.reflect.NativeMethodAccessorImpl.invoke0(Native Method)
	at sun.reflect.NativeMethodAccessorImpl.invoke(NativeMethodAccessorImpl.java:62)
	at sun.reflect.DelegatingMethodAccessorImpl.invoke(DelegatingMethodAccessorImpl.java:43)
	at java.lang.reflect.Method.invoke(Method.java:498)
	at org.junit.runners.model.FrameworkMethod$1.runReflectiveCall(FrameworkMethod.java:59)
	at org.junit.internal.runners.model.ReflectiveCallable.run(ReflectiveCallable.java:12)
	at org.junit.runners.model.FrameworkMethod.invokeExplosively(FrameworkMethod.java:56)
	at org.junit.internal.runners.statements.InvokeMethod.evaluate(InvokeMethod.java:17)
	at org.junit.internal.runners.statements.RunBefores.evaluate(RunBefores.java:26)
	at org.junit.internal.runners.statements.RunAfters.evaluate(RunAfters.java:27)
	at org.junit.runners.ParentRunner$3.evaluate(ParentRunner.java:306)
	at org.junit.runners.BlockJUnit4ClassRunner$1.evaluate(BlockJUnit4ClassRunner.java:100)
	at org.junit.runners.ParentRunner.runLeaf(ParentRunner.java:366)
	at org.junit.runners.BlockJUnit4ClassRunner.runChild(BlockJUnit4ClassRunner.java:103)
	at org.junit.runners.BlockJUnit4ClassRunner.runChild(BlockJUnit4ClassRunner.java:63)
	at org.junit.runners.ParentRunner$4.run(ParentRunner.java:331)
	at org.junit.runners.ParentRunner$1.schedule(ParentRunner.java:79)
	at org.junit.runners.ParentRunner.runChildren(ParentRunner.java:329)
	at org.junit.runners.ParentRunner.access$100(ParentRunner.java:66)
	at org.junit.runners.ParentRunner$2.evaluate(ParentRunner.java:293)
	at org.junit.internal.runners.statements.RunBefores.evaluate(RunBefores.java:26)
	at org.junit.runners.ParentRunner$3.evaluate(ParentRunner.java:306)
	at org.junit.runners.ParentRunner.run(ParentRunner.java:413)
	at org.junit.runner.JUnitCore.run(JUnitCore.java:137)
	at org.junit.runner.JUnitCore.run(JUnitCore.java:115)
	at org.junit.vintage.engine.execution.RunnerExecutor.execute(RunnerExecutor.java:43)
	at java.util.stream.ForEachOps$ForEachOp$OfRef.accept(ForEachOps.java:183)
	at java.util.stream.ReferencePipeline$3$1.accept(ReferencePipeline.java:193)
	at java.util.Iterator.forEachRemaining(Iterator.java:116)
	at java.util.Spliterators$IteratorSpliterator.forEachRemaining(Spliterators.java:1801)
	at java.util.stream.AbstractPipeline.copyInto(AbstractPipeline.java:482)
	at java.util.stream.AbstractPipeline.wrapAndCopyInto(AbstractPipeline.java:472)
	at java.util.stream.ForEachOps$ForEachOp.evaluateSequential(ForEachOps.java:150)
	at java.util.stream.ForEachOps$ForEachOp$OfRef.evaluateSequential(ForEachOps.java:173)
	at java.util.stream.AbstractPipeline.evaluate(AbstractPipeline.java:234)
	at java.util.stream.ReferencePipeline.forEach(ReferencePipeline.java:485)
	at org.junit.vintage.engine.VintageTestEngine.executeAllChildren(VintageTestEngine.java:82)
	at org.junit.vintage.engine.VintageTestEngine.execute(VintageTestEngine.java:73)
	at org.junit.platform.launcher.core.DefaultLauncher.execute(DefaultLauncher.java:248)
	at org.junit.platform.launcher.core.DefaultLauncher.lambda$execute$5(DefaultLauncher.java:211)
	at org.junit.platform.launcher.core.DefaultLauncher.withInterceptedStreams(DefaultLauncher.java:226)
	at org.junit.platform.launcher.core.DefaultLauncher.execute(DefaultLauncher.java:199)
	at org.junit.platform.launcher.core.DefaultLauncher.execute(DefaultLauncher.java:132)
	at org.apache.maven.surefire.junitplatform.JUnitPlatformProvider.invokeAllTests(JUnitPlatformProvider.java:154)
	at org.apache.maven.surefire.junitplatform.JUnitPlatformProvider.invoke(JUnitPlatformProvider.java:123)
	at org.apache.maven.surefire.booter.ForkedBooter.runSuitesInProcess(ForkedBooter.java:377)
	at org.apache.maven.surefire.booter.ForkedBooter.execute(ForkedBooter.java:138)
	at org.apache.maven.surefire.booter.ForkedBooter.run(ForkedBooter.java:465)
	at org.apache.maven.surefire.booter.ForkedBooter.main(ForkedBooter.java:451)
]]></failure>
    <system-err><![CDATA[2024-04-24T08:13:16,719 ERROR [main] cli.TestHiveCli: Failed to execute command due to the error: java.lang.NullPointerException: Null output stream
2024-04-24T08:13:16,768  WARN [main] conf.HiveConf: HiveConf of name hive.dummyparam.test.server.specific.config.hiveserver2site does not exist
2024-04-24T08:13:16,768  WARN [main] conf.HiveConf: HiveConf of name hive.dummyparam.test.server.specific.config.override does not exist
2024-04-24T08:13:16,768  WARN [main] conf.HiveConf: HiveConf of name hive.dummyparam.test.server.specific.config.metastoresite does not exist
2024-04-24T08:13:16,768  INFO [main] SessionState: Hive Session ID = 1987a724-fcdc-4c4e-acfa-54896ade74f0
2024-04-24T08:13:16,769  INFO [main] DependencyResolver: ivysettings.xml file not found in HIVE_HOME or HIVE_CONF_DIR,/home/alex/Repositories/hive/conf/ivysettings.xml will be used
2024-04-24T08:13:16,776  INFO [main] session.SessionState: Created HDFS directory: /tmp/hive/alex/1987a724-fcdc-4c4e-acfa-54896ade74f0
2024-04-24T08:13:16,779  INFO [main] session.SessionState: Created local directory: /home/alex/Repositories/hive/beeline/target/tmp/alex/1987a724-fcdc-4c4e-acfa-54896ade74f0
2024-04-24T08:13:16,782  INFO [main] session.SessionState: Created HDFS directory: /tmp/hive/alex/1987a724-fcdc-4c4e-acfa-54896ade74f0/_tmp_space.db
2024-04-24T08:13:16,782  INFO [main] sqlstd.SQLStdHiveAccessController: Created SQLStdHiveAccessController for session context : HiveAuthzSessionContext [sessionString=1987a724-fcdc-4c4e-acfa-54896ade74f0, clientType=HIVESERVER2]
2024-04-24T08:13:16,783  INFO [main] metastore.HiveMetaStoreClient: HMS client filtering is enabled.
2024-04-24T08:13:16,784  INFO [main] metastore.HMSHandler: 0: Opening raw store with implementation class:org.apache.hadoop.hive.metastore.ObjectStore
2024-04-24T08:13:16,784  INFO [main] metastore.PersistenceManagerProvider: Configuration datanucleus.autoStartMechanismMode is not set. Defaulting to 'ignored'
2024-04-24T08:13:16,785  INFO [main] metastore.ObjectStore: RawStore: org.apache.hadoop.hive.metastore.ObjectStore@6d17914a, with PersistenceManager: null will be shutdown
2024-04-24T08:13:16,785  INFO [main] metastore.ObjectStore: RawStore: org.apache.hadoop.hive.metastore.ObjectStore@6d17914a, with PersistenceManager: org.datanucleus.api.jdo.JDOPersistenceManager@49631cfb created in the thread with id: 1
2024-04-24T08:13:16,788  INFO [main] metastore.HMSHandler: Created RawStore: org.apache.hadoop.hive.metastore.ObjectStore@6d17914a from thread id: 1
2024-04-24T08:13:16,788  INFO [main] metastore.HMSHandler: HMS server filtering is disabled by configuration
2024-04-24T08:13:16,788  INFO [main] metastore.RetryingMetaStoreClient: RetryingMetaStoreClient proxy=class org.apache.hadoop.hive.ql.metadata.SessionHiveMetaStoreClient ugi=alex (auth:SIMPLE) retries=1 delay=1 lifetime=0
2024-04-24T08:13:16,788  INFO [main] service.CompositeService: Operation log root directory is created: /home/alex/Repositories/hive/beeline/target/tmp/alex/operation_logs
2024-04-24T08:13:16,789  INFO [main] service.CompositeService: HiveServer2: Background operation thread pool size: 100
2024-04-24T08:13:16,789  INFO [main] service.CompositeService: HiveServer2: Background operation thread wait queue size: 100
2024-04-24T08:13:16,789  INFO [main] service.CompositeService: HiveServer2: Background operation thread keepalive time: 10 seconds
2024-04-24T08:13:16,789  INFO [main] service.CompositeService: Connections limit are user: 0 ipaddress: 0 user-ipaddress: 0
2024-04-24T08:13:16,790  INFO [main] cleanup.EventualCleanupService: EventualCleanupService started with 10 threads and queue of size 10000
ERROR StatusLogger Log4j2 ConfigurationScheduler attempted to increment scheduled items after start
ERROR StatusLogger Log4j2 ConfigurationScheduler attempted to increment scheduled items after start
2024-04-24T08:13:16,792  INFO [main] service.AbstractService: Service:OperationManager is inited.
2024-04-24T08:13:16,792  INFO [main] service.AbstractService: Service:SessionManager is inited.
2024-04-24T08:13:16,792  INFO [main] service.AbstractService: Service:CLIService is inited.
2024-04-24T08:13:16,792  INFO [main] service.AbstractService: Service:OperationManager is started.
2024-04-24T08:13:16,792  INFO [main] service.AbstractService: Service:SessionManager is started.
2024-04-24T08:13:16,792  INFO [main] service.AbstractService: Service:CLIService is started.
2024-04-24T08:13:16,793  INFO [main] service.AbstractService: Service:ThriftBinaryCLIService is inited.
2024-04-24T08:13:16,793  INFO [main] thrift.ThriftCLIService: Client protocol version: HIVE_CLI_SERVICE_PROTOCOL_V10
2024-04-24T08:13:16,793  INFO [main] thrift.ThriftCLIService: Creating Hive session handle for user [null] from IP null
2024-04-24T08:13:16,794  INFO [main] DependencyResolver: ivysettings.xml file not found in HIVE_HOME or HIVE_CONF_DIR,/home/alex/Repositories/hive/conf/ivysettings.xml will be used
2024-04-24T08:13:16,802  INFO [main] session.SessionState: Created HDFS directory: /tmp/hive/alex/d81c6d9e-d132-4aa6-a8ba-acf1845dcbac
2024-04-24T08:13:16,805  INFO [main] session.SessionState: Created local directory: /home/alex/Repositories/hive/beeline/target/tmp/alex/d81c6d9e-d132-4aa6-a8ba-acf1845dcbac
2024-04-24T08:13:16,808  INFO [main] session.SessionState: Created HDFS directory: /tmp/hive/alex/d81c6d9e-d132-4aa6-a8ba-acf1845dcbac/_tmp_space.db
2024-04-24T08:13:16,808  INFO [main] session.SessionState: Reloading auxiliary JAR files
2024-04-24T08:13:16,808  WARN [main] session.SessionState: Configuration hive.reloadable.aux.jars.path not specified
2024-04-24T08:13:16,808  INFO [main] HiveMetaStore.audit: ugi=alex	ip=unknown-ip-addr	cmd=Cleaning up thread local RawStore...	
2024-04-24T08:13:16,808  INFO [main] metastore.ObjectStore: RawStore: org.apache.hadoop.hive.metastore.ObjectStore@6d17914a, with PersistenceManager: org.datanucleus.api.jdo.JDOPersistenceManager@49631cfb will be shutdown
2024-04-24T08:13:16,809  INFO [main] HiveMetaStore.audit: ugi=alex	ip=unknown-ip-addr	cmd=Done cleaning up thread local RawStore	
2024-04-24T08:13:16,809  INFO [main] metastore.HiveMetaStoreClient: Closed a connection to metastore, current connections: -11
2024-04-24T08:13:16,809  INFO [main] session.HiveSessionImpl: Operation log session directory is created: /home/alex/Repositories/hive/beeline/target/tmp/alex/operation_logs/d81c6d9e-d132-4aa6-a8ba-acf1845dcbac
2024-04-24T08:13:16,809  INFO [main] service.CompositeService: Session opened, SessionHandle [d81c6d9e-d132-4aa6-a8ba-acf1845dcbac], current sessions:1
2024-04-24T08:13:16,809  INFO [main] thrift.ThriftCLIService: Login attempt is successful for user : null
2024-04-24T08:13:16,855  WARN [main] conf.HiveConf: HiveConf of name hive.dummyparam.test.server.specific.config.override does not exist
2024-04-24T08:13:16,855  WARN [main] conf.HiveConf: HiveConf of name hive.dummyparam.test.server.specific.config.metastoresite does not exist
2024-04-24T08:13:16,855  WARN [main] conf.HiveConf: HiveConf of name hive.dummyparam.test.server.specific.config.hiveserver2site does not exist
2024-04-24T08:13:16,856  INFO [d81c6d9e-d132-4aa6-a8ba-acf1845dcbac main] session.HiveSessionImpl: executing set
2024-04-24T08:13:16,857  INFO [d81c6d9e-d132-4aa6-a8ba-acf1845dcbac main] operation.HiveCommandOperation: Putting temp output to file /home/alex/Repositories/hive/beeline/target/tmp/alex/d81c6d9e-d132-4aa6-a8ba-acf1845dcbac1320727918474863542.pipeout and error output to file /home/alex/Repositories/hive/beeline/target/tmp/alex/d81c6d9e-d132-4aa6-a8ba-acf1845dcbac5841508031221603351.pipeout
2024-04-24T08:13:16,857  INFO [d81c6d9e-d132-4aa6-a8ba-acf1845dcbac main] operation.OperationManager: Adding operation: OperationHandle [opType=EXECUTE_STATEMENT, getHandleIdentifier()=2765631c-caaf-43bf-b0af-dd296f77e553] SessionHandle [d81c6d9e-d132-4aa6-a8ba-acf1845dcbac]
2024-04-24T08:13:16,858  INFO [d81c6d9e-d132-4aa6-a8ba-acf1845dcbac main] common.LogUtils: Thread context registration is done.
DEBUG StatusLogger Building Plugin[name=filter, class=org.apache.hadoop.hive.ql.log.LogDivertAppender$NameFilter].
DEBUG StatusLogger createFilter(loggingLevel="EXECUTION")
DEBUG StatusLogger Building Plugin[name=layout, class=org.apache.logging.log4j.core.layout.PatternLayout].
DEBUG StatusLogger PatternLayout$Builder(Configuration(HiveLog4j2Test), noConsoleNoAnsi="null", disableAnsi="null", pattern="%-5p : %m%n", charset="null", Replace=null, header="null", footer="null", PatternSelector=null, alwaysWriteExceptions="null")
DEBUG StatusLogger Building Plugin[name=appender, class=org.apache.hadoop.hive.ql.log.HushableRandomAccessFileAppender].
DEBUG StatusLogger createAppender(fileName="/home/alex/Repositories/hive/beeline/target/tmp/alex/operation_logs/d81c6d9e-d132-4aa6-a8ba-acf1845dcbac/alex_20240424081316_32cf4e76-3861-4778-95dc-d1759ab1dd33", append="null", name="query-file-appender", immediateFlush="null", bufferSize="null", ignoreExceptions="null", PatternLayout(org.apache.logging.log4j.core.layout.PatternLayout with name PatternLayout), NameFilter(org.apache.hadoop.hive.ql.log.LogDivertAppender$NameFilter with name NameFilter), advertise="null", advertiseURI="null", Configuration(HiveLog4j2Test))
DEBUG StatusLogger Starting RandomAccessFileManager /home/alex/Repositories/hive/beeline/target/tmp/alex/operation_logs/d81c6d9e-d132-4aa6-a8ba-acf1845dcbac/alex_20240424081316_32cf4e76-3861-4778-95dc-d1759ab1dd33
DEBUG StatusLogger Building Plugin[name=, class=org.apache.hadoop.hive.ql.log.LogDivertAppenderForTest$TestFilter].
DEBUG StatusLogger createFilter()
DEBUG StatusLogger Building Plugin[name=, class=org.apache.logging.log4j.core.layout.PatternLayout].
DEBUG StatusLogger PatternLayout$Builder(charset="null", PatternSelector=null, Configuration(HiveLog4j2Test), header="null", disableAnsi="null", footer="null", pattern="%-5p : %m%n", noConsoleNoAnsi="null", alwaysWriteExceptions="null", Replace=null)
DEBUG StatusLogger Building Plugin[name=appender, class=org.apache.hadoop.hive.ql.log.HushableRandomAccessFileAppender].
DEBUG StatusLogger createAppender(fileName="/home/alex/Repositories/hive/beeline/target/tmp/alex/operation_logs/d81c6d9e-d132-4aa6-a8ba-acf1845dcbac/alex_20240424081316_32cf4e76-3861-4778-95dc-d1759ab1dd33.test", append="null", name="test-query-file-appender", immediateFlush="null", bufferSize="null", ignoreExceptions="null", PatternLayout(org.apache.logging.log4j.core.layout.PatternLayout with name PatternLayout), test-filter(org.apache.hadoop.hive.ql.log.LogDivertAppenderForTest$TestFilter with name test-filter), advertise="null", advertiseURI="null", Configuration(HiveLog4j2Test))
DEBUG StatusLogger Starting RandomAccessFileManager /home/alex/Repositories/hive/beeline/target/tmp/alex/operation_logs/d81c6d9e-d132-4aa6-a8ba-acf1845dcbac/alex_20240424081316_32cf4e76-3861-4778-95dc-d1759ab1dd33.test
2024-04-24T08:13:16,865  INFO [d81c6d9e-d132-4aa6-a8ba-acf1845dcbac main] operation.HiveCommandOperation: [opType=EXECUTE_STATEMENT, queryId=alex_20240424081316_32cf4e76-3861-4778-95dc-d1759ab1dd33, startTime=1713971596856, sessionId=d81c6d9e-d132-4aa6-a8ba-acf1845dcbac, createTime=1713971596793, userName=null, ipAddress=null]
2024-04-24T08:13:16,957  INFO [d81c6d9e-d132-4aa6-a8ba-acf1845dcbac main] common.LogUtils: Unregistered logging context.
2024-04-24T08:13:16,959  INFO [d81c6d9e-d132-4aa6-a8ba-acf1845dcbac main] operation.OperationManager: Closing operation: OperationHandle [opType=EXECUTE_STATEMENT, getHandleIdentifier()=2765631c-caaf-43bf-b0af-dd296f77e553]
2024-04-24T08:13:16,959  INFO [d81c6d9e-d132-4aa6-a8ba-acf1845dcbac main] operation.OperationManager: Removed queryId: alex_20240424081316_32cf4e76-3861-4778-95dc-d1759ab1dd33 corresponding to operation: OperationHandle [opType=EXECUTE_STATEMENT, getHandleIdentifier()=2765631c-caaf-43bf-b0af-dd296f77e553] with tag: null
2024-04-24T08:13:16,960  INFO [d81c6d9e-d132-4aa6-a8ba-acf1845dcbac main] operation.HiveCommandOperation: Closing operation log /home/alex/Repositories/hive/beeline/target/tmp/alex/operation_logs/d81c6d9e-d132-4aa6-a8ba-acf1845dcbac/alex_20240424081316_32cf4e76-3861-4778-95dc-d1759ab1dd33 without delay
2024-04-24T08:13:16,962  INFO [d81c6d9e-d132-4aa6-a8ba-acf1845dcbac main] session.HiveSessionImpl: executing use test
2024-04-24T08:13:16,964  INFO [d81c6d9e-d132-4aa6-a8ba-acf1845dcbac main] operation.OperationManager: Adding operation: OperationHandle [opType=EXECUTE_STATEMENT, getHandleIdentifier()=dee4ac9a-0150-47b4-b4a2-c4097f675490] SessionHandle [d81c6d9e-d132-4aa6-a8ba-acf1845dcbac]
2024-04-24T08:13:16,965  INFO [d81c6d9e-d132-4aa6-a8ba-acf1845dcbac main] common.LogUtils: Thread context registration is done.
DEBUG StatusLogger Building Plugin[name=filter, class=org.apache.hadoop.hive.ql.log.LogDivertAppender$NameFilter].
DEBUG StatusLogger createFilter(loggingLevel="EXECUTION")
DEBUG StatusLogger Building Plugin[name=layout, class=org.apache.logging.log4j.core.layout.PatternLayout].
DEBUG StatusLogger PatternLayout$Builder(PatternSelector=null, alwaysWriteExceptions="null", Configuration(HiveLog4j2Test), header="null", disableAnsi="null", Replace=null, noConsoleNoAnsi="null", footer="null", pattern="%-5p : %m%n", charset="null")
DEBUG StatusLogger Building Plugin[name=appender, class=org.apache.hadoop.hive.ql.log.HushableRandomAccessFileAppender].
DEBUG StatusLogger createAppender(fileName="/home/alex/Repositories/hive/beeline/target/tmp/alex/operation_logs/d81c6d9e-d132-4aa6-a8ba-acf1845dcbac/alex_20240424081316_c92bf71f-53db-4963-9b41-3eb4a45a7fad", append="null", name="query-file-appender", immediateFlush="null", bufferSize="null", ignoreExceptions="null", PatternLayout(org.apache.logging.log4j.core.layout.PatternLayout with name PatternLayout), NameFilter(org.apache.hadoop.hive.ql.log.LogDivertAppender$NameFilter with name NameFilter), advertise="null", advertiseURI="null", Configuration(HiveLog4j2Test))
DEBUG StatusLogger Starting RandomAccessFileManager /home/alex/Repositories/hive/beeline/target/tmp/alex/operation_logs/d81c6d9e-d132-4aa6-a8ba-acf1845dcbac/alex_20240424081316_c92bf71f-53db-4963-9b41-3eb4a45a7fad
DEBUG StatusLogger Building Plugin[name=, class=org.apache.hadoop.hive.ql.log.LogDivertAppenderForTest$TestFilter].
DEBUG StatusLogger createFilter()
DEBUG StatusLogger Building Plugin[name=, class=org.apache.logging.log4j.core.layout.PatternLayout].
DEBUG StatusLogger PatternLayout$Builder(disableAnsi="null", alwaysWriteExceptions="null", PatternSelector=null, noConsoleNoAnsi="null", footer="null", Replace=null, Configuration(HiveLog4j2Test), charset="null", pattern="%-5p : %m%n", header="null")
DEBUG StatusLogger Building Plugin[name=appender, class=org.apache.hadoop.hive.ql.log.HushableRandomAccessFileAppender].
DEBUG StatusLogger createAppender(fileName="/home/alex/Repositories/hive/beeline/target/tmp/alex/operation_logs/d81c6d9e-d132-4aa6-a8ba-acf1845dcbac/alex_20240424081316_c92bf71f-53db-4963-9b41-3eb4a45a7fad.test", append="null", name="test-query-file-appender", immediateFlush="null", bufferSize="null", ignoreExceptions="null", PatternLayout(org.apache.logging.log4j.core.layout.PatternLayout with name PatternLayout), test-filter(org.apache.hadoop.hive.ql.log.LogDivertAppenderForTest$TestFilter with name test-filter), advertise="null", advertiseURI="null", Configuration(HiveLog4j2Test))
DEBUG StatusLogger Starting RandomAccessFileManager /home/alex/Repositories/hive/beeline/target/tmp/alex/operation_logs/d81c6d9e-d132-4aa6-a8ba-acf1845dcbac/alex_20240424081316_c92bf71f-53db-4963-9b41-3eb4a45a7fad.test
2024-04-24T08:13:16,973  INFO [d81c6d9e-d132-4aa6-a8ba-acf1845dcbac main] operation.SQLOperation: [opType=EXECUTE_STATEMENT, queryId=alex_20240424081316_c92bf71f-53db-4963-9b41-3eb4a45a7fad, startTime=1713971596963, sessionId=d81c6d9e-d132-4aa6-a8ba-acf1845dcbac, createTime=1713971596793, userName=null, ipAddress=null]
2024-04-24T08:13:16,974  INFO [d81c6d9e-d132-4aa6-a8ba-acf1845dcbac main] ql.Driver: Compiling command(queryId=alex_20240424081316_c92bf71f-53db-4963-9b41-3eb4a45a7fad): use test
2024-04-24T08:13:16,975  INFO [d81c6d9e-d132-4aa6-a8ba-acf1845dcbac main] metastore.HiveMetaStoreClient: HMS client filtering is enabled.
2024-04-24T08:13:16,977  INFO [d81c6d9e-d132-4aa6-a8ba-acf1845dcbac main] metastore.HMSHandler: 0: Opening raw store with implementation class:org.apache.hadoop.hive.metastore.ObjectStore
2024-04-24T08:13:16,977  INFO [d81c6d9e-d132-4aa6-a8ba-acf1845dcbac main] metastore.PersistenceManagerProvider: Configuration datanucleus.autoStartMechanismMode is not set. Defaulting to 'ignored'
2024-04-24T08:13:16,978  INFO [d81c6d9e-d132-4aa6-a8ba-acf1845dcbac main] metastore.ObjectStore: RawStore: org.apache.hadoop.hive.metastore.ObjectStore@5f935d49, with PersistenceManager: null will be shutdown
2024-04-24T08:13:16,979  INFO [d81c6d9e-d132-4aa6-a8ba-acf1845dcbac main] metastore.ObjectStore: RawStore: org.apache.hadoop.hive.metastore.ObjectStore@5f935d49, with PersistenceManager: org.datanucleus.api.jdo.JDOPersistenceManager@3321291a created in the thread with id: 1
2024-04-24T08:13:16,983  INFO [d81c6d9e-d132-4aa6-a8ba-acf1845dcbac main] metastore.HMSHandler: Created RawStore: org.apache.hadoop.hive.metastore.ObjectStore@5f935d49 from thread id: 1
2024-04-24T08:13:16,983  INFO [d81c6d9e-d132-4aa6-a8ba-acf1845dcbac main] metastore.HMSHandler: HMS server filtering is disabled by configuration
2024-04-24T08:13:16,983  INFO [d81c6d9e-d132-4aa6-a8ba-acf1845dcbac main] metastore.RetryingMetaStoreClient: RetryingMetaStoreClient proxy=class org.apache.hadoop.hive.ql.metadata.SessionHiveMetaStoreClient ugi=alex (auth:SIMPLE) retries=1 delay=1 lifetime=0
2024-04-24T08:13:16,985  INFO [d81c6d9e-d132-4aa6-a8ba-acf1845dcbac main] HiveMetaStore.audit: ugi=alex	ip=unknown-ip-addr	cmd=get_database: test	
2024-04-24T08:13:16,986  INFO [d81c6d9e-d132-4aa6-a8ba-acf1845dcbac main] ql.Driver: Semantic Analysis Completed (retrial = false)
2024-04-24T08:13:16,986  INFO [d81c6d9e-d132-4aa6-a8ba-acf1845dcbac main] ql.Driver: Created Hive schema: Schema(fieldSchemas:null, properties:null)
2024-04-24T08:13:16,986  INFO [d81c6d9e-d132-4aa6-a8ba-acf1845dcbac main] metadata.Hive: Dumping metastore api call timing information for : compilation phase
2024-04-24T08:13:16,986  INFO [d81c6d9e-d132-4aa6-a8ba-acf1845dcbac main] metadata.Hive: Total time spent in each metastore function (ms): {getDatabase_(String)=2, isCompatibleWith_(Configuration)=1, flushCache_()=0}
2024-04-24T08:13:16,987  INFO [d81c6d9e-d132-4aa6-a8ba-acf1845dcbac main] ql.Driver: Completed compiling command(queryId=alex_20240424081316_c92bf71f-53db-4963-9b41-3eb4a45a7fad); Time taken: 0.012 seconds
2024-04-24T08:13:16,988  INFO [HiveServer2-Background-Pool: Thread-222] common.LogUtils: Thread context registration is done.
2024-04-24T08:13:16,988  INFO [d81c6d9e-d132-4aa6-a8ba-acf1845dcbac main] common.LogUtils: Unregistered logging context.
2024-04-24T08:13:16,988  INFO [HiveServer2-Background-Pool: Thread-222] reexec.ReExecDriver: Execution #1 of query
2024-04-24T08:13:16,988  INFO [HiveServer2-Background-Pool: Thread-222] ql.Driver: Concurrency mode is disabled, not creating a lock manager
2024-04-24T08:13:16,989  INFO [HiveServer2-Background-Pool: Thread-222] ql.Driver: Executing command(queryId=alex_20240424081316_c92bf71f-53db-4963-9b41-3eb4a45a7fad): use test
2024-04-24T08:13:16,990  INFO [HiveServer2-Background-Pool: Thread-222] ql.Driver: Starting task [Stage-0:DDL] in serial mode
2024-04-24T08:13:16,991  INFO [HiveServer2-Background-Pool: Thread-222] HiveMetaStore.audit: ugi=alex	ip=unknown-ip-addr	cmd=get_database: test	
2024-04-24T08:13:16,992  INFO [HiveServer2-Background-Pool: Thread-222] metastore.HMSHandler: 9: Opening raw store with implementation class:org.apache.hadoop.hive.metastore.ObjectStore
2024-04-24T08:13:16,993  INFO [HiveServer2-Background-Pool: Thread-222] metastore.ObjectStore: RawStore: org.apache.hadoop.hive.metastore.ObjectStore@27b8b642, with PersistenceManager: null will be shutdown
2024-04-24T08:13:16,993  INFO [HiveServer2-Background-Pool: Thread-222] metastore.ObjectStore: RawStore: org.apache.hadoop.hive.metastore.ObjectStore@27b8b642, with PersistenceManager: org.datanucleus.api.jdo.JDOPersistenceManager@62ba3cd1 created in the thread with id: 222
2024-04-24T08:13:16,997  INFO [HiveServer2-Background-Pool: Thread-222] metastore.HMSHandler: Created RawStore: org.apache.hadoop.hive.metastore.ObjectStore@27b8b642 from thread id: 222
2024-04-24T08:13:16,999  INFO [HiveServer2-Background-Pool: Thread-222] HiveMetaStore.audit: ugi=alex	ip=unknown-ip-addr	cmd=get_database: test	
2024-04-24T08:13:17,001  INFO [HiveServer2-Background-Pool: Thread-222] metadata.Hive: Dumping metastore api call timing information for : execution phase
2024-04-24T08:13:17,001  INFO [HiveServer2-Background-Pool: Thread-222] metadata.Hive: Total time spent in each metastore function (ms): {getDatabase_(String)=10, isCompatibleWith_(Configuration)=0}
2024-04-24T08:13:17,001  INFO [HiveServer2-Background-Pool: Thread-222] ql.Driver: Completed executing command(queryId=alex_20240424081316_c92bf71f-53db-4963-9b41-3eb4a45a7fad); Time taken: 0.011 seconds
2024-04-24T08:13:17,001  INFO [HiveServer2-Background-Pool: Thread-222] common.LogUtils: Unregistered logging context.
2024-04-24T08:13:17,004  INFO [d81c6d9e-d132-4aa6-a8ba-acf1845dcbac main] operation.OperationManager: Closing operation: OperationHandle [opType=EXECUTE_STATEMENT, getHandleIdentifier()=dee4ac9a-0150-47b4-b4a2-c4097f675490]
2024-04-24T08:13:17,004  INFO [d81c6d9e-d132-4aa6-a8ba-acf1845dcbac main] operation.OperationManager: Removed queryId: alex_20240424081316_c92bf71f-53db-4963-9b41-3eb4a45a7fad corresponding to operation: OperationHandle [opType=EXECUTE_STATEMENT, getHandleIdentifier()=dee4ac9a-0150-47b4-b4a2-c4097f675490] with tag: null
2024-04-24T08:13:17,004  INFO [d81c6d9e-d132-4aa6-a8ba-acf1845dcbac main] operation.SQLOperation: Closing operation log /home/alex/Repositories/hive/beeline/target/tmp/alex/operation_logs/d81c6d9e-d132-4aa6-a8ba-acf1845dcbac/alex_20240424081316_c92bf71f-53db-4963-9b41-3eb4a45a7fad without delay
2024-04-24T08:13:17,078  WARN [main] conf.HiveConf: HiveConf of name hive.dummyparam.test.server.specific.config.override does not exist
2024-04-24T08:13:17,079  WARN [main] conf.HiveConf: HiveConf of name hive.dummyparam.test.server.specific.config.metastoresite does not exist
2024-04-24T08:13:17,079  WARN [main] conf.HiveConf: HiveConf of name hive.dummyparam.test.server.specific.config.hiveserver2site does not exist
2024-04-24T08:13:17,080  INFO [d81c6d9e-d132-4aa6-a8ba-acf1845dcbac main] session.HiveSessionImpl: executing set
2024-04-24T08:13:17,081  INFO [d81c6d9e-d132-4aa6-a8ba-acf1845dcbac main] operation.HiveCommandOperation: Putting temp output to file /home/alex/Repositories/hive/beeline/target/tmp/alex/d81c6d9e-d132-4aa6-a8ba-acf1845dcbac1320727918474863542.pipeout and error output to file /home/alex/Repositories/hive/beeline/target/tmp/alex/d81c6d9e-d132-4aa6-a8ba-acf1845dcbac5841508031221603351.pipeout
2024-04-24T08:13:17,082  INFO [d81c6d9e-d132-4aa6-a8ba-acf1845dcbac main] operation.OperationManager: Adding operation: OperationHandle [opType=EXECUTE_STATEMENT, getHandleIdentifier()=c9211fcc-d28c-430e-9c8d-167a49075b1d] SessionHandle [d81c6d9e-d132-4aa6-a8ba-acf1845dcbac]
2024-04-24T08:13:17,082  INFO [d81c6d9e-d132-4aa6-a8ba-acf1845dcbac main] common.LogUtils: Thread context registration is done.
DEBUG StatusLogger Building Plugin[name=filter, class=org.apache.hadoop.hive.ql.log.LogDivertAppender$NameFilter].
DEBUG StatusLogger createFilter(loggingLevel="EXECUTION")
DEBUG StatusLogger Building Plugin[name=layout, class=org.apache.logging.log4j.core.layout.PatternLayout].
DEBUG StatusLogger PatternLayout$Builder(PatternSelector=null, noConsoleNoAnsi="null", header="null", disableAnsi="null", Replace=null, Configuration(HiveLog4j2Test), footer="null", alwaysWriteExceptions="null", charset="null", pattern="%-5p : %m%n")
DEBUG StatusLogger Building Plugin[name=appender, class=org.apache.hadoop.hive.ql.log.HushableRandomAccessFileAppender].
DEBUG StatusLogger createAppender(fileName="/home/alex/Repositories/hive/beeline/target/tmp/alex/operation_logs/d81c6d9e-d132-4aa6-a8ba-acf1845dcbac/alex_20240424081317_2a567a0e-8d26-4674-98b1-a01ca40ade00", append="null", name="query-file-appender", immediateFlush="null", bufferSize="null", ignoreExceptions="null", PatternLayout(org.apache.logging.log4j.core.layout.PatternLayout with name PatternLayout), NameFilter(org.apache.hadoop.hive.ql.log.LogDivertAppender$NameFilter with name NameFilter), advertise="null", advertiseURI="null", Configuration(HiveLog4j2Test))
DEBUG StatusLogger Starting RandomAccessFileManager /home/alex/Repositories/hive/beeline/target/tmp/alex/operation_logs/d81c6d9e-d132-4aa6-a8ba-acf1845dcbac/alex_20240424081317_2a567a0e-8d26-4674-98b1-a01ca40ade00
DEBUG StatusLogger Building Plugin[name=, class=org.apache.hadoop.hive.ql.log.LogDivertAppenderForTest$TestFilter].
DEBUG StatusLogger createFilter()
DEBUG StatusLogger Building Plugin[name=, class=org.apache.logging.log4j.core.layout.PatternLayout].
DEBUG StatusLogger PatternLayout$Builder(header="null", Configuration(HiveLog4j2Test), pattern="%-5p : %m%n", Replace=null, footer="null", PatternSelector=null, noConsoleNoAnsi="null", disableAnsi="null", charset="null", alwaysWriteExceptions="null")
DEBUG StatusLogger Building Plugin[name=appender, class=org.apache.hadoop.hive.ql.log.HushableRandomAccessFileAppender].
DEBUG StatusLogger createAppender(fileName="/home/alex/Repositories/hive/beeline/target/tmp/alex/operation_logs/d81c6d9e-d132-4aa6-a8ba-acf1845dcbac/alex_20240424081317_2a567a0e-8d26-4674-98b1-a01ca40ade00.test", append="null", name="test-query-file-appender", immediateFlush="null", bufferSize="null", ignoreExceptions="null", PatternLayout(org.apache.logging.log4j.core.layout.PatternLayout with name PatternLayout), test-filter(org.apache.hadoop.hive.ql.log.LogDivertAppenderForTest$TestFilter with name test-filter), advertise="null", advertiseURI="null", Configuration(HiveLog4j2Test))
DEBUG StatusLogger Starting RandomAccessFileManager /home/alex/Repositories/hive/beeline/target/tmp/alex/operation_logs/d81c6d9e-d132-4aa6-a8ba-acf1845dcbac/alex_20240424081317_2a567a0e-8d26-4674-98b1-a01ca40ade00.test
2024-04-24T08:13:17,091  INFO [d81c6d9e-d132-4aa6-a8ba-acf1845dcbac main] operation.HiveCommandOperation: [opType=EXECUTE_STATEMENT, queryId=alex_20240424081317_2a567a0e-8d26-4674-98b1-a01ca40ade00, startTime=1713971597080, sessionId=d81c6d9e-d132-4aa6-a8ba-acf1845dcbac, createTime=1713971596793, userName=null, ipAddress=null]
2024-04-24T08:13:17,193  INFO [d81c6d9e-d132-4aa6-a8ba-acf1845dcbac main] common.LogUtils: Unregistered logging context.
2024-04-24T08:13:17,197  INFO [d81c6d9e-d132-4aa6-a8ba-acf1845dcbac main] operation.OperationManager: Closing operation: OperationHandle [opType=EXECUTE_STATEMENT, getHandleIdentifier()=c9211fcc-d28c-430e-9c8d-167a49075b1d]
2024-04-24T08:13:17,197  INFO [d81c6d9e-d132-4aa6-a8ba-acf1845dcbac main] operation.OperationManager: Removed queryId: alex_20240424081317_2a567a0e-8d26-4674-98b1-a01ca40ade00 corresponding to operation: OperationHandle [opType=EXECUTE_STATEMENT, getHandleIdentifier()=c9211fcc-d28c-430e-9c8d-167a49075b1d] with tag: null
2024-04-24T08:13:17,198  INFO [d81c6d9e-d132-4aa6-a8ba-acf1845dcbac main] operation.HiveCommandOperation: Closing operation log /home/alex/Repositories/hive/beeline/target/tmp/alex/operation_logs/d81c6d9e-d132-4aa6-a8ba-acf1845dcbac/alex_20240424081317_2a567a0e-8d26-4674-98b1-a01ca40ade00 without delay
2024-04-24T08:13:17,200  INFO [d81c6d9e-d132-4aa6-a8ba-acf1845dcbac main] session.HiveSessionImpl: executing create table if not exists test.testSrcTbl(sc1 string)
2024-04-24T08:13:17,202  INFO [d81c6d9e-d132-4aa6-a8ba-acf1845dcbac main] operation.OperationManager: Adding operation: OperationHandle [opType=EXECUTE_STATEMENT, getHandleIdentifier()=a736f500-b08a-4a63-a8b2-dba1e5a638f5] SessionHandle [d81c6d9e-d132-4aa6-a8ba-acf1845dcbac]
2024-04-24T08:13:17,202  INFO [d81c6d9e-d132-4aa6-a8ba-acf1845dcbac main] common.LogUtils: Thread context registration is done.
DEBUG StatusLogger Building Plugin[name=filter, class=org.apache.hadoop.hive.ql.log.LogDivertAppender$NameFilter].
DEBUG StatusLogger createFilter(loggingLevel="EXECUTION")
DEBUG StatusLogger Building Plugin[name=layout, class=org.apache.logging.log4j.core.layout.PatternLayout].
DEBUG StatusLogger PatternLayout$Builder(header="null", footer="null", disableAnsi="null", charset="null", Configuration(HiveLog4j2Test), Replace=null, noConsoleNoAnsi="null", pattern="%-5p : %m%n", PatternSelector=null, alwaysWriteExceptions="null")
DEBUG StatusLogger Building Plugin[name=appender, class=org.apache.hadoop.hive.ql.log.HushableRandomAccessFileAppender].
DEBUG StatusLogger createAppender(fileName="/home/alex/Repositories/hive/beeline/target/tmp/alex/operation_logs/d81c6d9e-d132-4aa6-a8ba-acf1845dcbac/alex_20240424081317_58cab434-402c-4b4e-b477-3d5dcdf0b94f", append="null", name="query-file-appender", immediateFlush="null", bufferSize="null", ignoreExceptions="null", PatternLayout(org.apache.logging.log4j.core.layout.PatternLayout with name PatternLayout), NameFilter(org.apache.hadoop.hive.ql.log.LogDivertAppender$NameFilter with name NameFilter), advertise="null", advertiseURI="null", Configuration(HiveLog4j2Test))
DEBUG StatusLogger Starting RandomAccessFileManager /home/alex/Repositories/hive/beeline/target/tmp/alex/operation_logs/d81c6d9e-d132-4aa6-a8ba-acf1845dcbac/alex_20240424081317_58cab434-402c-4b4e-b477-3d5dcdf0b94f
DEBUG StatusLogger Building Plugin[name=, class=org.apache.hadoop.hive.ql.log.LogDivertAppenderForTest$TestFilter].
DEBUG StatusLogger createFilter()
DEBUG StatusLogger Building Plugin[name=, class=org.apache.logging.log4j.core.layout.PatternLayout].
DEBUG StatusLogger PatternLayout$Builder(alwaysWriteExceptions="null", header="null", Configuration(HiveLog4j2Test), Replace=null, pattern="%-5p : %m%n", footer="null", disableAnsi="null", charset="null", noConsoleNoAnsi="null", PatternSelector=null)
DEBUG StatusLogger Building Plugin[name=appender, class=org.apache.hadoop.hive.ql.log.HushableRandomAccessFileAppender].
DEBUG StatusLogger createAppender(fileName="/home/alex/Repositories/hive/beeline/target/tmp/alex/operation_logs/d81c6d9e-d132-4aa6-a8ba-acf1845dcbac/alex_20240424081317_58cab434-402c-4b4e-b477-3d5dcdf0b94f.test", append="null", name="test-query-file-appender", immediateFlush="null", bufferSize="null", ignoreExceptions="null", PatternLayout(org.apache.logging.log4j.core.layout.PatternLayout with name PatternLayout), test-filter(org.apache.hadoop.hive.ql.log.LogDivertAppenderForTest$TestFilter with name test-filter), advertise="null", advertiseURI="null", Configuration(HiveLog4j2Test))
DEBUG StatusLogger Starting RandomAccessFileManager /home/alex/Repositories/hive/beeline/target/tmp/alex/operation_logs/d81c6d9e-d132-4aa6-a8ba-acf1845dcbac/alex_20240424081317_58cab434-402c-4b4e-b477-3d5dcdf0b94f.test
2024-04-24T08:13:17,214  INFO [d81c6d9e-d132-4aa6-a8ba-acf1845dcbac main] operation.SQLOperation: [opType=EXECUTE_STATEMENT, queryId=alex_20240424081317_58cab434-402c-4b4e-b477-3d5dcdf0b94f, startTime=1713971597200, sessionId=d81c6d9e-d132-4aa6-a8ba-acf1845dcbac, createTime=1713971596793, userName=null, ipAddress=null]
2024-04-24T08:13:17,215  INFO [d81c6d9e-d132-4aa6-a8ba-acf1845dcbac main] ql.Driver: Compiling command(queryId=alex_20240424081317_58cab434-402c-4b4e-b477-3d5dcdf0b94f): create table if not exists test.testSrcTbl(sc1 string)
2024-04-24T08:13:17,217  INFO [d81c6d9e-d132-4aa6-a8ba-acf1845dcbac main] parse.CalcitePlanner: Starting caching scope for: alex_20240424081317_58cab434-402c-4b4e-b477-3d5dcdf0b94f
2024-04-24T08:13:17,217  INFO [d81c6d9e-d132-4aa6-a8ba-acf1845dcbac main] parse.CalcitePlanner: Starting Semantic Analysis
2024-04-24T08:13:17,217  INFO [d81c6d9e-d132-4aa6-a8ba-acf1845dcbac main] sqlstd.SQLStdHiveAccessController: Created SQLStdHiveAccessController for session context : HiveAuthzSessionContext [sessionString=d81c6d9e-d132-4aa6-a8ba-acf1845dcbac, clientType=HIVESERVER2]
2024-04-24T08:13:17,218  INFO [d81c6d9e-d132-4aa6-a8ba-acf1845dcbac main] parse.CalcitePlanner: Creating table test.testSrcTbl position=27
2024-04-24T08:13:17,218  INFO [d81c6d9e-d132-4aa6-a8ba-acf1845dcbac main] HiveMetaStore.audit: ugi=alex	ip=unknown-ip-addr	cmd=get_table : tbl=hive.test.testSrcTbl	
2024-04-24T08:13:17,243  INFO [d81c6d9e-d132-4aa6-a8ba-acf1845dcbac main] parse.CalcitePlanner: Ending caching scope for: alex_20240424081317_58cab434-402c-4b4e-b477-3d5dcdf0b94f
2024-04-24T08:13:17,244  INFO [d81c6d9e-d132-4aa6-a8ba-acf1845dcbac main] ql.Driver: Semantic Analysis Completed (retrial = false)
2024-04-24T08:13:17,244  INFO [d81c6d9e-d132-4aa6-a8ba-acf1845dcbac main] ql.Driver: Created Hive schema: Schema(fieldSchemas:null, properties:null)
2024-04-24T08:13:17,244  INFO [d81c6d9e-d132-4aa6-a8ba-acf1845dcbac main] metadata.Hive: Dumping metastore api call timing information for : compilation phase
2024-04-24T08:13:17,244  INFO [d81c6d9e-d132-4aa6-a8ba-acf1845dcbac main] metadata.Hive: Total time spent in each metastore function (ms): {isCompatibleWith_(Configuration)=0, flushCache_()=0, getTable_(GetTableRequest)=25}
2024-04-24T08:13:17,244  INFO [d81c6d9e-d132-4aa6-a8ba-acf1845dcbac main] ql.Driver: Completed compiling command(queryId=alex_20240424081317_58cab434-402c-4b4e-b477-3d5dcdf0b94f); Time taken: 0.029 seconds
2024-04-24T08:13:17,245  INFO [HiveServer2-Background-Pool: Thread-225] common.LogUtils: Thread context registration is done.
2024-04-24T08:13:17,245  INFO [d81c6d9e-d132-4aa6-a8ba-acf1845dcbac main] common.LogUtils: Unregistered logging context.
2024-04-24T08:13:17,245  INFO [HiveServer2-Background-Pool: Thread-225] reexec.ReExecDriver: Execution #1 of query
2024-04-24T08:13:17,246  INFO [HiveServer2-Background-Pool: Thread-225] ql.Driver: Concurrency mode is disabled, not creating a lock manager
2024-04-24T08:13:17,246  INFO [HiveServer2-Background-Pool: Thread-225] ql.Driver: Executing command(queryId=alex_20240424081317_58cab434-402c-4b4e-b477-3d5dcdf0b94f): create table if not exists test.testSrcTbl(sc1 string)
2024-04-24T08:13:17,247  INFO [HiveServer2-Background-Pool: Thread-225] metadata.Hive: Dumping metastore api call timing information for : execution phase
2024-04-24T08:13:17,247  INFO [HiveServer2-Background-Pool: Thread-225] metadata.Hive: Total time spent in each metastore function (ms): {}
2024-04-24T08:13:17,247  INFO [HiveServer2-Background-Pool: Thread-225] ql.Driver: Completed executing command(queryId=alex_20240424081317_58cab434-402c-4b4e-b477-3d5dcdf0b94f); Time taken: 0.001 seconds
2024-04-24T08:13:17,248  INFO [HiveServer2-Background-Pool: Thread-225] common.LogUtils: Unregistered logging context.
2024-04-24T08:13:17,249  INFO [d81c6d9e-d132-4aa6-a8ba-acf1845dcbac main] operation.OperationManager: Closing operation: OperationHandle [opType=EXECUTE_STATEMENT, getHandleIdentifier()=a736f500-b08a-4a63-a8b2-dba1e5a638f5]
2024-04-24T08:13:17,249  INFO [d81c6d9e-d132-4aa6-a8ba-acf1845dcbac main] operation.OperationManager: Removed queryId: alex_20240424081317_58cab434-402c-4b4e-b477-3d5dcdf0b94f corresponding to operation: OperationHandle [opType=EXECUTE_STATEMENT, getHandleIdentifier()=a736f500-b08a-4a63-a8b2-dba1e5a638f5] with tag: null
2024-04-24T08:13:17,249  INFO [d81c6d9e-d132-4aa6-a8ba-acf1845dcbac main] operation.SQLOperation: Closing operation log /home/alex/Repositories/hive/beeline/target/tmp/alex/operation_logs/d81c6d9e-d132-4aa6-a8ba-acf1845dcbac/alex_20240424081317_58cab434-402c-4b4e-b477-3d5dcdf0b94f without delay
2024-04-24T08:13:17,253  INFO [main] service.CompositeService: Session closed, SessionHandle [d81c6d9e-d132-4aa6-a8ba-acf1845dcbac], current sessions:0
2024-04-24T08:13:17,254  INFO [d81c6d9e-d132-4aa6-a8ba-acf1845dcbac main] session.HiveSessionImpl: Operation log session directory is deleted: /home/alex/Repositories/hive/beeline/target/tmp/alex/operation_logs/d81c6d9e-d132-4aa6-a8ba-acf1845dcbac
2024-04-24T08:13:17,254  INFO [main] cleanup.EventualCleanupService: Delete /tmp/hive/alex/d81c6d9e-d132-4aa6-a8ba-acf1845dcbac operation was queued
2024-04-24T08:13:17,255  INFO [main] cleanup.EventualCleanupService: Delete /home/alex/Repositories/hive/beeline/target/tmp/alex/d81c6d9e-d132-4aa6-a8ba-acf1845dcbac operation was queued
2024-04-24T08:13:17,255  INFO [EventualCleanupService thread 1] cleanup.EventualCleanupService: Deleted /home/alex/Repositories/hive/beeline/target/tmp/alex/d81c6d9e-d132-4aa6-a8ba-acf1845dcbac
2024-04-24T08:13:17,255  INFO [EventualCleanupService thread 0] cleanup.EventualCleanupService: Deleted /tmp/hive/alex/d81c6d9e-d132-4aa6-a8ba-acf1845dcbac
2024-04-24T08:13:17,256  INFO [main] HiveMetaStore.audit: ugi=alex	ip=unknown-ip-addr	cmd=Cleaning up thread local RawStore...	
2024-04-24T08:13:17,256  INFO [main] metastore.ObjectStore: RawStore: org.apache.hadoop.hive.metastore.ObjectStore@5f935d49, with PersistenceManager: org.datanucleus.api.jdo.JDOPersistenceManager@3321291a will be shutdown
2024-04-24T08:13:17,256  INFO [main] HiveMetaStore.audit: ugi=alex	ip=unknown-ip-addr	cmd=Done cleaning up thread local RawStore	
2024-04-24T08:13:17,257  INFO [main] metastore.HiveMetaStoreClient: Closed a connection to metastore, current connections: -12
]]></system-err>
  </testcase>
  <testcase name="testSqlFromCmdWithDBName" classname="org.apache.hive.beeline.cli.TestHiveCli" time="0.379">
    <failure type="java.lang.AssertionError"><![CDATA[java.lang.AssertionError: Supported return code is 0 while the actual is 1
	at org.junit.Assert.fail(Assert.java:89)
	at org.apache.hive.beeline.cli.TestHiveCli.executeCMD(TestHiveCli.java:256)
	at org.apache.hive.beeline.cli.TestHiveCli.verifyCMD(TestHiveCli.java:266)
	at org.apache.hive.beeline.cli.TestHiveCli.testSqlFromCmdWithDBName(TestHiveCli.java:166)
	at sun.reflect.NativeMethodAccessorImpl.invoke0(Native Method)
	at sun.reflect.NativeMethodAccessorImpl.invoke(NativeMethodAccessorImpl.java:62)
	at sun.reflect.DelegatingMethodAccessorImpl.invoke(DelegatingMethodAccessorImpl.java:43)
	at java.lang.reflect.Method.invoke(Method.java:498)
	at org.junit.runners.model.FrameworkMethod$1.runReflectiveCall(FrameworkMethod.java:59)
	at org.junit.internal.runners.model.ReflectiveCallable.run(ReflectiveCallable.java:12)
	at org.junit.runners.model.FrameworkMethod.invokeExplosively(FrameworkMethod.java:56)
	at org.junit.internal.runners.statements.InvokeMethod.evaluate(InvokeMethod.java:17)
	at org.junit.internal.runners.statements.RunBefores.evaluate(RunBefores.java:26)
	at org.junit.internal.runners.statements.RunAfters.evaluate(RunAfters.java:27)
	at org.junit.runners.ParentRunner$3.evaluate(ParentRunner.java:306)
	at org.junit.runners.BlockJUnit4ClassRunner$1.evaluate(BlockJUnit4ClassRunner.java:100)
	at org.junit.runners.ParentRunner.runLeaf(ParentRunner.java:366)
	at org.junit.runners.BlockJUnit4ClassRunner.runChild(BlockJUnit4ClassRunner.java:103)
	at org.junit.runners.BlockJUnit4ClassRunner.runChild(BlockJUnit4ClassRunner.java:63)
	at org.junit.runners.ParentRunner$4.run(ParentRunner.java:331)
	at org.junit.runners.ParentRunner$1.schedule(ParentRunner.java:79)
	at org.junit.runners.ParentRunner.runChildren(ParentRunner.java:329)
	at org.junit.runners.ParentRunner.access$100(ParentRunner.java:66)
	at org.junit.runners.ParentRunner$2.evaluate(ParentRunner.java:293)
	at org.junit.internal.runners.statements.RunBefores.evaluate(RunBefores.java:26)
	at org.junit.runners.ParentRunner$3.evaluate(ParentRunner.java:306)
	at org.junit.runners.ParentRunner.run(ParentRunner.java:413)
	at org.junit.runner.JUnitCore.run(JUnitCore.java:137)
	at org.junit.runner.JUnitCore.run(JUnitCore.java:115)
	at org.junit.vintage.engine.execution.RunnerExecutor.execute(RunnerExecutor.java:43)
	at java.util.stream.ForEachOps$ForEachOp$OfRef.accept(ForEachOps.java:183)
	at java.util.stream.ReferencePipeline$3$1.accept(ReferencePipeline.java:193)
	at java.util.Iterator.forEachRemaining(Iterator.java:116)
	at java.util.Spliterators$IteratorSpliterator.forEachRemaining(Spliterators.java:1801)
	at java.util.stream.AbstractPipeline.copyInto(AbstractPipeline.java:482)
	at java.util.stream.AbstractPipeline.wrapAndCopyInto(AbstractPipeline.java:472)
	at java.util.stream.ForEachOps$ForEachOp.evaluateSequential(ForEachOps.java:150)
	at java.util.stream.ForEachOps$ForEachOp$OfRef.evaluateSequential(ForEachOps.java:173)
	at java.util.stream.AbstractPipeline.evaluate(AbstractPipeline.java:234)
	at java.util.stream.ReferencePipeline.forEach(ReferencePipeline.java:485)
	at org.junit.vintage.engine.VintageTestEngine.executeAllChildren(VintageTestEngine.java:82)
	at org.junit.vintage.engine.VintageTestEngine.execute(VintageTestEngine.java:73)
	at org.junit.platform.launcher.core.DefaultLauncher.execute(DefaultLauncher.java:248)
	at org.junit.platform.launcher.core.DefaultLauncher.lambda$execute$5(DefaultLauncher.java:211)
	at org.junit.platform.launcher.core.DefaultLauncher.withInterceptedStreams(DefaultLauncher.java:226)
	at org.junit.platform.launcher.core.DefaultLauncher.execute(DefaultLauncher.java:199)
	at org.junit.platform.launcher.core.DefaultLauncher.execute(DefaultLauncher.java:132)
	at org.apache.maven.surefire.junitplatform.JUnitPlatformProvider.invokeAllTests(JUnitPlatformProvider.java:154)
	at org.apache.maven.surefire.junitplatform.JUnitPlatformProvider.invoke(JUnitPlatformProvider.java:123)
	at org.apache.maven.surefire.booter.ForkedBooter.runSuitesInProcess(ForkedBooter.java:377)
	at org.apache.maven.surefire.booter.ForkedBooter.execute(ForkedBooter.java:138)
	at org.apache.maven.surefire.booter.ForkedBooter.run(ForkedBooter.java:465)
	at org.apache.maven.surefire.booter.ForkedBooter.main(ForkedBooter.java:451)
]]></failure>
    <system-err><![CDATA[2024-04-24T08:13:17,258 ERROR [main] cli.TestHiveCli: Failed to execute command due to the error: java.lang.NullPointerException: Null output stream
2024-04-24T08:13:17,307  WARN [main] conf.HiveConf: HiveConf of name hive.dummyparam.test.server.specific.config.metastoresite does not exist
2024-04-24T08:13:17,307  WARN [main] conf.HiveConf: HiveConf of name hive.dummyparam.test.server.specific.config.hiveserver2site does not exist
2024-04-24T08:13:17,307  WARN [main] conf.HiveConf: HiveConf of name hive.dummyparam.test.server.specific.config.override does not exist
2024-04-24T08:13:17,308  INFO [main] SessionState: Hive Session ID = 71fe3749-4dab-4053-8517-debc885f4bb5
2024-04-24T08:13:17,309  INFO [main] DependencyResolver: ivysettings.xml file not found in HIVE_HOME or HIVE_CONF_DIR,/home/alex/Repositories/hive/conf/ivysettings.xml will be used
2024-04-24T08:13:17,316  INFO [main] session.SessionState: Created HDFS directory: /tmp/hive/alex/71fe3749-4dab-4053-8517-debc885f4bb5
2024-04-24T08:13:17,319  INFO [main] session.SessionState: Created local directory: /home/alex/Repositories/hive/beeline/target/tmp/alex/71fe3749-4dab-4053-8517-debc885f4bb5
2024-04-24T08:13:17,322  INFO [main] session.SessionState: Created HDFS directory: /tmp/hive/alex/71fe3749-4dab-4053-8517-debc885f4bb5/_tmp_space.db
2024-04-24T08:13:17,323  INFO [main] sqlstd.SQLStdHiveAccessController: Created SQLStdHiveAccessController for session context : HiveAuthzSessionContext [sessionString=71fe3749-4dab-4053-8517-debc885f4bb5, clientType=HIVESERVER2]
2024-04-24T08:13:17,324  INFO [main] metastore.HiveMetaStoreClient: HMS client filtering is enabled.
2024-04-24T08:13:17,325  INFO [main] metastore.HMSHandler: 0: Opening raw store with implementation class:org.apache.hadoop.hive.metastore.ObjectStore
2024-04-24T08:13:17,325  INFO [main] metastore.PersistenceManagerProvider: Configuration datanucleus.autoStartMechanismMode is not set. Defaulting to 'ignored'
2024-04-24T08:13:17,325  INFO [main] metastore.ObjectStore: RawStore: org.apache.hadoop.hive.metastore.ObjectStore@657b3b, with PersistenceManager: null will be shutdown
2024-04-24T08:13:17,325  INFO [main] metastore.ObjectStore: RawStore: org.apache.hadoop.hive.metastore.ObjectStore@657b3b, with PersistenceManager: org.datanucleus.api.jdo.JDOPersistenceManager@2cea921a created in the thread with id: 1
2024-04-24T08:13:17,330  INFO [main] metastore.HMSHandler: Created RawStore: org.apache.hadoop.hive.metastore.ObjectStore@657b3b from thread id: 1
2024-04-24T08:13:17,330  INFO [main] metastore.HMSHandler: HMS server filtering is disabled by configuration
2024-04-24T08:13:17,330  INFO [main] metastore.RetryingMetaStoreClient: RetryingMetaStoreClient proxy=class org.apache.hadoop.hive.ql.metadata.SessionHiveMetaStoreClient ugi=alex (auth:SIMPLE) retries=1 delay=1 lifetime=0
2024-04-24T08:13:17,331  INFO [main] service.CompositeService: Operation log root directory is created: /home/alex/Repositories/hive/beeline/target/tmp/alex/operation_logs
2024-04-24T08:13:17,331  INFO [main] service.CompositeService: HiveServer2: Background operation thread pool size: 100
2024-04-24T08:13:17,331  INFO [main] service.CompositeService: HiveServer2: Background operation thread wait queue size: 100
2024-04-24T08:13:17,331  INFO [main] service.CompositeService: HiveServer2: Background operation thread keepalive time: 10 seconds
2024-04-24T08:13:17,331  INFO [main] service.CompositeService: Connections limit are user: 0 ipaddress: 0 user-ipaddress: 0
2024-04-24T08:13:17,333  INFO [main] cleanup.EventualCleanupService: EventualCleanupService started with 10 threads and queue of size 10000
ERROR StatusLogger Log4j2 ConfigurationScheduler attempted to increment scheduled items after start
ERROR StatusLogger Log4j2 ConfigurationScheduler attempted to increment scheduled items after start
2024-04-24T08:13:17,335  INFO [main] service.AbstractService: Service:OperationManager is inited.
2024-04-24T08:13:17,335  INFO [main] service.AbstractService: Service:SessionManager is inited.
2024-04-24T08:13:17,335  INFO [main] service.AbstractService: Service:CLIService is inited.
2024-04-24T08:13:17,335  INFO [main] service.AbstractService: Service:OperationManager is started.
2024-04-24T08:13:17,335  INFO [main] service.AbstractService: Service:SessionManager is started.
2024-04-24T08:13:17,335  INFO [main] service.AbstractService: Service:CLIService is started.
2024-04-24T08:13:17,335  INFO [main] service.AbstractService: Service:ThriftBinaryCLIService is inited.
2024-04-24T08:13:17,335  INFO [main] thrift.ThriftCLIService: Client protocol version: HIVE_CLI_SERVICE_PROTOCOL_V10
2024-04-24T08:13:17,335  INFO [main] thrift.ThriftCLIService: Creating Hive session handle for user [null] from IP null
2024-04-24T08:13:17,338  INFO [main] DependencyResolver: ivysettings.xml file not found in HIVE_HOME or HIVE_CONF_DIR,/home/alex/Repositories/hive/conf/ivysettings.xml will be used
2024-04-24T08:13:17,344  INFO [main] session.SessionState: Created HDFS directory: /tmp/hive/alex/1301bae9-1831-4642-9ffc-d3952c320c19
2024-04-24T08:13:17,347  INFO [main] session.SessionState: Created local directory: /home/alex/Repositories/hive/beeline/target/tmp/alex/1301bae9-1831-4642-9ffc-d3952c320c19
2024-04-24T08:13:17,350  INFO [main] session.SessionState: Created HDFS directory: /tmp/hive/alex/1301bae9-1831-4642-9ffc-d3952c320c19/_tmp_space.db
2024-04-24T08:13:17,350  INFO [main] session.SessionState: Reloading auxiliary JAR files
2024-04-24T08:13:17,351  WARN [main] session.SessionState: Configuration hive.reloadable.aux.jars.path not specified
2024-04-24T08:13:17,351  INFO [main] HiveMetaStore.audit: ugi=alex	ip=unknown-ip-addr	cmd=Cleaning up thread local RawStore...	
2024-04-24T08:13:17,351  INFO [main] metastore.ObjectStore: RawStore: org.apache.hadoop.hive.metastore.ObjectStore@657b3b, with PersistenceManager: org.datanucleus.api.jdo.JDOPersistenceManager@2cea921a will be shutdown
2024-04-24T08:13:17,351  INFO [main] HiveMetaStore.audit: ugi=alex	ip=unknown-ip-addr	cmd=Done cleaning up thread local RawStore	
2024-04-24T08:13:17,351  INFO [main] metastore.HiveMetaStoreClient: Closed a connection to metastore, current connections: -13
2024-04-24T08:13:17,351  INFO [main] session.HiveSessionImpl: Operation log session directory is created: /home/alex/Repositories/hive/beeline/target/tmp/alex/operation_logs/1301bae9-1831-4642-9ffc-d3952c320c19
2024-04-24T08:13:17,351  INFO [main] service.CompositeService: Session opened, SessionHandle [1301bae9-1831-4642-9ffc-d3952c320c19], current sessions:1
2024-04-24T08:13:17,351  INFO [main] thrift.ThriftCLIService: Login attempt is successful for user : null
2024-04-24T08:13:17,397  WARN [main] conf.HiveConf: HiveConf of name hive.dummyparam.test.server.specific.config.override does not exist
2024-04-24T08:13:17,397  WARN [main] conf.HiveConf: HiveConf of name hive.dummyparam.test.server.specific.config.hiveserver2site does not exist
2024-04-24T08:13:17,397  WARN [main] conf.HiveConf: HiveConf of name hive.dummyparam.test.server.specific.config.metastoresite does not exist
2024-04-24T08:13:17,397  INFO [1301bae9-1831-4642-9ffc-d3952c320c19 main] session.HiveSessionImpl: executing set
2024-04-24T08:13:17,399  INFO [1301bae9-1831-4642-9ffc-d3952c320c19 main] operation.HiveCommandOperation: Putting temp output to file /home/alex/Repositories/hive/beeline/target/tmp/alex/1301bae9-1831-4642-9ffc-d3952c320c195370159492884508349.pipeout and error output to file /home/alex/Repositories/hive/beeline/target/tmp/alex/1301bae9-1831-4642-9ffc-d3952c320c19255441022657070986.pipeout
2024-04-24T08:13:17,399  INFO [1301bae9-1831-4642-9ffc-d3952c320c19 main] operation.OperationManager: Adding operation: OperationHandle [opType=EXECUTE_STATEMENT, getHandleIdentifier()=1a730d36-7853-4b44-9821-8c8f33e4e8aa] SessionHandle [1301bae9-1831-4642-9ffc-d3952c320c19]
2024-04-24T08:13:17,399  INFO [1301bae9-1831-4642-9ffc-d3952c320c19 main] common.LogUtils: Thread context registration is done.
DEBUG StatusLogger Building Plugin[name=filter, class=org.apache.hadoop.hive.ql.log.LogDivertAppender$NameFilter].
DEBUG StatusLogger createFilter(loggingLevel="EXECUTION")
DEBUG StatusLogger Building Plugin[name=layout, class=org.apache.logging.log4j.core.layout.PatternLayout].
DEBUG StatusLogger PatternLayout$Builder(pattern="%-5p : %m%n", header="null", footer="null", Configuration(HiveLog4j2Test), Replace=null, PatternSelector=null, noConsoleNoAnsi="null", disableAnsi="null", charset="null", alwaysWriteExceptions="null")
DEBUG StatusLogger Building Plugin[name=appender, class=org.apache.hadoop.hive.ql.log.HushableRandomAccessFileAppender].
DEBUG StatusLogger createAppender(fileName="/home/alex/Repositories/hive/beeline/target/tmp/alex/operation_logs/1301bae9-1831-4642-9ffc-d3952c320c19/alex_20240424081317_f65cd768-bacd-41d5-8c65-1a076e5ab3cf", append="null", name="query-file-appender", immediateFlush="null", bufferSize="null", ignoreExceptions="null", PatternLayout(org.apache.logging.log4j.core.layout.PatternLayout with name PatternLayout), NameFilter(org.apache.hadoop.hive.ql.log.LogDivertAppender$NameFilter with name NameFilter), advertise="null", advertiseURI="null", Configuration(HiveLog4j2Test))
DEBUG StatusLogger Starting RandomAccessFileManager /home/alex/Repositories/hive/beeline/target/tmp/alex/operation_logs/1301bae9-1831-4642-9ffc-d3952c320c19/alex_20240424081317_f65cd768-bacd-41d5-8c65-1a076e5ab3cf
DEBUG StatusLogger Building Plugin[name=, class=org.apache.hadoop.hive.ql.log.LogDivertAppenderForTest$TestFilter].
DEBUG StatusLogger createFilter()
DEBUG StatusLogger Building Plugin[name=, class=org.apache.logging.log4j.core.layout.PatternLayout].
DEBUG StatusLogger PatternLayout$Builder(pattern="%-5p : %m%n", noConsoleNoAnsi="null", alwaysWriteExceptions="null", charset="null", Replace=null, header="null", footer="null", Configuration(HiveLog4j2Test), PatternSelector=null, disableAnsi="null")
DEBUG StatusLogger Building Plugin[name=appender, class=org.apache.hadoop.hive.ql.log.HushableRandomAccessFileAppender].
DEBUG StatusLogger createAppender(fileName="/home/alex/Repositories/hive/beeline/target/tmp/alex/operation_logs/1301bae9-1831-4642-9ffc-d3952c320c19/alex_20240424081317_f65cd768-bacd-41d5-8c65-1a076e5ab3cf.test", append="null", name="test-query-file-appender", immediateFlush="null", bufferSize="null", ignoreExceptions="null", PatternLayout(org.apache.logging.log4j.core.layout.PatternLayout with name PatternLayout), test-filter(org.apache.hadoop.hive.ql.log.LogDivertAppenderForTest$TestFilter with name test-filter), advertise="null", advertiseURI="null", Configuration(HiveLog4j2Test))
DEBUG StatusLogger Starting RandomAccessFileManager /home/alex/Repositories/hive/beeline/target/tmp/alex/operation_logs/1301bae9-1831-4642-9ffc-d3952c320c19/alex_20240424081317_f65cd768-bacd-41d5-8c65-1a076e5ab3cf.test
2024-04-24T08:13:17,407  INFO [1301bae9-1831-4642-9ffc-d3952c320c19 main] operation.HiveCommandOperation: [opType=EXECUTE_STATEMENT, queryId=alex_20240424081317_f65cd768-bacd-41d5-8c65-1a076e5ab3cf, startTime=1713971597398, sessionId=1301bae9-1831-4642-9ffc-d3952c320c19, createTime=1713971597336, userName=null, ipAddress=null]
2024-04-24T08:13:17,500  INFO [1301bae9-1831-4642-9ffc-d3952c320c19 main] common.LogUtils: Unregistered logging context.
2024-04-24T08:13:17,502  INFO [1301bae9-1831-4642-9ffc-d3952c320c19 main] operation.OperationManager: Closing operation: OperationHandle [opType=EXECUTE_STATEMENT, getHandleIdentifier()=1a730d36-7853-4b44-9821-8c8f33e4e8aa]
2024-04-24T08:13:17,502  INFO [1301bae9-1831-4642-9ffc-d3952c320c19 main] operation.OperationManager: Removed queryId: alex_20240424081317_f65cd768-bacd-41d5-8c65-1a076e5ab3cf corresponding to operation: OperationHandle [opType=EXECUTE_STATEMENT, getHandleIdentifier()=1a730d36-7853-4b44-9821-8c8f33e4e8aa] with tag: null
2024-04-24T08:13:17,503  INFO [1301bae9-1831-4642-9ffc-d3952c320c19 main] operation.HiveCommandOperation: Closing operation log /home/alex/Repositories/hive/beeline/target/tmp/alex/operation_logs/1301bae9-1831-4642-9ffc-d3952c320c19/alex_20240424081317_f65cd768-bacd-41d5-8c65-1a076e5ab3cf without delay
2024-04-24T08:13:17,505  INFO [1301bae9-1831-4642-9ffc-d3952c320c19 main] session.HiveSessionImpl: executing use test
2024-04-24T08:13:17,506  INFO [1301bae9-1831-4642-9ffc-d3952c320c19 main] operation.OperationManager: Adding operation: OperationHandle [opType=EXECUTE_STATEMENT, getHandleIdentifier()=1797829d-a2f6-4cfc-b923-cc4daa53b17b] SessionHandle [1301bae9-1831-4642-9ffc-d3952c320c19]
2024-04-24T08:13:17,507  INFO [1301bae9-1831-4642-9ffc-d3952c320c19 main] common.LogUtils: Thread context registration is done.
DEBUG StatusLogger Building Plugin[name=filter, class=org.apache.hadoop.hive.ql.log.LogDivertAppender$NameFilter].
DEBUG StatusLogger createFilter(loggingLevel="EXECUTION")
DEBUG StatusLogger Building Plugin[name=layout, class=org.apache.logging.log4j.core.layout.PatternLayout].
DEBUG StatusLogger PatternLayout$Builder(header="null", alwaysWriteExceptions="null", footer="null", pattern="%-5p : %m%n", noConsoleNoAnsi="null", Replace=null, PatternSelector=null, disableAnsi="null", charset="null", Configuration(HiveLog4j2Test))
DEBUG StatusLogger Building Plugin[name=appender, class=org.apache.hadoop.hive.ql.log.HushableRandomAccessFileAppender].
DEBUG StatusLogger createAppender(fileName="/home/alex/Repositories/hive/beeline/target/tmp/alex/operation_logs/1301bae9-1831-4642-9ffc-d3952c320c19/alex_20240424081317_72968554-bc61-4a66-be5d-017bc2a656de", append="null", name="query-file-appender", immediateFlush="null", bufferSize="null", ignoreExceptions="null", PatternLayout(org.apache.logging.log4j.core.layout.PatternLayout with name PatternLayout), NameFilter(org.apache.hadoop.hive.ql.log.LogDivertAppender$NameFilter with name NameFilter), advertise="null", advertiseURI="null", Configuration(HiveLog4j2Test))
DEBUG StatusLogger Starting RandomAccessFileManager /home/alex/Repositories/hive/beeline/target/tmp/alex/operation_logs/1301bae9-1831-4642-9ffc-d3952c320c19/alex_20240424081317_72968554-bc61-4a66-be5d-017bc2a656de
DEBUG StatusLogger Building Plugin[name=, class=org.apache.hadoop.hive.ql.log.LogDivertAppenderForTest$TestFilter].
DEBUG StatusLogger createFilter()
DEBUG StatusLogger Building Plugin[name=, class=org.apache.logging.log4j.core.layout.PatternLayout].
DEBUG StatusLogger PatternLayout$Builder(noConsoleNoAnsi="null", Replace=null, pattern="%-5p : %m%n", PatternSelector=null, charset="null", disableAnsi="null", alwaysWriteExceptions="null", Configuration(HiveLog4j2Test), footer="null", header="null")
DEBUG StatusLogger Building Plugin[name=appender, class=org.apache.hadoop.hive.ql.log.HushableRandomAccessFileAppender].
DEBUG StatusLogger createAppender(fileName="/home/alex/Repositories/hive/beeline/target/tmp/alex/operation_logs/1301bae9-1831-4642-9ffc-d3952c320c19/alex_20240424081317_72968554-bc61-4a66-be5d-017bc2a656de.test", append="null", name="test-query-file-appender", immediateFlush="null", bufferSize="null", ignoreExceptions="null", PatternLayout(org.apache.logging.log4j.core.layout.PatternLayout with name PatternLayout), test-filter(org.apache.hadoop.hive.ql.log.LogDivertAppenderForTest$TestFilter with name test-filter), advertise="null", advertiseURI="null", Configuration(HiveLog4j2Test))
DEBUG StatusLogger Starting RandomAccessFileManager /home/alex/Repositories/hive/beeline/target/tmp/alex/operation_logs/1301bae9-1831-4642-9ffc-d3952c320c19/alex_20240424081317_72968554-bc61-4a66-be5d-017bc2a656de.test
2024-04-24T08:13:17,513  INFO [1301bae9-1831-4642-9ffc-d3952c320c19 main] operation.SQLOperation: [opType=EXECUTE_STATEMENT, queryId=alex_20240424081317_72968554-bc61-4a66-be5d-017bc2a656de, startTime=1713971597505, sessionId=1301bae9-1831-4642-9ffc-d3952c320c19, createTime=1713971597336, userName=null, ipAddress=null]
2024-04-24T08:13:17,515  INFO [1301bae9-1831-4642-9ffc-d3952c320c19 main] ql.Driver: Compiling command(queryId=alex_20240424081317_72968554-bc61-4a66-be5d-017bc2a656de): use test
2024-04-24T08:13:17,516  INFO [1301bae9-1831-4642-9ffc-d3952c320c19 main] metastore.HiveMetaStoreClient: HMS client filtering is enabled.
2024-04-24T08:13:17,516  INFO [1301bae9-1831-4642-9ffc-d3952c320c19 main] metastore.HMSHandler: 0: Opening raw store with implementation class:org.apache.hadoop.hive.metastore.ObjectStore
2024-04-24T08:13:17,517  INFO [1301bae9-1831-4642-9ffc-d3952c320c19 main] metastore.PersistenceManagerProvider: Configuration datanucleus.autoStartMechanismMode is not set. Defaulting to 'ignored'
2024-04-24T08:13:17,517  INFO [1301bae9-1831-4642-9ffc-d3952c320c19 main] metastore.ObjectStore: RawStore: org.apache.hadoop.hive.metastore.ObjectStore@218df7d6, with PersistenceManager: null will be shutdown
2024-04-24T08:13:17,517  INFO [1301bae9-1831-4642-9ffc-d3952c320c19 main] metastore.ObjectStore: RawStore: org.apache.hadoop.hive.metastore.ObjectStore@218df7d6, with PersistenceManager: org.datanucleus.api.jdo.JDOPersistenceManager@295b07e0 created in the thread with id: 1
2024-04-24T08:13:17,520  INFO [1301bae9-1831-4642-9ffc-d3952c320c19 main] metastore.HMSHandler: Created RawStore: org.apache.hadoop.hive.metastore.ObjectStore@218df7d6 from thread id: 1
2024-04-24T08:13:17,520  INFO [1301bae9-1831-4642-9ffc-d3952c320c19 main] metastore.HMSHandler: HMS server filtering is disabled by configuration
2024-04-24T08:13:17,521  INFO [1301bae9-1831-4642-9ffc-d3952c320c19 main] metastore.RetryingMetaStoreClient: RetryingMetaStoreClient proxy=class org.apache.hadoop.hive.ql.metadata.SessionHiveMetaStoreClient ugi=alex (auth:SIMPLE) retries=1 delay=1 lifetime=0
2024-04-24T08:13:17,521  INFO [1301bae9-1831-4642-9ffc-d3952c320c19 main] HiveMetaStore.audit: ugi=alex	ip=unknown-ip-addr	cmd=get_database: test	
2024-04-24T08:13:17,523  INFO [1301bae9-1831-4642-9ffc-d3952c320c19 main] ql.Driver: Semantic Analysis Completed (retrial = false)
2024-04-24T08:13:17,523  INFO [1301bae9-1831-4642-9ffc-d3952c320c19 main] ql.Driver: Created Hive schema: Schema(fieldSchemas:null, properties:null)
2024-04-24T08:13:17,523  INFO [1301bae9-1831-4642-9ffc-d3952c320c19 main] metadata.Hive: Dumping metastore api call timing information for : compilation phase
2024-04-24T08:13:17,523  INFO [1301bae9-1831-4642-9ffc-d3952c320c19 main] metadata.Hive: Total time spent in each metastore function (ms): {isCompatibleWith_(Configuration)=0, flushCache_()=0, getDatabase_(String)=2}
2024-04-24T08:13:17,523  INFO [1301bae9-1831-4642-9ffc-d3952c320c19 main] ql.Driver: Completed compiling command(queryId=alex_20240424081317_72968554-bc61-4a66-be5d-017bc2a656de); Time taken: 0.009 seconds
2024-04-24T08:13:17,525  INFO [HiveServer2-Background-Pool: Thread-247] common.LogUtils: Thread context registration is done.
2024-04-24T08:13:17,525  INFO [1301bae9-1831-4642-9ffc-d3952c320c19 main] common.LogUtils: Unregistered logging context.
2024-04-24T08:13:17,525  INFO [HiveServer2-Background-Pool: Thread-247] reexec.ReExecDriver: Execution #1 of query
2024-04-24T08:13:17,525  INFO [HiveServer2-Background-Pool: Thread-247] ql.Driver: Concurrency mode is disabled, not creating a lock manager
2024-04-24T08:13:17,526  INFO [HiveServer2-Background-Pool: Thread-247] ql.Driver: Executing command(queryId=alex_20240424081317_72968554-bc61-4a66-be5d-017bc2a656de): use test
2024-04-24T08:13:17,527  INFO [HiveServer2-Background-Pool: Thread-247] ql.Driver: Starting task [Stage-0:DDL] in serial mode
2024-04-24T08:13:17,528  INFO [HiveServer2-Background-Pool: Thread-247] HiveMetaStore.audit: ugi=alex	ip=unknown-ip-addr	cmd=get_database: test	
2024-04-24T08:13:17,529  INFO [HiveServer2-Background-Pool: Thread-247] metastore.HMSHandler: 10: Opening raw store with implementation class:org.apache.hadoop.hive.metastore.ObjectStore
2024-04-24T08:13:17,529  INFO [HiveServer2-Background-Pool: Thread-247] metastore.ObjectStore: RawStore: org.apache.hadoop.hive.metastore.ObjectStore@4de0c1fe, with PersistenceManager: null will be shutdown
2024-04-24T08:13:17,529  INFO [HiveServer2-Background-Pool: Thread-247] metastore.ObjectStore: RawStore: org.apache.hadoop.hive.metastore.ObjectStore@4de0c1fe, with PersistenceManager: org.datanucleus.api.jdo.JDOPersistenceManager@8e25626 created in the thread with id: 247
2024-04-24T08:13:17,533  INFO [HiveServer2-Background-Pool: Thread-247] metastore.HMSHandler: Created RawStore: org.apache.hadoop.hive.metastore.ObjectStore@4de0c1fe from thread id: 247
2024-04-24T08:13:17,535  INFO [HiveServer2-Background-Pool: Thread-247] HiveMetaStore.audit: ugi=alex	ip=unknown-ip-addr	cmd=get_database: test	
2024-04-24T08:13:17,537  INFO [HiveServer2-Background-Pool: Thread-247] metadata.Hive: Dumping metastore api call timing information for : execution phase
2024-04-24T08:13:17,537  INFO [HiveServer2-Background-Pool: Thread-247] metadata.Hive: Total time spent in each metastore function (ms): {isCompatibleWith_(Configuration)=0, getDatabase_(String)=10}
2024-04-24T08:13:17,538  INFO [HiveServer2-Background-Pool: Thread-247] ql.Driver: Completed executing command(queryId=alex_20240424081317_72968554-bc61-4a66-be5d-017bc2a656de); Time taken: 0.011 seconds
2024-04-24T08:13:17,538  INFO [HiveServer2-Background-Pool: Thread-247] common.LogUtils: Unregistered logging context.
2024-04-24T08:13:17,541  INFO [1301bae9-1831-4642-9ffc-d3952c320c19 main] operation.OperationManager: Closing operation: OperationHandle [opType=EXECUTE_STATEMENT, getHandleIdentifier()=1797829d-a2f6-4cfc-b923-cc4daa53b17b]
2024-04-24T08:13:17,541  INFO [1301bae9-1831-4642-9ffc-d3952c320c19 main] operation.OperationManager: Removed queryId: alex_20240424081317_72968554-bc61-4a66-be5d-017bc2a656de corresponding to operation: OperationHandle [opType=EXECUTE_STATEMENT, getHandleIdentifier()=1797829d-a2f6-4cfc-b923-cc4daa53b17b] with tag: null
2024-04-24T08:13:17,541  INFO [1301bae9-1831-4642-9ffc-d3952c320c19 main] operation.SQLOperation: Closing operation log /home/alex/Repositories/hive/beeline/target/tmp/alex/operation_logs/1301bae9-1831-4642-9ffc-d3952c320c19/alex_20240424081317_72968554-bc61-4a66-be5d-017bc2a656de without delay
2024-04-24T08:13:17,542  INFO [1301bae9-1831-4642-9ffc-d3952c320c19 main] session.HiveSessionImpl: executing show tables
2024-04-24T08:13:17,543  INFO [1301bae9-1831-4642-9ffc-d3952c320c19 main] operation.OperationManager: Adding operation: OperationHandle [opType=EXECUTE_STATEMENT, getHandleIdentifier()=75123c2e-eb7c-48f9-9924-c844e9b0297a] SessionHandle [1301bae9-1831-4642-9ffc-d3952c320c19]
2024-04-24T08:13:17,544  INFO [1301bae9-1831-4642-9ffc-d3952c320c19 main] common.LogUtils: Thread context registration is done.
DEBUG StatusLogger Building Plugin[name=filter, class=org.apache.hadoop.hive.ql.log.LogDivertAppender$NameFilter].
DEBUG StatusLogger createFilter(loggingLevel="EXECUTION")
DEBUG StatusLogger Building Plugin[name=layout, class=org.apache.logging.log4j.core.layout.PatternLayout].
DEBUG StatusLogger PatternLayout$Builder(Configuration(HiveLog4j2Test), footer="null", pattern="%-5p : %m%n", Replace=null, header="null", disableAnsi="null", noConsoleNoAnsi="null", PatternSelector=null, charset="null", alwaysWriteExceptions="null")
DEBUG StatusLogger Building Plugin[name=appender, class=org.apache.hadoop.hive.ql.log.HushableRandomAccessFileAppender].
DEBUG StatusLogger createAppender(fileName="/home/alex/Repositories/hive/beeline/target/tmp/alex/operation_logs/1301bae9-1831-4642-9ffc-d3952c320c19/alex_20240424081317_b57b7ecd-f917-447f-837e-88d8bddf2f72", append="null", name="query-file-appender", immediateFlush="null", bufferSize="null", ignoreExceptions="null", PatternLayout(org.apache.logging.log4j.core.layout.PatternLayout with name PatternLayout), NameFilter(org.apache.hadoop.hive.ql.log.LogDivertAppender$NameFilter with name NameFilter), advertise="null", advertiseURI="null", Configuration(HiveLog4j2Test))
DEBUG StatusLogger Starting RandomAccessFileManager /home/alex/Repositories/hive/beeline/target/tmp/alex/operation_logs/1301bae9-1831-4642-9ffc-d3952c320c19/alex_20240424081317_b57b7ecd-f917-447f-837e-88d8bddf2f72
DEBUG StatusLogger Building Plugin[name=, class=org.apache.hadoop.hive.ql.log.LogDivertAppenderForTest$TestFilter].
DEBUG StatusLogger createFilter()
DEBUG StatusLogger Building Plugin[name=, class=org.apache.logging.log4j.core.layout.PatternLayout].
DEBUG StatusLogger PatternLayout$Builder(pattern="%-5p : %m%n", alwaysWriteExceptions="null", Configuration(HiveLog4j2Test), footer="null", charset="null", PatternSelector=null, noConsoleNoAnsi="null", header="null", disableAnsi="null", Replace=null)
DEBUG StatusLogger Building Plugin[name=appender, class=org.apache.hadoop.hive.ql.log.HushableRandomAccessFileAppender].
DEBUG StatusLogger createAppender(fileName="/home/alex/Repositories/hive/beeline/target/tmp/alex/operation_logs/1301bae9-1831-4642-9ffc-d3952c320c19/alex_20240424081317_b57b7ecd-f917-447f-837e-88d8bddf2f72.test", append="null", name="test-query-file-appender", immediateFlush="null", bufferSize="null", ignoreExceptions="null", PatternLayout(org.apache.logging.log4j.core.layout.PatternLayout with name PatternLayout), test-filter(org.apache.hadoop.hive.ql.log.LogDivertAppenderForTest$TestFilter with name test-filter), advertise="null", advertiseURI="null", Configuration(HiveLog4j2Test))
DEBUG StatusLogger Starting RandomAccessFileManager /home/alex/Repositories/hive/beeline/target/tmp/alex/operation_logs/1301bae9-1831-4642-9ffc-d3952c320c19/alex_20240424081317_b57b7ecd-f917-447f-837e-88d8bddf2f72.test
2024-04-24T08:13:17,551  INFO [1301bae9-1831-4642-9ffc-d3952c320c19 main] operation.SQLOperation: [opType=EXECUTE_STATEMENT, queryId=alex_20240424081317_b57b7ecd-f917-447f-837e-88d8bddf2f72, startTime=1713971597542, sessionId=1301bae9-1831-4642-9ffc-d3952c320c19, createTime=1713971597336, userName=null, ipAddress=null]
2024-04-24T08:13:17,552  INFO [1301bae9-1831-4642-9ffc-d3952c320c19 main] ql.Driver: Compiling command(queryId=alex_20240424081317_b57b7ecd-f917-447f-837e-88d8bddf2f72): show tables
2024-04-24T08:13:17,556  INFO [1301bae9-1831-4642-9ffc-d3952c320c19 main] HiveMetaStore.audit: ugi=alex	ip=unknown-ip-addr	cmd=get_database: test	
2024-04-24T08:13:17,557  INFO [1301bae9-1831-4642-9ffc-d3952c320c19 main] ql.Driver: Semantic Analysis Completed (retrial = false)
2024-04-24T08:13:17,558  INFO [1301bae9-1831-4642-9ffc-d3952c320c19 main] ql.Driver: Created Hive schema: Schema(fieldSchemas:[FieldSchema(name:tab_name, type:string, comment:from deserializer)], properties:null)
2024-04-24T08:13:17,559  INFO [1301bae9-1831-4642-9ffc-d3952c320c19 main] exec.ListSinkOperator: Initializing Operator: LIST_SINK[0]
2024-04-24T08:13:17,559  INFO [1301bae9-1831-4642-9ffc-d3952c320c19 main] metadata.Hive: Dumping metastore api call timing information for : compilation phase
2024-04-24T08:13:17,559  INFO [1301bae9-1831-4642-9ffc-d3952c320c19 main] metadata.Hive: Total time spent in each metastore function (ms): {getDatabase_(String)=2, isCompatibleWith_(Configuration)=0, flushCache_()=0}
2024-04-24T08:13:17,559  INFO [1301bae9-1831-4642-9ffc-d3952c320c19 main] ql.Driver: Completed compiling command(queryId=alex_20240424081317_b57b7ecd-f917-447f-837e-88d8bddf2f72); Time taken: 0.008 seconds
2024-04-24T08:13:17,560  INFO [1301bae9-1831-4642-9ffc-d3952c320c19 main] common.LogUtils: Unregistered logging context.
2024-04-24T08:13:17,560  INFO [HiveServer2-Background-Pool: Thread-251] common.LogUtils: Thread context registration is done.
2024-04-24T08:13:17,560  INFO [HiveServer2-Background-Pool: Thread-251] reexec.ReExecDriver: Execution #1 of query
2024-04-24T08:13:17,561  INFO [HiveServer2-Background-Pool: Thread-251] ql.Driver: Concurrency mode is disabled, not creating a lock manager
2024-04-24T08:13:17,561  INFO [HiveServer2-Background-Pool: Thread-251] ql.Driver: Executing command(queryId=alex_20240424081317_b57b7ecd-f917-447f-837e-88d8bddf2f72): show tables
2024-04-24T08:13:17,562  INFO [HiveServer2-Background-Pool: Thread-251] ql.Driver: Starting task [Stage-0:DDL] in serial mode
2024-04-24T08:13:17,563  INFO [HiveServer2-Background-Pool: Thread-251] HiveMetaStore.audit: ugi=alex	ip=unknown-ip-addr	cmd=get_database: test	
2024-04-24T08:13:17,564  INFO [HiveServer2-Background-Pool: Thread-251] metastore.HMSHandler: 11: Opening raw store with implementation class:org.apache.hadoop.hive.metastore.ObjectStore
2024-04-24T08:13:17,565  INFO [HiveServer2-Background-Pool: Thread-251] metastore.ObjectStore: RawStore: org.apache.hadoop.hive.metastore.ObjectStore@402fd3ee, with PersistenceManager: null will be shutdown
2024-04-24T08:13:17,565  INFO [HiveServer2-Background-Pool: Thread-251] metastore.ObjectStore: RawStore: org.apache.hadoop.hive.metastore.ObjectStore@402fd3ee, with PersistenceManager: org.datanucleus.api.jdo.JDOPersistenceManager@52d458f created in the thread with id: 251
2024-04-24T08:13:17,568  INFO [HiveServer2-Background-Pool: Thread-251] metastore.HMSHandler: Created RawStore: org.apache.hadoop.hive.metastore.ObjectStore@402fd3ee from thread id: 251
2024-04-24T08:13:17,571  INFO [HiveServer2-Background-Pool: Thread-251] HiveMetaStore.audit: ugi=alex	ip=unknown-ip-addr	cmd=get_multi_table : db=test tbls=null	
2024-04-24T08:13:17,622  INFO [HiveServer2-Background-Pool: Thread-251] sqlstd.SQLStdHiveAccessController: Created SQLStdHiveAccessController for session context : HiveAuthzSessionContext [sessionString=1301bae9-1831-4642-9ffc-d3952c320c19, clientType=HIVESERVER2]
2024-04-24T08:13:17,631  INFO [HiveServer2-Background-Pool: Thread-251] metadata.Hive: Dumping metastore api call timing information for : execution phase
2024-04-24T08:13:17,631  INFO [HiveServer2-Background-Pool: Thread-251] metadata.Hive: Total time spent in each metastore function (ms): {getTables_(String, String)=53, getDatabase_(String)=8, isCompatibleWith_(Configuration)=0}
2024-04-24T08:13:17,631  INFO [HiveServer2-Background-Pool: Thread-251] ql.Driver: Completed executing command(queryId=alex_20240424081317_b57b7ecd-f917-447f-837e-88d8bddf2f72); Time taken: 0.069 seconds
2024-04-24T08:13:17,631  INFO [HiveServer2-Background-Pool: Thread-251] common.LogUtils: Unregistered logging context.
2024-04-24T08:13:17,633  INFO [1301bae9-1831-4642-9ffc-d3952c320c19 main] operation.OperationManager: Closing operation: OperationHandle [opType=EXECUTE_STATEMENT, getHandleIdentifier()=75123c2e-eb7c-48f9-9924-c844e9b0297a]
2024-04-24T08:13:17,633  INFO [1301bae9-1831-4642-9ffc-d3952c320c19 main] operation.OperationManager: Removed queryId: alex_20240424081317_b57b7ecd-f917-447f-837e-88d8bddf2f72 corresponding to operation: OperationHandle [opType=EXECUTE_STATEMENT, getHandleIdentifier()=75123c2e-eb7c-48f9-9924-c844e9b0297a] with tag: null
2024-04-24T08:13:17,633  INFO [1301bae9-1831-4642-9ffc-d3952c320c19 main] ql.Context: Deleting scratch dir: file:/home/alex/Repositories/hive/beeline/target/tmp/alex/1301bae9-1831-4642-9ffc-d3952c320c19/hive_2024-04-24_08-13-17_551_3075749616618207019-1
2024-04-24T08:13:17,633  INFO [1301bae9-1831-4642-9ffc-d3952c320c19 main] cleanup.EventualCleanupService: Delete file:/home/alex/Repositories/hive/beeline/target/tmp/alex/1301bae9-1831-4642-9ffc-d3952c320c19/hive_2024-04-24_08-13-17_551_3075749616618207019-1 operation was queued
2024-04-24T08:13:17,633  INFO [1301bae9-1831-4642-9ffc-d3952c320c19 main] exec.ListSinkOperator: Closing Operator: LIST_SINK[0]
2024-04-24T08:13:17,633  INFO [1301bae9-1831-4642-9ffc-d3952c320c19 main] exec.ListSinkOperator: RECORDS_OUT_OPERATOR_LIST_SINK_0:0, RECORDS_OUT_INTERMEDIATE:0, 
2024-04-24T08:13:17,633  INFO [1301bae9-1831-4642-9ffc-d3952c320c19 main] operation.SQLOperation: Closing operation log /home/alex/Repositories/hive/beeline/target/tmp/alex/operation_logs/1301bae9-1831-4642-9ffc-d3952c320c19/alex_20240424081317_b57b7ecd-f917-447f-837e-88d8bddf2f72 without delay
2024-04-24T08:13:17,633  INFO [EventualCleanupService thread 0] cleanup.EventualCleanupService: Deleted file:/home/alex/Repositories/hive/beeline/target/tmp/alex/1301bae9-1831-4642-9ffc-d3952c320c19/hive_2024-04-24_08-13-17_551_3075749616618207019-1
2024-04-24T08:13:17,634  INFO [main] service.CompositeService: Session closed, SessionHandle [1301bae9-1831-4642-9ffc-d3952c320c19], current sessions:0
2024-04-24T08:13:17,634  INFO [1301bae9-1831-4642-9ffc-d3952c320c19 main] session.HiveSessionImpl: Operation log session directory is deleted: /home/alex/Repositories/hive/beeline/target/tmp/alex/operation_logs/1301bae9-1831-4642-9ffc-d3952c320c19
2024-04-24T08:13:17,635  INFO [main] cleanup.EventualCleanupService: Delete /tmp/hive/alex/1301bae9-1831-4642-9ffc-d3952c320c19 operation was queued
2024-04-24T08:13:17,635  INFO [main] cleanup.EventualCleanupService: Delete /home/alex/Repositories/hive/beeline/target/tmp/alex/1301bae9-1831-4642-9ffc-d3952c320c19 operation was queued
2024-04-24T08:13:17,635  INFO [EventualCleanupService thread 1] cleanup.EventualCleanupService: Deleted /tmp/hive/alex/1301bae9-1831-4642-9ffc-d3952c320c19
2024-04-24T08:13:17,635  INFO [EventualCleanupService thread 2] cleanup.EventualCleanupService: Deleted /home/alex/Repositories/hive/beeline/target/tmp/alex/1301bae9-1831-4642-9ffc-d3952c320c19
2024-04-24T08:13:17,636  INFO [main] HiveMetaStore.audit: ugi=alex	ip=unknown-ip-addr	cmd=Cleaning up thread local RawStore...	
2024-04-24T08:13:17,636  INFO [main] metastore.ObjectStore: RawStore: org.apache.hadoop.hive.metastore.ObjectStore@218df7d6, with PersistenceManager: org.datanucleus.api.jdo.JDOPersistenceManager@295b07e0 will be shutdown
2024-04-24T08:13:17,636  INFO [main] HiveMetaStore.audit: ugi=alex	ip=unknown-ip-addr	cmd=Done cleaning up thread local RawStore	
2024-04-24T08:13:17,636  INFO [main] metastore.HiveMetaStoreClient: Closed a connection to metastore, current connections: -14
2024-04-24T08:13:17,636 ERROR [main] cli.TestHiveCli: Failed due to the error:Connecting to jdbc:hive2://
Hive Session ID = 71fe3749-4dab-4053-8517-debc885f4bb5
ivysettings.xml file not found in HIVE_HOME or HIVE_CONF_DIR,/home/alex/Repositories/hive/conf/ivysettings.xml will be used
ivysettings.xml file not found in HIVE_HOME or HIVE_CONF_DIR,/home/alex/Repositories/hive/conf/ivysettings.xml will be used
Connected to: Apache Hive (version 4.0.0-SNAPSHOT)
Error: Couldn't load manifest attributes. (state=,code=0)
Transaction isolation: TRANSACTION_REPEATABLE_READ
INFO  : Compiling command(queryId=alex_20240424081317_72968554-bc61-4a66-be5d-017bc2a656de): use test
INFO  : Semantic Analysis Completed (retrial = false)
INFO  : Created Hive schema: Schema(fieldSchemas:null, properties:null)
INFO  : Completed compiling command(queryId=alex_20240424081317_72968554-bc61-4a66-be5d-017bc2a656de); Time taken: 0.009 seconds
INFO  : Concurrency mode is disabled, not creating a lock manager
INFO  : Executing command(queryId=alex_20240424081317_72968554-bc61-4a66-be5d-017bc2a656de): use test
INFO  : Starting task [Stage-0:DDL] in serial mode
DEBUG : Task getting executed using mapred tag : alex_20240424081317_72968554-bc61-4a66-be5d-017bc2a656de,userid=null
INFO  : Completed executing command(queryId=alex_20240424081317_72968554-bc61-4a66-be5d-017bc2a656de); Time taken: 0.011 seconds
DEBUG : Shutting down query use test
Error: Failed to wait for operation to complete (state=08S01,code=0)
INFO  : Compiling command(queryId=alex_20240424081317_b57b7ecd-f917-447f-837e-88d8bddf2f72): show tables
INFO  : Semantic Analysis Completed (retrial = false)
INFO  : Created Hive schema: Schema(fieldSchemas:[FieldSchema(name:tab_name, type:string, comment:from deserializer)], properties:null)
INFO  : Completed compiling command(queryId=alex_20240424081317_b57b7ecd-f917-447f-837e-88d8bddf2f72); Time taken: 0.008 seconds
INFO  : Concurrency mode is disabled, not creating a lock manager
INFO  : Executing command(queryId=alex_20240424081317_b57b7ecd-f917-447f-837e-88d8bddf2f72): show tables
INFO  : Starting task [Stage-0:DDL] in serial mode
DEBUG : Task getting executed using mapred tag : alex_20240424081317_b57b7ecd-f917-447f-837e-88d8bddf2f72,userid=null
INFO  : Completed executing command(queryId=alex_20240424081317_b57b7ecd-f917-447f-837e-88d8bddf2f72); Time taken: 0.069 seconds
DEBUG : Shutting down query show tables
Error: Failed to wait for operation to complete (state=08S01,code=0)
Closing: 0: jdbc:hive2://

]]></system-err>
  </testcase>
  <testcase name="testCommentStripping" classname="org.apache.hive.beeline.cli.TestHiveCli" time="0.451"/>
  <testcase name="testUseCurrentDB1" classname="org.apache.hive.beeline.cli.TestHiveCli" time="0.328">
    <failure type="java.lang.AssertionError"><![CDATA[java.lang.AssertionError: 
The expected keyword "hive (testDB)>" occur in the output: Connecting to jdbc:hive2://
Hive Session ID = ac65c7a1-21e2-400b-b984-8940625dc498
ivysettings.xml file not found in HIVE_HOME or HIVE_CONF_DIR,/home/alex/Repositories/hive/conf/ivysettings.xml will be used
ivysettings.xml file not found in HIVE_HOME or HIVE_CONF_DIR,/home/alex/Repositories/hive/conf/ivysettings.xml will be used
Connected to: Apache Hive (version 4.0.0-SNAPSHOT)
Error: Couldn't load manifest attributes. (state=,code=0)
Transaction isolation: TRANSACTION_REPEATABLE_READ
Beeline version ??? by Apache Hive
hive> create database if not exists testDB; set hive.cli.print.current.db=true;use testDB;
INFO  : Compiling command(queryId=alex_20240424081318_d43f77e0-0a28-4ae3-9128-bc5aeec4149d): create database if not exists testDB
INFO  : Semantic Analysis Completed (retrial = false)
INFO  : Created Hive schema: Schema(fieldSchemas:null, properties:null)
INFO  : Completed compiling command(queryId=alex_20240424081318_d43f77e0-0a28-4ae3-9128-bc5aeec4149d); Time taken: 0.008 seconds
INFO  : Concurrency mode is disabled, not creating a lock manager
INFO  : Executing command(queryId=alex_20240424081318_d43f77e0-0a28-4ae3-9128-bc5aeec4149d): create database if not exists testDB
INFO  : Starting task [Stage-0:DDL] in serial mode
DEBUG : Task getting executed using mapred tag : alex_20240424081318_d43f77e0-0a28-4ae3-9128-bc5aeec4149d,userid=null
INFO  : Completed executing command(queryId=alex_20240424081318_d43f77e0-0a28-4ae3-9128-bc5aeec4149d); Time taken: 0.01 seconds
DEBUG : Shutting down query create database if not exists testDB
Error: Failed to wait for operation to complete (state=08S01,code=0)
hive> use default;drop if exists testDB;
INFO  : Compiling command(queryId=alex_20240424081318_8b485393-0626-4d8f-990d-59290197c6e1): use default
INFO  : Semantic Analysis Completed (retrial = false)
INFO  : Created Hive schema: Schema(fieldSchemas:null, properties:null)
INFO  : Completed compiling command(queryId=alex_20240424081318_8b485393-0626-4d8f-990d-59290197c6e1); Time taken: 0.004 seconds
INFO  : Concurrency mode is disabled, not creating a lock manager
INFO  : Executing command(queryId=alex_20240424081318_8b485393-0626-4d8f-990d-59290197c6e1): use default
INFO  : Starting task [Stage-0:DDL] in serial mode
DEBUG : Task getting executed using mapred tag : alex_20240424081318_8b485393-0626-4d8f-990d-59290197c6e1,userid=null
INFO  : Completed executing command(queryId=alex_20240424081318_8b485393-0626-4d8f-990d-59290197c6e1); Time taken: 0.01 seconds
DEBUG : Shutting down query use default
Error: Failed to wait for operation to complete (state=08S01,code=0)
hive> Closing: 0: jdbc:hive2://

	at org.junit.Assert.fail(Assert.java:89)
	at org.junit.Assert.assertTrue(Assert.java:42)
	at org.apache.hive.beeline.cli.TestHiveCli.verifyCMD(TestHiveCli.java:270)
	at org.apache.hive.beeline.cli.TestHiveCli.testUseCurrentDB1(TestHiveCli.java:212)
	at sun.reflect.NativeMethodAccessorImpl.invoke0(Native Method)
	at sun.reflect.NativeMethodAccessorImpl.invoke(NativeMethodAccessorImpl.java:62)
	at sun.reflect.DelegatingMethodAccessorImpl.invoke(DelegatingMethodAccessorImpl.java:43)
	at java.lang.reflect.Method.invoke(Method.java:498)
	at org.junit.runners.model.FrameworkMethod$1.runReflectiveCall(FrameworkMethod.java:59)
	at org.junit.internal.runners.model.ReflectiveCallable.run(ReflectiveCallable.java:12)
	at org.junit.runners.model.FrameworkMethod.invokeExplosively(FrameworkMethod.java:56)
	at org.junit.internal.runners.statements.InvokeMethod.evaluate(InvokeMethod.java:17)
	at org.junit.internal.runners.statements.RunBefores.evaluate(RunBefores.java:26)
	at org.junit.internal.runners.statements.RunAfters.evaluate(RunAfters.java:27)
	at org.junit.runners.ParentRunner$3.evaluate(ParentRunner.java:306)
	at org.junit.runners.BlockJUnit4ClassRunner$1.evaluate(BlockJUnit4ClassRunner.java:100)
	at org.junit.runners.ParentRunner.runLeaf(ParentRunner.java:366)
	at org.junit.runners.BlockJUnit4ClassRunner.runChild(BlockJUnit4ClassRunner.java:103)
	at org.junit.runners.BlockJUnit4ClassRunner.runChild(BlockJUnit4ClassRunner.java:63)
	at org.junit.runners.ParentRunner$4.run(ParentRunner.java:331)
	at org.junit.runners.ParentRunner$1.schedule(ParentRunner.java:79)
	at org.junit.runners.ParentRunner.runChildren(ParentRunner.java:329)
	at org.junit.runners.ParentRunner.access$100(ParentRunner.java:66)
	at org.junit.runners.ParentRunner$2.evaluate(ParentRunner.java:293)
	at org.junit.internal.runners.statements.RunBefores.evaluate(RunBefores.java:26)
	at org.junit.runners.ParentRunner$3.evaluate(ParentRunner.java:306)
	at org.junit.runners.ParentRunner.run(ParentRunner.java:413)
	at org.junit.runner.JUnitCore.run(JUnitCore.java:137)
	at org.junit.runner.JUnitCore.run(JUnitCore.java:115)
	at org.junit.vintage.engine.execution.RunnerExecutor.execute(RunnerExecutor.java:43)
	at java.util.stream.ForEachOps$ForEachOp$OfRef.accept(ForEachOps.java:183)
	at java.util.stream.ReferencePipeline$3$1.accept(ReferencePipeline.java:193)
	at java.util.Iterator.forEachRemaining(Iterator.java:116)
	at java.util.Spliterators$IteratorSpliterator.forEachRemaining(Spliterators.java:1801)
	at java.util.stream.AbstractPipeline.copyInto(AbstractPipeline.java:482)
	at java.util.stream.AbstractPipeline.wrapAndCopyInto(AbstractPipeline.java:472)
	at java.util.stream.ForEachOps$ForEachOp.evaluateSequential(ForEachOps.java:150)
	at java.util.stream.ForEachOps$ForEachOp$OfRef.evaluateSequential(ForEachOps.java:173)
	at java.util.stream.AbstractPipeline.evaluate(AbstractPipeline.java:234)
	at java.util.stream.ReferencePipeline.forEach(ReferencePipeline.java:485)
	at org.junit.vintage.engine.VintageTestEngine.executeAllChildren(VintageTestEngine.java:82)
	at org.junit.vintage.engine.VintageTestEngine.execute(VintageTestEngine.java:73)
	at org.junit.platform.launcher.core.DefaultLauncher.execute(DefaultLauncher.java:248)
	at org.junit.platform.launcher.core.DefaultLauncher.lambda$execute$5(DefaultLauncher.java:211)
	at org.junit.platform.launcher.core.DefaultLauncher.withInterceptedStreams(DefaultLauncher.java:226)
	at org.junit.platform.launcher.core.DefaultLauncher.execute(DefaultLauncher.java:199)
	at org.junit.platform.launcher.core.DefaultLauncher.execute(DefaultLauncher.java:132)
	at org.apache.maven.surefire.junitplatform.JUnitPlatformProvider.invokeAllTests(JUnitPlatformProvider.java:154)
	at org.apache.maven.surefire.junitplatform.JUnitPlatformProvider.invoke(JUnitPlatformProvider.java:123)
	at org.apache.maven.surefire.booter.ForkedBooter.runSuitesInProcess(ForkedBooter.java:377)
	at org.apache.maven.surefire.booter.ForkedBooter.execute(ForkedBooter.java:138)
	at org.apache.maven.surefire.booter.ForkedBooter.run(ForkedBooter.java:465)
	at org.apache.maven.surefire.booter.ForkedBooter.main(ForkedBooter.java:451)
]]></failure>
    <system-err><![CDATA[2024-04-24T08:13:18,089 ERROR [main] cli.TestHiveCli: Failed to execute command due to the error: java.lang.NullPointerException: Null output stream
2024-04-24T08:13:18,137  WARN [main] conf.HiveConf: HiveConf of name hive.dummyparam.test.server.specific.config.metastoresite does not exist
2024-04-24T08:13:18,137  WARN [main] conf.HiveConf: HiveConf of name hive.dummyparam.test.server.specific.config.override does not exist
2024-04-24T08:13:18,138  WARN [main] conf.HiveConf: HiveConf of name hive.dummyparam.test.server.specific.config.hiveserver2site does not exist
2024-04-24T08:13:18,139  INFO [main] SessionState: Hive Session ID = ac65c7a1-21e2-400b-b984-8940625dc498
2024-04-24T08:13:18,139  INFO [main] DependencyResolver: ivysettings.xml file not found in HIVE_HOME or HIVE_CONF_DIR,/home/alex/Repositories/hive/conf/ivysettings.xml will be used
2024-04-24T08:13:18,146  INFO [main] session.SessionState: Created HDFS directory: /tmp/hive/alex/ac65c7a1-21e2-400b-b984-8940625dc498
2024-04-24T08:13:18,149  INFO [main] session.SessionState: Created local directory: /home/alex/Repositories/hive/beeline/target/tmp/alex/ac65c7a1-21e2-400b-b984-8940625dc498
2024-04-24T08:13:18,152  INFO [main] session.SessionState: Created HDFS directory: /tmp/hive/alex/ac65c7a1-21e2-400b-b984-8940625dc498/_tmp_space.db
2024-04-24T08:13:18,153  INFO [main] sqlstd.SQLStdHiveAccessController: Created SQLStdHiveAccessController for session context : HiveAuthzSessionContext [sessionString=ac65c7a1-21e2-400b-b984-8940625dc498, clientType=HIVESERVER2]
2024-04-24T08:13:18,154  INFO [main] metastore.HiveMetaStoreClient: HMS client filtering is enabled.
2024-04-24T08:13:18,155  INFO [main] metastore.HMSHandler: 0: Opening raw store with implementation class:org.apache.hadoop.hive.metastore.ObjectStore
2024-04-24T08:13:18,155  INFO [main] metastore.PersistenceManagerProvider: Configuration datanucleus.autoStartMechanismMode is not set. Defaulting to 'ignored'
2024-04-24T08:13:18,155  INFO [main] metastore.ObjectStore: RawStore: org.apache.hadoop.hive.metastore.ObjectStore@5dd6a4c8, with PersistenceManager: null will be shutdown
2024-04-24T08:13:18,156  INFO [main] metastore.ObjectStore: RawStore: org.apache.hadoop.hive.metastore.ObjectStore@5dd6a4c8, with PersistenceManager: org.datanucleus.api.jdo.JDOPersistenceManager@47be41c6 created in the thread with id: 1
2024-04-24T08:13:18,159  INFO [main] metastore.HMSHandler: Created RawStore: org.apache.hadoop.hive.metastore.ObjectStore@5dd6a4c8 from thread id: 1
2024-04-24T08:13:18,159  INFO [main] metastore.HMSHandler: HMS server filtering is disabled by configuration
2024-04-24T08:13:18,159  INFO [main] metastore.RetryingMetaStoreClient: RetryingMetaStoreClient proxy=class org.apache.hadoop.hive.ql.metadata.SessionHiveMetaStoreClient ugi=alex (auth:SIMPLE) retries=1 delay=1 lifetime=0
2024-04-24T08:13:18,159  INFO [main] service.CompositeService: Operation log root directory is created: /home/alex/Repositories/hive/beeline/target/tmp/alex/operation_logs
2024-04-24T08:13:18,160  INFO [main] service.CompositeService: HiveServer2: Background operation thread pool size: 100
2024-04-24T08:13:18,160  INFO [main] service.CompositeService: HiveServer2: Background operation thread wait queue size: 100
2024-04-24T08:13:18,160  INFO [main] service.CompositeService: HiveServer2: Background operation thread keepalive time: 10 seconds
2024-04-24T08:13:18,160  INFO [main] service.CompositeService: Connections limit are user: 0 ipaddress: 0 user-ipaddress: 0
2024-04-24T08:13:18,161  INFO [main] cleanup.EventualCleanupService: EventualCleanupService started with 10 threads and queue of size 10000
ERROR StatusLogger Log4j2 ConfigurationScheduler attempted to increment scheduled items after start
ERROR StatusLogger Log4j2 ConfigurationScheduler attempted to increment scheduled items after start
2024-04-24T08:13:18,163  INFO [main] service.AbstractService: Service:OperationManager is inited.
2024-04-24T08:13:18,163  INFO [main] service.AbstractService: Service:SessionManager is inited.
2024-04-24T08:13:18,163  INFO [main] service.AbstractService: Service:CLIService is inited.
2024-04-24T08:13:18,164  INFO [main] service.AbstractService: Service:OperationManager is started.
2024-04-24T08:13:18,164  INFO [main] service.AbstractService: Service:SessionManager is started.
2024-04-24T08:13:18,164  INFO [main] service.AbstractService: Service:CLIService is started.
2024-04-24T08:13:18,164  INFO [main] service.AbstractService: Service:ThriftBinaryCLIService is inited.
2024-04-24T08:13:18,164  INFO [main] thrift.ThriftCLIService: Client protocol version: HIVE_CLI_SERVICE_PROTOCOL_V10
2024-04-24T08:13:18,164  INFO [main] thrift.ThriftCLIService: Creating Hive session handle for user [null] from IP null
2024-04-24T08:13:18,166  INFO [main] DependencyResolver: ivysettings.xml file not found in HIVE_HOME or HIVE_CONF_DIR,/home/alex/Repositories/hive/conf/ivysettings.xml will be used
2024-04-24T08:13:18,172  INFO [main] session.SessionState: Created HDFS directory: /tmp/hive/alex/0e8af89c-8874-41b4-96ca-bc2a46b3bd5f
2024-04-24T08:13:18,175  INFO [main] session.SessionState: Created local directory: /home/alex/Repositories/hive/beeline/target/tmp/alex/0e8af89c-8874-41b4-96ca-bc2a46b3bd5f
2024-04-24T08:13:18,178  INFO [main] session.SessionState: Created HDFS directory: /tmp/hive/alex/0e8af89c-8874-41b4-96ca-bc2a46b3bd5f/_tmp_space.db
2024-04-24T08:13:18,178  INFO [main] session.SessionState: Reloading auxiliary JAR files
2024-04-24T08:13:18,178  WARN [main] session.SessionState: Configuration hive.reloadable.aux.jars.path not specified
2024-04-24T08:13:18,179  INFO [main] HiveMetaStore.audit: ugi=alex	ip=unknown-ip-addr	cmd=Cleaning up thread local RawStore...	
2024-04-24T08:13:18,179  INFO [main] metastore.ObjectStore: RawStore: org.apache.hadoop.hive.metastore.ObjectStore@5dd6a4c8, with PersistenceManager: org.datanucleus.api.jdo.JDOPersistenceManager@47be41c6 will be shutdown
2024-04-24T08:13:18,179  INFO [main] HiveMetaStore.audit: ugi=alex	ip=unknown-ip-addr	cmd=Done cleaning up thread local RawStore	
2024-04-24T08:13:18,179  INFO [main] metastore.HiveMetaStoreClient: Closed a connection to metastore, current connections: -16
2024-04-24T08:13:18,179  INFO [main] session.HiveSessionImpl: Operation log session directory is created: /home/alex/Repositories/hive/beeline/target/tmp/alex/operation_logs/0e8af89c-8874-41b4-96ca-bc2a46b3bd5f
2024-04-24T08:13:18,179  INFO [main] service.CompositeService: Session opened, SessionHandle [0e8af89c-8874-41b4-96ca-bc2a46b3bd5f], current sessions:1
2024-04-24T08:13:18,179  INFO [main] thrift.ThriftCLIService: Login attempt is successful for user : null
2024-04-24T08:13:18,226  WARN [main] conf.HiveConf: HiveConf of name hive.dummyparam.test.server.specific.config.hiveserver2site does not exist
2024-04-24T08:13:18,226  WARN [main] conf.HiveConf: HiveConf of name hive.dummyparam.test.server.specific.config.metastoresite does not exist
2024-04-24T08:13:18,227  WARN [main] conf.HiveConf: HiveConf of name hive.dummyparam.test.server.specific.config.override does not exist
2024-04-24T08:13:18,227  INFO [0e8af89c-8874-41b4-96ca-bc2a46b3bd5f main] session.HiveSessionImpl: executing set
2024-04-24T08:13:18,228  INFO [0e8af89c-8874-41b4-96ca-bc2a46b3bd5f main] operation.HiveCommandOperation: Putting temp output to file /home/alex/Repositories/hive/beeline/target/tmp/alex/0e8af89c-8874-41b4-96ca-bc2a46b3bd5f2868461599484545840.pipeout and error output to file /home/alex/Repositories/hive/beeline/target/tmp/alex/0e8af89c-8874-41b4-96ca-bc2a46b3bd5f8463180614599481589.pipeout
2024-04-24T08:13:18,228  INFO [0e8af89c-8874-41b4-96ca-bc2a46b3bd5f main] operation.OperationManager: Adding operation: OperationHandle [opType=EXECUTE_STATEMENT, getHandleIdentifier()=3742a56a-a636-42b9-ae14-8bb68eb40807] SessionHandle [0e8af89c-8874-41b4-96ca-bc2a46b3bd5f]
2024-04-24T08:13:18,229  INFO [0e8af89c-8874-41b4-96ca-bc2a46b3bd5f main] common.LogUtils: Thread context registration is done.
DEBUG StatusLogger Building Plugin[name=filter, class=org.apache.hadoop.hive.ql.log.LogDivertAppender$NameFilter].
DEBUG StatusLogger createFilter(loggingLevel="EXECUTION")
DEBUG StatusLogger Building Plugin[name=layout, class=org.apache.logging.log4j.core.layout.PatternLayout].
DEBUG StatusLogger PatternLayout$Builder(noConsoleNoAnsi="null", Replace=null, disableAnsi="null", alwaysWriteExceptions="null", footer="null", pattern="%-5p : %m%n", header="null", PatternSelector=null, charset="null", Configuration(HiveLog4j2Test))
DEBUG StatusLogger Building Plugin[name=appender, class=org.apache.hadoop.hive.ql.log.HushableRandomAccessFileAppender].
DEBUG StatusLogger createAppender(fileName="/home/alex/Repositories/hive/beeline/target/tmp/alex/operation_logs/0e8af89c-8874-41b4-96ca-bc2a46b3bd5f/alex_20240424081318_12bcd757-3d4d-4437-a879-1e71e59c4639", append="null", name="query-file-appender", immediateFlush="null", bufferSize="null", ignoreExceptions="null", PatternLayout(org.apache.logging.log4j.core.layout.PatternLayout with name PatternLayout), NameFilter(org.apache.hadoop.hive.ql.log.LogDivertAppender$NameFilter with name NameFilter), advertise="null", advertiseURI="null", Configuration(HiveLog4j2Test))
DEBUG StatusLogger Starting RandomAccessFileManager /home/alex/Repositories/hive/beeline/target/tmp/alex/operation_logs/0e8af89c-8874-41b4-96ca-bc2a46b3bd5f/alex_20240424081318_12bcd757-3d4d-4437-a879-1e71e59c4639
DEBUG StatusLogger Building Plugin[name=, class=org.apache.hadoop.hive.ql.log.LogDivertAppenderForTest$TestFilter].
DEBUG StatusLogger createFilter()
DEBUG StatusLogger Building Plugin[name=, class=org.apache.logging.log4j.core.layout.PatternLayout].
DEBUG StatusLogger PatternLayout$Builder(charset="null", noConsoleNoAnsi="null", header="null", pattern="%-5p : %m%n", PatternSelector=null, alwaysWriteExceptions="null", disableAnsi="null", Replace=null, Configuration(HiveLog4j2Test), footer="null")
DEBUG StatusLogger Building Plugin[name=appender, class=org.apache.hadoop.hive.ql.log.HushableRandomAccessFileAppender].
DEBUG StatusLogger createAppender(fileName="/home/alex/Repositories/hive/beeline/target/tmp/alex/operation_logs/0e8af89c-8874-41b4-96ca-bc2a46b3bd5f/alex_20240424081318_12bcd757-3d4d-4437-a879-1e71e59c4639.test", append="null", name="test-query-file-appender", immediateFlush="null", bufferSize="null", ignoreExceptions="null", PatternLayout(org.apache.logging.log4j.core.layout.PatternLayout with name PatternLayout), test-filter(org.apache.hadoop.hive.ql.log.LogDivertAppenderForTest$TestFilter with name test-filter), advertise="null", advertiseURI="null", Configuration(HiveLog4j2Test))
DEBUG StatusLogger Starting RandomAccessFileManager /home/alex/Repositories/hive/beeline/target/tmp/alex/operation_logs/0e8af89c-8874-41b4-96ca-bc2a46b3bd5f/alex_20240424081318_12bcd757-3d4d-4437-a879-1e71e59c4639.test
2024-04-24T08:13:18,236  INFO [0e8af89c-8874-41b4-96ca-bc2a46b3bd5f main] operation.HiveCommandOperation: [opType=EXECUTE_STATEMENT, queryId=alex_20240424081318_12bcd757-3d4d-4437-a879-1e71e59c4639, startTime=1713971598227, sessionId=0e8af89c-8874-41b4-96ca-bc2a46b3bd5f, createTime=1713971598164, userName=null, ipAddress=null]
2024-04-24T08:13:18,332  INFO [0e8af89c-8874-41b4-96ca-bc2a46b3bd5f main] common.LogUtils: Unregistered logging context.
2024-04-24T08:13:18,334  INFO [0e8af89c-8874-41b4-96ca-bc2a46b3bd5f main] operation.OperationManager: Closing operation: OperationHandle [opType=EXECUTE_STATEMENT, getHandleIdentifier()=3742a56a-a636-42b9-ae14-8bb68eb40807]
2024-04-24T08:13:18,334  INFO [0e8af89c-8874-41b4-96ca-bc2a46b3bd5f main] operation.OperationManager: Removed queryId: alex_20240424081318_12bcd757-3d4d-4437-a879-1e71e59c4639 corresponding to operation: OperationHandle [opType=EXECUTE_STATEMENT, getHandleIdentifier()=3742a56a-a636-42b9-ae14-8bb68eb40807] with tag: null
2024-04-24T08:13:18,335  INFO [0e8af89c-8874-41b4-96ca-bc2a46b3bd5f main] operation.HiveCommandOperation: Closing operation log /home/alex/Repositories/hive/beeline/target/tmp/alex/operation_logs/0e8af89c-8874-41b4-96ca-bc2a46b3bd5f/alex_20240424081318_12bcd757-3d4d-4437-a879-1e71e59c4639 without delay
2024-04-24T08:13:18,342  INFO [0e8af89c-8874-41b4-96ca-bc2a46b3bd5f main] session.HiveSessionImpl: executing create database if not exists testDB
2024-04-24T08:13:18,343  INFO [0e8af89c-8874-41b4-96ca-bc2a46b3bd5f main] operation.OperationManager: Adding operation: OperationHandle [opType=EXECUTE_STATEMENT, getHandleIdentifier()=e9da17f3-a23d-4b30-ab3e-79c2fd0cfaf6] SessionHandle [0e8af89c-8874-41b4-96ca-bc2a46b3bd5f]
2024-04-24T08:13:18,343  INFO [0e8af89c-8874-41b4-96ca-bc2a46b3bd5f main] common.LogUtils: Thread context registration is done.
DEBUG StatusLogger Building Plugin[name=filter, class=org.apache.hadoop.hive.ql.log.LogDivertAppender$NameFilter].
DEBUG StatusLogger createFilter(loggingLevel="EXECUTION")
DEBUG StatusLogger Building Plugin[name=layout, class=org.apache.logging.log4j.core.layout.PatternLayout].
DEBUG StatusLogger PatternLayout$Builder(PatternSelector=null, pattern="%-5p : %m%n", alwaysWriteExceptions="null", header="null", Configuration(HiveLog4j2Test), charset="null", Replace=null, disableAnsi="null", noConsoleNoAnsi="null", footer="null")
DEBUG StatusLogger Building Plugin[name=appender, class=org.apache.hadoop.hive.ql.log.HushableRandomAccessFileAppender].
DEBUG StatusLogger createAppender(fileName="/home/alex/Repositories/hive/beeline/target/tmp/alex/operation_logs/0e8af89c-8874-41b4-96ca-bc2a46b3bd5f/alex_20240424081318_d43f77e0-0a28-4ae3-9128-bc5aeec4149d", append="null", name="query-file-appender", immediateFlush="null", bufferSize="null", ignoreExceptions="null", PatternLayout(org.apache.logging.log4j.core.layout.PatternLayout with name PatternLayout), NameFilter(org.apache.hadoop.hive.ql.log.LogDivertAppender$NameFilter with name NameFilter), advertise="null", advertiseURI="null", Configuration(HiveLog4j2Test))
DEBUG StatusLogger Starting RandomAccessFileManager /home/alex/Repositories/hive/beeline/target/tmp/alex/operation_logs/0e8af89c-8874-41b4-96ca-bc2a46b3bd5f/alex_20240424081318_d43f77e0-0a28-4ae3-9128-bc5aeec4149d
DEBUG StatusLogger Building Plugin[name=, class=org.apache.hadoop.hive.ql.log.LogDivertAppenderForTest$TestFilter].
DEBUG StatusLogger createFilter()
DEBUG StatusLogger Building Plugin[name=, class=org.apache.logging.log4j.core.layout.PatternLayout].
DEBUG StatusLogger PatternLayout$Builder(footer="null", Configuration(HiveLog4j2Test), pattern="%-5p : %m%n", disableAnsi="null", noConsoleNoAnsi="null", charset="null", Replace=null, alwaysWriteExceptions="null", header="null", PatternSelector=null)
DEBUG StatusLogger Building Plugin[name=appender, class=org.apache.hadoop.hive.ql.log.HushableRandomAccessFileAppender].
DEBUG StatusLogger createAppender(fileName="/home/alex/Repositories/hive/beeline/target/tmp/alex/operation_logs/0e8af89c-8874-41b4-96ca-bc2a46b3bd5f/alex_20240424081318_d43f77e0-0a28-4ae3-9128-bc5aeec4149d.test", append="null", name="test-query-file-appender", immediateFlush="null", bufferSize="null", ignoreExceptions="null", PatternLayout(org.apache.logging.log4j.core.layout.PatternLayout with name PatternLayout), test-filter(org.apache.hadoop.hive.ql.log.LogDivertAppenderForTest$TestFilter with name test-filter), advertise="null", advertiseURI="null", Configuration(HiveLog4j2Test))
DEBUG StatusLogger Starting RandomAccessFileManager /home/alex/Repositories/hive/beeline/target/tmp/alex/operation_logs/0e8af89c-8874-41b4-96ca-bc2a46b3bd5f/alex_20240424081318_d43f77e0-0a28-4ae3-9128-bc5aeec4149d.test
2024-04-24T08:13:18,351  INFO [0e8af89c-8874-41b4-96ca-bc2a46b3bd5f main] operation.SQLOperation: [opType=EXECUTE_STATEMENT, queryId=alex_20240424081318_d43f77e0-0a28-4ae3-9128-bc5aeec4149d, startTime=1713971598342, sessionId=0e8af89c-8874-41b4-96ca-bc2a46b3bd5f, createTime=1713971598164, userName=null, ipAddress=null]
2024-04-24T08:13:18,351  INFO [0e8af89c-8874-41b4-96ca-bc2a46b3bd5f main] ql.Driver: Compiling command(queryId=alex_20240424081318_d43f77e0-0a28-4ae3-9128-bc5aeec4149d): create database if not exists testDB
2024-04-24T08:13:18,353  INFO [0e8af89c-8874-41b4-96ca-bc2a46b3bd5f main] metastore.HiveMetaStoreClient: HMS client filtering is enabled.
2024-04-24T08:13:18,354  INFO [0e8af89c-8874-41b4-96ca-bc2a46b3bd5f main] metastore.HMSHandler: 0: Opening raw store with implementation class:org.apache.hadoop.hive.metastore.ObjectStore
2024-04-24T08:13:18,354  INFO [0e8af89c-8874-41b4-96ca-bc2a46b3bd5f main] metastore.PersistenceManagerProvider: Configuration datanucleus.autoStartMechanismMode is not set. Defaulting to 'ignored'
2024-04-24T08:13:18,354  INFO [0e8af89c-8874-41b4-96ca-bc2a46b3bd5f main] metastore.ObjectStore: RawStore: org.apache.hadoop.hive.metastore.ObjectStore@6113a26f, with PersistenceManager: null will be shutdown
2024-04-24T08:13:18,355  INFO [0e8af89c-8874-41b4-96ca-bc2a46b3bd5f main] metastore.ObjectStore: RawStore: org.apache.hadoop.hive.metastore.ObjectStore@6113a26f, with PersistenceManager: org.datanucleus.api.jdo.JDOPersistenceManager@2aac8ad7 created in the thread with id: 1
2024-04-24T08:13:18,358  INFO [0e8af89c-8874-41b4-96ca-bc2a46b3bd5f main] metastore.HMSHandler: Created RawStore: org.apache.hadoop.hive.metastore.ObjectStore@6113a26f from thread id: 1
2024-04-24T08:13:18,358  INFO [0e8af89c-8874-41b4-96ca-bc2a46b3bd5f main] metastore.HMSHandler: HMS server filtering is disabled by configuration
2024-04-24T08:13:18,358  INFO [0e8af89c-8874-41b4-96ca-bc2a46b3bd5f main] metastore.RetryingMetaStoreClient: RetryingMetaStoreClient proxy=class org.apache.hadoop.hive.ql.metadata.SessionHiveMetaStoreClient ugi=alex (auth:SIMPLE) retries=1 delay=1 lifetime=0
2024-04-24T08:13:18,359  INFO [0e8af89c-8874-41b4-96ca-bc2a46b3bd5f main] ql.Driver: Semantic Analysis Completed (retrial = false)
2024-04-24T08:13:18,359  INFO [0e8af89c-8874-41b4-96ca-bc2a46b3bd5f main] ql.Driver: Created Hive schema: Schema(fieldSchemas:null, properties:null)
2024-04-24T08:13:18,359  INFO [0e8af89c-8874-41b4-96ca-bc2a46b3bd5f main] metadata.Hive: Dumping metastore api call timing information for : compilation phase
2024-04-24T08:13:18,359  INFO [0e8af89c-8874-41b4-96ca-bc2a46b3bd5f main] metadata.Hive: Total time spent in each metastore function (ms): {flushCache_()=0, isCompatibleWith_(Configuration)=1}
2024-04-24T08:13:18,360  INFO [0e8af89c-8874-41b4-96ca-bc2a46b3bd5f main] ql.Driver: Completed compiling command(queryId=alex_20240424081318_d43f77e0-0a28-4ae3-9128-bc5aeec4149d); Time taken: 0.008 seconds
2024-04-24T08:13:18,361  INFO [HiveServer2-Background-Pool: Thread-298] common.LogUtils: Thread context registration is done.
2024-04-24T08:13:18,361  INFO [0e8af89c-8874-41b4-96ca-bc2a46b3bd5f main] common.LogUtils: Unregistered logging context.
2024-04-24T08:13:18,361  INFO [HiveServer2-Background-Pool: Thread-298] reexec.ReExecDriver: Execution #1 of query
2024-04-24T08:13:18,361  INFO [HiveServer2-Background-Pool: Thread-298] ql.Driver: Concurrency mode is disabled, not creating a lock manager
2024-04-24T08:13:18,362  INFO [HiveServer2-Background-Pool: Thread-298] ql.Driver: Executing command(queryId=alex_20240424081318_d43f77e0-0a28-4ae3-9128-bc5aeec4149d): create database if not exists testDB
2024-04-24T08:13:18,363  INFO [HiveServer2-Background-Pool: Thread-298] ql.Driver: Starting task [Stage-0:DDL] in serial mode
2024-04-24T08:13:18,364  INFO [HiveServer2-Background-Pool: Thread-298] sqlstd.SQLStdHiveAccessController: Created SQLStdHiveAccessController for session context : HiveAuthzSessionContext [sessionString=0e8af89c-8874-41b4-96ca-bc2a46b3bd5f, clientType=HIVESERVER2]
2024-04-24T08:13:18,364  WARN [HiveServer2-Background-Pool: Thread-298] exec.DDLTask: metastore.warehouse.external.dir is not set, falling back to metastore.warehouse.dir. This could cause external tables to use to managed tablespace.
2024-04-24T08:13:18,365  INFO [HiveServer2-Background-Pool: Thread-298] HiveMetaStore.audit: ugi=alex	ip=unknown-ip-addr	cmd=create_database: Database(name:testDB, description:null, locationUri:file:/home/alex/Repositories/hive/beeline/target/tmp/warehouse/testdb.db, parameters:null, ownerName:alex, ownerType:USER, catalogName:hive, type:NATIVE)	
2024-04-24T08:13:18,366  INFO [HiveServer2-Background-Pool: Thread-298] metastore.HMSHandler: 12: Opening raw store with implementation class:org.apache.hadoop.hive.metastore.ObjectStore
2024-04-24T08:13:18,367  INFO [HiveServer2-Background-Pool: Thread-298] metastore.ObjectStore: RawStore: org.apache.hadoop.hive.metastore.ObjectStore@1aa6088c, with PersistenceManager: null will be shutdown
2024-04-24T08:13:18,367  INFO [HiveServer2-Background-Pool: Thread-298] metastore.ObjectStore: RawStore: org.apache.hadoop.hive.metastore.ObjectStore@1aa6088c, with PersistenceManager: org.datanucleus.api.jdo.JDOPersistenceManager@5fa485bc created in the thread with id: 298
2024-04-24T08:13:18,370  INFO [HiveServer2-Background-Pool: Thread-298] metastore.HMSHandler: Created RawStore: org.apache.hadoop.hive.metastore.ObjectStore@1aa6088c from thread id: 298
2024-04-24T08:13:18,372 ERROR [HiveServer2-Background-Pool: Thread-298] metastore.RetryingHMSHandler: AlreadyExistsException(message:Database testDB already exists)
	at org.apache.hadoop.hive.metastore.HMSHandler.create_database(HMSHandler.java:1472)
	at sun.reflect.NativeMethodAccessorImpl.invoke0(Native Method)
	at sun.reflect.NativeMethodAccessorImpl.invoke(NativeMethodAccessorImpl.java:62)
	at sun.reflect.DelegatingMethodAccessorImpl.invoke(DelegatingMethodAccessorImpl.java:43)
	at java.lang.reflect.Method.invoke(Method.java:498)
	at org.apache.hadoop.hive.metastore.RetryingHMSHandler.invokeInternal(RetryingHMSHandler.java:147)
	at org.apache.hadoop.hive.metastore.RetryingHMSHandler.invoke(RetryingHMSHandler.java:108)
	at com.sun.proxy.$Proxy40.create_database(Unknown Source)
	at org.apache.hadoop.hive.metastore.HiveMetaStoreClient.createDatabase(HiveMetaStoreClient.java:1151)
	at sun.reflect.NativeMethodAccessorImpl.invoke0(Native Method)
	at sun.reflect.NativeMethodAccessorImpl.invoke(NativeMethodAccessorImpl.java:62)
	at sun.reflect.DelegatingMethodAccessorImpl.invoke(DelegatingMethodAccessorImpl.java:43)
	at java.lang.reflect.Method.invoke(Method.java:498)
	at org.apache.hadoop.hive.metastore.RetryingMetaStoreClient.invoke(RetryingMetaStoreClient.java:218)
	at com.sun.proxy.$Proxy41.createDatabase(Unknown Source)
	at org.apache.hadoop.hive.ql.metadata.Hive.createDatabase(Hive.java:605)
	at org.apache.hadoop.hive.ql.ddl.database.create.CreateDatabaseOperation.execute(CreateDatabaseOperation.java:68)
	at org.apache.hadoop.hive.ql.ddl.DDLTask.execute(DDLTask.java:84)
	at org.apache.hadoop.hive.ql.exec.Task.executeTask(Task.java:212)
	at org.apache.hadoop.hive.ql.exec.TaskRunner.runSequential(TaskRunner.java:105)
	at org.apache.hadoop.hive.ql.Executor.launchTask(Executor.java:361)
	at org.apache.hadoop.hive.ql.Executor.launchTasks(Executor.java:334)
	at org.apache.hadoop.hive.ql.Executor.runTasks(Executor.java:245)
	at org.apache.hadoop.hive.ql.Executor.execute(Executor.java:108)
	at org.apache.hadoop.hive.ql.Driver.execute(Driver.java:348)
	at org.apache.hadoop.hive.ql.Driver.runInternal(Driver.java:204)
	at org.apache.hadoop.hive.ql.Driver.run(Driver.java:153)
	at org.apache.hadoop.hive.ql.Driver.run(Driver.java:148)
	at org.apache.hadoop.hive.ql.reexec.ReExecDriver.run(ReExecDriver.java:164)
	at org.apache.hive.service.cli.operation.SQLOperation.runQuery(SQLOperation.java:233)
	at org.apache.hive.service.cli.operation.SQLOperation.access$500(SQLOperation.java:88)
	at org.apache.hive.service.cli.operation.SQLOperation$BackgroundWork$1.run(SQLOperation.java:336)
	at java.security.AccessController.doPrivileged(Native Method)
	at javax.security.auth.Subject.doAs(Subject.java:422)
	at org.apache.hadoop.security.UserGroupInformation.doAs(UserGroupInformation.java:1682)
	at org.apache.hive.service.cli.operation.SQLOperation$BackgroundWork.run(SQLOperation.java:356)
	at java.util.concurrent.Executors$RunnableAdapter.call(Executors.java:511)
	at java.util.concurrent.FutureTask.run(FutureTask.java:266)
	at java.util.concurrent.ThreadPoolExecutor.runWorker(ThreadPoolExecutor.java:1149)
	at java.util.concurrent.ThreadPoolExecutor$Worker.run(ThreadPoolExecutor.java:624)
	at java.lang.Thread.run(Thread.java:750)

2024-04-24T08:13:18,373  INFO [HiveServer2-Background-Pool: Thread-298] metadata.Hive: Dumping metastore api call timing information for : execution phase
2024-04-24T08:13:18,373  INFO [HiveServer2-Background-Pool: Thread-298] metadata.Hive: Total time spent in each metastore function (ms): {isCompatibleWith_(Configuration)=0}
2024-04-24T08:13:18,373  INFO [HiveServer2-Background-Pool: Thread-298] ql.Driver: Completed executing command(queryId=alex_20240424081318_d43f77e0-0a28-4ae3-9128-bc5aeec4149d); Time taken: 0.01 seconds
2024-04-24T08:13:18,374  INFO [HiveServer2-Background-Pool: Thread-298] common.LogUtils: Unregistered logging context.
2024-04-24T08:13:18,376  INFO [0e8af89c-8874-41b4-96ca-bc2a46b3bd5f main] operation.OperationManager: Closing operation: OperationHandle [opType=EXECUTE_STATEMENT, getHandleIdentifier()=e9da17f3-a23d-4b30-ab3e-79c2fd0cfaf6]
2024-04-24T08:13:18,376  INFO [0e8af89c-8874-41b4-96ca-bc2a46b3bd5f main] operation.OperationManager: Removed queryId: alex_20240424081318_d43f77e0-0a28-4ae3-9128-bc5aeec4149d corresponding to operation: OperationHandle [opType=EXECUTE_STATEMENT, getHandleIdentifier()=e9da17f3-a23d-4b30-ab3e-79c2fd0cfaf6] with tag: null
2024-04-24T08:13:18,376  INFO [0e8af89c-8874-41b4-96ca-bc2a46b3bd5f main] operation.SQLOperation: Closing operation log /home/alex/Repositories/hive/beeline/target/tmp/alex/operation_logs/0e8af89c-8874-41b4-96ca-bc2a46b3bd5f/alex_20240424081318_d43f77e0-0a28-4ae3-9128-bc5aeec4149d without delay
2024-04-24T08:13:18,381  INFO [0e8af89c-8874-41b4-96ca-bc2a46b3bd5f main] session.HiveSessionImpl: executing use default
2024-04-24T08:13:18,383  INFO [0e8af89c-8874-41b4-96ca-bc2a46b3bd5f main] operation.OperationManager: Adding operation: OperationHandle [opType=EXECUTE_STATEMENT, getHandleIdentifier()=b34ca1f1-aa19-4dc7-a6bb-84318d939394] SessionHandle [0e8af89c-8874-41b4-96ca-bc2a46b3bd5f]
2024-04-24T08:13:18,383  INFO [0e8af89c-8874-41b4-96ca-bc2a46b3bd5f main] common.LogUtils: Thread context registration is done.
DEBUG StatusLogger Building Plugin[name=filter, class=org.apache.hadoop.hive.ql.log.LogDivertAppender$NameFilter].
DEBUG StatusLogger createFilter(loggingLevel="EXECUTION")
DEBUG StatusLogger Building Plugin[name=layout, class=org.apache.logging.log4j.core.layout.PatternLayout].
DEBUG StatusLogger PatternLayout$Builder(noConsoleNoAnsi="null", pattern="%-5p : %m%n", charset="null", disableAnsi="null", Configuration(HiveLog4j2Test), alwaysWriteExceptions="null", Replace=null, PatternSelector=null, header="null", footer="null")
DEBUG StatusLogger Building Plugin[name=appender, class=org.apache.hadoop.hive.ql.log.HushableRandomAccessFileAppender].
DEBUG StatusLogger createAppender(fileName="/home/alex/Repositories/hive/beeline/target/tmp/alex/operation_logs/0e8af89c-8874-41b4-96ca-bc2a46b3bd5f/alex_20240424081318_8b485393-0626-4d8f-990d-59290197c6e1", append="null", name="query-file-appender", immediateFlush="null", bufferSize="null", ignoreExceptions="null", PatternLayout(org.apache.logging.log4j.core.layout.PatternLayout with name PatternLayout), NameFilter(org.apache.hadoop.hive.ql.log.LogDivertAppender$NameFilter with name NameFilter), advertise="null", advertiseURI="null", Configuration(HiveLog4j2Test))
DEBUG StatusLogger Starting RandomAccessFileManager /home/alex/Repositories/hive/beeline/target/tmp/alex/operation_logs/0e8af89c-8874-41b4-96ca-bc2a46b3bd5f/alex_20240424081318_8b485393-0626-4d8f-990d-59290197c6e1
DEBUG StatusLogger Building Plugin[name=, class=org.apache.hadoop.hive.ql.log.LogDivertAppenderForTest$TestFilter].
DEBUG StatusLogger createFilter()
DEBUG StatusLogger Building Plugin[name=, class=org.apache.logging.log4j.core.layout.PatternLayout].
DEBUG StatusLogger PatternLayout$Builder(PatternSelector=null, Configuration(HiveLog4j2Test), header="null", charset="null", Replace=null, alwaysWriteExceptions="null", noConsoleNoAnsi="null", disableAnsi="null", pattern="%-5p : %m%n", footer="null")
DEBUG StatusLogger Building Plugin[name=appender, class=org.apache.hadoop.hive.ql.log.HushableRandomAccessFileAppender].
DEBUG StatusLogger createAppender(fileName="/home/alex/Repositories/hive/beeline/target/tmp/alex/operation_logs/0e8af89c-8874-41b4-96ca-bc2a46b3bd5f/alex_20240424081318_8b485393-0626-4d8f-990d-59290197c6e1.test", append="null", name="test-query-file-appender", immediateFlush="null", bufferSize="null", ignoreExceptions="null", PatternLayout(org.apache.logging.log4j.core.layout.PatternLayout with name PatternLayout), test-filter(org.apache.hadoop.hive.ql.log.LogDivertAppenderForTest$TestFilter with name test-filter), advertise="null", advertiseURI="null", Configuration(HiveLog4j2Test))
DEBUG StatusLogger Starting RandomAccessFileManager /home/alex/Repositories/hive/beeline/target/tmp/alex/operation_logs/0e8af89c-8874-41b4-96ca-bc2a46b3bd5f/alex_20240424081318_8b485393-0626-4d8f-990d-59290197c6e1.test
2024-04-24T08:13:18,391  INFO [0e8af89c-8874-41b4-96ca-bc2a46b3bd5f main] operation.SQLOperation: [opType=EXECUTE_STATEMENT, queryId=alex_20240424081318_8b485393-0626-4d8f-990d-59290197c6e1, startTime=1713971598381, sessionId=0e8af89c-8874-41b4-96ca-bc2a46b3bd5f, createTime=1713971598164, userName=null, ipAddress=null]
2024-04-24T08:13:18,391  INFO [0e8af89c-8874-41b4-96ca-bc2a46b3bd5f main] ql.Driver: Compiling command(queryId=alex_20240424081318_8b485393-0626-4d8f-990d-59290197c6e1): use default
2024-04-24T08:13:18,392  INFO [0e8af89c-8874-41b4-96ca-bc2a46b3bd5f main] HiveMetaStore.audit: ugi=alex	ip=unknown-ip-addr	cmd=get_database: default	
2024-04-24T08:13:18,395  INFO [0e8af89c-8874-41b4-96ca-bc2a46b3bd5f main] ql.Driver: Semantic Analysis Completed (retrial = false)
2024-04-24T08:13:18,395  INFO [0e8af89c-8874-41b4-96ca-bc2a46b3bd5f main] ql.Driver: Created Hive schema: Schema(fieldSchemas:null, properties:null)
2024-04-24T08:13:18,395  INFO [0e8af89c-8874-41b4-96ca-bc2a46b3bd5f main] metadata.Hive: Dumping metastore api call timing information for : compilation phase
2024-04-24T08:13:18,395  INFO [0e8af89c-8874-41b4-96ca-bc2a46b3bd5f main] metadata.Hive: Total time spent in each metastore function (ms): {flushCache_()=0, getDatabase_(String)=2, isCompatibleWith_(Configuration)=0}
2024-04-24T08:13:18,395  INFO [0e8af89c-8874-41b4-96ca-bc2a46b3bd5f main] ql.Driver: Completed compiling command(queryId=alex_20240424081318_8b485393-0626-4d8f-990d-59290197c6e1); Time taken: 0.004 seconds
2024-04-24T08:13:18,396  INFO [HiveServer2-Background-Pool: Thread-301] common.LogUtils: Thread context registration is done.
2024-04-24T08:13:18,396  INFO [HiveServer2-Background-Pool: Thread-301] reexec.ReExecDriver: Execution #1 of query
2024-04-24T08:13:18,396  INFO [0e8af89c-8874-41b4-96ca-bc2a46b3bd5f main] common.LogUtils: Unregistered logging context.
2024-04-24T08:13:18,397  INFO [HiveServer2-Background-Pool: Thread-301] ql.Driver: Concurrency mode is disabled, not creating a lock manager
2024-04-24T08:13:18,397  INFO [HiveServer2-Background-Pool: Thread-301] ql.Driver: Executing command(queryId=alex_20240424081318_8b485393-0626-4d8f-990d-59290197c6e1): use default
2024-04-24T08:13:18,398  INFO [HiveServer2-Background-Pool: Thread-301] ql.Driver: Starting task [Stage-0:DDL] in serial mode
2024-04-24T08:13:18,399  INFO [HiveServer2-Background-Pool: Thread-301] HiveMetaStore.audit: ugi=alex	ip=unknown-ip-addr	cmd=get_database: default	
2024-04-24T08:13:18,400  INFO [HiveServer2-Background-Pool: Thread-301] metastore.HMSHandler: 13: Opening raw store with implementation class:org.apache.hadoop.hive.metastore.ObjectStore
2024-04-24T08:13:18,401  INFO [HiveServer2-Background-Pool: Thread-301] metastore.ObjectStore: RawStore: org.apache.hadoop.hive.metastore.ObjectStore@54409ccf, with PersistenceManager: null will be shutdown
2024-04-24T08:13:18,401  INFO [HiveServer2-Background-Pool: Thread-301] metastore.ObjectStore: RawStore: org.apache.hadoop.hive.metastore.ObjectStore@54409ccf, with PersistenceManager: org.datanucleus.api.jdo.JDOPersistenceManager@11421823 created in the thread with id: 301
2024-04-24T08:13:18,404  INFO [HiveServer2-Background-Pool: Thread-301] metastore.HMSHandler: Created RawStore: org.apache.hadoop.hive.metastore.ObjectStore@54409ccf from thread id: 301
2024-04-24T08:13:18,406  INFO [HiveServer2-Background-Pool: Thread-301] HiveMetaStore.audit: ugi=alex	ip=unknown-ip-addr	cmd=get_database: default	
2024-04-24T08:13:18,407  INFO [HiveServer2-Background-Pool: Thread-301] metadata.Hive: Dumping metastore api call timing information for : execution phase
2024-04-24T08:13:18,407  INFO [HiveServer2-Background-Pool: Thread-301] metadata.Hive: Total time spent in each metastore function (ms): {isCompatibleWith_(Configuration)=0, getDatabase_(String)=8}
2024-04-24T08:13:18,407  INFO [HiveServer2-Background-Pool: Thread-301] ql.Driver: Completed executing command(queryId=alex_20240424081318_8b485393-0626-4d8f-990d-59290197c6e1); Time taken: 0.01 seconds
2024-04-24T08:13:18,408  INFO [HiveServer2-Background-Pool: Thread-301] common.LogUtils: Unregistered logging context.
2024-04-24T08:13:18,409  INFO [0e8af89c-8874-41b4-96ca-bc2a46b3bd5f main] operation.OperationManager: Closing operation: OperationHandle [opType=EXECUTE_STATEMENT, getHandleIdentifier()=b34ca1f1-aa19-4dc7-a6bb-84318d939394]
2024-04-24T08:13:18,409  INFO [0e8af89c-8874-41b4-96ca-bc2a46b3bd5f main] operation.OperationManager: Removed queryId: alex_20240424081318_8b485393-0626-4d8f-990d-59290197c6e1 corresponding to operation: OperationHandle [opType=EXECUTE_STATEMENT, getHandleIdentifier()=b34ca1f1-aa19-4dc7-a6bb-84318d939394] with tag: null
2024-04-24T08:13:18,410  INFO [0e8af89c-8874-41b4-96ca-bc2a46b3bd5f main] operation.SQLOperation: Closing operation log /home/alex/Repositories/hive/beeline/target/tmp/alex/operation_logs/0e8af89c-8874-41b4-96ca-bc2a46b3bd5f/alex_20240424081318_8b485393-0626-4d8f-990d-59290197c6e1 without delay
2024-04-24T08:13:18,414  INFO [main] service.CompositeService: Session closed, SessionHandle [0e8af89c-8874-41b4-96ca-bc2a46b3bd5f], current sessions:0
2024-04-24T08:13:18,414  INFO [0e8af89c-8874-41b4-96ca-bc2a46b3bd5f main] session.HiveSessionImpl: Operation log session directory is deleted: /home/alex/Repositories/hive/beeline/target/tmp/alex/operation_logs/0e8af89c-8874-41b4-96ca-bc2a46b3bd5f
2024-04-24T08:13:18,415  INFO [main] cleanup.EventualCleanupService: Delete /tmp/hive/alex/0e8af89c-8874-41b4-96ca-bc2a46b3bd5f operation was queued
2024-04-24T08:13:18,415  INFO [main] cleanup.EventualCleanupService: Delete /home/alex/Repositories/hive/beeline/target/tmp/alex/0e8af89c-8874-41b4-96ca-bc2a46b3bd5f operation was queued
2024-04-24T08:13:18,415  INFO [EventualCleanupService thread 1] cleanup.EventualCleanupService: Deleted /home/alex/Repositories/hive/beeline/target/tmp/alex/0e8af89c-8874-41b4-96ca-bc2a46b3bd5f
2024-04-24T08:13:18,415  INFO [EventualCleanupService thread 0] cleanup.EventualCleanupService: Deleted /tmp/hive/alex/0e8af89c-8874-41b4-96ca-bc2a46b3bd5f
2024-04-24T08:13:18,416  INFO [main] HiveMetaStore.audit: ugi=alex	ip=unknown-ip-addr	cmd=Cleaning up thread local RawStore...	
2024-04-24T08:13:18,416  INFO [main] metastore.ObjectStore: RawStore: org.apache.hadoop.hive.metastore.ObjectStore@6113a26f, with PersistenceManager: org.datanucleus.api.jdo.JDOPersistenceManager@2aac8ad7 will be shutdown
2024-04-24T08:13:18,416  INFO [main] HiveMetaStore.audit: ugi=alex	ip=unknown-ip-addr	cmd=Done cleaning up thread local RawStore	
2024-04-24T08:13:18,416  INFO [main] metastore.HiveMetaStoreClient: Closed a connection to metastore, current connections: -17
]]></system-err>
  </testcase>
  <testcase name="testUseCurrentDB2" classname="org.apache.hive.beeline.cli.TestHiveCli" time="0.333">
    <failure type="java.lang.AssertionError"><![CDATA[java.lang.AssertionError: 
The expected keyword "hive (testDB)>" occur in the output: Connecting to jdbc:hive2://
Hive Session ID = 27306fda-783f-4ad1-851c-e36f3a6fa793
ivysettings.xml file not found in HIVE_HOME or HIVE_CONF_DIR,/home/alex/Repositories/hive/conf/ivysettings.xml will be used
ivysettings.xml file not found in HIVE_HOME or HIVE_CONF_DIR,/home/alex/Repositories/hive/conf/ivysettings.xml will be used
Connected to: Apache Hive (version 4.0.0-SNAPSHOT)
Error: Couldn't load manifest attributes. (state=,code=0)
Transaction isolation: TRANSACTION_REPEATABLE_READ
Beeline version ??? by Apache Hive
hive> create database if not exists testDB; set hive.cli.print.current.db=true;use
. . > testDB;
INFO  : Compiling command(queryId=alex_20240424081318_ceeb2f9a-9279-4f75-9941-127538939017): create database if not exists testDB
INFO  : Semantic Analysis Completed (retrial = false)
INFO  : Created Hive schema: Schema(fieldSchemas:null, properties:null)
INFO  : Completed compiling command(queryId=alex_20240424081318_ceeb2f9a-9279-4f75-9941-127538939017); Time taken: 0.006 seconds
INFO  : Concurrency mode is disabled, not creating a lock manager
INFO  : Executing command(queryId=alex_20240424081318_ceeb2f9a-9279-4f75-9941-127538939017): create database if not exists testDB
INFO  : Starting task [Stage-0:DDL] in serial mode
DEBUG : Task getting executed using mapred tag : alex_20240424081318_ceeb2f9a-9279-4f75-9941-127538939017,userid=null
INFO  : Completed executing command(queryId=alex_20240424081318_ceeb2f9a-9279-4f75-9941-127538939017); Time taken: 0.012 seconds
DEBUG : Shutting down query create database if not exists testDB
Error: Failed to wait for operation to complete (state=08S01,code=0)
hive> use default;drop if exists testDB;
INFO  : Compiling command(queryId=alex_20240424081318_a9abe386-5b26-41a3-bcb0-8202c7d6bb9c): use default
INFO  : Semantic Analysis Completed (retrial = false)
INFO  : Created Hive schema: Schema(fieldSchemas:null, properties:null)
INFO  : Completed compiling command(queryId=alex_20240424081318_a9abe386-5b26-41a3-bcb0-8202c7d6bb9c); Time taken: 0.005 seconds
INFO  : Concurrency mode is disabled, not creating a lock manager
INFO  : Executing command(queryId=alex_20240424081318_a9abe386-5b26-41a3-bcb0-8202c7d6bb9c): use default
INFO  : Starting task [Stage-0:DDL] in serial mode
DEBUG : Task getting executed using mapred tag : alex_20240424081318_a9abe386-5b26-41a3-bcb0-8202c7d6bb9c,userid=null
INFO  : Completed executing command(queryId=alex_20240424081318_a9abe386-5b26-41a3-bcb0-8202c7d6bb9c); Time taken: 0.009 seconds
DEBUG : Shutting down query use default
Error: Failed to wait for operation to complete (state=08S01,code=0)
hive> Closing: 0: jdbc:hive2://

	at org.junit.Assert.fail(Assert.java:89)
	at org.junit.Assert.assertTrue(Assert.java:42)
	at org.apache.hive.beeline.cli.TestHiveCli.verifyCMD(TestHiveCli.java:270)
	at org.apache.hive.beeline.cli.TestHiveCli.testUseCurrentDB2(TestHiveCli.java:219)
	at sun.reflect.NativeMethodAccessorImpl.invoke0(Native Method)
	at sun.reflect.NativeMethodAccessorImpl.invoke(NativeMethodAccessorImpl.java:62)
	at sun.reflect.DelegatingMethodAccessorImpl.invoke(DelegatingMethodAccessorImpl.java:43)
	at java.lang.reflect.Method.invoke(Method.java:498)
	at org.junit.runners.model.FrameworkMethod$1.runReflectiveCall(FrameworkMethod.java:59)
	at org.junit.internal.runners.model.ReflectiveCallable.run(ReflectiveCallable.java:12)
	at org.junit.runners.model.FrameworkMethod.invokeExplosively(FrameworkMethod.java:56)
	at org.junit.internal.runners.statements.InvokeMethod.evaluate(InvokeMethod.java:17)
	at org.junit.internal.runners.statements.RunBefores.evaluate(RunBefores.java:26)
	at org.junit.internal.runners.statements.RunAfters.evaluate(RunAfters.java:27)
	at org.junit.runners.ParentRunner$3.evaluate(ParentRunner.java:306)
	at org.junit.runners.BlockJUnit4ClassRunner$1.evaluate(BlockJUnit4ClassRunner.java:100)
	at org.junit.runners.ParentRunner.runLeaf(ParentRunner.java:366)
	at org.junit.runners.BlockJUnit4ClassRunner.runChild(BlockJUnit4ClassRunner.java:103)
	at org.junit.runners.BlockJUnit4ClassRunner.runChild(BlockJUnit4ClassRunner.java:63)
	at org.junit.runners.ParentRunner$4.run(ParentRunner.java:331)
	at org.junit.runners.ParentRunner$1.schedule(ParentRunner.java:79)
	at org.junit.runners.ParentRunner.runChildren(ParentRunner.java:329)
	at org.junit.runners.ParentRunner.access$100(ParentRunner.java:66)
	at org.junit.runners.ParentRunner$2.evaluate(ParentRunner.java:293)
	at org.junit.internal.runners.statements.RunBefores.evaluate(RunBefores.java:26)
	at org.junit.runners.ParentRunner$3.evaluate(ParentRunner.java:306)
	at org.junit.runners.ParentRunner.run(ParentRunner.java:413)
	at org.junit.runner.JUnitCore.run(JUnitCore.java:137)
	at org.junit.runner.JUnitCore.run(JUnitCore.java:115)
	at org.junit.vintage.engine.execution.RunnerExecutor.execute(RunnerExecutor.java:43)
	at java.util.stream.ForEachOps$ForEachOp$OfRef.accept(ForEachOps.java:183)
	at java.util.stream.ReferencePipeline$3$1.accept(ReferencePipeline.java:193)
	at java.util.Iterator.forEachRemaining(Iterator.java:116)
	at java.util.Spliterators$IteratorSpliterator.forEachRemaining(Spliterators.java:1801)
	at java.util.stream.AbstractPipeline.copyInto(AbstractPipeline.java:482)
	at java.util.stream.AbstractPipeline.wrapAndCopyInto(AbstractPipeline.java:472)
	at java.util.stream.ForEachOps$ForEachOp.evaluateSequential(ForEachOps.java:150)
	at java.util.stream.ForEachOps$ForEachOp$OfRef.evaluateSequential(ForEachOps.java:173)
	at java.util.stream.AbstractPipeline.evaluate(AbstractPipeline.java:234)
	at java.util.stream.ReferencePipeline.forEach(ReferencePipeline.java:485)
	at org.junit.vintage.engine.VintageTestEngine.executeAllChildren(VintageTestEngine.java:82)
	at org.junit.vintage.engine.VintageTestEngine.execute(VintageTestEngine.java:73)
	at org.junit.platform.launcher.core.DefaultLauncher.execute(DefaultLauncher.java:248)
	at org.junit.platform.launcher.core.DefaultLauncher.lambda$execute$5(DefaultLauncher.java:211)
	at org.junit.platform.launcher.core.DefaultLauncher.withInterceptedStreams(DefaultLauncher.java:226)
	at org.junit.platform.launcher.core.DefaultLauncher.execute(DefaultLauncher.java:199)
	at org.junit.platform.launcher.core.DefaultLauncher.execute(DefaultLauncher.java:132)
	at org.apache.maven.surefire.junitplatform.JUnitPlatformProvider.invokeAllTests(JUnitPlatformProvider.java:154)
	at org.apache.maven.surefire.junitplatform.JUnitPlatformProvider.invoke(JUnitPlatformProvider.java:123)
	at org.apache.maven.surefire.booter.ForkedBooter.runSuitesInProcess(ForkedBooter.java:377)
	at org.apache.maven.surefire.booter.ForkedBooter.execute(ForkedBooter.java:138)
	at org.apache.maven.surefire.booter.ForkedBooter.run(ForkedBooter.java:465)
	at org.apache.maven.surefire.booter.ForkedBooter.main(ForkedBooter.java:451)
]]></failure>
    <system-err><![CDATA[2024-04-24T08:13:18,418 ERROR [main] cli.TestHiveCli: Failed to execute command due to the error: java.lang.NullPointerException: Null output stream
2024-04-24T08:13:18,464  WARN [main] conf.HiveConf: HiveConf of name hive.dummyparam.test.server.specific.config.metastoresite does not exist
2024-04-24T08:13:18,465  WARN [main] conf.HiveConf: HiveConf of name hive.dummyparam.test.server.specific.config.override does not exist
2024-04-24T08:13:18,465  WARN [main] conf.HiveConf: HiveConf of name hive.dummyparam.test.server.specific.config.hiveserver2site does not exist
2024-04-24T08:13:18,465  INFO [main] SessionState: Hive Session ID = 27306fda-783f-4ad1-851c-e36f3a6fa793
2024-04-24T08:13:18,466  INFO [main] DependencyResolver: ivysettings.xml file not found in HIVE_HOME or HIVE_CONF_DIR,/home/alex/Repositories/hive/conf/ivysettings.xml will be used
2024-04-24T08:13:18,473  INFO [main] session.SessionState: Created HDFS directory: /tmp/hive/alex/27306fda-783f-4ad1-851c-e36f3a6fa793
2024-04-24T08:13:18,476  INFO [main] session.SessionState: Created local directory: /home/alex/Repositories/hive/beeline/target/tmp/alex/27306fda-783f-4ad1-851c-e36f3a6fa793
2024-04-24T08:13:18,479  INFO [main] session.SessionState: Created HDFS directory: /tmp/hive/alex/27306fda-783f-4ad1-851c-e36f3a6fa793/_tmp_space.db
2024-04-24T08:13:18,479  INFO [main] sqlstd.SQLStdHiveAccessController: Created SQLStdHiveAccessController for session context : HiveAuthzSessionContext [sessionString=27306fda-783f-4ad1-851c-e36f3a6fa793, clientType=HIVESERVER2]
2024-04-24T08:13:18,480  INFO [main] metastore.HiveMetaStoreClient: HMS client filtering is enabled.
2024-04-24T08:13:18,481  INFO [main] metastore.HMSHandler: 0: Opening raw store with implementation class:org.apache.hadoop.hive.metastore.ObjectStore
2024-04-24T08:13:18,481  INFO [main] metastore.PersistenceManagerProvider: Configuration datanucleus.autoStartMechanismMode is not set. Defaulting to 'ignored'
2024-04-24T08:13:18,482  INFO [main] metastore.ObjectStore: RawStore: org.apache.hadoop.hive.metastore.ObjectStore@150f41b9, with PersistenceManager: null will be shutdown
2024-04-24T08:13:18,482  INFO [main] metastore.ObjectStore: RawStore: org.apache.hadoop.hive.metastore.ObjectStore@150f41b9, with PersistenceManager: org.datanucleus.api.jdo.JDOPersistenceManager@6e364f1f created in the thread with id: 1
2024-04-24T08:13:18,485  INFO [main] metastore.HMSHandler: Created RawStore: org.apache.hadoop.hive.metastore.ObjectStore@150f41b9 from thread id: 1
2024-04-24T08:13:18,485  INFO [main] metastore.HMSHandler: HMS server filtering is disabled by configuration
2024-04-24T08:13:18,485  INFO [main] metastore.RetryingMetaStoreClient: RetryingMetaStoreClient proxy=class org.apache.hadoop.hive.ql.metadata.SessionHiveMetaStoreClient ugi=alex (auth:SIMPLE) retries=1 delay=1 lifetime=0
2024-04-24T08:13:18,486  INFO [main] service.CompositeService: Operation log root directory is created: /home/alex/Repositories/hive/beeline/target/tmp/alex/operation_logs
2024-04-24T08:13:18,486  INFO [main] service.CompositeService: HiveServer2: Background operation thread pool size: 100
2024-04-24T08:13:18,486  INFO [main] service.CompositeService: HiveServer2: Background operation thread wait queue size: 100
2024-04-24T08:13:18,486  INFO [main] service.CompositeService: HiveServer2: Background operation thread keepalive time: 10 seconds
2024-04-24T08:13:18,486  INFO [main] service.CompositeService: Connections limit are user: 0 ipaddress: 0 user-ipaddress: 0
2024-04-24T08:13:18,487  INFO [main] cleanup.EventualCleanupService: EventualCleanupService started with 10 threads and queue of size 10000
ERROR StatusLogger Log4j2 ConfigurationScheduler attempted to increment scheduled items after start
ERROR StatusLogger Log4j2 ConfigurationScheduler attempted to increment scheduled items after start
2024-04-24T08:13:18,489  INFO [main] service.AbstractService: Service:OperationManager is inited.
2024-04-24T08:13:18,490  INFO [main] service.AbstractService: Service:SessionManager is inited.
2024-04-24T08:13:18,490  INFO [main] service.AbstractService: Service:CLIService is inited.
2024-04-24T08:13:18,490  INFO [main] service.AbstractService: Service:OperationManager is started.
2024-04-24T08:13:18,490  INFO [main] service.AbstractService: Service:SessionManager is started.
2024-04-24T08:13:18,490  INFO [main] service.AbstractService: Service:CLIService is started.
2024-04-24T08:13:18,490  INFO [main] service.AbstractService: Service:ThriftBinaryCLIService is inited.
2024-04-24T08:13:18,490  INFO [main] thrift.ThriftCLIService: Client protocol version: HIVE_CLI_SERVICE_PROTOCOL_V10
2024-04-24T08:13:18,490  INFO [main] thrift.ThriftCLIService: Creating Hive session handle for user [null] from IP null
2024-04-24T08:13:18,492  INFO [main] DependencyResolver: ivysettings.xml file not found in HIVE_HOME or HIVE_CONF_DIR,/home/alex/Repositories/hive/conf/ivysettings.xml will be used
2024-04-24T08:13:18,499  INFO [main] session.SessionState: Created HDFS directory: /tmp/hive/alex/670346a3-ded3-48b8-9a47-f3778eca6450
2024-04-24T08:13:18,503  INFO [main] session.SessionState: Created local directory: /home/alex/Repositories/hive/beeline/target/tmp/alex/670346a3-ded3-48b8-9a47-f3778eca6450
2024-04-24T08:13:18,506  INFO [main] session.SessionState: Created HDFS directory: /tmp/hive/alex/670346a3-ded3-48b8-9a47-f3778eca6450/_tmp_space.db
2024-04-24T08:13:18,506  INFO [main] session.SessionState: Reloading auxiliary JAR files
2024-04-24T08:13:18,506  WARN [main] session.SessionState: Configuration hive.reloadable.aux.jars.path not specified
2024-04-24T08:13:18,506  INFO [main] HiveMetaStore.audit: ugi=alex	ip=unknown-ip-addr	cmd=Cleaning up thread local RawStore...	
2024-04-24T08:13:18,506  INFO [main] metastore.ObjectStore: RawStore: org.apache.hadoop.hive.metastore.ObjectStore@150f41b9, with PersistenceManager: org.datanucleus.api.jdo.JDOPersistenceManager@6e364f1f will be shutdown
2024-04-24T08:13:18,506  INFO [main] HiveMetaStore.audit: ugi=alex	ip=unknown-ip-addr	cmd=Done cleaning up thread local RawStore	
2024-04-24T08:13:18,506  INFO [main] metastore.HiveMetaStoreClient: Closed a connection to metastore, current connections: -18
2024-04-24T08:13:18,506  INFO [main] session.HiveSessionImpl: Operation log session directory is created: /home/alex/Repositories/hive/beeline/target/tmp/alex/operation_logs/670346a3-ded3-48b8-9a47-f3778eca6450
2024-04-24T08:13:18,506  INFO [main] service.CompositeService: Session opened, SessionHandle [670346a3-ded3-48b8-9a47-f3778eca6450], current sessions:1
2024-04-24T08:13:18,506  INFO [main] thrift.ThriftCLIService: Login attempt is successful for user : null
2024-04-24T08:13:18,555  WARN [main] conf.HiveConf: HiveConf of name hive.dummyparam.test.server.specific.config.metastoresite does not exist
2024-04-24T08:13:18,555  WARN [main] conf.HiveConf: HiveConf of name hive.dummyparam.test.server.specific.config.hiveserver2site does not exist
2024-04-24T08:13:18,555  WARN [main] conf.HiveConf: HiveConf of name hive.dummyparam.test.server.specific.config.override does not exist
2024-04-24T08:13:18,556  INFO [670346a3-ded3-48b8-9a47-f3778eca6450 main] session.HiveSessionImpl: executing set
2024-04-24T08:13:18,557  INFO [670346a3-ded3-48b8-9a47-f3778eca6450 main] operation.HiveCommandOperation: Putting temp output to file /home/alex/Repositories/hive/beeline/target/tmp/alex/670346a3-ded3-48b8-9a47-f3778eca64507881792439172895618.pipeout and error output to file /home/alex/Repositories/hive/beeline/target/tmp/alex/670346a3-ded3-48b8-9a47-f3778eca64508250772951201406024.pipeout
2024-04-24T08:13:18,557  INFO [670346a3-ded3-48b8-9a47-f3778eca6450 main] operation.OperationManager: Adding operation: OperationHandle [opType=EXECUTE_STATEMENT, getHandleIdentifier()=d408efcf-4ae7-42b4-b6bf-78a2c3339e1d] SessionHandle [670346a3-ded3-48b8-9a47-f3778eca6450]
2024-04-24T08:13:18,558  INFO [670346a3-ded3-48b8-9a47-f3778eca6450 main] common.LogUtils: Thread context registration is done.
DEBUG StatusLogger Building Plugin[name=filter, class=org.apache.hadoop.hive.ql.log.LogDivertAppender$NameFilter].
DEBUG StatusLogger createFilter(loggingLevel="EXECUTION")
DEBUG StatusLogger Building Plugin[name=layout, class=org.apache.logging.log4j.core.layout.PatternLayout].
DEBUG StatusLogger PatternLayout$Builder(noConsoleNoAnsi="null", pattern="%-5p : %m%n", header="null", PatternSelector=null, charset="null", Replace=null, footer="null", alwaysWriteExceptions="null", disableAnsi="null", Configuration(HiveLog4j2Test))
DEBUG StatusLogger Building Plugin[name=appender, class=org.apache.hadoop.hive.ql.log.HushableRandomAccessFileAppender].
DEBUG StatusLogger createAppender(fileName="/home/alex/Repositories/hive/beeline/target/tmp/alex/operation_logs/670346a3-ded3-48b8-9a47-f3778eca6450/alex_20240424081318_cfc50e61-a84a-4015-9415-63429479d5b4", append="null", name="query-file-appender", immediateFlush="null", bufferSize="null", ignoreExceptions="null", PatternLayout(org.apache.logging.log4j.core.layout.PatternLayout with name PatternLayout), NameFilter(org.apache.hadoop.hive.ql.log.LogDivertAppender$NameFilter with name NameFilter), advertise="null", advertiseURI="null", Configuration(HiveLog4j2Test))
DEBUG StatusLogger Starting RandomAccessFileManager /home/alex/Repositories/hive/beeline/target/tmp/alex/operation_logs/670346a3-ded3-48b8-9a47-f3778eca6450/alex_20240424081318_cfc50e61-a84a-4015-9415-63429479d5b4
DEBUG StatusLogger Building Plugin[name=, class=org.apache.hadoop.hive.ql.log.LogDivertAppenderForTest$TestFilter].
DEBUG StatusLogger createFilter()
DEBUG StatusLogger Building Plugin[name=, class=org.apache.logging.log4j.core.layout.PatternLayout].
DEBUG StatusLogger PatternLayout$Builder(header="null", Configuration(HiveLog4j2Test), PatternSelector=null, Replace=null, noConsoleNoAnsi="null", disableAnsi="null", pattern="%-5p : %m%n", charset="null", footer="null", alwaysWriteExceptions="null")
DEBUG StatusLogger Building Plugin[name=appender, class=org.apache.hadoop.hive.ql.log.HushableRandomAccessFileAppender].
DEBUG StatusLogger createAppender(fileName="/home/alex/Repositories/hive/beeline/target/tmp/alex/operation_logs/670346a3-ded3-48b8-9a47-f3778eca6450/alex_20240424081318_cfc50e61-a84a-4015-9415-63429479d5b4.test", append="null", name="test-query-file-appender", immediateFlush="null", bufferSize="null", ignoreExceptions="null", PatternLayout(org.apache.logging.log4j.core.layout.PatternLayout with name PatternLayout), test-filter(org.apache.hadoop.hive.ql.log.LogDivertAppenderForTest$TestFilter with name test-filter), advertise="null", advertiseURI="null", Configuration(HiveLog4j2Test))
DEBUG StatusLogger Starting RandomAccessFileManager /home/alex/Repositories/hive/beeline/target/tmp/alex/operation_logs/670346a3-ded3-48b8-9a47-f3778eca6450/alex_20240424081318_cfc50e61-a84a-4015-9415-63429479d5b4.test
2024-04-24T08:13:18,569  INFO [670346a3-ded3-48b8-9a47-f3778eca6450 main] operation.HiveCommandOperation: [opType=EXECUTE_STATEMENT, queryId=alex_20240424081318_cfc50e61-a84a-4015-9415-63429479d5b4, startTime=1713971598556, sessionId=670346a3-ded3-48b8-9a47-f3778eca6450, createTime=1713971598490, userName=null, ipAddress=null]
2024-04-24T08:13:18,664  INFO [670346a3-ded3-48b8-9a47-f3778eca6450 main] common.LogUtils: Unregistered logging context.
2024-04-24T08:13:18,666  INFO [670346a3-ded3-48b8-9a47-f3778eca6450 main] operation.OperationManager: Closing operation: OperationHandle [opType=EXECUTE_STATEMENT, getHandleIdentifier()=d408efcf-4ae7-42b4-b6bf-78a2c3339e1d]
2024-04-24T08:13:18,666  INFO [670346a3-ded3-48b8-9a47-f3778eca6450 main] operation.OperationManager: Removed queryId: alex_20240424081318_cfc50e61-a84a-4015-9415-63429479d5b4 corresponding to operation: OperationHandle [opType=EXECUTE_STATEMENT, getHandleIdentifier()=d408efcf-4ae7-42b4-b6bf-78a2c3339e1d] with tag: null
2024-04-24T08:13:18,667  INFO [670346a3-ded3-48b8-9a47-f3778eca6450 main] operation.HiveCommandOperation: Closing operation log /home/alex/Repositories/hive/beeline/target/tmp/alex/operation_logs/670346a3-ded3-48b8-9a47-f3778eca6450/alex_20240424081318_cfc50e61-a84a-4015-9415-63429479d5b4 without delay
2024-04-24T08:13:18,678  INFO [670346a3-ded3-48b8-9a47-f3778eca6450 main] session.HiveSessionImpl: executing create database if not exists testDB
2024-04-24T08:13:18,679  INFO [670346a3-ded3-48b8-9a47-f3778eca6450 main] operation.OperationManager: Adding operation: OperationHandle [opType=EXECUTE_STATEMENT, getHandleIdentifier()=8f067047-40ae-467d-ba58-351bb2842c4b] SessionHandle [670346a3-ded3-48b8-9a47-f3778eca6450]
2024-04-24T08:13:18,679  INFO [670346a3-ded3-48b8-9a47-f3778eca6450 main] common.LogUtils: Thread context registration is done.
DEBUG StatusLogger Building Plugin[name=filter, class=org.apache.hadoop.hive.ql.log.LogDivertAppender$NameFilter].
DEBUG StatusLogger createFilter(loggingLevel="EXECUTION")
DEBUG StatusLogger Building Plugin[name=layout, class=org.apache.logging.log4j.core.layout.PatternLayout].
DEBUG StatusLogger PatternLayout$Builder(Replace=null, noConsoleNoAnsi="null", pattern="%-5p : %m%n", charset="null", disableAnsi="null", Configuration(HiveLog4j2Test), PatternSelector=null, footer="null", header="null", alwaysWriteExceptions="null")
DEBUG StatusLogger Building Plugin[name=appender, class=org.apache.hadoop.hive.ql.log.HushableRandomAccessFileAppender].
DEBUG StatusLogger createAppender(fileName="/home/alex/Repositories/hive/beeline/target/tmp/alex/operation_logs/670346a3-ded3-48b8-9a47-f3778eca6450/alex_20240424081318_ceeb2f9a-9279-4f75-9941-127538939017", append="null", name="query-file-appender", immediateFlush="null", bufferSize="null", ignoreExceptions="null", PatternLayout(org.apache.logging.log4j.core.layout.PatternLayout with name PatternLayout), NameFilter(org.apache.hadoop.hive.ql.log.LogDivertAppender$NameFilter with name NameFilter), advertise="null", advertiseURI="null", Configuration(HiveLog4j2Test))
DEBUG StatusLogger Starting RandomAccessFileManager /home/alex/Repositories/hive/beeline/target/tmp/alex/operation_logs/670346a3-ded3-48b8-9a47-f3778eca6450/alex_20240424081318_ceeb2f9a-9279-4f75-9941-127538939017
DEBUG StatusLogger Building Plugin[name=, class=org.apache.hadoop.hive.ql.log.LogDivertAppenderForTest$TestFilter].
DEBUG StatusLogger createFilter()
DEBUG StatusLogger Building Plugin[name=, class=org.apache.logging.log4j.core.layout.PatternLayout].
DEBUG StatusLogger PatternLayout$Builder(Replace=null, pattern="%-5p : %m%n", alwaysWriteExceptions="null", Configuration(HiveLog4j2Test), PatternSelector=null, disableAnsi="null", charset="null", footer="null", noConsoleNoAnsi="null", header="null")
DEBUG StatusLogger Building Plugin[name=appender, class=org.apache.hadoop.hive.ql.log.HushableRandomAccessFileAppender].
DEBUG StatusLogger createAppender(fileName="/home/alex/Repositories/hive/beeline/target/tmp/alex/operation_logs/670346a3-ded3-48b8-9a47-f3778eca6450/alex_20240424081318_ceeb2f9a-9279-4f75-9941-127538939017.test", append="null", name="test-query-file-appender", immediateFlush="null", bufferSize="null", ignoreExceptions="null", PatternLayout(org.apache.logging.log4j.core.layout.PatternLayout with name PatternLayout), test-filter(org.apache.hadoop.hive.ql.log.LogDivertAppenderForTest$TestFilter with name test-filter), advertise="null", advertiseURI="null", Configuration(HiveLog4j2Test))
DEBUG StatusLogger Starting RandomAccessFileManager /home/alex/Repositories/hive/beeline/target/tmp/alex/operation_logs/670346a3-ded3-48b8-9a47-f3778eca6450/alex_20240424081318_ceeb2f9a-9279-4f75-9941-127538939017.test
2024-04-24T08:13:18,687  INFO [670346a3-ded3-48b8-9a47-f3778eca6450 main] operation.SQLOperation: [opType=EXECUTE_STATEMENT, queryId=alex_20240424081318_ceeb2f9a-9279-4f75-9941-127538939017, startTime=1713971598678, sessionId=670346a3-ded3-48b8-9a47-f3778eca6450, createTime=1713971598490, userName=null, ipAddress=null]
2024-04-24T08:13:18,687  INFO [670346a3-ded3-48b8-9a47-f3778eca6450 main] ql.Driver: Compiling command(queryId=alex_20240424081318_ceeb2f9a-9279-4f75-9941-127538939017): create database if not exists testDB
2024-04-24T08:13:18,689  INFO [670346a3-ded3-48b8-9a47-f3778eca6450 main] metastore.HiveMetaStoreClient: HMS client filtering is enabled.
2024-04-24T08:13:18,689  INFO [670346a3-ded3-48b8-9a47-f3778eca6450 main] metastore.HMSHandler: 0: Opening raw store with implementation class:org.apache.hadoop.hive.metastore.ObjectStore
2024-04-24T08:13:18,689  INFO [670346a3-ded3-48b8-9a47-f3778eca6450 main] metastore.PersistenceManagerProvider: Configuration datanucleus.autoStartMechanismMode is not set. Defaulting to 'ignored'
2024-04-24T08:13:18,690  INFO [670346a3-ded3-48b8-9a47-f3778eca6450 main] metastore.ObjectStore: RawStore: org.apache.hadoop.hive.metastore.ObjectStore@70485aa, with PersistenceManager: null will be shutdown
2024-04-24T08:13:18,690  INFO [670346a3-ded3-48b8-9a47-f3778eca6450 main] metastore.ObjectStore: RawStore: org.apache.hadoop.hive.metastore.ObjectStore@70485aa, with PersistenceManager: org.datanucleus.api.jdo.JDOPersistenceManager@4bf8b77 created in the thread with id: 1
2024-04-24T08:13:18,693  INFO [670346a3-ded3-48b8-9a47-f3778eca6450 main] metastore.HMSHandler: Created RawStore: org.apache.hadoop.hive.metastore.ObjectStore@70485aa from thread id: 1
2024-04-24T08:13:18,693  INFO [670346a3-ded3-48b8-9a47-f3778eca6450 main] metastore.HMSHandler: HMS server filtering is disabled by configuration
2024-04-24T08:13:18,693  INFO [670346a3-ded3-48b8-9a47-f3778eca6450 main] metastore.RetryingMetaStoreClient: RetryingMetaStoreClient proxy=class org.apache.hadoop.hive.ql.metadata.SessionHiveMetaStoreClient ugi=alex (auth:SIMPLE) retries=1 delay=1 lifetime=0
2024-04-24T08:13:18,693  INFO [670346a3-ded3-48b8-9a47-f3778eca6450 main] ql.Driver: Semantic Analysis Completed (retrial = false)
2024-04-24T08:13:18,693  INFO [670346a3-ded3-48b8-9a47-f3778eca6450 main] ql.Driver: Created Hive schema: Schema(fieldSchemas:null, properties:null)
2024-04-24T08:13:18,693  INFO [670346a3-ded3-48b8-9a47-f3778eca6450 main] metadata.Hive: Dumping metastore api call timing information for : compilation phase
2024-04-24T08:13:18,694  INFO [670346a3-ded3-48b8-9a47-f3778eca6450 main] metadata.Hive: Total time spent in each metastore function (ms): {isCompatibleWith_(Configuration)=0, flushCache_()=0}
2024-04-24T08:13:18,694  INFO [670346a3-ded3-48b8-9a47-f3778eca6450 main] ql.Driver: Completed compiling command(queryId=alex_20240424081318_ceeb2f9a-9279-4f75-9941-127538939017); Time taken: 0.006 seconds
2024-04-24T08:13:18,695  INFO [670346a3-ded3-48b8-9a47-f3778eca6450 main] common.LogUtils: Unregistered logging context.
2024-04-24T08:13:18,695  INFO [HiveServer2-Background-Pool: Thread-324] common.LogUtils: Thread context registration is done.
2024-04-24T08:13:18,695  INFO [HiveServer2-Background-Pool: Thread-324] reexec.ReExecDriver: Execution #1 of query
2024-04-24T08:13:18,696  INFO [HiveServer2-Background-Pool: Thread-324] ql.Driver: Concurrency mode is disabled, not creating a lock manager
2024-04-24T08:13:18,696  INFO [HiveServer2-Background-Pool: Thread-324] ql.Driver: Executing command(queryId=alex_20240424081318_ceeb2f9a-9279-4f75-9941-127538939017): create database if not exists testDB
2024-04-24T08:13:18,697  INFO [HiveServer2-Background-Pool: Thread-324] ql.Driver: Starting task [Stage-0:DDL] in serial mode
2024-04-24T08:13:18,698  INFO [HiveServer2-Background-Pool: Thread-324] sqlstd.SQLStdHiveAccessController: Created SQLStdHiveAccessController for session context : HiveAuthzSessionContext [sessionString=670346a3-ded3-48b8-9a47-f3778eca6450, clientType=HIVESERVER2]
2024-04-24T08:13:18,698  WARN [HiveServer2-Background-Pool: Thread-324] exec.DDLTask: metastore.warehouse.external.dir is not set, falling back to metastore.warehouse.dir. This could cause external tables to use to managed tablespace.
2024-04-24T08:13:18,699  INFO [HiveServer2-Background-Pool: Thread-324] HiveMetaStore.audit: ugi=alex	ip=unknown-ip-addr	cmd=create_database: Database(name:testDB, description:null, locationUri:file:/home/alex/Repositories/hive/beeline/target/tmp/warehouse/testdb.db, parameters:null, ownerName:alex, ownerType:USER, catalogName:hive, type:NATIVE)	
2024-04-24T08:13:18,700  INFO [HiveServer2-Background-Pool: Thread-324] metastore.HMSHandler: 14: Opening raw store with implementation class:org.apache.hadoop.hive.metastore.ObjectStore
2024-04-24T08:13:18,701  INFO [HiveServer2-Background-Pool: Thread-324] metastore.ObjectStore: RawStore: org.apache.hadoop.hive.metastore.ObjectStore@1a8ec0af, with PersistenceManager: null will be shutdown
2024-04-24T08:13:18,701  INFO [HiveServer2-Background-Pool: Thread-324] metastore.ObjectStore: RawStore: org.apache.hadoop.hive.metastore.ObjectStore@1a8ec0af, with PersistenceManager: org.datanucleus.api.jdo.JDOPersistenceManager@5f8c4d9a created in the thread with id: 324
2024-04-24T08:13:18,705  INFO [HiveServer2-Background-Pool: Thread-324] metastore.HMSHandler: Created RawStore: org.apache.hadoop.hive.metastore.ObjectStore@1a8ec0af from thread id: 324
2024-04-24T08:13:18,707 ERROR [HiveServer2-Background-Pool: Thread-324] metastore.RetryingHMSHandler: AlreadyExistsException(message:Database testDB already exists)
	at org.apache.hadoop.hive.metastore.HMSHandler.create_database(HMSHandler.java:1472)
	at sun.reflect.NativeMethodAccessorImpl.invoke0(Native Method)
	at sun.reflect.NativeMethodAccessorImpl.invoke(NativeMethodAccessorImpl.java:62)
	at sun.reflect.DelegatingMethodAccessorImpl.invoke(DelegatingMethodAccessorImpl.java:43)
	at java.lang.reflect.Method.invoke(Method.java:498)
	at org.apache.hadoop.hive.metastore.RetryingHMSHandler.invokeInternal(RetryingHMSHandler.java:147)
	at org.apache.hadoop.hive.metastore.RetryingHMSHandler.invoke(RetryingHMSHandler.java:108)
	at com.sun.proxy.$Proxy40.create_database(Unknown Source)
	at org.apache.hadoop.hive.metastore.HiveMetaStoreClient.createDatabase(HiveMetaStoreClient.java:1151)
	at sun.reflect.NativeMethodAccessorImpl.invoke0(Native Method)
	at sun.reflect.NativeMethodAccessorImpl.invoke(NativeMethodAccessorImpl.java:62)
	at sun.reflect.DelegatingMethodAccessorImpl.invoke(DelegatingMethodAccessorImpl.java:43)
	at java.lang.reflect.Method.invoke(Method.java:498)
	at org.apache.hadoop.hive.metastore.RetryingMetaStoreClient.invoke(RetryingMetaStoreClient.java:218)
	at com.sun.proxy.$Proxy41.createDatabase(Unknown Source)
	at org.apache.hadoop.hive.ql.metadata.Hive.createDatabase(Hive.java:605)
	at org.apache.hadoop.hive.ql.ddl.database.create.CreateDatabaseOperation.execute(CreateDatabaseOperation.java:68)
	at org.apache.hadoop.hive.ql.ddl.DDLTask.execute(DDLTask.java:84)
	at org.apache.hadoop.hive.ql.exec.Task.executeTask(Task.java:212)
	at org.apache.hadoop.hive.ql.exec.TaskRunner.runSequential(TaskRunner.java:105)
	at org.apache.hadoop.hive.ql.Executor.launchTask(Executor.java:361)
	at org.apache.hadoop.hive.ql.Executor.launchTasks(Executor.java:334)
	at org.apache.hadoop.hive.ql.Executor.runTasks(Executor.java:245)
	at org.apache.hadoop.hive.ql.Executor.execute(Executor.java:108)
	at org.apache.hadoop.hive.ql.Driver.execute(Driver.java:348)
	at org.apache.hadoop.hive.ql.Driver.runInternal(Driver.java:204)
	at org.apache.hadoop.hive.ql.Driver.run(Driver.java:153)
	at org.apache.hadoop.hive.ql.Driver.run(Driver.java:148)
	at org.apache.hadoop.hive.ql.reexec.ReExecDriver.run(ReExecDriver.java:164)
	at org.apache.hive.service.cli.operation.SQLOperation.runQuery(SQLOperation.java:233)
	at org.apache.hive.service.cli.operation.SQLOperation.access$500(SQLOperation.java:88)
	at org.apache.hive.service.cli.operation.SQLOperation$BackgroundWork$1.run(SQLOperation.java:336)
	at java.security.AccessController.doPrivileged(Native Method)
	at javax.security.auth.Subject.doAs(Subject.java:422)
	at org.apache.hadoop.security.UserGroupInformation.doAs(UserGroupInformation.java:1682)
	at org.apache.hive.service.cli.operation.SQLOperation$BackgroundWork.run(SQLOperation.java:356)
	at java.util.concurrent.Executors$RunnableAdapter.call(Executors.java:511)
	at java.util.concurrent.FutureTask.run(FutureTask.java:266)
	at java.util.concurrent.ThreadPoolExecutor.runWorker(ThreadPoolExecutor.java:1149)
	at java.util.concurrent.ThreadPoolExecutor$Worker.run(ThreadPoolExecutor.java:624)
	at java.lang.Thread.run(Thread.java:750)

2024-04-24T08:13:18,708  INFO [HiveServer2-Background-Pool: Thread-324] metadata.Hive: Dumping metastore api call timing information for : execution phase
2024-04-24T08:13:18,708  INFO [HiveServer2-Background-Pool: Thread-324] metadata.Hive: Total time spent in each metastore function (ms): {isCompatibleWith_(Configuration)=0}
2024-04-24T08:13:18,708  INFO [HiveServer2-Background-Pool: Thread-324] ql.Driver: Completed executing command(queryId=alex_20240424081318_ceeb2f9a-9279-4f75-9941-127538939017); Time taken: 0.012 seconds
2024-04-24T08:13:18,709  INFO [HiveServer2-Background-Pool: Thread-324] common.LogUtils: Unregistered logging context.
2024-04-24T08:13:18,711  INFO [670346a3-ded3-48b8-9a47-f3778eca6450 main] operation.OperationManager: Closing operation: OperationHandle [opType=EXECUTE_STATEMENT, getHandleIdentifier()=8f067047-40ae-467d-ba58-351bb2842c4b]
2024-04-24T08:13:18,711  INFO [670346a3-ded3-48b8-9a47-f3778eca6450 main] operation.OperationManager: Removed queryId: alex_20240424081318_ceeb2f9a-9279-4f75-9941-127538939017 corresponding to operation: OperationHandle [opType=EXECUTE_STATEMENT, getHandleIdentifier()=8f067047-40ae-467d-ba58-351bb2842c4b] with tag: null
2024-04-24T08:13:18,711  INFO [670346a3-ded3-48b8-9a47-f3778eca6450 main] operation.SQLOperation: Closing operation log /home/alex/Repositories/hive/beeline/target/tmp/alex/operation_logs/670346a3-ded3-48b8-9a47-f3778eca6450/alex_20240424081318_ceeb2f9a-9279-4f75-9941-127538939017 without delay
2024-04-24T08:13:18,716  INFO [670346a3-ded3-48b8-9a47-f3778eca6450 main] session.HiveSessionImpl: executing use default
2024-04-24T08:13:18,717  INFO [670346a3-ded3-48b8-9a47-f3778eca6450 main] operation.OperationManager: Adding operation: OperationHandle [opType=EXECUTE_STATEMENT, getHandleIdentifier()=3413340c-15f2-4c4c-a53f-4c7c49e34303] SessionHandle [670346a3-ded3-48b8-9a47-f3778eca6450]
2024-04-24T08:13:18,717  INFO [670346a3-ded3-48b8-9a47-f3778eca6450 main] common.LogUtils: Thread context registration is done.
DEBUG StatusLogger Building Plugin[name=filter, class=org.apache.hadoop.hive.ql.log.LogDivertAppender$NameFilter].
DEBUG StatusLogger createFilter(loggingLevel="EXECUTION")
DEBUG StatusLogger Building Plugin[name=layout, class=org.apache.logging.log4j.core.layout.PatternLayout].
DEBUG StatusLogger PatternLayout$Builder(alwaysWriteExceptions="null", pattern="%-5p : %m%n", Replace=null, noConsoleNoAnsi="null", PatternSelector=null, footer="null", charset="null", header="null", Configuration(HiveLog4j2Test), disableAnsi="null")
DEBUG StatusLogger Building Plugin[name=appender, class=org.apache.hadoop.hive.ql.log.HushableRandomAccessFileAppender].
DEBUG StatusLogger createAppender(fileName="/home/alex/Repositories/hive/beeline/target/tmp/alex/operation_logs/670346a3-ded3-48b8-9a47-f3778eca6450/alex_20240424081318_a9abe386-5b26-41a3-bcb0-8202c7d6bb9c", append="null", name="query-file-appender", immediateFlush="null", bufferSize="null", ignoreExceptions="null", PatternLayout(org.apache.logging.log4j.core.layout.PatternLayout with name PatternLayout), NameFilter(org.apache.hadoop.hive.ql.log.LogDivertAppender$NameFilter with name NameFilter), advertise="null", advertiseURI="null", Configuration(HiveLog4j2Test))
DEBUG StatusLogger Starting RandomAccessFileManager /home/alex/Repositories/hive/beeline/target/tmp/alex/operation_logs/670346a3-ded3-48b8-9a47-f3778eca6450/alex_20240424081318_a9abe386-5b26-41a3-bcb0-8202c7d6bb9c
DEBUG StatusLogger Building Plugin[name=, class=org.apache.hadoop.hive.ql.log.LogDivertAppenderForTest$TestFilter].
DEBUG StatusLogger createFilter()
DEBUG StatusLogger Building Plugin[name=, class=org.apache.logging.log4j.core.layout.PatternLayout].
DEBUG StatusLogger PatternLayout$Builder(Configuration(HiveLog4j2Test), PatternSelector=null, header="null", alwaysWriteExceptions="null", charset="null", pattern="%-5p : %m%n", noConsoleNoAnsi="null", disableAnsi="null", Replace=null, footer="null")
DEBUG StatusLogger Building Plugin[name=appender, class=org.apache.hadoop.hive.ql.log.HushableRandomAccessFileAppender].
DEBUG StatusLogger createAppender(fileName="/home/alex/Repositories/hive/beeline/target/tmp/alex/operation_logs/670346a3-ded3-48b8-9a47-f3778eca6450/alex_20240424081318_a9abe386-5b26-41a3-bcb0-8202c7d6bb9c.test", append="null", name="test-query-file-appender", immediateFlush="null", bufferSize="null", ignoreExceptions="null", PatternLayout(org.apache.logging.log4j.core.layout.PatternLayout with name PatternLayout), test-filter(org.apache.hadoop.hive.ql.log.LogDivertAppenderForTest$TestFilter with name test-filter), advertise="null", advertiseURI="null", Configuration(HiveLog4j2Test))
DEBUG StatusLogger Starting RandomAccessFileManager /home/alex/Repositories/hive/beeline/target/tmp/alex/operation_logs/670346a3-ded3-48b8-9a47-f3778eca6450/alex_20240424081318_a9abe386-5b26-41a3-bcb0-8202c7d6bb9c.test
2024-04-24T08:13:18,725  INFO [670346a3-ded3-48b8-9a47-f3778eca6450 main] operation.SQLOperation: [opType=EXECUTE_STATEMENT, queryId=alex_20240424081318_a9abe386-5b26-41a3-bcb0-8202c7d6bb9c, startTime=1713971598716, sessionId=670346a3-ded3-48b8-9a47-f3778eca6450, createTime=1713971598490, userName=null, ipAddress=null]
2024-04-24T08:13:18,725  INFO [670346a3-ded3-48b8-9a47-f3778eca6450 main] ql.Driver: Compiling command(queryId=alex_20240424081318_a9abe386-5b26-41a3-bcb0-8202c7d6bb9c): use default
2024-04-24T08:13:18,727  INFO [670346a3-ded3-48b8-9a47-f3778eca6450 main] HiveMetaStore.audit: ugi=alex	ip=unknown-ip-addr	cmd=get_database: default	
2024-04-24T08:13:18,729  INFO [670346a3-ded3-48b8-9a47-f3778eca6450 main] ql.Driver: Semantic Analysis Completed (retrial = false)
2024-04-24T08:13:18,729  INFO [670346a3-ded3-48b8-9a47-f3778eca6450 main] ql.Driver: Created Hive schema: Schema(fieldSchemas:null, properties:null)
2024-04-24T08:13:18,730  INFO [670346a3-ded3-48b8-9a47-f3778eca6450 main] metadata.Hive: Dumping metastore api call timing information for : compilation phase
2024-04-24T08:13:18,730  INFO [670346a3-ded3-48b8-9a47-f3778eca6450 main] metadata.Hive: Total time spent in each metastore function (ms): {isCompatibleWith_(Configuration)=0, getDatabase_(String)=2, flushCache_()=1}
2024-04-24T08:13:18,730  INFO [670346a3-ded3-48b8-9a47-f3778eca6450 main] ql.Driver: Completed compiling command(queryId=alex_20240424081318_a9abe386-5b26-41a3-bcb0-8202c7d6bb9c); Time taken: 0.005 seconds
2024-04-24T08:13:18,731  INFO [HiveServer2-Background-Pool: Thread-327] common.LogUtils: Thread context registration is done.
2024-04-24T08:13:18,731  INFO [670346a3-ded3-48b8-9a47-f3778eca6450 main] common.LogUtils: Unregistered logging context.
2024-04-24T08:13:18,731  INFO [HiveServer2-Background-Pool: Thread-327] reexec.ReExecDriver: Execution #1 of query
2024-04-24T08:13:18,731  INFO [HiveServer2-Background-Pool: Thread-327] ql.Driver: Concurrency mode is disabled, not creating a lock manager
2024-04-24T08:13:18,732  INFO [HiveServer2-Background-Pool: Thread-327] ql.Driver: Executing command(queryId=alex_20240424081318_a9abe386-5b26-41a3-bcb0-8202c7d6bb9c): use default
2024-04-24T08:13:18,733  INFO [HiveServer2-Background-Pool: Thread-327] ql.Driver: Starting task [Stage-0:DDL] in serial mode
2024-04-24T08:13:18,733  INFO [HiveServer2-Background-Pool: Thread-327] HiveMetaStore.audit: ugi=alex	ip=unknown-ip-addr	cmd=get_database: default	
2024-04-24T08:13:18,735  INFO [HiveServer2-Background-Pool: Thread-327] metastore.HMSHandler: 15: Opening raw store with implementation class:org.apache.hadoop.hive.metastore.ObjectStore
2024-04-24T08:13:18,736  INFO [HiveServer2-Background-Pool: Thread-327] metastore.ObjectStore: RawStore: org.apache.hadoop.hive.metastore.ObjectStore@1e3fa235, with PersistenceManager: null will be shutdown
2024-04-24T08:13:18,736  INFO [HiveServer2-Background-Pool: Thread-327] metastore.ObjectStore: RawStore: org.apache.hadoop.hive.metastore.ObjectStore@1e3fa235, with PersistenceManager: org.datanucleus.api.jdo.JDOPersistenceManager@5b3d2f96 created in the thread with id: 327
2024-04-24T08:13:18,739  INFO [HiveServer2-Background-Pool: Thread-327] metastore.HMSHandler: Created RawStore: org.apache.hadoop.hive.metastore.ObjectStore@1e3fa235 from thread id: 327
2024-04-24T08:13:18,740  INFO [HiveServer2-Background-Pool: Thread-327] HiveMetaStore.audit: ugi=alex	ip=unknown-ip-addr	cmd=get_database: default	
2024-04-24T08:13:18,742  INFO [HiveServer2-Background-Pool: Thread-327] metadata.Hive: Dumping metastore api call timing information for : execution phase
2024-04-24T08:13:18,742  INFO [HiveServer2-Background-Pool: Thread-327] metadata.Hive: Total time spent in each metastore function (ms): {isCompatibleWith_(Configuration)=0, getDatabase_(String)=8}
2024-04-24T08:13:18,742  INFO [HiveServer2-Background-Pool: Thread-327] ql.Driver: Completed executing command(queryId=alex_20240424081318_a9abe386-5b26-41a3-bcb0-8202c7d6bb9c); Time taken: 0.009 seconds
2024-04-24T08:13:18,743  INFO [HiveServer2-Background-Pool: Thread-327] common.LogUtils: Unregistered logging context.
2024-04-24T08:13:18,744  INFO [670346a3-ded3-48b8-9a47-f3778eca6450 main] operation.OperationManager: Closing operation: OperationHandle [opType=EXECUTE_STATEMENT, getHandleIdentifier()=3413340c-15f2-4c4c-a53f-4c7c49e34303]
2024-04-24T08:13:18,744  INFO [670346a3-ded3-48b8-9a47-f3778eca6450 main] operation.OperationManager: Removed queryId: alex_20240424081318_a9abe386-5b26-41a3-bcb0-8202c7d6bb9c corresponding to operation: OperationHandle [opType=EXECUTE_STATEMENT, getHandleIdentifier()=3413340c-15f2-4c4c-a53f-4c7c49e34303] with tag: null
2024-04-24T08:13:18,744  INFO [670346a3-ded3-48b8-9a47-f3778eca6450 main] operation.SQLOperation: Closing operation log /home/alex/Repositories/hive/beeline/target/tmp/alex/operation_logs/670346a3-ded3-48b8-9a47-f3778eca6450/alex_20240424081318_a9abe386-5b26-41a3-bcb0-8202c7d6bb9c without delay
2024-04-24T08:13:18,748  INFO [main] service.CompositeService: Session closed, SessionHandle [670346a3-ded3-48b8-9a47-f3778eca6450], current sessions:0
2024-04-24T08:13:18,748  INFO [670346a3-ded3-48b8-9a47-f3778eca6450 main] session.HiveSessionImpl: Operation log session directory is deleted: /home/alex/Repositories/hive/beeline/target/tmp/alex/operation_logs/670346a3-ded3-48b8-9a47-f3778eca6450
2024-04-24T08:13:18,749  INFO [main] cleanup.EventualCleanupService: Delete /tmp/hive/alex/670346a3-ded3-48b8-9a47-f3778eca6450 operation was queued
2024-04-24T08:13:18,749  INFO [main] cleanup.EventualCleanupService: Delete /home/alex/Repositories/hive/beeline/target/tmp/alex/670346a3-ded3-48b8-9a47-f3778eca6450 operation was queued
2024-04-24T08:13:18,749  INFO [EventualCleanupService thread 1] cleanup.EventualCleanupService: Deleted /home/alex/Repositories/hive/beeline/target/tmp/alex/670346a3-ded3-48b8-9a47-f3778eca6450
2024-04-24T08:13:18,749  INFO [EventualCleanupService thread 0] cleanup.EventualCleanupService: Deleted /tmp/hive/alex/670346a3-ded3-48b8-9a47-f3778eca6450
2024-04-24T08:13:18,750  INFO [main] HiveMetaStore.audit: ugi=alex	ip=unknown-ip-addr	cmd=Cleaning up thread local RawStore...	
2024-04-24T08:13:18,750  INFO [main] metastore.ObjectStore: RawStore: org.apache.hadoop.hive.metastore.ObjectStore@70485aa, with PersistenceManager: org.datanucleus.api.jdo.JDOPersistenceManager@4bf8b77 will be shutdown
2024-04-24T08:13:18,750  INFO [main] HiveMetaStore.audit: ugi=alex	ip=unknown-ip-addr	cmd=Done cleaning up thread local RawStore	
2024-04-24T08:13:18,750  INFO [main] metastore.HiveMetaStoreClient: Closed a connection to metastore, current connections: -19
]]></system-err>
  </testcase>
  <testcase name="testUseCurrentDB3" classname="org.apache.hive.beeline.cli.TestHiveCli" time="0.332">
    <failure type="java.lang.AssertionError"><![CDATA[java.lang.AssertionError: 
The expected keyword "hive (testDB)>" occur in the output: Connecting to jdbc:hive2://
Hive Session ID = be173996-f5f4-4800-91ab-dc4dbad71514
ivysettings.xml file not found in HIVE_HOME or HIVE_CONF_DIR,/home/alex/Repositories/hive/conf/ivysettings.xml will be used
ivysettings.xml file not found in HIVE_HOME or HIVE_CONF_DIR,/home/alex/Repositories/hive/conf/ivysettings.xml will be used
Connected to: Apache Hive (version 4.0.0-SNAPSHOT)
Error: Couldn't load manifest attributes. (state=,code=0)
Transaction isolation: TRANSACTION_REPEATABLE_READ
Beeline version ??? by Apache Hive
hive> create database if not exists testDB; set hive.cli.print.current.db=true;use  testDB;
INFO  : Compiling command(queryId=alex_20240424081319_984f174b-d45c-44ff-9249-1f3f97bb59d4): create database if not exists testDB
INFO  : Semantic Analysis Completed (retrial = false)
INFO  : Created Hive schema: Schema(fieldSchemas:null, properties:null)
INFO  : Completed compiling command(queryId=alex_20240424081319_984f174b-d45c-44ff-9249-1f3f97bb59d4); Time taken: 0.007 seconds
INFO  : Concurrency mode is disabled, not creating a lock manager
INFO  : Executing command(queryId=alex_20240424081319_984f174b-d45c-44ff-9249-1f3f97bb59d4): create database if not exists testDB
INFO  : Starting task [Stage-0:DDL] in serial mode
DEBUG : Task getting executed using mapred tag : alex_20240424081319_984f174b-d45c-44ff-9249-1f3f97bb59d4,userid=null
INFO  : Completed executing command(queryId=alex_20240424081319_984f174b-d45c-44ff-9249-1f3f97bb59d4); Time taken: 0.01 seconds
DEBUG : Shutting down query create database if not exists testDB
Error: Failed to wait for operation to complete (state=08S01,code=0)
hive> use default;drop if exists testDB;
INFO  : Compiling command(queryId=alex_20240424081319_24571699-8fed-452e-b72b-b98cc5918127): use default
INFO  : Semantic Analysis Completed (retrial = false)
INFO  : Created Hive schema: Schema(fieldSchemas:null, properties:null)
INFO  : Completed compiling command(queryId=alex_20240424081319_24571699-8fed-452e-b72b-b98cc5918127); Time taken: 0.004 seconds
INFO  : Concurrency mode is disabled, not creating a lock manager
INFO  : Executing command(queryId=alex_20240424081319_24571699-8fed-452e-b72b-b98cc5918127): use default
INFO  : Starting task [Stage-0:DDL] in serial mode
DEBUG : Task getting executed using mapred tag : alex_20240424081319_24571699-8fed-452e-b72b-b98cc5918127,userid=null
INFO  : Completed executing command(queryId=alex_20240424081319_24571699-8fed-452e-b72b-b98cc5918127); Time taken: 0.012 seconds
DEBUG : Shutting down query use default
Error: Failed to wait for operation to complete (state=08S01,code=0)
hive> Closing: 0: jdbc:hive2://

	at org.junit.Assert.fail(Assert.java:89)
	at org.junit.Assert.assertTrue(Assert.java:42)
	at org.apache.hive.beeline.cli.TestHiveCli.verifyCMD(TestHiveCli.java:270)
	at org.apache.hive.beeline.cli.TestHiveCli.testUseCurrentDB3(TestHiveCli.java:226)
	at sun.reflect.NativeMethodAccessorImpl.invoke0(Native Method)
	at sun.reflect.NativeMethodAccessorImpl.invoke(NativeMethodAccessorImpl.java:62)
	at sun.reflect.DelegatingMethodAccessorImpl.invoke(DelegatingMethodAccessorImpl.java:43)
	at java.lang.reflect.Method.invoke(Method.java:498)
	at org.junit.runners.model.FrameworkMethod$1.runReflectiveCall(FrameworkMethod.java:59)
	at org.junit.internal.runners.model.ReflectiveCallable.run(ReflectiveCallable.java:12)
	at org.junit.runners.model.FrameworkMethod.invokeExplosively(FrameworkMethod.java:56)
	at org.junit.internal.runners.statements.InvokeMethod.evaluate(InvokeMethod.java:17)
	at org.junit.internal.runners.statements.RunBefores.evaluate(RunBefores.java:26)
	at org.junit.internal.runners.statements.RunAfters.evaluate(RunAfters.java:27)
	at org.junit.runners.ParentRunner$3.evaluate(ParentRunner.java:306)
	at org.junit.runners.BlockJUnit4ClassRunner$1.evaluate(BlockJUnit4ClassRunner.java:100)
	at org.junit.runners.ParentRunner.runLeaf(ParentRunner.java:366)
	at org.junit.runners.BlockJUnit4ClassRunner.runChild(BlockJUnit4ClassRunner.java:103)
	at org.junit.runners.BlockJUnit4ClassRunner.runChild(BlockJUnit4ClassRunner.java:63)
	at org.junit.runners.ParentRunner$4.run(ParentRunner.java:331)
	at org.junit.runners.ParentRunner$1.schedule(ParentRunner.java:79)
	at org.junit.runners.ParentRunner.runChildren(ParentRunner.java:329)
	at org.junit.runners.ParentRunner.access$100(ParentRunner.java:66)
	at org.junit.runners.ParentRunner$2.evaluate(ParentRunner.java:293)
	at org.junit.internal.runners.statements.RunBefores.evaluate(RunBefores.java:26)
	at org.junit.runners.ParentRunner$3.evaluate(ParentRunner.java:306)
	at org.junit.runners.ParentRunner.run(ParentRunner.java:413)
	at org.junit.runner.JUnitCore.run(JUnitCore.java:137)
	at org.junit.runner.JUnitCore.run(JUnitCore.java:115)
	at org.junit.vintage.engine.execution.RunnerExecutor.execute(RunnerExecutor.java:43)
	at java.util.stream.ForEachOps$ForEachOp$OfRef.accept(ForEachOps.java:183)
	at java.util.stream.ReferencePipeline$3$1.accept(ReferencePipeline.java:193)
	at java.util.Iterator.forEachRemaining(Iterator.java:116)
	at java.util.Spliterators$IteratorSpliterator.forEachRemaining(Spliterators.java:1801)
	at java.util.stream.AbstractPipeline.copyInto(AbstractPipeline.java:482)
	at java.util.stream.AbstractPipeline.wrapAndCopyInto(AbstractPipeline.java:472)
	at java.util.stream.ForEachOps$ForEachOp.evaluateSequential(ForEachOps.java:150)
	at java.util.stream.ForEachOps$ForEachOp$OfRef.evaluateSequential(ForEachOps.java:173)
	at java.util.stream.AbstractPipeline.evaluate(AbstractPipeline.java:234)
	at java.util.stream.ReferencePipeline.forEach(ReferencePipeline.java:485)
	at org.junit.vintage.engine.VintageTestEngine.executeAllChildren(VintageTestEngine.java:82)
	at org.junit.vintage.engine.VintageTestEngine.execute(VintageTestEngine.java:73)
	at org.junit.platform.launcher.core.DefaultLauncher.execute(DefaultLauncher.java:248)
	at org.junit.platform.launcher.core.DefaultLauncher.lambda$execute$5(DefaultLauncher.java:211)
	at org.junit.platform.launcher.core.DefaultLauncher.withInterceptedStreams(DefaultLauncher.java:226)
	at org.junit.platform.launcher.core.DefaultLauncher.execute(DefaultLauncher.java:199)
	at org.junit.platform.launcher.core.DefaultLauncher.execute(DefaultLauncher.java:132)
	at org.apache.maven.surefire.junitplatform.JUnitPlatformProvider.invokeAllTests(JUnitPlatformProvider.java:154)
	at org.apache.maven.surefire.junitplatform.JUnitPlatformProvider.invoke(JUnitPlatformProvider.java:123)
	at org.apache.maven.surefire.booter.ForkedBooter.runSuitesInProcess(ForkedBooter.java:377)
	at org.apache.maven.surefire.booter.ForkedBooter.execute(ForkedBooter.java:138)
	at org.apache.maven.surefire.booter.ForkedBooter.run(ForkedBooter.java:465)
	at org.apache.maven.surefire.booter.ForkedBooter.main(ForkedBooter.java:451)
]]></failure>
    <system-err><![CDATA[2024-04-24T08:13:18,751 ERROR [main] cli.TestHiveCli: Failed to execute command due to the error: java.lang.NullPointerException: Null output stream
2024-04-24T08:13:18,797  WARN [main] conf.HiveConf: HiveConf of name hive.dummyparam.test.server.specific.config.metastoresite does not exist
2024-04-24T08:13:18,798  WARN [main] conf.HiveConf: HiveConf of name hive.dummyparam.test.server.specific.config.hiveserver2site does not exist
2024-04-24T08:13:18,798  WARN [main] conf.HiveConf: HiveConf of name hive.dummyparam.test.server.specific.config.override does not exist
2024-04-24T08:13:18,798  INFO [main] SessionState: Hive Session ID = be173996-f5f4-4800-91ab-dc4dbad71514
2024-04-24T08:13:18,799  INFO [main] DependencyResolver: ivysettings.xml file not found in HIVE_HOME or HIVE_CONF_DIR,/home/alex/Repositories/hive/conf/ivysettings.xml will be used
2024-04-24T08:13:18,806  INFO [main] session.SessionState: Created HDFS directory: /tmp/hive/alex/be173996-f5f4-4800-91ab-dc4dbad71514
2024-04-24T08:13:18,809  INFO [main] session.SessionState: Created local directory: /home/alex/Repositories/hive/beeline/target/tmp/alex/be173996-f5f4-4800-91ab-dc4dbad71514
2024-04-24T08:13:18,811  INFO [main] session.SessionState: Created HDFS directory: /tmp/hive/alex/be173996-f5f4-4800-91ab-dc4dbad71514/_tmp_space.db
2024-04-24T08:13:18,812  INFO [main] sqlstd.SQLStdHiveAccessController: Created SQLStdHiveAccessController for session context : HiveAuthzSessionContext [sessionString=be173996-f5f4-4800-91ab-dc4dbad71514, clientType=HIVESERVER2]
2024-04-24T08:13:18,813  INFO [main] metastore.HiveMetaStoreClient: HMS client filtering is enabled.
2024-04-24T08:13:18,814  INFO [main] metastore.HMSHandler: 0: Opening raw store with implementation class:org.apache.hadoop.hive.metastore.ObjectStore
2024-04-24T08:13:18,814  INFO [main] metastore.PersistenceManagerProvider: Configuration datanucleus.autoStartMechanismMode is not set. Defaulting to 'ignored'
2024-04-24T08:13:18,815  INFO [main] metastore.ObjectStore: RawStore: org.apache.hadoop.hive.metastore.ObjectStore@18dac12f, with PersistenceManager: null will be shutdown
2024-04-24T08:13:18,815  INFO [main] metastore.ObjectStore: RawStore: org.apache.hadoop.hive.metastore.ObjectStore@18dac12f, with PersistenceManager: org.datanucleus.api.jdo.JDOPersistenceManager@36cfe107 created in the thread with id: 1
2024-04-24T08:13:18,818  INFO [main] metastore.HMSHandler: Created RawStore: org.apache.hadoop.hive.metastore.ObjectStore@18dac12f from thread id: 1
2024-04-24T08:13:18,818  INFO [main] metastore.HMSHandler: HMS server filtering is disabled by configuration
2024-04-24T08:13:18,818  INFO [main] metastore.RetryingMetaStoreClient: RetryingMetaStoreClient proxy=class org.apache.hadoop.hive.ql.metadata.SessionHiveMetaStoreClient ugi=alex (auth:SIMPLE) retries=1 delay=1 lifetime=0
2024-04-24T08:13:18,819  INFO [main] service.CompositeService: Operation log root directory is created: /home/alex/Repositories/hive/beeline/target/tmp/alex/operation_logs
2024-04-24T08:13:18,819  INFO [main] service.CompositeService: HiveServer2: Background operation thread pool size: 100
2024-04-24T08:13:18,819  INFO [main] service.CompositeService: HiveServer2: Background operation thread wait queue size: 100
2024-04-24T08:13:18,819  INFO [main] service.CompositeService: HiveServer2: Background operation thread keepalive time: 10 seconds
2024-04-24T08:13:18,819  INFO [main] service.CompositeService: Connections limit are user: 0 ipaddress: 0 user-ipaddress: 0
2024-04-24T08:13:18,821  INFO [main] cleanup.EventualCleanupService: EventualCleanupService started with 10 threads and queue of size 10000
ERROR StatusLogger Log4j2 ConfigurationScheduler attempted to increment scheduled items after start
ERROR StatusLogger Log4j2 ConfigurationScheduler attempted to increment scheduled items after start
2024-04-24T08:13:18,823  INFO [main] service.AbstractService: Service:OperationManager is inited.
2024-04-24T08:13:18,823  INFO [main] service.AbstractService: Service:SessionManager is inited.
2024-04-24T08:13:18,823  INFO [main] service.AbstractService: Service:CLIService is inited.
2024-04-24T08:13:18,823  INFO [main] service.AbstractService: Service:OperationManager is started.
2024-04-24T08:13:18,823  INFO [main] service.AbstractService: Service:SessionManager is started.
2024-04-24T08:13:18,823  INFO [main] service.AbstractService: Service:CLIService is started.
2024-04-24T08:13:18,823  INFO [main] service.AbstractService: Service:ThriftBinaryCLIService is inited.
2024-04-24T08:13:18,824  INFO [main] thrift.ThriftCLIService: Client protocol version: HIVE_CLI_SERVICE_PROTOCOL_V10
2024-04-24T08:13:18,824  INFO [main] thrift.ThriftCLIService: Creating Hive session handle for user [null] from IP null
2024-04-24T08:13:18,826  INFO [main] DependencyResolver: ivysettings.xml file not found in HIVE_HOME or HIVE_CONF_DIR,/home/alex/Repositories/hive/conf/ivysettings.xml will be used
2024-04-24T08:13:18,832  INFO [main] session.SessionState: Created HDFS directory: /tmp/hive/alex/092410ce-5081-428f-9a0e-14d98c772f24
2024-04-24T08:13:18,836  INFO [main] session.SessionState: Created local directory: /home/alex/Repositories/hive/beeline/target/tmp/alex/092410ce-5081-428f-9a0e-14d98c772f24
2024-04-24T08:13:18,839  INFO [main] session.SessionState: Created HDFS directory: /tmp/hive/alex/092410ce-5081-428f-9a0e-14d98c772f24/_tmp_space.db
2024-04-24T08:13:18,839  INFO [main] session.SessionState: Reloading auxiliary JAR files
2024-04-24T08:13:18,839  WARN [main] session.SessionState: Configuration hive.reloadable.aux.jars.path not specified
2024-04-24T08:13:18,839  INFO [main] HiveMetaStore.audit: ugi=alex	ip=unknown-ip-addr	cmd=Cleaning up thread local RawStore...	
2024-04-24T08:13:18,839  INFO [main] metastore.ObjectStore: RawStore: org.apache.hadoop.hive.metastore.ObjectStore@18dac12f, with PersistenceManager: org.datanucleus.api.jdo.JDOPersistenceManager@36cfe107 will be shutdown
2024-04-24T08:13:18,839  INFO [main] HiveMetaStore.audit: ugi=alex	ip=unknown-ip-addr	cmd=Done cleaning up thread local RawStore	
2024-04-24T08:13:18,839  INFO [main] metastore.HiveMetaStoreClient: Closed a connection to metastore, current connections: -20
2024-04-24T08:13:18,839  INFO [main] session.HiveSessionImpl: Operation log session directory is created: /home/alex/Repositories/hive/beeline/target/tmp/alex/operation_logs/092410ce-5081-428f-9a0e-14d98c772f24
2024-04-24T08:13:18,839  INFO [main] service.CompositeService: Session opened, SessionHandle [092410ce-5081-428f-9a0e-14d98c772f24], current sessions:1
2024-04-24T08:13:18,839  INFO [main] thrift.ThriftCLIService: Login attempt is successful for user : null
2024-04-24T08:13:18,888  WARN [main] conf.HiveConf: HiveConf of name hive.dummyparam.test.server.specific.config.metastoresite does not exist
2024-04-24T08:13:18,888  WARN [main] conf.HiveConf: HiveConf of name hive.dummyparam.test.server.specific.config.override does not exist
2024-04-24T08:13:18,888  WARN [main] conf.HiveConf: HiveConf of name hive.dummyparam.test.server.specific.config.hiveserver2site does not exist
2024-04-24T08:13:18,888  INFO [092410ce-5081-428f-9a0e-14d98c772f24 main] session.HiveSessionImpl: executing set
2024-04-24T08:13:18,889  INFO [092410ce-5081-428f-9a0e-14d98c772f24 main] operation.HiveCommandOperation: Putting temp output to file /home/alex/Repositories/hive/beeline/target/tmp/alex/092410ce-5081-428f-9a0e-14d98c772f241502012560606989162.pipeout and error output to file /home/alex/Repositories/hive/beeline/target/tmp/alex/092410ce-5081-428f-9a0e-14d98c772f246164111509730978987.pipeout
2024-04-24T08:13:18,889  INFO [092410ce-5081-428f-9a0e-14d98c772f24 main] operation.OperationManager: Adding operation: OperationHandle [opType=EXECUTE_STATEMENT, getHandleIdentifier()=8e10779c-84a6-485c-9f51-605a3dd3b60b] SessionHandle [092410ce-5081-428f-9a0e-14d98c772f24]
2024-04-24T08:13:18,890  INFO [092410ce-5081-428f-9a0e-14d98c772f24 main] common.LogUtils: Thread context registration is done.
DEBUG StatusLogger Building Plugin[name=filter, class=org.apache.hadoop.hive.ql.log.LogDivertAppender$NameFilter].
DEBUG StatusLogger createFilter(loggingLevel="EXECUTION")
DEBUG StatusLogger Building Plugin[name=layout, class=org.apache.logging.log4j.core.layout.PatternLayout].
DEBUG StatusLogger PatternLayout$Builder(alwaysWriteExceptions="null", footer="null", noConsoleNoAnsi="null", disableAnsi="null", Configuration(HiveLog4j2Test), header="null", Replace=null, charset="null", pattern="%-5p : %m%n", PatternSelector=null)
DEBUG StatusLogger Building Plugin[name=appender, class=org.apache.hadoop.hive.ql.log.HushableRandomAccessFileAppender].
DEBUG StatusLogger createAppender(fileName="/home/alex/Repositories/hive/beeline/target/tmp/alex/operation_logs/092410ce-5081-428f-9a0e-14d98c772f24/alex_20240424081318_7a3e4b7c-5c8c-44cb-8556-de4309ebc69f", append="null", name="query-file-appender", immediateFlush="null", bufferSize="null", ignoreExceptions="null", PatternLayout(org.apache.logging.log4j.core.layout.PatternLayout with name PatternLayout), NameFilter(org.apache.hadoop.hive.ql.log.LogDivertAppender$NameFilter with name NameFilter), advertise="null", advertiseURI="null", Configuration(HiveLog4j2Test))
DEBUG StatusLogger Starting RandomAccessFileManager /home/alex/Repositories/hive/beeline/target/tmp/alex/operation_logs/092410ce-5081-428f-9a0e-14d98c772f24/alex_20240424081318_7a3e4b7c-5c8c-44cb-8556-de4309ebc69f
DEBUG StatusLogger Building Plugin[name=, class=org.apache.hadoop.hive.ql.log.LogDivertAppenderForTest$TestFilter].
DEBUG StatusLogger createFilter()
DEBUG StatusLogger Building Plugin[name=, class=org.apache.logging.log4j.core.layout.PatternLayout].
DEBUG StatusLogger PatternLayout$Builder(PatternSelector=null, footer="null", Configuration(HiveLog4j2Test), pattern="%-5p : %m%n", alwaysWriteExceptions="null", noConsoleNoAnsi="null", disableAnsi="null", charset="null", Replace=null, header="null")
DEBUG StatusLogger Building Plugin[name=appender, class=org.apache.hadoop.hive.ql.log.HushableRandomAccessFileAppender].
DEBUG StatusLogger createAppender(fileName="/home/alex/Repositories/hive/beeline/target/tmp/alex/operation_logs/092410ce-5081-428f-9a0e-14d98c772f24/alex_20240424081318_7a3e4b7c-5c8c-44cb-8556-de4309ebc69f.test", append="null", name="test-query-file-appender", immediateFlush="null", bufferSize="null", ignoreExceptions="null", PatternLayout(org.apache.logging.log4j.core.layout.PatternLayout with name PatternLayout), test-filter(org.apache.hadoop.hive.ql.log.LogDivertAppenderForTest$TestFilter with name test-filter), advertise="null", advertiseURI="null", Configuration(HiveLog4j2Test))
DEBUG StatusLogger Starting RandomAccessFileManager /home/alex/Repositories/hive/beeline/target/tmp/alex/operation_logs/092410ce-5081-428f-9a0e-14d98c772f24/alex_20240424081318_7a3e4b7c-5c8c-44cb-8556-de4309ebc69f.test
2024-04-24T08:13:18,897  INFO [092410ce-5081-428f-9a0e-14d98c772f24 main] operation.HiveCommandOperation: [opType=EXECUTE_STATEMENT, queryId=alex_20240424081318_7a3e4b7c-5c8c-44cb-8556-de4309ebc69f, startTime=1713971598888, sessionId=092410ce-5081-428f-9a0e-14d98c772f24, createTime=1713971598824, userName=null, ipAddress=null]
2024-04-24T08:13:18,990  INFO [092410ce-5081-428f-9a0e-14d98c772f24 main] common.LogUtils: Unregistered logging context.
2024-04-24T08:13:18,993  INFO [092410ce-5081-428f-9a0e-14d98c772f24 main] operation.OperationManager: Closing operation: OperationHandle [opType=EXECUTE_STATEMENT, getHandleIdentifier()=8e10779c-84a6-485c-9f51-605a3dd3b60b]
2024-04-24T08:13:18,993  INFO [092410ce-5081-428f-9a0e-14d98c772f24 main] operation.OperationManager: Removed queryId: alex_20240424081318_7a3e4b7c-5c8c-44cb-8556-de4309ebc69f corresponding to operation: OperationHandle [opType=EXECUTE_STATEMENT, getHandleIdentifier()=8e10779c-84a6-485c-9f51-605a3dd3b60b] with tag: null
2024-04-24T08:13:18,994  INFO [092410ce-5081-428f-9a0e-14d98c772f24 main] operation.HiveCommandOperation: Closing operation log /home/alex/Repositories/hive/beeline/target/tmp/alex/operation_logs/092410ce-5081-428f-9a0e-14d98c772f24/alex_20240424081318_7a3e4b7c-5c8c-44cb-8556-de4309ebc69f without delay
2024-04-24T08:13:19,004  INFO [092410ce-5081-428f-9a0e-14d98c772f24 main] session.HiveSessionImpl: executing create database if not exists testDB
2024-04-24T08:13:19,005  INFO [092410ce-5081-428f-9a0e-14d98c772f24 main] operation.OperationManager: Adding operation: OperationHandle [opType=EXECUTE_STATEMENT, getHandleIdentifier()=29154dc3-8dcd-4b3d-9f3e-a65eadb24534] SessionHandle [092410ce-5081-428f-9a0e-14d98c772f24]
2024-04-24T08:13:19,006  INFO [092410ce-5081-428f-9a0e-14d98c772f24 main] common.LogUtils: Thread context registration is done.
DEBUG StatusLogger Building Plugin[name=filter, class=org.apache.hadoop.hive.ql.log.LogDivertAppender$NameFilter].
DEBUG StatusLogger createFilter(loggingLevel="EXECUTION")
DEBUG StatusLogger Building Plugin[name=layout, class=org.apache.logging.log4j.core.layout.PatternLayout].
DEBUG StatusLogger PatternLayout$Builder(header="null", charset="null", noConsoleNoAnsi="null", Configuration(HiveLog4j2Test), pattern="%-5p : %m%n", footer="null", Replace=null, alwaysWriteExceptions="null", PatternSelector=null, disableAnsi="null")
DEBUG StatusLogger Building Plugin[name=appender, class=org.apache.hadoop.hive.ql.log.HushableRandomAccessFileAppender].
DEBUG StatusLogger createAppender(fileName="/home/alex/Repositories/hive/beeline/target/tmp/alex/operation_logs/092410ce-5081-428f-9a0e-14d98c772f24/alex_20240424081319_984f174b-d45c-44ff-9249-1f3f97bb59d4", append="null", name="query-file-appender", immediateFlush="null", bufferSize="null", ignoreExceptions="null", PatternLayout(org.apache.logging.log4j.core.layout.PatternLayout with name PatternLayout), NameFilter(org.apache.hadoop.hive.ql.log.LogDivertAppender$NameFilter with name NameFilter), advertise="null", advertiseURI="null", Configuration(HiveLog4j2Test))
DEBUG StatusLogger Starting RandomAccessFileManager /home/alex/Repositories/hive/beeline/target/tmp/alex/operation_logs/092410ce-5081-428f-9a0e-14d98c772f24/alex_20240424081319_984f174b-d45c-44ff-9249-1f3f97bb59d4
DEBUG StatusLogger Building Plugin[name=, class=org.apache.hadoop.hive.ql.log.LogDivertAppenderForTest$TestFilter].
DEBUG StatusLogger createFilter()
DEBUG StatusLogger Building Plugin[name=, class=org.apache.logging.log4j.core.layout.PatternLayout].
DEBUG StatusLogger PatternLayout$Builder(alwaysWriteExceptions="null", noConsoleNoAnsi="null", Configuration(HiveLog4j2Test), Replace=null, disableAnsi="null", pattern="%-5p : %m%n", header="null", PatternSelector=null, charset="null", footer="null")
DEBUG StatusLogger Building Plugin[name=appender, class=org.apache.hadoop.hive.ql.log.HushableRandomAccessFileAppender].
DEBUG StatusLogger createAppender(fileName="/home/alex/Repositories/hive/beeline/target/tmp/alex/operation_logs/092410ce-5081-428f-9a0e-14d98c772f24/alex_20240424081319_984f174b-d45c-44ff-9249-1f3f97bb59d4.test", append="null", name="test-query-file-appender", immediateFlush="null", bufferSize="null", ignoreExceptions="null", PatternLayout(org.apache.logging.log4j.core.layout.PatternLayout with name PatternLayout), test-filter(org.apache.hadoop.hive.ql.log.LogDivertAppenderForTest$TestFilter with name test-filter), advertise="null", advertiseURI="null", Configuration(HiveLog4j2Test))
DEBUG StatusLogger Starting RandomAccessFileManager /home/alex/Repositories/hive/beeline/target/tmp/alex/operation_logs/092410ce-5081-428f-9a0e-14d98c772f24/alex_20240424081319_984f174b-d45c-44ff-9249-1f3f97bb59d4.test
2024-04-24T08:13:19,017  INFO [092410ce-5081-428f-9a0e-14d98c772f24 main] operation.SQLOperation: [opType=EXECUTE_STATEMENT, queryId=alex_20240424081319_984f174b-d45c-44ff-9249-1f3f97bb59d4, startTime=1713971599004, sessionId=092410ce-5081-428f-9a0e-14d98c772f24, createTime=1713971598824, userName=null, ipAddress=null]
2024-04-24T08:13:19,018  INFO [092410ce-5081-428f-9a0e-14d98c772f24 main] ql.Driver: Compiling command(queryId=alex_20240424081319_984f174b-d45c-44ff-9249-1f3f97bb59d4): create database if not exists testDB
2024-04-24T08:13:19,019  INFO [092410ce-5081-428f-9a0e-14d98c772f24 main] metastore.HiveMetaStoreClient: HMS client filtering is enabled.
2024-04-24T08:13:19,020  INFO [092410ce-5081-428f-9a0e-14d98c772f24 main] metastore.HMSHandler: 0: Opening raw store with implementation class:org.apache.hadoop.hive.metastore.ObjectStore
2024-04-24T08:13:19,020  INFO [092410ce-5081-428f-9a0e-14d98c772f24 main] metastore.PersistenceManagerProvider: Configuration datanucleus.autoStartMechanismMode is not set. Defaulting to 'ignored'
2024-04-24T08:13:19,021  INFO [092410ce-5081-428f-9a0e-14d98c772f24 main] metastore.ObjectStore: RawStore: org.apache.hadoop.hive.metastore.ObjectStore@7b598d05, with PersistenceManager: null will be shutdown
2024-04-24T08:13:19,021  INFO [092410ce-5081-428f-9a0e-14d98c772f24 main] metastore.ObjectStore: RawStore: org.apache.hadoop.hive.metastore.ObjectStore@7b598d05, with PersistenceManager: org.datanucleus.api.jdo.JDOPersistenceManager@6cc8c13c created in the thread with id: 1
2024-04-24T08:13:19,024  INFO [092410ce-5081-428f-9a0e-14d98c772f24 main] metastore.HMSHandler: Created RawStore: org.apache.hadoop.hive.metastore.ObjectStore@7b598d05 from thread id: 1
2024-04-24T08:13:19,024  INFO [092410ce-5081-428f-9a0e-14d98c772f24 main] metastore.HMSHandler: HMS server filtering is disabled by configuration
2024-04-24T08:13:19,024  INFO [092410ce-5081-428f-9a0e-14d98c772f24 main] metastore.RetryingMetaStoreClient: RetryingMetaStoreClient proxy=class org.apache.hadoop.hive.ql.metadata.SessionHiveMetaStoreClient ugi=alex (auth:SIMPLE) retries=1 delay=1 lifetime=0
2024-04-24T08:13:19,025  INFO [092410ce-5081-428f-9a0e-14d98c772f24 main] ql.Driver: Semantic Analysis Completed (retrial = false)
2024-04-24T08:13:19,025  INFO [092410ce-5081-428f-9a0e-14d98c772f24 main] ql.Driver: Created Hive schema: Schema(fieldSchemas:null, properties:null)
2024-04-24T08:13:19,025  INFO [092410ce-5081-428f-9a0e-14d98c772f24 main] metadata.Hive: Dumping metastore api call timing information for : compilation phase
2024-04-24T08:13:19,025  INFO [092410ce-5081-428f-9a0e-14d98c772f24 main] metadata.Hive: Total time spent in each metastore function (ms): {flushCache_()=1, isCompatibleWith_(Configuration)=0}
2024-04-24T08:13:19,025  INFO [092410ce-5081-428f-9a0e-14d98c772f24 main] ql.Driver: Completed compiling command(queryId=alex_20240424081319_984f174b-d45c-44ff-9249-1f3f97bb59d4); Time taken: 0.007 seconds
2024-04-24T08:13:19,027  INFO [HiveServer2-Background-Pool: Thread-350] common.LogUtils: Thread context registration is done.
2024-04-24T08:13:19,027  INFO [092410ce-5081-428f-9a0e-14d98c772f24 main] common.LogUtils: Unregistered logging context.
2024-04-24T08:13:19,027  INFO [HiveServer2-Background-Pool: Thread-350] reexec.ReExecDriver: Execution #1 of query
2024-04-24T08:13:19,027  INFO [HiveServer2-Background-Pool: Thread-350] ql.Driver: Concurrency mode is disabled, not creating a lock manager
2024-04-24T08:13:19,028  INFO [HiveServer2-Background-Pool: Thread-350] ql.Driver: Executing command(queryId=alex_20240424081319_984f174b-d45c-44ff-9249-1f3f97bb59d4): create database if not exists testDB
2024-04-24T08:13:19,028  INFO [HiveServer2-Background-Pool: Thread-350] ql.Driver: Starting task [Stage-0:DDL] in serial mode
2024-04-24T08:13:19,029  INFO [HiveServer2-Background-Pool: Thread-350] sqlstd.SQLStdHiveAccessController: Created SQLStdHiveAccessController for session context : HiveAuthzSessionContext [sessionString=092410ce-5081-428f-9a0e-14d98c772f24, clientType=HIVESERVER2]
2024-04-24T08:13:19,030  WARN [HiveServer2-Background-Pool: Thread-350] exec.DDLTask: metastore.warehouse.external.dir is not set, falling back to metastore.warehouse.dir. This could cause external tables to use to managed tablespace.
2024-04-24T08:13:19,031  INFO [HiveServer2-Background-Pool: Thread-350] HiveMetaStore.audit: ugi=alex	ip=unknown-ip-addr	cmd=create_database: Database(name:testDB, description:null, locationUri:file:/home/alex/Repositories/hive/beeline/target/tmp/warehouse/testdb.db, parameters:null, ownerName:alex, ownerType:USER, catalogName:hive, type:NATIVE)	
2024-04-24T08:13:19,032  INFO [HiveServer2-Background-Pool: Thread-350] metastore.HMSHandler: 16: Opening raw store with implementation class:org.apache.hadoop.hive.metastore.ObjectStore
2024-04-24T08:13:19,032  INFO [HiveServer2-Background-Pool: Thread-350] metastore.ObjectStore: RawStore: org.apache.hadoop.hive.metastore.ObjectStore@325d5b62, with PersistenceManager: null will be shutdown
2024-04-24T08:13:19,033  INFO [HiveServer2-Background-Pool: Thread-350] metastore.ObjectStore: RawStore: org.apache.hadoop.hive.metastore.ObjectStore@325d5b62, with PersistenceManager: org.datanucleus.api.jdo.JDOPersistenceManager@775fc34d created in the thread with id: 350
2024-04-24T08:13:19,036  INFO [HiveServer2-Background-Pool: Thread-350] metastore.HMSHandler: Created RawStore: org.apache.hadoop.hive.metastore.ObjectStore@325d5b62 from thread id: 350
2024-04-24T08:13:19,037 ERROR [HiveServer2-Background-Pool: Thread-350] metastore.RetryingHMSHandler: AlreadyExistsException(message:Database testDB already exists)
	at org.apache.hadoop.hive.metastore.HMSHandler.create_database(HMSHandler.java:1472)
	at sun.reflect.NativeMethodAccessorImpl.invoke0(Native Method)
	at sun.reflect.NativeMethodAccessorImpl.invoke(NativeMethodAccessorImpl.java:62)
	at sun.reflect.DelegatingMethodAccessorImpl.invoke(DelegatingMethodAccessorImpl.java:43)
	at java.lang.reflect.Method.invoke(Method.java:498)
	at org.apache.hadoop.hive.metastore.RetryingHMSHandler.invokeInternal(RetryingHMSHandler.java:147)
	at org.apache.hadoop.hive.metastore.RetryingHMSHandler.invoke(RetryingHMSHandler.java:108)
	at com.sun.proxy.$Proxy40.create_database(Unknown Source)
	at org.apache.hadoop.hive.metastore.HiveMetaStoreClient.createDatabase(HiveMetaStoreClient.java:1151)
	at sun.reflect.NativeMethodAccessorImpl.invoke0(Native Method)
	at sun.reflect.NativeMethodAccessorImpl.invoke(NativeMethodAccessorImpl.java:62)
	at sun.reflect.DelegatingMethodAccessorImpl.invoke(DelegatingMethodAccessorImpl.java:43)
	at java.lang.reflect.Method.invoke(Method.java:498)
	at org.apache.hadoop.hive.metastore.RetryingMetaStoreClient.invoke(RetryingMetaStoreClient.java:218)
	at com.sun.proxy.$Proxy41.createDatabase(Unknown Source)
	at org.apache.hadoop.hive.ql.metadata.Hive.createDatabase(Hive.java:605)
	at org.apache.hadoop.hive.ql.ddl.database.create.CreateDatabaseOperation.execute(CreateDatabaseOperation.java:68)
	at org.apache.hadoop.hive.ql.ddl.DDLTask.execute(DDLTask.java:84)
	at org.apache.hadoop.hive.ql.exec.Task.executeTask(Task.java:212)
	at org.apache.hadoop.hive.ql.exec.TaskRunner.runSequential(TaskRunner.java:105)
	at org.apache.hadoop.hive.ql.Executor.launchTask(Executor.java:361)
	at org.apache.hadoop.hive.ql.Executor.launchTasks(Executor.java:334)
	at org.apache.hadoop.hive.ql.Executor.runTasks(Executor.java:245)
	at org.apache.hadoop.hive.ql.Executor.execute(Executor.java:108)
	at org.apache.hadoop.hive.ql.Driver.execute(Driver.java:348)
	at org.apache.hadoop.hive.ql.Driver.runInternal(Driver.java:204)
	at org.apache.hadoop.hive.ql.Driver.run(Driver.java:153)
	at org.apache.hadoop.hive.ql.Driver.run(Driver.java:148)
	at org.apache.hadoop.hive.ql.reexec.ReExecDriver.run(ReExecDriver.java:164)
	at org.apache.hive.service.cli.operation.SQLOperation.runQuery(SQLOperation.java:233)
	at org.apache.hive.service.cli.operation.SQLOperation.access$500(SQLOperation.java:88)
	at org.apache.hive.service.cli.operation.SQLOperation$BackgroundWork$1.run(SQLOperation.java:336)
	at java.security.AccessController.doPrivileged(Native Method)
	at javax.security.auth.Subject.doAs(Subject.java:422)
	at org.apache.hadoop.security.UserGroupInformation.doAs(UserGroupInformation.java:1682)
	at org.apache.hive.service.cli.operation.SQLOperation$BackgroundWork.run(SQLOperation.java:356)
	at java.util.concurrent.Executors$RunnableAdapter.call(Executors.java:511)
	at java.util.concurrent.FutureTask.run(FutureTask.java:266)
	at java.util.concurrent.ThreadPoolExecutor.runWorker(ThreadPoolExecutor.java:1149)
	at java.util.concurrent.ThreadPoolExecutor$Worker.run(ThreadPoolExecutor.java:624)
	at java.lang.Thread.run(Thread.java:750)

2024-04-24T08:13:19,038  INFO [HiveServer2-Background-Pool: Thread-350] metadata.Hive: Dumping metastore api call timing information for : execution phase
2024-04-24T08:13:19,038  INFO [HiveServer2-Background-Pool: Thread-350] metadata.Hive: Total time spent in each metastore function (ms): {isCompatibleWith_(Configuration)=0}
2024-04-24T08:13:19,038  INFO [HiveServer2-Background-Pool: Thread-350] ql.Driver: Completed executing command(queryId=alex_20240424081319_984f174b-d45c-44ff-9249-1f3f97bb59d4); Time taken: 0.01 seconds
2024-04-24T08:13:19,039  INFO [HiveServer2-Background-Pool: Thread-350] common.LogUtils: Unregistered logging context.
2024-04-24T08:13:19,042  INFO [092410ce-5081-428f-9a0e-14d98c772f24 main] operation.OperationManager: Closing operation: OperationHandle [opType=EXECUTE_STATEMENT, getHandleIdentifier()=29154dc3-8dcd-4b3d-9f3e-a65eadb24534]
2024-04-24T08:13:19,042  INFO [092410ce-5081-428f-9a0e-14d98c772f24 main] operation.OperationManager: Removed queryId: alex_20240424081319_984f174b-d45c-44ff-9249-1f3f97bb59d4 corresponding to operation: OperationHandle [opType=EXECUTE_STATEMENT, getHandleIdentifier()=29154dc3-8dcd-4b3d-9f3e-a65eadb24534] with tag: null
2024-04-24T08:13:19,042  INFO [092410ce-5081-428f-9a0e-14d98c772f24 main] operation.SQLOperation: Closing operation log /home/alex/Repositories/hive/beeline/target/tmp/alex/operation_logs/092410ce-5081-428f-9a0e-14d98c772f24/alex_20240424081319_984f174b-d45c-44ff-9249-1f3f97bb59d4 without delay
2024-04-24T08:13:19,046  INFO [092410ce-5081-428f-9a0e-14d98c772f24 main] session.HiveSessionImpl: executing use default
2024-04-24T08:13:19,047  INFO [092410ce-5081-428f-9a0e-14d98c772f24 main] operation.OperationManager: Adding operation: OperationHandle [opType=EXECUTE_STATEMENT, getHandleIdentifier()=a4f22ea3-804b-49c7-9610-d6d231584f32] SessionHandle [092410ce-5081-428f-9a0e-14d98c772f24]
2024-04-24T08:13:19,048  INFO [092410ce-5081-428f-9a0e-14d98c772f24 main] common.LogUtils: Thread context registration is done.
DEBUG StatusLogger Building Plugin[name=filter, class=org.apache.hadoop.hive.ql.log.LogDivertAppender$NameFilter].
DEBUG StatusLogger createFilter(loggingLevel="EXECUTION")
DEBUG StatusLogger Building Plugin[name=layout, class=org.apache.logging.log4j.core.layout.PatternLayout].
DEBUG StatusLogger PatternLayout$Builder(Configuration(HiveLog4j2Test), Replace=null, charset="null", PatternSelector=null, disableAnsi="null", noConsoleNoAnsi="null", footer="null", alwaysWriteExceptions="null", header="null", pattern="%-5p : %m%n")
DEBUG StatusLogger Building Plugin[name=appender, class=org.apache.hadoop.hive.ql.log.HushableRandomAccessFileAppender].
DEBUG StatusLogger createAppender(fileName="/home/alex/Repositories/hive/beeline/target/tmp/alex/operation_logs/092410ce-5081-428f-9a0e-14d98c772f24/alex_20240424081319_24571699-8fed-452e-b72b-b98cc5918127", append="null", name="query-file-appender", immediateFlush="null", bufferSize="null", ignoreExceptions="null", PatternLayout(org.apache.logging.log4j.core.layout.PatternLayout with name PatternLayout), NameFilter(org.apache.hadoop.hive.ql.log.LogDivertAppender$NameFilter with name NameFilter), advertise="null", advertiseURI="null", Configuration(HiveLog4j2Test))
DEBUG StatusLogger Starting RandomAccessFileManager /home/alex/Repositories/hive/beeline/target/tmp/alex/operation_logs/092410ce-5081-428f-9a0e-14d98c772f24/alex_20240424081319_24571699-8fed-452e-b72b-b98cc5918127
DEBUG StatusLogger Building Plugin[name=, class=org.apache.hadoop.hive.ql.log.LogDivertAppenderForTest$TestFilter].
DEBUG StatusLogger createFilter()
DEBUG StatusLogger Building Plugin[name=, class=org.apache.logging.log4j.core.layout.PatternLayout].
DEBUG StatusLogger PatternLayout$Builder(PatternSelector=null, charset="null", noConsoleNoAnsi="null", disableAnsi="null", Configuration(HiveLog4j2Test), header="null", Replace=null, alwaysWriteExceptions="null", footer="null", pattern="%-5p : %m%n")
DEBUG StatusLogger Building Plugin[name=appender, class=org.apache.hadoop.hive.ql.log.HushableRandomAccessFileAppender].
DEBUG StatusLogger createAppender(fileName="/home/alex/Repositories/hive/beeline/target/tmp/alex/operation_logs/092410ce-5081-428f-9a0e-14d98c772f24/alex_20240424081319_24571699-8fed-452e-b72b-b98cc5918127.test", append="null", name="test-query-file-appender", immediateFlush="null", bufferSize="null", ignoreExceptions="null", PatternLayout(org.apache.logging.log4j.core.layout.PatternLayout with name PatternLayout), test-filter(org.apache.hadoop.hive.ql.log.LogDivertAppenderForTest$TestFilter with name test-filter), advertise="null", advertiseURI="null", Configuration(HiveLog4j2Test))
DEBUG StatusLogger Starting RandomAccessFileManager /home/alex/Repositories/hive/beeline/target/tmp/alex/operation_logs/092410ce-5081-428f-9a0e-14d98c772f24/alex_20240424081319_24571699-8fed-452e-b72b-b98cc5918127.test
2024-04-24T08:13:19,055  INFO [092410ce-5081-428f-9a0e-14d98c772f24 main] operation.SQLOperation: [opType=EXECUTE_STATEMENT, queryId=alex_20240424081319_24571699-8fed-452e-b72b-b98cc5918127, startTime=1713971599046, sessionId=092410ce-5081-428f-9a0e-14d98c772f24, createTime=1713971598824, userName=null, ipAddress=null]
2024-04-24T08:13:19,056  INFO [092410ce-5081-428f-9a0e-14d98c772f24 main] ql.Driver: Compiling command(queryId=alex_20240424081319_24571699-8fed-452e-b72b-b98cc5918127): use default
2024-04-24T08:13:19,057  INFO [092410ce-5081-428f-9a0e-14d98c772f24 main] HiveMetaStore.audit: ugi=alex	ip=unknown-ip-addr	cmd=get_database: default	
2024-04-24T08:13:19,060  INFO [092410ce-5081-428f-9a0e-14d98c772f24 main] ql.Driver: Semantic Analysis Completed (retrial = false)
2024-04-24T08:13:19,060  INFO [092410ce-5081-428f-9a0e-14d98c772f24 main] ql.Driver: Created Hive schema: Schema(fieldSchemas:null, properties:null)
2024-04-24T08:13:19,060  INFO [092410ce-5081-428f-9a0e-14d98c772f24 main] metadata.Hive: Dumping metastore api call timing information for : compilation phase
2024-04-24T08:13:19,060  INFO [092410ce-5081-428f-9a0e-14d98c772f24 main] metadata.Hive: Total time spent in each metastore function (ms): {isCompatibleWith_(Configuration)=0, getDatabase_(String)=2, flushCache_()=0}
2024-04-24T08:13:19,061  INFO [092410ce-5081-428f-9a0e-14d98c772f24 main] ql.Driver: Completed compiling command(queryId=alex_20240424081319_24571699-8fed-452e-b72b-b98cc5918127); Time taken: 0.004 seconds
2024-04-24T08:13:19,061  INFO [HiveServer2-Background-Pool: Thread-353] common.LogUtils: Thread context registration is done.
2024-04-24T08:13:19,061  INFO [HiveServer2-Background-Pool: Thread-353] reexec.ReExecDriver: Execution #1 of query
2024-04-24T08:13:19,061  INFO [092410ce-5081-428f-9a0e-14d98c772f24 main] common.LogUtils: Unregistered logging context.
2024-04-24T08:13:19,062  INFO [HiveServer2-Background-Pool: Thread-353] ql.Driver: Concurrency mode is disabled, not creating a lock manager
2024-04-24T08:13:19,062  INFO [HiveServer2-Background-Pool: Thread-353] ql.Driver: Executing command(queryId=alex_20240424081319_24571699-8fed-452e-b72b-b98cc5918127): use default
2024-04-24T08:13:19,063  INFO [HiveServer2-Background-Pool: Thread-353] ql.Driver: Starting task [Stage-0:DDL] in serial mode
2024-04-24T08:13:19,063  INFO [HiveServer2-Background-Pool: Thread-353] HiveMetaStore.audit: ugi=alex	ip=unknown-ip-addr	cmd=get_database: default	
2024-04-24T08:13:19,065  INFO [HiveServer2-Background-Pool: Thread-353] metastore.HMSHandler: 17: Opening raw store with implementation class:org.apache.hadoop.hive.metastore.ObjectStore
2024-04-24T08:13:19,065  INFO [HiveServer2-Background-Pool: Thread-353] metastore.ObjectStore: RawStore: org.apache.hadoop.hive.metastore.ObjectStore@5ea86f05, with PersistenceManager: null will be shutdown
2024-04-24T08:13:19,065  INFO [HiveServer2-Background-Pool: Thread-353] metastore.ObjectStore: RawStore: org.apache.hadoop.hive.metastore.ObjectStore@5ea86f05, with PersistenceManager: org.datanucleus.api.jdo.JDOPersistenceManager@1baaeab4 created in the thread with id: 353
2024-04-24T08:13:19,069  INFO [HiveServer2-Background-Pool: Thread-353] metastore.HMSHandler: Created RawStore: org.apache.hadoop.hive.metastore.ObjectStore@5ea86f05 from thread id: 353
2024-04-24T08:13:19,072  INFO [HiveServer2-Background-Pool: Thread-353] HiveMetaStore.audit: ugi=alex	ip=unknown-ip-addr	cmd=get_database: default	
2024-04-24T08:13:19,074  INFO [HiveServer2-Background-Pool: Thread-353] metadata.Hive: Dumping metastore api call timing information for : execution phase
2024-04-24T08:13:19,074  INFO [HiveServer2-Background-Pool: Thread-353] metadata.Hive: Total time spent in each metastore function (ms): {getDatabase_(String)=10, isCompatibleWith_(Configuration)=0}
2024-04-24T08:13:19,074  INFO [HiveServer2-Background-Pool: Thread-353] ql.Driver: Completed executing command(queryId=alex_20240424081319_24571699-8fed-452e-b72b-b98cc5918127); Time taken: 0.012 seconds
2024-04-24T08:13:19,075  INFO [HiveServer2-Background-Pool: Thread-353] common.LogUtils: Unregistered logging context.
2024-04-24T08:13:19,076  INFO [092410ce-5081-428f-9a0e-14d98c772f24 main] operation.OperationManager: Closing operation: OperationHandle [opType=EXECUTE_STATEMENT, getHandleIdentifier()=a4f22ea3-804b-49c7-9610-d6d231584f32]
2024-04-24T08:13:19,076  INFO [092410ce-5081-428f-9a0e-14d98c772f24 main] operation.OperationManager: Removed queryId: alex_20240424081319_24571699-8fed-452e-b72b-b98cc5918127 corresponding to operation: OperationHandle [opType=EXECUTE_STATEMENT, getHandleIdentifier()=a4f22ea3-804b-49c7-9610-d6d231584f32] with tag: null
2024-04-24T08:13:19,077  INFO [092410ce-5081-428f-9a0e-14d98c772f24 main] operation.SQLOperation: Closing operation log /home/alex/Repositories/hive/beeline/target/tmp/alex/operation_logs/092410ce-5081-428f-9a0e-14d98c772f24/alex_20240424081319_24571699-8fed-452e-b72b-b98cc5918127 without delay
2024-04-24T08:13:19,081  INFO [main] service.CompositeService: Session closed, SessionHandle [092410ce-5081-428f-9a0e-14d98c772f24], current sessions:0
2024-04-24T08:13:19,081  INFO [092410ce-5081-428f-9a0e-14d98c772f24 main] session.HiveSessionImpl: Operation log session directory is deleted: /home/alex/Repositories/hive/beeline/target/tmp/alex/operation_logs/092410ce-5081-428f-9a0e-14d98c772f24
2024-04-24T08:13:19,081  INFO [main] cleanup.EventualCleanupService: Delete /tmp/hive/alex/092410ce-5081-428f-9a0e-14d98c772f24 operation was queued
2024-04-24T08:13:19,081  INFO [main] cleanup.EventualCleanupService: Delete /home/alex/Repositories/hive/beeline/target/tmp/alex/092410ce-5081-428f-9a0e-14d98c772f24 operation was queued
2024-04-24T08:13:19,082  INFO [EventualCleanupService thread 1] cleanup.EventualCleanupService: Deleted /home/alex/Repositories/hive/beeline/target/tmp/alex/092410ce-5081-428f-9a0e-14d98c772f24
2024-04-24T08:13:19,082  INFO [EventualCleanupService thread 0] cleanup.EventualCleanupService: Deleted /tmp/hive/alex/092410ce-5081-428f-9a0e-14d98c772f24
2024-04-24T08:13:19,083  INFO [main] HiveMetaStore.audit: ugi=alex	ip=unknown-ip-addr	cmd=Cleaning up thread local RawStore...	
2024-04-24T08:13:19,083  INFO [main] metastore.ObjectStore: RawStore: org.apache.hadoop.hive.metastore.ObjectStore@7b598d05, with PersistenceManager: org.datanucleus.api.jdo.JDOPersistenceManager@6cc8c13c will be shutdown
2024-04-24T08:13:19,083  INFO [main] HiveMetaStore.audit: ugi=alex	ip=unknown-ip-addr	cmd=Done cleaning up thread local RawStore	
2024-04-24T08:13:19,083  INFO [main] metastore.HiveMetaStoreClient: Closed a connection to metastore, current connections: -21
]]></system-err>
  </testcase>
  <testcase name="testDatabaseOptions" classname="org.apache.hive.beeline.cli.TestHiveCli" time="0.423">
    <failure type="java.lang.AssertionError"><![CDATA[java.lang.AssertionError: The expected keyword "testtbl" occur in the output: 
	at org.junit.Assert.fail(Assert.java:89)
	at org.junit.Assert.assertTrue(Assert.java:42)
	at org.apache.hive.beeline.cli.TestHiveCli.verifyCMD(TestHiveCli.java:270)
	at org.apache.hive.beeline.cli.TestHiveCli.testDatabaseOptions(TestHiveCli.java:107)
	at sun.reflect.NativeMethodAccessorImpl.invoke0(Native Method)
	at sun.reflect.NativeMethodAccessorImpl.invoke(NativeMethodAccessorImpl.java:62)
	at sun.reflect.DelegatingMethodAccessorImpl.invoke(DelegatingMethodAccessorImpl.java:43)
	at java.lang.reflect.Method.invoke(Method.java:498)
	at org.junit.runners.model.FrameworkMethod$1.runReflectiveCall(FrameworkMethod.java:59)
	at org.junit.internal.runners.model.ReflectiveCallable.run(ReflectiveCallable.java:12)
	at org.junit.runners.model.FrameworkMethod.invokeExplosively(FrameworkMethod.java:56)
	at org.junit.internal.runners.statements.InvokeMethod.evaluate(InvokeMethod.java:17)
	at org.junit.internal.runners.statements.RunBefores.evaluate(RunBefores.java:26)
	at org.junit.internal.runners.statements.RunAfters.evaluate(RunAfters.java:27)
	at org.junit.runners.ParentRunner$3.evaluate(ParentRunner.java:306)
	at org.junit.runners.BlockJUnit4ClassRunner$1.evaluate(BlockJUnit4ClassRunner.java:100)
	at org.junit.runners.ParentRunner.runLeaf(ParentRunner.java:366)
	at org.junit.runners.BlockJUnit4ClassRunner.runChild(BlockJUnit4ClassRunner.java:103)
	at org.junit.runners.BlockJUnit4ClassRunner.runChild(BlockJUnit4ClassRunner.java:63)
	at org.junit.runners.ParentRunner$4.run(ParentRunner.java:331)
	at org.junit.runners.ParentRunner$1.schedule(ParentRunner.java:79)
	at org.junit.runners.ParentRunner.runChildren(ParentRunner.java:329)
	at org.junit.runners.ParentRunner.access$100(ParentRunner.java:66)
	at org.junit.runners.ParentRunner$2.evaluate(ParentRunner.java:293)
	at org.junit.internal.runners.statements.RunBefores.evaluate(RunBefores.java:26)
	at org.junit.runners.ParentRunner$3.evaluate(ParentRunner.java:306)
	at org.junit.runners.ParentRunner.run(ParentRunner.java:413)
	at org.junit.runner.JUnitCore.run(JUnitCore.java:137)
	at org.junit.runner.JUnitCore.run(JUnitCore.java:115)
	at org.junit.vintage.engine.execution.RunnerExecutor.execute(RunnerExecutor.java:43)
	at java.util.stream.ForEachOps$ForEachOp$OfRef.accept(ForEachOps.java:183)
	at java.util.stream.ReferencePipeline$3$1.accept(ReferencePipeline.java:193)
	at java.util.Iterator.forEachRemaining(Iterator.java:116)
	at java.util.Spliterators$IteratorSpliterator.forEachRemaining(Spliterators.java:1801)
	at java.util.stream.AbstractPipeline.copyInto(AbstractPipeline.java:482)
	at java.util.stream.AbstractPipeline.wrapAndCopyInto(AbstractPipeline.java:472)
	at java.util.stream.ForEachOps$ForEachOp.evaluateSequential(ForEachOps.java:150)
	at java.util.stream.ForEachOps$ForEachOp$OfRef.evaluateSequential(ForEachOps.java:173)
	at java.util.stream.AbstractPipeline.evaluate(AbstractPipeline.java:234)
	at java.util.stream.ReferencePipeline.forEach(ReferencePipeline.java:485)
	at org.junit.vintage.engine.VintageTestEngine.executeAllChildren(VintageTestEngine.java:82)
	at org.junit.vintage.engine.VintageTestEngine.execute(VintageTestEngine.java:73)
	at org.junit.platform.launcher.core.DefaultLauncher.execute(DefaultLauncher.java:248)
	at org.junit.platform.launcher.core.DefaultLauncher.lambda$execute$5(DefaultLauncher.java:211)
	at org.junit.platform.launcher.core.DefaultLauncher.withInterceptedStreams(DefaultLauncher.java:226)
	at org.junit.platform.launcher.core.DefaultLauncher.execute(DefaultLauncher.java:199)
	at org.junit.platform.launcher.core.DefaultLauncher.execute(DefaultLauncher.java:132)
	at org.apache.maven.surefire.junitplatform.JUnitPlatformProvider.invokeAllTests(JUnitPlatformProvider.java:154)
	at org.apache.maven.surefire.junitplatform.JUnitPlatformProvider.invoke(JUnitPlatformProvider.java:123)
	at org.apache.maven.surefire.booter.ForkedBooter.runSuitesInProcess(ForkedBooter.java:377)
	at org.apache.maven.surefire.booter.ForkedBooter.execute(ForkedBooter.java:138)
	at org.apache.maven.surefire.booter.ForkedBooter.run(ForkedBooter.java:465)
	at org.apache.maven.surefire.booter.ForkedBooter.main(ForkedBooter.java:451)
]]></failure>
    <system-err><![CDATA[2024-04-24T08:13:19,084 ERROR [main] cli.TestHiveCli: Failed to execute command due to the error: java.lang.NullPointerException: Null output stream
2024-04-24T08:13:19,134  WARN [main] conf.HiveConf: HiveConf of name hive.dummyparam.test.server.specific.config.hiveserver2site does not exist
2024-04-24T08:13:19,134  WARN [main] conf.HiveConf: HiveConf of name hive.dummyparam.test.server.specific.config.metastoresite does not exist
2024-04-24T08:13:19,134  WARN [main] conf.HiveConf: HiveConf of name hive.dummyparam.test.server.specific.config.override does not exist
2024-04-24T08:13:19,135  INFO [main] SessionState: Hive Session ID = 8fa76228-b2cc-4cc8-bbd5-05a760c922b8
2024-04-24T08:13:19,135  INFO [main] DependencyResolver: ivysettings.xml file not found in HIVE_HOME or HIVE_CONF_DIR,/home/alex/Repositories/hive/conf/ivysettings.xml will be used
2024-04-24T08:13:19,143  INFO [main] session.SessionState: Created HDFS directory: /tmp/hive/alex/8fa76228-b2cc-4cc8-bbd5-05a760c922b8
2024-04-24T08:13:19,146  INFO [main] session.SessionState: Created local directory: /home/alex/Repositories/hive/beeline/target/tmp/alex/8fa76228-b2cc-4cc8-bbd5-05a760c922b8
2024-04-24T08:13:19,149  INFO [main] session.SessionState: Created HDFS directory: /tmp/hive/alex/8fa76228-b2cc-4cc8-bbd5-05a760c922b8/_tmp_space.db
2024-04-24T08:13:19,149  INFO [main] sqlstd.SQLStdHiveAccessController: Created SQLStdHiveAccessController for session context : HiveAuthzSessionContext [sessionString=8fa76228-b2cc-4cc8-bbd5-05a760c922b8, clientType=HIVESERVER2]
2024-04-24T08:13:19,150  INFO [main] metastore.HiveMetaStoreClient: HMS client filtering is enabled.
2024-04-24T08:13:19,151  INFO [main] metastore.HMSHandler: 0: Opening raw store with implementation class:org.apache.hadoop.hive.metastore.ObjectStore
2024-04-24T08:13:19,151  INFO [main] metastore.PersistenceManagerProvider: Configuration datanucleus.autoStartMechanismMode is not set. Defaulting to 'ignored'
2024-04-24T08:13:19,152  INFO [main] metastore.ObjectStore: RawStore: org.apache.hadoop.hive.metastore.ObjectStore@7f4f1536, with PersistenceManager: null will be shutdown
2024-04-24T08:13:19,152  INFO [main] metastore.ObjectStore: RawStore: org.apache.hadoop.hive.metastore.ObjectStore@7f4f1536, with PersistenceManager: org.datanucleus.api.jdo.JDOPersistenceManager@1ad1b737 created in the thread with id: 1
2024-04-24T08:13:19,154  INFO [main] metastore.HMSHandler: Created RawStore: org.apache.hadoop.hive.metastore.ObjectStore@7f4f1536 from thread id: 1
2024-04-24T08:13:19,154  INFO [main] metastore.HMSHandler: HMS server filtering is disabled by configuration
2024-04-24T08:13:19,155  INFO [main] metastore.RetryingMetaStoreClient: RetryingMetaStoreClient proxy=class org.apache.hadoop.hive.ql.metadata.SessionHiveMetaStoreClient ugi=alex (auth:SIMPLE) retries=1 delay=1 lifetime=0
2024-04-24T08:13:19,155  INFO [main] service.CompositeService: Operation log root directory is created: /home/alex/Repositories/hive/beeline/target/tmp/alex/operation_logs
2024-04-24T08:13:19,155  INFO [main] service.CompositeService: HiveServer2: Background operation thread pool size: 100
2024-04-24T08:13:19,155  INFO [main] service.CompositeService: HiveServer2: Background operation thread wait queue size: 100
2024-04-24T08:13:19,155  INFO [main] service.CompositeService: HiveServer2: Background operation thread keepalive time: 10 seconds
2024-04-24T08:13:19,155  INFO [main] service.CompositeService: Connections limit are user: 0 ipaddress: 0 user-ipaddress: 0
2024-04-24T08:13:19,157  INFO [main] cleanup.EventualCleanupService: EventualCleanupService started with 10 threads and queue of size 10000
ERROR StatusLogger Log4j2 ConfigurationScheduler attempted to increment scheduled items after start
ERROR StatusLogger Log4j2 ConfigurationScheduler attempted to increment scheduled items after start
2024-04-24T08:13:19,158  INFO [main] service.AbstractService: Service:OperationManager is inited.
2024-04-24T08:13:19,158  INFO [main] service.AbstractService: Service:SessionManager is inited.
2024-04-24T08:13:19,158  INFO [main] service.AbstractService: Service:CLIService is inited.
2024-04-24T08:13:19,158  INFO [main] service.AbstractService: Service:OperationManager is started.
2024-04-24T08:13:19,158  INFO [main] service.AbstractService: Service:SessionManager is started.
2024-04-24T08:13:19,159  INFO [main] service.AbstractService: Service:CLIService is started.
2024-04-24T08:13:19,159  INFO [main] service.AbstractService: Service:ThriftBinaryCLIService is inited.
2024-04-24T08:13:19,159  INFO [main] thrift.ThriftCLIService: Client protocol version: HIVE_CLI_SERVICE_PROTOCOL_V10
2024-04-24T08:13:19,159  INFO [main] thrift.ThriftCLIService: Creating Hive session handle for user [null] from IP null
2024-04-24T08:13:19,160  INFO [main] DependencyResolver: ivysettings.xml file not found in HIVE_HOME or HIVE_CONF_DIR,/home/alex/Repositories/hive/conf/ivysettings.xml will be used
2024-04-24T08:13:19,167  INFO [main] session.SessionState: Created HDFS directory: /tmp/hive/alex/53781696-fdec-4c6b-9332-b0521d625aef
2024-04-24T08:13:19,170  INFO [main] session.SessionState: Created local directory: /home/alex/Repositories/hive/beeline/target/tmp/alex/53781696-fdec-4c6b-9332-b0521d625aef
2024-04-24T08:13:19,173  INFO [main] session.SessionState: Created HDFS directory: /tmp/hive/alex/53781696-fdec-4c6b-9332-b0521d625aef/_tmp_space.db
2024-04-24T08:13:19,173  INFO [main] session.SessionState: Reloading auxiliary JAR files
2024-04-24T08:13:19,173  WARN [main] session.SessionState: Configuration hive.reloadable.aux.jars.path not specified
2024-04-24T08:13:19,173  INFO [main] HiveMetaStore.audit: ugi=alex	ip=unknown-ip-addr	cmd=Cleaning up thread local RawStore...	
2024-04-24T08:13:19,173  INFO [main] metastore.ObjectStore: RawStore: org.apache.hadoop.hive.metastore.ObjectStore@7f4f1536, with PersistenceManager: org.datanucleus.api.jdo.JDOPersistenceManager@1ad1b737 will be shutdown
2024-04-24T08:13:19,173  INFO [main] HiveMetaStore.audit: ugi=alex	ip=unknown-ip-addr	cmd=Done cleaning up thread local RawStore	
2024-04-24T08:13:19,173  INFO [main] metastore.HiveMetaStoreClient: Closed a connection to metastore, current connections: -22
2024-04-24T08:13:19,174  INFO [main] session.HiveSessionImpl: Operation log session directory is created: /home/alex/Repositories/hive/beeline/target/tmp/alex/operation_logs/53781696-fdec-4c6b-9332-b0521d625aef
2024-04-24T08:13:19,174  INFO [main] service.CompositeService: Session opened, SessionHandle [53781696-fdec-4c6b-9332-b0521d625aef], current sessions:1
2024-04-24T08:13:19,174  INFO [main] thrift.ThriftCLIService: Login attempt is successful for user : null
2024-04-24T08:13:19,220  WARN [main] conf.HiveConf: HiveConf of name hive.dummyparam.test.server.specific.config.metastoresite does not exist
2024-04-24T08:13:19,221  WARN [main] conf.HiveConf: HiveConf of name hive.dummyparam.test.server.specific.config.override does not exist
2024-04-24T08:13:19,221  WARN [main] conf.HiveConf: HiveConf of name hive.dummyparam.test.server.specific.config.hiveserver2site does not exist
2024-04-24T08:13:19,221  INFO [53781696-fdec-4c6b-9332-b0521d625aef main] session.HiveSessionImpl: executing set
2024-04-24T08:13:19,222  INFO [53781696-fdec-4c6b-9332-b0521d625aef main] operation.HiveCommandOperation: Putting temp output to file /home/alex/Repositories/hive/beeline/target/tmp/alex/53781696-fdec-4c6b-9332-b0521d625aef3214707984552219998.pipeout and error output to file /home/alex/Repositories/hive/beeline/target/tmp/alex/53781696-fdec-4c6b-9332-b0521d625aef374959299668387030.pipeout
2024-04-24T08:13:19,222  INFO [53781696-fdec-4c6b-9332-b0521d625aef main] operation.OperationManager: Adding operation: OperationHandle [opType=EXECUTE_STATEMENT, getHandleIdentifier()=d71760a4-5636-485d-a22d-682297d10727] SessionHandle [53781696-fdec-4c6b-9332-b0521d625aef]
2024-04-24T08:13:19,223  INFO [53781696-fdec-4c6b-9332-b0521d625aef main] common.LogUtils: Thread context registration is done.
DEBUG StatusLogger Building Plugin[name=filter, class=org.apache.hadoop.hive.ql.log.LogDivertAppender$NameFilter].
DEBUG StatusLogger createFilter(loggingLevel="EXECUTION")
DEBUG StatusLogger Building Plugin[name=layout, class=org.apache.logging.log4j.core.layout.PatternLayout].
DEBUG StatusLogger PatternLayout$Builder(noConsoleNoAnsi="null", charset="null", header="null", Replace=null, Configuration(HiveLog4j2Test), pattern="%-5p : %m%n", disableAnsi="null", PatternSelector=null, alwaysWriteExceptions="null", footer="null")
DEBUG StatusLogger Building Plugin[name=appender, class=org.apache.hadoop.hive.ql.log.HushableRandomAccessFileAppender].
DEBUG StatusLogger createAppender(fileName="/home/alex/Repositories/hive/beeline/target/tmp/alex/operation_logs/53781696-fdec-4c6b-9332-b0521d625aef/alex_20240424081319_165cd29d-fd0f-4d5b-a163-92b800cf4c43", append="null", name="query-file-appender", immediateFlush="null", bufferSize="null", ignoreExceptions="null", PatternLayout(org.apache.logging.log4j.core.layout.PatternLayout with name PatternLayout), NameFilter(org.apache.hadoop.hive.ql.log.LogDivertAppender$NameFilter with name NameFilter), advertise="null", advertiseURI="null", Configuration(HiveLog4j2Test))
DEBUG StatusLogger Starting RandomAccessFileManager /home/alex/Repositories/hive/beeline/target/tmp/alex/operation_logs/53781696-fdec-4c6b-9332-b0521d625aef/alex_20240424081319_165cd29d-fd0f-4d5b-a163-92b800cf4c43
DEBUG StatusLogger Building Plugin[name=, class=org.apache.hadoop.hive.ql.log.LogDivertAppenderForTest$TestFilter].
DEBUG StatusLogger createFilter()
DEBUG StatusLogger Building Plugin[name=, class=org.apache.logging.log4j.core.layout.PatternLayout].
DEBUG StatusLogger PatternLayout$Builder(noConsoleNoAnsi="null", charset="null", Replace=null, PatternSelector=null, footer="null", header="null", disableAnsi="null", alwaysWriteExceptions="null", pattern="%-5p : %m%n", Configuration(HiveLog4j2Test))
DEBUG StatusLogger Building Plugin[name=appender, class=org.apache.hadoop.hive.ql.log.HushableRandomAccessFileAppender].
DEBUG StatusLogger createAppender(fileName="/home/alex/Repositories/hive/beeline/target/tmp/alex/operation_logs/53781696-fdec-4c6b-9332-b0521d625aef/alex_20240424081319_165cd29d-fd0f-4d5b-a163-92b800cf4c43.test", append="null", name="test-query-file-appender", immediateFlush="null", bufferSize="null", ignoreExceptions="null", PatternLayout(org.apache.logging.log4j.core.layout.PatternLayout with name PatternLayout), test-filter(org.apache.hadoop.hive.ql.log.LogDivertAppenderForTest$TestFilter with name test-filter), advertise="null", advertiseURI="null", Configuration(HiveLog4j2Test))
DEBUG StatusLogger Starting RandomAccessFileManager /home/alex/Repositories/hive/beeline/target/tmp/alex/operation_logs/53781696-fdec-4c6b-9332-b0521d625aef/alex_20240424081319_165cd29d-fd0f-4d5b-a163-92b800cf4c43.test
2024-04-24T08:13:19,230  INFO [53781696-fdec-4c6b-9332-b0521d625aef main] operation.HiveCommandOperation: [opType=EXECUTE_STATEMENT, queryId=alex_20240424081319_165cd29d-fd0f-4d5b-a163-92b800cf4c43, startTime=1713971599221, sessionId=53781696-fdec-4c6b-9332-b0521d625aef, createTime=1713971599159, userName=null, ipAddress=null]
2024-04-24T08:13:19,341  INFO [53781696-fdec-4c6b-9332-b0521d625aef main] common.LogUtils: Unregistered logging context.
2024-04-24T08:13:19,345  INFO [53781696-fdec-4c6b-9332-b0521d625aef main] operation.OperationManager: Closing operation: OperationHandle [opType=EXECUTE_STATEMENT, getHandleIdentifier()=d71760a4-5636-485d-a22d-682297d10727]
2024-04-24T08:13:19,345  INFO [53781696-fdec-4c6b-9332-b0521d625aef main] operation.OperationManager: Removed queryId: alex_20240424081319_165cd29d-fd0f-4d5b-a163-92b800cf4c43 corresponding to operation: OperationHandle [opType=EXECUTE_STATEMENT, getHandleIdentifier()=d71760a4-5636-485d-a22d-682297d10727] with tag: null
2024-04-24T08:13:19,346  INFO [53781696-fdec-4c6b-9332-b0521d625aef main] operation.HiveCommandOperation: Closing operation log /home/alex/Repositories/hive/beeline/target/tmp/alex/operation_logs/53781696-fdec-4c6b-9332-b0521d625aef/alex_20240424081319_165cd29d-fd0f-4d5b-a163-92b800cf4c43 without delay
2024-04-24T08:13:19,349  INFO [53781696-fdec-4c6b-9332-b0521d625aef main] session.HiveSessionImpl: executing use test
2024-04-24T08:13:19,350  INFO [53781696-fdec-4c6b-9332-b0521d625aef main] operation.OperationManager: Adding operation: OperationHandle [opType=EXECUTE_STATEMENT, getHandleIdentifier()=8a88814f-73f8-423a-9ecc-c78801bcdbf4] SessionHandle [53781696-fdec-4c6b-9332-b0521d625aef]
2024-04-24T08:13:19,350  INFO [53781696-fdec-4c6b-9332-b0521d625aef main] common.LogUtils: Thread context registration is done.
DEBUG StatusLogger Building Plugin[name=filter, class=org.apache.hadoop.hive.ql.log.LogDivertAppender$NameFilter].
DEBUG StatusLogger createFilter(loggingLevel="EXECUTION")
DEBUG StatusLogger Building Plugin[name=layout, class=org.apache.logging.log4j.core.layout.PatternLayout].
DEBUG StatusLogger PatternLayout$Builder(charset="null", alwaysWriteExceptions="null", PatternSelector=null, Replace=null, disableAnsi="null", Configuration(HiveLog4j2Test), footer="null", pattern="%-5p : %m%n", header="null", noConsoleNoAnsi="null")
DEBUG StatusLogger Building Plugin[name=appender, class=org.apache.hadoop.hive.ql.log.HushableRandomAccessFileAppender].
DEBUG StatusLogger createAppender(fileName="/home/alex/Repositories/hive/beeline/target/tmp/alex/operation_logs/53781696-fdec-4c6b-9332-b0521d625aef/alex_20240424081319_8f337b2c-3fd1-4baf-be75-0ba60b13feab", append="null", name="query-file-appender", immediateFlush="null", bufferSize="null", ignoreExceptions="null", PatternLayout(org.apache.logging.log4j.core.layout.PatternLayout with name PatternLayout), NameFilter(org.apache.hadoop.hive.ql.log.LogDivertAppender$NameFilter with name NameFilter), advertise="null", advertiseURI="null", Configuration(HiveLog4j2Test))
DEBUG StatusLogger Starting RandomAccessFileManager /home/alex/Repositories/hive/beeline/target/tmp/alex/operation_logs/53781696-fdec-4c6b-9332-b0521d625aef/alex_20240424081319_8f337b2c-3fd1-4baf-be75-0ba60b13feab
DEBUG StatusLogger Building Plugin[name=, class=org.apache.hadoop.hive.ql.log.LogDivertAppenderForTest$TestFilter].
DEBUG StatusLogger createFilter()
DEBUG StatusLogger Building Plugin[name=, class=org.apache.logging.log4j.core.layout.PatternLayout].
DEBUG StatusLogger PatternLayout$Builder(alwaysWriteExceptions="null", charset="null", header="null", Configuration(HiveLog4j2Test), PatternSelector=null, disableAnsi="null", footer="null", noConsoleNoAnsi="null", Replace=null, pattern="%-5p : %m%n")
DEBUG StatusLogger Building Plugin[name=appender, class=org.apache.hadoop.hive.ql.log.HushableRandomAccessFileAppender].
DEBUG StatusLogger createAppender(fileName="/home/alex/Repositories/hive/beeline/target/tmp/alex/operation_logs/53781696-fdec-4c6b-9332-b0521d625aef/alex_20240424081319_8f337b2c-3fd1-4baf-be75-0ba60b13feab.test", append="null", name="test-query-file-appender", immediateFlush="null", bufferSize="null", ignoreExceptions="null", PatternLayout(org.apache.logging.log4j.core.layout.PatternLayout with name PatternLayout), test-filter(org.apache.hadoop.hive.ql.log.LogDivertAppenderForTest$TestFilter with name test-filter), advertise="null", advertiseURI="null", Configuration(HiveLog4j2Test))
DEBUG StatusLogger Starting RandomAccessFileManager /home/alex/Repositories/hive/beeline/target/tmp/alex/operation_logs/53781696-fdec-4c6b-9332-b0521d625aef/alex_20240424081319_8f337b2c-3fd1-4baf-be75-0ba60b13feab.test
2024-04-24T08:13:19,360  INFO [53781696-fdec-4c6b-9332-b0521d625aef main] operation.SQLOperation: [opType=EXECUTE_STATEMENT, queryId=alex_20240424081319_8f337b2c-3fd1-4baf-be75-0ba60b13feab, startTime=1713971599349, sessionId=53781696-fdec-4c6b-9332-b0521d625aef, createTime=1713971599159, userName=null, ipAddress=null]
2024-04-24T08:13:19,361  INFO [53781696-fdec-4c6b-9332-b0521d625aef main] ql.Driver: Compiling command(queryId=alex_20240424081319_8f337b2c-3fd1-4baf-be75-0ba60b13feab): use test
2024-04-24T08:13:19,363  INFO [53781696-fdec-4c6b-9332-b0521d625aef main] metastore.HiveMetaStoreClient: HMS client filtering is enabled.
2024-04-24T08:13:19,364  INFO [53781696-fdec-4c6b-9332-b0521d625aef main] metastore.HMSHandler: 0: Opening raw store with implementation class:org.apache.hadoop.hive.metastore.ObjectStore
2024-04-24T08:13:19,364  INFO [53781696-fdec-4c6b-9332-b0521d625aef main] metastore.PersistenceManagerProvider: Configuration datanucleus.autoStartMechanismMode is not set. Defaulting to 'ignored'
2024-04-24T08:13:19,365  INFO [53781696-fdec-4c6b-9332-b0521d625aef main] metastore.ObjectStore: RawStore: org.apache.hadoop.hive.metastore.ObjectStore@334b392d, with PersistenceManager: null will be shutdown
2024-04-24T08:13:19,365  INFO [53781696-fdec-4c6b-9332-b0521d625aef main] metastore.ObjectStore: RawStore: org.apache.hadoop.hive.metastore.ObjectStore@334b392d, with PersistenceManager: org.datanucleus.api.jdo.JDOPersistenceManager@59f7c106 created in the thread with id: 1
2024-04-24T08:13:19,368  INFO [53781696-fdec-4c6b-9332-b0521d625aef main] metastore.HMSHandler: Created RawStore: org.apache.hadoop.hive.metastore.ObjectStore@334b392d from thread id: 1
2024-04-24T08:13:19,369  INFO [53781696-fdec-4c6b-9332-b0521d625aef main] metastore.HMSHandler: HMS server filtering is disabled by configuration
2024-04-24T08:13:19,369  INFO [53781696-fdec-4c6b-9332-b0521d625aef main] metastore.RetryingMetaStoreClient: RetryingMetaStoreClient proxy=class org.apache.hadoop.hive.ql.metadata.SessionHiveMetaStoreClient ugi=alex (auth:SIMPLE) retries=1 delay=1 lifetime=0
2024-04-24T08:13:19,369  INFO [53781696-fdec-4c6b-9332-b0521d625aef main] HiveMetaStore.audit: ugi=alex	ip=unknown-ip-addr	cmd=get_database: test	
2024-04-24T08:13:19,371  INFO [53781696-fdec-4c6b-9332-b0521d625aef main] ql.Driver: Semantic Analysis Completed (retrial = false)
2024-04-24T08:13:19,371  INFO [53781696-fdec-4c6b-9332-b0521d625aef main] ql.Driver: Created Hive schema: Schema(fieldSchemas:null, properties:null)
2024-04-24T08:13:19,371  INFO [53781696-fdec-4c6b-9332-b0521d625aef main] metadata.Hive: Dumping metastore api call timing information for : compilation phase
2024-04-24T08:13:19,371  INFO [53781696-fdec-4c6b-9332-b0521d625aef main] metadata.Hive: Total time spent in each metastore function (ms): {getDatabase_(String)=2, isCompatibleWith_(Configuration)=0, flushCache_()=0}
2024-04-24T08:13:19,372  INFO [53781696-fdec-4c6b-9332-b0521d625aef main] ql.Driver: Completed compiling command(queryId=alex_20240424081319_8f337b2c-3fd1-4baf-be75-0ba60b13feab); Time taken: 0.01 seconds
2024-04-24T08:13:19,374  INFO [HiveServer2-Background-Pool: Thread-376] common.LogUtils: Thread context registration is done.
2024-04-24T08:13:19,374  INFO [53781696-fdec-4c6b-9332-b0521d625aef main] common.LogUtils: Unregistered logging context.
2024-04-24T08:13:19,374  INFO [HiveServer2-Background-Pool: Thread-376] reexec.ReExecDriver: Execution #1 of query
2024-04-24T08:13:19,374  INFO [HiveServer2-Background-Pool: Thread-376] ql.Driver: Concurrency mode is disabled, not creating a lock manager
2024-04-24T08:13:19,376  INFO [HiveServer2-Background-Pool: Thread-376] ql.Driver: Executing command(queryId=alex_20240424081319_8f337b2c-3fd1-4baf-be75-0ba60b13feab): use test
2024-04-24T08:13:19,377  INFO [HiveServer2-Background-Pool: Thread-376] ql.Driver: Starting task [Stage-0:DDL] in serial mode
2024-04-24T08:13:19,378  INFO [HiveServer2-Background-Pool: Thread-376] HiveMetaStore.audit: ugi=alex	ip=unknown-ip-addr	cmd=get_database: test	
2024-04-24T08:13:19,380  INFO [HiveServer2-Background-Pool: Thread-376] metastore.HMSHandler: 18: Opening raw store with implementation class:org.apache.hadoop.hive.metastore.ObjectStore
2024-04-24T08:13:19,381  INFO [HiveServer2-Background-Pool: Thread-376] metastore.ObjectStore: RawStore: org.apache.hadoop.hive.metastore.ObjectStore@1d1df53a, with PersistenceManager: null will be shutdown
2024-04-24T08:13:19,381  INFO [HiveServer2-Background-Pool: Thread-376] metastore.ObjectStore: RawStore: org.apache.hadoop.hive.metastore.ObjectStore@1d1df53a, with PersistenceManager: org.datanucleus.api.jdo.JDOPersistenceManager@581f68fd created in the thread with id: 376
2024-04-24T08:13:19,385  INFO [HiveServer2-Background-Pool: Thread-376] metastore.HMSHandler: Created RawStore: org.apache.hadoop.hive.metastore.ObjectStore@1d1df53a from thread id: 376
2024-04-24T08:13:19,387  INFO [HiveServer2-Background-Pool: Thread-376] HiveMetaStore.audit: ugi=alex	ip=unknown-ip-addr	cmd=get_database: test	
2024-04-24T08:13:19,390  INFO [HiveServer2-Background-Pool: Thread-376] metadata.Hive: Dumping metastore api call timing information for : execution phase
2024-04-24T08:13:19,390  INFO [HiveServer2-Background-Pool: Thread-376] metadata.Hive: Total time spent in each metastore function (ms): {getDatabase_(String)=12, isCompatibleWith_(Configuration)=0}
2024-04-24T08:13:19,391  INFO [HiveServer2-Background-Pool: Thread-376] ql.Driver: Completed executing command(queryId=alex_20240424081319_8f337b2c-3fd1-4baf-be75-0ba60b13feab); Time taken: 0.014 seconds
2024-04-24T08:13:19,392  INFO [HiveServer2-Background-Pool: Thread-376] common.LogUtils: Unregistered logging context.
2024-04-24T08:13:19,397  INFO [53781696-fdec-4c6b-9332-b0521d625aef main] operation.OperationManager: Closing operation: OperationHandle [opType=EXECUTE_STATEMENT, getHandleIdentifier()=8a88814f-73f8-423a-9ecc-c78801bcdbf4]
2024-04-24T08:13:19,397  INFO [53781696-fdec-4c6b-9332-b0521d625aef main] operation.OperationManager: Removed queryId: alex_20240424081319_8f337b2c-3fd1-4baf-be75-0ba60b13feab corresponding to operation: OperationHandle [opType=EXECUTE_STATEMENT, getHandleIdentifier()=8a88814f-73f8-423a-9ecc-c78801bcdbf4] with tag: null
2024-04-24T08:13:19,397  INFO [53781696-fdec-4c6b-9332-b0521d625aef main] operation.SQLOperation: Closing operation log /home/alex/Repositories/hive/beeline/target/tmp/alex/operation_logs/53781696-fdec-4c6b-9332-b0521d625aef/alex_20240424081319_8f337b2c-3fd1-4baf-be75-0ba60b13feab without delay
2024-04-24T08:13:19,407  INFO [53781696-fdec-4c6b-9332-b0521d625aef main] session.HiveSessionImpl: executing show tables
2024-04-24T08:13:19,409  INFO [53781696-fdec-4c6b-9332-b0521d625aef main] operation.OperationManager: Adding operation: OperationHandle [opType=EXECUTE_STATEMENT, getHandleIdentifier()=c7ffc61d-d605-4ab9-b29e-1277c17f06ac] SessionHandle [53781696-fdec-4c6b-9332-b0521d625aef]
2024-04-24T08:13:19,410  INFO [53781696-fdec-4c6b-9332-b0521d625aef main] common.LogUtils: Thread context registration is done.
DEBUG StatusLogger Building Plugin[name=filter, class=org.apache.hadoop.hive.ql.log.LogDivertAppender$NameFilter].
DEBUG StatusLogger createFilter(loggingLevel="EXECUTION")
DEBUG StatusLogger Building Plugin[name=layout, class=org.apache.logging.log4j.core.layout.PatternLayout].
DEBUG StatusLogger PatternLayout$Builder(header="null", Replace=null, PatternSelector=null, Configuration(HiveLog4j2Test), footer="null", alwaysWriteExceptions="null", disableAnsi="null", charset="null", noConsoleNoAnsi="null", pattern="%-5p : %m%n")
DEBUG StatusLogger Building Plugin[name=appender, class=org.apache.hadoop.hive.ql.log.HushableRandomAccessFileAppender].
DEBUG StatusLogger createAppender(fileName="/home/alex/Repositories/hive/beeline/target/tmp/alex/operation_logs/53781696-fdec-4c6b-9332-b0521d625aef/alex_20240424081319_01d9837c-ae2e-40e4-b211-ad0f4a84091a", append="null", name="query-file-appender", immediateFlush="null", bufferSize="null", ignoreExceptions="null", PatternLayout(org.apache.logging.log4j.core.layout.PatternLayout with name PatternLayout), NameFilter(org.apache.hadoop.hive.ql.log.LogDivertAppender$NameFilter with name NameFilter), advertise="null", advertiseURI="null", Configuration(HiveLog4j2Test))
DEBUG StatusLogger Starting RandomAccessFileManager /home/alex/Repositories/hive/beeline/target/tmp/alex/operation_logs/53781696-fdec-4c6b-9332-b0521d625aef/alex_20240424081319_01d9837c-ae2e-40e4-b211-ad0f4a84091a
DEBUG StatusLogger Building Plugin[name=, class=org.apache.hadoop.hive.ql.log.LogDivertAppenderForTest$TestFilter].
DEBUG StatusLogger createFilter()
DEBUG StatusLogger Building Plugin[name=, class=org.apache.logging.log4j.core.layout.PatternLayout].
DEBUG StatusLogger PatternLayout$Builder(footer="null", Configuration(HiveLog4j2Test), noConsoleNoAnsi="null", header="null", PatternSelector=null, charset="null", disableAnsi="null", Replace=null, alwaysWriteExceptions="null", pattern="%-5p : %m%n")
DEBUG StatusLogger Building Plugin[name=appender, class=org.apache.hadoop.hive.ql.log.HushableRandomAccessFileAppender].
DEBUG StatusLogger createAppender(fileName="/home/alex/Repositories/hive/beeline/target/tmp/alex/operation_logs/53781696-fdec-4c6b-9332-b0521d625aef/alex_20240424081319_01d9837c-ae2e-40e4-b211-ad0f4a84091a.test", append="null", name="test-query-file-appender", immediateFlush="null", bufferSize="null", ignoreExceptions="null", PatternLayout(org.apache.logging.log4j.core.layout.PatternLayout with name PatternLayout), test-filter(org.apache.hadoop.hive.ql.log.LogDivertAppenderForTest$TestFilter with name test-filter), advertise="null", advertiseURI="null", Configuration(HiveLog4j2Test))
DEBUG StatusLogger Starting RandomAccessFileManager /home/alex/Repositories/hive/beeline/target/tmp/alex/operation_logs/53781696-fdec-4c6b-9332-b0521d625aef/alex_20240424081319_01d9837c-ae2e-40e4-b211-ad0f4a84091a.test
2024-04-24T08:13:19,418  INFO [53781696-fdec-4c6b-9332-b0521d625aef main] operation.SQLOperation: [opType=EXECUTE_STATEMENT, queryId=alex_20240424081319_01d9837c-ae2e-40e4-b211-ad0f4a84091a, startTime=1713971599407, sessionId=53781696-fdec-4c6b-9332-b0521d625aef, createTime=1713971599159, userName=null, ipAddress=null]
2024-04-24T08:13:19,419  INFO [53781696-fdec-4c6b-9332-b0521d625aef main] ql.Driver: Compiling command(queryId=alex_20240424081319_01d9837c-ae2e-40e4-b211-ad0f4a84091a): show tables
2024-04-24T08:13:19,426  INFO [53781696-fdec-4c6b-9332-b0521d625aef main] HiveMetaStore.audit: ugi=alex	ip=unknown-ip-addr	cmd=get_database: test	
2024-04-24T08:13:19,428  INFO [53781696-fdec-4c6b-9332-b0521d625aef main] ql.Driver: Semantic Analysis Completed (retrial = false)
2024-04-24T08:13:19,428  INFO [53781696-fdec-4c6b-9332-b0521d625aef main] ql.Driver: Created Hive schema: Schema(fieldSchemas:[FieldSchema(name:tab_name, type:string, comment:from deserializer)], properties:null)
2024-04-24T08:13:19,430  INFO [53781696-fdec-4c6b-9332-b0521d625aef main] exec.ListSinkOperator: Initializing Operator: LIST_SINK[0]
2024-04-24T08:13:19,430  INFO [53781696-fdec-4c6b-9332-b0521d625aef main] metadata.Hive: Dumping metastore api call timing information for : compilation phase
2024-04-24T08:13:19,431  INFO [53781696-fdec-4c6b-9332-b0521d625aef main] metadata.Hive: Total time spent in each metastore function (ms): {getDatabase_(String)=3, isCompatibleWith_(Configuration)=0, flushCache_()=0}
2024-04-24T08:13:19,431  INFO [53781696-fdec-4c6b-9332-b0521d625aef main] ql.Driver: Completed compiling command(queryId=alex_20240424081319_01d9837c-ae2e-40e4-b211-ad0f4a84091a); Time taken: 0.011 seconds
2024-04-24T08:13:19,432  INFO [HiveServer2-Background-Pool: Thread-380] common.LogUtils: Thread context registration is done.
2024-04-24T08:13:19,432  INFO [53781696-fdec-4c6b-9332-b0521d625aef main] common.LogUtils: Unregistered logging context.
2024-04-24T08:13:19,432  INFO [HiveServer2-Background-Pool: Thread-380] reexec.ReExecDriver: Execution #1 of query
2024-04-24T08:13:19,433  INFO [HiveServer2-Background-Pool: Thread-380] ql.Driver: Concurrency mode is disabled, not creating a lock manager
2024-04-24T08:13:19,434  INFO [HiveServer2-Background-Pool: Thread-380] ql.Driver: Executing command(queryId=alex_20240424081319_01d9837c-ae2e-40e4-b211-ad0f4a84091a): show tables
2024-04-24T08:13:19,435  INFO [HiveServer2-Background-Pool: Thread-380] ql.Driver: Starting task [Stage-0:DDL] in serial mode
2024-04-24T08:13:19,436  INFO [HiveServer2-Background-Pool: Thread-380] HiveMetaStore.audit: ugi=alex	ip=unknown-ip-addr	cmd=get_database: test	
2024-04-24T08:13:19,437  INFO [HiveServer2-Background-Pool: Thread-380] metastore.HMSHandler: 19: Opening raw store with implementation class:org.apache.hadoop.hive.metastore.ObjectStore
2024-04-24T08:13:19,438  INFO [HiveServer2-Background-Pool: Thread-380] metastore.ObjectStore: RawStore: org.apache.hadoop.hive.metastore.ObjectStore@57b2627f, with PersistenceManager: null will be shutdown
2024-04-24T08:13:19,438  INFO [HiveServer2-Background-Pool: Thread-380] metastore.ObjectStore: RawStore: org.apache.hadoop.hive.metastore.ObjectStore@57b2627f, with PersistenceManager: org.datanucleus.api.jdo.JDOPersistenceManager@12b0e6ed created in the thread with id: 380
2024-04-24T08:13:19,442  INFO [HiveServer2-Background-Pool: Thread-380] metastore.HMSHandler: Created RawStore: org.apache.hadoop.hive.metastore.ObjectStore@57b2627f from thread id: 380
2024-04-24T08:13:19,445  INFO [HiveServer2-Background-Pool: Thread-380] HiveMetaStore.audit: ugi=alex	ip=unknown-ip-addr	cmd=get_multi_table : db=test tbls=null	
2024-04-24T08:13:19,459  INFO [HiveServer2-Background-Pool: Thread-380] sqlstd.SQLStdHiveAccessController: Created SQLStdHiveAccessController for session context : HiveAuthzSessionContext [sessionString=53781696-fdec-4c6b-9332-b0521d625aef, clientType=HIVESERVER2]
2024-04-24T08:13:19,466  INFO [HiveServer2-Background-Pool: Thread-380] metadata.Hive: Dumping metastore api call timing information for : execution phase
2024-04-24T08:13:19,493  INFO [HiveServer2-Background-Pool: Thread-380] metadata.Hive: Total time spent in each metastore function (ms): {isCompatibleWith_(Configuration)=0, getTables_(String, String)=15, getDatabase_(String)=9}
2024-04-24T08:13:19,493  INFO [HiveServer2-Background-Pool: Thread-380] ql.Driver: Completed executing command(queryId=alex_20240424081319_01d9837c-ae2e-40e4-b211-ad0f4a84091a); Time taken: 0.032 seconds
2024-04-24T08:13:19,495  INFO [HiveServer2-Background-Pool: Thread-380] common.LogUtils: Unregistered logging context.
2024-04-24T08:13:19,497  INFO [53781696-fdec-4c6b-9332-b0521d625aef main] operation.OperationManager: Closing operation: OperationHandle [opType=EXECUTE_STATEMENT, getHandleIdentifier()=c7ffc61d-d605-4ab9-b29e-1277c17f06ac]
2024-04-24T08:13:19,497  INFO [53781696-fdec-4c6b-9332-b0521d625aef main] operation.OperationManager: Removed queryId: alex_20240424081319_01d9837c-ae2e-40e4-b211-ad0f4a84091a corresponding to operation: OperationHandle [opType=EXECUTE_STATEMENT, getHandleIdentifier()=c7ffc61d-d605-4ab9-b29e-1277c17f06ac] with tag: null
2024-04-24T08:13:19,498  INFO [53781696-fdec-4c6b-9332-b0521d625aef main] ql.Context: Deleting scratch dir: file:/home/alex/Repositories/hive/beeline/target/tmp/alex/53781696-fdec-4c6b-9332-b0521d625aef/hive_2024-04-24_08-13-19_419_4898639829452135179-1
2024-04-24T08:13:19,498  INFO [53781696-fdec-4c6b-9332-b0521d625aef main] cleanup.EventualCleanupService: Delete file:/home/alex/Repositories/hive/beeline/target/tmp/alex/53781696-fdec-4c6b-9332-b0521d625aef/hive_2024-04-24_08-13-19_419_4898639829452135179-1 operation was queued
2024-04-24T08:13:19,498  INFO [53781696-fdec-4c6b-9332-b0521d625aef main] exec.ListSinkOperator: Closing Operator: LIST_SINK[0]
2024-04-24T08:13:19,498  INFO [53781696-fdec-4c6b-9332-b0521d625aef main] exec.ListSinkOperator: RECORDS_OUT_OPERATOR_LIST_SINK_0:0, RECORDS_OUT_INTERMEDIATE:0, 
2024-04-24T08:13:19,498  INFO [53781696-fdec-4c6b-9332-b0521d625aef main] operation.SQLOperation: Closing operation log /home/alex/Repositories/hive/beeline/target/tmp/alex/operation_logs/53781696-fdec-4c6b-9332-b0521d625aef/alex_20240424081319_01d9837c-ae2e-40e4-b211-ad0f4a84091a without delay
2024-04-24T08:13:19,498  INFO [EventualCleanupService thread 0] cleanup.EventualCleanupService: Deleted file:/home/alex/Repositories/hive/beeline/target/tmp/alex/53781696-fdec-4c6b-9332-b0521d625aef/hive_2024-04-24_08-13-19_419_4898639829452135179-1
2024-04-24T08:13:19,502  INFO [main] service.CompositeService: Session closed, SessionHandle [53781696-fdec-4c6b-9332-b0521d625aef], current sessions:0
2024-04-24T08:13:19,503  INFO [53781696-fdec-4c6b-9332-b0521d625aef main] session.HiveSessionImpl: Operation log session directory is deleted: /home/alex/Repositories/hive/beeline/target/tmp/alex/operation_logs/53781696-fdec-4c6b-9332-b0521d625aef
2024-04-24T08:13:19,504  INFO [main] cleanup.EventualCleanupService: Delete /tmp/hive/alex/53781696-fdec-4c6b-9332-b0521d625aef operation was queued
2024-04-24T08:13:19,504  INFO [main] cleanup.EventualCleanupService: Delete /home/alex/Repositories/hive/beeline/target/tmp/alex/53781696-fdec-4c6b-9332-b0521d625aef operation was queued
2024-04-24T08:13:19,505  INFO [EventualCleanupService thread 2] cleanup.EventualCleanupService: Deleted /home/alex/Repositories/hive/beeline/target/tmp/alex/53781696-fdec-4c6b-9332-b0521d625aef
2024-04-24T08:13:19,505  INFO [EventualCleanupService thread 1] cleanup.EventualCleanupService: Deleted /tmp/hive/alex/53781696-fdec-4c6b-9332-b0521d625aef
2024-04-24T08:13:19,505  INFO [main] HiveMetaStore.audit: ugi=alex	ip=unknown-ip-addr	cmd=Cleaning up thread local RawStore...	
2024-04-24T08:13:19,506  INFO [main] metastore.ObjectStore: RawStore: org.apache.hadoop.hive.metastore.ObjectStore@334b392d, with PersistenceManager: org.datanucleus.api.jdo.JDOPersistenceManager@59f7c106 will be shutdown
2024-04-24T08:13:19,506  INFO [main] HiveMetaStore.audit: ugi=alex	ip=unknown-ip-addr	cmd=Done cleaning up thread local RawStore	
2024-04-24T08:13:19,506  INFO [main] metastore.HiveMetaStoreClient: Closed a connection to metastore, current connections: -23
]]></system-err>
  </testcase>
  <testcase name="testNoErrorDB" classname="org.apache.hive.beeline.cli.TestHiveCli" time="0.302">
    <failure type="java.lang.AssertionError"><![CDATA[java.lang.AssertionError: Supported return code is 0 while the actual is 1
	at org.junit.Assert.fail(Assert.java:89)
	at org.apache.hive.beeline.cli.TestHiveCli.executeCMD(TestHiveCli.java:256)
	at org.apache.hive.beeline.cli.TestHiveCli.verifyCMD(TestHiveCli.java:266)
	at org.apache.hive.beeline.cli.TestHiveCli.testNoErrorDB(TestHiveCli.java:239)
	at sun.reflect.NativeMethodAccessorImpl.invoke0(Native Method)
	at sun.reflect.NativeMethodAccessorImpl.invoke(NativeMethodAccessorImpl.java:62)
	at sun.reflect.DelegatingMethodAccessorImpl.invoke(DelegatingMethodAccessorImpl.java:43)
	at java.lang.reflect.Method.invoke(Method.java:498)
	at org.junit.runners.model.FrameworkMethod$1.runReflectiveCall(FrameworkMethod.java:59)
	at org.junit.internal.runners.model.ReflectiveCallable.run(ReflectiveCallable.java:12)
	at org.junit.runners.model.FrameworkMethod.invokeExplosively(FrameworkMethod.java:56)
	at org.junit.internal.runners.statements.InvokeMethod.evaluate(InvokeMethod.java:17)
	at org.junit.internal.runners.statements.RunBefores.evaluate(RunBefores.java:26)
	at org.junit.internal.runners.statements.RunAfters.evaluate(RunAfters.java:27)
	at org.junit.runners.ParentRunner$3.evaluate(ParentRunner.java:306)
	at org.junit.runners.BlockJUnit4ClassRunner$1.evaluate(BlockJUnit4ClassRunner.java:100)
	at org.junit.runners.ParentRunner.runLeaf(ParentRunner.java:366)
	at org.junit.runners.BlockJUnit4ClassRunner.runChild(BlockJUnit4ClassRunner.java:103)
	at org.junit.runners.BlockJUnit4ClassRunner.runChild(BlockJUnit4ClassRunner.java:63)
	at org.junit.runners.ParentRunner$4.run(ParentRunner.java:331)
	at org.junit.runners.ParentRunner$1.schedule(ParentRunner.java:79)
	at org.junit.runners.ParentRunner.runChildren(ParentRunner.java:329)
	at org.junit.runners.ParentRunner.access$100(ParentRunner.java:66)
	at org.junit.runners.ParentRunner$2.evaluate(ParentRunner.java:293)
	at org.junit.internal.runners.statements.RunBefores.evaluate(RunBefores.java:26)
	at org.junit.runners.ParentRunner$3.evaluate(ParentRunner.java:306)
	at org.junit.runners.ParentRunner.run(ParentRunner.java:413)
	at org.junit.runner.JUnitCore.run(JUnitCore.java:137)
	at org.junit.runner.JUnitCore.run(JUnitCore.java:115)
	at org.junit.vintage.engine.execution.RunnerExecutor.execute(RunnerExecutor.java:43)
	at java.util.stream.ForEachOps$ForEachOp$OfRef.accept(ForEachOps.java:183)
	at java.util.stream.ReferencePipeline$3$1.accept(ReferencePipeline.java:193)
	at java.util.Iterator.forEachRemaining(Iterator.java:116)
	at java.util.Spliterators$IteratorSpliterator.forEachRemaining(Spliterators.java:1801)
	at java.util.stream.AbstractPipeline.copyInto(AbstractPipeline.java:482)
	at java.util.stream.AbstractPipeline.wrapAndCopyInto(AbstractPipeline.java:472)
	at java.util.stream.ForEachOps$ForEachOp.evaluateSequential(ForEachOps.java:150)
	at java.util.stream.ForEachOps$ForEachOp$OfRef.evaluateSequential(ForEachOps.java:173)
	at java.util.stream.AbstractPipeline.evaluate(AbstractPipeline.java:234)
	at java.util.stream.ReferencePipeline.forEach(ReferencePipeline.java:485)
	at org.junit.vintage.engine.VintageTestEngine.executeAllChildren(VintageTestEngine.java:82)
	at org.junit.vintage.engine.VintageTestEngine.execute(VintageTestEngine.java:73)
	at org.junit.platform.launcher.core.DefaultLauncher.execute(DefaultLauncher.java:248)
	at org.junit.platform.launcher.core.DefaultLauncher.lambda$execute$5(DefaultLauncher.java:211)
	at org.junit.platform.launcher.core.DefaultLauncher.withInterceptedStreams(DefaultLauncher.java:226)
	at org.junit.platform.launcher.core.DefaultLauncher.execute(DefaultLauncher.java:199)
	at org.junit.platform.launcher.core.DefaultLauncher.execute(DefaultLauncher.java:132)
	at org.apache.maven.surefire.junitplatform.JUnitPlatformProvider.invokeAllTests(JUnitPlatformProvider.java:154)
	at org.apache.maven.surefire.junitplatform.JUnitPlatformProvider.invoke(JUnitPlatformProvider.java:123)
	at org.apache.maven.surefire.booter.ForkedBooter.runSuitesInProcess(ForkedBooter.java:377)
	at org.apache.maven.surefire.booter.ForkedBooter.execute(ForkedBooter.java:138)
	at org.apache.maven.surefire.booter.ForkedBooter.run(ForkedBooter.java:465)
	at org.apache.maven.surefire.booter.ForkedBooter.main(ForkedBooter.java:451)
]]></failure>
    <system-err><![CDATA[2024-04-24T08:13:19,507 ERROR [main] cli.TestHiveCli: Failed to execute command due to the error: java.lang.NullPointerException: Null output stream
2024-04-24T08:13:19,564  WARN [main] conf.HiveConf: HiveConf of name hive.dummyparam.test.server.specific.config.override does not exist
2024-04-24T08:13:19,564  WARN [main] conf.HiveConf: HiveConf of name hive.dummyparam.test.server.specific.config.metastoresite does not exist
2024-04-24T08:13:19,564  WARN [main] conf.HiveConf: HiveConf of name hive.dummyparam.test.server.specific.config.hiveserver2site does not exist
2024-04-24T08:13:19,564  INFO [main] SessionState: Hive Session ID = 4407e2e7-04b2-49ac-acea-8e78888bfc2f
2024-04-24T08:13:19,564  INFO [main] DependencyResolver: ivysettings.xml file not found in HIVE_HOME or HIVE_CONF_DIR,/home/alex/Repositories/hive/conf/ivysettings.xml will be used
2024-04-24T08:13:19,571  INFO [main] session.SessionState: Created HDFS directory: /tmp/hive/alex/4407e2e7-04b2-49ac-acea-8e78888bfc2f
2024-04-24T08:13:19,574  INFO [main] session.SessionState: Created local directory: /home/alex/Repositories/hive/beeline/target/tmp/alex/4407e2e7-04b2-49ac-acea-8e78888bfc2f
2024-04-24T08:13:19,577  INFO [main] session.SessionState: Created HDFS directory: /tmp/hive/alex/4407e2e7-04b2-49ac-acea-8e78888bfc2f/_tmp_space.db
2024-04-24T08:13:19,578  INFO [main] sqlstd.SQLStdHiveAccessController: Created SQLStdHiveAccessController for session context : HiveAuthzSessionContext [sessionString=4407e2e7-04b2-49ac-acea-8e78888bfc2f, clientType=HIVESERVER2]
2024-04-24T08:13:19,578  INFO [main] metastore.HiveMetaStoreClient: HMS client filtering is enabled.
2024-04-24T08:13:19,579  INFO [main] metastore.HMSHandler: 0: Opening raw store with implementation class:org.apache.hadoop.hive.metastore.ObjectStore
2024-04-24T08:13:19,579  INFO [main] metastore.PersistenceManagerProvider: Configuration datanucleus.autoStartMechanismMode is not set. Defaulting to 'ignored'
2024-04-24T08:13:19,580  INFO [main] metastore.ObjectStore: RawStore: org.apache.hadoop.hive.metastore.ObjectStore@1884e671, with PersistenceManager: null will be shutdown
2024-04-24T08:13:19,580  INFO [main] metastore.ObjectStore: RawStore: org.apache.hadoop.hive.metastore.ObjectStore@1884e671, with PersistenceManager: org.datanucleus.api.jdo.JDOPersistenceManager@1c7843c3 created in the thread with id: 1
2024-04-24T08:13:19,583  INFO [main] metastore.HMSHandler: Created RawStore: org.apache.hadoop.hive.metastore.ObjectStore@1884e671 from thread id: 1
2024-04-24T08:13:19,583  INFO [main] metastore.HMSHandler: HMS server filtering is disabled by configuration
2024-04-24T08:13:19,583  INFO [main] metastore.RetryingMetaStoreClient: RetryingMetaStoreClient proxy=class org.apache.hadoop.hive.ql.metadata.SessionHiveMetaStoreClient ugi=alex (auth:SIMPLE) retries=1 delay=1 lifetime=0
2024-04-24T08:13:19,584  INFO [main] service.CompositeService: Operation log root directory is created: /home/alex/Repositories/hive/beeline/target/tmp/alex/operation_logs
2024-04-24T08:13:19,584  INFO [main] service.CompositeService: HiveServer2: Background operation thread pool size: 100
2024-04-24T08:13:19,584  INFO [main] service.CompositeService: HiveServer2: Background operation thread wait queue size: 100
2024-04-24T08:13:19,584  INFO [main] service.CompositeService: HiveServer2: Background operation thread keepalive time: 10 seconds
2024-04-24T08:13:19,584  INFO [main] service.CompositeService: Connections limit are user: 0 ipaddress: 0 user-ipaddress: 0
2024-04-24T08:13:19,585  INFO [main] cleanup.EventualCleanupService: EventualCleanupService started with 10 threads and queue of size 10000
ERROR StatusLogger Log4j2 ConfigurationScheduler attempted to increment scheduled items after start
ERROR StatusLogger Log4j2 ConfigurationScheduler attempted to increment scheduled items after start
2024-04-24T08:13:19,587  INFO [main] service.AbstractService: Service:OperationManager is inited.
2024-04-24T08:13:19,587  INFO [main] service.AbstractService: Service:SessionManager is inited.
2024-04-24T08:13:19,587  INFO [main] service.AbstractService: Service:CLIService is inited.
2024-04-24T08:13:19,587  INFO [main] service.AbstractService: Service:OperationManager is started.
2024-04-24T08:13:19,587  INFO [main] service.AbstractService: Service:SessionManager is started.
2024-04-24T08:13:19,587  INFO [main] service.AbstractService: Service:CLIService is started.
2024-04-24T08:13:19,587  INFO [main] service.AbstractService: Service:ThriftBinaryCLIService is inited.
2024-04-24T08:13:19,587  INFO [main] thrift.ThriftCLIService: Client protocol version: HIVE_CLI_SERVICE_PROTOCOL_V10
2024-04-24T08:13:19,587  INFO [main] thrift.ThriftCLIService: Creating Hive session handle for user [null] from IP null
2024-04-24T08:13:19,589  INFO [main] DependencyResolver: ivysettings.xml file not found in HIVE_HOME or HIVE_CONF_DIR,/home/alex/Repositories/hive/conf/ivysettings.xml will be used
2024-04-24T08:13:19,596  INFO [main] session.SessionState: Created HDFS directory: /tmp/hive/alex/0938f603-da34-4821-b3e0-5eb761e0fee6
2024-04-24T08:13:19,599  INFO [main] session.SessionState: Created local directory: /home/alex/Repositories/hive/beeline/target/tmp/alex/0938f603-da34-4821-b3e0-5eb761e0fee6
2024-04-24T08:13:19,602  INFO [main] session.SessionState: Created HDFS directory: /tmp/hive/alex/0938f603-da34-4821-b3e0-5eb761e0fee6/_tmp_space.db
2024-04-24T08:13:19,603  INFO [main] session.SessionState: Reloading auxiliary JAR files
2024-04-24T08:13:19,603  WARN [main] session.SessionState: Configuration hive.reloadable.aux.jars.path not specified
2024-04-24T08:13:19,603  INFO [main] HiveMetaStore.audit: ugi=alex	ip=unknown-ip-addr	cmd=Cleaning up thread local RawStore...	
2024-04-24T08:13:19,603  INFO [main] metastore.ObjectStore: RawStore: org.apache.hadoop.hive.metastore.ObjectStore@1884e671, with PersistenceManager: org.datanucleus.api.jdo.JDOPersistenceManager@1c7843c3 will be shutdown
2024-04-24T08:13:19,603  INFO [main] HiveMetaStore.audit: ugi=alex	ip=unknown-ip-addr	cmd=Done cleaning up thread local RawStore	
2024-04-24T08:13:19,603  INFO [main] metastore.HiveMetaStoreClient: Closed a connection to metastore, current connections: -24
2024-04-24T08:13:19,603  INFO [main] session.HiveSessionImpl: Operation log session directory is created: /home/alex/Repositories/hive/beeline/target/tmp/alex/operation_logs/0938f603-da34-4821-b3e0-5eb761e0fee6
2024-04-24T08:13:19,603  INFO [main] service.CompositeService: Session opened, SessionHandle [0938f603-da34-4821-b3e0-5eb761e0fee6], current sessions:1
2024-04-24T08:13:19,603  INFO [main] thrift.ThriftCLIService: Login attempt is successful for user : null
2024-04-24T08:13:19,646  WARN [main] conf.HiveConf: HiveConf of name hive.dummyparam.test.server.specific.config.hiveserver2site does not exist
2024-04-24T08:13:19,646  WARN [main] conf.HiveConf: HiveConf of name hive.dummyparam.test.server.specific.config.metastoresite does not exist
2024-04-24T08:13:19,646  WARN [main] conf.HiveConf: HiveConf of name hive.dummyparam.test.server.specific.config.override does not exist
2024-04-24T08:13:19,647  INFO [0938f603-da34-4821-b3e0-5eb761e0fee6 main] session.HiveSessionImpl: executing set
2024-04-24T08:13:19,648  INFO [0938f603-da34-4821-b3e0-5eb761e0fee6 main] operation.HiveCommandOperation: Putting temp output to file /home/alex/Repositories/hive/beeline/target/tmp/alex/0938f603-da34-4821-b3e0-5eb761e0fee62567634050670050089.pipeout and error output to file /home/alex/Repositories/hive/beeline/target/tmp/alex/0938f603-da34-4821-b3e0-5eb761e0fee66870275037741805455.pipeout
2024-04-24T08:13:19,648  INFO [0938f603-da34-4821-b3e0-5eb761e0fee6 main] operation.OperationManager: Adding operation: OperationHandle [opType=EXECUTE_STATEMENT, getHandleIdentifier()=23f8fd48-66c5-472a-a882-ba525c4f5024] SessionHandle [0938f603-da34-4821-b3e0-5eb761e0fee6]
2024-04-24T08:13:19,648  INFO [0938f603-da34-4821-b3e0-5eb761e0fee6 main] common.LogUtils: Thread context registration is done.
DEBUG StatusLogger Building Plugin[name=filter, class=org.apache.hadoop.hive.ql.log.LogDivertAppender$NameFilter].
DEBUG StatusLogger createFilter(loggingLevel="EXECUTION")
DEBUG StatusLogger Building Plugin[name=layout, class=org.apache.logging.log4j.core.layout.PatternLayout].
DEBUG StatusLogger PatternLayout$Builder(pattern="%-5p : %m%n", Configuration(HiveLog4j2Test), PatternSelector=null, footer="null", charset="null", Replace=null, noConsoleNoAnsi="null", disableAnsi="null", header="null", alwaysWriteExceptions="null")
DEBUG StatusLogger Building Plugin[name=appender, class=org.apache.hadoop.hive.ql.log.HushableRandomAccessFileAppender].
DEBUG StatusLogger createAppender(fileName="/home/alex/Repositories/hive/beeline/target/tmp/alex/operation_logs/0938f603-da34-4821-b3e0-5eb761e0fee6/alex_20240424081319_0c3d6734-deb1-4254-8816-e51545d68bc5", append="null", name="query-file-appender", immediateFlush="null", bufferSize="null", ignoreExceptions="null", PatternLayout(org.apache.logging.log4j.core.layout.PatternLayout with name PatternLayout), NameFilter(org.apache.hadoop.hive.ql.log.LogDivertAppender$NameFilter with name NameFilter), advertise="null", advertiseURI="null", Configuration(HiveLog4j2Test))
DEBUG StatusLogger Starting RandomAccessFileManager /home/alex/Repositories/hive/beeline/target/tmp/alex/operation_logs/0938f603-da34-4821-b3e0-5eb761e0fee6/alex_20240424081319_0c3d6734-deb1-4254-8816-e51545d68bc5
DEBUG StatusLogger Building Plugin[name=, class=org.apache.hadoop.hive.ql.log.LogDivertAppenderForTest$TestFilter].
DEBUG StatusLogger createFilter()
DEBUG StatusLogger Building Plugin[name=, class=org.apache.logging.log4j.core.layout.PatternLayout].
DEBUG StatusLogger PatternLayout$Builder(pattern="%-5p : %m%n", header="null", alwaysWriteExceptions="null", noConsoleNoAnsi="null", PatternSelector=null, Configuration(HiveLog4j2Test), charset="null", disableAnsi="null", Replace=null, footer="null")
DEBUG StatusLogger Building Plugin[name=appender, class=org.apache.hadoop.hive.ql.log.HushableRandomAccessFileAppender].
DEBUG StatusLogger createAppender(fileName="/home/alex/Repositories/hive/beeline/target/tmp/alex/operation_logs/0938f603-da34-4821-b3e0-5eb761e0fee6/alex_20240424081319_0c3d6734-deb1-4254-8816-e51545d68bc5.test", append="null", name="test-query-file-appender", immediateFlush="null", bufferSize="null", ignoreExceptions="null", PatternLayout(org.apache.logging.log4j.core.layout.PatternLayout with name PatternLayout), test-filter(org.apache.hadoop.hive.ql.log.LogDivertAppenderForTest$TestFilter with name test-filter), advertise="null", advertiseURI="null", Configuration(HiveLog4j2Test))
DEBUG StatusLogger Starting RandomAccessFileManager /home/alex/Repositories/hive/beeline/target/tmp/alex/operation_logs/0938f603-da34-4821-b3e0-5eb761e0fee6/alex_20240424081319_0c3d6734-deb1-4254-8816-e51545d68bc5.test
2024-04-24T08:13:19,656  INFO [0938f603-da34-4821-b3e0-5eb761e0fee6 main] operation.HiveCommandOperation: [opType=EXECUTE_STATEMENT, queryId=alex_20240424081319_0c3d6734-deb1-4254-8816-e51545d68bc5, startTime=1713971599647, sessionId=0938f603-da34-4821-b3e0-5eb761e0fee6, createTime=1713971599587, userName=null, ipAddress=null]
2024-04-24T08:13:19,748  INFO [0938f603-da34-4821-b3e0-5eb761e0fee6 main] common.LogUtils: Unregistered logging context.
2024-04-24T08:13:19,750  INFO [0938f603-da34-4821-b3e0-5eb761e0fee6 main] operation.OperationManager: Closing operation: OperationHandle [opType=EXECUTE_STATEMENT, getHandleIdentifier()=23f8fd48-66c5-472a-a882-ba525c4f5024]
2024-04-24T08:13:19,750  INFO [0938f603-da34-4821-b3e0-5eb761e0fee6 main] operation.OperationManager: Removed queryId: alex_20240424081319_0c3d6734-deb1-4254-8816-e51545d68bc5 corresponding to operation: OperationHandle [opType=EXECUTE_STATEMENT, getHandleIdentifier()=23f8fd48-66c5-472a-a882-ba525c4f5024] with tag: null
2024-04-24T08:13:19,751  INFO [0938f603-da34-4821-b3e0-5eb761e0fee6 main] operation.HiveCommandOperation: Closing operation log /home/alex/Repositories/hive/beeline/target/tmp/alex/operation_logs/0938f603-da34-4821-b3e0-5eb761e0fee6/alex_20240424081319_0c3d6734-deb1-4254-8816-e51545d68bc5 without delay
2024-04-24T08:13:19,753  INFO [0938f603-da34-4821-b3e0-5eb761e0fee6 main] session.HiveSessionImpl: executing show tables
2024-04-24T08:13:19,754  INFO [0938f603-da34-4821-b3e0-5eb761e0fee6 main] operation.OperationManager: Adding operation: OperationHandle [opType=EXECUTE_STATEMENT, getHandleIdentifier()=fffc3d3e-c976-45fa-9b4f-25bfd58580b4] SessionHandle [0938f603-da34-4821-b3e0-5eb761e0fee6]
2024-04-24T08:13:19,754  INFO [0938f603-da34-4821-b3e0-5eb761e0fee6 main] common.LogUtils: Thread context registration is done.
DEBUG StatusLogger Building Plugin[name=filter, class=org.apache.hadoop.hive.ql.log.LogDivertAppender$NameFilter].
DEBUG StatusLogger createFilter(loggingLevel="EXECUTION")
DEBUG StatusLogger Building Plugin[name=layout, class=org.apache.logging.log4j.core.layout.PatternLayout].
DEBUG StatusLogger PatternLayout$Builder(charset="null", alwaysWriteExceptions="null", PatternSelector=null, footer="null", disableAnsi="null", header="null", pattern="%-5p : %m%n", Replace=null, Configuration(HiveLog4j2Test), noConsoleNoAnsi="null")
DEBUG StatusLogger Building Plugin[name=appender, class=org.apache.hadoop.hive.ql.log.HushableRandomAccessFileAppender].
DEBUG StatusLogger createAppender(fileName="/home/alex/Repositories/hive/beeline/target/tmp/alex/operation_logs/0938f603-da34-4821-b3e0-5eb761e0fee6/alex_20240424081319_ae54a5f2-cbf9-4e1e-a11e-289892aea53c", append="null", name="query-file-appender", immediateFlush="null", bufferSize="null", ignoreExceptions="null", PatternLayout(org.apache.logging.log4j.core.layout.PatternLayout with name PatternLayout), NameFilter(org.apache.hadoop.hive.ql.log.LogDivertAppender$NameFilter with name NameFilter), advertise="null", advertiseURI="null", Configuration(HiveLog4j2Test))
DEBUG StatusLogger Starting RandomAccessFileManager /home/alex/Repositories/hive/beeline/target/tmp/alex/operation_logs/0938f603-da34-4821-b3e0-5eb761e0fee6/alex_20240424081319_ae54a5f2-cbf9-4e1e-a11e-289892aea53c
DEBUG StatusLogger Building Plugin[name=, class=org.apache.hadoop.hive.ql.log.LogDivertAppenderForTest$TestFilter].
DEBUG StatusLogger createFilter()
DEBUG StatusLogger Building Plugin[name=, class=org.apache.logging.log4j.core.layout.PatternLayout].
DEBUG StatusLogger PatternLayout$Builder(alwaysWriteExceptions="null", noConsoleNoAnsi="null", footer="null", Configuration(HiveLog4j2Test), Replace=null, charset="null", pattern="%-5p : %m%n", disableAnsi="null", PatternSelector=null, header="null")
DEBUG StatusLogger Building Plugin[name=appender, class=org.apache.hadoop.hive.ql.log.HushableRandomAccessFileAppender].
DEBUG StatusLogger createAppender(fileName="/home/alex/Repositories/hive/beeline/target/tmp/alex/operation_logs/0938f603-da34-4821-b3e0-5eb761e0fee6/alex_20240424081319_ae54a5f2-cbf9-4e1e-a11e-289892aea53c.test", append="null", name="test-query-file-appender", immediateFlush="null", bufferSize="null", ignoreExceptions="null", PatternLayout(org.apache.logging.log4j.core.layout.PatternLayout with name PatternLayout), test-filter(org.apache.hadoop.hive.ql.log.LogDivertAppenderForTest$TestFilter with name test-filter), advertise="null", advertiseURI="null", Configuration(HiveLog4j2Test))
DEBUG StatusLogger Starting RandomAccessFileManager /home/alex/Repositories/hive/beeline/target/tmp/alex/operation_logs/0938f603-da34-4821-b3e0-5eb761e0fee6/alex_20240424081319_ae54a5f2-cbf9-4e1e-a11e-289892aea53c.test
2024-04-24T08:13:19,761  INFO [0938f603-da34-4821-b3e0-5eb761e0fee6 main] operation.SQLOperation: [opType=EXECUTE_STATEMENT, queryId=alex_20240424081319_ae54a5f2-cbf9-4e1e-a11e-289892aea53c, startTime=1713971599753, sessionId=0938f603-da34-4821-b3e0-5eb761e0fee6, createTime=1713971599587, userName=null, ipAddress=null]
2024-04-24T08:13:19,762  INFO [0938f603-da34-4821-b3e0-5eb761e0fee6 main] ql.Driver: Compiling command(queryId=alex_20240424081319_ae54a5f2-cbf9-4e1e-a11e-289892aea53c): show tables
2024-04-24T08:13:19,763  INFO [0938f603-da34-4821-b3e0-5eb761e0fee6 main] metastore.HiveMetaStoreClient: HMS client filtering is enabled.
2024-04-24T08:13:19,764  INFO [0938f603-da34-4821-b3e0-5eb761e0fee6 main] metastore.HMSHandler: 0: Opening raw store with implementation class:org.apache.hadoop.hive.metastore.ObjectStore
2024-04-24T08:13:19,764  INFO [0938f603-da34-4821-b3e0-5eb761e0fee6 main] metastore.PersistenceManagerProvider: Configuration datanucleus.autoStartMechanismMode is not set. Defaulting to 'ignored'
2024-04-24T08:13:19,764  INFO [0938f603-da34-4821-b3e0-5eb761e0fee6 main] metastore.ObjectStore: RawStore: org.apache.hadoop.hive.metastore.ObjectStore@63b4b9c6, with PersistenceManager: null will be shutdown
2024-04-24T08:13:19,765  INFO [0938f603-da34-4821-b3e0-5eb761e0fee6 main] metastore.ObjectStore: RawStore: org.apache.hadoop.hive.metastore.ObjectStore@63b4b9c6, with PersistenceManager: org.datanucleus.api.jdo.JDOPersistenceManager@6c66ddab created in the thread with id: 1
2024-04-24T08:13:19,767  INFO [0938f603-da34-4821-b3e0-5eb761e0fee6 main] metastore.HMSHandler: Created RawStore: org.apache.hadoop.hive.metastore.ObjectStore@63b4b9c6 from thread id: 1
2024-04-24T08:13:19,767  INFO [0938f603-da34-4821-b3e0-5eb761e0fee6 main] metastore.HMSHandler: HMS server filtering is disabled by configuration
2024-04-24T08:13:19,767  INFO [0938f603-da34-4821-b3e0-5eb761e0fee6 main] metastore.RetryingMetaStoreClient: RetryingMetaStoreClient proxy=class org.apache.hadoop.hive.ql.metadata.SessionHiveMetaStoreClient ugi=alex (auth:SIMPLE) retries=1 delay=1 lifetime=0
2024-04-24T08:13:19,771  INFO [0938f603-da34-4821-b3e0-5eb761e0fee6 main] HiveMetaStore.audit: ugi=alex	ip=unknown-ip-addr	cmd=get_database: default	
2024-04-24T08:13:19,772  INFO [0938f603-da34-4821-b3e0-5eb761e0fee6 main] ql.Driver: Semantic Analysis Completed (retrial = false)
2024-04-24T08:13:19,773  INFO [0938f603-da34-4821-b3e0-5eb761e0fee6 main] ql.Driver: Created Hive schema: Schema(fieldSchemas:[FieldSchema(name:tab_name, type:string, comment:from deserializer)], properties:null)
2024-04-24T08:13:19,774  INFO [0938f603-da34-4821-b3e0-5eb761e0fee6 main] exec.ListSinkOperator: Initializing Operator: LIST_SINK[0]
2024-04-24T08:13:19,774  INFO [0938f603-da34-4821-b3e0-5eb761e0fee6 main] metadata.Hive: Dumping metastore api call timing information for : compilation phase
2024-04-24T08:13:19,774  INFO [0938f603-da34-4821-b3e0-5eb761e0fee6 main] metadata.Hive: Total time spent in each metastore function (ms): {flushCache_()=0, isCompatibleWith_(Configuration)=0, getDatabase_(String)=1}
2024-04-24T08:13:19,774  INFO [0938f603-da34-4821-b3e0-5eb761e0fee6 main] ql.Driver: Completed compiling command(queryId=alex_20240424081319_ae54a5f2-cbf9-4e1e-a11e-289892aea53c); Time taken: 0.012 seconds
2024-04-24T08:13:19,775  INFO [HiveServer2-Background-Pool: Thread-406] common.LogUtils: Thread context registration is done.
2024-04-24T08:13:19,776  INFO [0938f603-da34-4821-b3e0-5eb761e0fee6 main] common.LogUtils: Unregistered logging context.
2024-04-24T08:13:19,776  INFO [HiveServer2-Background-Pool: Thread-406] reexec.ReExecDriver: Execution #1 of query
2024-04-24T08:13:19,776  INFO [HiveServer2-Background-Pool: Thread-406] ql.Driver: Concurrency mode is disabled, not creating a lock manager
2024-04-24T08:13:19,776  INFO [HiveServer2-Background-Pool: Thread-406] ql.Driver: Executing command(queryId=alex_20240424081319_ae54a5f2-cbf9-4e1e-a11e-289892aea53c): show tables
2024-04-24T08:13:19,777  INFO [HiveServer2-Background-Pool: Thread-406] ql.Driver: Starting task [Stage-0:DDL] in serial mode
2024-04-24T08:13:19,778  INFO [HiveServer2-Background-Pool: Thread-406] HiveMetaStore.audit: ugi=alex	ip=unknown-ip-addr	cmd=get_database: default	
2024-04-24T08:13:19,779  INFO [HiveServer2-Background-Pool: Thread-406] metastore.HMSHandler: 20: Opening raw store with implementation class:org.apache.hadoop.hive.metastore.ObjectStore
2024-04-24T08:13:19,780  INFO [HiveServer2-Background-Pool: Thread-406] metastore.ObjectStore: RawStore: org.apache.hadoop.hive.metastore.ObjectStore@2c22b1e9, with PersistenceManager: null will be shutdown
2024-04-24T08:13:19,780  INFO [HiveServer2-Background-Pool: Thread-406] metastore.ObjectStore: RawStore: org.apache.hadoop.hive.metastore.ObjectStore@2c22b1e9, with PersistenceManager: org.datanucleus.api.jdo.JDOPersistenceManager@69203a09 created in the thread with id: 406
2024-04-24T08:13:19,782  INFO [HiveServer2-Background-Pool: Thread-406] metastore.HMSHandler: Created RawStore: org.apache.hadoop.hive.metastore.ObjectStore@2c22b1e9 from thread id: 406
2024-04-24T08:13:19,784  INFO [HiveServer2-Background-Pool: Thread-406] HiveMetaStore.audit: ugi=alex	ip=unknown-ip-addr	cmd=get_multi_table : db=default tbls=null	
2024-04-24T08:13:19,794  INFO [HiveServer2-Background-Pool: Thread-406] sqlstd.SQLStdHiveAccessController: Created SQLStdHiveAccessController for session context : HiveAuthzSessionContext [sessionString=0938f603-da34-4821-b3e0-5eb761e0fee6, clientType=HIVESERVER2]
2024-04-24T08:13:19,801  INFO [HiveServer2-Background-Pool: Thread-406] metadata.Hive: Dumping metastore api call timing information for : execution phase
2024-04-24T08:13:19,801  INFO [HiveServer2-Background-Pool: Thread-406] metadata.Hive: Total time spent in each metastore function (ms): {getDatabase_(String)=5, isCompatibleWith_(Configuration)=0, getTables_(String, String)=11}
2024-04-24T08:13:19,801  INFO [HiveServer2-Background-Pool: Thread-406] ql.Driver: Completed executing command(queryId=alex_20240424081319_ae54a5f2-cbf9-4e1e-a11e-289892aea53c); Time taken: 0.025 seconds
2024-04-24T08:13:19,802  INFO [HiveServer2-Background-Pool: Thread-406] common.LogUtils: Unregistered logging context.
2024-04-24T08:13:19,804  INFO [0938f603-da34-4821-b3e0-5eb761e0fee6 main] operation.OperationManager: Closing operation: OperationHandle [opType=EXECUTE_STATEMENT, getHandleIdentifier()=fffc3d3e-c976-45fa-9b4f-25bfd58580b4]
2024-04-24T08:13:19,804  INFO [0938f603-da34-4821-b3e0-5eb761e0fee6 main] operation.OperationManager: Removed queryId: alex_20240424081319_ae54a5f2-cbf9-4e1e-a11e-289892aea53c corresponding to operation: OperationHandle [opType=EXECUTE_STATEMENT, getHandleIdentifier()=fffc3d3e-c976-45fa-9b4f-25bfd58580b4] with tag: null
2024-04-24T08:13:19,804  INFO [0938f603-da34-4821-b3e0-5eb761e0fee6 main] ql.Context: Deleting scratch dir: file:/home/alex/Repositories/hive/beeline/target/tmp/alex/0938f603-da34-4821-b3e0-5eb761e0fee6/hive_2024-04-24_08-13-19_762_6328676443372905368-1
2024-04-24T08:13:19,804  INFO [0938f603-da34-4821-b3e0-5eb761e0fee6 main] cleanup.EventualCleanupService: Delete file:/home/alex/Repositories/hive/beeline/target/tmp/alex/0938f603-da34-4821-b3e0-5eb761e0fee6/hive_2024-04-24_08-13-19_762_6328676443372905368-1 operation was queued
2024-04-24T08:13:19,804  INFO [0938f603-da34-4821-b3e0-5eb761e0fee6 main] exec.ListSinkOperator: Closing Operator: LIST_SINK[0]
2024-04-24T08:13:19,805  INFO [0938f603-da34-4821-b3e0-5eb761e0fee6 main] exec.ListSinkOperator: RECORDS_OUT_INTERMEDIATE:0, RECORDS_OUT_OPERATOR_LIST_SINK_0:0, 
2024-04-24T08:13:19,805  INFO [0938f603-da34-4821-b3e0-5eb761e0fee6 main] operation.SQLOperation: Closing operation log /home/alex/Repositories/hive/beeline/target/tmp/alex/operation_logs/0938f603-da34-4821-b3e0-5eb761e0fee6/alex_20240424081319_ae54a5f2-cbf9-4e1e-a11e-289892aea53c without delay
2024-04-24T08:13:19,805  INFO [EventualCleanupService thread 0] cleanup.EventualCleanupService: Deleted file:/home/alex/Repositories/hive/beeline/target/tmp/alex/0938f603-da34-4821-b3e0-5eb761e0fee6/hive_2024-04-24_08-13-19_762_6328676443372905368-1
2024-04-24T08:13:19,805  INFO [main] service.CompositeService: Session closed, SessionHandle [0938f603-da34-4821-b3e0-5eb761e0fee6], current sessions:0
2024-04-24T08:13:19,806  INFO [0938f603-da34-4821-b3e0-5eb761e0fee6 main] session.HiveSessionImpl: Operation log session directory is deleted: /home/alex/Repositories/hive/beeline/target/tmp/alex/operation_logs/0938f603-da34-4821-b3e0-5eb761e0fee6
2024-04-24T08:13:19,807  INFO [main] cleanup.EventualCleanupService: Delete /tmp/hive/alex/0938f603-da34-4821-b3e0-5eb761e0fee6 operation was queued
2024-04-24T08:13:19,807  INFO [main] cleanup.EventualCleanupService: Delete /home/alex/Repositories/hive/beeline/target/tmp/alex/0938f603-da34-4821-b3e0-5eb761e0fee6 operation was queued
2024-04-24T08:13:19,807  INFO [EventualCleanupService thread 1] cleanup.EventualCleanupService: Deleted /tmp/hive/alex/0938f603-da34-4821-b3e0-5eb761e0fee6
2024-04-24T08:13:19,807  INFO [EventualCleanupService thread 2] cleanup.EventualCleanupService: Deleted /home/alex/Repositories/hive/beeline/target/tmp/alex/0938f603-da34-4821-b3e0-5eb761e0fee6
2024-04-24T08:13:19,808  INFO [main] HiveMetaStore.audit: ugi=alex	ip=unknown-ip-addr	cmd=Cleaning up thread local RawStore...	
2024-04-24T08:13:19,808  INFO [main] metastore.ObjectStore: RawStore: org.apache.hadoop.hive.metastore.ObjectStore@63b4b9c6, with PersistenceManager: org.datanucleus.api.jdo.JDOPersistenceManager@6c66ddab will be shutdown
2024-04-24T08:13:19,808  INFO [main] HiveMetaStore.audit: ugi=alex	ip=unknown-ip-addr	cmd=Done cleaning up thread local RawStore	
2024-04-24T08:13:19,808  INFO [main] metastore.HiveMetaStoreClient: Closed a connection to metastore, current connections: -25
2024-04-24T08:13:19,808 ERROR [main] cli.TestHiveCli: Failed due to the error:Connecting to jdbc:hive2://
Hive Session ID = 4407e2e7-04b2-49ac-acea-8e78888bfc2f
ivysettings.xml file not found in HIVE_HOME or HIVE_CONF_DIR,/home/alex/Repositories/hive/conf/ivysettings.xml will be used
ivysettings.xml file not found in HIVE_HOME or HIVE_CONF_DIR,/home/alex/Repositories/hive/conf/ivysettings.xml will be used
Connected to: Apache Hive (version 4.0.0-SNAPSHOT)
Error: Couldn't load manifest attributes. (state=,code=0)
Transaction isolation: TRANSACTION_REPEATABLE_READ
INFO  : Compiling command(queryId=alex_20240424081319_ae54a5f2-cbf9-4e1e-a11e-289892aea53c): show tables
INFO  : Semantic Analysis Completed (retrial = false)
INFO  : Created Hive schema: Schema(fieldSchemas:[FieldSchema(name:tab_name, type:string, comment:from deserializer)], properties:null)
INFO  : Completed compiling command(queryId=alex_20240424081319_ae54a5f2-cbf9-4e1e-a11e-289892aea53c); Time taken: 0.012 seconds
INFO  : Concurrency mode is disabled, not creating a lock manager
INFO  : Executing command(queryId=alex_20240424081319_ae54a5f2-cbf9-4e1e-a11e-289892aea53c): show tables
INFO  : Starting task [Stage-0:DDL] in serial mode
DEBUG : Task getting executed using mapred tag : alex_20240424081319_ae54a5f2-cbf9-4e1e-a11e-289892aea53c,userid=null
INFO  : Completed executing command(queryId=alex_20240424081319_ae54a5f2-cbf9-4e1e-a11e-289892aea53c); Time taken: 0.025 seconds
DEBUG : Shutting down query show tables
Error: Failed to wait for operation to complete (state=08S01,code=0)
Closing: 0: jdbc:hive2://

]]></system-err>
  </testcase>
  <testcase name="testUseInvalidDB" classname="org.apache.hive.beeline.cli.TestHiveCli" time="0.495"/>
  <testcase name="testErrOutput" classname="org.apache.hive.beeline.cli.TestHiveCli" time="0.324"/>
  <testcase name="testSqlFromCmdWithComments1" classname="org.apache.hive.beeline.cli.TestHiveCli" time="0.296">
    <failure type="java.lang.AssertionError"><![CDATA[java.lang.AssertionError: Supported return code is 0 while the actual is 1
	at org.junit.Assert.fail(Assert.java:89)
	at org.apache.hive.beeline.cli.TestHiveCli.executeCMD(TestHiveCli.java:256)
	at org.apache.hive.beeline.cli.TestHiveCli.verifyCMD(TestHiveCli.java:266)
	at org.apache.hive.beeline.cli.TestHiveCli.testSqlFromCmdWithComments1(TestHiveCli.java:150)
	at sun.reflect.NativeMethodAccessorImpl.invoke0(Native Method)
	at sun.reflect.NativeMethodAccessorImpl.invoke(NativeMethodAccessorImpl.java:62)
	at sun.reflect.DelegatingMethodAccessorImpl.invoke(DelegatingMethodAccessorImpl.java:43)
	at java.lang.reflect.Method.invoke(Method.java:498)
	at org.junit.runners.model.FrameworkMethod$1.runReflectiveCall(FrameworkMethod.java:59)
	at org.junit.internal.runners.model.ReflectiveCallable.run(ReflectiveCallable.java:12)
	at org.junit.runners.model.FrameworkMethod.invokeExplosively(FrameworkMethod.java:56)
	at org.junit.internal.runners.statements.InvokeMethod.evaluate(InvokeMethod.java:17)
	at org.junit.internal.runners.statements.RunBefores.evaluate(RunBefores.java:26)
	at org.junit.internal.runners.statements.RunAfters.evaluate(RunAfters.java:27)
	at org.junit.runners.ParentRunner$3.evaluate(ParentRunner.java:306)
	at org.junit.runners.BlockJUnit4ClassRunner$1.evaluate(BlockJUnit4ClassRunner.java:100)
	at org.junit.runners.ParentRunner.runLeaf(ParentRunner.java:366)
	at org.junit.runners.BlockJUnit4ClassRunner.runChild(BlockJUnit4ClassRunner.java:103)
	at org.junit.runners.BlockJUnit4ClassRunner.runChild(BlockJUnit4ClassRunner.java:63)
	at org.junit.runners.ParentRunner$4.run(ParentRunner.java:331)
	at org.junit.runners.ParentRunner$1.schedule(ParentRunner.java:79)
	at org.junit.runners.ParentRunner.runChildren(ParentRunner.java:329)
	at org.junit.runners.ParentRunner.access$100(ParentRunner.java:66)
	at org.junit.runners.ParentRunner$2.evaluate(ParentRunner.java:293)
	at org.junit.internal.runners.statements.RunBefores.evaluate(RunBefores.java:26)
	at org.junit.runners.ParentRunner$3.evaluate(ParentRunner.java:306)
	at org.junit.runners.ParentRunner.run(ParentRunner.java:413)
	at org.junit.runner.JUnitCore.run(JUnitCore.java:137)
	at org.junit.runner.JUnitCore.run(JUnitCore.java:115)
	at org.junit.vintage.engine.execution.RunnerExecutor.execute(RunnerExecutor.java:43)
	at java.util.stream.ForEachOps$ForEachOp$OfRef.accept(ForEachOps.java:183)
	at java.util.stream.ReferencePipeline$3$1.accept(ReferencePipeline.java:193)
	at java.util.Iterator.forEachRemaining(Iterator.java:116)
	at java.util.Spliterators$IteratorSpliterator.forEachRemaining(Spliterators.java:1801)
	at java.util.stream.AbstractPipeline.copyInto(AbstractPipeline.java:482)
	at java.util.stream.AbstractPipeline.wrapAndCopyInto(AbstractPipeline.java:472)
	at java.util.stream.ForEachOps$ForEachOp.evaluateSequential(ForEachOps.java:150)
	at java.util.stream.ForEachOps$ForEachOp$OfRef.evaluateSequential(ForEachOps.java:173)
	at java.util.stream.AbstractPipeline.evaluate(AbstractPipeline.java:234)
	at java.util.stream.ReferencePipeline.forEach(ReferencePipeline.java:485)
	at org.junit.vintage.engine.VintageTestEngine.executeAllChildren(VintageTestEngine.java:82)
	at org.junit.vintage.engine.VintageTestEngine.execute(VintageTestEngine.java:73)
	at org.junit.platform.launcher.core.DefaultLauncher.execute(DefaultLauncher.java:248)
	at org.junit.platform.launcher.core.DefaultLauncher.lambda$execute$5(DefaultLauncher.java:211)
	at org.junit.platform.launcher.core.DefaultLauncher.withInterceptedStreams(DefaultLauncher.java:226)
	at org.junit.platform.launcher.core.DefaultLauncher.execute(DefaultLauncher.java:199)
	at org.junit.platform.launcher.core.DefaultLauncher.execute(DefaultLauncher.java:132)
	at org.apache.maven.surefire.junitplatform.JUnitPlatformProvider.invokeAllTests(JUnitPlatformProvider.java:154)
	at org.apache.maven.surefire.junitplatform.JUnitPlatformProvider.invoke(JUnitPlatformProvider.java:123)
	at org.apache.maven.surefire.booter.ForkedBooter.runSuitesInProcess(ForkedBooter.java:377)
	at org.apache.maven.surefire.booter.ForkedBooter.execute(ForkedBooter.java:138)
	at org.apache.maven.surefire.booter.ForkedBooter.run(ForkedBooter.java:465)
	at org.apache.maven.surefire.booter.ForkedBooter.main(ForkedBooter.java:451)
]]></failure>
    <system-err><![CDATA[2024-04-24T08:13:20,629 ERROR [main] cli.TestHiveCli: Failed to execute command due to the error: java.lang.NullPointerException: Null output stream
2024-04-24T08:13:20,675  WARN [main] conf.HiveConf: HiveConf of name hive.dummyparam.test.server.specific.config.override does not exist
2024-04-24T08:13:20,675  WARN [main] conf.HiveConf: HiveConf of name hive.dummyparam.test.server.specific.config.metastoresite does not exist
2024-04-24T08:13:20,676  WARN [main] conf.HiveConf: HiveConf of name hive.dummyparam.test.server.specific.config.hiveserver2site does not exist
2024-04-24T08:13:20,676  INFO [main] SessionState: Hive Session ID = 65cd65b9-d7d8-41c6-ae7a-c5f22a85f1db
2024-04-24T08:13:20,677  INFO [main] DependencyResolver: ivysettings.xml file not found in HIVE_HOME or HIVE_CONF_DIR,/home/alex/Repositories/hive/conf/ivysettings.xml will be used
2024-04-24T08:13:20,684  INFO [main] session.SessionState: Created HDFS directory: /tmp/hive/alex/65cd65b9-d7d8-41c6-ae7a-c5f22a85f1db
2024-04-24T08:13:20,687  INFO [main] session.SessionState: Created local directory: /home/alex/Repositories/hive/beeline/target/tmp/alex/65cd65b9-d7d8-41c6-ae7a-c5f22a85f1db
2024-04-24T08:13:20,690  INFO [main] session.SessionState: Created HDFS directory: /tmp/hive/alex/65cd65b9-d7d8-41c6-ae7a-c5f22a85f1db/_tmp_space.db
2024-04-24T08:13:20,690  INFO [main] sqlstd.SQLStdHiveAccessController: Created SQLStdHiveAccessController for session context : HiveAuthzSessionContext [sessionString=65cd65b9-d7d8-41c6-ae7a-c5f22a85f1db, clientType=HIVESERVER2]
2024-04-24T08:13:20,691  INFO [main] metastore.HiveMetaStoreClient: HMS client filtering is enabled.
2024-04-24T08:13:20,692  INFO [main] metastore.HMSHandler: 0: Opening raw store with implementation class:org.apache.hadoop.hive.metastore.ObjectStore
2024-04-24T08:13:20,692  INFO [main] metastore.PersistenceManagerProvider: Configuration datanucleus.autoStartMechanismMode is not set. Defaulting to 'ignored'
2024-04-24T08:13:20,693  INFO [main] metastore.ObjectStore: RawStore: org.apache.hadoop.hive.metastore.ObjectStore@2444c3df, with PersistenceManager: null will be shutdown
2024-04-24T08:13:20,693  INFO [main] metastore.ObjectStore: RawStore: org.apache.hadoop.hive.metastore.ObjectStore@2444c3df, with PersistenceManager: org.datanucleus.api.jdo.JDOPersistenceManager@1eb6037d created in the thread with id: 1
2024-04-24T08:13:20,695  INFO [main] metastore.HMSHandler: Created RawStore: org.apache.hadoop.hive.metastore.ObjectStore@2444c3df from thread id: 1
2024-04-24T08:13:20,695  INFO [main] metastore.HMSHandler: HMS server filtering is disabled by configuration
2024-04-24T08:13:20,695  INFO [main] metastore.RetryingMetaStoreClient: RetryingMetaStoreClient proxy=class org.apache.hadoop.hive.ql.metadata.SessionHiveMetaStoreClient ugi=alex (auth:SIMPLE) retries=1 delay=1 lifetime=0
2024-04-24T08:13:20,696  INFO [main] service.CompositeService: Operation log root directory is created: /home/alex/Repositories/hive/beeline/target/tmp/alex/operation_logs
2024-04-24T08:13:20,696  INFO [main] service.CompositeService: HiveServer2: Background operation thread pool size: 100
2024-04-24T08:13:20,696  INFO [main] service.CompositeService: HiveServer2: Background operation thread wait queue size: 100
2024-04-24T08:13:20,696  INFO [main] service.CompositeService: HiveServer2: Background operation thread keepalive time: 10 seconds
2024-04-24T08:13:20,696  INFO [main] service.CompositeService: Connections limit are user: 0 ipaddress: 0 user-ipaddress: 0
2024-04-24T08:13:20,697  INFO [main] cleanup.EventualCleanupService: EventualCleanupService started with 10 threads and queue of size 10000
ERROR StatusLogger Log4j2 ConfigurationScheduler attempted to increment scheduled items after start
ERROR StatusLogger Log4j2 ConfigurationScheduler attempted to increment scheduled items after start
2024-04-24T08:13:20,699  INFO [main] service.AbstractService: Service:OperationManager is inited.
2024-04-24T08:13:20,699  INFO [main] service.AbstractService: Service:SessionManager is inited.
2024-04-24T08:13:20,699  INFO [main] service.AbstractService: Service:CLIService is inited.
2024-04-24T08:13:20,699  INFO [main] service.AbstractService: Service:OperationManager is started.
2024-04-24T08:13:20,699  INFO [main] service.AbstractService: Service:SessionManager is started.
2024-04-24T08:13:20,700  INFO [main] service.AbstractService: Service:CLIService is started.
2024-04-24T08:13:20,700  INFO [main] service.AbstractService: Service:ThriftBinaryCLIService is inited.
2024-04-24T08:13:20,700  INFO [main] thrift.ThriftCLIService: Client protocol version: HIVE_CLI_SERVICE_PROTOCOL_V10
2024-04-24T08:13:20,700  INFO [main] thrift.ThriftCLIService: Creating Hive session handle for user [null] from IP null
2024-04-24T08:13:20,701  INFO [main] DependencyResolver: ivysettings.xml file not found in HIVE_HOME or HIVE_CONF_DIR,/home/alex/Repositories/hive/conf/ivysettings.xml will be used
2024-04-24T08:13:20,708  INFO [main] session.SessionState: Created HDFS directory: /tmp/hive/alex/86401944-3643-4ffd-8676-b151a42a2889
2024-04-24T08:13:20,711  INFO [main] session.SessionState: Created local directory: /home/alex/Repositories/hive/beeline/target/tmp/alex/86401944-3643-4ffd-8676-b151a42a2889
2024-04-24T08:13:20,714  INFO [main] session.SessionState: Created HDFS directory: /tmp/hive/alex/86401944-3643-4ffd-8676-b151a42a2889/_tmp_space.db
2024-04-24T08:13:20,715  INFO [main] session.SessionState: Reloading auxiliary JAR files
2024-04-24T08:13:20,715  WARN [main] session.SessionState: Configuration hive.reloadable.aux.jars.path not specified
2024-04-24T08:13:20,715  INFO [main] HiveMetaStore.audit: ugi=alex	ip=unknown-ip-addr	cmd=Cleaning up thread local RawStore...	
2024-04-24T08:13:20,715  INFO [main] metastore.ObjectStore: RawStore: org.apache.hadoop.hive.metastore.ObjectStore@2444c3df, with PersistenceManager: org.datanucleus.api.jdo.JDOPersistenceManager@1eb6037d will be shutdown
2024-04-24T08:13:20,715  INFO [main] HiveMetaStore.audit: ugi=alex	ip=unknown-ip-addr	cmd=Done cleaning up thread local RawStore	
2024-04-24T08:13:20,715  INFO [main] metastore.HiveMetaStoreClient: Closed a connection to metastore, current connections: -30
2024-04-24T08:13:20,715  INFO [main] session.HiveSessionImpl: Operation log session directory is created: /home/alex/Repositories/hive/beeline/target/tmp/alex/operation_logs/86401944-3643-4ffd-8676-b151a42a2889
2024-04-24T08:13:20,715  INFO [main] service.CompositeService: Session opened, SessionHandle [86401944-3643-4ffd-8676-b151a42a2889], current sessions:1
2024-04-24T08:13:20,716  INFO [main] thrift.ThriftCLIService: Login attempt is successful for user : null
2024-04-24T08:13:20,762  WARN [main] conf.HiveConf: HiveConf of name hive.dummyparam.test.server.specific.config.metastoresite does not exist
2024-04-24T08:13:20,762  WARN [main] conf.HiveConf: HiveConf of name hive.dummyparam.test.server.specific.config.override does not exist
2024-04-24T08:13:20,762  WARN [main] conf.HiveConf: HiveConf of name hive.dummyparam.test.server.specific.config.hiveserver2site does not exist
2024-04-24T08:13:20,762  INFO [86401944-3643-4ffd-8676-b151a42a2889 main] session.HiveSessionImpl: executing set
2024-04-24T08:13:20,763  INFO [86401944-3643-4ffd-8676-b151a42a2889 main] operation.HiveCommandOperation: Putting temp output to file /home/alex/Repositories/hive/beeline/target/tmp/alex/86401944-3643-4ffd-8676-b151a42a28898895286260710667171.pipeout and error output to file /home/alex/Repositories/hive/beeline/target/tmp/alex/86401944-3643-4ffd-8676-b151a42a28898387599462549765571.pipeout
2024-04-24T08:13:20,764  INFO [86401944-3643-4ffd-8676-b151a42a2889 main] operation.OperationManager: Adding operation: OperationHandle [opType=EXECUTE_STATEMENT, getHandleIdentifier()=a2ad3b1c-7c4f-42b6-b17b-8b7b3f13e579] SessionHandle [86401944-3643-4ffd-8676-b151a42a2889]
2024-04-24T08:13:20,764  INFO [86401944-3643-4ffd-8676-b151a42a2889 main] common.LogUtils: Thread context registration is done.
DEBUG StatusLogger Building Plugin[name=filter, class=org.apache.hadoop.hive.ql.log.LogDivertAppender$NameFilter].
DEBUG StatusLogger createFilter(loggingLevel="EXECUTION")
DEBUG StatusLogger Building Plugin[name=layout, class=org.apache.logging.log4j.core.layout.PatternLayout].
DEBUG StatusLogger PatternLayout$Builder(disableAnsi="null", noConsoleNoAnsi="null", PatternSelector=null, Configuration(HiveLog4j2Test), alwaysWriteExceptions="null", Replace=null, charset="null", pattern="%-5p : %m%n", header="null", footer="null")
DEBUG StatusLogger Building Plugin[name=appender, class=org.apache.hadoop.hive.ql.log.HushableRandomAccessFileAppender].
DEBUG StatusLogger createAppender(fileName="/home/alex/Repositories/hive/beeline/target/tmp/alex/operation_logs/86401944-3643-4ffd-8676-b151a42a2889/alex_20240424081320_84c89860-3ae8-46b0-97ad-8bfb93765f1d", append="null", name="query-file-appender", immediateFlush="null", bufferSize="null", ignoreExceptions="null", PatternLayout(org.apache.logging.log4j.core.layout.PatternLayout with name PatternLayout), NameFilter(org.apache.hadoop.hive.ql.log.LogDivertAppender$NameFilter with name NameFilter), advertise="null", advertiseURI="null", Configuration(HiveLog4j2Test))
DEBUG StatusLogger Starting RandomAccessFileManager /home/alex/Repositories/hive/beeline/target/tmp/alex/operation_logs/86401944-3643-4ffd-8676-b151a42a2889/alex_20240424081320_84c89860-3ae8-46b0-97ad-8bfb93765f1d
DEBUG StatusLogger Building Plugin[name=, class=org.apache.hadoop.hive.ql.log.LogDivertAppenderForTest$TestFilter].
DEBUG StatusLogger createFilter()
DEBUG StatusLogger Building Plugin[name=, class=org.apache.logging.log4j.core.layout.PatternLayout].
DEBUG StatusLogger PatternLayout$Builder(Configuration(HiveLog4j2Test), Replace=null, noConsoleNoAnsi="null", disableAnsi="null", charset="null", header="null", footer="null", pattern="%-5p : %m%n", alwaysWriteExceptions="null", PatternSelector=null)
DEBUG StatusLogger Building Plugin[name=appender, class=org.apache.hadoop.hive.ql.log.HushableRandomAccessFileAppender].
DEBUG StatusLogger createAppender(fileName="/home/alex/Repositories/hive/beeline/target/tmp/alex/operation_logs/86401944-3643-4ffd-8676-b151a42a2889/alex_20240424081320_84c89860-3ae8-46b0-97ad-8bfb93765f1d.test", append="null", name="test-query-file-appender", immediateFlush="null", bufferSize="null", ignoreExceptions="null", PatternLayout(org.apache.logging.log4j.core.layout.PatternLayout with name PatternLayout), test-filter(org.apache.hadoop.hive.ql.log.LogDivertAppenderForTest$TestFilter with name test-filter), advertise="null", advertiseURI="null", Configuration(HiveLog4j2Test))
DEBUG StatusLogger Starting RandomAccessFileManager /home/alex/Repositories/hive/beeline/target/tmp/alex/operation_logs/86401944-3643-4ffd-8676-b151a42a2889/alex_20240424081320_84c89860-3ae8-46b0-97ad-8bfb93765f1d.test
2024-04-24T08:13:20,771  INFO [86401944-3643-4ffd-8676-b151a42a2889 main] operation.HiveCommandOperation: [opType=EXECUTE_STATEMENT, queryId=alex_20240424081320_84c89860-3ae8-46b0-97ad-8bfb93765f1d, startTime=1713971600763, sessionId=86401944-3643-4ffd-8676-b151a42a2889, createTime=1713971600700, userName=null, ipAddress=null]
2024-04-24T08:13:20,864  INFO [86401944-3643-4ffd-8676-b151a42a2889 main] common.LogUtils: Unregistered logging context.
2024-04-24T08:13:20,866  INFO [86401944-3643-4ffd-8676-b151a42a2889 main] operation.OperationManager: Closing operation: OperationHandle [opType=EXECUTE_STATEMENT, getHandleIdentifier()=a2ad3b1c-7c4f-42b6-b17b-8b7b3f13e579]
2024-04-24T08:13:20,866  INFO [86401944-3643-4ffd-8676-b151a42a2889 main] operation.OperationManager: Removed queryId: alex_20240424081320_84c89860-3ae8-46b0-97ad-8bfb93765f1d corresponding to operation: OperationHandle [opType=EXECUTE_STATEMENT, getHandleIdentifier()=a2ad3b1c-7c4f-42b6-b17b-8b7b3f13e579] with tag: null
2024-04-24T08:13:20,867  INFO [86401944-3643-4ffd-8676-b151a42a2889 main] operation.HiveCommandOperation: Closing operation log /home/alex/Repositories/hive/beeline/target/tmp/alex/operation_logs/86401944-3643-4ffd-8676-b151a42a2889/alex_20240424081320_84c89860-3ae8-46b0-97ad-8bfb93765f1d without delay
2024-04-24T08:13:20,869  INFO [86401944-3643-4ffd-8676-b151a42a2889 main] session.HiveSessionImpl: executing show databases
2024-04-24T08:13:20,870  INFO [86401944-3643-4ffd-8676-b151a42a2889 main] operation.OperationManager: Adding operation: OperationHandle [opType=EXECUTE_STATEMENT, getHandleIdentifier()=ba85270d-f2c3-46ad-a265-685a7082410f] SessionHandle [86401944-3643-4ffd-8676-b151a42a2889]
2024-04-24T08:13:20,870  INFO [86401944-3643-4ffd-8676-b151a42a2889 main] common.LogUtils: Thread context registration is done.
DEBUG StatusLogger Building Plugin[name=filter, class=org.apache.hadoop.hive.ql.log.LogDivertAppender$NameFilter].
DEBUG StatusLogger createFilter(loggingLevel="EXECUTION")
DEBUG StatusLogger Building Plugin[name=layout, class=org.apache.logging.log4j.core.layout.PatternLayout].
DEBUG StatusLogger PatternLayout$Builder(alwaysWriteExceptions="null", charset="null", header="null", footer="null", disableAnsi="null", PatternSelector=null, Replace=null, noConsoleNoAnsi="null", Configuration(HiveLog4j2Test), pattern="%-5p : %m%n")
DEBUG StatusLogger Building Plugin[name=appender, class=org.apache.hadoop.hive.ql.log.HushableRandomAccessFileAppender].
DEBUG StatusLogger createAppender(fileName="/home/alex/Repositories/hive/beeline/target/tmp/alex/operation_logs/86401944-3643-4ffd-8676-b151a42a2889/alex_20240424081320_58fa2900-8895-4c75-b6fa-3a7a5c79479c", append="null", name="query-file-appender", immediateFlush="null", bufferSize="null", ignoreExceptions="null", PatternLayout(org.apache.logging.log4j.core.layout.PatternLayout with name PatternLayout), NameFilter(org.apache.hadoop.hive.ql.log.LogDivertAppender$NameFilter with name NameFilter), advertise="null", advertiseURI="null", Configuration(HiveLog4j2Test))
DEBUG StatusLogger Starting RandomAccessFileManager /home/alex/Repositories/hive/beeline/target/tmp/alex/operation_logs/86401944-3643-4ffd-8676-b151a42a2889/alex_20240424081320_58fa2900-8895-4c75-b6fa-3a7a5c79479c
DEBUG StatusLogger Building Plugin[name=, class=org.apache.hadoop.hive.ql.log.LogDivertAppenderForTest$TestFilter].
DEBUG StatusLogger createFilter()
DEBUG StatusLogger Building Plugin[name=, class=org.apache.logging.log4j.core.layout.PatternLayout].
DEBUG StatusLogger PatternLayout$Builder(Configuration(HiveLog4j2Test), Replace=null, PatternSelector=null, charset="null", alwaysWriteExceptions="null", pattern="%-5p : %m%n", disableAnsi="null", footer="null", header="null", noConsoleNoAnsi="null")
DEBUG StatusLogger Building Plugin[name=appender, class=org.apache.hadoop.hive.ql.log.HushableRandomAccessFileAppender].
DEBUG StatusLogger createAppender(fileName="/home/alex/Repositories/hive/beeline/target/tmp/alex/operation_logs/86401944-3643-4ffd-8676-b151a42a2889/alex_20240424081320_58fa2900-8895-4c75-b6fa-3a7a5c79479c.test", append="null", name="test-query-file-appender", immediateFlush="null", bufferSize="null", ignoreExceptions="null", PatternLayout(org.apache.logging.log4j.core.layout.PatternLayout with name PatternLayout), test-filter(org.apache.hadoop.hive.ql.log.LogDivertAppenderForTest$TestFilter with name test-filter), advertise="null", advertiseURI="null", Configuration(HiveLog4j2Test))
DEBUG StatusLogger Starting RandomAccessFileManager /home/alex/Repositories/hive/beeline/target/tmp/alex/operation_logs/86401944-3643-4ffd-8676-b151a42a2889/alex_20240424081320_58fa2900-8895-4c75-b6fa-3a7a5c79479c.test
2024-04-24T08:13:20,878  INFO [86401944-3643-4ffd-8676-b151a42a2889 main] operation.SQLOperation: [opType=EXECUTE_STATEMENT, queryId=alex_20240424081320_58fa2900-8895-4c75-b6fa-3a7a5c79479c, startTime=1713971600869, sessionId=86401944-3643-4ffd-8676-b151a42a2889, createTime=1713971600700, userName=null, ipAddress=null]
2024-04-24T08:13:20,879  INFO [86401944-3643-4ffd-8676-b151a42a2889 main] ql.Driver: Compiling command(queryId=alex_20240424081320_58fa2900-8895-4c75-b6fa-3a7a5c79479c): show databases
2024-04-24T08:13:20,880  INFO [86401944-3643-4ffd-8676-b151a42a2889 main] metastore.HiveMetaStoreClient: HMS client filtering is enabled.
2024-04-24T08:13:20,881  INFO [86401944-3643-4ffd-8676-b151a42a2889 main] metastore.HMSHandler: 0: Opening raw store with implementation class:org.apache.hadoop.hive.metastore.ObjectStore
2024-04-24T08:13:20,881  INFO [86401944-3643-4ffd-8676-b151a42a2889 main] metastore.PersistenceManagerProvider: Configuration datanucleus.autoStartMechanismMode is not set. Defaulting to 'ignored'
2024-04-24T08:13:20,882  INFO [86401944-3643-4ffd-8676-b151a42a2889 main] metastore.ObjectStore: RawStore: org.apache.hadoop.hive.metastore.ObjectStore@3ec7eb5, with PersistenceManager: null will be shutdown
2024-04-24T08:13:20,882  INFO [86401944-3643-4ffd-8676-b151a42a2889 main] metastore.ObjectStore: RawStore: org.apache.hadoop.hive.metastore.ObjectStore@3ec7eb5, with PersistenceManager: org.datanucleus.api.jdo.JDOPersistenceManager@5534e6f1 created in the thread with id: 1
2024-04-24T08:13:20,884  INFO [86401944-3643-4ffd-8676-b151a42a2889 main] metastore.HMSHandler: Created RawStore: org.apache.hadoop.hive.metastore.ObjectStore@3ec7eb5 from thread id: 1
2024-04-24T08:13:20,885  INFO [86401944-3643-4ffd-8676-b151a42a2889 main] metastore.HMSHandler: HMS server filtering is disabled by configuration
2024-04-24T08:13:20,885  INFO [86401944-3643-4ffd-8676-b151a42a2889 main] metastore.RetryingMetaStoreClient: RetryingMetaStoreClient proxy=class org.apache.hadoop.hive.ql.metadata.SessionHiveMetaStoreClient ugi=alex (auth:SIMPLE) retries=1 delay=1 lifetime=0
2024-04-24T08:13:20,888  INFO [86401944-3643-4ffd-8676-b151a42a2889 main] ql.Driver: Semantic Analysis Completed (retrial = false)
2024-04-24T08:13:20,889  INFO [86401944-3643-4ffd-8676-b151a42a2889 main] ql.Driver: Created Hive schema: Schema(fieldSchemas:[FieldSchema(name:database_name, type:string, comment:from deserializer)], properties:null)
2024-04-24T08:13:20,890  INFO [86401944-3643-4ffd-8676-b151a42a2889 main] exec.ListSinkOperator: Initializing Operator: LIST_SINK[0]
2024-04-24T08:13:20,890  INFO [86401944-3643-4ffd-8676-b151a42a2889 main] metadata.Hive: Dumping metastore api call timing information for : compilation phase
2024-04-24T08:13:20,890  INFO [86401944-3643-4ffd-8676-b151a42a2889 main] metadata.Hive: Total time spent in each metastore function (ms): {flushCache_()=0, isCompatibleWith_(Configuration)=0}
2024-04-24T08:13:20,891  INFO [86401944-3643-4ffd-8676-b151a42a2889 main] ql.Driver: Completed compiling command(queryId=alex_20240424081320_58fa2900-8895-4c75-b6fa-3a7a5c79479c); Time taken: 0.011 seconds
2024-04-24T08:13:20,892  INFO [86401944-3643-4ffd-8676-b151a42a2889 main] common.LogUtils: Unregistered logging context.
2024-04-24T08:13:20,892  INFO [HiveServer2-Background-Pool: Thread-481] common.LogUtils: Thread context registration is done.
2024-04-24T08:13:20,892  INFO [HiveServer2-Background-Pool: Thread-481] reexec.ReExecDriver: Execution #1 of query
2024-04-24T08:13:20,892  INFO [HiveServer2-Background-Pool: Thread-481] ql.Driver: Concurrency mode is disabled, not creating a lock manager
2024-04-24T08:13:20,893  INFO [HiveServer2-Background-Pool: Thread-481] ql.Driver: Executing command(queryId=alex_20240424081320_58fa2900-8895-4c75-b6fa-3a7a5c79479c): show databases
2024-04-24T08:13:20,894  INFO [HiveServer2-Background-Pool: Thread-481] ql.Driver: Starting task [Stage-0:DDL] in serial mode
2024-04-24T08:13:20,895  INFO [HiveServer2-Background-Pool: Thread-481] HiveMetaStore.audit: ugi=alex	ip=unknown-ip-addr	cmd=get_databases: @hive#	
2024-04-24T08:13:20,896  INFO [HiveServer2-Background-Pool: Thread-481] metastore.HMSHandler: 22: Opening raw store with implementation class:org.apache.hadoop.hive.metastore.ObjectStore
2024-04-24T08:13:20,897  INFO [HiveServer2-Background-Pool: Thread-481] metastore.ObjectStore: RawStore: org.apache.hadoop.hive.metastore.ObjectStore@36938848, with PersistenceManager: null will be shutdown
2024-04-24T08:13:20,897  INFO [HiveServer2-Background-Pool: Thread-481] metastore.ObjectStore: RawStore: org.apache.hadoop.hive.metastore.ObjectStore@36938848, with PersistenceManager: org.datanucleus.api.jdo.JDOPersistenceManager@739110fe created in the thread with id: 481
2024-04-24T08:13:20,899  INFO [HiveServer2-Background-Pool: Thread-481] metastore.HMSHandler: Created RawStore: org.apache.hadoop.hive.metastore.ObjectStore@36938848 from thread id: 481
2024-04-24T08:13:20,908  INFO [HiveServer2-Background-Pool: Thread-481] sqlstd.SQLStdHiveAccessController: Created SQLStdHiveAccessController for session context : HiveAuthzSessionContext [sessionString=86401944-3643-4ffd-8676-b151a42a2889, clientType=HIVESERVER2]
2024-04-24T08:13:20,908  INFO [HiveServer2-Background-Pool: Thread-481] exec.DDLTask: Found 3 database(s) matching the SHOW DATABASES statement.
2024-04-24T08:13:20,916  INFO [HiveServer2-Background-Pool: Thread-481] metadata.Hive: Dumping metastore api call timing information for : execution phase
2024-04-24T08:13:20,916  INFO [HiveServer2-Background-Pool: Thread-481] metadata.Hive: Total time spent in each metastore function (ms): {getAllDatabases_()=13, isCompatibleWith_(Configuration)=0}
2024-04-24T08:13:20,917  INFO [HiveServer2-Background-Pool: Thread-481] ql.Driver: Completed executing command(queryId=alex_20240424081320_58fa2900-8895-4c75-b6fa-3a7a5c79479c); Time taken: 0.023 seconds
2024-04-24T08:13:20,917  INFO [HiveServer2-Background-Pool: Thread-481] common.LogUtils: Unregistered logging context.
2024-04-24T08:13:20,919  INFO [86401944-3643-4ffd-8676-b151a42a2889 main] operation.OperationManager: Closing operation: OperationHandle [opType=EXECUTE_STATEMENT, getHandleIdentifier()=ba85270d-f2c3-46ad-a265-685a7082410f]
2024-04-24T08:13:20,919  INFO [86401944-3643-4ffd-8676-b151a42a2889 main] operation.OperationManager: Removed queryId: alex_20240424081320_58fa2900-8895-4c75-b6fa-3a7a5c79479c corresponding to operation: OperationHandle [opType=EXECUTE_STATEMENT, getHandleIdentifier()=ba85270d-f2c3-46ad-a265-685a7082410f] with tag: null
2024-04-24T08:13:20,920  INFO [86401944-3643-4ffd-8676-b151a42a2889 main] ql.Context: Deleting scratch dir: file:/home/alex/Repositories/hive/beeline/target/tmp/alex/86401944-3643-4ffd-8676-b151a42a2889/hive_2024-04-24_08-13-20_879_7030115925375915311-1
2024-04-24T08:13:20,920  INFO [86401944-3643-4ffd-8676-b151a42a2889 main] cleanup.EventualCleanupService: Delete file:/home/alex/Repositories/hive/beeline/target/tmp/alex/86401944-3643-4ffd-8676-b151a42a2889/hive_2024-04-24_08-13-20_879_7030115925375915311-1 operation was queued
2024-04-24T08:13:20,920  INFO [86401944-3643-4ffd-8676-b151a42a2889 main] exec.ListSinkOperator: Closing Operator: LIST_SINK[0]
2024-04-24T08:13:20,920  INFO [86401944-3643-4ffd-8676-b151a42a2889 main] exec.ListSinkOperator: RECORDS_OUT_INTERMEDIATE:0, RECORDS_OUT_OPERATOR_LIST_SINK_0:0, 
2024-04-24T08:13:20,920  INFO [86401944-3643-4ffd-8676-b151a42a2889 main] operation.SQLOperation: Closing operation log /home/alex/Repositories/hive/beeline/target/tmp/alex/operation_logs/86401944-3643-4ffd-8676-b151a42a2889/alex_20240424081320_58fa2900-8895-4c75-b6fa-3a7a5c79479c without delay
2024-04-24T08:13:20,920  INFO [EventualCleanupService thread 0] cleanup.EventualCleanupService: Deleted file:/home/alex/Repositories/hive/beeline/target/tmp/alex/86401944-3643-4ffd-8676-b151a42a2889/hive_2024-04-24_08-13-20_879_7030115925375915311-1
2024-04-24T08:13:20,921  INFO [main] service.CompositeService: Session closed, SessionHandle [86401944-3643-4ffd-8676-b151a42a2889], current sessions:0
2024-04-24T08:13:20,921  INFO [86401944-3643-4ffd-8676-b151a42a2889 main] session.HiveSessionImpl: Operation log session directory is deleted: /home/alex/Repositories/hive/beeline/target/tmp/alex/operation_logs/86401944-3643-4ffd-8676-b151a42a2889
2024-04-24T08:13:20,922  INFO [main] cleanup.EventualCleanupService: Delete /tmp/hive/alex/86401944-3643-4ffd-8676-b151a42a2889 operation was queued
2024-04-24T08:13:20,922  INFO [main] cleanup.EventualCleanupService: Delete /home/alex/Repositories/hive/beeline/target/tmp/alex/86401944-3643-4ffd-8676-b151a42a2889 operation was queued
2024-04-24T08:13:20,922  INFO [EventualCleanupService thread 2] cleanup.EventualCleanupService: Deleted /home/alex/Repositories/hive/beeline/target/tmp/alex/86401944-3643-4ffd-8676-b151a42a2889
2024-04-24T08:13:20,922  INFO [EventualCleanupService thread 1] cleanup.EventualCleanupService: Deleted /tmp/hive/alex/86401944-3643-4ffd-8676-b151a42a2889
2024-04-24T08:13:20,923  INFO [main] HiveMetaStore.audit: ugi=alex	ip=unknown-ip-addr	cmd=Cleaning up thread local RawStore...	
2024-04-24T08:13:20,923  INFO [main] metastore.ObjectStore: RawStore: org.apache.hadoop.hive.metastore.ObjectStore@3ec7eb5, with PersistenceManager: org.datanucleus.api.jdo.JDOPersistenceManager@5534e6f1 will be shutdown
2024-04-24T08:13:20,923  INFO [main] HiveMetaStore.audit: ugi=alex	ip=unknown-ip-addr	cmd=Done cleaning up thread local RawStore	
2024-04-24T08:13:20,923  INFO [main] metastore.HiveMetaStoreClient: Closed a connection to metastore, current connections: -31
2024-04-24T08:13:20,923 ERROR [main] cli.TestHiveCli: Failed due to the error:Connecting to jdbc:hive2://
Hive Session ID = 65cd65b9-d7d8-41c6-ae7a-c5f22a85f1db
ivysettings.xml file not found in HIVE_HOME or HIVE_CONF_DIR,/home/alex/Repositories/hive/conf/ivysettings.xml will be used
ivysettings.xml file not found in HIVE_HOME or HIVE_CONF_DIR,/home/alex/Repositories/hive/conf/ivysettings.xml will be used
Connected to: Apache Hive (version 4.0.0-SNAPSHOT)
Error: Couldn't load manifest attributes. (state=,code=0)
Transaction isolation: TRANSACTION_REPEATABLE_READ
INFO  : Compiling command(queryId=alex_20240424081320_58fa2900-8895-4c75-b6fa-3a7a5c79479c): show databases
INFO  : Semantic Analysis Completed (retrial = false)
INFO  : Created Hive schema: Schema(fieldSchemas:[FieldSchema(name:database_name, type:string, comment:from deserializer)], properties:null)
INFO  : Completed compiling command(queryId=alex_20240424081320_58fa2900-8895-4c75-b6fa-3a7a5c79479c); Time taken: 0.011 seconds
INFO  : Concurrency mode is disabled, not creating a lock manager
INFO  : Executing command(queryId=alex_20240424081320_58fa2900-8895-4c75-b6fa-3a7a5c79479c): show databases
INFO  : Starting task [Stage-0:DDL] in serial mode
DEBUG : Task getting executed using mapred tag : alex_20240424081320_58fa2900-8895-4c75-b6fa-3a7a5c79479c,userid=null
INFO  : Completed executing command(queryId=alex_20240424081320_58fa2900-8895-4c75-b6fa-3a7a5c79479c); Time taken: 0.023 seconds
DEBUG : Shutting down query show databases
Error: Failed to wait for operation to complete (state=08S01,code=0)
Closing: 0: jdbc:hive2://

]]></system-err>
  </testcase>
  <testcase name="testSqlFromCmdWithComments2" classname="org.apache.hive.beeline.cli.TestHiveCli" time="0.255"/>
  <testcase name="testSqlFromCmdWithComments3" classname="org.apache.hive.beeline.cli.TestHiveCli" time="0.288">
    <failure type="java.lang.AssertionError"><![CDATA[java.lang.AssertionError: Supported return code is 0 while the actual is 1
	at org.junit.Assert.fail(Assert.java:89)
	at org.apache.hive.beeline.cli.TestHiveCli.executeCMD(TestHiveCli.java:256)
	at org.apache.hive.beeline.cli.TestHiveCli.verifyCMD(TestHiveCli.java:266)
	at org.apache.hive.beeline.cli.TestHiveCli.testSqlFromCmdWithComments3(TestHiveCli.java:160)
	at sun.reflect.NativeMethodAccessorImpl.invoke0(Native Method)
	at sun.reflect.NativeMethodAccessorImpl.invoke(NativeMethodAccessorImpl.java:62)
	at sun.reflect.DelegatingMethodAccessorImpl.invoke(DelegatingMethodAccessorImpl.java:43)
	at java.lang.reflect.Method.invoke(Method.java:498)
	at org.junit.runners.model.FrameworkMethod$1.runReflectiveCall(FrameworkMethod.java:59)
	at org.junit.internal.runners.model.ReflectiveCallable.run(ReflectiveCallable.java:12)
	at org.junit.runners.model.FrameworkMethod.invokeExplosively(FrameworkMethod.java:56)
	at org.junit.internal.runners.statements.InvokeMethod.evaluate(InvokeMethod.java:17)
	at org.junit.internal.runners.statements.RunBefores.evaluate(RunBefores.java:26)
	at org.junit.internal.runners.statements.RunAfters.evaluate(RunAfters.java:27)
	at org.junit.runners.ParentRunner$3.evaluate(ParentRunner.java:306)
	at org.junit.runners.BlockJUnit4ClassRunner$1.evaluate(BlockJUnit4ClassRunner.java:100)
	at org.junit.runners.ParentRunner.runLeaf(ParentRunner.java:366)
	at org.junit.runners.BlockJUnit4ClassRunner.runChild(BlockJUnit4ClassRunner.java:103)
	at org.junit.runners.BlockJUnit4ClassRunner.runChild(BlockJUnit4ClassRunner.java:63)
	at org.junit.runners.ParentRunner$4.run(ParentRunner.java:331)
	at org.junit.runners.ParentRunner$1.schedule(ParentRunner.java:79)
	at org.junit.runners.ParentRunner.runChildren(ParentRunner.java:329)
	at org.junit.runners.ParentRunner.access$100(ParentRunner.java:66)
	at org.junit.runners.ParentRunner$2.evaluate(ParentRunner.java:293)
	at org.junit.internal.runners.statements.RunBefores.evaluate(RunBefores.java:26)
	at org.junit.runners.ParentRunner$3.evaluate(ParentRunner.java:306)
	at org.junit.runners.ParentRunner.run(ParentRunner.java:413)
	at org.junit.runner.JUnitCore.run(JUnitCore.java:137)
	at org.junit.runner.JUnitCore.run(JUnitCore.java:115)
	at org.junit.vintage.engine.execution.RunnerExecutor.execute(RunnerExecutor.java:43)
	at java.util.stream.ForEachOps$ForEachOp$OfRef.accept(ForEachOps.java:183)
	at java.util.stream.ReferencePipeline$3$1.accept(ReferencePipeline.java:193)
	at java.util.Iterator.forEachRemaining(Iterator.java:116)
	at java.util.Spliterators$IteratorSpliterator.forEachRemaining(Spliterators.java:1801)
	at java.util.stream.AbstractPipeline.copyInto(AbstractPipeline.java:482)
	at java.util.stream.AbstractPipeline.wrapAndCopyInto(AbstractPipeline.java:472)
	at java.util.stream.ForEachOps$ForEachOp.evaluateSequential(ForEachOps.java:150)
	at java.util.stream.ForEachOps$ForEachOp$OfRef.evaluateSequential(ForEachOps.java:173)
	at java.util.stream.AbstractPipeline.evaluate(AbstractPipeline.java:234)
	at java.util.stream.ReferencePipeline.forEach(ReferencePipeline.java:485)
	at org.junit.vintage.engine.VintageTestEngine.executeAllChildren(VintageTestEngine.java:82)
	at org.junit.vintage.engine.VintageTestEngine.execute(VintageTestEngine.java:73)
	at org.junit.platform.launcher.core.DefaultLauncher.execute(DefaultLauncher.java:248)
	at org.junit.platform.launcher.core.DefaultLauncher.lambda$execute$5(DefaultLauncher.java:211)
	at org.junit.platform.launcher.core.DefaultLauncher.withInterceptedStreams(DefaultLauncher.java:226)
	at org.junit.platform.launcher.core.DefaultLauncher.execute(DefaultLauncher.java:199)
	at org.junit.platform.launcher.core.DefaultLauncher.execute(DefaultLauncher.java:132)
	at org.apache.maven.surefire.junitplatform.JUnitPlatformProvider.invokeAllTests(JUnitPlatformProvider.java:154)
	at org.apache.maven.surefire.junitplatform.JUnitPlatformProvider.invoke(JUnitPlatformProvider.java:123)
	at org.apache.maven.surefire.booter.ForkedBooter.runSuitesInProcess(ForkedBooter.java:377)
	at org.apache.maven.surefire.booter.ForkedBooter.execute(ForkedBooter.java:138)
	at org.apache.maven.surefire.booter.ForkedBooter.run(ForkedBooter.java:465)
	at org.apache.maven.surefire.booter.ForkedBooter.main(ForkedBooter.java:451)
]]></failure>
    <system-err><![CDATA[2024-04-24T08:13:21,183 ERROR [main] cli.TestHiveCli: Failed to execute command due to the error: java.lang.NullPointerException: Null output stream
2024-04-24T08:13:21,230  WARN [main] conf.HiveConf: HiveConf of name hive.dummyparam.test.server.specific.config.metastoresite does not exist
2024-04-24T08:13:21,230  WARN [main] conf.HiveConf: HiveConf of name hive.dummyparam.test.server.specific.config.hiveserver2site does not exist
2024-04-24T08:13:21,230  WARN [main] conf.HiveConf: HiveConf of name hive.dummyparam.test.server.specific.config.override does not exist
2024-04-24T08:13:21,231  INFO [main] SessionState: Hive Session ID = 23a68c2f-7883-49b4-880f-41e8ec8ce34b
2024-04-24T08:13:21,231  INFO [main] DependencyResolver: ivysettings.xml file not found in HIVE_HOME or HIVE_CONF_DIR,/home/alex/Repositories/hive/conf/ivysettings.xml will be used
2024-04-24T08:13:21,238  INFO [main] session.SessionState: Created HDFS directory: /tmp/hive/alex/23a68c2f-7883-49b4-880f-41e8ec8ce34b
2024-04-24T08:13:21,241  INFO [main] session.SessionState: Created local directory: /home/alex/Repositories/hive/beeline/target/tmp/alex/23a68c2f-7883-49b4-880f-41e8ec8ce34b
2024-04-24T08:13:21,244  INFO [main] session.SessionState: Created HDFS directory: /tmp/hive/alex/23a68c2f-7883-49b4-880f-41e8ec8ce34b/_tmp_space.db
2024-04-24T08:13:21,244  INFO [main] sqlstd.SQLStdHiveAccessController: Created SQLStdHiveAccessController for session context : HiveAuthzSessionContext [sessionString=23a68c2f-7883-49b4-880f-41e8ec8ce34b, clientType=HIVESERVER2]
2024-04-24T08:13:21,245  INFO [main] metastore.HiveMetaStoreClient: HMS client filtering is enabled.
2024-04-24T08:13:21,246  INFO [main] metastore.HMSHandler: 0: Opening raw store with implementation class:org.apache.hadoop.hive.metastore.ObjectStore
2024-04-24T08:13:21,246  INFO [main] metastore.PersistenceManagerProvider: Configuration datanucleus.autoStartMechanismMode is not set. Defaulting to 'ignored'
2024-04-24T08:13:21,247  INFO [main] metastore.ObjectStore: RawStore: org.apache.hadoop.hive.metastore.ObjectStore@56f72909, with PersistenceManager: null will be shutdown
2024-04-24T08:13:21,247  INFO [main] metastore.ObjectStore: RawStore: org.apache.hadoop.hive.metastore.ObjectStore@56f72909, with PersistenceManager: org.datanucleus.api.jdo.JDOPersistenceManager@71285693 created in the thread with id: 1
2024-04-24T08:13:21,249  INFO [main] metastore.HMSHandler: Created RawStore: org.apache.hadoop.hive.metastore.ObjectStore@56f72909 from thread id: 1
2024-04-24T08:13:21,249  INFO [main] metastore.HMSHandler: HMS server filtering is disabled by configuration
2024-04-24T08:13:21,249  INFO [main] metastore.RetryingMetaStoreClient: RetryingMetaStoreClient proxy=class org.apache.hadoop.hive.ql.metadata.SessionHiveMetaStoreClient ugi=alex (auth:SIMPLE) retries=1 delay=1 lifetime=0
2024-04-24T08:13:21,250  INFO [main] service.CompositeService: Operation log root directory is created: /home/alex/Repositories/hive/beeline/target/tmp/alex/operation_logs
2024-04-24T08:13:21,250  INFO [main] service.CompositeService: HiveServer2: Background operation thread pool size: 100
2024-04-24T08:13:21,250  INFO [main] service.CompositeService: HiveServer2: Background operation thread wait queue size: 100
2024-04-24T08:13:21,250  INFO [main] service.CompositeService: HiveServer2: Background operation thread keepalive time: 10 seconds
2024-04-24T08:13:21,250  INFO [main] service.CompositeService: Connections limit are user: 0 ipaddress: 0 user-ipaddress: 0
2024-04-24T08:13:21,252  INFO [main] cleanup.EventualCleanupService: EventualCleanupService started with 10 threads and queue of size 10000
ERROR StatusLogger Log4j2 ConfigurationScheduler attempted to increment scheduled items after start
ERROR StatusLogger Log4j2 ConfigurationScheduler attempted to increment scheduled items after start
2024-04-24T08:13:21,254  INFO [main] service.AbstractService: Service:OperationManager is inited.
2024-04-24T08:13:21,254  INFO [main] service.AbstractService: Service:SessionManager is inited.
2024-04-24T08:13:21,254  INFO [main] service.AbstractService: Service:CLIService is inited.
2024-04-24T08:13:21,254  INFO [main] service.AbstractService: Service:OperationManager is started.
2024-04-24T08:13:21,254  INFO [main] service.AbstractService: Service:SessionManager is started.
2024-04-24T08:13:21,254  INFO [main] service.AbstractService: Service:CLIService is started.
2024-04-24T08:13:21,254  INFO [main] service.AbstractService: Service:ThriftBinaryCLIService is inited.
2024-04-24T08:13:21,254  INFO [main] thrift.ThriftCLIService: Client protocol version: HIVE_CLI_SERVICE_PROTOCOL_V10
2024-04-24T08:13:21,254  INFO [main] thrift.ThriftCLIService: Creating Hive session handle for user [null] from IP null
2024-04-24T08:13:21,256  INFO [main] DependencyResolver: ivysettings.xml file not found in HIVE_HOME or HIVE_CONF_DIR,/home/alex/Repositories/hive/conf/ivysettings.xml will be used
2024-04-24T08:13:21,262  INFO [main] session.SessionState: Created HDFS directory: /tmp/hive/alex/ac6d4bbf-b09c-4555-ac2e-18ccc03ba0a5
2024-04-24T08:13:21,265  INFO [main] session.SessionState: Created local directory: /home/alex/Repositories/hive/beeline/target/tmp/alex/ac6d4bbf-b09c-4555-ac2e-18ccc03ba0a5
2024-04-24T08:13:21,269  INFO [main] session.SessionState: Created HDFS directory: /tmp/hive/alex/ac6d4bbf-b09c-4555-ac2e-18ccc03ba0a5/_tmp_space.db
2024-04-24T08:13:21,269  INFO [main] session.SessionState: Reloading auxiliary JAR files
2024-04-24T08:13:21,269  WARN [main] session.SessionState: Configuration hive.reloadable.aux.jars.path not specified
2024-04-24T08:13:21,269  INFO [main] HiveMetaStore.audit: ugi=alex	ip=unknown-ip-addr	cmd=Cleaning up thread local RawStore...	
2024-04-24T08:13:21,269  INFO [main] metastore.ObjectStore: RawStore: org.apache.hadoop.hive.metastore.ObjectStore@56f72909, with PersistenceManager: org.datanucleus.api.jdo.JDOPersistenceManager@71285693 will be shutdown
2024-04-24T08:13:21,269  INFO [main] HiveMetaStore.audit: ugi=alex	ip=unknown-ip-addr	cmd=Done cleaning up thread local RawStore	
2024-04-24T08:13:21,269  INFO [main] metastore.HiveMetaStoreClient: Closed a connection to metastore, current connections: -33
2024-04-24T08:13:21,269  INFO [main] session.HiveSessionImpl: Operation log session directory is created: /home/alex/Repositories/hive/beeline/target/tmp/alex/operation_logs/ac6d4bbf-b09c-4555-ac2e-18ccc03ba0a5
2024-04-24T08:13:21,269  INFO [main] service.CompositeService: Session opened, SessionHandle [ac6d4bbf-b09c-4555-ac2e-18ccc03ba0a5], current sessions:1
2024-04-24T08:13:21,269  INFO [main] thrift.ThriftCLIService: Login attempt is successful for user : null
2024-04-24T08:13:21,313  WARN [main] conf.HiveConf: HiveConf of name hive.dummyparam.test.server.specific.config.hiveserver2site does not exist
2024-04-24T08:13:21,314  WARN [main] conf.HiveConf: HiveConf of name hive.dummyparam.test.server.specific.config.metastoresite does not exist
2024-04-24T08:13:21,314  WARN [main] conf.HiveConf: HiveConf of name hive.dummyparam.test.server.specific.config.override does not exist
2024-04-24T08:13:21,314  INFO [ac6d4bbf-b09c-4555-ac2e-18ccc03ba0a5 main] session.HiveSessionImpl: executing set
2024-04-24T08:13:21,315  INFO [ac6d4bbf-b09c-4555-ac2e-18ccc03ba0a5 main] operation.HiveCommandOperation: Putting temp output to file /home/alex/Repositories/hive/beeline/target/tmp/alex/ac6d4bbf-b09c-4555-ac2e-18ccc03ba0a58522973781021888225.pipeout and error output to file /home/alex/Repositories/hive/beeline/target/tmp/alex/ac6d4bbf-b09c-4555-ac2e-18ccc03ba0a5987829258799760315.pipeout
2024-04-24T08:13:21,315  INFO [ac6d4bbf-b09c-4555-ac2e-18ccc03ba0a5 main] operation.OperationManager: Adding operation: OperationHandle [opType=EXECUTE_STATEMENT, getHandleIdentifier()=4ed42490-565e-4218-aa54-bba906dadc5e] SessionHandle [ac6d4bbf-b09c-4555-ac2e-18ccc03ba0a5]
2024-04-24T08:13:21,316  INFO [ac6d4bbf-b09c-4555-ac2e-18ccc03ba0a5 main] common.LogUtils: Thread context registration is done.
DEBUG StatusLogger Building Plugin[name=filter, class=org.apache.hadoop.hive.ql.log.LogDivertAppender$NameFilter].
DEBUG StatusLogger createFilter(loggingLevel="EXECUTION")
DEBUG StatusLogger Building Plugin[name=layout, class=org.apache.logging.log4j.core.layout.PatternLayout].
DEBUG StatusLogger PatternLayout$Builder(Configuration(HiveLog4j2Test), PatternSelector=null, pattern="%-5p : %m%n", footer="null", noConsoleNoAnsi="null", header="null", Replace=null, charset="null", alwaysWriteExceptions="null", disableAnsi="null")
DEBUG StatusLogger Building Plugin[name=appender, class=org.apache.hadoop.hive.ql.log.HushableRandomAccessFileAppender].
DEBUG StatusLogger createAppender(fileName="/home/alex/Repositories/hive/beeline/target/tmp/alex/operation_logs/ac6d4bbf-b09c-4555-ac2e-18ccc03ba0a5/alex_20240424081321_45afbe06-ff0c-4a8f-96ba-2f33e776d055", append="null", name="query-file-appender", immediateFlush="null", bufferSize="null", ignoreExceptions="null", PatternLayout(org.apache.logging.log4j.core.layout.PatternLayout with name PatternLayout), NameFilter(org.apache.hadoop.hive.ql.log.LogDivertAppender$NameFilter with name NameFilter), advertise="null", advertiseURI="null", Configuration(HiveLog4j2Test))
DEBUG StatusLogger Starting RandomAccessFileManager /home/alex/Repositories/hive/beeline/target/tmp/alex/operation_logs/ac6d4bbf-b09c-4555-ac2e-18ccc03ba0a5/alex_20240424081321_45afbe06-ff0c-4a8f-96ba-2f33e776d055
DEBUG StatusLogger Building Plugin[name=, class=org.apache.hadoop.hive.ql.log.LogDivertAppenderForTest$TestFilter].
DEBUG StatusLogger createFilter()
DEBUG StatusLogger Building Plugin[name=, class=org.apache.logging.log4j.core.layout.PatternLayout].
DEBUG StatusLogger PatternLayout$Builder(pattern="%-5p : %m%n", PatternSelector=null, noConsoleNoAnsi="null", header="null", Configuration(HiveLog4j2Test), disableAnsi="null", Replace=null, footer="null", alwaysWriteExceptions="null", charset="null")
DEBUG StatusLogger Building Plugin[name=appender, class=org.apache.hadoop.hive.ql.log.HushableRandomAccessFileAppender].
DEBUG StatusLogger createAppender(fileName="/home/alex/Repositories/hive/beeline/target/tmp/alex/operation_logs/ac6d4bbf-b09c-4555-ac2e-18ccc03ba0a5/alex_20240424081321_45afbe06-ff0c-4a8f-96ba-2f33e776d055.test", append="null", name="test-query-file-appender", immediateFlush="null", bufferSize="null", ignoreExceptions="null", PatternLayout(org.apache.logging.log4j.core.layout.PatternLayout with name PatternLayout), test-filter(org.apache.hadoop.hive.ql.log.LogDivertAppenderForTest$TestFilter with name test-filter), advertise="null", advertiseURI="null", Configuration(HiveLog4j2Test))
DEBUG StatusLogger Starting RandomAccessFileManager /home/alex/Repositories/hive/beeline/target/tmp/alex/operation_logs/ac6d4bbf-b09c-4555-ac2e-18ccc03ba0a5/alex_20240424081321_45afbe06-ff0c-4a8f-96ba-2f33e776d055.test
2024-04-24T08:13:21,323  INFO [ac6d4bbf-b09c-4555-ac2e-18ccc03ba0a5 main] operation.HiveCommandOperation: [opType=EXECUTE_STATEMENT, queryId=alex_20240424081321_45afbe06-ff0c-4a8f-96ba-2f33e776d055, startTime=1713971601314, sessionId=ac6d4bbf-b09c-4555-ac2e-18ccc03ba0a5, createTime=1713971601254, userName=null, ipAddress=null]
2024-04-24T08:13:21,418  INFO [ac6d4bbf-b09c-4555-ac2e-18ccc03ba0a5 main] common.LogUtils: Unregistered logging context.
2024-04-24T08:13:21,421  INFO [ac6d4bbf-b09c-4555-ac2e-18ccc03ba0a5 main] operation.OperationManager: Closing operation: OperationHandle [opType=EXECUTE_STATEMENT, getHandleIdentifier()=4ed42490-565e-4218-aa54-bba906dadc5e]
2024-04-24T08:13:21,421  INFO [ac6d4bbf-b09c-4555-ac2e-18ccc03ba0a5 main] operation.OperationManager: Removed queryId: alex_20240424081321_45afbe06-ff0c-4a8f-96ba-2f33e776d055 corresponding to operation: OperationHandle [opType=EXECUTE_STATEMENT, getHandleIdentifier()=4ed42490-565e-4218-aa54-bba906dadc5e] with tag: null
2024-04-24T08:13:21,421  INFO [ac6d4bbf-b09c-4555-ac2e-18ccc03ba0a5 main] operation.HiveCommandOperation: Closing operation log /home/alex/Repositories/hive/beeline/target/tmp/alex/operation_logs/ac6d4bbf-b09c-4555-ac2e-18ccc03ba0a5/alex_20240424081321_45afbe06-ff0c-4a8f-96ba-2f33e776d055 without delay
2024-04-24T08:13:21,424  INFO [ac6d4bbf-b09c-4555-ac2e-18ccc03ba0a5 main] session.HiveSessionImpl: executing show databases
2024-04-24T08:13:21,425  INFO [ac6d4bbf-b09c-4555-ac2e-18ccc03ba0a5 main] operation.OperationManager: Adding operation: OperationHandle [opType=EXECUTE_STATEMENT, getHandleIdentifier()=6ec9c8c4-a0db-4028-8560-dc3860b077fb] SessionHandle [ac6d4bbf-b09c-4555-ac2e-18ccc03ba0a5]
2024-04-24T08:13:21,425  INFO [ac6d4bbf-b09c-4555-ac2e-18ccc03ba0a5 main] common.LogUtils: Thread context registration is done.
DEBUG StatusLogger Building Plugin[name=filter, class=org.apache.hadoop.hive.ql.log.LogDivertAppender$NameFilter].
DEBUG StatusLogger createFilter(loggingLevel="EXECUTION")
DEBUG StatusLogger Building Plugin[name=layout, class=org.apache.logging.log4j.core.layout.PatternLayout].
DEBUG StatusLogger PatternLayout$Builder(charset="null", Configuration(HiveLog4j2Test), pattern="%-5p : %m%n", Replace=null, header="null", noConsoleNoAnsi="null", alwaysWriteExceptions="null", disableAnsi="null", PatternSelector=null, footer="null")
DEBUG StatusLogger Building Plugin[name=appender, class=org.apache.hadoop.hive.ql.log.HushableRandomAccessFileAppender].
DEBUG StatusLogger createAppender(fileName="/home/alex/Repositories/hive/beeline/target/tmp/alex/operation_logs/ac6d4bbf-b09c-4555-ac2e-18ccc03ba0a5/alex_20240424081321_93d60b8a-c36d-414a-99a2-cf0ab83a14b5", append="null", name="query-file-appender", immediateFlush="null", bufferSize="null", ignoreExceptions="null", PatternLayout(org.apache.logging.log4j.core.layout.PatternLayout with name PatternLayout), NameFilter(org.apache.hadoop.hive.ql.log.LogDivertAppender$NameFilter with name NameFilter), advertise="null", advertiseURI="null", Configuration(HiveLog4j2Test))
DEBUG StatusLogger Starting RandomAccessFileManager /home/alex/Repositories/hive/beeline/target/tmp/alex/operation_logs/ac6d4bbf-b09c-4555-ac2e-18ccc03ba0a5/alex_20240424081321_93d60b8a-c36d-414a-99a2-cf0ab83a14b5
DEBUG StatusLogger Building Plugin[name=, class=org.apache.hadoop.hive.ql.log.LogDivertAppenderForTest$TestFilter].
DEBUG StatusLogger createFilter()
DEBUG StatusLogger Building Plugin[name=, class=org.apache.logging.log4j.core.layout.PatternLayout].
DEBUG StatusLogger PatternLayout$Builder(Replace=null, footer="null", charset="null", Configuration(HiveLog4j2Test), pattern="%-5p : %m%n", PatternSelector=null, header="null", alwaysWriteExceptions="null", disableAnsi="null", noConsoleNoAnsi="null")
DEBUG StatusLogger Building Plugin[name=appender, class=org.apache.hadoop.hive.ql.log.HushableRandomAccessFileAppender].
DEBUG StatusLogger createAppender(fileName="/home/alex/Repositories/hive/beeline/target/tmp/alex/operation_logs/ac6d4bbf-b09c-4555-ac2e-18ccc03ba0a5/alex_20240424081321_93d60b8a-c36d-414a-99a2-cf0ab83a14b5.test", append="null", name="test-query-file-appender", immediateFlush="null", bufferSize="null", ignoreExceptions="null", PatternLayout(org.apache.logging.log4j.core.layout.PatternLayout with name PatternLayout), test-filter(org.apache.hadoop.hive.ql.log.LogDivertAppenderForTest$TestFilter with name test-filter), advertise="null", advertiseURI="null", Configuration(HiveLog4j2Test))
DEBUG StatusLogger Starting RandomAccessFileManager /home/alex/Repositories/hive/beeline/target/tmp/alex/operation_logs/ac6d4bbf-b09c-4555-ac2e-18ccc03ba0a5/alex_20240424081321_93d60b8a-c36d-414a-99a2-cf0ab83a14b5.test
2024-04-24T08:13:21,432  INFO [ac6d4bbf-b09c-4555-ac2e-18ccc03ba0a5 main] operation.SQLOperation: [opType=EXECUTE_STATEMENT, queryId=alex_20240424081321_93d60b8a-c36d-414a-99a2-cf0ab83a14b5, startTime=1713971601424, sessionId=ac6d4bbf-b09c-4555-ac2e-18ccc03ba0a5, createTime=1713971601254, userName=null, ipAddress=null]
2024-04-24T08:13:21,433  INFO [ac6d4bbf-b09c-4555-ac2e-18ccc03ba0a5 main] ql.Driver: Compiling command(queryId=alex_20240424081321_93d60b8a-c36d-414a-99a2-cf0ab83a14b5): show databases
2024-04-24T08:13:21,434  INFO [ac6d4bbf-b09c-4555-ac2e-18ccc03ba0a5 main] metastore.HiveMetaStoreClient: HMS client filtering is enabled.
2024-04-24T08:13:21,435  INFO [ac6d4bbf-b09c-4555-ac2e-18ccc03ba0a5 main] metastore.HMSHandler: 0: Opening raw store with implementation class:org.apache.hadoop.hive.metastore.ObjectStore
2024-04-24T08:13:21,435  INFO [ac6d4bbf-b09c-4555-ac2e-18ccc03ba0a5 main] metastore.PersistenceManagerProvider: Configuration datanucleus.autoStartMechanismMode is not set. Defaulting to 'ignored'
2024-04-24T08:13:21,436  INFO [ac6d4bbf-b09c-4555-ac2e-18ccc03ba0a5 main] metastore.ObjectStore: RawStore: org.apache.hadoop.hive.metastore.ObjectStore@c1a74d, with PersistenceManager: null will be shutdown
2024-04-24T08:13:21,436  INFO [ac6d4bbf-b09c-4555-ac2e-18ccc03ba0a5 main] metastore.ObjectStore: RawStore: org.apache.hadoop.hive.metastore.ObjectStore@c1a74d, with PersistenceManager: org.datanucleus.api.jdo.JDOPersistenceManager@472719df created in the thread with id: 1
2024-04-24T08:13:21,438  INFO [ac6d4bbf-b09c-4555-ac2e-18ccc03ba0a5 main] metastore.HMSHandler: Created RawStore: org.apache.hadoop.hive.metastore.ObjectStore@c1a74d from thread id: 1
2024-04-24T08:13:21,438  INFO [ac6d4bbf-b09c-4555-ac2e-18ccc03ba0a5 main] metastore.HMSHandler: HMS server filtering is disabled by configuration
2024-04-24T08:13:21,438  INFO [ac6d4bbf-b09c-4555-ac2e-18ccc03ba0a5 main] metastore.RetryingMetaStoreClient: RetryingMetaStoreClient proxy=class org.apache.hadoop.hive.ql.metadata.SessionHiveMetaStoreClient ugi=alex (auth:SIMPLE) retries=1 delay=1 lifetime=0
2024-04-24T08:13:21,442  INFO [ac6d4bbf-b09c-4555-ac2e-18ccc03ba0a5 main] ql.Driver: Semantic Analysis Completed (retrial = false)
2024-04-24T08:13:21,442  INFO [ac6d4bbf-b09c-4555-ac2e-18ccc03ba0a5 main] ql.Driver: Created Hive schema: Schema(fieldSchemas:[FieldSchema(name:database_name, type:string, comment:from deserializer)], properties:null)
2024-04-24T08:13:21,443  INFO [ac6d4bbf-b09c-4555-ac2e-18ccc03ba0a5 main] exec.ListSinkOperator: Initializing Operator: LIST_SINK[0]
2024-04-24T08:13:21,443  INFO [ac6d4bbf-b09c-4555-ac2e-18ccc03ba0a5 main] metadata.Hive: Dumping metastore api call timing information for : compilation phase
2024-04-24T08:13:21,443  INFO [ac6d4bbf-b09c-4555-ac2e-18ccc03ba0a5 main] metadata.Hive: Total time spent in each metastore function (ms): {flushCache_()=1, isCompatibleWith_(Configuration)=0}
2024-04-24T08:13:21,444  INFO [ac6d4bbf-b09c-4555-ac2e-18ccc03ba0a5 main] ql.Driver: Completed compiling command(queryId=alex_20240424081321_93d60b8a-c36d-414a-99a2-cf0ab83a14b5); Time taken: 0.01 seconds
2024-04-24T08:13:21,445  INFO [ac6d4bbf-b09c-4555-ac2e-18ccc03ba0a5 main] common.LogUtils: Unregistered logging context.
2024-04-24T08:13:21,445  INFO [HiveServer2-Background-Pool: Thread-528] common.LogUtils: Thread context registration is done.
2024-04-24T08:13:21,445  INFO [HiveServer2-Background-Pool: Thread-528] reexec.ReExecDriver: Execution #1 of query
2024-04-24T08:13:21,446  INFO [HiveServer2-Background-Pool: Thread-528] ql.Driver: Concurrency mode is disabled, not creating a lock manager
2024-04-24T08:13:21,446  INFO [HiveServer2-Background-Pool: Thread-528] ql.Driver: Executing command(queryId=alex_20240424081321_93d60b8a-c36d-414a-99a2-cf0ab83a14b5): show databases
2024-04-24T08:13:21,447  INFO [HiveServer2-Background-Pool: Thread-528] ql.Driver: Starting task [Stage-0:DDL] in serial mode
2024-04-24T08:13:21,448  INFO [HiveServer2-Background-Pool: Thread-528] HiveMetaStore.audit: ugi=alex	ip=unknown-ip-addr	cmd=get_databases: @hive#	
2024-04-24T08:13:21,449  INFO [HiveServer2-Background-Pool: Thread-528] metastore.HMSHandler: 23: Opening raw store with implementation class:org.apache.hadoop.hive.metastore.ObjectStore
2024-04-24T08:13:21,449  INFO [HiveServer2-Background-Pool: Thread-528] metastore.ObjectStore: RawStore: org.apache.hadoop.hive.metastore.ObjectStore@3eb67e94, with PersistenceManager: null will be shutdown
2024-04-24T08:13:21,449  INFO [HiveServer2-Background-Pool: Thread-528] metastore.ObjectStore: RawStore: org.apache.hadoop.hive.metastore.ObjectStore@3eb67e94, with PersistenceManager: org.datanucleus.api.jdo.JDOPersistenceManager@7bb4f726 created in the thread with id: 528
2024-04-24T08:13:21,452  INFO [HiveServer2-Background-Pool: Thread-528] metastore.HMSHandler: Created RawStore: org.apache.hadoop.hive.metastore.ObjectStore@3eb67e94 from thread id: 528
2024-04-24T08:13:21,454  INFO [HiveServer2-Background-Pool: Thread-528] sqlstd.SQLStdHiveAccessController: Created SQLStdHiveAccessController for session context : HiveAuthzSessionContext [sessionString=ac6d4bbf-b09c-4555-ac2e-18ccc03ba0a5, clientType=HIVESERVER2]
2024-04-24T08:13:21,454  INFO [HiveServer2-Background-Pool: Thread-528] exec.DDLTask: Found 3 database(s) matching the SHOW DATABASES statement.
2024-04-24T08:13:21,460  INFO [HiveServer2-Background-Pool: Thread-528] metadata.Hive: Dumping metastore api call timing information for : execution phase
2024-04-24T08:13:21,460  INFO [HiveServer2-Background-Pool: Thread-528] metadata.Hive: Total time spent in each metastore function (ms): {getAllDatabases_()=7, isCompatibleWith_(Configuration)=0}
2024-04-24T08:13:21,460  INFO [HiveServer2-Background-Pool: Thread-528] ql.Driver: Completed executing command(queryId=alex_20240424081321_93d60b8a-c36d-414a-99a2-cf0ab83a14b5); Time taken: 0.014 seconds
2024-04-24T08:13:21,461  INFO [HiveServer2-Background-Pool: Thread-528] common.LogUtils: Unregistered logging context.
2024-04-24T08:13:21,464  INFO [ac6d4bbf-b09c-4555-ac2e-18ccc03ba0a5 main] operation.OperationManager: Closing operation: OperationHandle [opType=EXECUTE_STATEMENT, getHandleIdentifier()=6ec9c8c4-a0db-4028-8560-dc3860b077fb]
2024-04-24T08:13:21,464  INFO [ac6d4bbf-b09c-4555-ac2e-18ccc03ba0a5 main] operation.OperationManager: Removed queryId: alex_20240424081321_93d60b8a-c36d-414a-99a2-cf0ab83a14b5 corresponding to operation: OperationHandle [opType=EXECUTE_STATEMENT, getHandleIdentifier()=6ec9c8c4-a0db-4028-8560-dc3860b077fb] with tag: null
2024-04-24T08:13:21,464  INFO [ac6d4bbf-b09c-4555-ac2e-18ccc03ba0a5 main] ql.Context: Deleting scratch dir: file:/home/alex/Repositories/hive/beeline/target/tmp/alex/ac6d4bbf-b09c-4555-ac2e-18ccc03ba0a5/hive_2024-04-24_08-13-21_433_3541994125014921715-1
2024-04-24T08:13:21,464  INFO [ac6d4bbf-b09c-4555-ac2e-18ccc03ba0a5 main] cleanup.EventualCleanupService: Delete file:/home/alex/Repositories/hive/beeline/target/tmp/alex/ac6d4bbf-b09c-4555-ac2e-18ccc03ba0a5/hive_2024-04-24_08-13-21_433_3541994125014921715-1 operation was queued
2024-04-24T08:13:21,464  INFO [ac6d4bbf-b09c-4555-ac2e-18ccc03ba0a5 main] exec.ListSinkOperator: Closing Operator: LIST_SINK[0]
2024-04-24T08:13:21,464  INFO [ac6d4bbf-b09c-4555-ac2e-18ccc03ba0a5 main] exec.ListSinkOperator: RECORDS_OUT_OPERATOR_LIST_SINK_0:0, RECORDS_OUT_INTERMEDIATE:0, 
2024-04-24T08:13:21,464  INFO [ac6d4bbf-b09c-4555-ac2e-18ccc03ba0a5 main] operation.SQLOperation: Closing operation log /home/alex/Repositories/hive/beeline/target/tmp/alex/operation_logs/ac6d4bbf-b09c-4555-ac2e-18ccc03ba0a5/alex_20240424081321_93d60b8a-c36d-414a-99a2-cf0ab83a14b5 without delay
2024-04-24T08:13:21,464  INFO [EventualCleanupService thread 0] cleanup.EventualCleanupService: Deleted file:/home/alex/Repositories/hive/beeline/target/tmp/alex/ac6d4bbf-b09c-4555-ac2e-18ccc03ba0a5/hive_2024-04-24_08-13-21_433_3541994125014921715-1
2024-04-24T08:13:21,465  INFO [main] service.CompositeService: Session closed, SessionHandle [ac6d4bbf-b09c-4555-ac2e-18ccc03ba0a5], current sessions:0
2024-04-24T08:13:21,465  INFO [ac6d4bbf-b09c-4555-ac2e-18ccc03ba0a5 main] session.HiveSessionImpl: Operation log session directory is deleted: /home/alex/Repositories/hive/beeline/target/tmp/alex/operation_logs/ac6d4bbf-b09c-4555-ac2e-18ccc03ba0a5
2024-04-24T08:13:21,465  INFO [main] cleanup.EventualCleanupService: Delete /tmp/hive/alex/ac6d4bbf-b09c-4555-ac2e-18ccc03ba0a5 operation was queued
2024-04-24T08:13:21,465  INFO [main] cleanup.EventualCleanupService: Delete /home/alex/Repositories/hive/beeline/target/tmp/alex/ac6d4bbf-b09c-4555-ac2e-18ccc03ba0a5 operation was queued
2024-04-24T08:13:21,466  INFO [EventualCleanupService thread 2] cleanup.EventualCleanupService: Deleted /home/alex/Repositories/hive/beeline/target/tmp/alex/ac6d4bbf-b09c-4555-ac2e-18ccc03ba0a5
2024-04-24T08:13:21,466  INFO [EventualCleanupService thread 1] cleanup.EventualCleanupService: Deleted /tmp/hive/alex/ac6d4bbf-b09c-4555-ac2e-18ccc03ba0a5
2024-04-24T08:13:21,467  INFO [main] HiveMetaStore.audit: ugi=alex	ip=unknown-ip-addr	cmd=Cleaning up thread local RawStore...	
2024-04-24T08:13:21,467  INFO [main] metastore.ObjectStore: RawStore: org.apache.hadoop.hive.metastore.ObjectStore@c1a74d, with PersistenceManager: org.datanucleus.api.jdo.JDOPersistenceManager@472719df will be shutdown
2024-04-24T08:13:21,467  INFO [main] HiveMetaStore.audit: ugi=alex	ip=unknown-ip-addr	cmd=Done cleaning up thread local RawStore	
2024-04-24T08:13:21,467  INFO [main] metastore.HiveMetaStoreClient: Closed a connection to metastore, current connections: -34
2024-04-24T08:13:21,467 ERROR [main] cli.TestHiveCli: Failed due to the error:Connecting to jdbc:hive2://
Hive Session ID = 23a68c2f-7883-49b4-880f-41e8ec8ce34b
ivysettings.xml file not found in HIVE_HOME or HIVE_CONF_DIR,/home/alex/Repositories/hive/conf/ivysettings.xml will be used
ivysettings.xml file not found in HIVE_HOME or HIVE_CONF_DIR,/home/alex/Repositories/hive/conf/ivysettings.xml will be used
Connected to: Apache Hive (version 4.0.0-SNAPSHOT)
Error: Couldn't load manifest attributes. (state=,code=0)
Transaction isolation: TRANSACTION_REPEATABLE_READ
INFO  : Compiling command(queryId=alex_20240424081321_93d60b8a-c36d-414a-99a2-cf0ab83a14b5): show databases
INFO  : Semantic Analysis Completed (retrial = false)
INFO  : Created Hive schema: Schema(fieldSchemas:[FieldSchema(name:database_name, type:string, comment:from deserializer)], properties:null)
INFO  : Completed compiling command(queryId=alex_20240424081321_93d60b8a-c36d-414a-99a2-cf0ab83a14b5); Time taken: 0.01 seconds
INFO  : Concurrency mode is disabled, not creating a lock manager
INFO  : Executing command(queryId=alex_20240424081321_93d60b8a-c36d-414a-99a2-cf0ab83a14b5): show databases
INFO  : Starting task [Stage-0:DDL] in serial mode
DEBUG : Task getting executed using mapred tag : alex_20240424081321_93d60b8a-c36d-414a-99a2-cf0ab83a14b5,userid=null
INFO  : Completed executing command(queryId=alex_20240424081321_93d60b8a-c36d-414a-99a2-cf0ab83a14b5); Time taken: 0.014 seconds
DEBUG : Shutting down query show databases
Error: Failed to wait for operation to complete (state=08S01,code=0)
Closing: 0: jdbc:hive2://

]]></system-err>
  </testcase>
  <testcase name="testSqlFromCmd" classname="org.apache.hive.beeline.cli.TestHiveCli" time="0.276">
    <failure type="java.lang.AssertionError"><![CDATA[java.lang.AssertionError: Supported return code is 0 while the actual is 1
	at org.junit.Assert.fail(Assert.java:89)
	at org.apache.hive.beeline.cli.TestHiveCli.executeCMD(TestHiveCli.java:256)
	at org.apache.hive.beeline.cli.TestHiveCli.verifyCMD(TestHiveCli.java:266)
	at org.apache.hive.beeline.cli.TestHiveCli.testSqlFromCmd(TestHiveCli.java:145)
	at sun.reflect.NativeMethodAccessorImpl.invoke0(Native Method)
	at sun.reflect.NativeMethodAccessorImpl.invoke(NativeMethodAccessorImpl.java:62)
	at sun.reflect.DelegatingMethodAccessorImpl.invoke(DelegatingMethodAccessorImpl.java:43)
	at java.lang.reflect.Method.invoke(Method.java:498)
	at org.junit.runners.model.FrameworkMethod$1.runReflectiveCall(FrameworkMethod.java:59)
	at org.junit.internal.runners.model.ReflectiveCallable.run(ReflectiveCallable.java:12)
	at org.junit.runners.model.FrameworkMethod.invokeExplosively(FrameworkMethod.java:56)
	at org.junit.internal.runners.statements.InvokeMethod.evaluate(InvokeMethod.java:17)
	at org.junit.internal.runners.statements.RunBefores.evaluate(RunBefores.java:26)
	at org.junit.internal.runners.statements.RunAfters.evaluate(RunAfters.java:27)
	at org.junit.runners.ParentRunner$3.evaluate(ParentRunner.java:306)
	at org.junit.runners.BlockJUnit4ClassRunner$1.evaluate(BlockJUnit4ClassRunner.java:100)
	at org.junit.runners.ParentRunner.runLeaf(ParentRunner.java:366)
	at org.junit.runners.BlockJUnit4ClassRunner.runChild(BlockJUnit4ClassRunner.java:103)
	at org.junit.runners.BlockJUnit4ClassRunner.runChild(BlockJUnit4ClassRunner.java:63)
	at org.junit.runners.ParentRunner$4.run(ParentRunner.java:331)
	at org.junit.runners.ParentRunner$1.schedule(ParentRunner.java:79)
	at org.junit.runners.ParentRunner.runChildren(ParentRunner.java:329)
	at org.junit.runners.ParentRunner.access$100(ParentRunner.java:66)
	at org.junit.runners.ParentRunner$2.evaluate(ParentRunner.java:293)
	at org.junit.internal.runners.statements.RunBefores.evaluate(RunBefores.java:26)
	at org.junit.runners.ParentRunner$3.evaluate(ParentRunner.java:306)
	at org.junit.runners.ParentRunner.run(ParentRunner.java:413)
	at org.junit.runner.JUnitCore.run(JUnitCore.java:137)
	at org.junit.runner.JUnitCore.run(JUnitCore.java:115)
	at org.junit.vintage.engine.execution.RunnerExecutor.execute(RunnerExecutor.java:43)
	at java.util.stream.ForEachOps$ForEachOp$OfRef.accept(ForEachOps.java:183)
	at java.util.stream.ReferencePipeline$3$1.accept(ReferencePipeline.java:193)
	at java.util.Iterator.forEachRemaining(Iterator.java:116)
	at java.util.Spliterators$IteratorSpliterator.forEachRemaining(Spliterators.java:1801)
	at java.util.stream.AbstractPipeline.copyInto(AbstractPipeline.java:482)
	at java.util.stream.AbstractPipeline.wrapAndCopyInto(AbstractPipeline.java:472)
	at java.util.stream.ForEachOps$ForEachOp.evaluateSequential(ForEachOps.java:150)
	at java.util.stream.ForEachOps$ForEachOp$OfRef.evaluateSequential(ForEachOps.java:173)
	at java.util.stream.AbstractPipeline.evaluate(AbstractPipeline.java:234)
	at java.util.stream.ReferencePipeline.forEach(ReferencePipeline.java:485)
	at org.junit.vintage.engine.VintageTestEngine.executeAllChildren(VintageTestEngine.java:82)
	at org.junit.vintage.engine.VintageTestEngine.execute(VintageTestEngine.java:73)
	at org.junit.platform.launcher.core.DefaultLauncher.execute(DefaultLauncher.java:248)
	at org.junit.platform.launcher.core.DefaultLauncher.lambda$execute$5(DefaultLauncher.java:211)
	at org.junit.platform.launcher.core.DefaultLauncher.withInterceptedStreams(DefaultLauncher.java:226)
	at org.junit.platform.launcher.core.DefaultLauncher.execute(DefaultLauncher.java:199)
	at org.junit.platform.launcher.core.DefaultLauncher.execute(DefaultLauncher.java:132)
	at org.apache.maven.surefire.junitplatform.JUnitPlatformProvider.invokeAllTests(JUnitPlatformProvider.java:154)
	at org.apache.maven.surefire.junitplatform.JUnitPlatformProvider.invoke(JUnitPlatformProvider.java:123)
	at org.apache.maven.surefire.booter.ForkedBooter.runSuitesInProcess(ForkedBooter.java:377)
	at org.apache.maven.surefire.booter.ForkedBooter.execute(ForkedBooter.java:138)
	at org.apache.maven.surefire.booter.ForkedBooter.run(ForkedBooter.java:465)
	at org.apache.maven.surefire.booter.ForkedBooter.main(ForkedBooter.java:451)
]]></failure>
    <system-err><![CDATA[2024-04-24T08:13:21,468 ERROR [main] cli.TestHiveCli: Failed to execute command due to the error: java.lang.NullPointerException: Null output stream
2024-04-24T08:13:21,511  WARN [main] conf.HiveConf: HiveConf of name hive.dummyparam.test.server.specific.config.override does not exist
2024-04-24T08:13:21,511  WARN [main] conf.HiveConf: HiveConf of name hive.dummyparam.test.server.specific.config.hiveserver2site does not exist
2024-04-24T08:13:21,511  WARN [main] conf.HiveConf: HiveConf of name hive.dummyparam.test.server.specific.config.metastoresite does not exist
2024-04-24T08:13:21,512  INFO [main] SessionState: Hive Session ID = 49ab4e95-e770-4540-8c5e-a5160d01e01e
2024-04-24T08:13:21,512  INFO [main] DependencyResolver: ivysettings.xml file not found in HIVE_HOME or HIVE_CONF_DIR,/home/alex/Repositories/hive/conf/ivysettings.xml will be used
2024-04-24T08:13:21,519  INFO [main] session.SessionState: Created HDFS directory: /tmp/hive/alex/49ab4e95-e770-4540-8c5e-a5160d01e01e
2024-04-24T08:13:21,522  INFO [main] session.SessionState: Created local directory: /home/alex/Repositories/hive/beeline/target/tmp/alex/49ab4e95-e770-4540-8c5e-a5160d01e01e
2024-04-24T08:13:21,525  INFO [main] session.SessionState: Created HDFS directory: /tmp/hive/alex/49ab4e95-e770-4540-8c5e-a5160d01e01e/_tmp_space.db
2024-04-24T08:13:21,526  INFO [main] sqlstd.SQLStdHiveAccessController: Created SQLStdHiveAccessController for session context : HiveAuthzSessionContext [sessionString=49ab4e95-e770-4540-8c5e-a5160d01e01e, clientType=HIVESERVER2]
2024-04-24T08:13:21,527  INFO [main] metastore.HiveMetaStoreClient: HMS client filtering is enabled.
2024-04-24T08:13:21,527  INFO [main] metastore.HMSHandler: 0: Opening raw store with implementation class:org.apache.hadoop.hive.metastore.ObjectStore
2024-04-24T08:13:21,527  INFO [main] metastore.PersistenceManagerProvider: Configuration datanucleus.autoStartMechanismMode is not set. Defaulting to 'ignored'
2024-04-24T08:13:21,528  INFO [main] metastore.ObjectStore: RawStore: org.apache.hadoop.hive.metastore.ObjectStore@76e9eed8, with PersistenceManager: null will be shutdown
2024-04-24T08:13:21,528  INFO [main] metastore.ObjectStore: RawStore: org.apache.hadoop.hive.metastore.ObjectStore@76e9eed8, with PersistenceManager: org.datanucleus.api.jdo.JDOPersistenceManager@30ef32eb created in the thread with id: 1
2024-04-24T08:13:21,530  INFO [main] metastore.HMSHandler: Created RawStore: org.apache.hadoop.hive.metastore.ObjectStore@76e9eed8 from thread id: 1
2024-04-24T08:13:21,530  INFO [main] metastore.HMSHandler: HMS server filtering is disabled by configuration
2024-04-24T08:13:21,530  INFO [main] metastore.RetryingMetaStoreClient: RetryingMetaStoreClient proxy=class org.apache.hadoop.hive.ql.metadata.SessionHiveMetaStoreClient ugi=alex (auth:SIMPLE) retries=1 delay=1 lifetime=0
2024-04-24T08:13:21,531  INFO [main] service.CompositeService: Operation log root directory is created: /home/alex/Repositories/hive/beeline/target/tmp/alex/operation_logs
2024-04-24T08:13:21,531  INFO [main] service.CompositeService: HiveServer2: Background operation thread pool size: 100
2024-04-24T08:13:21,531  INFO [main] service.CompositeService: HiveServer2: Background operation thread wait queue size: 100
2024-04-24T08:13:21,531  INFO [main] service.CompositeService: HiveServer2: Background operation thread keepalive time: 10 seconds
2024-04-24T08:13:21,531  INFO [main] service.CompositeService: Connections limit are user: 0 ipaddress: 0 user-ipaddress: 0
2024-04-24T08:13:21,532  INFO [main] cleanup.EventualCleanupService: EventualCleanupService started with 10 threads and queue of size 10000
ERROR StatusLogger Log4j2 ConfigurationScheduler attempted to increment scheduled items after start
ERROR StatusLogger Log4j2 ConfigurationScheduler attempted to increment scheduled items after start
2024-04-24T08:13:21,534  INFO [main] service.AbstractService: Service:OperationManager is inited.
2024-04-24T08:13:21,534  INFO [main] service.AbstractService: Service:SessionManager is inited.
2024-04-24T08:13:21,534  INFO [main] service.AbstractService: Service:CLIService is inited.
2024-04-24T08:13:21,534  INFO [main] service.AbstractService: Service:OperationManager is started.
2024-04-24T08:13:21,534  INFO [main] service.AbstractService: Service:SessionManager is started.
2024-04-24T08:13:21,534  INFO [main] service.AbstractService: Service:CLIService is started.
2024-04-24T08:13:21,534  INFO [main] service.AbstractService: Service:ThriftBinaryCLIService is inited.
2024-04-24T08:13:21,535  INFO [main] thrift.ThriftCLIService: Client protocol version: HIVE_CLI_SERVICE_PROTOCOL_V10
2024-04-24T08:13:21,535  INFO [main] thrift.ThriftCLIService: Creating Hive session handle for user [null] from IP null
2024-04-24T08:13:21,536  INFO [main] DependencyResolver: ivysettings.xml file not found in HIVE_HOME or HIVE_CONF_DIR,/home/alex/Repositories/hive/conf/ivysettings.xml will be used
2024-04-24T08:13:21,543  INFO [main] session.SessionState: Created HDFS directory: /tmp/hive/alex/f35f3ac9-4d37-4348-8396-239f2f2b4e91
2024-04-24T08:13:21,545  INFO [main] session.SessionState: Created local directory: /home/alex/Repositories/hive/beeline/target/tmp/alex/f35f3ac9-4d37-4348-8396-239f2f2b4e91
2024-04-24T08:13:21,548  INFO [main] session.SessionState: Created HDFS directory: /tmp/hive/alex/f35f3ac9-4d37-4348-8396-239f2f2b4e91/_tmp_space.db
2024-04-24T08:13:21,548  INFO [main] session.SessionState: Reloading auxiliary JAR files
2024-04-24T08:13:21,548  WARN [main] session.SessionState: Configuration hive.reloadable.aux.jars.path not specified
2024-04-24T08:13:21,549  INFO [main] HiveMetaStore.audit: ugi=alex	ip=unknown-ip-addr	cmd=Cleaning up thread local RawStore...	
2024-04-24T08:13:21,549  INFO [main] metastore.ObjectStore: RawStore: org.apache.hadoop.hive.metastore.ObjectStore@76e9eed8, with PersistenceManager: org.datanucleus.api.jdo.JDOPersistenceManager@30ef32eb will be shutdown
2024-04-24T08:13:21,549  INFO [main] HiveMetaStore.audit: ugi=alex	ip=unknown-ip-addr	cmd=Done cleaning up thread local RawStore	
2024-04-24T08:13:21,549  INFO [main] metastore.HiveMetaStoreClient: Closed a connection to metastore, current connections: -35
2024-04-24T08:13:21,549  INFO [main] session.HiveSessionImpl: Operation log session directory is created: /home/alex/Repositories/hive/beeline/target/tmp/alex/operation_logs/f35f3ac9-4d37-4348-8396-239f2f2b4e91
2024-04-24T08:13:21,549  INFO [main] service.CompositeService: Session opened, SessionHandle [f35f3ac9-4d37-4348-8396-239f2f2b4e91], current sessions:1
2024-04-24T08:13:21,549  INFO [main] thrift.ThriftCLIService: Login attempt is successful for user : null
2024-04-24T08:13:21,593  WARN [main] conf.HiveConf: HiveConf of name hive.dummyparam.test.server.specific.config.metastoresite does not exist
2024-04-24T08:13:21,593  WARN [main] conf.HiveConf: HiveConf of name hive.dummyparam.test.server.specific.config.override does not exist
2024-04-24T08:13:21,593  WARN [main] conf.HiveConf: HiveConf of name hive.dummyparam.test.server.specific.config.hiveserver2site does not exist
2024-04-24T08:13:21,594  INFO [f35f3ac9-4d37-4348-8396-239f2f2b4e91 main] session.HiveSessionImpl: executing set
2024-04-24T08:13:21,595  INFO [f35f3ac9-4d37-4348-8396-239f2f2b4e91 main] operation.HiveCommandOperation: Putting temp output to file /home/alex/Repositories/hive/beeline/target/tmp/alex/f35f3ac9-4d37-4348-8396-239f2f2b4e917467825287084631522.pipeout and error output to file /home/alex/Repositories/hive/beeline/target/tmp/alex/f35f3ac9-4d37-4348-8396-239f2f2b4e916664514612707394078.pipeout
2024-04-24T08:13:21,595  INFO [f35f3ac9-4d37-4348-8396-239f2f2b4e91 main] operation.OperationManager: Adding operation: OperationHandle [opType=EXECUTE_STATEMENT, getHandleIdentifier()=95654b17-c976-4ac5-b1b3-7b184ac2f32b] SessionHandle [f35f3ac9-4d37-4348-8396-239f2f2b4e91]
2024-04-24T08:13:21,595  INFO [f35f3ac9-4d37-4348-8396-239f2f2b4e91 main] common.LogUtils: Thread context registration is done.
DEBUG StatusLogger Building Plugin[name=filter, class=org.apache.hadoop.hive.ql.log.LogDivertAppender$NameFilter].
DEBUG StatusLogger createFilter(loggingLevel="EXECUTION")
DEBUG StatusLogger Building Plugin[name=layout, class=org.apache.logging.log4j.core.layout.PatternLayout].
DEBUG StatusLogger PatternLayout$Builder(PatternSelector=null, Replace=null, charset="null", noConsoleNoAnsi="null", header="null", pattern="%-5p : %m%n", Configuration(HiveLog4j2Test), footer="null", alwaysWriteExceptions="null", disableAnsi="null")
DEBUG StatusLogger Building Plugin[name=appender, class=org.apache.hadoop.hive.ql.log.HushableRandomAccessFileAppender].
DEBUG StatusLogger createAppender(fileName="/home/alex/Repositories/hive/beeline/target/tmp/alex/operation_logs/f35f3ac9-4d37-4348-8396-239f2f2b4e91/alex_20240424081321_f65b8fbd-30ab-4a29-af7f-414bcfd1b2e8", append="null", name="query-file-appender", immediateFlush="null", bufferSize="null", ignoreExceptions="null", PatternLayout(org.apache.logging.log4j.core.layout.PatternLayout with name PatternLayout), NameFilter(org.apache.hadoop.hive.ql.log.LogDivertAppender$NameFilter with name NameFilter), advertise="null", advertiseURI="null", Configuration(HiveLog4j2Test))
DEBUG StatusLogger Starting RandomAccessFileManager /home/alex/Repositories/hive/beeline/target/tmp/alex/operation_logs/f35f3ac9-4d37-4348-8396-239f2f2b4e91/alex_20240424081321_f65b8fbd-30ab-4a29-af7f-414bcfd1b2e8
DEBUG StatusLogger Building Plugin[name=, class=org.apache.hadoop.hive.ql.log.LogDivertAppenderForTest$TestFilter].
DEBUG StatusLogger createFilter()
DEBUG StatusLogger Building Plugin[name=, class=org.apache.logging.log4j.core.layout.PatternLayout].
DEBUG StatusLogger PatternLayout$Builder(footer="null", noConsoleNoAnsi="null", Configuration(HiveLog4j2Test), header="null", Replace=null, charset="null", pattern="%-5p : %m%n", disableAnsi="null", PatternSelector=null, alwaysWriteExceptions="null")
DEBUG StatusLogger Building Plugin[name=appender, class=org.apache.hadoop.hive.ql.log.HushableRandomAccessFileAppender].
DEBUG StatusLogger createAppender(fileName="/home/alex/Repositories/hive/beeline/target/tmp/alex/operation_logs/f35f3ac9-4d37-4348-8396-239f2f2b4e91/alex_20240424081321_f65b8fbd-30ab-4a29-af7f-414bcfd1b2e8.test", append="null", name="test-query-file-appender", immediateFlush="null", bufferSize="null", ignoreExceptions="null", PatternLayout(org.apache.logging.log4j.core.layout.PatternLayout with name PatternLayout), test-filter(org.apache.hadoop.hive.ql.log.LogDivertAppenderForTest$TestFilter with name test-filter), advertise="null", advertiseURI="null", Configuration(HiveLog4j2Test))
DEBUG StatusLogger Starting RandomAccessFileManager /home/alex/Repositories/hive/beeline/target/tmp/alex/operation_logs/f35f3ac9-4d37-4348-8396-239f2f2b4e91/alex_20240424081321_f65b8fbd-30ab-4a29-af7f-414bcfd1b2e8.test
2024-04-24T08:13:21,602  INFO [f35f3ac9-4d37-4348-8396-239f2f2b4e91 main] operation.HiveCommandOperation: [opType=EXECUTE_STATEMENT, queryId=alex_20240424081321_f65b8fbd-30ab-4a29-af7f-414bcfd1b2e8, startTime=1713971601594, sessionId=f35f3ac9-4d37-4348-8396-239f2f2b4e91, createTime=1713971601535, userName=null, ipAddress=null]
2024-04-24T08:13:21,695  INFO [f35f3ac9-4d37-4348-8396-239f2f2b4e91 main] common.LogUtils: Unregistered logging context.
2024-04-24T08:13:21,697  INFO [f35f3ac9-4d37-4348-8396-239f2f2b4e91 main] operation.OperationManager: Closing operation: OperationHandle [opType=EXECUTE_STATEMENT, getHandleIdentifier()=95654b17-c976-4ac5-b1b3-7b184ac2f32b]
2024-04-24T08:13:21,697  INFO [f35f3ac9-4d37-4348-8396-239f2f2b4e91 main] operation.OperationManager: Removed queryId: alex_20240424081321_f65b8fbd-30ab-4a29-af7f-414bcfd1b2e8 corresponding to operation: OperationHandle [opType=EXECUTE_STATEMENT, getHandleIdentifier()=95654b17-c976-4ac5-b1b3-7b184ac2f32b] with tag: null
2024-04-24T08:13:21,698  INFO [f35f3ac9-4d37-4348-8396-239f2f2b4e91 main] operation.HiveCommandOperation: Closing operation log /home/alex/Repositories/hive/beeline/target/tmp/alex/operation_logs/f35f3ac9-4d37-4348-8396-239f2f2b4e91/alex_20240424081321_f65b8fbd-30ab-4a29-af7f-414bcfd1b2e8 without delay
2024-04-24T08:13:21,700  INFO [f35f3ac9-4d37-4348-8396-239f2f2b4e91 main] session.HiveSessionImpl: executing show databases
2024-04-24T08:13:21,701  INFO [f35f3ac9-4d37-4348-8396-239f2f2b4e91 main] operation.OperationManager: Adding operation: OperationHandle [opType=EXECUTE_STATEMENT, getHandleIdentifier()=95c39cfd-638e-4b79-a231-e6ac482aaad5] SessionHandle [f35f3ac9-4d37-4348-8396-239f2f2b4e91]
2024-04-24T08:13:21,701  INFO [f35f3ac9-4d37-4348-8396-239f2f2b4e91 main] common.LogUtils: Thread context registration is done.
DEBUG StatusLogger Building Plugin[name=filter, class=org.apache.hadoop.hive.ql.log.LogDivertAppender$NameFilter].
DEBUG StatusLogger createFilter(loggingLevel="EXECUTION")
DEBUG StatusLogger Building Plugin[name=layout, class=org.apache.logging.log4j.core.layout.PatternLayout].
DEBUG StatusLogger PatternLayout$Builder(disableAnsi="null", footer="null", Replace=null, alwaysWriteExceptions="null", PatternSelector=null, pattern="%-5p : %m%n", header="null", charset="null", noConsoleNoAnsi="null", Configuration(HiveLog4j2Test))
DEBUG StatusLogger Building Plugin[name=appender, class=org.apache.hadoop.hive.ql.log.HushableRandomAccessFileAppender].
DEBUG StatusLogger createAppender(fileName="/home/alex/Repositories/hive/beeline/target/tmp/alex/operation_logs/f35f3ac9-4d37-4348-8396-239f2f2b4e91/alex_20240424081321_d950f07e-d7d0-4fbb-ba84-15d3dc947797", append="null", name="query-file-appender", immediateFlush="null", bufferSize="null", ignoreExceptions="null", PatternLayout(org.apache.logging.log4j.core.layout.PatternLayout with name PatternLayout), NameFilter(org.apache.hadoop.hive.ql.log.LogDivertAppender$NameFilter with name NameFilter), advertise="null", advertiseURI="null", Configuration(HiveLog4j2Test))
DEBUG StatusLogger Starting RandomAccessFileManager /home/alex/Repositories/hive/beeline/target/tmp/alex/operation_logs/f35f3ac9-4d37-4348-8396-239f2f2b4e91/alex_20240424081321_d950f07e-d7d0-4fbb-ba84-15d3dc947797
DEBUG StatusLogger Building Plugin[name=, class=org.apache.hadoop.hive.ql.log.LogDivertAppenderForTest$TestFilter].
DEBUG StatusLogger createFilter()
DEBUG StatusLogger Building Plugin[name=, class=org.apache.logging.log4j.core.layout.PatternLayout].
DEBUG StatusLogger PatternLayout$Builder(alwaysWriteExceptions="null", footer="null", Configuration(HiveLog4j2Test), disableAnsi="null", header="null", Replace=null, noConsoleNoAnsi="null", pattern="%-5p : %m%n", charset="null", PatternSelector=null)
DEBUG StatusLogger Building Plugin[name=appender, class=org.apache.hadoop.hive.ql.log.HushableRandomAccessFileAppender].
DEBUG StatusLogger createAppender(fileName="/home/alex/Repositories/hive/beeline/target/tmp/alex/operation_logs/f35f3ac9-4d37-4348-8396-239f2f2b4e91/alex_20240424081321_d950f07e-d7d0-4fbb-ba84-15d3dc947797.test", append="null", name="test-query-file-appender", immediateFlush="null", bufferSize="null", ignoreExceptions="null", PatternLayout(org.apache.logging.log4j.core.layout.PatternLayout with name PatternLayout), test-filter(org.apache.hadoop.hive.ql.log.LogDivertAppenderForTest$TestFilter with name test-filter), advertise="null", advertiseURI="null", Configuration(HiveLog4j2Test))
DEBUG StatusLogger Starting RandomAccessFileManager /home/alex/Repositories/hive/beeline/target/tmp/alex/operation_logs/f35f3ac9-4d37-4348-8396-239f2f2b4e91/alex_20240424081321_d950f07e-d7d0-4fbb-ba84-15d3dc947797.test
2024-04-24T08:13:21,708  INFO [f35f3ac9-4d37-4348-8396-239f2f2b4e91 main] operation.SQLOperation: [opType=EXECUTE_STATEMENT, queryId=alex_20240424081321_d950f07e-d7d0-4fbb-ba84-15d3dc947797, startTime=1713971601700, sessionId=f35f3ac9-4d37-4348-8396-239f2f2b4e91, createTime=1713971601535, userName=null, ipAddress=null]
2024-04-24T08:13:21,709  INFO [f35f3ac9-4d37-4348-8396-239f2f2b4e91 main] ql.Driver: Compiling command(queryId=alex_20240424081321_d950f07e-d7d0-4fbb-ba84-15d3dc947797): show databases
2024-04-24T08:13:21,710  INFO [f35f3ac9-4d37-4348-8396-239f2f2b4e91 main] metastore.HiveMetaStoreClient: HMS client filtering is enabled.
2024-04-24T08:13:21,711  INFO [f35f3ac9-4d37-4348-8396-239f2f2b4e91 main] metastore.HMSHandler: 0: Opening raw store with implementation class:org.apache.hadoop.hive.metastore.ObjectStore
2024-04-24T08:13:21,711  INFO [f35f3ac9-4d37-4348-8396-239f2f2b4e91 main] metastore.PersistenceManagerProvider: Configuration datanucleus.autoStartMechanismMode is not set. Defaulting to 'ignored'
2024-04-24T08:13:21,712  INFO [f35f3ac9-4d37-4348-8396-239f2f2b4e91 main] metastore.ObjectStore: RawStore: org.apache.hadoop.hive.metastore.ObjectStore@632b5c79, with PersistenceManager: null will be shutdown
2024-04-24T08:13:21,712  INFO [f35f3ac9-4d37-4348-8396-239f2f2b4e91 main] metastore.ObjectStore: RawStore: org.apache.hadoop.hive.metastore.ObjectStore@632b5c79, with PersistenceManager: org.datanucleus.api.jdo.JDOPersistenceManager@6a552721 created in the thread with id: 1
2024-04-24T08:13:21,714  INFO [f35f3ac9-4d37-4348-8396-239f2f2b4e91 main] metastore.HMSHandler: Created RawStore: org.apache.hadoop.hive.metastore.ObjectStore@632b5c79 from thread id: 1
2024-04-24T08:13:21,714  INFO [f35f3ac9-4d37-4348-8396-239f2f2b4e91 main] metastore.HMSHandler: HMS server filtering is disabled by configuration
2024-04-24T08:13:21,715  INFO [f35f3ac9-4d37-4348-8396-239f2f2b4e91 main] metastore.RetryingMetaStoreClient: RetryingMetaStoreClient proxy=class org.apache.hadoop.hive.ql.metadata.SessionHiveMetaStoreClient ugi=alex (auth:SIMPLE) retries=1 delay=1 lifetime=0
2024-04-24T08:13:21,718  INFO [f35f3ac9-4d37-4348-8396-239f2f2b4e91 main] ql.Driver: Semantic Analysis Completed (retrial = false)
2024-04-24T08:13:21,719  INFO [f35f3ac9-4d37-4348-8396-239f2f2b4e91 main] ql.Driver: Created Hive schema: Schema(fieldSchemas:[FieldSchema(name:database_name, type:string, comment:from deserializer)], properties:null)
2024-04-24T08:13:21,720  INFO [f35f3ac9-4d37-4348-8396-239f2f2b4e91 main] exec.ListSinkOperator: Initializing Operator: LIST_SINK[0]
2024-04-24T08:13:21,720  INFO [f35f3ac9-4d37-4348-8396-239f2f2b4e91 main] metadata.Hive: Dumping metastore api call timing information for : compilation phase
2024-04-24T08:13:21,720  INFO [f35f3ac9-4d37-4348-8396-239f2f2b4e91 main] metadata.Hive: Total time spent in each metastore function (ms): {isCompatibleWith_(Configuration)=0, flushCache_()=0}
2024-04-24T08:13:21,720  INFO [f35f3ac9-4d37-4348-8396-239f2f2b4e91 main] ql.Driver: Completed compiling command(queryId=alex_20240424081321_d950f07e-d7d0-4fbb-ba84-15d3dc947797); Time taken: 0.011 seconds
2024-04-24T08:13:21,722  INFO [HiveServer2-Background-Pool: Thread-554] common.LogUtils: Thread context registration is done.
2024-04-24T08:13:21,722  INFO [f35f3ac9-4d37-4348-8396-239f2f2b4e91 main] common.LogUtils: Unregistered logging context.
2024-04-24T08:13:21,722  INFO [HiveServer2-Background-Pool: Thread-554] reexec.ReExecDriver: Execution #1 of query
2024-04-24T08:13:21,722  INFO [HiveServer2-Background-Pool: Thread-554] ql.Driver: Concurrency mode is disabled, not creating a lock manager
2024-04-24T08:13:21,723  INFO [HiveServer2-Background-Pool: Thread-554] ql.Driver: Executing command(queryId=alex_20240424081321_d950f07e-d7d0-4fbb-ba84-15d3dc947797): show databases
2024-04-24T08:13:21,724  INFO [HiveServer2-Background-Pool: Thread-554] ql.Driver: Starting task [Stage-0:DDL] in serial mode
2024-04-24T08:13:21,724  INFO [HiveServer2-Background-Pool: Thread-554] HiveMetaStore.audit: ugi=alex	ip=unknown-ip-addr	cmd=get_databases: @hive#	
2024-04-24T08:13:21,726  INFO [HiveServer2-Background-Pool: Thread-554] metastore.HMSHandler: 24: Opening raw store with implementation class:org.apache.hadoop.hive.metastore.ObjectStore
2024-04-24T08:13:21,726  INFO [HiveServer2-Background-Pool: Thread-554] metastore.ObjectStore: RawStore: org.apache.hadoop.hive.metastore.ObjectStore@7b854041, with PersistenceManager: null will be shutdown
2024-04-24T08:13:21,726  INFO [HiveServer2-Background-Pool: Thread-554] metastore.ObjectStore: RawStore: org.apache.hadoop.hive.metastore.ObjectStore@7b854041, with PersistenceManager: org.datanucleus.api.jdo.JDOPersistenceManager@3e87d155 created in the thread with id: 554
2024-04-24T08:13:21,729  INFO [HiveServer2-Background-Pool: Thread-554] metastore.HMSHandler: Created RawStore: org.apache.hadoop.hive.metastore.ObjectStore@7b854041 from thread id: 554
2024-04-24T08:13:21,730  INFO [HiveServer2-Background-Pool: Thread-554] sqlstd.SQLStdHiveAccessController: Created SQLStdHiveAccessController for session context : HiveAuthzSessionContext [sessionString=f35f3ac9-4d37-4348-8396-239f2f2b4e91, clientType=HIVESERVER2]
2024-04-24T08:13:21,731  INFO [HiveServer2-Background-Pool: Thread-554] exec.DDLTask: Found 3 database(s) matching the SHOW DATABASES statement.
2024-04-24T08:13:21,737  INFO [HiveServer2-Background-Pool: Thread-554] metadata.Hive: Dumping metastore api call timing information for : execution phase
2024-04-24T08:13:21,737  INFO [HiveServer2-Background-Pool: Thread-554] metadata.Hive: Total time spent in each metastore function (ms): {isCompatibleWith_(Configuration)=0, getAllDatabases_()=7}
2024-04-24T08:13:21,737  INFO [HiveServer2-Background-Pool: Thread-554] ql.Driver: Completed executing command(queryId=alex_20240424081321_d950f07e-d7d0-4fbb-ba84-15d3dc947797); Time taken: 0.014 seconds
2024-04-24T08:13:21,738  INFO [HiveServer2-Background-Pool: Thread-554] common.LogUtils: Unregistered logging context.
2024-04-24T08:13:21,740  INFO [f35f3ac9-4d37-4348-8396-239f2f2b4e91 main] operation.OperationManager: Closing operation: OperationHandle [opType=EXECUTE_STATEMENT, getHandleIdentifier()=95c39cfd-638e-4b79-a231-e6ac482aaad5]
2024-04-24T08:13:21,740  INFO [f35f3ac9-4d37-4348-8396-239f2f2b4e91 main] operation.OperationManager: Removed queryId: alex_20240424081321_d950f07e-d7d0-4fbb-ba84-15d3dc947797 corresponding to operation: OperationHandle [opType=EXECUTE_STATEMENT, getHandleIdentifier()=95c39cfd-638e-4b79-a231-e6ac482aaad5] with tag: null
2024-04-24T08:13:21,740  INFO [f35f3ac9-4d37-4348-8396-239f2f2b4e91 main] ql.Context: Deleting scratch dir: file:/home/alex/Repositories/hive/beeline/target/tmp/alex/f35f3ac9-4d37-4348-8396-239f2f2b4e91/hive_2024-04-24_08-13-21_709_5507841964765506558-1
2024-04-24T08:13:21,740  INFO [f35f3ac9-4d37-4348-8396-239f2f2b4e91 main] cleanup.EventualCleanupService: Delete file:/home/alex/Repositories/hive/beeline/target/tmp/alex/f35f3ac9-4d37-4348-8396-239f2f2b4e91/hive_2024-04-24_08-13-21_709_5507841964765506558-1 operation was queued
2024-04-24T08:13:21,740  INFO [f35f3ac9-4d37-4348-8396-239f2f2b4e91 main] exec.ListSinkOperator: Closing Operator: LIST_SINK[0]
2024-04-24T08:13:21,740  INFO [f35f3ac9-4d37-4348-8396-239f2f2b4e91 main] exec.ListSinkOperator: RECORDS_OUT_INTERMEDIATE:0, RECORDS_OUT_OPERATOR_LIST_SINK_0:0, 
2024-04-24T08:13:21,740  INFO [f35f3ac9-4d37-4348-8396-239f2f2b4e91 main] operation.SQLOperation: Closing operation log /home/alex/Repositories/hive/beeline/target/tmp/alex/operation_logs/f35f3ac9-4d37-4348-8396-239f2f2b4e91/alex_20240424081321_d950f07e-d7d0-4fbb-ba84-15d3dc947797 without delay
2024-04-24T08:13:21,740  INFO [EventualCleanupService thread 0] cleanup.EventualCleanupService: Deleted file:/home/alex/Repositories/hive/beeline/target/tmp/alex/f35f3ac9-4d37-4348-8396-239f2f2b4e91/hive_2024-04-24_08-13-21_709_5507841964765506558-1
2024-04-24T08:13:21,741  INFO [main] service.CompositeService: Session closed, SessionHandle [f35f3ac9-4d37-4348-8396-239f2f2b4e91], current sessions:0
2024-04-24T08:13:21,741  INFO [f35f3ac9-4d37-4348-8396-239f2f2b4e91 main] session.HiveSessionImpl: Operation log session directory is deleted: /home/alex/Repositories/hive/beeline/target/tmp/alex/operation_logs/f35f3ac9-4d37-4348-8396-239f2f2b4e91
2024-04-24T08:13:21,741  INFO [main] cleanup.EventualCleanupService: Delete /tmp/hive/alex/f35f3ac9-4d37-4348-8396-239f2f2b4e91 operation was queued
2024-04-24T08:13:21,741  INFO [main] cleanup.EventualCleanupService: Delete /home/alex/Repositories/hive/beeline/target/tmp/alex/f35f3ac9-4d37-4348-8396-239f2f2b4e91 operation was queued
2024-04-24T08:13:21,742  INFO [EventualCleanupService thread 2] cleanup.EventualCleanupService: Deleted /home/alex/Repositories/hive/beeline/target/tmp/alex/f35f3ac9-4d37-4348-8396-239f2f2b4e91
2024-04-24T08:13:21,742  INFO [EventualCleanupService thread 1] cleanup.EventualCleanupService: Deleted /tmp/hive/alex/f35f3ac9-4d37-4348-8396-239f2f2b4e91
2024-04-24T08:13:21,743  INFO [main] HiveMetaStore.audit: ugi=alex	ip=unknown-ip-addr	cmd=Cleaning up thread local RawStore...	
2024-04-24T08:13:21,743  INFO [main] metastore.ObjectStore: RawStore: org.apache.hadoop.hive.metastore.ObjectStore@632b5c79, with PersistenceManager: org.datanucleus.api.jdo.JDOPersistenceManager@6a552721 will be shutdown
2024-04-24T08:13:21,743  INFO [main] HiveMetaStore.audit: ugi=alex	ip=unknown-ip-addr	cmd=Done cleaning up thread local RawStore	
2024-04-24T08:13:21,743  INFO [main] metastore.HiveMetaStoreClient: Closed a connection to metastore, current connections: -36
2024-04-24T08:13:21,743 ERROR [main] cli.TestHiveCli: Failed due to the error:Connecting to jdbc:hive2://
Hive Session ID = 49ab4e95-e770-4540-8c5e-a5160d01e01e
ivysettings.xml file not found in HIVE_HOME or HIVE_CONF_DIR,/home/alex/Repositories/hive/conf/ivysettings.xml will be used
ivysettings.xml file not found in HIVE_HOME or HIVE_CONF_DIR,/home/alex/Repositories/hive/conf/ivysettings.xml will be used
Connected to: Apache Hive (version 4.0.0-SNAPSHOT)
Error: Couldn't load manifest attributes. (state=,code=0)
Transaction isolation: TRANSACTION_REPEATABLE_READ
INFO  : Compiling command(queryId=alex_20240424081321_d950f07e-d7d0-4fbb-ba84-15d3dc947797): show databases
INFO  : Semantic Analysis Completed (retrial = false)
INFO  : Created Hive schema: Schema(fieldSchemas:[FieldSchema(name:database_name, type:string, comment:from deserializer)], properties:null)
INFO  : Completed compiling command(queryId=alex_20240424081321_d950f07e-d7d0-4fbb-ba84-15d3dc947797); Time taken: 0.011 seconds
INFO  : Concurrency mode is disabled, not creating a lock manager
INFO  : Executing command(queryId=alex_20240424081321_d950f07e-d7d0-4fbb-ba84-15d3dc947797): show databases
INFO  : Starting task [Stage-0:DDL] in serial mode
DEBUG : Task getting executed using mapred tag : alex_20240424081321_d950f07e-d7d0-4fbb-ba84-15d3dc947797,userid=null
INFO  : Completed executing command(queryId=alex_20240424081321_d950f07e-d7d0-4fbb-ba84-15d3dc947797); Time taken: 0.014 seconds
DEBUG : Shutting down query show databases
Error: Failed to wait for operation to complete (state=08S01,code=0)
Closing: 0: jdbc:hive2://

]]></system-err>
  </testcase>
  <testcase name="testInvalidDatabaseOptions" classname="org.apache.hive.beeline.cli.TestHiveCli" time="0.314"/>
  <testcase name="testVariables" classname="org.apache.hive.beeline.cli.TestHiveCli" time="0.653"/>
  <testcase name="testInvalidOptions" classname="org.apache.hive.beeline.cli.TestHiveCli" time="0.002"/>
  <testcase name="testVariablesForSource" classname="org.apache.hive.beeline.cli.TestHiveCli" time="0.696">
    <failure type="java.lang.AssertionError"><![CDATA[java.lang.AssertionError: Supported return code is 0 while the actual is 2
	at org.junit.Assert.fail(Assert.java:89)
	at org.apache.hive.beeline.cli.TestHiveCli.executeCMD(TestHiveCli.java:256)
	at org.apache.hive.beeline.cli.TestHiveCli.verifyCMD(TestHiveCli.java:266)
	at org.apache.hive.beeline.cli.TestHiveCli.testVariablesForSource(TestHiveCli.java:198)
	at sun.reflect.NativeMethodAccessorImpl.invoke0(Native Method)
	at sun.reflect.NativeMethodAccessorImpl.invoke(NativeMethodAccessorImpl.java:62)
	at sun.reflect.DelegatingMethodAccessorImpl.invoke(DelegatingMethodAccessorImpl.java:43)
	at java.lang.reflect.Method.invoke(Method.java:498)
	at org.junit.runners.model.FrameworkMethod$1.runReflectiveCall(FrameworkMethod.java:59)
	at org.junit.internal.runners.model.ReflectiveCallable.run(ReflectiveCallable.java:12)
	at org.junit.runners.model.FrameworkMethod.invokeExplosively(FrameworkMethod.java:56)
	at org.junit.internal.runners.statements.InvokeMethod.evaluate(InvokeMethod.java:17)
	at org.junit.internal.runners.statements.RunBefores.evaluate(RunBefores.java:26)
	at org.junit.internal.runners.statements.RunAfters.evaluate(RunAfters.java:27)
	at org.junit.runners.ParentRunner$3.evaluate(ParentRunner.java:306)
	at org.junit.runners.BlockJUnit4ClassRunner$1.evaluate(BlockJUnit4ClassRunner.java:100)
	at org.junit.runners.ParentRunner.runLeaf(ParentRunner.java:366)
	at org.junit.runners.BlockJUnit4ClassRunner.runChild(BlockJUnit4ClassRunner.java:103)
	at org.junit.runners.BlockJUnit4ClassRunner.runChild(BlockJUnit4ClassRunner.java:63)
	at org.junit.runners.ParentRunner$4.run(ParentRunner.java:331)
	at org.junit.runners.ParentRunner$1.schedule(ParentRunner.java:79)
	at org.junit.runners.ParentRunner.runChildren(ParentRunner.java:329)
	at org.junit.runners.ParentRunner.access$100(ParentRunner.java:66)
	at org.junit.runners.ParentRunner$2.evaluate(ParentRunner.java:293)
	at org.junit.internal.runners.statements.RunBefores.evaluate(RunBefores.java:26)
	at org.junit.runners.ParentRunner$3.evaluate(ParentRunner.java:306)
	at org.junit.runners.ParentRunner.run(ParentRunner.java:413)
	at org.junit.runner.JUnitCore.run(JUnitCore.java:137)
	at org.junit.runner.JUnitCore.run(JUnitCore.java:115)
	at org.junit.vintage.engine.execution.RunnerExecutor.execute(RunnerExecutor.java:43)
	at java.util.stream.ForEachOps$ForEachOp$OfRef.accept(ForEachOps.java:183)
	at java.util.stream.ReferencePipeline$3$1.accept(ReferencePipeline.java:193)
	at java.util.Iterator.forEachRemaining(Iterator.java:116)
	at java.util.Spliterators$IteratorSpliterator.forEachRemaining(Spliterators.java:1801)
	at java.util.stream.AbstractPipeline.copyInto(AbstractPipeline.java:482)
	at java.util.stream.AbstractPipeline.wrapAndCopyInto(AbstractPipeline.java:472)
	at java.util.stream.ForEachOps$ForEachOp.evaluateSequential(ForEachOps.java:150)
	at java.util.stream.ForEachOps$ForEachOp$OfRef.evaluateSequential(ForEachOps.java:173)
	at java.util.stream.AbstractPipeline.evaluate(AbstractPipeline.java:234)
	at java.util.stream.ReferencePipeline.forEach(ReferencePipeline.java:485)
	at org.junit.vintage.engine.VintageTestEngine.executeAllChildren(VintageTestEngine.java:82)
	at org.junit.vintage.engine.VintageTestEngine.execute(VintageTestEngine.java:73)
	at org.junit.platform.launcher.core.DefaultLauncher.execute(DefaultLauncher.java:248)
	at org.junit.platform.launcher.core.DefaultLauncher.lambda$execute$5(DefaultLauncher.java:211)
	at org.junit.platform.launcher.core.DefaultLauncher.withInterceptedStreams(DefaultLauncher.java:226)
	at org.junit.platform.launcher.core.DefaultLauncher.execute(DefaultLauncher.java:199)
	at org.junit.platform.launcher.core.DefaultLauncher.execute(DefaultLauncher.java:132)
	at org.apache.maven.surefire.junitplatform.JUnitPlatformProvider.invokeAllTests(JUnitPlatformProvider.java:154)
	at org.apache.maven.surefire.junitplatform.JUnitPlatformProvider.invoke(JUnitPlatformProvider.java:123)
	at org.apache.maven.surefire.booter.ForkedBooter.runSuitesInProcess(ForkedBooter.java:377)
	at org.apache.maven.surefire.booter.ForkedBooter.execute(ForkedBooter.java:138)
	at org.apache.maven.surefire.booter.ForkedBooter.run(ForkedBooter.java:465)
	at org.apache.maven.surefire.booter.ForkedBooter.main(ForkedBooter.java:451)
]]></failure>
    <system-err><![CDATA[2024-04-24T08:13:22,714 ERROR [main] cli.TestHiveCli: Failed to execute command due to the error: java.lang.NullPointerException: Null output stream
2024-04-24T08:13:22,757  WARN [main] conf.HiveConf: HiveConf of name hive.dummyparam.test.server.specific.config.override does not exist
2024-04-24T08:13:22,758  WARN [main] conf.HiveConf: HiveConf of name hive.dummyparam.test.server.specific.config.hiveserver2site does not exist
2024-04-24T08:13:22,758  WARN [main] conf.HiveConf: HiveConf of name hive.dummyparam.test.server.specific.config.metastoresite does not exist
2024-04-24T08:13:22,758  INFO [main] SessionState: Hive Session ID = f4030af9-d9cc-4802-a0f0-ded3090096fc
2024-04-24T08:13:22,758  INFO [main] DependencyResolver: ivysettings.xml file not found in HIVE_HOME or HIVE_CONF_DIR,/home/alex/Repositories/hive/conf/ivysettings.xml will be used
2024-04-24T08:13:22,766  INFO [main] session.SessionState: Created HDFS directory: /tmp/hive/alex/f4030af9-d9cc-4802-a0f0-ded3090096fc
2024-04-24T08:13:22,769  INFO [main] session.SessionState: Created local directory: /home/alex/Repositories/hive/beeline/target/tmp/alex/f4030af9-d9cc-4802-a0f0-ded3090096fc
2024-04-24T08:13:22,772  INFO [main] session.SessionState: Created HDFS directory: /tmp/hive/alex/f4030af9-d9cc-4802-a0f0-ded3090096fc/_tmp_space.db
2024-04-24T08:13:22,772  INFO [main] sqlstd.SQLStdHiveAccessController: Created SQLStdHiveAccessController for session context : HiveAuthzSessionContext [sessionString=f4030af9-d9cc-4802-a0f0-ded3090096fc, clientType=HIVESERVER2]
2024-04-24T08:13:22,773  INFO [main] metastore.HiveMetaStoreClient: HMS client filtering is enabled.
2024-04-24T08:13:22,774  INFO [main] metastore.HMSHandler: 0: Opening raw store with implementation class:org.apache.hadoop.hive.metastore.ObjectStore
2024-04-24T08:13:22,774  INFO [main] metastore.PersistenceManagerProvider: Configuration datanucleus.autoStartMechanismMode is not set. Defaulting to 'ignored'
2024-04-24T08:13:22,775  INFO [main] metastore.ObjectStore: RawStore: org.apache.hadoop.hive.metastore.ObjectStore@278cb145, with PersistenceManager: null will be shutdown
2024-04-24T08:13:22,775  INFO [main] metastore.ObjectStore: RawStore: org.apache.hadoop.hive.metastore.ObjectStore@278cb145, with PersistenceManager: org.datanucleus.api.jdo.JDOPersistenceManager@2aa0feb2 created in the thread with id: 1
2024-04-24T08:13:22,776  INFO [main] metastore.HMSHandler: Created RawStore: org.apache.hadoop.hive.metastore.ObjectStore@278cb145 from thread id: 1
2024-04-24T08:13:22,776  INFO [main] metastore.HMSHandler: HMS server filtering is disabled by configuration
2024-04-24T08:13:22,777  INFO [main] metastore.RetryingMetaStoreClient: RetryingMetaStoreClient proxy=class org.apache.hadoop.hive.ql.metadata.SessionHiveMetaStoreClient ugi=alex (auth:SIMPLE) retries=1 delay=1 lifetime=0
2024-04-24T08:13:22,777  INFO [main] service.CompositeService: Operation log root directory is created: /home/alex/Repositories/hive/beeline/target/tmp/alex/operation_logs
2024-04-24T08:13:22,777  INFO [main] service.CompositeService: HiveServer2: Background operation thread pool size: 100
2024-04-24T08:13:22,777  INFO [main] service.CompositeService: HiveServer2: Background operation thread wait queue size: 100
2024-04-24T08:13:22,777  INFO [main] service.CompositeService: HiveServer2: Background operation thread keepalive time: 10 seconds
2024-04-24T08:13:22,777  INFO [main] service.CompositeService: Connections limit are user: 0 ipaddress: 0 user-ipaddress: 0
2024-04-24T08:13:22,779  INFO [main] cleanup.EventualCleanupService: EventualCleanupService started with 10 threads and queue of size 10000
ERROR StatusLogger Log4j2 ConfigurationScheduler attempted to increment scheduled items after start
ERROR StatusLogger Log4j2 ConfigurationScheduler attempted to increment scheduled items after start
2024-04-24T08:13:22,781  INFO [main] service.AbstractService: Service:OperationManager is inited.
2024-04-24T08:13:22,781  INFO [main] service.AbstractService: Service:SessionManager is inited.
2024-04-24T08:13:22,781  INFO [main] service.AbstractService: Service:CLIService is inited.
2024-04-24T08:13:22,781  INFO [main] service.AbstractService: Service:OperationManager is started.
2024-04-24T08:13:22,781  INFO [main] service.AbstractService: Service:SessionManager is started.
2024-04-24T08:13:22,781  INFO [main] service.AbstractService: Service:CLIService is started.
2024-04-24T08:13:22,781  INFO [main] service.AbstractService: Service:ThriftBinaryCLIService is inited.
2024-04-24T08:13:22,781  INFO [main] thrift.ThriftCLIService: Client protocol version: HIVE_CLI_SERVICE_PROTOCOL_V10
2024-04-24T08:13:22,781  INFO [main] thrift.ThriftCLIService: Creating Hive session handle for user [null] from IP null
2024-04-24T08:13:22,782  INFO [main] DependencyResolver: ivysettings.xml file not found in HIVE_HOME or HIVE_CONF_DIR,/home/alex/Repositories/hive/conf/ivysettings.xml will be used
2024-04-24T08:13:22,789  INFO [main] session.SessionState: Created HDFS directory: /tmp/hive/alex/b035dee9-79f9-448f-92e9-7eb7a9ce0f21
2024-04-24T08:13:22,793  INFO [main] session.SessionState: Created local directory: /home/alex/Repositories/hive/beeline/target/tmp/alex/b035dee9-79f9-448f-92e9-7eb7a9ce0f21
2024-04-24T08:13:22,796  INFO [main] session.SessionState: Created HDFS directory: /tmp/hive/alex/b035dee9-79f9-448f-92e9-7eb7a9ce0f21/_tmp_space.db
2024-04-24T08:13:22,796  INFO [main] session.SessionState: Reloading auxiliary JAR files
2024-04-24T08:13:22,796  WARN [main] session.SessionState: Configuration hive.reloadable.aux.jars.path not specified
2024-04-24T08:13:22,796  INFO [main] HiveMetaStore.audit: ugi=alex	ip=unknown-ip-addr	cmd=Cleaning up thread local RawStore...	
2024-04-24T08:13:22,796  INFO [main] metastore.ObjectStore: RawStore: org.apache.hadoop.hive.metastore.ObjectStore@278cb145, with PersistenceManager: org.datanucleus.api.jdo.JDOPersistenceManager@2aa0feb2 will be shutdown
2024-04-24T08:13:22,796  INFO [main] HiveMetaStore.audit: ugi=alex	ip=unknown-ip-addr	cmd=Done cleaning up thread local RawStore	
2024-04-24T08:13:22,796  INFO [main] metastore.HiveMetaStoreClient: Closed a connection to metastore, current connections: -40
2024-04-24T08:13:22,796  INFO [main] session.HiveSessionImpl: Operation log session directory is created: /home/alex/Repositories/hive/beeline/target/tmp/alex/operation_logs/b035dee9-79f9-448f-92e9-7eb7a9ce0f21
2024-04-24T08:13:22,796  INFO [main] service.CompositeService: Session opened, SessionHandle [b035dee9-79f9-448f-92e9-7eb7a9ce0f21], current sessions:1
2024-04-24T08:13:22,796  INFO [main] thrift.ThriftCLIService: Login attempt is successful for user : null
2024-04-24T08:13:22,840  WARN [main] conf.HiveConf: HiveConf of name hive.dummyparam.test.server.specific.config.hiveserver2site does not exist
2024-04-24T08:13:22,841  WARN [main] conf.HiveConf: HiveConf of name hive.dummyparam.test.server.specific.config.metastoresite does not exist
2024-04-24T08:13:22,841  WARN [main] conf.HiveConf: HiveConf of name hive.dummyparam.test.server.specific.config.override does not exist
2024-04-24T08:13:22,841  INFO [b035dee9-79f9-448f-92e9-7eb7a9ce0f21 main] session.HiveSessionImpl: executing set
2024-04-24T08:13:22,842  INFO [b035dee9-79f9-448f-92e9-7eb7a9ce0f21 main] operation.HiveCommandOperation: Putting temp output to file /home/alex/Repositories/hive/beeline/target/tmp/alex/b035dee9-79f9-448f-92e9-7eb7a9ce0f212556088696807560821.pipeout and error output to file /home/alex/Repositories/hive/beeline/target/tmp/alex/b035dee9-79f9-448f-92e9-7eb7a9ce0f218682378866930387489.pipeout
2024-04-24T08:13:22,842  INFO [b035dee9-79f9-448f-92e9-7eb7a9ce0f21 main] operation.OperationManager: Adding operation: OperationHandle [opType=EXECUTE_STATEMENT, getHandleIdentifier()=40d998ac-bc52-47eb-bbec-b3a8ef0c7cfe] SessionHandle [b035dee9-79f9-448f-92e9-7eb7a9ce0f21]
2024-04-24T08:13:22,842  INFO [b035dee9-79f9-448f-92e9-7eb7a9ce0f21 main] common.LogUtils: Thread context registration is done.
DEBUG StatusLogger Building Plugin[name=filter, class=org.apache.hadoop.hive.ql.log.LogDivertAppender$NameFilter].
DEBUG StatusLogger createFilter(loggingLevel="EXECUTION")
DEBUG StatusLogger Building Plugin[name=layout, class=org.apache.logging.log4j.core.layout.PatternLayout].
DEBUG StatusLogger PatternLayout$Builder(Replace=null, footer="null", Configuration(HiveLog4j2Test), noConsoleNoAnsi="null", charset="null", PatternSelector=null, header="null", disableAnsi="null", alwaysWriteExceptions="null", pattern="%-5p : %m%n")
DEBUG StatusLogger Building Plugin[name=appender, class=org.apache.hadoop.hive.ql.log.HushableRandomAccessFileAppender].
DEBUG StatusLogger createAppender(fileName="/home/alex/Repositories/hive/beeline/target/tmp/alex/operation_logs/b035dee9-79f9-448f-92e9-7eb7a9ce0f21/alex_20240424081322_cc6cdcd1-2bf8-4aee-b5b3-79480256fcb9", append="null", name="query-file-appender", immediateFlush="null", bufferSize="null", ignoreExceptions="null", PatternLayout(org.apache.logging.log4j.core.layout.PatternLayout with name PatternLayout), NameFilter(org.apache.hadoop.hive.ql.log.LogDivertAppender$NameFilter with name NameFilter), advertise="null", advertiseURI="null", Configuration(HiveLog4j2Test))
DEBUG StatusLogger Starting RandomAccessFileManager /home/alex/Repositories/hive/beeline/target/tmp/alex/operation_logs/b035dee9-79f9-448f-92e9-7eb7a9ce0f21/alex_20240424081322_cc6cdcd1-2bf8-4aee-b5b3-79480256fcb9
DEBUG StatusLogger Building Plugin[name=, class=org.apache.hadoop.hive.ql.log.LogDivertAppenderForTest$TestFilter].
DEBUG StatusLogger createFilter()
DEBUG StatusLogger Building Plugin[name=, class=org.apache.logging.log4j.core.layout.PatternLayout].
DEBUG StatusLogger PatternLayout$Builder(PatternSelector=null, header="null", charset="null", noConsoleNoAnsi="null", pattern="%-5p : %m%n", Configuration(HiveLog4j2Test), disableAnsi="null", alwaysWriteExceptions="null", footer="null", Replace=null)
DEBUG StatusLogger Building Plugin[name=appender, class=org.apache.hadoop.hive.ql.log.HushableRandomAccessFileAppender].
DEBUG StatusLogger createAppender(fileName="/home/alex/Repositories/hive/beeline/target/tmp/alex/operation_logs/b035dee9-79f9-448f-92e9-7eb7a9ce0f21/alex_20240424081322_cc6cdcd1-2bf8-4aee-b5b3-79480256fcb9.test", append="null", name="test-query-file-appender", immediateFlush="null", bufferSize="null", ignoreExceptions="null", PatternLayout(org.apache.logging.log4j.core.layout.PatternLayout with name PatternLayout), test-filter(org.apache.hadoop.hive.ql.log.LogDivertAppenderForTest$TestFilter with name test-filter), advertise="null", advertiseURI="null", Configuration(HiveLog4j2Test))
DEBUG StatusLogger Starting RandomAccessFileManager /home/alex/Repositories/hive/beeline/target/tmp/alex/operation_logs/b035dee9-79f9-448f-92e9-7eb7a9ce0f21/alex_20240424081322_cc6cdcd1-2bf8-4aee-b5b3-79480256fcb9.test
2024-04-24T08:13:22,849  INFO [b035dee9-79f9-448f-92e9-7eb7a9ce0f21 main] operation.HiveCommandOperation: [opType=EXECUTE_STATEMENT, queryId=alex_20240424081322_cc6cdcd1-2bf8-4aee-b5b3-79480256fcb9, startTime=1713971602841, sessionId=b035dee9-79f9-448f-92e9-7eb7a9ce0f21, createTime=1713971602781, userName=null, ipAddress=null]
2024-04-24T08:13:22,939  INFO [b035dee9-79f9-448f-92e9-7eb7a9ce0f21 main] common.LogUtils: Unregistered logging context.
2024-04-24T08:13:22,942  INFO [b035dee9-79f9-448f-92e9-7eb7a9ce0f21 main] operation.OperationManager: Closing operation: OperationHandle [opType=EXECUTE_STATEMENT, getHandleIdentifier()=40d998ac-bc52-47eb-bbec-b3a8ef0c7cfe]
2024-04-24T08:13:22,942  INFO [b035dee9-79f9-448f-92e9-7eb7a9ce0f21 main] operation.OperationManager: Removed queryId: alex_20240424081322_cc6cdcd1-2bf8-4aee-b5b3-79480256fcb9 corresponding to operation: OperationHandle [opType=EXECUTE_STATEMENT, getHandleIdentifier()=40d998ac-bc52-47eb-bbec-b3a8ef0c7cfe] with tag: null
2024-04-24T08:13:22,943  INFO [b035dee9-79f9-448f-92e9-7eb7a9ce0f21 main] operation.HiveCommandOperation: Closing operation log /home/alex/Repositories/hive/beeline/target/tmp/alex/operation_logs/b035dee9-79f9-448f-92e9-7eb7a9ce0f21/alex_20240424081322_cc6cdcd1-2bf8-4aee-b5b3-79480256fcb9 without delay
2024-04-24T08:13:22,945  INFO [b035dee9-79f9-448f-92e9-7eb7a9ce0f21 main] session.HiveSessionImpl: executing use test
2024-04-24T08:13:22,946  INFO [b035dee9-79f9-448f-92e9-7eb7a9ce0f21 main] operation.OperationManager: Adding operation: OperationHandle [opType=EXECUTE_STATEMENT, getHandleIdentifier()=fcc38164-fd0b-48dd-9143-8bb7d671facc] SessionHandle [b035dee9-79f9-448f-92e9-7eb7a9ce0f21]
2024-04-24T08:13:22,946  INFO [b035dee9-79f9-448f-92e9-7eb7a9ce0f21 main] common.LogUtils: Thread context registration is done.
DEBUG StatusLogger Building Plugin[name=filter, class=org.apache.hadoop.hive.ql.log.LogDivertAppender$NameFilter].
DEBUG StatusLogger createFilter(loggingLevel="EXECUTION")
DEBUG StatusLogger Building Plugin[name=layout, class=org.apache.logging.log4j.core.layout.PatternLayout].
DEBUG StatusLogger PatternLayout$Builder(noConsoleNoAnsi="null", Replace=null, footer="null", header="null", PatternSelector=null, alwaysWriteExceptions="null", charset="null", pattern="%-5p : %m%n", disableAnsi="null", Configuration(HiveLog4j2Test))
DEBUG StatusLogger Building Plugin[name=appender, class=org.apache.hadoop.hive.ql.log.HushableRandomAccessFileAppender].
DEBUG StatusLogger createAppender(fileName="/home/alex/Repositories/hive/beeline/target/tmp/alex/operation_logs/b035dee9-79f9-448f-92e9-7eb7a9ce0f21/alex_20240424081322_d202aaab-b115-4129-8aab-48d4b133c4f6", append="null", name="query-file-appender", immediateFlush="null", bufferSize="null", ignoreExceptions="null", PatternLayout(org.apache.logging.log4j.core.layout.PatternLayout with name PatternLayout), NameFilter(org.apache.hadoop.hive.ql.log.LogDivertAppender$NameFilter with name NameFilter), advertise="null", advertiseURI="null", Configuration(HiveLog4j2Test))
DEBUG StatusLogger Starting RandomAccessFileManager /home/alex/Repositories/hive/beeline/target/tmp/alex/operation_logs/b035dee9-79f9-448f-92e9-7eb7a9ce0f21/alex_20240424081322_d202aaab-b115-4129-8aab-48d4b133c4f6
DEBUG StatusLogger Building Plugin[name=, class=org.apache.hadoop.hive.ql.log.LogDivertAppenderForTest$TestFilter].
DEBUG StatusLogger createFilter()
DEBUG StatusLogger Building Plugin[name=, class=org.apache.logging.log4j.core.layout.PatternLayout].
DEBUG StatusLogger PatternLayout$Builder(pattern="%-5p : %m%n", Replace=null, PatternSelector=null, Configuration(HiveLog4j2Test), alwaysWriteExceptions="null", noConsoleNoAnsi="null", disableAnsi="null", header="null", footer="null", charset="null")
DEBUG StatusLogger Building Plugin[name=appender, class=org.apache.hadoop.hive.ql.log.HushableRandomAccessFileAppender].
DEBUG StatusLogger createAppender(fileName="/home/alex/Repositories/hive/beeline/target/tmp/alex/operation_logs/b035dee9-79f9-448f-92e9-7eb7a9ce0f21/alex_20240424081322_d202aaab-b115-4129-8aab-48d4b133c4f6.test", append="null", name="test-query-file-appender", immediateFlush="null", bufferSize="null", ignoreExceptions="null", PatternLayout(org.apache.logging.log4j.core.layout.PatternLayout with name PatternLayout), test-filter(org.apache.hadoop.hive.ql.log.LogDivertAppenderForTest$TestFilter with name test-filter), advertise="null", advertiseURI="null", Configuration(HiveLog4j2Test))
DEBUG StatusLogger Starting RandomAccessFileManager /home/alex/Repositories/hive/beeline/target/tmp/alex/operation_logs/b035dee9-79f9-448f-92e9-7eb7a9ce0f21/alex_20240424081322_d202aaab-b115-4129-8aab-48d4b133c4f6.test
2024-04-24T08:13:22,953  INFO [b035dee9-79f9-448f-92e9-7eb7a9ce0f21 main] operation.SQLOperation: [opType=EXECUTE_STATEMENT, queryId=alex_20240424081322_d202aaab-b115-4129-8aab-48d4b133c4f6, startTime=1713971602945, sessionId=b035dee9-79f9-448f-92e9-7eb7a9ce0f21, createTime=1713971602781, userName=null, ipAddress=null]
2024-04-24T08:13:22,954  INFO [b035dee9-79f9-448f-92e9-7eb7a9ce0f21 main] ql.Driver: Compiling command(queryId=alex_20240424081322_d202aaab-b115-4129-8aab-48d4b133c4f6): use test
2024-04-24T08:13:22,955  INFO [b035dee9-79f9-448f-92e9-7eb7a9ce0f21 main] metastore.HiveMetaStoreClient: HMS client filtering is enabled.
2024-04-24T08:13:22,956  INFO [b035dee9-79f9-448f-92e9-7eb7a9ce0f21 main] metastore.HMSHandler: 0: Opening raw store with implementation class:org.apache.hadoop.hive.metastore.ObjectStore
2024-04-24T08:13:22,957  INFO [b035dee9-79f9-448f-92e9-7eb7a9ce0f21 main] metastore.PersistenceManagerProvider: Configuration datanucleus.autoStartMechanismMode is not set. Defaulting to 'ignored'
2024-04-24T08:13:22,957  INFO [b035dee9-79f9-448f-92e9-7eb7a9ce0f21 main] metastore.ObjectStore: RawStore: org.apache.hadoop.hive.metastore.ObjectStore@36330be8, with PersistenceManager: null will be shutdown
2024-04-24T08:13:22,958  INFO [b035dee9-79f9-448f-92e9-7eb7a9ce0f21 main] metastore.ObjectStore: RawStore: org.apache.hadoop.hive.metastore.ObjectStore@36330be8, with PersistenceManager: org.datanucleus.api.jdo.JDOPersistenceManager@38ba8b45 created in the thread with id: 1
2024-04-24T08:13:22,959  INFO [b035dee9-79f9-448f-92e9-7eb7a9ce0f21 main] metastore.HMSHandler: Created RawStore: org.apache.hadoop.hive.metastore.ObjectStore@36330be8 from thread id: 1
2024-04-24T08:13:22,959  INFO [b035dee9-79f9-448f-92e9-7eb7a9ce0f21 main] metastore.HMSHandler: HMS server filtering is disabled by configuration
2024-04-24T08:13:22,959  INFO [b035dee9-79f9-448f-92e9-7eb7a9ce0f21 main] metastore.RetryingMetaStoreClient: RetryingMetaStoreClient proxy=class org.apache.hadoop.hive.ql.metadata.SessionHiveMetaStoreClient ugi=alex (auth:SIMPLE) retries=1 delay=1 lifetime=0
2024-04-24T08:13:22,960  INFO [b035dee9-79f9-448f-92e9-7eb7a9ce0f21 main] HiveMetaStore.audit: ugi=alex	ip=unknown-ip-addr	cmd=get_database: test	
2024-04-24T08:13:22,961  INFO [b035dee9-79f9-448f-92e9-7eb7a9ce0f21 main] ql.Driver: Semantic Analysis Completed (retrial = false)
2024-04-24T08:13:22,961  INFO [b035dee9-79f9-448f-92e9-7eb7a9ce0f21 main] ql.Driver: Created Hive schema: Schema(fieldSchemas:null, properties:null)
2024-04-24T08:13:22,961  INFO [b035dee9-79f9-448f-92e9-7eb7a9ce0f21 main] metadata.Hive: Dumping metastore api call timing information for : compilation phase
2024-04-24T08:13:22,962  INFO [b035dee9-79f9-448f-92e9-7eb7a9ce0f21 main] metadata.Hive: Total time spent in each metastore function (ms): {flushCache_()=0, isCompatibleWith_(Configuration)=0, getDatabase_(String)=1}
2024-04-24T08:13:22,962  INFO [b035dee9-79f9-448f-92e9-7eb7a9ce0f21 main] ql.Driver: Completed compiling command(queryId=alex_20240424081322_d202aaab-b115-4129-8aab-48d4b133c4f6); Time taken: 0.007 seconds
2024-04-24T08:13:22,963  INFO [b035dee9-79f9-448f-92e9-7eb7a9ce0f21 main] common.LogUtils: Unregistered logging context.
2024-04-24T08:13:22,963  INFO [HiveServer2-Background-Pool: Thread-630] common.LogUtils: Thread context registration is done.
2024-04-24T08:13:22,963  INFO [HiveServer2-Background-Pool: Thread-630] reexec.ReExecDriver: Execution #1 of query
2024-04-24T08:13:22,964  INFO [HiveServer2-Background-Pool: Thread-630] ql.Driver: Concurrency mode is disabled, not creating a lock manager
2024-04-24T08:13:22,964  INFO [HiveServer2-Background-Pool: Thread-630] ql.Driver: Executing command(queryId=alex_20240424081322_d202aaab-b115-4129-8aab-48d4b133c4f6): use test
2024-04-24T08:13:22,965  INFO [HiveServer2-Background-Pool: Thread-630] ql.Driver: Starting task [Stage-0:DDL] in serial mode
2024-04-24T08:13:22,966  INFO [HiveServer2-Background-Pool: Thread-630] HiveMetaStore.audit: ugi=alex	ip=unknown-ip-addr	cmd=get_database: test	
2024-04-24T08:13:22,967  INFO [HiveServer2-Background-Pool: Thread-630] metastore.HMSHandler: 26: Opening raw store with implementation class:org.apache.hadoop.hive.metastore.ObjectStore
2024-04-24T08:13:22,968  INFO [HiveServer2-Background-Pool: Thread-630] metastore.ObjectStore: RawStore: org.apache.hadoop.hive.metastore.ObjectStore@35f44d84, with PersistenceManager: null will be shutdown
2024-04-24T08:13:22,968  INFO [HiveServer2-Background-Pool: Thread-630] metastore.ObjectStore: RawStore: org.apache.hadoop.hive.metastore.ObjectStore@35f44d84, with PersistenceManager: org.datanucleus.api.jdo.JDOPersistenceManager@70f6d55e created in the thread with id: 630
2024-04-24T08:13:22,970  INFO [HiveServer2-Background-Pool: Thread-630] metastore.HMSHandler: Created RawStore: org.apache.hadoop.hive.metastore.ObjectStore@35f44d84 from thread id: 630
2024-04-24T08:13:22,971  INFO [HiveServer2-Background-Pool: Thread-630] HiveMetaStore.audit: ugi=alex	ip=unknown-ip-addr	cmd=get_database: test	
2024-04-24T08:13:22,972  INFO [HiveServer2-Background-Pool: Thread-630] metadata.Hive: Dumping metastore api call timing information for : execution phase
2024-04-24T08:13:22,972  INFO [HiveServer2-Background-Pool: Thread-630] metadata.Hive: Total time spent in each metastore function (ms): {getDatabase_(String)=6, isCompatibleWith_(Configuration)=0}
2024-04-24T08:13:22,972  INFO [HiveServer2-Background-Pool: Thread-630] ql.Driver: Completed executing command(queryId=alex_20240424081322_d202aaab-b115-4129-8aab-48d4b133c4f6); Time taken: 0.008 seconds
2024-04-24T08:13:22,973  INFO [HiveServer2-Background-Pool: Thread-630] common.LogUtils: Unregistered logging context.
2024-04-24T08:13:22,977  INFO [b035dee9-79f9-448f-92e9-7eb7a9ce0f21 main] operation.OperationManager: Closing operation: OperationHandle [opType=EXECUTE_STATEMENT, getHandleIdentifier()=fcc38164-fd0b-48dd-9143-8bb7d671facc]
2024-04-24T08:13:22,977  INFO [b035dee9-79f9-448f-92e9-7eb7a9ce0f21 main] operation.OperationManager: Removed queryId: alex_20240424081322_d202aaab-b115-4129-8aab-48d4b133c4f6 corresponding to operation: OperationHandle [opType=EXECUTE_STATEMENT, getHandleIdentifier()=fcc38164-fd0b-48dd-9143-8bb7d671facc] with tag: null
2024-04-24T08:13:22,977  INFO [b035dee9-79f9-448f-92e9-7eb7a9ce0f21 main] operation.SQLOperation: Closing operation log /home/alex/Repositories/hive/beeline/target/tmp/alex/operation_logs/b035dee9-79f9-448f-92e9-7eb7a9ce0f21/alex_20240424081322_d202aaab-b115-4129-8aab-48d4b133c4f6 without delay
2024-04-24T08:13:22,982  INFO [b035dee9-79f9-448f-92e9-7eb7a9ce0f21 main] session.HiveSessionImpl: executing set hiveconf:zzz=/home/alex/Repositories/hive/beeline/target/tmp/test8347251434860570786.sql
2024-04-24T08:13:22,983  INFO [b035dee9-79f9-448f-92e9-7eb7a9ce0f21 main] operation.HiveCommandOperation: Putting temp output to file /home/alex/Repositories/hive/beeline/target/tmp/alex/b035dee9-79f9-448f-92e9-7eb7a9ce0f212556088696807560821.pipeout and error output to file /home/alex/Repositories/hive/beeline/target/tmp/alex/b035dee9-79f9-448f-92e9-7eb7a9ce0f218682378866930387489.pipeout
2024-04-24T08:13:22,983  INFO [b035dee9-79f9-448f-92e9-7eb7a9ce0f21 main] operation.OperationManager: Adding operation: OperationHandle [opType=EXECUTE_STATEMENT, getHandleIdentifier()=0d5e45bb-1e14-429e-a6ae-7831bf64c0d2] SessionHandle [b035dee9-79f9-448f-92e9-7eb7a9ce0f21]
2024-04-24T08:13:22,983  INFO [b035dee9-79f9-448f-92e9-7eb7a9ce0f21 main] common.LogUtils: Thread context registration is done.
DEBUG StatusLogger Building Plugin[name=filter, class=org.apache.hadoop.hive.ql.log.LogDivertAppender$NameFilter].
DEBUG StatusLogger createFilter(loggingLevel="EXECUTION")
DEBUG StatusLogger Building Plugin[name=layout, class=org.apache.logging.log4j.core.layout.PatternLayout].
DEBUG StatusLogger PatternLayout$Builder(alwaysWriteExceptions="null", footer="null", noConsoleNoAnsi="null", Configuration(HiveLog4j2Test), Replace=null, disableAnsi="null", header="null", PatternSelector=null, pattern="%-5p : %m%n", charset="null")
DEBUG StatusLogger Building Plugin[name=appender, class=org.apache.hadoop.hive.ql.log.HushableRandomAccessFileAppender].
DEBUG StatusLogger createAppender(fileName="/home/alex/Repositories/hive/beeline/target/tmp/alex/operation_logs/b035dee9-79f9-448f-92e9-7eb7a9ce0f21/alex_20240424081322_fb5c1e93-9242-42be-92ad-68d8d0f9e6c1", append="null", name="query-file-appender", immediateFlush="null", bufferSize="null", ignoreExceptions="null", PatternLayout(org.apache.logging.log4j.core.layout.PatternLayout with name PatternLayout), NameFilter(org.apache.hadoop.hive.ql.log.LogDivertAppender$NameFilter with name NameFilter), advertise="null", advertiseURI="null", Configuration(HiveLog4j2Test))
DEBUG StatusLogger Starting RandomAccessFileManager /home/alex/Repositories/hive/beeline/target/tmp/alex/operation_logs/b035dee9-79f9-448f-92e9-7eb7a9ce0f21/alex_20240424081322_fb5c1e93-9242-42be-92ad-68d8d0f9e6c1
DEBUG StatusLogger Building Plugin[name=, class=org.apache.hadoop.hive.ql.log.LogDivertAppenderForTest$TestFilter].
DEBUG StatusLogger createFilter()
DEBUG StatusLogger Building Plugin[name=, class=org.apache.logging.log4j.core.layout.PatternLayout].
DEBUG StatusLogger PatternLayout$Builder(disableAnsi="null", Replace=null, header="null", alwaysWriteExceptions="null", noConsoleNoAnsi="null", footer="null", charset="null", pattern="%-5p : %m%n", PatternSelector=null, Configuration(HiveLog4j2Test))
DEBUG StatusLogger Building Plugin[name=appender, class=org.apache.hadoop.hive.ql.log.HushableRandomAccessFileAppender].
DEBUG StatusLogger createAppender(fileName="/home/alex/Repositories/hive/beeline/target/tmp/alex/operation_logs/b035dee9-79f9-448f-92e9-7eb7a9ce0f21/alex_20240424081322_fb5c1e93-9242-42be-92ad-68d8d0f9e6c1.test", append="null", name="test-query-file-appender", immediateFlush="null", bufferSize="null", ignoreExceptions="null", PatternLayout(org.apache.logging.log4j.core.layout.PatternLayout with name PatternLayout), test-filter(org.apache.hadoop.hive.ql.log.LogDivertAppenderForTest$TestFilter with name test-filter), advertise="null", advertiseURI="null", Configuration(HiveLog4j2Test))
DEBUG StatusLogger Starting RandomAccessFileManager /home/alex/Repositories/hive/beeline/target/tmp/alex/operation_logs/b035dee9-79f9-448f-92e9-7eb7a9ce0f21/alex_20240424081322_fb5c1e93-9242-42be-92ad-68d8d0f9e6c1.test
2024-04-24T08:13:22,989  INFO [b035dee9-79f9-448f-92e9-7eb7a9ce0f21 main] operation.HiveCommandOperation: [opType=EXECUTE_STATEMENT, queryId=alex_20240424081322_fb5c1e93-9242-42be-92ad-68d8d0f9e6c1, startTime=1713971602982, sessionId=b035dee9-79f9-448f-92e9-7eb7a9ce0f21, createTime=1713971602781, userName=null, ipAddress=null]
2024-04-24T08:13:22,990  INFO [b035dee9-79f9-448f-92e9-7eb7a9ce0f21 main] common.LogUtils: Unregistered logging context.
2024-04-24T08:13:22,992  INFO [b035dee9-79f9-448f-92e9-7eb7a9ce0f21 main] operation.OperationManager: Closing operation: OperationHandle [opType=EXECUTE_STATEMENT, getHandleIdentifier()=0d5e45bb-1e14-429e-a6ae-7831bf64c0d2]
2024-04-24T08:13:22,992  INFO [b035dee9-79f9-448f-92e9-7eb7a9ce0f21 main] operation.OperationManager: Removed queryId: alex_20240424081322_fb5c1e93-9242-42be-92ad-68d8d0f9e6c1 corresponding to operation: OperationHandle [opType=EXECUTE_STATEMENT, getHandleIdentifier()=0d5e45bb-1e14-429e-a6ae-7831bf64c0d2] with tag: null
2024-04-24T08:13:22,992  INFO [b035dee9-79f9-448f-92e9-7eb7a9ce0f21 main] operation.HiveCommandOperation: Closing operation log /home/alex/Repositories/hive/beeline/target/tmp/alex/operation_logs/b035dee9-79f9-448f-92e9-7eb7a9ce0f21/alex_20240424081322_fb5c1e93-9242-42be-92ad-68d8d0f9e6c1 without delay
2024-04-24T08:13:23,035  WARN [main] conf.HiveConf: HiveConf of name hive.dummyparam.test.server.specific.config.hiveserver2site does not exist
2024-04-24T08:13:23,035  WARN [main] conf.HiveConf: HiveConf of name hive.dummyparam.test.server.specific.config.metastoresite does not exist
2024-04-24T08:13:23,035  WARN [main] conf.HiveConf: HiveConf of name hive.dummyparam.test.server.specific.config.override does not exist
2024-04-24T08:13:23,036  INFO [b035dee9-79f9-448f-92e9-7eb7a9ce0f21 main] session.HiveSessionImpl: executing set
2024-04-24T08:13:23,036  INFO [b035dee9-79f9-448f-92e9-7eb7a9ce0f21 main] operation.HiveCommandOperation: Putting temp output to file /home/alex/Repositories/hive/beeline/target/tmp/alex/b035dee9-79f9-448f-92e9-7eb7a9ce0f212556088696807560821.pipeout and error output to file /home/alex/Repositories/hive/beeline/target/tmp/alex/b035dee9-79f9-448f-92e9-7eb7a9ce0f218682378866930387489.pipeout
2024-04-24T08:13:23,037  INFO [b035dee9-79f9-448f-92e9-7eb7a9ce0f21 main] operation.OperationManager: Adding operation: OperationHandle [opType=EXECUTE_STATEMENT, getHandleIdentifier()=18c1b6fc-356b-4860-9c18-3cc66e32339a] SessionHandle [b035dee9-79f9-448f-92e9-7eb7a9ce0f21]
2024-04-24T08:13:23,037  INFO [b035dee9-79f9-448f-92e9-7eb7a9ce0f21 main] common.LogUtils: Thread context registration is done.
DEBUG StatusLogger Building Plugin[name=filter, class=org.apache.hadoop.hive.ql.log.LogDivertAppender$NameFilter].
DEBUG StatusLogger createFilter(loggingLevel="EXECUTION")
DEBUG StatusLogger Building Plugin[name=layout, class=org.apache.logging.log4j.core.layout.PatternLayout].
DEBUG StatusLogger PatternLayout$Builder(pattern="%-5p : %m%n", Configuration(HiveLog4j2Test), charset="null", noConsoleNoAnsi="null", disableAnsi="null", header="null", Replace=null, PatternSelector=null, alwaysWriteExceptions="null", footer="null")
DEBUG StatusLogger Building Plugin[name=appender, class=org.apache.hadoop.hive.ql.log.HushableRandomAccessFileAppender].
DEBUG StatusLogger createAppender(fileName="/home/alex/Repositories/hive/beeline/target/tmp/alex/operation_logs/b035dee9-79f9-448f-92e9-7eb7a9ce0f21/alex_20240424081323_80eecbdf-a41d-4e6f-b272-e6dd7d1e2c8e", append="null", name="query-file-appender", immediateFlush="null", bufferSize="null", ignoreExceptions="null", PatternLayout(org.apache.logging.log4j.core.layout.PatternLayout with name PatternLayout), NameFilter(org.apache.hadoop.hive.ql.log.LogDivertAppender$NameFilter with name NameFilter), advertise="null", advertiseURI="null", Configuration(HiveLog4j2Test))
DEBUG StatusLogger Starting RandomAccessFileManager /home/alex/Repositories/hive/beeline/target/tmp/alex/operation_logs/b035dee9-79f9-448f-92e9-7eb7a9ce0f21/alex_20240424081323_80eecbdf-a41d-4e6f-b272-e6dd7d1e2c8e
DEBUG StatusLogger Building Plugin[name=, class=org.apache.hadoop.hive.ql.log.LogDivertAppenderForTest$TestFilter].
DEBUG StatusLogger createFilter()
DEBUG StatusLogger Building Plugin[name=, class=org.apache.logging.log4j.core.layout.PatternLayout].
DEBUG StatusLogger PatternLayout$Builder(header="null", PatternSelector=null, Configuration(HiveLog4j2Test), pattern="%-5p : %m%n", noConsoleNoAnsi="null", Replace=null, disableAnsi="null", footer="null", alwaysWriteExceptions="null", charset="null")
DEBUG StatusLogger Building Plugin[name=appender, class=org.apache.hadoop.hive.ql.log.HushableRandomAccessFileAppender].
DEBUG StatusLogger createAppender(fileName="/home/alex/Repositories/hive/beeline/target/tmp/alex/operation_logs/b035dee9-79f9-448f-92e9-7eb7a9ce0f21/alex_20240424081323_80eecbdf-a41d-4e6f-b272-e6dd7d1e2c8e.test", append="null", name="test-query-file-appender", immediateFlush="null", bufferSize="null", ignoreExceptions="null", PatternLayout(org.apache.logging.log4j.core.layout.PatternLayout with name PatternLayout), test-filter(org.apache.hadoop.hive.ql.log.LogDivertAppenderForTest$TestFilter with name test-filter), advertise="null", advertiseURI="null", Configuration(HiveLog4j2Test))
DEBUG StatusLogger Starting RandomAccessFileManager /home/alex/Repositories/hive/beeline/target/tmp/alex/operation_logs/b035dee9-79f9-448f-92e9-7eb7a9ce0f21/alex_20240424081323_80eecbdf-a41d-4e6f-b272-e6dd7d1e2c8e.test
2024-04-24T08:13:23,044  INFO [b035dee9-79f9-448f-92e9-7eb7a9ce0f21 main] operation.HiveCommandOperation: [opType=EXECUTE_STATEMENT, queryId=alex_20240424081323_80eecbdf-a41d-4e6f-b272-e6dd7d1e2c8e, startTime=1713971603036, sessionId=b035dee9-79f9-448f-92e9-7eb7a9ce0f21, createTime=1713971602781, userName=null, ipAddress=null]
2024-04-24T08:13:23,130  INFO [b035dee9-79f9-448f-92e9-7eb7a9ce0f21 main] common.LogUtils: Unregistered logging context.
2024-04-24T08:13:23,132  INFO [b035dee9-79f9-448f-92e9-7eb7a9ce0f21 main] operation.OperationManager: Closing operation: OperationHandle [opType=EXECUTE_STATEMENT, getHandleIdentifier()=18c1b6fc-356b-4860-9c18-3cc66e32339a]
2024-04-24T08:13:23,132  INFO [b035dee9-79f9-448f-92e9-7eb7a9ce0f21 main] operation.OperationManager: Removed queryId: alex_20240424081323_80eecbdf-a41d-4e6f-b272-e6dd7d1e2c8e corresponding to operation: OperationHandle [opType=EXECUTE_STATEMENT, getHandleIdentifier()=18c1b6fc-356b-4860-9c18-3cc66e32339a] with tag: null
2024-04-24T08:13:23,132  INFO [b035dee9-79f9-448f-92e9-7eb7a9ce0f21 main] operation.HiveCommandOperation: Closing operation log /home/alex/Repositories/hive/beeline/target/tmp/alex/operation_logs/b035dee9-79f9-448f-92e9-7eb7a9ce0f21/alex_20240424081323_80eecbdf-a41d-4e6f-b272-e6dd7d1e2c8e without delay
2024-04-24T08:13:23,180  WARN [main] conf.HiveConf: HiveConf of name hive.dummyparam.test.server.specific.config.metastoresite does not exist
2024-04-24T08:13:23,180  WARN [main] conf.HiveConf: HiveConf of name hive.dummyparam.test.server.specific.config.hiveserver2site does not exist
2024-04-24T08:13:23,180  WARN [main] conf.HiveConf: HiveConf of name hive.dummyparam.test.server.specific.config.override does not exist
2024-04-24T08:13:23,181  INFO [b035dee9-79f9-448f-92e9-7eb7a9ce0f21 main] session.HiveSessionImpl: executing set
2024-04-24T08:13:23,182  INFO [b035dee9-79f9-448f-92e9-7eb7a9ce0f21 main] operation.HiveCommandOperation: Putting temp output to file /home/alex/Repositories/hive/beeline/target/tmp/alex/b035dee9-79f9-448f-92e9-7eb7a9ce0f212556088696807560821.pipeout and error output to file /home/alex/Repositories/hive/beeline/target/tmp/alex/b035dee9-79f9-448f-92e9-7eb7a9ce0f218682378866930387489.pipeout
2024-04-24T08:13:23,182  INFO [b035dee9-79f9-448f-92e9-7eb7a9ce0f21 main] operation.OperationManager: Adding operation: OperationHandle [opType=EXECUTE_STATEMENT, getHandleIdentifier()=ee525e88-6fad-44dd-83ee-7e3a69e7f4c1] SessionHandle [b035dee9-79f9-448f-92e9-7eb7a9ce0f21]
2024-04-24T08:13:23,182  INFO [b035dee9-79f9-448f-92e9-7eb7a9ce0f21 main] common.LogUtils: Thread context registration is done.
DEBUG StatusLogger Building Plugin[name=filter, class=org.apache.hadoop.hive.ql.log.LogDivertAppender$NameFilter].
DEBUG StatusLogger createFilter(loggingLevel="EXECUTION")
DEBUG StatusLogger Building Plugin[name=layout, class=org.apache.logging.log4j.core.layout.PatternLayout].
DEBUG StatusLogger PatternLayout$Builder(disableAnsi="null", PatternSelector=null, pattern="%-5p : %m%n", noConsoleNoAnsi="null", Replace=null, footer="null", alwaysWriteExceptions="null", charset="null", Configuration(HiveLog4j2Test), header="null")
DEBUG StatusLogger Building Plugin[name=appender, class=org.apache.hadoop.hive.ql.log.HushableRandomAccessFileAppender].
DEBUG StatusLogger createAppender(fileName="/home/alex/Repositories/hive/beeline/target/tmp/alex/operation_logs/b035dee9-79f9-448f-92e9-7eb7a9ce0f21/alex_20240424081323_2947f802-54ff-48d0-8080-40145717f1cb", append="null", name="query-file-appender", immediateFlush="null", bufferSize="null", ignoreExceptions="null", PatternLayout(org.apache.logging.log4j.core.layout.PatternLayout with name PatternLayout), NameFilter(org.apache.hadoop.hive.ql.log.LogDivertAppender$NameFilter with name NameFilter), advertise="null", advertiseURI="null", Configuration(HiveLog4j2Test))
DEBUG StatusLogger Starting RandomAccessFileManager /home/alex/Repositories/hive/beeline/target/tmp/alex/operation_logs/b035dee9-79f9-448f-92e9-7eb7a9ce0f21/alex_20240424081323_2947f802-54ff-48d0-8080-40145717f1cb
DEBUG StatusLogger Building Plugin[name=, class=org.apache.hadoop.hive.ql.log.LogDivertAppenderForTest$TestFilter].
DEBUG StatusLogger createFilter()
DEBUG StatusLogger Building Plugin[name=, class=org.apache.logging.log4j.core.layout.PatternLayout].
DEBUG StatusLogger PatternLayout$Builder(alwaysWriteExceptions="null", footer="null", PatternSelector=null, noConsoleNoAnsi="null", header="null", Replace=null, pattern="%-5p : %m%n", disableAnsi="null", Configuration(HiveLog4j2Test), charset="null")
DEBUG StatusLogger Building Plugin[name=appender, class=org.apache.hadoop.hive.ql.log.HushableRandomAccessFileAppender].
DEBUG StatusLogger createAppender(fileName="/home/alex/Repositories/hive/beeline/target/tmp/alex/operation_logs/b035dee9-79f9-448f-92e9-7eb7a9ce0f21/alex_20240424081323_2947f802-54ff-48d0-8080-40145717f1cb.test", append="null", name="test-query-file-appender", immediateFlush="null", bufferSize="null", ignoreExceptions="null", PatternLayout(org.apache.logging.log4j.core.layout.PatternLayout with name PatternLayout), test-filter(org.apache.hadoop.hive.ql.log.LogDivertAppenderForTest$TestFilter with name test-filter), advertise="null", advertiseURI="null", Configuration(HiveLog4j2Test))
DEBUG StatusLogger Starting RandomAccessFileManager /home/alex/Repositories/hive/beeline/target/tmp/alex/operation_logs/b035dee9-79f9-448f-92e9-7eb7a9ce0f21/alex_20240424081323_2947f802-54ff-48d0-8080-40145717f1cb.test
2024-04-24T08:13:23,189  INFO [b035dee9-79f9-448f-92e9-7eb7a9ce0f21 main] operation.HiveCommandOperation: [opType=EXECUTE_STATEMENT, queryId=alex_20240424081323_2947f802-54ff-48d0-8080-40145717f1cb, startTime=1713971603181, sessionId=b035dee9-79f9-448f-92e9-7eb7a9ce0f21, createTime=1713971602781, userName=null, ipAddress=null]
2024-04-24T08:13:23,276  INFO [b035dee9-79f9-448f-92e9-7eb7a9ce0f21 main] common.LogUtils: Unregistered logging context.
2024-04-24T08:13:23,278  INFO [b035dee9-79f9-448f-92e9-7eb7a9ce0f21 main] operation.OperationManager: Closing operation: OperationHandle [opType=EXECUTE_STATEMENT, getHandleIdentifier()=ee525e88-6fad-44dd-83ee-7e3a69e7f4c1]
2024-04-24T08:13:23,278  INFO [b035dee9-79f9-448f-92e9-7eb7a9ce0f21 main] operation.OperationManager: Removed queryId: alex_20240424081323_2947f802-54ff-48d0-8080-40145717f1cb corresponding to operation: OperationHandle [opType=EXECUTE_STATEMENT, getHandleIdentifier()=ee525e88-6fad-44dd-83ee-7e3a69e7f4c1] with tag: null
2024-04-24T08:13:23,278  INFO [b035dee9-79f9-448f-92e9-7eb7a9ce0f21 main] operation.HiveCommandOperation: Closing operation log /home/alex/Repositories/hive/beeline/target/tmp/alex/operation_logs/b035dee9-79f9-448f-92e9-7eb7a9ce0f21/alex_20240424081323_2947f802-54ff-48d0-8080-40145717f1cb without delay
2024-04-24T08:13:23,280  INFO [b035dee9-79f9-448f-92e9-7eb7a9ce0f21 main] session.HiveSessionImpl: executing create table if not exists test.testSrcTbl2(sc2 string)
2024-04-24T08:13:23,281  INFO [b035dee9-79f9-448f-92e9-7eb7a9ce0f21 main] operation.OperationManager: Adding operation: OperationHandle [opType=EXECUTE_STATEMENT, getHandleIdentifier()=32506e9f-84cd-4a05-86fe-d40fee3aeb38] SessionHandle [b035dee9-79f9-448f-92e9-7eb7a9ce0f21]
2024-04-24T08:13:23,281  INFO [b035dee9-79f9-448f-92e9-7eb7a9ce0f21 main] common.LogUtils: Thread context registration is done.
DEBUG StatusLogger Building Plugin[name=filter, class=org.apache.hadoop.hive.ql.log.LogDivertAppender$NameFilter].
DEBUG StatusLogger createFilter(loggingLevel="EXECUTION")
DEBUG StatusLogger Building Plugin[name=layout, class=org.apache.logging.log4j.core.layout.PatternLayout].
DEBUG StatusLogger PatternLayout$Builder(alwaysWriteExceptions="null", pattern="%-5p : %m%n", PatternSelector=null, footer="null", header="null", noConsoleNoAnsi="null", charset="null", Replace=null, disableAnsi="null", Configuration(HiveLog4j2Test))
DEBUG StatusLogger Building Plugin[name=appender, class=org.apache.hadoop.hive.ql.log.HushableRandomAccessFileAppender].
DEBUG StatusLogger createAppender(fileName="/home/alex/Repositories/hive/beeline/target/tmp/alex/operation_logs/b035dee9-79f9-448f-92e9-7eb7a9ce0f21/alex_20240424081323_49852cee-fe6a-4542-acdb-59d4686216b7", append="null", name="query-file-appender", immediateFlush="null", bufferSize="null", ignoreExceptions="null", PatternLayout(org.apache.logging.log4j.core.layout.PatternLayout with name PatternLayout), NameFilter(org.apache.hadoop.hive.ql.log.LogDivertAppender$NameFilter with name NameFilter), advertise="null", advertiseURI="null", Configuration(HiveLog4j2Test))
DEBUG StatusLogger Starting RandomAccessFileManager /home/alex/Repositories/hive/beeline/target/tmp/alex/operation_logs/b035dee9-79f9-448f-92e9-7eb7a9ce0f21/alex_20240424081323_49852cee-fe6a-4542-acdb-59d4686216b7
DEBUG StatusLogger Building Plugin[name=, class=org.apache.hadoop.hive.ql.log.LogDivertAppenderForTest$TestFilter].
DEBUG StatusLogger createFilter()
DEBUG StatusLogger Building Plugin[name=, class=org.apache.logging.log4j.core.layout.PatternLayout].
DEBUG StatusLogger PatternLayout$Builder(pattern="%-5p : %m%n", noConsoleNoAnsi="null", charset="null", disableAnsi="null", PatternSelector=null, Configuration(HiveLog4j2Test), Replace=null, footer="null", header="null", alwaysWriteExceptions="null")
DEBUG StatusLogger Building Plugin[name=appender, class=org.apache.hadoop.hive.ql.log.HushableRandomAccessFileAppender].
DEBUG StatusLogger createAppender(fileName="/home/alex/Repositories/hive/beeline/target/tmp/alex/operation_logs/b035dee9-79f9-448f-92e9-7eb7a9ce0f21/alex_20240424081323_49852cee-fe6a-4542-acdb-59d4686216b7.test", append="null", name="test-query-file-appender", immediateFlush="null", bufferSize="null", ignoreExceptions="null", PatternLayout(org.apache.logging.log4j.core.layout.PatternLayout with name PatternLayout), test-filter(org.apache.hadoop.hive.ql.log.LogDivertAppenderForTest$TestFilter with name test-filter), advertise="null", advertiseURI="null", Configuration(HiveLog4j2Test))
DEBUG StatusLogger Starting RandomAccessFileManager /home/alex/Repositories/hive/beeline/target/tmp/alex/operation_logs/b035dee9-79f9-448f-92e9-7eb7a9ce0f21/alex_20240424081323_49852cee-fe6a-4542-acdb-59d4686216b7.test
2024-04-24T08:13:23,287  INFO [b035dee9-79f9-448f-92e9-7eb7a9ce0f21 main] operation.SQLOperation: [opType=EXECUTE_STATEMENT, queryId=alex_20240424081323_49852cee-fe6a-4542-acdb-59d4686216b7, startTime=1713971603280, sessionId=b035dee9-79f9-448f-92e9-7eb7a9ce0f21, createTime=1713971602781, userName=null, ipAddress=null]
2024-04-24T08:13:23,288  INFO [b035dee9-79f9-448f-92e9-7eb7a9ce0f21 main] ql.Driver: Compiling command(queryId=alex_20240424081323_49852cee-fe6a-4542-acdb-59d4686216b7): create table if not exists test.testSrcTbl2(sc2 string)
2024-04-24T08:13:23,289  INFO [b035dee9-79f9-448f-92e9-7eb7a9ce0f21 main] parse.CalcitePlanner: Starting caching scope for: alex_20240424081323_49852cee-fe6a-4542-acdb-59d4686216b7
2024-04-24T08:13:23,289  INFO [b035dee9-79f9-448f-92e9-7eb7a9ce0f21 main] parse.CalcitePlanner: Starting Semantic Analysis
2024-04-24T08:13:23,289  INFO [b035dee9-79f9-448f-92e9-7eb7a9ce0f21 main] sqlstd.SQLStdHiveAccessController: Created SQLStdHiveAccessController for session context : HiveAuthzSessionContext [sessionString=b035dee9-79f9-448f-92e9-7eb7a9ce0f21, clientType=HIVESERVER2]
2024-04-24T08:13:23,289  INFO [b035dee9-79f9-448f-92e9-7eb7a9ce0f21 main] parse.CalcitePlanner: Creating table test.testSrcTbl2 position=27
2024-04-24T08:13:23,290  INFO [b035dee9-79f9-448f-92e9-7eb7a9ce0f21 main] HiveMetaStore.audit: ugi=alex	ip=unknown-ip-addr	cmd=get_table : tbl=hive.test.testSrcTbl2	
2024-04-24T08:13:23,305  INFO [b035dee9-79f9-448f-92e9-7eb7a9ce0f21 main] parse.CalcitePlanner: Ending caching scope for: alex_20240424081323_49852cee-fe6a-4542-acdb-59d4686216b7
2024-04-24T08:13:23,305  INFO [b035dee9-79f9-448f-92e9-7eb7a9ce0f21 main] ql.Driver: Semantic Analysis Completed (retrial = false)
2024-04-24T08:13:23,305  INFO [b035dee9-79f9-448f-92e9-7eb7a9ce0f21 main] ql.Driver: Created Hive schema: Schema(fieldSchemas:null, properties:null)
2024-04-24T08:13:23,306  INFO [b035dee9-79f9-448f-92e9-7eb7a9ce0f21 main] metadata.Hive: Dumping metastore api call timing information for : compilation phase
2024-04-24T08:13:23,306  INFO [b035dee9-79f9-448f-92e9-7eb7a9ce0f21 main] metadata.Hive: Total time spent in each metastore function (ms): {isCompatibleWith_(Configuration)=0, getTable_(GetTableRequest)=16, flushCache_()=0}
2024-04-24T08:13:23,306  INFO [b035dee9-79f9-448f-92e9-7eb7a9ce0f21 main] ql.Driver: Completed compiling command(queryId=alex_20240424081323_49852cee-fe6a-4542-acdb-59d4686216b7); Time taken: 0.017 seconds
2024-04-24T08:13:23,307  INFO [HiveServer2-Background-Pool: Thread-634] common.LogUtils: Thread context registration is done.
2024-04-24T08:13:23,307  INFO [b035dee9-79f9-448f-92e9-7eb7a9ce0f21 main] common.LogUtils: Unregistered logging context.
2024-04-24T08:13:23,307  INFO [HiveServer2-Background-Pool: Thread-634] reexec.ReExecDriver: Execution #1 of query
2024-04-24T08:13:23,307  INFO [HiveServer2-Background-Pool: Thread-634] ql.Driver: Concurrency mode is disabled, not creating a lock manager
2024-04-24T08:13:23,308  INFO [HiveServer2-Background-Pool: Thread-634] ql.Driver: Executing command(queryId=alex_20240424081323_49852cee-fe6a-4542-acdb-59d4686216b7): create table if not exists test.testSrcTbl2(sc2 string)
2024-04-24T08:13:23,309  INFO [HiveServer2-Background-Pool: Thread-634] metadata.Hive: Dumping metastore api call timing information for : execution phase
2024-04-24T08:13:23,309  INFO [HiveServer2-Background-Pool: Thread-634] metadata.Hive: Total time spent in each metastore function (ms): {}
2024-04-24T08:13:23,309  INFO [HiveServer2-Background-Pool: Thread-634] ql.Driver: Completed executing command(queryId=alex_20240424081323_49852cee-fe6a-4542-acdb-59d4686216b7); Time taken: 0.001 seconds
2024-04-24T08:13:23,310  INFO [HiveServer2-Background-Pool: Thread-634] common.LogUtils: Unregistered logging context.
2024-04-24T08:13:23,312  INFO [b035dee9-79f9-448f-92e9-7eb7a9ce0f21 main] operation.OperationManager: Closing operation: OperationHandle [opType=EXECUTE_STATEMENT, getHandleIdentifier()=32506e9f-84cd-4a05-86fe-d40fee3aeb38]
2024-04-24T08:13:23,312  INFO [b035dee9-79f9-448f-92e9-7eb7a9ce0f21 main] operation.OperationManager: Removed queryId: alex_20240424081323_49852cee-fe6a-4542-acdb-59d4686216b7 corresponding to operation: OperationHandle [opType=EXECUTE_STATEMENT, getHandleIdentifier()=32506e9f-84cd-4a05-86fe-d40fee3aeb38] with tag: null
2024-04-24T08:13:23,312  INFO [b035dee9-79f9-448f-92e9-7eb7a9ce0f21 main] operation.SQLOperation: Closing operation log /home/alex/Repositories/hive/beeline/target/tmp/alex/operation_logs/b035dee9-79f9-448f-92e9-7eb7a9ce0f21/alex_20240424081323_49852cee-fe6a-4542-acdb-59d4686216b7 without delay
2024-04-24T08:13:23,317  INFO [b035dee9-79f9-448f-92e9-7eb7a9ce0f21 main] session.HiveSessionImpl: executing desc testSrcTbl2
2024-04-24T08:13:23,318  INFO [b035dee9-79f9-448f-92e9-7eb7a9ce0f21 main] operation.OperationManager: Adding operation: OperationHandle [opType=EXECUTE_STATEMENT, getHandleIdentifier()=27e3b221-7c49-41d3-8842-df528f0b74d4] SessionHandle [b035dee9-79f9-448f-92e9-7eb7a9ce0f21]
2024-04-24T08:13:23,318  INFO [b035dee9-79f9-448f-92e9-7eb7a9ce0f21 main] common.LogUtils: Thread context registration is done.
DEBUG StatusLogger Building Plugin[name=filter, class=org.apache.hadoop.hive.ql.log.LogDivertAppender$NameFilter].
DEBUG StatusLogger createFilter(loggingLevel="EXECUTION")
DEBUG StatusLogger Building Plugin[name=layout, class=org.apache.logging.log4j.core.layout.PatternLayout].
DEBUG StatusLogger PatternLayout$Builder(pattern="%-5p : %m%n", disableAnsi="null", header="null", Configuration(HiveLog4j2Test), Replace=null, footer="null", noConsoleNoAnsi="null", PatternSelector=null, charset="null", alwaysWriteExceptions="null")
DEBUG StatusLogger Building Plugin[name=appender, class=org.apache.hadoop.hive.ql.log.HushableRandomAccessFileAppender].
DEBUG StatusLogger createAppender(fileName="/home/alex/Repositories/hive/beeline/target/tmp/alex/operation_logs/b035dee9-79f9-448f-92e9-7eb7a9ce0f21/alex_20240424081323_faa2dda9-cd08-423d-a68b-0a54c9fd62dc", append="null", name="query-file-appender", immediateFlush="null", bufferSize="null", ignoreExceptions="null", PatternLayout(org.apache.logging.log4j.core.layout.PatternLayout with name PatternLayout), NameFilter(org.apache.hadoop.hive.ql.log.LogDivertAppender$NameFilter with name NameFilter), advertise="null", advertiseURI="null", Configuration(HiveLog4j2Test))
DEBUG StatusLogger Starting RandomAccessFileManager /home/alex/Repositories/hive/beeline/target/tmp/alex/operation_logs/b035dee9-79f9-448f-92e9-7eb7a9ce0f21/alex_20240424081323_faa2dda9-cd08-423d-a68b-0a54c9fd62dc
DEBUG StatusLogger Building Plugin[name=, class=org.apache.hadoop.hive.ql.log.LogDivertAppenderForTest$TestFilter].
DEBUG StatusLogger createFilter()
DEBUG StatusLogger Building Plugin[name=, class=org.apache.logging.log4j.core.layout.PatternLayout].
DEBUG StatusLogger PatternLayout$Builder(footer="null", Replace=null, charset="null", PatternSelector=null, Configuration(HiveLog4j2Test), noConsoleNoAnsi="null", pattern="%-5p : %m%n", alwaysWriteExceptions="null", header="null", disableAnsi="null")
DEBUG StatusLogger Building Plugin[name=appender, class=org.apache.hadoop.hive.ql.log.HushableRandomAccessFileAppender].
DEBUG StatusLogger createAppender(fileName="/home/alex/Repositories/hive/beeline/target/tmp/alex/operation_logs/b035dee9-79f9-448f-92e9-7eb7a9ce0f21/alex_20240424081323_faa2dda9-cd08-423d-a68b-0a54c9fd62dc.test", append="null", name="test-query-file-appender", immediateFlush="null", bufferSize="null", ignoreExceptions="null", PatternLayout(org.apache.logging.log4j.core.layout.PatternLayout with name PatternLayout), test-filter(org.apache.hadoop.hive.ql.log.LogDivertAppenderForTest$TestFilter with name test-filter), advertise="null", advertiseURI="null", Configuration(HiveLog4j2Test))
DEBUG StatusLogger Starting RandomAccessFileManager /home/alex/Repositories/hive/beeline/target/tmp/alex/operation_logs/b035dee9-79f9-448f-92e9-7eb7a9ce0f21/alex_20240424081323_faa2dda9-cd08-423d-a68b-0a54c9fd62dc.test
2024-04-24T08:13:23,328  INFO [b035dee9-79f9-448f-92e9-7eb7a9ce0f21 main] operation.SQLOperation: [opType=EXECUTE_STATEMENT, queryId=alex_20240424081323_faa2dda9-cd08-423d-a68b-0a54c9fd62dc, startTime=1713971603317, sessionId=b035dee9-79f9-448f-92e9-7eb7a9ce0f21, createTime=1713971602781, userName=null, ipAddress=null]
2024-04-24T08:13:23,328  INFO [b035dee9-79f9-448f-92e9-7eb7a9ce0f21 main] ql.Driver: Compiling command(queryId=alex_20240424081323_faa2dda9-cd08-423d-a68b-0a54c9fd62dc): desc testSrcTbl2
2024-04-24T08:13:23,334  INFO [b035dee9-79f9-448f-92e9-7eb7a9ce0f21 main] HiveMetaStore.audit: ugi=alex	ip=unknown-ip-addr	cmd=get_database: test	
2024-04-24T08:13:23,336  INFO [b035dee9-79f9-448f-92e9-7eb7a9ce0f21 main] HiveMetaStore.audit: ugi=alex	ip=unknown-ip-addr	cmd=get_table : tbl=hive.test.testSrcTbl2	
2024-04-24T08:13:23,352  INFO [b035dee9-79f9-448f-92e9-7eb7a9ce0f21 main] ql.Driver: Semantic Analysis Completed (retrial = false)
2024-04-24T08:13:23,352  INFO [b035dee9-79f9-448f-92e9-7eb7a9ce0f21 main] ql.Driver: Created Hive schema: Schema(fieldSchemas:[FieldSchema(name:col_name, type:string, comment:from deserializer), FieldSchema(name:data_type, type:string, comment:from deserializer), FieldSchema(name:comment, type:string, comment:from deserializer)], properties:null)
2024-04-24T08:13:23,353  INFO [b035dee9-79f9-448f-92e9-7eb7a9ce0f21 main] exec.ListSinkOperator: Initializing Operator: LIST_SINK[0]
2024-04-24T08:13:23,354  INFO [b035dee9-79f9-448f-92e9-7eb7a9ce0f21 main] metadata.Hive: Dumping metastore api call timing information for : compilation phase
2024-04-24T08:13:23,354  INFO [b035dee9-79f9-448f-92e9-7eb7a9ce0f21 main] metadata.Hive: Total time spent in each metastore function (ms): {isCompatibleWith_(Configuration)=1, getTable_(GetTableRequest)=16, getDatabase_(String)=3, flushCache_()=0}
2024-04-24T08:13:23,354  INFO [b035dee9-79f9-448f-92e9-7eb7a9ce0f21 main] ql.Driver: Completed compiling command(queryId=alex_20240424081323_faa2dda9-cd08-423d-a68b-0a54c9fd62dc); Time taken: 0.026 seconds
2024-04-24T08:13:23,355  INFO [HiveServer2-Background-Pool: Thread-637] common.LogUtils: Thread context registration is done.
2024-04-24T08:13:23,355  INFO [b035dee9-79f9-448f-92e9-7eb7a9ce0f21 main] common.LogUtils: Unregistered logging context.
2024-04-24T08:13:23,355  INFO [HiveServer2-Background-Pool: Thread-637] reexec.ReExecDriver: Execution #1 of query
2024-04-24T08:13:23,356  INFO [HiveServer2-Background-Pool: Thread-637] ql.Driver: Concurrency mode is disabled, not creating a lock manager
2024-04-24T08:13:23,356  INFO [HiveServer2-Background-Pool: Thread-637] ql.Driver: Executing command(queryId=alex_20240424081323_faa2dda9-cd08-423d-a68b-0a54c9fd62dc): desc testSrcTbl2
2024-04-24T08:13:23,357  INFO [HiveServer2-Background-Pool: Thread-637] ql.Driver: Starting task [Stage-0:DDL] in serial mode
2024-04-24T08:13:23,358  INFO [HiveServer2-Background-Pool: Thread-637] HiveMetaStore.audit: ugi=alex	ip=unknown-ip-addr	cmd=get_table : tbl=hive.test.testSrcTbl2	
2024-04-24T08:13:23,359  INFO [HiveServer2-Background-Pool: Thread-637] metastore.HMSHandler: 27: Opening raw store with implementation class:org.apache.hadoop.hive.metastore.ObjectStore
2024-04-24T08:13:23,359  INFO [HiveServer2-Background-Pool: Thread-637] metastore.ObjectStore: RawStore: org.apache.hadoop.hive.metastore.ObjectStore@28ebe62c, with PersistenceManager: null will be shutdown
2024-04-24T08:13:23,359  INFO [HiveServer2-Background-Pool: Thread-637] metastore.ObjectStore: RawStore: org.apache.hadoop.hive.metastore.ObjectStore@28ebe62c, with PersistenceManager: org.datanucleus.api.jdo.JDOPersistenceManager@6de97d55 created in the thread with id: 637
2024-04-24T08:13:23,362  INFO [HiveServer2-Background-Pool: Thread-637] metastore.HMSHandler: Created RawStore: org.apache.hadoop.hive.metastore.ObjectStore@28ebe62c from thread id: 637
2024-04-24T08:13:23,396  INFO [HiveServer2-Background-Pool: Thread-637] metadata.Hive: Dumping metastore api call timing information for : execution phase
2024-04-24T08:13:23,396  INFO [HiveServer2-Background-Pool: Thread-637] metadata.Hive: Total time spent in each metastore function (ms): {getTable_(GetTableRequest)=25, isCompatibleWith_(Configuration)=0}
2024-04-24T08:13:23,396  INFO [HiveServer2-Background-Pool: Thread-637] ql.Driver: Completed executing command(queryId=alex_20240424081323_faa2dda9-cd08-423d-a68b-0a54c9fd62dc); Time taken: 0.04 seconds
2024-04-24T08:13:23,397  INFO [HiveServer2-Background-Pool: Thread-637] common.LogUtils: Unregistered logging context.
2024-04-24T08:13:23,398  INFO [b035dee9-79f9-448f-92e9-7eb7a9ce0f21 main] operation.OperationManager: Closing operation: OperationHandle [opType=EXECUTE_STATEMENT, getHandleIdentifier()=27e3b221-7c49-41d3-8842-df528f0b74d4]
2024-04-24T08:13:23,398  INFO [b035dee9-79f9-448f-92e9-7eb7a9ce0f21 main] operation.OperationManager: Removed queryId: alex_20240424081323_faa2dda9-cd08-423d-a68b-0a54c9fd62dc corresponding to operation: OperationHandle [opType=EXECUTE_STATEMENT, getHandleIdentifier()=27e3b221-7c49-41d3-8842-df528f0b74d4] with tag: null
2024-04-24T08:13:23,399  INFO [b035dee9-79f9-448f-92e9-7eb7a9ce0f21 main] ql.Context: Deleting scratch dir: file:/home/alex/Repositories/hive/beeline/target/tmp/alex/b035dee9-79f9-448f-92e9-7eb7a9ce0f21/hive_2024-04-24_08-13-23_328_3221416299297024085-1
2024-04-24T08:13:23,399  INFO [b035dee9-79f9-448f-92e9-7eb7a9ce0f21 main] cleanup.EventualCleanupService: Delete file:/home/alex/Repositories/hive/beeline/target/tmp/alex/b035dee9-79f9-448f-92e9-7eb7a9ce0f21/hive_2024-04-24_08-13-23_328_3221416299297024085-1 operation was queued
2024-04-24T08:13:23,399  INFO [b035dee9-79f9-448f-92e9-7eb7a9ce0f21 main] exec.ListSinkOperator: Closing Operator: LIST_SINK[0]
2024-04-24T08:13:23,399  INFO [b035dee9-79f9-448f-92e9-7eb7a9ce0f21 main] exec.ListSinkOperator: RECORDS_OUT_INTERMEDIATE:0, RECORDS_OUT_OPERATOR_LIST_SINK_0:0, 
2024-04-24T08:13:23,399  INFO [b035dee9-79f9-448f-92e9-7eb7a9ce0f21 main] operation.SQLOperation: Closing operation log /home/alex/Repositories/hive/beeline/target/tmp/alex/operation_logs/b035dee9-79f9-448f-92e9-7eb7a9ce0f21/alex_20240424081323_faa2dda9-cd08-423d-a68b-0a54c9fd62dc without delay
2024-04-24T08:13:23,399  INFO [EventualCleanupService thread 0] cleanup.EventualCleanupService: Deleted file:/home/alex/Repositories/hive/beeline/target/tmp/alex/b035dee9-79f9-448f-92e9-7eb7a9ce0f21/hive_2024-04-24_08-13-23_328_3221416299297024085-1
2024-04-24T08:13:23,406  INFO [main] service.CompositeService: Session closed, SessionHandle [b035dee9-79f9-448f-92e9-7eb7a9ce0f21], current sessions:0
2024-04-24T08:13:23,407  INFO [b035dee9-79f9-448f-92e9-7eb7a9ce0f21 main] session.HiveSessionImpl: Operation log session directory is deleted: /home/alex/Repositories/hive/beeline/target/tmp/alex/operation_logs/b035dee9-79f9-448f-92e9-7eb7a9ce0f21
2024-04-24T08:13:23,407  INFO [main] cleanup.EventualCleanupService: Delete /tmp/hive/alex/b035dee9-79f9-448f-92e9-7eb7a9ce0f21 operation was queued
2024-04-24T08:13:23,407  INFO [main] cleanup.EventualCleanupService: Delete /home/alex/Repositories/hive/beeline/target/tmp/alex/b035dee9-79f9-448f-92e9-7eb7a9ce0f21 operation was queued
2024-04-24T08:13:23,408  INFO [EventualCleanupService thread 2] cleanup.EventualCleanupService: Deleted /home/alex/Repositories/hive/beeline/target/tmp/alex/b035dee9-79f9-448f-92e9-7eb7a9ce0f21
2024-04-24T08:13:23,408  INFO [EventualCleanupService thread 1] cleanup.EventualCleanupService: Deleted /tmp/hive/alex/b035dee9-79f9-448f-92e9-7eb7a9ce0f21
2024-04-24T08:13:23,408  INFO [main] HiveMetaStore.audit: ugi=alex	ip=unknown-ip-addr	cmd=Cleaning up thread local RawStore...	
2024-04-24T08:13:23,408  INFO [main] metastore.ObjectStore: RawStore: org.apache.hadoop.hive.metastore.ObjectStore@36330be8, with PersistenceManager: org.datanucleus.api.jdo.JDOPersistenceManager@38ba8b45 will be shutdown
2024-04-24T08:13:23,409  INFO [main] HiveMetaStore.audit: ugi=alex	ip=unknown-ip-addr	cmd=Done cleaning up thread local RawStore	
2024-04-24T08:13:23,409  INFO [main] metastore.HiveMetaStoreClient: Closed a connection to metastore, current connections: -41
2024-04-24T08:13:23,409 ERROR [main] cli.TestHiveCli: Failed due to the error:Connecting to jdbc:hive2://
Hive Session ID = f4030af9-d9cc-4802-a0f0-ded3090096fc
ivysettings.xml file not found in HIVE_HOME or HIVE_CONF_DIR,/home/alex/Repositories/hive/conf/ivysettings.xml will be used
ivysettings.xml file not found in HIVE_HOME or HIVE_CONF_DIR,/home/alex/Repositories/hive/conf/ivysettings.xml will be used
Connected to: Apache Hive (version 4.0.0-SNAPSHOT)
Error: Couldn't load manifest attributes. (state=,code=0)
Transaction isolation: TRANSACTION_REPEATABLE_READ
INFO  : Compiling command(queryId=alex_20240424081322_d202aaab-b115-4129-8aab-48d4b133c4f6): use test
INFO  : Semantic Analysis Completed (retrial = false)
INFO  : Created Hive schema: Schema(fieldSchemas:null, properties:null)
INFO  : Completed compiling command(queryId=alex_20240424081322_d202aaab-b115-4129-8aab-48d4b133c4f6); Time taken: 0.007 seconds
INFO  : Concurrency mode is disabled, not creating a lock manager
INFO  : Executing command(queryId=alex_20240424081322_d202aaab-b115-4129-8aab-48d4b133c4f6): use test
INFO  : Starting task [Stage-0:DDL] in serial mode
DEBUG : Task getting executed using mapred tag : alex_20240424081322_d202aaab-b115-4129-8aab-48d4b133c4f6,userid=null
INFO  : Completed executing command(queryId=alex_20240424081322_d202aaab-b115-4129-8aab-48d4b133c4f6); Time taken: 0.008 seconds
DEBUG : Shutting down query use test
Error: Failed to wait for operation to complete (state=08S01,code=0)
Beeline version ??? by Apache Hive
hive> set hiveconf:zzz=/home/alex/Repositories/hive/beeline/target/tmp/test8347251434860570786.sql;
No rows affected (0,01 seconds)
hive> source ${hiveconf:zzz};
INFO  : Compiling command(queryId=alex_20240424081323_49852cee-fe6a-4542-acdb-59d4686216b7): create table if not exists test.testSrcTbl2(sc2 string)
INFO  : Semantic Analysis Completed (retrial = false)
INFO  : Created Hive schema: Schema(fieldSchemas:null, properties:null)
INFO  : Completed compiling command(queryId=alex_20240424081323_49852cee-fe6a-4542-acdb-59d4686216b7); Time taken: 0.017 seconds
INFO  : Concurrency mode is disabled, not creating a lock manager
INFO  : Executing command(queryId=alex_20240424081323_49852cee-fe6a-4542-acdb-59d4686216b7): create table if not exists test.testSrcTbl2(sc2 string)
INFO  : Completed executing command(queryId=alex_20240424081323_49852cee-fe6a-4542-acdb-59d4686216b7); Time taken: 0.001 seconds
DEBUG : Shutting down query create table if not exists test.testSrcTbl2(sc2 string)
Error: Failed to wait for operation to complete (state=08S01,code=0)
hive> desc testSrcTbl2;
INFO  : Compiling command(queryId=alex_20240424081323_faa2dda9-cd08-423d-a68b-0a54c9fd62dc): desc testSrcTbl2
INFO  : Semantic Analysis Completed (retrial = false)
INFO  : Created Hive schema: Schema(fieldSchemas:[FieldSchema(name:col_name, type:string, comment:from deserializer), FieldSchema(name:data_type, type:string, comment:from deserializer), FieldSchema(name:comment, type:string, comment:from deserializer)], properties:null)
INFO  : Completed compiling command(queryId=alex_20240424081323_faa2dda9-cd08-423d-a68b-0a54c9fd62dc); Time taken: 0.026 seconds
INFO  : Concurrency mode is disabled, not creating a lock manager
INFO  : Executing command(queryId=alex_20240424081323_faa2dda9-cd08-423d-a68b-0a54c9fd62dc): desc testSrcTbl2
INFO  : Starting task [Stage-0:DDL] in serial mode
DEBUG : Task getting executed using mapred tag : alex_20240424081323_faa2dda9-cd08-423d-a68b-0a54c9fd62dc,userid=null
INFO  : Completed executing command(queryId=alex_20240424081323_faa2dda9-cd08-423d-a68b-0a54c9fd62dc); Time taken: 0.04 seconds
DEBUG : Shutting down query desc testSrcTbl2
Error: Failed to wait for operation to complete (state=08S01,code=0)
hive> Closing: 0: jdbc:hive2://

]]></system-err>
  </testcase>
  <testcase name="testSetHeaderValue" classname="org.apache.hive.beeline.cli.TestHiveCli" time="3.112">
    <failure type="java.lang.AssertionError"><![CDATA[java.lang.AssertionError: The expected keyword "testtbl.a testtbl.b" occur in the output: 
	at org.junit.Assert.fail(Assert.java:89)
	at org.junit.Assert.assertTrue(Assert.java:42)
	at org.apache.hive.beeline.cli.TestHiveCli.verifyCMD(TestHiveCli.java:270)
	at org.apache.hive.beeline.cli.TestHiveCli.testSetHeaderValue(TestHiveCli.java:89)
	at sun.reflect.NativeMethodAccessorImpl.invoke0(Native Method)
	at sun.reflect.NativeMethodAccessorImpl.invoke(NativeMethodAccessorImpl.java:62)
	at sun.reflect.DelegatingMethodAccessorImpl.invoke(DelegatingMethodAccessorImpl.java:43)
	at java.lang.reflect.Method.invoke(Method.java:498)
	at org.junit.runners.model.FrameworkMethod$1.runReflectiveCall(FrameworkMethod.java:59)
	at org.junit.internal.runners.model.ReflectiveCallable.run(ReflectiveCallable.java:12)
	at org.junit.runners.model.FrameworkMethod.invokeExplosively(FrameworkMethod.java:56)
	at org.junit.internal.runners.statements.InvokeMethod.evaluate(InvokeMethod.java:17)
	at org.junit.internal.runners.statements.RunBefores.evaluate(RunBefores.java:26)
	at org.junit.internal.runners.statements.RunAfters.evaluate(RunAfters.java:27)
	at org.junit.runners.ParentRunner$3.evaluate(ParentRunner.java:306)
	at org.junit.runners.BlockJUnit4ClassRunner$1.evaluate(BlockJUnit4ClassRunner.java:100)
	at org.junit.runners.ParentRunner.runLeaf(ParentRunner.java:366)
	at org.junit.runners.BlockJUnit4ClassRunner.runChild(BlockJUnit4ClassRunner.java:103)
	at org.junit.runners.BlockJUnit4ClassRunner.runChild(BlockJUnit4ClassRunner.java:63)
	at org.junit.runners.ParentRunner$4.run(ParentRunner.java:331)
	at org.junit.runners.ParentRunner$1.schedule(ParentRunner.java:79)
	at org.junit.runners.ParentRunner.runChildren(ParentRunner.java:329)
	at org.junit.runners.ParentRunner.access$100(ParentRunner.java:66)
	at org.junit.runners.ParentRunner$2.evaluate(ParentRunner.java:293)
	at org.junit.internal.runners.statements.RunBefores.evaluate(RunBefores.java:26)
	at org.junit.runners.ParentRunner$3.evaluate(ParentRunner.java:306)
	at org.junit.runners.ParentRunner.run(ParentRunner.java:413)
	at org.junit.runner.JUnitCore.run(JUnitCore.java:137)
	at org.junit.runner.JUnitCore.run(JUnitCore.java:115)
	at org.junit.vintage.engine.execution.RunnerExecutor.execute(RunnerExecutor.java:43)
	at java.util.stream.ForEachOps$ForEachOp$OfRef.accept(ForEachOps.java:183)
	at java.util.stream.ReferencePipeline$3$1.accept(ReferencePipeline.java:193)
	at java.util.Iterator.forEachRemaining(Iterator.java:116)
	at java.util.Spliterators$IteratorSpliterator.forEachRemaining(Spliterators.java:1801)
	at java.util.stream.AbstractPipeline.copyInto(AbstractPipeline.java:482)
	at java.util.stream.AbstractPipeline.wrapAndCopyInto(AbstractPipeline.java:472)
	at java.util.stream.ForEachOps$ForEachOp.evaluateSequential(ForEachOps.java:150)
	at java.util.stream.ForEachOps$ForEachOp$OfRef.evaluateSequential(ForEachOps.java:173)
	at java.util.stream.AbstractPipeline.evaluate(AbstractPipeline.java:234)
	at java.util.stream.ReferencePipeline.forEach(ReferencePipeline.java:485)
	at org.junit.vintage.engine.VintageTestEngine.executeAllChildren(VintageTestEngine.java:82)
	at org.junit.vintage.engine.VintageTestEngine.execute(VintageTestEngine.java:73)
	at org.junit.platform.launcher.core.DefaultLauncher.execute(DefaultLauncher.java:248)
	at org.junit.platform.launcher.core.DefaultLauncher.lambda$execute$5(DefaultLauncher.java:211)
	at org.junit.platform.launcher.core.DefaultLauncher.withInterceptedStreams(DefaultLauncher.java:226)
	at org.junit.platform.launcher.core.DefaultLauncher.execute(DefaultLauncher.java:199)
	at org.junit.platform.launcher.core.DefaultLauncher.execute(DefaultLauncher.java:132)
	at org.apache.maven.surefire.junitplatform.JUnitPlatformProvider.invokeAllTests(JUnitPlatformProvider.java:154)
	at org.apache.maven.surefire.junitplatform.JUnitPlatformProvider.invoke(JUnitPlatformProvider.java:123)
	at org.apache.maven.surefire.booter.ForkedBooter.runSuitesInProcess(ForkedBooter.java:377)
	at org.apache.maven.surefire.booter.ForkedBooter.execute(ForkedBooter.java:138)
	at org.apache.maven.surefire.booter.ForkedBooter.run(ForkedBooter.java:465)
	at org.apache.maven.surefire.booter.ForkedBooter.main(ForkedBooter.java:451)
]]></failure>
    <system-err><![CDATA[2024-04-24T08:13:23,410 ERROR [main] cli.TestHiveCli: Failed to execute command due to the error: java.lang.NullPointerException: Null output stream
2024-04-24T08:13:23,456  WARN [main] conf.HiveConf: HiveConf of name hive.dummyparam.test.server.specific.config.metastoresite does not exist
2024-04-24T08:13:23,457  WARN [main] conf.HiveConf: HiveConf of name hive.dummyparam.test.server.specific.config.hiveserver2site does not exist
2024-04-24T08:13:23,457  WARN [main] conf.HiveConf: HiveConf of name hive.dummyparam.test.server.specific.config.override does not exist
2024-04-24T08:13:23,457  INFO [main] SessionState: Hive Session ID = 6aa1f43b-4715-4a93-9803-ea66b13b3ffb
2024-04-24T08:13:23,458  INFO [main] DependencyResolver: ivysettings.xml file not found in HIVE_HOME or HIVE_CONF_DIR,/home/alex/Repositories/hive/conf/ivysettings.xml will be used
2024-04-24T08:13:23,464  INFO [main] session.SessionState: Created HDFS directory: /tmp/hive/alex/6aa1f43b-4715-4a93-9803-ea66b13b3ffb
2024-04-24T08:13:23,468  INFO [main] session.SessionState: Created local directory: /home/alex/Repositories/hive/beeline/target/tmp/alex/6aa1f43b-4715-4a93-9803-ea66b13b3ffb
2024-04-24T08:13:23,471  INFO [main] session.SessionState: Created HDFS directory: /tmp/hive/alex/6aa1f43b-4715-4a93-9803-ea66b13b3ffb/_tmp_space.db
2024-04-24T08:13:23,471  INFO [main] sqlstd.SQLStdHiveAccessController: Created SQLStdHiveAccessController for session context : HiveAuthzSessionContext [sessionString=6aa1f43b-4715-4a93-9803-ea66b13b3ffb, clientType=HIVESERVER2]
2024-04-24T08:13:23,472  INFO [main] metastore.HiveMetaStoreClient: HMS client filtering is enabled.
2024-04-24T08:13:23,473  INFO [main] metastore.HMSHandler: 0: Opening raw store with implementation class:org.apache.hadoop.hive.metastore.ObjectStore
2024-04-24T08:13:23,473  INFO [main] metastore.PersistenceManagerProvider: Configuration datanucleus.autoStartMechanismMode is not set. Defaulting to 'ignored'
2024-04-24T08:13:23,473  INFO [main] metastore.ObjectStore: RawStore: org.apache.hadoop.hive.metastore.ObjectStore@9d2af36, with PersistenceManager: null will be shutdown
2024-04-24T08:13:23,474  INFO [main] metastore.ObjectStore: RawStore: org.apache.hadoop.hive.metastore.ObjectStore@9d2af36, with PersistenceManager: org.datanucleus.api.jdo.JDOPersistenceManager@740ad32e created in the thread with id: 1
2024-04-24T08:13:23,475  INFO [main] metastore.HMSHandler: Created RawStore: org.apache.hadoop.hive.metastore.ObjectStore@9d2af36 from thread id: 1
2024-04-24T08:13:23,475  INFO [main] metastore.HMSHandler: HMS server filtering is disabled by configuration
2024-04-24T08:13:23,476  INFO [main] metastore.RetryingMetaStoreClient: RetryingMetaStoreClient proxy=class org.apache.hadoop.hive.ql.metadata.SessionHiveMetaStoreClient ugi=alex (auth:SIMPLE) retries=1 delay=1 lifetime=0
2024-04-24T08:13:23,476  INFO [main] service.CompositeService: Operation log root directory is created: /home/alex/Repositories/hive/beeline/target/tmp/alex/operation_logs
2024-04-24T08:13:23,476  INFO [main] service.CompositeService: HiveServer2: Background operation thread pool size: 100
2024-04-24T08:13:23,476  INFO [main] service.CompositeService: HiveServer2: Background operation thread wait queue size: 100
2024-04-24T08:13:23,476  INFO [main] service.CompositeService: HiveServer2: Background operation thread keepalive time: 10 seconds
2024-04-24T08:13:23,476  INFO [main] service.CompositeService: Connections limit are user: 0 ipaddress: 0 user-ipaddress: 0
2024-04-24T08:13:23,478  INFO [main] cleanup.EventualCleanupService: EventualCleanupService started with 10 threads and queue of size 10000
ERROR StatusLogger Log4j2 ConfigurationScheduler attempted to increment scheduled items after start
ERROR StatusLogger Log4j2 ConfigurationScheduler attempted to increment scheduled items after start
2024-04-24T08:13:23,479  INFO [main] service.AbstractService: Service:OperationManager is inited.
2024-04-24T08:13:23,479  INFO [main] service.AbstractService: Service:SessionManager is inited.
2024-04-24T08:13:23,479  INFO [main] service.AbstractService: Service:CLIService is inited.
2024-04-24T08:13:23,479  INFO [main] service.AbstractService: Service:OperationManager is started.
2024-04-24T08:13:23,479  INFO [main] service.AbstractService: Service:SessionManager is started.
2024-04-24T08:13:23,480  INFO [main] service.AbstractService: Service:CLIService is started.
2024-04-24T08:13:23,480  INFO [main] service.AbstractService: Service:ThriftBinaryCLIService is inited.
2024-04-24T08:13:23,480  INFO [main] thrift.ThriftCLIService: Client protocol version: HIVE_CLI_SERVICE_PROTOCOL_V10
2024-04-24T08:13:23,480  INFO [main] thrift.ThriftCLIService: Creating Hive session handle for user [null] from IP null
2024-04-24T08:13:23,481  INFO [main] DependencyResolver: ivysettings.xml file not found in HIVE_HOME or HIVE_CONF_DIR,/home/alex/Repositories/hive/conf/ivysettings.xml will be used
2024-04-24T08:13:23,488  INFO [main] session.SessionState: Created HDFS directory: /tmp/hive/alex/50dae994-d17a-458c-9803-962846a1d64c
2024-04-24T08:13:23,491  INFO [main] session.SessionState: Created local directory: /home/alex/Repositories/hive/beeline/target/tmp/alex/50dae994-d17a-458c-9803-962846a1d64c
2024-04-24T08:13:23,494  INFO [main] session.SessionState: Created HDFS directory: /tmp/hive/alex/50dae994-d17a-458c-9803-962846a1d64c/_tmp_space.db
2024-04-24T08:13:23,494  INFO [main] session.SessionState: Reloading auxiliary JAR files
2024-04-24T08:13:23,494  WARN [main] session.SessionState: Configuration hive.reloadable.aux.jars.path not specified
2024-04-24T08:13:23,495  INFO [main] HiveMetaStore.audit: ugi=alex	ip=unknown-ip-addr	cmd=Cleaning up thread local RawStore...	
2024-04-24T08:13:23,495  INFO [main] metastore.ObjectStore: RawStore: org.apache.hadoop.hive.metastore.ObjectStore@9d2af36, with PersistenceManager: org.datanucleus.api.jdo.JDOPersistenceManager@740ad32e will be shutdown
2024-04-24T08:13:23,495  INFO [main] HiveMetaStore.audit: ugi=alex	ip=unknown-ip-addr	cmd=Done cleaning up thread local RawStore	
2024-04-24T08:13:23,495  INFO [main] metastore.HiveMetaStoreClient: Closed a connection to metastore, current connections: -42
2024-04-24T08:13:23,495  INFO [main] session.HiveSessionImpl: Operation log session directory is created: /home/alex/Repositories/hive/beeline/target/tmp/alex/operation_logs/50dae994-d17a-458c-9803-962846a1d64c
2024-04-24T08:13:23,495  INFO [main] service.CompositeService: Session opened, SessionHandle [50dae994-d17a-458c-9803-962846a1d64c], current sessions:1
2024-04-24T08:13:23,495  INFO [main] thrift.ThriftCLIService: Login attempt is successful for user : null
2024-04-24T08:13:23,540  WARN [main] conf.HiveConf: HiveConf of name hive.dummyparam.test.server.specific.config.override does not exist
2024-04-24T08:13:23,540  WARN [main] conf.HiveConf: HiveConf of name hive.dummyparam.test.server.specific.config.hiveserver2site does not exist
2024-04-24T08:13:23,541  WARN [main] conf.HiveConf: HiveConf of name hive.dummyparam.test.server.specific.config.metastoresite does not exist
2024-04-24T08:13:23,543  INFO [50dae994-d17a-458c-9803-962846a1d64c main] session.HiveSessionImpl: executing set
2024-04-24T08:13:23,544  INFO [50dae994-d17a-458c-9803-962846a1d64c main] operation.HiveCommandOperation: Putting temp output to file /home/alex/Repositories/hive/beeline/target/tmp/alex/50dae994-d17a-458c-9803-962846a1d64c5890190060204182157.pipeout and error output to file /home/alex/Repositories/hive/beeline/target/tmp/alex/50dae994-d17a-458c-9803-962846a1d64c248620366506141377.pipeout
2024-04-24T08:13:23,544  INFO [50dae994-d17a-458c-9803-962846a1d64c main] operation.OperationManager: Adding operation: OperationHandle [opType=EXECUTE_STATEMENT, getHandleIdentifier()=ead7dcdd-cd24-4adf-9375-f96725efaaef] SessionHandle [50dae994-d17a-458c-9803-962846a1d64c]
2024-04-24T08:13:23,544  INFO [50dae994-d17a-458c-9803-962846a1d64c main] common.LogUtils: Thread context registration is done.
DEBUG StatusLogger Building Plugin[name=filter, class=org.apache.hadoop.hive.ql.log.LogDivertAppender$NameFilter].
DEBUG StatusLogger createFilter(loggingLevel="EXECUTION")
DEBUG StatusLogger Building Plugin[name=layout, class=org.apache.logging.log4j.core.layout.PatternLayout].
DEBUG StatusLogger PatternLayout$Builder(disableAnsi="null", charset="null", PatternSelector=null, alwaysWriteExceptions="null", pattern="%-5p : %m%n", Configuration(HiveLog4j2Test), noConsoleNoAnsi="null", Replace=null, footer="null", header="null")
DEBUG StatusLogger Building Plugin[name=appender, class=org.apache.hadoop.hive.ql.log.HushableRandomAccessFileAppender].
DEBUG StatusLogger createAppender(fileName="/home/alex/Repositories/hive/beeline/target/tmp/alex/operation_logs/50dae994-d17a-458c-9803-962846a1d64c/alex_20240424081323_f678dcdc-bece-4aa4-a865-0b2eec77dcda", append="null", name="query-file-appender", immediateFlush="null", bufferSize="null", ignoreExceptions="null", PatternLayout(org.apache.logging.log4j.core.layout.PatternLayout with name PatternLayout), NameFilter(org.apache.hadoop.hive.ql.log.LogDivertAppender$NameFilter with name NameFilter), advertise="null", advertiseURI="null", Configuration(HiveLog4j2Test))
DEBUG StatusLogger Starting RandomAccessFileManager /home/alex/Repositories/hive/beeline/target/tmp/alex/operation_logs/50dae994-d17a-458c-9803-962846a1d64c/alex_20240424081323_f678dcdc-bece-4aa4-a865-0b2eec77dcda
DEBUG StatusLogger Building Plugin[name=, class=org.apache.hadoop.hive.ql.log.LogDivertAppenderForTest$TestFilter].
DEBUG StatusLogger createFilter()
DEBUG StatusLogger Building Plugin[name=, class=org.apache.logging.log4j.core.layout.PatternLayout].
DEBUG StatusLogger PatternLayout$Builder(noConsoleNoAnsi="null", disableAnsi="null", Configuration(HiveLog4j2Test), PatternSelector=null, footer="null", charset="null", pattern="%-5p : %m%n", Replace=null, alwaysWriteExceptions="null", header="null")
DEBUG StatusLogger Building Plugin[name=appender, class=org.apache.hadoop.hive.ql.log.HushableRandomAccessFileAppender].
DEBUG StatusLogger createAppender(fileName="/home/alex/Repositories/hive/beeline/target/tmp/alex/operation_logs/50dae994-d17a-458c-9803-962846a1d64c/alex_20240424081323_f678dcdc-bece-4aa4-a865-0b2eec77dcda.test", append="null", name="test-query-file-appender", immediateFlush="null", bufferSize="null", ignoreExceptions="null", PatternLayout(org.apache.logging.log4j.core.layout.PatternLayout with name PatternLayout), test-filter(org.apache.hadoop.hive.ql.log.LogDivertAppenderForTest$TestFilter with name test-filter), advertise="null", advertiseURI="null", Configuration(HiveLog4j2Test))
DEBUG StatusLogger Starting RandomAccessFileManager /home/alex/Repositories/hive/beeline/target/tmp/alex/operation_logs/50dae994-d17a-458c-9803-962846a1d64c/alex_20240424081323_f678dcdc-bece-4aa4-a865-0b2eec77dcda.test
2024-04-24T08:13:23,551  INFO [50dae994-d17a-458c-9803-962846a1d64c main] operation.HiveCommandOperation: [opType=EXECUTE_STATEMENT, queryId=alex_20240424081323_f678dcdc-bece-4aa4-a865-0b2eec77dcda, startTime=1713971603543, sessionId=50dae994-d17a-458c-9803-962846a1d64c, createTime=1713971603480, userName=null, ipAddress=null]
2024-04-24T08:13:23,642  INFO [50dae994-d17a-458c-9803-962846a1d64c main] common.LogUtils: Unregistered logging context.
2024-04-24T08:13:23,645  INFO [50dae994-d17a-458c-9803-962846a1d64c main] operation.OperationManager: Closing operation: OperationHandle [opType=EXECUTE_STATEMENT, getHandleIdentifier()=ead7dcdd-cd24-4adf-9375-f96725efaaef]
2024-04-24T08:13:23,645  INFO [50dae994-d17a-458c-9803-962846a1d64c main] operation.OperationManager: Removed queryId: alex_20240424081323_f678dcdc-bece-4aa4-a865-0b2eec77dcda corresponding to operation: OperationHandle [opType=EXECUTE_STATEMENT, getHandleIdentifier()=ead7dcdd-cd24-4adf-9375-f96725efaaef] with tag: null
2024-04-24T08:13:23,645  INFO [50dae994-d17a-458c-9803-962846a1d64c main] operation.HiveCommandOperation: Closing operation log /home/alex/Repositories/hive/beeline/target/tmp/alex/operation_logs/50dae994-d17a-458c-9803-962846a1d64c/alex_20240424081323_f678dcdc-bece-4aa4-a865-0b2eec77dcda without delay
2024-04-24T08:13:23,652  INFO [50dae994-d17a-458c-9803-962846a1d64c main] session.HiveSessionImpl: executing create database if not exists test
2024-04-24T08:13:23,653  INFO [50dae994-d17a-458c-9803-962846a1d64c main] operation.OperationManager: Adding operation: OperationHandle [opType=EXECUTE_STATEMENT, getHandleIdentifier()=9e031267-d548-4560-b122-21c9cdcd4b33] SessionHandle [50dae994-d17a-458c-9803-962846a1d64c]
2024-04-24T08:13:23,654  INFO [50dae994-d17a-458c-9803-962846a1d64c main] common.LogUtils: Thread context registration is done.
DEBUG StatusLogger Building Plugin[name=filter, class=org.apache.hadoop.hive.ql.log.LogDivertAppender$NameFilter].
DEBUG StatusLogger createFilter(loggingLevel="EXECUTION")
DEBUG StatusLogger Building Plugin[name=layout, class=org.apache.logging.log4j.core.layout.PatternLayout].
DEBUG StatusLogger PatternLayout$Builder(Replace=null, alwaysWriteExceptions="null", header="null", footer="null", noConsoleNoAnsi="null", pattern="%-5p : %m%n", Configuration(HiveLog4j2Test), disableAnsi="null", charset="null", PatternSelector=null)
DEBUG StatusLogger Building Plugin[name=appender, class=org.apache.hadoop.hive.ql.log.HushableRandomAccessFileAppender].
DEBUG StatusLogger createAppender(fileName="/home/alex/Repositories/hive/beeline/target/tmp/alex/operation_logs/50dae994-d17a-458c-9803-962846a1d64c/alex_20240424081323_d35d8392-6950-40f6-95e8-91d8c2a89744", append="null", name="query-file-appender", immediateFlush="null", bufferSize="null", ignoreExceptions="null", PatternLayout(org.apache.logging.log4j.core.layout.PatternLayout with name PatternLayout), NameFilter(org.apache.hadoop.hive.ql.log.LogDivertAppender$NameFilter with name NameFilter), advertise="null", advertiseURI="null", Configuration(HiveLog4j2Test))
DEBUG StatusLogger Starting RandomAccessFileManager /home/alex/Repositories/hive/beeline/target/tmp/alex/operation_logs/50dae994-d17a-458c-9803-962846a1d64c/alex_20240424081323_d35d8392-6950-40f6-95e8-91d8c2a89744
DEBUG StatusLogger Building Plugin[name=, class=org.apache.hadoop.hive.ql.log.LogDivertAppenderForTest$TestFilter].
DEBUG StatusLogger createFilter()
DEBUG StatusLogger Building Plugin[name=, class=org.apache.logging.log4j.core.layout.PatternLayout].
DEBUG StatusLogger PatternLayout$Builder(footer="null", Configuration(HiveLog4j2Test), PatternSelector=null, alwaysWriteExceptions="null", disableAnsi="null", Replace=null, header="null", pattern="%-5p : %m%n", charset="null", noConsoleNoAnsi="null")
DEBUG StatusLogger Building Plugin[name=appender, class=org.apache.hadoop.hive.ql.log.HushableRandomAccessFileAppender].
DEBUG StatusLogger createAppender(fileName="/home/alex/Repositories/hive/beeline/target/tmp/alex/operation_logs/50dae994-d17a-458c-9803-962846a1d64c/alex_20240424081323_d35d8392-6950-40f6-95e8-91d8c2a89744.test", append="null", name="test-query-file-appender", immediateFlush="null", bufferSize="null", ignoreExceptions="null", PatternLayout(org.apache.logging.log4j.core.layout.PatternLayout with name PatternLayout), test-filter(org.apache.hadoop.hive.ql.log.LogDivertAppenderForTest$TestFilter with name test-filter), advertise="null", advertiseURI="null", Configuration(HiveLog4j2Test))
DEBUG StatusLogger Starting RandomAccessFileManager /home/alex/Repositories/hive/beeline/target/tmp/alex/operation_logs/50dae994-d17a-458c-9803-962846a1d64c/alex_20240424081323_d35d8392-6950-40f6-95e8-91d8c2a89744.test
2024-04-24T08:13:23,664  INFO [50dae994-d17a-458c-9803-962846a1d64c main] operation.SQLOperation: [opType=EXECUTE_STATEMENT, queryId=alex_20240424081323_d35d8392-6950-40f6-95e8-91d8c2a89744, startTime=1713971603652, sessionId=50dae994-d17a-458c-9803-962846a1d64c, createTime=1713971603480, userName=null, ipAddress=null]
2024-04-24T08:13:23,665  INFO [50dae994-d17a-458c-9803-962846a1d64c main] ql.Driver: Compiling command(queryId=alex_20240424081323_d35d8392-6950-40f6-95e8-91d8c2a89744): create database if not exists test
2024-04-24T08:13:23,666  INFO [50dae994-d17a-458c-9803-962846a1d64c main] metastore.HiveMetaStoreClient: HMS client filtering is enabled.
2024-04-24T08:13:23,667  INFO [50dae994-d17a-458c-9803-962846a1d64c main] metastore.HMSHandler: 0: Opening raw store with implementation class:org.apache.hadoop.hive.metastore.ObjectStore
2024-04-24T08:13:23,667  INFO [50dae994-d17a-458c-9803-962846a1d64c main] metastore.PersistenceManagerProvider: Configuration datanucleus.autoStartMechanismMode is not set. Defaulting to 'ignored'
2024-04-24T08:13:23,667  INFO [50dae994-d17a-458c-9803-962846a1d64c main] metastore.ObjectStore: RawStore: org.apache.hadoop.hive.metastore.ObjectStore@37fffef3, with PersistenceManager: null will be shutdown
2024-04-24T08:13:23,667  INFO [50dae994-d17a-458c-9803-962846a1d64c main] metastore.ObjectStore: RawStore: org.apache.hadoop.hive.metastore.ObjectStore@37fffef3, with PersistenceManager: org.datanucleus.api.jdo.JDOPersistenceManager@6a116354 created in the thread with id: 1
2024-04-24T08:13:23,669  INFO [50dae994-d17a-458c-9803-962846a1d64c main] metastore.HMSHandler: Created RawStore: org.apache.hadoop.hive.metastore.ObjectStore@37fffef3 from thread id: 1
2024-04-24T08:13:23,669  INFO [50dae994-d17a-458c-9803-962846a1d64c main] metastore.HMSHandler: HMS server filtering is disabled by configuration
2024-04-24T08:13:23,669  INFO [50dae994-d17a-458c-9803-962846a1d64c main] metastore.RetryingMetaStoreClient: RetryingMetaStoreClient proxy=class org.apache.hadoop.hive.ql.metadata.SessionHiveMetaStoreClient ugi=alex (auth:SIMPLE) retries=1 delay=1 lifetime=0
2024-04-24T08:13:23,669  INFO [50dae994-d17a-458c-9803-962846a1d64c main] ql.Driver: Semantic Analysis Completed (retrial = false)
2024-04-24T08:13:23,669  INFO [50dae994-d17a-458c-9803-962846a1d64c main] ql.Driver: Created Hive schema: Schema(fieldSchemas:null, properties:null)
2024-04-24T08:13:23,669  INFO [50dae994-d17a-458c-9803-962846a1d64c main] metadata.Hive: Dumping metastore api call timing information for : compilation phase
2024-04-24T08:13:23,670  INFO [50dae994-d17a-458c-9803-962846a1d64c main] metadata.Hive: Total time spent in each metastore function (ms): {isCompatibleWith_(Configuration)=0, flushCache_()=0}
2024-04-24T08:13:23,670  INFO [50dae994-d17a-458c-9803-962846a1d64c main] ql.Driver: Completed compiling command(queryId=alex_20240424081323_d35d8392-6950-40f6-95e8-91d8c2a89744); Time taken: 0.004 seconds
2024-04-24T08:13:23,671  INFO [50dae994-d17a-458c-9803-962846a1d64c main] common.LogUtils: Unregistered logging context.
2024-04-24T08:13:23,671  INFO [HiveServer2-Background-Pool: Thread-662] common.LogUtils: Thread context registration is done.
2024-04-24T08:13:23,671  INFO [HiveServer2-Background-Pool: Thread-662] reexec.ReExecDriver: Execution #1 of query
2024-04-24T08:13:23,672  INFO [HiveServer2-Background-Pool: Thread-662] ql.Driver: Concurrency mode is disabled, not creating a lock manager
2024-04-24T08:13:23,672  INFO [HiveServer2-Background-Pool: Thread-662] ql.Driver: Executing command(queryId=alex_20240424081323_d35d8392-6950-40f6-95e8-91d8c2a89744): create database if not exists test
2024-04-24T08:13:23,673  INFO [HiveServer2-Background-Pool: Thread-662] ql.Driver: Starting task [Stage-0:DDL] in serial mode
2024-04-24T08:13:23,674  INFO [HiveServer2-Background-Pool: Thread-662] sqlstd.SQLStdHiveAccessController: Created SQLStdHiveAccessController for session context : HiveAuthzSessionContext [sessionString=50dae994-d17a-458c-9803-962846a1d64c, clientType=HIVESERVER2]
2024-04-24T08:13:23,674  WARN [HiveServer2-Background-Pool: Thread-662] exec.DDLTask: metastore.warehouse.external.dir is not set, falling back to metastore.warehouse.dir. This could cause external tables to use to managed tablespace.
2024-04-24T08:13:23,675  INFO [HiveServer2-Background-Pool: Thread-662] HiveMetaStore.audit: ugi=alex	ip=unknown-ip-addr	cmd=create_database: Database(name:test, description:null, locationUri:file:/home/alex/Repositories/hive/beeline/target/tmp/warehouse/test.db, parameters:null, ownerName:alex, ownerType:USER, catalogName:hive, type:NATIVE)	
2024-04-24T08:13:23,676  INFO [HiveServer2-Background-Pool: Thread-662] metastore.HMSHandler: 28: Opening raw store with implementation class:org.apache.hadoop.hive.metastore.ObjectStore
2024-04-24T08:13:23,676  INFO [HiveServer2-Background-Pool: Thread-662] metastore.ObjectStore: RawStore: org.apache.hadoop.hive.metastore.ObjectStore@4e06b6f5, with PersistenceManager: null will be shutdown
2024-04-24T08:13:23,677  INFO [HiveServer2-Background-Pool: Thread-662] metastore.ObjectStore: RawStore: org.apache.hadoop.hive.metastore.ObjectStore@4e06b6f5, with PersistenceManager: org.datanucleus.api.jdo.JDOPersistenceManager@b043151 created in the thread with id: 662
2024-04-24T08:13:23,679  INFO [HiveServer2-Background-Pool: Thread-662] metastore.HMSHandler: Created RawStore: org.apache.hadoop.hive.metastore.ObjectStore@4e06b6f5 from thread id: 662
2024-04-24T08:13:23,680 ERROR [HiveServer2-Background-Pool: Thread-662] metastore.RetryingHMSHandler: AlreadyExistsException(message:Database test already exists)
	at org.apache.hadoop.hive.metastore.HMSHandler.create_database(HMSHandler.java:1472)
	at sun.reflect.NativeMethodAccessorImpl.invoke0(Native Method)
	at sun.reflect.NativeMethodAccessorImpl.invoke(NativeMethodAccessorImpl.java:62)
	at sun.reflect.DelegatingMethodAccessorImpl.invoke(DelegatingMethodAccessorImpl.java:43)
	at java.lang.reflect.Method.invoke(Method.java:498)
	at org.apache.hadoop.hive.metastore.RetryingHMSHandler.invokeInternal(RetryingHMSHandler.java:147)
	at org.apache.hadoop.hive.metastore.RetryingHMSHandler.invoke(RetryingHMSHandler.java:108)
	at com.sun.proxy.$Proxy40.create_database(Unknown Source)
	at org.apache.hadoop.hive.metastore.HiveMetaStoreClient.createDatabase(HiveMetaStoreClient.java:1151)
	at sun.reflect.NativeMethodAccessorImpl.invoke0(Native Method)
	at sun.reflect.NativeMethodAccessorImpl.invoke(NativeMethodAccessorImpl.java:62)
	at sun.reflect.DelegatingMethodAccessorImpl.invoke(DelegatingMethodAccessorImpl.java:43)
	at java.lang.reflect.Method.invoke(Method.java:498)
	at org.apache.hadoop.hive.metastore.RetryingMetaStoreClient.invoke(RetryingMetaStoreClient.java:218)
	at com.sun.proxy.$Proxy41.createDatabase(Unknown Source)
	at org.apache.hadoop.hive.ql.metadata.Hive.createDatabase(Hive.java:605)
	at org.apache.hadoop.hive.ql.ddl.database.create.CreateDatabaseOperation.execute(CreateDatabaseOperation.java:68)
	at org.apache.hadoop.hive.ql.ddl.DDLTask.execute(DDLTask.java:84)
	at org.apache.hadoop.hive.ql.exec.Task.executeTask(Task.java:212)
	at org.apache.hadoop.hive.ql.exec.TaskRunner.runSequential(TaskRunner.java:105)
	at org.apache.hadoop.hive.ql.Executor.launchTask(Executor.java:361)
	at org.apache.hadoop.hive.ql.Executor.launchTasks(Executor.java:334)
	at org.apache.hadoop.hive.ql.Executor.runTasks(Executor.java:245)
	at org.apache.hadoop.hive.ql.Executor.execute(Executor.java:108)
	at org.apache.hadoop.hive.ql.Driver.execute(Driver.java:348)
	at org.apache.hadoop.hive.ql.Driver.runInternal(Driver.java:204)
	at org.apache.hadoop.hive.ql.Driver.run(Driver.java:153)
	at org.apache.hadoop.hive.ql.Driver.run(Driver.java:148)
	at org.apache.hadoop.hive.ql.reexec.ReExecDriver.run(ReExecDriver.java:164)
	at org.apache.hive.service.cli.operation.SQLOperation.runQuery(SQLOperation.java:233)
	at org.apache.hive.service.cli.operation.SQLOperation.access$500(SQLOperation.java:88)
	at org.apache.hive.service.cli.operation.SQLOperation$BackgroundWork$1.run(SQLOperation.java:336)
	at java.security.AccessController.doPrivileged(Native Method)
	at javax.security.auth.Subject.doAs(Subject.java:422)
	at org.apache.hadoop.security.UserGroupInformation.doAs(UserGroupInformation.java:1682)
	at org.apache.hive.service.cli.operation.SQLOperation$BackgroundWork.run(SQLOperation.java:356)
	at java.util.concurrent.Executors$RunnableAdapter.call(Executors.java:511)
	at java.util.concurrent.FutureTask.run(FutureTask.java:266)
	at java.util.concurrent.ThreadPoolExecutor.runWorker(ThreadPoolExecutor.java:1149)
	at java.util.concurrent.ThreadPoolExecutor$Worker.run(ThreadPoolExecutor.java:624)
	at java.lang.Thread.run(Thread.java:750)

2024-04-24T08:13:23,680  INFO [HiveServer2-Background-Pool: Thread-662] metadata.Hive: Dumping metastore api call timing information for : execution phase
2024-04-24T08:13:23,680  INFO [HiveServer2-Background-Pool: Thread-662] metadata.Hive: Total time spent in each metastore function (ms): {isCompatibleWith_(Configuration)=0}
2024-04-24T08:13:23,680  INFO [HiveServer2-Background-Pool: Thread-662] ql.Driver: Completed executing command(queryId=alex_20240424081323_d35d8392-6950-40f6-95e8-91d8c2a89744); Time taken: 0.008 seconds
2024-04-24T08:13:23,681  INFO [HiveServer2-Background-Pool: Thread-662] common.LogUtils: Unregistered logging context.
2024-04-24T08:13:23,684  INFO [50dae994-d17a-458c-9803-962846a1d64c main] operation.OperationManager: Closing operation: OperationHandle [opType=EXECUTE_STATEMENT, getHandleIdentifier()=9e031267-d548-4560-b122-21c9cdcd4b33]
2024-04-24T08:13:23,684  INFO [50dae994-d17a-458c-9803-962846a1d64c main] operation.OperationManager: Removed queryId: alex_20240424081323_d35d8392-6950-40f6-95e8-91d8c2a89744 corresponding to operation: OperationHandle [opType=EXECUTE_STATEMENT, getHandleIdentifier()=9e031267-d548-4560-b122-21c9cdcd4b33] with tag: null
2024-04-24T08:13:23,684  INFO [50dae994-d17a-458c-9803-962846a1d64c main] operation.SQLOperation: Closing operation log /home/alex/Repositories/hive/beeline/target/tmp/alex/operation_logs/50dae994-d17a-458c-9803-962846a1d64c/alex_20240424081323_d35d8392-6950-40f6-95e8-91d8c2a89744 without delay
2024-04-24T08:13:23,689  INFO [50dae994-d17a-458c-9803-962846a1d64c main] session.HiveSessionImpl: executing create table if not exists test.testTbl(a string, b string)
2024-04-24T08:13:23,690  INFO [50dae994-d17a-458c-9803-962846a1d64c main] operation.OperationManager: Adding operation: OperationHandle [opType=EXECUTE_STATEMENT, getHandleIdentifier()=14f5b40f-fe47-405e-b390-0800bd8de367] SessionHandle [50dae994-d17a-458c-9803-962846a1d64c]
2024-04-24T08:13:23,690  INFO [50dae994-d17a-458c-9803-962846a1d64c main] common.LogUtils: Thread context registration is done.
DEBUG StatusLogger Building Plugin[name=filter, class=org.apache.hadoop.hive.ql.log.LogDivertAppender$NameFilter].
DEBUG StatusLogger createFilter(loggingLevel="EXECUTION")
DEBUG StatusLogger Building Plugin[name=layout, class=org.apache.logging.log4j.core.layout.PatternLayout].
DEBUG StatusLogger PatternLayout$Builder(Configuration(HiveLog4j2Test), footer="null", noConsoleNoAnsi="null", PatternSelector=null, Replace=null, pattern="%-5p : %m%n", charset="null", header="null", alwaysWriteExceptions="null", disableAnsi="null")
DEBUG StatusLogger Building Plugin[name=appender, class=org.apache.hadoop.hive.ql.log.HushableRandomAccessFileAppender].
DEBUG StatusLogger createAppender(fileName="/home/alex/Repositories/hive/beeline/target/tmp/alex/operation_logs/50dae994-d17a-458c-9803-962846a1d64c/alex_20240424081323_cf1f7925-b5a9-4583-a084-0a49e7432024", append="null", name="query-file-appender", immediateFlush="null", bufferSize="null", ignoreExceptions="null", PatternLayout(org.apache.logging.log4j.core.layout.PatternLayout with name PatternLayout), NameFilter(org.apache.hadoop.hive.ql.log.LogDivertAppender$NameFilter with name NameFilter), advertise="null", advertiseURI="null", Configuration(HiveLog4j2Test))
DEBUG StatusLogger Starting RandomAccessFileManager /home/alex/Repositories/hive/beeline/target/tmp/alex/operation_logs/50dae994-d17a-458c-9803-962846a1d64c/alex_20240424081323_cf1f7925-b5a9-4583-a084-0a49e7432024
DEBUG StatusLogger Building Plugin[name=, class=org.apache.hadoop.hive.ql.log.LogDivertAppenderForTest$TestFilter].
DEBUG StatusLogger createFilter()
DEBUG StatusLogger Building Plugin[name=, class=org.apache.logging.log4j.core.layout.PatternLayout].
DEBUG StatusLogger PatternLayout$Builder(PatternSelector=null, Replace=null, charset="null", footer="null", disableAnsi="null", pattern="%-5p : %m%n", noConsoleNoAnsi="null", header="null", Configuration(HiveLog4j2Test), alwaysWriteExceptions="null")
DEBUG StatusLogger Building Plugin[name=appender, class=org.apache.hadoop.hive.ql.log.HushableRandomAccessFileAppender].
DEBUG StatusLogger createAppender(fileName="/home/alex/Repositories/hive/beeline/target/tmp/alex/operation_logs/50dae994-d17a-458c-9803-962846a1d64c/alex_20240424081323_cf1f7925-b5a9-4583-a084-0a49e7432024.test", append="null", name="test-query-file-appender", immediateFlush="null", bufferSize="null", ignoreExceptions="null", PatternLayout(org.apache.logging.log4j.core.layout.PatternLayout with name PatternLayout), test-filter(org.apache.hadoop.hive.ql.log.LogDivertAppenderForTest$TestFilter with name test-filter), advertise="null", advertiseURI="null", Configuration(HiveLog4j2Test))
DEBUG StatusLogger Starting RandomAccessFileManager /home/alex/Repositories/hive/beeline/target/tmp/alex/operation_logs/50dae994-d17a-458c-9803-962846a1d64c/alex_20240424081323_cf1f7925-b5a9-4583-a084-0a49e7432024.test
2024-04-24T08:13:23,699  INFO [50dae994-d17a-458c-9803-962846a1d64c main] operation.SQLOperation: [opType=EXECUTE_STATEMENT, queryId=alex_20240424081323_cf1f7925-b5a9-4583-a084-0a49e7432024, startTime=1713971603689, sessionId=50dae994-d17a-458c-9803-962846a1d64c, createTime=1713971603480, userName=null, ipAddress=null]
2024-04-24T08:13:23,700  INFO [50dae994-d17a-458c-9803-962846a1d64c main] ql.Driver: Compiling command(queryId=alex_20240424081323_cf1f7925-b5a9-4583-a084-0a49e7432024): create table if not exists test.testTbl(a string, b string)
2024-04-24T08:13:23,701  INFO [50dae994-d17a-458c-9803-962846a1d64c main] parse.CalcitePlanner: Starting caching scope for: alex_20240424081323_cf1f7925-b5a9-4583-a084-0a49e7432024
2024-04-24T08:13:23,701  INFO [50dae994-d17a-458c-9803-962846a1d64c main] parse.CalcitePlanner: Starting Semantic Analysis
2024-04-24T08:13:23,701  INFO [50dae994-d17a-458c-9803-962846a1d64c main] parse.CalcitePlanner: Creating table test.testTbl position=27
2024-04-24T08:13:23,701  INFO [50dae994-d17a-458c-9803-962846a1d64c main] HiveMetaStore.audit: ugi=alex	ip=unknown-ip-addr	cmd=get_table : tbl=hive.test.testTbl	
2024-04-24T08:13:23,716  INFO [50dae994-d17a-458c-9803-962846a1d64c main] parse.CalcitePlanner: Ending caching scope for: alex_20240424081323_cf1f7925-b5a9-4583-a084-0a49e7432024
2024-04-24T08:13:23,716  INFO [50dae994-d17a-458c-9803-962846a1d64c main] ql.Driver: Semantic Analysis Completed (retrial = false)
2024-04-24T08:13:23,716  INFO [50dae994-d17a-458c-9803-962846a1d64c main] ql.Driver: Created Hive schema: Schema(fieldSchemas:null, properties:null)
2024-04-24T08:13:23,716  INFO [50dae994-d17a-458c-9803-962846a1d64c main] metadata.Hive: Dumping metastore api call timing information for : compilation phase
2024-04-24T08:13:23,717  INFO [50dae994-d17a-458c-9803-962846a1d64c main] metadata.Hive: Total time spent in each metastore function (ms): {isCompatibleWith_(Configuration)=0, getTable_(GetTableRequest)=15, flushCache_()=0}
2024-04-24T08:13:23,717  INFO [50dae994-d17a-458c-9803-962846a1d64c main] ql.Driver: Completed compiling command(queryId=alex_20240424081323_cf1f7925-b5a9-4583-a084-0a49e7432024); Time taken: 0.016 seconds
2024-04-24T08:13:23,717  INFO [HiveServer2-Background-Pool: Thread-665] common.LogUtils: Thread context registration is done.
2024-04-24T08:13:23,717  INFO [50dae994-d17a-458c-9803-962846a1d64c main] common.LogUtils: Unregistered logging context.
2024-04-24T08:13:23,717  INFO [HiveServer2-Background-Pool: Thread-665] reexec.ReExecDriver: Execution #1 of query
2024-04-24T08:13:23,718  INFO [HiveServer2-Background-Pool: Thread-665] ql.Driver: Concurrency mode is disabled, not creating a lock manager
2024-04-24T08:13:23,719  INFO [HiveServer2-Background-Pool: Thread-665] ql.Driver: Executing command(queryId=alex_20240424081323_cf1f7925-b5a9-4583-a084-0a49e7432024): create table if not exists test.testTbl(a string, b string)
2024-04-24T08:13:23,719  INFO [HiveServer2-Background-Pool: Thread-665] metadata.Hive: Dumping metastore api call timing information for : execution phase
2024-04-24T08:13:23,719  INFO [HiveServer2-Background-Pool: Thread-665] metadata.Hive: Total time spent in each metastore function (ms): {}
2024-04-24T08:13:23,720  INFO [HiveServer2-Background-Pool: Thread-665] ql.Driver: Completed executing command(queryId=alex_20240424081323_cf1f7925-b5a9-4583-a084-0a49e7432024); Time taken: 0.0 seconds
2024-04-24T08:13:23,720  INFO [HiveServer2-Background-Pool: Thread-665] common.LogUtils: Unregistered logging context.
2024-04-24T08:13:23,721  INFO [50dae994-d17a-458c-9803-962846a1d64c main] operation.OperationManager: Closing operation: OperationHandle [opType=EXECUTE_STATEMENT, getHandleIdentifier()=14f5b40f-fe47-405e-b390-0800bd8de367]
2024-04-24T08:13:23,721  INFO [50dae994-d17a-458c-9803-962846a1d64c main] operation.OperationManager: Removed queryId: alex_20240424081323_cf1f7925-b5a9-4583-a084-0a49e7432024 corresponding to operation: OperationHandle [opType=EXECUTE_STATEMENT, getHandleIdentifier()=14f5b40f-fe47-405e-b390-0800bd8de367] with tag: null
2024-04-24T08:13:23,722  INFO [50dae994-d17a-458c-9803-962846a1d64c main] operation.SQLOperation: Closing operation log /home/alex/Repositories/hive/beeline/target/tmp/alex/operation_logs/50dae994-d17a-458c-9803-962846a1d64c/alex_20240424081323_cf1f7925-b5a9-4583-a084-0a49e7432024 without delay
2024-04-24T08:13:23,726  INFO [50dae994-d17a-458c-9803-962846a1d64c main] session.HiveSessionImpl: executing set hive.cli.print.header=true
2024-04-24T08:13:23,727  INFO [50dae994-d17a-458c-9803-962846a1d64c main] operation.HiveCommandOperation: Putting temp output to file /home/alex/Repositories/hive/beeline/target/tmp/alex/50dae994-d17a-458c-9803-962846a1d64c5890190060204182157.pipeout and error output to file /home/alex/Repositories/hive/beeline/target/tmp/alex/50dae994-d17a-458c-9803-962846a1d64c248620366506141377.pipeout
2024-04-24T08:13:23,727  INFO [50dae994-d17a-458c-9803-962846a1d64c main] operation.OperationManager: Adding operation: OperationHandle [opType=EXECUTE_STATEMENT, getHandleIdentifier()=c285737c-39c6-42ce-9fbf-fce3e8eac97d] SessionHandle [50dae994-d17a-458c-9803-962846a1d64c]
2024-04-24T08:13:23,727  INFO [50dae994-d17a-458c-9803-962846a1d64c main] common.LogUtils: Thread context registration is done.
DEBUG StatusLogger Building Plugin[name=filter, class=org.apache.hadoop.hive.ql.log.LogDivertAppender$NameFilter].
DEBUG StatusLogger createFilter(loggingLevel="EXECUTION")
DEBUG StatusLogger Building Plugin[name=layout, class=org.apache.logging.log4j.core.layout.PatternLayout].
DEBUG StatusLogger PatternLayout$Builder(pattern="%-5p : %m%n", Replace=null, charset="null", header="null", alwaysWriteExceptions="null", disableAnsi="null", noConsoleNoAnsi="null", footer="null", Configuration(HiveLog4j2Test), PatternSelector=null)
DEBUG StatusLogger Building Plugin[name=appender, class=org.apache.hadoop.hive.ql.log.HushableRandomAccessFileAppender].
DEBUG StatusLogger createAppender(fileName="/home/alex/Repositories/hive/beeline/target/tmp/alex/operation_logs/50dae994-d17a-458c-9803-962846a1d64c/alex_20240424081323_937dd971-e619-4f94-90df-32569728144d", append="null", name="query-file-appender", immediateFlush="null", bufferSize="null", ignoreExceptions="null", PatternLayout(org.apache.logging.log4j.core.layout.PatternLayout with name PatternLayout), NameFilter(org.apache.hadoop.hive.ql.log.LogDivertAppender$NameFilter with name NameFilter), advertise="null", advertiseURI="null", Configuration(HiveLog4j2Test))
DEBUG StatusLogger Starting RandomAccessFileManager /home/alex/Repositories/hive/beeline/target/tmp/alex/operation_logs/50dae994-d17a-458c-9803-962846a1d64c/alex_20240424081323_937dd971-e619-4f94-90df-32569728144d
DEBUG StatusLogger Building Plugin[name=, class=org.apache.hadoop.hive.ql.log.LogDivertAppenderForTest$TestFilter].
DEBUG StatusLogger createFilter()
DEBUG StatusLogger Building Plugin[name=, class=org.apache.logging.log4j.core.layout.PatternLayout].
DEBUG StatusLogger PatternLayout$Builder(footer="null", noConsoleNoAnsi="null", PatternSelector=null, alwaysWriteExceptions="null", Configuration(HiveLog4j2Test), pattern="%-5p : %m%n", Replace=null, charset="null", header="null", disableAnsi="null")
DEBUG StatusLogger Building Plugin[name=appender, class=org.apache.hadoop.hive.ql.log.HushableRandomAccessFileAppender].
DEBUG StatusLogger createAppender(fileName="/home/alex/Repositories/hive/beeline/target/tmp/alex/operation_logs/50dae994-d17a-458c-9803-962846a1d64c/alex_20240424081323_937dd971-e619-4f94-90df-32569728144d.test", append="null", name="test-query-file-appender", immediateFlush="null", bufferSize="null", ignoreExceptions="null", PatternLayout(org.apache.logging.log4j.core.layout.PatternLayout with name PatternLayout), test-filter(org.apache.hadoop.hive.ql.log.LogDivertAppenderForTest$TestFilter with name test-filter), advertise="null", advertiseURI="null", Configuration(HiveLog4j2Test))
DEBUG StatusLogger Starting RandomAccessFileManager /home/alex/Repositories/hive/beeline/target/tmp/alex/operation_logs/50dae994-d17a-458c-9803-962846a1d64c/alex_20240424081323_937dd971-e619-4f94-90df-32569728144d.test
2024-04-24T08:13:23,734  INFO [50dae994-d17a-458c-9803-962846a1d64c main] operation.HiveCommandOperation: [opType=EXECUTE_STATEMENT, queryId=alex_20240424081323_937dd971-e619-4f94-90df-32569728144d, startTime=1713971603726, sessionId=50dae994-d17a-458c-9803-962846a1d64c, createTime=1713971603480, userName=null, ipAddress=null]
2024-04-24T08:13:23,734  INFO [50dae994-d17a-458c-9803-962846a1d64c main] common.LogUtils: Unregistered logging context.
2024-04-24T08:13:23,736  INFO [50dae994-d17a-458c-9803-962846a1d64c main] operation.OperationManager: Closing operation: OperationHandle [opType=EXECUTE_STATEMENT, getHandleIdentifier()=c285737c-39c6-42ce-9fbf-fce3e8eac97d]
2024-04-24T08:13:23,736  INFO [50dae994-d17a-458c-9803-962846a1d64c main] operation.OperationManager: Removed queryId: alex_20240424081323_937dd971-e619-4f94-90df-32569728144d corresponding to operation: OperationHandle [opType=EXECUTE_STATEMENT, getHandleIdentifier()=c285737c-39c6-42ce-9fbf-fce3e8eac97d] with tag: null
2024-04-24T08:13:23,736  INFO [50dae994-d17a-458c-9803-962846a1d64c main] operation.HiveCommandOperation: Closing operation log /home/alex/Repositories/hive/beeline/target/tmp/alex/operation_logs/50dae994-d17a-458c-9803-962846a1d64c/alex_20240424081323_937dd971-e619-4f94-90df-32569728144d without delay
2024-04-24T08:13:23,779  WARN [main] conf.HiveConf: HiveConf of name hive.dummyparam.test.server.specific.config.override does not exist
2024-04-24T08:13:23,780  WARN [main] conf.HiveConf: HiveConf of name hive.dummyparam.test.server.specific.config.hiveserver2site does not exist
2024-04-24T08:13:23,780  WARN [main] conf.HiveConf: HiveConf of name hive.dummyparam.test.server.specific.config.metastoresite does not exist
2024-04-24T08:13:23,780  INFO [50dae994-d17a-458c-9803-962846a1d64c main] session.HiveSessionImpl: executing set
2024-04-24T08:13:23,781  INFO [50dae994-d17a-458c-9803-962846a1d64c main] operation.HiveCommandOperation: Putting temp output to file /home/alex/Repositories/hive/beeline/target/tmp/alex/50dae994-d17a-458c-9803-962846a1d64c5890190060204182157.pipeout and error output to file /home/alex/Repositories/hive/beeline/target/tmp/alex/50dae994-d17a-458c-9803-962846a1d64c248620366506141377.pipeout
2024-04-24T08:13:23,781  INFO [50dae994-d17a-458c-9803-962846a1d64c main] operation.OperationManager: Adding operation: OperationHandle [opType=EXECUTE_STATEMENT, getHandleIdentifier()=efab379b-680e-4231-9067-d166c4985742] SessionHandle [50dae994-d17a-458c-9803-962846a1d64c]
2024-04-24T08:13:23,781  INFO [50dae994-d17a-458c-9803-962846a1d64c main] common.LogUtils: Thread context registration is done.
DEBUG StatusLogger Building Plugin[name=filter, class=org.apache.hadoop.hive.ql.log.LogDivertAppender$NameFilter].
DEBUG StatusLogger createFilter(loggingLevel="EXECUTION")
DEBUG StatusLogger Building Plugin[name=layout, class=org.apache.logging.log4j.core.layout.PatternLayout].
DEBUG StatusLogger PatternLayout$Builder(charset="null", footer="null", Replace=null, pattern="%-5p : %m%n", PatternSelector=null, header="null", alwaysWriteExceptions="null", noConsoleNoAnsi="null", Configuration(HiveLog4j2Test), disableAnsi="null")
DEBUG StatusLogger Building Plugin[name=appender, class=org.apache.hadoop.hive.ql.log.HushableRandomAccessFileAppender].
DEBUG StatusLogger createAppender(fileName="/home/alex/Repositories/hive/beeline/target/tmp/alex/operation_logs/50dae994-d17a-458c-9803-962846a1d64c/alex_20240424081323_51a2320a-0e9d-4884-b985-51b560b3adc1", append="null", name="query-file-appender", immediateFlush="null", bufferSize="null", ignoreExceptions="null", PatternLayout(org.apache.logging.log4j.core.layout.PatternLayout with name PatternLayout), NameFilter(org.apache.hadoop.hive.ql.log.LogDivertAppender$NameFilter with name NameFilter), advertise="null", advertiseURI="null", Configuration(HiveLog4j2Test))
DEBUG StatusLogger Starting RandomAccessFileManager /home/alex/Repositories/hive/beeline/target/tmp/alex/operation_logs/50dae994-d17a-458c-9803-962846a1d64c/alex_20240424081323_51a2320a-0e9d-4884-b985-51b560b3adc1
DEBUG StatusLogger Building Plugin[name=, class=org.apache.hadoop.hive.ql.log.LogDivertAppenderForTest$TestFilter].
DEBUG StatusLogger createFilter()
DEBUG StatusLogger Building Plugin[name=, class=org.apache.logging.log4j.core.layout.PatternLayout].
DEBUG StatusLogger PatternLayout$Builder(Replace=null, footer="null", alwaysWriteExceptions="null", pattern="%-5p : %m%n", PatternSelector=null, charset="null", noConsoleNoAnsi="null", disableAnsi="null", Configuration(HiveLog4j2Test), header="null")
DEBUG StatusLogger Building Plugin[name=appender, class=org.apache.hadoop.hive.ql.log.HushableRandomAccessFileAppender].
DEBUG StatusLogger createAppender(fileName="/home/alex/Repositories/hive/beeline/target/tmp/alex/operation_logs/50dae994-d17a-458c-9803-962846a1d64c/alex_20240424081323_51a2320a-0e9d-4884-b985-51b560b3adc1.test", append="null", name="test-query-file-appender", immediateFlush="null", bufferSize="null", ignoreExceptions="null", PatternLayout(org.apache.logging.log4j.core.layout.PatternLayout with name PatternLayout), test-filter(org.apache.hadoop.hive.ql.log.LogDivertAppenderForTest$TestFilter with name test-filter), advertise="null", advertiseURI="null", Configuration(HiveLog4j2Test))
DEBUG StatusLogger Starting RandomAccessFileManager /home/alex/Repositories/hive/beeline/target/tmp/alex/operation_logs/50dae994-d17a-458c-9803-962846a1d64c/alex_20240424081323_51a2320a-0e9d-4884-b985-51b560b3adc1.test
2024-04-24T08:13:23,788  INFO [50dae994-d17a-458c-9803-962846a1d64c main] operation.HiveCommandOperation: [opType=EXECUTE_STATEMENT, queryId=alex_20240424081323_51a2320a-0e9d-4884-b985-51b560b3adc1, startTime=1713971603780, sessionId=50dae994-d17a-458c-9803-962846a1d64c, createTime=1713971603480, userName=null, ipAddress=null]
2024-04-24T08:13:23,875  INFO [50dae994-d17a-458c-9803-962846a1d64c main] common.LogUtils: Unregistered logging context.
2024-04-24T08:13:23,878  INFO [50dae994-d17a-458c-9803-962846a1d64c main] operation.OperationManager: Closing operation: OperationHandle [opType=EXECUTE_STATEMENT, getHandleIdentifier()=efab379b-680e-4231-9067-d166c4985742]
2024-04-24T08:13:23,878  INFO [50dae994-d17a-458c-9803-962846a1d64c main] operation.OperationManager: Removed queryId: alex_20240424081323_51a2320a-0e9d-4884-b985-51b560b3adc1 corresponding to operation: OperationHandle [opType=EXECUTE_STATEMENT, getHandleIdentifier()=efab379b-680e-4231-9067-d166c4985742] with tag: null
2024-04-24T08:13:23,878  INFO [50dae994-d17a-458c-9803-962846a1d64c main] operation.HiveCommandOperation: Closing operation log /home/alex/Repositories/hive/beeline/target/tmp/alex/operation_logs/50dae994-d17a-458c-9803-962846a1d64c/alex_20240424081323_51a2320a-0e9d-4884-b985-51b560b3adc1 without delay
2024-04-24T08:13:23,883  INFO [50dae994-d17a-458c-9803-962846a1d64c main] session.HiveSessionImpl: executing select * from test.testTbl
2024-04-24T08:13:23,884  INFO [50dae994-d17a-458c-9803-962846a1d64c main] operation.OperationManager: Adding operation: OperationHandle [opType=EXECUTE_STATEMENT, getHandleIdentifier()=c60b4246-6dad-467a-b894-ab7a62e2c44e] SessionHandle [50dae994-d17a-458c-9803-962846a1d64c]
2024-04-24T08:13:23,884  INFO [50dae994-d17a-458c-9803-962846a1d64c main] common.LogUtils: Thread context registration is done.
DEBUG StatusLogger Building Plugin[name=filter, class=org.apache.hadoop.hive.ql.log.LogDivertAppender$NameFilter].
DEBUG StatusLogger createFilter(loggingLevel="EXECUTION")
DEBUG StatusLogger Building Plugin[name=layout, class=org.apache.logging.log4j.core.layout.PatternLayout].
DEBUG StatusLogger PatternLayout$Builder(noConsoleNoAnsi="null", Configuration(HiveLog4j2Test), alwaysWriteExceptions="null", Replace=null, pattern="%-5p : %m%n", PatternSelector=null, footer="null", header="null", disableAnsi="null", charset="null")
DEBUG StatusLogger Building Plugin[name=appender, class=org.apache.hadoop.hive.ql.log.HushableRandomAccessFileAppender].
DEBUG StatusLogger createAppender(fileName="/home/alex/Repositories/hive/beeline/target/tmp/alex/operation_logs/50dae994-d17a-458c-9803-962846a1d64c/alex_20240424081323_dc566f90-5568-4f17-8675-776695cb4569", append="null", name="query-file-appender", immediateFlush="null", bufferSize="null", ignoreExceptions="null", PatternLayout(org.apache.logging.log4j.core.layout.PatternLayout with name PatternLayout), NameFilter(org.apache.hadoop.hive.ql.log.LogDivertAppender$NameFilter with name NameFilter), advertise="null", advertiseURI="null", Configuration(HiveLog4j2Test))
DEBUG StatusLogger Starting RandomAccessFileManager /home/alex/Repositories/hive/beeline/target/tmp/alex/operation_logs/50dae994-d17a-458c-9803-962846a1d64c/alex_20240424081323_dc566f90-5568-4f17-8675-776695cb4569
DEBUG StatusLogger Building Plugin[name=, class=org.apache.hadoop.hive.ql.log.LogDivertAppenderForTest$TestFilter].
DEBUG StatusLogger createFilter()
DEBUG StatusLogger Building Plugin[name=, class=org.apache.logging.log4j.core.layout.PatternLayout].
DEBUG StatusLogger PatternLayout$Builder(header="null", Replace=null, alwaysWriteExceptions="null", Configuration(HiveLog4j2Test), footer="null", PatternSelector=null, pattern="%-5p : %m%n", disableAnsi="null", charset="null", noConsoleNoAnsi="null")
DEBUG StatusLogger Building Plugin[name=appender, class=org.apache.hadoop.hive.ql.log.HushableRandomAccessFileAppender].
DEBUG StatusLogger createAppender(fileName="/home/alex/Repositories/hive/beeline/target/tmp/alex/operation_logs/50dae994-d17a-458c-9803-962846a1d64c/alex_20240424081323_dc566f90-5568-4f17-8675-776695cb4569.test", append="null", name="test-query-file-appender", immediateFlush="null", bufferSize="null", ignoreExceptions="null", PatternLayout(org.apache.logging.log4j.core.layout.PatternLayout with name PatternLayout), test-filter(org.apache.hadoop.hive.ql.log.LogDivertAppenderForTest$TestFilter with name test-filter), advertise="null", advertiseURI="null", Configuration(HiveLog4j2Test))
DEBUG StatusLogger Starting RandomAccessFileManager /home/alex/Repositories/hive/beeline/target/tmp/alex/operation_logs/50dae994-d17a-458c-9803-962846a1d64c/alex_20240424081323_dc566f90-5568-4f17-8675-776695cb4569.test
2024-04-24T08:13:23,891  INFO [50dae994-d17a-458c-9803-962846a1d64c main] operation.SQLOperation: [opType=EXECUTE_STATEMENT, queryId=alex_20240424081323_dc566f90-5568-4f17-8675-776695cb4569, startTime=1713971603883, sessionId=50dae994-d17a-458c-9803-962846a1d64c, createTime=1713971603480, userName=null, ipAddress=null]
2024-04-24T08:13:23,891  INFO [50dae994-d17a-458c-9803-962846a1d64c main] ql.Driver: Compiling command(queryId=alex_20240424081323_dc566f90-5568-4f17-8675-776695cb4569): select * from test.testTbl
2024-04-24T08:13:23,894  INFO [50dae994-d17a-458c-9803-962846a1d64c main] parse.CalcitePlanner: Starting caching scope for: alex_20240424081323_dc566f90-5568-4f17-8675-776695cb4569
2024-04-24T08:13:23,894  INFO [50dae994-d17a-458c-9803-962846a1d64c main] parse.CalcitePlanner: Starting Semantic Analysis
2024-04-24T08:13:23,898  INFO [50dae994-d17a-458c-9803-962846a1d64c main] parse.CalcitePlanner: Completed phase 1 of Semantic Analysis
2024-04-24T08:13:23,898  INFO [50dae994-d17a-458c-9803-962846a1d64c main] parse.CalcitePlanner: Get metadata for source tables
2024-04-24T08:13:23,898  INFO [50dae994-d17a-458c-9803-962846a1d64c main] HiveMetaStore.audit: ugi=alex	ip=unknown-ip-addr	cmd=get_table : tbl=hive.test.testtbl	
2024-04-24T08:13:23,917  INFO [50dae994-d17a-458c-9803-962846a1d64c main] parse.CalcitePlanner: Get metadata for subqueries
2024-04-24T08:13:23,918  INFO [50dae994-d17a-458c-9803-962846a1d64c main] parse.CalcitePlanner: Get metadata for destination tables
2024-04-24T08:13:23,924  INFO [50dae994-d17a-458c-9803-962846a1d64c main] parse.CalcitePlanner: Completed getting MetaData in Semantic Analysis
2024-04-24T08:13:25,466  INFO [50dae994-d17a-458c-9803-962846a1d64c main] HiveMetaStore.audit: ugi=alex	ip=unknown-ip-addr	cmd=get_all_table_constraints : tbl=hive.test.testtbl	
2024-04-24T08:13:26,065  INFO [50dae994-d17a-458c-9803-962846a1d64c main] calcite.RelOptHiveTable: Calculating column statistics for test.testtbl, projIndxSet: [0, 1], allowMissingStats: true
2024-04-24T08:13:26,081  INFO [50dae994-d17a-458c-9803-962846a1d64c main] HiveMetaStore.audit: ugi=alex	ip=unknown-ip-addr	cmd=get_table_statistics_req: table=hive.test.testtbl	
2024-04-24T08:13:26,109  WARN [50dae994-d17a-458c-9803-962846a1d64c main] calcite.RelOptHiveTable: No Stats for test@testtbl, Columns: a, b
2024-04-24T08:13:26,109  INFO [50dae994-d17a-458c-9803-962846a1d64c main] SessionState: No Stats for test@testtbl, Columns: a, b
2024-04-24T08:13:26,264  INFO [50dae994-d17a-458c-9803-962846a1d64c main] parse.CalcitePlanner: Get metadata for source tables
2024-04-24T08:13:26,265  INFO [50dae994-d17a-458c-9803-962846a1d64c main] parse.CalcitePlanner: Get metadata for subqueries
2024-04-24T08:13:26,265  INFO [50dae994-d17a-458c-9803-962846a1d64c main] parse.CalcitePlanner: Get metadata for destination tables
2024-04-24T08:13:26,295  INFO [50dae994-d17a-458c-9803-962846a1d64c main] common.FileUtils: Creating directory if it doesn't exist: file:/home/alex/Repositories/hive/beeline/target/tmp/alex/50dae994-d17a-458c-9803-962846a1d64c/hive_2024-04-24_08-13-23_891_3399491614999532468-1/-mr-10001/.hive-staging_hive_2024-04-24_08-13-23_891_3399491614999532468-1
2024-04-24T08:13:26,318  INFO [50dae994-d17a-458c-9803-962846a1d64c main] parse.CalcitePlanner: CBO Succeeded; optimized logical plan.
2024-04-24T08:13:26,457  INFO [50dae994-d17a-458c-9803-962846a1d64c main] optimizer.BucketVersionPopulator: not considering bucketingVersion for: TS[0] because it has -1<2 buckets 
2024-04-24T08:13:26,486  INFO [50dae994-d17a-458c-9803-962846a1d64c main] parse.CalcitePlanner: Completed plan generation
2024-04-24T08:13:26,486  INFO [50dae994-d17a-458c-9803-962846a1d64c main] parse.CalcitePlanner: Ending caching scope for: alex_20240424081323_dc566f90-5568-4f17-8675-776695cb4569
2024-04-24T08:13:26,486  INFO [50dae994-d17a-458c-9803-962846a1d64c main] ql.Driver: Semantic Analysis Completed (retrial = false)
2024-04-24T08:13:26,486  INFO [50dae994-d17a-458c-9803-962846a1d64c main] ql.Driver: Created Hive schema: Schema(fieldSchemas:[FieldSchema(name:testtbl.a, type:string, comment:null), FieldSchema(name:testtbl.b, type:string, comment:null)], properties:null)
2024-04-24T08:13:26,491  INFO [50dae994-d17a-458c-9803-962846a1d64c main] exec.TableScanOperator: Initializing Operator: TS[0]
2024-04-24T08:13:26,492  INFO [50dae994-d17a-458c-9803-962846a1d64c main] exec.SelectOperator: Initializing Operator: SEL[1]
2024-04-24T08:13:26,500  INFO [50dae994-d17a-458c-9803-962846a1d64c main] exec.SelectOperator: SELECT struct<a:string,b:string>
2024-04-24T08:13:26,500  INFO [50dae994-d17a-458c-9803-962846a1d64c main] exec.ListSinkOperator: Initializing Operator: LIST_SINK[3]
2024-04-24T08:13:26,500  INFO [50dae994-d17a-458c-9803-962846a1d64c main] metadata.Hive: Dumping metastore api call timing information for : compilation phase
2024-04-24T08:13:26,500  INFO [50dae994-d17a-458c-9803-962846a1d64c main] metadata.Hive: Total time spent in each metastore function (ms): {flushCache_()=0, getTable_(GetTableRequest)=16, isCompatibleWith_(Configuration)=0, getAllTableConstraints_(AllTableConstraintsRequest)=82, getTableColumnStatistics_(String, String, List, String)=25}
2024-04-24T08:13:26,501  INFO [50dae994-d17a-458c-9803-962846a1d64c main] ql.Driver: Completed compiling command(queryId=alex_20240424081323_dc566f90-5568-4f17-8675-776695cb4569); Time taken: 2.609 seconds
2024-04-24T08:13:26,501  INFO [HiveServer2-Background-Pool: Thread-671] common.LogUtils: Thread context registration is done.
2024-04-24T08:13:26,501  INFO [50dae994-d17a-458c-9803-962846a1d64c main] common.LogUtils: Unregistered logging context.
2024-04-24T08:13:26,501  INFO [HiveServer2-Background-Pool: Thread-671] reexec.ReExecDriver: Execution #1 of query
2024-04-24T08:13:26,502  INFO [HiveServer2-Background-Pool: Thread-671] ql.Driver: Concurrency mode is disabled, not creating a lock manager
2024-04-24T08:13:26,503  INFO [HiveServer2-Background-Pool: Thread-671] ql.Driver: Executing command(queryId=alex_20240424081323_dc566f90-5568-4f17-8675-776695cb4569): select * from test.testTbl
2024-04-24T08:13:26,503  INFO [HiveServer2-Background-Pool: Thread-671] metadata.Hive: Dumping metastore api call timing information for : execution phase
2024-04-24T08:13:26,504  INFO [HiveServer2-Background-Pool: Thread-671] metadata.Hive: Total time spent in each metastore function (ms): {}
2024-04-24T08:13:26,504  INFO [HiveServer2-Background-Pool: Thread-671] ql.Driver: Completed executing command(queryId=alex_20240424081323_dc566f90-5568-4f17-8675-776695cb4569); Time taken: 0.0 seconds
2024-04-24T08:13:26,505  INFO [HiveServer2-Background-Pool: Thread-671] common.LogUtils: Unregistered logging context.
2024-04-24T08:13:26,506  INFO [50dae994-d17a-458c-9803-962846a1d64c main] operation.OperationManager: Closing operation: OperationHandle [opType=EXECUTE_STATEMENT, getHandleIdentifier()=c60b4246-6dad-467a-b894-ab7a62e2c44e]
2024-04-24T08:13:26,506  INFO [50dae994-d17a-458c-9803-962846a1d64c main] operation.OperationManager: Removed queryId: alex_20240424081323_dc566f90-5568-4f17-8675-776695cb4569 corresponding to operation: OperationHandle [opType=EXECUTE_STATEMENT, getHandleIdentifier()=c60b4246-6dad-467a-b894-ab7a62e2c44e] with tag: null
2024-04-24T08:13:26,506  INFO [50dae994-d17a-458c-9803-962846a1d64c main] ql.Context: Deleting scratch dir: file:/home/alex/Repositories/hive/beeline/target/tmp/alex/50dae994-d17a-458c-9803-962846a1d64c/hive_2024-04-24_08-13-23_891_3399491614999532468-1
2024-04-24T08:13:26,506  INFO [50dae994-d17a-458c-9803-962846a1d64c main] cleanup.EventualCleanupService: Delete file:/home/alex/Repositories/hive/beeline/target/tmp/alex/50dae994-d17a-458c-9803-962846a1d64c/hive_2024-04-24_08-13-23_891_3399491614999532468-1 operation was queued
2024-04-24T08:13:26,507  INFO [50dae994-d17a-458c-9803-962846a1d64c main] exec.TableScanOperator: Closing Operator: TS[0]
2024-04-24T08:13:26,507  INFO [50dae994-d17a-458c-9803-962846a1d64c main] exec.TableScanOperator: RECORDS_OUT_OPERATOR_TS_0:0, RECORDS_OUT_INTERMEDIATE:0, 
2024-04-24T08:13:26,507  INFO [50dae994-d17a-458c-9803-962846a1d64c main] exec.SelectOperator: Closing Operator: SEL[1]
2024-04-24T08:13:26,507  INFO [EventualCleanupService thread 0] cleanup.EventualCleanupService: Deleted file:/home/alex/Repositories/hive/beeline/target/tmp/alex/50dae994-d17a-458c-9803-962846a1d64c/hive_2024-04-24_08-13-23_891_3399491614999532468-1
2024-04-24T08:13:26,507  INFO [50dae994-d17a-458c-9803-962846a1d64c main] exec.SelectOperator: RECORDS_OUT_OPERATOR_SEL_1:0, RECORDS_OUT_INTERMEDIATE:0, 
2024-04-24T08:13:26,507  INFO [50dae994-d17a-458c-9803-962846a1d64c main] exec.ListSinkOperator: Closing Operator: LIST_SINK[3]
2024-04-24T08:13:26,507  INFO [50dae994-d17a-458c-9803-962846a1d64c main] exec.ListSinkOperator: RECORDS_OUT_INTERMEDIATE:0, RECORDS_OUT_OPERATOR_LIST_SINK_3:0, 
2024-04-24T08:13:26,507  INFO [50dae994-d17a-458c-9803-962846a1d64c main] operation.SQLOperation: Closing operation log /home/alex/Repositories/hive/beeline/target/tmp/alex/operation_logs/50dae994-d17a-458c-9803-962846a1d64c/alex_20240424081323_dc566f90-5568-4f17-8675-776695cb4569 without delay
2024-04-24T08:13:26,519  INFO [main] service.CompositeService: Session closed, SessionHandle [50dae994-d17a-458c-9803-962846a1d64c], current sessions:0
2024-04-24T08:13:26,520  INFO [50dae994-d17a-458c-9803-962846a1d64c main] session.HiveSessionImpl: Operation log session directory is deleted: /home/alex/Repositories/hive/beeline/target/tmp/alex/operation_logs/50dae994-d17a-458c-9803-962846a1d64c
2024-04-24T08:13:26,520  INFO [main] cleanup.EventualCleanupService: Delete /tmp/hive/alex/50dae994-d17a-458c-9803-962846a1d64c operation was queued
2024-04-24T08:13:26,520  INFO [main] cleanup.EventualCleanupService: Delete /home/alex/Repositories/hive/beeline/target/tmp/alex/50dae994-d17a-458c-9803-962846a1d64c operation was queued
2024-04-24T08:13:26,520  INFO [EventualCleanupService thread 2] cleanup.EventualCleanupService: Deleted /home/alex/Repositories/hive/beeline/target/tmp/alex/50dae994-d17a-458c-9803-962846a1d64c
2024-04-24T08:13:26,520  INFO [EventualCleanupService thread 1] cleanup.EventualCleanupService: Deleted /tmp/hive/alex/50dae994-d17a-458c-9803-962846a1d64c
2024-04-24T08:13:26,521  INFO [main] HiveMetaStore.audit: ugi=alex	ip=unknown-ip-addr	cmd=Cleaning up thread local RawStore...	
2024-04-24T08:13:26,521  INFO [main] metastore.ObjectStore: RawStore: org.apache.hadoop.hive.metastore.ObjectStore@37fffef3, with PersistenceManager: org.datanucleus.api.jdo.JDOPersistenceManager@6a116354 will be shutdown
2024-04-24T08:13:26,521  INFO [main] HiveMetaStore.audit: ugi=alex	ip=unknown-ip-addr	cmd=Done cleaning up thread local RawStore	
2024-04-24T08:13:26,521  INFO [main] metastore.HiveMetaStoreClient: Closed a connection to metastore, current connections: -43
]]></system-err>
  </testcase>
  <testcase name="testInValidCmd" classname="org.apache.hive.beeline.cli.TestHiveCli" time="0.417"/>
  <testcase name="testSqlFromCmdWithEmbeddedQuotes" classname="org.apache.hive.beeline.cli.TestHiveCli" time="36.687">
    <failure type="java.lang.AssertionError"><![CDATA[java.lang.AssertionError: Supported return code is 0 while the actual is 1
	at org.junit.Assert.fail(Assert.java:89)
	at org.apache.hive.beeline.cli.TestHiveCli.executeCMD(TestHiveCli.java:256)
	at org.apache.hive.beeline.cli.TestHiveCli.verifyCMD(TestHiveCli.java:266)
	at org.apache.hive.beeline.cli.TestHiveCli.testSqlFromCmdWithEmbeddedQuotes(TestHiveCli.java:172)
	at sun.reflect.NativeMethodAccessorImpl.invoke0(Native Method)
	at sun.reflect.NativeMethodAccessorImpl.invoke(NativeMethodAccessorImpl.java:62)
	at sun.reflect.DelegatingMethodAccessorImpl.invoke(DelegatingMethodAccessorImpl.java:43)
	at java.lang.reflect.Method.invoke(Method.java:498)
	at org.junit.runners.model.FrameworkMethod$1.runReflectiveCall(FrameworkMethod.java:59)
	at org.junit.internal.runners.model.ReflectiveCallable.run(ReflectiveCallable.java:12)
	at org.junit.runners.model.FrameworkMethod.invokeExplosively(FrameworkMethod.java:56)
	at org.junit.internal.runners.statements.InvokeMethod.evaluate(InvokeMethod.java:17)
	at org.junit.internal.runners.statements.RunBefores.evaluate(RunBefores.java:26)
	at org.junit.internal.runners.statements.RunAfters.evaluate(RunAfters.java:27)
	at org.junit.runners.ParentRunner$3.evaluate(ParentRunner.java:306)
	at org.junit.runners.BlockJUnit4ClassRunner$1.evaluate(BlockJUnit4ClassRunner.java:100)
	at org.junit.runners.ParentRunner.runLeaf(ParentRunner.java:366)
	at org.junit.runners.BlockJUnit4ClassRunner.runChild(BlockJUnit4ClassRunner.java:103)
	at org.junit.runners.BlockJUnit4ClassRunner.runChild(BlockJUnit4ClassRunner.java:63)
	at org.junit.runners.ParentRunner$4.run(ParentRunner.java:331)
	at org.junit.runners.ParentRunner$1.schedule(ParentRunner.java:79)
	at org.junit.runners.ParentRunner.runChildren(ParentRunner.java:329)
	at org.junit.runners.ParentRunner.access$100(ParentRunner.java:66)
	at org.junit.runners.ParentRunner$2.evaluate(ParentRunner.java:293)
	at org.junit.internal.runners.statements.RunBefores.evaluate(RunBefores.java:26)
	at org.junit.runners.ParentRunner$3.evaluate(ParentRunner.java:306)
	at org.junit.runners.ParentRunner.run(ParentRunner.java:413)
	at org.junit.runner.JUnitCore.run(JUnitCore.java:137)
	at org.junit.runner.JUnitCore.run(JUnitCore.java:115)
	at org.junit.vintage.engine.execution.RunnerExecutor.execute(RunnerExecutor.java:43)
	at java.util.stream.ForEachOps$ForEachOp$OfRef.accept(ForEachOps.java:183)
	at java.util.stream.ReferencePipeline$3$1.accept(ReferencePipeline.java:193)
	at java.util.Iterator.forEachRemaining(Iterator.java:116)
	at java.util.Spliterators$IteratorSpliterator.forEachRemaining(Spliterators.java:1801)
	at java.util.stream.AbstractPipeline.copyInto(AbstractPipeline.java:482)
	at java.util.stream.AbstractPipeline.wrapAndCopyInto(AbstractPipeline.java:472)
	at java.util.stream.ForEachOps$ForEachOp.evaluateSequential(ForEachOps.java:150)
	at java.util.stream.ForEachOps$ForEachOp$OfRef.evaluateSequential(ForEachOps.java:173)
	at java.util.stream.AbstractPipeline.evaluate(AbstractPipeline.java:234)
	at java.util.stream.ReferencePipeline.forEach(ReferencePipeline.java:485)
	at org.junit.vintage.engine.VintageTestEngine.executeAllChildren(VintageTestEngine.java:82)
	at org.junit.vintage.engine.VintageTestEngine.execute(VintageTestEngine.java:73)
	at org.junit.platform.launcher.core.DefaultLauncher.execute(DefaultLauncher.java:248)
	at org.junit.platform.launcher.core.DefaultLauncher.lambda$execute$5(DefaultLauncher.java:211)
	at org.junit.platform.launcher.core.DefaultLauncher.withInterceptedStreams(DefaultLauncher.java:226)
	at org.junit.platform.launcher.core.DefaultLauncher.execute(DefaultLauncher.java:199)
	at org.junit.platform.launcher.core.DefaultLauncher.execute(DefaultLauncher.java:132)
	at org.apache.maven.surefire.junitplatform.JUnitPlatformProvider.invokeAllTests(JUnitPlatformProvider.java:154)
	at org.apache.maven.surefire.junitplatform.JUnitPlatformProvider.invoke(JUnitPlatformProvider.java:123)
	at org.apache.maven.surefire.booter.ForkedBooter.runSuitesInProcess(ForkedBooter.java:377)
	at org.apache.maven.surefire.booter.ForkedBooter.execute(ForkedBooter.java:138)
	at org.apache.maven.surefire.booter.ForkedBooter.run(ForkedBooter.java:465)
	at org.apache.maven.surefire.booter.ForkedBooter.main(ForkedBooter.java:451)
]]></failure>
    <system-err><![CDATA[2024-04-24T08:13:26,939 ERROR [main] cli.TestHiveCli: Failed to execute command due to the error: java.lang.NullPointerException: Null output stream
2024-04-24T08:13:26,985  WARN [main] conf.HiveConf: HiveConf of name hive.dummyparam.test.server.specific.config.hiveserver2site does not exist
2024-04-24T08:13:26,985  WARN [main] conf.HiveConf: HiveConf of name hive.dummyparam.test.server.specific.config.metastoresite does not exist
2024-04-24T08:13:26,985  WARN [main] conf.HiveConf: HiveConf of name hive.dummyparam.test.server.specific.config.override does not exist
2024-04-24T08:13:26,985  INFO [main] SessionState: Hive Session ID = bf1c1d54-d380-4d16-9196-96580d8552ad
2024-04-24T08:13:26,986  INFO [main] DependencyResolver: ivysettings.xml file not found in HIVE_HOME or HIVE_CONF_DIR,/home/alex/Repositories/hive/conf/ivysettings.xml will be used
2024-04-24T08:13:26,993  INFO [main] session.SessionState: Created HDFS directory: /tmp/hive/alex/bf1c1d54-d380-4d16-9196-96580d8552ad
2024-04-24T08:13:26,996  INFO [main] session.SessionState: Created local directory: /home/alex/Repositories/hive/beeline/target/tmp/alex/bf1c1d54-d380-4d16-9196-96580d8552ad
2024-04-24T08:13:26,999  INFO [main] session.SessionState: Created HDFS directory: /tmp/hive/alex/bf1c1d54-d380-4d16-9196-96580d8552ad/_tmp_space.db
2024-04-24T08:13:27,000  INFO [main] sqlstd.SQLStdHiveAccessController: Created SQLStdHiveAccessController for session context : HiveAuthzSessionContext [sessionString=bf1c1d54-d380-4d16-9196-96580d8552ad, clientType=HIVESERVER2]
2024-04-24T08:13:27,001  INFO [main] metastore.HiveMetaStoreClient: HMS client filtering is enabled.
2024-04-24T08:13:27,002  INFO [main] metastore.HMSHandler: 0: Opening raw store with implementation class:org.apache.hadoop.hive.metastore.ObjectStore
2024-04-24T08:13:27,002  INFO [main] metastore.PersistenceManagerProvider: Configuration datanucleus.autoStartMechanismMode is not set. Defaulting to 'ignored'
2024-04-24T08:13:27,002  INFO [main] metastore.ObjectStore: RawStore: org.apache.hadoop.hive.metastore.ObjectStore@267e0ca0, with PersistenceManager: null will be shutdown
2024-04-24T08:13:27,002  INFO [main] metastore.ObjectStore: RawStore: org.apache.hadoop.hive.metastore.ObjectStore@267e0ca0, with PersistenceManager: org.datanucleus.api.jdo.JDOPersistenceManager@3e3a07ab created in the thread with id: 1
2024-04-24T08:13:27,004  INFO [main] metastore.HMSHandler: Created RawStore: org.apache.hadoop.hive.metastore.ObjectStore@267e0ca0 from thread id: 1
2024-04-24T08:13:27,004  INFO [main] metastore.HMSHandler: HMS server filtering is disabled by configuration
2024-04-24T08:13:27,004  INFO [main] metastore.RetryingMetaStoreClient: RetryingMetaStoreClient proxy=class org.apache.hadoop.hive.ql.metadata.SessionHiveMetaStoreClient ugi=alex (auth:SIMPLE) retries=1 delay=1 lifetime=0
2024-04-24T08:13:27,004  INFO [main] service.CompositeService: Operation log root directory is created: /home/alex/Repositories/hive/beeline/target/tmp/alex/operation_logs
2024-04-24T08:13:27,004  INFO [main] service.CompositeService: HiveServer2: Background operation thread pool size: 100
2024-04-24T08:13:27,004  INFO [main] service.CompositeService: HiveServer2: Background operation thread wait queue size: 100
2024-04-24T08:13:27,004  INFO [main] service.CompositeService: HiveServer2: Background operation thread keepalive time: 10 seconds
2024-04-24T08:13:27,004  INFO [main] service.CompositeService: Connections limit are user: 0 ipaddress: 0 user-ipaddress: 0
2024-04-24T08:13:27,006  INFO [main] cleanup.EventualCleanupService: EventualCleanupService started with 10 threads and queue of size 10000
ERROR StatusLogger Log4j2 ConfigurationScheduler attempted to increment scheduled items after start
ERROR StatusLogger Log4j2 ConfigurationScheduler attempted to increment scheduled items after start
2024-04-24T08:13:27,008  INFO [main] service.AbstractService: Service:OperationManager is inited.
2024-04-24T08:13:27,008  INFO [main] service.AbstractService: Service:SessionManager is inited.
2024-04-24T08:13:27,008  INFO [main] service.AbstractService: Service:CLIService is inited.
2024-04-24T08:13:27,008  INFO [main] service.AbstractService: Service:OperationManager is started.
2024-04-24T08:13:27,008  INFO [main] service.AbstractService: Service:SessionManager is started.
2024-04-24T08:13:27,008  INFO [main] service.AbstractService: Service:CLIService is started.
2024-04-24T08:13:27,008  INFO [main] service.AbstractService: Service:ThriftBinaryCLIService is inited.
2024-04-24T08:13:27,008  INFO [main] thrift.ThriftCLIService: Client protocol version: HIVE_CLI_SERVICE_PROTOCOL_V10
2024-04-24T08:13:27,008  INFO [main] thrift.ThriftCLIService: Creating Hive session handle for user [null] from IP null
2024-04-24T08:13:27,010  INFO [main] DependencyResolver: ivysettings.xml file not found in HIVE_HOME or HIVE_CONF_DIR,/home/alex/Repositories/hive/conf/ivysettings.xml will be used
2024-04-24T08:13:27,017  INFO [main] session.SessionState: Created HDFS directory: /tmp/hive/alex/afc142d0-6179-4b0c-92a2-b46e905de3f3
2024-04-24T08:13:27,020  INFO [main] session.SessionState: Created local directory: /home/alex/Repositories/hive/beeline/target/tmp/alex/afc142d0-6179-4b0c-92a2-b46e905de3f3
2024-04-24T08:13:27,023  INFO [main] session.SessionState: Created HDFS directory: /tmp/hive/alex/afc142d0-6179-4b0c-92a2-b46e905de3f3/_tmp_space.db
2024-04-24T08:13:27,024  INFO [main] session.SessionState: Reloading auxiliary JAR files
2024-04-24T08:13:27,024  WARN [main] session.SessionState: Configuration hive.reloadable.aux.jars.path not specified
2024-04-24T08:13:27,024  INFO [main] HiveMetaStore.audit: ugi=alex	ip=unknown-ip-addr	cmd=Cleaning up thread local RawStore...	
2024-04-24T08:13:27,024  INFO [main] metastore.ObjectStore: RawStore: org.apache.hadoop.hive.metastore.ObjectStore@267e0ca0, with PersistenceManager: org.datanucleus.api.jdo.JDOPersistenceManager@3e3a07ab will be shutdown
2024-04-24T08:13:27,024  INFO [main] HiveMetaStore.audit: ugi=alex	ip=unknown-ip-addr	cmd=Done cleaning up thread local RawStore	
2024-04-24T08:13:27,024  INFO [main] metastore.HiveMetaStoreClient: Closed a connection to metastore, current connections: -45
2024-04-24T08:13:27,024  INFO [main] session.HiveSessionImpl: Operation log session directory is created: /home/alex/Repositories/hive/beeline/target/tmp/alex/operation_logs/afc142d0-6179-4b0c-92a2-b46e905de3f3
2024-04-24T08:13:27,024  INFO [main] service.CompositeService: Session opened, SessionHandle [afc142d0-6179-4b0c-92a2-b46e905de3f3], current sessions:1
2024-04-24T08:13:27,024  INFO [main] thrift.ThriftCLIService: Login attempt is successful for user : null
2024-04-24T08:13:27,072  WARN [main] conf.HiveConf: HiveConf of name hive.dummyparam.test.server.specific.config.hiveserver2site does not exist
2024-04-24T08:13:27,073  WARN [main] conf.HiveConf: HiveConf of name hive.dummyparam.test.server.specific.config.override does not exist
2024-04-24T08:13:27,073  WARN [main] conf.HiveConf: HiveConf of name hive.dummyparam.test.server.specific.config.metastoresite does not exist
2024-04-24T08:13:27,073  INFO [afc142d0-6179-4b0c-92a2-b46e905de3f3 main] session.HiveSessionImpl: executing set
2024-04-24T08:13:27,074  INFO [afc142d0-6179-4b0c-92a2-b46e905de3f3 main] operation.HiveCommandOperation: Putting temp output to file /home/alex/Repositories/hive/beeline/target/tmp/alex/afc142d0-6179-4b0c-92a2-b46e905de3f36685876987861598640.pipeout and error output to file /home/alex/Repositories/hive/beeline/target/tmp/alex/afc142d0-6179-4b0c-92a2-b46e905de3f36491729688204642255.pipeout
2024-04-24T08:13:27,074  INFO [afc142d0-6179-4b0c-92a2-b46e905de3f3 main] operation.OperationManager: Adding operation: OperationHandle [opType=EXECUTE_STATEMENT, getHandleIdentifier()=6d13d521-e7fb-4fa9-866e-54b25dce3b09] SessionHandle [afc142d0-6179-4b0c-92a2-b46e905de3f3]
2024-04-24T08:13:27,075  INFO [afc142d0-6179-4b0c-92a2-b46e905de3f3 main] common.LogUtils: Thread context registration is done.
DEBUG StatusLogger Building Plugin[name=filter, class=org.apache.hadoop.hive.ql.log.LogDivertAppender$NameFilter].
DEBUG StatusLogger createFilter(loggingLevel="EXECUTION")
DEBUG StatusLogger Building Plugin[name=layout, class=org.apache.logging.log4j.core.layout.PatternLayout].
DEBUG StatusLogger PatternLayout$Builder(alwaysWriteExceptions="null", footer="null", PatternSelector=null, noConsoleNoAnsi="null", Configuration(HiveLog4j2Test), disableAnsi="null", pattern="%-5p : %m%n", charset="null", header="null", Replace=null)
DEBUG StatusLogger Building Plugin[name=appender, class=org.apache.hadoop.hive.ql.log.HushableRandomAccessFileAppender].
DEBUG StatusLogger createAppender(fileName="/home/alex/Repositories/hive/beeline/target/tmp/alex/operation_logs/afc142d0-6179-4b0c-92a2-b46e905de3f3/alex_20240424081327_873b9721-dfa2-4178-9722-768c22f017b5", append="null", name="query-file-appender", immediateFlush="null", bufferSize="null", ignoreExceptions="null", PatternLayout(org.apache.logging.log4j.core.layout.PatternLayout with name PatternLayout), NameFilter(org.apache.hadoop.hive.ql.log.LogDivertAppender$NameFilter with name NameFilter), advertise="null", advertiseURI="null", Configuration(HiveLog4j2Test))
DEBUG StatusLogger Starting RandomAccessFileManager /home/alex/Repositories/hive/beeline/target/tmp/alex/operation_logs/afc142d0-6179-4b0c-92a2-b46e905de3f3/alex_20240424081327_873b9721-dfa2-4178-9722-768c22f017b5
DEBUG StatusLogger Building Plugin[name=, class=org.apache.hadoop.hive.ql.log.LogDivertAppenderForTest$TestFilter].
DEBUG StatusLogger createFilter()
DEBUG StatusLogger Building Plugin[name=, class=org.apache.logging.log4j.core.layout.PatternLayout].
DEBUG StatusLogger PatternLayout$Builder(header="null", alwaysWriteExceptions="null", charset="null", PatternSelector=null, noConsoleNoAnsi="null", Configuration(HiveLog4j2Test), footer="null", pattern="%-5p : %m%n", Replace=null, disableAnsi="null")
DEBUG StatusLogger Building Plugin[name=appender, class=org.apache.hadoop.hive.ql.log.HushableRandomAccessFileAppender].
DEBUG StatusLogger createAppender(fileName="/home/alex/Repositories/hive/beeline/target/tmp/alex/operation_logs/afc142d0-6179-4b0c-92a2-b46e905de3f3/alex_20240424081327_873b9721-dfa2-4178-9722-768c22f017b5.test", append="null", name="test-query-file-appender", immediateFlush="null", bufferSize="null", ignoreExceptions="null", PatternLayout(org.apache.logging.log4j.core.layout.PatternLayout with name PatternLayout), test-filter(org.apache.hadoop.hive.ql.log.LogDivertAppenderForTest$TestFilter with name test-filter), advertise="null", advertiseURI="null", Configuration(HiveLog4j2Test))
DEBUG StatusLogger Starting RandomAccessFileManager /home/alex/Repositories/hive/beeline/target/tmp/alex/operation_logs/afc142d0-6179-4b0c-92a2-b46e905de3f3/alex_20240424081327_873b9721-dfa2-4178-9722-768c22f017b5.test
2024-04-24T08:13:27,083  INFO [afc142d0-6179-4b0c-92a2-b46e905de3f3 main] operation.HiveCommandOperation: [opType=EXECUTE_STATEMENT, queryId=alex_20240424081327_873b9721-dfa2-4178-9722-768c22f017b5, startTime=1713971607073, sessionId=afc142d0-6179-4b0c-92a2-b46e905de3f3, createTime=1713971607008, userName=null, ipAddress=null]
2024-04-24T08:13:27,192  INFO [afc142d0-6179-4b0c-92a2-b46e905de3f3 main] common.LogUtils: Unregistered logging context.
2024-04-24T08:13:27,193  INFO [afc142d0-6179-4b0c-92a2-b46e905de3f3 main] operation.OperationManager: Closing operation: OperationHandle [opType=EXECUTE_STATEMENT, getHandleIdentifier()=6d13d521-e7fb-4fa9-866e-54b25dce3b09]
2024-04-24T08:13:27,194  INFO [afc142d0-6179-4b0c-92a2-b46e905de3f3 main] operation.OperationManager: Removed queryId: alex_20240424081327_873b9721-dfa2-4178-9722-768c22f017b5 corresponding to operation: OperationHandle [opType=EXECUTE_STATEMENT, getHandleIdentifier()=6d13d521-e7fb-4fa9-866e-54b25dce3b09] with tag: null
2024-04-24T08:13:27,194  INFO [afc142d0-6179-4b0c-92a2-b46e905de3f3 main] operation.HiveCommandOperation: Closing operation log /home/alex/Repositories/hive/beeline/target/tmp/alex/operation_logs/afc142d0-6179-4b0c-92a2-b46e905de3f3/alex_20240424081327_873b9721-dfa2-4178-9722-768c22f017b5 without delay
2024-04-24T08:14:03,435  INFO [afc142d0-6179-4b0c-92a2-b46e905de3f3 main] session.HiveSessionImpl: executing select "hive"
2024-04-24T08:14:03,438  INFO [afc142d0-6179-4b0c-92a2-b46e905de3f3 main] operation.OperationManager: Adding operation: OperationHandle [opType=EXECUTE_STATEMENT, getHandleIdentifier()=b259ac9c-7bbe-4a27-beb9-03eb0b5e315f] SessionHandle [afc142d0-6179-4b0c-92a2-b46e905de3f3]
2024-04-24T08:14:03,439  INFO [afc142d0-6179-4b0c-92a2-b46e905de3f3 main] common.LogUtils: Thread context registration is done.
DEBUG StatusLogger Building Plugin[name=filter, class=org.apache.hadoop.hive.ql.log.LogDivertAppender$NameFilter].
DEBUG StatusLogger createFilter(loggingLevel="EXECUTION")
DEBUG StatusLogger Building Plugin[name=layout, class=org.apache.logging.log4j.core.layout.PatternLayout].
DEBUG StatusLogger PatternLayout$Builder(disableAnsi="null", charset="null", Replace=null, header="null", pattern="%-5p : %m%n", PatternSelector=null, alwaysWriteExceptions="null", footer="null", Configuration(HiveLog4j2Test), noConsoleNoAnsi="null")
DEBUG StatusLogger Building Plugin[name=appender, class=org.apache.hadoop.hive.ql.log.HushableRandomAccessFileAppender].
DEBUG StatusLogger createAppender(fileName="/home/alex/Repositories/hive/beeline/target/tmp/alex/operation_logs/afc142d0-6179-4b0c-92a2-b46e905de3f3/alex_20240424081403_ef6d0ab6-073f-44b5-bc8b-601ac4d6df1d", append="null", name="query-file-appender", immediateFlush="null", bufferSize="null", ignoreExceptions="null", PatternLayout(org.apache.logging.log4j.core.layout.PatternLayout with name PatternLayout), NameFilter(org.apache.hadoop.hive.ql.log.LogDivertAppender$NameFilter with name NameFilter), advertise="null", advertiseURI="null", Configuration(HiveLog4j2Test))
DEBUG StatusLogger Starting RandomAccessFileManager /home/alex/Repositories/hive/beeline/target/tmp/alex/operation_logs/afc142d0-6179-4b0c-92a2-b46e905de3f3/alex_20240424081403_ef6d0ab6-073f-44b5-bc8b-601ac4d6df1d
DEBUG StatusLogger Building Plugin[name=, class=org.apache.hadoop.hive.ql.log.LogDivertAppenderForTest$TestFilter].
DEBUG StatusLogger createFilter()
DEBUG StatusLogger Building Plugin[name=, class=org.apache.logging.log4j.core.layout.PatternLayout].
DEBUG StatusLogger PatternLayout$Builder(Configuration(HiveLog4j2Test), header="null", noConsoleNoAnsi="null", PatternSelector=null, disableAnsi="null", footer="null", charset="null", Replace=null, alwaysWriteExceptions="null", pattern="%-5p : %m%n")
DEBUG StatusLogger Building Plugin[name=appender, class=org.apache.hadoop.hive.ql.log.HushableRandomAccessFileAppender].
DEBUG StatusLogger createAppender(fileName="/home/alex/Repositories/hive/beeline/target/tmp/alex/operation_logs/afc142d0-6179-4b0c-92a2-b46e905de3f3/alex_20240424081403_ef6d0ab6-073f-44b5-bc8b-601ac4d6df1d.test", append="null", name="test-query-file-appender", immediateFlush="null", bufferSize="null", ignoreExceptions="null", PatternLayout(org.apache.logging.log4j.core.layout.PatternLayout with name PatternLayout), test-filter(org.apache.hadoop.hive.ql.log.LogDivertAppenderForTest$TestFilter with name test-filter), advertise="null", advertiseURI="null", Configuration(HiveLog4j2Test))
DEBUG StatusLogger Starting RandomAccessFileManager /home/alex/Repositories/hive/beeline/target/tmp/alex/operation_logs/afc142d0-6179-4b0c-92a2-b46e905de3f3/alex_20240424081403_ef6d0ab6-073f-44b5-bc8b-601ac4d6df1d.test
2024-04-24T08:14:03,464  INFO [afc142d0-6179-4b0c-92a2-b46e905de3f3 main] operation.SQLOperation: [opType=EXECUTE_STATEMENT, queryId=alex_20240424081403_ef6d0ab6-073f-44b5-bc8b-601ac4d6df1d, startTime=1713971643435, sessionId=afc142d0-6179-4b0c-92a2-b46e905de3f3, createTime=1713971607008, userName=null, ipAddress=null]
2024-04-24T08:14:03,467  INFO [afc142d0-6179-4b0c-92a2-b46e905de3f3 main] ql.Driver: Compiling command(queryId=alex_20240424081403_ef6d0ab6-073f-44b5-bc8b-601ac4d6df1d): select "hive"
2024-04-24T08:14:03,472  INFO [afc142d0-6179-4b0c-92a2-b46e905de3f3 main] metastore.HiveMetaStoreClient: HMS client filtering is enabled.
2024-04-24T08:14:03,474  INFO [afc142d0-6179-4b0c-92a2-b46e905de3f3 main] metastore.HMSHandler: 0: Opening raw store with implementation class:org.apache.hadoop.hive.metastore.ObjectStore
2024-04-24T08:14:03,474  INFO [afc142d0-6179-4b0c-92a2-b46e905de3f3 main] metastore.PersistenceManagerProvider: Configuration datanucleus.autoStartMechanismMode is not set. Defaulting to 'ignored'
2024-04-24T08:14:03,475  INFO [afc142d0-6179-4b0c-92a2-b46e905de3f3 main] metastore.ObjectStore: RawStore: org.apache.hadoop.hive.metastore.ObjectStore@1fd77205, with PersistenceManager: null will be shutdown
2024-04-24T08:14:03,475  INFO [afc142d0-6179-4b0c-92a2-b46e905de3f3 main] metastore.ObjectStore: RawStore: org.apache.hadoop.hive.metastore.ObjectStore@1fd77205, with PersistenceManager: org.datanucleus.api.jdo.JDOPersistenceManager@3b9c05f created in the thread with id: 1
2024-04-24T08:14:03,478  INFO [afc142d0-6179-4b0c-92a2-b46e905de3f3 main] metastore.HMSHandler: Created RawStore: org.apache.hadoop.hive.metastore.ObjectStore@1fd77205 from thread id: 1
2024-04-24T08:14:03,478  INFO [afc142d0-6179-4b0c-92a2-b46e905de3f3 main] metastore.HMSHandler: HMS server filtering is disabled by configuration
2024-04-24T08:14:03,478  INFO [afc142d0-6179-4b0c-92a2-b46e905de3f3 main] metastore.RetryingMetaStoreClient: RetryingMetaStoreClient proxy=class org.apache.hadoop.hive.ql.metadata.SessionHiveMetaStoreClient ugi=alex (auth:SIMPLE) retries=1 delay=1 lifetime=0
2024-04-24T08:14:03,479  INFO [afc142d0-6179-4b0c-92a2-b46e905de3f3 main] parse.CalcitePlanner: Starting caching scope for: alex_20240424081403_ef6d0ab6-073f-44b5-bc8b-601ac4d6df1d
2024-04-24T08:14:03,479  INFO [afc142d0-6179-4b0c-92a2-b46e905de3f3 main] parse.CalcitePlanner: Starting Semantic Analysis
2024-04-24T08:14:03,479  INFO [afc142d0-6179-4b0c-92a2-b46e905de3f3 main] sqlstd.SQLStdHiveAccessController: Created SQLStdHiveAccessController for session context : HiveAuthzSessionContext [sessionString=afc142d0-6179-4b0c-92a2-b46e905de3f3, clientType=HIVESERVER2]
2024-04-24T08:14:03,479  INFO [afc142d0-6179-4b0c-92a2-b46e905de3f3 main] parse.CalcitePlanner: Completed phase 1 of Semantic Analysis
2024-04-24T08:14:03,479  INFO [afc142d0-6179-4b0c-92a2-b46e905de3f3 main] parse.CalcitePlanner: Get metadata for source tables
2024-04-24T08:14:03,479  INFO [afc142d0-6179-4b0c-92a2-b46e905de3f3 main] parse.CalcitePlanner: Get metadata for subqueries
2024-04-24T08:14:03,479  INFO [afc142d0-6179-4b0c-92a2-b46e905de3f3 main] parse.CalcitePlanner: Get metadata for destination tables
2024-04-24T08:14:03,479  INFO [afc142d0-6179-4b0c-92a2-b46e905de3f3 main] parse.CalcitePlanner: Completed getting MetaData in Semantic Analysis
2024-04-24T08:14:03,512  INFO [afc142d0-6179-4b0c-92a2-b46e905de3f3 main] HiveMetaStore.audit: ugi=alex	ip=unknown-ip-addr	cmd=get_all_table_constraints : tbl=hive._dummy_database._dummy_table	
2024-04-24T08:14:03,587  INFO [afc142d0-6179-4b0c-92a2-b46e905de3f3 main] parse.CalcitePlanner: Get metadata for source tables
2024-04-24T08:14:03,587  INFO [afc142d0-6179-4b0c-92a2-b46e905de3f3 main] HiveMetaStore.audit: ugi=alex	ip=unknown-ip-addr	cmd=get_table : tbl=hive._dummy_database._dummy_table	
2024-04-24T08:14:03,591  INFO [afc142d0-6179-4b0c-92a2-b46e905de3f3 main] parse.CalcitePlanner: Get metadata for subqueries
2024-04-24T08:14:03,591  INFO [afc142d0-6179-4b0c-92a2-b46e905de3f3 main] parse.CalcitePlanner: Get metadata for destination tables
2024-04-24T08:14:03,598  INFO [afc142d0-6179-4b0c-92a2-b46e905de3f3 main] common.FileUtils: Creating directory if it doesn't exist: file:/home/alex/Repositories/hive/beeline/target/tmp/alex/afc142d0-6179-4b0c-92a2-b46e905de3f3/hive_2024-04-24_08-14-03_466_5907144493808332172-1/-mr-10001/.hive-staging_hive_2024-04-24_08-14-03_466_5907144493808332172-1
2024-04-24T08:14:03,605  INFO [afc142d0-6179-4b0c-92a2-b46e905de3f3 main] parse.CalcitePlanner: CBO Succeeded; optimized logical plan.
2024-04-24T08:14:03,608  INFO [afc142d0-6179-4b0c-92a2-b46e905de3f3 main] optimizer.BucketVersionPopulator: not considering bucketingVersion for: TS[0] because it has -1<2 buckets 
2024-04-24T08:14:03,609  INFO [afc142d0-6179-4b0c-92a2-b46e905de3f3 main] parse.CalcitePlanner: Completed plan generation
2024-04-24T08:14:03,609  INFO [afc142d0-6179-4b0c-92a2-b46e905de3f3 main] parse.CalcitePlanner: Ending caching scope for: alex_20240424081403_ef6d0ab6-073f-44b5-bc8b-601ac4d6df1d
2024-04-24T08:14:03,609  INFO [afc142d0-6179-4b0c-92a2-b46e905de3f3 main] ql.Driver: Semantic Analysis Completed (retrial = false)
2024-04-24T08:14:03,609  INFO [afc142d0-6179-4b0c-92a2-b46e905de3f3 main] ql.Driver: Created Hive schema: Schema(fieldSchemas:[FieldSchema(name:_c0, type:string, comment:null)], properties:null)
2024-04-24T08:14:03,610  INFO [afc142d0-6179-4b0c-92a2-b46e905de3f3 main] exec.TableScanOperator: Initializing Operator: TS[0]
2024-04-24T08:14:03,611  INFO [afc142d0-6179-4b0c-92a2-b46e905de3f3 main] exec.SelectOperator: Initializing Operator: SEL[1]
2024-04-24T08:14:03,611  INFO [afc142d0-6179-4b0c-92a2-b46e905de3f3 main] exec.SelectOperator: SELECT null
2024-04-24T08:14:03,611  INFO [afc142d0-6179-4b0c-92a2-b46e905de3f3 main] exec.ListSinkOperator: Initializing Operator: LIST_SINK[3]
2024-04-24T08:14:03,612  INFO [afc142d0-6179-4b0c-92a2-b46e905de3f3 main] metadata.Hive: Dumping metastore api call timing information for : compilation phase
2024-04-24T08:14:03,612  INFO [afc142d0-6179-4b0c-92a2-b46e905de3f3 main] metadata.Hive: Total time spent in each metastore function (ms): {isCompatibleWith_(Configuration)=0, flushCache_()=0, getAllTableConstraints_(AllTableConstraintsRequest)=7}
2024-04-24T08:14:03,612  INFO [afc142d0-6179-4b0c-92a2-b46e905de3f3 main] ql.Driver: Completed compiling command(queryId=alex_20240424081403_ef6d0ab6-073f-44b5-bc8b-601ac4d6df1d); Time taken: 0.146 seconds
2024-04-24T08:14:03,614  INFO [HiveServer2-Background-Pool: Thread-719] common.LogUtils: Thread context registration is done.
2024-04-24T08:14:03,615  INFO [afc142d0-6179-4b0c-92a2-b46e905de3f3 main] common.LogUtils: Unregistered logging context.
2024-04-24T08:14:03,615  INFO [HiveServer2-Background-Pool: Thread-719] reexec.ReExecDriver: Execution #1 of query
2024-04-24T08:14:03,615  INFO [HiveServer2-Background-Pool: Thread-719] ql.Driver: Concurrency mode is disabled, not creating a lock manager
2024-04-24T08:14:03,616  INFO [HiveServer2-Background-Pool: Thread-719] ql.Driver: Executing command(queryId=alex_20240424081403_ef6d0ab6-073f-44b5-bc8b-601ac4d6df1d): select "hive"
2024-04-24T08:14:03,616  INFO [HiveServer2-Background-Pool: Thread-719] metadata.Hive: Dumping metastore api call timing information for : execution phase
2024-04-24T08:14:03,617  INFO [HiveServer2-Background-Pool: Thread-719] metadata.Hive: Total time spent in each metastore function (ms): {}
2024-04-24T08:14:03,617  INFO [HiveServer2-Background-Pool: Thread-719] ql.Driver: Completed executing command(queryId=alex_20240424081403_ef6d0ab6-073f-44b5-bc8b-601ac4d6df1d); Time taken: 0.0 seconds
2024-04-24T08:14:03,617  INFO [HiveServer2-Background-Pool: Thread-719] common.LogUtils: Unregistered logging context.
2024-04-24T08:14:03,621  INFO [afc142d0-6179-4b0c-92a2-b46e905de3f3 main] operation.OperationManager: Closing operation: OperationHandle [opType=EXECUTE_STATEMENT, getHandleIdentifier()=b259ac9c-7bbe-4a27-beb9-03eb0b5e315f]
2024-04-24T08:14:03,621  INFO [afc142d0-6179-4b0c-92a2-b46e905de3f3 main] operation.OperationManager: Removed queryId: alex_20240424081403_ef6d0ab6-073f-44b5-bc8b-601ac4d6df1d corresponding to operation: OperationHandle [opType=EXECUTE_STATEMENT, getHandleIdentifier()=b259ac9c-7bbe-4a27-beb9-03eb0b5e315f] with tag: null
2024-04-24T08:14:03,621  INFO [afc142d0-6179-4b0c-92a2-b46e905de3f3 main] ql.Context: Deleting scratch dir: file:/home/alex/Repositories/hive/beeline/target/tmp/alex/afc142d0-6179-4b0c-92a2-b46e905de3f3/hive_2024-04-24_08-14-03_466_5907144493808332172-1
2024-04-24T08:14:03,622  INFO [afc142d0-6179-4b0c-92a2-b46e905de3f3 main] cleanup.EventualCleanupService: Delete file:/home/alex/Repositories/hive/beeline/target/tmp/alex/afc142d0-6179-4b0c-92a2-b46e905de3f3/hive_2024-04-24_08-14-03_466_5907144493808332172-1 operation was queued
2024-04-24T08:14:03,622  INFO [afc142d0-6179-4b0c-92a2-b46e905de3f3 main] exec.TableScanOperator: Closing Operator: TS[0]
2024-04-24T08:14:03,622  INFO [afc142d0-6179-4b0c-92a2-b46e905de3f3 main] exec.TableScanOperator: RECORDS_OUT_OPERATOR_TS_0:0, RECORDS_OUT_INTERMEDIATE:0, 
2024-04-24T08:14:03,622  INFO [afc142d0-6179-4b0c-92a2-b46e905de3f3 main] exec.SelectOperator: Closing Operator: SEL[1]
2024-04-24T08:14:03,622  INFO [afc142d0-6179-4b0c-92a2-b46e905de3f3 main] exec.SelectOperator: RECORDS_OUT_INTERMEDIATE:0, RECORDS_OUT_OPERATOR_SEL_1:0, 
2024-04-24T08:14:03,622  INFO [afc142d0-6179-4b0c-92a2-b46e905de3f3 main] exec.ListSinkOperator: Closing Operator: LIST_SINK[3]
2024-04-24T08:14:03,622  INFO [EventualCleanupService thread 0] cleanup.EventualCleanupService: Deleted file:/home/alex/Repositories/hive/beeline/target/tmp/alex/afc142d0-6179-4b0c-92a2-b46e905de3f3/hive_2024-04-24_08-14-03_466_5907144493808332172-1
2024-04-24T08:14:03,622  INFO [afc142d0-6179-4b0c-92a2-b46e905de3f3 main] exec.ListSinkOperator: RECORDS_OUT_INTERMEDIATE:0, RECORDS_OUT_OPERATOR_LIST_SINK_3:0, 
2024-04-24T08:14:03,622  INFO [afc142d0-6179-4b0c-92a2-b46e905de3f3 main] operation.SQLOperation: Closing operation log /home/alex/Repositories/hive/beeline/target/tmp/alex/operation_logs/afc142d0-6179-4b0c-92a2-b46e905de3f3/alex_20240424081403_ef6d0ab6-073f-44b5-bc8b-601ac4d6df1d without delay
2024-04-24T08:14:03,623  INFO [main] service.CompositeService: Session closed, SessionHandle [afc142d0-6179-4b0c-92a2-b46e905de3f3], current sessions:0
2024-04-24T08:14:03,624  INFO [afc142d0-6179-4b0c-92a2-b46e905de3f3 main] session.HiveSessionImpl: Operation log session directory is deleted: /home/alex/Repositories/hive/beeline/target/tmp/alex/operation_logs/afc142d0-6179-4b0c-92a2-b46e905de3f3
2024-04-24T08:14:03,624  INFO [main] cleanup.EventualCleanupService: Delete /tmp/hive/alex/afc142d0-6179-4b0c-92a2-b46e905de3f3 operation was queued
2024-04-24T08:14:03,624  INFO [main] cleanup.EventualCleanupService: Delete /home/alex/Repositories/hive/beeline/target/tmp/alex/afc142d0-6179-4b0c-92a2-b46e905de3f3 operation was queued
2024-04-24T08:14:03,624  INFO [EventualCleanupService thread 2] cleanup.EventualCleanupService: Deleted /home/alex/Repositories/hive/beeline/target/tmp/alex/afc142d0-6179-4b0c-92a2-b46e905de3f3
2024-04-24T08:14:03,624  INFO [EventualCleanupService thread 1] cleanup.EventualCleanupService: Deleted /tmp/hive/alex/afc142d0-6179-4b0c-92a2-b46e905de3f3
2024-04-24T08:14:03,625  INFO [main] HiveMetaStore.audit: ugi=alex	ip=unknown-ip-addr	cmd=Cleaning up thread local RawStore...	
2024-04-24T08:14:03,625  INFO [main] metastore.ObjectStore: RawStore: org.apache.hadoop.hive.metastore.ObjectStore@1fd77205, with PersistenceManager: org.datanucleus.api.jdo.JDOPersistenceManager@3b9c05f will be shutdown
2024-04-24T08:14:03,625  INFO [main] HiveMetaStore.audit: ugi=alex	ip=unknown-ip-addr	cmd=Done cleaning up thread local RawStore	
2024-04-24T08:14:03,625  INFO [main] metastore.HiveMetaStoreClient: Closed a connection to metastore, current connections: -46
2024-04-24T08:14:03,626 ERROR [main] cli.TestHiveCli: Failed due to the error:Connecting to jdbc:hive2://
Hive Session ID = bf1c1d54-d380-4d16-9196-96580d8552ad
ivysettings.xml file not found in HIVE_HOME or HIVE_CONF_DIR,/home/alex/Repositories/hive/conf/ivysettings.xml will be used
ivysettings.xml file not found in HIVE_HOME or HIVE_CONF_DIR,/home/alex/Repositories/hive/conf/ivysettings.xml will be used
Connected to: Apache Hive (version 4.0.0-SNAPSHOT)
Error: Couldn't load manifest attributes. (state=,code=0)
Transaction isolation: TRANSACTION_REPEATABLE_READ
. . > INFO  : Compiling command(queryId=alex_20240424081403_ef6d0ab6-073f-44b5-bc8b-601ac4d6df1d): select "hive"
INFO  : Semantic Analysis Completed (retrial = false)
INFO  : Created Hive schema: Schema(fieldSchemas:[FieldSchema(name:_c0, type:string, comment:null)], properties:null)
INFO  : Completed compiling command(queryId=alex_20240424081403_ef6d0ab6-073f-44b5-bc8b-601ac4d6df1d); Time taken: 0.146 seconds
INFO  : Concurrency mode is disabled, not creating a lock manager
INFO  : Executing command(queryId=alex_20240424081403_ef6d0ab6-073f-44b5-bc8b-601ac4d6df1d): select "hive"
INFO  : Completed executing command(queryId=alex_20240424081403_ef6d0ab6-073f-44b5-bc8b-601ac4d6df1d); Time taken: 0.0 seconds
DEBUG : Shutting down query select "hive"
Error: Failed to wait for operation to complete (state=08S01,code=0)
Closing: 0: jdbc:hive2://

]]></system-err>
  </testcase>
</testsuite>