<?xml version="1.0" encoding="UTF-8"?>
<testsuite xmlns:xsi="http://www.w3.org/2001/XMLSchema-instance" xsi:noNamespaceSchemaLocation="https://maven.apache.org/surefire/maven-surefire-plugin/xsd/surefire-test-report-3.0.xsd" version="3.0" name="org.apache.nifi.toolkit.zkmigrator.ZooKeeperMigratorTest" time="3.623" tests="34" errors="0" skipped="1" failures="0">
  <properties>
    <property name="sun.desktop" value="gnome"/>
    <property name="awt.toolkit" value="sun.awt.X11.XToolkit"/>
    <property name="jdk.tls.rejectClientInitiatedRenegotiation" value="true"/>
    <property name="nondexStart" value="0"/>
    <property name="java.specification.version" value="1.8"/>
    <property name="file.encoding.pkg" value="sun.io"/>
    <property name="sun.cpu.isalist" value=""/>
    <property name="sun.jnu.encoding" value="UTF-8"/>
    <property name="java.class.path" value="/home/alex/Repositories/nifi/nifi-toolkit/nifi-toolkit-zookeeper-migrator/target/test-classes:/home/alex/Repositories/nifi/nifi-toolkit/nifi-toolkit-zookeeper-migrator/target/classes:/home/alex/.m2/repository/commons-cli/commons-cli/1.4/commons-cli-1.4.jar:/home/alex/.m2/repository/com/google/guava/guava/28.0-jre/guava-28.0-jre.jar:/home/alex/.m2/repository/com/google/guava/failureaccess/1.0.1/failureaccess-1.0.1.jar:/home/alex/.m2/repository/com/google/guava/listenablefuture/9999.0-empty-to-avoid-conflict-with-guava/listenablefuture-9999.0-empty-to-avoid-conflict-with-guava.jar:/home/alex/.m2/repository/com/google/code/findbugs/jsr305/3.0.2/jsr305-3.0.2.jar:/home/alex/.m2/repository/org/checkerframework/checker-qual/2.8.1/checker-qual-2.8.1.jar:/home/alex/.m2/repository/com/google/errorprone/error_prone_annotations/2.3.2/error_prone_annotations-2.3.2.jar:/home/alex/.m2/repository/com/google/j2objc/j2objc-annotations/1.3/j2objc-annotations-1.3.jar:/home/alex/.m2/repository/org/codehaus/mojo/animal-sniffer-annotations/1.17/animal-sniffer-annotations-1.17.jar:/home/alex/.m2/repository/org/slf4j/slf4j-api/1.7.32/slf4j-api-1.7.32.jar:/home/alex/.m2/repository/org/apache/zookeeper/zookeeper/3.5.6/zookeeper-3.5.6.jar:/home/alex/.m2/repository/org/apache/zookeeper/zookeeper-jute/3.5.6/zookeeper-jute-3.5.6.jar:/home/alex/.m2/repository/org/apache/yetus/audience-annotations/0.5.0/audience-annotations-0.5.0.jar:/home/alex/.m2/repository/io/netty/netty-handler/4.1.42.Final/netty-handler-4.1.42.Final.jar:/home/alex/.m2/repository/io/netty/netty-common/4.1.42.Final/netty-common-4.1.42.Final.jar:/home/alex/.m2/repository/io/netty/netty-buffer/4.1.42.Final/netty-buffer-4.1.42.Final.jar:/home/alex/.m2/repository/io/netty/netty-transport/4.1.42.Final/netty-transport-4.1.42.Final.jar:/home/alex/.m2/repository/io/netty/netty-resolver/4.1.42.Final/netty-resolver-4.1.42.Final.jar:/home/alex/.m2/repository/io/netty/netty-codec/4.1.42.Final/netty-codec-4.1.42.Final.jar:/home/alex/.m2/repository/io/netty/netty-transport-native-epoll/4.1.42.Final/netty-transport-native-epoll-4.1.42.Final.jar:/home/alex/.m2/repository/io/netty/netty-transport-native-unix-common/4.1.42.Final/netty-transport-native-unix-common-4.1.42.Final.jar:/home/alex/.m2/repository/com/google/code/gson/gson/2.7/gson-2.7.jar:/home/alex/.m2/repository/org/codehaus/groovy/groovy/2.5.14/groovy-2.5.14.jar:/home/alex/.m2/repository/org/codehaus/groovy/groovy-ant/2.5.14/groovy-ant-2.5.14.jar:/home/alex/.m2/repository/org/apache/ant/ant/1.9.15/ant-1.9.15.jar:/home/alex/.m2/repository/org/apache/ant/ant-junit/1.9.15/ant-junit-1.9.15.jar:/home/alex/.m2/repository/org/apache/ant/ant-launcher/1.9.15/ant-launcher-1.9.15.jar:/home/alex/.m2/repository/org/apache/ant/ant-antlr/1.9.15/ant-antlr-1.9.15.jar:/home/alex/.m2/repository/org/codehaus/groovy/groovy-cli-commons/2.5.14/groovy-cli-commons-2.5.14.jar:/home/alex/.m2/repository/org/codehaus/groovy/groovy-cli-picocli/2.5.14/groovy-cli-picocli-2.5.14.jar:/home/alex/.m2/repository/info/picocli/picocli/4.3.2/picocli-4.3.2.jar:/home/alex/.m2/repository/org/codehaus/groovy/groovy-console/2.5.14/groovy-console-2.5.14.jar:/home/alex/.m2/repository/org/codehaus/groovy/groovy-datetime/2.5.14/groovy-datetime-2.5.14.jar:/home/alex/.m2/repository/org/codehaus/groovy/groovy-docgenerator/2.5.14/groovy-docgenerator-2.5.14.jar:/home/alex/.m2/repository/com/thoughtworks/qdox/qdox/1.12.1/qdox-1.12.1.jar:/home/alex/.m2/repository/org/codehaus/groovy/groovy-groovydoc/2.5.14/groovy-groovydoc-2.5.14.jar:/home/alex/.m2/repository/org/codehaus/groovy/groovy-groovysh/2.5.14/groovy-groovysh-2.5.14.jar:/home/alex/.m2/repository/jline/jline/2.14.6/jline-2.14.6.jar:/home/alex/.m2/repository/org/codehaus/groovy/groovy-jmx/2.5.14/groovy-jmx-2.5.14.jar:/home/alex/.m2/repository/org/codehaus/groovy/groovy-json/2.5.14/groovy-json-2.5.14.jar:/home/alex/.m2/repository/org/codehaus/groovy/groovy-jsr223/2.5.14/groovy-jsr223-2.5.14.jar:/home/alex/.m2/repository/org/codehaus/groovy/groovy-macro/2.5.14/groovy-macro-2.5.14.jar:/home/alex/.m2/repository/org/codehaus/groovy/groovy-nio/2.5.14/groovy-nio-2.5.14.jar:/home/alex/.m2/repository/org/codehaus/groovy/groovy-servlet/2.5.14/groovy-servlet-2.5.14.jar:/home/alex/.m2/repository/org/codehaus/groovy/groovy-sql/2.5.14/groovy-sql-2.5.14.jar:/home/alex/.m2/repository/org/codehaus/groovy/groovy-swing/2.5.14/groovy-swing-2.5.14.jar:/home/alex/.m2/repository/org/codehaus/groovy/groovy-templates/2.5.14/groovy-templates-2.5.14.jar:/home/alex/.m2/repository/org/codehaus/groovy/groovy-test-junit5/2.5.14/groovy-test-junit5-2.5.14.jar:/home/alex/.m2/repository/org/junit/platform/junit-platform-launcher/1.7.2/junit-platform-launcher-1.7.2.jar:/home/alex/.m2/repository/org/codehaus/groovy/groovy-testng/2.5.14/groovy-testng-2.5.14.jar:/home/alex/.m2/repository/org/testng/testng/6.13.1/testng-6.13.1.jar:/home/alex/.m2/repository/com/beust/jcommander/1.72/jcommander-1.72.jar:/home/alex/.m2/repository/org/codehaus/groovy/groovy-xml/2.5.14/groovy-xml-2.5.14.jar:/home/alex/.m2/repository/org/spockframework/spock-core/1.3-groovy-2.5/spock-core-1.3-groovy-2.5.jar:/home/alex/.m2/repository/junit/junit/4.13.2/junit-4.13.2.jar:/home/alex/.m2/repository/org/hamcrest/hamcrest-core/1.3/hamcrest-core-1.3.jar:/home/alex/.m2/repository/org/apache/curator/curator-test/5.2.0/curator-test-5.2.0.jar:/home/alex/.m2/repository/io/dropwizard/metrics/metrics-core/3.2.5/metrics-core-3.2.5.jar:/home/alex/.m2/repository/org/xerial/snappy/snappy-java/1.1.7/snappy-java-1.1.7.jar:/home/alex/.m2/repository/org/apache/curator/curator-client/5.2.0/curator-client-5.2.0.jar:/home/alex/.m2/repository/org/slf4j/slf4j-simple/1.7.32/slf4j-simple-1.7.32.jar:/home/alex/.m2/repository/org/junit/jupiter/junit-jupiter-api/5.7.2/junit-jupiter-api-5.7.2.jar:/home/alex/.m2/repository/org/apiguardian/apiguardian-api/1.1.0/apiguardian-api-1.1.0.jar:/home/alex/.m2/repository/org/opentest4j/opentest4j/1.2.0/opentest4j-1.2.0.jar:/home/alex/.m2/repository/org/junit/platform/junit-platform-commons/1.7.2/junit-platform-commons-1.7.2.jar:/home/alex/.m2/repository/org/junit/jupiter/junit-jupiter-engine/5.7.2/junit-jupiter-engine-5.7.2.jar:/home/alex/.m2/repository/org/junit/platform/junit-platform-engine/1.7.2/junit-platform-engine-1.7.2.jar:/home/alex/.m2/repository/org/junit/vintage/junit-vintage-engine/5.7.2/junit-vintage-engine-5.7.2.jar:/home/alex/.m2/repository/org/junit/jupiter/junit-jupiter-params/5.7.2/junit-jupiter-params-5.7.2.jar:/home/alex/.m2/repository/org/mockito/mockito-core/3.11.2/mockito-core-3.11.2.jar:/home/alex/.m2/repository/net/bytebuddy/byte-buddy/1.11.3/byte-buddy-1.11.3.jar:/home/alex/.m2/repository/net/bytebuddy/byte-buddy-agent/1.11.3/byte-buddy-agent-1.11.3.jar:/home/alex/.m2/repository/org/objenesis/objenesis/3.2/objenesis-3.2.jar:/home/alex/.m2/repository/org/mockito/mockito-junit-jupiter/3.11.2/mockito-junit-jupiter-3.11.2.jar:/home/alex/.m2/repository/org/codehaus/groovy/groovy-test/2.5.14/groovy-test-2.5.14.jar:"/>
    <property name="java.vm.vendor" value="Private Build"/>
    <property name="nondexPrintstack" value="false"/>
    <property name="sun.arch.data.model" value="64"/>
    <property name="java.vendor.url" value="http://java.oracle.com/"/>
    <property name="user.timezone" value=""/>
    <property name="java.vm.specification.version" value="1.8"/>
    <property name="os.name" value="Linux"/>
    <property name="user.country" value="US"/>
    <property name="sun.java.launcher" value="SUN_STANDARD"/>
    <property name="sun.boot.library.path" value="/usr/lib/jvm/java-8-openjdk-amd64/jre/lib/amd64"/>
    <property name="sun.java.command" value="/home/alex/Repositories/nifi/nifi-toolkit/nifi-toolkit-zookeeper-migrator/target/surefire/surefirebooter223434817999504264.jar /home/alex/Repositories/nifi/nifi-toolkit/nifi-toolkit-zookeeper-migrator/target/surefire 2024-04-23T18-28-02_696-jvmRun1 surefire2792226569727652710tmp surefire_2096397313909103265776tmp"/>
    <property name="nondexLogging" value="CONFIG"/>
    <property name="surefire.test.class.path" value="/home/alex/Repositories/nifi/nifi-toolkit/nifi-toolkit-zookeeper-migrator/target/test-classes:/home/alex/Repositories/nifi/nifi-toolkit/nifi-toolkit-zookeeper-migrator/target/classes:/home/alex/.m2/repository/commons-cli/commons-cli/1.4/commons-cli-1.4.jar:/home/alex/.m2/repository/com/google/guava/guava/28.0-jre/guava-28.0-jre.jar:/home/alex/.m2/repository/com/google/guava/failureaccess/1.0.1/failureaccess-1.0.1.jar:/home/alex/.m2/repository/com/google/guava/listenablefuture/9999.0-empty-to-avoid-conflict-with-guava/listenablefuture-9999.0-empty-to-avoid-conflict-with-guava.jar:/home/alex/.m2/repository/com/google/code/findbugs/jsr305/3.0.2/jsr305-3.0.2.jar:/home/alex/.m2/repository/org/checkerframework/checker-qual/2.8.1/checker-qual-2.8.1.jar:/home/alex/.m2/repository/com/google/errorprone/error_prone_annotations/2.3.2/error_prone_annotations-2.3.2.jar:/home/alex/.m2/repository/com/google/j2objc/j2objc-annotations/1.3/j2objc-annotations-1.3.jar:/home/alex/.m2/repository/org/codehaus/mojo/animal-sniffer-annotations/1.17/animal-sniffer-annotations-1.17.jar:/home/alex/.m2/repository/org/slf4j/slf4j-api/1.7.32/slf4j-api-1.7.32.jar:/home/alex/.m2/repository/org/apache/zookeeper/zookeeper/3.5.6/zookeeper-3.5.6.jar:/home/alex/.m2/repository/org/apache/zookeeper/zookeeper-jute/3.5.6/zookeeper-jute-3.5.6.jar:/home/alex/.m2/repository/org/apache/yetus/audience-annotations/0.5.0/audience-annotations-0.5.0.jar:/home/alex/.m2/repository/io/netty/netty-handler/4.1.42.Final/netty-handler-4.1.42.Final.jar:/home/alex/.m2/repository/io/netty/netty-common/4.1.42.Final/netty-common-4.1.42.Final.jar:/home/alex/.m2/repository/io/netty/netty-buffer/4.1.42.Final/netty-buffer-4.1.42.Final.jar:/home/alex/.m2/repository/io/netty/netty-transport/4.1.42.Final/netty-transport-4.1.42.Final.jar:/home/alex/.m2/repository/io/netty/netty-resolver/4.1.42.Final/netty-resolver-4.1.42.Final.jar:/home/alex/.m2/repository/io/netty/netty-codec/4.1.42.Final/netty-codec-4.1.42.Final.jar:/home/alex/.m2/repository/io/netty/netty-transport-native-epoll/4.1.42.Final/netty-transport-native-epoll-4.1.42.Final.jar:/home/alex/.m2/repository/io/netty/netty-transport-native-unix-common/4.1.42.Final/netty-transport-native-unix-common-4.1.42.Final.jar:/home/alex/.m2/repository/com/google/code/gson/gson/2.7/gson-2.7.jar:/home/alex/.m2/repository/org/codehaus/groovy/groovy/2.5.14/groovy-2.5.14.jar:/home/alex/.m2/repository/org/codehaus/groovy/groovy-ant/2.5.14/groovy-ant-2.5.14.jar:/home/alex/.m2/repository/org/apache/ant/ant/1.9.15/ant-1.9.15.jar:/home/alex/.m2/repository/org/apache/ant/ant-junit/1.9.15/ant-junit-1.9.15.jar:/home/alex/.m2/repository/org/apache/ant/ant-launcher/1.9.15/ant-launcher-1.9.15.jar:/home/alex/.m2/repository/org/apache/ant/ant-antlr/1.9.15/ant-antlr-1.9.15.jar:/home/alex/.m2/repository/org/codehaus/groovy/groovy-cli-commons/2.5.14/groovy-cli-commons-2.5.14.jar:/home/alex/.m2/repository/org/codehaus/groovy/groovy-cli-picocli/2.5.14/groovy-cli-picocli-2.5.14.jar:/home/alex/.m2/repository/info/picocli/picocli/4.3.2/picocli-4.3.2.jar:/home/alex/.m2/repository/org/codehaus/groovy/groovy-console/2.5.14/groovy-console-2.5.14.jar:/home/alex/.m2/repository/org/codehaus/groovy/groovy-datetime/2.5.14/groovy-datetime-2.5.14.jar:/home/alex/.m2/repository/org/codehaus/groovy/groovy-docgenerator/2.5.14/groovy-docgenerator-2.5.14.jar:/home/alex/.m2/repository/com/thoughtworks/qdox/qdox/1.12.1/qdox-1.12.1.jar:/home/alex/.m2/repository/org/codehaus/groovy/groovy-groovydoc/2.5.14/groovy-groovydoc-2.5.14.jar:/home/alex/.m2/repository/org/codehaus/groovy/groovy-groovysh/2.5.14/groovy-groovysh-2.5.14.jar:/home/alex/.m2/repository/jline/jline/2.14.6/jline-2.14.6.jar:/home/alex/.m2/repository/org/codehaus/groovy/groovy-jmx/2.5.14/groovy-jmx-2.5.14.jar:/home/alex/.m2/repository/org/codehaus/groovy/groovy-json/2.5.14/groovy-json-2.5.14.jar:/home/alex/.m2/repository/org/codehaus/groovy/groovy-jsr223/2.5.14/groovy-jsr223-2.5.14.jar:/home/alex/.m2/repository/org/codehaus/groovy/groovy-macro/2.5.14/groovy-macro-2.5.14.jar:/home/alex/.m2/repository/org/codehaus/groovy/groovy-nio/2.5.14/groovy-nio-2.5.14.jar:/home/alex/.m2/repository/org/codehaus/groovy/groovy-servlet/2.5.14/groovy-servlet-2.5.14.jar:/home/alex/.m2/repository/org/codehaus/groovy/groovy-sql/2.5.14/groovy-sql-2.5.14.jar:/home/alex/.m2/repository/org/codehaus/groovy/groovy-swing/2.5.14/groovy-swing-2.5.14.jar:/home/alex/.m2/repository/org/codehaus/groovy/groovy-templates/2.5.14/groovy-templates-2.5.14.jar:/home/alex/.m2/repository/org/codehaus/groovy/groovy-test-junit5/2.5.14/groovy-test-junit5-2.5.14.jar:/home/alex/.m2/repository/org/junit/platform/junit-platform-launcher/1.7.2/junit-platform-launcher-1.7.2.jar:/home/alex/.m2/repository/org/codehaus/groovy/groovy-testng/2.5.14/groovy-testng-2.5.14.jar:/home/alex/.m2/repository/org/testng/testng/6.13.1/testng-6.13.1.jar:/home/alex/.m2/repository/com/beust/jcommander/1.72/jcommander-1.72.jar:/home/alex/.m2/repository/org/codehaus/groovy/groovy-xml/2.5.14/groovy-xml-2.5.14.jar:/home/alex/.m2/repository/org/spockframework/spock-core/1.3-groovy-2.5/spock-core-1.3-groovy-2.5.jar:/home/alex/.m2/repository/junit/junit/4.13.2/junit-4.13.2.jar:/home/alex/.m2/repository/org/hamcrest/hamcrest-core/1.3/hamcrest-core-1.3.jar:/home/alex/.m2/repository/org/apache/curator/curator-test/5.2.0/curator-test-5.2.0.jar:/home/alex/.m2/repository/io/dropwizard/metrics/metrics-core/3.2.5/metrics-core-3.2.5.jar:/home/alex/.m2/repository/org/xerial/snappy/snappy-java/1.1.7/snappy-java-1.1.7.jar:/home/alex/.m2/repository/org/apache/curator/curator-client/5.2.0/curator-client-5.2.0.jar:/home/alex/.m2/repository/org/slf4j/slf4j-simple/1.7.32/slf4j-simple-1.7.32.jar:/home/alex/.m2/repository/org/junit/jupiter/junit-jupiter-api/5.7.2/junit-jupiter-api-5.7.2.jar:/home/alex/.m2/repository/org/apiguardian/apiguardian-api/1.1.0/apiguardian-api-1.1.0.jar:/home/alex/.m2/repository/org/opentest4j/opentest4j/1.2.0/opentest4j-1.2.0.jar:/home/alex/.m2/repository/org/junit/platform/junit-platform-commons/1.7.2/junit-platform-commons-1.7.2.jar:/home/alex/.m2/repository/org/junit/jupiter/junit-jupiter-engine/5.7.2/junit-jupiter-engine-5.7.2.jar:/home/alex/.m2/repository/org/junit/platform/junit-platform-engine/1.7.2/junit-platform-engine-1.7.2.jar:/home/alex/.m2/repository/org/junit/vintage/junit-vintage-engine/5.7.2/junit-vintage-engine-5.7.2.jar:/home/alex/.m2/repository/org/junit/jupiter/junit-jupiter-params/5.7.2/junit-jupiter-params-5.7.2.jar:/home/alex/.m2/repository/org/mockito/mockito-core/3.11.2/mockito-core-3.11.2.jar:/home/alex/.m2/repository/net/bytebuddy/byte-buddy/1.11.3/byte-buddy-1.11.3.jar:/home/alex/.m2/repository/net/bytebuddy/byte-buddy-agent/1.11.3/byte-buddy-agent-1.11.3.jar:/home/alex/.m2/repository/org/objenesis/objenesis/3.2/objenesis-3.2.jar:/home/alex/.m2/repository/org/mockito/mockito-junit-jupiter/3.11.2/mockito-junit-jupiter-3.11.2.jar:/home/alex/.m2/repository/org/codehaus/groovy/groovy-test/2.5.14/groovy-test-2.5.14.jar:"/>
    <property name="nondexExecid" value="UjAtu22fhssWl48+6uDLI31JY8k9XnJKDLSNc4ebXhA="/>
    <property name="sun.cpu.endian" value="little"/>
    <property name="user.home" value="/home/alex"/>
    <property name="user.language" value="en"/>
    <property name="java.specification.vendor" value="Oracle Corporation"/>
    <property name="java.home" value="/usr/lib/jvm/java-8-openjdk-amd64/jre"/>
    <property name="file.separator" value="/"/>
    <property name="basedir" value="/home/alex/Repositories/nifi/nifi-toolkit/nifi-toolkit-zookeeper-migrator"/>
    <property name="nondexEnd" value="9223372036854775807"/>
    <property name="line.separator" value="&#10;"/>
    <property name="java.vm.specification.vendor" value="Oracle Corporation"/>
    <property name="java.specification.name" value="Java Platform API Specification"/>
    <property name="java.awt.graphicsenv" value="sun.awt.X11GraphicsEnvironment"/>
    <property name="java.awt.headless" value="true"/>
    <property name="nondexFilter" value=".*"/>
    <property name="nondexSeed" value="933178"/>
    <property name="surefire.real.class.path" value="/home/alex/Repositories/nifi/nifi-toolkit/nifi-toolkit-zookeeper-migrator/target/surefire/surefirebooter223434817999504264.jar"/>
    <property name="sun.boot.class.path" value="/home/alex/Repositories/nifi/nifi-toolkit/nifi-toolkit-zookeeper-migrator/.nondex/nondex-instr.jar:/home/alex/.m2/repository/edu/illinois/nondex-common/2.1.7/nondex-common-2.1.7.jar:/home/alex/.m2/repository/edu/illinois/nondex-annotations/2.1.7/nondex-annotations-2.1.7.jar:/usr/lib/jvm/java-8-openjdk-amd64/jre/lib/resources.jar:/usr/lib/jvm/java-8-openjdk-amd64/jre/lib/rt.jar:/usr/lib/jvm/java-8-openjdk-amd64/jre/lib/sunrsasign.jar:/usr/lib/jvm/java-8-openjdk-amd64/jre/lib/jsse.jar:/usr/lib/jvm/java-8-openjdk-amd64/jre/lib/jce.jar:/usr/lib/jvm/java-8-openjdk-amd64/jre/lib/charsets.jar:/usr/lib/jvm/java-8-openjdk-amd64/jre/lib/jfr.jar:/usr/lib/jvm/java-8-openjdk-amd64/jre/classes"/>
    <property name="sun.management.compiler" value="HotSpot 64-Bit Tiered Compilers"/>
    <property name="java.runtime.version" value="1.8.0_402-8u402-ga-2ubuntu1~22.04-b06"/>
    <property name="user.name" value="alex"/>
    <property name="java.net.preferIPv4Stack" value="true"/>
    <property name="zookeeper.jmx.log4j.disable" value="true"/>
    <property name="path.separator" value=":"/>
    <property name="os.version" value="6.5.0-28-generic"/>
    <property name="java.endorsed.dirs" value="/usr/lib/jvm/java-8-openjdk-amd64/jre/lib/endorsed"/>
    <property name="java.runtime.name" value="OpenJDK Runtime Environment"/>
    <property name="file.encoding" value="UTF-8"/>
    <property name="java.vm.name" value="OpenJDK 64-Bit Server VM"/>
    <property name="localRepository" value="/home/alex/.m2/repository"/>
    <property name="nondexDir" value="/home/alex/Repositories/nifi/nifi-toolkit/nifi-toolkit-zookeeper-migrator/.nondex"/>
    <property name="nondexJarDir" value="/home/alex/Repositories/nifi/nifi-toolkit/nifi-toolkit-zookeeper-migrator/.nondex"/>
    <property name="java.vendor.url.bug" value="http://bugreport.sun.com/bugreport/"/>
    <property name="java.io.tmpdir" value="/tmp"/>
    <property name="java.version" value="1.8.0_402"/>
    <property name="user.dir" value="/home/alex/Repositories/nifi/nifi-toolkit/nifi-toolkit-zookeeper-migrator"/>
    <property name="os.arch" value="amd64"/>
    <property name="nondexMode" value="FULL"/>
    <property name="java.vm.specification.name" value="Java Virtual Machine Specification"/>
    <property name="java.awt.printerjob" value="sun.print.PSPrinterJob"/>
    <property name="sun.os.patch.level" value="unknown"/>
    <property name="java.library.path" value="/usr/java/packages/lib/amd64:/usr/lib/x86_64-linux-gnu/jni:/lib/x86_64-linux-gnu:/usr/lib/x86_64-linux-gnu:/usr/lib/jni:/lib:/usr/lib"/>
    <property name="java.vm.info" value="mixed mode"/>
    <property name="java.vendor" value="Private Build"/>
    <property name="java.vm.version" value="25.402-b06"/>
    <property name="java.specification.maintenance.version" value="5"/>
    <property name="sun.io.unicode.encoding" value="UnicodeLittle"/>
    <property name="java.ext.dirs" value="/usr/lib/jvm/java-8-openjdk-amd64/jre/lib/ext:/usr/java/packages/lib/ext"/>
    <property name="java.class.version" value="52.0"/>
  </properties>
  <testcase name="" classname="org.apache.nifi.toolkit.zkmigrator.ZooKeeperMigratorTest" time="0.138">
    <system-err><![CDATA[The option 'k' was specified but an option from this group has already been selected: 'a'

usage: org.apache.nifi.toolkit.zkmigrator.ZooKeeperMigratorMain [-a <username:password> | -k <jaas-filename>] [-f <filename>] [-h] [--ignore-source]  -r | -s
       [--use-existing-acl] -z <zookeeper-endpoint>

A tool for importing and exporting data from ZooKeeper.

 -a,--auth <username:password>      username and password for the given ZooKeeper path
 -f,--file <filename>               file to be used for ZooKeeper data
 -h,--help                          display help/usage info
    --ignore-source                 ignores the source ZooKeeper endpoint specified in the exported data
 -k,--krb-conf <jaas-filename>      JAAS file containing Kerberos config
 -r,--receive                       receives data from zookeeper and writes to the given filename or standard output
 -s,--send                          sends data to zookeeper read from the given filename or standard input
    --use-existing-acl              allow write of existing acl data to destination
 -z,--zookeeper <zookeeper-endpoint>ZooKeeper endpoint string (ex. host:port/path)

Java home: null
NiFi Toolkit home: null
]]></system-err>
  </testcase>
  <testcase name="" classname="org.apache.nifi.toolkit.zkmigrator.ZooKeeperMigratorTest" time="0">
    <skipped message="&lt;unknown&gt;"/>
  </testcase>
  <testcase name="" classname="org.apache.nifi.toolkit.zkmigrator.ZooKeeperMigratorTest" time="0.586">
    <system-err><![CDATA[[Thread-3] INFO org.apache.zookeeper.server.quorum.QuorumPeerConfig - clientPortAddress is 0.0.0.0/0.0.0.0:43485
[Thread-3] INFO org.apache.zookeeper.server.quorum.QuorumPeerConfig - secureClientPort is not set
[Thread-3] INFO org.apache.curator.test.TestingZooKeeperMain - Starting server
[Thread-3] INFO org.apache.zookeeper.server.persistence.FileTxnSnapLog - zookeeper.snapshot.trust.empty : false
[Thread-3] INFO org.apache.zookeeper.server.ZooKeeperServer - Server environment:zookeeper.version=3.5.6-c11b7e26bc554b8523dc929761dd28808913f091, built on 10/08/2019 20:18 GMT
[Thread-3] INFO org.apache.zookeeper.server.ZooKeeperServer - Server environment:host.name=Lenovo-Bot
[Thread-3] INFO org.apache.zookeeper.server.ZooKeeperServer - Server environment:java.version=1.8.0_402
[Thread-3] INFO org.apache.zookeeper.server.ZooKeeperServer - Server environment:java.vendor=Private Build
[Thread-3] INFO org.apache.zookeeper.server.ZooKeeperServer - Server environment:java.home=/usr/lib/jvm/java-8-openjdk-amd64/jre
[Thread-3] INFO org.apache.zookeeper.server.ZooKeeperServer - Server environment:java.class.path=/home/alex/Repositories/nifi/nifi-toolkit/nifi-toolkit-zookeeper-migrator/target/test-classes:/home/alex/Repositories/nifi/nifi-toolkit/nifi-toolkit-zookeeper-migrator/target/classes:/home/alex/.m2/repository/commons-cli/commons-cli/1.4/commons-cli-1.4.jar:/home/alex/.m2/repository/com/google/guava/guava/28.0-jre/guava-28.0-jre.jar:/home/alex/.m2/repository/com/google/guava/failureaccess/1.0.1/failureaccess-1.0.1.jar:/home/alex/.m2/repository/com/google/guava/listenablefuture/9999.0-empty-to-avoid-conflict-with-guava/listenablefuture-9999.0-empty-to-avoid-conflict-with-guava.jar:/home/alex/.m2/repository/com/google/code/findbugs/jsr305/3.0.2/jsr305-3.0.2.jar:/home/alex/.m2/repository/org/checkerframework/checker-qual/2.8.1/checker-qual-2.8.1.jar:/home/alex/.m2/repository/com/google/errorprone/error_prone_annotations/2.3.2/error_prone_annotations-2.3.2.jar:/home/alex/.m2/repository/com/google/j2objc/j2objc-annotations/1.3/j2objc-annotations-1.3.jar:/home/alex/.m2/repository/org/codehaus/mojo/animal-sniffer-annotations/1.17/animal-sniffer-annotations-1.17.jar:/home/alex/.m2/repository/org/slf4j/slf4j-api/1.7.32/slf4j-api-1.7.32.jar:/home/alex/.m2/repository/org/apache/zookeeper/zookeeper/3.5.6/zookeeper-3.5.6.jar:/home/alex/.m2/repository/org/apache/zookeeper/zookeeper-jute/3.5.6/zookeeper-jute-3.5.6.jar:/home/alex/.m2/repository/org/apache/yetus/audience-annotations/0.5.0/audience-annotations-0.5.0.jar:/home/alex/.m2/repository/io/netty/netty-handler/4.1.42.Final/netty-handler-4.1.42.Final.jar:/home/alex/.m2/repository/io/netty/netty-common/4.1.42.Final/netty-common-4.1.42.Final.jar:/home/alex/.m2/repository/io/netty/netty-buffer/4.1.42.Final/netty-buffer-4.1.42.Final.jar:/home/alex/.m2/repository/io/netty/netty-transport/4.1.42.Final/netty-transport-4.1.42.Final.jar:/home/alex/.m2/repository/io/netty/netty-resolver/4.1.42.Final/netty-resolver-4.1.42.Final.jar:/home/alex/.m2/repository/io/netty/netty-codec/4.1.42.Final/netty-codec-4.1.42.Final.jar:/home/alex/.m2/repository/io/netty/netty-transport-native-epoll/4.1.42.Final/netty-transport-native-epoll-4.1.42.Final.jar:/home/alex/.m2/repository/io/netty/netty-transport-native-unix-common/4.1.42.Final/netty-transport-native-unix-common-4.1.42.Final.jar:/home/alex/.m2/repository/com/google/code/gson/gson/2.7/gson-2.7.jar:/home/alex/.m2/repository/org/codehaus/groovy/groovy/2.5.14/groovy-2.5.14.jar:/home/alex/.m2/repository/org/codehaus/groovy/groovy-ant/2.5.14/groovy-ant-2.5.14.jar:/home/alex/.m2/repository/org/apache/ant/ant/1.9.15/ant-1.9.15.jar:/home/alex/.m2/repository/org/apache/ant/ant-junit/1.9.15/ant-junit-1.9.15.jar:/home/alex/.m2/repository/org/apache/ant/ant-launcher/1.9.15/ant-launcher-1.9.15.jar:/home/alex/.m2/repository/org/apache/ant/ant-antlr/1.9.15/ant-antlr-1.9.15.jar:/home/alex/.m2/repository/org/codehaus/groovy/groovy-cli-commons/2.5.14/groovy-cli-commons-2.5.14.jar:/home/alex/.m2/repository/org/codehaus/groovy/groovy-cli-picocli/2.5.14/groovy-cli-picocli-2.5.14.jar:/home/alex/.m2/repository/info/picocli/picocli/4.3.2/picocli-4.3.2.jar:/home/alex/.m2/repository/org/codehaus/groovy/groovy-console/2.5.14/groovy-console-2.5.14.jar:/home/alex/.m2/repository/org/codehaus/groovy/groovy-datetime/2.5.14/groovy-datetime-2.5.14.jar:/home/alex/.m2/repository/org/codehaus/groovy/groovy-docgenerator/2.5.14/groovy-docgenerator-2.5.14.jar:/home/alex/.m2/repository/com/thoughtworks/qdox/qdox/1.12.1/qdox-1.12.1.jar:/home/alex/.m2/repository/org/codehaus/groovy/groovy-groovydoc/2.5.14/groovy-groovydoc-2.5.14.jar:/home/alex/.m2/repository/org/codehaus/groovy/groovy-groovysh/2.5.14/groovy-groovysh-2.5.14.jar:/home/alex/.m2/repository/jline/jline/2.14.6/jline-2.14.6.jar:/home/alex/.m2/repository/org/codehaus/groovy/groovy-jmx/2.5.14/groovy-jmx-2.5.14.jar:/home/alex/.m2/repository/org/codehaus/groovy/groovy-json/2.5.14/groovy-json-2.5.14.jar:/home/alex/.m2/repository/org/codehaus/groovy/groovy-jsr223/2.5.14/groovy-jsr223-2.5.14.jar:/home/alex/.m2/repository/org/codehaus/groovy/groovy-macro/2.5.14/groovy-macro-2.5.14.jar:/home/alex/.m2/repository/org/codehaus/groovy/groovy-nio/2.5.14/groovy-nio-2.5.14.jar:/home/alex/.m2/repository/org/codehaus/groovy/groovy-servlet/2.5.14/groovy-servlet-2.5.14.jar:/home/alex/.m2/repository/org/codehaus/groovy/groovy-sql/2.5.14/groovy-sql-2.5.14.jar:/home/alex/.m2/repository/org/codehaus/groovy/groovy-swing/2.5.14/groovy-swing-2.5.14.jar:/home/alex/.m2/repository/org/codehaus/groovy/groovy-templates/2.5.14/groovy-templates-2.5.14.jar:/home/alex/.m2/repository/org/codehaus/groovy/groovy-test-junit5/2.5.14/groovy-test-junit5-2.5.14.jar:/home/alex/.m2/repository/org/junit/platform/junit-platform-launcher/1.7.2/junit-platform-launcher-1.7.2.jar:/home/alex/.m2/repository/org/codehaus/groovy/groovy-testng/2.5.14/groovy-testng-2.5.14.jar:/home/alex/.m2/repository/org/testng/testng/6.13.1/testng-6.13.1.jar:/home/alex/.m2/repository/com/beust/jcommander/1.72/jcommander-1.72.jar:/home/alex/.m2/repository/org/codehaus/groovy/groovy-xml/2.5.14/groovy-xml-2.5.14.jar:/home/alex/.m2/repository/org/spockframework/spock-core/1.3-groovy-2.5/spock-core-1.3-groovy-2.5.jar:/home/alex/.m2/repository/junit/junit/4.13.2/junit-4.13.2.jar:/home/alex/.m2/repository/org/hamcrest/hamcrest-core/1.3/hamcrest-core-1.3.jar:/home/alex/.m2/repository/org/apache/curator/curator-test/5.2.0/curator-test-5.2.0.jar:/home/alex/.m2/repository/io/dropwizard/metrics/metrics-core/3.2.5/metrics-core-3.2.5.jar:/home/alex/.m2/repository/org/xerial/snappy/snappy-java/1.1.7/snappy-java-1.1.7.jar:/home/alex/.m2/repository/org/apache/curator/curator-client/5.2.0/curator-client-5.2.0.jar:/home/alex/.m2/repository/org/slf4j/slf4j-simple/1.7.32/slf4j-simple-1.7.32.jar:/home/alex/.m2/repository/org/junit/jupiter/junit-jupiter-api/5.7.2/junit-jupiter-api-5.7.2.jar:/home/alex/.m2/repository/org/apiguardian/apiguardian-api/1.1.0/apiguardian-api-1.1.0.jar:/home/alex/.m2/repository/org/opentest4j/opentest4j/1.2.0/opentest4j-1.2.0.jar:/home/alex/.m2/repository/org/junit/platform/junit-platform-commons/1.7.2/junit-platform-commons-1.7.2.jar:/home/alex/.m2/repository/org/junit/jupiter/junit-jupiter-engine/5.7.2/junit-jupiter-engine-5.7.2.jar:/home/alex/.m2/repository/org/junit/platform/junit-platform-engine/1.7.2/junit-platform-engine-1.7.2.jar:/home/alex/.m2/repository/org/junit/vintage/junit-vintage-engine/5.7.2/junit-vintage-engine-5.7.2.jar:/home/alex/.m2/repository/org/junit/jupiter/junit-jupiter-params/5.7.2/junit-jupiter-params-5.7.2.jar:/home/alex/.m2/repository/org/mockito/mockito-core/3.11.2/mockito-core-3.11.2.jar:/home/alex/.m2/repository/net/bytebuddy/byte-buddy/1.11.3/byte-buddy-1.11.3.jar:/home/alex/.m2/repository/net/bytebuddy/byte-buddy-agent/1.11.3/byte-buddy-agent-1.11.3.jar:/home/alex/.m2/repository/org/objenesis/objenesis/3.2/objenesis-3.2.jar:/home/alex/.m2/repository/org/mockito/mockito-junit-jupiter/3.11.2/mockito-junit-jupiter-3.11.2.jar:/home/alex/.m2/repository/org/codehaus/groovy/groovy-test/2.5.14/groovy-test-2.5.14.jar:
[Thread-3] INFO org.apache.zookeeper.server.ZooKeeperServer - Server environment:java.library.path=/usr/java/packages/lib/amd64:/usr/lib/x86_64-linux-gnu/jni:/lib/x86_64-linux-gnu:/usr/lib/x86_64-linux-gnu:/usr/lib/jni:/lib:/usr/lib
[Thread-3] INFO org.apache.zookeeper.server.ZooKeeperServer - Server environment:java.io.tmpdir=/tmp
[Thread-3] INFO org.apache.zookeeper.server.ZooKeeperServer - Server environment:java.compiler=<NA>
[Thread-3] INFO org.apache.zookeeper.server.ZooKeeperServer - Server environment:os.name=Linux
[Thread-3] INFO org.apache.zookeeper.server.ZooKeeperServer - Server environment:os.arch=amd64
[Thread-3] INFO org.apache.zookeeper.server.ZooKeeperServer - Server environment:os.version=6.5.0-28-generic
[Thread-3] INFO org.apache.zookeeper.server.ZooKeeperServer - Server environment:user.name=alex
[Thread-3] INFO org.apache.zookeeper.server.ZooKeeperServer - Server environment:user.home=/home/alex
[Thread-3] INFO org.apache.zookeeper.server.ZooKeeperServer - Server environment:user.dir=/home/alex/Repositories/nifi/nifi-toolkit/nifi-toolkit-zookeeper-migrator
[Thread-3] INFO org.apache.zookeeper.server.ZooKeeperServer - Server environment:os.memory.free=185MB
[Thread-3] INFO org.apache.zookeeper.server.ZooKeeperServer - Server environment:os.memory.max=910MB
[Thread-3] INFO org.apache.zookeeper.server.ZooKeeperServer - Server environment:os.memory.total=240MB
[Thread-3] INFO org.apache.zookeeper.server.ZooKeeperServer - tickTime set to 1000
[Thread-3] INFO org.apache.zookeeper.server.ZooKeeperServer - minSessionTimeout set to 1000
[Thread-3] INFO org.apache.zookeeper.server.ZooKeeperServer - maxSessionTimeout set to 20000
[Thread-3] INFO org.apache.zookeeper.server.ServerCnxnFactory - Using org.apache.zookeeper.server.NIOServerCnxnFactory as server connection factory
[Thread-3] INFO org.apache.zookeeper.server.NIOServerCnxnFactory - Configuring NIO connection handler with 10s sessionless connection timeout, 2 selector thread(s), 16 worker threads, and 64 kB direct buffers.
[Thread-3] INFO org.apache.zookeeper.server.NIOServerCnxnFactory - binding to port 0.0.0.0/0.0.0.0:43485
[Thread-3] INFO org.apache.zookeeper.server.ZKDatabase - zookeeper.snapshotSizeFactor = 0.33
[Thread-3] INFO org.apache.zookeeper.server.persistence.FileTxnSnapLog - Snapshotting: 0x0 to /tmp/1713894349231-0/version-2/snapshot.0
[Thread-3] INFO org.apache.zookeeper.server.persistence.FileTxnSnapLog - Snapshotting: 0x0 to /tmp/1713894349231-0/version-2/snapshot.0
[Thread-3] INFO org.apache.zookeeper.server.ContainerManager - Using checkIntervalMs=60000 maxPerMinute=10000
[main] INFO org.apache.zookeeper.ZooKeeper - Client environment:zookeeper.version=3.5.6-c11b7e26bc554b8523dc929761dd28808913f091, built on 10/08/2019 20:18 GMT
[main] INFO org.apache.zookeeper.ZooKeeper - Client environment:host.name=Lenovo-Bot
[main] INFO org.apache.zookeeper.ZooKeeper - Client environment:java.version=1.8.0_402
[main] INFO org.apache.zookeeper.ZooKeeper - Client environment:java.vendor=Private Build
[main] INFO org.apache.zookeeper.ZooKeeper - Client environment:java.home=/usr/lib/jvm/java-8-openjdk-amd64/jre
[main] INFO org.apache.zookeeper.ZooKeeper - Client environment:java.class.path=/home/alex/Repositories/nifi/nifi-toolkit/nifi-toolkit-zookeeper-migrator/target/test-classes:/home/alex/Repositories/nifi/nifi-toolkit/nifi-toolkit-zookeeper-migrator/target/classes:/home/alex/.m2/repository/commons-cli/commons-cli/1.4/commons-cli-1.4.jar:/home/alex/.m2/repository/com/google/guava/guava/28.0-jre/guava-28.0-jre.jar:/home/alex/.m2/repository/com/google/guava/failureaccess/1.0.1/failureaccess-1.0.1.jar:/home/alex/.m2/repository/com/google/guava/listenablefuture/9999.0-empty-to-avoid-conflict-with-guava/listenablefuture-9999.0-empty-to-avoid-conflict-with-guava.jar:/home/alex/.m2/repository/com/google/code/findbugs/jsr305/3.0.2/jsr305-3.0.2.jar:/home/alex/.m2/repository/org/checkerframework/checker-qual/2.8.1/checker-qual-2.8.1.jar:/home/alex/.m2/repository/com/google/errorprone/error_prone_annotations/2.3.2/error_prone_annotations-2.3.2.jar:/home/alex/.m2/repository/com/google/j2objc/j2objc-annotations/1.3/j2objc-annotations-1.3.jar:/home/alex/.m2/repository/org/codehaus/mojo/animal-sniffer-annotations/1.17/animal-sniffer-annotations-1.17.jar:/home/alex/.m2/repository/org/slf4j/slf4j-api/1.7.32/slf4j-api-1.7.32.jar:/home/alex/.m2/repository/org/apache/zookeeper/zookeeper/3.5.6/zookeeper-3.5.6.jar:/home/alex/.m2/repository/org/apache/zookeeper/zookeeper-jute/3.5.6/zookeeper-jute-3.5.6.jar:/home/alex/.m2/repository/org/apache/yetus/audience-annotations/0.5.0/audience-annotations-0.5.0.jar:/home/alex/.m2/repository/io/netty/netty-handler/4.1.42.Final/netty-handler-4.1.42.Final.jar:/home/alex/.m2/repository/io/netty/netty-common/4.1.42.Final/netty-common-4.1.42.Final.jar:/home/alex/.m2/repository/io/netty/netty-buffer/4.1.42.Final/netty-buffer-4.1.42.Final.jar:/home/alex/.m2/repository/io/netty/netty-transport/4.1.42.Final/netty-transport-4.1.42.Final.jar:/home/alex/.m2/repository/io/netty/netty-resolver/4.1.42.Final/netty-resolver-4.1.42.Final.jar:/home/alex/.m2/repository/io/netty/netty-codec/4.1.42.Final/netty-codec-4.1.42.Final.jar:/home/alex/.m2/repository/io/netty/netty-transport-native-epoll/4.1.42.Final/netty-transport-native-epoll-4.1.42.Final.jar:/home/alex/.m2/repository/io/netty/netty-transport-native-unix-common/4.1.42.Final/netty-transport-native-unix-common-4.1.42.Final.jar:/home/alex/.m2/repository/com/google/code/gson/gson/2.7/gson-2.7.jar:/home/alex/.m2/repository/org/codehaus/groovy/groovy/2.5.14/groovy-2.5.14.jar:/home/alex/.m2/repository/org/codehaus/groovy/groovy-ant/2.5.14/groovy-ant-2.5.14.jar:/home/alex/.m2/repository/org/apache/ant/ant/1.9.15/ant-1.9.15.jar:/home/alex/.m2/repository/org/apache/ant/ant-junit/1.9.15/ant-junit-1.9.15.jar:/home/alex/.m2/repository/org/apache/ant/ant-launcher/1.9.15/ant-launcher-1.9.15.jar:/home/alex/.m2/repository/org/apache/ant/ant-antlr/1.9.15/ant-antlr-1.9.15.jar:/home/alex/.m2/repository/org/codehaus/groovy/groovy-cli-commons/2.5.14/groovy-cli-commons-2.5.14.jar:/home/alex/.m2/repository/org/codehaus/groovy/groovy-cli-picocli/2.5.14/groovy-cli-picocli-2.5.14.jar:/home/alex/.m2/repository/info/picocli/picocli/4.3.2/picocli-4.3.2.jar:/home/alex/.m2/repository/org/codehaus/groovy/groovy-console/2.5.14/groovy-console-2.5.14.jar:/home/alex/.m2/repository/org/codehaus/groovy/groovy-datetime/2.5.14/groovy-datetime-2.5.14.jar:/home/alex/.m2/repository/org/codehaus/groovy/groovy-docgenerator/2.5.14/groovy-docgenerator-2.5.14.jar:/home/alex/.m2/repository/com/thoughtworks/qdox/qdox/1.12.1/qdox-1.12.1.jar:/home/alex/.m2/repository/org/codehaus/groovy/groovy-groovydoc/2.5.14/groovy-groovydoc-2.5.14.jar:/home/alex/.m2/repository/org/codehaus/groovy/groovy-groovysh/2.5.14/groovy-groovysh-2.5.14.jar:/home/alex/.m2/repository/jline/jline/2.14.6/jline-2.14.6.jar:/home/alex/.m2/repository/org/codehaus/groovy/groovy-jmx/2.5.14/groovy-jmx-2.5.14.jar:/home/alex/.m2/repository/org/codehaus/groovy/groovy-json/2.5.14/groovy-json-2.5.14.jar:/home/alex/.m2/repository/org/codehaus/groovy/groovy-jsr223/2.5.14/groovy-jsr223-2.5.14.jar:/home/alex/.m2/repository/org/codehaus/groovy/groovy-macro/2.5.14/groovy-macro-2.5.14.jar:/home/alex/.m2/repository/org/codehaus/groovy/groovy-nio/2.5.14/groovy-nio-2.5.14.jar:/home/alex/.m2/repository/org/codehaus/groovy/groovy-servlet/2.5.14/groovy-servlet-2.5.14.jar:/home/alex/.m2/repository/org/codehaus/groovy/groovy-sql/2.5.14/groovy-sql-2.5.14.jar:/home/alex/.m2/repository/org/codehaus/groovy/groovy-swing/2.5.14/groovy-swing-2.5.14.jar:/home/alex/.m2/repository/org/codehaus/groovy/groovy-templates/2.5.14/groovy-templates-2.5.14.jar:/home/alex/.m2/repository/org/codehaus/groovy/groovy-test-junit5/2.5.14/groovy-test-junit5-2.5.14.jar:/home/alex/.m2/repository/org/junit/platform/junit-platform-launcher/1.7.2/junit-platform-launcher-1.7.2.jar:/home/alex/.m2/repository/org/codehaus/groovy/groovy-testng/2.5.14/groovy-testng-2.5.14.jar:/home/alex/.m2/repository/org/testng/testng/6.13.1/testng-6.13.1.jar:/home/alex/.m2/repository/com/beust/jcommander/1.72/jcommander-1.72.jar:/home/alex/.m2/repository/org/codehaus/groovy/groovy-xml/2.5.14/groovy-xml-2.5.14.jar:/home/alex/.m2/repository/org/spockframework/spock-core/1.3-groovy-2.5/spock-core-1.3-groovy-2.5.jar:/home/alex/.m2/repository/junit/junit/4.13.2/junit-4.13.2.jar:/home/alex/.m2/repository/org/hamcrest/hamcrest-core/1.3/hamcrest-core-1.3.jar:/home/alex/.m2/repository/org/apache/curator/curator-test/5.2.0/curator-test-5.2.0.jar:/home/alex/.m2/repository/io/dropwizard/metrics/metrics-core/3.2.5/metrics-core-3.2.5.jar:/home/alex/.m2/repository/org/xerial/snappy/snappy-java/1.1.7/snappy-java-1.1.7.jar:/home/alex/.m2/repository/org/apache/curator/curator-client/5.2.0/curator-client-5.2.0.jar:/home/alex/.m2/repository/org/slf4j/slf4j-simple/1.7.32/slf4j-simple-1.7.32.jar:/home/alex/.m2/repository/org/junit/jupiter/junit-jupiter-api/5.7.2/junit-jupiter-api-5.7.2.jar:/home/alex/.m2/repository/org/apiguardian/apiguardian-api/1.1.0/apiguardian-api-1.1.0.jar:/home/alex/.m2/repository/org/opentest4j/opentest4j/1.2.0/opentest4j-1.2.0.jar:/home/alex/.m2/repository/org/junit/platform/junit-platform-commons/1.7.2/junit-platform-commons-1.7.2.jar:/home/alex/.m2/repository/org/junit/jupiter/junit-jupiter-engine/5.7.2/junit-jupiter-engine-5.7.2.jar:/home/alex/.m2/repository/org/junit/platform/junit-platform-engine/1.7.2/junit-platform-engine-1.7.2.jar:/home/alex/.m2/repository/org/junit/vintage/junit-vintage-engine/5.7.2/junit-vintage-engine-5.7.2.jar:/home/alex/.m2/repository/org/junit/jupiter/junit-jupiter-params/5.7.2/junit-jupiter-params-5.7.2.jar:/home/alex/.m2/repository/org/mockito/mockito-core/3.11.2/mockito-core-3.11.2.jar:/home/alex/.m2/repository/net/bytebuddy/byte-buddy/1.11.3/byte-buddy-1.11.3.jar:/home/alex/.m2/repository/net/bytebuddy/byte-buddy-agent/1.11.3/byte-buddy-agent-1.11.3.jar:/home/alex/.m2/repository/org/objenesis/objenesis/3.2/objenesis-3.2.jar:/home/alex/.m2/repository/org/mockito/mockito-junit-jupiter/3.11.2/mockito-junit-jupiter-3.11.2.jar:/home/alex/.m2/repository/org/codehaus/groovy/groovy-test/2.5.14/groovy-test-2.5.14.jar:
[main] INFO org.apache.zookeeper.ZooKeeper - Client environment:java.library.path=/usr/java/packages/lib/amd64:/usr/lib/x86_64-linux-gnu/jni:/lib/x86_64-linux-gnu:/usr/lib/x86_64-linux-gnu:/usr/lib/jni:/lib:/usr/lib
[main] INFO org.apache.zookeeper.ZooKeeper - Client environment:java.io.tmpdir=/tmp
[main] INFO org.apache.zookeeper.ZooKeeper - Client environment:java.compiler=<NA>
[main] INFO org.apache.zookeeper.ZooKeeper - Client environment:os.name=Linux
[main] INFO org.apache.zookeeper.ZooKeeper - Client environment:os.arch=amd64
[main] INFO org.apache.zookeeper.ZooKeeper - Client environment:os.version=6.5.0-28-generic
[main] INFO org.apache.zookeeper.ZooKeeper - Client environment:user.name=alex
[main] INFO org.apache.zookeeper.ZooKeeper - Client environment:user.home=/home/alex
[main] INFO org.apache.zookeeper.ZooKeeper - Client environment:user.dir=/home/alex/Repositories/nifi/nifi-toolkit/nifi-toolkit-zookeeper-migrator
[main] INFO org.apache.zookeeper.ZooKeeper - Client environment:os.memory.free=173MB
[main] INFO org.apache.zookeeper.ZooKeeper - Client environment:os.memory.max=910MB
[main] INFO org.apache.zookeeper.ZooKeeper - Client environment:os.memory.total=183MB
[main] INFO org.apache.zookeeper.ZooKeeper - Initiating client connection, connectString=127.0.0.1:43485 sessionTimeout=3000 watcher=org.apache.nifi.toolkit.zkmigrator.ZooKeeperMigratorTest$__spock_feature_0_2_closure1@1984b1f
[main] INFO org.apache.zookeeper.common.X509Util - Setting -D jdk.tls.rejectClientInitiatedRenegotiation=true to disable client-initiated TLS renegotiation
[main] INFO org.apache.zookeeper.ClientCnxnSocket - jute.maxbuffer value is 4194304 Bytes
[main] INFO org.apache.zookeeper.ClientCnxn - zookeeper.request.timeout value is 0. feature enabled=
[main-SendThread(127.0.0.1:43485)] INFO org.apache.zookeeper.ClientCnxn - Opening socket connection to server localhost/127.0.0.1:43485. Will not attempt to authenticate using SASL (unknown error)
[main-SendThread(127.0.0.1:43485)] INFO org.apache.zookeeper.ClientCnxn - Socket connection established, initiating session, client: /127.0.0.1:34622, server: localhost/127.0.0.1:43485
[SyncThread:0] INFO org.apache.zookeeper.server.persistence.FileTxnLog - Creating new log file: log.1
[main-SendThread(127.0.0.1:43485)] INFO org.apache.zookeeper.ClientCnxn - Session establishment complete on server localhost/127.0.0.1:43485, sessionid = 0x10003d952e90000, negotiated timeout = 3000
[main] INFO org.apache.zookeeper.ZooKeeper - Initiating client connection, connectString=127.0.0.1:43485/nifi/components sessionTimeout=3000 watcher=org.apache.nifi.toolkit.zkmigrator.ZooKeeperMigrator$$Lambda$255/575715826@253d9f73
[main] INFO org.apache.zookeeper.ClientCnxnSocket - jute.maxbuffer value is 4194304 Bytes
[main] INFO org.apache.zookeeper.ClientCnxn - zookeeper.request.timeout value is 0. feature enabled=
[main-SendThread(127.0.0.1:43485)] INFO org.apache.zookeeper.ClientCnxn - Opening socket connection to server localhost/127.0.0.1:43485. Will not attempt to authenticate using SASL (unknown error)
[main-SendThread(127.0.0.1:43485)] INFO org.apache.zookeeper.ClientCnxn - Socket connection established, initiating session, client: /127.0.0.1:34626, server: localhost/127.0.0.1:43485
[main-SendThread(127.0.0.1:43485)] INFO org.apache.zookeeper.ClientCnxn - Session establishment complete on server localhost/127.0.0.1:43485, sessionid = 0x10003d952e90001, negotiated timeout = 3000
[main] INFO org.apache.nifi.toolkit.zkmigrator.ZooKeeperMigrator - Retrieving data from source ZooKeeper: ZooKeeperEndpointConfig{connectString=127.0.0.1:43485/nifi/components, servers=[127.0.0.1:43485], path=/nifi/components}
[main] INFO org.apache.nifi.toolkit.zkmigrator.ZooKeeperMigrator - 5 nodes read from ZooKeeperEndpointConfig{connectString=127.0.0.1:43485/nifi/components, servers=[127.0.0.1:43485], path=/nifi/components}
[main] INFO org.apache.zookeeper.ZooKeeper - Session: 0x10003d952e90001 closed
[main-EventThread] INFO org.apache.zookeeper.ClientCnxn - EventThread shut down for session: 0x10003d952e90001
]]></system-err>
  </testcase>
  <testcase name="" classname="org.apache.nifi.toolkit.zkmigrator.ZooKeeperMigratorTest" time="0.322">
    <system-err><![CDATA[[Thread-5] INFO org.apache.zookeeper.server.quorum.QuorumPeerConfig - clientPortAddress is 0.0.0.0/0.0.0.0:40093
[Thread-5] INFO org.apache.zookeeper.server.quorum.QuorumPeerConfig - secureClientPort is not set
[Thread-5] INFO org.apache.curator.test.TestingZooKeeperMain - Starting server
[Thread-5] INFO org.apache.zookeeper.server.persistence.FileTxnSnapLog - zookeeper.snapshot.trust.empty : false
[Thread-5] INFO org.apache.zookeeper.server.ZooKeeperServer - tickTime set to 1000
[Thread-5] INFO org.apache.zookeeper.server.ZooKeeperServer - minSessionTimeout set to 1000
[Thread-5] INFO org.apache.zookeeper.server.ZooKeeperServer - maxSessionTimeout set to 20000
[Thread-5] INFO org.apache.zookeeper.server.ServerCnxnFactory - Using org.apache.zookeeper.server.NIOServerCnxnFactory as server connection factory
[Thread-5] INFO org.apache.zookeeper.server.NIOServerCnxnFactory - Configuring NIO connection handler with 10s sessionless connection timeout, 2 selector thread(s), 16 worker threads, and 64 kB direct buffers.
[Thread-5] INFO org.apache.zookeeper.server.NIOServerCnxnFactory - binding to port 0.0.0.0/0.0.0.0:40093
[Thread-5] INFO org.apache.zookeeper.server.ZKDatabase - zookeeper.snapshotSizeFactor = 0.33
[Thread-5] INFO org.apache.zookeeper.server.persistence.FileTxnSnapLog - Snapshotting: 0x0 to /tmp/1713894349800-0/version-2/snapshot.0
[Thread-5] INFO org.apache.zookeeper.server.persistence.FileTxnSnapLog - Snapshotting: 0x0 to /tmp/1713894349800-0/version-2/snapshot.0
[Thread-5] INFO org.apache.zookeeper.server.ContainerManager - Using checkIntervalMs=60000 maxPerMinute=10000
[main] INFO org.apache.zookeeper.ZooKeeper - Initiating client connection, connectString=127.0.0.1:40093 sessionTimeout=3000 watcher=org.apache.nifi.toolkit.zkmigrator.ZooKeeperMigratorTest$__spock_feature_0_3_closure2@26bab2f1
[main] INFO org.apache.zookeeper.ClientCnxnSocket - jute.maxbuffer value is 4194304 Bytes
[main] INFO org.apache.zookeeper.ClientCnxn - zookeeper.request.timeout value is 0. feature enabled=
[main-SendThread(127.0.0.1:40093)] INFO org.apache.zookeeper.ClientCnxn - Opening socket connection to server localhost/127.0.0.1:40093. Will not attempt to authenticate using SASL (unknown error)
[main-SendThread(127.0.0.1:40093)] INFO org.apache.zookeeper.ClientCnxn - Socket connection established, initiating session, client: /127.0.0.1:35264, server: localhost/127.0.0.1:40093
[SyncThread:0] INFO org.apache.zookeeper.server.persistence.FileTxnLog - Creating new log file: log.1
[main-SendThread(127.0.0.1:40093)] INFO org.apache.zookeeper.ClientCnxn - Session establishment complete on server localhost/127.0.0.1:40093, sessionid = 0x10003d954c10000, negotiated timeout = 3000
[main] INFO org.apache.zookeeper.ZooKeeper - Initiating client connection, connectString=127.0.0.1:40093 sessionTimeout=3000 watcher=org.apache.nifi.toolkit.zkmigrator.ZooKeeperMigrator$$Lambda$255/575715826@a43ce46
[main] INFO org.apache.zookeeper.ClientCnxnSocket - jute.maxbuffer value is 4194304 Bytes
[main] INFO org.apache.zookeeper.ClientCnxn - zookeeper.request.timeout value is 0. feature enabled=
[main-SendThread(127.0.0.1:40093)] INFO org.apache.zookeeper.ClientCnxn - Opening socket connection to server localhost/127.0.0.1:40093. Will not attempt to authenticate using SASL (unknown error)
[main-SendThread(127.0.0.1:40093)] INFO org.apache.zookeeper.ClientCnxn - Socket connection established, initiating session, client: /127.0.0.1:35268, server: localhost/127.0.0.1:40093
[main-SendThread(127.0.0.1:40093)] INFO org.apache.zookeeper.ClientCnxn - Session establishment complete on server localhost/127.0.0.1:40093, sessionid = 0x10003d954c10001, negotiated timeout = 3000
[main] INFO org.apache.nifi.toolkit.zkmigrator.ZooKeeperMigrator - created node at /newParent, acls: [31,s{'world,'anyone}
], createMode: PERSISTENT
[main] INFO org.apache.zookeeper.ZooKeeper - Session: 0x10003d954c10001 closed
[main-EventThread] INFO org.apache.zookeeper.ClientCnxn - EventThread shut down for session: 0x10003d954c10001
[main] INFO org.apache.zookeeper.ZooKeeper - Initiating client connection, connectString=127.0.0.1:40093/newParent sessionTimeout=3000 watcher=org.apache.nifi.toolkit.zkmigrator.ZooKeeperMigrator$$Lambda$255/575715826@4d722ac9
[main] INFO org.apache.zookeeper.ClientCnxnSocket - jute.maxbuffer value is 4194304 Bytes
[main] INFO org.apache.zookeeper.ClientCnxn - zookeeper.request.timeout value is 0. feature enabled=
[main-SendThread(127.0.0.1:40093)] INFO org.apache.zookeeper.ClientCnxn - Opening socket connection to server localhost/127.0.0.1:40093. Will not attempt to authenticate using SASL (unknown error)
[main-SendThread(127.0.0.1:40093)] INFO org.apache.zookeeper.ClientCnxn - Socket connection established, initiating session, client: /127.0.0.1:35272, server: localhost/127.0.0.1:40093
[main-SendThread(127.0.0.1:40093)] INFO org.apache.zookeeper.ClientCnxn - Session establishment complete on server localhost/127.0.0.1:40093, sessionid = 0x10003d954c10002, negotiated timeout = 3000
[main] INFO org.apache.nifi.toolkit.zkmigrator.ZooKeeperMigrator - Source data was obtained from ZooKeeper: ZooKeeperEndpointConfig{connectString=127.0.0.1:62295/nifi/components, servers=[127.0.0.1:62295], path=/nifi/components}
[ForkJoinPool.commonPool-worker-2] INFO org.apache.nifi.toolkit.zkmigrator.ZooKeeperMigrator - transformed original node DataStatAclNode{path=/1/a, acls=[31,s{'world,'anyone}
], ephemeralOwner=97372916257193984} to DataStatAclNode{path=/1/a, acls=[31,s{'world,'anyone}
], ephemeralOwner=97372916257193984}
[ForkJoinPool.commonPool-worker-1] INFO org.apache.nifi.toolkit.zkmigrator.ZooKeeperMigrator - transformed original node DataStatAclNode{path=/1, acls=[31,s{'world,'anyone}
], ephemeralOwner=0} to DataStatAclNode{path=/1, acls=[31,s{'world,'anyone}
], ephemeralOwner=0}
[ForkJoinPool.commonPool-worker-5] INFO org.apache.nifi.toolkit.zkmigrator.ZooKeeperMigrator - transformed original node DataStatAclNode{path=/3, acls=[31,s{'world,'anyone}
], ephemeralOwner=0} to DataStatAclNode{path=/3, acls=[31,s{'world,'anyone}
], ephemeralOwner=0}
[ForkJoinPool.commonPool-worker-4] INFO org.apache.nifi.toolkit.zkmigrator.ZooKeeperMigrator - transformed original node DataStatAclNode{path=/2, acls=[31,s{'world,'anyone}
], ephemeralOwner=0} to DataStatAclNode{path=/2, acls=[31,s{'world,'anyone}
], ephemeralOwner=0}
[ForkJoinPool.commonPool-worker-6] INFO org.apache.nifi.toolkit.zkmigrator.ZooKeeperMigrator - transformed original node DataStatAclNode{path=/, acls=[31,s{'world,'anyone}
], ephemeralOwner=0} to DataStatAclNode{path=/, acls=[31,s{'world,'anyone}
], ephemeralOwner=0}
[ForkJoinPool.commonPool-worker-3] INFO org.apache.nifi.toolkit.zkmigrator.ZooKeeperMigrator - created node at /1, acls: [31,s{'world,'anyone}
], createMode: PERSISTENT
[ForkJoinPool.commonPool-worker-5] INFO org.apache.nifi.toolkit.zkmigrator.ZooKeeperMigrator - created node at /3, acls: [31,s{'world,'anyone}
], createMode: PERSISTENT
[ForkJoinPool.commonPool-worker-4] INFO org.apache.nifi.toolkit.zkmigrator.ZooKeeperMigrator - created node at /2, acls: [31,s{'world,'anyone}
], createMode: PERSISTENT
[ForkJoinPool.commonPool-worker-2] INFO org.apache.nifi.toolkit.zkmigrator.ZooKeeperMigrator - created node at /1/a, acls: [31,s{'world,'anyone}
], createMode: EPHEMERAL
[ForkJoinPool.commonPool-worker-4] INFO org.apache.nifi.toolkit.zkmigrator.ZooKeeperMigrator - transferred node DataStatAclNode{path=/2, acls=[31,s{'world,'anyone}
], ephemeralOwner=0} in ZooKeeperEndpointConfig{connectString=127.0.0.1:40093/newParent, servers=[127.0.0.1:40093], path=/newParent}
[ForkJoinPool.commonPool-worker-5] INFO org.apache.nifi.toolkit.zkmigrator.ZooKeeperMigrator - transferred node DataStatAclNode{path=/3, acls=[31,s{'world,'anyone}
], ephemeralOwner=0} in ZooKeeperEndpointConfig{connectString=127.0.0.1:40093/newParent, servers=[127.0.0.1:40093], path=/newParent}
[ForkJoinPool.commonPool-worker-6] INFO org.apache.nifi.toolkit.zkmigrator.ZooKeeperMigrator - transferred node DataStatAclNode{path=/1, acls=[31,s{'world,'anyone}
], ephemeralOwner=0} in ZooKeeperEndpointConfig{connectString=127.0.0.1:40093/newParent, servers=[127.0.0.1:40093], path=/newParent}
[ForkJoinPool.commonPool-worker-3] INFO org.apache.nifi.toolkit.zkmigrator.ZooKeeperMigrator - transferred node DataStatAclNode{path=/, acls=[31,s{'world,'anyone}
], ephemeralOwner=0} in ZooKeeperEndpointConfig{connectString=127.0.0.1:40093/newParent, servers=[127.0.0.1:40093], path=/newParent}
[ForkJoinPool.commonPool-worker-2] INFO org.apache.nifi.toolkit.zkmigrator.ZooKeeperMigrator - transferred node DataStatAclNode{path=/1/a, acls=[31,s{'world,'anyone}
], ephemeralOwner=97372916257193984} in ZooKeeperEndpointConfig{connectString=127.0.0.1:40093/newParent, servers=[127.0.0.1:40093], path=/newParent}
[main] INFO org.apache.nifi.toolkit.zkmigrator.ZooKeeperMigrator - 5 nodes transferred to ZooKeeperEndpointConfig{connectString=127.0.0.1:40093/newParent, servers=[127.0.0.1:40093], path=/newParent}
[main] INFO org.apache.zookeeper.ZooKeeper - Session: 0x10003d954c10002 closed
[main-EventThread] INFO org.apache.zookeeper.ClientCnxn - EventThread shut down for session: 0x10003d954c10002
]]></system-err>
  </testcase>
  <testcase name="" classname="org.apache.nifi.toolkit.zkmigrator.ZooKeeperMigratorTest" time="0.304">
    <system-err><![CDATA[[Thread-7] INFO org.apache.zookeeper.server.quorum.QuorumPeerConfig - clientPortAddress is 0.0.0.0/0.0.0.0:42271
[Thread-7] INFO org.apache.zookeeper.server.quorum.QuorumPeerConfig - secureClientPort is not set
[Thread-7] INFO org.apache.curator.test.TestingZooKeeperMain - Starting server
[Thread-7] INFO org.apache.zookeeper.server.persistence.FileTxnSnapLog - zookeeper.snapshot.trust.empty : false
[Thread-7] INFO org.apache.zookeeper.server.ZooKeeperServer - tickTime set to 1000
[Thread-7] INFO org.apache.zookeeper.server.ZooKeeperServer - minSessionTimeout set to 1000
[Thread-7] INFO org.apache.zookeeper.server.ZooKeeperServer - maxSessionTimeout set to 20000
[Thread-7] INFO org.apache.zookeeper.server.ServerCnxnFactory - Using org.apache.zookeeper.server.NIOServerCnxnFactory as server connection factory
[Thread-7] INFO org.apache.zookeeper.server.NIOServerCnxnFactory - Configuring NIO connection handler with 10s sessionless connection timeout, 2 selector thread(s), 16 worker threads, and 64 kB direct buffers.
[Thread-7] INFO org.apache.zookeeper.server.NIOServerCnxnFactory - binding to port 0.0.0.0/0.0.0.0:42271
[Thread-7] INFO org.apache.zookeeper.server.ZKDatabase - zookeeper.snapshotSizeFactor = 0.33
[Thread-7] INFO org.apache.zookeeper.server.persistence.FileTxnSnapLog - Snapshotting: 0x0 to /tmp/1713894350123-0/version-2/snapshot.0
[Thread-7] INFO org.apache.zookeeper.server.persistence.FileTxnSnapLog - Snapshotting: 0x0 to /tmp/1713894350123-0/version-2/snapshot.0
[Thread-7] INFO org.apache.zookeeper.server.ContainerManager - Using checkIntervalMs=60000 maxPerMinute=10000
[main] INFO org.apache.zookeeper.ZooKeeper - Initiating client connection, connectString=127.0.0.1:42271 sessionTimeout=3000 watcher=org.apache.nifi.toolkit.zkmigrator.ZooKeeperMigratorTest$__spock_feature_0_4_closure4@7c1e2a2d
[main] INFO org.apache.zookeeper.ClientCnxnSocket - jute.maxbuffer value is 4194304 Bytes
[main] INFO org.apache.zookeeper.ClientCnxn - zookeeper.request.timeout value is 0. feature enabled=
[main-SendThread(127.0.0.1:42271)] INFO org.apache.zookeeper.ClientCnxn - Opening socket connection to server localhost/127.0.0.1:42271. Will not attempt to authenticate using SASL (unknown error)
[main-SendThread(127.0.0.1:42271)] INFO org.apache.zookeeper.ClientCnxn - Socket connection established, initiating session, client: /127.0.0.1:37154, server: localhost/127.0.0.1:42271
[main] INFO org.apache.zookeeper.ZooKeeper - Initiating client connection, connectString=127.0.0.1:42271 sessionTimeout=3000 watcher=org.apache.nifi.toolkit.zkmigrator.ZooKeeperMigrator$$Lambda$255/575715826@2cc3ad05
[main] INFO org.apache.zookeeper.ClientCnxnSocket - jute.maxbuffer value is 4194304 Bytes
[main] INFO org.apache.zookeeper.ClientCnxn - zookeeper.request.timeout value is 0. feature enabled=
[SyncThread:0] INFO org.apache.zookeeper.server.persistence.FileTxnLog - Creating new log file: log.1
[main-SendThread(127.0.0.1:42271)] INFO org.apache.zookeeper.ClientCnxn - Opening socket connection to server localhost/127.0.0.1:42271. Will not attempt to authenticate using SASL (unknown error)
[main-SendThread(127.0.0.1:42271)] INFO org.apache.zookeeper.ClientCnxn - Socket connection established, initiating session, client: /127.0.0.1:37170, server: localhost/127.0.0.1:42271
[main-SendThread(127.0.0.1:42271)] INFO org.apache.zookeeper.ClientCnxn - Session establishment complete on server localhost/127.0.0.1:42271, sessionid = 0x10003d956080000, negotiated timeout = 3000
[main-SendThread(127.0.0.1:42271)] INFO org.apache.zookeeper.ClientCnxn - Session establishment complete on server localhost/127.0.0.1:42271, sessionid = 0x10003d956080001, negotiated timeout = 3000
[main] INFO org.apache.nifi.toolkit.zkmigrator.ZooKeeperMigrator - created node at /newParent, acls: [31,s{'world,'anyone}
], createMode: PERSISTENT
[main] INFO org.apache.nifi.toolkit.zkmigrator.ZooKeeperMigrator - created node at /newParent/node, acls: [31,s{'world,'anyone}
], createMode: PERSISTENT
[main] INFO org.apache.zookeeper.ZooKeeper - Session: 0x10003d956080001 closed
[main-EventThread] INFO org.apache.zookeeper.ClientCnxn - EventThread shut down for session: 0x10003d956080001
[main] INFO org.apache.zookeeper.ZooKeeper - Initiating client connection, connectString=127.0.0.1:42271/newParent/node sessionTimeout=3000 watcher=org.apache.nifi.toolkit.zkmigrator.ZooKeeperMigrator$$Lambda$255/575715826@119020fb
[main] INFO org.apache.zookeeper.ClientCnxnSocket - jute.maxbuffer value is 4194304 Bytes
[main] INFO org.apache.zookeeper.ClientCnxn - zookeeper.request.timeout value is 0. feature enabled=
[main-SendThread(127.0.0.1:42271)] INFO org.apache.zookeeper.ClientCnxn - Opening socket connection to server localhost/127.0.0.1:42271. Will not attempt to authenticate using SASL (unknown error)
[main-SendThread(127.0.0.1:42271)] INFO org.apache.zookeeper.ClientCnxn - Socket connection established, initiating session, client: /127.0.0.1:37186, server: localhost/127.0.0.1:42271
[main-SendThread(127.0.0.1:42271)] INFO org.apache.zookeeper.ClientCnxn - Session establishment complete on server localhost/127.0.0.1:42271, sessionid = 0x10003d956080002, negotiated timeout = 3000
[main] INFO org.apache.nifi.toolkit.zkmigrator.ZooKeeperMigrator - Source data was obtained from ZooKeeper: ZooKeeperEndpointConfig{connectString=127.0.0.1:62295/nifi/components, servers=[127.0.0.1:62295], path=/nifi/components}
[ForkJoinPool.commonPool-worker-2] INFO org.apache.nifi.toolkit.zkmigrator.ZooKeeperMigrator - transformed original node DataStatAclNode{path=/1/a, acls=[31,s{'world,'anyone}
], ephemeralOwner=97372916257193984} to DataStatAclNode{path=/1/a, acls=[31,s{'world,'anyone}
], ephemeralOwner=97372916257193984}
[ForkJoinPool.commonPool-worker-3] INFO org.apache.nifi.toolkit.zkmigrator.ZooKeeperMigrator - transformed original node DataStatAclNode{path=/1, acls=[31,s{'world,'anyone}
], ephemeralOwner=0} to DataStatAclNode{path=/1, acls=[31,s{'world,'anyone}
], ephemeralOwner=0}
[ForkJoinPool.commonPool-worker-5] INFO org.apache.nifi.toolkit.zkmigrator.ZooKeeperMigrator - transformed original node DataStatAclNode{path=/3, acls=[31,s{'world,'anyone}
], ephemeralOwner=0} to DataStatAclNode{path=/3, acls=[31,s{'world,'anyone}
], ephemeralOwner=0}
[ForkJoinPool.commonPool-worker-4] INFO org.apache.nifi.toolkit.zkmigrator.ZooKeeperMigrator - transformed original node DataStatAclNode{path=/2, acls=[31,s{'world,'anyone}
], ephemeralOwner=0} to DataStatAclNode{path=/2, acls=[31,s{'world,'anyone}
], ephemeralOwner=0}
[ForkJoinPool.commonPool-worker-2] INFO org.apache.nifi.toolkit.zkmigrator.ZooKeeperMigrator - transformed original node DataStatAclNode{path=/, acls=[31,s{'world,'anyone}
], ephemeralOwner=0} to DataStatAclNode{path=/, acls=[31,s{'world,'anyone}
], ephemeralOwner=0}
[ForkJoinPool.commonPool-worker-3] INFO org.apache.nifi.toolkit.zkmigrator.ZooKeeperMigrator - created node at /1, acls: [31,s{'world,'anyone}
], createMode: PERSISTENT
[ForkJoinPool.commonPool-worker-5] INFO org.apache.nifi.toolkit.zkmigrator.ZooKeeperMigrator - created node at /3, acls: [31,s{'world,'anyone}
], createMode: PERSISTENT
[ForkJoinPool.commonPool-worker-1] INFO org.apache.nifi.toolkit.zkmigrator.ZooKeeperMigrator - created node at /2, acls: [31,s{'world,'anyone}
], createMode: PERSISTENT
[ForkJoinPool.commonPool-worker-6] INFO org.apache.nifi.toolkit.zkmigrator.ZooKeeperMigrator - created node at /1/a, acls: [31,s{'world,'anyone}
], createMode: EPHEMERAL
[ForkJoinPool.commonPool-worker-3] INFO org.apache.nifi.toolkit.zkmigrator.ZooKeeperMigrator - transferred node DataStatAclNode{path=/1, acls=[31,s{'world,'anyone}
], ephemeralOwner=0} in ZooKeeperEndpointConfig{connectString=127.0.0.1:42271/newParent/node, servers=[127.0.0.1:42271], path=/newParent/node}
[ForkJoinPool.commonPool-worker-5] INFO org.apache.nifi.toolkit.zkmigrator.ZooKeeperMigrator - transferred node DataStatAclNode{path=/3, acls=[31,s{'world,'anyone}
], ephemeralOwner=0} in ZooKeeperEndpointConfig{connectString=127.0.0.1:42271/newParent/node, servers=[127.0.0.1:42271], path=/newParent/node}
[ForkJoinPool.commonPool-worker-1] INFO org.apache.nifi.toolkit.zkmigrator.ZooKeeperMigrator - transferred node DataStatAclNode{path=/2, acls=[31,s{'world,'anyone}
], ephemeralOwner=0} in ZooKeeperEndpointConfig{connectString=127.0.0.1:42271/newParent/node, servers=[127.0.0.1:42271], path=/newParent/node}
[ForkJoinPool.commonPool-worker-2] INFO org.apache.nifi.toolkit.zkmigrator.ZooKeeperMigrator - transferred node DataStatAclNode{path=/, acls=[31,s{'world,'anyone}
], ephemeralOwner=0} in ZooKeeperEndpointConfig{connectString=127.0.0.1:42271/newParent/node, servers=[127.0.0.1:42271], path=/newParent/node}
[ForkJoinPool.commonPool-worker-6] INFO org.apache.nifi.toolkit.zkmigrator.ZooKeeperMigrator - transferred node DataStatAclNode{path=/1/a, acls=[31,s{'world,'anyone}
], ephemeralOwner=97372916257193984} in ZooKeeperEndpointConfig{connectString=127.0.0.1:42271/newParent/node, servers=[127.0.0.1:42271], path=/newParent/node}
[main] INFO org.apache.nifi.toolkit.zkmigrator.ZooKeeperMigrator - 5 nodes transferred to ZooKeeperEndpointConfig{connectString=127.0.0.1:42271/newParent/node, servers=[127.0.0.1:42271], path=/newParent/node}
[main] INFO org.apache.zookeeper.ZooKeeper - Session: 0x10003d956080002 closed
[main-EventThread] INFO org.apache.zookeeper.ClientCnxn - EventThread shut down for session: 0x10003d956080002
]]></system-err>
  </testcase>
  <testcase name="" classname="org.apache.nifi.toolkit.zkmigrator.ZooKeeperMigratorTest" time="0.149">
    <system-err><![CDATA[[Thread-9] INFO org.apache.zookeeper.server.quorum.QuorumPeerConfig - clientPortAddress is 0.0.0.0/0.0.0.0:35829
[Thread-9] INFO org.apache.zookeeper.server.quorum.QuorumPeerConfig - secureClientPort is not set
[Thread-9] INFO org.apache.curator.test.TestingZooKeeperMain - Starting server
[Thread-9] INFO org.apache.zookeeper.server.persistence.FileTxnSnapLog - zookeeper.snapshot.trust.empty : false
[Thread-9] INFO org.apache.zookeeper.server.ZooKeeperServer - tickTime set to 1000
[Thread-9] INFO org.apache.zookeeper.server.ZooKeeperServer - minSessionTimeout set to 1000
[Thread-9] INFO org.apache.zookeeper.server.ZooKeeperServer - maxSessionTimeout set to 20000
[Thread-9] INFO org.apache.zookeeper.server.ServerCnxnFactory - Using org.apache.zookeeper.server.NIOServerCnxnFactory as server connection factory
[Thread-9] INFO org.apache.zookeeper.server.NIOServerCnxnFactory - Configuring NIO connection handler with 10s sessionless connection timeout, 2 selector thread(s), 16 worker threads, and 64 kB direct buffers.
[Thread-9] INFO org.apache.zookeeper.server.NIOServerCnxnFactory - binding to port 0.0.0.0/0.0.0.0:35829
[Thread-9] INFO org.apache.zookeeper.server.ZKDatabase - zookeeper.snapshotSizeFactor = 0.33
[Thread-9] INFO org.apache.zookeeper.server.persistence.FileTxnSnapLog - Snapshotting: 0x0 to /tmp/1713894350427-0/version-2/snapshot.0
[Thread-9] INFO org.apache.zookeeper.server.persistence.FileTxnSnapLog - Snapshotting: 0x0 to /tmp/1713894350427-0/version-2/snapshot.0
[Thread-9] INFO org.apache.zookeeper.server.ContainerManager - Using checkIntervalMs=60000 maxPerMinute=10000
[main] INFO org.apache.zookeeper.ZooKeeper - Initiating client connection, connectString=127.0.0.1:35829 sessionTimeout=3000 watcher=org.apache.nifi.toolkit.zkmigrator.ZooKeeperMigratorTest$__spock_feature_0_5_closure6@35e5d0e5
[main] INFO org.apache.zookeeper.ClientCnxnSocket - jute.maxbuffer value is 4194304 Bytes
[main] INFO org.apache.zookeeper.ClientCnxn - zookeeper.request.timeout value is 0. feature enabled=
[main-SendThread(127.0.0.1:35829)] INFO org.apache.zookeeper.ClientCnxn - Opening socket connection to server localhost/127.0.0.1:35829. Will not attempt to authenticate using SASL (unknown error)
[main-SendThread(127.0.0.1:35829)] INFO org.apache.zookeeper.ClientCnxn - Socket connection established, initiating session, client: /127.0.0.1:46350, server: localhost/127.0.0.1:35829
[SyncThread:0] INFO org.apache.zookeeper.server.persistence.FileTxnLog - Creating new log file: log.1
[main-SendThread(127.0.0.1:35829)] INFO org.apache.zookeeper.ClientCnxn - Session establishment complete on server localhost/127.0.0.1:35829, sessionid = 0x10003d957370000, negotiated timeout = 3000
[main] INFO org.apache.zookeeper.ZooKeeper - Initiating client connection, connectString=127.0.0.1:35829/ sessionTimeout=3000 watcher=org.apache.nifi.toolkit.zkmigrator.ZooKeeperMigrator$$Lambda$255/575715826@7e276594
[main] INFO org.apache.zookeeper.ClientCnxnSocket - jute.maxbuffer value is 4194304 Bytes
[main] INFO org.apache.zookeeper.ClientCnxn - zookeeper.request.timeout value is 0. feature enabled=
[main-SendThread(127.0.0.1:35829)] INFO org.apache.zookeeper.ClientCnxn - Opening socket connection to server localhost/127.0.0.1:35829. Will not attempt to authenticate using SASL (unknown error)
[main-SendThread(127.0.0.1:35829)] INFO org.apache.zookeeper.ClientCnxn - Socket connection established, initiating session, client: /127.0.0.1:46364, server: localhost/127.0.0.1:35829
[main-SendThread(127.0.0.1:35829)] INFO org.apache.zookeeper.ClientCnxn - Session establishment complete on server localhost/127.0.0.1:35829, sessionid = 0x10003d957370001, negotiated timeout = 3000
[main] INFO org.apache.nifi.toolkit.zkmigrator.ZooKeeperMigrator - Retrieving data from source ZooKeeper: ZooKeeperEndpointConfig{connectString=127.0.0.1:35829/, servers=[127.0.0.1:35829], path=/}
[main] INFO org.apache.nifi.toolkit.zkmigrator.ZooKeeperMigrator - 5 nodes read from ZooKeeperEndpointConfig{connectString=127.0.0.1:35829/, servers=[127.0.0.1:35829], path=/}
[main] INFO org.apache.zookeeper.ZooKeeper - Session: 0x10003d957370001 closed
[main-EventThread] INFO org.apache.zookeeper.ClientCnxn - EventThread shut down for session: 0x10003d957370001
]]></system-err>
  </testcase>
  <testcase name="" classname="org.apache.nifi.toolkit.zkmigrator.ZooKeeperMigratorTest" time="0.165">
    <system-err><![CDATA[[Thread-11] INFO org.apache.zookeeper.server.quorum.QuorumPeerConfig - clientPortAddress is 0.0.0.0/0.0.0.0:38163
[Thread-11] INFO org.apache.zookeeper.server.quorum.QuorumPeerConfig - secureClientPort is not set
[Thread-11] INFO org.apache.curator.test.TestingZooKeeperMain - Starting server
[Thread-11] INFO org.apache.zookeeper.server.persistence.FileTxnSnapLog - zookeeper.snapshot.trust.empty : false
[Thread-11] INFO org.apache.zookeeper.server.ZooKeeperServer - tickTime set to 1000
[Thread-11] INFO org.apache.zookeeper.server.ZooKeeperServer - minSessionTimeout set to 1000
[Thread-11] INFO org.apache.zookeeper.server.ZooKeeperServer - maxSessionTimeout set to 20000
[Thread-11] INFO org.apache.zookeeper.server.ServerCnxnFactory - Using org.apache.zookeeper.server.NIOServerCnxnFactory as server connection factory
[Thread-11] INFO org.apache.zookeeper.server.NIOServerCnxnFactory - Configuring NIO connection handler with 10s sessionless connection timeout, 2 selector thread(s), 16 worker threads, and 64 kB direct buffers.
[Thread-11] INFO org.apache.zookeeper.server.NIOServerCnxnFactory - binding to port 0.0.0.0/0.0.0.0:38163
[Thread-11] INFO org.apache.zookeeper.server.ZKDatabase - zookeeper.snapshotSizeFactor = 0.33
[Thread-11] INFO org.apache.zookeeper.server.persistence.FileTxnSnapLog - Snapshotting: 0x0 to /tmp/1713894350576-0/version-2/snapshot.0
[Thread-11] INFO org.apache.zookeeper.server.persistence.FileTxnSnapLog - Snapshotting: 0x0 to /tmp/1713894350576-0/version-2/snapshot.0
[Thread-11] INFO org.apache.zookeeper.server.ContainerManager - Using checkIntervalMs=60000 maxPerMinute=10000
[main] INFO org.apache.zookeeper.ZooKeeper - Initiating client connection, connectString=127.0.0.1:38163 sessionTimeout=3000 watcher=org.apache.nifi.toolkit.zkmigrator.ZooKeeperMigratorTest$__spock_feature_0_6_closure7@4233e892
[main] INFO org.apache.zookeeper.ClientCnxnSocket - jute.maxbuffer value is 4194304 Bytes
[main] INFO org.apache.zookeeper.ClientCnxn - zookeeper.request.timeout value is 0. feature enabled=
[main-SendThread(127.0.0.1:38163)] INFO org.apache.zookeeper.ClientCnxn - Opening socket connection to server localhost/127.0.0.1:38163. Will not attempt to authenticate using SASL (unknown error)
[main-SendThread(127.0.0.1:38163)] INFO org.apache.zookeeper.ClientCnxn - Socket connection established, initiating session, client: /127.0.0.1:46010, server: localhost/127.0.0.1:38163
[SyncThread:0] INFO org.apache.zookeeper.server.persistence.FileTxnLog - Creating new log file: log.1
[main-SendThread(127.0.0.1:38163)] INFO org.apache.zookeeper.ClientCnxn - Session establishment complete on server localhost/127.0.0.1:38163, sessionid = 0x10003d957cd0000, negotiated timeout = 3000
[NIOWorkerThread-3] INFO org.apache.zookeeper.server.ZooKeeperServer - got auth packet /127.0.0.1:46010
[NIOWorkerThread-3] INFO org.apache.zookeeper.server.ZooKeeperServer - auth success /127.0.0.1:46010
[main] INFO org.apache.zookeeper.ZooKeeper - Initiating client connection, connectString=127.0.0.1:38163/nifi sessionTimeout=3000 watcher=org.apache.nifi.toolkit.zkmigrator.ZooKeeperMigrator$$Lambda$255/575715826@56aaaecd
[main] INFO org.apache.zookeeper.ClientCnxnSocket - jute.maxbuffer value is 4194304 Bytes
[main] INFO org.apache.zookeeper.ClientCnxn - zookeeper.request.timeout value is 0. feature enabled=
[main-SendThread(127.0.0.1:38163)] INFO org.apache.zookeeper.ClientCnxn - Opening socket connection to server localhost/127.0.0.1:38163. Will not attempt to authenticate using SASL (unknown error)
[main-SendThread(127.0.0.1:38163)] INFO org.apache.zookeeper.ClientCnxn - Socket connection established, initiating session, client: /127.0.0.1:46024, server: localhost/127.0.0.1:38163
[main-SendThread(127.0.0.1:38163)] INFO org.apache.zookeeper.ClientCnxn - Session establishment complete on server localhost/127.0.0.1:38163, sessionid = 0x10003d957cd0001, negotiated timeout = 3000
[NIOWorkerThread-8] INFO org.apache.zookeeper.server.ZooKeeperServer - got auth packet /127.0.0.1:46024
[NIOWorkerThread-8] INFO org.apache.zookeeper.server.ZooKeeperServer - auth success /127.0.0.1:46024
[main] INFO org.apache.nifi.toolkit.zkmigrator.ZooKeeperMigrator - Retrieving data from source ZooKeeper: ZooKeeperEndpointConfig{connectString=127.0.0.1:38163/nifi, servers=[127.0.0.1:38163], path=/nifi}
[main] INFO org.apache.nifi.toolkit.zkmigrator.ZooKeeperMigrator - 1 node read from ZooKeeperEndpointConfig{connectString=127.0.0.1:38163/nifi, servers=[127.0.0.1:38163], path=/nifi}
[main] INFO org.apache.zookeeper.ZooKeeper - Session: 0x10003d957cd0001 closed
[main-EventThread] INFO org.apache.zookeeper.ClientCnxn - EventThread shut down for session: 0x10003d957cd0001
]]></system-err>
  </testcase>
  <testcase name="" classname="org.apache.nifi.toolkit.zkmigrator.ZooKeeperMigratorTest" time="0.258">
    <system-err><![CDATA[[Thread-13] INFO org.apache.zookeeper.server.quorum.QuorumPeerConfig - clientPortAddress is 0.0.0.0/0.0.0.0:42855
[Thread-13] INFO org.apache.zookeeper.server.quorum.QuorumPeerConfig - secureClientPort is not set
[Thread-13] INFO org.apache.curator.test.TestingZooKeeperMain - Starting server
[Thread-13] INFO org.apache.zookeeper.server.persistence.FileTxnSnapLog - zookeeper.snapshot.trust.empty : false
[Thread-13] INFO org.apache.zookeeper.server.ZooKeeperServer - tickTime set to 1000
[Thread-13] INFO org.apache.zookeeper.server.ZooKeeperServer - minSessionTimeout set to 1000
[Thread-13] INFO org.apache.zookeeper.server.ZooKeeperServer - maxSessionTimeout set to 20000
[Thread-13] INFO org.apache.zookeeper.server.ServerCnxnFactory - Using org.apache.zookeeper.server.NIOServerCnxnFactory as server connection factory
[Thread-13] INFO org.apache.zookeeper.server.NIOServerCnxnFactory - Configuring NIO connection handler with 10s sessionless connection timeout, 2 selector thread(s), 16 worker threads, and 64 kB direct buffers.
[Thread-13] INFO org.apache.zookeeper.server.NIOServerCnxnFactory - binding to port 0.0.0.0/0.0.0.0:42855
[Thread-13] INFO org.apache.zookeeper.server.ZKDatabase - zookeeper.snapshotSizeFactor = 0.33
[Thread-13] INFO org.apache.zookeeper.server.persistence.FileTxnSnapLog - Snapshotting: 0x0 to /tmp/1713894350742-0/version-2/snapshot.0
[Thread-13] INFO org.apache.zookeeper.server.persistence.FileTxnSnapLog - Snapshotting: 0x0 to /tmp/1713894350742-0/version-2/snapshot.0
[Thread-13] INFO org.apache.zookeeper.server.ContainerManager - Using checkIntervalMs=60000 maxPerMinute=10000
[main] INFO org.apache.zookeeper.ZooKeeper - Initiating client connection, connectString=127.0.0.1:42855 sessionTimeout=3000 watcher=org.apache.nifi.toolkit.zkmigrator.ZooKeeperMigratorTest$__spock_feature_0_7_closure8@5e01a982
[main] INFO org.apache.zookeeper.ClientCnxnSocket - jute.maxbuffer value is 4194304 Bytes
[main] INFO org.apache.zookeeper.ClientCnxn - zookeeper.request.timeout value is 0. feature enabled=
[main-SendThread(127.0.0.1:42855)] INFO org.apache.zookeeper.ClientCnxn - Opening socket connection to server localhost/127.0.0.1:42855. Will not attempt to authenticate using SASL (unknown error)
[main-SendThread(127.0.0.1:42855)] INFO org.apache.zookeeper.ClientCnxn - Socket connection established, initiating session, client: /127.0.0.1:46530, server: localhost/127.0.0.1:42855
[main] INFO org.apache.zookeeper.ZooKeeper - Initiating client connection, connectString=127.0.0.1:42855 sessionTimeout=3000 watcher=org.apache.nifi.toolkit.zkmigrator.ZooKeeperMigrator$$Lambda$255/575715826@704f1591
[main] INFO org.apache.zookeeper.ClientCnxnSocket - jute.maxbuffer value is 4194304 Bytes
[SyncThread:0] INFO org.apache.zookeeper.server.persistence.FileTxnLog - Creating new log file: log.1
[main] INFO org.apache.zookeeper.ClientCnxn - zookeeper.request.timeout value is 0. feature enabled=
[main-SendThread(127.0.0.1:42855)] INFO org.apache.zookeeper.ClientCnxn - Opening socket connection to server localhost/127.0.0.1:42855. Will not attempt to authenticate using SASL (unknown error)
[main-SendThread(127.0.0.1:42855)] INFO org.apache.zookeeper.ClientCnxn - Socket connection established, initiating session, client: /127.0.0.1:46534, server: localhost/127.0.0.1:42855
[main-SendThread(127.0.0.1:42855)] INFO org.apache.zookeeper.ClientCnxn - Session establishment complete on server localhost/127.0.0.1:42855, sessionid = 0x10003d958720000, negotiated timeout = 3000
[NIOWorkerThread-4] INFO org.apache.zookeeper.server.ZooKeeperServer - got auth packet /127.0.0.1:46530
[NIOWorkerThread-4] INFO org.apache.zookeeper.server.ZooKeeperServer - auth success /127.0.0.1:46530
[main-SendThread(127.0.0.1:42855)] INFO org.apache.zookeeper.ClientCnxn - Session establishment complete on server localhost/127.0.0.1:42855, sessionid = 0x10003d958720001, negotiated timeout = 3000
[NIOWorkerThread-6] INFO org.apache.zookeeper.server.ZooKeeperServer - got auth packet /127.0.0.1:46530
[NIOWorkerThread-6] INFO org.apache.zookeeper.server.ZooKeeperServer - auth success /127.0.0.1:46530
[NIOWorkerThread-7] INFO org.apache.zookeeper.server.ZooKeeperServer - got auth packet /127.0.0.1:46534
[NIOWorkerThread-7] INFO org.apache.zookeeper.server.ZooKeeperServer - auth success /127.0.0.1:46534
[main] INFO org.apache.nifi.toolkit.zkmigrator.ZooKeeperMigrator - created node at /newParent, acls: [31,s{'world,'anyone}
], createMode: PERSISTENT
[main] INFO org.apache.zookeeper.ZooKeeper - Session: 0x10003d958720001 closed
[main-EventThread] INFO org.apache.zookeeper.ClientCnxn - EventThread shut down for session: 0x10003d958720001
[main] INFO org.apache.zookeeper.ZooKeeper - Initiating client connection, connectString=127.0.0.1:42855/newParent sessionTimeout=3000 watcher=org.apache.nifi.toolkit.zkmigrator.ZooKeeperMigrator$$Lambda$255/575715826@13e547a9
[main] INFO org.apache.zookeeper.ClientCnxnSocket - jute.maxbuffer value is 4194304 Bytes
[main] INFO org.apache.zookeeper.ClientCnxn - zookeeper.request.timeout value is 0. feature enabled=
[main-SendThread(127.0.0.1:42855)] INFO org.apache.zookeeper.ClientCnxn - Opening socket connection to server localhost/127.0.0.1:42855. Will not attempt to authenticate using SASL (unknown error)
[main-SendThread(127.0.0.1:42855)] INFO org.apache.zookeeper.ClientCnxn - Socket connection established, initiating session, client: /127.0.0.1:46540, server: localhost/127.0.0.1:42855
[main-SendThread(127.0.0.1:42855)] INFO org.apache.zookeeper.ClientCnxn - Session establishment complete on server localhost/127.0.0.1:42855, sessionid = 0x10003d958720002, negotiated timeout = 3000
[NIOWorkerThread-14] INFO org.apache.zookeeper.server.ZooKeeperServer - got auth packet /127.0.0.1:46540
[main] INFO org.apache.nifi.toolkit.zkmigrator.ZooKeeperMigrator - Source data was obtained from ZooKeeper: ZooKeeperEndpointConfig{connectString=127.0.0.1:62317/nifi, servers=[127.0.0.1:62317], path=/nifi}
[NIOWorkerThread-14] INFO org.apache.zookeeper.server.ZooKeeperServer - auth success /127.0.0.1:46540
[ForkJoinPool.commonPool-worker-1] INFO org.apache.nifi.toolkit.zkmigrator.ZooKeeperMigrator - transformed original node DataStatAclNode{path=/, acls=[31,s{'digest,'nifi:RuSeH3tpzgba3p9WrG/UpiSIsGg=}
], ephemeralOwner=0} to DataStatAclNode{path=/, acls=[31,s{'auth,'}
], ephemeralOwner=0}
[ForkJoinPool.commonPool-worker-1] INFO org.apache.nifi.toolkit.zkmigrator.ZooKeeperMigrator - transferred node DataStatAclNode{path=/, acls=[31,s{'auth,'}
], ephemeralOwner=0} in ZooKeeperEndpointConfig{connectString=127.0.0.1:42855/newParent, servers=[127.0.0.1:42855], path=/newParent}
[main] INFO org.apache.nifi.toolkit.zkmigrator.ZooKeeperMigrator - 1 node transferred to ZooKeeperEndpointConfig{connectString=127.0.0.1:42855/newParent, servers=[127.0.0.1:42855], path=/newParent}
[main] INFO org.apache.zookeeper.ZooKeeper - Session: 0x10003d958720002 closed
[main-EventThread] INFO org.apache.zookeeper.ClientCnxn - EventThread shut down for session: 0x10003d958720002
]]></system-err>
  </testcase>
  <testcase name="" classname="org.apache.nifi.toolkit.zkmigrator.ZooKeeperMigratorTest" time="0.231">
    <system-err><![CDATA[[Thread-15] INFO org.apache.zookeeper.server.quorum.QuorumPeerConfig - clientPortAddress is 0.0.0.0/0.0.0.0:37395
[Thread-15] INFO org.apache.zookeeper.server.quorum.QuorumPeerConfig - secureClientPort is not set
[Thread-15] INFO org.apache.curator.test.TestingZooKeeperMain - Starting server
[Thread-15] INFO org.apache.zookeeper.server.persistence.FileTxnSnapLog - zookeeper.snapshot.trust.empty : false
[Thread-15] INFO org.apache.zookeeper.server.ZooKeeperServer - tickTime set to 1000
[Thread-15] INFO org.apache.zookeeper.server.ZooKeeperServer - minSessionTimeout set to 1000
[Thread-15] INFO org.apache.zookeeper.server.ZooKeeperServer - maxSessionTimeout set to 20000
[Thread-15] INFO org.apache.zookeeper.server.ServerCnxnFactory - Using org.apache.zookeeper.server.NIOServerCnxnFactory as server connection factory
[Thread-15] INFO org.apache.zookeeper.server.NIOServerCnxnFactory - Configuring NIO connection handler with 10s sessionless connection timeout, 2 selector thread(s), 16 worker threads, and 64 kB direct buffers.
[Thread-15] INFO org.apache.zookeeper.server.NIOServerCnxnFactory - binding to port 0.0.0.0/0.0.0.0:37395
[Thread-15] INFO org.apache.zookeeper.server.ZKDatabase - zookeeper.snapshotSizeFactor = 0.33
[Thread-15] INFO org.apache.zookeeper.server.persistence.FileTxnSnapLog - Snapshotting: 0x0 to /tmp/1713894351000-0/version-2/snapshot.0
[Thread-15] INFO org.apache.zookeeper.server.persistence.FileTxnSnapLog - Snapshotting: 0x0 to /tmp/1713894351000-0/version-2/snapshot.0
[Thread-15] INFO org.apache.zookeeper.server.ContainerManager - Using checkIntervalMs=60000 maxPerMinute=10000
[main] INFO org.apache.zookeeper.ZooKeeper - Initiating client connection, connectString=127.0.0.1:37395 sessionTimeout=3000 watcher=org.apache.nifi.toolkit.zkmigrator.ZooKeeperMigratorTest$__spock_feature_0_8_closure10@dfddc9a
[main] INFO org.apache.zookeeper.ClientCnxnSocket - jute.maxbuffer value is 4194304 Bytes
[main] INFO org.apache.zookeeper.ClientCnxn - zookeeper.request.timeout value is 0. feature enabled=
[main-SendThread(127.0.0.1:37395)] INFO org.apache.zookeeper.ClientCnxn - Opening socket connection to server localhost/127.0.0.1:37395. Will not attempt to authenticate using SASL (unknown error)
[main-SendThread(127.0.0.1:37395)] INFO org.apache.zookeeper.ClientCnxn - Socket connection established, initiating session, client: /127.0.0.1:37100, server: localhost/127.0.0.1:37395
[main] INFO org.apache.zookeeper.ZooKeeper - Initiating client connection, connectString=127.0.0.1:37395 sessionTimeout=3000 watcher=org.apache.nifi.toolkit.zkmigrator.ZooKeeperMigrator$$Lambda$255/575715826@235a0c16
[main] INFO org.apache.zookeeper.ClientCnxnSocket - jute.maxbuffer value is 4194304 Bytes
[main] INFO org.apache.zookeeper.ClientCnxn - zookeeper.request.timeout value is 0. feature enabled=
[SyncThread:0] INFO org.apache.zookeeper.server.persistence.FileTxnLog - Creating new log file: log.1
[main-SendThread(127.0.0.1:37395)] INFO org.apache.zookeeper.ClientCnxn - Opening socket connection to server localhost/127.0.0.1:37395. Will not attempt to authenticate using SASL (unknown error)
[main-SendThread(127.0.0.1:37395)] INFO org.apache.zookeeper.ClientCnxn - Socket connection established, initiating session, client: /127.0.0.1:37108, server: localhost/127.0.0.1:37395
[main-SendThread(127.0.0.1:37395)] INFO org.apache.zookeeper.ClientCnxn - Session establishment complete on server localhost/127.0.0.1:37395, sessionid = 0x10003d959700000, negotiated timeout = 3000
[main-SendThread(127.0.0.1:37395)] INFO org.apache.zookeeper.ClientCnxn - Session establishment complete on server localhost/127.0.0.1:37395, sessionid = 0x10003d959700001, negotiated timeout = 3000
[main] INFO org.apache.nifi.toolkit.zkmigrator.ZooKeeperMigrator - created node at /nifi-open, acls: [31,s{'world,'anyone}
], createMode: PERSISTENT
[main] INFO org.apache.zookeeper.ZooKeeper - Session: 0x10003d959700001 closed
[main-EventThread] INFO org.apache.zookeeper.ClientCnxn - EventThread shut down for session: 0x10003d959700001
[main] INFO org.apache.zookeeper.ZooKeeper - Initiating client connection, connectString=127.0.0.1:37395/nifi-open sessionTimeout=3000 watcher=org.apache.nifi.toolkit.zkmigrator.ZooKeeperMigrator$$Lambda$255/575715826@5f7b97da
[main] INFO org.apache.zookeeper.ClientCnxnSocket - jute.maxbuffer value is 4194304 Bytes
[main] INFO org.apache.zookeeper.ClientCnxn - zookeeper.request.timeout value is 0. feature enabled=
[main-SendThread(127.0.0.1:37395)] INFO org.apache.zookeeper.ClientCnxn - Opening socket connection to server localhost/127.0.0.1:37395. Will not attempt to authenticate using SASL (unknown error)
[main-SendThread(127.0.0.1:37395)] INFO org.apache.zookeeper.ClientCnxn - Socket connection established, initiating session, client: /127.0.0.1:37110, server: localhost/127.0.0.1:37395
[main-SendThread(127.0.0.1:37395)] INFO org.apache.zookeeper.ClientCnxn - Session establishment complete on server localhost/127.0.0.1:37395, sessionid = 0x10003d959700002, negotiated timeout = 3000
[main] INFO org.apache.nifi.toolkit.zkmigrator.ZooKeeperMigrator - Source data was obtained from ZooKeeper: ZooKeeperEndpointConfig{connectString=127.0.0.1:62317/nifi, servers=[127.0.0.1:62317], path=/nifi}
[ForkJoinPool.commonPool-worker-1] INFO org.apache.nifi.toolkit.zkmigrator.ZooKeeperMigrator - transformed original node DataStatAclNode{path=/, acls=[31,s{'digest,'nifi:RuSeH3tpzgba3p9WrG/UpiSIsGg=}
], ephemeralOwner=0} to DataStatAclNode{path=/, acls=[31,s{'world,'anyone}
], ephemeralOwner=0}
[ForkJoinPool.commonPool-worker-1] INFO org.apache.nifi.toolkit.zkmigrator.ZooKeeperMigrator - transferred node DataStatAclNode{path=/, acls=[31,s{'world,'anyone}
], ephemeralOwner=0} in ZooKeeperEndpointConfig{connectString=127.0.0.1:37395/nifi-open, servers=[127.0.0.1:37395], path=/nifi-open}
[main] INFO org.apache.nifi.toolkit.zkmigrator.ZooKeeperMigrator - 1 node transferred to ZooKeeperEndpointConfig{connectString=127.0.0.1:37395/nifi-open, servers=[127.0.0.1:37395], path=/nifi-open}
[main] INFO org.apache.zookeeper.ZooKeeper - Session: 0x10003d959700002 closed
[main-EventThread] INFO org.apache.zookeeper.ClientCnxn - EventThread shut down for session: 0x10003d959700002
]]></system-err>
  </testcase>
  <testcase name="" classname="org.apache.nifi.toolkit.zkmigrator.ZooKeeperMigratorTest" time="0.275">
    <system-err><![CDATA[[Thread-17] INFO org.apache.zookeeper.server.quorum.QuorumPeerConfig - clientPortAddress is 0.0.0.0/0.0.0.0:42737
[Thread-17] INFO org.apache.zookeeper.server.quorum.QuorumPeerConfig - secureClientPort is not set
[Thread-17] INFO org.apache.curator.test.TestingZooKeeperMain - Starting server
[Thread-17] INFO org.apache.zookeeper.server.persistence.FileTxnSnapLog - zookeeper.snapshot.trust.empty : false
[Thread-17] INFO org.apache.zookeeper.server.ZooKeeperServer - tickTime set to 1000
[Thread-17] INFO org.apache.zookeeper.server.ZooKeeperServer - minSessionTimeout set to 1000
[Thread-17] INFO org.apache.zookeeper.server.ZooKeeperServer - maxSessionTimeout set to 20000
[Thread-17] INFO org.apache.zookeeper.server.ServerCnxnFactory - Using org.apache.zookeeper.server.NIOServerCnxnFactory as server connection factory
[Thread-17] INFO org.apache.zookeeper.server.NIOServerCnxnFactory - Configuring NIO connection handler with 10s sessionless connection timeout, 2 selector thread(s), 16 worker threads, and 64 kB direct buffers.
[Thread-17] INFO org.apache.zookeeper.server.NIOServerCnxnFactory - binding to port 0.0.0.0/0.0.0.0:42737
[Thread-17] INFO org.apache.zookeeper.server.ZKDatabase - zookeeper.snapshotSizeFactor = 0.33
[Thread-17] INFO org.apache.zookeeper.server.persistence.FileTxnSnapLog - Snapshotting: 0x0 to /tmp/1713894351231-0/version-2/snapshot.0
[Thread-17] INFO org.apache.zookeeper.server.persistence.FileTxnSnapLog - Snapshotting: 0x0 to /tmp/1713894351231-0/version-2/snapshot.0
[Thread-17] INFO org.apache.zookeeper.server.ContainerManager - Using checkIntervalMs=60000 maxPerMinute=10000
[main] INFO org.apache.zookeeper.ZooKeeper - Initiating client connection, connectString=127.0.0.1:42737 sessionTimeout=3000 watcher=org.apache.nifi.toolkit.zkmigrator.ZooKeeperMigratorTest$__spock_feature_0_9_closure12@256f8274
[main] INFO org.apache.zookeeper.ClientCnxnSocket - jute.maxbuffer value is 4194304 Bytes
[main] INFO org.apache.zookeeper.ClientCnxn - zookeeper.request.timeout value is 0. feature enabled=
[main-SendThread(127.0.0.1:42737)] INFO org.apache.zookeeper.ClientCnxn - Opening socket connection to server localhost/127.0.0.1:42737. Will not attempt to authenticate using SASL (unknown error)
[main-SendThread(127.0.0.1:42737)] INFO org.apache.zookeeper.ClientCnxn - Socket connection established, initiating session, client: /127.0.0.1:40162, server: localhost/127.0.0.1:42737
[SyncThread:0] INFO org.apache.zookeeper.server.persistence.FileTxnLog - Creating new log file: log.1
[main-SendThread(127.0.0.1:42737)] INFO org.apache.zookeeper.ClientCnxn - Session establishment complete on server localhost/127.0.0.1:42737, sessionid = 0x10003d95a570000, negotiated timeout = 3000
[NIOWorkerThread-3] INFO org.apache.zookeeper.server.ZooKeeperServer - got auth packet /127.0.0.1:40162
[NIOWorkerThread-3] INFO org.apache.zookeeper.server.ZooKeeperServer - auth success /127.0.0.1:40162
[main] INFO org.apache.zookeeper.ZooKeeper - Initiating client connection, connectString=127.0.0.1:42737 sessionTimeout=3000 watcher=org.apache.nifi.toolkit.zkmigrator.ZooKeeperMigrator$$Lambda$255/575715826@2e9fda69
[main] INFO org.apache.zookeeper.ClientCnxnSocket - jute.maxbuffer value is 4194304 Bytes
[main] INFO org.apache.zookeeper.ClientCnxn - zookeeper.request.timeout value is 0. feature enabled=
[main-SendThread(127.0.0.1:42737)] INFO org.apache.zookeeper.ClientCnxn - Opening socket connection to server localhost/127.0.0.1:42737. Will not attempt to authenticate using SASL (unknown error)
[main-SendThread(127.0.0.1:42737)] INFO org.apache.zookeeper.ClientCnxn - Socket connection established, initiating session, client: /127.0.0.1:40178, server: localhost/127.0.0.1:42737
[main-SendThread(127.0.0.1:42737)] INFO org.apache.zookeeper.ClientCnxn - Session establishment complete on server localhost/127.0.0.1:42737, sessionid = 0x10003d95a570001, negotiated timeout = 3000
[main] INFO org.apache.nifi.toolkit.zkmigrator.ZooKeeperMigrator - created node at /nifi, acls: [31,s{'world,'anyone}
], createMode: PERSISTENT
[main] INFO org.apache.zookeeper.ZooKeeper - Session: 0x10003d95a570001 closed
[main-EventThread] INFO org.apache.zookeeper.ClientCnxn - EventThread shut down for session: 0x10003d95a570001
[main] INFO org.apache.zookeeper.ZooKeeper - Initiating client connection, connectString=127.0.0.1:42737/nifi sessionTimeout=3000 watcher=org.apache.nifi.toolkit.zkmigrator.ZooKeeperMigrator$$Lambda$255/575715826@1755e85b
[main] INFO org.apache.zookeeper.ClientCnxnSocket - jute.maxbuffer value is 4194304 Bytes
[main] INFO org.apache.zookeeper.ClientCnxn - zookeeper.request.timeout value is 0. feature enabled=
[main-SendThread(127.0.0.1:42737)] INFO org.apache.zookeeper.ClientCnxn - Opening socket connection to server localhost/127.0.0.1:42737. Will not attempt to authenticate using SASL (unknown error)
[main-SendThread(127.0.0.1:42737)] INFO org.apache.zookeeper.ClientCnxn - Socket connection established, initiating session, client: /127.0.0.1:40194, server: localhost/127.0.0.1:42737
[main-SendThread(127.0.0.1:42737)] INFO org.apache.zookeeper.ClientCnxn - Session establishment complete on server localhost/127.0.0.1:42737, sessionid = 0x10003d95a570002, negotiated timeout = 3000
[main] INFO org.apache.nifi.toolkit.zkmigrator.ZooKeeperMigrator - Source data was obtained from ZooKeeper: ZooKeeperEndpointConfig{connectString=127.0.0.1:62317/nifi, servers=[127.0.0.1:62317], path=/nifi}
[ForkJoinPool.commonPool-worker-1] INFO org.apache.nifi.toolkit.zkmigrator.ZooKeeperMigrator - transformed original node DataStatAclNode{path=/, acls=[31,s{'digest,'nifi:RuSeH3tpzgba3p9WrG/UpiSIsGg=}
], ephemeralOwner=0} to DataStatAclNode{path=/, acls=[31,s{'digest,'nifi:RuSeH3tpzgba3p9WrG/UpiSIsGg=}
], ephemeralOwner=0}
[ForkJoinPool.commonPool-worker-1] INFO org.apache.nifi.toolkit.zkmigrator.ZooKeeperMigrator - transferred node DataStatAclNode{path=/, acls=[31,s{'digest,'nifi:RuSeH3tpzgba3p9WrG/UpiSIsGg=}
], ephemeralOwner=0} in ZooKeeperEndpointConfig{connectString=127.0.0.1:42737/nifi, servers=[127.0.0.1:42737], path=/nifi}
[main] INFO org.apache.nifi.toolkit.zkmigrator.ZooKeeperMigrator - 1 node transferred to ZooKeeperEndpointConfig{connectString=127.0.0.1:42737/nifi, servers=[127.0.0.1:42737], path=/nifi}
[main] INFO org.apache.zookeeper.ZooKeeper - Session: 0x10003d95a570002 closed
[main-EventThread] INFO org.apache.zookeeper.ClientCnxn - EventThread shut down for session: 0x10003d95a570002
]]></system-err>
  </testcase>
  <testcase name="" classname="org.apache.nifi.toolkit.zkmigrator.ZooKeeperMigratorTest" time="0.006"/>
  <testcase name="" classname="org.apache.nifi.toolkit.zkmigrator.ZooKeeperMigratorTest" time="0"/>
  <testcase name="" classname="org.apache.nifi.toolkit.zkmigrator.ZooKeeperMigratorTest" time="0"/>
  <testcase name="" classname="org.apache.nifi.toolkit.zkmigrator.ZooKeeperMigratorTest" time="0"/>
  <testcase name="" classname="org.apache.nifi.toolkit.zkmigrator.ZooKeeperMigratorTest" time="0"/>
  <testcase name="" classname="org.apache.nifi.toolkit.zkmigrator.ZooKeeperMigratorTest" time="0"/>
  <testcase name="" classname="org.apache.nifi.toolkit.zkmigrator.ZooKeeperMigratorTest" time="0"/>
  <testcase name="" classname="org.apache.nifi.toolkit.zkmigrator.ZooKeeperMigratorTest" time="0.001"/>
  <testcase name="" classname="org.apache.nifi.toolkit.zkmigrator.ZooKeeperMigratorTest" time="0.001"/>
  <testcase name="" classname="org.apache.nifi.toolkit.zkmigrator.ZooKeeperMigratorTest" time="0.001"/>
  <testcase name="" classname="org.apache.nifi.toolkit.zkmigrator.ZooKeeperMigratorTest" time="0"/>
  <testcase name="" classname="org.apache.nifi.toolkit.zkmigrator.ZooKeeperMigratorTest" time="0"/>
  <testcase name="" classname="org.apache.nifi.toolkit.zkmigrator.ZooKeeperMigratorTest" time="0"/>
  <testcase name="" classname="org.apache.nifi.toolkit.zkmigrator.ZooKeeperMigratorTest" time="0"/>
  <testcase name="" classname="org.apache.nifi.toolkit.zkmigrator.ZooKeeperMigratorTest" time="0"/>
  <testcase name="" classname="org.apache.nifi.toolkit.zkmigrator.ZooKeeperMigratorTest" time="0.001"/>
  <testcase name="" classname="org.apache.nifi.toolkit.zkmigrator.ZooKeeperMigratorTest" time="0"/>
  <testcase name="" classname="org.apache.nifi.toolkit.zkmigrator.ZooKeeperMigratorTest" time="0"/>
  <testcase name="" classname="org.apache.nifi.toolkit.zkmigrator.ZooKeeperMigratorTest" time="0"/>
  <testcase name="" classname="org.apache.nifi.toolkit.zkmigrator.ZooKeeperMigratorTest" time="0"/>
  <testcase name="" classname="org.apache.nifi.toolkit.zkmigrator.ZooKeeperMigratorTest" time="0"/>
  <testcase name="" classname="org.apache.nifi.toolkit.zkmigrator.ZooKeeperMigratorTest" time="0"/>
  <testcase name="" classname="org.apache.nifi.toolkit.zkmigrator.ZooKeeperMigratorTest" time="0.497">
    <system-err><![CDATA[[Thread-19] INFO org.apache.zookeeper.server.quorum.QuorumPeerConfig - clientPortAddress is 0.0.0.0/0.0.0.0:37317
[Thread-19] INFO org.apache.zookeeper.server.quorum.QuorumPeerConfig - secureClientPort is not set
[Thread-19] INFO org.apache.curator.test.TestingZooKeeperMain - Starting server
[Thread-19] INFO org.apache.zookeeper.server.persistence.FileTxnSnapLog - zookeeper.snapshot.trust.empty : false
[Thread-19] INFO org.apache.zookeeper.server.ZooKeeperServer - tickTime set to 1000
[Thread-19] INFO org.apache.zookeeper.server.ZooKeeperServer - minSessionTimeout set to 1000
[Thread-19] INFO org.apache.zookeeper.server.ZooKeeperServer - maxSessionTimeout set to 20000
[Thread-19] INFO org.apache.zookeeper.server.ServerCnxnFactory - Using org.apache.zookeeper.server.NIOServerCnxnFactory as server connection factory
[Thread-19] INFO org.apache.zookeeper.server.NIOServerCnxnFactory - Configuring NIO connection handler with 10s sessionless connection timeout, 2 selector thread(s), 16 worker threads, and 64 kB direct buffers.
[Thread-19] INFO org.apache.zookeeper.server.NIOServerCnxnFactory - binding to port 0.0.0.0/0.0.0.0:37317
[Thread-19] INFO org.apache.zookeeper.server.ZKDatabase - zookeeper.snapshotSizeFactor = 0.33
[Thread-19] INFO org.apache.zookeeper.server.persistence.FileTxnSnapLog - Snapshotting: 0x0 to /tmp/1713894351538-0/version-2/snapshot.0
[Thread-19] INFO org.apache.zookeeper.server.persistence.FileTxnSnapLog - Snapshotting: 0x0 to /tmp/1713894351538-0/version-2/snapshot.0
[Thread-19] INFO org.apache.zookeeper.server.ContainerManager - Using checkIntervalMs=60000 maxPerMinute=10000
[main] INFO org.apache.zookeeper.ZooKeeper - Initiating client connection, connectString=127.0.0.1:37317 sessionTimeout=3000 watcher=org.apache.nifi.toolkit.zkmigrator.ZooKeeperMigratorTest$__spock_feature_0_11_closure14@4c4748bf
[main] INFO org.apache.zookeeper.ClientCnxnSocket - jute.maxbuffer value is 4194304 Bytes
[main] INFO org.apache.zookeeper.ClientCnxn - zookeeper.request.timeout value is 0. feature enabled=
[main-SendThread(127.0.0.1:37317)] INFO org.apache.zookeeper.ClientCnxn - Opening socket connection to server localhost/127.0.0.1:37317. Will not attempt to authenticate using SASL (unknown error)
[main-SendThread(127.0.0.1:37317)] INFO org.apache.zookeeper.ClientCnxn - Socket connection established, initiating session, client: /127.0.0.1:50548, server: localhost/127.0.0.1:37317
[SyncThread:0] INFO org.apache.zookeeper.server.persistence.FileTxnLog - Creating new log file: log.1
[main-SendThread(127.0.0.1:37317)] INFO org.apache.zookeeper.ClientCnxn - Session establishment complete on server localhost/127.0.0.1:37317, sessionid = 0x10003d95b8a0000, negotiated timeout = 3000
[main] INFO org.apache.zookeeper.ZooKeeper - Initiating client connection, connectString=127.0.0.1:37317/nifi/components sessionTimeout=3000 watcher=org.apache.nifi.toolkit.zkmigrator.ZooKeeperMigrator$$Lambda$255/575715826@5a85c92
[main] INFO org.apache.zookeeper.ClientCnxnSocket - jute.maxbuffer value is 4194304 Bytes
[main] INFO org.apache.zookeeper.ClientCnxn - zookeeper.request.timeout value is 0. feature enabled=
[main-SendThread(127.0.0.1:37317)] INFO org.apache.zookeeper.ClientCnxn - Opening socket connection to server localhost/127.0.0.1:37317. Will not attempt to authenticate using SASL (unknown error)
[main-SendThread(127.0.0.1:37317)] INFO org.apache.zookeeper.ClientCnxn - Socket connection established, initiating session, client: /127.0.0.1:50550, server: localhost/127.0.0.1:37317
[main-SendThread(127.0.0.1:37317)] INFO org.apache.zookeeper.ClientCnxn - Session establishment complete on server localhost/127.0.0.1:37317, sessionid = 0x10003d95b8a0001, negotiated timeout = 3000
[main] INFO org.apache.nifi.toolkit.zkmigrator.ZooKeeperMigrator - Retrieving data from source ZooKeeper: ZooKeeperEndpointConfig{connectString=127.0.0.1:37317/nifi/components, servers=[127.0.0.1:37317], path=/nifi/components}
[main] INFO org.apache.nifi.toolkit.zkmigrator.ZooKeeperMigrator - 5 nodes read from ZooKeeperEndpointConfig{connectString=127.0.0.1:37317/nifi/components, servers=[127.0.0.1:37317], path=/nifi/components}
[main] INFO org.apache.zookeeper.ZooKeeper - Session: 0x10003d95b8a0001 closed
[main-EventThread] INFO org.apache.zookeeper.ClientCnxn - EventThread shut down for session: 0x10003d95b8a0001
[main] INFO org.apache.zookeeper.ZooKeeper - Initiating client connection, connectString=127.0.0.1:37317 sessionTimeout=3000 watcher=org.apache.nifi.toolkit.zkmigrator.ZooKeeperMigrator$$Lambda$255/575715826@7516e4e5
[main] INFO org.apache.zookeeper.ClientCnxnSocket - jute.maxbuffer value is 4194304 Bytes
[main] INFO org.apache.zookeeper.ClientCnxn - zookeeper.request.timeout value is 0. feature enabled=
[main-SendThread(127.0.0.1:37317)] INFO org.apache.zookeeper.ClientCnxn - Opening socket connection to server localhost/127.0.0.1:37317. Will not attempt to authenticate using SASL (unknown error)
[main-SendThread(127.0.0.1:37317)] INFO org.apache.zookeeper.ClientCnxn - Socket connection established, initiating session, client: /127.0.0.1:50554, server: localhost/127.0.0.1:37317
[main-SendThread(127.0.0.1:37317)] INFO org.apache.zookeeper.ClientCnxn - Session establishment complete on server localhost/127.0.0.1:37317, sessionid = 0x10003d95b8a0002, negotiated timeout = 3000
[main] INFO org.apache.zookeeper.ZooKeeper - Session: 0x10003d95b8a0002 closed
[main-EventThread] INFO org.apache.zookeeper.ClientCnxn - EventThread shut down for session: 0x10003d95b8a0002
[main] INFO org.apache.zookeeper.ZooKeeper - Initiating client connection, connectString=127.0.0.1:37317/nifi/components sessionTimeout=3000 watcher=org.apache.nifi.toolkit.zkmigrator.ZooKeeperMigrator$$Lambda$255/575715826@5e81e5ac
[main] INFO org.apache.zookeeper.ClientCnxnSocket - jute.maxbuffer value is 4194304 Bytes
[main] INFO org.apache.zookeeper.ClientCnxn - zookeeper.request.timeout value is 0. feature enabled=
[main-SendThread(127.0.0.1:37317)] INFO org.apache.zookeeper.ClientCnxn - Opening socket connection to server localhost/127.0.0.1:37317. Will not attempt to authenticate using SASL (unknown error)
[main-SendThread(127.0.0.1:37317)] INFO org.apache.zookeeper.ClientCnxn - Socket connection established, initiating session, client: /127.0.0.1:50570, server: localhost/127.0.0.1:37317
[main-SendThread(127.0.0.1:37317)] INFO org.apache.zookeeper.ClientCnxn - Session establishment complete on server localhost/127.0.0.1:37317, sessionid = 0x10003d95b8a0003, negotiated timeout = 3000
[main] INFO org.apache.nifi.toolkit.zkmigrator.ZooKeeperMigrator - Source data was obtained from ZooKeeper: ZooKeeperEndpointConfig{connectString=127.0.0.1:37317/nifi/components, servers=[127.0.0.1:37317], path=/nifi/components}
[main] INFO org.apache.zookeeper.ZooKeeper - Initiating client connection, connectString=127.0.0.1:37317 sessionTimeout=3000 watcher=org.apache.nifi.toolkit.zkmigrator.ZooKeeperMigrator$$Lambda$255/575715826@abf688e
[main] INFO org.apache.zookeeper.ClientCnxnSocket - jute.maxbuffer value is 4194304 Bytes
[main] INFO org.apache.zookeeper.ClientCnxn - zookeeper.request.timeout value is 0. feature enabled=
[main-SendThread(127.0.0.1:37317)] INFO org.apache.zookeeper.ClientCnxn - Opening socket connection to server localhost/127.0.0.1:37317. Will not attempt to authenticate using SASL (unknown error)
[main-SendThread(127.0.0.1:37317)] INFO org.apache.zookeeper.ClientCnxn - Socket connection established, initiating session, client: /127.0.0.1:50582, server: localhost/127.0.0.1:37317
[main-SendThread(127.0.0.1:37317)] INFO org.apache.zookeeper.ClientCnxn - Session establishment complete on server localhost/127.0.0.1:37317, sessionid = 0x10003d95b8a0004, negotiated timeout = 3000
[main] INFO org.apache.zookeeper.ZooKeeper - Session: 0x10003d95b8a0004 closed
[main-EventThread] INFO org.apache.zookeeper.ClientCnxn - EventThread shut down for session: 0x10003d95b8a0004
[main] INFO org.apache.zookeeper.ZooKeeper - Initiating client connection, connectString=127.0.0.1:37317/nifi/components sessionTimeout=3000 watcher=org.apache.nifi.toolkit.zkmigrator.ZooKeeperMigrator$$Lambda$255/575715826@1a7288a3
[main] INFO org.apache.zookeeper.ClientCnxnSocket - jute.maxbuffer value is 4194304 Bytes
[main] INFO org.apache.zookeeper.ClientCnxn - zookeeper.request.timeout value is 0. feature enabled=
[main-SendThread(127.0.0.1:37317)] INFO org.apache.zookeeper.ClientCnxn - Opening socket connection to server localhost/127.0.0.1:37317. Will not attempt to authenticate using SASL (unknown error)
[main-SendThread(127.0.0.1:37317)] INFO org.apache.zookeeper.ClientCnxn - Socket connection established, initiating session, client: /127.0.0.1:50584, server: localhost/127.0.0.1:37317
[main-SendThread(127.0.0.1:37317)] INFO org.apache.zookeeper.ClientCnxn - Session establishment complete on server localhost/127.0.0.1:37317, sessionid = 0x10003d95b8a0005, negotiated timeout = 3000
[main] INFO org.apache.nifi.toolkit.zkmigrator.ZooKeeperMigrator - Source data was obtained from ZooKeeper: ZooKeeperEndpointConfig{connectString=127.0.0.1:37317/nifi/components, servers=[127.0.0.1:37317], path=/nifi/components}
[ForkJoinPool.commonPool-worker-5] INFO org.apache.nifi.toolkit.zkmigrator.ZooKeeperMigrator - transformed original node DataStatAclNode{path=/, acls=[31,s{'world,'anyone}
], ephemeralOwner=0} to DataStatAclNode{path=/, acls=[31,s{'world,'anyone}
], ephemeralOwner=0}
[ForkJoinPool.commonPool-worker-4] INFO org.apache.nifi.toolkit.zkmigrator.ZooKeeperMigrator - transformed original node DataStatAclNode{path=/2, acls=[31,s{'world,'anyone}
], ephemeralOwner=0} to DataStatAclNode{path=/2, acls=[31,s{'world,'anyone}
], ephemeralOwner=0}
[ForkJoinPool.commonPool-worker-1] INFO org.apache.nifi.toolkit.zkmigrator.ZooKeeperMigrator - transformed original node DataStatAclNode{path=/3, acls=[31,s{'world,'anyone}
], ephemeralOwner=0} to DataStatAclNode{path=/3, acls=[31,s{'world,'anyone}
], ephemeralOwner=0}
[ForkJoinPool.commonPool-worker-6] INFO org.apache.nifi.toolkit.zkmigrator.ZooKeeperMigrator - transformed original node DataStatAclNode{path=/1/a, acls=[31,s{'world,'anyone}
], ephemeralOwner=72061826116485120} to DataStatAclNode{path=/1/a, acls=[31,s{'world,'anyone}
], ephemeralOwner=72061826116485120}
[ForkJoinPool.commonPool-worker-3] INFO org.apache.nifi.toolkit.zkmigrator.ZooKeeperMigrator - transformed original node DataStatAclNode{path=/1, acls=[31,s{'world,'anyone}
], ephemeralOwner=0} to DataStatAclNode{path=/1, acls=[31,s{'world,'anyone}
], ephemeralOwner=0}
[ForkJoinPool.commonPool-worker-3] INFO org.apache.nifi.toolkit.zkmigrator.ZooKeeperMigrator - transferred node DataStatAclNode{path=/, acls=[31,s{'world,'anyone}
], ephemeralOwner=0} in ZooKeeperEndpointConfig{connectString=127.0.0.1:37317/nifi/components, servers=[127.0.0.1:37317], path=/nifi/components}
[ForkJoinPool.commonPool-worker-4] INFO org.apache.nifi.toolkit.zkmigrator.ZooKeeperMigrator - transferred node DataStatAclNode{path=/2, acls=[31,s{'world,'anyone}
], ephemeralOwner=0} in ZooKeeperEndpointConfig{connectString=127.0.0.1:37317/nifi/components, servers=[127.0.0.1:37317], path=/nifi/components}
[ForkJoinPool.commonPool-worker-1] INFO org.apache.nifi.toolkit.zkmigrator.ZooKeeperMigrator - transferred node DataStatAclNode{path=/3, acls=[31,s{'world,'anyone}
], ephemeralOwner=0} in ZooKeeperEndpointConfig{connectString=127.0.0.1:37317/nifi/components, servers=[127.0.0.1:37317], path=/nifi/components}
[ForkJoinPool.commonPool-worker-6] INFO org.apache.nifi.toolkit.zkmigrator.ZooKeeperMigrator - transferred node DataStatAclNode{path=/1/a, acls=[31,s{'world,'anyone}
], ephemeralOwner=72061826116485120} in ZooKeeperEndpointConfig{connectString=127.0.0.1:37317/nifi/components, servers=[127.0.0.1:37317], path=/nifi/components}
[ForkJoinPool.commonPool-worker-7] INFO org.apache.nifi.toolkit.zkmigrator.ZooKeeperMigrator - transferred node DataStatAclNode{path=/1, acls=[31,s{'world,'anyone}
], ephemeralOwner=0} in ZooKeeperEndpointConfig{connectString=127.0.0.1:37317/nifi/components, servers=[127.0.0.1:37317], path=/nifi/components}
[main] INFO org.apache.nifi.toolkit.zkmigrator.ZooKeeperMigrator - 5 nodes transferred to ZooKeeperEndpointConfig{connectString=127.0.0.1:37317/nifi/components, servers=[127.0.0.1:37317], path=/nifi/components}
[main] INFO org.apache.zookeeper.ZooKeeper - Session: 0x10003d95b8a0005 closed
[main-EventThread] INFO org.apache.zookeeper.ClientCnxn - EventThread shut down for session: 0x10003d95b8a0005
]]></system-err>
  </testcase>
  <testcase name="" classname="org.apache.nifi.toolkit.zkmigrator.ZooKeeperMigratorTest" time="0.396">
    <system-err><![CDATA[[Thread-21] INFO org.apache.zookeeper.server.quorum.QuorumPeerConfig - clientPortAddress is 0.0.0.0/0.0.0.0:42935
[Thread-21] INFO org.apache.zookeeper.server.quorum.QuorumPeerConfig - secureClientPort is not set
[Thread-21] INFO org.apache.curator.test.TestingZooKeeperMain - Starting server
[Thread-21] INFO org.apache.zookeeper.server.persistence.FileTxnSnapLog - zookeeper.snapshot.trust.empty : false
[Thread-21] INFO org.apache.zookeeper.server.ZooKeeperServer - tickTime set to 1000
[Thread-21] INFO org.apache.zookeeper.server.ZooKeeperServer - minSessionTimeout set to 1000
[Thread-21] INFO org.apache.zookeeper.server.ZooKeeperServer - maxSessionTimeout set to 20000
[Thread-21] INFO org.apache.zookeeper.server.ServerCnxnFactory - Using org.apache.zookeeper.server.NIOServerCnxnFactory as server connection factory
[Thread-21] INFO org.apache.zookeeper.server.NIOServerCnxnFactory - Configuring NIO connection handler with 10s sessionless connection timeout, 2 selector thread(s), 16 worker threads, and 64 kB direct buffers.
[Thread-21] INFO org.apache.zookeeper.server.NIOServerCnxnFactory - binding to port 0.0.0.0/0.0.0.0:42935
[Thread-21] INFO org.apache.zookeeper.server.ZKDatabase - zookeeper.snapshotSizeFactor = 0.33
[Thread-21] INFO org.apache.zookeeper.server.persistence.FileTxnSnapLog - Snapshotting: 0x0 to /tmp/1713894352036-0/version-2/snapshot.0
[Thread-21] INFO org.apache.zookeeper.server.persistence.FileTxnSnapLog - Snapshotting: 0x0 to /tmp/1713894352036-0/version-2/snapshot.0
[Thread-21] INFO org.apache.zookeeper.server.ContainerManager - Using checkIntervalMs=60000 maxPerMinute=10000
[main] INFO org.apache.zookeeper.ZooKeeper - Initiating client connection, connectString=127.0.0.1:42935 sessionTimeout=3000 watcher=org.apache.nifi.toolkit.zkmigrator.ZooKeeperMigrator$$Lambda$255/575715826@aa549e5
[main] INFO org.apache.zookeeper.ClientCnxnSocket - jute.maxbuffer value is 4194304 Bytes
[main] INFO org.apache.zookeeper.ClientCnxn - zookeeper.request.timeout value is 0. feature enabled=
[main-SendThread(127.0.0.1:42935)] INFO org.apache.zookeeper.ClientCnxn - Opening socket connection to server localhost/127.0.0.1:42935. Will not attempt to authenticate using SASL (unknown error)
[main-SendThread(127.0.0.1:42935)] INFO org.apache.zookeeper.ClientCnxn - Socket connection established, initiating session, client: /127.0.0.1:46632, server: localhost/127.0.0.1:42935
[SyncThread:0] INFO org.apache.zookeeper.server.persistence.FileTxnLog - Creating new log file: log.1
[main-SendThread(127.0.0.1:42935)] INFO org.apache.zookeeper.ClientCnxn - Session establishment complete on server localhost/127.0.0.1:42935, sessionid = 0x10003d95d800000, negotiated timeout = 3000
[main] INFO org.apache.nifi.toolkit.zkmigrator.ZooKeeperMigrator - Retrieving data from source ZooKeeper: ZooKeeperEndpointConfig{connectString=127.0.0.1:42935, servers=[127.0.0.1:42935], path=/}
[main] INFO org.apache.nifi.toolkit.zkmigrator.ZooKeeperMigrator - 4 nodes read from ZooKeeperEndpointConfig{connectString=127.0.0.1:42935, servers=[127.0.0.1:42935], path=/}
[main] INFO org.apache.zookeeper.ZooKeeper - Session: 0x10003d95d800000 closed
[main-EventThread] INFO org.apache.zookeeper.ClientCnxn - EventThread shut down for session: 0x10003d95d800000
[main] INFO org.apache.zookeeper.ZooKeeper - Initiating client connection, connectString=127.0.0.1:42935 sessionTimeout=3000 watcher=org.apache.nifi.toolkit.zkmigrator.ZooKeeperMigrator$$Lambda$255/575715826@1bb564e2
[main] INFO org.apache.zookeeper.ClientCnxnSocket - jute.maxbuffer value is 4194304 Bytes
[main] INFO org.apache.zookeeper.ClientCnxn - zookeeper.request.timeout value is 0. feature enabled=
[main-SendThread(127.0.0.1:42935)] INFO org.apache.zookeeper.ClientCnxn - Opening socket connection to server localhost/127.0.0.1:42935. Will not attempt to authenticate using SASL (unknown error)
[main-SendThread(127.0.0.1:42935)] INFO org.apache.zookeeper.ClientCnxn - Socket connection established, initiating session, client: /127.0.0.1:46638, server: localhost/127.0.0.1:42935
[main-SendThread(127.0.0.1:42935)] INFO org.apache.zookeeper.ClientCnxn - Session establishment complete on server localhost/127.0.0.1:42935, sessionid = 0x10003d95d800001, negotiated timeout = 3000
[main] INFO org.apache.nifi.toolkit.zkmigrator.ZooKeeperMigrator - created node at /new-path, acls: [31,s{'world,'anyone}
], createMode: PERSISTENT
[main] INFO org.apache.zookeeper.ZooKeeper - Session: 0x10003d95d800001 closed
[main-EventThread] INFO org.apache.zookeeper.ClientCnxn - EventThread shut down for session: 0x10003d95d800001
[main] INFO org.apache.zookeeper.ZooKeeper - Initiating client connection, connectString=127.0.0.1:42935/new-path sessionTimeout=3000 watcher=org.apache.nifi.toolkit.zkmigrator.ZooKeeperMigrator$$Lambda$255/575715826@3f792b9b
[main] INFO org.apache.zookeeper.ClientCnxnSocket - jute.maxbuffer value is 4194304 Bytes
[main] INFO org.apache.zookeeper.ClientCnxn - zookeeper.request.timeout value is 0. feature enabled=
[main-SendThread(127.0.0.1:42935)] INFO org.apache.zookeeper.ClientCnxn - Opening socket connection to server localhost/127.0.0.1:42935. Will not attempt to authenticate using SASL (unknown error)
[main-SendThread(127.0.0.1:42935)] INFO org.apache.zookeeper.ClientCnxn - Socket connection established, initiating session, client: /127.0.0.1:46650, server: localhost/127.0.0.1:42935
[main-SendThread(127.0.0.1:42935)] INFO org.apache.zookeeper.ClientCnxn - Session establishment complete on server localhost/127.0.0.1:42935, sessionid = 0x10003d95d800002, negotiated timeout = 3000
[main] INFO org.apache.nifi.toolkit.zkmigrator.ZooKeeperMigrator - Source data was obtained from ZooKeeper: ZooKeeperEndpointConfig{connectString=127.0.0.1:42935, servers=[127.0.0.1:42935], path=/}
[ForkJoinPool.commonPool-worker-3] INFO org.apache.nifi.toolkit.zkmigrator.ZooKeeperMigrator - transformed original node DataStatAclNode{path=/zookeeper, acls=[31,s{'world,'anyone}
], ephemeralOwner=0} to DataStatAclNode{path=/zookeeper, acls=[31,s{'world,'anyone}
], ephemeralOwner=0}
[ForkJoinPool.commonPool-worker-1] INFO org.apache.nifi.toolkit.zkmigrator.ZooKeeperMigrator - transformed original node DataStatAclNode{path=/zookeeper/config, acls=[1,s{'world,'anyone}
], ephemeralOwner=0} to DataStatAclNode{path=/zookeeper/config, acls=[31,s{'world,'anyone}
], ephemeralOwner=0}
[ForkJoinPool.commonPool-worker-4] INFO org.apache.nifi.toolkit.zkmigrator.ZooKeeperMigrator - transformed original node DataStatAclNode{path=/, acls=[31,s{'world,'anyone}
], ephemeralOwner=0} to DataStatAclNode{path=/, acls=[31,s{'world,'anyone}
], ephemeralOwner=0}
[ForkJoinPool.commonPool-worker-5] INFO org.apache.nifi.toolkit.zkmigrator.ZooKeeperMigrator - transformed original node DataStatAclNode{path=/zookeeper/quota, acls=[31,s{'world,'anyone}
], ephemeralOwner=0} to DataStatAclNode{path=/zookeeper/quota, acls=[31,s{'world,'anyone}
], ephemeralOwner=0}
[ForkJoinPool.commonPool-worker-3] INFO org.apache.nifi.toolkit.zkmigrator.ZooKeeperMigrator - created node at /zookeeper, acls: [31,s{'world,'anyone}
], createMode: PERSISTENT
[ForkJoinPool.commonPool-worker-1] INFO org.apache.nifi.toolkit.zkmigrator.ZooKeeperMigrator - created node at /zookeeper/config, acls: [31,s{'world,'anyone}
], createMode: PERSISTENT
[ForkJoinPool.commonPool-worker-5] INFO org.apache.nifi.toolkit.zkmigrator.ZooKeeperMigrator - created node at /zookeeper/quota, acls: [31,s{'world,'anyone}
], createMode: PERSISTENT
[ForkJoinPool.commonPool-worker-3] INFO org.apache.nifi.toolkit.zkmigrator.ZooKeeperMigrator - transferred node DataStatAclNode{path=/zookeeper, acls=[31,s{'world,'anyone}
], ephemeralOwner=0} in ZooKeeperEndpointConfig{connectString=127.0.0.1:42935/new-path, servers=[127.0.0.1:42935], path=/new-path}
[ForkJoinPool.commonPool-worker-6] INFO org.apache.nifi.toolkit.zkmigrator.ZooKeeperMigrator - transferred node DataStatAclNode{path=/, acls=[31,s{'world,'anyone}
], ephemeralOwner=0} in ZooKeeperEndpointConfig{connectString=127.0.0.1:42935/new-path, servers=[127.0.0.1:42935], path=/new-path}
[ForkJoinPool.commonPool-worker-1] INFO org.apache.nifi.toolkit.zkmigrator.ZooKeeperMigrator - transferred node DataStatAclNode{path=/zookeeper/config, acls=[31,s{'world,'anyone}
], ephemeralOwner=0} in ZooKeeperEndpointConfig{connectString=127.0.0.1:42935/new-path, servers=[127.0.0.1:42935], path=/new-path}
[ForkJoinPool.commonPool-worker-5] INFO org.apache.nifi.toolkit.zkmigrator.ZooKeeperMigrator - transferred node DataStatAclNode{path=/zookeeper/quota, acls=[31,s{'world,'anyone}
], ephemeralOwner=0} in ZooKeeperEndpointConfig{connectString=127.0.0.1:42935/new-path, servers=[127.0.0.1:42935], path=/new-path}
[main] INFO org.apache.nifi.toolkit.zkmigrator.ZooKeeperMigrator - 4 nodes transferred to ZooKeeperEndpointConfig{connectString=127.0.0.1:42935/new-path, servers=[127.0.0.1:42935], path=/new-path}
[main] INFO org.apache.zookeeper.ZooKeeper - Session: 0x10003d95d800002 closed
[main-EventThread] INFO org.apache.zookeeper.ClientCnxn - EventThread shut down for session: 0x10003d95d800002
]]></system-err>
  </testcase>
</testsuite>