<?xml version="1.0" encoding="UTF-8"?>
<testsuite xmlns:xsi="http://www.w3.org/2001/XMLSchema-instance" xsi:noNamespaceSchemaLocation="https://maven.apache.org/surefire/maven-surefire-plugin/xsd/surefire-test-report-3.0.xsd" version="3.0" name="org.apache.hadoop.hive.metastore.TestHmsServerAuthorization" time="21.186" tests="2" errors="1" skipped="0" failures="0">
  <properties>
    <property name="sun.desktop" value="gnome"/>
    <property name="awt.toolkit" value="sun.awt.X11.XToolkit"/>
    <property name="file.encoding.pkg" value="sun.io"/>
    <property name="nondexStart" value="0"/>
    <property name="java.specification.version" value="1.8"/>
    <property name="sun.cpu.isalist" value=""/>
    <property name="sun.jnu.encoding" value="UTF-8"/>
    <property name="java.class.path" value="/home/alex/Repositories/hive/standalone-metastore/metastore-server/target/test-classes:/home/alex/Repositories/hive/standalone-metastore/metastore-server/target/classes:/home/alex/Repositories/hive/standalone-metastore/metastore-common/target/classes:/home/alex/.m2/repository/org/antlr/ST4/4.0.4/ST4-4.0.4.jar:/home/alex/.m2/repository/org/apache/zookeeper/zookeeper/3.5.5/zookeeper-3.5.5.jar:/home/alex/.m2/repository/org/apache/zookeeper/zookeeper-jute/3.5.5/zookeeper-jute-3.5.5.jar:/home/alex/.m2/repository/org/apache/yetus/audience-annotations/0.5.0/audience-annotations-0.5.0.jar:/home/alex/.m2/repository/com/github/ben-manes/caffeine/caffeine/2.8.4/caffeine-2.8.4.jar:/home/alex/.m2/repository/org/checkerframework/checker-qual/3.4.0/checker-qual-3.4.0.jar:/home/alex/.m2/repository/com/google/errorprone/error_prone_annotations/2.3.4/error_prone_annotations-2.3.4.jar:/home/alex/.m2/repository/org/apache/curator/curator-recipes/4.2.0/curator-recipes-4.2.0.jar:/home/alex/.m2/repository/org/apache/curator/curator-framework/4.2.0/curator-framework-4.2.0.jar:/home/alex/.m2/repository/org/apache/curator/curator-client/4.2.0/curator-client-4.2.0.jar:/home/alex/.m2/repository/org/slf4j/slf4j-api/1.7.30/slf4j-api-1.7.30.jar:/home/alex/.m2/repository/org/apache/orc/orc-core/1.6.9/orc-core-1.6.9.jar:/home/alex/.m2/repository/org/apache/orc/orc-shims/1.6.9/orc-shims-1.6.9.jar:/home/alex/.m2/repository/io/airlift/aircompressor/0.19/aircompressor-0.19.jar:/home/alex/.m2/repository/javax/xml/bind/jaxb-api/2.2.11/jaxb-api-2.2.11.jar:/home/alex/.m2/repository/org/jetbrains/annotations/17.0.0/annotations-17.0.0.jar:/home/alex/.m2/repository/org/threeten/threeten-extra/1.5.0/threeten-extra-1.5.0.jar:/home/alex/.m2/repository/com/fasterxml/jackson/core/jackson-databind/2.12.0/jackson-databind-2.12.0.jar:/home/alex/.m2/repository/com/fasterxml/jackson/core/jackson-annotations/2.12.0/jackson-annotations-2.12.0.jar:/home/alex/.m2/repository/com/fasterxml/jackson/core/jackson-core/2.12.0/jackson-core-2.12.0.jar:/home/alex/.m2/repository/com/github/joshelser/dropwizard-metrics-hadoop-metrics2-reporter/0.1.2/dropwizard-metrics-hadoop-metrics2-reporter-0.1.2.jar:/home/alex/.m2/repository/com/google/guava/guava/19.0/guava-19.0.jar:/home/alex/.m2/repository/com/google/protobuf/protobuf-java/2.6.1/protobuf-java-2.6.1.jar:/home/alex/.m2/repository/com/zaxxer/HikariCP/2.6.1/HikariCP-2.6.1.jar:/home/alex/.m2/repository/org/apache/commons/commons-dbcp2/2.7.0/commons-dbcp2-2.7.0.jar:/home/alex/.m2/repository/org/apache/commons/commons-pool2/2.7.0/commons-pool2-2.7.0.jar:/home/alex/.m2/repository/io/dropwizard/metrics/metrics-core/3.1.0/metrics-core-3.1.0.jar:/home/alex/.m2/repository/io/dropwizard/metrics/metrics-jvm/3.1.0/metrics-jvm-3.1.0.jar:/home/alex/.m2/repository/io/dropwizard/metrics/metrics-json/3.1.0/metrics-json-3.1.0.jar:/home/alex/.m2/repository/javolution/javolution/5.5.1/javolution-5.5.1.jar:/home/alex/.m2/repository/org/antlr/antlr-runtime/3.5.2/antlr-runtime-3.5.2.jar:/home/alex/.m2/repository/org/apache/commons/commons-lang3/3.9/commons-lang3-3.9.jar:/home/alex/.m2/repository/org/apache/derby/derby/10.14.1.0/derby-10.14.1.0.jar:/home/alex/.m2/repository/org/apache/hadoop/hadoop-common/3.1.0/hadoop-common-3.1.0.jar:/home/alex/.m2/repository/org/apache/hadoop/hadoop-annotations/3.1.0/hadoop-annotations-3.1.0.jar:/usr/lib/jvm/java-8-openjdk-amd64/jre/../lib/tools.jar:/home/alex/.m2/repository/commons-cli/commons-cli/1.2/commons-cli-1.2.jar:/home/alex/.m2/repository/org/apache/commons/commons-math3/3.1.1/commons-math3-3.1.1.jar:/home/alex/.m2/repository/org/apache/httpcomponents/httpclient/4.5.2/httpclient-4.5.2.jar:/home/alex/.m2/repository/commons-codec/commons-codec/1.11/commons-codec-1.11.jar:/home/alex/.m2/repository/commons-io/commons-io/2.5/commons-io-2.5.jar:/home/alex/.m2/repository/commons-net/commons-net/3.6/commons-net-3.6.jar:/home/alex/.m2/repository/commons-collections/commons-collections/3.2.2/commons-collections-3.2.2.jar:/home/alex/.m2/repository/javax/servlet/javax.servlet-api/3.1.0/javax.servlet-api-3.1.0.jar:/home/alex/.m2/repository/org/eclipse/jetty/jetty-server/9.3.19.v20170502/jetty-server-9.3.19.v20170502.jar:/home/alex/.m2/repository/org/eclipse/jetty/jetty-http/9.3.19.v20170502/jetty-http-9.3.19.v20170502.jar:/home/alex/.m2/repository/org/eclipse/jetty/jetty-io/9.3.19.v20170502/jetty-io-9.3.19.v20170502.jar:/home/alex/.m2/repository/org/eclipse/jetty/jetty-util/9.3.19.v20170502/jetty-util-9.3.19.v20170502.jar:/home/alex/.m2/repository/org/eclipse/jetty/jetty-servlet/9.3.19.v20170502/jetty-servlet-9.3.19.v20170502.jar:/home/alex/.m2/repository/org/eclipse/jetty/jetty-security/9.3.19.v20170502/jetty-security-9.3.19.v20170502.jar:/home/alex/.m2/repository/org/eclipse/jetty/jetty-webapp/9.3.19.v20170502/jetty-webapp-9.3.19.v20170502.jar:/home/alex/.m2/repository/org/eclipse/jetty/jetty-xml/9.3.19.v20170502/jetty-xml-9.3.19.v20170502.jar:/home/alex/.m2/repository/javax/servlet/jsp/jsp-api/2.1/jsp-api-2.1.jar:/home/alex/.m2/repository/com/sun/jersey/jersey-core/1.19/jersey-core-1.19.jar:/home/alex/.m2/repository/javax/ws/rs/jsr311-api/1.1.1/jsr311-api-1.1.1.jar:/home/alex/.m2/repository/com/sun/jersey/jersey-servlet/1.19/jersey-servlet-1.19.jar:/home/alex/.m2/repository/com/sun/jersey/jersey-json/1.19/jersey-json-1.19.jar:/home/alex/.m2/repository/org/codehaus/jettison/jettison/1.1/jettison-1.1.jar:/home/alex/.m2/repository/com/sun/xml/bind/jaxb-impl/2.2.3-1/jaxb-impl-2.2.3-1.jar:/home/alex/.m2/repository/org/codehaus/jackson/jackson-core-asl/1.9.2/jackson-core-asl-1.9.2.jar:/home/alex/.m2/repository/org/codehaus/jackson/jackson-mapper-asl/1.9.2/jackson-mapper-asl-1.9.2.jar:/home/alex/.m2/repository/org/codehaus/jackson/jackson-jaxrs/1.9.2/jackson-jaxrs-1.9.2.jar:/home/alex/.m2/repository/org/codehaus/jackson/jackson-xc/1.9.2/jackson-xc-1.9.2.jar:/home/alex/.m2/repository/com/sun/jersey/jersey-server/1.19/jersey-server-1.19.jar:/home/alex/.m2/repository/log4j/log4j/1.2.17/log4j-1.2.17.jar:/home/alex/.m2/repository/commons-lang/commons-lang/2.6/commons-lang-2.6.jar:/home/alex/.m2/repository/org/apache/commons/commons-configuration2/2.1.1/commons-configuration2-2.1.1.jar:/home/alex/.m2/repository/org/apache/avro/avro/1.7.7/avro-1.7.7.jar:/home/alex/.m2/repository/com/thoughtworks/paranamer/paranamer/2.3/paranamer-2.3.jar:/home/alex/.m2/repository/org/xerial/snappy/snappy-java/1.0.5/snappy-java-1.0.5.jar:/home/alex/.m2/repository/com/google/re2j/re2j/1.1/re2j-1.1.jar:/home/alex/.m2/repository/com/google/code/gson/gson/2.2.4/gson-2.2.4.jar:/home/alex/.m2/repository/org/apache/hadoop/hadoop-auth/3.1.0/hadoop-auth-3.1.0.jar:/home/alex/.m2/repository/com/nimbusds/nimbus-jose-jwt/4.41.1/nimbus-jose-jwt-4.41.1.jar:/home/alex/.m2/repository/com/github/stephenc/jcip/jcip-annotations/1.0-1/jcip-annotations-1.0-1.jar:/home/alex/.m2/repository/net/minidev/json-smart/2.3/json-smart-2.3.jar:/home/alex/.m2/repository/net/minidev/accessors-smart/1.2/accessors-smart-1.2.jar:/home/alex/.m2/repository/org/ow2/asm/asm/5.0.4/asm-5.0.4.jar:/home/alex/.m2/repository/com/jcraft/jsch/0.1.54/jsch-0.1.54.jar:/home/alex/.m2/repository/com/google/code/findbugs/jsr305/3.0.0/jsr305-3.0.0.jar:/home/alex/.m2/repository/org/apache/htrace/htrace-core4/4.1.0-incubating/htrace-core4-4.1.0-incubating.jar:/home/alex/.m2/repository/org/apache/commons/commons-compress/1.4.1/commons-compress-1.4.1.jar:/home/alex/.m2/repository/org/tukaani/xz/1.0/xz-1.0.jar:/home/alex/.m2/repository/org/apache/kerby/kerb-simplekdc/1.0.1/kerb-simplekdc-1.0.1.jar:/home/alex/.m2/repository/org/apache/kerby/kerb-client/1.0.1/kerb-client-1.0.1.jar:/home/alex/.m2/repository/org/apache/kerby/kerby-config/1.0.1/kerby-config-1.0.1.jar:/home/alex/.m2/repository/org/apache/kerby/kerb-core/1.0.1/kerb-core-1.0.1.jar:/home/alex/.m2/repository/org/apache/kerby/kerby-pkix/1.0.1/kerby-pkix-1.0.1.jar:/home/alex/.m2/repository/org/apache/kerby/kerby-asn1/1.0.1/kerby-asn1-1.0.1.jar:/home/alex/.m2/repository/org/apache/kerby/kerby-util/1.0.1/kerby-util-1.0.1.jar:/home/alex/.m2/repository/org/apache/kerby/kerb-common/1.0.1/kerb-common-1.0.1.jar:/home/alex/.m2/repository/org/apache/kerby/kerb-crypto/1.0.1/kerb-crypto-1.0.1.jar:/home/alex/.m2/repository/org/apache/kerby/kerb-util/1.0.1/kerb-util-1.0.1.jar:/home/alex/.m2/repository/org/apache/kerby/token-provider/1.0.1/token-provider-1.0.1.jar:/home/alex/.m2/repository/org/apache/kerby/kerb-admin/1.0.1/kerb-admin-1.0.1.jar:/home/alex/.m2/repository/org/apache/kerby/kerb-server/1.0.1/kerb-server-1.0.1.jar:/home/alex/.m2/repository/org/apache/kerby/kerb-identity/1.0.1/kerb-identity-1.0.1.jar:/home/alex/.m2/repository/org/apache/kerby/kerby-xdr/1.0.1/kerby-xdr-1.0.1.jar:/home/alex/.m2/repository/org/codehaus/woodstox/stax2-api/3.1.4/stax2-api-3.1.4.jar:/home/alex/.m2/repository/com/fasterxml/woodstox/woodstox-core/5.0.3/woodstox-core-5.0.3.jar:/home/alex/.m2/repository/org/apache/hadoop/hadoop-distcp/3.1.0/hadoop-distcp-3.1.0.jar:/home/alex/.m2/repository/org/apache/hadoop/hadoop-hdfs/3.1.0/hadoop-hdfs-3.1.0.jar:/home/alex/.m2/repository/org/eclipse/jetty/jetty-util-ajax/9.3.19.v20170502/jetty-util-ajax-9.3.19.v20170502.jar:/home/alex/.m2/repository/commons-daemon/commons-daemon/1.0.13/commons-daemon-1.0.13.jar:/home/alex/.m2/repository/org/fusesource/leveldbjni/leveldbjni-all/1.8/leveldbjni-all-1.8.jar:/home/alex/.m2/repository/org/apache/hadoop/hadoop-hdfs-client/3.1.0/hadoop-hdfs-client-3.1.0.jar:/home/alex/.m2/repository/com/squareup/okhttp/okhttp/2.7.5/okhttp-2.7.5.jar:/home/alex/.m2/repository/com/squareup/okio/okio/1.6.0/okio-1.6.0.jar:/home/alex/.m2/repository/org/apache/hadoop/hadoop-mapreduce-client-core/3.1.0/hadoop-mapreduce-client-core-3.1.0.jar:/home/alex/.m2/repository/org/apache/hadoop/hadoop-yarn-client/3.1.0/hadoop-yarn-client-3.1.0.jar:/home/alex/.m2/repository/org/apache/hadoop/hadoop-yarn-api/3.1.0/hadoop-yarn-api-3.1.0.jar:/home/alex/.m2/repository/org/apache/hadoop/hadoop-yarn-common/3.1.0/hadoop-yarn-common-3.1.0.jar:/home/alex/.m2/repository/com/sun/jersey/jersey-client/1.19/jersey-client-1.19.jar:/home/alex/.m2/repository/com/google/inject/guice/4.0/guice-4.0.jar:/home/alex/.m2/repository/javax/inject/javax.inject/1/javax.inject-1.jar:/home/alex/.m2/repository/aopalliance/aopalliance/1.0/aopalliance-1.0.jar:/home/alex/.m2/repository/com/sun/jersey/contribs/jersey-guice/1.19/jersey-guice-1.19.jar:/home/alex/.m2/repository/com/fasterxml/jackson/module/jackson-module-jaxb-annotations/2.12.0/jackson-module-jaxb-annotations-2.12.0.jar:/home/alex/.m2/repository/jakarta/xml/bind/jakarta.xml.bind-api/2.3.2/jakarta.xml.bind-api-2.3.2.jar:/home/alex/.m2/repository/jakarta/activation/jakarta.activation-api/1.2.1/jakarta.activation-api-1.2.1.jar:/home/alex/.m2/repository/com/fasterxml/jackson/jaxrs/jackson-jaxrs-json-provider/2.12.0/jackson-jaxrs-json-provider-2.12.0.jar:/home/alex/.m2/repository/com/fasterxml/jackson/jaxrs/jackson-jaxrs-base/2.12.0/jackson-jaxrs-base-2.12.0.jar:/home/alex/.m2/repository/com/google/inject/extensions/guice-servlet/4.0/guice-servlet-4.0.jar:/home/alex/.m2/repository/commons-beanutils/commons-beanutils/1.9.4/commons-beanutils-1.9.4.jar:/home/alex/Repositories/hive/storage-api/target/classes:/home/alex/.m2/repository/org/apache/logging/log4j/log4j-slf4j-impl/2.13.2/log4j-slf4j-impl-2.13.2.jar:/home/alex/.m2/repository/org/apache/logging/log4j/log4j-api/2.13.2/log4j-api-2.13.2.jar:/home/alex/.m2/repository/org/apache/logging/log4j/log4j-1.2-api/2.13.2/log4j-1.2-api-2.13.2.jar:/home/alex/.m2/repository/org/apache/logging/log4j/log4j-core/2.13.2/log4j-core-2.13.2.jar:/home/alex/.m2/repository/org/apache/thrift/libfb303/0.9.3/libfb303-0.9.3.jar:/home/alex/.m2/repository/org/apache/thrift/libthrift/0.14.1/libthrift-0.14.1.jar:/home/alex/.m2/repository/org/apache/httpcomponents/httpcore/4.4.12/httpcore-4.4.12.jar:/home/alex/.m2/repository/org/apache/tomcat/embed/tomcat-embed-core/8.5.46/tomcat-embed-core-8.5.46.jar:/home/alex/.m2/repository/org/apache/tomcat/tomcat-annotations-api/8.5.46/tomcat-annotations-api-8.5.46.jar:/home/alex/.m2/repository/javax/annotation/javax.annotation-api/1.3.2/javax.annotation-api-1.3.2.jar:/home/alex/.m2/repository/org/datanucleus/datanucleus-api-jdo/5.2.4/datanucleus-api-jdo-5.2.4.jar:/home/alex/.m2/repository/org/datanucleus/datanucleus-core/5.2.4/datanucleus-core-5.2.4.jar:/home/alex/.m2/repository/org/datanucleus/datanucleus-rdbms/5.2.4/datanucleus-rdbms-5.2.4.jar:/home/alex/.m2/repository/org/datanucleus/javax.jdo/3.2.0-release/javax.jdo-3.2.0-release.jar:/home/alex/.m2/repository/javax/transaction/javax.transaction-api/1.3/javax.transaction-api-1.3.jar:/home/alex/.m2/repository/org/glassfish/corba/glassfish-corba-omgapi/4.2.2/glassfish-corba-omgapi-4.2.2.jar:/home/alex/.m2/repository/org/skyscreamer/jsonassert/1.4.0/jsonassert-1.4.0.jar:/home/alex/.m2/repository/com/vaadin/external/google/android-json/0.0.20131108.vaadin1/android-json-0.0.20131108.vaadin1.jar:/home/alex/.m2/repository/sqlline/sqlline/1.9.0/sqlline-1.9.0.jar:/home/alex/.m2/repository/org/jline/jline-terminal/3.12.1/jline-terminal-3.12.1.jar:/home/alex/.m2/repository/org/jline/jline-reader/3.12.1/jline-reader-3.12.1.jar:/home/alex/.m2/repository/org/jline/jline-terminal-jansi/3.12.1/jline-terminal-jansi-3.12.1.jar:/home/alex/.m2/repository/org/fusesource/jansi/jansi/1.18/jansi-1.18.jar:/home/alex/.m2/repository/org/jline/jline-terminal-jna/3.12.1/jline-terminal-jna-3.12.1.jar:/home/alex/.m2/repository/net/java/dev/jna/jna/5.3.1/jna-5.3.1.jar:/home/alex/.m2/repository/org/jline/jline-builtins/3.12.1/jline-builtins-3.12.1.jar:/home/alex/.m2/repository/org/jline/jline-style/3.12.1/jline-style-3.12.1.jar:/home/alex/.m2/repository/jline/jline/2.14.6/jline-2.14.6.jar:/home/alex/.m2/repository/commons-logging/commons-logging/1.1.3/commons-logging-1.1.3.jar:/home/alex/.m2/repository/com/cronutils/cron-utils/9.1.3/cron-utils-9.1.3.jar:/home/alex/.m2/repository/org/glassfish/javax.el/3.0.0/javax.el-3.0.0.jar:/home/alex/.m2/repository/com/oracle/database/jdbc/ojdbc8/21.3.0.0/ojdbc8-21.3.0.0.jar:/home/alex/.m2/repository/mysql/mysql-connector-java/8.0.27/mysql-connector-java-8.0.27.jar:/home/alex/.m2/repository/com/microsoft/sqlserver/mssql-jdbc/6.2.1.jre8/mssql-jdbc-6.2.1.jre8.jar:/home/alex/.m2/repository/junit/junit/4.13/junit-4.13.jar:/home/alex/.m2/repository/org/hamcrest/hamcrest-core/1.3/hamcrest-core-1.3.jar:/home/alex/.m2/repository/org/apache/directory/server/apacheds-server-integ/1.5.7/apacheds-server-integ-1.5.7.jar:/home/alex/.m2/repository/org/apache/directory/server/apacheds-interceptor-kerberos/1.5.7/apacheds-interceptor-kerberos-1.5.7.jar:/home/alex/.m2/repository/org/apache/directory/server/apacheds-core/1.5.7/apacheds-core-1.5.7.jar:/home/alex/.m2/repository/org/apache/directory/server/apacheds-core-api/1.5.7/apacheds-core-api-1.5.7.jar:/home/alex/.m2/repository/org/apache/directory/server/apacheds-core-entry/1.5.7/apacheds-core-entry-1.5.7.jar:/home/alex/.m2/repository/org/apache/directory/server/apacheds-core-constants/1.5.7/apacheds-core-constants-1.5.7.jar:/home/alex/.m2/repository/org/apache/directory/server/apacheds-utils/1.5.7/apacheds-utils-1.5.7.jar:/home/alex/.m2/repository/org/apache/directory/server/apacheds-kerberos-shared/1.5.7/apacheds-kerberos-shared-1.5.7.jar:/home/alex/.m2/repository/org/apache/directory/server/apacheds-core-jndi/1.5.7/apacheds-core-jndi-1.5.7.jar:/home/alex/.m2/repository/org/apache/directory/server/apacheds-protocol-shared/1.5.7/apacheds-protocol-shared-1.5.7.jar:/home/alex/.m2/repository/org/apache/directory/server/apacheds-core-integ/1.5.7/apacheds-core-integ-1.5.7.jar:/home/alex/.m2/repository/ldapsdk/ldapsdk/4.1/ldapsdk-4.1.jar:/home/alex/.m2/repository/org/apache/directory/client/ldap/ldap-client-api/0.1/ldap-client-api-0.1.jar:/home/alex/.m2/repository/commons-pool/commons-pool/1.5.4/commons-pool-1.5.4.jar:/home/alex/.m2/repository/org/apache/mina/mina-core/2.0.0-RC1/mina-core-2.0.0-RC1.jar:/home/alex/.m2/repository/org/apache/directory/shared/shared-ldap/0.9.19/shared-ldap-0.9.19.jar:/home/alex/.m2/repository/org/apache/directory/shared/shared-i18n/0.9.19/shared-i18n-0.9.19.jar:/home/alex/.m2/repository/antlr/antlr/2.7.7/antlr-2.7.7.jar:/home/alex/.m2/repository/org/apache/directory/shared/shared-ldap-schema/0.9.19/shared-ldap-schema-0.9.19.jar:/home/alex/.m2/repository/org/apache/directory/shared/shared-ldap-schema-loader/0.9.19/shared-ldap-schema-loader-0.9.19.jar:/home/alex/.m2/repository/org/apache/directory/shared/shared-ldap-schema-manager/0.9.19/shared-ldap-schema-manager-0.9.19.jar:/home/alex/.m2/repository/org/apache/directory/shared/shared-cursor/0.9.19/shared-cursor-0.9.19.jar:/home/alex/.m2/repository/org/apache/directory/shared/shared-ldap-jndi/0.9.19/shared-ldap-jndi-0.9.19.jar:/home/alex/.m2/repository/org/apache/directory/shared/shared-asn1-codec/0.9.19/shared-asn1-codec-0.9.19.jar:/home/alex/.m2/repository/org/apache/directory/shared/shared-asn1/0.9.19/shared-asn1-0.9.19.jar:/home/alex/.m2/repository/org/apache/directory/shared/shared-ldap-constants/0.9.19/shared-ldap-constants-0.9.19.jar:/home/alex/.m2/repository/org/apache/directory/shared/shared-ldap-converter/0.9.19/shared-ldap-converter-0.9.19.jar:/home/alex/.m2/repository/org/apache/directory/shared/shared-ldap-schema-dao/0.9.19/shared-ldap-schema-dao-0.9.19.jar:/home/alex/.m2/repository/org/apache/directory/shared/shared-ldif/0.9.19/shared-ldif-0.9.19.jar:/home/alex/.m2/repository/org/apache/directory/shared/shared-dsml-parser/0.9.19/shared-dsml-parser-0.9.19.jar:/home/alex/.m2/repository/dom4j/dom4j/1.6.1/dom4j-1.6.1.jar:/home/alex/.m2/repository/xml-apis/xml-apis/1.0.b2/xml-apis-1.0.b2.jar:/home/alex/.m2/repository/xpp3/xpp3/1.1.4c/xpp3-1.1.4c.jar:/home/alex/.m2/repository/org/apache/directory/server/apacheds-test-framework/1.5.7/apacheds-test-framework-1.5.7.jar:/home/alex/.m2/repository/org/apache/directory/server/apacheds-i18n/1.5.7/apacheds-i18n-1.5.7.jar:/home/alex/.m2/repository/org/apache/directory/server/apacheds-server-annotations/1.5.7/apacheds-server-annotations-1.5.7.jar:/home/alex/.m2/repository/org/apache/directory/server/apacheds-core-annotations/1.5.7/apacheds-core-annotations-1.5.7.jar:/home/alex/.m2/repository/org/apache/directory/server/apacheds-jdbm-partition/1.5.7/apacheds-jdbm-partition-1.5.7.jar:/home/alex/.m2/repository/org/apache/directory/server/apacheds-jdbm-store/1.5.7/apacheds-jdbm-store-1.5.7.jar:/home/alex/.m2/repository/org/apache/directory/server/apacheds-jdbm/1.5.7/apacheds-jdbm-1.5.7.jar:/home/alex/.m2/repository/org/apache/directory/server/apacheds-core-avl/1.5.7/apacheds-core-avl-1.5.7.jar:/home/alex/.m2/repository/org/apache/directory/server/apacheds-xdbm-search/1.5.7/apacheds-xdbm-search-1.5.7.jar:/home/alex/.m2/repository/org/apache/directory/server/apacheds-ldif-partition/1.5.7/apacheds-ldif-partition-1.5.7.jar:/home/alex/.m2/repository/org/apache/directory/server/apacheds-avl-partition/1.5.7/apacheds-avl-partition-1.5.7.jar:/home/alex/.m2/repository/org/apache/directory/server/apacheds-core-mock/1.5.7/apacheds-core-mock-1.5.7.jar:/home/alex/.m2/repository/org/apache/directory/server/apacheds-protocol-ldap/1.5.7/apacheds-protocol-ldap-1.5.7.jar:/home/alex/.m2/repository/org/apache/directory/server/apacheds-xdbm-tools/1.5.7/apacheds-xdbm-tools-1.5.7.jar:/home/alex/.m2/repository/org/apache/directory/server/apacheds-xdbm-base/1.5.7/apacheds-xdbm-base-1.5.7.jar:/home/alex/.m2/repository/org/apache/directory/server/apacheds-protocol-kerberos/1.5.7/apacheds-protocol-kerberos-1.5.7.jar:/home/alex/.m2/repository/org/mockito/mockito-core/3.3.3/mockito-core-3.3.3.jar:/home/alex/.m2/repository/net/bytebuddy/byte-buddy/1.10.5/byte-buddy-1.10.5.jar:/home/alex/.m2/repository/net/bytebuddy/byte-buddy-agent/1.10.5/byte-buddy-agent-1.10.5.jar:/home/alex/.m2/repository/org/objenesis/objenesis/2.6/objenesis-2.6.jar:/home/alex/.m2/repository/org/postgresql/postgresql/42.2.14/postgresql-42.2.14.jar:/home/alex/.m2/repository/org/apache/curator/curator-test/4.2.0/curator-test-4.2.0.jar:/home/alex/Repositories/hive/standalone-metastore/metastore-server/src/test/resources:"/>
    <property name="java.vm.vendor" value="Private Build"/>
    <property name="nondexPrintstack" value="false"/>
    <property name="sun.arch.data.model" value="64"/>
    <property name="java.vendor.url" value="http://java.oracle.com/"/>
    <property name="user.timezone" value="Europe/Lisbon"/>
    <property name="user.country.format" value="PT"/>
    <property name="os.name" value="Linux"/>
    <property name="test.tmp.dir" value="/home/alex/Repositories/hive/standalone-metastore/metastore-server/target/tmp"/>
    <property name="java.vm.specification.version" value="1.8"/>
    <property name="sun.java.launcher" value="SUN_STANDARD"/>
    <property name="user.country" value="US"/>
    <property name="sun.boot.library.path" value="/usr/lib/jvm/java-8-openjdk-amd64/jre/lib/amd64"/>
    <property name="sun.java.command" value="/home/alex/Repositories/hive/standalone-metastore/metastore-server/target/surefire/surefirebooter7309629262654793664.jar /home/alex/Repositories/hive/standalone-metastore/metastore-server/target/surefire 2024-04-23T21-59-46_173-jvmRun1 surefire4347338224228729729tmp surefire_7881600307800041140727tmp"/>
    <property name="nondexLogging" value="CONFIG"/>
    <property name="surefire.test.class.path" value="/home/alex/Repositories/hive/standalone-metastore/metastore-server/target/test-classes:/home/alex/Repositories/hive/standalone-metastore/metastore-server/target/classes:/home/alex/Repositories/hive/standalone-metastore/metastore-common/target/classes:/home/alex/.m2/repository/org/antlr/ST4/4.0.4/ST4-4.0.4.jar:/home/alex/.m2/repository/org/apache/zookeeper/zookeeper/3.5.5/zookeeper-3.5.5.jar:/home/alex/.m2/repository/org/apache/zookeeper/zookeeper-jute/3.5.5/zookeeper-jute-3.5.5.jar:/home/alex/.m2/repository/org/apache/yetus/audience-annotations/0.5.0/audience-annotations-0.5.0.jar:/home/alex/.m2/repository/com/github/ben-manes/caffeine/caffeine/2.8.4/caffeine-2.8.4.jar:/home/alex/.m2/repository/org/checkerframework/checker-qual/3.4.0/checker-qual-3.4.0.jar:/home/alex/.m2/repository/com/google/errorprone/error_prone_annotations/2.3.4/error_prone_annotations-2.3.4.jar:/home/alex/.m2/repository/org/apache/curator/curator-recipes/4.2.0/curator-recipes-4.2.0.jar:/home/alex/.m2/repository/org/apache/curator/curator-framework/4.2.0/curator-framework-4.2.0.jar:/home/alex/.m2/repository/org/apache/curator/curator-client/4.2.0/curator-client-4.2.0.jar:/home/alex/.m2/repository/org/slf4j/slf4j-api/1.7.30/slf4j-api-1.7.30.jar:/home/alex/.m2/repository/org/apache/orc/orc-core/1.6.9/orc-core-1.6.9.jar:/home/alex/.m2/repository/org/apache/orc/orc-shims/1.6.9/orc-shims-1.6.9.jar:/home/alex/.m2/repository/io/airlift/aircompressor/0.19/aircompressor-0.19.jar:/home/alex/.m2/repository/javax/xml/bind/jaxb-api/2.2.11/jaxb-api-2.2.11.jar:/home/alex/.m2/repository/org/jetbrains/annotations/17.0.0/annotations-17.0.0.jar:/home/alex/.m2/repository/org/threeten/threeten-extra/1.5.0/threeten-extra-1.5.0.jar:/home/alex/.m2/repository/com/fasterxml/jackson/core/jackson-databind/2.12.0/jackson-databind-2.12.0.jar:/home/alex/.m2/repository/com/fasterxml/jackson/core/jackson-annotations/2.12.0/jackson-annotations-2.12.0.jar:/home/alex/.m2/repository/com/fasterxml/jackson/core/jackson-core/2.12.0/jackson-core-2.12.0.jar:/home/alex/.m2/repository/com/github/joshelser/dropwizard-metrics-hadoop-metrics2-reporter/0.1.2/dropwizard-metrics-hadoop-metrics2-reporter-0.1.2.jar:/home/alex/.m2/repository/com/google/guava/guava/19.0/guava-19.0.jar:/home/alex/.m2/repository/com/google/protobuf/protobuf-java/2.6.1/protobuf-java-2.6.1.jar:/home/alex/.m2/repository/com/zaxxer/HikariCP/2.6.1/HikariCP-2.6.1.jar:/home/alex/.m2/repository/org/apache/commons/commons-dbcp2/2.7.0/commons-dbcp2-2.7.0.jar:/home/alex/.m2/repository/org/apache/commons/commons-pool2/2.7.0/commons-pool2-2.7.0.jar:/home/alex/.m2/repository/io/dropwizard/metrics/metrics-core/3.1.0/metrics-core-3.1.0.jar:/home/alex/.m2/repository/io/dropwizard/metrics/metrics-jvm/3.1.0/metrics-jvm-3.1.0.jar:/home/alex/.m2/repository/io/dropwizard/metrics/metrics-json/3.1.0/metrics-json-3.1.0.jar:/home/alex/.m2/repository/javolution/javolution/5.5.1/javolution-5.5.1.jar:/home/alex/.m2/repository/org/antlr/antlr-runtime/3.5.2/antlr-runtime-3.5.2.jar:/home/alex/.m2/repository/org/apache/commons/commons-lang3/3.9/commons-lang3-3.9.jar:/home/alex/.m2/repository/org/apache/derby/derby/10.14.1.0/derby-10.14.1.0.jar:/home/alex/.m2/repository/org/apache/hadoop/hadoop-common/3.1.0/hadoop-common-3.1.0.jar:/home/alex/.m2/repository/org/apache/hadoop/hadoop-annotations/3.1.0/hadoop-annotations-3.1.0.jar:/usr/lib/jvm/java-8-openjdk-amd64/jre/../lib/tools.jar:/home/alex/.m2/repository/commons-cli/commons-cli/1.2/commons-cli-1.2.jar:/home/alex/.m2/repository/org/apache/commons/commons-math3/3.1.1/commons-math3-3.1.1.jar:/home/alex/.m2/repository/org/apache/httpcomponents/httpclient/4.5.2/httpclient-4.5.2.jar:/home/alex/.m2/repository/commons-codec/commons-codec/1.11/commons-codec-1.11.jar:/home/alex/.m2/repository/commons-io/commons-io/2.5/commons-io-2.5.jar:/home/alex/.m2/repository/commons-net/commons-net/3.6/commons-net-3.6.jar:/home/alex/.m2/repository/commons-collections/commons-collections/3.2.2/commons-collections-3.2.2.jar:/home/alex/.m2/repository/javax/servlet/javax.servlet-api/3.1.0/javax.servlet-api-3.1.0.jar:/home/alex/.m2/repository/org/eclipse/jetty/jetty-server/9.3.19.v20170502/jetty-server-9.3.19.v20170502.jar:/home/alex/.m2/repository/org/eclipse/jetty/jetty-http/9.3.19.v20170502/jetty-http-9.3.19.v20170502.jar:/home/alex/.m2/repository/org/eclipse/jetty/jetty-io/9.3.19.v20170502/jetty-io-9.3.19.v20170502.jar:/home/alex/.m2/repository/org/eclipse/jetty/jetty-util/9.3.19.v20170502/jetty-util-9.3.19.v20170502.jar:/home/alex/.m2/repository/org/eclipse/jetty/jetty-servlet/9.3.19.v20170502/jetty-servlet-9.3.19.v20170502.jar:/home/alex/.m2/repository/org/eclipse/jetty/jetty-security/9.3.19.v20170502/jetty-security-9.3.19.v20170502.jar:/home/alex/.m2/repository/org/eclipse/jetty/jetty-webapp/9.3.19.v20170502/jetty-webapp-9.3.19.v20170502.jar:/home/alex/.m2/repository/org/eclipse/jetty/jetty-xml/9.3.19.v20170502/jetty-xml-9.3.19.v20170502.jar:/home/alex/.m2/repository/javax/servlet/jsp/jsp-api/2.1/jsp-api-2.1.jar:/home/alex/.m2/repository/com/sun/jersey/jersey-core/1.19/jersey-core-1.19.jar:/home/alex/.m2/repository/javax/ws/rs/jsr311-api/1.1.1/jsr311-api-1.1.1.jar:/home/alex/.m2/repository/com/sun/jersey/jersey-servlet/1.19/jersey-servlet-1.19.jar:/home/alex/.m2/repository/com/sun/jersey/jersey-json/1.19/jersey-json-1.19.jar:/home/alex/.m2/repository/org/codehaus/jettison/jettison/1.1/jettison-1.1.jar:/home/alex/.m2/repository/com/sun/xml/bind/jaxb-impl/2.2.3-1/jaxb-impl-2.2.3-1.jar:/home/alex/.m2/repository/org/codehaus/jackson/jackson-core-asl/1.9.2/jackson-core-asl-1.9.2.jar:/home/alex/.m2/repository/org/codehaus/jackson/jackson-mapper-asl/1.9.2/jackson-mapper-asl-1.9.2.jar:/home/alex/.m2/repository/org/codehaus/jackson/jackson-jaxrs/1.9.2/jackson-jaxrs-1.9.2.jar:/home/alex/.m2/repository/org/codehaus/jackson/jackson-xc/1.9.2/jackson-xc-1.9.2.jar:/home/alex/.m2/repository/com/sun/jersey/jersey-server/1.19/jersey-server-1.19.jar:/home/alex/.m2/repository/log4j/log4j/1.2.17/log4j-1.2.17.jar:/home/alex/.m2/repository/commons-lang/commons-lang/2.6/commons-lang-2.6.jar:/home/alex/.m2/repository/org/apache/commons/commons-configuration2/2.1.1/commons-configuration2-2.1.1.jar:/home/alex/.m2/repository/org/apache/avro/avro/1.7.7/avro-1.7.7.jar:/home/alex/.m2/repository/com/thoughtworks/paranamer/paranamer/2.3/paranamer-2.3.jar:/home/alex/.m2/repository/org/xerial/snappy/snappy-java/1.0.5/snappy-java-1.0.5.jar:/home/alex/.m2/repository/com/google/re2j/re2j/1.1/re2j-1.1.jar:/home/alex/.m2/repository/com/google/code/gson/gson/2.2.4/gson-2.2.4.jar:/home/alex/.m2/repository/org/apache/hadoop/hadoop-auth/3.1.0/hadoop-auth-3.1.0.jar:/home/alex/.m2/repository/com/nimbusds/nimbus-jose-jwt/4.41.1/nimbus-jose-jwt-4.41.1.jar:/home/alex/.m2/repository/com/github/stephenc/jcip/jcip-annotations/1.0-1/jcip-annotations-1.0-1.jar:/home/alex/.m2/repository/net/minidev/json-smart/2.3/json-smart-2.3.jar:/home/alex/.m2/repository/net/minidev/accessors-smart/1.2/accessors-smart-1.2.jar:/home/alex/.m2/repository/org/ow2/asm/asm/5.0.4/asm-5.0.4.jar:/home/alex/.m2/repository/com/jcraft/jsch/0.1.54/jsch-0.1.54.jar:/home/alex/.m2/repository/com/google/code/findbugs/jsr305/3.0.0/jsr305-3.0.0.jar:/home/alex/.m2/repository/org/apache/htrace/htrace-core4/4.1.0-incubating/htrace-core4-4.1.0-incubating.jar:/home/alex/.m2/repository/org/apache/commons/commons-compress/1.4.1/commons-compress-1.4.1.jar:/home/alex/.m2/repository/org/tukaani/xz/1.0/xz-1.0.jar:/home/alex/.m2/repository/org/apache/kerby/kerb-simplekdc/1.0.1/kerb-simplekdc-1.0.1.jar:/home/alex/.m2/repository/org/apache/kerby/kerb-client/1.0.1/kerb-client-1.0.1.jar:/home/alex/.m2/repository/org/apache/kerby/kerby-config/1.0.1/kerby-config-1.0.1.jar:/home/alex/.m2/repository/org/apache/kerby/kerb-core/1.0.1/kerb-core-1.0.1.jar:/home/alex/.m2/repository/org/apache/kerby/kerby-pkix/1.0.1/kerby-pkix-1.0.1.jar:/home/alex/.m2/repository/org/apache/kerby/kerby-asn1/1.0.1/kerby-asn1-1.0.1.jar:/home/alex/.m2/repository/org/apache/kerby/kerby-util/1.0.1/kerby-util-1.0.1.jar:/home/alex/.m2/repository/org/apache/kerby/kerb-common/1.0.1/kerb-common-1.0.1.jar:/home/alex/.m2/repository/org/apache/kerby/kerb-crypto/1.0.1/kerb-crypto-1.0.1.jar:/home/alex/.m2/repository/org/apache/kerby/kerb-util/1.0.1/kerb-util-1.0.1.jar:/home/alex/.m2/repository/org/apache/kerby/token-provider/1.0.1/token-provider-1.0.1.jar:/home/alex/.m2/repository/org/apache/kerby/kerb-admin/1.0.1/kerb-admin-1.0.1.jar:/home/alex/.m2/repository/org/apache/kerby/kerb-server/1.0.1/kerb-server-1.0.1.jar:/home/alex/.m2/repository/org/apache/kerby/kerb-identity/1.0.1/kerb-identity-1.0.1.jar:/home/alex/.m2/repository/org/apache/kerby/kerby-xdr/1.0.1/kerby-xdr-1.0.1.jar:/home/alex/.m2/repository/org/codehaus/woodstox/stax2-api/3.1.4/stax2-api-3.1.4.jar:/home/alex/.m2/repository/com/fasterxml/woodstox/woodstox-core/5.0.3/woodstox-core-5.0.3.jar:/home/alex/.m2/repository/org/apache/hadoop/hadoop-distcp/3.1.0/hadoop-distcp-3.1.0.jar:/home/alex/.m2/repository/org/apache/hadoop/hadoop-hdfs/3.1.0/hadoop-hdfs-3.1.0.jar:/home/alex/.m2/repository/org/eclipse/jetty/jetty-util-ajax/9.3.19.v20170502/jetty-util-ajax-9.3.19.v20170502.jar:/home/alex/.m2/repository/commons-daemon/commons-daemon/1.0.13/commons-daemon-1.0.13.jar:/home/alex/.m2/repository/org/fusesource/leveldbjni/leveldbjni-all/1.8/leveldbjni-all-1.8.jar:/home/alex/.m2/repository/org/apache/hadoop/hadoop-hdfs-client/3.1.0/hadoop-hdfs-client-3.1.0.jar:/home/alex/.m2/repository/com/squareup/okhttp/okhttp/2.7.5/okhttp-2.7.5.jar:/home/alex/.m2/repository/com/squareup/okio/okio/1.6.0/okio-1.6.0.jar:/home/alex/.m2/repository/org/apache/hadoop/hadoop-mapreduce-client-core/3.1.0/hadoop-mapreduce-client-core-3.1.0.jar:/home/alex/.m2/repository/org/apache/hadoop/hadoop-yarn-client/3.1.0/hadoop-yarn-client-3.1.0.jar:/home/alex/.m2/repository/org/apache/hadoop/hadoop-yarn-api/3.1.0/hadoop-yarn-api-3.1.0.jar:/home/alex/.m2/repository/org/apache/hadoop/hadoop-yarn-common/3.1.0/hadoop-yarn-common-3.1.0.jar:/home/alex/.m2/repository/com/sun/jersey/jersey-client/1.19/jersey-client-1.19.jar:/home/alex/.m2/repository/com/google/inject/guice/4.0/guice-4.0.jar:/home/alex/.m2/repository/javax/inject/javax.inject/1/javax.inject-1.jar:/home/alex/.m2/repository/aopalliance/aopalliance/1.0/aopalliance-1.0.jar:/home/alex/.m2/repository/com/sun/jersey/contribs/jersey-guice/1.19/jersey-guice-1.19.jar:/home/alex/.m2/repository/com/fasterxml/jackson/module/jackson-module-jaxb-annotations/2.12.0/jackson-module-jaxb-annotations-2.12.0.jar:/home/alex/.m2/repository/jakarta/xml/bind/jakarta.xml.bind-api/2.3.2/jakarta.xml.bind-api-2.3.2.jar:/home/alex/.m2/repository/jakarta/activation/jakarta.activation-api/1.2.1/jakarta.activation-api-1.2.1.jar:/home/alex/.m2/repository/com/fasterxml/jackson/jaxrs/jackson-jaxrs-json-provider/2.12.0/jackson-jaxrs-json-provider-2.12.0.jar:/home/alex/.m2/repository/com/fasterxml/jackson/jaxrs/jackson-jaxrs-base/2.12.0/jackson-jaxrs-base-2.12.0.jar:/home/alex/.m2/repository/com/google/inject/extensions/guice-servlet/4.0/guice-servlet-4.0.jar:/home/alex/.m2/repository/commons-beanutils/commons-beanutils/1.9.4/commons-beanutils-1.9.4.jar:/home/alex/Repositories/hive/storage-api/target/classes:/home/alex/.m2/repository/org/apache/logging/log4j/log4j-slf4j-impl/2.13.2/log4j-slf4j-impl-2.13.2.jar:/home/alex/.m2/repository/org/apache/logging/log4j/log4j-api/2.13.2/log4j-api-2.13.2.jar:/home/alex/.m2/repository/org/apache/logging/log4j/log4j-1.2-api/2.13.2/log4j-1.2-api-2.13.2.jar:/home/alex/.m2/repository/org/apache/logging/log4j/log4j-core/2.13.2/log4j-core-2.13.2.jar:/home/alex/.m2/repository/org/apache/thrift/libfb303/0.9.3/libfb303-0.9.3.jar:/home/alex/.m2/repository/org/apache/thrift/libthrift/0.14.1/libthrift-0.14.1.jar:/home/alex/.m2/repository/org/apache/httpcomponents/httpcore/4.4.12/httpcore-4.4.12.jar:/home/alex/.m2/repository/org/apache/tomcat/embed/tomcat-embed-core/8.5.46/tomcat-embed-core-8.5.46.jar:/home/alex/.m2/repository/org/apache/tomcat/tomcat-annotations-api/8.5.46/tomcat-annotations-api-8.5.46.jar:/home/alex/.m2/repository/javax/annotation/javax.annotation-api/1.3.2/javax.annotation-api-1.3.2.jar:/home/alex/.m2/repository/org/datanucleus/datanucleus-api-jdo/5.2.4/datanucleus-api-jdo-5.2.4.jar:/home/alex/.m2/repository/org/datanucleus/datanucleus-core/5.2.4/datanucleus-core-5.2.4.jar:/home/alex/.m2/repository/org/datanucleus/datanucleus-rdbms/5.2.4/datanucleus-rdbms-5.2.4.jar:/home/alex/.m2/repository/org/datanucleus/javax.jdo/3.2.0-release/javax.jdo-3.2.0-release.jar:/home/alex/.m2/repository/javax/transaction/javax.transaction-api/1.3/javax.transaction-api-1.3.jar:/home/alex/.m2/repository/org/glassfish/corba/glassfish-corba-omgapi/4.2.2/glassfish-corba-omgapi-4.2.2.jar:/home/alex/.m2/repository/org/skyscreamer/jsonassert/1.4.0/jsonassert-1.4.0.jar:/home/alex/.m2/repository/com/vaadin/external/google/android-json/0.0.20131108.vaadin1/android-json-0.0.20131108.vaadin1.jar:/home/alex/.m2/repository/sqlline/sqlline/1.9.0/sqlline-1.9.0.jar:/home/alex/.m2/repository/org/jline/jline-terminal/3.12.1/jline-terminal-3.12.1.jar:/home/alex/.m2/repository/org/jline/jline-reader/3.12.1/jline-reader-3.12.1.jar:/home/alex/.m2/repository/org/jline/jline-terminal-jansi/3.12.1/jline-terminal-jansi-3.12.1.jar:/home/alex/.m2/repository/org/fusesource/jansi/jansi/1.18/jansi-1.18.jar:/home/alex/.m2/repository/org/jline/jline-terminal-jna/3.12.1/jline-terminal-jna-3.12.1.jar:/home/alex/.m2/repository/net/java/dev/jna/jna/5.3.1/jna-5.3.1.jar:/home/alex/.m2/repository/org/jline/jline-builtins/3.12.1/jline-builtins-3.12.1.jar:/home/alex/.m2/repository/org/jline/jline-style/3.12.1/jline-style-3.12.1.jar:/home/alex/.m2/repository/jline/jline/2.14.6/jline-2.14.6.jar:/home/alex/.m2/repository/commons-logging/commons-logging/1.1.3/commons-logging-1.1.3.jar:/home/alex/.m2/repository/com/cronutils/cron-utils/9.1.3/cron-utils-9.1.3.jar:/home/alex/.m2/repository/org/glassfish/javax.el/3.0.0/javax.el-3.0.0.jar:/home/alex/.m2/repository/com/oracle/database/jdbc/ojdbc8/21.3.0.0/ojdbc8-21.3.0.0.jar:/home/alex/.m2/repository/mysql/mysql-connector-java/8.0.27/mysql-connector-java-8.0.27.jar:/home/alex/.m2/repository/com/microsoft/sqlserver/mssql-jdbc/6.2.1.jre8/mssql-jdbc-6.2.1.jre8.jar:/home/alex/.m2/repository/junit/junit/4.13/junit-4.13.jar:/home/alex/.m2/repository/org/hamcrest/hamcrest-core/1.3/hamcrest-core-1.3.jar:/home/alex/.m2/repository/org/apache/directory/server/apacheds-server-integ/1.5.7/apacheds-server-integ-1.5.7.jar:/home/alex/.m2/repository/org/apache/directory/server/apacheds-interceptor-kerberos/1.5.7/apacheds-interceptor-kerberos-1.5.7.jar:/home/alex/.m2/repository/org/apache/directory/server/apacheds-core/1.5.7/apacheds-core-1.5.7.jar:/home/alex/.m2/repository/org/apache/directory/server/apacheds-core-api/1.5.7/apacheds-core-api-1.5.7.jar:/home/alex/.m2/repository/org/apache/directory/server/apacheds-core-entry/1.5.7/apacheds-core-entry-1.5.7.jar:/home/alex/.m2/repository/org/apache/directory/server/apacheds-core-constants/1.5.7/apacheds-core-constants-1.5.7.jar:/home/alex/.m2/repository/org/apache/directory/server/apacheds-utils/1.5.7/apacheds-utils-1.5.7.jar:/home/alex/.m2/repository/org/apache/directory/server/apacheds-kerberos-shared/1.5.7/apacheds-kerberos-shared-1.5.7.jar:/home/alex/.m2/repository/org/apache/directory/server/apacheds-core-jndi/1.5.7/apacheds-core-jndi-1.5.7.jar:/home/alex/.m2/repository/org/apache/directory/server/apacheds-protocol-shared/1.5.7/apacheds-protocol-shared-1.5.7.jar:/home/alex/.m2/repository/org/apache/directory/server/apacheds-core-integ/1.5.7/apacheds-core-integ-1.5.7.jar:/home/alex/.m2/repository/ldapsdk/ldapsdk/4.1/ldapsdk-4.1.jar:/home/alex/.m2/repository/org/apache/directory/client/ldap/ldap-client-api/0.1/ldap-client-api-0.1.jar:/home/alex/.m2/repository/commons-pool/commons-pool/1.5.4/commons-pool-1.5.4.jar:/home/alex/.m2/repository/org/apache/mina/mina-core/2.0.0-RC1/mina-core-2.0.0-RC1.jar:/home/alex/.m2/repository/org/apache/directory/shared/shared-ldap/0.9.19/shared-ldap-0.9.19.jar:/home/alex/.m2/repository/org/apache/directory/shared/shared-i18n/0.9.19/shared-i18n-0.9.19.jar:/home/alex/.m2/repository/antlr/antlr/2.7.7/antlr-2.7.7.jar:/home/alex/.m2/repository/org/apache/directory/shared/shared-ldap-schema/0.9.19/shared-ldap-schema-0.9.19.jar:/home/alex/.m2/repository/org/apache/directory/shared/shared-ldap-schema-loader/0.9.19/shared-ldap-schema-loader-0.9.19.jar:/home/alex/.m2/repository/org/apache/directory/shared/shared-ldap-schema-manager/0.9.19/shared-ldap-schema-manager-0.9.19.jar:/home/alex/.m2/repository/org/apache/directory/shared/shared-cursor/0.9.19/shared-cursor-0.9.19.jar:/home/alex/.m2/repository/org/apache/directory/shared/shared-ldap-jndi/0.9.19/shared-ldap-jndi-0.9.19.jar:/home/alex/.m2/repository/org/apache/directory/shared/shared-asn1-codec/0.9.19/shared-asn1-codec-0.9.19.jar:/home/alex/.m2/repository/org/apache/directory/shared/shared-asn1/0.9.19/shared-asn1-0.9.19.jar:/home/alex/.m2/repository/org/apache/directory/shared/shared-ldap-constants/0.9.19/shared-ldap-constants-0.9.19.jar:/home/alex/.m2/repository/org/apache/directory/shared/shared-ldap-converter/0.9.19/shared-ldap-converter-0.9.19.jar:/home/alex/.m2/repository/org/apache/directory/shared/shared-ldap-schema-dao/0.9.19/shared-ldap-schema-dao-0.9.19.jar:/home/alex/.m2/repository/org/apache/directory/shared/shared-ldif/0.9.19/shared-ldif-0.9.19.jar:/home/alex/.m2/repository/org/apache/directory/shared/shared-dsml-parser/0.9.19/shared-dsml-parser-0.9.19.jar:/home/alex/.m2/repository/dom4j/dom4j/1.6.1/dom4j-1.6.1.jar:/home/alex/.m2/repository/xml-apis/xml-apis/1.0.b2/xml-apis-1.0.b2.jar:/home/alex/.m2/repository/xpp3/xpp3/1.1.4c/xpp3-1.1.4c.jar:/home/alex/.m2/repository/org/apache/directory/server/apacheds-test-framework/1.5.7/apacheds-test-framework-1.5.7.jar:/home/alex/.m2/repository/org/apache/directory/server/apacheds-i18n/1.5.7/apacheds-i18n-1.5.7.jar:/home/alex/.m2/repository/org/apache/directory/server/apacheds-server-annotations/1.5.7/apacheds-server-annotations-1.5.7.jar:/home/alex/.m2/repository/org/apache/directory/server/apacheds-core-annotations/1.5.7/apacheds-core-annotations-1.5.7.jar:/home/alex/.m2/repository/org/apache/directory/server/apacheds-jdbm-partition/1.5.7/apacheds-jdbm-partition-1.5.7.jar:/home/alex/.m2/repository/org/apache/directory/server/apacheds-jdbm-store/1.5.7/apacheds-jdbm-store-1.5.7.jar:/home/alex/.m2/repository/org/apache/directory/server/apacheds-jdbm/1.5.7/apacheds-jdbm-1.5.7.jar:/home/alex/.m2/repository/org/apache/directory/server/apacheds-core-avl/1.5.7/apacheds-core-avl-1.5.7.jar:/home/alex/.m2/repository/org/apache/directory/server/apacheds-xdbm-search/1.5.7/apacheds-xdbm-search-1.5.7.jar:/home/alex/.m2/repository/org/apache/directory/server/apacheds-ldif-partition/1.5.7/apacheds-ldif-partition-1.5.7.jar:/home/alex/.m2/repository/org/apache/directory/server/apacheds-avl-partition/1.5.7/apacheds-avl-partition-1.5.7.jar:/home/alex/.m2/repository/org/apache/directory/server/apacheds-core-mock/1.5.7/apacheds-core-mock-1.5.7.jar:/home/alex/.m2/repository/org/apache/directory/server/apacheds-protocol-ldap/1.5.7/apacheds-protocol-ldap-1.5.7.jar:/home/alex/.m2/repository/org/apache/directory/server/apacheds-xdbm-tools/1.5.7/apacheds-xdbm-tools-1.5.7.jar:/home/alex/.m2/repository/org/apache/directory/server/apacheds-xdbm-base/1.5.7/apacheds-xdbm-base-1.5.7.jar:/home/alex/.m2/repository/org/apache/directory/server/apacheds-protocol-kerberos/1.5.7/apacheds-protocol-kerberos-1.5.7.jar:/home/alex/.m2/repository/org/mockito/mockito-core/3.3.3/mockito-core-3.3.3.jar:/home/alex/.m2/repository/net/bytebuddy/byte-buddy/1.10.5/byte-buddy-1.10.5.jar:/home/alex/.m2/repository/net/bytebuddy/byte-buddy-agent/1.10.5/byte-buddy-agent-1.10.5.jar:/home/alex/.m2/repository/org/objenesis/objenesis/2.6/objenesis-2.6.jar:/home/alex/.m2/repository/org/postgresql/postgresql/42.2.14/postgresql-42.2.14.jar:/home/alex/.m2/repository/org/apache/curator/curator-test/4.2.0/curator-test-4.2.0.jar:/home/alex/Repositories/hive/standalone-metastore/metastore-server/src/test/resources:"/>
    <property name="nondexExecid" value="SqpiD753zpxrd2eKykNCxu0j14dHG1RoeLNfSTJpxAs="/>
    <property name="sun.cpu.endian" value="little"/>
    <property name="user.home" value="/home/alex"/>
    <property name="user.language" value="en"/>
    <property name="java.specification.vendor" value="Oracle Corporation"/>
    <property name="metastore.schema.verification" value="false"/>
    <property name="java.home" value="/usr/lib/jvm/java-8-openjdk-amd64/jre"/>
    <property name="hive.metastore.warehouse.external.dir" value="file:///home/alex/Repositories/hive/standalone-metastore/metastore-server/target/external"/>
    <property name="file.separator" value="/"/>
    <property name="basedir" value="/home/alex/Repositories/hive/standalone-metastore/metastore-server"/>
    <property name="line.separator" value="&#10;"/>
    <property name="metastore.warehouse.dir" value="file:///home/alex/Repositories/hive/standalone-metastore/metastore-server/target/warehouse"/>
    <property name="nondexEnd" value="9223372036854775807"/>
    <property name="java.specification.name" value="Java Platform API Specification"/>
    <property name="derby.stream.error.file" value="/home/alex/Repositories/hive/standalone-metastore/metastore-server/target/tmp/derby.log"/>
    <property name="java.vm.specification.vendor" value="Oracle Corporation"/>
    <property name="java.awt.graphicsenv" value="sun.awt.X11GraphicsEnvironment"/>
    <property name="nondexFilter" value=".*"/>
    <property name="nondexSeed" value="933178"/>
    <property name="surefire.real.class.path" value="/home/alex/Repositories/hive/standalone-metastore/metastore-server/target/surefire/surefirebooter7309629262654793664.jar"/>
    <property name="log4j.debug" value="true"/>
    <property name="sun.boot.class.path" value="/home/alex/Repositories/hive/standalone-metastore/metastore-server/.nondex/nondex-instr.jar:/home/alex/.m2/repository/edu/illinois/nondex-common/2.1.7/nondex-common-2.1.7.jar:/home/alex/.m2/repository/edu/illinois/nondex-annotations/2.1.7/nondex-annotations-2.1.7.jar:/usr/lib/jvm/java-8-openjdk-amd64/jre/lib/resources.jar:/usr/lib/jvm/java-8-openjdk-amd64/jre/lib/rt.jar:/usr/lib/jvm/java-8-openjdk-amd64/jre/lib/sunrsasign.jar:/usr/lib/jvm/java-8-openjdk-amd64/jre/lib/jsse.jar:/usr/lib/jvm/java-8-openjdk-amd64/jre/lib/jce.jar:/usr/lib/jvm/java-8-openjdk-amd64/jre/lib/charsets.jar:/usr/lib/jvm/java-8-openjdk-amd64/jre/lib/jfr.jar:/usr/lib/jvm/java-8-openjdk-amd64/jre/classes"/>
    <property name="sun.management.compiler" value="HotSpot 64-Bit Tiered Compilers"/>
    <property name="java.runtime.version" value="1.8.0_402-8u402-ga-2ubuntu1~22.04-b06"/>
    <property name="user.name" value="alex"/>
    <property name="path.separator" value=":"/>
    <property name="javax.jdo.option.ConnectionURL" value="jdbc:derby:memory:/home/alex/Repositories/hive/standalone-metastore/metastore-server/target/tmp/junit_metastore_db;create=true"/>
    <property name="os.version" value="6.5.0-28-generic"/>
    <property name="java.endorsed.dirs" value="/usr/lib/jvm/java-8-openjdk-amd64/jre/lib/endorsed"/>
    <property name="java.runtime.name" value="OpenJDK Runtime Environment"/>
    <property name="file.encoding" value="UTF-8"/>
    <property name="java.vm.name" value="OpenJDK 64-Bit Server VM"/>
    <property name="localRepository" value="/home/alex/.m2/repository"/>
    <property name="nondexDir" value="/home/alex/Repositories/hive/standalone-metastore/metastore-server/.nondex"/>
    <property name="build.dir" value="/home/alex/Repositories/hive/standalone-metastore/metastore-server/target"/>
    <property name="nondexJarDir" value="/home/alex/Repositories/hive/standalone-metastore/metastore-server/.nondex"/>
    <property name="java.vendor.url.bug" value="http://bugreport.sun.com/bugreport/"/>
    <property name="java.io.tmpdir" value="/home/alex/Repositories/hive/standalone-metastore/metastore-server/target/tmp"/>
    <property name="com.zaxxer.hikari.pool_number" value="3"/>
    <property name="java.version" value="1.8.0_402"/>
    <property name="user.dir" value="/home/alex/Repositories/hive/standalone-metastore/metastore-server"/>
    <property name="os.arch" value="amd64"/>
    <property name="nondexMode" value="FULL"/>
    <property name="java.vm.specification.name" value="Java Virtual Machine Specification"/>
    <property name="user.language.format" value="pt"/>
    <property name="java.awt.printerjob" value="sun.print.PSPrinterJob"/>
    <property name="sun.os.patch.level" value="unknown"/>
    <property name="derby.version" value="10.14.1.0"/>
    <property name="java.library.path" value="/usr/java/packages/lib/amd64:/usr/lib/x86_64-linux-gnu/jni:/lib/x86_64-linux-gnu:/usr/lib/x86_64-linux-gnu:/usr/lib/jni:/lib:/usr/lib"/>
    <property name="java.vendor" value="Private Build"/>
    <property name="java.vm.info" value="mixed mode"/>
    <property name="java.vm.version" value="25.402-b06"/>
    <property name="java.specification.maintenance.version" value="5"/>
    <property name="java.ext.dirs" value="/usr/lib/jvm/java-8-openjdk-amd64/jre/lib/ext:/usr/java/packages/lib/ext"/>
    <property name="sun.io.unicode.encoding" value="UnicodeLittle"/>
    <property name="datanucleus.schema.autoCreateAll" value="true"/>
    <property name="java.class.version" value="52.0"/>
  </properties>
  <testcase name="testGetFields" classname="org.apache.hadoop.hive.metastore.TestHmsServerAuthorization" time="0.518"/>
  <testcase name="" classname="org.apache.hadoop.hive.metastore.TestHmsServerAuthorization" time="21.181">
    <error message="javax.jdo.JDODataStoreException: Exception thrown flushing changes to datastore&#10;NestedThrowables:&#10;java.sql.BatchUpdateException: DELETE on table &apos;DBS&apos; caused a violation of foreign key constraint &apos;TBLS_FK1&apos; for key (2).  The statement has been rolled back." type="org.apache.hadoop.hive.metastore.api.MetaException"><![CDATA[org.apache.hadoop.hive.metastore.api.MetaException: 
javax.jdo.JDODataStoreException: Exception thrown flushing changes to datastore
NestedThrowables:
java.sql.BatchUpdateException: DELETE on table 'DBS' caused a violation of foreign key constraint 'TBLS_FK1' for key (2).  The statement has been rolled back.
	at org.apache.hadoop.hive.metastore.TestHmsServerAuthorization.tearDown(TestHmsServerAuthorization.java:129)
Caused by: javax.jdo.JDODataStoreException: Exception thrown flushing changes to datastore
	at org.apache.hadoop.hive.metastore.TestHmsServerAuthorization.tearDown(TestHmsServerAuthorization.java:129)
Caused by: java.sql.BatchUpdateException: DELETE on table 'DBS' caused a violation of foreign key constraint 'TBLS_FK1' for key (2).  The statement has been rolled back.
	at org.apache.hadoop.hive.metastore.TestHmsServerAuthorization.tearDown(TestHmsServerAuthorization.java:129)
Caused by: org.apache.derby.shared.common.error.DerbySQLIntegrityConstraintViolationException: DELETE on table 'DBS' caused a violation of foreign key constraint 'TBLS_FK1' for key (2).  The statement has been rolled back.
	at org.apache.hadoop.hive.metastore.TestHmsServerAuthorization.tearDown(TestHmsServerAuthorization.java:129)
Caused by: org.apache.derby.iapi.error.StandardException: DELETE on table 'DBS' caused a violation of foreign key constraint 'TBLS_FK1' for key (2).  The statement has been rolled back.
	at org.apache.hadoop.hive.metastore.TestHmsServerAuthorization.tearDown(TestHmsServerAuthorization.java:129)
]]></error>
    <system-out><![CDATA[[DEBUG] 2024-04-23 22:57:37.370 [main] PerfLogger - <PERFLOG method=get_database_req from=org.apache.hadoop.hive.metastore.RetryingHMSHandler>
[DEBUG] 2024-04-23 22:57:37.370 [main] HMSHandler - 0: get_database: db_test_get_fields_1
[INFO ] 2024-04-23 22:57:37.370 [main] audit - ugi=alex	ip=unknown-ip-addr	cmd=get_database: db_test_get_fields_1	
[DEBUG] 2024-04-23 22:57:37.370 [main] ObjectStore - Open transaction: count = 1, isActive = true
[DEBUG] 2024-04-23 22:57:37.372 [main] MetaStoreDirectSql - getDatabase: directsql returning db db_test_get_fields_1 locn[file:/home/alex/Repositories/hive/standalone-metastore/metastore-server/target/external/db_test_get_fields_1.db] desc [null] owner [alex] ownertype [USER]
[DEBUG] 2024-04-23 22:57:37.372 [main] ObjectStore - Using direct SQL optimization.
[DEBUG] 2024-04-23 22:57:37.373 [main] ObjectStore - Commit transaction: count = 0, isactive true
[DEBUG] 2024-04-23 22:57:37.373 [main] PoolBase - HikariPool-1 - Reset (autoCommit) on connection org.apache.derby.impl.jdbc.EmbedConnection@1807176280 (XID = 166), (SESSIONID = 1), (DATABASE = memory:/home/alex/Repositories/hive/standalone-metastore/metastore-server/target/tmp/junit_metastore_db), (DRDAID = null) 
[DEBUG] 2024-04-23 22:57:37.373 [main] ObjectStore - db details for db db_test_get_fields_1 retrieved using SQL in 2.548292ms
[INFO ] 2024-04-23 22:57:37.373 [main] MetastoreDefaultTransformer - Starting translation for transformDatabase for processor null with null on database db_test_get_fields_1 locationUri=file:/home/alex/Repositories/hive/standalone-metastore/metastore-server/target/external/db_test_get_fields_1.db managedLocationUri=null
[DEBUG] 2024-04-23 22:57:37.373 [main] MetastoreDefaultTransformer - Comparing DB and warehouse paths warehouse=/home/alex/Repositories/hive/standalone-metastore/metastore-server/target/warehouse db.getLocationUri=/home/alex/Repositories/hive/standalone-metastore/metastore-server/target/external/db_test_get_fields_1.db
[INFO ] 2024-04-23 22:57:37.373 [main] MetastoreDefaultTransformer - Transformer returning database:Database(name:db_test_get_fields_1, description:null, locationUri:file:/home/alex/Repositories/hive/standalone-metastore/metastore-server/target/external/db_test_get_fields_1.db, parameters:{}, ownerName:alex, ownerType:USER, catalogName:hive, createTime:1713909456, type:NATIVE)
[DEBUG] 2024-04-23 22:57:37.373 [main] HMSHandler - get_databasetime taken(ns): 3197554
[DEBUG] 2024-04-23 22:57:37.374 [main] PerfLogger - </PERFLOG method=get_database_req start=1713909457369 end=1713909457374 duration=5 from=org.apache.hadoop.hive.metastore.RetryingHMSHandler threadId=0 retryCount=0 error=false>
[DEBUG] 2024-04-23 22:57:37.374 [main] HiveMetaStoreClient - class=org.apache.hadoop.hive.metastore.HiveMetaStoreClient, method=getDatabase, duration=5, comments=HMS client
[DEBUG] 2024-04-23 22:57:37.374 [main] PerfLogger - <PERFLOG method=get_tables_by_type from=org.apache.hadoop.hive.metastore.RetryingHMSHandler>
[DEBUG] 2024-04-23 22:57:37.375 [main] HMSHandler - 0: get_tables_by_type: db=@hive#db_test_get_fields_1 pat=.*,type=MATERIALIZED_VIEW
[INFO ] 2024-04-23 22:57:37.375 [main] audit - ugi=alex	ip=unknown-ip-addr	cmd=get_tables_by_type: db=@hive#db_test_get_fields_1 pat=.*,type=MATERIALIZED_VIEW	
[DEBUG] 2024-04-23 22:57:37.375 [main] HMSHandler - 0: getTablesByTypeCore: catName=hive: db=db_test_get_fields_1 pat=.*,type=MATERIALIZED_VIEW
[INFO ] 2024-04-23 22:57:37.375 [main] audit - ugi=alex	ip=unknown-ip-addr	cmd=getTablesByTypeCore: catName=hive: db=db_test_get_fields_1 pat=.*,type=MATERIALIZED_VIEW	
[DEBUG] 2024-04-23 22:57:37.376 [main] ObjectStore - Open transaction: count = 1, isActive = true
[DEBUG] 2024-04-23 22:57:37.377 [main] MetaStoreDirectSql - getDatabase: directsql returning db db_test_get_fields_1 locn[file:/home/alex/Repositories/hive/standalone-metastore/metastore-server/target/external/db_test_get_fields_1.db] desc [null] owner [alex] ownertype [USER]
[DEBUG] 2024-04-23 22:57:37.378 [main] ObjectStore - Using direct SQL optimization.
[DEBUG] 2024-04-23 22:57:37.378 [main] ObjectStore - Commit transaction: count = 0, isactive true
[DEBUG] 2024-04-23 22:57:37.378 [main] PoolBase - HikariPool-1 - Reset (autoCommit) on connection org.apache.derby.impl.jdbc.EmbedConnection@1807176280 (XID = 166), (SESSIONID = 1), (DATABASE = memory:/home/alex/Repositories/hive/standalone-metastore/metastore-server/target/tmp/junit_metastore_db), (DRDAID = null) 
[DEBUG] 2024-04-23 22:57:37.378 [main] ObjectStore - db details for db db_test_get_fields_1 retrieved using SQL in 2.521205ms
[DEBUG] 2024-04-23 22:57:37.379 [main] ObjectStore - Open transaction: count = 1, isActive = true
[DEBUG] 2024-04-23 22:57:37.387 [main] ObjectStore - Using direct SQL optimization.
[DEBUG] 2024-04-23 22:57:37.387 [main] ObjectStore - Commit transaction: count = 0, isactive true
[DEBUG] 2024-04-23 22:57:37.387 [main] PoolBase - HikariPool-1 - Reset (autoCommit) on connection org.apache.derby.impl.jdbc.EmbedConnection@1807176280 (XID = 166), (SESSIONID = 1), (DATABASE = memory:/home/alex/Repositories/hive/standalone-metastore/metastore-server/target/tmp/junit_metastore_db), (DRDAID = null) 
[DEBUG] 2024-04-23 22:57:37.387 [main] ObjectStore - 0 entries retrieved using SQL in 8.195589ms
[DEBUG] 2024-04-23 22:57:37.388 [main] HMSHandler - getTablesByTypeCoretime taken(ns): 11810791
[DEBUG] 2024-04-23 22:57:37.388 [main] HMSHandler - get_tables_by_typetime taken(ns): 12650865
[DEBUG] 2024-04-23 22:57:37.388 [main] PerfLogger - </PERFLOG method=get_tables_by_type start=1713909457374 end=1713909457388 duration=14 from=org.apache.hadoop.hive.metastore.RetryingHMSHandler threadId=0 retryCount=0 error=false>
[DEBUG] 2024-04-23 22:57:37.388 [main] PerfLogger - <PERFLOG method=get_all_tables from=org.apache.hadoop.hive.metastore.RetryingHMSHandler>
[DEBUG] 2024-04-23 22:57:37.388 [main] HMSHandler - 0: get_all_tables: db=@hive#db_test_get_fields_1
[INFO ] 2024-04-23 22:57:37.389 [main] audit - ugi=alex	ip=unknown-ip-addr	cmd=get_all_tables: db=@hive#db_test_get_fields_1	
[DEBUG] 2024-04-23 22:57:37.389 [main] ObjectStore - Open transaction: count = 1, isActive = true
[DEBUG] 2024-04-23 22:57:37.394 [main] ObjectStore - Using direct SQL optimization.
[DEBUG] 2024-04-23 22:57:37.394 [main] ObjectStore - Commit transaction: count = 0, isactive true
[DEBUG] 2024-04-23 22:57:37.394 [main] PoolBase - HikariPool-1 - Reset (autoCommit) on connection org.apache.derby.impl.jdbc.EmbedConnection@1807176280 (XID = 166), (SESSIONID = 1), (DATABASE = memory:/home/alex/Repositories/hive/standalone-metastore/metastore-server/target/tmp/junit_metastore_db), (DRDAID = null) 
[DEBUG] 2024-04-23 22:57:37.394 [main] ObjectStore - 2 entries retrieved using SQL in 5.249013ms
[DEBUG] 2024-04-23 22:57:37.394 [main] HMSHandler - get_all_tablestime taken(ns): 5753718
[DEBUG] 2024-04-23 22:57:37.395 [main] PerfLogger - </PERFLOG method=get_all_tables start=1713909457388 end=1713909457395 duration=7 from=org.apache.hadoop.hive.metastore.RetryingHMSHandler threadId=0 retryCount=0 error=false>
[DEBUG] 2024-04-23 22:57:37.395 [main] HiveMetaStoreClient - Selecting dropDatabase method for db_test_get_fields_1 (2 tables), metastore.batch.retrieve.max=2
[DEBUG] 2024-04-23 22:57:37.395 [main] HiveMetaStoreClient - Dropping database in a per DB manner.
[DEBUG] 2024-04-23 22:57:37.395 [main] PerfLogger - <PERFLOG method=get_table_objects_by_name_req from=org.apache.hadoop.hive.metastore.RetryingHMSHandler>
[DEBUG] 2024-04-23 22:57:37.395 [main] ObjectStore - Open transaction: count = 1, isActive = true
[DEBUG] 2024-04-23 22:57:37.397 [main] MetaStoreDirectSql - getDatabase: directsql returning db db_test_get_fields_1 locn[file:/home/alex/Repositories/hive/standalone-metastore/metastore-server/target/external/db_test_get_fields_1.db] desc [null] owner [alex] ownertype [USER]
[DEBUG] 2024-04-23 22:57:37.397 [main] ObjectStore - Using direct SQL optimization.
[DEBUG] 2024-04-23 22:57:37.397 [main] ObjectStore - Commit transaction: count = 0, isactive true
[DEBUG] 2024-04-23 22:57:37.398 [main] PoolBase - HikariPool-1 - Reset (autoCommit) on connection org.apache.derby.impl.jdbc.EmbedConnection@1807176280 (XID = 166), (SESSIONID = 1), (DATABASE = memory:/home/alex/Repositories/hive/standalone-metastore/metastore-server/target/tmp/junit_metastore_db), (DRDAID = null) 
[DEBUG] 2024-04-23 22:57:37.398 [main] ObjectStore - db details for db db_test_get_fields_1 retrieved using SQL in 2.218252ms
[DEBUG] 2024-04-23 22:57:37.399 [main] HMSHandler - 0: get_multi_table : db=db_test_get_fields_1 tbls=tab1,tab2
[INFO ] 2024-04-23 22:57:37.399 [main] audit - ugi=alex	ip=unknown-ip-addr	cmd=get_multi_table : db=db_test_get_fields_1 tbls=tab1,tab2	
[DEBUG] 2024-04-23 22:57:37.400 [main] ObjectStore - Open transaction: count = 1, isActive = true
[DEBUG] 2024-04-23 22:57:37.411 [main] ObjectStore - Open transaction: count = 2, isActive = true
[DEBUG] 2024-04-23 22:57:37.413 [main] MetaStoreDirectSql - getDatabase: directsql returning db db_test_get_fields_1 locn[file:/home/alex/Repositories/hive/standalone-metastore/metastore-server/target/external/db_test_get_fields_1.db] desc [null] owner [alex] ownertype [USER]
[DEBUG] 2024-04-23 22:57:37.413 [main] ObjectStore - Using direct SQL optimization.
[DEBUG] 2024-04-23 22:57:37.413 [main] ObjectStore - Commit transaction: count = 1, isactive true
[DEBUG] 2024-04-23 22:57:37.413 [main] ObjectStore - db details for db db_test_get_fields_1 retrieved using SQL in 2.157129ms
[DEBUG] 2024-04-23 22:57:37.413 [main] ObjectStore - Commit transaction: count = 0, isactive true
[DEBUG] 2024-04-23 22:57:37.414 [main] PoolBase - HikariPool-1 - Reset (autoCommit) on connection org.apache.derby.impl.jdbc.EmbedConnection@1807176280 (XID = 166), (SESSIONID = 1), (DATABASE = memory:/home/alex/Repositories/hive/standalone-metastore/metastore-server/target/tmp/junit_metastore_db), (DRDAID = null) 
[DEBUG] 2024-04-23 22:57:37.414 [main] HMSHandler - get_multi_tabletime taken(ns): 14333852
[DEBUG] 2024-04-23 22:57:37.414 [main] PerfLogger - </PERFLOG method=get_table_objects_by_name_req start=1713909457395 end=1713909457414 duration=19 from=org.apache.hadoop.hive.metastore.RetryingHMSHandler threadId=0 retryCount=0 error=false>
[DEBUG] 2024-04-23 22:57:37.414 [main] PerfLogger - <PERFLOG method=drop_database from=org.apache.hadoop.hive.metastore.RetryingHMSHandler>
[DEBUG] 2024-04-23 22:57:37.415 [main] HMSHandler - 0: drop_database: @hive#db_test_get_fields_1
[INFO ] 2024-04-23 22:57:37.415 [main] audit - ugi=alex	ip=unknown-ip-addr	cmd=drop_database: @hive#db_test_get_fields_1	
[DEBUG] 2024-04-23 22:57:37.415 [main] ObjectStore - Open transaction: count = 1, isActive = true
[DEBUG] 2024-04-23 22:57:37.416 [main] ObjectStore - Open transaction: count = 2, isActive = true
[DEBUG] 2024-04-23 22:57:37.417 [main] MetaStoreDirectSql - getDatabase: directsql returning db db_test_get_fields_1 locn[file:/home/alex/Repositories/hive/standalone-metastore/metastore-server/target/external/db_test_get_fields_1.db] desc [null] owner [alex] ownertype [USER]
[DEBUG] 2024-04-23 22:57:37.417 [main] ObjectStore - Using direct SQL optimization.
[DEBUG] 2024-04-23 22:57:37.417 [main] ObjectStore - Commit transaction: count = 1, isactive true
[DEBUG] 2024-04-23 22:57:37.417 [main] ObjectStore - db details for db db_test_get_fields_1 retrieved using SQL in 1.905906ms
[DEBUG] 2024-04-23 22:57:37.418 [main] HMSHandler - 0: get_all_tables: db=@hive#db_test_get_fields_1
[INFO ] 2024-04-23 22:57:37.418 [main] audit - ugi=alex	ip=unknown-ip-addr	cmd=get_all_tables: db=@hive#db_test_get_fields_1	
[DEBUG] 2024-04-23 22:57:37.418 [main] ObjectStore - Open transaction: count = 2, isActive = true
[DEBUG] 2024-04-23 22:57:37.419 [main] ObjectStore - Using direct SQL optimization.
[DEBUG] 2024-04-23 22:57:37.419 [main] ObjectStore - Commit transaction: count = 1, isactive true
[DEBUG] 2024-04-23 22:57:37.419 [main] ObjectStore - 2 entries retrieved using SQL in 1.203145ms
[DEBUG] 2024-04-23 22:57:37.419 [main] HMSHandler - get_all_tablestime taken(ns): 1418307
[DEBUG] 2024-04-23 22:57:37.420 [main] HMSHandler - 0: get_functions: db=@hive#db_test_get_fields_1 pat=*
[INFO ] 2024-04-23 22:57:37.420 [main] audit - ugi=alex	ip=unknown-ip-addr	cmd=get_functions: db=@hive#db_test_get_fields_1 pat=*	
[DEBUG] 2024-04-23 22:57:37.420 [main] ObjectStore - Open transaction: count = 2, isActive = true
[DEBUG] 2024-04-23 22:57:37.462 [main] PoolBase - HikariPool-1 - Reset (autoCommit, isolation) on connection org.apache.derby.impl.jdbc.EmbedConnection@1485152717 (XID = 168), (SESSIONID = 3), (DATABASE = memory:/home/alex/Repositories/hive/standalone-metastore/metastore-server/target/tmp/junit_metastore_db), (DRDAID = null) 
[DEBUG] 2024-04-23 22:57:37.473 [main] ObjectStore - Commit transaction: count = 1, isactive true
[DEBUG] 2024-04-23 22:57:37.473 [main] HMSHandler - get_functionstime taken(ns): 53327068
[DEBUG] 2024-04-23 22:57:37.474 [main] HMSHandler - 0: get_all_stored_procedures
[INFO ] 2024-04-23 22:57:37.474 [main] audit - ugi=alex	ip=unknown-ip-addr	cmd=get_all_stored_procedures	
[DEBUG] 2024-04-23 22:57:37.474 [main] ObjectStore - Open transaction: count = 2, isActive = true
[DEBUG] 2024-04-23 22:57:37.497 [main] PoolBase - HikariPool-1 - Reset (autoCommit, isolation) on connection org.apache.derby.impl.jdbc.EmbedConnection@1485152717 (XID = 168), (SESSIONID = 3), (DATABASE = memory:/home/alex/Repositories/hive/standalone-metastore/metastore-server/target/tmp/junit_metastore_db), (DRDAID = null) 
[DEBUG] 2024-04-23 22:57:37.503 [main] ObjectStore - Commit transaction: count = 1, isactive true
[DEBUG] 2024-04-23 22:57:37.503 [main] HMSHandler - get_all_stored_procedurestime taken(ns): 28934737
[DEBUG] 2024-04-23 22:57:37.503 [main] HMSHandler - 0: get_all_packages
[INFO ] 2024-04-23 22:57:37.503 [main] audit - ugi=alex	ip=unknown-ip-addr	cmd=get_all_packages	
[DEBUG] 2024-04-23 22:57:37.504 [main] ObjectStore - Open transaction: count = 2, isActive = true
[DEBUG] 2024-04-23 22:57:37.522 [main] PoolBase - HikariPool-1 - Reset (autoCommit, isolation) on connection org.apache.derby.impl.jdbc.EmbedConnection@1485152717 (XID = 168), (SESSIONID = 3), (DATABASE = memory:/home/alex/Repositories/hive/standalone-metastore/metastore-server/target/tmp/junit_metastore_db), (DRDAID = null) 
[DEBUG] 2024-04-23 22:57:37.527 [main] ObjectStore - Commit transaction: count = 1, isactive true
[DEBUG] 2024-04-23 22:57:37.528 [main] HMSHandler - get_all_packagestime taken(ns): 23910606
[DEBUG] 2024-04-23 22:57:37.528 [main] HMSHandler - 0: getTablesByTypeCore: catName=hive: db=db_test_get_fields_1 pat=.*,type=MATERIALIZED_VIEW
[INFO ] 2024-04-23 22:57:37.528 [main] audit - ugi=alex	ip=unknown-ip-addr	cmd=getTablesByTypeCore: catName=hive: db=db_test_get_fields_1 pat=.*,type=MATERIALIZED_VIEW	
[DEBUG] 2024-04-23 22:57:37.528 [main] ObjectStore - Open transaction: count = 2, isActive = true
[DEBUG] 2024-04-23 22:57:37.532 [main] MetaStoreDirectSql - getDatabase: directsql returning db db_test_get_fields_1 locn[file:/home/alex/Repositories/hive/standalone-metastore/metastore-server/target/external/db_test_get_fields_1.db] desc [null] owner [alex] ownertype [USER]
[DEBUG] 2024-04-23 22:57:37.532 [main] ObjectStore - Using direct SQL optimization.
[DEBUG] 2024-04-23 22:57:37.532 [main] ObjectStore - Commit transaction: count = 1, isactive true
[DEBUG] 2024-04-23 22:57:37.532 [main] ObjectStore - db details for db db_test_get_fields_1 retrieved using SQL in 3.794354ms
[DEBUG] 2024-04-23 22:57:37.532 [main] ObjectStore - Open transaction: count = 2, isActive = true
[DEBUG] 2024-04-23 22:57:37.537 [main] ObjectStore - Using direct SQL optimization.
[DEBUG] 2024-04-23 22:57:37.537 [main] ObjectStore - Commit transaction: count = 1, isactive true
[DEBUG] 2024-04-23 22:57:37.537 [main] ObjectStore - 0 entries retrieved using SQL in 4.516353ms
[DEBUG] 2024-04-23 22:57:37.537 [main] HMSHandler - getTablesByTypeCoretime taken(ns): 8660161
[DEBUG] 2024-04-23 22:57:37.537 [main] ObjectStore - Open transaction: count = 2, isActive = true
[DEBUG] 2024-04-23 22:57:37.544 [main] ObjectStore - Open transaction: count = 3, isActive = true
[DEBUG] 2024-04-23 22:57:37.546 [main] MetaStoreDirectSql - getDatabase: directsql returning db db_test_get_fields_1 locn[file:/home/alex/Repositories/hive/standalone-metastore/metastore-server/target/external/db_test_get_fields_1.db] desc [null] owner [alex] ownertype [USER]
[DEBUG] 2024-04-23 22:57:37.546 [main] ObjectStore - Using direct SQL optimization.
[DEBUG] 2024-04-23 22:57:37.546 [main] ObjectStore - Commit transaction: count = 2, isactive true
[DEBUG] 2024-04-23 22:57:37.546 [main] ObjectStore - db details for db db_test_get_fields_1 retrieved using SQL in 2.312325ms
[DEBUG] 2024-04-23 22:57:37.546 [main] ObjectStore - Commit transaction: count = 1, isactive true
[INFO ] 2024-04-23 22:57:37.547 [main] ObjectStore - Dropping database hive.db_test_get_fields_1 along with all tables
[DEBUG] 2024-04-23 22:57:37.547 [main] ObjectStore - Open transaction: count = 2, isActive = true
[DEBUG] 2024-04-23 22:57:37.547 [main] ObjectStore - Open transaction: count = 3, isActive = true
[DEBUG] 2024-04-23 22:57:37.552 [main] ObjectStore - Commit transaction: count = 2, isactive true
[DEBUG] 2024-04-23 22:57:37.552 [main] ObjectStore - Executing listDatabaseGrants
[DEBUG] 2024-04-23 22:57:37.572 [main] PoolBase - HikariPool-1 - Reset (autoCommit, isolation) on connection org.apache.derby.impl.jdbc.EmbedConnection@1485152717 (XID = 168), (SESSIONID = 3), (DATABASE = memory:/home/alex/Repositories/hive/standalone-metastore/metastore-server/target/tmp/junit_metastore_db), (DRDAID = null) 
[DEBUG] 2024-04-23 22:57:37.577 [main] ObjectStore - Done retrieving all objects for listDatabaseGrants: []
[DEBUG] 2024-04-23 22:57:37.588 [main] ObjectStore - Commit transaction: count = 1, isactive true
[DEBUG] 2024-04-23 22:57:37.603 [main] HikariCPDataSourceProvider - Creating Hikari connection pool for the MetaStore
[WARN ] 2024-04-23 22:57:37.604 [main] HikariConfig - HikariPool-2 - leakDetectionThreshold is less than 2000ms or more than maxLifetime, disabling it.
[DEBUG] 2024-04-23 22:57:37.604 [main] HikariConfig - HikariPool-2 - configuration:
[DEBUG] 2024-04-23 22:57:37.604 [main] HikariConfig - allowPoolSuspension.............false
[DEBUG] 2024-04-23 22:57:37.604 [main] HikariConfig - autoCommit......................true
[DEBUG] 2024-04-23 22:57:37.604 [main] HikariConfig - catalog.........................none
[DEBUG] 2024-04-23 22:57:37.605 [main] HikariConfig - connectionInitSql...............none
[DEBUG] 2024-04-23 22:57:37.605 [main] HikariConfig - connectionTestQuery.............none
[DEBUG] 2024-04-23 22:57:37.605 [main] HikariConfig - connectionTimeout...............30000
[DEBUG] 2024-04-23 22:57:37.605 [main] HikariConfig - dataSource......................none
[DEBUG] 2024-04-23 22:57:37.605 [main] HikariConfig - dataSourceClassName.............none
[DEBUG] 2024-04-23 22:57:37.605 [main] HikariConfig - dataSourceJNDI..................none
[DEBUG] 2024-04-23 22:57:37.605 [main] HikariConfig - dataSourceProperties............{password=<masked>}
[DEBUG] 2024-04-23 22:57:37.605 [main] HikariConfig - driverClassName.................none
[DEBUG] 2024-04-23 22:57:37.605 [main] HikariConfig - healthCheckProperties...........{}
[DEBUG] 2024-04-23 22:57:37.605 [main] HikariConfig - healthCheckRegistry.............none
[DEBUG] 2024-04-23 22:57:37.605 [main] HikariConfig - idleTimeout.....................600000
[DEBUG] 2024-04-23 22:57:37.605 [main] HikariConfig - initializationFailFast..........true
[DEBUG] 2024-04-23 22:57:37.605 [main] HikariConfig - initializationFailTimeout.......1
[DEBUG] 2024-04-23 22:57:37.605 [main] HikariConfig - isolateInternalQueries..........false
[DEBUG] 2024-04-23 22:57:37.605 [main] HikariConfig - jdbc4ConnectionTest.............false
[DEBUG] 2024-04-23 22:57:37.605 [main] HikariConfig - jdbcUrl........................."jdbc:derby:memory:/home/alex/Repositories/hive/standalone-metastore/metastore-server/target/tmp/junit_metastore_db;create=true"
[DEBUG] 2024-04-23 22:57:37.605 [main] HikariConfig - leakDetectionThreshold..........0
[DEBUG] 2024-04-23 22:57:37.605 [main] HikariConfig - maxLifetime.....................1800000
[DEBUG] 2024-04-23 22:57:37.605 [main] HikariConfig - maximumPoolSize.................10
[DEBUG] 2024-04-23 22:57:37.605 [main] HikariConfig - metricRegistry..................com.codahale.metrics.MetricRegistry@1f7cec93
[DEBUG] 2024-04-23 22:57:37.605 [main] HikariConfig - metricsTrackerFactory...........none
[DEBUG] 2024-04-23 22:57:37.606 [main] HikariConfig - minimumIdle.....................10
[DEBUG] 2024-04-23 22:57:37.606 [main] HikariConfig - password........................<masked>
[DEBUG] 2024-04-23 22:57:37.606 [main] HikariConfig - poolName........................"HikariPool-2"
[DEBUG] 2024-04-23 22:57:37.606 [main] HikariConfig - readOnly........................false
[DEBUG] 2024-04-23 22:57:37.606 [main] HikariConfig - registerMbeans..................false
[DEBUG] 2024-04-23 22:57:37.606 [main] HikariConfig - scheduledExecutor...............none
[DEBUG] 2024-04-23 22:57:37.606 [main] HikariConfig - scheduledExecutorService........internal
[DEBUG] 2024-04-23 22:57:37.606 [main] HikariConfig - threadFactory...................internal
[DEBUG] 2024-04-23 22:57:37.606 [main] HikariConfig - transactionIsolation............default
[DEBUG] 2024-04-23 22:57:37.606 [main] HikariConfig - username........................"APP"
[DEBUG] 2024-04-23 22:57:37.606 [main] HikariConfig - validationTimeout...............5000
[INFO ] 2024-04-23 22:57:37.606 [main] HikariDataSource - HikariPool-2 - Starting...
[INFO ] 2024-04-23 22:57:37.607 [main] PoolBase - HikariPool-2 - Driver does not support get/set network timeout for connections. (Feature not implemented: No details.)
[DEBUG] 2024-04-23 22:57:37.608 [main] HikariPool - HikariPool-2 - Added connection org.apache.derby.impl.jdbc.EmbedConnection@1474640235 (XID = 1025), (SESSIONID = 21), (DATABASE = memory:/home/alex/Repositories/hive/standalone-metastore/metastore-server/target/tmp/junit_metastore_db), (DRDAID = null) 
[INFO ] 2024-04-23 22:57:37.611 [main] HikariDataSource - HikariPool-2 - Start completed.
[DEBUG] 2024-04-23 22:57:37.612 [main] HikariCPDataSourceProvider - Creating Hikari connection pool for the MetaStore
[WARN ] 2024-04-23 22:57:37.613 [main] HikariConfig - HikariPool-3 - leakDetectionThreshold is less than 2000ms or more than maxLifetime, disabling it.
[DEBUG] 2024-04-23 22:57:37.613 [main] HikariConfig - HikariPool-3 - configuration:
[DEBUG] 2024-04-23 22:57:37.613 [main] HikariConfig - allowPoolSuspension.............false
[DEBUG] 2024-04-23 22:57:37.613 [main] HikariConfig - autoCommit......................true
[DEBUG] 2024-04-23 22:57:37.613 [main] HikariConfig - catalog.........................none
[DEBUG] 2024-04-23 22:57:37.613 [main] HikariConfig - connectionInitSql...............none
[DEBUG] 2024-04-23 22:57:37.613 [main] HikariConfig - connectionTestQuery.............none
[DEBUG] 2024-04-23 22:57:37.614 [main] HikariConfig - connectionTimeout...............30000
[DEBUG] 2024-04-23 22:57:37.614 [main] HikariConfig - dataSource......................none
[DEBUG] 2024-04-23 22:57:37.614 [main] HikariConfig - dataSourceClassName.............none
[DEBUG] 2024-04-23 22:57:37.614 [main] HikariConfig - dataSourceJNDI..................none
[DEBUG] 2024-04-23 22:57:37.614 [main] HikariConfig - dataSourceProperties............{password=<masked>}
[DEBUG] 2024-04-23 22:57:37.614 [main] HikariConfig - driverClassName.................none
[DEBUG] 2024-04-23 22:57:37.614 [main] HikariConfig - healthCheckProperties...........{}
[DEBUG] 2024-04-23 22:57:37.614 [main] HikariConfig - healthCheckRegistry.............none
[DEBUG] 2024-04-23 22:57:37.614 [main] HikariConfig - idleTimeout.....................600000
[DEBUG] 2024-04-23 22:57:37.614 [main] HikariConfig - initializationFailFast..........true
[DEBUG] 2024-04-23 22:57:37.614 [main] HikariConfig - initializationFailTimeout.......1
[DEBUG] 2024-04-23 22:57:37.614 [main] HikariConfig - isolateInternalQueries..........false
[DEBUG] 2024-04-23 22:57:37.614 [main] HikariConfig - jdbc4ConnectionTest.............false
[DEBUG] 2024-04-23 22:57:37.614 [main] HikariConfig - jdbcUrl........................."jdbc:derby:memory:/home/alex/Repositories/hive/standalone-metastore/metastore-server/target/tmp/junit_metastore_db;create=true"
[DEBUG] 2024-04-23 22:57:37.614 [main] HikariConfig - leakDetectionThreshold..........0
[DEBUG] 2024-04-23 22:57:37.614 [main] HikariConfig - maxLifetime.....................1800000
[DEBUG] 2024-04-23 22:57:37.614 [main] HikariConfig - maximumPoolSize.................10
[DEBUG] 2024-04-23 22:57:37.614 [main] HikariConfig - metricRegistry..................com.codahale.metrics.MetricRegistry@1f7cec93
[DEBUG] 2024-04-23 22:57:37.614 [main] HikariConfig - metricsTrackerFactory...........none
[DEBUG] 2024-04-23 22:57:37.614 [main] HikariConfig - minimumIdle.....................10
[DEBUG] 2024-04-23 22:57:37.614 [main] HikariConfig - password........................<masked>
[DEBUG] 2024-04-23 22:57:37.614 [main] HikariConfig - poolName........................"HikariPool-3"
[DEBUG] 2024-04-23 22:57:37.614 [main] HikariConfig - readOnly........................false
[DEBUG] 2024-04-23 22:57:37.614 [main] HikariConfig - registerMbeans..................false
[DEBUG] 2024-04-23 22:57:37.614 [main] HikariConfig - scheduledExecutor...............none
[DEBUG] 2024-04-23 22:57:37.615 [main] HikariConfig - scheduledExecutorService........internal
[DEBUG] 2024-04-23 22:57:37.615 [main] HikariConfig - threadFactory...................internal
[DEBUG] 2024-04-23 22:57:37.615 [main] HikariConfig - transactionIsolation............default
[DEBUG] 2024-04-23 22:57:37.615 [main] HikariConfig - username........................"APP"
[DEBUG] 2024-04-23 22:57:37.615 [main] HikariConfig - validationTimeout...............5000
[INFO ] 2024-04-23 22:57:37.615 [main] HikariDataSource - HikariPool-3 - Starting...
[INFO ] 2024-04-23 22:57:37.616 [main] PoolBase - HikariPool-3 - Driver does not support get/set network timeout for connections. (Feature not implemented: No details.)
[DEBUG] 2024-04-23 22:57:37.616 [main] HikariPool - HikariPool-3 - Added connection org.apache.derby.impl.jdbc.EmbedConnection@214774813 (XID = 1027), (SESSIONID = 23), (DATABASE = memory:/home/alex/Repositories/hive/standalone-metastore/metastore-server/target/tmp/junit_metastore_db), (DRDAID = null) 
[INFO ] 2024-04-23 22:57:37.617 [main] HikariDataSource - HikariPool-3 - Start completed.
[DEBUG] 2024-04-23 22:57:37.617 [main] PoolBase - HikariPool-2 - Reset (autoCommit) on connection org.apache.derby.impl.jdbc.EmbedConnection@1474640235 (XID = 1025), (SESSIONID = 21), (DATABASE = memory:/home/alex/Repositories/hive/standalone-metastore/metastore-server/target/tmp/junit_metastore_db), (DRDAID = null) 
[DEBUG] 2024-04-23 22:57:37.619 [main] TxnHandler - Catching sql exception in min history level check
java.sql.SQLSyntaxErrorException: Table/View 'MIN_HISTORY_LEVEL' does not exist.
	at org.apache.derby.impl.jdbc.SQLExceptionFactory.getSQLException(Unknown Source) ~[derby-10.14.1.0.jar:?]
	at org.apache.derby.impl.jdbc.Util.generateCsSQLException(Unknown Source) ~[derby-10.14.1.0.jar:?]
	at org.apache.derby.impl.jdbc.TransactionResourceImpl.wrapInSQLException(Unknown Source) ~[derby-10.14.1.0.jar:?]
	at org.apache.derby.impl.jdbc.TransactionResourceImpl.handleException(Unknown Source) ~[derby-10.14.1.0.jar:?]
	at org.apache.derby.impl.jdbc.EmbedConnection.handleException(Unknown Source) ~[derby-10.14.1.0.jar:?]
	at org.apache.derby.impl.jdbc.ConnectionChild.handleException(Unknown Source) ~[derby-10.14.1.0.jar:?]
	at org.apache.derby.impl.jdbc.EmbedStatement.execute(Unknown Source) ~[derby-10.14.1.0.jar:?]
	at org.apache.derby.impl.jdbc.EmbedStatement.executeQuery(Unknown Source) ~[derby-10.14.1.0.jar:?]
	at com.zaxxer.hikari.pool.ProxyStatement.executeQuery(ProxyStatement.java:108) ~[HikariCP-2.6.1.jar:?]
	at com.zaxxer.hikari.pool.HikariProxyStatement.executeQuery(HikariProxyStatement.java) ~[HikariCP-2.6.1.jar:?]
	at org.apache.hadoop.hive.metastore.txn.TxnHandler.checkMinHistoryLevelTable(TxnHandler.java:456) [classes/:?]
	at org.apache.hadoop.hive.metastore.txn.TxnHandler.setConf(TxnHandler.java:422) [classes/:?]
	at org.apache.hadoop.hive.metastore.txn.TxnUtils.getTxnStore(TxnUtils.java:124) [classes/:?]
	at org.apache.hadoop.hive.metastore.AcidEventListener.getTxnHandler(AcidEventListener.java:136) [classes/:?]
	at org.apache.hadoop.hive.metastore.AcidEventListener.onDropDatabase(AcidEventListener.java:57) [classes/:?]
	at org.apache.hadoop.hive.metastore.MetaStoreListenerNotifier$26.notify(MetaStoreListenerNotifier.java:99) [classes/:?]
	at org.apache.hadoop.hive.metastore.MetaStoreListenerNotifier.notifyEvent(MetaStoreListenerNotifier.java:339) [classes/:?]
	at org.apache.hadoop.hive.metastore.HMSHandler.drop_database_core(HMSHandler.java:1785) [classes/:?]
	at org.apache.hadoop.hive.metastore.HMSHandler.drop_database(HMSHandler.java:1869) [classes/:?]
	at sun.reflect.NativeMethodAccessorImpl.invoke0(Native Method) ~[?:1.8.0_402]
	at sun.reflect.NativeMethodAccessorImpl.invoke(NativeMethodAccessorImpl.java:62) ~[?:1.8.0_402]
	at sun.reflect.DelegatingMethodAccessorImpl.invoke(DelegatingMethodAccessorImpl.java:43) ~[?:1.8.0_402]
	at java.lang.reflect.Method.invoke(Method.java:498) ~[?:1.8.0_402]
	at org.apache.hadoop.hive.metastore.RetryingHMSHandler.invokeInternal(RetryingHMSHandler.java:147) [classes/:?]
	at org.apache.hadoop.hive.metastore.RetryingHMSHandler.invoke(RetryingHMSHandler.java:108) [classes/:?]
	at com.sun.proxy.$Proxy35.drop_database(Unknown Source) [?:?]
	at org.apache.hadoop.hive.metastore.HiveMetaStoreClient.dropDatabaseCascadePerDb(HiveMetaStoreClient.java:1601) [classes/:?]
	at org.apache.hadoop.hive.metastore.HiveMetaStoreClient.dropDatabase(HiveMetaStoreClient.java:1532) [classes/:?]
	at org.apache.hadoop.hive.metastore.HiveMetaStoreClient.dropDatabase(HiveMetaStoreClient.java:1485) [classes/:?]
	at org.apache.hadoop.hive.metastore.TestHmsServerAuthorization.tearDown(TestHmsServerAuthorization.java:129) [test-classes/:?]
	at sun.reflect.NativeMethodAccessorImpl.invoke0(Native Method) ~[?:1.8.0_402]
	at sun.reflect.NativeMethodAccessorImpl.invoke(NativeMethodAccessorImpl.java:62) ~[?:1.8.0_402]
	at sun.reflect.DelegatingMethodAccessorImpl.invoke(DelegatingMethodAccessorImpl.java:43) ~[?:1.8.0_402]
	at java.lang.reflect.Method.invoke(Method.java:498) ~[?:1.8.0_402]
	at org.junit.runners.model.FrameworkMethod$1.runReflectiveCall(FrameworkMethod.java:59) [junit-4.13.jar:4.13]
	at org.junit.internal.runners.model.ReflectiveCallable.run(ReflectiveCallable.java:12) [junit-4.13.jar:4.13]
	at org.junit.runners.model.FrameworkMethod.invokeExplosively(FrameworkMethod.java:56) [junit-4.13.jar:4.13]
	at org.junit.internal.runners.statements.RunAfters.invokeMethod(RunAfters.java:46) [junit-4.13.jar:4.13]
	at org.junit.internal.runners.statements.RunAfters.evaluate(RunAfters.java:33) [junit-4.13.jar:4.13]
	at org.junit.runners.ParentRunner$3.evaluate(ParentRunner.java:306) [junit-4.13.jar:4.13]
	at org.junit.runners.ParentRunner.run(ParentRunner.java:413) [junit-4.13.jar:4.13]
	at org.junit.runners.Suite.runChild(Suite.java:128) [junit-4.13.jar:4.13]
	at org.junit.runners.Suite.runChild(Suite.java:27) [junit-4.13.jar:4.13]
	at org.junit.runners.ParentRunner$4.run(ParentRunner.java:331) [junit-4.13.jar:4.13]
	at org.junit.runners.ParentRunner$1.schedule(ParentRunner.java:79) [junit-4.13.jar:4.13]
	at org.junit.runners.ParentRunner.runChildren(ParentRunner.java:329) [junit-4.13.jar:4.13]
	at org.junit.runners.ParentRunner.access$100(ParentRunner.java:66) [junit-4.13.jar:4.13]
	at org.junit.runners.ParentRunner$2.evaluate(ParentRunner.java:293) [junit-4.13.jar:4.13]
	at org.junit.runners.ParentRunner$3.evaluate(ParentRunner.java:306) [junit-4.13.jar:4.13]
	at org.junit.runners.ParentRunner.run(ParentRunner.java:413) [junit-4.13.jar:4.13]
	at org.apache.maven.surefire.junitcore.JUnitCore.run(JUnitCore.java:55) [surefire-junit47-3.0.0-M4.jar:3.0.0-M4]
	at org.apache.maven.surefire.junitcore.JUnitCoreWrapper.createRequestAndRun(JUnitCoreWrapper.java:137) [surefire-junit47-3.0.0-M4.jar:3.0.0-M4]
	at org.apache.maven.surefire.junitcore.JUnitCoreWrapper.executeEager(JUnitCoreWrapper.java:107) [surefire-junit47-3.0.0-M4.jar:3.0.0-M4]
	at org.apache.maven.surefire.junitcore.JUnitCoreWrapper.execute(JUnitCoreWrapper.java:83) [surefire-junit47-3.0.0-M4.jar:3.0.0-M4]
	at org.apache.maven.surefire.junitcore.JUnitCoreWrapper.execute(JUnitCoreWrapper.java:75) [surefire-junit47-3.0.0-M4.jar:3.0.0-M4]
	at org.apache.maven.surefire.junitcore.JUnitCoreProvider.invoke(JUnitCoreProvider.java:158) [surefire-junit47-3.0.0-M4.jar:3.0.0-M4]
	at org.apache.maven.surefire.booter.ForkedBooter.runSuitesInProcess(ForkedBooter.java:377) [surefire-booter-3.0.0-M4.jar:3.0.0-M4]
	at org.apache.maven.surefire.booter.ForkedBooter.execute(ForkedBooter.java:138) [surefire-booter-3.0.0-M4.jar:3.0.0-M4]
	at org.apache.maven.surefire.booter.ForkedBooter.run(ForkedBooter.java:465) [surefire-booter-3.0.0-M4.jar:3.0.0-M4]
	at org.apache.maven.surefire.booter.ForkedBooter.main(ForkedBooter.java:451) [surefire-booter-3.0.0-M4.jar:3.0.0-M4]
Caused by: org.apache.derby.iapi.error.StandardException: Table/View 'MIN_HISTORY_LEVEL' does not exist.
	at org.apache.derby.iapi.error.StandardException.newException(Unknown Source) ~[derby-10.14.1.0.jar:?]
	at org.apache.derby.iapi.error.StandardException.newException(Unknown Source) ~[derby-10.14.1.0.jar:?]
	at org.apache.derby.impl.sql.compile.FromBaseTable.bindTableDescriptor(Unknown Source) ~[derby-10.14.1.0.jar:?]
	at org.apache.derby.impl.sql.compile.FromBaseTable.bindNonVTITables(Unknown Source) ~[derby-10.14.1.0.jar:?]
	at org.apache.derby.impl.sql.compile.FromList.bindTables(Unknown Source) ~[derby-10.14.1.0.jar:?]
	at org.apache.derby.impl.sql.compile.SelectNode.bindNonVTITables(Unknown Source) ~[derby-10.14.1.0.jar:?]
	at org.apache.derby.impl.sql.compile.DMLStatementNode.bindTables(Unknown Source) ~[derby-10.14.1.0.jar:?]
	at org.apache.derby.impl.sql.compile.DMLStatementNode.bind(Unknown Source) ~[derby-10.14.1.0.jar:?]
	at org.apache.derby.impl.sql.compile.CursorNode.bindStatement(Unknown Source) ~[derby-10.14.1.0.jar:?]
	at org.apache.derby.impl.sql.GenericStatement.prepMinion(Unknown Source) ~[derby-10.14.1.0.jar:?]
	at org.apache.derby.impl.sql.GenericStatement.prepare(Unknown Source) ~[derby-10.14.1.0.jar:?]
	at org.apache.derby.impl.sql.conn.GenericLanguageConnectionContext.prepareInternalStatement(Unknown Source) ~[derby-10.14.1.0.jar:?]
	... 54 more
[DEBUG] 2024-04-23 22:57:37.620 [main] ProxyConnection - HikariPool-2 - Executed rollback on connection org.apache.derby.impl.jdbc.EmbedConnection@1474640235 (XID = 1025), (SESSIONID = 21), (DATABASE = memory:/home/alex/Repositories/hive/standalone-metastore/metastore-server/target/tmp/junit_metastore_db), (DRDAID = null)  due to dirty commit state on close().
[DEBUG] 2024-04-23 22:57:37.620 [main] PoolBase - HikariPool-2 - Reset (autoCommit) on connection org.apache.derby.impl.jdbc.EmbedConnection@1474640235 (XID = 1025), (SESSIONID = 21), (DATABASE = memory:/home/alex/Repositories/hive/standalone-metastore/metastore-server/target/tmp/junit_metastore_db), (DRDAID = null) 
[DEBUG] 2024-04-23 22:57:37.621 [main] TxnHandler - Going to execute update <DELETE FROM "TXN_COMPONENTS" WHERE "TC_DATABASE"='db_test_get_fields_1'>
[DEBUG] 2024-04-23 22:57:37.621 [main] TxnHandler - Going to rollback: 
java.sql.SQLSyntaxErrorException: Table/View 'TXN_COMPONENTS' does not exist.
	at org.apache.derby.impl.jdbc.SQLExceptionFactory.getSQLException(Unknown Source) ~[derby-10.14.1.0.jar:?]
	at org.apache.derby.impl.jdbc.Util.generateCsSQLException(Unknown Source) ~[derby-10.14.1.0.jar:?]
	at org.apache.derby.impl.jdbc.TransactionResourceImpl.wrapInSQLException(Unknown Source) ~[derby-10.14.1.0.jar:?]
	at org.apache.derby.impl.jdbc.TransactionResourceImpl.handleException(Unknown Source) ~[derby-10.14.1.0.jar:?]
	at org.apache.derby.impl.jdbc.EmbedConnection.handleException(Unknown Source) ~[derby-10.14.1.0.jar:?]
	at org.apache.derby.impl.jdbc.ConnectionChild.handleException(Unknown Source) ~[derby-10.14.1.0.jar:?]
	at org.apache.derby.impl.jdbc.EmbedStatement.execute(Unknown Source) ~[derby-10.14.1.0.jar:?]
	at org.apache.derby.impl.jdbc.EmbedStatement.executeLargeUpdate(Unknown Source) ~[derby-10.14.1.0.jar:?]
	at org.apache.derby.impl.jdbc.EmbedStatement.executeUpdate(Unknown Source) ~[derby-10.14.1.0.jar:?]
	at com.zaxxer.hikari.pool.ProxyStatement.executeUpdate(ProxyStatement.java:117) ~[HikariCP-2.6.1.jar:?]
	at com.zaxxer.hikari.pool.HikariProxyStatement.executeUpdate(HikariProxyStatement.java) ~[HikariCP-2.6.1.jar:?]
	at org.apache.hadoop.hive.metastore.txn.TxnHandler.cleanupRecords(TxnHandler.java:4190) [classes/:?]
	at org.apache.hadoop.hive.metastore.AcidEventListener.onDropDatabase(AcidEventListener.java:58) [classes/:?]
	at org.apache.hadoop.hive.metastore.MetaStoreListenerNotifier$26.notify(MetaStoreListenerNotifier.java:99) [classes/:?]
	at org.apache.hadoop.hive.metastore.MetaStoreListenerNotifier.notifyEvent(MetaStoreListenerNotifier.java:339) [classes/:?]
	at org.apache.hadoop.hive.metastore.HMSHandler.drop_database_core(HMSHandler.java:1785) [classes/:?]
	at org.apache.hadoop.hive.metastore.HMSHandler.drop_database(HMSHandler.java:1869) [classes/:?]
	at sun.reflect.NativeMethodAccessorImpl.invoke0(Native Method) ~[?:1.8.0_402]
	at sun.reflect.NativeMethodAccessorImpl.invoke(NativeMethodAccessorImpl.java:62) ~[?:1.8.0_402]
	at sun.reflect.DelegatingMethodAccessorImpl.invoke(DelegatingMethodAccessorImpl.java:43) ~[?:1.8.0_402]
	at java.lang.reflect.Method.invoke(Method.java:498) ~[?:1.8.0_402]
	at org.apache.hadoop.hive.metastore.RetryingHMSHandler.invokeInternal(RetryingHMSHandler.java:147) [classes/:?]
	at org.apache.hadoop.hive.metastore.RetryingHMSHandler.invoke(RetryingHMSHandler.java:108) [classes/:?]
	at com.sun.proxy.$Proxy35.drop_database(Unknown Source) [?:?]
	at org.apache.hadoop.hive.metastore.HiveMetaStoreClient.dropDatabaseCascadePerDb(HiveMetaStoreClient.java:1601) [classes/:?]
	at org.apache.hadoop.hive.metastore.HiveMetaStoreClient.dropDatabase(HiveMetaStoreClient.java:1532) [classes/:?]
	at org.apache.hadoop.hive.metastore.HiveMetaStoreClient.dropDatabase(HiveMetaStoreClient.java:1485) [classes/:?]
	at org.apache.hadoop.hive.metastore.TestHmsServerAuthorization.tearDown(TestHmsServerAuthorization.java:129) [test-classes/:?]
	at sun.reflect.NativeMethodAccessorImpl.invoke0(Native Method) ~[?:1.8.0_402]
	at sun.reflect.NativeMethodAccessorImpl.invoke(NativeMethodAccessorImpl.java:62) ~[?:1.8.0_402]
	at sun.reflect.DelegatingMethodAccessorImpl.invoke(DelegatingMethodAccessorImpl.java:43) ~[?:1.8.0_402]
	at java.lang.reflect.Method.invoke(Method.java:498) ~[?:1.8.0_402]
	at org.junit.runners.model.FrameworkMethod$1.runReflectiveCall(FrameworkMethod.java:59) [junit-4.13.jar:4.13]
	at org.junit.internal.runners.model.ReflectiveCallable.run(ReflectiveCallable.java:12) [junit-4.13.jar:4.13]
	at org.junit.runners.model.FrameworkMethod.invokeExplosively(FrameworkMethod.java:56) [junit-4.13.jar:4.13]
	at org.junit.internal.runners.statements.RunAfters.invokeMethod(RunAfters.java:46) [junit-4.13.jar:4.13]
	at org.junit.internal.runners.statements.RunAfters.evaluate(RunAfters.java:33) [junit-4.13.jar:4.13]
	at org.junit.runners.ParentRunner$3.evaluate(ParentRunner.java:306) [junit-4.13.jar:4.13]
	at org.junit.runners.ParentRunner.run(ParentRunner.java:413) [junit-4.13.jar:4.13]
	at org.junit.runners.Suite.runChild(Suite.java:128) [junit-4.13.jar:4.13]
	at org.junit.runners.Suite.runChild(Suite.java:27) [junit-4.13.jar:4.13]
	at org.junit.runners.ParentRunner$4.run(ParentRunner.java:331) [junit-4.13.jar:4.13]
	at org.junit.runners.ParentRunner$1.schedule(ParentRunner.java:79) [junit-4.13.jar:4.13]
	at org.junit.runners.ParentRunner.runChildren(ParentRunner.java:329) [junit-4.13.jar:4.13]
	at org.junit.runners.ParentRunner.access$100(ParentRunner.java:66) [junit-4.13.jar:4.13]
	at org.junit.runners.ParentRunner$2.evaluate(ParentRunner.java:293) [junit-4.13.jar:4.13]
	at org.junit.runners.ParentRunner$3.evaluate(ParentRunner.java:306) [junit-4.13.jar:4.13]
	at org.junit.runners.ParentRunner.run(ParentRunner.java:413) [junit-4.13.jar:4.13]
	at org.apache.maven.surefire.junitcore.JUnitCore.run(JUnitCore.java:55) [surefire-junit47-3.0.0-M4.jar:3.0.0-M4]
	at org.apache.maven.surefire.junitcore.JUnitCoreWrapper.createRequestAndRun(JUnitCoreWrapper.java:137) [surefire-junit47-3.0.0-M4.jar:3.0.0-M4]
	at org.apache.maven.surefire.junitcore.JUnitCoreWrapper.executeEager(JUnitCoreWrapper.java:107) [surefire-junit47-3.0.0-M4.jar:3.0.0-M4]
	at org.apache.maven.surefire.junitcore.JUnitCoreWrapper.execute(JUnitCoreWrapper.java:83) [surefire-junit47-3.0.0-M4.jar:3.0.0-M4]
	at org.apache.maven.surefire.junitcore.JUnitCoreWrapper.execute(JUnitCoreWrapper.java:75) [surefire-junit47-3.0.0-M4.jar:3.0.0-M4]
	at org.apache.maven.surefire.junitcore.JUnitCoreProvider.invoke(JUnitCoreProvider.java:158) [surefire-junit47-3.0.0-M4.jar:3.0.0-M4]
	at org.apache.maven.surefire.booter.ForkedBooter.runSuitesInProcess(ForkedBooter.java:377) [surefire-booter-3.0.0-M4.jar:3.0.0-M4]
	at org.apache.maven.surefire.booter.ForkedBooter.execute(ForkedBooter.java:138) [surefire-booter-3.0.0-M4.jar:3.0.0-M4]
	at org.apache.maven.surefire.booter.ForkedBooter.run(ForkedBooter.java:465) [surefire-booter-3.0.0-M4.jar:3.0.0-M4]
	at org.apache.maven.surefire.booter.ForkedBooter.main(ForkedBooter.java:451) [surefire-booter-3.0.0-M4.jar:3.0.0-M4]
Caused by: org.apache.derby.iapi.error.StandardException: Table/View 'TXN_COMPONENTS' does not exist.
	at org.apache.derby.iapi.error.StandardException.newException(Unknown Source) ~[derby-10.14.1.0.jar:?]
	at org.apache.derby.iapi.error.StandardException.newException(Unknown Source) ~[derby-10.14.1.0.jar:?]
	at org.apache.derby.impl.sql.compile.FromBaseTable.bindTableDescriptor(Unknown Source) ~[derby-10.14.1.0.jar:?]
	at org.apache.derby.impl.sql.compile.FromBaseTable.bindNonVTITables(Unknown Source) ~[derby-10.14.1.0.jar:?]
	at org.apache.derby.impl.sql.compile.FromList.bindTables(Unknown Source) ~[derby-10.14.1.0.jar:?]
	at org.apache.derby.impl.sql.compile.SelectNode.bindNonVTITables(Unknown Source) ~[derby-10.14.1.0.jar:?]
	at org.apache.derby.impl.sql.compile.DMLStatementNode.bindTables(Unknown Source) ~[derby-10.14.1.0.jar:?]
	at org.apache.derby.impl.sql.compile.DeleteNode.bindStatement(Unknown Source) ~[derby-10.14.1.0.jar:?]
	at org.apache.derby.impl.sql.GenericStatement.prepMinion(Unknown Source) ~[derby-10.14.1.0.jar:?]
	at org.apache.derby.impl.sql.GenericStatement.prepare(Unknown Source) ~[derby-10.14.1.0.jar:?]
	at org.apache.derby.impl.sql.conn.GenericLanguageConnectionContext.prepareInternalStatement(Unknown Source) ~[derby-10.14.1.0.jar:?]
	... 52 more
[INFO ] 2024-04-23 22:57:37.622 [main] TxnHandler - Non-retryable error in cleanupRecords : Table/View 'TXN_COMPONENTS' does not exist. (SQLState=42X05, ErrorCode=20000)
[WARN ] 2024-04-23 22:57:37.622 [main] TxnHandler - Cannot perform cleanup since metastore table does not exist
[DEBUG] 2024-04-23 22:57:37.622 [main] PoolBase - HikariPool-2 - Reset (autoCommit) on connection org.apache.derby.impl.jdbc.EmbedConnection@1474640235 (XID = 1025), (SESSIONID = 21), (DATABASE = memory:/home/alex/Repositories/hive/standalone-metastore/metastore-server/target/tmp/junit_metastore_db), (DRDAID = null) 
[DEBUG] 2024-04-23 22:57:37.622 [main] ObjectStore - Commit transaction: count = 0, isactive true
[DEBUG] 2024-04-23 22:57:37.626 [main] PoolBase - HikariPool-1 - Reset (autoCommit) on connection org.apache.derby.impl.jdbc.EmbedConnection@1807176280 (XID = 166), (SESSIONID = 1), (DATABASE = memory:/home/alex/Repositories/hive/standalone-metastore/metastore-server/target/tmp/junit_metastore_db), (DRDAID = null) 
[DEBUG] 2024-04-23 22:57:37.627 [main] ObjectStore - rolling back transaction: no open transactions: 0
[DEBUG] 2024-04-23 22:57:37.627 [main] HMSHandler - drop_databasetime taken(ns): 212217646
[ERROR] 2024-04-23 22:57:37.628 [main] RetryingHMSHandler - Retrying HMSHandler after 2000 ms (attempt 1 of 10) with error: javax.jdo.JDODataStoreException: Exception thrown flushing changes to datastore
	at org.datanucleus.api.jdo.NucleusJDOHelper.getJDOExceptionForNucleusException(NucleusJDOHelper.java:542)
	at org.datanucleus.api.jdo.JDOTransaction.commit(JDOTransaction.java:162)
	at org.apache.hadoop.hive.metastore.ObjectStore.commitTransaction(ObjectStore.java:615)
	at sun.reflect.NativeMethodAccessorImpl.invoke0(Native Method)
	at sun.reflect.NativeMethodAccessorImpl.invoke(NativeMethodAccessorImpl.java:62)
	at sun.reflect.DelegatingMethodAccessorImpl.invoke(DelegatingMethodAccessorImpl.java:43)
	at java.lang.reflect.Method.invoke(Method.java:498)
	at org.apache.hadoop.hive.metastore.RawStoreProxy.invoke(RawStoreProxy.java:97)
	at com.sun.proxy.$Proxy29.commitTransaction(Unknown Source)
	at org.apache.hadoop.hive.metastore.HMSHandler.drop_database_core(HMSHandler.java:1790)
	at org.apache.hadoop.hive.metastore.HMSHandler.drop_database(HMSHandler.java:1869)
	at sun.reflect.NativeMethodAccessorImpl.invoke0(Native Method)
	at sun.reflect.NativeMethodAccessorImpl.invoke(NativeMethodAccessorImpl.java:62)
	at sun.reflect.DelegatingMethodAccessorImpl.invoke(DelegatingMethodAccessorImpl.java:43)
	at java.lang.reflect.Method.invoke(Method.java:498)
	at org.apache.hadoop.hive.metastore.RetryingHMSHandler.invokeInternal(RetryingHMSHandler.java:147)
	at org.apache.hadoop.hive.metastore.RetryingHMSHandler.invoke(RetryingHMSHandler.java:108)
	at com.sun.proxy.$Proxy35.drop_database(Unknown Source)
	at org.apache.hadoop.hive.metastore.HiveMetaStoreClient.dropDatabaseCascadePerDb(HiveMetaStoreClient.java:1601)
	at org.apache.hadoop.hive.metastore.HiveMetaStoreClient.dropDatabase(HiveMetaStoreClient.java:1532)
	at org.apache.hadoop.hive.metastore.HiveMetaStoreClient.dropDatabase(HiveMetaStoreClient.java:1485)
	at org.apache.hadoop.hive.metastore.TestHmsServerAuthorization.tearDown(TestHmsServerAuthorization.java:129)
	at sun.reflect.NativeMethodAccessorImpl.invoke0(Native Method)
	at sun.reflect.NativeMethodAccessorImpl.invoke(NativeMethodAccessorImpl.java:62)
	at sun.reflect.DelegatingMethodAccessorImpl.invoke(DelegatingMethodAccessorImpl.java:43)
	at java.lang.reflect.Method.invoke(Method.java:498)
	at org.junit.runners.model.FrameworkMethod$1.runReflectiveCall(FrameworkMethod.java:59)
	at org.junit.internal.runners.model.ReflectiveCallable.run(ReflectiveCallable.java:12)
	at org.junit.runners.model.FrameworkMethod.invokeExplosively(FrameworkMethod.java:56)
	at org.junit.internal.runners.statements.RunAfters.invokeMethod(RunAfters.java:46)
	at org.junit.internal.runners.statements.RunAfters.evaluate(RunAfters.java:33)
	at org.junit.runners.ParentRunner$3.evaluate(ParentRunner.java:306)
	at org.junit.runners.ParentRunner.run(ParentRunner.java:413)
	at org.junit.runners.Suite.runChild(Suite.java:128)
	at org.junit.runners.Suite.runChild(Suite.java:27)
	at org.junit.runners.ParentRunner$4.run(ParentRunner.java:331)
	at org.junit.runners.ParentRunner$1.schedule(ParentRunner.java:79)
	at org.junit.runners.ParentRunner.runChildren(ParentRunner.java:329)
	at org.junit.runners.ParentRunner.access$100(ParentRunner.java:66)
	at org.junit.runners.ParentRunner$2.evaluate(ParentRunner.java:293)
	at org.junit.runners.ParentRunner$3.evaluate(ParentRunner.java:306)
	at org.junit.runners.ParentRunner.run(ParentRunner.java:413)
	at org.apache.maven.surefire.junitcore.JUnitCore.run(JUnitCore.java:55)
	at org.apache.maven.surefire.junitcore.JUnitCoreWrapper.createRequestAndRun(JUnitCoreWrapper.java:137)
	at org.apache.maven.surefire.junitcore.JUnitCoreWrapper.executeEager(JUnitCoreWrapper.java:107)
	at org.apache.maven.surefire.junitcore.JUnitCoreWrapper.execute(JUnitCoreWrapper.java:83)
	at org.apache.maven.surefire.junitcore.JUnitCoreWrapper.execute(JUnitCoreWrapper.java:75)
	at org.apache.maven.surefire.junitcore.JUnitCoreProvider.invoke(JUnitCoreProvider.java:158)
	at org.apache.maven.surefire.booter.ForkedBooter.runSuitesInProcess(ForkedBooter.java:377)
	at org.apache.maven.surefire.booter.ForkedBooter.execute(ForkedBooter.java:138)
	at org.apache.maven.surefire.booter.ForkedBooter.run(ForkedBooter.java:465)
	at org.apache.maven.surefire.booter.ForkedBooter.main(ForkedBooter.java:451)
NestedThrowablesStackTrace:
java.sql.BatchUpdateException: DELETE on table 'DBS' caused a violation of foreign key constraint 'TBLS_FK1' for key (2).  The statement has been rolled back.
	at org.apache.derby.impl.jdbc.EmbedStatement.executeLargeBatch(Unknown Source)
	at org.apache.derby.impl.jdbc.EmbedStatement.executeBatch(Unknown Source)
	at com.zaxxer.hikari.pool.ProxyStatement.executeBatch(ProxyStatement.java:125)
	at com.zaxxer.hikari.pool.HikariProxyPreparedStatement.executeBatch(HikariProxyPreparedStatement.java)
	at org.datanucleus.store.rdbms.ParamLoggingPreparedStatement.executeBatch(ParamLoggingPreparedStatement.java:366)
	at org.datanucleus.store.rdbms.SQLController.processConnectionStatement(SQLController.java:675)
	at org.datanucleus.store.rdbms.SQLController.processStatementsForConnection(SQLController.java:643)
	at org.datanucleus.store.rdbms.SQLController$1.transactionFlushed(SQLController.java:729)
	at org.datanucleus.store.connection.AbstractManagedConnection.transactionFlushed(AbstractManagedConnection.java:95)
	at org.datanucleus.store.connection.ConnectionManagerImpl$2.transactionFlushed(ConnectionManagerImpl.java:528)
	at org.datanucleus.TransactionImpl.flush(TransactionImpl.java:222)
	at org.datanucleus.TransactionImpl.commit(TransactionImpl.java:286)
	at org.datanucleus.api.jdo.JDOTransaction.commit(JDOTransaction.java:99)
	at org.apache.hadoop.hive.metastore.ObjectStore.commitTransaction(ObjectStore.java:615)
	at sun.reflect.NativeMethodAccessorImpl.invoke0(Native Method)
	at sun.reflect.NativeMethodAccessorImpl.invoke(NativeMethodAccessorImpl.java:62)
	at sun.reflect.DelegatingMethodAccessorImpl.invoke(DelegatingMethodAccessorImpl.java:43)
	at java.lang.reflect.Method.invoke(Method.java:498)
	at org.apache.hadoop.hive.metastore.RawStoreProxy.invoke(RawStoreProxy.java:97)
	at com.sun.proxy.$Proxy29.commitTransaction(Unknown Source)
	at org.apache.hadoop.hive.metastore.HMSHandler.drop_database_core(HMSHandler.java:1790)
	at org.apache.hadoop.hive.metastore.HMSHandler.drop_database(HMSHandler.java:1869)
	at sun.reflect.NativeMethodAccessorImpl.invoke0(Native Method)
	at sun.reflect.NativeMethodAccessorImpl.invoke(NativeMethodAccessorImpl.java:62)
	at sun.reflect.DelegatingMethodAccessorImpl.invoke(DelegatingMethodAccessorImpl.java:43)
	at java.lang.reflect.Method.invoke(Method.java:498)
	at org.apache.hadoop.hive.metastore.RetryingHMSHandler.invokeInternal(RetryingHMSHandler.java:147)
	at org.apache.hadoop.hive.metastore.RetryingHMSHandler.invoke(RetryingHMSHandler.java:108)
	at com.sun.proxy.$Proxy35.drop_database(Unknown Source)
	at org.apache.hadoop.hive.metastore.HiveMetaStoreClient.dropDatabaseCascadePerDb(HiveMetaStoreClient.java:1601)
	at org.apache.hadoop.hive.metastore.HiveMetaStoreClient.dropDatabase(HiveMetaStoreClient.java:1532)
	at org.apache.hadoop.hive.metastore.HiveMetaStoreClient.dropDatabase(HiveMetaStoreClient.java:1485)
	at org.apache.hadoop.hive.metastore.TestHmsServerAuthorization.tearDown(TestHmsServerAuthorization.java:129)
	at sun.reflect.NativeMethodAccessorImpl.invoke0(Native Method)
	at sun.reflect.NativeMethodAccessorImpl.invoke(NativeMethodAccessorImpl.java:62)
	at sun.reflect.DelegatingMethodAccessorImpl.invoke(DelegatingMethodAccessorImpl.java:43)
	at java.lang.reflect.Method.invoke(Method.java:498)
	at org.junit.runners.model.FrameworkMethod$1.runReflectiveCall(FrameworkMethod.java:59)
	at org.junit.internal.runners.model.ReflectiveCallable.run(ReflectiveCallable.java:12)
	at org.junit.runners.model.FrameworkMethod.invokeExplosively(FrameworkMethod.java:56)
	at org.junit.internal.runners.statements.RunAfters.invokeMethod(RunAfters.java:46)
	at org.junit.internal.runners.statements.RunAfters.evaluate(RunAfters.java:33)
	at org.junit.runners.ParentRunner$3.evaluate(ParentRunner.java:306)
	at org.junit.runners.ParentRunner.run(ParentRunner.java:413)
	at org.junit.runners.Suite.runChild(Suite.java:128)
	at org.junit.runners.Suite.runChild(Suite.java:27)
	at org.junit.runners.ParentRunner$4.run(ParentRunner.java:331)
	at org.junit.runners.ParentRunner$1.schedule(ParentRunner.java:79)
	at org.junit.runners.ParentRunner.runChildren(ParentRunner.java:329)
	at org.junit.runners.ParentRunner.access$100(ParentRunner.java:66)
	at org.junit.runners.ParentRunner$2.evaluate(ParentRunner.java:293)
	at org.junit.runners.ParentRunner$3.evaluate(ParentRunner.java:306)
	at org.junit.runners.ParentRunner.run(ParentRunner.java:413)
	at org.apache.maven.surefire.junitcore.JUnitCore.run(JUnitCore.java:55)
	at org.apache.maven.surefire.junitcore.JUnitCoreWrapper.createRequestAndRun(JUnitCoreWrapper.java:137)
	at org.apache.maven.surefire.junitcore.JUnitCoreWrapper.executeEager(JUnitCoreWrapper.java:107)
	at org.apache.maven.surefire.junitcore.JUnitCoreWrapper.execute(JUnitCoreWrapper.java:83)
	at org.apache.maven.surefire.junitcore.JUnitCoreWrapper.execute(JUnitCoreWrapper.java:75)
	at org.apache.maven.surefire.junitcore.JUnitCoreProvider.invoke(JUnitCoreProvider.java:158)
	at org.apache.maven.surefire.booter.ForkedBooter.runSuitesInProcess(ForkedBooter.java:377)
	at org.apache.maven.surefire.booter.ForkedBooter.execute(ForkedBooter.java:138)
	at org.apache.maven.surefire.booter.ForkedBooter.run(ForkedBooter.java:465)
	at org.apache.maven.surefire.booter.ForkedBooter.main(ForkedBooter.java:451)
Caused by: org.apache.derby.shared.common.error.DerbySQLIntegrityConstraintViolationException: DELETE on table 'DBS' caused a violation of foreign key constraint 'TBLS_FK1' for key (2).  The statement has been rolled back.
	at org.apache.derby.impl.jdbc.SQLExceptionFactory.getSQLException(Unknown Source)
	at org.apache.derby.impl.jdbc.Util.generateCsSQLException(Unknown Source)
	at org.apache.derby.impl.jdbc.TransactionResourceImpl.wrapInSQLException(Unknown Source)
	at org.apache.derby.impl.jdbc.TransactionResourceImpl.handleException(Unknown Source)
	at org.apache.derby.impl.jdbc.EmbedConnection.handleException(Unknown Source)
	at org.apache.derby.impl.jdbc.ConnectionChild.handleException(Unknown Source)
	at org.apache.derby.impl.jdbc.EmbedStatement.executeStatement(Unknown Source)
	at org.apache.derby.impl.jdbc.EmbedPreparedStatement.executeBatchElement(Unknown Source)
	... 63 more
Caused by: ERROR 23503: DELETE on table 'DBS' caused a violation of foreign key constraint 'TBLS_FK1' for key (2).  The statement has been rolled back.
	at org.apache.derby.iapi.error.StandardException.newException(Unknown Source)
	at org.apache.derby.iapi.error.StandardException.newException(Unknown Source)
	at org.apache.derby.impl.sql.execute.ReferencedKeyRIChecker.doCheck(Unknown Source)
	at org.apache.derby.impl.sql.execute.RISetChecker.doPKCheck(Unknown Source)
	at org.apache.derby.impl.sql.execute.DeleteResultSet.collectAffectedRows(Unknown Source)
	at org.apache.derby.impl.sql.execute.DeleteResultSet.open(Unknown Source)
	at org.apache.derby.impl.sql.GenericPreparedStatement.executeStmt(Unknown Source)
	at org.apache.derby.impl.sql.GenericPreparedStatement.execute(Unknown Source)
	... 65 more

[DEBUG] 2024-04-23 22:57:37.712 [HikariPool-2 housekeeper] HikariPool - HikariPool-2 - Pool stats (total=1, active=0, idle=1, waiting=0)
[DEBUG] 2024-04-23 22:57:37.713 [HikariPool-2 connection adder] HikariPool - HikariPool-2 - Added connection org.apache.derby.impl.jdbc.EmbedConnection@2062813181 (XID = 1031), (SESSIONID = 25), (DATABASE = memory:/home/alex/Repositories/hive/standalone-metastore/metastore-server/target/tmp/junit_metastore_db), (DRDAID = null) 
[DEBUG] 2024-04-23 22:57:37.714 [HikariPool-2 connection adder] HikariPool - HikariPool-2 - Added connection org.apache.derby.impl.jdbc.EmbedConnection@1003032006 (XID = 1033), (SESSIONID = 27), (DATABASE = memory:/home/alex/Repositories/hive/standalone-metastore/metastore-server/target/tmp/junit_metastore_db), (DRDAID = null) 
[DEBUG] 2024-04-23 22:57:37.715 [HikariPool-2 connection adder] HikariPool - HikariPool-2 - Added connection org.apache.derby.impl.jdbc.EmbedConnection@179867660 (XID = 1035), (SESSIONID = 29), (DATABASE = memory:/home/alex/Repositories/hive/standalone-metastore/metastore-server/target/tmp/junit_metastore_db), (DRDAID = null) 
[DEBUG] 2024-04-23 22:57:37.716 [HikariPool-2 connection adder] HikariPool - HikariPool-2 - Added connection org.apache.derby.impl.jdbc.EmbedConnection@1541862025 (XID = 1037), (SESSIONID = 31), (DATABASE = memory:/home/alex/Repositories/hive/standalone-metastore/metastore-server/target/tmp/junit_metastore_db), (DRDAID = null) 
[DEBUG] 2024-04-23 22:57:37.717 [HikariPool-3 housekeeper] HikariPool - HikariPool-3 - Pool stats (total=1, active=0, idle=1, waiting=0)
[DEBUG] 2024-04-23 22:57:37.718 [HikariPool-2 connection adder] HikariPool - HikariPool-2 - Added connection org.apache.derby.impl.jdbc.EmbedConnection@148145712 (XID = 1039), (SESSIONID = 33), (DATABASE = memory:/home/alex/Repositories/hive/standalone-metastore/metastore-server/target/tmp/junit_metastore_db), (DRDAID = null) 
[DEBUG] 2024-04-23 22:57:37.719 [HikariPool-2 connection adder] HikariPool - HikariPool-2 - Added connection org.apache.derby.impl.jdbc.EmbedConnection@1604865494 (XID = 1043), (SESSIONID = 37), (DATABASE = memory:/home/alex/Repositories/hive/standalone-metastore/metastore-server/target/tmp/junit_metastore_db), (DRDAID = null) 
[DEBUG] 2024-04-23 22:57:37.719 [HikariPool-3 connection adder] HikariPool - HikariPool-3 - Added connection org.apache.derby.impl.jdbc.EmbedConnection@281678463 (XID = 1042), (SESSIONID = 36), (DATABASE = memory:/home/alex/Repositories/hive/standalone-metastore/metastore-server/target/tmp/junit_metastore_db), (DRDAID = null) 
[DEBUG] 2024-04-23 22:57:37.721 [HikariPool-3 connection adder] HikariPool - HikariPool-3 - Added connection org.apache.derby.impl.jdbc.EmbedConnection@1375148100 (XID = 1047), (SESSIONID = 41), (DATABASE = memory:/home/alex/Repositories/hive/standalone-metastore/metastore-server/target/tmp/junit_metastore_db), (DRDAID = null) 
[DEBUG] 2024-04-23 22:57:37.721 [HikariPool-2 connection adder] HikariPool - HikariPool-2 - Added connection org.apache.derby.impl.jdbc.EmbedConnection@665268470 (XID = 1046), (SESSIONID = 40), (DATABASE = memory:/home/alex/Repositories/hive/standalone-metastore/metastore-server/target/tmp/junit_metastore_db), (DRDAID = null) 
[DEBUG] 2024-04-23 22:57:37.722 [HikariPool-3 connection adder] HikariPool - HikariPool-3 - Added connection org.apache.derby.impl.jdbc.EmbedConnection@1617709472 (XID = 1051), (SESSIONID = 45), (DATABASE = memory:/home/alex/Repositories/hive/standalone-metastore/metastore-server/target/tmp/junit_metastore_db), (DRDAID = null) 
[DEBUG] 2024-04-23 22:57:37.722 [HikariPool-2 connection adder] HikariPool - HikariPool-2 - Added connection org.apache.derby.impl.jdbc.EmbedConnection@1037117984 (XID = 1050), (SESSIONID = 44), (DATABASE = memory:/home/alex/Repositories/hive/standalone-metastore/metastore-server/target/tmp/junit_metastore_db), (DRDAID = null) 
[DEBUG] 2024-04-23 22:57:37.723 [HikariPool-3 connection adder] HikariPool - HikariPool-3 - Added connection org.apache.derby.impl.jdbc.EmbedConnection@836298507 (XID = 1055), (SESSIONID = 49), (DATABASE = memory:/home/alex/Repositories/hive/standalone-metastore/metastore-server/target/tmp/junit_metastore_db), (DRDAID = null) 
[DEBUG] 2024-04-23 22:57:37.723 [HikariPool-2 connection adder] HikariPool - HikariPool-2 - Added connection org.apache.derby.impl.jdbc.EmbedConnection@1592345825 (XID = 1054), (SESSIONID = 48), (DATABASE = memory:/home/alex/Repositories/hive/standalone-metastore/metastore-server/target/tmp/junit_metastore_db), (DRDAID = null) 
[DEBUG] 2024-04-23 22:57:37.724 [HikariPool-2 connection adder] HikariPool - HikariPool-2 - After adding stats (total=10, active=0, idle=10, waiting=0)
[DEBUG] 2024-04-23 22:57:37.725 [HikariPool-3 connection adder] HikariPool - HikariPool-3 - Added connection org.apache.derby.impl.jdbc.EmbedConnection@1014021262 (XID = 1057), (SESSIONID = 51), (DATABASE = memory:/home/alex/Repositories/hive/standalone-metastore/metastore-server/target/tmp/junit_metastore_db), (DRDAID = null) 
[DEBUG] 2024-04-23 22:57:37.726 [HikariPool-3 connection adder] HikariPool - HikariPool-3 - Added connection org.apache.derby.impl.jdbc.EmbedConnection@899070586 (XID = 1059), (SESSIONID = 53), (DATABASE = memory:/home/alex/Repositories/hive/standalone-metastore/metastore-server/target/tmp/junit_metastore_db), (DRDAID = null) 
[DEBUG] 2024-04-23 22:57:37.727 [HikariPool-3 connection adder] HikariPool - HikariPool-3 - Added connection org.apache.derby.impl.jdbc.EmbedConnection@752190243 (XID = 1061), (SESSIONID = 55), (DATABASE = memory:/home/alex/Repositories/hive/standalone-metastore/metastore-server/target/tmp/junit_metastore_db), (DRDAID = null) 
[DEBUG] 2024-04-23 22:57:37.728 [HikariPool-3 connection adder] HikariPool - HikariPool-3 - Added connection org.apache.derby.impl.jdbc.EmbedConnection@1748587525 (XID = 1063), (SESSIONID = 57), (DATABASE = memory:/home/alex/Repositories/hive/standalone-metastore/metastore-server/target/tmp/junit_metastore_db), (DRDAID = null) 
[DEBUG] 2024-04-23 22:57:37.730 [HikariPool-3 connection adder] HikariPool - HikariPool-3 - Added connection org.apache.derby.impl.jdbc.EmbedConnection@990905910 (XID = 1065), (SESSIONID = 59), (DATABASE = memory:/home/alex/Repositories/hive/standalone-metastore/metastore-server/target/tmp/junit_metastore_db), (DRDAID = null) 
[DEBUG] 2024-04-23 22:57:37.730 [HikariPool-3 connection adder] HikariPool - HikariPool-3 - After adding stats (total=10, active=0, idle=10, waiting=0)
[DEBUG] 2024-04-23 22:57:39.629 [main] HMSHandler - 0: drop_database: @hive#db_test_get_fields_1
[INFO ] 2024-04-23 22:57:39.629 [main] audit - ugi=alex	ip=unknown-ip-addr	cmd=drop_database: @hive#db_test_get_fields_1	
[DEBUG] 2024-04-23 22:57:39.630 [main] ObjectStore - Open transaction: count = 1, isActive = true
[DEBUG] 2024-04-23 22:57:39.630 [main] ObjectStore - Open transaction: count = 2, isActive = true
[DEBUG] 2024-04-23 22:57:39.640 [main] MetaStoreDirectSql - getDatabase: directsql returning db db_test_get_fields_1 locn[file:/home/alex/Repositories/hive/standalone-metastore/metastore-server/target/external/db_test_get_fields_1.db] desc [null] owner [alex] ownertype [USER]
[DEBUG] 2024-04-23 22:57:39.641 [main] ObjectStore - Using direct SQL optimization.
[DEBUG] 2024-04-23 22:57:39.642 [main] ObjectStore - Commit transaction: count = 1, isactive true
[DEBUG] 2024-04-23 22:57:39.642 [main] ObjectStore - db details for db db_test_get_fields_1 retrieved using SQL in 11.174864ms
[DEBUG] 2024-04-23 22:57:39.642 [main] HMSHandler - 0: get_all_tables: db=@hive#db_test_get_fields_1
[INFO ] 2024-04-23 22:57:39.642 [main] audit - ugi=alex	ip=unknown-ip-addr	cmd=get_all_tables: db=@hive#db_test_get_fields_1	
[DEBUG] 2024-04-23 22:57:39.643 [main] ObjectStore - Open transaction: count = 2, isActive = true
[DEBUG] 2024-04-23 22:57:39.656 [main] ObjectStore - Using direct SQL optimization.
[DEBUG] 2024-04-23 22:57:39.656 [main] ObjectStore - Commit transaction: count = 1, isactive true
[DEBUG] 2024-04-23 22:57:39.656 [main] ObjectStore - 2 entries retrieved using SQL in 13.137813ms
[DEBUG] 2024-04-23 22:57:39.656 [main] HMSHandler - get_all_tablestime taken(ns): 13693464
[DEBUG] 2024-04-23 22:57:39.657 [main] HMSHandler - 0: get_functions: db=@hive#db_test_get_fields_1 pat=*
[INFO ] 2024-04-23 22:57:39.657 [main] audit - ugi=alex	ip=unknown-ip-addr	cmd=get_functions: db=@hive#db_test_get_fields_1 pat=*	
[DEBUG] 2024-04-23 22:57:39.657 [main] ObjectStore - Open transaction: count = 2, isActive = true
[DEBUG] 2024-04-23 22:57:39.672 [main] ObjectStore - Commit transaction: count = 1, isactive true
[DEBUG] 2024-04-23 22:57:39.673 [main] HMSHandler - get_functionstime taken(ns): 15555411
[DEBUG] 2024-04-23 22:57:39.673 [main] HMSHandler - 0: get_all_stored_procedures
[INFO ] 2024-04-23 22:57:39.673 [main] audit - ugi=alex	ip=unknown-ip-addr	cmd=get_all_stored_procedures	
[DEBUG] 2024-04-23 22:57:39.674 [main] ObjectStore - Open transaction: count = 2, isActive = true
[DEBUG] 2024-04-23 22:57:39.680 [main] ObjectStore - Commit transaction: count = 1, isactive true
[DEBUG] 2024-04-23 22:57:39.680 [main] HMSHandler - get_all_stored_procedurestime taken(ns): 6491275
[DEBUG] 2024-04-23 22:57:39.680 [main] HMSHandler - 0: get_all_packages
[INFO ] 2024-04-23 22:57:39.680 [main] audit - ugi=alex	ip=unknown-ip-addr	cmd=get_all_packages	
[DEBUG] 2024-04-23 22:57:39.681 [main] ObjectStore - Open transaction: count = 2, isActive = true
[DEBUG] 2024-04-23 22:57:39.685 [main] ObjectStore - Commit transaction: count = 1, isactive true
[DEBUG] 2024-04-23 22:57:39.686 [main] HMSHandler - get_all_packagestime taken(ns): 5022330
[DEBUG] 2024-04-23 22:57:39.686 [main] HMSHandler - 0: getTablesByTypeCore: catName=hive: db=db_test_get_fields_1 pat=.*,type=MATERIALIZED_VIEW
[INFO ] 2024-04-23 22:57:39.686 [main] audit - ugi=alex	ip=unknown-ip-addr	cmd=getTablesByTypeCore: catName=hive: db=db_test_get_fields_1 pat=.*,type=MATERIALIZED_VIEW	
[DEBUG] 2024-04-23 22:57:39.686 [main] ObjectStore - Open transaction: count = 2, isActive = true
[DEBUG] 2024-04-23 22:57:39.688 [main] MetaStoreDirectSql - getDatabase: directsql returning db db_test_get_fields_1 locn[file:/home/alex/Repositories/hive/standalone-metastore/metastore-server/target/external/db_test_get_fields_1.db] desc [null] owner [alex] ownertype [USER]
[DEBUG] 2024-04-23 22:57:39.688 [main] ObjectStore - Using direct SQL optimization.
[DEBUG] 2024-04-23 22:57:39.688 [main] ObjectStore - Commit transaction: count = 1, isactive true
[DEBUG] 2024-04-23 22:57:39.689 [main] ObjectStore - db details for db db_test_get_fields_1 retrieved using SQL in 2.073204ms
[DEBUG] 2024-04-23 22:57:39.689 [main] ObjectStore - Open transaction: count = 2, isActive = true
[DEBUG] 2024-04-23 22:57:39.693 [main] ObjectStore - Using direct SQL optimization.
[DEBUG] 2024-04-23 22:57:39.693 [main] ObjectStore - Commit transaction: count = 1, isactive true
[DEBUG] 2024-04-23 22:57:39.693 [main] ObjectStore - 0 entries retrieved using SQL in 4.134278ms
[DEBUG] 2024-04-23 22:57:39.693 [main] HMSHandler - getTablesByTypeCoretime taken(ns): 6446580
[DEBUG] 2024-04-23 22:57:39.693 [main] ObjectStore - Open transaction: count = 2, isActive = true
[DEBUG] 2024-04-23 22:57:39.698 [main] ObjectStore - Open transaction: count = 3, isActive = true
[DEBUG] 2024-04-23 22:57:39.699 [main] MetaStoreDirectSql - getDatabase: directsql returning db db_test_get_fields_1 locn[file:/home/alex/Repositories/hive/standalone-metastore/metastore-server/target/external/db_test_get_fields_1.db] desc [null] owner [alex] ownertype [USER]
[DEBUG] 2024-04-23 22:57:39.699 [main] ObjectStore - Using direct SQL optimization.
[DEBUG] 2024-04-23 22:57:39.700 [main] ObjectStore - Commit transaction: count = 2, isactive true
[DEBUG] 2024-04-23 22:57:39.700 [main] ObjectStore - db details for db db_test_get_fields_1 retrieved using SQL in 1.717647ms
[DEBUG] 2024-04-23 22:57:39.700 [main] ObjectStore - Commit transaction: count = 1, isactive true
[INFO ] 2024-04-23 22:57:39.700 [main] ObjectStore - Dropping database hive.db_test_get_fields_1 along with all tables
[DEBUG] 2024-04-23 22:57:39.700 [main] ObjectStore - Open transaction: count = 2, isActive = true
[DEBUG] 2024-04-23 22:57:39.700 [main] ObjectStore - Open transaction: count = 3, isActive = true
[DEBUG] 2024-04-23 22:57:39.704 [main] ObjectStore - Commit transaction: count = 2, isactive true
[DEBUG] 2024-04-23 22:57:39.704 [main] ObjectStore - Executing listDatabaseGrants
[DEBUG] 2024-04-23 22:57:39.705 [main] ObjectStore - Done retrieving all objects for listDatabaseGrants: []
[DEBUG] 2024-04-23 22:57:39.706 [main] ObjectStore - Commit transaction: count = 1, isactive true
[DEBUG] 2024-04-23 22:57:39.707 [main] TxnHandler - Catching sql exception in min history level check
java.sql.SQLSyntaxErrorException: Table/View 'MIN_HISTORY_LEVEL' does not exist.
	at org.apache.derby.impl.jdbc.SQLExceptionFactory.getSQLException(Unknown Source) ~[derby-10.14.1.0.jar:?]
	at org.apache.derby.impl.jdbc.Util.generateCsSQLException(Unknown Source) ~[derby-10.14.1.0.jar:?]
	at org.apache.derby.impl.jdbc.TransactionResourceImpl.wrapInSQLException(Unknown Source) ~[derby-10.14.1.0.jar:?]
	at org.apache.derby.impl.jdbc.TransactionResourceImpl.handleException(Unknown Source) ~[derby-10.14.1.0.jar:?]
	at org.apache.derby.impl.jdbc.EmbedConnection.handleException(Unknown Source) ~[derby-10.14.1.0.jar:?]
	at org.apache.derby.impl.jdbc.ConnectionChild.handleException(Unknown Source) ~[derby-10.14.1.0.jar:?]
	at org.apache.derby.impl.jdbc.EmbedStatement.execute(Unknown Source) ~[derby-10.14.1.0.jar:?]
	at org.apache.derby.impl.jdbc.EmbedStatement.executeQuery(Unknown Source) ~[derby-10.14.1.0.jar:?]
	at com.zaxxer.hikari.pool.ProxyStatement.executeQuery(ProxyStatement.java:108) ~[HikariCP-2.6.1.jar:?]
	at com.zaxxer.hikari.pool.HikariProxyStatement.executeQuery(HikariProxyStatement.java) ~[HikariCP-2.6.1.jar:?]
	at org.apache.hadoop.hive.metastore.txn.TxnHandler.checkMinHistoryLevelTable(TxnHandler.java:456) [classes/:?]
	at org.apache.hadoop.hive.metastore.txn.TxnHandler.setConf(TxnHandler.java:422) [classes/:?]
	at org.apache.hadoop.hive.metastore.txn.TxnUtils.getTxnStore(TxnUtils.java:124) [classes/:?]
	at org.apache.hadoop.hive.metastore.AcidEventListener.getTxnHandler(AcidEventListener.java:136) [classes/:?]
	at org.apache.hadoop.hive.metastore.AcidEventListener.onDropDatabase(AcidEventListener.java:57) [classes/:?]
	at org.apache.hadoop.hive.metastore.MetaStoreListenerNotifier$26.notify(MetaStoreListenerNotifier.java:99) [classes/:?]
	at org.apache.hadoop.hive.metastore.MetaStoreListenerNotifier.notifyEvent(MetaStoreListenerNotifier.java:339) [classes/:?]
	at org.apache.hadoop.hive.metastore.HMSHandler.drop_database_core(HMSHandler.java:1785) [classes/:?]
	at org.apache.hadoop.hive.metastore.HMSHandler.drop_database(HMSHandler.java:1869) [classes/:?]
	at sun.reflect.NativeMethodAccessorImpl.invoke0(Native Method) ~[?:1.8.0_402]
	at sun.reflect.NativeMethodAccessorImpl.invoke(NativeMethodAccessorImpl.java:62) ~[?:1.8.0_402]
	at sun.reflect.DelegatingMethodAccessorImpl.invoke(DelegatingMethodAccessorImpl.java:43) ~[?:1.8.0_402]
	at java.lang.reflect.Method.invoke(Method.java:498) ~[?:1.8.0_402]
	at org.apache.hadoop.hive.metastore.RetryingHMSHandler.invokeInternal(RetryingHMSHandler.java:147) [classes/:?]
	at org.apache.hadoop.hive.metastore.RetryingHMSHandler.invoke(RetryingHMSHandler.java:108) [classes/:?]
	at com.sun.proxy.$Proxy35.drop_database(Unknown Source) [?:?]
	at org.apache.hadoop.hive.metastore.HiveMetaStoreClient.dropDatabaseCascadePerDb(HiveMetaStoreClient.java:1601) [classes/:?]
	at org.apache.hadoop.hive.metastore.HiveMetaStoreClient.dropDatabase(HiveMetaStoreClient.java:1532) [classes/:?]
	at org.apache.hadoop.hive.metastore.HiveMetaStoreClient.dropDatabase(HiveMetaStoreClient.java:1485) [classes/:?]
	at org.apache.hadoop.hive.metastore.TestHmsServerAuthorization.tearDown(TestHmsServerAuthorization.java:129) [test-classes/:?]
	at sun.reflect.NativeMethodAccessorImpl.invoke0(Native Method) ~[?:1.8.0_402]
	at sun.reflect.NativeMethodAccessorImpl.invoke(NativeMethodAccessorImpl.java:62) ~[?:1.8.0_402]
	at sun.reflect.DelegatingMethodAccessorImpl.invoke(DelegatingMethodAccessorImpl.java:43) ~[?:1.8.0_402]
	at java.lang.reflect.Method.invoke(Method.java:498) ~[?:1.8.0_402]
	at org.junit.runners.model.FrameworkMethod$1.runReflectiveCall(FrameworkMethod.java:59) [junit-4.13.jar:4.13]
	at org.junit.internal.runners.model.ReflectiveCallable.run(ReflectiveCallable.java:12) [junit-4.13.jar:4.13]
	at org.junit.runners.model.FrameworkMethod.invokeExplosively(FrameworkMethod.java:56) [junit-4.13.jar:4.13]
	at org.junit.internal.runners.statements.RunAfters.invokeMethod(RunAfters.java:46) [junit-4.13.jar:4.13]
	at org.junit.internal.runners.statements.RunAfters.evaluate(RunAfters.java:33) [junit-4.13.jar:4.13]
	at org.junit.runners.ParentRunner$3.evaluate(ParentRunner.java:306) [junit-4.13.jar:4.13]
	at org.junit.runners.ParentRunner.run(ParentRunner.java:413) [junit-4.13.jar:4.13]
	at org.junit.runners.Suite.runChild(Suite.java:128) [junit-4.13.jar:4.13]
	at org.junit.runners.Suite.runChild(Suite.java:27) [junit-4.13.jar:4.13]
	at org.junit.runners.ParentRunner$4.run(ParentRunner.java:331) [junit-4.13.jar:4.13]
	at org.junit.runners.ParentRunner$1.schedule(ParentRunner.java:79) [junit-4.13.jar:4.13]
	at org.junit.runners.ParentRunner.runChildren(ParentRunner.java:329) [junit-4.13.jar:4.13]
	at org.junit.runners.ParentRunner.access$100(ParentRunner.java:66) [junit-4.13.jar:4.13]
	at org.junit.runners.ParentRunner$2.evaluate(ParentRunner.java:293) [junit-4.13.jar:4.13]
	at org.junit.runners.ParentRunner$3.evaluate(ParentRunner.java:306) [junit-4.13.jar:4.13]
	at org.junit.runners.ParentRunner.run(ParentRunner.java:413) [junit-4.13.jar:4.13]
	at org.apache.maven.surefire.junitcore.JUnitCore.run(JUnitCore.java:55) [surefire-junit47-3.0.0-M4.jar:3.0.0-M4]
	at org.apache.maven.surefire.junitcore.JUnitCoreWrapper.createRequestAndRun(JUnitCoreWrapper.java:137) [surefire-junit47-3.0.0-M4.jar:3.0.0-M4]
	at org.apache.maven.surefire.junitcore.JUnitCoreWrapper.executeEager(JUnitCoreWrapper.java:107) [surefire-junit47-3.0.0-M4.jar:3.0.0-M4]
	at org.apache.maven.surefire.junitcore.JUnitCoreWrapper.execute(JUnitCoreWrapper.java:83) [surefire-junit47-3.0.0-M4.jar:3.0.0-M4]
	at org.apache.maven.surefire.junitcore.JUnitCoreWrapper.execute(JUnitCoreWrapper.java:75) [surefire-junit47-3.0.0-M4.jar:3.0.0-M4]
	at org.apache.maven.surefire.junitcore.JUnitCoreProvider.invoke(JUnitCoreProvider.java:158) [surefire-junit47-3.0.0-M4.jar:3.0.0-M4]
	at org.apache.maven.surefire.booter.ForkedBooter.runSuitesInProcess(ForkedBooter.java:377) [surefire-booter-3.0.0-M4.jar:3.0.0-M4]
	at org.apache.maven.surefire.booter.ForkedBooter.execute(ForkedBooter.java:138) [surefire-booter-3.0.0-M4.jar:3.0.0-M4]
	at org.apache.maven.surefire.booter.ForkedBooter.run(ForkedBooter.java:465) [surefire-booter-3.0.0-M4.jar:3.0.0-M4]
	at org.apache.maven.surefire.booter.ForkedBooter.main(ForkedBooter.java:451) [surefire-booter-3.0.0-M4.jar:3.0.0-M4]
Caused by: org.apache.derby.iapi.error.StandardException: Table/View 'MIN_HISTORY_LEVEL' does not exist.
	at org.apache.derby.iapi.error.StandardException.newException(Unknown Source) ~[derby-10.14.1.0.jar:?]
	at org.apache.derby.iapi.error.StandardException.newException(Unknown Source) ~[derby-10.14.1.0.jar:?]
	at org.apache.derby.impl.sql.compile.FromBaseTable.bindTableDescriptor(Unknown Source) ~[derby-10.14.1.0.jar:?]
	at org.apache.derby.impl.sql.compile.FromBaseTable.bindNonVTITables(Unknown Source) ~[derby-10.14.1.0.jar:?]
	at org.apache.derby.impl.sql.compile.FromList.bindTables(Unknown Source) ~[derby-10.14.1.0.jar:?]
	at org.apache.derby.impl.sql.compile.SelectNode.bindNonVTITables(Unknown Source) ~[derby-10.14.1.0.jar:?]
	at org.apache.derby.impl.sql.compile.DMLStatementNode.bindTables(Unknown Source) ~[derby-10.14.1.0.jar:?]
	at org.apache.derby.impl.sql.compile.DMLStatementNode.bind(Unknown Source) ~[derby-10.14.1.0.jar:?]
	at org.apache.derby.impl.sql.compile.CursorNode.bindStatement(Unknown Source) ~[derby-10.14.1.0.jar:?]
	at org.apache.derby.impl.sql.GenericStatement.prepMinion(Unknown Source) ~[derby-10.14.1.0.jar:?]
	at org.apache.derby.impl.sql.GenericStatement.prepare(Unknown Source) ~[derby-10.14.1.0.jar:?]
	at org.apache.derby.impl.sql.conn.GenericLanguageConnectionContext.prepareInternalStatement(Unknown Source) ~[derby-10.14.1.0.jar:?]
	... 54 more
[DEBUG] 2024-04-23 22:57:39.708 [main] ProxyConnection - HikariPool-2 - Executed rollback on connection org.apache.derby.impl.jdbc.EmbedConnection@1474640235 (XID = 1025), (SESSIONID = 21), (DATABASE = memory:/home/alex/Repositories/hive/standalone-metastore/metastore-server/target/tmp/junit_metastore_db), (DRDAID = null)  due to dirty commit state on close().
[DEBUG] 2024-04-23 22:57:39.708 [main] PoolBase - HikariPool-2 - Reset (autoCommit) on connection org.apache.derby.impl.jdbc.EmbedConnection@1474640235 (XID = 1025), (SESSIONID = 21), (DATABASE = memory:/home/alex/Repositories/hive/standalone-metastore/metastore-server/target/tmp/junit_metastore_db), (DRDAID = null) 
[DEBUG] 2024-04-23 22:57:39.708 [main] TxnHandler - Going to execute update <DELETE FROM "TXN_COMPONENTS" WHERE "TC_DATABASE"='db_test_get_fields_1'>
[DEBUG] 2024-04-23 22:57:39.709 [main] TxnHandler - Going to rollback: 
java.sql.SQLSyntaxErrorException: Table/View 'TXN_COMPONENTS' does not exist.
	at org.apache.derby.impl.jdbc.SQLExceptionFactory.getSQLException(Unknown Source) ~[derby-10.14.1.0.jar:?]
	at org.apache.derby.impl.jdbc.Util.generateCsSQLException(Unknown Source) ~[derby-10.14.1.0.jar:?]
	at org.apache.derby.impl.jdbc.TransactionResourceImpl.wrapInSQLException(Unknown Source) ~[derby-10.14.1.0.jar:?]
	at org.apache.derby.impl.jdbc.TransactionResourceImpl.handleException(Unknown Source) ~[derby-10.14.1.0.jar:?]
	at org.apache.derby.impl.jdbc.EmbedConnection.handleException(Unknown Source) ~[derby-10.14.1.0.jar:?]
	at org.apache.derby.impl.jdbc.ConnectionChild.handleException(Unknown Source) ~[derby-10.14.1.0.jar:?]
	at org.apache.derby.impl.jdbc.EmbedStatement.execute(Unknown Source) ~[derby-10.14.1.0.jar:?]
	at org.apache.derby.impl.jdbc.EmbedStatement.executeLargeUpdate(Unknown Source) ~[derby-10.14.1.0.jar:?]
	at org.apache.derby.impl.jdbc.EmbedStatement.executeUpdate(Unknown Source) ~[derby-10.14.1.0.jar:?]
	at com.zaxxer.hikari.pool.ProxyStatement.executeUpdate(ProxyStatement.java:117) ~[HikariCP-2.6.1.jar:?]
	at com.zaxxer.hikari.pool.HikariProxyStatement.executeUpdate(HikariProxyStatement.java) ~[HikariCP-2.6.1.jar:?]
	at org.apache.hadoop.hive.metastore.txn.TxnHandler.cleanupRecords(TxnHandler.java:4190) [classes/:?]
	at org.apache.hadoop.hive.metastore.AcidEventListener.onDropDatabase(AcidEventListener.java:58) [classes/:?]
	at org.apache.hadoop.hive.metastore.MetaStoreListenerNotifier$26.notify(MetaStoreListenerNotifier.java:99) [classes/:?]
	at org.apache.hadoop.hive.metastore.MetaStoreListenerNotifier.notifyEvent(MetaStoreListenerNotifier.java:339) [classes/:?]
	at org.apache.hadoop.hive.metastore.HMSHandler.drop_database_core(HMSHandler.java:1785) [classes/:?]
	at org.apache.hadoop.hive.metastore.HMSHandler.drop_database(HMSHandler.java:1869) [classes/:?]
	at sun.reflect.NativeMethodAccessorImpl.invoke0(Native Method) ~[?:1.8.0_402]
	at sun.reflect.NativeMethodAccessorImpl.invoke(NativeMethodAccessorImpl.java:62) ~[?:1.8.0_402]
	at sun.reflect.DelegatingMethodAccessorImpl.invoke(DelegatingMethodAccessorImpl.java:43) ~[?:1.8.0_402]
	at java.lang.reflect.Method.invoke(Method.java:498) ~[?:1.8.0_402]
	at org.apache.hadoop.hive.metastore.RetryingHMSHandler.invokeInternal(RetryingHMSHandler.java:147) [classes/:?]
	at org.apache.hadoop.hive.metastore.RetryingHMSHandler.invoke(RetryingHMSHandler.java:108) [classes/:?]
	at com.sun.proxy.$Proxy35.drop_database(Unknown Source) [?:?]
	at org.apache.hadoop.hive.metastore.HiveMetaStoreClient.dropDatabaseCascadePerDb(HiveMetaStoreClient.java:1601) [classes/:?]
	at org.apache.hadoop.hive.metastore.HiveMetaStoreClient.dropDatabase(HiveMetaStoreClient.java:1532) [classes/:?]
	at org.apache.hadoop.hive.metastore.HiveMetaStoreClient.dropDatabase(HiveMetaStoreClient.java:1485) [classes/:?]
	at org.apache.hadoop.hive.metastore.TestHmsServerAuthorization.tearDown(TestHmsServerAuthorization.java:129) [test-classes/:?]
	at sun.reflect.NativeMethodAccessorImpl.invoke0(Native Method) ~[?:1.8.0_402]
	at sun.reflect.NativeMethodAccessorImpl.invoke(NativeMethodAccessorImpl.java:62) ~[?:1.8.0_402]
	at sun.reflect.DelegatingMethodAccessorImpl.invoke(DelegatingMethodAccessorImpl.java:43) ~[?:1.8.0_402]
	at java.lang.reflect.Method.invoke(Method.java:498) ~[?:1.8.0_402]
	at org.junit.runners.model.FrameworkMethod$1.runReflectiveCall(FrameworkMethod.java:59) [junit-4.13.jar:4.13]
	at org.junit.internal.runners.model.ReflectiveCallable.run(ReflectiveCallable.java:12) [junit-4.13.jar:4.13]
	at org.junit.runners.model.FrameworkMethod.invokeExplosively(FrameworkMethod.java:56) [junit-4.13.jar:4.13]
	at org.junit.internal.runners.statements.RunAfters.invokeMethod(RunAfters.java:46) [junit-4.13.jar:4.13]
	at org.junit.internal.runners.statements.RunAfters.evaluate(RunAfters.java:33) [junit-4.13.jar:4.13]
	at org.junit.runners.ParentRunner$3.evaluate(ParentRunner.java:306) [junit-4.13.jar:4.13]
	at org.junit.runners.ParentRunner.run(ParentRunner.java:413) [junit-4.13.jar:4.13]
	at org.junit.runners.Suite.runChild(Suite.java:128) [junit-4.13.jar:4.13]
	at org.junit.runners.Suite.runChild(Suite.java:27) [junit-4.13.jar:4.13]
	at org.junit.runners.ParentRunner$4.run(ParentRunner.java:331) [junit-4.13.jar:4.13]
	at org.junit.runners.ParentRunner$1.schedule(ParentRunner.java:79) [junit-4.13.jar:4.13]
	at org.junit.runners.ParentRunner.runChildren(ParentRunner.java:329) [junit-4.13.jar:4.13]
	at org.junit.runners.ParentRunner.access$100(ParentRunner.java:66) [junit-4.13.jar:4.13]
	at org.junit.runners.ParentRunner$2.evaluate(ParentRunner.java:293) [junit-4.13.jar:4.13]
	at org.junit.runners.ParentRunner$3.evaluate(ParentRunner.java:306) [junit-4.13.jar:4.13]
	at org.junit.runners.ParentRunner.run(ParentRunner.java:413) [junit-4.13.jar:4.13]
	at org.apache.maven.surefire.junitcore.JUnitCore.run(JUnitCore.java:55) [surefire-junit47-3.0.0-M4.jar:3.0.0-M4]
	at org.apache.maven.surefire.junitcore.JUnitCoreWrapper.createRequestAndRun(JUnitCoreWrapper.java:137) [surefire-junit47-3.0.0-M4.jar:3.0.0-M4]
	at org.apache.maven.surefire.junitcore.JUnitCoreWrapper.executeEager(JUnitCoreWrapper.java:107) [surefire-junit47-3.0.0-M4.jar:3.0.0-M4]
	at org.apache.maven.surefire.junitcore.JUnitCoreWrapper.execute(JUnitCoreWrapper.java:83) [surefire-junit47-3.0.0-M4.jar:3.0.0-M4]
	at org.apache.maven.surefire.junitcore.JUnitCoreWrapper.execute(JUnitCoreWrapper.java:75) [surefire-junit47-3.0.0-M4.jar:3.0.0-M4]
	at org.apache.maven.surefire.junitcore.JUnitCoreProvider.invoke(JUnitCoreProvider.java:158) [surefire-junit47-3.0.0-M4.jar:3.0.0-M4]
	at org.apache.maven.surefire.booter.ForkedBooter.runSuitesInProcess(ForkedBooter.java:377) [surefire-booter-3.0.0-M4.jar:3.0.0-M4]
	at org.apache.maven.surefire.booter.ForkedBooter.execute(ForkedBooter.java:138) [surefire-booter-3.0.0-M4.jar:3.0.0-M4]
	at org.apache.maven.surefire.booter.ForkedBooter.run(ForkedBooter.java:465) [surefire-booter-3.0.0-M4.jar:3.0.0-M4]
	at org.apache.maven.surefire.booter.ForkedBooter.main(ForkedBooter.java:451) [surefire-booter-3.0.0-M4.jar:3.0.0-M4]
Caused by: org.apache.derby.iapi.error.StandardException: Table/View 'TXN_COMPONENTS' does not exist.
	at org.apache.derby.iapi.error.StandardException.newException(Unknown Source) ~[derby-10.14.1.0.jar:?]
	at org.apache.derby.iapi.error.StandardException.newException(Unknown Source) ~[derby-10.14.1.0.jar:?]
	at org.apache.derby.impl.sql.compile.FromBaseTable.bindTableDescriptor(Unknown Source) ~[derby-10.14.1.0.jar:?]
	at org.apache.derby.impl.sql.compile.FromBaseTable.bindNonVTITables(Unknown Source) ~[derby-10.14.1.0.jar:?]
	at org.apache.derby.impl.sql.compile.FromList.bindTables(Unknown Source) ~[derby-10.14.1.0.jar:?]
	at org.apache.derby.impl.sql.compile.SelectNode.bindNonVTITables(Unknown Source) ~[derby-10.14.1.0.jar:?]
	at org.apache.derby.impl.sql.compile.DMLStatementNode.bindTables(Unknown Source) ~[derby-10.14.1.0.jar:?]
	at org.apache.derby.impl.sql.compile.DeleteNode.bindStatement(Unknown Source) ~[derby-10.14.1.0.jar:?]
	at org.apache.derby.impl.sql.GenericStatement.prepMinion(Unknown Source) ~[derby-10.14.1.0.jar:?]
	at org.apache.derby.impl.sql.GenericStatement.prepare(Unknown Source) ~[derby-10.14.1.0.jar:?]
	at org.apache.derby.impl.sql.conn.GenericLanguageConnectionContext.prepareInternalStatement(Unknown Source) ~[derby-10.14.1.0.jar:?]
	... 52 more
[INFO ] 2024-04-23 22:57:39.709 [main] TxnHandler - Non-retryable error in cleanupRecords : Table/View 'TXN_COMPONENTS' does not exist. (SQLState=42X05, ErrorCode=20000)
[WARN ] 2024-04-23 22:57:39.709 [main] TxnHandler - Cannot perform cleanup since metastore table does not exist
[DEBUG] 2024-04-23 22:57:39.710 [main] PoolBase - HikariPool-2 - Reset (autoCommit) on connection org.apache.derby.impl.jdbc.EmbedConnection@1474640235 (XID = 1025), (SESSIONID = 21), (DATABASE = memory:/home/alex/Repositories/hive/standalone-metastore/metastore-server/target/tmp/junit_metastore_db), (DRDAID = null) 
[DEBUG] 2024-04-23 22:57:39.710 [main] ObjectStore - Commit transaction: count = 0, isactive true
[DEBUG] 2024-04-23 22:57:39.711 [main] PoolBase - HikariPool-1 - Reset (autoCommit) on connection org.apache.derby.impl.jdbc.EmbedConnection@1807176280 (XID = 166), (SESSIONID = 1), (DATABASE = memory:/home/alex/Repositories/hive/standalone-metastore/metastore-server/target/tmp/junit_metastore_db), (DRDAID = null) 
[DEBUG] 2024-04-23 22:57:39.711 [main] ObjectStore - rolling back transaction: no open transactions: 0
[DEBUG] 2024-04-23 22:57:39.711 [main] HMSHandler - drop_databasetime taken(ns): 81496128
[ERROR] 2024-04-23 22:57:39.712 [main] RetryingHMSHandler - Retrying HMSHandler after 2000 ms (attempt 2 of 10) with error: javax.jdo.JDODataStoreException: Exception thrown flushing changes to datastore
	at org.datanucleus.api.jdo.NucleusJDOHelper.getJDOExceptionForNucleusException(NucleusJDOHelper.java:542)
	at org.datanucleus.api.jdo.JDOTransaction.commit(JDOTransaction.java:162)
	at org.apache.hadoop.hive.metastore.ObjectStore.commitTransaction(ObjectStore.java:615)
	at sun.reflect.NativeMethodAccessorImpl.invoke0(Native Method)
	at sun.reflect.NativeMethodAccessorImpl.invoke(NativeMethodAccessorImpl.java:62)
	at sun.reflect.DelegatingMethodAccessorImpl.invoke(DelegatingMethodAccessorImpl.java:43)
	at java.lang.reflect.Method.invoke(Method.java:498)
	at org.apache.hadoop.hive.metastore.RawStoreProxy.invoke(RawStoreProxy.java:97)
	at com.sun.proxy.$Proxy29.commitTransaction(Unknown Source)
	at org.apache.hadoop.hive.metastore.HMSHandler.drop_database_core(HMSHandler.java:1790)
	at org.apache.hadoop.hive.metastore.HMSHandler.drop_database(HMSHandler.java:1869)
	at sun.reflect.NativeMethodAccessorImpl.invoke0(Native Method)
	at sun.reflect.NativeMethodAccessorImpl.invoke(NativeMethodAccessorImpl.java:62)
	at sun.reflect.DelegatingMethodAccessorImpl.invoke(DelegatingMethodAccessorImpl.java:43)
	at java.lang.reflect.Method.invoke(Method.java:498)
	at org.apache.hadoop.hive.metastore.RetryingHMSHandler.invokeInternal(RetryingHMSHandler.java:147)
	at org.apache.hadoop.hive.metastore.RetryingHMSHandler.invoke(RetryingHMSHandler.java:108)
	at com.sun.proxy.$Proxy35.drop_database(Unknown Source)
	at org.apache.hadoop.hive.metastore.HiveMetaStoreClient.dropDatabaseCascadePerDb(HiveMetaStoreClient.java:1601)
	at org.apache.hadoop.hive.metastore.HiveMetaStoreClient.dropDatabase(HiveMetaStoreClient.java:1532)
	at org.apache.hadoop.hive.metastore.HiveMetaStoreClient.dropDatabase(HiveMetaStoreClient.java:1485)
	at org.apache.hadoop.hive.metastore.TestHmsServerAuthorization.tearDown(TestHmsServerAuthorization.java:129)
	at sun.reflect.NativeMethodAccessorImpl.invoke0(Native Method)
	at sun.reflect.NativeMethodAccessorImpl.invoke(NativeMethodAccessorImpl.java:62)
	at sun.reflect.DelegatingMethodAccessorImpl.invoke(DelegatingMethodAccessorImpl.java:43)
	at java.lang.reflect.Method.invoke(Method.java:498)
	at org.junit.runners.model.FrameworkMethod$1.runReflectiveCall(FrameworkMethod.java:59)
	at org.junit.internal.runners.model.ReflectiveCallable.run(ReflectiveCallable.java:12)
	at org.junit.runners.model.FrameworkMethod.invokeExplosively(FrameworkMethod.java:56)
	at org.junit.internal.runners.statements.RunAfters.invokeMethod(RunAfters.java:46)
	at org.junit.internal.runners.statements.RunAfters.evaluate(RunAfters.java:33)
	at org.junit.runners.ParentRunner$3.evaluate(ParentRunner.java:306)
	at org.junit.runners.ParentRunner.run(ParentRunner.java:413)
	at org.junit.runners.Suite.runChild(Suite.java:128)
	at org.junit.runners.Suite.runChild(Suite.java:27)
	at org.junit.runners.ParentRunner$4.run(ParentRunner.java:331)
	at org.junit.runners.ParentRunner$1.schedule(ParentRunner.java:79)
	at org.junit.runners.ParentRunner.runChildren(ParentRunner.java:329)
	at org.junit.runners.ParentRunner.access$100(ParentRunner.java:66)
	at org.junit.runners.ParentRunner$2.evaluate(ParentRunner.java:293)
	at org.junit.runners.ParentRunner$3.evaluate(ParentRunner.java:306)
	at org.junit.runners.ParentRunner.run(ParentRunner.java:413)
	at org.apache.maven.surefire.junitcore.JUnitCore.run(JUnitCore.java:55)
	at org.apache.maven.surefire.junitcore.JUnitCoreWrapper.createRequestAndRun(JUnitCoreWrapper.java:137)
	at org.apache.maven.surefire.junitcore.JUnitCoreWrapper.executeEager(JUnitCoreWrapper.java:107)
	at org.apache.maven.surefire.junitcore.JUnitCoreWrapper.execute(JUnitCoreWrapper.java:83)
	at org.apache.maven.surefire.junitcore.JUnitCoreWrapper.execute(JUnitCoreWrapper.java:75)
	at org.apache.maven.surefire.junitcore.JUnitCoreProvider.invoke(JUnitCoreProvider.java:158)
	at org.apache.maven.surefire.booter.ForkedBooter.runSuitesInProcess(ForkedBooter.java:377)
	at org.apache.maven.surefire.booter.ForkedBooter.execute(ForkedBooter.java:138)
	at org.apache.maven.surefire.booter.ForkedBooter.run(ForkedBooter.java:465)
	at org.apache.maven.surefire.booter.ForkedBooter.main(ForkedBooter.java:451)
NestedThrowablesStackTrace:
java.sql.BatchUpdateException: DELETE on table 'DBS' caused a violation of foreign key constraint 'TBLS_FK1' for key (2).  The statement has been rolled back.
	at org.apache.derby.impl.jdbc.EmbedStatement.executeLargeBatch(Unknown Source)
	at org.apache.derby.impl.jdbc.EmbedStatement.executeBatch(Unknown Source)
	at com.zaxxer.hikari.pool.ProxyStatement.executeBatch(ProxyStatement.java:125)
	at com.zaxxer.hikari.pool.HikariProxyPreparedStatement.executeBatch(HikariProxyPreparedStatement.java)
	at org.datanucleus.store.rdbms.ParamLoggingPreparedStatement.executeBatch(ParamLoggingPreparedStatement.java:366)
	at org.datanucleus.store.rdbms.SQLController.processConnectionStatement(SQLController.java:675)
	at org.datanucleus.store.rdbms.SQLController.processStatementsForConnection(SQLController.java:643)
	at org.datanucleus.store.rdbms.SQLController$1.transactionFlushed(SQLController.java:729)
	at org.datanucleus.store.connection.AbstractManagedConnection.transactionFlushed(AbstractManagedConnection.java:95)
	at org.datanucleus.store.connection.ConnectionManagerImpl$2.transactionFlushed(ConnectionManagerImpl.java:528)
	at org.datanucleus.TransactionImpl.flush(TransactionImpl.java:222)
	at org.datanucleus.TransactionImpl.commit(TransactionImpl.java:286)
	at org.datanucleus.api.jdo.JDOTransaction.commit(JDOTransaction.java:99)
	at org.apache.hadoop.hive.metastore.ObjectStore.commitTransaction(ObjectStore.java:615)
	at sun.reflect.NativeMethodAccessorImpl.invoke0(Native Method)
	at sun.reflect.NativeMethodAccessorImpl.invoke(NativeMethodAccessorImpl.java:62)
	at sun.reflect.DelegatingMethodAccessorImpl.invoke(DelegatingMethodAccessorImpl.java:43)
	at java.lang.reflect.Method.invoke(Method.java:498)
	at org.apache.hadoop.hive.metastore.RawStoreProxy.invoke(RawStoreProxy.java:97)
	at com.sun.proxy.$Proxy29.commitTransaction(Unknown Source)
	at org.apache.hadoop.hive.metastore.HMSHandler.drop_database_core(HMSHandler.java:1790)
	at org.apache.hadoop.hive.metastore.HMSHandler.drop_database(HMSHandler.java:1869)
	at sun.reflect.NativeMethodAccessorImpl.invoke0(Native Method)
	at sun.reflect.NativeMethodAccessorImpl.invoke(NativeMethodAccessorImpl.java:62)
	at sun.reflect.DelegatingMethodAccessorImpl.invoke(DelegatingMethodAccessorImpl.java:43)
	at java.lang.reflect.Method.invoke(Method.java:498)
	at org.apache.hadoop.hive.metastore.RetryingHMSHandler.invokeInternal(RetryingHMSHandler.java:147)
	at org.apache.hadoop.hive.metastore.RetryingHMSHandler.invoke(RetryingHMSHandler.java:108)
	at com.sun.proxy.$Proxy35.drop_database(Unknown Source)
	at org.apache.hadoop.hive.metastore.HiveMetaStoreClient.dropDatabaseCascadePerDb(HiveMetaStoreClient.java:1601)
	at org.apache.hadoop.hive.metastore.HiveMetaStoreClient.dropDatabase(HiveMetaStoreClient.java:1532)
	at org.apache.hadoop.hive.metastore.HiveMetaStoreClient.dropDatabase(HiveMetaStoreClient.java:1485)
	at org.apache.hadoop.hive.metastore.TestHmsServerAuthorization.tearDown(TestHmsServerAuthorization.java:129)
	at sun.reflect.NativeMethodAccessorImpl.invoke0(Native Method)
	at sun.reflect.NativeMethodAccessorImpl.invoke(NativeMethodAccessorImpl.java:62)
	at sun.reflect.DelegatingMethodAccessorImpl.invoke(DelegatingMethodAccessorImpl.java:43)
	at java.lang.reflect.Method.invoke(Method.java:498)
	at org.junit.runners.model.FrameworkMethod$1.runReflectiveCall(FrameworkMethod.java:59)
	at org.junit.internal.runners.model.ReflectiveCallable.run(ReflectiveCallable.java:12)
	at org.junit.runners.model.FrameworkMethod.invokeExplosively(FrameworkMethod.java:56)
	at org.junit.internal.runners.statements.RunAfters.invokeMethod(RunAfters.java:46)
	at org.junit.internal.runners.statements.RunAfters.evaluate(RunAfters.java:33)
	at org.junit.runners.ParentRunner$3.evaluate(ParentRunner.java:306)
	at org.junit.runners.ParentRunner.run(ParentRunner.java:413)
	at org.junit.runners.Suite.runChild(Suite.java:128)
	at org.junit.runners.Suite.runChild(Suite.java:27)
	at org.junit.runners.ParentRunner$4.run(ParentRunner.java:331)
	at org.junit.runners.ParentRunner$1.schedule(ParentRunner.java:79)
	at org.junit.runners.ParentRunner.runChildren(ParentRunner.java:329)
	at org.junit.runners.ParentRunner.access$100(ParentRunner.java:66)
	at org.junit.runners.ParentRunner$2.evaluate(ParentRunner.java:293)
	at org.junit.runners.ParentRunner$3.evaluate(ParentRunner.java:306)
	at org.junit.runners.ParentRunner.run(ParentRunner.java:413)
	at org.apache.maven.surefire.junitcore.JUnitCore.run(JUnitCore.java:55)
	at org.apache.maven.surefire.junitcore.JUnitCoreWrapper.createRequestAndRun(JUnitCoreWrapper.java:137)
	at org.apache.maven.surefire.junitcore.JUnitCoreWrapper.executeEager(JUnitCoreWrapper.java:107)
	at org.apache.maven.surefire.junitcore.JUnitCoreWrapper.execute(JUnitCoreWrapper.java:83)
	at org.apache.maven.surefire.junitcore.JUnitCoreWrapper.execute(JUnitCoreWrapper.java:75)
	at org.apache.maven.surefire.junitcore.JUnitCoreProvider.invoke(JUnitCoreProvider.java:158)
	at org.apache.maven.surefire.booter.ForkedBooter.runSuitesInProcess(ForkedBooter.java:377)
	at org.apache.maven.surefire.booter.ForkedBooter.execute(ForkedBooter.java:138)
	at org.apache.maven.surefire.booter.ForkedBooter.run(ForkedBooter.java:465)
	at org.apache.maven.surefire.booter.ForkedBooter.main(ForkedBooter.java:451)
Caused by: org.apache.derby.shared.common.error.DerbySQLIntegrityConstraintViolationException: DELETE on table 'DBS' caused a violation of foreign key constraint 'TBLS_FK1' for key (2).  The statement has been rolled back.
	at org.apache.derby.impl.jdbc.SQLExceptionFactory.getSQLException(Unknown Source)
	at org.apache.derby.impl.jdbc.Util.generateCsSQLException(Unknown Source)
	at org.apache.derby.impl.jdbc.TransactionResourceImpl.wrapInSQLException(Unknown Source)
	at org.apache.derby.impl.jdbc.TransactionResourceImpl.handleException(Unknown Source)
	at org.apache.derby.impl.jdbc.EmbedConnection.handleException(Unknown Source)
	at org.apache.derby.impl.jdbc.ConnectionChild.handleException(Unknown Source)
	at org.apache.derby.impl.jdbc.EmbedStatement.executeStatement(Unknown Source)
	at org.apache.derby.impl.jdbc.EmbedPreparedStatement.executeBatchElement(Unknown Source)
	... 63 more
Caused by: ERROR 23503: DELETE on table 'DBS' caused a violation of foreign key constraint 'TBLS_FK1' for key (2).  The statement has been rolled back.
	at org.apache.derby.iapi.error.StandardException.newException(Unknown Source)
	at org.apache.derby.iapi.error.StandardException.newException(Unknown Source)
	at org.apache.derby.impl.sql.execute.ReferencedKeyRIChecker.doCheck(Unknown Source)
	at org.apache.derby.impl.sql.execute.RISetChecker.doPKCheck(Unknown Source)
	at org.apache.derby.impl.sql.execute.DeleteResultSet.collectAffectedRows(Unknown Source)
	at org.apache.derby.impl.sql.execute.DeleteResultSet.open(Unknown Source)
	at org.apache.derby.impl.sql.GenericPreparedStatement.executeStmt(Unknown Source)
	at org.apache.derby.impl.sql.GenericPreparedStatement.execute(Unknown Source)
	... 65 more

[DEBUG] 2024-04-23 22:57:41.713 [main] HMSHandler - 0: drop_database: @hive#db_test_get_fields_1
[INFO ] 2024-04-23 22:57:41.713 [main] audit - ugi=alex	ip=unknown-ip-addr	cmd=drop_database: @hive#db_test_get_fields_1	
[DEBUG] 2024-04-23 22:57:41.714 [main] ObjectStore - Open transaction: count = 1, isActive = true
[DEBUG] 2024-04-23 22:57:41.714 [main] ObjectStore - Open transaction: count = 2, isActive = true
[DEBUG] 2024-04-23 22:57:41.717 [main] MetaStoreDirectSql - getDatabase: directsql returning db db_test_get_fields_1 locn[file:/home/alex/Repositories/hive/standalone-metastore/metastore-server/target/external/db_test_get_fields_1.db] desc [null] owner [alex] ownertype [USER]
[DEBUG] 2024-04-23 22:57:41.718 [main] ObjectStore - Using direct SQL optimization.
[DEBUG] 2024-04-23 22:57:41.718 [main] ObjectStore - Commit transaction: count = 1, isactive true
[DEBUG] 2024-04-23 22:57:41.718 [main] ObjectStore - db details for db db_test_get_fields_1 retrieved using SQL in 3.411015ms
[DEBUG] 2024-04-23 22:57:41.718 [main] HMSHandler - 0: get_all_tables: db=@hive#db_test_get_fields_1
[INFO ] 2024-04-23 22:57:41.718 [main] audit - ugi=alex	ip=unknown-ip-addr	cmd=get_all_tables: db=@hive#db_test_get_fields_1	
[DEBUG] 2024-04-23 22:57:41.718 [main] ObjectStore - Open transaction: count = 2, isActive = true
[DEBUG] 2024-04-23 22:57:41.719 [main] ObjectStore - Using direct SQL optimization.
[DEBUG] 2024-04-23 22:57:41.719 [main] ObjectStore - Commit transaction: count = 1, isactive true
[DEBUG] 2024-04-23 22:57:41.719 [main] ObjectStore - 2 entries retrieved using SQL in 0.983745ms
[DEBUG] 2024-04-23 22:57:41.719 [main] HMSHandler - get_all_tablestime taken(ns): 1132492
[DEBUG] 2024-04-23 22:57:41.719 [main] HMSHandler - 0: get_functions: db=@hive#db_test_get_fields_1 pat=*
[INFO ] 2024-04-23 22:57:41.719 [main] audit - ugi=alex	ip=unknown-ip-addr	cmd=get_functions: db=@hive#db_test_get_fields_1 pat=*	
[DEBUG] 2024-04-23 22:57:41.719 [main] ObjectStore - Open transaction: count = 2, isActive = true
[DEBUG] 2024-04-23 22:57:41.721 [main] ObjectStore - Commit transaction: count = 1, isactive true
[DEBUG] 2024-04-23 22:57:41.722 [main] HMSHandler - get_functionstime taken(ns): 2156940
[DEBUG] 2024-04-23 22:57:41.722 [main] HMSHandler - 0: get_all_stored_procedures
[INFO ] 2024-04-23 22:57:41.722 [main] audit - ugi=alex	ip=unknown-ip-addr	cmd=get_all_stored_procedures	
[DEBUG] 2024-04-23 22:57:41.722 [main] ObjectStore - Open transaction: count = 2, isActive = true
[DEBUG] 2024-04-23 22:57:41.723 [main] ObjectStore - Commit transaction: count = 1, isactive true
[DEBUG] 2024-04-23 22:57:41.723 [main] HMSHandler - get_all_stored_procedurestime taken(ns): 1427978
[DEBUG] 2024-04-23 22:57:41.723 [main] HMSHandler - 0: get_all_packages
[INFO ] 2024-04-23 22:57:41.724 [main] audit - ugi=alex	ip=unknown-ip-addr	cmd=get_all_packages	
[DEBUG] 2024-04-23 22:57:41.724 [main] ObjectStore - Open transaction: count = 2, isActive = true
[DEBUG] 2024-04-23 22:57:41.725 [main] ObjectStore - Commit transaction: count = 1, isactive true
[DEBUG] 2024-04-23 22:57:41.725 [main] HMSHandler - get_all_packagestime taken(ns): 1351608
[DEBUG] 2024-04-23 22:57:41.725 [main] HMSHandler - 0: getTablesByTypeCore: catName=hive: db=db_test_get_fields_1 pat=.*,type=MATERIALIZED_VIEW
[INFO ] 2024-04-23 22:57:41.725 [main] audit - ugi=alex	ip=unknown-ip-addr	cmd=getTablesByTypeCore: catName=hive: db=db_test_get_fields_1 pat=.*,type=MATERIALIZED_VIEW	
[DEBUG] 2024-04-23 22:57:41.726 [main] ObjectStore - Open transaction: count = 2, isActive = true
[DEBUG] 2024-04-23 22:57:41.727 [main] MetaStoreDirectSql - getDatabase: directsql returning db db_test_get_fields_1 locn[file:/home/alex/Repositories/hive/standalone-metastore/metastore-server/target/external/db_test_get_fields_1.db] desc [null] owner [alex] ownertype [USER]
[DEBUG] 2024-04-23 22:57:41.727 [main] ObjectStore - Using direct SQL optimization.
[DEBUG] 2024-04-23 22:57:41.727 [main] ObjectStore - Commit transaction: count = 1, isactive true
[DEBUG] 2024-04-23 22:57:41.727 [main] ObjectStore - db details for db db_test_get_fields_1 retrieved using SQL in 1.521778ms
[DEBUG] 2024-04-23 22:57:41.727 [main] ObjectStore - Open transaction: count = 2, isActive = true
[DEBUG] 2024-04-23 22:57:41.728 [main] ObjectStore - Using direct SQL optimization.
[DEBUG] 2024-04-23 22:57:41.728 [main] ObjectStore - Commit transaction: count = 1, isactive true
[DEBUG] 2024-04-23 22:57:41.728 [main] ObjectStore - 0 entries retrieved using SQL in 0.915738ms
[DEBUG] 2024-04-23 22:57:41.728 [main] HMSHandler - getTablesByTypeCoretime taken(ns): 2638799
[DEBUG] 2024-04-23 22:57:41.728 [main] ObjectStore - Open transaction: count = 2, isActive = true
[DEBUG] 2024-04-23 22:57:41.730 [main] ObjectStore - Open transaction: count = 3, isActive = true
[DEBUG] 2024-04-23 22:57:41.731 [main] MetaStoreDirectSql - getDatabase: directsql returning db db_test_get_fields_1 locn[file:/home/alex/Repositories/hive/standalone-metastore/metastore-server/target/external/db_test_get_fields_1.db] desc [null] owner [alex] ownertype [USER]
[DEBUG] 2024-04-23 22:57:41.732 [main] ObjectStore - Using direct SQL optimization.
[DEBUG] 2024-04-23 22:57:41.732 [main] ObjectStore - Commit transaction: count = 2, isactive true
[DEBUG] 2024-04-23 22:57:41.732 [main] ObjectStore - db details for db db_test_get_fields_1 retrieved using SQL in 1.935027ms
[DEBUG] 2024-04-23 22:57:41.732 [main] ObjectStore - Commit transaction: count = 1, isactive true
[INFO ] 2024-04-23 22:57:41.732 [main] ObjectStore - Dropping database hive.db_test_get_fields_1 along with all tables
[DEBUG] 2024-04-23 22:57:41.732 [main] ObjectStore - Open transaction: count = 2, isActive = true
[DEBUG] 2024-04-23 22:57:41.732 [main] ObjectStore - Open transaction: count = 3, isActive = true
[DEBUG] 2024-04-23 22:57:41.733 [main] ObjectStore - Commit transaction: count = 2, isactive true
[DEBUG] 2024-04-23 22:57:41.734 [main] ObjectStore - Executing listDatabaseGrants
[DEBUG] 2024-04-23 22:57:41.735 [main] ObjectStore - Done retrieving all objects for listDatabaseGrants: []
[DEBUG] 2024-04-23 22:57:41.736 [main] ObjectStore - Commit transaction: count = 1, isactive true
[DEBUG] 2024-04-23 22:57:41.736 [main] TxnHandler - Catching sql exception in min history level check
java.sql.SQLSyntaxErrorException: Table/View 'MIN_HISTORY_LEVEL' does not exist.
	at org.apache.derby.impl.jdbc.SQLExceptionFactory.getSQLException(Unknown Source) ~[derby-10.14.1.0.jar:?]
	at org.apache.derby.impl.jdbc.Util.generateCsSQLException(Unknown Source) ~[derby-10.14.1.0.jar:?]
	at org.apache.derby.impl.jdbc.TransactionResourceImpl.wrapInSQLException(Unknown Source) ~[derby-10.14.1.0.jar:?]
	at org.apache.derby.impl.jdbc.TransactionResourceImpl.handleException(Unknown Source) ~[derby-10.14.1.0.jar:?]
	at org.apache.derby.impl.jdbc.EmbedConnection.handleException(Unknown Source) ~[derby-10.14.1.0.jar:?]
	at org.apache.derby.impl.jdbc.ConnectionChild.handleException(Unknown Source) ~[derby-10.14.1.0.jar:?]
	at org.apache.derby.impl.jdbc.EmbedStatement.execute(Unknown Source) ~[derby-10.14.1.0.jar:?]
	at org.apache.derby.impl.jdbc.EmbedStatement.executeQuery(Unknown Source) ~[derby-10.14.1.0.jar:?]
	at com.zaxxer.hikari.pool.ProxyStatement.executeQuery(ProxyStatement.java:108) ~[HikariCP-2.6.1.jar:?]
	at com.zaxxer.hikari.pool.HikariProxyStatement.executeQuery(HikariProxyStatement.java) ~[HikariCP-2.6.1.jar:?]
	at org.apache.hadoop.hive.metastore.txn.TxnHandler.checkMinHistoryLevelTable(TxnHandler.java:456) [classes/:?]
	at org.apache.hadoop.hive.metastore.txn.TxnHandler.setConf(TxnHandler.java:422) [classes/:?]
	at org.apache.hadoop.hive.metastore.txn.TxnUtils.getTxnStore(TxnUtils.java:124) [classes/:?]
	at org.apache.hadoop.hive.metastore.AcidEventListener.getTxnHandler(AcidEventListener.java:136) [classes/:?]
	at org.apache.hadoop.hive.metastore.AcidEventListener.onDropDatabase(AcidEventListener.java:57) [classes/:?]
	at org.apache.hadoop.hive.metastore.MetaStoreListenerNotifier$26.notify(MetaStoreListenerNotifier.java:99) [classes/:?]
	at org.apache.hadoop.hive.metastore.MetaStoreListenerNotifier.notifyEvent(MetaStoreListenerNotifier.java:339) [classes/:?]
	at org.apache.hadoop.hive.metastore.HMSHandler.drop_database_core(HMSHandler.java:1785) [classes/:?]
	at org.apache.hadoop.hive.metastore.HMSHandler.drop_database(HMSHandler.java:1869) [classes/:?]
	at sun.reflect.NativeMethodAccessorImpl.invoke0(Native Method) ~[?:1.8.0_402]
	at sun.reflect.NativeMethodAccessorImpl.invoke(NativeMethodAccessorImpl.java:62) ~[?:1.8.0_402]
	at sun.reflect.DelegatingMethodAccessorImpl.invoke(DelegatingMethodAccessorImpl.java:43) ~[?:1.8.0_402]
	at java.lang.reflect.Method.invoke(Method.java:498) ~[?:1.8.0_402]
	at org.apache.hadoop.hive.metastore.RetryingHMSHandler.invokeInternal(RetryingHMSHandler.java:147) [classes/:?]
	at org.apache.hadoop.hive.metastore.RetryingHMSHandler.invoke(RetryingHMSHandler.java:108) [classes/:?]
	at com.sun.proxy.$Proxy35.drop_database(Unknown Source) [?:?]
	at org.apache.hadoop.hive.metastore.HiveMetaStoreClient.dropDatabaseCascadePerDb(HiveMetaStoreClient.java:1601) [classes/:?]
	at org.apache.hadoop.hive.metastore.HiveMetaStoreClient.dropDatabase(HiveMetaStoreClient.java:1532) [classes/:?]
	at org.apache.hadoop.hive.metastore.HiveMetaStoreClient.dropDatabase(HiveMetaStoreClient.java:1485) [classes/:?]
	at org.apache.hadoop.hive.metastore.TestHmsServerAuthorization.tearDown(TestHmsServerAuthorization.java:129) [test-classes/:?]
	at sun.reflect.NativeMethodAccessorImpl.invoke0(Native Method) ~[?:1.8.0_402]
	at sun.reflect.NativeMethodAccessorImpl.invoke(NativeMethodAccessorImpl.java:62) ~[?:1.8.0_402]
	at sun.reflect.DelegatingMethodAccessorImpl.invoke(DelegatingMethodAccessorImpl.java:43) ~[?:1.8.0_402]
	at java.lang.reflect.Method.invoke(Method.java:498) ~[?:1.8.0_402]
	at org.junit.runners.model.FrameworkMethod$1.runReflectiveCall(FrameworkMethod.java:59) [junit-4.13.jar:4.13]
	at org.junit.internal.runners.model.ReflectiveCallable.run(ReflectiveCallable.java:12) [junit-4.13.jar:4.13]
	at org.junit.runners.model.FrameworkMethod.invokeExplosively(FrameworkMethod.java:56) [junit-4.13.jar:4.13]
	at org.junit.internal.runners.statements.RunAfters.invokeMethod(RunAfters.java:46) [junit-4.13.jar:4.13]
	at org.junit.internal.runners.statements.RunAfters.evaluate(RunAfters.java:33) [junit-4.13.jar:4.13]
	at org.junit.runners.ParentRunner$3.evaluate(ParentRunner.java:306) [junit-4.13.jar:4.13]
	at org.junit.runners.ParentRunner.run(ParentRunner.java:413) [junit-4.13.jar:4.13]
	at org.junit.runners.Suite.runChild(Suite.java:128) [junit-4.13.jar:4.13]
	at org.junit.runners.Suite.runChild(Suite.java:27) [junit-4.13.jar:4.13]
	at org.junit.runners.ParentRunner$4.run(ParentRunner.java:331) [junit-4.13.jar:4.13]
	at org.junit.runners.ParentRunner$1.schedule(ParentRunner.java:79) [junit-4.13.jar:4.13]
	at org.junit.runners.ParentRunner.runChildren(ParentRunner.java:329) [junit-4.13.jar:4.13]
	at org.junit.runners.ParentRunner.access$100(ParentRunner.java:66) [junit-4.13.jar:4.13]
	at org.junit.runners.ParentRunner$2.evaluate(ParentRunner.java:293) [junit-4.13.jar:4.13]
	at org.junit.runners.ParentRunner$3.evaluate(ParentRunner.java:306) [junit-4.13.jar:4.13]
	at org.junit.runners.ParentRunner.run(ParentRunner.java:413) [junit-4.13.jar:4.13]
	at org.apache.maven.surefire.junitcore.JUnitCore.run(JUnitCore.java:55) [surefire-junit47-3.0.0-M4.jar:3.0.0-M4]
	at org.apache.maven.surefire.junitcore.JUnitCoreWrapper.createRequestAndRun(JUnitCoreWrapper.java:137) [surefire-junit47-3.0.0-M4.jar:3.0.0-M4]
	at org.apache.maven.surefire.junitcore.JUnitCoreWrapper.executeEager(JUnitCoreWrapper.java:107) [surefire-junit47-3.0.0-M4.jar:3.0.0-M4]
	at org.apache.maven.surefire.junitcore.JUnitCoreWrapper.execute(JUnitCoreWrapper.java:83) [surefire-junit47-3.0.0-M4.jar:3.0.0-M4]
	at org.apache.maven.surefire.junitcore.JUnitCoreWrapper.execute(JUnitCoreWrapper.java:75) [surefire-junit47-3.0.0-M4.jar:3.0.0-M4]
	at org.apache.maven.surefire.junitcore.JUnitCoreProvider.invoke(JUnitCoreProvider.java:158) [surefire-junit47-3.0.0-M4.jar:3.0.0-M4]
	at org.apache.maven.surefire.booter.ForkedBooter.runSuitesInProcess(ForkedBooter.java:377) [surefire-booter-3.0.0-M4.jar:3.0.0-M4]
	at org.apache.maven.surefire.booter.ForkedBooter.execute(ForkedBooter.java:138) [surefire-booter-3.0.0-M4.jar:3.0.0-M4]
	at org.apache.maven.surefire.booter.ForkedBooter.run(ForkedBooter.java:465) [surefire-booter-3.0.0-M4.jar:3.0.0-M4]
	at org.apache.maven.surefire.booter.ForkedBooter.main(ForkedBooter.java:451) [surefire-booter-3.0.0-M4.jar:3.0.0-M4]
Caused by: org.apache.derby.iapi.error.StandardException: Table/View 'MIN_HISTORY_LEVEL' does not exist.
	at org.apache.derby.iapi.error.StandardException.newException(Unknown Source) ~[derby-10.14.1.0.jar:?]
	at org.apache.derby.iapi.error.StandardException.newException(Unknown Source) ~[derby-10.14.1.0.jar:?]
	at org.apache.derby.impl.sql.compile.FromBaseTable.bindTableDescriptor(Unknown Source) ~[derby-10.14.1.0.jar:?]
	at org.apache.derby.impl.sql.compile.FromBaseTable.bindNonVTITables(Unknown Source) ~[derby-10.14.1.0.jar:?]
	at org.apache.derby.impl.sql.compile.FromList.bindTables(Unknown Source) ~[derby-10.14.1.0.jar:?]
	at org.apache.derby.impl.sql.compile.SelectNode.bindNonVTITables(Unknown Source) ~[derby-10.14.1.0.jar:?]
	at org.apache.derby.impl.sql.compile.DMLStatementNode.bindTables(Unknown Source) ~[derby-10.14.1.0.jar:?]
	at org.apache.derby.impl.sql.compile.DMLStatementNode.bind(Unknown Source) ~[derby-10.14.1.0.jar:?]
	at org.apache.derby.impl.sql.compile.CursorNode.bindStatement(Unknown Source) ~[derby-10.14.1.0.jar:?]
	at org.apache.derby.impl.sql.GenericStatement.prepMinion(Unknown Source) ~[derby-10.14.1.0.jar:?]
	at org.apache.derby.impl.sql.GenericStatement.prepare(Unknown Source) ~[derby-10.14.1.0.jar:?]
	at org.apache.derby.impl.sql.conn.GenericLanguageConnectionContext.prepareInternalStatement(Unknown Source) ~[derby-10.14.1.0.jar:?]
	... 54 more
[DEBUG] 2024-04-23 22:57:41.737 [main] ProxyConnection - HikariPool-2 - Executed rollback on connection org.apache.derby.impl.jdbc.EmbedConnection@1474640235 (XID = 1025), (SESSIONID = 21), (DATABASE = memory:/home/alex/Repositories/hive/standalone-metastore/metastore-server/target/tmp/junit_metastore_db), (DRDAID = null)  due to dirty commit state on close().
[DEBUG] 2024-04-23 22:57:41.737 [main] PoolBase - HikariPool-2 - Reset (autoCommit) on connection org.apache.derby.impl.jdbc.EmbedConnection@1474640235 (XID = 1025), (SESSIONID = 21), (DATABASE = memory:/home/alex/Repositories/hive/standalone-metastore/metastore-server/target/tmp/junit_metastore_db), (DRDAID = null) 
[DEBUG] 2024-04-23 22:57:41.737 [main] TxnHandler - Going to execute update <DELETE FROM "TXN_COMPONENTS" WHERE "TC_DATABASE"='db_test_get_fields_1'>
[DEBUG] 2024-04-23 22:57:41.738 [main] TxnHandler - Going to rollback: 
java.sql.SQLSyntaxErrorException: Table/View 'TXN_COMPONENTS' does not exist.
	at org.apache.derby.impl.jdbc.SQLExceptionFactory.getSQLException(Unknown Source) ~[derby-10.14.1.0.jar:?]
	at org.apache.derby.impl.jdbc.Util.generateCsSQLException(Unknown Source) ~[derby-10.14.1.0.jar:?]
	at org.apache.derby.impl.jdbc.TransactionResourceImpl.wrapInSQLException(Unknown Source) ~[derby-10.14.1.0.jar:?]
	at org.apache.derby.impl.jdbc.TransactionResourceImpl.handleException(Unknown Source) ~[derby-10.14.1.0.jar:?]
	at org.apache.derby.impl.jdbc.EmbedConnection.handleException(Unknown Source) ~[derby-10.14.1.0.jar:?]
	at org.apache.derby.impl.jdbc.ConnectionChild.handleException(Unknown Source) ~[derby-10.14.1.0.jar:?]
	at org.apache.derby.impl.jdbc.EmbedStatement.execute(Unknown Source) ~[derby-10.14.1.0.jar:?]
	at org.apache.derby.impl.jdbc.EmbedStatement.executeLargeUpdate(Unknown Source) ~[derby-10.14.1.0.jar:?]
	at org.apache.derby.impl.jdbc.EmbedStatement.executeUpdate(Unknown Source) ~[derby-10.14.1.0.jar:?]
	at com.zaxxer.hikari.pool.ProxyStatement.executeUpdate(ProxyStatement.java:117) ~[HikariCP-2.6.1.jar:?]
	at com.zaxxer.hikari.pool.HikariProxyStatement.executeUpdate(HikariProxyStatement.java) ~[HikariCP-2.6.1.jar:?]
	at org.apache.hadoop.hive.metastore.txn.TxnHandler.cleanupRecords(TxnHandler.java:4190) [classes/:?]
	at org.apache.hadoop.hive.metastore.AcidEventListener.onDropDatabase(AcidEventListener.java:58) [classes/:?]
	at org.apache.hadoop.hive.metastore.MetaStoreListenerNotifier$26.notify(MetaStoreListenerNotifier.java:99) [classes/:?]
	at org.apache.hadoop.hive.metastore.MetaStoreListenerNotifier.notifyEvent(MetaStoreListenerNotifier.java:339) [classes/:?]
	at org.apache.hadoop.hive.metastore.HMSHandler.drop_database_core(HMSHandler.java:1785) [classes/:?]
	at org.apache.hadoop.hive.metastore.HMSHandler.drop_database(HMSHandler.java:1869) [classes/:?]
	at sun.reflect.NativeMethodAccessorImpl.invoke0(Native Method) ~[?:1.8.0_402]
	at sun.reflect.NativeMethodAccessorImpl.invoke(NativeMethodAccessorImpl.java:62) ~[?:1.8.0_402]
	at sun.reflect.DelegatingMethodAccessorImpl.invoke(DelegatingMethodAccessorImpl.java:43) ~[?:1.8.0_402]
	at java.lang.reflect.Method.invoke(Method.java:498) ~[?:1.8.0_402]
	at org.apache.hadoop.hive.metastore.RetryingHMSHandler.invokeInternal(RetryingHMSHandler.java:147) [classes/:?]
	at org.apache.hadoop.hive.metastore.RetryingHMSHandler.invoke(RetryingHMSHandler.java:108) [classes/:?]
	at com.sun.proxy.$Proxy35.drop_database(Unknown Source) [?:?]
	at org.apache.hadoop.hive.metastore.HiveMetaStoreClient.dropDatabaseCascadePerDb(HiveMetaStoreClient.java:1601) [classes/:?]
	at org.apache.hadoop.hive.metastore.HiveMetaStoreClient.dropDatabase(HiveMetaStoreClient.java:1532) [classes/:?]
	at org.apache.hadoop.hive.metastore.HiveMetaStoreClient.dropDatabase(HiveMetaStoreClient.java:1485) [classes/:?]
	at org.apache.hadoop.hive.metastore.TestHmsServerAuthorization.tearDown(TestHmsServerAuthorization.java:129) [test-classes/:?]
	at sun.reflect.NativeMethodAccessorImpl.invoke0(Native Method) ~[?:1.8.0_402]
	at sun.reflect.NativeMethodAccessorImpl.invoke(NativeMethodAccessorImpl.java:62) ~[?:1.8.0_402]
	at sun.reflect.DelegatingMethodAccessorImpl.invoke(DelegatingMethodAccessorImpl.java:43) ~[?:1.8.0_402]
	at java.lang.reflect.Method.invoke(Method.java:498) ~[?:1.8.0_402]
	at org.junit.runners.model.FrameworkMethod$1.runReflectiveCall(FrameworkMethod.java:59) [junit-4.13.jar:4.13]
	at org.junit.internal.runners.model.ReflectiveCallable.run(ReflectiveCallable.java:12) [junit-4.13.jar:4.13]
	at org.junit.runners.model.FrameworkMethod.invokeExplosively(FrameworkMethod.java:56) [junit-4.13.jar:4.13]
	at org.junit.internal.runners.statements.RunAfters.invokeMethod(RunAfters.java:46) [junit-4.13.jar:4.13]
	at org.junit.internal.runners.statements.RunAfters.evaluate(RunAfters.java:33) [junit-4.13.jar:4.13]
	at org.junit.runners.ParentRunner$3.evaluate(ParentRunner.java:306) [junit-4.13.jar:4.13]
	at org.junit.runners.ParentRunner.run(ParentRunner.java:413) [junit-4.13.jar:4.13]
	at org.junit.runners.Suite.runChild(Suite.java:128) [junit-4.13.jar:4.13]
	at org.junit.runners.Suite.runChild(Suite.java:27) [junit-4.13.jar:4.13]
	at org.junit.runners.ParentRunner$4.run(ParentRunner.java:331) [junit-4.13.jar:4.13]
	at org.junit.runners.ParentRunner$1.schedule(ParentRunner.java:79) [junit-4.13.jar:4.13]
	at org.junit.runners.ParentRunner.runChildren(ParentRunner.java:329) [junit-4.13.jar:4.13]
	at org.junit.runners.ParentRunner.access$100(ParentRunner.java:66) [junit-4.13.jar:4.13]
	at org.junit.runners.ParentRunner$2.evaluate(ParentRunner.java:293) [junit-4.13.jar:4.13]
	at org.junit.runners.ParentRunner$3.evaluate(ParentRunner.java:306) [junit-4.13.jar:4.13]
	at org.junit.runners.ParentRunner.run(ParentRunner.java:413) [junit-4.13.jar:4.13]
	at org.apache.maven.surefire.junitcore.JUnitCore.run(JUnitCore.java:55) [surefire-junit47-3.0.0-M4.jar:3.0.0-M4]
	at org.apache.maven.surefire.junitcore.JUnitCoreWrapper.createRequestAndRun(JUnitCoreWrapper.java:137) [surefire-junit47-3.0.0-M4.jar:3.0.0-M4]
	at org.apache.maven.surefire.junitcore.JUnitCoreWrapper.executeEager(JUnitCoreWrapper.java:107) [surefire-junit47-3.0.0-M4.jar:3.0.0-M4]
	at org.apache.maven.surefire.junitcore.JUnitCoreWrapper.execute(JUnitCoreWrapper.java:83) [surefire-junit47-3.0.0-M4.jar:3.0.0-M4]
	at org.apache.maven.surefire.junitcore.JUnitCoreWrapper.execute(JUnitCoreWrapper.java:75) [surefire-junit47-3.0.0-M4.jar:3.0.0-M4]
	at org.apache.maven.surefire.junitcore.JUnitCoreProvider.invoke(JUnitCoreProvider.java:158) [surefire-junit47-3.0.0-M4.jar:3.0.0-M4]
	at org.apache.maven.surefire.booter.ForkedBooter.runSuitesInProcess(ForkedBooter.java:377) [surefire-booter-3.0.0-M4.jar:3.0.0-M4]
	at org.apache.maven.surefire.booter.ForkedBooter.execute(ForkedBooter.java:138) [surefire-booter-3.0.0-M4.jar:3.0.0-M4]
	at org.apache.maven.surefire.booter.ForkedBooter.run(ForkedBooter.java:465) [surefire-booter-3.0.0-M4.jar:3.0.0-M4]
	at org.apache.maven.surefire.booter.ForkedBooter.main(ForkedBooter.java:451) [surefire-booter-3.0.0-M4.jar:3.0.0-M4]
Caused by: org.apache.derby.iapi.error.StandardException: Table/View 'TXN_COMPONENTS' does not exist.
	at org.apache.derby.iapi.error.StandardException.newException(Unknown Source) ~[derby-10.14.1.0.jar:?]
	at org.apache.derby.iapi.error.StandardException.newException(Unknown Source) ~[derby-10.14.1.0.jar:?]
	at org.apache.derby.impl.sql.compile.FromBaseTable.bindTableDescriptor(Unknown Source) ~[derby-10.14.1.0.jar:?]
	at org.apache.derby.impl.sql.compile.FromBaseTable.bindNonVTITables(Unknown Source) ~[derby-10.14.1.0.jar:?]
	at org.apache.derby.impl.sql.compile.FromList.bindTables(Unknown Source) ~[derby-10.14.1.0.jar:?]
	at org.apache.derby.impl.sql.compile.SelectNode.bindNonVTITables(Unknown Source) ~[derby-10.14.1.0.jar:?]
	at org.apache.derby.impl.sql.compile.DMLStatementNode.bindTables(Unknown Source) ~[derby-10.14.1.0.jar:?]
	at org.apache.derby.impl.sql.compile.DeleteNode.bindStatement(Unknown Source) ~[derby-10.14.1.0.jar:?]
	at org.apache.derby.impl.sql.GenericStatement.prepMinion(Unknown Source) ~[derby-10.14.1.0.jar:?]
	at org.apache.derby.impl.sql.GenericStatement.prepare(Unknown Source) ~[derby-10.14.1.0.jar:?]
	at org.apache.derby.impl.sql.conn.GenericLanguageConnectionContext.prepareInternalStatement(Unknown Source) ~[derby-10.14.1.0.jar:?]
	... 52 more
[INFO ] 2024-04-23 22:57:41.739 [main] TxnHandler - Non-retryable error in cleanupRecords : Table/View 'TXN_COMPONENTS' does not exist. (SQLState=42X05, ErrorCode=20000)
[WARN ] 2024-04-23 22:57:41.739 [main] TxnHandler - Cannot perform cleanup since metastore table does not exist
[DEBUG] 2024-04-23 22:57:41.739 [main] PoolBase - HikariPool-2 - Reset (autoCommit) on connection org.apache.derby.impl.jdbc.EmbedConnection@1474640235 (XID = 1025), (SESSIONID = 21), (DATABASE = memory:/home/alex/Repositories/hive/standalone-metastore/metastore-server/target/tmp/junit_metastore_db), (DRDAID = null) 
[DEBUG] 2024-04-23 22:57:41.739 [main] ObjectStore - Commit transaction: count = 0, isactive true
[DEBUG] 2024-04-23 22:57:41.740 [main] PoolBase - HikariPool-1 - Reset (autoCommit) on connection org.apache.derby.impl.jdbc.EmbedConnection@1807176280 (XID = 166), (SESSIONID = 1), (DATABASE = memory:/home/alex/Repositories/hive/standalone-metastore/metastore-server/target/tmp/junit_metastore_db), (DRDAID = null) 
[DEBUG] 2024-04-23 22:57:41.741 [main] ObjectStore - rolling back transaction: no open transactions: 0
[DEBUG] 2024-04-23 22:57:41.741 [main] HMSHandler - drop_databasetime taken(ns): 27329315
[ERROR] 2024-04-23 22:57:41.741 [main] RetryingHMSHandler - Retrying HMSHandler after 2000 ms (attempt 3 of 10) with error: javax.jdo.JDODataStoreException: Exception thrown flushing changes to datastore
	at org.datanucleus.api.jdo.NucleusJDOHelper.getJDOExceptionForNucleusException(NucleusJDOHelper.java:542)
	at org.datanucleus.api.jdo.JDOTransaction.commit(JDOTransaction.java:162)
	at org.apache.hadoop.hive.metastore.ObjectStore.commitTransaction(ObjectStore.java:615)
	at sun.reflect.NativeMethodAccessorImpl.invoke0(Native Method)
	at sun.reflect.NativeMethodAccessorImpl.invoke(NativeMethodAccessorImpl.java:62)
	at sun.reflect.DelegatingMethodAccessorImpl.invoke(DelegatingMethodAccessorImpl.java:43)
	at java.lang.reflect.Method.invoke(Method.java:498)
	at org.apache.hadoop.hive.metastore.RawStoreProxy.invoke(RawStoreProxy.java:97)
	at com.sun.proxy.$Proxy29.commitTransaction(Unknown Source)
	at org.apache.hadoop.hive.metastore.HMSHandler.drop_database_core(HMSHandler.java:1790)
	at org.apache.hadoop.hive.metastore.HMSHandler.drop_database(HMSHandler.java:1869)
	at sun.reflect.NativeMethodAccessorImpl.invoke0(Native Method)
	at sun.reflect.NativeMethodAccessorImpl.invoke(NativeMethodAccessorImpl.java:62)
	at sun.reflect.DelegatingMethodAccessorImpl.invoke(DelegatingMethodAccessorImpl.java:43)
	at java.lang.reflect.Method.invoke(Method.java:498)
	at org.apache.hadoop.hive.metastore.RetryingHMSHandler.invokeInternal(RetryingHMSHandler.java:147)
	at org.apache.hadoop.hive.metastore.RetryingHMSHandler.invoke(RetryingHMSHandler.java:108)
	at com.sun.proxy.$Proxy35.drop_database(Unknown Source)
	at org.apache.hadoop.hive.metastore.HiveMetaStoreClient.dropDatabaseCascadePerDb(HiveMetaStoreClient.java:1601)
	at org.apache.hadoop.hive.metastore.HiveMetaStoreClient.dropDatabase(HiveMetaStoreClient.java:1532)
	at org.apache.hadoop.hive.metastore.HiveMetaStoreClient.dropDatabase(HiveMetaStoreClient.java:1485)
	at org.apache.hadoop.hive.metastore.TestHmsServerAuthorization.tearDown(TestHmsServerAuthorization.java:129)
	at sun.reflect.NativeMethodAccessorImpl.invoke0(Native Method)
	at sun.reflect.NativeMethodAccessorImpl.invoke(NativeMethodAccessorImpl.java:62)
	at sun.reflect.DelegatingMethodAccessorImpl.invoke(DelegatingMethodAccessorImpl.java:43)
	at java.lang.reflect.Method.invoke(Method.java:498)
	at org.junit.runners.model.FrameworkMethod$1.runReflectiveCall(FrameworkMethod.java:59)
	at org.junit.internal.runners.model.ReflectiveCallable.run(ReflectiveCallable.java:12)
	at org.junit.runners.model.FrameworkMethod.invokeExplosively(FrameworkMethod.java:56)
	at org.junit.internal.runners.statements.RunAfters.invokeMethod(RunAfters.java:46)
	at org.junit.internal.runners.statements.RunAfters.evaluate(RunAfters.java:33)
	at org.junit.runners.ParentRunner$3.evaluate(ParentRunner.java:306)
	at org.junit.runners.ParentRunner.run(ParentRunner.java:413)
	at org.junit.runners.Suite.runChild(Suite.java:128)
	at org.junit.runners.Suite.runChild(Suite.java:27)
	at org.junit.runners.ParentRunner$4.run(ParentRunner.java:331)
	at org.junit.runners.ParentRunner$1.schedule(ParentRunner.java:79)
	at org.junit.runners.ParentRunner.runChildren(ParentRunner.java:329)
	at org.junit.runners.ParentRunner.access$100(ParentRunner.java:66)
	at org.junit.runners.ParentRunner$2.evaluate(ParentRunner.java:293)
	at org.junit.runners.ParentRunner$3.evaluate(ParentRunner.java:306)
	at org.junit.runners.ParentRunner.run(ParentRunner.java:413)
	at org.apache.maven.surefire.junitcore.JUnitCore.run(JUnitCore.java:55)
	at org.apache.maven.surefire.junitcore.JUnitCoreWrapper.createRequestAndRun(JUnitCoreWrapper.java:137)
	at org.apache.maven.surefire.junitcore.JUnitCoreWrapper.executeEager(JUnitCoreWrapper.java:107)
	at org.apache.maven.surefire.junitcore.JUnitCoreWrapper.execute(JUnitCoreWrapper.java:83)
	at org.apache.maven.surefire.junitcore.JUnitCoreWrapper.execute(JUnitCoreWrapper.java:75)
	at org.apache.maven.surefire.junitcore.JUnitCoreProvider.invoke(JUnitCoreProvider.java:158)
	at org.apache.maven.surefire.booter.ForkedBooter.runSuitesInProcess(ForkedBooter.java:377)
	at org.apache.maven.surefire.booter.ForkedBooter.execute(ForkedBooter.java:138)
	at org.apache.maven.surefire.booter.ForkedBooter.run(ForkedBooter.java:465)
	at org.apache.maven.surefire.booter.ForkedBooter.main(ForkedBooter.java:451)
NestedThrowablesStackTrace:
java.sql.BatchUpdateException: DELETE on table 'DBS' caused a violation of foreign key constraint 'TBLS_FK1' for key (2).  The statement has been rolled back.
	at org.apache.derby.impl.jdbc.EmbedStatement.executeLargeBatch(Unknown Source)
	at org.apache.derby.impl.jdbc.EmbedStatement.executeBatch(Unknown Source)
	at com.zaxxer.hikari.pool.ProxyStatement.executeBatch(ProxyStatement.java:125)
	at com.zaxxer.hikari.pool.HikariProxyPreparedStatement.executeBatch(HikariProxyPreparedStatement.java)
	at org.datanucleus.store.rdbms.ParamLoggingPreparedStatement.executeBatch(ParamLoggingPreparedStatement.java:366)
	at org.datanucleus.store.rdbms.SQLController.processConnectionStatement(SQLController.java:675)
	at org.datanucleus.store.rdbms.SQLController.processStatementsForConnection(SQLController.java:643)
	at org.datanucleus.store.rdbms.SQLController$1.transactionFlushed(SQLController.java:729)
	at org.datanucleus.store.connection.AbstractManagedConnection.transactionFlushed(AbstractManagedConnection.java:95)
	at org.datanucleus.store.connection.ConnectionManagerImpl$2.transactionFlushed(ConnectionManagerImpl.java:528)
	at org.datanucleus.TransactionImpl.flush(TransactionImpl.java:222)
	at org.datanucleus.TransactionImpl.commit(TransactionImpl.java:286)
	at org.datanucleus.api.jdo.JDOTransaction.commit(JDOTransaction.java:99)
	at org.apache.hadoop.hive.metastore.ObjectStore.commitTransaction(ObjectStore.java:615)
	at sun.reflect.NativeMethodAccessorImpl.invoke0(Native Method)
	at sun.reflect.NativeMethodAccessorImpl.invoke(NativeMethodAccessorImpl.java:62)
	at sun.reflect.DelegatingMethodAccessorImpl.invoke(DelegatingMethodAccessorImpl.java:43)
	at java.lang.reflect.Method.invoke(Method.java:498)
	at org.apache.hadoop.hive.metastore.RawStoreProxy.invoke(RawStoreProxy.java:97)
	at com.sun.proxy.$Proxy29.commitTransaction(Unknown Source)
	at org.apache.hadoop.hive.metastore.HMSHandler.drop_database_core(HMSHandler.java:1790)
	at org.apache.hadoop.hive.metastore.HMSHandler.drop_database(HMSHandler.java:1869)
	at sun.reflect.NativeMethodAccessorImpl.invoke0(Native Method)
	at sun.reflect.NativeMethodAccessorImpl.invoke(NativeMethodAccessorImpl.java:62)
	at sun.reflect.DelegatingMethodAccessorImpl.invoke(DelegatingMethodAccessorImpl.java:43)
	at java.lang.reflect.Method.invoke(Method.java:498)
	at org.apache.hadoop.hive.metastore.RetryingHMSHandler.invokeInternal(RetryingHMSHandler.java:147)
	at org.apache.hadoop.hive.metastore.RetryingHMSHandler.invoke(RetryingHMSHandler.java:108)
	at com.sun.proxy.$Proxy35.drop_database(Unknown Source)
	at org.apache.hadoop.hive.metastore.HiveMetaStoreClient.dropDatabaseCascadePerDb(HiveMetaStoreClient.java:1601)
	at org.apache.hadoop.hive.metastore.HiveMetaStoreClient.dropDatabase(HiveMetaStoreClient.java:1532)
	at org.apache.hadoop.hive.metastore.HiveMetaStoreClient.dropDatabase(HiveMetaStoreClient.java:1485)
	at org.apache.hadoop.hive.metastore.TestHmsServerAuthorization.tearDown(TestHmsServerAuthorization.java:129)
	at sun.reflect.NativeMethodAccessorImpl.invoke0(Native Method)
	at sun.reflect.NativeMethodAccessorImpl.invoke(NativeMethodAccessorImpl.java:62)
	at sun.reflect.DelegatingMethodAccessorImpl.invoke(DelegatingMethodAccessorImpl.java:43)
	at java.lang.reflect.Method.invoke(Method.java:498)
	at org.junit.runners.model.FrameworkMethod$1.runReflectiveCall(FrameworkMethod.java:59)
	at org.junit.internal.runners.model.ReflectiveCallable.run(ReflectiveCallable.java:12)
	at org.junit.runners.model.FrameworkMethod.invokeExplosively(FrameworkMethod.java:56)
	at org.junit.internal.runners.statements.RunAfters.invokeMethod(RunAfters.java:46)
	at org.junit.internal.runners.statements.RunAfters.evaluate(RunAfters.java:33)
	at org.junit.runners.ParentRunner$3.evaluate(ParentRunner.java:306)
	at org.junit.runners.ParentRunner.run(ParentRunner.java:413)
	at org.junit.runners.Suite.runChild(Suite.java:128)
	at org.junit.runners.Suite.runChild(Suite.java:27)
	at org.junit.runners.ParentRunner$4.run(ParentRunner.java:331)
	at org.junit.runners.ParentRunner$1.schedule(ParentRunner.java:79)
	at org.junit.runners.ParentRunner.runChildren(ParentRunner.java:329)
	at org.junit.runners.ParentRunner.access$100(ParentRunner.java:66)
	at org.junit.runners.ParentRunner$2.evaluate(ParentRunner.java:293)
	at org.junit.runners.ParentRunner$3.evaluate(ParentRunner.java:306)
	at org.junit.runners.ParentRunner.run(ParentRunner.java:413)
	at org.apache.maven.surefire.junitcore.JUnitCore.run(JUnitCore.java:55)
	at org.apache.maven.surefire.junitcore.JUnitCoreWrapper.createRequestAndRun(JUnitCoreWrapper.java:137)
	at org.apache.maven.surefire.junitcore.JUnitCoreWrapper.executeEager(JUnitCoreWrapper.java:107)
	at org.apache.maven.surefire.junitcore.JUnitCoreWrapper.execute(JUnitCoreWrapper.java:83)
	at org.apache.maven.surefire.junitcore.JUnitCoreWrapper.execute(JUnitCoreWrapper.java:75)
	at org.apache.maven.surefire.junitcore.JUnitCoreProvider.invoke(JUnitCoreProvider.java:158)
	at org.apache.maven.surefire.booter.ForkedBooter.runSuitesInProcess(ForkedBooter.java:377)
	at org.apache.maven.surefire.booter.ForkedBooter.execute(ForkedBooter.java:138)
	at org.apache.maven.surefire.booter.ForkedBooter.run(ForkedBooter.java:465)
	at org.apache.maven.surefire.booter.ForkedBooter.main(ForkedBooter.java:451)
Caused by: org.apache.derby.shared.common.error.DerbySQLIntegrityConstraintViolationException: DELETE on table 'DBS' caused a violation of foreign key constraint 'TBLS_FK1' for key (2).  The statement has been rolled back.
	at org.apache.derby.impl.jdbc.SQLExceptionFactory.getSQLException(Unknown Source)
	at org.apache.derby.impl.jdbc.Util.generateCsSQLException(Unknown Source)
	at org.apache.derby.impl.jdbc.TransactionResourceImpl.wrapInSQLException(Unknown Source)
	at org.apache.derby.impl.jdbc.TransactionResourceImpl.handleException(Unknown Source)
	at org.apache.derby.impl.jdbc.EmbedConnection.handleException(Unknown Source)
	at org.apache.derby.impl.jdbc.ConnectionChild.handleException(Unknown Source)
	at org.apache.derby.impl.jdbc.EmbedStatement.executeStatement(Unknown Source)
	at org.apache.derby.impl.jdbc.EmbedPreparedStatement.executeBatchElement(Unknown Source)
	... 63 more
Caused by: ERROR 23503: DELETE on table 'DBS' caused a violation of foreign key constraint 'TBLS_FK1' for key (2).  The statement has been rolled back.
	at org.apache.derby.iapi.error.StandardException.newException(Unknown Source)
	at org.apache.derby.iapi.error.StandardException.newException(Unknown Source)
	at org.apache.derby.impl.sql.execute.ReferencedKeyRIChecker.doCheck(Unknown Source)
	at org.apache.derby.impl.sql.execute.RISetChecker.doPKCheck(Unknown Source)
	at org.apache.derby.impl.sql.execute.DeleteResultSet.collectAffectedRows(Unknown Source)
	at org.apache.derby.impl.sql.execute.DeleteResultSet.open(Unknown Source)
	at org.apache.derby.impl.sql.GenericPreparedStatement.executeStmt(Unknown Source)
	at org.apache.derby.impl.sql.GenericPreparedStatement.execute(Unknown Source)
	... 65 more

[DEBUG] 2024-04-23 22:57:43.742 [main] HMSHandler - 0: drop_database: @hive#db_test_get_fields_1
[INFO ] 2024-04-23 22:57:43.743 [main] audit - ugi=alex	ip=unknown-ip-addr	cmd=drop_database: @hive#db_test_get_fields_1	
[DEBUG] 2024-04-23 22:57:43.744 [main] ObjectStore - Open transaction: count = 1, isActive = true
[DEBUG] 2024-04-23 22:57:43.744 [main] ObjectStore - Open transaction: count = 2, isActive = true
[DEBUG] 2024-04-23 22:57:43.749 [main] MetaStoreDirectSql - getDatabase: directsql returning db db_test_get_fields_1 locn[file:/home/alex/Repositories/hive/standalone-metastore/metastore-server/target/external/db_test_get_fields_1.db] desc [null] owner [alex] ownertype [USER]
[DEBUG] 2024-04-23 22:57:43.750 [main] ObjectStore - Using direct SQL optimization.
[DEBUG] 2024-04-23 22:57:43.750 [main] ObjectStore - Commit transaction: count = 1, isactive true
[DEBUG] 2024-04-23 22:57:43.750 [main] ObjectStore - db details for db db_test_get_fields_1 retrieved using SQL in 5.75388ms
[DEBUG] 2024-04-23 22:57:43.750 [main] HMSHandler - 0: get_all_tables: db=@hive#db_test_get_fields_1
[INFO ] 2024-04-23 22:57:43.751 [main] audit - ugi=alex	ip=unknown-ip-addr	cmd=get_all_tables: db=@hive#db_test_get_fields_1	
[DEBUG] 2024-04-23 22:57:43.752 [main] ObjectStore - Open transaction: count = 2, isActive = true
[DEBUG] 2024-04-23 22:57:43.755 [main] ObjectStore - Using direct SQL optimization.
[DEBUG] 2024-04-23 22:57:43.755 [main] ObjectStore - Commit transaction: count = 1, isactive true
[DEBUG] 2024-04-23 22:57:43.755 [main] ObjectStore - 2 entries retrieved using SQL in 3.633877ms
[DEBUG] 2024-04-23 22:57:43.755 [main] HMSHandler - get_all_tablestime taken(ns): 4246927
[DEBUG] 2024-04-23 22:57:43.756 [main] HMSHandler - 0: get_functions: db=@hive#db_test_get_fields_1 pat=*
[INFO ] 2024-04-23 22:57:43.756 [main] audit - ugi=alex	ip=unknown-ip-addr	cmd=get_functions: db=@hive#db_test_get_fields_1 pat=*	
[DEBUG] 2024-04-23 22:57:43.757 [main] ObjectStore - Open transaction: count = 2, isActive = true
[DEBUG] 2024-04-23 22:57:43.764 [main] ObjectStore - Commit transaction: count = 1, isactive true
[DEBUG] 2024-04-23 22:57:43.764 [main] HMSHandler - get_functionstime taken(ns): 7692597
[DEBUG] 2024-04-23 22:57:43.765 [main] HMSHandler - 0: get_all_stored_procedures
[INFO ] 2024-04-23 22:57:43.765 [main] audit - ugi=alex	ip=unknown-ip-addr	cmd=get_all_stored_procedures	
[DEBUG] 2024-04-23 22:57:43.766 [main] ObjectStore - Open transaction: count = 2, isActive = true
[DEBUG] 2024-04-23 22:57:43.770 [main] ObjectStore - Commit transaction: count = 1, isactive true
[DEBUG] 2024-04-23 22:57:43.771 [main] HMSHandler - get_all_stored_procedurestime taken(ns): 4992275
[DEBUG] 2024-04-23 22:57:43.771 [main] HMSHandler - 0: get_all_packages
[INFO ] 2024-04-23 22:57:43.771 [main] audit - ugi=alex	ip=unknown-ip-addr	cmd=get_all_packages	
[DEBUG] 2024-04-23 22:57:43.772 [main] ObjectStore - Open transaction: count = 2, isActive = true
[DEBUG] 2024-04-23 22:57:43.776 [main] ObjectStore - Commit transaction: count = 1, isactive true
[DEBUG] 2024-04-23 22:57:43.777 [main] HMSHandler - get_all_packagestime taken(ns): 4911655
[DEBUG] 2024-04-23 22:57:43.778 [main] HMSHandler - 0: getTablesByTypeCore: catName=hive: db=db_test_get_fields_1 pat=.*,type=MATERIALIZED_VIEW
[INFO ] 2024-04-23 22:57:43.778 [main] audit - ugi=alex	ip=unknown-ip-addr	cmd=getTablesByTypeCore: catName=hive: db=db_test_get_fields_1 pat=.*,type=MATERIALIZED_VIEW	
[DEBUG] 2024-04-23 22:57:43.779 [main] ObjectStore - Open transaction: count = 2, isActive = true
[DEBUG] 2024-04-23 22:57:43.782 [main] MetaStoreDirectSql - getDatabase: directsql returning db db_test_get_fields_1 locn[file:/home/alex/Repositories/hive/standalone-metastore/metastore-server/target/external/db_test_get_fields_1.db] desc [null] owner [alex] ownertype [USER]
[DEBUG] 2024-04-23 22:57:43.783 [main] ObjectStore - Using direct SQL optimization.
[DEBUG] 2024-04-23 22:57:43.783 [main] ObjectStore - Commit transaction: count = 1, isactive true
[DEBUG] 2024-04-23 22:57:43.783 [main] ObjectStore - db details for db db_test_get_fields_1 retrieved using SQL in 3.855737ms
[DEBUG] 2024-04-23 22:57:43.783 [main] ObjectStore - Open transaction: count = 2, isActive = true
[DEBUG] 2024-04-23 22:57:43.784 [main] ObjectStore - Using direct SQL optimization.
[DEBUG] 2024-04-23 22:57:43.785 [main] ObjectStore - Commit transaction: count = 1, isactive true
[DEBUG] 2024-04-23 22:57:43.785 [main] ObjectStore - 0 entries retrieved using SQL in 1.805571ms
[DEBUG] 2024-04-23 22:57:43.785 [main] HMSHandler - getTablesByTypeCoretime taken(ns): 6144856
[DEBUG] 2024-04-23 22:57:43.785 [main] ObjectStore - Open transaction: count = 2, isActive = true
[DEBUG] 2024-04-23 22:57:43.788 [main] ObjectStore - Open transaction: count = 3, isActive = true
[DEBUG] 2024-04-23 22:57:43.789 [main] MetaStoreDirectSql - getDatabase: directsql returning db db_test_get_fields_1 locn[file:/home/alex/Repositories/hive/standalone-metastore/metastore-server/target/external/db_test_get_fields_1.db] desc [null] owner [alex] ownertype [USER]
[DEBUG] 2024-04-23 22:57:43.790 [main] ObjectStore - Using direct SQL optimization.
[DEBUG] 2024-04-23 22:57:43.790 [main] ObjectStore - Commit transaction: count = 2, isactive true
[DEBUG] 2024-04-23 22:57:43.790 [main] ObjectStore - db details for db db_test_get_fields_1 retrieved using SQL in 2.51977ms
[DEBUG] 2024-04-23 22:57:43.790 [main] ObjectStore - Commit transaction: count = 1, isactive true
[INFO ] 2024-04-23 22:57:43.790 [main] ObjectStore - Dropping database hive.db_test_get_fields_1 along with all tables
[DEBUG] 2024-04-23 22:57:43.791 [main] ObjectStore - Open transaction: count = 2, isActive = true
[DEBUG] 2024-04-23 22:57:43.791 [main] ObjectStore - Open transaction: count = 3, isActive = true
[DEBUG] 2024-04-23 22:57:43.793 [main] ObjectStore - Commit transaction: count = 2, isactive true
[DEBUG] 2024-04-23 22:57:43.794 [main] ObjectStore - Executing listDatabaseGrants
[DEBUG] 2024-04-23 22:57:43.795 [main] ObjectStore - Done retrieving all objects for listDatabaseGrants: []
[DEBUG] 2024-04-23 22:57:43.796 [main] ObjectStore - Commit transaction: count = 1, isactive true
[DEBUG] 2024-04-23 22:57:43.797 [main] TxnHandler - Catching sql exception in min history level check
java.sql.SQLSyntaxErrorException: Table/View 'MIN_HISTORY_LEVEL' does not exist.
	at org.apache.derby.impl.jdbc.SQLExceptionFactory.getSQLException(Unknown Source) ~[derby-10.14.1.0.jar:?]
	at org.apache.derby.impl.jdbc.Util.generateCsSQLException(Unknown Source) ~[derby-10.14.1.0.jar:?]
	at org.apache.derby.impl.jdbc.TransactionResourceImpl.wrapInSQLException(Unknown Source) ~[derby-10.14.1.0.jar:?]
	at org.apache.derby.impl.jdbc.TransactionResourceImpl.handleException(Unknown Source) ~[derby-10.14.1.0.jar:?]
	at org.apache.derby.impl.jdbc.EmbedConnection.handleException(Unknown Source) ~[derby-10.14.1.0.jar:?]
	at org.apache.derby.impl.jdbc.ConnectionChild.handleException(Unknown Source) ~[derby-10.14.1.0.jar:?]
	at org.apache.derby.impl.jdbc.EmbedStatement.execute(Unknown Source) ~[derby-10.14.1.0.jar:?]
	at org.apache.derby.impl.jdbc.EmbedStatement.executeQuery(Unknown Source) ~[derby-10.14.1.0.jar:?]
	at com.zaxxer.hikari.pool.ProxyStatement.executeQuery(ProxyStatement.java:108) ~[HikariCP-2.6.1.jar:?]
	at com.zaxxer.hikari.pool.HikariProxyStatement.executeQuery(HikariProxyStatement.java) ~[HikariCP-2.6.1.jar:?]
	at org.apache.hadoop.hive.metastore.txn.TxnHandler.checkMinHistoryLevelTable(TxnHandler.java:456) [classes/:?]
	at org.apache.hadoop.hive.metastore.txn.TxnHandler.setConf(TxnHandler.java:422) [classes/:?]
	at org.apache.hadoop.hive.metastore.txn.TxnUtils.getTxnStore(TxnUtils.java:124) [classes/:?]
	at org.apache.hadoop.hive.metastore.AcidEventListener.getTxnHandler(AcidEventListener.java:136) [classes/:?]
	at org.apache.hadoop.hive.metastore.AcidEventListener.onDropDatabase(AcidEventListener.java:57) [classes/:?]
	at org.apache.hadoop.hive.metastore.MetaStoreListenerNotifier$26.notify(MetaStoreListenerNotifier.java:99) [classes/:?]
	at org.apache.hadoop.hive.metastore.MetaStoreListenerNotifier.notifyEvent(MetaStoreListenerNotifier.java:339) [classes/:?]
	at org.apache.hadoop.hive.metastore.HMSHandler.drop_database_core(HMSHandler.java:1785) [classes/:?]
	at org.apache.hadoop.hive.metastore.HMSHandler.drop_database(HMSHandler.java:1869) [classes/:?]
	at sun.reflect.NativeMethodAccessorImpl.invoke0(Native Method) ~[?:1.8.0_402]
	at sun.reflect.NativeMethodAccessorImpl.invoke(NativeMethodAccessorImpl.java:62) ~[?:1.8.0_402]
	at sun.reflect.DelegatingMethodAccessorImpl.invoke(DelegatingMethodAccessorImpl.java:43) ~[?:1.8.0_402]
	at java.lang.reflect.Method.invoke(Method.java:498) ~[?:1.8.0_402]
	at org.apache.hadoop.hive.metastore.RetryingHMSHandler.invokeInternal(RetryingHMSHandler.java:147) [classes/:?]
	at org.apache.hadoop.hive.metastore.RetryingHMSHandler.invoke(RetryingHMSHandler.java:108) [classes/:?]
	at com.sun.proxy.$Proxy35.drop_database(Unknown Source) [?:?]
	at org.apache.hadoop.hive.metastore.HiveMetaStoreClient.dropDatabaseCascadePerDb(HiveMetaStoreClient.java:1601) [classes/:?]
	at org.apache.hadoop.hive.metastore.HiveMetaStoreClient.dropDatabase(HiveMetaStoreClient.java:1532) [classes/:?]
	at org.apache.hadoop.hive.metastore.HiveMetaStoreClient.dropDatabase(HiveMetaStoreClient.java:1485) [classes/:?]
	at org.apache.hadoop.hive.metastore.TestHmsServerAuthorization.tearDown(TestHmsServerAuthorization.java:129) [test-classes/:?]
	at sun.reflect.NativeMethodAccessorImpl.invoke0(Native Method) ~[?:1.8.0_402]
	at sun.reflect.NativeMethodAccessorImpl.invoke(NativeMethodAccessorImpl.java:62) ~[?:1.8.0_402]
	at sun.reflect.DelegatingMethodAccessorImpl.invoke(DelegatingMethodAccessorImpl.java:43) ~[?:1.8.0_402]
	at java.lang.reflect.Method.invoke(Method.java:498) ~[?:1.8.0_402]
	at org.junit.runners.model.FrameworkMethod$1.runReflectiveCall(FrameworkMethod.java:59) [junit-4.13.jar:4.13]
	at org.junit.internal.runners.model.ReflectiveCallable.run(ReflectiveCallable.java:12) [junit-4.13.jar:4.13]
	at org.junit.runners.model.FrameworkMethod.invokeExplosively(FrameworkMethod.java:56) [junit-4.13.jar:4.13]
	at org.junit.internal.runners.statements.RunAfters.invokeMethod(RunAfters.java:46) [junit-4.13.jar:4.13]
	at org.junit.internal.runners.statements.RunAfters.evaluate(RunAfters.java:33) [junit-4.13.jar:4.13]
	at org.junit.runners.ParentRunner$3.evaluate(ParentRunner.java:306) [junit-4.13.jar:4.13]
	at org.junit.runners.ParentRunner.run(ParentRunner.java:413) [junit-4.13.jar:4.13]
	at org.junit.runners.Suite.runChild(Suite.java:128) [junit-4.13.jar:4.13]
	at org.junit.runners.Suite.runChild(Suite.java:27) [junit-4.13.jar:4.13]
	at org.junit.runners.ParentRunner$4.run(ParentRunner.java:331) [junit-4.13.jar:4.13]
	at org.junit.runners.ParentRunner$1.schedule(ParentRunner.java:79) [junit-4.13.jar:4.13]
	at org.junit.runners.ParentRunner.runChildren(ParentRunner.java:329) [junit-4.13.jar:4.13]
	at org.junit.runners.ParentRunner.access$100(ParentRunner.java:66) [junit-4.13.jar:4.13]
	at org.junit.runners.ParentRunner$2.evaluate(ParentRunner.java:293) [junit-4.13.jar:4.13]
	at org.junit.runners.ParentRunner$3.evaluate(ParentRunner.java:306) [junit-4.13.jar:4.13]
	at org.junit.runners.ParentRunner.run(ParentRunner.java:413) [junit-4.13.jar:4.13]
	at org.apache.maven.surefire.junitcore.JUnitCore.run(JUnitCore.java:55) [surefire-junit47-3.0.0-M4.jar:3.0.0-M4]
	at org.apache.maven.surefire.junitcore.JUnitCoreWrapper.createRequestAndRun(JUnitCoreWrapper.java:137) [surefire-junit47-3.0.0-M4.jar:3.0.0-M4]
	at org.apache.maven.surefire.junitcore.JUnitCoreWrapper.executeEager(JUnitCoreWrapper.java:107) [surefire-junit47-3.0.0-M4.jar:3.0.0-M4]
	at org.apache.maven.surefire.junitcore.JUnitCoreWrapper.execute(JUnitCoreWrapper.java:83) [surefire-junit47-3.0.0-M4.jar:3.0.0-M4]
	at org.apache.maven.surefire.junitcore.JUnitCoreWrapper.execute(JUnitCoreWrapper.java:75) [surefire-junit47-3.0.0-M4.jar:3.0.0-M4]
	at org.apache.maven.surefire.junitcore.JUnitCoreProvider.invoke(JUnitCoreProvider.java:158) [surefire-junit47-3.0.0-M4.jar:3.0.0-M4]
	at org.apache.maven.surefire.booter.ForkedBooter.runSuitesInProcess(ForkedBooter.java:377) [surefire-booter-3.0.0-M4.jar:3.0.0-M4]
	at org.apache.maven.surefire.booter.ForkedBooter.execute(ForkedBooter.java:138) [surefire-booter-3.0.0-M4.jar:3.0.0-M4]
	at org.apache.maven.surefire.booter.ForkedBooter.run(ForkedBooter.java:465) [surefire-booter-3.0.0-M4.jar:3.0.0-M4]
	at org.apache.maven.surefire.booter.ForkedBooter.main(ForkedBooter.java:451) [surefire-booter-3.0.0-M4.jar:3.0.0-M4]
Caused by: org.apache.derby.iapi.error.StandardException: Table/View 'MIN_HISTORY_LEVEL' does not exist.
	at org.apache.derby.iapi.error.StandardException.newException(Unknown Source) ~[derby-10.14.1.0.jar:?]
	at org.apache.derby.iapi.error.StandardException.newException(Unknown Source) ~[derby-10.14.1.0.jar:?]
	at org.apache.derby.impl.sql.compile.FromBaseTable.bindTableDescriptor(Unknown Source) ~[derby-10.14.1.0.jar:?]
	at org.apache.derby.impl.sql.compile.FromBaseTable.bindNonVTITables(Unknown Source) ~[derby-10.14.1.0.jar:?]
	at org.apache.derby.impl.sql.compile.FromList.bindTables(Unknown Source) ~[derby-10.14.1.0.jar:?]
	at org.apache.derby.impl.sql.compile.SelectNode.bindNonVTITables(Unknown Source) ~[derby-10.14.1.0.jar:?]
	at org.apache.derby.impl.sql.compile.DMLStatementNode.bindTables(Unknown Source) ~[derby-10.14.1.0.jar:?]
	at org.apache.derby.impl.sql.compile.DMLStatementNode.bind(Unknown Source) ~[derby-10.14.1.0.jar:?]
	at org.apache.derby.impl.sql.compile.CursorNode.bindStatement(Unknown Source) ~[derby-10.14.1.0.jar:?]
	at org.apache.derby.impl.sql.GenericStatement.prepMinion(Unknown Source) ~[derby-10.14.1.0.jar:?]
	at org.apache.derby.impl.sql.GenericStatement.prepare(Unknown Source) ~[derby-10.14.1.0.jar:?]
	at org.apache.derby.impl.sql.conn.GenericLanguageConnectionContext.prepareInternalStatement(Unknown Source) ~[derby-10.14.1.0.jar:?]
	... 54 more
[DEBUG] 2024-04-23 22:57:43.798 [main] ProxyConnection - HikariPool-2 - Executed rollback on connection org.apache.derby.impl.jdbc.EmbedConnection@1474640235 (XID = 1025), (SESSIONID = 21), (DATABASE = memory:/home/alex/Repositories/hive/standalone-metastore/metastore-server/target/tmp/junit_metastore_db), (DRDAID = null)  due to dirty commit state on close().
[DEBUG] 2024-04-23 22:57:43.798 [main] PoolBase - HikariPool-2 - Reset (autoCommit) on connection org.apache.derby.impl.jdbc.EmbedConnection@1474640235 (XID = 1025), (SESSIONID = 21), (DATABASE = memory:/home/alex/Repositories/hive/standalone-metastore/metastore-server/target/tmp/junit_metastore_db), (DRDAID = null) 
[DEBUG] 2024-04-23 22:57:43.798 [main] TxnHandler - Going to execute update <DELETE FROM "TXN_COMPONENTS" WHERE "TC_DATABASE"='db_test_get_fields_1'>
[DEBUG] 2024-04-23 22:57:43.799 [main] TxnHandler - Going to rollback: 
java.sql.SQLSyntaxErrorException: Table/View 'TXN_COMPONENTS' does not exist.
	at org.apache.derby.impl.jdbc.SQLExceptionFactory.getSQLException(Unknown Source) ~[derby-10.14.1.0.jar:?]
	at org.apache.derby.impl.jdbc.Util.generateCsSQLException(Unknown Source) ~[derby-10.14.1.0.jar:?]
	at org.apache.derby.impl.jdbc.TransactionResourceImpl.wrapInSQLException(Unknown Source) ~[derby-10.14.1.0.jar:?]
	at org.apache.derby.impl.jdbc.TransactionResourceImpl.handleException(Unknown Source) ~[derby-10.14.1.0.jar:?]
	at org.apache.derby.impl.jdbc.EmbedConnection.handleException(Unknown Source) ~[derby-10.14.1.0.jar:?]
	at org.apache.derby.impl.jdbc.ConnectionChild.handleException(Unknown Source) ~[derby-10.14.1.0.jar:?]
	at org.apache.derby.impl.jdbc.EmbedStatement.execute(Unknown Source) ~[derby-10.14.1.0.jar:?]
	at org.apache.derby.impl.jdbc.EmbedStatement.executeLargeUpdate(Unknown Source) ~[derby-10.14.1.0.jar:?]
	at org.apache.derby.impl.jdbc.EmbedStatement.executeUpdate(Unknown Source) ~[derby-10.14.1.0.jar:?]
	at com.zaxxer.hikari.pool.ProxyStatement.executeUpdate(ProxyStatement.java:117) ~[HikariCP-2.6.1.jar:?]
	at com.zaxxer.hikari.pool.HikariProxyStatement.executeUpdate(HikariProxyStatement.java) ~[HikariCP-2.6.1.jar:?]
	at org.apache.hadoop.hive.metastore.txn.TxnHandler.cleanupRecords(TxnHandler.java:4190) [classes/:?]
	at org.apache.hadoop.hive.metastore.AcidEventListener.onDropDatabase(AcidEventListener.java:58) [classes/:?]
	at org.apache.hadoop.hive.metastore.MetaStoreListenerNotifier$26.notify(MetaStoreListenerNotifier.java:99) [classes/:?]
	at org.apache.hadoop.hive.metastore.MetaStoreListenerNotifier.notifyEvent(MetaStoreListenerNotifier.java:339) [classes/:?]
	at org.apache.hadoop.hive.metastore.HMSHandler.drop_database_core(HMSHandler.java:1785) [classes/:?]
	at org.apache.hadoop.hive.metastore.HMSHandler.drop_database(HMSHandler.java:1869) [classes/:?]
	at sun.reflect.NativeMethodAccessorImpl.invoke0(Native Method) ~[?:1.8.0_402]
	at sun.reflect.NativeMethodAccessorImpl.invoke(NativeMethodAccessorImpl.java:62) ~[?:1.8.0_402]
	at sun.reflect.DelegatingMethodAccessorImpl.invoke(DelegatingMethodAccessorImpl.java:43) ~[?:1.8.0_402]
	at java.lang.reflect.Method.invoke(Method.java:498) ~[?:1.8.0_402]
	at org.apache.hadoop.hive.metastore.RetryingHMSHandler.invokeInternal(RetryingHMSHandler.java:147) [classes/:?]
	at org.apache.hadoop.hive.metastore.RetryingHMSHandler.invoke(RetryingHMSHandler.java:108) [classes/:?]
	at com.sun.proxy.$Proxy35.drop_database(Unknown Source) [?:?]
	at org.apache.hadoop.hive.metastore.HiveMetaStoreClient.dropDatabaseCascadePerDb(HiveMetaStoreClient.java:1601) [classes/:?]
	at org.apache.hadoop.hive.metastore.HiveMetaStoreClient.dropDatabase(HiveMetaStoreClient.java:1532) [classes/:?]
	at org.apache.hadoop.hive.metastore.HiveMetaStoreClient.dropDatabase(HiveMetaStoreClient.java:1485) [classes/:?]
	at org.apache.hadoop.hive.metastore.TestHmsServerAuthorization.tearDown(TestHmsServerAuthorization.java:129) [test-classes/:?]
	at sun.reflect.NativeMethodAccessorImpl.invoke0(Native Method) ~[?:1.8.0_402]
	at sun.reflect.NativeMethodAccessorImpl.invoke(NativeMethodAccessorImpl.java:62) ~[?:1.8.0_402]
	at sun.reflect.DelegatingMethodAccessorImpl.invoke(DelegatingMethodAccessorImpl.java:43) ~[?:1.8.0_402]
	at java.lang.reflect.Method.invoke(Method.java:498) ~[?:1.8.0_402]
	at org.junit.runners.model.FrameworkMethod$1.runReflectiveCall(FrameworkMethod.java:59) [junit-4.13.jar:4.13]
	at org.junit.internal.runners.model.ReflectiveCallable.run(ReflectiveCallable.java:12) [junit-4.13.jar:4.13]
	at org.junit.runners.model.FrameworkMethod.invokeExplosively(FrameworkMethod.java:56) [junit-4.13.jar:4.13]
	at org.junit.internal.runners.statements.RunAfters.invokeMethod(RunAfters.java:46) [junit-4.13.jar:4.13]
	at org.junit.internal.runners.statements.RunAfters.evaluate(RunAfters.java:33) [junit-4.13.jar:4.13]
	at org.junit.runners.ParentRunner$3.evaluate(ParentRunner.java:306) [junit-4.13.jar:4.13]
	at org.junit.runners.ParentRunner.run(ParentRunner.java:413) [junit-4.13.jar:4.13]
	at org.junit.runners.Suite.runChild(Suite.java:128) [junit-4.13.jar:4.13]
	at org.junit.runners.Suite.runChild(Suite.java:27) [junit-4.13.jar:4.13]
	at org.junit.runners.ParentRunner$4.run(ParentRunner.java:331) [junit-4.13.jar:4.13]
	at org.junit.runners.ParentRunner$1.schedule(ParentRunner.java:79) [junit-4.13.jar:4.13]
	at org.junit.runners.ParentRunner.runChildren(ParentRunner.java:329) [junit-4.13.jar:4.13]
	at org.junit.runners.ParentRunner.access$100(ParentRunner.java:66) [junit-4.13.jar:4.13]
	at org.junit.runners.ParentRunner$2.evaluate(ParentRunner.java:293) [junit-4.13.jar:4.13]
	at org.junit.runners.ParentRunner$3.evaluate(ParentRunner.java:306) [junit-4.13.jar:4.13]
	at org.junit.runners.ParentRunner.run(ParentRunner.java:413) [junit-4.13.jar:4.13]
	at org.apache.maven.surefire.junitcore.JUnitCore.run(JUnitCore.java:55) [surefire-junit47-3.0.0-M4.jar:3.0.0-M4]
	at org.apache.maven.surefire.junitcore.JUnitCoreWrapper.createRequestAndRun(JUnitCoreWrapper.java:137) [surefire-junit47-3.0.0-M4.jar:3.0.0-M4]
	at org.apache.maven.surefire.junitcore.JUnitCoreWrapper.executeEager(JUnitCoreWrapper.java:107) [surefire-junit47-3.0.0-M4.jar:3.0.0-M4]
	at org.apache.maven.surefire.junitcore.JUnitCoreWrapper.execute(JUnitCoreWrapper.java:83) [surefire-junit47-3.0.0-M4.jar:3.0.0-M4]
	at org.apache.maven.surefire.junitcore.JUnitCoreWrapper.execute(JUnitCoreWrapper.java:75) [surefire-junit47-3.0.0-M4.jar:3.0.0-M4]
	at org.apache.maven.surefire.junitcore.JUnitCoreProvider.invoke(JUnitCoreProvider.java:158) [surefire-junit47-3.0.0-M4.jar:3.0.0-M4]
	at org.apache.maven.surefire.booter.ForkedBooter.runSuitesInProcess(ForkedBooter.java:377) [surefire-booter-3.0.0-M4.jar:3.0.0-M4]
	at org.apache.maven.surefire.booter.ForkedBooter.execute(ForkedBooter.java:138) [surefire-booter-3.0.0-M4.jar:3.0.0-M4]
	at org.apache.maven.surefire.booter.ForkedBooter.run(ForkedBooter.java:465) [surefire-booter-3.0.0-M4.jar:3.0.0-M4]
	at org.apache.maven.surefire.booter.ForkedBooter.main(ForkedBooter.java:451) [surefire-booter-3.0.0-M4.jar:3.0.0-M4]
Caused by: org.apache.derby.iapi.error.StandardException: Table/View 'TXN_COMPONENTS' does not exist.
	at org.apache.derby.iapi.error.StandardException.newException(Unknown Source) ~[derby-10.14.1.0.jar:?]
	at org.apache.derby.iapi.error.StandardException.newException(Unknown Source) ~[derby-10.14.1.0.jar:?]
	at org.apache.derby.impl.sql.compile.FromBaseTable.bindTableDescriptor(Unknown Source) ~[derby-10.14.1.0.jar:?]
	at org.apache.derby.impl.sql.compile.FromBaseTable.bindNonVTITables(Unknown Source) ~[derby-10.14.1.0.jar:?]
	at org.apache.derby.impl.sql.compile.FromList.bindTables(Unknown Source) ~[derby-10.14.1.0.jar:?]
	at org.apache.derby.impl.sql.compile.SelectNode.bindNonVTITables(Unknown Source) ~[derby-10.14.1.0.jar:?]
	at org.apache.derby.impl.sql.compile.DMLStatementNode.bindTables(Unknown Source) ~[derby-10.14.1.0.jar:?]
	at org.apache.derby.impl.sql.compile.DeleteNode.bindStatement(Unknown Source) ~[derby-10.14.1.0.jar:?]
	at org.apache.derby.impl.sql.GenericStatement.prepMinion(Unknown Source) ~[derby-10.14.1.0.jar:?]
	at org.apache.derby.impl.sql.GenericStatement.prepare(Unknown Source) ~[derby-10.14.1.0.jar:?]
	at org.apache.derby.impl.sql.conn.GenericLanguageConnectionContext.prepareInternalStatement(Unknown Source) ~[derby-10.14.1.0.jar:?]
	... 52 more
[INFO ] 2024-04-23 22:57:43.799 [main] TxnHandler - Non-retryable error in cleanupRecords : Table/View 'TXN_COMPONENTS' does not exist. (SQLState=42X05, ErrorCode=20000)
[WARN ] 2024-04-23 22:57:43.799 [main] TxnHandler - Cannot perform cleanup since metastore table does not exist
[DEBUG] 2024-04-23 22:57:43.800 [main] PoolBase - HikariPool-2 - Reset (autoCommit) on connection org.apache.derby.impl.jdbc.EmbedConnection@1474640235 (XID = 1025), (SESSIONID = 21), (DATABASE = memory:/home/alex/Repositories/hive/standalone-metastore/metastore-server/target/tmp/junit_metastore_db), (DRDAID = null) 
[DEBUG] 2024-04-23 22:57:43.800 [main] ObjectStore - Commit transaction: count = 0, isactive true
[DEBUG] 2024-04-23 22:57:43.801 [main] PoolBase - HikariPool-1 - Reset (autoCommit) on connection org.apache.derby.impl.jdbc.EmbedConnection@1807176280 (XID = 166), (SESSIONID = 1), (DATABASE = memory:/home/alex/Repositories/hive/standalone-metastore/metastore-server/target/tmp/junit_metastore_db), (DRDAID = null) 
[DEBUG] 2024-04-23 22:57:43.801 [main] ObjectStore - rolling back transaction: no open transactions: 0
[DEBUG] 2024-04-23 22:57:43.801 [main] HMSHandler - drop_databasetime taken(ns): 57800306
[ERROR] 2024-04-23 22:57:43.802 [main] RetryingHMSHandler - Retrying HMSHandler after 2000 ms (attempt 4 of 10) with error: javax.jdo.JDODataStoreException: Exception thrown flushing changes to datastore
	at org.datanucleus.api.jdo.NucleusJDOHelper.getJDOExceptionForNucleusException(NucleusJDOHelper.java:542)
	at org.datanucleus.api.jdo.JDOTransaction.commit(JDOTransaction.java:162)
	at org.apache.hadoop.hive.metastore.ObjectStore.commitTransaction(ObjectStore.java:615)
	at sun.reflect.NativeMethodAccessorImpl.invoke0(Native Method)
	at sun.reflect.NativeMethodAccessorImpl.invoke(NativeMethodAccessorImpl.java:62)
	at sun.reflect.DelegatingMethodAccessorImpl.invoke(DelegatingMethodAccessorImpl.java:43)
	at java.lang.reflect.Method.invoke(Method.java:498)
	at org.apache.hadoop.hive.metastore.RawStoreProxy.invoke(RawStoreProxy.java:97)
	at com.sun.proxy.$Proxy29.commitTransaction(Unknown Source)
	at org.apache.hadoop.hive.metastore.HMSHandler.drop_database_core(HMSHandler.java:1790)
	at org.apache.hadoop.hive.metastore.HMSHandler.drop_database(HMSHandler.java:1869)
	at sun.reflect.NativeMethodAccessorImpl.invoke0(Native Method)
	at sun.reflect.NativeMethodAccessorImpl.invoke(NativeMethodAccessorImpl.java:62)
	at sun.reflect.DelegatingMethodAccessorImpl.invoke(DelegatingMethodAccessorImpl.java:43)
	at java.lang.reflect.Method.invoke(Method.java:498)
	at org.apache.hadoop.hive.metastore.RetryingHMSHandler.invokeInternal(RetryingHMSHandler.java:147)
	at org.apache.hadoop.hive.metastore.RetryingHMSHandler.invoke(RetryingHMSHandler.java:108)
	at com.sun.proxy.$Proxy35.drop_database(Unknown Source)
	at org.apache.hadoop.hive.metastore.HiveMetaStoreClient.dropDatabaseCascadePerDb(HiveMetaStoreClient.java:1601)
	at org.apache.hadoop.hive.metastore.HiveMetaStoreClient.dropDatabase(HiveMetaStoreClient.java:1532)
	at org.apache.hadoop.hive.metastore.HiveMetaStoreClient.dropDatabase(HiveMetaStoreClient.java:1485)
	at org.apache.hadoop.hive.metastore.TestHmsServerAuthorization.tearDown(TestHmsServerAuthorization.java:129)
	at sun.reflect.NativeMethodAccessorImpl.invoke0(Native Method)
	at sun.reflect.NativeMethodAccessorImpl.invoke(NativeMethodAccessorImpl.java:62)
	at sun.reflect.DelegatingMethodAccessorImpl.invoke(DelegatingMethodAccessorImpl.java:43)
	at java.lang.reflect.Method.invoke(Method.java:498)
	at org.junit.runners.model.FrameworkMethod$1.runReflectiveCall(FrameworkMethod.java:59)
	at org.junit.internal.runners.model.ReflectiveCallable.run(ReflectiveCallable.java:12)
	at org.junit.runners.model.FrameworkMethod.invokeExplosively(FrameworkMethod.java:56)
	at org.junit.internal.runners.statements.RunAfters.invokeMethod(RunAfters.java:46)
	at org.junit.internal.runners.statements.RunAfters.evaluate(RunAfters.java:33)
	at org.junit.runners.ParentRunner$3.evaluate(ParentRunner.java:306)
	at org.junit.runners.ParentRunner.run(ParentRunner.java:413)
	at org.junit.runners.Suite.runChild(Suite.java:128)
	at org.junit.runners.Suite.runChild(Suite.java:27)
	at org.junit.runners.ParentRunner$4.run(ParentRunner.java:331)
	at org.junit.runners.ParentRunner$1.schedule(ParentRunner.java:79)
	at org.junit.runners.ParentRunner.runChildren(ParentRunner.java:329)
	at org.junit.runners.ParentRunner.access$100(ParentRunner.java:66)
	at org.junit.runners.ParentRunner$2.evaluate(ParentRunner.java:293)
	at org.junit.runners.ParentRunner$3.evaluate(ParentRunner.java:306)
	at org.junit.runners.ParentRunner.run(ParentRunner.java:413)
	at org.apache.maven.surefire.junitcore.JUnitCore.run(JUnitCore.java:55)
	at org.apache.maven.surefire.junitcore.JUnitCoreWrapper.createRequestAndRun(JUnitCoreWrapper.java:137)
	at org.apache.maven.surefire.junitcore.JUnitCoreWrapper.executeEager(JUnitCoreWrapper.java:107)
	at org.apache.maven.surefire.junitcore.JUnitCoreWrapper.execute(JUnitCoreWrapper.java:83)
	at org.apache.maven.surefire.junitcore.JUnitCoreWrapper.execute(JUnitCoreWrapper.java:75)
	at org.apache.maven.surefire.junitcore.JUnitCoreProvider.invoke(JUnitCoreProvider.java:158)
	at org.apache.maven.surefire.booter.ForkedBooter.runSuitesInProcess(ForkedBooter.java:377)
	at org.apache.maven.surefire.booter.ForkedBooter.execute(ForkedBooter.java:138)
	at org.apache.maven.surefire.booter.ForkedBooter.run(ForkedBooter.java:465)
	at org.apache.maven.surefire.booter.ForkedBooter.main(ForkedBooter.java:451)
NestedThrowablesStackTrace:
java.sql.BatchUpdateException: DELETE on table 'DBS' caused a violation of foreign key constraint 'TBLS_FK1' for key (2).  The statement has been rolled back.
	at org.apache.derby.impl.jdbc.EmbedStatement.executeLargeBatch(Unknown Source)
	at org.apache.derby.impl.jdbc.EmbedStatement.executeBatch(Unknown Source)
	at com.zaxxer.hikari.pool.ProxyStatement.executeBatch(ProxyStatement.java:125)
	at com.zaxxer.hikari.pool.HikariProxyPreparedStatement.executeBatch(HikariProxyPreparedStatement.java)
	at org.datanucleus.store.rdbms.ParamLoggingPreparedStatement.executeBatch(ParamLoggingPreparedStatement.java:366)
	at org.datanucleus.store.rdbms.SQLController.processConnectionStatement(SQLController.java:675)
	at org.datanucleus.store.rdbms.SQLController.processStatementsForConnection(SQLController.java:643)
	at org.datanucleus.store.rdbms.SQLController$1.transactionFlushed(SQLController.java:729)
	at org.datanucleus.store.connection.AbstractManagedConnection.transactionFlushed(AbstractManagedConnection.java:95)
	at org.datanucleus.store.connection.ConnectionManagerImpl$2.transactionFlushed(ConnectionManagerImpl.java:528)
	at org.datanucleus.TransactionImpl.flush(TransactionImpl.java:222)
	at org.datanucleus.TransactionImpl.commit(TransactionImpl.java:286)
	at org.datanucleus.api.jdo.JDOTransaction.commit(JDOTransaction.java:99)
	at org.apache.hadoop.hive.metastore.ObjectStore.commitTransaction(ObjectStore.java:615)
	at sun.reflect.NativeMethodAccessorImpl.invoke0(Native Method)
	at sun.reflect.NativeMethodAccessorImpl.invoke(NativeMethodAccessorImpl.java:62)
	at sun.reflect.DelegatingMethodAccessorImpl.invoke(DelegatingMethodAccessorImpl.java:43)
	at java.lang.reflect.Method.invoke(Method.java:498)
	at org.apache.hadoop.hive.metastore.RawStoreProxy.invoke(RawStoreProxy.java:97)
	at com.sun.proxy.$Proxy29.commitTransaction(Unknown Source)
	at org.apache.hadoop.hive.metastore.HMSHandler.drop_database_core(HMSHandler.java:1790)
	at org.apache.hadoop.hive.metastore.HMSHandler.drop_database(HMSHandler.java:1869)
	at sun.reflect.NativeMethodAccessorImpl.invoke0(Native Method)
	at sun.reflect.NativeMethodAccessorImpl.invoke(NativeMethodAccessorImpl.java:62)
	at sun.reflect.DelegatingMethodAccessorImpl.invoke(DelegatingMethodAccessorImpl.java:43)
	at java.lang.reflect.Method.invoke(Method.java:498)
	at org.apache.hadoop.hive.metastore.RetryingHMSHandler.invokeInternal(RetryingHMSHandler.java:147)
	at org.apache.hadoop.hive.metastore.RetryingHMSHandler.invoke(RetryingHMSHandler.java:108)
	at com.sun.proxy.$Proxy35.drop_database(Unknown Source)
	at org.apache.hadoop.hive.metastore.HiveMetaStoreClient.dropDatabaseCascadePerDb(HiveMetaStoreClient.java:1601)
	at org.apache.hadoop.hive.metastore.HiveMetaStoreClient.dropDatabase(HiveMetaStoreClient.java:1532)
	at org.apache.hadoop.hive.metastore.HiveMetaStoreClient.dropDatabase(HiveMetaStoreClient.java:1485)
	at org.apache.hadoop.hive.metastore.TestHmsServerAuthorization.tearDown(TestHmsServerAuthorization.java:129)
	at sun.reflect.NativeMethodAccessorImpl.invoke0(Native Method)
	at sun.reflect.NativeMethodAccessorImpl.invoke(NativeMethodAccessorImpl.java:62)
	at sun.reflect.DelegatingMethodAccessorImpl.invoke(DelegatingMethodAccessorImpl.java:43)
	at java.lang.reflect.Method.invoke(Method.java:498)
	at org.junit.runners.model.FrameworkMethod$1.runReflectiveCall(FrameworkMethod.java:59)
	at org.junit.internal.runners.model.ReflectiveCallable.run(ReflectiveCallable.java:12)
	at org.junit.runners.model.FrameworkMethod.invokeExplosively(FrameworkMethod.java:56)
	at org.junit.internal.runners.statements.RunAfters.invokeMethod(RunAfters.java:46)
	at org.junit.internal.runners.statements.RunAfters.evaluate(RunAfters.java:33)
	at org.junit.runners.ParentRunner$3.evaluate(ParentRunner.java:306)
	at org.junit.runners.ParentRunner.run(ParentRunner.java:413)
	at org.junit.runners.Suite.runChild(Suite.java:128)
	at org.junit.runners.Suite.runChild(Suite.java:27)
	at org.junit.runners.ParentRunner$4.run(ParentRunner.java:331)
	at org.junit.runners.ParentRunner$1.schedule(ParentRunner.java:79)
	at org.junit.runners.ParentRunner.runChildren(ParentRunner.java:329)
	at org.junit.runners.ParentRunner.access$100(ParentRunner.java:66)
	at org.junit.runners.ParentRunner$2.evaluate(ParentRunner.java:293)
	at org.junit.runners.ParentRunner$3.evaluate(ParentRunner.java:306)
	at org.junit.runners.ParentRunner.run(ParentRunner.java:413)
	at org.apache.maven.surefire.junitcore.JUnitCore.run(JUnitCore.java:55)
	at org.apache.maven.surefire.junitcore.JUnitCoreWrapper.createRequestAndRun(JUnitCoreWrapper.java:137)
	at org.apache.maven.surefire.junitcore.JUnitCoreWrapper.executeEager(JUnitCoreWrapper.java:107)
	at org.apache.maven.surefire.junitcore.JUnitCoreWrapper.execute(JUnitCoreWrapper.java:83)
	at org.apache.maven.surefire.junitcore.JUnitCoreWrapper.execute(JUnitCoreWrapper.java:75)
	at org.apache.maven.surefire.junitcore.JUnitCoreProvider.invoke(JUnitCoreProvider.java:158)
	at org.apache.maven.surefire.booter.ForkedBooter.runSuitesInProcess(ForkedBooter.java:377)
	at org.apache.maven.surefire.booter.ForkedBooter.execute(ForkedBooter.java:138)
	at org.apache.maven.surefire.booter.ForkedBooter.run(ForkedBooter.java:465)
	at org.apache.maven.surefire.booter.ForkedBooter.main(ForkedBooter.java:451)
Caused by: org.apache.derby.shared.common.error.DerbySQLIntegrityConstraintViolationException: DELETE on table 'DBS' caused a violation of foreign key constraint 'TBLS_FK1' for key (2).  The statement has been rolled back.
	at org.apache.derby.impl.jdbc.SQLExceptionFactory.getSQLException(Unknown Source)
	at org.apache.derby.impl.jdbc.Util.generateCsSQLException(Unknown Source)
	at org.apache.derby.impl.jdbc.TransactionResourceImpl.wrapInSQLException(Unknown Source)
	at org.apache.derby.impl.jdbc.TransactionResourceImpl.handleException(Unknown Source)
	at org.apache.derby.impl.jdbc.EmbedConnection.handleException(Unknown Source)
	at org.apache.derby.impl.jdbc.ConnectionChild.handleException(Unknown Source)
	at org.apache.derby.impl.jdbc.EmbedStatement.executeStatement(Unknown Source)
	at org.apache.derby.impl.jdbc.EmbedPreparedStatement.executeBatchElement(Unknown Source)
	... 63 more
Caused by: ERROR 23503: DELETE on table 'DBS' caused a violation of foreign key constraint 'TBLS_FK1' for key (2).  The statement has been rolled back.
	at org.apache.derby.iapi.error.StandardException.newException(Unknown Source)
	at org.apache.derby.iapi.error.StandardException.newException(Unknown Source)
	at org.apache.derby.impl.sql.execute.ReferencedKeyRIChecker.doCheck(Unknown Source)
	at org.apache.derby.impl.sql.execute.RISetChecker.doPKCheck(Unknown Source)
	at org.apache.derby.impl.sql.execute.DeleteResultSet.collectAffectedRows(Unknown Source)
	at org.apache.derby.impl.sql.execute.DeleteResultSet.open(Unknown Source)
	at org.apache.derby.impl.sql.GenericPreparedStatement.executeStmt(Unknown Source)
	at org.apache.derby.impl.sql.GenericPreparedStatement.execute(Unknown Source)
	... 65 more

[DEBUG] 2024-04-23 22:57:45.803 [main] HMSHandler - 0: drop_database: @hive#db_test_get_fields_1
[INFO ] 2024-04-23 22:57:45.804 [main] audit - ugi=alex	ip=unknown-ip-addr	cmd=drop_database: @hive#db_test_get_fields_1	
[DEBUG] 2024-04-23 22:57:45.805 [main] ObjectStore - Open transaction: count = 1, isActive = true
[DEBUG] 2024-04-23 22:57:45.805 [main] ObjectStore - Open transaction: count = 2, isActive = true
[DEBUG] 2024-04-23 22:57:45.809 [main] MetaStoreDirectSql - getDatabase: directsql returning db db_test_get_fields_1 locn[file:/home/alex/Repositories/hive/standalone-metastore/metastore-server/target/external/db_test_get_fields_1.db] desc [null] owner [alex] ownertype [USER]
[DEBUG] 2024-04-23 22:57:45.809 [main] ObjectStore - Using direct SQL optimization.
[DEBUG] 2024-04-23 22:57:45.809 [main] ObjectStore - Commit transaction: count = 1, isactive true
[DEBUG] 2024-04-23 22:57:45.809 [main] ObjectStore - db details for db db_test_get_fields_1 retrieved using SQL in 4.415316ms
[DEBUG] 2024-04-23 22:57:45.809 [main] HMSHandler - 0: get_all_tables: db=@hive#db_test_get_fields_1
[INFO ] 2024-04-23 22:57:45.809 [main] audit - ugi=alex	ip=unknown-ip-addr	cmd=get_all_tables: db=@hive#db_test_get_fields_1	
[DEBUG] 2024-04-23 22:57:45.810 [main] ObjectStore - Open transaction: count = 2, isActive = true
[DEBUG] 2024-04-23 22:57:45.811 [main] ObjectStore - Using direct SQL optimization.
[DEBUG] 2024-04-23 22:57:45.811 [main] ObjectStore - Commit transaction: count = 1, isactive true
[DEBUG] 2024-04-23 22:57:45.811 [main] ObjectStore - 2 entries retrieved using SQL in 1.05515ms
[DEBUG] 2024-04-23 22:57:45.811 [main] HMSHandler - get_all_tablestime taken(ns): 1208398
[DEBUG] 2024-04-23 22:57:45.811 [main] HMSHandler - 0: get_functions: db=@hive#db_test_get_fields_1 pat=*
[INFO ] 2024-04-23 22:57:45.811 [main] audit - ugi=alex	ip=unknown-ip-addr	cmd=get_functions: db=@hive#db_test_get_fields_1 pat=*	
[DEBUG] 2024-04-23 22:57:45.811 [main] ObjectStore - Open transaction: count = 2, isActive = true
[DEBUG] 2024-04-23 22:57:45.813 [main] ObjectStore - Commit transaction: count = 1, isactive true
[DEBUG] 2024-04-23 22:57:45.813 [main] HMSHandler - get_functionstime taken(ns): 2237890
[DEBUG] 2024-04-23 22:57:45.814 [main] HMSHandler - 0: get_all_stored_procedures
[INFO ] 2024-04-23 22:57:45.814 [main] audit - ugi=alex	ip=unknown-ip-addr	cmd=get_all_stored_procedures	
[DEBUG] 2024-04-23 22:57:45.814 [main] ObjectStore - Open transaction: count = 2, isActive = true
[DEBUG] 2024-04-23 22:57:45.815 [main] ObjectStore - Commit transaction: count = 1, isactive true
[DEBUG] 2024-04-23 22:57:45.815 [main] HMSHandler - get_all_stored_procedurestime taken(ns): 1498120
[DEBUG] 2024-04-23 22:57:45.815 [main] HMSHandler - 0: get_all_packages
[INFO ] 2024-04-23 22:57:45.815 [main] audit - ugi=alex	ip=unknown-ip-addr	cmd=get_all_packages	
[DEBUG] 2024-04-23 22:57:45.816 [main] ObjectStore - Open transaction: count = 2, isActive = true
[DEBUG] 2024-04-23 22:57:45.817 [main] ObjectStore - Commit transaction: count = 1, isactive true
[DEBUG] 2024-04-23 22:57:45.817 [main] HMSHandler - get_all_packagestime taken(ns): 1494487
[DEBUG] 2024-04-23 22:57:45.818 [main] HMSHandler - 0: getTablesByTypeCore: catName=hive: db=db_test_get_fields_1 pat=.*,type=MATERIALIZED_VIEW
[INFO ] 2024-04-23 22:57:45.818 [main] audit - ugi=alex	ip=unknown-ip-addr	cmd=getTablesByTypeCore: catName=hive: db=db_test_get_fields_1 pat=.*,type=MATERIALIZED_VIEW	
[DEBUG] 2024-04-23 22:57:45.818 [main] ObjectStore - Open transaction: count = 2, isActive = true
[DEBUG] 2024-04-23 22:57:45.819 [main] MetaStoreDirectSql - getDatabase: directsql returning db db_test_get_fields_1 locn[file:/home/alex/Repositories/hive/standalone-metastore/metastore-server/target/external/db_test_get_fields_1.db] desc [null] owner [alex] ownertype [USER]
[DEBUG] 2024-04-23 22:57:45.820 [main] ObjectStore - Using direct SQL optimization.
[DEBUG] 2024-04-23 22:57:45.820 [main] ObjectStore - Commit transaction: count = 1, isactive true
[DEBUG] 2024-04-23 22:57:45.820 [main] ObjectStore - db details for db db_test_get_fields_1 retrieved using SQL in 1.743446ms
[DEBUG] 2024-04-23 22:57:45.820 [main] ObjectStore - Open transaction: count = 2, isActive = true
[DEBUG] 2024-04-23 22:57:45.821 [main] ObjectStore - Using direct SQL optimization.
[DEBUG] 2024-04-23 22:57:45.821 [main] ObjectStore - Commit transaction: count = 1, isactive true
[DEBUG] 2024-04-23 22:57:45.821 [main] ObjectStore - 0 entries retrieved using SQL in 1.013656ms
[DEBUG] 2024-04-23 22:57:45.821 [main] HMSHandler - getTablesByTypeCoretime taken(ns): 3003788
[DEBUG] 2024-04-23 22:57:45.821 [main] ObjectStore - Open transaction: count = 2, isActive = true
[DEBUG] 2024-04-23 22:57:45.822 [main] ObjectStore - Open transaction: count = 3, isActive = true
[DEBUG] 2024-04-23 22:57:45.824 [main] MetaStoreDirectSql - getDatabase: directsql returning db db_test_get_fields_1 locn[file:/home/alex/Repositories/hive/standalone-metastore/metastore-server/target/external/db_test_get_fields_1.db] desc [null] owner [alex] ownertype [USER]
[DEBUG] 2024-04-23 22:57:45.824 [main] ObjectStore - Using direct SQL optimization.
[DEBUG] 2024-04-23 22:57:45.824 [main] ObjectStore - Commit transaction: count = 2, isactive true
[DEBUG] 2024-04-23 22:57:45.824 [main] ObjectStore - db details for db db_test_get_fields_1 retrieved using SQL in 1.632164ms
[DEBUG] 2024-04-23 22:57:45.824 [main] ObjectStore - Commit transaction: count = 1, isactive true
[INFO ] 2024-04-23 22:57:45.824 [main] ObjectStore - Dropping database hive.db_test_get_fields_1 along with all tables
[DEBUG] 2024-04-23 22:57:45.824 [main] ObjectStore - Open transaction: count = 2, isActive = true
[DEBUG] 2024-04-23 22:57:45.824 [main] ObjectStore - Open transaction: count = 3, isActive = true
[DEBUG] 2024-04-23 22:57:45.826 [main] ObjectStore - Commit transaction: count = 2, isactive true
[DEBUG] 2024-04-23 22:57:45.826 [main] ObjectStore - Executing listDatabaseGrants
[DEBUG] 2024-04-23 22:57:45.827 [main] ObjectStore - Done retrieving all objects for listDatabaseGrants: []
[DEBUG] 2024-04-23 22:57:45.828 [main] ObjectStore - Commit transaction: count = 1, isactive true
[DEBUG] 2024-04-23 22:57:45.829 [main] TxnHandler - Catching sql exception in min history level check
java.sql.SQLSyntaxErrorException: Table/View 'MIN_HISTORY_LEVEL' does not exist.
	at org.apache.derby.impl.jdbc.SQLExceptionFactory.getSQLException(Unknown Source) ~[derby-10.14.1.0.jar:?]
	at org.apache.derby.impl.jdbc.Util.generateCsSQLException(Unknown Source) ~[derby-10.14.1.0.jar:?]
	at org.apache.derby.impl.jdbc.TransactionResourceImpl.wrapInSQLException(Unknown Source) ~[derby-10.14.1.0.jar:?]
	at org.apache.derby.impl.jdbc.TransactionResourceImpl.handleException(Unknown Source) ~[derby-10.14.1.0.jar:?]
	at org.apache.derby.impl.jdbc.EmbedConnection.handleException(Unknown Source) ~[derby-10.14.1.0.jar:?]
	at org.apache.derby.impl.jdbc.ConnectionChild.handleException(Unknown Source) ~[derby-10.14.1.0.jar:?]
	at org.apache.derby.impl.jdbc.EmbedStatement.execute(Unknown Source) ~[derby-10.14.1.0.jar:?]
	at org.apache.derby.impl.jdbc.EmbedStatement.executeQuery(Unknown Source) ~[derby-10.14.1.0.jar:?]
	at com.zaxxer.hikari.pool.ProxyStatement.executeQuery(ProxyStatement.java:108) ~[HikariCP-2.6.1.jar:?]
	at com.zaxxer.hikari.pool.HikariProxyStatement.executeQuery(HikariProxyStatement.java) ~[HikariCP-2.6.1.jar:?]
	at org.apache.hadoop.hive.metastore.txn.TxnHandler.checkMinHistoryLevelTable(TxnHandler.java:456) [classes/:?]
	at org.apache.hadoop.hive.metastore.txn.TxnHandler.setConf(TxnHandler.java:422) [classes/:?]
	at org.apache.hadoop.hive.metastore.txn.TxnUtils.getTxnStore(TxnUtils.java:124) [classes/:?]
	at org.apache.hadoop.hive.metastore.AcidEventListener.getTxnHandler(AcidEventListener.java:136) [classes/:?]
	at org.apache.hadoop.hive.metastore.AcidEventListener.onDropDatabase(AcidEventListener.java:57) [classes/:?]
	at org.apache.hadoop.hive.metastore.MetaStoreListenerNotifier$26.notify(MetaStoreListenerNotifier.java:99) [classes/:?]
	at org.apache.hadoop.hive.metastore.MetaStoreListenerNotifier.notifyEvent(MetaStoreListenerNotifier.java:339) [classes/:?]
	at org.apache.hadoop.hive.metastore.HMSHandler.drop_database_core(HMSHandler.java:1785) [classes/:?]
	at org.apache.hadoop.hive.metastore.HMSHandler.drop_database(HMSHandler.java:1869) [classes/:?]
	at sun.reflect.NativeMethodAccessorImpl.invoke0(Native Method) ~[?:1.8.0_402]
	at sun.reflect.NativeMethodAccessorImpl.invoke(NativeMethodAccessorImpl.java:62) ~[?:1.8.0_402]
	at sun.reflect.DelegatingMethodAccessorImpl.invoke(DelegatingMethodAccessorImpl.java:43) ~[?:1.8.0_402]
	at java.lang.reflect.Method.invoke(Method.java:498) ~[?:1.8.0_402]
	at org.apache.hadoop.hive.metastore.RetryingHMSHandler.invokeInternal(RetryingHMSHandler.java:147) [classes/:?]
	at org.apache.hadoop.hive.metastore.RetryingHMSHandler.invoke(RetryingHMSHandler.java:108) [classes/:?]
	at com.sun.proxy.$Proxy35.drop_database(Unknown Source) [?:?]
	at org.apache.hadoop.hive.metastore.HiveMetaStoreClient.dropDatabaseCascadePerDb(HiveMetaStoreClient.java:1601) [classes/:?]
	at org.apache.hadoop.hive.metastore.HiveMetaStoreClient.dropDatabase(HiveMetaStoreClient.java:1532) [classes/:?]
	at org.apache.hadoop.hive.metastore.HiveMetaStoreClient.dropDatabase(HiveMetaStoreClient.java:1485) [classes/:?]
	at org.apache.hadoop.hive.metastore.TestHmsServerAuthorization.tearDown(TestHmsServerAuthorization.java:129) [test-classes/:?]
	at sun.reflect.NativeMethodAccessorImpl.invoke0(Native Method) ~[?:1.8.0_402]
	at sun.reflect.NativeMethodAccessorImpl.invoke(NativeMethodAccessorImpl.java:62) ~[?:1.8.0_402]
	at sun.reflect.DelegatingMethodAccessorImpl.invoke(DelegatingMethodAccessorImpl.java:43) ~[?:1.8.0_402]
	at java.lang.reflect.Method.invoke(Method.java:498) ~[?:1.8.0_402]
	at org.junit.runners.model.FrameworkMethod$1.runReflectiveCall(FrameworkMethod.java:59) [junit-4.13.jar:4.13]
	at org.junit.internal.runners.model.ReflectiveCallable.run(ReflectiveCallable.java:12) [junit-4.13.jar:4.13]
	at org.junit.runners.model.FrameworkMethod.invokeExplosively(FrameworkMethod.java:56) [junit-4.13.jar:4.13]
	at org.junit.internal.runners.statements.RunAfters.invokeMethod(RunAfters.java:46) [junit-4.13.jar:4.13]
	at org.junit.internal.runners.statements.RunAfters.evaluate(RunAfters.java:33) [junit-4.13.jar:4.13]
	at org.junit.runners.ParentRunner$3.evaluate(ParentRunner.java:306) [junit-4.13.jar:4.13]
	at org.junit.runners.ParentRunner.run(ParentRunner.java:413) [junit-4.13.jar:4.13]
	at org.junit.runners.Suite.runChild(Suite.java:128) [junit-4.13.jar:4.13]
	at org.junit.runners.Suite.runChild(Suite.java:27) [junit-4.13.jar:4.13]
	at org.junit.runners.ParentRunner$4.run(ParentRunner.java:331) [junit-4.13.jar:4.13]
	at org.junit.runners.ParentRunner$1.schedule(ParentRunner.java:79) [junit-4.13.jar:4.13]
	at org.junit.runners.ParentRunner.runChildren(ParentRunner.java:329) [junit-4.13.jar:4.13]
	at org.junit.runners.ParentRunner.access$100(ParentRunner.java:66) [junit-4.13.jar:4.13]
	at org.junit.runners.ParentRunner$2.evaluate(ParentRunner.java:293) [junit-4.13.jar:4.13]
	at org.junit.runners.ParentRunner$3.evaluate(ParentRunner.java:306) [junit-4.13.jar:4.13]
	at org.junit.runners.ParentRunner.run(ParentRunner.java:413) [junit-4.13.jar:4.13]
	at org.apache.maven.surefire.junitcore.JUnitCore.run(JUnitCore.java:55) [surefire-junit47-3.0.0-M4.jar:3.0.0-M4]
	at org.apache.maven.surefire.junitcore.JUnitCoreWrapper.createRequestAndRun(JUnitCoreWrapper.java:137) [surefire-junit47-3.0.0-M4.jar:3.0.0-M4]
	at org.apache.maven.surefire.junitcore.JUnitCoreWrapper.executeEager(JUnitCoreWrapper.java:107) [surefire-junit47-3.0.0-M4.jar:3.0.0-M4]
	at org.apache.maven.surefire.junitcore.JUnitCoreWrapper.execute(JUnitCoreWrapper.java:83) [surefire-junit47-3.0.0-M4.jar:3.0.0-M4]
	at org.apache.maven.surefire.junitcore.JUnitCoreWrapper.execute(JUnitCoreWrapper.java:75) [surefire-junit47-3.0.0-M4.jar:3.0.0-M4]
	at org.apache.maven.surefire.junitcore.JUnitCoreProvider.invoke(JUnitCoreProvider.java:158) [surefire-junit47-3.0.0-M4.jar:3.0.0-M4]
	at org.apache.maven.surefire.booter.ForkedBooter.runSuitesInProcess(ForkedBooter.java:377) [surefire-booter-3.0.0-M4.jar:3.0.0-M4]
	at org.apache.maven.surefire.booter.ForkedBooter.execute(ForkedBooter.java:138) [surefire-booter-3.0.0-M4.jar:3.0.0-M4]
	at org.apache.maven.surefire.booter.ForkedBooter.run(ForkedBooter.java:465) [surefire-booter-3.0.0-M4.jar:3.0.0-M4]
	at org.apache.maven.surefire.booter.ForkedBooter.main(ForkedBooter.java:451) [surefire-booter-3.0.0-M4.jar:3.0.0-M4]
Caused by: org.apache.derby.iapi.error.StandardException: Table/View 'MIN_HISTORY_LEVEL' does not exist.
	at org.apache.derby.iapi.error.StandardException.newException(Unknown Source) ~[derby-10.14.1.0.jar:?]
	at org.apache.derby.iapi.error.StandardException.newException(Unknown Source) ~[derby-10.14.1.0.jar:?]
	at org.apache.derby.impl.sql.compile.FromBaseTable.bindTableDescriptor(Unknown Source) ~[derby-10.14.1.0.jar:?]
	at org.apache.derby.impl.sql.compile.FromBaseTable.bindNonVTITables(Unknown Source) ~[derby-10.14.1.0.jar:?]
	at org.apache.derby.impl.sql.compile.FromList.bindTables(Unknown Source) ~[derby-10.14.1.0.jar:?]
	at org.apache.derby.impl.sql.compile.SelectNode.bindNonVTITables(Unknown Source) ~[derby-10.14.1.0.jar:?]
	at org.apache.derby.impl.sql.compile.DMLStatementNode.bindTables(Unknown Source) ~[derby-10.14.1.0.jar:?]
	at org.apache.derby.impl.sql.compile.DMLStatementNode.bind(Unknown Source) ~[derby-10.14.1.0.jar:?]
	at org.apache.derby.impl.sql.compile.CursorNode.bindStatement(Unknown Source) ~[derby-10.14.1.0.jar:?]
	at org.apache.derby.impl.sql.GenericStatement.prepMinion(Unknown Source) ~[derby-10.14.1.0.jar:?]
	at org.apache.derby.impl.sql.GenericStatement.prepare(Unknown Source) ~[derby-10.14.1.0.jar:?]
	at org.apache.derby.impl.sql.conn.GenericLanguageConnectionContext.prepareInternalStatement(Unknown Source) ~[derby-10.14.1.0.jar:?]
	... 54 more
[DEBUG] 2024-04-23 22:57:45.829 [main] ProxyConnection - HikariPool-2 - Executed rollback on connection org.apache.derby.impl.jdbc.EmbedConnection@1474640235 (XID = 1025), (SESSIONID = 21), (DATABASE = memory:/home/alex/Repositories/hive/standalone-metastore/metastore-server/target/tmp/junit_metastore_db), (DRDAID = null)  due to dirty commit state on close().
[DEBUG] 2024-04-23 22:57:45.830 [main] PoolBase - HikariPool-2 - Reset (autoCommit) on connection org.apache.derby.impl.jdbc.EmbedConnection@1474640235 (XID = 1025), (SESSIONID = 21), (DATABASE = memory:/home/alex/Repositories/hive/standalone-metastore/metastore-server/target/tmp/junit_metastore_db), (DRDAID = null) 
[DEBUG] 2024-04-23 22:57:45.830 [main] TxnHandler - Going to execute update <DELETE FROM "TXN_COMPONENTS" WHERE "TC_DATABASE"='db_test_get_fields_1'>
[DEBUG] 2024-04-23 22:57:45.830 [main] TxnHandler - Going to rollback: 
java.sql.SQLSyntaxErrorException: Table/View 'TXN_COMPONENTS' does not exist.
	at org.apache.derby.impl.jdbc.SQLExceptionFactory.getSQLException(Unknown Source) ~[derby-10.14.1.0.jar:?]
	at org.apache.derby.impl.jdbc.Util.generateCsSQLException(Unknown Source) ~[derby-10.14.1.0.jar:?]
	at org.apache.derby.impl.jdbc.TransactionResourceImpl.wrapInSQLException(Unknown Source) ~[derby-10.14.1.0.jar:?]
	at org.apache.derby.impl.jdbc.TransactionResourceImpl.handleException(Unknown Source) ~[derby-10.14.1.0.jar:?]
	at org.apache.derby.impl.jdbc.EmbedConnection.handleException(Unknown Source) ~[derby-10.14.1.0.jar:?]
	at org.apache.derby.impl.jdbc.ConnectionChild.handleException(Unknown Source) ~[derby-10.14.1.0.jar:?]
	at org.apache.derby.impl.jdbc.EmbedStatement.execute(Unknown Source) ~[derby-10.14.1.0.jar:?]
	at org.apache.derby.impl.jdbc.EmbedStatement.executeLargeUpdate(Unknown Source) ~[derby-10.14.1.0.jar:?]
	at org.apache.derby.impl.jdbc.EmbedStatement.executeUpdate(Unknown Source) ~[derby-10.14.1.0.jar:?]
	at com.zaxxer.hikari.pool.ProxyStatement.executeUpdate(ProxyStatement.java:117) ~[HikariCP-2.6.1.jar:?]
	at com.zaxxer.hikari.pool.HikariProxyStatement.executeUpdate(HikariProxyStatement.java) ~[HikariCP-2.6.1.jar:?]
	at org.apache.hadoop.hive.metastore.txn.TxnHandler.cleanupRecords(TxnHandler.java:4190) [classes/:?]
	at org.apache.hadoop.hive.metastore.AcidEventListener.onDropDatabase(AcidEventListener.java:58) [classes/:?]
	at org.apache.hadoop.hive.metastore.MetaStoreListenerNotifier$26.notify(MetaStoreListenerNotifier.java:99) [classes/:?]
	at org.apache.hadoop.hive.metastore.MetaStoreListenerNotifier.notifyEvent(MetaStoreListenerNotifier.java:339) [classes/:?]
	at org.apache.hadoop.hive.metastore.HMSHandler.drop_database_core(HMSHandler.java:1785) [classes/:?]
	at org.apache.hadoop.hive.metastore.HMSHandler.drop_database(HMSHandler.java:1869) [classes/:?]
	at sun.reflect.NativeMethodAccessorImpl.invoke0(Native Method) ~[?:1.8.0_402]
	at sun.reflect.NativeMethodAccessorImpl.invoke(NativeMethodAccessorImpl.java:62) ~[?:1.8.0_402]
	at sun.reflect.DelegatingMethodAccessorImpl.invoke(DelegatingMethodAccessorImpl.java:43) ~[?:1.8.0_402]
	at java.lang.reflect.Method.invoke(Method.java:498) ~[?:1.8.0_402]
	at org.apache.hadoop.hive.metastore.RetryingHMSHandler.invokeInternal(RetryingHMSHandler.java:147) [classes/:?]
	at org.apache.hadoop.hive.metastore.RetryingHMSHandler.invoke(RetryingHMSHandler.java:108) [classes/:?]
	at com.sun.proxy.$Proxy35.drop_database(Unknown Source) [?:?]
	at org.apache.hadoop.hive.metastore.HiveMetaStoreClient.dropDatabaseCascadePerDb(HiveMetaStoreClient.java:1601) [classes/:?]
	at org.apache.hadoop.hive.metastore.HiveMetaStoreClient.dropDatabase(HiveMetaStoreClient.java:1532) [classes/:?]
	at org.apache.hadoop.hive.metastore.HiveMetaStoreClient.dropDatabase(HiveMetaStoreClient.java:1485) [classes/:?]
	at org.apache.hadoop.hive.metastore.TestHmsServerAuthorization.tearDown(TestHmsServerAuthorization.java:129) [test-classes/:?]
	at sun.reflect.NativeMethodAccessorImpl.invoke0(Native Method) ~[?:1.8.0_402]
	at sun.reflect.NativeMethodAccessorImpl.invoke(NativeMethodAccessorImpl.java:62) ~[?:1.8.0_402]
	at sun.reflect.DelegatingMethodAccessorImpl.invoke(DelegatingMethodAccessorImpl.java:43) ~[?:1.8.0_402]
	at java.lang.reflect.Method.invoke(Method.java:498) ~[?:1.8.0_402]
	at org.junit.runners.model.FrameworkMethod$1.runReflectiveCall(FrameworkMethod.java:59) [junit-4.13.jar:4.13]
	at org.junit.internal.runners.model.ReflectiveCallable.run(ReflectiveCallable.java:12) [junit-4.13.jar:4.13]
	at org.junit.runners.model.FrameworkMethod.invokeExplosively(FrameworkMethod.java:56) [junit-4.13.jar:4.13]
	at org.junit.internal.runners.statements.RunAfters.invokeMethod(RunAfters.java:46) [junit-4.13.jar:4.13]
	at org.junit.internal.runners.statements.RunAfters.evaluate(RunAfters.java:33) [junit-4.13.jar:4.13]
	at org.junit.runners.ParentRunner$3.evaluate(ParentRunner.java:306) [junit-4.13.jar:4.13]
	at org.junit.runners.ParentRunner.run(ParentRunner.java:413) [junit-4.13.jar:4.13]
	at org.junit.runners.Suite.runChild(Suite.java:128) [junit-4.13.jar:4.13]
	at org.junit.runners.Suite.runChild(Suite.java:27) [junit-4.13.jar:4.13]
	at org.junit.runners.ParentRunner$4.run(ParentRunner.java:331) [junit-4.13.jar:4.13]
	at org.junit.runners.ParentRunner$1.schedule(ParentRunner.java:79) [junit-4.13.jar:4.13]
	at org.junit.runners.ParentRunner.runChildren(ParentRunner.java:329) [junit-4.13.jar:4.13]
	at org.junit.runners.ParentRunner.access$100(ParentRunner.java:66) [junit-4.13.jar:4.13]
	at org.junit.runners.ParentRunner$2.evaluate(ParentRunner.java:293) [junit-4.13.jar:4.13]
	at org.junit.runners.ParentRunner$3.evaluate(ParentRunner.java:306) [junit-4.13.jar:4.13]
	at org.junit.runners.ParentRunner.run(ParentRunner.java:413) [junit-4.13.jar:4.13]
	at org.apache.maven.surefire.junitcore.JUnitCore.run(JUnitCore.java:55) [surefire-junit47-3.0.0-M4.jar:3.0.0-M4]
	at org.apache.maven.surefire.junitcore.JUnitCoreWrapper.createRequestAndRun(JUnitCoreWrapper.java:137) [surefire-junit47-3.0.0-M4.jar:3.0.0-M4]
	at org.apache.maven.surefire.junitcore.JUnitCoreWrapper.executeEager(JUnitCoreWrapper.java:107) [surefire-junit47-3.0.0-M4.jar:3.0.0-M4]
	at org.apache.maven.surefire.junitcore.JUnitCoreWrapper.execute(JUnitCoreWrapper.java:83) [surefire-junit47-3.0.0-M4.jar:3.0.0-M4]
	at org.apache.maven.surefire.junitcore.JUnitCoreWrapper.execute(JUnitCoreWrapper.java:75) [surefire-junit47-3.0.0-M4.jar:3.0.0-M4]
	at org.apache.maven.surefire.junitcore.JUnitCoreProvider.invoke(JUnitCoreProvider.java:158) [surefire-junit47-3.0.0-M4.jar:3.0.0-M4]
	at org.apache.maven.surefire.booter.ForkedBooter.runSuitesInProcess(ForkedBooter.java:377) [surefire-booter-3.0.0-M4.jar:3.0.0-M4]
	at org.apache.maven.surefire.booter.ForkedBooter.execute(ForkedBooter.java:138) [surefire-booter-3.0.0-M4.jar:3.0.0-M4]
	at org.apache.maven.surefire.booter.ForkedBooter.run(ForkedBooter.java:465) [surefire-booter-3.0.0-M4.jar:3.0.0-M4]
	at org.apache.maven.surefire.booter.ForkedBooter.main(ForkedBooter.java:451) [surefire-booter-3.0.0-M4.jar:3.0.0-M4]
Caused by: org.apache.derby.iapi.error.StandardException: Table/View 'TXN_COMPONENTS' does not exist.
	at org.apache.derby.iapi.error.StandardException.newException(Unknown Source) ~[derby-10.14.1.0.jar:?]
	at org.apache.derby.iapi.error.StandardException.newException(Unknown Source) ~[derby-10.14.1.0.jar:?]
	at org.apache.derby.impl.sql.compile.FromBaseTable.bindTableDescriptor(Unknown Source) ~[derby-10.14.1.0.jar:?]
	at org.apache.derby.impl.sql.compile.FromBaseTable.bindNonVTITables(Unknown Source) ~[derby-10.14.1.0.jar:?]
	at org.apache.derby.impl.sql.compile.FromList.bindTables(Unknown Source) ~[derby-10.14.1.0.jar:?]
	at org.apache.derby.impl.sql.compile.SelectNode.bindNonVTITables(Unknown Source) ~[derby-10.14.1.0.jar:?]
	at org.apache.derby.impl.sql.compile.DMLStatementNode.bindTables(Unknown Source) ~[derby-10.14.1.0.jar:?]
	at org.apache.derby.impl.sql.compile.DeleteNode.bindStatement(Unknown Source) ~[derby-10.14.1.0.jar:?]
	at org.apache.derby.impl.sql.GenericStatement.prepMinion(Unknown Source) ~[derby-10.14.1.0.jar:?]
	at org.apache.derby.impl.sql.GenericStatement.prepare(Unknown Source) ~[derby-10.14.1.0.jar:?]
	at org.apache.derby.impl.sql.conn.GenericLanguageConnectionContext.prepareInternalStatement(Unknown Source) ~[derby-10.14.1.0.jar:?]
	... 52 more
[INFO ] 2024-04-23 22:57:45.831 [main] TxnHandler - Non-retryable error in cleanupRecords : Table/View 'TXN_COMPONENTS' does not exist. (SQLState=42X05, ErrorCode=20000)
[WARN ] 2024-04-23 22:57:45.831 [main] TxnHandler - Cannot perform cleanup since metastore table does not exist
[DEBUG] 2024-04-23 22:57:45.831 [main] PoolBase - HikariPool-2 - Reset (autoCommit) on connection org.apache.derby.impl.jdbc.EmbedConnection@1474640235 (XID = 1025), (SESSIONID = 21), (DATABASE = memory:/home/alex/Repositories/hive/standalone-metastore/metastore-server/target/tmp/junit_metastore_db), (DRDAID = null) 
[DEBUG] 2024-04-23 22:57:45.831 [main] ObjectStore - Commit transaction: count = 0, isactive true
[DEBUG] 2024-04-23 22:57:45.833 [main] PoolBase - HikariPool-1 - Reset (autoCommit) on connection org.apache.derby.impl.jdbc.EmbedConnection@1807176280 (XID = 166), (SESSIONID = 1), (DATABASE = memory:/home/alex/Repositories/hive/standalone-metastore/metastore-server/target/tmp/junit_metastore_db), (DRDAID = null) 
[DEBUG] 2024-04-23 22:57:45.833 [main] ObjectStore - rolling back transaction: no open transactions: 0
[DEBUG] 2024-04-23 22:57:45.833 [main] HMSHandler - drop_databasetime taken(ns): 28783816
[ERROR] 2024-04-23 22:57:45.834 [main] RetryingHMSHandler - Retrying HMSHandler after 2000 ms (attempt 5 of 10) with error: javax.jdo.JDODataStoreException: Exception thrown flushing changes to datastore
	at org.datanucleus.api.jdo.NucleusJDOHelper.getJDOExceptionForNucleusException(NucleusJDOHelper.java:542)
	at org.datanucleus.api.jdo.JDOTransaction.commit(JDOTransaction.java:162)
	at org.apache.hadoop.hive.metastore.ObjectStore.commitTransaction(ObjectStore.java:615)
	at sun.reflect.NativeMethodAccessorImpl.invoke0(Native Method)
	at sun.reflect.NativeMethodAccessorImpl.invoke(NativeMethodAccessorImpl.java:62)
	at sun.reflect.DelegatingMethodAccessorImpl.invoke(DelegatingMethodAccessorImpl.java:43)
	at java.lang.reflect.Method.invoke(Method.java:498)
	at org.apache.hadoop.hive.metastore.RawStoreProxy.invoke(RawStoreProxy.java:97)
	at com.sun.proxy.$Proxy29.commitTransaction(Unknown Source)
	at org.apache.hadoop.hive.metastore.HMSHandler.drop_database_core(HMSHandler.java:1790)
	at org.apache.hadoop.hive.metastore.HMSHandler.drop_database(HMSHandler.java:1869)
	at sun.reflect.NativeMethodAccessorImpl.invoke0(Native Method)
	at sun.reflect.NativeMethodAccessorImpl.invoke(NativeMethodAccessorImpl.java:62)
	at sun.reflect.DelegatingMethodAccessorImpl.invoke(DelegatingMethodAccessorImpl.java:43)
	at java.lang.reflect.Method.invoke(Method.java:498)
	at org.apache.hadoop.hive.metastore.RetryingHMSHandler.invokeInternal(RetryingHMSHandler.java:147)
	at org.apache.hadoop.hive.metastore.RetryingHMSHandler.invoke(RetryingHMSHandler.java:108)
	at com.sun.proxy.$Proxy35.drop_database(Unknown Source)
	at org.apache.hadoop.hive.metastore.HiveMetaStoreClient.dropDatabaseCascadePerDb(HiveMetaStoreClient.java:1601)
	at org.apache.hadoop.hive.metastore.HiveMetaStoreClient.dropDatabase(HiveMetaStoreClient.java:1532)
	at org.apache.hadoop.hive.metastore.HiveMetaStoreClient.dropDatabase(HiveMetaStoreClient.java:1485)
	at org.apache.hadoop.hive.metastore.TestHmsServerAuthorization.tearDown(TestHmsServerAuthorization.java:129)
	at sun.reflect.NativeMethodAccessorImpl.invoke0(Native Method)
	at sun.reflect.NativeMethodAccessorImpl.invoke(NativeMethodAccessorImpl.java:62)
	at sun.reflect.DelegatingMethodAccessorImpl.invoke(DelegatingMethodAccessorImpl.java:43)
	at java.lang.reflect.Method.invoke(Method.java:498)
	at org.junit.runners.model.FrameworkMethod$1.runReflectiveCall(FrameworkMethod.java:59)
	at org.junit.internal.runners.model.ReflectiveCallable.run(ReflectiveCallable.java:12)
	at org.junit.runners.model.FrameworkMethod.invokeExplosively(FrameworkMethod.java:56)
	at org.junit.internal.runners.statements.RunAfters.invokeMethod(RunAfters.java:46)
	at org.junit.internal.runners.statements.RunAfters.evaluate(RunAfters.java:33)
	at org.junit.runners.ParentRunner$3.evaluate(ParentRunner.java:306)
	at org.junit.runners.ParentRunner.run(ParentRunner.java:413)
	at org.junit.runners.Suite.runChild(Suite.java:128)
	at org.junit.runners.Suite.runChild(Suite.java:27)
	at org.junit.runners.ParentRunner$4.run(ParentRunner.java:331)
	at org.junit.runners.ParentRunner$1.schedule(ParentRunner.java:79)
	at org.junit.runners.ParentRunner.runChildren(ParentRunner.java:329)
	at org.junit.runners.ParentRunner.access$100(ParentRunner.java:66)
	at org.junit.runners.ParentRunner$2.evaluate(ParentRunner.java:293)
	at org.junit.runners.ParentRunner$3.evaluate(ParentRunner.java:306)
	at org.junit.runners.ParentRunner.run(ParentRunner.java:413)
	at org.apache.maven.surefire.junitcore.JUnitCore.run(JUnitCore.java:55)
	at org.apache.maven.surefire.junitcore.JUnitCoreWrapper.createRequestAndRun(JUnitCoreWrapper.java:137)
	at org.apache.maven.surefire.junitcore.JUnitCoreWrapper.executeEager(JUnitCoreWrapper.java:107)
	at org.apache.maven.surefire.junitcore.JUnitCoreWrapper.execute(JUnitCoreWrapper.java:83)
	at org.apache.maven.surefire.junitcore.JUnitCoreWrapper.execute(JUnitCoreWrapper.java:75)
	at org.apache.maven.surefire.junitcore.JUnitCoreProvider.invoke(JUnitCoreProvider.java:158)
	at org.apache.maven.surefire.booter.ForkedBooter.runSuitesInProcess(ForkedBooter.java:377)
	at org.apache.maven.surefire.booter.ForkedBooter.execute(ForkedBooter.java:138)
	at org.apache.maven.surefire.booter.ForkedBooter.run(ForkedBooter.java:465)
	at org.apache.maven.surefire.booter.ForkedBooter.main(ForkedBooter.java:451)
NestedThrowablesStackTrace:
java.sql.BatchUpdateException: DELETE on table 'DBS' caused a violation of foreign key constraint 'TBLS_FK1' for key (2).  The statement has been rolled back.
	at org.apache.derby.impl.jdbc.EmbedStatement.executeLargeBatch(Unknown Source)
	at org.apache.derby.impl.jdbc.EmbedStatement.executeBatch(Unknown Source)
	at com.zaxxer.hikari.pool.ProxyStatement.executeBatch(ProxyStatement.java:125)
	at com.zaxxer.hikari.pool.HikariProxyPreparedStatement.executeBatch(HikariProxyPreparedStatement.java)
	at org.datanucleus.store.rdbms.ParamLoggingPreparedStatement.executeBatch(ParamLoggingPreparedStatement.java:366)
	at org.datanucleus.store.rdbms.SQLController.processConnectionStatement(SQLController.java:675)
	at org.datanucleus.store.rdbms.SQLController.processStatementsForConnection(SQLController.java:643)
	at org.datanucleus.store.rdbms.SQLController$1.transactionFlushed(SQLController.java:729)
	at org.datanucleus.store.connection.AbstractManagedConnection.transactionFlushed(AbstractManagedConnection.java:95)
	at org.datanucleus.store.connection.ConnectionManagerImpl$2.transactionFlushed(ConnectionManagerImpl.java:528)
	at org.datanucleus.TransactionImpl.flush(TransactionImpl.java:222)
	at org.datanucleus.TransactionImpl.commit(TransactionImpl.java:286)
	at org.datanucleus.api.jdo.JDOTransaction.commit(JDOTransaction.java:99)
	at org.apache.hadoop.hive.metastore.ObjectStore.commitTransaction(ObjectStore.java:615)
	at sun.reflect.NativeMethodAccessorImpl.invoke0(Native Method)
	at sun.reflect.NativeMethodAccessorImpl.invoke(NativeMethodAccessorImpl.java:62)
	at sun.reflect.DelegatingMethodAccessorImpl.invoke(DelegatingMethodAccessorImpl.java:43)
	at java.lang.reflect.Method.invoke(Method.java:498)
	at org.apache.hadoop.hive.metastore.RawStoreProxy.invoke(RawStoreProxy.java:97)
	at com.sun.proxy.$Proxy29.commitTransaction(Unknown Source)
	at org.apache.hadoop.hive.metastore.HMSHandler.drop_database_core(HMSHandler.java:1790)
	at org.apache.hadoop.hive.metastore.HMSHandler.drop_database(HMSHandler.java:1869)
	at sun.reflect.NativeMethodAccessorImpl.invoke0(Native Method)
	at sun.reflect.NativeMethodAccessorImpl.invoke(NativeMethodAccessorImpl.java:62)
	at sun.reflect.DelegatingMethodAccessorImpl.invoke(DelegatingMethodAccessorImpl.java:43)
	at java.lang.reflect.Method.invoke(Method.java:498)
	at org.apache.hadoop.hive.metastore.RetryingHMSHandler.invokeInternal(RetryingHMSHandler.java:147)
	at org.apache.hadoop.hive.metastore.RetryingHMSHandler.invoke(RetryingHMSHandler.java:108)
	at com.sun.proxy.$Proxy35.drop_database(Unknown Source)
	at org.apache.hadoop.hive.metastore.HiveMetaStoreClient.dropDatabaseCascadePerDb(HiveMetaStoreClient.java:1601)
	at org.apache.hadoop.hive.metastore.HiveMetaStoreClient.dropDatabase(HiveMetaStoreClient.java:1532)
	at org.apache.hadoop.hive.metastore.HiveMetaStoreClient.dropDatabase(HiveMetaStoreClient.java:1485)
	at org.apache.hadoop.hive.metastore.TestHmsServerAuthorization.tearDown(TestHmsServerAuthorization.java:129)
	at sun.reflect.NativeMethodAccessorImpl.invoke0(Native Method)
	at sun.reflect.NativeMethodAccessorImpl.invoke(NativeMethodAccessorImpl.java:62)
	at sun.reflect.DelegatingMethodAccessorImpl.invoke(DelegatingMethodAccessorImpl.java:43)
	at java.lang.reflect.Method.invoke(Method.java:498)
	at org.junit.runners.model.FrameworkMethod$1.runReflectiveCall(FrameworkMethod.java:59)
	at org.junit.internal.runners.model.ReflectiveCallable.run(ReflectiveCallable.java:12)
	at org.junit.runners.model.FrameworkMethod.invokeExplosively(FrameworkMethod.java:56)
	at org.junit.internal.runners.statements.RunAfters.invokeMethod(RunAfters.java:46)
	at org.junit.internal.runners.statements.RunAfters.evaluate(RunAfters.java:33)
	at org.junit.runners.ParentRunner$3.evaluate(ParentRunner.java:306)
	at org.junit.runners.ParentRunner.run(ParentRunner.java:413)
	at org.junit.runners.Suite.runChild(Suite.java:128)
	at org.junit.runners.Suite.runChild(Suite.java:27)
	at org.junit.runners.ParentRunner$4.run(ParentRunner.java:331)
	at org.junit.runners.ParentRunner$1.schedule(ParentRunner.java:79)
	at org.junit.runners.ParentRunner.runChildren(ParentRunner.java:329)
	at org.junit.runners.ParentRunner.access$100(ParentRunner.java:66)
	at org.junit.runners.ParentRunner$2.evaluate(ParentRunner.java:293)
	at org.junit.runners.ParentRunner$3.evaluate(ParentRunner.java:306)
	at org.junit.runners.ParentRunner.run(ParentRunner.java:413)
	at org.apache.maven.surefire.junitcore.JUnitCore.run(JUnitCore.java:55)
	at org.apache.maven.surefire.junitcore.JUnitCoreWrapper.createRequestAndRun(JUnitCoreWrapper.java:137)
	at org.apache.maven.surefire.junitcore.JUnitCoreWrapper.executeEager(JUnitCoreWrapper.java:107)
	at org.apache.maven.surefire.junitcore.JUnitCoreWrapper.execute(JUnitCoreWrapper.java:83)
	at org.apache.maven.surefire.junitcore.JUnitCoreWrapper.execute(JUnitCoreWrapper.java:75)
	at org.apache.maven.surefire.junitcore.JUnitCoreProvider.invoke(JUnitCoreProvider.java:158)
	at org.apache.maven.surefire.booter.ForkedBooter.runSuitesInProcess(ForkedBooter.java:377)
	at org.apache.maven.surefire.booter.ForkedBooter.execute(ForkedBooter.java:138)
	at org.apache.maven.surefire.booter.ForkedBooter.run(ForkedBooter.java:465)
	at org.apache.maven.surefire.booter.ForkedBooter.main(ForkedBooter.java:451)
Caused by: org.apache.derby.shared.common.error.DerbySQLIntegrityConstraintViolationException: DELETE on table 'DBS' caused a violation of foreign key constraint 'TBLS_FK1' for key (2).  The statement has been rolled back.
	at org.apache.derby.impl.jdbc.SQLExceptionFactory.getSQLException(Unknown Source)
	at org.apache.derby.impl.jdbc.Util.generateCsSQLException(Unknown Source)
	at org.apache.derby.impl.jdbc.TransactionResourceImpl.wrapInSQLException(Unknown Source)
	at org.apache.derby.impl.jdbc.TransactionResourceImpl.handleException(Unknown Source)
	at org.apache.derby.impl.jdbc.EmbedConnection.handleException(Unknown Source)
	at org.apache.derby.impl.jdbc.ConnectionChild.handleException(Unknown Source)
	at org.apache.derby.impl.jdbc.EmbedStatement.executeStatement(Unknown Source)
	at org.apache.derby.impl.jdbc.EmbedPreparedStatement.executeBatchElement(Unknown Source)
	... 63 more
Caused by: ERROR 23503: DELETE on table 'DBS' caused a violation of foreign key constraint 'TBLS_FK1' for key (2).  The statement has been rolled back.
	at org.apache.derby.iapi.error.StandardException.newException(Unknown Source)
	at org.apache.derby.iapi.error.StandardException.newException(Unknown Source)
	at org.apache.derby.impl.sql.execute.ReferencedKeyRIChecker.doCheck(Unknown Source)
	at org.apache.derby.impl.sql.execute.RISetChecker.doPKCheck(Unknown Source)
	at org.apache.derby.impl.sql.execute.DeleteResultSet.collectAffectedRows(Unknown Source)
	at org.apache.derby.impl.sql.execute.DeleteResultSet.open(Unknown Source)
	at org.apache.derby.impl.sql.GenericPreparedStatement.executeStmt(Unknown Source)
	at org.apache.derby.impl.sql.GenericPreparedStatement.execute(Unknown Source)
	... 65 more

[DEBUG] 2024-04-23 22:57:47.835 [main] HMSHandler - 0: drop_database: @hive#db_test_get_fields_1
[INFO ] 2024-04-23 22:57:47.835 [main] audit - ugi=alex	ip=unknown-ip-addr	cmd=drop_database: @hive#db_test_get_fields_1	
[DEBUG] 2024-04-23 22:57:47.836 [main] ObjectStore - Open transaction: count = 1, isActive = true
[DEBUG] 2024-04-23 22:57:47.836 [main] ObjectStore - Open transaction: count = 2, isActive = true
[DEBUG] 2024-04-23 22:57:47.840 [main] MetaStoreDirectSql - getDatabase: directsql returning db db_test_get_fields_1 locn[file:/home/alex/Repositories/hive/standalone-metastore/metastore-server/target/external/db_test_get_fields_1.db] desc [null] owner [alex] ownertype [USER]
[DEBUG] 2024-04-23 22:57:47.840 [main] ObjectStore - Using direct SQL optimization.
[DEBUG] 2024-04-23 22:57:47.840 [main] ObjectStore - Commit transaction: count = 1, isactive true
[DEBUG] 2024-04-23 22:57:47.840 [main] ObjectStore - db details for db db_test_get_fields_1 retrieved using SQL in 4.157875ms
[DEBUG] 2024-04-23 22:57:47.840 [main] HMSHandler - 0: get_all_tables: db=@hive#db_test_get_fields_1
[INFO ] 2024-04-23 22:57:47.840 [main] audit - ugi=alex	ip=unknown-ip-addr	cmd=get_all_tables: db=@hive#db_test_get_fields_1	
[DEBUG] 2024-04-23 22:57:47.841 [main] ObjectStore - Open transaction: count = 2, isActive = true
[DEBUG] 2024-04-23 22:57:47.842 [main] ObjectStore - Using direct SQL optimization.
[DEBUG] 2024-04-23 22:57:47.842 [main] ObjectStore - Commit transaction: count = 1, isactive true
[DEBUG] 2024-04-23 22:57:47.842 [main] ObjectStore - 2 entries retrieved using SQL in 0.914833ms
[DEBUG] 2024-04-23 22:57:47.842 [main] HMSHandler - get_all_tablestime taken(ns): 1068927
[DEBUG] 2024-04-23 22:57:47.842 [main] HMSHandler - 0: get_functions: db=@hive#db_test_get_fields_1 pat=*
[INFO ] 2024-04-23 22:57:47.842 [main] audit - ugi=alex	ip=unknown-ip-addr	cmd=get_functions: db=@hive#db_test_get_fields_1 pat=*	
[DEBUG] 2024-04-23 22:57:47.842 [main] ObjectStore - Open transaction: count = 2, isActive = true
[DEBUG] 2024-04-23 22:57:47.844 [main] ObjectStore - Commit transaction: count = 1, isactive true
[DEBUG] 2024-04-23 22:57:47.845 [main] HMSHandler - get_functionstime taken(ns): 2481492
[DEBUG] 2024-04-23 22:57:47.845 [main] HMSHandler - 0: get_all_stored_procedures
[INFO ] 2024-04-23 22:57:47.845 [main] audit - ugi=alex	ip=unknown-ip-addr	cmd=get_all_stored_procedures	
[DEBUG] 2024-04-23 22:57:47.845 [main] ObjectStore - Open transaction: count = 2, isActive = true
[DEBUG] 2024-04-23 22:57:47.846 [main] ObjectStore - Commit transaction: count = 1, isactive true
[DEBUG] 2024-04-23 22:57:47.847 [main] HMSHandler - get_all_stored_procedurestime taken(ns): 1546495
[DEBUG] 2024-04-23 22:57:47.847 [main] HMSHandler - 0: get_all_packages
[INFO ] 2024-04-23 22:57:47.847 [main] audit - ugi=alex	ip=unknown-ip-addr	cmd=get_all_packages	
[DEBUG] 2024-04-23 22:57:47.847 [main] ObjectStore - Open transaction: count = 2, isActive = true
[DEBUG] 2024-04-23 22:57:47.848 [main] ObjectStore - Commit transaction: count = 1, isactive true
[DEBUG] 2024-04-23 22:57:47.849 [main] HMSHandler - get_all_packagestime taken(ns): 1526711
[DEBUG] 2024-04-23 22:57:47.849 [main] HMSHandler - 0: getTablesByTypeCore: catName=hive: db=db_test_get_fields_1 pat=.*,type=MATERIALIZED_VIEW
[INFO ] 2024-04-23 22:57:47.849 [main] audit - ugi=alex	ip=unknown-ip-addr	cmd=getTablesByTypeCore: catName=hive: db=db_test_get_fields_1 pat=.*,type=MATERIALIZED_VIEW	
[DEBUG] 2024-04-23 22:57:47.849 [main] ObjectStore - Open transaction: count = 2, isActive = true
[DEBUG] 2024-04-23 22:57:47.851 [main] MetaStoreDirectSql - getDatabase: directsql returning db db_test_get_fields_1 locn[file:/home/alex/Repositories/hive/standalone-metastore/metastore-server/target/external/db_test_get_fields_1.db] desc [null] owner [alex] ownertype [USER]
[DEBUG] 2024-04-23 22:57:47.851 [main] ObjectStore - Using direct SQL optimization.
[DEBUG] 2024-04-23 22:57:47.851 [main] ObjectStore - Commit transaction: count = 1, isactive true
[DEBUG] 2024-04-23 22:57:47.851 [main] ObjectStore - db details for db db_test_get_fields_1 retrieved using SQL in 1.590467ms
[DEBUG] 2024-04-23 22:57:47.851 [main] ObjectStore - Open transaction: count = 2, isActive = true
[DEBUG] 2024-04-23 22:57:47.852 [main] ObjectStore - Using direct SQL optimization.
[DEBUG] 2024-04-23 22:57:47.852 [main] ObjectStore - Commit transaction: count = 1, isactive true
[DEBUG] 2024-04-23 22:57:47.852 [main] ObjectStore - 0 entries retrieved using SQL in 1.009192ms
[DEBUG] 2024-04-23 22:57:47.852 [main] HMSHandler - getTablesByTypeCoretime taken(ns): 3079496
[DEBUG] 2024-04-23 22:57:47.853 [main] ObjectStore - Open transaction: count = 2, isActive = true
[DEBUG] 2024-04-23 22:57:47.854 [main] ObjectStore - Open transaction: count = 3, isActive = true
[DEBUG] 2024-04-23 22:57:47.855 [main] MetaStoreDirectSql - getDatabase: directsql returning db db_test_get_fields_1 locn[file:/home/alex/Repositories/hive/standalone-metastore/metastore-server/target/external/db_test_get_fields_1.db] desc [null] owner [alex] ownertype [USER]
[DEBUG] 2024-04-23 22:57:47.856 [main] ObjectStore - Using direct SQL optimization.
[DEBUG] 2024-04-23 22:57:47.856 [main] ObjectStore - Commit transaction: count = 2, isactive true
[DEBUG] 2024-04-23 22:57:47.856 [main] ObjectStore - db details for db db_test_get_fields_1 retrieved using SQL in 1.662444ms
[DEBUG] 2024-04-23 22:57:47.856 [main] ObjectStore - Commit transaction: count = 1, isactive true
[INFO ] 2024-04-23 22:57:47.856 [main] ObjectStore - Dropping database hive.db_test_get_fields_1 along with all tables
[DEBUG] 2024-04-23 22:57:47.856 [main] ObjectStore - Open transaction: count = 2, isActive = true
[DEBUG] 2024-04-23 22:57:47.856 [main] ObjectStore - Open transaction: count = 3, isActive = true
[DEBUG] 2024-04-23 22:57:47.857 [main] ObjectStore - Commit transaction: count = 2, isactive true
[DEBUG] 2024-04-23 22:57:47.858 [main] ObjectStore - Executing listDatabaseGrants
[DEBUG] 2024-04-23 22:57:47.859 [main] ObjectStore - Done retrieving all objects for listDatabaseGrants: []
[DEBUG] 2024-04-23 22:57:47.860 [main] ObjectStore - Commit transaction: count = 1, isactive true
[DEBUG] 2024-04-23 22:57:47.860 [main] TxnHandler - Catching sql exception in min history level check
java.sql.SQLSyntaxErrorException: Table/View 'MIN_HISTORY_LEVEL' does not exist.
	at org.apache.derby.impl.jdbc.SQLExceptionFactory.getSQLException(Unknown Source) ~[derby-10.14.1.0.jar:?]
	at org.apache.derby.impl.jdbc.Util.generateCsSQLException(Unknown Source) ~[derby-10.14.1.0.jar:?]
	at org.apache.derby.impl.jdbc.TransactionResourceImpl.wrapInSQLException(Unknown Source) ~[derby-10.14.1.0.jar:?]
	at org.apache.derby.impl.jdbc.TransactionResourceImpl.handleException(Unknown Source) ~[derby-10.14.1.0.jar:?]
	at org.apache.derby.impl.jdbc.EmbedConnection.handleException(Unknown Source) ~[derby-10.14.1.0.jar:?]
	at org.apache.derby.impl.jdbc.ConnectionChild.handleException(Unknown Source) ~[derby-10.14.1.0.jar:?]
	at org.apache.derby.impl.jdbc.EmbedStatement.execute(Unknown Source) ~[derby-10.14.1.0.jar:?]
	at org.apache.derby.impl.jdbc.EmbedStatement.executeQuery(Unknown Source) ~[derby-10.14.1.0.jar:?]
	at com.zaxxer.hikari.pool.ProxyStatement.executeQuery(ProxyStatement.java:108) ~[HikariCP-2.6.1.jar:?]
	at com.zaxxer.hikari.pool.HikariProxyStatement.executeQuery(HikariProxyStatement.java) ~[HikariCP-2.6.1.jar:?]
	at org.apache.hadoop.hive.metastore.txn.TxnHandler.checkMinHistoryLevelTable(TxnHandler.java:456) [classes/:?]
	at org.apache.hadoop.hive.metastore.txn.TxnHandler.setConf(TxnHandler.java:422) [classes/:?]
	at org.apache.hadoop.hive.metastore.txn.TxnUtils.getTxnStore(TxnUtils.java:124) [classes/:?]
	at org.apache.hadoop.hive.metastore.AcidEventListener.getTxnHandler(AcidEventListener.java:136) [classes/:?]
	at org.apache.hadoop.hive.metastore.AcidEventListener.onDropDatabase(AcidEventListener.java:57) [classes/:?]
	at org.apache.hadoop.hive.metastore.MetaStoreListenerNotifier$26.notify(MetaStoreListenerNotifier.java:99) [classes/:?]
	at org.apache.hadoop.hive.metastore.MetaStoreListenerNotifier.notifyEvent(MetaStoreListenerNotifier.java:339) [classes/:?]
	at org.apache.hadoop.hive.metastore.HMSHandler.drop_database_core(HMSHandler.java:1785) [classes/:?]
	at org.apache.hadoop.hive.metastore.HMSHandler.drop_database(HMSHandler.java:1869) [classes/:?]
	at sun.reflect.NativeMethodAccessorImpl.invoke0(Native Method) ~[?:1.8.0_402]
	at sun.reflect.NativeMethodAccessorImpl.invoke(NativeMethodAccessorImpl.java:62) ~[?:1.8.0_402]
	at sun.reflect.DelegatingMethodAccessorImpl.invoke(DelegatingMethodAccessorImpl.java:43) ~[?:1.8.0_402]
	at java.lang.reflect.Method.invoke(Method.java:498) ~[?:1.8.0_402]
	at org.apache.hadoop.hive.metastore.RetryingHMSHandler.invokeInternal(RetryingHMSHandler.java:147) [classes/:?]
	at org.apache.hadoop.hive.metastore.RetryingHMSHandler.invoke(RetryingHMSHandler.java:108) [classes/:?]
	at com.sun.proxy.$Proxy35.drop_database(Unknown Source) [?:?]
	at org.apache.hadoop.hive.metastore.HiveMetaStoreClient.dropDatabaseCascadePerDb(HiveMetaStoreClient.java:1601) [classes/:?]
	at org.apache.hadoop.hive.metastore.HiveMetaStoreClient.dropDatabase(HiveMetaStoreClient.java:1532) [classes/:?]
	at org.apache.hadoop.hive.metastore.HiveMetaStoreClient.dropDatabase(HiveMetaStoreClient.java:1485) [classes/:?]
	at org.apache.hadoop.hive.metastore.TestHmsServerAuthorization.tearDown(TestHmsServerAuthorization.java:129) [test-classes/:?]
	at sun.reflect.NativeMethodAccessorImpl.invoke0(Native Method) ~[?:1.8.0_402]
	at sun.reflect.NativeMethodAccessorImpl.invoke(NativeMethodAccessorImpl.java:62) ~[?:1.8.0_402]
	at sun.reflect.DelegatingMethodAccessorImpl.invoke(DelegatingMethodAccessorImpl.java:43) ~[?:1.8.0_402]
	at java.lang.reflect.Method.invoke(Method.java:498) ~[?:1.8.0_402]
	at org.junit.runners.model.FrameworkMethod$1.runReflectiveCall(FrameworkMethod.java:59) [junit-4.13.jar:4.13]
	at org.junit.internal.runners.model.ReflectiveCallable.run(ReflectiveCallable.java:12) [junit-4.13.jar:4.13]
	at org.junit.runners.model.FrameworkMethod.invokeExplosively(FrameworkMethod.java:56) [junit-4.13.jar:4.13]
	at org.junit.internal.runners.statements.RunAfters.invokeMethod(RunAfters.java:46) [junit-4.13.jar:4.13]
	at org.junit.internal.runners.statements.RunAfters.evaluate(RunAfters.java:33) [junit-4.13.jar:4.13]
	at org.junit.runners.ParentRunner$3.evaluate(ParentRunner.java:306) [junit-4.13.jar:4.13]
	at org.junit.runners.ParentRunner.run(ParentRunner.java:413) [junit-4.13.jar:4.13]
	at org.junit.runners.Suite.runChild(Suite.java:128) [junit-4.13.jar:4.13]
	at org.junit.runners.Suite.runChild(Suite.java:27) [junit-4.13.jar:4.13]
	at org.junit.runners.ParentRunner$4.run(ParentRunner.java:331) [junit-4.13.jar:4.13]
	at org.junit.runners.ParentRunner$1.schedule(ParentRunner.java:79) [junit-4.13.jar:4.13]
	at org.junit.runners.ParentRunner.runChildren(ParentRunner.java:329) [junit-4.13.jar:4.13]
	at org.junit.runners.ParentRunner.access$100(ParentRunner.java:66) [junit-4.13.jar:4.13]
	at org.junit.runners.ParentRunner$2.evaluate(ParentRunner.java:293) [junit-4.13.jar:4.13]
	at org.junit.runners.ParentRunner$3.evaluate(ParentRunner.java:306) [junit-4.13.jar:4.13]
	at org.junit.runners.ParentRunner.run(ParentRunner.java:413) [junit-4.13.jar:4.13]
	at org.apache.maven.surefire.junitcore.JUnitCore.run(JUnitCore.java:55) [surefire-junit47-3.0.0-M4.jar:3.0.0-M4]
	at org.apache.maven.surefire.junitcore.JUnitCoreWrapper.createRequestAndRun(JUnitCoreWrapper.java:137) [surefire-junit47-3.0.0-M4.jar:3.0.0-M4]
	at org.apache.maven.surefire.junitcore.JUnitCoreWrapper.executeEager(JUnitCoreWrapper.java:107) [surefire-junit47-3.0.0-M4.jar:3.0.0-M4]
	at org.apache.maven.surefire.junitcore.JUnitCoreWrapper.execute(JUnitCoreWrapper.java:83) [surefire-junit47-3.0.0-M4.jar:3.0.0-M4]
	at org.apache.maven.surefire.junitcore.JUnitCoreWrapper.execute(JUnitCoreWrapper.java:75) [surefire-junit47-3.0.0-M4.jar:3.0.0-M4]
	at org.apache.maven.surefire.junitcore.JUnitCoreProvider.invoke(JUnitCoreProvider.java:158) [surefire-junit47-3.0.0-M4.jar:3.0.0-M4]
	at org.apache.maven.surefire.booter.ForkedBooter.runSuitesInProcess(ForkedBooter.java:377) [surefire-booter-3.0.0-M4.jar:3.0.0-M4]
	at org.apache.maven.surefire.booter.ForkedBooter.execute(ForkedBooter.java:138) [surefire-booter-3.0.0-M4.jar:3.0.0-M4]
	at org.apache.maven.surefire.booter.ForkedBooter.run(ForkedBooter.java:465) [surefire-booter-3.0.0-M4.jar:3.0.0-M4]
	at org.apache.maven.surefire.booter.ForkedBooter.main(ForkedBooter.java:451) [surefire-booter-3.0.0-M4.jar:3.0.0-M4]
Caused by: org.apache.derby.iapi.error.StandardException: Table/View 'MIN_HISTORY_LEVEL' does not exist.
	at org.apache.derby.iapi.error.StandardException.newException(Unknown Source) ~[derby-10.14.1.0.jar:?]
	at org.apache.derby.iapi.error.StandardException.newException(Unknown Source) ~[derby-10.14.1.0.jar:?]
	at org.apache.derby.impl.sql.compile.FromBaseTable.bindTableDescriptor(Unknown Source) ~[derby-10.14.1.0.jar:?]
	at org.apache.derby.impl.sql.compile.FromBaseTable.bindNonVTITables(Unknown Source) ~[derby-10.14.1.0.jar:?]
	at org.apache.derby.impl.sql.compile.FromList.bindTables(Unknown Source) ~[derby-10.14.1.0.jar:?]
	at org.apache.derby.impl.sql.compile.SelectNode.bindNonVTITables(Unknown Source) ~[derby-10.14.1.0.jar:?]
	at org.apache.derby.impl.sql.compile.DMLStatementNode.bindTables(Unknown Source) ~[derby-10.14.1.0.jar:?]
	at org.apache.derby.impl.sql.compile.DMLStatementNode.bind(Unknown Source) ~[derby-10.14.1.0.jar:?]
	at org.apache.derby.impl.sql.compile.CursorNode.bindStatement(Unknown Source) ~[derby-10.14.1.0.jar:?]
	at org.apache.derby.impl.sql.GenericStatement.prepMinion(Unknown Source) ~[derby-10.14.1.0.jar:?]
	at org.apache.derby.impl.sql.GenericStatement.prepare(Unknown Source) ~[derby-10.14.1.0.jar:?]
	at org.apache.derby.impl.sql.conn.GenericLanguageConnectionContext.prepareInternalStatement(Unknown Source) ~[derby-10.14.1.0.jar:?]
	... 54 more
[DEBUG] 2024-04-23 22:57:47.861 [main] ProxyConnection - HikariPool-2 - Executed rollback on connection org.apache.derby.impl.jdbc.EmbedConnection@1474640235 (XID = 1025), (SESSIONID = 21), (DATABASE = memory:/home/alex/Repositories/hive/standalone-metastore/metastore-server/target/tmp/junit_metastore_db), (DRDAID = null)  due to dirty commit state on close().
[DEBUG] 2024-04-23 22:57:47.861 [main] PoolBase - HikariPool-2 - Reset (autoCommit) on connection org.apache.derby.impl.jdbc.EmbedConnection@1474640235 (XID = 1025), (SESSIONID = 21), (DATABASE = memory:/home/alex/Repositories/hive/standalone-metastore/metastore-server/target/tmp/junit_metastore_db), (DRDAID = null) 
[DEBUG] 2024-04-23 22:57:47.861 [main] TxnHandler - Going to execute update <DELETE FROM "TXN_COMPONENTS" WHERE "TC_DATABASE"='db_test_get_fields_1'>
[DEBUG] 2024-04-23 22:57:47.862 [main] TxnHandler - Going to rollback: 
java.sql.SQLSyntaxErrorException: Table/View 'TXN_COMPONENTS' does not exist.
	at org.apache.derby.impl.jdbc.SQLExceptionFactory.getSQLException(Unknown Source) ~[derby-10.14.1.0.jar:?]
	at org.apache.derby.impl.jdbc.Util.generateCsSQLException(Unknown Source) ~[derby-10.14.1.0.jar:?]
	at org.apache.derby.impl.jdbc.TransactionResourceImpl.wrapInSQLException(Unknown Source) ~[derby-10.14.1.0.jar:?]
	at org.apache.derby.impl.jdbc.TransactionResourceImpl.handleException(Unknown Source) ~[derby-10.14.1.0.jar:?]
	at org.apache.derby.impl.jdbc.EmbedConnection.handleException(Unknown Source) ~[derby-10.14.1.0.jar:?]
	at org.apache.derby.impl.jdbc.ConnectionChild.handleException(Unknown Source) ~[derby-10.14.1.0.jar:?]
	at org.apache.derby.impl.jdbc.EmbedStatement.execute(Unknown Source) ~[derby-10.14.1.0.jar:?]
	at org.apache.derby.impl.jdbc.EmbedStatement.executeLargeUpdate(Unknown Source) ~[derby-10.14.1.0.jar:?]
	at org.apache.derby.impl.jdbc.EmbedStatement.executeUpdate(Unknown Source) ~[derby-10.14.1.0.jar:?]
	at com.zaxxer.hikari.pool.ProxyStatement.executeUpdate(ProxyStatement.java:117) ~[HikariCP-2.6.1.jar:?]
	at com.zaxxer.hikari.pool.HikariProxyStatement.executeUpdate(HikariProxyStatement.java) ~[HikariCP-2.6.1.jar:?]
	at org.apache.hadoop.hive.metastore.txn.TxnHandler.cleanupRecords(TxnHandler.java:4190) [classes/:?]
	at org.apache.hadoop.hive.metastore.AcidEventListener.onDropDatabase(AcidEventListener.java:58) [classes/:?]
	at org.apache.hadoop.hive.metastore.MetaStoreListenerNotifier$26.notify(MetaStoreListenerNotifier.java:99) [classes/:?]
	at org.apache.hadoop.hive.metastore.MetaStoreListenerNotifier.notifyEvent(MetaStoreListenerNotifier.java:339) [classes/:?]
	at org.apache.hadoop.hive.metastore.HMSHandler.drop_database_core(HMSHandler.java:1785) [classes/:?]
	at org.apache.hadoop.hive.metastore.HMSHandler.drop_database(HMSHandler.java:1869) [classes/:?]
	at sun.reflect.NativeMethodAccessorImpl.invoke0(Native Method) ~[?:1.8.0_402]
	at sun.reflect.NativeMethodAccessorImpl.invoke(NativeMethodAccessorImpl.java:62) ~[?:1.8.0_402]
	at sun.reflect.DelegatingMethodAccessorImpl.invoke(DelegatingMethodAccessorImpl.java:43) ~[?:1.8.0_402]
	at java.lang.reflect.Method.invoke(Method.java:498) ~[?:1.8.0_402]
	at org.apache.hadoop.hive.metastore.RetryingHMSHandler.invokeInternal(RetryingHMSHandler.java:147) [classes/:?]
	at org.apache.hadoop.hive.metastore.RetryingHMSHandler.invoke(RetryingHMSHandler.java:108) [classes/:?]
	at com.sun.proxy.$Proxy35.drop_database(Unknown Source) [?:?]
	at org.apache.hadoop.hive.metastore.HiveMetaStoreClient.dropDatabaseCascadePerDb(HiveMetaStoreClient.java:1601) [classes/:?]
	at org.apache.hadoop.hive.metastore.HiveMetaStoreClient.dropDatabase(HiveMetaStoreClient.java:1532) [classes/:?]
	at org.apache.hadoop.hive.metastore.HiveMetaStoreClient.dropDatabase(HiveMetaStoreClient.java:1485) [classes/:?]
	at org.apache.hadoop.hive.metastore.TestHmsServerAuthorization.tearDown(TestHmsServerAuthorization.java:129) [test-classes/:?]
	at sun.reflect.NativeMethodAccessorImpl.invoke0(Native Method) ~[?:1.8.0_402]
	at sun.reflect.NativeMethodAccessorImpl.invoke(NativeMethodAccessorImpl.java:62) ~[?:1.8.0_402]
	at sun.reflect.DelegatingMethodAccessorImpl.invoke(DelegatingMethodAccessorImpl.java:43) ~[?:1.8.0_402]
	at java.lang.reflect.Method.invoke(Method.java:498) ~[?:1.8.0_402]
	at org.junit.runners.model.FrameworkMethod$1.runReflectiveCall(FrameworkMethod.java:59) [junit-4.13.jar:4.13]
	at org.junit.internal.runners.model.ReflectiveCallable.run(ReflectiveCallable.java:12) [junit-4.13.jar:4.13]
	at org.junit.runners.model.FrameworkMethod.invokeExplosively(FrameworkMethod.java:56) [junit-4.13.jar:4.13]
	at org.junit.internal.runners.statements.RunAfters.invokeMethod(RunAfters.java:46) [junit-4.13.jar:4.13]
	at org.junit.internal.runners.statements.RunAfters.evaluate(RunAfters.java:33) [junit-4.13.jar:4.13]
	at org.junit.runners.ParentRunner$3.evaluate(ParentRunner.java:306) [junit-4.13.jar:4.13]
	at org.junit.runners.ParentRunner.run(ParentRunner.java:413) [junit-4.13.jar:4.13]
	at org.junit.runners.Suite.runChild(Suite.java:128) [junit-4.13.jar:4.13]
	at org.junit.runners.Suite.runChild(Suite.java:27) [junit-4.13.jar:4.13]
	at org.junit.runners.ParentRunner$4.run(ParentRunner.java:331) [junit-4.13.jar:4.13]
	at org.junit.runners.ParentRunner$1.schedule(ParentRunner.java:79) [junit-4.13.jar:4.13]
	at org.junit.runners.ParentRunner.runChildren(ParentRunner.java:329) [junit-4.13.jar:4.13]
	at org.junit.runners.ParentRunner.access$100(ParentRunner.java:66) [junit-4.13.jar:4.13]
	at org.junit.runners.ParentRunner$2.evaluate(ParentRunner.java:293) [junit-4.13.jar:4.13]
	at org.junit.runners.ParentRunner$3.evaluate(ParentRunner.java:306) [junit-4.13.jar:4.13]
	at org.junit.runners.ParentRunner.run(ParentRunner.java:413) [junit-4.13.jar:4.13]
	at org.apache.maven.surefire.junitcore.JUnitCore.run(JUnitCore.java:55) [surefire-junit47-3.0.0-M4.jar:3.0.0-M4]
	at org.apache.maven.surefire.junitcore.JUnitCoreWrapper.createRequestAndRun(JUnitCoreWrapper.java:137) [surefire-junit47-3.0.0-M4.jar:3.0.0-M4]
	at org.apache.maven.surefire.junitcore.JUnitCoreWrapper.executeEager(JUnitCoreWrapper.java:107) [surefire-junit47-3.0.0-M4.jar:3.0.0-M4]
	at org.apache.maven.surefire.junitcore.JUnitCoreWrapper.execute(JUnitCoreWrapper.java:83) [surefire-junit47-3.0.0-M4.jar:3.0.0-M4]
	at org.apache.maven.surefire.junitcore.JUnitCoreWrapper.execute(JUnitCoreWrapper.java:75) [surefire-junit47-3.0.0-M4.jar:3.0.0-M4]
	at org.apache.maven.surefire.junitcore.JUnitCoreProvider.invoke(JUnitCoreProvider.java:158) [surefire-junit47-3.0.0-M4.jar:3.0.0-M4]
	at org.apache.maven.surefire.booter.ForkedBooter.runSuitesInProcess(ForkedBooter.java:377) [surefire-booter-3.0.0-M4.jar:3.0.0-M4]
	at org.apache.maven.surefire.booter.ForkedBooter.execute(ForkedBooter.java:138) [surefire-booter-3.0.0-M4.jar:3.0.0-M4]
	at org.apache.maven.surefire.booter.ForkedBooter.run(ForkedBooter.java:465) [surefire-booter-3.0.0-M4.jar:3.0.0-M4]
	at org.apache.maven.surefire.booter.ForkedBooter.main(ForkedBooter.java:451) [surefire-booter-3.0.0-M4.jar:3.0.0-M4]
Caused by: org.apache.derby.iapi.error.StandardException: Table/View 'TXN_COMPONENTS' does not exist.
	at org.apache.derby.iapi.error.StandardException.newException(Unknown Source) ~[derby-10.14.1.0.jar:?]
	at org.apache.derby.iapi.error.StandardException.newException(Unknown Source) ~[derby-10.14.1.0.jar:?]
	at org.apache.derby.impl.sql.compile.FromBaseTable.bindTableDescriptor(Unknown Source) ~[derby-10.14.1.0.jar:?]
	at org.apache.derby.impl.sql.compile.FromBaseTable.bindNonVTITables(Unknown Source) ~[derby-10.14.1.0.jar:?]
	at org.apache.derby.impl.sql.compile.FromList.bindTables(Unknown Source) ~[derby-10.14.1.0.jar:?]
	at org.apache.derby.impl.sql.compile.SelectNode.bindNonVTITables(Unknown Source) ~[derby-10.14.1.0.jar:?]
	at org.apache.derby.impl.sql.compile.DMLStatementNode.bindTables(Unknown Source) ~[derby-10.14.1.0.jar:?]
	at org.apache.derby.impl.sql.compile.DeleteNode.bindStatement(Unknown Source) ~[derby-10.14.1.0.jar:?]
	at org.apache.derby.impl.sql.GenericStatement.prepMinion(Unknown Source) ~[derby-10.14.1.0.jar:?]
	at org.apache.derby.impl.sql.GenericStatement.prepare(Unknown Source) ~[derby-10.14.1.0.jar:?]
	at org.apache.derby.impl.sql.conn.GenericLanguageConnectionContext.prepareInternalStatement(Unknown Source) ~[derby-10.14.1.0.jar:?]
	... 52 more
[INFO ] 2024-04-23 22:57:47.862 [main] TxnHandler - Non-retryable error in cleanupRecords : Table/View 'TXN_COMPONENTS' does not exist. (SQLState=42X05, ErrorCode=20000)
[WARN ] 2024-04-23 22:57:47.862 [main] TxnHandler - Cannot perform cleanup since metastore table does not exist
[DEBUG] 2024-04-23 22:57:47.862 [main] PoolBase - HikariPool-2 - Reset (autoCommit) on connection org.apache.derby.impl.jdbc.EmbedConnection@1474640235 (XID = 1025), (SESSIONID = 21), (DATABASE = memory:/home/alex/Repositories/hive/standalone-metastore/metastore-server/target/tmp/junit_metastore_db), (DRDAID = null) 
[DEBUG] 2024-04-23 22:57:47.862 [main] ObjectStore - Commit transaction: count = 0, isactive true
[DEBUG] 2024-04-23 22:57:47.864 [main] PoolBase - HikariPool-1 - Reset (autoCommit) on connection org.apache.derby.impl.jdbc.EmbedConnection@1807176280 (XID = 166), (SESSIONID = 1), (DATABASE = memory:/home/alex/Repositories/hive/standalone-metastore/metastore-server/target/tmp/junit_metastore_db), (DRDAID = null) 
[DEBUG] 2024-04-23 22:57:47.864 [main] ObjectStore - rolling back transaction: no open transactions: 0
[DEBUG] 2024-04-23 22:57:47.864 [main] HMSHandler - drop_databasetime taken(ns): 28404105
[ERROR] 2024-04-23 22:57:47.864 [main] RetryingHMSHandler - Retrying HMSHandler after 2000 ms (attempt 6 of 10) with error: javax.jdo.JDODataStoreException: Exception thrown flushing changes to datastore
	at org.datanucleus.api.jdo.NucleusJDOHelper.getJDOExceptionForNucleusException(NucleusJDOHelper.java:542)
	at org.datanucleus.api.jdo.JDOTransaction.commit(JDOTransaction.java:162)
	at org.apache.hadoop.hive.metastore.ObjectStore.commitTransaction(ObjectStore.java:615)
	at sun.reflect.NativeMethodAccessorImpl.invoke0(Native Method)
	at sun.reflect.NativeMethodAccessorImpl.invoke(NativeMethodAccessorImpl.java:62)
	at sun.reflect.DelegatingMethodAccessorImpl.invoke(DelegatingMethodAccessorImpl.java:43)
	at java.lang.reflect.Method.invoke(Method.java:498)
	at org.apache.hadoop.hive.metastore.RawStoreProxy.invoke(RawStoreProxy.java:97)
	at com.sun.proxy.$Proxy29.commitTransaction(Unknown Source)
	at org.apache.hadoop.hive.metastore.HMSHandler.drop_database_core(HMSHandler.java:1790)
	at org.apache.hadoop.hive.metastore.HMSHandler.drop_database(HMSHandler.java:1869)
	at sun.reflect.NativeMethodAccessorImpl.invoke0(Native Method)
	at sun.reflect.NativeMethodAccessorImpl.invoke(NativeMethodAccessorImpl.java:62)
	at sun.reflect.DelegatingMethodAccessorImpl.invoke(DelegatingMethodAccessorImpl.java:43)
	at java.lang.reflect.Method.invoke(Method.java:498)
	at org.apache.hadoop.hive.metastore.RetryingHMSHandler.invokeInternal(RetryingHMSHandler.java:147)
	at org.apache.hadoop.hive.metastore.RetryingHMSHandler.invoke(RetryingHMSHandler.java:108)
	at com.sun.proxy.$Proxy35.drop_database(Unknown Source)
	at org.apache.hadoop.hive.metastore.HiveMetaStoreClient.dropDatabaseCascadePerDb(HiveMetaStoreClient.java:1601)
	at org.apache.hadoop.hive.metastore.HiveMetaStoreClient.dropDatabase(HiveMetaStoreClient.java:1532)
	at org.apache.hadoop.hive.metastore.HiveMetaStoreClient.dropDatabase(HiveMetaStoreClient.java:1485)
	at org.apache.hadoop.hive.metastore.TestHmsServerAuthorization.tearDown(TestHmsServerAuthorization.java:129)
	at sun.reflect.NativeMethodAccessorImpl.invoke0(Native Method)
	at sun.reflect.NativeMethodAccessorImpl.invoke(NativeMethodAccessorImpl.java:62)
	at sun.reflect.DelegatingMethodAccessorImpl.invoke(DelegatingMethodAccessorImpl.java:43)
	at java.lang.reflect.Method.invoke(Method.java:498)
	at org.junit.runners.model.FrameworkMethod$1.runReflectiveCall(FrameworkMethod.java:59)
	at org.junit.internal.runners.model.ReflectiveCallable.run(ReflectiveCallable.java:12)
	at org.junit.runners.model.FrameworkMethod.invokeExplosively(FrameworkMethod.java:56)
	at org.junit.internal.runners.statements.RunAfters.invokeMethod(RunAfters.java:46)
	at org.junit.internal.runners.statements.RunAfters.evaluate(RunAfters.java:33)
	at org.junit.runners.ParentRunner$3.evaluate(ParentRunner.java:306)
	at org.junit.runners.ParentRunner.run(ParentRunner.java:413)
	at org.junit.runners.Suite.runChild(Suite.java:128)
	at org.junit.runners.Suite.runChild(Suite.java:27)
	at org.junit.runners.ParentRunner$4.run(ParentRunner.java:331)
	at org.junit.runners.ParentRunner$1.schedule(ParentRunner.java:79)
	at org.junit.runners.ParentRunner.runChildren(ParentRunner.java:329)
	at org.junit.runners.ParentRunner.access$100(ParentRunner.java:66)
	at org.junit.runners.ParentRunner$2.evaluate(ParentRunner.java:293)
	at org.junit.runners.ParentRunner$3.evaluate(ParentRunner.java:306)
	at org.junit.runners.ParentRunner.run(ParentRunner.java:413)
	at org.apache.maven.surefire.junitcore.JUnitCore.run(JUnitCore.java:55)
	at org.apache.maven.surefire.junitcore.JUnitCoreWrapper.createRequestAndRun(JUnitCoreWrapper.java:137)
	at org.apache.maven.surefire.junitcore.JUnitCoreWrapper.executeEager(JUnitCoreWrapper.java:107)
	at org.apache.maven.surefire.junitcore.JUnitCoreWrapper.execute(JUnitCoreWrapper.java:83)
	at org.apache.maven.surefire.junitcore.JUnitCoreWrapper.execute(JUnitCoreWrapper.java:75)
	at org.apache.maven.surefire.junitcore.JUnitCoreProvider.invoke(JUnitCoreProvider.java:158)
	at org.apache.maven.surefire.booter.ForkedBooter.runSuitesInProcess(ForkedBooter.java:377)
	at org.apache.maven.surefire.booter.ForkedBooter.execute(ForkedBooter.java:138)
	at org.apache.maven.surefire.booter.ForkedBooter.run(ForkedBooter.java:465)
	at org.apache.maven.surefire.booter.ForkedBooter.main(ForkedBooter.java:451)
NestedThrowablesStackTrace:
java.sql.BatchUpdateException: DELETE on table 'DBS' caused a violation of foreign key constraint 'TBLS_FK1' for key (2).  The statement has been rolled back.
	at org.apache.derby.impl.jdbc.EmbedStatement.executeLargeBatch(Unknown Source)
	at org.apache.derby.impl.jdbc.EmbedStatement.executeBatch(Unknown Source)
	at com.zaxxer.hikari.pool.ProxyStatement.executeBatch(ProxyStatement.java:125)
	at com.zaxxer.hikari.pool.HikariProxyPreparedStatement.executeBatch(HikariProxyPreparedStatement.java)
	at org.datanucleus.store.rdbms.ParamLoggingPreparedStatement.executeBatch(ParamLoggingPreparedStatement.java:366)
	at org.datanucleus.store.rdbms.SQLController.processConnectionStatement(SQLController.java:675)
	at org.datanucleus.store.rdbms.SQLController.processStatementsForConnection(SQLController.java:643)
	at org.datanucleus.store.rdbms.SQLController$1.transactionFlushed(SQLController.java:729)
	at org.datanucleus.store.connection.AbstractManagedConnection.transactionFlushed(AbstractManagedConnection.java:95)
	at org.datanucleus.store.connection.ConnectionManagerImpl$2.transactionFlushed(ConnectionManagerImpl.java:528)
	at org.datanucleus.TransactionImpl.flush(TransactionImpl.java:222)
	at org.datanucleus.TransactionImpl.commit(TransactionImpl.java:286)
	at org.datanucleus.api.jdo.JDOTransaction.commit(JDOTransaction.java:99)
	at org.apache.hadoop.hive.metastore.ObjectStore.commitTransaction(ObjectStore.java:615)
	at sun.reflect.NativeMethodAccessorImpl.invoke0(Native Method)
	at sun.reflect.NativeMethodAccessorImpl.invoke(NativeMethodAccessorImpl.java:62)
	at sun.reflect.DelegatingMethodAccessorImpl.invoke(DelegatingMethodAccessorImpl.java:43)
	at java.lang.reflect.Method.invoke(Method.java:498)
	at org.apache.hadoop.hive.metastore.RawStoreProxy.invoke(RawStoreProxy.java:97)
	at com.sun.proxy.$Proxy29.commitTransaction(Unknown Source)
	at org.apache.hadoop.hive.metastore.HMSHandler.drop_database_core(HMSHandler.java:1790)
	at org.apache.hadoop.hive.metastore.HMSHandler.drop_database(HMSHandler.java:1869)
	at sun.reflect.NativeMethodAccessorImpl.invoke0(Native Method)
	at sun.reflect.NativeMethodAccessorImpl.invoke(NativeMethodAccessorImpl.java:62)
	at sun.reflect.DelegatingMethodAccessorImpl.invoke(DelegatingMethodAccessorImpl.java:43)
	at java.lang.reflect.Method.invoke(Method.java:498)
	at org.apache.hadoop.hive.metastore.RetryingHMSHandler.invokeInternal(RetryingHMSHandler.java:147)
	at org.apache.hadoop.hive.metastore.RetryingHMSHandler.invoke(RetryingHMSHandler.java:108)
	at com.sun.proxy.$Proxy35.drop_database(Unknown Source)
	at org.apache.hadoop.hive.metastore.HiveMetaStoreClient.dropDatabaseCascadePerDb(HiveMetaStoreClient.java:1601)
	at org.apache.hadoop.hive.metastore.HiveMetaStoreClient.dropDatabase(HiveMetaStoreClient.java:1532)
	at org.apache.hadoop.hive.metastore.HiveMetaStoreClient.dropDatabase(HiveMetaStoreClient.java:1485)
	at org.apache.hadoop.hive.metastore.TestHmsServerAuthorization.tearDown(TestHmsServerAuthorization.java:129)
	at sun.reflect.NativeMethodAccessorImpl.invoke0(Native Method)
	at sun.reflect.NativeMethodAccessorImpl.invoke(NativeMethodAccessorImpl.java:62)
	at sun.reflect.DelegatingMethodAccessorImpl.invoke(DelegatingMethodAccessorImpl.java:43)
	at java.lang.reflect.Method.invoke(Method.java:498)
	at org.junit.runners.model.FrameworkMethod$1.runReflectiveCall(FrameworkMethod.java:59)
	at org.junit.internal.runners.model.ReflectiveCallable.run(ReflectiveCallable.java:12)
	at org.junit.runners.model.FrameworkMethod.invokeExplosively(FrameworkMethod.java:56)
	at org.junit.internal.runners.statements.RunAfters.invokeMethod(RunAfters.java:46)
	at org.junit.internal.runners.statements.RunAfters.evaluate(RunAfters.java:33)
	at org.junit.runners.ParentRunner$3.evaluate(ParentRunner.java:306)
	at org.junit.runners.ParentRunner.run(ParentRunner.java:413)
	at org.junit.runners.Suite.runChild(Suite.java:128)
	at org.junit.runners.Suite.runChild(Suite.java:27)
	at org.junit.runners.ParentRunner$4.run(ParentRunner.java:331)
	at org.junit.runners.ParentRunner$1.schedule(ParentRunner.java:79)
	at org.junit.runners.ParentRunner.runChildren(ParentRunner.java:329)
	at org.junit.runners.ParentRunner.access$100(ParentRunner.java:66)
	at org.junit.runners.ParentRunner$2.evaluate(ParentRunner.java:293)
	at org.junit.runners.ParentRunner$3.evaluate(ParentRunner.java:306)
	at org.junit.runners.ParentRunner.run(ParentRunner.java:413)
	at org.apache.maven.surefire.junitcore.JUnitCore.run(JUnitCore.java:55)
	at org.apache.maven.surefire.junitcore.JUnitCoreWrapper.createRequestAndRun(JUnitCoreWrapper.java:137)
	at org.apache.maven.surefire.junitcore.JUnitCoreWrapper.executeEager(JUnitCoreWrapper.java:107)
	at org.apache.maven.surefire.junitcore.JUnitCoreWrapper.execute(JUnitCoreWrapper.java:83)
	at org.apache.maven.surefire.junitcore.JUnitCoreWrapper.execute(JUnitCoreWrapper.java:75)
	at org.apache.maven.surefire.junitcore.JUnitCoreProvider.invoke(JUnitCoreProvider.java:158)
	at org.apache.maven.surefire.booter.ForkedBooter.runSuitesInProcess(ForkedBooter.java:377)
	at org.apache.maven.surefire.booter.ForkedBooter.execute(ForkedBooter.java:138)
	at org.apache.maven.surefire.booter.ForkedBooter.run(ForkedBooter.java:465)
	at org.apache.maven.surefire.booter.ForkedBooter.main(ForkedBooter.java:451)
Caused by: org.apache.derby.shared.common.error.DerbySQLIntegrityConstraintViolationException: DELETE on table 'DBS' caused a violation of foreign key constraint 'TBLS_FK1' for key (2).  The statement has been rolled back.
	at org.apache.derby.impl.jdbc.SQLExceptionFactory.getSQLException(Unknown Source)
	at org.apache.derby.impl.jdbc.Util.generateCsSQLException(Unknown Source)
	at org.apache.derby.impl.jdbc.TransactionResourceImpl.wrapInSQLException(Unknown Source)
	at org.apache.derby.impl.jdbc.TransactionResourceImpl.handleException(Unknown Source)
	at org.apache.derby.impl.jdbc.EmbedConnection.handleException(Unknown Source)
	at org.apache.derby.impl.jdbc.ConnectionChild.handleException(Unknown Source)
	at org.apache.derby.impl.jdbc.EmbedStatement.executeStatement(Unknown Source)
	at org.apache.derby.impl.jdbc.EmbedPreparedStatement.executeBatchElement(Unknown Source)
	... 63 more
Caused by: ERROR 23503: DELETE on table 'DBS' caused a violation of foreign key constraint 'TBLS_FK1' for key (2).  The statement has been rolled back.
	at org.apache.derby.iapi.error.StandardException.newException(Unknown Source)
	at org.apache.derby.iapi.error.StandardException.newException(Unknown Source)
	at org.apache.derby.impl.sql.execute.ReferencedKeyRIChecker.doCheck(Unknown Source)
	at org.apache.derby.impl.sql.execute.RISetChecker.doPKCheck(Unknown Source)
	at org.apache.derby.impl.sql.execute.DeleteResultSet.collectAffectedRows(Unknown Source)
	at org.apache.derby.impl.sql.execute.DeleteResultSet.open(Unknown Source)
	at org.apache.derby.impl.sql.GenericPreparedStatement.executeStmt(Unknown Source)
	at org.apache.derby.impl.sql.GenericPreparedStatement.execute(Unknown Source)
	... 65 more

[DEBUG] 2024-04-23 22:57:49.866 [main] HMSHandler - 0: drop_database: @hive#db_test_get_fields_1
[INFO ] 2024-04-23 22:57:49.866 [main] audit - ugi=alex	ip=unknown-ip-addr	cmd=drop_database: @hive#db_test_get_fields_1	
[DEBUG] 2024-04-23 22:57:49.867 [main] ObjectStore - Open transaction: count = 1, isActive = true
[DEBUG] 2024-04-23 22:57:49.867 [main] ObjectStore - Open transaction: count = 2, isActive = true
[DEBUG] 2024-04-23 22:57:49.870 [main] MetaStoreDirectSql - getDatabase: directsql returning db db_test_get_fields_1 locn[file:/home/alex/Repositories/hive/standalone-metastore/metastore-server/target/external/db_test_get_fields_1.db] desc [null] owner [alex] ownertype [USER]
[DEBUG] 2024-04-23 22:57:49.870 [main] ObjectStore - Using direct SQL optimization.
[DEBUG] 2024-04-23 22:57:49.870 [main] ObjectStore - Commit transaction: count = 1, isactive true
[DEBUG] 2024-04-23 22:57:49.870 [main] ObjectStore - db details for db db_test_get_fields_1 retrieved using SQL in 2.927818ms
[DEBUG] 2024-04-23 22:57:49.870 [main] HMSHandler - 0: get_all_tables: db=@hive#db_test_get_fields_1
[INFO ] 2024-04-23 22:57:49.870 [main] audit - ugi=alex	ip=unknown-ip-addr	cmd=get_all_tables: db=@hive#db_test_get_fields_1	
[DEBUG] 2024-04-23 22:57:49.871 [main] ObjectStore - Open transaction: count = 2, isActive = true
[DEBUG] 2024-04-23 22:57:49.871 [main] ObjectStore - Using direct SQL optimization.
[DEBUG] 2024-04-23 22:57:49.871 [main] ObjectStore - Commit transaction: count = 1, isactive true
[DEBUG] 2024-04-23 22:57:49.871 [main] ObjectStore - 2 entries retrieved using SQL in 0.978272ms
[DEBUG] 2024-04-23 22:57:49.872 [main] HMSHandler - get_all_tablestime taken(ns): 1163037
[DEBUG] 2024-04-23 22:57:49.872 [main] HMSHandler - 0: get_functions: db=@hive#db_test_get_fields_1 pat=*
[INFO ] 2024-04-23 22:57:49.872 [main] audit - ugi=alex	ip=unknown-ip-addr	cmd=get_functions: db=@hive#db_test_get_fields_1 pat=*	
[DEBUG] 2024-04-23 22:57:49.872 [main] ObjectStore - Open transaction: count = 2, isActive = true
[DEBUG] 2024-04-23 22:57:49.874 [main] ObjectStore - Commit transaction: count = 1, isactive true
[DEBUG] 2024-04-23 22:57:49.874 [main] HMSHandler - get_functionstime taken(ns): 2371026
[DEBUG] 2024-04-23 22:57:49.874 [main] HMSHandler - 0: get_all_stored_procedures
[INFO ] 2024-04-23 22:57:49.875 [main] audit - ugi=alex	ip=unknown-ip-addr	cmd=get_all_stored_procedures	
[DEBUG] 2024-04-23 22:57:49.875 [main] ObjectStore - Open transaction: count = 2, isActive = true
[DEBUG] 2024-04-23 22:57:49.876 [main] ObjectStore - Commit transaction: count = 1, isactive true
[DEBUG] 2024-04-23 22:57:49.876 [main] HMSHandler - get_all_stored_procedurestime taken(ns): 1494349
[DEBUG] 2024-04-23 22:57:49.876 [main] HMSHandler - 0: get_all_packages
[INFO ] 2024-04-23 22:57:49.876 [main] audit - ugi=alex	ip=unknown-ip-addr	cmd=get_all_packages	
[DEBUG] 2024-04-23 22:57:49.877 [main] ObjectStore - Open transaction: count = 2, isActive = true
[DEBUG] 2024-04-23 22:57:49.878 [main] ObjectStore - Commit transaction: count = 1, isactive true
[DEBUG] 2024-04-23 22:57:49.878 [main] HMSHandler - get_all_packagestime taken(ns): 1505069
[DEBUG] 2024-04-23 22:57:49.878 [main] HMSHandler - 0: getTablesByTypeCore: catName=hive: db=db_test_get_fields_1 pat=.*,type=MATERIALIZED_VIEW
[INFO ] 2024-04-23 22:57:49.879 [main] audit - ugi=alex	ip=unknown-ip-addr	cmd=getTablesByTypeCore: catName=hive: db=db_test_get_fields_1 pat=.*,type=MATERIALIZED_VIEW	
[DEBUG] 2024-04-23 22:57:49.879 [main] ObjectStore - Open transaction: count = 2, isActive = true
[DEBUG] 2024-04-23 22:57:49.880 [main] MetaStoreDirectSql - getDatabase: directsql returning db db_test_get_fields_1 locn[file:/home/alex/Repositories/hive/standalone-metastore/metastore-server/target/external/db_test_get_fields_1.db] desc [null] owner [alex] ownertype [USER]
[DEBUG] 2024-04-23 22:57:49.880 [main] ObjectStore - Using direct SQL optimization.
[DEBUG] 2024-04-23 22:57:49.880 [main] ObjectStore - Commit transaction: count = 1, isactive true
[DEBUG] 2024-04-23 22:57:49.880 [main] ObjectStore - db details for db db_test_get_fields_1 retrieved using SQL in 1.669324ms
[DEBUG] 2024-04-23 22:57:49.881 [main] ObjectStore - Open transaction: count = 2, isActive = true
[DEBUG] 2024-04-23 22:57:49.881 [main] ObjectStore - Using direct SQL optimization.
[DEBUG] 2024-04-23 22:57:49.881 [main] ObjectStore - Commit transaction: count = 1, isactive true
[DEBUG] 2024-04-23 22:57:49.881 [main] ObjectStore - 0 entries retrieved using SQL in 0.981506ms
[DEBUG] 2024-04-23 22:57:49.882 [main] HMSHandler - getTablesByTypeCoretime taken(ns): 2870552
[DEBUG] 2024-04-23 22:57:49.882 [main] ObjectStore - Open transaction: count = 2, isActive = true
[DEBUG] 2024-04-23 22:57:49.883 [main] ObjectStore - Open transaction: count = 3, isActive = true
[DEBUG] 2024-04-23 22:57:49.884 [main] MetaStoreDirectSql - getDatabase: directsql returning db db_test_get_fields_1 locn[file:/home/alex/Repositories/hive/standalone-metastore/metastore-server/target/external/db_test_get_fields_1.db] desc [null] owner [alex] ownertype [USER]
[DEBUG] 2024-04-23 22:57:49.885 [main] ObjectStore - Using direct SQL optimization.
[DEBUG] 2024-04-23 22:57:49.885 [main] ObjectStore - Commit transaction: count = 2, isactive true
[DEBUG] 2024-04-23 22:57:49.885 [main] ObjectStore - db details for db db_test_get_fields_1 retrieved using SQL in 1.678232ms
[DEBUG] 2024-04-23 22:57:49.885 [main] ObjectStore - Commit transaction: count = 1, isactive true
[INFO ] 2024-04-23 22:57:49.885 [main] ObjectStore - Dropping database hive.db_test_get_fields_1 along with all tables
[DEBUG] 2024-04-23 22:57:49.885 [main] ObjectStore - Open transaction: count = 2, isActive = true
[DEBUG] 2024-04-23 22:57:49.885 [main] ObjectStore - Open transaction: count = 3, isActive = true
[DEBUG] 2024-04-23 22:57:49.886 [main] ObjectStore - Commit transaction: count = 2, isactive true
[DEBUG] 2024-04-23 22:57:49.887 [main] ObjectStore - Executing listDatabaseGrants
[DEBUG] 2024-04-23 22:57:49.888 [main] ObjectStore - Done retrieving all objects for listDatabaseGrants: []
[DEBUG] 2024-04-23 22:57:49.888 [main] ObjectStore - Commit transaction: count = 1, isactive true
[DEBUG] 2024-04-23 22:57:49.889 [main] TxnHandler - Catching sql exception in min history level check
java.sql.SQLSyntaxErrorException: Table/View 'MIN_HISTORY_LEVEL' does not exist.
	at org.apache.derby.impl.jdbc.SQLExceptionFactory.getSQLException(Unknown Source) ~[derby-10.14.1.0.jar:?]
	at org.apache.derby.impl.jdbc.Util.generateCsSQLException(Unknown Source) ~[derby-10.14.1.0.jar:?]
	at org.apache.derby.impl.jdbc.TransactionResourceImpl.wrapInSQLException(Unknown Source) ~[derby-10.14.1.0.jar:?]
	at org.apache.derby.impl.jdbc.TransactionResourceImpl.handleException(Unknown Source) ~[derby-10.14.1.0.jar:?]
	at org.apache.derby.impl.jdbc.EmbedConnection.handleException(Unknown Source) ~[derby-10.14.1.0.jar:?]
	at org.apache.derby.impl.jdbc.ConnectionChild.handleException(Unknown Source) ~[derby-10.14.1.0.jar:?]
	at org.apache.derby.impl.jdbc.EmbedStatement.execute(Unknown Source) ~[derby-10.14.1.0.jar:?]
	at org.apache.derby.impl.jdbc.EmbedStatement.executeQuery(Unknown Source) ~[derby-10.14.1.0.jar:?]
	at com.zaxxer.hikari.pool.ProxyStatement.executeQuery(ProxyStatement.java:108) ~[HikariCP-2.6.1.jar:?]
	at com.zaxxer.hikari.pool.HikariProxyStatement.executeQuery(HikariProxyStatement.java) ~[HikariCP-2.6.1.jar:?]
	at org.apache.hadoop.hive.metastore.txn.TxnHandler.checkMinHistoryLevelTable(TxnHandler.java:456) [classes/:?]
	at org.apache.hadoop.hive.metastore.txn.TxnHandler.setConf(TxnHandler.java:422) [classes/:?]
	at org.apache.hadoop.hive.metastore.txn.TxnUtils.getTxnStore(TxnUtils.java:124) [classes/:?]
	at org.apache.hadoop.hive.metastore.AcidEventListener.getTxnHandler(AcidEventListener.java:136) [classes/:?]
	at org.apache.hadoop.hive.metastore.AcidEventListener.onDropDatabase(AcidEventListener.java:57) [classes/:?]
	at org.apache.hadoop.hive.metastore.MetaStoreListenerNotifier$26.notify(MetaStoreListenerNotifier.java:99) [classes/:?]
	at org.apache.hadoop.hive.metastore.MetaStoreListenerNotifier.notifyEvent(MetaStoreListenerNotifier.java:339) [classes/:?]
	at org.apache.hadoop.hive.metastore.HMSHandler.drop_database_core(HMSHandler.java:1785) [classes/:?]
	at org.apache.hadoop.hive.metastore.HMSHandler.drop_database(HMSHandler.java:1869) [classes/:?]
	at sun.reflect.NativeMethodAccessorImpl.invoke0(Native Method) ~[?:1.8.0_402]
	at sun.reflect.NativeMethodAccessorImpl.invoke(NativeMethodAccessorImpl.java:62) ~[?:1.8.0_402]
	at sun.reflect.DelegatingMethodAccessorImpl.invoke(DelegatingMethodAccessorImpl.java:43) ~[?:1.8.0_402]
	at java.lang.reflect.Method.invoke(Method.java:498) ~[?:1.8.0_402]
	at org.apache.hadoop.hive.metastore.RetryingHMSHandler.invokeInternal(RetryingHMSHandler.java:147) [classes/:?]
	at org.apache.hadoop.hive.metastore.RetryingHMSHandler.invoke(RetryingHMSHandler.java:108) [classes/:?]
	at com.sun.proxy.$Proxy35.drop_database(Unknown Source) [?:?]
	at org.apache.hadoop.hive.metastore.HiveMetaStoreClient.dropDatabaseCascadePerDb(HiveMetaStoreClient.java:1601) [classes/:?]
	at org.apache.hadoop.hive.metastore.HiveMetaStoreClient.dropDatabase(HiveMetaStoreClient.java:1532) [classes/:?]
	at org.apache.hadoop.hive.metastore.HiveMetaStoreClient.dropDatabase(HiveMetaStoreClient.java:1485) [classes/:?]
	at org.apache.hadoop.hive.metastore.TestHmsServerAuthorization.tearDown(TestHmsServerAuthorization.java:129) [test-classes/:?]
	at sun.reflect.NativeMethodAccessorImpl.invoke0(Native Method) ~[?:1.8.0_402]
	at sun.reflect.NativeMethodAccessorImpl.invoke(NativeMethodAccessorImpl.java:62) ~[?:1.8.0_402]
	at sun.reflect.DelegatingMethodAccessorImpl.invoke(DelegatingMethodAccessorImpl.java:43) ~[?:1.8.0_402]
	at java.lang.reflect.Method.invoke(Method.java:498) ~[?:1.8.0_402]
	at org.junit.runners.model.FrameworkMethod$1.runReflectiveCall(FrameworkMethod.java:59) [junit-4.13.jar:4.13]
	at org.junit.internal.runners.model.ReflectiveCallable.run(ReflectiveCallable.java:12) [junit-4.13.jar:4.13]
	at org.junit.runners.model.FrameworkMethod.invokeExplosively(FrameworkMethod.java:56) [junit-4.13.jar:4.13]
	at org.junit.internal.runners.statements.RunAfters.invokeMethod(RunAfters.java:46) [junit-4.13.jar:4.13]
	at org.junit.internal.runners.statements.RunAfters.evaluate(RunAfters.java:33) [junit-4.13.jar:4.13]
	at org.junit.runners.ParentRunner$3.evaluate(ParentRunner.java:306) [junit-4.13.jar:4.13]
	at org.junit.runners.ParentRunner.run(ParentRunner.java:413) [junit-4.13.jar:4.13]
	at org.junit.runners.Suite.runChild(Suite.java:128) [junit-4.13.jar:4.13]
	at org.junit.runners.Suite.runChild(Suite.java:27) [junit-4.13.jar:4.13]
	at org.junit.runners.ParentRunner$4.run(ParentRunner.java:331) [junit-4.13.jar:4.13]
	at org.junit.runners.ParentRunner$1.schedule(ParentRunner.java:79) [junit-4.13.jar:4.13]
	at org.junit.runners.ParentRunner.runChildren(ParentRunner.java:329) [junit-4.13.jar:4.13]
	at org.junit.runners.ParentRunner.access$100(ParentRunner.java:66) [junit-4.13.jar:4.13]
	at org.junit.runners.ParentRunner$2.evaluate(ParentRunner.java:293) [junit-4.13.jar:4.13]
	at org.junit.runners.ParentRunner$3.evaluate(ParentRunner.java:306) [junit-4.13.jar:4.13]
	at org.junit.runners.ParentRunner.run(ParentRunner.java:413) [junit-4.13.jar:4.13]
	at org.apache.maven.surefire.junitcore.JUnitCore.run(JUnitCore.java:55) [surefire-junit47-3.0.0-M4.jar:3.0.0-M4]
	at org.apache.maven.surefire.junitcore.JUnitCoreWrapper.createRequestAndRun(JUnitCoreWrapper.java:137) [surefire-junit47-3.0.0-M4.jar:3.0.0-M4]
	at org.apache.maven.surefire.junitcore.JUnitCoreWrapper.executeEager(JUnitCoreWrapper.java:107) [surefire-junit47-3.0.0-M4.jar:3.0.0-M4]
	at org.apache.maven.surefire.junitcore.JUnitCoreWrapper.execute(JUnitCoreWrapper.java:83) [surefire-junit47-3.0.0-M4.jar:3.0.0-M4]
	at org.apache.maven.surefire.junitcore.JUnitCoreWrapper.execute(JUnitCoreWrapper.java:75) [surefire-junit47-3.0.0-M4.jar:3.0.0-M4]
	at org.apache.maven.surefire.junitcore.JUnitCoreProvider.invoke(JUnitCoreProvider.java:158) [surefire-junit47-3.0.0-M4.jar:3.0.0-M4]
	at org.apache.maven.surefire.booter.ForkedBooter.runSuitesInProcess(ForkedBooter.java:377) [surefire-booter-3.0.0-M4.jar:3.0.0-M4]
	at org.apache.maven.surefire.booter.ForkedBooter.execute(ForkedBooter.java:138) [surefire-booter-3.0.0-M4.jar:3.0.0-M4]
	at org.apache.maven.surefire.booter.ForkedBooter.run(ForkedBooter.java:465) [surefire-booter-3.0.0-M4.jar:3.0.0-M4]
	at org.apache.maven.surefire.booter.ForkedBooter.main(ForkedBooter.java:451) [surefire-booter-3.0.0-M4.jar:3.0.0-M4]
Caused by: org.apache.derby.iapi.error.StandardException: Table/View 'MIN_HISTORY_LEVEL' does not exist.
	at org.apache.derby.iapi.error.StandardException.newException(Unknown Source) ~[derby-10.14.1.0.jar:?]
	at org.apache.derby.iapi.error.StandardException.newException(Unknown Source) ~[derby-10.14.1.0.jar:?]
	at org.apache.derby.impl.sql.compile.FromBaseTable.bindTableDescriptor(Unknown Source) ~[derby-10.14.1.0.jar:?]
	at org.apache.derby.impl.sql.compile.FromBaseTable.bindNonVTITables(Unknown Source) ~[derby-10.14.1.0.jar:?]
	at org.apache.derby.impl.sql.compile.FromList.bindTables(Unknown Source) ~[derby-10.14.1.0.jar:?]
	at org.apache.derby.impl.sql.compile.SelectNode.bindNonVTITables(Unknown Source) ~[derby-10.14.1.0.jar:?]
	at org.apache.derby.impl.sql.compile.DMLStatementNode.bindTables(Unknown Source) ~[derby-10.14.1.0.jar:?]
	at org.apache.derby.impl.sql.compile.DMLStatementNode.bind(Unknown Source) ~[derby-10.14.1.0.jar:?]
	at org.apache.derby.impl.sql.compile.CursorNode.bindStatement(Unknown Source) ~[derby-10.14.1.0.jar:?]
	at org.apache.derby.impl.sql.GenericStatement.prepMinion(Unknown Source) ~[derby-10.14.1.0.jar:?]
	at org.apache.derby.impl.sql.GenericStatement.prepare(Unknown Source) ~[derby-10.14.1.0.jar:?]
	at org.apache.derby.impl.sql.conn.GenericLanguageConnectionContext.prepareInternalStatement(Unknown Source) ~[derby-10.14.1.0.jar:?]
	... 54 more
[DEBUG] 2024-04-23 22:57:49.890 [main] ProxyConnection - HikariPool-2 - Executed rollback on connection org.apache.derby.impl.jdbc.EmbedConnection@1474640235 (XID = 1025), (SESSIONID = 21), (DATABASE = memory:/home/alex/Repositories/hive/standalone-metastore/metastore-server/target/tmp/junit_metastore_db), (DRDAID = null)  due to dirty commit state on close().
[DEBUG] 2024-04-23 22:57:49.890 [main] PoolBase - HikariPool-2 - Reset (autoCommit) on connection org.apache.derby.impl.jdbc.EmbedConnection@1474640235 (XID = 1025), (SESSIONID = 21), (DATABASE = memory:/home/alex/Repositories/hive/standalone-metastore/metastore-server/target/tmp/junit_metastore_db), (DRDAID = null) 
[DEBUG] 2024-04-23 22:57:49.890 [main] TxnHandler - Going to execute update <DELETE FROM "TXN_COMPONENTS" WHERE "TC_DATABASE"='db_test_get_fields_1'>
[DEBUG] 2024-04-23 22:57:49.891 [main] TxnHandler - Going to rollback: 
java.sql.SQLSyntaxErrorException: Table/View 'TXN_COMPONENTS' does not exist.
	at org.apache.derby.impl.jdbc.SQLExceptionFactory.getSQLException(Unknown Source) ~[derby-10.14.1.0.jar:?]
	at org.apache.derby.impl.jdbc.Util.generateCsSQLException(Unknown Source) ~[derby-10.14.1.0.jar:?]
	at org.apache.derby.impl.jdbc.TransactionResourceImpl.wrapInSQLException(Unknown Source) ~[derby-10.14.1.0.jar:?]
	at org.apache.derby.impl.jdbc.TransactionResourceImpl.handleException(Unknown Source) ~[derby-10.14.1.0.jar:?]
	at org.apache.derby.impl.jdbc.EmbedConnection.handleException(Unknown Source) ~[derby-10.14.1.0.jar:?]
	at org.apache.derby.impl.jdbc.ConnectionChild.handleException(Unknown Source) ~[derby-10.14.1.0.jar:?]
	at org.apache.derby.impl.jdbc.EmbedStatement.execute(Unknown Source) ~[derby-10.14.1.0.jar:?]
	at org.apache.derby.impl.jdbc.EmbedStatement.executeLargeUpdate(Unknown Source) ~[derby-10.14.1.0.jar:?]
	at org.apache.derby.impl.jdbc.EmbedStatement.executeUpdate(Unknown Source) ~[derby-10.14.1.0.jar:?]
	at com.zaxxer.hikari.pool.ProxyStatement.executeUpdate(ProxyStatement.java:117) ~[HikariCP-2.6.1.jar:?]
	at com.zaxxer.hikari.pool.HikariProxyStatement.executeUpdate(HikariProxyStatement.java) ~[HikariCP-2.6.1.jar:?]
	at org.apache.hadoop.hive.metastore.txn.TxnHandler.cleanupRecords(TxnHandler.java:4190) [classes/:?]
	at org.apache.hadoop.hive.metastore.AcidEventListener.onDropDatabase(AcidEventListener.java:58) [classes/:?]
	at org.apache.hadoop.hive.metastore.MetaStoreListenerNotifier$26.notify(MetaStoreListenerNotifier.java:99) [classes/:?]
	at org.apache.hadoop.hive.metastore.MetaStoreListenerNotifier.notifyEvent(MetaStoreListenerNotifier.java:339) [classes/:?]
	at org.apache.hadoop.hive.metastore.HMSHandler.drop_database_core(HMSHandler.java:1785) [classes/:?]
	at org.apache.hadoop.hive.metastore.HMSHandler.drop_database(HMSHandler.java:1869) [classes/:?]
	at sun.reflect.NativeMethodAccessorImpl.invoke0(Native Method) ~[?:1.8.0_402]
	at sun.reflect.NativeMethodAccessorImpl.invoke(NativeMethodAccessorImpl.java:62) ~[?:1.8.0_402]
	at sun.reflect.DelegatingMethodAccessorImpl.invoke(DelegatingMethodAccessorImpl.java:43) ~[?:1.8.0_402]
	at java.lang.reflect.Method.invoke(Method.java:498) ~[?:1.8.0_402]
	at org.apache.hadoop.hive.metastore.RetryingHMSHandler.invokeInternal(RetryingHMSHandler.java:147) [classes/:?]
	at org.apache.hadoop.hive.metastore.RetryingHMSHandler.invoke(RetryingHMSHandler.java:108) [classes/:?]
	at com.sun.proxy.$Proxy35.drop_database(Unknown Source) [?:?]
	at org.apache.hadoop.hive.metastore.HiveMetaStoreClient.dropDatabaseCascadePerDb(HiveMetaStoreClient.java:1601) [classes/:?]
	at org.apache.hadoop.hive.metastore.HiveMetaStoreClient.dropDatabase(HiveMetaStoreClient.java:1532) [classes/:?]
	at org.apache.hadoop.hive.metastore.HiveMetaStoreClient.dropDatabase(HiveMetaStoreClient.java:1485) [classes/:?]
	at org.apache.hadoop.hive.metastore.TestHmsServerAuthorization.tearDown(TestHmsServerAuthorization.java:129) [test-classes/:?]
	at sun.reflect.NativeMethodAccessorImpl.invoke0(Native Method) ~[?:1.8.0_402]
	at sun.reflect.NativeMethodAccessorImpl.invoke(NativeMethodAccessorImpl.java:62) ~[?:1.8.0_402]
	at sun.reflect.DelegatingMethodAccessorImpl.invoke(DelegatingMethodAccessorImpl.java:43) ~[?:1.8.0_402]
	at java.lang.reflect.Method.invoke(Method.java:498) ~[?:1.8.0_402]
	at org.junit.runners.model.FrameworkMethod$1.runReflectiveCall(FrameworkMethod.java:59) [junit-4.13.jar:4.13]
	at org.junit.internal.runners.model.ReflectiveCallable.run(ReflectiveCallable.java:12) [junit-4.13.jar:4.13]
	at org.junit.runners.model.FrameworkMethod.invokeExplosively(FrameworkMethod.java:56) [junit-4.13.jar:4.13]
	at org.junit.internal.runners.statements.RunAfters.invokeMethod(RunAfters.java:46) [junit-4.13.jar:4.13]
	at org.junit.internal.runners.statements.RunAfters.evaluate(RunAfters.java:33) [junit-4.13.jar:4.13]
	at org.junit.runners.ParentRunner$3.evaluate(ParentRunner.java:306) [junit-4.13.jar:4.13]
	at org.junit.runners.ParentRunner.run(ParentRunner.java:413) [junit-4.13.jar:4.13]
	at org.junit.runners.Suite.runChild(Suite.java:128) [junit-4.13.jar:4.13]
	at org.junit.runners.Suite.runChild(Suite.java:27) [junit-4.13.jar:4.13]
	at org.junit.runners.ParentRunner$4.run(ParentRunner.java:331) [junit-4.13.jar:4.13]
	at org.junit.runners.ParentRunner$1.schedule(ParentRunner.java:79) [junit-4.13.jar:4.13]
	at org.junit.runners.ParentRunner.runChildren(ParentRunner.java:329) [junit-4.13.jar:4.13]
	at org.junit.runners.ParentRunner.access$100(ParentRunner.java:66) [junit-4.13.jar:4.13]
	at org.junit.runners.ParentRunner$2.evaluate(ParentRunner.java:293) [junit-4.13.jar:4.13]
	at org.junit.runners.ParentRunner$3.evaluate(ParentRunner.java:306) [junit-4.13.jar:4.13]
	at org.junit.runners.ParentRunner.run(ParentRunner.java:413) [junit-4.13.jar:4.13]
	at org.apache.maven.surefire.junitcore.JUnitCore.run(JUnitCore.java:55) [surefire-junit47-3.0.0-M4.jar:3.0.0-M4]
	at org.apache.maven.surefire.junitcore.JUnitCoreWrapper.createRequestAndRun(JUnitCoreWrapper.java:137) [surefire-junit47-3.0.0-M4.jar:3.0.0-M4]
	at org.apache.maven.surefire.junitcore.JUnitCoreWrapper.executeEager(JUnitCoreWrapper.java:107) [surefire-junit47-3.0.0-M4.jar:3.0.0-M4]
	at org.apache.maven.surefire.junitcore.JUnitCoreWrapper.execute(JUnitCoreWrapper.java:83) [surefire-junit47-3.0.0-M4.jar:3.0.0-M4]
	at org.apache.maven.surefire.junitcore.JUnitCoreWrapper.execute(JUnitCoreWrapper.java:75) [surefire-junit47-3.0.0-M4.jar:3.0.0-M4]
	at org.apache.maven.surefire.junitcore.JUnitCoreProvider.invoke(JUnitCoreProvider.java:158) [surefire-junit47-3.0.0-M4.jar:3.0.0-M4]
	at org.apache.maven.surefire.booter.ForkedBooter.runSuitesInProcess(ForkedBooter.java:377) [surefire-booter-3.0.0-M4.jar:3.0.0-M4]
	at org.apache.maven.surefire.booter.ForkedBooter.execute(ForkedBooter.java:138) [surefire-booter-3.0.0-M4.jar:3.0.0-M4]
	at org.apache.maven.surefire.booter.ForkedBooter.run(ForkedBooter.java:465) [surefire-booter-3.0.0-M4.jar:3.0.0-M4]
	at org.apache.maven.surefire.booter.ForkedBooter.main(ForkedBooter.java:451) [surefire-booter-3.0.0-M4.jar:3.0.0-M4]
Caused by: org.apache.derby.iapi.error.StandardException: Table/View 'TXN_COMPONENTS' does not exist.
	at org.apache.derby.iapi.error.StandardException.newException(Unknown Source) ~[derby-10.14.1.0.jar:?]
	at org.apache.derby.iapi.error.StandardException.newException(Unknown Source) ~[derby-10.14.1.0.jar:?]
	at org.apache.derby.impl.sql.compile.FromBaseTable.bindTableDescriptor(Unknown Source) ~[derby-10.14.1.0.jar:?]
	at org.apache.derby.impl.sql.compile.FromBaseTable.bindNonVTITables(Unknown Source) ~[derby-10.14.1.0.jar:?]
	at org.apache.derby.impl.sql.compile.FromList.bindTables(Unknown Source) ~[derby-10.14.1.0.jar:?]
	at org.apache.derby.impl.sql.compile.SelectNode.bindNonVTITables(Unknown Source) ~[derby-10.14.1.0.jar:?]
	at org.apache.derby.impl.sql.compile.DMLStatementNode.bindTables(Unknown Source) ~[derby-10.14.1.0.jar:?]
	at org.apache.derby.impl.sql.compile.DeleteNode.bindStatement(Unknown Source) ~[derby-10.14.1.0.jar:?]
	at org.apache.derby.impl.sql.GenericStatement.prepMinion(Unknown Source) ~[derby-10.14.1.0.jar:?]
	at org.apache.derby.impl.sql.GenericStatement.prepare(Unknown Source) ~[derby-10.14.1.0.jar:?]
	at org.apache.derby.impl.sql.conn.GenericLanguageConnectionContext.prepareInternalStatement(Unknown Source) ~[derby-10.14.1.0.jar:?]
	... 52 more
[INFO ] 2024-04-23 22:57:49.891 [main] TxnHandler - Non-retryable error in cleanupRecords : Table/View 'TXN_COMPONENTS' does not exist. (SQLState=42X05, ErrorCode=20000)
[WARN ] 2024-04-23 22:57:49.891 [main] TxnHandler - Cannot perform cleanup since metastore table does not exist
[DEBUG] 2024-04-23 22:57:49.891 [main] PoolBase - HikariPool-2 - Reset (autoCommit) on connection org.apache.derby.impl.jdbc.EmbedConnection@1474640235 (XID = 1025), (SESSIONID = 21), (DATABASE = memory:/home/alex/Repositories/hive/standalone-metastore/metastore-server/target/tmp/junit_metastore_db), (DRDAID = null) 
[DEBUG] 2024-04-23 22:57:49.892 [main] ObjectStore - Commit transaction: count = 0, isactive true
[DEBUG] 2024-04-23 22:57:49.893 [main] PoolBase - HikariPool-1 - Reset (autoCommit) on connection org.apache.derby.impl.jdbc.EmbedConnection@1807176280 (XID = 166), (SESSIONID = 1), (DATABASE = memory:/home/alex/Repositories/hive/standalone-metastore/metastore-server/target/tmp/junit_metastore_db), (DRDAID = null) 
[DEBUG] 2024-04-23 22:57:49.893 [main] ObjectStore - rolling back transaction: no open transactions: 0
[DEBUG] 2024-04-23 22:57:49.893 [main] HMSHandler - drop_databasetime taken(ns): 26630409
[ERROR] 2024-04-23 22:57:49.894 [main] RetryingHMSHandler - Retrying HMSHandler after 2000 ms (attempt 7 of 10) with error: javax.jdo.JDODataStoreException: Exception thrown flushing changes to datastore
	at org.datanucleus.api.jdo.NucleusJDOHelper.getJDOExceptionForNucleusException(NucleusJDOHelper.java:542)
	at org.datanucleus.api.jdo.JDOTransaction.commit(JDOTransaction.java:162)
	at org.apache.hadoop.hive.metastore.ObjectStore.commitTransaction(ObjectStore.java:615)
	at sun.reflect.NativeMethodAccessorImpl.invoke0(Native Method)
	at sun.reflect.NativeMethodAccessorImpl.invoke(NativeMethodAccessorImpl.java:62)
	at sun.reflect.DelegatingMethodAccessorImpl.invoke(DelegatingMethodAccessorImpl.java:43)
	at java.lang.reflect.Method.invoke(Method.java:498)
	at org.apache.hadoop.hive.metastore.RawStoreProxy.invoke(RawStoreProxy.java:97)
	at com.sun.proxy.$Proxy29.commitTransaction(Unknown Source)
	at org.apache.hadoop.hive.metastore.HMSHandler.drop_database_core(HMSHandler.java:1790)
	at org.apache.hadoop.hive.metastore.HMSHandler.drop_database(HMSHandler.java:1869)
	at sun.reflect.NativeMethodAccessorImpl.invoke0(Native Method)
	at sun.reflect.NativeMethodAccessorImpl.invoke(NativeMethodAccessorImpl.java:62)
	at sun.reflect.DelegatingMethodAccessorImpl.invoke(DelegatingMethodAccessorImpl.java:43)
	at java.lang.reflect.Method.invoke(Method.java:498)
	at org.apache.hadoop.hive.metastore.RetryingHMSHandler.invokeInternal(RetryingHMSHandler.java:147)
	at org.apache.hadoop.hive.metastore.RetryingHMSHandler.invoke(RetryingHMSHandler.java:108)
	at com.sun.proxy.$Proxy35.drop_database(Unknown Source)
	at org.apache.hadoop.hive.metastore.HiveMetaStoreClient.dropDatabaseCascadePerDb(HiveMetaStoreClient.java:1601)
	at org.apache.hadoop.hive.metastore.HiveMetaStoreClient.dropDatabase(HiveMetaStoreClient.java:1532)
	at org.apache.hadoop.hive.metastore.HiveMetaStoreClient.dropDatabase(HiveMetaStoreClient.java:1485)
	at org.apache.hadoop.hive.metastore.TestHmsServerAuthorization.tearDown(TestHmsServerAuthorization.java:129)
	at sun.reflect.NativeMethodAccessorImpl.invoke0(Native Method)
	at sun.reflect.NativeMethodAccessorImpl.invoke(NativeMethodAccessorImpl.java:62)
	at sun.reflect.DelegatingMethodAccessorImpl.invoke(DelegatingMethodAccessorImpl.java:43)
	at java.lang.reflect.Method.invoke(Method.java:498)
	at org.junit.runners.model.FrameworkMethod$1.runReflectiveCall(FrameworkMethod.java:59)
	at org.junit.internal.runners.model.ReflectiveCallable.run(ReflectiveCallable.java:12)
	at org.junit.runners.model.FrameworkMethod.invokeExplosively(FrameworkMethod.java:56)
	at org.junit.internal.runners.statements.RunAfters.invokeMethod(RunAfters.java:46)
	at org.junit.internal.runners.statements.RunAfters.evaluate(RunAfters.java:33)
	at org.junit.runners.ParentRunner$3.evaluate(ParentRunner.java:306)
	at org.junit.runners.ParentRunner.run(ParentRunner.java:413)
	at org.junit.runners.Suite.runChild(Suite.java:128)
	at org.junit.runners.Suite.runChild(Suite.java:27)
	at org.junit.runners.ParentRunner$4.run(ParentRunner.java:331)
	at org.junit.runners.ParentRunner$1.schedule(ParentRunner.java:79)
	at org.junit.runners.ParentRunner.runChildren(ParentRunner.java:329)
	at org.junit.runners.ParentRunner.access$100(ParentRunner.java:66)
	at org.junit.runners.ParentRunner$2.evaluate(ParentRunner.java:293)
	at org.junit.runners.ParentRunner$3.evaluate(ParentRunner.java:306)
	at org.junit.runners.ParentRunner.run(ParentRunner.java:413)
	at org.apache.maven.surefire.junitcore.JUnitCore.run(JUnitCore.java:55)
	at org.apache.maven.surefire.junitcore.JUnitCoreWrapper.createRequestAndRun(JUnitCoreWrapper.java:137)
	at org.apache.maven.surefire.junitcore.JUnitCoreWrapper.executeEager(JUnitCoreWrapper.java:107)
	at org.apache.maven.surefire.junitcore.JUnitCoreWrapper.execute(JUnitCoreWrapper.java:83)
	at org.apache.maven.surefire.junitcore.JUnitCoreWrapper.execute(JUnitCoreWrapper.java:75)
	at org.apache.maven.surefire.junitcore.JUnitCoreProvider.invoke(JUnitCoreProvider.java:158)
	at org.apache.maven.surefire.booter.ForkedBooter.runSuitesInProcess(ForkedBooter.java:377)
	at org.apache.maven.surefire.booter.ForkedBooter.execute(ForkedBooter.java:138)
	at org.apache.maven.surefire.booter.ForkedBooter.run(ForkedBooter.java:465)
	at org.apache.maven.surefire.booter.ForkedBooter.main(ForkedBooter.java:451)
NestedThrowablesStackTrace:
java.sql.BatchUpdateException: DELETE on table 'DBS' caused a violation of foreign key constraint 'TBLS_FK1' for key (2).  The statement has been rolled back.
	at org.apache.derby.impl.jdbc.EmbedStatement.executeLargeBatch(Unknown Source)
	at org.apache.derby.impl.jdbc.EmbedStatement.executeBatch(Unknown Source)
	at com.zaxxer.hikari.pool.ProxyStatement.executeBatch(ProxyStatement.java:125)
	at com.zaxxer.hikari.pool.HikariProxyPreparedStatement.executeBatch(HikariProxyPreparedStatement.java)
	at org.datanucleus.store.rdbms.ParamLoggingPreparedStatement.executeBatch(ParamLoggingPreparedStatement.java:366)
	at org.datanucleus.store.rdbms.SQLController.processConnectionStatement(SQLController.java:675)
	at org.datanucleus.store.rdbms.SQLController.processStatementsForConnection(SQLController.java:643)
	at org.datanucleus.store.rdbms.SQLController$1.transactionFlushed(SQLController.java:729)
	at org.datanucleus.store.connection.AbstractManagedConnection.transactionFlushed(AbstractManagedConnection.java:95)
	at org.datanucleus.store.connection.ConnectionManagerImpl$2.transactionFlushed(ConnectionManagerImpl.java:528)
	at org.datanucleus.TransactionImpl.flush(TransactionImpl.java:222)
	at org.datanucleus.TransactionImpl.commit(TransactionImpl.java:286)
	at org.datanucleus.api.jdo.JDOTransaction.commit(JDOTransaction.java:99)
	at org.apache.hadoop.hive.metastore.ObjectStore.commitTransaction(ObjectStore.java:615)
	at sun.reflect.NativeMethodAccessorImpl.invoke0(Native Method)
	at sun.reflect.NativeMethodAccessorImpl.invoke(NativeMethodAccessorImpl.java:62)
	at sun.reflect.DelegatingMethodAccessorImpl.invoke(DelegatingMethodAccessorImpl.java:43)
	at java.lang.reflect.Method.invoke(Method.java:498)
	at org.apache.hadoop.hive.metastore.RawStoreProxy.invoke(RawStoreProxy.java:97)
	at com.sun.proxy.$Proxy29.commitTransaction(Unknown Source)
	at org.apache.hadoop.hive.metastore.HMSHandler.drop_database_core(HMSHandler.java:1790)
	at org.apache.hadoop.hive.metastore.HMSHandler.drop_database(HMSHandler.java:1869)
	at sun.reflect.NativeMethodAccessorImpl.invoke0(Native Method)
	at sun.reflect.NativeMethodAccessorImpl.invoke(NativeMethodAccessorImpl.java:62)
	at sun.reflect.DelegatingMethodAccessorImpl.invoke(DelegatingMethodAccessorImpl.java:43)
	at java.lang.reflect.Method.invoke(Method.java:498)
	at org.apache.hadoop.hive.metastore.RetryingHMSHandler.invokeInternal(RetryingHMSHandler.java:147)
	at org.apache.hadoop.hive.metastore.RetryingHMSHandler.invoke(RetryingHMSHandler.java:108)
	at com.sun.proxy.$Proxy35.drop_database(Unknown Source)
	at org.apache.hadoop.hive.metastore.HiveMetaStoreClient.dropDatabaseCascadePerDb(HiveMetaStoreClient.java:1601)
	at org.apache.hadoop.hive.metastore.HiveMetaStoreClient.dropDatabase(HiveMetaStoreClient.java:1532)
	at org.apache.hadoop.hive.metastore.HiveMetaStoreClient.dropDatabase(HiveMetaStoreClient.java:1485)
	at org.apache.hadoop.hive.metastore.TestHmsServerAuthorization.tearDown(TestHmsServerAuthorization.java:129)
	at sun.reflect.NativeMethodAccessorImpl.invoke0(Native Method)
	at sun.reflect.NativeMethodAccessorImpl.invoke(NativeMethodAccessorImpl.java:62)
	at sun.reflect.DelegatingMethodAccessorImpl.invoke(DelegatingMethodAccessorImpl.java:43)
	at java.lang.reflect.Method.invoke(Method.java:498)
	at org.junit.runners.model.FrameworkMethod$1.runReflectiveCall(FrameworkMethod.java:59)
	at org.junit.internal.runners.model.ReflectiveCallable.run(ReflectiveCallable.java:12)
	at org.junit.runners.model.FrameworkMethod.invokeExplosively(FrameworkMethod.java:56)
	at org.junit.internal.runners.statements.RunAfters.invokeMethod(RunAfters.java:46)
	at org.junit.internal.runners.statements.RunAfters.evaluate(RunAfters.java:33)
	at org.junit.runners.ParentRunner$3.evaluate(ParentRunner.java:306)
	at org.junit.runners.ParentRunner.run(ParentRunner.java:413)
	at org.junit.runners.Suite.runChild(Suite.java:128)
	at org.junit.runners.Suite.runChild(Suite.java:27)
	at org.junit.runners.ParentRunner$4.run(ParentRunner.java:331)
	at org.junit.runners.ParentRunner$1.schedule(ParentRunner.java:79)
	at org.junit.runners.ParentRunner.runChildren(ParentRunner.java:329)
	at org.junit.runners.ParentRunner.access$100(ParentRunner.java:66)
	at org.junit.runners.ParentRunner$2.evaluate(ParentRunner.java:293)
	at org.junit.runners.ParentRunner$3.evaluate(ParentRunner.java:306)
	at org.junit.runners.ParentRunner.run(ParentRunner.java:413)
	at org.apache.maven.surefire.junitcore.JUnitCore.run(JUnitCore.java:55)
	at org.apache.maven.surefire.junitcore.JUnitCoreWrapper.createRequestAndRun(JUnitCoreWrapper.java:137)
	at org.apache.maven.surefire.junitcore.JUnitCoreWrapper.executeEager(JUnitCoreWrapper.java:107)
	at org.apache.maven.surefire.junitcore.JUnitCoreWrapper.execute(JUnitCoreWrapper.java:83)
	at org.apache.maven.surefire.junitcore.JUnitCoreWrapper.execute(JUnitCoreWrapper.java:75)
	at org.apache.maven.surefire.junitcore.JUnitCoreProvider.invoke(JUnitCoreProvider.java:158)
	at org.apache.maven.surefire.booter.ForkedBooter.runSuitesInProcess(ForkedBooter.java:377)
	at org.apache.maven.surefire.booter.ForkedBooter.execute(ForkedBooter.java:138)
	at org.apache.maven.surefire.booter.ForkedBooter.run(ForkedBooter.java:465)
	at org.apache.maven.surefire.booter.ForkedBooter.main(ForkedBooter.java:451)
Caused by: org.apache.derby.shared.common.error.DerbySQLIntegrityConstraintViolationException: DELETE on table 'DBS' caused a violation of foreign key constraint 'TBLS_FK1' for key (2).  The statement has been rolled back.
	at org.apache.derby.impl.jdbc.SQLExceptionFactory.getSQLException(Unknown Source)
	at org.apache.derby.impl.jdbc.Util.generateCsSQLException(Unknown Source)
	at org.apache.derby.impl.jdbc.TransactionResourceImpl.wrapInSQLException(Unknown Source)
	at org.apache.derby.impl.jdbc.TransactionResourceImpl.handleException(Unknown Source)
	at org.apache.derby.impl.jdbc.EmbedConnection.handleException(Unknown Source)
	at org.apache.derby.impl.jdbc.ConnectionChild.handleException(Unknown Source)
	at org.apache.derby.impl.jdbc.EmbedStatement.executeStatement(Unknown Source)
	at org.apache.derby.impl.jdbc.EmbedPreparedStatement.executeBatchElement(Unknown Source)
	... 63 more
Caused by: ERROR 23503: DELETE on table 'DBS' caused a violation of foreign key constraint 'TBLS_FK1' for key (2).  The statement has been rolled back.
	at org.apache.derby.iapi.error.StandardException.newException(Unknown Source)
	at org.apache.derby.iapi.error.StandardException.newException(Unknown Source)
	at org.apache.derby.impl.sql.execute.ReferencedKeyRIChecker.doCheck(Unknown Source)
	at org.apache.derby.impl.sql.execute.RISetChecker.doPKCheck(Unknown Source)
	at org.apache.derby.impl.sql.execute.DeleteResultSet.collectAffectedRows(Unknown Source)
	at org.apache.derby.impl.sql.execute.DeleteResultSet.open(Unknown Source)
	at org.apache.derby.impl.sql.GenericPreparedStatement.executeStmt(Unknown Source)
	at org.apache.derby.impl.sql.GenericPreparedStatement.execute(Unknown Source)
	... 65 more

[DEBUG] 2024-04-23 22:57:51.895 [main] HMSHandler - 0: drop_database: @hive#db_test_get_fields_1
[INFO ] 2024-04-23 22:57:51.895 [main] audit - ugi=alex	ip=unknown-ip-addr	cmd=drop_database: @hive#db_test_get_fields_1	
[DEBUG] 2024-04-23 22:57:51.896 [main] ObjectStore - Open transaction: count = 1, isActive = true
[DEBUG] 2024-04-23 22:57:51.896 [main] ObjectStore - Open transaction: count = 2, isActive = true
[DEBUG] 2024-04-23 22:57:51.898 [main] MetaStoreDirectSql - getDatabase: directsql returning db db_test_get_fields_1 locn[file:/home/alex/Repositories/hive/standalone-metastore/metastore-server/target/external/db_test_get_fields_1.db] desc [null] owner [alex] ownertype [USER]
[DEBUG] 2024-04-23 22:57:51.899 [main] ObjectStore - Using direct SQL optimization.
[DEBUG] 2024-04-23 22:57:51.899 [main] ObjectStore - Commit transaction: count = 1, isactive true
[DEBUG] 2024-04-23 22:57:51.899 [main] ObjectStore - db details for db db_test_get_fields_1 retrieved using SQL in 2.527158ms
[DEBUG] 2024-04-23 22:57:51.899 [main] HMSHandler - 0: get_all_tables: db=@hive#db_test_get_fields_1
[INFO ] 2024-04-23 22:57:51.899 [main] audit - ugi=alex	ip=unknown-ip-addr	cmd=get_all_tables: db=@hive#db_test_get_fields_1	
[DEBUG] 2024-04-23 22:57:51.899 [main] ObjectStore - Open transaction: count = 2, isActive = true
[DEBUG] 2024-04-23 22:57:51.900 [main] ObjectStore - Using direct SQL optimization.
[DEBUG] 2024-04-23 22:57:51.900 [main] ObjectStore - Commit transaction: count = 1, isactive true
[DEBUG] 2024-04-23 22:57:51.900 [main] ObjectStore - 2 entries retrieved using SQL in 1.015861ms
[DEBUG] 2024-04-23 22:57:51.900 [main] HMSHandler - get_all_tablestime taken(ns): 1151121
[DEBUG] 2024-04-23 22:57:51.900 [main] HMSHandler - 0: get_functions: db=@hive#db_test_get_fields_1 pat=*
[INFO ] 2024-04-23 22:57:51.900 [main] audit - ugi=alex	ip=unknown-ip-addr	cmd=get_functions: db=@hive#db_test_get_fields_1 pat=*	
[DEBUG] 2024-04-23 22:57:51.901 [main] ObjectStore - Open transaction: count = 2, isActive = true
[DEBUG] 2024-04-23 22:57:51.903 [main] ObjectStore - Commit transaction: count = 1, isactive true
[DEBUG] 2024-04-23 22:57:51.903 [main] HMSHandler - get_functionstime taken(ns): 2382737
[DEBUG] 2024-04-23 22:57:51.903 [main] HMSHandler - 0: get_all_stored_procedures
[INFO ] 2024-04-23 22:57:51.903 [main] audit - ugi=alex	ip=unknown-ip-addr	cmd=get_all_stored_procedures	
[DEBUG] 2024-04-23 22:57:51.903 [main] ObjectStore - Open transaction: count = 2, isActive = true
[DEBUG] 2024-04-23 22:57:51.905 [main] ObjectStore - Commit transaction: count = 1, isactive true
[DEBUG] 2024-04-23 22:57:51.905 [main] HMSHandler - get_all_stored_procedurestime taken(ns): 1531378
[DEBUG] 2024-04-23 22:57:51.905 [main] HMSHandler - 0: get_all_packages
[INFO ] 2024-04-23 22:57:51.905 [main] audit - ugi=alex	ip=unknown-ip-addr	cmd=get_all_packages	
[DEBUG] 2024-04-23 22:57:51.905 [main] ObjectStore - Open transaction: count = 2, isActive = true
[DEBUG] 2024-04-23 22:57:51.907 [main] ObjectStore - Commit transaction: count = 1, isactive true
[DEBUG] 2024-04-23 22:57:51.907 [main] HMSHandler - get_all_packagestime taken(ns): 1662128
[DEBUG] 2024-04-23 22:57:51.907 [main] HMSHandler - 0: getTablesByTypeCore: catName=hive: db=db_test_get_fields_1 pat=.*,type=MATERIALIZED_VIEW
[INFO ] 2024-04-23 22:57:51.907 [main] audit - ugi=alex	ip=unknown-ip-addr	cmd=getTablesByTypeCore: catName=hive: db=db_test_get_fields_1 pat=.*,type=MATERIALIZED_VIEW	
[DEBUG] 2024-04-23 22:57:51.908 [main] ObjectStore - Open transaction: count = 2, isActive = true
[DEBUG] 2024-04-23 22:57:51.909 [main] MetaStoreDirectSql - getDatabase: directsql returning db db_test_get_fields_1 locn[file:/home/alex/Repositories/hive/standalone-metastore/metastore-server/target/external/db_test_get_fields_1.db] desc [null] owner [alex] ownertype [USER]
[DEBUG] 2024-04-23 22:57:51.909 [main] ObjectStore - Using direct SQL optimization.
[DEBUG] 2024-04-23 22:57:51.909 [main] ObjectStore - Commit transaction: count = 1, isactive true
[DEBUG] 2024-04-23 22:57:51.909 [main] ObjectStore - db details for db db_test_get_fields_1 retrieved using SQL in 1.647531ms
[DEBUG] 2024-04-23 22:57:51.909 [main] ObjectStore - Open transaction: count = 2, isActive = true
[DEBUG] 2024-04-23 22:57:51.910 [main] ObjectStore - Using direct SQL optimization.
[DEBUG] 2024-04-23 22:57:51.910 [main] ObjectStore - Commit transaction: count = 1, isactive true
[DEBUG] 2024-04-23 22:57:51.910 [main] ObjectStore - 0 entries retrieved using SQL in 0.99614ms
[DEBUG] 2024-04-23 22:57:51.911 [main] HMSHandler - getTablesByTypeCoretime taken(ns): 3005652
[DEBUG] 2024-04-23 22:57:51.911 [main] ObjectStore - Open transaction: count = 2, isActive = true
[DEBUG] 2024-04-23 22:57:51.912 [main] ObjectStore - Open transaction: count = 3, isActive = true
[DEBUG] 2024-04-23 22:57:51.913 [main] MetaStoreDirectSql - getDatabase: directsql returning db db_test_get_fields_1 locn[file:/home/alex/Repositories/hive/standalone-metastore/metastore-server/target/external/db_test_get_fields_1.db] desc [null] owner [alex] ownertype [USER]
[DEBUG] 2024-04-23 22:57:51.914 [main] ObjectStore - Using direct SQL optimization.
[DEBUG] 2024-04-23 22:57:51.914 [main] ObjectStore - Commit transaction: count = 2, isactive true
[DEBUG] 2024-04-23 22:57:51.914 [main] ObjectStore - db details for db db_test_get_fields_1 retrieved using SQL in 1.59082ms
[DEBUG] 2024-04-23 22:57:51.914 [main] ObjectStore - Commit transaction: count = 1, isactive true
[INFO ] 2024-04-23 22:57:51.914 [main] ObjectStore - Dropping database hive.db_test_get_fields_1 along with all tables
[DEBUG] 2024-04-23 22:57:51.914 [main] ObjectStore - Open transaction: count = 2, isActive = true
[DEBUG] 2024-04-23 22:57:51.914 [main] ObjectStore - Open transaction: count = 3, isActive = true
[DEBUG] 2024-04-23 22:57:51.916 [main] ObjectStore - Commit transaction: count = 2, isactive true
[DEBUG] 2024-04-23 22:57:51.916 [main] ObjectStore - Executing listDatabaseGrants
[DEBUG] 2024-04-23 22:57:51.917 [main] ObjectStore - Done retrieving all objects for listDatabaseGrants: []
[DEBUG] 2024-04-23 22:57:51.918 [main] ObjectStore - Commit transaction: count = 1, isactive true
[DEBUG] 2024-04-23 22:57:51.918 [main] TxnHandler - Catching sql exception in min history level check
java.sql.SQLSyntaxErrorException: Table/View 'MIN_HISTORY_LEVEL' does not exist.
	at org.apache.derby.impl.jdbc.SQLExceptionFactory.getSQLException(Unknown Source) ~[derby-10.14.1.0.jar:?]
	at org.apache.derby.impl.jdbc.Util.generateCsSQLException(Unknown Source) ~[derby-10.14.1.0.jar:?]
	at org.apache.derby.impl.jdbc.TransactionResourceImpl.wrapInSQLException(Unknown Source) ~[derby-10.14.1.0.jar:?]
	at org.apache.derby.impl.jdbc.TransactionResourceImpl.handleException(Unknown Source) ~[derby-10.14.1.0.jar:?]
	at org.apache.derby.impl.jdbc.EmbedConnection.handleException(Unknown Source) ~[derby-10.14.1.0.jar:?]
	at org.apache.derby.impl.jdbc.ConnectionChild.handleException(Unknown Source) ~[derby-10.14.1.0.jar:?]
	at org.apache.derby.impl.jdbc.EmbedStatement.execute(Unknown Source) ~[derby-10.14.1.0.jar:?]
	at org.apache.derby.impl.jdbc.EmbedStatement.executeQuery(Unknown Source) ~[derby-10.14.1.0.jar:?]
	at com.zaxxer.hikari.pool.ProxyStatement.executeQuery(ProxyStatement.java:108) ~[HikariCP-2.6.1.jar:?]
	at com.zaxxer.hikari.pool.HikariProxyStatement.executeQuery(HikariProxyStatement.java) ~[HikariCP-2.6.1.jar:?]
	at org.apache.hadoop.hive.metastore.txn.TxnHandler.checkMinHistoryLevelTable(TxnHandler.java:456) [classes/:?]
	at org.apache.hadoop.hive.metastore.txn.TxnHandler.setConf(TxnHandler.java:422) [classes/:?]
	at org.apache.hadoop.hive.metastore.txn.TxnUtils.getTxnStore(TxnUtils.java:124) [classes/:?]
	at org.apache.hadoop.hive.metastore.AcidEventListener.getTxnHandler(AcidEventListener.java:136) [classes/:?]
	at org.apache.hadoop.hive.metastore.AcidEventListener.onDropDatabase(AcidEventListener.java:57) [classes/:?]
	at org.apache.hadoop.hive.metastore.MetaStoreListenerNotifier$26.notify(MetaStoreListenerNotifier.java:99) [classes/:?]
	at org.apache.hadoop.hive.metastore.MetaStoreListenerNotifier.notifyEvent(MetaStoreListenerNotifier.java:339) [classes/:?]
	at org.apache.hadoop.hive.metastore.HMSHandler.drop_database_core(HMSHandler.java:1785) [classes/:?]
	at org.apache.hadoop.hive.metastore.HMSHandler.drop_database(HMSHandler.java:1869) [classes/:?]
	at sun.reflect.NativeMethodAccessorImpl.invoke0(Native Method) ~[?:1.8.0_402]
	at sun.reflect.NativeMethodAccessorImpl.invoke(NativeMethodAccessorImpl.java:62) ~[?:1.8.0_402]
	at sun.reflect.DelegatingMethodAccessorImpl.invoke(DelegatingMethodAccessorImpl.java:43) ~[?:1.8.0_402]
	at java.lang.reflect.Method.invoke(Method.java:498) ~[?:1.8.0_402]
	at org.apache.hadoop.hive.metastore.RetryingHMSHandler.invokeInternal(RetryingHMSHandler.java:147) [classes/:?]
	at org.apache.hadoop.hive.metastore.RetryingHMSHandler.invoke(RetryingHMSHandler.java:108) [classes/:?]
	at com.sun.proxy.$Proxy35.drop_database(Unknown Source) [?:?]
	at org.apache.hadoop.hive.metastore.HiveMetaStoreClient.dropDatabaseCascadePerDb(HiveMetaStoreClient.java:1601) [classes/:?]
	at org.apache.hadoop.hive.metastore.HiveMetaStoreClient.dropDatabase(HiveMetaStoreClient.java:1532) [classes/:?]
	at org.apache.hadoop.hive.metastore.HiveMetaStoreClient.dropDatabase(HiveMetaStoreClient.java:1485) [classes/:?]
	at org.apache.hadoop.hive.metastore.TestHmsServerAuthorization.tearDown(TestHmsServerAuthorization.java:129) [test-classes/:?]
	at sun.reflect.NativeMethodAccessorImpl.invoke0(Native Method) ~[?:1.8.0_402]
	at sun.reflect.NativeMethodAccessorImpl.invoke(NativeMethodAccessorImpl.java:62) ~[?:1.8.0_402]
	at sun.reflect.DelegatingMethodAccessorImpl.invoke(DelegatingMethodAccessorImpl.java:43) ~[?:1.8.0_402]
	at java.lang.reflect.Method.invoke(Method.java:498) ~[?:1.8.0_402]
	at org.junit.runners.model.FrameworkMethod$1.runReflectiveCall(FrameworkMethod.java:59) [junit-4.13.jar:4.13]
	at org.junit.internal.runners.model.ReflectiveCallable.run(ReflectiveCallable.java:12) [junit-4.13.jar:4.13]
	at org.junit.runners.model.FrameworkMethod.invokeExplosively(FrameworkMethod.java:56) [junit-4.13.jar:4.13]
	at org.junit.internal.runners.statements.RunAfters.invokeMethod(RunAfters.java:46) [junit-4.13.jar:4.13]
	at org.junit.internal.runners.statements.RunAfters.evaluate(RunAfters.java:33) [junit-4.13.jar:4.13]
	at org.junit.runners.ParentRunner$3.evaluate(ParentRunner.java:306) [junit-4.13.jar:4.13]
	at org.junit.runners.ParentRunner.run(ParentRunner.java:413) [junit-4.13.jar:4.13]
	at org.junit.runners.Suite.runChild(Suite.java:128) [junit-4.13.jar:4.13]
	at org.junit.runners.Suite.runChild(Suite.java:27) [junit-4.13.jar:4.13]
	at org.junit.runners.ParentRunner$4.run(ParentRunner.java:331) [junit-4.13.jar:4.13]
	at org.junit.runners.ParentRunner$1.schedule(ParentRunner.java:79) [junit-4.13.jar:4.13]
	at org.junit.runners.ParentRunner.runChildren(ParentRunner.java:329) [junit-4.13.jar:4.13]
	at org.junit.runners.ParentRunner.access$100(ParentRunner.java:66) [junit-4.13.jar:4.13]
	at org.junit.runners.ParentRunner$2.evaluate(ParentRunner.java:293) [junit-4.13.jar:4.13]
	at org.junit.runners.ParentRunner$3.evaluate(ParentRunner.java:306) [junit-4.13.jar:4.13]
	at org.junit.runners.ParentRunner.run(ParentRunner.java:413) [junit-4.13.jar:4.13]
	at org.apache.maven.surefire.junitcore.JUnitCore.run(JUnitCore.java:55) [surefire-junit47-3.0.0-M4.jar:3.0.0-M4]
	at org.apache.maven.surefire.junitcore.JUnitCoreWrapper.createRequestAndRun(JUnitCoreWrapper.java:137) [surefire-junit47-3.0.0-M4.jar:3.0.0-M4]
	at org.apache.maven.surefire.junitcore.JUnitCoreWrapper.executeEager(JUnitCoreWrapper.java:107) [surefire-junit47-3.0.0-M4.jar:3.0.0-M4]
	at org.apache.maven.surefire.junitcore.JUnitCoreWrapper.execute(JUnitCoreWrapper.java:83) [surefire-junit47-3.0.0-M4.jar:3.0.0-M4]
	at org.apache.maven.surefire.junitcore.JUnitCoreWrapper.execute(JUnitCoreWrapper.java:75) [surefire-junit47-3.0.0-M4.jar:3.0.0-M4]
	at org.apache.maven.surefire.junitcore.JUnitCoreProvider.invoke(JUnitCoreProvider.java:158) [surefire-junit47-3.0.0-M4.jar:3.0.0-M4]
	at org.apache.maven.surefire.booter.ForkedBooter.runSuitesInProcess(ForkedBooter.java:377) [surefire-booter-3.0.0-M4.jar:3.0.0-M4]
	at org.apache.maven.surefire.booter.ForkedBooter.execute(ForkedBooter.java:138) [surefire-booter-3.0.0-M4.jar:3.0.0-M4]
	at org.apache.maven.surefire.booter.ForkedBooter.run(ForkedBooter.java:465) [surefire-booter-3.0.0-M4.jar:3.0.0-M4]
	at org.apache.maven.surefire.booter.ForkedBooter.main(ForkedBooter.java:451) [surefire-booter-3.0.0-M4.jar:3.0.0-M4]
Caused by: org.apache.derby.iapi.error.StandardException: Table/View 'MIN_HISTORY_LEVEL' does not exist.
	at org.apache.derby.iapi.error.StandardException.newException(Unknown Source) ~[derby-10.14.1.0.jar:?]
	at org.apache.derby.iapi.error.StandardException.newException(Unknown Source) ~[derby-10.14.1.0.jar:?]
	at org.apache.derby.impl.sql.compile.FromBaseTable.bindTableDescriptor(Unknown Source) ~[derby-10.14.1.0.jar:?]
	at org.apache.derby.impl.sql.compile.FromBaseTable.bindNonVTITables(Unknown Source) ~[derby-10.14.1.0.jar:?]
	at org.apache.derby.impl.sql.compile.FromList.bindTables(Unknown Source) ~[derby-10.14.1.0.jar:?]
	at org.apache.derby.impl.sql.compile.SelectNode.bindNonVTITables(Unknown Source) ~[derby-10.14.1.0.jar:?]
	at org.apache.derby.impl.sql.compile.DMLStatementNode.bindTables(Unknown Source) ~[derby-10.14.1.0.jar:?]
	at org.apache.derby.impl.sql.compile.DMLStatementNode.bind(Unknown Source) ~[derby-10.14.1.0.jar:?]
	at org.apache.derby.impl.sql.compile.CursorNode.bindStatement(Unknown Source) ~[derby-10.14.1.0.jar:?]
	at org.apache.derby.impl.sql.GenericStatement.prepMinion(Unknown Source) ~[derby-10.14.1.0.jar:?]
	at org.apache.derby.impl.sql.GenericStatement.prepare(Unknown Source) ~[derby-10.14.1.0.jar:?]
	at org.apache.derby.impl.sql.conn.GenericLanguageConnectionContext.prepareInternalStatement(Unknown Source) ~[derby-10.14.1.0.jar:?]
	... 54 more
[DEBUG] 2024-04-23 22:57:51.919 [main] ProxyConnection - HikariPool-2 - Executed rollback on connection org.apache.derby.impl.jdbc.EmbedConnection@1474640235 (XID = 1025), (SESSIONID = 21), (DATABASE = memory:/home/alex/Repositories/hive/standalone-metastore/metastore-server/target/tmp/junit_metastore_db), (DRDAID = null)  due to dirty commit state on close().
[DEBUG] 2024-04-23 22:57:51.919 [main] PoolBase - HikariPool-2 - Reset (autoCommit) on connection org.apache.derby.impl.jdbc.EmbedConnection@1474640235 (XID = 1025), (SESSIONID = 21), (DATABASE = memory:/home/alex/Repositories/hive/standalone-metastore/metastore-server/target/tmp/junit_metastore_db), (DRDAID = null) 
[DEBUG] 2024-04-23 22:57:51.919 [main] TxnHandler - Going to execute update <DELETE FROM "TXN_COMPONENTS" WHERE "TC_DATABASE"='db_test_get_fields_1'>
[DEBUG] 2024-04-23 22:57:51.919 [main] TxnHandler - Going to rollback: 
java.sql.SQLSyntaxErrorException: Table/View 'TXN_COMPONENTS' does not exist.
	at org.apache.derby.impl.jdbc.SQLExceptionFactory.getSQLException(Unknown Source) ~[derby-10.14.1.0.jar:?]
	at org.apache.derby.impl.jdbc.Util.generateCsSQLException(Unknown Source) ~[derby-10.14.1.0.jar:?]
	at org.apache.derby.impl.jdbc.TransactionResourceImpl.wrapInSQLException(Unknown Source) ~[derby-10.14.1.0.jar:?]
	at org.apache.derby.impl.jdbc.TransactionResourceImpl.handleException(Unknown Source) ~[derby-10.14.1.0.jar:?]
	at org.apache.derby.impl.jdbc.EmbedConnection.handleException(Unknown Source) ~[derby-10.14.1.0.jar:?]
	at org.apache.derby.impl.jdbc.ConnectionChild.handleException(Unknown Source) ~[derby-10.14.1.0.jar:?]
	at org.apache.derby.impl.jdbc.EmbedStatement.execute(Unknown Source) ~[derby-10.14.1.0.jar:?]
	at org.apache.derby.impl.jdbc.EmbedStatement.executeLargeUpdate(Unknown Source) ~[derby-10.14.1.0.jar:?]
	at org.apache.derby.impl.jdbc.EmbedStatement.executeUpdate(Unknown Source) ~[derby-10.14.1.0.jar:?]
	at com.zaxxer.hikari.pool.ProxyStatement.executeUpdate(ProxyStatement.java:117) ~[HikariCP-2.6.1.jar:?]
	at com.zaxxer.hikari.pool.HikariProxyStatement.executeUpdate(HikariProxyStatement.java) ~[HikariCP-2.6.1.jar:?]
	at org.apache.hadoop.hive.metastore.txn.TxnHandler.cleanupRecords(TxnHandler.java:4190) [classes/:?]
	at org.apache.hadoop.hive.metastore.AcidEventListener.onDropDatabase(AcidEventListener.java:58) [classes/:?]
	at org.apache.hadoop.hive.metastore.MetaStoreListenerNotifier$26.notify(MetaStoreListenerNotifier.java:99) [classes/:?]
	at org.apache.hadoop.hive.metastore.MetaStoreListenerNotifier.notifyEvent(MetaStoreListenerNotifier.java:339) [classes/:?]
	at org.apache.hadoop.hive.metastore.HMSHandler.drop_database_core(HMSHandler.java:1785) [classes/:?]
	at org.apache.hadoop.hive.metastore.HMSHandler.drop_database(HMSHandler.java:1869) [classes/:?]
	at sun.reflect.NativeMethodAccessorImpl.invoke0(Native Method) ~[?:1.8.0_402]
	at sun.reflect.NativeMethodAccessorImpl.invoke(NativeMethodAccessorImpl.java:62) ~[?:1.8.0_402]
	at sun.reflect.DelegatingMethodAccessorImpl.invoke(DelegatingMethodAccessorImpl.java:43) ~[?:1.8.0_402]
	at java.lang.reflect.Method.invoke(Method.java:498) ~[?:1.8.0_402]
	at org.apache.hadoop.hive.metastore.RetryingHMSHandler.invokeInternal(RetryingHMSHandler.java:147) [classes/:?]
	at org.apache.hadoop.hive.metastore.RetryingHMSHandler.invoke(RetryingHMSHandler.java:108) [classes/:?]
	at com.sun.proxy.$Proxy35.drop_database(Unknown Source) [?:?]
	at org.apache.hadoop.hive.metastore.HiveMetaStoreClient.dropDatabaseCascadePerDb(HiveMetaStoreClient.java:1601) [classes/:?]
	at org.apache.hadoop.hive.metastore.HiveMetaStoreClient.dropDatabase(HiveMetaStoreClient.java:1532) [classes/:?]
	at org.apache.hadoop.hive.metastore.HiveMetaStoreClient.dropDatabase(HiveMetaStoreClient.java:1485) [classes/:?]
	at org.apache.hadoop.hive.metastore.TestHmsServerAuthorization.tearDown(TestHmsServerAuthorization.java:129) [test-classes/:?]
	at sun.reflect.NativeMethodAccessorImpl.invoke0(Native Method) ~[?:1.8.0_402]
	at sun.reflect.NativeMethodAccessorImpl.invoke(NativeMethodAccessorImpl.java:62) ~[?:1.8.0_402]
	at sun.reflect.DelegatingMethodAccessorImpl.invoke(DelegatingMethodAccessorImpl.java:43) ~[?:1.8.0_402]
	at java.lang.reflect.Method.invoke(Method.java:498) ~[?:1.8.0_402]
	at org.junit.runners.model.FrameworkMethod$1.runReflectiveCall(FrameworkMethod.java:59) [junit-4.13.jar:4.13]
	at org.junit.internal.runners.model.ReflectiveCallable.run(ReflectiveCallable.java:12) [junit-4.13.jar:4.13]
	at org.junit.runners.model.FrameworkMethod.invokeExplosively(FrameworkMethod.java:56) [junit-4.13.jar:4.13]
	at org.junit.internal.runners.statements.RunAfters.invokeMethod(RunAfters.java:46) [junit-4.13.jar:4.13]
	at org.junit.internal.runners.statements.RunAfters.evaluate(RunAfters.java:33) [junit-4.13.jar:4.13]
	at org.junit.runners.ParentRunner$3.evaluate(ParentRunner.java:306) [junit-4.13.jar:4.13]
	at org.junit.runners.ParentRunner.run(ParentRunner.java:413) [junit-4.13.jar:4.13]
	at org.junit.runners.Suite.runChild(Suite.java:128) [junit-4.13.jar:4.13]
	at org.junit.runners.Suite.runChild(Suite.java:27) [junit-4.13.jar:4.13]
	at org.junit.runners.ParentRunner$4.run(ParentRunner.java:331) [junit-4.13.jar:4.13]
	at org.junit.runners.ParentRunner$1.schedule(ParentRunner.java:79) [junit-4.13.jar:4.13]
	at org.junit.runners.ParentRunner.runChildren(ParentRunner.java:329) [junit-4.13.jar:4.13]
	at org.junit.runners.ParentRunner.access$100(ParentRunner.java:66) [junit-4.13.jar:4.13]
	at org.junit.runners.ParentRunner$2.evaluate(ParentRunner.java:293) [junit-4.13.jar:4.13]
	at org.junit.runners.ParentRunner$3.evaluate(ParentRunner.java:306) [junit-4.13.jar:4.13]
	at org.junit.runners.ParentRunner.run(ParentRunner.java:413) [junit-4.13.jar:4.13]
	at org.apache.maven.surefire.junitcore.JUnitCore.run(JUnitCore.java:55) [surefire-junit47-3.0.0-M4.jar:3.0.0-M4]
	at org.apache.maven.surefire.junitcore.JUnitCoreWrapper.createRequestAndRun(JUnitCoreWrapper.java:137) [surefire-junit47-3.0.0-M4.jar:3.0.0-M4]
	at org.apache.maven.surefire.junitcore.JUnitCoreWrapper.executeEager(JUnitCoreWrapper.java:107) [surefire-junit47-3.0.0-M4.jar:3.0.0-M4]
	at org.apache.maven.surefire.junitcore.JUnitCoreWrapper.execute(JUnitCoreWrapper.java:83) [surefire-junit47-3.0.0-M4.jar:3.0.0-M4]
	at org.apache.maven.surefire.junitcore.JUnitCoreWrapper.execute(JUnitCoreWrapper.java:75) [surefire-junit47-3.0.0-M4.jar:3.0.0-M4]
	at org.apache.maven.surefire.junitcore.JUnitCoreProvider.invoke(JUnitCoreProvider.java:158) [surefire-junit47-3.0.0-M4.jar:3.0.0-M4]
	at org.apache.maven.surefire.booter.ForkedBooter.runSuitesInProcess(ForkedBooter.java:377) [surefire-booter-3.0.0-M4.jar:3.0.0-M4]
	at org.apache.maven.surefire.booter.ForkedBooter.execute(ForkedBooter.java:138) [surefire-booter-3.0.0-M4.jar:3.0.0-M4]
	at org.apache.maven.surefire.booter.ForkedBooter.run(ForkedBooter.java:465) [surefire-booter-3.0.0-M4.jar:3.0.0-M4]
	at org.apache.maven.surefire.booter.ForkedBooter.main(ForkedBooter.java:451) [surefire-booter-3.0.0-M4.jar:3.0.0-M4]
Caused by: org.apache.derby.iapi.error.StandardException: Table/View 'TXN_COMPONENTS' does not exist.
	at org.apache.derby.iapi.error.StandardException.newException(Unknown Source) ~[derby-10.14.1.0.jar:?]
	at org.apache.derby.iapi.error.StandardException.newException(Unknown Source) ~[derby-10.14.1.0.jar:?]
	at org.apache.derby.impl.sql.compile.FromBaseTable.bindTableDescriptor(Unknown Source) ~[derby-10.14.1.0.jar:?]
	at org.apache.derby.impl.sql.compile.FromBaseTable.bindNonVTITables(Unknown Source) ~[derby-10.14.1.0.jar:?]
	at org.apache.derby.impl.sql.compile.FromList.bindTables(Unknown Source) ~[derby-10.14.1.0.jar:?]
	at org.apache.derby.impl.sql.compile.SelectNode.bindNonVTITables(Unknown Source) ~[derby-10.14.1.0.jar:?]
	at org.apache.derby.impl.sql.compile.DMLStatementNode.bindTables(Unknown Source) ~[derby-10.14.1.0.jar:?]
	at org.apache.derby.impl.sql.compile.DeleteNode.bindStatement(Unknown Source) ~[derby-10.14.1.0.jar:?]
	at org.apache.derby.impl.sql.GenericStatement.prepMinion(Unknown Source) ~[derby-10.14.1.0.jar:?]
	at org.apache.derby.impl.sql.GenericStatement.prepare(Unknown Source) ~[derby-10.14.1.0.jar:?]
	at org.apache.derby.impl.sql.conn.GenericLanguageConnectionContext.prepareInternalStatement(Unknown Source) ~[derby-10.14.1.0.jar:?]
	... 52 more
[INFO ] 2024-04-23 22:57:51.920 [main] TxnHandler - Non-retryable error in cleanupRecords : Table/View 'TXN_COMPONENTS' does not exist. (SQLState=42X05, ErrorCode=20000)
[WARN ] 2024-04-23 22:57:51.920 [main] TxnHandler - Cannot perform cleanup since metastore table does not exist
[DEBUG] 2024-04-23 22:57:51.920 [main] PoolBase - HikariPool-2 - Reset (autoCommit) on connection org.apache.derby.impl.jdbc.EmbedConnection@1474640235 (XID = 1025), (SESSIONID = 21), (DATABASE = memory:/home/alex/Repositories/hive/standalone-metastore/metastore-server/target/tmp/junit_metastore_db), (DRDAID = null) 
[DEBUG] 2024-04-23 22:57:51.920 [main] ObjectStore - Commit transaction: count = 0, isactive true
[DEBUG] 2024-04-23 22:57:51.921 [main] PoolBase - HikariPool-1 - Reset (autoCommit) on connection org.apache.derby.impl.jdbc.EmbedConnection@1807176280 (XID = 166), (SESSIONID = 1), (DATABASE = memory:/home/alex/Repositories/hive/standalone-metastore/metastore-server/target/tmp/junit_metastore_db), (DRDAID = null) 
[DEBUG] 2024-04-23 22:57:51.922 [main] ObjectStore - rolling back transaction: no open transactions: 0
[DEBUG] 2024-04-23 22:57:51.922 [main] HMSHandler - drop_databasetime taken(ns): 25998830
[ERROR] 2024-04-23 22:57:51.922 [main] RetryingHMSHandler - Retrying HMSHandler after 2000 ms (attempt 8 of 10) with error: javax.jdo.JDODataStoreException: Exception thrown flushing changes to datastore
	at org.datanucleus.api.jdo.NucleusJDOHelper.getJDOExceptionForNucleusException(NucleusJDOHelper.java:542)
	at org.datanucleus.api.jdo.JDOTransaction.commit(JDOTransaction.java:162)
	at org.apache.hadoop.hive.metastore.ObjectStore.commitTransaction(ObjectStore.java:615)
	at sun.reflect.NativeMethodAccessorImpl.invoke0(Native Method)
	at sun.reflect.NativeMethodAccessorImpl.invoke(NativeMethodAccessorImpl.java:62)
	at sun.reflect.DelegatingMethodAccessorImpl.invoke(DelegatingMethodAccessorImpl.java:43)
	at java.lang.reflect.Method.invoke(Method.java:498)
	at org.apache.hadoop.hive.metastore.RawStoreProxy.invoke(RawStoreProxy.java:97)
	at com.sun.proxy.$Proxy29.commitTransaction(Unknown Source)
	at org.apache.hadoop.hive.metastore.HMSHandler.drop_database_core(HMSHandler.java:1790)
	at org.apache.hadoop.hive.metastore.HMSHandler.drop_database(HMSHandler.java:1869)
	at sun.reflect.NativeMethodAccessorImpl.invoke0(Native Method)
	at sun.reflect.NativeMethodAccessorImpl.invoke(NativeMethodAccessorImpl.java:62)
	at sun.reflect.DelegatingMethodAccessorImpl.invoke(DelegatingMethodAccessorImpl.java:43)
	at java.lang.reflect.Method.invoke(Method.java:498)
	at org.apache.hadoop.hive.metastore.RetryingHMSHandler.invokeInternal(RetryingHMSHandler.java:147)
	at org.apache.hadoop.hive.metastore.RetryingHMSHandler.invoke(RetryingHMSHandler.java:108)
	at com.sun.proxy.$Proxy35.drop_database(Unknown Source)
	at org.apache.hadoop.hive.metastore.HiveMetaStoreClient.dropDatabaseCascadePerDb(HiveMetaStoreClient.java:1601)
	at org.apache.hadoop.hive.metastore.HiveMetaStoreClient.dropDatabase(HiveMetaStoreClient.java:1532)
	at org.apache.hadoop.hive.metastore.HiveMetaStoreClient.dropDatabase(HiveMetaStoreClient.java:1485)
	at org.apache.hadoop.hive.metastore.TestHmsServerAuthorization.tearDown(TestHmsServerAuthorization.java:129)
	at sun.reflect.NativeMethodAccessorImpl.invoke0(Native Method)
	at sun.reflect.NativeMethodAccessorImpl.invoke(NativeMethodAccessorImpl.java:62)
	at sun.reflect.DelegatingMethodAccessorImpl.invoke(DelegatingMethodAccessorImpl.java:43)
	at java.lang.reflect.Method.invoke(Method.java:498)
	at org.junit.runners.model.FrameworkMethod$1.runReflectiveCall(FrameworkMethod.java:59)
	at org.junit.internal.runners.model.ReflectiveCallable.run(ReflectiveCallable.java:12)
	at org.junit.runners.model.FrameworkMethod.invokeExplosively(FrameworkMethod.java:56)
	at org.junit.internal.runners.statements.RunAfters.invokeMethod(RunAfters.java:46)
	at org.junit.internal.runners.statements.RunAfters.evaluate(RunAfters.java:33)
	at org.junit.runners.ParentRunner$3.evaluate(ParentRunner.java:306)
	at org.junit.runners.ParentRunner.run(ParentRunner.java:413)
	at org.junit.runners.Suite.runChild(Suite.java:128)
	at org.junit.runners.Suite.runChild(Suite.java:27)
	at org.junit.runners.ParentRunner$4.run(ParentRunner.java:331)
	at org.junit.runners.ParentRunner$1.schedule(ParentRunner.java:79)
	at org.junit.runners.ParentRunner.runChildren(ParentRunner.java:329)
	at org.junit.runners.ParentRunner.access$100(ParentRunner.java:66)
	at org.junit.runners.ParentRunner$2.evaluate(ParentRunner.java:293)
	at org.junit.runners.ParentRunner$3.evaluate(ParentRunner.java:306)
	at org.junit.runners.ParentRunner.run(ParentRunner.java:413)
	at org.apache.maven.surefire.junitcore.JUnitCore.run(JUnitCore.java:55)
	at org.apache.maven.surefire.junitcore.JUnitCoreWrapper.createRequestAndRun(JUnitCoreWrapper.java:137)
	at org.apache.maven.surefire.junitcore.JUnitCoreWrapper.executeEager(JUnitCoreWrapper.java:107)
	at org.apache.maven.surefire.junitcore.JUnitCoreWrapper.execute(JUnitCoreWrapper.java:83)
	at org.apache.maven.surefire.junitcore.JUnitCoreWrapper.execute(JUnitCoreWrapper.java:75)
	at org.apache.maven.surefire.junitcore.JUnitCoreProvider.invoke(JUnitCoreProvider.java:158)
	at org.apache.maven.surefire.booter.ForkedBooter.runSuitesInProcess(ForkedBooter.java:377)
	at org.apache.maven.surefire.booter.ForkedBooter.execute(ForkedBooter.java:138)
	at org.apache.maven.surefire.booter.ForkedBooter.run(ForkedBooter.java:465)
	at org.apache.maven.surefire.booter.ForkedBooter.main(ForkedBooter.java:451)
NestedThrowablesStackTrace:
java.sql.BatchUpdateException: DELETE on table 'DBS' caused a violation of foreign key constraint 'TBLS_FK1' for key (2).  The statement has been rolled back.
	at org.apache.derby.impl.jdbc.EmbedStatement.executeLargeBatch(Unknown Source)
	at org.apache.derby.impl.jdbc.EmbedStatement.executeBatch(Unknown Source)
	at com.zaxxer.hikari.pool.ProxyStatement.executeBatch(ProxyStatement.java:125)
	at com.zaxxer.hikari.pool.HikariProxyPreparedStatement.executeBatch(HikariProxyPreparedStatement.java)
	at org.datanucleus.store.rdbms.ParamLoggingPreparedStatement.executeBatch(ParamLoggingPreparedStatement.java:366)
	at org.datanucleus.store.rdbms.SQLController.processConnectionStatement(SQLController.java:675)
	at org.datanucleus.store.rdbms.SQLController.processStatementsForConnection(SQLController.java:643)
	at org.datanucleus.store.rdbms.SQLController$1.transactionFlushed(SQLController.java:729)
	at org.datanucleus.store.connection.AbstractManagedConnection.transactionFlushed(AbstractManagedConnection.java:95)
	at org.datanucleus.store.connection.ConnectionManagerImpl$2.transactionFlushed(ConnectionManagerImpl.java:528)
	at org.datanucleus.TransactionImpl.flush(TransactionImpl.java:222)
	at org.datanucleus.TransactionImpl.commit(TransactionImpl.java:286)
	at org.datanucleus.api.jdo.JDOTransaction.commit(JDOTransaction.java:99)
	at org.apache.hadoop.hive.metastore.ObjectStore.commitTransaction(ObjectStore.java:615)
	at sun.reflect.NativeMethodAccessorImpl.invoke0(Native Method)
	at sun.reflect.NativeMethodAccessorImpl.invoke(NativeMethodAccessorImpl.java:62)
	at sun.reflect.DelegatingMethodAccessorImpl.invoke(DelegatingMethodAccessorImpl.java:43)
	at java.lang.reflect.Method.invoke(Method.java:498)
	at org.apache.hadoop.hive.metastore.RawStoreProxy.invoke(RawStoreProxy.java:97)
	at com.sun.proxy.$Proxy29.commitTransaction(Unknown Source)
	at org.apache.hadoop.hive.metastore.HMSHandler.drop_database_core(HMSHandler.java:1790)
	at org.apache.hadoop.hive.metastore.HMSHandler.drop_database(HMSHandler.java:1869)
	at sun.reflect.NativeMethodAccessorImpl.invoke0(Native Method)
	at sun.reflect.NativeMethodAccessorImpl.invoke(NativeMethodAccessorImpl.java:62)
	at sun.reflect.DelegatingMethodAccessorImpl.invoke(DelegatingMethodAccessorImpl.java:43)
	at java.lang.reflect.Method.invoke(Method.java:498)
	at org.apache.hadoop.hive.metastore.RetryingHMSHandler.invokeInternal(RetryingHMSHandler.java:147)
	at org.apache.hadoop.hive.metastore.RetryingHMSHandler.invoke(RetryingHMSHandler.java:108)
	at com.sun.proxy.$Proxy35.drop_database(Unknown Source)
	at org.apache.hadoop.hive.metastore.HiveMetaStoreClient.dropDatabaseCascadePerDb(HiveMetaStoreClient.java:1601)
	at org.apache.hadoop.hive.metastore.HiveMetaStoreClient.dropDatabase(HiveMetaStoreClient.java:1532)
	at org.apache.hadoop.hive.metastore.HiveMetaStoreClient.dropDatabase(HiveMetaStoreClient.java:1485)
	at org.apache.hadoop.hive.metastore.TestHmsServerAuthorization.tearDown(TestHmsServerAuthorization.java:129)
	at sun.reflect.NativeMethodAccessorImpl.invoke0(Native Method)
	at sun.reflect.NativeMethodAccessorImpl.invoke(NativeMethodAccessorImpl.java:62)
	at sun.reflect.DelegatingMethodAccessorImpl.invoke(DelegatingMethodAccessorImpl.java:43)
	at java.lang.reflect.Method.invoke(Method.java:498)
	at org.junit.runners.model.FrameworkMethod$1.runReflectiveCall(FrameworkMethod.java:59)
	at org.junit.internal.runners.model.ReflectiveCallable.run(ReflectiveCallable.java:12)
	at org.junit.runners.model.FrameworkMethod.invokeExplosively(FrameworkMethod.java:56)
	at org.junit.internal.runners.statements.RunAfters.invokeMethod(RunAfters.java:46)
	at org.junit.internal.runners.statements.RunAfters.evaluate(RunAfters.java:33)
	at org.junit.runners.ParentRunner$3.evaluate(ParentRunner.java:306)
	at org.junit.runners.ParentRunner.run(ParentRunner.java:413)
	at org.junit.runners.Suite.runChild(Suite.java:128)
	at org.junit.runners.Suite.runChild(Suite.java:27)
	at org.junit.runners.ParentRunner$4.run(ParentRunner.java:331)
	at org.junit.runners.ParentRunner$1.schedule(ParentRunner.java:79)
	at org.junit.runners.ParentRunner.runChildren(ParentRunner.java:329)
	at org.junit.runners.ParentRunner.access$100(ParentRunner.java:66)
	at org.junit.runners.ParentRunner$2.evaluate(ParentRunner.java:293)
	at org.junit.runners.ParentRunner$3.evaluate(ParentRunner.java:306)
	at org.junit.runners.ParentRunner.run(ParentRunner.java:413)
	at org.apache.maven.surefire.junitcore.JUnitCore.run(JUnitCore.java:55)
	at org.apache.maven.surefire.junitcore.JUnitCoreWrapper.createRequestAndRun(JUnitCoreWrapper.java:137)
	at org.apache.maven.surefire.junitcore.JUnitCoreWrapper.executeEager(JUnitCoreWrapper.java:107)
	at org.apache.maven.surefire.junitcore.JUnitCoreWrapper.execute(JUnitCoreWrapper.java:83)
	at org.apache.maven.surefire.junitcore.JUnitCoreWrapper.execute(JUnitCoreWrapper.java:75)
	at org.apache.maven.surefire.junitcore.JUnitCoreProvider.invoke(JUnitCoreProvider.java:158)
	at org.apache.maven.surefire.booter.ForkedBooter.runSuitesInProcess(ForkedBooter.java:377)
	at org.apache.maven.surefire.booter.ForkedBooter.execute(ForkedBooter.java:138)
	at org.apache.maven.surefire.booter.ForkedBooter.run(ForkedBooter.java:465)
	at org.apache.maven.surefire.booter.ForkedBooter.main(ForkedBooter.java:451)
Caused by: org.apache.derby.shared.common.error.DerbySQLIntegrityConstraintViolationException: DELETE on table 'DBS' caused a violation of foreign key constraint 'TBLS_FK1' for key (2).  The statement has been rolled back.
	at org.apache.derby.impl.jdbc.SQLExceptionFactory.getSQLException(Unknown Source)
	at org.apache.derby.impl.jdbc.Util.generateCsSQLException(Unknown Source)
	at org.apache.derby.impl.jdbc.TransactionResourceImpl.wrapInSQLException(Unknown Source)
	at org.apache.derby.impl.jdbc.TransactionResourceImpl.handleException(Unknown Source)
	at org.apache.derby.impl.jdbc.EmbedConnection.handleException(Unknown Source)
	at org.apache.derby.impl.jdbc.ConnectionChild.handleException(Unknown Source)
	at org.apache.derby.impl.jdbc.EmbedStatement.executeStatement(Unknown Source)
	at org.apache.derby.impl.jdbc.EmbedPreparedStatement.executeBatchElement(Unknown Source)
	... 63 more
Caused by: ERROR 23503: DELETE on table 'DBS' caused a violation of foreign key constraint 'TBLS_FK1' for key (2).  The statement has been rolled back.
	at org.apache.derby.iapi.error.StandardException.newException(Unknown Source)
	at org.apache.derby.iapi.error.StandardException.newException(Unknown Source)
	at org.apache.derby.impl.sql.execute.ReferencedKeyRIChecker.doCheck(Unknown Source)
	at org.apache.derby.impl.sql.execute.RISetChecker.doPKCheck(Unknown Source)
	at org.apache.derby.impl.sql.execute.DeleteResultSet.collectAffectedRows(Unknown Source)
	at org.apache.derby.impl.sql.execute.DeleteResultSet.open(Unknown Source)
	at org.apache.derby.impl.sql.GenericPreparedStatement.executeStmt(Unknown Source)
	at org.apache.derby.impl.sql.GenericPreparedStatement.execute(Unknown Source)
	... 65 more

[DEBUG] 2024-04-23 22:57:53.923 [main] HMSHandler - 0: drop_database: @hive#db_test_get_fields_1
[INFO ] 2024-04-23 22:57:53.923 [main] audit - ugi=alex	ip=unknown-ip-addr	cmd=drop_database: @hive#db_test_get_fields_1	
[DEBUG] 2024-04-23 22:57:53.924 [main] ObjectStore - Open transaction: count = 1, isActive = true
[DEBUG] 2024-04-23 22:57:53.925 [main] ObjectStore - Open transaction: count = 2, isActive = true
[DEBUG] 2024-04-23 22:57:53.929 [main] MetaStoreDirectSql - getDatabase: directsql returning db db_test_get_fields_1 locn[file:/home/alex/Repositories/hive/standalone-metastore/metastore-server/target/external/db_test_get_fields_1.db] desc [null] owner [alex] ownertype [USER]
[DEBUG] 2024-04-23 22:57:53.930 [main] ObjectStore - Using direct SQL optimization.
[DEBUG] 2024-04-23 22:57:53.931 [main] ObjectStore - Commit transaction: count = 1, isactive true
[DEBUG] 2024-04-23 22:57:53.931 [main] ObjectStore - db details for db db_test_get_fields_1 retrieved using SQL in 6.079114ms
[DEBUG] 2024-04-23 22:57:53.931 [main] HMSHandler - 0: get_all_tables: db=@hive#db_test_get_fields_1
[INFO ] 2024-04-23 22:57:53.931 [main] audit - ugi=alex	ip=unknown-ip-addr	cmd=get_all_tables: db=@hive#db_test_get_fields_1	
[DEBUG] 2024-04-23 22:57:53.932 [main] ObjectStore - Open transaction: count = 2, isActive = true
[DEBUG] 2024-04-23 22:57:53.933 [main] ObjectStore - Using direct SQL optimization.
[DEBUG] 2024-04-23 22:57:53.933 [main] ObjectStore - Commit transaction: count = 1, isactive true
[DEBUG] 2024-04-23 22:57:53.933 [main] ObjectStore - 2 entries retrieved using SQL in 1.389525ms
[DEBUG] 2024-04-23 22:57:53.933 [main] HMSHandler - get_all_tablestime taken(ns): 1802041
[DEBUG] 2024-04-23 22:57:53.933 [main] HMSHandler - 0: get_functions: db=@hive#db_test_get_fields_1 pat=*
[INFO ] 2024-04-23 22:57:53.933 [main] audit - ugi=alex	ip=unknown-ip-addr	cmd=get_functions: db=@hive#db_test_get_fields_1 pat=*	
[DEBUG] 2024-04-23 22:57:53.934 [main] ObjectStore - Open transaction: count = 2, isActive = true
[DEBUG] 2024-04-23 22:57:53.936 [main] ObjectStore - Commit transaction: count = 1, isactive true
[DEBUG] 2024-04-23 22:57:53.936 [main] HMSHandler - get_functionstime taken(ns): 2291081
[DEBUG] 2024-04-23 22:57:53.936 [main] HMSHandler - 0: get_all_stored_procedures
[INFO ] 2024-04-23 22:57:53.936 [main] audit - ugi=alex	ip=unknown-ip-addr	cmd=get_all_stored_procedures	
[DEBUG] 2024-04-23 22:57:53.936 [main] ObjectStore - Open transaction: count = 2, isActive = true
[DEBUG] 2024-04-23 22:57:53.937 [main] ObjectStore - Commit transaction: count = 1, isactive true
[DEBUG] 2024-04-23 22:57:53.938 [main] HMSHandler - get_all_stored_procedurestime taken(ns): 1382683
[DEBUG] 2024-04-23 22:57:53.938 [main] HMSHandler - 0: get_all_packages
[INFO ] 2024-04-23 22:57:53.945 [main] audit - ugi=alex	ip=unknown-ip-addr	cmd=get_all_packages	
[DEBUG] 2024-04-23 22:57:53.947 [main] ObjectStore - Open transaction: count = 2, isActive = true
[DEBUG] 2024-04-23 22:57:53.949 [main] ObjectStore - Commit transaction: count = 1, isactive true
[DEBUG] 2024-04-23 22:57:53.949 [main] HMSHandler - get_all_packagestime taken(ns): 2890840
[DEBUG] 2024-04-23 22:57:53.950 [main] HMSHandler - 0: getTablesByTypeCore: catName=hive: db=db_test_get_fields_1 pat=.*,type=MATERIALIZED_VIEW
[INFO ] 2024-04-23 22:57:53.950 [main] audit - ugi=alex	ip=unknown-ip-addr	cmd=getTablesByTypeCore: catName=hive: db=db_test_get_fields_1 pat=.*,type=MATERIALIZED_VIEW	
[DEBUG] 2024-04-23 22:57:53.950 [main] ObjectStore - Open transaction: count = 2, isActive = true
[DEBUG] 2024-04-23 22:57:53.951 [main] MetaStoreDirectSql - getDatabase: directsql returning db db_test_get_fields_1 locn[file:/home/alex/Repositories/hive/standalone-metastore/metastore-server/target/external/db_test_get_fields_1.db] desc [null] owner [alex] ownertype [USER]
[DEBUG] 2024-04-23 22:57:53.952 [main] ObjectStore - Using direct SQL optimization.
[DEBUG] 2024-04-23 22:57:53.952 [main] ObjectStore - Commit transaction: count = 1, isactive true
[DEBUG] 2024-04-23 22:57:53.952 [main] ObjectStore - db details for db db_test_get_fields_1 retrieved using SQL in 1.785754ms
[DEBUG] 2024-04-23 22:57:53.952 [main] ObjectStore - Open transaction: count = 2, isActive = true
[DEBUG] 2024-04-23 22:57:53.953 [main] ObjectStore - Using direct SQL optimization.
[DEBUG] 2024-04-23 22:57:53.953 [main] ObjectStore - Commit transaction: count = 1, isactive true
[DEBUG] 2024-04-23 22:57:53.953 [main] ObjectStore - 0 entries retrieved using SQL in 1.030028ms
[DEBUG] 2024-04-23 22:57:53.953 [main] HMSHandler - getTablesByTypeCoretime taken(ns): 3031409
[DEBUG] 2024-04-23 22:57:53.953 [main] ObjectStore - Open transaction: count = 2, isActive = true
[DEBUG] 2024-04-23 22:57:53.954 [main] ObjectStore - Open transaction: count = 3, isActive = true
[DEBUG] 2024-04-23 22:57:53.955 [main] MetaStoreDirectSql - getDatabase: directsql returning db db_test_get_fields_1 locn[file:/home/alex/Repositories/hive/standalone-metastore/metastore-server/target/external/db_test_get_fields_1.db] desc [null] owner [alex] ownertype [USER]
[DEBUG] 2024-04-23 22:57:53.956 [main] ObjectStore - Using direct SQL optimization.
[DEBUG] 2024-04-23 22:57:53.956 [main] ObjectStore - Commit transaction: count = 2, isactive true
[DEBUG] 2024-04-23 22:57:53.956 [main] ObjectStore - db details for db db_test_get_fields_1 retrieved using SQL in 1.427892ms
[DEBUG] 2024-04-23 22:57:53.956 [main] ObjectStore - Commit transaction: count = 1, isactive true
[INFO ] 2024-04-23 22:57:53.956 [main] ObjectStore - Dropping database hive.db_test_get_fields_1 along with all tables
[DEBUG] 2024-04-23 22:57:53.956 [main] ObjectStore - Open transaction: count = 2, isActive = true
[DEBUG] 2024-04-23 22:57:53.956 [main] ObjectStore - Open transaction: count = 3, isActive = true
[DEBUG] 2024-04-23 22:57:53.958 [main] ObjectStore - Commit transaction: count = 2, isactive true
[DEBUG] 2024-04-23 22:57:53.958 [main] ObjectStore - Executing listDatabaseGrants
[DEBUG] 2024-04-23 22:57:53.959 [main] ObjectStore - Done retrieving all objects for listDatabaseGrants: []
[DEBUG] 2024-04-23 22:57:53.959 [main] ObjectStore - Commit transaction: count = 1, isactive true
[DEBUG] 2024-04-23 22:57:53.960 [main] TxnHandler - Catching sql exception in min history level check
java.sql.SQLSyntaxErrorException: Table/View 'MIN_HISTORY_LEVEL' does not exist.
	at org.apache.derby.impl.jdbc.SQLExceptionFactory.getSQLException(Unknown Source) ~[derby-10.14.1.0.jar:?]
	at org.apache.derby.impl.jdbc.Util.generateCsSQLException(Unknown Source) ~[derby-10.14.1.0.jar:?]
	at org.apache.derby.impl.jdbc.TransactionResourceImpl.wrapInSQLException(Unknown Source) ~[derby-10.14.1.0.jar:?]
	at org.apache.derby.impl.jdbc.TransactionResourceImpl.handleException(Unknown Source) ~[derby-10.14.1.0.jar:?]
	at org.apache.derby.impl.jdbc.EmbedConnection.handleException(Unknown Source) ~[derby-10.14.1.0.jar:?]
	at org.apache.derby.impl.jdbc.ConnectionChild.handleException(Unknown Source) ~[derby-10.14.1.0.jar:?]
	at org.apache.derby.impl.jdbc.EmbedStatement.execute(Unknown Source) ~[derby-10.14.1.0.jar:?]
	at org.apache.derby.impl.jdbc.EmbedStatement.executeQuery(Unknown Source) ~[derby-10.14.1.0.jar:?]
	at com.zaxxer.hikari.pool.ProxyStatement.executeQuery(ProxyStatement.java:108) ~[HikariCP-2.6.1.jar:?]
	at com.zaxxer.hikari.pool.HikariProxyStatement.executeQuery(HikariProxyStatement.java) ~[HikariCP-2.6.1.jar:?]
	at org.apache.hadoop.hive.metastore.txn.TxnHandler.checkMinHistoryLevelTable(TxnHandler.java:456) [classes/:?]
	at org.apache.hadoop.hive.metastore.txn.TxnHandler.setConf(TxnHandler.java:422) [classes/:?]
	at org.apache.hadoop.hive.metastore.txn.TxnUtils.getTxnStore(TxnUtils.java:124) [classes/:?]
	at org.apache.hadoop.hive.metastore.AcidEventListener.getTxnHandler(AcidEventListener.java:136) [classes/:?]
	at org.apache.hadoop.hive.metastore.AcidEventListener.onDropDatabase(AcidEventListener.java:57) [classes/:?]
	at org.apache.hadoop.hive.metastore.MetaStoreListenerNotifier$26.notify(MetaStoreListenerNotifier.java:99) [classes/:?]
	at org.apache.hadoop.hive.metastore.MetaStoreListenerNotifier.notifyEvent(MetaStoreListenerNotifier.java:339) [classes/:?]
	at org.apache.hadoop.hive.metastore.HMSHandler.drop_database_core(HMSHandler.java:1785) [classes/:?]
	at org.apache.hadoop.hive.metastore.HMSHandler.drop_database(HMSHandler.java:1869) [classes/:?]
	at sun.reflect.NativeMethodAccessorImpl.invoke0(Native Method) ~[?:1.8.0_402]
	at sun.reflect.NativeMethodAccessorImpl.invoke(NativeMethodAccessorImpl.java:62) ~[?:1.8.0_402]
	at sun.reflect.DelegatingMethodAccessorImpl.invoke(DelegatingMethodAccessorImpl.java:43) ~[?:1.8.0_402]
	at java.lang.reflect.Method.invoke(Method.java:498) ~[?:1.8.0_402]
	at org.apache.hadoop.hive.metastore.RetryingHMSHandler.invokeInternal(RetryingHMSHandler.java:147) [classes/:?]
	at org.apache.hadoop.hive.metastore.RetryingHMSHandler.invoke(RetryingHMSHandler.java:108) [classes/:?]
	at com.sun.proxy.$Proxy35.drop_database(Unknown Source) [?:?]
	at org.apache.hadoop.hive.metastore.HiveMetaStoreClient.dropDatabaseCascadePerDb(HiveMetaStoreClient.java:1601) [classes/:?]
	at org.apache.hadoop.hive.metastore.HiveMetaStoreClient.dropDatabase(HiveMetaStoreClient.java:1532) [classes/:?]
	at org.apache.hadoop.hive.metastore.HiveMetaStoreClient.dropDatabase(HiveMetaStoreClient.java:1485) [classes/:?]
	at org.apache.hadoop.hive.metastore.TestHmsServerAuthorization.tearDown(TestHmsServerAuthorization.java:129) [test-classes/:?]
	at sun.reflect.NativeMethodAccessorImpl.invoke0(Native Method) ~[?:1.8.0_402]
	at sun.reflect.NativeMethodAccessorImpl.invoke(NativeMethodAccessorImpl.java:62) ~[?:1.8.0_402]
	at sun.reflect.DelegatingMethodAccessorImpl.invoke(DelegatingMethodAccessorImpl.java:43) ~[?:1.8.0_402]
	at java.lang.reflect.Method.invoke(Method.java:498) ~[?:1.8.0_402]
	at org.junit.runners.model.FrameworkMethod$1.runReflectiveCall(FrameworkMethod.java:59) [junit-4.13.jar:4.13]
	at org.junit.internal.runners.model.ReflectiveCallable.run(ReflectiveCallable.java:12) [junit-4.13.jar:4.13]
	at org.junit.runners.model.FrameworkMethod.invokeExplosively(FrameworkMethod.java:56) [junit-4.13.jar:4.13]
	at org.junit.internal.runners.statements.RunAfters.invokeMethod(RunAfters.java:46) [junit-4.13.jar:4.13]
	at org.junit.internal.runners.statements.RunAfters.evaluate(RunAfters.java:33) [junit-4.13.jar:4.13]
	at org.junit.runners.ParentRunner$3.evaluate(ParentRunner.java:306) [junit-4.13.jar:4.13]
	at org.junit.runners.ParentRunner.run(ParentRunner.java:413) [junit-4.13.jar:4.13]
	at org.junit.runners.Suite.runChild(Suite.java:128) [junit-4.13.jar:4.13]
	at org.junit.runners.Suite.runChild(Suite.java:27) [junit-4.13.jar:4.13]
	at org.junit.runners.ParentRunner$4.run(ParentRunner.java:331) [junit-4.13.jar:4.13]
	at org.junit.runners.ParentRunner$1.schedule(ParentRunner.java:79) [junit-4.13.jar:4.13]
	at org.junit.runners.ParentRunner.runChildren(ParentRunner.java:329) [junit-4.13.jar:4.13]
	at org.junit.runners.ParentRunner.access$100(ParentRunner.java:66) [junit-4.13.jar:4.13]
	at org.junit.runners.ParentRunner$2.evaluate(ParentRunner.java:293) [junit-4.13.jar:4.13]
	at org.junit.runners.ParentRunner$3.evaluate(ParentRunner.java:306) [junit-4.13.jar:4.13]
	at org.junit.runners.ParentRunner.run(ParentRunner.java:413) [junit-4.13.jar:4.13]
	at org.apache.maven.surefire.junitcore.JUnitCore.run(JUnitCore.java:55) [surefire-junit47-3.0.0-M4.jar:3.0.0-M4]
	at org.apache.maven.surefire.junitcore.JUnitCoreWrapper.createRequestAndRun(JUnitCoreWrapper.java:137) [surefire-junit47-3.0.0-M4.jar:3.0.0-M4]
	at org.apache.maven.surefire.junitcore.JUnitCoreWrapper.executeEager(JUnitCoreWrapper.java:107) [surefire-junit47-3.0.0-M4.jar:3.0.0-M4]
	at org.apache.maven.surefire.junitcore.JUnitCoreWrapper.execute(JUnitCoreWrapper.java:83) [surefire-junit47-3.0.0-M4.jar:3.0.0-M4]
	at org.apache.maven.surefire.junitcore.JUnitCoreWrapper.execute(JUnitCoreWrapper.java:75) [surefire-junit47-3.0.0-M4.jar:3.0.0-M4]
	at org.apache.maven.surefire.junitcore.JUnitCoreProvider.invoke(JUnitCoreProvider.java:158) [surefire-junit47-3.0.0-M4.jar:3.0.0-M4]
	at org.apache.maven.surefire.booter.ForkedBooter.runSuitesInProcess(ForkedBooter.java:377) [surefire-booter-3.0.0-M4.jar:3.0.0-M4]
	at org.apache.maven.surefire.booter.ForkedBooter.execute(ForkedBooter.java:138) [surefire-booter-3.0.0-M4.jar:3.0.0-M4]
	at org.apache.maven.surefire.booter.ForkedBooter.run(ForkedBooter.java:465) [surefire-booter-3.0.0-M4.jar:3.0.0-M4]
	at org.apache.maven.surefire.booter.ForkedBooter.main(ForkedBooter.java:451) [surefire-booter-3.0.0-M4.jar:3.0.0-M4]
Caused by: org.apache.derby.iapi.error.StandardException: Table/View 'MIN_HISTORY_LEVEL' does not exist.
	at org.apache.derby.iapi.error.StandardException.newException(Unknown Source) ~[derby-10.14.1.0.jar:?]
	at org.apache.derby.iapi.error.StandardException.newException(Unknown Source) ~[derby-10.14.1.0.jar:?]
	at org.apache.derby.impl.sql.compile.FromBaseTable.bindTableDescriptor(Unknown Source) ~[derby-10.14.1.0.jar:?]
	at org.apache.derby.impl.sql.compile.FromBaseTable.bindNonVTITables(Unknown Source) ~[derby-10.14.1.0.jar:?]
	at org.apache.derby.impl.sql.compile.FromList.bindTables(Unknown Source) ~[derby-10.14.1.0.jar:?]
	at org.apache.derby.impl.sql.compile.SelectNode.bindNonVTITables(Unknown Source) ~[derby-10.14.1.0.jar:?]
	at org.apache.derby.impl.sql.compile.DMLStatementNode.bindTables(Unknown Source) ~[derby-10.14.1.0.jar:?]
	at org.apache.derby.impl.sql.compile.DMLStatementNode.bind(Unknown Source) ~[derby-10.14.1.0.jar:?]
	at org.apache.derby.impl.sql.compile.CursorNode.bindStatement(Unknown Source) ~[derby-10.14.1.0.jar:?]
	at org.apache.derby.impl.sql.GenericStatement.prepMinion(Unknown Source) ~[derby-10.14.1.0.jar:?]
	at org.apache.derby.impl.sql.GenericStatement.prepare(Unknown Source) ~[derby-10.14.1.0.jar:?]
	at org.apache.derby.impl.sql.conn.GenericLanguageConnectionContext.prepareInternalStatement(Unknown Source) ~[derby-10.14.1.0.jar:?]
	... 54 more
[DEBUG] 2024-04-23 22:57:53.961 [main] ProxyConnection - HikariPool-2 - Executed rollback on connection org.apache.derby.impl.jdbc.EmbedConnection@1474640235 (XID = 1025), (SESSIONID = 21), (DATABASE = memory:/home/alex/Repositories/hive/standalone-metastore/metastore-server/target/tmp/junit_metastore_db), (DRDAID = null)  due to dirty commit state on close().
[DEBUG] 2024-04-23 22:57:53.961 [main] PoolBase - HikariPool-2 - Reset (autoCommit) on connection org.apache.derby.impl.jdbc.EmbedConnection@1474640235 (XID = 1025), (SESSIONID = 21), (DATABASE = memory:/home/alex/Repositories/hive/standalone-metastore/metastore-server/target/tmp/junit_metastore_db), (DRDAID = null) 
[DEBUG] 2024-04-23 22:57:53.961 [main] TxnHandler - Going to execute update <DELETE FROM "TXN_COMPONENTS" WHERE "TC_DATABASE"='db_test_get_fields_1'>
[DEBUG] 2024-04-23 22:57:53.961 [main] TxnHandler - Going to rollback: 
java.sql.SQLSyntaxErrorException: Table/View 'TXN_COMPONENTS' does not exist.
	at org.apache.derby.impl.jdbc.SQLExceptionFactory.getSQLException(Unknown Source) ~[derby-10.14.1.0.jar:?]
	at org.apache.derby.impl.jdbc.Util.generateCsSQLException(Unknown Source) ~[derby-10.14.1.0.jar:?]
	at org.apache.derby.impl.jdbc.TransactionResourceImpl.wrapInSQLException(Unknown Source) ~[derby-10.14.1.0.jar:?]
	at org.apache.derby.impl.jdbc.TransactionResourceImpl.handleException(Unknown Source) ~[derby-10.14.1.0.jar:?]
	at org.apache.derby.impl.jdbc.EmbedConnection.handleException(Unknown Source) ~[derby-10.14.1.0.jar:?]
	at org.apache.derby.impl.jdbc.ConnectionChild.handleException(Unknown Source) ~[derby-10.14.1.0.jar:?]
	at org.apache.derby.impl.jdbc.EmbedStatement.execute(Unknown Source) ~[derby-10.14.1.0.jar:?]
	at org.apache.derby.impl.jdbc.EmbedStatement.executeLargeUpdate(Unknown Source) ~[derby-10.14.1.0.jar:?]
	at org.apache.derby.impl.jdbc.EmbedStatement.executeUpdate(Unknown Source) ~[derby-10.14.1.0.jar:?]
	at com.zaxxer.hikari.pool.ProxyStatement.executeUpdate(ProxyStatement.java:117) ~[HikariCP-2.6.1.jar:?]
	at com.zaxxer.hikari.pool.HikariProxyStatement.executeUpdate(HikariProxyStatement.java) ~[HikariCP-2.6.1.jar:?]
	at org.apache.hadoop.hive.metastore.txn.TxnHandler.cleanupRecords(TxnHandler.java:4190) [classes/:?]
	at org.apache.hadoop.hive.metastore.AcidEventListener.onDropDatabase(AcidEventListener.java:58) [classes/:?]
	at org.apache.hadoop.hive.metastore.MetaStoreListenerNotifier$26.notify(MetaStoreListenerNotifier.java:99) [classes/:?]
	at org.apache.hadoop.hive.metastore.MetaStoreListenerNotifier.notifyEvent(MetaStoreListenerNotifier.java:339) [classes/:?]
	at org.apache.hadoop.hive.metastore.HMSHandler.drop_database_core(HMSHandler.java:1785) [classes/:?]
	at org.apache.hadoop.hive.metastore.HMSHandler.drop_database(HMSHandler.java:1869) [classes/:?]
	at sun.reflect.NativeMethodAccessorImpl.invoke0(Native Method) ~[?:1.8.0_402]
	at sun.reflect.NativeMethodAccessorImpl.invoke(NativeMethodAccessorImpl.java:62) ~[?:1.8.0_402]
	at sun.reflect.DelegatingMethodAccessorImpl.invoke(DelegatingMethodAccessorImpl.java:43) ~[?:1.8.0_402]
	at java.lang.reflect.Method.invoke(Method.java:498) ~[?:1.8.0_402]
	at org.apache.hadoop.hive.metastore.RetryingHMSHandler.invokeInternal(RetryingHMSHandler.java:147) [classes/:?]
	at org.apache.hadoop.hive.metastore.RetryingHMSHandler.invoke(RetryingHMSHandler.java:108) [classes/:?]
	at com.sun.proxy.$Proxy35.drop_database(Unknown Source) [?:?]
	at org.apache.hadoop.hive.metastore.HiveMetaStoreClient.dropDatabaseCascadePerDb(HiveMetaStoreClient.java:1601) [classes/:?]
	at org.apache.hadoop.hive.metastore.HiveMetaStoreClient.dropDatabase(HiveMetaStoreClient.java:1532) [classes/:?]
	at org.apache.hadoop.hive.metastore.HiveMetaStoreClient.dropDatabase(HiveMetaStoreClient.java:1485) [classes/:?]
	at org.apache.hadoop.hive.metastore.TestHmsServerAuthorization.tearDown(TestHmsServerAuthorization.java:129) [test-classes/:?]
	at sun.reflect.NativeMethodAccessorImpl.invoke0(Native Method) ~[?:1.8.0_402]
	at sun.reflect.NativeMethodAccessorImpl.invoke(NativeMethodAccessorImpl.java:62) ~[?:1.8.0_402]
	at sun.reflect.DelegatingMethodAccessorImpl.invoke(DelegatingMethodAccessorImpl.java:43) ~[?:1.8.0_402]
	at java.lang.reflect.Method.invoke(Method.java:498) ~[?:1.8.0_402]
	at org.junit.runners.model.FrameworkMethod$1.runReflectiveCall(FrameworkMethod.java:59) [junit-4.13.jar:4.13]
	at org.junit.internal.runners.model.ReflectiveCallable.run(ReflectiveCallable.java:12) [junit-4.13.jar:4.13]
	at org.junit.runners.model.FrameworkMethod.invokeExplosively(FrameworkMethod.java:56) [junit-4.13.jar:4.13]
	at org.junit.internal.runners.statements.RunAfters.invokeMethod(RunAfters.java:46) [junit-4.13.jar:4.13]
	at org.junit.internal.runners.statements.RunAfters.evaluate(RunAfters.java:33) [junit-4.13.jar:4.13]
	at org.junit.runners.ParentRunner$3.evaluate(ParentRunner.java:306) [junit-4.13.jar:4.13]
	at org.junit.runners.ParentRunner.run(ParentRunner.java:413) [junit-4.13.jar:4.13]
	at org.junit.runners.Suite.runChild(Suite.java:128) [junit-4.13.jar:4.13]
	at org.junit.runners.Suite.runChild(Suite.java:27) [junit-4.13.jar:4.13]
	at org.junit.runners.ParentRunner$4.run(ParentRunner.java:331) [junit-4.13.jar:4.13]
	at org.junit.runners.ParentRunner$1.schedule(ParentRunner.java:79) [junit-4.13.jar:4.13]
	at org.junit.runners.ParentRunner.runChildren(ParentRunner.java:329) [junit-4.13.jar:4.13]
	at org.junit.runners.ParentRunner.access$100(ParentRunner.java:66) [junit-4.13.jar:4.13]
	at org.junit.runners.ParentRunner$2.evaluate(ParentRunner.java:293) [junit-4.13.jar:4.13]
	at org.junit.runners.ParentRunner$3.evaluate(ParentRunner.java:306) [junit-4.13.jar:4.13]
	at org.junit.runners.ParentRunner.run(ParentRunner.java:413) [junit-4.13.jar:4.13]
	at org.apache.maven.surefire.junitcore.JUnitCore.run(JUnitCore.java:55) [surefire-junit47-3.0.0-M4.jar:3.0.0-M4]
	at org.apache.maven.surefire.junitcore.JUnitCoreWrapper.createRequestAndRun(JUnitCoreWrapper.java:137) [surefire-junit47-3.0.0-M4.jar:3.0.0-M4]
	at org.apache.maven.surefire.junitcore.JUnitCoreWrapper.executeEager(JUnitCoreWrapper.java:107) [surefire-junit47-3.0.0-M4.jar:3.0.0-M4]
	at org.apache.maven.surefire.junitcore.JUnitCoreWrapper.execute(JUnitCoreWrapper.java:83) [surefire-junit47-3.0.0-M4.jar:3.0.0-M4]
	at org.apache.maven.surefire.junitcore.JUnitCoreWrapper.execute(JUnitCoreWrapper.java:75) [surefire-junit47-3.0.0-M4.jar:3.0.0-M4]
	at org.apache.maven.surefire.junitcore.JUnitCoreProvider.invoke(JUnitCoreProvider.java:158) [surefire-junit47-3.0.0-M4.jar:3.0.0-M4]
	at org.apache.maven.surefire.booter.ForkedBooter.runSuitesInProcess(ForkedBooter.java:377) [surefire-booter-3.0.0-M4.jar:3.0.0-M4]
	at org.apache.maven.surefire.booter.ForkedBooter.execute(ForkedBooter.java:138) [surefire-booter-3.0.0-M4.jar:3.0.0-M4]
	at org.apache.maven.surefire.booter.ForkedBooter.run(ForkedBooter.java:465) [surefire-booter-3.0.0-M4.jar:3.0.0-M4]
	at org.apache.maven.surefire.booter.ForkedBooter.main(ForkedBooter.java:451) [surefire-booter-3.0.0-M4.jar:3.0.0-M4]
Caused by: org.apache.derby.iapi.error.StandardException: Table/View 'TXN_COMPONENTS' does not exist.
	at org.apache.derby.iapi.error.StandardException.newException(Unknown Source) ~[derby-10.14.1.0.jar:?]
	at org.apache.derby.iapi.error.StandardException.newException(Unknown Source) ~[derby-10.14.1.0.jar:?]
	at org.apache.derby.impl.sql.compile.FromBaseTable.bindTableDescriptor(Unknown Source) ~[derby-10.14.1.0.jar:?]
	at org.apache.derby.impl.sql.compile.FromBaseTable.bindNonVTITables(Unknown Source) ~[derby-10.14.1.0.jar:?]
	at org.apache.derby.impl.sql.compile.FromList.bindTables(Unknown Source) ~[derby-10.14.1.0.jar:?]
	at org.apache.derby.impl.sql.compile.SelectNode.bindNonVTITables(Unknown Source) ~[derby-10.14.1.0.jar:?]
	at org.apache.derby.impl.sql.compile.DMLStatementNode.bindTables(Unknown Source) ~[derby-10.14.1.0.jar:?]
	at org.apache.derby.impl.sql.compile.DeleteNode.bindStatement(Unknown Source) ~[derby-10.14.1.0.jar:?]
	at org.apache.derby.impl.sql.GenericStatement.prepMinion(Unknown Source) ~[derby-10.14.1.0.jar:?]
	at org.apache.derby.impl.sql.GenericStatement.prepare(Unknown Source) ~[derby-10.14.1.0.jar:?]
	at org.apache.derby.impl.sql.conn.GenericLanguageConnectionContext.prepareInternalStatement(Unknown Source) ~[derby-10.14.1.0.jar:?]
	... 52 more
[INFO ] 2024-04-23 22:57:53.962 [main] TxnHandler - Non-retryable error in cleanupRecords : Table/View 'TXN_COMPONENTS' does not exist. (SQLState=42X05, ErrorCode=20000)
[WARN ] 2024-04-23 22:57:53.962 [main] TxnHandler - Cannot perform cleanup since metastore table does not exist
[DEBUG] 2024-04-23 22:57:53.962 [main] PoolBase - HikariPool-2 - Reset (autoCommit) on connection org.apache.derby.impl.jdbc.EmbedConnection@1474640235 (XID = 1025), (SESSIONID = 21), (DATABASE = memory:/home/alex/Repositories/hive/standalone-metastore/metastore-server/target/tmp/junit_metastore_db), (DRDAID = null) 
[DEBUG] 2024-04-23 22:57:53.962 [main] ObjectStore - Commit transaction: count = 0, isactive true
[DEBUG] 2024-04-23 22:57:53.963 [main] PoolBase - HikariPool-1 - Reset (autoCommit) on connection org.apache.derby.impl.jdbc.EmbedConnection@1807176280 (XID = 166), (SESSIONID = 1), (DATABASE = memory:/home/alex/Repositories/hive/standalone-metastore/metastore-server/target/tmp/junit_metastore_db), (DRDAID = null) 
[DEBUG] 2024-04-23 22:57:53.963 [main] ObjectStore - rolling back transaction: no open transactions: 0
[DEBUG] 2024-04-23 22:57:53.963 [main] HMSHandler - drop_databasetime taken(ns): 39412855
[ERROR] 2024-04-23 22:57:53.964 [main] RetryingHMSHandler - Retrying HMSHandler after 2000 ms (attempt 9 of 10) with error: javax.jdo.JDODataStoreException: Exception thrown flushing changes to datastore
	at org.datanucleus.api.jdo.NucleusJDOHelper.getJDOExceptionForNucleusException(NucleusJDOHelper.java:542)
	at org.datanucleus.api.jdo.JDOTransaction.commit(JDOTransaction.java:162)
	at org.apache.hadoop.hive.metastore.ObjectStore.commitTransaction(ObjectStore.java:615)
	at sun.reflect.NativeMethodAccessorImpl.invoke0(Native Method)
	at sun.reflect.NativeMethodAccessorImpl.invoke(NativeMethodAccessorImpl.java:62)
	at sun.reflect.DelegatingMethodAccessorImpl.invoke(DelegatingMethodAccessorImpl.java:43)
	at java.lang.reflect.Method.invoke(Method.java:498)
	at org.apache.hadoop.hive.metastore.RawStoreProxy.invoke(RawStoreProxy.java:97)
	at com.sun.proxy.$Proxy29.commitTransaction(Unknown Source)
	at org.apache.hadoop.hive.metastore.HMSHandler.drop_database_core(HMSHandler.java:1790)
	at org.apache.hadoop.hive.metastore.HMSHandler.drop_database(HMSHandler.java:1869)
	at sun.reflect.NativeMethodAccessorImpl.invoke0(Native Method)
	at sun.reflect.NativeMethodAccessorImpl.invoke(NativeMethodAccessorImpl.java:62)
	at sun.reflect.DelegatingMethodAccessorImpl.invoke(DelegatingMethodAccessorImpl.java:43)
	at java.lang.reflect.Method.invoke(Method.java:498)
	at org.apache.hadoop.hive.metastore.RetryingHMSHandler.invokeInternal(RetryingHMSHandler.java:147)
	at org.apache.hadoop.hive.metastore.RetryingHMSHandler.invoke(RetryingHMSHandler.java:108)
	at com.sun.proxy.$Proxy35.drop_database(Unknown Source)
	at org.apache.hadoop.hive.metastore.HiveMetaStoreClient.dropDatabaseCascadePerDb(HiveMetaStoreClient.java:1601)
	at org.apache.hadoop.hive.metastore.HiveMetaStoreClient.dropDatabase(HiveMetaStoreClient.java:1532)
	at org.apache.hadoop.hive.metastore.HiveMetaStoreClient.dropDatabase(HiveMetaStoreClient.java:1485)
	at org.apache.hadoop.hive.metastore.TestHmsServerAuthorization.tearDown(TestHmsServerAuthorization.java:129)
	at sun.reflect.NativeMethodAccessorImpl.invoke0(Native Method)
	at sun.reflect.NativeMethodAccessorImpl.invoke(NativeMethodAccessorImpl.java:62)
	at sun.reflect.DelegatingMethodAccessorImpl.invoke(DelegatingMethodAccessorImpl.java:43)
	at java.lang.reflect.Method.invoke(Method.java:498)
	at org.junit.runners.model.FrameworkMethod$1.runReflectiveCall(FrameworkMethod.java:59)
	at org.junit.internal.runners.model.ReflectiveCallable.run(ReflectiveCallable.java:12)
	at org.junit.runners.model.FrameworkMethod.invokeExplosively(FrameworkMethod.java:56)
	at org.junit.internal.runners.statements.RunAfters.invokeMethod(RunAfters.java:46)
	at org.junit.internal.runners.statements.RunAfters.evaluate(RunAfters.java:33)
	at org.junit.runners.ParentRunner$3.evaluate(ParentRunner.java:306)
	at org.junit.runners.ParentRunner.run(ParentRunner.java:413)
	at org.junit.runners.Suite.runChild(Suite.java:128)
	at org.junit.runners.Suite.runChild(Suite.java:27)
	at org.junit.runners.ParentRunner$4.run(ParentRunner.java:331)
	at org.junit.runners.ParentRunner$1.schedule(ParentRunner.java:79)
	at org.junit.runners.ParentRunner.runChildren(ParentRunner.java:329)
	at org.junit.runners.ParentRunner.access$100(ParentRunner.java:66)
	at org.junit.runners.ParentRunner$2.evaluate(ParentRunner.java:293)
	at org.junit.runners.ParentRunner$3.evaluate(ParentRunner.java:306)
	at org.junit.runners.ParentRunner.run(ParentRunner.java:413)
	at org.apache.maven.surefire.junitcore.JUnitCore.run(JUnitCore.java:55)
	at org.apache.maven.surefire.junitcore.JUnitCoreWrapper.createRequestAndRun(JUnitCoreWrapper.java:137)
	at org.apache.maven.surefire.junitcore.JUnitCoreWrapper.executeEager(JUnitCoreWrapper.java:107)
	at org.apache.maven.surefire.junitcore.JUnitCoreWrapper.execute(JUnitCoreWrapper.java:83)
	at org.apache.maven.surefire.junitcore.JUnitCoreWrapper.execute(JUnitCoreWrapper.java:75)
	at org.apache.maven.surefire.junitcore.JUnitCoreProvider.invoke(JUnitCoreProvider.java:158)
	at org.apache.maven.surefire.booter.ForkedBooter.runSuitesInProcess(ForkedBooter.java:377)
	at org.apache.maven.surefire.booter.ForkedBooter.execute(ForkedBooter.java:138)
	at org.apache.maven.surefire.booter.ForkedBooter.run(ForkedBooter.java:465)
	at org.apache.maven.surefire.booter.ForkedBooter.main(ForkedBooter.java:451)
NestedThrowablesStackTrace:
java.sql.BatchUpdateException: DELETE on table 'DBS' caused a violation of foreign key constraint 'TBLS_FK1' for key (2).  The statement has been rolled back.
	at org.apache.derby.impl.jdbc.EmbedStatement.executeLargeBatch(Unknown Source)
	at org.apache.derby.impl.jdbc.EmbedStatement.executeBatch(Unknown Source)
	at com.zaxxer.hikari.pool.ProxyStatement.executeBatch(ProxyStatement.java:125)
	at com.zaxxer.hikari.pool.HikariProxyPreparedStatement.executeBatch(HikariProxyPreparedStatement.java)
	at org.datanucleus.store.rdbms.ParamLoggingPreparedStatement.executeBatch(ParamLoggingPreparedStatement.java:366)
	at org.datanucleus.store.rdbms.SQLController.processConnectionStatement(SQLController.java:675)
	at org.datanucleus.store.rdbms.SQLController.processStatementsForConnection(SQLController.java:643)
	at org.datanucleus.store.rdbms.SQLController$1.transactionFlushed(SQLController.java:729)
	at org.datanucleus.store.connection.AbstractManagedConnection.transactionFlushed(AbstractManagedConnection.java:95)
	at org.datanucleus.store.connection.ConnectionManagerImpl$2.transactionFlushed(ConnectionManagerImpl.java:528)
	at org.datanucleus.TransactionImpl.flush(TransactionImpl.java:222)
	at org.datanucleus.TransactionImpl.commit(TransactionImpl.java:286)
	at org.datanucleus.api.jdo.JDOTransaction.commit(JDOTransaction.java:99)
	at org.apache.hadoop.hive.metastore.ObjectStore.commitTransaction(ObjectStore.java:615)
	at sun.reflect.NativeMethodAccessorImpl.invoke0(Native Method)
	at sun.reflect.NativeMethodAccessorImpl.invoke(NativeMethodAccessorImpl.java:62)
	at sun.reflect.DelegatingMethodAccessorImpl.invoke(DelegatingMethodAccessorImpl.java:43)
	at java.lang.reflect.Method.invoke(Method.java:498)
	at org.apache.hadoop.hive.metastore.RawStoreProxy.invoke(RawStoreProxy.java:97)
	at com.sun.proxy.$Proxy29.commitTransaction(Unknown Source)
	at org.apache.hadoop.hive.metastore.HMSHandler.drop_database_core(HMSHandler.java:1790)
	at org.apache.hadoop.hive.metastore.HMSHandler.drop_database(HMSHandler.java:1869)
	at sun.reflect.NativeMethodAccessorImpl.invoke0(Native Method)
	at sun.reflect.NativeMethodAccessorImpl.invoke(NativeMethodAccessorImpl.java:62)
	at sun.reflect.DelegatingMethodAccessorImpl.invoke(DelegatingMethodAccessorImpl.java:43)
	at java.lang.reflect.Method.invoke(Method.java:498)
	at org.apache.hadoop.hive.metastore.RetryingHMSHandler.invokeInternal(RetryingHMSHandler.java:147)
	at org.apache.hadoop.hive.metastore.RetryingHMSHandler.invoke(RetryingHMSHandler.java:108)
	at com.sun.proxy.$Proxy35.drop_database(Unknown Source)
	at org.apache.hadoop.hive.metastore.HiveMetaStoreClient.dropDatabaseCascadePerDb(HiveMetaStoreClient.java:1601)
	at org.apache.hadoop.hive.metastore.HiveMetaStoreClient.dropDatabase(HiveMetaStoreClient.java:1532)
	at org.apache.hadoop.hive.metastore.HiveMetaStoreClient.dropDatabase(HiveMetaStoreClient.java:1485)
	at org.apache.hadoop.hive.metastore.TestHmsServerAuthorization.tearDown(TestHmsServerAuthorization.java:129)
	at sun.reflect.NativeMethodAccessorImpl.invoke0(Native Method)
	at sun.reflect.NativeMethodAccessorImpl.invoke(NativeMethodAccessorImpl.java:62)
	at sun.reflect.DelegatingMethodAccessorImpl.invoke(DelegatingMethodAccessorImpl.java:43)
	at java.lang.reflect.Method.invoke(Method.java:498)
	at org.junit.runners.model.FrameworkMethod$1.runReflectiveCall(FrameworkMethod.java:59)
	at org.junit.internal.runners.model.ReflectiveCallable.run(ReflectiveCallable.java:12)
	at org.junit.runners.model.FrameworkMethod.invokeExplosively(FrameworkMethod.java:56)
	at org.junit.internal.runners.statements.RunAfters.invokeMethod(RunAfters.java:46)
	at org.junit.internal.runners.statements.RunAfters.evaluate(RunAfters.java:33)
	at org.junit.runners.ParentRunner$3.evaluate(ParentRunner.java:306)
	at org.junit.runners.ParentRunner.run(ParentRunner.java:413)
	at org.junit.runners.Suite.runChild(Suite.java:128)
	at org.junit.runners.Suite.runChild(Suite.java:27)
	at org.junit.runners.ParentRunner$4.run(ParentRunner.java:331)
	at org.junit.runners.ParentRunner$1.schedule(ParentRunner.java:79)
	at org.junit.runners.ParentRunner.runChildren(ParentRunner.java:329)
	at org.junit.runners.ParentRunner.access$100(ParentRunner.java:66)
	at org.junit.runners.ParentRunner$2.evaluate(ParentRunner.java:293)
	at org.junit.runners.ParentRunner$3.evaluate(ParentRunner.java:306)
	at org.junit.runners.ParentRunner.run(ParentRunner.java:413)
	at org.apache.maven.surefire.junitcore.JUnitCore.run(JUnitCore.java:55)
	at org.apache.maven.surefire.junitcore.JUnitCoreWrapper.createRequestAndRun(JUnitCoreWrapper.java:137)
	at org.apache.maven.surefire.junitcore.JUnitCoreWrapper.executeEager(JUnitCoreWrapper.java:107)
	at org.apache.maven.surefire.junitcore.JUnitCoreWrapper.execute(JUnitCoreWrapper.java:83)
	at org.apache.maven.surefire.junitcore.JUnitCoreWrapper.execute(JUnitCoreWrapper.java:75)
	at org.apache.maven.surefire.junitcore.JUnitCoreProvider.invoke(JUnitCoreProvider.java:158)
	at org.apache.maven.surefire.booter.ForkedBooter.runSuitesInProcess(ForkedBooter.java:377)
	at org.apache.maven.surefire.booter.ForkedBooter.execute(ForkedBooter.java:138)
	at org.apache.maven.surefire.booter.ForkedBooter.run(ForkedBooter.java:465)
	at org.apache.maven.surefire.booter.ForkedBooter.main(ForkedBooter.java:451)
Caused by: org.apache.derby.shared.common.error.DerbySQLIntegrityConstraintViolationException: DELETE on table 'DBS' caused a violation of foreign key constraint 'TBLS_FK1' for key (2).  The statement has been rolled back.
	at org.apache.derby.impl.jdbc.SQLExceptionFactory.getSQLException(Unknown Source)
	at org.apache.derby.impl.jdbc.Util.generateCsSQLException(Unknown Source)
	at org.apache.derby.impl.jdbc.TransactionResourceImpl.wrapInSQLException(Unknown Source)
	at org.apache.derby.impl.jdbc.TransactionResourceImpl.handleException(Unknown Source)
	at org.apache.derby.impl.jdbc.EmbedConnection.handleException(Unknown Source)
	at org.apache.derby.impl.jdbc.ConnectionChild.handleException(Unknown Source)
	at org.apache.derby.impl.jdbc.EmbedStatement.executeStatement(Unknown Source)
	at org.apache.derby.impl.jdbc.EmbedPreparedStatement.executeBatchElement(Unknown Source)
	... 63 more
Caused by: ERROR 23503: DELETE on table 'DBS' caused a violation of foreign key constraint 'TBLS_FK1' for key (2).  The statement has been rolled back.
	at org.apache.derby.iapi.error.StandardException.newException(Unknown Source)
	at org.apache.derby.iapi.error.StandardException.newException(Unknown Source)
	at org.apache.derby.impl.sql.execute.ReferencedKeyRIChecker.doCheck(Unknown Source)
	at org.apache.derby.impl.sql.execute.RISetChecker.doPKCheck(Unknown Source)
	at org.apache.derby.impl.sql.execute.DeleteResultSet.collectAffectedRows(Unknown Source)
	at org.apache.derby.impl.sql.execute.DeleteResultSet.open(Unknown Source)
	at org.apache.derby.impl.sql.GenericPreparedStatement.executeStmt(Unknown Source)
	at org.apache.derby.impl.sql.GenericPreparedStatement.execute(Unknown Source)
	... 65 more

[DEBUG] 2024-04-23 22:57:55.964 [main] HMSHandler - 0: drop_database: @hive#db_test_get_fields_1
[INFO ] 2024-04-23 22:57:55.965 [main] audit - ugi=alex	ip=unknown-ip-addr	cmd=drop_database: @hive#db_test_get_fields_1	
[DEBUG] 2024-04-23 22:57:55.966 [main] ObjectStore - Open transaction: count = 1, isActive = true
[DEBUG] 2024-04-23 22:57:55.966 [main] ObjectStore - Open transaction: count = 2, isActive = true
[DEBUG] 2024-04-23 22:57:55.969 [main] MetaStoreDirectSql - getDatabase: directsql returning db db_test_get_fields_1 locn[file:/home/alex/Repositories/hive/standalone-metastore/metastore-server/target/external/db_test_get_fields_1.db] desc [null] owner [alex] ownertype [USER]
[DEBUG] 2024-04-23 22:57:55.970 [main] ObjectStore - Using direct SQL optimization.
[DEBUG] 2024-04-23 22:57:55.970 [main] ObjectStore - Commit transaction: count = 1, isactive true
[DEBUG] 2024-04-23 22:57:55.970 [main] ObjectStore - db details for db db_test_get_fields_1 retrieved using SQL in 3.177385ms
[DEBUG] 2024-04-23 22:57:55.970 [main] HMSHandler - 0: get_all_tables: db=@hive#db_test_get_fields_1
[INFO ] 2024-04-23 22:57:55.970 [main] audit - ugi=alex	ip=unknown-ip-addr	cmd=get_all_tables: db=@hive#db_test_get_fields_1	
[DEBUG] 2024-04-23 22:57:55.970 [main] ObjectStore - Open transaction: count = 2, isActive = true
[DEBUG] 2024-04-23 22:57:55.971 [main] ObjectStore - Using direct SQL optimization.
[DEBUG] 2024-04-23 22:57:55.971 [main] ObjectStore - Commit transaction: count = 1, isactive true
[DEBUG] 2024-04-23 22:57:55.971 [main] ObjectStore - 2 entries retrieved using SQL in 1.221167ms
[DEBUG] 2024-04-23 22:57:55.971 [main] HMSHandler - get_all_tablestime taken(ns): 1366903
[DEBUG] 2024-04-23 22:57:55.971 [main] HMSHandler - 0: get_functions: db=@hive#db_test_get_fields_1 pat=*
[INFO ] 2024-04-23 22:57:55.971 [main] audit - ugi=alex	ip=unknown-ip-addr	cmd=get_functions: db=@hive#db_test_get_fields_1 pat=*	
[DEBUG] 2024-04-23 22:57:55.972 [main] ObjectStore - Open transaction: count = 2, isActive = true
[DEBUG] 2024-04-23 22:57:55.974 [main] ObjectStore - Commit transaction: count = 1, isactive true
[DEBUG] 2024-04-23 22:57:55.974 [main] HMSHandler - get_functionstime taken(ns): 2837153
[DEBUG] 2024-04-23 22:57:55.975 [main] HMSHandler - 0: get_all_stored_procedures
[INFO ] 2024-04-23 22:57:55.975 [main] audit - ugi=alex	ip=unknown-ip-addr	cmd=get_all_stored_procedures	
[DEBUG] 2024-04-23 22:57:55.975 [main] ObjectStore - Open transaction: count = 2, isActive = true
[DEBUG] 2024-04-23 22:57:55.976 [main] ObjectStore - Commit transaction: count = 1, isactive true
[DEBUG] 2024-04-23 22:57:55.977 [main] HMSHandler - get_all_stored_procedurestime taken(ns): 1732372
[DEBUG] 2024-04-23 22:57:55.977 [main] HMSHandler - 0: get_all_packages
[INFO ] 2024-04-23 22:57:55.977 [main] audit - ugi=alex	ip=unknown-ip-addr	cmd=get_all_packages	
[DEBUG] 2024-04-23 22:57:55.977 [main] ObjectStore - Open transaction: count = 2, isActive = true
[DEBUG] 2024-04-23 22:57:55.978 [main] ObjectStore - Commit transaction: count = 1, isactive true
[DEBUG] 2024-04-23 22:57:55.979 [main] HMSHandler - get_all_packagestime taken(ns): 1707814
[DEBUG] 2024-04-23 22:57:55.979 [main] HMSHandler - 0: getTablesByTypeCore: catName=hive: db=db_test_get_fields_1 pat=.*,type=MATERIALIZED_VIEW
[INFO ] 2024-04-23 22:57:55.979 [main] audit - ugi=alex	ip=unknown-ip-addr	cmd=getTablesByTypeCore: catName=hive: db=db_test_get_fields_1 pat=.*,type=MATERIALIZED_VIEW	
[DEBUG] 2024-04-23 22:57:55.979 [main] ObjectStore - Open transaction: count = 2, isActive = true
[DEBUG] 2024-04-23 22:57:55.980 [main] MetaStoreDirectSql - getDatabase: directsql returning db db_test_get_fields_1 locn[file:/home/alex/Repositories/hive/standalone-metastore/metastore-server/target/external/db_test_get_fields_1.db] desc [null] owner [alex] ownertype [USER]
[DEBUG] 2024-04-23 22:57:55.981 [main] ObjectStore - Using direct SQL optimization.
[DEBUG] 2024-04-23 22:57:55.981 [main] ObjectStore - Commit transaction: count = 1, isactive true
[DEBUG] 2024-04-23 22:57:55.981 [main] ObjectStore - db details for db db_test_get_fields_1 retrieved using SQL in 1.299603ms
[DEBUG] 2024-04-23 22:57:55.981 [main] ObjectStore - Open transaction: count = 2, isActive = true
[DEBUG] 2024-04-23 22:57:55.981 [main] ObjectStore - Using direct SQL optimization.
[DEBUG] 2024-04-23 22:57:55.981 [main] ObjectStore - Commit transaction: count = 1, isactive true
[DEBUG] 2024-04-23 22:57:55.981 [main] ObjectStore - 0 entries retrieved using SQL in 0.761282ms
[DEBUG] 2024-04-23 22:57:55.981 [main] HMSHandler - getTablesByTypeCoretime taken(ns): 2214082
[DEBUG] 2024-04-23 22:57:55.982 [main] ObjectStore - Open transaction: count = 2, isActive = true
[DEBUG] 2024-04-23 22:57:55.983 [main] ObjectStore - Open transaction: count = 3, isActive = true
[DEBUG] 2024-04-23 22:57:55.984 [main] MetaStoreDirectSql - getDatabase: directsql returning db db_test_get_fields_1 locn[file:/home/alex/Repositories/hive/standalone-metastore/metastore-server/target/external/db_test_get_fields_1.db] desc [null] owner [alex] ownertype [USER]
[DEBUG] 2024-04-23 22:57:55.985 [main] ObjectStore - Using direct SQL optimization.
[DEBUG] 2024-04-23 22:57:55.985 [main] ObjectStore - Commit transaction: count = 2, isactive true
[DEBUG] 2024-04-23 22:57:55.985 [main] ObjectStore - db details for db db_test_get_fields_1 retrieved using SQL in 1.872209ms
[DEBUG] 2024-04-23 22:57:55.985 [main] ObjectStore - Commit transaction: count = 1, isactive true
[INFO ] 2024-04-23 22:57:55.985 [main] ObjectStore - Dropping database hive.db_test_get_fields_1 along with all tables
[DEBUG] 2024-04-23 22:57:55.985 [main] ObjectStore - Open transaction: count = 2, isActive = true
[DEBUG] 2024-04-23 22:57:55.985 [main] ObjectStore - Open transaction: count = 3, isActive = true
[DEBUG] 2024-04-23 22:57:55.987 [main] ObjectStore - Commit transaction: count = 2, isactive true
[DEBUG] 2024-04-23 22:57:55.987 [main] ObjectStore - Executing listDatabaseGrants
[DEBUG] 2024-04-23 22:57:55.989 [main] ObjectStore - Done retrieving all objects for listDatabaseGrants: []
[DEBUG] 2024-04-23 22:57:55.990 [main] ObjectStore - Commit transaction: count = 1, isactive true
[DEBUG] 2024-04-23 22:57:55.991 [main] TxnHandler - Catching sql exception in min history level check
java.sql.SQLSyntaxErrorException: Table/View 'MIN_HISTORY_LEVEL' does not exist.
	at org.apache.derby.impl.jdbc.SQLExceptionFactory.getSQLException(Unknown Source) ~[derby-10.14.1.0.jar:?]
	at org.apache.derby.impl.jdbc.Util.generateCsSQLException(Unknown Source) ~[derby-10.14.1.0.jar:?]
	at org.apache.derby.impl.jdbc.TransactionResourceImpl.wrapInSQLException(Unknown Source) ~[derby-10.14.1.0.jar:?]
	at org.apache.derby.impl.jdbc.TransactionResourceImpl.handleException(Unknown Source) ~[derby-10.14.1.0.jar:?]
	at org.apache.derby.impl.jdbc.EmbedConnection.handleException(Unknown Source) ~[derby-10.14.1.0.jar:?]
	at org.apache.derby.impl.jdbc.ConnectionChild.handleException(Unknown Source) ~[derby-10.14.1.0.jar:?]
	at org.apache.derby.impl.jdbc.EmbedStatement.execute(Unknown Source) ~[derby-10.14.1.0.jar:?]
	at org.apache.derby.impl.jdbc.EmbedStatement.executeQuery(Unknown Source) ~[derby-10.14.1.0.jar:?]
	at com.zaxxer.hikari.pool.ProxyStatement.executeQuery(ProxyStatement.java:108) ~[HikariCP-2.6.1.jar:?]
	at com.zaxxer.hikari.pool.HikariProxyStatement.executeQuery(HikariProxyStatement.java) ~[HikariCP-2.6.1.jar:?]
	at org.apache.hadoop.hive.metastore.txn.TxnHandler.checkMinHistoryLevelTable(TxnHandler.java:456) [classes/:?]
	at org.apache.hadoop.hive.metastore.txn.TxnHandler.setConf(TxnHandler.java:422) [classes/:?]
	at org.apache.hadoop.hive.metastore.txn.TxnUtils.getTxnStore(TxnUtils.java:124) [classes/:?]
	at org.apache.hadoop.hive.metastore.AcidEventListener.getTxnHandler(AcidEventListener.java:136) [classes/:?]
	at org.apache.hadoop.hive.metastore.AcidEventListener.onDropDatabase(AcidEventListener.java:57) [classes/:?]
	at org.apache.hadoop.hive.metastore.MetaStoreListenerNotifier$26.notify(MetaStoreListenerNotifier.java:99) [classes/:?]
	at org.apache.hadoop.hive.metastore.MetaStoreListenerNotifier.notifyEvent(MetaStoreListenerNotifier.java:339) [classes/:?]
	at org.apache.hadoop.hive.metastore.HMSHandler.drop_database_core(HMSHandler.java:1785) [classes/:?]
	at org.apache.hadoop.hive.metastore.HMSHandler.drop_database(HMSHandler.java:1869) [classes/:?]
	at sun.reflect.NativeMethodAccessorImpl.invoke0(Native Method) ~[?:1.8.0_402]
	at sun.reflect.NativeMethodAccessorImpl.invoke(NativeMethodAccessorImpl.java:62) ~[?:1.8.0_402]
	at sun.reflect.DelegatingMethodAccessorImpl.invoke(DelegatingMethodAccessorImpl.java:43) ~[?:1.8.0_402]
	at java.lang.reflect.Method.invoke(Method.java:498) ~[?:1.8.0_402]
	at org.apache.hadoop.hive.metastore.RetryingHMSHandler.invokeInternal(RetryingHMSHandler.java:147) [classes/:?]
	at org.apache.hadoop.hive.metastore.RetryingHMSHandler.invoke(RetryingHMSHandler.java:108) [classes/:?]
	at com.sun.proxy.$Proxy35.drop_database(Unknown Source) [?:?]
	at org.apache.hadoop.hive.metastore.HiveMetaStoreClient.dropDatabaseCascadePerDb(HiveMetaStoreClient.java:1601) [classes/:?]
	at org.apache.hadoop.hive.metastore.HiveMetaStoreClient.dropDatabase(HiveMetaStoreClient.java:1532) [classes/:?]
	at org.apache.hadoop.hive.metastore.HiveMetaStoreClient.dropDatabase(HiveMetaStoreClient.java:1485) [classes/:?]
	at org.apache.hadoop.hive.metastore.TestHmsServerAuthorization.tearDown(TestHmsServerAuthorization.java:129) [test-classes/:?]
	at sun.reflect.NativeMethodAccessorImpl.invoke0(Native Method) ~[?:1.8.0_402]
	at sun.reflect.NativeMethodAccessorImpl.invoke(NativeMethodAccessorImpl.java:62) ~[?:1.8.0_402]
	at sun.reflect.DelegatingMethodAccessorImpl.invoke(DelegatingMethodAccessorImpl.java:43) ~[?:1.8.0_402]
	at java.lang.reflect.Method.invoke(Method.java:498) ~[?:1.8.0_402]
	at org.junit.runners.model.FrameworkMethod$1.runReflectiveCall(FrameworkMethod.java:59) [junit-4.13.jar:4.13]
	at org.junit.internal.runners.model.ReflectiveCallable.run(ReflectiveCallable.java:12) [junit-4.13.jar:4.13]
	at org.junit.runners.model.FrameworkMethod.invokeExplosively(FrameworkMethod.java:56) [junit-4.13.jar:4.13]
	at org.junit.internal.runners.statements.RunAfters.invokeMethod(RunAfters.java:46) [junit-4.13.jar:4.13]
	at org.junit.internal.runners.statements.RunAfters.evaluate(RunAfters.java:33) [junit-4.13.jar:4.13]
	at org.junit.runners.ParentRunner$3.evaluate(ParentRunner.java:306) [junit-4.13.jar:4.13]
	at org.junit.runners.ParentRunner.run(ParentRunner.java:413) [junit-4.13.jar:4.13]
	at org.junit.runners.Suite.runChild(Suite.java:128) [junit-4.13.jar:4.13]
	at org.junit.runners.Suite.runChild(Suite.java:27) [junit-4.13.jar:4.13]
	at org.junit.runners.ParentRunner$4.run(ParentRunner.java:331) [junit-4.13.jar:4.13]
	at org.junit.runners.ParentRunner$1.schedule(ParentRunner.java:79) [junit-4.13.jar:4.13]
	at org.junit.runners.ParentRunner.runChildren(ParentRunner.java:329) [junit-4.13.jar:4.13]
	at org.junit.runners.ParentRunner.access$100(ParentRunner.java:66) [junit-4.13.jar:4.13]
	at org.junit.runners.ParentRunner$2.evaluate(ParentRunner.java:293) [junit-4.13.jar:4.13]
	at org.junit.runners.ParentRunner$3.evaluate(ParentRunner.java:306) [junit-4.13.jar:4.13]
	at org.junit.runners.ParentRunner.run(ParentRunner.java:413) [junit-4.13.jar:4.13]
	at org.apache.maven.surefire.junitcore.JUnitCore.run(JUnitCore.java:55) [surefire-junit47-3.0.0-M4.jar:3.0.0-M4]
	at org.apache.maven.surefire.junitcore.JUnitCoreWrapper.createRequestAndRun(JUnitCoreWrapper.java:137) [surefire-junit47-3.0.0-M4.jar:3.0.0-M4]
	at org.apache.maven.surefire.junitcore.JUnitCoreWrapper.executeEager(JUnitCoreWrapper.java:107) [surefire-junit47-3.0.0-M4.jar:3.0.0-M4]
	at org.apache.maven.surefire.junitcore.JUnitCoreWrapper.execute(JUnitCoreWrapper.java:83) [surefire-junit47-3.0.0-M4.jar:3.0.0-M4]
	at org.apache.maven.surefire.junitcore.JUnitCoreWrapper.execute(JUnitCoreWrapper.java:75) [surefire-junit47-3.0.0-M4.jar:3.0.0-M4]
	at org.apache.maven.surefire.junitcore.JUnitCoreProvider.invoke(JUnitCoreProvider.java:158) [surefire-junit47-3.0.0-M4.jar:3.0.0-M4]
	at org.apache.maven.surefire.booter.ForkedBooter.runSuitesInProcess(ForkedBooter.java:377) [surefire-booter-3.0.0-M4.jar:3.0.0-M4]
	at org.apache.maven.surefire.booter.ForkedBooter.execute(ForkedBooter.java:138) [surefire-booter-3.0.0-M4.jar:3.0.0-M4]
	at org.apache.maven.surefire.booter.ForkedBooter.run(ForkedBooter.java:465) [surefire-booter-3.0.0-M4.jar:3.0.0-M4]
	at org.apache.maven.surefire.booter.ForkedBooter.main(ForkedBooter.java:451) [surefire-booter-3.0.0-M4.jar:3.0.0-M4]
Caused by: org.apache.derby.iapi.error.StandardException: Table/View 'MIN_HISTORY_LEVEL' does not exist.
	at org.apache.derby.iapi.error.StandardException.newException(Unknown Source) ~[derby-10.14.1.0.jar:?]
	at org.apache.derby.iapi.error.StandardException.newException(Unknown Source) ~[derby-10.14.1.0.jar:?]
	at org.apache.derby.impl.sql.compile.FromBaseTable.bindTableDescriptor(Unknown Source) ~[derby-10.14.1.0.jar:?]
	at org.apache.derby.impl.sql.compile.FromBaseTable.bindNonVTITables(Unknown Source) ~[derby-10.14.1.0.jar:?]
	at org.apache.derby.impl.sql.compile.FromList.bindTables(Unknown Source) ~[derby-10.14.1.0.jar:?]
	at org.apache.derby.impl.sql.compile.SelectNode.bindNonVTITables(Unknown Source) ~[derby-10.14.1.0.jar:?]
	at org.apache.derby.impl.sql.compile.DMLStatementNode.bindTables(Unknown Source) ~[derby-10.14.1.0.jar:?]
	at org.apache.derby.impl.sql.compile.DMLStatementNode.bind(Unknown Source) ~[derby-10.14.1.0.jar:?]
	at org.apache.derby.impl.sql.compile.CursorNode.bindStatement(Unknown Source) ~[derby-10.14.1.0.jar:?]
	at org.apache.derby.impl.sql.GenericStatement.prepMinion(Unknown Source) ~[derby-10.14.1.0.jar:?]
	at org.apache.derby.impl.sql.GenericStatement.prepare(Unknown Source) ~[derby-10.14.1.0.jar:?]
	at org.apache.derby.impl.sql.conn.GenericLanguageConnectionContext.prepareInternalStatement(Unknown Source) ~[derby-10.14.1.0.jar:?]
	... 54 more
[DEBUG] 2024-04-23 22:57:55.992 [main] ProxyConnection - HikariPool-2 - Executed rollback on connection org.apache.derby.impl.jdbc.EmbedConnection@1474640235 (XID = 1025), (SESSIONID = 21), (DATABASE = memory:/home/alex/Repositories/hive/standalone-metastore/metastore-server/target/tmp/junit_metastore_db), (DRDAID = null)  due to dirty commit state on close().
[DEBUG] 2024-04-23 22:57:55.992 [main] PoolBase - HikariPool-2 - Reset (autoCommit) on connection org.apache.derby.impl.jdbc.EmbedConnection@1474640235 (XID = 1025), (SESSIONID = 21), (DATABASE = memory:/home/alex/Repositories/hive/standalone-metastore/metastore-server/target/tmp/junit_metastore_db), (DRDAID = null) 
[DEBUG] 2024-04-23 22:57:55.992 [main] TxnHandler - Going to execute update <DELETE FROM "TXN_COMPONENTS" WHERE "TC_DATABASE"='db_test_get_fields_1'>
[DEBUG] 2024-04-23 22:57:55.992 [main] TxnHandler - Going to rollback: 
java.sql.SQLSyntaxErrorException: Table/View 'TXN_COMPONENTS' does not exist.
	at org.apache.derby.impl.jdbc.SQLExceptionFactory.getSQLException(Unknown Source) ~[derby-10.14.1.0.jar:?]
	at org.apache.derby.impl.jdbc.Util.generateCsSQLException(Unknown Source) ~[derby-10.14.1.0.jar:?]
	at org.apache.derby.impl.jdbc.TransactionResourceImpl.wrapInSQLException(Unknown Source) ~[derby-10.14.1.0.jar:?]
	at org.apache.derby.impl.jdbc.TransactionResourceImpl.handleException(Unknown Source) ~[derby-10.14.1.0.jar:?]
	at org.apache.derby.impl.jdbc.EmbedConnection.handleException(Unknown Source) ~[derby-10.14.1.0.jar:?]
	at org.apache.derby.impl.jdbc.ConnectionChild.handleException(Unknown Source) ~[derby-10.14.1.0.jar:?]
	at org.apache.derby.impl.jdbc.EmbedStatement.execute(Unknown Source) ~[derby-10.14.1.0.jar:?]
	at org.apache.derby.impl.jdbc.EmbedStatement.executeLargeUpdate(Unknown Source) ~[derby-10.14.1.0.jar:?]
	at org.apache.derby.impl.jdbc.EmbedStatement.executeUpdate(Unknown Source) ~[derby-10.14.1.0.jar:?]
	at com.zaxxer.hikari.pool.ProxyStatement.executeUpdate(ProxyStatement.java:117) ~[HikariCP-2.6.1.jar:?]
	at com.zaxxer.hikari.pool.HikariProxyStatement.executeUpdate(HikariProxyStatement.java) ~[HikariCP-2.6.1.jar:?]
	at org.apache.hadoop.hive.metastore.txn.TxnHandler.cleanupRecords(TxnHandler.java:4190) [classes/:?]
	at org.apache.hadoop.hive.metastore.AcidEventListener.onDropDatabase(AcidEventListener.java:58) [classes/:?]
	at org.apache.hadoop.hive.metastore.MetaStoreListenerNotifier$26.notify(MetaStoreListenerNotifier.java:99) [classes/:?]
	at org.apache.hadoop.hive.metastore.MetaStoreListenerNotifier.notifyEvent(MetaStoreListenerNotifier.java:339) [classes/:?]
	at org.apache.hadoop.hive.metastore.HMSHandler.drop_database_core(HMSHandler.java:1785) [classes/:?]
	at org.apache.hadoop.hive.metastore.HMSHandler.drop_database(HMSHandler.java:1869) [classes/:?]
	at sun.reflect.NativeMethodAccessorImpl.invoke0(Native Method) ~[?:1.8.0_402]
	at sun.reflect.NativeMethodAccessorImpl.invoke(NativeMethodAccessorImpl.java:62) ~[?:1.8.0_402]
	at sun.reflect.DelegatingMethodAccessorImpl.invoke(DelegatingMethodAccessorImpl.java:43) ~[?:1.8.0_402]
	at java.lang.reflect.Method.invoke(Method.java:498) ~[?:1.8.0_402]
	at org.apache.hadoop.hive.metastore.RetryingHMSHandler.invokeInternal(RetryingHMSHandler.java:147) [classes/:?]
	at org.apache.hadoop.hive.metastore.RetryingHMSHandler.invoke(RetryingHMSHandler.java:108) [classes/:?]
	at com.sun.proxy.$Proxy35.drop_database(Unknown Source) [?:?]
	at org.apache.hadoop.hive.metastore.HiveMetaStoreClient.dropDatabaseCascadePerDb(HiveMetaStoreClient.java:1601) [classes/:?]
	at org.apache.hadoop.hive.metastore.HiveMetaStoreClient.dropDatabase(HiveMetaStoreClient.java:1532) [classes/:?]
	at org.apache.hadoop.hive.metastore.HiveMetaStoreClient.dropDatabase(HiveMetaStoreClient.java:1485) [classes/:?]
	at org.apache.hadoop.hive.metastore.TestHmsServerAuthorization.tearDown(TestHmsServerAuthorization.java:129) [test-classes/:?]
	at sun.reflect.NativeMethodAccessorImpl.invoke0(Native Method) ~[?:1.8.0_402]
	at sun.reflect.NativeMethodAccessorImpl.invoke(NativeMethodAccessorImpl.java:62) ~[?:1.8.0_402]
	at sun.reflect.DelegatingMethodAccessorImpl.invoke(DelegatingMethodAccessorImpl.java:43) ~[?:1.8.0_402]
	at java.lang.reflect.Method.invoke(Method.java:498) ~[?:1.8.0_402]
	at org.junit.runners.model.FrameworkMethod$1.runReflectiveCall(FrameworkMethod.java:59) [junit-4.13.jar:4.13]
	at org.junit.internal.runners.model.ReflectiveCallable.run(ReflectiveCallable.java:12) [junit-4.13.jar:4.13]
	at org.junit.runners.model.FrameworkMethod.invokeExplosively(FrameworkMethod.java:56) [junit-4.13.jar:4.13]
	at org.junit.internal.runners.statements.RunAfters.invokeMethod(RunAfters.java:46) [junit-4.13.jar:4.13]
	at org.junit.internal.runners.statements.RunAfters.evaluate(RunAfters.java:33) [junit-4.13.jar:4.13]
	at org.junit.runners.ParentRunner$3.evaluate(ParentRunner.java:306) [junit-4.13.jar:4.13]
	at org.junit.runners.ParentRunner.run(ParentRunner.java:413) [junit-4.13.jar:4.13]
	at org.junit.runners.Suite.runChild(Suite.java:128) [junit-4.13.jar:4.13]
	at org.junit.runners.Suite.runChild(Suite.java:27) [junit-4.13.jar:4.13]
	at org.junit.runners.ParentRunner$4.run(ParentRunner.java:331) [junit-4.13.jar:4.13]
	at org.junit.runners.ParentRunner$1.schedule(ParentRunner.java:79) [junit-4.13.jar:4.13]
	at org.junit.runners.ParentRunner.runChildren(ParentRunner.java:329) [junit-4.13.jar:4.13]
	at org.junit.runners.ParentRunner.access$100(ParentRunner.java:66) [junit-4.13.jar:4.13]
	at org.junit.runners.ParentRunner$2.evaluate(ParentRunner.java:293) [junit-4.13.jar:4.13]
	at org.junit.runners.ParentRunner$3.evaluate(ParentRunner.java:306) [junit-4.13.jar:4.13]
	at org.junit.runners.ParentRunner.run(ParentRunner.java:413) [junit-4.13.jar:4.13]
	at org.apache.maven.surefire.junitcore.JUnitCore.run(JUnitCore.java:55) [surefire-junit47-3.0.0-M4.jar:3.0.0-M4]
	at org.apache.maven.surefire.junitcore.JUnitCoreWrapper.createRequestAndRun(JUnitCoreWrapper.java:137) [surefire-junit47-3.0.0-M4.jar:3.0.0-M4]
	at org.apache.maven.surefire.junitcore.JUnitCoreWrapper.executeEager(JUnitCoreWrapper.java:107) [surefire-junit47-3.0.0-M4.jar:3.0.0-M4]
	at org.apache.maven.surefire.junitcore.JUnitCoreWrapper.execute(JUnitCoreWrapper.java:83) [surefire-junit47-3.0.0-M4.jar:3.0.0-M4]
	at org.apache.maven.surefire.junitcore.JUnitCoreWrapper.execute(JUnitCoreWrapper.java:75) [surefire-junit47-3.0.0-M4.jar:3.0.0-M4]
	at org.apache.maven.surefire.junitcore.JUnitCoreProvider.invoke(JUnitCoreProvider.java:158) [surefire-junit47-3.0.0-M4.jar:3.0.0-M4]
	at org.apache.maven.surefire.booter.ForkedBooter.runSuitesInProcess(ForkedBooter.java:377) [surefire-booter-3.0.0-M4.jar:3.0.0-M4]
	at org.apache.maven.surefire.booter.ForkedBooter.execute(ForkedBooter.java:138) [surefire-booter-3.0.0-M4.jar:3.0.0-M4]
	at org.apache.maven.surefire.booter.ForkedBooter.run(ForkedBooter.java:465) [surefire-booter-3.0.0-M4.jar:3.0.0-M4]
	at org.apache.maven.surefire.booter.ForkedBooter.main(ForkedBooter.java:451) [surefire-booter-3.0.0-M4.jar:3.0.0-M4]
Caused by: org.apache.derby.iapi.error.StandardException: Table/View 'TXN_COMPONENTS' does not exist.
	at org.apache.derby.iapi.error.StandardException.newException(Unknown Source) ~[derby-10.14.1.0.jar:?]
	at org.apache.derby.iapi.error.StandardException.newException(Unknown Source) ~[derby-10.14.1.0.jar:?]
	at org.apache.derby.impl.sql.compile.FromBaseTable.bindTableDescriptor(Unknown Source) ~[derby-10.14.1.0.jar:?]
	at org.apache.derby.impl.sql.compile.FromBaseTable.bindNonVTITables(Unknown Source) ~[derby-10.14.1.0.jar:?]
	at org.apache.derby.impl.sql.compile.FromList.bindTables(Unknown Source) ~[derby-10.14.1.0.jar:?]
	at org.apache.derby.impl.sql.compile.SelectNode.bindNonVTITables(Unknown Source) ~[derby-10.14.1.0.jar:?]
	at org.apache.derby.impl.sql.compile.DMLStatementNode.bindTables(Unknown Source) ~[derby-10.14.1.0.jar:?]
	at org.apache.derby.impl.sql.compile.DeleteNode.bindStatement(Unknown Source) ~[derby-10.14.1.0.jar:?]
	at org.apache.derby.impl.sql.GenericStatement.prepMinion(Unknown Source) ~[derby-10.14.1.0.jar:?]
	at org.apache.derby.impl.sql.GenericStatement.prepare(Unknown Source) ~[derby-10.14.1.0.jar:?]
	at org.apache.derby.impl.sql.conn.GenericLanguageConnectionContext.prepareInternalStatement(Unknown Source) ~[derby-10.14.1.0.jar:?]
	... 52 more
[INFO ] 2024-04-23 22:57:55.993 [main] TxnHandler - Non-retryable error in cleanupRecords : Table/View 'TXN_COMPONENTS' does not exist. (SQLState=42X05, ErrorCode=20000)
[WARN ] 2024-04-23 22:57:55.993 [main] TxnHandler - Cannot perform cleanup since metastore table does not exist
[DEBUG] 2024-04-23 22:57:55.993 [main] PoolBase - HikariPool-2 - Reset (autoCommit) on connection org.apache.derby.impl.jdbc.EmbedConnection@1474640235 (XID = 1025), (SESSIONID = 21), (DATABASE = memory:/home/alex/Repositories/hive/standalone-metastore/metastore-server/target/tmp/junit_metastore_db), (DRDAID = null) 
[DEBUG] 2024-04-23 22:57:55.993 [main] ObjectStore - Commit transaction: count = 0, isactive true
[DEBUG] 2024-04-23 22:57:55.995 [main] PoolBase - HikariPool-1 - Reset (autoCommit) on connection org.apache.derby.impl.jdbc.EmbedConnection@1807176280 (XID = 166), (SESSIONID = 1), (DATABASE = memory:/home/alex/Repositories/hive/standalone-metastore/metastore-server/target/tmp/junit_metastore_db), (DRDAID = null) 
[DEBUG] 2024-04-23 22:57:55.995 [main] ObjectStore - rolling back transaction: no open transactions: 0
[DEBUG] 2024-04-23 22:57:55.995 [main] HMSHandler - drop_databasetime taken(ns): 30068612
[ERROR] 2024-04-23 22:57:55.996 [main] RetryingHMSHandler - Retrying HMSHandler after 2000 ms (attempt 10 of 10) with error: javax.jdo.JDODataStoreException: Exception thrown flushing changes to datastore
	at org.datanucleus.api.jdo.NucleusJDOHelper.getJDOExceptionForNucleusException(NucleusJDOHelper.java:542)
	at org.datanucleus.api.jdo.JDOTransaction.commit(JDOTransaction.java:162)
	at org.apache.hadoop.hive.metastore.ObjectStore.commitTransaction(ObjectStore.java:615)
	at sun.reflect.NativeMethodAccessorImpl.invoke0(Native Method)
	at sun.reflect.NativeMethodAccessorImpl.invoke(NativeMethodAccessorImpl.java:62)
	at sun.reflect.DelegatingMethodAccessorImpl.invoke(DelegatingMethodAccessorImpl.java:43)
	at java.lang.reflect.Method.invoke(Method.java:498)
	at org.apache.hadoop.hive.metastore.RawStoreProxy.invoke(RawStoreProxy.java:97)
	at com.sun.proxy.$Proxy29.commitTransaction(Unknown Source)
	at org.apache.hadoop.hive.metastore.HMSHandler.drop_database_core(HMSHandler.java:1790)
	at org.apache.hadoop.hive.metastore.HMSHandler.drop_database(HMSHandler.java:1869)
	at sun.reflect.NativeMethodAccessorImpl.invoke0(Native Method)
	at sun.reflect.NativeMethodAccessorImpl.invoke(NativeMethodAccessorImpl.java:62)
	at sun.reflect.DelegatingMethodAccessorImpl.invoke(DelegatingMethodAccessorImpl.java:43)
	at java.lang.reflect.Method.invoke(Method.java:498)
	at org.apache.hadoop.hive.metastore.RetryingHMSHandler.invokeInternal(RetryingHMSHandler.java:147)
	at org.apache.hadoop.hive.metastore.RetryingHMSHandler.invoke(RetryingHMSHandler.java:108)
	at com.sun.proxy.$Proxy35.drop_database(Unknown Source)
	at org.apache.hadoop.hive.metastore.HiveMetaStoreClient.dropDatabaseCascadePerDb(HiveMetaStoreClient.java:1601)
	at org.apache.hadoop.hive.metastore.HiveMetaStoreClient.dropDatabase(HiveMetaStoreClient.java:1532)
	at org.apache.hadoop.hive.metastore.HiveMetaStoreClient.dropDatabase(HiveMetaStoreClient.java:1485)
	at org.apache.hadoop.hive.metastore.TestHmsServerAuthorization.tearDown(TestHmsServerAuthorization.java:129)
	at sun.reflect.NativeMethodAccessorImpl.invoke0(Native Method)
	at sun.reflect.NativeMethodAccessorImpl.invoke(NativeMethodAccessorImpl.java:62)
	at sun.reflect.DelegatingMethodAccessorImpl.invoke(DelegatingMethodAccessorImpl.java:43)
	at java.lang.reflect.Method.invoke(Method.java:498)
	at org.junit.runners.model.FrameworkMethod$1.runReflectiveCall(FrameworkMethod.java:59)
	at org.junit.internal.runners.model.ReflectiveCallable.run(ReflectiveCallable.java:12)
	at org.junit.runners.model.FrameworkMethod.invokeExplosively(FrameworkMethod.java:56)
	at org.junit.internal.runners.statements.RunAfters.invokeMethod(RunAfters.java:46)
	at org.junit.internal.runners.statements.RunAfters.evaluate(RunAfters.java:33)
	at org.junit.runners.ParentRunner$3.evaluate(ParentRunner.java:306)
	at org.junit.runners.ParentRunner.run(ParentRunner.java:413)
	at org.junit.runners.Suite.runChild(Suite.java:128)
	at org.junit.runners.Suite.runChild(Suite.java:27)
	at org.junit.runners.ParentRunner$4.run(ParentRunner.java:331)
	at org.junit.runners.ParentRunner$1.schedule(ParentRunner.java:79)
	at org.junit.runners.ParentRunner.runChildren(ParentRunner.java:329)
	at org.junit.runners.ParentRunner.access$100(ParentRunner.java:66)
	at org.junit.runners.ParentRunner$2.evaluate(ParentRunner.java:293)
	at org.junit.runners.ParentRunner$3.evaluate(ParentRunner.java:306)
	at org.junit.runners.ParentRunner.run(ParentRunner.java:413)
	at org.apache.maven.surefire.junitcore.JUnitCore.run(JUnitCore.java:55)
	at org.apache.maven.surefire.junitcore.JUnitCoreWrapper.createRequestAndRun(JUnitCoreWrapper.java:137)
	at org.apache.maven.surefire.junitcore.JUnitCoreWrapper.executeEager(JUnitCoreWrapper.java:107)
	at org.apache.maven.surefire.junitcore.JUnitCoreWrapper.execute(JUnitCoreWrapper.java:83)
	at org.apache.maven.surefire.junitcore.JUnitCoreWrapper.execute(JUnitCoreWrapper.java:75)
	at org.apache.maven.surefire.junitcore.JUnitCoreProvider.invoke(JUnitCoreProvider.java:158)
	at org.apache.maven.surefire.booter.ForkedBooter.runSuitesInProcess(ForkedBooter.java:377)
	at org.apache.maven.surefire.booter.ForkedBooter.execute(ForkedBooter.java:138)
	at org.apache.maven.surefire.booter.ForkedBooter.run(ForkedBooter.java:465)
	at org.apache.maven.surefire.booter.ForkedBooter.main(ForkedBooter.java:451)
NestedThrowablesStackTrace:
java.sql.BatchUpdateException: DELETE on table 'DBS' caused a violation of foreign key constraint 'TBLS_FK1' for key (2).  The statement has been rolled back.
	at org.apache.derby.impl.jdbc.EmbedStatement.executeLargeBatch(Unknown Source)
	at org.apache.derby.impl.jdbc.EmbedStatement.executeBatch(Unknown Source)
	at com.zaxxer.hikari.pool.ProxyStatement.executeBatch(ProxyStatement.java:125)
	at com.zaxxer.hikari.pool.HikariProxyPreparedStatement.executeBatch(HikariProxyPreparedStatement.java)
	at org.datanucleus.store.rdbms.ParamLoggingPreparedStatement.executeBatch(ParamLoggingPreparedStatement.java:366)
	at org.datanucleus.store.rdbms.SQLController.processConnectionStatement(SQLController.java:675)
	at org.datanucleus.store.rdbms.SQLController.processStatementsForConnection(SQLController.java:643)
	at org.datanucleus.store.rdbms.SQLController$1.transactionFlushed(SQLController.java:729)
	at org.datanucleus.store.connection.AbstractManagedConnection.transactionFlushed(AbstractManagedConnection.java:95)
	at org.datanucleus.store.connection.ConnectionManagerImpl$2.transactionFlushed(ConnectionManagerImpl.java:528)
	at org.datanucleus.TransactionImpl.flush(TransactionImpl.java:222)
	at org.datanucleus.TransactionImpl.commit(TransactionImpl.java:286)
	at org.datanucleus.api.jdo.JDOTransaction.commit(JDOTransaction.java:99)
	at org.apache.hadoop.hive.metastore.ObjectStore.commitTransaction(ObjectStore.java:615)
	at sun.reflect.NativeMethodAccessorImpl.invoke0(Native Method)
	at sun.reflect.NativeMethodAccessorImpl.invoke(NativeMethodAccessorImpl.java:62)
	at sun.reflect.DelegatingMethodAccessorImpl.invoke(DelegatingMethodAccessorImpl.java:43)
	at java.lang.reflect.Method.invoke(Method.java:498)
	at org.apache.hadoop.hive.metastore.RawStoreProxy.invoke(RawStoreProxy.java:97)
	at com.sun.proxy.$Proxy29.commitTransaction(Unknown Source)
	at org.apache.hadoop.hive.metastore.HMSHandler.drop_database_core(HMSHandler.java:1790)
	at org.apache.hadoop.hive.metastore.HMSHandler.drop_database(HMSHandler.java:1869)
	at sun.reflect.NativeMethodAccessorImpl.invoke0(Native Method)
	at sun.reflect.NativeMethodAccessorImpl.invoke(NativeMethodAccessorImpl.java:62)
	at sun.reflect.DelegatingMethodAccessorImpl.invoke(DelegatingMethodAccessorImpl.java:43)
	at java.lang.reflect.Method.invoke(Method.java:498)
	at org.apache.hadoop.hive.metastore.RetryingHMSHandler.invokeInternal(RetryingHMSHandler.java:147)
	at org.apache.hadoop.hive.metastore.RetryingHMSHandler.invoke(RetryingHMSHandler.java:108)
	at com.sun.proxy.$Proxy35.drop_database(Unknown Source)
	at org.apache.hadoop.hive.metastore.HiveMetaStoreClient.dropDatabaseCascadePerDb(HiveMetaStoreClient.java:1601)
	at org.apache.hadoop.hive.metastore.HiveMetaStoreClient.dropDatabase(HiveMetaStoreClient.java:1532)
	at org.apache.hadoop.hive.metastore.HiveMetaStoreClient.dropDatabase(HiveMetaStoreClient.java:1485)
	at org.apache.hadoop.hive.metastore.TestHmsServerAuthorization.tearDown(TestHmsServerAuthorization.java:129)
	at sun.reflect.NativeMethodAccessorImpl.invoke0(Native Method)
	at sun.reflect.NativeMethodAccessorImpl.invoke(NativeMethodAccessorImpl.java:62)
	at sun.reflect.DelegatingMethodAccessorImpl.invoke(DelegatingMethodAccessorImpl.java:43)
	at java.lang.reflect.Method.invoke(Method.java:498)
	at org.junit.runners.model.FrameworkMethod$1.runReflectiveCall(FrameworkMethod.java:59)
	at org.junit.internal.runners.model.ReflectiveCallable.run(ReflectiveCallable.java:12)
	at org.junit.runners.model.FrameworkMethod.invokeExplosively(FrameworkMethod.java:56)
	at org.junit.internal.runners.statements.RunAfters.invokeMethod(RunAfters.java:46)
	at org.junit.internal.runners.statements.RunAfters.evaluate(RunAfters.java:33)
	at org.junit.runners.ParentRunner$3.evaluate(ParentRunner.java:306)
	at org.junit.runners.ParentRunner.run(ParentRunner.java:413)
	at org.junit.runners.Suite.runChild(Suite.java:128)
	at org.junit.runners.Suite.runChild(Suite.java:27)
	at org.junit.runners.ParentRunner$4.run(ParentRunner.java:331)
	at org.junit.runners.ParentRunner$1.schedule(ParentRunner.java:79)
	at org.junit.runners.ParentRunner.runChildren(ParentRunner.java:329)
	at org.junit.runners.ParentRunner.access$100(ParentRunner.java:66)
	at org.junit.runners.ParentRunner$2.evaluate(ParentRunner.java:293)
	at org.junit.runners.ParentRunner$3.evaluate(ParentRunner.java:306)
	at org.junit.runners.ParentRunner.run(ParentRunner.java:413)
	at org.apache.maven.surefire.junitcore.JUnitCore.run(JUnitCore.java:55)
	at org.apache.maven.surefire.junitcore.JUnitCoreWrapper.createRequestAndRun(JUnitCoreWrapper.java:137)
	at org.apache.maven.surefire.junitcore.JUnitCoreWrapper.executeEager(JUnitCoreWrapper.java:107)
	at org.apache.maven.surefire.junitcore.JUnitCoreWrapper.execute(JUnitCoreWrapper.java:83)
	at org.apache.maven.surefire.junitcore.JUnitCoreWrapper.execute(JUnitCoreWrapper.java:75)
	at org.apache.maven.surefire.junitcore.JUnitCoreProvider.invoke(JUnitCoreProvider.java:158)
	at org.apache.maven.surefire.booter.ForkedBooter.runSuitesInProcess(ForkedBooter.java:377)
	at org.apache.maven.surefire.booter.ForkedBooter.execute(ForkedBooter.java:138)
	at org.apache.maven.surefire.booter.ForkedBooter.run(ForkedBooter.java:465)
	at org.apache.maven.surefire.booter.ForkedBooter.main(ForkedBooter.java:451)
Caused by: org.apache.derby.shared.common.error.DerbySQLIntegrityConstraintViolationException: DELETE on table 'DBS' caused a violation of foreign key constraint 'TBLS_FK1' for key (2).  The statement has been rolled back.
	at org.apache.derby.impl.jdbc.SQLExceptionFactory.getSQLException(Unknown Source)
	at org.apache.derby.impl.jdbc.Util.generateCsSQLException(Unknown Source)
	at org.apache.derby.impl.jdbc.TransactionResourceImpl.wrapInSQLException(Unknown Source)
	at org.apache.derby.impl.jdbc.TransactionResourceImpl.handleException(Unknown Source)
	at org.apache.derby.impl.jdbc.EmbedConnection.handleException(Unknown Source)
	at org.apache.derby.impl.jdbc.ConnectionChild.handleException(Unknown Source)
	at org.apache.derby.impl.jdbc.EmbedStatement.executeStatement(Unknown Source)
	at org.apache.derby.impl.jdbc.EmbedPreparedStatement.executeBatchElement(Unknown Source)
	... 63 more
Caused by: ERROR 23503: DELETE on table 'DBS' caused a violation of foreign key constraint 'TBLS_FK1' for key (2).  The statement has been rolled back.
	at org.apache.derby.iapi.error.StandardException.newException(Unknown Source)
	at org.apache.derby.iapi.error.StandardException.newException(Unknown Source)
	at org.apache.derby.impl.sql.execute.ReferencedKeyRIChecker.doCheck(Unknown Source)
	at org.apache.derby.impl.sql.execute.RISetChecker.doPKCheck(Unknown Source)
	at org.apache.derby.impl.sql.execute.DeleteResultSet.collectAffectedRows(Unknown Source)
	at org.apache.derby.impl.sql.execute.DeleteResultSet.open(Unknown Source)
	at org.apache.derby.impl.sql.GenericPreparedStatement.executeStmt(Unknown Source)
	at org.apache.derby.impl.sql.GenericPreparedStatement.execute(Unknown Source)
	... 65 more

[DEBUG] 2024-04-23 22:57:57.997 [main] HMSHandler - 0: drop_database: @hive#db_test_get_fields_1
[INFO ] 2024-04-23 22:57:57.997 [main] audit - ugi=alex	ip=unknown-ip-addr	cmd=drop_database: @hive#db_test_get_fields_1	
[DEBUG] 2024-04-23 22:57:57.998 [main] ObjectStore - Open transaction: count = 1, isActive = true
[DEBUG] 2024-04-23 22:57:57.998 [main] ObjectStore - Open transaction: count = 2, isActive = true
[DEBUG] 2024-04-23 22:57:58.002 [main] MetaStoreDirectSql - getDatabase: directsql returning db db_test_get_fields_1 locn[file:/home/alex/Repositories/hive/standalone-metastore/metastore-server/target/external/db_test_get_fields_1.db] desc [null] owner [alex] ownertype [USER]
[DEBUG] 2024-04-23 22:57:58.004 [main] ObjectStore - Using direct SQL optimization.
[DEBUG] 2024-04-23 22:57:58.004 [main] ObjectStore - Commit transaction: count = 1, isactive true
[DEBUG] 2024-04-23 22:57:58.004 [main] ObjectStore - db details for db db_test_get_fields_1 retrieved using SQL in 6.101589ms
[DEBUG] 2024-04-23 22:57:58.004 [main] HMSHandler - 0: get_all_tables: db=@hive#db_test_get_fields_1
[INFO ] 2024-04-23 22:57:58.004 [main] audit - ugi=alex	ip=unknown-ip-addr	cmd=get_all_tables: db=@hive#db_test_get_fields_1	
[DEBUG] 2024-04-23 22:57:58.005 [main] ObjectStore - Open transaction: count = 2, isActive = true
[DEBUG] 2024-04-23 22:57:58.006 [main] ObjectStore - Using direct SQL optimization.
[DEBUG] 2024-04-23 22:57:58.006 [main] ObjectStore - Commit transaction: count = 1, isactive true
[DEBUG] 2024-04-23 22:57:58.006 [main] ObjectStore - 2 entries retrieved using SQL in 1.150369ms
[DEBUG] 2024-04-23 22:57:58.007 [main] HMSHandler - get_all_tablestime taken(ns): 1679955
[DEBUG] 2024-04-23 22:57:58.007 [main] HMSHandler - 0: get_functions: db=@hive#db_test_get_fields_1 pat=*
[INFO ] 2024-04-23 22:57:58.007 [main] audit - ugi=alex	ip=unknown-ip-addr	cmd=get_functions: db=@hive#db_test_get_fields_1 pat=*	
[DEBUG] 2024-04-23 22:57:58.007 [main] ObjectStore - Open transaction: count = 2, isActive = true
[DEBUG] 2024-04-23 22:57:58.009 [main] ObjectStore - Commit transaction: count = 1, isactive true
[DEBUG] 2024-04-23 22:57:58.009 [main] HMSHandler - get_functionstime taken(ns): 1991553
[DEBUG] 2024-04-23 22:57:58.009 [main] HMSHandler - 0: get_all_stored_procedures
[INFO ] 2024-04-23 22:57:58.009 [main] audit - ugi=alex	ip=unknown-ip-addr	cmd=get_all_stored_procedures	
[DEBUG] 2024-04-23 22:57:58.009 [main] ObjectStore - Open transaction: count = 2, isActive = true
[DEBUG] 2024-04-23 22:57:58.010 [main] ObjectStore - Commit transaction: count = 1, isactive true
[DEBUG] 2024-04-23 22:57:58.010 [main] HMSHandler - get_all_stored_procedurestime taken(ns): 1225096
[DEBUG] 2024-04-23 22:57:58.011 [main] HMSHandler - 0: get_all_packages
[INFO ] 2024-04-23 22:57:58.011 [main] audit - ugi=alex	ip=unknown-ip-addr	cmd=get_all_packages	
[DEBUG] 2024-04-23 22:57:58.011 [main] ObjectStore - Open transaction: count = 2, isActive = true
[DEBUG] 2024-04-23 22:57:58.012 [main] ObjectStore - Commit transaction: count = 1, isactive true
[DEBUG] 2024-04-23 22:57:58.012 [main] HMSHandler - get_all_packagestime taken(ns): 1412723
[DEBUG] 2024-04-23 22:57:58.013 [main] HMSHandler - 0: getTablesByTypeCore: catName=hive: db=db_test_get_fields_1 pat=.*,type=MATERIALIZED_VIEW
[INFO ] 2024-04-23 22:57:58.013 [main] audit - ugi=alex	ip=unknown-ip-addr	cmd=getTablesByTypeCore: catName=hive: db=db_test_get_fields_1 pat=.*,type=MATERIALIZED_VIEW	
[DEBUG] 2024-04-23 22:57:58.013 [main] ObjectStore - Open transaction: count = 2, isActive = true
[DEBUG] 2024-04-23 22:57:58.014 [main] MetaStoreDirectSql - getDatabase: directsql returning db db_test_get_fields_1 locn[file:/home/alex/Repositories/hive/standalone-metastore/metastore-server/target/external/db_test_get_fields_1.db] desc [null] owner [alex] ownertype [USER]
[DEBUG] 2024-04-23 22:57:58.014 [main] ObjectStore - Using direct SQL optimization.
[DEBUG] 2024-04-23 22:57:58.014 [main] ObjectStore - Commit transaction: count = 1, isactive true
[DEBUG] 2024-04-23 22:57:58.014 [main] ObjectStore - db details for db db_test_get_fields_1 retrieved using SQL in 1.265371ms
[DEBUG] 2024-04-23 22:57:58.014 [main] ObjectStore - Open transaction: count = 2, isActive = true
[DEBUG] 2024-04-23 22:57:58.015 [main] ObjectStore - Using direct SQL optimization.
[DEBUG] 2024-04-23 22:57:58.015 [main] ObjectStore - Commit transaction: count = 1, isactive true
[DEBUG] 2024-04-23 22:57:58.015 [main] ObjectStore - 0 entries retrieved using SQL in 0.886789ms
[DEBUG] 2024-04-23 22:57:58.015 [main] HMSHandler - getTablesByTypeCoretime taken(ns): 2363523
[DEBUG] 2024-04-23 22:57:58.015 [main] ObjectStore - Open transaction: count = 2, isActive = true
[DEBUG] 2024-04-23 22:57:58.016 [main] ObjectStore - Open transaction: count = 3, isActive = true
[DEBUG] 2024-04-23 22:57:58.018 [main] MetaStoreDirectSql - getDatabase: directsql returning db db_test_get_fields_1 locn[file:/home/alex/Repositories/hive/standalone-metastore/metastore-server/target/external/db_test_get_fields_1.db] desc [null] owner [alex] ownertype [USER]
[DEBUG] 2024-04-23 22:57:58.018 [main] ObjectStore - Using direct SQL optimization.
[DEBUG] 2024-04-23 22:57:58.018 [main] ObjectStore - Commit transaction: count = 2, isactive true
[DEBUG] 2024-04-23 22:57:58.018 [main] ObjectStore - db details for db db_test_get_fields_1 retrieved using SQL in 1.609977ms
[DEBUG] 2024-04-23 22:57:58.018 [main] ObjectStore - Commit transaction: count = 1, isactive true
[INFO ] 2024-04-23 22:57:58.018 [main] ObjectStore - Dropping database hive.db_test_get_fields_1 along with all tables
[DEBUG] 2024-04-23 22:57:58.018 [main] ObjectStore - Open transaction: count = 2, isActive = true
[DEBUG] 2024-04-23 22:57:58.018 [main] ObjectStore - Open transaction: count = 3, isActive = true
[DEBUG] 2024-04-23 22:57:58.020 [main] ObjectStore - Commit transaction: count = 2, isactive true
[DEBUG] 2024-04-23 22:57:58.020 [main] ObjectStore - Executing listDatabaseGrants
[DEBUG] 2024-04-23 22:57:58.021 [main] ObjectStore - Done retrieving all objects for listDatabaseGrants: []
[DEBUG] 2024-04-23 22:57:58.021 [main] ObjectStore - Commit transaction: count = 1, isactive true
[DEBUG] 2024-04-23 22:57:58.022 [main] TxnHandler - Catching sql exception in min history level check
java.sql.SQLSyntaxErrorException: Table/View 'MIN_HISTORY_LEVEL' does not exist.
	at org.apache.derby.impl.jdbc.SQLExceptionFactory.getSQLException(Unknown Source) ~[derby-10.14.1.0.jar:?]
	at org.apache.derby.impl.jdbc.Util.generateCsSQLException(Unknown Source) ~[derby-10.14.1.0.jar:?]
	at org.apache.derby.impl.jdbc.TransactionResourceImpl.wrapInSQLException(Unknown Source) ~[derby-10.14.1.0.jar:?]
	at org.apache.derby.impl.jdbc.TransactionResourceImpl.handleException(Unknown Source) ~[derby-10.14.1.0.jar:?]
	at org.apache.derby.impl.jdbc.EmbedConnection.handleException(Unknown Source) ~[derby-10.14.1.0.jar:?]
	at org.apache.derby.impl.jdbc.ConnectionChild.handleException(Unknown Source) ~[derby-10.14.1.0.jar:?]
	at org.apache.derby.impl.jdbc.EmbedStatement.execute(Unknown Source) ~[derby-10.14.1.0.jar:?]
	at org.apache.derby.impl.jdbc.EmbedStatement.executeQuery(Unknown Source) ~[derby-10.14.1.0.jar:?]
	at com.zaxxer.hikari.pool.ProxyStatement.executeQuery(ProxyStatement.java:108) ~[HikariCP-2.6.1.jar:?]
	at com.zaxxer.hikari.pool.HikariProxyStatement.executeQuery(HikariProxyStatement.java) ~[HikariCP-2.6.1.jar:?]
	at org.apache.hadoop.hive.metastore.txn.TxnHandler.checkMinHistoryLevelTable(TxnHandler.java:456) [classes/:?]
	at org.apache.hadoop.hive.metastore.txn.TxnHandler.setConf(TxnHandler.java:422) [classes/:?]
	at org.apache.hadoop.hive.metastore.txn.TxnUtils.getTxnStore(TxnUtils.java:124) [classes/:?]
	at org.apache.hadoop.hive.metastore.AcidEventListener.getTxnHandler(AcidEventListener.java:136) [classes/:?]
	at org.apache.hadoop.hive.metastore.AcidEventListener.onDropDatabase(AcidEventListener.java:57) [classes/:?]
	at org.apache.hadoop.hive.metastore.MetaStoreListenerNotifier$26.notify(MetaStoreListenerNotifier.java:99) [classes/:?]
	at org.apache.hadoop.hive.metastore.MetaStoreListenerNotifier.notifyEvent(MetaStoreListenerNotifier.java:339) [classes/:?]
	at org.apache.hadoop.hive.metastore.HMSHandler.drop_database_core(HMSHandler.java:1785) [classes/:?]
	at org.apache.hadoop.hive.metastore.HMSHandler.drop_database(HMSHandler.java:1869) [classes/:?]
	at sun.reflect.NativeMethodAccessorImpl.invoke0(Native Method) ~[?:1.8.0_402]
	at sun.reflect.NativeMethodAccessorImpl.invoke(NativeMethodAccessorImpl.java:62) ~[?:1.8.0_402]
	at sun.reflect.DelegatingMethodAccessorImpl.invoke(DelegatingMethodAccessorImpl.java:43) ~[?:1.8.0_402]
	at java.lang.reflect.Method.invoke(Method.java:498) ~[?:1.8.0_402]
	at org.apache.hadoop.hive.metastore.RetryingHMSHandler.invokeInternal(RetryingHMSHandler.java:147) [classes/:?]
	at org.apache.hadoop.hive.metastore.RetryingHMSHandler.invoke(RetryingHMSHandler.java:108) [classes/:?]
	at com.sun.proxy.$Proxy35.drop_database(Unknown Source) [?:?]
	at org.apache.hadoop.hive.metastore.HiveMetaStoreClient.dropDatabaseCascadePerDb(HiveMetaStoreClient.java:1601) [classes/:?]
	at org.apache.hadoop.hive.metastore.HiveMetaStoreClient.dropDatabase(HiveMetaStoreClient.java:1532) [classes/:?]
	at org.apache.hadoop.hive.metastore.HiveMetaStoreClient.dropDatabase(HiveMetaStoreClient.java:1485) [classes/:?]
	at org.apache.hadoop.hive.metastore.TestHmsServerAuthorization.tearDown(TestHmsServerAuthorization.java:129) [test-classes/:?]
	at sun.reflect.NativeMethodAccessorImpl.invoke0(Native Method) ~[?:1.8.0_402]
	at sun.reflect.NativeMethodAccessorImpl.invoke(NativeMethodAccessorImpl.java:62) ~[?:1.8.0_402]
	at sun.reflect.DelegatingMethodAccessorImpl.invoke(DelegatingMethodAccessorImpl.java:43) ~[?:1.8.0_402]
	at java.lang.reflect.Method.invoke(Method.java:498) ~[?:1.8.0_402]
	at org.junit.runners.model.FrameworkMethod$1.runReflectiveCall(FrameworkMethod.java:59) [junit-4.13.jar:4.13]
	at org.junit.internal.runners.model.ReflectiveCallable.run(ReflectiveCallable.java:12) [junit-4.13.jar:4.13]
	at org.junit.runners.model.FrameworkMethod.invokeExplosively(FrameworkMethod.java:56) [junit-4.13.jar:4.13]
	at org.junit.internal.runners.statements.RunAfters.invokeMethod(RunAfters.java:46) [junit-4.13.jar:4.13]
	at org.junit.internal.runners.statements.RunAfters.evaluate(RunAfters.java:33) [junit-4.13.jar:4.13]
	at org.junit.runners.ParentRunner$3.evaluate(ParentRunner.java:306) [junit-4.13.jar:4.13]
	at org.junit.runners.ParentRunner.run(ParentRunner.java:413) [junit-4.13.jar:4.13]
	at org.junit.runners.Suite.runChild(Suite.java:128) [junit-4.13.jar:4.13]
	at org.junit.runners.Suite.runChild(Suite.java:27) [junit-4.13.jar:4.13]
	at org.junit.runners.ParentRunner$4.run(ParentRunner.java:331) [junit-4.13.jar:4.13]
	at org.junit.runners.ParentRunner$1.schedule(ParentRunner.java:79) [junit-4.13.jar:4.13]
	at org.junit.runners.ParentRunner.runChildren(ParentRunner.java:329) [junit-4.13.jar:4.13]
	at org.junit.runners.ParentRunner.access$100(ParentRunner.java:66) [junit-4.13.jar:4.13]
	at org.junit.runners.ParentRunner$2.evaluate(ParentRunner.java:293) [junit-4.13.jar:4.13]
	at org.junit.runners.ParentRunner$3.evaluate(ParentRunner.java:306) [junit-4.13.jar:4.13]
	at org.junit.runners.ParentRunner.run(ParentRunner.java:413) [junit-4.13.jar:4.13]
	at org.apache.maven.surefire.junitcore.JUnitCore.run(JUnitCore.java:55) [surefire-junit47-3.0.0-M4.jar:3.0.0-M4]
	at org.apache.maven.surefire.junitcore.JUnitCoreWrapper.createRequestAndRun(JUnitCoreWrapper.java:137) [surefire-junit47-3.0.0-M4.jar:3.0.0-M4]
	at org.apache.maven.surefire.junitcore.JUnitCoreWrapper.executeEager(JUnitCoreWrapper.java:107) [surefire-junit47-3.0.0-M4.jar:3.0.0-M4]
	at org.apache.maven.surefire.junitcore.JUnitCoreWrapper.execute(JUnitCoreWrapper.java:83) [surefire-junit47-3.0.0-M4.jar:3.0.0-M4]
	at org.apache.maven.surefire.junitcore.JUnitCoreWrapper.execute(JUnitCoreWrapper.java:75) [surefire-junit47-3.0.0-M4.jar:3.0.0-M4]
	at org.apache.maven.surefire.junitcore.JUnitCoreProvider.invoke(JUnitCoreProvider.java:158) [surefire-junit47-3.0.0-M4.jar:3.0.0-M4]
	at org.apache.maven.surefire.booter.ForkedBooter.runSuitesInProcess(ForkedBooter.java:377) [surefire-booter-3.0.0-M4.jar:3.0.0-M4]
	at org.apache.maven.surefire.booter.ForkedBooter.execute(ForkedBooter.java:138) [surefire-booter-3.0.0-M4.jar:3.0.0-M4]
	at org.apache.maven.surefire.booter.ForkedBooter.run(ForkedBooter.java:465) [surefire-booter-3.0.0-M4.jar:3.0.0-M4]
	at org.apache.maven.surefire.booter.ForkedBooter.main(ForkedBooter.java:451) [surefire-booter-3.0.0-M4.jar:3.0.0-M4]
Caused by: org.apache.derby.iapi.error.StandardException: Table/View 'MIN_HISTORY_LEVEL' does not exist.
	at org.apache.derby.iapi.error.StandardException.newException(Unknown Source) ~[derby-10.14.1.0.jar:?]
	at org.apache.derby.iapi.error.StandardException.newException(Unknown Source) ~[derby-10.14.1.0.jar:?]
	at org.apache.derby.impl.sql.compile.FromBaseTable.bindTableDescriptor(Unknown Source) ~[derby-10.14.1.0.jar:?]
	at org.apache.derby.impl.sql.compile.FromBaseTable.bindNonVTITables(Unknown Source) ~[derby-10.14.1.0.jar:?]
	at org.apache.derby.impl.sql.compile.FromList.bindTables(Unknown Source) ~[derby-10.14.1.0.jar:?]
	at org.apache.derby.impl.sql.compile.SelectNode.bindNonVTITables(Unknown Source) ~[derby-10.14.1.0.jar:?]
	at org.apache.derby.impl.sql.compile.DMLStatementNode.bindTables(Unknown Source) ~[derby-10.14.1.0.jar:?]
	at org.apache.derby.impl.sql.compile.DMLStatementNode.bind(Unknown Source) ~[derby-10.14.1.0.jar:?]
	at org.apache.derby.impl.sql.compile.CursorNode.bindStatement(Unknown Source) ~[derby-10.14.1.0.jar:?]
	at org.apache.derby.impl.sql.GenericStatement.prepMinion(Unknown Source) ~[derby-10.14.1.0.jar:?]
	at org.apache.derby.impl.sql.GenericStatement.prepare(Unknown Source) ~[derby-10.14.1.0.jar:?]
	at org.apache.derby.impl.sql.conn.GenericLanguageConnectionContext.prepareInternalStatement(Unknown Source) ~[derby-10.14.1.0.jar:?]
	... 54 more
[DEBUG] 2024-04-23 22:57:58.023 [main] ProxyConnection - HikariPool-2 - Executed rollback on connection org.apache.derby.impl.jdbc.EmbedConnection@1474640235 (XID = 1025), (SESSIONID = 21), (DATABASE = memory:/home/alex/Repositories/hive/standalone-metastore/metastore-server/target/tmp/junit_metastore_db), (DRDAID = null)  due to dirty commit state on close().
[DEBUG] 2024-04-23 22:57:58.023 [main] PoolBase - HikariPool-2 - Reset (autoCommit) on connection org.apache.derby.impl.jdbc.EmbedConnection@1474640235 (XID = 1025), (SESSIONID = 21), (DATABASE = memory:/home/alex/Repositories/hive/standalone-metastore/metastore-server/target/tmp/junit_metastore_db), (DRDAID = null) 
[DEBUG] 2024-04-23 22:57:58.023 [main] TxnHandler - Going to execute update <DELETE FROM "TXN_COMPONENTS" WHERE "TC_DATABASE"='db_test_get_fields_1'>
[DEBUG] 2024-04-23 22:57:58.024 [main] TxnHandler - Going to rollback: 
java.sql.SQLSyntaxErrorException: Table/View 'TXN_COMPONENTS' does not exist.
	at org.apache.derby.impl.jdbc.SQLExceptionFactory.getSQLException(Unknown Source) ~[derby-10.14.1.0.jar:?]
	at org.apache.derby.impl.jdbc.Util.generateCsSQLException(Unknown Source) ~[derby-10.14.1.0.jar:?]
	at org.apache.derby.impl.jdbc.TransactionResourceImpl.wrapInSQLException(Unknown Source) ~[derby-10.14.1.0.jar:?]
	at org.apache.derby.impl.jdbc.TransactionResourceImpl.handleException(Unknown Source) ~[derby-10.14.1.0.jar:?]
	at org.apache.derby.impl.jdbc.EmbedConnection.handleException(Unknown Source) ~[derby-10.14.1.0.jar:?]
	at org.apache.derby.impl.jdbc.ConnectionChild.handleException(Unknown Source) ~[derby-10.14.1.0.jar:?]
	at org.apache.derby.impl.jdbc.EmbedStatement.execute(Unknown Source) ~[derby-10.14.1.0.jar:?]
	at org.apache.derby.impl.jdbc.EmbedStatement.executeLargeUpdate(Unknown Source) ~[derby-10.14.1.0.jar:?]
	at org.apache.derby.impl.jdbc.EmbedStatement.executeUpdate(Unknown Source) ~[derby-10.14.1.0.jar:?]
	at com.zaxxer.hikari.pool.ProxyStatement.executeUpdate(ProxyStatement.java:117) ~[HikariCP-2.6.1.jar:?]
	at com.zaxxer.hikari.pool.HikariProxyStatement.executeUpdate(HikariProxyStatement.java) ~[HikariCP-2.6.1.jar:?]
	at org.apache.hadoop.hive.metastore.txn.TxnHandler.cleanupRecords(TxnHandler.java:4190) [classes/:?]
	at org.apache.hadoop.hive.metastore.AcidEventListener.onDropDatabase(AcidEventListener.java:58) [classes/:?]
	at org.apache.hadoop.hive.metastore.MetaStoreListenerNotifier$26.notify(MetaStoreListenerNotifier.java:99) [classes/:?]
	at org.apache.hadoop.hive.metastore.MetaStoreListenerNotifier.notifyEvent(MetaStoreListenerNotifier.java:339) [classes/:?]
	at org.apache.hadoop.hive.metastore.HMSHandler.drop_database_core(HMSHandler.java:1785) [classes/:?]
	at org.apache.hadoop.hive.metastore.HMSHandler.drop_database(HMSHandler.java:1869) [classes/:?]
	at sun.reflect.NativeMethodAccessorImpl.invoke0(Native Method) ~[?:1.8.0_402]
	at sun.reflect.NativeMethodAccessorImpl.invoke(NativeMethodAccessorImpl.java:62) ~[?:1.8.0_402]
	at sun.reflect.DelegatingMethodAccessorImpl.invoke(DelegatingMethodAccessorImpl.java:43) ~[?:1.8.0_402]
	at java.lang.reflect.Method.invoke(Method.java:498) ~[?:1.8.0_402]
	at org.apache.hadoop.hive.metastore.RetryingHMSHandler.invokeInternal(RetryingHMSHandler.java:147) [classes/:?]
	at org.apache.hadoop.hive.metastore.RetryingHMSHandler.invoke(RetryingHMSHandler.java:108) [classes/:?]
	at com.sun.proxy.$Proxy35.drop_database(Unknown Source) [?:?]
	at org.apache.hadoop.hive.metastore.HiveMetaStoreClient.dropDatabaseCascadePerDb(HiveMetaStoreClient.java:1601) [classes/:?]
	at org.apache.hadoop.hive.metastore.HiveMetaStoreClient.dropDatabase(HiveMetaStoreClient.java:1532) [classes/:?]
	at org.apache.hadoop.hive.metastore.HiveMetaStoreClient.dropDatabase(HiveMetaStoreClient.java:1485) [classes/:?]
	at org.apache.hadoop.hive.metastore.TestHmsServerAuthorization.tearDown(TestHmsServerAuthorization.java:129) [test-classes/:?]
	at sun.reflect.NativeMethodAccessorImpl.invoke0(Native Method) ~[?:1.8.0_402]
	at sun.reflect.NativeMethodAccessorImpl.invoke(NativeMethodAccessorImpl.java:62) ~[?:1.8.0_402]
	at sun.reflect.DelegatingMethodAccessorImpl.invoke(DelegatingMethodAccessorImpl.java:43) ~[?:1.8.0_402]
	at java.lang.reflect.Method.invoke(Method.java:498) ~[?:1.8.0_402]
	at org.junit.runners.model.FrameworkMethod$1.runReflectiveCall(FrameworkMethod.java:59) [junit-4.13.jar:4.13]
	at org.junit.internal.runners.model.ReflectiveCallable.run(ReflectiveCallable.java:12) [junit-4.13.jar:4.13]
	at org.junit.runners.model.FrameworkMethod.invokeExplosively(FrameworkMethod.java:56) [junit-4.13.jar:4.13]
	at org.junit.internal.runners.statements.RunAfters.invokeMethod(RunAfters.java:46) [junit-4.13.jar:4.13]
	at org.junit.internal.runners.statements.RunAfters.evaluate(RunAfters.java:33) [junit-4.13.jar:4.13]
	at org.junit.runners.ParentRunner$3.evaluate(ParentRunner.java:306) [junit-4.13.jar:4.13]
	at org.junit.runners.ParentRunner.run(ParentRunner.java:413) [junit-4.13.jar:4.13]
	at org.junit.runners.Suite.runChild(Suite.java:128) [junit-4.13.jar:4.13]
	at org.junit.runners.Suite.runChild(Suite.java:27) [junit-4.13.jar:4.13]
	at org.junit.runners.ParentRunner$4.run(ParentRunner.java:331) [junit-4.13.jar:4.13]
	at org.junit.runners.ParentRunner$1.schedule(ParentRunner.java:79) [junit-4.13.jar:4.13]
	at org.junit.runners.ParentRunner.runChildren(ParentRunner.java:329) [junit-4.13.jar:4.13]
	at org.junit.runners.ParentRunner.access$100(ParentRunner.java:66) [junit-4.13.jar:4.13]
	at org.junit.runners.ParentRunner$2.evaluate(ParentRunner.java:293) [junit-4.13.jar:4.13]
	at org.junit.runners.ParentRunner$3.evaluate(ParentRunner.java:306) [junit-4.13.jar:4.13]
	at org.junit.runners.ParentRunner.run(ParentRunner.java:413) [junit-4.13.jar:4.13]
	at org.apache.maven.surefire.junitcore.JUnitCore.run(JUnitCore.java:55) [surefire-junit47-3.0.0-M4.jar:3.0.0-M4]
	at org.apache.maven.surefire.junitcore.JUnitCoreWrapper.createRequestAndRun(JUnitCoreWrapper.java:137) [surefire-junit47-3.0.0-M4.jar:3.0.0-M4]
	at org.apache.maven.surefire.junitcore.JUnitCoreWrapper.executeEager(JUnitCoreWrapper.java:107) [surefire-junit47-3.0.0-M4.jar:3.0.0-M4]
	at org.apache.maven.surefire.junitcore.JUnitCoreWrapper.execute(JUnitCoreWrapper.java:83) [surefire-junit47-3.0.0-M4.jar:3.0.0-M4]
	at org.apache.maven.surefire.junitcore.JUnitCoreWrapper.execute(JUnitCoreWrapper.java:75) [surefire-junit47-3.0.0-M4.jar:3.0.0-M4]
	at org.apache.maven.surefire.junitcore.JUnitCoreProvider.invoke(JUnitCoreProvider.java:158) [surefire-junit47-3.0.0-M4.jar:3.0.0-M4]
	at org.apache.maven.surefire.booter.ForkedBooter.runSuitesInProcess(ForkedBooter.java:377) [surefire-booter-3.0.0-M4.jar:3.0.0-M4]
	at org.apache.maven.surefire.booter.ForkedBooter.execute(ForkedBooter.java:138) [surefire-booter-3.0.0-M4.jar:3.0.0-M4]
	at org.apache.maven.surefire.booter.ForkedBooter.run(ForkedBooter.java:465) [surefire-booter-3.0.0-M4.jar:3.0.0-M4]
	at org.apache.maven.surefire.booter.ForkedBooter.main(ForkedBooter.java:451) [surefire-booter-3.0.0-M4.jar:3.0.0-M4]
Caused by: org.apache.derby.iapi.error.StandardException: Table/View 'TXN_COMPONENTS' does not exist.
	at org.apache.derby.iapi.error.StandardException.newException(Unknown Source) ~[derby-10.14.1.0.jar:?]
	at org.apache.derby.iapi.error.StandardException.newException(Unknown Source) ~[derby-10.14.1.0.jar:?]
	at org.apache.derby.impl.sql.compile.FromBaseTable.bindTableDescriptor(Unknown Source) ~[derby-10.14.1.0.jar:?]
	at org.apache.derby.impl.sql.compile.FromBaseTable.bindNonVTITables(Unknown Source) ~[derby-10.14.1.0.jar:?]
	at org.apache.derby.impl.sql.compile.FromList.bindTables(Unknown Source) ~[derby-10.14.1.0.jar:?]
	at org.apache.derby.impl.sql.compile.SelectNode.bindNonVTITables(Unknown Source) ~[derby-10.14.1.0.jar:?]
	at org.apache.derby.impl.sql.compile.DMLStatementNode.bindTables(Unknown Source) ~[derby-10.14.1.0.jar:?]
	at org.apache.derby.impl.sql.compile.DeleteNode.bindStatement(Unknown Source) ~[derby-10.14.1.0.jar:?]
	at org.apache.derby.impl.sql.GenericStatement.prepMinion(Unknown Source) ~[derby-10.14.1.0.jar:?]
	at org.apache.derby.impl.sql.GenericStatement.prepare(Unknown Source) ~[derby-10.14.1.0.jar:?]
	at org.apache.derby.impl.sql.conn.GenericLanguageConnectionContext.prepareInternalStatement(Unknown Source) ~[derby-10.14.1.0.jar:?]
	... 52 more
[INFO ] 2024-04-23 22:57:58.024 [main] TxnHandler - Non-retryable error in cleanupRecords : Table/View 'TXN_COMPONENTS' does not exist. (SQLState=42X05, ErrorCode=20000)
[WARN ] 2024-04-23 22:57:58.024 [main] TxnHandler - Cannot perform cleanup since metastore table does not exist
[DEBUG] 2024-04-23 22:57:58.024 [main] PoolBase - HikariPool-2 - Reset (autoCommit) on connection org.apache.derby.impl.jdbc.EmbedConnection@1474640235 (XID = 1025), (SESSIONID = 21), (DATABASE = memory:/home/alex/Repositories/hive/standalone-metastore/metastore-server/target/tmp/junit_metastore_db), (DRDAID = null) 
[DEBUG] 2024-04-23 22:57:58.024 [main] ObjectStore - Commit transaction: count = 0, isactive true
[DEBUG] 2024-04-23 22:57:58.025 [main] PoolBase - HikariPool-1 - Reset (autoCommit) on connection org.apache.derby.impl.jdbc.EmbedConnection@1807176280 (XID = 166), (SESSIONID = 1), (DATABASE = memory:/home/alex/Repositories/hive/standalone-metastore/metastore-server/target/tmp/junit_metastore_db), (DRDAID = null) 
[DEBUG] 2024-04-23 22:57:58.026 [main] ObjectStore - rolling back transaction: no open transactions: 0
[DEBUG] 2024-04-23 22:57:58.026 [main] HMSHandler - drop_databasetime taken(ns): 28288147
[ERROR] 2024-04-23 22:57:58.026 [main] RetryingHMSHandler - HMSHandler Fatal error: javax.jdo.JDODataStoreException: Exception thrown flushing changes to datastore
	at org.datanucleus.api.jdo.NucleusJDOHelper.getJDOExceptionForNucleusException(NucleusJDOHelper.java:542)
	at org.datanucleus.api.jdo.JDOTransaction.commit(JDOTransaction.java:162)
	at org.apache.hadoop.hive.metastore.ObjectStore.commitTransaction(ObjectStore.java:615)
	at sun.reflect.GeneratedMethodAccessor8.invoke(Unknown Source)
	at sun.reflect.DelegatingMethodAccessorImpl.invoke(DelegatingMethodAccessorImpl.java:43)
	at java.lang.reflect.Method.invoke(Method.java:498)
	at org.apache.hadoop.hive.metastore.RawStoreProxy.invoke(RawStoreProxy.java:97)
	at com.sun.proxy.$Proxy29.commitTransaction(Unknown Source)
	at org.apache.hadoop.hive.metastore.HMSHandler.drop_database_core(HMSHandler.java:1790)
	at org.apache.hadoop.hive.metastore.HMSHandler.drop_database(HMSHandler.java:1869)
	at sun.reflect.NativeMethodAccessorImpl.invoke0(Native Method)
	at sun.reflect.NativeMethodAccessorImpl.invoke(NativeMethodAccessorImpl.java:62)
	at sun.reflect.DelegatingMethodAccessorImpl.invoke(DelegatingMethodAccessorImpl.java:43)
	at java.lang.reflect.Method.invoke(Method.java:498)
	at org.apache.hadoop.hive.metastore.RetryingHMSHandler.invokeInternal(RetryingHMSHandler.java:147)
	at org.apache.hadoop.hive.metastore.RetryingHMSHandler.invoke(RetryingHMSHandler.java:108)
	at com.sun.proxy.$Proxy35.drop_database(Unknown Source)
	at org.apache.hadoop.hive.metastore.HiveMetaStoreClient.dropDatabaseCascadePerDb(HiveMetaStoreClient.java:1601)
	at org.apache.hadoop.hive.metastore.HiveMetaStoreClient.dropDatabase(HiveMetaStoreClient.java:1532)
	at org.apache.hadoop.hive.metastore.HiveMetaStoreClient.dropDatabase(HiveMetaStoreClient.java:1485)
	at org.apache.hadoop.hive.metastore.TestHmsServerAuthorization.tearDown(TestHmsServerAuthorization.java:129)
	at sun.reflect.NativeMethodAccessorImpl.invoke0(Native Method)
	at sun.reflect.NativeMethodAccessorImpl.invoke(NativeMethodAccessorImpl.java:62)
	at sun.reflect.DelegatingMethodAccessorImpl.invoke(DelegatingMethodAccessorImpl.java:43)
	at java.lang.reflect.Method.invoke(Method.java:498)
	at org.junit.runners.model.FrameworkMethod$1.runReflectiveCall(FrameworkMethod.java:59)
	at org.junit.internal.runners.model.ReflectiveCallable.run(ReflectiveCallable.java:12)
	at org.junit.runners.model.FrameworkMethod.invokeExplosively(FrameworkMethod.java:56)
	at org.junit.internal.runners.statements.RunAfters.invokeMethod(RunAfters.java:46)
	at org.junit.internal.runners.statements.RunAfters.evaluate(RunAfters.java:33)
	at org.junit.runners.ParentRunner$3.evaluate(ParentRunner.java:306)
	at org.junit.runners.ParentRunner.run(ParentRunner.java:413)
	at org.junit.runners.Suite.runChild(Suite.java:128)
	at org.junit.runners.Suite.runChild(Suite.java:27)
	at org.junit.runners.ParentRunner$4.run(ParentRunner.java:331)
	at org.junit.runners.ParentRunner$1.schedule(ParentRunner.java:79)
	at org.junit.runners.ParentRunner.runChildren(ParentRunner.java:329)
	at org.junit.runners.ParentRunner.access$100(ParentRunner.java:66)
	at org.junit.runners.ParentRunner$2.evaluate(ParentRunner.java:293)
	at org.junit.runners.ParentRunner$3.evaluate(ParentRunner.java:306)
	at org.junit.runners.ParentRunner.run(ParentRunner.java:413)
	at org.apache.maven.surefire.junitcore.JUnitCore.run(JUnitCore.java:55)
	at org.apache.maven.surefire.junitcore.JUnitCoreWrapper.createRequestAndRun(JUnitCoreWrapper.java:137)
	at org.apache.maven.surefire.junitcore.JUnitCoreWrapper.executeEager(JUnitCoreWrapper.java:107)
	at org.apache.maven.surefire.junitcore.JUnitCoreWrapper.execute(JUnitCoreWrapper.java:83)
	at org.apache.maven.surefire.junitcore.JUnitCoreWrapper.execute(JUnitCoreWrapper.java:75)
	at org.apache.maven.surefire.junitcore.JUnitCoreProvider.invoke(JUnitCoreProvider.java:158)
	at org.apache.maven.surefire.booter.ForkedBooter.runSuitesInProcess(ForkedBooter.java:377)
	at org.apache.maven.surefire.booter.ForkedBooter.execute(ForkedBooter.java:138)
	at org.apache.maven.surefire.booter.ForkedBooter.run(ForkedBooter.java:465)
	at org.apache.maven.surefire.booter.ForkedBooter.main(ForkedBooter.java:451)
NestedThrowablesStackTrace:
java.sql.BatchUpdateException: DELETE on table 'DBS' caused a violation of foreign key constraint 'TBLS_FK1' for key (2).  The statement has been rolled back.
	at org.apache.derby.impl.jdbc.EmbedStatement.executeLargeBatch(Unknown Source)
	at org.apache.derby.impl.jdbc.EmbedStatement.executeBatch(Unknown Source)
	at com.zaxxer.hikari.pool.ProxyStatement.executeBatch(ProxyStatement.java:125)
	at com.zaxxer.hikari.pool.HikariProxyPreparedStatement.executeBatch(HikariProxyPreparedStatement.java)
	at org.datanucleus.store.rdbms.ParamLoggingPreparedStatement.executeBatch(ParamLoggingPreparedStatement.java:366)
	at org.datanucleus.store.rdbms.SQLController.processConnectionStatement(SQLController.java:675)
	at org.datanucleus.store.rdbms.SQLController.processStatementsForConnection(SQLController.java:643)
	at org.datanucleus.store.rdbms.SQLController$1.transactionFlushed(SQLController.java:729)
	at org.datanucleus.store.connection.AbstractManagedConnection.transactionFlushed(AbstractManagedConnection.java:95)
	at org.datanucleus.store.connection.ConnectionManagerImpl$2.transactionFlushed(ConnectionManagerImpl.java:528)
	at org.datanucleus.TransactionImpl.flush(TransactionImpl.java:222)
	at org.datanucleus.TransactionImpl.commit(TransactionImpl.java:286)
	at org.datanucleus.api.jdo.JDOTransaction.commit(JDOTransaction.java:99)
	at org.apache.hadoop.hive.metastore.ObjectStore.commitTransaction(ObjectStore.java:615)
	at sun.reflect.GeneratedMethodAccessor8.invoke(Unknown Source)
	at sun.reflect.DelegatingMethodAccessorImpl.invoke(DelegatingMethodAccessorImpl.java:43)
	at java.lang.reflect.Method.invoke(Method.java:498)
	at org.apache.hadoop.hive.metastore.RawStoreProxy.invoke(RawStoreProxy.java:97)
	at com.sun.proxy.$Proxy29.commitTransaction(Unknown Source)
	at org.apache.hadoop.hive.metastore.HMSHandler.drop_database_core(HMSHandler.java:1790)
	at org.apache.hadoop.hive.metastore.HMSHandler.drop_database(HMSHandler.java:1869)
	at sun.reflect.NativeMethodAccessorImpl.invoke0(Native Method)
	at sun.reflect.NativeMethodAccessorImpl.invoke(NativeMethodAccessorImpl.java:62)
	at sun.reflect.DelegatingMethodAccessorImpl.invoke(DelegatingMethodAccessorImpl.java:43)
	at java.lang.reflect.Method.invoke(Method.java:498)
	at org.apache.hadoop.hive.metastore.RetryingHMSHandler.invokeInternal(RetryingHMSHandler.java:147)
	at org.apache.hadoop.hive.metastore.RetryingHMSHandler.invoke(RetryingHMSHandler.java:108)
	at com.sun.proxy.$Proxy35.drop_database(Unknown Source)
	at org.apache.hadoop.hive.metastore.HiveMetaStoreClient.dropDatabaseCascadePerDb(HiveMetaStoreClient.java:1601)
	at org.apache.hadoop.hive.metastore.HiveMetaStoreClient.dropDatabase(HiveMetaStoreClient.java:1532)
	at org.apache.hadoop.hive.metastore.HiveMetaStoreClient.dropDatabase(HiveMetaStoreClient.java:1485)
	at org.apache.hadoop.hive.metastore.TestHmsServerAuthorization.tearDown(TestHmsServerAuthorization.java:129)
	at sun.reflect.NativeMethodAccessorImpl.invoke0(Native Method)
	at sun.reflect.NativeMethodAccessorImpl.invoke(NativeMethodAccessorImpl.java:62)
	at sun.reflect.DelegatingMethodAccessorImpl.invoke(DelegatingMethodAccessorImpl.java:43)
	at java.lang.reflect.Method.invoke(Method.java:498)
	at org.junit.runners.model.FrameworkMethod$1.runReflectiveCall(FrameworkMethod.java:59)
	at org.junit.internal.runners.model.ReflectiveCallable.run(ReflectiveCallable.java:12)
	at org.junit.runners.model.FrameworkMethod.invokeExplosively(FrameworkMethod.java:56)
	at org.junit.internal.runners.statements.RunAfters.invokeMethod(RunAfters.java:46)
	at org.junit.internal.runners.statements.RunAfters.evaluate(RunAfters.java:33)
	at org.junit.runners.ParentRunner$3.evaluate(ParentRunner.java:306)
	at org.junit.runners.ParentRunner.run(ParentRunner.java:413)
	at org.junit.runners.Suite.runChild(Suite.java:128)
	at org.junit.runners.Suite.runChild(Suite.java:27)
	at org.junit.runners.ParentRunner$4.run(ParentRunner.java:331)
	at org.junit.runners.ParentRunner$1.schedule(ParentRunner.java:79)
	at org.junit.runners.ParentRunner.runChildren(ParentRunner.java:329)
	at org.junit.runners.ParentRunner.access$100(ParentRunner.java:66)
	at org.junit.runners.ParentRunner$2.evaluate(ParentRunner.java:293)
	at org.junit.runners.ParentRunner$3.evaluate(ParentRunner.java:306)
	at org.junit.runners.ParentRunner.run(ParentRunner.java:413)
	at org.apache.maven.surefire.junitcore.JUnitCore.run(JUnitCore.java:55)
	at org.apache.maven.surefire.junitcore.JUnitCoreWrapper.createRequestAndRun(JUnitCoreWrapper.java:137)
	at org.apache.maven.surefire.junitcore.JUnitCoreWrapper.executeEager(JUnitCoreWrapper.java:107)
	at org.apache.maven.surefire.junitcore.JUnitCoreWrapper.execute(JUnitCoreWrapper.java:83)
	at org.apache.maven.surefire.junitcore.JUnitCoreWrapper.execute(JUnitCoreWrapper.java:75)
	at org.apache.maven.surefire.junitcore.JUnitCoreProvider.invoke(JUnitCoreProvider.java:158)
	at org.apache.maven.surefire.booter.ForkedBooter.runSuitesInProcess(ForkedBooter.java:377)
	at org.apache.maven.surefire.booter.ForkedBooter.execute(ForkedBooter.java:138)
	at org.apache.maven.surefire.booter.ForkedBooter.run(ForkedBooter.java:465)
	at org.apache.maven.surefire.booter.ForkedBooter.main(ForkedBooter.java:451)
Caused by: org.apache.derby.shared.common.error.DerbySQLIntegrityConstraintViolationException: DELETE on table 'DBS' caused a violation of foreign key constraint 'TBLS_FK1' for key (2).  The statement has been rolled back.
	at org.apache.derby.impl.jdbc.SQLExceptionFactory.getSQLException(Unknown Source)
	at org.apache.derby.impl.jdbc.Util.generateCsSQLException(Unknown Source)
	at org.apache.derby.impl.jdbc.TransactionResourceImpl.wrapInSQLException(Unknown Source)
	at org.apache.derby.impl.jdbc.TransactionResourceImpl.handleException(Unknown Source)
	at org.apache.derby.impl.jdbc.EmbedConnection.handleException(Unknown Source)
	at org.apache.derby.impl.jdbc.ConnectionChild.handleException(Unknown Source)
	at org.apache.derby.impl.jdbc.EmbedStatement.executeStatement(Unknown Source)
	at org.apache.derby.impl.jdbc.EmbedPreparedStatement.executeBatchElement(Unknown Source)
	... 62 more
Caused by: ERROR 23503: DELETE on table 'DBS' caused a violation of foreign key constraint 'TBLS_FK1' for key (2).  The statement has been rolled back.
	at org.apache.derby.iapi.error.StandardException.newException(Unknown Source)
	at org.apache.derby.iapi.error.StandardException.newException(Unknown Source)
	at org.apache.derby.impl.sql.execute.ReferencedKeyRIChecker.doCheck(Unknown Source)
	at org.apache.derby.impl.sql.execute.RISetChecker.doPKCheck(Unknown Source)
	at org.apache.derby.impl.sql.execute.DeleteResultSet.collectAffectedRows(Unknown Source)
	at org.apache.derby.impl.sql.execute.DeleteResultSet.open(Unknown Source)
	at org.apache.derby.impl.sql.GenericPreparedStatement.executeStmt(Unknown Source)
	at org.apache.derby.impl.sql.GenericPreparedStatement.execute(Unknown Source)
	... 64 more

[DEBUG] 2024-04-23 22:57:58.026 [main] PerfLogger - </PERFLOG method=drop_database start=1713909457414 end=1713909478026 duration=20612 from=org.apache.hadoop.hive.metastore.RetryingHMSHandler threadId=0 retryCount=-1 error=true>
]]></system-out>
  </testcase>
</testsuite>