<?xml version="1.0" encoding="UTF-8"?>
<testsuite xmlns:xsi="http://www.w3.org/2001/XMLSchema-instance" xsi:noNamespaceSchemaLocation="https://maven.apache.org/surefire/maven-surefire-plugin/xsd/surefire-test-report-3.0.xsd" version="3.0" name="org.apache.hadoop.hive.common.ndv.hll.TestHLLSerialization" time="4.799" tests="88" errors="0" skipped="0" failures="25">
  <properties>
    <property name="sun.desktop" value="gnome"/>
    <property name="awt.toolkit" value="sun.awt.X11.XToolkit"/>
    <property name="java.specification.version" value="1.8"/>
    <property name="file.encoding.pkg" value="sun.io"/>
    <property name="nondexStart" value="0"/>
    <property name="sun.cpu.isalist" value=""/>
    <property name="sun.jnu.encoding" value="UTF-8"/>
    <property name="java.class.path" value="/home/alex/Repositories/hive/standalone-metastore/metastore-server/target/test-classes:/home/alex/Repositories/hive/standalone-metastore/metastore-server/target/classes:/home/alex/Repositories/hive/standalone-metastore/metastore-common/target/classes:/home/alex/.m2/repository/org/antlr/ST4/4.0.4/ST4-4.0.4.jar:/home/alex/.m2/repository/org/apache/zookeeper/zookeeper/3.5.5/zookeeper-3.5.5.jar:/home/alex/.m2/repository/org/apache/zookeeper/zookeeper-jute/3.5.5/zookeeper-jute-3.5.5.jar:/home/alex/.m2/repository/org/apache/yetus/audience-annotations/0.5.0/audience-annotations-0.5.0.jar:/home/alex/.m2/repository/com/github/ben-manes/caffeine/caffeine/2.8.4/caffeine-2.8.4.jar:/home/alex/.m2/repository/org/checkerframework/checker-qual/3.4.0/checker-qual-3.4.0.jar:/home/alex/.m2/repository/com/google/errorprone/error_prone_annotations/2.3.4/error_prone_annotations-2.3.4.jar:/home/alex/.m2/repository/org/apache/curator/curator-recipes/4.2.0/curator-recipes-4.2.0.jar:/home/alex/.m2/repository/org/apache/curator/curator-framework/4.2.0/curator-framework-4.2.0.jar:/home/alex/.m2/repository/org/apache/curator/curator-client/4.2.0/curator-client-4.2.0.jar:/home/alex/.m2/repository/org/slf4j/slf4j-api/1.7.30/slf4j-api-1.7.30.jar:/home/alex/.m2/repository/org/apache/orc/orc-core/1.6.9/orc-core-1.6.9.jar:/home/alex/.m2/repository/org/apache/orc/orc-shims/1.6.9/orc-shims-1.6.9.jar:/home/alex/.m2/repository/io/airlift/aircompressor/0.19/aircompressor-0.19.jar:/home/alex/.m2/repository/javax/xml/bind/jaxb-api/2.2.11/jaxb-api-2.2.11.jar:/home/alex/.m2/repository/org/jetbrains/annotations/17.0.0/annotations-17.0.0.jar:/home/alex/.m2/repository/org/threeten/threeten-extra/1.5.0/threeten-extra-1.5.0.jar:/home/alex/.m2/repository/com/fasterxml/jackson/core/jackson-databind/2.12.0/jackson-databind-2.12.0.jar:/home/alex/.m2/repository/com/fasterxml/jackson/core/jackson-annotations/2.12.0/jackson-annotations-2.12.0.jar:/home/alex/.m2/repository/com/fasterxml/jackson/core/jackson-core/2.12.0/jackson-core-2.12.0.jar:/home/alex/.m2/repository/com/github/joshelser/dropwizard-metrics-hadoop-metrics2-reporter/0.1.2/dropwizard-metrics-hadoop-metrics2-reporter-0.1.2.jar:/home/alex/.m2/repository/com/google/guava/guava/19.0/guava-19.0.jar:/home/alex/.m2/repository/com/google/protobuf/protobuf-java/2.6.1/protobuf-java-2.6.1.jar:/home/alex/.m2/repository/com/zaxxer/HikariCP/2.6.1/HikariCP-2.6.1.jar:/home/alex/.m2/repository/org/apache/commons/commons-dbcp2/2.7.0/commons-dbcp2-2.7.0.jar:/home/alex/.m2/repository/org/apache/commons/commons-pool2/2.7.0/commons-pool2-2.7.0.jar:/home/alex/.m2/repository/io/dropwizard/metrics/metrics-core/3.1.0/metrics-core-3.1.0.jar:/home/alex/.m2/repository/io/dropwizard/metrics/metrics-jvm/3.1.0/metrics-jvm-3.1.0.jar:/home/alex/.m2/repository/io/dropwizard/metrics/metrics-json/3.1.0/metrics-json-3.1.0.jar:/home/alex/.m2/repository/javolution/javolution/5.5.1/javolution-5.5.1.jar:/home/alex/.m2/repository/org/antlr/antlr-runtime/3.5.2/antlr-runtime-3.5.2.jar:/home/alex/.m2/repository/org/apache/commons/commons-lang3/3.9/commons-lang3-3.9.jar:/home/alex/.m2/repository/org/apache/derby/derby/10.14.1.0/derby-10.14.1.0.jar:/home/alex/.m2/repository/org/apache/hadoop/hadoop-common/3.1.0/hadoop-common-3.1.0.jar:/home/alex/.m2/repository/org/apache/hadoop/hadoop-annotations/3.1.0/hadoop-annotations-3.1.0.jar:/usr/lib/jvm/java-8-openjdk-amd64/jre/../lib/tools.jar:/home/alex/.m2/repository/commons-cli/commons-cli/1.2/commons-cli-1.2.jar:/home/alex/.m2/repository/org/apache/commons/commons-math3/3.1.1/commons-math3-3.1.1.jar:/home/alex/.m2/repository/org/apache/httpcomponents/httpclient/4.5.2/httpclient-4.5.2.jar:/home/alex/.m2/repository/commons-codec/commons-codec/1.11/commons-codec-1.11.jar:/home/alex/.m2/repository/commons-io/commons-io/2.5/commons-io-2.5.jar:/home/alex/.m2/repository/commons-net/commons-net/3.6/commons-net-3.6.jar:/home/alex/.m2/repository/commons-collections/commons-collections/3.2.2/commons-collections-3.2.2.jar:/home/alex/.m2/repository/javax/servlet/javax.servlet-api/3.1.0/javax.servlet-api-3.1.0.jar:/home/alex/.m2/repository/org/eclipse/jetty/jetty-server/9.3.19.v20170502/jetty-server-9.3.19.v20170502.jar:/home/alex/.m2/repository/org/eclipse/jetty/jetty-http/9.3.19.v20170502/jetty-http-9.3.19.v20170502.jar:/home/alex/.m2/repository/org/eclipse/jetty/jetty-io/9.3.19.v20170502/jetty-io-9.3.19.v20170502.jar:/home/alex/.m2/repository/org/eclipse/jetty/jetty-util/9.3.19.v20170502/jetty-util-9.3.19.v20170502.jar:/home/alex/.m2/repository/org/eclipse/jetty/jetty-servlet/9.3.19.v20170502/jetty-servlet-9.3.19.v20170502.jar:/home/alex/.m2/repository/org/eclipse/jetty/jetty-security/9.3.19.v20170502/jetty-security-9.3.19.v20170502.jar:/home/alex/.m2/repository/org/eclipse/jetty/jetty-webapp/9.3.19.v20170502/jetty-webapp-9.3.19.v20170502.jar:/home/alex/.m2/repository/org/eclipse/jetty/jetty-xml/9.3.19.v20170502/jetty-xml-9.3.19.v20170502.jar:/home/alex/.m2/repository/javax/servlet/jsp/jsp-api/2.1/jsp-api-2.1.jar:/home/alex/.m2/repository/com/sun/jersey/jersey-core/1.19/jersey-core-1.19.jar:/home/alex/.m2/repository/javax/ws/rs/jsr311-api/1.1.1/jsr311-api-1.1.1.jar:/home/alex/.m2/repository/com/sun/jersey/jersey-servlet/1.19/jersey-servlet-1.19.jar:/home/alex/.m2/repository/com/sun/jersey/jersey-json/1.19/jersey-json-1.19.jar:/home/alex/.m2/repository/org/codehaus/jettison/jettison/1.1/jettison-1.1.jar:/home/alex/.m2/repository/com/sun/xml/bind/jaxb-impl/2.2.3-1/jaxb-impl-2.2.3-1.jar:/home/alex/.m2/repository/org/codehaus/jackson/jackson-core-asl/1.9.2/jackson-core-asl-1.9.2.jar:/home/alex/.m2/repository/org/codehaus/jackson/jackson-mapper-asl/1.9.2/jackson-mapper-asl-1.9.2.jar:/home/alex/.m2/repository/org/codehaus/jackson/jackson-jaxrs/1.9.2/jackson-jaxrs-1.9.2.jar:/home/alex/.m2/repository/org/codehaus/jackson/jackson-xc/1.9.2/jackson-xc-1.9.2.jar:/home/alex/.m2/repository/com/sun/jersey/jersey-server/1.19/jersey-server-1.19.jar:/home/alex/.m2/repository/log4j/log4j/1.2.17/log4j-1.2.17.jar:/home/alex/.m2/repository/commons-lang/commons-lang/2.6/commons-lang-2.6.jar:/home/alex/.m2/repository/org/apache/commons/commons-configuration2/2.1.1/commons-configuration2-2.1.1.jar:/home/alex/.m2/repository/org/apache/avro/avro/1.7.7/avro-1.7.7.jar:/home/alex/.m2/repository/com/thoughtworks/paranamer/paranamer/2.3/paranamer-2.3.jar:/home/alex/.m2/repository/org/xerial/snappy/snappy-java/1.0.5/snappy-java-1.0.5.jar:/home/alex/.m2/repository/com/google/re2j/re2j/1.1/re2j-1.1.jar:/home/alex/.m2/repository/com/google/code/gson/gson/2.2.4/gson-2.2.4.jar:/home/alex/.m2/repository/org/apache/hadoop/hadoop-auth/3.1.0/hadoop-auth-3.1.0.jar:/home/alex/.m2/repository/com/nimbusds/nimbus-jose-jwt/4.41.1/nimbus-jose-jwt-4.41.1.jar:/home/alex/.m2/repository/com/github/stephenc/jcip/jcip-annotations/1.0-1/jcip-annotations-1.0-1.jar:/home/alex/.m2/repository/net/minidev/json-smart/2.3/json-smart-2.3.jar:/home/alex/.m2/repository/net/minidev/accessors-smart/1.2/accessors-smart-1.2.jar:/home/alex/.m2/repository/org/ow2/asm/asm/5.0.4/asm-5.0.4.jar:/home/alex/.m2/repository/com/jcraft/jsch/0.1.54/jsch-0.1.54.jar:/home/alex/.m2/repository/com/google/code/findbugs/jsr305/3.0.0/jsr305-3.0.0.jar:/home/alex/.m2/repository/org/apache/htrace/htrace-core4/4.1.0-incubating/htrace-core4-4.1.0-incubating.jar:/home/alex/.m2/repository/org/apache/commons/commons-compress/1.4.1/commons-compress-1.4.1.jar:/home/alex/.m2/repository/org/tukaani/xz/1.0/xz-1.0.jar:/home/alex/.m2/repository/org/apache/kerby/kerb-simplekdc/1.0.1/kerb-simplekdc-1.0.1.jar:/home/alex/.m2/repository/org/apache/kerby/kerb-client/1.0.1/kerb-client-1.0.1.jar:/home/alex/.m2/repository/org/apache/kerby/kerby-config/1.0.1/kerby-config-1.0.1.jar:/home/alex/.m2/repository/org/apache/kerby/kerb-core/1.0.1/kerb-core-1.0.1.jar:/home/alex/.m2/repository/org/apache/kerby/kerby-pkix/1.0.1/kerby-pkix-1.0.1.jar:/home/alex/.m2/repository/org/apache/kerby/kerby-asn1/1.0.1/kerby-asn1-1.0.1.jar:/home/alex/.m2/repository/org/apache/kerby/kerby-util/1.0.1/kerby-util-1.0.1.jar:/home/alex/.m2/repository/org/apache/kerby/kerb-common/1.0.1/kerb-common-1.0.1.jar:/home/alex/.m2/repository/org/apache/kerby/kerb-crypto/1.0.1/kerb-crypto-1.0.1.jar:/home/alex/.m2/repository/org/apache/kerby/kerb-util/1.0.1/kerb-util-1.0.1.jar:/home/alex/.m2/repository/org/apache/kerby/token-provider/1.0.1/token-provider-1.0.1.jar:/home/alex/.m2/repository/org/apache/kerby/kerb-admin/1.0.1/kerb-admin-1.0.1.jar:/home/alex/.m2/repository/org/apache/kerby/kerb-server/1.0.1/kerb-server-1.0.1.jar:/home/alex/.m2/repository/org/apache/kerby/kerb-identity/1.0.1/kerb-identity-1.0.1.jar:/home/alex/.m2/repository/org/apache/kerby/kerby-xdr/1.0.1/kerby-xdr-1.0.1.jar:/home/alex/.m2/repository/org/codehaus/woodstox/stax2-api/3.1.4/stax2-api-3.1.4.jar:/home/alex/.m2/repository/com/fasterxml/woodstox/woodstox-core/5.0.3/woodstox-core-5.0.3.jar:/home/alex/.m2/repository/org/apache/hadoop/hadoop-distcp/3.1.0/hadoop-distcp-3.1.0.jar:/home/alex/.m2/repository/org/apache/hadoop/hadoop-hdfs/3.1.0/hadoop-hdfs-3.1.0.jar:/home/alex/.m2/repository/org/eclipse/jetty/jetty-util-ajax/9.3.19.v20170502/jetty-util-ajax-9.3.19.v20170502.jar:/home/alex/.m2/repository/commons-daemon/commons-daemon/1.0.13/commons-daemon-1.0.13.jar:/home/alex/.m2/repository/org/fusesource/leveldbjni/leveldbjni-all/1.8/leveldbjni-all-1.8.jar:/home/alex/.m2/repository/org/apache/hadoop/hadoop-hdfs-client/3.1.0/hadoop-hdfs-client-3.1.0.jar:/home/alex/.m2/repository/com/squareup/okhttp/okhttp/2.7.5/okhttp-2.7.5.jar:/home/alex/.m2/repository/com/squareup/okio/okio/1.6.0/okio-1.6.0.jar:/home/alex/.m2/repository/org/apache/hadoop/hadoop-mapreduce-client-core/3.1.0/hadoop-mapreduce-client-core-3.1.0.jar:/home/alex/.m2/repository/org/apache/hadoop/hadoop-yarn-client/3.1.0/hadoop-yarn-client-3.1.0.jar:/home/alex/.m2/repository/org/apache/hadoop/hadoop-yarn-api/3.1.0/hadoop-yarn-api-3.1.0.jar:/home/alex/.m2/repository/org/apache/hadoop/hadoop-yarn-common/3.1.0/hadoop-yarn-common-3.1.0.jar:/home/alex/.m2/repository/com/sun/jersey/jersey-client/1.19/jersey-client-1.19.jar:/home/alex/.m2/repository/com/google/inject/guice/4.0/guice-4.0.jar:/home/alex/.m2/repository/javax/inject/javax.inject/1/javax.inject-1.jar:/home/alex/.m2/repository/aopalliance/aopalliance/1.0/aopalliance-1.0.jar:/home/alex/.m2/repository/com/sun/jersey/contribs/jersey-guice/1.19/jersey-guice-1.19.jar:/home/alex/.m2/repository/com/fasterxml/jackson/module/jackson-module-jaxb-annotations/2.12.0/jackson-module-jaxb-annotations-2.12.0.jar:/home/alex/.m2/repository/jakarta/xml/bind/jakarta.xml.bind-api/2.3.2/jakarta.xml.bind-api-2.3.2.jar:/home/alex/.m2/repository/jakarta/activation/jakarta.activation-api/1.2.1/jakarta.activation-api-1.2.1.jar:/home/alex/.m2/repository/com/fasterxml/jackson/jaxrs/jackson-jaxrs-json-provider/2.12.0/jackson-jaxrs-json-provider-2.12.0.jar:/home/alex/.m2/repository/com/fasterxml/jackson/jaxrs/jackson-jaxrs-base/2.12.0/jackson-jaxrs-base-2.12.0.jar:/home/alex/.m2/repository/com/google/inject/extensions/guice-servlet/4.0/guice-servlet-4.0.jar:/home/alex/.m2/repository/commons-beanutils/commons-beanutils/1.9.4/commons-beanutils-1.9.4.jar:/home/alex/Repositories/hive/storage-api/target/classes:/home/alex/.m2/repository/org/apache/logging/log4j/log4j-slf4j-impl/2.13.2/log4j-slf4j-impl-2.13.2.jar:/home/alex/.m2/repository/org/apache/logging/log4j/log4j-api/2.13.2/log4j-api-2.13.2.jar:/home/alex/.m2/repository/org/apache/logging/log4j/log4j-1.2-api/2.13.2/log4j-1.2-api-2.13.2.jar:/home/alex/.m2/repository/org/apache/logging/log4j/log4j-core/2.13.2/log4j-core-2.13.2.jar:/home/alex/.m2/repository/org/apache/thrift/libfb303/0.9.3/libfb303-0.9.3.jar:/home/alex/.m2/repository/org/apache/thrift/libthrift/0.14.1/libthrift-0.14.1.jar:/home/alex/.m2/repository/org/apache/httpcomponents/httpcore/4.4.12/httpcore-4.4.12.jar:/home/alex/.m2/repository/org/apache/tomcat/embed/tomcat-embed-core/8.5.46/tomcat-embed-core-8.5.46.jar:/home/alex/.m2/repository/org/apache/tomcat/tomcat-annotations-api/8.5.46/tomcat-annotations-api-8.5.46.jar:/home/alex/.m2/repository/javax/annotation/javax.annotation-api/1.3.2/javax.annotation-api-1.3.2.jar:/home/alex/.m2/repository/org/datanucleus/datanucleus-api-jdo/5.2.4/datanucleus-api-jdo-5.2.4.jar:/home/alex/.m2/repository/org/datanucleus/datanucleus-core/5.2.4/datanucleus-core-5.2.4.jar:/home/alex/.m2/repository/org/datanucleus/datanucleus-rdbms/5.2.4/datanucleus-rdbms-5.2.4.jar:/home/alex/.m2/repository/org/datanucleus/javax.jdo/3.2.0-release/javax.jdo-3.2.0-release.jar:/home/alex/.m2/repository/javax/transaction/javax.transaction-api/1.3/javax.transaction-api-1.3.jar:/home/alex/.m2/repository/org/glassfish/corba/glassfish-corba-omgapi/4.2.2/glassfish-corba-omgapi-4.2.2.jar:/home/alex/.m2/repository/org/skyscreamer/jsonassert/1.4.0/jsonassert-1.4.0.jar:/home/alex/.m2/repository/com/vaadin/external/google/android-json/0.0.20131108.vaadin1/android-json-0.0.20131108.vaadin1.jar:/home/alex/.m2/repository/sqlline/sqlline/1.9.0/sqlline-1.9.0.jar:/home/alex/.m2/repository/org/jline/jline-terminal/3.12.1/jline-terminal-3.12.1.jar:/home/alex/.m2/repository/org/jline/jline-reader/3.12.1/jline-reader-3.12.1.jar:/home/alex/.m2/repository/org/jline/jline-terminal-jansi/3.12.1/jline-terminal-jansi-3.12.1.jar:/home/alex/.m2/repository/org/fusesource/jansi/jansi/1.18/jansi-1.18.jar:/home/alex/.m2/repository/org/jline/jline-terminal-jna/3.12.1/jline-terminal-jna-3.12.1.jar:/home/alex/.m2/repository/net/java/dev/jna/jna/5.3.1/jna-5.3.1.jar:/home/alex/.m2/repository/org/jline/jline-builtins/3.12.1/jline-builtins-3.12.1.jar:/home/alex/.m2/repository/org/jline/jline-style/3.12.1/jline-style-3.12.1.jar:/home/alex/.m2/repository/jline/jline/2.14.6/jline-2.14.6.jar:/home/alex/.m2/repository/commons-logging/commons-logging/1.1.3/commons-logging-1.1.3.jar:/home/alex/.m2/repository/com/cronutils/cron-utils/9.1.3/cron-utils-9.1.3.jar:/home/alex/.m2/repository/org/glassfish/javax.el/3.0.0/javax.el-3.0.0.jar:/home/alex/.m2/repository/com/oracle/database/jdbc/ojdbc8/21.3.0.0/ojdbc8-21.3.0.0.jar:/home/alex/.m2/repository/mysql/mysql-connector-java/8.0.27/mysql-connector-java-8.0.27.jar:/home/alex/.m2/repository/com/microsoft/sqlserver/mssql-jdbc/6.2.1.jre8/mssql-jdbc-6.2.1.jre8.jar:/home/alex/.m2/repository/junit/junit/4.13/junit-4.13.jar:/home/alex/.m2/repository/org/hamcrest/hamcrest-core/1.3/hamcrest-core-1.3.jar:/home/alex/.m2/repository/org/apache/directory/server/apacheds-server-integ/1.5.7/apacheds-server-integ-1.5.7.jar:/home/alex/.m2/repository/org/apache/directory/server/apacheds-interceptor-kerberos/1.5.7/apacheds-interceptor-kerberos-1.5.7.jar:/home/alex/.m2/repository/org/apache/directory/server/apacheds-core/1.5.7/apacheds-core-1.5.7.jar:/home/alex/.m2/repository/org/apache/directory/server/apacheds-core-api/1.5.7/apacheds-core-api-1.5.7.jar:/home/alex/.m2/repository/org/apache/directory/server/apacheds-core-entry/1.5.7/apacheds-core-entry-1.5.7.jar:/home/alex/.m2/repository/org/apache/directory/server/apacheds-core-constants/1.5.7/apacheds-core-constants-1.5.7.jar:/home/alex/.m2/repository/org/apache/directory/server/apacheds-utils/1.5.7/apacheds-utils-1.5.7.jar:/home/alex/.m2/repository/org/apache/directory/server/apacheds-kerberos-shared/1.5.7/apacheds-kerberos-shared-1.5.7.jar:/home/alex/.m2/repository/org/apache/directory/server/apacheds-core-jndi/1.5.7/apacheds-core-jndi-1.5.7.jar:/home/alex/.m2/repository/org/apache/directory/server/apacheds-protocol-shared/1.5.7/apacheds-protocol-shared-1.5.7.jar:/home/alex/.m2/repository/org/apache/directory/server/apacheds-core-integ/1.5.7/apacheds-core-integ-1.5.7.jar:/home/alex/.m2/repository/ldapsdk/ldapsdk/4.1/ldapsdk-4.1.jar:/home/alex/.m2/repository/org/apache/directory/client/ldap/ldap-client-api/0.1/ldap-client-api-0.1.jar:/home/alex/.m2/repository/commons-pool/commons-pool/1.5.4/commons-pool-1.5.4.jar:/home/alex/.m2/repository/org/apache/mina/mina-core/2.0.0-RC1/mina-core-2.0.0-RC1.jar:/home/alex/.m2/repository/org/apache/directory/shared/shared-ldap/0.9.19/shared-ldap-0.9.19.jar:/home/alex/.m2/repository/org/apache/directory/shared/shared-i18n/0.9.19/shared-i18n-0.9.19.jar:/home/alex/.m2/repository/antlr/antlr/2.7.7/antlr-2.7.7.jar:/home/alex/.m2/repository/org/apache/directory/shared/shared-ldap-schema/0.9.19/shared-ldap-schema-0.9.19.jar:/home/alex/.m2/repository/org/apache/directory/shared/shared-ldap-schema-loader/0.9.19/shared-ldap-schema-loader-0.9.19.jar:/home/alex/.m2/repository/org/apache/directory/shared/shared-ldap-schema-manager/0.9.19/shared-ldap-schema-manager-0.9.19.jar:/home/alex/.m2/repository/org/apache/directory/shared/shared-cursor/0.9.19/shared-cursor-0.9.19.jar:/home/alex/.m2/repository/org/apache/directory/shared/shared-ldap-jndi/0.9.19/shared-ldap-jndi-0.9.19.jar:/home/alex/.m2/repository/org/apache/directory/shared/shared-asn1-codec/0.9.19/shared-asn1-codec-0.9.19.jar:/home/alex/.m2/repository/org/apache/directory/shared/shared-asn1/0.9.19/shared-asn1-0.9.19.jar:/home/alex/.m2/repository/org/apache/directory/shared/shared-ldap-constants/0.9.19/shared-ldap-constants-0.9.19.jar:/home/alex/.m2/repository/org/apache/directory/shared/shared-ldap-converter/0.9.19/shared-ldap-converter-0.9.19.jar:/home/alex/.m2/repository/org/apache/directory/shared/shared-ldap-schema-dao/0.9.19/shared-ldap-schema-dao-0.9.19.jar:/home/alex/.m2/repository/org/apache/directory/shared/shared-ldif/0.9.19/shared-ldif-0.9.19.jar:/home/alex/.m2/repository/org/apache/directory/shared/shared-dsml-parser/0.9.19/shared-dsml-parser-0.9.19.jar:/home/alex/.m2/repository/dom4j/dom4j/1.6.1/dom4j-1.6.1.jar:/home/alex/.m2/repository/xml-apis/xml-apis/1.0.b2/xml-apis-1.0.b2.jar:/home/alex/.m2/repository/xpp3/xpp3/1.1.4c/xpp3-1.1.4c.jar:/home/alex/.m2/repository/org/apache/directory/server/apacheds-test-framework/1.5.7/apacheds-test-framework-1.5.7.jar:/home/alex/.m2/repository/org/apache/directory/server/apacheds-i18n/1.5.7/apacheds-i18n-1.5.7.jar:/home/alex/.m2/repository/org/apache/directory/server/apacheds-server-annotations/1.5.7/apacheds-server-annotations-1.5.7.jar:/home/alex/.m2/repository/org/apache/directory/server/apacheds-core-annotations/1.5.7/apacheds-core-annotations-1.5.7.jar:/home/alex/.m2/repository/org/apache/directory/server/apacheds-jdbm-partition/1.5.7/apacheds-jdbm-partition-1.5.7.jar:/home/alex/.m2/repository/org/apache/directory/server/apacheds-jdbm-store/1.5.7/apacheds-jdbm-store-1.5.7.jar:/home/alex/.m2/repository/org/apache/directory/server/apacheds-jdbm/1.5.7/apacheds-jdbm-1.5.7.jar:/home/alex/.m2/repository/org/apache/directory/server/apacheds-core-avl/1.5.7/apacheds-core-avl-1.5.7.jar:/home/alex/.m2/repository/org/apache/directory/server/apacheds-xdbm-search/1.5.7/apacheds-xdbm-search-1.5.7.jar:/home/alex/.m2/repository/org/apache/directory/server/apacheds-ldif-partition/1.5.7/apacheds-ldif-partition-1.5.7.jar:/home/alex/.m2/repository/org/apache/directory/server/apacheds-avl-partition/1.5.7/apacheds-avl-partition-1.5.7.jar:/home/alex/.m2/repository/org/apache/directory/server/apacheds-core-mock/1.5.7/apacheds-core-mock-1.5.7.jar:/home/alex/.m2/repository/org/apache/directory/server/apacheds-protocol-ldap/1.5.7/apacheds-protocol-ldap-1.5.7.jar:/home/alex/.m2/repository/org/apache/directory/server/apacheds-xdbm-tools/1.5.7/apacheds-xdbm-tools-1.5.7.jar:/home/alex/.m2/repository/org/apache/directory/server/apacheds-xdbm-base/1.5.7/apacheds-xdbm-base-1.5.7.jar:/home/alex/.m2/repository/org/apache/directory/server/apacheds-protocol-kerberos/1.5.7/apacheds-protocol-kerberos-1.5.7.jar:/home/alex/.m2/repository/org/mockito/mockito-core/3.3.3/mockito-core-3.3.3.jar:/home/alex/.m2/repository/net/bytebuddy/byte-buddy/1.10.5/byte-buddy-1.10.5.jar:/home/alex/.m2/repository/net/bytebuddy/byte-buddy-agent/1.10.5/byte-buddy-agent-1.10.5.jar:/home/alex/.m2/repository/org/objenesis/objenesis/2.6/objenesis-2.6.jar:/home/alex/.m2/repository/org/postgresql/postgresql/42.2.14/postgresql-42.2.14.jar:/home/alex/.m2/repository/org/apache/curator/curator-test/4.2.0/curator-test-4.2.0.jar:/home/alex/Repositories/hive/standalone-metastore/metastore-server/src/test/resources:"/>
    <property name="java.vm.vendor" value="Private Build"/>
    <property name="nondexPrintstack" value="false"/>
    <property name="sun.arch.data.model" value="64"/>
    <property name="java.vendor.url" value="http://java.oracle.com/"/>
    <property name="user.timezone" value=""/>
    <property name="user.country.format" value="PT"/>
    <property name="java.vm.specification.version" value="1.8"/>
    <property name="os.name" value="Linux"/>
    <property name="test.tmp.dir" value="/home/alex/Repositories/hive/standalone-metastore/metastore-server/target/tmp"/>
    <property name="user.country" value="US"/>
    <property name="sun.java.launcher" value="SUN_STANDARD"/>
    <property name="sun.boot.library.path" value="/usr/lib/jvm/java-8-openjdk-amd64/jre/lib/amd64"/>
    <property name="sun.java.command" value="/home/alex/Repositories/hive/standalone-metastore/metastore-server/target/surefire/surefirebooter873036940390426488.jar /home/alex/Repositories/hive/standalone-metastore/metastore-server/target/surefire 2024-04-23T21-59-46_173-jvmRun1 surefire3261123805106545732tmp surefire_7729006057759066637977tmp"/>
    <property name="nondexLogging" value="CONFIG"/>
    <property name="surefire.test.class.path" value="/home/alex/Repositories/hive/standalone-metastore/metastore-server/target/test-classes:/home/alex/Repositories/hive/standalone-metastore/metastore-server/target/classes:/home/alex/Repositories/hive/standalone-metastore/metastore-common/target/classes:/home/alex/.m2/repository/org/antlr/ST4/4.0.4/ST4-4.0.4.jar:/home/alex/.m2/repository/org/apache/zookeeper/zookeeper/3.5.5/zookeeper-3.5.5.jar:/home/alex/.m2/repository/org/apache/zookeeper/zookeeper-jute/3.5.5/zookeeper-jute-3.5.5.jar:/home/alex/.m2/repository/org/apache/yetus/audience-annotations/0.5.0/audience-annotations-0.5.0.jar:/home/alex/.m2/repository/com/github/ben-manes/caffeine/caffeine/2.8.4/caffeine-2.8.4.jar:/home/alex/.m2/repository/org/checkerframework/checker-qual/3.4.0/checker-qual-3.4.0.jar:/home/alex/.m2/repository/com/google/errorprone/error_prone_annotations/2.3.4/error_prone_annotations-2.3.4.jar:/home/alex/.m2/repository/org/apache/curator/curator-recipes/4.2.0/curator-recipes-4.2.0.jar:/home/alex/.m2/repository/org/apache/curator/curator-framework/4.2.0/curator-framework-4.2.0.jar:/home/alex/.m2/repository/org/apache/curator/curator-client/4.2.0/curator-client-4.2.0.jar:/home/alex/.m2/repository/org/slf4j/slf4j-api/1.7.30/slf4j-api-1.7.30.jar:/home/alex/.m2/repository/org/apache/orc/orc-core/1.6.9/orc-core-1.6.9.jar:/home/alex/.m2/repository/org/apache/orc/orc-shims/1.6.9/orc-shims-1.6.9.jar:/home/alex/.m2/repository/io/airlift/aircompressor/0.19/aircompressor-0.19.jar:/home/alex/.m2/repository/javax/xml/bind/jaxb-api/2.2.11/jaxb-api-2.2.11.jar:/home/alex/.m2/repository/org/jetbrains/annotations/17.0.0/annotations-17.0.0.jar:/home/alex/.m2/repository/org/threeten/threeten-extra/1.5.0/threeten-extra-1.5.0.jar:/home/alex/.m2/repository/com/fasterxml/jackson/core/jackson-databind/2.12.0/jackson-databind-2.12.0.jar:/home/alex/.m2/repository/com/fasterxml/jackson/core/jackson-annotations/2.12.0/jackson-annotations-2.12.0.jar:/home/alex/.m2/repository/com/fasterxml/jackson/core/jackson-core/2.12.0/jackson-core-2.12.0.jar:/home/alex/.m2/repository/com/github/joshelser/dropwizard-metrics-hadoop-metrics2-reporter/0.1.2/dropwizard-metrics-hadoop-metrics2-reporter-0.1.2.jar:/home/alex/.m2/repository/com/google/guava/guava/19.0/guava-19.0.jar:/home/alex/.m2/repository/com/google/protobuf/protobuf-java/2.6.1/protobuf-java-2.6.1.jar:/home/alex/.m2/repository/com/zaxxer/HikariCP/2.6.1/HikariCP-2.6.1.jar:/home/alex/.m2/repository/org/apache/commons/commons-dbcp2/2.7.0/commons-dbcp2-2.7.0.jar:/home/alex/.m2/repository/org/apache/commons/commons-pool2/2.7.0/commons-pool2-2.7.0.jar:/home/alex/.m2/repository/io/dropwizard/metrics/metrics-core/3.1.0/metrics-core-3.1.0.jar:/home/alex/.m2/repository/io/dropwizard/metrics/metrics-jvm/3.1.0/metrics-jvm-3.1.0.jar:/home/alex/.m2/repository/io/dropwizard/metrics/metrics-json/3.1.0/metrics-json-3.1.0.jar:/home/alex/.m2/repository/javolution/javolution/5.5.1/javolution-5.5.1.jar:/home/alex/.m2/repository/org/antlr/antlr-runtime/3.5.2/antlr-runtime-3.5.2.jar:/home/alex/.m2/repository/org/apache/commons/commons-lang3/3.9/commons-lang3-3.9.jar:/home/alex/.m2/repository/org/apache/derby/derby/10.14.1.0/derby-10.14.1.0.jar:/home/alex/.m2/repository/org/apache/hadoop/hadoop-common/3.1.0/hadoop-common-3.1.0.jar:/home/alex/.m2/repository/org/apache/hadoop/hadoop-annotations/3.1.0/hadoop-annotations-3.1.0.jar:/usr/lib/jvm/java-8-openjdk-amd64/jre/../lib/tools.jar:/home/alex/.m2/repository/commons-cli/commons-cli/1.2/commons-cli-1.2.jar:/home/alex/.m2/repository/org/apache/commons/commons-math3/3.1.1/commons-math3-3.1.1.jar:/home/alex/.m2/repository/org/apache/httpcomponents/httpclient/4.5.2/httpclient-4.5.2.jar:/home/alex/.m2/repository/commons-codec/commons-codec/1.11/commons-codec-1.11.jar:/home/alex/.m2/repository/commons-io/commons-io/2.5/commons-io-2.5.jar:/home/alex/.m2/repository/commons-net/commons-net/3.6/commons-net-3.6.jar:/home/alex/.m2/repository/commons-collections/commons-collections/3.2.2/commons-collections-3.2.2.jar:/home/alex/.m2/repository/javax/servlet/javax.servlet-api/3.1.0/javax.servlet-api-3.1.0.jar:/home/alex/.m2/repository/org/eclipse/jetty/jetty-server/9.3.19.v20170502/jetty-server-9.3.19.v20170502.jar:/home/alex/.m2/repository/org/eclipse/jetty/jetty-http/9.3.19.v20170502/jetty-http-9.3.19.v20170502.jar:/home/alex/.m2/repository/org/eclipse/jetty/jetty-io/9.3.19.v20170502/jetty-io-9.3.19.v20170502.jar:/home/alex/.m2/repository/org/eclipse/jetty/jetty-util/9.3.19.v20170502/jetty-util-9.3.19.v20170502.jar:/home/alex/.m2/repository/org/eclipse/jetty/jetty-servlet/9.3.19.v20170502/jetty-servlet-9.3.19.v20170502.jar:/home/alex/.m2/repository/org/eclipse/jetty/jetty-security/9.3.19.v20170502/jetty-security-9.3.19.v20170502.jar:/home/alex/.m2/repository/org/eclipse/jetty/jetty-webapp/9.3.19.v20170502/jetty-webapp-9.3.19.v20170502.jar:/home/alex/.m2/repository/org/eclipse/jetty/jetty-xml/9.3.19.v20170502/jetty-xml-9.3.19.v20170502.jar:/home/alex/.m2/repository/javax/servlet/jsp/jsp-api/2.1/jsp-api-2.1.jar:/home/alex/.m2/repository/com/sun/jersey/jersey-core/1.19/jersey-core-1.19.jar:/home/alex/.m2/repository/javax/ws/rs/jsr311-api/1.1.1/jsr311-api-1.1.1.jar:/home/alex/.m2/repository/com/sun/jersey/jersey-servlet/1.19/jersey-servlet-1.19.jar:/home/alex/.m2/repository/com/sun/jersey/jersey-json/1.19/jersey-json-1.19.jar:/home/alex/.m2/repository/org/codehaus/jettison/jettison/1.1/jettison-1.1.jar:/home/alex/.m2/repository/com/sun/xml/bind/jaxb-impl/2.2.3-1/jaxb-impl-2.2.3-1.jar:/home/alex/.m2/repository/org/codehaus/jackson/jackson-core-asl/1.9.2/jackson-core-asl-1.9.2.jar:/home/alex/.m2/repository/org/codehaus/jackson/jackson-mapper-asl/1.9.2/jackson-mapper-asl-1.9.2.jar:/home/alex/.m2/repository/org/codehaus/jackson/jackson-jaxrs/1.9.2/jackson-jaxrs-1.9.2.jar:/home/alex/.m2/repository/org/codehaus/jackson/jackson-xc/1.9.2/jackson-xc-1.9.2.jar:/home/alex/.m2/repository/com/sun/jersey/jersey-server/1.19/jersey-server-1.19.jar:/home/alex/.m2/repository/log4j/log4j/1.2.17/log4j-1.2.17.jar:/home/alex/.m2/repository/commons-lang/commons-lang/2.6/commons-lang-2.6.jar:/home/alex/.m2/repository/org/apache/commons/commons-configuration2/2.1.1/commons-configuration2-2.1.1.jar:/home/alex/.m2/repository/org/apache/avro/avro/1.7.7/avro-1.7.7.jar:/home/alex/.m2/repository/com/thoughtworks/paranamer/paranamer/2.3/paranamer-2.3.jar:/home/alex/.m2/repository/org/xerial/snappy/snappy-java/1.0.5/snappy-java-1.0.5.jar:/home/alex/.m2/repository/com/google/re2j/re2j/1.1/re2j-1.1.jar:/home/alex/.m2/repository/com/google/code/gson/gson/2.2.4/gson-2.2.4.jar:/home/alex/.m2/repository/org/apache/hadoop/hadoop-auth/3.1.0/hadoop-auth-3.1.0.jar:/home/alex/.m2/repository/com/nimbusds/nimbus-jose-jwt/4.41.1/nimbus-jose-jwt-4.41.1.jar:/home/alex/.m2/repository/com/github/stephenc/jcip/jcip-annotations/1.0-1/jcip-annotations-1.0-1.jar:/home/alex/.m2/repository/net/minidev/json-smart/2.3/json-smart-2.3.jar:/home/alex/.m2/repository/net/minidev/accessors-smart/1.2/accessors-smart-1.2.jar:/home/alex/.m2/repository/org/ow2/asm/asm/5.0.4/asm-5.0.4.jar:/home/alex/.m2/repository/com/jcraft/jsch/0.1.54/jsch-0.1.54.jar:/home/alex/.m2/repository/com/google/code/findbugs/jsr305/3.0.0/jsr305-3.0.0.jar:/home/alex/.m2/repository/org/apache/htrace/htrace-core4/4.1.0-incubating/htrace-core4-4.1.0-incubating.jar:/home/alex/.m2/repository/org/apache/commons/commons-compress/1.4.1/commons-compress-1.4.1.jar:/home/alex/.m2/repository/org/tukaani/xz/1.0/xz-1.0.jar:/home/alex/.m2/repository/org/apache/kerby/kerb-simplekdc/1.0.1/kerb-simplekdc-1.0.1.jar:/home/alex/.m2/repository/org/apache/kerby/kerb-client/1.0.1/kerb-client-1.0.1.jar:/home/alex/.m2/repository/org/apache/kerby/kerby-config/1.0.1/kerby-config-1.0.1.jar:/home/alex/.m2/repository/org/apache/kerby/kerb-core/1.0.1/kerb-core-1.0.1.jar:/home/alex/.m2/repository/org/apache/kerby/kerby-pkix/1.0.1/kerby-pkix-1.0.1.jar:/home/alex/.m2/repository/org/apache/kerby/kerby-asn1/1.0.1/kerby-asn1-1.0.1.jar:/home/alex/.m2/repository/org/apache/kerby/kerby-util/1.0.1/kerby-util-1.0.1.jar:/home/alex/.m2/repository/org/apache/kerby/kerb-common/1.0.1/kerb-common-1.0.1.jar:/home/alex/.m2/repository/org/apache/kerby/kerb-crypto/1.0.1/kerb-crypto-1.0.1.jar:/home/alex/.m2/repository/org/apache/kerby/kerb-util/1.0.1/kerb-util-1.0.1.jar:/home/alex/.m2/repository/org/apache/kerby/token-provider/1.0.1/token-provider-1.0.1.jar:/home/alex/.m2/repository/org/apache/kerby/kerb-admin/1.0.1/kerb-admin-1.0.1.jar:/home/alex/.m2/repository/org/apache/kerby/kerb-server/1.0.1/kerb-server-1.0.1.jar:/home/alex/.m2/repository/org/apache/kerby/kerb-identity/1.0.1/kerb-identity-1.0.1.jar:/home/alex/.m2/repository/org/apache/kerby/kerby-xdr/1.0.1/kerby-xdr-1.0.1.jar:/home/alex/.m2/repository/org/codehaus/woodstox/stax2-api/3.1.4/stax2-api-3.1.4.jar:/home/alex/.m2/repository/com/fasterxml/woodstox/woodstox-core/5.0.3/woodstox-core-5.0.3.jar:/home/alex/.m2/repository/org/apache/hadoop/hadoop-distcp/3.1.0/hadoop-distcp-3.1.0.jar:/home/alex/.m2/repository/org/apache/hadoop/hadoop-hdfs/3.1.0/hadoop-hdfs-3.1.0.jar:/home/alex/.m2/repository/org/eclipse/jetty/jetty-util-ajax/9.3.19.v20170502/jetty-util-ajax-9.3.19.v20170502.jar:/home/alex/.m2/repository/commons-daemon/commons-daemon/1.0.13/commons-daemon-1.0.13.jar:/home/alex/.m2/repository/org/fusesource/leveldbjni/leveldbjni-all/1.8/leveldbjni-all-1.8.jar:/home/alex/.m2/repository/org/apache/hadoop/hadoop-hdfs-client/3.1.0/hadoop-hdfs-client-3.1.0.jar:/home/alex/.m2/repository/com/squareup/okhttp/okhttp/2.7.5/okhttp-2.7.5.jar:/home/alex/.m2/repository/com/squareup/okio/okio/1.6.0/okio-1.6.0.jar:/home/alex/.m2/repository/org/apache/hadoop/hadoop-mapreduce-client-core/3.1.0/hadoop-mapreduce-client-core-3.1.0.jar:/home/alex/.m2/repository/org/apache/hadoop/hadoop-yarn-client/3.1.0/hadoop-yarn-client-3.1.0.jar:/home/alex/.m2/repository/org/apache/hadoop/hadoop-yarn-api/3.1.0/hadoop-yarn-api-3.1.0.jar:/home/alex/.m2/repository/org/apache/hadoop/hadoop-yarn-common/3.1.0/hadoop-yarn-common-3.1.0.jar:/home/alex/.m2/repository/com/sun/jersey/jersey-client/1.19/jersey-client-1.19.jar:/home/alex/.m2/repository/com/google/inject/guice/4.0/guice-4.0.jar:/home/alex/.m2/repository/javax/inject/javax.inject/1/javax.inject-1.jar:/home/alex/.m2/repository/aopalliance/aopalliance/1.0/aopalliance-1.0.jar:/home/alex/.m2/repository/com/sun/jersey/contribs/jersey-guice/1.19/jersey-guice-1.19.jar:/home/alex/.m2/repository/com/fasterxml/jackson/module/jackson-module-jaxb-annotations/2.12.0/jackson-module-jaxb-annotations-2.12.0.jar:/home/alex/.m2/repository/jakarta/xml/bind/jakarta.xml.bind-api/2.3.2/jakarta.xml.bind-api-2.3.2.jar:/home/alex/.m2/repository/jakarta/activation/jakarta.activation-api/1.2.1/jakarta.activation-api-1.2.1.jar:/home/alex/.m2/repository/com/fasterxml/jackson/jaxrs/jackson-jaxrs-json-provider/2.12.0/jackson-jaxrs-json-provider-2.12.0.jar:/home/alex/.m2/repository/com/fasterxml/jackson/jaxrs/jackson-jaxrs-base/2.12.0/jackson-jaxrs-base-2.12.0.jar:/home/alex/.m2/repository/com/google/inject/extensions/guice-servlet/4.0/guice-servlet-4.0.jar:/home/alex/.m2/repository/commons-beanutils/commons-beanutils/1.9.4/commons-beanutils-1.9.4.jar:/home/alex/Repositories/hive/storage-api/target/classes:/home/alex/.m2/repository/org/apache/logging/log4j/log4j-slf4j-impl/2.13.2/log4j-slf4j-impl-2.13.2.jar:/home/alex/.m2/repository/org/apache/logging/log4j/log4j-api/2.13.2/log4j-api-2.13.2.jar:/home/alex/.m2/repository/org/apache/logging/log4j/log4j-1.2-api/2.13.2/log4j-1.2-api-2.13.2.jar:/home/alex/.m2/repository/org/apache/logging/log4j/log4j-core/2.13.2/log4j-core-2.13.2.jar:/home/alex/.m2/repository/org/apache/thrift/libfb303/0.9.3/libfb303-0.9.3.jar:/home/alex/.m2/repository/org/apache/thrift/libthrift/0.14.1/libthrift-0.14.1.jar:/home/alex/.m2/repository/org/apache/httpcomponents/httpcore/4.4.12/httpcore-4.4.12.jar:/home/alex/.m2/repository/org/apache/tomcat/embed/tomcat-embed-core/8.5.46/tomcat-embed-core-8.5.46.jar:/home/alex/.m2/repository/org/apache/tomcat/tomcat-annotations-api/8.5.46/tomcat-annotations-api-8.5.46.jar:/home/alex/.m2/repository/javax/annotation/javax.annotation-api/1.3.2/javax.annotation-api-1.3.2.jar:/home/alex/.m2/repository/org/datanucleus/datanucleus-api-jdo/5.2.4/datanucleus-api-jdo-5.2.4.jar:/home/alex/.m2/repository/org/datanucleus/datanucleus-core/5.2.4/datanucleus-core-5.2.4.jar:/home/alex/.m2/repository/org/datanucleus/datanucleus-rdbms/5.2.4/datanucleus-rdbms-5.2.4.jar:/home/alex/.m2/repository/org/datanucleus/javax.jdo/3.2.0-release/javax.jdo-3.2.0-release.jar:/home/alex/.m2/repository/javax/transaction/javax.transaction-api/1.3/javax.transaction-api-1.3.jar:/home/alex/.m2/repository/org/glassfish/corba/glassfish-corba-omgapi/4.2.2/glassfish-corba-omgapi-4.2.2.jar:/home/alex/.m2/repository/org/skyscreamer/jsonassert/1.4.0/jsonassert-1.4.0.jar:/home/alex/.m2/repository/com/vaadin/external/google/android-json/0.0.20131108.vaadin1/android-json-0.0.20131108.vaadin1.jar:/home/alex/.m2/repository/sqlline/sqlline/1.9.0/sqlline-1.9.0.jar:/home/alex/.m2/repository/org/jline/jline-terminal/3.12.1/jline-terminal-3.12.1.jar:/home/alex/.m2/repository/org/jline/jline-reader/3.12.1/jline-reader-3.12.1.jar:/home/alex/.m2/repository/org/jline/jline-terminal-jansi/3.12.1/jline-terminal-jansi-3.12.1.jar:/home/alex/.m2/repository/org/fusesource/jansi/jansi/1.18/jansi-1.18.jar:/home/alex/.m2/repository/org/jline/jline-terminal-jna/3.12.1/jline-terminal-jna-3.12.1.jar:/home/alex/.m2/repository/net/java/dev/jna/jna/5.3.1/jna-5.3.1.jar:/home/alex/.m2/repository/org/jline/jline-builtins/3.12.1/jline-builtins-3.12.1.jar:/home/alex/.m2/repository/org/jline/jline-style/3.12.1/jline-style-3.12.1.jar:/home/alex/.m2/repository/jline/jline/2.14.6/jline-2.14.6.jar:/home/alex/.m2/repository/commons-logging/commons-logging/1.1.3/commons-logging-1.1.3.jar:/home/alex/.m2/repository/com/cronutils/cron-utils/9.1.3/cron-utils-9.1.3.jar:/home/alex/.m2/repository/org/glassfish/javax.el/3.0.0/javax.el-3.0.0.jar:/home/alex/.m2/repository/com/oracle/database/jdbc/ojdbc8/21.3.0.0/ojdbc8-21.3.0.0.jar:/home/alex/.m2/repository/mysql/mysql-connector-java/8.0.27/mysql-connector-java-8.0.27.jar:/home/alex/.m2/repository/com/microsoft/sqlserver/mssql-jdbc/6.2.1.jre8/mssql-jdbc-6.2.1.jre8.jar:/home/alex/.m2/repository/junit/junit/4.13/junit-4.13.jar:/home/alex/.m2/repository/org/hamcrest/hamcrest-core/1.3/hamcrest-core-1.3.jar:/home/alex/.m2/repository/org/apache/directory/server/apacheds-server-integ/1.5.7/apacheds-server-integ-1.5.7.jar:/home/alex/.m2/repository/org/apache/directory/server/apacheds-interceptor-kerberos/1.5.7/apacheds-interceptor-kerberos-1.5.7.jar:/home/alex/.m2/repository/org/apache/directory/server/apacheds-core/1.5.7/apacheds-core-1.5.7.jar:/home/alex/.m2/repository/org/apache/directory/server/apacheds-core-api/1.5.7/apacheds-core-api-1.5.7.jar:/home/alex/.m2/repository/org/apache/directory/server/apacheds-core-entry/1.5.7/apacheds-core-entry-1.5.7.jar:/home/alex/.m2/repository/org/apache/directory/server/apacheds-core-constants/1.5.7/apacheds-core-constants-1.5.7.jar:/home/alex/.m2/repository/org/apache/directory/server/apacheds-utils/1.5.7/apacheds-utils-1.5.7.jar:/home/alex/.m2/repository/org/apache/directory/server/apacheds-kerberos-shared/1.5.7/apacheds-kerberos-shared-1.5.7.jar:/home/alex/.m2/repository/org/apache/directory/server/apacheds-core-jndi/1.5.7/apacheds-core-jndi-1.5.7.jar:/home/alex/.m2/repository/org/apache/directory/server/apacheds-protocol-shared/1.5.7/apacheds-protocol-shared-1.5.7.jar:/home/alex/.m2/repository/org/apache/directory/server/apacheds-core-integ/1.5.7/apacheds-core-integ-1.5.7.jar:/home/alex/.m2/repository/ldapsdk/ldapsdk/4.1/ldapsdk-4.1.jar:/home/alex/.m2/repository/org/apache/directory/client/ldap/ldap-client-api/0.1/ldap-client-api-0.1.jar:/home/alex/.m2/repository/commons-pool/commons-pool/1.5.4/commons-pool-1.5.4.jar:/home/alex/.m2/repository/org/apache/mina/mina-core/2.0.0-RC1/mina-core-2.0.0-RC1.jar:/home/alex/.m2/repository/org/apache/directory/shared/shared-ldap/0.9.19/shared-ldap-0.9.19.jar:/home/alex/.m2/repository/org/apache/directory/shared/shared-i18n/0.9.19/shared-i18n-0.9.19.jar:/home/alex/.m2/repository/antlr/antlr/2.7.7/antlr-2.7.7.jar:/home/alex/.m2/repository/org/apache/directory/shared/shared-ldap-schema/0.9.19/shared-ldap-schema-0.9.19.jar:/home/alex/.m2/repository/org/apache/directory/shared/shared-ldap-schema-loader/0.9.19/shared-ldap-schema-loader-0.9.19.jar:/home/alex/.m2/repository/org/apache/directory/shared/shared-ldap-schema-manager/0.9.19/shared-ldap-schema-manager-0.9.19.jar:/home/alex/.m2/repository/org/apache/directory/shared/shared-cursor/0.9.19/shared-cursor-0.9.19.jar:/home/alex/.m2/repository/org/apache/directory/shared/shared-ldap-jndi/0.9.19/shared-ldap-jndi-0.9.19.jar:/home/alex/.m2/repository/org/apache/directory/shared/shared-asn1-codec/0.9.19/shared-asn1-codec-0.9.19.jar:/home/alex/.m2/repository/org/apache/directory/shared/shared-asn1/0.9.19/shared-asn1-0.9.19.jar:/home/alex/.m2/repository/org/apache/directory/shared/shared-ldap-constants/0.9.19/shared-ldap-constants-0.9.19.jar:/home/alex/.m2/repository/org/apache/directory/shared/shared-ldap-converter/0.9.19/shared-ldap-converter-0.9.19.jar:/home/alex/.m2/repository/org/apache/directory/shared/shared-ldap-schema-dao/0.9.19/shared-ldap-schema-dao-0.9.19.jar:/home/alex/.m2/repository/org/apache/directory/shared/shared-ldif/0.9.19/shared-ldif-0.9.19.jar:/home/alex/.m2/repository/org/apache/directory/shared/shared-dsml-parser/0.9.19/shared-dsml-parser-0.9.19.jar:/home/alex/.m2/repository/dom4j/dom4j/1.6.1/dom4j-1.6.1.jar:/home/alex/.m2/repository/xml-apis/xml-apis/1.0.b2/xml-apis-1.0.b2.jar:/home/alex/.m2/repository/xpp3/xpp3/1.1.4c/xpp3-1.1.4c.jar:/home/alex/.m2/repository/org/apache/directory/server/apacheds-test-framework/1.5.7/apacheds-test-framework-1.5.7.jar:/home/alex/.m2/repository/org/apache/directory/server/apacheds-i18n/1.5.7/apacheds-i18n-1.5.7.jar:/home/alex/.m2/repository/org/apache/directory/server/apacheds-server-annotations/1.5.7/apacheds-server-annotations-1.5.7.jar:/home/alex/.m2/repository/org/apache/directory/server/apacheds-core-annotations/1.5.7/apacheds-core-annotations-1.5.7.jar:/home/alex/.m2/repository/org/apache/directory/server/apacheds-jdbm-partition/1.5.7/apacheds-jdbm-partition-1.5.7.jar:/home/alex/.m2/repository/org/apache/directory/server/apacheds-jdbm-store/1.5.7/apacheds-jdbm-store-1.5.7.jar:/home/alex/.m2/repository/org/apache/directory/server/apacheds-jdbm/1.5.7/apacheds-jdbm-1.5.7.jar:/home/alex/.m2/repository/org/apache/directory/server/apacheds-core-avl/1.5.7/apacheds-core-avl-1.5.7.jar:/home/alex/.m2/repository/org/apache/directory/server/apacheds-xdbm-search/1.5.7/apacheds-xdbm-search-1.5.7.jar:/home/alex/.m2/repository/org/apache/directory/server/apacheds-ldif-partition/1.5.7/apacheds-ldif-partition-1.5.7.jar:/home/alex/.m2/repository/org/apache/directory/server/apacheds-avl-partition/1.5.7/apacheds-avl-partition-1.5.7.jar:/home/alex/.m2/repository/org/apache/directory/server/apacheds-core-mock/1.5.7/apacheds-core-mock-1.5.7.jar:/home/alex/.m2/repository/org/apache/directory/server/apacheds-protocol-ldap/1.5.7/apacheds-protocol-ldap-1.5.7.jar:/home/alex/.m2/repository/org/apache/directory/server/apacheds-xdbm-tools/1.5.7/apacheds-xdbm-tools-1.5.7.jar:/home/alex/.m2/repository/org/apache/directory/server/apacheds-xdbm-base/1.5.7/apacheds-xdbm-base-1.5.7.jar:/home/alex/.m2/repository/org/apache/directory/server/apacheds-protocol-kerberos/1.5.7/apacheds-protocol-kerberos-1.5.7.jar:/home/alex/.m2/repository/org/mockito/mockito-core/3.3.3/mockito-core-3.3.3.jar:/home/alex/.m2/repository/net/bytebuddy/byte-buddy/1.10.5/byte-buddy-1.10.5.jar:/home/alex/.m2/repository/net/bytebuddy/byte-buddy-agent/1.10.5/byte-buddy-agent-1.10.5.jar:/home/alex/.m2/repository/org/objenesis/objenesis/2.6/objenesis-2.6.jar:/home/alex/.m2/repository/org/postgresql/postgresql/42.2.14/postgresql-42.2.14.jar:/home/alex/.m2/repository/org/apache/curator/curator-test/4.2.0/curator-test-4.2.0.jar:/home/alex/Repositories/hive/standalone-metastore/metastore-server/src/test/resources:"/>
    <property name="sun.cpu.endian" value="little"/>
    <property name="nondexExecid" value="SqpiD753zpxrd2eKykNCxu0j14dHG1RoeLNfSTJpxAs="/>
    <property name="user.home" value="/home/alex"/>
    <property name="user.language" value="en"/>
    <property name="java.specification.vendor" value="Oracle Corporation"/>
    <property name="metastore.schema.verification" value="false"/>
    <property name="java.home" value="/usr/lib/jvm/java-8-openjdk-amd64/jre"/>
    <property name="hive.metastore.warehouse.external.dir" value="file:///home/alex/Repositories/hive/standalone-metastore/metastore-server/target/external"/>
    <property name="file.separator" value="/"/>
    <property name="basedir" value="/home/alex/Repositories/hive/standalone-metastore/metastore-server"/>
    <property name="nondexEnd" value="9223372036854775807"/>
    <property name="line.separator" value="&#10;"/>
    <property name="metastore.warehouse.dir" value="file:///home/alex/Repositories/hive/standalone-metastore/metastore-server/target/warehouse"/>
    <property name="derby.stream.error.file" value="/home/alex/Repositories/hive/standalone-metastore/metastore-server/target/tmp/derby.log"/>
    <property name="java.specification.name" value="Java Platform API Specification"/>
    <property name="java.vm.specification.vendor" value="Oracle Corporation"/>
    <property name="java.awt.graphicsenv" value="sun.awt.X11GraphicsEnvironment"/>
    <property name="nondexFilter" value=".*"/>
    <property name="nondexSeed" value="933178"/>
    <property name="surefire.real.class.path" value="/home/alex/Repositories/hive/standalone-metastore/metastore-server/target/surefire/surefirebooter873036940390426488.jar"/>
    <property name="sun.boot.class.path" value="/home/alex/Repositories/hive/standalone-metastore/metastore-server/.nondex/nondex-instr.jar:/home/alex/.m2/repository/edu/illinois/nondex-common/2.1.7/nondex-common-2.1.7.jar:/home/alex/.m2/repository/edu/illinois/nondex-annotations/2.1.7/nondex-annotations-2.1.7.jar:/usr/lib/jvm/java-8-openjdk-amd64/jre/lib/resources.jar:/usr/lib/jvm/java-8-openjdk-amd64/jre/lib/rt.jar:/usr/lib/jvm/java-8-openjdk-amd64/jre/lib/sunrsasign.jar:/usr/lib/jvm/java-8-openjdk-amd64/jre/lib/jsse.jar:/usr/lib/jvm/java-8-openjdk-amd64/jre/lib/jce.jar:/usr/lib/jvm/java-8-openjdk-amd64/jre/lib/charsets.jar:/usr/lib/jvm/java-8-openjdk-amd64/jre/lib/jfr.jar:/usr/lib/jvm/java-8-openjdk-amd64/jre/classes"/>
    <property name="log4j.debug" value="true"/>
    <property name="sun.management.compiler" value="HotSpot 64-Bit Tiered Compilers"/>
    <property name="java.runtime.version" value="1.8.0_402-8u402-ga-2ubuntu1~22.04-b06"/>
    <property name="user.name" value="alex"/>
    <property name="path.separator" value=":"/>
    <property name="javax.jdo.option.ConnectionURL" value="jdbc:derby:memory:/home/alex/Repositories/hive/standalone-metastore/metastore-server/target/tmp/junit_metastore_db;create=true"/>
    <property name="os.version" value="6.5.0-28-generic"/>
    <property name="java.endorsed.dirs" value="/usr/lib/jvm/java-8-openjdk-amd64/jre/lib/endorsed"/>
    <property name="java.runtime.name" value="OpenJDK Runtime Environment"/>
    <property name="file.encoding" value="UTF-8"/>
    <property name="java.vm.name" value="OpenJDK 64-Bit Server VM"/>
    <property name="localRepository" value="/home/alex/.m2/repository"/>
    <property name="nondexDir" value="/home/alex/Repositories/hive/standalone-metastore/metastore-server/.nondex"/>
    <property name="build.dir" value="/home/alex/Repositories/hive/standalone-metastore/metastore-server/target"/>
    <property name="nondexJarDir" value="/home/alex/Repositories/hive/standalone-metastore/metastore-server/.nondex"/>
    <property name="java.vendor.url.bug" value="http://bugreport.sun.com/bugreport/"/>
    <property name="java.io.tmpdir" value="/home/alex/Repositories/hive/standalone-metastore/metastore-server/target/tmp"/>
    <property name="java.version" value="1.8.0_402"/>
    <property name="user.dir" value="/home/alex/Repositories/hive/standalone-metastore/metastore-server"/>
    <property name="os.arch" value="amd64"/>
    <property name="nondexMode" value="FULL"/>
    <property name="java.vm.specification.name" value="Java Virtual Machine Specification"/>
    <property name="user.language.format" value="pt"/>
    <property name="java.awt.printerjob" value="sun.print.PSPrinterJob"/>
    <property name="sun.os.patch.level" value="unknown"/>
    <property name="derby.version" value="10.14.1.0"/>
    <property name="java.library.path" value="/usr/java/packages/lib/amd64:/usr/lib/x86_64-linux-gnu/jni:/lib/x86_64-linux-gnu:/usr/lib/x86_64-linux-gnu:/usr/lib/jni:/lib:/usr/lib"/>
    <property name="java.vendor" value="Private Build"/>
    <property name="java.vm.info" value="mixed mode"/>
    <property name="java.vm.version" value="25.402-b06"/>
    <property name="java.specification.maintenance.version" value="5"/>
    <property name="java.ext.dirs" value="/usr/lib/jvm/java-8-openjdk-amd64/jre/lib/ext:/usr/java/packages/lib/ext"/>
    <property name="sun.io.unicode.encoding" value="UnicodeLittle"/>
    <property name="datanucleus.schema.autoCreateAll" value="true"/>
    <property name="java.class.version" value="52.0"/>
  </properties>
  <testcase name="testHLLDenseNoBitPackingHalfDistinct[0]" classname="org.apache.hadoop.hive.common.ndv.hll.TestHLLSerialization" time="0.121"/>
  <testcase name="testHLLDenseNoBitPacking[0]" classname="org.apache.hadoop.hive.common.ndv.hll.TestHLLSerialization" time="0.064"/>
  <testcase name="testHLLSparseSerialization[0]" classname="org.apache.hadoop.hive.common.ndv.hll.TestHLLSerialization" time="0.001"/>
  <testcase name="testHLLDenseSerialization[0]" classname="org.apache.hadoop.hive.common.ndv.hll.TestHLLSerialization" time="0.019"/>
  <testcase name="testHLLSparseSerializationHalfDistinct[0]" classname="org.apache.hadoop.hive.common.ndv.hll.TestHLLSerialization" time="0.001"/>
  <testcase name="testHLLDenseSerializationHalfDistinct[0]" classname="org.apache.hadoop.hive.common.ndv.hll.TestHLLSerialization" time="0.026"/>
  <testcase name="testHLLSparseNoBitPacking[0]" classname="org.apache.hadoop.hive.common.ndv.hll.TestHLLSerialization" time="0.024">
    <failure message="expected:&lt;...Prime: 6 register: {[23151323=1, 4165642=2]}&gt; but was:&lt;...Prime: 6 register: {[4165642=2, 23151323=1]}&gt;" type="org.junit.ComparisonFailure"><![CDATA[org.junit.ComparisonFailure: expected:<...Prime: 6 register: {[23151323=1, 4165642=2]}> but was:<...Prime: 6 register: {[4165642=2, 23151323=1]}>
	at org.apache.hadoop.hive.common.ndv.hll.TestHLLSerialization.testHLLSparseNoBitPacking(TestHLLSerialization.java:142)
]]></failure>
  </testcase>
  <testcase name="testHLLSparseNoBitPackingHalfDistinct[0]" classname="org.apache.hadoop.hive.common.ndv.hll.TestHLLSerialization" time="0"/>
  <testcase name="testHLLDenseNoBitPackingHalfDistinct[1]" classname="org.apache.hadoop.hive.common.ndv.hll.TestHLLSerialization" time="0.06"/>
  <testcase name="testHLLDenseNoBitPacking[1]" classname="org.apache.hadoop.hive.common.ndv.hll.TestHLLSerialization" time="0.061"/>
  <testcase name="testHLLSparseSerialization[1]" classname="org.apache.hadoop.hive.common.ndv.hll.TestHLLSerialization" time="0.002">
    <failure message="expected:&lt;...Prime: 6 register: {[23151323=1, 11018058=6, 24361109=2, 4224106=1, 15618527=1, 14931786=1, 4165642=2, 5378945=4, 22504372=1, 22285765=5]}&gt; but was:&lt;...Prime: 6 register: {[4224106=1, 24361109=2, 5378945=4, 11018058=6, 23151323=1, 15618527=1, 4165642=2, 14931786=1, 22285765=5, 22504372=1]}&gt;" type="org.junit.ComparisonFailure"><![CDATA[org.junit.ComparisonFailure: expected:<...Prime: 6 register: {[23151323=1, 11018058=6, 24361109=2, 4224106=1, 15618527=1, 14931786=1, 4165642=2, 5378945=4, 22504372=1, 22285765=5]}> but was:<...Prime: 6 register: {[4224106=1, 24361109=2, 5378945=4, 11018058=6, 23151323=1, 15618527=1, 4165642=2, 14931786=1, 22285765=5, 22504372=1]}>
	at org.apache.hadoop.hive.common.ndv.hll.TestHLLSerialization.testHLLSparseSerialization(TestHLLSerialization.java:94)
]]></failure>
  </testcase>
  <testcase name="testHLLDenseSerialization[1]" classname="org.apache.hadoop.hive.common.ndv.hll.TestHLLSerialization" time="0.025"/>
  <testcase name="testHLLSparseSerializationHalfDistinct[1]" classname="org.apache.hadoop.hive.common.ndv.hll.TestHLLSerialization" time="0.001">
    <failure message="expected:&lt;...gister: {5598046=1, [8119074=1, 790183=5], 2375399=5}&gt; but was:&lt;...gister: {5598046=1, [790183=5, 8119074=1], 2375399=5}&gt;" type="org.junit.ComparisonFailure"><![CDATA[org.junit.ComparisonFailure: expected:<...gister: {5598046=1, [8119074=1, 790183=5], 2375399=5}> but was:<...gister: {5598046=1, [790183=5, 8119074=1], 2375399=5}>
	at org.apache.hadoop.hive.common.ndv.hll.TestHLLSerialization.testHLLSparseSerializationHalfDistinct(TestHLLSerialization.java:119)
]]></failure>
  </testcase>
  <testcase name="testHLLDenseSerializationHalfDistinct[1]" classname="org.apache.hadoop.hive.common.ndv.hll.TestHLLSerialization" time="0.025"/>
  <testcase name="testHLLSparseNoBitPacking[1]" classname="org.apache.hadoop.hive.common.ndv.hll.TestHLLSerialization" time="0.002">
    <failure message="expected:&lt;...Prime: 6 register: {[4165642=2, 22285765=5, 22504372=1, 14931786=1, 4224106=1, 5378945=4, 23151323=1, 15618527=1, 24361109=2, 11018058=6]}&gt; but was:&lt;...Prime: 6 register: {[22285765=5, 22504372=1, 24361109=2, 23151323=1, 15618527=1, 4165642=2, 5378945=4, 14931786=1, 11018058=6, 4224106=1]}&gt;" type="org.junit.ComparisonFailure"><![CDATA[org.junit.ComparisonFailure: expected:<...Prime: 6 register: {[4165642=2, 22285765=5, 22504372=1, 14931786=1, 4224106=1, 5378945=4, 23151323=1, 15618527=1, 24361109=2, 11018058=6]}> but was:<...Prime: 6 register: {[22285765=5, 22504372=1, 24361109=2, 23151323=1, 15618527=1, 4165642=2, 5378945=4, 14931786=1, 11018058=6, 4224106=1]}>
	at org.apache.hadoop.hive.common.ndv.hll.TestHLLSerialization.testHLLSparseNoBitPacking(TestHLLSerialization.java:142)
]]></failure>
  </testcase>
  <testcase name="testHLLSparseNoBitPackingHalfDistinct[1]" classname="org.apache.hadoop.hive.common.ndv.hll.TestHLLSerialization" time="0.003">
    <failure message="expected:&lt;...gister: {2375399=5, [8119074=1, 790183=5, 5598046]=1}&gt; but was:&lt;...gister: {2375399=5, [790183=5, 5598046=1, 8119074]=1}&gt;" type="org.junit.ComparisonFailure"><![CDATA[org.junit.ComparisonFailure: expected:<...gister: {2375399=5, [8119074=1, 790183=5, 5598046]=1}> but was:<...gister: {2375399=5, [790183=5, 5598046=1, 8119074]=1}>
	at org.apache.hadoop.hive.common.ndv.hll.TestHLLSerialization.testHLLSparseNoBitPackingHalfDistinct(TestHLLSerialization.java:168)
]]></failure>
  </testcase>
  <testcase name="testHLLDenseNoBitPackingHalfDistinct[2]" classname="org.apache.hadoop.hive.common.ndv.hll.TestHLLSerialization" time="0.061"/>
  <testcase name="testHLLDenseNoBitPacking[2]" classname="org.apache.hadoop.hive.common.ndv.hll.TestHLLSerialization" time="0.061"/>
  <testcase name="testHLLSparseSerialization[2]" classname="org.apache.hadoop.hive.common.ndv.hll.TestHLLSerialization" time="0.007">
    <failure message="expected:&lt;...Prime: 6 register: {[5188624=3, 32960589=1, 8867196=1, 1297735=1, 29541956=1, 22504372=1, 17197584=1, 29040693=3, 5753817=1, 17608295=2, 2968787=1, 94405=1, 18575177=1, 1728964=1, 2616767=1, 9125529=3, 32279088=2, 24361109=2, 18649055=2, 21736699=2, 9343722=2, 20250142=1, 17028231=1, 23242358=2, 31112766=2, 32787290=1, 18211148=1, 24705992=1, 15490813=1, 28546637=2, 33193211=1, 32904610=4, 19545535=4, 9827204=1, 21817304=1, 4224106=1, 22302707=1, 29248868=1, 16110504=1, 12072566=6, 15618527=1, 7501898=1, 8919571=6, 1417509=2, 31030500=1, 14931786=1, 17009707=2, 29795546=2, 12070633=6, 1074452=1, 9297059=1, 27807968=1, 29777574=1, 28945059=2, 28332384=1, 17230231=1, 2298506=3, 17684801=1, 32622010=1, 32056398=3, 30982134=2, 13138499=1, 6125714=1, 28395211=1, 22343717=1, 25455625=1, 18962992=1, 24056827=3, 5378945=4, 30114251=2, 4742573=1, 22285765=5, 27389138=1, 28971348=4, 8718802=3, 8645271=1, 23539206=3, 4165642=2, 904292=1, 21864777=2, 32813950=2, 27990484=3, 26457731=2, 6389902=2, 11018058=6, 6347459=1, 21439348=3, 1008811=1, 14194762=2, 23488107=1, 23858330=5, 3526384=1, 21187408=1, 24047436=1, 26804676=3, 768150=2, 1045208=1, 32300733=1, 26273924=1, 23151323=1]}&gt; but was:&lt;...Prime: 6 register: {[23858330=5, 30114251=2, 16110504=1, 29040693=3, 6389902=2, 27389138=1, 22504372=1, 28945059=2, 31112766=2, 9297059=1, 1008811=1, 9125529=3, 32056398=3, 17684801=1, 13138499=1, 29541956=1, 12072566=6, 24361109=2, 1297735=1, 17028231=1, 4224106=1, 23151323=1, 32904610=4, 5188624=3, 5378945=4, 4742573=1, 32279088=2, 15490813=1, 18211148=1, 20250142=1, 8718802=3, 4165642=2, 19545535=4, 26273924=1, 27990484=3, 9343722=2, 18575177=1, 25455625=1, 21817304=1, 768150=2, 28395211=1, 8645271=1, 1417509=2, 32622010=1, 23242358=2, 21864777=2, 12070633=6, 94405=1, 32813950=2, 21187408=1, 22343717=1, 28332384=1, 9827204=1, 26457731=2, 29248868=1, 17608295=2, 6347459=1, 28546637=2, 1045208=1, 32787290=1, 18962992=1, 904292=1, 26804676=3, 18649055=2, 3526384=1, 22285765=5, 32300733=1, 24705992=1, 8867196=1, 8919571=6, 17197584=1, 2968787=1, 23539206=3, 5753817=1, 2298506=3, 22302707=1, 1728964=1, 24056827=3, 29777574=1, 31030500=1, 24047436=1, 28971348=4, 14931786=1, 17230231=1, 33193211=1, 11018058=6, 15618527=1, 21439348=3, 29795546=2, 2616767=1, 27807968=1, 1074452=1, 32960589=1, 7501898=1, 14194762=2, 23488107=1, 30982134=2, 17009707=2, 6125714=1, 21736699=2]}&gt;" type="org.junit.ComparisonFailure"><![CDATA[org.junit.ComparisonFailure: expected:<...Prime: 6 register: {[5188624=3, 32960589=1, 8867196=1, 1297735=1, 29541956=1, 22504372=1, 17197584=1, 29040693=3, 5753817=1, 17608295=2, 2968787=1, 94405=1, 18575177=1, 1728964=1, 2616767=1, 9125529=3, 32279088=2, 24361109=2, 18649055=2, 21736699=2, 9343722=2, 20250142=1, 17028231=1, 23242358=2, 31112766=2, 32787290=1, 18211148=1, 24705992=1, 15490813=1, 28546637=2, 33193211=1, 32904610=4, 19545535=4, 9827204=1, 21817304=1, 4224106=1, 22302707=1, 29248868=1, 16110504=1, 12072566=6, 15618527=1, 7501898=1, 8919571=6, 1417509=2, 31030500=1, 14931786=1, 17009707=2, 29795546=2, 12070633=6, 1074452=1, 9297059=1, 27807968=1, 29777574=1, 28945059=2, 28332384=1, 17230231=1, 2298506=3, 17684801=1, 32622010=1, 32056398=3, 30982134=2, 13138499=1, 6125714=1, 28395211=1, 22343717=1, 25455625=1, 18962992=1, 24056827=3, 5378945=4, 30114251=2, 4742573=1, 22285765=5, 27389138=1, 28971348=4, 8718802=3, 8645271=1, 23539206=3, 4165642=2, 904292=1, 21864777=2, 32813950=2, 27990484=3, 26457731=2, 6389902=2, 11018058=6, 6347459=1, 21439348=3, 1008811=1, 14194762=2, 23488107=1, 23858330=5, 3526384=1, 21187408=1, 24047436=1, 26804676=3, 768150=2, 1045208=1, 32300733=1, 26273924=1, 23151323=1]}> but was:<...Prime: 6 register: {[23858330=5, 30114251=2, 16110504=1, 29040693=3, 6389902=2, 27389138=1, 22504372=1, 28945059=2, 31112766=2, 9297059=1, 1008811=1, 9125529=3, 32056398=3, 17684801=1, 13138499=1, 29541956=1, 12072566=6, 24361109=2, 1297735=1, 17028231=1, 4224106=1, 23151323=1, 32904610=4, 5188624=3, 5378945=4, 4742573=1, 32279088=2, 15490813=1, 18211148=1, 20250142=1, 8718802=3, 4165642=2, 19545535=4, 26273924=1, 27990484=3, 9343722=2, 18575177=1, 25455625=1, 21817304=1, 768150=2, 28395211=1, 8645271=1, 1417509=2, 32622010=1, 23242358=2, 21864777=2, 12070633=6, 94405=1, 32813950=2, 21187408=1, 22343717=1, 28332384=1, 9827204=1, 26457731=2, 29248868=1, 17608295=2, 6347459=1, 28546637=2, 1045208=1, 32787290=1, 18962992=1, 904292=1, 26804676=3, 18649055=2, 3526384=1, 22285765=5, 32300733=1, 24705992=1, 8867196=1, 8919571=6, 17197584=1, 2968787=1, 23539206=3, 5753817=1, 2298506=3, 22302707=1, 1728964=1, 24056827=3, 29777574=1, 31030500=1, 24047436=1, 28971348=4, 14931786=1, 17230231=1, 33193211=1, 11018058=6, 15618527=1, 21439348=3, 29795546=2, 2616767=1, 27807968=1, 1074452=1, 32960589=1, 7501898=1, 14194762=2, 23488107=1, 30982134=2, 17009707=2, 6125714=1, 21736699=2]}>
	at org.apache.hadoop.hive.common.ndv.hll.TestHLLSerialization.testHLLSparseSerialization(TestHLLSerialization.java:94)
]]></failure>
  </testcase>
  <testcase name="testHLLDenseSerialization[2]" classname="org.apache.hadoop.hive.common.ndv.hll.TestHLLSerialization" time="0.026"/>
  <testcase name="testHLLSparseSerializationHalfDistinct[2]" classname="org.apache.hadoop.hive.common.ndv.hll.TestHLLSerialization" time="0.003">
    <failure message="expected:&lt;...Prime: 6 register: {[13529742=1, 21537371=2, 8154695=1, 1571379=1, 28861691=1, 18984532=2, 2868969=1, 22146134=1, 19208194=3, 10727588=2, 23861474=5, 6292467=8, 19872312=3, 25288205=1, 21199871=1, 8119074=1, 16572619=1, 22185766=2, 28943167=2, 25654631=1, 10214193=1, 790183=5, 21272397=2, 3360039=1, 3485961=3, 25544914=1, 5598046=1, 32872638=2, 3434548=1, 11185401=2, 6425156=4, 28669251=1, 28783039=3, 9061108=1, 8165977=2, 5156073=2, 18669571=1, 2375399=5, 9848558=1, 15741376=7, 15946938=1, 32999760=2, 3860538=1, 8378199=1, 8249649]=1}&gt; but was:&lt;...Prime: 6 register: {[790183=5, 18984532=2, 10214193=1, 9848558=1, 2375399=5, 16572619=1, 11185401=2, 3434548=1, 19872312=3, 3485961=3, 5156073=2, 1571379=1, 6292467=8, 21199871=1, 28669251=1, 19208194=3, 28861691=1, 21272397=2, 2868969=1, 8154695=1, 23861474=5, 13529742=1, 5598046=1, 8378199=1, 10727588=2, 28943167=2, 25654631=1, 8249649=1, 32872638=2, 22146134=1, 25544914=1, 21537371=2, 8119074=1, 15946938=1, 28783039=3, 15741376=7, 3860538=1, 18669571=1, 9061108=1, 6425156=4, 32999760=2, 8165977=2, 3360039=1, 22185766=2, 25288205]=1}&gt;" type="org.junit.ComparisonFailure"><![CDATA[org.junit.ComparisonFailure: expected:<...Prime: 6 register: {[13529742=1, 21537371=2, 8154695=1, 1571379=1, 28861691=1, 18984532=2, 2868969=1, 22146134=1, 19208194=3, 10727588=2, 23861474=5, 6292467=8, 19872312=3, 25288205=1, 21199871=1, 8119074=1, 16572619=1, 22185766=2, 28943167=2, 25654631=1, 10214193=1, 790183=5, 21272397=2, 3360039=1, 3485961=3, 25544914=1, 5598046=1, 32872638=2, 3434548=1, 11185401=2, 6425156=4, 28669251=1, 28783039=3, 9061108=1, 8165977=2, 5156073=2, 18669571=1, 2375399=5, 9848558=1, 15741376=7, 15946938=1, 32999760=2, 3860538=1, 8378199=1, 8249649]=1}> but was:<...Prime: 6 register: {[790183=5, 18984532=2, 10214193=1, 9848558=1, 2375399=5, 16572619=1, 11185401=2, 3434548=1, 19872312=3, 3485961=3, 5156073=2, 1571379=1, 6292467=8, 21199871=1, 28669251=1, 19208194=3, 28861691=1, 21272397=2, 2868969=1, 8154695=1, 23861474=5, 13529742=1, 5598046=1, 8378199=1, 10727588=2, 28943167=2, 25654631=1, 8249649=1, 32872638=2, 22146134=1, 25544914=1, 21537371=2, 8119074=1, 15946938=1, 28783039=3, 15741376=7, 3860538=1, 18669571=1, 9061108=1, 6425156=4, 32999760=2, 8165977=2, 3360039=1, 22185766=2, 25288205]=1}>
	at org.apache.hadoop.hive.common.ndv.hll.TestHLLSerialization.testHLLSparseSerializationHalfDistinct(TestHLLSerialization.java:119)
]]></failure>
  </testcase>
  <testcase name="testHLLDenseSerializationHalfDistinct[2]" classname="org.apache.hadoop.hive.common.ndv.hll.TestHLLSerialization" time="0.035"/>
  <testcase name="testHLLSparseNoBitPacking[2]" classname="org.apache.hadoop.hive.common.ndv.hll.TestHLLSerialization" time="0.005">
    <failure message="expected:&lt;...Prime: 6 register: {[32056398=3, 14931786=1, 17608295=2, 31112766=2, 1008811=1, 4165642=2, 32787290=1, 29541956=1, 28332384=1, 18962992=1, 27389138=1, 13138499=1, 26457731=2, 12070633=6, 17684801=1, 24361109=2, 4742573=1, 16110504=1, 21864777=2, 32960589=1, 9297059=1, 32622010=1, 6347459=1, 5188624=3, 6389902=2, 29040693=3, 904292=1, 22343717=1, 32300733=1, 21187408=1, 28945059=2, 30982134=2, 28395211=1, 21439348=3, 1728964=1, 1297735=1, 23539206=3, 20250142=1, 24056827=3, 29795546=2, 1074452=1, 11018058=6, 5753817=1, 23858330=5, 29248868=1, 27807968=1, 12072566=6, 17230231=1, 2298506=3, 2968787=1, 1045208=1, 22504372=1, 8718802=3, 27990484=3, 32904610=4, 24705992=1, 22285765=5, 9125529=3, 3526384=1, 31030500=1, 8867196=1, 15618527=1, 32279088=2, 5378945=4, 24047436=1, 29777574=1, 28546637=2, 14194762=2, 9343722=2, 21736699=2, 26804676=3, 17009707=2, 8645271=1, 21817304=1, 17028231=1, 23242358=2, 26273924=1, 33193211=1, 768150=2, 7501898=1, 9827204=1, 94405=1, 23488107=1, 15490813=1, 30114251=2, 6125714=1, 18211148=1, 17197584=1, 4224106=1, 18575177=1, 18649055=2, 22302707=1, 1417509=2, 32813950=2, 25455625=1, 19545535=4, 2616767=1, 23151323=1, 28971348=4, 8919571=6]}&gt; but was:&lt;...Prime: 6 register: {[28332384=1, 20250142=1, 29040693=3, 30982134=2, 94405=1, 29777574=1, 31030500=1, 17009707=2, 5753817=1, 29795546=2, 768150=2, 21187408=1, 28395211=1, 15490813=1, 24047436=1, 17197584=1, 17028231=1, 7501898=1, 18211148=1, 32787290=1, 12072566=6, 16110504=1, 28971348=4, 1074452=1, 29541956=1, 6125714=1, 6347459=1, 5378945=4, 33193211=1, 22343717=1, 19545535=4, 12070633=6, 21864777=2, 27389138=1, 9343722=2, 2298506=3, 27807968=1, 18962992=1, 13138499=1, 32904610=4, 32622010=1, 26273924=1, 32300733=1, 1045208=1, 8919571=6, 17684801=1, 4742573=1, 26804676=3, 9297059=1, 27990484=3, 4165642=2, 24705992=1, 1417509=2, 9827204=1, 8867196=1, 23488107=1, 8645271=1, 32279088=2, 30114251=2, 24056827=3, 29248868=1, 11018058=6, 31112766=2, 14931786=1, 22504372=1, 17230231=1, 21439348=3, 22285765=5, 23242358=2, 21736699=2, 28945059=2, 4224106=1, 21817304=1, 2968787=1, 5188624=3, 23539206=3, 1728964=1, 32056398=3, 18575177=1, 23858330=5, 1297735=1, 32813950=2, 22302707=1, 8718802=3, 6389902=2, 32960589=1, 9125529=3, 17608295=2, 28546637=2, 15618527=1, 18649055=2, 3526384=1, 14194762=2, 25455625=1, 904292=1, 23151323=1, 2616767=1, 24361109=2, 26457731=2, 1008811=1]}&gt;" type="org.junit.ComparisonFailure"><![CDATA[org.junit.ComparisonFailure: expected:<...Prime: 6 register: {[32056398=3, 14931786=1, 17608295=2, 31112766=2, 1008811=1, 4165642=2, 32787290=1, 29541956=1, 28332384=1, 18962992=1, 27389138=1, 13138499=1, 26457731=2, 12070633=6, 17684801=1, 24361109=2, 4742573=1, 16110504=1, 21864777=2, 32960589=1, 9297059=1, 32622010=1, 6347459=1, 5188624=3, 6389902=2, 29040693=3, 904292=1, 22343717=1, 32300733=1, 21187408=1, 28945059=2, 30982134=2, 28395211=1, 21439348=3, 1728964=1, 1297735=1, 23539206=3, 20250142=1, 24056827=3, 29795546=2, 1074452=1, 11018058=6, 5753817=1, 23858330=5, 29248868=1, 27807968=1, 12072566=6, 17230231=1, 2298506=3, 2968787=1, 1045208=1, 22504372=1, 8718802=3, 27990484=3, 32904610=4, 24705992=1, 22285765=5, 9125529=3, 3526384=1, 31030500=1, 8867196=1, 15618527=1, 32279088=2, 5378945=4, 24047436=1, 29777574=1, 28546637=2, 14194762=2, 9343722=2, 21736699=2, 26804676=3, 17009707=2, 8645271=1, 21817304=1, 17028231=1, 23242358=2, 26273924=1, 33193211=1, 768150=2, 7501898=1, 9827204=1, 94405=1, 23488107=1, 15490813=1, 30114251=2, 6125714=1, 18211148=1, 17197584=1, 4224106=1, 18575177=1, 18649055=2, 22302707=1, 1417509=2, 32813950=2, 25455625=1, 19545535=4, 2616767=1, 23151323=1, 28971348=4, 8919571=6]}> but was:<...Prime: 6 register: {[28332384=1, 20250142=1, 29040693=3, 30982134=2, 94405=1, 29777574=1, 31030500=1, 17009707=2, 5753817=1, 29795546=2, 768150=2, 21187408=1, 28395211=1, 15490813=1, 24047436=1, 17197584=1, 17028231=1, 7501898=1, 18211148=1, 32787290=1, 12072566=6, 16110504=1, 28971348=4, 1074452=1, 29541956=1, 6125714=1, 6347459=1, 5378945=4, 33193211=1, 22343717=1, 19545535=4, 12070633=6, 21864777=2, 27389138=1, 9343722=2, 2298506=3, 27807968=1, 18962992=1, 13138499=1, 32904610=4, 32622010=1, 26273924=1, 32300733=1, 1045208=1, 8919571=6, 17684801=1, 4742573=1, 26804676=3, 9297059=1, 27990484=3, 4165642=2, 24705992=1, 1417509=2, 9827204=1, 8867196=1, 23488107=1, 8645271=1, 32279088=2, 30114251=2, 24056827=3, 29248868=1, 11018058=6, 31112766=2, 14931786=1, 22504372=1, 17230231=1, 21439348=3, 22285765=5, 23242358=2, 21736699=2, 28945059=2, 4224106=1, 21817304=1, 2968787=1, 5188624=3, 23539206=3, 1728964=1, 32056398=3, 18575177=1, 23858330=5, 1297735=1, 32813950=2, 22302707=1, 8718802=3, 6389902=2, 32960589=1, 9125529=3, 17608295=2, 28546637=2, 15618527=1, 18649055=2, 3526384=1, 14194762=2, 25455625=1, 904292=1, 23151323=1, 2616767=1, 24361109=2, 26457731=2, 1008811=1]}>
	at org.apache.hadoop.hive.common.ndv.hll.TestHLLSerialization.testHLLSparseNoBitPacking(TestHLLSerialization.java:142)
]]></failure>
  </testcase>
  <testcase name="testHLLSparseNoBitPackingHalfDistinct[2]" classname="org.apache.hadoop.hive.common.ndv.hll.TestHLLSerialization" time="0.004">
    <failure message="expected:&lt;...rime: 6 register: {1[9872312=3, 21537371=2, 18984532=2, 9848558=1, 3360039=1, 22185766=2, 2868969=1, 25544914=1, 9061108=1, 15946938=1, 6425156=4, 3485961=3, 18669571=1, 8165977=2, 6292467=8, 32999760=2, 21199871=1, 8249649=1, 10214193=1, 28943167=2, 22146134=1, 25288205=1, 32872638=2, 23861474=5, 8378199=1, 3434548=1, 8154695=1, 5156073=2, 28669251=1, 11185401=2, 790183=5, 28861691=1, 2375399=5, 16572619=1, 3860538=1, 19208194=3, 5598046=1, 10727588=2, 1571379=1, 13529742=1, 8119074=1, 15741376=7, 28783039=3, 25654631=1, 21272397=2]}&gt; but was:&lt;...rime: 6 register: {1[3529742=1, 1571379=1, 32999760=2, 8378199=1, 21537371=2, 10214193=1, 3860538=1, 18669571=1, 21272397=2, 32872638=2, 19208194=3, 22146134=1, 18984532=2, 5156073=2, 3360039=1, 8154695=1, 28943167=2, 2868969=1, 790183=5, 28783039=3, 2375399=5, 6292467=8, 15741376=7, 10727588=2, 8249649=1, 25288205=1, 23861474=5, 25544914=1, 16572619=1, 25654631=1, 3485961=3, 19872312=3, 9061108=1, 3434548=1, 9848558=1, 21199871=1, 8165977=2, 28669251=1, 28861691=1, 6425156=4, 11185401=2, 5598046=1, 22185766=2, 8119074=1, 15946938=1]}&gt;" type="org.junit.ComparisonFailure"><![CDATA[org.junit.ComparisonFailure: expected:<...rime: 6 register: {1[9872312=3, 21537371=2, 18984532=2, 9848558=1, 3360039=1, 22185766=2, 2868969=1, 25544914=1, 9061108=1, 15946938=1, 6425156=4, 3485961=3, 18669571=1, 8165977=2, 6292467=8, 32999760=2, 21199871=1, 8249649=1, 10214193=1, 28943167=2, 22146134=1, 25288205=1, 32872638=2, 23861474=5, 8378199=1, 3434548=1, 8154695=1, 5156073=2, 28669251=1, 11185401=2, 790183=5, 28861691=1, 2375399=5, 16572619=1, 3860538=1, 19208194=3, 5598046=1, 10727588=2, 1571379=1, 13529742=1, 8119074=1, 15741376=7, 28783039=3, 25654631=1, 21272397=2]}> but was:<...rime: 6 register: {1[3529742=1, 1571379=1, 32999760=2, 8378199=1, 21537371=2, 10214193=1, 3860538=1, 18669571=1, 21272397=2, 32872638=2, 19208194=3, 22146134=1, 18984532=2, 5156073=2, 3360039=1, 8154695=1, 28943167=2, 2868969=1, 790183=5, 28783039=3, 2375399=5, 6292467=8, 15741376=7, 10727588=2, 8249649=1, 25288205=1, 23861474=5, 25544914=1, 16572619=1, 25654631=1, 3485961=3, 19872312=3, 9061108=1, 3434548=1, 9848558=1, 21199871=1, 8165977=2, 28669251=1, 28861691=1, 6425156=4, 11185401=2, 5598046=1, 22185766=2, 8119074=1, 15946938=1]}>
	at org.apache.hadoop.hive.common.ndv.hll.TestHLLSerialization.testHLLSparseNoBitPackingHalfDistinct(TestHLLSerialization.java:168)
]]></failure>
  </testcase>
  <testcase name="testHLLDenseNoBitPackingHalfDistinct[3]" classname="org.apache.hadoop.hive.common.ndv.hll.TestHLLSerialization" time="0.064"/>
  <testcase name="testHLLDenseNoBitPacking[3]" classname="org.apache.hadoop.hive.common.ndv.hll.TestHLLSerialization" time="0.065"/>
  <testcase name="testHLLSparseSerialization[3]" classname="org.apache.hadoop.hive.common.ndv.hll.TestHLLSerialization" time="0.044">
    <failure message="expected:&lt;...Prime: 6 register: {[24361109=2, 16719380=3, 7176720=2, 21938033=2, 6055334=1, 8607768=1, 27215055=1, 18130290=2, 29807360=1, 14071923=2, 21698123=3, 26874844=4, 2101638=8, 21608483=2, 18966187=1, 33295415=5, 24053856=3, 19969132=2, 25293573=1, 14381249=1, 8561452=2, 18575177=1, 13138499=1, 23558747=1, 32752259=1, 1030818=2, 24738245=1, 14907744=1, 14620250=3, 18480539=1, 25631188=3, 11018058=6, 7380833=2, 1895340=1, 10471191=1, 3219068=3, 28936171=2, 22190307=2, 33193211=1, 2016804=1, 30551795=4, 72257=3, 23539206=3, 16579327=1, 25344399=2, 23701167=2, 30238581=1, 17028231=1, 12149696=1, 23135374=3, 12288714=2, 18752074=4, 22285765=5, 26776100=2, 23307870=2, 8144356=1, 27099129=1, 22405220=1, 8065391=3, 8583072=1, 16568224=1, 8409133=1, 515986=1, 25535699=2, 28617828=2, 32734703=1, 18707319=1, 32838432=3, 4050386=1, 11216898=3, 4738881=1, 29581787=1, 30902736=2, 14634303=1, 16632564=1, 5663981=1, 9637445=3, 8289257=1, 18886951=8, 2985992=2, 24542708=1, 11332798=1, 18649055=2, 15582292=1, 15596472=1, 634081=2, 29773238=1, 17499621=3, 30971149=2, 16251722=1, 30114251=2, 10514800=1, 14600293=1, 28929033=1, 20531731=1, 18639160=1, 10069417=2, 5722953=1, 15263631=1, 622545=1, 8264102=4, 10412440=1, 11317778=2, 13851209=1, 16794072=1, 2362840=5, 15548850=1, 30056267=2, 21009443=2, 19816602=1, 7292402=1, 4890702=2, 18605844=1, 12072566=6, 2336927=2, 29135892=2, 31222618=1, 24914959=5, 8645271=1, 5958323=1, 1018447=2, 817607=1, 11172817=1, 22232106=3, 12491431=2, 23147982=3, 4758767=2, 21440075=3, 4529919=3, 8867196=1, 148682=1, 32221308=2, 11557315=1, 11736714=3, 25446573=1, 13759192=1, 7870633=6, 8239231=2, 15004612=1, 12289858=2, 1893425=1, 19551766=1, 30925879=1, 138524=4, 10566102=3, 14625548=3, 4404463=3, 24989318=1, 27288611=1, 20800670=1, 3423114=5, 2002780=2, 29018559=1, 16223040=2, 1337684=1, 21154198=1, 21996473=2, 30721025=1, 20868845=1, 30946322=6, 20654151=3, 33502193=3, 14865374=1, 30944586=6, 11359107=1, 6632969=3, 2373188=5, 18864353=1, 17682677=1, 2515008=1, 8494934=2, 13170590=1, 2054929=1, 23858330=5, 21640025=4, 27745170=1, 6941867=1, 8034407=2, 10368634=4, 6760076=3, 15110186=2, 23569939=2, 4281004=1, 30299210=1, 8258713=4, 2407608=2, 32300733=1, 7656227=1, 1394021=1, 27538449=5, 32787290=1, 733135=3, 21439348=3, 7556541=1, 21708593=3, 18278607=1, 2133615=2, 24047436=1, 27817925=1, 29380630=1, 5826360=1, 12187391=1, 10284005=1, 28546637=2, 24080404=1, 4435835=2, 13475607=2, 7559188=1, 23985152=1, 20250142=1, 19041113=2, 13199556=1, 10984061=2, 17225117=1, 742751=1, 16408136=1, 6879198=1, 26731139=1, 26820022=3, 32959684=1, 11497180=1, 12430508=2, 5993597=1, 19977221=1, 9343722=2, 17668445=2, 32904610=4, 33434770=4, 29537145=2, 20764632=1, 9701461=5, 27991469=3, 16683631=2, 5049804=3, 2025824=1, 3071306=1, 11905375=2, 30135567=1, 20646801=3, 16144677=1, 22664744=1, 24975840=3, 6347459=1, 30296654=1, 9791837=1, 4889414=2, 22784353=2, 24099716=2, 3761862=1, 10473160=1, 21342239=2, 27360331=1, 25902357=3, 310730=2, 1087939=2, 2463658=2, 12283926=1, 29958283=3, 15070864=1, 31280636=1, 24087405=2, 13632274=7, 2040907=3, 14756583=3, 12419772=2, 15161324=1, 1641703=3, 13403147=2, 5228232=1, 30419707=7, 23571212=2, 2286422=1, 15072245=1, 27712400=1, 24676564=2, 21951714=1, 29541956=1, 32962010=1, 28037901=1, 33447016=1, 5954338=1, 25453682=1, 25945027=1, 2120955=1, 23348623=1, 6648420=1, 17197584=1, 18518125=2, 2455932=1, 5467278=1, 1045208=1, 8771607=1, 12875033=1, 436128=2, 23212364=4, 10905946=1, 25883821=1, 29073847=2, 31118542=1, 6170398=4, 1692793=1, 3167653=1, 20939367=2, 12313352=1, 29040693=3, 19545535=4, 9947013=1, 23165410=1, 5287863=2, 19668707=5, 5373984=4, 17123309=1, 26015337=1, 24477230=1, 8919571=6, 19839642=2, 20058719=4, 26954251=1, 26804676=3, 25919329=1, 3313830=2, 18101876=5, 9133290=1, 31400578=3, 30073553=1, 5808831=2, 1483869=2, 9297059=1, 29473370=2, 32138569=1, 1751069=2, 15935776=3, 7439696=2, 15123323=1, 32869785=2, 29737449=1, 27537952=5, 20852200=4, 10003632=2, 30414111=7, 12448048=1, 33371184=3, 16528158=5, 28734519=1, 92711=1, 32069016=1, 24705992=1, 30904883=2, 26325963=2, 15724754=1, 546296=1, 18423802=3, 29819960=3, 8721033=3, 3168957=1, 17009707=2, 20319301=4, 30452824=2, 20570074=1, 10210143=1, 7407754=3, 8330290=3, 11651669=1, 12643348=1, 2352811=1, 11304246=1, 32196116=1, 3237011=1, 28395211=1, 26710955=2, 4895027=2, 21772491=5, 19524594=1, 11473510=3, 1417509=2, 8595624=3, 18095002=5, 19328694=1, 7410281=3, 1530503=1, 22771758=1, 30337530=1, 10384875=1, 26309795=1, 17143856=2, 5378945=4, 23022751=1, 11862461=3, 8481088=1, 16903472=1, 21399851=2, 16338149=1, 14878828=3, 5336174=1, 29044946=3, 23242358=2, 25496182=3, 17454413=1, 21736699=2, 4100828=2, 3223226=3, 28078272=1, 21907755=1, 10119616=1, 29946471=1, 28971348=4, 15519843=1, 24330162=3, 24816088=2, 32385009=4, 7874458=6, 4146358=1, 2968834=1, 16731906=1, 18847227=2, 2929780=2, 32707164=3, 8404105=10, 21465=1, 30087903=3, 14120383=1, 8036366=2, 14161017=6, 8507871=1, 6123321=1, 5214417=2, 23146480=3, 30856167=1, 15490813=1, 5188624=3, 31918160=3, 9661864=1, 4955522=2, 19351575=1, 7936216=3, 10493835=8, 3953169=1, 21651787=1, 18106010=1, 31112766=2, 12853629=5, 7103523=1, 15219267=6, 4569707=2, 9827204=1, 7890102=1, 4024445=1, 19636306=2, 10519786=2, 3526384=1, 30387257=2, 33018695=1, 14918328=2, 13826954=1, 33318713=1, 17554965=1, 2626664=6, 7096664=1, 350458=1, 570404=2, 4165642=2, 17724753=1, 9975087=6, 27990484=3, 31306414=2, 1297735=1, 21864777=2, 30991345=1, 32279088=2, 2298506=3, 31055620=1, 9125529=3, 29098930=5, 26163878=3, 7945843=3, 768150=2, 22980420=2, 1204400=1, 4742573=1, 5664276=1, 26889564=1, 14136305=2, 2285664=1, 17124687=1, 9639286=3, 28350540=2, 7781652=2, 3485530=3, 2094347=1, 22877896=3, 11113102=2, 94405=1, 32530758=1, 1219063=2, 10342890=1, 5256971=7, 22978158=2, 17673937=2, 27549306=1, 17230231=1, 9850632=1, 27318579=1, 20435598=1, 24087939=2, 4032262=2, 3208157=1, 6387410=1, 14890370=3, 18409652=1, 5445141=3, 33194727=2, 12840175=1, 25455625=1, 7913800=1, 27221699=1, 13725386=1, 3104117=1, 26871904=4, 15991835=5, 5533308=1, 9695176=1, 18217363=1, 29417352=1, 18962992=1, 20142560=1, 19856005=1, 27539489=5, 15618527=1, 9963547=6, 3347824=3, 9533814=1, 27998672=3, 18868998=1, 7225277=4, 32709197=3, 611666=1, 26113058=1, 20991686=1, 31030500=1, 25740949=1, 30859812=1, 1063063=7, 14990455=2, 10422170=3, 9058591=4, 19525700=1, 6926925=2, 28332384=1, 19796906=4, 32248590=5, 2616767=1, 32873198=2, 10359261=4, 30592020=1, 15510085=2, 4224106=1, 12337299=1, 15579296=2, 33307627=5, 24581201=3, 32675664=2, 7930974=3, 12449802=1, 17077986=2, 32067185=1, 24934751=1, 18007181=1, 33504574=3, 25236222=3, 6179628=1, 4935522=1, 22540854=1, 28131564=1, 4081541=1, 29126131=1, 26236556=1, 26195376=2, 32754608=1, 26095581=4, 24017340=1, 2202886=2, 31232228=2, 18792578=1, 1854224=1, 10845816=1, 19062806=1, 1216122=2, 810026=1, 28527309=1, 3516540=2, 18492453=4, 25652009=1, 6723205=2, 8779095=1, 2027927=1, 14501641=1, 6406413=1, 24381587=5, 6821165=6, 23182842=2, 16781835=11, 4313241=1, 1611720=2, 24022788=2, 28125722=3, 1548902=2, 14194762=2, 16042217=1, 28619139=2, 23681647=1, 22302707=1, 3157966=7, 30229717=1, 9543696=2, 14786290=2, 19597593=3, 9397103=1, 3996575=1, 27125776=1, 26942303=3, 25789997=2, 5121510=4, 11845005=2, 26903683=2, 8747020=1, 1628443=1, 11257605=1, 22964591=1, 23616654=1, 7803136=3, 8718802=3, 21487396=1, 15321421=1, 32900393=4, 32883436=1, 25398123=2, 21299617=3, 4121417=1, 4088153=1, 32354302=2, 33500888=3, 27389138=1, 24803179=1, 19912066=1, 24056827=3, 6339973=2, 2024642=1, 29807029=1, 969896=1, 20245285=1, 16462484=3, 31019589=1, 22087149=3, 1732213=1, 19695492=2, 33310158=1, 6577504=1, 32194499=3, 7700256=1, 24308858=1, 11043924=2, 24405977=1, 4051275=1, 6210671=1, 13414654=2, 30157468=5, 13595614=1, 2968787=1, 13288755=1, 3410268=5, 32960589=1, 31615167=1, 18242793=1, 21723635=1, 6125714=1, 9936213=2, 1023609=2, 12715733=4, 20373833=1, 29229652=4, 12070633=6, 17716158=1, 25077546=2, 26423992=3, 31779994=1, 20404500=1, 2897066=5, 19095553=1, 30637279=1, 15154=14, 26924439=1, 15605278=4, 18261271=2, 21754779=1, 29444012=1, 29303163=3, 27785668=1, 16654145=4, 14503754=1, 54851=1, 4318605=1, 1615046=2, 1450139=4, 10798074=1, 7750507=1, 852753=3, 20401114=1, 27464271=3, 27434773=2, 32762401=1, 28448254=4, 13383091=5, 9470738=2, 23640914=2, 13999814=2, 25045058=4, 527741=6, 16349268=1, 31673246=1, 29200409=2, 1695017=1, 12900799=1, 9526845=1, 9182370=5, 17742104=2, 29049290=1, 26054112=2, 7853026=1, 10828451=3, 10439519=1, 2026665=1, 29668652=2, 634208=2, 29596314=2, 9070253=1, 1886362=1, 22610856=3, 24955303=1, 32622010=1, 5084278=2, 604246=3, 31211468=5, 6649221=1, 31084064=1, 21379050=4, 2330492=2, 31089380=1, 25639769=3, 3408196=5, 30375170=1, 112469=2, 17057041=1, 13722016=1, 4447389=1, 21686376=1, 18555250=3, 4857423=4, 22997369=1, 26734209=1, 9772532=3, 16934508=1, 2677343=1, 27001313=5, 30927814=1, 2684247=1, 17217473=2, 33213754=1, 21750050=1, 33476371=1, 10293166=3, 16832126=1, 1234051=1, 32789346=1, 5175770=1, 7020410=3, 32557993=1, 8159152=1, 25812571=1, 27833692=2, 15597446=1, 17551233=1, 22504372=1, 7711014=2, 23617124=1, 1458059=4, 28726889=1, 24862406=1, 29777574=1, 16392464=4, 28406497=1, 8812012=1, 20501371=1, 1074452=1, 11995144=3, 14931786=1, 3753964=1, 2626927=6, 17608295=2, 12793413=3, 26667930=1, 28824314=1, 5753817=1, 20583327=4, 8236990=2, 22343717=1, 10233372=5, 10960974=1, 5651357=4, 25999881=2, 3968549=2, 22737936=1, 28945059=2, 7358664=1, 3476725=3, 14309976=1, 19565924=2, 25663962=2, 29248868=1, 10168794=3, 6828068=6, 9277721=2, 5080547=2, 18450738=2, 17726544=1, 25568617=4, 9402743=1, 32624782=1, 17152734=2, 12675863=1, 23488107=1, 4792756=3, 31564039=2, 15079601=4, 5509822=5, 2528634=2, 1535268=1, 7912072=2, 10074316=2, 4943347=1, 32056398=3, 17392327=1, 15204725=6, 19103937=2, 2554625=1, 24117886=7, 31116564=1, 1079500=1, 1728517=1, 8942595=1, 23835818=2, 15263199=1, 13456977=1, 32573777=3, 4977403=1, 6947669=4, 16164508=2, 30200436=1, 16110504=1, 126436=1, 30520482=2, 3768523=2, 22978182=2, 6183892=1, 17684801=1, 21296852=1, 29377894=1, 11717941=1, 17944182=1, 14680198=8, 32790834=1, 16499323=1, 1769495=3, 26273924=1, 28614315=2, 30086303=3, 9596163=1, 16305080=1, 4877200=1, 15804712=3, 21643254=4, 6826=15, 30605175=1, 26249098=2, 27810812=1, 22122456=2, 29211959=2, 25466875=2, 4930114=3, 2616903=1, 27807968=1, 4576954=1, 26099735=1, 2602372=2, 19752990=1, 16504987=1, 30982134=2, 21817304=1, 23151323=1, 16642930=1, 21575905=3, 31182411=1, 17884178=1, 6412481=1, 13850053=1, 28721771=1, 5651186=4, 29287331=1, 19186928=1, 21038613=3, 1728964=1, 26157525=3, 4358326=2, 6197448=2, 8541592=1, 15770353=2, 15314768=2, 6934952=1, 7175505=1, 26969940=2, 15940390=3, 1521726=3, 31382194=1, 32611478=2, 25390680=1, 10645676=1, 10518962=2, 877403=1, 32311522=3, 17133312=1, 1375609=1, 11360213=1, 23554730=1, 26759012=1, 3678548=6, 14716873=2, 31155506=1, 7640459=2, 24867940=1, 14717093=2, 2513030=1, 18027025=3, 32106532=1, 13816502=1, 12031288=2, 29795546=2, 13818751=1, 1757445=1, 5423200=1, 5228393=1, 28413032=2, 32740393=2, 2253673=1, 1963516=1, 30843043=2, 9945643=1, 627760=2, 11949559=1, 31226927=1, 7178280=2, 10616643=1, 27530343=5, 24270255=1, 33311546=1, 14301186=4, 33471669=2, 31440000=2, 16842797=3, 18211148=1, 963262=2, 26457731=2, 19064508=1, 21681728=1, 8354396=1, 8507587=1, 23650035=1, 29191711=1, 31106279=2, 29216762=1, 666533=4, 28559674=1, 24839901=3, 22922549=1, 32813950=2, 6170338=4, 11574222=2, 6389902=2, 1008811=1, 11326088=1, 7501898=1, 28951229=1, 25508504=3, 25045161=4, 16710278=1, 21187408=1, 14015899=1, 25105148=3, 904292=1, 30656120=1, 31094965=1, 23784571]=1}&gt; but was:&lt;...Prime: 6 register: {[11862461=3, 7711014=2, 24087405=2, 19597593=3, 22922549=1, 28448254=4, 3071306=1, 14634303=1, 16408136=1, 17673937=2, 12448048=1, 24361109=2, 19041113=2, 29248868=1, 2336927=2, 32354302=2, 20991686=1, 13725386=1, 1895340=1, 32813950=2, 527741=6, 14600293=1, 10210143=1, 4758767=2, 24405977=1, 3347824=3, 1695017=1, 27539489=5, 18007181=1, 32959684=1, 5373984=4, 29049290=1, 10518962=2, 2002780=2, 20939367=2, 30087903=3, 32611478=2, 7380833=2, 26249098=2, 2352811=1, 6828068=6, 21754779=1, 9772532=3, 32790834=1, 7103523=1, 8236990=2, 94405=1, 8404105=10, 18106010=1, 30856167=1, 15579296=2, 24989318=1, 1219063=2, 9470738=2, 7656227=1, 29819960=3, 17499621=3, 14071923=2, 27464271=3, 27807968=1, 26099735=1, 29807029=1, 26871904=4, 3408196=5, 23151323=1, 30135567=1, 2040907=3, 16504987=1, 14620250=3, 4955522=2, 32194499=3, 9695176=1, 30452824=2, 10798074=1, 19545535=4, 31564039=2, 32196116=1, 15582292=1, 21996473=2, 31116564=1, 5664276=1, 8289257=1, 852753=3, 29229652=4, 8159152=1, 27998672=3, 15154=14, 31918160=3, 31382194=1, 1087939=2, 14015899=1, 29581787=1, 5445141=3, 22877896=3, 7890102=1, 9533814=1, 27833692=2, 2025824=1, 18555250=3, 15110186=2, 3410268=5, 30902736=2, 20435598=1, 29946471=1, 26804676=3, 31155506=1, 14501641=1, 8507871=1, 33311546=1, 26874844=4, 1063063=7, 634081=2, 8541592=1, 12840175=1, 30991345=1, 21643254=4, 112469=2, 19977221=1, 8779095=1, 9639286=3, 16568224=1, 1216122=2, 33447016=1, 32960589=1, 27125776=1, 29537145=2, 32754608=1, 33193211=1, 15161324=1, 23488107=1, 26457731=2, 8409133=1, 13851209=1, 11949559=1, 24803179=1, 32573777=3, 963262=2, 4100828=2, 5651357=4, 4738881=1, 11497180=1, 22964591=1, 17742104=2, 2407608=2, 32624782=1, 10233372=5, 6941867=1, 27530343=5, 4576954=1, 6649221=1, 4742573=1, 26273924=1, 6826=15, 21817304=1, 30656120=1, 33194727=2, 1079500=1, 2202886=2, 17684801=1, 8239231=2, 30946322=6, 23558747=1, 26157525=3, 14907744=1, 24308858=1, 7853026=1, 7178280=2, 6406413=1, 2626927=6, 27215055=1, 32752259=1, 1074452=1, 14786290=2, 25390680=1, 1963516=1, 23569939=2, 23307870=2, 28406497=1, 9402743=1, 7930974=3, 23571212=2, 24955303=1, 611666=1, 2286422=1, 1728964=1, 3168957=1, 10519786=2, 16349268=1, 3996575=1, 32787290=1, 30200436=1, 18605844=1, 4569707=2, 15596472=1, 8494934=2, 11332798=1, 27360331=1, 3968549=2, 26015337=1, 30157468=5, 10514800=1, 7410281=3, 8919571=6, 19524594=1, 2968834=1, 4024445=1, 7936216=3, 29287331=1, 1530503=1, 22997369=1, 7912072=2, 15123323=1, 4032262=2, 6197448=2, 30114251=2, 26954251=1, 1008811=1, 7870633=6, 2455932=1, 32762401=1, 1692793=1, 15548850=1, 18278607=1, 10342890=1, 310730=2, 11018058=6, 21864777=2, 7559188=1, 9637445=3, 1535268=1, 10168794=3, 8747020=1, 29135892=2, 18752074=4, 19912066=1, 8718802=3, 18847227=2, 22980420=2, 3167653=1, 6339973=2, 30419707=7, 17133312=1, 7175505=1, 5188624=3, 32311522=3, 32838432=3, 10359261=4, 877403=1, 23835818=2, 14381249=1, 21342239=2, 5509822=5, 7292402=1, 19796906=4, 16110504=1, 16794072=1, 25639769=3, 24738245=1, 6412481=1, 15204725=6, 5214417=2, 7439696=2, 31779994=1, 31030500=1, 8607768=1, 27537952=5, 33502193=3, 2285664=1, 11043924=2, 26734209=1, 1611720=2, 7700256=1, 10368634=4, 21608483=2, 33504574=3, 11473510=3, 16719380=3, 148682=1, 1458059=4, 16654145=4, 23701167=2, 28546637=2, 15219267=6, 3516540=2, 4435835=2, 15597446=1, 5084278=2, 25236222=3, 9596163=1, 15770353=2, 5651186=4, 21296852=1, 25999881=2, 8330290=3, 30414111=7, 9070253=1, 9543696=2, 32069016=1, 5228393=1, 31182411=1, 18217363=1, 4281004=1, 30925879=1, 12337299=1, 16683631=2, 24542708=1, 29541956=1, 20868845=1, 31222618=1, 32873198=2, 7640459=2, 1045208=1, 1769495=3, 436128=2, 23348623=1, 29200409=2, 2616903=1, 6389902=2, 10284005=1, 1337684=1, 17143856=2, 32740393=2, 21698123=3, 11326088=1, 904292=1, 23165410=1, 22784353=2, 6879198=1, 32869785=2, 10412440=1, 26903683=2, 18095002=5, 4529919=3, 16499323=1, 25789997=2, 22285765=5, 15314768=2, 2513030=1, 24676564=2, 18492453=4, 24862406=1, 9850632=1, 28971348=4, 12793413=3, 12072566=6, 14717093=2, 6183892=1, 20800670=1, 8771607=1, 24330162=3, 28929033=1, 5080547=2, 21575905=3, 2298506=3, 32530758=1, 20142560=1, 28078272=1, 27785668=1, 21640025=4, 19636306=2, 26969940=2, 18575177=1, 28726889=1, 29795546=2, 28395211=1, 19062806=1, 15940390=3, 15070864=1, 24705992=1, 14756583=3, 18962992=1, 33310158=1, 16528158=5, 27318579=1, 28824314=1, 6947669=4, 12419772=2, 23146480=3, 9125529=3, 2897066=5, 2528634=2, 24099716=2, 24914959=5, 5228232=1, 29018559=1, 23640914=2, 6170398=4, 18101876=5, 27549306=1, 6387410=1, 12288714=2, 19856005=1, 15263199=1, 15079601=4, 1023609=2, 3485530=3, 22343717=1, 12149696=1, 11359107=1, 16781835=11, 29211959=2, 1417509=2, 11995144=3, 14194762=2, 9058591=4, 25045161=4, 30904883=2, 19695492=2, 30056267=2, 28619139=2, 31673246=1, 29807360=1, 6055334=1, 6821165=6, 24816088=2, 30337530=1, 12643348=1, 10645676=1, 21154198=1, 2027927=1, 8036366=2, 2330492=2, 26942303=3, 32138569=1, 15510085=2, 18211148=1, 18792578=1, 817607=1, 31400578=3, 17454413=1, 22664744=1, 26236556=1, 28037901=1, 15724754=1, 9297059=1, 1548902=2, 12875033=1, 30971149=2, 16144677=1, 22504372=1, 23182842=2, 19816602=1, 21938033=2, 6210671=1, 14625548=3, 30721025=1, 31306414=2, 31118542=1, 10439519=1, 12187391=1, 22302707=1, 24477230=1, 25077546=2, 23022751=1, 25508504=3, 22122456=2, 13403147=2, 768150=2, 29126131=1, 9343722=2, 8258713=4, 15991835=5, 1375609=1, 8942595=1, 6123321=1, 10293166=3, 14680198=8, 9791837=1, 4895027=2, 33318713=1, 24117886=7, 14161017=6, 16731906=1, 16164508=2, 28721771=1, 25919329=1, 2968787=1, 7803136=3, 5753817=1, 25568617=4, 14865374=1, 21750050=1, 16462484=3, 7176720=2, 26195376=2, 27990484=3, 4889414=2, 14890370=3, 29417352=1, 4857423=4, 24017340=1, 12491431=2, 32385009=4, 27712400=1, 29777574=1, 24934751=1, 17682677=1, 6125714=1, 7501898=1, 10960974=1, 4146358=1, 627760=2, 29191711=1, 20245285=1, 22771758=1, 29596314=2, 18649055=2, 28936171=2, 32557993=1, 18261271=2, 350458=1, 2253673=1, 25293573=1, 31211468=5, 25663962=2, 19064508=1, 17124687=1, 6926925=2, 13138499=1, 30387257=2, 634208=2, 1615046=2, 1732213=1, 32279088=2, 3678548=6, 14990455=2, 22978158=2, 18639160=1, 8034407=2, 19839642=2, 8561452=2, 32709197=3, 16251722=1, 26776100=2, 32106532=1, 25446573=1, 5467278=1, 23858330=5, 18480539=1, 570404=2, 9947013=1, 1641703=3, 10422170=3, 28125722=3, 20058719=4, 18886951=8, 6723205=2, 21772491=5, 2362840=5, 24381587=5, 2026665=1, 29737449=1, 26924439=1, 29216762=1, 21951714=1, 3223226=3, 9963547=6, 15072245=1, 23147982=3, 18966187=1, 13722016=1, 25740949=1, 4890702=2, 6632969=3, 20764632=1, 16642930=1, 19752990=1, 12313352=1, 29380630=1, 13632274=7, 4165642=2, 5663981=1, 29044946=3, 33471669=2, 32248590=5, 15519843=1, 31232228=2, 2677343=1, 19103937=2, 8144356=1, 2985992=2, 29073847=2, 21440075=3, 8645271=1, 15804712=3, 22232106=3, 13199556=1, 13170590=1, 10828451=3, 14301186=4, 15605278=4, 17668445=2, 18518125=2, 23617124=1, 26889564=1, 16832126=1, 2929780=2, 13595614=1, 29040693=3, 30086303=3, 12675863=1, 26095581=4, 6648420=1, 4943347=1, 20852200=4, 23135374=3, 21299617=3, 21681728=1, 13475607=2, 10984061=2, 4081541=1, 8354396=1, 15490813=1, 54851=1, 23784571=1, 32734703=1, 7407754=3, 30927814=1, 12070633=6, 17724753=1, 21736699=2, 8507587=1, 4935522=1, 5256971=7, 11736714=3, 27810812=1, 5378945=4, 22405220=1, 3761862=1, 5049804=3, 20531731=1, 15321421=1, 5993597=1, 33213754=1, 9133290=1, 18450738=2, 30551795=4, 26731139=1, 4977403=1, 32622010=1, 26667930=1, 8867196=1, 30299210=1, 25496182=3, 2602372=2, 24975840=3, 28559674=1, 17716158=1, 1757445=1, 9277721=2, 10003632=2, 11304246=1, 3526384=1, 21708593=3, 24056827=3, 14120383=1, 20401114=1, 30296654=1, 2054929=1, 18027025=3, 1483869=2, 21487396=1, 29098930=5, 30605175=1, 2616767=1, 21009443=2, 17197584=1, 21723635=1, 1018447=2, 15618527=1, 27389138=1, 4121417=1, 27745170=1, 3753964=1, 26309795=1, 23985152=1, 33476371=1, 3768523=2, 604246=3, 13850053=1, 7750507=1, 16632564=1, 7913800=1, 5808831=2, 30073553=1, 31112766=2, 28617828=2, 11360213=1, 5175770=1, 3953169=1, 31019589=1, 742751=1, 30229717=1, 21399851=2, 3157966=7, 33434770=4, 72257=3, 2515008=1, 30520482=2, 9397103=1, 25453682=1, 25466875=2, 23212364=4, 19969132=2, 15004612=1, 24080404=1, 29303163=3, 33307627=5, 2463658=2, 5336174=1, 17392327=1, 5287863=2, 17944182=1, 14716873=2, 8065391=3, 22610856=3, 11557315=1, 4404463=3, 31084064=1, 21907755=1, 25105148=3, 29958283=3, 32675664=2, 12289858=2, 21038613=3, 16934508=1, 16710278=1, 31055620=1, 10074316=2, 26163878=3, 27434773=2, 14503754=1, 27991469=3, 11257605=1, 32962010=1, 25631188=3, 25652009=1, 23554730=1, 10471191=1, 810026=1, 22978182=2, 9936213=2, 3237011=1, 13288755=1, 27221699=1, 2554625=1, 26325963=2, 3219068=3, 3104117=1, 4313241=1, 1234051=1, 16042217=1, 24839901=3, 14918328=2, 11845005=2, 6934952=1, 24581201=3, 3423114=5, 9975087=6, 17057041=1, 12283926=1, 33018695=1, 138524=4, 10069417=2, 8721033=3, 20583327=4, 10493835=8, 20373833=1, 28734519=1, 7874458=6, 22190307=2, 24270255=1, 2626664=6, 16223040=2, 21379050=4, 13816502=1, 9701461=5, 25344399=2, 30982134=2, 14931786=1, 4088153=1, 27099129=1, 30592020=1, 11905375=2, 32221308=2, 32056398=3, 969896=1, 12853629=5, 7096664=1, 10616643=1, 4050386=1, 24053856=3, 2684247=1, 21187408=1, 2120955=1, 5722953=1, 30944586=6, 11216898=3, 14309976=1, 17554965=1, 6347459=1, 20654151=3, 29444012=1, 13826954=1, 14136305=2, 5954338=1, 23681647=1, 29473370=2, 31094965=1, 11717941=1, 30843043=2, 1628443=1, 5958323=1, 12900799=1, 33500888=3, 4792756=3, 26759012=1, 1394021=1, 7556541=1, 20404500=1, 17009707=2, 16903472=1, 6577504=1, 28945059=2, 31106279=2, 29773238=1, 25812571=1, 10905946=1, 28527309=1, 27288611=1, 2101638=8, 2094347=1, 26113058=1, 5533308=1, 4318605=1, 1521726=3, 28131564=1, 17123309=1, 32883436=1, 16305080=1, 8595624=3, 32900393=4, 15263631=1, 33371184=3, 10119616=1, 19095553=1, 28951229=1, 23616654=1, 29377894=1, 28332384=1, 26423992=3, 7358664=1, 20250142=1, 1854224=1, 17152734=2, 1751069=2, 9945643=1, 32300733=1, 622545=1, 1450139=4, 2016804=1, 25455625=1, 666533=4, 21439348=3, 17077986=2, 11113102=2, 1030818=2, 18242793=1, 19328694=1, 13759192=1, 17217473=2, 32904610=4, 13383091=5, 7225277=4, 6179628=1, 6170338=4, 31615167=1, 92711=1, 4877200=1, 26820022=3, 20501371=1, 30238581=1, 28413032=2, 11574222=2, 28614315=2, 515986=1, 24047436=1, 27001313=5, 32707164=3, 6760076=3, 18409652=1, 20319301=4, 126436=1, 17726544=1, 20646801=3, 16579327=1, 22737936=1, 12715733=4, 8264102=4, 12449802=1, 19351575=1, 31280636=1, 4051275=1, 3313830=2, 11651669=1, 1886362=1, 16392464=4, 19551766=1, 28350540=2, 9526845=1, 5121510=4, 546296=1, 31226927=1, 23650035=1, 25902357=3, 29668652=2, 13414654=2, 21686376=1, 30859812=1, 4930114=3, 31440000=2, 11317778=2, 19186928=1, 5826360=1, 7781652=2, 733135=3, 32789346=1, 2024642=1, 32067185=1, 4358326=2, 30637279=1, 3476725=3, 7945843=3, 4447389=1, 21465=1, 24867940=1, 25398123=2, 27538449=5, 9827204=1, 18130290=2, 25945027=1, 12031288=2, 24087939=2, 17551233=1, 13456977=1, 17884178=1, 23242358=2, 4224106=1, 18423802=3, 10384875=1, 19525700=1, 1204400=1, 23539206=3, 17230231=1, 17608295=2, 26054112=2, 18707319=1, 18868998=1, 17225117=1, 1297735=1, 24022788=2, 25535699=2, 10845816=1, 22540854=1, 31089380=1, 26710955=2, 11172817=1, 9661864=1, 10566102=3, 13818751=1, 1893425=1, 27817925=1, 14878828=3, 33295415=5, 16338149=1, 7020410=3, 19668707=5, 9182370=5, 20570074=1, 8481088=1, 1728517=1, 19565924=2, 21651787=1, 22087149=3, 10473160=1, 13999814=2, 3208157=1, 30375170=1, 5423200=1, 16842797=3, 2373188=5, 2133615=2, 25883821=1, 17028231=1, 25045058=4, 8583072=1, 15935776=3, 8812012=1, 12430508=2, 18864353]=1}&gt;" type="org.junit.ComparisonFailure"><![CDATA[org.junit.ComparisonFailure: expected:<...Prime: 6 register: {[24361109=2, 16719380=3, 7176720=2, 21938033=2, 6055334=1, 8607768=1, 27215055=1, 18130290=2, 29807360=1, 14071923=2, 21698123=3, 26874844=4, 2101638=8, 21608483=2, 18966187=1, 33295415=5, 24053856=3, 19969132=2, 25293573=1, 14381249=1, 8561452=2, 18575177=1, 13138499=1, 23558747=1, 32752259=1, 1030818=2, 24738245=1, 14907744=1, 14620250=3, 18480539=1, 25631188=3, 11018058=6, 7380833=2, 1895340=1, 10471191=1, 3219068=3, 28936171=2, 22190307=2, 33193211=1, 2016804=1, 30551795=4, 72257=3, 23539206=3, 16579327=1, 25344399=2, 23701167=2, 30238581=1, 17028231=1, 12149696=1, 23135374=3, 12288714=2, 18752074=4, 22285765=5, 26776100=2, 23307870=2, 8144356=1, 27099129=1, 22405220=1, 8065391=3, 8583072=1, 16568224=1, 8409133=1, 515986=1, 25535699=2, 28617828=2, 32734703=1, 18707319=1, 32838432=3, 4050386=1, 11216898=3, 4738881=1, 29581787=1, 30902736=2, 14634303=1, 16632564=1, 5663981=1, 9637445=3, 8289257=1, 18886951=8, 2985992=2, 24542708=1, 11332798=1, 18649055=2, 15582292=1, 15596472=1, 634081=2, 29773238=1, 17499621=3, 30971149=2, 16251722=1, 30114251=2, 10514800=1, 14600293=1, 28929033=1, 20531731=1, 18639160=1, 10069417=2, 5722953=1, 15263631=1, 622545=1, 8264102=4, 10412440=1, 11317778=2, 13851209=1, 16794072=1, 2362840=5, 15548850=1, 30056267=2, 21009443=2, 19816602=1, 7292402=1, 4890702=2, 18605844=1, 12072566=6, 2336927=2, 29135892=2, 31222618=1, 24914959=5, 8645271=1, 5958323=1, 1018447=2, 817607=1, 11172817=1, 22232106=3, 12491431=2, 23147982=3, 4758767=2, 21440075=3, 4529919=3, 8867196=1, 148682=1, 32221308=2, 11557315=1, 11736714=3, 25446573=1, 13759192=1, 7870633=6, 8239231=2, 15004612=1, 12289858=2, 1893425=1, 19551766=1, 30925879=1, 138524=4, 10566102=3, 14625548=3, 4404463=3, 24989318=1, 27288611=1, 20800670=1, 3423114=5, 2002780=2, 29018559=1, 16223040=2, 1337684=1, 21154198=1, 21996473=2, 30721025=1, 20868845=1, 30946322=6, 20654151=3, 33502193=3, 14865374=1, 30944586=6, 11359107=1, 6632969=3, 2373188=5, 18864353=1, 17682677=1, 2515008=1, 8494934=2, 13170590=1, 2054929=1, 23858330=5, 21640025=4, 27745170=1, 6941867=1, 8034407=2, 10368634=4, 6760076=3, 15110186=2, 23569939=2, 4281004=1, 30299210=1, 8258713=4, 2407608=2, 32300733=1, 7656227=1, 1394021=1, 27538449=5, 32787290=1, 733135=3, 21439348=3, 7556541=1, 21708593=3, 18278607=1, 2133615=2, 24047436=1, 27817925=1, 29380630=1, 5826360=1, 12187391=1, 10284005=1, 28546637=2, 24080404=1, 4435835=2, 13475607=2, 7559188=1, 23985152=1, 20250142=1, 19041113=2, 13199556=1, 10984061=2, 17225117=1, 742751=1, 16408136=1, 6879198=1, 26731139=1, 26820022=3, 32959684=1, 11497180=1, 12430508=2, 5993597=1, 19977221=1, 9343722=2, 17668445=2, 32904610=4, 33434770=4, 29537145=2, 20764632=1, 9701461=5, 27991469=3, 16683631=2, 5049804=3, 2025824=1, 3071306=1, 11905375=2, 30135567=1, 20646801=3, 16144677=1, 22664744=1, 24975840=3, 6347459=1, 30296654=1, 9791837=1, 4889414=2, 22784353=2, 24099716=2, 3761862=1, 10473160=1, 21342239=2, 27360331=1, 25902357=3, 310730=2, 1087939=2, 2463658=2, 12283926=1, 29958283=3, 15070864=1, 31280636=1, 24087405=2, 13632274=7, 2040907=3, 14756583=3, 12419772=2, 15161324=1, 1641703=3, 13403147=2, 5228232=1, 30419707=7, 23571212=2, 2286422=1, 15072245=1, 27712400=1, 24676564=2, 21951714=1, 29541956=1, 32962010=1, 28037901=1, 33447016=1, 5954338=1, 25453682=1, 25945027=1, 2120955=1, 23348623=1, 6648420=1, 17197584=1, 18518125=2, 2455932=1, 5467278=1, 1045208=1, 8771607=1, 12875033=1, 436128=2, 23212364=4, 10905946=1, 25883821=1, 29073847=2, 31118542=1, 6170398=4, 1692793=1, 3167653=1, 20939367=2, 12313352=1, 29040693=3, 19545535=4, 9947013=1, 23165410=1, 5287863=2, 19668707=5, 5373984=4, 17123309=1, 26015337=1, 24477230=1, 8919571=6, 19839642=2, 20058719=4, 26954251=1, 26804676=3, 25919329=1, 3313830=2, 18101876=5, 9133290=1, 31400578=3, 30073553=1, 5808831=2, 1483869=2, 9297059=1, 29473370=2, 32138569=1, 1751069=2, 15935776=3, 7439696=2, 15123323=1, 32869785=2, 29737449=1, 27537952=5, 20852200=4, 10003632=2, 30414111=7, 12448048=1, 33371184=3, 16528158=5, 28734519=1, 92711=1, 32069016=1, 24705992=1, 30904883=2, 26325963=2, 15724754=1, 546296=1, 18423802=3, 29819960=3, 8721033=3, 3168957=1, 17009707=2, 20319301=4, 30452824=2, 20570074=1, 10210143=1, 7407754=3, 8330290=3, 11651669=1, 12643348=1, 2352811=1, 11304246=1, 32196116=1, 3237011=1, 28395211=1, 26710955=2, 4895027=2, 21772491=5, 19524594=1, 11473510=3, 1417509=2, 8595624=3, 18095002=5, 19328694=1, 7410281=3, 1530503=1, 22771758=1, 30337530=1, 10384875=1, 26309795=1, 17143856=2, 5378945=4, 23022751=1, 11862461=3, 8481088=1, 16903472=1, 21399851=2, 16338149=1, 14878828=3, 5336174=1, 29044946=3, 23242358=2, 25496182=3, 17454413=1, 21736699=2, 4100828=2, 3223226=3, 28078272=1, 21907755=1, 10119616=1, 29946471=1, 28971348=4, 15519843=1, 24330162=3, 24816088=2, 32385009=4, 7874458=6, 4146358=1, 2968834=1, 16731906=1, 18847227=2, 2929780=2, 32707164=3, 8404105=10, 21465=1, 30087903=3, 14120383=1, 8036366=2, 14161017=6, 8507871=1, 6123321=1, 5214417=2, 23146480=3, 30856167=1, 15490813=1, 5188624=3, 31918160=3, 9661864=1, 4955522=2, 19351575=1, 7936216=3, 10493835=8, 3953169=1, 21651787=1, 18106010=1, 31112766=2, 12853629=5, 7103523=1, 15219267=6, 4569707=2, 9827204=1, 7890102=1, 4024445=1, 19636306=2, 10519786=2, 3526384=1, 30387257=2, 33018695=1, 14918328=2, 13826954=1, 33318713=1, 17554965=1, 2626664=6, 7096664=1, 350458=1, 570404=2, 4165642=2, 17724753=1, 9975087=6, 27990484=3, 31306414=2, 1297735=1, 21864777=2, 30991345=1, 32279088=2, 2298506=3, 31055620=1, 9125529=3, 29098930=5, 26163878=3, 7945843=3, 768150=2, 22980420=2, 1204400=1, 4742573=1, 5664276=1, 26889564=1, 14136305=2, 2285664=1, 17124687=1, 9639286=3, 28350540=2, 7781652=2, 3485530=3, 2094347=1, 22877896=3, 11113102=2, 94405=1, 32530758=1, 1219063=2, 10342890=1, 5256971=7, 22978158=2, 17673937=2, 27549306=1, 17230231=1, 9850632=1, 27318579=1, 20435598=1, 24087939=2, 4032262=2, 3208157=1, 6387410=1, 14890370=3, 18409652=1, 5445141=3, 33194727=2, 12840175=1, 25455625=1, 7913800=1, 27221699=1, 13725386=1, 3104117=1, 26871904=4, 15991835=5, 5533308=1, 9695176=1, 18217363=1, 29417352=1, 18962992=1, 20142560=1, 19856005=1, 27539489=5, 15618527=1, 9963547=6, 3347824=3, 9533814=1, 27998672=3, 18868998=1, 7225277=4, 32709197=3, 611666=1, 26113058=1, 20991686=1, 31030500=1, 25740949=1, 30859812=1, 1063063=7, 14990455=2, 10422170=3, 9058591=4, 19525700=1, 6926925=2, 28332384=1, 19796906=4, 32248590=5, 2616767=1, 32873198=2, 10359261=4, 30592020=1, 15510085=2, 4224106=1, 12337299=1, 15579296=2, 33307627=5, 24581201=3, 32675664=2, 7930974=3, 12449802=1, 17077986=2, 32067185=1, 24934751=1, 18007181=1, 33504574=3, 25236222=3, 6179628=1, 4935522=1, 22540854=1, 28131564=1, 4081541=1, 29126131=1, 26236556=1, 26195376=2, 32754608=1, 26095581=4, 24017340=1, 2202886=2, 31232228=2, 18792578=1, 1854224=1, 10845816=1, 19062806=1, 1216122=2, 810026=1, 28527309=1, 3516540=2, 18492453=4, 25652009=1, 6723205=2, 8779095=1, 2027927=1, 14501641=1, 6406413=1, 24381587=5, 6821165=6, 23182842=2, 16781835=11, 4313241=1, 1611720=2, 24022788=2, 28125722=3, 1548902=2, 14194762=2, 16042217=1, 28619139=2, 23681647=1, 22302707=1, 3157966=7, 30229717=1, 9543696=2, 14786290=2, 19597593=3, 9397103=1, 3996575=1, 27125776=1, 26942303=3, 25789997=2, 5121510=4, 11845005=2, 26903683=2, 8747020=1, 1628443=1, 11257605=1, 22964591=1, 23616654=1, 7803136=3, 8718802=3, 21487396=1, 15321421=1, 32900393=4, 32883436=1, 25398123=2, 21299617=3, 4121417=1, 4088153=1, 32354302=2, 33500888=3, 27389138=1, 24803179=1, 19912066=1, 24056827=3, 6339973=2, 2024642=1, 29807029=1, 969896=1, 20245285=1, 16462484=3, 31019589=1, 22087149=3, 1732213=1, 19695492=2, 33310158=1, 6577504=1, 32194499=3, 7700256=1, 24308858=1, 11043924=2, 24405977=1, 4051275=1, 6210671=1, 13414654=2, 30157468=5, 13595614=1, 2968787=1, 13288755=1, 3410268=5, 32960589=1, 31615167=1, 18242793=1, 21723635=1, 6125714=1, 9936213=2, 1023609=2, 12715733=4, 20373833=1, 29229652=4, 12070633=6, 17716158=1, 25077546=2, 26423992=3, 31779994=1, 20404500=1, 2897066=5, 19095553=1, 30637279=1, 15154=14, 26924439=1, 15605278=4, 18261271=2, 21754779=1, 29444012=1, 29303163=3, 27785668=1, 16654145=4, 14503754=1, 54851=1, 4318605=1, 1615046=2, 1450139=4, 10798074=1, 7750507=1, 852753=3, 20401114=1, 27464271=3, 27434773=2, 32762401=1, 28448254=4, 13383091=5, 9470738=2, 23640914=2, 13999814=2, 25045058=4, 527741=6, 16349268=1, 31673246=1, 29200409=2, 1695017=1, 12900799=1, 9526845=1, 9182370=5, 17742104=2, 29049290=1, 26054112=2, 7853026=1, 10828451=3, 10439519=1, 2026665=1, 29668652=2, 634208=2, 29596314=2, 9070253=1, 1886362=1, 22610856=3, 24955303=1, 32622010=1, 5084278=2, 604246=3, 31211468=5, 6649221=1, 31084064=1, 21379050=4, 2330492=2, 31089380=1, 25639769=3, 3408196=5, 30375170=1, 112469=2, 17057041=1, 13722016=1, 4447389=1, 21686376=1, 18555250=3, 4857423=4, 22997369=1, 26734209=1, 9772532=3, 16934508=1, 2677343=1, 27001313=5, 30927814=1, 2684247=1, 17217473=2, 33213754=1, 21750050=1, 33476371=1, 10293166=3, 16832126=1, 1234051=1, 32789346=1, 5175770=1, 7020410=3, 32557993=1, 8159152=1, 25812571=1, 27833692=2, 15597446=1, 17551233=1, 22504372=1, 7711014=2, 23617124=1, 1458059=4, 28726889=1, 24862406=1, 29777574=1, 16392464=4, 28406497=1, 8812012=1, 20501371=1, 1074452=1, 11995144=3, 14931786=1, 3753964=1, 2626927=6, 17608295=2, 12793413=3, 26667930=1, 28824314=1, 5753817=1, 20583327=4, 8236990=2, 22343717=1, 10233372=5, 10960974=1, 5651357=4, 25999881=2, 3968549=2, 22737936=1, 28945059=2, 7358664=1, 3476725=3, 14309976=1, 19565924=2, 25663962=2, 29248868=1, 10168794=3, 6828068=6, 9277721=2, 5080547=2, 18450738=2, 17726544=1, 25568617=4, 9402743=1, 32624782=1, 17152734=2, 12675863=1, 23488107=1, 4792756=3, 31564039=2, 15079601=4, 5509822=5, 2528634=2, 1535268=1, 7912072=2, 10074316=2, 4943347=1, 32056398=3, 17392327=1, 15204725=6, 19103937=2, 2554625=1, 24117886=7, 31116564=1, 1079500=1, 1728517=1, 8942595=1, 23835818=2, 15263199=1, 13456977=1, 32573777=3, 4977403=1, 6947669=4, 16164508=2, 30200436=1, 16110504=1, 126436=1, 30520482=2, 3768523=2, 22978182=2, 6183892=1, 17684801=1, 21296852=1, 29377894=1, 11717941=1, 17944182=1, 14680198=8, 32790834=1, 16499323=1, 1769495=3, 26273924=1, 28614315=2, 30086303=3, 9596163=1, 16305080=1, 4877200=1, 15804712=3, 21643254=4, 6826=15, 30605175=1, 26249098=2, 27810812=1, 22122456=2, 29211959=2, 25466875=2, 4930114=3, 2616903=1, 27807968=1, 4576954=1, 26099735=1, 2602372=2, 19752990=1, 16504987=1, 30982134=2, 21817304=1, 23151323=1, 16642930=1, 21575905=3, 31182411=1, 17884178=1, 6412481=1, 13850053=1, 28721771=1, 5651186=4, 29287331=1, 19186928=1, 21038613=3, 1728964=1, 26157525=3, 4358326=2, 6197448=2, 8541592=1, 15770353=2, 15314768=2, 6934952=1, 7175505=1, 26969940=2, 15940390=3, 1521726=3, 31382194=1, 32611478=2, 25390680=1, 10645676=1, 10518962=2, 877403=1, 32311522=3, 17133312=1, 1375609=1, 11360213=1, 23554730=1, 26759012=1, 3678548=6, 14716873=2, 31155506=1, 7640459=2, 24867940=1, 14717093=2, 2513030=1, 18027025=3, 32106532=1, 13816502=1, 12031288=2, 29795546=2, 13818751=1, 1757445=1, 5423200=1, 5228393=1, 28413032=2, 32740393=2, 2253673=1, 1963516=1, 30843043=2, 9945643=1, 627760=2, 11949559=1, 31226927=1, 7178280=2, 10616643=1, 27530343=5, 24270255=1, 33311546=1, 14301186=4, 33471669=2, 31440000=2, 16842797=3, 18211148=1, 963262=2, 26457731=2, 19064508=1, 21681728=1, 8354396=1, 8507587=1, 23650035=1, 29191711=1, 31106279=2, 29216762=1, 666533=4, 28559674=1, 24839901=3, 22922549=1, 32813950=2, 6170338=4, 11574222=2, 6389902=2, 1008811=1, 11326088=1, 7501898=1, 28951229=1, 25508504=3, 25045161=4, 16710278=1, 21187408=1, 14015899=1, 25105148=3, 904292=1, 30656120=1, 31094965=1, 23784571]=1}> but was:<...Prime: 6 register: {[11862461=3, 7711014=2, 24087405=2, 19597593=3, 22922549=1, 28448254=4, 3071306=1, 14634303=1, 16408136=1, 17673937=2, 12448048=1, 24361109=2, 19041113=2, 29248868=1, 2336927=2, 32354302=2, 20991686=1, 13725386=1, 1895340=1, 32813950=2, 527741=6, 14600293=1, 10210143=1, 4758767=2, 24405977=1, 3347824=3, 1695017=1, 27539489=5, 18007181=1, 32959684=1, 5373984=4, 29049290=1, 10518962=2, 2002780=2, 20939367=2, 30087903=3, 32611478=2, 7380833=2, 26249098=2, 2352811=1, 6828068=6, 21754779=1, 9772532=3, 32790834=1, 7103523=1, 8236990=2, 94405=1, 8404105=10, 18106010=1, 30856167=1, 15579296=2, 24989318=1, 1219063=2, 9470738=2, 7656227=1, 29819960=3, 17499621=3, 14071923=2, 27464271=3, 27807968=1, 26099735=1, 29807029=1, 26871904=4, 3408196=5, 23151323=1, 30135567=1, 2040907=3, 16504987=1, 14620250=3, 4955522=2, 32194499=3, 9695176=1, 30452824=2, 10798074=1, 19545535=4, 31564039=2, 32196116=1, 15582292=1, 21996473=2, 31116564=1, 5664276=1, 8289257=1, 852753=3, 29229652=4, 8159152=1, 27998672=3, 15154=14, 31918160=3, 31382194=1, 1087939=2, 14015899=1, 29581787=1, 5445141=3, 22877896=3, 7890102=1, 9533814=1, 27833692=2, 2025824=1, 18555250=3, 15110186=2, 3410268=5, 30902736=2, 20435598=1, 29946471=1, 26804676=3, 31155506=1, 14501641=1, 8507871=1, 33311546=1, 26874844=4, 1063063=7, 634081=2, 8541592=1, 12840175=1, 30991345=1, 21643254=4, 112469=2, 19977221=1, 8779095=1, 9639286=3, 16568224=1, 1216122=2, 33447016=1, 32960589=1, 27125776=1, 29537145=2, 32754608=1, 33193211=1, 15161324=1, 23488107=1, 26457731=2, 8409133=1, 13851209=1, 11949559=1, 24803179=1, 32573777=3, 963262=2, 4100828=2, 5651357=4, 4738881=1, 11497180=1, 22964591=1, 17742104=2, 2407608=2, 32624782=1, 10233372=5, 6941867=1, 27530343=5, 4576954=1, 6649221=1, 4742573=1, 26273924=1, 6826=15, 21817304=1, 30656120=1, 33194727=2, 1079500=1, 2202886=2, 17684801=1, 8239231=2, 30946322=6, 23558747=1, 26157525=3, 14907744=1, 24308858=1, 7853026=1, 7178280=2, 6406413=1, 2626927=6, 27215055=1, 32752259=1, 1074452=1, 14786290=2, 25390680=1, 1963516=1, 23569939=2, 23307870=2, 28406497=1, 9402743=1, 7930974=3, 23571212=2, 24955303=1, 611666=1, 2286422=1, 1728964=1, 3168957=1, 10519786=2, 16349268=1, 3996575=1, 32787290=1, 30200436=1, 18605844=1, 4569707=2, 15596472=1, 8494934=2, 11332798=1, 27360331=1, 3968549=2, 26015337=1, 30157468=5, 10514800=1, 7410281=3, 8919571=6, 19524594=1, 2968834=1, 4024445=1, 7936216=3, 29287331=1, 1530503=1, 22997369=1, 7912072=2, 15123323=1, 4032262=2, 6197448=2, 30114251=2, 26954251=1, 1008811=1, 7870633=6, 2455932=1, 32762401=1, 1692793=1, 15548850=1, 18278607=1, 10342890=1, 310730=2, 11018058=6, 21864777=2, 7559188=1, 9637445=3, 1535268=1, 10168794=3, 8747020=1, 29135892=2, 18752074=4, 19912066=1, 8718802=3, 18847227=2, 22980420=2, 3167653=1, 6339973=2, 30419707=7, 17133312=1, 7175505=1, 5188624=3, 32311522=3, 32838432=3, 10359261=4, 877403=1, 23835818=2, 14381249=1, 21342239=2, 5509822=5, 7292402=1, 19796906=4, 16110504=1, 16794072=1, 25639769=3, 24738245=1, 6412481=1, 15204725=6, 5214417=2, 7439696=2, 31779994=1, 31030500=1, 8607768=1, 27537952=5, 33502193=3, 2285664=1, 11043924=2, 26734209=1, 1611720=2, 7700256=1, 10368634=4, 21608483=2, 33504574=3, 11473510=3, 16719380=3, 148682=1, 1458059=4, 16654145=4, 23701167=2, 28546637=2, 15219267=6, 3516540=2, 4435835=2, 15597446=1, 5084278=2, 25236222=3, 9596163=1, 15770353=2, 5651186=4, 21296852=1, 25999881=2, 8330290=3, 30414111=7, 9070253=1, 9543696=2, 32069016=1, 5228393=1, 31182411=1, 18217363=1, 4281004=1, 30925879=1, 12337299=1, 16683631=2, 24542708=1, 29541956=1, 20868845=1, 31222618=1, 32873198=2, 7640459=2, 1045208=1, 1769495=3, 436128=2, 23348623=1, 29200409=2, 2616903=1, 6389902=2, 10284005=1, 1337684=1, 17143856=2, 32740393=2, 21698123=3, 11326088=1, 904292=1, 23165410=1, 22784353=2, 6879198=1, 32869785=2, 10412440=1, 26903683=2, 18095002=5, 4529919=3, 16499323=1, 25789997=2, 22285765=5, 15314768=2, 2513030=1, 24676564=2, 18492453=4, 24862406=1, 9850632=1, 28971348=4, 12793413=3, 12072566=6, 14717093=2, 6183892=1, 20800670=1, 8771607=1, 24330162=3, 28929033=1, 5080547=2, 21575905=3, 2298506=3, 32530758=1, 20142560=1, 28078272=1, 27785668=1, 21640025=4, 19636306=2, 26969940=2, 18575177=1, 28726889=1, 29795546=2, 28395211=1, 19062806=1, 15940390=3, 15070864=1, 24705992=1, 14756583=3, 18962992=1, 33310158=1, 16528158=5, 27318579=1, 28824314=1, 6947669=4, 12419772=2, 23146480=3, 9125529=3, 2897066=5, 2528634=2, 24099716=2, 24914959=5, 5228232=1, 29018559=1, 23640914=2, 6170398=4, 18101876=5, 27549306=1, 6387410=1, 12288714=2, 19856005=1, 15263199=1, 15079601=4, 1023609=2, 3485530=3, 22343717=1, 12149696=1, 11359107=1, 16781835=11, 29211959=2, 1417509=2, 11995144=3, 14194762=2, 9058591=4, 25045161=4, 30904883=2, 19695492=2, 30056267=2, 28619139=2, 31673246=1, 29807360=1, 6055334=1, 6821165=6, 24816088=2, 30337530=1, 12643348=1, 10645676=1, 21154198=1, 2027927=1, 8036366=2, 2330492=2, 26942303=3, 32138569=1, 15510085=2, 18211148=1, 18792578=1, 817607=1, 31400578=3, 17454413=1, 22664744=1, 26236556=1, 28037901=1, 15724754=1, 9297059=1, 1548902=2, 12875033=1, 30971149=2, 16144677=1, 22504372=1, 23182842=2, 19816602=1, 21938033=2, 6210671=1, 14625548=3, 30721025=1, 31306414=2, 31118542=1, 10439519=1, 12187391=1, 22302707=1, 24477230=1, 25077546=2, 23022751=1, 25508504=3, 22122456=2, 13403147=2, 768150=2, 29126131=1, 9343722=2, 8258713=4, 15991835=5, 1375609=1, 8942595=1, 6123321=1, 10293166=3, 14680198=8, 9791837=1, 4895027=2, 33318713=1, 24117886=7, 14161017=6, 16731906=1, 16164508=2, 28721771=1, 25919329=1, 2968787=1, 7803136=3, 5753817=1, 25568617=4, 14865374=1, 21750050=1, 16462484=3, 7176720=2, 26195376=2, 27990484=3, 4889414=2, 14890370=3, 29417352=1, 4857423=4, 24017340=1, 12491431=2, 32385009=4, 27712400=1, 29777574=1, 24934751=1, 17682677=1, 6125714=1, 7501898=1, 10960974=1, 4146358=1, 627760=2, 29191711=1, 20245285=1, 22771758=1, 29596314=2, 18649055=2, 28936171=2, 32557993=1, 18261271=2, 350458=1, 2253673=1, 25293573=1, 31211468=5, 25663962=2, 19064508=1, 17124687=1, 6926925=2, 13138499=1, 30387257=2, 634208=2, 1615046=2, 1732213=1, 32279088=2, 3678548=6, 14990455=2, 22978158=2, 18639160=1, 8034407=2, 19839642=2, 8561452=2, 32709197=3, 16251722=1, 26776100=2, 32106532=1, 25446573=1, 5467278=1, 23858330=5, 18480539=1, 570404=2, 9947013=1, 1641703=3, 10422170=3, 28125722=3, 20058719=4, 18886951=8, 6723205=2, 21772491=5, 2362840=5, 24381587=5, 2026665=1, 29737449=1, 26924439=1, 29216762=1, 21951714=1, 3223226=3, 9963547=6, 15072245=1, 23147982=3, 18966187=1, 13722016=1, 25740949=1, 4890702=2, 6632969=3, 20764632=1, 16642930=1, 19752990=1, 12313352=1, 29380630=1, 13632274=7, 4165642=2, 5663981=1, 29044946=3, 33471669=2, 32248590=5, 15519843=1, 31232228=2, 2677343=1, 19103937=2, 8144356=1, 2985992=2, 29073847=2, 21440075=3, 8645271=1, 15804712=3, 22232106=3, 13199556=1, 13170590=1, 10828451=3, 14301186=4, 15605278=4, 17668445=2, 18518125=2, 23617124=1, 26889564=1, 16832126=1, 2929780=2, 13595614=1, 29040693=3, 30086303=3, 12675863=1, 26095581=4, 6648420=1, 4943347=1, 20852200=4, 23135374=3, 21299617=3, 21681728=1, 13475607=2, 10984061=2, 4081541=1, 8354396=1, 15490813=1, 54851=1, 23784571=1, 32734703=1, 7407754=3, 30927814=1, 12070633=6, 17724753=1, 21736699=2, 8507587=1, 4935522=1, 5256971=7, 11736714=3, 27810812=1, 5378945=4, 22405220=1, 3761862=1, 5049804=3, 20531731=1, 15321421=1, 5993597=1, 33213754=1, 9133290=1, 18450738=2, 30551795=4, 26731139=1, 4977403=1, 32622010=1, 26667930=1, 8867196=1, 30299210=1, 25496182=3, 2602372=2, 24975840=3, 28559674=1, 17716158=1, 1757445=1, 9277721=2, 10003632=2, 11304246=1, 3526384=1, 21708593=3, 24056827=3, 14120383=1, 20401114=1, 30296654=1, 2054929=1, 18027025=3, 1483869=2, 21487396=1, 29098930=5, 30605175=1, 2616767=1, 21009443=2, 17197584=1, 21723635=1, 1018447=2, 15618527=1, 27389138=1, 4121417=1, 27745170=1, 3753964=1, 26309795=1, 23985152=1, 33476371=1, 3768523=2, 604246=3, 13850053=1, 7750507=1, 16632564=1, 7913800=1, 5808831=2, 30073553=1, 31112766=2, 28617828=2, 11360213=1, 5175770=1, 3953169=1, 31019589=1, 742751=1, 30229717=1, 21399851=2, 3157966=7, 33434770=4, 72257=3, 2515008=1, 30520482=2, 9397103=1, 25453682=1, 25466875=2, 23212364=4, 19969132=2, 15004612=1, 24080404=1, 29303163=3, 33307627=5, 2463658=2, 5336174=1, 17392327=1, 5287863=2, 17944182=1, 14716873=2, 8065391=3, 22610856=3, 11557315=1, 4404463=3, 31084064=1, 21907755=1, 25105148=3, 29958283=3, 32675664=2, 12289858=2, 21038613=3, 16934508=1, 16710278=1, 31055620=1, 10074316=2, 26163878=3, 27434773=2, 14503754=1, 27991469=3, 11257605=1, 32962010=1, 25631188=3, 25652009=1, 23554730=1, 10471191=1, 810026=1, 22978182=2, 9936213=2, 3237011=1, 13288755=1, 27221699=1, 2554625=1, 26325963=2, 3219068=3, 3104117=1, 4313241=1, 1234051=1, 16042217=1, 24839901=3, 14918328=2, 11845005=2, 6934952=1, 24581201=3, 3423114=5, 9975087=6, 17057041=1, 12283926=1, 33018695=1, 138524=4, 10069417=2, 8721033=3, 20583327=4, 10493835=8, 20373833=1, 28734519=1, 7874458=6, 22190307=2, 24270255=1, 2626664=6, 16223040=2, 21379050=4, 13816502=1, 9701461=5, 25344399=2, 30982134=2, 14931786=1, 4088153=1, 27099129=1, 30592020=1, 11905375=2, 32221308=2, 32056398=3, 969896=1, 12853629=5, 7096664=1, 10616643=1, 4050386=1, 24053856=3, 2684247=1, 21187408=1, 2120955=1, 5722953=1, 30944586=6, 11216898=3, 14309976=1, 17554965=1, 6347459=1, 20654151=3, 29444012=1, 13826954=1, 14136305=2, 5954338=1, 23681647=1, 29473370=2, 31094965=1, 11717941=1, 30843043=2, 1628443=1, 5958323=1, 12900799=1, 33500888=3, 4792756=3, 26759012=1, 1394021=1, 7556541=1, 20404500=1, 17009707=2, 16903472=1, 6577504=1, 28945059=2, 31106279=2, 29773238=1, 25812571=1, 10905946=1, 28527309=1, 27288611=1, 2101638=8, 2094347=1, 26113058=1, 5533308=1, 4318605=1, 1521726=3, 28131564=1, 17123309=1, 32883436=1, 16305080=1, 8595624=3, 32900393=4, 15263631=1, 33371184=3, 10119616=1, 19095553=1, 28951229=1, 23616654=1, 29377894=1, 28332384=1, 26423992=3, 7358664=1, 20250142=1, 1854224=1, 17152734=2, 1751069=2, 9945643=1, 32300733=1, 622545=1, 1450139=4, 2016804=1, 25455625=1, 666533=4, 21439348=3, 17077986=2, 11113102=2, 1030818=2, 18242793=1, 19328694=1, 13759192=1, 17217473=2, 32904610=4, 13383091=5, 7225277=4, 6179628=1, 6170338=4, 31615167=1, 92711=1, 4877200=1, 26820022=3, 20501371=1, 30238581=1, 28413032=2, 11574222=2, 28614315=2, 515986=1, 24047436=1, 27001313=5, 32707164=3, 6760076=3, 18409652=1, 20319301=4, 126436=1, 17726544=1, 20646801=3, 16579327=1, 22737936=1, 12715733=4, 8264102=4, 12449802=1, 19351575=1, 31280636=1, 4051275=1, 3313830=2, 11651669=1, 1886362=1, 16392464=4, 19551766=1, 28350540=2, 9526845=1, 5121510=4, 546296=1, 31226927=1, 23650035=1, 25902357=3, 29668652=2, 13414654=2, 21686376=1, 30859812=1, 4930114=3, 31440000=2, 11317778=2, 19186928=1, 5826360=1, 7781652=2, 733135=3, 32789346=1, 2024642=1, 32067185=1, 4358326=2, 30637279=1, 3476725=3, 7945843=3, 4447389=1, 21465=1, 24867940=1, 25398123=2, 27538449=5, 9827204=1, 18130290=2, 25945027=1, 12031288=2, 24087939=2, 17551233=1, 13456977=1, 17884178=1, 23242358=2, 4224106=1, 18423802=3, 10384875=1, 19525700=1, 1204400=1, 23539206=3, 17230231=1, 17608295=2, 26054112=2, 18707319=1, 18868998=1, 17225117=1, 1297735=1, 24022788=2, 25535699=2, 10845816=1, 22540854=1, 31089380=1, 26710955=2, 11172817=1, 9661864=1, 10566102=3, 13818751=1, 1893425=1, 27817925=1, 14878828=3, 33295415=5, 16338149=1, 7020410=3, 19668707=5, 9182370=5, 20570074=1, 8481088=1, 1728517=1, 19565924=2, 21651787=1, 22087149=3, 10473160=1, 13999814=2, 3208157=1, 30375170=1, 5423200=1, 16842797=3, 2373188=5, 2133615=2, 25883821=1, 17028231=1, 25045058=4, 8583072=1, 15935776=3, 8812012=1, 12430508=2, 18864353]=1}>
	at org.apache.hadoop.hive.common.ndv.hll.TestHLLSerialization.testHLLSparseSerialization(TestHLLSerialization.java:94)
]]></failure>
  </testcase>
  <testcase name="testHLLDenseSerialization[3]" classname="org.apache.hadoop.hive.common.ndv.hll.TestHLLSerialization" time="0.029"/>
  <testcase name="testHLLSparseSerializationHalfDistinct[3]" classname="org.apache.hadoop.hive.common.ndv.hll.TestHLLSerialization" time="0.019">
    <failure message="expected:&lt;...Prime: 6 register: {[6327760=2, 2143153=2, 19580935=1, 8378199=1, 14648257=2, 10409639=1, 33077231=2, 20362950=2, 22924848=1, 21476218=2, 8604248=1, 28505831=1, 23358319=1, 13637320=7, 28875498=2, 20902874=1, 6984347=2, 26945891=3, 8799909=1, 11568947=2, 26726904=1, 13931365=2, 22388758=2, 23690908=1, 28039490=1, 26736940=1, 16780673=11, 19540879=4, 778945=1, 14569716=1, 3010020=1, 19808333=1, 24281916=2, 4866458=1, 21175039=3, 276213=5, 19872312=3, 31611366=1, 14901648=1, 18282678=1, 315883=1, 5989981=1, 1835662=5, 19000634=1, 8119074=1, 534468=6, 11990907=1, 5059087=3, 30482857=3, 28025468=2, 13663556=1, 8715142=1, 12198816=4, 6411508=1, 26371277=1, 25759910=3, 13926130=1, 5871264=2, 13069998=1, 6025315=1, 29525707=2, 11096547=1, 32033626=1, 7863743=1, 3552779=4, 29410793=1, 31564171=2, 4314095=1, 16483609=2, 19183394=2, 6287129=1, 19083408=3, 16272132=1, 13051755=3, 6292467=8, 27939821=1, 16662385=4, 29484596=1, 24604637=1, 16796843=1, 23950632=1, 25288205=1, 11504357=2, 21305270=3, 19498049=2, 15179569=2, 17859736=2, 15295510=1, 17595255=1, 27400485=4, 30578879=2, 23810866=1, 11268457=1, 20448057=6, 33342019=1, 13529742=1, 33417461=1, 2790377=2, 26647300=2, 20174611=1, 13160095=1, 31585208=1, 16727343=3, 10640981=1, 3905049=2, 28235861=1, 3365706=1, 9182800=5, 27772031=1, 32584230=3, 20562489=1, 5923758=1, 28299184=1, 22185766=2, 18987303=2, 8452050=1, 22199377=2, 6186326=1, 3238712=1, 9454186=1, 31421927=1, 5454827=3, 18006550=1, 17979387=1, 25374223=3, 7826193=1, 16710281=1, 2997052=2, 23861474=5, 6612335=1, 15216383=6, 2296015=3, 25904766=1, 12395880=3, 33434934=4, 11802261=5, 19353532=1, 14389532=2, 14737668=1, 21725365=2, 3485961=3, 10879009=4, 8249649=1, 5813891=2, 26733042=1, 8563335=2, 26789100=1, 4138095=3, 28833247=1, 17240880=3, 20941777=2, 21543075=2, 18894894=1, 25888556=3, 1893185=1, 9916521=1, 31857079=4, 11842114=2, 5556684=1, 19709959=1, 14778622=2, 26313356=2, 31184804=1, 9755203=1, 15337393=4, 15492104=1, 31336406=4, 25883333=1, 11569212=2, 23917073=1, 790183=5, 31578983=1, 10782621=2, 32272897=1, 14793574=2, 28474075=1, 17088571=1, 16019940=1, 4526222=3, 495615=2, 25654631=1, 633544=2, 29809988=1, 26649064=2, 2889604=5, 2868969=1, 13204486=1, 7932822=3, 25985162=2, 23898318=2, 15976828=1, 25711111=1, 21320065=1, 9220035=2, 29774161=1, 22736529=1, 5740168=2, 3277046=4, 32928682=1, 16609009=1, 28861691=1, 9806441=2, 1866078=1, 27666898=4, 3390336=2, 19208194=3, 6425156=4, 19028573=1, 22814926=5, 33254110=1, 27288312=1, 18984532=2, 4977763=1, 3860538=1, 22146134=1, 29017635=1, 32289619=2, 10825247=3, 25544914=1, 21138070=2, 12611796=1, 19462732=1, 18488009=4, 7635837=2, 14201973=2, 23307703=2, 27812481=1, 32872638=2, 16137063=4, 19618283=1, 15431256=1, 30100982=1, 10098974=4, 22092837=3, 16611618=1, 10685787=3, 1957603=1, 28400157=1, 24349623=2, 14326966=2, 30893179=1, 5598046=1, 28147649=1, 9815255=1, 14231219=3, 26276195=1, 17624703=1, 9350531=2, 16827262=1, 11949039=1, 10652299=2, 7365738=1, 4092344=1, 32315879=3, 8165977=2, 6283277=1, 21424394=1, 26947316=3, 10080602=1, 831936=2, 11153300=4, 4565220=2, 4887496=2, 10727588=2, 11739532=3, 15538445=3, 16480780=1, 2792020=2, 27587289=1, 507367=2, 27084758=1, 9602199=2, 32999760=2, 5704446=3, 27454941=1, 9203677=1, 23819431=1, 15219009=6, 9061108=1, 19246625=2, 23663882=3, 11185401=2, 18635104=1, 7408747=3, 17376209=3, 4264350=3, 13299691=1, 4120285=1, 32545455=2, 25492663=1, 26789530=1, 17236027=3, 24589923=3, 25343602=2, 16443778=1, 20464339=1, 30038246=1, 3360039=1, 13046154=3, 21149216=2, 16572619=1, 12413126=1, 15441602=2, 14234831=3, 3706595=2, 29702209=3, 9806322=2, 13429816=1, 19507070=2, 19176454=2, 3027916=4, 5754508=1, 20969327=1, 5791538=1, 1571379=1, 12919407=3, 203290=3, 13419786=1, 7465379=1, 347821=1, 26954219=1, 28669251=1, 3434548=1, 26551362=3, 1289456=2, 25604657=2, 22654108=2, 31718127=1, 3528908=1, 9834845=4, 12221580=1, 3446915=2, 12260709=3, 19936966=7, 31197358=5, 10492545=8, 15946938=1, 7428753=1, 19466333=3, 27885680=2, 17490720=1, 30458482=1, 22022043=7, 2865604=2, 12901729=1, 16904527=1, 22857124=1, 27167984=2, 20158642=2, 19737389=3, 5826386=1, 12160070=2, 2894543=5, 5680476=2, 24454262=3, 15864411=4, 28740068=2, 10935370=1, 1914801=3, 9108989=1, 16622601=2, 8435527=2, 16254931=6, 5689115=1, 21214531=2, 23053728=1, 2375399=5, 5131803=1, 26379332=2, 2131587=2, 9848558=1, 15158952=1, 17661587=1, 24678827=2, 28246397=3, 8203389=3, 21392365=1, 25974755=1, 25270145=2, 21537371=2, 31252924=1, 22792096=1, 16846706=3, 12701280=1, 18669571=1, 9085272=2, 17129908=1, 11259827=1, 23983960=1, 8154695=1, 23148458=3, 15741376=7, 14665837=1, 14418049=5, 20450018=6, 28520727=3, 26549182=3, 8753047=2, 14122614=1, 13728624=1, 7891463=1, 672736=1, 28994899=1, 14041983=1, 32539107=2, 30140733=1, 12103933=2, 8662=13, 334181=3, 21766747=5, 16374482=1, 20234602=1, 16678311=1, 21272397=2, 8090708=1, 27170188=2, 28783039=3, 16817643=2, 11758573=1, 20457259=6, 10388954=2, 4140556=3, 27555550=1, 1884069=2, 5971854=3, 21199871=1, 25771275=3, 11793246=1, 28943167=2, 6903361=1, 13413803=2, 30966317=2, 26198487=1, 12199719=4, 29895499=6, 1892253=1, 8619990=2, 31941493=1, 25795352=2, 17856697=1, 29673102=1, 6671982=1, 27224383=1, 29683167=1, 7484059=4, 3186137=2, 3936736=5, 18938452]=1}&gt; but was:&lt;...Prime: 6 register: {[19808333=1, 11504357=2, 15219009=6, 26379332=2, 9834845=4, 11949039=1, 25544914=1, 11259827=1, 6671982=1, 18984532=2, 7484059=4, 17856697=1, 25288205=1, 8753047=2, 19246625=2, 8715142=1, 3360039=1, 31941493=1, 25795352=2, 13663556=1, 26549182=3, 21305270=3, 22792096=1, 26198487=1, 14569716=1, 28740068=2, 26551362=3, 32315879=3, 20464339=1, 28400157=1, 17129908=1, 16678311=1, 507367=2, 5871264=2, 15946938=1, 20362950=2, 10652299=2, 19872312=3, 5740168=2, 31857079=4, 27939821=1, 9203677=1, 30482857=3, 25654631=1, 5704446=3, 16254931=6, 20902874=1, 16827262=1, 27666898=4, 20450018=6, 28474075=1, 18987303=2, 23861474=5, 6292467=8, 4120285=1, 2143153=2, 5454827=3, 15538445=3, 8435527=2, 29702209=3, 4264350=3, 4138095=3, 8452050=1, 21320065=1, 831936=2, 23148458=3, 16483609=2, 334181=3, 19618283=1, 2894543=5, 4092344=1, 9848558=1, 13413803=2, 25974755=1, 26789100=1, 25759910=3, 16480780=1, 28943167=2, 28039490=1, 32539107=2, 12701280=1, 16137063=4, 30140733=1, 18894894=1, 11096547=1, 29673102=1, 26313356=2, 18282678=1, 10727588=2, 30038246=1, 5131803=1, 5923758=1, 24604637=1, 33254110=1, 10080602=1, 25985162=2, 6903361=1, 8165977=2, 3552779=4, 33417461=1, 20234602=1, 12198816=4, 3446915=2, 15492104=1, 18006550=1, 10098974=4, 15431256=1, 25711111=1, 11185401=2, 3860538=1, 33434934=4, 10492545=8, 26733042=1, 22388758=2, 27587289=1, 9916521=1, 23950632=1, 13419786=1, 28861691=1, 17595255=1, 203290=3, 15976828=1, 3390336=2, 19540879=4, 19083408=3, 25883333=1, 5754508=1, 26276195=1, 31184804=1, 16710281=1, 29774161=1, 6287129=1, 16622601=2, 21138070=2, 16662385=4, 7932822=3, 16846706=3, 25604657=2, 14326966=2, 1914801=3, 1866078=1, 27170188=2, 15216383=6, 3027916=4, 534468=6, 15158952=1, 27224383=1, 2790377=2, 29683167=1, 347821=1, 18635104=1, 9454186=1, 11568947=2, 20448057=6, 24589923=3, 31611366=1, 12199719=4, 5059087=3, 26954219=1, 6425156=4, 19737389=3, 3485961=3, 30893179=1, 9806322=2, 26371277=1, 28235861=1, 22924848=1, 672736=1, 1571379=1, 22199377=2, 495615=2, 32289619=2, 15741376=7, 4977763=1, 6411508=1, 17979387=1, 21175039=3, 276213=5, 7428753=1, 10685787=3, 24678827=2, 7635837=2, 29017635=1, 21214531=2, 23663882=3, 2792020=2, 9182800=5, 11739532=3, 26736940=1, 3277046=4, 8154695=1, 6984347=2, 32872638=2, 25270145=2, 8563335=2, 17624703=1, 17661587=1, 20158642=2, 22022043=7, 13637320=7, 27812481=1, 12901729=1, 28025468=2, 19498049=2, 7891463=1, 19580935=1, 31336406=4, 8619990=2, 30458482=1, 8119074=1, 1835662=5, 6186326=1, 12103933=2, 2868969=1, 25492663=1, 10879009=4, 17376209=3, 2131587=2, 3365706=1, 13160095=1, 13046154=3, 28505831=1, 17859736=2, 20174611=1, 4314095=1, 28833247=1, 16780673=11, 20941777=2, 31578983=1, 11153300=4, 9755203=1, 21725365=2, 4565220=2, 23917073=1, 24281916=2, 17490720=1, 19709959=1, 16272132=1, 13926130=1, 5813891=2, 21272397=2, 14201973=2, 28520727=3, 9602199=2, 16817643=2, 16727343=3, 20562489=1, 21543075=2, 13051755=3, 12160070=2, 21149216=2, 9085272=2, 5989981=1, 5598046=1, 6025315=1, 16609009=1, 633544=2, 5971854=3, 11758573=1, 23307703=2, 16374482=1, 3528908=1, 9806441=2, 5689115=1, 7826193=1, 21392365=1, 29809988=1, 8799909=1, 790183=5, 33077231=2, 9350531=2, 26647300=2, 27555550=1, 5556684=1, 27772031=1, 3010020=1, 32999760=2, 23819431=1, 10782621=2, 19028573=1, 3186137=2, 11842114=2, 29484596=1, 23983960=1, 32272897=1, 19507070=2, 1892253=1, 19000634=1, 23053728=1, 2889604=5, 17240880=3, 14793574=2, 1289456=2, 2375399=5, 11268457=1, 28147649=1, 3706595=2, 12611796=1, 27885680=2, 9108989=1, 27288312=1, 7863743=1, 30966317=2, 17236027=3, 7365738=1, 32545455=2, 12395880=3, 23898318=2, 28246397=3, 33342019=1, 13529742=1, 31421927=1, 18669571=1, 3238712=1, 16611618=1, 2296015=3, 15295510=1, 25771275=3, 4526222=3, 2997052=2, 22857124=1, 10409639=1, 29410793=1, 23690908=1, 13728624=1, 778945=1, 22736529=1, 31564171=2, 14648257=2, 28994899=1, 14234831=3, 9061108=1, 24454262=3, 15441602=2, 11569212=2, 6612335=1, 11990907=1, 10825247=3, 21537371=2, 30578879=2, 8662=13, 18938452=1, 8378199=1, 20457259=6, 13204486=1, 22146134=1, 10388954=2, 14665837=1, 21476218=2, 21424394=1, 32033626=1, 14231219=3, 14778622=2, 13931365=2, 17088571=1, 16443778=1, 32928682=1, 12221580=1, 25343602=2, 13069998=1, 8203389=3, 9815255=1, 24349623=2, 12413126=1, 10935370=1, 30100982=1, 5826386=1, 1957603=1, 31252924=1, 14737668=1, 19208194=3, 27167984=2, 16019940=1, 14041983=1, 4887496=2, 29525707=2, 15337393=4, 25888556=3, 1893185=1, 14418049=5, 7465379=1, 20969327=1, 19176454=2, 6283277=1, 23358319=1, 31718127=1, 15179569=2, 2865604=2, 13429816=1, 15864411=4, 16572619=1, 4140556=3, 16904527=1, 21199871=1, 19462732=1, 10640981=1, 11802261=5, 14389532=2, 12260709=3, 32584230=3, 26947316=3, 26789530=1, 22092837=3, 3434548=1, 21766747=5, 19183394=2, 9220035=2, 27454941=1, 1884069=2, 3905049=2, 28783039=3, 3936736=5, 6327760=2, 18488009=4, 5680476=2, 19936966=7, 26726904=1, 28875498=2, 31585208=1, 8249649=1, 19466333=3, 7408747=3, 26945891=3, 22654108=2, 19353532=1, 14122614=1, 31197358=5, 26649064=2, 25904766=1, 16796843=1, 25374223=3, 12919407=3, 8090708=1, 13299691=1, 5791538=1, 29895499=6, 23810866=1, 315883=1, 11793246=1, 4866458=1, 27400485=4, 14901648=1, 22185766=2, 22814926=5, 28669251=1, 27084758=1, 8604248=1, 28299184]=1}&gt;" type="org.junit.ComparisonFailure"><![CDATA[org.junit.ComparisonFailure: expected:<...Prime: 6 register: {[6327760=2, 2143153=2, 19580935=1, 8378199=1, 14648257=2, 10409639=1, 33077231=2, 20362950=2, 22924848=1, 21476218=2, 8604248=1, 28505831=1, 23358319=1, 13637320=7, 28875498=2, 20902874=1, 6984347=2, 26945891=3, 8799909=1, 11568947=2, 26726904=1, 13931365=2, 22388758=2, 23690908=1, 28039490=1, 26736940=1, 16780673=11, 19540879=4, 778945=1, 14569716=1, 3010020=1, 19808333=1, 24281916=2, 4866458=1, 21175039=3, 276213=5, 19872312=3, 31611366=1, 14901648=1, 18282678=1, 315883=1, 5989981=1, 1835662=5, 19000634=1, 8119074=1, 534468=6, 11990907=1, 5059087=3, 30482857=3, 28025468=2, 13663556=1, 8715142=1, 12198816=4, 6411508=1, 26371277=1, 25759910=3, 13926130=1, 5871264=2, 13069998=1, 6025315=1, 29525707=2, 11096547=1, 32033626=1, 7863743=1, 3552779=4, 29410793=1, 31564171=2, 4314095=1, 16483609=2, 19183394=2, 6287129=1, 19083408=3, 16272132=1, 13051755=3, 6292467=8, 27939821=1, 16662385=4, 29484596=1, 24604637=1, 16796843=1, 23950632=1, 25288205=1, 11504357=2, 21305270=3, 19498049=2, 15179569=2, 17859736=2, 15295510=1, 17595255=1, 27400485=4, 30578879=2, 23810866=1, 11268457=1, 20448057=6, 33342019=1, 13529742=1, 33417461=1, 2790377=2, 26647300=2, 20174611=1, 13160095=1, 31585208=1, 16727343=3, 10640981=1, 3905049=2, 28235861=1, 3365706=1, 9182800=5, 27772031=1, 32584230=3, 20562489=1, 5923758=1, 28299184=1, 22185766=2, 18987303=2, 8452050=1, 22199377=2, 6186326=1, 3238712=1, 9454186=1, 31421927=1, 5454827=3, 18006550=1, 17979387=1, 25374223=3, 7826193=1, 16710281=1, 2997052=2, 23861474=5, 6612335=1, 15216383=6, 2296015=3, 25904766=1, 12395880=3, 33434934=4, 11802261=5, 19353532=1, 14389532=2, 14737668=1, 21725365=2, 3485961=3, 10879009=4, 8249649=1, 5813891=2, 26733042=1, 8563335=2, 26789100=1, 4138095=3, 28833247=1, 17240880=3, 20941777=2, 21543075=2, 18894894=1, 25888556=3, 1893185=1, 9916521=1, 31857079=4, 11842114=2, 5556684=1, 19709959=1, 14778622=2, 26313356=2, 31184804=1, 9755203=1, 15337393=4, 15492104=1, 31336406=4, 25883333=1, 11569212=2, 23917073=1, 790183=5, 31578983=1, 10782621=2, 32272897=1, 14793574=2, 28474075=1, 17088571=1, 16019940=1, 4526222=3, 495615=2, 25654631=1, 633544=2, 29809988=1, 26649064=2, 2889604=5, 2868969=1, 13204486=1, 7932822=3, 25985162=2, 23898318=2, 15976828=1, 25711111=1, 21320065=1, 9220035=2, 29774161=1, 22736529=1, 5740168=2, 3277046=4, 32928682=1, 16609009=1, 28861691=1, 9806441=2, 1866078=1, 27666898=4, 3390336=2, 19208194=3, 6425156=4, 19028573=1, 22814926=5, 33254110=1, 27288312=1, 18984532=2, 4977763=1, 3860538=1, 22146134=1, 29017635=1, 32289619=2, 10825247=3, 25544914=1, 21138070=2, 12611796=1, 19462732=1, 18488009=4, 7635837=2, 14201973=2, 23307703=2, 27812481=1, 32872638=2, 16137063=4, 19618283=1, 15431256=1, 30100982=1, 10098974=4, 22092837=3, 16611618=1, 10685787=3, 1957603=1, 28400157=1, 24349623=2, 14326966=2, 30893179=1, 5598046=1, 28147649=1, 9815255=1, 14231219=3, 26276195=1, 17624703=1, 9350531=2, 16827262=1, 11949039=1, 10652299=2, 7365738=1, 4092344=1, 32315879=3, 8165977=2, 6283277=1, 21424394=1, 26947316=3, 10080602=1, 831936=2, 11153300=4, 4565220=2, 4887496=2, 10727588=2, 11739532=3, 15538445=3, 16480780=1, 2792020=2, 27587289=1, 507367=2, 27084758=1, 9602199=2, 32999760=2, 5704446=3, 27454941=1, 9203677=1, 23819431=1, 15219009=6, 9061108=1, 19246625=2, 23663882=3, 11185401=2, 18635104=1, 7408747=3, 17376209=3, 4264350=3, 13299691=1, 4120285=1, 32545455=2, 25492663=1, 26789530=1, 17236027=3, 24589923=3, 25343602=2, 16443778=1, 20464339=1, 30038246=1, 3360039=1, 13046154=3, 21149216=2, 16572619=1, 12413126=1, 15441602=2, 14234831=3, 3706595=2, 29702209=3, 9806322=2, 13429816=1, 19507070=2, 19176454=2, 3027916=4, 5754508=1, 20969327=1, 5791538=1, 1571379=1, 12919407=3, 203290=3, 13419786=1, 7465379=1, 347821=1, 26954219=1, 28669251=1, 3434548=1, 26551362=3, 1289456=2, 25604657=2, 22654108=2, 31718127=1, 3528908=1, 9834845=4, 12221580=1, 3446915=2, 12260709=3, 19936966=7, 31197358=5, 10492545=8, 15946938=1, 7428753=1, 19466333=3, 27885680=2, 17490720=1, 30458482=1, 22022043=7, 2865604=2, 12901729=1, 16904527=1, 22857124=1, 27167984=2, 20158642=2, 19737389=3, 5826386=1, 12160070=2, 2894543=5, 5680476=2, 24454262=3, 15864411=4, 28740068=2, 10935370=1, 1914801=3, 9108989=1, 16622601=2, 8435527=2, 16254931=6, 5689115=1, 21214531=2, 23053728=1, 2375399=5, 5131803=1, 26379332=2, 2131587=2, 9848558=1, 15158952=1, 17661587=1, 24678827=2, 28246397=3, 8203389=3, 21392365=1, 25974755=1, 25270145=2, 21537371=2, 31252924=1, 22792096=1, 16846706=3, 12701280=1, 18669571=1, 9085272=2, 17129908=1, 11259827=1, 23983960=1, 8154695=1, 23148458=3, 15741376=7, 14665837=1, 14418049=5, 20450018=6, 28520727=3, 26549182=3, 8753047=2, 14122614=1, 13728624=1, 7891463=1, 672736=1, 28994899=1, 14041983=1, 32539107=2, 30140733=1, 12103933=2, 8662=13, 334181=3, 21766747=5, 16374482=1, 20234602=1, 16678311=1, 21272397=2, 8090708=1, 27170188=2, 28783039=3, 16817643=2, 11758573=1, 20457259=6, 10388954=2, 4140556=3, 27555550=1, 1884069=2, 5971854=3, 21199871=1, 25771275=3, 11793246=1, 28943167=2, 6903361=1, 13413803=2, 30966317=2, 26198487=1, 12199719=4, 29895499=6, 1892253=1, 8619990=2, 31941493=1, 25795352=2, 17856697=1, 29673102=1, 6671982=1, 27224383=1, 29683167=1, 7484059=4, 3186137=2, 3936736=5, 18938452]=1}> but was:<...Prime: 6 register: {[19808333=1, 11504357=2, 15219009=6, 26379332=2, 9834845=4, 11949039=1, 25544914=1, 11259827=1, 6671982=1, 18984532=2, 7484059=4, 17856697=1, 25288205=1, 8753047=2, 19246625=2, 8715142=1, 3360039=1, 31941493=1, 25795352=2, 13663556=1, 26549182=3, 21305270=3, 22792096=1, 26198487=1, 14569716=1, 28740068=2, 26551362=3, 32315879=3, 20464339=1, 28400157=1, 17129908=1, 16678311=1, 507367=2, 5871264=2, 15946938=1, 20362950=2, 10652299=2, 19872312=3, 5740168=2, 31857079=4, 27939821=1, 9203677=1, 30482857=3, 25654631=1, 5704446=3, 16254931=6, 20902874=1, 16827262=1, 27666898=4, 20450018=6, 28474075=1, 18987303=2, 23861474=5, 6292467=8, 4120285=1, 2143153=2, 5454827=3, 15538445=3, 8435527=2, 29702209=3, 4264350=3, 4138095=3, 8452050=1, 21320065=1, 831936=2, 23148458=3, 16483609=2, 334181=3, 19618283=1, 2894543=5, 4092344=1, 9848558=1, 13413803=2, 25974755=1, 26789100=1, 25759910=3, 16480780=1, 28943167=2, 28039490=1, 32539107=2, 12701280=1, 16137063=4, 30140733=1, 18894894=1, 11096547=1, 29673102=1, 26313356=2, 18282678=1, 10727588=2, 30038246=1, 5131803=1, 5923758=1, 24604637=1, 33254110=1, 10080602=1, 25985162=2, 6903361=1, 8165977=2, 3552779=4, 33417461=1, 20234602=1, 12198816=4, 3446915=2, 15492104=1, 18006550=1, 10098974=4, 15431256=1, 25711111=1, 11185401=2, 3860538=1, 33434934=4, 10492545=8, 26733042=1, 22388758=2, 27587289=1, 9916521=1, 23950632=1, 13419786=1, 28861691=1, 17595255=1, 203290=3, 15976828=1, 3390336=2, 19540879=4, 19083408=3, 25883333=1, 5754508=1, 26276195=1, 31184804=1, 16710281=1, 29774161=1, 6287129=1, 16622601=2, 21138070=2, 16662385=4, 7932822=3, 16846706=3, 25604657=2, 14326966=2, 1914801=3, 1866078=1, 27170188=2, 15216383=6, 3027916=4, 534468=6, 15158952=1, 27224383=1, 2790377=2, 29683167=1, 347821=1, 18635104=1, 9454186=1, 11568947=2, 20448057=6, 24589923=3, 31611366=1, 12199719=4, 5059087=3, 26954219=1, 6425156=4, 19737389=3, 3485961=3, 30893179=1, 9806322=2, 26371277=1, 28235861=1, 22924848=1, 672736=1, 1571379=1, 22199377=2, 495615=2, 32289619=2, 15741376=7, 4977763=1, 6411508=1, 17979387=1, 21175039=3, 276213=5, 7428753=1, 10685787=3, 24678827=2, 7635837=2, 29017635=1, 21214531=2, 23663882=3, 2792020=2, 9182800=5, 11739532=3, 26736940=1, 3277046=4, 8154695=1, 6984347=2, 32872638=2, 25270145=2, 8563335=2, 17624703=1, 17661587=1, 20158642=2, 22022043=7, 13637320=7, 27812481=1, 12901729=1, 28025468=2, 19498049=2, 7891463=1, 19580935=1, 31336406=4, 8619990=2, 30458482=1, 8119074=1, 1835662=5, 6186326=1, 12103933=2, 2868969=1, 25492663=1, 10879009=4, 17376209=3, 2131587=2, 3365706=1, 13160095=1, 13046154=3, 28505831=1, 17859736=2, 20174611=1, 4314095=1, 28833247=1, 16780673=11, 20941777=2, 31578983=1, 11153300=4, 9755203=1, 21725365=2, 4565220=2, 23917073=1, 24281916=2, 17490720=1, 19709959=1, 16272132=1, 13926130=1, 5813891=2, 21272397=2, 14201973=2, 28520727=3, 9602199=2, 16817643=2, 16727343=3, 20562489=1, 21543075=2, 13051755=3, 12160070=2, 21149216=2, 9085272=2, 5989981=1, 5598046=1, 6025315=1, 16609009=1, 633544=2, 5971854=3, 11758573=1, 23307703=2, 16374482=1, 3528908=1, 9806441=2, 5689115=1, 7826193=1, 21392365=1, 29809988=1, 8799909=1, 790183=5, 33077231=2, 9350531=2, 26647300=2, 27555550=1, 5556684=1, 27772031=1, 3010020=1, 32999760=2, 23819431=1, 10782621=2, 19028573=1, 3186137=2, 11842114=2, 29484596=1, 23983960=1, 32272897=1, 19507070=2, 1892253=1, 19000634=1, 23053728=1, 2889604=5, 17240880=3, 14793574=2, 1289456=2, 2375399=5, 11268457=1, 28147649=1, 3706595=2, 12611796=1, 27885680=2, 9108989=1, 27288312=1, 7863743=1, 30966317=2, 17236027=3, 7365738=1, 32545455=2, 12395880=3, 23898318=2, 28246397=3, 33342019=1, 13529742=1, 31421927=1, 18669571=1, 3238712=1, 16611618=1, 2296015=3, 15295510=1, 25771275=3, 4526222=3, 2997052=2, 22857124=1, 10409639=1, 29410793=1, 23690908=1, 13728624=1, 778945=1, 22736529=1, 31564171=2, 14648257=2, 28994899=1, 14234831=3, 9061108=1, 24454262=3, 15441602=2, 11569212=2, 6612335=1, 11990907=1, 10825247=3, 21537371=2, 30578879=2, 8662=13, 18938452=1, 8378199=1, 20457259=6, 13204486=1, 22146134=1, 10388954=2, 14665837=1, 21476218=2, 21424394=1, 32033626=1, 14231219=3, 14778622=2, 13931365=2, 17088571=1, 16443778=1, 32928682=1, 12221580=1, 25343602=2, 13069998=1, 8203389=3, 9815255=1, 24349623=2, 12413126=1, 10935370=1, 30100982=1, 5826386=1, 1957603=1, 31252924=1, 14737668=1, 19208194=3, 27167984=2, 16019940=1, 14041983=1, 4887496=2, 29525707=2, 15337393=4, 25888556=3, 1893185=1, 14418049=5, 7465379=1, 20969327=1, 19176454=2, 6283277=1, 23358319=1, 31718127=1, 15179569=2, 2865604=2, 13429816=1, 15864411=4, 16572619=1, 4140556=3, 16904527=1, 21199871=1, 19462732=1, 10640981=1, 11802261=5, 14389532=2, 12260709=3, 32584230=3, 26947316=3, 26789530=1, 22092837=3, 3434548=1, 21766747=5, 19183394=2, 9220035=2, 27454941=1, 1884069=2, 3905049=2, 28783039=3, 3936736=5, 6327760=2, 18488009=4, 5680476=2, 19936966=7, 26726904=1, 28875498=2, 31585208=1, 8249649=1, 19466333=3, 7408747=3, 26945891=3, 22654108=2, 19353532=1, 14122614=1, 31197358=5, 26649064=2, 25904766=1, 16796843=1, 25374223=3, 12919407=3, 8090708=1, 13299691=1, 5791538=1, 29895499=6, 23810866=1, 315883=1, 11793246=1, 4866458=1, 27400485=4, 14901648=1, 22185766=2, 22814926=5, 28669251=1, 27084758=1, 8604248=1, 28299184]=1}>
	at org.apache.hadoop.hive.common.ndv.hll.TestHLLSerialization.testHLLSparseSerializationHalfDistinct(TestHLLSerialization.java:119)
]]></failure>
  </testcase>
  <testcase name="testHLLDenseSerializationHalfDistinct[3]" classname="org.apache.hadoop.hive.common.ndv.hll.TestHLLSerialization" time="0.032"/>
  <testcase name="testHLLSparseNoBitPacking[3]" classname="org.apache.hadoop.hive.common.ndv.hll.TestHLLSerialization" time="0.037">
    <failure message="expected:&lt;...Prime: 6 register: {[4943347=1, 9343722=2, 29073847=2, 17944182=1, 25740949=1, 18886951=8, 9637445=3, 30229717=1, 16305080=1, 16842797=3, 7890102=1, 904292=1, 5188624=3, 1854224=1, 16710278=1, 30419707=7, 28929033=1, 22087149=3, 23681647=1, 32707164=3, 27434773=2, 12491431=2, 11497180=1, 4121417=1, 10798074=1, 32573777=3, 7501898=1, 19064508=1, 1030818=2, 1692793=1, 5664276=1, 26015337=1, 17724753=1, 10233372=5, 20250142=1, 31615167=1, 16042217=1, 436128=2, 30375170=1, 10471191=1, 29795546=2, 11473510=3, 21439348=3, 17454413=1, 20654151=3, 29473370=2, 23146480=3, 11995144=3, 10645676=1, 25919329=1, 16462484=3, 7803136=3, 10960974=1, 29668652=2, 9402743=1, 7096664=1, 27464271=3, 3167653=1, 2120955=1, 32311522=3, 30056267=2, 15618527=1, 22771758=1, 12643348=1, 6649221=1, 21643254=4, 14990455=2, 7656227=1, 10293166=3, 33371184=3, 6125714=1, 5993597=1, 963262=2, 26667930=1, 2897066=5, 1728964=1, 1417509=2, 7410281=3, 19062806=1, 18211148=1, 28527309=1, 26924439=1, 33502193=3, 17716158=1, 12187391=1, 23617124=1, 32106532=1, 28824314=1, 18752074=4, 18095002=5, 12448048=1, 21996473=2, 17608295=2, 28945059=2, 27389138=1, 8258713=4, 3968549=2, 138524=4, 7292402=1, 27785668=1, 24022788=2, 15004612=1, 4895027=2, 13816502=1, 7930974=3, 21299617=3, 1216122=2, 21736699=2, 20435598=1, 9070253=1, 22964591=1, 18217363=1, 1450139=4, 5663981=1, 29211959=2, 7178280=2, 20404500=1, 21465=1, 8330290=3, 16338149=1, 94405=1, 2616903=1, 20319301=4, 26457731=2, 4224106=1, 5651186=4, 1087939=2, 9827204=1, 148682=1, 25631188=3, 627760=2, 21651787=1, 22980420=2, 17884178=1, 19695492=2, 29773238=1, 31382194=1, 17028231=1, 25344399=2, 19636306=2, 5084278=2, 31673246=1, 31211468=5, 1023609=2, 18007181=1, 27745170=1, 15161324=1, 25639769=3, 112469=2, 12419772=2, 29287331=1, 29537145=2, 24934751=1, 3219068=3, 6947669=4, 11172817=1, 33307627=5, 15935776=3, 2133615=2, 31222618=1, 21750050=1, 30086303=3, 13403147=2, 6723205=2, 8144356=1, 19351575=1, 28448254=4, 20583327=4, 23307870=2, 17499621=3, 29807360=1, 634081=2, 14907744=1, 31400578=3, 3678548=6, 30982134=2, 13851209=1, 1611720=2, 26942303=3, 31182411=1, 1628443=1, 27215055=1, 27125776=1, 10845816=1, 30843043=2, 10412440=1, 19796906=4, 21951714=1, 31112766=2, 14136305=2, 30927814=1, 21686376=1, 10069417=2, 18101876=5, 25945027=1, 14381249=1, 30387257=2, 9533814=1, 21938033=2, 1751069=2, 2528634=2, 10493835=8, 23212364=4, 15510085=2, 32900393=4, 19041113=2, 16903472=1, 24047436=1, 25236222=3, 21907755=1, 11862461=3, 6828068=6, 14309976=1, 27807968=1, 6210671=1, 25812571=1, 1895340=1, 24056827=3, 19668707=5, 23701167=2, 9975087=6, 16654145=4, 28395211=1, 29216762=1, 4877200=1, 604246=3, 13999814=2, 33018695=1, 28350540=2, 23022751=1, 18962992=1, 22122456=2, 29819960=3, 8494934=2, 18847227=2, 10828451=3, 17152734=2, 1219063=2, 21009443=2, 3953169=1, 24705992=1, 27537952=5, 3526384=1, 5336174=1, 15804712=3, 6926925=2, 32734703=1, 27712400=1, 25077546=2, 25663962=2, 4050386=1, 23151323=1, 22978158=2, 5509822=5, 1234051=1, 22922549=1, 27833692=2, 16349268=1, 16223040=2, 20373833=1, 30991345=1, 19328694=1, 31094965=1, 4930114=3, 25568617=4, 21640025=4, 6170338=4, 17684801=1, 24477230=1, 7870633=6, 24381587=5, 5753817=1, 8239231=2, 527741=6, 13414654=2, 30135567=1, 20531731=1, 8583072=1, 32138569=1, 20852200=4, 21608483=2, 16144677=1, 4088153=1, 27360331=1, 852753=3, 19839642=2, 32300733=1, 12875033=1, 30946322=6, 12072566=6, 1018447=2, 27538449=5, 20501371=1, 15219267=6, 30114251=2, 9470738=2, 13383091=5, 8607768=1, 30605175=1, 1757445=1, 14716873=2, 12715733=4, 23554730=1, 4100828=2, 26195376=2, 30520482=2, 28951229=1, 19912066=1, 11717941=1, 8812012=1, 14625548=3, 29946471=1, 26969940=2, 24308858=1, 1297735=1, 742751=1, 24975840=3, 3423114=5, 12900799=1, 30337530=1, 18480539=1, 33194727=2, 12031288=2, 22997369=1, 1074452=1, 24087939=2, 30414111=7, 32962010=1, 9963547=6, 810026=1, 9182370=5, 14786290=2, 24989318=1, 4435835=2, 126436=1, 23640914=2, 4165642=2, 28037901=1, 18423802=3, 25789997=2, 4738881=1, 26954251=1, 18555250=3, 17077986=2, 32622010=1, 6179628=1, 25652009=1, 1458059=4, 32740393=2, 2025824=1, 18575177=1, 22540854=1, 21772491=5, 4447389=1, 2330492=2, 4792756=3, 33447016=1, 17197584=1, 7936216=3, 10210143=1, 25446573=1, 4742573=1, 32813950=2, 25535699=2, 16579327=1, 18868998=1, 8645271=1, 2285664=1, 23784571=1, 2455932=1, 32789346=1, 1063063=7, 17230231=1, 350458=1, 3410268=5, 15321421=1, 2513030=1, 32790834=1, 4529919=3, 18106010=1, 5256971=7, 18639160=1, 23242358=2, 4977403=1, 22664744=1, 23569939=2, 22405220=1, 13288755=1, 26157525=3, 29018559=1, 31019589=1, 6055334=1, 32960589=1, 6821165=6, 32279088=2, 8919571=6, 12070633=6, 28936171=2, 24862406=1, 17225117=1, 1695017=1, 19095553=1, 33504574=3, 24955303=1, 23985152=1, 3208157=1, 30200436=1, 10905946=1, 7225277=4, 3168957=1, 546296=1, 8721033=3, 11043924=2, 29807029=1, 17673937=2, 19545535=4, 13850053=1, 21698123=3, 28078272=1, 16164508=2, 2040907=3, 24405977=1, 28734519=1, 18864353=1, 31030500=1, 9297059=1, 3761862=1, 33318713=1, 7750507=1, 2677343=1, 31089380=1, 7853026=1, 310730=2, 22978182=2, 20142560=1, 14878828=3, 11326088=1, 32904610=4, 17009707=2, 29541956=1, 29958283=3, 5121510=4, 1886362=1, 31226927=1, 15079601=4, 25902357=3, 611666=1, 26759012=1, 10359261=4, 4281004=1, 29229652=4, 30296654=1, 1521726=3, 18261271=2, 32611478=2, 2463658=2, 26804676=3, 6347459=1, 23616654=1, 17726544=1, 31055620=1, 25293573=1, 15123323=1, 10074316=2, 9639286=3, 9596163=1, 26903683=2, 31155506=1, 4857423=4, 8747020=1, 15314768=2, 24361109=2, 9277721=2, 9850632=1, 2626927=6, 5378945=4, 9791837=1, 20764632=1, 30637279=1, 26309795=1, 5228232=1, 3485530=3, 12288714=2, 30452824=2, 6879198=1, 32869785=2, 25999881=2, 10168794=3, 16642930=1, 19525700=1, 32624782=1, 733135=3, 12337299=1, 8867196=1, 20991686=1, 5826360=1, 24676564=2, 25455625=1, 11113102=2, 15070864=1, 14161017=6, 3347824=3, 7559188=1, 9701461=5, 32056398=3, 9772532=3, 9945643=1, 31116564=1, 26874844=4, 14015899=1, 25453682=1, 24542708=1, 19551766=1, 6197448=2, 29303163=3, 26871904=4, 11845005=2, 15263631=1, 16251722=1, 1893425=1, 10119616=1, 8034407=2, 7913800=1, 2094347=1, 24087405=2, 23147982=3, 12430508=2, 6123321=1, 32354302=2, 18966187=1, 19977221=1, 6826=15, 4032262=2, 32709197=3, 25496182=3, 15724754=1, 8942595=1, 16110504=1, 4569707=2, 16392464=4, 17124687=1, 13725386=1, 17143856=2, 29581787=1, 31232228=2, 12289858=2, 12793413=3, 2929780=2, 2362840=5, 21681728=1, 1483869=2, 32752259=1, 22784353=2, 3753964=1, 17392327=1, 8481088=1, 22343717=1, 31084064=1, 6339973=2, 8159152=1, 26273924=1, 15490813=1, 19103937=2, 23348623=1, 21296852=1, 15940390=3, 1769495=3, 24053856=3, 5287863=2, 7700256=1, 32959684=1, 27288611=1, 622545=1, 24816088=2, 24270255=1, 10422170=3, 8541592=1, 23165410=1, 54851=1, 11304246=1, 2616767=1, 8065391=3, 15582292=1, 2554625=1, 26163878=3, 12449802=1, 8289257=1, 33471669=2, 5080547=2, 29444012=1, 9936213=2, 21038613=3, 32873198=2, 32754608=1, 19186928=1, 5533308=1, 20800670=1, 29248868=1, 3408196=5, 17123309=1, 2407608=2, 8595624=3, 10514800=1, 28125722=3, 18518125=2, 4318605=1, 14503754=1, 22610856=3, 29200409=2, 11574222=2, 27990484=3, 11359107=1, 6648420=1, 25390680=1, 6406413=1, 21342239=2, 21154198=1, 25883821=1, 16504987=1, 16568224=1, 29098930=5, 6170398=4, 4313241=1, 2352811=1, 4024445=1, 2101638=8, 5722953=1, 31918160=3, 21187408=1, 16781835=11, 8718802=3, 27099129=1, 13138499=1, 15519843=1, 31564039=2, 22504372=1, 26095581=4, 31118542=1, 1530503=1, 24581201=3, 1079500=1, 5214417=2, 4404463=3, 12675863=1, 16719380=3, 27549306=1, 7175505=1, 4051275=1, 6412481=1, 6632969=3, 12853629=5, 24803179=1, 5423200=1, 24117886=7, 22232106=3, 7380833=2, 13170590=1, 21440075=3, 19565924=2, 2602372=2, 18130290=2, 24914959=5, 17742104=2, 9125529=3, 634208=2, 9543696=2, 29377894=1, 21817304=1, 14890370=3, 33193211=1, 2027927=1, 10439519=1, 20058719=4, 92711=1, 4890702=2, 26710955=2, 15579296=2, 2336927=2, 3476725=3, 25466875=2, 26113058=1, 11216898=3, 2253673=1, 6577504=1, 24867940=1, 10473160=1, 16794072=1, 17682677=1, 7407754=3, 33213754=1, 20646801=3, 19524594=1, 21487396=1, 18792578=1, 27318579=1, 9695176=1, 25045161=4, 30944586=6, 18492453=4, 23650035=1, 18450738=2, 18649055=2, 23858330=5, 18242793=1, 21379050=4, 13826954=1, 26054112=2, 10518962=2, 3071306=1, 28406497=1, 9058591=4, 8036366=2, 6941867=1, 20570074=1, 817607=1, 8354396=1, 13595614=1, 14931786=1, 2026665=1, 5175770=1, 768150=2, 30904883=2, 10384875=1, 21754779=1, 14756583=3, 25398123=2, 15991835=5, 2968787=1, 13475607=2, 10368634=4, 29040693=3, 29417352=1, 10616643=1, 15263199=1, 22190307=2, 6183892=1, 29126131=1, 14301186=4, 21708593=3, 29135892=2, 26325963=2, 27530343=5, 11018058=6, 20939367=2, 14717093=2, 5445141=3, 11905375=2, 2054929=1, 570404=2, 29777574=1, 26249098=2, 29191711=1, 2016804=1, 8771607=1, 28726889=1, 18605844=1, 1375609=1, 5373984=4, 26236556=1, 22877896=3, 12840175=1, 4935522=1, 31106279=2, 1394021=1, 72257=3, 32385009=4, 5467278=1, 19969132=2, 14680198=8, 31306414=2, 14620250=3, 11257605=1, 24099716=2, 33434770=4, 1548902=2, 17554965=1, 20245285=1, 17668445=2, 11651669=1, 23539206=3, 14071923=2, 24839901=3, 6934952=1, 17133312=1, 2298506=3, 9397103=1, 30859812=1, 4758767=2, 23182842=2, 5049804=3, 26099735=1, 14600293=1, 1615046=2, 7781652=2, 6760076=3, 13722016=1, 7711014=2, 4576954=1, 26889564=1, 15072245=1, 28971348=4, 4955522=2, 10003632=2, 22302707=1, 13818751=1, 9133290=1, 3223226=3, 33310158=1, 7874458=6, 22737936=1, 2684247=1, 5228393=1, 8404105=10, 28332384=1, 33295415=5, 12313352=1, 16832126=1, 31280636=1, 28619139=2, 30238581=1, 19752990=1, 16632564=1, 15597446=1, 32883436=1, 28617828=2, 28413032=2, 5958323=1, 19597593=3, 3313830=2, 11332798=1, 28546637=2, 1728517=1, 16528158=5, 4081541=1, 27991469=3, 25105148=3, 2002780=2, 16934508=1, 1535268=1, 22285765=5, 10984061=2, 14501641=1, 23571212=2, 3157966=7, 26423992=3, 8507587=1, 30971149=2, 12283926=1, 25045058=4, 10342890=1, 28614315=2, 33476371=1, 12149696=1, 27810812=1, 3237011=1, 2626664=6, 23135374=3, 16683631=2, 9661864=1, 11949559=1, 5954338=1, 515986=1, 27998672=3, 7176720=2, 13456977=1, 11317778=2, 30073553=1, 32069016=1, 32787290=1, 15596472=1, 1204400=1, 18707319=1, 13632274=7, 13759192=1, 33311546=1, 32838432=3, 30299210=1, 877403=1, 10519786=2, 1963516=1, 14120383=1, 11360213=1, 24738245=1, 3768523=2, 969896=1, 33500888=3, 3996575=1, 4358326=2, 21864777=2, 2968834=1, 24330162=3, 26820022=3, 16499323=1, 32248590=5, 13199556=1, 8264102=4, 29596314=2, 32675664=2, 21399851=2, 29044946=3, 21575905=3, 23488107=1, 2985992=2, 9526845=1, 1045208=1, 30157468=5, 7640459=2, 27817925=1, 4146358=1, 8236990=2, 30856167=1, 666533=4, 3516540=2, 14918328=2, 32530758=1, 10284005=1, 9947013=1, 24017340=1, 28131564=1, 30902736=2, 32557993=1, 19856005=1, 8507871=1, 29737449=1, 30656120=1, 18278607=1, 20868845=1, 32221308=2, 32194499=3, 2286422=1, 16408136=1, 15548850=1, 14865374=1, 23558747=1, 32196116=1, 7103523=1, 29380630=1, 7358664=1, 4889414=2, 19816602=1, 7945843=3, 28721771=1, 26776100=2, 14634303=1, 5651357=4, 8779095=1, 27539489=5, 31440000=2, 28559674=1, 10566102=3, 25508504=3, 7556541=1, 30721025=1, 15154=14, 2373188=5, 21723635=1, 7439696=2, 30925879=1, 8409133=1, 30592020=1, 23835818=2, 17217473=2, 5808831=2, 15110186=2, 2515008=1, 2024642=1, 8561452=2, 24080404=1, 1732213=1, 1337684=1, 7912072=2, 11736714=3, 27001313=5, 32067185=1, 30551795=4, 18409652=1, 27221699=1, 6389902=2, 2202886=2, 11557315=1, 26734209=1, 6387410=1, 31779994=1, 17057041=1, 15605278=4, 29049290=1, 14194762=2, 32762401=1, 3104117=1, 26731139=1, 7020410=3, 1641703=3, 16731906=1, 18027025=3, 20401114=1, 15204725=6, 1008811=1, 17551233=1, 30087903=3, 1577035]3=2}&gt; but was:&lt;...Prime: 6 register: {[26874844=4, 24022788=2, 26871904=4, 7407754=3, 16392464=4, 22737936=1, 19695492=2, 8541592=1, 1450139=4, 24581201=3, 32196116=1, 13288755=1, 12187391=1, 14501641=1, 16719380=3, 11359107=1, 23348623=1, 2133615=2, 25446573=1, 25902357=3, 12031288=2, 6828068=6, 29668652=2, 2040907=3, 25789997=2, 15204725=6, 26776100=2, 2298506=3, 8771607=1, 24117886=7, 6170338=4, 3347824=3, 7711014=2, 23681647=1, 4281004=1, 32221308=2, 32754608=1, 17551233=1, 7292402=1, 28332384=1, 33295415=5, 1530503=1, 3953169=1, 28945059=2, 19064508=1, 24087405=2, 13759192=1, 13383091=5, 12313352=1, 26309795=1, 19041113=2, 14381249=1, 27318579=1, 25236222=3, 22771758=1, 23985152=1, 26095581=4, 9058591=4, 31226927=1, 19816602=1, 1337684=1, 6339973=2, 33310158=1, 4576954=1, 19186928=1, 2330492=2, 33434770=4, 21038613=3, 21736699=2, 15490813=1, 27360331=1, 7913800=1, 14136305=2, 8867196=1, 23569939=2, 12070633=6, 29444012=1, 1854224=1, 10845816=1, 19856005=1, 12875033=1, 7410281=3, 20435598=1, 32752259=1, 10439519=1, 23147982=3, 21772491=5, 17392327=1, 27221699=1, 30073553=1, 7656227=1, 24867940=1, 14918328=2, 25293573=1, 18101876=5, 1458059=4, 7358664=1, 16794072=1, 2336927=2, 26667930=1, 1521726=3, 2286422=1, 28350540=2, 31118542=1, 24542708=1, 15618527=1, 24047436=1, 26820022=3, 11574222=2, 4146358=1, 6125714=1, 32248590=5, 12793413=3, 30387257=2, 25639769=3, 6123321=1, 10074316=2, 21643254=4, 3968549=2, 16731906=1, 21698123=3, 6577504=1, 32904610=4, 16654145=4, 32311522=3, 28037901=1, 29191711=1, 18217363=1, 31084064=1, 30229717=1, 10293166=3, 23135374=3, 2684247=1, 22610856=3, 25568617=4, 29581787=1, 9945643=1, 14161017=6, 17133312=1, 22978182=2, 4977403=1, 6947669=4, 23488107=1, 2528634=2, 2985992=2, 3237011=1, 30087903=3, 5336174=1, 31673246=1, 26889564=1, 5663981=1, 810026=1, 4889414=2, 23858330=5, 27549306=1, 17028231=1, 21465=1, 13199556=1, 7501898=1, 16683631=2, 29737449=1, 32873198=2, 29211959=2, 7178280=2, 28131564=1, 6406413=1, 10984061=2, 29541956=1, 2253673=1, 11043924=2, 3485530=3, 33213754=1, 32789346=1, 8354396=1, 28971348=4, 30592020=1, 4051275=1, 17143856=2, 24934751=1, 8239231=2, 1893425=1, 1234051=1, 22302707=1, 8236990=2, 17152734=2, 18575177=1, 9297059=1, 25919329=1, 29073847=2, 18007181=1, 21938033=2, 138524=4, 18130290=2, 25344399=2, 1769495=3, 27833692=2, 14680198=8, 24803179=1, 11949559=1, 21009443=2, 6197448=2, 21996473=2, 14071923=2, 21686376=1, 13850053=1, 10168794=3, 5651357=4, 31019589=1, 9397103=1, 4358326=2, 8779095=1, 4935522=1, 7640459=2, 4742573=1, 6389902=2, 7945843=3, 31222618=1, 15314768=2, 30452824=2, 25883821=1, 12149696=1, 27745170=1, 24087939=2, 3168957=1, 8404105=10, 32883436=1, 18027025=3, 22343717=1, 25045161=4, 29773238=1, 1751069=2, 15263631=1, 33504574=3, 33502193=3, 12288714=2, 12072566=6, 6926925=2, 2094347=1, 13725386=1, 1375609=1, 31918160=3, 27125776=1, 10960974=1, 22087149=3, 1548902=2, 9639286=3, 2929780=2, 12283926=1, 25455625=1, 30859812=1, 20404500=1, 8812012=1, 5175770=1, 19668707=5, 5121510=4, 12289858=2, 30200436=1, 4890702=2, 15991835=5, 16781835=11, 18409652=1, 9182370=5, 31382194=1, 26731139=1, 21640025=4, 16349268=1, 7176720=2, 15070864=1, 21750050=1, 9963547=6, 12900799=1, 527741=6, 1417509=2, 94405=1, 3071306=1, 27785668=1, 28617828=2, 9695176=1, 30299210=1, 25663962=2, 10645676=1, 7225277=4, 13816502=1, 11717941=1, 27817925=1, 733135=3, 10566102=3, 4447389=1, 21299617=3, 28734519=1, 33500888=3, 30904883=2, 1079500=1, 11995144=3, 5664276=1, 29135892=2, 1628443=1, 12448048=1, 24080404=1, 26273924=1, 24017340=1, 2362840=5, 11172817=1, 10473160=1, 6879198=1, 9133290=1, 14890370=3, 23571212=2, 22540854=1, 24676564=2, 3410268=5, 8330290=3, 23558747=1, 11317778=2, 29098930=5, 28951229=1, 16338149=1, 4943347=1, 25453682=1, 8159152=1, 3753964=1, 14716873=2, 29229652=4, 10210143=1, 2016804=1, 10359261=4, 22504372=1, 2352811=1, 2463658=2, 4792756=3, 30056267=2, 18423802=3, 18752074=4, 25508504=3, 14990455=2, 27464271=3, 817607=1, 28546637=2, 31116564=1, 877403=1, 15110186=2, 17673937=2, 21723635=1, 25466875=2, 570404=2, 31232228=2, 1216122=2, 2515008=1, 27001313=5, 22285765=5, 18480539=1, 19636306=2, 27288611=1, 29044946=3, 10616643=1, 8258713=4, 13632274=7, 24914959=5, 18792578=1, 33194727=2, 17123309=1, 28559674=1, 30375170=1, 16710278=1, 21608483=2, 21342239=2, 4224106=1, 2054929=1, 9975087=6, 5373984=4, 7700256=1, 7556541=1, 11326088=1, 54851=1, 11845005=2, 10905946=1, 4313241=1, 31106279=2, 14878828=3, 20800670=1, 30927814=1, 10519786=2, 16568224=1, 16042217=1, 29200409=2, 15935776=3, 20401114=1, 546296=1, 32790834=1, 126436=1, 25105148=3, 27215055=1, 16251722=1, 32385009=4, 24053856=3, 17499621=3, 17454413=1, 23307870=2, 20245285=1, 5958323=1, 27389138=1, 10471191=1, 32194499=3, 6210671=1, 666533=4, 14301186=4, 30721025=1, 18278607=1, 2602372=2, 23784571=1, 24989318=1, 29377894=1, 1535268=1, 4088153=1, 30944586=6, 11651669=1, 28929033=1, 22980420=2, 4877200=1, 7781652=2, 14907744=1, 30520482=2, 6183892=1, 611666=1, 26759012=1, 5049804=3, 24738245=1, 12449802=1, 7870633=6, 21651787=1, 21154198=1, 18868998=1, 19062806=1, 4121417=1, 26710955=2, 14931786=1, 4404463=3, 30637279=1, 29795546=2, 2373188=5, 31094965=1, 18518125=2, 2026665=1, 10828451=3, 21487396=1, 32869785=2, 23650035=1, 22405220=1, 3423114=5, 5753817=1, 27712400=1, 13170590=1, 24862406=1, 19977221=1, 33018695=1, 20058719=4, 28619139=2, 33476371=1, 22664744=1, 9701461=5, 26236556=1, 23616654=1, 7559188=1, 17682677=1, 32279088=2, 11497180=1, 604246=3, 30991345=1, 1018447=2, 17124687=1, 6387410=1, 2025824=1, 32557993=1, 6821165=6, 22784353=2, 26903683=2, 16642930=1, 17724753=1, 10233372=5, 32354302=2, 29216762=1, 27538449=5, 18450738=2, 30419707=7, 14620250=3, 33318713=1, 19969132=2, 32762401=1, 5722953=1, 515986=1, 28824314=1, 33311546=1, 15804712=3, 17057041=1, 17716158=1, 19524594=1, 29380630=1, 19551766=1, 25496182=3, 1087939=2, 12337299=1, 11557315=1, 6055334=1, 6632969=3, 24308858=1, 15597446=1, 31306414=2, 8721033=3, 3768523=2, 30157468=5, 5228232=1, 28448254=4, 10384875=1, 18707319=1, 22122456=2, 15004612=1, 32734703=1, 31440000=2, 29040693=3, 18261271=2, 9343722=2, 16408136=1, 1023609=2, 8583072=1, 14194762=2, 30296654=1, 3167653=1, 2407608=2, 28395211=1, 14786290=2, 8409133=1, 30925879=1, 21296852=1, 8264102=4, 8144356=1, 4318605=1, 20646801=3, 30605175=1, 2626664=6, 14309976=1, 29807029=1, 26804676=3, 21575905=3, 24705992=1, 7930974=3, 30656120=1, 12675863=1, 4100828=2, 1483869=2, 16223040=2, 18095002=5, 30414111=7, 2285664=1, 12419772=2, 1030818=2, 5651186=4, 3408196=5, 16832126=1, 27991469=3, 21440075=3, 29049290=1, 5509822=5, 15263199=1, 15079601=4, 31615167=1, 8942595=1, 19545535=4, 5445141=3, 9850632=1, 19752990=1, 20991686=1, 23539206=3, 15770353=2, 12491431=2, 14634303=1, 32573777=3, 11736714=3, 21439348=3, 26969940=2, 23165410=1, 32838432=3, 31564039=2, 3313830=2, 7890102=1, 29287331=1, 15510085=2, 1728964=1, 11862461=3, 21708593=3, 32300733=1, 30337530=1, 904292=1, 15582292=1, 8561452=2, 1611720=2, 13456977=1, 25652009=1, 29248868=1, 9402743=1, 15724754=1, 26015337=1, 12853629=5, 9637445=3, 2616903=1, 29303163=3, 26325963=2, 23835818=2, 23554730=1, 28406497=1, 2513030=1, 634208=2, 8919571=6, 25045058=4, 16528158=5, 18639160=1, 30843043=2, 29018559=1, 72257=3, 1394021=1, 24816088=2, 5256971=7, 18649055=2, 2616767=1, 10342890=1, 16305080=1, 852753=3, 16903472=1, 14015899=1, 27537952=5, 20764632=1, 3476725=3, 20654151=3, 26113058=1, 23617124=1, 31155506=1, 30135567=1, 8034407=2, 10514800=1, 13826954=1, 24270255=1, 29777574=1, 1204400=1, 13414654=2, 15548850=1, 1695017=1, 8481088=1, 28527309=1, 768150=2, 16632564=1, 19095553=1, 30971149=2, 26099735=1, 13595614=1, 17197584=1, 19351575=1, 15940390=3, 14600293=1, 7853026=1, 3678548=6, 29807360=1, 7912072=2, 1219063=2, 26942303=3, 28726889=1, 9791837=1, 13722016=1, 627760=2, 24839901=3, 19565924=2, 26734209=1, 16842797=3, 16579327=1, 31030500=1, 17944182=1, 22232106=3, 28078272=1, 25631188=3, 33471669=2, 9936213=2, 21754779=1, 16462484=3, 6649221=1, 2968834=1, 32675664=2, 17608295=2, 6826=15, 26195376=2, 32067185=1, 22964591=1, 5533308=1, 8645271=1, 17668445=2, 10119616=1, 16499323=1, 28125722=3, 7803136=3, 14120383=1, 20319301=4, 9070253=1, 25535699=2, 622545=1, 15123323=1, 10003632=2, 9772532=3, 26457731=2, 10284005=1, 11018058=6, 14625548=3, 2002780=2, 8036366=2, 148682=1, 15596472=1, 31400578=3, 23146480=3, 30856167=1, 18864353=1, 32959684=1, 1886362=1, 2554625=1, 92711=1, 11360213=1, 11216898=3, 7020410=3, 29537145=2, 17884178=1, 24056827=3, 1895340=1, 11113102=2, 21864777=2, 29473370=2, 13475607=2, 18847227=2, 27998672=3, 1732213=1, 7874458=6, 32530758=1, 32106532=1, 19328694=1, 12715733=4, 30982134=2, 21379050=4, 32709197=3, 24381587=5, 24361109=2, 30551795=4, 33447016=1, 18211148=1, 26054112=2, 20142560=1, 5287863=2, 9661864=1, 17217473=2, 19839642=2, 3761862=1, 10493835=8, 24405977=1, 30946322=6, 23640914=2, 3157966=7, 4050386=1, 7096664=1, 5954338=1, 8718802=3, 9827204=1, 350458=1, 10798074=1, 4435835=2, 742751=1, 18886951=8, 13999814=2, 6648420=1, 8747020=1, 3208157=1, 32787290=1, 24955303=1, 20939367=2, 9125529=3, 17225117=1, 2120955=1, 29596314=2, 32622010=1, 20570074=1, 4024445=1, 6941867=1, 32960589=1, 8507587=1, 6934952=1, 1074452=1, 23701167=2, 5808831=2, 1728517=1, 1063063=7, 4955522=2, 8507871=1, 436128=2, 7103523=1, 25398123=2, 15072245=1, 22190307=2, 33193211=1, 7439696=2, 4081541=1, 15219267=6, 10412440=1, 16110504=1, 17230231=1, 29819960=3, 2455932=1, 20583327=4, 9533814=1, 8595624=3, 19796906=4, 10422170=3, 5080547=2, 20852200=4, 22978158=2, 27990484=3, 31211468=5, 31779994=1, 6723205=2, 31182411=1, 26163878=3, 23151323=1, 9596163=1, 3104117=1, 21817304=1, 6760076=3, 15154=14, 4857423=4, 1045208=1, 9543696=2, 5423200=1, 4529919=3, 21681728=1, 7936216=3, 15579296=2, 26954251=1, 13403147=2, 25740949=1, 1963516=1, 30114251=2, 18492453=4, 18966187=1, 1692793=1, 29126131=1, 18962992=1, 25999881=2, 6412481=1, 23182842=2, 8065391=3, 15519843=1, 2897066=5, 3516540=2, 11473510=3, 27810812=1, 15161324=1, 32138569=1, 11905375=2, 9526845=1, 28614315=2, 26157525=3, 17554965=1, 10069417=2, 20250142=1, 33307627=5, 24975840=3, 11304246=1, 26423992=3, 2024642=1, 1615046=2, 3526384=1, 310730=2, 1757445=1, 30086303=3, 21399851=2, 7750507=1, 634081=2, 29417352=1, 15605278=4, 7380833=2, 4165642=2, 31055620=1, 21187408=1, 3223226=3, 31280636=1, 4738881=1, 32624782=1, 17742104=2, 6170398=4, 7175505=1, 32813950=2, 19525700=1, 22922549=1, 29958283=3, 963262=2, 22997369=1, 26249098=2, 2968787=1, 5228393=1, 2101638=8, 4758767=2, 14503754=1, 5378945=4, 2027927=1, 27530343=5, 13851209=1, 28413032=2, 30902736=2, 23242358=2, 24330162=3, 4032262=2, 17684801=1, 10368634=4, 27434773=2, 22877896=3, 32056398=3, 20501371=1, 11257605=1, 3219068=3, 19912066=1, 1297735=1, 24477230=1, 5084278=2, 12430508=2, 2626927=6, 27539489=5, 9470738=2, 21951714=1, 13138499=1, 12840175=1, 4930114=3, 17077986=2, 5467278=1, 31112766=2, 5214417=2, 6347459=1, 17726544=1, 31089380=1, 19103937=2, 33371184=3, 5188624=3, 4895027=2, 16934508=1, 5993597=1, 27099129=1, 12643348=1, 29946471=1, 19597593=3, 5826360=1, 16164508=2, 14865374=1, 8494934=2, 112469=2, 4569707=2, 15321421=1, 18555250=3, 32740393=2, 969896=1, 23212364=4, 8607768=1, 1008811=1, 20373833=1, 3996575=1, 20868845=1, 25812571=1, 8289257=1, 32962010=1, 1641703=3, 11332798=1, 30238581=1, 23022751=1, 16144677=1, 25077546=2, 28721771=1, 20531731=1, 2202886=2, 32069016=1, 2677343=1, 18242793=1, 24099716=2, 25390680=1, 27807968=1, 14756583=3, 18106010=1, 9277721=2, 10518962=2, 21907755=1, 9947013=1, 28936171=2, 32900393=4, 13818751=1, 6179628=1, 26924439=1, 32611478=2, 18605844=1, 25945027=1, 32707164=3, 17009707=2, 16504987=1, 1471709]3=2}&gt;" type="org.junit.ComparisonFailure"><![CDATA[org.junit.ComparisonFailure: expected:<...Prime: 6 register: {[4943347=1, 9343722=2, 29073847=2, 17944182=1, 25740949=1, 18886951=8, 9637445=3, 30229717=1, 16305080=1, 16842797=3, 7890102=1, 904292=1, 5188624=3, 1854224=1, 16710278=1, 30419707=7, 28929033=1, 22087149=3, 23681647=1, 32707164=3, 27434773=2, 12491431=2, 11497180=1, 4121417=1, 10798074=1, 32573777=3, 7501898=1, 19064508=1, 1030818=2, 1692793=1, 5664276=1, 26015337=1, 17724753=1, 10233372=5, 20250142=1, 31615167=1, 16042217=1, 436128=2, 30375170=1, 10471191=1, 29795546=2, 11473510=3, 21439348=3, 17454413=1, 20654151=3, 29473370=2, 23146480=3, 11995144=3, 10645676=1, 25919329=1, 16462484=3, 7803136=3, 10960974=1, 29668652=2, 9402743=1, 7096664=1, 27464271=3, 3167653=1, 2120955=1, 32311522=3, 30056267=2, 15618527=1, 22771758=1, 12643348=1, 6649221=1, 21643254=4, 14990455=2, 7656227=1, 10293166=3, 33371184=3, 6125714=1, 5993597=1, 963262=2, 26667930=1, 2897066=5, 1728964=1, 1417509=2, 7410281=3, 19062806=1, 18211148=1, 28527309=1, 26924439=1, 33502193=3, 17716158=1, 12187391=1, 23617124=1, 32106532=1, 28824314=1, 18752074=4, 18095002=5, 12448048=1, 21996473=2, 17608295=2, 28945059=2, 27389138=1, 8258713=4, 3968549=2, 138524=4, 7292402=1, 27785668=1, 24022788=2, 15004612=1, 4895027=2, 13816502=1, 7930974=3, 21299617=3, 1216122=2, 21736699=2, 20435598=1, 9070253=1, 22964591=1, 18217363=1, 1450139=4, 5663981=1, 29211959=2, 7178280=2, 20404500=1, 21465=1, 8330290=3, 16338149=1, 94405=1, 2616903=1, 20319301=4, 26457731=2, 4224106=1, 5651186=4, 1087939=2, 9827204=1, 148682=1, 25631188=3, 627760=2, 21651787=1, 22980420=2, 17884178=1, 19695492=2, 29773238=1, 31382194=1, 17028231=1, 25344399=2, 19636306=2, 5084278=2, 31673246=1, 31211468=5, 1023609=2, 18007181=1, 27745170=1, 15161324=1, 25639769=3, 112469=2, 12419772=2, 29287331=1, 29537145=2, 24934751=1, 3219068=3, 6947669=4, 11172817=1, 33307627=5, 15935776=3, 2133615=2, 31222618=1, 21750050=1, 30086303=3, 13403147=2, 6723205=2, 8144356=1, 19351575=1, 28448254=4, 20583327=4, 23307870=2, 17499621=3, 29807360=1, 634081=2, 14907744=1, 31400578=3, 3678548=6, 30982134=2, 13851209=1, 1611720=2, 26942303=3, 31182411=1, 1628443=1, 27215055=1, 27125776=1, 10845816=1, 30843043=2, 10412440=1, 19796906=4, 21951714=1, 31112766=2, 14136305=2, 30927814=1, 21686376=1, 10069417=2, 18101876=5, 25945027=1, 14381249=1, 30387257=2, 9533814=1, 21938033=2, 1751069=2, 2528634=2, 10493835=8, 23212364=4, 15510085=2, 32900393=4, 19041113=2, 16903472=1, 24047436=1, 25236222=3, 21907755=1, 11862461=3, 6828068=6, 14309976=1, 27807968=1, 6210671=1, 25812571=1, 1895340=1, 24056827=3, 19668707=5, 23701167=2, 9975087=6, 16654145=4, 28395211=1, 29216762=1, 4877200=1, 604246=3, 13999814=2, 33018695=1, 28350540=2, 23022751=1, 18962992=1, 22122456=2, 29819960=3, 8494934=2, 18847227=2, 10828451=3, 17152734=2, 1219063=2, 21009443=2, 3953169=1, 24705992=1, 27537952=5, 3526384=1, 5336174=1, 15804712=3, 6926925=2, 32734703=1, 27712400=1, 25077546=2, 25663962=2, 4050386=1, 23151323=1, 22978158=2, 5509822=5, 1234051=1, 22922549=1, 27833692=2, 16349268=1, 16223040=2, 20373833=1, 30991345=1, 19328694=1, 31094965=1, 4930114=3, 25568617=4, 21640025=4, 6170338=4, 17684801=1, 24477230=1, 7870633=6, 24381587=5, 5753817=1, 8239231=2, 527741=6, 13414654=2, 30135567=1, 20531731=1, 8583072=1, 32138569=1, 20852200=4, 21608483=2, 16144677=1, 4088153=1, 27360331=1, 852753=3, 19839642=2, 32300733=1, 12875033=1, 30946322=6, 12072566=6, 1018447=2, 27538449=5, 20501371=1, 15219267=6, 30114251=2, 9470738=2, 13383091=5, 8607768=1, 30605175=1, 1757445=1, 14716873=2, 12715733=4, 23554730=1, 4100828=2, 26195376=2, 30520482=2, 28951229=1, 19912066=1, 11717941=1, 8812012=1, 14625548=3, 29946471=1, 26969940=2, 24308858=1, 1297735=1, 742751=1, 24975840=3, 3423114=5, 12900799=1, 30337530=1, 18480539=1, 33194727=2, 12031288=2, 22997369=1, 1074452=1, 24087939=2, 30414111=7, 32962010=1, 9963547=6, 810026=1, 9182370=5, 14786290=2, 24989318=1, 4435835=2, 126436=1, 23640914=2, 4165642=2, 28037901=1, 18423802=3, 25789997=2, 4738881=1, 26954251=1, 18555250=3, 17077986=2, 32622010=1, 6179628=1, 25652009=1, 1458059=4, 32740393=2, 2025824=1, 18575177=1, 22540854=1, 21772491=5, 4447389=1, 2330492=2, 4792756=3, 33447016=1, 17197584=1, 7936216=3, 10210143=1, 25446573=1, 4742573=1, 32813950=2, 25535699=2, 16579327=1, 18868998=1, 8645271=1, 2285664=1, 23784571=1, 2455932=1, 32789346=1, 1063063=7, 17230231=1, 350458=1, 3410268=5, 15321421=1, 2513030=1, 32790834=1, 4529919=3, 18106010=1, 5256971=7, 18639160=1, 23242358=2, 4977403=1, 22664744=1, 23569939=2, 22405220=1, 13288755=1, 26157525=3, 29018559=1, 31019589=1, 6055334=1, 32960589=1, 6821165=6, 32279088=2, 8919571=6, 12070633=6, 28936171=2, 24862406=1, 17225117=1, 1695017=1, 19095553=1, 33504574=3, 24955303=1, 23985152=1, 3208157=1, 30200436=1, 10905946=1, 7225277=4, 3168957=1, 546296=1, 8721033=3, 11043924=2, 29807029=1, 17673937=2, 19545535=4, 13850053=1, 21698123=3, 28078272=1, 16164508=2, 2040907=3, 24405977=1, 28734519=1, 18864353=1, 31030500=1, 9297059=1, 3761862=1, 33318713=1, 7750507=1, 2677343=1, 31089380=1, 7853026=1, 310730=2, 22978182=2, 20142560=1, 14878828=3, 11326088=1, 32904610=4, 17009707=2, 29541956=1, 29958283=3, 5121510=4, 1886362=1, 31226927=1, 15079601=4, 25902357=3, 611666=1, 26759012=1, 10359261=4, 4281004=1, 29229652=4, 30296654=1, 1521726=3, 18261271=2, 32611478=2, 2463658=2, 26804676=3, 6347459=1, 23616654=1, 17726544=1, 31055620=1, 25293573=1, 15123323=1, 10074316=2, 9639286=3, 9596163=1, 26903683=2, 31155506=1, 4857423=4, 8747020=1, 15314768=2, 24361109=2, 9277721=2, 9850632=1, 2626927=6, 5378945=4, 9791837=1, 20764632=1, 30637279=1, 26309795=1, 5228232=1, 3485530=3, 12288714=2, 30452824=2, 6879198=1, 32869785=2, 25999881=2, 10168794=3, 16642930=1, 19525700=1, 32624782=1, 733135=3, 12337299=1, 8867196=1, 20991686=1, 5826360=1, 24676564=2, 25455625=1, 11113102=2, 15070864=1, 14161017=6, 3347824=3, 7559188=1, 9701461=5, 32056398=3, 9772532=3, 9945643=1, 31116564=1, 26874844=4, 14015899=1, 25453682=1, 24542708=1, 19551766=1, 6197448=2, 29303163=3, 26871904=4, 11845005=2, 15263631=1, 16251722=1, 1893425=1, 10119616=1, 8034407=2, 7913800=1, 2094347=1, 24087405=2, 23147982=3, 12430508=2, 6123321=1, 32354302=2, 18966187=1, 19977221=1, 6826=15, 4032262=2, 32709197=3, 25496182=3, 15724754=1, 8942595=1, 16110504=1, 4569707=2, 16392464=4, 17124687=1, 13725386=1, 17143856=2, 29581787=1, 31232228=2, 12289858=2, 12793413=3, 2929780=2, 2362840=5, 21681728=1, 1483869=2, 32752259=1, 22784353=2, 3753964=1, 17392327=1, 8481088=1, 22343717=1, 31084064=1, 6339973=2, 8159152=1, 26273924=1, 15490813=1, 19103937=2, 23348623=1, 21296852=1, 15940390=3, 1769495=3, 24053856=3, 5287863=2, 7700256=1, 32959684=1, 27288611=1, 622545=1, 24816088=2, 24270255=1, 10422170=3, 8541592=1, 23165410=1, 54851=1, 11304246=1, 2616767=1, 8065391=3, 15582292=1, 2554625=1, 26163878=3, 12449802=1, 8289257=1, 33471669=2, 5080547=2, 29444012=1, 9936213=2, 21038613=3, 32873198=2, 32754608=1, 19186928=1, 5533308=1, 20800670=1, 29248868=1, 3408196=5, 17123309=1, 2407608=2, 8595624=3, 10514800=1, 28125722=3, 18518125=2, 4318605=1, 14503754=1, 22610856=3, 29200409=2, 11574222=2, 27990484=3, 11359107=1, 6648420=1, 25390680=1, 6406413=1, 21342239=2, 21154198=1, 25883821=1, 16504987=1, 16568224=1, 29098930=5, 6170398=4, 4313241=1, 2352811=1, 4024445=1, 2101638=8, 5722953=1, 31918160=3, 21187408=1, 16781835=11, 8718802=3, 27099129=1, 13138499=1, 15519843=1, 31564039=2, 22504372=1, 26095581=4, 31118542=1, 1530503=1, 24581201=3, 1079500=1, 5214417=2, 4404463=3, 12675863=1, 16719380=3, 27549306=1, 7175505=1, 4051275=1, 6412481=1, 6632969=3, 12853629=5, 24803179=1, 5423200=1, 24117886=7, 22232106=3, 7380833=2, 13170590=1, 21440075=3, 19565924=2, 2602372=2, 18130290=2, 24914959=5, 17742104=2, 9125529=3, 634208=2, 9543696=2, 29377894=1, 21817304=1, 14890370=3, 33193211=1, 2027927=1, 10439519=1, 20058719=4, 92711=1, 4890702=2, 26710955=2, 15579296=2, 2336927=2, 3476725=3, 25466875=2, 26113058=1, 11216898=3, 2253673=1, 6577504=1, 24867940=1, 10473160=1, 16794072=1, 17682677=1, 7407754=3, 33213754=1, 20646801=3, 19524594=1, 21487396=1, 18792578=1, 27318579=1, 9695176=1, 25045161=4, 30944586=6, 18492453=4, 23650035=1, 18450738=2, 18649055=2, 23858330=5, 18242793=1, 21379050=4, 13826954=1, 26054112=2, 10518962=2, 3071306=1, 28406497=1, 9058591=4, 8036366=2, 6941867=1, 20570074=1, 817607=1, 8354396=1, 13595614=1, 14931786=1, 2026665=1, 5175770=1, 768150=2, 30904883=2, 10384875=1, 21754779=1, 14756583=3, 25398123=2, 15991835=5, 2968787=1, 13475607=2, 10368634=4, 29040693=3, 29417352=1, 10616643=1, 15263199=1, 22190307=2, 6183892=1, 29126131=1, 14301186=4, 21708593=3, 29135892=2, 26325963=2, 27530343=5, 11018058=6, 20939367=2, 14717093=2, 5445141=3, 11905375=2, 2054929=1, 570404=2, 29777574=1, 26249098=2, 29191711=1, 2016804=1, 8771607=1, 28726889=1, 18605844=1, 1375609=1, 5373984=4, 26236556=1, 22877896=3, 12840175=1, 4935522=1, 31106279=2, 1394021=1, 72257=3, 32385009=4, 5467278=1, 19969132=2, 14680198=8, 31306414=2, 14620250=3, 11257605=1, 24099716=2, 33434770=4, 1548902=2, 17554965=1, 20245285=1, 17668445=2, 11651669=1, 23539206=3, 14071923=2, 24839901=3, 6934952=1, 17133312=1, 2298506=3, 9397103=1, 30859812=1, 4758767=2, 23182842=2, 5049804=3, 26099735=1, 14600293=1, 1615046=2, 7781652=2, 6760076=3, 13722016=1, 7711014=2, 4576954=1, 26889564=1, 15072245=1, 28971348=4, 4955522=2, 10003632=2, 22302707=1, 13818751=1, 9133290=1, 3223226=3, 33310158=1, 7874458=6, 22737936=1, 2684247=1, 5228393=1, 8404105=10, 28332384=1, 33295415=5, 12313352=1, 16832126=1, 31280636=1, 28619139=2, 30238581=1, 19752990=1, 16632564=1, 15597446=1, 32883436=1, 28617828=2, 28413032=2, 5958323=1, 19597593=3, 3313830=2, 11332798=1, 28546637=2, 1728517=1, 16528158=5, 4081541=1, 27991469=3, 25105148=3, 2002780=2, 16934508=1, 1535268=1, 22285765=5, 10984061=2, 14501641=1, 23571212=2, 3157966=7, 26423992=3, 8507587=1, 30971149=2, 12283926=1, 25045058=4, 10342890=1, 28614315=2, 33476371=1, 12149696=1, 27810812=1, 3237011=1, 2626664=6, 23135374=3, 16683631=2, 9661864=1, 11949559=1, 5954338=1, 515986=1, 27998672=3, 7176720=2, 13456977=1, 11317778=2, 30073553=1, 32069016=1, 32787290=1, 15596472=1, 1204400=1, 18707319=1, 13632274=7, 13759192=1, 33311546=1, 32838432=3, 30299210=1, 877403=1, 10519786=2, 1963516=1, 14120383=1, 11360213=1, 24738245=1, 3768523=2, 969896=1, 33500888=3, 3996575=1, 4358326=2, 21864777=2, 2968834=1, 24330162=3, 26820022=3, 16499323=1, 32248590=5, 13199556=1, 8264102=4, 29596314=2, 32675664=2, 21399851=2, 29044946=3, 21575905=3, 23488107=1, 2985992=2, 9526845=1, 1045208=1, 30157468=5, 7640459=2, 27817925=1, 4146358=1, 8236990=2, 30856167=1, 666533=4, 3516540=2, 14918328=2, 32530758=1, 10284005=1, 9947013=1, 24017340=1, 28131564=1, 30902736=2, 32557993=1, 19856005=1, 8507871=1, 29737449=1, 30656120=1, 18278607=1, 20868845=1, 32221308=2, 32194499=3, 2286422=1, 16408136=1, 15548850=1, 14865374=1, 23558747=1, 32196116=1, 7103523=1, 29380630=1, 7358664=1, 4889414=2, 19816602=1, 7945843=3, 28721771=1, 26776100=2, 14634303=1, 5651357=4, 8779095=1, 27539489=5, 31440000=2, 28559674=1, 10566102=3, 25508504=3, 7556541=1, 30721025=1, 15154=14, 2373188=5, 21723635=1, 7439696=2, 30925879=1, 8409133=1, 30592020=1, 23835818=2, 17217473=2, 5808831=2, 15110186=2, 2515008=1, 2024642=1, 8561452=2, 24080404=1, 1732213=1, 1337684=1, 7912072=2, 11736714=3, 27001313=5, 32067185=1, 30551795=4, 18409652=1, 27221699=1, 6389902=2, 2202886=2, 11557315=1, 26734209=1, 6387410=1, 31779994=1, 17057041=1, 15605278=4, 29049290=1, 14194762=2, 32762401=1, 3104117=1, 26731139=1, 7020410=3, 1641703=3, 16731906=1, 18027025=3, 20401114=1, 15204725=6, 1008811=1, 17551233=1, 30087903=3, 1577035]3=2}> but was:<...Prime: 6 register: {[26874844=4, 24022788=2, 26871904=4, 7407754=3, 16392464=4, 22737936=1, 19695492=2, 8541592=1, 1450139=4, 24581201=3, 32196116=1, 13288755=1, 12187391=1, 14501641=1, 16719380=3, 11359107=1, 23348623=1, 2133615=2, 25446573=1, 25902357=3, 12031288=2, 6828068=6, 29668652=2, 2040907=3, 25789997=2, 15204725=6, 26776100=2, 2298506=3, 8771607=1, 24117886=7, 6170338=4, 3347824=3, 7711014=2, 23681647=1, 4281004=1, 32221308=2, 32754608=1, 17551233=1, 7292402=1, 28332384=1, 33295415=5, 1530503=1, 3953169=1, 28945059=2, 19064508=1, 24087405=2, 13759192=1, 13383091=5, 12313352=1, 26309795=1, 19041113=2, 14381249=1, 27318579=1, 25236222=3, 22771758=1, 23985152=1, 26095581=4, 9058591=4, 31226927=1, 19816602=1, 1337684=1, 6339973=2, 33310158=1, 4576954=1, 19186928=1, 2330492=2, 33434770=4, 21038613=3, 21736699=2, 15490813=1, 27360331=1, 7913800=1, 14136305=2, 8867196=1, 23569939=2, 12070633=6, 29444012=1, 1854224=1, 10845816=1, 19856005=1, 12875033=1, 7410281=3, 20435598=1, 32752259=1, 10439519=1, 23147982=3, 21772491=5, 17392327=1, 27221699=1, 30073553=1, 7656227=1, 24867940=1, 14918328=2, 25293573=1, 18101876=5, 1458059=4, 7358664=1, 16794072=1, 2336927=2, 26667930=1, 1521726=3, 2286422=1, 28350540=2, 31118542=1, 24542708=1, 15618527=1, 24047436=1, 26820022=3, 11574222=2, 4146358=1, 6125714=1, 32248590=5, 12793413=3, 30387257=2, 25639769=3, 6123321=1, 10074316=2, 21643254=4, 3968549=2, 16731906=1, 21698123=3, 6577504=1, 32904610=4, 16654145=4, 32311522=3, 28037901=1, 29191711=1, 18217363=1, 31084064=1, 30229717=1, 10293166=3, 23135374=3, 2684247=1, 22610856=3, 25568617=4, 29581787=1, 9945643=1, 14161017=6, 17133312=1, 22978182=2, 4977403=1, 6947669=4, 23488107=1, 2528634=2, 2985992=2, 3237011=1, 30087903=3, 5336174=1, 31673246=1, 26889564=1, 5663981=1, 810026=1, 4889414=2, 23858330=5, 27549306=1, 17028231=1, 21465=1, 13199556=1, 7501898=1, 16683631=2, 29737449=1, 32873198=2, 29211959=2, 7178280=2, 28131564=1, 6406413=1, 10984061=2, 29541956=1, 2253673=1, 11043924=2, 3485530=3, 33213754=1, 32789346=1, 8354396=1, 28971348=4, 30592020=1, 4051275=1, 17143856=2, 24934751=1, 8239231=2, 1893425=1, 1234051=1, 22302707=1, 8236990=2, 17152734=2, 18575177=1, 9297059=1, 25919329=1, 29073847=2, 18007181=1, 21938033=2, 138524=4, 18130290=2, 25344399=2, 1769495=3, 27833692=2, 14680198=8, 24803179=1, 11949559=1, 21009443=2, 6197448=2, 21996473=2, 14071923=2, 21686376=1, 13850053=1, 10168794=3, 5651357=4, 31019589=1, 9397103=1, 4358326=2, 8779095=1, 4935522=1, 7640459=2, 4742573=1, 6389902=2, 7945843=3, 31222618=1, 15314768=2, 30452824=2, 25883821=1, 12149696=1, 27745170=1, 24087939=2, 3168957=1, 8404105=10, 32883436=1, 18027025=3, 22343717=1, 25045161=4, 29773238=1, 1751069=2, 15263631=1, 33504574=3, 33502193=3, 12288714=2, 12072566=6, 6926925=2, 2094347=1, 13725386=1, 1375609=1, 31918160=3, 27125776=1, 10960974=1, 22087149=3, 1548902=2, 9639286=3, 2929780=2, 12283926=1, 25455625=1, 30859812=1, 20404500=1, 8812012=1, 5175770=1, 19668707=5, 5121510=4, 12289858=2, 30200436=1, 4890702=2, 15991835=5, 16781835=11, 18409652=1, 9182370=5, 31382194=1, 26731139=1, 21640025=4, 16349268=1, 7176720=2, 15070864=1, 21750050=1, 9963547=6, 12900799=1, 527741=6, 1417509=2, 94405=1, 3071306=1, 27785668=1, 28617828=2, 9695176=1, 30299210=1, 25663962=2, 10645676=1, 7225277=4, 13816502=1, 11717941=1, 27817925=1, 733135=3, 10566102=3, 4447389=1, 21299617=3, 28734519=1, 33500888=3, 30904883=2, 1079500=1, 11995144=3, 5664276=1, 29135892=2, 1628443=1, 12448048=1, 24080404=1, 26273924=1, 24017340=1, 2362840=5, 11172817=1, 10473160=1, 6879198=1, 9133290=1, 14890370=3, 23571212=2, 22540854=1, 24676564=2, 3410268=5, 8330290=3, 23558747=1, 11317778=2, 29098930=5, 28951229=1, 16338149=1, 4943347=1, 25453682=1, 8159152=1, 3753964=1, 14716873=2, 29229652=4, 10210143=1, 2016804=1, 10359261=4, 22504372=1, 2352811=1, 2463658=2, 4792756=3, 30056267=2, 18423802=3, 18752074=4, 25508504=3, 14990455=2, 27464271=3, 817607=1, 28546637=2, 31116564=1, 877403=1, 15110186=2, 17673937=2, 21723635=1, 25466875=2, 570404=2, 31232228=2, 1216122=2, 2515008=1, 27001313=5, 22285765=5, 18480539=1, 19636306=2, 27288611=1, 29044946=3, 10616643=1, 8258713=4, 13632274=7, 24914959=5, 18792578=1, 33194727=2, 17123309=1, 28559674=1, 30375170=1, 16710278=1, 21608483=2, 21342239=2, 4224106=1, 2054929=1, 9975087=6, 5373984=4, 7700256=1, 7556541=1, 11326088=1, 54851=1, 11845005=2, 10905946=1, 4313241=1, 31106279=2, 14878828=3, 20800670=1, 30927814=1, 10519786=2, 16568224=1, 16042217=1, 29200409=2, 15935776=3, 20401114=1, 546296=1, 32790834=1, 126436=1, 25105148=3, 27215055=1, 16251722=1, 32385009=4, 24053856=3, 17499621=3, 17454413=1, 23307870=2, 20245285=1, 5958323=1, 27389138=1, 10471191=1, 32194499=3, 6210671=1, 666533=4, 14301186=4, 30721025=1, 18278607=1, 2602372=2, 23784571=1, 24989318=1, 29377894=1, 1535268=1, 4088153=1, 30944586=6, 11651669=1, 28929033=1, 22980420=2, 4877200=1, 7781652=2, 14907744=1, 30520482=2, 6183892=1, 611666=1, 26759012=1, 5049804=3, 24738245=1, 12449802=1, 7870633=6, 21651787=1, 21154198=1, 18868998=1, 19062806=1, 4121417=1, 26710955=2, 14931786=1, 4404463=3, 30637279=1, 29795546=2, 2373188=5, 31094965=1, 18518125=2, 2026665=1, 10828451=3, 21487396=1, 32869785=2, 23650035=1, 22405220=1, 3423114=5, 5753817=1, 27712400=1, 13170590=1, 24862406=1, 19977221=1, 33018695=1, 20058719=4, 28619139=2, 33476371=1, 22664744=1, 9701461=5, 26236556=1, 23616654=1, 7559188=1, 17682677=1, 32279088=2, 11497180=1, 604246=3, 30991345=1, 1018447=2, 17124687=1, 6387410=1, 2025824=1, 32557993=1, 6821165=6, 22784353=2, 26903683=2, 16642930=1, 17724753=1, 10233372=5, 32354302=2, 29216762=1, 27538449=5, 18450738=2, 30419707=7, 14620250=3, 33318713=1, 19969132=2, 32762401=1, 5722953=1, 515986=1, 28824314=1, 33311546=1, 15804712=3, 17057041=1, 17716158=1, 19524594=1, 29380630=1, 19551766=1, 25496182=3, 1087939=2, 12337299=1, 11557315=1, 6055334=1, 6632969=3, 24308858=1, 15597446=1, 31306414=2, 8721033=3, 3768523=2, 30157468=5, 5228232=1, 28448254=4, 10384875=1, 18707319=1, 22122456=2, 15004612=1, 32734703=1, 31440000=2, 29040693=3, 18261271=2, 9343722=2, 16408136=1, 1023609=2, 8583072=1, 14194762=2, 30296654=1, 3167653=1, 2407608=2, 28395211=1, 14786290=2, 8409133=1, 30925879=1, 21296852=1, 8264102=4, 8144356=1, 4318605=1, 20646801=3, 30605175=1, 2626664=6, 14309976=1, 29807029=1, 26804676=3, 21575905=3, 24705992=1, 7930974=3, 30656120=1, 12675863=1, 4100828=2, 1483869=2, 16223040=2, 18095002=5, 30414111=7, 2285664=1, 12419772=2, 1030818=2, 5651186=4, 3408196=5, 16832126=1, 27991469=3, 21440075=3, 29049290=1, 5509822=5, 15263199=1, 15079601=4, 31615167=1, 8942595=1, 19545535=4, 5445141=3, 9850632=1, 19752990=1, 20991686=1, 23539206=3, 15770353=2, 12491431=2, 14634303=1, 32573777=3, 11736714=3, 21439348=3, 26969940=2, 23165410=1, 32838432=3, 31564039=2, 3313830=2, 7890102=1, 29287331=1, 15510085=2, 1728964=1, 11862461=3, 21708593=3, 32300733=1, 30337530=1, 904292=1, 15582292=1, 8561452=2, 1611720=2, 13456977=1, 25652009=1, 29248868=1, 9402743=1, 15724754=1, 26015337=1, 12853629=5, 9637445=3, 2616903=1, 29303163=3, 26325963=2, 23835818=2, 23554730=1, 28406497=1, 2513030=1, 634208=2, 8919571=6, 25045058=4, 16528158=5, 18639160=1, 30843043=2, 29018559=1, 72257=3, 1394021=1, 24816088=2, 5256971=7, 18649055=2, 2616767=1, 10342890=1, 16305080=1, 852753=3, 16903472=1, 14015899=1, 27537952=5, 20764632=1, 3476725=3, 20654151=3, 26113058=1, 23617124=1, 31155506=1, 30135567=1, 8034407=2, 10514800=1, 13826954=1, 24270255=1, 29777574=1, 1204400=1, 13414654=2, 15548850=1, 1695017=1, 8481088=1, 28527309=1, 768150=2, 16632564=1, 19095553=1, 30971149=2, 26099735=1, 13595614=1, 17197584=1, 19351575=1, 15940390=3, 14600293=1, 7853026=1, 3678548=6, 29807360=1, 7912072=2, 1219063=2, 26942303=3, 28726889=1, 9791837=1, 13722016=1, 627760=2, 24839901=3, 19565924=2, 26734209=1, 16842797=3, 16579327=1, 31030500=1, 17944182=1, 22232106=3, 28078272=1, 25631188=3, 33471669=2, 9936213=2, 21754779=1, 16462484=3, 6649221=1, 2968834=1, 32675664=2, 17608295=2, 6826=15, 26195376=2, 32067185=1, 22964591=1, 5533308=1, 8645271=1, 17668445=2, 10119616=1, 16499323=1, 28125722=3, 7803136=3, 14120383=1, 20319301=4, 9070253=1, 25535699=2, 622545=1, 15123323=1, 10003632=2, 9772532=3, 26457731=2, 10284005=1, 11018058=6, 14625548=3, 2002780=2, 8036366=2, 148682=1, 15596472=1, 31400578=3, 23146480=3, 30856167=1, 18864353=1, 32959684=1, 1886362=1, 2554625=1, 92711=1, 11360213=1, 11216898=3, 7020410=3, 29537145=2, 17884178=1, 24056827=3, 1895340=1, 11113102=2, 21864777=2, 29473370=2, 13475607=2, 18847227=2, 27998672=3, 1732213=1, 7874458=6, 32530758=1, 32106532=1, 19328694=1, 12715733=4, 30982134=2, 21379050=4, 32709197=3, 24381587=5, 24361109=2, 30551795=4, 33447016=1, 18211148=1, 26054112=2, 20142560=1, 5287863=2, 9661864=1, 17217473=2, 19839642=2, 3761862=1, 10493835=8, 24405977=1, 30946322=6, 23640914=2, 3157966=7, 4050386=1, 7096664=1, 5954338=1, 8718802=3, 9827204=1, 350458=1, 10798074=1, 4435835=2, 742751=1, 18886951=8, 13999814=2, 6648420=1, 8747020=1, 3208157=1, 32787290=1, 24955303=1, 20939367=2, 9125529=3, 17225117=1, 2120955=1, 29596314=2, 32622010=1, 20570074=1, 4024445=1, 6941867=1, 32960589=1, 8507587=1, 6934952=1, 1074452=1, 23701167=2, 5808831=2, 1728517=1, 1063063=7, 4955522=2, 8507871=1, 436128=2, 7103523=1, 25398123=2, 15072245=1, 22190307=2, 33193211=1, 7439696=2, 4081541=1, 15219267=6, 10412440=1, 16110504=1, 17230231=1, 29819960=3, 2455932=1, 20583327=4, 9533814=1, 8595624=3, 19796906=4, 10422170=3, 5080547=2, 20852200=4, 22978158=2, 27990484=3, 31211468=5, 31779994=1, 6723205=2, 31182411=1, 26163878=3, 23151323=1, 9596163=1, 3104117=1, 21817304=1, 6760076=3, 15154=14, 4857423=4, 1045208=1, 9543696=2, 5423200=1, 4529919=3, 21681728=1, 7936216=3, 15579296=2, 26954251=1, 13403147=2, 25740949=1, 1963516=1, 30114251=2, 18492453=4, 18966187=1, 1692793=1, 29126131=1, 18962992=1, 25999881=2, 6412481=1, 23182842=2, 8065391=3, 15519843=1, 2897066=5, 3516540=2, 11473510=3, 27810812=1, 15161324=1, 32138569=1, 11905375=2, 9526845=1, 28614315=2, 26157525=3, 17554965=1, 10069417=2, 20250142=1, 33307627=5, 24975840=3, 11304246=1, 26423992=3, 2024642=1, 1615046=2, 3526384=1, 310730=2, 1757445=1, 30086303=3, 21399851=2, 7750507=1, 634081=2, 29417352=1, 15605278=4, 7380833=2, 4165642=2, 31055620=1, 21187408=1, 3223226=3, 31280636=1, 4738881=1, 32624782=1, 17742104=2, 6170398=4, 7175505=1, 32813950=2, 19525700=1, 22922549=1, 29958283=3, 963262=2, 22997369=1, 26249098=2, 2968787=1, 5228393=1, 2101638=8, 4758767=2, 14503754=1, 5378945=4, 2027927=1, 27530343=5, 13851209=1, 28413032=2, 30902736=2, 23242358=2, 24330162=3, 4032262=2, 17684801=1, 10368634=4, 27434773=2, 22877896=3, 32056398=3, 20501371=1, 11257605=1, 3219068=3, 19912066=1, 1297735=1, 24477230=1, 5084278=2, 12430508=2, 2626927=6, 27539489=5, 9470738=2, 21951714=1, 13138499=1, 12840175=1, 4930114=3, 17077986=2, 5467278=1, 31112766=2, 5214417=2, 6347459=1, 17726544=1, 31089380=1, 19103937=2, 33371184=3, 5188624=3, 4895027=2, 16934508=1, 5993597=1, 27099129=1, 12643348=1, 29946471=1, 19597593=3, 5826360=1, 16164508=2, 14865374=1, 8494934=2, 112469=2, 4569707=2, 15321421=1, 18555250=3, 32740393=2, 969896=1, 23212364=4, 8607768=1, 1008811=1, 20373833=1, 3996575=1, 20868845=1, 25812571=1, 8289257=1, 32962010=1, 1641703=3, 11332798=1, 30238581=1, 23022751=1, 16144677=1, 25077546=2, 28721771=1, 20531731=1, 2202886=2, 32069016=1, 2677343=1, 18242793=1, 24099716=2, 25390680=1, 27807968=1, 14756583=3, 18106010=1, 9277721=2, 10518962=2, 21907755=1, 9947013=1, 28936171=2, 32900393=4, 13818751=1, 6179628=1, 26924439=1, 32611478=2, 18605844=1, 25945027=1, 32707164=3, 17009707=2, 16504987=1, 1471709]3=2}>
	at org.apache.hadoop.hive.common.ndv.hll.TestHLLSerialization.testHLLSparseNoBitPacking(TestHLLSerialization.java:142)
]]></failure>
  </testcase>
  <testcase name="testHLLSparseNoBitPackingHalfDistinct[3]" classname="org.apache.hadoop.hive.common.ndv.hll.TestHLLSerialization" time="0.014">
    <failure message="expected:&lt;...Prime: 6 register: {[4977763=1, 347821=1, 17661587=1, 28875498=2, 14041983=1, 2296015=3, 5754508=1, 4866458=1, 25374223=3, 30458482=1, 11949039=1, 14418049=5, 16817643=2, 26371277=1, 19466333=3, 10409639=1, 11739532=3, 5598046=1, 12103933=2, 24349623=2, 26549182=3, 6411508=1, 32872638=2, 17376209=3, 19183394=2, 13204486=1, 11504357=2, 4092344=1, 16483609=2, 29774161=1, 2868969=1, 33077231=2, 15492104=1, 20457259=6, 19872312=3, 10388954=2, 16272132=1, 18984532=2, 29017635=1, 7484059=4, 25343602=2, 25795352=2, 9454186=1, 15431256=1, 12413126=1, 3186137=2, 10727588=2, 27084758=1, 19176454=2, 5740168=2, 27555550=1, 16827262=1, 26789100=1, 8715142=1, 9806441=2, 27666898=4, 19028573=1, 9602199=2, 9203677=1, 25985162=2, 28025468=2, 16443778=1, 14778622=2, 7365738=1, 14201973=2, 22092837=3, 14665837=1, 28505831=1, 24281916=2, 23148458=3, 1571379=1, 8563335=2, 25759910=3, 19498049=2, 15337393=4, 31857079=4, 22185766=2, 3706595=2, 30100982=1, 22654108=2, 24589923=3, 276213=5, 6612335=1, 24454262=3, 27170188=2, 9108989=1, 13429816=1, 8662=13, 22792096=1, 1884069=2, 28783039=3, 1289456=2, 20902874=1, 23053728=1, 5791538=1, 18987303=2, 23819431=1, 13413803=2, 16727343=3, 28943167=2, 22736529=1, 28235861=1, 26276195=1, 25288205=1, 2143153=2, 15864411=4, 21543075=2, 1892253=1, 28299184=1, 4120285=1, 633544=2, 8799909=1, 32272897=1, 18938452=1, 19507070=2, 3277046=4, 4565220=2, 19353532=1, 21476218=2, 19462732=1, 28246397=3, 29484596=1, 17088571=1, 21175039=3, 13931365=2, 3860538=1, 30038246=1, 23307703=2, 3027916=4, 32584230=3, 7428753=1, 20362950=2, 21272397=2, 8203389=3, 14901648=1, 32999760=2, 21199871=1, 22146134=1, 4140556=3, 9085272=2, 26789530=1, 16846706=3, 13046154=3, 26945891=3, 12199719=4, 16254931=6, 2792020=2, 11569212=2, 26379332=2, 27939821=1, 23898318=2, 13663556=1, 12701280=1, 6671982=1, 6287129=1, 17859736=2, 20234602=1, 10492545=8, 315883=1, 26733042=1, 12260709=3, 31718127=1, 2865604=2, 26947316=3, 23358319=1, 19246625=2, 16622601=2, 5971854=3, 12919407=3, 28740068=2, 20969327=1, 26313356=2, 25492663=1, 21537371=2, 14793574=2, 32545455=2, 1866078=1, 25974755=1, 13529742=1, 10640981=1, 5923758=1, 29702209=3, 13051755=3, 1835662=5, 8154695=1, 29410793=1, 17624703=1, 17490720=1, 19000634=1, 8753047=2, 16710281=1, 5059087=3, 2790377=2, 14389532=2, 27812481=1, 7863743=1, 3936736=5, 27454941=1, 25771275=3, 2889604=5, 27772031=1, 25270145=2, 16572619=1, 20450018=6, 14569716=1, 15158952=1, 22857124=1, 5813891=2, 6186326=1, 31336406=4, 17129908=1, 334181=3, 9061108=1, 22388758=2, 31941493=1, 26726904=1, 11185401=2, 26551362=3, 16609009=1, 495615=2, 20562489=1, 3010020=1, 31578983=1, 13299691=1, 11793246=1, 8119074=1, 19709959=1, 30140733=1, 2997052=2, 25604657=2, 5989981=1, 9916521=1, 1914801=3, 10879009=4, 28861691=1, 19737389=3, 3365706=1, 20941777=2, 16904527=1, 29683167=1, 14737668=1, 8604248=1, 16662385=4, 15219009=6, 16374482=1, 11568947=2, 12160070=2, 27288312=1, 4526222=3, 29673102=1, 534468=6, 11096547=1, 20174611=1, 19208194=3, 28400157=1, 29895499=6, 3238712=1, 11153300=4, 19083408=3, 18488009=4, 28474075=1, 5680476=2, 33434934=4, 23917073=1, 32315879=3, 10080602=1, 203290=3, 7635837=2, 6025315=1, 11802261=5, 790183=5, 26736940=1, 25883333=1, 28669251=1, 15976828=1, 17240880=3, 15179569=2, 3905049=2, 33342019=1, 28520727=3, 1893185=1, 672736=1, 30482857=3, 12198816=4, 32289619=2, 8249649=1, 17236027=3, 10098974=4, 31184804=1, 13069998=1, 8165977=2, 19540879=4, 17595255=1, 28833247=1, 30893179=1, 25711111=1, 7932822=3, 9815255=1, 10935370=1, 32928682=1, 21766747=5, 16019940=1, 27587289=1, 10825247=3, 31252924=1, 18635104=1, 19580935=1, 9182800=5, 15741376=7, 13637320=7, 6283277=1, 13728624=1, 8435527=2, 25654631=1, 21214531=2, 16480780=1, 4264350=3, 2131587=2, 8619990=2, 4138095=3, 13926130=1, 26954219=1, 22814926=5, 31585208=1, 6903361=1, 27885680=2, 10782621=2, 7465379=1, 8452050=1, 18669571=1, 4887496=2, 24604637=1, 33254110=1, 21138070=2, 9848558=1, 23690908=1, 11268457=1, 16137063=4, 3485961=3, 16796843=1, 22022043=7, 21392365=1, 23950632=1, 30578879=2, 28039490=1, 12901729=1, 12221580=1, 18006550=1, 7891463=1, 13419786=1, 9755203=1, 11842114=2, 26198487=1, 28994899=1, 17856697=1, 3390336=2, 11990907=1, 32539107=2, 831936=2, 31611366=1, 21320065=1, 14648257=2, 20448057=6, 15441602=2, 20464339=1, 3446915=2, 7826193=1, 5131803=1, 13160095=1, 26647300=2, 3528908=1, 9220035=2, 5556684=1, 31564171=2, 27224383=1, 16780673=11, 5704446=3, 26649064=2, 29525707=2, 16611618=1, 21424394=1, 9806322=2, 22924848=1, 1957603=1, 27400485=4, 10652299=2, 6327760=2, 14122614=1, 14234831=3, 12611796=1, 21305270=3, 5826386=1, 23861474=5, 9350531=2, 3552779=4, 25888556=3, 5871264=2, 21149216=2, 6984347=2, 19808333=1, 18894894=1, 32033626=1, 15216383=6, 30966317=2, 5454827=3, 29809988=1, 6425156=4, 7408747=3, 24678827=2, 3434548=1, 20158642=2, 23663882=3, 28147649=1, 25904766=1, 22199377=2, 15295510=1, 14326966=2, 10685787=3, 9834845=4, 8378199=1, 11758573=1, 25544914=1, 14231219=3, 17979387=1, 33417461=1, 778945=1, 23810866=1, 11259827=1, 15946938=1, 2375399=5, 3360039=1, 6292467=8, 21725365=2, 27167984=2, 31197358=5, 23983960=1, 16678311=1, 2894543=5, 8090708=1, 19618283=1, 507367=2, 31421927=1, 19936966=7, 15538445=3, 4314095=1, 18282678=1, 5689115=1, 12395880=3]}&gt; but was:&lt;...Prime: 6 register: {[3365706=1, 24281916=2, 31197358=5, 23950632=1, 20450018=6, 14326966=2, 15864411=4, 20234602=1, 18488009=4, 5454827=3, 12701280=1, 21320065=1, 9848558=1, 23810866=1, 20174611=1, 5598046=1, 31585208=1, 13413803=2, 5791538=1, 12260709=3, 15741376=7, 27555550=1, 26945891=3, 3552779=4, 9182800=5, 31857079=4, 10409639=1, 15431256=1, 16254931=6, 15441602=2, 14648257=2, 10879009=4, 29410793=1, 19208194=3, 27288312=1, 32272897=1, 28147649=1, 19737389=3, 12395880=3, 16622601=2, 8452050=1, 9815255=1, 31336406=4, 9108989=1, 23148458=3, 22388758=2, 26549182=3, 17859736=2, 12901729=1, 7826193=1, 33254110=1, 22857124=1, 30458482=1, 32539107=2, 21725365=2, 11949039=1, 4977763=1, 22736529=1, 2868969=1, 14231219=3, 12160070=2, 6425156=4, 14234831=3, 32584230=3, 22185766=2, 27772031=1, 20457259=6, 15976828=1, 6411508=1, 11568947=2, 8435527=2, 28740068=2, 26954219=1, 2889604=5, 5971854=3, 31718127=1, 20158642=2, 11739532=3, 1893185=1, 14901648=1, 14041983=1, 25795352=2, 8249649=1, 13419786=1, 8619990=2, 12103933=2, 7465379=1, 9602199=2, 13160095=1, 14569716=1, 9061108=1, 22146134=1, 16678311=1, 15158952=1, 5871264=2, 6327760=2, 30140733=1, 30100982=1, 3936736=5, 24604637=1, 3905049=2, 21424394=1, 19540879=4, 5826386=1, 23898318=2, 3027916=4, 5059087=3, 26371277=1, 8662=13, 6287129=1, 7484059=4, 21175039=3, 1957603=1, 9454186=1, 11802261=5, 13529742=1, 16780673=11, 22814926=5, 27454941=1, 19000634=1, 10652299=2, 1884069=2, 18894894=1, 11990907=1, 15337393=4, 8753047=2, 20448057=6, 25904766=1, 29809988=1, 28039490=1, 11259827=1, 17129908=1, 28474075=1, 28235861=1, 20969327=1, 3360039=1, 15492104=1, 11153300=4, 10935370=1, 16727343=3, 8203389=3, 14389532=2, 2375399=5, 1914801=3, 17236027=3, 5813891=2, 10492545=8, 24349623=2, 21199871=1, 27084758=1, 9755203=1, 15538445=3, 16572619=1, 6612335=1, 28246397=3, 25771275=3, 20902874=1, 26789530=1, 4565220=2, 3277046=4, 28669251=1, 9806322=2, 672736=1, 19498049=2, 26726904=1, 1835662=5, 2296015=3, 25374223=3, 2792020=2, 23917073=1, 9350531=2, 18282678=1, 16904527=1, 4314095=1, 22924848=1, 16846706=3, 2790377=2, 16827262=1, 32289619=2, 13299691=1, 23663882=3, 7863743=1, 20941777=2, 19808333=1, 18669571=1, 315883=1, 11758573=1, 6186326=1, 14665837=1, 33077231=2, 13728624=1, 22792096=1, 30893179=1, 26313356=2, 10685787=3, 11569212=2, 3860538=1, 16137063=4, 12198816=4, 21543075=2, 31578983=1, 19936966=7, 4264350=3, 3528908=1, 203290=3, 32872638=2, 14122614=1, 26733042=1, 23358319=1, 27885680=2, 633544=2, 7365738=1, 2143153=2, 4866458=1, 9220035=2, 32999760=2, 16609009=1, 16483609=2, 16710281=1, 10782621=2, 32033626=1, 31611366=1, 4138095=3, 27587289=1, 13204486=1, 831936=2, 10098974=4, 507367=2, 8799909=1, 28520727=3, 5556684=1, 18984532=2, 5689115=1, 2865604=2, 8090708=1, 3434548=1, 5754508=1, 30578879=2, 23053728=1, 7635837=2, 20562489=1, 23983960=1, 29017635=1, 21214531=2, 25604657=2, 11185401=2, 19466333=3, 13926130=1, 12413126=1, 12199719=4, 9834845=4, 23307703=2, 26947316=3, 23861474=5, 8715142=1, 6903361=1, 28833247=1, 19246625=2, 14778622=2, 23819431=1, 18987303=2, 17979387=1, 13069998=1, 15179569=2, 276213=5, 15216383=6, 24678827=2, 30038246=1, 33342019=1, 17088571=1, 29484596=1, 13931365=2, 25974755=1, 14201973=2, 25711111=1, 12221580=1, 22654108=2, 334181=3, 17661587=1, 17376209=3, 7428753=1, 27666898=4, 18938452=1, 27400485=4, 5131803=1, 17240880=3, 28505831=1, 2997052=2, 21392365=1, 21766747=5, 5740168=2, 33417461=1, 28943167=2, 31252924=1, 26551362=3, 16374482=1, 29774161=1, 1289456=2, 10825247=3, 28994899=1, 26647300=2, 11842114=2, 31421927=1, 28299184=1, 33434934=4, 16443778=1, 26789100=1, 4140556=3, 25288205=1, 17856697=1, 1866078=1, 1571379=1, 28400157=1, 8165977=2, 12611796=1, 19580935=1, 12919407=3, 25985162=2, 11268457=1, 25654631=1, 26379332=2, 16272132=1, 27224383=1, 4526222=3, 5680476=2, 13429816=1, 15219009=6, 8119074=1, 32315879=3, 6025315=1, 19183394=2, 3186137=2, 1892253=1, 2131587=2, 29683167=1, 8154695=1, 3010020=1, 8378199=1, 25343602=2, 25883333=1, 19507070=2, 30482857=3, 6984347=2, 18635104=1, 6292467=8, 778945=1, 13046154=3, 17624703=1, 27170188=2, 10640981=1, 15295510=1, 16480780=1, 31941493=1, 11096547=1, 27167984=2, 28025468=2, 20464339=1, 19083408=3, 19028573=1, 7408747=3, 6671982=1, 3706595=2, 347821=1, 31564171=2, 25544914=1, 28861691=1, 21138070=2, 5989981=1, 19709959=1, 29895499=6, 30966317=2, 22022043=7, 25270145=2, 14418049=5, 25759910=3, 25492663=1, 29525707=2, 10080602=1, 6283277=1, 9203677=1, 5704446=3, 22092837=3, 26198487=1, 32928682=1, 9806441=2, 20362950=2, 19176454=2, 21305270=3, 13663556=1, 14793574=2, 16019940=1, 534468=6, 27812481=1, 21537371=2, 21476218=2, 495615=2, 29673102=1, 19872312=3, 8563335=2, 3485961=3, 26276195=1, 21149216=2, 4092344=1, 19618283=1, 13637320=7, 2894543=5, 16611618=1, 11504357=2, 24589923=3, 25888556=3, 790183=5, 7932822=3, 27939821=1, 19462732=1, 11793246=1, 3446915=2, 4120285=1, 9085272=2, 4887496=2, 26736940=1, 21272397=2, 16662385=4, 19353532=1, 7891463=1, 22199377=2, 23690908=1, 24454262=3, 10388954=2, 17595255=1, 9916521=1, 28783039=3, 17490720=1, 29702209=3, 10727588=2, 26649064=2, 32545455=2, 16817643=2, 18006550=1, 14737668=1, 3238712=1, 28875498=2, 15946938=1, 13051755=3, 5923758=1, 8604248=1, 16796843=1, 3390336=2, 31184804=1]}&gt;" type="org.junit.ComparisonFailure"><![CDATA[org.junit.ComparisonFailure: expected:<...Prime: 6 register: {[4977763=1, 347821=1, 17661587=1, 28875498=2, 14041983=1, 2296015=3, 5754508=1, 4866458=1, 25374223=3, 30458482=1, 11949039=1, 14418049=5, 16817643=2, 26371277=1, 19466333=3, 10409639=1, 11739532=3, 5598046=1, 12103933=2, 24349623=2, 26549182=3, 6411508=1, 32872638=2, 17376209=3, 19183394=2, 13204486=1, 11504357=2, 4092344=1, 16483609=2, 29774161=1, 2868969=1, 33077231=2, 15492104=1, 20457259=6, 19872312=3, 10388954=2, 16272132=1, 18984532=2, 29017635=1, 7484059=4, 25343602=2, 25795352=2, 9454186=1, 15431256=1, 12413126=1, 3186137=2, 10727588=2, 27084758=1, 19176454=2, 5740168=2, 27555550=1, 16827262=1, 26789100=1, 8715142=1, 9806441=2, 27666898=4, 19028573=1, 9602199=2, 9203677=1, 25985162=2, 28025468=2, 16443778=1, 14778622=2, 7365738=1, 14201973=2, 22092837=3, 14665837=1, 28505831=1, 24281916=2, 23148458=3, 1571379=1, 8563335=2, 25759910=3, 19498049=2, 15337393=4, 31857079=4, 22185766=2, 3706595=2, 30100982=1, 22654108=2, 24589923=3, 276213=5, 6612335=1, 24454262=3, 27170188=2, 9108989=1, 13429816=1, 8662=13, 22792096=1, 1884069=2, 28783039=3, 1289456=2, 20902874=1, 23053728=1, 5791538=1, 18987303=2, 23819431=1, 13413803=2, 16727343=3, 28943167=2, 22736529=1, 28235861=1, 26276195=1, 25288205=1, 2143153=2, 15864411=4, 21543075=2, 1892253=1, 28299184=1, 4120285=1, 633544=2, 8799909=1, 32272897=1, 18938452=1, 19507070=2, 3277046=4, 4565220=2, 19353532=1, 21476218=2, 19462732=1, 28246397=3, 29484596=1, 17088571=1, 21175039=3, 13931365=2, 3860538=1, 30038246=1, 23307703=2, 3027916=4, 32584230=3, 7428753=1, 20362950=2, 21272397=2, 8203389=3, 14901648=1, 32999760=2, 21199871=1, 22146134=1, 4140556=3, 9085272=2, 26789530=1, 16846706=3, 13046154=3, 26945891=3, 12199719=4, 16254931=6, 2792020=2, 11569212=2, 26379332=2, 27939821=1, 23898318=2, 13663556=1, 12701280=1, 6671982=1, 6287129=1, 17859736=2, 20234602=1, 10492545=8, 315883=1, 26733042=1, 12260709=3, 31718127=1, 2865604=2, 26947316=3, 23358319=1, 19246625=2, 16622601=2, 5971854=3, 12919407=3, 28740068=2, 20969327=1, 26313356=2, 25492663=1, 21537371=2, 14793574=2, 32545455=2, 1866078=1, 25974755=1, 13529742=1, 10640981=1, 5923758=1, 29702209=3, 13051755=3, 1835662=5, 8154695=1, 29410793=1, 17624703=1, 17490720=1, 19000634=1, 8753047=2, 16710281=1, 5059087=3, 2790377=2, 14389532=2, 27812481=1, 7863743=1, 3936736=5, 27454941=1, 25771275=3, 2889604=5, 27772031=1, 25270145=2, 16572619=1, 20450018=6, 14569716=1, 15158952=1, 22857124=1, 5813891=2, 6186326=1, 31336406=4, 17129908=1, 334181=3, 9061108=1, 22388758=2, 31941493=1, 26726904=1, 11185401=2, 26551362=3, 16609009=1, 495615=2, 20562489=1, 3010020=1, 31578983=1, 13299691=1, 11793246=1, 8119074=1, 19709959=1, 30140733=1, 2997052=2, 25604657=2, 5989981=1, 9916521=1, 1914801=3, 10879009=4, 28861691=1, 19737389=3, 3365706=1, 20941777=2, 16904527=1, 29683167=1, 14737668=1, 8604248=1, 16662385=4, 15219009=6, 16374482=1, 11568947=2, 12160070=2, 27288312=1, 4526222=3, 29673102=1, 534468=6, 11096547=1, 20174611=1, 19208194=3, 28400157=1, 29895499=6, 3238712=1, 11153300=4, 19083408=3, 18488009=4, 28474075=1, 5680476=2, 33434934=4, 23917073=1, 32315879=3, 10080602=1, 203290=3, 7635837=2, 6025315=1, 11802261=5, 790183=5, 26736940=1, 25883333=1, 28669251=1, 15976828=1, 17240880=3, 15179569=2, 3905049=2, 33342019=1, 28520727=3, 1893185=1, 672736=1, 30482857=3, 12198816=4, 32289619=2, 8249649=1, 17236027=3, 10098974=4, 31184804=1, 13069998=1, 8165977=2, 19540879=4, 17595255=1, 28833247=1, 30893179=1, 25711111=1, 7932822=3, 9815255=1, 10935370=1, 32928682=1, 21766747=5, 16019940=1, 27587289=1, 10825247=3, 31252924=1, 18635104=1, 19580935=1, 9182800=5, 15741376=7, 13637320=7, 6283277=1, 13728624=1, 8435527=2, 25654631=1, 21214531=2, 16480780=1, 4264350=3, 2131587=2, 8619990=2, 4138095=3, 13926130=1, 26954219=1, 22814926=5, 31585208=1, 6903361=1, 27885680=2, 10782621=2, 7465379=1, 8452050=1, 18669571=1, 4887496=2, 24604637=1, 33254110=1, 21138070=2, 9848558=1, 23690908=1, 11268457=1, 16137063=4, 3485961=3, 16796843=1, 22022043=7, 21392365=1, 23950632=1, 30578879=2, 28039490=1, 12901729=1, 12221580=1, 18006550=1, 7891463=1, 13419786=1, 9755203=1, 11842114=2, 26198487=1, 28994899=1, 17856697=1, 3390336=2, 11990907=1, 32539107=2, 831936=2, 31611366=1, 21320065=1, 14648257=2, 20448057=6, 15441602=2, 20464339=1, 3446915=2, 7826193=1, 5131803=1, 13160095=1, 26647300=2, 3528908=1, 9220035=2, 5556684=1, 31564171=2, 27224383=1, 16780673=11, 5704446=3, 26649064=2, 29525707=2, 16611618=1, 21424394=1, 9806322=2, 22924848=1, 1957603=1, 27400485=4, 10652299=2, 6327760=2, 14122614=1, 14234831=3, 12611796=1, 21305270=3, 5826386=1, 23861474=5, 9350531=2, 3552779=4, 25888556=3, 5871264=2, 21149216=2, 6984347=2, 19808333=1, 18894894=1, 32033626=1, 15216383=6, 30966317=2, 5454827=3, 29809988=1, 6425156=4, 7408747=3, 24678827=2, 3434548=1, 20158642=2, 23663882=3, 28147649=1, 25904766=1, 22199377=2, 15295510=1, 14326966=2, 10685787=3, 9834845=4, 8378199=1, 11758573=1, 25544914=1, 14231219=3, 17979387=1, 33417461=1, 778945=1, 23810866=1, 11259827=1, 15946938=1, 2375399=5, 3360039=1, 6292467=8, 21725365=2, 27167984=2, 31197358=5, 23983960=1, 16678311=1, 2894543=5, 8090708=1, 19618283=1, 507367=2, 31421927=1, 19936966=7, 15538445=3, 4314095=1, 18282678=1, 5689115=1, 12395880=3]}> but was:<...Prime: 6 register: {[3365706=1, 24281916=2, 31197358=5, 23950632=1, 20450018=6, 14326966=2, 15864411=4, 20234602=1, 18488009=4, 5454827=3, 12701280=1, 21320065=1, 9848558=1, 23810866=1, 20174611=1, 5598046=1, 31585208=1, 13413803=2, 5791538=1, 12260709=3, 15741376=7, 27555550=1, 26945891=3, 3552779=4, 9182800=5, 31857079=4, 10409639=1, 15431256=1, 16254931=6, 15441602=2, 14648257=2, 10879009=4, 29410793=1, 19208194=3, 27288312=1, 32272897=1, 28147649=1, 19737389=3, 12395880=3, 16622601=2, 8452050=1, 9815255=1, 31336406=4, 9108989=1, 23148458=3, 22388758=2, 26549182=3, 17859736=2, 12901729=1, 7826193=1, 33254110=1, 22857124=1, 30458482=1, 32539107=2, 21725365=2, 11949039=1, 4977763=1, 22736529=1, 2868969=1, 14231219=3, 12160070=2, 6425156=4, 14234831=3, 32584230=3, 22185766=2, 27772031=1, 20457259=6, 15976828=1, 6411508=1, 11568947=2, 8435527=2, 28740068=2, 26954219=1, 2889604=5, 5971854=3, 31718127=1, 20158642=2, 11739532=3, 1893185=1, 14901648=1, 14041983=1, 25795352=2, 8249649=1, 13419786=1, 8619990=2, 12103933=2, 7465379=1, 9602199=2, 13160095=1, 14569716=1, 9061108=1, 22146134=1, 16678311=1, 15158952=1, 5871264=2, 6327760=2, 30140733=1, 30100982=1, 3936736=5, 24604637=1, 3905049=2, 21424394=1, 19540879=4, 5826386=1, 23898318=2, 3027916=4, 5059087=3, 26371277=1, 8662=13, 6287129=1, 7484059=4, 21175039=3, 1957603=1, 9454186=1, 11802261=5, 13529742=1, 16780673=11, 22814926=5, 27454941=1, 19000634=1, 10652299=2, 1884069=2, 18894894=1, 11990907=1, 15337393=4, 8753047=2, 20448057=6, 25904766=1, 29809988=1, 28039490=1, 11259827=1, 17129908=1, 28474075=1, 28235861=1, 20969327=1, 3360039=1, 15492104=1, 11153300=4, 10935370=1, 16727343=3, 8203389=3, 14389532=2, 2375399=5, 1914801=3, 17236027=3, 5813891=2, 10492545=8, 24349623=2, 21199871=1, 27084758=1, 9755203=1, 15538445=3, 16572619=1, 6612335=1, 28246397=3, 25771275=3, 20902874=1, 26789530=1, 4565220=2, 3277046=4, 28669251=1, 9806322=2, 672736=1, 19498049=2, 26726904=1, 1835662=5, 2296015=3, 25374223=3, 2792020=2, 23917073=1, 9350531=2, 18282678=1, 16904527=1, 4314095=1, 22924848=1, 16846706=3, 2790377=2, 16827262=1, 32289619=2, 13299691=1, 23663882=3, 7863743=1, 20941777=2, 19808333=1, 18669571=1, 315883=1, 11758573=1, 6186326=1, 14665837=1, 33077231=2, 13728624=1, 22792096=1, 30893179=1, 26313356=2, 10685787=3, 11569212=2, 3860538=1, 16137063=4, 12198816=4, 21543075=2, 31578983=1, 19936966=7, 4264350=3, 3528908=1, 203290=3, 32872638=2, 14122614=1, 26733042=1, 23358319=1, 27885680=2, 633544=2, 7365738=1, 2143153=2, 4866458=1, 9220035=2, 32999760=2, 16609009=1, 16483609=2, 16710281=1, 10782621=2, 32033626=1, 31611366=1, 4138095=3, 27587289=1, 13204486=1, 831936=2, 10098974=4, 507367=2, 8799909=1, 28520727=3, 5556684=1, 18984532=2, 5689115=1, 2865604=2, 8090708=1, 3434548=1, 5754508=1, 30578879=2, 23053728=1, 7635837=2, 20562489=1, 23983960=1, 29017635=1, 21214531=2, 25604657=2, 11185401=2, 19466333=3, 13926130=1, 12413126=1, 12199719=4, 9834845=4, 23307703=2, 26947316=3, 23861474=5, 8715142=1, 6903361=1, 28833247=1, 19246625=2, 14778622=2, 23819431=1, 18987303=2, 17979387=1, 13069998=1, 15179569=2, 276213=5, 15216383=6, 24678827=2, 30038246=1, 33342019=1, 17088571=1, 29484596=1, 13931365=2, 25974755=1, 14201973=2, 25711111=1, 12221580=1, 22654108=2, 334181=3, 17661587=1, 17376209=3, 7428753=1, 27666898=4, 18938452=1, 27400485=4, 5131803=1, 17240880=3, 28505831=1, 2997052=2, 21392365=1, 21766747=5, 5740168=2, 33417461=1, 28943167=2, 31252924=1, 26551362=3, 16374482=1, 29774161=1, 1289456=2, 10825247=3, 28994899=1, 26647300=2, 11842114=2, 31421927=1, 28299184=1, 33434934=4, 16443778=1, 26789100=1, 4140556=3, 25288205=1, 17856697=1, 1866078=1, 1571379=1, 28400157=1, 8165977=2, 12611796=1, 19580935=1, 12919407=3, 25985162=2, 11268457=1, 25654631=1, 26379332=2, 16272132=1, 27224383=1, 4526222=3, 5680476=2, 13429816=1, 15219009=6, 8119074=1, 32315879=3, 6025315=1, 19183394=2, 3186137=2, 1892253=1, 2131587=2, 29683167=1, 8154695=1, 3010020=1, 8378199=1, 25343602=2, 25883333=1, 19507070=2, 30482857=3, 6984347=2, 18635104=1, 6292467=8, 778945=1, 13046154=3, 17624703=1, 27170188=2, 10640981=1, 15295510=1, 16480780=1, 31941493=1, 11096547=1, 27167984=2, 28025468=2, 20464339=1, 19083408=3, 19028573=1, 7408747=3, 6671982=1, 3706595=2, 347821=1, 31564171=2, 25544914=1, 28861691=1, 21138070=2, 5989981=1, 19709959=1, 29895499=6, 30966317=2, 22022043=7, 25270145=2, 14418049=5, 25759910=3, 25492663=1, 29525707=2, 10080602=1, 6283277=1, 9203677=1, 5704446=3, 22092837=3, 26198487=1, 32928682=1, 9806441=2, 20362950=2, 19176454=2, 21305270=3, 13663556=1, 14793574=2, 16019940=1, 534468=6, 27812481=1, 21537371=2, 21476218=2, 495615=2, 29673102=1, 19872312=3, 8563335=2, 3485961=3, 26276195=1, 21149216=2, 4092344=1, 19618283=1, 13637320=7, 2894543=5, 16611618=1, 11504357=2, 24589923=3, 25888556=3, 790183=5, 7932822=3, 27939821=1, 19462732=1, 11793246=1, 3446915=2, 4120285=1, 9085272=2, 4887496=2, 26736940=1, 21272397=2, 16662385=4, 19353532=1, 7891463=1, 22199377=2, 23690908=1, 24454262=3, 10388954=2, 17595255=1, 9916521=1, 28783039=3, 17490720=1, 29702209=3, 10727588=2, 26649064=2, 32545455=2, 16817643=2, 18006550=1, 14737668=1, 3238712=1, 28875498=2, 15946938=1, 13051755=3, 5923758=1, 8604248=1, 16796843=1, 3390336=2, 31184804=1]}>
	at org.apache.hadoop.hive.common.ndv.hll.TestHLLSerialization.testHLLSparseNoBitPackingHalfDistinct(TestHLLSerialization.java:168)
]]></failure>
  </testcase>
  <testcase name="testHLLDenseNoBitPackingHalfDistinct[4]" classname="org.apache.hadoop.hive.common.ndv.hll.TestHLLSerialization" time="0.075"/>
  <testcase name="testHLLDenseNoBitPacking[4]" classname="org.apache.hadoop.hive.common.ndv.hll.TestHLLSerialization" time="0.067"/>
  <testcase name="testHLLSparseSerialization[4]" classname="org.apache.hadoop.hive.common.ndv.hll.TestHLLSerialization" time="0.075">
    <failure message="expected:&lt;...Prime: 6 register: {[17429340=1, 11862461=3, 2985992=2, 3548042=4, 14878828=3, 8779095=1, 31232228=2, 1615046=2, 11467391=1, 7544616=3, 6239148=3, 10845816=1, 2929780=2, 32279088=2, 30568677=1, 10944937=3, 18748199=4, 2470827=2, 9167597=1, 9402743=1, 7968299=2, 11257605=1, 29111646=5, 14625548=3, 24821217=2, 1450506=4, 13570265=3, 316432=1, 5679058=2, 9639286=3, 12617835=2, 27215055=1, 2298506=3, 28971348=4, 148682=1, 30904883=2, 7183334=2, 32638304=4, 12187391=1, 32873198=2, 11736714=3, 11304246=1, 32869785=2, 30760837=1, 18518125=2, 6159846=1, 17057041=1, 28778407=3, 19839642=2, 6347527=1, 22978182=2, 31615167=1, 9373943=3, 14890370=3, 1458059=4, 30135567=1, 3074715=1, 11028113=1, 7067134=1, 32764861=1, 15110186=2, 21817304=1, 7781652=2, 22504372=1, 16353976=2, 3167653=1, 4877628=1, 12202472=4, 21588949=1, 29200409=2, 1417509=2, 4404463=3, 25064902=1, 20764632=1, 10391233=2, 23099923=1, 30445097=2, 25789997=2, 15991835=5, 3761862=1, 15321421=1, 11018058=6, 25652009=1, 21608483=2, 15935776=3, 5934762=2, 23146480=3, 29018559=1, 17416084=2, 17742104=2, 5445141=3, 2677343=1, 22738333=1, 19454218=1, 31631524=2, 30227076=3, 31673246=1, 31501853=2, 32069016=1, 16399301=4, 3208157=1, 9827204=1, 17673937=2, 14591385=2, 570404=2, 23123742=1, 9572038=4, 15548850=1, 19636306=2, 15471409=5, 29122749=1, 31084064=1, 23796715=3, 7081090=5, 6081060=1, 26031265=3, 19856005=1, 12643348=1, 12448048=1, 5765894=1, 19095553=1, 10471191=1, 158177=1, 33043087=6, 22310988=1, 25825003=4, 30200436=1, 30419707=7, 21166641=1, 12338860=1, 30375170=1, 28936171=2, 6406413=1, 10664607=2, 9936213=2, 30238581=1, 8353710=1, 26662198=1, 19969132=2, 31222618=1, 22784353=2, 8940105=1, 5228232=1, 25233124=3, 19977221=1, 19560589=1, 18649055=2, 11584477=1, 13759192=1, 15724754=1, 25568617=4, 4088153=1, 30991345=1, 17716158=1, 16676737=1, 18920618=2, 2564098=3, 12018302=1, 25100984=3, 24955303=1, 1538196=1, 28121944=3, 4955522=2, 30062841=2, 18650261=2, 7713539=2, 1282632=2, 23539206=3, 26309795=1, 21878537=1, 30056267=2, 23242358=2, 23862909=5, 12840175=1, 19103937=2, 30551795=4, 15079601=4, 8039895=2, 20991686=1, 23681647=1, 12149696=1, 30956050=1, 14865374=1, 20435598=1, 13328795=1, 16392464=4, 13194053=1, 29581787=1, 1548902=2, 33507057=1, 31106279=2, 9125529=3, 6341173=1, 23616654=1, 30925879=1, 22087149=3, 5139404=1, 21681728=1, 31389579=1, 14931786=1, 33502193=3, 29211959=2, 28084482=2, 27772246=1, 14680198=8, 4804026=1, 12313352=1, 8583072=1, 27605680=3, 26195376=2, 25535699=2, 26236556=1, 18868998=1, 19565924=2, 10684501=3, 27538449=5, 21448512=1, 1375609=1, 32969858=3, 21686376=1, 18752074=4, 16152111=1, 54851=1, 12053444=1, 27516056=1, 14425396=5, 14458128=2, 4032262=2, 17367685=3, 17725430=1, 27297291=2, 32709197=3, 6309469=1, 1074452=1, 17147452=2, 31182411=1, 25535613=2, 817607=1, 12443016=1, 21059289=1, 3968549=2, 29214401=1, 31211468=5, 21544151=2, 22206911=1, 19902744=2, 23165410=1, 31038419=2, 9428197=1, 18792578=1, 32959684=1, 27221699=1, 33209575=2, 9865813=2, 27464271=3, 21009443=2, 26054112=2, 26820022=3, 2225320=1, 2396194=2, 8541592=1, 31280636=1, 26579350=2, 2330492=2, 32196116=1, 23571212=2, 16618793=2, 126436=1, 22186744=2, 16750118=2, 30982134=2, 12968951=1, 31564039=2, 25533230=2, 29946471=1, 20646801=3, 4081541=1, 1069861=1, 30729871=1, 15490813=1, 14314800=1, 8507587=1, 27452746=1, 4146358=1, 11043924=2, 6170398=4, 17448205=4, 9661864=1, 18450738=2, 19525700=1, 627760=2, 7700256=1, 7000658=1, 32056398=3, 28801414=1, 10784688=2, 4940024=1, 9815165=1, 32442824=3, 8264102=4, 33213754=1, 5663981=1, 15161324=1, 8167580=2, 28039534=1, 29596314=2, 1243695=1, 5028650=2, 23988839=4, 13826954=1, 22922549=1, 23050561=2, 22344654=1, 26163878=3, 6648420=1, 1030818=2, 31282946=1, 7176720=2, 33221347=1, 24047436=1, 11711953=2, 12054184=1, 16781835=11, 3941675=5, 5378945=4, 10293166=3, 4569707=2, 32530758=1, 19752445=1, 6890377=3, 21750050=1, 11959373=1, 3408196=5, 2626664=6, 6161611=4, 25919329=1, 14171279=6, 32430738=1, 5020714=2, 30016867=4, 23763974=2, 29511810=1, 8561452=2, 7890102=1, 1728517=1, 1893576=1, 26157525=3, 28029746=2, 6205245=2, 8699990=1, 15770353=2, 4130141=3, 32380956=4, 28332384=1, 21265124=1, 30296654=1, 1018447=2, 3397209=1, 5256971=7, 18555250=3, 4751921=2, 31306414=2, 22595562=1, 33311546=1, 6639826=1, 27833692=2, 27745170=1, 31403477=3, 19680505=1, 28929065=1, 24989318=1, 11656800=1, 1732213=1, 634208=2, 17145069=2, 20681045=2, 3485530=3, 31391898=3, 26903545=2, 26319311=2, 6179628=1, 13632274=7, 21440075=3, 7559188=1, 18106010=1, 12430508=2, 11574222=2, 26891383=1, 22306609=1, 31400578=3, 31226927=1, 14162281=6, 28350298=2, 21752132=1, 877403=1, 26991233=1, 11761580=1, 14237780=1, 17772124=3, 6649221=1, 31790144=3, 16668194=1, 9850632=1, 24947834=2, 32838432=3, 18217363=1, 11717941=1, 24107881=1, 25236222=3, 23666960=3, 92711=1, 18068841=2, 12289858=2, 28706831=4, 7930974=3, 25647601=1, 33504574=3, 2684247=1, 1290114=2, 24381587=5, 20531731=1, 29049290=1, 3104117=1, 22978158=2, 7072138=1, 31671387=1, 9442202=7, 22842216=2, 30114251=2, 12436640=1, 22405220=1, 6651564=1, 15970716=2, 8492274=2, 30504174=1, 13728780=1, 15396722=1, 6807941=1, 3237011=1, 1872558=2, 26804676=3, 7160402=1, 16717233=3, 4051275=1, 17173279=4, 25077546=2, 2633065=6, 30157468=5, 14620250=3, 28433071=1, 30520482=2, 9975087=6, 3071306=1, 28406497=1, 13383091=5, 20329519=4, 2016804=1, 7735322=4, 11864917=3, 14907744=1, 15385910=1, 26423992=3, 27599815=3, 3439235=1, 25386759=1, 32300733=1, 19695492=2, 436128=2, 29377894=1, 13638276=7, 28031784=2, 19041113=2, 20927355=1, 26750987=6, 26925592=1, 719926=1, 9526845=1, 29050046=1, 27389138=1, 20929000=1, 27927773=4, 10611241=1, 9945643=1, 8789604=4, 19136812=5, 19631662=2, 17941474=1, 7678462=3, 14503754=1, 12425050=2, 17064687=1, 15804712=3, 2975568=1, 1008811=1, 23858330=5, 17479986=2, 19524594=1, 2503229=4, 7175505=1, 10074316=2, 19515549=1, 24974824=3, 7945843=3, 26858922=1, 1535268=1, 7271009=1, 28994305=1, 604246=3, 27648126=1, 19064508=1, 28225464=2, 4968539=1, 32138569=1, 27867077=3, 33012350=2, 33371184=3, 25619461=1, 10984061=2, 10514800=1, 17873613=2, 7410281=3, 32624782=1, 14194762=2, 23558747=1, 4576954=1, 4447389=1, 26767401=1, 31265414=3, 2133615=2, 970785=1, 20839726=1, 15126457=1, 16164508=2, 19727900=3, 5175770=1, 12491431=2, 16568224=1, 2515008=1, 4100828=2, 10281588=1, 31112766=2, 19186058=1, 16955149=2, 17684801=1, 21590138=1, 23135374=3, 15448929=2, 23379377=2, 14309976=1, 3362945=1, 2262295=2, 14172302=1, 8374477=1, 9634756=3, 9701461=5, 31402540=3, 30962817=1, 17526957=1, 17090498=1, 2734329=2, 2407608=2, 27977205=1, 25480479=1, 32474311=2, 15004612=1, 10493835=8, 6412481=1, 11777783=2, 32258190=5, 2336927=2, 15915173=1, 26127165=2, 27125776=1, 5336174=1, 3908427=2, 23147982=3, 31163914=2, 11405540=4, 33390647=2, 94405=1, 10233372=5, 25639769=3, 28693297=1, 8722174=3, 23385833=1, 5702201=3, 16528158=5, 7103523=1, 24056827=3, 13288755=1, 6577504=1, 12751849=2, 4435835=2, 25982412=1, 14792033=2, 24910051=5, 3953169=1, 3501179=1, 30636601=1, 11360213=1, 11326088=1, 30387257=2, 6370027=3, 8034407=2, 21938033=2, 9070253=1, 14071190=2, 24187171=3, 10652851=2, 1574203=6, 12675863=1, 8199412=3, 7556541=1, 6603853=1, 31793815=3, 17454413=1, 6879198=1, 6821165=6, 23022751=1, 21892762=4, 1641703=3, 20501371=1, 5440803=3, 28179256=1, 6723205=2, 16710278=1, 26249098=2, 5816253=2, 3566445=1, 22156321=4, 18840916=1, 2616903=1, 13816502=1, 969896=1, 25124702=1, 30927814=1, 22799691=1, 13784271=1, 21996473=2, 19186928=1, 20194914=5, 33258519=1, 19361480=1, 7218256=4, 10026595=1, 7936216=3, 17944182=1, 25764816=3, 2850648=1, 5826360=1, 29532852=2, 21951714=1, 18962992=1, 23180425=2, 8272860=4, 5958323=1, 28130716=3, 3396676=1, 32293972=1, 24816088=2, 15510085=2, 9277721=2, 18409652=1, 15263631=1, 21401887=2, 17856550=1, 29737449=1, 17028231=1, 6347459=1, 1216122=2, 7867465=6, 25663962=2, 17832326=7, 7433167=1, 9470738=2, 10990918=2, 1394021=1, 6702204=1, 19610172=3, 32762401=1, 28191148=4, 27001313=5, 5764317=1, 10519786=2, 3526384=1, 4758767=2, 29756230=4, 24934751=1, 18027025=3, 16144677=1, 27810812=1, 22343717=1, 17307359=6, 20750768=2, 16336315=1, 7894985=1, 2120955=1, 30032247=1, 7870633=6, 9133290=1, 16114904=1, 20392578=3, 21465=1, 8919571=6, 28824314=1, 6300292=8, 31994610=6, 24053856=3, 20623179=2, 608084=1, 6210671=1, 7093584=5, 26667930=1, 21307041=3, 31119171=1, 23784372=1, 28721771=1, 1483869=2, 3410268=5, 22980420=2, 1208337=1, 11497180=1, 25631188=3, 25736695=2, 12419772=2, 10820833=3, 26936154=3, 26460462=1, 4688310=2, 23348623=1, 282229=1, 22545453=6, 26232854=1, 2528634=2, 31382194=1, 29291849=1, 25496182=3, 28156488=2, 26029005=3, 19137484=5, 3996575=1, 28923024=1, 2616767=1, 5664276=1, 29970396=1, 7231968=1, 30278935=4, 5596626=1, 16042217=1, 11595384=1, 28327095=7, 33310158=1, 9637445=3, 10566102=3, 30062899=2, 6123321=1, 17518850=1, 18211148=1, 33327719=2, 8595624=3, 30465129=1, 17190855=1, 8607768=1, 11780493=1, 4889414=2, 19328694=1, 30843043=2, 29040693=3, 27074852=3, 16779410=11, 515986=1, 9458902=1, 8507871=1, 5926298=1, 23617124=1, 16582578=3, 3838693=2, 29073847=2, 29845859=1, 22140741=1, 29380630=1, 29819960=3, 30228183=3, 3258571=2, 21708593=3, 33193211=1, 22301494=1, 16632564=1, 25845217=1, 3157966=7, 7750507=1, 22664744=1, 20608619=1, 8890535=2, 11820500=1, 32714059=3, 30463813=1, 17124687=1, 31093056=1, 10281121=1, 25453682=1, 21772491=5, 17230231=1, 5808831=2, 11216898=3, 2054929=1, 765540=2, 29417352=1, 25976294=1, 31055620=1, 7552575=3, 10119616=1, 988024=3, 18864687=1, 8718802=3, 9109283=1, 9872608=2, 25398123=2, 32617343=2, 20153873=2, 18731621=1, 4742573=1, 12031288=2, 169449=2, 4510232=1, 25883821=1, 818020=1, 25757081=3, 14258863=2, 20135697=3, 323304=1, 29229652=4, 29541956=1, 1037620=1, 9772532=3, 17946023=1, 7967665=2, 23212364=4, 30656120=1, 21864777=2, 9596163=1, 1769495=3, 5229701=1, 26113058=1, 19421628=1, 5640277=4, 2520131=1, 546296=1, 438659=2, 26415417=3, 30837173=2, 31901805=1, 29098930=5, 8236990=2, 21439348=3, 27592852=3, 13258888=1, 15844371=1, 23864196=5, 6832558=1, 13403147=2, 4993283=5, 4474167=1, 21299617=3, 3516540=2, 2286422=1, 21907755=1, 8264064=4, 27406294=4, 16223040=2, 32900393=4, 14716873=2, 13456977=1, 17217473=2, 29303163=3, 11317778=2, 23847458=1, 15579296=2, 5903446=4, 16462484=3, 32426311=1, 19912066=1, 18011390=1, 1079500=1, 15289994=1, 12848851=5, 12428580=2, 5467278=1, 22285765=5, 21113596=4, 10645676=1, 1793469=1, 24487380=2, 26457333=2, 32752259=1, 13370159=5, 16349268=1, 25362470=3, 5753817=1, 28925221=1, 32904546=4, 16251722=1, 13170590=1, 32506447=7, 21154198=1, 2968787=1, 23498864=2, 1394506=1, 32354302=2, 5938479=2, 27539489=5, 16903472=1, 5646205=4, 12070633=6, 24682724=2, 31030500=1, 14036765=4, 25344399=2, 8578165=1, 31863209=4, 10422170=3, 7943841=3, 13566404=3, 1628443=1, 28323492=7, 20654151=3, 25446573=1, 13921691=1, 27712400=1, 22612943=3, 7247402=2, 9182370=5, 9058591=4, 13414654=2, 14203209=2, 26084666=4, 20058719=4, 23650035=1, 2843906=1, 25499915=3, 16305080=1, 29777574=1, 5755682=1, 8065391=3, 21687697=1, 14918328=2, 27113071=2, 32813950=2, 27537952=5, 733135=3, 26095581=4, 22225036=3, 28945059=2, 22948469=4, 24491913=2, 29630955=5, 18101876=5, 13644266=7, 31049025=1, 30141476=1, 891463=2, 18985094=2, 2285664=1, 13400002=1, 10368634=4, 30825073=1, 17133312=1, 23100014=1, 17670014=2, 21296852=1, 8159152=1, 7439696=2, 9617058=2, 29260618=1, 24022788=2, 19982944=1, 2040907=3, 29473370=2, 10439519=1, 14528372=2, 28617828=2, 4032533=2, 6707015=1, 20838361=1, 17355782=1, 32185315=3, 14161017=6, 18242793=1, 9301378=1, 13831187=3, 30103331=1, 11624110=1, 19560842=1, 1715414=4, 9651043=1, 18937358=1, 4779982=1, 4890702=2, 6826=15, 622545=1, 8239231=2, 13896629=5, 4165642=2, 16117685=1, 26903683=2, 20372539=1, 32790834=1, 16832126=1, 31375338=2, 12241262=1, 6170338=4, 7219068=4, 24405977=1, 22039648=1, 10342890=1, 14993489=1, 9971153=6, 24464231=1, 4313241=1, 30349725=3, 843300=1, 14306718=1, 12462510=4, 8484516=1, 15519843=1, 30226465=3, 23078140=8, 24867940=1, 2202886=2, 33209711=2, 9874583=2, 19668707=5, 19407032=6, 19129640=1, 28541778=2, 25902357=3, 27990484=3, 22610856=3, 10060349=2, 12508543=1, 29668652=2, 30671521=5, 8877237=1, 19462672=1, 14933500=1, 9443174=7, 29845658=1, 27807968=1, 17143856=2, 3347824=3, 2776=13, 29783191=1, 17195755=1, 6150584=1, 18140258=1, 23104249=2, 10723546=2, 1234051=1, 3731136=1, 17122799=1, 4121417=1, 18095002=5, 24387027=5, 18886951=8, 28726889=1, 8907775=1, 27269094=8, 17726544=1, 12793413=3, 19351575=1, 18266881=2, 14906493=1, 25045161=4, 27360331=1, 4930114=3, 14047830=1, 5651357=4, 32573777=3, 12607526=1, 32111708=1, 13160495=1, 28754679=1, 17157081=1, 6415850=1, 22163068=4, 22877896=3, 25546485=1, 8124509=1, 6389902=2, 12283926=1, 3547234=4, 2253673=1, 14756583=3, 8451832=1, 30605175=1, 26871904=4, 32106532=1, 527741=6, 17521430=1, 18007181=1, 768150=2, 24581201=3, 26869487=1, 18962614=1, 26942303=3, 16531347=5, 16794072=1, 28125722=3, 32675664=2, 29773238=1, 13819955=1, 22964591=1, 8481088=1, 5084278=2, 17554965=1, 8812012=1, 9397103=1, 32433550=1, 28486721=2, 19062806=1, 33434770=4, 7178280=2, 31195178=5, 20564858=1, 25442631=5, 23010736=3, 4485143=1, 6387410=1, 17206484=2, 9543696=2, 30637279=1, 18384652=2, 16305834=1, 3697466=1, 11978298=1, 30962412=1, 7292402=1, 22900234=1, 20177800=1, 12900799=1, 13038510=1, 1837392=5, 23701167=2, 19796906=4, 16763006=1, 4895027=2, 28448254=4, 18423802=3, 8211344=1, 19315308=2, 21643254=4, 31918160=3, 15016636=3, 24270255=1, 28527309=1, 22570425=1, 33236885=3, 835415=2, 7358664=1, 7054630=2, 31642313=1, 16504987=1, 15618527=1, 32789346=1, 29170119=3, 350458=1, 28131564=1, 22989862=1, 22953289=4, 5423200=1, 21872017=2, 10343475=1, 18261271=2, 7399740=1, 29216430=1, 26734209=1, 26759012=1, 2352811=1, 14618960=3, 12254986=1, 17077986=2, 4465497=5, 18294419=3, 18966187=1, 4857423=4, 13850053=1, 2002780=2, 23144230=3, 24676564=2, 10003632=2, 8989994=3, 17122501=1, 1751069=2, 20369121=1, 2026665=1, 30944586=6, 20579051=4, 28559674=1, 23182842=2, 27318579=1, 29216762=1, 20401114=1, 4877200=1, 9297059=1, 1883166=2, 3313830=2, 20799803=1, 22737936=1, 14889640=3, 15596472=1, 7403497=1, 23605590=6, 26999402=1, 14717093=2, 27948854=1, 26776100=2, 32299714=1, 10616643=1, 15414013=3, 29851190=1, 33194727=2, 634081=2, 4166054=2, 26924439=1, 18911831=2, 14501641=1, 7437837=1, 32960589=1, 18847227=2, 8144356=1, 8258713=4, 23904207=2, 22305622=1, 9352662=2, 1611720=2, 3351802=3, 1893425=1, 4935522=1, 24206419=1, 5049804=3, 23661545=3, 1692793=1, 1115685=3, 22232106=3, 32904610=4, 25945027=1, 21888796=1, 6784440=2, 32557993=1, 25802749=2, 5993597=1, 12337299=1, 3423114=5, 3771714=2, 23488107=1, 30971149=2, 3168957=1, 12875033=1, 14786290=2, 29795546=2, 10384875=1, 27998672=3, 20142560=1, 18639160=1, 3987571=1, 5039946=1, 486647=1, 11172817=1, 11845005=2, 18744390=4, 21575905=3, 4457683=5, 9343722=2, 17009707=2, 5228393=1, 25999881=2, 12072521=6, 12853629=5, 30299210=1, 10192726=2, 5287863=2, 30546123=4, 32855726=1, 13851209=1, 9947013=1, 21302110=3, 11651669=1, 2025824=1, 7775225=2, 20739623=1, 3768523=2, 6632969=3, 23616193=1, 2049169=1, 15154=14, 6183892=1, 20875135=2, 4049224=1, 4318605=1, 30452824=2, 18177691=1, 32385009=4, 16789638=11, 852753=3, 7912072=2, 2455932=1, 1169941=1, 33476371=1, 5756194=1, 16683631=2, 23245556=2, 28614315=2, 15123323=1, 138524=4, 6828068=6, 31936145=1, 1757445=1, 28024438=2, 13542035=2, 1023609=2, 27288611=1, 8543646=1, 310730=2, 12721894=4, 611666=1, 30721025=1, 18575177=1, 24087939=2, 30087903=3, 13999814=2, 21723635=1, 1530503=1, 5813868=2, 32787290=1, 24373539=1, 33295415=5, 32777005=5, 6055334=1, 18634725=1, 31118542=1, 24702641=1, 25390680=1, 28083908=2, 24017340=1, 27657226=4, 3405402=1, 25508504=3, 24308858=1, 5930615=1, 30636530=1, 18710405=1, 21187408=1, 30337530=1, 24474089=1, 27285726=1, 31265060=3, 16579327=1, 7096664=1, 15940390=3, 4409813=1, 16322706=3, 32740393=2, 28742754=2, 13466653=1, 17724753=1, 18346208=1, 14600293=1, 12329061=5, 18605844=1, 30946322=6, 22437529=1, 32754608=1, 28418434=2, 12690458=2, 5722953=1, 24482178=2, 15598032=4, 2602372=2, 28598617=1, 23151323=1, 29732131=2, 21487396=1, 21342239=2, 12296112=2, 8747020=1, 29126131=1, 21832496=3, 1507242=1, 13722016=1, 3735220=1, 16719380=3, 6934952=1, 8330290=3, 30229717=1, 767271=2, 1915552=3, 18153555=3, 28350540=2, 7913800=1, 6725454=2, 32404627=1, 22950374=4, 14718311=2, 28413032=2, 8191186=1, 22313414=1, 23554730=1, 27434773=2, 18480539=1, 17259364=1, 4602352=4, 3300380=1, 32883436=1, 21651787=1, 8409133=1, 29862654=2, 31935458=1, 27463260=3, 19597593=3, 7711014=2, 438057=2, 15314768=2, 1521726=3, 15116251=2, 5214417=2, 23716100=1, 26090270=4, 22725197=1, 23304574=2, 3221170=3, 1204400=1, 14610850=1, 2811530=1, 12715733=4, 7499832=1, 4358326=2, 4943347=1, 2968834=1, 8825261=2, 31155506=1, 24738245=1, 4418879=1, 16789203=11, 14430266=5, 2917077=2, 18707319=1, 10069417=2, 11378272=2, 25812571=1, 20729084=1, 653935=1, 22771758=1, 20978445=9, 1811726=2, 28619139=2, 7977405=2, 24111939=1, 28066837=1, 10412440=1, 9011731=2, 10473160=1, 32248590=5, 21897702=4, 6926925=2, 11356451=1, 6947669=4, 26954251=1, 31440000=2, 21096250=1, 15597446=1, 15719735=1, 23569939=2, 3863057=1, 17884178=1, 28395211=1, 6498813=3, 28078272=1, 10233717=5, 22122456=2, 10210143=1, 24803179=1, 20373833=1, 17200591=1, 1695017=1, 32643180=4, 23640914=2, 5572574=3, 72257=3, 4224106=1, 24914959=5, 6813291=1, 12415026=1, 32734703=1, 22407250=1, 10953545=3, 26273924=1, 19898739=2, 11016291=6, 15070864=1, 8290080=1, 16261864=6, 6516597=1, 31481090=1, 11905375=2, 904292=1, 1450139=4, 1631451=1, 14932929=1, 25448811=1, 2094347=1, 3223226=3, 15597159=1, 26724078=1, 11359107=1, 20549882=2, 27738877=1, 5840981=3, 31656554=3, 11271966=1, 7874458=6, 15219267=6, 26846040=2, 20570074=1, 24538682=1, 25105148=3, 21399851=2, 10518962=2, 33507745=1, 20250142=1, 2626927=6, 11557315=1, 16499323=1, 19168306=1, 16355460=2, 26325963=2, 19928387=7, 5533308=1, 19545535=4, 7722665=1, 2373188=5, 25924076=2, 14518195=2, 3198752=1, 8354396=1, 20245285=1, 13208233=2, 32028335=2, 8942595=1, 15263199=1, 9182040=5, 6130684=2, 7473265=4, 21379050=4, 12288714=2, 24117886=7, 29996190=2, 12081459=1, 11461293=1, 21327649=1, 5186318=3, 16842797=3, 32512336=7, 24839901=3, 15639329=2, 1963516=1, 6640932=1, 33500888=3, 21736699=2, 14120383=1, 7020410=3, 31089380=1, 1063063=7, 10235250=5, 2922504=2, 26037190=1, 8867196=1, 1854224=1, 5509822=5, 32546666=2, 5333894=1, 19752990=1, 8721033=3, 2148200=1, 8539374=1, 29740375=1, 14381249=1, 11140694=1, 16408136=1, 2513030=1, 6941867=1, 31116564=1, 26969940=2, 32194499=3, 1886362=1, 16776269=1, 7758443=1, 22212733=1, 13181155=3, 20544744=1, 4206350=9, 19551766=1, 2027927=1, 26565156=1, 9695176=1, 23222567=1, 7220620=4, 25224483=1, 25378122=3, 15831745=2, 6604031=1, 14696689=1, 4977403=1, 15605278=4, 2101638=8, 12404015=1, 14990455=2, 10905946=1, 8224704=1, 33049701=1, 32067185=1, 31522093=1, 10420901=3, 16124677=4, 29078840=2, 18334593=1, 9380776=3, 3678548=6, 4359159=2, 9073074=1, 19966068=2, 33286395=1, 30086303=3, 23715370=1, 17551233=1, 16110504=1, 1609546=2, 1337684=1, 32910135=4, 24330162=3, 21594775=2, 4845830=1, 20868845=1, 3966366=2, 7276676=3, 18173316=1, 883541=1, 3721561=1, 23835818=2, 10828451=3, 25028028=1, 33319216=1, 27821217=2, 15204725=6, 14301186=4, 1513211=3, 16319584=3, 24118442=7, 7656227=1, 21640025=4, 20791631=1, 27022157=1, 16642930=1, 25881848=1, 7830839=1, 31875015=1, 18453204=2, 17918938=1, 15464901=1, 22997369=1, 6331930=2, 24360769=2, 10168794=3, 25648447=1, 32311522=3, 6339973=2, 21913268=1, 3703399=2, 14015899=1, 8873601=1, 3002690=1, 13116481=6, 30592020=1, 29537145=2, 28894296=1, 7303049=1, 19816602=1, 18864353=1, 17292125=1, 19563642=2, 28546637=2, 5651186=4, 25466875=2, 12843818=1, 4050386=1, 5452650=3, 25045058=4, 15795090=3, 14777112=1, 4957740=2, 17225117=1, 15653283=1, 22375328=1, 5856622=1, 25452373=1, 1149425=2, 16338149=1, 21698123=3, 33018695=1, 4570636=2, 6197448=2, 1219063=2, 1827307=1, 17392327=1, 20026891=2, 31760670=2, 32493302=1, 9963547=6, 29248868=1, 5248049=7, 8771607=1, 25293573=1, 24087405=2, 24739740=1, 3166425=1, 18193527=2, 1937187=2, 19735736=3, 1045208=1, 26099735=1, 26710955=2, 112469=2, 18278607=1, 14634303=1, 12449802=1, 19943515=1, 23708821=1, 6363121=3, 30856167=1, 24975840=3, 3753964=1, 4024445=1, 24862406=1, 26003883=1, 4792756=3, 2362840=5, 6394893=2, 5373984=4, 13199556=1, 24705992=1, 30811630=4, 23784571=1, 13818751=1, 11332798=1, 29044946=3, 14497899=3, 30073553=1, 11995144=3, 33471669=2, 10475906=1, 2246249=1, 7853026=1, 6760076=3, 16117168=1, 17668445=2, 29975456=1, 19258757=1, 21152732=1, 23307870=2, 29191711=1, 30056902=2, 20939367=2, 12289869=2, 5184546=3, 28868618=2, 16934508=1, 14050373=1, 1449896=4, 1297735=1, 27991469=3, 7380833=2, 134456=4, 24006995=1, 15042084=2, 17197584=1, 7803136=3, 14669493=1, 26919320=1, 12080979=1, 16794745=1, 23458805=1, 10024246=1, 3684290=6, 8732970=1, 24080404=1, 22184082=2, 8036366=2, 8158650=1, 9889196=1, 17499621=3, 9154966=2, 13473242=2, 15582292=1, 11473510=3, 13138499=1, 10083691=1, 5080547=2, 28307611=1, 20319301=4, 16705833=1, 22190307=2, 3476725=3, 24477230=1, 26889564=1, 30102816=1, 9829777=1, 33043732=6, 32962010=1, 10960974=1, 2220225=1, 29807360=1, 26603815=1, 17123309=1, 20852200=4, 3811503=4, 14475804=1, 7640459=2, 27060457=1, 32181147=3, 10798074=1, 25455625=1, 29287331=1, 16353493=2, 963262=2, 12213666=1, 26874844=4, 33318713=1, 13708701=3, 31779994=1, 29638816=1, 16609959=1, 16312112=1, 24099716=2, 12072566=6, 21013232=2, 17152734=2, 21604887=2, 29958283=3, 742751=1, 26164135=3, 4738881=1, 20583327=4, 14136305=2, 13400276=1, 11156550=4, 7407754=3, 23793072=3, 24542708=1, 24678324=2, 10284005=1, 27785668=1, 17608295=2, 28929033=1, 619520=1, 24361109=2, 9167637=1, 2463658=2, 8494934=2, 18130290=2, 21091323=1, 13725386=1, 33018456=1, 27099129=1, 31019589=1, 30414111=7, 22906193=2, 810026=1, 1217951=2, 8843509=1, 27530343=5, 26895166=1, 8234633=2, 8289257=1, 27686952=1, 5954338=1, 4584389=1, 16654145=4, 21240469=5, 1087939=2, 14269956=2, 24766542=1, 32221308=2, 24131467=7, 15129378=1, 22975875=2, 26015337=1, 30859812=1, 7225277=4, 29444012=1, 30278815=4, 28037901=1, 26037384=1, 25927262=2, 5188624=3, 28951229=1, 6125714=1, 18434130=1, 19785382=1, 29807029=1, 7032284=1, 2024642=1, 7783351=1, 25740949=1, 25308714=4, 30812633=4, 26457731=2, 29135892=2, 27549306=1, 5121510=4, 1895340=1, 13475607=2, 23589103=1, 32707164=3, 15003607=1, 13323866=1, 15072245=1, 22540854=1, 4529919=3, 20238363=1, 9791837=1, 32797922=1, 1728964=1, 1305190=1, 14071923=2, 16731906=1, 26731139=1, 24335919=1, 19831690=2, 31148962=1, 24965408=1, 8404105=10, 21754779=1, 22302707=1, 22196688=2, 15835002=2, 10359261=4, 27044546=2, 12729245=4, 2604832=2, 27798356=6, 2897066=5, 32611478=2, 28801621=1, 32667169=1, 14231456=3, 25492509=1, 21038613=3, 2666184=2, 2554625=1, 20059531=4, 32622010=1, 20800670=1, 11566642=1, 11949559=1, 28734519=1, 30785=1, 33447016=1, 23232943=2, 3448735=2, 30902736=2, 26382471=2, 5597253=1, 5674797=2, 4281004=1, 4881391=1, 3566951=1, 33307627=5, 14551059=4, 666533=4, 8645271=1, 20404500=1, 21500760=6, 27817925=1, 23177209=2, 11113102=2, 7501898=1, 23985152=1, 17682677=1, 13595614=1, 24946570=2, 2068888=2, 9533814=1, 27351867=1, 3094247=3, 31094965=1, 3219068=3, 26666349=1, 24316748=3, 25205078=2, 7098756=1, 18492453=4]}&gt; but was:&lt;...Prime: 6 register: {[27434773=2, 10359261=4, 719926=1, 27948854=1, 32883436=1, 10990918=2, 10210143=1, 3237011=1, 6649221=1, 1609546=2, 1069861=1, 486647=1, 9850632=1, 7552575=3, 12187391=1, 24022788=2, 28801621=1, 16349268=1, 27221699=1, 1513211=3, 27215055=1, 25902357=3, 13722016=1, 27817925=1, 26667930=1, 30463813=1, 22980420=2, 33209711=2, 1751069=2, 18011390=1, 32707164=3, 30825073=1, 14932929=1, 11717941=1, 4032533=2, 11028113=1, 17090498=1, 25492509=1, 28546637=2, 3771714=2, 17173279=4, 16832126=1, 16312112=1, 30962817=1, 436128=2, 25764816=3, 25499915=3, 32196116=1, 2396194=2, 29946471=1, 20978445=9, 17499621=3, 17157081=1, 25631188=3, 3703399=2, 1521726=3, 15314768=2, 30785=1, 21487396=1, 2246249=1, 30141476=1, 1337684=1, 32385009=4, 30016867=4, 23715370=1, 22225036=3, 10944937=3, 1204400=1, 835415=2, 9125529=3, 27060457=1, 29111646=5, 24080404=1, 10611241=1, 10684501=3, 23640914=2, 15219267=6, 24087939=2, 1115685=3, 2148200=1, 31112766=2, 22313414=1, 24739740=1, 14231456=3, 10475906=1, 843300=1, 8890535=2, 7544616=3, 30032247=1, 26037190=1, 10616643=1, 9380776=3, 14634303=1, 26710955=2, 12462510=4, 14036765=4, 7977405=2, 27810812=1, 21013232=2, 24381587=5, 27452746=1, 29970396=1, 2054929=1, 19407032=6, 18217363=1, 11461293=1, 24017340=1, 30760837=1, 26236556=1, 11473510=3, 31790144=3, 16609959=1, 12018302=1, 22725197=1, 28078272=1, 23862909=5, 1450139=4, 30546123=4, 1893425=1, 30349725=3, 21302110=3, 2929780=2, 2515008=1, 31501853=2, 17307359=6, 3863057=1, 5533308=1, 3908427=2, 23385833=1, 21752132=1, 7750507=1, 15448929=2, 11016291=6, 22545453=6, 29417352=1, 19898739=2, 30103331=1, 13466653=1, 29260618=1, 19735736=3, 13999814=2, 19928387=7, 8607768=1, 12241262=1, 27798356=6, 7722665=1, 23100014=1, 7407754=3, 20564858=1, 24047436=1, 21651787=1, 23212364=4, 14314800=1, 4943347=1, 31994610=6, 21872017=2, 32530758=1, 33049701=1, 33319216=1, 26936154=3, 4121417=1, 8039895=2, 12729245=4, 29596314=2, 25845217=1, 10281121=1, 21296852=1, 14047830=1, 20372539=1, 15639329=2, 25568617=4, 29287331=1, 24361109=2, 24839901=3, 29819960=3, 25881848=1, 33307627=5, 32181147=3, 7067134=1, 10233372=5, 25455625=1, 14993489=1, 10984061=2, 26232854=1, 8124509=1, 22610856=3, 28031784=2, 27360331=1, 8354396=1, 2897066=5, 32546666=2, 28951229=1, 4024445=1, 20142560=1, 666533=4, 25233124=3, 9661864=1, 11326088=1, 17077986=2, 7945843=3, 2850648=1, 30837173=2, 2285664=1, 7870633=6, 27549306=1, 16462484=3, 25124702=1, 25045058=4, 9058591=4, 12337299=1, 12054184=1, 33043732=6, 13456977=1, 15321421=1, 23605590=6, 19752445=1, 3362945=1, 2975568=1, 27977205=1, 29532852=2, 7220620=4, 7410281=3, 11624110=1, 22206911=1, 25883821=1, 9373943=3, 19062806=1, 15835002=2, 15016636=3, 26874844=4, 18748199=4, 24862406=1, 31280636=1, 17152734=2, 5440803=3, 1149425=2, 18962992=1, 7735322=4, 19545535=4, 23182842=2, 72257=3, 18634725=1, 5121510=4, 16731906=1, 3094247=3, 4051275=1, 5597253=1, 5756194=1, 9073074=1, 4940024=1, 12793413=3, 16719380=3, 9815165=1, 31094965=1, 7874458=6, 10284005=1, 12643348=1, 33318713=1, 28614315=2, 5228393=1, 17454413=1, 29135892=2, 29581787=1, 21772491=5, 14237780=1, 15129378=1, 23784372=1, 28894296=1, 3167653=1, 24910051=5, 13258888=1, 17682677=1, 18266881=2, 6210671=1, 6159846=1, 3838693=2, 21401887=2, 4584389=1, 26003883=1, 22989862=1, 7183334=2, 10471191=1, 4224106=1, 4313241=1, 24947834=2, 1872558=2, 20608619=1, 18886951=8, 5826360=1, 23617124=1, 29807029=1, 33012350=2, 29807360=1, 6125714=1, 18211148=1, 31084064=1, 32493302=1, 7096664=1, 23307870=2, 26903683=2, 6331930=2, 28929033=1, 4935522=1, 13323866=1, 4570636=2, 21864777=2, 18450738=2, 24914959=5, 25919329=1, 29073847=2, 7178280=2, 23701167=2, 33390647=2, 22232106=3, 30504174=1, 26776100=2, 16781835=11, 21888796=1, 31118542=1, 28350540=2, 12449802=1, 5934762=2, 16568224=1, 16794745=1, 26163878=3, 14501641=1, 25647601=1, 18384652=2, 10820833=3, 27288611=1, 26999402=1, 21465=1, 21938033=2, 10233717=5, 16642930=1, 25045161=4, 13638276=7, 4857423=4, 19816602=1, 31148962=1, 21608483=2, 5049804=3, 31089380=1, 6926925=2, 22196688=2, 15464901=1, 29291849=1, 11566642=1, 23988839=4, 17057041=1, 6941867=1, 16392464=4, 16499323=1, 1305190=1, 19064508=1, 7473265=4, 19136812=5, 28395211=1, 31155506=1, 29211959=2, 30056902=2, 20319301=4, 14865374=1, 21590138=1, 12289869=2, 14777112=1, 3074715=1, 23348623=1, 18650261=2, 10074316=2, 25453682=1, 11332798=1, 18480539=1, 13370159=5, 23498864=2, 8721033=3, 18864687=1, 1243695=1, 27099129=1, 26113058=1, 4418879=1, 15385910=1, 10420901=3, 31265060=3, 26891383=1, 1079500=1, 13831187=3, 7380833=2, 22310988=1, 9182370=5, 14669493=1, 32960589=1, 33258519=1, 28130716=3, 22978158=2, 7020410=3, 1216122=2, 32557993=1, 14792033=2, 148682=1, 33018695=1, 12419772=2, 11140694=1, 28726889=1, 22344654=1, 1063063=7, 19563642=2, 16750118=2, 10069417=2, 17197584=1, 15795090=3, 29200409=2, 27807968=1, 23022751=1, 17429340=1, 15004612=1, 26325963=2, 18177691=1, 13328795=1, 7656227=1, 26820022=3, 30157468=5, 22842216=2, 29122749=1, 20927355=1, 31116564=1, 6341173=1, 32969858=3, 18334593=1, 31163914=2, 24206419=1, 24542708=1, 4792756=3, 32797922=1, 14425396=5, 13181155=3, 3439235=1, 4088153=1, 12289858=2, 19515549=1, 30299210=1, 13400276=1, 7231968=1, 30087903=3, 29380630=1, 5373984=4, 23146480=3, 5186318=3, 11271966=1, 4955522=2, 27464271=3, 9343722=2, 17190855=1, 1769495=3, 6406413=1, 15940390=3, 18840916=1, 1208337=1, 19902744=2, 14071923=2, 3258571=2, 3002690=1, 5753817=1, 12675863=1, 28598617=1, 3811503=4, 17259364=1, 9701461=5, 282229=1, 18937358=1, 16117685=1, 7218256=4, 634081=2, 13116481=6, 25448811=1, 94405=1, 20583327=4, 2968834=1, 10905946=1, 24946570=2, 15204725=6, 26969940=2, 4688310=2, 22306609=1, 20544744=1, 1217951=2, 12436640=1, 158177=1, 7700256=1, 26991233=1, 3516540=2, 19610172=3, 21686376=1, 21588949=1, 21307041=3, 33327719=2, 20579051=4, 28925221=1, 26942303=3, 26750987=6, 29845658=1, 21604887=2, 30605175=1, 17122501=1, 29851190=1, 18346208=1, 17673937=2, 29473370=2, 21594775=2, 8492274=2, 33471669=2, 32900393=4, 12751849=2, 22612943=3, 5188624=3, 23835818=2, 21687697=1, 21152732=1, 17518850=1, 14203209=2, 3397209=1, 15844371=1, 2968787=1, 27297291=2, 3953169=1, 19525700=1, 17416084=2, 970785=1, 18649055=2, 2094347=1, 13725386=1, 11995144=3, 527741=6, 27269094=8, 6702204=1, 29541956=1, 24678324=2, 14756583=3, 2677343=1, 13403147=2, 12080979=1, 30904883=2, 31093056=1, 6651564=1, 12491431=2, 9936213=2, 19943515=1, 6179628=1, 24477230=1, 13728780=1, 1574203=6, 14931786=1, 16710278=1, 30856167=1, 17832326=7, 31402540=3, 9639286=3, 4165642=2, 24387027=5, 19752990=1, 32855726=1, 21299617=3, 6604031=1, 13850053=1, 29777574=1, 15161324=1, 1732213=1, 32300733=1, 17608295=2, 25077546=2, 30991345=1, 12149696=1, 28066837=1, 3104117=1, 5229701=1, 92711=1, 23985152=1, 20791631=1, 27389138=1, 2513030=1, 29795546=2, 9572038=4, 7103523=1, 13199556=1, 5765894=1, 14162281=6, 8330290=3, 18453204=2, 26157525=3, 17292125=1, 14918328=2, 6370027=3, 4130141=3, 11711953=2, 30843043=2, 27772246=1, 1394021=1, 6934952=1, 12721894=4, 22900234=1, 19982944=1, 19186058=1, 169449=2, 3735220=1, 15804712=3, 20245285=1, 20059531=4, 4435835=2, 30200436=1, 2016804=1, 20939367=2, 1937187=2, 8144356=1, 10493835=8, 28619139=2, 7175505=1, 7867465=6, 14906493=1, 28179256=1, 23177209=2, 23716100=1, 8258713=4, 18911831=2, 31863209=4, 26767401=1, 24335919=1, 2101638=8, 8812012=1, 12415026=1, 32643180=4, 10960974=1, 3721561=1, 14907744=1, 988024=3, 11156550=4, 16261864=6, 7968299=2, 25224483=1, 17217473=2, 6415850=1, 32185315=3, 29170119=3, 1483869=2, 6130684=2, 32624782=1, 10473160=1, 9637445=3, 17479986=2, 1449896=4, 10845816=1, 28029746=2, 32904610=4, 14718311=2, 21817304=1, 25812571=1, 32813950=2, 852753=3, 30671521=5, 5452650=3, 10083691=1, 634208=2, 8722174=3, 6639826=1, 33193211=1, 1641703=3, 23379377=2, 30944586=6, 33194727=2, 14430266=5, 15042084=2, 30056267=2, 969896=1, 20623179=2, 28121944=3, 7403497=1, 18731621=1, 27605680=3, 3501179=1, 2626927=6, 5958323=1, 21640025=4, 1018447=2, 134456=4, 1219063=2, 16305834=1, 7271009=1, 26734209=1, 7912072=2, 3408196=5, 1611720=2, 10798074=1, 1631451=1, 1854224=1, 14518195=2, 4890702=2, 11304246=1, 8843509=1, 2843906=1, 25976294=1, 5651186=4, 12254986=1, 12031288=2, 32512336=7, 31106279=2, 19631662=2, 15116251=2, 28824314=1, 5764317=1, 11257605=1, 30656120=1, 20153873=2, 11378272=2, 28191148=4, 33295415=5, 16705833=1, 20868845=1, 1692793=1, 14528372=2, 18920618=2, 2024642=1, 16632564=1, 5084278=2, 8264064=4, 26309795=1, 32056398=3, 18242793=1, 5722953=1, 23650035=1, 30229717=1, 21059289=1, 22540854=1, 10784688=2, 25639769=3, 19328694=1, 16164508=2, 17944182=1, 1037620=1, 9182040=5, 28406497=1, 33500888=3, 28527309=1, 11864917=3, 11113102=2, 6832558=1, 6813291=1, 26084666=4, 26423992=3, 16531347=5, 24464231=1, 23232943=2, 17856550=1, 28994305=1, 23793072=3, 22922549=1, 30946322=6, 21643254=4, 5674797=2, 8239231=2, 8561452=2, 30859812=1, 1297735=1, 31779994=1, 32667169=1, 9402743=1, 2049169=1, 13851209=1, 7894985=1, 22212733=1, 16353493=2, 7775225=2, 323304=1, 9651043=1, 11216898=3, 29214401=1, 8718802=3, 32617343=2, 23010736=3, 4779982=1, 15618527=1, 30465129=1, 3208157=1, 27785668=1, 11405540=4, 18792578=1, 12072521=6, 25999881=2, 23458805=1, 21708593=3, 1963516=1, 7072138=1, 32838432=3, 21681728=1, 17668445=2, 7930974=3, 14786290=2, 11780493=1, 4758767=2, 9791837=1, 15396722=1, 15831745=2, 19796906=4, 14551059=4, 21265124=1, 29668652=2, 9872608=2, 23245556=2, 891463=2, 20401114=1, 4529919=3, 4359159=2, 5333894=1, 2026665=1, 570404=2, 5509822=5, 30337530=1, 18864353=1, 742751=1, 29740375=1, 5755682=1, 8732970=1, 17145069=2, 15935776=3, 515986=1, 17009707=2, 8290080=1, 19831690=2, 33209575=2, 25789997=2, 17684801=1, 9829777=1, 23242358=2, 17122799=1, 26273924=1, 7292402=1, 15070864=1, 1538196=1, 3547234=4, 27406294=4, 27991469=3, 22953289=4, 27648126=1, 18101876=5, 20739623=1, 21913268=1, 5926298=1, 1417509=2, 13595614=1, 4081541=1, 22301494=1, 8989994=3, 17726544=1, 28413032=2, 19524594=1, 15597446=1, 14015899=1, 30902736=2, 28929065=1, 32248590=5, 16717233=3, 7081090=5, 4404463=3, 28693297=1, 29126131=1, 22664744=1, 1045208=1, 11043924=2, 2616767=1, 18423802=3, 8211344=1, 17206484=2, 27318579=1, 26031265=3, 8191186=1, 16676737=1, 17064687=1, 4742573=1, 3166425=1, 17724753=1, 23222567=1, 33018456=1, 30296654=1, 23847458=1, 18278607=1, 19839642=2, 8877237=1, 32638304=4, 26415417=3, 13921691=1, 12843818=1, 18710405=1, 8507871=1, 22877896=3, 2626664=6, 21166641=1, 9167637=1, 138524=4, 6577504=1, 6784440=2, 17554965=1, 11018058=6, 14172302=1, 31522093=1, 33502193=3, 27599815=3, 26164135=3, 8747020=1, 21038613=3, 22997369=1, 3968549=2, 29975456=1, 9617058=2, 10391233=2, 8543646=1, 24738245=1, 2463658=2, 22771758=1, 2455932=1, 883541=1, 30278815=4, 12338860=1, 8236990=2, 5214417=2, 15653283=1, 1290114=2, 4485143=1, 14381249=1, 14717093=2, 9975087=6, 24360769=2, 29732131=2, 4049224=1, 9011731=2, 23569939=2, 7758443=1, 7781652=2, 28125722=3, 16408136=1, 2616903=1, 10281588=1, 30568677=1, 1008811=1, 4318605=1, 24099716=2, 28350298=2, 24308858=1, 20838361=1, 30387257=2, 6826=15, 29303163=3, 3223226=3, 10026595=1, 11584477=1, 28706831=4, 31875015=1, 32573777=3, 17392327=1, 23571212=2, 29049290=1, 9109283=1, 22906193=2, 6648420=1, 608084=1, 10342890=1, 6170398=4, 611666=1, 653935=1, 25508504=3, 31631524=2, 24934751=1, 30925879=1, 31615167=1, 14050373=1, 3753964=1, 29377894=1, 23796715=3, 21327649=1, 15770353=2, 10422170=3, 19129640=1, 19421628=1, 27539489=5, 28327095=7, 28225464=2, 8699990=1, 26127165=2, 18068841=2, 17551233=1, 21154198=1, 15123323=1, 22595562=1, 26037384=1, 5903446=4, 30086303=3, 22407250=1, 4281004=1, 10384875=1, 20404500=1, 10439519=1, 5467278=1, 2604832=2, 28778407=3, 25028028=1, 16763006=1, 20373833=1, 6161611=4, 12875033=1, 2922504=2, 438659=2, 16152111=1, 8481088=1, 20799803=1, 27538449=5, 18847227=2, 10514800=1, 24676564=2, 31760670=2, 9133290=1, 2336927=2, 1827307=1, 17448205=4, 310730=2, 20750768=2, 12617835=2, 32404627=1, 8583072=1, 9428197=1, 3313830=2, 30982134=2, 10368634=4, 19966068=2, 29216762=1, 18985094=2, 17918938=1, 29248868=1, 10024246=1, 33371184=3, 2040907=3, 24581201=3, 28024438=2, 27927773=4, 3678548=6, 13138499=1, 14591385=2, 10119616=1, 16110504=1, 32279088=2, 31656554=3, 24538682=1, 23784571=1, 21750050=1, 17521430=1, 24118442=7, 8234633=2, 3300380=1, 7783351=1, 25924076=2, 8199412=3, 26382471=2, 25100984=3, 26662198=1, 7853026=1, 25205078=2, 6363121=3, 6300292=8, 19315308=2, 23539206=3, 15598032=4, 32194499=3, 21399851=2, 20058719=4, 20026891=2, 17670014=2, 22163068=4, 22186744=2, 7439696=2, 23050561=2, 25825003=4, 8272860=4, 26054112=2, 2776=13, 18752074=4, 30636601=1, 25452373=1, 25386759=1, 26457333=2, 11360213=1, 4751921=2, 13170590=1, 31389579=1, 29191711=1, 19351575=1, 23099923=1, 25802749=2, 16842797=3, 14194762=2, 28418434=2, 6389902=2, 25982412=1, 20991686=1, 25362470=3, 21500760=6, 20329519=4, 14136305=2, 32910135=4, 1915552=3, 6879198=1, 25344399=2, 2407608=2, 9533814=1, 6239148=3, 29044946=3, 16789638=11, 32426311=1, 29783191=1, 20800670=1, 25533230=2, 23616654=1, 30812633=4, 7219068=4, 10566102=3, 32752259=1, 29737449=1, 14620250=3, 9443174=7, 12313352=1, 20369121=1, 22737936=1, 619520=1, 6150584=1, 25398123=2, 7830839=1, 32904546=4, 23554730=1, 10235250=5, 8034407=2, 32293972=1, 13038510=1, 29229652=4, 8595624=3, 27686952=1, 3347824=3, 23616193=1, 23180425=2, 32138569=1, 31119171=1, 22087149=3, 818020=1, 28039534=1, 9526845=1, 22950374=4, 32506447=7, 32869785=2, 18027025=3, 16579327=1, 19977221=1, 15154=14, 22375328=1, 16251722=1, 7437837=1, 1507242=1, 12053444=1, 12070633=6, 30419707=7, 5640277=4, 14309976=1, 25945027=1, 24330162=3, 19695492=2, 24816088=2, 13288755=1, 6123321=1, 9963547=6, 8771607=1, 5813868=2, 1886362=1, 112469=2, 31211468=5, 17941474=1, 23864196=5, 26889564=1, 8919571=6, 17725430=1, 30592020=1, 5423200=1, 32067185=1, 877403=1, 21892762=4, 2684247=1, 23666960=3, 16955149=2, 26903545=2, 7890102=1, 11574222=2, 11736714=3, 1695017=1, 13475607=2, 9397103=1, 14503754=1, 24705992=1, 29444012=1, 29862654=2, 19258757=1, 26319311=2, 29638816=1, 8159152=1, 25535699=2, 8907775=1, 13819955=1, 21379050=4, 9889196=1, 8065391=3, 11356451=1, 6603853=1, 22122456=2, 30062841=2, 25740949=1, 18605844=1, 18193527=2, 26099735=1, 1811726=2, 10652851=2, 6081060=1, 26924439=1, 2262295=2, 25064902=1, 12840175=1, 5028650=2, 17884178=1, 13759192=1, 25378122=3, 5596626=1, 32221308=2, 5039946=1, 7943841=3, 4877200=1, 12288714=2, 15471409=5, 32474311=2, 2133615=2, 6723205=2, 24491913=2, 32777005=5, 10723546=2, 54851=1, 20929000=1, 19095553=1, 7000658=1, 32675664=2, 3526384=1, 21091323=1, 31793815=3, 32873198=2, 27285726=1, 1793469=1, 27530343=5, 14933500=1, 27592852=3, 30114251=2, 2554625=1, 19597593=3, 12448048=1, 12443016=1, 17742104=2, 31391898=3, 31222618=1, 350458=1, 32740393=2, 9277721=2, 7225277=4, 19912066=1, 6890377=3, 29756230=4, 3761862=1, 1757445=1, 14301186=4, 15582292=1, 15263631=1, 6640932=1, 3410268=5, 126436=1, 1530503=1, 22964591=1, 11862461=3, 22975875=2, 12428580=2, 13826954=1, 24087405=2, 22784353=2, 7936216=3, 33236885=3, 29098930=5, 20646801=3, 4474167=1, 6498813=3, 11317778=2, 1715414=4, 8353710=1, 10519786=2, 25308714=4, 25105148=3, 7176720=2, 18744390=4, 29050046=1, 21439348=3, 7093584=5, 10060349=2, 1893576=1, 18575177=1, 4993283=5, 15289994=1, 26565156=1, 11172817=1, 2352811=1, 7399740=1, 3697466=1, 8507587=1, 1728964=1, 13160495=1, 32442824=3, 5856622=1, 18095002=5, 3548042=4, 11845005=2, 27001313=5, 3351802=3, 16355460=2, 18707319=1, 31226927=1, 4845830=1, 32787290=1, 14696689=1, 22285765=5, 21187408=1, 28801414=1, 438057=2, 5336174=1, 29958283=3, 20681045=2, 28156488=2, 6347459=1, 10003632=2, 20875135=2, 17355782=1, 11557315=1, 26731139=1, 7303049=1, 12213666=1, 33434770=4, 5445141=3, 18639160=1, 2633065=6, 13816502=1, 30520482=2, 6387410=1, 13542035=2, 28617828=2, 11761580=1, 1548902=2, 28332384=1, 8224704=1, 28084482=2, 7803136=3, 11905375=2, 10828451=3, 12296112=2, 16789203=11, 15597159=1, 9167597=1, 22156321=4, 24766542=1, 18409652=1, 2002780=2, 32311522=3, 18966187=1, 30956050=1, 13400002=1, 14475804=1, 21723635=1, 2068888=2, 733135=3, 14120383=1, 29996190=2, 20435598=1, 29018559=1, 16114904=1, 22190307=2, 5663981=1, 7678462=3, 20570074=1, 15079601=4, 21448512=1, 29511810=1, 25480479=1, 810026=1, 2470827=2, 627760=2, 27537952=5, 25442631=5, 7501898=1, 10645676=1, 14458128=2, 17367685=3, 13414654=2, 16582578=3, 8484516=1, 21754779=1, 30226465=3, 21736699=2, 7713539=2, 7160402=1, 20764632=1, 3996575=1, 32258190=5, 1023609=2, 5816253=2, 3566951=1, 8867196=1, 17200591=1, 2025824=1, 24682724=2, 6183892=1, 10664607=2, 31182411=1, 12607526=1, 13566404=3, 29040693=3, 1030818=2, 16353976=2, 26724078=1, 24187171=3, 26015337=1, 24056827=3, 31642313=1, 26925592=1, 28945059=2, 7711014=2, 22570425=1, 17028231=1, 15072245=1, 9772532=3, 18518125=2, 31481090=1, 15915173=1, 8158650=1, 5930615=1, 604246=3, 12425050=2, 24316748=3, 26460462=1, 4050386=1, 2917077=2, 5139404=1, 26954251=1, 9470738=2, 4977403=1, 27657226=4, 7640459=2, 30452824=2, 26759012=1, 27833692=2, 21544151=2, 22948469=4, 14269956=2, 27821217=2, 12072566=6, 817607=1, 8940105=1, 1458059=4, 6394893=2, 18294419=3, 21996473=2, 24955303=1, 4576954=1, 30971149=2, 25663962=2, 2520131=1, 23104249=2, 24405977=1, 12329061=5, 622545=1, 14990455=2, 4889414=2, 8404105=10, 9154966=2, 19361480=1, 18153555=3, 14610850=1, 22437529=1, 29537145=2, 26090270=4, 20392578=3, 6197448=2, 9947013=1, 28323492=7, 12081459=1, 31055620=1, 25648447=1, 15003607=1, 16794072=1, 32734703=1, 9442202=7, 27867077=3, 13896629=5, 15724754=1, 27745170=1, 22039648=1, 6170338=4, 3966366=2, 4602352=4, 15126457=1, 3071306=1, 27712400=1, 2564098=3, 31049025=1, 26457731=2, 15605278=4, 7559188=1, 14878828=3, 16776269=1, 5651357=4, 8167580=2, 28559674=1, 31265414=3, 30375170=1, 30445097=2, 5378945=4, 8289257=1, 5646205=4, 30721025=1, 8036366=2, 25236222=3, 16305080=1, 24867940=1, 33311546=1, 10412440=1, 32714059=3, 11467391=1, 2225320=1, 6412481=1, 21832496=3, 7967665=2, 3684290=6, 33221347=1, 30062899=2, 1615046=2, 904292=1, 13632274=7, 5840981=3, 9634756=3, 17195755=1, 31935458=1, 17124687=1, 5702201=3, 19565924=2, 4968539=1, 19560589=1, 27738877=1, 5954338=1, 15510085=2, 19856005=1, 30962412=1, 11497180=1, 26603815=1, 9945643=1, 23661545=3, 30637279=1, 11820500=1, 14497899=3, 2734329=2, 12715733=4, 28037901=1, 10343475=1, 12508543=1, 1883166=2, 31382194=1, 32106532=1, 3987571=1, 1837392=5, 4930114=3, 22184082=2, 15579296=2, 16223040=2, 28742754=2, 4409813=1, 6947669=4, 14161017=6, 22140741=1, 7032284=1, 18868998=1, 27074852=3, 8541592=1, 31403477=3, 3768523=2, 26846040=2, 12404015=1, 17225117=1, 13818751=1, 14680198=8, 7913800=1, 2330492=2, 10293166=3, 30073553=1, 30238581=1, 15991835=5, 16903472=1, 9458902=1, 316432=1, 4738881=1, 32611478=2, 23147982=3, 16934508=1, 26249098=2, 1169941=1, 23135374=3, 7556541=1, 7276676=3, 5184546=3, 4895027=2, 32433550=1, 24965408=1, 9301378=1, 32959684=1, 5993597=1, 21907755=1, 31195178=5, 6339973=2, 25736695=2, 24803179=1, 19680505=1, 20531731=1, 8873601=1, 11949559=1, 1074452=1, 23858330=5, 16528158=5, 8779095=1, 28433071=1, 14625548=3, 2602372=2, 3221170=3, 6821165=6, 19454218=1, 19969132=2, 20501371=1, 4877628=1, 17230231=1, 28448254=4, 2528634=2, 20654151=3, 27125776=1, 26919320=1, 24487380=2, 17123309=1, 14889640=3, 28868618=2, 31673246=1, 31918160=3, 22343717=1, 33310158=1, 20238363=1, 20852200=4, 28936171=2, 16668194=1, 11651669=1, 21440075=3, 23151323=1, 22799691=1, 9070253=1, 31901805=1, 3198752=1, 21951714=1, 4457683=5, 3476725=3, 14890370=3, 5080547=2, 8789604=4, 19186928=1, 15263199=1, 8645271=1, 13644266=7, 22978182=2, 20135697=3, 6516597=1, 9352662=2, 23144230=3, 10192726=2, 14258863=2, 18130290=2, 19668707=5, 7358664=1, 5287863=2, 15719735=1, 33447016=1, 16322706=3, 4206350=9, 21113596=4, 8374477=1, 23589103=1, 28083908=2, 20177800=1, 9874583=2, 27113071=2, 2666184=2, 20729084=1, 30729871=1, 25757081=3, 23488107=1, 21342239=2, 8451832=1, 11959373=1, 9827204=1, 32380956=4, 30414111=7, 24474089=1, 27351867=1, 29078840=2, 12690458=2, 9297059=1, 24821217=2, 4358326=2, 5228232=1, 27998672=3, 6707015=1, 2985992=2, 1450506=4, 32709197=3, 13208233=2, 3448735=2, 23681647=1, 7499832=1, 31375338=2, 5248049=7, 9971153=6, 10168794=3, 6807941=1, 963262=2, 30551795=4, 19041113=2, 3168957=1, 11595384=1, 1375609=1, 26195376=2, 14171279=6, 6632969=3, 14306718=1, 20194914=5, 2503229=4, 18555250=3, 21575905=3, 30278935=4, 4569707=2, 768150=2, 1394506=1, 13570265=3, 4100828=2, 16654145=4, 22405220=1, 5175770=1, 14618960=3, 26895166=1, 32762401=1, 18492453=4, 3396676=1, 28734519=1, 2298506=3, 10953545=3, 29773238=1, 32962010=1, 765540=2, 21878537=1, 12202472=4, 3566445=1, 12900799=1, 17526957=1, 32789346=1, 2811530=1, 24117886=7, 32754608=1, 24482178=2, 4032262=2, 23165410=1, 16117168=1, 32069016=1, 7433167=1, 6725454=2, 5664276=1, 14071190=2, 5938479=2, 28721771=1, 4465497=5, 30927814=1, 15110186=2, 28754679=1, 16336315=1, 32299714=1, 2362840=5, 11777783=2, 11359107=1, 32028335=2, 26869487=1, 25496182=3, 12853629=5, 7054630=2, 2220225=1, 20250142=1, 30228183=3, 18434130=1, 27516056=1, 27463260=3, 16042217=1, 767271=2, 3485530=3, 5679058=2, 9695176=1, 13708701=3, 1895340=1, 19560842=1, 4146358=1, 14716873=2, 17147452=2, 3941675=5, 4881391=1, 8264102=4, 16504987=1, 33213754=1, 18962614=1, 26804676=3, 32354302=2, 17716158=1, 1282632=2, 24107881=1, 32111708=1, 10518962=2, 8539374=1, 15596472=1, 32622010=1, 9596163=1, 23763974=2, 12430508=2, 27044546=2, 22305622=1, 25927262=2, 3423114=5, 19137484=5, 8409133=1, 8942595=1, 6309469=1, 3405402=1, 26858922=1, 23078140=8, 31440000=2, 31030500=1, 30636530=1, 28131564=1, 15414013=3, 25652009=1, 19727900=3, 23123742=1, 30811630=4, 22504372=1, 9865813=2, 31564039=2, 17772124=3, 17946023=1, 2253673=1, 2120955=1, 29216430=1, 19168306=1, 8825261=2, 6760076=3, 15519843=1, 2286422=1, 29845859=1, 31282946=1, 26871904=4, 17133312=1, 31936145=1, 6828068=6, 22302707=1, 27022157=1, 16144677=1, 19551766=1, 4166054=2, 546296=1, 20549882=2, 5808831=2, 11978298=1, 31019589=1, 24702641=1, 26029005=3, 23558747=1, 24270255=1, 32764861=1, 1728517=1, 25619461=1, 16683631=2, 2373188=5, 33504574=3, 31671387=1, 6055334=1, 21096250=1, 33507745=1, 26095581=4, 31038419=2, 4957740=2, 25293573=1, 15548850=1, 9543696=2, 4447389=1, 30102816=1, 19636306=2, 18007181=1, 19785382=1, 21009443=2, 4804026=1, 18106010=1, 3731136=1, 33286395=1, 16319584=3, 1535268=1, 25390680=1, 24006995=1, 18173316=1, 6347527=1, 7098756=1, 22738333=1, 16399301=4, 25466875=2, 3219068=3, 12848851=5, 18140258=1, 24989318=1, 31306414=2, 14600293=1, 33507057=1, 16338149=1, 25535613=2, 13383091=5, 24053856=3, 21897702=4, 6205245=2, 24975840=3, 29630955=5, 30227076=3, 8494934=2, 26666349=1, 13784271=1, 25446573=1, 24111939=1, 23904207=2, 24373539=1, 21698123=3, 32790834=1, 15970716=2, 28971348=4, 15490813=1, 33476371=1, 25546485=1, 26579350=2, 19103937=2, 2027927=1, 13194053=1, 30135567=1, 31400578=3, 23708821=1, 23304574=2, 24974824=3, 32430738=1, 1234051=1, 21240469=5, 33043087=6, 16618793=2, 5020714=2, 1628443=1, 28486721=2, 28307611=1, 28923024=1, 27990484=3, 24131467=7, 8578165=1, 16779410=11, 11656800=1, 18261271=2, 2202886=2, 3157966=7, 17873613=2, 16124677=4, 13473242=2, 31232228=2, 12968951=1, 1087939=2, 28541778=2, 17143856=2, 5256971=7, 19462672=1, 4510232=1, 20839726=1, 7247402=2, 12283926=1, 5572574=3]}&gt;" type="org.junit.ComparisonFailure"><![CDATA[org.junit.ComparisonFailure: expected:<...Prime: 6 register: {[17429340=1, 11862461=3, 2985992=2, 3548042=4, 14878828=3, 8779095=1, 31232228=2, 1615046=2, 11467391=1, 7544616=3, 6239148=3, 10845816=1, 2929780=2, 32279088=2, 30568677=1, 10944937=3, 18748199=4, 2470827=2, 9167597=1, 9402743=1, 7968299=2, 11257605=1, 29111646=5, 14625548=3, 24821217=2, 1450506=4, 13570265=3, 316432=1, 5679058=2, 9639286=3, 12617835=2, 27215055=1, 2298506=3, 28971348=4, 148682=1, 30904883=2, 7183334=2, 32638304=4, 12187391=1, 32873198=2, 11736714=3, 11304246=1, 32869785=2, 30760837=1, 18518125=2, 6159846=1, 17057041=1, 28778407=3, 19839642=2, 6347527=1, 22978182=2, 31615167=1, 9373943=3, 14890370=3, 1458059=4, 30135567=1, 3074715=1, 11028113=1, 7067134=1, 32764861=1, 15110186=2, 21817304=1, 7781652=2, 22504372=1, 16353976=2, 3167653=1, 4877628=1, 12202472=4, 21588949=1, 29200409=2, 1417509=2, 4404463=3, 25064902=1, 20764632=1, 10391233=2, 23099923=1, 30445097=2, 25789997=2, 15991835=5, 3761862=1, 15321421=1, 11018058=6, 25652009=1, 21608483=2, 15935776=3, 5934762=2, 23146480=3, 29018559=1, 17416084=2, 17742104=2, 5445141=3, 2677343=1, 22738333=1, 19454218=1, 31631524=2, 30227076=3, 31673246=1, 31501853=2, 32069016=1, 16399301=4, 3208157=1, 9827204=1, 17673937=2, 14591385=2, 570404=2, 23123742=1, 9572038=4, 15548850=1, 19636306=2, 15471409=5, 29122749=1, 31084064=1, 23796715=3, 7081090=5, 6081060=1, 26031265=3, 19856005=1, 12643348=1, 12448048=1, 5765894=1, 19095553=1, 10471191=1, 158177=1, 33043087=6, 22310988=1, 25825003=4, 30200436=1, 30419707=7, 21166641=1, 12338860=1, 30375170=1, 28936171=2, 6406413=1, 10664607=2, 9936213=2, 30238581=1, 8353710=1, 26662198=1, 19969132=2, 31222618=1, 22784353=2, 8940105=1, 5228232=1, 25233124=3, 19977221=1, 19560589=1, 18649055=2, 11584477=1, 13759192=1, 15724754=1, 25568617=4, 4088153=1, 30991345=1, 17716158=1, 16676737=1, 18920618=2, 2564098=3, 12018302=1, 25100984=3, 24955303=1, 1538196=1, 28121944=3, 4955522=2, 30062841=2, 18650261=2, 7713539=2, 1282632=2, 23539206=3, 26309795=1, 21878537=1, 30056267=2, 23242358=2, 23862909=5, 12840175=1, 19103937=2, 30551795=4, 15079601=4, 8039895=2, 20991686=1, 23681647=1, 12149696=1, 30956050=1, 14865374=1, 20435598=1, 13328795=1, 16392464=4, 13194053=1, 29581787=1, 1548902=2, 33507057=1, 31106279=2, 9125529=3, 6341173=1, 23616654=1, 30925879=1, 22087149=3, 5139404=1, 21681728=1, 31389579=1, 14931786=1, 33502193=3, 29211959=2, 28084482=2, 27772246=1, 14680198=8, 4804026=1, 12313352=1, 8583072=1, 27605680=3, 26195376=2, 25535699=2, 26236556=1, 18868998=1, 19565924=2, 10684501=3, 27538449=5, 21448512=1, 1375609=1, 32969858=3, 21686376=1, 18752074=4, 16152111=1, 54851=1, 12053444=1, 27516056=1, 14425396=5, 14458128=2, 4032262=2, 17367685=3, 17725430=1, 27297291=2, 32709197=3, 6309469=1, 1074452=1, 17147452=2, 31182411=1, 25535613=2, 817607=1, 12443016=1, 21059289=1, 3968549=2, 29214401=1, 31211468=5, 21544151=2, 22206911=1, 19902744=2, 23165410=1, 31038419=2, 9428197=1, 18792578=1, 32959684=1, 27221699=1, 33209575=2, 9865813=2, 27464271=3, 21009443=2, 26054112=2, 26820022=3, 2225320=1, 2396194=2, 8541592=1, 31280636=1, 26579350=2, 2330492=2, 32196116=1, 23571212=2, 16618793=2, 126436=1, 22186744=2, 16750118=2, 30982134=2, 12968951=1, 31564039=2, 25533230=2, 29946471=1, 20646801=3, 4081541=1, 1069861=1, 30729871=1, 15490813=1, 14314800=1, 8507587=1, 27452746=1, 4146358=1, 11043924=2, 6170398=4, 17448205=4, 9661864=1, 18450738=2, 19525700=1, 627760=2, 7700256=1, 7000658=1, 32056398=3, 28801414=1, 10784688=2, 4940024=1, 9815165=1, 32442824=3, 8264102=4, 33213754=1, 5663981=1, 15161324=1, 8167580=2, 28039534=1, 29596314=2, 1243695=1, 5028650=2, 23988839=4, 13826954=1, 22922549=1, 23050561=2, 22344654=1, 26163878=3, 6648420=1, 1030818=2, 31282946=1, 7176720=2, 33221347=1, 24047436=1, 11711953=2, 12054184=1, 16781835=11, 3941675=5, 5378945=4, 10293166=3, 4569707=2, 32530758=1, 19752445=1, 6890377=3, 21750050=1, 11959373=1, 3408196=5, 2626664=6, 6161611=4, 25919329=1, 14171279=6, 32430738=1, 5020714=2, 30016867=4, 23763974=2, 29511810=1, 8561452=2, 7890102=1, 1728517=1, 1893576=1, 26157525=3, 28029746=2, 6205245=2, 8699990=1, 15770353=2, 4130141=3, 32380956=4, 28332384=1, 21265124=1, 30296654=1, 1018447=2, 3397209=1, 5256971=7, 18555250=3, 4751921=2, 31306414=2, 22595562=1, 33311546=1, 6639826=1, 27833692=2, 27745170=1, 31403477=3, 19680505=1, 28929065=1, 24989318=1, 11656800=1, 1732213=1, 634208=2, 17145069=2, 20681045=2, 3485530=3, 31391898=3, 26903545=2, 26319311=2, 6179628=1, 13632274=7, 21440075=3, 7559188=1, 18106010=1, 12430508=2, 11574222=2, 26891383=1, 22306609=1, 31400578=3, 31226927=1, 14162281=6, 28350298=2, 21752132=1, 877403=1, 26991233=1, 11761580=1, 14237780=1, 17772124=3, 6649221=1, 31790144=3, 16668194=1, 9850632=1, 24947834=2, 32838432=3, 18217363=1, 11717941=1, 24107881=1, 25236222=3, 23666960=3, 92711=1, 18068841=2, 12289858=2, 28706831=4, 7930974=3, 25647601=1, 33504574=3, 2684247=1, 1290114=2, 24381587=5, 20531731=1, 29049290=1, 3104117=1, 22978158=2, 7072138=1, 31671387=1, 9442202=7, 22842216=2, 30114251=2, 12436640=1, 22405220=1, 6651564=1, 15970716=2, 8492274=2, 30504174=1, 13728780=1, 15396722=1, 6807941=1, 3237011=1, 1872558=2, 26804676=3, 7160402=1, 16717233=3, 4051275=1, 17173279=4, 25077546=2, 2633065=6, 30157468=5, 14620250=3, 28433071=1, 30520482=2, 9975087=6, 3071306=1, 28406497=1, 13383091=5, 20329519=4, 2016804=1, 7735322=4, 11864917=3, 14907744=1, 15385910=1, 26423992=3, 27599815=3, 3439235=1, 25386759=1, 32300733=1, 19695492=2, 436128=2, 29377894=1, 13638276=7, 28031784=2, 19041113=2, 20927355=1, 26750987=6, 26925592=1, 719926=1, 9526845=1, 29050046=1, 27389138=1, 20929000=1, 27927773=4, 10611241=1, 9945643=1, 8789604=4, 19136812=5, 19631662=2, 17941474=1, 7678462=3, 14503754=1, 12425050=2, 17064687=1, 15804712=3, 2975568=1, 1008811=1, 23858330=5, 17479986=2, 19524594=1, 2503229=4, 7175505=1, 10074316=2, 19515549=1, 24974824=3, 7945843=3, 26858922=1, 1535268=1, 7271009=1, 28994305=1, 604246=3, 27648126=1, 19064508=1, 28225464=2, 4968539=1, 32138569=1, 27867077=3, 33012350=2, 33371184=3, 25619461=1, 10984061=2, 10514800=1, 17873613=2, 7410281=3, 32624782=1, 14194762=2, 23558747=1, 4576954=1, 4447389=1, 26767401=1, 31265414=3, 2133615=2, 970785=1, 20839726=1, 15126457=1, 16164508=2, 19727900=3, 5175770=1, 12491431=2, 16568224=1, 2515008=1, 4100828=2, 10281588=1, 31112766=2, 19186058=1, 16955149=2, 17684801=1, 21590138=1, 23135374=3, 15448929=2, 23379377=2, 14309976=1, 3362945=1, 2262295=2, 14172302=1, 8374477=1, 9634756=3, 9701461=5, 31402540=3, 30962817=1, 17526957=1, 17090498=1, 2734329=2, 2407608=2, 27977205=1, 25480479=1, 32474311=2, 15004612=1, 10493835=8, 6412481=1, 11777783=2, 32258190=5, 2336927=2, 15915173=1, 26127165=2, 27125776=1, 5336174=1, 3908427=2, 23147982=3, 31163914=2, 11405540=4, 33390647=2, 94405=1, 10233372=5, 25639769=3, 28693297=1, 8722174=3, 23385833=1, 5702201=3, 16528158=5, 7103523=1, 24056827=3, 13288755=1, 6577504=1, 12751849=2, 4435835=2, 25982412=1, 14792033=2, 24910051=5, 3953169=1, 3501179=1, 30636601=1, 11360213=1, 11326088=1, 30387257=2, 6370027=3, 8034407=2, 21938033=2, 9070253=1, 14071190=2, 24187171=3, 10652851=2, 1574203=6, 12675863=1, 8199412=3, 7556541=1, 6603853=1, 31793815=3, 17454413=1, 6879198=1, 6821165=6, 23022751=1, 21892762=4, 1641703=3, 20501371=1, 5440803=3, 28179256=1, 6723205=2, 16710278=1, 26249098=2, 5816253=2, 3566445=1, 22156321=4, 18840916=1, 2616903=1, 13816502=1, 969896=1, 25124702=1, 30927814=1, 22799691=1, 13784271=1, 21996473=2, 19186928=1, 20194914=5, 33258519=1, 19361480=1, 7218256=4, 10026595=1, 7936216=3, 17944182=1, 25764816=3, 2850648=1, 5826360=1, 29532852=2, 21951714=1, 18962992=1, 23180425=2, 8272860=4, 5958323=1, 28130716=3, 3396676=1, 32293972=1, 24816088=2, 15510085=2, 9277721=2, 18409652=1, 15263631=1, 21401887=2, 17856550=1, 29737449=1, 17028231=1, 6347459=1, 1216122=2, 7867465=6, 25663962=2, 17832326=7, 7433167=1, 9470738=2, 10990918=2, 1394021=1, 6702204=1, 19610172=3, 32762401=1, 28191148=4, 27001313=5, 5764317=1, 10519786=2, 3526384=1, 4758767=2, 29756230=4, 24934751=1, 18027025=3, 16144677=1, 27810812=1, 22343717=1, 17307359=6, 20750768=2, 16336315=1, 7894985=1, 2120955=1, 30032247=1, 7870633=6, 9133290=1, 16114904=1, 20392578=3, 21465=1, 8919571=6, 28824314=1, 6300292=8, 31994610=6, 24053856=3, 20623179=2, 608084=1, 6210671=1, 7093584=5, 26667930=1, 21307041=3, 31119171=1, 23784372=1, 28721771=1, 1483869=2, 3410268=5, 22980420=2, 1208337=1, 11497180=1, 25631188=3, 25736695=2, 12419772=2, 10820833=3, 26936154=3, 26460462=1, 4688310=2, 23348623=1, 282229=1, 22545453=6, 26232854=1, 2528634=2, 31382194=1, 29291849=1, 25496182=3, 28156488=2, 26029005=3, 19137484=5, 3996575=1, 28923024=1, 2616767=1, 5664276=1, 29970396=1, 7231968=1, 30278935=4, 5596626=1, 16042217=1, 11595384=1, 28327095=7, 33310158=1, 9637445=3, 10566102=3, 30062899=2, 6123321=1, 17518850=1, 18211148=1, 33327719=2, 8595624=3, 30465129=1, 17190855=1, 8607768=1, 11780493=1, 4889414=2, 19328694=1, 30843043=2, 29040693=3, 27074852=3, 16779410=11, 515986=1, 9458902=1, 8507871=1, 5926298=1, 23617124=1, 16582578=3, 3838693=2, 29073847=2, 29845859=1, 22140741=1, 29380630=1, 29819960=3, 30228183=3, 3258571=2, 21708593=3, 33193211=1, 22301494=1, 16632564=1, 25845217=1, 3157966=7, 7750507=1, 22664744=1, 20608619=1, 8890535=2, 11820500=1, 32714059=3, 30463813=1, 17124687=1, 31093056=1, 10281121=1, 25453682=1, 21772491=5, 17230231=1, 5808831=2, 11216898=3, 2054929=1, 765540=2, 29417352=1, 25976294=1, 31055620=1, 7552575=3, 10119616=1, 988024=3, 18864687=1, 8718802=3, 9109283=1, 9872608=2, 25398123=2, 32617343=2, 20153873=2, 18731621=1, 4742573=1, 12031288=2, 169449=2, 4510232=1, 25883821=1, 818020=1, 25757081=3, 14258863=2, 20135697=3, 323304=1, 29229652=4, 29541956=1, 1037620=1, 9772532=3, 17946023=1, 7967665=2, 23212364=4, 30656120=1, 21864777=2, 9596163=1, 1769495=3, 5229701=1, 26113058=1, 19421628=1, 5640277=4, 2520131=1, 546296=1, 438659=2, 26415417=3, 30837173=2, 31901805=1, 29098930=5, 8236990=2, 21439348=3, 27592852=3, 13258888=1, 15844371=1, 23864196=5, 6832558=1, 13403147=2, 4993283=5, 4474167=1, 21299617=3, 3516540=2, 2286422=1, 21907755=1, 8264064=4, 27406294=4, 16223040=2, 32900393=4, 14716873=2, 13456977=1, 17217473=2, 29303163=3, 11317778=2, 23847458=1, 15579296=2, 5903446=4, 16462484=3, 32426311=1, 19912066=1, 18011390=1, 1079500=1, 15289994=1, 12848851=5, 12428580=2, 5467278=1, 22285765=5, 21113596=4, 10645676=1, 1793469=1, 24487380=2, 26457333=2, 32752259=1, 13370159=5, 16349268=1, 25362470=3, 5753817=1, 28925221=1, 32904546=4, 16251722=1, 13170590=1, 32506447=7, 21154198=1, 2968787=1, 23498864=2, 1394506=1, 32354302=2, 5938479=2, 27539489=5, 16903472=1, 5646205=4, 12070633=6, 24682724=2, 31030500=1, 14036765=4, 25344399=2, 8578165=1, 31863209=4, 10422170=3, 7943841=3, 13566404=3, 1628443=1, 28323492=7, 20654151=3, 25446573=1, 13921691=1, 27712400=1, 22612943=3, 7247402=2, 9182370=5, 9058591=4, 13414654=2, 14203209=2, 26084666=4, 20058719=4, 23650035=1, 2843906=1, 25499915=3, 16305080=1, 29777574=1, 5755682=1, 8065391=3, 21687697=1, 14918328=2, 27113071=2, 32813950=2, 27537952=5, 733135=3, 26095581=4, 22225036=3, 28945059=2, 22948469=4, 24491913=2, 29630955=5, 18101876=5, 13644266=7, 31049025=1, 30141476=1, 891463=2, 18985094=2, 2285664=1, 13400002=1, 10368634=4, 30825073=1, 17133312=1, 23100014=1, 17670014=2, 21296852=1, 8159152=1, 7439696=2, 9617058=2, 29260618=1, 24022788=2, 19982944=1, 2040907=3, 29473370=2, 10439519=1, 14528372=2, 28617828=2, 4032533=2, 6707015=1, 20838361=1, 17355782=1, 32185315=3, 14161017=6, 18242793=1, 9301378=1, 13831187=3, 30103331=1, 11624110=1, 19560842=1, 1715414=4, 9651043=1, 18937358=1, 4779982=1, 4890702=2, 6826=15, 622545=1, 8239231=2, 13896629=5, 4165642=2, 16117685=1, 26903683=2, 20372539=1, 32790834=1, 16832126=1, 31375338=2, 12241262=1, 6170338=4, 7219068=4, 24405977=1, 22039648=1, 10342890=1, 14993489=1, 9971153=6, 24464231=1, 4313241=1, 30349725=3, 843300=1, 14306718=1, 12462510=4, 8484516=1, 15519843=1, 30226465=3, 23078140=8, 24867940=1, 2202886=2, 33209711=2, 9874583=2, 19668707=5, 19407032=6, 19129640=1, 28541778=2, 25902357=3, 27990484=3, 22610856=3, 10060349=2, 12508543=1, 29668652=2, 30671521=5, 8877237=1, 19462672=1, 14933500=1, 9443174=7, 29845658=1, 27807968=1, 17143856=2, 3347824=3, 2776=13, 29783191=1, 17195755=1, 6150584=1, 18140258=1, 23104249=2, 10723546=2, 1234051=1, 3731136=1, 17122799=1, 4121417=1, 18095002=5, 24387027=5, 18886951=8, 28726889=1, 8907775=1, 27269094=8, 17726544=1, 12793413=3, 19351575=1, 18266881=2, 14906493=1, 25045161=4, 27360331=1, 4930114=3, 14047830=1, 5651357=4, 32573777=3, 12607526=1, 32111708=1, 13160495=1, 28754679=1, 17157081=1, 6415850=1, 22163068=4, 22877896=3, 25546485=1, 8124509=1, 6389902=2, 12283926=1, 3547234=4, 2253673=1, 14756583=3, 8451832=1, 30605175=1, 26871904=4, 32106532=1, 527741=6, 17521430=1, 18007181=1, 768150=2, 24581201=3, 26869487=1, 18962614=1, 26942303=3, 16531347=5, 16794072=1, 28125722=3, 32675664=2, 29773238=1, 13819955=1, 22964591=1, 8481088=1, 5084278=2, 17554965=1, 8812012=1, 9397103=1, 32433550=1, 28486721=2, 19062806=1, 33434770=4, 7178280=2, 31195178=5, 20564858=1, 25442631=5, 23010736=3, 4485143=1, 6387410=1, 17206484=2, 9543696=2, 30637279=1, 18384652=2, 16305834=1, 3697466=1, 11978298=1, 30962412=1, 7292402=1, 22900234=1, 20177800=1, 12900799=1, 13038510=1, 1837392=5, 23701167=2, 19796906=4, 16763006=1, 4895027=2, 28448254=4, 18423802=3, 8211344=1, 19315308=2, 21643254=4, 31918160=3, 15016636=3, 24270255=1, 28527309=1, 22570425=1, 33236885=3, 835415=2, 7358664=1, 7054630=2, 31642313=1, 16504987=1, 15618527=1, 32789346=1, 29170119=3, 350458=1, 28131564=1, 22989862=1, 22953289=4, 5423200=1, 21872017=2, 10343475=1, 18261271=2, 7399740=1, 29216430=1, 26734209=1, 26759012=1, 2352811=1, 14618960=3, 12254986=1, 17077986=2, 4465497=5, 18294419=3, 18966187=1, 4857423=4, 13850053=1, 2002780=2, 23144230=3, 24676564=2, 10003632=2, 8989994=3, 17122501=1, 1751069=2, 20369121=1, 2026665=1, 30944586=6, 20579051=4, 28559674=1, 23182842=2, 27318579=1, 29216762=1, 20401114=1, 4877200=1, 9297059=1, 1883166=2, 3313830=2, 20799803=1, 22737936=1, 14889640=3, 15596472=1, 7403497=1, 23605590=6, 26999402=1, 14717093=2, 27948854=1, 26776100=2, 32299714=1, 10616643=1, 15414013=3, 29851190=1, 33194727=2, 634081=2, 4166054=2, 26924439=1, 18911831=2, 14501641=1, 7437837=1, 32960589=1, 18847227=2, 8144356=1, 8258713=4, 23904207=2, 22305622=1, 9352662=2, 1611720=2, 3351802=3, 1893425=1, 4935522=1, 24206419=1, 5049804=3, 23661545=3, 1692793=1, 1115685=3, 22232106=3, 32904610=4, 25945027=1, 21888796=1, 6784440=2, 32557993=1, 25802749=2, 5993597=1, 12337299=1, 3423114=5, 3771714=2, 23488107=1, 30971149=2, 3168957=1, 12875033=1, 14786290=2, 29795546=2, 10384875=1, 27998672=3, 20142560=1, 18639160=1, 3987571=1, 5039946=1, 486647=1, 11172817=1, 11845005=2, 18744390=4, 21575905=3, 4457683=5, 9343722=2, 17009707=2, 5228393=1, 25999881=2, 12072521=6, 12853629=5, 30299210=1, 10192726=2, 5287863=2, 30546123=4, 32855726=1, 13851209=1, 9947013=1, 21302110=3, 11651669=1, 2025824=1, 7775225=2, 20739623=1, 3768523=2, 6632969=3, 23616193=1, 2049169=1, 15154=14, 6183892=1, 20875135=2, 4049224=1, 4318605=1, 30452824=2, 18177691=1, 32385009=4, 16789638=11, 852753=3, 7912072=2, 2455932=1, 1169941=1, 33476371=1, 5756194=1, 16683631=2, 23245556=2, 28614315=2, 15123323=1, 138524=4, 6828068=6, 31936145=1, 1757445=1, 28024438=2, 13542035=2, 1023609=2, 27288611=1, 8543646=1, 310730=2, 12721894=4, 611666=1, 30721025=1, 18575177=1, 24087939=2, 30087903=3, 13999814=2, 21723635=1, 1530503=1, 5813868=2, 32787290=1, 24373539=1, 33295415=5, 32777005=5, 6055334=1, 18634725=1, 31118542=1, 24702641=1, 25390680=1, 28083908=2, 24017340=1, 27657226=4, 3405402=1, 25508504=3, 24308858=1, 5930615=1, 30636530=1, 18710405=1, 21187408=1, 30337530=1, 24474089=1, 27285726=1, 31265060=3, 16579327=1, 7096664=1, 15940390=3, 4409813=1, 16322706=3, 32740393=2, 28742754=2, 13466653=1, 17724753=1, 18346208=1, 14600293=1, 12329061=5, 18605844=1, 30946322=6, 22437529=1, 32754608=1, 28418434=2, 12690458=2, 5722953=1, 24482178=2, 15598032=4, 2602372=2, 28598617=1, 23151323=1, 29732131=2, 21487396=1, 21342239=2, 12296112=2, 8747020=1, 29126131=1, 21832496=3, 1507242=1, 13722016=1, 3735220=1, 16719380=3, 6934952=1, 8330290=3, 30229717=1, 767271=2, 1915552=3, 18153555=3, 28350540=2, 7913800=1, 6725454=2, 32404627=1, 22950374=4, 14718311=2, 28413032=2, 8191186=1, 22313414=1, 23554730=1, 27434773=2, 18480539=1, 17259364=1, 4602352=4, 3300380=1, 32883436=1, 21651787=1, 8409133=1, 29862654=2, 31935458=1, 27463260=3, 19597593=3, 7711014=2, 438057=2, 15314768=2, 1521726=3, 15116251=2, 5214417=2, 23716100=1, 26090270=4, 22725197=1, 23304574=2, 3221170=3, 1204400=1, 14610850=1, 2811530=1, 12715733=4, 7499832=1, 4358326=2, 4943347=1, 2968834=1, 8825261=2, 31155506=1, 24738245=1, 4418879=1, 16789203=11, 14430266=5, 2917077=2, 18707319=1, 10069417=2, 11378272=2, 25812571=1, 20729084=1, 653935=1, 22771758=1, 20978445=9, 1811726=2, 28619139=2, 7977405=2, 24111939=1, 28066837=1, 10412440=1, 9011731=2, 10473160=1, 32248590=5, 21897702=4, 6926925=2, 11356451=1, 6947669=4, 26954251=1, 31440000=2, 21096250=1, 15597446=1, 15719735=1, 23569939=2, 3863057=1, 17884178=1, 28395211=1, 6498813=3, 28078272=1, 10233717=5, 22122456=2, 10210143=1, 24803179=1, 20373833=1, 17200591=1, 1695017=1, 32643180=4, 23640914=2, 5572574=3, 72257=3, 4224106=1, 24914959=5, 6813291=1, 12415026=1, 32734703=1, 22407250=1, 10953545=3, 26273924=1, 19898739=2, 11016291=6, 15070864=1, 8290080=1, 16261864=6, 6516597=1, 31481090=1, 11905375=2, 904292=1, 1450139=4, 1631451=1, 14932929=1, 25448811=1, 2094347=1, 3223226=3, 15597159=1, 26724078=1, 11359107=1, 20549882=2, 27738877=1, 5840981=3, 31656554=3, 11271966=1, 7874458=6, 15219267=6, 26846040=2, 20570074=1, 24538682=1, 25105148=3, 21399851=2, 10518962=2, 33507745=1, 20250142=1, 2626927=6, 11557315=1, 16499323=1, 19168306=1, 16355460=2, 26325963=2, 19928387=7, 5533308=1, 19545535=4, 7722665=1, 2373188=5, 25924076=2, 14518195=2, 3198752=1, 8354396=1, 20245285=1, 13208233=2, 32028335=2, 8942595=1, 15263199=1, 9182040=5, 6130684=2, 7473265=4, 21379050=4, 12288714=2, 24117886=7, 29996190=2, 12081459=1, 11461293=1, 21327649=1, 5186318=3, 16842797=3, 32512336=7, 24839901=3, 15639329=2, 1963516=1, 6640932=1, 33500888=3, 21736699=2, 14120383=1, 7020410=3, 31089380=1, 1063063=7, 10235250=5, 2922504=2, 26037190=1, 8867196=1, 1854224=1, 5509822=5, 32546666=2, 5333894=1, 19752990=1, 8721033=3, 2148200=1, 8539374=1, 29740375=1, 14381249=1, 11140694=1, 16408136=1, 2513030=1, 6941867=1, 31116564=1, 26969940=2, 32194499=3, 1886362=1, 16776269=1, 7758443=1, 22212733=1, 13181155=3, 20544744=1, 4206350=9, 19551766=1, 2027927=1, 26565156=1, 9695176=1, 23222567=1, 7220620=4, 25224483=1, 25378122=3, 15831745=2, 6604031=1, 14696689=1, 4977403=1, 15605278=4, 2101638=8, 12404015=1, 14990455=2, 10905946=1, 8224704=1, 33049701=1, 32067185=1, 31522093=1, 10420901=3, 16124677=4, 29078840=2, 18334593=1, 9380776=3, 3678548=6, 4359159=2, 9073074=1, 19966068=2, 33286395=1, 30086303=3, 23715370=1, 17551233=1, 16110504=1, 1609546=2, 1337684=1, 32910135=4, 24330162=3, 21594775=2, 4845830=1, 20868845=1, 3966366=2, 7276676=3, 18173316=1, 883541=1, 3721561=1, 23835818=2, 10828451=3, 25028028=1, 33319216=1, 27821217=2, 15204725=6, 14301186=4, 1513211=3, 16319584=3, 24118442=7, 7656227=1, 21640025=4, 20791631=1, 27022157=1, 16642930=1, 25881848=1, 7830839=1, 31875015=1, 18453204=2, 17918938=1, 15464901=1, 22997369=1, 6331930=2, 24360769=2, 10168794=3, 25648447=1, 32311522=3, 6339973=2, 21913268=1, 3703399=2, 14015899=1, 8873601=1, 3002690=1, 13116481=6, 30592020=1, 29537145=2, 28894296=1, 7303049=1, 19816602=1, 18864353=1, 17292125=1, 19563642=2, 28546637=2, 5651186=4, 25466875=2, 12843818=1, 4050386=1, 5452650=3, 25045058=4, 15795090=3, 14777112=1, 4957740=2, 17225117=1, 15653283=1, 22375328=1, 5856622=1, 25452373=1, 1149425=2, 16338149=1, 21698123=3, 33018695=1, 4570636=2, 6197448=2, 1219063=2, 1827307=1, 17392327=1, 20026891=2, 31760670=2, 32493302=1, 9963547=6, 29248868=1, 5248049=7, 8771607=1, 25293573=1, 24087405=2, 24739740=1, 3166425=1, 18193527=2, 1937187=2, 19735736=3, 1045208=1, 26099735=1, 26710955=2, 112469=2, 18278607=1, 14634303=1, 12449802=1, 19943515=1, 23708821=1, 6363121=3, 30856167=1, 24975840=3, 3753964=1, 4024445=1, 24862406=1, 26003883=1, 4792756=3, 2362840=5, 6394893=2, 5373984=4, 13199556=1, 24705992=1, 30811630=4, 23784571=1, 13818751=1, 11332798=1, 29044946=3, 14497899=3, 30073553=1, 11995144=3, 33471669=2, 10475906=1, 2246249=1, 7853026=1, 6760076=3, 16117168=1, 17668445=2, 29975456=1, 19258757=1, 21152732=1, 23307870=2, 29191711=1, 30056902=2, 20939367=2, 12289869=2, 5184546=3, 28868618=2, 16934508=1, 14050373=1, 1449896=4, 1297735=1, 27991469=3, 7380833=2, 134456=4, 24006995=1, 15042084=2, 17197584=1, 7803136=3, 14669493=1, 26919320=1, 12080979=1, 16794745=1, 23458805=1, 10024246=1, 3684290=6, 8732970=1, 24080404=1, 22184082=2, 8036366=2, 8158650=1, 9889196=1, 17499621=3, 9154966=2, 13473242=2, 15582292=1, 11473510=3, 13138499=1, 10083691=1, 5080547=2, 28307611=1, 20319301=4, 16705833=1, 22190307=2, 3476725=3, 24477230=1, 26889564=1, 30102816=1, 9829777=1, 33043732=6, 32962010=1, 10960974=1, 2220225=1, 29807360=1, 26603815=1, 17123309=1, 20852200=4, 3811503=4, 14475804=1, 7640459=2, 27060457=1, 32181147=3, 10798074=1, 25455625=1, 29287331=1, 16353493=2, 963262=2, 12213666=1, 26874844=4, 33318713=1, 13708701=3, 31779994=1, 29638816=1, 16609959=1, 16312112=1, 24099716=2, 12072566=6, 21013232=2, 17152734=2, 21604887=2, 29958283=3, 742751=1, 26164135=3, 4738881=1, 20583327=4, 14136305=2, 13400276=1, 11156550=4, 7407754=3, 23793072=3, 24542708=1, 24678324=2, 10284005=1, 27785668=1, 17608295=2, 28929033=1, 619520=1, 24361109=2, 9167637=1, 2463658=2, 8494934=2, 18130290=2, 21091323=1, 13725386=1, 33018456=1, 27099129=1, 31019589=1, 30414111=7, 22906193=2, 810026=1, 1217951=2, 8843509=1, 27530343=5, 26895166=1, 8234633=2, 8289257=1, 27686952=1, 5954338=1, 4584389=1, 16654145=4, 21240469=5, 1087939=2, 14269956=2, 24766542=1, 32221308=2, 24131467=7, 15129378=1, 22975875=2, 26015337=1, 30859812=1, 7225277=4, 29444012=1, 30278815=4, 28037901=1, 26037384=1, 25927262=2, 5188624=3, 28951229=1, 6125714=1, 18434130=1, 19785382=1, 29807029=1, 7032284=1, 2024642=1, 7783351=1, 25740949=1, 25308714=4, 30812633=4, 26457731=2, 29135892=2, 27549306=1, 5121510=4, 1895340=1, 13475607=2, 23589103=1, 32707164=3, 15003607=1, 13323866=1, 15072245=1, 22540854=1, 4529919=3, 20238363=1, 9791837=1, 32797922=1, 1728964=1, 1305190=1, 14071923=2, 16731906=1, 26731139=1, 24335919=1, 19831690=2, 31148962=1, 24965408=1, 8404105=10, 21754779=1, 22302707=1, 22196688=2, 15835002=2, 10359261=4, 27044546=2, 12729245=4, 2604832=2, 27798356=6, 2897066=5, 32611478=2, 28801621=1, 32667169=1, 14231456=3, 25492509=1, 21038613=3, 2666184=2, 2554625=1, 20059531=4, 32622010=1, 20800670=1, 11566642=1, 11949559=1, 28734519=1, 30785=1, 33447016=1, 23232943=2, 3448735=2, 30902736=2, 26382471=2, 5597253=1, 5674797=2, 4281004=1, 4881391=1, 3566951=1, 33307627=5, 14551059=4, 666533=4, 8645271=1, 20404500=1, 21500760=6, 27817925=1, 23177209=2, 11113102=2, 7501898=1, 23985152=1, 17682677=1, 13595614=1, 24946570=2, 2068888=2, 9533814=1, 27351867=1, 3094247=3, 31094965=1, 3219068=3, 26666349=1, 24316748=3, 25205078=2, 7098756=1, 18492453=4]}> but was:<...Prime: 6 register: {[27434773=2, 10359261=4, 719926=1, 27948854=1, 32883436=1, 10990918=2, 10210143=1, 3237011=1, 6649221=1, 1609546=2, 1069861=1, 486647=1, 9850632=1, 7552575=3, 12187391=1, 24022788=2, 28801621=1, 16349268=1, 27221699=1, 1513211=3, 27215055=1, 25902357=3, 13722016=1, 27817925=1, 26667930=1, 30463813=1, 22980420=2, 33209711=2, 1751069=2, 18011390=1, 32707164=3, 30825073=1, 14932929=1, 11717941=1, 4032533=2, 11028113=1, 17090498=1, 25492509=1, 28546637=2, 3771714=2, 17173279=4, 16832126=1, 16312112=1, 30962817=1, 436128=2, 25764816=3, 25499915=3, 32196116=1, 2396194=2, 29946471=1, 20978445=9, 17499621=3, 17157081=1, 25631188=3, 3703399=2, 1521726=3, 15314768=2, 30785=1, 21487396=1, 2246249=1, 30141476=1, 1337684=1, 32385009=4, 30016867=4, 23715370=1, 22225036=3, 10944937=3, 1204400=1, 835415=2, 9125529=3, 27060457=1, 29111646=5, 24080404=1, 10611241=1, 10684501=3, 23640914=2, 15219267=6, 24087939=2, 1115685=3, 2148200=1, 31112766=2, 22313414=1, 24739740=1, 14231456=3, 10475906=1, 843300=1, 8890535=2, 7544616=3, 30032247=1, 26037190=1, 10616643=1, 9380776=3, 14634303=1, 26710955=2, 12462510=4, 14036765=4, 7977405=2, 27810812=1, 21013232=2, 24381587=5, 27452746=1, 29970396=1, 2054929=1, 19407032=6, 18217363=1, 11461293=1, 24017340=1, 30760837=1, 26236556=1, 11473510=3, 31790144=3, 16609959=1, 12018302=1, 22725197=1, 28078272=1, 23862909=5, 1450139=4, 30546123=4, 1893425=1, 30349725=3, 21302110=3, 2929780=2, 2515008=1, 31501853=2, 17307359=6, 3863057=1, 5533308=1, 3908427=2, 23385833=1, 21752132=1, 7750507=1, 15448929=2, 11016291=6, 22545453=6, 29417352=1, 19898739=2, 30103331=1, 13466653=1, 29260618=1, 19735736=3, 13999814=2, 19928387=7, 8607768=1, 12241262=1, 27798356=6, 7722665=1, 23100014=1, 7407754=3, 20564858=1, 24047436=1, 21651787=1, 23212364=4, 14314800=1, 4943347=1, 31994610=6, 21872017=2, 32530758=1, 33049701=1, 33319216=1, 26936154=3, 4121417=1, 8039895=2, 12729245=4, 29596314=2, 25845217=1, 10281121=1, 21296852=1, 14047830=1, 20372539=1, 15639329=2, 25568617=4, 29287331=1, 24361109=2, 24839901=3, 29819960=3, 25881848=1, 33307627=5, 32181147=3, 7067134=1, 10233372=5, 25455625=1, 14993489=1, 10984061=2, 26232854=1, 8124509=1, 22610856=3, 28031784=2, 27360331=1, 8354396=1, 2897066=5, 32546666=2, 28951229=1, 4024445=1, 20142560=1, 666533=4, 25233124=3, 9661864=1, 11326088=1, 17077986=2, 7945843=3, 2850648=1, 30837173=2, 2285664=1, 7870633=6, 27549306=1, 16462484=3, 25124702=1, 25045058=4, 9058591=4, 12337299=1, 12054184=1, 33043732=6, 13456977=1, 15321421=1, 23605590=6, 19752445=1, 3362945=1, 2975568=1, 27977205=1, 29532852=2, 7220620=4, 7410281=3, 11624110=1, 22206911=1, 25883821=1, 9373943=3, 19062806=1, 15835002=2, 15016636=3, 26874844=4, 18748199=4, 24862406=1, 31280636=1, 17152734=2, 5440803=3, 1149425=2, 18962992=1, 7735322=4, 19545535=4, 23182842=2, 72257=3, 18634725=1, 5121510=4, 16731906=1, 3094247=3, 4051275=1, 5597253=1, 5756194=1, 9073074=1, 4940024=1, 12793413=3, 16719380=3, 9815165=1, 31094965=1, 7874458=6, 10284005=1, 12643348=1, 33318713=1, 28614315=2, 5228393=1, 17454413=1, 29135892=2, 29581787=1, 21772491=5, 14237780=1, 15129378=1, 23784372=1, 28894296=1, 3167653=1, 24910051=5, 13258888=1, 17682677=1, 18266881=2, 6210671=1, 6159846=1, 3838693=2, 21401887=2, 4584389=1, 26003883=1, 22989862=1, 7183334=2, 10471191=1, 4224106=1, 4313241=1, 24947834=2, 1872558=2, 20608619=1, 18886951=8, 5826360=1, 23617124=1, 29807029=1, 33012350=2, 29807360=1, 6125714=1, 18211148=1, 31084064=1, 32493302=1, 7096664=1, 23307870=2, 26903683=2, 6331930=2, 28929033=1, 4935522=1, 13323866=1, 4570636=2, 21864777=2, 18450738=2, 24914959=5, 25919329=1, 29073847=2, 7178280=2, 23701167=2, 33390647=2, 22232106=3, 30504174=1, 26776100=2, 16781835=11, 21888796=1, 31118542=1, 28350540=2, 12449802=1, 5934762=2, 16568224=1, 16794745=1, 26163878=3, 14501641=1, 25647601=1, 18384652=2, 10820833=3, 27288611=1, 26999402=1, 21465=1, 21938033=2, 10233717=5, 16642930=1, 25045161=4, 13638276=7, 4857423=4, 19816602=1, 31148962=1, 21608483=2, 5049804=3, 31089380=1, 6926925=2, 22196688=2, 15464901=1, 29291849=1, 11566642=1, 23988839=4, 17057041=1, 6941867=1, 16392464=4, 16499323=1, 1305190=1, 19064508=1, 7473265=4, 19136812=5, 28395211=1, 31155506=1, 29211959=2, 30056902=2, 20319301=4, 14865374=1, 21590138=1, 12289869=2, 14777112=1, 3074715=1, 23348623=1, 18650261=2, 10074316=2, 25453682=1, 11332798=1, 18480539=1, 13370159=5, 23498864=2, 8721033=3, 18864687=1, 1243695=1, 27099129=1, 26113058=1, 4418879=1, 15385910=1, 10420901=3, 31265060=3, 26891383=1, 1079500=1, 13831187=3, 7380833=2, 22310988=1, 9182370=5, 14669493=1, 32960589=1, 33258519=1, 28130716=3, 22978158=2, 7020410=3, 1216122=2, 32557993=1, 14792033=2, 148682=1, 33018695=1, 12419772=2, 11140694=1, 28726889=1, 22344654=1, 1063063=7, 19563642=2, 16750118=2, 10069417=2, 17197584=1, 15795090=3, 29200409=2, 27807968=1, 23022751=1, 17429340=1, 15004612=1, 26325963=2, 18177691=1, 13328795=1, 7656227=1, 26820022=3, 30157468=5, 22842216=2, 29122749=1, 20927355=1, 31116564=1, 6341173=1, 32969858=3, 18334593=1, 31163914=2, 24206419=1, 24542708=1, 4792756=3, 32797922=1, 14425396=5, 13181155=3, 3439235=1, 4088153=1, 12289858=2, 19515549=1, 30299210=1, 13400276=1, 7231968=1, 30087903=3, 29380630=1, 5373984=4, 23146480=3, 5186318=3, 11271966=1, 4955522=2, 27464271=3, 9343722=2, 17190855=1, 1769495=3, 6406413=1, 15940390=3, 18840916=1, 1208337=1, 19902744=2, 14071923=2, 3258571=2, 3002690=1, 5753817=1, 12675863=1, 28598617=1, 3811503=4, 17259364=1, 9701461=5, 282229=1, 18937358=1, 16117685=1, 7218256=4, 634081=2, 13116481=6, 25448811=1, 94405=1, 20583327=4, 2968834=1, 10905946=1, 24946570=2, 15204725=6, 26969940=2, 4688310=2, 22306609=1, 20544744=1, 1217951=2, 12436640=1, 158177=1, 7700256=1, 26991233=1, 3516540=2, 19610172=3, 21686376=1, 21588949=1, 21307041=3, 33327719=2, 20579051=4, 28925221=1, 26942303=3, 26750987=6, 29845658=1, 21604887=2, 30605175=1, 17122501=1, 29851190=1, 18346208=1, 17673937=2, 29473370=2, 21594775=2, 8492274=2, 33471669=2, 32900393=4, 12751849=2, 22612943=3, 5188624=3, 23835818=2, 21687697=1, 21152732=1, 17518850=1, 14203209=2, 3397209=1, 15844371=1, 2968787=1, 27297291=2, 3953169=1, 19525700=1, 17416084=2, 970785=1, 18649055=2, 2094347=1, 13725386=1, 11995144=3, 527741=6, 27269094=8, 6702204=1, 29541956=1, 24678324=2, 14756583=3, 2677343=1, 13403147=2, 12080979=1, 30904883=2, 31093056=1, 6651564=1, 12491431=2, 9936213=2, 19943515=1, 6179628=1, 24477230=1, 13728780=1, 1574203=6, 14931786=1, 16710278=1, 30856167=1, 17832326=7, 31402540=3, 9639286=3, 4165642=2, 24387027=5, 19752990=1, 32855726=1, 21299617=3, 6604031=1, 13850053=1, 29777574=1, 15161324=1, 1732213=1, 32300733=1, 17608295=2, 25077546=2, 30991345=1, 12149696=1, 28066837=1, 3104117=1, 5229701=1, 92711=1, 23985152=1, 20791631=1, 27389138=1, 2513030=1, 29795546=2, 9572038=4, 7103523=1, 13199556=1, 5765894=1, 14162281=6, 8330290=3, 18453204=2, 26157525=3, 17292125=1, 14918328=2, 6370027=3, 4130141=3, 11711953=2, 30843043=2, 27772246=1, 1394021=1, 6934952=1, 12721894=4, 22900234=1, 19982944=1, 19186058=1, 169449=2, 3735220=1, 15804712=3, 20245285=1, 20059531=4, 4435835=2, 30200436=1, 2016804=1, 20939367=2, 1937187=2, 8144356=1, 10493835=8, 28619139=2, 7175505=1, 7867465=6, 14906493=1, 28179256=1, 23177209=2, 23716100=1, 8258713=4, 18911831=2, 31863209=4, 26767401=1, 24335919=1, 2101638=8, 8812012=1, 12415026=1, 32643180=4, 10960974=1, 3721561=1, 14907744=1, 988024=3, 11156550=4, 16261864=6, 7968299=2, 25224483=1, 17217473=2, 6415850=1, 32185315=3, 29170119=3, 1483869=2, 6130684=2, 32624782=1, 10473160=1, 9637445=3, 17479986=2, 1449896=4, 10845816=1, 28029746=2, 32904610=4, 14718311=2, 21817304=1, 25812571=1, 32813950=2, 852753=3, 30671521=5, 5452650=3, 10083691=1, 634208=2, 8722174=3, 6639826=1, 33193211=1, 1641703=3, 23379377=2, 30944586=6, 33194727=2, 14430266=5, 15042084=2, 30056267=2, 969896=1, 20623179=2, 28121944=3, 7403497=1, 18731621=1, 27605680=3, 3501179=1, 2626927=6, 5958323=1, 21640025=4, 1018447=2, 134456=4, 1219063=2, 16305834=1, 7271009=1, 26734209=1, 7912072=2, 3408196=5, 1611720=2, 10798074=1, 1631451=1, 1854224=1, 14518195=2, 4890702=2, 11304246=1, 8843509=1, 2843906=1, 25976294=1, 5651186=4, 12254986=1, 12031288=2, 32512336=7, 31106279=2, 19631662=2, 15116251=2, 28824314=1, 5764317=1, 11257605=1, 30656120=1, 20153873=2, 11378272=2, 28191148=4, 33295415=5, 16705833=1, 20868845=1, 1692793=1, 14528372=2, 18920618=2, 2024642=1, 16632564=1, 5084278=2, 8264064=4, 26309795=1, 32056398=3, 18242793=1, 5722953=1, 23650035=1, 30229717=1, 21059289=1, 22540854=1, 10784688=2, 25639769=3, 19328694=1, 16164508=2, 17944182=1, 1037620=1, 9182040=5, 28406497=1, 33500888=3, 28527309=1, 11864917=3, 11113102=2, 6832558=1, 6813291=1, 26084666=4, 26423992=3, 16531347=5, 24464231=1, 23232943=2, 17856550=1, 28994305=1, 23793072=3, 22922549=1, 30946322=6, 21643254=4, 5674797=2, 8239231=2, 8561452=2, 30859812=1, 1297735=1, 31779994=1, 32667169=1, 9402743=1, 2049169=1, 13851209=1, 7894985=1, 22212733=1, 16353493=2, 7775225=2, 323304=1, 9651043=1, 11216898=3, 29214401=1, 8718802=3, 32617343=2, 23010736=3, 4779982=1, 15618527=1, 30465129=1, 3208157=1, 27785668=1, 11405540=4, 18792578=1, 12072521=6, 25999881=2, 23458805=1, 21708593=3, 1963516=1, 7072138=1, 32838432=3, 21681728=1, 17668445=2, 7930974=3, 14786290=2, 11780493=1, 4758767=2, 9791837=1, 15396722=1, 15831745=2, 19796906=4, 14551059=4, 21265124=1, 29668652=2, 9872608=2, 23245556=2, 891463=2, 20401114=1, 4529919=3, 4359159=2, 5333894=1, 2026665=1, 570404=2, 5509822=5, 30337530=1, 18864353=1, 742751=1, 29740375=1, 5755682=1, 8732970=1, 17145069=2, 15935776=3, 515986=1, 17009707=2, 8290080=1, 19831690=2, 33209575=2, 25789997=2, 17684801=1, 9829777=1, 23242358=2, 17122799=1, 26273924=1, 7292402=1, 15070864=1, 1538196=1, 3547234=4, 27406294=4, 27991469=3, 22953289=4, 27648126=1, 18101876=5, 20739623=1, 21913268=1, 5926298=1, 1417509=2, 13595614=1, 4081541=1, 22301494=1, 8989994=3, 17726544=1, 28413032=2, 19524594=1, 15597446=1, 14015899=1, 30902736=2, 28929065=1, 32248590=5, 16717233=3, 7081090=5, 4404463=3, 28693297=1, 29126131=1, 22664744=1, 1045208=1, 11043924=2, 2616767=1, 18423802=3, 8211344=1, 17206484=2, 27318579=1, 26031265=3, 8191186=1, 16676737=1, 17064687=1, 4742573=1, 3166425=1, 17724753=1, 23222567=1, 33018456=1, 30296654=1, 23847458=1, 18278607=1, 19839642=2, 8877237=1, 32638304=4, 26415417=3, 13921691=1, 12843818=1, 18710405=1, 8507871=1, 22877896=3, 2626664=6, 21166641=1, 9167637=1, 138524=4, 6577504=1, 6784440=2, 17554965=1, 11018058=6, 14172302=1, 31522093=1, 33502193=3, 27599815=3, 26164135=3, 8747020=1, 21038613=3, 22997369=1, 3968549=2, 29975456=1, 9617058=2, 10391233=2, 8543646=1, 24738245=1, 2463658=2, 22771758=1, 2455932=1, 883541=1, 30278815=4, 12338860=1, 8236990=2, 5214417=2, 15653283=1, 1290114=2, 4485143=1, 14381249=1, 14717093=2, 9975087=6, 24360769=2, 29732131=2, 4049224=1, 9011731=2, 23569939=2, 7758443=1, 7781652=2, 28125722=3, 16408136=1, 2616903=1, 10281588=1, 30568677=1, 1008811=1, 4318605=1, 24099716=2, 28350298=2, 24308858=1, 20838361=1, 30387257=2, 6826=15, 29303163=3, 3223226=3, 10026595=1, 11584477=1, 28706831=4, 31875015=1, 32573777=3, 17392327=1, 23571212=2, 29049290=1, 9109283=1, 22906193=2, 6648420=1, 608084=1, 10342890=1, 6170398=4, 611666=1, 653935=1, 25508504=3, 31631524=2, 24934751=1, 30925879=1, 31615167=1, 14050373=1, 3753964=1, 29377894=1, 23796715=3, 21327649=1, 15770353=2, 10422170=3, 19129640=1, 19421628=1, 27539489=5, 28327095=7, 28225464=2, 8699990=1, 26127165=2, 18068841=2, 17551233=1, 21154198=1, 15123323=1, 22595562=1, 26037384=1, 5903446=4, 30086303=3, 22407250=1, 4281004=1, 10384875=1, 20404500=1, 10439519=1, 5467278=1, 2604832=2, 28778407=3, 25028028=1, 16763006=1, 20373833=1, 6161611=4, 12875033=1, 2922504=2, 438659=2, 16152111=1, 8481088=1, 20799803=1, 27538449=5, 18847227=2, 10514800=1, 24676564=2, 31760670=2, 9133290=1, 2336927=2, 1827307=1, 17448205=4, 310730=2, 20750768=2, 12617835=2, 32404627=1, 8583072=1, 9428197=1, 3313830=2, 30982134=2, 10368634=4, 19966068=2, 29216762=1, 18985094=2, 17918938=1, 29248868=1, 10024246=1, 33371184=3, 2040907=3, 24581201=3, 28024438=2, 27927773=4, 3678548=6, 13138499=1, 14591385=2, 10119616=1, 16110504=1, 32279088=2, 31656554=3, 24538682=1, 23784571=1, 21750050=1, 17521430=1, 24118442=7, 8234633=2, 3300380=1, 7783351=1, 25924076=2, 8199412=3, 26382471=2, 25100984=3, 26662198=1, 7853026=1, 25205078=2, 6363121=3, 6300292=8, 19315308=2, 23539206=3, 15598032=4, 32194499=3, 21399851=2, 20058719=4, 20026891=2, 17670014=2, 22163068=4, 22186744=2, 7439696=2, 23050561=2, 25825003=4, 8272860=4, 26054112=2, 2776=13, 18752074=4, 30636601=1, 25452373=1, 25386759=1, 26457333=2, 11360213=1, 4751921=2, 13170590=1, 31389579=1, 29191711=1, 19351575=1, 23099923=1, 25802749=2, 16842797=3, 14194762=2, 28418434=2, 6389902=2, 25982412=1, 20991686=1, 25362470=3, 21500760=6, 20329519=4, 14136305=2, 32910135=4, 1915552=3, 6879198=1, 25344399=2, 2407608=2, 9533814=1, 6239148=3, 29044946=3, 16789638=11, 32426311=1, 29783191=1, 20800670=1, 25533230=2, 23616654=1, 30812633=4, 7219068=4, 10566102=3, 32752259=1, 29737449=1, 14620250=3, 9443174=7, 12313352=1, 20369121=1, 22737936=1, 619520=1, 6150584=1, 25398123=2, 7830839=1, 32904546=4, 23554730=1, 10235250=5, 8034407=2, 32293972=1, 13038510=1, 29229652=4, 8595624=3, 27686952=1, 3347824=3, 23616193=1, 23180425=2, 32138569=1, 31119171=1, 22087149=3, 818020=1, 28039534=1, 9526845=1, 22950374=4, 32506447=7, 32869785=2, 18027025=3, 16579327=1, 19977221=1, 15154=14, 22375328=1, 16251722=1, 7437837=1, 1507242=1, 12053444=1, 12070633=6, 30419707=7, 5640277=4, 14309976=1, 25945027=1, 24330162=3, 19695492=2, 24816088=2, 13288755=1, 6123321=1, 9963547=6, 8771607=1, 5813868=2, 1886362=1, 112469=2, 31211468=5, 17941474=1, 23864196=5, 26889564=1, 8919571=6, 17725430=1, 30592020=1, 5423200=1, 32067185=1, 877403=1, 21892762=4, 2684247=1, 23666960=3, 16955149=2, 26903545=2, 7890102=1, 11574222=2, 11736714=3, 1695017=1, 13475607=2, 9397103=1, 14503754=1, 24705992=1, 29444012=1, 29862654=2, 19258757=1, 26319311=2, 29638816=1, 8159152=1, 25535699=2, 8907775=1, 13819955=1, 21379050=4, 9889196=1, 8065391=3, 11356451=1, 6603853=1, 22122456=2, 30062841=2, 25740949=1, 18605844=1, 18193527=2, 26099735=1, 1811726=2, 10652851=2, 6081060=1, 26924439=1, 2262295=2, 25064902=1, 12840175=1, 5028650=2, 17884178=1, 13759192=1, 25378122=3, 5596626=1, 32221308=2, 5039946=1, 7943841=3, 4877200=1, 12288714=2, 15471409=5, 32474311=2, 2133615=2, 6723205=2, 24491913=2, 32777005=5, 10723546=2, 54851=1, 20929000=1, 19095553=1, 7000658=1, 32675664=2, 3526384=1, 21091323=1, 31793815=3, 32873198=2, 27285726=1, 1793469=1, 27530343=5, 14933500=1, 27592852=3, 30114251=2, 2554625=1, 19597593=3, 12448048=1, 12443016=1, 17742104=2, 31391898=3, 31222618=1, 350458=1, 32740393=2, 9277721=2, 7225277=4, 19912066=1, 6890377=3, 29756230=4, 3761862=1, 1757445=1, 14301186=4, 15582292=1, 15263631=1, 6640932=1, 3410268=5, 126436=1, 1530503=1, 22964591=1, 11862461=3, 22975875=2, 12428580=2, 13826954=1, 24087405=2, 22784353=2, 7936216=3, 33236885=3, 29098930=5, 20646801=3, 4474167=1, 6498813=3, 11317778=2, 1715414=4, 8353710=1, 10519786=2, 25308714=4, 25105148=3, 7176720=2, 18744390=4, 29050046=1, 21439348=3, 7093584=5, 10060349=2, 1893576=1, 18575177=1, 4993283=5, 15289994=1, 26565156=1, 11172817=1, 2352811=1, 7399740=1, 3697466=1, 8507587=1, 1728964=1, 13160495=1, 32442824=3, 5856622=1, 18095002=5, 3548042=4, 11845005=2, 27001313=5, 3351802=3, 16355460=2, 18707319=1, 31226927=1, 4845830=1, 32787290=1, 14696689=1, 22285765=5, 21187408=1, 28801414=1, 438057=2, 5336174=1, 29958283=3, 20681045=2, 28156488=2, 6347459=1, 10003632=2, 20875135=2, 17355782=1, 11557315=1, 26731139=1, 7303049=1, 12213666=1, 33434770=4, 5445141=3, 18639160=1, 2633065=6, 13816502=1, 30520482=2, 6387410=1, 13542035=2, 28617828=2, 11761580=1, 1548902=2, 28332384=1, 8224704=1, 28084482=2, 7803136=3, 11905375=2, 10828451=3, 12296112=2, 16789203=11, 15597159=1, 9167597=1, 22156321=4, 24766542=1, 18409652=1, 2002780=2, 32311522=3, 18966187=1, 30956050=1, 13400002=1, 14475804=1, 21723635=1, 2068888=2, 733135=3, 14120383=1, 29996190=2, 20435598=1, 29018559=1, 16114904=1, 22190307=2, 5663981=1, 7678462=3, 20570074=1, 15079601=4, 21448512=1, 29511810=1, 25480479=1, 810026=1, 2470827=2, 627760=2, 27537952=5, 25442631=5, 7501898=1, 10645676=1, 14458128=2, 17367685=3, 13414654=2, 16582578=3, 8484516=1, 21754779=1, 30226465=3, 21736699=2, 7713539=2, 7160402=1, 20764632=1, 3996575=1, 32258190=5, 1023609=2, 5816253=2, 3566951=1, 8867196=1, 17200591=1, 2025824=1, 24682724=2, 6183892=1, 10664607=2, 31182411=1, 12607526=1, 13566404=3, 29040693=3, 1030818=2, 16353976=2, 26724078=1, 24187171=3, 26015337=1, 24056827=3, 31642313=1, 26925592=1, 28945059=2, 7711014=2, 22570425=1, 17028231=1, 15072245=1, 9772532=3, 18518125=2, 31481090=1, 15915173=1, 8158650=1, 5930615=1, 604246=3, 12425050=2, 24316748=3, 26460462=1, 4050386=1, 2917077=2, 5139404=1, 26954251=1, 9470738=2, 4977403=1, 27657226=4, 7640459=2, 30452824=2, 26759012=1, 27833692=2, 21544151=2, 22948469=4, 14269956=2, 27821217=2, 12072566=6, 817607=1, 8940105=1, 1458059=4, 6394893=2, 18294419=3, 21996473=2, 24955303=1, 4576954=1, 30971149=2, 25663962=2, 2520131=1, 23104249=2, 24405977=1, 12329061=5, 622545=1, 14990455=2, 4889414=2, 8404105=10, 9154966=2, 19361480=1, 18153555=3, 14610850=1, 22437529=1, 29537145=2, 26090270=4, 20392578=3, 6197448=2, 9947013=1, 28323492=7, 12081459=1, 31055620=1, 25648447=1, 15003607=1, 16794072=1, 32734703=1, 9442202=7, 27867077=3, 13896629=5, 15724754=1, 27745170=1, 22039648=1, 6170338=4, 3966366=2, 4602352=4, 15126457=1, 3071306=1, 27712400=1, 2564098=3, 31049025=1, 26457731=2, 15605278=4, 7559188=1, 14878828=3, 16776269=1, 5651357=4, 8167580=2, 28559674=1, 31265414=3, 30375170=1, 30445097=2, 5378945=4, 8289257=1, 5646205=4, 30721025=1, 8036366=2, 25236222=3, 16305080=1, 24867940=1, 33311546=1, 10412440=1, 32714059=3, 11467391=1, 2225320=1, 6412481=1, 21832496=3, 7967665=2, 3684290=6, 33221347=1, 30062899=2, 1615046=2, 904292=1, 13632274=7, 5840981=3, 9634756=3, 17195755=1, 31935458=1, 17124687=1, 5702201=3, 19565924=2, 4968539=1, 19560589=1, 27738877=1, 5954338=1, 15510085=2, 19856005=1, 30962412=1, 11497180=1, 26603815=1, 9945643=1, 23661545=3, 30637279=1, 11820500=1, 14497899=3, 2734329=2, 12715733=4, 28037901=1, 10343475=1, 12508543=1, 1883166=2, 31382194=1, 32106532=1, 3987571=1, 1837392=5, 4930114=3, 22184082=2, 15579296=2, 16223040=2, 28742754=2, 4409813=1, 6947669=4, 14161017=6, 22140741=1, 7032284=1, 18868998=1, 27074852=3, 8541592=1, 31403477=3, 3768523=2, 26846040=2, 12404015=1, 17225117=1, 13818751=1, 14680198=8, 7913800=1, 2330492=2, 10293166=3, 30073553=1, 30238581=1, 15991835=5, 16903472=1, 9458902=1, 316432=1, 4738881=1, 32611478=2, 23147982=3, 16934508=1, 26249098=2, 1169941=1, 23135374=3, 7556541=1, 7276676=3, 5184546=3, 4895027=2, 32433550=1, 24965408=1, 9301378=1, 32959684=1, 5993597=1, 21907755=1, 31195178=5, 6339973=2, 25736695=2, 24803179=1, 19680505=1, 20531731=1, 8873601=1, 11949559=1, 1074452=1, 23858330=5, 16528158=5, 8779095=1, 28433071=1, 14625548=3, 2602372=2, 3221170=3, 6821165=6, 19454218=1, 19969132=2, 20501371=1, 4877628=1, 17230231=1, 28448254=4, 2528634=2, 20654151=3, 27125776=1, 26919320=1, 24487380=2, 17123309=1, 14889640=3, 28868618=2, 31673246=1, 31918160=3, 22343717=1, 33310158=1, 20238363=1, 20852200=4, 28936171=2, 16668194=1, 11651669=1, 21440075=3, 23151323=1, 22799691=1, 9070253=1, 31901805=1, 3198752=1, 21951714=1, 4457683=5, 3476725=3, 14890370=3, 5080547=2, 8789604=4, 19186928=1, 15263199=1, 8645271=1, 13644266=7, 22978182=2, 20135697=3, 6516597=1, 9352662=2, 23144230=3, 10192726=2, 14258863=2, 18130290=2, 19668707=5, 7358664=1, 5287863=2, 15719735=1, 33447016=1, 16322706=3, 4206350=9, 21113596=4, 8374477=1, 23589103=1, 28083908=2, 20177800=1, 9874583=2, 27113071=2, 2666184=2, 20729084=1, 30729871=1, 25757081=3, 23488107=1, 21342239=2, 8451832=1, 11959373=1, 9827204=1, 32380956=4, 30414111=7, 24474089=1, 27351867=1, 29078840=2, 12690458=2, 9297059=1, 24821217=2, 4358326=2, 5228232=1, 27998672=3, 6707015=1, 2985992=2, 1450506=4, 32709197=3, 13208233=2, 3448735=2, 23681647=1, 7499832=1, 31375338=2, 5248049=7, 9971153=6, 10168794=3, 6807941=1, 963262=2, 30551795=4, 19041113=2, 3168957=1, 11595384=1, 1375609=1, 26195376=2, 14171279=6, 6632969=3, 14306718=1, 20194914=5, 2503229=4, 18555250=3, 21575905=3, 30278935=4, 4569707=2, 768150=2, 1394506=1, 13570265=3, 4100828=2, 16654145=4, 22405220=1, 5175770=1, 14618960=3, 26895166=1, 32762401=1, 18492453=4, 3396676=1, 28734519=1, 2298506=3, 10953545=3, 29773238=1, 32962010=1, 765540=2, 21878537=1, 12202472=4, 3566445=1, 12900799=1, 17526957=1, 32789346=1, 2811530=1, 24117886=7, 32754608=1, 24482178=2, 4032262=2, 23165410=1, 16117168=1, 32069016=1, 7433167=1, 6725454=2, 5664276=1, 14071190=2, 5938479=2, 28721771=1, 4465497=5, 30927814=1, 15110186=2, 28754679=1, 16336315=1, 32299714=1, 2362840=5, 11777783=2, 11359107=1, 32028335=2, 26869487=1, 25496182=3, 12853629=5, 7054630=2, 2220225=1, 20250142=1, 30228183=3, 18434130=1, 27516056=1, 27463260=3, 16042217=1, 767271=2, 3485530=3, 5679058=2, 9695176=1, 13708701=3, 1895340=1, 19560842=1, 4146358=1, 14716873=2, 17147452=2, 3941675=5, 4881391=1, 8264102=4, 16504987=1, 33213754=1, 18962614=1, 26804676=3, 32354302=2, 17716158=1, 1282632=2, 24107881=1, 32111708=1, 10518962=2, 8539374=1, 15596472=1, 32622010=1, 9596163=1, 23763974=2, 12430508=2, 27044546=2, 22305622=1, 25927262=2, 3423114=5, 19137484=5, 8409133=1, 8942595=1, 6309469=1, 3405402=1, 26858922=1, 23078140=8, 31440000=2, 31030500=1, 30636530=1, 28131564=1, 15414013=3, 25652009=1, 19727900=3, 23123742=1, 30811630=4, 22504372=1, 9865813=2, 31564039=2, 17772124=3, 17946023=1, 2253673=1, 2120955=1, 29216430=1, 19168306=1, 8825261=2, 6760076=3, 15519843=1, 2286422=1, 29845859=1, 31282946=1, 26871904=4, 17133312=1, 31936145=1, 6828068=6, 22302707=1, 27022157=1, 16144677=1, 19551766=1, 4166054=2, 546296=1, 20549882=2, 5808831=2, 11978298=1, 31019589=1, 24702641=1, 26029005=3, 23558747=1, 24270255=1, 32764861=1, 1728517=1, 25619461=1, 16683631=2, 2373188=5, 33504574=3, 31671387=1, 6055334=1, 21096250=1, 33507745=1, 26095581=4, 31038419=2, 4957740=2, 25293573=1, 15548850=1, 9543696=2, 4447389=1, 30102816=1, 19636306=2, 18007181=1, 19785382=1, 21009443=2, 4804026=1, 18106010=1, 3731136=1, 33286395=1, 16319584=3, 1535268=1, 25390680=1, 24006995=1, 18173316=1, 6347527=1, 7098756=1, 22738333=1, 16399301=4, 25466875=2, 3219068=3, 12848851=5, 18140258=1, 24989318=1, 31306414=2, 14600293=1, 33507057=1, 16338149=1, 25535613=2, 13383091=5, 24053856=3, 21897702=4, 6205245=2, 24975840=3, 29630955=5, 30227076=3, 8494934=2, 26666349=1, 13784271=1, 25446573=1, 24111939=1, 23904207=2, 24373539=1, 21698123=3, 32790834=1, 15970716=2, 28971348=4, 15490813=1, 33476371=1, 25546485=1, 26579350=2, 19103937=2, 2027927=1, 13194053=1, 30135567=1, 31400578=3, 23708821=1, 23304574=2, 24974824=3, 32430738=1, 1234051=1, 21240469=5, 33043087=6, 16618793=2, 5020714=2, 1628443=1, 28486721=2, 28307611=1, 28923024=1, 27990484=3, 24131467=7, 8578165=1, 16779410=11, 11656800=1, 18261271=2, 2202886=2, 3157966=7, 17873613=2, 16124677=4, 13473242=2, 31232228=2, 12968951=1, 1087939=2, 28541778=2, 17143856=2, 5256971=7, 19462672=1, 4510232=1, 20839726=1, 7247402=2, 12283926=1, 5572574=3]}>
	at org.apache.hadoop.hive.common.ndv.hll.TestHLLSerialization.testHLLSparseSerialization(TestHLLSerialization.java:94)
]]></failure>
  </testcase>
  <testcase name="testHLLDenseSerialization[4]" classname="org.apache.hadoop.hive.common.ndv.hll.TestHLLSerialization" time="0.027"/>
  <testcase name="testHLLSparseSerializationHalfDistinct[4]" classname="org.apache.hadoop.hive.common.ndv.hll.TestHLLSerialization" time="0.03">
    <failure message="expected:&lt;...rime: 6 register: {1[750127=2, 5923758=1, 19099463=1, 5598046=1, 24790713=1, 27666898=4, 9815255=1, 11101372=1, 12361296=2, 14231219=3, 3905646=2, 32897924=1, 25848394=1, 23664750=3, 7465379=1, 14793574=2, 6903361=1, 15337393=4, 20138287=1, 28623498=1, 29428268=3, 4597003=4, 23420749=1, 25492663=1, 13422190=1, 32307561=1, 32272897=1, 26726904=1, 15508835=2, 12113542=1, 4720911=6, 14149550=1, 7368684=1, 19490233=1, 26908690=2, 25544914=1, 28724198=1, 32289619=2, 29720788=2, 30140733=1, 5556684=1, 15431256=1, 30100982=1, 31670133=3, 10098974=4, 32872638=2, 8174444=2, 7840371=2, 25888556=3, 13299691=1, 6411508=1, 831936=2, 20362950=2, 24604637=1, 15976828=1, 30578879=2, 10394179=2, 23493428=1, 28556636=2, 1077537=1, 25745084=1, 10080602=1, 26146555=1, 672736=1, 7826193=1, 5454827=3, 11096547=1, 23301762=2, 15048498=2, 29161017=1, 4892119=2, 3642513=2, 17456579=1, 11739532=3, 17418670=1, 10718321=2, 17624703=1, 8452050=1, 6186326=1, 24968148=1, 14201973=2, 16486735=2, 4096710=2, 25839693=1, 23053728=1, 5642187=4, 2865604=2, 33044639=6, 30966317=2, 8646443=1, 28520727=3, 5754508=1, 16793438=11, 7365738=1, 24807767=2, 10247009=1, 19194940=1, 7420292=3, 26945891=3, 5131351=1, 3077805=1, 26534467=1, 334181=3, 25836729=4, 9522425=1, 14648257=2, 9820600=1, 4526222=3, 26789530=1, 19856081=1, 778945=1, 19714260=1, 25288205=1, 11153300=4, 33458460=2, 3420709=5, 10785257=2, 31379561=1, 31943195=1, 27500555=2, 22594220=1, 5989981=1, 790183=5, 27587289=1, 19498049=2, 5657909=1, 9916521=1, 3446915=2, 4120285=1, 32856952=1, 31222548=1, 12198816=4, 3027916=4, 13024122=2, 22092837=3, 30387241=2, 18385980=2, 803625=1, 14290382=4, 20601481=1, 13931365=2, 18984532=2, 23220662=1, 26863629=1, 9602199=2, 20035414=2, 3896174=1, 18938452=1, 12701280=1, 6931468=1, 18921961=2, 21113131=4, 28994899=1, 2756079=4, 878298=1, 16374482=1, 19709959=1, 22814926=5, 20427125=2, 26655695=2, 16572619=1, 27170188=2, 3860538=1, 30482857=3, 19183394=2, 27167984=2, 13204486=1, 2705479=1, 10336727=2, 3010020=1, 17202129=1, 2281904=1, 19778103=1, 3788542=1, 4200024=9, 10339497=1, 7488434=1, 5689115=1, 20562489=1, 23152535=1, 6584093=1, 11802261=5, 21708921=1, 21392365=1, 9586971=1, 26313356=2, 19936966=7, 21424394=1, 7233204=1, 30820872=1, 1373698=1, 13637320=7, 6025315=1, 16662385=4, 3365706=1, 19208194=3, 17648388=1, 30894825=1, 14418049=5, 2239074=4, 3620439=3, 28096569=2, 23917073=1, 5002649=1, 7142380=1, 4829866=2, 2368673=5, 31336406=4, 1131554=1, 1368020=1, 29809988=1, 14778622=2, 32778645=5, 1166322=1, 18755564=4, 14158065=6, 28235861=1, 16480780=1, 25538950=2, 10640981=1, 2939703=1, 11569032=2, 21766747=5, 17236027=3, 1893185=1, 3405643=1, 30069215=1, 25759910=3, 10825247=3, 19821001=1, 29374589=9, 335570=3, 16799755=1, 22792096=1, 19466333=3, 2056884=1, 20426028=2, 14565433=1, 15020653=3, 7560652=1, 1957603=1, 13828760=3, 30289254=4, 1390217=3, 17296714=1, 19241512=2, 16254931=6, 17313920=6, 16762778=1, 7428753=1, 12160070=2, 16796843=1, 10727588=2, 9806322=2, 3277046=4, 17240880=3, 23950632=1, 22736529=1, 11886516=1, 23586586=1, 23364624=2, 1970854=4, 26709725=2, 17274874=2, 2790377=2, 315883=1, 24482099=2, 1246529=3, 26947316=3, 18431276=3, 29525707=2, 5826386=1, 27939821=1, 22185766=2, 27452930=1, 2296015=3, 7484059=4, 28474075=1, 5916690=1, 10935370=1, 4866458=1, 25855402=2, 15219009=6, 6283277=1, 27812481=1, 25270145=2, 19618283=1, 30054762=2, 11282572=5, 21272397=2, 28885888=1, 20450018=6, 26789100=1, 11838780=2, 24678827=2, 25788851=2, 4437904=2, 13663556=1, 1436514=1, 15669084=3, 23474363=4, 19083408=3, 16780673=11, 30245420=2, 3599756=1, 13529742=1, 4186863=1, 26647300=2, 10651430=2, 10492545=8, 27288312=1, 8249649=1, 10652299=2, 3552779=4, 7635837=2, 16443778=1, 32539107=2, 29484596=1, 23819431=1, 10879009=4, 4852977=4, 12919407=3, 26371277=1, 21476218=2, 2889604=5, 28299184=1, 26671837=1, 18936643=1, 4140556=3, 4533489=3, 11140905=1, 11185401=2, 1866078=1, 23156667=1, 22199377=2, 9554449=1, 3938380=5, 22388758=2, 8119074=1, 22199761=2, 14569716=1, 5669125=2, 32315879=3, 25490128=1, 10685787=3, 26736940=1, 23131307=1, 25586627=1, 16019940=1, 27884274=1, 18303109=1, 20457259=6, 15496522=1, 10039069=3, 25343602=2, 4264350=3, 26178412=1, 938516=1, 6891247=3, 13743999=2, 1199711=1, 25985162=2, 26853016=2, 15179569=2, 7891463=1, 11268457=1, 18593476=2, 12395880=3, 17629923=3, 5156073=2, 23307703=2, 25380775=1, 26551362=3, 32468394=1, 28246397=3, 25795352=2, 3238712=1, 19966565=2, 67430=3, 30298481=1, 1914801=3, 14389532=2, 16272132=1, 17376209=3, 19737389=3, 13046954=3, 28025468=2, 31330875=4, 25767217=3, 6039185=5, 29410793=1, 10390739=2, 21133871=1, 26070930=1, 5740168=2, 2115787=1, 29919415=2, 29436429=3, 28966879=1, 2333579=2, 3719436=1, 11887816=1, 422657=1, 24931857=1, 9884162=1, 30893179=1, 33077231=2, 31663252=3, 17979387=1, 31857079=4, 10303280=3, 32449417=3, 11568947=2, 4315682=1, 8799909=1, 21481172=1, 22146134=1, 7932822=3, 25219641=1, 736431=3, 29161097=1, 26733042=1, 33434934=4, 3905049=2, 14326966=2, 10896791=1, 16283255=1, 21320065=1, 158824=1, 1722956=1, 4887496=2, 5793846=1, 20558101=2, 28669251=1, 27764113=2, 19028573=1, 12584805=9, 4314095=1, 21922110=2, 18662689=1, 21135778=2, 2045200=3, 28875498=2, 17088571=1, 18561373=3, 26857426=1, 14856403=2, 18987303=2, 25654631=1, 23690908=1, 23663882=3, 4610293=1, 20158642=2, 33434591=4, 8145904=1, 28147649=1, 2441700=1, 28925022=1, 25859540=2, 15864411=4, 7901577=2, 13046154=3, 5670807=2, 3434548=1, 30614704=3, 20960738=1, 13980968=1, 15747512=1, 9972381=6, 22924848=1, 19883740=1, 9787004=1, 15741376=7, 495615=2, 19718914=1, 26098852=4, 28025650=2, 8435527=2, 27179113=2, 24766497=1, 3329585=1, 9846806=1, 14471690=1, 26379332=2, 31252924=1, 32236574=1, 811851=1, 23462956=4, 9108989=1, 2375399=5, 446722=1, 17595255=1, 216963=1, 11819696=1, 14951424=5, 16904527=1, 28861691=1, 9969890=6, 24702744=1, 15984220=1, 28325819=7, 18229648=4, 32145550=2, 2868969=1, 12329289=5, 29702209=3, 12287293=1, 30246010=2, 20744972=2, 13421765=1, 21175039=3, 31178939=1, 533948=6, 27772031=1, 16678311=1, 17129908=1, 2792020=2, 24452539=3, 21543075=2, 17747241=1, 3818747=1, 31006403=3, 18282678=1, 534468=6, 11949039=1, 809552=1, 32999760=2, 11545278=7, 22258061=2, 29565180=3, 22064241=2, 18296964=3, 17848884=1, 5871264=2, 16846706=3, 8154695=1, 20941777=2, 15158952=1, 16827262=1, 8599068=3, 19445322=2, 12611796=1, 1038721=1, 9182800=5, 24461639=1, 19353532=1, 5131803=1, 1217723=2, 3528908=1, 19540879=4, 6612335=1, 3936736=5, 18513136=1, 4291549=1, 3186137=2, 20813075=2, 12413126=1, 23773487=1, 29774161=1, 2131587=2, 2599387=2, 21419651=1, 3006148=1, 6671982=1, 20969327=1, 4903383=1, 27555550=1, 20174611=1, 22826162=1, 19537853=4, 3300214=1, 24589923=3, 27654901=1, 9060050=4, 29683167=1, 29627078=5, 32928682=1, 27885680=2, 10612335=1, 8619990=2, 16542688=1, 12221580=1, 15441602=2, 6490162=3, 25091884=1, 31585208=1, 27604938=3, 276213=5, 18121459=2, 8378199=1, 20234602=1, 13926130=1, 16622601=2, 31941493=1, 27650169=1, 10437847=1, 28740068=2, 27255506=1, 20868969=1, 24912256=5, 4138095=3, 5379721=4, 24454262=3, 18006550=1, 24349623=2, 24384135=5, 13413803=2, 30272217=1, 14324180=2, 13565836=1, 13051755=3, 8235337=2, 15597405=1, 14041983=1, 5059087=3, 8090708=1, 10306034=1, 24333225=1, 16137063=4, 24771861=1, 10226356=5, 18946745=3, 21725365=2, 23631445=2, 12103933=2, 5198417=1, 507367=2, 15260512=1, 21199871=1, 16710281=1, 7408747=3, 5971854=3, 12158239=2, 18894894=1, 19580935=1, 3567796=1, 19000634=1, 6287129=1, 15568558=2, 9320365=4, 18790874=2, 13483388=2, 11974907=2, 3884170=1, 33000724=2, 9864890=2, 25374223=3, 16483609=2, 22759758=1, 9276741=2, 18683583=3, 15489676=1, 8203389=3, 23898318=2, 33281079=1, 14901648=1, 6120763=1, 31689665=2, 22069036=2, 23358319=1, 33254110=1, 16062417=3, 30616490=3, 22857124=1, 20028267=2, 26089769=4, 32584230=3, 21679382=1, 4092344=1, 4317001=1, 52624=1, 14134737=2, 13876489=2, 13209352=2, 19787814=1, 31849999=1, 8662=13, 14729854=1, 19872312=3, 21305270=3, 3248182=2, 29408167=2, 10214193=1, 28679234=2, 25604657=2, 1013179=1, 9755203=1, 22647635=2, 9203677=1, 15492104=1, 5791538=1, 15216383=6, 3318760=2, 29777509=1, 9806441=2, 10988500=2, 32033626=1, 16309130=1, 20902874=1, 17951223=1, 20448057=6, 6707423=1, 13033582=1, 33417461=1, 11793246=1, 21149216=2, 6624812=3, 31492233=2, 18635104=1, 9915509=1, 23810866=1, 14013836=1, 1478018=2, 32201471=1, 8563335=2, 6936587=1, 7013981=3, 7863743=1, 31690849=2, 23045594=2, 13959700=3, 17859736=2, 25101702=3, 11758573=1, 3706595=2, 9061108=1, 7377976=2, 17752548=1, 29017635=1, 32143832=1, 17661587=1, 16639393=1, 11569212=2, 10192172=2, 19507070=2, 9350531=2, 5704446=3, 25771275=3, 11842114=2, 5680476=2, 19462732=1, 10388954=2, 31564171=2, 26741062=6, 19256626=1, 10354357=1, 203290=3, 30735876=1, 33342019=1, 28937933=2, 3760346=1, 16609009=1, 1571379=1, 30719604=2, 28943167=2, 30387284=2, 11259827=1, 3390336=2, 24281916=2, 4743697=1, 15185108=2, 3290032=4, 23623466=1, 5006384=1, 8753047=2, 22654108=2, 9834845=4, 23418199=1, 16727343=3, 18488009=4, 2143153=2, 28400157=1, 3022264=4, 11442332=2, 8604248=1, 2997052=2, 8207004=3, 16817643=2, 14665837=1, 32789348=1, 31578983=1, 2770418=1, 29895499=6, 9454186=1, 10268271=2, 6416091=1, 21309218=3, 1372215=1, 27224383=1, 25617429=1, 32545455=2, 16898309=1, 6984347=2, 11504357=2, 31611366=1, 1954231=1, 6486888=1, 18669571=1, 33345751=1, 29410039=1, 16608106=1, 22363432=3, 1643950=3, 11434684=1, 19149379=5, 25450860=1, 12969560=1, 23691258=1, 933644=4, 9085272=2, 31718127=1, 3680683=6, 24748237=2, 30038246=1, 26954219=1, 10149080=1, 32542287=2, 6292467=8, 26928030=1, 25904766=1, 18185133=1, 1417510=2, 21138070=2, 16611618=1, 3360039=1, 20225860=2, 29678103=1, 8279049=1, 10782621=2, 13419786=1, 29673102=1, 19808333=1, 26549182=3, 8301409=2, 20771437=1, 9384940=3, 9220035=2, 28833247=1, 4977763=1, 347821=1, 3474924=3, 12230974=2, 19975203=1, 14122614=1, 10152487=1, 26198487=1, 14737668=1, 20464339=1, 22022043=7, 25974755=1, 31421927=1, 3626940=1, 19305187=2, 18079652=1, 25711111=1, 10409639=1, 15538445=3, 32740660=2, 25805530=1, 19610286=3, 16450439=3, 7314104=2, 6340939=1, 29553742=1, 26493898=1, 6425156=4, 3427116=1, 10383898=1, 19176454=2, 28505831]=1}&gt; but was:&lt;...rime: 6 register: {1[6904527=1, 10383898=1, 18938452=1, 16827262=1, 8452050=1, 25855402=2, 1571379=1, 3626940=1, 12329289=5, 4610293=1, 19821001=1, 19241512=2, 9320365=4, 10409639=1, 6931468=1, 25848394=1, 31941493=1, 10896791=1, 2599387=2, 14471690=1, 158824=1, 8662=13, 19445322=2, 20457259=6, 3010020=1, 24771861=1, 17595255=1, 3760346=1, 29374589=9, 3905646=2, 29809988=1, 9846806=1, 6903361=1, 8145904=1, 8563335=2, 20558101=2, 19872312=3, 28299184=1, 16272132=1, 26371277=1, 23586586=1, 2045200=3, 14856403=2, 8235337=2, 19537853=4, 28325819=7, 19353532=1, 4977763=1, 3006148=1, 8301409=2, 21305270=3, 28623498=1, 30100982=1, 11434684=1, 22363432=3, 22022043=7, 29627078=5, 19856081=1, 15864411=4, 19737389=3, 2865604=2, 23420749=1, 32545455=2, 6120763=1, 9182800=5, 22792096=1, 28885888=1, 13204486=1, 25380775=1, 10879009=4, 7365738=1, 22069036=2, 3567796=1, 31689665=2, 13419786=1, 24604637=1, 20035414=2, 23358319=1, 3022264=4, 23156667=1, 32468394=1, 21708921=1, 10394179=2, 12361296=2, 5131803=1, 18921961=2, 29702209=3, 16443778=1, 9864890=2, 18006550=1, 29565180=3, 17088571=1, 6936587=1, 3552779=4, 3077805=1, 13931365=2, 19176454=2, 23898318=2, 29428268=3, 20448057=6, 2296015=3, 28025650=2, 11096547=1, 32778645=5, 4866458=1, 14737668=1, 15179569=2, 25490128=1, 18662689=1, 29161097=1, 14665837=1, 10336727=2, 533948=6, 14778622=2, 33077231=2, 8619990=2, 17624703=1, 7428753=1, 31178939=1, 9586971=1, 3248182=2, 18121459=2, 8119074=1, 3788542=1, 29919415=2, 25343602=2, 21424394=1, 22199761=2, 32145550=2, 1750127=2, 32740660=2, 1957603=1, 26551362=3, 30387241=2, 6984347=2, 2792020=2, 13046954=3, 25538950=2, 21135778=2, 20771437=1, 10640981=1, 21725365=2, 1038721=1, 13743999=2, 30140733=1, 26945891=3, 19507070=2, 3599756=1, 13828760=3, 23462956=4, 18593476=2, 25985162=2, 22924848=1, 10652299=2, 12103933=2, 27812481=1, 3390336=2, 23664750=3, 8753047=2, 422657=1, 27452930=1, 26726904=1, 8154695=1, 5131351=1, 15976828=1, 25767217=3, 32272897=1, 19709959=1, 32449417=3, 24766497=1, 7932822=3, 4437904=2, 33434934=4, 4903383=1, 3365706=1, 20601481=1, 3318760=2, 32143832=1, 2889604=5, 3290032=4, 19256626=1, 5680476=2, 19466333=3, 3446915=2, 13663556=1, 22826162=1, 3642513=2, 831936=2, 14134737=2, 16796843=1, 1914801=3, 5791538=1, 31611366=1, 1417510=2, 6891247=3, 28966879=1, 32315879=3, 12113542=1, 26954219=1, 18894894=1, 26741062=6, 3706595=2, 16898309=1, 24333225=1, 16483609=2, 23418199=1, 12919407=3, 19966565=2, 31943195=1, 11140905=1, 26098852=4, 4120285=1, 17129908=1, 19194940=1, 16710281=1, 12611796=1, 23690908=1, 4317001=1, 13413803=2, 4743697=1, 24452539=3, 24349623=2, 3420709=5, 4138095=3, 878298=1, 16622601=2, 13565836=1, 23623466=1, 23773487=1, 25888556=3, 15216383=6, 9220035=2, 3360039=1, 24968148=1, 13046154=3, 11819696=1, 14158065=6, 31336406=4, 10303280=3, 13209352=2, 30894825=1, 27224383=1, 29408167=2, 3936736=5, 31585208=1, 4291549=1, 19305187=2, 6707423=1, 16019940=1, 16611618=1, 5826386=1, 13422190=1, 790183=5, 33342019=1, 28724198=1, 14149550=1, 10354357=1, 24912256=5, 27885680=2, 1372215=1, 6283277=1, 24807767=2, 27884274=1, 2770418=1, 13024122=2, 20969327=1, 19618283=1, 24454262=3, 29683167=1, 20960738=1, 2281904=1, 28740068=2, 534468=6, 17752548=1, 6340939=1, 12158239=2, 20362950=2, 31492233=2, 18669571=1, 14901648=1, 25374223=3, 33417461=1, 11568947=2, 3300214=1, 1722956=1, 16572619=1, 19610286=3, 22736529=1, 15597405=1, 22388758=2, 2939703=1, 15489676=1, 20028267=2, 8378199=1, 18936643=1, 20562489=1, 15508835=2, 6612335=1, 23220662=1, 27288312=1, 19028573=1, 28025468=2, 15219009=6, 19787814=1, 10268271=2, 18513136=1, 23301762=2, 5059087=3, 33434591=4, 26863629=1, 30038246=1, 29673102=1, 14290382=4, 6486888=1, 16609009=1, 32584230=3, 31849999=1, 26089769=4, 29410039=1, 31690849=2, 8249649=1, 30245420=2, 5689115=1, 13421765=1, 25795352=2, 23691258=1, 5704446=3, 26853016=2, 7142380=1, 18282678=1, 17202129=1, 736431=3, 4314095=1, 16283255=1, 778945=1, 9884162=1, 9454186=1, 6584093=1, 24384135=5, 22199377=2, 5754508=1, 14041983=1, 30735876=1, 4092344=1, 6490162=3, 31330875=4, 12287293=1, 16662385=4, 28505831=1, 7488434=1, 10718321=2, 18683583=3, 21419651=1, 12160070=2, 6425156=4, 16678311=1, 16762778=1, 24678827=2, 27650169=1, 11101372=1, 31252924=1, 2705479=1, 17629923=3, 24790713=1, 4315682=1, 15337393=4, 29410793=1, 17240880=3, 18946745=3, 11974907=2, 21392365=1, 6624812=3, 3620439=3, 30719604=2, 14565433=1, 9806322=2, 24461639=1, 26789530=1, 1866078=1, 20174611=1, 1199711=1, 15492104=1, 13876489=2, 31663252=3, 8435527=2, 20464339=1, 24931857=1, 28474075=1, 25091884=1, 17376209=3, 33044639=6, 19883740=1, 6292467=8, 5379721=4, 29484596=1, 17236027=3, 16608106=1, 24702744=1, 19208194=3, 15496522=1, 19714260=1, 5871264=2, 21543075=2, 13980968=1, 27179113=2, 52624=1, 28246397=3, 28556636=2, 4526222=3, 30069215=1, 20450018=6, 26857426=1, 21320065=1, 26178412=1, 19462732=1, 9755203=1, 3818747=1, 21138070=2, 809552=1, 11282572=5, 25654631=1, 14569716=1, 30820872=1, 2333579=2, 10152487=1, 26379332=2, 21766747=5, 6186326=1, 13926130=1, 26313356=2, 15441602=2, 25771275=3, 5642187=4, 933644=4, 20426028=2, 31857079=4, 17979387=1, 21272397=2, 23663882=3, 5989981=1, 7840371=2, 30387284=2, 18790874=2, 4892119=2, 7377976=2, 29774161=1, 30578879=2, 33458460=2, 11887816=1, 30966317=2, 67430=3, 29720788=2, 24281916=2, 17648388=1, 31006403=3, 19975203=1, 28861691=1, 9350531=2, 10039069=3, 13299691=1, 25759910=3, 18185133=1, 3896174=1, 15669084=3, 13033582=1, 22594220=1, 16254931=6, 6287129=1, 32289619=2, 11545278=7, 10247009=1, 31718127=1, 4264350=3, 7901577=2, 16793438=11, 11886516=1, 15020653=3, 18296964=3, 11842114=2, 16817643=2, 25270145=2, 16309130=1, 29161017=1, 15048498=2, 12584805=9, 14324180=2, 1390217=3, 28937933=2, 4597003=4, 3427116=1, 31670133=3, 27255506=1, 17951223=1, 7484059=4, 10390739=2, 6416091=1, 1013179=1, 18431276=3, 25836729=4, 23045594=2, 4200024=9, 17313920=6, 33254110=1, 30893179=1, 19490233=1, 8279049=1, 672736=1, 23131307=1, 10825247=3, 27555550=1, 6025315=1, 16486735=2, 12413126=1, 25974755=1, 21922110=2, 10782621=2, 9276741=2, 5556684=1, 11949039=1, 27500555=2, 31578983=1, 2115787=1, 14648257=2, 26549182=3, 12395880=3, 10214193=1, 25839693=1, 9108989=1, 9916521=1, 276213=5, 446722=1, 17456579=1, 5006384=1, 6671982=1, 14013836=1, 20158642=2, 21679382=1, 9787004=1, 15431256=1, 22146134=1, 28096569=2, 26928030=1, 16542688=1, 24748237=2, 25288205=1, 5454827=3, 2239074=4, 3405643=1, 17418670=1, 22258061=2, 10612335=1, 10388954=2, 26736940=1, 1436514=1, 23152535=1, 7863743=1, 10226356=5, 13051755=3, 28875498=2, 4186863=1, 11504357=2, 20902874=1, 26671837=1, 1217723=2, 21175039=3, 5740168=2, 7368684=1, 11185401=2, 18984532=2, 16450439=3, 20744972=2, 28669251=1, 1166322=1, 10685787=3, 2868969=1, 14122614=1, 18755564=4, 32928682=1, 12969560=1, 17747241=1, 25492663=1, 23917073=1, 26947316=3, 18079652=1, 9554449=1, 16062417=3, 9834845=4, 10727588=2, 30616490=3, 3277046=4, 27654901=1, 2441700=1, 3186137=2, 9060050=4, 25859540=2, 25604657=2, 26198487=1, 5002649=1, 10339497=1, 23950632=1, 5598046=1, 27604938=3, 30246010=2, 1368020=1, 21476218=2, 29895499=6, 3719436=1, 14418049=5, 14951424=5, 9815255=1, 9203677=1, 12701280=1, 11153300=4, 10098974=4, 5916690=1, 32542287=2, 25450860=1, 347821=1, 26908690=2, 25586627=1, 27666898=4, 335570=3, 7826193=1, 3860538=1, 7408747=3, 9061108=1, 7635837=2, 14793574=2, 22185766=2, 18987303=2, 24589923=3, 495615=2, 20234602=1, 23364624=2, 23810866=1, 19808333=1, 3238712=1, 32789348=1, 22759758=1, 26070930=1, 27587289=1, 7465379=1, 11569032=2, 1970854=4, 33345751=1, 938516=1, 4852977=4, 10935370=1, 19000634=1, 23307703=2, 28833247=1, 19540879=4, 4887496=2, 8604248=1, 26709725=2, 21481172=1, 5657909=1, 26655695=2, 25544914=1, 10192172=2, 30298481=1, 25788851=2, 25904766=1, 30054762=2, 8174444=2, 25101702=3, 1131554=1, 25745084=1, 15538445=3, 27167984=2, 5923758=1, 315883=1, 4720911=6, 2143153=2, 16780673=11, 12230974=2, 8090708=1, 19183394=2, 3905049=2, 2056884=1, 7891463=1, 17296714=1, 6039185=5, 20225860=2, 5156073=2, 26789100=1, 11442332=2, 13637320=7, 22654108=2, 27764113=2, 3027916=4, 22857124=1, 20941777=2, 15260512=1, 20138287=1, 27939821=1, 16846706=3, 32236574=1, 32897924=1, 17848884=1, 30614704=3, 203290=3, 507367=2, 2131587=2, 10785257=2, 29777509=1, 1893185=1, 17859736=2, 28679234=2, 15568558=2, 5971854=3, 20427125=2, 26534467=1, 11259827=1, 33281079=1, 16480780=1, 5793846=1, 7314104=2, 7013981=3, 25617429=1, 30272217=1, 21113131=4, 1478018=2, 334181=3, 12221580=1, 27772031=1, 23493428=1, 5670807=2, 18229648=4, 16639393=1, 28520727=3, 17661587=1, 21309218=3, 6411508=1, 26647300=2, 31379561=1, 15185108=2, 32307561=1, 9522425=1, 31564171=2, 5198417=1, 803625=1, 20868969=1, 9820600=1, 2997052=2, 29436429=3, 1246529=3, 9969890=6, 25711111=1, 10651430=2, 11739532=3, 2368673=5, 28994899=1, 9972381=6, 25805530=1, 9806441=2, 8207004=3, 4096710=2, 22064241=2, 22647635=2, 3938380=5, 14201973=2, 18303109=1, 19778103=1, 24482099=2, 7560652=1, 27170188=2, 14326966=2, 16727343=3, 17274874=2, 18385980=2, 4140556=3, 29525707=2, 21199871=1, 8203389=3, 7420292=3, 28147649=1, 28943167=2, 30482857=3, 31222548=1, 11268457=1, 8599068=3, 1954231=1, 3329585=1, 15984220=1, 26733042=1, 11569212=2, 32872638=2, 1077537=1, 216963=1, 32201471=1, 31421927=1, 3434548=1, 13483388=2, 3474924=3, 10149080=1, 18635104=1, 23819431=1, 15747512=1, 32539107=2, 29553742=1, 11802261=5, 16137063=4, 4533489=3, 15158952=1, 1643950=3, 8646443=1, 19936966=7, 10988500=2, 23631445=2, 26146555=1, 22092837=3, 29017635=1, 9915509=1, 19083408=3, 14231219=3, 2375399=5, 18488009=4, 11758573=1, 20813075=2, 11838780=2, 30289254=4, 14389532=2, 19498049=2, 811851=1, 32033626=1, 19099463=1, 9384940=3, 8799909=1, 19580935=1, 19149379=5, 14729854=1, 33000724=2, 32999760=2, 10492545=8, 3680683=6, 23053728=1, 1373698=1, 16799755=1, 9085272=2, 11793246=1, 2756079=4, 12198816=4, 18561373=3, 15741376=7, 22814926=5, 25219641=1, 28400157=1, 10306034=1, 21149216=2, 21133871=1, 29678103=1, 13529742=1, 13959700=3, 32856952=1, 4829866=2, 7233204=1, 2790377=2, 3528908=1, 28925022=1, 28235861=1, 3884170=1, 9602199=2, 26493898=1, 10437847=1, 23474363=4, 19718914=1, 10080602=1, 5669125=2, 16374482]=1}&gt;" type="org.junit.ComparisonFailure"><![CDATA[org.junit.ComparisonFailure: expected:<...rime: 6 register: {1[750127=2, 5923758=1, 19099463=1, 5598046=1, 24790713=1, 27666898=4, 9815255=1, 11101372=1, 12361296=2, 14231219=3, 3905646=2, 32897924=1, 25848394=1, 23664750=3, 7465379=1, 14793574=2, 6903361=1, 15337393=4, 20138287=1, 28623498=1, 29428268=3, 4597003=4, 23420749=1, 25492663=1, 13422190=1, 32307561=1, 32272897=1, 26726904=1, 15508835=2, 12113542=1, 4720911=6, 14149550=1, 7368684=1, 19490233=1, 26908690=2, 25544914=1, 28724198=1, 32289619=2, 29720788=2, 30140733=1, 5556684=1, 15431256=1, 30100982=1, 31670133=3, 10098974=4, 32872638=2, 8174444=2, 7840371=2, 25888556=3, 13299691=1, 6411508=1, 831936=2, 20362950=2, 24604637=1, 15976828=1, 30578879=2, 10394179=2, 23493428=1, 28556636=2, 1077537=1, 25745084=1, 10080602=1, 26146555=1, 672736=1, 7826193=1, 5454827=3, 11096547=1, 23301762=2, 15048498=2, 29161017=1, 4892119=2, 3642513=2, 17456579=1, 11739532=3, 17418670=1, 10718321=2, 17624703=1, 8452050=1, 6186326=1, 24968148=1, 14201973=2, 16486735=2, 4096710=2, 25839693=1, 23053728=1, 5642187=4, 2865604=2, 33044639=6, 30966317=2, 8646443=1, 28520727=3, 5754508=1, 16793438=11, 7365738=1, 24807767=2, 10247009=1, 19194940=1, 7420292=3, 26945891=3, 5131351=1, 3077805=1, 26534467=1, 334181=3, 25836729=4, 9522425=1, 14648257=2, 9820600=1, 4526222=3, 26789530=1, 19856081=1, 778945=1, 19714260=1, 25288205=1, 11153300=4, 33458460=2, 3420709=5, 10785257=2, 31379561=1, 31943195=1, 27500555=2, 22594220=1, 5989981=1, 790183=5, 27587289=1, 19498049=2, 5657909=1, 9916521=1, 3446915=2, 4120285=1, 32856952=1, 31222548=1, 12198816=4, 3027916=4, 13024122=2, 22092837=3, 30387241=2, 18385980=2, 803625=1, 14290382=4, 20601481=1, 13931365=2, 18984532=2, 23220662=1, 26863629=1, 9602199=2, 20035414=2, 3896174=1, 18938452=1, 12701280=1, 6931468=1, 18921961=2, 21113131=4, 28994899=1, 2756079=4, 878298=1, 16374482=1, 19709959=1, 22814926=5, 20427125=2, 26655695=2, 16572619=1, 27170188=2, 3860538=1, 30482857=3, 19183394=2, 27167984=2, 13204486=1, 2705479=1, 10336727=2, 3010020=1, 17202129=1, 2281904=1, 19778103=1, 3788542=1, 4200024=9, 10339497=1, 7488434=1, 5689115=1, 20562489=1, 23152535=1, 6584093=1, 11802261=5, 21708921=1, 21392365=1, 9586971=1, 26313356=2, 19936966=7, 21424394=1, 7233204=1, 30820872=1, 1373698=1, 13637320=7, 6025315=1, 16662385=4, 3365706=1, 19208194=3, 17648388=1, 30894825=1, 14418049=5, 2239074=4, 3620439=3, 28096569=2, 23917073=1, 5002649=1, 7142380=1, 4829866=2, 2368673=5, 31336406=4, 1131554=1, 1368020=1, 29809988=1, 14778622=2, 32778645=5, 1166322=1, 18755564=4, 14158065=6, 28235861=1, 16480780=1, 25538950=2, 10640981=1, 2939703=1, 11569032=2, 21766747=5, 17236027=3, 1893185=1, 3405643=1, 30069215=1, 25759910=3, 10825247=3, 19821001=1, 29374589=9, 335570=3, 16799755=1, 22792096=1, 19466333=3, 2056884=1, 20426028=2, 14565433=1, 15020653=3, 7560652=1, 1957603=1, 13828760=3, 30289254=4, 1390217=3, 17296714=1, 19241512=2, 16254931=6, 17313920=6, 16762778=1, 7428753=1, 12160070=2, 16796843=1, 10727588=2, 9806322=2, 3277046=4, 17240880=3, 23950632=1, 22736529=1, 11886516=1, 23586586=1, 23364624=2, 1970854=4, 26709725=2, 17274874=2, 2790377=2, 315883=1, 24482099=2, 1246529=3, 26947316=3, 18431276=3, 29525707=2, 5826386=1, 27939821=1, 22185766=2, 27452930=1, 2296015=3, 7484059=4, 28474075=1, 5916690=1, 10935370=1, 4866458=1, 25855402=2, 15219009=6, 6283277=1, 27812481=1, 25270145=2, 19618283=1, 30054762=2, 11282572=5, 21272397=2, 28885888=1, 20450018=6, 26789100=1, 11838780=2, 24678827=2, 25788851=2, 4437904=2, 13663556=1, 1436514=1, 15669084=3, 23474363=4, 19083408=3, 16780673=11, 30245420=2, 3599756=1, 13529742=1, 4186863=1, 26647300=2, 10651430=2, 10492545=8, 27288312=1, 8249649=1, 10652299=2, 3552779=4, 7635837=2, 16443778=1, 32539107=2, 29484596=1, 23819431=1, 10879009=4, 4852977=4, 12919407=3, 26371277=1, 21476218=2, 2889604=5, 28299184=1, 26671837=1, 18936643=1, 4140556=3, 4533489=3, 11140905=1, 11185401=2, 1866078=1, 23156667=1, 22199377=2, 9554449=1, 3938380=5, 22388758=2, 8119074=1, 22199761=2, 14569716=1, 5669125=2, 32315879=3, 25490128=1, 10685787=3, 26736940=1, 23131307=1, 25586627=1, 16019940=1, 27884274=1, 18303109=1, 20457259=6, 15496522=1, 10039069=3, 25343602=2, 4264350=3, 26178412=1, 938516=1, 6891247=3, 13743999=2, 1199711=1, 25985162=2, 26853016=2, 15179569=2, 7891463=1, 11268457=1, 18593476=2, 12395880=3, 17629923=3, 5156073=2, 23307703=2, 25380775=1, 26551362=3, 32468394=1, 28246397=3, 25795352=2, 3238712=1, 19966565=2, 67430=3, 30298481=1, 1914801=3, 14389532=2, 16272132=1, 17376209=3, 19737389=3, 13046954=3, 28025468=2, 31330875=4, 25767217=3, 6039185=5, 29410793=1, 10390739=2, 21133871=1, 26070930=1, 5740168=2, 2115787=1, 29919415=2, 29436429=3, 28966879=1, 2333579=2, 3719436=1, 11887816=1, 422657=1, 24931857=1, 9884162=1, 30893179=1, 33077231=2, 31663252=3, 17979387=1, 31857079=4, 10303280=3, 32449417=3, 11568947=2, 4315682=1, 8799909=1, 21481172=1, 22146134=1, 7932822=3, 25219641=1, 736431=3, 29161097=1, 26733042=1, 33434934=4, 3905049=2, 14326966=2, 10896791=1, 16283255=1, 21320065=1, 158824=1, 1722956=1, 4887496=2, 5793846=1, 20558101=2, 28669251=1, 27764113=2, 19028573=1, 12584805=9, 4314095=1, 21922110=2, 18662689=1, 21135778=2, 2045200=3, 28875498=2, 17088571=1, 18561373=3, 26857426=1, 14856403=2, 18987303=2, 25654631=1, 23690908=1, 23663882=3, 4610293=1, 20158642=2, 33434591=4, 8145904=1, 28147649=1, 2441700=1, 28925022=1, 25859540=2, 15864411=4, 7901577=2, 13046154=3, 5670807=2, 3434548=1, 30614704=3, 20960738=1, 13980968=1, 15747512=1, 9972381=6, 22924848=1, 19883740=1, 9787004=1, 15741376=7, 495615=2, 19718914=1, 26098852=4, 28025650=2, 8435527=2, 27179113=2, 24766497=1, 3329585=1, 9846806=1, 14471690=1, 26379332=2, 31252924=1, 32236574=1, 811851=1, 23462956=4, 9108989=1, 2375399=5, 446722=1, 17595255=1, 216963=1, 11819696=1, 14951424=5, 16904527=1, 28861691=1, 9969890=6, 24702744=1, 15984220=1, 28325819=7, 18229648=4, 32145550=2, 2868969=1, 12329289=5, 29702209=3, 12287293=1, 30246010=2, 20744972=2, 13421765=1, 21175039=3, 31178939=1, 533948=6, 27772031=1, 16678311=1, 17129908=1, 2792020=2, 24452539=3, 21543075=2, 17747241=1, 3818747=1, 31006403=3, 18282678=1, 534468=6, 11949039=1, 809552=1, 32999760=2, 11545278=7, 22258061=2, 29565180=3, 22064241=2, 18296964=3, 17848884=1, 5871264=2, 16846706=3, 8154695=1, 20941777=2, 15158952=1, 16827262=1, 8599068=3, 19445322=2, 12611796=1, 1038721=1, 9182800=5, 24461639=1, 19353532=1, 5131803=1, 1217723=2, 3528908=1, 19540879=4, 6612335=1, 3936736=5, 18513136=1, 4291549=1, 3186137=2, 20813075=2, 12413126=1, 23773487=1, 29774161=1, 2131587=2, 2599387=2, 21419651=1, 3006148=1, 6671982=1, 20969327=1, 4903383=1, 27555550=1, 20174611=1, 22826162=1, 19537853=4, 3300214=1, 24589923=3, 27654901=1, 9060050=4, 29683167=1, 29627078=5, 32928682=1, 27885680=2, 10612335=1, 8619990=2, 16542688=1, 12221580=1, 15441602=2, 6490162=3, 25091884=1, 31585208=1, 27604938=3, 276213=5, 18121459=2, 8378199=1, 20234602=1, 13926130=1, 16622601=2, 31941493=1, 27650169=1, 10437847=1, 28740068=2, 27255506=1, 20868969=1, 24912256=5, 4138095=3, 5379721=4, 24454262=3, 18006550=1, 24349623=2, 24384135=5, 13413803=2, 30272217=1, 14324180=2, 13565836=1, 13051755=3, 8235337=2, 15597405=1, 14041983=1, 5059087=3, 8090708=1, 10306034=1, 24333225=1, 16137063=4, 24771861=1, 10226356=5, 18946745=3, 21725365=2, 23631445=2, 12103933=2, 5198417=1, 507367=2, 15260512=1, 21199871=1, 16710281=1, 7408747=3, 5971854=3, 12158239=2, 18894894=1, 19580935=1, 3567796=1, 19000634=1, 6287129=1, 15568558=2, 9320365=4, 18790874=2, 13483388=2, 11974907=2, 3884170=1, 33000724=2, 9864890=2, 25374223=3, 16483609=2, 22759758=1, 9276741=2, 18683583=3, 15489676=1, 8203389=3, 23898318=2, 33281079=1, 14901648=1, 6120763=1, 31689665=2, 22069036=2, 23358319=1, 33254110=1, 16062417=3, 30616490=3, 22857124=1, 20028267=2, 26089769=4, 32584230=3, 21679382=1, 4092344=1, 4317001=1, 52624=1, 14134737=2, 13876489=2, 13209352=2, 19787814=1, 31849999=1, 8662=13, 14729854=1, 19872312=3, 21305270=3, 3248182=2, 29408167=2, 10214193=1, 28679234=2, 25604657=2, 1013179=1, 9755203=1, 22647635=2, 9203677=1, 15492104=1, 5791538=1, 15216383=6, 3318760=2, 29777509=1, 9806441=2, 10988500=2, 32033626=1, 16309130=1, 20902874=1, 17951223=1, 20448057=6, 6707423=1, 13033582=1, 33417461=1, 11793246=1, 21149216=2, 6624812=3, 31492233=2, 18635104=1, 9915509=1, 23810866=1, 14013836=1, 1478018=2, 32201471=1, 8563335=2, 6936587=1, 7013981=3, 7863743=1, 31690849=2, 23045594=2, 13959700=3, 17859736=2, 25101702=3, 11758573=1, 3706595=2, 9061108=1, 7377976=2, 17752548=1, 29017635=1, 32143832=1, 17661587=1, 16639393=1, 11569212=2, 10192172=2, 19507070=2, 9350531=2, 5704446=3, 25771275=3, 11842114=2, 5680476=2, 19462732=1, 10388954=2, 31564171=2, 26741062=6, 19256626=1, 10354357=1, 203290=3, 30735876=1, 33342019=1, 28937933=2, 3760346=1, 16609009=1, 1571379=1, 30719604=2, 28943167=2, 30387284=2, 11259827=1, 3390336=2, 24281916=2, 4743697=1, 15185108=2, 3290032=4, 23623466=1, 5006384=1, 8753047=2, 22654108=2, 9834845=4, 23418199=1, 16727343=3, 18488009=4, 2143153=2, 28400157=1, 3022264=4, 11442332=2, 8604248=1, 2997052=2, 8207004=3, 16817643=2, 14665837=1, 32789348=1, 31578983=1, 2770418=1, 29895499=6, 9454186=1, 10268271=2, 6416091=1, 21309218=3, 1372215=1, 27224383=1, 25617429=1, 32545455=2, 16898309=1, 6984347=2, 11504357=2, 31611366=1, 1954231=1, 6486888=1, 18669571=1, 33345751=1, 29410039=1, 16608106=1, 22363432=3, 1643950=3, 11434684=1, 19149379=5, 25450860=1, 12969560=1, 23691258=1, 933644=4, 9085272=2, 31718127=1, 3680683=6, 24748237=2, 30038246=1, 26954219=1, 10149080=1, 32542287=2, 6292467=8, 26928030=1, 25904766=1, 18185133=1, 1417510=2, 21138070=2, 16611618=1, 3360039=1, 20225860=2, 29678103=1, 8279049=1, 10782621=2, 13419786=1, 29673102=1, 19808333=1, 26549182=3, 8301409=2, 20771437=1, 9384940=3, 9220035=2, 28833247=1, 4977763=1, 347821=1, 3474924=3, 12230974=2, 19975203=1, 14122614=1, 10152487=1, 26198487=1, 14737668=1, 20464339=1, 22022043=7, 25974755=1, 31421927=1, 3626940=1, 19305187=2, 18079652=1, 25711111=1, 10409639=1, 15538445=3, 32740660=2, 25805530=1, 19610286=3, 16450439=3, 7314104=2, 6340939=1, 29553742=1, 26493898=1, 6425156=4, 3427116=1, 10383898=1, 19176454=2, 28505831]=1}> but was:<...rime: 6 register: {1[6904527=1, 10383898=1, 18938452=1, 16827262=1, 8452050=1, 25855402=2, 1571379=1, 3626940=1, 12329289=5, 4610293=1, 19821001=1, 19241512=2, 9320365=4, 10409639=1, 6931468=1, 25848394=1, 31941493=1, 10896791=1, 2599387=2, 14471690=1, 158824=1, 8662=13, 19445322=2, 20457259=6, 3010020=1, 24771861=1, 17595255=1, 3760346=1, 29374589=9, 3905646=2, 29809988=1, 9846806=1, 6903361=1, 8145904=1, 8563335=2, 20558101=2, 19872312=3, 28299184=1, 16272132=1, 26371277=1, 23586586=1, 2045200=3, 14856403=2, 8235337=2, 19537853=4, 28325819=7, 19353532=1, 4977763=1, 3006148=1, 8301409=2, 21305270=3, 28623498=1, 30100982=1, 11434684=1, 22363432=3, 22022043=7, 29627078=5, 19856081=1, 15864411=4, 19737389=3, 2865604=2, 23420749=1, 32545455=2, 6120763=1, 9182800=5, 22792096=1, 28885888=1, 13204486=1, 25380775=1, 10879009=4, 7365738=1, 22069036=2, 3567796=1, 31689665=2, 13419786=1, 24604637=1, 20035414=2, 23358319=1, 3022264=4, 23156667=1, 32468394=1, 21708921=1, 10394179=2, 12361296=2, 5131803=1, 18921961=2, 29702209=3, 16443778=1, 9864890=2, 18006550=1, 29565180=3, 17088571=1, 6936587=1, 3552779=4, 3077805=1, 13931365=2, 19176454=2, 23898318=2, 29428268=3, 20448057=6, 2296015=3, 28025650=2, 11096547=1, 32778645=5, 4866458=1, 14737668=1, 15179569=2, 25490128=1, 18662689=1, 29161097=1, 14665837=1, 10336727=2, 533948=6, 14778622=2, 33077231=2, 8619990=2, 17624703=1, 7428753=1, 31178939=1, 9586971=1, 3248182=2, 18121459=2, 8119074=1, 3788542=1, 29919415=2, 25343602=2, 21424394=1, 22199761=2, 32145550=2, 1750127=2, 32740660=2, 1957603=1, 26551362=3, 30387241=2, 6984347=2, 2792020=2, 13046954=3, 25538950=2, 21135778=2, 20771437=1, 10640981=1, 21725365=2, 1038721=1, 13743999=2, 30140733=1, 26945891=3, 19507070=2, 3599756=1, 13828760=3, 23462956=4, 18593476=2, 25985162=2, 22924848=1, 10652299=2, 12103933=2, 27812481=1, 3390336=2, 23664750=3, 8753047=2, 422657=1, 27452930=1, 26726904=1, 8154695=1, 5131351=1, 15976828=1, 25767217=3, 32272897=1, 19709959=1, 32449417=3, 24766497=1, 7932822=3, 4437904=2, 33434934=4, 4903383=1, 3365706=1, 20601481=1, 3318760=2, 32143832=1, 2889604=5, 3290032=4, 19256626=1, 5680476=2, 19466333=3, 3446915=2, 13663556=1, 22826162=1, 3642513=2, 831936=2, 14134737=2, 16796843=1, 1914801=3, 5791538=1, 31611366=1, 1417510=2, 6891247=3, 28966879=1, 32315879=3, 12113542=1, 26954219=1, 18894894=1, 26741062=6, 3706595=2, 16898309=1, 24333225=1, 16483609=2, 23418199=1, 12919407=3, 19966565=2, 31943195=1, 11140905=1, 26098852=4, 4120285=1, 17129908=1, 19194940=1, 16710281=1, 12611796=1, 23690908=1, 4317001=1, 13413803=2, 4743697=1, 24452539=3, 24349623=2, 3420709=5, 4138095=3, 878298=1, 16622601=2, 13565836=1, 23623466=1, 23773487=1, 25888556=3, 15216383=6, 9220035=2, 3360039=1, 24968148=1, 13046154=3, 11819696=1, 14158065=6, 31336406=4, 10303280=3, 13209352=2, 30894825=1, 27224383=1, 29408167=2, 3936736=5, 31585208=1, 4291549=1, 19305187=2, 6707423=1, 16019940=1, 16611618=1, 5826386=1, 13422190=1, 790183=5, 33342019=1, 28724198=1, 14149550=1, 10354357=1, 24912256=5, 27885680=2, 1372215=1, 6283277=1, 24807767=2, 27884274=1, 2770418=1, 13024122=2, 20969327=1, 19618283=1, 24454262=3, 29683167=1, 20960738=1, 2281904=1, 28740068=2, 534468=6, 17752548=1, 6340939=1, 12158239=2, 20362950=2, 31492233=2, 18669571=1, 14901648=1, 25374223=3, 33417461=1, 11568947=2, 3300214=1, 1722956=1, 16572619=1, 19610286=3, 22736529=1, 15597405=1, 22388758=2, 2939703=1, 15489676=1, 20028267=2, 8378199=1, 18936643=1, 20562489=1, 15508835=2, 6612335=1, 23220662=1, 27288312=1, 19028573=1, 28025468=2, 15219009=6, 19787814=1, 10268271=2, 18513136=1, 23301762=2, 5059087=3, 33434591=4, 26863629=1, 30038246=1, 29673102=1, 14290382=4, 6486888=1, 16609009=1, 32584230=3, 31849999=1, 26089769=4, 29410039=1, 31690849=2, 8249649=1, 30245420=2, 5689115=1, 13421765=1, 25795352=2, 23691258=1, 5704446=3, 26853016=2, 7142380=1, 18282678=1, 17202129=1, 736431=3, 4314095=1, 16283255=1, 778945=1, 9884162=1, 9454186=1, 6584093=1, 24384135=5, 22199377=2, 5754508=1, 14041983=1, 30735876=1, 4092344=1, 6490162=3, 31330875=4, 12287293=1, 16662385=4, 28505831=1, 7488434=1, 10718321=2, 18683583=3, 21419651=1, 12160070=2, 6425156=4, 16678311=1, 16762778=1, 24678827=2, 27650169=1, 11101372=1, 31252924=1, 2705479=1, 17629923=3, 24790713=1, 4315682=1, 15337393=4, 29410793=1, 17240880=3, 18946745=3, 11974907=2, 21392365=1, 6624812=3, 3620439=3, 30719604=2, 14565433=1, 9806322=2, 24461639=1, 26789530=1, 1866078=1, 20174611=1, 1199711=1, 15492104=1, 13876489=2, 31663252=3, 8435527=2, 20464339=1, 24931857=1, 28474075=1, 25091884=1, 17376209=3, 33044639=6, 19883740=1, 6292467=8, 5379721=4, 29484596=1, 17236027=3, 16608106=1, 24702744=1, 19208194=3, 15496522=1, 19714260=1, 5871264=2, 21543075=2, 13980968=1, 27179113=2, 52624=1, 28246397=3, 28556636=2, 4526222=3, 30069215=1, 20450018=6, 26857426=1, 21320065=1, 26178412=1, 19462732=1, 9755203=1, 3818747=1, 21138070=2, 809552=1, 11282572=5, 25654631=1, 14569716=1, 30820872=1, 2333579=2, 10152487=1, 26379332=2, 21766747=5, 6186326=1, 13926130=1, 26313356=2, 15441602=2, 25771275=3, 5642187=4, 933644=4, 20426028=2, 31857079=4, 17979387=1, 21272397=2, 23663882=3, 5989981=1, 7840371=2, 30387284=2, 18790874=2, 4892119=2, 7377976=2, 29774161=1, 30578879=2, 33458460=2, 11887816=1, 30966317=2, 67430=3, 29720788=2, 24281916=2, 17648388=1, 31006403=3, 19975203=1, 28861691=1, 9350531=2, 10039069=3, 13299691=1, 25759910=3, 18185133=1, 3896174=1, 15669084=3, 13033582=1, 22594220=1, 16254931=6, 6287129=1, 32289619=2, 11545278=7, 10247009=1, 31718127=1, 4264350=3, 7901577=2, 16793438=11, 11886516=1, 15020653=3, 18296964=3, 11842114=2, 16817643=2, 25270145=2, 16309130=1, 29161017=1, 15048498=2, 12584805=9, 14324180=2, 1390217=3, 28937933=2, 4597003=4, 3427116=1, 31670133=3, 27255506=1, 17951223=1, 7484059=4, 10390739=2, 6416091=1, 1013179=1, 18431276=3, 25836729=4, 23045594=2, 4200024=9, 17313920=6, 33254110=1, 30893179=1, 19490233=1, 8279049=1, 672736=1, 23131307=1, 10825247=3, 27555550=1, 6025315=1, 16486735=2, 12413126=1, 25974755=1, 21922110=2, 10782621=2, 9276741=2, 5556684=1, 11949039=1, 27500555=2, 31578983=1, 2115787=1, 14648257=2, 26549182=3, 12395880=3, 10214193=1, 25839693=1, 9108989=1, 9916521=1, 276213=5, 446722=1, 17456579=1, 5006384=1, 6671982=1, 14013836=1, 20158642=2, 21679382=1, 9787004=1, 15431256=1, 22146134=1, 28096569=2, 26928030=1, 16542688=1, 24748237=2, 25288205=1, 5454827=3, 2239074=4, 3405643=1, 17418670=1, 22258061=2, 10612335=1, 10388954=2, 26736940=1, 1436514=1, 23152535=1, 7863743=1, 10226356=5, 13051755=3, 28875498=2, 4186863=1, 11504357=2, 20902874=1, 26671837=1, 1217723=2, 21175039=3, 5740168=2, 7368684=1, 11185401=2, 18984532=2, 16450439=3, 20744972=2, 28669251=1, 1166322=1, 10685787=3, 2868969=1, 14122614=1, 18755564=4, 32928682=1, 12969560=1, 17747241=1, 25492663=1, 23917073=1, 26947316=3, 18079652=1, 9554449=1, 16062417=3, 9834845=4, 10727588=2, 30616490=3, 3277046=4, 27654901=1, 2441700=1, 3186137=2, 9060050=4, 25859540=2, 25604657=2, 26198487=1, 5002649=1, 10339497=1, 23950632=1, 5598046=1, 27604938=3, 30246010=2, 1368020=1, 21476218=2, 29895499=6, 3719436=1, 14418049=5, 14951424=5, 9815255=1, 9203677=1, 12701280=1, 11153300=4, 10098974=4, 5916690=1, 32542287=2, 25450860=1, 347821=1, 26908690=2, 25586627=1, 27666898=4, 335570=3, 7826193=1, 3860538=1, 7408747=3, 9061108=1, 7635837=2, 14793574=2, 22185766=2, 18987303=2, 24589923=3, 495615=2, 20234602=1, 23364624=2, 23810866=1, 19808333=1, 3238712=1, 32789348=1, 22759758=1, 26070930=1, 27587289=1, 7465379=1, 11569032=2, 1970854=4, 33345751=1, 938516=1, 4852977=4, 10935370=1, 19000634=1, 23307703=2, 28833247=1, 19540879=4, 4887496=2, 8604248=1, 26709725=2, 21481172=1, 5657909=1, 26655695=2, 25544914=1, 10192172=2, 30298481=1, 25788851=2, 25904766=1, 30054762=2, 8174444=2, 25101702=3, 1131554=1, 25745084=1, 15538445=3, 27167984=2, 5923758=1, 315883=1, 4720911=6, 2143153=2, 16780673=11, 12230974=2, 8090708=1, 19183394=2, 3905049=2, 2056884=1, 7891463=1, 17296714=1, 6039185=5, 20225860=2, 5156073=2, 26789100=1, 11442332=2, 13637320=7, 22654108=2, 27764113=2, 3027916=4, 22857124=1, 20941777=2, 15260512=1, 20138287=1, 27939821=1, 16846706=3, 32236574=1, 32897924=1, 17848884=1, 30614704=3, 203290=3, 507367=2, 2131587=2, 10785257=2, 29777509=1, 1893185=1, 17859736=2, 28679234=2, 15568558=2, 5971854=3, 20427125=2, 26534467=1, 11259827=1, 33281079=1, 16480780=1, 5793846=1, 7314104=2, 7013981=3, 25617429=1, 30272217=1, 21113131=4, 1478018=2, 334181=3, 12221580=1, 27772031=1, 23493428=1, 5670807=2, 18229648=4, 16639393=1, 28520727=3, 17661587=1, 21309218=3, 6411508=1, 26647300=2, 31379561=1, 15185108=2, 32307561=1, 9522425=1, 31564171=2, 5198417=1, 803625=1, 20868969=1, 9820600=1, 2997052=2, 29436429=3, 1246529=3, 9969890=6, 25711111=1, 10651430=2, 11739532=3, 2368673=5, 28994899=1, 9972381=6, 25805530=1, 9806441=2, 8207004=3, 4096710=2, 22064241=2, 22647635=2, 3938380=5, 14201973=2, 18303109=1, 19778103=1, 24482099=2, 7560652=1, 27170188=2, 14326966=2, 16727343=3, 17274874=2, 18385980=2, 4140556=3, 29525707=2, 21199871=1, 8203389=3, 7420292=3, 28147649=1, 28943167=2, 30482857=3, 31222548=1, 11268457=1, 8599068=3, 1954231=1, 3329585=1, 15984220=1, 26733042=1, 11569212=2, 32872638=2, 1077537=1, 216963=1, 32201471=1, 31421927=1, 3434548=1, 13483388=2, 3474924=3, 10149080=1, 18635104=1, 23819431=1, 15747512=1, 32539107=2, 29553742=1, 11802261=5, 16137063=4, 4533489=3, 15158952=1, 1643950=3, 8646443=1, 19936966=7, 10988500=2, 23631445=2, 26146555=1, 22092837=3, 29017635=1, 9915509=1, 19083408=3, 14231219=3, 2375399=5, 18488009=4, 11758573=1, 20813075=2, 11838780=2, 30289254=4, 14389532=2, 19498049=2, 811851=1, 32033626=1, 19099463=1, 9384940=3, 8799909=1, 19580935=1, 19149379=5, 14729854=1, 33000724=2, 32999760=2, 10492545=8, 3680683=6, 23053728=1, 1373698=1, 16799755=1, 9085272=2, 11793246=1, 2756079=4, 12198816=4, 18561373=3, 15741376=7, 22814926=5, 25219641=1, 28400157=1, 10306034=1, 21149216=2, 21133871=1, 29678103=1, 13529742=1, 13959700=3, 32856952=1, 4829866=2, 7233204=1, 2790377=2, 3528908=1, 28925022=1, 28235861=1, 3884170=1, 9602199=2, 26493898=1, 10437847=1, 23474363=4, 19718914=1, 10080602=1, 5669125=2, 16374482]=1}>
	at org.apache.hadoop.hive.common.ndv.hll.TestHLLSerialization.testHLLSparseSerializationHalfDistinct(TestHLLSerialization.java:119)
]]></failure>
  </testcase>
  <testcase name="testHLLDenseSerializationHalfDistinct[4]" classname="org.apache.hadoop.hive.common.ndv.hll.TestHLLSerialization" time="0.029"/>
  <testcase name="testHLLSparseNoBitPacking[4]" classname="org.apache.hadoop.hive.common.ndv.hll.TestHLLSerialization" time="0.065">
    <failure message="expected:&lt;...Prime: 6 register: {[19928387=7, 7700256=1, 7968299=2, 20729084=1, 19796906=4, 25919329=1, 28039534=1, 4935522=1, 25924076=2, 6055334=1, 23146480=3, 30228183=3, 20194914=5, 9596163=1, 11651669=1, 24335919=1, 13403147=2, 963262=2, 24308858=1, 10343475=1, 29380630=1, 23022751=1, 12840175=1, 24482178=2, 17133312=1, 23379377=2, 22948469=4, 28066837=1, 20608619=1, 3448735=2, 4418879=1, 18731621=1, 3094247=3, 2133615=2, 27785668=1, 21687697=1, 3258571=2, 634208=2, 29078840=2, 31118542=1, 17157081=1, 9827204=1, 29532852=2, 9343722=2, 19631662=2, 18278607=1, 22612943=3, 14931786=1, 33471669=2, 11777783=2, 26003883=1, 29044946=3, 12448048=1, 32797922=1, 6947669=4, 1297735=1, 12419772=2, 12491431=2, 3439235=1, 23554730=1, 29596314=2, 5039946=1, 2513030=1, 32196116=1, 31918160=3, 17195755=1, 30227076=3, 17367685=3, 10611241=1, 28546637=2, 25224483=1, 7247402=2, 10475906=1, 21594775=2, 14932929=1, 24821217=2, 3157966=7, 16642930=1, 17454413=1, 14269956=2, 16794745=1, 158177=1, 14591385=2, 30062899=2, 1538196=1, 32969858=3, 4877200=1, 32493302=1, 24464231=1, 27297291=2, 23304574=2, 20392578=3, 8843509=1, 8409133=1, 10439519=1, 18140258=1, 6347459=1, 10990918=2, 8747020=1, 26858922=1, 10293166=3, 1483869=2, 14497899=3, 29098930=5, 6363121=3, 12329061=5, 11656800=1, 8289257=1, 19129640=1, 22305622=1, 19902744=2, 12436640=1, 27463260=3, 15161324=1, 14993489=1, 33311546=1, 7678462=3, 8264064=4, 6926925=2, 9639286=3, 10905946=1, 17551233=1, 23681647=1, 23385833=1, 31280636=1, 12875033=1, 5020714=2, 28037901=1, 6300292=8, 3678548=6, 30962817=1, 17856550=1, 22771758=1, 28693297=1, 6784440=2, 16117685=1, 16934508=1, 19168306=1, 26579350=2, 23864196=5, 14717093=2, 20549882=2, 16632564=1, 17884178=1, 10391233=2, 19136812=5, 27599815=3, 21500760=6, 12031288=2, 14136305=2, 27001313=5, 28191148=4, 438659=2, 17499621=3, 310730=2, 8236990=2, 30337530=1, 9815165=1, 17230231=1, 12643348=1, 26750987=6, 1769495=3, 2362840=5, 9936213=2, 11557315=1, 11574222=2, 1757445=1, 28131564=1, 19563642=2, 29170119=3, 4751921=2, 2094347=1, 25639769=3, 28706831=4, 8812012=1, 16353976=2, 23763974=2, 4313241=1, 28332384=1, 7552575=3, 7103523=1, 12149696=1, 20570074=1, 32752259=1, 18555250=3, 18868998=1, 29845658=1, 32869785=2, 17392327=1, 33221347=1, 25533230=2, 9073074=1, 16110504=1, 32530758=1, 12081459=1, 852753=3, 2220225=1, 7501898=1, 28541778=2, 32762401=1, 14777112=1, 31055620=1, 27833692=2, 2470827=2, 15598032=4, 18177691=1, 16399301=4, 15770353=2, 6210671=1, 32221308=2, 10684501=3, 6415850=1, 4804026=1, 1728517=1, 94405=1, 29630955=5, 316432=1, 32426311=1, 26273924=1, 6239148=3, 3476725=3, 7303049=1, 486647=1, 767271=2, 4224106=1, 21265124=1, 20654151=3, 21681728=1, 5373984=4, 3838693=2, 7977405=2, 26309795=1, 30504174=1, 32962010=1, 6183892=1, 8539374=1, 30016867=4, 7640459=2, 19727900=3, 30056902=2, 3002690=1, 7775225=2, 11584477=1, 14306718=1, 27360331=1, 32028335=2, 19982944=1, 15263631=1, 31673246=1, 32106532=1, 28824314=1, 7000658=1, 14258863=2, 23605590=6, 32433550=1, 1074452=1, 28734519=1, 5214417=2, 29795546=2, 17682677=1, 1915552=3, 8541592=1, 32883436=1, 20177800=1, 32813950=2, 22900234=1, 9458902=1, 5188624=3, 21907755=1, 2922504=2, 7081090=5, 28754679=1, 33502193=3, 3731136=1, 30141476=1, 24022788=2, 16676737=1, 2396194=2, 23616654=1, 1394506=1, 22212733=1, 4358326=2, 32777005=5, 24206419=1, 16528158=5, 15396722=1, 13570265=3, 2626664=6, 18575177=1, 810026=1, 5049804=3, 8234633=2, 9865813=2, 25802749=2, 26710955=2, 24989318=1, 27605680=3, 18752074=4, 8825261=2, 1615046=2, 13784271=1, 30114251=2, 16322706=3, 7758443=1, 4758767=2, 31793815=3, 10119616=1, 21608483=2, 33209711=2, 28225464=2, 16338149=1, 4485143=1, 33434770=4, 18334593=1, 26903683=2, 11820500=1, 10384875=1, 13542035=2, 10359261=4, 25845217=1, 622545=1, 5926298=1, 33371184=3, 28125722=3, 19258757=1, 29200409=2, 17918938=1, 4688310=2, 10003632=2, 31282946=1, 25927262=2, 9661864=1, 12751849=2, 20369121=1, 653935=1, 32900393=4, 31994610=6, 14301186=4, 282229=1, 17479986=2, 29668652=2, 19912066=1, 33286395=1, 4930114=3, 3501179=1, 5452650=3, 1695017=1, 19103937=2, 1450506=4, 1692793=1, 11959373=1, 26662198=1, 32056398=3, 5336174=1, 25293573=1, 2285664=1, 25568617=4, 30299210=1, 883541=1, 30087903=3, 904292=1, 12853629=5, 21604887=2, 21009443=2, 32430738=1, 1574203=6, 4457683=5, 33447016=1, 32404627=1, 6603853=1, 13819955=1, 2604832=2, 25764816=3, 22922549=1, 6826=15, 14528372=2, 6498813=3, 26936154=3, 4404463=3, 25045058=4, 11862461=3, 9373943=3, 5840981=3, 19943515=1, 3313830=2, 2564098=3, 23458805=1, 21892762=4, 12337299=1, 6170398=4, 14634303=1, 3811503=4, 30419707=7, 25546485=1, 16462484=3, 25652009=1, 33018456=1, 30856167=1, 8877237=1, 4877628=1, 23708821=1, 26954251=1, 27269094=8, 33307627=5, 25028028=1, 15464901=1, 33043732=6, 765540=2, 4032262=2, 29049290=1, 33012350=2, 3485530=3, 17742104=2, 11624110=1, 11043924=2, 14990455=2, 17944182=1, 25233124=3, 32557993=1, 611666=1, 22039648=1, 22156321=4, 17090498=1, 6339973=2, 27539489=5, 32734703=1, 20026891=2, 32707164=3, 28742754=2, 32311522=3, 8722174=3, 11257605=1, 15519843=1, 27772246=1, 2407608=2, 3516540=2, 8561452=2, 2253673=1, 26903545=2, 6702204=1, 30982134=2, 23796715=3, 818020=1, 13370159=5, 6170338=4, 13566404=3, 19977221=1, 2985992=2, 30296654=1, 31863209=4, 24766542=1, 27948854=1, 27022157=1, 14237780=1, 54851=1, 26820022=3, 29783191=1, 19695492=2, 2373188=5, 5765894=1, 21575905=3, 6760076=3, 604246=3, 11332798=1, 6331930=2, 16731906=1, 23135374=3, 22997369=1, 13208233=2, 2016804=1, 31402540=3, 28179256=1, 13708701=3, 30944586=6, 17668445=2, 15582292=1, 13896629=5, 4845830=1, 9167637=1, 4529919=3, 18423802=3, 23151323=1, 24965408=1, 33476371=1, 14036765=4, 72257=3, 15003607=1, 323304=1, 26163878=3, 31522093=1, 21878537=1, 22285765=5, 5333894=1, 32960589=1, 32789346=1, 32380956=4, 26776100=2, 5813868=2, 26236556=1, 25205078=2, 24955303=1, 14600293=1, 627760=2, 13170590=1, 10845816=1, 666533=4, 31084064=1, 28726889=1, 12313352=1, 10519786=2, 21399851=2, 18649055=2, 11172817=1, 27221699=1, 18346208=1, 26157525=3, 8940105=1, 8404105=10, 24803179=1, 7407754=3, 1023609=2, 9125529=3, 13644266=7, 28156488=2, 19816602=1, 20764632=1, 18937358=1, 26759012=1, 7160402=1, 17147452=2, 6707015=1, 31642313=1, 2776=13, 5533308=1, 15940390=3, 31779994=1, 23100014=1, 11140694=1, 6341173=1, 2929780=2, 10471191=1, 27738877=1, 10024246=1, 8907775=1, 1079500=1, 1811726=2, 10944937=3, 1513211=3, 1008811=1, 20058719=4, 13850053=1, 20401114=1, 126436=1, 27099129=1, 9874583=2, 22664744=1, 11326088=1, 13638276=7, 3347824=3, 27990484=3, 25999881=2, 22122456=2, 3351802=3, 12690458=2, 2515008=1, 30671521=5, 17670014=2, 9526845=1, 4940024=1, 29732131=2, 14120383=1, 14610850=1, 16789203=11, 10192726=2, 16903472=1, 148682=1, 7711014=2, 7098756=1, 31094965=1, 22950374=4, 1611720=2, 14718311=2, 28413032=2, 20875135=2, 4081541=1, 22784353=2, 20739623=1, 14050373=1, 27530343=5, 19752445=1, 16144677=1, 24330162=3, 16717233=3, 4602352=4, 9443174=7, 23348623=1, 25496182=3, 2503229=4, 33194727=2, 29191711=1, 21487396=1, 11717941=1, 6389902=2, 31019589=1, 4024445=1, 3423114=5, 27549306=1, 10473160=1, 8989994=3, 10235250=5, 32279088=2, 2602372=2, 22877896=3, 22232106=3, 1450139=4, 21643254=4, 11761580=1, 22595562=1, 10984061=2, 12296112=2, 7410281=3, 2666184=2, 1208337=1, 27592852=3, 9182040=5, 29807360=1, 25362470=3, 5572574=3, 5229701=1, 32787290=1, 4206350=9, 20059531=4, 22375328=1, 31306414=2, 1728964=1, 30452824=2, 2225320=1, 17057041=1, 4474167=1, 24373539=1, 1030818=2, 29211959=2, 24107881=1, 8264102=4, 21154198=1, 29845859=1, 30637279=1, 17725430=1, 26099735=1, 21752132=1, 1045208=1, 12070633=6, 23099923=1, 9109283=1, 23904207=2, 24477230=1, 29214401=1, 25455625=1, 30463813=1, 8224704=1, 21951714=1, 18744390=4, 1243695=1, 29216430=1, 23716100=1, 4792756=3, 30278935=4, 28433071=1, 17307359=6, 28868618=2, 30592020=1, 7894985=1, 2246249=1, 13194053=1, 5646205=4, 27657226=4, 9070253=1, 30226465=3, 19515549=1, 26090270=4, 2633065=6, 22343717=1, 17608295=2, 26460462=1, 27712400=1, 18130290=2, 20501371=1, 3397209=1, 17726544=1, 17521430=1, 18710405=1, 15314768=2, 15263199=1, 33507057=1, 31875015=1, 27464271=3, 6807941=1, 23307870=2, 15321421=1, 22545453=6, 5121510=4, 5958323=1, 15831745=2, 25976294=1, 20404500=1, 26874844=4, 9829777=1, 7225277=4, 6651564=1, 31222618=1, 28598617=1, 27389138=1, 23666960=3, 23858330=5, 2811530=1, 16654145=4, 26325963=2, 5228393=1, 28721771=1, 9637445=3, 1893576=1, 32573777=3, 1219063=2, 25883821=1, 18068841=2, 8595624=3, 28350540=2, 17724753=1, 6309469=1, 15385910=1, 12508543=1, 6406413=1, 570404=2, 11497180=1, 25378122=3, 17077986=2, 15579296=2, 21091323=1, 31501853=2, 23488107=1, 22301494=1, 22980420=2, 1149425=2, 31265060=3, 27434773=2, 24360769=2, 31564039=2, 6879198=1, 28307611=1, 27998672=3, 6516597=1, 13400276=1, 22206911=1, 28559674=1, 26127165=2, 18095002=5, 20153873=2, 14680198=8, 7556541=1, 11378272=2, 23617124=1, 21465=1, 5930615=1, 6159846=1, 1305190=1, 16336315=1, 18864353=1, 608084=1, 16504987=1, 22087149=3, 19407032=6, 26667930=1, 30238581=1, 14047830=1, 20646801=3, 3566445=1, 8481088=1, 8167580=2, 7783351=1, 15154=14, 30102816=1, 24131467=7, 4576954=1, 16305834=1, 1417509=2, 30056267=2, 350458=1, 2968834=1, 29537145=2, 24117886=7, 18639160=1, 31106279=2, 25736695=2, 7967665=2, 14475804=1, 7067134=1, 28448254=4, 26457333=2, 1548902=2, 2148200=1, 26666349=1, 22225036=3, 31901805=1, 28084482=2, 5903446=4, 28929033=1, 23571212=2, 3953169=1, 27686952=1, 31089380=1, 9397103=1, 21736699=2, 12072566=6, 3362945=1, 28994305=1, 28945059=2, 25308714=4, 4032533=2, 2528634=2, 15070864=1, 32185315=3, 12430508=2, 11473510=3, 21651787=1, 1937187=2, 28614315=2, 32248590=5, 18173316=1, 30946322=6, 33504574=3, 27798356=6, 18217363=1, 10168794=3, 9791837=1, 31211468=5, 7231968=1, 7219068=4, 3768523=2, 21296852=1, 25466875=2, 20852200=4, 18492453=4, 5378945=4, 29740375=1, 17684801=1, 20939367=2, 16152111=1, 6832558=1, 30729871=1, 26724078=1, 5596626=1, 9428197=1, 11949559=1, 15471409=5, 6890377=3, 5755682=1, 5248049=7, 6640932=1, 4881391=1, 29958283=3, 25535613=2, 26734209=1, 18518125=2, 22799691=1, 24914959=5, 22540854=1, 6821165=6, 14551059=4, 17518850=1, 33049701=1, 30103331=1, 21872017=2, 25077546=2, 18434130=1, 5856622=1, 28936171=2, 25453682=1, 8507871=1, 20250142=1, 27318579=1, 8873601=1, 15596472=1, 12848851=5, 32675664=2, 6604031=1, 22737936=1, 7722665=1, 31226927=1, 7870633=6, 24491913=2, 12449802=1, 27215055=1, 18261271=2, 13400002=1, 21686376=1, 988024=3, 33507745=1, 3166425=1, 527741=6, 26895166=1, 14933500=1, 25499915=3, 7276676=3, 16763006=1, 24676564=2, 28527309=1, 22405220=1, 8211344=1, 7473265=4, 16832126=1, 9301378=1, 29777574=1, 7913800=1, 25663962=2, 9058591=4, 22184082=2, 5651186=4, 28323492=7, 12843818=1, 28778407=3, 25631188=3, 32754608=1, 1337684=1, 32959684=1, 19186058=1, 20868845=1, 5954338=1, 32709197=3, 14194762=2, 29807029=1, 23078140=8, 16117168=1, 6370027=3, 18384652=2, 5228232=1, 12675863=1, 30551795=4, 1375609=1, 12793413=3, 10083691=1, 6347527=1, 21832496=3, 9543696=2, 30605175=1, 6577504=1, 10368634=4, 24087939=2, 22964591=1, 16499323=1, 1854224=1, 16710278=1, 28925221=1, 7176720=2, 22978182=2, 4569707=2, 8699990=1, 28619139=2, 9167597=1, 12187391=1, 29473370=2, 18634725=1, 33193211=1, 33209575=2, 24047436=1, 26457731=2, 19524594=1, 29819960=3, 23558747=1, 13722016=1, 8718802=3, 25390680=1, 27538449=5, 30825073=1, 1631451=1, 8607768=1, 21166641=1, 3968549=2, 14890370=3, 9695176=1, 20927355=1, 15110186=2, 5679058=2, 13258888=1, 7403497=1, 742751=1, 25789997=2, 17259364=1, 5467278=1, 1893425=1, 30387257=2, 25619461=1, 24474089=1, 26319311=2, 17217473=2, 8645271=1, 10723546=2, 24187171=3, 14906493=1, 2734329=2, 1216122=2, 17190855=1, 3168957=1, 15935776=3, 21864777=2, 12072521=6, 31038419=2, 16719380=3, 22302707=1, 21240469=5, 23862909=5, 15079601=4, 21379050=4, 13921691=1, 11360213=1, 32442824=3, 30956050=1, 7830839=1, 13595614=1, 26924439=1, 29756230=4, 6941867=1, 8492274=2, 15724754=1, 13323866=1, 10960974=1, 20142560=1, 29018559=1, 17123309=1, 30991345=1, 33213754=1, 18920618=2, 2025824=1, 16579327=1, 31400578=3, 19551766=1, 26999402=1, 9975087=6, 15597446=1, 18985094=2, 26925592=1, 1872558=2, 3071306=1, 3908427=2, 15835002=2, 9380776=3, 12428580=2, 7853026=1, 9889196=1, 32873198=2, 18847227=2, 10652851=2, 2101638=8, 21401887=2, 30229717=1, 14878828=3, 19328694=1, 8354396=1, 12729245=4, 10342890=1, 5256971=7, 9872608=2, 19525700=1, 15072245=1, 2975568=1, 31382194=1, 9011731=2, 10233717=5, 11905375=2, 15548850=1, 4857423=4, 28801621=1, 11780493=1, 32790834=1, 2298506=3, 30927814=1, 26919320=1, 1115685=3, 32506447=7, 21302110=3, 9277721=2, 23650035=1, 10422170=3, 24581201=3, 30375170=1, 18886951=8, 4121417=1, 515986=1, 13475607=2, 11304246=1, 27807968=1, 4779982=1, 23147982=3, 6125714=1, 5938479=2, 25757081=3, 2463658=2, 6081060=1, 14620250=3, 18966187=1, 29287331=1, 3721561=1, 26565156=1, 7803136=3, 16408136=1, 7054630=2, 15490813=1, 2027927=1, 27821217=2, 6197448=2, 14889640=3, 4955522=2, 11467391=1, 4889414=2, 27288611=1, 17145069=2, 22842216=2, 31163914=2, 32258190=5, 33327719=2, 16531347=5, 19668707=5, 30636601=1, 1732213=1, 4570636=2, 7499832=1, 10210143=1, 7020410=3, 8039895=2, 7032284=1, 23232943=2, 5597253=1, 18101876=5, 22953289=4, 4943347=1, 9947013=1, 9442202=7, 32910135=4, 8353710=1, 5934762=2, 26084666=4, 1234051=1, 28130716=3, 835415=2, 22725197=1, 5184546=3, 3966366=2, 1751069=2, 112469=2, 134456=4, 19785382=1, 25064902=1, 21708593=3, 3996575=1, 18962992=1, 20623179=2, 634081=2, 1037620=1, 22140741=1, 4130141=3, 8451832=1, 32512336=7, 7399740=1, 2002780=2, 6150584=1, 2336927=2, 26942303=3, 6813291=1, 7358664=1, 15970716=2, 17772124=3, 31403477=3, 22989862=1, 15795090=3, 1895340=1, 4318605=1, 15116251=2, 8771607=1, 9963547=6, 30414111=7, 13826954=1, 29126131=1, 16251722=1, 20564858=1, 7890102=1, 11113102=2, 12288714=2, 28923024=1, 16392464=4, 1715414=4, 14625548=3, 14669493=1, 30062841=2, 4088153=1, 24099716=2, 23177209=2, 18242793=1, 29511810=1, 2202886=2, 17028231=1, 21544151=2, 17292125=1, 31049025=1, 7874458=6, 13759192=1, 6649221=1, 733135=3, 31481090=1, 16349268=1, 9701461=5, 26029005=3, 15219267=6, 2684247=1, 17143856=2, 2677343=1, 19315308=2, 14071923=2, 5753817=1, 23242358=2, 27927773=4, 19095553=1, 21113596=4, 8144356=1, 3735220=1, 9352662=2, 29851190=1, 26891383=1, 14430266=5, 3223226=3, 7713539=2, 5993597=1, 5084278=2, 32855726=1, 7218256=4, 33319216=1, 27977205=1, 8507587=1, 11405540=4, 12900799=1, 16789638=11, 26232854=1, 6205245=2, 3396676=1, 25945027=1, 12202472=4, 3074715=1, 16568224=1, 5808831=2, 5509822=5, 28031784=2, 16355460=2, 5764317=1, 16794072=1, 1458059=4, 11461293=1, 23222567=1, 2026665=1, 21307041=3, 4359159=2, 5651357=4, 4146358=1, 3237011=1, 26804676=3, 10026595=1, 23165410=1, 8258713=4, 25881848=1, 8374477=1, 31112766=2, 28121944=3, 18153555=3, 19454218=1, 27745170=1, 16124677=4, 11566642=1, 5287863=2, 3547234=4, 19752990=1, 26249098=2, 27285726=1, 6412481=1, 23661545=3, 20544744=1, 12289869=2, 15042084=2, 22306609=1, 13288755=1, 21640025=4, 26382471=2, 26731139=1, 14231456=3, 24682724=2, 5175770=1, 30135567=1, 17173279=4, 11978298=1, 6648420=1, 11216898=3, 29946471=1, 24702641=1, 20791631=1, 8191186=1, 4100828=2, 32300733=1, 16353493=2, 24487380=2, 15016636=3, 28029746=2, 25105148=3, 23701167=2, 12443016=1, 16305080=1, 18007181=1, 18962614=1, 17946023=1, 29377894=1, 9470738=2, 27537952=5, 5139404=1, 4051275=1, 19636306=2, 4977403=1, 21096250=1, 8890535=2, 12289858=2, 13466653=1, 10820833=3, 12404015=1, 21342239=2, 3410268=5, 2286422=1, 13632274=7, 843300=1, 30904883=2, 8159152=1, 30278815=4, 25492509=1, 18792578=1, 29862654=2, 30086303=3, 24947834=2, 18864687=1, 31265414=3, 20531731=1, 13199556=1, 21698123=3, 15004612=1, 30200436=1, 6394893=2, 24705992=1, 32740393=2, 92711=1, 24678324=2, 7096664=1, 28327095=7, 32838432=3, 19560589=1, 4742573=1, 5702201=3, 3761862=1, 2352811=1, 26889564=1, 7220620=4, 29975456=1, 10566102=3, 7544616=3, 1793469=1, 4895027=2, 16223040=2, 16609959=1, 27074852=3, 4165642=2, 20135697=3, 3703399=2, 17554965=1, 30445097=2, 7781652=2, 17122799=1, 33310158=1, 30971149=2, 21299617=3, 1449896=4, 14425396=5, 10060349=2, 28617828=2, 19421628=1, 33295415=5, 15126457=1, 7292402=1, 16042217=1, 11356451=1, 1507242=1, 15123323=1, 16582578=3, 17009707=2, 31631524=2, 22978158=2, 15129378=1, 26869487=1, 20799803=1, 2054929=1, 11028113=1, 25045161=4, 21897702=4, 27113071=2, 3771714=2, 30157468=5, 24006995=1, 23182842=2, 20373833=1, 15510085=2, 27125776=1, 13181155=3, 5826360=1, 19545535=4, 27648126=1, 32624782=1, 20838361=1, 10420901=3, 28418434=2, 26037190=1, 1883166=2, 7433167=1, 24270255=1, 5664276=1, 18605844=1, 20681045=2, 16668194=1, 15719735=1, 9402743=1, 6130684=2, 4049224=1, 14309976=1, 2897066=5, 10616643=1, 19351575=1, 169449=2, 30073553=1, 7437837=1, 5028650=2, 27452746=1, 8721033=3, 32067185=1, 17122501=1, 29541956=1, 23715370=1, 5445141=3, 3987571=1, 970785=1, 8543646=1, 23988839=4, 5663981=1, 10284005=1, 22975875=2, 7178280=2, 1521726=3, 26113058=1, 32638304=4, 29996190=2, 5080547=2, 28951229=1, 29417352=1, 26095581=4, 29050046=1, 1837392=5, 24739740=1, 17448205=4, 21152732=1, 1535268=1, 19062806=1, 9133290=1, 1641703=3, 12617835=2, 31155506=1, 13728780=1, 15639329=2, 28078272=1, 9971153=6, 30546123=4, 1290114=2, 138524=4, 16114904=1, 29970396=1, 30811630=4, 31440000=2, 22163068=4, 24816088=2, 25442631=5, 7943841=3, 9634756=3, 32293972=1, 18294419=3, 29773238=1, 20238363=1, 4166054=2, 25124702=1, 30843043=2, 30837173=2, 817607=1, 14618960=3, 24910051=5, 24405977=1, 29638816=1, 20372539=1, 28929065=1, 16779410=11, 21750050=1, 9772532=3, 23784571=1, 11736714=3, 31935458=1, 2968787=1, 3548042=4, 21588949=1, 24839901=3, 7271009=1, 23589103=1, 2068888=2, 19969132=2, 28083908=2, 14171279=6, 14503754=1, 12080979=1, 24934751=1, 18707319=1, 8239231=2, 18106010=1, 20750768=2, 20991686=1, 17416084=2, 17206484=2, 14458128=2, 20579051=4, 9945643=1, 19597593=3, 20800670=1, 30656120=1, 6725454=2, 10514800=1, 27991469=3, 20929000=1, 32138569=1, 29248868=1, 33390647=2, 12968951=1, 4510232=1, 20329519=4, 30349725=3, 24381587=5, 29581787=1, 25902357=3, 26423992=3, 4050386=1, 26164135=3, 6161611=4, 27817925=1, 32904546=4, 27516056=1, 28406497=1, 22313414=1, 21754779=1, 25825003=4, 24087405=2, 33318713=1, 2616903=1, 4281004=1, 7735322=4, 2843906=1, 7183334=2, 25236222=3, 14865374=1, 23104249=2, 24862406=1, 3198752=1, 9617058=2, 2024642=1, 26969940=2, 10281588=1, 32904610=4, 11271966=1, 14792033=2, 25508504=3, 19560842=1, 438057=2, 32385009=4, 19137484=5, 25480479=1, 23212364=4, 10412440=1, 31182411=1, 31195178=5, 19735736=3, 29291849=1, 27060457=1, 26767401=1, 8919571=6, 11317778=2, 33236885=3, 21440075=3, 13831187=3, 11156550=4, 23835818=2, 15289994=1, 16261864=6, 20583327=4, 7656227=1, 28395211=1, 27867077=3, 3300380=1, 4409813=1, 31119171=1, 18453204=2, 8272860=4, 11864917=3, 17064687=1, 5440803=3, 15804712=3, 21938033=2, 31615167=1, 24017340=1, 20245285=1, 19186928=1, 25648447=1, 31936145=1, 18840916=1, 17873613=2, 6179628=1, 22190307=2, 23784372=1, 13414654=2, 23245556=2, 4890702=2, 15915173=1, 25398123=2, 9651043=1, 22407250=1, 619520=1, 10281121=1, 32611478=2, 11359107=1, 16164508=2, 5756194=1, 33018695=1, 7912072=2, 8732970=1, 3697466=1, 1530503=1, 26603815=1, 7559188=1, 32181147=3, 11995144=3, 32643180=4, 7439696=2, 10828451=3, 19041113=2, 13725386=1, 10664607=2, 21817304=1, 29216762=1, 4435835=2, 436128=2, 32299714=1, 1169941=1, 12462510=4, 23569939=2, 14518195=2, 3941675=5, 8065391=3, 10798074=1, 4968539=1, 4993283=5, 8942595=1, 12241262=1, 17673937=2, 22738333=1, 24118442=7, 22570425=1, 18480539=1, 32474311=2, 30859812=1, 15605278=4, 20839726=1, 1063063=7, 23616193=1, 16750118=2, 30465129=1, 25386759=1, 2554625=1, 8484516=1, 16842797=3, 33500888=3, 26991233=1, 2626927=6, 3566951=1, 22610856=3, 19565924=2, 8034407=2, 5640277=4, 22344654=1, 32622010=1, 7930974=3, 19064508=1, 25448811=1, 11711953=2, 29303163=3, 8158650=1, 4465497=5, 14071190=2, 10784688=2, 2330492=2, 14162281=6, 10645676=1, 7380833=2, 11595384=1, 30902736=2, 21590138=1, 3219068=3, 18027025=3, 9182370=5, 22186744=2, 20978445=9, 21327649=1, 8290080=1, 27044546=2, 15991835=5, 33258519=1, 27810812=1, 7867465=6, 12715733=4, 10493835=8, 16705833=1, 29135892=2, 15618527=1, 2040907=3, 23498864=2, 891463=2, 21448512=1, 17197584=1, 13473242=2, 10074316=2, 969896=1, 1217951=2, 14716873=2, 7936216=3, 15204725=6, 24387027=5, 13116481=6, 11016291=6, 16781835=11, 17225117=1, 25740949=1, 3863057=1, 23144230=3, 18748199=4, 10069417=2, 31375338=2, 12607526=1, 31656554=3, 31389579=1, 17429340=1, 28801414=1, 6387410=1, 14203209=2, 24975840=3, 30812633=4, 12213666=1, 11018058=6, 877403=1, 18011390=1, 24974824=3, 13038510=1, 15653283=1, 21439348=3, 16955149=2, 29444012=1, 3753964=1, 16618793=2, 9154966=2, 21038613=3, 5674797=2, 20435598=1, 32764861=1, 32714059=3, 28486721=2, 19361480=1, 7945843=3, 21772491=5, 24111939=1, 8330290=3, 4738881=1, 31093056=1, 18211148=1, 26037384=1, 20319301=4, 4957740=2, 1394021=1, 24056827=3, 12415026=1, 10233372=5, 24946570=2, 17152734=2, 1609546=2, 1963516=1, 19966068=2, 23640914=2, 7093584=5, 1282632=2, 3408196=5, 23123742=1, 3684290=6, 24542708=1, 21723635=1, 18193527=2, 31116564=1, 14314800=1, 8867196=1, 9533814=1, 2049169=1, 28894296=1, 1827307=1, 21996473=2, 3526384=1, 22906193=2, 19610172=3, 8124509=1, 30032247=1, 30962412=1, 29040693=3, 30636530=1, 24053856=3, 29122749=1, 14907744=1, 18650261=2, 23793072=3, 32111708=1, 1886362=1, 12053444=1, 30760837=1, 12721894=4, 8779095=1, 23539206=3, 14161017=6, 14756583=3, 22504372=1, 13816502=1, 6639826=1, 9297059=1, 10953545=3, 7072138=1, 6828068=6, 17200591=1, 25100984=3, 29229652=4, 17941474=1, 13851209=1, 24080404=1, 23050561=2, 2616767=1, 16776269=1, 22437529=1, 3221170=3, 24867940=1, 11845005=2, 8789604=4, 28971348=4, 24316748=3, 31790144=3, 33043087=6, 13999814=2, 5816253=2, 6934952=1, 29111646=5, 30925879=1, 6123321=1, 12425050=2, 18911831=2, 18450738=2, 19462672=1, 768150=2, 13456977=1, 29073847=2, 32667169=1, 12254986=1, 8494934=2, 23985152=1, 2917077=2, 17526957=1, 29737449=1, 14015899=1, 3208157=1, 9850632=1, 546296=1, 24361109=2, 25982412=1, 14381249=1, 31760670=2, 1628443=1, 27406294=4, 21888796=1, 3167653=1, 9572038=4, 32617343=2, 31148962=1, 12338860=1, 21187408=1, 21013232=2, 1018447=2, 5186318=3, 31232228=2, 12054184=1, 17124687=1, 12018302=1, 13383091=5, 31030500=1, 30568677=1, 32069016=1, 7175505=1, 30520482=2, 6632969=3, 17716158=1, 3405402=1, 4584389=1, 3104117=1, 22196688=2, 15448929=2, 12283926=1, 15844371=1, 25535699=2, 2455932=1, 32354302=2, 719926=1, 23180425=2, 5722953=1, 8578165=1, 15414013=3, 26195376=2, 27351867=1, 25812571=1, 1087939=2, 23847458=1, 31671387=1, 8583072=1, 2520131=1, 13818751=1, 21913268=1, 7750507=1, 14696689=1, 8036366=2, 26415417=3, 16312112=1, 18266881=2, 25446573=1, 26054112=2, 30785=1, 13138499=1, 5423200=1, 19839642=2, 14501641=1, 26031265=3, 25452373=1, 19856005=1, 4447389=1, 19680505=1, 24538682=1, 22310988=1, 28350298=2, 21059289=1, 2850648=1, 13160495=1, 25647601=1, 16683631=2, 6723205=2, 14786290=2, 32194499=3, 15597159=1, 24738245=1, 1204400=1, 8199412=3, 32546666=2, 14172302=1, 13328795=1, 23010736=3, 28024438=2, 17355782=1, 26015337=1, 29260618=1, 30721025=1, 18409652=1, 2262295=2, 10518962=2, 1069861=1, 25344399=2, 14918328=2, 19898739=2, 16319584=3, 19831690=2, 2120955=1, 31391898=3, 26871904=4, 26846040=2, 17832326=7]}&gt; but was:&lt;...Prime: 6 register: {[515986=1, 8873601=1, 4121417=1, 29737449=1, 2330492=2, 12149696=1, 20058719=4, 8779095=1, 19902744=2, 21296852=1, 10026595=1, 28156488=2, 32111708=1, 10420901=3, 21439348=3, 27434773=2, 16408136=1, 32962010=1, 2002780=2, 22545453=6, 33213754=1, 970785=1, 17725430=1, 15795090=3, 2362840=5, 26991233=1, 2054929=1, 3208157=1, 13160495=1, 7943841=3, 30904883=2, 8224704=1, 7711014=2, 3485530=3, 23847458=1, 16117168=1, 8890535=2, 19727900=3, 32709197=3, 30636530=1, 765540=2, 817607=1, 15204725=6, 20868845=1, 16776269=1, 33476371=1, 27022157=1, 32512336=7, 30902736=2, 282229=1, 10233372=5, 16710278=1, 29229652=4, 9874583=2, 1045208=1, 6170338=4, 33371184=3, 29541956=1, 5597253=1, 26054112=2, 2225320=1, 1069861=1, 5755682=1, 32714059=3, 16955149=2, 24702641=1, 2040907=3, 4358326=2, 9936213=2, 25455625=1, 25802749=2, 13708701=3, 20319301=4, 16579327=1, 10368634=4, 2470827=2, 23681647=1, 6197448=2, 16353493=2, 8167580=2, 29049290=1, 15935776=3, 25480479=1, 33318713=1, 33327719=2, 14381249=1, 26942303=3, 5808831=2, 2985992=2, 6807941=1, 2068888=2, 6516597=1, 33504574=3, 26869487=1, 22163068=4, 1037620=1, 19597593=3, 24989318=1, 25976294=1, 23379377=2, 17206484=2, 6826=15, 20245285=1, 23988839=4, 31163914=2, 25812571=1, 18409652=1, 25124702=1, 30721025=1, 29845658=1, 11257605=1, 21698123=3, 25362470=3, 18217363=1, 5840981=3, 4081541=1, 23715370=1, 31656554=3, 27074852=3, 18193527=2, 12436640=1, 21379050=4, 30546123=4, 11557315=1, 24335919=1, 15804712=3, 7713539=2, 2094347=1, 19560842=1, 32643180=4, 18011390=1, 26846040=2, 11656800=1, 11304246=1, 25496182=3, 3157966=7, 16144677=1, 16349268=1, 3074715=1, 3753964=1, 8812012=1, 21401887=2, 1008811=1, 22375328=1, 23554730=1, 29126131=1, 8353710=1, 16842797=3, 3684290=6, 21327649=1, 29078840=2, 29777574=1, 22842216=2, 26734209=1, 5934762=2, 25499915=3, 11461293=1, 17832326=7, 25924076=2, 6821165=6, 24682724=2, 32069016=1, 19328694=1, 10611241=1, 24914959=5, 2407608=2, 29170119=3, 3167653=1, 17259364=1, 20404500=1, 25446573=1, 28894296=1, 21544151=2, 7176720=2, 15724754=1, 32883436=1, 9872608=2, 22771758=1, 18864687=1, 12313352=1, 32873198=2, 27297291=2, 22948469=4, 25100984=3, 17429340=1, 5813868=2, 20135697=3, 21864777=2, 19168306=1, 31116564=1, 10412440=1, 30962412=1, 17856550=1, 5930615=1, 28734519=1, 13831187=3, 29214401=1, 31265060=3, 30636601=1, 28742754=2, 23666960=3, 21750050=1, 28121944=3, 2850648=1, 16305080=1, 2455932=1, 23571212=2, 2298506=3, 1811726=2, 23650035=1, 14990455=2, 6604031=1, 9701461=5, 24676564=2, 904292=1, 14528372=2, 8492274=2, 742751=1, 17454413=1, 7183334=2, 17884178=1, 18101876=5, 6702204=1, 22664744=1, 7783351=1, 14458128=2, 10060349=2, 22570425=1, 9277721=2, 19315308=2, 31182411=1, 5467278=1, 17200591=1, 1417509=2, 4024445=1, 12462510=4, 19695492=2, 15596472=1, 31391898=3, 33286395=1, 28332384=1, 6387410=1, 148682=1, 7096664=1, 8264064=4, 4166054=2, 6832558=1, 26157525=3, 2286422=1, 24862406=1, 7225277=4, 29248868=1, 32557993=1, 18911831=2, 24477230=1, 12643348=1, 9182370=5, 30062841=2, 32279088=2, 22190307=2, 26319311=2, 14501641=1, 18068841=2, 11862461=3, 6603853=1, 13475607=2, 6577504=1, 3721561=1, 26232854=1, 26579350=2, 8191186=1, 6130684=2, 11717941=1, 8289257=1, 28527309=1, 32797922=1, 30032247=1, 25546485=1, 12289869=2, 719926=1, 24047436=1, 26820022=3, 26776100=2, 11028113=1, 4881391=1, 15396722=1, 31642313=1, 30944586=6, 4977403=1, 22989862=1, 6363121=3, 13566404=3, 31863209=4, 27269094=8, 30465129=1, 28801414=1, 19462672=1, 4435835=2, 17307359=6, 21440075=3, 32638304=4, 24373539=1, 14878828=3, 7775225=2, 31112766=2, 5084278=2, 1507242=1, 23904207=2, 5452650=3, 31119171=1, 2513030=1, 6123321=1, 24803179=1, 6347459=1, 2336927=2, 21604887=2, 5229701=1, 7218256=4, 27592852=3, 19095553=1, 25631188=3, 19186058=1, 22799691=1, 30299210=1, 9889196=1, 25927262=2, 23147982=3, 32426311=1, 6648420=1, 23763974=2, 10074316=2, 32790834=1, 4100828=2, 5765894=1, 8771607=1, 22922549=1, 19636306=2, 23307870=2, 2220225=1, 21594775=2, 14777112=1, 25789997=2, 10422170=3, 1450139=4, 13116481=6, 17726544=1, 21588949=1, 32300733=1, 18966187=1, 6210671=1, 22906193=2, 17190855=1, 19928387=7, 25764816=3, 8330290=3, 1219063=2, 2202886=2, 8199412=3, 2633065=6, 18294419=3, 25881848=1, 30568677=1, 28084482=2, 15970716=2, 28721771=1, 4510232=1, 25378122=3, 16683631=2, 28179256=1, 20654151=3, 28801621=1, 4940024=1, 12187391=1, 3548042=4, 25663962=2, 18334593=1, 29216762=1, 94405=1, 11959373=1, 20583327=4, 26666349=1, 10473160=1, 4206350=9, 26767401=1, 28693297=1, 17225117=1, 20250142=1, 10723546=2, 30102816=1, 11574222=2, 17090498=1, 4993283=5, 323304=1, 2520131=1, 4146358=1, 8290080=1, 13638276=7, 10069417=2, 30837173=2, 25757081=3, 16355460=2, 17526957=1, 28307611=1, 10645676=1, 12202472=4, 6055334=1, 29783191=1, 4584389=1, 26662198=1, 3768523=2, 26457333=2, 13199556=1, 4570636=2, 1450506=4, 2616767=1, 13784271=1, 30605175=1, 23022751=1, 30671521=5, 18937358=1, 13816502=1, 29380630=1, 14301186=4, 33221347=1, 7853026=1, 19752990=1, 30971149=2, 27389138=1, 12448048=1, 19565924=2, 10003632=2, 25453682=1, 33471669=2, 30200436=1, 7160402=1, 20729084=1, 27351867=1, 14194762=2, 5184546=3, 11995144=3, 24080404=1, 11777783=2, 10284005=1, 16763006=1, 20369121=1, 9125529=3, 23385833=1, 1854224=1, 26889564=1, 1732213=1, 21009443=2, 7758443=1, 5139404=1, 21772491=5, 1611720=2, 5287863=2, 7700256=1, 8645271=1, 25883821=1, 4877200=1, 15321421=1, 12018302=1, 7967665=2, 20839726=1, 28225464=2, 29756230=4, 5674797=2, 6651564=1, 14865374=1, 7556541=1, 18707319=1, 7231968=1, 26874844=4, 7081090=5, 19421628=1, 31673246=1, 25236222=3, 7093584=5, 30592020=1, 32354302=2, 7722665=1, 26090270=4, 14625548=3, 21754779=1, 30419707=7, 21686376=1, 30925879=1, 25982412=1, 26084666=4, 31564039=2, 33310158=1, 9639286=3, 8354396=1, 19631662=2, 19137484=5, 32752259=1, 852753=3, 13850053=1, 19796906=4, 29377894=1, 30656120=1, 21687697=1, 18480539=1, 24087405=2, 27990484=3, 30278935=4, 20927355=1, 11566642=1, 16312112=1, 19361480=1, 21752132=1, 8036366=2, 21013232=2, 28037901=1, 22978158=2, 32904610=4, 20531731=1, 1087939=2, 15579296=2, 1337684=1, 25224483=1, 20194914=5, 31918160=3, 14258863=2, 23151323=1, 16779410=11, 10471191=1, 8583072=1, 32056398=3, 22784353=2, 9133290=1, 16499323=1, 31875015=1, 9637445=3, 11905375=2, 30414111=7, 20435598=1, 25639769=3, 19969132=2, 11949559=1, 24738245=1, 2602372=2, 8732970=1, 10083691=1, 26919320=1, 33390647=2, 32311522=3, 13473242=2, 5188624=3, 8494934=2, 24117886=7, 8825261=2, 7439696=2, 2677343=1, 16164508=2, 1204400=1, 9397103=1, 19785382=1, 27360331=1, 25740949=1, 30859812=1, 5596626=1, 6639826=1, 1375609=1, 11016291=6, 9070253=1, 23165410=1, 18649055=2, 23100014=1, 20991686=1, 21832496=3, 17479986=2, 14231456=3, 4779982=1, 28327095=7, 29135892=2, 28706831=4, 13138499=1, 14931786=1, 22302707=1, 570404=2, 20564858=1, 19454218=1, 11216898=3, 1915552=3, 19136812=5, 18731621=1, 5651357=4, 2352811=1, 14136305=2, 15129378=1, 10684501=3, 25999881=2, 9971153=6, 20329519=4, 12054184=1, 14610850=1, 25064902=1, 10905946=1, 27318579=1, 23569939=2, 15597159=1, 28125722=3, 19186928=1, 21187408=1, 12449802=1, 13632274=7, 18450738=2, 29851190=1, 19545535=4, 33258519=1, 20392578=3, 29050046=1, 26603815=1, 1216122=2, 33319216=1, 12296112=2, 29303163=3, 3941675=5, 32248590=5, 15835002=2, 13456977=1, 31389579=1, 7501898=1, 20544744=1, 8718802=3, 27537952=5, 24099716=2, 8264102=4, 15116251=2, 92711=1, 16794745=1, 4742573=1, 18847227=2, 5333894=1, 7103523=1, 9695176=1, 28323492=7, 27807968=1, 3678548=6, 13921691=1, 7054630=2, 3104117=1, 4032262=2, 29200409=2, 9458902=1, 15126457=1, 14792033=2, 25386759=1, 9373943=3, 2396194=2, 17057041=1, 4792756=3, 4465497=5, 4281004=1, 6784440=2, 13400276=1, 5856622=1, 2626927=6, 21907755=1, 12415026=1, 5373984=4, 1872558=2, 25390680=1, 25535699=2, 6341173=1, 22344654=1, 31226927=1, 24206419=1, 14314800=1, 18242793=1, 3258571=2, 6370027=3, 10820833=3, 21096250=1, 21938033=2, 2025824=1, 527741=6, 17941474=1, 5228232=1, 11736714=3, 22285765=5, 33012350=2, 17448205=4, 13414654=2, 31094965=1, 31522093=1, 28546637=2, 14425396=5, 6394893=2, 767271=2, 4889414=2, 7936216=3, 13383091=5, 5121510=4, 7781652=2, 2968834=1, 20372539=1, 29975456=1, 17133312=1, 3397209=1, 5509822=5, 14620250=3, 5228393=1, 9617058=2, 4602352=4, 6339973=2, 1305190=1, 18434130=1, 17123309=1, 7544616=3, 10168794=3, 28824314=1, 31030500=1, 27288611=1, 23212364=4, 2554625=1, 11467391=1, 32734703=1, 622545=1, 15289994=1, 26924439=1, 32546666=2, 24581201=3, 8065391=3, 3351802=3, 25398123=2, 6760076=3, 634208=2, 7247402=2, 11761580=1, 1631451=1, 12031288=2, 28078272=1, 8877237=1, 26003883=1, 16336315=1, 4474167=1, 9947013=1, 17077986=2, 10944937=3, 23304574=2, 28406497=1, 3408196=5, 13725386=1, 29807029=1, 8236990=2, 27745170=1, 31019589=1, 7380833=2, 3423114=5, 14518195=2, 5816253=2, 31382194=1, 8507587=1, 32787290=1, 17673937=2, 20177800=1, 15079601=4, 32067185=1, 31994610=6, 16399301=4, 5336174=1, 969896=1, 30296654=1, 14036765=4, 28131564=1, 31118542=1, 3448735=2, 17416084=2, 16504987=1, 604246=3, 3198752=1, 29630955=5, 25233124=3, 8481088=1, 15490813=1, 12081459=1, 21897702=4, 20799803=1, 15719735=1, 1079500=1, 30103331=1, 6300292=8, 5651186=4, 29044946=3, 2463658=2, 5640277=4, 10475906=1, 15385910=1, 9167597=1, 28083908=2, 24464231=1, 24821217=2, 24538682=1, 24017340=1, 24974824=3, 21608483=2, 23232943=2, 1893576=1, 33018456=1, 12840175=1, 28350298=2, 30228183=3, 26099735=1, 28945059=2, 3219068=3, 10493835=8, 31089380=1, 10953545=3, 10652851=2, 30946322=6, 23078140=8, 5440803=3, 19668707=5, 30551795=4, 27738877=1, 30226465=3, 23498864=2, 7977405=2, 32764861=1, 31790144=3, 22206911=1, 12491431=2, 9352662=2, 4447389=1, 32855726=1, 29845859=1, 2604832=2, 10343475=1, 16223040=2, 27215055=1, 18748199=4, 18744390=4, 24705992=1, 22405220=1, 31671387=1, 2968787=1, 22725197=1, 29260618=1, 4968539=1, 6926925=2, 28066837=1, 18261271=2, 3968549=2, 30504174=1, 10119616=1, 9634756=3, 14306718=1, 4890702=2, 6309469=1, 835415=2, 733135=3, 18384652=2, 13722016=1, 7559188=1, 6170398=4, 24361109=2, 1023609=2, 19977221=1, 10342890=1, 7433167=1, 6331930=2, 7067134=1, 438659=2, 8484516=1, 3566951=1, 32904546=4, 26037384=1, 26925592=1, 7874458=6, 24056827=3, 3996575=1, 17143856=2, 22610856=3, 11584477=1, 24022788=2, 9154966=2, 16903472=1, 15770353=2, 310730=2, 19524594=1, 5826360=1, 15003607=1, 19563642=2, 25902357=3, 19525700=1, 12793413=3, 30445097=2, 2133615=2, 2528634=2, 21640025=4, 8039895=2, 15605278=4, 28031784=2, 32194499=3, 25736695=2, 23245556=2, 4529919=3, 8451832=1, 15915173=1, 16668194=1, 16934508=1, 27785668=1, 13999814=2, 29668652=2, 32293972=1, 17521430=1, 18266881=2, 23835818=2, 16305834=1, 25619461=1, 9343722=2, 5445141=3, 28951229=1, 3703399=2, 32900393=4, 33194727=2, 30229717=1, 9301378=1, 15016636=3, 6205245=2, 4955522=2, 1449896=4, 29211959=2, 28191148=4, 14047830=1, 8507871=1, 17124687=1, 2373188=5, 17195755=1, 27099129=1, 5572574=3, 14669493=1, 6389902=2, 21878537=1, 9791837=1, 10210143=1, 18346208=1, 30825073=1, 21342239=2, 12675863=1, 169449=2, 21872017=2, 24946570=2, 438057=2, 15471409=5, 26273924=1, 32910135=4, 14172302=1, 29807360=1, 15844371=1, 28936171=2, 9945643=1, 11326088=1, 4032533=2, 1893425=1, 8789604=4, 4224106=1, 15464901=1, 13728780=1, 27599815=3, 21152732=1, 9827204=1, 6183892=1, 33307627=5, 2917077=2, 10384875=1, 26667930=1, 29773238=1, 29795546=2, 16568224=1, 5664276=1, 14497899=3, 2626664=6, 4895027=2, 32707164=3, 24360769=2, 17772124=3, 9470738=2, 27998672=3, 3237011=1, 21723635=1, 11018058=6, 12072521=6, 3771714=2, 4935522=1, 10845816=1, 24975840=3, 13851209=1, 4359159=2, 31106279=2, 1695017=1, 6406413=1, 22212733=1, 15154=14, 21399851=2, 7890102=1, 33295415=5, 7292402=1, 10990918=2, 12721894=4, 4930114=3, 12338860=1, 2027927=1, 26423992=3, 33502193=3, 4130141=3, 27927773=4, 29596314=2, 28614315=2, 11317778=2, 12729245=4, 19943515=1, 9442202=7, 24111939=1, 27798356=6, 31265414=3, 1018447=2, 17518850=1, 16609959=1, 20978445=9, 9963547=6, 16789638=11, 3566445=1, 3347824=3, 31402540=3, 23616654=1, 24107881=1, 29216430=1, 3953169=1, 31481090=1, 21265124=1, 2843906=1, 31793815=3, 4738881=1, 22738333=1, 1535268=1, 26095581=4, 24381587=5, 1728964=1, 8374477=1, 11271966=1, 9073074=1, 2024642=1, 3863057=1, 1217951=2, 2684247=1, 21448512=1, 26249098=2, 19610172=3, 28923024=1, 24739740=1, 1538196=1, 25652009=1, 4957740=2, 18027025=3, 26415417=3, 3405402=1, 18650261=2, 15519843=1, 29946471=1, 27221699=1, 14171279=6, 15070864=1, 1149425=2, 16832126=1, 23010736=3, 10514800=1, 4804026=1, 9772532=3, 28726889=1, 21465=1, 14015899=1, 5702201=3, 112469=2, 28395211=1, 24487380=2, 14933500=1, 1030818=2, 27001313=5, 27516056=1, 20764632=1, 19816602=1, 20026891=2, 9543696=2, 134456=4, 32969858=3, 14634303=1, 11473510=3, 1937187=2, 24867940=1, 15548850=1, 11711953=2, 10391233=2, 32430738=1, 11360213=1, 16750118=2, 10664607=2, 24118442=7, 32028335=2, 22900234=1, 1751069=2, 28029746=2, 10281588=1, 768150=2, 26127165=2, 28868618=2, 8595624=3, 11405540=4, 20939367=2, 6707015=1, 13819955=1, 16462484=3, 13208233=2, 28418434=2, 5214417=2, 7867465=6, 28778407=3, 22087149=3, 30337530=1, 16322706=3, 23177209=2, 22184082=2, 8907775=1, 14993489=1, 1963516=1, 24387027=5, 54851=1, 14120383=1, 23985152=1, 17742104=2, 27712400=1, 1715414=4, 18962992=1, 26163878=3, 18423802=3, 12425050=2, 23862909=5, 17064687=1, 19041113=2, 3838693=2, 3221170=3, 32813950=2, 17724753=1, 7499832=1, 17682677=1, 28929065=1, 19680505=1, 138524=4, 16261864=6, 11595384=1, 30278815=4, 17173279=4, 2246249=1, 14269956=2, 20373833=1, 26724078=1, 12283926=1, 7178280=2, 33447016=1, 5764317=1, 30086303=3, 16117685=1, 7072138=1, 15831745=2, 27821217=2, 23488107=1, 608084=1, 3094247=3, 2285664=1, 32611478=2, 16794072=1, 31760670=2, 13170590=1, 31148962=1, 26015337=1, 33209711=2, 26164135=3, 3002690=1, 20791631=1, 15161324=1, 9380776=3, 7968299=2, 13400002=1, 9815165=1, 12690458=2, 25945027=1, 22612943=3, 23146480=3, 4485143=1, 28541778=2, 27463260=3, 1074452=1, 8940105=1, 19129640=1, 15314768=2, 32385009=4, 8989994=3, 6640932=1, 350458=1, 3362945=1, 7276676=3, 6725454=2, 14890370=3, 4165642=2, 24816088=2, 26195376=2, 24947834=2, 126436=1, 8543646=1, 31936145=1, 24965408=1, 23617124=1, 25568617=4, 4845830=1, 8867196=1, 27772246=1, 29098930=5, 16528158=5, 30729871=1, 29417352=1, 5248049=7, 16392464=4, 19515549=1, 15072245=1, 17145069=2, 3476725=3, 17668445=2, 21240469=5, 13194053=1, 6649221=1, 28433071=1, 29970396=1, 17147452=2, 24482178=2, 25845217=1, 653935=1, 7410281=3, 20750768=2, 31375338=2, 5175770=1, 28448254=4, 5753817=1, 30349725=3, 30056267=2, 5028650=2, 2253673=1, 1063063=7, 8541592=1, 8234633=2, 32777005=5, 26460462=1, 1521726=3, 16632564=1, 4751921=2, 14161017=6, 436128=2, 7913800=1, 28929033=1, 4051275=1, 13759192=1, 22343717=1, 25919329=1, 4688310=2, 25205078=2, 23123742=1, 12053444=1, 14889640=3, 19966068=2, 18153555=3, 20681045=2, 27977205=1, 22039648=1, 12329061=5, 22975875=2, 31400578=3, 26891383=1, 15618527=1, 4758767=2, 12875033=1, 12404015=1, 30238581=1, 9829777=1, 24087939=2, 18555250=3, 32138569=1, 25105148=3, 17946023=1, 31901805=1, 20549882=2, 25533230=2, 13403147=2, 27817925=1, 33500888=3, 16654145=4, 9058591=4, 627760=2, 8699990=1, 23701167=2, 8578165=1, 4576954=1, 21166641=1, 16642930=1, 13896629=5, 31211468=5, 33049701=1, 22737936=1, 27125776=1, 31403477=3, 8722174=3, 32221308=2, 14162281=6, 1692793=1, 26037190=1, 17028231=1, 12751849=2, 28413032=2, 14591385=2, 25077546=2, 22997369=1, 21996473=2, 7220620=4, 20646801=3, 32433550=1, 12853629=5, 23589103=1, 12715733=4, 13181155=3, 2929780=2, 19982944=1, 9297059=1, 25045161=4, 26871904=4, 31615167=1, 3071306=1, 4404463=3, 13466653=1, 12508543=1, 14237780=1, 12254986=1, 15110186=2, 15582292=1, 3410268=5, 29740375=1, 13570265=3, 32185315=3, 32624782=1, 30016867=4, 30760837=1, 28754679=1, 29862654=2, 11651669=1, 8159152=1, 32258190=5, 7219068=4, 3987571=1, 21951714=1, 29122749=1, 7678462=3, 1394506=1, 26804676=3, 9109283=1, 810026=1, 18211148=1, 31232228=2, 18840916=1, 31049025=1, 5926298=1, 29511810=1, 1483869=2, 17944182=1, 22305622=1, 28486721=2, 316432=1, 33507745=1, 19551766=1, 27605680=3, 16731906=1, 1115685=3, 26565156=1, 1208337=1, 29287331=1, 1827307=1, 32869785=2, 666533=4, 7640459=2, 12241262=1, 6159846=1, 28350540=2, 27113071=2, 1883166=2, 3966366=2, 25452373=1, 6081060=1, 26999402=1, 14932929=1, 24006995=1, 30056902=2, 12080979=1, 31093056=1, 18278607=1, 22877896=3, 32474311=2, 2101638=8, 14309976=1, 26309795=1, 25492509=1, 3761862=1, 11359107=1, 11113102=2, 14756583=3, 22950374=4, 26236556=1, 32617343=2, 8158650=1, 1886362=1, 22225036=3, 6125714=1, 25308714=4, 32404627=1, 30811630=4, 29638816=1, 32380956=4, 1169941=1, 17367685=3, 7399740=1, 13328795=1, 10784688=2, 22595562=1, 16719380=3, 22196688=2, 16531347=5, 9572038=4, 27464271=3, 16781835=11, 11845005=2, 12843818=1, 9865813=2, 22504372=1, 26903683=2, 6150584=1, 10828451=3, 31306414=2, 1234051=1, 24308858=1, 21091323=1, 1513211=3, 5756194=1, 23616193=1, 27549306=1, 21299617=3, 21500760=6, 14716873=2, 29111646=5, 7032284=1, 16042217=1, 10233717=5, 21487396=1, 14696689=1, 8034407=2, 9596163=1, 1769495=3, 22186744=2, 3168957=1, 33311546=1, 31440000=2, 21913268=1, 16789203=11, 30452824=2, 13258888=1, 27530343=5, 5679058=2, 28971348=4, 19831690=2, 28925221=1, 8272860=4, 1530503=1, 7098756=1, 16676737=1, 20238363=1, 24491913=2, 33209575=2, 2776=13, 22437529=1, 27452746=1, 5256971=7, 546296=1, 8211344=1, 20501371=1, 30157468=5, 25293573=1, 12337299=1, 15653283=1, 12070633=6, 25045058=4, 18752074=4, 22156321=4, 14918328=2, 26029005=3, 21575905=3, 5020714=2, 32762401=1, 18453204=2, 1609546=2, 7303049=1, 30141476=1, 17551233=1, 1793469=1, 15940390=3, 19258757=1, 4050386=1, 21708593=3, 12430508=2, 14475804=1, 7552575=3, 14503754=1, 19103937=2, 7473265=4, 7803136=3, 11624110=1, 21059289=1, 8607768=1, 17554965=1, 9661864=1, 18007181=1, 7175505=1, 4943347=1, 14600293=1, 19898739=2, 11820500=1, 16152111=1, 4857423=4, 25466875=2, 8258713=4, 1548902=2, 23180425=2, 7750507=1, 15639329=2, 18177691=1, 14551059=4, 14718311=2, 12428580=2, 25535613=2, 30637279=1, 30843043=2, 25448811=1, 12289858=2, 16353976=2, 7912072=2, 1837392=5, 16251722=1, 22953289=4, 24910051=5, 29958283=3, 24839901=3, 31195178=5, 10192726=2, 883541=1, 1458059=4, 27991469=3, 31055620=1, 10439519=1, 32442824=3, 5423200=1, 6890377=3, 15597446=1, 19752445=1, 31222618=1, 21736699=2, 6632969=3, 30785=1, 26759012=1, 3516540=2, 30956050=1, 29581787=1, 14071923=2, 12900799=1, 29537145=2, 18140258=1, 16114904=1, 10984061=2, 18575177=1, 23793072=3, 20623179=2, 10024246=1, 18792578=1, 29040693=3, 27833692=2, 32573777=3, 22980420=2, 6934952=1, 14618960=3, 17292125=1, 5049804=3, 19351575=1, 23796715=3, 6179628=1, 17608295=2, 13826954=1, 14906493=1, 10616643=1, 2016804=1, 6412481=1, 18864353=1, 11497180=1, 5938479=2, 18710405=1, 24330162=3, 23784571=1, 13595614=1, 22964591=1, 14717093=2, 22540854=1, 8239231=2, 4457683=5, 5080547=2, 16110504=1, 19839642=2, 7407754=3, 12072566=6, 2811530=1, 17918938=1, 21113596=4, 31282946=1, 2049169=1, 31779994=1, 8144356=1, 11332798=1, 8721033=3, 7000658=1, 21892762=4, 2120955=1, 27060457=1, 9526845=1, 988024=3, 9428197=1, 25442631=5, 24053856=3, 619520=1, 24316748=3, 6941867=1, 8919571=6, 12848851=5, 17355782=1, 7945843=3, 29732131=2, 4569707=2, 27657226=4, 30073553=1, 3396676=1, 15004612=1, 30387257=2, 12617835=2, 14050373=1, 17122501=1, 16618793=2, 15991835=5, 26325963=2, 30114251=2, 15510085=2, 18639160=1, 2564098=3, 18634725=1, 26382471=2, 23716100=1, 4088153=1, 18130290=2, 21681728=1, 634081=2, 32106532=1, 20153873=2, 1394021=1, 6239148=3, 23348623=1, 23558747=1, 23182842=2, 3300380=1, 24542708=1, 7403497=1, 8539374=1, 12968951=1, 31631524=2, 14680198=8, 9651043=1, 18985094=2, 16705833=1, 27406294=4, 23605590=6, 5646205=4, 4409813=1, 10281121=1, 19407032=6, 5958323=1, 27538449=5, 10960974=1, 7271009=1, 33018695=1, 13323866=1, 14430266=5, 32740393=2, 9975087=6, 15219267=6, 3166425=1, 4418879=1, 33043087=6, 8409133=1, 10359261=4, 17217473=2, 7020410=3, 17197584=1, 12419772=2, 17122799=1, 21154198=1, 843300=1, 29018559=1, 7894985=1, 30375170=1, 1895340=1, 32196116=1, 33236885=3, 25825003=4, 28619139=2, 31935458=1, 30982134=2, 23858330=5, 26895166=1, 3501179=1, 27648126=1, 1757445=1, 21888796=1, 6813291=1, 21651787=1, 33434770=4, 14907744=1, 818020=1, 6879198=1, 18962614=1, 18173316=1, 27810812=1, 2666184=2, 11978298=1, 10566102=3, 1297735=1, 9443174=7, 25647601=1, 27686952=1, 8747020=1, 25648447=1, 3697466=1, 5993597=1, 31084064=1, 13288755=1, 22232106=3, 30135567=1, 72257=3, 19064508=1, 16717233=3, 29291849=1, 28559674=1, 1728517=1, 9402743=1, 32838432=3, 26903545=2, 31155506=1, 17230231=1, 17716158=1, 1641703=3, 23144230=3, 13644266=7, 7870633=6, 7735322=4, 18868998=1, 2515008=1, 1282632=2, 10798074=1, 8942595=1, 17684801=1, 24934751=1, 29819960=3, 32181147=3, 30927814=1, 4877628=1, 26858922=1, 10519786=2, 31280636=1, 13038510=1, 20401114=1, 15263199=1, 20579051=4, 18492453=4, 27948854=1, 28130716=3, 33193211=1, 2975568=1, 19856005=1, 5378945=4, 5533308=1, 11043924=2, 30812633=4, 22978182=2, 16582578=3, 5954338=1, 17157081=1, 3811503=4, 24678324=2, 5903446=4, 32622010=1, 9533814=1, 21302110=3, 20570074=1, 3731136=1, 29532852=2, 32789346=1, 24766542=1, 20852200=4, 16319584=3, 19735736=3, 13818751=1, 22306609=1, 17152734=2, 31038419=2, 2922504=2, 877403=1, 17499621=3, 17392327=1, 7656227=1, 3908427=2, 23640914=2, 12288714=2, 27867077=3, 31501853=2, 9182040=5, 22301494=1, 22407250=1, 17873613=2, 24187171=3, 28994305=1, 3547234=4, 30520482=2, 25508504=3, 29073847=2, 32754608=1, 5039946=1, 30227076=3, 6828068=6, 30856167=1, 26710955=2, 18920618=2, 20838361=1, 20875135=2, 26113058=1, 27539489=5, 14786290=2, 10293166=3, 23242358=2, 12213666=1, 16124677=4, 21307041=3, 29191711=1, 20142560=1, 32299714=1, 3439235=1, 12443016=1, 13370159=5, 15414013=3, 30463813=1, 3223226=3, 26969940=2, 21590138=1, 10235250=5, 14203209=2, 4313241=1, 7830839=1, 26936154=3, 32667169=1, 23050561=2, 8843509=1, 6161611=4, 27044546=2, 2897066=5, 11356451=1, 611666=1, 1628443=1, 963262=2, 30962817=1, 8404105=10, 18518125=2, 8561452=2, 4318605=1, 9011731=2, 11156550=4, 2503229=4, 20929000=1, 13542035=2, 32959684=1, 11780493=1, 21817304=1, 11172817=1, 32506447=7, 26457731=2, 17009707=2, 29996190=2, 22310988=1, 24474089=1, 22140741=1, 30991345=1, 18605844=1, 23708821=1, 2262295=2, 11864917=3, 6415850=1, 19912066=1, 6947669=4, 1290114=2, 6347527=1, 486647=1, 15263631=1, 1615046=2, 6498813=3, 9167637=1, 7358664=1, 20608619=1, 30087903=3, 26731139=1, 26031265=3, 21038613=3, 158177=1, 19560589=1, 25028028=1, 23099923=1, 24955303=1, 7930974=3, 23539206=3, 20059531=4, 29473370=2, 2734329=2, 32960589=1, 11140694=1, 15042084=2, 28039534=1, 23864196=5, 25344399=2, 2148200=1, 6723205=2, 2026665=1, 3526384=1, 5186318=3, 7437837=1, 22313414=1, 18106010=1, 29444012=1, 11378272=2, 19062806=1, 3735220=1, 23222567=1, 24405977=1, 14071190=2, 24131467=7, 1243695=1, 23104249=2, 30062899=2, 21643254=4, 16338149=1, 28024438=2, 12607526=1, 32530758=1, 4049224=1, 33507057=1, 27285726=1, 23135374=3, 28598617=1, 5663981=1, 23784372=1, 26750987=6, 10518962=2, 20739623=1, 32493302=1, 1574203=6, 24270255=1, 20800670=1, 3313830=2, 8124509=1, 15598032=4, 28617828=2, 891463=2, 2616903=1, 23661545=3, 9850632=1, 33043732=6, 18886951=8, 17670014=2, 26954251=1, 15448929=2, 15123323=1, 5722953=1, 18095002=5, 22122456=2, 32675664=2, 23458805=1]}&gt;" type="org.junit.ComparisonFailure"><![CDATA[org.junit.ComparisonFailure: expected:<...Prime: 6 register: {[19928387=7, 7700256=1, 7968299=2, 20729084=1, 19796906=4, 25919329=1, 28039534=1, 4935522=1, 25924076=2, 6055334=1, 23146480=3, 30228183=3, 20194914=5, 9596163=1, 11651669=1, 24335919=1, 13403147=2, 963262=2, 24308858=1, 10343475=1, 29380630=1, 23022751=1, 12840175=1, 24482178=2, 17133312=1, 23379377=2, 22948469=4, 28066837=1, 20608619=1, 3448735=2, 4418879=1, 18731621=1, 3094247=3, 2133615=2, 27785668=1, 21687697=1, 3258571=2, 634208=2, 29078840=2, 31118542=1, 17157081=1, 9827204=1, 29532852=2, 9343722=2, 19631662=2, 18278607=1, 22612943=3, 14931786=1, 33471669=2, 11777783=2, 26003883=1, 29044946=3, 12448048=1, 32797922=1, 6947669=4, 1297735=1, 12419772=2, 12491431=2, 3439235=1, 23554730=1, 29596314=2, 5039946=1, 2513030=1, 32196116=1, 31918160=3, 17195755=1, 30227076=3, 17367685=3, 10611241=1, 28546637=2, 25224483=1, 7247402=2, 10475906=1, 21594775=2, 14932929=1, 24821217=2, 3157966=7, 16642930=1, 17454413=1, 14269956=2, 16794745=1, 158177=1, 14591385=2, 30062899=2, 1538196=1, 32969858=3, 4877200=1, 32493302=1, 24464231=1, 27297291=2, 23304574=2, 20392578=3, 8843509=1, 8409133=1, 10439519=1, 18140258=1, 6347459=1, 10990918=2, 8747020=1, 26858922=1, 10293166=3, 1483869=2, 14497899=3, 29098930=5, 6363121=3, 12329061=5, 11656800=1, 8289257=1, 19129640=1, 22305622=1, 19902744=2, 12436640=1, 27463260=3, 15161324=1, 14993489=1, 33311546=1, 7678462=3, 8264064=4, 6926925=2, 9639286=3, 10905946=1, 17551233=1, 23681647=1, 23385833=1, 31280636=1, 12875033=1, 5020714=2, 28037901=1, 6300292=8, 3678548=6, 30962817=1, 17856550=1, 22771758=1, 28693297=1, 6784440=2, 16117685=1, 16934508=1, 19168306=1, 26579350=2, 23864196=5, 14717093=2, 20549882=2, 16632564=1, 17884178=1, 10391233=2, 19136812=5, 27599815=3, 21500760=6, 12031288=2, 14136305=2, 27001313=5, 28191148=4, 438659=2, 17499621=3, 310730=2, 8236990=2, 30337530=1, 9815165=1, 17230231=1, 12643348=1, 26750987=6, 1769495=3, 2362840=5, 9936213=2, 11557315=1, 11574222=2, 1757445=1, 28131564=1, 19563642=2, 29170119=3, 4751921=2, 2094347=1, 25639769=3, 28706831=4, 8812012=1, 16353976=2, 23763974=2, 4313241=1, 28332384=1, 7552575=3, 7103523=1, 12149696=1, 20570074=1, 32752259=1, 18555250=3, 18868998=1, 29845658=1, 32869785=2, 17392327=1, 33221347=1, 25533230=2, 9073074=1, 16110504=1, 32530758=1, 12081459=1, 852753=3, 2220225=1, 7501898=1, 28541778=2, 32762401=1, 14777112=1, 31055620=1, 27833692=2, 2470827=2, 15598032=4, 18177691=1, 16399301=4, 15770353=2, 6210671=1, 32221308=2, 10684501=3, 6415850=1, 4804026=1, 1728517=1, 94405=1, 29630955=5, 316432=1, 32426311=1, 26273924=1, 6239148=3, 3476725=3, 7303049=1, 486647=1, 767271=2, 4224106=1, 21265124=1, 20654151=3, 21681728=1, 5373984=4, 3838693=2, 7977405=2, 26309795=1, 30504174=1, 32962010=1, 6183892=1, 8539374=1, 30016867=4, 7640459=2, 19727900=3, 30056902=2, 3002690=1, 7775225=2, 11584477=1, 14306718=1, 27360331=1, 32028335=2, 19982944=1, 15263631=1, 31673246=1, 32106532=1, 28824314=1, 7000658=1, 14258863=2, 23605590=6, 32433550=1, 1074452=1, 28734519=1, 5214417=2, 29795546=2, 17682677=1, 1915552=3, 8541592=1, 32883436=1, 20177800=1, 32813950=2, 22900234=1, 9458902=1, 5188624=3, 21907755=1, 2922504=2, 7081090=5, 28754679=1, 33502193=3, 3731136=1, 30141476=1, 24022788=2, 16676737=1, 2396194=2, 23616654=1, 1394506=1, 22212733=1, 4358326=2, 32777005=5, 24206419=1, 16528158=5, 15396722=1, 13570265=3, 2626664=6, 18575177=1, 810026=1, 5049804=3, 8234633=2, 9865813=2, 25802749=2, 26710955=2, 24989318=1, 27605680=3, 18752074=4, 8825261=2, 1615046=2, 13784271=1, 30114251=2, 16322706=3, 7758443=1, 4758767=2, 31793815=3, 10119616=1, 21608483=2, 33209711=2, 28225464=2, 16338149=1, 4485143=1, 33434770=4, 18334593=1, 26903683=2, 11820500=1, 10384875=1, 13542035=2, 10359261=4, 25845217=1, 622545=1, 5926298=1, 33371184=3, 28125722=3, 19258757=1, 29200409=2, 17918938=1, 4688310=2, 10003632=2, 31282946=1, 25927262=2, 9661864=1, 12751849=2, 20369121=1, 653935=1, 32900393=4, 31994610=6, 14301186=4, 282229=1, 17479986=2, 29668652=2, 19912066=1, 33286395=1, 4930114=3, 3501179=1, 5452650=3, 1695017=1, 19103937=2, 1450506=4, 1692793=1, 11959373=1, 26662198=1, 32056398=3, 5336174=1, 25293573=1, 2285664=1, 25568617=4, 30299210=1, 883541=1, 30087903=3, 904292=1, 12853629=5, 21604887=2, 21009443=2, 32430738=1, 1574203=6, 4457683=5, 33447016=1, 32404627=1, 6603853=1, 13819955=1, 2604832=2, 25764816=3, 22922549=1, 6826=15, 14528372=2, 6498813=3, 26936154=3, 4404463=3, 25045058=4, 11862461=3, 9373943=3, 5840981=3, 19943515=1, 3313830=2, 2564098=3, 23458805=1, 21892762=4, 12337299=1, 6170398=4, 14634303=1, 3811503=4, 30419707=7, 25546485=1, 16462484=3, 25652009=1, 33018456=1, 30856167=1, 8877237=1, 4877628=1, 23708821=1, 26954251=1, 27269094=8, 33307627=5, 25028028=1, 15464901=1, 33043732=6, 765540=2, 4032262=2, 29049290=1, 33012350=2, 3485530=3, 17742104=2, 11624110=1, 11043924=2, 14990455=2, 17944182=1, 25233124=3, 32557993=1, 611666=1, 22039648=1, 22156321=4, 17090498=1, 6339973=2, 27539489=5, 32734703=1, 20026891=2, 32707164=3, 28742754=2, 32311522=3, 8722174=3, 11257605=1, 15519843=1, 27772246=1, 2407608=2, 3516540=2, 8561452=2, 2253673=1, 26903545=2, 6702204=1, 30982134=2, 23796715=3, 818020=1, 13370159=5, 6170338=4, 13566404=3, 19977221=1, 2985992=2, 30296654=1, 31863209=4, 24766542=1, 27948854=1, 27022157=1, 14237780=1, 54851=1, 26820022=3, 29783191=1, 19695492=2, 2373188=5, 5765894=1, 21575905=3, 6760076=3, 604246=3, 11332798=1, 6331930=2, 16731906=1, 23135374=3, 22997369=1, 13208233=2, 2016804=1, 31402540=3, 28179256=1, 13708701=3, 30944586=6, 17668445=2, 15582292=1, 13896629=5, 4845830=1, 9167637=1, 4529919=3, 18423802=3, 23151323=1, 24965408=1, 33476371=1, 14036765=4, 72257=3, 15003607=1, 323304=1, 26163878=3, 31522093=1, 21878537=1, 22285765=5, 5333894=1, 32960589=1, 32789346=1, 32380956=4, 26776100=2, 5813868=2, 26236556=1, 25205078=2, 24955303=1, 14600293=1, 627760=2, 13170590=1, 10845816=1, 666533=4, 31084064=1, 28726889=1, 12313352=1, 10519786=2, 21399851=2, 18649055=2, 11172817=1, 27221699=1, 18346208=1, 26157525=3, 8940105=1, 8404105=10, 24803179=1, 7407754=3, 1023609=2, 9125529=3, 13644266=7, 28156488=2, 19816602=1, 20764632=1, 18937358=1, 26759012=1, 7160402=1, 17147452=2, 6707015=1, 31642313=1, 2776=13, 5533308=1, 15940390=3, 31779994=1, 23100014=1, 11140694=1, 6341173=1, 2929780=2, 10471191=1, 27738877=1, 10024246=1, 8907775=1, 1079500=1, 1811726=2, 10944937=3, 1513211=3, 1008811=1, 20058719=4, 13850053=1, 20401114=1, 126436=1, 27099129=1, 9874583=2, 22664744=1, 11326088=1, 13638276=7, 3347824=3, 27990484=3, 25999881=2, 22122456=2, 3351802=3, 12690458=2, 2515008=1, 30671521=5, 17670014=2, 9526845=1, 4940024=1, 29732131=2, 14120383=1, 14610850=1, 16789203=11, 10192726=2, 16903472=1, 148682=1, 7711014=2, 7098756=1, 31094965=1, 22950374=4, 1611720=2, 14718311=2, 28413032=2, 20875135=2, 4081541=1, 22784353=2, 20739623=1, 14050373=1, 27530343=5, 19752445=1, 16144677=1, 24330162=3, 16717233=3, 4602352=4, 9443174=7, 23348623=1, 25496182=3, 2503229=4, 33194727=2, 29191711=1, 21487396=1, 11717941=1, 6389902=2, 31019589=1, 4024445=1, 3423114=5, 27549306=1, 10473160=1, 8989994=3, 10235250=5, 32279088=2, 2602372=2, 22877896=3, 22232106=3, 1450139=4, 21643254=4, 11761580=1, 22595562=1, 10984061=2, 12296112=2, 7410281=3, 2666184=2, 1208337=1, 27592852=3, 9182040=5, 29807360=1, 25362470=3, 5572574=3, 5229701=1, 32787290=1, 4206350=9, 20059531=4, 22375328=1, 31306414=2, 1728964=1, 30452824=2, 2225320=1, 17057041=1, 4474167=1, 24373539=1, 1030818=2, 29211959=2, 24107881=1, 8264102=4, 21154198=1, 29845859=1, 30637279=1, 17725430=1, 26099735=1, 21752132=1, 1045208=1, 12070633=6, 23099923=1, 9109283=1, 23904207=2, 24477230=1, 29214401=1, 25455625=1, 30463813=1, 8224704=1, 21951714=1, 18744390=4, 1243695=1, 29216430=1, 23716100=1, 4792756=3, 30278935=4, 28433071=1, 17307359=6, 28868618=2, 30592020=1, 7894985=1, 2246249=1, 13194053=1, 5646205=4, 27657226=4, 9070253=1, 30226465=3, 19515549=1, 26090270=4, 2633065=6, 22343717=1, 17608295=2, 26460462=1, 27712400=1, 18130290=2, 20501371=1, 3397209=1, 17726544=1, 17521430=1, 18710405=1, 15314768=2, 15263199=1, 33507057=1, 31875015=1, 27464271=3, 6807941=1, 23307870=2, 15321421=1, 22545453=6, 5121510=4, 5958323=1, 15831745=2, 25976294=1, 20404500=1, 26874844=4, 9829777=1, 7225277=4, 6651564=1, 31222618=1, 28598617=1, 27389138=1, 23666960=3, 23858330=5, 2811530=1, 16654145=4, 26325963=2, 5228393=1, 28721771=1, 9637445=3, 1893576=1, 32573777=3, 1219063=2, 25883821=1, 18068841=2, 8595624=3, 28350540=2, 17724753=1, 6309469=1, 15385910=1, 12508543=1, 6406413=1, 570404=2, 11497180=1, 25378122=3, 17077986=2, 15579296=2, 21091323=1, 31501853=2, 23488107=1, 22301494=1, 22980420=2, 1149425=2, 31265060=3, 27434773=2, 24360769=2, 31564039=2, 6879198=1, 28307611=1, 27998672=3, 6516597=1, 13400276=1, 22206911=1, 28559674=1, 26127165=2, 18095002=5, 20153873=2, 14680198=8, 7556541=1, 11378272=2, 23617124=1, 21465=1, 5930615=1, 6159846=1, 1305190=1, 16336315=1, 18864353=1, 608084=1, 16504987=1, 22087149=3, 19407032=6, 26667930=1, 30238581=1, 14047830=1, 20646801=3, 3566445=1, 8481088=1, 8167580=2, 7783351=1, 15154=14, 30102816=1, 24131467=7, 4576954=1, 16305834=1, 1417509=2, 30056267=2, 350458=1, 2968834=1, 29537145=2, 24117886=7, 18639160=1, 31106279=2, 25736695=2, 7967665=2, 14475804=1, 7067134=1, 28448254=4, 26457333=2, 1548902=2, 2148200=1, 26666349=1, 22225036=3, 31901805=1, 28084482=2, 5903446=4, 28929033=1, 23571212=2, 3953169=1, 27686952=1, 31089380=1, 9397103=1, 21736699=2, 12072566=6, 3362945=1, 28994305=1, 28945059=2, 25308714=4, 4032533=2, 2528634=2, 15070864=1, 32185315=3, 12430508=2, 11473510=3, 21651787=1, 1937187=2, 28614315=2, 32248590=5, 18173316=1, 30946322=6, 33504574=3, 27798356=6, 18217363=1, 10168794=3, 9791837=1, 31211468=5, 7231968=1, 7219068=4, 3768523=2, 21296852=1, 25466875=2, 20852200=4, 18492453=4, 5378945=4, 29740375=1, 17684801=1, 20939367=2, 16152111=1, 6832558=1, 30729871=1, 26724078=1, 5596626=1, 9428197=1, 11949559=1, 15471409=5, 6890377=3, 5755682=1, 5248049=7, 6640932=1, 4881391=1, 29958283=3, 25535613=2, 26734209=1, 18518125=2, 22799691=1, 24914959=5, 22540854=1, 6821165=6, 14551059=4, 17518850=1, 33049701=1, 30103331=1, 21872017=2, 25077546=2, 18434130=1, 5856622=1, 28936171=2, 25453682=1, 8507871=1, 20250142=1, 27318579=1, 8873601=1, 15596472=1, 12848851=5, 32675664=2, 6604031=1, 22737936=1, 7722665=1, 31226927=1, 7870633=6, 24491913=2, 12449802=1, 27215055=1, 18261271=2, 13400002=1, 21686376=1, 988024=3, 33507745=1, 3166425=1, 527741=6, 26895166=1, 14933500=1, 25499915=3, 7276676=3, 16763006=1, 24676564=2, 28527309=1, 22405220=1, 8211344=1, 7473265=4, 16832126=1, 9301378=1, 29777574=1, 7913800=1, 25663962=2, 9058591=4, 22184082=2, 5651186=4, 28323492=7, 12843818=1, 28778407=3, 25631188=3, 32754608=1, 1337684=1, 32959684=1, 19186058=1, 20868845=1, 5954338=1, 32709197=3, 14194762=2, 29807029=1, 23078140=8, 16117168=1, 6370027=3, 18384652=2, 5228232=1, 12675863=1, 30551795=4, 1375609=1, 12793413=3, 10083691=1, 6347527=1, 21832496=3, 9543696=2, 30605175=1, 6577504=1, 10368634=4, 24087939=2, 22964591=1, 16499323=1, 1854224=1, 16710278=1, 28925221=1, 7176720=2, 22978182=2, 4569707=2, 8699990=1, 28619139=2, 9167597=1, 12187391=1, 29473370=2, 18634725=1, 33193211=1, 33209575=2, 24047436=1, 26457731=2, 19524594=1, 29819960=3, 23558747=1, 13722016=1, 8718802=3, 25390680=1, 27538449=5, 30825073=1, 1631451=1, 8607768=1, 21166641=1, 3968549=2, 14890370=3, 9695176=1, 20927355=1, 15110186=2, 5679058=2, 13258888=1, 7403497=1, 742751=1, 25789997=2, 17259364=1, 5467278=1, 1893425=1, 30387257=2, 25619461=1, 24474089=1, 26319311=2, 17217473=2, 8645271=1, 10723546=2, 24187171=3, 14906493=1, 2734329=2, 1216122=2, 17190855=1, 3168957=1, 15935776=3, 21864777=2, 12072521=6, 31038419=2, 16719380=3, 22302707=1, 21240469=5, 23862909=5, 15079601=4, 21379050=4, 13921691=1, 11360213=1, 32442824=3, 30956050=1, 7830839=1, 13595614=1, 26924439=1, 29756230=4, 6941867=1, 8492274=2, 15724754=1, 13323866=1, 10960974=1, 20142560=1, 29018559=1, 17123309=1, 30991345=1, 33213754=1, 18920618=2, 2025824=1, 16579327=1, 31400578=3, 19551766=1, 26999402=1, 9975087=6, 15597446=1, 18985094=2, 26925592=1, 1872558=2, 3071306=1, 3908427=2, 15835002=2, 9380776=3, 12428580=2, 7853026=1, 9889196=1, 32873198=2, 18847227=2, 10652851=2, 2101638=8, 21401887=2, 30229717=1, 14878828=3, 19328694=1, 8354396=1, 12729245=4, 10342890=1, 5256971=7, 9872608=2, 19525700=1, 15072245=1, 2975568=1, 31382194=1, 9011731=2, 10233717=5, 11905375=2, 15548850=1, 4857423=4, 28801621=1, 11780493=1, 32790834=1, 2298506=3, 30927814=1, 26919320=1, 1115685=3, 32506447=7, 21302110=3, 9277721=2, 23650035=1, 10422170=3, 24581201=3, 30375170=1, 18886951=8, 4121417=1, 515986=1, 13475607=2, 11304246=1, 27807968=1, 4779982=1, 23147982=3, 6125714=1, 5938479=2, 25757081=3, 2463658=2, 6081060=1, 14620250=3, 18966187=1, 29287331=1, 3721561=1, 26565156=1, 7803136=3, 16408136=1, 7054630=2, 15490813=1, 2027927=1, 27821217=2, 6197448=2, 14889640=3, 4955522=2, 11467391=1, 4889414=2, 27288611=1, 17145069=2, 22842216=2, 31163914=2, 32258190=5, 33327719=2, 16531347=5, 19668707=5, 30636601=1, 1732213=1, 4570636=2, 7499832=1, 10210143=1, 7020410=3, 8039895=2, 7032284=1, 23232943=2, 5597253=1, 18101876=5, 22953289=4, 4943347=1, 9947013=1, 9442202=7, 32910135=4, 8353710=1, 5934762=2, 26084666=4, 1234051=1, 28130716=3, 835415=2, 22725197=1, 5184546=3, 3966366=2, 1751069=2, 112469=2, 134456=4, 19785382=1, 25064902=1, 21708593=3, 3996575=1, 18962992=1, 20623179=2, 634081=2, 1037620=1, 22140741=1, 4130141=3, 8451832=1, 32512336=7, 7399740=1, 2002780=2, 6150584=1, 2336927=2, 26942303=3, 6813291=1, 7358664=1, 15970716=2, 17772124=3, 31403477=3, 22989862=1, 15795090=3, 1895340=1, 4318605=1, 15116251=2, 8771607=1, 9963547=6, 30414111=7, 13826954=1, 29126131=1, 16251722=1, 20564858=1, 7890102=1, 11113102=2, 12288714=2, 28923024=1, 16392464=4, 1715414=4, 14625548=3, 14669493=1, 30062841=2, 4088153=1, 24099716=2, 23177209=2, 18242793=1, 29511810=1, 2202886=2, 17028231=1, 21544151=2, 17292125=1, 31049025=1, 7874458=6, 13759192=1, 6649221=1, 733135=3, 31481090=1, 16349268=1, 9701461=5, 26029005=3, 15219267=6, 2684247=1, 17143856=2, 2677343=1, 19315308=2, 14071923=2, 5753817=1, 23242358=2, 27927773=4, 19095553=1, 21113596=4, 8144356=1, 3735220=1, 9352662=2, 29851190=1, 26891383=1, 14430266=5, 3223226=3, 7713539=2, 5993597=1, 5084278=2, 32855726=1, 7218256=4, 33319216=1, 27977205=1, 8507587=1, 11405540=4, 12900799=1, 16789638=11, 26232854=1, 6205245=2, 3396676=1, 25945027=1, 12202472=4, 3074715=1, 16568224=1, 5808831=2, 5509822=5, 28031784=2, 16355460=2, 5764317=1, 16794072=1, 1458059=4, 11461293=1, 23222567=1, 2026665=1, 21307041=3, 4359159=2, 5651357=4, 4146358=1, 3237011=1, 26804676=3, 10026595=1, 23165410=1, 8258713=4, 25881848=1, 8374477=1, 31112766=2, 28121944=3, 18153555=3, 19454218=1, 27745170=1, 16124677=4, 11566642=1, 5287863=2, 3547234=4, 19752990=1, 26249098=2, 27285726=1, 6412481=1, 23661545=3, 20544744=1, 12289869=2, 15042084=2, 22306609=1, 13288755=1, 21640025=4, 26382471=2, 26731139=1, 14231456=3, 24682724=2, 5175770=1, 30135567=1, 17173279=4, 11978298=1, 6648420=1, 11216898=3, 29946471=1, 24702641=1, 20791631=1, 8191186=1, 4100828=2, 32300733=1, 16353493=2, 24487380=2, 15016636=3, 28029746=2, 25105148=3, 23701167=2, 12443016=1, 16305080=1, 18007181=1, 18962614=1, 17946023=1, 29377894=1, 9470738=2, 27537952=5, 5139404=1, 4051275=1, 19636306=2, 4977403=1, 21096250=1, 8890535=2, 12289858=2, 13466653=1, 10820833=3, 12404015=1, 21342239=2, 3410268=5, 2286422=1, 13632274=7, 843300=1, 30904883=2, 8159152=1, 30278815=4, 25492509=1, 18792578=1, 29862654=2, 30086303=3, 24947834=2, 18864687=1, 31265414=3, 20531731=1, 13199556=1, 21698123=3, 15004612=1, 30200436=1, 6394893=2, 24705992=1, 32740393=2, 92711=1, 24678324=2, 7096664=1, 28327095=7, 32838432=3, 19560589=1, 4742573=1, 5702201=3, 3761862=1, 2352811=1, 26889564=1, 7220620=4, 29975456=1, 10566102=3, 7544616=3, 1793469=1, 4895027=2, 16223040=2, 16609959=1, 27074852=3, 4165642=2, 20135697=3, 3703399=2, 17554965=1, 30445097=2, 7781652=2, 17122799=1, 33310158=1, 30971149=2, 21299617=3, 1449896=4, 14425396=5, 10060349=2, 28617828=2, 19421628=1, 33295415=5, 15126457=1, 7292402=1, 16042217=1, 11356451=1, 1507242=1, 15123323=1, 16582578=3, 17009707=2, 31631524=2, 22978158=2, 15129378=1, 26869487=1, 20799803=1, 2054929=1, 11028113=1, 25045161=4, 21897702=4, 27113071=2, 3771714=2, 30157468=5, 24006995=1, 23182842=2, 20373833=1, 15510085=2, 27125776=1, 13181155=3, 5826360=1, 19545535=4, 27648126=1, 32624782=1, 20838361=1, 10420901=3, 28418434=2, 26037190=1, 1883166=2, 7433167=1, 24270255=1, 5664276=1, 18605844=1, 20681045=2, 16668194=1, 15719735=1, 9402743=1, 6130684=2, 4049224=1, 14309976=1, 2897066=5, 10616643=1, 19351575=1, 169449=2, 30073553=1, 7437837=1, 5028650=2, 27452746=1, 8721033=3, 32067185=1, 17122501=1, 29541956=1, 23715370=1, 5445141=3, 3987571=1, 970785=1, 8543646=1, 23988839=4, 5663981=1, 10284005=1, 22975875=2, 7178280=2, 1521726=3, 26113058=1, 32638304=4, 29996190=2, 5080547=2, 28951229=1, 29417352=1, 26095581=4, 29050046=1, 1837392=5, 24739740=1, 17448205=4, 21152732=1, 1535268=1, 19062806=1, 9133290=1, 1641703=3, 12617835=2, 31155506=1, 13728780=1, 15639329=2, 28078272=1, 9971153=6, 30546123=4, 1290114=2, 138524=4, 16114904=1, 29970396=1, 30811630=4, 31440000=2, 22163068=4, 24816088=2, 25442631=5, 7943841=3, 9634756=3, 32293972=1, 18294419=3, 29773238=1, 20238363=1, 4166054=2, 25124702=1, 30843043=2, 30837173=2, 817607=1, 14618960=3, 24910051=5, 24405977=1, 29638816=1, 20372539=1, 28929065=1, 16779410=11, 21750050=1, 9772532=3, 23784571=1, 11736714=3, 31935458=1, 2968787=1, 3548042=4, 21588949=1, 24839901=3, 7271009=1, 23589103=1, 2068888=2, 19969132=2, 28083908=2, 14171279=6, 14503754=1, 12080979=1, 24934751=1, 18707319=1, 8239231=2, 18106010=1, 20750768=2, 20991686=1, 17416084=2, 17206484=2, 14458128=2, 20579051=4, 9945643=1, 19597593=3, 20800670=1, 30656120=1, 6725454=2, 10514800=1, 27991469=3, 20929000=1, 32138569=1, 29248868=1, 33390647=2, 12968951=1, 4510232=1, 20329519=4, 30349725=3, 24381587=5, 29581787=1, 25902357=3, 26423992=3, 4050386=1, 26164135=3, 6161611=4, 27817925=1, 32904546=4, 27516056=1, 28406497=1, 22313414=1, 21754779=1, 25825003=4, 24087405=2, 33318713=1, 2616903=1, 4281004=1, 7735322=4, 2843906=1, 7183334=2, 25236222=3, 14865374=1, 23104249=2, 24862406=1, 3198752=1, 9617058=2, 2024642=1, 26969940=2, 10281588=1, 32904610=4, 11271966=1, 14792033=2, 25508504=3, 19560842=1, 438057=2, 32385009=4, 19137484=5, 25480479=1, 23212364=4, 10412440=1, 31182411=1, 31195178=5, 19735736=3, 29291849=1, 27060457=1, 26767401=1, 8919571=6, 11317778=2, 33236885=3, 21440075=3, 13831187=3, 11156550=4, 23835818=2, 15289994=1, 16261864=6, 20583327=4, 7656227=1, 28395211=1, 27867077=3, 3300380=1, 4409813=1, 31119171=1, 18453204=2, 8272860=4, 11864917=3, 17064687=1, 5440803=3, 15804712=3, 21938033=2, 31615167=1, 24017340=1, 20245285=1, 19186928=1, 25648447=1, 31936145=1, 18840916=1, 17873613=2, 6179628=1, 22190307=2, 23784372=1, 13414654=2, 23245556=2, 4890702=2, 15915173=1, 25398123=2, 9651043=1, 22407250=1, 619520=1, 10281121=1, 32611478=2, 11359107=1, 16164508=2, 5756194=1, 33018695=1, 7912072=2, 8732970=1, 3697466=1, 1530503=1, 26603815=1, 7559188=1, 32181147=3, 11995144=3, 32643180=4, 7439696=2, 10828451=3, 19041113=2, 13725386=1, 10664607=2, 21817304=1, 29216762=1, 4435835=2, 436128=2, 32299714=1, 1169941=1, 12462510=4, 23569939=2, 14518195=2, 3941675=5, 8065391=3, 10798074=1, 4968539=1, 4993283=5, 8942595=1, 12241262=1, 17673937=2, 22738333=1, 24118442=7, 22570425=1, 18480539=1, 32474311=2, 30859812=1, 15605278=4, 20839726=1, 1063063=7, 23616193=1, 16750118=2, 30465129=1, 25386759=1, 2554625=1, 8484516=1, 16842797=3, 33500888=3, 26991233=1, 2626927=6, 3566951=1, 22610856=3, 19565924=2, 8034407=2, 5640277=4, 22344654=1, 32622010=1, 7930974=3, 19064508=1, 25448811=1, 11711953=2, 29303163=3, 8158650=1, 4465497=5, 14071190=2, 10784688=2, 2330492=2, 14162281=6, 10645676=1, 7380833=2, 11595384=1, 30902736=2, 21590138=1, 3219068=3, 18027025=3, 9182370=5, 22186744=2, 20978445=9, 21327649=1, 8290080=1, 27044546=2, 15991835=5, 33258519=1, 27810812=1, 7867465=6, 12715733=4, 10493835=8, 16705833=1, 29135892=2, 15618527=1, 2040907=3, 23498864=2, 891463=2, 21448512=1, 17197584=1, 13473242=2, 10074316=2, 969896=1, 1217951=2, 14716873=2, 7936216=3, 15204725=6, 24387027=5, 13116481=6, 11016291=6, 16781835=11, 17225117=1, 25740949=1, 3863057=1, 23144230=3, 18748199=4, 10069417=2, 31375338=2, 12607526=1, 31656554=3, 31389579=1, 17429340=1, 28801414=1, 6387410=1, 14203209=2, 24975840=3, 30812633=4, 12213666=1, 11018058=6, 877403=1, 18011390=1, 24974824=3, 13038510=1, 15653283=1, 21439348=3, 16955149=2, 29444012=1, 3753964=1, 16618793=2, 9154966=2, 21038613=3, 5674797=2, 20435598=1, 32764861=1, 32714059=3, 28486721=2, 19361480=1, 7945843=3, 21772491=5, 24111939=1, 8330290=3, 4738881=1, 31093056=1, 18211148=1, 26037384=1, 20319301=4, 4957740=2, 1394021=1, 24056827=3, 12415026=1, 10233372=5, 24946570=2, 17152734=2, 1609546=2, 1963516=1, 19966068=2, 23640914=2, 7093584=5, 1282632=2, 3408196=5, 23123742=1, 3684290=6, 24542708=1, 21723635=1, 18193527=2, 31116564=1, 14314800=1, 8867196=1, 9533814=1, 2049169=1, 28894296=1, 1827307=1, 21996473=2, 3526384=1, 22906193=2, 19610172=3, 8124509=1, 30032247=1, 30962412=1, 29040693=3, 30636530=1, 24053856=3, 29122749=1, 14907744=1, 18650261=2, 23793072=3, 32111708=1, 1886362=1, 12053444=1, 30760837=1, 12721894=4, 8779095=1, 23539206=3, 14161017=6, 14756583=3, 22504372=1, 13816502=1, 6639826=1, 9297059=1, 10953545=3, 7072138=1, 6828068=6, 17200591=1, 25100984=3, 29229652=4, 17941474=1, 13851209=1, 24080404=1, 23050561=2, 2616767=1, 16776269=1, 22437529=1, 3221170=3, 24867940=1, 11845005=2, 8789604=4, 28971348=4, 24316748=3, 31790144=3, 33043087=6, 13999814=2, 5816253=2, 6934952=1, 29111646=5, 30925879=1, 6123321=1, 12425050=2, 18911831=2, 18450738=2, 19462672=1, 768150=2, 13456977=1, 29073847=2, 32667169=1, 12254986=1, 8494934=2, 23985152=1, 2917077=2, 17526957=1, 29737449=1, 14015899=1, 3208157=1, 9850632=1, 546296=1, 24361109=2, 25982412=1, 14381249=1, 31760670=2, 1628443=1, 27406294=4, 21888796=1, 3167653=1, 9572038=4, 32617343=2, 31148962=1, 12338860=1, 21187408=1, 21013232=2, 1018447=2, 5186318=3, 31232228=2, 12054184=1, 17124687=1, 12018302=1, 13383091=5, 31030500=1, 30568677=1, 32069016=1, 7175505=1, 30520482=2, 6632969=3, 17716158=1, 3405402=1, 4584389=1, 3104117=1, 22196688=2, 15448929=2, 12283926=1, 15844371=1, 25535699=2, 2455932=1, 32354302=2, 719926=1, 23180425=2, 5722953=1, 8578165=1, 15414013=3, 26195376=2, 27351867=1, 25812571=1, 1087939=2, 23847458=1, 31671387=1, 8583072=1, 2520131=1, 13818751=1, 21913268=1, 7750507=1, 14696689=1, 8036366=2, 26415417=3, 16312112=1, 18266881=2, 25446573=1, 26054112=2, 30785=1, 13138499=1, 5423200=1, 19839642=2, 14501641=1, 26031265=3, 25452373=1, 19856005=1, 4447389=1, 19680505=1, 24538682=1, 22310988=1, 28350298=2, 21059289=1, 2850648=1, 13160495=1, 25647601=1, 16683631=2, 6723205=2, 14786290=2, 32194499=3, 15597159=1, 24738245=1, 1204400=1, 8199412=3, 32546666=2, 14172302=1, 13328795=1, 23010736=3, 28024438=2, 17355782=1, 26015337=1, 29260618=1, 30721025=1, 18409652=1, 2262295=2, 10518962=2, 1069861=1, 25344399=2, 14918328=2, 19898739=2, 16319584=3, 19831690=2, 2120955=1, 31391898=3, 26871904=4, 26846040=2, 17832326=7]}> but was:<...Prime: 6 register: {[515986=1, 8873601=1, 4121417=1, 29737449=1, 2330492=2, 12149696=1, 20058719=4, 8779095=1, 19902744=2, 21296852=1, 10026595=1, 28156488=2, 32111708=1, 10420901=3, 21439348=3, 27434773=2, 16408136=1, 32962010=1, 2002780=2, 22545453=6, 33213754=1, 970785=1, 17725430=1, 15795090=3, 2362840=5, 26991233=1, 2054929=1, 3208157=1, 13160495=1, 7943841=3, 30904883=2, 8224704=1, 7711014=2, 3485530=3, 23847458=1, 16117168=1, 8890535=2, 19727900=3, 32709197=3, 30636530=1, 765540=2, 817607=1, 15204725=6, 20868845=1, 16776269=1, 33476371=1, 27022157=1, 32512336=7, 30902736=2, 282229=1, 10233372=5, 16710278=1, 29229652=4, 9874583=2, 1045208=1, 6170338=4, 33371184=3, 29541956=1, 5597253=1, 26054112=2, 2225320=1, 1069861=1, 5755682=1, 32714059=3, 16955149=2, 24702641=1, 2040907=3, 4358326=2, 9936213=2, 25455625=1, 25802749=2, 13708701=3, 20319301=4, 16579327=1, 10368634=4, 2470827=2, 23681647=1, 6197448=2, 16353493=2, 8167580=2, 29049290=1, 15935776=3, 25480479=1, 33318713=1, 33327719=2, 14381249=1, 26942303=3, 5808831=2, 2985992=2, 6807941=1, 2068888=2, 6516597=1, 33504574=3, 26869487=1, 22163068=4, 1037620=1, 19597593=3, 24989318=1, 25976294=1, 23379377=2, 17206484=2, 6826=15, 20245285=1, 23988839=4, 31163914=2, 25812571=1, 18409652=1, 25124702=1, 30721025=1, 29845658=1, 11257605=1, 21698123=3, 25362470=3, 18217363=1, 5840981=3, 4081541=1, 23715370=1, 31656554=3, 27074852=3, 18193527=2, 12436640=1, 21379050=4, 30546123=4, 11557315=1, 24335919=1, 15804712=3, 7713539=2, 2094347=1, 19560842=1, 32643180=4, 18011390=1, 26846040=2, 11656800=1, 11304246=1, 25496182=3, 3157966=7, 16144677=1, 16349268=1, 3074715=1, 3753964=1, 8812012=1, 21401887=2, 1008811=1, 22375328=1, 23554730=1, 29126131=1, 8353710=1, 16842797=3, 3684290=6, 21327649=1, 29078840=2, 29777574=1, 22842216=2, 26734209=1, 5934762=2, 25499915=3, 11461293=1, 17832326=7, 25924076=2, 6821165=6, 24682724=2, 32069016=1, 19328694=1, 10611241=1, 24914959=5, 2407608=2, 29170119=3, 3167653=1, 17259364=1, 20404500=1, 25446573=1, 28894296=1, 21544151=2, 7176720=2, 15724754=1, 32883436=1, 9872608=2, 22771758=1, 18864687=1, 12313352=1, 32873198=2, 27297291=2, 22948469=4, 25100984=3, 17429340=1, 5813868=2, 20135697=3, 21864777=2, 19168306=1, 31116564=1, 10412440=1, 30962412=1, 17856550=1, 5930615=1, 28734519=1, 13831187=3, 29214401=1, 31265060=3, 30636601=1, 28742754=2, 23666960=3, 21750050=1, 28121944=3, 2850648=1, 16305080=1, 2455932=1, 23571212=2, 2298506=3, 1811726=2, 23650035=1, 14990455=2, 6604031=1, 9701461=5, 24676564=2, 904292=1, 14528372=2, 8492274=2, 742751=1, 17454413=1, 7183334=2, 17884178=1, 18101876=5, 6702204=1, 22664744=1, 7783351=1, 14458128=2, 10060349=2, 22570425=1, 9277721=2, 19315308=2, 31182411=1, 5467278=1, 17200591=1, 1417509=2, 4024445=1, 12462510=4, 19695492=2, 15596472=1, 31391898=3, 33286395=1, 28332384=1, 6387410=1, 148682=1, 7096664=1, 8264064=4, 4166054=2, 6832558=1, 26157525=3, 2286422=1, 24862406=1, 7225277=4, 29248868=1, 32557993=1, 18911831=2, 24477230=1, 12643348=1, 9182370=5, 30062841=2, 32279088=2, 22190307=2, 26319311=2, 14501641=1, 18068841=2, 11862461=3, 6603853=1, 13475607=2, 6577504=1, 3721561=1, 26232854=1, 26579350=2, 8191186=1, 6130684=2, 11717941=1, 8289257=1, 28527309=1, 32797922=1, 30032247=1, 25546485=1, 12289869=2, 719926=1, 24047436=1, 26820022=3, 26776100=2, 11028113=1, 4881391=1, 15396722=1, 31642313=1, 30944586=6, 4977403=1, 22989862=1, 6363121=3, 13566404=3, 31863209=4, 27269094=8, 30465129=1, 28801414=1, 19462672=1, 4435835=2, 17307359=6, 21440075=3, 32638304=4, 24373539=1, 14878828=3, 7775225=2, 31112766=2, 5084278=2, 1507242=1, 23904207=2, 5452650=3, 31119171=1, 2513030=1, 6123321=1, 24803179=1, 6347459=1, 2336927=2, 21604887=2, 5229701=1, 7218256=4, 27592852=3, 19095553=1, 25631188=3, 19186058=1, 22799691=1, 30299210=1, 9889196=1, 25927262=2, 23147982=3, 32426311=1, 6648420=1, 23763974=2, 10074316=2, 32790834=1, 4100828=2, 5765894=1, 8771607=1, 22922549=1, 19636306=2, 23307870=2, 2220225=1, 21594775=2, 14777112=1, 25789997=2, 10422170=3, 1450139=4, 13116481=6, 17726544=1, 21588949=1, 32300733=1, 18966187=1, 6210671=1, 22906193=2, 17190855=1, 19928387=7, 25764816=3, 8330290=3, 1219063=2, 2202886=2, 8199412=3, 2633065=6, 18294419=3, 25881848=1, 30568677=1, 28084482=2, 15970716=2, 28721771=1, 4510232=1, 25378122=3, 16683631=2, 28179256=1, 20654151=3, 28801621=1, 4940024=1, 12187391=1, 3548042=4, 25663962=2, 18334593=1, 29216762=1, 94405=1, 11959373=1, 20583327=4, 26666349=1, 10473160=1, 4206350=9, 26767401=1, 28693297=1, 17225117=1, 20250142=1, 10723546=2, 30102816=1, 11574222=2, 17090498=1, 4993283=5, 323304=1, 2520131=1, 4146358=1, 8290080=1, 13638276=7, 10069417=2, 30837173=2, 25757081=3, 16355460=2, 17526957=1, 28307611=1, 10645676=1, 12202472=4, 6055334=1, 29783191=1, 4584389=1, 26662198=1, 3768523=2, 26457333=2, 13199556=1, 4570636=2, 1450506=4, 2616767=1, 13784271=1, 30605175=1, 23022751=1, 30671521=5, 18937358=1, 13816502=1, 29380630=1, 14301186=4, 33221347=1, 7853026=1, 19752990=1, 30971149=2, 27389138=1, 12448048=1, 19565924=2, 10003632=2, 25453682=1, 33471669=2, 30200436=1, 7160402=1, 20729084=1, 27351867=1, 14194762=2, 5184546=3, 11995144=3, 24080404=1, 11777783=2, 10284005=1, 16763006=1, 20369121=1, 9125529=3, 23385833=1, 1854224=1, 26889564=1, 1732213=1, 21009443=2, 7758443=1, 5139404=1, 21772491=5, 1611720=2, 5287863=2, 7700256=1, 8645271=1, 25883821=1, 4877200=1, 15321421=1, 12018302=1, 7967665=2, 20839726=1, 28225464=2, 29756230=4, 5674797=2, 6651564=1, 14865374=1, 7556541=1, 18707319=1, 7231968=1, 26874844=4, 7081090=5, 19421628=1, 31673246=1, 25236222=3, 7093584=5, 30592020=1, 32354302=2, 7722665=1, 26090270=4, 14625548=3, 21754779=1, 30419707=7, 21686376=1, 30925879=1, 25982412=1, 26084666=4, 31564039=2, 33310158=1, 9639286=3, 8354396=1, 19631662=2, 19137484=5, 32752259=1, 852753=3, 13850053=1, 19796906=4, 29377894=1, 30656120=1, 21687697=1, 18480539=1, 24087405=2, 27990484=3, 30278935=4, 20927355=1, 11566642=1, 16312112=1, 19361480=1, 21752132=1, 8036366=2, 21013232=2, 28037901=1, 22978158=2, 32904610=4, 20531731=1, 1087939=2, 15579296=2, 1337684=1, 25224483=1, 20194914=5, 31918160=3, 14258863=2, 23151323=1, 16779410=11, 10471191=1, 8583072=1, 32056398=3, 22784353=2, 9133290=1, 16499323=1, 31875015=1, 9637445=3, 11905375=2, 30414111=7, 20435598=1, 25639769=3, 19969132=2, 11949559=1, 24738245=1, 2602372=2, 8732970=1, 10083691=1, 26919320=1, 33390647=2, 32311522=3, 13473242=2, 5188624=3, 8494934=2, 24117886=7, 8825261=2, 7439696=2, 2677343=1, 16164508=2, 1204400=1, 9397103=1, 19785382=1, 27360331=1, 25740949=1, 30859812=1, 5596626=1, 6639826=1, 1375609=1, 11016291=6, 9070253=1, 23165410=1, 18649055=2, 23100014=1, 20991686=1, 21832496=3, 17479986=2, 14231456=3, 4779982=1, 28327095=7, 29135892=2, 28706831=4, 13138499=1, 14931786=1, 22302707=1, 570404=2, 20564858=1, 19454218=1, 11216898=3, 1915552=3, 19136812=5, 18731621=1, 5651357=4, 2352811=1, 14136305=2, 15129378=1, 10684501=3, 25999881=2, 9971153=6, 20329519=4, 12054184=1, 14610850=1, 25064902=1, 10905946=1, 27318579=1, 23569939=2, 15597159=1, 28125722=3, 19186928=1, 21187408=1, 12449802=1, 13632274=7, 18450738=2, 29851190=1, 19545535=4, 33258519=1, 20392578=3, 29050046=1, 26603815=1, 1216122=2, 33319216=1, 12296112=2, 29303163=3, 3941675=5, 32248590=5, 15835002=2, 13456977=1, 31389579=1, 7501898=1, 20544744=1, 8718802=3, 27537952=5, 24099716=2, 8264102=4, 15116251=2, 92711=1, 16794745=1, 4742573=1, 18847227=2, 5333894=1, 7103523=1, 9695176=1, 28323492=7, 27807968=1, 3678548=6, 13921691=1, 7054630=2, 3104117=1, 4032262=2, 29200409=2, 9458902=1, 15126457=1, 14792033=2, 25386759=1, 9373943=3, 2396194=2, 17057041=1, 4792756=3, 4465497=5, 4281004=1, 6784440=2, 13400276=1, 5856622=1, 2626927=6, 21907755=1, 12415026=1, 5373984=4, 1872558=2, 25390680=1, 25535699=2, 6341173=1, 22344654=1, 31226927=1, 24206419=1, 14314800=1, 18242793=1, 3258571=2, 6370027=3, 10820833=3, 21096250=1, 21938033=2, 2025824=1, 527741=6, 17941474=1, 5228232=1, 11736714=3, 22285765=5, 33012350=2, 17448205=4, 13414654=2, 31094965=1, 31522093=1, 28546637=2, 14425396=5, 6394893=2, 767271=2, 4889414=2, 7936216=3, 13383091=5, 5121510=4, 7781652=2, 2968834=1, 20372539=1, 29975456=1, 17133312=1, 3397209=1, 5509822=5, 14620250=3, 5228393=1, 9617058=2, 4602352=4, 6339973=2, 1305190=1, 18434130=1, 17123309=1, 7544616=3, 10168794=3, 28824314=1, 31030500=1, 27288611=1, 23212364=4, 2554625=1, 11467391=1, 32734703=1, 622545=1, 15289994=1, 26924439=1, 32546666=2, 24581201=3, 8065391=3, 3351802=3, 25398123=2, 6760076=3, 634208=2, 7247402=2, 11761580=1, 1631451=1, 12031288=2, 28078272=1, 8877237=1, 26003883=1, 16336315=1, 4474167=1, 9947013=1, 17077986=2, 10944937=3, 23304574=2, 28406497=1, 3408196=5, 13725386=1, 29807029=1, 8236990=2, 27745170=1, 31019589=1, 7380833=2, 3423114=5, 14518195=2, 5816253=2, 31382194=1, 8507587=1, 32787290=1, 17673937=2, 20177800=1, 15079601=4, 32067185=1, 31994610=6, 16399301=4, 5336174=1, 969896=1, 30296654=1, 14036765=4, 28131564=1, 31118542=1, 3448735=2, 17416084=2, 16504987=1, 604246=3, 3198752=1, 29630955=5, 25233124=3, 8481088=1, 15490813=1, 12081459=1, 21897702=4, 20799803=1, 15719735=1, 1079500=1, 30103331=1, 6300292=8, 5651186=4, 29044946=3, 2463658=2, 5640277=4, 10475906=1, 15385910=1, 9167597=1, 28083908=2, 24464231=1, 24821217=2, 24538682=1, 24017340=1, 24974824=3, 21608483=2, 23232943=2, 1893576=1, 33018456=1, 12840175=1, 28350298=2, 30228183=3, 26099735=1, 28945059=2, 3219068=3, 10493835=8, 31089380=1, 10953545=3, 10652851=2, 30946322=6, 23078140=8, 5440803=3, 19668707=5, 30551795=4, 27738877=1, 30226465=3, 23498864=2, 7977405=2, 32764861=1, 31790144=3, 22206911=1, 12491431=2, 9352662=2, 4447389=1, 32855726=1, 29845859=1, 2604832=2, 10343475=1, 16223040=2, 27215055=1, 18748199=4, 18744390=4, 24705992=1, 22405220=1, 31671387=1, 2968787=1, 22725197=1, 29260618=1, 4968539=1, 6926925=2, 28066837=1, 18261271=2, 3968549=2, 30504174=1, 10119616=1, 9634756=3, 14306718=1, 4890702=2, 6309469=1, 835415=2, 733135=3, 18384652=2, 13722016=1, 7559188=1, 6170398=4, 24361109=2, 1023609=2, 19977221=1, 10342890=1, 7433167=1, 6331930=2, 7067134=1, 438659=2, 8484516=1, 3566951=1, 32904546=4, 26037384=1, 26925592=1, 7874458=6, 24056827=3, 3996575=1, 17143856=2, 22610856=3, 11584477=1, 24022788=2, 9154966=2, 16903472=1, 15770353=2, 310730=2, 19524594=1, 5826360=1, 15003607=1, 19563642=2, 25902357=3, 19525700=1, 12793413=3, 30445097=2, 2133615=2, 2528634=2, 21640025=4, 8039895=2, 15605278=4, 28031784=2, 32194499=3, 25736695=2, 23245556=2, 4529919=3, 8451832=1, 15915173=1, 16668194=1, 16934508=1, 27785668=1, 13999814=2, 29668652=2, 32293972=1, 17521430=1, 18266881=2, 23835818=2, 16305834=1, 25619461=1, 9343722=2, 5445141=3, 28951229=1, 3703399=2, 32900393=4, 33194727=2, 30229717=1, 9301378=1, 15016636=3, 6205245=2, 4955522=2, 1449896=4, 29211959=2, 28191148=4, 14047830=1, 8507871=1, 17124687=1, 2373188=5, 17195755=1, 27099129=1, 5572574=3, 14669493=1, 6389902=2, 21878537=1, 9791837=1, 10210143=1, 18346208=1, 30825073=1, 21342239=2, 12675863=1, 169449=2, 21872017=2, 24946570=2, 438057=2, 15471409=5, 26273924=1, 32910135=4, 14172302=1, 29807360=1, 15844371=1, 28936171=2, 9945643=1, 11326088=1, 4032533=2, 1893425=1, 8789604=4, 4224106=1, 15464901=1, 13728780=1, 27599815=3, 21152732=1, 9827204=1, 6183892=1, 33307627=5, 2917077=2, 10384875=1, 26667930=1, 29773238=1, 29795546=2, 16568224=1, 5664276=1, 14497899=3, 2626664=6, 4895027=2, 32707164=3, 24360769=2, 17772124=3, 9470738=2, 27998672=3, 3237011=1, 21723635=1, 11018058=6, 12072521=6, 3771714=2, 4935522=1, 10845816=1, 24975840=3, 13851209=1, 4359159=2, 31106279=2, 1695017=1, 6406413=1, 22212733=1, 15154=14, 21399851=2, 7890102=1, 33295415=5, 7292402=1, 10990918=2, 12721894=4, 4930114=3, 12338860=1, 2027927=1, 26423992=3, 33502193=3, 4130141=3, 27927773=4, 29596314=2, 28614315=2, 11317778=2, 12729245=4, 19943515=1, 9442202=7, 24111939=1, 27798356=6, 31265414=3, 1018447=2, 17518850=1, 16609959=1, 20978445=9, 9963547=6, 16789638=11, 3566445=1, 3347824=3, 31402540=3, 23616654=1, 24107881=1, 29216430=1, 3953169=1, 31481090=1, 21265124=1, 2843906=1, 31793815=3, 4738881=1, 22738333=1, 1535268=1, 26095581=4, 24381587=5, 1728964=1, 8374477=1, 11271966=1, 9073074=1, 2024642=1, 3863057=1, 1217951=2, 2684247=1, 21448512=1, 26249098=2, 19610172=3, 28923024=1, 24739740=1, 1538196=1, 25652009=1, 4957740=2, 18027025=3, 26415417=3, 3405402=1, 18650261=2, 15519843=1, 29946471=1, 27221699=1, 14171279=6, 15070864=1, 1149425=2, 16832126=1, 23010736=3, 10514800=1, 4804026=1, 9772532=3, 28726889=1, 21465=1, 14015899=1, 5702201=3, 112469=2, 28395211=1, 24487380=2, 14933500=1, 1030818=2, 27001313=5, 27516056=1, 20764632=1, 19816602=1, 20026891=2, 9543696=2, 134456=4, 32969858=3, 14634303=1, 11473510=3, 1937187=2, 24867940=1, 15548850=1, 11711953=2, 10391233=2, 32430738=1, 11360213=1, 16750118=2, 10664607=2, 24118442=7, 32028335=2, 22900234=1, 1751069=2, 28029746=2, 10281588=1, 768150=2, 26127165=2, 28868618=2, 8595624=3, 11405540=4, 20939367=2, 6707015=1, 13819955=1, 16462484=3, 13208233=2, 28418434=2, 5214417=2, 7867465=6, 28778407=3, 22087149=3, 30337530=1, 16322706=3, 23177209=2, 22184082=2, 8907775=1, 14993489=1, 1963516=1, 24387027=5, 54851=1, 14120383=1, 23985152=1, 17742104=2, 27712400=1, 1715414=4, 18962992=1, 26163878=3, 18423802=3, 12425050=2, 23862909=5, 17064687=1, 19041113=2, 3838693=2, 3221170=3, 32813950=2, 17724753=1, 7499832=1, 17682677=1, 28929065=1, 19680505=1, 138524=4, 16261864=6, 11595384=1, 30278815=4, 17173279=4, 2246249=1, 14269956=2, 20373833=1, 26724078=1, 12283926=1, 7178280=2, 33447016=1, 5764317=1, 30086303=3, 16117685=1, 7072138=1, 15831745=2, 27821217=2, 23488107=1, 608084=1, 3094247=3, 2285664=1, 32611478=2, 16794072=1, 31760670=2, 13170590=1, 31148962=1, 26015337=1, 33209711=2, 26164135=3, 3002690=1, 20791631=1, 15161324=1, 9380776=3, 7968299=2, 13400002=1, 9815165=1, 12690458=2, 25945027=1, 22612943=3, 23146480=3, 4485143=1, 28541778=2, 27463260=3, 1074452=1, 8940105=1, 19129640=1, 15314768=2, 32385009=4, 8989994=3, 6640932=1, 350458=1, 3362945=1, 7276676=3, 6725454=2, 14890370=3, 4165642=2, 24816088=2, 26195376=2, 24947834=2, 126436=1, 8543646=1, 31936145=1, 24965408=1, 23617124=1, 25568617=4, 4845830=1, 8867196=1, 27772246=1, 29098930=5, 16528158=5, 30729871=1, 29417352=1, 5248049=7, 16392464=4, 19515549=1, 15072245=1, 17145069=2, 3476725=3, 17668445=2, 21240469=5, 13194053=1, 6649221=1, 28433071=1, 29970396=1, 17147452=2, 24482178=2, 25845217=1, 653935=1, 7410281=3, 20750768=2, 31375338=2, 5175770=1, 28448254=4, 5753817=1, 30349725=3, 30056267=2, 5028650=2, 2253673=1, 1063063=7, 8541592=1, 8234633=2, 32777005=5, 26460462=1, 1521726=3, 16632564=1, 4751921=2, 14161017=6, 436128=2, 7913800=1, 28929033=1, 4051275=1, 13759192=1, 22343717=1, 25919329=1, 4688310=2, 25205078=2, 23123742=1, 12053444=1, 14889640=3, 19966068=2, 18153555=3, 20681045=2, 27977205=1, 22039648=1, 12329061=5, 22975875=2, 31400578=3, 26891383=1, 15618527=1, 4758767=2, 12875033=1, 12404015=1, 30238581=1, 9829777=1, 24087939=2, 18555250=3, 32138569=1, 25105148=3, 17946023=1, 31901805=1, 20549882=2, 25533230=2, 13403147=2, 27817925=1, 33500888=3, 16654145=4, 9058591=4, 627760=2, 8699990=1, 23701167=2, 8578165=1, 4576954=1, 21166641=1, 16642930=1, 13896629=5, 31211468=5, 33049701=1, 22737936=1, 27125776=1, 31403477=3, 8722174=3, 32221308=2, 14162281=6, 1692793=1, 26037190=1, 17028231=1, 12751849=2, 28413032=2, 14591385=2, 25077546=2, 22997369=1, 21996473=2, 7220620=4, 20646801=3, 32433550=1, 12853629=5, 23589103=1, 12715733=4, 13181155=3, 2929780=2, 19982944=1, 9297059=1, 25045161=4, 26871904=4, 31615167=1, 3071306=1, 4404463=3, 13466653=1, 12508543=1, 14237780=1, 12254986=1, 15110186=2, 15582292=1, 3410268=5, 29740375=1, 13570265=3, 32185315=3, 32624782=1, 30016867=4, 30760837=1, 28754679=1, 29862654=2, 11651669=1, 8159152=1, 32258190=5, 7219068=4, 3987571=1, 21951714=1, 29122749=1, 7678462=3, 1394506=1, 26804676=3, 9109283=1, 810026=1, 18211148=1, 31232228=2, 18840916=1, 31049025=1, 5926298=1, 29511810=1, 1483869=2, 17944182=1, 22305622=1, 28486721=2, 316432=1, 33507745=1, 19551766=1, 27605680=3, 16731906=1, 1115685=3, 26565156=1, 1208337=1, 29287331=1, 1827307=1, 32869785=2, 666533=4, 7640459=2, 12241262=1, 6159846=1, 28350540=2, 27113071=2, 1883166=2, 3966366=2, 25452373=1, 6081060=1, 26999402=1, 14932929=1, 24006995=1, 30056902=2, 12080979=1, 31093056=1, 18278607=1, 22877896=3, 32474311=2, 2101638=8, 14309976=1, 26309795=1, 25492509=1, 3761862=1, 11359107=1, 11113102=2, 14756583=3, 22950374=4, 26236556=1, 32617343=2, 8158650=1, 1886362=1, 22225036=3, 6125714=1, 25308714=4, 32404627=1, 30811630=4, 29638816=1, 32380956=4, 1169941=1, 17367685=3, 7399740=1, 13328795=1, 10784688=2, 22595562=1, 16719380=3, 22196688=2, 16531347=5, 9572038=4, 27464271=3, 16781835=11, 11845005=2, 12843818=1, 9865813=2, 22504372=1, 26903683=2, 6150584=1, 10828451=3, 31306414=2, 1234051=1, 24308858=1, 21091323=1, 1513211=3, 5756194=1, 23616193=1, 27549306=1, 21299617=3, 21500760=6, 14716873=2, 29111646=5, 7032284=1, 16042217=1, 10233717=5, 21487396=1, 14696689=1, 8034407=2, 9596163=1, 1769495=3, 22186744=2, 3168957=1, 33311546=1, 31440000=2, 21913268=1, 16789203=11, 30452824=2, 13258888=1, 27530343=5, 5679058=2, 28971348=4, 19831690=2, 28925221=1, 8272860=4, 1530503=1, 7098756=1, 16676737=1, 20238363=1, 24491913=2, 33209575=2, 2776=13, 22437529=1, 27452746=1, 5256971=7, 546296=1, 8211344=1, 20501371=1, 30157468=5, 25293573=1, 12337299=1, 15653283=1, 12070633=6, 25045058=4, 18752074=4, 22156321=4, 14918328=2, 26029005=3, 21575905=3, 5020714=2, 32762401=1, 18453204=2, 1609546=2, 7303049=1, 30141476=1, 17551233=1, 1793469=1, 15940390=3, 19258757=1, 4050386=1, 21708593=3, 12430508=2, 14475804=1, 7552575=3, 14503754=1, 19103937=2, 7473265=4, 7803136=3, 11624110=1, 21059289=1, 8607768=1, 17554965=1, 9661864=1, 18007181=1, 7175505=1, 4943347=1, 14600293=1, 19898739=2, 11820500=1, 16152111=1, 4857423=4, 25466875=2, 8258713=4, 1548902=2, 23180425=2, 7750507=1, 15639329=2, 18177691=1, 14551059=4, 14718311=2, 12428580=2, 25535613=2, 30637279=1, 30843043=2, 25448811=1, 12289858=2, 16353976=2, 7912072=2, 1837392=5, 16251722=1, 22953289=4, 24910051=5, 29958283=3, 24839901=3, 31195178=5, 10192726=2, 883541=1, 1458059=4, 27991469=3, 31055620=1, 10439519=1, 32442824=3, 5423200=1, 6890377=3, 15597446=1, 19752445=1, 31222618=1, 21736699=2, 6632969=3, 30785=1, 26759012=1, 3516540=2, 30956050=1, 29581787=1, 14071923=2, 12900799=1, 29537145=2, 18140258=1, 16114904=1, 10984061=2, 18575177=1, 23793072=3, 20623179=2, 10024246=1, 18792578=1, 29040693=3, 27833692=2, 32573777=3, 22980420=2, 6934952=1, 14618960=3, 17292125=1, 5049804=3, 19351575=1, 23796715=3, 6179628=1, 17608295=2, 13826954=1, 14906493=1, 10616643=1, 2016804=1, 6412481=1, 18864353=1, 11497180=1, 5938479=2, 18710405=1, 24330162=3, 23784571=1, 13595614=1, 22964591=1, 14717093=2, 22540854=1, 8239231=2, 4457683=5, 5080547=2, 16110504=1, 19839642=2, 7407754=3, 12072566=6, 2811530=1, 17918938=1, 21113596=4, 31282946=1, 2049169=1, 31779994=1, 8144356=1, 11332798=1, 8721033=3, 7000658=1, 21892762=4, 2120955=1, 27060457=1, 9526845=1, 988024=3, 9428197=1, 25442631=5, 24053856=3, 619520=1, 24316748=3, 6941867=1, 8919571=6, 12848851=5, 17355782=1, 7945843=3, 29732131=2, 4569707=2, 27657226=4, 30073553=1, 3396676=1, 15004612=1, 30387257=2, 12617835=2, 14050373=1, 17122501=1, 16618793=2, 15991835=5, 26325963=2, 30114251=2, 15510085=2, 18639160=1, 2564098=3, 18634725=1, 26382471=2, 23716100=1, 4088153=1, 18130290=2, 21681728=1, 634081=2, 32106532=1, 20153873=2, 1394021=1, 6239148=3, 23348623=1, 23558747=1, 23182842=2, 3300380=1, 24542708=1, 7403497=1, 8539374=1, 12968951=1, 31631524=2, 14680198=8, 9651043=1, 18985094=2, 16705833=1, 27406294=4, 23605590=6, 5646205=4, 4409813=1, 10281121=1, 19407032=6, 5958323=1, 27538449=5, 10960974=1, 7271009=1, 33018695=1, 13323866=1, 14430266=5, 32740393=2, 9975087=6, 15219267=6, 3166425=1, 4418879=1, 33043087=6, 8409133=1, 10359261=4, 17217473=2, 7020410=3, 17197584=1, 12419772=2, 17122799=1, 21154198=1, 843300=1, 29018559=1, 7894985=1, 30375170=1, 1895340=1, 32196116=1, 33236885=3, 25825003=4, 28619139=2, 31935458=1, 30982134=2, 23858330=5, 26895166=1, 3501179=1, 27648126=1, 1757445=1, 21888796=1, 6813291=1, 21651787=1, 33434770=4, 14907744=1, 818020=1, 6879198=1, 18962614=1, 18173316=1, 27810812=1, 2666184=2, 11978298=1, 10566102=3, 1297735=1, 9443174=7, 25647601=1, 27686952=1, 8747020=1, 25648447=1, 3697466=1, 5993597=1, 31084064=1, 13288755=1, 22232106=3, 30135567=1, 72257=3, 19064508=1, 16717233=3, 29291849=1, 28559674=1, 1728517=1, 9402743=1, 32838432=3, 26903545=2, 31155506=1, 17230231=1, 17716158=1, 1641703=3, 23144230=3, 13644266=7, 7870633=6, 7735322=4, 18868998=1, 2515008=1, 1282632=2, 10798074=1, 8942595=1, 17684801=1, 24934751=1, 29819960=3, 32181147=3, 30927814=1, 4877628=1, 26858922=1, 10519786=2, 31280636=1, 13038510=1, 20401114=1, 15263199=1, 20579051=4, 18492453=4, 27948854=1, 28130716=3, 33193211=1, 2975568=1, 19856005=1, 5378945=4, 5533308=1, 11043924=2, 30812633=4, 22978182=2, 16582578=3, 5954338=1, 17157081=1, 3811503=4, 24678324=2, 5903446=4, 32622010=1, 9533814=1, 21302110=3, 20570074=1, 3731136=1, 29532852=2, 32789346=1, 24766542=1, 20852200=4, 16319584=3, 19735736=3, 13818751=1, 22306609=1, 17152734=2, 31038419=2, 2922504=2, 877403=1, 17499621=3, 17392327=1, 7656227=1, 3908427=2, 23640914=2, 12288714=2, 27867077=3, 31501853=2, 9182040=5, 22301494=1, 22407250=1, 17873613=2, 24187171=3, 28994305=1, 3547234=4, 30520482=2, 25508504=3, 29073847=2, 32754608=1, 5039946=1, 30227076=3, 6828068=6, 30856167=1, 26710955=2, 18920618=2, 20838361=1, 20875135=2, 26113058=1, 27539489=5, 14786290=2, 10293166=3, 23242358=2, 12213666=1, 16124677=4, 21307041=3, 29191711=1, 20142560=1, 32299714=1, 3439235=1, 12443016=1, 13370159=5, 15414013=3, 30463813=1, 3223226=3, 26969940=2, 21590138=1, 10235250=5, 14203209=2, 4313241=1, 7830839=1, 26936154=3, 32667169=1, 23050561=2, 8843509=1, 6161611=4, 27044546=2, 2897066=5, 11356451=1, 611666=1, 1628443=1, 963262=2, 30962817=1, 8404105=10, 18518125=2, 8561452=2, 4318605=1, 9011731=2, 11156550=4, 2503229=4, 20929000=1, 13542035=2, 32959684=1, 11780493=1, 21817304=1, 11172817=1, 32506447=7, 26457731=2, 17009707=2, 29996190=2, 22310988=1, 24474089=1, 22140741=1, 30991345=1, 18605844=1, 23708821=1, 2262295=2, 11864917=3, 6415850=1, 19912066=1, 6947669=4, 1290114=2, 6347527=1, 486647=1, 15263631=1, 1615046=2, 6498813=3, 9167637=1, 7358664=1, 20608619=1, 30087903=3, 26731139=1, 26031265=3, 21038613=3, 158177=1, 19560589=1, 25028028=1, 23099923=1, 24955303=1, 7930974=3, 23539206=3, 20059531=4, 29473370=2, 2734329=2, 32960589=1, 11140694=1, 15042084=2, 28039534=1, 23864196=5, 25344399=2, 2148200=1, 6723205=2, 2026665=1, 3526384=1, 5186318=3, 7437837=1, 22313414=1, 18106010=1, 29444012=1, 11378272=2, 19062806=1, 3735220=1, 23222567=1, 24405977=1, 14071190=2, 24131467=7, 1243695=1, 23104249=2, 30062899=2, 21643254=4, 16338149=1, 28024438=2, 12607526=1, 32530758=1, 4049224=1, 33507057=1, 27285726=1, 23135374=3, 28598617=1, 5663981=1, 23784372=1, 26750987=6, 10518962=2, 20739623=1, 32493302=1, 1574203=6, 24270255=1, 20800670=1, 3313830=2, 8124509=1, 15598032=4, 28617828=2, 891463=2, 2616903=1, 23661545=3, 9850632=1, 33043732=6, 18886951=8, 17670014=2, 26954251=1, 15448929=2, 15123323=1, 5722953=1, 18095002=5, 22122456=2, 32675664=2, 23458805=1]}>
	at org.apache.hadoop.hive.common.ndv.hll.TestHLLSerialization.testHLLSparseNoBitPacking(TestHLLSerialization.java:142)
]]></failure>
  </testcase>
  <testcase name="testHLLSparseNoBitPackingHalfDistinct[4]" classname="org.apache.hadoop.hive.common.ndv.hll.TestHLLSerialization" time="0.025">
    <failure message="expected:&lt;...Prime: 6 register: {[5598046=1, 18946745=3, 27587289=1, 31943195=1, 13046954=3, 13033582=1, 12158239=2, 31689665=2, 23631445=2, 17979387=1, 22826162=1, 26198487=1, 15216383=6, 18431276=3, 7368684=1, 22092837=3, 32856952=1, 32545455=2, 28994899=1, 8154695=1, 9602199=2, 4264350=3, 27452930=1, 16374482=1, 24790713=1, 15538445=3, 29565180=3, 32468394=1, 8090708=1, 13959700=3, 2599387=2, 27255506=1, 23917073=1, 22258061=2, 5059087=3, 2889604=5, 26070930=1, 5791538=1, 17456579=1, 4829866=2, 26733042=1, 17595255=1, 5689115=1, 3896174=1, 33345751=1, 27604938=3, 16817643=2, 5826386=1, 28325819=7, 24766497=1, 2792020=2, 15489676=1, 2333579=2, 21175039=3, 29777509=1, 2115787=1, 9085272=2, 21543075=2, 2939703=1, 1417510=2, 20426028=2, 7901577=2, 24281916=2, 25538950=2, 3788542=1, 4887496=2, 12395880=3, 31222548=1, 30038246=1, 3680683=6, 10718321=2, 5156073=2, 28025468=2, 7488434=1, 9846806=1, 19714260=1, 22792096=1, 15496522=1, 5740168=2, 3719436=1, 11153300=4, 6984347=2, 25219641=1, 3186137=2, 1571379=1, 19975203=1, 18079652=1, 18683583=3, 4977763=1, 17418670=1, 20771437=1, 14901648=1, 19176454=2, 20448057=6, 18669571=1, 19709959=1, 16796843=1, 30482857=3, 32033626=1, 28505831=1, 10685787=3, 14290382=4, 29428268=3, 19856081=1, 13637320=7, 3077805=1, 15492104=1, 3248182=2, 9915509=1, 12221580=1, 24349623=2, 27939821=1, 5669125=2, 26098852=4, 17236027=3, 10437847=1, 6416091=1, 23462956=4, 9806322=2, 26741062=6, 21199871=1, 32201471=1, 790183=5, 6490162=3, 15185108=2, 17274874=2, 10652299=2, 16678311=1, 25288205=1, 19718914=1, 20457259=6, 3290032=4, 11819696=1, 21138070=2, 16137063=4, 24968148=1, 29673102=1, 334181=3, 1478018=2, 8174444=2, 3027916=4, 30616490=3, 1373698=1, 16639393=1, 15219009=6, 9203677=1, 13421765=1, 25859540=2, 28925022=1, 23773487=1, 10098974=4, 4096710=2, 30719604=2, 16608106=1, 9969890=6, 933644=4, 2997052=2, 11434684=1, 17951223=1, 19194940=1, 203290=3, 4200024=9, 26313356=2, 11096547=1, 28885888=1, 18894894=1, 27650169=1, 10896791=1, 4291549=1, 16609009=1, 26945891=3, 5642187=4, 18121459=2, 16799755=1, 15984220=1, 29484596=1, 12198816=4, 19490233=1, 6931468=1, 30100982=1, 26857426=1, 24589923=3, 31663252=3, 4892119=2, 11568947=2, 347821=1, 26551362=3, 23950632=1, 12160070=2, 9884162=1, 26853016=2, 9834845=4, 19498049=2, 2131587=2, 25848394=1, 27555550=1, 6584093=1, 3884170=1, 25091884=1, 15976828=1, 13422190=1, 11739532=3, 10268271=2, 13931365=2, 3010020=1, 32542287=2, 17240880=3, 811851=1, 10988500=2, 2375399=5, 23418199=1, 5131351=1, 19208194=3, 335570=3, 9972381=6, 19580935=1, 22388758=2, 22647635=2, 9060050=4, 16793438=11, 32236574=1, 6283277=1, 14729854=1, 12584805=9, 11949039=1, 20158642=2, 23420749=1, 3905049=2, 10825247=3, 11185401=2, 13419786=1, 28246397=3, 1372215=1, 15741376=7, 18987303=2, 31690849=2, 14856403=2, 3022264=4, 26493898=1, 8119074=1, 10336727=2, 4186863=1, 4092344=1, 27884274=1, 21113131=4, 13926130=1, 28025650=2, 12230974=2, 23810866=1, 13299691=1, 24678827=2, 13051755=3, 11886516=1, 11259827=1, 14389532=2, 4317001=1, 16450439=3, 15048498=2, 9522425=1, 11140905=1, 9454186=1, 2056884=1, 4866458=1, 809552=1, 1013179=1, 6039185=5, 672736=1, 8203389=3, 23493428=1, 23364624=2, 15179569=2, 28299184=1, 19537853=4, 25771275=3, 9820600=1, 25374223=3, 26863629=1, 17752548=1, 17296714=1, 9276741=2, 158824=1, 16572619=1, 11504357=2, 25270145=2, 30893179=1, 8619990=2, 8604248=1, 19445322=2, 878298=1, 2865604=2, 736431=3, 15337393=4, 3318760=2, 25604657=2, 15568558=2, 25492663=1, 19083408=3, 29683167=1, 14324180=2, 20234602=1, 21481172=1, 7420292=3, 16622601=2, 16898309=1, 21419651=1, 6624812=3, 14149550=1, 31421927=1, 15158952=1, 26726904=1, 28235861=1, 20427125=2, 15260512=1, 20225860=2, 23307703=2, 26178412=1, 24461639=1, 28833247=1, 10390739=2, 2770418=1, 24333225=1, 13413803=2, 26789100=1, 20464339=1, 19872312=3, 9916521=1, 446722=1, 5131803=1, 16486735=2, 23301762=2, 2239074=4, 25904766=1, 10039069=3, 26549182=3, 10214193=1, 30054762=2, 7863743=1, 4610293=1, 3474924=3, 19183394=2, 26647300=2, 10383898=1, 19256626=1, 12361296=2, 16780673=11, 4526222=3, 19787814=1, 20138287=1, 19466333=3, 28556636=2, 31718127=1, 19540879=4, 26371277=1, 28943167=2, 25805530=1, 4533489=3, 3360039=1, 11569032=2, 5670807=2, 32778645=5, 28861691=1, 23663882=3, 28679234=2, 20450018=6, 10782621=2, 27654901=1, 33434591=4, 8563335=2, 26736940=1, 26089769=4, 507367=2, 8279049=1, 1722956=1, 11793246=1, 12969560=1, 17629923=3, 30820872=1, 9220035=2, 6612335=1, 10612335=1, 27772031=1, 16062417=3, 18662689=1, 21149216=2, 7408747=3, 23053728=1, 25711111=1, 26671837=1, 5002649=1, 25343602=2, 19936966=7, 28724198=1, 28875498=2, 20868969=1, 3434548=1, 29408167=2, 18513136=1, 22594220=1, 16542688=1, 22199377=2, 30246010=2, 4437904=2, 14158065=6, 18936643=1, 19462732=1, 27170188=2, 10247009=1, 9061108=1, 13743999=2, 25617429=1, 27224383=1, 52624=1, 16483609=2, 14231219=3, 5680476=2, 30140733=1, 5379721=4, 19000634=1, 29410039=1, 3528908=1, 14201973=2, 23819431=1, 31006403=3, 29410793=1, 5989981=1, 19028573=1, 29017635=1, 18938452=1, 1131554=1, 495615=2, 33077231=2, 19241512=2, 7484059=4, 26655695=2, 18185133=1, 21424394=1, 11569212=2, 8301409=2, 7635837=2, 7932822=3, 19610286=3, 1750127=2, 33342019=1, 27179113=2, 10785257=2, 32449417=3, 1038721=1, 19821001=1, 17859736=2, 32539107=2, 19099463=1, 16827262=1, 23664750=3, 9108989=1, 5793846=1, 25855402=2, 6120763=1, 938516=1, 8145904=1, 30272217=1, 28623498=1, 7233204=1, 26908690=2, 22924848=1, 16710281=1, 21135778=2, 22654108=2, 32740660=2, 3365706=1, 3427116=1, 18296964=3, 11545278=7, 25974755=1, 21922110=2, 30245420=2, 25759910=3, 20362950=2, 7377976=2, 25450860=1, 13483388=2, 3405643=1, 21766747=5, 30289254=4, 19883740=1, 19737389=3, 1077537=1, 6186326=1, 12919407=3, 9182800=5, 19618283=1, 30966317=2, 16846706=3, 10192172=2, 20035414=2, 16443778=1, 422657=1, 28966879=1, 22363432=3, 2296015=3, 9554449=1, 19808333=1, 33417461=1, 14134737=2, 5454827=3, 12287293=1, 18635104=1, 16254931=6, 1957603=1, 4743697=1, 32307561=1, 28147649=1, 10640981=1, 18921961=2, 27500555=2, 10339497=1, 12611796=1, 31178939=1, 5916690=1, 21725365=2, 24454262=3, 24384135=5, 11442332=2, 1166322=1, 15508835=2, 23220662=1, 8753047=2, 831936=2, 29895499=6, 33281079=1, 31252924=1, 22064241=2, 13663556=1, 25767217=3, 14648257=2, 6425156=4, 17088571=1, 32999760=2, 16309130=1, 13209352=2, 22736529=1, 3446915=2, 26534467=1, 16480780=1, 9806441=2, 15431256=1, 6891247=3, 8452050=1, 31564171=2, 24482099=2, 29436429=3, 13876489=2, 11802261=5, 9384940=3, 18593476=2, 3420709=5, 2868969=1, 14565433=1, 31379561=1, 23898318=2, 1217723=2, 10226356=5, 17624703=1, 10354357=1, 9350531=2, 8646443=1, 3329585=1, 12701280=1, 4315682=1, 2281904=1, 4903383=1, 29553742=1, 25888556=3, 19966565=2, 26709725=2, 8435527=2, 13529742=1, 11758573=1, 534468=6, 17747241=1, 29809988=1, 27885680=2, 14793574=2, 6340939=1, 18790874=2, 3642513=2, 9864890=2, 21679382=1, 26947316=3, 29702209=3, 28520727=3, 33000724=2, 27666898=4, 21305270=3, 3599756=1, 25839693=1, 13828760=3, 20969327=1, 18385980=2, 10149080=1, 17848884=1, 31857079=4, 15864411=4, 4120285=1, 3905646=2, 29678103=1, 26928030=1, 12103933=2, 3567796=1, 32289619=2, 4720911=6, 32272897=1, 31611366=1, 21708921=1, 10306034=1, 32143832=1, 31336406=4, 1246529=3, 1893185=1, 1199711=1, 32789348=1, 2045200=3, 4852977=4, 22759758=1, 2790377=2, 20941777=2, 16727343=3, 18755564=4, 315883=1, 22069036=2, 20601481=1, 22857124=1, 20744972=2, 7428753=1, 10409639=1, 14418049=5, 12329289=5, 31578983=1, 14041983=1, 25101702=3, 30614704=3, 10394179=2, 24748237=2, 24931857=1, 11838780=2, 3860538=1, 3620439=3, 5971854=3, 8235337=2, 16283255=1, 15669084=3, 9815255=1, 7891463=1, 13204486=1, 20562489=1, 1436514=1, 29720788=2, 3936736=5, 4597003=4, 2143153=2, 3626940=1, 3706595=2, 7314104=2, 23152535=1, 14778622=2, 20558101=2, 18561373=3, 27167984=2, 9586971=1, 1866078=1, 17648388=1, 18229648=4, 31941493=1, 18303109=1, 803625=1, 216963=1, 6287129=1, 26954219=1, 8207004=3, 6486888=1, 14665837=1, 3818747=1, 10080602=1, 32315879=3, 24702744=1, 20960738=1, 16662385=4, 18282678=1, 24807767=2, 16611618=1, 27764113=2, 29374589=9, 1368020=1, 25380775=1, 21133871=1, 33458460=2, 4140556=3, 3938380=5, 33434934=4, 7560652=1, 29919415=2, 25985162=2, 30735876=1, 533948=6, 23690908=1, 9787004=1, 19507070=2, 5923758=1, 31330875=4, 5657909=1, 21476218=2, 30387241=2, 2441700=1, 24912256=5, 12413126=1, 28096569=2, 16019940=1, 17129908=1, 30578879=2, 25586627=1, 25795352=2, 8599068=3, 33254110=1, 23358319=1, 21309218=3, 25654631=1, 9755203=1, 5704446=3, 22185766=2, 1914801=3, 22814926=5, 1390217=3, 3390336=2, 8799909=1, 27812481=1, 21320065=1, 1643950=3, 23156667=1, 25836729=4, 15747512=1, 8249649=1, 5198417=1, 6292467=8, 11974907=2, 6025315=1, 10935370=1, 9320365=4, 10651430=2, 31492233=2, 15597405=1, 24452539=3, 18006550=1, 25490128=1, 3238712=1, 30298481=1, 276213=5, 20174611=1, 3300214=1, 3006148=1, 16762778=1, 15441602=2, 13980968=1, 5006384=1, 11842114=2, 31849999=1, 28474075=1, 2705479=1, 26146555=1, 23691258=1, 3552779=4, 67430=3, 32872638=2, 23474363=4, 20028267=2, 14951424=5, 12113542=1, 31670133=3, 10152487=1, 10303280=3, 24604637=1, 16272132=1, 20813075=2, 2368673=5, 22146134=1, 7013981=3, 33044639=6, 13024122=2, 32897924=1, 19353532=1, 13565836=1, 28669251=1, 32145550=2, 22199761=2, 20902874=1, 4314095=1, 27288312=1, 14326966=2, 30387284=2, 28400157=1, 6903361=1, 28937933=2, 3760346=1, 30069215=1, 14737668=1, 25544914=1, 29774161=1, 23586586=1, 14013836=1, 23131307=1, 10727588=2, 11282572=5, 17313920=6, 29627078=5, 23045594=2, 26789530=1, 6707423=1, 19305187=2, 23623466=1, 32928682=1, 14122614=1, 19778103=1, 18984532=2, 10879009=4, 10388954=2, 778945=1, 13046154=3, 8378199=1, 26379332=2, 6411508=1, 14569716=1, 16904527=1, 3277046=4, 17661587=1, 14471690=1, 4138095=3, 5754508=1, 32584230=3, 21392365=1, 7142380=1, 7826193=1, 25788851=2, 18488009=4, 6936587=1, 10492545=8, 1954231=1, 30894825=1, 11101372=1, 17376209=3, 25745084=1, 11887816=1, 29161097=1, 6671982=1, 17202129=1, 11268457=1, 8662=13, 29161017=1, 21272397=2, 19149379=5, 24771861=1, 5871264=2, 7365738=1, 2756079=4, 29525707=2, 5556684=1, 22022043=7, 7465379=1, 31585208=1, 28740068=2, 15020653=3, 1970854=4, 7840371]=2}&gt; but was:&lt;...Prime: 6 register: {[27650169=1, 21320065=1, 2333579=2, 3938380=5, 19498049=2, 14648257=2, 10354357=1, 30289254=4, 15669084=3, 3022264=4, 8154695=1, 28740068=2, 1131554=1, 7901577=2, 20941777=2, 32928682=1, 5704446=3, 334181=3, 15158952=1, 26908690=2, 28246397=3, 26947316=3, 16480780=1, 13931365=2, 33281079=1, 18936643=1, 6283277=1, 10782621=2, 19872312=3, 4610293=1, 11259827=1, 4314095=1, 17951223=1, 25101702=3, 3238712=1, 32143832=1, 28025650=2, 23364624=2, 26379332=2, 6936587=1, 16283255=1, 25745084=1, 16572619=1, 3620439=3, 31421927=1, 9884162=1, 7428753=1, 9060050=4, 30272217=1, 24452539=3, 3760346=1, 28299184=1, 10718321=2, 11282572=5, 15048498=2, 29408167=2, 9755203=1, 17648388=1, 5754508=1, 495615=2, 29673102=1, 21679382=1, 33077231=2, 23950632=1, 14134737=2, 19507070=2, 933644=4, 2045200=3, 16062417=3, 315883=1, 17376209=3, 13637320=7, 22647635=2, 18296964=3, 33000724=2, 14737668=1, 8119074=1, 5826386=1, 28833247=1, 6425156=4, 3405643=1, 18121459=2, 28325819=7, 9320365=4, 15568558=2, 3788542=1, 1038721=1, 7465379=1, 27885680=2, 1372215=1, 7840371=2, 10336727=2, 9350531=2, 25859540=2, 14149550=1, 1970854=4, 32201471=1, 29484596=1, 18431276=3, 14013836=1, 18662689=1, 20457259=6, 28885888=1, 24807767=2, 7863743=1, 15508835=2, 25288205=1, 17661587=1, 22022043=7, 12611796=1, 12230974=2, 5989981=1, 16796843=1, 16727343=3, 1217723=2, 32539107=2, 28474075=1, 16374482=1, 23307703=2, 13663556=1, 12361296=2, 13046954=3, 19490233=1, 30298481=1, 24968148=1, 6584093=1, 23917073=1, 25711111=1, 52624=1, 29702209=3, 9806441=2, 15864411=4, 18513136=1, 29161017=1, 24748237=2, 19083408=3, 17456579=1, 19256626=1, 23819431=1, 3186137=2, 20427125=2, 10652299=2, 18938452=1, 16846706=3, 21424394=1, 32778645=5, 14389532=2, 3420709=5, 7408747=3, 21476218=2, 17313920=6, 16827262=1, 13483388=2, 22185766=2, 32542287=2, 18921961=2, 4317001=1, 2368673=5, 20601481=1, 3905049=2, 4264350=3, 20426028=2, 5923758=1, 14951424=5, 24454262=3, 67430=3, 8249649=1, 276213=5, 5642187=4, 21419651=1, 23898318=2, 20868969=1, 25490128=1, 19936966=7, 25374223=3, 1957603=1, 11096547=1, 3680683=6, 24771861=1, 23586586=1, 8435527=2, 28505831=1, 26371277=1, 4186863=1, 31849999=1, 5791538=1, 25538950=2, 158824=1, 1390217=3, 878298=1, 15185108=2, 16817643=2, 15260512=1, 22736529=1, 10303280=3, 809552=1, 22654108=2, 25450860=1, 18185133=1, 11949039=1, 27939821=1, 6486888=1, 14778622=2, 1643950=3, 15441602=2, 19466333=3, 4533489=3, 29678103=1, 9602199=2, 23631445=2, 19537853=4, 3434548=1, 24589923=3, 19975203=1, 8279049=1, 29683167=1, 21149216=2, 32468394=1, 16762778=1, 9454186=1, 10247009=1, 2281904=1, 15219009=6, 25380775=1, 28556636=2, 10785257=2, 26655695=2, 1417510=2, 20225860=2, 2997052=2, 3884170=1, 21135778=2, 16611618=1, 16309130=1, 10612335=1, 23664750=3, 11886516=1, 19194940=1, 29720788=2, 21481172=1, 28724198=1, 17236027=3, 1246529=3, 29553742=1, 7826193=1, 18946745=3, 13419786=1, 24702744=1, 5669125=2, 19883740=1, 30100982=1, 8203389=3, 28235861=1, 32545455=2, 19099463=1, 12701280=1, 13413803=2, 18755564=4, 2599387=2, 6287129=1, 14729854=1, 30482857=3, 14565433=1, 21766747=5, 28679234=2, 8378199=1, 27167984=2, 7368684=1, 30894825=1, 18488009=4, 26198487=1, 29161097=1, 21392365=1, 20158642=2, 1722956=1, 8619990=2, 23131307=1, 19028573=1, 24461639=1, 14290382=4, 27604938=3, 803625=1, 21133871=1, 25888556=3, 13529742=1, 29428268=3, 2756079=4, 20558101=2, 10879009=4, 21199871=1, 10339497=1, 3248182=2, 24766497=1, 19241512=2, 14326966=2, 2115787=1, 8662=13, 790183=5, 31006403=3, 6490162=3, 19808333=1, 1077537=1, 2296015=3, 6931468=1, 32856952=1, 10437847=1, 32307561=1, 16608106=1, 9061108=1, 21543075=2, 8599068=3, 4140556=3, 6612335=1, 10388954=2, 29410039=1, 25604657=2, 31718127=1, 20174611=1, 10214193=1, 20969327=1, 13421765=1, 11545278=7, 25904766=1, 30966317=2, 10149080=1, 11569212=2, 13051755=3, 3427116=1, 26493898=1, 27255506=1, 32897924=1, 24931857=1, 19718914=1, 15597405=1, 25270145=2, 29627078=5, 31178939=1, 11153300=4, 20450018=6, 15492104=1, 4092344=1, 22258061=2, 19540879=4, 5156073=2, 5689115=1, 13204486=1, 20035414=2, 347821=1, 9108989=1, 23691258=1, 6891247=3, 3300214=1, 18987303=2, 25985162=2, 21922110=2, 9085272=2, 5680476=2, 1368020=1, 23462956=4, 24790713=1, 7365738=1, 19183394=2, 30893179=1, 20562489=1, 4852977=4, 6624812=3, 8207004=3, 31222548=1, 3599756=1, 19821001=1, 9276741=2, 32740660=2, 30820872=1, 3006148=1, 3936736=5, 17747241=1, 24678827=2, 30616490=3, 18669571=1, 19709959=1, 26146555=1, 10080602=1, 22146134=1, 13565836=1, 8145904=1, 4120285=1, 32315879=3, 13926130=1, 11974907=2, 19778103=1, 17752548=1, 31330875=4, 27884274=1, 30140733=1, 17418670=1, 2143153=2, 26549182=3, 15496522=1, 5793846=1, 25492663=1, 3474924=3, 672736=1, 31336406=4, 16486735=2, 27812481=1, 7635837=2, 28400157=1, 8235337=2, 5198417=1, 8753047=2, 17595255=1, 4437904=2, 22814926=5, 18593476=2, 19208194=3, 9815255=1, 33417461=1, 10268271=2, 6411508=1, 6120763=1, 16609009=1, 9915509=1, 4315682=1, 25759910=3, 28147649=1, 5379721=4, 14793574=2, 27654901=1, 3446915=2, 25836729=4, 22388758=2, 12113542=1, 9864890=2, 6292467=8, 25974755=1, 10727588=2, 18385980=2, 3552779=4, 14201973=2, 28925022=1, 21113131=4, 18894894=1, 32272897=1, 3010020=1, 10383898=1, 26736940=1, 12584805=9, 26863629=1, 11434684=1, 27555550=1, 31857079=4, 11568947=2, 20028267=2, 17274874=2, 1373698=1, 19149379=5, 14122614=1, 18079652=1, 3626940=1, 22792096=1, 3567796=1, 32289619=2, 31585208=1, 2889604=5, 29774161=1, 17240880=3, 29525707=2, 16450439=3, 9972381=6, 16780673=11, 24482099=2, 22363432=3, 27666898=4, 1954231=1, 24349623=2, 12413126=1, 18984532=2, 16443778=1, 22064241=2, 7377976=2, 28623498=1, 13299691=1, 13046154=3, 19353532=1, 4743697=1, 16710281=1, 32999760=2, 26313356=2, 7484059=4, 29374589=9, 3077805=1, 25343602=2, 18282678=1, 16272132=1, 32584230=3, 23690908=1, 10640981=1, 23420749=1, 14856403=2, 22092837=3, 31611366=1, 11504357=2, 21708921=1, 3360039=1, 28966879=1, 3027916=4, 6671982=1, 17202129=1, 3860538=1, 23663882=3, 19000634=1, 17296714=1, 2939703=1, 25544914=1, 27500555=2, 7420292=3, 27764113=2, 5059087=3, 31941493=1, 22826162=1, 25848394=1, 12158239=2, 6416091=1, 24912256=5, 30387284=2, 26928030=1, 4892119=2, 7932822=3, 20138287=1, 2239074=4, 24384135=5, 31492233=2, 12969560=1, 28520727=3, 19610286=3, 4887496=2, 8452050=1, 1478018=2, 19966565=2, 23156667=1, 1199711=1, 10935370=1, 4138095=3, 25805530=1, 5454827=3, 22199377=2, 7891463=1, 15216383=6, 19462732=1, 4597003=4, 5131803=1, 23418199=1, 26671837=1, 11819696=1, 14665837=1, 21305270=3, 11758573=1, 10685787=3, 10039069=3, 26709725=2, 9220035=2, 12329289=5, 938516=1, 1866078=1, 20362950=2, 12287293=1, 18561373=3, 12919407=3, 7560652=1, 30069215=1, 2790377=2, 21175039=3, 17088571=1, 9806322=2, 422657=1, 26853016=2, 18635104=1, 15489676=1, 29017635=1, 28937933=2, 7142380=1, 5971854=3, 24604637=1, 27224383=1, 2375399=5, 1914801=3, 13980968=1, 22759758=1, 26726904=1, 9846806=1, 1166322=1, 9182800=5, 12395880=3, 19176454=2, 15538445=3, 216963=1, 11838780=2, 18006550=1, 8090708=1, 2770418=1, 2865604=2, 13024122=2, 30038246=1, 9969890=6, 6340939=1, 13209352=2, 30719604=2, 16898309=1, 15741376=7, 26647300=2, 6186326=1, 8563335=2, 10394179=2, 534468=6, 7314104=2, 31379561=1, 31689665=2, 30578879=2, 26789100=1, 28025468=2, 3277046=4, 8646443=1, 23493428=1, 3642513=2, 9586971=1, 25091884=1, 28096569=2, 5131351=1, 31578983=1, 18790874=2, 22199761=2, 33345751=1, 14418049=5, 25617429=1, 32236574=1, 25788851=2, 20448057=6, 27288312=1, 7233204=1, 10226356=5, 831936=2, 13422190=1, 9916521=1, 17624703=1, 20234602=1, 1750127=2, 5598046=1, 19737389=3, 203290=3, 25839693=1, 26857426=1, 30054762=2, 9554449=1, 10152487=1, 3318760=2, 11185401=2, 23810866=1, 16542688=1, 13828760=3, 15020653=3, 533948=6, 5871264=2, 12103933=2, 20960738=1, 23220662=1, 13033582=1, 736431=3, 5002649=1, 14901648=1, 3905646=2, 14231219=3, 27170188=2, 15179569=2, 21725365=2, 3528908=1, 20902874=1, 19618283=1, 26733042=1, 13743999=2, 28943167=2, 9203677=1, 20464339=1, 26089769=4, 6025315=1, 3719436=1, 11101372=1, 23301762=2, 32872638=2, 2868969=1, 28669251=1, 29565180=3, 3818747=1, 4829866=2, 10988500=2, 14041983=1, 16662385=4, 9834845=4, 5556684=1, 10390739=2, 11569032=2, 3706595=2, 25771275=3, 2131587=2, 30735876=1, 17979387=1, 26954219=1, 4903383=1, 19856081=1, 10098974=4, 18683583=3, 33434934=4, 11842114=2, 4977763=1, 16483609=2, 5006384=1, 23474363=4, 26098852=4, 811851=1, 21272397=2, 16622601=2, 22594220=1, 33434591=4, 7488434=1, 16639393=1, 21138070=2, 10825247=3, 29895499=6, 15747512=1, 19787814=1, 507367=2, 12160070=2, 26534467=1, 11739532=3, 2441700=1, 26070930=1, 17848884=1, 1571379=1, 25654631=1, 4200024=9, 6039185=5, 2792020=2, 21309218=3, 25767217=3, 30387241=2, 31690849=2, 4291549=1, 16678311=1, 32449417=3, 20771437=1, 25855402=2, 5657909=1, 27587289=1, 2056884=1, 7013981=3, 14569716=1, 19305187=2, 3896174=1, 31564171=2, 32033626=1, 778945=1, 29436429=3, 16904527=1, 10651430=2, 11140905=1, 5670807=2, 24333225=1, 20744972=2, 16793438=11, 28861691=1, 25586627=1, 31670133=3, 11442332=2, 3290032=4, 14158065=6, 15984220=1, 31663252=3, 5740168=2, 30245420=2, 8301409=2, 3329585=1, 12221580=1, 8799909=1, 26789530=1, 27452930=1, 2705479=1, 19714260=1, 16254931=6, 27179113=2, 3390336=2, 28994899=1, 25219641=1, 446722=1, 33044639=6, 20813075=2, 335570=3, 5916690=1, 32145550=2, 13959700=3, 8604248=1, 4866458=1, 1893185=1, 19580935=1, 18303109=1, 23152535=1, 11793246=1, 22924848=1, 26178412=1, 10896791=1, 33458460=2, 25795352=2, 29777509=1, 17629923=3, 9820600=1, 23358319=1, 9787004=1, 11802261=5, 31943195=1, 9384940=3, 31252924=1, 17859736=2, 4720911=6, 22857124=1, 33254110=1, 26741062=6, 11887816=1, 23045594=2, 8174444=2, 26945891=3, 6984347=2, 29919415=2, 16137063=4, 19445322=2, 24281916=2, 15976828=1, 17129908=1, 12198816=4, 23623466=1, 16019940=1, 30614704=3, 22069036=2, 11268457=1, 33342019=1, 15337393=4, 26551362=3, 6903361=1, 23773487=1, 14471690=1, 6707423=1, 4526222=3, 18229648=4, 1013179=1, 29410793=1, 32789348=1, 4096710=2, 1436514=1, 10492545=8, 30246010=2, 29809988=1, 28875498=2, 13876489=2, 23053728=1, 16799755=1, 27772031=1, 3365706=1, 15431256=1, 10192172=2, 10409639=1, 10306034=1, 9522425=1, 14324180]=2}&gt;" type="org.junit.ComparisonFailure"><![CDATA[org.junit.ComparisonFailure: expected:<...Prime: 6 register: {[5598046=1, 18946745=3, 27587289=1, 31943195=1, 13046954=3, 13033582=1, 12158239=2, 31689665=2, 23631445=2, 17979387=1, 22826162=1, 26198487=1, 15216383=6, 18431276=3, 7368684=1, 22092837=3, 32856952=1, 32545455=2, 28994899=1, 8154695=1, 9602199=2, 4264350=3, 27452930=1, 16374482=1, 24790713=1, 15538445=3, 29565180=3, 32468394=1, 8090708=1, 13959700=3, 2599387=2, 27255506=1, 23917073=1, 22258061=2, 5059087=3, 2889604=5, 26070930=1, 5791538=1, 17456579=1, 4829866=2, 26733042=1, 17595255=1, 5689115=1, 3896174=1, 33345751=1, 27604938=3, 16817643=2, 5826386=1, 28325819=7, 24766497=1, 2792020=2, 15489676=1, 2333579=2, 21175039=3, 29777509=1, 2115787=1, 9085272=2, 21543075=2, 2939703=1, 1417510=2, 20426028=2, 7901577=2, 24281916=2, 25538950=2, 3788542=1, 4887496=2, 12395880=3, 31222548=1, 30038246=1, 3680683=6, 10718321=2, 5156073=2, 28025468=2, 7488434=1, 9846806=1, 19714260=1, 22792096=1, 15496522=1, 5740168=2, 3719436=1, 11153300=4, 6984347=2, 25219641=1, 3186137=2, 1571379=1, 19975203=1, 18079652=1, 18683583=3, 4977763=1, 17418670=1, 20771437=1, 14901648=1, 19176454=2, 20448057=6, 18669571=1, 19709959=1, 16796843=1, 30482857=3, 32033626=1, 28505831=1, 10685787=3, 14290382=4, 29428268=3, 19856081=1, 13637320=7, 3077805=1, 15492104=1, 3248182=2, 9915509=1, 12221580=1, 24349623=2, 27939821=1, 5669125=2, 26098852=4, 17236027=3, 10437847=1, 6416091=1, 23462956=4, 9806322=2, 26741062=6, 21199871=1, 32201471=1, 790183=5, 6490162=3, 15185108=2, 17274874=2, 10652299=2, 16678311=1, 25288205=1, 19718914=1, 20457259=6, 3290032=4, 11819696=1, 21138070=2, 16137063=4, 24968148=1, 29673102=1, 334181=3, 1478018=2, 8174444=2, 3027916=4, 30616490=3, 1373698=1, 16639393=1, 15219009=6, 9203677=1, 13421765=1, 25859540=2, 28925022=1, 23773487=1, 10098974=4, 4096710=2, 30719604=2, 16608106=1, 9969890=6, 933644=4, 2997052=2, 11434684=1, 17951223=1, 19194940=1, 203290=3, 4200024=9, 26313356=2, 11096547=1, 28885888=1, 18894894=1, 27650169=1, 10896791=1, 4291549=1, 16609009=1, 26945891=3, 5642187=4, 18121459=2, 16799755=1, 15984220=1, 29484596=1, 12198816=4, 19490233=1, 6931468=1, 30100982=1, 26857426=1, 24589923=3, 31663252=3, 4892119=2, 11568947=2, 347821=1, 26551362=3, 23950632=1, 12160070=2, 9884162=1, 26853016=2, 9834845=4, 19498049=2, 2131587=2, 25848394=1, 27555550=1, 6584093=1, 3884170=1, 25091884=1, 15976828=1, 13422190=1, 11739532=3, 10268271=2, 13931365=2, 3010020=1, 32542287=2, 17240880=3, 811851=1, 10988500=2, 2375399=5, 23418199=1, 5131351=1, 19208194=3, 335570=3, 9972381=6, 19580935=1, 22388758=2, 22647635=2, 9060050=4, 16793438=11, 32236574=1, 6283277=1, 14729854=1, 12584805=9, 11949039=1, 20158642=2, 23420749=1, 3905049=2, 10825247=3, 11185401=2, 13419786=1, 28246397=3, 1372215=1, 15741376=7, 18987303=2, 31690849=2, 14856403=2, 3022264=4, 26493898=1, 8119074=1, 10336727=2, 4186863=1, 4092344=1, 27884274=1, 21113131=4, 13926130=1, 28025650=2, 12230974=2, 23810866=1, 13299691=1, 24678827=2, 13051755=3, 11886516=1, 11259827=1, 14389532=2, 4317001=1, 16450439=3, 15048498=2, 9522425=1, 11140905=1, 9454186=1, 2056884=1, 4866458=1, 809552=1, 1013179=1, 6039185=5, 672736=1, 8203389=3, 23493428=1, 23364624=2, 15179569=2, 28299184=1, 19537853=4, 25771275=3, 9820600=1, 25374223=3, 26863629=1, 17752548=1, 17296714=1, 9276741=2, 158824=1, 16572619=1, 11504357=2, 25270145=2, 30893179=1, 8619990=2, 8604248=1, 19445322=2, 878298=1, 2865604=2, 736431=3, 15337393=4, 3318760=2, 25604657=2, 15568558=2, 25492663=1, 19083408=3, 29683167=1, 14324180=2, 20234602=1, 21481172=1, 7420292=3, 16622601=2, 16898309=1, 21419651=1, 6624812=3, 14149550=1, 31421927=1, 15158952=1, 26726904=1, 28235861=1, 20427125=2, 15260512=1, 20225860=2, 23307703=2, 26178412=1, 24461639=1, 28833247=1, 10390739=2, 2770418=1, 24333225=1, 13413803=2, 26789100=1, 20464339=1, 19872312=3, 9916521=1, 446722=1, 5131803=1, 16486735=2, 23301762=2, 2239074=4, 25904766=1, 10039069=3, 26549182=3, 10214193=1, 30054762=2, 7863743=1, 4610293=1, 3474924=3, 19183394=2, 26647300=2, 10383898=1, 19256626=1, 12361296=2, 16780673=11, 4526222=3, 19787814=1, 20138287=1, 19466333=3, 28556636=2, 31718127=1, 19540879=4, 26371277=1, 28943167=2, 25805530=1, 4533489=3, 3360039=1, 11569032=2, 5670807=2, 32778645=5, 28861691=1, 23663882=3, 28679234=2, 20450018=6, 10782621=2, 27654901=1, 33434591=4, 8563335=2, 26736940=1, 26089769=4, 507367=2, 8279049=1, 1722956=1, 11793246=1, 12969560=1, 17629923=3, 30820872=1, 9220035=2, 6612335=1, 10612335=1, 27772031=1, 16062417=3, 18662689=1, 21149216=2, 7408747=3, 23053728=1, 25711111=1, 26671837=1, 5002649=1, 25343602=2, 19936966=7, 28724198=1, 28875498=2, 20868969=1, 3434548=1, 29408167=2, 18513136=1, 22594220=1, 16542688=1, 22199377=2, 30246010=2, 4437904=2, 14158065=6, 18936643=1, 19462732=1, 27170188=2, 10247009=1, 9061108=1, 13743999=2, 25617429=1, 27224383=1, 52624=1, 16483609=2, 14231219=3, 5680476=2, 30140733=1, 5379721=4, 19000634=1, 29410039=1, 3528908=1, 14201973=2, 23819431=1, 31006403=3, 29410793=1, 5989981=1, 19028573=1, 29017635=1, 18938452=1, 1131554=1, 495615=2, 33077231=2, 19241512=2, 7484059=4, 26655695=2, 18185133=1, 21424394=1, 11569212=2, 8301409=2, 7635837=2, 7932822=3, 19610286=3, 1750127=2, 33342019=1, 27179113=2, 10785257=2, 32449417=3, 1038721=1, 19821001=1, 17859736=2, 32539107=2, 19099463=1, 16827262=1, 23664750=3, 9108989=1, 5793846=1, 25855402=2, 6120763=1, 938516=1, 8145904=1, 30272217=1, 28623498=1, 7233204=1, 26908690=2, 22924848=1, 16710281=1, 21135778=2, 22654108=2, 32740660=2, 3365706=1, 3427116=1, 18296964=3, 11545278=7, 25974755=1, 21922110=2, 30245420=2, 25759910=3, 20362950=2, 7377976=2, 25450860=1, 13483388=2, 3405643=1, 21766747=5, 30289254=4, 19883740=1, 19737389=3, 1077537=1, 6186326=1, 12919407=3, 9182800=5, 19618283=1, 30966317=2, 16846706=3, 10192172=2, 20035414=2, 16443778=1, 422657=1, 28966879=1, 22363432=3, 2296015=3, 9554449=1, 19808333=1, 33417461=1, 14134737=2, 5454827=3, 12287293=1, 18635104=1, 16254931=6, 1957603=1, 4743697=1, 32307561=1, 28147649=1, 10640981=1, 18921961=2, 27500555=2, 10339497=1, 12611796=1, 31178939=1, 5916690=1, 21725365=2, 24454262=3, 24384135=5, 11442332=2, 1166322=1, 15508835=2, 23220662=1, 8753047=2, 831936=2, 29895499=6, 33281079=1, 31252924=1, 22064241=2, 13663556=1, 25767217=3, 14648257=2, 6425156=4, 17088571=1, 32999760=2, 16309130=1, 13209352=2, 22736529=1, 3446915=2, 26534467=1, 16480780=1, 9806441=2, 15431256=1, 6891247=3, 8452050=1, 31564171=2, 24482099=2, 29436429=3, 13876489=2, 11802261=5, 9384940=3, 18593476=2, 3420709=5, 2868969=1, 14565433=1, 31379561=1, 23898318=2, 1217723=2, 10226356=5, 17624703=1, 10354357=1, 9350531=2, 8646443=1, 3329585=1, 12701280=1, 4315682=1, 2281904=1, 4903383=1, 29553742=1, 25888556=3, 19966565=2, 26709725=2, 8435527=2, 13529742=1, 11758573=1, 534468=6, 17747241=1, 29809988=1, 27885680=2, 14793574=2, 6340939=1, 18790874=2, 3642513=2, 9864890=2, 21679382=1, 26947316=3, 29702209=3, 28520727=3, 33000724=2, 27666898=4, 21305270=3, 3599756=1, 25839693=1, 13828760=3, 20969327=1, 18385980=2, 10149080=1, 17848884=1, 31857079=4, 15864411=4, 4120285=1, 3905646=2, 29678103=1, 26928030=1, 12103933=2, 3567796=1, 32289619=2, 4720911=6, 32272897=1, 31611366=1, 21708921=1, 10306034=1, 32143832=1, 31336406=4, 1246529=3, 1893185=1, 1199711=1, 32789348=1, 2045200=3, 4852977=4, 22759758=1, 2790377=2, 20941777=2, 16727343=3, 18755564=4, 315883=1, 22069036=2, 20601481=1, 22857124=1, 20744972=2, 7428753=1, 10409639=1, 14418049=5, 12329289=5, 31578983=1, 14041983=1, 25101702=3, 30614704=3, 10394179=2, 24748237=2, 24931857=1, 11838780=2, 3860538=1, 3620439=3, 5971854=3, 8235337=2, 16283255=1, 15669084=3, 9815255=1, 7891463=1, 13204486=1, 20562489=1, 1436514=1, 29720788=2, 3936736=5, 4597003=4, 2143153=2, 3626940=1, 3706595=2, 7314104=2, 23152535=1, 14778622=2, 20558101=2, 18561373=3, 27167984=2, 9586971=1, 1866078=1, 17648388=1, 18229648=4, 31941493=1, 18303109=1, 803625=1, 216963=1, 6287129=1, 26954219=1, 8207004=3, 6486888=1, 14665837=1, 3818747=1, 10080602=1, 32315879=3, 24702744=1, 20960738=1, 16662385=4, 18282678=1, 24807767=2, 16611618=1, 27764113=2, 29374589=9, 1368020=1, 25380775=1, 21133871=1, 33458460=2, 4140556=3, 3938380=5, 33434934=4, 7560652=1, 29919415=2, 25985162=2, 30735876=1, 533948=6, 23690908=1, 9787004=1, 19507070=2, 5923758=1, 31330875=4, 5657909=1, 21476218=2, 30387241=2, 2441700=1, 24912256=5, 12413126=1, 28096569=2, 16019940=1, 17129908=1, 30578879=2, 25586627=1, 25795352=2, 8599068=3, 33254110=1, 23358319=1, 21309218=3, 25654631=1, 9755203=1, 5704446=3, 22185766=2, 1914801=3, 22814926=5, 1390217=3, 3390336=2, 8799909=1, 27812481=1, 21320065=1, 1643950=3, 23156667=1, 25836729=4, 15747512=1, 8249649=1, 5198417=1, 6292467=8, 11974907=2, 6025315=1, 10935370=1, 9320365=4, 10651430=2, 31492233=2, 15597405=1, 24452539=3, 18006550=1, 25490128=1, 3238712=1, 30298481=1, 276213=5, 20174611=1, 3300214=1, 3006148=1, 16762778=1, 15441602=2, 13980968=1, 5006384=1, 11842114=2, 31849999=1, 28474075=1, 2705479=1, 26146555=1, 23691258=1, 3552779=4, 67430=3, 32872638=2, 23474363=4, 20028267=2, 14951424=5, 12113542=1, 31670133=3, 10152487=1, 10303280=3, 24604637=1, 16272132=1, 20813075=2, 2368673=5, 22146134=1, 7013981=3, 33044639=6, 13024122=2, 32897924=1, 19353532=1, 13565836=1, 28669251=1, 32145550=2, 22199761=2, 20902874=1, 4314095=1, 27288312=1, 14326966=2, 30387284=2, 28400157=1, 6903361=1, 28937933=2, 3760346=1, 30069215=1, 14737668=1, 25544914=1, 29774161=1, 23586586=1, 14013836=1, 23131307=1, 10727588=2, 11282572=5, 17313920=6, 29627078=5, 23045594=2, 26789530=1, 6707423=1, 19305187=2, 23623466=1, 32928682=1, 14122614=1, 19778103=1, 18984532=2, 10879009=4, 10388954=2, 778945=1, 13046154=3, 8378199=1, 26379332=2, 6411508=1, 14569716=1, 16904527=1, 3277046=4, 17661587=1, 14471690=1, 4138095=3, 5754508=1, 32584230=3, 21392365=1, 7142380=1, 7826193=1, 25788851=2, 18488009=4, 6936587=1, 10492545=8, 1954231=1, 30894825=1, 11101372=1, 17376209=3, 25745084=1, 11887816=1, 29161097=1, 6671982=1, 17202129=1, 11268457=1, 8662=13, 29161017=1, 21272397=2, 19149379=5, 24771861=1, 5871264=2, 7365738=1, 2756079=4, 29525707=2, 5556684=1, 22022043=7, 7465379=1, 31585208=1, 28740068=2, 15020653=3, 1970854=4, 7840371]=2}> but was:<...Prime: 6 register: {[27650169=1, 21320065=1, 2333579=2, 3938380=5, 19498049=2, 14648257=2, 10354357=1, 30289254=4, 15669084=3, 3022264=4, 8154695=1, 28740068=2, 1131554=1, 7901577=2, 20941777=2, 32928682=1, 5704446=3, 334181=3, 15158952=1, 26908690=2, 28246397=3, 26947316=3, 16480780=1, 13931365=2, 33281079=1, 18936643=1, 6283277=1, 10782621=2, 19872312=3, 4610293=1, 11259827=1, 4314095=1, 17951223=1, 25101702=3, 3238712=1, 32143832=1, 28025650=2, 23364624=2, 26379332=2, 6936587=1, 16283255=1, 25745084=1, 16572619=1, 3620439=3, 31421927=1, 9884162=1, 7428753=1, 9060050=4, 30272217=1, 24452539=3, 3760346=1, 28299184=1, 10718321=2, 11282572=5, 15048498=2, 29408167=2, 9755203=1, 17648388=1, 5754508=1, 495615=2, 29673102=1, 21679382=1, 33077231=2, 23950632=1, 14134737=2, 19507070=2, 933644=4, 2045200=3, 16062417=3, 315883=1, 17376209=3, 13637320=7, 22647635=2, 18296964=3, 33000724=2, 14737668=1, 8119074=1, 5826386=1, 28833247=1, 6425156=4, 3405643=1, 18121459=2, 28325819=7, 9320365=4, 15568558=2, 3788542=1, 1038721=1, 7465379=1, 27885680=2, 1372215=1, 7840371=2, 10336727=2, 9350531=2, 25859540=2, 14149550=1, 1970854=4, 32201471=1, 29484596=1, 18431276=3, 14013836=1, 18662689=1, 20457259=6, 28885888=1, 24807767=2, 7863743=1, 15508835=2, 25288205=1, 17661587=1, 22022043=7, 12611796=1, 12230974=2, 5989981=1, 16796843=1, 16727343=3, 1217723=2, 32539107=2, 28474075=1, 16374482=1, 23307703=2, 13663556=1, 12361296=2, 13046954=3, 19490233=1, 30298481=1, 24968148=1, 6584093=1, 23917073=1, 25711111=1, 52624=1, 29702209=3, 9806441=2, 15864411=4, 18513136=1, 29161017=1, 24748237=2, 19083408=3, 17456579=1, 19256626=1, 23819431=1, 3186137=2, 20427125=2, 10652299=2, 18938452=1, 16846706=3, 21424394=1, 32778645=5, 14389532=2, 3420709=5, 7408747=3, 21476218=2, 17313920=6, 16827262=1, 13483388=2, 22185766=2, 32542287=2, 18921961=2, 4317001=1, 2368673=5, 20601481=1, 3905049=2, 4264350=3, 20426028=2, 5923758=1, 14951424=5, 24454262=3, 67430=3, 8249649=1, 276213=5, 5642187=4, 21419651=1, 23898318=2, 20868969=1, 25490128=1, 19936966=7, 25374223=3, 1957603=1, 11096547=1, 3680683=6, 24771861=1, 23586586=1, 8435527=2, 28505831=1, 26371277=1, 4186863=1, 31849999=1, 5791538=1, 25538950=2, 158824=1, 1390217=3, 878298=1, 15185108=2, 16817643=2, 15260512=1, 22736529=1, 10303280=3, 809552=1, 22654108=2, 25450860=1, 18185133=1, 11949039=1, 27939821=1, 6486888=1, 14778622=2, 1643950=3, 15441602=2, 19466333=3, 4533489=3, 29678103=1, 9602199=2, 23631445=2, 19537853=4, 3434548=1, 24589923=3, 19975203=1, 8279049=1, 29683167=1, 21149216=2, 32468394=1, 16762778=1, 9454186=1, 10247009=1, 2281904=1, 15219009=6, 25380775=1, 28556636=2, 10785257=2, 26655695=2, 1417510=2, 20225860=2, 2997052=2, 3884170=1, 21135778=2, 16611618=1, 16309130=1, 10612335=1, 23664750=3, 11886516=1, 19194940=1, 29720788=2, 21481172=1, 28724198=1, 17236027=3, 1246529=3, 29553742=1, 7826193=1, 18946745=3, 13419786=1, 24702744=1, 5669125=2, 19883740=1, 30100982=1, 8203389=3, 28235861=1, 32545455=2, 19099463=1, 12701280=1, 13413803=2, 18755564=4, 2599387=2, 6287129=1, 14729854=1, 30482857=3, 14565433=1, 21766747=5, 28679234=2, 8378199=1, 27167984=2, 7368684=1, 30894825=1, 18488009=4, 26198487=1, 29161097=1, 21392365=1, 20158642=2, 1722956=1, 8619990=2, 23131307=1, 19028573=1, 24461639=1, 14290382=4, 27604938=3, 803625=1, 21133871=1, 25888556=3, 13529742=1, 29428268=3, 2756079=4, 20558101=2, 10879009=4, 21199871=1, 10339497=1, 3248182=2, 24766497=1, 19241512=2, 14326966=2, 2115787=1, 8662=13, 790183=5, 31006403=3, 6490162=3, 19808333=1, 1077537=1, 2296015=3, 6931468=1, 32856952=1, 10437847=1, 32307561=1, 16608106=1, 9061108=1, 21543075=2, 8599068=3, 4140556=3, 6612335=1, 10388954=2, 29410039=1, 25604657=2, 31718127=1, 20174611=1, 10214193=1, 20969327=1, 13421765=1, 11545278=7, 25904766=1, 30966317=2, 10149080=1, 11569212=2, 13051755=3, 3427116=1, 26493898=1, 27255506=1, 32897924=1, 24931857=1, 19718914=1, 15597405=1, 25270145=2, 29627078=5, 31178939=1, 11153300=4, 20450018=6, 15492104=1, 4092344=1, 22258061=2, 19540879=4, 5156073=2, 5689115=1, 13204486=1, 20035414=2, 347821=1, 9108989=1, 23691258=1, 6891247=3, 3300214=1, 18987303=2, 25985162=2, 21922110=2, 9085272=2, 5680476=2, 1368020=1, 23462956=4, 24790713=1, 7365738=1, 19183394=2, 30893179=1, 20562489=1, 4852977=4, 6624812=3, 8207004=3, 31222548=1, 3599756=1, 19821001=1, 9276741=2, 32740660=2, 30820872=1, 3006148=1, 3936736=5, 17747241=1, 24678827=2, 30616490=3, 18669571=1, 19709959=1, 26146555=1, 10080602=1, 22146134=1, 13565836=1, 8145904=1, 4120285=1, 32315879=3, 13926130=1, 11974907=2, 19778103=1, 17752548=1, 31330875=4, 27884274=1, 30140733=1, 17418670=1, 2143153=2, 26549182=3, 15496522=1, 5793846=1, 25492663=1, 3474924=3, 672736=1, 31336406=4, 16486735=2, 27812481=1, 7635837=2, 28400157=1, 8235337=2, 5198417=1, 8753047=2, 17595255=1, 4437904=2, 22814926=5, 18593476=2, 19208194=3, 9815255=1, 33417461=1, 10268271=2, 6411508=1, 6120763=1, 16609009=1, 9915509=1, 4315682=1, 25759910=3, 28147649=1, 5379721=4, 14793574=2, 27654901=1, 3446915=2, 25836729=4, 22388758=2, 12113542=1, 9864890=2, 6292467=8, 25974755=1, 10727588=2, 18385980=2, 3552779=4, 14201973=2, 28925022=1, 21113131=4, 18894894=1, 32272897=1, 3010020=1, 10383898=1, 26736940=1, 12584805=9, 26863629=1, 11434684=1, 27555550=1, 31857079=4, 11568947=2, 20028267=2, 17274874=2, 1373698=1, 19149379=5, 14122614=1, 18079652=1, 3626940=1, 22792096=1, 3567796=1, 32289619=2, 31585208=1, 2889604=5, 29774161=1, 17240880=3, 29525707=2, 16450439=3, 9972381=6, 16780673=11, 24482099=2, 22363432=3, 27666898=4, 1954231=1, 24349623=2, 12413126=1, 18984532=2, 16443778=1, 22064241=2, 7377976=2, 28623498=1, 13299691=1, 13046154=3, 19353532=1, 4743697=1, 16710281=1, 32999760=2, 26313356=2, 7484059=4, 29374589=9, 3077805=1, 25343602=2, 18282678=1, 16272132=1, 32584230=3, 23690908=1, 10640981=1, 23420749=1, 14856403=2, 22092837=3, 31611366=1, 11504357=2, 21708921=1, 3360039=1, 28966879=1, 3027916=4, 6671982=1, 17202129=1, 3860538=1, 23663882=3, 19000634=1, 17296714=1, 2939703=1, 25544914=1, 27500555=2, 7420292=3, 27764113=2, 5059087=3, 31941493=1, 22826162=1, 25848394=1, 12158239=2, 6416091=1, 24912256=5, 30387284=2, 26928030=1, 4892119=2, 7932822=3, 20138287=1, 2239074=4, 24384135=5, 31492233=2, 12969560=1, 28520727=3, 19610286=3, 4887496=2, 8452050=1, 1478018=2, 19966565=2, 23156667=1, 1199711=1, 10935370=1, 4138095=3, 25805530=1, 5454827=3, 22199377=2, 7891463=1, 15216383=6, 19462732=1, 4597003=4, 5131803=1, 23418199=1, 26671837=1, 11819696=1, 14665837=1, 21305270=3, 11758573=1, 10685787=3, 10039069=3, 26709725=2, 9220035=2, 12329289=5, 938516=1, 1866078=1, 20362950=2, 12287293=1, 18561373=3, 12919407=3, 7560652=1, 30069215=1, 2790377=2, 21175039=3, 17088571=1, 9806322=2, 422657=1, 26853016=2, 18635104=1, 15489676=1, 29017635=1, 28937933=2, 7142380=1, 5971854=3, 24604637=1, 27224383=1, 2375399=5, 1914801=3, 13980968=1, 22759758=1, 26726904=1, 9846806=1, 1166322=1, 9182800=5, 12395880=3, 19176454=2, 15538445=3, 216963=1, 11838780=2, 18006550=1, 8090708=1, 2770418=1, 2865604=2, 13024122=2, 30038246=1, 9969890=6, 6340939=1, 13209352=2, 30719604=2, 16898309=1, 15741376=7, 26647300=2, 6186326=1, 8563335=2, 10394179=2, 534468=6, 7314104=2, 31379561=1, 31689665=2, 30578879=2, 26789100=1, 28025468=2, 3277046=4, 8646443=1, 23493428=1, 3642513=2, 9586971=1, 25091884=1, 28096569=2, 5131351=1, 31578983=1, 18790874=2, 22199761=2, 33345751=1, 14418049=5, 25617429=1, 32236574=1, 25788851=2, 20448057=6, 27288312=1, 7233204=1, 10226356=5, 831936=2, 13422190=1, 9916521=1, 17624703=1, 20234602=1, 1750127=2, 5598046=1, 19737389=3, 203290=3, 25839693=1, 26857426=1, 30054762=2, 9554449=1, 10152487=1, 3318760=2, 11185401=2, 23810866=1, 16542688=1, 13828760=3, 15020653=3, 533948=6, 5871264=2, 12103933=2, 20960738=1, 23220662=1, 13033582=1, 736431=3, 5002649=1, 14901648=1, 3905646=2, 14231219=3, 27170188=2, 15179569=2, 21725365=2, 3528908=1, 20902874=1, 19618283=1, 26733042=1, 13743999=2, 28943167=2, 9203677=1, 20464339=1, 26089769=4, 6025315=1, 3719436=1, 11101372=1, 23301762=2, 32872638=2, 2868969=1, 28669251=1, 29565180=3, 3818747=1, 4829866=2, 10988500=2, 14041983=1, 16662385=4, 9834845=4, 5556684=1, 10390739=2, 11569032=2, 3706595=2, 25771275=3, 2131587=2, 30735876=1, 17979387=1, 26954219=1, 4903383=1, 19856081=1, 10098974=4, 18683583=3, 33434934=4, 11842114=2, 4977763=1, 16483609=2, 5006384=1, 23474363=4, 26098852=4, 811851=1, 21272397=2, 16622601=2, 22594220=1, 33434591=4, 7488434=1, 16639393=1, 21138070=2, 10825247=3, 29895499=6, 15747512=1, 19787814=1, 507367=2, 12160070=2, 26534467=1, 11739532=3, 2441700=1, 26070930=1, 17848884=1, 1571379=1, 25654631=1, 4200024=9, 6039185=5, 2792020=2, 21309218=3, 25767217=3, 30387241=2, 31690849=2, 4291549=1, 16678311=1, 32449417=3, 20771437=1, 25855402=2, 5657909=1, 27587289=1, 2056884=1, 7013981=3, 14569716=1, 19305187=2, 3896174=1, 31564171=2, 32033626=1, 778945=1, 29436429=3, 16904527=1, 10651430=2, 11140905=1, 5670807=2, 24333225=1, 20744972=2, 16793438=11, 28861691=1, 25586627=1, 31670133=3, 11442332=2, 3290032=4, 14158065=6, 15984220=1, 31663252=3, 5740168=2, 30245420=2, 8301409=2, 3329585=1, 12221580=1, 8799909=1, 26789530=1, 27452930=1, 2705479=1, 19714260=1, 16254931=6, 27179113=2, 3390336=2, 28994899=1, 25219641=1, 446722=1, 33044639=6, 20813075=2, 335570=3, 5916690=1, 32145550=2, 13959700=3, 8604248=1, 4866458=1, 1893185=1, 19580935=1, 18303109=1, 23152535=1, 11793246=1, 22924848=1, 26178412=1, 10896791=1, 33458460=2, 25795352=2, 29777509=1, 17629923=3, 9820600=1, 23358319=1, 9787004=1, 11802261=5, 31943195=1, 9384940=3, 31252924=1, 17859736=2, 4720911=6, 22857124=1, 33254110=1, 26741062=6, 11887816=1, 23045594=2, 8174444=2, 26945891=3, 6984347=2, 29919415=2, 16137063=4, 19445322=2, 24281916=2, 15976828=1, 17129908=1, 12198816=4, 23623466=1, 16019940=1, 30614704=3, 22069036=2, 11268457=1, 33342019=1, 15337393=4, 26551362=3, 6903361=1, 23773487=1, 14471690=1, 6707423=1, 4526222=3, 18229648=4, 1013179=1, 29410793=1, 32789348=1, 4096710=2, 1436514=1, 10492545=8, 30246010=2, 29809988=1, 28875498=2, 13876489=2, 23053728=1, 16799755=1, 27772031=1, 3365706=1, 15431256=1, 10192172=2, 10409639=1, 10306034=1, 9522425=1, 14324180]=2}>
	at org.apache.hadoop.hive.common.ndv.hll.TestHLLSerialization.testHLLSparseNoBitPackingHalfDistinct(TestHLLSerialization.java:168)
]]></failure>
  </testcase>
  <testcase name="testHLLDenseNoBitPackingHalfDistinct[5]" classname="org.apache.hadoop.hive.common.ndv.hll.TestHLLSerialization" time="0.058"/>
  <testcase name="testHLLDenseNoBitPacking[5]" classname="org.apache.hadoop.hive.common.ndv.hll.TestHLLSerialization" time="0.061"/>
  <testcase name="testHLLSparseSerialization[5]" classname="org.apache.hadoop.hive.common.ndv.hll.TestHLLSerialization" time="0.032"/>
  <testcase name="testHLLDenseSerialization[5]" classname="org.apache.hadoop.hive.common.ndv.hll.TestHLLSerialization" time="0.03"/>
  <testcase name="testHLLSparseSerializationHalfDistinct[5]" classname="org.apache.hadoop.hive.common.ndv.hll.TestHLLSerialization" time="0.047">
    <failure message="expected:&lt;...rime: 6 register: {2[4678827=2, 3938380=5, 21285439=1, 15048498=2, 14368001=3, 3006148=1, 6624812=3, 25745084=1, 1576735=6, 14433865=5, 6325049=2, 23156667=1, 24923527=1, 4928221=3, 7322315=2, 15597405=1, 23197107=1, 23220662=1, 23364624=2, 14134737=2, 32252512=5, 335570=3, 25795352=2, 7488434=1, 3836801=2, 1038721=1, 12545304=1, 31016135=1, 23148458=3, 33434934=4, 15181452=2, 17313920=6, 26709725=2, 14625273=3, 23068809=8, 32809235=2, 15741376=7, 17747241=1, 14729854=1, 16260782=6, 31379561=1, 18987303=2, 19778103=1, 8715142=1, 16272132=1, 3027916=4, 32999760=2, 24790713=1, 1643950=3, 15337393=4, 8108063=2, 7273914=1, 25859540=2, 31611366=1, 17227939=1, 10742951=1, 8168123=2, 13307731=3, 5598046=1, 5961481=1, 7420292=3, 26645156=2, 19208194=3, 21199871=1, 18396003=2, 24384135=5, 6552519=1, 4315682=1, 17821798=1, 16363713=2, 22654108=2, 21305270=3, 15020653=3, 31455454=1, 27604938=3, 3743137=3, 6433036=4, 28966879=1, 21351828=1, 31690849=2, 18984532=2, 18833325=1, 26070930=1, 13033582=1, 27454941=1, 17197501=1, 15946938=1, 29370167=9, 23418199=1, 31718127=1, 5156073=2, 9239366=1, 4302796=2, 15694532=1, 21113131=4, 6486888=1, 22199761=2, 14648257=2, 22069036=2, 13663556=1, 30272217=1, 2281904=1, 28444456=4, 20448057=6, 29702209=3, 3318760=2, 6292467=8, 23586586=1, 3818747=1, 26801279=1, 18488009=4, 12160070=2, 22894253=1, 21214531=2, 29774161=1, 3328700=1, 16542688=1, 18385980=2, 30310855=2, 7939661=3, 5670807=2, 27452930=1, 21766747=5, 15690167=1, 21922110=2, 28564847=1, 31585208=1, 18936643=1, 24589923=3, 933644=4, 25538950=2, 30217820=3, 1492898=1, 14418049=5, 18669571=1, 9787004=1, 11569032=2, 5971854=3, 21644879=1, 13413803=2, 8283949=1, 3881958=3, 26276195=1, 26741062=6, 23664750=3, 8646443=1, 22440711=1, 31421927=1, 4087997=1, 11545278=7, 13529742=1, 27084758=1, 27654901=1, 9915509=1, 28808733=2, 13047010=3, 13421765=1, 30348657=3, 17926646=2, 10336727=2, 32425380=1, 6231922=3, 24795234=1, 148411=1, 19966565=2, 14665837=1, 6891247=3, 25219641=1, 29938132=1, 20138287=1, 21813685=1, 9544406=2, 30616490=3, 5460323=1, 3620439=3, 22594220=1, 24482099=2, 14569716=1, 32289619=2, 26863629=1, 73293=3, 30893179=1, 13936151=2, 31492233=2, 2131387=2, 30944193=6, 5379413=4, 33326442=2, 29809988=1, 19936966=7, 14201973=2, 33077231=2, 19787252=1, 2790377=2, 31663252=3, 16362780=2, 14234831=3, 19241512=2, 9088786=2, 28850073=6, 13071353=1, 16780673=11, 9360539=1, 3552779=4, 29253745=1, 203290=3, 4737948=1, 803625=1, 4413228=1, 22185766=2, 3377685=2, 11807950=5, 16333372=3, 19353532=1, 22759758=1, 31904492=1, 4092344=1, 9524516=1, 26853016=2, 26026387=3, 21251886=1, 29161097=1, 25134647=2, 6495258=3, 9806322=2, 16242257=1, 7466566=1, 20427125=2, 1477712=2, 17624703=1, 24299477=1, 25450860=1, 20042926=1, 14326966=2, 4201969=9, 11434684=1, 3293335=1, 16328004=3, 19083408=3, 6340939=1, 811851=1, 23323819=1, 6984347=2, 30140733=1, 19938712=7, 25848394=1, 20195241=5, 8154695=1, 5059087=3, 10224489=5, 17661587=1, 7863743=1, 28025468=2, 22363432=3, 1373698=1, 7560652=1, 7508316=2, 16827262=1, 1956735=1, 31329671=4, 25836729=4, 22022043=7, 23691258=1, 3706595=2, 4533489=3, 4138095=3, 4892119=2, 12103933=2, 26954219=1, 8301409=2, 19796060=4, 18281503=1, 20457259=6, 29410793=1, 23005068=3, 20130514=3, 6411508=1, 31201325=5, 31325457=1, 21649459=1, 16624677=2, 31941493=1, 16758914=2, 17031023=1, 6186326=1, 16817643=2, 9522425=1, 27378480=1, 18593812=2, 7368684=1, 22924848=1, 2228106=1, 16622601=2, 31498675=2, 24029165=2, 15807580=3, 23053728=1, 5680476=2, 11732515=3, 17376209=3, 12242479=1, 33351089=1, 16309130=1, 16654775=4, 32613779=2, 7484059=4, 26379332=2, 33281079=1, 855378=3, 29262495=2, 30054762=2, 32856952=1, 9891608=1, 11048714=2, 31222548=1, 8058243=1, 21366383=4, 24766497=1, 27884274=1, 25374223=3, 6903361=1, 25400411=2, 11293518=1, 18282678=1, 27764113=2, 24510338=1, 20063632=4, 12701280=1, 6120763=1, 7548230=3, 12329289=5, 9108989=1, 7932822=3, 27650169=1, 14122614=1, 23358319=1, 13766633=4, 26549182=3, 6025315=1, 18513639=1, 8539499=1, 12158239=2, 8255017=1, 22736529=1, 32912852=4, 20710940=5, 9110565=3, 7013981=3, 26505769=1, 22814926=5, 11185401=2, 13828760=3, 10354357=1, 4852977=4, 11793246=1, 534468=6, 26409194=1, 21309762=3, 23493428=1, 7173524=1, 25855402=2, 15142137=3, 3528908=1, 31252924=1, 10247009=1, 6976903=1, 21008427=2, 30894825=1, 6039185=5, 446722=1, 599681=3, 18431276=3, 33342019=1, 9276741=2, 1914801=3, 23152535=1, 14389532=2, 2219904=1, 28621380=2, 26928030=1, 21863844=2, 18163629=3, 4314095=1, 15492104=1, 24433722=1, 29161017=1, 3975777=2, 15397009=1, 32236574=1, 30462502=1, 22092837=3, 9614537=2, 21135778=2, 1730045=1, 7635837=2, 12743060=1, 5669125=2, 6387302=1, 18513136=1, 3567796=1, 25492663=1, 19618283=1, 23334805=5, 22647635=2, 30519884=2, 2143153=2, 16137063=4, 28783039=3, 16762778=1, 8579024=1, 17629923=3, 9602199=2, 26098852=4, 22093532=3, 10492545=8, 28096569=2, 28126455=3, 30915734=2, 24733118=1, 8998090=1, 11724937=1, 13051755=3, 17690864=1, 7860310=1, 18678395=3, 9864890=2, 18683583=3, 30289254=4, 1087293=2, 6265098=2, 24281916=2, 13209352=2, 12395880=3, 25544914=1, 10651430=2, 2056884=1, 21476218=2, 5198417=1, 13787150=1, 30298481=1, 23663882=3, 8332984=3, 3390336=2, 19143114=5, 29408167=2, 4264350=3, 5924716=1, 5989981=1, 16608106=1, 20744972=2, 23131307=1, 25091884=1, 15441602=2, 19737389=3, 4839446=1, 11290105=1, 27930991=4, 2865604=2, 2770418=1, 27603677=3, 29505152=4, 29683167=1, 21320065=1, 5131351=1, 27687830=1, 18185888=1, 9846806=1, 31670133=3, 9085272=2, 5454827=3, 11887816=1, 27939821=1, 29895499=6, 16346804=1, 8174444=2, 8604248=1, 30719604=2, 14737668=1, 12118547=1, 7928350=1, 633544=2, 2296015=3, 19695734=2, 9936136=2, 7148951=3, 17323918=1, 600842=3, 25213738=2, 20960738=1, 13552656=1, 1434605=1, 24912256=5, 23773487=1, 21725365=2, 5704446=3, 23690908=1, 19176454=2, 25888556=3, 24454262=3, 7377976=2, 13204486=1, 21267729=2, 6635932=1, 15984220=1, 11484110=3, 5556684=1, 7912534=2, 8378199=1, 24807767=2, 216963=1, 7168413=1, 23048583=2, 31444986=1, 32221330=2, 10737524=1, 9820600=1, 15862743=4, 2894543=5, 5905150=4, 31857079=4, 4317001=1, 8795839=4, 12036033=2, 12260709=3, 13959700=3, 8218031=1, 12584805=9, 22146134=1, 20570987=1, 10716622=2, 22826162=1, 25883333=1, 26733042=1, 19657645=1, 30458482=1, 26458139=2, 334181=3, 17436735=4, 19305187=2, 27255506=1, 11190630=1, 6665076=2, 29482009=1, 11847208=1, 14939229=1, 25805530=1, 3446915=2, 3936736=5, 9027426=2, 21138070=2, 10462421=2, 32789348=1, 11125288=1, 8145904=1, 15295510=1, 2368673=5, 28325819=7, 5791538=1, 12413126=1, 16422611=2, 32201471=1, 25711111=1, 1957603=1, 5871264=2, 9848558=1, 28326500=7, 21419651=1, 18894894=1, 20408821=1, 1077537=1, 25865705=2, 8530812=4, 507367=2, 5916690=1, 19714260=1, 32143832=1, 29711364=1, 25426067=1, 18435307=1, 19591819=1, 15260512=1, 25622017=1, 6490225=3, 8619990=2, 14951424=5, 6671982=1, 26947316=3, 15179569=2, 3835084=2, 18296964=3, 9806441=2, 31564171=2, 15219009=6, 3973371=2, 32778645=5, 7408747=3, 10268271=2, 33417461=1, 3022194=4, 29505438=4, 33044639=6, 11512007=2, 27812481=1, 28532538=1, 17889862=1, 12113542=1, 10226356=5, 33254110=1, 17490720=1, 10072097=2, 15185108=2, 533948=6, 16443778=1, 28669251=1, 32806396=2, 2131587=2, 21481172=1, 3474924=3, 17848884=1, 25819261=1, 7891463=1, 31313722=1, 158824=1, 24526563=4, 11282572=5, 10245584=1, 2265077=2, 31789181=3, 33458460=2, 28925022=1, 25939525=1, 8799909=1, 32214252=2, 14778622=2, 27400485=4, 14793574=2, 6582812=1, 19490233=1, 25829642=4, 21298299=1, 29017635=1, 20464339=1, 17979387=1, 14869266=1, 11302593=1, 26313356=2, 17853213=1, 30491418=1, 6088726=1, 13483388=2, 19580935=1, 6007188=2, 24604637=1, 5826386=1, 32545455=2, 9764528=1, 9454186=1, 13126547=1, 30440352=1, 25101702=3, 8090708=1, 11140905=1, 6936587=1, 8014159=1, 26198487=1, 589476=1, 21679382=1, 3719436=1, 32542287=2, 28281753=2, 7314104=2, 26945891=3, 17236027=3, 4291549=1, 21678658=1, 32033626=1, 7331941=1, 17088571=1, 18206323=1, 27870104=1, 25270145=2, 18121459=2, 15918490=1, 5408487=2, 4866458=1, 47759=2, 22648385=2, 1722956=1, 29940060=1, 9384940=3, 14522483=2, 10383898=1, 3954121=1, 10339497=1, 24931857=1, 28943167=2, 21658648=1, 32584230=3, 8532027=4, 16254931=6, 17418670=1, 33540507=1, 2658575=2, 7722445=1, 26178412=1, 10152487=1, 16799755=1, 1436514=1, 29436429=3, 28039490=1, 19540879=4, 20234602=1, 10437847=1, 1873664=2, 28299184=1, 10978869=2, 13980968=1, 31885734=2, 27933226=4, 8452050=1, 9182800=5, 13937851=2, 22388758=2, 8435527=2, 20771437=1, 27384820=1, 20813075=2, 29682036=1, 25380775=1, 10988500=2, 14699847=1, 30722771=1, 422657=1, 14324180=2, 33541781=1, 14693680=8, 23819431=1, 29678103=1, 878298=1, 3760346=1, 25398447=2, 7478801=4, 17240880=3, 33345751=1, 8119074=1, 315883=1, 26736940=1, 3905049=2, 15431256=1, 11974907=2, 2239074=4, 31006403=3, 7017303=3, 17007847=2, 2095759=1, 20601481=1, 29428268=3, 17275732=2, 25263136=1, 18755564=4, 2375399=5, 12611796=1, 30069215=1, 25767217=3, 9969890=6, 32539107=2, 6283277=1, 30532533=1, 4179159=1, 15216383=6, 17595255=1, 15864411=4, 3339014=1, 67430=3, 12287293=1, 9061108=1, 13160421=1, 21095524=1, 30820872=1, 8288703=1, 21206848=2, 7465379=1, 1892253=1, 24472292=1, 29374589=9, 7840371=2, 29589931=2, 9060050=4, 11758573=1, 8440884=1, 14013836=1, 16611618=1, 16982317=3, 18561373=3, 28623498=1, 4720911=6, 13160095=1, 25985162=2, 13429816=1, 27167984=2, 20362950=2, 14290382=4, 19856081=1, 19610286=3, 28246397=3, 27179113=2, 16233352=2, 19445322=2, 26671837=1, 6428597=4, 16609009=1, 30578879=2, 25454202=1, 10306034=1, 2401972=2, 3329585=1, 25584333=1, 26899241=1, 13859365=1, 30966317=2, 30735876=1, 26789100=1, 15484495=1, 14565433=1, 32198920=1, 30614704=3, 10192172=2, 19462732=1, 25844739=1, 24452539=3, 27587289=1, 23631445=2, 5793846=1, 21026350=1, 2868969=1, 19700117=2, 4373912=2, 14536798=1, 5710619=3, 13727573=1, 13931365=2, 23045594=2, 18938452=1, 24062693=3, 13858289=1, 32928682=1, 10388954=2, 6584093=1, 2320030=1, 21139148=2, 15496522=1, 3364762=1, 23307703=2, 29072463=2, 15568558=2, 20969327=1, 11886516=1, 23548025=1, 19872312=3, 15538445=3, 26544912=3, 27288312=1, 29673102=1, 12361296=2, 7142380=1, 12198816=4, 18303109=1, 3238712=1, 32709882=3, 31980401=1, 26551362=3, 25686071=1, 21716778=1, 20450018=6, 31849999=1, 19366391=2, 14979000=2, 16515883=5, 7508588=2, 15669084=3, 17274874=2, 6438505=4, 20676247=1, 32272897=1, 17156027=1, 23301762=2, 2441700=1, 23810866=1, 20888347=2, 27927377=4, 32315879=3, 269072=5, 25759910=3, 7233204=1, 33434591=4, 21309218=3, 14106050=3, 8753047=2, 22611263=3, 17752548=1, 29388242=1, 14231219=3, 19507070=2, 7901577=2, 13046154=3, 20562489=1, 17306559=6, 6416091=1, 19028573=1, 28269640=1, 25490128=1, 8207004=3, 16572619=1, 13743999=2, 31336406=4, 28740068=2, 29997717=2, 32726147=1, 33108915=3, 27369672=2, 3850938=1, 23993207=4, 16019940=1, 4829866=2, 9884162=1, 1368020=1, 4200024=9, 28679234=2, 23384072=1, 18006550=1, 17648388=1, 2972835=1, 6327760=2, 27971130=1, 17296714=1, 1571379=1, 11442332=2, 27328828=3, 26146555=1, 30940156=6, 33071873=2, 31943195=1, 1835662=5, 21537371=2, 11739532=3, 1063195=7, 7426247=1, 4174660=2, 8988380=3, 27224383=1, 26655695=2, 15508835=2, 17333809=1, 29484596=1, 28235861=1, 30100982=1, 16062417=3, 16293073=2, 8563335=2, 24114813=1, 18593476=2, 13299691=1, 5923758=1, 8197863=3, 276213=5, 11153300=4, 10214193=1, 9586971=1, 10149080=1, 5092208=2, 18907187=2, 8675710=1, 10718321=2, 13857652=1, 5689115=1, 350497=1, 26493898=1, 17641102=3, 26079985=1, 13712185=3, 17951223=1, 5379721=4, 11259827=1, 30461518=1, 30387284=2, 28520727=3, 16283255=1, 4526222=3, 2599387=2, 30246010=2, 28505831=1, 20726232=1, 12901729=1, 6425156=4, 13046954=3, 3252911=2, 13422190=1, 13570102=3, 26249640=2, 24968148=1, 29919415=2, 27344250=3, 21246687=5, 13637320=7, 5740168=2, 31178939=1, 27772031=1, 3599756=1, 24711786=3, 31689665=2, 9791399=1, 13024122=2, 11819696=1, 5938561=2, 32145550=2, 23898318=2, 3022264=4, 16904527=1, 4121738=1, 23420749=1, 33013841=1, 20558101=2, 20225860=2, 16846706=3, 14847232=2, 23950632=1, 12350814=1, 21424394=1, 26726904=1, 809552=1, 4120285=1, 3788542=1, 30183654=2, 25974755=1, 32740660=2, 9834845=4, 19787814=1, 1199711=1, 10825247=3, 15261098=1, 2792020=2, 32548393=2, 1703227=1, 8287991=1, 27489841=1, 6287129=1, 18079652=1, 3434548=1, 32468394=1, 31859896=4, 30248740=2, 15789279=1, 15653891=1, 20002290=3, 3188148=2, 3300214=1, 27666898=4, 9350531=2, 6490162=3, 3186137=2, 11568947=2, 9320365=4, 13018024=2, 18635104=1, 736431=3, 12144244=1, 18946745=3, 3405643=1, 28875498=2, 29410039=1, 15195557=1, 16710281=1, 2458531=2, 8688809=2, 19709959=1, 25586627=1, 7404784=1, 21745905=1, 17856697=1, 27555550=1, 7365738=1, 11365478=1, 990076=3, 29627078=5, 4887496=2, 3222230=3, 11096547=1, 25771275=3, 6707423=1, 4054245=1, 5023189=2, 5521783=1, 3095299=3, 7103941=1, 10390739=2, 18363573=6, 21392365=1, 2902321=1, 15336114=4, 790183=5, 495615=2, 9220035=2, 28940925=2, 25839693=1, 1750127=2, 3884170=1, 3680683=6, 4565220=2, 24292056=2, 9815255=1, 22258061=2, 22199377=2, 8458568=3, 17116775=3, 3360039=1, 26089769=4, 20848322=4, 29898151=6, 25654631=1, 16554583=2, 19883740=1, 1487847=2, 21267355=2, 8249649=1, 16678311=1, 4977763=1, 32925618=1, 9916521=1, 4437904=2, 24836152=1, 2751636=1, 5002649=1, 24992707=1, 13876489=2, 14041983=1, 22792096=1, 32897924=1, 8203389=3, 6612335=1, 11949039=1, 3248182=2, 20158642=2, 3626940=1, 3642513=2, 14312678=1, 5131803=1, 23917073=1, 19537853=4, 4140556=3, 27170188=2, 31197358=5, 18668287=1, 18921961=2, 21291824=1, 9659306=1, 5642187=4, 1246529=3, 25904766=1, 31190965=1, 8165977=2, 672736=1, 2705479=1, 18132775=2, 12919407=3, 9193395=1, 4096710=2, 28147649=1, 18662689=1, 1478018=2, 22958892=1, 16480780=1, 16639393=1, 6931468=1, 14471690=1, 25801194=2, 27205954=3, 3860538=1, 18790874=2, 19718914=1, 20174611=1, 32872638=2, 3290032=4, 4610293=1, 5174626=1, 23590352=1, 3420709=5, 1551248=2, 16793438=11, 19099463=1, 1866078=1, 14856403=2, 1390217=3, 26908690=2, 33016641=1, 18065688=2, 17456579=1, 3077805=1, 4437624=2, 17452654=1, 11504357=2, 2115787=1, 31330875=4, 3277046=4, 30790994=1, 2997052=2, 25788851=2, 26789530=1, 2536281=2, 24771861=1, 33000724=2, 31268795=3, 11569212=2, 19183394=2, 25604657=2, 21133871=1, 27885680=2, 10652299=2, 11268457=1, 11174947=2, 8235337=2, 5754508=1, 4903383=1, 23474363=4, 21494494=1, 7585059=2, 10039069=3, 8279049=1, 7826193=1, 1954231=1, 29525707=2, 27616260=1, 28937933=2, 10612335=1, 29720788=2, 17129908=1, 26628553=1, 11248106=2, 18185133=1, 10785257=2, 1417510=2, 18229648=4, 24709622=3, 15652125=1, 26857426=1, 16727343=3, 24702744=1, 9076355=1, 26647300=2, 19256626=1, 27268285=8, 26649064=2, 4239522=2, 16796843=1, 23462956=4, 2889604=5, 13478638=2, 1745546=2, 19000634=1, 17344492=2, 3193612=2, 18011444=1, 28833247=1, 8599068=3, 7804927=3, 31420877=1, 7430725=1, 22068340=2, 26371277=1, 16483609=2, 25947715=1, 10640981=1, 16486735=2, 30038246=1, 25999127=2, 10879009=4, 19975203=1, 1013179=1, 16374482=1, 31578983=1, 11689812=1, 30482857=3, 29565180=3, 23983960=1, 14149550=1, 5179251=3, 29281418=1, 15976828=1, 5006384=1, 28994899=1, 10896791=1, 4186863=1, 30905479=2, 28861691=1, 6166567=4, 16637666=1, 31184804=1, 12969560=1, 22948521=4, 22433369=1, 10080602=1, 8662=13, 13117154=6, 16898309=1, 24349623=2, 8204384=3, 7428753=1, 14158065=6]}&gt; but was:&lt;...rime: 6 register: {2[6551362=3, 16608106=1, 13209352=2, 7508588=2, 633544=2, 1956735=1, 20888347=2, 18363573=6, 4829866=2, 9454186=1, 4437624=2, 27927377=4, 8675710=1, 26493898=1, 13483388=2, 17624703=1, 7939661=3, 2792020=2, 4264350=3, 4852977=4, 19883740=1, 3905049=2, 13024122=2, 25974755=1, 23131307=1, 18229648=4, 26709725=2, 20457259=6, 18296964=3, 8579024=1, 23418199=1, 19083408=3, 21095524=1, 24281916=2, 10080602=1, 31611366=1, 9350531=2, 24807767=2, 5924716=1, 14312678=1, 3973371=2, 446722=1, 31325457=1, 32548393=2, 21494494=1, 6411508=1, 20448057=6, 15492104=1, 10336727=2, 24771861=1, 2889604=5, 7368684=1, 17306559=6, 13552656=1, 33000724=2, 18790874=2, 3405643=1, 10785257=2, 14778622=2, 22069036=2, 33326442=2, 3552779=4, 878298=1, 4839446=1, 26505769=1, 9088786=2, 27328828=3, 5379413=4, 1436514=1, 15181452=2, 7508316=2, 29711364=1, 3188148=2, 24454262=3, 3077805=1, 12743060=1, 22388758=2, 25544914=1, 148411=1, 21138070=2, 21766747=5, 3936736=5, 507367=2, 16233352=2, 3339014=1, 599681=3, 17323918=1, 7013981=3, 2536281=2, 23993207=4, 26089769=4, 29505438=4, 23068809=8, 3238712=1, 13046154=3, 6976903=1, 3881958=3, 10988500=2, 158824=1, 13766633=4, 13422190=1, 14041983=1, 12584805=9, 4373912=2, 10226356=5, 27452930=1, 31455454=1, 19143114=5, 19709959=1, 1373698=1, 22185766=2, 21725365=2, 4087997=1, 21291824=1, 10245584=1, 7548230=3, 6120763=1, 26026387=3, 26945891=3, 26789100=1, 21745905=1, 21214531=2, 20158642=2, 6584093=1, 22068340=2, 16622601=2, 7635837=2, 26249640=2, 18385980=2, 5002649=1, 8279049=1, 8662=13, 13071353=1, 26371277=1, 25101702=3, 11724937=1, 33013841=1, 22894253=1, 19490233=1, 16062417=3, 31718127=1, 4201969=9, 6325049=2, 9076355=1, 31190965=1, 1745546=2, 24433722=1, 8287991=1, 811851=1, 12144244=1, 23152535=1, 6387302=1, 6671982=1, 17661587=1, 31197358=5, 7466566=1, 25801194=2, 30462502=1, 26649064=2, 26733042=1, 14234831=3, 2894543=5, 13787150=1, 28520727=3, 32143832=1, 16609009=1, 29428268=3, 33281079=1, 16624677=2, 9220035=2, 33541781=1, 30054762=2, 14729854=1, 23493428=1, 5379721=4, 17595255=1, 16515883=5, 30310855=2, 22199377=2, 22594220=1, 5791538=1, 4437904=2, 14149550=1, 19700117=2, 5059087=3, 1077537=1, 16678311=1, 24711786=3, 13529742=1, 5793846=1, 16780673=11, 10339497=1, 16019940=1, 11174947=2, 14665837=1, 25398447=2, 31330875=4, 17848884=1, 7932822=3, 16346804=1, 26655695=2, 14569716=1, 3390336=2, 27650169=1, 8563335=2, 5961481=1, 19778103=1, 5704446=3, 19591819=1, 3938380=5, 12113542=1, 26276195=1, 21026350=1, 7148951=3, 29370167=9, 11887816=1, 27939821=1, 30905479=2, 15568558=2, 29809988=1, 17979387=1, 8458568=3, 9108989=1, 17853213=1, 18435307=1, 3252911=2, 25134647=2, 16242257=1, 18303109=1, 18185133=1, 30183654=2, 18984532=2, 7420292=3, 10718321=2, 19183394=2, 3743137=3, 3474924=3, 18894894=1, 6327760=2, 33417461=1, 28875498=2, 17629923=3, 11259827=1, 23950632=1, 33108915=3, 12103933=2, 15789279=1, 7912534=2, 3528908=1, 32584230=3, 32289619=2, 17490720=1, 12242479=1, 8090708=1, 9864890=2, 11689812=1, 8532027=4, 19966565=2, 19975203=1, 25374223=3, 13421765=1, 29919415=2, 9969890=6, 29281418=1, 17275732=2, 20744972=2, 5989981=1, 28096569=2, 31016135=1, 22433369=1, 21309218=3, 24678827=2, 11949039=1, 19176454=2, 8235337=2, 23323819=1, 3095299=3, 31585208=1, 9110565=3, 32613779=2, 2131387=2, 17456579=1, 25985162=2, 28679234=2, 24931857=1, 30100982=1, 31980401=1, 12118547=1, 18593476=2, 13160421=1, 3022264=4, 23819431=1, 2095759=1, 7488434=1, 7233204=1, 29253745=1, 269072=5, 12260709=3, 29895499=6, 8998090=1, 28564847=1, 23631445=2, 7103941=1, 22648385=2, 9027426=2, 7722445=1, 16374482=1, 13033582=1, 1013179=1, 21246687=5, 28505831=1, 31329671=4, 16637666=1, 16799755=1, 7840371=2, 26198487=1, 26098852=4, 27603677=3, 3642513=2, 16283255=1, 30289254=4, 20969327=1, 15337393=4, 11793246=1, 1873664=2, 24836152=1, 28325819=7, 10224489=5, 26801279=1, 30940156=6, 14418049=5, 11434684=1, 28833247=1, 28808733=2, 2375399=5, 23898318=2, 27369672=2, 21251886=1, 31941493=1, 1199711=1, 20464339=1, 4720911=6, 14201973=2, 8435527=2, 22611263=3, 31184804=1, 25586627=1, 31943195=1, 23334805=5, 16654775=4, 24292056=2, 933644=4, 18513639=1, 22363432=3, 6231922=3, 27454941=1, 13051755=3, 25795352=2, 11569212=2, 11807950=5, 29072463=2, 15976828=1, 24062693=3, 9820600=1, 4138095=3, 16982317=3, 13980968=1, 18593812=2, 2320030=1, 14326966=2, 23220662=1, 30944193=6, 17156027=1, 32912852=4, 6428597=4, 5871264=2, 19618283=1, 28147649=1, 25829642=4, 33434591=4, 27870104=1, 3835084=2, 3567796=1, 12350814=1, 3027916=4, 30248740=2, 25759910=3, 21351828=1, 18006550=1, 9522425=1, 30387284=2, 23664750=3, 18281503=1, 10879009=4, 4140556=3, 30440352=1, 17236027=3, 31421927=1, 3788542=1, 3328700=1, 30893179=1, 10306034=1, 7804927=3, 28039490=1, 31420877=1, 5669125=2, 14699847=1, 16542688=1, 3954121=1, 31689665=2, 18635104=1, 18938452=1, 11125288=1, 22814926=5, 10247009=1, 216963=1, 28246397=3, 28621380=2, 4239522=2, 30217820=3, 9182800=5, 16762778=1, 8539499=1, 25865705=2, 16710281=1, 18907187=2, 8119074=1, 6552519=1, 11282572=5, 1478018=2, 15508835=2, 23358319=1, 26736940=1, 4977763=1, 30519884=2, 21679382=1, 22440711=1, 31663252=3, 9239366=1, 5905150=4, 20225860=2, 28925022=1, 25711111=1, 11758573=1, 13570102=3, 15864411=4, 33351089=1, 25492663=1, 29482009=1, 11190630=1, 29683167=1, 25805530=1, 25888556=3, 4186863=1, 15431256=1, 21199871=1, 24114813=1, 25904766=1, 32252512=5, 5023189=2, 5740168=2, 3248182=2, 23307703=2, 26954219=1, 28783039=3, 9085272=2, 8249649=1, 26409194=1, 9614537=2, 13117154=6, 28126455=3, 17436735=4, 67430=3, 29702209=3, 3760346=1, 17240880=3, 17856697=1, 33044639=6, 19537853=4, 16483609=2, 9848558=1, 17641102=3, 4928221=3, 19714260=1, 20063632=4, 5826386=1, 8207004=3, 11739532=3, 9806441=2, 9193395=1, 23590352=1, 4096710=2, 16443778=1, 21133871=1, 5923758=1, 3006148=1, 23586586=1, 9834845=4, 27764113=2, 18282678=1, 9659306=1, 25622017=1, 4887496=2, 32709882=3, 589476=1, 29161017=1, 29410793=1, 32789348=1, 15694532=1, 28850073=6, 15862743=4, 15260512=1, 28940925=2, 19445322=2, 17088571=1, 5689115=1, 12287293=1, 13429816=1, 16362780=2, 15216383=6, 25839693=1, 6490162=3, 28994899=1, 31379561=1, 2599387=2, 13858289=1, 23690908=1, 10390739=2, 2296015=3, 3434548=1, 14106050=3, 29678103=1, 1390217=3, 26857426=1, 5460323=1, 23773487=1, 13828760=3, 2868969=1, 22924848=1, 12901729=1, 4737948=1, 26645156=2, 495615=2, 14693680=8, 7826193=1, 16293073=2, 28235861=1, 5131803=1, 7408747=3, 10039069=3, 13727573=1, 3706595=2, 14231219=3, 17889862=1, 1954231=1, 10149080=1, 26726904=1, 7365738=1, 7173524=1, 10652299=2, 28299184=1, 12361296=2, 6416091=1, 18132775=2, 13299691=1, 9764528=1, 20726232=1, 28943167=2, 9061108=1, 33016641=1, 9891608=1, 20138287=1, 4302796=2, 28861691=1, 9815255=1, 29436429=3, 5710619=3, 33342019=1, 422657=1, 24923527=1, 17274874=2, 31444986=1, 29262495=2, 19737389=3, 14869266=1, 790183=5, 19305187=2, 24766497=1, 26863629=1, 2401972=2, 24604637=1, 20570987=1, 8332984=3, 3022194=4, 29565180=3, 27400485=4, 18936643=1, 25490128=1, 28444456=4, 20174611=1, 11847208=1, 29525707=2, 6984347=2, 7142380=1, 12158239=2, 14134737=2, 17344492=2, 13047010=3, 11268457=1, 17951223=1, 10437847=1, 1730045=1, 32856952=1, 2458531=2, 14368001=3, 17129908=1, 4054245=1, 2751636=1, 21424394=1, 13857652=1, 16827262=1, 22199761=2, 18669571=1, 16254931=6, 4174660=2, 15690167=1, 22093532=3, 5521783=1, 11886516=1, 19241512=2, 3850938=1, 9791399=1, 8168123=2, 19256626=1, 29898151=6, 350497=1, 28937933=2, 73293=3, 33434934=4, 10825247=3, 20362950=2, 31178939=1, 9787004=1, 32809235=2, 15653891=1, 18163629=3, 855378=3, 26628553=1, 17418670=1, 19366391=2, 6186326=1, 3818747=1, 16422611=2, 8604248=1, 21366383=4, 335570=3, 32726147=1, 14471690=1, 7484059=4, 14856403=2, 6166567=4, 25426067=1, 20960738=1, 7168413=1, 25947715=1, 24452539=3, 23548025=1, 13959700=3, 14536798=1, 21267729=2, 20676247=1, 1643950=3, 23474363=4, 23301762=2, 21320065=1, 24702744=1, 3719436=1, 4526222=3, 47759=2, 25848394=1, 24912256=5, 18668287=1, 30140733=1, 6292467=8, 8203389=3, 16898309=1, 25767217=3, 15185108=2, 6433036=4, 23462956=4, 17007847=2, 8283949=1, 28740068=2, 26671837=1, 27167984=2, 25584333=1, 26908690=2, 30532533=1, 18561373=3, 11568947=2, 25091884=1, 27616260=1, 25604657=2, 8301409=2, 3860538=1, 8988380=3, 31670133=3, 25400411=2, 1417510=2, 18065688=2, 16611618=1, 25654631=1, 5556684=1, 15397009=1, 3277046=4, 7465379=1, 18921961=2, 5971854=3, 19028573=1, 29938132=1, 19000634=1, 3599756=1, 23917073=1, 14389532=2, 1722956=1, 8795839=4, 1038721=1, 27170188=2, 5006384=1, 8174444=2, 17313920=6, 23364624=2, 31313722=1, 30482857=3, 29720788=2, 15918490=1, 6025315=1, 25454202=1, 33345751=1, 6624812=3, 30298481=1, 30348657=3, 19872312=3, 5131351=1, 15652125=1, 17752548=1, 20195241=5, 27812481=1, 16480780=1, 15597405=1, 30038246=1, 31578983=1, 6490225=3, 19657645=1, 9915509=1, 25538950=2, 11153300=4, 10612335=1, 8599068=3, 11569032=2, 8378199=1, 16904527=1, 19796060=4, 8799909=1, 24472292=1, 21716778=1, 20450018=6, 27555550=1, 16793438=11, 8197863=3, 18513136=1, 4179159=1, 4866458=1, 15048498=2, 8145904=1, 25686071=1, 18011444=1, 533948=6, 26544912=3, 5454827=3, 10737524=1, 9276741=2, 24589923=3, 1576735=6, 27654901=1, 8452050=1, 11302593=1, 18683583=3, 33071873=2, 4892119=2, 32425380=1, 11290105=1, 13018024=2, 13937851=2, 28269640=1, 3364762=1, 9884162=1, 25883333=1, 12160070=2, 32928682=1, 26647300=2, 32214252=2, 6635932=1, 31498675=2, 15261098=1, 24733118=1, 19856081=1, 27084758=1, 21139148=2, 13413803=2, 30246010=2, 8440884=1, 17648388=1, 7404784=1, 25999127=2, 27224383=1, 2770418=1, 30491418=1, 22022043=7, 17116775=3, 27255506=1, 4121738=1, 6283277=1, 15195557=1, 1866078=1, 21813685=1, 24384135=5, 276213=5, 19208194=3, 26947316=3, 2902321=1, 18662689=1, 26313356=2, 16486735=2, 25380775=1, 6438505=4, 11096547=1, 11732515=3, 3186137=2, 9544406=2, 17031023=1, 27687830=1, 5198417=1, 17821798=1, 23384072=1, 19099463=1, 21863844=2, 22258061=2, 17296714=1, 8688809=2, 1087293=2, 2281904=1, 32806396=2, 18431276=3, 10978869=2, 15484495=1, 2790377=2, 12413126=1, 28025468=2, 15946938=1, 9524516=1, 13160095=1, 5092208=2, 5598046=1, 11512007=2, 30272217=1, 24299477=1, 1368020=1, 1551248=2, 29410039=1, 14648257=2, 12395880=3, 11442332=2, 18488009=4, 1750127=2, 6891247=3, 15669084=3, 21476218=2, 18185888=1, 3377685=2, 23420749=1, 20042926=1, 31336406=4, 8218031=1, 20848322=4, 17690864=1, 29589931=2, 7430725=1, 16272132=1, 32272897=1, 21267355=2, 8204384=3, 31690849=2, 13046954=3, 13876489=2, 22826162=1, 20558101=2, 18755564=4, 8108063=2, 22146134=1, 32539107=2, 27587289=1, 14565433=1, 1892253=1, 27971130=1, 5670807=2, 2228106=1, 16572619=1, 32201471=1, 29388242=1, 23148458=3, 3290032=4, 21649459=1, 1246529=3, 19787814=1, 22759758=1, 22736529=1, 23983960=1, 17376209=3, 22948521=4, 1063195=7, 6265098=2, 9320365=4, 23005068=3, 16554583=2, 32925618=1, 23156667=1, 30616490=3, 16363713=2, 10388954=2, 27930991=4, 30719604=2, 14625273=3, 30915734=2, 31849999=1, 11293518=1, 27933226=4, 30069215=1, 8014159=1, 19610286=3, 8619990=2, 10192172=2, 6931468=1, 14122614=1, 5938561=2, 29505152=4, 12969560=1, 20427125=2, 15219009=6, 11140905=1, 3884170=1, 21305270=3, 21008427=2, 25819261=1, 25219641=1, 21419651=1, 315883=1, 2368673=5, 24795234=1, 8288703=1, 11545278=7, 21392365=1, 4291549=1, 28532538=1, 2658575=2, 10268271=2, 13931365=2, 10651430=2, 534468=6, 25213738=2, 25745084=1, 16260782=6, 16817643=2, 6582812=1, 14951424=5, 15179569=2, 4610293=1, 3318760=2, 21135778=2, 17926646=2, 14324180=2, 12036033=2, 6612335=1, 27179113=2, 16333372=3, 4903383=1, 1914801=3, 10354357=1, 1571379=1, 16639393=1, 32315879=3, 6486888=1, 26379332=2, 3329585=1, 9384940=3, 27884274=1, 21113131=4, 2219904=1, 20771437=1, 3360039=1, 19936966=7, 14979000=2, 2441700=1, 26458139=2, 17333809=1, 8154695=1, 18833325=1, 22958892=1, 28623498=1, 15295510=1, 5408487=2, 25855402=2, 4200024=9, 14939229=1, 24790713=1, 17197501=1, 21537371=2, 13743999=2, 1703227=1, 19353532=1, 1487847=2, 1957603=1, 13126547=1, 4120285=1, 5680476=2, 6495258=3, 3975777=2, 2865604=2, 11185401=2, 4092344=1, 15807580=3, 5179251=3, 9806322=2, 23053728=1, 32221330=2, 2143153=2, 25939525=1, 15142137=3, 33077231=2, 30614704=3, 22792096=1, 1835662=5, 14290382=4, 8715142=1, 19718914=1, 21922110=2, 14522483=2, 27378480=1, 990076=3, 16846706=3, 15741376=7, 17227939=1, 10896791=1, 31857079=4, 3193612=2, 15984220=1, 32778645=5, 26549182=3, 23197107=1, 26079985=1, 12329289=5, 3626940=1, 7273914=1, 14847232=2, 27666898=4, 30966317=2, 19580935=1, 1492898=1, 4317001=1, 600842=3, 6340939=1, 28326500=7, 18396003=2, 24968148=1, 27772031=1, 20234602=1, 27604938=3, 31268795=3, 32872638=2, 24029165=2, 11484110=3, 23045594=2, 12611796=1, 29408167=2, 32236574=1, 33458460=2, 9916521=1, 9846806=1, 5916690=1, 7585059=2, 3680683=6, 26928030=1, 28966879=1, 27268285=8, 7322315=2, 27205954=3, 13307731=3, 20408821=1, 11974907=2, 13478638=2, 29682036=1, 21298299=1, 30735876=1, 20130514=3, 19695734=2, 30894825=1, 2705479=1, 12198816=4, 33540507=1, 29774161=1, 10492545=8, 7863743=1, 32198920=1, 7331941=1, 2239074=4, 17747241=1, 23663882=3, 12701280=1, 29484596=1, 7377976=2, 14793574=2, 22647635=2, 7426247=1, 24709622=3, 18079652=1, 9936136=2, 21285439=1, 30722771=1, 31859896=4, 19938712=7, 6088726=1, 672736=1, 18987303=2, 2972835=1, 4315682=1, 7860310=1, 1434605=1, 25450860=1, 32145550=2, 27288312=1, 7314104=2, 3293335=1, 12545304=1, 23048583=2, 31252924=1, 26146555=1, 15336114=4, 31904492=1, 7428753=1, 8165977=2, 25788851=2, 11504357=2, 2265077=2, 736431=3, 27344250=3, 13859365=1, 809552=1, 4565220=2, 13712185=3, 19462732=1, 6287129=1, 27885680=2, 20002290=3, 10462421=2, 28281753=2, 3222230=3, 203290=3, 32740660=2, 19507070=2, 21309762=3, 3420709=5, 7478801=4, 18678395=3, 3620439=3, 14158065=6, 16796843=1, 25270145=2, 26899241=1, 3300214=1, 32542287=2, 16758914=2, 32999760=2, 18121459=2, 21678658=1, 33254110=1, 24526563=4, 6425156=4, 2115787=1, 3446915=2, 2056884=1, 4413228=1, 5754508=1, 29673102=1, 24992707=1, 24510338=1, 23691258=1, 25771275=3, 10214193=1, 20562489=1, 2997052=2, 3836801=2, 32033626=1, 15496522=1, 22092837=3, 26070930=1, 25836729=4, 31222548=1, 8646443=1, 30578879=2, 5642187=4, 12919407=3, 18946745=3, 26178412=1, 8255017=1, 4314095=1, 20813075=2, 25263136=1, 21644879=1, 9060050=4, 6707423=1, 16328004=3, 11048714=2, 31789181=3, 18206323=1, 21206848=2, 13204486=1, 31201325=5, 803625=1, 23810866=1, 13936151=2, 14737668=1, 15538445=3, 6039185=5, 10742951=1, 31885734=2, 29017635=1, 31006403=3, 14013836=1, 334181=3, 4533489=3, 11248106=2, 15020653=3, 32545455=2, 8530812=4, 30790994=1, 10152487=1, 19787252=1, 9586971=1, 7017303=3, 30461518=1, 16727343=3, 9602199=2, 13663556=1, 20601481=1, 20710940=5, 32468394=1, 10072097=2, 6007188=2, 29940060=1, 21658648=1, 2131587=2, 1477712=2, 10383898=1, 24349623=2, 8753047=2, 5156073=2, 25844739=1, 14433865=5, 29627078=5, 31564171=2, 7891463=1, 24482099=2, 8058243=1, 31492233=2, 27384820=1, 22654108=2, 26741062=6, 29161097=1, 6936587=1, 26853016=2, 30458482=1, 5174626=1, 15441602=2, 26789530=1, 21481172=1, 29997717=2, 17452654=1, 16137063=4, 29374589=9, 13637320=7, 11819696=1, 28669251=1, 16309130=1, 25859540=2, 7901577=2, 9360539=1, 10640981=1, 10716622=2, 30820872=1, 19540879=4, 27489841=1, 7928350=1, 6665076=2, 32897924=1, 6903361=1, 7560652=1, 11365478=1]}&gt;" type="org.junit.ComparisonFailure"><![CDATA[org.junit.ComparisonFailure: expected:<...rime: 6 register: {2[4678827=2, 3938380=5, 21285439=1, 15048498=2, 14368001=3, 3006148=1, 6624812=3, 25745084=1, 1576735=6, 14433865=5, 6325049=2, 23156667=1, 24923527=1, 4928221=3, 7322315=2, 15597405=1, 23197107=1, 23220662=1, 23364624=2, 14134737=2, 32252512=5, 335570=3, 25795352=2, 7488434=1, 3836801=2, 1038721=1, 12545304=1, 31016135=1, 23148458=3, 33434934=4, 15181452=2, 17313920=6, 26709725=2, 14625273=3, 23068809=8, 32809235=2, 15741376=7, 17747241=1, 14729854=1, 16260782=6, 31379561=1, 18987303=2, 19778103=1, 8715142=1, 16272132=1, 3027916=4, 32999760=2, 24790713=1, 1643950=3, 15337393=4, 8108063=2, 7273914=1, 25859540=2, 31611366=1, 17227939=1, 10742951=1, 8168123=2, 13307731=3, 5598046=1, 5961481=1, 7420292=3, 26645156=2, 19208194=3, 21199871=1, 18396003=2, 24384135=5, 6552519=1, 4315682=1, 17821798=1, 16363713=2, 22654108=2, 21305270=3, 15020653=3, 31455454=1, 27604938=3, 3743137=3, 6433036=4, 28966879=1, 21351828=1, 31690849=2, 18984532=2, 18833325=1, 26070930=1, 13033582=1, 27454941=1, 17197501=1, 15946938=1, 29370167=9, 23418199=1, 31718127=1, 5156073=2, 9239366=1, 4302796=2, 15694532=1, 21113131=4, 6486888=1, 22199761=2, 14648257=2, 22069036=2, 13663556=1, 30272217=1, 2281904=1, 28444456=4, 20448057=6, 29702209=3, 3318760=2, 6292467=8, 23586586=1, 3818747=1, 26801279=1, 18488009=4, 12160070=2, 22894253=1, 21214531=2, 29774161=1, 3328700=1, 16542688=1, 18385980=2, 30310855=2, 7939661=3, 5670807=2, 27452930=1, 21766747=5, 15690167=1, 21922110=2, 28564847=1, 31585208=1, 18936643=1, 24589923=3, 933644=4, 25538950=2, 30217820=3, 1492898=1, 14418049=5, 18669571=1, 9787004=1, 11569032=2, 5971854=3, 21644879=1, 13413803=2, 8283949=1, 3881958=3, 26276195=1, 26741062=6, 23664750=3, 8646443=1, 22440711=1, 31421927=1, 4087997=1, 11545278=7, 13529742=1, 27084758=1, 27654901=1, 9915509=1, 28808733=2, 13047010=3, 13421765=1, 30348657=3, 17926646=2, 10336727=2, 32425380=1, 6231922=3, 24795234=1, 148411=1, 19966565=2, 14665837=1, 6891247=3, 25219641=1, 29938132=1, 20138287=1, 21813685=1, 9544406=2, 30616490=3, 5460323=1, 3620439=3, 22594220=1, 24482099=2, 14569716=1, 32289619=2, 26863629=1, 73293=3, 30893179=1, 13936151=2, 31492233=2, 2131387=2, 30944193=6, 5379413=4, 33326442=2, 29809988=1, 19936966=7, 14201973=2, 33077231=2, 19787252=1, 2790377=2, 31663252=3, 16362780=2, 14234831=3, 19241512=2, 9088786=2, 28850073=6, 13071353=1, 16780673=11, 9360539=1, 3552779=4, 29253745=1, 203290=3, 4737948=1, 803625=1, 4413228=1, 22185766=2, 3377685=2, 11807950=5, 16333372=3, 19353532=1, 22759758=1, 31904492=1, 4092344=1, 9524516=1, 26853016=2, 26026387=3, 21251886=1, 29161097=1, 25134647=2, 6495258=3, 9806322=2, 16242257=1, 7466566=1, 20427125=2, 1477712=2, 17624703=1, 24299477=1, 25450860=1, 20042926=1, 14326966=2, 4201969=9, 11434684=1, 3293335=1, 16328004=3, 19083408=3, 6340939=1, 811851=1, 23323819=1, 6984347=2, 30140733=1, 19938712=7, 25848394=1, 20195241=5, 8154695=1, 5059087=3, 10224489=5, 17661587=1, 7863743=1, 28025468=2, 22363432=3, 1373698=1, 7560652=1, 7508316=2, 16827262=1, 1956735=1, 31329671=4, 25836729=4, 22022043=7, 23691258=1, 3706595=2, 4533489=3, 4138095=3, 4892119=2, 12103933=2, 26954219=1, 8301409=2, 19796060=4, 18281503=1, 20457259=6, 29410793=1, 23005068=3, 20130514=3, 6411508=1, 31201325=5, 31325457=1, 21649459=1, 16624677=2, 31941493=1, 16758914=2, 17031023=1, 6186326=1, 16817643=2, 9522425=1, 27378480=1, 18593812=2, 7368684=1, 22924848=1, 2228106=1, 16622601=2, 31498675=2, 24029165=2, 15807580=3, 23053728=1, 5680476=2, 11732515=3, 17376209=3, 12242479=1, 33351089=1, 16309130=1, 16654775=4, 32613779=2, 7484059=4, 26379332=2, 33281079=1, 855378=3, 29262495=2, 30054762=2, 32856952=1, 9891608=1, 11048714=2, 31222548=1, 8058243=1, 21366383=4, 24766497=1, 27884274=1, 25374223=3, 6903361=1, 25400411=2, 11293518=1, 18282678=1, 27764113=2, 24510338=1, 20063632=4, 12701280=1, 6120763=1, 7548230=3, 12329289=5, 9108989=1, 7932822=3, 27650169=1, 14122614=1, 23358319=1, 13766633=4, 26549182=3, 6025315=1, 18513639=1, 8539499=1, 12158239=2, 8255017=1, 22736529=1, 32912852=4, 20710940=5, 9110565=3, 7013981=3, 26505769=1, 22814926=5, 11185401=2, 13828760=3, 10354357=1, 4852977=4, 11793246=1, 534468=6, 26409194=1, 21309762=3, 23493428=1, 7173524=1, 25855402=2, 15142137=3, 3528908=1, 31252924=1, 10247009=1, 6976903=1, 21008427=2, 30894825=1, 6039185=5, 446722=1, 599681=3, 18431276=3, 33342019=1, 9276741=2, 1914801=3, 23152535=1, 14389532=2, 2219904=1, 28621380=2, 26928030=1, 21863844=2, 18163629=3, 4314095=1, 15492104=1, 24433722=1, 29161017=1, 3975777=2, 15397009=1, 32236574=1, 30462502=1, 22092837=3, 9614537=2, 21135778=2, 1730045=1, 7635837=2, 12743060=1, 5669125=2, 6387302=1, 18513136=1, 3567796=1, 25492663=1, 19618283=1, 23334805=5, 22647635=2, 30519884=2, 2143153=2, 16137063=4, 28783039=3, 16762778=1, 8579024=1, 17629923=3, 9602199=2, 26098852=4, 22093532=3, 10492545=8, 28096569=2, 28126455=3, 30915734=2, 24733118=1, 8998090=1, 11724937=1, 13051755=3, 17690864=1, 7860310=1, 18678395=3, 9864890=2, 18683583=3, 30289254=4, 1087293=2, 6265098=2, 24281916=2, 13209352=2, 12395880=3, 25544914=1, 10651430=2, 2056884=1, 21476218=2, 5198417=1, 13787150=1, 30298481=1, 23663882=3, 8332984=3, 3390336=2, 19143114=5, 29408167=2, 4264350=3, 5924716=1, 5989981=1, 16608106=1, 20744972=2, 23131307=1, 25091884=1, 15441602=2, 19737389=3, 4839446=1, 11290105=1, 27930991=4, 2865604=2, 2770418=1, 27603677=3, 29505152=4, 29683167=1, 21320065=1, 5131351=1, 27687830=1, 18185888=1, 9846806=1, 31670133=3, 9085272=2, 5454827=3, 11887816=1, 27939821=1, 29895499=6, 16346804=1, 8174444=2, 8604248=1, 30719604=2, 14737668=1, 12118547=1, 7928350=1, 633544=2, 2296015=3, 19695734=2, 9936136=2, 7148951=3, 17323918=1, 600842=3, 25213738=2, 20960738=1, 13552656=1, 1434605=1, 24912256=5, 23773487=1, 21725365=2, 5704446=3, 23690908=1, 19176454=2, 25888556=3, 24454262=3, 7377976=2, 13204486=1, 21267729=2, 6635932=1, 15984220=1, 11484110=3, 5556684=1, 7912534=2, 8378199=1, 24807767=2, 216963=1, 7168413=1, 23048583=2, 31444986=1, 32221330=2, 10737524=1, 9820600=1, 15862743=4, 2894543=5, 5905150=4, 31857079=4, 4317001=1, 8795839=4, 12036033=2, 12260709=3, 13959700=3, 8218031=1, 12584805=9, 22146134=1, 20570987=1, 10716622=2, 22826162=1, 25883333=1, 26733042=1, 19657645=1, 30458482=1, 26458139=2, 334181=3, 17436735=4, 19305187=2, 27255506=1, 11190630=1, 6665076=2, 29482009=1, 11847208=1, 14939229=1, 25805530=1, 3446915=2, 3936736=5, 9027426=2, 21138070=2, 10462421=2, 32789348=1, 11125288=1, 8145904=1, 15295510=1, 2368673=5, 28325819=7, 5791538=1, 12413126=1, 16422611=2, 32201471=1, 25711111=1, 1957603=1, 5871264=2, 9848558=1, 28326500=7, 21419651=1, 18894894=1, 20408821=1, 1077537=1, 25865705=2, 8530812=4, 507367=2, 5916690=1, 19714260=1, 32143832=1, 29711364=1, 25426067=1, 18435307=1, 19591819=1, 15260512=1, 25622017=1, 6490225=3, 8619990=2, 14951424=5, 6671982=1, 26947316=3, 15179569=2, 3835084=2, 18296964=3, 9806441=2, 31564171=2, 15219009=6, 3973371=2, 32778645=5, 7408747=3, 10268271=2, 33417461=1, 3022194=4, 29505438=4, 33044639=6, 11512007=2, 27812481=1, 28532538=1, 17889862=1, 12113542=1, 10226356=5, 33254110=1, 17490720=1, 10072097=2, 15185108=2, 533948=6, 16443778=1, 28669251=1, 32806396=2, 2131587=2, 21481172=1, 3474924=3, 17848884=1, 25819261=1, 7891463=1, 31313722=1, 158824=1, 24526563=4, 11282572=5, 10245584=1, 2265077=2, 31789181=3, 33458460=2, 28925022=1, 25939525=1, 8799909=1, 32214252=2, 14778622=2, 27400485=4, 14793574=2, 6582812=1, 19490233=1, 25829642=4, 21298299=1, 29017635=1, 20464339=1, 17979387=1, 14869266=1, 11302593=1, 26313356=2, 17853213=1, 30491418=1, 6088726=1, 13483388=2, 19580935=1, 6007188=2, 24604637=1, 5826386=1, 32545455=2, 9764528=1, 9454186=1, 13126547=1, 30440352=1, 25101702=3, 8090708=1, 11140905=1, 6936587=1, 8014159=1, 26198487=1, 589476=1, 21679382=1, 3719436=1, 32542287=2, 28281753=2, 7314104=2, 26945891=3, 17236027=3, 4291549=1, 21678658=1, 32033626=1, 7331941=1, 17088571=1, 18206323=1, 27870104=1, 25270145=2, 18121459=2, 15918490=1, 5408487=2, 4866458=1, 47759=2, 22648385=2, 1722956=1, 29940060=1, 9384940=3, 14522483=2, 10383898=1, 3954121=1, 10339497=1, 24931857=1, 28943167=2, 21658648=1, 32584230=3, 8532027=4, 16254931=6, 17418670=1, 33540507=1, 2658575=2, 7722445=1, 26178412=1, 10152487=1, 16799755=1, 1436514=1, 29436429=3, 28039490=1, 19540879=4, 20234602=1, 10437847=1, 1873664=2, 28299184=1, 10978869=2, 13980968=1, 31885734=2, 27933226=4, 8452050=1, 9182800=5, 13937851=2, 22388758=2, 8435527=2, 20771437=1, 27384820=1, 20813075=2, 29682036=1, 25380775=1, 10988500=2, 14699847=1, 30722771=1, 422657=1, 14324180=2, 33541781=1, 14693680=8, 23819431=1, 29678103=1, 878298=1, 3760346=1, 25398447=2, 7478801=4, 17240880=3, 33345751=1, 8119074=1, 315883=1, 26736940=1, 3905049=2, 15431256=1, 11974907=2, 2239074=4, 31006403=3, 7017303=3, 17007847=2, 2095759=1, 20601481=1, 29428268=3, 17275732=2, 25263136=1, 18755564=4, 2375399=5, 12611796=1, 30069215=1, 25767217=3, 9969890=6, 32539107=2, 6283277=1, 30532533=1, 4179159=1, 15216383=6, 17595255=1, 15864411=4, 3339014=1, 67430=3, 12287293=1, 9061108=1, 13160421=1, 21095524=1, 30820872=1, 8288703=1, 21206848=2, 7465379=1, 1892253=1, 24472292=1, 29374589=9, 7840371=2, 29589931=2, 9060050=4, 11758573=1, 8440884=1, 14013836=1, 16611618=1, 16982317=3, 18561373=3, 28623498=1, 4720911=6, 13160095=1, 25985162=2, 13429816=1, 27167984=2, 20362950=2, 14290382=4, 19856081=1, 19610286=3, 28246397=3, 27179113=2, 16233352=2, 19445322=2, 26671837=1, 6428597=4, 16609009=1, 30578879=2, 25454202=1, 10306034=1, 2401972=2, 3329585=1, 25584333=1, 26899241=1, 13859365=1, 30966317=2, 30735876=1, 26789100=1, 15484495=1, 14565433=1, 32198920=1, 30614704=3, 10192172=2, 19462732=1, 25844739=1, 24452539=3, 27587289=1, 23631445=2, 5793846=1, 21026350=1, 2868969=1, 19700117=2, 4373912=2, 14536798=1, 5710619=3, 13727573=1, 13931365=2, 23045594=2, 18938452=1, 24062693=3, 13858289=1, 32928682=1, 10388954=2, 6584093=1, 2320030=1, 21139148=2, 15496522=1, 3364762=1, 23307703=2, 29072463=2, 15568558=2, 20969327=1, 11886516=1, 23548025=1, 19872312=3, 15538445=3, 26544912=3, 27288312=1, 29673102=1, 12361296=2, 7142380=1, 12198816=4, 18303109=1, 3238712=1, 32709882=3, 31980401=1, 26551362=3, 25686071=1, 21716778=1, 20450018=6, 31849999=1, 19366391=2, 14979000=2, 16515883=5, 7508588=2, 15669084=3, 17274874=2, 6438505=4, 20676247=1, 32272897=1, 17156027=1, 23301762=2, 2441700=1, 23810866=1, 20888347=2, 27927377=4, 32315879=3, 269072=5, 25759910=3, 7233204=1, 33434591=4, 21309218=3, 14106050=3, 8753047=2, 22611263=3, 17752548=1, 29388242=1, 14231219=3, 19507070=2, 7901577=2, 13046154=3, 20562489=1, 17306559=6, 6416091=1, 19028573=1, 28269640=1, 25490128=1, 8207004=3, 16572619=1, 13743999=2, 31336406=4, 28740068=2, 29997717=2, 32726147=1, 33108915=3, 27369672=2, 3850938=1, 23993207=4, 16019940=1, 4829866=2, 9884162=1, 1368020=1, 4200024=9, 28679234=2, 23384072=1, 18006550=1, 17648388=1, 2972835=1, 6327760=2, 27971130=1, 17296714=1, 1571379=1, 11442332=2, 27328828=3, 26146555=1, 30940156=6, 33071873=2, 31943195=1, 1835662=5, 21537371=2, 11739532=3, 1063195=7, 7426247=1, 4174660=2, 8988380=3, 27224383=1, 26655695=2, 15508835=2, 17333809=1, 29484596=1, 28235861=1, 30100982=1, 16062417=3, 16293073=2, 8563335=2, 24114813=1, 18593476=2, 13299691=1, 5923758=1, 8197863=3, 276213=5, 11153300=4, 10214193=1, 9586971=1, 10149080=1, 5092208=2, 18907187=2, 8675710=1, 10718321=2, 13857652=1, 5689115=1, 350497=1, 26493898=1, 17641102=3, 26079985=1, 13712185=3, 17951223=1, 5379721=4, 11259827=1, 30461518=1, 30387284=2, 28520727=3, 16283255=1, 4526222=3, 2599387=2, 30246010=2, 28505831=1, 20726232=1, 12901729=1, 6425156=4, 13046954=3, 3252911=2, 13422190=1, 13570102=3, 26249640=2, 24968148=1, 29919415=2, 27344250=3, 21246687=5, 13637320=7, 5740168=2, 31178939=1, 27772031=1, 3599756=1, 24711786=3, 31689665=2, 9791399=1, 13024122=2, 11819696=1, 5938561=2, 32145550=2, 23898318=2, 3022264=4, 16904527=1, 4121738=1, 23420749=1, 33013841=1, 20558101=2, 20225860=2, 16846706=3, 14847232=2, 23950632=1, 12350814=1, 21424394=1, 26726904=1, 809552=1, 4120285=1, 3788542=1, 30183654=2, 25974755=1, 32740660=2, 9834845=4, 19787814=1, 1199711=1, 10825247=3, 15261098=1, 2792020=2, 32548393=2, 1703227=1, 8287991=1, 27489841=1, 6287129=1, 18079652=1, 3434548=1, 32468394=1, 31859896=4, 30248740=2, 15789279=1, 15653891=1, 20002290=3, 3188148=2, 3300214=1, 27666898=4, 9350531=2, 6490162=3, 3186137=2, 11568947=2, 9320365=4, 13018024=2, 18635104=1, 736431=3, 12144244=1, 18946745=3, 3405643=1, 28875498=2, 29410039=1, 15195557=1, 16710281=1, 2458531=2, 8688809=2, 19709959=1, 25586627=1, 7404784=1, 21745905=1, 17856697=1, 27555550=1, 7365738=1, 11365478=1, 990076=3, 29627078=5, 4887496=2, 3222230=3, 11096547=1, 25771275=3, 6707423=1, 4054245=1, 5023189=2, 5521783=1, 3095299=3, 7103941=1, 10390739=2, 18363573=6, 21392365=1, 2902321=1, 15336114=4, 790183=5, 495615=2, 9220035=2, 28940925=2, 25839693=1, 1750127=2, 3884170=1, 3680683=6, 4565220=2, 24292056=2, 9815255=1, 22258061=2, 22199377=2, 8458568=3, 17116775=3, 3360039=1, 26089769=4, 20848322=4, 29898151=6, 25654631=1, 16554583=2, 19883740=1, 1487847=2, 21267355=2, 8249649=1, 16678311=1, 4977763=1, 32925618=1, 9916521=1, 4437904=2, 24836152=1, 2751636=1, 5002649=1, 24992707=1, 13876489=2, 14041983=1, 22792096=1, 32897924=1, 8203389=3, 6612335=1, 11949039=1, 3248182=2, 20158642=2, 3626940=1, 3642513=2, 14312678=1, 5131803=1, 23917073=1, 19537853=4, 4140556=3, 27170188=2, 31197358=5, 18668287=1, 18921961=2, 21291824=1, 9659306=1, 5642187=4, 1246529=3, 25904766=1, 31190965=1, 8165977=2, 672736=1, 2705479=1, 18132775=2, 12919407=3, 9193395=1, 4096710=2, 28147649=1, 18662689=1, 1478018=2, 22958892=1, 16480780=1, 16639393=1, 6931468=1, 14471690=1, 25801194=2, 27205954=3, 3860538=1, 18790874=2, 19718914=1, 20174611=1, 32872638=2, 3290032=4, 4610293=1, 5174626=1, 23590352=1, 3420709=5, 1551248=2, 16793438=11, 19099463=1, 1866078=1, 14856403=2, 1390217=3, 26908690=2, 33016641=1, 18065688=2, 17456579=1, 3077805=1, 4437624=2, 17452654=1, 11504357=2, 2115787=1, 31330875=4, 3277046=4, 30790994=1, 2997052=2, 25788851=2, 26789530=1, 2536281=2, 24771861=1, 33000724=2, 31268795=3, 11569212=2, 19183394=2, 25604657=2, 21133871=1, 27885680=2, 10652299=2, 11268457=1, 11174947=2, 8235337=2, 5754508=1, 4903383=1, 23474363=4, 21494494=1, 7585059=2, 10039069=3, 8279049=1, 7826193=1, 1954231=1, 29525707=2, 27616260=1, 28937933=2, 10612335=1, 29720788=2, 17129908=1, 26628553=1, 11248106=2, 18185133=1, 10785257=2, 1417510=2, 18229648=4, 24709622=3, 15652125=1, 26857426=1, 16727343=3, 24702744=1, 9076355=1, 26647300=2, 19256626=1, 27268285=8, 26649064=2, 4239522=2, 16796843=1, 23462956=4, 2889604=5, 13478638=2, 1745546=2, 19000634=1, 17344492=2, 3193612=2, 18011444=1, 28833247=1, 8599068=3, 7804927=3, 31420877=1, 7430725=1, 22068340=2, 26371277=1, 16483609=2, 25947715=1, 10640981=1, 16486735=2, 30038246=1, 25999127=2, 10879009=4, 19975203=1, 1013179=1, 16374482=1, 31578983=1, 11689812=1, 30482857=3, 29565180=3, 23983960=1, 14149550=1, 5179251=3, 29281418=1, 15976828=1, 5006384=1, 28994899=1, 10896791=1, 4186863=1, 30905479=2, 28861691=1, 6166567=4, 16637666=1, 31184804=1, 12969560=1, 22948521=4, 22433369=1, 10080602=1, 8662=13, 13117154=6, 16898309=1, 24349623=2, 8204384=3, 7428753=1, 14158065=6]}> but was:<...rime: 6 register: {2[6551362=3, 16608106=1, 13209352=2, 7508588=2, 633544=2, 1956735=1, 20888347=2, 18363573=6, 4829866=2, 9454186=1, 4437624=2, 27927377=4, 8675710=1, 26493898=1, 13483388=2, 17624703=1, 7939661=3, 2792020=2, 4264350=3, 4852977=4, 19883740=1, 3905049=2, 13024122=2, 25974755=1, 23131307=1, 18229648=4, 26709725=2, 20457259=6, 18296964=3, 8579024=1, 23418199=1, 19083408=3, 21095524=1, 24281916=2, 10080602=1, 31611366=1, 9350531=2, 24807767=2, 5924716=1, 14312678=1, 3973371=2, 446722=1, 31325457=1, 32548393=2, 21494494=1, 6411508=1, 20448057=6, 15492104=1, 10336727=2, 24771861=1, 2889604=5, 7368684=1, 17306559=6, 13552656=1, 33000724=2, 18790874=2, 3405643=1, 10785257=2, 14778622=2, 22069036=2, 33326442=2, 3552779=4, 878298=1, 4839446=1, 26505769=1, 9088786=2, 27328828=3, 5379413=4, 1436514=1, 15181452=2, 7508316=2, 29711364=1, 3188148=2, 24454262=3, 3077805=1, 12743060=1, 22388758=2, 25544914=1, 148411=1, 21138070=2, 21766747=5, 3936736=5, 507367=2, 16233352=2, 3339014=1, 599681=3, 17323918=1, 7013981=3, 2536281=2, 23993207=4, 26089769=4, 29505438=4, 23068809=8, 3238712=1, 13046154=3, 6976903=1, 3881958=3, 10988500=2, 158824=1, 13766633=4, 13422190=1, 14041983=1, 12584805=9, 4373912=2, 10226356=5, 27452930=1, 31455454=1, 19143114=5, 19709959=1, 1373698=1, 22185766=2, 21725365=2, 4087997=1, 21291824=1, 10245584=1, 7548230=3, 6120763=1, 26026387=3, 26945891=3, 26789100=1, 21745905=1, 21214531=2, 20158642=2, 6584093=1, 22068340=2, 16622601=2, 7635837=2, 26249640=2, 18385980=2, 5002649=1, 8279049=1, 8662=13, 13071353=1, 26371277=1, 25101702=3, 11724937=1, 33013841=1, 22894253=1, 19490233=1, 16062417=3, 31718127=1, 4201969=9, 6325049=2, 9076355=1, 31190965=1, 1745546=2, 24433722=1, 8287991=1, 811851=1, 12144244=1, 23152535=1, 6387302=1, 6671982=1, 17661587=1, 31197358=5, 7466566=1, 25801194=2, 30462502=1, 26649064=2, 26733042=1, 14234831=3, 2894543=5, 13787150=1, 28520727=3, 32143832=1, 16609009=1, 29428268=3, 33281079=1, 16624677=2, 9220035=2, 33541781=1, 30054762=2, 14729854=1, 23493428=1, 5379721=4, 17595255=1, 16515883=5, 30310855=2, 22199377=2, 22594220=1, 5791538=1, 4437904=2, 14149550=1, 19700117=2, 5059087=3, 1077537=1, 16678311=1, 24711786=3, 13529742=1, 5793846=1, 16780673=11, 10339497=1, 16019940=1, 11174947=2, 14665837=1, 25398447=2, 31330875=4, 17848884=1, 7932822=3, 16346804=1, 26655695=2, 14569716=1, 3390336=2, 27650169=1, 8563335=2, 5961481=1, 19778103=1, 5704446=3, 19591819=1, 3938380=5, 12113542=1, 26276195=1, 21026350=1, 7148951=3, 29370167=9, 11887816=1, 27939821=1, 30905479=2, 15568558=2, 29809988=1, 17979387=1, 8458568=3, 9108989=1, 17853213=1, 18435307=1, 3252911=2, 25134647=2, 16242257=1, 18303109=1, 18185133=1, 30183654=2, 18984532=2, 7420292=3, 10718321=2, 19183394=2, 3743137=3, 3474924=3, 18894894=1, 6327760=2, 33417461=1, 28875498=2, 17629923=3, 11259827=1, 23950632=1, 33108915=3, 12103933=2, 15789279=1, 7912534=2, 3528908=1, 32584230=3, 32289619=2, 17490720=1, 12242479=1, 8090708=1, 9864890=2, 11689812=1, 8532027=4, 19966565=2, 19975203=1, 25374223=3, 13421765=1, 29919415=2, 9969890=6, 29281418=1, 17275732=2, 20744972=2, 5989981=1, 28096569=2, 31016135=1, 22433369=1, 21309218=3, 24678827=2, 11949039=1, 19176454=2, 8235337=2, 23323819=1, 3095299=3, 31585208=1, 9110565=3, 32613779=2, 2131387=2, 17456579=1, 25985162=2, 28679234=2, 24931857=1, 30100982=1, 31980401=1, 12118547=1, 18593476=2, 13160421=1, 3022264=4, 23819431=1, 2095759=1, 7488434=1, 7233204=1, 29253745=1, 269072=5, 12260709=3, 29895499=6, 8998090=1, 28564847=1, 23631445=2, 7103941=1, 22648385=2, 9027426=2, 7722445=1, 16374482=1, 13033582=1, 1013179=1, 21246687=5, 28505831=1, 31329671=4, 16637666=1, 16799755=1, 7840371=2, 26198487=1, 26098852=4, 27603677=3, 3642513=2, 16283255=1, 30289254=4, 20969327=1, 15337393=4, 11793246=1, 1873664=2, 24836152=1, 28325819=7, 10224489=5, 26801279=1, 30940156=6, 14418049=5, 11434684=1, 28833247=1, 28808733=2, 2375399=5, 23898318=2, 27369672=2, 21251886=1, 31941493=1, 1199711=1, 20464339=1, 4720911=6, 14201973=2, 8435527=2, 22611263=3, 31184804=1, 25586627=1, 31943195=1, 23334805=5, 16654775=4, 24292056=2, 933644=4, 18513639=1, 22363432=3, 6231922=3, 27454941=1, 13051755=3, 25795352=2, 11569212=2, 11807950=5, 29072463=2, 15976828=1, 24062693=3, 9820600=1, 4138095=3, 16982317=3, 13980968=1, 18593812=2, 2320030=1, 14326966=2, 23220662=1, 30944193=6, 17156027=1, 32912852=4, 6428597=4, 5871264=2, 19618283=1, 28147649=1, 25829642=4, 33434591=4, 27870104=1, 3835084=2, 3567796=1, 12350814=1, 3027916=4, 30248740=2, 25759910=3, 21351828=1, 18006550=1, 9522425=1, 30387284=2, 23664750=3, 18281503=1, 10879009=4, 4140556=3, 30440352=1, 17236027=3, 31421927=1, 3788542=1, 3328700=1, 30893179=1, 10306034=1, 7804927=3, 28039490=1, 31420877=1, 5669125=2, 14699847=1, 16542688=1, 3954121=1, 31689665=2, 18635104=1, 18938452=1, 11125288=1, 22814926=5, 10247009=1, 216963=1, 28246397=3, 28621380=2, 4239522=2, 30217820=3, 9182800=5, 16762778=1, 8539499=1, 25865705=2, 16710281=1, 18907187=2, 8119074=1, 6552519=1, 11282572=5, 1478018=2, 15508835=2, 23358319=1, 26736940=1, 4977763=1, 30519884=2, 21679382=1, 22440711=1, 31663252=3, 9239366=1, 5905150=4, 20225860=2, 28925022=1, 25711111=1, 11758573=1, 13570102=3, 15864411=4, 33351089=1, 25492663=1, 29482009=1, 11190630=1, 29683167=1, 25805530=1, 25888556=3, 4186863=1, 15431256=1, 21199871=1, 24114813=1, 25904766=1, 32252512=5, 5023189=2, 5740168=2, 3248182=2, 23307703=2, 26954219=1, 28783039=3, 9085272=2, 8249649=1, 26409194=1, 9614537=2, 13117154=6, 28126455=3, 17436735=4, 67430=3, 29702209=3, 3760346=1, 17240880=3, 17856697=1, 33044639=6, 19537853=4, 16483609=2, 9848558=1, 17641102=3, 4928221=3, 19714260=1, 20063632=4, 5826386=1, 8207004=3, 11739532=3, 9806441=2, 9193395=1, 23590352=1, 4096710=2, 16443778=1, 21133871=1, 5923758=1, 3006148=1, 23586586=1, 9834845=4, 27764113=2, 18282678=1, 9659306=1, 25622017=1, 4887496=2, 32709882=3, 589476=1, 29161017=1, 29410793=1, 32789348=1, 15694532=1, 28850073=6, 15862743=4, 15260512=1, 28940925=2, 19445322=2, 17088571=1, 5689115=1, 12287293=1, 13429816=1, 16362780=2, 15216383=6, 25839693=1, 6490162=3, 28994899=1, 31379561=1, 2599387=2, 13858289=1, 23690908=1, 10390739=2, 2296015=3, 3434548=1, 14106050=3, 29678103=1, 1390217=3, 26857426=1, 5460323=1, 23773487=1, 13828760=3, 2868969=1, 22924848=1, 12901729=1, 4737948=1, 26645156=2, 495615=2, 14693680=8, 7826193=1, 16293073=2, 28235861=1, 5131803=1, 7408747=3, 10039069=3, 13727573=1, 3706595=2, 14231219=3, 17889862=1, 1954231=1, 10149080=1, 26726904=1, 7365738=1, 7173524=1, 10652299=2, 28299184=1, 12361296=2, 6416091=1, 18132775=2, 13299691=1, 9764528=1, 20726232=1, 28943167=2, 9061108=1, 33016641=1, 9891608=1, 20138287=1, 4302796=2, 28861691=1, 9815255=1, 29436429=3, 5710619=3, 33342019=1, 422657=1, 24923527=1, 17274874=2, 31444986=1, 29262495=2, 19737389=3, 14869266=1, 790183=5, 19305187=2, 24766497=1, 26863629=1, 2401972=2, 24604637=1, 20570987=1, 8332984=3, 3022194=4, 29565180=3, 27400485=4, 18936643=1, 25490128=1, 28444456=4, 20174611=1, 11847208=1, 29525707=2, 6984347=2, 7142380=1, 12158239=2, 14134737=2, 17344492=2, 13047010=3, 11268457=1, 17951223=1, 10437847=1, 1730045=1, 32856952=1, 2458531=2, 14368001=3, 17129908=1, 4054245=1, 2751636=1, 21424394=1, 13857652=1, 16827262=1, 22199761=2, 18669571=1, 16254931=6, 4174660=2, 15690167=1, 22093532=3, 5521783=1, 11886516=1, 19241512=2, 3850938=1, 9791399=1, 8168123=2, 19256626=1, 29898151=6, 350497=1, 28937933=2, 73293=3, 33434934=4, 10825247=3, 20362950=2, 31178939=1, 9787004=1, 32809235=2, 15653891=1, 18163629=3, 855378=3, 26628553=1, 17418670=1, 19366391=2, 6186326=1, 3818747=1, 16422611=2, 8604248=1, 21366383=4, 335570=3, 32726147=1, 14471690=1, 7484059=4, 14856403=2, 6166567=4, 25426067=1, 20960738=1, 7168413=1, 25947715=1, 24452539=3, 23548025=1, 13959700=3, 14536798=1, 21267729=2, 20676247=1, 1643950=3, 23474363=4, 23301762=2, 21320065=1, 24702744=1, 3719436=1, 4526222=3, 47759=2, 25848394=1, 24912256=5, 18668287=1, 30140733=1, 6292467=8, 8203389=3, 16898309=1, 25767217=3, 15185108=2, 6433036=4, 23462956=4, 17007847=2, 8283949=1, 28740068=2, 26671837=1, 27167984=2, 25584333=1, 26908690=2, 30532533=1, 18561373=3, 11568947=2, 25091884=1, 27616260=1, 25604657=2, 8301409=2, 3860538=1, 8988380=3, 31670133=3, 25400411=2, 1417510=2, 18065688=2, 16611618=1, 25654631=1, 5556684=1, 15397009=1, 3277046=4, 7465379=1, 18921961=2, 5971854=3, 19028573=1, 29938132=1, 19000634=1, 3599756=1, 23917073=1, 14389532=2, 1722956=1, 8795839=4, 1038721=1, 27170188=2, 5006384=1, 8174444=2, 17313920=6, 23364624=2, 31313722=1, 30482857=3, 29720788=2, 15918490=1, 6025315=1, 25454202=1, 33345751=1, 6624812=3, 30298481=1, 30348657=3, 19872312=3, 5131351=1, 15652125=1, 17752548=1, 20195241=5, 27812481=1, 16480780=1, 15597405=1, 30038246=1, 31578983=1, 6490225=3, 19657645=1, 9915509=1, 25538950=2, 11153300=4, 10612335=1, 8599068=3, 11569032=2, 8378199=1, 16904527=1, 19796060=4, 8799909=1, 24472292=1, 21716778=1, 20450018=6, 27555550=1, 16793438=11, 8197863=3, 18513136=1, 4179159=1, 4866458=1, 15048498=2, 8145904=1, 25686071=1, 18011444=1, 533948=6, 26544912=3, 5454827=3, 10737524=1, 9276741=2, 24589923=3, 1576735=6, 27654901=1, 8452050=1, 11302593=1, 18683583=3, 33071873=2, 4892119=2, 32425380=1, 11290105=1, 13018024=2, 13937851=2, 28269640=1, 3364762=1, 9884162=1, 25883333=1, 12160070=2, 32928682=1, 26647300=2, 32214252=2, 6635932=1, 31498675=2, 15261098=1, 24733118=1, 19856081=1, 27084758=1, 21139148=2, 13413803=2, 30246010=2, 8440884=1, 17648388=1, 7404784=1, 25999127=2, 27224383=1, 2770418=1, 30491418=1, 22022043=7, 17116775=3, 27255506=1, 4121738=1, 6283277=1, 15195557=1, 1866078=1, 21813685=1, 24384135=5, 276213=5, 19208194=3, 26947316=3, 2902321=1, 18662689=1, 26313356=2, 16486735=2, 25380775=1, 6438505=4, 11096547=1, 11732515=3, 3186137=2, 9544406=2, 17031023=1, 27687830=1, 5198417=1, 17821798=1, 23384072=1, 19099463=1, 21863844=2, 22258061=2, 17296714=1, 8688809=2, 1087293=2, 2281904=1, 32806396=2, 18431276=3, 10978869=2, 15484495=1, 2790377=2, 12413126=1, 28025468=2, 15946938=1, 9524516=1, 13160095=1, 5092208=2, 5598046=1, 11512007=2, 30272217=1, 24299477=1, 1368020=1, 1551248=2, 29410039=1, 14648257=2, 12395880=3, 11442332=2, 18488009=4, 1750127=2, 6891247=3, 15669084=3, 21476218=2, 18185888=1, 3377685=2, 23420749=1, 20042926=1, 31336406=4, 8218031=1, 20848322=4, 17690864=1, 29589931=2, 7430725=1, 16272132=1, 32272897=1, 21267355=2, 8204384=3, 31690849=2, 13046954=3, 13876489=2, 22826162=1, 20558101=2, 18755564=4, 8108063=2, 22146134=1, 32539107=2, 27587289=1, 14565433=1, 1892253=1, 27971130=1, 5670807=2, 2228106=1, 16572619=1, 32201471=1, 29388242=1, 23148458=3, 3290032=4, 21649459=1, 1246529=3, 19787814=1, 22759758=1, 22736529=1, 23983960=1, 17376209=3, 22948521=4, 1063195=7, 6265098=2, 9320365=4, 23005068=3, 16554583=2, 32925618=1, 23156667=1, 30616490=3, 16363713=2, 10388954=2, 27930991=4, 30719604=2, 14625273=3, 30915734=2, 31849999=1, 11293518=1, 27933226=4, 30069215=1, 8014159=1, 19610286=3, 8619990=2, 10192172=2, 6931468=1, 14122614=1, 5938561=2, 29505152=4, 12969560=1, 20427125=2, 15219009=6, 11140905=1, 3884170=1, 21305270=3, 21008427=2, 25819261=1, 25219641=1, 21419651=1, 315883=1, 2368673=5, 24795234=1, 8288703=1, 11545278=7, 21392365=1, 4291549=1, 28532538=1, 2658575=2, 10268271=2, 13931365=2, 10651430=2, 534468=6, 25213738=2, 25745084=1, 16260782=6, 16817643=2, 6582812=1, 14951424=5, 15179569=2, 4610293=1, 3318760=2, 21135778=2, 17926646=2, 14324180=2, 12036033=2, 6612335=1, 27179113=2, 16333372=3, 4903383=1, 1914801=3, 10354357=1, 1571379=1, 16639393=1, 32315879=3, 6486888=1, 26379332=2, 3329585=1, 9384940=3, 27884274=1, 21113131=4, 2219904=1, 20771437=1, 3360039=1, 19936966=7, 14979000=2, 2441700=1, 26458139=2, 17333809=1, 8154695=1, 18833325=1, 22958892=1, 28623498=1, 15295510=1, 5408487=2, 25855402=2, 4200024=9, 14939229=1, 24790713=1, 17197501=1, 21537371=2, 13743999=2, 1703227=1, 19353532=1, 1487847=2, 1957603=1, 13126547=1, 4120285=1, 5680476=2, 6495258=3, 3975777=2, 2865604=2, 11185401=2, 4092344=1, 15807580=3, 5179251=3, 9806322=2, 23053728=1, 32221330=2, 2143153=2, 25939525=1, 15142137=3, 33077231=2, 30614704=3, 22792096=1, 1835662=5, 14290382=4, 8715142=1, 19718914=1, 21922110=2, 14522483=2, 27378480=1, 990076=3, 16846706=3, 15741376=7, 17227939=1, 10896791=1, 31857079=4, 3193612=2, 15984220=1, 32778645=5, 26549182=3, 23197107=1, 26079985=1, 12329289=5, 3626940=1, 7273914=1, 14847232=2, 27666898=4, 30966317=2, 19580935=1, 1492898=1, 4317001=1, 600842=3, 6340939=1, 28326500=7, 18396003=2, 24968148=1, 27772031=1, 20234602=1, 27604938=3, 31268795=3, 32872638=2, 24029165=2, 11484110=3, 23045594=2, 12611796=1, 29408167=2, 32236574=1, 33458460=2, 9916521=1, 9846806=1, 5916690=1, 7585059=2, 3680683=6, 26928030=1, 28966879=1, 27268285=8, 7322315=2, 27205954=3, 13307731=3, 20408821=1, 11974907=2, 13478638=2, 29682036=1, 21298299=1, 30735876=1, 20130514=3, 19695734=2, 30894825=1, 2705479=1, 12198816=4, 33540507=1, 29774161=1, 10492545=8, 7863743=1, 32198920=1, 7331941=1, 2239074=4, 17747241=1, 23663882=3, 12701280=1, 29484596=1, 7377976=2, 14793574=2, 22647635=2, 7426247=1, 24709622=3, 18079652=1, 9936136=2, 21285439=1, 30722771=1, 31859896=4, 19938712=7, 6088726=1, 672736=1, 18987303=2, 2972835=1, 4315682=1, 7860310=1, 1434605=1, 25450860=1, 32145550=2, 27288312=1, 7314104=2, 3293335=1, 12545304=1, 23048583=2, 31252924=1, 26146555=1, 15336114=4, 31904492=1, 7428753=1, 8165977=2, 25788851=2, 11504357=2, 2265077=2, 736431=3, 27344250=3, 13859365=1, 809552=1, 4565220=2, 13712185=3, 19462732=1, 6287129=1, 27885680=2, 20002290=3, 10462421=2, 28281753=2, 3222230=3, 203290=3, 32740660=2, 19507070=2, 21309762=3, 3420709=5, 7478801=4, 18678395=3, 3620439=3, 14158065=6, 16796843=1, 25270145=2, 26899241=1, 3300214=1, 32542287=2, 16758914=2, 32999760=2, 18121459=2, 21678658=1, 33254110=1, 24526563=4, 6425156=4, 2115787=1, 3446915=2, 2056884=1, 4413228=1, 5754508=1, 29673102=1, 24992707=1, 24510338=1, 23691258=1, 25771275=3, 10214193=1, 20562489=1, 2997052=2, 3836801=2, 32033626=1, 15496522=1, 22092837=3, 26070930=1, 25836729=4, 31222548=1, 8646443=1, 30578879=2, 5642187=4, 12919407=3, 18946745=3, 26178412=1, 8255017=1, 4314095=1, 20813075=2, 25263136=1, 21644879=1, 9060050=4, 6707423=1, 16328004=3, 11048714=2, 31789181=3, 18206323=1, 21206848=2, 13204486=1, 31201325=5, 803625=1, 23810866=1, 13936151=2, 14737668=1, 15538445=3, 6039185=5, 10742951=1, 31885734=2, 29017635=1, 31006403=3, 14013836=1, 334181=3, 4533489=3, 11248106=2, 15020653=3, 32545455=2, 8530812=4, 30790994=1, 10152487=1, 19787252=1, 9586971=1, 7017303=3, 30461518=1, 16727343=3, 9602199=2, 13663556=1, 20601481=1, 20710940=5, 32468394=1, 10072097=2, 6007188=2, 29940060=1, 21658648=1, 2131587=2, 1477712=2, 10383898=1, 24349623=2, 8753047=2, 5156073=2, 25844739=1, 14433865=5, 29627078=5, 31564171=2, 7891463=1, 24482099=2, 8058243=1, 31492233=2, 27384820=1, 22654108=2, 26741062=6, 29161097=1, 6936587=1, 26853016=2, 30458482=1, 5174626=1, 15441602=2, 26789530=1, 21481172=1, 29997717=2, 17452654=1, 16137063=4, 29374589=9, 13637320=7, 11819696=1, 28669251=1, 16309130=1, 25859540=2, 7901577=2, 9360539=1, 10640981=1, 10716622=2, 30820872=1, 19540879=4, 27489841=1, 7928350=1, 6665076=2, 32897924=1, 6903361=1, 7560652=1, 11365478=1]}>
	at org.apache.hadoop.hive.common.ndv.hll.TestHLLSerialization.testHLLSparseSerializationHalfDistinct(TestHLLSerialization.java:119)
]]></failure>
  </testcase>
  <testcase name="testHLLDenseSerializationHalfDistinct[5]" classname="org.apache.hadoop.hive.common.ndv.hll.TestHLLSerialization" time="0.029"/>
  <testcase name="testHLLSparseNoBitPacking[5]" classname="org.apache.hadoop.hive.common.ndv.hll.TestHLLSerialization" time="0.099">
    <failure message="expected:&lt;...Prime: 6 register: {[620931=1, 11916389=1, 30671521=5, 24537240=1, 12053444=1, 418385=1, 28674330=2, 32900393=4, 14765933=1, 30780760=2, 22092368=3, 28920303=1, 17554965=1, 27455298=1, 19545535=4, 14430266=5, 3786371=1, 9596163=1, 5209263=1, 28307611=1, 28834429=1, 29145809=2, 9182370=5, 19183120=2, 22877584=3, 1282632=2, 1732213=1, 16632564=1, 31030500=1, 22705577=1, 31119171=1, 10960974=1, 3106236=1, 13208233=2, 18966187=1, 6363121=3, 4569707=2, 16794745=1, 24944290=2, 31402540=3, 27657226=4, 29260618=1, 14591385=2, 20205894=1, 14071190=2, 13258888=1, 19743708=1, 26593120=1, 5039946=1, 28404453=1, 5267327=1, 15773908=2, 17683345=1, 11779667=2, 10281121=1, 8705592=1, 17090498=1, 883541=1, 26834670=1, 969896=1, 9058591=4, 33500089=3, 27325259=1, 7735322=4, 18068841=2, 31863209=4, 16160188=2, 33012350=2, 27351867=1, 5674797=2, 16355460=2, 9572038=4, 30962412=1, 29287331=1, 5051045=3, 10093967=4, 10527999=2, 5445141=3, 31157200=1, 3138530=1, 24111939=1, 29845658=1, 8258713=4, 2975568=1, 20623179=2, 16250934=1, 10845816=1, 4877200=1, 12721894=4, 16579327=1, 18423802=3, 27437258=2, 11703751=2, 2850648=1, 10622467=4, 29291849=1, 29829400=3, 11651669=1, 32873198=2, 20807454=1, 30811630=4, 19351575=1, 12493276=2, 10026595=1, 12462510=4, 14425396=5, 30546123=4, 24183637=3, 619520=1, 24084710=2, 26164135=3, 23348312=1, 10990918=2, 19563642=2, 23242358=2, 25619461=1, 15118726=2, 27817925=1, 28801621=1, 23679914=1, 653935=1, 21594775=2, 19610172=3, 11356451=1, 11949559=1, 31222618=1, 5618746=2, 10024246=1, 21943612=1, 3797602=1, 25589686=1, 1942790=2, 1394021=1, 31065491=4, 15653283=1, 7415938=3, 3423114=5, 25362470=3, 29200409=2, 6319558=1, 13831187=3, 138524=4, 17205645=2, 30556796=1, 16059560=3, 1023609=2, 32667169=1, 15889129=1, 11995144=3, 24405977=1, 25757081=3, 14990455=2, 25726316=2, 22163068=4, 28936171=2, 32617343=2, 19615882=1, 16772001=1, 192352=1, 15737126=7, 14669493=1, 32248590=5, 16719380=3, 24336365=1, 10077258=1, 9226436=1, 22953289=4, 17668445=2, 7499832=1, 21166641=1, 21059289=1, 18691343=3, 28598617=1, 30598229=1, 16750118=2, 25919329=1, 16450927=3, 9070253=1, 31093056=1, 18650261=2, 3178410=1, 29370801=9, 22468992=1, 4742573=1, 16842797=3, 10566102=3, 30729871=1, 19652863=1, 27131246=1, 6465668=2, 4435835=2, 6347527=1, 19103937=2, 29078840=2, 10847169=2, 12627713=2, 19902744=2, 30636616=1, 19943515=1, 33362008=3, 993133=3, 1811726=2, 218325=1, 6833286=1, 28617828=2, 11405540=4, 18342329=1, 11760698=1, 26731139=1, 24464231=1, 25390680=1, 24955303=1, 26734209=1, 15414013=3, 18434130=1, 24107234=1, 19943239=1, 30073553=1, 7544616=3, 8494934=2, 26415417=3, 29081076=2, 1715414=4, 25376193=3, 26776100=2, 27452746=1, 9850632=1, 32401237=1, 23078140=8, 23701167=2, 28541778=2, 32962010=1, 21359466=1, 7096664=1, 1769495=3, 33105425=3, 14194762=2, 8289257=1, 622545=1, 18883173=8, 7943841=3, 970785=1, 16462484=3, 14172302=1, 6081060=1, 20663002=1, 32501112=1, 18453204=2, 9998849=2, 2343945=1, 14269956=2, 22771758=1, 1491686=1, 29308580=3, 31440000=2, 33221347=1, 12837867=1, 7655699=1, 20319301=4, 26423992=3, 8721033=3, 2285664=1, 17217473=2, 2002780=2, 12054184=1, 24412681=2, 11584477=1, 12014965=1, 22301096=1, 23482905=1, 4857423=4, 13634636=7, 24914959=5, 8618545=2, 17454413=1, 1615046=2, 16117685=1, 12337299=1, 26457333=2, 2426165=3, 20238363=1, 546296=1, 13456977=1, 32959684=1, 15116251=2, 30056267=2, 26871904=4, 7032284=1, 8680987=1, 26700470=1, 1158432=2, 3996575=1, 2061447=1, 30866710=1, 10293166=3, 12070633=6, 5756194=1, 33295415=5, 19137484=5, 21643254=4, 3002690=1, 27176952=2, 20695134=1, 14098353=3, 26766021=1, 4404463=3, 1518138=3, 6055334=1, 30927814=1, 23650035=1, 28726889=1, 31360660=2, 17077986=2, 30000472=1, 3325467=2, 350458=1, 25344399=2, 13708701=3, 31615167=1, 3555034=4, 1458059=4, 7967665=2, 22087149=3, 30982134=2, 17120273=3, 6503369=3, 27990484=3, 7867465=6, 32311522=3, 10828451=3, 6516597=1, 11113102=2, 4795201=3, 11574222=2, 20312245=1, 9402743=1, 23809920=1, 29377894=1, 13648020=1, 22310988=1, 12243029=1, 13199556=1, 31763005=2, 22212733=1, 25398123=2, 12289883=2, 24020643=2, 17367685=3, 5742785=2, 15687469=1, 10296950=3, 13921691=1, 13523492=1, 17157081=1, 33319216=1, 1611720=2, 5234102=1, 28614315=2, 31673246=1, 14680198=8, 24117886=7, 13196572=1, 26499856=1, 22997369=1, 10547462=1, 3410268=5, 30114251=2, 14329282=2, 26846040=2, 5875529=2, 31089380=1, 33447016=1, 28633221=1, 18140258=1, 30414111=7, 8541592=1, 14756583=3, 2564098=3, 15152478=3, 32797922=1, 7686936=1, 4358326=2, 19953653=1, 14907744=1, 26249098=2, 23661545=3, 29795546=2, 11497180=1, 17190855=1, 29654132=1, 17946023=1, 30452824=2, 23653055=1, 16832126=1, 30375170=1, 6123321=1, 28022574=2, 5287863=2, 20608619=1, 18635154=1, 26099735=1, 21616289=1, 18211148=1, 21892606=4, 14136305=2, 25176505=10, 6498813=3, 8867196=1, 12793413=3, 1548902=2, 17122501=1, 10545653=1, 12283926=1, 14047830=1, 25639769=3, 1018447=2, 16791332=11, 22547009=6, 6331930=2, 27044546=2, 25764816=3, 1876711=2, 33209575=2, 32742583=2, 5184546=3, 11862461=3, 7046665=2, 9947013=1, 27434773=2, 23222567=1, 25205078=2, 4418879=1, 13818751=1, 12516877=1, 19359534=1, 28156488=2, 14889640=3, 24538682=1, 3838693=2, 21575905=3, 6355850=1, 18575177=1, 5423200=1, 29928077=2, 635862=2, 23177209=2, 26054112=2, 23257221=1, 10934010=1, 14834284=1, 4146358=1, 8124509=1, 2238660=4, 128210=1, 28125722=3, 26820022=3, 32834970=3, 1450139=4, 22350003=3, 5055558=3, 10281588=1, 27297291=2, 31645777=1, 28924179=1, 27530343=5, 14528372=2, 19168306=1, 4049224=1, 5080547=2, 24099716=2, 27267416=8, 8312500=1, 30837173=2, 25568617=4, 15566079=2, 7656227=1, 15343910=4, 11736714=3, 11180862=2, 21996473=2, 17123309=1, 19232390=1, 9011731=2, 13826954=1, 3761862=1, 21588949=1, 6813291=1, 14276336=1, 24778077=4, 12780947=3, 32065678=1, 28894296=1, 19565924=2, 10210143=1, 10083691=1, 25736695=2, 29807029=1, 12882863=2, 2815258=1, 29910980=1, 29050046=1, 19912066=1, 13570782=3, 26969940=2, 21401887=2, 23064743=1, 25426043=1, 18962992=1, 8544138=1, 11528457=1, 21152732=1, 11527670=1, 14823944=4, 20664746=1, 19021439=4, 29738395=1, 12289858=2, 15016636=3, 10414470=1, 1883166=2, 22906193=2, 6514854=1, 31642313=1, 11717941=1, 31084064=1, 30543997=4, 29970396=1, 6339973=2, 17673937=2, 5121510=4, 16717233=3, 28083908=2, 5926298=1, 3966366=2, 30551795=4, 4510232=1, 3223226=3, 1217951=2, 13570265=3, 72257=3, 19143019=5, 32426311=1, 25924076=2, 11945347=1, 11905375=2, 27592852=3, 12449802=1, 10944937=3, 12186597=1, 28066837=1, 4313241=1, 26903683=2, 24515510=4, 14314800=1, 6523745=2, 9874583=2, 10403250=2, 5663981=1, 6828068=6, 9182040=5, 16582578=3, 9154966=2, 28868618=2, 27867077=3, 26195376=2, 12900799=1, 16668194=1, 5229701=1, 15770353=2, 7673622=3, 33504574=3, 32624782=1, 25802749=2, 8812012=1, 17121988=1, 15321421=1, 7591959=1, 17479986=2, 21009443=2, 17521430=1, 32252976=5, 32121122=4, 33310158=1, 3726270=1, 12718000=4, 27991469=3, 8167580=2, 9277721=2, 30227076=3, 8507871=1, 27278022=8, 16830054=1, 5088758=2, 5597253=1, 3351933=3, 9661864=1, 2580124=1, 21440075=3, 2626927=6, 28225464=2, 26919320=1, 23864196=5, 9343963=2, 30568677=1, 25533230=2, 17884178=1, 5028650=2, 11326088=1, 8193364=3, 12182377=1, 25771888=3, 22343717=1, 3617329=3, 32196116=1, 16305834=1, 3355060=3, 30157468=5, 32433790=1, 11018058=6, 32138569=1, 26750987=6, 31793815=3, 26021060=3, 5765894=1, 18731621=1, 4881391=1, 29532852=2, 27651051=1, 262479=5, 16676737=1, 12419772=2, 12404015=1, 27516056=1, 7876840=6, 29581787=1, 20262194=3, 1641703=3, 19680505=1, 1695017=1, 22206911=1, 30397497=1, 12425050=2, 23666960=3, 18518125=2, 30416892=7, 12690458=2, 20058719=4, 4572258=1, 17196096=1, 11228339=1, 11145232=4, 33043732=6, 16776269=1, 31282946=1, 19258634=1, 19407032=6, 29511810=1, 30336257=1, 16381941=1, 30520482=2, 32106532=1, 28546637=2, 7178280=2, 22738333=1, 27285726=1, 15325372=1, 28332384=1, 15835002=2, 25108820=3, 23104249=2, 29111646=5, 22861879=1, 18450738=2, 7890102=1, 11028113=1, 11687463=1, 25453682=1, 18683247=3, 9945643=1, 3198752=1, 15548850=1, 126436=1, 627760=2, 30207934=1, 28037901=1, 13595614=1, 8484516=1, 6161611=4, 20525930=3, 23616654=1, 8578165=1, 23965772=2, 94405=1, 28971348=4, 21832496=3, 16124677=4, 24967360=1, 29668652=2, 26382471=2, 1079500=1, 29545809=1, 19560842=1, 14118094=1, 22437529=1, 23793072=3, 27738877=1, 4758767=2, 22055273=2, 5467278=1, 19839642=2, 8593223=3, 1438255=1, 13819955=1, 31875015=1, 21187408=1, 22725197=1, 6802132=1, 2896156=5, 6603853=1, 1997469=1, 19668707=5, 20411128=1, 29630955=5, 25236222=3, 4331021=4, 92711=1, 9815165=1, 10747209=1, 18261271=2, 6807941=1, 27406294=4, 13081583=2, 31564039=2, 6108661=3, 10645676=1, 19258757=1, 21708593=3, 24009702=1, 32752259=1, 19816602=1, 32638304=4, 9453487=7, 1298743=1, 3303576=1, 31259535=1, 18011390=1, 22570425=1, 6415850=1, 27113071=2, 15385190=1, 18294419=3, 16779410=11, 15935776=3, 23752386=1, 20526939=3, 28979298=4, 19969132=2, 7225277=4, 17822017=1, 9301378=1, 19812135=1, 24965408=1, 29923937=2, 2220225=1, 20059531=4, 1757445=1, 11392794=1, 3141032=1, 12968951=1, 17873613=2, 24110978=1, 29851190=1, 32910135=4, 24744085=2, 13383091=5, 15396722=1, 4996115=5, 14043360=1, 7803136=3, 18343785=1, 14309976=1, 25362418=1, 4977403=1, 25982412=1, 15552848=1, 10343475=1, 23985152=1, 4779982=1, 18060869=2, 21698123=3, 31987488=6, 18193527=2, 20401114=1, 22664744=1, 22895463=1, 18787223=2, 19515549=1, 6183892=1, 23151323=1, 7271009=1, 12607526=1, 21874214=1, 29473370=2, 27425898=1, 7862457=1, 18264692=2, 22344654=1, 2787270=2, 21754779=1, 21342239=2, 6723205=2, 19136812=5, 30636601=1, 11919272=1, 17742104=2, 20990474=1, 17612756=2, 1404817=1, 24474089=1, 31112766=2, 25492509=1, 4448318=1, 25466875=2, 6197448=2, 17057041=1, 24956605=1, 18814494=3, 2024642=1, 19339216=3, 16408136=1, 26084666=4, 31835780=1, 13434873=1, 14458128=2, 30465129=1, 23348623=1, 20904189=1, 33043087=6, 4032262=2, 8035891=2, 19462672=1, 29049290=1, 25945027=1, 5646205=4, 17499621=3, 14532772=1, 33543087=1, 31106279=2, 22975875=2, 8290080=1, 13943512=1, 23244834=2, 21390716=1, 20392578=3, 4081541=1, 3987571=1, 8234633=2, 3157966=7, 23100014=1, 26463948=1, 24989318=1, 8330290=3, 30925879=1, 13784271=1, 21302110=3, 10368634=4, 28929065=1, 2866784=2, 32855726=1, 31163914=2, 27798356=6, 6034483=5, 20564858=1, 26644812=2, 24862406=1, 31375338=2, 30135567=1, 22405220=1, 31522093=1, 32883436=1, 32622010=1, 21154198=1, 4895027=2, 6879198=1, 13135895=1, 9533814=1, 19898739=2, 30504174=1, 3566951=1, 23539206=3, 29376730=1, 7977405=2, 17448205=4, 19843961=1, 7020410=3, 4447389=1, 4046517=2, 17416084=2, 33119321=1, 20373833=1, 22140741=1, 6801513=1, 13152693=2, 18217363=1, 4063923=4, 5378945=4, 15618527=1, 18141205=1, 14865374=1, 20544744=1, 8451832=1, 28734519=1, 28001690=1, 32904546=4, 4465497=5, 22190307=2, 13781578=1, 23182842=2, 8039895=2, 18050813=1, 3526384=1, 4554134=1, 515986=1, 30601143=1, 1174623=1, 4281004=1, 19796906=4, 5373984=4, 15314768=2, 20159743=2, 26954251=1, 26031265=3, 24816088=2, 13400276=1, 18596076=1, 9109283=1, 22156321=4, 3828517=1, 18028729=3, 25124702=1, 4738881=1, 32751007=2, 13638276=7, 32677626=2, 23331373=5, 7286337=3, 580239=1, 32414581=2, 14050373=1, 2288107=1, 15800816=3, 24803179=1, 3891972=1, 10317215=1, 33286395=1, 27712400=1, 5453790=3, 742751=1, 19977221=1, 988024=3, 5764317=1, 21951714=1, 32960589=1, 16319584=3, 7219068=4, 16110504=1, 30016867=4, 10166369=3, 10003632=2, 2902353=1, 33318713=1, 2843906=1, 25825003=4, 5334666=1, 17028231=1, 2115564=1, 28955817=1, 8662505=5, 4905504=1, 19041113=2, 2897066=5, 112469=2, 33094564=1, 32221308=2, 14485113=3, 10649730=2, 28824314=1, 12848851=5, 15126457=1, 19952307=1, 30666297=1, 16528158=5, 2666184=2, 3678548=6, 2101638=8, 7437837=1, 6604031=1, 29731659=2, 23796715=3, 30828905=1, 25631188=3, 7853026=1, 19848582=1, 22375328=1, 18173316=1, 10559704=3, 7410281=3, 24270255=1, 17684801=1, 20240281=1, 26232854=1, 30103331=1, 27074852=3, 1213717=2, 15213600=6, 24542708=1, 11169966=1, 25378122=3, 212222=3, 20501371=1, 22084273=1, 18744390=4, 436128=2, 25812571=1, 25508504=3, 30387257=2, 30086303=3, 25442631=5, 158177=1, 23050561=2, 19524594=1, 3104117=1, 6412481=1, 30498712=1, 13160495=1, 19597593=3, 19752445=1, 1728517=1, 12430508=2, 33327719=2, 32673679=2, 8561452=2, 21864777=2, 10784688=2, 6125714=1, 18334593=1, 23988839=4, 10382771=1, 25729678=2, 20991686=1, 2246249=1, 16642930=1, 30969155=2, 17147452=2, 3347641=3, 12448048=1, 12443016=1, 21472473=2, 7403497=1, 20930960=1, 11140694=1, 8753044=2, 13400002=1, 5919090=1, 15844371=1, 1450506=4, 11332798=1, 24047436=1, 18160036=3, 24974824=3, 5049804=3, 29652265=1, 4970938=1, 14993489=1, 18499841=1, 24263397=4, 634208=2, 7358664=1, 30062841=2, 9711074=5, 23213491=4, 8940105=1, 25740949=1, 26163878=3, 31481090=1, 18649055=2, 13116481=6, 18886951=8, 26724078=1, 20079368=1, 3771714=2, 891463=2, 15950550=1, 8207469=3, 22102492=1, 15385910=1, 15967000=2, 9397103=1, 32714059=3, 28801414=1, 32707164=3, 24373539=1, 19929892=7, 266820=5, 28929033=1, 20579051=4, 6409812=1, 9905048=3, 9617058=2, 27549306=1, 14634303=1, 29869616=1, 14717093=2, 30946322=6, 16042217=1, 33352380=1, 13691978=1, 18492453=4, 19525700=1, 10493835=8, 11304246=1, 21725676=2, 13722016=1, 27389138=1, 4457683=5, 30856167=1, 15129378=1, 22305622=1, 2566273=3, 9772532=3, 20135697=3, 21448512=1, 33543532=1, 7018263=3, 31094965=1, 18920618=2, 14786290=2, 17670014=2, 5228232=1, 17806314=2, 5026107=2, 3684290=6, 20250142=1, 23022751=1, 19880314=1, 7459988=1, 4318605=1, 6179628=1, 1074452=1, 23357136=1, 7752570=1, 23294432=1, 1337684=1, 15348677=4, 10992924=2, 7081090=5, 19492322=1, 10233372=5, 31093820=1, 23124006=1, 8779095=1, 4130141=3, 10233717=5, 16955149=2, 21750050=1, 27785668=1, 13850053=1, 310730=2, 12729245=4, 30122377=2, 31308158=2, 2917077=2, 20771368=1, 16956711=2, 1987680=1, 25168387=10, 21487396=1, 7967205=2, 8890535=2, 28029746=2, 29126874=1, 5596626=1, 6130684=2, 21681728=1, 28039534=1, 17197584=1, 33049701=1, 16531347=5, 4120405=1, 9971153=6, 26930211=1, 4390379=1, 30993560=1, 20372539=1, 16322706=3, 8159152=1, 17549579=1, 17832326=7, 18346329=1, 15597446=1, 16117168=1, 17429340=1, 25448811=1, 33471669=2, 7292402=1, 719926=1, 1149425=2, 19328694=1, 23212364=4, 14551059=4, 32813950=2, 19576773=2, 3941675=5, 16705833=1, 7175505=1, 8292335=2, 14161017=6, 6300292=8, 5440803=3, 24100870=1, 4654668=3, 25045161=4, 4235228=2, 17918938=1, 11566642=1, 8199412=3, 26804676=3, 6577504=1, 22391621=2, 1631451=1, 26767401=1, 12407126=1, 2124440=1, 15794236=3, 7556541=1, 1305190=1, 25154654=1, 25077546=2, 31503304=2, 29511652=1, 15605278=4, 3396676=1, 20142560=1, 23742348=1, 5916736=1, 31148962=1, 12411296=1, 23439438=2, 23268792=3, 9637445=3, 31226927=1, 6205245=2, 25308714=4, 24308858=1, 7220620=4, 14237780=1, 17145069=2, 604246=3, 7894985=1, 24360769=2, 3913478=2, 31019589=1, 19856658=1, 7781652=2, 28540260=1, 7700256=1, 23715370=1, 4584389=1, 21356740=1, 12213666=1, 22612943=3, 15003607=1, 23847458=1, 2320742=1, 11271966=1, 4224106=1, 31657356=3, 18278607=1, 13707454=3, 13194053=1, 11595384=1, 33311546=1, 10451168=1, 17200431=1, 6150584=1, 1854224=1, 316432=1, 24951989=2, 17768354=3, 10820833=3, 8034407=2, 11086003=3, 6833910=1, 4409813=1, 17200591=1, 20153873=2, 4165642=2, 9827204=1, 22301494=1, 31248066=1, 3362945=1, 23989119=4, 22784353=2, 32675664=2, 27391064=1, 27039267=2, 3516540=2, 29732131=2, 20799803=1, 26991233=1, 28721771=1, 11216898=3, 6648420=1, 32869785=2, 10514800=1, 14203209=2, 15448929=2, 10616643=1, 8539374=1, 1394506=1, 9125529=3, 24705992=1, 25119598=1, 23062733=1, 18911831=2, 9701461=5, 13197773=1, 27000314=1, 27745170=1, 17180848=4, 6564591=5, 9133290=1, 31061443=1, 4845830=1, 24739740=1, 24308855=1, 8602088=1, 20569755=1, 21090233=1, 5702201=3, 12254986=1, 10953545=3, 3766357=1, 32787290=1, 25535699=2, 24545808=2, 28886725=1, 12892819=2, 15004612=1, 31129131=1, 15970716=2, 5240261=1, 24934751=1, 26912273=2, 12415026=1, 7583545=2, 11664715=1, 2054929=1, 7834631=2, 27125776=1, 20616088=2, 21640025=4, 17466873=2, 15437799=2, 8191186=1, 24678324=2, 14015899=1, 10420901=3, 9639286=3, 32474311=2, 18563156=1, 6958077=4, 21038613=3, 31789279=3, 30278815=4, 10192726=2, 26925592=1, 33383076=1, 21296852=1, 10518962=2, 24118442=7, 1002174=1, 12241262=1, 20074570=1, 765540=2, 8507587=1, 32092565=2, 16251722=1, 4669939=1, 8771607=1, 17594990=1, 2793118=2, 8595624=3, 11656800=1, 3321921=2, 8789604=4, 10034636=3, 29098930=5, 282229=1, 20389755=3, 30073589=1, 21299617=3, 7276676=3, 19267731=4, 28925221=1, 18605844=1, 28056189=5, 2049169=1, 18840916=1, 23589103=1, 32762401=1, 20468252=1, 4930114=3, 23862909=5, 18962614=1, 8675921=1, 19727900=3, 27022157=1, 17856550=1, 7711014=2, 30944586=6, 9835864=4, 2604832=2, 18096070=5, 28951229=1, 1692793=1, 10074316=2, 1893425=1, 3485530=3, 9850056=1, 17173279=4, 15915173=1, 18303106=1, 8873601=1, 14777112=1, 32385009=4, 18868998=1, 22186744=2, 15056985=1, 4051275=1, 5954338=1, 24361109=2, 21872017=2, 32841397=3, 29537072=2, 31712071=1, 768150=2, 16313871=1, 1069861=1, 18614229=5, 3908427=2, 32632725=1, 31055620=1, 9352662=2, 4940024=1, 28982138=4, 19315308=2, 1158381=2, 30880849=3, 4529919=3, 10295880=3, 31232228=2, 6929556=2, 13763812=4, 21783373=1, 9132044=1, 29216430=1, 1793469=1, 33507745=1, 24187171=3, 1535268=1, 18346208=1, 9695176=1, 33476371=1, 8272860=4, 3293039=4, 32969858=3, 29862654=2, 24418684=2, 19062806=1, 8211344=1, 9593061=1, 11360213=1, 19982944=1, 13181155=3, 29040693=3, 1442504=4, 8942595=1, 26309528=1, 17292125=1, 19581375=1, 14475804=1, 30266065=1, 20646801=3, 22595562=1, 27464271=3, 2248256=1, 12665055=1, 18847227=2, 20654151=3, 24946570=2, 31873418=1, 32506447=7, 1915552=3, 32642810=4, 11317778=2, 27821217=2, 8625626=2, 16683631=2, 17341639=2, 11820500=1, 11824318=1, 16256908=6, 8502033=2, 30991345=1, 2016804=1, 4088153=1, 22407250=1, 20146457=1, 16338149=1, 3221170=3, 28619139=2, 16336315=1, 5993597=1, 30656120=1, 6941867=1, 12840175=1, 4024445=1, 20764632=1, 13323866=1, 8239231=2, 27099129=1, 10470316=1, 18792578=1, 23333958=5, 17944182=1, 7098756=1, 23147982=3, 30902736=2, 14718311=2, 10487256=8, 17941474=1, 24581201=3, 14906493=1, 28031784=2, 19631662=2, 25881848=1, 13288755=1, 1872558=2, 17675329=2, 30238581=1, 16114904=1, 5840981=3, 2459687=2, 16789203=11, 23836824=2, 9443174=7, 15123323=1, 6926925=2, 21651787=1, 7072138=1, 23165410=1, 335441=3, 28742754=2, 32512784=7, 13999814=2, 7218256=4, 2528634=2, 12585053=9, 27288611=1, 15070864=1, 28121944=3, 4804026=1, 9073074=1, 22645016=2, 3074715=1, 14596523=2, 16568224=1, 31935458=1, 286067=1, 6341173=1, 27923551=4, 10723546=2, 17152734=2, 6737285=1, 6683257=1, 18007181=1, 7103523=1, 24910051=5, 23099923=1, 18242793=1, 2362840=5, 20887070=2, 16164508=2, 20435598=1, 18074369=1, 33500888=3, 14618960=3, 10475906=1, 6210671=1, 8114546=1, 6704069=1, 6309469=1, 16406125=1, 24975840=3, 24738245=1, 33043601=6, 27537952=5, 9936213=2, 2336927=2, 16312112=1, 9906996=3, 24330162=3, 20838361=1, 30349725=3, 32433550=1, 1893576=1, 10743610=1, 4468158=5, 14696689=1, 6370027=3, 26190274=2, 31760670=2, 27001313=5, 22232106=3, 28130716=3, 20428995=2, 3703399=2, 26615093=4, 33209711=2, 23144230=3, 23146480=3, 14218369=1, 15719735=1, 1521726=3, 7000658=1, 6159846=1, 9651043=1, 13896629=5, 26858922=1, 17824513=1, 3237011=1, 24871576=2, 7433167=1, 26891383=1, 7399178=1, 11557315=1, 2470827=2, 21113596=4, 282596=1, 17568647=5, 9442202=7, 8236990=2, 24087939=2, 13605228=2, 24477230=1, 20681045=2, 11642625=2, 14171279=6, 27539489=5, 27370334=2, 8481088=1, 26362182=1, 2027927=1, 30032247=1, 21855821=1, 10439519=1, 835415=2, 25789997=2, 7542308=3, 19186928=1, 3753964=1, 18707578=1, 8699990=1, 14625548=3, 438659=2, 24306551=1, 6389902=2, 15998558=5, 586945=1, 2870642=1, 3219068=3, 9543696=2, 15579296=2, 28406497=1, 22617704=3, 19466410=3, 15582292=1, 12454576=4, 5930615=1, 666533=4, 1087939=2, 24682724=2, 16789638=11, 20879080=2, 32734703=1, 22344177=1, 185829=1, 9460614=1, 24656332=6, 29126131=1, 354186=1, 25386759=1, 30296654=1, 5958323=1, 9470738=2, 32212920=2, 31155506=1, 13370159=5, 10412440=1, 17716158=1, 26385448=2, 30062899=2, 5002833=1, 26457731=2, 27463260=3, 9215929=2, 7713539=2, 26713705=2, 2369154=5, 3313830=2, 17259364=1, 4930081=3, 23328549=1, 20978445=9, 12853629=5, 11348465=3, 8843509=1, 7720719=1, 29159711=1, 810026=1, 10684501=3, 31965773=1, 15671215=3, 7930974=3, 11761580=1, 21465=1, 2454884=1, 27556372=1, 15471409=5, 25144530=2, 15795090=3, 14919945=2, 12043443=1, 23488107=1, 20939367=2, 8264064=4, 18710405=1, 5452650=3, 19983560=1, 5228393=1, 2068888=2, 7176720=2, 18252117=2, 33213754=1, 11461293=1, 30200436=1, 23498864=2, 13610580=2, 17230231=1, 8877237=1, 5755682=1, 24131467=7, 3721561=1, 24107881=1, 2730=12, 30904883=2, 14501641=1, 25976294=1, 1783628=3, 33307627=5, 28323492=7, 6760076=3, 8065391=3, 1728964=1, 2298506=3, 3953169=1, 2463658=2, 22122456=2, 11257605=1, 5533308=1, 22039648=1, 7247402=2, 7036362=1, 10384875=1, 33442519=1, 20929000=1, 22948469=4, 14833531=1, 16813987=2, 22980420=2, 26673428=3, 23017023=3, 29638816=1, 14162281=6, 18439545=1, 7067134=1, 20404500=1, 23600954=6, 11864917=3, 29216762=1, 15724754=1, 25652009=1, 2040907=3, 3094247=3, 30785=1, 30229717=1, 28568127=1, 6170398=4, 23784372=1, 15831745=2, 32028335=2, 21817304=1, 5808831=2, 3509313=2, 17122799=1, 21654181=1, 31306414=2, 1115685=3, 26398120=1, 32056398=3, 12998749=1, 16654145=4, 29044946=3, 8919571=6, 2330492=2, 8431360=2, 25078747=2, 12080979=1, 3008777=1, 12031288=2, 30760837=1, 11799297=5, 21544151=2, 20927355=1, 20549882=2, 32764861=1, 24766542=1, 25224483=1, 12187391=1, 18564558=1, 5533899=1, 17556457=1, 3168957=1, 31049025=1, 12617835=2, 23679388=1, 4751921=2, 14013201=1, 18752074=4, 31884604=2, 14306718=1, 12712387=1, 10069417=2, 20944339=2, 1628443=1, 19636306=2, 13221425=2, 9297059=1, 14819902=4, 14458609=2, 323304=1, 26113058=1, 32611478=2, 25944936=1, 12428580=2, 2094347=1, 26579350=2, 27318579=1, 25155367=1, 11622450=1, 744515=1, 13728780=1, 20261742=3, 26309795=1, 22950374=4, 9975087=6, 12289869=2, 32777005=5, 22655296=2, 29388092=1, 26667930=1, 31195178=5, 1483869=2, 2603954=2, 5186318=3, 960745=2, 33236885=3, 26895166=1, 31901805=1, 16710278=1, 17518850=1, 7303049=1, 18384652=2, 29756230=4, 14278256=1, 5576029=3, 25257711=1, 9825258=1, 33018456=1, 13634261=7, 27977205=1, 32493302=1, 31265060=3, 4600054=4, 5938479=2, 31389579=1, 3696704=1, 14231456=3, 8158650=1, 9070696=1, 3920426=1, 3408196=5, 26666349=1, 25647601=1, 20570074=1, 15204725=6, 7640459=2, 5753817=1, 10175279=1, 20194914=5, 7874458=6, 1290114=2, 26419261=3, 20531731=1, 27686952=1, 24821217=2, 8660517=5, 6415261=1, 21687697=1, 5188624=3, 19928387=7, 3501179=1, 3396749=1, 22720147=2, 29229652=4, 22302707=1, 16475764=1, 4474167=1, 6239148=3, 31631524=2, 33194727=2, 26015337=1, 33258519=1, 30915884=2, 31918160=3, 9343722=2, 611666=1, 5899442=4, 23569939=2, 30141476=1, 10558398=3, 16609959=1, 24006995=1, 22737936=1, 19454218=1, 27656022=1, 8291231=2, 13328795=1, 19282186=4, 2068556=2, 3768523=2, 23896946=2, 31508675=1, 18758082=4, 2120955=1, 7566728=1, 33528242=2, 7231968=1, 24056827=3, 15325442=1, 22964591=1, 18177691=1, 26157525=3, 28413032=2, 9227042=1, 9697438=1, 13566404=3, 17121608=1, 5509822=5, 30592818=1, 6784440=2, 21590138=1, 10905946=1, 1574203=6, 5491059=1, 31675494=1, 21913268=1, 17772124=3, 26029005=3, 23458805=1, 22285765=5, 5607485=2, 9851618=1, 14931786=1, 15161324=1, 32195264=1, 23616193=1, 12675863=1, 21240469=5, 13181335=3, 14754467=3, 20205386=1, 7912072=2, 7160402=1, 3208157=1, 27060457=1, 22922549=1, 24867940=1, 28914749=3, 21736699=2, 4438233=2, 11485983=1, 15804712=3, 16152111=1, 6632969=3, 33050611=1, 28395211=1, 15154=14, 31458288=8, 7870633=6, 6459646=2, 14258863=2, 4206350=9, 25480479=1, 2985992=2, 7780527=2, 87941=1, 29996190=2, 19734863=3, 26041472=1, 1037620=1, 16223040=2, 33193211=1, 4305623=2, 26662198=1, 23087354=1, 32442824=3, 29211959=2, 12710869=1, 22635175=1, 32838924=3, 15419207=1, 22431278=1, 23135374=3, 32573777=3, 17535477=2, 12875033=1, 28923024=1, 18409652=1, 19301416=2, 21579495=1, 25455625=1, 19270650=4, 29170119=3, 26565156=1, 17759418=1, 14932929=1, 11959373=1, 23858330=5, 4943347=1, 32887823=1, 17725430=1, 19785382=1, 19383597=1, 2515008=1, 28693297=1, 26460462=1, 26665100=1, 26826577=1, 5722953=1, 3863057=1, 20153553=2, 7552575=3, 32664220=1, 27360331=1, 19735736=3, 30859812=1, 15375197=2, 30797072=1, 14811825=4, 5945450=2, 904292=1, 3130846=1, 5765425=1, 2225320=1, 10060349=2, 31053068=1, 13671984=2, 18634106=1, 27574502=1, 30929292=1, 6170338=4, 27269094=8, 25064902=1, 28525315=1, 15598032=4, 25902357=3, 22313414=1, 1963516=1, 26710955=2, 4266969=3, 439118=2, 9865813=2, 32452058=3, 10519786=2, 17726544=1, 1169941=1, 5813868=2, 148682=1, 16612991=1, 31658791=3, 15464901=1, 21772491=5, 9494428=1, 10284005=1, 16763006=1, 7783351=1, 12491431=2, 7584721=2, 6707015=1, 7183334=2, 816709=1, 9634756=3, 2078247=2, 4589428=4, 31656554=3, 32557993=1, 15672819=3, 23232943=2, 12313352=1, 1937187=2, 16875556=2, 27215055=1, 1907358=3, 16349268=1, 7594334=1, 28078272=1, 24482178=2, 24491913=2, 6264744=2, 12843818=1, 9775939=3, 24381587=5, 16261864=6, 32775301=5, 29518935=1, 9458902=1, 10250523=1, 9896139=3, 31118542=1, 2202886=2, 31779994=1, 26999402=1, 23708821=1, 15263199=1, 32643180=4, 20177800=1, 13792577=1, 29248868=1, 15679117=3, 25663962=2, 26942303=3, 17206484=2, 9872608=2, 15129401=1, 18101876=5, 7107696=1, 11156550=4, 32904610=4, 1063063=7, 160451=1, 7587295=1, 13851209=1, 2602372=2, 817607=1, 4166054=2, 5214417=2, 26924439=1, 2178508=3, 29958283=3, 32299714=1, 4688310=2, 1208337=1, 15431689=1, 2626664=6, 17049268=5, 14959695=1, 10652851=2, 967335=1, 13038510=1, 21916291=1, 27772246=1, 23205323=4, 6622578=3, 23385833=1, 16190405=3, 31003745=3, 10342890=1, 316677=1, 17133312=1, 2968834=1, 22623027=3, 28718609=4, 30825073=1, 14633648=1, 26889564=1, 19046222=2, 4843830=1, 54851=1, 22461389=2, 1219063=2, 1609546=2, 28778407=3, 4359159=2, 25546485=1, 29288816=1, 3258571=2, 20245285=1, 32279088=2, 24069722=1, 17392327=1, 32740393=2, 10235250=5, 5183493=3, 12288714=2, 15639329=2, 16651570=4, 9423825=1, 8718802=3, 19129640=1, 15487407=1, 16399301=4, 2352811=1, 3439235=1, 19310519=2, 18748199=4, 20051843=1, 5355451=2, 17682677=1, 26127165=2, 22050251=1, 5903446=4, 21907755=1, 27657774=4, 2554625=1, 2684247=1, 18027025=3, 25886177=1, 5248049=7, 29417352=1, 4993283=5, 23554730=1, 6347459=1, 3166425=1, 12465779=4, 11467391=1, 22540854=1, 22196688=2, 8353710=1, 18937358=1, 19064508=1, 5826360=1, 18153555=3, 26603815=1, 19725988=1, 3735220=1, 668130=4, 18081058=1, 20026891=2, 26090270=4, 32181147=3, 17225117=1, 28131564=1, 31391898=3, 20739623=1, 8645271=1, 4679816=1, 29701155=3, 2616767=1, 30226465=3, 28350298=2, 32555418=1, 28527309=1, 12738959=1, 10219317=1, 16002370=5, 963262=2, 19349421=3, 32898621=1, 3448735=2, 2373188=5, 668756=4, 21425908=1, 14676089=1, 29777574=1, 14620250=3, 24335919=1, 13138499=1, 22901402=1, 3731136=1, 15510085=2, 29224552=1, 33005108=2, 27503101=2, 18864353=1, 7756993=1, 2776=13, 14503754=1, 23571212=2, 1417509=2, 20852200=4, 1538196=1, 7946053=3, 28545265=2, 7678462=3, 7722665=1, 15615162=1, 7945843=3, 18508413=1, 16752566=2, 23617124=1, 31880926=1, 28191148=4, 6725454=2, 30445097=2, 17168859=1, 5856622=1, 24017340=1, 26319311=2, 2253673=1, 29807360=1, 2677343=1, 24430140=1, 4818702=2, 21604887=2, 13816502=1, 18266881=2, 15289994=1, 29380630=1, 13473242=2, 20610367=1, 31687467=2, 4576954=1, 4602352=4, 30299210=1, 31501853=2, 13889069=1, 7473265=4, 14610850=1, 2785190=1, 5436075=1, 9791837=1, 21086934=1, 32627753=1, 26799521=1, 5336174=1, 21327649=1, 30571559=1, 22306609=1, 4121417=1, 30461761=1, 11845005=2, 3476725=3, 19421628=1, 1449896=4, 24839901=3, 1281529=2, 32531029=1, 27599815=3, 28931191=1, 5717151=3, 12436640=1, 23123742=1, 2262295=2, 14878828=3, 16627116=2, 15377180=2, 11067581=1, 25496182=3, 18707319=1, 32067185=1, 5689682=1, 12332493=5, 17705698=4, 11624110=1, 7399740=1, 9167597=1, 8989994=3, 16618793=2, 11359107=1, 15663765=3, 13818287=1, 21096250=1, 7750507=1, 29214401=1, 527741=6, 8732970=1, 32789346=1, 28327095=7, 5256971=7, 7407754=3, 14518195=2, 25862076=2, 13414654=2, 1886362=1, 10119616=1, 24817555=2, 14930879=1, 30592020=1, 16006868=5, 11777783=2, 31018127=1, 28486721=2, 26621081=4, 27376397=2, 26003883=1, 5026177=2, 28315008=7, 19095553=1, 26903545=2, 6702204=1, 8492274=2, 24206419=1, 15110186=2, 13644266=7, 18253155=2, 11172817=1, 18634725=1, 21892762=4, 3547234=4, 5651186=4, 33507057=1, 6406413=1, 3968549=2, 14890370=3, 10391233=2, 5333894=1, 18571958=1, 24053856=3, 30102816=1, 29795585=2, 6640932=1, 1507242=1, 5175770=1, 2025824=1, 31211468=5, 6890377=3, 26037190=1, 26325963=2, 13529917=1, 17194756=1, 23716100=1, 14652468=2, 28754679=1, 27998672=3, 25371378=3, 25883821=1, 32615076=2, 16494651=2, 1513211=3, 14414500=1, 11583633=1, 17551233=1, 2148200=1, 25999881=2, 23307870=2, 8907775=1, 27335158=3, 22900234=1, 7976255=2, 20750768=2, 30843043=2, 3346874=3, 8354396=1, 15834420=2, 9829777=1, 27807968=1, 30721025=1, 27810812=1, 16504987=1, 15596472=1, 9526845=1, 21399851=2, 11228896=1, 24121223=7, 29819960=3, 18106010=1, 18480539=1, 21796695=2, 14600293=1, 24702641=1, 17307359=6, 1243695=1, 32430738=1, 15490813=1, 1204400=1, 18130290=2, 6351910=1, 6587789=2, 30463813=1, 8409133=1, 9428197=1, 21888796=1, 14792033=2, 25224053=1, 31038419=2, 17526957=1, 32546666=2, 16194831=3, 7093584=5, 33251962=1, 8264102=4, 13769345=4, 19752990=1, 24159715=2, 23835818=2, 12081459=1, 20598979=1, 31252277=1, 29541956=1, 6649221=1, 9963547=6, 16934508=1, 8607768=1, 12508543=1, 20229680=2, 12018302=1, 19551766=1, 29466466=2, 32300733=1, 7968299=2, 11780493=1, 31193347=1, 23180425=2, 19163171=1, 9469452=1, 8825261=2, 5572574=3, 16353493=2, 1234051=1, 14120383=1, 14381249=1, 3300380=1, 19361480=1, 2929780=2, 843300=1, 29072022=2, 28225564=2, 7439696=2, 5261120=1, 852753=3, 1451658=4, 17124687=1, 22225036=3, 8374477=1, 3071306=1, 31393008=3, 18161387=3, 30419707=7, 32258190=5, 20490190=2, 4955522=2, 25340456=2, 2968787=1, 29975456=1, 21013232=2, 4877628=1, 10359261=4, 25045058=4, 17608295=2, 27833692=2, 29135892=2, 2396194=2, 23904207=2, 10664607=2, 23681116=1, 23640914=2, 32666243=1, 26095581=4, 3397209=1, 21938033=2, 5664276=1, 13466653=1, 16305080=1, 4022443=1, 5934762=2, 12715733=4, 27605680=3, 18095002=5, 1045208=1, 28224460=2, 4890702=2, 22799691=1, 6947669=4, 17143856=2, 32111708=1, 9380776=3, 20489941=2, 32250349=5, 1375609=1, 19560589=1, 14497899=3, 13475607=2, 22184082=2, 8036366=2, 2734329=2, 15118487=2, 31382194=1, 28945059=2, 13542035=2, 21752132=1, 29783191=1, 33018695=1, 28024438=2, 4055289=1, 13759192=1, 30056902=2, 31023946=1, 4050386=1, 4968539=1, 10984061=2, 30962817=1, 32530758=1, 3545903=4, 21491375=1, 8404105=10, 26236556=1, 19679415=1, 31994610=6, 22663236=1, 1530503=1, 3943613=5, 6152010=1, 32185315=3, 4792756=3, 23605590=6, 22978182=2, 21265124=1, 19186058=1, 15519843=1, 33218551=1, 3332767=1, 20868845=1, 29946471=1, 21263303=1, 23681647=1, 134456=4, 29018559=1, 15062866=1, 20583327=4, 22101729=3, 11343400=3, 2520131=1, 73530=3, 5864471=1, 31608339=1, 28418434=2, 12149696=1, 31403477=3, 9889196=1, 27221699=1, 18639160=1, 17493851=1, 22610856=3, 19966068=2, 22839803=2, 12329061=5, 12751849=2, 12684686=2, 28559674=1, 28179256=1, 23784571=1, 29740375=1, 20097106=2, 14301186=4, 4889414=2, 207122=3, 6952234=4, 21500760=6, 11043924=2, 25293573=1, 19402706=6, 14193822=2, 29737449=1, 25417773=1, 24227292=2, 29073847=2, 30605175=1, 30689722=1, 7936216=3, 4485143=1, 2633065=6, 31116564=1, 3347824=3, 28706831=4, 29303163=3, 2026665=1, 6210984=1, 23361=1, 25874484=1, 24676564=2, 29596314=2, 818020=1, 33434770=4, 2922504=2, 20875135=2, 25815384=1, 10168794=3, 12296112=2, 827379=2, 21723635=1, 3539790=4, 4032533=2, 608516=1, 32354302=2, 15079601=4, 767271=2, 25446573=1, 16542192=1, 1751069=2, 21439348=3, 4898892=1, 13403147=2, 6821165=6, 1621173=2, 18117105=1, 21091323=1, 30971149=2, 23763974=2, 32838432=3, 10019337=1, 5139404=1, 14806782=1, 33502193=3, 24938929=2, 15219267=6, 31790144=3, 29112863=5, 4443107=1, 28954523=1, 27948854=1, 23245556=2, 22545453=6, 31324391=1, 26037384=1, 11016291=6, 2513030=1, 1216122=2, 19502772=2, 30740783=3, 24022788=2, 4957740=2, 1837392=5, 2286422=1, 33456683=2, 29444012=1, 6832558=1, 5084278=2, 17794030=2, 5729511=1, 25499915=3, 25233124=3, 16144677=1, 28448254=4, 22504372=1, 32380956=4, 15597159=1, 14036765=4, 2503229=4, 30337530=1, 5816253=2, 31182411=1, 8144356=1, 12202472=4, 28350540=2, 16781835=11, 29488526=1, 29845859=1, 32754608=1, 2728520=2, 2133615=2, 9502715=1, 24316748=3, 8583072=1, 20352893=2, 7054630=2, 5679058=2, 1861567=1, 8722174=3, 6826=15, 733135=3, 28433071=1, 30637279=1, 26133372=1, 3351802=3, 30812633=4, 20800670=1, 20558742=2, 2407608=2, 4570636=2, 3405402=1, 23558747=1, 14323749=2, 13170590=1, 5651357=4, 16794072=1, 14071923=2, 10611241=1, 6460985=2, 21608483=2, 5650303=4, 2455932=1, 8839816=1, 31265414=3, 16614639=2, 4342028=1, 18558702=3, 31671387=1, 12072566=6, 25927262=2, 18864687=1, 17355782=1, 28084482=2, 3548042=4, 13632274=7, 8747020=1, 608084=1, 27648126=1, 11949378=1, 17567880=5, 16623162=2, 3523903=1, 24087405=2, 3566445=1, 16353976=2, 10798074=1, 28581430=5, 634081=2, 19695492=2, 30956050=1, 22877896=3, 24947834=2, 1895340=1, 26936154=3, 31280636=1, 1008811=1, 3167653=1, 2669789=2, 12643348=1, 4340992=4, 30228183=3, 14918328=2, 30278935=4, 29773238=1, 19856005=1, 15991835=5, 25100984=3, 23592762=1, 30373313=1, 20369121=1, 11473510=3, 11134601=1, 5640277=4, 11978298=1, 8224704=1, 33390647=2, 19831690=2, 4100828=2, 14716873=2, 19773892=2, 23228635=1, 21078794=2, 32893850=1, 28803323=2, 16392464=4, 17116391=3, 7758443=1, 10473160=1, 27538449=5, 9167637=1, 15940390=3, 32293972=1, 4975645=1, 2041316=3, 2207969=2, 23304574=2, 877403=1, 12338860=1, 15875893=4, 32790834=1, 33371184=3, 17064687=1, 22842216=2, 16731906=1, 18985094=2, 24080404=1, 31936145=1, 15263631=1, 25105148=3, 6934952=1, 1827307=1, 4958408=2, 438057=2, 26759012=1, 25648447=1, 486647=1, 1030818=2, 20329519=4, 21897702=4, 20839726=1, 4008895=3, 7830839=1, 33053989=1, 29122749=1, 4935522=1, 16903472=1, 29537145=2, 32194499=3, 6387410=1, 26273924=1, 7559188=1, 1305972=1, 7380833=2, 26874844=4, 31400578=3, 1297735=1, 32404627=1, 30636530=1, 570404=2, 3139199=1, 7913800=1, 17195755=1, 2308567=3, 8543646=1, 24120019=7, 5020714=2, 33202482=2, 25845217=1, 12072521=6, 21307041=3, 8375307=1, 15072245=1, 18555250=3, 23010736=3, 13725386=1, 32512336=7, 11783651=1, 15411065=3, 29207824=2, 17724753=1, 17009707=2, 28994305=1, 25452373=1, 24487380=2, 21686376=1, 24387027=5, 2616903=1, 22643714=2, 30087903=3, 22989862=1, 9373943=3, 32975895=3, 27927773=4, 20791631=1, 29191711=1, 6394893=2, 3811503=4, 16499323=1, 3697466=1, 25028028=1, 32069016=1, 21379050=4, 11711953=2, 26869487=1, 23379377=2, 6639826=1, 11378272=2, 10471191=1, 25535613=2, 31844403=1, 22978158=2, 8353211=1, 1821992=1, 15042084=2, 329938=3, 21878537=1, 7501898=1, 14933500=1, 10422170=3, 2811530=1, 6651564=1, 25569864=4, 7775225=2, 169449=2, 21093433=1, 10133250=2, 21731706=2, 32709197=3, 2072908]4=1}&gt; but was:&lt;...Prime: 6 register: {[32754608=1, 25448811=1, 21265124=1, 30032247=1, 15004612=1, 28801414=1, 12875033=1, 7178280=2, 4795201=3, 8675921=1, 18886951=8, 18596076=1, 21096250=1, 20097106=2, 8159152=1, 5336174=1, 11140694=1, 21439348=3, 9936213=2, 1442504=4, 3987571=1, 12415026=1, 12241262=1, 16875556=2, 16223040=2, 31657356=3, 30141476=1, 26767401=1, 25648447=1, 32385009=4, 25045058=4, 5663981=1, 29229652=4, 439118=2, 10652851=2, 14301186=4, 32092565=2, 4958408=2, 26084666=4, 29946471=1, 13921691=1, 28413032=2, 668756=4, 9125529=3, 1854224=1, 22306609=1, 19953653=1, 15385190=1, 8789604=4, 2666184=2, 26874844=4, 23017023=3, 18060869=2, 18649055=2, 31873418=1, 2025824=1, 29638816=1, 17009707=2, 33362008=3, 2684247=1, 26936154=3, 30637279=1, 20205894=1, 5753817=1, 3811503=4, 5717151=3, 21472473=2, 21654181=1, 26924439=1, 20904189=1, 22540854=1, 24956605=1, 32380956=4, 19966068=2, 29845658=1, 15615162=1, 21093433=1, 21091323=1, 13081583=2, 23681647=1, 17341639=2, 27948854=1, 30419707=7, 23715370=1, 5175770=1, 33286395=1, 15998558=5, 27599815=3, 11656800=1, 26925592=1, 11067581=1, 30568677=1, 3968549=2, 10953545=3, 15129378=1, 30114251=2, 10558398=3, 22545453=6, 5651357=4, 15548850=1, 26463948=1, 32622010=1, 31642313=1, 8732970=1, 18074369=1, 26031265=3, 12202472=4, 33371184=3, 30601143=1, 16305834=1, 23600954=6, 11461293=1, 22784353=2, 7020410=3, 24017340=1, 2078247=2, 26593120=1, 26903683=2, 19232390=1, 10723546=2, 29740375=1, 10233717=5, 13138499=1, 23896946=2, 31222618=1, 21302110=3, 12882863=2, 22163068=4, 26499856=1, 1030818=2, 4050386=1, 21864777=2, 8264102=4, 15596472=1, 15118487=2, 15970716=2, 14118094=1, 2101638=8, 27538449=5, 33500888=3, 8867196=1, 17684801=1, 9469452=1, 8409133=1, 30414111=7, 28179256=1, 19137484=5, 5816253=2, 6879198=1, 28742754=2, 970785=1, 14172302=1, 16124677=4, 3130846=1, 30226465=3, 2248256=1, 29862654=2, 24477230=1, 7587295=1, 19880314=1, 29958283=3, 25224483=1, 2343945=1, 7591959=1, 19136812=5, 10368634=4, 18303106=1, 13258888=1, 14203209=2, 28834429=1, 4051275=1, 5049804=3, 6649221=1, 19361480=1, 23569939=2, 32642810=4, 11687463=1, 8812012=1, 11905375=2, 31308158=2, 32834970=3, 27516056=1, 33119321=1, 24270255=1, 3332767=1, 12054184=1, 28706831=4, 29845859=1, 22663236=1, 9167597=1, 30556796=1, 32279088=2, 3139199=1, 14596523=2, 29040693=3, 26090270=4, 29975456=1, 33543087=1, 30543997=4, 28945059=2, 14792033=2, 7566728=1, 31248066=1, 1158432=2, 13999814=2, 8211344=1, 2049169=1, 16349268=1, 28545265=2, 19383597=1, 17705698=4, 31645777=1, 30671521=5, 24656332=6, 9132044=1, 4100828=2, 3321921=2, 32677626=2, 29473370=2, 11043924=2, 24056827=3, 11405540=4, 15510085=2, 24308855=1, 23135374=3, 21643254=4, 3721561=1, 9402743=1, 15072245=1, 1692793=1, 14618960=3, 19727900=3, 19421628=1, 8124509=1, 30785=1, 15663765=3, 24381587=5, 32615076=2, 17077986=2, 17742104=2, 1907358=3, 2369154=5, 5453790=3, 32813950=2, 26919320=1, 1483869=2, 2407608=2, 11622450=1, 11566642=1, 11145232=4, 30956050=1, 1451658=4, 15437799=2, 16312112=1, 7930974=3, 7247402=2, 21448512=1, 20372539=1, 10664607=2, 19095553=1, 30229717=1, 10192726=2, 3167653=1, 19773892=2, 24538682=1, 12690458=2, 22087149=3, 23180425=2, 18731621=1, 3913478=2, 10382771=1, 9829777=1, 19902744=2, 4738881=1, 11783651=1, 20159743=2, 24491913=2, 28395211=1, 25740949=1, 27798356=6, 24487380=2, 23212364=4, 604246=3, 28674330=2, 32258190=5, 27549306=1, 7583545=2, 12684686=2, 2120955=1, 666533=4, 7542308=3, 2728520=2, 8680987=1, 14193822=2, 16623162=2, 25371378=3, 23050561=2, 12508543=1, 17049268=5, 2843906=1, 14485113=3, 32573777=3, 10317215=1, 24542708=1, 8625626=2, 27833692=2, 10284005=1, 16399301=4, 26766021=1, 4943347=1, 23539206=3, 21299617=3, 6564591=5, 11028113=1, 9070696=1, 22900234=1, 20238363=1, 11228896=1, 6387410=1, 2068888=2, 30227076=3, 26164135=3, 904292=1, 4877200=1, 3838693=2, 24387027=5, 8292335=2, 19952307=1, 24069722=1, 29291849=1, 3104117=1, 18639160=1, 3448735=2, 7862457=1, 2040907=3, 30504174=1, 1621173=2, 18564558=1, 13818287=1, 32751007=2, 23379377=2, 8595624=3, 26029005=3, 23078140=8, 33307627=5, 26912273=2, 817607=1, 17196096=1, 16651570=4, 6034483=5, 6300292=8, 25078747=2, 27269094=8, 30780760=2, 14162281=6, 23784372=1, 21698123=3, 27656022=1, 883541=1, 8312500=1, 23087354=1, 9526845=1, 16250934=1, 3008777=1, 4448318=1, 22861879=1, 24515510=4, 1491686=1, 12718000=4, 8593223=3, 26095581=4, 3221170=3, 14381249=1, 17116391=3, 1628443=1, 30135567=1, 29308580=3, 608084=1, 3208157=1, 22055273=2, 25631188=3, 23331373=5, 30991345=1, 29819960=3, 15889129=1, 22084273=1, 24117886=7, 25045161=4, 1282632=2, 12182377=1, 2426165=3, 20401114=1, 31148962=1, 33202482=2, 19310519=2, 22989862=1, 32841397=3, 3908427=2, 28617828=2, 20990474=1, 4474167=1, 20664746=1, 32910135=4, 13784271=1, 21916291=1, 2603954=2, 31675494=1, 3002690=1, 26858922=1, 21855821=1, 13208233=2, 18081058=1, 1008811=1, 7594334=1, 323304=1, 29303163=3, 10384875=1, 28130716=3, 13644266=7, 32675664=2, 14878828=3, 29380630=1, 24405977=1, 25205078=2, 7072138=1, 21399851=2, 25362418=1, 16117168=1, 3555034=4, 25982412=1, 14458609=2, 13792577=1, 13221425=2, 9443174=7, 9470738=2, 25647601=1, 31182411=1, 15348677=4, 286067=1, 9661864=1, 22206911=1, 14823944=4, 1169941=1, 18450738=2, 27556372=1, 6926925=2, 27927773=4, 7912072=2, 26759012=1, 4905504=1, 7081090=5, 25257711=1, 16006868=5, 17683345=1, 13634261=7, 32299714=1, 6604031=1, 29829400=3, 3678548=6, 3405402=1, 10034636=3, 6415261=1, 33043732=6, 33295415=5, 28614315=2, 20838361=1, 24053856=3, 18253155=2, 9133290=1, 33447016=1, 4404463=3, 2922504=2, 17724753=1, 13570265=3, 32638304=4, 4121417=1, 30336257=1, 15079601=4, 24967360=1, 7000658=1, 9697438=1, 14098353=3, 3753964=1, 1937187=2, 608516=1, 14834284=1, 21892606=4, 19402706=6, 19668707=5, 30656120=1, 12313352=1, 15605278=4, 3355060=3, 28894296=1, 33390647=2, 32065678=1, 10649730=2, 27325259=1, 969896=1, 18096070=5, 31631524=2, 33213754=1, 17028231=1, 3347824=3, 28327095=7, 23617124=1, 20229680=2, 5248049=7, 32838924=3, 30598229=1, 1728964=1, 18027025=3, 2975568=1, 12738959=1, 30349725=3, 13170590=1, 26667930=1, 3138530=1, 2308567=3, 17759418=1, 27215055=1, 960745=2, 1793469=1, 32898621=1, 26799521=1, 1087939=2, 15597446=1, 30929292=1, 3423114=5, 23232943=2, 15385910=1, 33018456=1, 23605590=6, 22645016=2, 21640025=4, 1115685=3, 2298506=3, 12070633=6, 15419207=1, 25124702=1, 30103331=1, 24803179=1, 627760=2, 18117105=1, 8114546=1, 5229701=1, 3346874=3, 6179628=1, 5333894=1, 17884178=1, 5080547=2, 10847169=2, 6639826=1, 9502715=1, 28931191=1, 22285765=5, 20312245=1, 31226927=1, 22301096=1, 6603853=1, 23616193=1, 26037384=1, 1521726=3, 18962992=1, 8034407=2, 27785668=1, 22156321=4, 6801513=1, 16642930=1, 8375307=1, 26309795=1, 22948469=4, 5051045=3, 8877237=1, 10250523=1, 12337299=1, 6802132=1, 10003632=2, 7556541=1, 21307041=3, 7976255=2, 22375328=1, 32873198=2, 1751069=2, 13199556=1, 10069417=2, 29170119=3, 8374477=1, 26423992=3, 11485983=1, 12149696=1, 19270650=4, 27060457=1, 2793118=2, 17832326=7, 27503101=2, 18101876=5, 31093056=1, 14765933=1, 843300=1, 9775939=3, 10422170=3, 14518195=2, 24047436=1, 29377894=1, 22964591=1, 22039648=1, 31393008=3, 25344399=2, 22391621=2, 19652863=1, 20205386=1, 26054112=2, 11271966=1, 32709197=3, 26869487=1, 29216430=1, 354186=1, 6409812=1, 25340456=2, 11703751=2, 24187171=3, 13638276=7, 6123321=1, 14329282=2, 18563156=1, 33442519=1, 27807968=1, 25176505=10, 3362945=1, 15875893=4, 24006995=1, 21772491=5, 25492509=1, 20392578=3, 2554625=1, 13414654=2, 30416892=7, 5572574=3, 32764861=1, 1234051=1, 18634106=1, 12428580=2, 30546123=4, 31760670=2, 10439519=1, 32740393=2, 25533230=2, 192352=1, 11228339=1, 31119171=1, 33502193=3, 29159711=1, 16542192=1, 19466410=3, 7067134=1, 8224704=1, 3771714=2, 28540260=1, 6370027=3, 4313241=1, 1507242=1, 2002780=2, 21951714=1, 8919571=6, 16934508=1, 32777005=5, 26157525=3, 6347459=1, 4281004=1, 20369121=1, 2897066=5, 13196572=1, 26942303=3, 18634725=1, 1611720=2, 25944936=1, 26969940=2, 19898739=2, 32530758=1, 17716158=1, 5378945=4, 6498813=3, 18650261=2, 10905946=1, 4438233=2, 29111646=5, 21943612=1, 16776269=1, 14930879=1, 31844403=1, 634208=2, 5084278=2, 1449896=4, 29417352=1, 266820=5, 25569864=4, 18346329=1, 28323492=7, 24227292=2, 29135892=2, 22922549=1, 21086934=1, 2520131=1, 15800816=3, 26991233=1, 11216898=3, 26834670=1, 19143019=5, 13475607=2, 29773238=1, 33319216=1, 32643180=4, 30982134=2, 5938479=2, 22212733=1, 16705833=1, 9711074=5, 4046517=2, 30278815=4, 19524594=1, 23498864=2, 14425396=5, 14306718=1, 2330492=2, 32300733=1, 11348465=3, 29701155=3, 5664276=1, 30689722=1, 28307611=1, 818020=1, 25726316=2, 6958077=4, 31389579=1, 32250349=5, 32354302=2, 20373833=1, 21888796=1, 10166369=3, 13595614=1, 16710278=1, 24418684=2, 27176952=2, 6833286=1, 16832126=1, 5026177=2, 11864917=3, 5467278=1, 20887070=2, 25999881=2, 23482905=1, 8264064=4, 19912066=1, 10471191=1, 24183637=3, 16406125=1, 4669939=1, 20927355=1, 18868998=1, 7584721=2, 16110504=1, 33043601=6, 7437837=1, 28924179=1, 27360331=1, 27657226=4, 7358664=1, 22799691=1, 12411296=1, 22092368=3, 24744085=2, 9617058=2, 18161387=3, 3325467=2, 8602088=1, 33507745=1, 6159846=1, 12289883=2, 26041472=1, 14323749=2, 19163171=1, 21750050=1, 32404627=1, 29970396=1, 27131246=1, 1641703=3, 9442202=7, 26999402=1, 5055558=3, 6832558=1, 3223226=3, 15154=14, 20501371=1, 22122456=2, 9947013=1, 5689682=1, 9533814=1, 23228635=1, 6152010=1, 15129401=1, 2602372=2, 31671387=1, 30056267=2, 11113102=2, 8507871=1, 19328694=1, 25902357=3, 20329519=4, 10019337=1, 27370334=2, 18068841=2, 635862=2, 27686952=1, 5945450=2, 7219068=4, 21356740=1, 2026665=1, 21590138=1, 6319558=1, 15396722=1, 17772124=3, 29072022=2, 24705992=1, 5228232=1, 11824318=1, 31793815=3, 32969858=3, 23809920=1, 19515549=1, 22305622=1, 26163878=3, 16579327=1, 9343722=2, 4266969=3, 1695017=1, 17612756=2, 20564858=1, 14276336=1, 7276676=3, 19551766=1, 17152734=2, 25789997=2, 32900393=4, 11359107=1, 3094247=3, 8207469=3, 10093967=4, 18508413=1, 14043360=1, 25105148=3, 30207934=1, 20489941=2, 15448929=2, 16144677=1, 24975840=3, 8942595=1, 20411128=1, 22975875=2, 27425898=1, 23177209=2, 18985094=2, 15582292=1, 23904207=2, 32069016=1, 10622467=4, 9651043=1, 17173279=4, 29923937=2, 138524=4, 28486721=2, 29581787=1, 25815384=1, 25224053=1, 25108820=3, 15056985=1, 30461761=1, 28433071=1, 2115564=1, 10083691=1, 5926298=1, 7231968=1, 1037620=1, 7410281=3, 26309528=1, 17194756=1, 20739623=1, 18840916=1, 6523745=2, 15110186=2, 30238581=1, 29777574=1, 17367685=3, 1872558=2, 16381941=1, 19407032=6, 16750118=2, 21686376=1, 3178410=1, 27867077=3, 852753=3, 29910980=1, 23151323=1, 18792578=1, 29731659=2, 24955303=1, 24989318=1, 8873601=1, 17157081=1, 3501179=1, 19848582=1, 24974824=3, 2811530=1, 25417773=1, 4751921=2, 9835864=4, 14959695=1, 26325963=2, 7544616=3, 15618527=1, 22343717=1, 28525315=1, 19743708=1, 25480479=1, 7399740=1, 28404453=1, 27022157=1, 9397103=1, 26734209=1, 31306414=2, 7046665=2, 28224460=2, 17121988=1, 18683247=3, 24263397=4, 10547462=1, 32474311=2, 30387257=2, 24676564=2, 24738245=1, 8167580=2, 23640914=2, 3485530=3, 73530=3, 7103523=1, 11780493=1, 1074452=1, 5209263=1, 24361109=2, 580239=1, 26037190=1, 25100984=3, 29511652=1, 17190855=1, 32555418=1, 10475906=1, 19351575=1, 17145069=2, 23099923=1, 29444012=1, 15950550=1, 25154654=1, 32501112=1, 1883166=2, 15598032=4, 13466653=1, 7380833=2, 3996575=1, 19258634=1, 31875015=1, 11862461=3, 2016804=1, 23589103=1, 27998672=3, 6577504=1, 24914959=5, 31656554=3, 18707319=1, 27991469=3, 30592020=1, 3293039=4, 3258571=2, 4008895=3, 28734519=1, 33209711=2, 11169966=1, 28982138=4, 10828451=3, 4224106=1, 10296950=3, 4654668=3, 7936216=3, 17673937=2, 6264744=2, 22839803=2, 28886725=1, 9423825=1, 33209575=2, 5533899=1, 3141032=1, 33018695=1, 7552575=3, 22901402=1, 5234102=1, 126436=1, 18242793=1, 8431360=2, 7036362=1, 10026595=1, 29738395=1, 21783373=1, 19734863=3, 13194053=1, 3566445=1, 7459988=1, 14811825=4, 29537072=2, 3303576=1, 13896629=5, 11711953=2, 13542035=2, 11332798=1, 22720147=2, 32714059=3, 16494651=2, 18911831=2, 5533308=1, 17200431=1, 13943512=1, 16408136=1, 28923024=1, 20404500=1, 23100014=1, 21296852=1, 11086003=3, 12627713=2, 23062733=1, 15804712=3, 20194914=5, 3157966=7, 23124006=1, 13529917=1, 5755682=1, 2730=12, 350458=1, 4930081=3, 9011731=2, 16789638=11, 2815258=1, 8771607=1, 1281529=2, 12840175=1, 11978298=1, 7867465=6, 2566273=3, 9154966=2, 31400578=3, 14625548=3, 26236556=1, 23458805=1, 25764816=3, 4063923=4, 30056902=2, 1886362=1, 4779982=1, 25446573=1, 10235250=5, 15519843=1, 5240261=1, 6125714=1, 12793413=3, 31987488=6, 1827307=1, 32181147=3, 24335919=1, 16450927=3, 19752990=1, 31918160=3, 14932929=1, 4572258=1, 23439438=2, 23985152=1, 13722016=1, 24934751=1, 5026107=2, 21544151=2, 24118442=7, 25568617=4, 16002370=5, 6460985=2, 1997469=1, 27335158=3, 7722665=1, 5002833=1, 18710405=1, 29224552=1, 13850053=1, 20142560=1, 16152111=1, 29511810=1, 22737936=1, 7433167=1, 8291231=2, 17429340=1, 13816502=1, 21604887=2, 28024438=2, 1757445=1, 15377180=2, 5903446=4, 622545=1, 28633221=1, 310730=2, 30228183=3, 8541592=1, 17521430=1, 316432=1, 29207824=2, 29044946=3, 19560842=1, 31118542=1, 22906193=2, 13523492=1, 7218256=4, 11779667=2, 8236990=2, 92711=1, 23123742=1, 10684501=3, 4340992=4, 13400276=1, 1895340=1, 31402540=3, 10359261=4, 14071923=2, 25535613=2, 24739740=1, 7032284=1, 28726889=1, 17551233=1, 7183334=2, 17197584=1, 32883436=1, 13707454=3, 20646801=3, 24862406=1, 16531347=5, 17824513=1, 31763005=2, 33050611=1, 16618793=2, 16903472=1, 816709=1, 24938929=2, 17466873=2, 2463658=2, 31003745=3, 3351933=3, 32111708=1, 22504372=1, 27318579=1, 30962412=1, 1375609=1, 12332493=5, 24316748=3, 11016291=6, 19610172=3, 17392327=1, 19046222=2, 23307870=2, 4975645=1, 3617329=3, 18752074=4, 9637445=3, 3768523=2, 31564039=2, 13759192=1, 12243029=1, 7673622=3, 6394893=2, 1631451=1, 16475764=1, 28936171=2, 6351910=1, 18555250=3, 8353710=1, 1297735=1, 26579350=2, 8645271=1, 13160495=1, 5875529=2, 25119598=1, 20569755=1, 8989994=3, 12404015=1, 29216762=1, 20153873=2, 16794072=1, 25236222=3, 14993489=1, 29732131=2, 3351802=3, 19581375=1, 2929780=2, 7750507=1, 17806314=2, 6826=15, 2734329=2, 31116564=1, 21009443=2, 14819902=4, 5576029=3, 33005108=2, 19186928=1, 14633648=1, 1915552=3, 19636306=2, 27537952=5, 5702201=3, 28721771=1, 32960589=1, 29191711=1, 9905048=3, 16313871=1, 3863057=1, 21390716=1, 16614639=2, 28225464=2, 7758443=1, 33327719=2, 9772532=3, 20929000=1, 22310988=1, 28039534=1, 33012350=2, 29126131=1, 23796715=3, 32414581=2, 2225320=1, 27000314=1, 169449=2, 31391898=3, 827379=2, 19615882=1, 9825258=1, 11584477=1, 10992924=2, 31863209=4, 29737449=1, 17670014=2, 7783351=1, 31615167=1, 2776=13, 12031288=2, 4305623=2, 24482178=2, 31061443=1, 11761580=1, 30740783=3, 15325372=1, 31282946=1, 546296=1, 29654132=1, 14475804=1, 3735220=1, 12853629=5, 12665055=1, 27001313=5, 18937358=1, 30666297=1, 19752445=1, 7096664=1, 5764317=1, 1045208=1, 12081459=1, 5813868=2, 4843830=1, 33311546=1, 31106279=2, 21038613=3, 25293573=1, 25771888=3, 6150584=1, 13648020=1, 17225117=1, 23205323=4, 8660517=5, 22344177=1, 13328795=1, 3766357=1, 24100870=1, 22635175=1, 27648126=1, 11995144=3, 10559704=3, 13826954=1, 15566079=2, 21832496=3, 17195755=1, 1018447=2, 17217473=2, 27464271=3, 26673428=3, 438659=2, 8543646=1, 21342239=2, 26891383=1, 29112863=5, 3731136=1, 9971153=6, 2616767=1, 19943515=1, 4804026=1, 1893576=1, 28225564=2, 54851=1, 21681728=1, 16779410=11, 10295880=3, 158177=1, 29145809=2, 19339216=3, 23348623=1, 12043443=1, 218325=1, 9975087=6, 28315008=7, 3313830=2, 24111939=1, 1002174=1, 7967665=2, 19679415=1, 21078794=2, 2902353=1, 29630955=5, 10414470=1, 207122=3, 28056189=5, 3074715=1, 7220620=4, 25535699=2, 29073847=2, 21359466=1, 20939367=2, 12710869=1, 21752132=1, 2238660=4, 29668652=2, 14314800=1, 20800670=1, 7399178=1, 12080979=1, 329938=3, 23104249=2, 9460614=1, 25028028=1, 31129131=1, 72257=3, 2124440=1, 21090233=1, 4418879=1, 14754467=3, 7830839=1, 19168306=1, 15213600=6, 12289869=2, 29388092=1, 16609959=1, 22738333=1, 2787270=2, 6355850=1, 262479=5, 4081541=1, 148682=1, 15679117=3, 8494934=2, 28971348=4, 20319301=4, 7876840=6, 26021060=3, 17554965=1, 29537145=2, 18707578=1, 16499323=1, 33528242=2, 16353976=2, 25386759=1, 17205645=2, 586945=1, 31789279=3, 24581201=3, 26954251=1, 23165410=1, 18007181=1, 3786371=1, 33507057=1, 21579495=1, 10519786=2, 23357136=1, 33471669=2, 28951229=1, 18261271=2, 8907775=1, 4409813=1, 2917077=2, 28914749=3, 25812571=1, 4435835=2, 15552848=1, 31089380=1, 28156488=2, 22547009=6, 11820500=1, 7968299=2, 15915173=1, 15118726=2, 20526939=3, 8940105=1, 26615093=4, 19041113=2, 7890102=1, 20978445=9, 15579296=2, 16160188=2, 19349421=3, 2320742=1, 20531731=1, 128210=1, 15773908=2, 7756993=1, 21440075=3, 21723635=1, 19816602=1, 14269956=2, 5597253=1, 7403497=1, 1861567=1, 31280636=1, 8662505=5, 11134601=1, 28083908=2, 23988839=4, 28022574=2, 20583327=4, 21892762=4, 19831690=2, 29098930=5, 32624782=1, 33236885=3, 21013232=2, 30592818=1, 21878537=1, 212222=3, 4845830=1, 31965773=1, 26846040=2, 10611241=1, 6890377=3, 6784440=2, 10527999=2, 3545903=4, 1876711=2, 4510232=1, 31936145=1, 3703399=2, 19282186=4, 1609546=2, 18106010=1, 4955522=2, 10743610=1, 27389138=1, 2985992=2, 27125776=1, 26015337=1, 23294432=1, 15042084=2, 1538196=1, 17594990=1, 5651186=4, 744515=1, 27351867=1, 486647=1, 17121608=1, 963262=2, 13456977=1, 29807029=1, 10210143=1, 17479986=2, 9906996=3, 30866710=1, 31503304=2, 17064687=1, 32869785=2, 22978182=2, 10798074=1, 8705592=1, 11326088=1, 7874458=6, 14258863=2, 26621081=4, 12837867=1, 22997369=1, 8753044=2, 13400002=1, 23650035=1, 8507587=1, 33251962=1, 11356451=1, 21874214=1, 18409652=1, 23989119=4, 1290114=2, 15835002=2, 22313414=1, 16791332=11, 5445141=3, 15991835=5, 27406294=4, 1243695=1, 3797602=1, 8618545=2, 15639329=2, 31055620=1, 15321421=1, 8158650=1, 3396676=1, 28031784=2, 23348312=1, 33221347=1, 25886177=1, 7803136=3, 19695492=2, 29466466=2, 14600293=1, 13473242=2, 11574222=2, 14120383=1, 25976294=1, 20051843=1, 13383091=5, 11473510=3, 1213717=2, 5436075=1, 28803323=2, 4165642=2, 1174623=1, 11919272=1, 26665100=1, 7834631=2, 24947834=2, 10074316=2, 13818751=1, 5440803=3, 23763974=2, 32452058=3, 1337684=1, 22623027=3, 3726270=1, 16305080=1, 30962817=1, 20468252=1, 8843509=1, 4602352=4, 27267416=8, 17526957=1, 22468992=1, 20623179=2, 16261864=6, 21401887=2, 4130141=3, 23784571=1, 1615046=2, 4331021=4, 891463=2, 23022751=1, 2455932=1, 16955149=2, 22190307=2, 13288755=1, 2246249=1, 16190405=3, 24087939=2, 6707015=1, 8193364=3, 21487396=1, 17180848=4, 32196116=1, 20240281=1, 1769495=3, 5765894=1, 5958323=1, 8747020=1, 24816088=2, 9865813=2, 14777112=1, 8484516=1, 25736695=2, 1811726=2, 20695134=1, 8583072=1, 33043087=6, 15487407=1, 19563642=2, 16772001=1, 619520=1, 31360660=2, 29248868=1, 6465668=2, 18605844=1, 20991686=1, 28084482=2, 32666243=1, 4457683=5, 22617704=3, 22612943=3, 9851618=1, 12729245=4, 9896139=3, 30157468=5, 1728517=1, 988024=3, 12329061=5, 5028650=2, 28121944=3, 16763006=1, 14278256=1, 29126874=1, 30636616=1, 8144356=1, 13566404=3, 6210671=1, 11945347=1, 14015899=1, 25663962=2, 26826577=1, 21996473=2, 23268792=3, 3219068=3, 21651787=1, 22301494=1, 29049290=1, 7752570=1, 3106236=1, 5679058=2, 32962010=1, 14669493=1, 25233124=3, 877403=1, 4758767=2, 21796695=2, 23793072=3, 3526384=1, 23488107=1, 14551059=4, 5729511=1, 767271=2, 29211959=2, 2253673=1, 18434130=1, 9701461=5, 26666349=1, 15152478=3, 17259364=1, 11156550=4, 9791837=1, 5452650=3, 10420901=3, 31065491=4, 31501853=2, 4688310=2, 5756194=1, 19735736=3, 4468158=5, 18264692=2, 5722953=1, 18294419=3, 5934762=2, 22655296=2, 22437529=1, 8272860=4, 32546666=2, 19856658=1, 31193347=1, 28955817=1, 11642625=2, 14652468=2, 8718802=3, 9695176=1, 18691343=3, 24360769=2, 12338860=1, 30904883=2, 16676737=1, 24121223=7, 7913800=1, 27455298=1, 11527670=1, 31018127=1, 30200436=1, 12751849=2, 10175279=1, 20389755=3, 27817925=1, 3166425=1, 28191148=4, 5808831=2, 32904610=4, 31053068=1, 26565156=1, 6821165=6, 20610367=1, 3396749=1, 18141205=1, 21913268=1, 22431278=1, 21491375=1, 28598617=1, 19103937=2, 26662198=1, 15490813=1, 12491431=2, 1208337=1, 22186744=2, 23304574=2, 1217951=2, 21897702=4, 9182370=5, 28619139=2, 8036366=2, 1458059=4, 23010736=3, 9593061=1, 15770353=2, 32557993=1, 10391233=2, 15003607=1, 9073074=1, 15597159=1, 1298743=1, 20177800=1, 24766542=1, 30856167=1, 29370801=9, 20079368=1, 14194762=2, 11257605=1, 21500760=6, 23328549=1, 28824314=1, 17946023=1, 19631662=2, 31608339=1, 18160036=3, 33193211=1, 27074852=3, 19545535=4, 20544744=1, 3071306=1, 20135697=3, 5334666=1, 30000472=1, 6108661=3, 3684290=6, 6503369=3, 19492322=1, 27990484=3, 23242358=2, 19064508=1, 25927262=2, 7775225=2, 6331930=2, 3696704=1, 5864471=1, 14918328=2, 32433550=1, 17230231=1, 29545809=1, 2564098=3, 6055334=1, 14237780=1, 14309976=1, 28954523=1, 29851190=1, 15411065=3, 12675863=1, 24821217=2, 6737285=1, 32975895=3, 18758082=4, 9458902=1, 16794745=1, 668130=4, 3516540=2, 4889414=2, 1069861=1, 27712400=1, 21608483=2, 18342329=1, 27113071=2, 27221699=1, 6170338=4, 22102492=1, 6412481=1, 2896156=5, 9850632=1, 26700470=1, 16568224=1, 13632274=7, 18252117=2, 30016867=4, 24080404=1, 29081076=2, 2054929=1, 18453204=2, 27099129=1, 4881391=1, 4957740=2, 18966187=1, 22570425=1, 19267731=4, 14889640=3, 11916389=1, 19928387=7, 7054630=2, 25881848=1, 11343400=3, 27452746=1, 27434773=2, 17608295=2, 27977205=1, 12493276=2, 611666=1, 6347527=1, 20026891=2, 16683631=2, 31935458=1, 19301416=2, 20771368=1, 21187408=1, 4318605=1, 14919945=2, 11624110=1, 24474089=1, 33383076=1, 26362182=1, 18140258=1, 33049701=1, 10168794=3, 19258757=1, 26889564=1, 32028335=2, 30445097=2, 12449802=1, 30299210=1, 19839642=2, 3347641=3, 23064743=1, 28559674=1, 10233372=5, 5373984=4, 22771758=1, 16582578=3, 20791631=1, 29596314=2, 19359534=1, 32611478=2, 3966366=2, 16355460=2, 1518138=3, 2454884=1, 9494428=1, 24817555=2, 33053989=1, 16789203=11, 1513211=3, 1023609=2, 24537240=1, 26003883=1, 30760837=1, 27376397=2, 13781578=1, 6363121=3, 4600054=4, 13831187=3, 12213666=1, 18814494=3, 29869616=1, 32775301=5, 15375197=2, 9226436=1, 2459687=2, 19576773=2, 30843043=2, 2041316=3, 25508504=3, 5856622=1, 26419261=3, 25589686=1, 7713539=2, 23592762=1, 29795546=2, 21588949=1, 9963547=6, 32426311=1, 32212920=2, 2513030=1, 4358326=2, 33504574=3, 2616903=1, 3697466=1, 15464901=1, 6813291=1, 33500089=3, 23144230=3, 31094965=1, 13197773=1, 32627753=1, 17668445=2, 13851209=1, 26871904=4, 1893425=1, 32442824=3, 30278935=4, 31155506=1, 2024642=1, 30944586=6, 32512336=7, 24308858=1, 26820022=3, 23965772=2, 6648420=1, 5039946=1, 2288107=1, 12288714=2, 28448254=4, 31382194=1, 6704069=1, 14696689=1, 32632725=1, 27463260=3, 29200409=2, 23385833=1, 1821992=1, 25802749=2, 19502772=2, 32673679=2, 2220225=1, 12462510=4, 13889069=1, 17822017=1, 22978158=2, 31481090=1, 4570636=2, 9380776=3, 23661545=3, 24682724=2, 26903545=2, 13769345=4, 28568127=1, 10784688=2, 31522093=1, 14071190=2, 6170398=4, 4792756=3, 23616654=1, 29488526=1, 13323866=1, 24910051=5, 29756230=4, 13181335=3, 1530503=1, 21736699=2, 7656227=1, 5139404=1, 4088153=1, 31324391=1, 31049025=1, 19785382=1, 15940390=3, 185829=1, 14634303=1, 7499832=1, 16627116=2, 4996115=5, 32493302=1, 5640277=4, 5188624=3, 32531029=1, 30571559=1, 23361=1, 30062899=2, 15653283=1, 12454576=4, 28527309=1, 26713705=2, 32617343=2, 12425050=2, 10281121=1, 27297291=2, 20352893=2, 4359159=2, 30452824=2, 25874484=1, 17918938=1, 30812633=4, 16319584=3, 21379050=4, 15834420=2, 15161324=1, 26133372=1, 12018302=1, 27605680=3, 13038510=1, 26776100=2, 12843818=1, 6640932=1, 21725676=2, 12283926=1, 31790144=3, 25362470=3, 8199412=3, 835415=2, 4584389=1, 26724078=1, 5919090=1, 21166641=1, 8492274=2, 2470827=2, 7655699=1, 15070864=1, 28066837=1, 14717093=2, 1438255=1, 4146358=1, 28920303=1, 1404817=1, 28868618=2, 1204400=1, 28037901=1, 20608619=1, 24110978=1, 31403477=3, 2262295=2, 15671215=3, 14528372=2, 7018263=3, 16956711=2, 5646205=4, 30825073=1, 4022443=1, 13434873=1, 10403250=2, 20245285=1, 25945027=1, 3566951=1, 94405=1, 12186597=1, 1417509=2, 11777783=2, 15263199=1, 26099735=1, 13725386=1, 17448205=4, 7093584=5, 10293166=3, 6341173=1, 6389902=2, 13671984=2, 9227042=1, 24839901=3, 29783191=1, 28754679=1, 18423802=3, 12643348=1, 1942790=2, 22407250=1, 20764632=1, 7700256=1, 7720719=1, 20262194=3, 15016636=3, 26750987=6, 19725988=1, 438057=2, 11497180=1, 10820833=3, 14865374=1, 15219267=6, 23653055=1, 31375338=2, 7176720=2, 1063063=7, 11528457=1, 3439235=1, 30605175=1, 28994305=1, 23836824=2, 17147452=2, 11595384=1, 9182040=5, 32185315=3, 14458128=2, 24009702=1, 2785190=1, 282229=1, 4935522=1, 21731706=2, 12419772=2, 17856550=1, 24206419=1, 7735322=4, 20428995=2, 3300380=1, 30373313=1, 12448048=1, 29260618=1, 14161017=6, 18558702=3, 19969132=2, 14756583=3, 6632969=3, 18011390=1, 3941675=5, 18962614=1, 23716100=1, 28418434=2, 3547234=4, 6309469=1, 4818702=2, 29018559=1, 14036765=4, 25862076=2, 3476725=3, 14610850=1, 10514800=1, 30087903=3, 32855726=1, 28078272=1, 33105425=3, 4576954=1, 21240469=5, 29541956=1, 13370159=5, 16114904=1, 4977403=1, 5826360=1, 25168387=10, 25453682=1, 22140741=1, 25729678=2, 18847227=2, 25144530=2, 23742348=1, 17499621=3, 22980420=2, 6952234=4, 7501898=1, 25639769=3, 30465129=1, 18748199=4, 21152732=1, 6725454=2, 20074570=1, 4447389=1, 30102816=1, 23257221=1, 13605228=2, 17416084=2, 5186318=3, 20879080=2, 9109283=1, 10412440=1, 20435598=1, 14676089=1, 32430738=1, 12430508=2, 22643714=2, 3168957=1, 11018058=6, 23147982=3, 17518850=1, 33310158=1, 1394021=1, 23864196=5, 31994610=6, 12296112=2, 17120273=3, 32311522=3, 27278022=8, 18518125=2, 17206484=2, 20598979=1, 8258713=4, 20868845=1, 27651051=1, 24107881=1, 25546485=1, 31508675=1, 32067185=1, 22595562=1, 11557315=1, 4993283=5, 32887823=1, 17682677=1, 24678324=2, 14218369=1, 18346208=1, 5916736=1, 29652265=1, 10944937=3, 31779994=1, 335441=3, 8234633=2, 17567880=5, 16117685=1, 21575905=3, 24702641=1, 20930960=1, 15719735=1, 2580124=1, 32707164=3, 7160402=1, 19856005=1, 6406413=1, 26113058=1, 30551795=4, 2866784=2, 14680198=8, 24099716=2, 9945643=1, 17200591=1, 18343785=1, 25064902=1, 30811630=4, 10616643=1, 17355782=1, 8839816=1, 9215929=2, 9815165=1, 20663002=1, 14620250=3, 20146457=1, 3548042=4, 20807454=1, 17794030=2, 26273924=1, 15343910=4, 19186058=1, 22877896=3, 33476371=1, 12014965=1, 30296654=1, 32790834=1, 12289858=2, 6683257=1, 15204725=6, 16462484=3, 30837173=2, 32195264=1, 1987680=1, 13728780=1, 24087405=2, 4120405=1, 18787223=2, 20750768=2, 16842797=3, 20875135=2, 22950374=4, 24306551=1, 33258519=1, 8578165=1, 5765425=1, 7286337=3, 15325442=1, 25619461=1, 27810812=1, 993133=3, 30927814=1, 3397209=1, 15672819=3, 24951989=2, 6947669=4, 15844371=1, 21907755=1, 12254986=1, 19929892=7, 16830054=1, 21154198=1, 19454218=1, 18499841=1, 20570074=1, 31093820=1, 5742785=2, 21327649=1, 21708593=3, 26644812=2, 8890535=2, 24022788=2, 8825261=2, 2094347=1, 18266881=2, 15935776=3, 967335=1, 4342028=1, 30969155=2, 28929065=1, 12072566=6, 26415417=3, 19021439=4, 17535477=2, 5509822=5, 32293972=1, 24778077=4, 1548902=2, 8289257=1, 25757081=3, 31458288=8, 2133615=2, 14907744=1, 23554730=1, 2148200=1, 12607526=1, 25466875=2, 32762401=1, 653935=1, 24159715=2, 29532852=2, 14718311=2, 6459646=2, 2503229=4, 11664715=1, 5423200=1, 12407126=1, 316677=1, 16338149=1, 28979298=4, 14013201=1, 22344654=1, 12721894=4, 28778407=3, 15724754=1, 2604832=2, 26195376=2, 5840981=3, 25499915=3, 16322706=3, 14931786=1, 8354396=1, 31673246=1, 22877584=3, 17944182=1, 10342890=1, 30925879=1, 23701167=2, 14047830=1, 7439696=2, 28541778=2, 6833910=1, 17122799=1, 17493851=1, 31023946=1, 31880926=1, 4857423=4, 27745170=1, 33352380=1, 8481088=1, 13403147=2, 4898892=1, 27772246=1, 25426043=1, 24944290=2, 16731906=1, 29214401=1, 23752386=1, 25924076=2, 23213491=4, 5607485=2, 768150=2, 7098756=1, 12187391=1, 2870642=1, 32667169=1, 1394506=1, 4970938=1, 6807941=1, 2207969=2, 22895463=1, 18130290=2, 28029746=2, 17143856=2, 9453487=7, 3953169=1, 515986=1, 28406497=1, 31265414=3, 21687697=1, 7894985=1, 17556457=1, 30636530=1, 11180862=2, 8065391=3, 33456683=2, 33218551=1, 5121510=4, 20799803=1, 6081060=1, 1158381=2, 4529919=3, 12617835=2, 10645676=1, 29518935=1, 15431689=1, 10493835=8, 15289994=1, 32787290=1, 8779095=1, 21872017=2, 33434770=4, 30971149=2, 6514854=1, 13116481=6, 18883173=8, 24330162=3, 20616088=2, 7943841=3, 31884604=2, 5674797=2, 4589428=4, 25376193=3, 31658791=3, 4206350=9, 10024246=1, 9874583=2, 2633065=6, 5650303=4, 20250142=1, 15967000=2, 28693297=1, 2027927=1, 8722174=3, 24946570=2, 15831745=2, 18217363=1, 5256971=7, 14890370=3, 160451=1, 24020643=2, 2285664=1, 7678462=3, 27592852=3, 31712071=1, 4930114=3, 30797072=1, 10133250=2, 9297059=1, 14414500=1, 11799297=5, 32056398=3, 30062841=2, 31901805=1, 4485143=1, 16504987=1, 19525700=1, 31030500=1, 26398120=1, 10960974=1, 5596626=1, 29288816=1, 26930211=1, 31252277=1, 30337530=1, 2061447=1, 7686936=1, 3408196=5, 24965408=1, 8544138=1, 31440000=2, 32248590=5, 31211468=5, 21425908=1, 22225036=3, 15794236=3, 23858330=5, 3943613=5, 22725197=1, 28718609=4, 18211148=1, 7977405=2, 26232854=1, 3410268=5, 31084064=1, 15795090=3, 22461389=2, 30721025=1, 5287863=2, 11959373=1, 7292402=1, 29050046=1, 8353211=1, 23244834=2, 23679388=1, 1305972=1, 6210984=1, 4032533=2, 32904546=4, 25077546=2, 16059560=3, 30086303=3, 32797922=1, 17941474=1, 11949559=1, 9352662=2, 4877628=1, 10077258=1, 28801621=1, 8561452=2, 14716873=2, 14231456=3, 32194499=3, 19680505=1, 21938033=2, 1783628=3, 2528634=2, 29928077=2, 26319311=2, 14430266=5, 31835780=1, 23558747=1, 6205245=2, 17123309=1, 22196688=2, 16813987=2, 765540=2, 23571212=2, 30463813=1, 21263303=1, 23679914=1, 6828068=6, 28350540=2, 32838432=3, 12516877=1, 17090498=1, 18334593=1, 10518962=2, 27574502=1, 17124687=1, 22705577=1, 10060349=2, 10566102=3, 13708701=3, 21754779=1, 8290080=1, 32121122=4, 8330290=3, 15471409=5, 31163914=2, 9373943=3, 19315308=2, 14591385=2, 2626664=6, 6941867=1, 28001690=1, 14050373=1, 4443107=1, 23146480=3, 6934952=1, 8039895=2, 6161611=4, 28581430=5, 24545808=2, 26385448=2, 26127165=2, 10934010=1, 19462672=1, 16654145=4, 15116251=2, 26249098=2, 27039267=2, 24373539=1, 20729084=1, 16353493=2, 29078840=2, 3509313=2, 22405220=1, 30729871=1, 21465=1, 29376730=1, 18920618=2, 10281588=1, 32752259=1, 7946053=3, 19565924=2, 31195178=5, 26731139=1, 27923551=4, 22050251=1, 5261120=1, 25452373=1, 2336927=2, 24412681=2, 21616289=1, 19560589=1, 31259535=1, 9596163=1, 23666960=3, 7107696=1, 9058591=4, 1305190=1, 2362840=5, 6702204=1, 28546637=2, 4024445=1, 8239231=2, 5267327=1, 6516597=1, 19982944=1, 24120019=7, 8502033=2, 19943239=1, 17675329=2, 15263631=1, 14806782=1, 6723205=2, 25308714=4, 9850056=1, 3237011=1, 21113596=4, 11467391=1, 2850648=1, 20558742=2, 3920426=1, 30498712=1, 733135=3, 32959684=1, 13135895=1, 20525930=3, 4032262=2, 742751=1, 5184546=3, 30520482=2, 5993597=1, 28125722=3, 87941=1, 13763812=4, 18575177=1, 5355451=2, 25919329=1, 15062866=1, 23245556=2, 32252976=5, 1535268=1, 17122501=1, 19597593=3, 6239148=3, 11717941=1, 3761862=1, 23862909=5, 9543696=2, 10451168=1, 6651564=1, 4055289=1, 32742583=2, 32401237=1, 12053444=1, 25442631=5, 22953289=4, 18492453=4, 27821217=2, 30946322=6, 24107234=1, 11651669=1, 15737126=7, 25825003=4, 32664220=1, 16042217=1, 7870633=6, 2202886=2, 30073553=1, 5088758=2, 26895166=1, 12585053=9, 1216122=2, 11949378=1, 27044546=2, 27738877=1, 30902736=2, 11736714=3, 5228393=1, 30859812=1, 14501641=1, 25455625=1, 27657774=4, 9998849=2, 25390680=1, 14503754=1, 6622578=3, 26457731=2, 12780947=3, 7853026=1, 23708821=1, 27285726=1, 22232106=3, 7407754=3, 17726544=1, 7640459=2, 2068556=2, 12900799=1, 8451832=1, 8191186=1, 4554134=1, 11360213=1, 10545653=1, 4569707=2, 11760698=1, 2515008=1, 20654151=3, 4049224=1, 23835818=2, 25845217=1, 28925221=1, 10219317=1, 30915884=2, 11845005=2, 21594775=2, 20944339=2, 5618746=2, 6339973=2, 16752566=2, 8404105=10, 10343475=1, 14833531=1, 23222567=1, 33194727=2, 32512784=7, 26804676=3, 570404=2, 13691978=1, 2373188=5, 1732213=1, 16392464=4, 18177691=1, 1149425=2, 30636601=1, 18173316=1, 10845816=1, 19129640=1, 31112766=2, 19796906=4, 18864687=1, 2396194=2, 8699990=1, 12072521=6, 25155367=1, 7225277=4, 25883821=1, 19183120=2, 620931=1, 6415850=1, 7175505=1, 134456=4, 1574203=6, 2178508=3, 16612991=1, 30266065=1, 20261742=3, 29795585=2, 32138569=1, 30375170=1, 23182842=2, 17307359=6, 30880849=3, 14532772=1, 2352811=1, 33318713=1, 1079500=1, 11317778=2, 20852200=4, 4890702=2, 30397497=1, 13634636=7, 30073589=1, 7473265=4, 2669789=2, 7967205=2, 6130684=2, 5899442=4, 3539790=4, 810026=1, 9889196=1, 9634756=3, 3891972=1, 4679816=1, 14497899=3, 7415938=3, 14786290=2, 13819955=1, 12712387=1, 20579051=4, 17168859=1, 20549882=2, 27437258=2, 7303049=1, 8607768=1, 18744390=4, 1963516=1, 27391064=1, 22842216=2, 4390379=1, 9277721=2, 10990918=2, 30993560=1, 24867940=1, 28131564=1, 5491059=1, 22302707=1, 3198752=1, 31038419=2, 22350003=3, 29807360=1, 28350298=2, 6760076=3, 9428197=1, 16256908=6, 24131467=7, 18614229=5, 28929033=1, 22664744=1, 17454413=1, 25496182=3, 4968539=1, 2968787=1, 1450139=4, 15123323=1, 7780527=2, 22101729=3, 19977221=1, 436128=2, 32789346=1, 3523903=1, 282596=1, 12968951=1, 8539374=1, 3828517=1, 10487256=8, 112469=2, 9572038=4, 24430140=1, 16781835=11, 15314768=2, 14136305=2, 32433790=1, 11583633=1, 13570782=3, 18028729=3, 634081=2, 11304246=1, 6929556=2, 4235228=2, 16668194=1, 10119616=1, 26603815=1, 9070253=1, 9639286=3, 19983560=1, 17292125=1, 1837392=5, 5954338=1, 1219063=2, 27288611=1, 16164508=2, 9343963=2, 8035891=2, 4166054=2, 10473160=1, 22184082=2, 32893850=1, 4465497=5, 4940024=1, 14990455=2, 20153553=2, 11172817=1, 2677343=1, 17133312=1, 20839726=1, 2626927=6, 14906493=1, 12892819=2, 31019589=1, 18864353=1, 25378122=3, 24084710=2, 25652009=1, 11392794=1, 527741=6, 17873613=2, 4895027=2, 20058719=4, 5183493=3, 13152693=2, 1450506=4, 13610580=2, 23333958=5, 17057041=1, 32506447=7, 6183892=1, 8721033=3, 16717233=3, 18480539=1, 18384652=2, 14171279=6, 7711014=2, 7781652=2, 5930615=1, 26460462=1, 7271009=1, 31157200=1, 14933500=1, 17549579=1, 31265060=3, 19062806=1, 17568647=5, 1715414=4, 27539489=5, 26190274=2, 15687469=1, 11378272=2, 24871576=2, 18439545=1, 33094564=1, 21817304=1, 12436640=1, 32734703=1, 16528158=5, 5214417=2, 26457333=2, 9301378=1, 30122377=2, 15414013=3, 2286422=1, 26710955=2, 17768354=3, 21059289=1, 13181155=3, 16251722=1, 26382471=2, 16336315=1, 29122749=1, 18278607=1, 12465779=4, 12715733=4, 28332384=1, 18635154=1, 18153555=3, 6197448=2, 18050813=1, 17725430=1, 31232228=2, 5020714=2, 20681045=2, 10984061=2, 12848851=5, 24464231=1, 10470316=1, 10747209=1, 22610856=3, 20059531=4, 18095002=5, 9167637=1, 23847458=1, 23681116=1, 33543532=1, 30828905=1, 16194831=3, 31687467=2, 20490190=2, 418385=1, 18571958=1, 32106532=1, 9872608=2, 27530343=5, 7945843=3, 19812135=1, 2968834=1, 19843961=1, 4742573=1, 15126457=1, 12998749=1, 9827204=1, 25398123=2, 719926=1, 32221308=2, 16719380=3, 6587789=2, 18193527=2, 24336365=1, 7559188=1, 12443016=1, 29287331=1, 29996190=2, 1663256]4=1}&gt;" type="org.junit.ComparisonFailure"><![CDATA[org.junit.ComparisonFailure: expected:<...Prime: 6 register: {[620931=1, 11916389=1, 30671521=5, 24537240=1, 12053444=1, 418385=1, 28674330=2, 32900393=4, 14765933=1, 30780760=2, 22092368=3, 28920303=1, 17554965=1, 27455298=1, 19545535=4, 14430266=5, 3786371=1, 9596163=1, 5209263=1, 28307611=1, 28834429=1, 29145809=2, 9182370=5, 19183120=2, 22877584=3, 1282632=2, 1732213=1, 16632564=1, 31030500=1, 22705577=1, 31119171=1, 10960974=1, 3106236=1, 13208233=2, 18966187=1, 6363121=3, 4569707=2, 16794745=1, 24944290=2, 31402540=3, 27657226=4, 29260618=1, 14591385=2, 20205894=1, 14071190=2, 13258888=1, 19743708=1, 26593120=1, 5039946=1, 28404453=1, 5267327=1, 15773908=2, 17683345=1, 11779667=2, 10281121=1, 8705592=1, 17090498=1, 883541=1, 26834670=1, 969896=1, 9058591=4, 33500089=3, 27325259=1, 7735322=4, 18068841=2, 31863209=4, 16160188=2, 33012350=2, 27351867=1, 5674797=2, 16355460=2, 9572038=4, 30962412=1, 29287331=1, 5051045=3, 10093967=4, 10527999=2, 5445141=3, 31157200=1, 3138530=1, 24111939=1, 29845658=1, 8258713=4, 2975568=1, 20623179=2, 16250934=1, 10845816=1, 4877200=1, 12721894=4, 16579327=1, 18423802=3, 27437258=2, 11703751=2, 2850648=1, 10622467=4, 29291849=1, 29829400=3, 11651669=1, 32873198=2, 20807454=1, 30811630=4, 19351575=1, 12493276=2, 10026595=1, 12462510=4, 14425396=5, 30546123=4, 24183637=3, 619520=1, 24084710=2, 26164135=3, 23348312=1, 10990918=2, 19563642=2, 23242358=2, 25619461=1, 15118726=2, 27817925=1, 28801621=1, 23679914=1, 653935=1, 21594775=2, 19610172=3, 11356451=1, 11949559=1, 31222618=1, 5618746=2, 10024246=1, 21943612=1, 3797602=1, 25589686=1, 1942790=2, 1394021=1, 31065491=4, 15653283=1, 7415938=3, 3423114=5, 25362470=3, 29200409=2, 6319558=1, 13831187=3, 138524=4, 17205645=2, 30556796=1, 16059560=3, 1023609=2, 32667169=1, 15889129=1, 11995144=3, 24405977=1, 25757081=3, 14990455=2, 25726316=2, 22163068=4, 28936171=2, 32617343=2, 19615882=1, 16772001=1, 192352=1, 15737126=7, 14669493=1, 32248590=5, 16719380=3, 24336365=1, 10077258=1, 9226436=1, 22953289=4, 17668445=2, 7499832=1, 21166641=1, 21059289=1, 18691343=3, 28598617=1, 30598229=1, 16750118=2, 25919329=1, 16450927=3, 9070253=1, 31093056=1, 18650261=2, 3178410=1, 29370801=9, 22468992=1, 4742573=1, 16842797=3, 10566102=3, 30729871=1, 19652863=1, 27131246=1, 6465668=2, 4435835=2, 6347527=1, 19103937=2, 29078840=2, 10847169=2, 12627713=2, 19902744=2, 30636616=1, 19943515=1, 33362008=3, 993133=3, 1811726=2, 218325=1, 6833286=1, 28617828=2, 11405540=4, 18342329=1, 11760698=1, 26731139=1, 24464231=1, 25390680=1, 24955303=1, 26734209=1, 15414013=3, 18434130=1, 24107234=1, 19943239=1, 30073553=1, 7544616=3, 8494934=2, 26415417=3, 29081076=2, 1715414=4, 25376193=3, 26776100=2, 27452746=1, 9850632=1, 32401237=1, 23078140=8, 23701167=2, 28541778=2, 32962010=1, 21359466=1, 7096664=1, 1769495=3, 33105425=3, 14194762=2, 8289257=1, 622545=1, 18883173=8, 7943841=3, 970785=1, 16462484=3, 14172302=1, 6081060=1, 20663002=1, 32501112=1, 18453204=2, 9998849=2, 2343945=1, 14269956=2, 22771758=1, 1491686=1, 29308580=3, 31440000=2, 33221347=1, 12837867=1, 7655699=1, 20319301=4, 26423992=3, 8721033=3, 2285664=1, 17217473=2, 2002780=2, 12054184=1, 24412681=2, 11584477=1, 12014965=1, 22301096=1, 23482905=1, 4857423=4, 13634636=7, 24914959=5, 8618545=2, 17454413=1, 1615046=2, 16117685=1, 12337299=1, 26457333=2, 2426165=3, 20238363=1, 546296=1, 13456977=1, 32959684=1, 15116251=2, 30056267=2, 26871904=4, 7032284=1, 8680987=1, 26700470=1, 1158432=2, 3996575=1, 2061447=1, 30866710=1, 10293166=3, 12070633=6, 5756194=1, 33295415=5, 19137484=5, 21643254=4, 3002690=1, 27176952=2, 20695134=1, 14098353=3, 26766021=1, 4404463=3, 1518138=3, 6055334=1, 30927814=1, 23650035=1, 28726889=1, 31360660=2, 17077986=2, 30000472=1, 3325467=2, 350458=1, 25344399=2, 13708701=3, 31615167=1, 3555034=4, 1458059=4, 7967665=2, 22087149=3, 30982134=2, 17120273=3, 6503369=3, 27990484=3, 7867465=6, 32311522=3, 10828451=3, 6516597=1, 11113102=2, 4795201=3, 11574222=2, 20312245=1, 9402743=1, 23809920=1, 29377894=1, 13648020=1, 22310988=1, 12243029=1, 13199556=1, 31763005=2, 22212733=1, 25398123=2, 12289883=2, 24020643=2, 17367685=3, 5742785=2, 15687469=1, 10296950=3, 13921691=1, 13523492=1, 17157081=1, 33319216=1, 1611720=2, 5234102=1, 28614315=2, 31673246=1, 14680198=8, 24117886=7, 13196572=1, 26499856=1, 22997369=1, 10547462=1, 3410268=5, 30114251=2, 14329282=2, 26846040=2, 5875529=2, 31089380=1, 33447016=1, 28633221=1, 18140258=1, 30414111=7, 8541592=1, 14756583=3, 2564098=3, 15152478=3, 32797922=1, 7686936=1, 4358326=2, 19953653=1, 14907744=1, 26249098=2, 23661545=3, 29795546=2, 11497180=1, 17190855=1, 29654132=1, 17946023=1, 30452824=2, 23653055=1, 16832126=1, 30375170=1, 6123321=1, 28022574=2, 5287863=2, 20608619=1, 18635154=1, 26099735=1, 21616289=1, 18211148=1, 21892606=4, 14136305=2, 25176505=10, 6498813=3, 8867196=1, 12793413=3, 1548902=2, 17122501=1, 10545653=1, 12283926=1, 14047830=1, 25639769=3, 1018447=2, 16791332=11, 22547009=6, 6331930=2, 27044546=2, 25764816=3, 1876711=2, 33209575=2, 32742583=2, 5184546=3, 11862461=3, 7046665=2, 9947013=1, 27434773=2, 23222567=1, 25205078=2, 4418879=1, 13818751=1, 12516877=1, 19359534=1, 28156488=2, 14889640=3, 24538682=1, 3838693=2, 21575905=3, 6355850=1, 18575177=1, 5423200=1, 29928077=2, 635862=2, 23177209=2, 26054112=2, 23257221=1, 10934010=1, 14834284=1, 4146358=1, 8124509=1, 2238660=4, 128210=1, 28125722=3, 26820022=3, 32834970=3, 1450139=4, 22350003=3, 5055558=3, 10281588=1, 27297291=2, 31645777=1, 28924179=1, 27530343=5, 14528372=2, 19168306=1, 4049224=1, 5080547=2, 24099716=2, 27267416=8, 8312500=1, 30837173=2, 25568617=4, 15566079=2, 7656227=1, 15343910=4, 11736714=3, 11180862=2, 21996473=2, 17123309=1, 19232390=1, 9011731=2, 13826954=1, 3761862=1, 21588949=1, 6813291=1, 14276336=1, 24778077=4, 12780947=3, 32065678=1, 28894296=1, 19565924=2, 10210143=1, 10083691=1, 25736695=2, 29807029=1, 12882863=2, 2815258=1, 29910980=1, 29050046=1, 19912066=1, 13570782=3, 26969940=2, 21401887=2, 23064743=1, 25426043=1, 18962992=1, 8544138=1, 11528457=1, 21152732=1, 11527670=1, 14823944=4, 20664746=1, 19021439=4, 29738395=1, 12289858=2, 15016636=3, 10414470=1, 1883166=2, 22906193=2, 6514854=1, 31642313=1, 11717941=1, 31084064=1, 30543997=4, 29970396=1, 6339973=2, 17673937=2, 5121510=4, 16717233=3, 28083908=2, 5926298=1, 3966366=2, 30551795=4, 4510232=1, 3223226=3, 1217951=2, 13570265=3, 72257=3, 19143019=5, 32426311=1, 25924076=2, 11945347=1, 11905375=2, 27592852=3, 12449802=1, 10944937=3, 12186597=1, 28066837=1, 4313241=1, 26903683=2, 24515510=4, 14314800=1, 6523745=2, 9874583=2, 10403250=2, 5663981=1, 6828068=6, 9182040=5, 16582578=3, 9154966=2, 28868618=2, 27867077=3, 26195376=2, 12900799=1, 16668194=1, 5229701=1, 15770353=2, 7673622=3, 33504574=3, 32624782=1, 25802749=2, 8812012=1, 17121988=1, 15321421=1, 7591959=1, 17479986=2, 21009443=2, 17521430=1, 32252976=5, 32121122=4, 33310158=1, 3726270=1, 12718000=4, 27991469=3, 8167580=2, 9277721=2, 30227076=3, 8507871=1, 27278022=8, 16830054=1, 5088758=2, 5597253=1, 3351933=3, 9661864=1, 2580124=1, 21440075=3, 2626927=6, 28225464=2, 26919320=1, 23864196=5, 9343963=2, 30568677=1, 25533230=2, 17884178=1, 5028650=2, 11326088=1, 8193364=3, 12182377=1, 25771888=3, 22343717=1, 3617329=3, 32196116=1, 16305834=1, 3355060=3, 30157468=5, 32433790=1, 11018058=6, 32138569=1, 26750987=6, 31793815=3, 26021060=3, 5765894=1, 18731621=1, 4881391=1, 29532852=2, 27651051=1, 262479=5, 16676737=1, 12419772=2, 12404015=1, 27516056=1, 7876840=6, 29581787=1, 20262194=3, 1641703=3, 19680505=1, 1695017=1, 22206911=1, 30397497=1, 12425050=2, 23666960=3, 18518125=2, 30416892=7, 12690458=2, 20058719=4, 4572258=1, 17196096=1, 11228339=1, 11145232=4, 33043732=6, 16776269=1, 31282946=1, 19258634=1, 19407032=6, 29511810=1, 30336257=1, 16381941=1, 30520482=2, 32106532=1, 28546637=2, 7178280=2, 22738333=1, 27285726=1, 15325372=1, 28332384=1, 15835002=2, 25108820=3, 23104249=2, 29111646=5, 22861879=1, 18450738=2, 7890102=1, 11028113=1, 11687463=1, 25453682=1, 18683247=3, 9945643=1, 3198752=1, 15548850=1, 126436=1, 627760=2, 30207934=1, 28037901=1, 13595614=1, 8484516=1, 6161611=4, 20525930=3, 23616654=1, 8578165=1, 23965772=2, 94405=1, 28971348=4, 21832496=3, 16124677=4, 24967360=1, 29668652=2, 26382471=2, 1079500=1, 29545809=1, 19560842=1, 14118094=1, 22437529=1, 23793072=3, 27738877=1, 4758767=2, 22055273=2, 5467278=1, 19839642=2, 8593223=3, 1438255=1, 13819955=1, 31875015=1, 21187408=1, 22725197=1, 6802132=1, 2896156=5, 6603853=1, 1997469=1, 19668707=5, 20411128=1, 29630955=5, 25236222=3, 4331021=4, 92711=1, 9815165=1, 10747209=1, 18261271=2, 6807941=1, 27406294=4, 13081583=2, 31564039=2, 6108661=3, 10645676=1, 19258757=1, 21708593=3, 24009702=1, 32752259=1, 19816602=1, 32638304=4, 9453487=7, 1298743=1, 3303576=1, 31259535=1, 18011390=1, 22570425=1, 6415850=1, 27113071=2, 15385190=1, 18294419=3, 16779410=11, 15935776=3, 23752386=1, 20526939=3, 28979298=4, 19969132=2, 7225277=4, 17822017=1, 9301378=1, 19812135=1, 24965408=1, 29923937=2, 2220225=1, 20059531=4, 1757445=1, 11392794=1, 3141032=1, 12968951=1, 17873613=2, 24110978=1, 29851190=1, 32910135=4, 24744085=2, 13383091=5, 15396722=1, 4996115=5, 14043360=1, 7803136=3, 18343785=1, 14309976=1, 25362418=1, 4977403=1, 25982412=1, 15552848=1, 10343475=1, 23985152=1, 4779982=1, 18060869=2, 21698123=3, 31987488=6, 18193527=2, 20401114=1, 22664744=1, 22895463=1, 18787223=2, 19515549=1, 6183892=1, 23151323=1, 7271009=1, 12607526=1, 21874214=1, 29473370=2, 27425898=1, 7862457=1, 18264692=2, 22344654=1, 2787270=2, 21754779=1, 21342239=2, 6723205=2, 19136812=5, 30636601=1, 11919272=1, 17742104=2, 20990474=1, 17612756=2, 1404817=1, 24474089=1, 31112766=2, 25492509=1, 4448318=1, 25466875=2, 6197448=2, 17057041=1, 24956605=1, 18814494=3, 2024642=1, 19339216=3, 16408136=1, 26084666=4, 31835780=1, 13434873=1, 14458128=2, 30465129=1, 23348623=1, 20904189=1, 33043087=6, 4032262=2, 8035891=2, 19462672=1, 29049290=1, 25945027=1, 5646205=4, 17499621=3, 14532772=1, 33543087=1, 31106279=2, 22975875=2, 8290080=1, 13943512=1, 23244834=2, 21390716=1, 20392578=3, 4081541=1, 3987571=1, 8234633=2, 3157966=7, 23100014=1, 26463948=1, 24989318=1, 8330290=3, 30925879=1, 13784271=1, 21302110=3, 10368634=4, 28929065=1, 2866784=2, 32855726=1, 31163914=2, 27798356=6, 6034483=5, 20564858=1, 26644812=2, 24862406=1, 31375338=2, 30135567=1, 22405220=1, 31522093=1, 32883436=1, 32622010=1, 21154198=1, 4895027=2, 6879198=1, 13135895=1, 9533814=1, 19898739=2, 30504174=1, 3566951=1, 23539206=3, 29376730=1, 7977405=2, 17448205=4, 19843961=1, 7020410=3, 4447389=1, 4046517=2, 17416084=2, 33119321=1, 20373833=1, 22140741=1, 6801513=1, 13152693=2, 18217363=1, 4063923=4, 5378945=4, 15618527=1, 18141205=1, 14865374=1, 20544744=1, 8451832=1, 28734519=1, 28001690=1, 32904546=4, 4465497=5, 22190307=2, 13781578=1, 23182842=2, 8039895=2, 18050813=1, 3526384=1, 4554134=1, 515986=1, 30601143=1, 1174623=1, 4281004=1, 19796906=4, 5373984=4, 15314768=2, 20159743=2, 26954251=1, 26031265=3, 24816088=2, 13400276=1, 18596076=1, 9109283=1, 22156321=4, 3828517=1, 18028729=3, 25124702=1, 4738881=1, 32751007=2, 13638276=7, 32677626=2, 23331373=5, 7286337=3, 580239=1, 32414581=2, 14050373=1, 2288107=1, 15800816=3, 24803179=1, 3891972=1, 10317215=1, 33286395=1, 27712400=1, 5453790=3, 742751=1, 19977221=1, 988024=3, 5764317=1, 21951714=1, 32960589=1, 16319584=3, 7219068=4, 16110504=1, 30016867=4, 10166369=3, 10003632=2, 2902353=1, 33318713=1, 2843906=1, 25825003=4, 5334666=1, 17028231=1, 2115564=1, 28955817=1, 8662505=5, 4905504=1, 19041113=2, 2897066=5, 112469=2, 33094564=1, 32221308=2, 14485113=3, 10649730=2, 28824314=1, 12848851=5, 15126457=1, 19952307=1, 30666297=1, 16528158=5, 2666184=2, 3678548=6, 2101638=8, 7437837=1, 6604031=1, 29731659=2, 23796715=3, 30828905=1, 25631188=3, 7853026=1, 19848582=1, 22375328=1, 18173316=1, 10559704=3, 7410281=3, 24270255=1, 17684801=1, 20240281=1, 26232854=1, 30103331=1, 27074852=3, 1213717=2, 15213600=6, 24542708=1, 11169966=1, 25378122=3, 212222=3, 20501371=1, 22084273=1, 18744390=4, 436128=2, 25812571=1, 25508504=3, 30387257=2, 30086303=3, 25442631=5, 158177=1, 23050561=2, 19524594=1, 3104117=1, 6412481=1, 30498712=1, 13160495=1, 19597593=3, 19752445=1, 1728517=1, 12430508=2, 33327719=2, 32673679=2, 8561452=2, 21864777=2, 10784688=2, 6125714=1, 18334593=1, 23988839=4, 10382771=1, 25729678=2, 20991686=1, 2246249=1, 16642930=1, 30969155=2, 17147452=2, 3347641=3, 12448048=1, 12443016=1, 21472473=2, 7403497=1, 20930960=1, 11140694=1, 8753044=2, 13400002=1, 5919090=1, 15844371=1, 1450506=4, 11332798=1, 24047436=1, 18160036=3, 24974824=3, 5049804=3, 29652265=1, 4970938=1, 14993489=1, 18499841=1, 24263397=4, 634208=2, 7358664=1, 30062841=2, 9711074=5, 23213491=4, 8940105=1, 25740949=1, 26163878=3, 31481090=1, 18649055=2, 13116481=6, 18886951=8, 26724078=1, 20079368=1, 3771714=2, 891463=2, 15950550=1, 8207469=3, 22102492=1, 15385910=1, 15967000=2, 9397103=1, 32714059=3, 28801414=1, 32707164=3, 24373539=1, 19929892=7, 266820=5, 28929033=1, 20579051=4, 6409812=1, 9905048=3, 9617058=2, 27549306=1, 14634303=1, 29869616=1, 14717093=2, 30946322=6, 16042217=1, 33352380=1, 13691978=1, 18492453=4, 19525700=1, 10493835=8, 11304246=1, 21725676=2, 13722016=1, 27389138=1, 4457683=5, 30856167=1, 15129378=1, 22305622=1, 2566273=3, 9772532=3, 20135697=3, 21448512=1, 33543532=1, 7018263=3, 31094965=1, 18920618=2, 14786290=2, 17670014=2, 5228232=1, 17806314=2, 5026107=2, 3684290=6, 20250142=1, 23022751=1, 19880314=1, 7459988=1, 4318605=1, 6179628=1, 1074452=1, 23357136=1, 7752570=1, 23294432=1, 1337684=1, 15348677=4, 10992924=2, 7081090=5, 19492322=1, 10233372=5, 31093820=1, 23124006=1, 8779095=1, 4130141=3, 10233717=5, 16955149=2, 21750050=1, 27785668=1, 13850053=1, 310730=2, 12729245=4, 30122377=2, 31308158=2, 2917077=2, 20771368=1, 16956711=2, 1987680=1, 25168387=10, 21487396=1, 7967205=2, 8890535=2, 28029746=2, 29126874=1, 5596626=1, 6130684=2, 21681728=1, 28039534=1, 17197584=1, 33049701=1, 16531347=5, 4120405=1, 9971153=6, 26930211=1, 4390379=1, 30993560=1, 20372539=1, 16322706=3, 8159152=1, 17549579=1, 17832326=7, 18346329=1, 15597446=1, 16117168=1, 17429340=1, 25448811=1, 33471669=2, 7292402=1, 719926=1, 1149425=2, 19328694=1, 23212364=4, 14551059=4, 32813950=2, 19576773=2, 3941675=5, 16705833=1, 7175505=1, 8292335=2, 14161017=6, 6300292=8, 5440803=3, 24100870=1, 4654668=3, 25045161=4, 4235228=2, 17918938=1, 11566642=1, 8199412=3, 26804676=3, 6577504=1, 22391621=2, 1631451=1, 26767401=1, 12407126=1, 2124440=1, 15794236=3, 7556541=1, 1305190=1, 25154654=1, 25077546=2, 31503304=2, 29511652=1, 15605278=4, 3396676=1, 20142560=1, 23742348=1, 5916736=1, 31148962=1, 12411296=1, 23439438=2, 23268792=3, 9637445=3, 31226927=1, 6205245=2, 25308714=4, 24308858=1, 7220620=4, 14237780=1, 17145069=2, 604246=3, 7894985=1, 24360769=2, 3913478=2, 31019589=1, 19856658=1, 7781652=2, 28540260=1, 7700256=1, 23715370=1, 4584389=1, 21356740=1, 12213666=1, 22612943=3, 15003607=1, 23847458=1, 2320742=1, 11271966=1, 4224106=1, 31657356=3, 18278607=1, 13707454=3, 13194053=1, 11595384=1, 33311546=1, 10451168=1, 17200431=1, 6150584=1, 1854224=1, 316432=1, 24951989=2, 17768354=3, 10820833=3, 8034407=2, 11086003=3, 6833910=1, 4409813=1, 17200591=1, 20153873=2, 4165642=2, 9827204=1, 22301494=1, 31248066=1, 3362945=1, 23989119=4, 22784353=2, 32675664=2, 27391064=1, 27039267=2, 3516540=2, 29732131=2, 20799803=1, 26991233=1, 28721771=1, 11216898=3, 6648420=1, 32869785=2, 10514800=1, 14203209=2, 15448929=2, 10616643=1, 8539374=1, 1394506=1, 9125529=3, 24705992=1, 25119598=1, 23062733=1, 18911831=2, 9701461=5, 13197773=1, 27000314=1, 27745170=1, 17180848=4, 6564591=5, 9133290=1, 31061443=1, 4845830=1, 24739740=1, 24308855=1, 8602088=1, 20569755=1, 21090233=1, 5702201=3, 12254986=1, 10953545=3, 3766357=1, 32787290=1, 25535699=2, 24545808=2, 28886725=1, 12892819=2, 15004612=1, 31129131=1, 15970716=2, 5240261=1, 24934751=1, 26912273=2, 12415026=1, 7583545=2, 11664715=1, 2054929=1, 7834631=2, 27125776=1, 20616088=2, 21640025=4, 17466873=2, 15437799=2, 8191186=1, 24678324=2, 14015899=1, 10420901=3, 9639286=3, 32474311=2, 18563156=1, 6958077=4, 21038613=3, 31789279=3, 30278815=4, 10192726=2, 26925592=1, 33383076=1, 21296852=1, 10518962=2, 24118442=7, 1002174=1, 12241262=1, 20074570=1, 765540=2, 8507587=1, 32092565=2, 16251722=1, 4669939=1, 8771607=1, 17594990=1, 2793118=2, 8595624=3, 11656800=1, 3321921=2, 8789604=4, 10034636=3, 29098930=5, 282229=1, 20389755=3, 30073589=1, 21299617=3, 7276676=3, 19267731=4, 28925221=1, 18605844=1, 28056189=5, 2049169=1, 18840916=1, 23589103=1, 32762401=1, 20468252=1, 4930114=3, 23862909=5, 18962614=1, 8675921=1, 19727900=3, 27022157=1, 17856550=1, 7711014=2, 30944586=6, 9835864=4, 2604832=2, 18096070=5, 28951229=1, 1692793=1, 10074316=2, 1893425=1, 3485530=3, 9850056=1, 17173279=4, 15915173=1, 18303106=1, 8873601=1, 14777112=1, 32385009=4, 18868998=1, 22186744=2, 15056985=1, 4051275=1, 5954338=1, 24361109=2, 21872017=2, 32841397=3, 29537072=2, 31712071=1, 768150=2, 16313871=1, 1069861=1, 18614229=5, 3908427=2, 32632725=1, 31055620=1, 9352662=2, 4940024=1, 28982138=4, 19315308=2, 1158381=2, 30880849=3, 4529919=3, 10295880=3, 31232228=2, 6929556=2, 13763812=4, 21783373=1, 9132044=1, 29216430=1, 1793469=1, 33507745=1, 24187171=3, 1535268=1, 18346208=1, 9695176=1, 33476371=1, 8272860=4, 3293039=4, 32969858=3, 29862654=2, 24418684=2, 19062806=1, 8211344=1, 9593061=1, 11360213=1, 19982944=1, 13181155=3, 29040693=3, 1442504=4, 8942595=1, 26309528=1, 17292125=1, 19581375=1, 14475804=1, 30266065=1, 20646801=3, 22595562=1, 27464271=3, 2248256=1, 12665055=1, 18847227=2, 20654151=3, 24946570=2, 31873418=1, 32506447=7, 1915552=3, 32642810=4, 11317778=2, 27821217=2, 8625626=2, 16683631=2, 17341639=2, 11820500=1, 11824318=1, 16256908=6, 8502033=2, 30991345=1, 2016804=1, 4088153=1, 22407250=1, 20146457=1, 16338149=1, 3221170=3, 28619139=2, 16336315=1, 5993597=1, 30656120=1, 6941867=1, 12840175=1, 4024445=1, 20764632=1, 13323866=1, 8239231=2, 27099129=1, 10470316=1, 18792578=1, 23333958=5, 17944182=1, 7098756=1, 23147982=3, 30902736=2, 14718311=2, 10487256=8, 17941474=1, 24581201=3, 14906493=1, 28031784=2, 19631662=2, 25881848=1, 13288755=1, 1872558=2, 17675329=2, 30238581=1, 16114904=1, 5840981=3, 2459687=2, 16789203=11, 23836824=2, 9443174=7, 15123323=1, 6926925=2, 21651787=1, 7072138=1, 23165410=1, 335441=3, 28742754=2, 32512784=7, 13999814=2, 7218256=4, 2528634=2, 12585053=9, 27288611=1, 15070864=1, 28121944=3, 4804026=1, 9073074=1, 22645016=2, 3074715=1, 14596523=2, 16568224=1, 31935458=1, 286067=1, 6341173=1, 27923551=4, 10723546=2, 17152734=2, 6737285=1, 6683257=1, 18007181=1, 7103523=1, 24910051=5, 23099923=1, 18242793=1, 2362840=5, 20887070=2, 16164508=2, 20435598=1, 18074369=1, 33500888=3, 14618960=3, 10475906=1, 6210671=1, 8114546=1, 6704069=1, 6309469=1, 16406125=1, 24975840=3, 24738245=1, 33043601=6, 27537952=5, 9936213=2, 2336927=2, 16312112=1, 9906996=3, 24330162=3, 20838361=1, 30349725=3, 32433550=1, 1893576=1, 10743610=1, 4468158=5, 14696689=1, 6370027=3, 26190274=2, 31760670=2, 27001313=5, 22232106=3, 28130716=3, 20428995=2, 3703399=2, 26615093=4, 33209711=2, 23144230=3, 23146480=3, 14218369=1, 15719735=1, 1521726=3, 7000658=1, 6159846=1, 9651043=1, 13896629=5, 26858922=1, 17824513=1, 3237011=1, 24871576=2, 7433167=1, 26891383=1, 7399178=1, 11557315=1, 2470827=2, 21113596=4, 282596=1, 17568647=5, 9442202=7, 8236990=2, 24087939=2, 13605228=2, 24477230=1, 20681045=2, 11642625=2, 14171279=6, 27539489=5, 27370334=2, 8481088=1, 26362182=1, 2027927=1, 30032247=1, 21855821=1, 10439519=1, 835415=2, 25789997=2, 7542308=3, 19186928=1, 3753964=1, 18707578=1, 8699990=1, 14625548=3, 438659=2, 24306551=1, 6389902=2, 15998558=5, 586945=1, 2870642=1, 3219068=3, 9543696=2, 15579296=2, 28406497=1, 22617704=3, 19466410=3, 15582292=1, 12454576=4, 5930615=1, 666533=4, 1087939=2, 24682724=2, 16789638=11, 20879080=2, 32734703=1, 22344177=1, 185829=1, 9460614=1, 24656332=6, 29126131=1, 354186=1, 25386759=1, 30296654=1, 5958323=1, 9470738=2, 32212920=2, 31155506=1, 13370159=5, 10412440=1, 17716158=1, 26385448=2, 30062899=2, 5002833=1, 26457731=2, 27463260=3, 9215929=2, 7713539=2, 26713705=2, 2369154=5, 3313830=2, 17259364=1, 4930081=3, 23328549=1, 20978445=9, 12853629=5, 11348465=3, 8843509=1, 7720719=1, 29159711=1, 810026=1, 10684501=3, 31965773=1, 15671215=3, 7930974=3, 11761580=1, 21465=1, 2454884=1, 27556372=1, 15471409=5, 25144530=2, 15795090=3, 14919945=2, 12043443=1, 23488107=1, 20939367=2, 8264064=4, 18710405=1, 5452650=3, 19983560=1, 5228393=1, 2068888=2, 7176720=2, 18252117=2, 33213754=1, 11461293=1, 30200436=1, 23498864=2, 13610580=2, 17230231=1, 8877237=1, 5755682=1, 24131467=7, 3721561=1, 24107881=1, 2730=12, 30904883=2, 14501641=1, 25976294=1, 1783628=3, 33307627=5, 28323492=7, 6760076=3, 8065391=3, 1728964=1, 2298506=3, 3953169=1, 2463658=2, 22122456=2, 11257605=1, 5533308=1, 22039648=1, 7247402=2, 7036362=1, 10384875=1, 33442519=1, 20929000=1, 22948469=4, 14833531=1, 16813987=2, 22980420=2, 26673428=3, 23017023=3, 29638816=1, 14162281=6, 18439545=1, 7067134=1, 20404500=1, 23600954=6, 11864917=3, 29216762=1, 15724754=1, 25652009=1, 2040907=3, 3094247=3, 30785=1, 30229717=1, 28568127=1, 6170398=4, 23784372=1, 15831745=2, 32028335=2, 21817304=1, 5808831=2, 3509313=2, 17122799=1, 21654181=1, 31306414=2, 1115685=3, 26398120=1, 32056398=3, 12998749=1, 16654145=4, 29044946=3, 8919571=6, 2330492=2, 8431360=2, 25078747=2, 12080979=1, 3008777=1, 12031288=2, 30760837=1, 11799297=5, 21544151=2, 20927355=1, 20549882=2, 32764861=1, 24766542=1, 25224483=1, 12187391=1, 18564558=1, 5533899=1, 17556457=1, 3168957=1, 31049025=1, 12617835=2, 23679388=1, 4751921=2, 14013201=1, 18752074=4, 31884604=2, 14306718=1, 12712387=1, 10069417=2, 20944339=2, 1628443=1, 19636306=2, 13221425=2, 9297059=1, 14819902=4, 14458609=2, 323304=1, 26113058=1, 32611478=2, 25944936=1, 12428580=2, 2094347=1, 26579350=2, 27318579=1, 25155367=1, 11622450=1, 744515=1, 13728780=1, 20261742=3, 26309795=1, 22950374=4, 9975087=6, 12289869=2, 32777005=5, 22655296=2, 29388092=1, 26667930=1, 31195178=5, 1483869=2, 2603954=2, 5186318=3, 960745=2, 33236885=3, 26895166=1, 31901805=1, 16710278=1, 17518850=1, 7303049=1, 18384652=2, 29756230=4, 14278256=1, 5576029=3, 25257711=1, 9825258=1, 33018456=1, 13634261=7, 27977205=1, 32493302=1, 31265060=3, 4600054=4, 5938479=2, 31389579=1, 3696704=1, 14231456=3, 8158650=1, 9070696=1, 3920426=1, 3408196=5, 26666349=1, 25647601=1, 20570074=1, 15204725=6, 7640459=2, 5753817=1, 10175279=1, 20194914=5, 7874458=6, 1290114=2, 26419261=3, 20531731=1, 27686952=1, 24821217=2, 8660517=5, 6415261=1, 21687697=1, 5188624=3, 19928387=7, 3501179=1, 3396749=1, 22720147=2, 29229652=4, 22302707=1, 16475764=1, 4474167=1, 6239148=3, 31631524=2, 33194727=2, 26015337=1, 33258519=1, 30915884=2, 31918160=3, 9343722=2, 611666=1, 5899442=4, 23569939=2, 30141476=1, 10558398=3, 16609959=1, 24006995=1, 22737936=1, 19454218=1, 27656022=1, 8291231=2, 13328795=1, 19282186=4, 2068556=2, 3768523=2, 23896946=2, 31508675=1, 18758082=4, 2120955=1, 7566728=1, 33528242=2, 7231968=1, 24056827=3, 15325442=1, 22964591=1, 18177691=1, 26157525=3, 28413032=2, 9227042=1, 9697438=1, 13566404=3, 17121608=1, 5509822=5, 30592818=1, 6784440=2, 21590138=1, 10905946=1, 1574203=6, 5491059=1, 31675494=1, 21913268=1, 17772124=3, 26029005=3, 23458805=1, 22285765=5, 5607485=2, 9851618=1, 14931786=1, 15161324=1, 32195264=1, 23616193=1, 12675863=1, 21240469=5, 13181335=3, 14754467=3, 20205386=1, 7912072=2, 7160402=1, 3208157=1, 27060457=1, 22922549=1, 24867940=1, 28914749=3, 21736699=2, 4438233=2, 11485983=1, 15804712=3, 16152111=1, 6632969=3, 33050611=1, 28395211=1, 15154=14, 31458288=8, 7870633=6, 6459646=2, 14258863=2, 4206350=9, 25480479=1, 2985992=2, 7780527=2, 87941=1, 29996190=2, 19734863=3, 26041472=1, 1037620=1, 16223040=2, 33193211=1, 4305623=2, 26662198=1, 23087354=1, 32442824=3, 29211959=2, 12710869=1, 22635175=1, 32838924=3, 15419207=1, 22431278=1, 23135374=3, 32573777=3, 17535477=2, 12875033=1, 28923024=1, 18409652=1, 19301416=2, 21579495=1, 25455625=1, 19270650=4, 29170119=3, 26565156=1, 17759418=1, 14932929=1, 11959373=1, 23858330=5, 4943347=1, 32887823=1, 17725430=1, 19785382=1, 19383597=1, 2515008=1, 28693297=1, 26460462=1, 26665100=1, 26826577=1, 5722953=1, 3863057=1, 20153553=2, 7552575=3, 32664220=1, 27360331=1, 19735736=3, 30859812=1, 15375197=2, 30797072=1, 14811825=4, 5945450=2, 904292=1, 3130846=1, 5765425=1, 2225320=1, 10060349=2, 31053068=1, 13671984=2, 18634106=1, 27574502=1, 30929292=1, 6170338=4, 27269094=8, 25064902=1, 28525315=1, 15598032=4, 25902357=3, 22313414=1, 1963516=1, 26710955=2, 4266969=3, 439118=2, 9865813=2, 32452058=3, 10519786=2, 17726544=1, 1169941=1, 5813868=2, 148682=1, 16612991=1, 31658791=3, 15464901=1, 21772491=5, 9494428=1, 10284005=1, 16763006=1, 7783351=1, 12491431=2, 7584721=2, 6707015=1, 7183334=2, 816709=1, 9634756=3, 2078247=2, 4589428=4, 31656554=3, 32557993=1, 15672819=3, 23232943=2, 12313352=1, 1937187=2, 16875556=2, 27215055=1, 1907358=3, 16349268=1, 7594334=1, 28078272=1, 24482178=2, 24491913=2, 6264744=2, 12843818=1, 9775939=3, 24381587=5, 16261864=6, 32775301=5, 29518935=1, 9458902=1, 10250523=1, 9896139=3, 31118542=1, 2202886=2, 31779994=1, 26999402=1, 23708821=1, 15263199=1, 32643180=4, 20177800=1, 13792577=1, 29248868=1, 15679117=3, 25663962=2, 26942303=3, 17206484=2, 9872608=2, 15129401=1, 18101876=5, 7107696=1, 11156550=4, 32904610=4, 1063063=7, 160451=1, 7587295=1, 13851209=1, 2602372=2, 817607=1, 4166054=2, 5214417=2, 26924439=1, 2178508=3, 29958283=3, 32299714=1, 4688310=2, 1208337=1, 15431689=1, 2626664=6, 17049268=5, 14959695=1, 10652851=2, 967335=1, 13038510=1, 21916291=1, 27772246=1, 23205323=4, 6622578=3, 23385833=1, 16190405=3, 31003745=3, 10342890=1, 316677=1, 17133312=1, 2968834=1, 22623027=3, 28718609=4, 30825073=1, 14633648=1, 26889564=1, 19046222=2, 4843830=1, 54851=1, 22461389=2, 1219063=2, 1609546=2, 28778407=3, 4359159=2, 25546485=1, 29288816=1, 3258571=2, 20245285=1, 32279088=2, 24069722=1, 17392327=1, 32740393=2, 10235250=5, 5183493=3, 12288714=2, 15639329=2, 16651570=4, 9423825=1, 8718802=3, 19129640=1, 15487407=1, 16399301=4, 2352811=1, 3439235=1, 19310519=2, 18748199=4, 20051843=1, 5355451=2, 17682677=1, 26127165=2, 22050251=1, 5903446=4, 21907755=1, 27657774=4, 2554625=1, 2684247=1, 18027025=3, 25886177=1, 5248049=7, 29417352=1, 4993283=5, 23554730=1, 6347459=1, 3166425=1, 12465779=4, 11467391=1, 22540854=1, 22196688=2, 8353710=1, 18937358=1, 19064508=1, 5826360=1, 18153555=3, 26603815=1, 19725988=1, 3735220=1, 668130=4, 18081058=1, 20026891=2, 26090270=4, 32181147=3, 17225117=1, 28131564=1, 31391898=3, 20739623=1, 8645271=1, 4679816=1, 29701155=3, 2616767=1, 30226465=3, 28350298=2, 32555418=1, 28527309=1, 12738959=1, 10219317=1, 16002370=5, 963262=2, 19349421=3, 32898621=1, 3448735=2, 2373188=5, 668756=4, 21425908=1, 14676089=1, 29777574=1, 14620250=3, 24335919=1, 13138499=1, 22901402=1, 3731136=1, 15510085=2, 29224552=1, 33005108=2, 27503101=2, 18864353=1, 7756993=1, 2776=13, 14503754=1, 23571212=2, 1417509=2, 20852200=4, 1538196=1, 7946053=3, 28545265=2, 7678462=3, 7722665=1, 15615162=1, 7945843=3, 18508413=1, 16752566=2, 23617124=1, 31880926=1, 28191148=4, 6725454=2, 30445097=2, 17168859=1, 5856622=1, 24017340=1, 26319311=2, 2253673=1, 29807360=1, 2677343=1, 24430140=1, 4818702=2, 21604887=2, 13816502=1, 18266881=2, 15289994=1, 29380630=1, 13473242=2, 20610367=1, 31687467=2, 4576954=1, 4602352=4, 30299210=1, 31501853=2, 13889069=1, 7473265=4, 14610850=1, 2785190=1, 5436075=1, 9791837=1, 21086934=1, 32627753=1, 26799521=1, 5336174=1, 21327649=1, 30571559=1, 22306609=1, 4121417=1, 30461761=1, 11845005=2, 3476725=3, 19421628=1, 1449896=4, 24839901=3, 1281529=2, 32531029=1, 27599815=3, 28931191=1, 5717151=3, 12436640=1, 23123742=1, 2262295=2, 14878828=3, 16627116=2, 15377180=2, 11067581=1, 25496182=3, 18707319=1, 32067185=1, 5689682=1, 12332493=5, 17705698=4, 11624110=1, 7399740=1, 9167597=1, 8989994=3, 16618793=2, 11359107=1, 15663765=3, 13818287=1, 21096250=1, 7750507=1, 29214401=1, 527741=6, 8732970=1, 32789346=1, 28327095=7, 5256971=7, 7407754=3, 14518195=2, 25862076=2, 13414654=2, 1886362=1, 10119616=1, 24817555=2, 14930879=1, 30592020=1, 16006868=5, 11777783=2, 31018127=1, 28486721=2, 26621081=4, 27376397=2, 26003883=1, 5026177=2, 28315008=7, 19095553=1, 26903545=2, 6702204=1, 8492274=2, 24206419=1, 15110186=2, 13644266=7, 18253155=2, 11172817=1, 18634725=1, 21892762=4, 3547234=4, 5651186=4, 33507057=1, 6406413=1, 3968549=2, 14890370=3, 10391233=2, 5333894=1, 18571958=1, 24053856=3, 30102816=1, 29795585=2, 6640932=1, 1507242=1, 5175770=1, 2025824=1, 31211468=5, 6890377=3, 26037190=1, 26325963=2, 13529917=1, 17194756=1, 23716100=1, 14652468=2, 28754679=1, 27998672=3, 25371378=3, 25883821=1, 32615076=2, 16494651=2, 1513211=3, 14414500=1, 11583633=1, 17551233=1, 2148200=1, 25999881=2, 23307870=2, 8907775=1, 27335158=3, 22900234=1, 7976255=2, 20750768=2, 30843043=2, 3346874=3, 8354396=1, 15834420=2, 9829777=1, 27807968=1, 30721025=1, 27810812=1, 16504987=1, 15596472=1, 9526845=1, 21399851=2, 11228896=1, 24121223=7, 29819960=3, 18106010=1, 18480539=1, 21796695=2, 14600293=1, 24702641=1, 17307359=6, 1243695=1, 32430738=1, 15490813=1, 1204400=1, 18130290=2, 6351910=1, 6587789=2, 30463813=1, 8409133=1, 9428197=1, 21888796=1, 14792033=2, 25224053=1, 31038419=2, 17526957=1, 32546666=2, 16194831=3, 7093584=5, 33251962=1, 8264102=4, 13769345=4, 19752990=1, 24159715=2, 23835818=2, 12081459=1, 20598979=1, 31252277=1, 29541956=1, 6649221=1, 9963547=6, 16934508=1, 8607768=1, 12508543=1, 20229680=2, 12018302=1, 19551766=1, 29466466=2, 32300733=1, 7968299=2, 11780493=1, 31193347=1, 23180425=2, 19163171=1, 9469452=1, 8825261=2, 5572574=3, 16353493=2, 1234051=1, 14120383=1, 14381249=1, 3300380=1, 19361480=1, 2929780=2, 843300=1, 29072022=2, 28225564=2, 7439696=2, 5261120=1, 852753=3, 1451658=4, 17124687=1, 22225036=3, 8374477=1, 3071306=1, 31393008=3, 18161387=3, 30419707=7, 32258190=5, 20490190=2, 4955522=2, 25340456=2, 2968787=1, 29975456=1, 21013232=2, 4877628=1, 10359261=4, 25045058=4, 17608295=2, 27833692=2, 29135892=2, 2396194=2, 23904207=2, 10664607=2, 23681116=1, 23640914=2, 32666243=1, 26095581=4, 3397209=1, 21938033=2, 5664276=1, 13466653=1, 16305080=1, 4022443=1, 5934762=2, 12715733=4, 27605680=3, 18095002=5, 1045208=1, 28224460=2, 4890702=2, 22799691=1, 6947669=4, 17143856=2, 32111708=1, 9380776=3, 20489941=2, 32250349=5, 1375609=1, 19560589=1, 14497899=3, 13475607=2, 22184082=2, 8036366=2, 2734329=2, 15118487=2, 31382194=1, 28945059=2, 13542035=2, 21752132=1, 29783191=1, 33018695=1, 28024438=2, 4055289=1, 13759192=1, 30056902=2, 31023946=1, 4050386=1, 4968539=1, 10984061=2, 30962817=1, 32530758=1, 3545903=4, 21491375=1, 8404105=10, 26236556=1, 19679415=1, 31994610=6, 22663236=1, 1530503=1, 3943613=5, 6152010=1, 32185315=3, 4792756=3, 23605590=6, 22978182=2, 21265124=1, 19186058=1, 15519843=1, 33218551=1, 3332767=1, 20868845=1, 29946471=1, 21263303=1, 23681647=1, 134456=4, 29018559=1, 15062866=1, 20583327=4, 22101729=3, 11343400=3, 2520131=1, 73530=3, 5864471=1, 31608339=1, 28418434=2, 12149696=1, 31403477=3, 9889196=1, 27221699=1, 18639160=1, 17493851=1, 22610856=3, 19966068=2, 22839803=2, 12329061=5, 12751849=2, 12684686=2, 28559674=1, 28179256=1, 23784571=1, 29740375=1, 20097106=2, 14301186=4, 4889414=2, 207122=3, 6952234=4, 21500760=6, 11043924=2, 25293573=1, 19402706=6, 14193822=2, 29737449=1, 25417773=1, 24227292=2, 29073847=2, 30605175=1, 30689722=1, 7936216=3, 4485143=1, 2633065=6, 31116564=1, 3347824=3, 28706831=4, 29303163=3, 2026665=1, 6210984=1, 23361=1, 25874484=1, 24676564=2, 29596314=2, 818020=1, 33434770=4, 2922504=2, 20875135=2, 25815384=1, 10168794=3, 12296112=2, 827379=2, 21723635=1, 3539790=4, 4032533=2, 608516=1, 32354302=2, 15079601=4, 767271=2, 25446573=1, 16542192=1, 1751069=2, 21439348=3, 4898892=1, 13403147=2, 6821165=6, 1621173=2, 18117105=1, 21091323=1, 30971149=2, 23763974=2, 32838432=3, 10019337=1, 5139404=1, 14806782=1, 33502193=3, 24938929=2, 15219267=6, 31790144=3, 29112863=5, 4443107=1, 28954523=1, 27948854=1, 23245556=2, 22545453=6, 31324391=1, 26037384=1, 11016291=6, 2513030=1, 1216122=2, 19502772=2, 30740783=3, 24022788=2, 4957740=2, 1837392=5, 2286422=1, 33456683=2, 29444012=1, 6832558=1, 5084278=2, 17794030=2, 5729511=1, 25499915=3, 25233124=3, 16144677=1, 28448254=4, 22504372=1, 32380956=4, 15597159=1, 14036765=4, 2503229=4, 30337530=1, 5816253=2, 31182411=1, 8144356=1, 12202472=4, 28350540=2, 16781835=11, 29488526=1, 29845859=1, 32754608=1, 2728520=2, 2133615=2, 9502715=1, 24316748=3, 8583072=1, 20352893=2, 7054630=2, 5679058=2, 1861567=1, 8722174=3, 6826=15, 733135=3, 28433071=1, 30637279=1, 26133372=1, 3351802=3, 30812633=4, 20800670=1, 20558742=2, 2407608=2, 4570636=2, 3405402=1, 23558747=1, 14323749=2, 13170590=1, 5651357=4, 16794072=1, 14071923=2, 10611241=1, 6460985=2, 21608483=2, 5650303=4, 2455932=1, 8839816=1, 31265414=3, 16614639=2, 4342028=1, 18558702=3, 31671387=1, 12072566=6, 25927262=2, 18864687=1, 17355782=1, 28084482=2, 3548042=4, 13632274=7, 8747020=1, 608084=1, 27648126=1, 11949378=1, 17567880=5, 16623162=2, 3523903=1, 24087405=2, 3566445=1, 16353976=2, 10798074=1, 28581430=5, 634081=2, 19695492=2, 30956050=1, 22877896=3, 24947834=2, 1895340=1, 26936154=3, 31280636=1, 1008811=1, 3167653=1, 2669789=2, 12643348=1, 4340992=4, 30228183=3, 14918328=2, 30278935=4, 29773238=1, 19856005=1, 15991835=5, 25100984=3, 23592762=1, 30373313=1, 20369121=1, 11473510=3, 11134601=1, 5640277=4, 11978298=1, 8224704=1, 33390647=2, 19831690=2, 4100828=2, 14716873=2, 19773892=2, 23228635=1, 21078794=2, 32893850=1, 28803323=2, 16392464=4, 17116391=3, 7758443=1, 10473160=1, 27538449=5, 9167637=1, 15940390=3, 32293972=1, 4975645=1, 2041316=3, 2207969=2, 23304574=2, 877403=1, 12338860=1, 15875893=4, 32790834=1, 33371184=3, 17064687=1, 22842216=2, 16731906=1, 18985094=2, 24080404=1, 31936145=1, 15263631=1, 25105148=3, 6934952=1, 1827307=1, 4958408=2, 438057=2, 26759012=1, 25648447=1, 486647=1, 1030818=2, 20329519=4, 21897702=4, 20839726=1, 4008895=3, 7830839=1, 33053989=1, 29122749=1, 4935522=1, 16903472=1, 29537145=2, 32194499=3, 6387410=1, 26273924=1, 7559188=1, 1305972=1, 7380833=2, 26874844=4, 31400578=3, 1297735=1, 32404627=1, 30636530=1, 570404=2, 3139199=1, 7913800=1, 17195755=1, 2308567=3, 8543646=1, 24120019=7, 5020714=2, 33202482=2, 25845217=1, 12072521=6, 21307041=3, 8375307=1, 15072245=1, 18555250=3, 23010736=3, 13725386=1, 32512336=7, 11783651=1, 15411065=3, 29207824=2, 17724753=1, 17009707=2, 28994305=1, 25452373=1, 24487380=2, 21686376=1, 24387027=5, 2616903=1, 22643714=2, 30087903=3, 22989862=1, 9373943=3, 32975895=3, 27927773=4, 20791631=1, 29191711=1, 6394893=2, 3811503=4, 16499323=1, 3697466=1, 25028028=1, 32069016=1, 21379050=4, 11711953=2, 26869487=1, 23379377=2, 6639826=1, 11378272=2, 10471191=1, 25535613=2, 31844403=1, 22978158=2, 8353211=1, 1821992=1, 15042084=2, 329938=3, 21878537=1, 7501898=1, 14933500=1, 10422170=3, 2811530=1, 6651564=1, 25569864=4, 7775225=2, 169449=2, 21093433=1, 10133250=2, 21731706=2, 32709197=3, 2072908]4=1}> but was:<...Prime: 6 register: {[32754608=1, 25448811=1, 21265124=1, 30032247=1, 15004612=1, 28801414=1, 12875033=1, 7178280=2, 4795201=3, 8675921=1, 18886951=8, 18596076=1, 21096250=1, 20097106=2, 8159152=1, 5336174=1, 11140694=1, 21439348=3, 9936213=2, 1442504=4, 3987571=1, 12415026=1, 12241262=1, 16875556=2, 16223040=2, 31657356=3, 30141476=1, 26767401=1, 25648447=1, 32385009=4, 25045058=4, 5663981=1, 29229652=4, 439118=2, 10652851=2, 14301186=4, 32092565=2, 4958408=2, 26084666=4, 29946471=1, 13921691=1, 28413032=2, 668756=4, 9125529=3, 1854224=1, 22306609=1, 19953653=1, 15385190=1, 8789604=4, 2666184=2, 26874844=4, 23017023=3, 18060869=2, 18649055=2, 31873418=1, 2025824=1, 29638816=1, 17009707=2, 33362008=3, 2684247=1, 26936154=3, 30637279=1, 20205894=1, 5753817=1, 3811503=4, 5717151=3, 21472473=2, 21654181=1, 26924439=1, 20904189=1, 22540854=1, 24956605=1, 32380956=4, 19966068=2, 29845658=1, 15615162=1, 21093433=1, 21091323=1, 13081583=2, 23681647=1, 17341639=2, 27948854=1, 30419707=7, 23715370=1, 5175770=1, 33286395=1, 15998558=5, 27599815=3, 11656800=1, 26925592=1, 11067581=1, 30568677=1, 3968549=2, 10953545=3, 15129378=1, 30114251=2, 10558398=3, 22545453=6, 5651357=4, 15548850=1, 26463948=1, 32622010=1, 31642313=1, 8732970=1, 18074369=1, 26031265=3, 12202472=4, 33371184=3, 30601143=1, 16305834=1, 23600954=6, 11461293=1, 22784353=2, 7020410=3, 24017340=1, 2078247=2, 26593120=1, 26903683=2, 19232390=1, 10723546=2, 29740375=1, 10233717=5, 13138499=1, 23896946=2, 31222618=1, 21302110=3, 12882863=2, 22163068=4, 26499856=1, 1030818=2, 4050386=1, 21864777=2, 8264102=4, 15596472=1, 15118487=2, 15970716=2, 14118094=1, 2101638=8, 27538449=5, 33500888=3, 8867196=1, 17684801=1, 9469452=1, 8409133=1, 30414111=7, 28179256=1, 19137484=5, 5816253=2, 6879198=1, 28742754=2, 970785=1, 14172302=1, 16124677=4, 3130846=1, 30226465=3, 2248256=1, 29862654=2, 24477230=1, 7587295=1, 19880314=1, 29958283=3, 25224483=1, 2343945=1, 7591959=1, 19136812=5, 10368634=4, 18303106=1, 13258888=1, 14203209=2, 28834429=1, 4051275=1, 5049804=3, 6649221=1, 19361480=1, 23569939=2, 32642810=4, 11687463=1, 8812012=1, 11905375=2, 31308158=2, 32834970=3, 27516056=1, 33119321=1, 24270255=1, 3332767=1, 12054184=1, 28706831=4, 29845859=1, 22663236=1, 9167597=1, 30556796=1, 32279088=2, 3139199=1, 14596523=2, 29040693=3, 26090270=4, 29975456=1, 33543087=1, 30543997=4, 28945059=2, 14792033=2, 7566728=1, 31248066=1, 1158432=2, 13999814=2, 8211344=1, 2049169=1, 16349268=1, 28545265=2, 19383597=1, 17705698=4, 31645777=1, 30671521=5, 24656332=6, 9132044=1, 4100828=2, 3321921=2, 32677626=2, 29473370=2, 11043924=2, 24056827=3, 11405540=4, 15510085=2, 24308855=1, 23135374=3, 21643254=4, 3721561=1, 9402743=1, 15072245=1, 1692793=1, 14618960=3, 19727900=3, 19421628=1, 8124509=1, 30785=1, 15663765=3, 24381587=5, 32615076=2, 17077986=2, 17742104=2, 1907358=3, 2369154=5, 5453790=3, 32813950=2, 26919320=1, 1483869=2, 2407608=2, 11622450=1, 11566642=1, 11145232=4, 30956050=1, 1451658=4, 15437799=2, 16312112=1, 7930974=3, 7247402=2, 21448512=1, 20372539=1, 10664607=2, 19095553=1, 30229717=1, 10192726=2, 3167653=1, 19773892=2, 24538682=1, 12690458=2, 22087149=3, 23180425=2, 18731621=1, 3913478=2, 10382771=1, 9829777=1, 19902744=2, 4738881=1, 11783651=1, 20159743=2, 24491913=2, 28395211=1, 25740949=1, 27798356=6, 24487380=2, 23212364=4, 604246=3, 28674330=2, 32258190=5, 27549306=1, 7583545=2, 12684686=2, 2120955=1, 666533=4, 7542308=3, 2728520=2, 8680987=1, 14193822=2, 16623162=2, 25371378=3, 23050561=2, 12508543=1, 17049268=5, 2843906=1, 14485113=3, 32573777=3, 10317215=1, 24542708=1, 8625626=2, 27833692=2, 10284005=1, 16399301=4, 26766021=1, 4943347=1, 23539206=3, 21299617=3, 6564591=5, 11028113=1, 9070696=1, 22900234=1, 20238363=1, 11228896=1, 6387410=1, 2068888=2, 30227076=3, 26164135=3, 904292=1, 4877200=1, 3838693=2, 24387027=5, 8292335=2, 19952307=1, 24069722=1, 29291849=1, 3104117=1, 18639160=1, 3448735=2, 7862457=1, 2040907=3, 30504174=1, 1621173=2, 18564558=1, 13818287=1, 32751007=2, 23379377=2, 8595624=3, 26029005=3, 23078140=8, 33307627=5, 26912273=2, 817607=1, 17196096=1, 16651570=4, 6034483=5, 6300292=8, 25078747=2, 27269094=8, 30780760=2, 14162281=6, 23784372=1, 21698123=3, 27656022=1, 883541=1, 8312500=1, 23087354=1, 9526845=1, 16250934=1, 3008777=1, 4448318=1, 22861879=1, 24515510=4, 1491686=1, 12718000=4, 8593223=3, 26095581=4, 3221170=3, 14381249=1, 17116391=3, 1628443=1, 30135567=1, 29308580=3, 608084=1, 3208157=1, 22055273=2, 25631188=3, 23331373=5, 30991345=1, 29819960=3, 15889129=1, 22084273=1, 24117886=7, 25045161=4, 1282632=2, 12182377=1, 2426165=3, 20401114=1, 31148962=1, 33202482=2, 19310519=2, 22989862=1, 32841397=3, 3908427=2, 28617828=2, 20990474=1, 4474167=1, 20664746=1, 32910135=4, 13784271=1, 21916291=1, 2603954=2, 31675494=1, 3002690=1, 26858922=1, 21855821=1, 13208233=2, 18081058=1, 1008811=1, 7594334=1, 323304=1, 29303163=3, 10384875=1, 28130716=3, 13644266=7, 32675664=2, 14878828=3, 29380630=1, 24405977=1, 25205078=2, 7072138=1, 21399851=2, 25362418=1, 16117168=1, 3555034=4, 25982412=1, 14458609=2, 13792577=1, 13221425=2, 9443174=7, 9470738=2, 25647601=1, 31182411=1, 15348677=4, 286067=1, 9661864=1, 22206911=1, 14823944=4, 1169941=1, 18450738=2, 27556372=1, 6926925=2, 27927773=4, 7912072=2, 26759012=1, 4905504=1, 7081090=5, 25257711=1, 16006868=5, 17683345=1, 13634261=7, 32299714=1, 6604031=1, 29829400=3, 3678548=6, 3405402=1, 10034636=3, 6415261=1, 33043732=6, 33295415=5, 28614315=2, 20838361=1, 24053856=3, 18253155=2, 9133290=1, 33447016=1, 4404463=3, 2922504=2, 17724753=1, 13570265=3, 32638304=4, 4121417=1, 30336257=1, 15079601=4, 24967360=1, 7000658=1, 9697438=1, 14098353=3, 3753964=1, 1937187=2, 608516=1, 14834284=1, 21892606=4, 19402706=6, 19668707=5, 30656120=1, 12313352=1, 15605278=4, 3355060=3, 28894296=1, 33390647=2, 32065678=1, 10649730=2, 27325259=1, 969896=1, 18096070=5, 31631524=2, 33213754=1, 17028231=1, 3347824=3, 28327095=7, 23617124=1, 20229680=2, 5248049=7, 32838924=3, 30598229=1, 1728964=1, 18027025=3, 2975568=1, 12738959=1, 30349725=3, 13170590=1, 26667930=1, 3138530=1, 2308567=3, 17759418=1, 27215055=1, 960745=2, 1793469=1, 32898621=1, 26799521=1, 1087939=2, 15597446=1, 30929292=1, 3423114=5, 23232943=2, 15385910=1, 33018456=1, 23605590=6, 22645016=2, 21640025=4, 1115685=3, 2298506=3, 12070633=6, 15419207=1, 25124702=1, 30103331=1, 24803179=1, 627760=2, 18117105=1, 8114546=1, 5229701=1, 3346874=3, 6179628=1, 5333894=1, 17884178=1, 5080547=2, 10847169=2, 6639826=1, 9502715=1, 28931191=1, 22285765=5, 20312245=1, 31226927=1, 22301096=1, 6603853=1, 23616193=1, 26037384=1, 1521726=3, 18962992=1, 8034407=2, 27785668=1, 22156321=4, 6801513=1, 16642930=1, 8375307=1, 26309795=1, 22948469=4, 5051045=3, 8877237=1, 10250523=1, 12337299=1, 6802132=1, 10003632=2, 7556541=1, 21307041=3, 7976255=2, 22375328=1, 32873198=2, 1751069=2, 13199556=1, 10069417=2, 29170119=3, 8374477=1, 26423992=3, 11485983=1, 12149696=1, 19270650=4, 27060457=1, 2793118=2, 17832326=7, 27503101=2, 18101876=5, 31093056=1, 14765933=1, 843300=1, 9775939=3, 10422170=3, 14518195=2, 24047436=1, 29377894=1, 22964591=1, 22039648=1, 31393008=3, 25344399=2, 22391621=2, 19652863=1, 20205386=1, 26054112=2, 11271966=1, 32709197=3, 26869487=1, 29216430=1, 354186=1, 6409812=1, 25340456=2, 11703751=2, 24187171=3, 13638276=7, 6123321=1, 14329282=2, 18563156=1, 33442519=1, 27807968=1, 25176505=10, 3362945=1, 15875893=4, 24006995=1, 21772491=5, 25492509=1, 20392578=3, 2554625=1, 13414654=2, 30416892=7, 5572574=3, 32764861=1, 1234051=1, 18634106=1, 12428580=2, 30546123=4, 31760670=2, 10439519=1, 32740393=2, 25533230=2, 192352=1, 11228339=1, 31119171=1, 33502193=3, 29159711=1, 16542192=1, 19466410=3, 7067134=1, 8224704=1, 3771714=2, 28540260=1, 6370027=3, 4313241=1, 1507242=1, 2002780=2, 21951714=1, 8919571=6, 16934508=1, 32777005=5, 26157525=3, 6347459=1, 4281004=1, 20369121=1, 2897066=5, 13196572=1, 26942303=3, 18634725=1, 1611720=2, 25944936=1, 26969940=2, 19898739=2, 32530758=1, 17716158=1, 5378945=4, 6498813=3, 18650261=2, 10905946=1, 4438233=2, 29111646=5, 21943612=1, 16776269=1, 14930879=1, 31844403=1, 634208=2, 5084278=2, 1449896=4, 29417352=1, 266820=5, 25569864=4, 18346329=1, 28323492=7, 24227292=2, 29135892=2, 22922549=1, 21086934=1, 2520131=1, 15800816=3, 26991233=1, 11216898=3, 26834670=1, 19143019=5, 13475607=2, 29773238=1, 33319216=1, 32643180=4, 30982134=2, 5938479=2, 22212733=1, 16705833=1, 9711074=5, 4046517=2, 30278815=4, 19524594=1, 23498864=2, 14425396=5, 14306718=1, 2330492=2, 32300733=1, 11348465=3, 29701155=3, 5664276=1, 30689722=1, 28307611=1, 818020=1, 25726316=2, 6958077=4, 31389579=1, 32250349=5, 32354302=2, 20373833=1, 21888796=1, 10166369=3, 13595614=1, 16710278=1, 24418684=2, 27176952=2, 6833286=1, 16832126=1, 5026177=2, 11864917=3, 5467278=1, 20887070=2, 25999881=2, 23482905=1, 8264064=4, 19912066=1, 10471191=1, 24183637=3, 16406125=1, 4669939=1, 20927355=1, 18868998=1, 7584721=2, 16110504=1, 33043601=6, 7437837=1, 28924179=1, 27360331=1, 27657226=4, 7358664=1, 22799691=1, 12411296=1, 22092368=3, 24744085=2, 9617058=2, 18161387=3, 3325467=2, 8602088=1, 33507745=1, 6159846=1, 12289883=2, 26041472=1, 14323749=2, 19163171=1, 21750050=1, 32404627=1, 29970396=1, 27131246=1, 1641703=3, 9442202=7, 26999402=1, 5055558=3, 6832558=1, 3223226=3, 15154=14, 20501371=1, 22122456=2, 9947013=1, 5689682=1, 9533814=1, 23228635=1, 6152010=1, 15129401=1, 2602372=2, 31671387=1, 30056267=2, 11113102=2, 8507871=1, 19328694=1, 25902357=3, 20329519=4, 10019337=1, 27370334=2, 18068841=2, 635862=2, 27686952=1, 5945450=2, 7219068=4, 21356740=1, 2026665=1, 21590138=1, 6319558=1, 15396722=1, 17772124=3, 29072022=2, 24705992=1, 5228232=1, 11824318=1, 31793815=3, 32969858=3, 23809920=1, 19515549=1, 22305622=1, 26163878=3, 16579327=1, 9343722=2, 4266969=3, 1695017=1, 17612756=2, 20564858=1, 14276336=1, 7276676=3, 19551766=1, 17152734=2, 25789997=2, 32900393=4, 11359107=1, 3094247=3, 8207469=3, 10093967=4, 18508413=1, 14043360=1, 25105148=3, 30207934=1, 20489941=2, 15448929=2, 16144677=1, 24975840=3, 8942595=1, 20411128=1, 22975875=2, 27425898=1, 23177209=2, 18985094=2, 15582292=1, 23904207=2, 32069016=1, 10622467=4, 9651043=1, 17173279=4, 29923937=2, 138524=4, 28486721=2, 29581787=1, 25815384=1, 25224053=1, 25108820=3, 15056985=1, 30461761=1, 28433071=1, 2115564=1, 10083691=1, 5926298=1, 7231968=1, 1037620=1, 7410281=3, 26309528=1, 17194756=1, 20739623=1, 18840916=1, 6523745=2, 15110186=2, 30238581=1, 29777574=1, 17367685=3, 1872558=2, 16381941=1, 19407032=6, 16750118=2, 21686376=1, 3178410=1, 27867077=3, 852753=3, 29910980=1, 23151323=1, 18792578=1, 29731659=2, 24955303=1, 24989318=1, 8873601=1, 17157081=1, 3501179=1, 19848582=1, 24974824=3, 2811530=1, 25417773=1, 4751921=2, 9835864=4, 14959695=1, 26325963=2, 7544616=3, 15618527=1, 22343717=1, 28525315=1, 19743708=1, 25480479=1, 7399740=1, 28404453=1, 27022157=1, 9397103=1, 26734209=1, 31306414=2, 7046665=2, 28224460=2, 17121988=1, 18683247=3, 24263397=4, 10547462=1, 32474311=2, 30387257=2, 24676564=2, 24738245=1, 8167580=2, 23640914=2, 3485530=3, 73530=3, 7103523=1, 11780493=1, 1074452=1, 5209263=1, 24361109=2, 580239=1, 26037190=1, 25100984=3, 29511652=1, 17190855=1, 32555418=1, 10475906=1, 19351575=1, 17145069=2, 23099923=1, 29444012=1, 15950550=1, 25154654=1, 32501112=1, 1883166=2, 15598032=4, 13466653=1, 7380833=2, 3996575=1, 19258634=1, 31875015=1, 11862461=3, 2016804=1, 23589103=1, 27998672=3, 6577504=1, 24914959=5, 31656554=3, 18707319=1, 27991469=3, 30592020=1, 3293039=4, 3258571=2, 4008895=3, 28734519=1, 33209711=2, 11169966=1, 28982138=4, 10828451=3, 4224106=1, 10296950=3, 4654668=3, 7936216=3, 17673937=2, 6264744=2, 22839803=2, 28886725=1, 9423825=1, 33209575=2, 5533899=1, 3141032=1, 33018695=1, 7552575=3, 22901402=1, 5234102=1, 126436=1, 18242793=1, 8431360=2, 7036362=1, 10026595=1, 29738395=1, 21783373=1, 19734863=3, 13194053=1, 3566445=1, 7459988=1, 14811825=4, 29537072=2, 3303576=1, 13896629=5, 11711953=2, 13542035=2, 11332798=1, 22720147=2, 32714059=3, 16494651=2, 18911831=2, 5533308=1, 17200431=1, 13943512=1, 16408136=1, 28923024=1, 20404500=1, 23100014=1, 21296852=1, 11086003=3, 12627713=2, 23062733=1, 15804712=3, 20194914=5, 3157966=7, 23124006=1, 13529917=1, 5755682=1, 2730=12, 350458=1, 4930081=3, 9011731=2, 16789638=11, 2815258=1, 8771607=1, 1281529=2, 12840175=1, 11978298=1, 7867465=6, 2566273=3, 9154966=2, 31400578=3, 14625548=3, 26236556=1, 23458805=1, 25764816=3, 4063923=4, 30056902=2, 1886362=1, 4779982=1, 25446573=1, 10235250=5, 15519843=1, 5240261=1, 6125714=1, 12793413=3, 31987488=6, 1827307=1, 32181147=3, 24335919=1, 16450927=3, 19752990=1, 31918160=3, 14932929=1, 4572258=1, 23439438=2, 23985152=1, 13722016=1, 24934751=1, 5026107=2, 21544151=2, 24118442=7, 25568617=4, 16002370=5, 6460985=2, 1997469=1, 27335158=3, 7722665=1, 5002833=1, 18710405=1, 29224552=1, 13850053=1, 20142560=1, 16152111=1, 29511810=1, 22737936=1, 7433167=1, 8291231=2, 17429340=1, 13816502=1, 21604887=2, 28024438=2, 1757445=1, 15377180=2, 5903446=4, 622545=1, 28633221=1, 310730=2, 30228183=3, 8541592=1, 17521430=1, 316432=1, 29207824=2, 29044946=3, 19560842=1, 31118542=1, 22906193=2, 13523492=1, 7218256=4, 11779667=2, 8236990=2, 92711=1, 23123742=1, 10684501=3, 4340992=4, 13400276=1, 1895340=1, 31402540=3, 10359261=4, 14071923=2, 25535613=2, 24739740=1, 7032284=1, 28726889=1, 17551233=1, 7183334=2, 17197584=1, 32883436=1, 13707454=3, 20646801=3, 24862406=1, 16531347=5, 17824513=1, 31763005=2, 33050611=1, 16618793=2, 16903472=1, 816709=1, 24938929=2, 17466873=2, 2463658=2, 31003745=3, 3351933=3, 32111708=1, 22504372=1, 27318579=1, 30962412=1, 1375609=1, 12332493=5, 24316748=3, 11016291=6, 19610172=3, 17392327=1, 19046222=2, 23307870=2, 4975645=1, 3617329=3, 18752074=4, 9637445=3, 3768523=2, 31564039=2, 13759192=1, 12243029=1, 7673622=3, 6394893=2, 1631451=1, 16475764=1, 28936171=2, 6351910=1, 18555250=3, 8353710=1, 1297735=1, 26579350=2, 8645271=1, 13160495=1, 5875529=2, 25119598=1, 20569755=1, 8989994=3, 12404015=1, 29216762=1, 20153873=2, 16794072=1, 25236222=3, 14993489=1, 29732131=2, 3351802=3, 19581375=1, 2929780=2, 7750507=1, 17806314=2, 6826=15, 2734329=2, 31116564=1, 21009443=2, 14819902=4, 5576029=3, 33005108=2, 19186928=1, 14633648=1, 1915552=3, 19636306=2, 27537952=5, 5702201=3, 28721771=1, 32960589=1, 29191711=1, 9905048=3, 16313871=1, 3863057=1, 21390716=1, 16614639=2, 28225464=2, 7758443=1, 33327719=2, 9772532=3, 20929000=1, 22310988=1, 28039534=1, 33012350=2, 29126131=1, 23796715=3, 32414581=2, 2225320=1, 27000314=1, 169449=2, 31391898=3, 827379=2, 19615882=1, 9825258=1, 11584477=1, 10992924=2, 31863209=4, 29737449=1, 17670014=2, 7783351=1, 31615167=1, 2776=13, 12031288=2, 4305623=2, 24482178=2, 31061443=1, 11761580=1, 30740783=3, 15325372=1, 31282946=1, 546296=1, 29654132=1, 14475804=1, 3735220=1, 12853629=5, 12665055=1, 27001313=5, 18937358=1, 30666297=1, 19752445=1, 7096664=1, 5764317=1, 1045208=1, 12081459=1, 5813868=2, 4843830=1, 33311546=1, 31106279=2, 21038613=3, 25293573=1, 25771888=3, 6150584=1, 13648020=1, 17225117=1, 23205323=4, 8660517=5, 22344177=1, 13328795=1, 3766357=1, 24100870=1, 22635175=1, 27648126=1, 11995144=3, 10559704=3, 13826954=1, 15566079=2, 21832496=3, 17195755=1, 1018447=2, 17217473=2, 27464271=3, 26673428=3, 438659=2, 8543646=1, 21342239=2, 26891383=1, 29112863=5, 3731136=1, 9971153=6, 2616767=1, 19943515=1, 4804026=1, 1893576=1, 28225564=2, 54851=1, 21681728=1, 16779410=11, 10295880=3, 158177=1, 29145809=2, 19339216=3, 23348623=1, 12043443=1, 218325=1, 9975087=6, 28315008=7, 3313830=2, 24111939=1, 1002174=1, 7967665=2, 19679415=1, 21078794=2, 2902353=1, 29630955=5, 10414470=1, 207122=3, 28056189=5, 3074715=1, 7220620=4, 25535699=2, 29073847=2, 21359466=1, 20939367=2, 12710869=1, 21752132=1, 2238660=4, 29668652=2, 14314800=1, 20800670=1, 7399178=1, 12080979=1, 329938=3, 23104249=2, 9460614=1, 25028028=1, 31129131=1, 72257=3, 2124440=1, 21090233=1, 4418879=1, 14754467=3, 7830839=1, 19168306=1, 15213600=6, 12289869=2, 29388092=1, 16609959=1, 22738333=1, 2787270=2, 6355850=1, 262479=5, 4081541=1, 148682=1, 15679117=3, 8494934=2, 28971348=4, 20319301=4, 7876840=6, 26021060=3, 17554965=1, 29537145=2, 18707578=1, 16499323=1, 33528242=2, 16353976=2, 25386759=1, 17205645=2, 586945=1, 31789279=3, 24581201=3, 26954251=1, 23165410=1, 18007181=1, 3786371=1, 33507057=1, 21579495=1, 10519786=2, 23357136=1, 33471669=2, 28951229=1, 18261271=2, 8907775=1, 4409813=1, 2917077=2, 28914749=3, 25812571=1, 4435835=2, 15552848=1, 31089380=1, 28156488=2, 22547009=6, 11820500=1, 7968299=2, 15915173=1, 15118726=2, 20526939=3, 8940105=1, 26615093=4, 19041113=2, 7890102=1, 20978445=9, 15579296=2, 16160188=2, 19349421=3, 2320742=1, 20531731=1, 128210=1, 15773908=2, 7756993=1, 21440075=3, 21723635=1, 19816602=1, 14269956=2, 5597253=1, 7403497=1, 1861567=1, 31280636=1, 8662505=5, 11134601=1, 28083908=2, 23988839=4, 28022574=2, 20583327=4, 21892762=4, 19831690=2, 29098930=5, 32624782=1, 33236885=3, 21013232=2, 30592818=1, 21878537=1, 212222=3, 4845830=1, 31965773=1, 26846040=2, 10611241=1, 6890377=3, 6784440=2, 10527999=2, 3545903=4, 1876711=2, 4510232=1, 31936145=1, 3703399=2, 19282186=4, 1609546=2, 18106010=1, 4955522=2, 10743610=1, 27389138=1, 2985992=2, 27125776=1, 26015337=1, 23294432=1, 15042084=2, 1538196=1, 17594990=1, 5651186=4, 744515=1, 27351867=1, 486647=1, 17121608=1, 963262=2, 13456977=1, 29807029=1, 10210143=1, 17479986=2, 9906996=3, 30866710=1, 31503304=2, 17064687=1, 32869785=2, 22978182=2, 10798074=1, 8705592=1, 11326088=1, 7874458=6, 14258863=2, 26621081=4, 12837867=1, 22997369=1, 8753044=2, 13400002=1, 23650035=1, 8507587=1, 33251962=1, 11356451=1, 21874214=1, 18409652=1, 23989119=4, 1290114=2, 15835002=2, 22313414=1, 16791332=11, 5445141=3, 15991835=5, 27406294=4, 1243695=1, 3797602=1, 8618545=2, 15639329=2, 31055620=1, 15321421=1, 8158650=1, 3396676=1, 28031784=2, 23348312=1, 33221347=1, 25886177=1, 7803136=3, 19695492=2, 29466466=2, 14600293=1, 13473242=2, 11574222=2, 14120383=1, 25976294=1, 20051843=1, 13383091=5, 11473510=3, 1213717=2, 5436075=1, 28803323=2, 4165642=2, 1174623=1, 11919272=1, 26665100=1, 7834631=2, 24947834=2, 10074316=2, 13818751=1, 5440803=3, 23763974=2, 32452058=3, 1337684=1, 22623027=3, 3726270=1, 16305080=1, 30962817=1, 20468252=1, 8843509=1, 4602352=4, 27267416=8, 17526957=1, 22468992=1, 20623179=2, 16261864=6, 21401887=2, 4130141=3, 23784571=1, 1615046=2, 4331021=4, 891463=2, 23022751=1, 2455932=1, 16955149=2, 22190307=2, 13288755=1, 2246249=1, 16190405=3, 24087939=2, 6707015=1, 8193364=3, 21487396=1, 17180848=4, 32196116=1, 20240281=1, 1769495=3, 5765894=1, 5958323=1, 8747020=1, 24816088=2, 9865813=2, 14777112=1, 8484516=1, 25736695=2, 1811726=2, 20695134=1, 8583072=1, 33043087=6, 15487407=1, 19563642=2, 16772001=1, 619520=1, 31360660=2, 29248868=1, 6465668=2, 18605844=1, 20991686=1, 28084482=2, 32666243=1, 4457683=5, 22617704=3, 22612943=3, 9851618=1, 12729245=4, 9896139=3, 30157468=5, 1728517=1, 988024=3, 12329061=5, 5028650=2, 28121944=3, 16763006=1, 14278256=1, 29126874=1, 30636616=1, 8144356=1, 13566404=3, 6210671=1, 11945347=1, 14015899=1, 25663962=2, 26826577=1, 21996473=2, 23268792=3, 3219068=3, 21651787=1, 22301494=1, 29049290=1, 7752570=1, 3106236=1, 5679058=2, 32962010=1, 14669493=1, 25233124=3, 877403=1, 4758767=2, 21796695=2, 23793072=3, 3526384=1, 23488107=1, 14551059=4, 5729511=1, 767271=2, 29211959=2, 2253673=1, 18434130=1, 9701461=5, 26666349=1, 15152478=3, 17259364=1, 11156550=4, 9791837=1, 5452650=3, 10420901=3, 31065491=4, 31501853=2, 4688310=2, 5756194=1, 19735736=3, 4468158=5, 18264692=2, 5722953=1, 18294419=3, 5934762=2, 22655296=2, 22437529=1, 8272860=4, 32546666=2, 19856658=1, 31193347=1, 28955817=1, 11642625=2, 14652468=2, 8718802=3, 9695176=1, 18691343=3, 24360769=2, 12338860=1, 30904883=2, 16676737=1, 24121223=7, 7913800=1, 27455298=1, 11527670=1, 31018127=1, 30200436=1, 12751849=2, 10175279=1, 20389755=3, 27817925=1, 3166425=1, 28191148=4, 5808831=2, 32904610=4, 31053068=1, 26565156=1, 6821165=6, 20610367=1, 3396749=1, 18141205=1, 21913268=1, 22431278=1, 21491375=1, 28598617=1, 19103937=2, 26662198=1, 15490813=1, 12491431=2, 1208337=1, 22186744=2, 23304574=2, 1217951=2, 21897702=4, 9182370=5, 28619139=2, 8036366=2, 1458059=4, 23010736=3, 9593061=1, 15770353=2, 32557993=1, 10391233=2, 15003607=1, 9073074=1, 15597159=1, 1298743=1, 20177800=1, 24766542=1, 30856167=1, 29370801=9, 20079368=1, 14194762=2, 11257605=1, 21500760=6, 23328549=1, 28824314=1, 17946023=1, 19631662=2, 31608339=1, 18160036=3, 33193211=1, 27074852=3, 19545535=4, 20544744=1, 3071306=1, 20135697=3, 5334666=1, 30000472=1, 6108661=3, 3684290=6, 6503369=3, 19492322=1, 27990484=3, 23242358=2, 19064508=1, 25927262=2, 7775225=2, 6331930=2, 3696704=1, 5864471=1, 14918328=2, 32433550=1, 17230231=1, 29545809=1, 2564098=3, 6055334=1, 14237780=1, 14309976=1, 28954523=1, 29851190=1, 15411065=3, 12675863=1, 24821217=2, 6737285=1, 32975895=3, 18758082=4, 9458902=1, 16794745=1, 668130=4, 3516540=2, 4889414=2, 1069861=1, 27712400=1, 21608483=2, 18342329=1, 27113071=2, 27221699=1, 6170338=4, 22102492=1, 6412481=1, 2896156=5, 9850632=1, 26700470=1, 16568224=1, 13632274=7, 18252117=2, 30016867=4, 24080404=1, 29081076=2, 2054929=1, 18453204=2, 27099129=1, 4881391=1, 4957740=2, 18966187=1, 22570425=1, 19267731=4, 14889640=3, 11916389=1, 19928387=7, 7054630=2, 25881848=1, 11343400=3, 27452746=1, 27434773=2, 17608295=2, 27977205=1, 12493276=2, 611666=1, 6347527=1, 20026891=2, 16683631=2, 31935458=1, 19301416=2, 20771368=1, 21187408=1, 4318605=1, 14919945=2, 11624110=1, 24474089=1, 33383076=1, 26362182=1, 18140258=1, 33049701=1, 10168794=3, 19258757=1, 26889564=1, 32028335=2, 30445097=2, 12449802=1, 30299210=1, 19839642=2, 3347641=3, 23064743=1, 28559674=1, 10233372=5, 5373984=4, 22771758=1, 16582578=3, 20791631=1, 29596314=2, 19359534=1, 32611478=2, 3966366=2, 16355460=2, 1518138=3, 2454884=1, 9494428=1, 24817555=2, 33053989=1, 16789203=11, 1513211=3, 1023609=2, 24537240=1, 26003883=1, 30760837=1, 27376397=2, 13781578=1, 6363121=3, 4600054=4, 13831187=3, 12213666=1, 18814494=3, 29869616=1, 32775301=5, 15375197=2, 9226436=1, 2459687=2, 19576773=2, 30843043=2, 2041316=3, 25508504=3, 5856622=1, 26419261=3, 25589686=1, 7713539=2, 23592762=1, 29795546=2, 21588949=1, 9963547=6, 32426311=1, 32212920=2, 2513030=1, 4358326=2, 33504574=3, 2616903=1, 3697466=1, 15464901=1, 6813291=1, 33500089=3, 23144230=3, 31094965=1, 13197773=1, 32627753=1, 17668445=2, 13851209=1, 26871904=4, 1893425=1, 32442824=3, 30278935=4, 31155506=1, 2024642=1, 30944586=6, 32512336=7, 24308858=1, 26820022=3, 23965772=2, 6648420=1, 5039946=1, 2288107=1, 12288714=2, 28448254=4, 31382194=1, 6704069=1, 14696689=1, 32632725=1, 27463260=3, 29200409=2, 23385833=1, 1821992=1, 25802749=2, 19502772=2, 32673679=2, 2220225=1, 12462510=4, 13889069=1, 17822017=1, 22978158=2, 31481090=1, 4570636=2, 9380776=3, 23661545=3, 24682724=2, 26903545=2, 13769345=4, 28568127=1, 10784688=2, 31522093=1, 14071190=2, 6170398=4, 4792756=3, 23616654=1, 29488526=1, 13323866=1, 24910051=5, 29756230=4, 13181335=3, 1530503=1, 21736699=2, 7656227=1, 5139404=1, 4088153=1, 31324391=1, 31049025=1, 19785382=1, 15940390=3, 185829=1, 14634303=1, 7499832=1, 16627116=2, 4996115=5, 32493302=1, 5640277=4, 5188624=3, 32531029=1, 30571559=1, 23361=1, 30062899=2, 15653283=1, 12454576=4, 28527309=1, 26713705=2, 32617343=2, 12425050=2, 10281121=1, 27297291=2, 20352893=2, 4359159=2, 30452824=2, 25874484=1, 17918938=1, 30812633=4, 16319584=3, 21379050=4, 15834420=2, 15161324=1, 26133372=1, 12018302=1, 27605680=3, 13038510=1, 26776100=2, 12843818=1, 6640932=1, 21725676=2, 12283926=1, 31790144=3, 25362470=3, 8199412=3, 835415=2, 4584389=1, 26724078=1, 5919090=1, 21166641=1, 8492274=2, 2470827=2, 7655699=1, 15070864=1, 28066837=1, 14717093=2, 1438255=1, 4146358=1, 28920303=1, 1404817=1, 28868618=2, 1204400=1, 28037901=1, 20608619=1, 24110978=1, 31403477=3, 2262295=2, 15671215=3, 14528372=2, 7018263=3, 16956711=2, 5646205=4, 30825073=1, 4022443=1, 13434873=1, 10403250=2, 20245285=1, 25945027=1, 3566951=1, 94405=1, 12186597=1, 1417509=2, 11777783=2, 15263199=1, 26099735=1, 13725386=1, 17448205=4, 7093584=5, 10293166=3, 6341173=1, 6389902=2, 13671984=2, 9227042=1, 24839901=3, 29783191=1, 28754679=1, 18423802=3, 12643348=1, 1942790=2, 22407250=1, 20764632=1, 7700256=1, 7720719=1, 20262194=3, 15016636=3, 26750987=6, 19725988=1, 438057=2, 11497180=1, 10820833=3, 14865374=1, 15219267=6, 23653055=1, 31375338=2, 7176720=2, 1063063=7, 11528457=1, 3439235=1, 30605175=1, 28994305=1, 23836824=2, 17147452=2, 11595384=1, 9182040=5, 32185315=3, 14458128=2, 24009702=1, 2785190=1, 282229=1, 4935522=1, 21731706=2, 12419772=2, 17856550=1, 24206419=1, 7735322=4, 20428995=2, 3300380=1, 30373313=1, 12448048=1, 29260618=1, 14161017=6, 18558702=3, 19969132=2, 14756583=3, 6632969=3, 18011390=1, 3941675=5, 18962614=1, 23716100=1, 28418434=2, 3547234=4, 6309469=1, 4818702=2, 29018559=1, 14036765=4, 25862076=2, 3476725=3, 14610850=1, 10514800=1, 30087903=3, 32855726=1, 28078272=1, 33105425=3, 4576954=1, 21240469=5, 29541956=1, 13370159=5, 16114904=1, 4977403=1, 5826360=1, 25168387=10, 25453682=1, 22140741=1, 25729678=2, 18847227=2, 25144530=2, 23742348=1, 17499621=3, 22980420=2, 6952234=4, 7501898=1, 25639769=3, 30465129=1, 18748199=4, 21152732=1, 6725454=2, 20074570=1, 4447389=1, 30102816=1, 23257221=1, 13605228=2, 17416084=2, 5186318=3, 20879080=2, 9109283=1, 10412440=1, 20435598=1, 14676089=1, 32430738=1, 12430508=2, 22643714=2, 3168957=1, 11018058=6, 23147982=3, 17518850=1, 33310158=1, 1394021=1, 23864196=5, 31994610=6, 12296112=2, 17120273=3, 32311522=3, 27278022=8, 18518125=2, 17206484=2, 20598979=1, 8258713=4, 20868845=1, 27651051=1, 24107881=1, 25546485=1, 31508675=1, 32067185=1, 22595562=1, 11557315=1, 4993283=5, 32887823=1, 17682677=1, 24678324=2, 14218369=1, 18346208=1, 5916736=1, 29652265=1, 10944937=3, 31779994=1, 335441=3, 8234633=2, 17567880=5, 16117685=1, 21575905=3, 24702641=1, 20930960=1, 15719735=1, 2580124=1, 32707164=3, 7160402=1, 19856005=1, 6406413=1, 26113058=1, 30551795=4, 2866784=2, 14680198=8, 24099716=2, 9945643=1, 17200591=1, 18343785=1, 25064902=1, 30811630=4, 10616643=1, 17355782=1, 8839816=1, 9215929=2, 9815165=1, 20663002=1, 14620250=3, 20146457=1, 3548042=4, 20807454=1, 17794030=2, 26273924=1, 15343910=4, 19186058=1, 22877896=3, 33476371=1, 12014965=1, 30296654=1, 32790834=1, 12289858=2, 6683257=1, 15204725=6, 16462484=3, 30837173=2, 32195264=1, 1987680=1, 13728780=1, 24087405=2, 4120405=1, 18787223=2, 20750768=2, 16842797=3, 20875135=2, 22950374=4, 24306551=1, 33258519=1, 8578165=1, 5765425=1, 7286337=3, 15325442=1, 25619461=1, 27810812=1, 993133=3, 30927814=1, 3397209=1, 15672819=3, 24951989=2, 6947669=4, 15844371=1, 21907755=1, 12254986=1, 19929892=7, 16830054=1, 21154198=1, 19454218=1, 18499841=1, 20570074=1, 31093820=1, 5742785=2, 21327649=1, 21708593=3, 26644812=2, 8890535=2, 24022788=2, 8825261=2, 2094347=1, 18266881=2, 15935776=3, 967335=1, 4342028=1, 30969155=2, 28929065=1, 12072566=6, 26415417=3, 19021439=4, 17535477=2, 5509822=5, 32293972=1, 24778077=4, 1548902=2, 8289257=1, 25757081=3, 31458288=8, 2133615=2, 14907744=1, 23554730=1, 2148200=1, 12607526=1, 25466875=2, 32762401=1, 653935=1, 24159715=2, 29532852=2, 14718311=2, 6459646=2, 2503229=4, 11664715=1, 5423200=1, 12407126=1, 316677=1, 16338149=1, 28979298=4, 14013201=1, 22344654=1, 12721894=4, 28778407=3, 15724754=1, 2604832=2, 26195376=2, 5840981=3, 25499915=3, 16322706=3, 14931786=1, 8354396=1, 31673246=1, 22877584=3, 17944182=1, 10342890=1, 30925879=1, 23701167=2, 14047830=1, 7439696=2, 28541778=2, 6833910=1, 17122799=1, 17493851=1, 31023946=1, 31880926=1, 4857423=4, 27745170=1, 33352380=1, 8481088=1, 13403147=2, 4898892=1, 27772246=1, 25426043=1, 24944290=2, 16731906=1, 29214401=1, 23752386=1, 25924076=2, 23213491=4, 5607485=2, 768150=2, 7098756=1, 12187391=1, 2870642=1, 32667169=1, 1394506=1, 4970938=1, 6807941=1, 2207969=2, 22895463=1, 18130290=2, 28029746=2, 17143856=2, 9453487=7, 3953169=1, 515986=1, 28406497=1, 31265414=3, 21687697=1, 7894985=1, 17556457=1, 30636530=1, 11180862=2, 8065391=3, 33456683=2, 33218551=1, 5121510=4, 20799803=1, 6081060=1, 1158381=2, 4529919=3, 12617835=2, 10645676=1, 29518935=1, 15431689=1, 10493835=8, 15289994=1, 32787290=1, 8779095=1, 21872017=2, 33434770=4, 30971149=2, 6514854=1, 13116481=6, 18883173=8, 24330162=3, 20616088=2, 7943841=3, 31884604=2, 5674797=2, 4589428=4, 25376193=3, 31658791=3, 4206350=9, 10024246=1, 9874583=2, 2633065=6, 5650303=4, 20250142=1, 15967000=2, 28693297=1, 2027927=1, 8722174=3, 24946570=2, 15831745=2, 18217363=1, 5256971=7, 14890370=3, 160451=1, 24020643=2, 2285664=1, 7678462=3, 27592852=3, 31712071=1, 4930114=3, 30797072=1, 10133250=2, 9297059=1, 14414500=1, 11799297=5, 32056398=3, 30062841=2, 31901805=1, 4485143=1, 16504987=1, 19525700=1, 31030500=1, 26398120=1, 10960974=1, 5596626=1, 29288816=1, 26930211=1, 31252277=1, 30337530=1, 2061447=1, 7686936=1, 3408196=5, 24965408=1, 8544138=1, 31440000=2, 32248590=5, 31211468=5, 21425908=1, 22225036=3, 15794236=3, 23858330=5, 3943613=5, 22725197=1, 28718609=4, 18211148=1, 7977405=2, 26232854=1, 3410268=5, 31084064=1, 15795090=3, 22461389=2, 30721025=1, 5287863=2, 11959373=1, 7292402=1, 29050046=1, 8353211=1, 23244834=2, 23679388=1, 1305972=1, 6210984=1, 4032533=2, 32904546=4, 25077546=2, 16059560=3, 30086303=3, 32797922=1, 17941474=1, 11949559=1, 9352662=2, 4877628=1, 10077258=1, 28801621=1, 8561452=2, 14716873=2, 14231456=3, 32194499=3, 19680505=1, 21938033=2, 1783628=3, 2528634=2, 29928077=2, 26319311=2, 14430266=5, 31835780=1, 23558747=1, 6205245=2, 17123309=1, 22196688=2, 16813987=2, 765540=2, 23571212=2, 30463813=1, 21263303=1, 23679914=1, 6828068=6, 28350540=2, 32838432=3, 12516877=1, 17090498=1, 18334593=1, 10518962=2, 27574502=1, 17124687=1, 22705577=1, 10060349=2, 10566102=3, 13708701=3, 21754779=1, 8290080=1, 32121122=4, 8330290=3, 15471409=5, 31163914=2, 9373943=3, 19315308=2, 14591385=2, 2626664=6, 6941867=1, 28001690=1, 14050373=1, 4443107=1, 23146480=3, 6934952=1, 8039895=2, 6161611=4, 28581430=5, 24545808=2, 26385448=2, 26127165=2, 10934010=1, 19462672=1, 16654145=4, 15116251=2, 26249098=2, 27039267=2, 24373539=1, 20729084=1, 16353493=2, 29078840=2, 3509313=2, 22405220=1, 30729871=1, 21465=1, 29376730=1, 18920618=2, 10281588=1, 32752259=1, 7946053=3, 19565924=2, 31195178=5, 26731139=1, 27923551=4, 22050251=1, 5261120=1, 25452373=1, 2336927=2, 24412681=2, 21616289=1, 19560589=1, 31259535=1, 9596163=1, 23666960=3, 7107696=1, 9058591=4, 1305190=1, 2362840=5, 6702204=1, 28546637=2, 4024445=1, 8239231=2, 5267327=1, 6516597=1, 19982944=1, 24120019=7, 8502033=2, 19943239=1, 17675329=2, 15263631=1, 14806782=1, 6723205=2, 25308714=4, 9850056=1, 3237011=1, 21113596=4, 11467391=1, 2850648=1, 20558742=2, 3920426=1, 30498712=1, 733135=3, 32959684=1, 13135895=1, 20525930=3, 4032262=2, 742751=1, 5184546=3, 30520482=2, 5993597=1, 28125722=3, 87941=1, 13763812=4, 18575177=1, 5355451=2, 25919329=1, 15062866=1, 23245556=2, 32252976=5, 1535268=1, 17122501=1, 19597593=3, 6239148=3, 11717941=1, 3761862=1, 23862909=5, 9543696=2, 10451168=1, 6651564=1, 4055289=1, 32742583=2, 32401237=1, 12053444=1, 25442631=5, 22953289=4, 18492453=4, 27821217=2, 30946322=6, 24107234=1, 11651669=1, 15737126=7, 25825003=4, 32664220=1, 16042217=1, 7870633=6, 2202886=2, 30073553=1, 5088758=2, 26895166=1, 12585053=9, 1216122=2, 11949378=1, 27044546=2, 27738877=1, 30902736=2, 11736714=3, 5228393=1, 30859812=1, 14501641=1, 25455625=1, 27657774=4, 9998849=2, 25390680=1, 14503754=1, 6622578=3, 26457731=2, 12780947=3, 7853026=1, 23708821=1, 27285726=1, 22232106=3, 7407754=3, 17726544=1, 7640459=2, 2068556=2, 12900799=1, 8451832=1, 8191186=1, 4554134=1, 11360213=1, 10545653=1, 4569707=2, 11760698=1, 2515008=1, 20654151=3, 4049224=1, 23835818=2, 25845217=1, 28925221=1, 10219317=1, 30915884=2, 11845005=2, 21594775=2, 20944339=2, 5618746=2, 6339973=2, 16752566=2, 8404105=10, 10343475=1, 14833531=1, 23222567=1, 33194727=2, 32512784=7, 26804676=3, 570404=2, 13691978=1, 2373188=5, 1732213=1, 16392464=4, 18177691=1, 1149425=2, 30636601=1, 18173316=1, 10845816=1, 19129640=1, 31112766=2, 19796906=4, 18864687=1, 2396194=2, 8699990=1, 12072521=6, 25155367=1, 7225277=4, 25883821=1, 19183120=2, 620931=1, 6415850=1, 7175505=1, 134456=4, 1574203=6, 2178508=3, 16612991=1, 30266065=1, 20261742=3, 29795585=2, 32138569=1, 30375170=1, 23182842=2, 17307359=6, 30880849=3, 14532772=1, 2352811=1, 33318713=1, 1079500=1, 11317778=2, 20852200=4, 4890702=2, 30397497=1, 13634636=7, 30073589=1, 7473265=4, 2669789=2, 7967205=2, 6130684=2, 5899442=4, 3539790=4, 810026=1, 9889196=1, 9634756=3, 3891972=1, 4679816=1, 14497899=3, 7415938=3, 14786290=2, 13819955=1, 12712387=1, 20579051=4, 17168859=1, 20549882=2, 27437258=2, 7303049=1, 8607768=1, 18744390=4, 1963516=1, 27391064=1, 22842216=2, 4390379=1, 9277721=2, 10990918=2, 30993560=1, 24867940=1, 28131564=1, 5491059=1, 22302707=1, 3198752=1, 31038419=2, 22350003=3, 29807360=1, 28350298=2, 6760076=3, 9428197=1, 16256908=6, 24131467=7, 18614229=5, 28929033=1, 22664744=1, 17454413=1, 25496182=3, 4968539=1, 2968787=1, 1450139=4, 15123323=1, 7780527=2, 22101729=3, 19977221=1, 436128=2, 32789346=1, 3523903=1, 282596=1, 12968951=1, 8539374=1, 3828517=1, 10487256=8, 112469=2, 9572038=4, 24430140=1, 16781835=11, 15314768=2, 14136305=2, 32433790=1, 11583633=1, 13570782=3, 18028729=3, 634081=2, 11304246=1, 6929556=2, 4235228=2, 16668194=1, 10119616=1, 26603815=1, 9070253=1, 9639286=3, 19983560=1, 17292125=1, 1837392=5, 5954338=1, 1219063=2, 27288611=1, 16164508=2, 9343963=2, 8035891=2, 4166054=2, 10473160=1, 22184082=2, 32893850=1, 4465497=5, 4940024=1, 14990455=2, 20153553=2, 11172817=1, 2677343=1, 17133312=1, 20839726=1, 2626927=6, 14906493=1, 12892819=2, 31019589=1, 18864353=1, 25378122=3, 24084710=2, 25652009=1, 11392794=1, 527741=6, 17873613=2, 4895027=2, 20058719=4, 5183493=3, 13152693=2, 1450506=4, 13610580=2, 23333958=5, 17057041=1, 32506447=7, 6183892=1, 8721033=3, 16717233=3, 18480539=1, 18384652=2, 14171279=6, 7711014=2, 7781652=2, 5930615=1, 26460462=1, 7271009=1, 31157200=1, 14933500=1, 17549579=1, 31265060=3, 19062806=1, 17568647=5, 1715414=4, 27539489=5, 26190274=2, 15687469=1, 11378272=2, 24871576=2, 18439545=1, 33094564=1, 21817304=1, 12436640=1, 32734703=1, 16528158=5, 5214417=2, 26457333=2, 9301378=1, 30122377=2, 15414013=3, 2286422=1, 26710955=2, 17768354=3, 21059289=1, 13181155=3, 16251722=1, 26382471=2, 16336315=1, 29122749=1, 18278607=1, 12465779=4, 12715733=4, 28332384=1, 18635154=1, 18153555=3, 6197448=2, 18050813=1, 17725430=1, 31232228=2, 5020714=2, 20681045=2, 10984061=2, 12848851=5, 24464231=1, 10470316=1, 10747209=1, 22610856=3, 20059531=4, 18095002=5, 9167637=1, 23847458=1, 23681116=1, 33543532=1, 30828905=1, 16194831=3, 31687467=2, 20490190=2, 418385=1, 18571958=1, 32106532=1, 9872608=2, 27530343=5, 7945843=3, 19812135=1, 2968834=1, 19843961=1, 4742573=1, 15126457=1, 12998749=1, 9827204=1, 25398123=2, 719926=1, 32221308=2, 16719380=3, 6587789=2, 18193527=2, 24336365=1, 7559188=1, 12443016=1, 29287331=1, 29996190=2, 1663256]4=1}>
	at org.apache.hadoop.hive.common.ndv.hll.TestHLLSerialization.testHLLSparseNoBitPacking(TestHLLSerialization.java:142)
]]></failure>
  </testcase>
  <testcase name="testHLLSparseNoBitPackingHalfDistinct[5]" classname="org.apache.hadoop.hive.common.ndv.hll.TestHLLSerialization" time="0.047">
    <failure message="expected:&lt;...Prime: 6 register: {[16019940=1, 10825247=3, 26544912=3, 19778103=1, 20676247=1, 30069215=1, 29281418=1, 31941493=1, 7365738=1, 19208194=3, 14312678=1, 25101702=3, 7408747=3, 23898318=2, 9320365=4, 33281079=1, 17926646=2, 21678658=1, 16639393=1, 4120285=1, 29895499=6, 14693680=8, 32806396=2, 29253745=1, 4264350=3, 23474363=4, 20570987=1, 22736529=1, 5408487=2, 26726904=1, 25888556=3, 23323819=1, 3077805=1, 24678827=2, 23493428=1, 28246397=3, 6936587=1, 2401972=2, 26671837=1, 10152487=1, 8378199=1, 29720788=2, 25759910=3, 32740660=2, 20744972=2, 29017635=1, 28833247=1, 10737524=1, 4092344=1, 3248182=2, 5642187=4, 25492663=1, 15260512=1, 12160070=2, 5460323=1, 15568558=2, 30616490=3, 21366383=4, 18593812=2, 10437847=1, 21135778=2, 17344492=2, 13422190=1, 16827262=1, 21649459=1, 15441602=2, 25538950=2, 28444456=4, 13033582=1, 600842=3, 24452539=3, 23131307=1, 1477712=2, 2056884=1, 3193612=2, 13712185=3, 19796060=4, 1730045=1, 4186863=1, 18561373=3, 29436429=3, 3938380=5, 31268795=3, 25686071=1, 30894825=1, 27650169=1, 3339014=1, 18833325=1, 14418049=5, 8688809=2, 14536798=1, 3860538=1, 2296015=3, 19787252=1, 31379561=1, 6635932=1, 1436514=1, 6265098=2, 27288312=1, 24790713=1, 31336406=4, 7428753=1, 4087997=1, 3290032=4, 27328828=3, 31016135=1, 5793846=1, 5871264=2, 8988380=3, 21745905=1, 7585059=2, 7840371=2, 6931468=1, 26954219=1, 4610293=1, 3835084=2, 8332984=3, 6340939=1, 534468=6, 23418199=1, 4291549=1, 12701280=1, 29525707=2, 19700117=2, 25819261=1, 5689115=1, 19709959=1, 8435527=2, 2792020=2, 23773487=1, 11569212=2, 29505152=4, 16624677=2, 4866458=1, 26146555=1, 12242479=1, 14149550=1, 25400411=2, 7173524=1, 10306034=1, 14122614=1, 25490128=1, 5006384=1, 19591819=1, 2658575=2, 32236574=1, 2131387=2, 27870104=1, 29589931=2, 26549182=3, 28325819=7, 19000634=1, 11545278=7, 26733042=1, 6325049=2, 20450018=6, 15181452=2, 8604248=1, 13936151=2, 8218031=1, 13743999=2, 30614704=3, 31670133=3, 4174660=2, 20601481=1, 21658648=1, 1745546=2, 32999760=2, 27772031=1, 14729854=1, 23810866=1, 29428268=3, 10192172=2, 27179113=2, 25947715=1, 18185133=1, 1038721=1, 26647300=2, 589476=1, 16654775=4, 19507070=2, 12413126=1, 8119074=1, 28505831=1, 27454941=1, 25767217=3, 2115787=1, 6287129=1, 18206323=1, 25883333=1, 20427125=2, 33013841=1, 9350531=2, 29940060=1, 29809988=1, 13204486=1, 14158065=6, 25584333=1, 26645156=2, 3836801=2, 23590352=1, 5174626=1, 21246687=5, 5710619=3, 27369672=2, 18011444=1, 13421765=1, 6327760=2, 10988500=2, 11140905=1, 19936966=7, 18363573=6, 23045594=2, 11259827=1, 11569032=2, 11847208=1, 11484110=3, 12395880=3, 11504357=2, 9659306=1, 22792096=1, 20969327=1, 5454827=3, 8619990=2, 24733118=1, 5092208=2, 24931857=1, 11248106=2, 30310855=2, 5916690=1, 25985162=2, 9108989=1, 30289254=4, 17661587=1, 33044639=6, 27884274=1, 6120763=1, 8675710=1, 13937851=2, 8058243=1, 422657=1, 12144244=1, 9586971=1, 22611263=3, 2751636=1, 29408167=2, 25454202=1, 18513639=1, 15807580=3, 14778622=2, 14134737=2, 27885680=2, 13959700=3, 17306559=6, 7420292=3, 19462732=1, 33071873=2, 4887496=2, 32198920=1, 26899241=1, 8168123=2, 8452050=1, 33108915=3, 7863743=1, 18936643=1, 25091884=1, 24114813=1, 23156667=1, 26801279=1, 20130514=3, 67430=3, 21138070=2, 6624812=3, 25711111=1, 6411508=1, 3620439=3, 4533489=3, 5598046=1, 23005068=3, 6025315=1, 10390739=2, 28861691=1, 26908690=2, 7331941=1, 12584805=9, 25848394=1, 16272132=1, 3022264=4, 15864411=4, 30519884=2, 32214252=2, 24526563=4, 16486735=2, 18006550=1, 2997052=2, 4892119=2, 15690167=1, 16898309=1, 19856081=1, 27930991=4, 17595255=1, 27084758=1, 16242257=1, 21309218=3, 10039069=3, 26178412=1, 29161097=1, 2320030=1, 6166567=4, 4200024=9, 12919407=3, 22092837=3, 13051755=3, 23358319=1, 24433722=1, 3788542=1, 1551248=2, 19083408=3, 28235861=1, 12103933=2, 21922110=2, 17240880=3, 8108063=2, 9969890=6, 12329289=5, 1246529=3, 13859365=1, 28025468=2, 32925618=1, 17889862=1, 31197358=5, 4138095=3, 18435307=1, 1643950=3, 10492545=8, 11724937=1, 7901577=2, 507367=2, 27927377=4, 10612335=1, 18593476=2, 27167984=2, 13413803=2, 5740168=2, 3293335=1, 11434684=1, 6891247=3, 5791538=1, 10072097=2, 6671982=1, 2375399=5, 19618283=1, 4179159=1, 9454186=1, 30893179=1, 3186137=2, 3390336=2, 29702209=3, 10268271=2, 29711364=1, 24709622=3, 9764528=1, 19695734=2, 25213738=2, 14013836=1, 3420709=5, 32897924=1, 20042926=1, 25829642=4, 24454262=3, 32272897=1, 17752548=1, 7404784=1, 1434605=1, 9891608=1, 32856952=1, 27400485=4, 15179569=2, 30272217=1, 8154695=1, 7860310=1, 8795839=4, 5704446=3, 25426067=1, 6976903=1, 15694532=1, 3277046=4, 6292467=8, 23917073=1, 4201969=9, 8458568=3, 15984220=1, 3743137=3, 11887816=1, 28147649=1, 31178939=1, 30940156=6, 11302593=1, 14389532=2, 16363713=2, 23307703=2, 19305187=2, 10339497=1, 15337393=4, 20888347=2, 4314095=1, 25263136=1, 18282678=1, 19366391=2, 28269640=1, 22958892=1, 23819431=1, 7804927=3, 21026350=1, 10336727=2, 33254110=1, 8646443=1, 633544=2, 12901729=1, 18396003=2, 9544406=2, 11293518=1, 10651430=2, 17296714=1, 8287991=1, 11807950=5, 22069036=2, 1368020=1, 15336114=4, 4121738=1, 11689812=1, 15142137=3, 25450860=1, 22647635=2, 3760346=1, 28326500=7, 18946745=3, 9602199=2, 9220035=2, 16346804=1, 24589923=3, 20448057=6, 30246010=2, 32709882=3, 15020653=3, 19537853=4, 18662689=1, 26628553=1, 6707423=1, 18921961=2, 28564847=1, 2281904=1, 3975777=2, 27603677=3, 29482009=1, 855378=3, 21419651=1, 16309130=1, 25974755=1, 4096710=2, 23384072=1, 24795234=1, 30532533=1, 12743060=1, 32809235=2, 17747241=1, 12545304=1, 5670807=2, 9182800=5, 14565433=1, 1892253=1, 23364624=2, 31420877=1, 30491418=1, 15185108=2, 11290105=1, 32468394=1, 7478801=4, 4437904=2, 8662=13, 672736=1, 6007188=2, 809552=1, 26709725=2, 14737668=1, 29388242=1, 27170188=2, 28532538=1, 8203389=3, 26947316=3, 10149080=1, 9384940=3, 7466566=1, 11125288=1, 8207004=3, 29072463=2, 24766497=1, 30440352=1, 18755564=4, 8301409=2, 31611366=1, 5521783=1, 10226356=5, 9846806=1, 13858289=1, 27255506=1, 31943195=1, 6584093=1, 6665076=2, 23993207=4, 18683583=3, 15261098=1, 13931365=2, 9916521=1, 19028573=1, 14368001=3, 31329671=4, 12350814=1, 2790377=2, 14939229=1, 6231922=3, 16799755=1, 28096569=2, 32912852=4, 11153300=4, 29997717=2, 29410793=1, 20813075=2, 31421927=1, 6428597=4, 3884170=1, 3446915=2, 6582812=1, 315883=1, 5826386=1, 17848884=1, 19714260=1, 1835662=5, 18513136=1, 21113131=4, 3434548=1, 28937933=2, 15048498=2, 13071353=1, 5131351=1, 14522483=2, 5669125=2, 18488009=4, 158824=1, 2972835=1, 30140733=1, 19176454=2, 26928030=1, 8145904=1, 8998090=1, 26276195=1, 15397009=1, 2131587=2, 25586627=1, 28039490=1, 14625273=3, 17129908=1, 21537371=2, 3360039=1, 5198417=1, 7635837=2, 2770418=1, 16374482=1, 7168413=1, 21251886=1, 20464339=1, 8249649=1, 2865604=2, 18079652=1, 3567796=1, 28966879=1, 16283255=1, 30820872=1, 1013179=1, 33458460=2, 18281503=1, 28808733=2, 12260709=3, 32539107=2, 30461518=1, 11185401=2, 31325457=1, 32545455=2, 334181=3, 22433369=1, 31789181=3, 13046154=3, 13429816=1, 2599387=2, 25604657=2, 7508316=2, 13637320=7, 30944193=6, 23053728=1, 7368684=1, 10879009=4, 6186326=1, 21309762=3, 17456579=1, 19183394=2, 9524516=1, 24029165=2, 32252512=5, 31252924=1, 33434934=4, 29673102=1, 26493898=1, 5938561=2, 27654901=1, 5924716=1, 16062417=3, 5923758=1, 25134647=2, 32548393=2, 19975203=1, 10245584=1, 15976828=1, 790183=5, 24604637=1, 25771275=3, 15219009=6, 1373698=1, 32145550=2, 878298=1, 8283949=1, 4977763=1, 18987303=2, 8563335=2, 16727343=3, 31859896=4, 7314104=2, 10080602=1, 27812481=1, 29898151=6, 26070930=1, 4839446=1, 25795352=2, 31718127=1, 3095299=3, 7430725=1, 216963=1, 13209352=2, 26649064=2, 24807767=2, 3252911=2, 21206848=2, 17116775=3, 9027426=2, 13828760=3, 6903361=1, 12158239=2, 20174611=1, 13024122=2, 16443778=1, 1957603=1, 3222230=3, 7377976=2, 1722956=1, 33016641=1, 28994899=1, 11512007=2, 18635104=1, 15862743=4, 11732515=3, 9820600=1, 26857426=1, 18185888=1, 9239366=1, 30298481=1, 22199761=2, 25805530=1, 15508835=2, 8539499=1, 15538445=3, 21095524=1, 13570102=3, 18132775=2, 25654631=1, 28299184=1, 10247009=1, 27489841=1, 8174444=2, 23068809=8, 2368673=5, 30248740=2, 16817643=2, 25801194=2, 1417510=2, 8165977=2, 16780673=11, 28783039=3, 25544914=1, 27587289=1, 17274874=2, 10383898=1, 4829866=2, 29678103=1, 24472292=1, 28126455=3, 1199711=1, 17853213=1, 33000724=2, 20225860=2, 24992707=1, 31006403=3, 27933226=4, 22924848=1, 4720911=6, 27616260=1, 16609009=1, 4437624=2, 4317001=1, 31313722=1, 8204384=3, 6612335=1, 26655695=2, 31980401=1, 7013981=3, 18894894=1, 23586586=1, 9360539=1, 16542688=1, 17275732=2, 32201471=1, 22759758=1, 18163629=3, 5905150=4, 3328700=1, 6486888=1, 20002290=3, 1873664=2, 23220662=1, 26458139=2, 23148458=3, 10462421=2, 21305270=3, 23691258=1, 21199871=1, 28623498=1, 30790994=1, 23301762=2, 21392365=1, 25374223=3, 21424394=1, 25855402=2, 17007847=2, 933644=4, 31585208=1, 29161017=1, 20710940=5, 1956735=1, 33540507=1, 19737389=3, 21133871=1, 22814926=5, 10718321=2, 803625=1, 26371277=1, 17624703=1, 2219904=1, 30722771=1, 3626940=1, 26026387=3, 21716778=1, 5131803=1, 8799909=1, 7103941=1, 5156073=2, 335570=3, 15653891=1, 19099463=1, 33345751=1, 22826162=1, 23152535=1, 17227939=1, 9193395=1, 28281753=2, 14326966=2, 6438505=4, 3238712=1, 33434591=4, 20848322=4, 13478638=2, 8530812=4, 17436735=4, 9787004=1, 2902321=1, 24923527=1, 20195241=5, 16483609=2, 12198816=4, 10896791=1, 13117154=6, 3642513=2, 19490233=1, 9085272=2, 8090708=1, 13787150=1, 2889604=5, 20960738=1, 7939661=3, 9815255=1, 13552656=1, 17951223=1, 16480780=1, 32221330=2, 20408821=1, 28740068=2, 16637666=1, 3405643=1, 5023189=2, 18296964=3, 32778645=5, 4852977=4, 24968148=1, 32613779=2, 11096547=1, 9614537=2, 7560652=1, 28875498=2, 12036033=2, 13529742=1, 16622601=2, 18385980=2, 26379332=2, 23983960=1, 10785257=2, 32289619=2, 3377685=2, 29774161=1, 276213=5, 12969560=1, 17490720=1, 16608106=1, 19256626=1, 28943167=2, 30905479=2, 25219641=1, 6088726=1, 19353532=1, 28520727=3, 30348657=3, 12118547=1, 33077231=2, 2239074=4, 269072=5, 17031023=1, 148411=1, 14699847=1, 24062693=3, 24510338=1, 23548025=1, 4054245=1, 15492104=1, 16137063=4, 20558101=2, 736431=3, 20457259=6, 25939525=1, 30183654=2, 1866078=1, 18065688=2, 11739532=3, 15484495=1, 7465379=1, 21725365=2, 24836152=1, 2228106=1, 9834845=4, 3552779=4, 4413228=1, 10742951=1, 8255017=1, 25859540=2, 24349623=2, 16758914=2, 16793438=11, 3027916=4, 16554583=2, 22068340=2, 30054762=2, 17156027=1, 25788851=2, 21214531=2, 7928350=1, 23048583=2, 1087293=2, 26789100=1, 15652125=1, 32542287=2, 29410039=1, 13727573=1, 14856403=2, 18938452=1, 1390217=3, 2894543=5, 17821798=1, 21291824=1, 1063195=7, 7233204=1, 25999127=2, 32315879=3, 811851=1, 14665837=1, 29374589=9, 32143832=1, 4140556=3, 16904527=1, 3188148=2, 14041983=1, 599681=3, 3528908=1, 11793246=1, 14847232=2, 15216383=6, 8715142=1, 10224489=5, 21139148=2, 7142380=1, 19657645=1, 31885734=2, 6984347=2, 9076355=1, 22594220=1, 22093532=3, 22363432=3, 8197863=3, 16846706=3, 24384135=5, 1492898=1, 11190630=1, 47759=2, 24292056=2, 10388954=2, 24771861=1, 5989981=1, 8014159=1, 25865705=2, 13160095=1, 14979000=2, 6552519=1, 16678311=1, 16328004=3, 16333372=3, 13980968=1, 17313920=6, 15496522=1, 11268457=1, 7548230=3, 31444986=1, 10652299=2, 27604938=3, 19718914=1, 11048714=2, 19872312=3, 2705479=1, 24912256=5, 32033626=1, 3936736=5, 5059087=3, 25836729=4, 13160421=1, 29262495=2, 21267355=2, 1478018=2, 29627078=5, 31564171=2, 26789530=1, 4903383=1, 29919415=2, 14324180=2, 5556684=1, 21494494=1, 16982317=3, 14951424=5, 29484596=1, 3905049=2, 30038246=1, 13018024=2, 20562489=1, 30387284=2, 25270145=2, 30462502=1, 2441700=1, 20234602=1, 73293=3, 5179251=3, 30458482=1, 26313356=2, 3680683=6, 11365478=1, 3318760=2, 21644879=1, 19445322=2, 350497=1, 9088786=2, 24711786=3, 17088571=1, 1576735=6, 6387302=1, 32872638=2, 6495258=3, 27666898=4, 24299477=1, 3022194=4, 16422611=2, 31222548=1, 21476218=2, 13046954=3, 3973371=2, 21481172=1, 3850938=1, 1571379=1, 2265077=2, 31455454=1, 17629923=3, 446722=1, 29683167=1, 8753047=2, 14231219=3, 4239522=2, 28850073=6, 16796843=1, 14648257=2, 17236027=3, 18229648=4, 14569716=1, 16362780=2, 3706595=2, 20138287=1, 9060050=4, 14793574=2, 14201973=2, 22648385=2, 9884162=1, 9522425=1, 27939821=1, 26945891=3, 17323918=1, 24482099=2, 31578983=1, 30217820=3, 14433865=5, 1954231=1, 14290382=4, 26741062=6, 15431256=1, 10214193=1, 9936136=2, 21285439=1, 2458531=2, 21813685=1, 3006148=1, 9110565=3, 4373912=2, 12361296=2, 7932822=3, 3599756=1, 31663252=3, 20362950=2, 17690864=1, 4526222=3, 21863844=2, 32584230=3, 19540879=4, 11442332=2, 16710281=1, 23197107=1, 10640981=1, 4928221=3, 33417461=1, 6416091=1, 20063632=4, 31330875=4, 30735876=1, 22199377=2, 24702744=1, 31857079=4, 9806322=2, 18678395=3, 11282572=5, 10716622=2, 11758573=1, 9806441=2, 31190965=1, 7017303=3, 6490225=3, 23664750=3, 29682036=1, 19883740=1, 13299691=1, 22258061=2, 28679234=2, 26853016=2, 33326442=2, 6425156=4, 9915509=1, 3818747=1, 26249640=2, 2143153=2, 14869266=1, 15789279=1, 19787814=1, 23950632=1, 6490162=3, 29565180=3, 26409194=1, 26098852=4, 8288703=1, 28940925=2, 3364762=1, 5961481=1, 26863629=1, 11949039=1, 1750127=2, 21320065=1, 28925022=1, 16515883=5, 21351828=1, 3954121=1, 7322315=2, 19143114=5, 8279049=1, 990076=3, 7912534=2, 17452654=1, 29505438=4, 18121459=2, 495615=2, 8599068=3, 26198487=1, 32789348=1, 7891463=1, 13857652=1, 22146134=1, 17197501=1, 27378480=1, 7148951=3, 28621380=2, 26089769=4, 33541781=1, 12113542=1, 2868969=1, 27268285=8, 11174947=2, 32928682=1, 18984532=2, 3329585=1, 25622017=1, 23663882=3, 4315682=1, 30966317=2, 16762778=1, 30100982=1, 1703227=1, 23462956=4, 27764113=2, 15597405=1, 31690849=2, 16260782=6, 22894253=1, 30578879=2, 20158642=2, 29370167=9, 14234831=3, 32425380=1, 533948=6, 17333809=1, 11886516=1, 26079985=1, 12287293=1, 7273914=1, 27384820=1, 13663556=1, 31201325=5, 33351089=1, 27205954=3, 31498675=2, 7722445=1, 26551362=3, 30915734=2, 16572619=1, 5754508=1, 30482857=3, 15669084=3, 4565220=2, 6039185=5, 16611618=1, 17376209=3, 17648388=1, 31492233=2, 22388758=2, 15295510=1, 25904766=1, 22185766=2, 15946938=1, 31184804=1, 7826193=1, 8532027=4, 13483388=2, 33342019=1, 25745084=1, 28669251=1, 22022043=7, 9864890=2, 27344250=3, 2536281=2, 25839693=1, 18431276=3, 5971854=3, 26505769=1, 15741376=7, 2095759=1, 16293073=2, 27971130=1, 5680476=2, 22654108=2, 19610286=3, 15918490=1, 20771437=1, 9276741=2, 15195557=1, 17856697=1, 23420749=1, 17418670=1, 6433036=4, 16233352=2, 11819696=1, 27224383=1, 27687830=1, 203290=3, 3300214=1, 8440884=1, 29938132=1, 31849999=1, 7508588=2, 8579024=1, 21267729=2, 19580935=1, 7484059=4, 27452930=1, 10978869=2, 18668287=1, 7426247=1, 31904492=1, 13307731=3, 18907187=2, 11568947=2, 27555550=1, 9061108=1, 21008427=2, 3474924=3, 10354357=1, 11974907=2, 4737948=1, 19966565=2, 31689665=2, 1487847=2, 18303109=1, 21766747=5, 26736940=1, 5379721=4, 14471690=1, 23690908=1, 22948521=4, 4302796=2, 8235337=2, 9848558=1, 13047010=3, 19241512=2, 30719604=2, 19938712=7, 13126547=1, 17641102=3, 25398447=2, 12611796=1, 14106050=3, 21298299=1, 20726232=1, 18790874=2, 22440711=1, 17979387=1, 3881958=3, 16254931=6, 21679382=1, 5379413=4, 1077537=1, 32726147=1, 6283277=1, 13766633=4, 3719436=1, 1914801=3, 24281916=2, 9791399=1, 25844739=1, 18669571=1, 23631445=2, 13876489=2, 25380775=1, 5002649=1, 7488434=1, 23334805=5]}&gt; but was:&lt;...Prime: 6 register: {[21206848=2, 29408167=2, 2458531=2, 27179113=2, 10988500=2, 18431276=3, 3248182=2, 18907187=2, 23474363=4, 16019940=1, 25829642=4, 21309762=3, 9220035=2, 25091884=1, 1954231=1, 4720911=6, 11268457=1, 27603677=3, 9384940=3, 19856081=1, 1038721=1, 11185401=2, 14013836=1, 29262495=2, 17624703=1, 2131587=2, 10226356=5, 16480780=1, 4087997=1, 26863629=1, 13637320=7, 14149550=1, 32033626=1, 8301409=2, 31325457=1, 30944193=6, 8753047=2, 26198487=1, 47759=2, 10879009=4, 9820600=1, 269072=5, 30905479=2, 7932822=3, 8090708=1, 7430725=1, 4373912=2, 24709622=3, 13483388=2, 13299691=1, 7322315=2, 18593476=2, 33108915=3, 10388954=2, 19540879=4, 21285439=1, 25759910=3, 27167984=2, 5460323=1, 8145904=1, 15864411=4, 14389532=2, 24472292=1, 29898151=6, 15431256=1, 21716778=1, 28937933=2, 18281503=1, 32925618=1, 8579024=1, 1835662=5, 22792096=1, 7939661=3, 19445322=2, 18987303=2, 27666898=4, 13936151=2, 534468=6, 23131307=1, 15597405=1, 7863743=1, 17490720=1, 23983960=1, 20464339=1, 6120763=1, 19778103=1, 9454186=1, 30100982=1, 4121738=1, 24992707=1, 25848394=1, 19796060=4, 1866078=1, 27971130=1, 13160095=1, 23690908=1, 22814926=5, 24733118=1, 16486735=2, 17418670=1, 12144244=1, 27288312=1, 11434684=1, 32468394=1, 17979387=1, 20002290=3, 14201973=2, 14536798=1, 14433865=5, 27344250=3, 1722956=1, 17333809=1, 2228106=1, 17821798=1, 495615=2, 11545278=7, 1436514=1, 6007188=2, 19695734=2, 32289619=2, 8619990=2, 20448057=6, 20158642=2, 9891608=1, 22826162=1, 31943195=1, 16817643=2, 14231219=3, 1434605=1, 4179159=1, 3405643=1, 27930991=4, 422657=1, 20195241=5, 24790713=1, 24384135=5, 19966565=2, 13046954=3, 32272897=1, 5642187=4, 27939821=1, 24968148=1, 31670133=3, 27764113=2, 24711786=3, 28281753=2, 19256626=1, 8119074=1, 5198417=1, 22068340=2, 15807580=3, 20771437=1, 32584230=3, 6936587=1, 25711111=1, 26789100=1, 17274874=2, 4887496=2, 7508588=2, 18011444=1, 8168123=2, 23301762=2, 26313356=2, 19507070=2, 30532533=1, 4317001=1, 29938132=1, 4239522=2, 1643950=3, 4565220=2, 8249649=1, 31498675=2, 33434591=4, 17156027=1, 8795839=4, 10247009=1, 8458568=3, 32143832=1, 28740068=2, 28564847=1, 4314095=1, 12701280=1, 9276741=2, 22594220=1, 17197501=1, 13307731=3, 18282678=1, 25859540=2, 31663252=3, 29017635=1, 33000724=2, 22958892=1, 26928030=1, 19490233=1, 5408487=2, 16272132=1, 17296714=1, 335570=3, 33044639=6, 30246010=2, 32789348=1, 27378480=1, 29253745=1, 4186863=1, 11758573=1, 6931468=1, 8204384=3, 21133871=1, 10652299=2, 11887816=1, 5556684=1, 7804927=3, 15048498=2, 14729854=1, 30893179=1, 16898309=1, 21922110=2, 19700117=2, 27205954=3, 14158065=6, 11569032=2, 2792020=2, 15918490=1, 9110565=3, 26945891=3, 20408821=1, 16609009=1, 736431=3, 5961481=1, 33254110=1, 7426247=1, 23152535=1, 14106050=3, 3238712=1, 7826193=1, 29673102=1, 26853016=2, 3095299=3, 1063195=7, 30616490=3, 3743137=3, 27268285=8, 23493428=1, 25398447=2, 7585059=2, 29627078=5, 6088726=1, 1246529=3, 350497=1, 3706595=2, 15862743=4, 27452930=1, 19000634=1, 17456579=1, 12113542=1, 29940060=1, 32809235=2, 25101702=3, 28966879=1, 5754508=1, 7928350=1, 16654775=4, 30940156=6, 13858289=1, 2375399=5, 16283255=1, 25400411=2, 14312678=1, 1956735=1, 15741376=7, 6624812=3, 20570987=1, 33434934=4, 8255017=1, 8165977=2, 14625273=3, 5174626=1, 8203389=3, 10192172=2, 27885680=2, 21766747=5, 9182800=5, 23005068=3, 18296964=3, 24349623=2, 31252924=1, 15020653=3, 15484495=1, 27170188=2, 25974755=1, 7377976=2, 22199377=2, 11290105=1, 29774161=1, 15976828=1, 23691258=1, 32214252=2, 18435307=1, 15652125=1, 2889604=5, 28808733=2, 1892253=1, 21649459=1, 8378199=1, 30820872=1, 14471690=1, 31184804=1, 20744972=2, 30440352=1, 4291549=1, 25270145=2, 26645156=2, 9815255=1, 13051755=3, 20450018=6, 13160421=1, 9076355=1, 3193612=2, 5923758=1, 9834845=4, 12350814=1, 9791399=1, 3567796=1, 6039185=5, 7420292=3, 16624677=2, 13712185=3, 4977763=1, 16780673=11, 2894543=5, 3938380=5, 11484110=3, 33541781=1, 8332984=3, 15181452=2, 18678395=3, 2368673=5, 11724937=1, 7722445=1, 3022194=4, 16572619=1, 4928221=3, 4140556=3, 16727343=3, 16422611=2, 24510338=1, 13663556=1, 18065688=2, 11689812=1, 25134647=2, 26371277=1, 3680683=6, 32145550=2, 4892119=2, 8283949=1, 3188148=2, 23364624=2, 10224489=5, 8539499=1, 2770418=1, 18303109=1, 18833325=1, 16793438=11, 6707423=1, 3022264=4, 23819431=1, 7548230=3, 13931365=2, 27224383=1, 15295510=1, 6976903=1, 6612335=1, 22363432=3, 23663882=3, 9360539=1, 21267729=2, 16242257=1, 26947316=3, 2056884=1, 1914801=3, 31190965=1, 25654631=1, 9544406=2, 19462732=1, 29388242=1, 28444456=4, 334181=3, 17236027=3, 1087293=2, 11125288=1, 25380775=1, 15690167=1, 30348657=3, 9085272=2, 446722=1, 9602199=2, 23358319=1, 5131351=1, 8662=13, 22433369=1, 11793246=1, 67430=3, 4413228=1, 18921961=2, 2131387=2, 26954219=1, 18755564=4, 12611796=1, 15337393=4, 19143114=5, 16710281=1, 1390217=3, 19657645=1, 9061108=1, 3835084=2, 19938712=7, 148411=1, 20063632=4, 20601481=1, 3360039=1, 16637666=1, 18132775=2, 13959700=3, 18163629=3, 2219904=1, 15142137=3, 32539107=2, 7466566=1, 33077231=2, 18936643=1, 16260782=6, 29428268=3, 28147649=1, 12969560=1, 28326500=7, 33016641=1, 11248106=2, 7173524=1, 14368001=3, 5924716=1, 18488009=4, 12395880=3, 4302796=2, 9350531=2, 8799909=1, 27400485=4, 3364762=1, 4201969=9, 19975203=1, 9524516=1, 19872312=3, 8675710=1, 2296015=3, 25745084=1, 7912534=2, 21095524=1, 9239366=1, 31336406=4, 21113131=4, 24795234=1, 28520727=3, 1013179=1, 15946938=1, 21246687=5, 15492104=1, 31178939=1, 9320365=4, 3818747=1, 23664750=3, 23068809=8, 21813685=1, 33458460=2, 4903383=1, 10737524=1, 2972835=1, 30310855=2, 10718321=2, 13047010=3, 6327760=2, 29711364=1, 3006148=1, 14569716=1, 7168413=1, 7365738=1, 16483609=2, 27772031=1, 26079985=1, 15260512=1, 10785257=2, 28126455=3, 31789181=3, 25844739=1, 29161017=1, 21291824=1, 10978869=2, 7103941=1, 7478801=4, 31578983=1, 3975777=2, 32897924=1, 32252512=5, 28833247=1, 31859896=4, 16362780=2, 30894825=1, 25426067=1, 31492233=2, 3290032=4, 20710940=5, 31611366=1, 18121459=2, 10072097=2, 13413803=2, 25788851=2, 23053728=1, 23220662=1, 11282572=5, 22948521=4, 17116775=3, 25219641=1, 3027916=4, 30298481=1, 12118547=1, 16827262=1, 30462502=1, 672736=1, 1571379=1, 633544=2, 2095759=1, 3434548=1, 20888347=2, 31718127=1, 23148458=3, 4437904=2, 22440711=1, 18513639=1, 26741062=6, 18079652=1, 32548393=2, 27255506=1, 22199761=2, 12584805=9, 12743060=1, 19028573=1, 7488434=1, 3528908=1, 13787150=1, 16346804=1, 9088786=2, 17690864=1, 5871264=2, 203290=3, 8440884=1, 30069215=1, 22022043=7, 14939229=1, 855378=3, 30387284=2, 1873664=2, 29410793=1, 5006384=1, 6292467=8, 32221330=2, 19083408=3, 16799755=1, 28235861=1, 10339497=1, 9108989=1, 30461518=1, 6428597=4, 4839446=1, 28943167=2, 31420877=1, 28925022=1, 6486888=1, 29589931=2, 13204486=1, 32999760=2, 17129908=1, 16796843=1, 9659306=1, 16328004=3, 18561373=3, 22647635=2, 13743999=2, 30458482=1, 12103933=2, 16233352=2, 5938561=2, 5710619=3, 4737948=1, 16639393=1, 6166567=4, 31857079=4, 4533489=3, 7508316=2, 20813075=2, 26409194=1, 15568558=2, 1492898=1, 10039069=3, 9787004=1, 5379413=4, 29281418=1, 6635932=1, 27369672=2, 3760346=1, 15984220=1, 809552=1, 8435527=2, 5179251=3, 30217820=3, 21678658=1, 21476218=2, 33540507=1, 3599756=1, 6582812=1, 20457259=6, 2705479=1, 18363573=6, 17240880=3, 18396003=2, 2115787=1, 21494494=1, 30289254=4, 2868969=1, 4120285=1, 18593812=2, 4174660=2, 2997052=2, 23045594=2, 14699847=1, 29484596=1, 25999127=2, 28861691=1, 32198920=1, 7840371=2, 10080602=1, 15653891=1, 30248740=2, 3642513=2, 13859365=1, 18662689=1, 19618283=1, 13570102=3, 5669125=2, 3222230=3, 6265098=2, 31455454=1, 12287293=1, 73293=3, 10651430=2, 6416091=1, 18938452=1, 31016135=1, 29482009=1, 24589923=3, 31849999=1, 11153300=4, 10742951=1, 25604657=2, 19537853=4, 9614537=2, 16762778=1, 25865705=2, 27384820=1, 30722771=1, 5989981=1, 8532027=4, 25490128=1, 9848558=1, 28623498=1, 16554583=2, 31564171=2, 17595255=1, 26736940=1, 30482857=3, 11569212=2, 23048583=2, 15441602=2, 5156073=2, 28783039=3, 3836801=2, 32872638=2, 6490225=3, 24299477=1, 8058243=1, 14565433=1, 7891463=1, 26458139=2, 15336114=4, 1478018=2, 589476=1, 11365478=1, 17648388=1, 18206323=1, 27084758=1, 4437624=2, 7560652=1, 19787814=1, 26178412=1, 7017303=3, 16846706=3, 15195557=1, 22924848=1, 25888556=3, 29161097=1, 21139148=2, 30491418=1, 10896791=1, 20130514=3, 26709725=2, 30038246=1, 13421765=1, 14290382=4, 6186326=1, 11819696=1, 31980401=1, 27687830=1, 32928682=1, 26628553=1, 9846806=1, 20960738=1, 33281079=1, 3318760=2, 17889862=1, 32709882=3, 2143153=2, 12919407=3, 14418049=5, 11847208=1, 17227939=1, 15179569=2, 17752548=1, 5002649=1, 1703227=1, 13980968=1, 27616260=1, 15538445=3, 10306034=1, 158824=1, 27454941=1, 15669084=3, 25454202=1, 2441700=1, 23993207=4, 18006550=1, 13209352=2, 24912256=5, 2265077=2, 25538950=2, 16515883=5, 18946745=3, 17306559=6, 8108063=2, 26671837=1, 28850073=6, 14793574=2, 10492545=8, 2658575=2, 11293518=1, 26379332=2, 29072463=2, 1487847=2, 8235337=2, 18185133=1, 29374589=9, 30966317=2, 2865604=2, 18669571=1, 3788542=1, 28875498=2, 17344492=2, 6552519=1, 12413126=1, 30519884=2, 7404784=1, 21863844=2, 28299184=1, 5092208=2, 2536281=2, 8715142=1, 6490162=3, 5521783=1, 31941493=1, 14134737=2, 18385980=2, 23898318=2, 16363713=2, 30719604=2, 31330875=4, 15261098=1, 31006403=3, 23950632=1, 17323918=1, 28669251=1, 17088571=1, 10825247=3, 10612335=1, 3329585=1, 33351089=1, 8287991=1, 30183654=2, 25883333=1, 24678827=2, 27812481=1, 27933226=4, 27654901=1, 19208194=3, 17436735=4, 24482099=2, 23590352=1, 13552656=1, 13018024=2, 9806441=2, 13033582=1, 3881958=3, 8218031=1, 19718914=1, 20225860=2, 13857652=1, 25767217=3, 21366383=4, 12545304=1, 32315879=3, 21298299=1, 29997717=2, 26493898=1, 28994899=1, 16758914=2, 33417461=1, 22092837=3, 14122614=1, 24604637=1, 7408747=3, 25492663=1, 6665076=2, 4610293=1, 26026387=3, 21392365=1, 5670807=2, 5059087=3, 21725365=2, 3626940=1, 13046154=3, 20427125=2, 13876489=2, 26089769=4, 878298=1, 5023189=2, 10640981=1, 31585208=1, 6984347=2, 13422190=1, 811851=1, 14869266=1, 1373698=1, 12036033=2, 7860310=1, 3339014=1, 25795352=2, 2902321=1, 1077537=1, 32740660=2, 24702744=1, 22185766=2, 25839693=1, 19737389=3, 14324180=2, 23323819=1, 24062693=3, 7233204=1, 24836152=1, 31421927=1, 8688809=2, 17313920=6, 31689665=2, 20138287=1, 20562489=1, 2239074=4, 9586971=1, 32912852=4, 7142380=1, 7465379=1, 3884170=1, 22069036=2, 10354357=1, 8452050=1, 28325819=7, 1576735=6, 5740168=2, 22654108=2, 27650169=1, 8599068=3, 3860538=1, 15789279=1, 25805530=1, 790183=5, 10437847=1, 14648257=2, 7484059=4, 8014159=1, 23586586=1, 26649064=2, 600842=3, 11739532=3, 11442332=2, 25622017=1, 20676247=1, 30140733=1, 6438505=4, 19176454=2, 19366391=2, 10390739=2, 3474924=3, 3377685=2, 20362950=2, 16982317=3, 11302593=1, 20042926=1, 7148951=3, 26070930=1, 2320030=1, 10152487=1, 1957603=1, 3973371=2, 9936136=2, 31444986=1, 31885734=2, 21251886=1, 12361296=2, 21537371=2, 803625=1, 14979000=2, 29505438=4, 23462956=4, 12242479=1, 24771861=1, 3954121=1, 19241512=2, 20174611=1, 19305187=2, 6325049=2, 3905049=2, 19787252=1, 4054245=1, 26899241=1, 13478638=2, 21008427=2, 24807767=2, 15185108=2, 17853213=1, 13117154=6, 18984532=2, 17031023=1, 28269640=1, 8154695=1, 11190630=1, 18185888=1, 21026350=1, 25544914=1, 8207004=3, 29720788=2, 15694532=1, 9969890=6, 4526222=3, 21305270=3, 14737668=1, 2281904=1, 5916690=1, 17926646=2, 22093532=3, 24114813=1, 20848322=4, 9522425=1, 29919415=2, 19936966=7, 17275732=2, 3446915=2, 21214531=2, 11974907=2, 21745905=1, 15496522=1, 6025315=1, 27604938=3, 33071873=2, 11504357=2, 17452654=1, 9916521=1, 16904527=1, 30578879=2, 9027426=2, 21351828=1, 5905150=4, 16137063=4, 2790377=2, 216963=1, 3293335=1, 1368020=1, 21481172=1, 30790994=1, 11886516=1, 17007847=2, 30272217=1, 27555550=1, 23334805=5, 507367=2, 3252911=2, 6283277=1, 25771275=3, 18513136=1, 8604248=1, 8279049=1, 31222548=1, 13937851=2, 32545455=2, 3420709=5, 32778645=5, 2751636=1, 11096547=1, 23420749=1, 26647300=2, 6425156=4, 25939525=1, 1417510=2, 7901577=2, 26655695=2, 16443778=1, 26544912=3, 28246397=3, 22759758=1, 8174444=2, 6891247=3, 25947715=1, 31197358=5, 32542287=2, 22388758=2, 29410039=1, 26733042=1, 33342019=1, 29505152=4, 7013981=3, 26505769=1, 28025468=2, 29682036=1, 17641102=3, 6411508=1, 17629923=3, 16309130=1, 19183394=2, 22258061=2, 599681=3, 6340939=1, 25586627=1, 10383898=1, 10462421=2, 19610286=3, 25819261=1, 17376209=3, 23917073=1, 10245584=1, 21419651=1, 21267355=2, 9864890=2, 19714260=1, 16542688=1, 1551248=2, 23197107=1, 28096569=2, 23810866=1, 23418199=1, 3620439=3, 24292056=2, 276213=5, 22736529=1, 11140905=1, 24526563=4, 24281916=2, 23548025=1, 22894253=1, 7368684=1, 20969327=1, 25801194=2, 7635837=2, 25213738=2, 24931857=1, 6584093=1, 14778622=2, 8646443=1, 12198816=4, 1477712=2, 21320065=1, 32425380=1, 15397009=1, 6903361=1, 13024122=2, 10268271=2, 13429816=1, 15216383=6, 4096710=2, 5680476=2, 16333372=3, 11512007=2, 3277046=4, 26276195=1, 32236574=1, 23631445=2, 4852977=4, 4200024=9, 990076=3, 9884162=1, 30054762=2, 14234831=3, 4264350=3, 24452539=3, 10149080=1, 28039490=1, 8988380=3, 23384072=1, 32201471=1, 25374223=3, 22611263=3, 26146555=1, 10716622=2, 6387302=1, 5826386=1, 14693680=8, 2401972=2, 31904492=1, 25584333=1, 17856697=1, 25985162=2, 21309218=3, 14665837=1, 16374482=1, 29525707=2, 23773487=1, 28505831=1, 12158239=2, 3719436=1, 933644=4, 29702209=3, 7428753=1, 24923527=1, 29895499=6, 4092344=1, 3300214=1, 20234602=1, 19099463=1, 29436429=3, 7273914=1, 25904766=1, 19883740=1, 4866458=1, 21199871=1, 14847232=2, 3186137=2, 24029165=2, 7314104=2, 11949039=1, 16062417=3, 12901729=1, 3850938=1, 5379721=4, 32726147=1, 33013841=1, 1750127=2, 17661587=1, 16608106=1, 1199711=1, 6671982=1, 4315682=1, 8197863=3, 30915734=2, 28679234=2, 22648385=2, 533948=6, 18894894=1, 21658648=1, 1730045=1, 26249640=2, 20558101=2, 22146134=1, 4829866=2, 16293073=2, 24433722=1, 18668287=1, 31313722=1, 3077805=1, 5131803=1, 8530812=4, 27884274=1, 11807950=5, 21135778=2, 26549182=3, 14951424=5, 9806322=2, 13529742=1, 17848884=1, 29370167=9, 26857426=1, 20726232=1, 26551362=3, 10214193=1, 29678103=1, 33345751=1, 13727573=1, 27587289=1, 19709959=1, 21424394=1, 6433036=4, 21644879=1, 315883=1, 32856952=1, 5971854=3, 5598046=1, 18635104=1, 28532538=1, 31201325=5, 12329289=5, 11048714=2, 21138070=2, 11259827=1, 19353532=1, 24454262=3, 5791538=1, 19591819=1, 3936736=5, 26789530=1, 14522483=2, 15508835=2, 31690849=2, 28621380=2, 33326442=2, 27489841=1, 13828760=3, 9193395=1, 16611618=1, 3328700=1, 11732515=3, 24766497=1, 25263136=1, 28940925=2, 16254931=6, 6231922=3, 16678311=1, 18790874=2, 9764528=1, 10336727=2, 32806396=2, 12160070=2, 9915509=1, 26801279=1, 14856403=2, 6495258=3, 29683167=1, 14326966=2, 8998090=1, 29565180=3, 8288703=1, 23307703=2, 27870104=1, 8563335=2, 1745546=2, 11568947=2, 14041983=1, 5689115=1, 25855402=2, 25686071=1, 13071353=1, 3552779=4, 26726904=1, 9060050=4, 27927377=4, 30735876=1, 12260709=3, 13766633=4, 13126547=1, 3390336=2, 26098852=4, 18683583=3, 30614704=3, 31379561=1, 16622601=2, 32613779=2, 5704446=3, 2599387=2, 4138095=3, 18229648=4, 26908690=2, 11174947=2, 6287129=1, 21679382=1, 17951223=1, 7331941=1, 25836729=4, 23156667=1, 25450860=1, 5793846=1, 19580935=1, 15219009=6, 5454827=3, 29809988=1, 17747241=1, 31268795=3, 31329671=4, 27328828=3]}&gt;" type="org.junit.ComparisonFailure"><![CDATA[org.junit.ComparisonFailure: expected:<...Prime: 6 register: {[16019940=1, 10825247=3, 26544912=3, 19778103=1, 20676247=1, 30069215=1, 29281418=1, 31941493=1, 7365738=1, 19208194=3, 14312678=1, 25101702=3, 7408747=3, 23898318=2, 9320365=4, 33281079=1, 17926646=2, 21678658=1, 16639393=1, 4120285=1, 29895499=6, 14693680=8, 32806396=2, 29253745=1, 4264350=3, 23474363=4, 20570987=1, 22736529=1, 5408487=2, 26726904=1, 25888556=3, 23323819=1, 3077805=1, 24678827=2, 23493428=1, 28246397=3, 6936587=1, 2401972=2, 26671837=1, 10152487=1, 8378199=1, 29720788=2, 25759910=3, 32740660=2, 20744972=2, 29017635=1, 28833247=1, 10737524=1, 4092344=1, 3248182=2, 5642187=4, 25492663=1, 15260512=1, 12160070=2, 5460323=1, 15568558=2, 30616490=3, 21366383=4, 18593812=2, 10437847=1, 21135778=2, 17344492=2, 13422190=1, 16827262=1, 21649459=1, 15441602=2, 25538950=2, 28444456=4, 13033582=1, 600842=3, 24452539=3, 23131307=1, 1477712=2, 2056884=1, 3193612=2, 13712185=3, 19796060=4, 1730045=1, 4186863=1, 18561373=3, 29436429=3, 3938380=5, 31268795=3, 25686071=1, 30894825=1, 27650169=1, 3339014=1, 18833325=1, 14418049=5, 8688809=2, 14536798=1, 3860538=1, 2296015=3, 19787252=1, 31379561=1, 6635932=1, 1436514=1, 6265098=2, 27288312=1, 24790713=1, 31336406=4, 7428753=1, 4087997=1, 3290032=4, 27328828=3, 31016135=1, 5793846=1, 5871264=2, 8988380=3, 21745905=1, 7585059=2, 7840371=2, 6931468=1, 26954219=1, 4610293=1, 3835084=2, 8332984=3, 6340939=1, 534468=6, 23418199=1, 4291549=1, 12701280=1, 29525707=2, 19700117=2, 25819261=1, 5689115=1, 19709959=1, 8435527=2, 2792020=2, 23773487=1, 11569212=2, 29505152=4, 16624677=2, 4866458=1, 26146555=1, 12242479=1, 14149550=1, 25400411=2, 7173524=1, 10306034=1, 14122614=1, 25490128=1, 5006384=1, 19591819=1, 2658575=2, 32236574=1, 2131387=2, 27870104=1, 29589931=2, 26549182=3, 28325819=7, 19000634=1, 11545278=7, 26733042=1, 6325049=2, 20450018=6, 15181452=2, 8604248=1, 13936151=2, 8218031=1, 13743999=2, 30614704=3, 31670133=3, 4174660=2, 20601481=1, 21658648=1, 1745546=2, 32999760=2, 27772031=1, 14729854=1, 23810866=1, 29428268=3, 10192172=2, 27179113=2, 25947715=1, 18185133=1, 1038721=1, 26647300=2, 589476=1, 16654775=4, 19507070=2, 12413126=1, 8119074=1, 28505831=1, 27454941=1, 25767217=3, 2115787=1, 6287129=1, 18206323=1, 25883333=1, 20427125=2, 33013841=1, 9350531=2, 29940060=1, 29809988=1, 13204486=1, 14158065=6, 25584333=1, 26645156=2, 3836801=2, 23590352=1, 5174626=1, 21246687=5, 5710619=3, 27369672=2, 18011444=1, 13421765=1, 6327760=2, 10988500=2, 11140905=1, 19936966=7, 18363573=6, 23045594=2, 11259827=1, 11569032=2, 11847208=1, 11484110=3, 12395880=3, 11504357=2, 9659306=1, 22792096=1, 20969327=1, 5454827=3, 8619990=2, 24733118=1, 5092208=2, 24931857=1, 11248106=2, 30310855=2, 5916690=1, 25985162=2, 9108989=1, 30289254=4, 17661587=1, 33044639=6, 27884274=1, 6120763=1, 8675710=1, 13937851=2, 8058243=1, 422657=1, 12144244=1, 9586971=1, 22611263=3, 2751636=1, 29408167=2, 25454202=1, 18513639=1, 15807580=3, 14778622=2, 14134737=2, 27885680=2, 13959700=3, 17306559=6, 7420292=3, 19462732=1, 33071873=2, 4887496=2, 32198920=1, 26899241=1, 8168123=2, 8452050=1, 33108915=3, 7863743=1, 18936643=1, 25091884=1, 24114813=1, 23156667=1, 26801279=1, 20130514=3, 67430=3, 21138070=2, 6624812=3, 25711111=1, 6411508=1, 3620439=3, 4533489=3, 5598046=1, 23005068=3, 6025315=1, 10390739=2, 28861691=1, 26908690=2, 7331941=1, 12584805=9, 25848394=1, 16272132=1, 3022264=4, 15864411=4, 30519884=2, 32214252=2, 24526563=4, 16486735=2, 18006550=1, 2997052=2, 4892119=2, 15690167=1, 16898309=1, 19856081=1, 27930991=4, 17595255=1, 27084758=1, 16242257=1, 21309218=3, 10039069=3, 26178412=1, 29161097=1, 2320030=1, 6166567=4, 4200024=9, 12919407=3, 22092837=3, 13051755=3, 23358319=1, 24433722=1, 3788542=1, 1551248=2, 19083408=3, 28235861=1, 12103933=2, 21922110=2, 17240880=3, 8108063=2, 9969890=6, 12329289=5, 1246529=3, 13859365=1, 28025468=2, 32925618=1, 17889862=1, 31197358=5, 4138095=3, 18435307=1, 1643950=3, 10492545=8, 11724937=1, 7901577=2, 507367=2, 27927377=4, 10612335=1, 18593476=2, 27167984=2, 13413803=2, 5740168=2, 3293335=1, 11434684=1, 6891247=3, 5791538=1, 10072097=2, 6671982=1, 2375399=5, 19618283=1, 4179159=1, 9454186=1, 30893179=1, 3186137=2, 3390336=2, 29702209=3, 10268271=2, 29711364=1, 24709622=3, 9764528=1, 19695734=2, 25213738=2, 14013836=1, 3420709=5, 32897924=1, 20042926=1, 25829642=4, 24454262=3, 32272897=1, 17752548=1, 7404784=1, 1434605=1, 9891608=1, 32856952=1, 27400485=4, 15179569=2, 30272217=1, 8154695=1, 7860310=1, 8795839=4, 5704446=3, 25426067=1, 6976903=1, 15694532=1, 3277046=4, 6292467=8, 23917073=1, 4201969=9, 8458568=3, 15984220=1, 3743137=3, 11887816=1, 28147649=1, 31178939=1, 30940156=6, 11302593=1, 14389532=2, 16363713=2, 23307703=2, 19305187=2, 10339497=1, 15337393=4, 20888347=2, 4314095=1, 25263136=1, 18282678=1, 19366391=2, 28269640=1, 22958892=1, 23819431=1, 7804927=3, 21026350=1, 10336727=2, 33254110=1, 8646443=1, 633544=2, 12901729=1, 18396003=2, 9544406=2, 11293518=1, 10651430=2, 17296714=1, 8287991=1, 11807950=5, 22069036=2, 1368020=1, 15336114=4, 4121738=1, 11689812=1, 15142137=3, 25450860=1, 22647635=2, 3760346=1, 28326500=7, 18946745=3, 9602199=2, 9220035=2, 16346804=1, 24589923=3, 20448057=6, 30246010=2, 32709882=3, 15020653=3, 19537853=4, 18662689=1, 26628553=1, 6707423=1, 18921961=2, 28564847=1, 2281904=1, 3975777=2, 27603677=3, 29482009=1, 855378=3, 21419651=1, 16309130=1, 25974755=1, 4096710=2, 23384072=1, 24795234=1, 30532533=1, 12743060=1, 32809235=2, 17747241=1, 12545304=1, 5670807=2, 9182800=5, 14565433=1, 1892253=1, 23364624=2, 31420877=1, 30491418=1, 15185108=2, 11290105=1, 32468394=1, 7478801=4, 4437904=2, 8662=13, 672736=1, 6007188=2, 809552=1, 26709725=2, 14737668=1, 29388242=1, 27170188=2, 28532538=1, 8203389=3, 26947316=3, 10149080=1, 9384940=3, 7466566=1, 11125288=1, 8207004=3, 29072463=2, 24766497=1, 30440352=1, 18755564=4, 8301409=2, 31611366=1, 5521783=1, 10226356=5, 9846806=1, 13858289=1, 27255506=1, 31943195=1, 6584093=1, 6665076=2, 23993207=4, 18683583=3, 15261098=1, 13931365=2, 9916521=1, 19028573=1, 14368001=3, 31329671=4, 12350814=1, 2790377=2, 14939229=1, 6231922=3, 16799755=1, 28096569=2, 32912852=4, 11153300=4, 29997717=2, 29410793=1, 20813075=2, 31421927=1, 6428597=4, 3884170=1, 3446915=2, 6582812=1, 315883=1, 5826386=1, 17848884=1, 19714260=1, 1835662=5, 18513136=1, 21113131=4, 3434548=1, 28937933=2, 15048498=2, 13071353=1, 5131351=1, 14522483=2, 5669125=2, 18488009=4, 158824=1, 2972835=1, 30140733=1, 19176454=2, 26928030=1, 8145904=1, 8998090=1, 26276195=1, 15397009=1, 2131587=2, 25586627=1, 28039490=1, 14625273=3, 17129908=1, 21537371=2, 3360039=1, 5198417=1, 7635837=2, 2770418=1, 16374482=1, 7168413=1, 21251886=1, 20464339=1, 8249649=1, 2865604=2, 18079652=1, 3567796=1, 28966879=1, 16283255=1, 30820872=1, 1013179=1, 33458460=2, 18281503=1, 28808733=2, 12260709=3, 32539107=2, 30461518=1, 11185401=2, 31325457=1, 32545455=2, 334181=3, 22433369=1, 31789181=3, 13046154=3, 13429816=1, 2599387=2, 25604657=2, 7508316=2, 13637320=7, 30944193=6, 23053728=1, 7368684=1, 10879009=4, 6186326=1, 21309762=3, 17456579=1, 19183394=2, 9524516=1, 24029165=2, 32252512=5, 31252924=1, 33434934=4, 29673102=1, 26493898=1, 5938561=2, 27654901=1, 5924716=1, 16062417=3, 5923758=1, 25134647=2, 32548393=2, 19975203=1, 10245584=1, 15976828=1, 790183=5, 24604637=1, 25771275=3, 15219009=6, 1373698=1, 32145550=2, 878298=1, 8283949=1, 4977763=1, 18987303=2, 8563335=2, 16727343=3, 31859896=4, 7314104=2, 10080602=1, 27812481=1, 29898151=6, 26070930=1, 4839446=1, 25795352=2, 31718127=1, 3095299=3, 7430725=1, 216963=1, 13209352=2, 26649064=2, 24807767=2, 3252911=2, 21206848=2, 17116775=3, 9027426=2, 13828760=3, 6903361=1, 12158239=2, 20174611=1, 13024122=2, 16443778=1, 1957603=1, 3222230=3, 7377976=2, 1722956=1, 33016641=1, 28994899=1, 11512007=2, 18635104=1, 15862743=4, 11732515=3, 9820600=1, 26857426=1, 18185888=1, 9239366=1, 30298481=1, 22199761=2, 25805530=1, 15508835=2, 8539499=1, 15538445=3, 21095524=1, 13570102=3, 18132775=2, 25654631=1, 28299184=1, 10247009=1, 27489841=1, 8174444=2, 23068809=8, 2368673=5, 30248740=2, 16817643=2, 25801194=2, 1417510=2, 8165977=2, 16780673=11, 28783039=3, 25544914=1, 27587289=1, 17274874=2, 10383898=1, 4829866=2, 29678103=1, 24472292=1, 28126455=3, 1199711=1, 17853213=1, 33000724=2, 20225860=2, 24992707=1, 31006403=3, 27933226=4, 22924848=1, 4720911=6, 27616260=1, 16609009=1, 4437624=2, 4317001=1, 31313722=1, 8204384=3, 6612335=1, 26655695=2, 31980401=1, 7013981=3, 18894894=1, 23586586=1, 9360539=1, 16542688=1, 17275732=2, 32201471=1, 22759758=1, 18163629=3, 5905150=4, 3328700=1, 6486888=1, 20002290=3, 1873664=2, 23220662=1, 26458139=2, 23148458=3, 10462421=2, 21305270=3, 23691258=1, 21199871=1, 28623498=1, 30790994=1, 23301762=2, 21392365=1, 25374223=3, 21424394=1, 25855402=2, 17007847=2, 933644=4, 31585208=1, 29161017=1, 20710940=5, 1956735=1, 33540507=1, 19737389=3, 21133871=1, 22814926=5, 10718321=2, 803625=1, 26371277=1, 17624703=1, 2219904=1, 30722771=1, 3626940=1, 26026387=3, 21716778=1, 5131803=1, 8799909=1, 7103941=1, 5156073=2, 335570=3, 15653891=1, 19099463=1, 33345751=1, 22826162=1, 23152535=1, 17227939=1, 9193395=1, 28281753=2, 14326966=2, 6438505=4, 3238712=1, 33434591=4, 20848322=4, 13478638=2, 8530812=4, 17436735=4, 9787004=1, 2902321=1, 24923527=1, 20195241=5, 16483609=2, 12198816=4, 10896791=1, 13117154=6, 3642513=2, 19490233=1, 9085272=2, 8090708=1, 13787150=1, 2889604=5, 20960738=1, 7939661=3, 9815255=1, 13552656=1, 17951223=1, 16480780=1, 32221330=2, 20408821=1, 28740068=2, 16637666=1, 3405643=1, 5023189=2, 18296964=3, 32778645=5, 4852977=4, 24968148=1, 32613779=2, 11096547=1, 9614537=2, 7560652=1, 28875498=2, 12036033=2, 13529742=1, 16622601=2, 18385980=2, 26379332=2, 23983960=1, 10785257=2, 32289619=2, 3377685=2, 29774161=1, 276213=5, 12969560=1, 17490720=1, 16608106=1, 19256626=1, 28943167=2, 30905479=2, 25219641=1, 6088726=1, 19353532=1, 28520727=3, 30348657=3, 12118547=1, 33077231=2, 2239074=4, 269072=5, 17031023=1, 148411=1, 14699847=1, 24062693=3, 24510338=1, 23548025=1, 4054245=1, 15492104=1, 16137063=4, 20558101=2, 736431=3, 20457259=6, 25939525=1, 30183654=2, 1866078=1, 18065688=2, 11739532=3, 15484495=1, 7465379=1, 21725365=2, 24836152=1, 2228106=1, 9834845=4, 3552779=4, 4413228=1, 10742951=1, 8255017=1, 25859540=2, 24349623=2, 16758914=2, 16793438=11, 3027916=4, 16554583=2, 22068340=2, 30054762=2, 17156027=1, 25788851=2, 21214531=2, 7928350=1, 23048583=2, 1087293=2, 26789100=1, 15652125=1, 32542287=2, 29410039=1, 13727573=1, 14856403=2, 18938452=1, 1390217=3, 2894543=5, 17821798=1, 21291824=1, 1063195=7, 7233204=1, 25999127=2, 32315879=3, 811851=1, 14665837=1, 29374589=9, 32143832=1, 4140556=3, 16904527=1, 3188148=2, 14041983=1, 599681=3, 3528908=1, 11793246=1, 14847232=2, 15216383=6, 8715142=1, 10224489=5, 21139148=2, 7142380=1, 19657645=1, 31885734=2, 6984347=2, 9076355=1, 22594220=1, 22093532=3, 22363432=3, 8197863=3, 16846706=3, 24384135=5, 1492898=1, 11190630=1, 47759=2, 24292056=2, 10388954=2, 24771861=1, 5989981=1, 8014159=1, 25865705=2, 13160095=1, 14979000=2, 6552519=1, 16678311=1, 16328004=3, 16333372=3, 13980968=1, 17313920=6, 15496522=1, 11268457=1, 7548230=3, 31444986=1, 10652299=2, 27604938=3, 19718914=1, 11048714=2, 19872312=3, 2705479=1, 24912256=5, 32033626=1, 3936736=5, 5059087=3, 25836729=4, 13160421=1, 29262495=2, 21267355=2, 1478018=2, 29627078=5, 31564171=2, 26789530=1, 4903383=1, 29919415=2, 14324180=2, 5556684=1, 21494494=1, 16982317=3, 14951424=5, 29484596=1, 3905049=2, 30038246=1, 13018024=2, 20562489=1, 30387284=2, 25270145=2, 30462502=1, 2441700=1, 20234602=1, 73293=3, 5179251=3, 30458482=1, 26313356=2, 3680683=6, 11365478=1, 3318760=2, 21644879=1, 19445322=2, 350497=1, 9088786=2, 24711786=3, 17088571=1, 1576735=6, 6387302=1, 32872638=2, 6495258=3, 27666898=4, 24299477=1, 3022194=4, 16422611=2, 31222548=1, 21476218=2, 13046954=3, 3973371=2, 21481172=1, 3850938=1, 1571379=1, 2265077=2, 31455454=1, 17629923=3, 446722=1, 29683167=1, 8753047=2, 14231219=3, 4239522=2, 28850073=6, 16796843=1, 14648257=2, 17236027=3, 18229648=4, 14569716=1, 16362780=2, 3706595=2, 20138287=1, 9060050=4, 14793574=2, 14201973=2, 22648385=2, 9884162=1, 9522425=1, 27939821=1, 26945891=3, 17323918=1, 24482099=2, 31578983=1, 30217820=3, 14433865=5, 1954231=1, 14290382=4, 26741062=6, 15431256=1, 10214193=1, 9936136=2, 21285439=1, 2458531=2, 21813685=1, 3006148=1, 9110565=3, 4373912=2, 12361296=2, 7932822=3, 3599756=1, 31663252=3, 20362950=2, 17690864=1, 4526222=3, 21863844=2, 32584230=3, 19540879=4, 11442332=2, 16710281=1, 23197107=1, 10640981=1, 4928221=3, 33417461=1, 6416091=1, 20063632=4, 31330875=4, 30735876=1, 22199377=2, 24702744=1, 31857079=4, 9806322=2, 18678395=3, 11282572=5, 10716622=2, 11758573=1, 9806441=2, 31190965=1, 7017303=3, 6490225=3, 23664750=3, 29682036=1, 19883740=1, 13299691=1, 22258061=2, 28679234=2, 26853016=2, 33326442=2, 6425156=4, 9915509=1, 3818747=1, 26249640=2, 2143153=2, 14869266=1, 15789279=1, 19787814=1, 23950632=1, 6490162=3, 29565180=3, 26409194=1, 26098852=4, 8288703=1, 28940925=2, 3364762=1, 5961481=1, 26863629=1, 11949039=1, 1750127=2, 21320065=1, 28925022=1, 16515883=5, 21351828=1, 3954121=1, 7322315=2, 19143114=5, 8279049=1, 990076=3, 7912534=2, 17452654=1, 29505438=4, 18121459=2, 495615=2, 8599068=3, 26198487=1, 32789348=1, 7891463=1, 13857652=1, 22146134=1, 17197501=1, 27378480=1, 7148951=3, 28621380=2, 26089769=4, 33541781=1, 12113542=1, 2868969=1, 27268285=8, 11174947=2, 32928682=1, 18984532=2, 3329585=1, 25622017=1, 23663882=3, 4315682=1, 30966317=2, 16762778=1, 30100982=1, 1703227=1, 23462956=4, 27764113=2, 15597405=1, 31690849=2, 16260782=6, 22894253=1, 30578879=2, 20158642=2, 29370167=9, 14234831=3, 32425380=1, 533948=6, 17333809=1, 11886516=1, 26079985=1, 12287293=1, 7273914=1, 27384820=1, 13663556=1, 31201325=5, 33351089=1, 27205954=3, 31498675=2, 7722445=1, 26551362=3, 30915734=2, 16572619=1, 5754508=1, 30482857=3, 15669084=3, 4565220=2, 6039185=5, 16611618=1, 17376209=3, 17648388=1, 31492233=2, 22388758=2, 15295510=1, 25904766=1, 22185766=2, 15946938=1, 31184804=1, 7826193=1, 8532027=4, 13483388=2, 33342019=1, 25745084=1, 28669251=1, 22022043=7, 9864890=2, 27344250=3, 2536281=2, 25839693=1, 18431276=3, 5971854=3, 26505769=1, 15741376=7, 2095759=1, 16293073=2, 27971130=1, 5680476=2, 22654108=2, 19610286=3, 15918490=1, 20771437=1, 9276741=2, 15195557=1, 17856697=1, 23420749=1, 17418670=1, 6433036=4, 16233352=2, 11819696=1, 27224383=1, 27687830=1, 203290=3, 3300214=1, 8440884=1, 29938132=1, 31849999=1, 7508588=2, 8579024=1, 21267729=2, 19580935=1, 7484059=4, 27452930=1, 10978869=2, 18668287=1, 7426247=1, 31904492=1, 13307731=3, 18907187=2, 11568947=2, 27555550=1, 9061108=1, 21008427=2, 3474924=3, 10354357=1, 11974907=2, 4737948=1, 19966565=2, 31689665=2, 1487847=2, 18303109=1, 21766747=5, 26736940=1, 5379721=4, 14471690=1, 23690908=1, 22948521=4, 4302796=2, 8235337=2, 9848558=1, 13047010=3, 19241512=2, 30719604=2, 19938712=7, 13126547=1, 17641102=3, 25398447=2, 12611796=1, 14106050=3, 21298299=1, 20726232=1, 18790874=2, 22440711=1, 17979387=1, 3881958=3, 16254931=6, 21679382=1, 5379413=4, 1077537=1, 32726147=1, 6283277=1, 13766633=4, 3719436=1, 1914801=3, 24281916=2, 9791399=1, 25844739=1, 18669571=1, 23631445=2, 13876489=2, 25380775=1, 5002649=1, 7488434=1, 23334805=5]}> but was:<...Prime: 6 register: {[21206848=2, 29408167=2, 2458531=2, 27179113=2, 10988500=2, 18431276=3, 3248182=2, 18907187=2, 23474363=4, 16019940=1, 25829642=4, 21309762=3, 9220035=2, 25091884=1, 1954231=1, 4720911=6, 11268457=1, 27603677=3, 9384940=3, 19856081=1, 1038721=1, 11185401=2, 14013836=1, 29262495=2, 17624703=1, 2131587=2, 10226356=5, 16480780=1, 4087997=1, 26863629=1, 13637320=7, 14149550=1, 32033626=1, 8301409=2, 31325457=1, 30944193=6, 8753047=2, 26198487=1, 47759=2, 10879009=4, 9820600=1, 269072=5, 30905479=2, 7932822=3, 8090708=1, 7430725=1, 4373912=2, 24709622=3, 13483388=2, 13299691=1, 7322315=2, 18593476=2, 33108915=3, 10388954=2, 19540879=4, 21285439=1, 25759910=3, 27167984=2, 5460323=1, 8145904=1, 15864411=4, 14389532=2, 24472292=1, 29898151=6, 15431256=1, 21716778=1, 28937933=2, 18281503=1, 32925618=1, 8579024=1, 1835662=5, 22792096=1, 7939661=3, 19445322=2, 18987303=2, 27666898=4, 13936151=2, 534468=6, 23131307=1, 15597405=1, 7863743=1, 17490720=1, 23983960=1, 20464339=1, 6120763=1, 19778103=1, 9454186=1, 30100982=1, 4121738=1, 24992707=1, 25848394=1, 19796060=4, 1866078=1, 27971130=1, 13160095=1, 23690908=1, 22814926=5, 24733118=1, 16486735=2, 17418670=1, 12144244=1, 27288312=1, 11434684=1, 32468394=1, 17979387=1, 20002290=3, 14201973=2, 14536798=1, 14433865=5, 27344250=3, 1722956=1, 17333809=1, 2228106=1, 17821798=1, 495615=2, 11545278=7, 1436514=1, 6007188=2, 19695734=2, 32289619=2, 8619990=2, 20448057=6, 20158642=2, 9891608=1, 22826162=1, 31943195=1, 16817643=2, 14231219=3, 1434605=1, 4179159=1, 3405643=1, 27930991=4, 422657=1, 20195241=5, 24790713=1, 24384135=5, 19966565=2, 13046954=3, 32272897=1, 5642187=4, 27939821=1, 24968148=1, 31670133=3, 27764113=2, 24711786=3, 28281753=2, 19256626=1, 8119074=1, 5198417=1, 22068340=2, 15807580=3, 20771437=1, 32584230=3, 6936587=1, 25711111=1, 26789100=1, 17274874=2, 4887496=2, 7508588=2, 18011444=1, 8168123=2, 23301762=2, 26313356=2, 19507070=2, 30532533=1, 4317001=1, 29938132=1, 4239522=2, 1643950=3, 4565220=2, 8249649=1, 31498675=2, 33434591=4, 17156027=1, 8795839=4, 10247009=1, 8458568=3, 32143832=1, 28740068=2, 28564847=1, 4314095=1, 12701280=1, 9276741=2, 22594220=1, 17197501=1, 13307731=3, 18282678=1, 25859540=2, 31663252=3, 29017635=1, 33000724=2, 22958892=1, 26928030=1, 19490233=1, 5408487=2, 16272132=1, 17296714=1, 335570=3, 33044639=6, 30246010=2, 32789348=1, 27378480=1, 29253745=1, 4186863=1, 11758573=1, 6931468=1, 8204384=3, 21133871=1, 10652299=2, 11887816=1, 5556684=1, 7804927=3, 15048498=2, 14729854=1, 30893179=1, 16898309=1, 21922110=2, 19700117=2, 27205954=3, 14158065=6, 11569032=2, 2792020=2, 15918490=1, 9110565=3, 26945891=3, 20408821=1, 16609009=1, 736431=3, 5961481=1, 33254110=1, 7426247=1, 23152535=1, 14106050=3, 3238712=1, 7826193=1, 29673102=1, 26853016=2, 3095299=3, 1063195=7, 30616490=3, 3743137=3, 27268285=8, 23493428=1, 25398447=2, 7585059=2, 29627078=5, 6088726=1, 1246529=3, 350497=1, 3706595=2, 15862743=4, 27452930=1, 19000634=1, 17456579=1, 12113542=1, 29940060=1, 32809235=2, 25101702=3, 28966879=1, 5754508=1, 7928350=1, 16654775=4, 30940156=6, 13858289=1, 2375399=5, 16283255=1, 25400411=2, 14312678=1, 1956735=1, 15741376=7, 6624812=3, 20570987=1, 33434934=4, 8255017=1, 8165977=2, 14625273=3, 5174626=1, 8203389=3, 10192172=2, 27885680=2, 21766747=5, 9182800=5, 23005068=3, 18296964=3, 24349623=2, 31252924=1, 15020653=3, 15484495=1, 27170188=2, 25974755=1, 7377976=2, 22199377=2, 11290105=1, 29774161=1, 15976828=1, 23691258=1, 32214252=2, 18435307=1, 15652125=1, 2889604=5, 28808733=2, 1892253=1, 21649459=1, 8378199=1, 30820872=1, 14471690=1, 31184804=1, 20744972=2, 30440352=1, 4291549=1, 25270145=2, 26645156=2, 9815255=1, 13051755=3, 20450018=6, 13160421=1, 9076355=1, 3193612=2, 5923758=1, 9834845=4, 12350814=1, 9791399=1, 3567796=1, 6039185=5, 7420292=3, 16624677=2, 13712185=3, 4977763=1, 16780673=11, 2894543=5, 3938380=5, 11484110=3, 33541781=1, 8332984=3, 15181452=2, 18678395=3, 2368673=5, 11724937=1, 7722445=1, 3022194=4, 16572619=1, 4928221=3, 4140556=3, 16727343=3, 16422611=2, 24510338=1, 13663556=1, 18065688=2, 11689812=1, 25134647=2, 26371277=1, 3680683=6, 32145550=2, 4892119=2, 8283949=1, 3188148=2, 23364624=2, 10224489=5, 8539499=1, 2770418=1, 18303109=1, 18833325=1, 16793438=11, 6707423=1, 3022264=4, 23819431=1, 7548230=3, 13931365=2, 27224383=1, 15295510=1, 6976903=1, 6612335=1, 22363432=3, 23663882=3, 9360539=1, 21267729=2, 16242257=1, 26947316=3, 2056884=1, 1914801=3, 31190965=1, 25654631=1, 9544406=2, 19462732=1, 29388242=1, 28444456=4, 334181=3, 17236027=3, 1087293=2, 11125288=1, 25380775=1, 15690167=1, 30348657=3, 9085272=2, 446722=1, 9602199=2, 23358319=1, 5131351=1, 8662=13, 22433369=1, 11793246=1, 67430=3, 4413228=1, 18921961=2, 2131387=2, 26954219=1, 18755564=4, 12611796=1, 15337393=4, 19143114=5, 16710281=1, 1390217=3, 19657645=1, 9061108=1, 3835084=2, 19938712=7, 148411=1, 20063632=4, 20601481=1, 3360039=1, 16637666=1, 18132775=2, 13959700=3, 18163629=3, 2219904=1, 15142137=3, 32539107=2, 7466566=1, 33077231=2, 18936643=1, 16260782=6, 29428268=3, 28147649=1, 12969560=1, 28326500=7, 33016641=1, 11248106=2, 7173524=1, 14368001=3, 5924716=1, 18488009=4, 12395880=3, 4302796=2, 9350531=2, 8799909=1, 27400485=4, 3364762=1, 4201969=9, 19975203=1, 9524516=1, 19872312=3, 8675710=1, 2296015=3, 25745084=1, 7912534=2, 21095524=1, 9239366=1, 31336406=4, 21113131=4, 24795234=1, 28520727=3, 1013179=1, 15946938=1, 21246687=5, 15492104=1, 31178939=1, 9320365=4, 3818747=1, 23664750=3, 23068809=8, 21813685=1, 33458460=2, 4903383=1, 10737524=1, 2972835=1, 30310855=2, 10718321=2, 13047010=3, 6327760=2, 29711364=1, 3006148=1, 14569716=1, 7168413=1, 7365738=1, 16483609=2, 27772031=1, 26079985=1, 15260512=1, 10785257=2, 28126455=3, 31789181=3, 25844739=1, 29161017=1, 21291824=1, 10978869=2, 7103941=1, 7478801=4, 31578983=1, 3975777=2, 32897924=1, 32252512=5, 28833247=1, 31859896=4, 16362780=2, 30894825=1, 25426067=1, 31492233=2, 3290032=4, 20710940=5, 31611366=1, 18121459=2, 10072097=2, 13413803=2, 25788851=2, 23053728=1, 23220662=1, 11282572=5, 22948521=4, 17116775=3, 25219641=1, 3027916=4, 30298481=1, 12118547=1, 16827262=1, 30462502=1, 672736=1, 1571379=1, 633544=2, 2095759=1, 3434548=1, 20888347=2, 31718127=1, 23148458=3, 4437904=2, 22440711=1, 18513639=1, 26741062=6, 18079652=1, 32548393=2, 27255506=1, 22199761=2, 12584805=9, 12743060=1, 19028573=1, 7488434=1, 3528908=1, 13787150=1, 16346804=1, 9088786=2, 17690864=1, 5871264=2, 203290=3, 8440884=1, 30069215=1, 22022043=7, 14939229=1, 855378=3, 30387284=2, 1873664=2, 29410793=1, 5006384=1, 6292467=8, 32221330=2, 19083408=3, 16799755=1, 28235861=1, 10339497=1, 9108989=1, 30461518=1, 6428597=4, 4839446=1, 28943167=2, 31420877=1, 28925022=1, 6486888=1, 29589931=2, 13204486=1, 32999760=2, 17129908=1, 16796843=1, 9659306=1, 16328004=3, 18561373=3, 22647635=2, 13743999=2, 30458482=1, 12103933=2, 16233352=2, 5938561=2, 5710619=3, 4737948=1, 16639393=1, 6166567=4, 31857079=4, 4533489=3, 7508316=2, 20813075=2, 26409194=1, 15568558=2, 1492898=1, 10039069=3, 9787004=1, 5379413=4, 29281418=1, 6635932=1, 27369672=2, 3760346=1, 15984220=1, 809552=1, 8435527=2, 5179251=3, 30217820=3, 21678658=1, 21476218=2, 33540507=1, 3599756=1, 6582812=1, 20457259=6, 2705479=1, 18363573=6, 17240880=3, 18396003=2, 2115787=1, 21494494=1, 30289254=4, 2868969=1, 4120285=1, 18593812=2, 4174660=2, 2997052=2, 23045594=2, 14699847=1, 29484596=1, 25999127=2, 28861691=1, 32198920=1, 7840371=2, 10080602=1, 15653891=1, 30248740=2, 3642513=2, 13859365=1, 18662689=1, 19618283=1, 13570102=3, 5669125=2, 3222230=3, 6265098=2, 31455454=1, 12287293=1, 73293=3, 10651430=2, 6416091=1, 18938452=1, 31016135=1, 29482009=1, 24589923=3, 31849999=1, 11153300=4, 10742951=1, 25604657=2, 19537853=4, 9614537=2, 16762778=1, 25865705=2, 27384820=1, 30722771=1, 5989981=1, 8532027=4, 25490128=1, 9848558=1, 28623498=1, 16554583=2, 31564171=2, 17595255=1, 26736940=1, 30482857=3, 11569212=2, 23048583=2, 15441602=2, 5156073=2, 28783039=3, 3836801=2, 32872638=2, 6490225=3, 24299477=1, 8058243=1, 14565433=1, 7891463=1, 26458139=2, 15336114=4, 1478018=2, 589476=1, 11365478=1, 17648388=1, 18206323=1, 27084758=1, 4437624=2, 7560652=1, 19787814=1, 26178412=1, 7017303=3, 16846706=3, 15195557=1, 22924848=1, 25888556=3, 29161097=1, 21139148=2, 30491418=1, 10896791=1, 20130514=3, 26709725=2, 30038246=1, 13421765=1, 14290382=4, 6186326=1, 11819696=1, 31980401=1, 27687830=1, 32928682=1, 26628553=1, 9846806=1, 20960738=1, 33281079=1, 3318760=2, 17889862=1, 32709882=3, 2143153=2, 12919407=3, 14418049=5, 11847208=1, 17227939=1, 15179569=2, 17752548=1, 5002649=1, 1703227=1, 13980968=1, 27616260=1, 15538445=3, 10306034=1, 158824=1, 27454941=1, 15669084=3, 25454202=1, 2441700=1, 23993207=4, 18006550=1, 13209352=2, 24912256=5, 2265077=2, 25538950=2, 16515883=5, 18946745=3, 17306559=6, 8108063=2, 26671837=1, 28850073=6, 14793574=2, 10492545=8, 2658575=2, 11293518=1, 26379332=2, 29072463=2, 1487847=2, 8235337=2, 18185133=1, 29374589=9, 30966317=2, 2865604=2, 18669571=1, 3788542=1, 28875498=2, 17344492=2, 6552519=1, 12413126=1, 30519884=2, 7404784=1, 21863844=2, 28299184=1, 5092208=2, 2536281=2, 8715142=1, 6490162=3, 5521783=1, 31941493=1, 14134737=2, 18385980=2, 23898318=2, 16363713=2, 30719604=2, 31330875=4, 15261098=1, 31006403=3, 23950632=1, 17323918=1, 28669251=1, 17088571=1, 10825247=3, 10612335=1, 3329585=1, 33351089=1, 8287991=1, 30183654=2, 25883333=1, 24678827=2, 27812481=1, 27933226=4, 27654901=1, 19208194=3, 17436735=4, 24482099=2, 23590352=1, 13552656=1, 13018024=2, 9806441=2, 13033582=1, 3881958=3, 8218031=1, 19718914=1, 20225860=2, 13857652=1, 25767217=3, 21366383=4, 12545304=1, 32315879=3, 21298299=1, 29997717=2, 26493898=1, 28994899=1, 16758914=2, 33417461=1, 22092837=3, 14122614=1, 24604637=1, 7408747=3, 25492663=1, 6665076=2, 4610293=1, 26026387=3, 21392365=1, 5670807=2, 5059087=3, 21725365=2, 3626940=1, 13046154=3, 20427125=2, 13876489=2, 26089769=4, 878298=1, 5023189=2, 10640981=1, 31585208=1, 6984347=2, 13422190=1, 811851=1, 14869266=1, 1373698=1, 12036033=2, 7860310=1, 3339014=1, 25795352=2, 2902321=1, 1077537=1, 32740660=2, 24702744=1, 22185766=2, 25839693=1, 19737389=3, 14324180=2, 23323819=1, 24062693=3, 7233204=1, 24836152=1, 31421927=1, 8688809=2, 17313920=6, 31689665=2, 20138287=1, 20562489=1, 2239074=4, 9586971=1, 32912852=4, 7142380=1, 7465379=1, 3884170=1, 22069036=2, 10354357=1, 8452050=1, 28325819=7, 1576735=6, 5740168=2, 22654108=2, 27650169=1, 8599068=3, 3860538=1, 15789279=1, 25805530=1, 790183=5, 10437847=1, 14648257=2, 7484059=4, 8014159=1, 23586586=1, 26649064=2, 600842=3, 11739532=3, 11442332=2, 25622017=1, 20676247=1, 30140733=1, 6438505=4, 19176454=2, 19366391=2, 10390739=2, 3474924=3, 3377685=2, 20362950=2, 16982317=3, 11302593=1, 20042926=1, 7148951=3, 26070930=1, 2320030=1, 10152487=1, 1957603=1, 3973371=2, 9936136=2, 31444986=1, 31885734=2, 21251886=1, 12361296=2, 21537371=2, 803625=1, 14979000=2, 29505438=4, 23462956=4, 12242479=1, 24771861=1, 3954121=1, 19241512=2, 20174611=1, 19305187=2, 6325049=2, 3905049=2, 19787252=1, 4054245=1, 26899241=1, 13478638=2, 21008427=2, 24807767=2, 15185108=2, 17853213=1, 13117154=6, 18984532=2, 17031023=1, 28269640=1, 8154695=1, 11190630=1, 18185888=1, 21026350=1, 25544914=1, 8207004=3, 29720788=2, 15694532=1, 9969890=6, 4526222=3, 21305270=3, 14737668=1, 2281904=1, 5916690=1, 17926646=2, 22093532=3, 24114813=1, 20848322=4, 9522425=1, 29919415=2, 19936966=7, 17275732=2, 3446915=2, 21214531=2, 11974907=2, 21745905=1, 15496522=1, 6025315=1, 27604938=3, 33071873=2, 11504357=2, 17452654=1, 9916521=1, 16904527=1, 30578879=2, 9027426=2, 21351828=1, 5905150=4, 16137063=4, 2790377=2, 216963=1, 3293335=1, 1368020=1, 21481172=1, 30790994=1, 11886516=1, 17007847=2, 30272217=1, 27555550=1, 23334805=5, 507367=2, 3252911=2, 6283277=1, 25771275=3, 18513136=1, 8604248=1, 8279049=1, 31222548=1, 13937851=2, 32545455=2, 3420709=5, 32778645=5, 2751636=1, 11096547=1, 23420749=1, 26647300=2, 6425156=4, 25939525=1, 1417510=2, 7901577=2, 26655695=2, 16443778=1, 26544912=3, 28246397=3, 22759758=1, 8174444=2, 6891247=3, 25947715=1, 31197358=5, 32542287=2, 22388758=2, 29410039=1, 26733042=1, 33342019=1, 29505152=4, 7013981=3, 26505769=1, 28025468=2, 29682036=1, 17641102=3, 6411508=1, 17629923=3, 16309130=1, 19183394=2, 22258061=2, 599681=3, 6340939=1, 25586627=1, 10383898=1, 10462421=2, 19610286=3, 25819261=1, 17376209=3, 23917073=1, 10245584=1, 21419651=1, 21267355=2, 9864890=2, 19714260=1, 16542688=1, 1551248=2, 23197107=1, 28096569=2, 23810866=1, 23418199=1, 3620439=3, 24292056=2, 276213=5, 22736529=1, 11140905=1, 24526563=4, 24281916=2, 23548025=1, 22894253=1, 7368684=1, 20969327=1, 25801194=2, 7635837=2, 25213738=2, 24931857=1, 6584093=1, 14778622=2, 8646443=1, 12198816=4, 1477712=2, 21320065=1, 32425380=1, 15397009=1, 6903361=1, 13024122=2, 10268271=2, 13429816=1, 15216383=6, 4096710=2, 5680476=2, 16333372=3, 11512007=2, 3277046=4, 26276195=1, 32236574=1, 23631445=2, 4852977=4, 4200024=9, 990076=3, 9884162=1, 30054762=2, 14234831=3, 4264350=3, 24452539=3, 10149080=1, 28039490=1, 8988380=3, 23384072=1, 32201471=1, 25374223=3, 22611263=3, 26146555=1, 10716622=2, 6387302=1, 5826386=1, 14693680=8, 2401972=2, 31904492=1, 25584333=1, 17856697=1, 25985162=2, 21309218=3, 14665837=1, 16374482=1, 29525707=2, 23773487=1, 28505831=1, 12158239=2, 3719436=1, 933644=4, 29702209=3, 7428753=1, 24923527=1, 29895499=6, 4092344=1, 3300214=1, 20234602=1, 19099463=1, 29436429=3, 7273914=1, 25904766=1, 19883740=1, 4866458=1, 21199871=1, 14847232=2, 3186137=2, 24029165=2, 7314104=2, 11949039=1, 16062417=3, 12901729=1, 3850938=1, 5379721=4, 32726147=1, 33013841=1, 1750127=2, 17661587=1, 16608106=1, 1199711=1, 6671982=1, 4315682=1, 8197863=3, 30915734=2, 28679234=2, 22648385=2, 533948=6, 18894894=1, 21658648=1, 1730045=1, 26249640=2, 20558101=2, 22146134=1, 4829866=2, 16293073=2, 24433722=1, 18668287=1, 31313722=1, 3077805=1, 5131803=1, 8530812=4, 27884274=1, 11807950=5, 21135778=2, 26549182=3, 14951424=5, 9806322=2, 13529742=1, 17848884=1, 29370167=9, 26857426=1, 20726232=1, 26551362=3, 10214193=1, 29678103=1, 33345751=1, 13727573=1, 27587289=1, 19709959=1, 21424394=1, 6433036=4, 21644879=1, 315883=1, 32856952=1, 5971854=3, 5598046=1, 18635104=1, 28532538=1, 31201325=5, 12329289=5, 11048714=2, 21138070=2, 11259827=1, 19353532=1, 24454262=3, 5791538=1, 19591819=1, 3936736=5, 26789530=1, 14522483=2, 15508835=2, 31690849=2, 28621380=2, 33326442=2, 27489841=1, 13828760=3, 9193395=1, 16611618=1, 3328700=1, 11732515=3, 24766497=1, 25263136=1, 28940925=2, 16254931=6, 6231922=3, 16678311=1, 18790874=2, 9764528=1, 10336727=2, 32806396=2, 12160070=2, 9915509=1, 26801279=1, 14856403=2, 6495258=3, 29683167=1, 14326966=2, 8998090=1, 29565180=3, 8288703=1, 23307703=2, 27870104=1, 8563335=2, 1745546=2, 11568947=2, 14041983=1, 5689115=1, 25855402=2, 25686071=1, 13071353=1, 3552779=4, 26726904=1, 9060050=4, 27927377=4, 30735876=1, 12260709=3, 13766633=4, 13126547=1, 3390336=2, 26098852=4, 18683583=3, 30614704=3, 31379561=1, 16622601=2, 32613779=2, 5704446=3, 2599387=2, 4138095=3, 18229648=4, 26908690=2, 11174947=2, 6287129=1, 21679382=1, 17951223=1, 7331941=1, 25836729=4, 23156667=1, 25450860=1, 5793846=1, 19580935=1, 15219009=6, 5454827=3, 29809988=1, 17747241=1, 31268795=3, 31329671=4, 27328828=3]}>
	at org.apache.hadoop.hive.common.ndv.hll.TestHLLSerialization.testHLLSparseNoBitPackingHalfDistinct(TestHLLSerialization.java:168)
]]></failure>
  </testcase>
  <testcase name="testHLLDenseNoBitPackingHalfDistinct[6]" classname="org.apache.hadoop.hive.common.ndv.hll.TestHLLSerialization" time="0.062"/>
  <testcase name="testHLLDenseNoBitPacking[6]" classname="org.apache.hadoop.hive.common.ndv.hll.TestHLLSerialization" time="0.064"/>
  <testcase name="testHLLSparseSerialization[6]" classname="org.apache.hadoop.hive.common.ndv.hll.TestHLLSerialization" time="0.03"/>
  <testcase name="testHLLDenseSerialization[6]" classname="org.apache.hadoop.hive.common.ndv.hll.TestHLLSerialization" time="0.03"/>
  <testcase name="testHLLSparseSerializationHalfDistinct[6]" classname="org.apache.hadoop.hive.common.ndv.hll.TestHLLSerialization" time="0.064">
    <failure message="expected:&lt;...Prime: 6 register: {[7877681=6, 12534763=1, 26989254=1, 19714260=1, 27111481=2, 7273914=1, 31849999=1, 23413989=1, 31789181=3, 19630819=2, 11732515=3, 21766747=5, 350497=1, 6671982=1, 4096710=2, 3743137=3, 18013585=1, 31136612=3, 32928081=1, 21649459=1, 31420877=1, 6134962=2, 19445322=2, 20457259=6, 8435527=2, 10169496=3, 17197501=1, 29001081=2, 29262495=2, 25134647=2, 26853016=2, 3445967=2, 28306675=1, 16283255=1, 6428597=4, 8287991=1, 32089634=2, 29410039=1, 22963709=1, 19779884=1, 30298481=1, 21309218=3, 9076355=1, 25819261=1, 14869664=1, 10336727=2, 5670807=2, 9390897=1, 16137063=4, 32542287=2, 13422190=1, 12967658=1, 2296015=3, 2751636=1, 26789100=1, 29436429=3, 17097209=1, 13000373=1, 25805530=1, 5454827=3, 9989255=1, 29161017=1, 28520727=3, 15821960=1, 15397009=1, 22742325=3, 14389532=2, 33392158=2, 20575082=1, 16552599=2, 24568664=1, 8662=13, 22848036=2, 22471185=1, 32307561=1, 25865705=2, 18168803=3, 4850698=4, 26945891=3, 30719604=2, 29553742=1, 26948849=3, 25091884=1, 28246397=3, 14859069=2, 12350814=1, 28057554=5, 29853897=2, 26899241=1, 14786970=2, 4438276=2, 12320676=1, 7428753=1, 31379561=1, 24790713=1, 803625=1, 31732406=5, 3835084=2, 23319026=1, 67430=3, 9701257=5, 14565433=1, 10721485=2, 10677670=1, 22736268=1, 3905646=2, 16480780=1, 14222528=3, 10268271=2, 21416657=1, 23993207=4, 29428268=3, 17703533=4, 21164393=1, 1368020=1, 12625518=2, 22826162=1, 14955503=5, 18513639=1, 11132487=1, 9915509=1, 29720788=2, 10224489=5, 16710281=1, 13876489=2, 507367=2, 27885680=2, 3017272=4, 31904492=1, 20676247=1, 24931857=1, 20158642=2, 600842=3, 7465379=1, 23952850=1, 5710619=3, 16982317=3, 25218230=1, 29898151=6, 17747241=1, 10492545=8, 1014400=1, 7451253=2, 18709786=1, 13033582=1, 2368673=5, 3193612=2, 12809993=1, 22363432=3, 18065688=2, 30140733=1, 19618283=1, 10245584=1, 27894062=2, 25370222=3, 32033626=1, 29253745=1, 32612229=2, 2902321=1, 26458139=2, 28885888=1, 11857965=1, 19256626=1, 29482009=1, 7282959=3, 18296964=3, 11689812=1, 33310414=1, 27409257=4, 11630622=1, 32064441=1, 17461735=1, 25745084=1, 4265426=3, 19709959=1, 20601481=1, 10383898=1, 30245420=2, 19809275=1, 25454202=1, 4283818=1, 8108063=2, 4317001=1, 15295510=1, 32072602=1, 6495258=3, 32289619=2, 3451121=2, 7110270=1, 14750000=3, 29682036=1, 18491585=4, 9108989=1, 1643950=3, 11847208=1, 8090708=1, 10640981=1, 32747444=2, 16727343=3, 14040273=4, 884963=2, 9438773=7, 5029273=2, 30951786=1, 21863844=2, 31611366=1, 15746430=1, 6467041=2, 13284004=2, 15789279=1, 24260937=4, 7377976=2, 23045594=2, 29869730=1, 533948=6, 23120574=1, 30549030=4, 27328828=3, 21983326=1, 27183381=1, 3237913=1, 6540086=1, 31272320=3, 21139148=2, 18388367=2, 8142332=5, 24717761=3, 29505152=4, 1661674=1, 2866860=2, 12804544=1, 21859438=2, 5379721=4, 25686071=1, 31980401=1, 24795234=1, 33288310=1, 10454394=2, 31585208=1, 11293518=1, 5250170=7, 9027426=2, 33352406=1, 20941777=2, 5598046=1, 8799909=1, 8619990=2, 5754508=1, 25654631=1, 8966827=1, 27587289=1, 7051696=2, 7676535=3, 3377685=2, 17202129=1, 12268775=3, 26534467=1, 29830962=3, 2143153=2, 10110267=1, 8204384=3, 11802261=5, 21155842=1, 6976903=1, 21746733=1, 5226675=1, 29119060=1, 18040080=1, 9176251=5, 17452654=1, 10433636=3, 31253073=1, 11235475=1, 32559369=1, 32139645=1, 17859736=2, 4239522=2, 20558101=2, 3095299=3, 27288312=1, 9834845=4, 27392324=1, 12743060=1, 13483388=2, 5002649=1, 10098974=4, 21208287=2, 30134006=1, 23358979=1, 12681138=1, 22199377=2, 10052636=1, 878298=1, 17007847=2, 16614955=2, 29589931=2, 32252512=5, 21095524=1, 6658292=2, 14574711=1, 11282572=5, 10149080=1, 21420700=1, 29017635=1, 15690167=1, 1246529=3, 17848884=1, 16272132=1, 806511=1, 33044639=6, 27650008=1, 16254931=6, 23898318=2, 1750127=2, 15998670=5, 15260512=1, 8440884=1, 13160421=1, 5989981=1, 32835774=3, 30614704=3, 23810866=1, 5400669=1, 5092208=2, 8675710=1, 12158239=2, 31943195=1, 25580162=1, 1131554=1, 14840018=1, 17951223=1, 6966159=1, 7545166=3, 26493898=1, 9681905=2, 10479334=1, 6624812=3, 1897027=1, 32525268=1, 25883333=1, 23665323=3, 25676184=1, 31498675=2, 15766095=2, 24671074=1, 21745905=1, 1459877=1, 32535477=1, 18229648=4, 16887315=2, 24766497=1, 19183394=2, 18488009=4, 7499132=1, 28669604=1, 5085940=2, 11806112=5, 28679234=2, 23983960=1, 4526222=3, 24433722=1, 15741376=7, 9645922=3, 5297201=1, 30183654=2, 29141929=2, 2588327=1, 10685787=3, 1417510=2, 25140262=2, 12144244=1, 3222230=3, 11739532=3, 13046154=3, 19890305=2, 28400157=1, 21392365=1, 11268457=1, 16827762=1, 7804927=3, 12098225=2, 16483609=2, 32534868=1, 7891463=1, 478139=1, 5971854=3, 33254110=1, 10923351=2, 15656996=1, 23323819=1, 662194=4, 20570987=1, 216936=1, 13900875=5, 27802639=6, 7740835=4, 6810520=1, 31205180=5, 13552656=1, 9735424=2, 32642830=4, 20971445=1, 17282066=2, 16568818=1, 3070517=1, 14433865=5, 7581157=2, 9599568=1, 5813891=2, 31676478=1, 10388954=2, 14149550=1, 5131803=1, 22092837=3, 22792096=1, 28409266=1, 5556684=1, 30735876=1, 25270145=2, 25801194=2, 5961481=1, 17445125=4, 18006550=1, 19490233=1, 3402473=1, 18013020=1, 31006403=3, 5642187=4, 22915644=2, 16611618=1, 23152535=1, 26379332=2, 30387284=2, 23263317=1, 3836801=2, 495615=2, 4264350=3, 5908959=4, 28325819=7, 3364762=1, 22185766=2, 1866078=1, 6425156=4, 2669592=2, 26928030=1, 15048498=2, 25883685=1, 29478275=1, 16443778=1, 15653891=1, 25788851=2, 28096569=2, 19936966=7, 25343602=2, 28068401=1, 32545455=2, 23080943=8, 32823665=1, 1434605=1, 3905049=2, 2458531=2, 33165659=4, 11990907=1, 32808359=2, 32497258=1, 32520904=7, 8353316=1, 870366=1, 790183=5, 8715142=1, 840496=1, 30462502=1, 14625273=3, 23070361=8, 24452539=3, 13018024=2, 2658575=2, 1549953=2, 19831404=2, 7173524=1, 14234831=3, 8579301=1, 1970854=4, 24836152=1, 29895541=6, 7264236=1, 4839446=1, 7840371=2, 9246441=3, 6265098=2, 3496498=1, 5379413=4, 15918490=1, 15181452=2, 2969501=1, 21678658=1, 28858606=1, 20174611=1, 21351828=1, 12969560=1, 10039069=3, 12260709=3, 25882293=1, 23856236=5, 11096547=1, 6147256=1, 25622017=1, 3463259=1, 20771437=1, 3077805=1, 7017303=3, 16990254=1, 3420709=5, 14693680=8, 26047555=1, 27384820=1, 10595568=2, 6635932=1, 24461639=1, 16333372=3, 1771078=3, 21419651=1, 29809988=1, 2880677=1, 4575554=1, 18984532=2, 4161687=2, 28943167=2, 20456482=6, 9595828=1, 1372215=1, 24056673=3, 1295880=1, 16777913=11, 5023189=2, 18079652=1, 16681316=2, 21679382=1, 16799755=1, 1873664=2, 17313920=6, 33434591=4, 28191979=4, 18070562=2, 4533489=3, 5826386=1, 32025336=2, 3427116=1, 24679295=2, 7388325=2, 10193337=2, 26650866=2, 26941417=3, 20006598=1, 18894894=1, 31663252=3, 31492233=2, 16374888=1, 21366383=4, 26064606=2, 16337200=1, 17821798=1, 30310855=2, 15747512=1, 11505582=2, 1889080=1, 22209223=1, 27333959=3, 8458350=3, 23156667=1, 23220662=1, 29096948=1, 25145892=2, 10409639=1, 9586971=1, 809552=1, 12256938=3, 2037456=3, 10888039=4, 1956735=1, 4812895=1, 6584093=1, 335570=3, 13160095=1, 1765155=1, 23548025=1, 28362788=1, 5094524=2, 22444840=1, 5669125=2, 28740068=2, 28444456=4, 3252911=2, 8579024=1, 9350531=2, 691722=2, 10118791=1, 14013836=1, 6582812=1, 27727684=3, 27200966=3, 25761698=3, 15268921=1, 23163346=1, 22351846=3, 24513290=4, 18790874=2, 3027916=4, 17231018=1, 18173824=1, 18943457=3, 13744842=2, 22917393=2, 29682107=1, 4597003=4, 31885734=2, 27224383=1, 18669571=1, 8688809=2, 21302141=3, 24398036=1, 16654775=4, 27500555=2, 33267517=2, 13712185=3, 22857124=1, 29272563=2, 23533278=3, 18241357=1, 18420923=3, 32548393=2, 1038721=1, 17979387=1, 22320263=2, 3339014=1, 31670133=3, 13478638=2, 29428572=3, 5478133=2, 24410661=1, 24912256=5, 19037981=1, 22894253=1, 7710501=2, 4437624=2, 22388758=2, 30348657=3, 2705479=1, 2499784=4, 17205229=2, 11096023=1, 14939229=1, 8378199=1, 4140556=3, 32317726=3, 30246010=2, 1038607=1, 7103941=1, 2134511=2, 17332140=1, 417597=1, 15336114=4, 32109069=1, 24943588=2, 8607406=1, 8249649=1, 27927377=4, 24351483=2, 11310775=2, 19796060=4, 22611263=3, 31178939=1, 25398447=2, 6321678=1, 2865604=2, 27126499=1, 20848322=4, 24570644=1, 19537853=4, 14472167=1, 31511304=1, 26645156=2, 27604938=3, 21326149=1, 17648388=1, 26656905=1, 10943920=1, 1860860=1, 23690908=1, 11569212=2, 18185133=1, 15484495=1, 27849212=1, 13637320=7, 9421503=1, 2401972=2, 20744972=2, 30940156=6, 24476154=1, 28126455=3, 15219009=6, 33108915=3, 30519884=2, 10961145=1, 13051755=3, 25434380=5, 23112846=2, 6891247=3, 29161097=1, 14901648=1, 10855959=2, 19149379=5, 18513136=1, 27603677=3, 32565765=1, 22258815=2, 4370520=2, 7430725=1, 14041983=1, 14201973=2, 28808733=2, 6025315=1, 22736529=1, 6231922=3, 10437847=1, 25985162=2, 4422255=1, 28468351=1, 3975777=2, 13419786=1, 29388242=1, 26781100=2, 9602199=2, 20448057=6, 5271611=1, 28989434=1, 27179113=2, 3121702=2, 3216936=3, 10591484=2, 4054245=1, 30526032=1, 21285439=1, 11101372=1, 23463879=4, 15917915=1, 26736940=1, 11852060=1, 25745424=1, 24992707=1, 33204292=2, 31578983=1, 1063195=7, 3248182=2, 29702209=3, 20450018=6, 5214456=2, 27555550=1, 9220035=2, 24678827=2, 2929089=2, 28281753=2, 9891608=1, 17323918=1, 3486750=3, 12333201=5, 18593476=2, 25759910=3, 16650721=4, 31444986=1, 26655695=2, 17853213=1, 26551362=3, 14950099=5, 29468075=2, 24604637=1, 18938452=1, 11290105=1, 18755564=4, 31313722=1, 811851=1, 12113542=1, 516870=1, 16811345=2, 25888556=3, 29557081=3, 10742951=1, 23861474=5, 7538738=3, 20087761=2, 27452930=1, 8940129=1, 7420292=3, 5264774=1, 28254067=3, 14142168=1, 20071464=1, 15195557=1, 9231094=1, 2894543=5, 28710557=4, 6707423=1, 315883=1, 25825823=4, 27625701=2, 8014159=1, 17116775=3, 4674407=1, 9846806=1, 28783039=3, 28950942=1, 20337254=1, 7833961=2, 52624=1, 29370167=9, 13799555=2, 5341221=2, 6936587=1, 31222575=1, 31689665=2, 19466333=3, 19787252=1, 7148951=3, 3034637=1, 11153300=4, 28623498=1, 15131764=1, 30847022=2, 30305202=1, 14312678=1, 9787004=1, 9276741=2, 20408821=1, 15862743=4, 9763027=1, 4746647=1, 21135778=2, 32214209=2, 8203389=3, 9820600=1, 26386712=2, 19305187=2, 33351089=1, 4688260=2, 2308416=3, 32613779=2, 27772031=1, 33214684=1, 32675777=2, 21149216=2, 4351323=1, 7637571=2, 6665076=2, 32584230=3, 2756079=4, 2422815=1, 33493278=3, 15034131=1, 8168123=2, 25492384=1, 21388169=1, 29895499=6, 31455454=1, 191426=1, 2131387=2, 1357180=2, 12000460=3, 15216383=6, 33000724=2, 21214531=2, 33458460=2, 21275235=2, 4186863=1, 3186137=2, 1946816=2, 2228106=1, 8154695=1, 24299477=1, 14729854=1, 26198487=1, 21309762=3, 33410312=1, 22900267=1, 25829642=4, 3760346=1, 21172193=3, 4613029=1, 33326442=2, 24484404=2, 422657=1, 31966316=1, 25400411=2, 26863629=1, 25947715=1, 4928221=3, 7139920=1, 28940925=2, 19864529=3, 11048714=2, 22958892=1, 10139443=2, 8761111=2, 14071657=2, 10817568=3, 4829866=2, 24709622=3, 30491418=1, 2095759=1, 1898832=1, 12710127=1, 1835662=5, 788066=5, 18635104=1, 21138070=2, 20726232=1, 14778622=2, 30110855=1, 24531471=1, 27821513=2, 158824=1, 22146134=1, 10612335=1, 6287129=1, 8235337=2, 13529742=1, 24968148=1, 27610627=1, 9061108=1, 2320030=1, 21830532=3, 24029165=2, 10648701=1, 6166567=4, 17344284=2, 19808333=1, 13728624=1, 22199761=2, 30944193=6, 9806441=2, 31941493=1, 3936736=5, 30691718=1, 8310556=1, 23384072=1, 8452050=1, 16346804=1, 27170188=2, 30191269=2, 17086345=2, 10846658=2, 11838780=2, 19966565=2, 2997052=2, 21113131=4, 31718127=1, 11463708=1, 1850740=5, 18956070=3, 30915734=2, 589476=1, 25817234=1, 5938561=2, 23197107=1, 29172029=3, 21537371=2, 21026350=1, 29853176=2, 21008427=2, 834228=2, 13624405=1, 9088786=2, 19459594=1, 28203882=1, 12329289=5, 24384084=5, 24262360=4, 27205954=3, 21006338=2, 7404784=1, 16362780=2, 1745546=2, 5680476=2, 24711786=3, 2375399=5, 1164818=1, 2319261=1, 23460481=1, 20581141=4, 16671475=1, 21199871=1, 21175039=3, 28297883=1, 17752548=1, 15946938=1, 14749718=3, 32449417=3, 25450860=1, 7508316=2, 4085271=1, 13644062=7, 10303280=3, 19883740=1, 2735408=2, 2868969=1, 5156073=2, 10896791=1, 5565992=1, 14363186=3, 7863743=1, 25380775=1, 31804702=1, 25767217=3, 9799016=2, 28656939=1, 25584333=1, 2209883=2, 26376821=1, 15778490=1, 8145277=1, 28245836=1, 14648257=2, 14149650=1, 33056649=1, 5710182=3, 13069998=1, 10718321=2, 2680882=1, 32872638=2, 9936136=2, 22440711=1, 27650169=1, 14176175=1, 3687148=1, 28505210=1, 2441700=1, 4361866=2, 23663882=3, 23301762=2, 16486735=2, 23110513=2, 4707220=1, 4092344=1, 1556213=2, 32214252=2, 26733042=1, 9416778=2, 14793574=2, 23649999=1, 20035414=2, 18749373=4, 29408167=2, 20328770=4, 10879417=4, 29673102=1, 1337768=1, 10651430=2, 20921253=3, 25718893=1, 11725599=1, 14536798=1, 11842114=2, 4866458=1, 25771275=3, 28025468=2, 1884069=2, 27806663=1, 990076=3, 4201969=9, 12436281=1, 15238806=2, 988892=3, 17690864=1, 26926975=1, 28326500=7, 25554185=1, 2792020=2, 5989805=1, 10666364=1, 30734454=1, 7585059=2, 29484596=1, 7741368=4, 19099463=1, 6438505=4, 13421765=1, 10394179=2, 23048583=2, 17274874=2, 31564171=2, 16575088=1, 16827885=1, 13024122=2, 6452444=1, 16554583=2, 18959262=1, 13980968=1, 676485=1, 31252924=1, 27344633=3, 32912852=4, 12118547=1, 7560652=1, 6923080=2, 12395880=3, 18939554=1, 3022264=4, 30289254=4, 23826893=2, 11434684=1, 12393046=3, 22648385=2, 16027274=2, 25604657=2, 25538950=2, 9287669=2, 9242940=3, 7322315=2, 14711371=1, 22022043=7, 13413803=2, 31579520=1, 10226356=5, 25615113=1, 4200024=9, 27378480=1, 25603951=2, 11259827=1, 5871264=2, 18737681=1, 9085272=2, 14309348=1, 4283749=1, 28440121=1, 17595255=1, 9320365=4, 9130177=1, 12584805=9, 778945=1, 29551529=1, 24526563=4, 764183=2, 2536281=2, 33281176=1, 9791399=1, 8931807=1, 13583975=1, 22814926=5, 18206323=1, 10540434=1, 10354357=1, 2770418=1, 21567429=3, 269072=5, 6059945=1, 32945310=2, 11569032=2, 1013179=1, 15337393=4, 9193395=1, 19610286=3, 4138095=3, 32999760=2, 23005068=3, 28966879=1, 19507070=2, 15597405=1, 18561373=3, 12776871=1, 1003629=1, 27454941=1, 27201139=3, 26178412=1, 9640163=3, 20562489=1, 2646956=1, 14368001=3, 32923905=1, 31329671=4, 25490128=1, 22486491=3, 17240880=3, 32036064=1, 8207004=3, 6433036=4, 14016266=1, 10120271=1, 1582331=6, 21813685=1, 13926130=1, 7179006=2, 9454186=1, 25839693=1, 12413126=1, 20234602=1, 23586586=1, 29248006=1, 26726904=1, 14665837=1, 17344492=2, 30217820=3, 32425380=1, 29109682=5, 24472292=1, 31150947=1, 633544=2, 3403979=1, 27870104=1, 30248740=2, 8332984=3, 13828760=3, 10113697=1, 9614537=2, 15492104=1, 25150569=1, 8058243=1, 10737524=1, 18163629=3, 3709885=2, 23819431=1, 181610=1, 23341916=5, 30272217=1, 25831874=4, 8301409=2, 11568947=2, 15208820=6, 3277046=4, 21534227=2, 10192172=2, 15020653=3, 3390336=2, 7408747=3, 27939821=1, 5916690=1, 3446915=2, 13857652=1, 13126547=1, 25087794=1, 5157248=2, 15179569=2, 32695447=1, 1241065=1, 11604034=3, 32320927=3, 8218031=1, 148411=1, 23474363=4, 27185040=1, 20002290=3, 11758573=1, 20195241=5, 4852977=4, 13429816=1, 13081391=2, 1250283=3, 22839857=2, 15071813=1, 16450439=3, 534468=6, 24349623=2, 19028573=1, 9633695=1, 32731612=1, 24432836=1, 15568558=2, 15494830=1, 16124509=4, 29940060=1, 29683167=1, 15645111=2, 7233204=1, 8503495=1, 13720192=1, 17369825=3, 32143832=1, 1957603=1, 13209352=2, 9118805=3, 8753047=2, 26534183=1, 2541302=1, 203290=3, 8973027=1, 29410793=1, 8255017=1, 7058037=2, 26801279=1, 5523248=1, 17425877=1, 7932822=3, 4443469=1, 3365706=1, 7142380=1, 32740660=2, 16898309=1, 32056096=3, 4291549=1, 7654911=1, 7508588=2, 498711=2, 25426067=1, 5657909=1, 13936151=2, 1576735=6, 8197863=3, 4610293=1, 30945297=6, 19738296=3, 1730045=1, 23823796=2, 6903361=1, 8028604=2, 1623662=1, 15976828=1, 13565836=1, 20902874=1, 8530812=4, 16950491=2, 22258061=2, 27255506=1, 7365738=1, 22093532=3, 26079985=1, 31421927=1, 5704446=3, 5120675=4, 27060295=1, 746095=1, 23245552=2, 13071353=1, 17781019=1, 21889755=4, 11484110=3, 17333809=1, 22654108=2, 15694532=1, 18435307=1, 7484059=4, 30054762=2, 28039490=1, 12901729=1, 21272397=2, 25689774=1, 27100035=2, 32778645=5, 32246108=5, 25586627=1, 3310964=2, 5198417=1, 11724937=1, 31465143=8, 22563538=1, 25164794=1, 13046736=3, 10152487=1, 12199719=4, 3509155=2, 2697886=3, 23854067=1, 13342642=2, 25288205=1, 4314095=1, 15791256=1, 24445366=3, 21494494=1, 17801306=2, 29788291=2, 10727588=2, 11711709=2, 20613538=2, 8988380=3, 16374482=1, 18946745=3, 1722956=1, 32365878=1, 19000634=1, 25855402=2, 6387302=1, 27268285=8, 1571379=1, 11003070=1, 28994899=1, 28861691=1, 294417=1, 18659058=2, 17227939=1, 27489841=1, 32236574=1, 27059541=1, 21291824=1, 13249769=4, 17580913=1, 18987303=2, 13593447=1, 27293612=1, 19522553=1, 28235861=1, 20225860=2, 22598901=1, 14522483=2, 8539499=1, 6411508=1, 16846706=3, 9345761=2, 8790335=4, 28143269=1, 20426028=2, 16395339=4, 32809235=2, 30317760=2, 16870650=1, 29919415=2, 5791538=1, 7635837=2, 13047010=3, 31909015=1, 27713666=1, 21206848=2, 10785257=2, 31330875=4, 8802108=1, 30011071=1, 32806396=2, 28875498=2, 26886735=1, 25795352=2, 15418522=1, 14589905=2, 23590352=1, 16678311=1, 9320899=4, 16904527=1, 14122614=1, 11512007=2, 16827262=1, 12611796=1, 21634248=4, 28621380=2, 23773487=1, 27933226=4, 16293073=2, 5521783=1, 32856952=1, 24410903=1, 6120763=1, 32897924=1, 24482099=2, 16762778=1, 1166322=1, 11650368=1, 16643109=1, 21543075=2, 13663556=1, 31016135=1, 28752366=2, 26263911=1, 32221330=2, 31197358=5, 14158065=6, 14869266=1, 6088726=1, 29777509=1, 29013973=2, 17223073=1, 15489676=1, 1478018=2, 13570102=3, 22873225=3, 32612311=2, 30395603=1, 31690849=2, 23631445=2, 24079729=1, 2112064=8, 11140905=1, 16422611=2, 21822335=1, 3991587=1, 31227701=1, 19176454=2, 12909112=1, 10080602=1, 11369385=1, 28556636=2, 3405643=1, 23917073=1, 24807767=2, 27654901=1, 11807950=5, 3893031=1, 16291078=2, 20888347=2, 19591819=1, 16796843=1, 28299184=1, 31336406=4, 17636884=3, 17574255=5, 25027518=1, 21716778=1, 13855976=1, 31857079=4, 27078133=3, 28505831=1, 21644879=1, 17448126=4, 32690796=1, 11819696=1, 29807017=1, 13003486=1, 18431276=3, 3818747=1, 17129908=1, 28609469=2, 8283949=1, 30893179=1, 13697846=3, 4949951=2, 1866629=1, 334181=3, 16328004=3, 3719436=1, 23187290=1, 23493428=1, 11483073=3, 18480115=1, 22069036=2, 30353461=3, 20953527=2, 14951424=5, 32468394=1, 23623466=1, 18282678=1, 21305270=3, 30387241=2, 8409525=1, 18118830=1, 20969327=1, 30966317=2, 20970594=1, 26527501=1, 2175695=3, 20365725=1, 6256042=1, 25848394=1, 28603613=1, 26954219=1, 29565180=3, 33071873=2, 31903583=1, 17436735=4, 15206015=6, 27185261=1, 29471384=2, 6007188=2, 23664750=3, 16622601=2, 27764113=2, 6538710=1, 24999352=1, 9110565=3, 22068340=2, 5174626=1, 15508835=2, 2872989=1, 759942=2, 1914801=3, 32201471=1, 16534198=1, 1477712=2, 9953388=1, 16780673=11, 11669763=4, 3938380=5, 6490162=3, 18303109=1, 10691005=3, 12435897=1, 73293=3, 3617081=3, 16624677=2, 12026502=2, 24281916=2, 19936358=7, 19462732=1, 16515883=5, 25544914=1, 31049154=1, 7121235=2, 8283253=1, 22854399=2, 31716962=1, 19498049=2, 29153662=1, 27167984=2, 28461252=1, 3528908=1, 18921961=2, 10602320=1, 19246625=2, 1436514=1, 15669084=3, 21725365=2, 28147649=1, 3006148=1, 4219041=1, 28669251=1, 23676977=1, 30629896=1, 28780852=3, 8708089=1, 12919407=3, 8126950=5, 9205806=1, 21354584=1, 19700117=2, 1016410=2, 6030278=5, 1087293=2, 17641102=3, 16817643=2, 32411614=2, 9384940=3, 16608106=1, 3300214=1, 20868969=1, 11303744=1, 31679182=1, 16260782=6, 26671837=1, 31845298=1, 25836729=4, 21365364=4, 17889862=1, 33016641=1, 10306034=1, 11974907=2, 19978751=1, 11566723=1, 25262415=1, 21644028=1, 22064241=2, 6325049=2, 4353623=1, 6416091=1, 21267729=2, 7013981=3, 13265083=1, 17275732=2, 19042368=2, 2265077=2, 24589923=3, 20130514=3, 32085665=2, 9806322=2, 19580935=1, 24748237=2, 19048043=2, 20710940=5, 24713325=3, 16719749=3, 23420749=1, 1381610=3, 17856697=1, 32198920=1, 30616490=3, 8734993=1, 3010020=1, 25492663=1, 3788542=1, 22948521=4, 31163259=2, 26505769=1, 23307703=2, 10382234=1, 18173752=1, 7478801=4, 24405454=1, 3293335=1, 26371277=1, 22386801=2, 15441602=2, 25219641=1, 4174660=2, 17418670=1, 33342019=1, 23224382=1, 2239074=4, 1432404=1, 18281503=1, 27616260=1, 2178295=3, 7996768=4, 8563335=2, 19771021=2, 18455845=2, 10825247=3, 16467675=1, 19856081=1, 6220929=1, 13859365=1, 3321465=2, 3387474=2, 4120285=1, 13046954=3, 18923540=1, 28850073=6, 17296714=1, 30440352=1, 2790377=2, 21424394=1, 800616=5, 16639393=1, 24546939=2, 2429148=3, 25872000=1, 11337870=3, 16658067=4, 22316490=2, 16609009=1, 15807580=3, 25263136=1, 5746571=2, 7986521=1, 27882529=1, 11969425=2, 30461518=1, 26026387=3, 21046534=3, 18121459=2, 22069096=2, 23017791=3, 3939343=5, 9060050=4, 1216067=2, 3318014=2, 30790994=1, 12751894=2, 12545304=1, 25508375=3, 29997717=2, 15912631=1, 8599068=3, 5107017=1, 19208194=3, 10390739=2, 23088124=1, 3791007=1, 21840360=1, 9524516=1, 13117154=6, 14231219=3, 831936=2, 3567796=1, 21476218=2, 26249640=2, 6552519=1, 933644=4, 523859=1, 26649064=2, 12688145=2, 33434934=4, 27920434=4, 25711111=1, 1174736=1, 15185108=2, 26146555=1, 7331941=1, 6635657=1, 1116585=3, 12402680=3, 32789348=1, 9429590=1, 24510338=1, 20427125=2, 5762029=1, 29414681=1, 971739=1, 13216249=2, 2115787=1, 25638131=3, 31222548=1, 6138638=2, 7368684=1, 15831830=2, 26152299=3, 3474924=3, 17127668=1, 14737668=1, 1211585=1, 19938712=7, 17156027=1, 1406852=1, 33013841=1, 31235781=2, 12884515=2, 29627078=5, 3029940=4, 21251886=1, 4373912=2, 20464339=1, 15496522=1, 21488626=1, 17629923=3, 25096767=1, 14324180=2, 15864411=4, 9959220=1, 8992374=3, 19988327=1, 13743999=2, 9916521=1, 24327750=3, 27931552=4, 14569716=1, 32915821=1, 11146942=4, 9203677=1, 21548819=1, 8792975=4, 1919962=1, 26857426=1, 9143749=2, 2972835=1, 32726147=1, 14326966=2, 13959700=3, 16994809=1, 91948=1, 7548230=3, 25669594=2, 19787814=1, 28025650=2, 25585859=1, 12287293=1, 20362950=2, 23803508=3, 6931468=1, 6486888=1, 30532533=1, 19640552=2, 2599387=2, 14286523=1, 17490720=1, 8912454=1, 24733118=1, 25531329=2, 31408991=1, 5689115=1, 13858289=1, 2889604=5, 10423629=3, 8288703=1, 11185401=2, 28269640=1, 26224752=7, 25999127=2, 22855747=1, 18936643=1, 31227640=1, 3022194=4, 3328700=1, 16637666=1, 25939525=1, 1373698=1, 19821001=1, 3434548=1, 26628553=1, 24402607=1, 14056918=1, 32786095=1, 28279278=2, 28807070=2, 22613010=3, 23131307=1, 3973371=2, 31915469=1, 17607988=2, 17508945=3, 5006384=1, 17384563=1, 1492898=1, 12361296=2, 29711364=1, 33540507=1, 18668287=1, 26647300=2, 14685322=8, 32539107=2, 19682362=1, 28925022=1, 4020434=1, 4682884=1, 9104988=1, 27344250=3, 28564847=1, 31184804=1, 23364624=2, 30100982=1, 30805712=4, 29057152=1, 26276195=1, 18385980=2, 24923527=1, 30667002=1, 216963=1, 18683583=3, 17964840=4, 7296602=1, 24771861=1, 11504357=2, 17624703=1, 29281418=1, 23796128=3, 33072483=2, 4282231=1, 2335097=2, 33541781=1, 6132893=2, 25931343=2, 11174947=2, 5740168=2, 7860310=1, 18095311=5, 7901577=2, 10652299=2, 16616341=2, 12230974=2, 3360039=1, 28642607=3, 6156016=1, 15786393=1, 16572619=1, 31524391=3, 11246197=2, 27088238=1, 9864890=2, 7333019=1, 18055965=2, 26259201=2, 503407=2, 33417461=1, 30967607=2, 1828439=1, 14648867=2, 5924716=1, 17231817=1, 12198816=4, 5793846=1, 10716622=2, 31133075=3, 11949039=1, 18436446=1, 33077231=2, 19083408=3, 7264766=1, 16542688=1, 1954231=1, 6273423=2, 12024898=1, 32632583=1, 15984220=1, 13299691=1, 26947316=3, 9675346=2, 6011350=2, 3485961=3, 15652125=1, 29072463=2, 24367027=1, 20302872=1, 13787150=1, 24454262=3, 4413228=1, 26741062=6, 25921416=2, 24062693=3, 14699847=1, 23831708=2, 8313001=1, 15974334=2, 736431=3, 6186326=1, 32928682=1, 30820872=1, 31631120=2, 26730305=1, 31201325=5, 20938280=1, 24617562=2, 5187632=3, 13937851=2, 17926646=2, 28974246=4, 10336553=2, 13244358=4, 26709725=2, 11024639=6, 7826193=1, 15096189=1, 15608909=4, 9772395=3, 20576213=1, 29505438=4, 31745857=1, 25859540=2, 14122761=1, 31859896=4, 4737948=1, 21320065=1, 21534796=2, 13530020=1, 5179251=3, 17981657=1, 855378=3, 14471690=1, 17159925=1, 8256909=1, 47759=2, 20042926=1, 27884274=1, 28474075=1, 22647635=2, 8795839=4, 25617429=1, 31190965=1, 2161074=1, 10462421=2, 3860538=1, 9972381=6, 5584187=3, 4887496=2, 3307240=1, 9239366=1, 2783815=1, 13906542=5, 32090792=2, 29989466=2, 1794876=1, 29374589=9, 11125288=1, 24012843=1, 2281904=1, 6373677=1, 10172540=3, 29068224=2, 19695734=2, 22433369=1, 4179159=1, 672736=1, 32145550=2, 6327760=2, 30578879=2, 16062417=3, 9853414=1, 14106050=3, 24292056=2, 7912534=2, 28724198=1, 24585146=3, 4977763=1, 4922256=3, 31475619=1, 25374223=3, 14921799=2, 27720050=1, 229572=2, 9077140=2, 4302796=2, 32709882=3, 8279049=1, 30181043=2, 17139942=2, 6984347=2, 28706075=4, 8800084=1, 9969890=6, 23418199=1, 887194=2, 18593812=2, 21267355=2, 30149746=5, 24333225=1, 25101702=3, 30458482=1, 17031023=1, 4892119=2, 23426634=1, 20063632=4, 26906077=2, 31552749=1, 4121738=1, 16203433=3, 28389037=3, 14180159=1, 5662589=1, 9848558=1, 16758914=2, 5905150=4, 6612335=1, 29689864=3, 17661587=1, 27369672=2, 13931365=2, 23068809=8, 18784452=2, 7928350=1, 5059087=3, 1217723=2, 713247=1, 18220835=4, 23053728=1, 9764528=1, 4667983=3, 14979000=2, 21398864=2, 19737389=3, 6340939=1, 12103933=2, 599681=3, 8041641=2, 12701280=1, 9815255=1, 31871585=1, 19657645=1, 9450917=7, 21481172=1, 22594220=1, 14269004=2, 14047838=1, 28153266=2, 18678395=3, 23950632=1, 17306559=6, 2786425=2, 21246687=5, 3620439=3, 15564645=1, 20065285=4, 29007717=2, 20960738=1, 14952779=5, 774622=1, 18065546=2, 21213646=2, 26313356=2, 23334805=5, 23454318=1, 19975203=1, 3706595=2, 16793438=11, 13204486=1, 16823670=2, 4176326=2, 7939661=3, 3626940=1, 3954121=1, 26070930=1, 6372984=3, 25844739=1, 17701842=4, 12806734=1, 16261862=6, 27478278=1, 19778103=1, 12138124=3, 1487847=2, 10688054=3, 10988500=2, 26098852=4, 8532027=4, 25306220=4, 14917882=2, 21658648=1, 14147541=1, 12036033=2, 4849944=4, 11886516=1, 27809960=1, 22582332=2, 18396003=2, 20922851=1, 3318760=2, 27094144=1, 9554449=1, 4087997=1, 31308837=2, 25904766=1, 8261157=4, 12242479=1, 614519=1, 11908114=2, 1703227=1, 22894968=1, 8872793=1, 118057=1, 4451728=1, 27666898=4, 27408290=4, 28937933=2, 14290382=4]}&gt; but was:&lt;...Prime: 6 register: {[3427116=1, 4291549=1, 12260709=3, 8126950=5, 3939343=5, 1889080=1, 20970594=1, 19462732=1, 6088726=1, 16534198=1, 17306559=6, 14901648=1, 27927377=4, 2783815=1, 25825823=4, 17636884=3, 28025650=2, 12584805=9, 14290382=4, 18480115=1, 21175039=3, 25134647=2, 759942=2, 10390739=2, 764183=2, 29895541=6, 26647300=2, 23831708=2, 10409639=1, 33071873=2, 31966316=1, 31885734=2, 13413803=2, 32449417=3, 13249769=4, 11003070=1, 8579301=1, 32520904=7, 516870=1, 6186326=1, 17821798=1, 15185108=2, 31980401=1, 25101702=3, 4443469=1, 736431=3, 10652299=2, 1241065=1, 3402473=1, 22146134=1, 19610286=3, 6166567=4, 8142332=5, 6025315=1, 7148951=3, 17205229=2, 158824=1, 9104988=1, 23663882=3, 8279049=1, 8675710=1, 20408821=1, 23590352=1, 4020434=1, 1549953=2, 24546939=2, 24679295=2, 15786393=1, 1434605=1, 806511=1, 20562489=1, 12320676=1, 14368001=3, 10462421=2, 31552749=1, 17448126=4, 3029940=4, 11842114=2, 25686071=1, 6007188=2, 26224752=7, 6265098=2, 17607988=2, 9846806=1, 12242479=1, 17344492=2, 31205180=5, 6936587=1, 14147541=1, 16552599=2, 17007847=2, 887194=2, 25795352=2, 5521783=1, 4361866=2, 25689774=1, 25676184=1, 25604657=2, 27185261=1, 24384084=5, 27268285=8, 10540434=1, 23358979=1, 1216067=2, 9953388=1, 11569032=2, 6147256=1, 5214456=2, 13046154=3, 27806663=1, 18959262=1, 32999760=2, 25883333=1, 27078133=3, 9220035=2, 8204384=3, 27344250=3, 2209883=2, 834228=2, 29830962=3, 4302796=2, 21008427=2, 988892=3, 30387241=2, 14286523=1, 30578879=2, 12967658=1, 4120285=1, 23950632=1, 18282678=1, 29711364=1, 22854399=2, 17296714=1, 15295510=1, 23420749=1, 21155842=1, 28444456=4, 2669592=2, 5908959=4, 10855959=2, 21046534=3, 22792096=1, 27650169=1, 18784452=2, 12098225=2, 28556636=2, 599681=3, 11504357=2, 6428597=4, 28885888=1, 27333959=3, 23341916=5, 25270145=2, 26947316=3, 27555550=1, 32056096=3, 14917882=2, 13637320=7, 4526222=3, 15778490=1, 10742951=1, 28808733=2, 2889604=5, 10716622=2, 14040273=4, 31732406=5, 23649999=1, 5826386=1, 11949039=1, 23426634=1, 20130514=3, 21813685=1, 15181452=2, 14869266=1, 21309218=3, 30820872=1, 8912454=1, 13565836=1, 21840360=1, 16254931=6, 2319261=1, 27200966=3, 26527501=1, 22064241=2, 28299184=1, 16450439=3, 29410793=1, 23110513=2, 3006148=1, 19537853=4, 31690849=2, 33351089=1, 13799555=2, 15441602=2, 1164818=1, 24604637=1, 3451121=2, 12435897=1, 19682362=1, 29627078=5, 12688145=2, 5871264=2, 18491585=4, 32289619=2, 7860310=1, 8539499=1, 25027518=1, 14176175=1, 31330875=4, 4283749=1, 28943167=2, 4314095=1, 20888347=2, 2929089=2, 672736=1, 5670807=2, 18296964=3, 24943588=2, 30719604=2, 28474075=1, 29414681=1, 713247=1, 32201471=1, 20710940=5, 11463708=1, 15946938=1, 17889862=1, 27625701=2, 17848884=1, 21537371=2, 12743060=1, 25985162=2, 24617562=2, 5710619=3, 8799909=1, 30549030=4, 11806112=5, 335570=3, 2792020=2, 33541781=1, 73293=3, 11669763=4, 30847022=2, 17752548=1, 4174660=2, 32778645=5, 6132893=2, 8058243=1, 9815255=1, 23664750=3, 23112846=2, 25865705=2, 21746733=1, 9701257=5, 11140905=1, 1850740=5, 18921961=2, 3318760=2, 26249640=2, 15034131=1, 22839857=2, 4928221=3, 20457259=6, 8688809=2, 27094144=1, 23665323=3, 15998670=5, 2872989=1, 5710182=3, 17197501=1, 4610293=1, 26313356=2, 11101372=1, 18079652=1, 4161687=2, 29172029=3, 7368684=1, 6059945=1, 29940060=1, 3405643=1, 22963709=1, 20922851=1, 8283253=1, 10306034=1, 7233204=1, 31444986=1, 22563538=1, 13003486=1, 27369672=2, 25262415=1, 31336406=4, 14699847=1, 18385980=2, 25999127=2, 10354357=1, 32897924=1, 10193337=2, 7428753=1, 32835774=3, 30461518=1, 3975777=2, 11483073=3, 10169496=3, 8872793=1, 9416778=2, 2308416=3, 19208194=3, 13570102=3, 30100982=1, 22069036=2, 3022264=4, 23088124=1, 21251886=1, 4746647=1, 8255017=1, 12000460=3, 31222548=1, 28400157=1, 67430=3, 16203433=3, 20726232=1, 3216936=3, 14149550=1, 9061108=1, 25426067=1, 5379721=4, 30305202=1, 26948849=3, 10727588=2, 21649459=1, 3390336=2, 32808359=2, 11689812=1, 5662589=1, 27059541=1, 15216383=6, 11369385=1, 6387302=1, 31804702=1, 29281418=1, 2658575=2, 25831874=4, 12710127=1, 32613779=2, 21419651=1, 7179006=2, 9675346=2, 19246625=2, 17461735=1, 19771021=2, 5006384=1, 29683167=1, 10039069=3, 31308837=2, 18281503=1, 30940156=6, 13857652=1, 21291824=1, 30614704=3, 31475619=1, 2705479=1, 13712185=3, 22736529=1, 31049154=1, 6011350=2, 3077805=1, 9972381=6, 27201139=3, 22826162=1, 14589905=2, 12625518=2, 9735424=2, 6495258=3, 7121235=2, 21275235=2, 14389532=2, 13024122=2, 20601481=1, 19779884=1, 2239074=4, 25718893=1, 19507070=2, 12884515=2, 13204486=1, 18388367=2, 22316490=2, 22351846=3, 5961481=1, 29673102=1, 25398447=2, 21716778=1, 181610=1, 15766095=2, 1459877=1, 26709725=2, 3252911=2, 24923527=1, 18668287=1, 24482099=2, 23068809=8, 10433636=3, 10896791=1, 1898832=1, 7508316=2, 25761698=3, 16671475=1, 27654901=1, 6486888=1, 31465143=8, 31253073=1, 25931343=2, 1730045=1, 15268921=1, 9848558=1, 21164393=1, 25622017=1, 7051696=2, 19459594=1, 32089634=2, 26941417=3, 20042926=1, 12287293=1, 9640163=3, 5989981=1, 25819261=1, 91948=1, 16609009=1, 21139148=2, 12919407=3, 14693680=8, 691722=2, 31150947=1, 9287669=2, 26152299=3, 14955503=5, 1576735=6, 24807767=2, 16681316=2, 5264774=1, 31313722=1, 2536281=2, 4186863=1, 25374223=3, 28603613=1, 13419786=1, 27205954=3, 23364624=2, 26371277=1, 18678395=3, 1014400=1, 18065546=2, 7296602=1, 12395880=3, 22444840=1, 12329289=5, 4674407=1, 19042368=2, 803625=1, 23493428=1, 18006550=1, 24589923=3, 15508835=2, 19796060=4, 9231094=1, 800616=5, 32090792=2, 21567429=3, 26906077=2, 10785257=2, 29682107=1, 32642830=4, 6120763=1, 11096023=1, 12701280=1, 24410661=1, 31252924=1, 12611796=1, 31611366=1, 21725365=2, 10388954=2, 19709959=1, 30248740=2, 11724937=1, 1478018=2, 11569212=2, 23005068=3, 31201325=5, 31670133=3, 29482009=1, 4437624=2, 21481172=1, 16777913=11, 27603677=3, 5746571=2, 503407=2, 8090708=1, 10677670=1, 4282231=1, 7508588=2, 30519884=2, 9763027=1, 22742325=3, 13126547=1, 28724198=1, 3300214=1, 1038607=1, 33352406=1, 8409525=1, 21830532=3, 26098852=4, 6931468=1, 12402680=3, 19083408=3, 32690796=1, 28850073=6, 3318014=2, 870366=1, 2756079=4, 29505438=4, 16027274=2, 32539107=2, 17661587=1, 6030278=5, 3991587=1, 18593476=2, 26198487=1, 23773487=1, 2401972=2, 4849944=4, 18984532=2, 4852977=4, 28235861=1, 4949951=2, 31227640=1, 25263136=1, 16362780=2, 28269640=1, 4977763=1, 28642607=3, 9110565=3, 26730305=1, 18185133=1, 29161097=1, 26649064=2, 13051755=3, 21983326=1, 10226356=5, 32565765=1, 1038721=1, 21302141=3, 21678658=1, 12413126=1, 29428572=3, 29720788=2, 22648385=2, 1571379=1, 30491418=1, 20195241=5, 21272397=2, 8753047=2, 9246441=3, 12361296=2, 20848322=4, 10492545=8, 26146555=1, 14471690=1, 16293073=2, 19183394=2, 13342642=2, 19445322=2, 2320030=1, 16616341=2, 33493278=3, 25711111=1, 20302872=1, 31016135=1, 7365738=1, 3905049=2, 31511304=1, 3420709=5, 16780673=11, 7912534=2, 28783039=3, 21488626=1, 32928682=1, 29989466=2, 18987303=2, 25343602=2, 4533489=3, 23197107=1, 3377685=2, 3365706=1, 19591819=1, 3709885=2, 269072=5, 13926130=1, 23623466=1, 533948=6, 31492233=2, 9345761=2, 9384940=3, 4370520=2, 31745857=1, 14071657=2, 14234831=3, 14312678=1, 30353461=3, 16994809=1, 4597003=4, 3485961=3, 32320927=3, 29410039=1, 29068224=2, 16727343=3, 9524516=1, 52624=1, 5400669=1, 18593812=2, 13624405=1, 23631445=2, 13728624=1, 24410903=1, 2131387=2, 13552656=1, 990076=3, 15789279=1, 1828439=1, 790183=5, 8973027=1, 4096710=2, 25836729=4, 7333019=1, 31163259=2, 25859540=2, 28937933=2, 31689665=2, 6891247=3, 3321465=2, 21365364=4, 1016410=2, 9806441=2, 29471384=2, 8154695=1, 22199761=2, 9088786=2, 25380775=1, 1432404=1, 18737681=1, 32731612=1, 6134962=2, 18013020=1, 11434684=1, 28025468=2, 16823670=2, 9454186=1, 2441700=1, 7499132=1, 4422255=1, 29565180=3, 23861474=5, 17445125=4, 2335097=2, 10268271=2, 13160421=1, 27764113=2, 21172193=3, 12036033=2, 4887496=2, 6490162=3, 13284004=2, 6966159=1, 31943195=1, 2175695=3, 21863844=2, 26645156=2, 23224382=1, 15690167=1, 17097209=1, 14180159=1, 16982317=3, 10152487=1, 27060295=1, 27088238=1, 26276195=1, 32143832=1, 10943920=1, 24526563=4, 23152535=1, 9853414=1, 31849999=1, 1771078=3, 20558101=2, 10336553=2, 33000724=2, 20002290=3, 16762778=1, 23952850=1, 4922256=3, 23156667=1, 14472167=1, 15974334=2, 18118830=1, 24992707=1, 28520727=3, 6584093=1, 30395603=1, 33281176=1, 1063195=7, 27126499=1, 26736940=1, 17690864=1, 27720050=1, 19256626=1, 14711371=1, 20613538=2, 10080602=1, 30110855=1, 27179113=2, 29682036=1, 27185040=1, 20337254=1, 31904492=1, 27931552=4, 16261862=6, 14222528=3, 9077140=2, 12103933=2, 28461252=1, 17418670=1, 30310855=2, 9772395=3, 10110267=1, 25801194=2, 11990907=1, 29589931=2, 20868969=1, 31578983=1, 5271611=1, 16124509=4, 33540507=1, 15484495=1, 24405454=1, 28468351=1, 23323819=1, 13858289=1, 6635657=1, 10602320=1, 2296015=3, 5131803=1, 31564171=2, 5642187=4, 16483609=2, 14142168=1, 24292056=2, 15096189=1, 19037981=1, 18943457=3, 23796128=3, 8310556=1, 19099463=1, 23898318=2, 9614537=2, 13081391=2, 31455454=1, 26801279=1, 11235475=1, 5157248=2, 6433036=4, 15912631=1, 26458139=2, 15694532=1, 33410312=1, 25947715=1, 6321678=1, 10383898=1, 16283255=1, 24912256=5, 12113542=1, 1661674=1, 8715142=1, 13000373=1, 24585146=3, 24281916=2, 28126455=3, 25450860=1, 8579024=1, 3626940=1, 9130177=1, 8563335=2, 19580935=1, 31420877=1, 32317726=3, 32236574=1, 26070930=1, 14056918=1, 6220929=1, 21320065=1, 24484404=2, 3339014=1, 19149379=5, 31915469=1, 32928081=1, 24398036=1, 3706595=2, 22948521=4, 28706075=4, 14149650=1, 20969327=1, 11969425=2, 3070517=1, 21095524=1, 15206015=6, 2868969=1, 29853176=2, 20448057=6, 25872000=1, 3445967=2, 22958892=1, 29109682=5, 22855747=1, 6582812=1, 15489676=1, 9864890=2, 8619990=2, 13936151=2, 15864411=4, 30966317=2, 24531471=1, 17129908=1, 25882293=1, 24476154=1, 16608106=1, 30217820=3, 25580162=1, 10685787=3, 24968148=1, 28362788=1, 2541302=1, 25306220=4, 33165659=4, 28440121=1, 29013973=2, 17490720=1, 5598046=1, 28780852=3, 8313001=1, 16817643=2, 1013179=1, 2265077=2, 5341221=2, 18683583=3, 33077231=2, 30526032=1, 17384563=1, 22440711=1, 31006403=3, 29408167=2, 7273914=1, 17629923=3, 21285439=1, 14201973=2, 495615=2, 14750000=3, 32025336=2, 13937851=2, 30317760=2, 6540086=1, 25150569=1, 25839693=1, 23070361=8, 7404784=1, 8452050=1, 25855402=2, 5657909=1, 19936358=7, 23245552=2, 3403979=1, 2095759=1, 15337393=4, 7484059=4, 33326442=2, 27170188=2, 417597=1, 3760346=1, 27604938=3, 11048714=2, 25585859=1, 600842=3, 4451728=1, 30893179=1, 23413989=1, 30735876=1, 13209352=2, 17856697=1, 24678827=2, 1003629=1, 3496498=1, 16710281=1, 12138124=3, 21135778=2, 2646956=1, 3293335=1, 25492384=1, 4140556=3, 20771437=1, 4264350=3, 19048043=2, 10691005=3, 13720192=1, 18561373=3, 20581141=4, 27409257=4, 7740835=4, 17031023=1, 11505582=2, 30667002=1, 5740168=2, 9450917=7, 24711786=3, 21889755=4, 8966827=1, 29997717=2, 19305187=2, 1116585=3, 21745905=1, 12969560=1, 11246197=2, 32789348=1, 8931807=1, 2894543=5, 5107017=1, 9108989=1, 1368020=1, 14979000=2, 18055965=2, 23856236=5, 31190965=1, 7545166=3, 18163629=3, 33288310=1, 6658292=2, 22848036=2, 26551362=3, 28143269=1, 30440352=1, 20902874=1, 15653891=1, 18635104=1, 13421765=1, 28875498=2, 18939554=1, 21138070=2, 13743999=2, 33458460=2, 7901577=2, 14952779=5, 6903361=1, 19630819=2, 25538950=2, 6635932=1, 17086345=2, 7804927=3, 27183381=1, 28621380=2, 10888039=4, 31676478=1, 15336114=4, 31524391=3, 3567796=1, 21534227=2, 14326966=2, 23983960=1, 10118791=1, 32033626=1, 30458482=1, 21006338=2, 27849212=1, 29141929=2, 3617081=3, 5226675=1, 19700117=2, 3818747=1, 26650866=2, 7986521=1, 17701842=4, 933644=4, 9959220=1, 4737948=1, 26741062=6, 17508945=3, 8662=13, 14786970=2, 24445366=3, 27392324=1, 29272563=2, 1166322=1, 31222575=1, 8261157=4, 26376821=1, 31178939=1, 30945297=6, 23917073=1, 23823796=2, 26656905=1, 788066=5, 9645922=3, 13859365=1, 5297201=1, 10149080=1, 32747444=2, 17231018=1, 1765155=1, 12909112=1, 20575082=1, 26928030=1, 14536798=1, 18513136=1, 28669604=1, 1406852=1, 2143153=2, 18013585=1, 4812895=1, 22900267=1, 29919415=2, 25615113=1, 14016266=1, 14309348=1, 2588327=1, 1956735=1, 10120271=1, 22093532=3, 16658067=4, 13071353=1, 6671982=1, 7377976=2, 29388242=1, 22736268=1, 31579520=1, 4353623=1, 15496522=1, 29096948=1, 1250283=3, 32912852=4, 33254110=1, 26628553=1, 3687148=1, 32535477=1, 1794876=1, 24333225=1, 14869664=1, 30054762=2, 33056649=1, 26863629=1, 25288205=1, 21822335=1, 32468394=1, 32915821=1, 31421927=1, 3360039=1, 216963=1, 20174611=1, 7932822=3, 29689864=3, 21644879=1, 15821960=1, 11303744=1, 21206848=2, 12776871=1, 13299691=1, 17648388=1, 21392365=1, 32584230=3, 28679234=2, 7877681=6, 32246108=5, 31498675=2, 28505210=1, 2228106=1, 9599568=1, 15397009=1, 11852060=1, 17781019=1, 676485=1, 1087293=2, 25096767=1, 26954219=1, 5085940=2, 18790874=2, 16870650=1, 23826893=2, 24452539=3, 22022043=7, 26064606=2, 25492663=1, 28306675=1, 31909015=1, 5094524=2, 29553742=1, 16637666=1, 12809993=1, 19883740=1, 33072483=2, 6984347=2, 32806396=2, 30629896=1, 5762029=1, 33108915=3, 8761111=2, 24931857=1, 12144244=1, 13697846=3, 16904527=1, 23080943=8, 20225860=2, 12350814=1, 5584187=3, 14951424=5, 21476218=2, 19809275=1, 1417510=2, 18513639=1, 14778622=2, 9076355=1, 25219641=1, 28807070=2, 24709622=3, 13244358=4, 32064441=1, 19978751=1, 18173752=1, 20570987=1, 13069998=1, 24513290=4, 7264236=1, 23334805=5, 7863743=1, 11974907=2, 28203882=1, 3121702=2, 11650368=1, 6138638=2, 21416657=1, 30944193=6, 24570644=1, 10879417=4, 29153662=1, 2037456=3, 8790335=4, 3222230=3, 9834845=4, 22894968=1, 23586586=1, 10591484=2, 10988500=2, 8014159=1, 9429590=1, 11711709=2, 9390897=1, 32545455=2, 884963=2, 18420923=3, 14840018=1, 17323918=1, 32709882=3, 32612229=2, 33267517=2, 9085272=2, 17116775=3, 32036064=1, 4138095=3, 16554583=2, 28656939=1, 27870104=1, 10139443=2, 32726147=1, 26493898=1, 23993207=4, 9820600=1, 1866629=1, 25531329=2, 22258815=2, 28925022=1, 24062693=3, 13959700=3, 24402607=1, 28057554=5, 11908114=2, 10923351=2, 12806734=1, 31184804=1, 25745084=1, 14565433=1, 10651430=2, 30140733=1, 25638131=3, 16811345=2, 3027916=4, 8288703=1, 21679382=1, 1957603=1, 2866860=2, 20938280=1, 23263317=1, 23819431=1, 9787004=1, 16374482=1, 7465379=1, 6373677=1, 18435307=1, 29777509=1, 1884069=2, 13047010=3, 16137063=4, 11310775=2, 13828760=3, 10437847=1, 9203677=1, 1357180=2, 32809235=2, 18220835=4, 21246687=5, 28389037=3, 2865604=2, 10224489=5, 5689115=1, 18669571=1, 21644028=1, 7833961=2, 28710557=4, 21354584=1, 8235337=2, 25554185=1, 27713666=1, 1174736=1, 15918490=1, 11758573=1, 4054245=1, 15976828=1, 11153300=4, 1582331=6, 5379413=4, 8440884=1, 26026387=3, 11146942=4, 14269004=2, 12436281=1, 6416091=1, 24351483=2, 15746430=1, 27408290=4, 16643109=1, 23120574=1, 22582332=2, 23307703=2, 6552519=1, 294417=1, 12026502=2, 2902321=1, 13529742=1, 3486750=3, 25218230=1, 31272320=3, 30462502=1, 19778103=1, 5156073=2, 19176454=2, 16624677=2, 13876489=2, 25844739=1, 22647635=2, 4239522=2, 27650008=1, 19000634=1, 11132487=1, 6372984=3, 25805530=1, 9554449=1, 9915509=1, 13980968=1, 7142380=1, 21113131=4, 22092837=3, 8530812=4, 31235781=2, 30805712=4, 28623498=1, 21494494=1, 8800084=1, 10817568=3, 22388758=2, 11484110=3, 17951223=1, 15652125=1, 8168123=2, 7654911=1, 2751636=1, 32695447=1, 3328700=1, 1436514=1, 27452930=1, 14793574=2, 5754508=1, 30134006=1, 11630622=1, 10245584=1, 11886516=1, 4688260=2, 12158239=2, 13787150=1, 12751894=2, 28039490=1, 32221330=2, 28281753=2, 774622=1, 23854067=1, 17282066=2, 33434591=4, 17641102=3, 17202129=1, 4839446=1, 10688054=3, 5971854=3, 10640981=1, 4200024=9, 22654108=2, 27616260=1, 13483388=2, 11185401=2, 5029273=2, 8992374=3, 26733042=1, 11290105=1, 29007717=2, 4829866=2, 19808333=1, 13046736=3, 4176326=2, 30915734=2, 13429816=1, 14625273=3, 32548393=2, 26079985=1, 229572=2, 10479334=1, 13900875=5, 2375399=5, 32365878=1, 32675777=2, 24327750=3, 32612311=2, 3387474=2, 19787252=1, 26655695=2, 6273423=2, 18938452=1, 3010020=1, 31789181=3, 19522553=1, 29895499=6, 29557081=3, 20362950=2, 16374888=1, 14122761=1, 7139920=1, 3791007=1, 17223073=1, 19831404=2, 1131554=1, 21420700=1, 21634248=4, 30245420=2, 16654775=4, 29370167=9, 6231922=3, 15831830=2, 9276741=2, 971739=1, 27885680=2, 19966565=2, 24056673=3, 18173824=1, 25544914=1, 2735408=2, 17964840=4, 14737668=1, 8795839=4, 28505831=1, 13117154=6, 20953527=2, 21351828=1, 422657=1, 7388325=2, 26505769=1, 3034637=1, 13530020=1, 523859=1, 24733118=1, 21859438=2, 15260512=1, 21326149=1, 1745546=2, 33310414=1, 25767217=3, 1372215=1, 19695734=2, 26263911=1, 15984220=1, 28861691=1, 11847208=1, 20921253=3, 32945310=2, 25829642=4, 31631120=2, 14041983=1, 32425380=1, 831936=2, 12393046=3, 21388169=1, 26857426=1, 32109069=1, 778945=1, 3954121=1, 21305270=3, 31197358=5, 3938380=5, 27344633=3, 3836801=2, 15564645=1, 17156027=1, 14231219=3, 7635837=2, 27288312=1, 2680882=1, 2880677=1, 27666898=4, 6923080=2, 8256909=1, 16614955=2, 23454318=1, 203290=3, 12804544=1, 14122614=1, 10595568=2, 24999352=1, 32072602=1, 5179251=3, 19890305=2, 28858606=1, 8145277=1, 22814926=5, 8332984=3, 17274874=2, 5905150=4, 20941777=2, 31718127=1, 1337768=1, 4850698=4, 26671837=1, 28147649=1, 16515883=5, 18755564=4, 8197863=3, 16542688=1, 10303280=3, 15208820=6, 9969890=6, 15238806=2, 33016641=1, 12024898=1, 31136612=3, 1381610=3, 16827885=1, 16291078=2, 9027426=2, 8207004=3, 8435527=2, 5523248=1, 31716962=1, 2134511=2, 33013841=1, 30149746=5, 5704446=3, 26899241=1, 8599068=3, 4373912=2, 22894253=1, 1295880=1, 27894062=2, 16796843=1, 16719749=3, 32542287=2, 25883685=1, 23676977=1, 28254067=3, 19988327=1, 28940925=2, 17574255=5, 28326500=7, 3446915=2, 10394179=2, 17313920=6, 13906542=5, 12198816=4, 3509155=2, 5813891=2, 4201969=9, 29161017=1, 22433369=1, 662194=4, 22209223=1, 3528908=1, 15020653=3, 5680476=2, 9320365=4, 8028604=2, 3905646=2, 1703227=1, 27478278=1, 3743137=3, 6624812=3, 14047838=1, 22486491=3, 20087761=2, 32252512=5, 18040080=1, 10612335=1, 28191979=4, 28325819=7, 33417461=1, 14665837=1, 8988380=3, 23463879=4, 26853016=2, 17853213=1, 7264766=1, 24454262=3, 5924716=1, 18121459=2, 5478133=2, 32559369=1, 13583975=1, 22917393=2, 4707220=1, 498711=2, 10336727=2, 28279278=2, 5187632=3, 30387284=2, 17159925=1, 11566723=1, 11802261=5, 10172540=3, 1897027=1, 31903583=1, 25759910=3, 8378199=1, 28246397=3, 7548230=3, 28564847=1, 25584333=1, 20456482=6, 32872638=2, 16887315=2, 33214684=1, 25617429=1, 9916521=1, 18923540=1, 25888556=3, 17595255=1, 17231817=1, 15195557=1, 24299477=1, 12256938=3, 4667983=3, 29072463=2, 19466333=3, 14569716=1, 4121738=1, 31857079=4, 10846658=2, 15179569=2, 9193395=1, 7891463=1, 12118547=1, 2115787=1, 27384820=1, 10052636=1, 24260937=4, 25771275=3, 7013981=3, 11819696=1, 20158642=2, 1246529=3, 5669125=2, 26989254=1, 10718321=2, 11732515=3, 9350531=2, 33342019=1, 1946816=2, 21267729=2, 21424394=1, 20744972=2, 9320899=4, 28966879=1, 28994899=1, 29248006=1, 24012843=1, 25603951=2, 4351323=1, 27727684=3, 18709786=1, 7420292=3, 27293612=1, 25091884=1, 811851=1, 17332140=1, 5002649=1, 32923905=1, 614519=1, 2697886=3, 27933226=4, 334181=3, 23460481=1, 23803508=3, 16990254=1, 9791399=1, 30298481=1, 3893031=1, 30967607=2, 16337200=1, 17624703=1, 7928350=1, 5989805=1, 5059087=3, 7560652=1, 3788542=1, 20065285=4, 23017791=3, 4866458=1, 29869730=1, 15669084=3, 17275732=2, 13931365=2, 21658648=1, 29898151=6, 30289254=4, 29262495=2, 4265426=3, 9681905=2, 4092344=1, 22613010=3, 14158065=6, 28297883=1, 28153266=2, 17580913=1, 27224383=1, 3860538=1, 16333372=3, 22185766=2, 2458531=2, 9806322=2, 28950942=1, 350497=1, 22873225=3, 7173524=1, 3474924=3, 16062417=3, 13744842=2, 22857124=1, 33434934=4, 25434380=5, 9799016=2, 24717761=3, 27328828=3, 17369825=3, 31379561=1, 26886735=1, 27821513=2, 478139=1, 23418199=1, 7282959=3, 27587289=1, 26534183=1, 5198417=1, 29505152=4, 19821001=1, 3434548=1, 2281904=1, 17344284=2, 13046954=3, 4613029=1, 30246010=2, 2368673=5, 20035414=2, 16572619=1, 27454941=1, 7017303=3, 19938712=7, 15862743=4, 30191269=2, 31941493=1, 18749373=4, 28740068=2, 20365725=1, 7581157=2, 32307561=1, 27809960=1, 30011071=1, 18070562=2, 5120675=4, 15131764=1, 27167984=2, 30272217=1, 32214209=2, 25817234=1, 31133075=3, 18095311=5, 22258061=2, 27610627=1, 16395339=4, 10454394=2, 10113697=1, 21026350=1, 24748237=2, 3193612=2, 14013836=1, 21309762=3, 29374589=9, 32497258=1, 21213646=2, 24671074=1, 7322315=2, 148411=1, 9176251=5, 20450018=6, 19737389=3, 16650721=4, 5938561=2, 25669594=2, 24790713=1, 14859069=2, 9989255=1, 7585059=2, 5023189=2, 16950491=2, 17139942=2, 21766747=5, 809552=1, 1970854=4, 26047555=1, 18946745=3, 27489841=1, 17979387=1, 3620439=3, 26781100=2, 19640552=2, 746095=1, 27882529=1, 7840371=2, 23301762=2, 23319026=1, 27802639=6, 16260782=6, 5556684=1, 11268457=1, 22915644=2, 15048498=2, 27378480=1, 8734993=1, 1835662=5, 3248182=2, 25164794=1, 6810520=1, 534468=6, 22199377=2, 33392158=2, 4179159=1, 4892119=2, 15418522=1, 31845298=1, 26178412=1, 11293518=1, 10737524=1, 6327760=2, 1722956=1, 32632583=1, 32139645=1, 8249649=1, 16328004=3, 7478801=4, 10721485=2, 13265083=1, 29788291=2, 16480780=1, 18396003=2, 4682884=1, 8503495=1, 7430725=1, 32786095=1, 22611263=3, 5454827=3, 27111481=2, 7538738=3, 33204292=2, 27100035=2, 47759=2, 23187290=1, 18956070=3, 20234602=1, 4219041=1, 7710501=2, 9242940=3, 24713325=3, 8218031=1, 17926646=2, 12681138=1, 6340939=1, 29468075=2, 24836152=1, 11725599=1, 878298=1, 5791538=1, 9438773=7, 15645111=2, 16346804=1, 24766497=1, 14950099=5, 22363432=3, 21398864=2, 29001081=2, 16443778=1, 9421503=1, 31408991=1, 1623662=1, 25370222=3, 1954231=1, 28974246=4, 28609469=2, 17747241=1, 11259827=1, 16639393=1, 27939821=1, 25654631=1, 8532027=4, 315883=1, 16793438=11, 3463259=1, 11024639=6, 22471185=1, 19975203=1, 6538710=1, 19028573=1, 26259201=2, 28068401=1, 25508375=3, 3186137=2, 3277046=4, 6156016=1, 15492104=1, 29253745=1, 19618283=1, 13478638=2, 3936736=5, 24510338=1, 4087997=1, 19856081=1, 13033582=1, 22386801=2, 18936643=1, 6438505=4, 1373698=1, 16799755=1, 1643950=3, 31329671=4, 25490128=1, 24461639=1, 17127668=1, 32740660=2, 7637571=2, 12230974=2, 11096547=1, 855378=3, 31859896=4, 9239366=1, 29057152=1, 10098974=4, 19714260=1, 13160095=1, 27255506=1, 16575088=1, 1556213=2, 25904766=1, 22594220=1, 18168803=3, 22069096=2, 8283949=1, 30691718=1, 13663556=1, 5565992=1, 25788851=2, 27500555=2, 16467675=1, 15747512=1, 23131307=1, 28245836=1, 20960738=1, 1211585=1, 4317001=1, 20063632=4, 12199719=4, 14433865=5, 8708089=1, 15219009=6, 20464339=1, 8203389=3, 32214252=2, 12268775=3, 1750127=2, 17452654=1, 24432836=1, 11807950=5, 7058037=2, 589476=1, 8940129=1, 24367027=1, 21548819=1, 18065688=2, 17703533=4, 17436735=4, 18241357=1, 22068340=2, 22320263=2, 11838780=2, 2429148=3, 12545304=1, 14921799=2, 14685322=8, 30181043=2, 4413228=1, 14363186=3, 9633695=1, 9764528=1, 8108063=2, 8353316=1, 13422190=1, 13216249=2, 23384072=1, 13018024=2, 23045594=2, 18431276=3, 11174947=2, 8607406=1, 12534763=1, 15917915=1, 10961145=1, 7103941=1, 19864529=3, 4283818=1, 14648257=2, 27884274=1, 5793846=1, 32525268=1, 17981657=1, 15791256=1, 6976903=1, 11568947=2, 29809988=1, 9060050=4, 27920434=4, 2770418=1, 31585208=1, 15494830=1, 17227939=1, 17425877=1, 10825247=3, 25145892=2, 8458350=3, 17333809=1, 7741368=4, 1860860=1, 7408747=3, 14729854=1, 4575554=1, 9936136=2, 18488009=4, 8301409=2, 1217723=2, 32145550=2, 18894894=1, 25140262=2, 12333201=5, 16486735=2, 16611618=1, 21208287=2, 15741376=7, 30532533=1, 16568818=1, 18436446=1, 31227701=1, 8041641=2, 118057=1, 16622601=2, 3237913=1, 19787814=1, 7826193=1, 633544=2, 13855976=1, 20426028=2, 3364762=1, 2499784=4, 21267355=2, 6411508=1, 1487847=2, 15807580=3, 21149216=2, 15568558=2, 216936=1, 9143749=2, 24795234=1, 19490233=1, 9586971=1, 1477712=2, 32534868=1, 14749718=3, 14324180=2, 14939229=1, 21543075=2, 23474363=4, 18229648=4, 15071813=1, 2112064=8, 23810866=1, 32085665=2, 11512007=2, 3022194=4, 14106050=3, 29702209=3, 3835084=2, 23220662=1, 5916690=1, 1873664=2, 28752366=2, 24349623=2, 507367=2, 25586627=1, 3973371=2, 15608909=4, 6256042=1, 29484596=1, 20006598=1, 19657645=1, 25400411=2, 19498049=2, 32198920=1, 30616490=3, 1914801=3, 20576213=1, 31663252=3, 23163346=1, 16678311=1, 32856952=1, 21534796=2, 9205806=1, 1492898=1, 9891608=1, 840496=1, 13644062=7, 23548025=1, 16422611=2, 31679182=1, 27772031=1, 20071464=1, 4085271=1, 2599387=2, 7110270=1, 26386712=2, 18206323=1, 2178295=3, 23048583=2, 9118805=3, 28669251=1, 191426=1, 18659058=2, 28096569=2, 3307240=1, 15656996=1, 20676247=1, 11337870=3, 29017635=1, 6665076=2, 23690908=1, 29853897=2, 8792975=4, 25087794=1, 25848394=1, 2161074=1, 12901729=1, 10382234=1, 16827762=1, 6287129=1, 26379332=2, 11857965=1, 13593447=1, 20971445=1, 6467041=2, 16272132=1, 24771861=1, 8802108=1, 3095299=3, 14522483=2, 2422815=1, 11282572=5, 7331941=1, 21366383=4, 15597405=1, 30348657=3, 21199871=1, 1919962=1, 10666364=1, 24568664=1, 30183654=2, 6452444=1, 16846706=3, 26726904=1, 2997052=2, 26945891=3, 18455845=2, 6425156=4, 5174626=1, 17801306=2, 10423629=3, 28409266=1, 25454202=1, 9602199=2, 23053728=1, 11125288=1, 2972835=1, 3017272=4, 29428268=3, 24472292=1, 8287991=1, 29807017=1, 33044639=6, 26534467=1, 32823665=1, 19936966=7, 30734454=1, 30790994=1, 10648701=1, 25745424=1, 16758914=2, 26926975=1, 20328770=4, 23533278=3, 11739532=3, 14648867=2, 29436429=3, 9595828=1, 17240880=3, 16827262=1, 25939525=1, 1866078=1, 11604034=3, 2969501=1, 7939661=3, 21214531=2, 3719436=1, 5092208=2, 6612335=1, 24079729=1, 7451253=2, 31871585=1, 20427125=2, 30951786=1, 22598901=1, 29551529=1, 24029165=2, 10192172=2, 18303109=1, 2786425=2, 6325049=2, 32411614=2, 26789100=1, 3310964=2, 5250170=7, 7676535=3, 24433722=1, 7996768=4, 19738296=3, 24262360=4, 6707423=1, 14574711=1, 29478275=1, 2790377=2, 28989434=1, 4438276=2, 17859736=2, 25921416=2, 16898309=1, 29119060=1]}&gt;" type="org.junit.ComparisonFailure"><![CDATA[org.junit.ComparisonFailure: expected:<...Prime: 6 register: {[7877681=6, 12534763=1, 26989254=1, 19714260=1, 27111481=2, 7273914=1, 31849999=1, 23413989=1, 31789181=3, 19630819=2, 11732515=3, 21766747=5, 350497=1, 6671982=1, 4096710=2, 3743137=3, 18013585=1, 31136612=3, 32928081=1, 21649459=1, 31420877=1, 6134962=2, 19445322=2, 20457259=6, 8435527=2, 10169496=3, 17197501=1, 29001081=2, 29262495=2, 25134647=2, 26853016=2, 3445967=2, 28306675=1, 16283255=1, 6428597=4, 8287991=1, 32089634=2, 29410039=1, 22963709=1, 19779884=1, 30298481=1, 21309218=3, 9076355=1, 25819261=1, 14869664=1, 10336727=2, 5670807=2, 9390897=1, 16137063=4, 32542287=2, 13422190=1, 12967658=1, 2296015=3, 2751636=1, 26789100=1, 29436429=3, 17097209=1, 13000373=1, 25805530=1, 5454827=3, 9989255=1, 29161017=1, 28520727=3, 15821960=1, 15397009=1, 22742325=3, 14389532=2, 33392158=2, 20575082=1, 16552599=2, 24568664=1, 8662=13, 22848036=2, 22471185=1, 32307561=1, 25865705=2, 18168803=3, 4850698=4, 26945891=3, 30719604=2, 29553742=1, 26948849=3, 25091884=1, 28246397=3, 14859069=2, 12350814=1, 28057554=5, 29853897=2, 26899241=1, 14786970=2, 4438276=2, 12320676=1, 7428753=1, 31379561=1, 24790713=1, 803625=1, 31732406=5, 3835084=2, 23319026=1, 67430=3, 9701257=5, 14565433=1, 10721485=2, 10677670=1, 22736268=1, 3905646=2, 16480780=1, 14222528=3, 10268271=2, 21416657=1, 23993207=4, 29428268=3, 17703533=4, 21164393=1, 1368020=1, 12625518=2, 22826162=1, 14955503=5, 18513639=1, 11132487=1, 9915509=1, 29720788=2, 10224489=5, 16710281=1, 13876489=2, 507367=2, 27885680=2, 3017272=4, 31904492=1, 20676247=1, 24931857=1, 20158642=2, 600842=3, 7465379=1, 23952850=1, 5710619=3, 16982317=3, 25218230=1, 29898151=6, 17747241=1, 10492545=8, 1014400=1, 7451253=2, 18709786=1, 13033582=1, 2368673=5, 3193612=2, 12809993=1, 22363432=3, 18065688=2, 30140733=1, 19618283=1, 10245584=1, 27894062=2, 25370222=3, 32033626=1, 29253745=1, 32612229=2, 2902321=1, 26458139=2, 28885888=1, 11857965=1, 19256626=1, 29482009=1, 7282959=3, 18296964=3, 11689812=1, 33310414=1, 27409257=4, 11630622=1, 32064441=1, 17461735=1, 25745084=1, 4265426=3, 19709959=1, 20601481=1, 10383898=1, 30245420=2, 19809275=1, 25454202=1, 4283818=1, 8108063=2, 4317001=1, 15295510=1, 32072602=1, 6495258=3, 32289619=2, 3451121=2, 7110270=1, 14750000=3, 29682036=1, 18491585=4, 9108989=1, 1643950=3, 11847208=1, 8090708=1, 10640981=1, 32747444=2, 16727343=3, 14040273=4, 884963=2, 9438773=7, 5029273=2, 30951786=1, 21863844=2, 31611366=1, 15746430=1, 6467041=2, 13284004=2, 15789279=1, 24260937=4, 7377976=2, 23045594=2, 29869730=1, 533948=6, 23120574=1, 30549030=4, 27328828=3, 21983326=1, 27183381=1, 3237913=1, 6540086=1, 31272320=3, 21139148=2, 18388367=2, 8142332=5, 24717761=3, 29505152=4, 1661674=1, 2866860=2, 12804544=1, 21859438=2, 5379721=4, 25686071=1, 31980401=1, 24795234=1, 33288310=1, 10454394=2, 31585208=1, 11293518=1, 5250170=7, 9027426=2, 33352406=1, 20941777=2, 5598046=1, 8799909=1, 8619990=2, 5754508=1, 25654631=1, 8966827=1, 27587289=1, 7051696=2, 7676535=3, 3377685=2, 17202129=1, 12268775=3, 26534467=1, 29830962=3, 2143153=2, 10110267=1, 8204384=3, 11802261=5, 21155842=1, 6976903=1, 21746733=1, 5226675=1, 29119060=1, 18040080=1, 9176251=5, 17452654=1, 10433636=3, 31253073=1, 11235475=1, 32559369=1, 32139645=1, 17859736=2, 4239522=2, 20558101=2, 3095299=3, 27288312=1, 9834845=4, 27392324=1, 12743060=1, 13483388=2, 5002649=1, 10098974=4, 21208287=2, 30134006=1, 23358979=1, 12681138=1, 22199377=2, 10052636=1, 878298=1, 17007847=2, 16614955=2, 29589931=2, 32252512=5, 21095524=1, 6658292=2, 14574711=1, 11282572=5, 10149080=1, 21420700=1, 29017635=1, 15690167=1, 1246529=3, 17848884=1, 16272132=1, 806511=1, 33044639=6, 27650008=1, 16254931=6, 23898318=2, 1750127=2, 15998670=5, 15260512=1, 8440884=1, 13160421=1, 5989981=1, 32835774=3, 30614704=3, 23810866=1, 5400669=1, 5092208=2, 8675710=1, 12158239=2, 31943195=1, 25580162=1, 1131554=1, 14840018=1, 17951223=1, 6966159=1, 7545166=3, 26493898=1, 9681905=2, 10479334=1, 6624812=3, 1897027=1, 32525268=1, 25883333=1, 23665323=3, 25676184=1, 31498675=2, 15766095=2, 24671074=1, 21745905=1, 1459877=1, 32535477=1, 18229648=4, 16887315=2, 24766497=1, 19183394=2, 18488009=4, 7499132=1, 28669604=1, 5085940=2, 11806112=5, 28679234=2, 23983960=1, 4526222=3, 24433722=1, 15741376=7, 9645922=3, 5297201=1, 30183654=2, 29141929=2, 2588327=1, 10685787=3, 1417510=2, 25140262=2, 12144244=1, 3222230=3, 11739532=3, 13046154=3, 19890305=2, 28400157=1, 21392365=1, 11268457=1, 16827762=1, 7804927=3, 12098225=2, 16483609=2, 32534868=1, 7891463=1, 478139=1, 5971854=3, 33254110=1, 10923351=2, 15656996=1, 23323819=1, 662194=4, 20570987=1, 216936=1, 13900875=5, 27802639=6, 7740835=4, 6810520=1, 31205180=5, 13552656=1, 9735424=2, 32642830=4, 20971445=1, 17282066=2, 16568818=1, 3070517=1, 14433865=5, 7581157=2, 9599568=1, 5813891=2, 31676478=1, 10388954=2, 14149550=1, 5131803=1, 22092837=3, 22792096=1, 28409266=1, 5556684=1, 30735876=1, 25270145=2, 25801194=2, 5961481=1, 17445125=4, 18006550=1, 19490233=1, 3402473=1, 18013020=1, 31006403=3, 5642187=4, 22915644=2, 16611618=1, 23152535=1, 26379332=2, 30387284=2, 23263317=1, 3836801=2, 495615=2, 4264350=3, 5908959=4, 28325819=7, 3364762=1, 22185766=2, 1866078=1, 6425156=4, 2669592=2, 26928030=1, 15048498=2, 25883685=1, 29478275=1, 16443778=1, 15653891=1, 25788851=2, 28096569=2, 19936966=7, 25343602=2, 28068401=1, 32545455=2, 23080943=8, 32823665=1, 1434605=1, 3905049=2, 2458531=2, 33165659=4, 11990907=1, 32808359=2, 32497258=1, 32520904=7, 8353316=1, 870366=1, 790183=5, 8715142=1, 840496=1, 30462502=1, 14625273=3, 23070361=8, 24452539=3, 13018024=2, 2658575=2, 1549953=2, 19831404=2, 7173524=1, 14234831=3, 8579301=1, 1970854=4, 24836152=1, 29895541=6, 7264236=1, 4839446=1, 7840371=2, 9246441=3, 6265098=2, 3496498=1, 5379413=4, 15918490=1, 15181452=2, 2969501=1, 21678658=1, 28858606=1, 20174611=1, 21351828=1, 12969560=1, 10039069=3, 12260709=3, 25882293=1, 23856236=5, 11096547=1, 6147256=1, 25622017=1, 3463259=1, 20771437=1, 3077805=1, 7017303=3, 16990254=1, 3420709=5, 14693680=8, 26047555=1, 27384820=1, 10595568=2, 6635932=1, 24461639=1, 16333372=3, 1771078=3, 21419651=1, 29809988=1, 2880677=1, 4575554=1, 18984532=2, 4161687=2, 28943167=2, 20456482=6, 9595828=1, 1372215=1, 24056673=3, 1295880=1, 16777913=11, 5023189=2, 18079652=1, 16681316=2, 21679382=1, 16799755=1, 1873664=2, 17313920=6, 33434591=4, 28191979=4, 18070562=2, 4533489=3, 5826386=1, 32025336=2, 3427116=1, 24679295=2, 7388325=2, 10193337=2, 26650866=2, 26941417=3, 20006598=1, 18894894=1, 31663252=3, 31492233=2, 16374888=1, 21366383=4, 26064606=2, 16337200=1, 17821798=1, 30310855=2, 15747512=1, 11505582=2, 1889080=1, 22209223=1, 27333959=3, 8458350=3, 23156667=1, 23220662=1, 29096948=1, 25145892=2, 10409639=1, 9586971=1, 809552=1, 12256938=3, 2037456=3, 10888039=4, 1956735=1, 4812895=1, 6584093=1, 335570=3, 13160095=1, 1765155=1, 23548025=1, 28362788=1, 5094524=2, 22444840=1, 5669125=2, 28740068=2, 28444456=4, 3252911=2, 8579024=1, 9350531=2, 691722=2, 10118791=1, 14013836=1, 6582812=1, 27727684=3, 27200966=3, 25761698=3, 15268921=1, 23163346=1, 22351846=3, 24513290=4, 18790874=2, 3027916=4, 17231018=1, 18173824=1, 18943457=3, 13744842=2, 22917393=2, 29682107=1, 4597003=4, 31885734=2, 27224383=1, 18669571=1, 8688809=2, 21302141=3, 24398036=1, 16654775=4, 27500555=2, 33267517=2, 13712185=3, 22857124=1, 29272563=2, 23533278=3, 18241357=1, 18420923=3, 32548393=2, 1038721=1, 17979387=1, 22320263=2, 3339014=1, 31670133=3, 13478638=2, 29428572=3, 5478133=2, 24410661=1, 24912256=5, 19037981=1, 22894253=1, 7710501=2, 4437624=2, 22388758=2, 30348657=3, 2705479=1, 2499784=4, 17205229=2, 11096023=1, 14939229=1, 8378199=1, 4140556=3, 32317726=3, 30246010=2, 1038607=1, 7103941=1, 2134511=2, 17332140=1, 417597=1, 15336114=4, 32109069=1, 24943588=2, 8607406=1, 8249649=1, 27927377=4, 24351483=2, 11310775=2, 19796060=4, 22611263=3, 31178939=1, 25398447=2, 6321678=1, 2865604=2, 27126499=1, 20848322=4, 24570644=1, 19537853=4, 14472167=1, 31511304=1, 26645156=2, 27604938=3, 21326149=1, 17648388=1, 26656905=1, 10943920=1, 1860860=1, 23690908=1, 11569212=2, 18185133=1, 15484495=1, 27849212=1, 13637320=7, 9421503=1, 2401972=2, 20744972=2, 30940156=6, 24476154=1, 28126455=3, 15219009=6, 33108915=3, 30519884=2, 10961145=1, 13051755=3, 25434380=5, 23112846=2, 6891247=3, 29161097=1, 14901648=1, 10855959=2, 19149379=5, 18513136=1, 27603677=3, 32565765=1, 22258815=2, 4370520=2, 7430725=1, 14041983=1, 14201973=2, 28808733=2, 6025315=1, 22736529=1, 6231922=3, 10437847=1, 25985162=2, 4422255=1, 28468351=1, 3975777=2, 13419786=1, 29388242=1, 26781100=2, 9602199=2, 20448057=6, 5271611=1, 28989434=1, 27179113=2, 3121702=2, 3216936=3, 10591484=2, 4054245=1, 30526032=1, 21285439=1, 11101372=1, 23463879=4, 15917915=1, 26736940=1, 11852060=1, 25745424=1, 24992707=1, 33204292=2, 31578983=1, 1063195=7, 3248182=2, 29702209=3, 20450018=6, 5214456=2, 27555550=1, 9220035=2, 24678827=2, 2929089=2, 28281753=2, 9891608=1, 17323918=1, 3486750=3, 12333201=5, 18593476=2, 25759910=3, 16650721=4, 31444986=1, 26655695=2, 17853213=1, 26551362=3, 14950099=5, 29468075=2, 24604637=1, 18938452=1, 11290105=1, 18755564=4, 31313722=1, 811851=1, 12113542=1, 516870=1, 16811345=2, 25888556=3, 29557081=3, 10742951=1, 23861474=5, 7538738=3, 20087761=2, 27452930=1, 8940129=1, 7420292=3, 5264774=1, 28254067=3, 14142168=1, 20071464=1, 15195557=1, 9231094=1, 2894543=5, 28710557=4, 6707423=1, 315883=1, 25825823=4, 27625701=2, 8014159=1, 17116775=3, 4674407=1, 9846806=1, 28783039=3, 28950942=1, 20337254=1, 7833961=2, 52624=1, 29370167=9, 13799555=2, 5341221=2, 6936587=1, 31222575=1, 31689665=2, 19466333=3, 19787252=1, 7148951=3, 3034637=1, 11153300=4, 28623498=1, 15131764=1, 30847022=2, 30305202=1, 14312678=1, 9787004=1, 9276741=2, 20408821=1, 15862743=4, 9763027=1, 4746647=1, 21135778=2, 32214209=2, 8203389=3, 9820600=1, 26386712=2, 19305187=2, 33351089=1, 4688260=2, 2308416=3, 32613779=2, 27772031=1, 33214684=1, 32675777=2, 21149216=2, 4351323=1, 7637571=2, 6665076=2, 32584230=3, 2756079=4, 2422815=1, 33493278=3, 15034131=1, 8168123=2, 25492384=1, 21388169=1, 29895499=6, 31455454=1, 191426=1, 2131387=2, 1357180=2, 12000460=3, 15216383=6, 33000724=2, 21214531=2, 33458460=2, 21275235=2, 4186863=1, 3186137=2, 1946816=2, 2228106=1, 8154695=1, 24299477=1, 14729854=1, 26198487=1, 21309762=3, 33410312=1, 22900267=1, 25829642=4, 3760346=1, 21172193=3, 4613029=1, 33326442=2, 24484404=2, 422657=1, 31966316=1, 25400411=2, 26863629=1, 25947715=1, 4928221=3, 7139920=1, 28940925=2, 19864529=3, 11048714=2, 22958892=1, 10139443=2, 8761111=2, 14071657=2, 10817568=3, 4829866=2, 24709622=3, 30491418=1, 2095759=1, 1898832=1, 12710127=1, 1835662=5, 788066=5, 18635104=1, 21138070=2, 20726232=1, 14778622=2, 30110855=1, 24531471=1, 27821513=2, 158824=1, 22146134=1, 10612335=1, 6287129=1, 8235337=2, 13529742=1, 24968148=1, 27610627=1, 9061108=1, 2320030=1, 21830532=3, 24029165=2, 10648701=1, 6166567=4, 17344284=2, 19808333=1, 13728624=1, 22199761=2, 30944193=6, 9806441=2, 31941493=1, 3936736=5, 30691718=1, 8310556=1, 23384072=1, 8452050=1, 16346804=1, 27170188=2, 30191269=2, 17086345=2, 10846658=2, 11838780=2, 19966565=2, 2997052=2, 21113131=4, 31718127=1, 11463708=1, 1850740=5, 18956070=3, 30915734=2, 589476=1, 25817234=1, 5938561=2, 23197107=1, 29172029=3, 21537371=2, 21026350=1, 29853176=2, 21008427=2, 834228=2, 13624405=1, 9088786=2, 19459594=1, 28203882=1, 12329289=5, 24384084=5, 24262360=4, 27205954=3, 21006338=2, 7404784=1, 16362780=2, 1745546=2, 5680476=2, 24711786=3, 2375399=5, 1164818=1, 2319261=1, 23460481=1, 20581141=4, 16671475=1, 21199871=1, 21175039=3, 28297883=1, 17752548=1, 15946938=1, 14749718=3, 32449417=3, 25450860=1, 7508316=2, 4085271=1, 13644062=7, 10303280=3, 19883740=1, 2735408=2, 2868969=1, 5156073=2, 10896791=1, 5565992=1, 14363186=3, 7863743=1, 25380775=1, 31804702=1, 25767217=3, 9799016=2, 28656939=1, 25584333=1, 2209883=2, 26376821=1, 15778490=1, 8145277=1, 28245836=1, 14648257=2, 14149650=1, 33056649=1, 5710182=3, 13069998=1, 10718321=2, 2680882=1, 32872638=2, 9936136=2, 22440711=1, 27650169=1, 14176175=1, 3687148=1, 28505210=1, 2441700=1, 4361866=2, 23663882=3, 23301762=2, 16486735=2, 23110513=2, 4707220=1, 4092344=1, 1556213=2, 32214252=2, 26733042=1, 9416778=2, 14793574=2, 23649999=1, 20035414=2, 18749373=4, 29408167=2, 20328770=4, 10879417=4, 29673102=1, 1337768=1, 10651430=2, 20921253=3, 25718893=1, 11725599=1, 14536798=1, 11842114=2, 4866458=1, 25771275=3, 28025468=2, 1884069=2, 27806663=1, 990076=3, 4201969=9, 12436281=1, 15238806=2, 988892=3, 17690864=1, 26926975=1, 28326500=7, 25554185=1, 2792020=2, 5989805=1, 10666364=1, 30734454=1, 7585059=2, 29484596=1, 7741368=4, 19099463=1, 6438505=4, 13421765=1, 10394179=2, 23048583=2, 17274874=2, 31564171=2, 16575088=1, 16827885=1, 13024122=2, 6452444=1, 16554583=2, 18959262=1, 13980968=1, 676485=1, 31252924=1, 27344633=3, 32912852=4, 12118547=1, 7560652=1, 6923080=2, 12395880=3, 18939554=1, 3022264=4, 30289254=4, 23826893=2, 11434684=1, 12393046=3, 22648385=2, 16027274=2, 25604657=2, 25538950=2, 9287669=2, 9242940=3, 7322315=2, 14711371=1, 22022043=7, 13413803=2, 31579520=1, 10226356=5, 25615113=1, 4200024=9, 27378480=1, 25603951=2, 11259827=1, 5871264=2, 18737681=1, 9085272=2, 14309348=1, 4283749=1, 28440121=1, 17595255=1, 9320365=4, 9130177=1, 12584805=9, 778945=1, 29551529=1, 24526563=4, 764183=2, 2536281=2, 33281176=1, 9791399=1, 8931807=1, 13583975=1, 22814926=5, 18206323=1, 10540434=1, 10354357=1, 2770418=1, 21567429=3, 269072=5, 6059945=1, 32945310=2, 11569032=2, 1013179=1, 15337393=4, 9193395=1, 19610286=3, 4138095=3, 32999760=2, 23005068=3, 28966879=1, 19507070=2, 15597405=1, 18561373=3, 12776871=1, 1003629=1, 27454941=1, 27201139=3, 26178412=1, 9640163=3, 20562489=1, 2646956=1, 14368001=3, 32923905=1, 31329671=4, 25490128=1, 22486491=3, 17240880=3, 32036064=1, 8207004=3, 6433036=4, 14016266=1, 10120271=1, 1582331=6, 21813685=1, 13926130=1, 7179006=2, 9454186=1, 25839693=1, 12413126=1, 20234602=1, 23586586=1, 29248006=1, 26726904=1, 14665837=1, 17344492=2, 30217820=3, 32425380=1, 29109682=5, 24472292=1, 31150947=1, 633544=2, 3403979=1, 27870104=1, 30248740=2, 8332984=3, 13828760=3, 10113697=1, 9614537=2, 15492104=1, 25150569=1, 8058243=1, 10737524=1, 18163629=3, 3709885=2, 23819431=1, 181610=1, 23341916=5, 30272217=1, 25831874=4, 8301409=2, 11568947=2, 15208820=6, 3277046=4, 21534227=2, 10192172=2, 15020653=3, 3390336=2, 7408747=3, 27939821=1, 5916690=1, 3446915=2, 13857652=1, 13126547=1, 25087794=1, 5157248=2, 15179569=2, 32695447=1, 1241065=1, 11604034=3, 32320927=3, 8218031=1, 148411=1, 23474363=4, 27185040=1, 20002290=3, 11758573=1, 20195241=5, 4852977=4, 13429816=1, 13081391=2, 1250283=3, 22839857=2, 15071813=1, 16450439=3, 534468=6, 24349623=2, 19028573=1, 9633695=1, 32731612=1, 24432836=1, 15568558=2, 15494830=1, 16124509=4, 29940060=1, 29683167=1, 15645111=2, 7233204=1, 8503495=1, 13720192=1, 17369825=3, 32143832=1, 1957603=1, 13209352=2, 9118805=3, 8753047=2, 26534183=1, 2541302=1, 203290=3, 8973027=1, 29410793=1, 8255017=1, 7058037=2, 26801279=1, 5523248=1, 17425877=1, 7932822=3, 4443469=1, 3365706=1, 7142380=1, 32740660=2, 16898309=1, 32056096=3, 4291549=1, 7654911=1, 7508588=2, 498711=2, 25426067=1, 5657909=1, 13936151=2, 1576735=6, 8197863=3, 4610293=1, 30945297=6, 19738296=3, 1730045=1, 23823796=2, 6903361=1, 8028604=2, 1623662=1, 15976828=1, 13565836=1, 20902874=1, 8530812=4, 16950491=2, 22258061=2, 27255506=1, 7365738=1, 22093532=3, 26079985=1, 31421927=1, 5704446=3, 5120675=4, 27060295=1, 746095=1, 23245552=2, 13071353=1, 17781019=1, 21889755=4, 11484110=3, 17333809=1, 22654108=2, 15694532=1, 18435307=1, 7484059=4, 30054762=2, 28039490=1, 12901729=1, 21272397=2, 25689774=1, 27100035=2, 32778645=5, 32246108=5, 25586627=1, 3310964=2, 5198417=1, 11724937=1, 31465143=8, 22563538=1, 25164794=1, 13046736=3, 10152487=1, 12199719=4, 3509155=2, 2697886=3, 23854067=1, 13342642=2, 25288205=1, 4314095=1, 15791256=1, 24445366=3, 21494494=1, 17801306=2, 29788291=2, 10727588=2, 11711709=2, 20613538=2, 8988380=3, 16374482=1, 18946745=3, 1722956=1, 32365878=1, 19000634=1, 25855402=2, 6387302=1, 27268285=8, 1571379=1, 11003070=1, 28994899=1, 28861691=1, 294417=1, 18659058=2, 17227939=1, 27489841=1, 32236574=1, 27059541=1, 21291824=1, 13249769=4, 17580913=1, 18987303=2, 13593447=1, 27293612=1, 19522553=1, 28235861=1, 20225860=2, 22598901=1, 14522483=2, 8539499=1, 6411508=1, 16846706=3, 9345761=2, 8790335=4, 28143269=1, 20426028=2, 16395339=4, 32809235=2, 30317760=2, 16870650=1, 29919415=2, 5791538=1, 7635837=2, 13047010=3, 31909015=1, 27713666=1, 21206848=2, 10785257=2, 31330875=4, 8802108=1, 30011071=1, 32806396=2, 28875498=2, 26886735=1, 25795352=2, 15418522=1, 14589905=2, 23590352=1, 16678311=1, 9320899=4, 16904527=1, 14122614=1, 11512007=2, 16827262=1, 12611796=1, 21634248=4, 28621380=2, 23773487=1, 27933226=4, 16293073=2, 5521783=1, 32856952=1, 24410903=1, 6120763=1, 32897924=1, 24482099=2, 16762778=1, 1166322=1, 11650368=1, 16643109=1, 21543075=2, 13663556=1, 31016135=1, 28752366=2, 26263911=1, 32221330=2, 31197358=5, 14158065=6, 14869266=1, 6088726=1, 29777509=1, 29013973=2, 17223073=1, 15489676=1, 1478018=2, 13570102=3, 22873225=3, 32612311=2, 30395603=1, 31690849=2, 23631445=2, 24079729=1, 2112064=8, 11140905=1, 16422611=2, 21822335=1, 3991587=1, 31227701=1, 19176454=2, 12909112=1, 10080602=1, 11369385=1, 28556636=2, 3405643=1, 23917073=1, 24807767=2, 27654901=1, 11807950=5, 3893031=1, 16291078=2, 20888347=2, 19591819=1, 16796843=1, 28299184=1, 31336406=4, 17636884=3, 17574255=5, 25027518=1, 21716778=1, 13855976=1, 31857079=4, 27078133=3, 28505831=1, 21644879=1, 17448126=4, 32690796=1, 11819696=1, 29807017=1, 13003486=1, 18431276=3, 3818747=1, 17129908=1, 28609469=2, 8283949=1, 30893179=1, 13697846=3, 4949951=2, 1866629=1, 334181=3, 16328004=3, 3719436=1, 23187290=1, 23493428=1, 11483073=3, 18480115=1, 22069036=2, 30353461=3, 20953527=2, 14951424=5, 32468394=1, 23623466=1, 18282678=1, 21305270=3, 30387241=2, 8409525=1, 18118830=1, 20969327=1, 30966317=2, 20970594=1, 26527501=1, 2175695=3, 20365725=1, 6256042=1, 25848394=1, 28603613=1, 26954219=1, 29565180=3, 33071873=2, 31903583=1, 17436735=4, 15206015=6, 27185261=1, 29471384=2, 6007188=2, 23664750=3, 16622601=2, 27764113=2, 6538710=1, 24999352=1, 9110565=3, 22068340=2, 5174626=1, 15508835=2, 2872989=1, 759942=2, 1914801=3, 32201471=1, 16534198=1, 1477712=2, 9953388=1, 16780673=11, 11669763=4, 3938380=5, 6490162=3, 18303109=1, 10691005=3, 12435897=1, 73293=3, 3617081=3, 16624677=2, 12026502=2, 24281916=2, 19936358=7, 19462732=1, 16515883=5, 25544914=1, 31049154=1, 7121235=2, 8283253=1, 22854399=2, 31716962=1, 19498049=2, 29153662=1, 27167984=2, 28461252=1, 3528908=1, 18921961=2, 10602320=1, 19246625=2, 1436514=1, 15669084=3, 21725365=2, 28147649=1, 3006148=1, 4219041=1, 28669251=1, 23676977=1, 30629896=1, 28780852=3, 8708089=1, 12919407=3, 8126950=5, 9205806=1, 21354584=1, 19700117=2, 1016410=2, 6030278=5, 1087293=2, 17641102=3, 16817643=2, 32411614=2, 9384940=3, 16608106=1, 3300214=1, 20868969=1, 11303744=1, 31679182=1, 16260782=6, 26671837=1, 31845298=1, 25836729=4, 21365364=4, 17889862=1, 33016641=1, 10306034=1, 11974907=2, 19978751=1, 11566723=1, 25262415=1, 21644028=1, 22064241=2, 6325049=2, 4353623=1, 6416091=1, 21267729=2, 7013981=3, 13265083=1, 17275732=2, 19042368=2, 2265077=2, 24589923=3, 20130514=3, 32085665=2, 9806322=2, 19580935=1, 24748237=2, 19048043=2, 20710940=5, 24713325=3, 16719749=3, 23420749=1, 1381610=3, 17856697=1, 32198920=1, 30616490=3, 8734993=1, 3010020=1, 25492663=1, 3788542=1, 22948521=4, 31163259=2, 26505769=1, 23307703=2, 10382234=1, 18173752=1, 7478801=4, 24405454=1, 3293335=1, 26371277=1, 22386801=2, 15441602=2, 25219641=1, 4174660=2, 17418670=1, 33342019=1, 23224382=1, 2239074=4, 1432404=1, 18281503=1, 27616260=1, 2178295=3, 7996768=4, 8563335=2, 19771021=2, 18455845=2, 10825247=3, 16467675=1, 19856081=1, 6220929=1, 13859365=1, 3321465=2, 3387474=2, 4120285=1, 13046954=3, 18923540=1, 28850073=6, 17296714=1, 30440352=1, 2790377=2, 21424394=1, 800616=5, 16639393=1, 24546939=2, 2429148=3, 25872000=1, 11337870=3, 16658067=4, 22316490=2, 16609009=1, 15807580=3, 25263136=1, 5746571=2, 7986521=1, 27882529=1, 11969425=2, 30461518=1, 26026387=3, 21046534=3, 18121459=2, 22069096=2, 23017791=3, 3939343=5, 9060050=4, 1216067=2, 3318014=2, 30790994=1, 12751894=2, 12545304=1, 25508375=3, 29997717=2, 15912631=1, 8599068=3, 5107017=1, 19208194=3, 10390739=2, 23088124=1, 3791007=1, 21840360=1, 9524516=1, 13117154=6, 14231219=3, 831936=2, 3567796=1, 21476218=2, 26249640=2, 6552519=1, 933644=4, 523859=1, 26649064=2, 12688145=2, 33434934=4, 27920434=4, 25711111=1, 1174736=1, 15185108=2, 26146555=1, 7331941=1, 6635657=1, 1116585=3, 12402680=3, 32789348=1, 9429590=1, 24510338=1, 20427125=2, 5762029=1, 29414681=1, 971739=1, 13216249=2, 2115787=1, 25638131=3, 31222548=1, 6138638=2, 7368684=1, 15831830=2, 26152299=3, 3474924=3, 17127668=1, 14737668=1, 1211585=1, 19938712=7, 17156027=1, 1406852=1, 33013841=1, 31235781=2, 12884515=2, 29627078=5, 3029940=4, 21251886=1, 4373912=2, 20464339=1, 15496522=1, 21488626=1, 17629923=3, 25096767=1, 14324180=2, 15864411=4, 9959220=1, 8992374=3, 19988327=1, 13743999=2, 9916521=1, 24327750=3, 27931552=4, 14569716=1, 32915821=1, 11146942=4, 9203677=1, 21548819=1, 8792975=4, 1919962=1, 26857426=1, 9143749=2, 2972835=1, 32726147=1, 14326966=2, 13959700=3, 16994809=1, 91948=1, 7548230=3, 25669594=2, 19787814=1, 28025650=2, 25585859=1, 12287293=1, 20362950=2, 23803508=3, 6931468=1, 6486888=1, 30532533=1, 19640552=2, 2599387=2, 14286523=1, 17490720=1, 8912454=1, 24733118=1, 25531329=2, 31408991=1, 5689115=1, 13858289=1, 2889604=5, 10423629=3, 8288703=1, 11185401=2, 28269640=1, 26224752=7, 25999127=2, 22855747=1, 18936643=1, 31227640=1, 3022194=4, 3328700=1, 16637666=1, 25939525=1, 1373698=1, 19821001=1, 3434548=1, 26628553=1, 24402607=1, 14056918=1, 32786095=1, 28279278=2, 28807070=2, 22613010=3, 23131307=1, 3973371=2, 31915469=1, 17607988=2, 17508945=3, 5006384=1, 17384563=1, 1492898=1, 12361296=2, 29711364=1, 33540507=1, 18668287=1, 26647300=2, 14685322=8, 32539107=2, 19682362=1, 28925022=1, 4020434=1, 4682884=1, 9104988=1, 27344250=3, 28564847=1, 31184804=1, 23364624=2, 30100982=1, 30805712=4, 29057152=1, 26276195=1, 18385980=2, 24923527=1, 30667002=1, 216963=1, 18683583=3, 17964840=4, 7296602=1, 24771861=1, 11504357=2, 17624703=1, 29281418=1, 23796128=3, 33072483=2, 4282231=1, 2335097=2, 33541781=1, 6132893=2, 25931343=2, 11174947=2, 5740168=2, 7860310=1, 18095311=5, 7901577=2, 10652299=2, 16616341=2, 12230974=2, 3360039=1, 28642607=3, 6156016=1, 15786393=1, 16572619=1, 31524391=3, 11246197=2, 27088238=1, 9864890=2, 7333019=1, 18055965=2, 26259201=2, 503407=2, 33417461=1, 30967607=2, 1828439=1, 14648867=2, 5924716=1, 17231817=1, 12198816=4, 5793846=1, 10716622=2, 31133075=3, 11949039=1, 18436446=1, 33077231=2, 19083408=3, 7264766=1, 16542688=1, 1954231=1, 6273423=2, 12024898=1, 32632583=1, 15984220=1, 13299691=1, 26947316=3, 9675346=2, 6011350=2, 3485961=3, 15652125=1, 29072463=2, 24367027=1, 20302872=1, 13787150=1, 24454262=3, 4413228=1, 26741062=6, 25921416=2, 24062693=3, 14699847=1, 23831708=2, 8313001=1, 15974334=2, 736431=3, 6186326=1, 32928682=1, 30820872=1, 31631120=2, 26730305=1, 31201325=5, 20938280=1, 24617562=2, 5187632=3, 13937851=2, 17926646=2, 28974246=4, 10336553=2, 13244358=4, 26709725=2, 11024639=6, 7826193=1, 15096189=1, 15608909=4, 9772395=3, 20576213=1, 29505438=4, 31745857=1, 25859540=2, 14122761=1, 31859896=4, 4737948=1, 21320065=1, 21534796=2, 13530020=1, 5179251=3, 17981657=1, 855378=3, 14471690=1, 17159925=1, 8256909=1, 47759=2, 20042926=1, 27884274=1, 28474075=1, 22647635=2, 8795839=4, 25617429=1, 31190965=1, 2161074=1, 10462421=2, 3860538=1, 9972381=6, 5584187=3, 4887496=2, 3307240=1, 9239366=1, 2783815=1, 13906542=5, 32090792=2, 29989466=2, 1794876=1, 29374589=9, 11125288=1, 24012843=1, 2281904=1, 6373677=1, 10172540=3, 29068224=2, 19695734=2, 22433369=1, 4179159=1, 672736=1, 32145550=2, 6327760=2, 30578879=2, 16062417=3, 9853414=1, 14106050=3, 24292056=2, 7912534=2, 28724198=1, 24585146=3, 4977763=1, 4922256=3, 31475619=1, 25374223=3, 14921799=2, 27720050=1, 229572=2, 9077140=2, 4302796=2, 32709882=3, 8279049=1, 30181043=2, 17139942=2, 6984347=2, 28706075=4, 8800084=1, 9969890=6, 23418199=1, 887194=2, 18593812=2, 21267355=2, 30149746=5, 24333225=1, 25101702=3, 30458482=1, 17031023=1, 4892119=2, 23426634=1, 20063632=4, 26906077=2, 31552749=1, 4121738=1, 16203433=3, 28389037=3, 14180159=1, 5662589=1, 9848558=1, 16758914=2, 5905150=4, 6612335=1, 29689864=3, 17661587=1, 27369672=2, 13931365=2, 23068809=8, 18784452=2, 7928350=1, 5059087=3, 1217723=2, 713247=1, 18220835=4, 23053728=1, 9764528=1, 4667983=3, 14979000=2, 21398864=2, 19737389=3, 6340939=1, 12103933=2, 599681=3, 8041641=2, 12701280=1, 9815255=1, 31871585=1, 19657645=1, 9450917=7, 21481172=1, 22594220=1, 14269004=2, 14047838=1, 28153266=2, 18678395=3, 23950632=1, 17306559=6, 2786425=2, 21246687=5, 3620439=3, 15564645=1, 20065285=4, 29007717=2, 20960738=1, 14952779=5, 774622=1, 18065546=2, 21213646=2, 26313356=2, 23334805=5, 23454318=1, 19975203=1, 3706595=2, 16793438=11, 13204486=1, 16823670=2, 4176326=2, 7939661=3, 3626940=1, 3954121=1, 26070930=1, 6372984=3, 25844739=1, 17701842=4, 12806734=1, 16261862=6, 27478278=1, 19778103=1, 12138124=3, 1487847=2, 10688054=3, 10988500=2, 26098852=4, 8532027=4, 25306220=4, 14917882=2, 21658648=1, 14147541=1, 12036033=2, 4849944=4, 11886516=1, 27809960=1, 22582332=2, 18396003=2, 20922851=1, 3318760=2, 27094144=1, 9554449=1, 4087997=1, 31308837=2, 25904766=1, 8261157=4, 12242479=1, 614519=1, 11908114=2, 1703227=1, 22894968=1, 8872793=1, 118057=1, 4451728=1, 27666898=4, 27408290=4, 28937933=2, 14290382=4]}> but was:<...Prime: 6 register: {[3427116=1, 4291549=1, 12260709=3, 8126950=5, 3939343=5, 1889080=1, 20970594=1, 19462732=1, 6088726=1, 16534198=1, 17306559=6, 14901648=1, 27927377=4, 2783815=1, 25825823=4, 17636884=3, 28025650=2, 12584805=9, 14290382=4, 18480115=1, 21175039=3, 25134647=2, 759942=2, 10390739=2, 764183=2, 29895541=6, 26647300=2, 23831708=2, 10409639=1, 33071873=2, 31966316=1, 31885734=2, 13413803=2, 32449417=3, 13249769=4, 11003070=1, 8579301=1, 32520904=7, 516870=1, 6186326=1, 17821798=1, 15185108=2, 31980401=1, 25101702=3, 4443469=1, 736431=3, 10652299=2, 1241065=1, 3402473=1, 22146134=1, 19610286=3, 6166567=4, 8142332=5, 6025315=1, 7148951=3, 17205229=2, 158824=1, 9104988=1, 23663882=3, 8279049=1, 8675710=1, 20408821=1, 23590352=1, 4020434=1, 1549953=2, 24546939=2, 24679295=2, 15786393=1, 1434605=1, 806511=1, 20562489=1, 12320676=1, 14368001=3, 10462421=2, 31552749=1, 17448126=4, 3029940=4, 11842114=2, 25686071=1, 6007188=2, 26224752=7, 6265098=2, 17607988=2, 9846806=1, 12242479=1, 17344492=2, 31205180=5, 6936587=1, 14147541=1, 16552599=2, 17007847=2, 887194=2, 25795352=2, 5521783=1, 4361866=2, 25689774=1, 25676184=1, 25604657=2, 27185261=1, 24384084=5, 27268285=8, 10540434=1, 23358979=1, 1216067=2, 9953388=1, 11569032=2, 6147256=1, 5214456=2, 13046154=3, 27806663=1, 18959262=1, 32999760=2, 25883333=1, 27078133=3, 9220035=2, 8204384=3, 27344250=3, 2209883=2, 834228=2, 29830962=3, 4302796=2, 21008427=2, 988892=3, 30387241=2, 14286523=1, 30578879=2, 12967658=1, 4120285=1, 23950632=1, 18282678=1, 29711364=1, 22854399=2, 17296714=1, 15295510=1, 23420749=1, 21155842=1, 28444456=4, 2669592=2, 5908959=4, 10855959=2, 21046534=3, 22792096=1, 27650169=1, 18784452=2, 12098225=2, 28556636=2, 599681=3, 11504357=2, 6428597=4, 28885888=1, 27333959=3, 23341916=5, 25270145=2, 26947316=3, 27555550=1, 32056096=3, 14917882=2, 13637320=7, 4526222=3, 15778490=1, 10742951=1, 28808733=2, 2889604=5, 10716622=2, 14040273=4, 31732406=5, 23649999=1, 5826386=1, 11949039=1, 23426634=1, 20130514=3, 21813685=1, 15181452=2, 14869266=1, 21309218=3, 30820872=1, 8912454=1, 13565836=1, 21840360=1, 16254931=6, 2319261=1, 27200966=3, 26527501=1, 22064241=2, 28299184=1, 16450439=3, 29410793=1, 23110513=2, 3006148=1, 19537853=4, 31690849=2, 33351089=1, 13799555=2, 15441602=2, 1164818=1, 24604637=1, 3451121=2, 12435897=1, 19682362=1, 29627078=5, 12688145=2, 5871264=2, 18491585=4, 32289619=2, 7860310=1, 8539499=1, 25027518=1, 14176175=1, 31330875=4, 4283749=1, 28943167=2, 4314095=1, 20888347=2, 2929089=2, 672736=1, 5670807=2, 18296964=3, 24943588=2, 30719604=2, 28474075=1, 29414681=1, 713247=1, 32201471=1, 20710940=5, 11463708=1, 15946938=1, 17889862=1, 27625701=2, 17848884=1, 21537371=2, 12743060=1, 25985162=2, 24617562=2, 5710619=3, 8799909=1, 30549030=4, 11806112=5, 335570=3, 2792020=2, 33541781=1, 73293=3, 11669763=4, 30847022=2, 17752548=1, 4174660=2, 32778645=5, 6132893=2, 8058243=1, 9815255=1, 23664750=3, 23112846=2, 25865705=2, 21746733=1, 9701257=5, 11140905=1, 1850740=5, 18921961=2, 3318760=2, 26249640=2, 15034131=1, 22839857=2, 4928221=3, 20457259=6, 8688809=2, 27094144=1, 23665323=3, 15998670=5, 2872989=1, 5710182=3, 17197501=1, 4610293=1, 26313356=2, 11101372=1, 18079652=1, 4161687=2, 29172029=3, 7368684=1, 6059945=1, 29940060=1, 3405643=1, 22963709=1, 20922851=1, 8283253=1, 10306034=1, 7233204=1, 31444986=1, 22563538=1, 13003486=1, 27369672=2, 25262415=1, 31336406=4, 14699847=1, 18385980=2, 25999127=2, 10354357=1, 32897924=1, 10193337=2, 7428753=1, 32835774=3, 30461518=1, 3975777=2, 11483073=3, 10169496=3, 8872793=1, 9416778=2, 2308416=3, 19208194=3, 13570102=3, 30100982=1, 22069036=2, 3022264=4, 23088124=1, 21251886=1, 4746647=1, 8255017=1, 12000460=3, 31222548=1, 28400157=1, 67430=3, 16203433=3, 20726232=1, 3216936=3, 14149550=1, 9061108=1, 25426067=1, 5379721=4, 30305202=1, 26948849=3, 10727588=2, 21649459=1, 3390336=2, 32808359=2, 11689812=1, 5662589=1, 27059541=1, 15216383=6, 11369385=1, 6387302=1, 31804702=1, 29281418=1, 2658575=2, 25831874=4, 12710127=1, 32613779=2, 21419651=1, 7179006=2, 9675346=2, 19246625=2, 17461735=1, 19771021=2, 5006384=1, 29683167=1, 10039069=3, 31308837=2, 18281503=1, 30940156=6, 13857652=1, 21291824=1, 30614704=3, 31475619=1, 2705479=1, 13712185=3, 22736529=1, 31049154=1, 6011350=2, 3077805=1, 9972381=6, 27201139=3, 22826162=1, 14589905=2, 12625518=2, 9735424=2, 6495258=3, 7121235=2, 21275235=2, 14389532=2, 13024122=2, 20601481=1, 19779884=1, 2239074=4, 25718893=1, 19507070=2, 12884515=2, 13204486=1, 18388367=2, 22316490=2, 22351846=3, 5961481=1, 29673102=1, 25398447=2, 21716778=1, 181610=1, 15766095=2, 1459877=1, 26709725=2, 3252911=2, 24923527=1, 18668287=1, 24482099=2, 23068809=8, 10433636=3, 10896791=1, 1898832=1, 7508316=2, 25761698=3, 16671475=1, 27654901=1, 6486888=1, 31465143=8, 31253073=1, 25931343=2, 1730045=1, 15268921=1, 9848558=1, 21164393=1, 25622017=1, 7051696=2, 19459594=1, 32089634=2, 26941417=3, 20042926=1, 12287293=1, 9640163=3, 5989981=1, 25819261=1, 91948=1, 16609009=1, 21139148=2, 12919407=3, 14693680=8, 691722=2, 31150947=1, 9287669=2, 26152299=3, 14955503=5, 1576735=6, 24807767=2, 16681316=2, 5264774=1, 31313722=1, 2536281=2, 4186863=1, 25374223=3, 28603613=1, 13419786=1, 27205954=3, 23364624=2, 26371277=1, 18678395=3, 1014400=1, 18065546=2, 7296602=1, 12395880=3, 22444840=1, 12329289=5, 4674407=1, 19042368=2, 803625=1, 23493428=1, 18006550=1, 24589923=3, 15508835=2, 19796060=4, 9231094=1, 800616=5, 32090792=2, 21567429=3, 26906077=2, 10785257=2, 29682107=1, 32642830=4, 6120763=1, 11096023=1, 12701280=1, 24410661=1, 31252924=1, 12611796=1, 31611366=1, 21725365=2, 10388954=2, 19709959=1, 30248740=2, 11724937=1, 1478018=2, 11569212=2, 23005068=3, 31201325=5, 31670133=3, 29482009=1, 4437624=2, 21481172=1, 16777913=11, 27603677=3, 5746571=2, 503407=2, 8090708=1, 10677670=1, 4282231=1, 7508588=2, 30519884=2, 9763027=1, 22742325=3, 13126547=1, 28724198=1, 3300214=1, 1038607=1, 33352406=1, 8409525=1, 21830532=3, 26098852=4, 6931468=1, 12402680=3, 19083408=3, 32690796=1, 28850073=6, 3318014=2, 870366=1, 2756079=4, 29505438=4, 16027274=2, 32539107=2, 17661587=1, 6030278=5, 3991587=1, 18593476=2, 26198487=1, 23773487=1, 2401972=2, 4849944=4, 18984532=2, 4852977=4, 28235861=1, 4949951=2, 31227640=1, 25263136=1, 16362780=2, 28269640=1, 4977763=1, 28642607=3, 9110565=3, 26730305=1, 18185133=1, 29161097=1, 26649064=2, 13051755=3, 21983326=1, 10226356=5, 32565765=1, 1038721=1, 21302141=3, 21678658=1, 12413126=1, 29428572=3, 29720788=2, 22648385=2, 1571379=1, 30491418=1, 20195241=5, 21272397=2, 8753047=2, 9246441=3, 12361296=2, 20848322=4, 10492545=8, 26146555=1, 14471690=1, 16293073=2, 19183394=2, 13342642=2, 19445322=2, 2320030=1, 16616341=2, 33493278=3, 25711111=1, 20302872=1, 31016135=1, 7365738=1, 3905049=2, 31511304=1, 3420709=5, 16780673=11, 7912534=2, 28783039=3, 21488626=1, 32928682=1, 29989466=2, 18987303=2, 25343602=2, 4533489=3, 23197107=1, 3377685=2, 3365706=1, 19591819=1, 3709885=2, 269072=5, 13926130=1, 23623466=1, 533948=6, 31492233=2, 9345761=2, 9384940=3, 4370520=2, 31745857=1, 14071657=2, 14234831=3, 14312678=1, 30353461=3, 16994809=1, 4597003=4, 3485961=3, 32320927=3, 29410039=1, 29068224=2, 16727343=3, 9524516=1, 52624=1, 5400669=1, 18593812=2, 13624405=1, 23631445=2, 13728624=1, 24410903=1, 2131387=2, 13552656=1, 990076=3, 15789279=1, 1828439=1, 790183=5, 8973027=1, 4096710=2, 25836729=4, 7333019=1, 31163259=2, 25859540=2, 28937933=2, 31689665=2, 6891247=3, 3321465=2, 21365364=4, 1016410=2, 9806441=2, 29471384=2, 8154695=1, 22199761=2, 9088786=2, 25380775=1, 1432404=1, 18737681=1, 32731612=1, 6134962=2, 18013020=1, 11434684=1, 28025468=2, 16823670=2, 9454186=1, 2441700=1, 7499132=1, 4422255=1, 29565180=3, 23861474=5, 17445125=4, 2335097=2, 10268271=2, 13160421=1, 27764113=2, 21172193=3, 12036033=2, 4887496=2, 6490162=3, 13284004=2, 6966159=1, 31943195=1, 2175695=3, 21863844=2, 26645156=2, 23224382=1, 15690167=1, 17097209=1, 14180159=1, 16982317=3, 10152487=1, 27060295=1, 27088238=1, 26276195=1, 32143832=1, 10943920=1, 24526563=4, 23152535=1, 9853414=1, 31849999=1, 1771078=3, 20558101=2, 10336553=2, 33000724=2, 20002290=3, 16762778=1, 23952850=1, 4922256=3, 23156667=1, 14472167=1, 15974334=2, 18118830=1, 24992707=1, 28520727=3, 6584093=1, 30395603=1, 33281176=1, 1063195=7, 27126499=1, 26736940=1, 17690864=1, 27720050=1, 19256626=1, 14711371=1, 20613538=2, 10080602=1, 30110855=1, 27179113=2, 29682036=1, 27185040=1, 20337254=1, 31904492=1, 27931552=4, 16261862=6, 14222528=3, 9077140=2, 12103933=2, 28461252=1, 17418670=1, 30310855=2, 9772395=3, 10110267=1, 25801194=2, 11990907=1, 29589931=2, 20868969=1, 31578983=1, 5271611=1, 16124509=4, 33540507=1, 15484495=1, 24405454=1, 28468351=1, 23323819=1, 13858289=1, 6635657=1, 10602320=1, 2296015=3, 5131803=1, 31564171=2, 5642187=4, 16483609=2, 14142168=1, 24292056=2, 15096189=1, 19037981=1, 18943457=3, 23796128=3, 8310556=1, 19099463=1, 23898318=2, 9614537=2, 13081391=2, 31455454=1, 26801279=1, 11235475=1, 5157248=2, 6433036=4, 15912631=1, 26458139=2, 15694532=1, 33410312=1, 25947715=1, 6321678=1, 10383898=1, 16283255=1, 24912256=5, 12113542=1, 1661674=1, 8715142=1, 13000373=1, 24585146=3, 24281916=2, 28126455=3, 25450860=1, 8579024=1, 3626940=1, 9130177=1, 8563335=2, 19580935=1, 31420877=1, 32317726=3, 32236574=1, 26070930=1, 14056918=1, 6220929=1, 21320065=1, 24484404=2, 3339014=1, 19149379=5, 31915469=1, 32928081=1, 24398036=1, 3706595=2, 22948521=4, 28706075=4, 14149650=1, 20969327=1, 11969425=2, 3070517=1, 21095524=1, 15206015=6, 2868969=1, 29853176=2, 20448057=6, 25872000=1, 3445967=2, 22958892=1, 29109682=5, 22855747=1, 6582812=1, 15489676=1, 9864890=2, 8619990=2, 13936151=2, 15864411=4, 30966317=2, 24531471=1, 17129908=1, 25882293=1, 24476154=1, 16608106=1, 30217820=3, 25580162=1, 10685787=3, 24968148=1, 28362788=1, 2541302=1, 25306220=4, 33165659=4, 28440121=1, 29013973=2, 17490720=1, 5598046=1, 28780852=3, 8313001=1, 16817643=2, 1013179=1, 2265077=2, 5341221=2, 18683583=3, 33077231=2, 30526032=1, 17384563=1, 22440711=1, 31006403=3, 29408167=2, 7273914=1, 17629923=3, 21285439=1, 14201973=2, 495615=2, 14750000=3, 32025336=2, 13937851=2, 30317760=2, 6540086=1, 25150569=1, 25839693=1, 23070361=8, 7404784=1, 8452050=1, 25855402=2, 5657909=1, 19936358=7, 23245552=2, 3403979=1, 2095759=1, 15337393=4, 7484059=4, 33326442=2, 27170188=2, 417597=1, 3760346=1, 27604938=3, 11048714=2, 25585859=1, 600842=3, 4451728=1, 30893179=1, 23413989=1, 30735876=1, 13209352=2, 17856697=1, 24678827=2, 1003629=1, 3496498=1, 16710281=1, 12138124=3, 21135778=2, 2646956=1, 3293335=1, 25492384=1, 4140556=3, 20771437=1, 4264350=3, 19048043=2, 10691005=3, 13720192=1, 18561373=3, 20581141=4, 27409257=4, 7740835=4, 17031023=1, 11505582=2, 30667002=1, 5740168=2, 9450917=7, 24711786=3, 21889755=4, 8966827=1, 29997717=2, 19305187=2, 1116585=3, 21745905=1, 12969560=1, 11246197=2, 32789348=1, 8931807=1, 2894543=5, 5107017=1, 9108989=1, 1368020=1, 14979000=2, 18055965=2, 23856236=5, 31190965=1, 7545166=3, 18163629=3, 33288310=1, 6658292=2, 22848036=2, 26551362=3, 28143269=1, 30440352=1, 20902874=1, 15653891=1, 18635104=1, 13421765=1, 28875498=2, 18939554=1, 21138070=2, 13743999=2, 33458460=2, 7901577=2, 14952779=5, 6903361=1, 19630819=2, 25538950=2, 6635932=1, 17086345=2, 7804927=3, 27183381=1, 28621380=2, 10888039=4, 31676478=1, 15336114=4, 31524391=3, 3567796=1, 21534227=2, 14326966=2, 23983960=1, 10118791=1, 32033626=1, 30458482=1, 21006338=2, 27849212=1, 29141929=2, 3617081=3, 5226675=1, 19700117=2, 3818747=1, 26650866=2, 7986521=1, 17701842=4, 933644=4, 9959220=1, 4737948=1, 26741062=6, 17508945=3, 8662=13, 14786970=2, 24445366=3, 27392324=1, 29272563=2, 1166322=1, 31222575=1, 8261157=4, 26376821=1, 31178939=1, 30945297=6, 23917073=1, 23823796=2, 26656905=1, 788066=5, 9645922=3, 13859365=1, 5297201=1, 10149080=1, 32747444=2, 17231018=1, 1765155=1, 12909112=1, 20575082=1, 26928030=1, 14536798=1, 18513136=1, 28669604=1, 1406852=1, 2143153=2, 18013585=1, 4812895=1, 22900267=1, 29919415=2, 25615113=1, 14016266=1, 14309348=1, 2588327=1, 1956735=1, 10120271=1, 22093532=3, 16658067=4, 13071353=1, 6671982=1, 7377976=2, 29388242=1, 22736268=1, 31579520=1, 4353623=1, 15496522=1, 29096948=1, 1250283=3, 32912852=4, 33254110=1, 26628553=1, 3687148=1, 32535477=1, 1794876=1, 24333225=1, 14869664=1, 30054762=2, 33056649=1, 26863629=1, 25288205=1, 21822335=1, 32468394=1, 32915821=1, 31421927=1, 3360039=1, 216963=1, 20174611=1, 7932822=3, 29689864=3, 21644879=1, 15821960=1, 11303744=1, 21206848=2, 12776871=1, 13299691=1, 17648388=1, 21392365=1, 32584230=3, 28679234=2, 7877681=6, 32246108=5, 31498675=2, 28505210=1, 2228106=1, 9599568=1, 15397009=1, 11852060=1, 17781019=1, 676485=1, 1087293=2, 25096767=1, 26954219=1, 5085940=2, 18790874=2, 16870650=1, 23826893=2, 24452539=3, 22022043=7, 26064606=2, 25492663=1, 28306675=1, 31909015=1, 5094524=2, 29553742=1, 16637666=1, 12809993=1, 19883740=1, 33072483=2, 6984347=2, 32806396=2, 30629896=1, 5762029=1, 33108915=3, 8761111=2, 24931857=1, 12144244=1, 13697846=3, 16904527=1, 23080943=8, 20225860=2, 12350814=1, 5584187=3, 14951424=5, 21476218=2, 19809275=1, 1417510=2, 18513639=1, 14778622=2, 9076355=1, 25219641=1, 28807070=2, 24709622=3, 13244358=4, 32064441=1, 19978751=1, 18173752=1, 20570987=1, 13069998=1, 24513290=4, 7264236=1, 23334805=5, 7863743=1, 11974907=2, 28203882=1, 3121702=2, 11650368=1, 6138638=2, 21416657=1, 30944193=6, 24570644=1, 10879417=4, 29153662=1, 2037456=3, 8790335=4, 3222230=3, 9834845=4, 22894968=1, 23586586=1, 10591484=2, 10988500=2, 8014159=1, 9429590=1, 11711709=2, 9390897=1, 32545455=2, 884963=2, 18420923=3, 14840018=1, 17323918=1, 32709882=3, 32612229=2, 33267517=2, 9085272=2, 17116775=3, 32036064=1, 4138095=3, 16554583=2, 28656939=1, 27870104=1, 10139443=2, 32726147=1, 26493898=1, 23993207=4, 9820600=1, 1866629=1, 25531329=2, 22258815=2, 28925022=1, 24062693=3, 13959700=3, 24402607=1, 28057554=5, 11908114=2, 10923351=2, 12806734=1, 31184804=1, 25745084=1, 14565433=1, 10651430=2, 30140733=1, 25638131=3, 16811345=2, 3027916=4, 8288703=1, 21679382=1, 1957603=1, 2866860=2, 20938280=1, 23263317=1, 23819431=1, 9787004=1, 16374482=1, 7465379=1, 6373677=1, 18435307=1, 29777509=1, 1884069=2, 13047010=3, 16137063=4, 11310775=2, 13828760=3, 10437847=1, 9203677=1, 1357180=2, 32809235=2, 18220835=4, 21246687=5, 28389037=3, 2865604=2, 10224489=5, 5689115=1, 18669571=1, 21644028=1, 7833961=2, 28710557=4, 21354584=1, 8235337=2, 25554185=1, 27713666=1, 1174736=1, 15918490=1, 11758573=1, 4054245=1, 15976828=1, 11153300=4, 1582331=6, 5379413=4, 8440884=1, 26026387=3, 11146942=4, 14269004=2, 12436281=1, 6416091=1, 24351483=2, 15746430=1, 27408290=4, 16643109=1, 23120574=1, 22582332=2, 23307703=2, 6552519=1, 294417=1, 12026502=2, 2902321=1, 13529742=1, 3486750=3, 25218230=1, 31272320=3, 30462502=1, 19778103=1, 5156073=2, 19176454=2, 16624677=2, 13876489=2, 25844739=1, 22647635=2, 4239522=2, 27650008=1, 19000634=1, 11132487=1, 6372984=3, 25805530=1, 9554449=1, 9915509=1, 13980968=1, 7142380=1, 21113131=4, 22092837=3, 8530812=4, 31235781=2, 30805712=4, 28623498=1, 21494494=1, 8800084=1, 10817568=3, 22388758=2, 11484110=3, 17951223=1, 15652125=1, 8168123=2, 7654911=1, 2751636=1, 32695447=1, 3328700=1, 1436514=1, 27452930=1, 14793574=2, 5754508=1, 30134006=1, 11630622=1, 10245584=1, 11886516=1, 4688260=2, 12158239=2, 13787150=1, 12751894=2, 28039490=1, 32221330=2, 28281753=2, 774622=1, 23854067=1, 17282066=2, 33434591=4, 17641102=3, 17202129=1, 4839446=1, 10688054=3, 5971854=3, 10640981=1, 4200024=9, 22654108=2, 27616260=1, 13483388=2, 11185401=2, 5029273=2, 8992374=3, 26733042=1, 11290105=1, 29007717=2, 4829866=2, 19808333=1, 13046736=3, 4176326=2, 30915734=2, 13429816=1, 14625273=3, 32548393=2, 26079985=1, 229572=2, 10479334=1, 13900875=5, 2375399=5, 32365878=1, 32675777=2, 24327750=3, 32612311=2, 3387474=2, 19787252=1, 26655695=2, 6273423=2, 18938452=1, 3010020=1, 31789181=3, 19522553=1, 29895499=6, 29557081=3, 20362950=2, 16374888=1, 14122761=1, 7139920=1, 3791007=1, 17223073=1, 19831404=2, 1131554=1, 21420700=1, 21634248=4, 30245420=2, 16654775=4, 29370167=9, 6231922=3, 15831830=2, 9276741=2, 971739=1, 27885680=2, 19966565=2, 24056673=3, 18173824=1, 25544914=1, 2735408=2, 17964840=4, 14737668=1, 8795839=4, 28505831=1, 13117154=6, 20953527=2, 21351828=1, 422657=1, 7388325=2, 26505769=1, 3034637=1, 13530020=1, 523859=1, 24733118=1, 21859438=2, 15260512=1, 21326149=1, 1745546=2, 33310414=1, 25767217=3, 1372215=1, 19695734=2, 26263911=1, 15984220=1, 28861691=1, 11847208=1, 20921253=3, 32945310=2, 25829642=4, 31631120=2, 14041983=1, 32425380=1, 831936=2, 12393046=3, 21388169=1, 26857426=1, 32109069=1, 778945=1, 3954121=1, 21305270=3, 31197358=5, 3938380=5, 27344633=3, 3836801=2, 15564645=1, 17156027=1, 14231219=3, 7635837=2, 27288312=1, 2680882=1, 2880677=1, 27666898=4, 6923080=2, 8256909=1, 16614955=2, 23454318=1, 203290=3, 12804544=1, 14122614=1, 10595568=2, 24999352=1, 32072602=1, 5179251=3, 19890305=2, 28858606=1, 8145277=1, 22814926=5, 8332984=3, 17274874=2, 5905150=4, 20941777=2, 31718127=1, 1337768=1, 4850698=4, 26671837=1, 28147649=1, 16515883=5, 18755564=4, 8197863=3, 16542688=1, 10303280=3, 15208820=6, 9969890=6, 15238806=2, 33016641=1, 12024898=1, 31136612=3, 1381610=3, 16827885=1, 16291078=2, 9027426=2, 8207004=3, 8435527=2, 5523248=1, 31716962=1, 2134511=2, 33013841=1, 30149746=5, 5704446=3, 26899241=1, 8599068=3, 4373912=2, 22894253=1, 1295880=1, 27894062=2, 16796843=1, 16719749=3, 32542287=2, 25883685=1, 23676977=1, 28254067=3, 19988327=1, 28940925=2, 17574255=5, 28326500=7, 3446915=2, 10394179=2, 17313920=6, 13906542=5, 12198816=4, 3509155=2, 5813891=2, 4201969=9, 29161017=1, 22433369=1, 662194=4, 22209223=1, 3528908=1, 15020653=3, 5680476=2, 9320365=4, 8028604=2, 3905646=2, 1703227=1, 27478278=1, 3743137=3, 6624812=3, 14047838=1, 22486491=3, 20087761=2, 32252512=5, 18040080=1, 10612335=1, 28191979=4, 28325819=7, 33417461=1, 14665837=1, 8988380=3, 23463879=4, 26853016=2, 17853213=1, 7264766=1, 24454262=3, 5924716=1, 18121459=2, 5478133=2, 32559369=1, 13583975=1, 22917393=2, 4707220=1, 498711=2, 10336727=2, 28279278=2, 5187632=3, 30387284=2, 17159925=1, 11566723=1, 11802261=5, 10172540=3, 1897027=1, 31903583=1, 25759910=3, 8378199=1, 28246397=3, 7548230=3, 28564847=1, 25584333=1, 20456482=6, 32872638=2, 16887315=2, 33214684=1, 25617429=1, 9916521=1, 18923540=1, 25888556=3, 17595255=1, 17231817=1, 15195557=1, 24299477=1, 12256938=3, 4667983=3, 29072463=2, 19466333=3, 14569716=1, 4121738=1, 31857079=4, 10846658=2, 15179569=2, 9193395=1, 7891463=1, 12118547=1, 2115787=1, 27384820=1, 10052636=1, 24260937=4, 25771275=3, 7013981=3, 11819696=1, 20158642=2, 1246529=3, 5669125=2, 26989254=1, 10718321=2, 11732515=3, 9350531=2, 33342019=1, 1946816=2, 21267729=2, 21424394=1, 20744972=2, 9320899=4, 28966879=1, 28994899=1, 29248006=1, 24012843=1, 25603951=2, 4351323=1, 27727684=3, 18709786=1, 7420292=3, 27293612=1, 25091884=1, 811851=1, 17332140=1, 5002649=1, 32923905=1, 614519=1, 2697886=3, 27933226=4, 334181=3, 23460481=1, 23803508=3, 16990254=1, 9791399=1, 30298481=1, 3893031=1, 30967607=2, 16337200=1, 17624703=1, 7928350=1, 5989805=1, 5059087=3, 7560652=1, 3788542=1, 20065285=4, 23017791=3, 4866458=1, 29869730=1, 15669084=3, 17275732=2, 13931365=2, 21658648=1, 29898151=6, 30289254=4, 29262495=2, 4265426=3, 9681905=2, 4092344=1, 22613010=3, 14158065=6, 28297883=1, 28153266=2, 17580913=1, 27224383=1, 3860538=1, 16333372=3, 22185766=2, 2458531=2, 9806322=2, 28950942=1, 350497=1, 22873225=3, 7173524=1, 3474924=3, 16062417=3, 13744842=2, 22857124=1, 33434934=4, 25434380=5, 9799016=2, 24717761=3, 27328828=3, 17369825=3, 31379561=1, 26886735=1, 27821513=2, 478139=1, 23418199=1, 7282959=3, 27587289=1, 26534183=1, 5198417=1, 29505152=4, 19821001=1, 3434548=1, 2281904=1, 17344284=2, 13046954=3, 4613029=1, 30246010=2, 2368673=5, 20035414=2, 16572619=1, 27454941=1, 7017303=3, 19938712=7, 15862743=4, 30191269=2, 31941493=1, 18749373=4, 28740068=2, 20365725=1, 7581157=2, 32307561=1, 27809960=1, 30011071=1, 18070562=2, 5120675=4, 15131764=1, 27167984=2, 30272217=1, 32214209=2, 25817234=1, 31133075=3, 18095311=5, 22258061=2, 27610627=1, 16395339=4, 10454394=2, 10113697=1, 21026350=1, 24748237=2, 3193612=2, 14013836=1, 21309762=3, 29374589=9, 32497258=1, 21213646=2, 24671074=1, 7322315=2, 148411=1, 9176251=5, 20450018=6, 19737389=3, 16650721=4, 5938561=2, 25669594=2, 24790713=1, 14859069=2, 9989255=1, 7585059=2, 5023189=2, 16950491=2, 17139942=2, 21766747=5, 809552=1, 1970854=4, 26047555=1, 18946745=3, 27489841=1, 17979387=1, 3620439=3, 26781100=2, 19640552=2, 746095=1, 27882529=1, 7840371=2, 23301762=2, 23319026=1, 27802639=6, 16260782=6, 5556684=1, 11268457=1, 22915644=2, 15048498=2, 27378480=1, 8734993=1, 1835662=5, 3248182=2, 25164794=1, 6810520=1, 534468=6, 22199377=2, 33392158=2, 4179159=1, 4892119=2, 15418522=1, 31845298=1, 26178412=1, 11293518=1, 10737524=1, 6327760=2, 1722956=1, 32632583=1, 32139645=1, 8249649=1, 16328004=3, 7478801=4, 10721485=2, 13265083=1, 29788291=2, 16480780=1, 18396003=2, 4682884=1, 8503495=1, 7430725=1, 32786095=1, 22611263=3, 5454827=3, 27111481=2, 7538738=3, 33204292=2, 27100035=2, 47759=2, 23187290=1, 18956070=3, 20234602=1, 4219041=1, 7710501=2, 9242940=3, 24713325=3, 8218031=1, 17926646=2, 12681138=1, 6340939=1, 29468075=2, 24836152=1, 11725599=1, 878298=1, 5791538=1, 9438773=7, 15645111=2, 16346804=1, 24766497=1, 14950099=5, 22363432=3, 21398864=2, 29001081=2, 16443778=1, 9421503=1, 31408991=1, 1623662=1, 25370222=3, 1954231=1, 28974246=4, 28609469=2, 17747241=1, 11259827=1, 16639393=1, 27939821=1, 25654631=1, 8532027=4, 315883=1, 16793438=11, 3463259=1, 11024639=6, 22471185=1, 19975203=1, 6538710=1, 19028573=1, 26259201=2, 28068401=1, 25508375=3, 3186137=2, 3277046=4, 6156016=1, 15492104=1, 29253745=1, 19618283=1, 13478638=2, 3936736=5, 24510338=1, 4087997=1, 19856081=1, 13033582=1, 22386801=2, 18936643=1, 6438505=4, 1373698=1, 16799755=1, 1643950=3, 31329671=4, 25490128=1, 24461639=1, 17127668=1, 32740660=2, 7637571=2, 12230974=2, 11096547=1, 855378=3, 31859896=4, 9239366=1, 29057152=1, 10098974=4, 19714260=1, 13160095=1, 27255506=1, 16575088=1, 1556213=2, 25904766=1, 22594220=1, 18168803=3, 22069096=2, 8283949=1, 30691718=1, 13663556=1, 5565992=1, 25788851=2, 27500555=2, 16467675=1, 15747512=1, 23131307=1, 28245836=1, 20960738=1, 1211585=1, 4317001=1, 20063632=4, 12199719=4, 14433865=5, 8708089=1, 15219009=6, 20464339=1, 8203389=3, 32214252=2, 12268775=3, 1750127=2, 17452654=1, 24432836=1, 11807950=5, 7058037=2, 589476=1, 8940129=1, 24367027=1, 21548819=1, 18065688=2, 17703533=4, 17436735=4, 18241357=1, 22068340=2, 22320263=2, 11838780=2, 2429148=3, 12545304=1, 14921799=2, 14685322=8, 30181043=2, 4413228=1, 14363186=3, 9633695=1, 9764528=1, 8108063=2, 8353316=1, 13422190=1, 13216249=2, 23384072=1, 13018024=2, 23045594=2, 18431276=3, 11174947=2, 8607406=1, 12534763=1, 15917915=1, 10961145=1, 7103941=1, 19864529=3, 4283818=1, 14648257=2, 27884274=1, 5793846=1, 32525268=1, 17981657=1, 15791256=1, 6976903=1, 11568947=2, 29809988=1, 9060050=4, 27920434=4, 2770418=1, 31585208=1, 15494830=1, 17227939=1, 17425877=1, 10825247=3, 25145892=2, 8458350=3, 17333809=1, 7741368=4, 1860860=1, 7408747=3, 14729854=1, 4575554=1, 9936136=2, 18488009=4, 8301409=2, 1217723=2, 32145550=2, 18894894=1, 25140262=2, 12333201=5, 16486735=2, 16611618=1, 21208287=2, 15741376=7, 30532533=1, 16568818=1, 18436446=1, 31227701=1, 8041641=2, 118057=1, 16622601=2, 3237913=1, 19787814=1, 7826193=1, 633544=2, 13855976=1, 20426028=2, 3364762=1, 2499784=4, 21267355=2, 6411508=1, 1487847=2, 15807580=3, 21149216=2, 15568558=2, 216936=1, 9143749=2, 24795234=1, 19490233=1, 9586971=1, 1477712=2, 32534868=1, 14749718=3, 14324180=2, 14939229=1, 21543075=2, 23474363=4, 18229648=4, 15071813=1, 2112064=8, 23810866=1, 32085665=2, 11512007=2, 3022194=4, 14106050=3, 29702209=3, 3835084=2, 23220662=1, 5916690=1, 1873664=2, 28752366=2, 24349623=2, 507367=2, 25586627=1, 3973371=2, 15608909=4, 6256042=1, 29484596=1, 20006598=1, 19657645=1, 25400411=2, 19498049=2, 32198920=1, 30616490=3, 1914801=3, 20576213=1, 31663252=3, 23163346=1, 16678311=1, 32856952=1, 21534796=2, 9205806=1, 1492898=1, 9891608=1, 840496=1, 13644062=7, 23548025=1, 16422611=2, 31679182=1, 27772031=1, 20071464=1, 4085271=1, 2599387=2, 7110270=1, 26386712=2, 18206323=1, 2178295=3, 23048583=2, 9118805=3, 28669251=1, 191426=1, 18659058=2, 28096569=2, 3307240=1, 15656996=1, 20676247=1, 11337870=3, 29017635=1, 6665076=2, 23690908=1, 29853897=2, 8792975=4, 25087794=1, 25848394=1, 2161074=1, 12901729=1, 10382234=1, 16827762=1, 6287129=1, 26379332=2, 11857965=1, 13593447=1, 20971445=1, 6467041=2, 16272132=1, 24771861=1, 8802108=1, 3095299=3, 14522483=2, 2422815=1, 11282572=5, 7331941=1, 21366383=4, 15597405=1, 30348657=3, 21199871=1, 1919962=1, 10666364=1, 24568664=1, 30183654=2, 6452444=1, 16846706=3, 26726904=1, 2997052=2, 26945891=3, 18455845=2, 6425156=4, 5174626=1, 17801306=2, 10423629=3, 28409266=1, 25454202=1, 9602199=2, 23053728=1, 11125288=1, 2972835=1, 3017272=4, 29428268=3, 24472292=1, 8287991=1, 29807017=1, 33044639=6, 26534467=1, 32823665=1, 19936966=7, 30734454=1, 30790994=1, 10648701=1, 25745424=1, 16758914=2, 26926975=1, 20328770=4, 23533278=3, 11739532=3, 14648867=2, 29436429=3, 9595828=1, 17240880=3, 16827262=1, 25939525=1, 1866078=1, 11604034=3, 2969501=1, 7939661=3, 21214531=2, 3719436=1, 5092208=2, 6612335=1, 24079729=1, 7451253=2, 31871585=1, 20427125=2, 30951786=1, 22598901=1, 29551529=1, 24029165=2, 10192172=2, 18303109=1, 2786425=2, 6325049=2, 32411614=2, 26789100=1, 3310964=2, 5250170=7, 7676535=3, 24433722=1, 7996768=4, 19738296=3, 24262360=4, 6707423=1, 14574711=1, 29478275=1, 2790377=2, 28989434=1, 4438276=2, 17859736=2, 25921416=2, 16898309=1, 29119060=1]}>
	at org.apache.hadoop.hive.common.ndv.hll.TestHLLSerialization.testHLLSparseSerializationHalfDistinct(TestHLLSerialization.java:119)
]]></failure>
  </testcase>
  <testcase name="testHLLDenseSerializationHalfDistinct[6]" classname="org.apache.hadoop.hive.common.ndv.hll.TestHLLSerialization" time="0.036"/>
  <testcase name="testHLLSparseNoBitPacking[6]" classname="org.apache.hadoop.hive.common.ndv.hll.TestHLLSerialization" time="0.166">
    <failure message="expected:&lt;...Prime: 6 register: {[9398006=1, 17919250=1, 20245285=1, 12404015=1, 2513030=1, 30971149=2, 112469=2, 1063063=7, 11862461=3, 7364817=1, 28581430=5, 31570742=2, 12283926=1, 4083757=1, 30327058=1, 15950550=1, 19466410=3, 22592633=2, 31308158=2, 2553529=1, 17726544=1, 26999402=1, 12508543=1, 24794980=1, 27772246=1, 17145069=2, 11140694=1, 33476371=1, 26385448=2, 26041472=1, 16781419=11, 11564288=1, 11799297=5, 18962614=1, 29036194=3, 29686719=1, 19186058=1, 22343717=1, 15800816=3, 32600208=1, 28084169=2, 20389755=3, 9070696=1, 6828068=6, 4342028=1, 20739623=1, 2677343=1, 9833765=4, 12492982=2, 3721561=1, 23965772=2, 13839243=3, 20435598=1, 30785=1, 381020=1, 12718000=4, 25639769=3, 11478345=3, 19163652=1, 29823977=3, 18095002=5, 7890102=1, 7967205=2, 634208=2, 13112093=6, 10953545=3, 10077258=1, 30812633=4, 4905504=1, 24934703=1, 11863125=3, 11976874=1, 3332767=1, 23716100=1, 18063879=2, 2027927=1, 1907358=3, 13725386=1, 12599297=1, 15338392=4, 23847429=1, 4751921=2, 2765147=4, 9397103=1, 32430738=1, 12894249=1, 14990455=2, 9896139=3, 1041513=1, 31566858=2, 6603853=1, 4836241=1, 29098930=5, 30729383=1, 11903699=2, 4055289=1, 32707164=3, 33504574=3, 9543696=2, 10747209=1, 28767838=1, 8291231=2, 29372260=9, 11415726=4, 15003607=1, 27376397=2, 18864353=1, 207122=3, 12808984=1, 9997467=2, 158177=1, 17419720=1, 18200011=2, 32493302=1, 22437529=1, 9596163=1, 27807968=1, 5683931=2, 32627753=1, 3104117=1, 13818751=1, 21546559=1, 23653055=1, 17077986=2, 16410942=1, 21166641=1, 8124509=1, 30653749=2, 16305080=1, 2975568=1, 33408861=1, 6702204=1, 5335054=1, 24107234=1, 6170398=4, 32838924=3, 8660517=5, 19582307=1, 26976592=2, 6347459=1, 6055334=1, 1217951=2, 28614315=2, 11723982=1, 849557=1, 604246=3, 16261864=6, 26766021=1, 17143856=2, 33434770=4, 22950374=4, 3405402=1, 28404453=1, 14677485=1, 13631125=1, 25162614=1, 29777574=1, 22800235=1, 1744764=2, 5651357=4, 18025922=3, 8481088=1, 6383257=1, 23099268=1, 7377642=2, 12643348=1, 5170373=1, 10284005=1, 5509822=5, 14078821=1, 24848297=3, 27132962=4, 23913876=1, 17841713=7, 22922549=1, 32293972=1, 31243124=2, 32354302=2, 13174059=3, 18036953=3, 27749479=1, 9200140=1, 15914285=1, 9617058=2, 11760698=1, 30416892=7, 6801513=1, 2271925=2, 17832326=7, 24938929=2, 17133312=1, 26936154=3, 15567077=2, 10368634=4, 7225277=4, 21439348=3, 17554965=1, 22738333=1, 20526939=3, 24444306=1, 1578122=6, 7780527=2, 15012886=3, 30873577=3, 13634261=7, 28084146=2, 23294432=1, 30142488=1, 29573517=1, 19418206=1, 28945563=2, 4601766=4, 14136305=2, 7936216=3, 25236222=3, 3396749=1, 23571212=2, 25652009=1, 4180920=1, 10764342=1, 26919320=1, 7587295=1, 11993111=3, 29178168=3, 27406294=4, 20404500=1, 4719633=6, 21013232=2, 6577504=1, 26895166=1, 24955303=1, 28581759=5, 17944182=1, 33193211=1, 15663765=3, 6764047=3, 12627713=2, 14974134=1, 30666297=1, 26985214=1, 7581968=2, 5674797=2, 9262689=1, 3731136=1, 32638304=4, 21093433=1, 28886725=1, 19679415=1, 15795090=3, 5628521=1, 8552244=1, 32628191=1, 29078840=2, 11624110=1, 28955817=1, 4166054=2, 608516=1, 8771607=1, 20681045=2, 28315008=7, 22671613=1, 7437837=1, 5764317=1, 6110460=3, 16296825=2, 17217473=2, 11409222=4, 27956686=2, 24403720=1, 32546235=2, 20623179=2, 14323980=2, 1631451=1, 26233943=1, 21343336=2, 21240469=5, 29702811=3, 9101562=1, 5039946=1, 7175505=1, 11156550=4, 18409652=1, 27734633=3, 28911883=3, 10055175=1, 5864471=1, 7018263=3, 51100=1, 6867736=1, 23793072=3, 16428107=2, 16065960=3, 19361480=1, 20261742=3, 7876840=6, 31280397=1, 4063923=4, 10656557=2, 7408166=3, 25815384=1, 6625884=3, 26029005=3, 23182842=2, 5201513=1, 18278607=1, 24974824=3, 7292402=1, 32926427=1, 23289470=1, 19326908=1, 17090498=1, 22039648=1, 18231513=4, 796854=5, 8140783=5, 29537072=2, 12609084=1, 23439438=2, 32611478=2, 25224053=1, 17873613=2, 9775939=3, 32969858=3, 1530503=1, 10470316=1, 186008=1, 28350298=2, 10649730=2, 14414500=1, 13921691=1, 13170866=1, 30097622=1, 28971348=4, 21708593=3, 20796723=1, 24110978=1, 12690458=2, 28734519=1, 1209764=1, 7735322=4, 32501112=1, 23539206=3, 8311873=1, 24626936=1, 33145566=1, 6683257=1, 30962412=1, 4621426=2, 16512741=1, 25362418=1, 8710405=1, 21210858=2, 32615076=2, 19492322=1, 28693297=1, 13595614=1, 2734329=2, 2115564=1, 25207030=2, 5020714=2, 26415417=3, 12045522=1, 24738245=1, 12647279=1, 19278985=4, 30974720=2, 30083103=3, 10905946=1, 8239231=2, 7979266=1, 30377803=2, 19143530=5, 10439519=1, 12836693=1, 31789279=3, 19393993=1, 6754401=3, 15510085=2, 29248868=1, 27878554=1, 7552575=3, 31880926=1, 26249098=2, 13707454=3, 15348408=4, 16614639=2, 19339216=3, 1845756=5, 26615093=4, 24308858=1, 31222618=1, 27176277=2, 14652131=2, 10488270=8, 28698533=1, 7380833=2, 21266109=1, 2424993=3, 29467897=2, 7298124=1, 11062191=1, 11086003=3, 23385833=1, 10664607=2, 14485113=3, 17150343=2, 14919945=2, 33043087=6, 13570782=3, 15004612=1, 27516056=1, 11779778=2, 21542767=2, 19856005=1, 13638520=7, 9277721=2, 21681728=1, 26579350=2, 26599715=1, 4224106=1, 18649055=2, 23903741=2, 16117168=1, 10104237=4, 23768092=2, 20580778=4, 17822017=1, 13845107=1, 16124677=4, 17376177=3, 17824513=1, 21943612=1, 25771888=3, 9088343=2, 2068556=2, 17556457=1, 9851618=1, 7967665=2, 16772001=1, 17355782=1, 15433895=2, 1337684=1, 29829117=3, 25224483=1, 27568490=2, 18787223=2, 10384875=1, 28706831=4, 13625138=1, 3704336=2, 11169966=1, 5084278=2, 16499323=1, 27825562=2, 18068841=2, 17292125=1, 7673622=3, 26074141=1, 32433550=1, 32864585=1, 25378122=3, 440808=2, 20001202=3, 22092368=3, 8543646=1, 13186409=3, 13205621=2, 1069793=1, 4475941=1, 23558747=1, 33531587=2, 21604887=2, 15070123=1, 5765894=1, 17431677=1, 6813291=1, 28121450=3, 23701167=2, 28585143=5, 31065491=4, 30703784=2, 4051275=1, 9352662=2, 25976294=1, 23042112=2, 30811630=4, 16355460=2, 17571573=5, 24774724=4, 17123309=1, 9157409=2, 19136812=5, 17994175=2, 12454576=4, 2604832=2, 11864917=3, 16338149=1, 15305271=2, 10102580=4, 25729678=2, 21897702=4, 28029746=2, 18883173=8, 6471671=2, 23204970=4, 18639160=1, 19169542=2, 4465497=5, 28024438=2, 23589103=1, 12751849=2, 24069722=1, 26790333=1, 24956605=1, 19796906=4, 22301096=1, 27672622=1, 12875033=1, 11218431=3, 27439994=2, 13496070=1, 5398936=1, 26157525=3, 7178280=2, 2330492=2, 5856622=1, 963262=2, 31182411=1, 5026177=2, 8916882=6, 31873418=1, 2225320=1, 14218369=1, 21594614=2, 4421795=1, 21940360=1, 20879080=2, 27594779=3, 2901523=1, 1023874=2, 29731659=2, 8940105=1, 22144774=1, 2063027=1, 20495785=2, 13393264=1, 33128498=2, 29224552=1, 19153233=1, 26457731=2, 8625323=2, 3891972=1, 29082214=1, 21832496=3, 2922504=2, 18094329=5, 20059531=4, 4688310=2, 24537240=1, 31763005=2, 22989862=1, 14852140=2, 33362008=3, 25862076=2, 24914946=5, 14071190=2, 10612031=1, 26589070=2, 23357136=1, 27455298=1, 26638718=1, 14591385=2, 1375609=1, 5272188=1, 18810479=3, 31375338=2, 32281659=2, 23292324=1, 18153555=3, 21590138=1, 668756=4, 1158432=2, 5453790=3, 17465590=2, 9485336=2, 20800129=1, 2751240=1, 15998558=5, 31647523=1, 3828517=1, 26644812=2, 26031265=3, 19515549=1, 22906193=2, 18074369=1, 1087939=2, 19788081=1, 21045567=3, 32123511=4, 18707319=1, 20098219=2, 14082344=1, 1037620=1, 31003745=3, 14634303=1, 29417352=1, 3426910=1, 4073628=4, 10784688=2, 12338860=1, 2431705=3, 2872407=1, 20751306=2, 14528372=2, 17979214=1, 13889069=1, 19267731=4, 18060869=2, 25726316=2, 17206484=2, 3371081=1, 30721025=1, 15129401=1, 16491319=2, 20352892=2, 28083090=2, 19351811=1, 988024=3, 8789604=4, 10884786=4, 13896629=5, 2294556=3, 32557993=1, 3167653=1, 1483869=2, 30991345=1, 10047338=1, 7864696=6, 6248973=1, 11485174=3, 28468964=1, 31645777=1, 3198752=1, 22522973=2, 2712685=1, 16683631=2, 6723205=2, 20925329=1, 20589537=4, 31339520=4, 27070361=3, 1628443=1, 21616289=1, 25257711=1, 31129131=1, 23862909=5, 9215929=2, 16813508=2, 3223226=3, 14987014=2, 32873198=2, 19558841=1, 9910387=3, 27785668=1, 6299392=8, 26309795=1, 21874214=1, 15448929=2, 32442824=3, 659838=4, 32408416=2, 25663962=2, 12892819=2, 436128=2, 24087405=2, 20791897=1, 4716846=1, 21695601=3, 16712094=3, 6760076=3, 6239148=3, 29488526=1, 23123742=1, 30397497=1, 28413032=2, 24636008=1, 2576650=1, 10906153=1, 7542308=3, 1997469=1, 22087149=3, 15020125=3, 3509313=2, 8618545=2, 13705231=3, 207054=3, 22715046=2, 24712937=3, 25168387=10, 32404627=1, 32167602=1, 266820=5, 31671387=1, 5287863=2, 20939367=2, 20471069=1, 18173316=1, 33258519=1, 25648447=1, 21670711=2, 9661864=1, 14492967=3, 10487256=8, 30278935=4, 30207934=1, 18846729=2, 22186744=2, 2866784=2, 27745170=1, 2503229=4, 17568647=5, 20250142=1, 8402462=10, 21855821=1, 27463=1, 27290800=1, 904292=1, 24321734=3, 14993489=1, 29795585=2, 27254636=1, 9906996=3, 6412481=1, 3555034=4, 3791512=1, 15385910=1, 30767652=1, 25280683=1, 20904189=1, 29795546=2, 26990152=1, 24967360=1, 24581764=3, 28156488=2, 12212991=1, 6341173=1, 1298743=1, 12793413=3, 17670014=2, 7842130=2, 19258757=1, 12053444=1, 12411296=1, 33119321=1, 11039691=1, 32675664=2, 15263199=1, 14600293=1, 15325372=1, 20097106=2, 7678462=3, 19383597=1, 17493851=1, 1068495=1, 8330290=3, 32475936=2, 843300=1, 10466120=2, 6264284=2, 29179666=3, 24792334=1, 31620160=1, 10944937=3, 32875927=2, 6047994=1, 13879439=1, 17147452=2, 22540854=1, 32092565=2, 5234102=1, 2352811=1, 30825073=1, 3617329=3, 6651564=1, 24905614=5, 17977320=1, 24482178=2, 21579495=1, 20056516=4, 22375328=1, 20544744=1, 9502715=1, 22953289=4, 13638276=7, 7564822=1, 12023342=1, 23760997=2, 30880849=3, 10622467=4, 27000314=1, 6948945=4, 21640025=4, 19576773=2, 27998672=3, 28824314=1, 462338=3, 6123321=1, 26981629=2, 19258634=1, 29737518=1, 31065109=4, 19565924=2, 8224704=1, 14532772=1, 12285404=1, 32946519=2, 31995483=6, 1893425=1, 16157433=2, 16534919=1, 15213600=6, 25789997=2, 15589393=1, 31119171=1, 28403254=1, 14503859=1, 27948854=1, 13208233=2, 13258888=1, 14194762=2, 12957513=2, 23422928=1, 12947267=2, 1811726=2, 3178410=1, 12882863=2, 17018120=2, 13262279=1, 14618960=3, 16760126=2, 1548902=2, 13456977=1, 27712400=1, 32893850=1, 26239932=1, 15794236=3, 30805746=4, 2133615=2, 14071923=2, 3545903=4, 20401114=1, 30222442=3, 32209474=1, 22877896=3, 5181656=3, 30227076=3, 24816088=2, 11053523=2, 12375676=1, 6458185=2, 4993283=5, 13466653=1, 2238660=4, 19839642=2, 18047494=1, 21342239=2, 19118573=2, 16705833=1, 2875827=1, 27503101=2, 4457683=5, 2897066=5, 9697438=1, 10723546=2, 17220160=1, 17918938=1, 7415938=3, 7867465=6, 28925221=1, 19461909=1, 31148962=1, 28083908=2, 13719274=1, 21796695=2, 12128096=3, 22060530=2, 1872558=2, 10107309=4, 20026891=2, 15597159=1, 25508504=3, 10428063=3, 16331107=3, 23640914=2, 25156707=1, 2202137=2, 9825258=1, 4248132=1, 17429340=1, 23656342=1, 18480539=1, 20993014=1, 16535142=1, 29904060=1, 16338142=1, 4513086=1, 5651186=4, 4648783=1, 10820833=3, 28541505=2, 19790929=1, 10845816=1, 19843961=1, 30993560=1, 17080072=2, 22344177=1, 8435975=2, 15552848=1, 28414581=2, 6389902=2, 29126874=1, 17414904=2, 11201991=1, 22780459=2, 7720719=1, 6364766=3, 3084865=3, 21091323=1, 8513230=1, 32841397=3, 9056594=4, 3485530=3, 6514854=1, 23053793=1, 24109767=1, 15278051=3, 26359837=4, 12419772=2, 18559730=3, 27068168=3, 6720737=2, 2178508=3, 2429839=3, 18261271=2, 21893157=4, 1374262=1, 11622450=1, 21938039=2, 23666960=3, 31405349=3, 21725676=2, 11011178=6, 8494934=2, 22237677=1, 23232943=2, 31053068=1, 31400578=3, 29862654=2, 3397209=1, 5954338=1, 18847227=2, 12327311=5, 26127165=2, 8850061=3, 12382997=1, 9388988=1, 27154443=1, 30628156=1, 13916654=1, 3310200=2, 30452824=2, 3761862=1, 28279184=2, 11467391=1, 2248256=1, 28994305=1, 32069016=1, 19563003=2, 16223040=2, 21580722=1, 32577504=3, 26084666=4, 31248066=1, 21960673=3, 25696715=6, 92711=1, 6081060=1, 14716873=2, 7107696=1, 30461761=1, 19563642=2, 1027407=2, 14792033=2, 28868618=2, 3546587=4, 14261663=2, 10168794=3, 22610856=3, 31615167=1, 32515918=7, 30373313=1, 14526568=2, 25499915=3, 23679914=1, 16114904=1, 2666184=2, 22972993=2, 19545535=4, 23806329=1, 33318713=1, 26423992=3, 29661866=2, 22190307=2, 10732568=1, 22131726=2, 32790834=1, 1394021=1, 1728517=1, 15605278=4, 22940527=4, 29145809=2, 4409813=1, 31211468=5, 11461293=1, 5572574=3, 14013201=1, 7326294=1, 17856550=1, 18193527=2, 2581372=1, 13219383=2, 8812012=1, 19600002=3, 13781578=1, 27738877=1, 22743701=3, 2669789=2, 27538449=5, 13383091=5, 15114450=2, 29466466=2, 21152732=1, 32910135=4, 3094247=3, 33319216=1, 15869940=4, 30749764=3, 24059848=3, 3347641=3, 32512784=7, 33462432=2, 22431278=1, 17758415=1, 25362470=3, 26624735=1, 28624939=1, 16059560=3, 16305834=1, 17742104=2, 32947545=2, 23710933=1, 18529906=2, 24020643=2, 14231456=3, 9182370=5, 17122501=1, 7067134=1, 26804676=3, 21996473=2, 14353754=3, 5423200=1, 8907775=1, 25923006=2, 17367685=3, 23784571=1, 6159846=1, 7358664=1, 27267416=8, 15343910=4, 29970396=1, 6090319=1, 5912927=4, 28612791=2, 17045016=5, 9945643=1, 5139404=1, 7220620=4, 22256288=2, 2770131=1, 6665982=2, 22461389=2, 1915552=3, 26916631=2, 32632725=1, 22482896=3, 31112766=2, 23640206=2, 16791332=11, 24682724=2, 27375010=2, 8825261=2, 24285627=2, 29807360=1, 26858922=1, 23062733=1, 19186928=1, 15490813=1, 2849521=1, 3208157=1, 21440075=3, 23205323=4, 30520482=2, 9563982=1, 571863=2, 18218461=1, 13850053=1, 33049701=1, 24910051=5, 5328293=1, 29285750=1, 12998749=1, 7203272=1, 18564558=1, 6696868=4, 17454413=1, 6251637=1, 12241262=1, 30637279=1, 32452058=3, 24263397=4, 30982134=2, 26871904=4, 23896946=2, 30992300=1, 2101314=8, 14933500=1, 22101729=3, 767271=2, 3575536=2, 23616654=1, 4760079=2, 24141195=1, 7591959=1, 9791837=1, 2328174=2, 29532852=2, 12187391=1, 22984014=2, 18571958=1, 25371378=3, 883541=1, 26387379=2, 4877200=1, 17778714=1, 17225117=1, 30729871=1, 6022671=1, 26799521=1, 21096250=1, 10558398=3, 16612669=1, 28907838=3, 24686079=2, 744515=1, 1895340=1, 19570958=2, 21114624=4, 2876340=1, 11625378=1, 14756583=3, 12296112=2, 7433167=1, 33286395=1, 24107904=1, 24131467=7, 10471191=1, 22350003=3, 7072138=1, 24527088=1, 2426403=3, 11386466=2, 6688667=4, 4958408=2, 14113622=1, 505288=2, 3346874=3, 1876711=2, 29845859=1, 12462510=4, 3168957=1, 33419584=1, 7012775=3, 3926576=1, 25365033=3, 17466873=2, 26826577=1, 24803179=1, 17567880=5, 3309633=2, 17614913=1, 6725454=2, 11717941=1, 3314117=2, 17060315=1, 19752445=1, 8643616=1, 922188=4, 1429130=1, 25924076=2, 4835341=1, 15377180=2, 29389957=1, 7183334=2, 4369028=2, 6941867=1, 1297735=1, 7371338=1, 11881212=1, 19597593=3, 29050046=1, 22545453=6, 32111708=1, 3786371=1, 27800809=6, 9639286=3, 30102816=1, 14306718=1, 23847458=1, 23379377=2, 17518850=1, 30962817=1, 21327649=1, 16830054=1, 28923024=1, 15068280=1, 25600374=2, 10684501=3, 10083691=1, 13434873=1, 20545719=2, 20791631=1, 1722691=1, 25233124=3, 2061447=1, 20616088=2, 25845217=1, 21491375=1, 16975595=3, 3841674=2, 10093967=4, 733135=3, 9027276=2, 27452746=1, 24705992=1, 3611196=3, 1208307=1, 23813025=1, 15576188=2, 12429772=2, 20146457=1, 28516809=3, 5405919=1, 22955167=1, 12721894=4, 768150=2, 23307870=2, 31419440=1, 4474167=1, 4669939=1, 9058591=4, 11497180=1, 32918366=1, 11664715=1, 23049012=2, 2896156=5, 11043924=2, 18650261=2, 31501853=2, 13523492=1, 2968834=1, 28891849=1, 5993597=1, 30701877=1, 27075687=3, 18453204=2, 6707015=1, 32555418=1, 32427416=1, 31049025=1, 19785382=1, 14140813=1, 17792947=1, 2968787=1, 15143680=3, 4968539=1, 12900799=1, 28841520=6, 33383076=1, 19668707=5, 29756230=4, 23010507=3, 28924179=1, 11258385=1, 19856658=1, 5579718=3, 13722016=1, 16975565=3, 30141476=1, 6309469=1, 10500023=8, 28224460=2, 16194221=3, 13964173=3, 8236990=2, 16494651=2, 6516597=1, 8971461=1, 29396076=2, 16542192=1, 14765933=1, 4130141=3, 22232106=3, 4572258=1, 8162574=2, 2638179=1, 14596523=2, 12289858=2, 3167073=1, 16399301=4, 30592020=1, 5085890=2, 20719672=5, 27370334=2, 967335=1, 798262=5, 23245556=2, 24504012=1, 7119931=2, 22842216=2, 2785190=1, 13816502=1, 20548=1, 9070253=1, 12773605=1, 15534102=3, 17724753=1, 15070864=1, 2554625=1, 29446710=1, 8753044=2, 31093056=1, 25452373=1, 16353976=2, 16408136=1, 10192726=2, 29738395=1, 14631126=1, 4845830=1, 3423114=5, 11949559=1, 8195010=3, 4804026=1, 12729245=4, 20660713=1, 17197584=1, 7544637=3, 30460998=1, 13996665=2, 33412266=1, 4793812=3, 4235228=2, 3941675=5, 28334772=1, 22576940=1, 15934656=3, 24825746=1, 3237011=1, 20929000=1, 7988190=1, 5919090=1, 26763360=1, 9460614=1, 15738392=7, 23809920=1, 21359466=1, 20229680=2, 25480479=1, 32181147=3, 30122377=2, 27422511=1, 28324348=7, 14675851=1, 18605148=1, 1968571=4, 20927355=1, 33209575=2, 26665100=1, 19727900=3, 25436763=5, 380182=1, 1128637=3, 21296852=1, 1286938=2, 2253673=1, 19359534=1, 8593223=3, 28131564=1, 13566404=3, 13610580=2, 3108068=1, 13473242=2, 19520145=1, 17093498=1, 33502193=3, 827379=2, 24430609=1, 21038613=3, 19652863=1, 13168515=1, 6934952=1, 27530343=5, 12493276=2, 3264543=1, 3771714=2, 17806314=2, 16752566=2, 19502772=2, 32529676=1, 8699990=1, 23500437=2, 21299617=3, 8484516=1, 1455794=4, 12496939=2, 15844371=1, 22561149=1, 24227292=2, 23600774=6, 12128071=3, 4774908=1, 7977405=2, 486647=1, 6355850=1, 29118967=1, 5209263=1, 1303076=1, 23602010=6, 18492453=4, 21827470=3, 17705698=4, 21575905=3, 21154198=1, 18499841=1, 28855209=1, 2515008=1, 16471321=1, 5243159=7, 4889414=2, 1854224=1, 9074812=1, 31389579=1, 13851209=1, 8292335=2, 11304246=1, 22206911=1, 5838709=3, 18067657=2, 21302110=3, 16892631=1, 22900698=1, 14043360=1, 3448735=2, 25546485=1, 25356974=1, 1486011=2, 29291849=1, 10198920=2, 23858330=5, 11145232=4, 21843584=1, 31403477=3, 31658791=3, 5903446=4, 15411065=3, 20750768=2, 15773908=2, 19743708=1, 817607=1, 33043732=6, 4895027=2, 30927814=1, 19735736=3, 33507057=1, 30864993=1, 3547234=4, 33465779=2, 14718311=2, 19168306=1, 1424946=2, 30929292=1, 26700470=1, 15118487=2, 7160402=1, 5028650=2, 11067581=1, 17199581=1, 15695375=1, 28568127=1, 16392464=4, 15724754=1, 25386759=1, 5756194=1, 23763974=2, 22156321=4, 12428580=2, 4032262=2, 20230098=2, 3246080=2, 23650779=1, 17017208=2, 9971153=6, 25713427=1, 10779906=1, 10173133=3, 19468100=3, 14047830=1, 6373922=1, 4943347=1, 22900234=1, 15705304=2, 12840171=1, 25583725=1, 4359159=2, 16609959=1, 5261120=1, 18342329=1, 27389138=1, 810026=1, 3908427=2, 11378272=2, 6188567=1, 29869616=1, 19015044=4, 30124796=2, 28673090=2, 2426165=3, 6034483=5, 22050251=1, 1786380=1, 20319301=4, 30103331=1, 3110890=1, 6858606=2, 22612943=3, 17038996=1, 20113025=1, 21530063=2, 9889196=1, 7090813=5, 1158381=2, 24195302=3, 3562160=1, 19225232=1, 21892606=4, 31730337=5, 29683071=1, 2183546=1, 29400680=2, 6770824=1, 18604928=1, 20153873=2, 17307359=6, 29380630=1, 25295729=1, 7976255=2, 22468992=1, 21399851=2, 4447389=1, 27176952=2, 12780947=3, 26090270=4, 26469176=1, 11360213=1, 13570265=3, 22196688=2, 14458128=2, 26489994=5, 30299210=1, 15385190=1, 1521726=3, 29668652=2, 4654668=3, 30056267=2, 22663236=1, 10757902=5, 10668569=1, 29522362=1, 26195376=2, 16860883=1, 14680198=8, 29869748=1, 9947013=1, 33371184=3, 5934762=2, 13877409=1, 6649221=1, 17279973=2, 19581375=1, 7286337=3, 18334593=1, 3856598=1, 27434773=2, 23196539=1, 33327719=2, 16781835=11, 8039799=2, 15719735=1, 2261133=2, 12715733=4, 19166554=1, 7247402=2, 18985094=2, 19349421=3, 8989994=3, 10391233=2, 4970938=1, 23947224=1, 14073152=2, 7711014=2, 24946570=2, 18507804=1, 2684247=1, 5119065=4, 10518962=2, 17526957=1, 10296950=3, 30282639=4, 1695017=1, 23752386=1, 5199827=1, 16528158=5, 33447016=1, 29018559=1, 13221425=2, 13860045=1, 15116251=2, 10992924=2, 6078922=1, 960745=2, 4930081=3, 7874458=6, 22314639=1, 969896=1, 26163455=3, 25021291=1, 2038339=3, 2985992=2, 18126404=2, 16292736=2, 18161387=3, 13873496=2, 12280399=1, 4943999=1, 27605680=3, 30463813=1, 30038451=1, 5121510=4, 30607986=3, 8566707=2, 18575177=1, 9167637=1, 17317432=6, 1337179=1, 4779982=1, 12584183=9, 16813987=2, 6465668=2, 19695492=2, 17148139=2, 16349268=1, 3300326=1, 20608619=1, 12585053=9, 23263742=1, 10233372=5, 5415214=2, 32797922=1, 2964530=3, 26673428=3, 3566951=1, 18828048=1, 23228635=1, 2219801=1, 17768354=3, 7054630=2, 9701461=5, 16579327=1, 12665055=1, 627760=2, 11959373=1, 14329282=2, 3373686=1, 14625548=3, 10342890=1, 23488107=1, 7303049=1, 26575373=2, 30135567=1, 15325442=1, 19407032=6, 24387027=5, 16599201=1, 19802346=4, 23686439=1, 1257098=3, 25442631=5, 17551233=1, 25569864=4, 25340456=2, 9108931=1, 19315308=2, 9260518=1, 1769495=3, 31360660=2, 33457826=2, 1179293=1, 20428995=2, 17673937=2, 5618746=2, 16335409=1, 6832558=1, 24118442=7, 22720147=2, 24080404=1, 25535613=2, 1615046=2, 13197773=1, 9829777=1, 32394260=1, 17006268=1, 26710955=2, 20240281=1, 12164100=2, 4331021=4, 9402743=1, 15915173=1, 28920303=1, 11505994=2, 17004921=1, 2902353=1, 3684290=6, 33442519=1, 22985551=2, 22689091=4, 30114251=2, 33060401=1, 28031784=2, 26190274=2, 3138530=1, 19902744=2, 6415261=1, 992686=3, 31876800=1, 24477230=1, 2285664=1, 1219063=2, 15027309=1, 30388131=2, 22407250=1, 30296654=1, 27651441=1, 1074452=1, 31508675=1, 8258713=4, 27957348=2, 28001690=1, 16334536=3, 3516540=2, 30636530=1, 21050033=3, 24043825=1, 15126457=1, 17124687=1, 29474998=1, 30049680=2, 32742583=2, 22344654=1, 16571615=1, 24821217=2, 17608295=2, 20570074=1, 4957740=2, 20654151=3, 23796715=3, 32195264=1, 19095553=1, 9658329=1, 16462484=3, 11356451=1, 28541778=2, 19326274=1, 1281529=2, 9011731=2, 23600954=6, 14699849=1, 10519786=2, 17205645=2, 13181335=3, 32714059=3, 12712387=1, 8039895=2, 26621081=4, 23784372=1, 2258766=1, 7468973=1, 24817555=2, 23478507=1, 3305573=1, 15597446=1, 29630955=5, 30866710=1, 19148304=5, 24270255=1, 1987680=1, 23650035=1, 13288755=1, 1781576=3, 29946471=1, 7407754=3, 33524622=2, 4975645=1, 4448318=1, 27977205=1, 23268792=3, 18707578=1, 1227232=2, 22391621=2, 23146480=3, 15348677=4, 28952006=1, 12313352=1, 19416364=1, 12887269=2, 31163914=2, 24336365=1, 2026665=1, 1732213=1, 29104236=5, 25110232=3, 5183493=3, 2454884=1, 31895053=2, 4881391=1, 2626664=6, 25437266=5, 8748502=1, 7267069=1, 28210998=1, 6183892=1, 17022236=2, 26784612=2, 597137=3, 4340992=4, 3219068=3, 4890433=2, 9373645=3, 29928077=2, 17121988=1, 32754608=1, 27993393=3, 2194669=1, 30336257=1, 12516877=1, 816709=1, 3672023=6, 28936171=2, 29510719=1, 26912273=2, 2834662=1, 12848851=5, 33043601=6, 1936435=2, 9297059=1, 29016431=1, 29308580=3, 32221308=2, 252266=1, 2580124=1, 13708701=3, 302947=2, 970785=1, 16796378=1, 2373188=5, 2040511=3, 25910978=1, 1641778=3, 18434130=1, 622545=1, 20278504=1, 14505872=1, 12072566=6, 18920618=2, 1045208=1, 8974200=1, 31093820=1, 7544616=3, 14717093=2, 5916736=1, 17163266=1, 15204725=6, 4088153=1, 12407273=1, 11995144=3, 21988441=2, 2441476=1, 33094564=1, 4600054=4, 18165800=3, 5679058=2, 27235110=2, 30946322=6, 6108661=3, 13872964=2, 32212920=2, 6309041=1, 4795201=3, 7176720=2, 15264657=1, 3351802=3, 21151195=2, 6465893=2, 6300292=8, 32463239=1, 25045058=4, 14269956=2, 10126476=2, 19966068=2, 31282946=1, 19053110=2, 33291225=1, 218325=1, 4190027=1, 32764861=1, 24975840=3, 6163=12, 12243029=1, 7870633=6, 18123682=2, 28721771=1, 4955522=2, 25131076=1, 6394893=2, 18937358=1, 7093584=5, 32740393=2, 8745176=1, 4438233=2, 23941447=1, 19282186=4, 18346208=1, 2207969=2, 26991233=1, 26848299=2, 33507745=1, 3207632=1, 22492396=3, 6130684=2, 14906493=1, 10446420=1, 5497215=1, 20771368=1, 11919272=1, 27927773=4, 20194914=5, 14475804=1, 26275803=1, 9227042=1, 19848582=1, 1458059=4, 25647601=1, 7103523=1, 27215055=1, 2792744=2, 24719301=3, 6826=15, 23985152=1, 32573777=3, 24053856=3, 1417509=2, 11905375=2, 23836824=2, 14323749=2, 17492193=1, 7399178=1, 25077546=2, 3678548=6, 3074715=1, 31965773=1, 19137484=5, 1513211=3, 11970384=2, 19351575=1, 18243577=1, 19880314=1, 8451832=1, 19953653=1, 27269094=8, 16374952=1, 21099198=1, 2520131=1, 15263631=1, 16627116=2, 28545265=2, 6351705=1, 29773238=1, 570404=2, 4881504=1, 29530601=2, 12014965=1, 8144356=1, 10403250=2, 6273902=2, 27218591=1, 17230231=1, 683080=1, 12407126=1, 33213754=1, 6833910=1, 5452650=3, 26037190=1, 16903472=1, 14902337=1, 24183333=3, 5816253=2, 19917664=1, 24364056=1, 10451168=1, 16406125=1, 2811530=1, 13170590=1, 17479986=2, 5533308=1, 26903545=2, 13775626=4, 20868845=1, 6474383=1, 22064194=2, 8494177=2, 27335158=3, 19103937=2, 5290307=2, 4890702=2, 28332384=1, 31458288=8, 32546666=2, 10934010=1, 24206419=1, 21113596=4, 21750050=1, 25535083=2, 26546231=3, 8625626=2, 9423825=1, 19454218=1, 5753817=1, 13433924=1, 32666243=1, 32250349=5, 29474355=2, 15072245=1, 7754030=1, 9842039=4, 15056985=1, 14551059=4, 8035891=2, 32818509=1, 15340704=4, 212222=3, 10673327=1, 18744390=4, 29919624=2, 15615162=1, 25155367=1, 29545809=1, 28442579=1, 27131006=1, 14777112=1, 15566079=2, 16160188=2, 26006863=1, 16042217=1, 17329314=1, 10235250=5, 32960589=1, 29808242=1, 32138569=1, 18622918=5, 13315149=3, 586945=1, 16632564=1, 13498245=1, 32855726=1, 10292159=3, 28037901=1, 9182040=5, 22541848=1, 16312027=1, 17603137=2, 25019067=1, 26244025=1, 31089380=1, 2527270=2, 18242793=1, 4404463=3, 31106466=2, 13029821=1, 30715849=2, 18518125=2, 10559704=3, 28022574=2, 3170539=1, 20695134=1, 23125772=1, 24087939=2, 33018695=1, 18217363=1, 15314768=2, 28934581=2, 22737936=1, 33471669=2, 18748199=4, 9833140=4, 27022157=1, 23064743=1, 5228232=1, 9905048=3, 8877237=1, 27556372=1, 29211959=2, 17550462=1, 15289994=1, 2602372=2, 29111646=5, 29040693=3, 22547009=6, 14833531=1, 19878678=1, 1757445=1, 25927262=2, 21409749=2, 33280089=1, 23135374=3, 17845208=1, 13440464=3, 18822974=3, 9975087=6, 20051843=1, 31590183=4, 7912072=2, 8930178=1, 30054197=2, 1450139=4, 18864687=1, 19912066=1, 19752990=1, 10139448=2, 32121122=4, 3968549=2, 33115401=1, 13819955=1, 6947669=4, 22305800=1, 22163068=4, 24308855=1, 31084064=1, 22122901=2, 17696808=4, 8662505=5, 31391898=3, 10359261=4, 4674051=1, 29031418=1, 22181385=1, 17178922=4, 26654833=2, 21203856=2, 32838432=3, 4700940=2, 1002174=1, 26417885=3, 510557=1, 23928700=3, 3649369=2, 18966187=1, 26387777=2, 15804712=3, 24739740=1, 11473510=3, 22504372=1, 15791530=1, 21924571=2, 11711953=2, 30828905=1, 25589686=1, 22356248=3, 27800122=6, 10645676=1, 26888251=1, 14786290=2, 9596623=1, 16750118=2, 10511601=1, 7231968=1, 5840981=3, 28134334=1, 32045038=1, 666533=4, 24330162=3, 33295415=5, 16117685=1, 21230850=1, 33532740=2, 13403147=2, 11966355=2, 22975875=2, 3838693=2, 8675921=1, 3703399=2, 2790868=2, 32531029=1, 4753629=2, 1861567=1, 19943239=1, 7787928=1, 17719724=1, 8544138=1, 18450738=2, 7614449=5, 23482905=1, 18563156=1, 30157484=5, 18177691=1, 16313871=1, 1149425=2, 7475963=4, 1609546=2, 14314800=1, 3118200=2, 5491059=1, 12365399=2, 4206350=9, 11995109=3, 16623162=2, 9019126=2, 3007255=1, 21882443=1, 4852826=4, 31935458=1, 30598229=1, 10069417=2, 20290718=2, 22293832=5, 24702641=1, 22966664=1, 12546284=1, 13763812=4, 16842337=1, 24815567=2, 23162621=1, 33352380=1, 5582811=3, 1728964=1, 11566642=1, 16475764=1, 33053989=1, 4049224=1, 22926517=1, 2351386=1, 32185315=3, 2460532=2, 30493383=1, 665750=4, 10779342=1, 1208337=1, 8583072=1, 11557717=1, 22725197=1, 31055620=1, 33300091=5, 13691978=1, 26734209=1, 4175892=2, 9927695=1, 26163878=3, 19403121=6, 4081541=1, 23132498=1, 17759418=1, 12837493=1, 21090233=1, 15226095=1, 30475423=3, 26731139=1, 26925592=1, 3481287=3, 15471421=5, 7771224=2, 23099923=1, 18656524=2, 31259535=1, 18350443=6, 5148713=2, 26891383=1, 31306414=2, 24951989=2, 24989318=1, 17668445=2, 15437799=2, 20838361=1, 8036366=2, 10339760=1, 15856577=1, 9154966=2, 527741=6, 4008895=3, 15737126=7, 12069444=6, 4318605=1, 21596510=2, 1334838=1, 392053=1, 18130290=2, 3526384=1, 26924439=1, 27425898=1, 6150584=1, 19572501=2, 31844403=1, 7594334=1, 28527309=1, 1493260=1, 19324444=1, 6802132=1, 6890377=3, 30228183=3, 9465077=1, 2815258=1, 19725988=1, 17615495=1, 24119287=7, 10611241=1, 16875556=2, 87941=1, 8404105=10, 28719879=4, 27991469=3, 8942595=1, 31534195=3, 16122472=4, 33050611=1, 10295880=3, 27442004=2, 15118726=2, 3566445=1, 9651043=1, 3824134=1, 27897989=2, 7853026=1, 7711053=2, 1174623=1, 25944936=1, 3303576=1, 18140258=1, 4554134=1, 8645271=1, 27644819=1, 874374=1, 26914287=2, 18141205=1, 20875135=2, 18346329=1, 27325259=1, 6372050=3, 27060457=1, 5826360=1, 25443041=5, 32106532=1, 24766542=1, 16612991=1, 7913800=1, 10676919=1, 3766357=1, 30266065=1, 32677626=2, 10422170=3, 22122456=2, 4930114=3, 31547126=1, 5576029=3, 1007840=1, 282596=1, 24914959=5, 9634756=3, 27297291=2, 1213717=2, 4281004=1, 27404711=4, 12607526=1, 439118=2, 4996115=5, 33188509=1, 10246622=1, 30592818=1, 32883436=1, 15875893=4, 13181155=3, 1507242=1, 28538518=1, 15110186=2, 12072521=6, 4679257=1, 185829=1, 8867196=1, 19163171=1, 17341639=2, 10161950=3, 14425396=5, 27832194=2, 635862=2, 32775301=5, 25144530=2, 24710667=3, 9334877=1, 21171162=3, 13370159=5, 4485143=1, 33366385=3, 4376997=1, 22861879=1, 13605228=2, 13627934=1, 29095922=1, 15336877=4, 9602112=2, 21310734=3, 1290114=2, 3943613=5, 10536031=1, 5702201=3, 25734021=2, 12729000=4, 6370027=3, 3513953=2, 14258023=2, 13792577=1, 30484085=3, 7752570=1, 1442504=4, 323304=1, 28191148=4, 5938479=2, 29502937=4, 6351910=1, 30902736=2, 18439545=1, 15504697=2, 15548850=1, 14061923=2, 29692515=3, 20860429=1, 19977221=1, 28565323=1, 11708665=2, 28334876=1, 13990192=1, 9380776=3, 2843906=1, 23124006=1, 72257=3, 19768531=2, 32622010=1, 17064687=1, 9132044=1, 13160495=1, 2685456=1, 20799803=1, 580239=1, 8898962=1, 23989119=4, 26273924=1, 9874583=2, 20554601=2, 5926298=1, 32199182=1, 7979908=1, 29783191=1, 5581411=3, 14278256=1, 24360769=2, 30923900=1, 14975625=2, 28754679=1, 16212394=1, 25579143=1, 29060274=1, 179307=2, 13363196=1, 4589428=4, 30564616=1, 515986=1, 12066446=6, 28982138=4, 26325963=2, 4063093=1, 18802416=1, 32338141=1, 5331652=1, 3505179=1, 28638041=1, 6857338=2, 8956437=2, 17945911=1, 30944586=6, 8890535=2, 1021609=2, 19440705=2, 25214886=2, 30837173=2, 16651570=4, 18965792=1, 14959695=1, 13784271=1, 10343475=1, 27772527=1, 10595408=2, 33543532=1, 17306197=6, 31523910=3, 4908409=1, 25945027=1, 6523745=2, 6152010=1, 5650303=4, 17535477=2, 25426043=1, 14877720=3, 16123992=4, 21863901=2, 3579409=2, 134456=4, 5015718=2, 26667930=1, 653935=1, 30305125=1, 6461130=2, 14515562=1, 5738904=2, 17305779=6, 26632148=1, 28917876=1, 11578936=2, 4883594=2, 8992574=3, 22570425=1, 1827307=1, 6331930=2, 7403497=1, 24183637=3, 29216430=1, 15161324=1, 1394506=1, 22997369=1, 5631126=1, 19560842=1, 17200431=1, 19636306=2, 16172595=1, 15016636=3, 12617835=2, 8561452=2, 20369526=1, 31019589=1, 2279952=1, 21872017=2, 14610850=1, 16250934=1, 14328850=2, 25902357=3, 25239452=3, 30568677=1, 29159711=1, 25881848=1, 15375197=2, 6406413=1, 31901805=1, 14157283=6, 30016867=4, 22313414=1, 29606605=1, 2068888=2, 31155506=1, 27039267=2, 21561338=1, 2835214=1, 20638654=1, 13542035=2, 16789638=11, 22964591=1, 28327095=7, 23244834=2, 343896=3, 21731706=2, 3548042=4, 31440000=2, 29923937=2, 3735220=1, 29829400=3, 22285765=5, 10540290=1, 23098125=1, 30024706=4, 15165521=1, 24381587=5, 10462600=2, 18596076=1, 24778077=4, 1495271=1, 24507945=1, 20238363=1, 29144769=2, 18683247=3, 3293039=4, 25417773=1, 21783373=1, 31779994=1, 20610367=1, 22306609=1, 26315466=2, 12738959=1, 32414581=2, 27201782=3, 17228986=1, 23616193=1, 31107530=2, 4313241=1, 32258190=5, 17239742=3, 8324628=3, 8919571=6, 29081076=2, 20839726=1, 28679166=2, 22364179=1, 8539374=1, 10642658=1, 30636601=1, 18855906=2, 2000999=2, 21601926=2, 9573539=4, 5436075=1, 4807995=1, 14237780=1, 3996575=1, 11780493=1, 9165465=1, 23615789=1, 11632010=1, 30543997=4, 7939241=3, 11016291=6, 2262295=2, 29287331=1, 877403=1, 1886362=1, 12076071=1, 16950723=2, 7696438=1, 11703751=2, 22833247=1, 22623027=3, 27459510=1, 21951714=1, 32642810=4, 12006875=3, 24886670=2, 32869273=2, 27082705=3, 7655699=1, 18007181=1, 10420901=3, 13529917=1, 2793118=2, 13382674=5, 33251962=1, 9865813=2, 6925895=2, 33221347=1, 21078794=2, 4742573=1, 7700256=1, 21772491=5, 12921864=3, 16190405=3, 3321921=2, 8696148=2, 8710569=1, 26626446=1, 23829141=2, 2787270=2, 31987488=6, 2002780=2, 2336927=2, 7219068=4, 32822506=1, 8353211=1, 1574203=6, 2982325=2, 19560589=1, 8091729=1, 5945450=2, 32617343=2, 33218551=1, 11180862=2, 31566382=2, 22206370=1, 29126131=1, 262479=5, 21329372=1, 4694293=2, 5286166=2, 21907755=1, 27126321=1, 5664276=1, 25124702=1, 29618670=1, 836038=1, 31280636=1, 6784440=2, 16164508=2, 4100828=2, 2308888=3, 20672591=1, 22212733=1, 7266414=1, 9469452=1, 20066706=4, 1512464=3, 26033759=3, 5333894=1, 6319759=1, 24335919=1, 29061809=1, 26499856=1, 14023764=1, 7081090=5, 11839814=2, 1837392=5, 3559668=1, 24418684=2, 11687463=1, 1937187=2, 26874844=4, 25468131=2, 16504987=1, 5533899=1, 26448480=2, 23170952=2, 31023946=1, 14430266=5, 18012145=1, 22615790=3, 10192861=2, 7566728=1, 25568617=4, 15070413=1, 25500524=3, 23655373=1, 10409717=1, 27044546=2, 1621173=2, 20538800=1, 27790784=6, 17682677=1, 14620250=3, 23257221=1, 28154603=2, 3927034=1, 616053=1, 7410281=3, 21588949=1, 5749542=2, 8492274=2, 14806782=1, 24487380=2, 27471805=3, 20369121=1, 25100984=3, 9934792=2, 22226551=3, 9458902=1, 6415850=1, 25176505=10, 21409972=2, 21664495=2, 2788830=2, 1079500=1, 25535699=2, 4024445=1, 1940521=2, 24448714=3, 26724078=1, 31121144=1, 33307627=5, 6409812=1, 13152693=2, 5334383=1, 160829=1, 30904883=2, 14931786=1, 29596314=2, 26113058=1, 17121608=1, 16400512=1, 30370941=1, 24216396=2, 14669493=1, 13436464=3, 13713201=3, 11838566=2, 7862457=1, 13634636=7, 1234051=1, 22247711=1, 25501506=3, 23144230=3, 1305972=1, 19667812=5, 29737449=1, 28145291=1, 31835780=1, 5175770=1, 29780439=1, 23864196=5, 31790144=3, 33209711=2, 7213557=4, 14171279=6, 14754467=3, 28482730=2, 18235314=4, 18359662=6, 2407608=2, 12043443=1, 29845658=1, 32385009=4, 10984061=2, 28699054=1, 20257899=3, 30768242=1, 30745206=3, 24017340=1, 1204400=1, 10414470=1, 3696704=1, 21651787=1, 2850648=1, 10175279=1, 3410268=5, 25736695=2, 8158650=1, 5729511=1, 10361193=4, 12837867=1, 8541592=1, 4753125=2, 30859812=1, 580335=1, 28208627=1, 20531542=1, 20489941=2, 27185477=1, 17797519=2, 28323492=7, 21349297=1, 32194499=3, 14652468=2, 24361109=2, 4838370=1, 3697466=1, 5336174=1, 25812571=1, 169449=2, 17691584=1, 10147595=1, 15639329=2, 30419707=7, 25056813=1, 31265060=3, 10165164=3, 16944057=2, 17057041=1, 15285278=3, 9837927=4, 21698123=3, 5958323=1, 9539034=2, 3953169=1, 24006995=1, 12843818=1, 20262194=3, 611666=1, 29112863=5, 8747757=1, 2097563=8, 13194053=1, 742751=1, 3002690=1, 23348312=1, 4737845=1, 13328795=1, 30445097=2, 20490190=2, 19129640=1, 2914148=1, 1751069=2, 7722665=1, 29598778=2, 3412110=5, 24022788=2, 27899742=2, 4165642=2, 31656554=3, 23078140=8, 27537952=5, 16189762=3, 10828451=3, 12443016=1, 16956711=2, 23528074=3, 6460985=2, 14633648=1, 21265124=1, 28054442=5, 15396722=1, 14098353=3, 27074852=3, 5607485=2, 1451658=4, 9537722=2, 5899442=4, 15419207=1, 5355451=2, 12191386=4, 3221170=3, 20807454=1, 27696006=2, 33194727=2, 30546123=4, 13110214=6, 31252277=1, 16116949=1, 29717362=1, 26930211=1, 22655296=2, 12254986=1, 1538196=1, 6847273=1, 29191711=1, 3753964=1, 25446573=1, 31481090=1, 8193364=3, 6287842=1, 27904446=1, 26942303=3, 8507587=1, 16002370=5, 2760354=4, 30087903=3, 8012079=1, 11949378=1, 5373984=4, 32834970=3, 30636616=1, 6063977=2, 24934751=1, 12202472=4, 12997246=1, 23708821=1, 18419755=3, 25453682=1, 6174717=4, 15770353=2, 21348480=1, 23050561=2, 18101876=5, 16470861=1, 5951133=1, 17884178=1, 14161017=6, 620931=1, 5429933=1, 15970716=2, 32751007=2, 7469022=1, 20549882=2, 4628837=2, 4951922=2, 381221=1, 26055150=2, 16110030=1, 27782417=1, 10060349=2, 30349725=3, 5960564=1, 1578020=6, 8401395=10, 8502033=2, 12415026=1, 26133372=1, 17392327=1, 22425756=4, 17941474=1, 19064508=1, 27116695=1, 32898621=1, 29581787=1, 25401=1, 21654181=1, 14834284=1, 18304928=1, 9850056=1, 30509271=2, 25154654=1, 13952029=1, 138524=4, 32664220=1, 6063320=2, 25222284=1, 14704275=1, 11359107=1, 32243404=1, 16934508=1, 30438402=1, 13522753=1, 23212364=4, 32585589=3, 16380121=1, 32028335=2, 5256971=7, 8602088=1, 11271966=1, 26713705=2, 8264064=4, 26099735=1, 2094347=1, 3130846=1, 6639458=1, 9226436=1, 18117105=1, 27610987=1, 9373943=3, 31863209=4, 5881002=2, 13860500=1, 25569323=4, 15967000=2, 15579296=2, 1358828=2, 17190855=1, 26309528=1, 29473370=2, 18291272=3, 27990484=3, 18555250=3, 29090690=1, 13475607=2, 546296=1, 310730=2, 9494428=1, 25293573=1, 3318222=2, 1160905=2, 12710869=1, 18423601=3, 10019337=1, 17343507=2, 28154731=2, 32753387=1, 16110504=1, 30630260=1, 30689722=1, 24099600=2, 3000363=1, 26666349=1, 21829217=3, 10743610=1, 31226927=1, 6879198=1, 25376193=3, 7335735=1, 19898739=2, 18081058=1, 11761580=1, 9537397=2, 25671370=2, 9637445=3, 30387257=2, 12337299=1, 26776100=2, 6907232=1, 6319558=1, 11326088=1, 8992222=3, 4266969=3, 21379050=4, 619520=1, 11638960=2, 25455625=1, 2929780=2, 8873601=1, 12465779=4, 16344907=1, 16779410=11, 16832126=1, 12054184=1, 28756155=1, 29196930=2, 6455168=1, 19946351=1, 1018447=2, 8215061=1, 21640874=4, 22242799=1, 18092283=5, 16312112=1, 18840916=1, 1641703=3, 16582578=3, 25764816=3, 26846040=2, 14080917=1, 20142560=1, 32959684=1, 1692793=1, 33310158=1, 11317778=2, 27855186=3, 13728780=1, 21687697=1, 3571506=1, 80580=3, 31636380=2, 12894237=1, 18106010=1, 28642809=3, 27360331=1, 32067185=1, 4854299=4, 12491431=2, 24839901=3, 418385=1, 8042263=2, 12947306=2, 17200591=1, 30222008=3, 28455024=4, 24542708=1, 15687469=1, 31768790=1, 8718802=3, 26151495=3, 16955149=2, 19982944=1, 15562267=1, 28125722=3, 11648458=2, 17612316=2, 13771691=4, 33390647=2, 33012350=2, 2728520=2, 13673550=2, 10493835=8, 12968951=1, 2455932=1, 32643180=4, 23151323=1, 23458805=1, 5580628=3, 12359328=2, 1694471=1, 18028729=3, 28497523=1, 32530758=1, 27867077=3, 4000550=3, 11257605=1, 17612756=2, 17196096=1, 11332798=1, 26362185=1, 27233039=2, 32474311=2, 2286422=1, 13038510=1, 20329519=4, 2912264=1, 668130=4, 31631524=2, 28066837=1, 10695293=3, 16940351=1, 27463260=3, 21891327=4, 31664761=3, 22978158=2, 7399740=1, 6153728=1, 12436640=1, 23742348=1, 4860506=4, 26887365=1, 16144677=1, 28729175=1, 8450206=1, 2101638=8, 28406497=1, 2616969=1, 2120955=1, 30032247=1, 21430534=3, 3347824=3, 22795988=1, 25078747=2, 6387410=1, 27082278=3, 26593120=1, 12081459=1, 28418434=2, 21838706=3, 23661545=3, 24862406=1, 30073553=1, 24744085=2, 19232390=1, 28874593=2, 31680372=1, 15519843=1, 18731621=1, 9811585=2, 22832487=1, 17499621=3, 5627355=1, 6210984=1, 12292216=2, 2564098=3, 30656120=1, 3439235=1, 7379934=2, 18634106=1, 30797072=1, 25972331=1, 4418879=1, 16642930=1, 10751584=5, 7945843=3, 19183120=2, 22595562=1, 18380367=1, 818020=1, 26820022=3, 8197251=3, 21187408=1, 5051045=3, 14172302=1, 33335286=2, 10074316=2, 8167580=2, 7894985=1, 3235952=1, 17716158=1, 30158609=5, 18266881=2, 5374385=4, 3354512=3, 20154558=2, 31511777=1, 29740375=1, 11496034=1, 30726480=1, 11392794=1, 21418097=1, 23617124=1, 9308390=4, 30966969=2, 13648020=1, 29638816=1, 11845005=2, 33371943=3, 634081=2, 22948469=4, 11348465=3, 9966603=6, 10847169=2, 33543087=1, 24056827=3, 21263303=1, 1216122=2, 23988839=4, 14258863=2, 9827204=1, 14032254=4, 27549306=1, 21736699=2, 18964481=1, 20153553=2, 7902380=2, 11247242=2, 4184840=1, 15398782=1, 9936213=2, 4570636=2, 15151688=3, 13703471=3, 27213738=3, 20444471=1, 14518195=2, 31382194=1, 7020410=3, 24123464=7, 22664744=1, 14336740=1, 5975521=3, 21390716=1, 26869487=1, 22877584=3, 21807780=1, 20205894=1, 16072885=1, 29065948=2, 94405=1, 2311269=1, 21594775=2, 19143019=5, 21933968=2, 19524594=1, 6494001=3, 21356740=1, 22184082=2, 7417370=3, 11584477=1, 30925879=1, 14883472=3, 12332493=5, 10990918=2, 30621968=1, 29975456=1, 31875015=1, 3797602=1, 7142437=1, 29096933=1, 20079368=1, 20564858=1, 8199412=3, 1330561=1, 8289257=1, 19301416=2, 9009845=1, 20583327=4, 14645834=1, 29444012=1, 9272141=1, 8751737=2, 22482672=3, 9593061=1, 28674330=2, 7032284=1, 765540=2, 32281355=2, 28078272=1, 6229251=3, 10024246=1, 2870642=1, 17594990=1, 19943515=1, 16710278=1, 3071306=1, 13114147=6, 13999814=2, 7550469=3, 29376730=1, 23304574=2, 1901894=3, 5957595=1, 26862736=1, 1715414=4, 28307611=1, 1980206=4, 21089280=1, 20944339=2, 29049290=1, 5857387=1, 29863228=2, 4792756=3, 32433790=1, 11945347=1, 14381249=1, 29370801=9, 21494094=1, 7758443=1, 23307337=2, 33433971=4, 32252037=5, 123197=1, 7583293=2, 31064552=4, 2040907=3, 1030818=2, 2583805=1, 31642313=1, 23010736=3, 29958283=3, 22980420=2, 25446593=1, 26015337=1, 5742785=2, 17946023=1, 22305622=1, 19062806=1, 19413927=6, 329938=3, 4770142=1, 9445642=7, 26834670=1, 21754779=1, 15596472=1, 14140209=1, 15457852=1, 2369154=5, 2025824=1, 19201417=1, 24759688=1, 2917077=2, 8312500=1, 20164695=2, 30395423=1, 4602352=4, 13671984=2, 11228339=1, 31503304=2, 11806790=5, 3523903=1, 31265414=3, 18452279=2, 2288107=1, 2566273=3, 30375170=1, 4898892=1, 4468158=5, 3141032=1, 25828492=4, 25448811=1, 28617828=2, 28141340=1, 30000472=1, 31137122=3, 2205799=2, 21307041=3, 7937461=3, 30398094=1, 1491686=1, 17900591=3, 335441=3, 20074570=1, 26889564=1, 4935522=1, 10026595=1, 31770115=1, 13239291=4, 23104249=2, 31215127=1, 813323=1, 30062841=2, 10220966=1, 31918160=3, 16104115=2, 30073589=1, 4834292=1, 32777911=5, 17683345=1, 28894296=1, 14558163=4, 12381597=1, 14811825=4, 7046665=2, 23715370=1, 25919329=1, 27113071=2, 21817304=1, 20579051=4, 28514733=3, 28546637=2, 11412635=4, 18456832=2, 5689682=1, 6929556=2, 2055010=1, 5248049=7, 6363121=3, 23022751=1, 19270650=4, 4715447=1, 32734728=1, 20055952=4, 5765425=1, 23180425=2, 17322580=1, 11978298=1, 24871576=2, 32667169=1, 11528457=1, 22310988=1, 3647417=2, 18133508=2, 11873303=3, 28951229=1, 19929892=7, 30551795=4, 20703543=1, 5930615=1, 2730=12, 5445141=3, 16089878=2, 5050083=3, 7834631=2, 23547909=1, 15123323=1, 31798626=3, 31393008=3, 10412440=1, 20058566=4, 15671215=3, 16194831=3, 9109283=1, 28694521=1, 18133903=2, 3811503=4, 21059289=1, 28525315=1, 26625109=1, 23904207=2, 30854702=1, 26236556=1, 21727905=2, 29015525=2, 15831745=2, 17122799=1, 4022443=1, 16618793=2, 3971111=2, 31884604=2, 32118981=4, 15940390=3, 10201259=2, 32887823=1, 23532051=3, 13400276=1, 15567925=2, 5873448=2, 26134177=1, 21643254=4, 33325146=2, 6833286=1, 23213491=4, 354186=1, 9073074=1, 8607768=1, 614791=1, 1997536=1, 11613795=3, 8348835=1, 32674219=2, 24871383=2, 26021060=3, 797104=5, 22643714=2, 32026595=2, 2626927=6, 17152734=2, 73530=3, 23592762=1, 2308567=3, 18423802=3, 10514800=1, 11622927=1, 24100870=1, 26460462=1, 6339973=2, 28619139=2, 28742754=2, 20852200=4, 5467278=1, 1723339=1, 32311522=3, 17195755=1, 28929033=1, 21446820=1, 9616841=2, 8557979=2, 29698877=3, 14739555=1, 19525700=1, 2246249=1, 13997900=2, 12838842=1, 9072278=1, 8672068=1, 18635154=1, 31366132=2, 9116335=3, 17028231=1, 8404039=10, 13414654=2, 126436=1, 33277320=1, 12289869=2, 30025664=4, 15414013=3, 12070633=6, 20135697=3, 19631662=2, 28130716=3, 31760670=2, 13323866=1, 24111939=1, 26095581=4, 24076843=1, 2836673=1, 31818878=2, 4120405=1, 4954156=2, 25757081=3, 21864777=2, 5875529=2, 30740783=3, 24316775=3, 20058719=4, 25390680=1, 6648420=1, 14120383=1, 26799047=1, 25825003=4, 3482198=3, 1793469=1, 31411703=1, 5186318=3, 24545808=2, 7740300=4, 23674091=3, 10475906=1, 3351933=3, 28039534=1, 10420807=3, 8034407=2, 8418251=1, 13081583=2, 30226465=3, 2054929=1, 5080547=2, 8276051=1, 2463658=2, 8264102=4, 30465129=1, 24955761=1, 24121223=7, 9116485=3, 30392900=1, 10798074=1, 20312245=1, 5560784=1, 23835818=2, 21500760=6, 8272860=4, 5184546=3, 32512336=7, 15598032=4, 40803=2, 20352893=2, 26382471=2, 13167839=1, 27879415=1, 15431689=1, 30843043=2, 24122034=7, 4618823=1, 28945059=2, 28718609=4, 4032533=2, 4890106=2, 32426311=1, 27965037=2, 20930960=1, 31735421=5, 3735010=1, 18962992=1, 32279088=2, 5640277=4, 25249029=1, 16319584=3, 16717233=3, 4843830=1, 16256908=6, 28834429=1, 6459646=2, 14530420=2, 22055273=2, 3362945=1, 18858285=1, 21833670=3, 7656227=1, 32781384=5, 15062866=1, 19239849=2, 10545653=1, 16336315=1, 13199556=1, 15618527=1, 7368820=1, 6152155=1, 2583321=1, 25874484=1, 14890370=3, 22301494=1, 27125776=1, 19734863=3, 18370707=1, 17259364=1, 27833692=2, 3793501=1, 6519110=1, 31921421=3, 12031288=2, 20598979=1, 31742434=1, 8843509=1, 11793477=1, 2114649=1, 22617704=3, 12255621=3, 29229652=4, 20392578=3, 8697603=2, 31675494=1, 21425908=1, 28056189=5, 25045161=4, 14501641=1, 27351867=1, 24474089=1, 14497899=3, 2528634=2, 24306551=1, 31673246=1, 28448021=4, 10092087=1, 13159990=1, 8290080=1, 7710776=2, 30202343=1, 4358326=2, 11292050=1, 24803963=1, 7713539=2, 26014270=1, 14697120=1, 26151619=3, 20283131=1, 19615882=1, 1810706=2, 5755682=1, 30856167=1, 6179628=1, 2616767=1, 28914749=3, 23136314=3, 15464901=1, 32065678=1, 2041316=3, 18259867=2, 17157081=1, 11737751=3, 13033456=1, 3102555=1, 10003632=2, 2470827=2, 3258571=2, 11105977=1, 17116391=3, 20177800=1, 31994610=6, 26253311=2, 7946053=3, 26037384=1, 2124440=1, 11656800=1, 15935776=3, 20531731=1, 6737285=1, 30157468=5, 18884479=8, 11527670=1, 3166425=1, 26232854=1, 13831187=3, 6503369=3, 29814971=1, 23100014=1, 19857220=1, 24032112=2, 25108820=3, 31157200=1, 18096070=5, 8721033=3, 33528242=2, 7556541=1, 3139199=1, 17549579=1, 13097535=1, 26876817=4, 10960974=1, 316677=1, 20558742=2, 9301378=1, 24464231=1, 31533706=3, 128210=1, 27389852=1, 26362182=1, 15183458=2, 29122749=1, 6970978=1, 22839803=2, 2298506=3, 6676789=1, 32991617=1, 9708169=5, 1069861=1, 23681116=1, 12663046=3, 20729084=1, 15487407=1, 23569939=2, 15582292=1, 25064902=1, 16152111=1, 27821217=2, 20205386=1, 33018456=1, 12325274=5, 10219317=1, 13632274=7, 18758082=4, 29216762=1, 18253155=2, 5002833=1, 16450927=3, 24515510=4, 1169941=1, 13804890=2, 27131246=1, 11224722=1, 30086303=3, 15226661=1, 16638628=1, 24676564=2, 31094965=1, 4305623=2, 13943512=1, 29072022=2, 27817925=1, 17448205=4, 11363289=1, 16211798=1, 55976=1, 8220810=1, 7640459=2, 9963547=6, 20159743=2, 18264692=2, 15154=14, 15539053=3, 26457333=2, 20248423=1, 20664746=1, 32464942=1, 28328269=1, 28225564=2, 33500089=3, 15144489=3, 12080979=1, 29388092=1, 32056398=3, 20161244=2, 27599815=3, 1449896=4, 148682=1, 16566065=1, 28559674=1, 25802749=2, 20569755=1, 11824318=1, 27099129=1, 15861630=4, 33463402=2, 21761744=5, 7781652=2, 8779095=1, 31451171=1, 24100503=2, 24867940=1, 316432=1, 29303163=3, 10281121=1, 19773892=2, 10566102=3, 5982702=1, 32766161=1, 4473786=1, 8507871=1, 1105575=1, 8747327=1, 5596626=1, 14381292=1, 14036765=4, 17963932=4, 8928419=6, 3539790=4, 29511652=1, 23042093=2, 19969132=2, 24678324=2, 16381941=1, 30229717=1, 14865374=1, 16794745=1, 8234633=2, 21000173=1, 6061884=1, 26543991=3, 10347394=1, 3408196=5, 18015078=1, 14711649=1, 467008=3, 26903683=2, 31496891=2, 22102492=1, 7127861=1, 27736101=3, 3596994=1, 30571559=1, 14949088=5, 3006228=1, 31285463=1, 28433071=1, 24409359=1, 24656332=6, 23605590=6, 23333958=5, 15171105=1, 5188624=3, 29668686=2, 22704282=1, 2776=13, 24117886=7, 6926925=2, 5792148=1, 16654145=4, 7440013=2, 23046511=2, 10447056=1, 31687467=2, 13400002=1, 4443107=1, 10359916=4, 7830839=1, 8672685=1, 9167597=1, 12840175=1, 32658971=1, 819479=2, 29044946=3, 6205245=2, 24083588=1, 12830377=1, 31018127=1, 30200436=1, 3997980=3, 19328694=1, 19842410=1, 8668208=1, 14503754=1, 10322464=2, 12149696=1, 18911831=2, 31193347=1, 10732658=1, 20089779=2, 6632969=3, 29807029=1, 4569707=2, 3008777=1, 18792578=1, 1108621=1, 135267=4, 11228896=1, 6610051=1, 15672819=3, 11113102=2, 17168859=1, 21632768=4, 31564039=2, 4097232=2, 4030017=1, 13196572=1, 8839816=1, 17566736=5, 9815165=1, 31402540=3, 30316493=2, 25505561=3, 8241005=2, 6694156=4, 26855585=1, 13457903=1, 12288714=2, 31657356=3, 789005=5, 32375954=4, 26319311=2, 4146358=1, 19421628=1, 10133250=2, 31936145=1, 25617782=1, 11574222=2, 5015165=2, 30414111=7, 23581189=1, 17303516=6, 10273917=1, 18710405=1, 9470738=2, 25466875=2, 10233717=5, 2396194=2, 23679388=1, 19983560=1, 2220225=1, 28395211=1, 11776139=2, 21888796=1, 16676737=1, 27592852=3, 25398123=2, 15834508=2, 15450144=1, 8431360=2, 9428197=1, 21916291=1, 4758767=2, 31116564=1, 24009702=1, 20739866=1, 9048092=4, 14823944=4, 21938033=2, 17684801=1, 2078247=2, 19831690=2, 31793815=3, 7384827=2, 7930974=3, 4399875=3, 11018058=6, 8508297=1, 15219267=6, 24913817=5, 18660959=2, 8732970=1, 22771758=1, 30969155=2, 29996190=2, 9526845=1, 26419261=3, 9998849=2, 6704069=1, 23242358=2, 1115685=3, 3726270=1, 32430463=1, 14930879=1, 8188103=1, 8355586=1, 18251262=1, 10766371=1, 27319228=1, 21352018=1, 29358625=1, 12141320=1, 1963516=1, 7783351=1, 25982412=1, 29595607=2, 25496182=3, 17173279=4, 32787290=1, 29910980=1, 4046517=2, 32475624=2, 27923551=4, 28874614=2, 1282632=2, 24947834=2, 16776269=1, 8503114=2, 25099653=1, 30359391=3, 30062899=2, 9322284=4, 28929065=1, 30956050=1, 9850632=1, 11049079=2, 11685901=1, 29499862=4, 14458609=2, 32401237=1, 14203209=2, 32444836=3, 8705592=1, 1535268=1, 20423018=2, 27574502=1, 29537145=2, 21723635=1, 31061443=1, 25040164=4, 6161540=4, 32196116=1, 32380956=4, 13343827=2, 30723220=1, 33236885=3, 10382771=1, 22743861=3, 22705577=1, 28225464=2, 13015243=2, 5049804=3, 1153853=2, 4461393=5, 23165410=1, 22084273=1, 6974325=1, 11216898=3, 30601143=1, 18160036=3, 16670742=1, 1611720=2, 2236018=4, 8191186=1, 5229701=1, 6125714=1, 30108638=1, 18252117=2, 3957985=1, 20372539=1, 29207824=2, 5940071=2, 12449802=1, 26188720=2, 28845003=6, 9958496=1, 6587789=2, 30278815=4, 15079601=4, 29260618=1, 23087354=1, 24892325=1, 28448254=4, 3313830=2, 12213666=1, 17194756=1, 5717151=3, 12182377=1, 29652265=1, 6639826=1, 25344399=2, 32813950=2, 14932929=1, 5214417=2, 11020716=6, 11779667=2, 10616643=1, 30944032=6, 15759138=1, 11557315=1, 33311546=1, 31232228=2, 30498712=1, 26676643=3, 9133290=1, 7756993=1, 10473160=1, 23810589=1, 15846095=1, 12786220=3, 27437258=2, 27011265=5, 1438255=1, 28598617=1, 12118471=1, 4584389=1, 13826954=1, 27391064=1, 22895463=1, 6170338=4, 18585444=2, 15334240=1, 27285726=1, 21234810=5, 27342014=3, 20383563=3, 23300737=2, 5240261=1, 13769345=4, 30760837=1, 23331373=5, 7943841=3, 30783523=2, 16353493=2, 25827450=4, 8065391=3, 5267327=1, 32408996=2, 32777005=5, 23995250=4, 21472473=2, 19347361=3, 15835002=2, 8747020=1, 30504506=1, 30780760=2, 3920426=1, 6952234=4, 1280519=2, 4576954=1, 3106236=1, 3355060=3, 8354396=1, 18360674=6, 25759286=3, 5088758=2, 24159715=2, 8207469=3, 5813868=2, 7501898=1, 16427955=2, 32869785=2, 28486721=2, 21544151=2, 33304589=5, 13135895=1, 7661667=1, 19021439=4, 32762401=1, 32022255=2, 19654941=1, 22140741=1, 14040134=4, 852753=3, 2016804=1, 22225036=3, 27539489=5, 4328256=4, 6009274=2, 15991835=5, 17120273=3, 16732313=1, 32299714=1, 14276336=1, 4390379=1, 19041113=2, 24965408=1, 20978445=9, 17416084=2, 14956107=5, 15077920=4, 4738881=1, 28979298=4, 17545361=2, 30671521=5, 12614120=1, 28778407=3, 12018302=1, 29288816=1, 6264744=2, 5418568=2, 25312456=4, 21448512=1, 5334666=1, 25105148=3, 18614229=5, 8722174=3, 26565156=1, 19680505=1, 31276211=3, 25122006=1, 7098756=1, 12980234=4, 18294419=3, 11651669=1, 20948845=2, 6909844=1, 21401887=2, 891463=2, 15471409=5, 31191239=1, 26969940=2, 19973534=1, 9343722=2, 17705768=4, 15708245=2, 719926=1, 7064841=1, 4977403=1, 32076551=1, 29073847=2, 12022518=1, 25492509=1, 1254033=3, 27445495=1, 28803323=2, 7036362=1, 31106279=2, 3768523=2, 8271652=4, 3863057=1, 403901=4, 25059089=1, 20108203=1, 24581201=3, 28801621=1, 12289883=2, 27656022=1, 3948269=5, 22380891=2, 16683677=2, 27981358=1, 14118094=1, 6807941=1, 8595624=3, 33500888=3, 24538682=1, 8159152=1, 29511810=1, 15985272=1, 30056902=2, 11172817=1, 18362576=6, 17180848=4, 32904546=4, 22978182=2, 6759902=3, 25886177=1, 608084=1, 881570=1, 20373833=1, 1345788=2, 5648148=4, 7959506=1, 23222567=1, 27767801=2, 30168587=1, 33312246=1, 7477696=4, 23931153=3, 20991686=1, 32709197=3, 9450717=7, 30337530=1, 29135892=2, 15653283=1, 2024642=1, 993133=3, 12675863=1, 19462672=1, 9331698=1, 24491913=2, 12448048=1, 24047436=1, 11322677=1, 18343785=1, 7610603=5, 4857423=4, 29897224=6, 18556892=3, 28121944=3, 18508413=1, 4818702=2, 32624782=1, 29214401=1, 15129378=1, 11736714=3, 26662198=1, 28835204=1, 19995328=3, 18558702=3, 6604031=1, 15822144=1, 2678762=1, 2758907=4, 26331707=1, 31608339=1, 14234967=3, 6347527=1, 9782903=1, 28540260=1, 2148200=1, 4679816=1, 19995238=3, 18691343=3, 31324391=1, 27318579=1, 32657406=1, 24316748=3, 7805333=3, 686599=1, 26860174=1, 10527999=2, 2874282=1, 20411128=1, 7499832=1, 25750439=1, 3476725=3, 18634725=1, 10725982=2, 31662127=3, 1942790=2, 12853629=5, 14162281=6, 14171746=6, 19200778=1, 28084482=2, 26463948=1, 32904610=4, 20928402=1, 6350272=1, 11820500=1, 21273564=2, 9572038=4, 33304116=5, 2320742=1, 19928387=7, 19206237=3, 19435632=2, 27961145=2, 8211344=1, 3987571=1, 23445112=2, 21608483=2, 1023609=2, 13818287=1, 17991214=2, 3325467=2, 17663937=2, 24677886=2, 18886951=8, 26398120=1, 15679117=3, 10296041=3, 23681647=1, 27657774=4, 23177209=2, 1821992=1, 20887070=2, 2616903=1, 13138499=1, 10119616=1, 1305190=1, 25205078=2, 11060971=1, 19207793=3, 3818526=1, 24926145=1, 10652851=2, 10602145=1, 28832012=1, 32181054=3, 17772124=3, 21465=1, 19812135=1, 30522115=2, 23554730=1, 23361=1, 10964092=1, 16763006=1, 28726889=1, 14819902=4, 4608476=1, 7342073=7, 18751034=4, 10281588=1, 13167268=1, 23490382=1, 4526725=3, 11642625=2, 15656417=1, 7473265=4, 7439696=2, 2343945=1, 9443174=7, 8374477=1, 16189556=3, 3396676=1, 9028813=1, 2633065=6, 16077806=1, 24317880=3, 10210143=1, 26634761=1, 3954378=1, 13012231=2, 23231403=1, 7218256=4, 20525930=3, 13299847=1, 33202482=2, 31450177=1, 12345177=1, 6630790=3, 7968299=2, 5378945=4, 5646205=4, 14676089=1, 28768950=1, 438659=2, 29524771=2, 16626961=2, 12680025=1, 26224267=7, 11595384=1, 13644266=7, 8725700=3, 5755312=1, 9529543=1, 27288611=1, 18384652=2, 30446770=2, 8465536=3, 16545443=1, 29701155=3, 702837=2, 9533814=1, 6538060=1, 7686936=1, 30072141=1, 23147982=3, 16531347=5, 10961475=1, 16918810=4, 2049169=1, 28633221=1, 9872608=2, 2795683=2, 7863899=1, 1751132=2, 18138628=1, 7803136=3, 12430508=2, 28581339=5, 21686376=1, 23357883=1, 21086934=1, 20455410=6, 29654132=1, 32824243=1, 24187171=3, 14015899=1, 10547462=1, 32962010=1, 17794030=2, 29974637=1, 27085999=1, 33538543=1, 30233412=1, 23840072=1, 29732131=2, 16006868=5, 15152478=3, 11368396=1, 8409133=1, 9835864=4, 31038419=2, 9703769=5, 22203577=1, 26164135=3, 8120175=1, 286067=1, 16789203=11, 16322706=3, 23496066=2, 17009707=2, 160451=1, 19816602=1, 19468011=3, 20990474=1, 4994146=5, 2379059=1, 28590689=1, 4642361=1, 13714520=1, 3847442=2, 19310519=2, 12186597=1, 25057491=1, 17675329=2, 11536738=7, 26750987=6, 3501179=1, 11652067=1, 1243695=1, 3157966=7, 28931191=1, 10682189=1, 5440803=3, 18211148=1, 6210671=1, 835415=2, 350458=1, 27001313=5, 15475257=5, 5597253=1, 14918328=2, 9343963=2, 26193764=2, 29851190=1, 19402706=6, 4015539=1, 5061845=3, 16668194=1, 3966366=2, 31514726=1, 2851386=2, 7775225=2, 21878537=1, 32300733=1, 6251810=1, 29114388=1, 2457400=1, 14309976=1, 8353710=1, 2202886=2, 20663002=1, 29307639=3, 1783628=3, 19046222=2, 6498813=3, 2277532=1, 26882228=4, 7469657=1, 18027025=3, 15189223=1, 10521325=2, 18868998=1, 11028113=1, 31195178=5, 19952307=1, 4479127=1, 11405540=4, 11916389=1, 15321421=1, 19610172=3, 32506447=7, 25883821=1, 21117490=4, 27221699=1, 4121417=1, 6161309=4, 29972663=1, 30556796=1, 24944290=2, 9772532=3, 17192137=1, 16719380=3, 6267189=2, 9391212=1, 24104051=1, 29170119=3, 26759012=1, 4977985=1, 24430140=1, 7000658=1, 32975895=3, 29118735=1, 1359594=2, 15187632=2, 18814494=3, 29541956=1, 14193822=2, 23348623=1, 29595138=2, 33456683=2, 27007528=5, 26769084=1, 32734703=1, 27278022=8, 11583633=1, 2459687=2, 17725430=1, 28179256=1, 26003883=1, 26083616=4, 16731906=1, 23017023=3, 18011390=1, 22784353=2, 1770471=3, 12425050=2, 2362840=5, 28173407=1, 25050704=4, 30891183=1, 32671815=2, 9167888=1, 22635175=1, 6526961=2, 6640932=1, 4510232=1, 27798356=6, 20800670=1, 5388052=4, 4050386=1, 25055735=1, 31522093=1, 21121482=1, 19538297=4, 20715871=5, 50325=1, 3999026=3, 11134601=1, 25999881=2, 13974370=3, 5808831=2, 9453487=7, 9629727=1, 4453807=1, 4158763=1, 16499364=1, 25028028=1, 16568224=1, 6825077=6, 23276624=3, 21009443=2, 13958732=1, 15042084=2, 32673679=2, 30915884=2, 1893576=1, 24373539=1, 25619461=1, 7029453=1, 2603954=2, 192352=1, 11783651=1, 10034636=3, 32959347=1, 3360166=1, 12569334=1, 20501371=1, 26071361=1, 19551766=1, 1450506=4, 1043144=1, 11072260=1, 5055558=3, 6098357=3, 16671969=1, 14031639=4, 26757272=1, 30238581=1, 841728=1, 15889129=1, 30070548=1, 20468252=1, 9321563=4, 11343400=3, 26767401=1, 22455467=2, 23101779=2, 27810812=1, 6622578=3, 3793965=1, 1425856=1, 9711074=5, 33005108=2, 26072363=1, 9125529=3, 15834420=2, 6219091=1, 25740949=1, 25119598=1, 16503659=1, 18850898=2, 10449943=1, 1440336=1, 32789346=1, 12684686=2, 27662571=4, 22792006=1, 25533230=2, 7559188=1, 9471572=2, 8491959=2, 7750507=1, 15710737=2, 21913268=1, 8578165=1, 10317215=1, 438057=2, 6161611=4, 27464271=3, 16602170=1, 28954523=1, 28195886=4, 5836645=3, 2307391=3, 30504174=1, 27648126=1, 11485983=1, 4435835=2, 33263781=2, 32248590=5, 9497704=1, 4940024=1, 28916116=3, 17209511=2, 29518935=1, 11801377=5, 5026107=2, 5228393=1, 15890458=1, 17018686=2, 16794072=1, 13116481=6, 5722953=1, 26499329=1, 960693=2, 28801414=1, 29019942=1, 24863722=1, 7096664=1, 7583545=2, 18605844=1, 22402331=1, 9442202=7, 32900393=4, 29444103=1, 21752132=1, 32439170=1, 2826918=3, 24405977=1, 15253108=2, 3300380=1, 6265539=2, 8375493=1, 16842797=3, 7622684=1, 22302707=1, 10119004=1, 27674037=1, 22901402=1, 7905283=2, 20764632=1, 24099716=2, 26603815=1, 23521486=1, 12883396=2, 31118542=1, 7459988=1, 5032521=1, 27651051=1, 11777783=2, 27657226=4, 21658902=1, 5756018=1, 23498864=2, 10502562=1, 4529919=3, 54851=1, 18752074=4, 23437381=2, 3419282=5, 18688178=3, 18050813=1, 29377894=1, 18303106=1, 4877628=1, 24084710=2, 14878828=3, 7271009=1, 29628890=5, 22645016=2, 8375307=1, 7341434=7, 1008811=1, 25402033=2, 27686952=1, 6197448=2, 23328549=1, 24412681=2, 6958077=4, 14193407=2, 29819960=3, 17521430=1, 30971075=2, 499894=2, 30605175=1, 24120019=7, 10250523=1, 22405220=1, 32252976=5, 11161114=1, 280164=1, 3038973=1, 8114546=1, 25308714=4, 14889640=3, 1404817=1, 21892762=4, 14429485=5, 26954251=1, 28350540=2, 17049268=5, 22799691=1, 6564591=5, 11547431=7, 16219559=1, 31474359=1, 7584721=2, 11005885=1, 31030500=1, 11955972=1, 26054112=2, 282229=1, 7215187=4, 12329061=5, 17779730=1, 32752259=1, 25221647=1, 33105425=3, 10293166=3, 3821900=1, 24495597=1, 3913478=2, 5663981=1, 19454403=1, 1518138=3, 28714190=4, 14907744=1, 8680987=1, 14696689=1, 13759192=1, 31712071=1, 2826725=3, 21727416=2, 25631188=3, 24107881=1, 7276676=3, 1355675=2, 8876669=1, 20646801=3, 21487396=1, 25336041=2, 29200409=2, 6746820=1, 3770649=2, 14050373=1, 6821165=6, 9695176=1, 28735022=1, 10166369=3, 16251722=1, 14301186=4, 1883166=2, 11308794=2, 26647662=2]}&gt; but was:&lt;...Prime: 6 register: {[17317432=6, 4608476=1, 8660517=5, 13958732=1, 15759138=1, 24053856=3, 28718609=4, 30296654=1, 2785190=1, 17994175=2, 11820500=1, 13315149=3, 30398094=1, 27686952=1, 30891183=1, 21093433=1, 19201417=1, 10473160=1, 4804026=1, 30504506=1, 2527270=2, 2000999=2, 3766357=1, 9074812=1, 25221647=1, 29400680=2, 32869273=2, 31440000=2, 19166554=1, 836038=1, 5618746=2, 29863228=2, 5631126=1, 6688667=4, 27832194=2, 2851386=2, 29229652=4, 28936171=2, 22978182=2, 31112766=2, 19206237=3, 23328549=1, 31243124=2, 16763006=1, 3770649=2, 26055150=2, 26991233=1, 1854224=1, 6251637=1, 18291272=3, 7587295=1, 6907232=1, 1615046=2, 19973534=1, 30375170=1, 31382194=1, 14697120=1, 20501371=1, 18911831=2, 8162574=2, 23496066=2, 6702204=1, 23835818=2, 32380956=4, 20423018=2, 922188=4, 5664276=1, 28698533=1, 12337299=1, 29702811=3, 4083757=1, 11134601=1, 27810812=1, 10500023=8, 874374=1, 10083691=1, 1876711=2, 5199827=1, 1695017=1, 3611196=3, 13763812=4, 19393993=1, 148682=1, 6770824=1, 11216898=3, 30564616=1, 27657774=4, 1023874=2, 15618527=1, 8507871=1, 7358664=1, 666533=4, 7640459=2, 26858922=1, 15325372=1, 3346874=3, 2148200=1, 32118981=4, 30522115=2, 14754467=3, 30370941=1, 30701877=1, 21827470=3, 33050611=1, 13038510=1, 9048092=4, 14098353=3, 32069016=1, 22980420=2, 15377180=2, 22350003=3, 6309041=1, 1074452=1, 20554601=2, 1128637=3, 2968787=1, 21542767=2, 28334876=1, 15794236=3, 2054929=1, 18074369=1, 16612991=1, 16534919=1, 17163266=1, 323304=1, 17009707=2, 11995144=3, 27375010=2, 25105148=3, 28225464=2, 24418684=2, 13964173=3, 15334240=1, 16571615=1, 22737936=1, 2459687=2, 10779906=1, 22212733=1, 18235314=4, 32671815=2, 19502772=2, 23528074=3, 28527309=1, 19917664=1, 32752259=1, 5826360=1, 5328293=1, 12491431=2, 26848299=2, 10295880=3, 835415=2, 31675494=1, 19538297=4, 510557=1, 25583725=1, 18802416=1, 28066837=1, 1895340=1, 21078794=2, 819479=2, 16642930=1, 19349421=3, 6174717=4, 9963547=6, 5415214=2, 18828048=1, 7711014=2, 26889564=1, 29287331=1, 15183458=2, 30607986=3, 5856622=1, 3721561=1, 1041513=1, 10034636=3, 19773892=2, 8989994=3, 17200591=1, 17178922=4, 1751132=2, 16542192=1, 15831745=2, 26769084=1, 29946471=1, 11862461=3, 22344654=1, 24009702=1, 18133508=2, 9182370=5, 27956686=2, 14890370=3, 18450738=2, 20108203=1, 23042093=2, 23679914=1, 1936435=2, 3735220=1, 6465668=2, 10447056=1, 31742434=1, 33053989=1, 3761862=1, 18242793=1, 8481088=1, 9215929=2, 21832496=3, 8207469=3, 25789997=2, 28855209=1, 1793469=1, 3207632=1, 18384652=2, 23904207=2, 24336365=1, 14551059=4, 20056516=4, 11613795=3, 15844371=1, 13990192=1, 28131564=1, 15791530=1, 7610603=5, 29170119=3, 20058719=4, 17209511=2, 13152693=2, 27821217=2, 28803323=2, 29372260=9, 21594614=2, 3347824=3, 13638276=7, 29541956=1, 25453682=1, 15070123=1, 30859812=1, 31863209=4, 30222008=3, 23135374=3, 32790834=1, 28545265=2, 9872608=2, 16144677=1, 13775626=4, 10347394=1, 24738245=1, 32293972=1, 26759012=1, 15012886=3, 31873418=1, 28538518=1, 8898962=1, 15123323=1, 8928419=6, 25401=1, 30837173=2, 17979214=1, 7556541=1, 15457852=1, 29904060=1, 16566065=1, 5934762=2, 33188509=1, 4190027=1, 10284005=1, 18360674=6, 30086303=3, 17018686=2, 12359328=2, 32742583=2, 17093498=1, 22302707=1, 3547234=4, 28767838=1, 19095553=1, 30745206=3, 634081=2, 10732568=1, 33371943=3, 4479127=1, 9533814=1, 7735322=4, 12493276=2, 18453204=2, 28525315=1, 21240469=5, 13610580=2, 12721894=4, 23768092=2, 25927262=2, 5234102=1, 24335919=1, 28824314=1, 25021291=1, 24122034=7, 4996115=5, 13033456=1, 24187171=3, 33060401=1, 8672685=1, 14113622=1, 31798626=3, 30974720=2, 8843509=1, 17341639=2, 17759418=1, 10990918=2, 25257711=1, 25923006=2, 33538543=1, 17448205=4, 23244834=2, 282229=1, 27599815=3, 16832126=1, 11779667=2, 11304246=1, 15325442=1, 28914749=3, 18015078=1, 17492193=1, 5085890=2, 20026891=2, 2219801=1, 18508413=1, 19946351=1, 32243404=1, 21561338=1, 26763360=1, 1394021=1, 10820833=3, 16471321=1, 30598229=1, 6934952=1, 24759688=1, 1578020=6, 15834508=2, 5334666=1, 3579409=2, 2429839=3, 20660713=1, 23300737=2, 12141320=1, 4834292=1, 29118967=1, 4100828=2, 6519110=1, 29910980=1, 31658791=3, 7583293=2, 27288611=1, 16002370=5, 19326908=1, 20411128=1, 28145291=1, 26790333=1, 24270255=1, 21151195=2, 25827450=4, 23640206=2, 6801513=1, 20435598=1, 30373313=1, 6665982=2, 5436075=1, 13781578=1, 14203209=2, 19326274=1, 16626961=2, 18011390=1, 31508675=1, 23760997=2, 30327058=1, 988024=3, 9262689=1, 32427416=1, 22795988=1, 10219317=1, 4890433=2, 17454413=1, 27351867=1, 12375676=1, 24043825=1, 26151495=3, 33012350=2, 15687469=1, 31393008=3, 7890102=1, 31835780=1, 22615790=3, 9373645=3, 6110460=3, 4679257=1, 26325963=2, 25944936=1, 29819960=3, 16789203=11, 6383257=1, 18499841=1, 4715447=1, 13879439=1, 3084865=3, 1907358=3, 6205245=2, 32408996=2, 3293039=4, 12407273=1, 32439170=1, 10420807=3, 16072885=1, 23809920=1, 32675664=2, 19581375=1, 29970396=1, 15915173=1, 10664607=2, 10595408=2, 26193764=2, 20373833=1, 17526957=1, 31137122=3, 12419772=2, 28307611=1, 25055735=1, 21907755=1, 8272860=4, 23793072=3, 22704282=1, 18751034=4, 11497180=1, 27998672=3, 436128=2, 31339520=4, 6587789=2, 18886951=8, 1209764=1, 280164=1, 3405402=1, 33465779=2, 2078247=2, 4438233=2, 8561452=2, 26700470=1, 3566951=1, 8215061=1, 20791631=1, 4890106=2, 1018447=2, 316677=1, 27745170=1, 24022788=2, 18259867=2, 18200011=2, 24121223=7, 26882228=4, 2914148=1, 24474089=1, 15305271=2, 17124687=1, 11966355=2, 23500437=2, 1692793=1, 26887365=1, 2183546=1, 26083616=4, 30601143=1, 14878828=3, 6704069=1, 23862909=5, 7781652=2, 30278935=4, 32252976=5, 10723546=2, 7542308=3, 24839901=3, 7655699=1, 27800809=6, 7379934=2, 19163652=1, 12430508=2, 32622010=1, 7552575=3, 21530063=2, 17499621=3, 23498864=2, 17143856=2, 3941675=5, 6474383=1, 29196930=2, 24705992=1, 5679058=2, 30072141=1, 11547431=7, 25280683=1, 31523910=3, 5188624=3, 2407608=2, 7067134=1, 31411703=1, 15263199=1, 23836824=2, 11995109=3, 26387379=2, 18141205=1, 1345788=2, 27463260=3, 160451=1, 10668569=1, 18123682=2, 16344907=1, 22561149=1, 32209474=1, 9019126=2, 30760837=1, 28414581=2, 4648783=1, 14278256=1, 3235952=1, 2875827=1, 18101876=5, 30991345=1, 7864696=6, 6676789=1, 3094247=3, 16654145=4, 27201782=3, 33476371=1, 27592852=3, 7834631=2, 17414904=2, 5813868=2, 25569864=4, 1937187=2, 22156321=4, 29596314=2, 218325=1, 7276676=3, 30966969=2, 3168957=1, 6210671=1, 22895463=1, 21588949=1, 30395423=1, 21038613=3, 28585143=5, 18814494=3, 586945=1, 17806314=2, 21329372=1, 30387257=2, 28056189=5, 26074141=1, 8324628=3, 17822017=1, 14503754=1, 31533706=3, 16731906=1, 12365399=2, 29018559=1, 7298124=1, 9497704=1, 2094347=1, 3198752=1, 20526939=3, 12793413=3, 24159715=2, 6813291=1, 14314800=1, 15967000=2, 20764632=1, 17945911=1, 20164695=2, 302947=2, 2758907=4, 2470827=2, 28714190=4, 17018120=2, 19785382=1, 3649369=2, 9637445=3, 22314639=1, 14852140=2, 3891972=1, 25902357=3, 23294432=1, 18656524=2, 12643348=1, 28911883=3, 7220620=4, 24099716=2, 15056985=1, 6273902=2, 11409222=4, 22437529=1, 33115401=1, 6319759=1, 19520145=1, 18575177=1, 23422928=1, 14306718=1, 3305573=1, 26665100=1, 24863722=1, 30463813=1, 30993560=1, 2457400=1, 20548=1, 26767401=1, 5651186=4, 13170866=1, 2626927=6, 18231513=4, 25340456=2, 15576188=2, 28694521=1, 11624110=1, 2669789=2, 13627934=1, 20800670=1, 32354302=2, 21009443=2, 13873496=2, 25402033=2, 18050813=1, 17549579=1, 22953289=4, 15567925=2, 28404453=1, 9602112=2, 17225117=1, 26090270=4, 18434130=1, 11415726=4, 25874484=1, 29807360=1, 33105425=3, 51100=1, 21266109=1, 8748502=1, 4418879=1, 32947545=2, 17691584=1, 4854299=4, 1442504=4, 8668208=1, 21487396=1, 31880926=1, 22950374=4, 8722174=3, 5272188=1, 17919250=1, 11528457=1, 22966664=1, 9851618=1, 14932929=1, 24886670=2, 4448318=1, 2061447=1, 17797519=2, 26891383=1, 14765933=1, 8539374=1, 25236222=3, 20598979=1, 5355451=2, 3516540=2, 28845003=6, 29015525=2, 29740375=1, 1021609=2, 15552848=1, 16406125=1, 28433071=1, 1786380=1, 28614315=2, 7286337=3, 2362840=5, 15679117=3, 22310988=1, 25736695=2, 31901805=1, 29661866=2, 26589070=2, 29573517=1, 16261864=6, 17150343=2, 14258863=2, 22226551=3, 31023946=1, 27125776=1, 26666349=1, 20564858=1, 7036362=1, 4898892=1, 13671984=2, 29654132=1, 21359466=1, 14505872=1, 16353976=2, 20471069=1, 30543997=4, 1901894=3, 15710737=2, 21863901=2, 26981629=2, 27594779=3, 10611241=1, 32414581=2, 28642809=3, 21296852=1, 7867465=6, 8159152=1, 29537145=2, 11793477=1, 8494934=2, 1449896=4, 21310734=3, 4399875=3, 8355586=1, 2454884=1, 9297059=1, 10462600=2, 18688178=3, 5580628=3, 4905504=1, 3971111=2, 13522753=1, 9056594=4, 17856550=1, 26319311=2, 8643616=1, 18303106=1, 12607526=1, 16956711=2, 26750987=6, 6412481=1, 24119287=7, 3753964=1, 12076071=1, 31019589=1, 12584183=9, 15653283=1, 8492274=2, 571863=2, 11228339=1, 29179666=3, 9529543=1, 8942595=1, 16612669=1, 1298743=1, 19977221=1, 7029453=1, 23941447=1, 8012079=1, 5248049=7, 21664495=2, 1008811=1, 11161114=1, 32838924=3, 33213754=1, 30493383=1, 12164100=2, 28327095=7, 969896=1, 5753817=1, 26826577=1, 10074316=2, 7756993=1, 13769345=4, 8566707=2, 5050083=3, 31735421=5, 10092087=1, 3355060=3, 6516597=1, 21938039=2, 2835214=1, 32501112=1, 29467897=2, 23268792=3, 7364817=1, 14475804=1, 1149425=2, 4409813=1, 26862736=1, 10246622=1, 29823977=3, 11845005=2, 10779342=1, 3371081=1, 21891327=4, 33471669=2, 2055010=1, 19282186=4, 22305800=1, 19563642=2, 9167597=1, 27099129=1, 7830839=1, 13015243=2, 27082278=3, 21933968=2, 6683257=1, 1609546=2, 54851=1, 15226095=1, 24477230=1, 25919329=1, 13114147=6, 3007255=1, 32991617=1, 12980234=4, 31055620=1, 12729245=4, 3300380=1, 10343475=1, 7399740=1, 27131246=1, 32787290=1, 11978298=1, 8718802=3, 135267=4, 798262=5, 12241262=1, 9593061=1, 10451168=1, 14631126=1, 18563156=1, 25862076=2, 33286395=1, 4461393=5, 30971075=2, 24947834=2, 28559674=1, 13081583=2, 10342890=1, 14618960=3, 604246=3, 30103331=1, 16211798=1, 18864687=1, 5429933=1, 13850053=1, 6150584=1, 8543646=1, 30812633=4, 30465129=1, 24712937=3, 6625884=3, 28482730=2, 8602088=1, 29618670=1, 33383076=1, 21686376=1, 12957513=2, 11976874=1, 17180848=4, 608516=1, 16392464=4, 16219559=1, 28125722=3, 14792033=2, 24914959=5, 4758767=2, 17006268=1, 15856577=1, 27657226=4, 31730337=5, 22256288=2, 23752386=1, 19053110=2, 28225564=2, 30925879=1, 192352=1, 22799691=1, 3793965=1, 24527088=1, 32959684=1, 2285664=1, 5560784=1, 19680505=1, 13400276=1, 30546123=4, 2202137=2, 5729511=1, 10296950=3, 21327649=1, 1063063=7, 3138530=1, 18350443=6, 26876817=4, 5857387=1, 3838693=2, 6720737=2, 30349725=3, 16312027=1, 282596=1, 14652468=2, 5650303=4, 24495597=1, 9526845=1, 7673622=3, 17832326=7, 14309976=1, 5881002=2, 8919571=6, 5336174=1, 1495271=1, 2685456=1, 960693=2, 13436464=3, 27445495=1, 24702641=1, 30721025=1, 33018695=1, 4526725=3, 10281121=1, 33094564=1, 32585589=3, 2964530=3, 22645016=2, 7968299=2, 12443016=1, 15487407=1, 18571958=1, 6494001=3, 22181385=1, 21494094=1, 25881848=1, 23050561=2, 881570=1, 25501506=3, 21152732=1, 13205621=2, 26362182=1, 17742104=2, 18007181=1, 9388988=1, 14877720=3, 3696704=1, 19551766=1, 11086003=3, 1611720=2, 2870642=1, 29145809=2, 25452373=1, 32452058=3, 31265060=3, 29388092=1, 16614639=2, 5627355=1, 31119171=1, 9397103=1, 21379050=4, 19943239=1, 1450139=4, 23257221=1, 17303516=6, 28891849=1, 15562267=1, 14834284=1, 23232943=2, 32092565=2, 335441=3, 32022255=2, 11105977=1, 30666297=1, 23547909=1, 11919272=1, 31064552=4, 17279973=2, 18359662=6, 8747327=1, 21575905=3, 24934703=1, 4584389=1, 32252037=5, 4369028=2, 28729175=1, 32546235=2, 15070864=1, 14497899=3, 32714059=3, 7219068=4, 32632725=1, 19654941=1, 24626936=1, 26799047=1, 27297291=2, 21113596=4, 8234633=2, 21596510=2, 7081090=5, 19324444=1, 28328269=1, 24914946=5, 21882443=1, 32512336=7, 25057491=1, 1883166=2, 8721033=3, 32194499=3, 3523903=1, 5957595=1, 10439519=1, 10384875=1, 31779994=1, 32555418=1, 9874583=2, 25371378=3, 16602170=1, 25362418=1, 8435975=2, 19752990=1, 7713539=2, 26954251=1, 6063977=2, 9811585=2, 28083908=2, 29518935=1, 29126131=1, 32969858=3, 25508504=3, 22989862=1, 12285404=1, 1507242=1, 13323866=1, 3104117=1, 17479986=2, 4818702=2, 20531542=1, 14786290=2, 1518138=3, 18439545=1, 3332767=1, 17772124=3, 17190855=1, 8330290=3, 30202343=1, 16582578=3, 19258757=1, 26463948=1, 25759286=3, 20283131=1, 26239932=1, 7203272=1, 9966603=6, 14933500=1, 3221170=3, 27785668=1, 1417509=2, 5755312=1, 12853629=5, 4881504=1, 18731621=1, 616053=1, 19545535=4, 12014965=1, 5335054=1, 16950723=2, 10359261=4, 13784271=1, 14323980=2, 23151323=1, 21121482=1, 25568617=4, 17419720=1, 12882863=2, 19239849=2, 26869487=1, 24774724=4, 31049025=1, 8992574=3, 5061845=3, 24117886=7, 21263303=1, 904292=1, 20250142=1, 24080404=1, 30723220=1, 25750439=1, 29756230=4, 17545361=2, 12780947=3, 11505994=2, 32026595=2, 13952029=1, 33295415=5, 18243577=1, 17726544=1, 24100503=2, 6640932=1, 26766021=1, 32611478=2, 3141032=1, 31673246=1, 4206350=9, 1872558=2, 32546666=2, 1845756=5, 14328850=2, 9889196=1, 10518962=2, 11536738=7, 11703751=2, 1886362=1, 22055273=2, 21418097=1, 13181335=3, 3545903=4, 26499856=1, 13771691=4, 20489941=2, 13999814=2, 9634756=3, 6264744=2, 13974370=3, 3841674=2, 17567880=5, 14591385=2, 17367685=3, 23592762=1, 11218431=3, 25815384=1, 32185315=3, 8211344=1, 19831690=2, 12892819=2, 6159846=1, 23989119=4, 9791837=1, 12921864=3, 23947224=1, 5015165=2, 6471671=2, 392053=1, 4694293=2, 7247402=2, 12429772=2, 27233039=2, 7614449=5, 20113025=1, 29049290=1, 30070548=1, 14711649=1, 19725988=1, 28191148=4, 20089779=2, 25569323=4, 30689722=1, 26776100=2, 5648148=4, 3303576=1, 4774908=1, 31642313=1, 16940351=1, 3797602=1, 1160905=2, 24285627=2, 5873448=2, 11873303=3, 24017340=1, 23136314=3, 25144530=2, 9775939=3, 28778407=3, 13112093=6, 24360769=2, 2311269=1, 31458288=8, 20058566=4, 10428063=3, 28971348=4, 11656800=1, 17991214=2, 1821992=1, 2258766=1, 17122799=1, 2836673=1, 3771714=2, 26969940=2, 1980206=4, 23490382=1, 30637279=1, 24710667=3, 25631188=3, 23813025=1, 1216122=2, 23361=1, 11322677=1, 5903446=4, 28179256=1, 9997467=2, 25480479=1, 29207824=2, 1915552=3, 5749542=2, 4130141=3, 9277721=2, 24141195=1, 1940521=2, 17004921=1, 15800816=3, 19407032=6, 28024438=2, 29537072=2, 9485336=2, 20372539=1, 12329061=5, 17946023=1, 7943841=3, 12569334=1, 26925592=1, 12213666=1, 7371338=1, 17133312=1, 10992924=2, 13638520=7, 24507945=1, 15116251=2, 31053068=1, 33145566=1, 19952307=1, 4081541=1, 16503659=1, 12182377=1, 24123464=7, 16499364=1, 4051275=1, 30142488=1, 25535613=2, 30915884=2, 30944032=6, 15144489=3, 20248423=1, 18133903=2, 24537240=1, 15639329=2, 32076551=1, 2751240=1, 9443174=7, 19310519=2, 8311873=1, 8276051=1, 6339973=2, 29686719=1, 22482896=3, 7127861=1, 17873613=2, 32813950=2, 9200140=1, 2677343=1, 29104236=5, 17663937=2, 26021060=3, 22247711=1, 12837867=1, 20569755=1, 32789346=1, 22955167=1, 10175279=1, 27011265=5, 580335=1, 22720147=2, 29996190=2, 3166425=1, 19169542=2, 33258519=1, 1217951=2, 4908409=1, 19153233=1, 18334593=1, 11916389=1, 12191386=4, 1115685=3, 13208233=2, 14336740=1, 9772532=3, 8188103=1, 17116391=3, 17429340=1, 20098219=2, 10684501=3, 2049169=1, 3310200=2, 8091729=1, 22343717=1, 27335158=3, 21348480=1, 9502715=1, 25056813=1, 4857423=4, 2205799=2, 12947306=2, 4376997=1, 20939367=2, 5267327=1, 28054442=5, 1305190=1, 31276211=3, 4358326=2, 27082705=3, 7032284=1, 15079601=4, 2792744=2, 5742785=2, 27904446=1, 5572574=3, 18529906=2, 20369526=1, 5689682=1, 18596076=1, 1286938=2, 18380367=1, 32195264=1, 11378272=2, 30097622=1, 18985094=2, 6948945=4, 24444306=1, 24087405=2, 30452824=2, 5945450=2, 15321421=1, 18555250=3, 18558702=3, 1621173=2, 26448480=2, 14530420=2, 27696006=2, 23101779=2, 14515562=1, 15579296=2, 6372050=3, 14919945=2, 23132498=1, 13759192=1, 18492453=4, 31259535=1, 23123742=1, 28979298=4, 9167637=1, 6723205=2, 10695293=3, 7902380=2, 29829400=3, 3167073=1, 4049224=1, 5228393=1, 18047494=1, 11625378=1, 1227232=2, 12751849=2, 4795201=3, 19752445=1, 28721771=1, 18036953=3, 11687463=1, 30767652=1, 13896629=5, 18635154=1, 29126874=1, 20290718=2, 17612316=2, 10488270=8, 7000658=1, 20610367=1, 32442824=3, 13186409=3, 16705833=1, 31965773=1, 6833910=1, 23228635=1, 27833692=2, 26033759=3, 3419282=5, 1079500=1, 1574203=6, 27734633=3, 1208307=1, 22285765=5, 20238363=1, 21736699=2, 6264284=2, 26713705=2, 18342329=1, 4951922=2, 20531731=1, 19857220=1, 7142437=1, 10139448=2, 10471191=1, 23482905=1, 18456832=2, 14620250=3, 19064508=1, 24308858=1, 21210858=2, 8401395=10, 11780493=1, 12072521=6, 25154654=1, 15940390=3, 19347361=3, 5683931=2, 9373943=3, 15935776=3, 19788081=1, 7722665=1, 28916116=3, 23810589=1, 15548850=1, 4554134=1, 5930615=1, 5674797=2, 7656227=1, 32904546=4, 32841397=3, 29845658=1, 29598778=2, 28323492=7, 2025824=1, 2866784=2, 32818509=1, 10521325=2, 21608483=2, 72257=3, 32426311=1, 19461909=1, 19695492=2, 25589686=1, 10060349=2, 26624735=1, 25448811=1, 27516056=1, 17614913=1, 14777112=1, 20352892=2, 2298506=3, 27538449=5, 12997246=1, 11011178=6, 19351575=1, 10466120=2, 3811503=4, 4473786=1, 28154731=2, 18966187=1, 19278985=4, 19928387=7, 15338392=4, 11201991=1, 33304116=5, 16651570=4, 2968834=1, 1440336=1, 2616767=1, 16312112=1, 21951714=1, 31918160=3, 25207030=2, 8375307=1, 29417352=1, 7661667=1, 18138628=1, 10292159=3, 25945027=1, 30592020=1, 17900591=3, 28442579=1, 10547462=1, 13434873=1, 28581430=5, 3908427=2, 12738959=1, 10220966=1, 31570742=2, 18840916=1, 3513953=2, 30656120=1, 33236885=3, 17199581=1, 5055558=3, 5183493=3, 6639458=1, 8348835=1, 25446573=1, 4404463=3, 33457826=2, 13943512=1, 11271966=1, 11760698=1, 17554965=1, 29530601=2, 5792148=1, 25077546=2, 26233943=1, 11737751=3, 11067581=1, 28742754=2, 15695375=1, 1450506=4, 21604887=2, 7710776=2, 2308888=3, 21878537=1, 7696438=1, 14171746=6, 18883173=8, 5738904=2, 18744390=4, 30621968=1, 25468131=2, 7559188=1, 23049012=2, 6832558=1, 31285463=1, 3828517=1, 21045567=3, 10656557=2, 31481090=1, 7905283=2, 12128096=3, 3704336=2, 25155367=1, 18585444=2, 4032262=2, 12186597=1, 26874844=4, 31375338=2, 24405977=1, 5764317=1, 10198920=2, 20638654=1, 21750050=1, 4097232=2, 20796723=1, 158177=1, 15773908=2, 18858285=1, 33325146=2, 20159743=2, 4889414=2, 26916631=2, 18251262=1, 1641703=3, 14078821=1, 29958283=3, 16712094=3, 24076843=1, 26398120=1, 10449943=1, 17719724=1, 20570074=1, 25671370=2, 29652265=1, 12018302=1, 18707319=1, 2236018=4, 25293573=1, 3170539=1, 29377894=1, 3412110=5, 29595607=2, 20589537=4, 11405540=4, 15314768=2, 11761580=1, 6974325=1, 9543696=2, 9958496=1, 22050251=1, 5919090=1, 23263742=1, 18622918=5, 8751737=2, 12081459=1, 32557993=1, 4779982=1, 1455794=4, 25443041=5, 8916882=6, 9301378=1, 3526384=1, 30927814=1, 4753125=2, 33311546=1, 27539489=5, 18604928=1, 22610856=3, 32643180=4, 5954338=1, 8404105=10, 10093967=4, 4485143=1, 28638041=1, 32475936=2, 26385448=2, 11386466=2, 702837=2, 18855906=2, 24817555=2, 5119065=4, 15189223=1, 286067=1, 14652131=2, 27126321=1, 18419755=3, 14118094=1, 19143530=5, 29773238=1, 1987680=1, 33408861=1, 20389755=3, 31768790=1, 9260518=1, 15161324=1, 4935522=1, 18634725=1, 7384827=2, 33280089=1, 30929292=1, 8607768=1, 27991469=3, 6465893=2, 9132044=1, 27085999=1, 9910387=3, 7803136=3, 23784372=1, 31248066=1, 5576029=3, 23571212=2, 29738395=1, 17057041=1, 21658902=1, 32838432=3, 3997980=3, 29044946=3, 22468992=1, 15822144=1, 16077806=1, 2379059=1, 3318222=2, 26912273=2, 12508543=1, 438057=2, 29065948=2, 17145069=2, 21940360=1, 12449802=1, 11461293=1, 10725982=2, 6958077=4, 22901402=1, 5201513=1, 17941474=1, 29488526=1, 26273924=1, 33119321=1, 1282632=2, 18266881=2, 23124006=1, 20079368=1, 8839816=1, 31324391=1, 15708245=2, 23674091=3, 2294556=3, 33543532=1, 5836645=3, 9334877=1, 25802749=2, 25771888=3, 9896139=3, 2426403=3, 23162621=1, 32167602=1, 12614120=1, 28455024=4, 4977985=1, 6909844=1, 20066706=4, 30636601=1, 19328694=1, 25045058=4, 25050704=4, 7215187=4, 29200409=2, 7946053=3, 18094329=5, 28693297=1, 1153853=2, 17705768=4, 10673327=1, 31818878=2, 17392327=1, 7018263=3, 4628837=2, 6406413=1, 30316493=2, 18028729=3, 668130=4, 31306414=2, 9539034=2, 2580124=1, 6152155=1, 30305125=1, 2581372=1, 11145232=4, 4063923=4, 13110214=6, 9833765=4, 29224552=1, 21425908=1, 13239291=4, 18787223=2, 30571559=1, 30551795=4, 5875529=2, 16190405=3, 6125714=1, 30228183=3, 30461761=1, 15070413=1, 15398782=1, 2279952=1, 6857338=2, 22060530=2, 20154558=2, 20549882=2, 11485983=1, 17152734=2, 28801621=1, 15263631=1, 24111939=1, 1769495=3, 3426910=1, 25040164=4, 4955522=2, 4146358=1, 5756194=1, 21855821=1, 21838706=3, 28001690=1, 515986=1, 8625323=2, 23558747=1, 13714520=1, 26224267=7, 24816088=2, 26423992=3, 20545719=2, 11478345=3, 28834429=1, 16172595=1, 13456977=1, 1483869=2, 17120273=3, 31360660=2, 6287842=1, 26724078=1, 19790929=1, 2068556=2, 18160036=3, 16813508=2, 20925329=1, 14381249=1, 13872964=2, 13722016=1, 24581764=3, 4570636=2, 2982325=2, 12883396=2, 7469022=1, 16794745=1, 17556457=1, 33005108=2, 4977403=1, 12715733=4, 33193211=1, 3000363=1, 26157525=3, 13625138=1, 7945843=3, 33277320=1, 27044546=2, 2564098=3, 19351811=1, 32258190=5, 11881212=1, 23204970=4, 30299210=1, 12332493=5, 25976294=1, 24183637=3, 126436=1, 17305779=6, 32617343=2, 2463658=2, 23806329=1, 24913817=5, 25110232=3, 11326088=1, 30087903=3, 7473265=4, 30902736=2, 19995328=3, 3555034=4, 1438255=1, 23078140=8, 2253673=1, 3926576=1, 7758443=1, 16110030=1, 11018058=6, 22504372=1, 29248868=1, 25417773=1, 5181656=3, 14171279=6, 6784440=2, 13181155=3, 16609959=1, 3237011=1, 9563982=1, 30729871=1, 23928700=3, 6394893=2, 28565323=1, 14061923=2, 32960589=1, 18012145=1, 32444836=3, 1158381=2, 20739866=1, 8508297=1, 7175505=1, 381221=1, 16776269=1, 27425898=1, 33532740=2, 1045208=1, 19572501=2, 26003883=1, 29060274=1, 20681045=2, 12022518=1, 32250349=5, 15114450=2, 9465077=1, 20383563=3, 6078922=1, 6387410=1, 10317215=1, 6364766=3, 13719274=1, 14993489=1, 2352811=1, 32781384=5, 8224704=1, 11949559=1, 28350298=2, 17603137=2, 12054184=1, 32279088=2, 23445112=2, 29216762=1, 32918366=1, 8876669=1, 31994610=6, 17038996=1, 29260618=1, 21299617=3, 6219091=1, 7415938=3, 21829217=3, 13708701=3, 14975625=2, 7622684=1, 8197251=3, 3824134=1, 32797922=1, 26673428=3, 23847429=1, 4030017=1, 8114546=1, 14634303=1, 418385=1, 30392900=1, 1631451=1, 14865374=1, 4529919=3, 960745=2, 11224722=1, 18261271=2, 4716846=1, 17550462=1, 15567077=2, 11020716=6, 18130290=2, 33307627=5, 20729084=1, 30282639=4, 7930974=3, 14193407=2, 23357883=1, 4390379=1, 4121417=1, 27674037=1, 27965037=2, 31061443=1, 25124702=1, 20654151=3, 4958408=2, 10019337=1, 5938479=2, 9308390=4, 29090690=1, 20142560=1, 21114624=4, 18346208=1, 9343722=2, 7752570=1, 17673937=2, 10107309=4, 31038419=2, 6081060=1, 9629727=1, 24910051=5, 32506447=7, 9167888=1, 17466873=2, 5423200=1, 30962412=1, 20428995=2, 12313352=1, 23521486=1, 27948854=1, 24956605=1, 25505561=3, 14677485=1, 28546637=2, 4940024=1, 33504574=3, 23840072=1, 22972993=2, 31106279=2, 20791897=1, 28514733=3, 14633648=1, 9842039=4, 29638816=1, 21166641=1, 810026=1, 5467278=1, 1530503=1, 31547126=1, 13634636=7, 546296=1, 19515549=1, 20839726=1, 27376397=2, 13363196=1, 3006228=1, 5722953=1, 19668707=5, 6373922=1, 8595624=3, 15068280=1, 22190307=2, 19576773=2, 24794980=1, 7417370=3, 10527999=2, 32065678=1, 19898739=2, 16065960=3, 5440803=3, 262479=5, 2616903=1, 28413032=2, 14696689=1, 27772246=1, 212222=3, 26460462=1, 12404015=1, 18153555=3, 8239231=2, 14990455=2, 6461130=2, 32045038=1, 15003607=1, 8877237=1, 14161017=6, 15890458=1, 18346329=1, 31116564=1, 15656417=1, 5184546=3, 30419707=7, 12465779=4, 3408196=5, 26382471=2, 17705698=4, 16212394=1, 15004612=1, 31193347=1, 20800129=1, 24464231=1, 18278607=1, 16059560=3, 11574222=2, 1781576=3, 23331373=5, 15519843=1, 30141476=1, 14610850=1, 22771758=1, 32515918=7, 21187408=1, 14031639=4, 3396749=1, 23022751=1, 20868845=1, 24967360=1, 15724754=1, 5960564=1, 30114251=2, 5080547=2, 23896946=2, 4180920=1, 6630790=3, 20352893=2, 28954523=1, 24744085=2, 15027309=1, 22842216=2, 12043443=1, 9573539=4, 19454218=1, 5926298=1, 16494651=2, 28923024=1, 789005=5, 10766371=1, 10077258=1, 1429130=1, 7437837=1, 2734329=2, 1811726=2, 19403121=6, 19435632=2, 18639160=1, 10566102=3, 4184840=1, 10502562=1, 15596472=1, 14353754=3, 24951989=2, 6123321=1, 28674330=2, 28679166=2, 12609084=1, 5628521=1, 23653055=1, 22948469=4, 28719879=4, 3354512=3, 8940105=1, 23829141=2, 768150=2, 25492509=1, 2288107=1, 18165800=3, 8789604=4, 13831187=3, 11959373=1, 7977405=2, 1007840=1, 6929556=2, 15154=14, 1257098=3, 2975568=1, 6696868=4, 5084278=2, 10361193=4, 17060315=1, 26015337=1, 26275803=1, 9697438=1, 10233717=5, 6725454=2, 27389138=1, 9227042=1, 9391212=1, 17343507=2, 5051045=3, 31631524=2, 3999026=3, 11945347=1, 5256971=7, 22738333=1, 15278051=3, 29814971=1, 24871576=2, 8036366=2, 30233412=1, 24487380=2, 24330162=3, 22997369=1, 11360213=1, 29845859=1, 27074852=3, 24308855=1, 11970384=2, 28617828=2, 16717233=3, 7874458=6, 25740949=1, 28726889=1, 12729000=4, 19136812=5, 3482198=3, 19839642=2, 32401237=1, 9906996=3, 21616289=1, 3697466=1, 9701461=5, 26565156=1, 1394506=1, 21897702=4, 11356451=1, 1174623=1, 32577504=3, 6022671=1, 22792006=1, 18067657=2, 16353493=2, 32873198=2, 15419207=1, 23205323=4, 22391621=2, 11473510=3, 7581968=2, 14080917=1, 32667169=1, 29072022=2, 21117490=4, 18027025=3, 23245556=2, 3362945=1, 12462510=4, 4679816=1, 31875015=1, 6319558=1, 16319584=3, 20312245=1, 11783651=1, 24803179=1, 16381941=1, 8374477=1, 20490190=2, 11583633=1, 16400512=1, 15875893=4, 16194221=3, 6564591=5, 12338860=1, 29444103=1, 1068495=1, 9070696=1, 12128071=3, 19902744=2, 30438402=1, 17194756=1, 27318579=1, 6229251=3, 10558398=3, 2566273=3, 26315466=2, 30056267=2, 10235250=5, 31118542=1, 16117168=1, 10192861=2, 7477696=4, 23710933=1, 28406497=1, 32883436=1, 14704275=1, 27738877=1, 32946519=2, 20930960=1, 24778077=4, 26041472=1, 26930211=1, 6649221=1, 28350540=2, 20664746=1, 32657406=1, 26499329=1, 10493835=8, 23046511=2, 23231403=1, 15589393=1, 33018456=1, 12045522=1, 27406294=4, 1751069=2, 24321734=3, 27772527=1, 10934010=1, 33371184=3, 10250523=1, 11622927=1, 20369121=1, 6351705=1, 30414111=7, 32834970=3, 1893425=1, 23686439=1, 4700940=2, 138524=4, 22122901=2, 1359594=2, 28907838=3, 12840175=1, 23053793=1, 32056398=3, 16006868=5, 6754401=3, 12289869=2, 8404039=10, 16772001=1, 6170398=4, 5261120=1, 24815567=2, 10126476=2, 21698123=3, 33263781=2, 8507587=1, 20329519=4, 15165521=1, 3996575=1, 13851209=1, 15475257=5, 2396194=2, 12585053=9, 1997469=1, 4688310=2, 30703784=2, 30982134=2, 23616193=1, 29783191=1, 27000314=1, 2793118=2, 19768531=2, 28541505=2, 3927034=1, 4331021=4, 12381597=1, 686599=1, 26195376=2, 92711=1, 3793501=1, 26417885=3, 22084273=1, 21938033=2, 19186928=1, 2178508=3, 29869616=1, 6622578=3, 3208157=1, 4860506=4, 14261663=2, 2024642=1, 33310158=1, 19440705=2, 13258888=1, 6577504=1, 27712400=1, 1087939=2, 7368820=1, 28929065=1, 12848851=5, 22839803=2, 4340992=4, 22163068=4, 9695176=1, 21817304=1, 22655296=2, 21687697=1, 24719301=3, 6265539=2, 5331652=1, 11642625=2, 16796378=1, 1334838=1, 26632148=1, 24032112=2, 10649730=2, 12875033=1, 10645676=1, 18634106=1, 23170952=2, 26634761=1, 11169966=1, 26095581=4, 12786220=3, 19454403=1, 17173279=4, 2528634=2, 21632768=4, 4943999=1, 20580778=4, 23062733=1, 30825073=1, 186008=1, 29303163=3, 7218256=4, 3110890=1, 15869940=4, 22623027=3, 7475963=4, 6460985=2, 10642658=1, 1234051=1, 28448021=4, 12647279=1, 11648458=2, 31645777=1, 31265414=3, 796854=5, 31656554=3, 21342239=2, 22900234=1, 16160188=2, 9445642=7, 5026177=2, 16408136=1, 21349297=1, 12070633=6, 20538800=1, 9428197=1, 25344399=2, 22540854=1, 1493260=1, 8557979=2, 7550469=3, 19402706=6, 15991835=5, 4835341=1, 6183892=1, 16975595=3, 27455298=1, 10414470=1, 16781835=11, 29731659=2, 26936154=3, 2068888=2, 31065109=4, 26457333=2, 27113071=2, 22922549=1, 7959506=1, 12072566=6, 31935458=1, 18962614=1, 27267416=8, 17077986=2, 22344177=1, 20153553=2, 3768523=2, 26820022=3, 23177209=2, 21302110=3, 17080072=2, 1337684=1, 3566445=1, 18480539=1, 26615093=4, 7341434=7, 14645834=1, 33312246=1, 27218591=1, 4513086=1, 5717151=3, 2901523=1, 10233372=5, 9058591=4, 4770142=1, 25019067=1, 22092368=3, 29111646=5, 23307337=2, 1728517=1, 22102492=1, 6347527=1, 25886177=1, 16256908=6, 16813987=2, 7012775=3, 32900393=4, 7408166=3, 25162614=1, 24316748=3, 14676089=1, 15970716=2, 29370801=9, 14526568=2, 4883594=2, 28134334=1, 12887269=2, 2513030=1, 30636530=1, 963262=2, 7979266=1, 32824243=1, 21752132=1, 2826725=3, 22861879=1, 7046665=2, 4843830=1, 31402540=3, 16779410=11, 9442202=7, 23708821=1, 28083090=2, 16380121=1, 15336877=4, 8867196=1, 20278504=1, 10845816=1, 33291225=1, 2874282=1, 4642361=1, 2026665=1, 20059531=4, 26249098=2, 31018127=1, 24491913=2, 17192137=1, 19258634=1, 21000173=1, 14015899=1, 21651787=1, 29532852=2, 55976=1, 27923551=4, 13496070=1, 6161540=4, 16627116=2, 7178280=2, 23196539=1, 8552244=1, 17518850=1, 2238660=4, 25496182=3, 6925895=2, 29795585=2, 30783523=2, 619520=1, 27605680=3, 25999881=2, 13199556=1, 19339216=3, 33043087=6, 19735736=3, 29780439=1, 2602372=2, 21430534=3, 10069417=2, 16579327=1, 6153728=1, 20319301=4, 33528242=2, 26784612=2, 22545453=6, 31405349=3, 21440075=3, 30038451=1, 20161244=2, 6341173=1, 17684801=1, 31155506=1, 10024246=1, 22242799=1, 8042263=2, 1512464=3, 3548042=4, 19315308=2, 6300292=8, 28541778=2, 4342028=1, 17682677=1, 23716100=1, 14269956=2, 5940071=2, 4175892=2, 5756018=1, 1521726=3, 403901=4, 23602010=6, 16842337=1, 10446420=1, 27176277=2, 20051843=1, 6503369=3, 3223226=3, 8513230=1, 10293166=3, 31793815=3, 31921421=3, 11799297=5, 22364179=1, 4328256=4, 438659=2, 12546284=1, 8850061=3, 28084482=2, 19015044=4, 18614229=5, 17845208=1, 26942303=3, 32638304=4, 24120019=7, 14680198=8, 29628890=5, 20392578=3, 10540290=1, 14140813=1, 310730=2, 30749764=3, 12289883=2, 32281659=2, 4576954=1, 1491686=1, 19183120=2, 8890535=2, 27651441=1, 7566728=1, 17306197=6, 29216430=1, 33335286=2, 13529917=1, 10119616=1, 9827204=1, 12149696=1, 29159711=1, 17122501=1, 14023764=1, 7976255=2, 12894249=1, 16568224=1, 27132962=4, 4994146=5, 9072278=1, 2038339=3, 26999402=1, 15340704=4, 1208337=1, 350458=1, 2850648=1, 13433924=1, 21892606=4, 7176720=2, 4510232=1, 23985152=1, 14430266=5, 9028813=1, 30962817=1, 18507804=1, 18343785=1, 22635175=1, 5378945=4, 8402462=10, 21546559=1, 18140258=1, 22356248=3, 30226465=3, 3264543=1, 27154443=1, 28590689=1, 32299714=1, 28324348=7, 14301186=4, 28403254=1, 32869785=2, 30498712=1, 4224106=1, 27981358=1, 7754030=1, 13634261=7, 7988190=1, 20993014=1, 15450144=1, 21401887=2, 30168587=1, 13792577=1, 627760=2, 33442519=1, 765540=2, 15187632=2, 24110978=1, 12411296=1, 15510085=2, 23903741=2, 31280636=1, 12006875=3, 27574502=1, 29307639=3, 30266065=1, 31987488=6, 18847227=2, 20177800=1, 8199412=3, 32658971=1, 19843961=1, 12665055=1, 3509313=2, 30969155=2, 23242358=2, 27817925=1, 32600208=1, 17230231=1, 29036194=3, 13997900=2, 16355460=2, 25446593=1, 2872407=1, 32707164=3, 27867077=3, 28141340=1, 8974200=1, 15598032=4, 31211468=5, 31182411=1, 3684290=6, 13996665=2, 33049701=1, 27672622=1, 14717093=2, 3821900=1, 4475941=1, 12296112=2, 32531029=1, 123197=1, 24373539=1, 2202886=2, 22313414=1, 1538196=1, 26054112=2, 6239148=3, 16545443=1, 23307870=2, 9458902=1, 32893850=1, 27927773=4, 7326294=1, 9537397=2, 5596626=1, 20495785=2, 29473370=2, 24227292=2, 4954156=2, 31770115=1, 29919624=2, 29135892=2, 20929000=1, 22203577=1, 17612756=2, 14425396=5, 14974134=1, 21500760=6, 23995250=4, 31403477=3, 6459646=2, 30475423=3, 30377803=2, 32181147=3, 25713427=1, 20245285=1, 4088153=1, 28734519=1, 23784571=1, 28395211=1, 16475764=1, 112469=2, 32959347=1, 25734021=2, 17779730=1, 23099923=1, 26667930=1, 26113058=1, 18748199=4, 26031265=3, 18660959=2, 18691343=3, 31129131=1, 6355850=1, 22087149=3, 8697603=2, 18362576=6, 14503859=1, 30207934=1, 17307359=6, 27556372=1, 3575536=2, 32734703=1, 20948845=2, 7266414=1, 22900698=1, 19631662=2, 21888796=1, 26888251=1, 26985214=1, 9537722=2, 30956050=1, 19186058=1, 10747209=1, 19610172=3, 11557717=1, 25205078=2, 22380891=2, 10511601=1, 5899442=4, 24183333=3, 15226661=1, 20887070=2, 30032247=1, 2917077=2, 19734863=3, 23569939=2, 21050033=3, 14258023=2, 24682724=2, 19225232=1, 25390680=1, 13498245=1, 33433971=4, 16632564=1, 21640025=4, 2684247=1, 15077920=4, 22832487=1, 5533899=1, 12407126=1, 1169941=1, 11717941=1, 14157283=6, 20525930=3, 2133615=2, 26188720=2, 26579350=2, 24803963=1, 6061884=1, 8705592=1, 3396676=1, 28173407=1, 12900799=1, 2678762=1, 635862=2, 31514726=1, 816709=1, 25064902=1, 1458059=4, 30715849=2, 19560842=1, 30653749=2, 19667812=5, 19118573=2, 23650779=1, 4674051=1, 8992222=3, 10545653=1, 5975521=3, 26190274=2, 26914287=2, 28210998=1, 32573777=3, 28598617=1, 27878554=1, 19103937=2, 29098930=5, 30416892=7, 19232390=1, 7183334=2, 6415850=1, 19168306=1, 32855726=1, 21996473=2, 3562160=1, 15534102=3, 10281588=1, 4015539=1, 20055952=4, 30797072=1, 185829=1, 21681728=1, 21695601=3, 4073628=4, 27651051=1, 3373686=1, 30337530=1, 16719380=3, 8220810=1, 7967205=2, 25696715=6, 13631125=1, 12838842=1, 3678548=6, 26855585=1, 993133=3, 11824318=1, 2770131=1, 10487256=8, 2016804=1, 26647662=2, 8583072=1, 29474355=2, 7564822=1, 17376177=3, 9027276=2, 486647=1, 5032521=1, 33043732=6, 1861567=1, 25982412=1, 29291849=1, 15129401=1, 13299847=1, 14959695=1, 22833247=1, 27749479=1, 31106466=2, 19421628=1, 24317880=3, 33524622=2, 13475607=2, 9572038=4, 6370027=3, 28868618=2, 30135567=1, 7054630=2, 2795683=2, 29144769=2, 23666960=3, 27391064=1, 14043360=1, 31564039=2, 9380776=3, 19929892=7, 17416084=2, 13012231=2, 2220225=1, 12718000=4, 683080=1, 4248132=1, 13138499=1, 15253108=2, 27075687=3, 26029005=3, 665750=4, 26860174=1, 1023609=2, 21988441=2, 9460614=1, 17121608=1, 4589428=4, 16122472=4, 9469452=1, 25239452=3, 31191239=1, 31647523=1, 19021439=4, 17792947=1, 12023342=1, 18710405=1, 8039895=2, 6639826=1, 12680025=1, 19267731=4, 2460532=2, 14600293=1, 11257605=1, 23858330=5, 27644819=1, 8236990=2, 852753=3, 2876340=1, 2616969=1, 27977205=1, 15433895=2, 13921691=1, 8747757=1, 5452650=3, 17200431=1, 19743708=1, 7267069=1, 12836693=1, 26415417=3, 17355782=1, 7468973=1, 22402331=1, 12894237=1, 28154603=2, 25639769=3, 15151688=3, 8431360=2, 28130716=3, 1770471=3, 32463239=1, 3672023=6, 27370334=2, 20751306=2, 9398006=1, 18063879=2, 17794030=2, 23650035=1, 2712685=1, 16903472=1, 2225320=1, 26309528=1, 6737285=1, 4313241=1, 27285726=1, 15934656=3, 19383597=1, 7499832=1, 2790868=2, 23333958=5, 22612943=3, 28917876=1, 31671387=1, 28706831=4, 26924439=1, 883541=1, 17206484=2, 19525700=1, 3943613=5, 9116335=3, 21307041=3, 26710955=2, 16450927=3, 634208=2, 1358828=2, 23615789=1, 24316775=3, 5755682=1, 31687467=2, 1213717=2, 32740393=2, 19418206=1, 597137=3, 12808984=1, 22592633=2, 24216396=2, 14756583=3, 28945059=2, 4737845=1, 11228896=1, 15861630=4, 4032533=2, 22064194=2, 5418568=2, 29777574=1, 16710278=1, 2041316=3, 3074715=1, 18810479=3, 24965408=1, 24083588=1, 31163914=2, 30873577=3, 17977320=1, 32664220=1, 10173133=3, 4055289=1, 13167839=1, 8353710=1, 15396722=1, 2576650=1, 30460998=1, 31680372=1, 26469176=1, 32777911=5, 8699990=1, 31590183=4, 15264657=1, 8271652=4, 29191711=1, 27790784=6, 11736714=3, 23222567=1, 25176505=10, 26253311=2, 18758082=4, 12288714=2, 7096664=1, 15343910=4, 32028335=2, 19361480=1, 6858606=2, 742751=1, 23212364=4, 2262295=2, 28195886=4, 27798356=6, 14819902=4, 5582811=3, 25378122=3, 12382997=1, 12118471=1, 32627753=1, 26621081=4, 13457903=1, 4845830=1, 21843584=1, 27464271=3, 14739555=1, 5912927=4, 8409133=1, 8290080=1, 3539790=4, 29078840=2, 13159990=1, 31065491=4, 3423114=5, 18864353=1, 29974637=1, 32338141=1, 26799521=1, 7700256=1, 9835864=4, 28332384=1, 9352662=2, 8375493=1, 160829=1, 5646205=4, 7876840=6, 3856598=1, 2626664=6, 26037190=1, 9226436=1, 12280399=1, 31657356=3, 16292736=2, 14906493=1, 3008777=1, 11317778=2, 15020125=3, 13839243=3, 27993393=3, 18556892=3, 29211959=2, 6807941=1, 4602352=4, 19466410=3, 4435835=2, 179307=2, 16504987=1, 2666184=2, 20544744=1, 2441476=1, 20875135=2, 11993111=3, 8732970=1, 9639286=3, 30592818=1, 13673550=2, 18822974=3, 877403=1, 7912072=2, 7750507=1, 26419261=3, 16918810=4, 1424946=2, 8289257=1, 3731136=1, 6826=15, 29444012=1, 4008895=3, 14234967=3, 19558841=1, 4024445=1, 13703471=3, 9157409=2, 16110504=1, 13916654=1, 18649055=2, 24739740=1, 25600374=2, 16428107=2, 22780459=2, 9651043=1, 28982138=4, 16157433=2, 9011731=2, 30124796=2, 4753629=2, 15914285=1, 17841713=7, 6179628=1, 9450717=7, 16336315=1, 8956437=2, 813323=1, 23763974=2, 31280397=1, 3071306=1, 7979908=1, 25499915=3, 27007528=5, 13691978=1, 3968549=2, 20695134=1, 21731706=2, 10422170=3, 14120383=1, 4719633=6, 659838=4, 22206911=1, 21580722=1, 843300=1, 4281004=1, 1783628=3, 18068841=2, 23100014=1, 12684686=2, 1027407=2, 80580=3, 21579495=1, 9423825=1, 15143680=3, 32898621=1, 5579718=3, 30049680=2, 20928402=1, 23965772=2, 14833531=1, 27825562=2, 16124677=4, 6458185=2, 20750768=2, 12066446=6, 29082214=1, 6415261=1, 169449=2, 12292216=2, 15834420=2, 16752566=2, 16975565=3, 20807454=1, 13393264=1, 16250934=1, 22715046=2, 5702201=3, 13160495=1, 24678324=2, 16623162=2, 2815258=1, 26163455=3, 33531587=2, 3439235=1, 27648126=1, 27422511=1, 527741=6, 29701155=3, 9617058=2, 7098756=1, 22131726=2, 19143019=5, 11049079=2, 26676643=3, 23165410=1, 5020714=2, 17551233=1, 26626446=1, 31712071=1, 5002833=1, 30854702=1, 11348465=3, 21234810=5, 20257899=3, 16410942=1, 29466466=2, 13383091=5, 29389957=1, 13644266=7, 8710569=1, 14518195=2, 23147982=3, 6867736=1, 11363289=1, 18605148=1, 23589103=1, 13029821=1, 22301494=1, 29732131=2, 21446820=1, 24109767=1, 6047994=1, 2336927=2, 2207969=2, 12325274=5, 3596994=1, 3130846=1, 1425856=1, 19597593=3, 33209575=2, 25100984=3, 28581759=5, 17220160=1, 7225277=4, 24944290=2, 10616643=1, 2373188=5, 10884786=4, 8971461=1, 23292324=1, 9494428=1, 3314117=2, 2124440=1, 24107881=1, 28516809=3, 17431677=1, 30000472=1, 7103523=1, 14956107=5, 30222442=3, 28934581=2, 4000550=3, 26232854=1, 27463=1, 5214417=2, 6350272=1, 16335409=1, 13167268=1, 9070253=1, 17758415=1, 11711953=2, 7093584=5, 8264064=4, 8873601=1, 26654833=2, 8503114=2, 28078272=1, 2063027=1, 14558163=4, 10368634=4, 13219383=2, 1105575=1, 31760670=2, 28448254=4, 30729383=1, 8241005=2, 24056827=3, 29122749=1, 8418251=1, 24482178=2, 11664715=1, 29869748=1, 28612791=2, 17615495=1, 19041113=2, 23715370=1, 17157081=1, 26099735=1, 13819955=1, 24581201=3, 18370707=1, 30122377=2, 11777783=2, 13889069=1, 18092283=5, 11806790=5, 24676564=2, 5229701=1, 15118487=2, 4572258=1, 8354396=1, 440808=2, 17824513=1, 25045161=4, 17670014=2, 29683071=1, 4943347=1, 33366385=3, 6879198=1, 4468158=5, 14047830=1, 27537952=5, 9975087=6, 11685901=1, 24974824=3, 12617835=2, 3966366=2, 30556796=1, 20852200=4, 13605228=2, 31615167=1, 20672591=1, 7591959=1, 3351802=3, 9116485=3, 16791332=11, 28673090=2, 15348677=4, 6170338=4, 9596163=1, 30864993=1, 12283926=1, 26387777=2, 30445097=2, 4890702=2, 30628156=1, 15705304=2, 29668686=2, 27990484=3, 24448714=3, 1305972=1, 16531347=5, 16683631=2, 22375328=1, 15411065=3, 27610987=1, 13328795=1, 24131467=7, 13818751=1, 32199182=1, 22232106=3, 28886725=1, 18096070=5, 21833670=3, 2330492=2, 4050386=1, 19570958=2, 10743610=1, 28924179=1, 11072260=1, 30671521=5, 4930081=3, 25156707=1, 29214401=1, 4895027=2, 12773605=1, 10409717=1, 22301096=1, 22186744=2, 31936145=1, 1723339=1, 28754679=1, 33209711=2, 4601766=4, 2271925=2, 733135=3, 30630260=1, 11595384=1, 7292402=1, 8544138=1, 6890377=3, 3002690=1, 2426165=3, 17963932=4, 5015718=2, 22800235=1, 9711074=5, 5243159=7, 18211148=1, 30025664=4, 31157200=1, 15738392=7, 7544616=3, 16462484=3, 32910135=4, 10201259=2, 18850898=2, 5916736=1, 10764342=1, 16104115=2, 22964591=1, 27022157=1, 31252277=1, 4836241=1, 17017208=2, 5240261=1, 11632010=1, 21725676=2, 28832012=1, 8672068=1, 20608619=1, 20230098=2, 5398936=1, 14501641=1, 17465590=2, 30016867=4, 27437258=2, 12710869=1, 30054197=2, 21670711=2, 18650261=2, 15835002=2, 849557=1, 29698877=3, 1628443=1, 23600774=6, 25648447=1, 26903545=2, 10798074=1, 13343827=2, 2776=13, 11496034=1, 15597159=1, 17195755=1, 14329282=2, 29668652=2, 18409652=1, 12843818=1, 15582292=1, 7544637=3, 9905048=3, 1243695=1, 1290114=2, 2834662=1, 3178410=1, 28418434=2, 8907775=1, 29096933=1, 22405220=1, 8541592=1, 16427955=2, 21872017=2, 21390716=1, 15072245=1, 5816253=2, 26871904=4, 2194669=1, 16789638=11, 9453487=7, 19565924=2, 19200778=1, 29114388=1, 16399301=4, 28624939=1, 23742348=1, 21727416=2, 4807995=1, 5148713=2, 1330561=1, 3118200=2, 26919320=1, 11359107=1, 20838361=1, 32281355=2, 1732213=1, 17696808=4, 19129640=1, 13382674=5, 7342073=7, 7967665=2, 992686=3, 25828492=4, 33128498=2, 21874214=1, 23679388=1, 6610051=1, 5121510=4, 18605844=1, 15118726=2, 10470316=1, 31084064=1, 24686079=2, 11113102=2, 27442004=2, 1069861=1, 24955761=1, 12425050=2, 4457683=5, 20401114=1, 27899742=2, 2765147=4, 6833286=1, 20261742=3, 5509822=5, 27452746=1, 12599297=1, 17493851=1, 29975456=1, 1486011=2, 20153873=2, 15448929=2, 32777005=5, 17217473=2, 10047338=1, 3102555=1, 2286422=1, 30200436=1, 29545809=1, 25455625=1, 29510719=1, 17571573=5, 29016431=1, 33412266=1, 462338=3, 7894985=1, 7870633=6, 2843906=1, 3559668=1, 15204725=6, 24006995=1, 33043601=6, 8502033=2, 21472473=2, 380182=1, 21708593=3, 10382771=1, 33202482=2, 26244025=1, 30568677=1, 1375609=1, 21723635=1, 21090233=1, 1297735=1, 28994305=1, 30397497=1, 3617329=3, 1694471=1, 6248973=1, 5663981=1, 9703769=5, 9125529=3, 23616654=1, 17884178=1, 26163878=3, 21230850=1, 22206370=1, 30971149=2, 30785=1, 8625626=2, 1548902=2, 10102580=4, 21096250=1, 21203856=2, 12627713=2, 28925221=1, 14669493=1, 32530758=1, 15804712=3, 27235110=2, 9927695=1, 343896=3, 16750118=2, 2603954=2, 10514800=1, 27434773=2, 28084146=2, 16670742=1, 30811630=4, 4975645=1, 11839814=2, 22237677=1, 23655373=1, 31121144=1, 2826918=3, 27957348=2, 29285750=1, 12436640=1, 33500888=3, 9934792=2, 32677626=2, 31620160=1, 5209263=1, 28841520=6, 18217363=1, 8140783=5, 27800122=6, 13174059=3, 28224460=2, 14699849=1, 28951229=1, 22306609=1, 22570425=1, 33221347=1, 26593120=1, 24515510=4, 4968539=1, 17028231=1, 13595614=1, 32474311=2, 25883821=1, 8779095=1, 31366132=2, 28874614=2, 28121944=3, 668756=4, 10273917=1, 17147452=2, 2929780=2, 2897066=5, 7439696=2, 30740783=3, 608084=1, 32385009=4, 25108820=3, 18920618=2, 20135697=3, 16638628=1, 4618823=1, 252266=1, 614791=1, 10751584=5, 14414500=1, 2604832=2, 10104237=4, 26457731=2, 30157468=5, 1968571=4, 31511777=1, 3038973=1, 16618793=2, 19727900=3, 16944057=2, 9154966=2, 32926427=1, 11467391=1, 28952006=1, 2424993=3, 6363121=3, 23348312=1, 4993283=5, 128210=1, 16374952=1, 28619139=2, 31566382=2, 26151619=3, 25729678=2, 7594334=1, 17716158=1, 19816602=1, 11412635=4, 20404500=1, 28768950=1, 14140209=1, 11053523=2, 17683345=1, 1043144=1, 4881391=1, 18294419=3, 4474167=1, 10828451=3, 13370159=5, 21273564=2, 25233124=3, 25579143=1, 25757081=3, 21727905=2, 27342014=3, 25376193=3, 21916291=1, 22140741=1, 5808831=2, 18752074=4, 30828905=1, 21409972=2, 18106010=1, 27961145=2, 30056902=2, 18095002=5, 9322284=4, 11652067=1, 28945563=2, 23437381=2, 2246249=1, 28208627=1, 6389902=2, 20001202=3, 21465=1, 11949378=1, 25663962=2, 26134177=1, 25764816=3, 32475624=2, 620931=1, 3571506=1, 14032254=4, 7775225=2, 15437799=2, 6764047=3, 22455467=2, 18264692=2, 13170590=1, 9109283=1, 14625548=3, 7403497=1, 21594775=2, 18081058=1, 3948269=5, 5453790=3, 22877584=3, 12663046=3, 11578936=2, 15846095=1, 7433167=1, 21099198=1, 24104051=1, 18423802=3, 11903699=2, 24862406=1, 2583805=1, 8039799=2, 6267189=2, 5597253=1, 26072363=1, 32666243=1, 32512784=7, 28955817=1, 10682189=1, 5333894=1, 26644812=2, 3913478=2, 15672819=3, 27662571=4, 30636616=1, 28835204=1, 32875927=2, 30866710=1, 7231968=1, 18173316=1, 28037901=1, 32822506=1, 21171162=3, 18846729=2, 19796906=4, 15539053=3, 23144230=3, 33194727=2, 21761744=5, 18060869=2, 20194914=5, 26489994=5, 30605175=1, 15566079=2, 24542708=1, 27290800=1, 31763005=2, 5175770=1, 16114904=1, 26037384=1, 19995238=3, 6161611=4, 7090813=5, 32106532=1, 32394260=1, 25972331=1, 33300091=5, 266820=5, 7399178=1, 1158432=2, 9936213=2, 19524594=1, 24975840=3, 23010736=3, 11005885=1, 3157966=7, 23357136=1, 9165465=1, 6651564=1, 10412440=1, 32864585=1, 25442631=5, 19207793=3, 32433790=1, 25533230=2, 31501853=2, 12492982=2, 30359391=3, 20097106=2, 3485530=3, 20879080=2, 23554730=1, 4751921=2, 25924076=2, 22225036=3, 20205386=1, 15129378=1, 2120955=1, 6759902=3, 23796715=3, 14883472=3, 23348623=1, 17197584=1, 7740300=4, 31107530=2, 31282946=1, 23182842=2, 6331930=2, 21059289=1, 4669939=1, 6309469=1, 31232228=2, 2101638=8, 316432=1, 10003632=2, 8291231=2, 29112863=5, 32674219=2, 10960974=1, 19812135=1, 2638179=1, 18218461=1, 16512741=1, 26084666=4, 7377642=2, 827379=2, 22940527=4, 24387027=5, 15385190=1, 10612031=1, 3309633=2, 27176952=2, 8035891=2, 32408416=2, 24766542=1, 29050046=1, 31215127=1, 27213738=3, 2730=12, 20229680=2, 12415026=1, 27503101=2, 24412681=2, 11039691=1, 970785=1, 25812571=1, 12690458=2, 1404817=1, 10961475=1, 24430609=1, 25295729=1, 6514854=1, 14073152=2, 19969132=2, 2027927=1, 19966068=2, 19636306=2, 24084710=2, 16860883=1, 2849521=1, 30944586=6, 10757902=5, 20074570=1, 23931153=3, 7020410=3, 27568490=2, 5958323=1, 40803=2, 30073589=1, 13728780=1, 25845217=1, 32615076=2, 22705577=1, 26662198=1, 31195178=5, 22784353=2, 17568647=5, 24946570=2, 12243029=1, 27897989=2, 19953653=1, 16892631=1, 29630955=5, 21892762=4, 16305834=1, 3647417=2, 3953169=1, 31222618=1, 3108068=1, 26903683=2, 6947669=4, 25131076=1, 32962010=1, 24361109=2, 17521430=1, 7913800=1, 29376730=1, 29081076=2, 20715871=5, 29923937=2, 14492967=3, 10133250=2, 20646801=3, 25312456=4, 15605278=4, 33463402=2, 11838566=2, 20799803=1, 31844403=1, 30238581=1, 2261133=2, 21086934=1, 18025922=3, 3703399=2, 31226927=1, 18126404=2, 23098125=1, 13194053=1, 9596623=1, 33319216=1, 29095922=1, 8167580=2, 23213491=4, 21399851=2, 29061809=1, 24107234=1, 2554625=1, 7787928=1, 17168859=1, 28735022=1, 31389579=1, 50325=1, 9782903=1, 10403250=2, 32751007=2, 14485113=3, 6847273=1, 17608295=2, 17239742=3, 16671969=1, 10192726=2, 21352018=1, 9971153=6, 32181054=3, 27439994=2, 1002174=1, 5373984=4, 21448512=1, 31636380=2, 15671215=3, 11566642=1, 24545808=2, 9815165=1, 5088758=2, 19062806=1, 25825003=4, 7780527=2, 13414654=2, 5049804=3, 2351386=1, 33419584=1, 4359159=2, 3987571=1, 19560589=1, 16491319=2, 16322706=3, 14528372=2, 27404711=4, 24848297=3, 7686936=1, 3325467=2, 2922504=2, 15737126=7, 22978158=2, 24100870=1, 22407250=1, 18962992=1, 8675921=1, 22743861=3, 23681647=1, 12675863=1, 13221425=2, 7459988=1, 14949088=5, 5765425=1, 31003745=3, 12428580=2, 10055175=1, 13713201=3, 1728964=1, 6347459=1, 21913268=1, 24825746=1, 8120175=1, 23701167=2, 11308794=2, 31451171=1, 30904883=2, 2985992=2, 32221308=2, 1303076=1, 24409359=1, 21643254=4, 12998749=1, 7771224=2, 4166054=2, 33502193=3, 28084169=2, 15998558=5, 4621426=2, 1810706=2, 18964481=1, 2101314=8, 22664744=1, 14907744=1, 4852826=4, 29581787=1, 1219063=2, 15385910=1, 21783373=1, 11172817=1, 11062191=1, 6526961=2, 25119598=1, 23532051=3, 1030818=2, 29446710=1, 21807780=1, 18452279=2, 16042217=1, 27215055=1, 207054=3, 10166369=3, 26638718=1, 25356974=1, 32775301=5, 28540260=1, 26625109=1, 19563003=2, 5228232=1, 25426043=1, 16313871=1, 8578165=1, 27185477=1, 28279184=2, 28931191=1, 5405919=1, 31450177=1, 32975895=3, 3139199=1, 27116695=1, 3300326=1, 12947267=2, 24206419=1, 12187391=1, 18193527=2, 8930178=1, 5374385=4, 9837927=4, 20616088=2, 26362185=1, 2728520=2, 17918938=1, 6926925=2, 24118442=7, 25466875=2, 10652851=2, 9009845=1, 9343963=2, 16732313=1, 24677886=2, 7119931=2, 7805333=3, 18707578=1, 13632274=7, 8645271=1, 6746820=1, 27360331=1, 15504697=2, 3957985=1, 12840171=1, 23087354=1, 24905614=5, 17725430=1, 2328174=2, 1827307=1, 23064743=1, 27549306=1, 13168515=1, 31503304=2, 6098357=3, 22039648=1, 25224483=1, 28929033=1, 13860500=1, 25336041=2, 21409749=2, 5388052=4, 14458128=2, 2277532=1, 7501898=1, 16338142=1, 22689091=4, 2583321=1, 23289470=1, 5533308=1, 31534195=3, 3246080=2, 14071923=2, 25398123=2, 6299392=8, 24107904=1, 10906153=1, 31474359=1, 18161387=3, 28031784=2, 11864917=3, 17228986=1, 5840981=3, 9331698=1, 2040907=3, 16955149=2, 2553529=1, 6188567=1, 4266969=3, 30388131=2, 10953545=3, 18252117=2, 12516877=1, 14987014=2, 9471572=2, 1963516=1, 15490813=1, 30504174=1, 20583327=4, 439118=2, 4877200=1, 23104249=2, 32196116=1, 30073553=1, 6694156=4, 20991686=1, 23600954=6, 21265124=1, 7842130=2, 22671613=1, 5286166=2, 9133290=1, 3501179=1, 16331107=3, 31148962=1, 11955972=1, 2115564=1, 24099600=2, 6604031=1, 499894=2, 33507745=1, 12448048=1, 17724753=1, 33447016=1, 2811530=1, 19301416=2, 6108661=3, 26071361=1, 6603853=1, 33251962=1, 33352380=1, 13403147=2, 16934508=1, 21772491=5, 8593223=3, 6163=12, 19842410=1, 29073847=2, 11140694=1, 10161950=3, 9708169=5, 11180862=2, 22547009=6, 13707454=3, 18177691=1, 26603815=1, 14040134=4, 23099268=1, 10168794=3, 13860045=1, 13725386=1, 17944182=1, 27767801=2, 15126457=1, 1204400=1, 11292050=1, 11651669=1, 23146480=3, 8825261=2, 20978445=9, 29897224=6, 7720719=1, 29807029=1, 10944937=3, 2320742=1, 5334383=1, 30227076=3, 15615162=1, 7783351=1, 6090319=1, 8465536=3, 4877628=1, 7937461=3, 23379377=2, 23864196=5, 21943612=1, 22184082=2, 25619461=1, 17064687=1, 22984014=2, 27278022=8, 28486721=2, 15042084=2, 6251810=1, 22643714=2, 5951133=1, 9945643=1, 9998849=2, 30843043=2, 17205645=2, 21640874=4, 30509271=2, 6063320=2, 13197773=1, 891463=2, 5581411=3, 5290307=2, 3167653=1, 16194831=3, 23581189=1, 15950550=1, 653935=1, 30336257=1, 21960673=3, 25222284=1, 16830054=1, 25099653=1, 29040693=3, 2002780=2, 33390647=2, 21601926=2, 30062899=2, 25224053=1, 10026595=1, 19856658=1, 14716873=2, 16599201=1, 5838709=3, 31566858=2, 6034483=5, 3321921=2, 4970938=1, 13570782=3, 24504012=1, 14930879=1, 14162281=6, 24364056=1, 18564558=1, 29396076=2, 16305080=1, 15375197=2, 5139404=1, 31400578=3, 570404=2, 7380833=2, 8747020=1, 27001313=5, 22985551=2, 11527670=1, 32753387=1, 30024706=4, 27471805=3, 28568127=1, 22101729=3, 6707015=1, 24069722=1, 11863125=3, 13570265=3, 10847169=2, 26331707=1, 19359534=1, 11368396=1, 2633065=6, 15348408=4, 17668445=2, 29795546=2, 19468100=3, 13523492=1, 27656022=1, 8065391=3, 16676737=1, 18792578=1, 29972663=1, 26895166=1, 29851190=1, 8034407=2, 4453807=1, 21924571=2, 11638960=2, 6498813=3, 8193364=3, 9850632=1, 29606605=1, 22425756=4, 29499862=4, 32430738=1, 29737518=1, 24989318=1, 19982944=1, 1578122=6, 15464901=1, 31522093=1, 22877896=3, 16152111=1, 19615882=1, 23010507=3, 33500089=3, 19582307=1, 4022443=1, 19468011=3, 11343400=3, 26133372=1, 818020=1, 29595138=2, 2455932=1, 4838370=1, 28756155=1, 23847458=1, 20703543=1, 20455410=6, 94405=1, 329938=3, 14136305=2, 3786371=1, 28156488=2, 12968951=1, 25726316=2, 7107696=1, 6409812=1, 4600054=4, 25617782=1, 13473242=2, 20262194=3, 9470738=2, 21654181=1, 9402743=1, 4443107=1, 27530343=5, 580239=1, 2503229=4, 15471421=5, 11016291=6, 24538682=1, 24047436=1, 10559704=3, 20240281=1, 31995483=6, 4957740=2, 12080979=1, 19148304=5, 32673679=2, 1179293=1, 6952234=4, 4318605=1, 22122456=2, 15985272=1, 2248256=1, 32904610=4, 10905946=1, 20663002=1, 21089280=1, 19600002=3, 31030500=1, 5445141=3, 14902337=1, 14323749=2, 25249029=1, 4063093=1, 4465497=5, 27254636=1, 5765894=1, 21439348=3, 12712387=1, 33507057=1, 17148139=2, 30229717=1, 9947013=1, 8696148=2, 25308714=4, 11043924=2, 13135895=1, 22906193=2, 13816502=1, 12255621=3, 28920303=1, 23640914=2, 19943515=1, 2902353=1, 6538060=1, 8191186=1, 14806782=1, 5607485=2, 5287863=2, 27736101=3, 12454576=4, 20146457=1, 31884604=2, 31093056=1, 24792334=1, 11776139=2, 13804890=2, 14231456=3, 28801414=1, 13826954=1, 12053444=1, 24381587=5, 2097563=8, 26734209=1, 1037620=1, 27807968=1, 16189762=3, 11258385=1, 15171105=1, 18253155=2, 744515=1, 31664761=3, 23681116=1, 4158763=1, 29928077=2, 4738881=1, 3360166=1, 32111708=1, 8710405=1, 25059089=1, 30158609=5, 32529676=1, 30102816=1, 20771368=1, 27060457=1, 3351933=3, 10984061=2, 17045016=5, 8494177=2, 18559730=3, 28468964=1, 505288=2, 11485174=3, 29511652=1, 23385833=1, 6802132=1, 15016636=3, 18117105=1, 19983560=1, 25535699=2, 16760126=2, 2040511=3, 12212991=1, 25652009=1, 17675329=2, 8484516=1, 24430140=1, 11779778=2, 20860429=1, 26236556=1, 24195302=3, 6161309=4, 13196572=1, 7862457=1, 6970978=1, 11028113=1, 16116949=1, 6828068=6, 17090498=1, 19880314=1, 32734728=1, 11905375=2, 13566404=3, 16528158=5, 33304589=5, 16794072=1, 10676919=1, 22725197=1, 24087939=2, 14811825=4, 22663236=1, 10784688=2, 25910978=1, 87941=1, 8662505=5, 27269094=8, 25028028=1, 1997536=1, 32433550=1, 20927355=1, 12345177=1, 33362008=3, 3818526=1, 17196096=1, 2114649=1, 2787270=2, 5640277=4, 14172302=1, 16470861=1, 16117685=1, 11801377=5, 7072138=1, 6152010=1, 32067185=1, 21154198=1, 19878678=1, 16535142=1, 24636008=1, 14218369=1, 3920426=1, 1280519=2, 12031288=2, 27039267=2, 30780760=2, 19416364=1, 5026107=2, 15219267=6, 22975875=2, 32642810=4, 29380630=1, 11247242=2, 28029746=2, 25647601=1, 11708665=2, 28121450=3, 30726480=1, 10602145=1, 22196688=2, 6821165=6, 12069444=6, 1744764=2, 15289994=1, 207122=3, 5186318=3, 13542035=2, 10339760=1, 23913876=1, 8812012=1, 11392794=1, 27389852=1, 719926=1, 21544151=2, 19856005=1, 6055334=1, 354186=1, 29288816=1, 22461389=2, 12327311=5, 30923900=1, 7936216=3, 33218551=1, 16338149=1, 9101562=1, 16164508=2, 33456683=2, 9661864=1, 33462432=2, 32311522=3, 6632969=3, 767271=2, 30520482=2, 25500524=3, 8491959=2, 6009274=2, 9825258=1, 33434770=4, 8771607=1, 4654668=3, 21013232=2, 23988839=4, 14458609=2, 24059848=3, 1254033=3, 30946322=6, 7583545=2, 3410268=5, 23656342=1, 24263397=4, 32709197=3, 30062841=2, 3791512=1, 17292125=1, 25546485=1, 8158650=1, 19046222=2, 23017023=3, 14237780=1, 25168387=10, 11622450=1, 5651357=4, 13116481=6, 32121122=4, 10391233=2, 31895053=2, 23125772=1, 29019942=1, 1108621=1, 23488107=1, 22743701=3, 6197448=2, 1281529=2, 29178168=3, 17322580=1, 14931786=1, 13400002=1, 11060971=1, 4421795=1, 29474998=1, 4235228=2, 25078747=2, 30768242=1, 29308580=3, 23617124=1, 10519786=2, 19163171=1, 26164135=3, 14718311=2, 16123992=4, 8195010=3, 9833140=4, 17123309=1, 6760076=3, 24867940=1, 13466653=1, 12289858=2, 134456=4, 32375954=4, 22595562=1, 2788830=2, 27131006=1, 30856167=1, 11332798=1, 2896156=5, 26546231=3, 3448735=2, 16499323=1, 15213600=6, 13648020=1, 31419440=1, 31789279=3, 16334536=3, 5039946=1, 467008=3, 15152478=3, 12830377=1, 7407754=3, 22926517=1, 1451658=4, 3735010=1, 32212920=2, 29692515=3, 13440464=3, 22522973=2, 19270650=4, 9616841=2, 18683247=3, 25365033=3, 17768354=3, 7335735=1, 15719735=1, 4793812=3, 3481287=3, 16668194=1, 31790144=3, 10147595=1, 10296041=3, 20558742=2, 7440013=2, 24926145=1, 26006863=1, 32464942=1, 32628191=1, 21491375=1, 31308158=2, 18868998=1, 2343945=1, 73530=3, 3726270=1, 31496891=2, 13262279=1, 20944339=2, 17594990=1, 21343336=2, 16296825=2, 19802346=4, 9658329=1, 10359916=4, 29118735=1, 7064841=1, 25437266=5, 5491059=1, 32248590=5, 29717362=1, 8292335=2, 1641778=3, 8144356=1, 14082344=1, 22305622=1, 21356740=1, 11723982=1, 14036765=4, 26731139=1, 10622467=4, 22144774=1, 32138569=1, 28894296=1, 6130684=2, 20205894=1, 23304574=2, 28315008=7, 4447389=1, 1893576=1, 26834670=1, 22431278=1, 8124509=1, 8312500=1, 18884479=8, 10322464=2, 13705231=3, 9272141=1, 29737449=1, 14071190=2, 622545=1, 27221699=1, 23042112=2, 4305623=2, 17778714=1, 9182040=5, 30484085=3, 24892325=1, 14013201=1, 3258571=2, 27068168=3, 15770353=2, 9321563=4, 20990474=1, 15471409=5, 17121988=1, 15414013=3, 14381292=1, 4569707=2, 21754779=1, 32404627=1, 21590138=1, 7584721=2, 16875556=2, 7213557=4, 17022236=2, 14675851=1, 20719672=5, 1715414=4, 14889640=3, 24938929=2, 16189556=3, 28633221=1, 15062866=1, 8618545=2, 30446770=2, 1722691=1, 29502937=4, 26846040=2, 24306551=1, 7853026=1, 19462672=1, 32300733=1, 16781419=11, 3397209=1, 8725700=3, 5028650=2, 13818287=1, 14918328=2, 967335=1, 21796695=2, 24656332=6, 817607=1, 3219068=3, 3106236=1, 11557315=1, 28581339=5, 14596523=2, 4792756=3, 8451832=1, 3847442=2, 10210143=1, 12837493=1, 26359837=4, 13877409=1, 31094965=1, 9829777=1, 29031418=1, 22541848=1, 15110186=2, 15795090=3, 27879415=1, 10165164=3, 2912264=1, 20444471=1, 6825077=6, 1942790=2, 2515008=1, 10536031=1, 26599715=1, 16683677=2, 18937358=1, 28497523=1, 25214886=2, 4760079=2, 32624782=1, 28022574=2, 31876800=1, 14823944=4, 6351910=1, 31391898=3, 1535268=1, 10964092=1, 21893157=4, 29829117=3, 5170373=1, 2760354=4, 19137484=5, 28039534=1, 32766161=1, 2369154=5, 12496939=2, 8264102=4, 9850056=1, 26543991=3, 11584477=1, 13845107=1, 31089380=1, 29511810=1, 20579051=4, 15663765=3, 20739623=1, 27325259=1, 1513211=3, 3863057=1, 3476725=3, 7271009=1, 26014270=1, 7711053=2, 23439438=2, 10420901=3, 23605590=6, 26804676=3, 841728=1, 33327719=2, 6210984=1, 33318713=1, 16089878=2, 21091323=1, 3313830=2, 9073074=1, 33543087=1, 19848582=1, 29522362=1, 3505179=1, 22576940=1, 24934751=1, 12254986=1, 24403720=1, 23661545=3, 27319228=1, 7678462=3, 14276336=1, 27855186=3, 30992300=1, 19492322=1, 19413927=6, 22617704=3, 5993597=1, 30157484=5, 2520131=1, 7939241=3, 13288755=1, 16251722=1, 28699054=1, 3546587=4, 4742573=1, 8753044=2, 8745176=1, 12202472=4, 7863899=1, 20623179=2, 20904189=1, 5982702=1, 14532772=1, 2308567=3, 4046517=2, 23478507=1, 9108931=1, 19912066=1, 32493302=1, 27782417=1, 17259364=1, 18304928=1, 19652863=1, 9088343=2, 25436763=5, 2431705=3, 27459510=1, 23180425=2, 3347641=3, 17535477=2, 23539206=3, 28334772=1, 10732658=1, 16223040=2, 17329314=1, 8450206=1, 23276624=3, 6941867=1, 7160402=1, 30083103=3, 17049268=5, 20468252=1, 31608339=1, 30278815=4, 29524771=2, 26990152=1, 14193822=2, 4120405=1, 10475906=1, 22492396=3, 1757445=1, 27070361=3, 14429485=5, 25362470=3, 1374262=1, 2307391=3, 30805746=4, 31093820=1, 26757272=1, 23458805=1, 611666=1, 7410281=3, 32123511=4, 8258713=4, 15285278=3, 381020=1, 1355675=2, 25386759=1, 30108638=1, 9865813=2, 31662127=3, 25122006=1, 24020643=2, 24821217=2, 8353211=1, 21864777=2, 1337179=1, 25535083=2, 4930114=3, 11564288=1, 29808242=1, 10119004=1, 18518125=2, 29358625=1, 32430463=1, 26127165=2, 6648420=1, 19679415=1, 32754608=1, 5864471=1, 15889129=1, 18965792=1, 13097535=1, 7303049=1, 22482672=3, 22293832=5, 28874593=2, 14194762=2, 32887823=1, 14050373=1, 24871383=2, 1837392=5, 32762401=1, 5497215=1, 4165642=2, 29862654=2, 15597446=1, 26309795=1, 8680987=1, 16842797=3, 26575373=2, 18423601=3, 17566736=5, 16349268=1, 26976592=2, 7469657=1, 30880849=3, 6523745=2, 3954378=1, 32764861=1, 797104=5, 24955303=1, 1069793=1, 6455168=1, 11156550=4, 15431689=1]}&gt;" type="org.junit.ComparisonFailure"><![CDATA[org.junit.ComparisonFailure: expected:<...Prime: 6 register: {[9398006=1, 17919250=1, 20245285=1, 12404015=1, 2513030=1, 30971149=2, 112469=2, 1063063=7, 11862461=3, 7364817=1, 28581430=5, 31570742=2, 12283926=1, 4083757=1, 30327058=1, 15950550=1, 19466410=3, 22592633=2, 31308158=2, 2553529=1, 17726544=1, 26999402=1, 12508543=1, 24794980=1, 27772246=1, 17145069=2, 11140694=1, 33476371=1, 26385448=2, 26041472=1, 16781419=11, 11564288=1, 11799297=5, 18962614=1, 29036194=3, 29686719=1, 19186058=1, 22343717=1, 15800816=3, 32600208=1, 28084169=2, 20389755=3, 9070696=1, 6828068=6, 4342028=1, 20739623=1, 2677343=1, 9833765=4, 12492982=2, 3721561=1, 23965772=2, 13839243=3, 20435598=1, 30785=1, 381020=1, 12718000=4, 25639769=3, 11478345=3, 19163652=1, 29823977=3, 18095002=5, 7890102=1, 7967205=2, 634208=2, 13112093=6, 10953545=3, 10077258=1, 30812633=4, 4905504=1, 24934703=1, 11863125=3, 11976874=1, 3332767=1, 23716100=1, 18063879=2, 2027927=1, 1907358=3, 13725386=1, 12599297=1, 15338392=4, 23847429=1, 4751921=2, 2765147=4, 9397103=1, 32430738=1, 12894249=1, 14990455=2, 9896139=3, 1041513=1, 31566858=2, 6603853=1, 4836241=1, 29098930=5, 30729383=1, 11903699=2, 4055289=1, 32707164=3, 33504574=3, 9543696=2, 10747209=1, 28767838=1, 8291231=2, 29372260=9, 11415726=4, 15003607=1, 27376397=2, 18864353=1, 207122=3, 12808984=1, 9997467=2, 158177=1, 17419720=1, 18200011=2, 32493302=1, 22437529=1, 9596163=1, 27807968=1, 5683931=2, 32627753=1, 3104117=1, 13818751=1, 21546559=1, 23653055=1, 17077986=2, 16410942=1, 21166641=1, 8124509=1, 30653749=2, 16305080=1, 2975568=1, 33408861=1, 6702204=1, 5335054=1, 24107234=1, 6170398=4, 32838924=3, 8660517=5, 19582307=1, 26976592=2, 6347459=1, 6055334=1, 1217951=2, 28614315=2, 11723982=1, 849557=1, 604246=3, 16261864=6, 26766021=1, 17143856=2, 33434770=4, 22950374=4, 3405402=1, 28404453=1, 14677485=1, 13631125=1, 25162614=1, 29777574=1, 22800235=1, 1744764=2, 5651357=4, 18025922=3, 8481088=1, 6383257=1, 23099268=1, 7377642=2, 12643348=1, 5170373=1, 10284005=1, 5509822=5, 14078821=1, 24848297=3, 27132962=4, 23913876=1, 17841713=7, 22922549=1, 32293972=1, 31243124=2, 32354302=2, 13174059=3, 18036953=3, 27749479=1, 9200140=1, 15914285=1, 9617058=2, 11760698=1, 30416892=7, 6801513=1, 2271925=2, 17832326=7, 24938929=2, 17133312=1, 26936154=3, 15567077=2, 10368634=4, 7225277=4, 21439348=3, 17554965=1, 22738333=1, 20526939=3, 24444306=1, 1578122=6, 7780527=2, 15012886=3, 30873577=3, 13634261=7, 28084146=2, 23294432=1, 30142488=1, 29573517=1, 19418206=1, 28945563=2, 4601766=4, 14136305=2, 7936216=3, 25236222=3, 3396749=1, 23571212=2, 25652009=1, 4180920=1, 10764342=1, 26919320=1, 7587295=1, 11993111=3, 29178168=3, 27406294=4, 20404500=1, 4719633=6, 21013232=2, 6577504=1, 26895166=1, 24955303=1, 28581759=5, 17944182=1, 33193211=1, 15663765=3, 6764047=3, 12627713=2, 14974134=1, 30666297=1, 26985214=1, 7581968=2, 5674797=2, 9262689=1, 3731136=1, 32638304=4, 21093433=1, 28886725=1, 19679415=1, 15795090=3, 5628521=1, 8552244=1, 32628191=1, 29078840=2, 11624110=1, 28955817=1, 4166054=2, 608516=1, 8771607=1, 20681045=2, 28315008=7, 22671613=1, 7437837=1, 5764317=1, 6110460=3, 16296825=2, 17217473=2, 11409222=4, 27956686=2, 24403720=1, 32546235=2, 20623179=2, 14323980=2, 1631451=1, 26233943=1, 21343336=2, 21240469=5, 29702811=3, 9101562=1, 5039946=1, 7175505=1, 11156550=4, 18409652=1, 27734633=3, 28911883=3, 10055175=1, 5864471=1, 7018263=3, 51100=1, 6867736=1, 23793072=3, 16428107=2, 16065960=3, 19361480=1, 20261742=3, 7876840=6, 31280397=1, 4063923=4, 10656557=2, 7408166=3, 25815384=1, 6625884=3, 26029005=3, 23182842=2, 5201513=1, 18278607=1, 24974824=3, 7292402=1, 32926427=1, 23289470=1, 19326908=1, 17090498=1, 22039648=1, 18231513=4, 796854=5, 8140783=5, 29537072=2, 12609084=1, 23439438=2, 32611478=2, 25224053=1, 17873613=2, 9775939=3, 32969858=3, 1530503=1, 10470316=1, 186008=1, 28350298=2, 10649730=2, 14414500=1, 13921691=1, 13170866=1, 30097622=1, 28971348=4, 21708593=3, 20796723=1, 24110978=1, 12690458=2, 28734519=1, 1209764=1, 7735322=4, 32501112=1, 23539206=3, 8311873=1, 24626936=1, 33145566=1, 6683257=1, 30962412=1, 4621426=2, 16512741=1, 25362418=1, 8710405=1, 21210858=2, 32615076=2, 19492322=1, 28693297=1, 13595614=1, 2734329=2, 2115564=1, 25207030=2, 5020714=2, 26415417=3, 12045522=1, 24738245=1, 12647279=1, 19278985=4, 30974720=2, 30083103=3, 10905946=1, 8239231=2, 7979266=1, 30377803=2, 19143530=5, 10439519=1, 12836693=1, 31789279=3, 19393993=1, 6754401=3, 15510085=2, 29248868=1, 27878554=1, 7552575=3, 31880926=1, 26249098=2, 13707454=3, 15348408=4, 16614639=2, 19339216=3, 1845756=5, 26615093=4, 24308858=1, 31222618=1, 27176277=2, 14652131=2, 10488270=8, 28698533=1, 7380833=2, 21266109=1, 2424993=3, 29467897=2, 7298124=1, 11062191=1, 11086003=3, 23385833=1, 10664607=2, 14485113=3, 17150343=2, 14919945=2, 33043087=6, 13570782=3, 15004612=1, 27516056=1, 11779778=2, 21542767=2, 19856005=1, 13638520=7, 9277721=2, 21681728=1, 26579350=2, 26599715=1, 4224106=1, 18649055=2, 23903741=2, 16117168=1, 10104237=4, 23768092=2, 20580778=4, 17822017=1, 13845107=1, 16124677=4, 17376177=3, 17824513=1, 21943612=1, 25771888=3, 9088343=2, 2068556=2, 17556457=1, 9851618=1, 7967665=2, 16772001=1, 17355782=1, 15433895=2, 1337684=1, 29829117=3, 25224483=1, 27568490=2, 18787223=2, 10384875=1, 28706831=4, 13625138=1, 3704336=2, 11169966=1, 5084278=2, 16499323=1, 27825562=2, 18068841=2, 17292125=1, 7673622=3, 26074141=1, 32433550=1, 32864585=1, 25378122=3, 440808=2, 20001202=3, 22092368=3, 8543646=1, 13186409=3, 13205621=2, 1069793=1, 4475941=1, 23558747=1, 33531587=2, 21604887=2, 15070123=1, 5765894=1, 17431677=1, 6813291=1, 28121450=3, 23701167=2, 28585143=5, 31065491=4, 30703784=2, 4051275=1, 9352662=2, 25976294=1, 23042112=2, 30811630=4, 16355460=2, 17571573=5, 24774724=4, 17123309=1, 9157409=2, 19136812=5, 17994175=2, 12454576=4, 2604832=2, 11864917=3, 16338149=1, 15305271=2, 10102580=4, 25729678=2, 21897702=4, 28029746=2, 18883173=8, 6471671=2, 23204970=4, 18639160=1, 19169542=2, 4465497=5, 28024438=2, 23589103=1, 12751849=2, 24069722=1, 26790333=1, 24956605=1, 19796906=4, 22301096=1, 27672622=1, 12875033=1, 11218431=3, 27439994=2, 13496070=1, 5398936=1, 26157525=3, 7178280=2, 2330492=2, 5856622=1, 963262=2, 31182411=1, 5026177=2, 8916882=6, 31873418=1, 2225320=1, 14218369=1, 21594614=2, 4421795=1, 21940360=1, 20879080=2, 27594779=3, 2901523=1, 1023874=2, 29731659=2, 8940105=1, 22144774=1, 2063027=1, 20495785=2, 13393264=1, 33128498=2, 29224552=1, 19153233=1, 26457731=2, 8625323=2, 3891972=1, 29082214=1, 21832496=3, 2922504=2, 18094329=5, 20059531=4, 4688310=2, 24537240=1, 31763005=2, 22989862=1, 14852140=2, 33362008=3, 25862076=2, 24914946=5, 14071190=2, 10612031=1, 26589070=2, 23357136=1, 27455298=1, 26638718=1, 14591385=2, 1375609=1, 5272188=1, 18810479=3, 31375338=2, 32281659=2, 23292324=1, 18153555=3, 21590138=1, 668756=4, 1158432=2, 5453790=3, 17465590=2, 9485336=2, 20800129=1, 2751240=1, 15998558=5, 31647523=1, 3828517=1, 26644812=2, 26031265=3, 19515549=1, 22906193=2, 18074369=1, 1087939=2, 19788081=1, 21045567=3, 32123511=4, 18707319=1, 20098219=2, 14082344=1, 1037620=1, 31003745=3, 14634303=1, 29417352=1, 3426910=1, 4073628=4, 10784688=2, 12338860=1, 2431705=3, 2872407=1, 20751306=2, 14528372=2, 17979214=1, 13889069=1, 19267731=4, 18060869=2, 25726316=2, 17206484=2, 3371081=1, 30721025=1, 15129401=1, 16491319=2, 20352892=2, 28083090=2, 19351811=1, 988024=3, 8789604=4, 10884786=4, 13896629=5, 2294556=3, 32557993=1, 3167653=1, 1483869=2, 30991345=1, 10047338=1, 7864696=6, 6248973=1, 11485174=3, 28468964=1, 31645777=1, 3198752=1, 22522973=2, 2712685=1, 16683631=2, 6723205=2, 20925329=1, 20589537=4, 31339520=4, 27070361=3, 1628443=1, 21616289=1, 25257711=1, 31129131=1, 23862909=5, 9215929=2, 16813508=2, 3223226=3, 14987014=2, 32873198=2, 19558841=1, 9910387=3, 27785668=1, 6299392=8, 26309795=1, 21874214=1, 15448929=2, 32442824=3, 659838=4, 32408416=2, 25663962=2, 12892819=2, 436128=2, 24087405=2, 20791897=1, 4716846=1, 21695601=3, 16712094=3, 6760076=3, 6239148=3, 29488526=1, 23123742=1, 30397497=1, 28413032=2, 24636008=1, 2576650=1, 10906153=1, 7542308=3, 1997469=1, 22087149=3, 15020125=3, 3509313=2, 8618545=2, 13705231=3, 207054=3, 22715046=2, 24712937=3, 25168387=10, 32404627=1, 32167602=1, 266820=5, 31671387=1, 5287863=2, 20939367=2, 20471069=1, 18173316=1, 33258519=1, 25648447=1, 21670711=2, 9661864=1, 14492967=3, 10487256=8, 30278935=4, 30207934=1, 18846729=2, 22186744=2, 2866784=2, 27745170=1, 2503229=4, 17568647=5, 20250142=1, 8402462=10, 21855821=1, 27463=1, 27290800=1, 904292=1, 24321734=3, 14993489=1, 29795585=2, 27254636=1, 9906996=3, 6412481=1, 3555034=4, 3791512=1, 15385910=1, 30767652=1, 25280683=1, 20904189=1, 29795546=2, 26990152=1, 24967360=1, 24581764=3, 28156488=2, 12212991=1, 6341173=1, 1298743=1, 12793413=3, 17670014=2, 7842130=2, 19258757=1, 12053444=1, 12411296=1, 33119321=1, 11039691=1, 32675664=2, 15263199=1, 14600293=1, 15325372=1, 20097106=2, 7678462=3, 19383597=1, 17493851=1, 1068495=1, 8330290=3, 32475936=2, 843300=1, 10466120=2, 6264284=2, 29179666=3, 24792334=1, 31620160=1, 10944937=3, 32875927=2, 6047994=1, 13879439=1, 17147452=2, 22540854=1, 32092565=2, 5234102=1, 2352811=1, 30825073=1, 3617329=3, 6651564=1, 24905614=5, 17977320=1, 24482178=2, 21579495=1, 20056516=4, 22375328=1, 20544744=1, 9502715=1, 22953289=4, 13638276=7, 7564822=1, 12023342=1, 23760997=2, 30880849=3, 10622467=4, 27000314=1, 6948945=4, 21640025=4, 19576773=2, 27998672=3, 28824314=1, 462338=3, 6123321=1, 26981629=2, 19258634=1, 29737518=1, 31065109=4, 19565924=2, 8224704=1, 14532772=1, 12285404=1, 32946519=2, 31995483=6, 1893425=1, 16157433=2, 16534919=1, 15213600=6, 25789997=2, 15589393=1, 31119171=1, 28403254=1, 14503859=1, 27948854=1, 13208233=2, 13258888=1, 14194762=2, 12957513=2, 23422928=1, 12947267=2, 1811726=2, 3178410=1, 12882863=2, 17018120=2, 13262279=1, 14618960=3, 16760126=2, 1548902=2, 13456977=1, 27712400=1, 32893850=1, 26239932=1, 15794236=3, 30805746=4, 2133615=2, 14071923=2, 3545903=4, 20401114=1, 30222442=3, 32209474=1, 22877896=3, 5181656=3, 30227076=3, 24816088=2, 11053523=2, 12375676=1, 6458185=2, 4993283=5, 13466653=1, 2238660=4, 19839642=2, 18047494=1, 21342239=2, 19118573=2, 16705833=1, 2875827=1, 27503101=2, 4457683=5, 2897066=5, 9697438=1, 10723546=2, 17220160=1, 17918938=1, 7415938=3, 7867465=6, 28925221=1, 19461909=1, 31148962=1, 28083908=2, 13719274=1, 21796695=2, 12128096=3, 22060530=2, 1872558=2, 10107309=4, 20026891=2, 15597159=1, 25508504=3, 10428063=3, 16331107=3, 23640914=2, 25156707=1, 2202137=2, 9825258=1, 4248132=1, 17429340=1, 23656342=1, 18480539=1, 20993014=1, 16535142=1, 29904060=1, 16338142=1, 4513086=1, 5651186=4, 4648783=1, 10820833=3, 28541505=2, 19790929=1, 10845816=1, 19843961=1, 30993560=1, 17080072=2, 22344177=1, 8435975=2, 15552848=1, 28414581=2, 6389902=2, 29126874=1, 17414904=2, 11201991=1, 22780459=2, 7720719=1, 6364766=3, 3084865=3, 21091323=1, 8513230=1, 32841397=3, 9056594=4, 3485530=3, 6514854=1, 23053793=1, 24109767=1, 15278051=3, 26359837=4, 12419772=2, 18559730=3, 27068168=3, 6720737=2, 2178508=3, 2429839=3, 18261271=2, 21893157=4, 1374262=1, 11622450=1, 21938039=2, 23666960=3, 31405349=3, 21725676=2, 11011178=6, 8494934=2, 22237677=1, 23232943=2, 31053068=1, 31400578=3, 29862654=2, 3397209=1, 5954338=1, 18847227=2, 12327311=5, 26127165=2, 8850061=3, 12382997=1, 9388988=1, 27154443=1, 30628156=1, 13916654=1, 3310200=2, 30452824=2, 3761862=1, 28279184=2, 11467391=1, 2248256=1, 28994305=1, 32069016=1, 19563003=2, 16223040=2, 21580722=1, 32577504=3, 26084666=4, 31248066=1, 21960673=3, 25696715=6, 92711=1, 6081060=1, 14716873=2, 7107696=1, 30461761=1, 19563642=2, 1027407=2, 14792033=2, 28868618=2, 3546587=4, 14261663=2, 10168794=3, 22610856=3, 31615167=1, 32515918=7, 30373313=1, 14526568=2, 25499915=3, 23679914=1, 16114904=1, 2666184=2, 22972993=2, 19545535=4, 23806329=1, 33318713=1, 26423992=3, 29661866=2, 22190307=2, 10732568=1, 22131726=2, 32790834=1, 1394021=1, 1728517=1, 15605278=4, 22940527=4, 29145809=2, 4409813=1, 31211468=5, 11461293=1, 5572574=3, 14013201=1, 7326294=1, 17856550=1, 18193527=2, 2581372=1, 13219383=2, 8812012=1, 19600002=3, 13781578=1, 27738877=1, 22743701=3, 2669789=2, 27538449=5, 13383091=5, 15114450=2, 29466466=2, 21152732=1, 32910135=4, 3094247=3, 33319216=1, 15869940=4, 30749764=3, 24059848=3, 3347641=3, 32512784=7, 33462432=2, 22431278=1, 17758415=1, 25362470=3, 26624735=1, 28624939=1, 16059560=3, 16305834=1, 17742104=2, 32947545=2, 23710933=1, 18529906=2, 24020643=2, 14231456=3, 9182370=5, 17122501=1, 7067134=1, 26804676=3, 21996473=2, 14353754=3, 5423200=1, 8907775=1, 25923006=2, 17367685=3, 23784571=1, 6159846=1, 7358664=1, 27267416=8, 15343910=4, 29970396=1, 6090319=1, 5912927=4, 28612791=2, 17045016=5, 9945643=1, 5139404=1, 7220620=4, 22256288=2, 2770131=1, 6665982=2, 22461389=2, 1915552=3, 26916631=2, 32632725=1, 22482896=3, 31112766=2, 23640206=2, 16791332=11, 24682724=2, 27375010=2, 8825261=2, 24285627=2, 29807360=1, 26858922=1, 23062733=1, 19186928=1, 15490813=1, 2849521=1, 3208157=1, 21440075=3, 23205323=4, 30520482=2, 9563982=1, 571863=2, 18218461=1, 13850053=1, 33049701=1, 24910051=5, 5328293=1, 29285750=1, 12998749=1, 7203272=1, 18564558=1, 6696868=4, 17454413=1, 6251637=1, 12241262=1, 30637279=1, 32452058=3, 24263397=4, 30982134=2, 26871904=4, 23896946=2, 30992300=1, 2101314=8, 14933500=1, 22101729=3, 767271=2, 3575536=2, 23616654=1, 4760079=2, 24141195=1, 7591959=1, 9791837=1, 2328174=2, 29532852=2, 12187391=1, 22984014=2, 18571958=1, 25371378=3, 883541=1, 26387379=2, 4877200=1, 17778714=1, 17225117=1, 30729871=1, 6022671=1, 26799521=1, 21096250=1, 10558398=3, 16612669=1, 28907838=3, 24686079=2, 744515=1, 1895340=1, 19570958=2, 21114624=4, 2876340=1, 11625378=1, 14756583=3, 12296112=2, 7433167=1, 33286395=1, 24107904=1, 24131467=7, 10471191=1, 22350003=3, 7072138=1, 24527088=1, 2426403=3, 11386466=2, 6688667=4, 4958408=2, 14113622=1, 505288=2, 3346874=3, 1876711=2, 29845859=1, 12462510=4, 3168957=1, 33419584=1, 7012775=3, 3926576=1, 25365033=3, 17466873=2, 26826577=1, 24803179=1, 17567880=5, 3309633=2, 17614913=1, 6725454=2, 11717941=1, 3314117=2, 17060315=1, 19752445=1, 8643616=1, 922188=4, 1429130=1, 25924076=2, 4835341=1, 15377180=2, 29389957=1, 7183334=2, 4369028=2, 6941867=1, 1297735=1, 7371338=1, 11881212=1, 19597593=3, 29050046=1, 22545453=6, 32111708=1, 3786371=1, 27800809=6, 9639286=3, 30102816=1, 14306718=1, 23847458=1, 23379377=2, 17518850=1, 30962817=1, 21327649=1, 16830054=1, 28923024=1, 15068280=1, 25600374=2, 10684501=3, 10083691=1, 13434873=1, 20545719=2, 20791631=1, 1722691=1, 25233124=3, 2061447=1, 20616088=2, 25845217=1, 21491375=1, 16975595=3, 3841674=2, 10093967=4, 733135=3, 9027276=2, 27452746=1, 24705992=1, 3611196=3, 1208307=1, 23813025=1, 15576188=2, 12429772=2, 20146457=1, 28516809=3, 5405919=1, 22955167=1, 12721894=4, 768150=2, 23307870=2, 31419440=1, 4474167=1, 4669939=1, 9058591=4, 11497180=1, 32918366=1, 11664715=1, 23049012=2, 2896156=5, 11043924=2, 18650261=2, 31501853=2, 13523492=1, 2968834=1, 28891849=1, 5993597=1, 30701877=1, 27075687=3, 18453204=2, 6707015=1, 32555418=1, 32427416=1, 31049025=1, 19785382=1, 14140813=1, 17792947=1, 2968787=1, 15143680=3, 4968539=1, 12900799=1, 28841520=6, 33383076=1, 19668707=5, 29756230=4, 23010507=3, 28924179=1, 11258385=1, 19856658=1, 5579718=3, 13722016=1, 16975565=3, 30141476=1, 6309469=1, 10500023=8, 28224460=2, 16194221=3, 13964173=3, 8236990=2, 16494651=2, 6516597=1, 8971461=1, 29396076=2, 16542192=1, 14765933=1, 4130141=3, 22232106=3, 4572258=1, 8162574=2, 2638179=1, 14596523=2, 12289858=2, 3167073=1, 16399301=4, 30592020=1, 5085890=2, 20719672=5, 27370334=2, 967335=1, 798262=5, 23245556=2, 24504012=1, 7119931=2, 22842216=2, 2785190=1, 13816502=1, 20548=1, 9070253=1, 12773605=1, 15534102=3, 17724753=1, 15070864=1, 2554625=1, 29446710=1, 8753044=2, 31093056=1, 25452373=1, 16353976=2, 16408136=1, 10192726=2, 29738395=1, 14631126=1, 4845830=1, 3423114=5, 11949559=1, 8195010=3, 4804026=1, 12729245=4, 20660713=1, 17197584=1, 7544637=3, 30460998=1, 13996665=2, 33412266=1, 4793812=3, 4235228=2, 3941675=5, 28334772=1, 22576940=1, 15934656=3, 24825746=1, 3237011=1, 20929000=1, 7988190=1, 5919090=1, 26763360=1, 9460614=1, 15738392=7, 23809920=1, 21359466=1, 20229680=2, 25480479=1, 32181147=3, 30122377=2, 27422511=1, 28324348=7, 14675851=1, 18605148=1, 1968571=4, 20927355=1, 33209575=2, 26665100=1, 19727900=3, 25436763=5, 380182=1, 1128637=3, 21296852=1, 1286938=2, 2253673=1, 19359534=1, 8593223=3, 28131564=1, 13566404=3, 13610580=2, 3108068=1, 13473242=2, 19520145=1, 17093498=1, 33502193=3, 827379=2, 24430609=1, 21038613=3, 19652863=1, 13168515=1, 6934952=1, 27530343=5, 12493276=2, 3264543=1, 3771714=2, 17806314=2, 16752566=2, 19502772=2, 32529676=1, 8699990=1, 23500437=2, 21299617=3, 8484516=1, 1455794=4, 12496939=2, 15844371=1, 22561149=1, 24227292=2, 23600774=6, 12128071=3, 4774908=1, 7977405=2, 486647=1, 6355850=1, 29118967=1, 5209263=1, 1303076=1, 23602010=6, 18492453=4, 21827470=3, 17705698=4, 21575905=3, 21154198=1, 18499841=1, 28855209=1, 2515008=1, 16471321=1, 5243159=7, 4889414=2, 1854224=1, 9074812=1, 31389579=1, 13851209=1, 8292335=2, 11304246=1, 22206911=1, 5838709=3, 18067657=2, 21302110=3, 16892631=1, 22900698=1, 14043360=1, 3448735=2, 25546485=1, 25356974=1, 1486011=2, 29291849=1, 10198920=2, 23858330=5, 11145232=4, 21843584=1, 31403477=3, 31658791=3, 5903446=4, 15411065=3, 20750768=2, 15773908=2, 19743708=1, 817607=1, 33043732=6, 4895027=2, 30927814=1, 19735736=3, 33507057=1, 30864993=1, 3547234=4, 33465779=2, 14718311=2, 19168306=1, 1424946=2, 30929292=1, 26700470=1, 15118487=2, 7160402=1, 5028650=2, 11067581=1, 17199581=1, 15695375=1, 28568127=1, 16392464=4, 15724754=1, 25386759=1, 5756194=1, 23763974=2, 22156321=4, 12428580=2, 4032262=2, 20230098=2, 3246080=2, 23650779=1, 17017208=2, 9971153=6, 25713427=1, 10779906=1, 10173133=3, 19468100=3, 14047830=1, 6373922=1, 4943347=1, 22900234=1, 15705304=2, 12840171=1, 25583725=1, 4359159=2, 16609959=1, 5261120=1, 18342329=1, 27389138=1, 810026=1, 3908427=2, 11378272=2, 6188567=1, 29869616=1, 19015044=4, 30124796=2, 28673090=2, 2426165=3, 6034483=5, 22050251=1, 1786380=1, 20319301=4, 30103331=1, 3110890=1, 6858606=2, 22612943=3, 17038996=1, 20113025=1, 21530063=2, 9889196=1, 7090813=5, 1158381=2, 24195302=3, 3562160=1, 19225232=1, 21892606=4, 31730337=5, 29683071=1, 2183546=1, 29400680=2, 6770824=1, 18604928=1, 20153873=2, 17307359=6, 29380630=1, 25295729=1, 7976255=2, 22468992=1, 21399851=2, 4447389=1, 27176952=2, 12780947=3, 26090270=4, 26469176=1, 11360213=1, 13570265=3, 22196688=2, 14458128=2, 26489994=5, 30299210=1, 15385190=1, 1521726=3, 29668652=2, 4654668=3, 30056267=2, 22663236=1, 10757902=5, 10668569=1, 29522362=1, 26195376=2, 16860883=1, 14680198=8, 29869748=1, 9947013=1, 33371184=3, 5934762=2, 13877409=1, 6649221=1, 17279973=2, 19581375=1, 7286337=3, 18334593=1, 3856598=1, 27434773=2, 23196539=1, 33327719=2, 16781835=11, 8039799=2, 15719735=1, 2261133=2, 12715733=4, 19166554=1, 7247402=2, 18985094=2, 19349421=3, 8989994=3, 10391233=2, 4970938=1, 23947224=1, 14073152=2, 7711014=2, 24946570=2, 18507804=1, 2684247=1, 5119065=4, 10518962=2, 17526957=1, 10296950=3, 30282639=4, 1695017=1, 23752386=1, 5199827=1, 16528158=5, 33447016=1, 29018559=1, 13221425=2, 13860045=1, 15116251=2, 10992924=2, 6078922=1, 960745=2, 4930081=3, 7874458=6, 22314639=1, 969896=1, 26163455=3, 25021291=1, 2038339=3, 2985992=2, 18126404=2, 16292736=2, 18161387=3, 13873496=2, 12280399=1, 4943999=1, 27605680=3, 30463813=1, 30038451=1, 5121510=4, 30607986=3, 8566707=2, 18575177=1, 9167637=1, 17317432=6, 1337179=1, 4779982=1, 12584183=9, 16813987=2, 6465668=2, 19695492=2, 17148139=2, 16349268=1, 3300326=1, 20608619=1, 12585053=9, 23263742=1, 10233372=5, 5415214=2, 32797922=1, 2964530=3, 26673428=3, 3566951=1, 18828048=1, 23228635=1, 2219801=1, 17768354=3, 7054630=2, 9701461=5, 16579327=1, 12665055=1, 627760=2, 11959373=1, 14329282=2, 3373686=1, 14625548=3, 10342890=1, 23488107=1, 7303049=1, 26575373=2, 30135567=1, 15325442=1, 19407032=6, 24387027=5, 16599201=1, 19802346=4, 23686439=1, 1257098=3, 25442631=5, 17551233=1, 25569864=4, 25340456=2, 9108931=1, 19315308=2, 9260518=1, 1769495=3, 31360660=2, 33457826=2, 1179293=1, 20428995=2, 17673937=2, 5618746=2, 16335409=1, 6832558=1, 24118442=7, 22720147=2, 24080404=1, 25535613=2, 1615046=2, 13197773=1, 9829777=1, 32394260=1, 17006268=1, 26710955=2, 20240281=1, 12164100=2, 4331021=4, 9402743=1, 15915173=1, 28920303=1, 11505994=2, 17004921=1, 2902353=1, 3684290=6, 33442519=1, 22985551=2, 22689091=4, 30114251=2, 33060401=1, 28031784=2, 26190274=2, 3138530=1, 19902744=2, 6415261=1, 992686=3, 31876800=1, 24477230=1, 2285664=1, 1219063=2, 15027309=1, 30388131=2, 22407250=1, 30296654=1, 27651441=1, 1074452=1, 31508675=1, 8258713=4, 27957348=2, 28001690=1, 16334536=3, 3516540=2, 30636530=1, 21050033=3, 24043825=1, 15126457=1, 17124687=1, 29474998=1, 30049680=2, 32742583=2, 22344654=1, 16571615=1, 24821217=2, 17608295=2, 20570074=1, 4957740=2, 20654151=3, 23796715=3, 32195264=1, 19095553=1, 9658329=1, 16462484=3, 11356451=1, 28541778=2, 19326274=1, 1281529=2, 9011731=2, 23600954=6, 14699849=1, 10519786=2, 17205645=2, 13181335=3, 32714059=3, 12712387=1, 8039895=2, 26621081=4, 23784372=1, 2258766=1, 7468973=1, 24817555=2, 23478507=1, 3305573=1, 15597446=1, 29630955=5, 30866710=1, 19148304=5, 24270255=1, 1987680=1, 23650035=1, 13288755=1, 1781576=3, 29946471=1, 7407754=3, 33524622=2, 4975645=1, 4448318=1, 27977205=1, 23268792=3, 18707578=1, 1227232=2, 22391621=2, 23146480=3, 15348677=4, 28952006=1, 12313352=1, 19416364=1, 12887269=2, 31163914=2, 24336365=1, 2026665=1, 1732213=1, 29104236=5, 25110232=3, 5183493=3, 2454884=1, 31895053=2, 4881391=1, 2626664=6, 25437266=5, 8748502=1, 7267069=1, 28210998=1, 6183892=1, 17022236=2, 26784612=2, 597137=3, 4340992=4, 3219068=3, 4890433=2, 9373645=3, 29928077=2, 17121988=1, 32754608=1, 27993393=3, 2194669=1, 30336257=1, 12516877=1, 816709=1, 3672023=6, 28936171=2, 29510719=1, 26912273=2, 2834662=1, 12848851=5, 33043601=6, 1936435=2, 9297059=1, 29016431=1, 29308580=3, 32221308=2, 252266=1, 2580124=1, 13708701=3, 302947=2, 970785=1, 16796378=1, 2373188=5, 2040511=3, 25910978=1, 1641778=3, 18434130=1, 622545=1, 20278504=1, 14505872=1, 12072566=6, 18920618=2, 1045208=1, 8974200=1, 31093820=1, 7544616=3, 14717093=2, 5916736=1, 17163266=1, 15204725=6, 4088153=1, 12407273=1, 11995144=3, 21988441=2, 2441476=1, 33094564=1, 4600054=4, 18165800=3, 5679058=2, 27235110=2, 30946322=6, 6108661=3, 13872964=2, 32212920=2, 6309041=1, 4795201=3, 7176720=2, 15264657=1, 3351802=3, 21151195=2, 6465893=2, 6300292=8, 32463239=1, 25045058=4, 14269956=2, 10126476=2, 19966068=2, 31282946=1, 19053110=2, 33291225=1, 218325=1, 4190027=1, 32764861=1, 24975840=3, 6163=12, 12243029=1, 7870633=6, 18123682=2, 28721771=1, 4955522=2, 25131076=1, 6394893=2, 18937358=1, 7093584=5, 32740393=2, 8745176=1, 4438233=2, 23941447=1, 19282186=4, 18346208=1, 2207969=2, 26991233=1, 26848299=2, 33507745=1, 3207632=1, 22492396=3, 6130684=2, 14906493=1, 10446420=1, 5497215=1, 20771368=1, 11919272=1, 27927773=4, 20194914=5, 14475804=1, 26275803=1, 9227042=1, 19848582=1, 1458059=4, 25647601=1, 7103523=1, 27215055=1, 2792744=2, 24719301=3, 6826=15, 23985152=1, 32573777=3, 24053856=3, 1417509=2, 11905375=2, 23836824=2, 14323749=2, 17492193=1, 7399178=1, 25077546=2, 3678548=6, 3074715=1, 31965773=1, 19137484=5, 1513211=3, 11970384=2, 19351575=1, 18243577=1, 19880314=1, 8451832=1, 19953653=1, 27269094=8, 16374952=1, 21099198=1, 2520131=1, 15263631=1, 16627116=2, 28545265=2, 6351705=1, 29773238=1, 570404=2, 4881504=1, 29530601=2, 12014965=1, 8144356=1, 10403250=2, 6273902=2, 27218591=1, 17230231=1, 683080=1, 12407126=1, 33213754=1, 6833910=1, 5452650=3, 26037190=1, 16903472=1, 14902337=1, 24183333=3, 5816253=2, 19917664=1, 24364056=1, 10451168=1, 16406125=1, 2811530=1, 13170590=1, 17479986=2, 5533308=1, 26903545=2, 13775626=4, 20868845=1, 6474383=1, 22064194=2, 8494177=2, 27335158=3, 19103937=2, 5290307=2, 4890702=2, 28332384=1, 31458288=8, 32546666=2, 10934010=1, 24206419=1, 21113596=4, 21750050=1, 25535083=2, 26546231=3, 8625626=2, 9423825=1, 19454218=1, 5753817=1, 13433924=1, 32666243=1, 32250349=5, 29474355=2, 15072245=1, 7754030=1, 9842039=4, 15056985=1, 14551059=4, 8035891=2, 32818509=1, 15340704=4, 212222=3, 10673327=1, 18744390=4, 29919624=2, 15615162=1, 25155367=1, 29545809=1, 28442579=1, 27131006=1, 14777112=1, 15566079=2, 16160188=2, 26006863=1, 16042217=1, 17329314=1, 10235250=5, 32960589=1, 29808242=1, 32138569=1, 18622918=5, 13315149=3, 586945=1, 16632564=1, 13498245=1, 32855726=1, 10292159=3, 28037901=1, 9182040=5, 22541848=1, 16312027=1, 17603137=2, 25019067=1, 26244025=1, 31089380=1, 2527270=2, 18242793=1, 4404463=3, 31106466=2, 13029821=1, 30715849=2, 18518125=2, 10559704=3, 28022574=2, 3170539=1, 20695134=1, 23125772=1, 24087939=2, 33018695=1, 18217363=1, 15314768=2, 28934581=2, 22737936=1, 33471669=2, 18748199=4, 9833140=4, 27022157=1, 23064743=1, 5228232=1, 9905048=3, 8877237=1, 27556372=1, 29211959=2, 17550462=1, 15289994=1, 2602372=2, 29111646=5, 29040693=3, 22547009=6, 14833531=1, 19878678=1, 1757445=1, 25927262=2, 21409749=2, 33280089=1, 23135374=3, 17845208=1, 13440464=3, 18822974=3, 9975087=6, 20051843=1, 31590183=4, 7912072=2, 8930178=1, 30054197=2, 1450139=4, 18864687=1, 19912066=1, 19752990=1, 10139448=2, 32121122=4, 3968549=2, 33115401=1, 13819955=1, 6947669=4, 22305800=1, 22163068=4, 24308855=1, 31084064=1, 22122901=2, 17696808=4, 8662505=5, 31391898=3, 10359261=4, 4674051=1, 29031418=1, 22181385=1, 17178922=4, 26654833=2, 21203856=2, 32838432=3, 4700940=2, 1002174=1, 26417885=3, 510557=1, 23928700=3, 3649369=2, 18966187=1, 26387777=2, 15804712=3, 24739740=1, 11473510=3, 22504372=1, 15791530=1, 21924571=2, 11711953=2, 30828905=1, 25589686=1, 22356248=3, 27800122=6, 10645676=1, 26888251=1, 14786290=2, 9596623=1, 16750118=2, 10511601=1, 7231968=1, 5840981=3, 28134334=1, 32045038=1, 666533=4, 24330162=3, 33295415=5, 16117685=1, 21230850=1, 33532740=2, 13403147=2, 11966355=2, 22975875=2, 3838693=2, 8675921=1, 3703399=2, 2790868=2, 32531029=1, 4753629=2, 1861567=1, 19943239=1, 7787928=1, 17719724=1, 8544138=1, 18450738=2, 7614449=5, 23482905=1, 18563156=1, 30157484=5, 18177691=1, 16313871=1, 1149425=2, 7475963=4, 1609546=2, 14314800=1, 3118200=2, 5491059=1, 12365399=2, 4206350=9, 11995109=3, 16623162=2, 9019126=2, 3007255=1, 21882443=1, 4852826=4, 31935458=1, 30598229=1, 10069417=2, 20290718=2, 22293832=5, 24702641=1, 22966664=1, 12546284=1, 13763812=4, 16842337=1, 24815567=2, 23162621=1, 33352380=1, 5582811=3, 1728964=1, 11566642=1, 16475764=1, 33053989=1, 4049224=1, 22926517=1, 2351386=1, 32185315=3, 2460532=2, 30493383=1, 665750=4, 10779342=1, 1208337=1, 8583072=1, 11557717=1, 22725197=1, 31055620=1, 33300091=5, 13691978=1, 26734209=1, 4175892=2, 9927695=1, 26163878=3, 19403121=6, 4081541=1, 23132498=1, 17759418=1, 12837493=1, 21090233=1, 15226095=1, 30475423=3, 26731139=1, 26925592=1, 3481287=3, 15471421=5, 7771224=2, 23099923=1, 18656524=2, 31259535=1, 18350443=6, 5148713=2, 26891383=1, 31306414=2, 24951989=2, 24989318=1, 17668445=2, 15437799=2, 20838361=1, 8036366=2, 10339760=1, 15856577=1, 9154966=2, 527741=6, 4008895=3, 15737126=7, 12069444=6, 4318605=1, 21596510=2, 1334838=1, 392053=1, 18130290=2, 3526384=1, 26924439=1, 27425898=1, 6150584=1, 19572501=2, 31844403=1, 7594334=1, 28527309=1, 1493260=1, 19324444=1, 6802132=1, 6890377=3, 30228183=3, 9465077=1, 2815258=1, 19725988=1, 17615495=1, 24119287=7, 10611241=1, 16875556=2, 87941=1, 8404105=10, 28719879=4, 27991469=3, 8942595=1, 31534195=3, 16122472=4, 33050611=1, 10295880=3, 27442004=2, 15118726=2, 3566445=1, 9651043=1, 3824134=1, 27897989=2, 7853026=1, 7711053=2, 1174623=1, 25944936=1, 3303576=1, 18140258=1, 4554134=1, 8645271=1, 27644819=1, 874374=1, 26914287=2, 18141205=1, 20875135=2, 18346329=1, 27325259=1, 6372050=3, 27060457=1, 5826360=1, 25443041=5, 32106532=1, 24766542=1, 16612991=1, 7913800=1, 10676919=1, 3766357=1, 30266065=1, 32677626=2, 10422170=3, 22122456=2, 4930114=3, 31547126=1, 5576029=3, 1007840=1, 282596=1, 24914959=5, 9634756=3, 27297291=2, 1213717=2, 4281004=1, 27404711=4, 12607526=1, 439118=2, 4996115=5, 33188509=1, 10246622=1, 30592818=1, 32883436=1, 15875893=4, 13181155=3, 1507242=1, 28538518=1, 15110186=2, 12072521=6, 4679257=1, 185829=1, 8867196=1, 19163171=1, 17341639=2, 10161950=3, 14425396=5, 27832194=2, 635862=2, 32775301=5, 25144530=2, 24710667=3, 9334877=1, 21171162=3, 13370159=5, 4485143=1, 33366385=3, 4376997=1, 22861879=1, 13605228=2, 13627934=1, 29095922=1, 15336877=4, 9602112=2, 21310734=3, 1290114=2, 3943613=5, 10536031=1, 5702201=3, 25734021=2, 12729000=4, 6370027=3, 3513953=2, 14258023=2, 13792577=1, 30484085=3, 7752570=1, 1442504=4, 323304=1, 28191148=4, 5938479=2, 29502937=4, 6351910=1, 30902736=2, 18439545=1, 15504697=2, 15548850=1, 14061923=2, 29692515=3, 20860429=1, 19977221=1, 28565323=1, 11708665=2, 28334876=1, 13990192=1, 9380776=3, 2843906=1, 23124006=1, 72257=3, 19768531=2, 32622010=1, 17064687=1, 9132044=1, 13160495=1, 2685456=1, 20799803=1, 580239=1, 8898962=1, 23989119=4, 26273924=1, 9874583=2, 20554601=2, 5926298=1, 32199182=1, 7979908=1, 29783191=1, 5581411=3, 14278256=1, 24360769=2, 30923900=1, 14975625=2, 28754679=1, 16212394=1, 25579143=1, 29060274=1, 179307=2, 13363196=1, 4589428=4, 30564616=1, 515986=1, 12066446=6, 28982138=4, 26325963=2, 4063093=1, 18802416=1, 32338141=1, 5331652=1, 3505179=1, 28638041=1, 6857338=2, 8956437=2, 17945911=1, 30944586=6, 8890535=2, 1021609=2, 19440705=2, 25214886=2, 30837173=2, 16651570=4, 18965792=1, 14959695=1, 13784271=1, 10343475=1, 27772527=1, 10595408=2, 33543532=1, 17306197=6, 31523910=3, 4908409=1, 25945027=1, 6523745=2, 6152010=1, 5650303=4, 17535477=2, 25426043=1, 14877720=3, 16123992=4, 21863901=2, 3579409=2, 134456=4, 5015718=2, 26667930=1, 653935=1, 30305125=1, 6461130=2, 14515562=1, 5738904=2, 17305779=6, 26632148=1, 28917876=1, 11578936=2, 4883594=2, 8992574=3, 22570425=1, 1827307=1, 6331930=2, 7403497=1, 24183637=3, 29216430=1, 15161324=1, 1394506=1, 22997369=1, 5631126=1, 19560842=1, 17200431=1, 19636306=2, 16172595=1, 15016636=3, 12617835=2, 8561452=2, 20369526=1, 31019589=1, 2279952=1, 21872017=2, 14610850=1, 16250934=1, 14328850=2, 25902357=3, 25239452=3, 30568677=1, 29159711=1, 25881848=1, 15375197=2, 6406413=1, 31901805=1, 14157283=6, 30016867=4, 22313414=1, 29606605=1, 2068888=2, 31155506=1, 27039267=2, 21561338=1, 2835214=1, 20638654=1, 13542035=2, 16789638=11, 22964591=1, 28327095=7, 23244834=2, 343896=3, 21731706=2, 3548042=4, 31440000=2, 29923937=2, 3735220=1, 29829400=3, 22285765=5, 10540290=1, 23098125=1, 30024706=4, 15165521=1, 24381587=5, 10462600=2, 18596076=1, 24778077=4, 1495271=1, 24507945=1, 20238363=1, 29144769=2, 18683247=3, 3293039=4, 25417773=1, 21783373=1, 31779994=1, 20610367=1, 22306609=1, 26315466=2, 12738959=1, 32414581=2, 27201782=3, 17228986=1, 23616193=1, 31107530=2, 4313241=1, 32258190=5, 17239742=3, 8324628=3, 8919571=6, 29081076=2, 20839726=1, 28679166=2, 22364179=1, 8539374=1, 10642658=1, 30636601=1, 18855906=2, 2000999=2, 21601926=2, 9573539=4, 5436075=1, 4807995=1, 14237780=1, 3996575=1, 11780493=1, 9165465=1, 23615789=1, 11632010=1, 30543997=4, 7939241=3, 11016291=6, 2262295=2, 29287331=1, 877403=1, 1886362=1, 12076071=1, 16950723=2, 7696438=1, 11703751=2, 22833247=1, 22623027=3, 27459510=1, 21951714=1, 32642810=4, 12006875=3, 24886670=2, 32869273=2, 27082705=3, 7655699=1, 18007181=1, 10420901=3, 13529917=1, 2793118=2, 13382674=5, 33251962=1, 9865813=2, 6925895=2, 33221347=1, 21078794=2, 4742573=1, 7700256=1, 21772491=5, 12921864=3, 16190405=3, 3321921=2, 8696148=2, 8710569=1, 26626446=1, 23829141=2, 2787270=2, 31987488=6, 2002780=2, 2336927=2, 7219068=4, 32822506=1, 8353211=1, 1574203=6, 2982325=2, 19560589=1, 8091729=1, 5945450=2, 32617343=2, 33218551=1, 11180862=2, 31566382=2, 22206370=1, 29126131=1, 262479=5, 21329372=1, 4694293=2, 5286166=2, 21907755=1, 27126321=1, 5664276=1, 25124702=1, 29618670=1, 836038=1, 31280636=1, 6784440=2, 16164508=2, 4100828=2, 2308888=3, 20672591=1, 22212733=1, 7266414=1, 9469452=1, 20066706=4, 1512464=3, 26033759=3, 5333894=1, 6319759=1, 24335919=1, 29061809=1, 26499856=1, 14023764=1, 7081090=5, 11839814=2, 1837392=5, 3559668=1, 24418684=2, 11687463=1, 1937187=2, 26874844=4, 25468131=2, 16504987=1, 5533899=1, 26448480=2, 23170952=2, 31023946=1, 14430266=5, 18012145=1, 22615790=3, 10192861=2, 7566728=1, 25568617=4, 15070413=1, 25500524=3, 23655373=1, 10409717=1, 27044546=2, 1621173=2, 20538800=1, 27790784=6, 17682677=1, 14620250=3, 23257221=1, 28154603=2, 3927034=1, 616053=1, 7410281=3, 21588949=1, 5749542=2, 8492274=2, 14806782=1, 24487380=2, 27471805=3, 20369121=1, 25100984=3, 9934792=2, 22226551=3, 9458902=1, 6415850=1, 25176505=10, 21409972=2, 21664495=2, 2788830=2, 1079500=1, 25535699=2, 4024445=1, 1940521=2, 24448714=3, 26724078=1, 31121144=1, 33307627=5, 6409812=1, 13152693=2, 5334383=1, 160829=1, 30904883=2, 14931786=1, 29596314=2, 26113058=1, 17121608=1, 16400512=1, 30370941=1, 24216396=2, 14669493=1, 13436464=3, 13713201=3, 11838566=2, 7862457=1, 13634636=7, 1234051=1, 22247711=1, 25501506=3, 23144230=3, 1305972=1, 19667812=5, 29737449=1, 28145291=1, 31835780=1, 5175770=1, 29780439=1, 23864196=5, 31790144=3, 33209711=2, 7213557=4, 14171279=6, 14754467=3, 28482730=2, 18235314=4, 18359662=6, 2407608=2, 12043443=1, 29845658=1, 32385009=4, 10984061=2, 28699054=1, 20257899=3, 30768242=1, 30745206=3, 24017340=1, 1204400=1, 10414470=1, 3696704=1, 21651787=1, 2850648=1, 10175279=1, 3410268=5, 25736695=2, 8158650=1, 5729511=1, 10361193=4, 12837867=1, 8541592=1, 4753125=2, 30859812=1, 580335=1, 28208627=1, 20531542=1, 20489941=2, 27185477=1, 17797519=2, 28323492=7, 21349297=1, 32194499=3, 14652468=2, 24361109=2, 4838370=1, 3697466=1, 5336174=1, 25812571=1, 169449=2, 17691584=1, 10147595=1, 15639329=2, 30419707=7, 25056813=1, 31265060=3, 10165164=3, 16944057=2, 17057041=1, 15285278=3, 9837927=4, 21698123=3, 5958323=1, 9539034=2, 3953169=1, 24006995=1, 12843818=1, 20262194=3, 611666=1, 29112863=5, 8747757=1, 2097563=8, 13194053=1, 742751=1, 3002690=1, 23348312=1, 4737845=1, 13328795=1, 30445097=2, 20490190=2, 19129640=1, 2914148=1, 1751069=2, 7722665=1, 29598778=2, 3412110=5, 24022788=2, 27899742=2, 4165642=2, 31656554=3, 23078140=8, 27537952=5, 16189762=3, 10828451=3, 12443016=1, 16956711=2, 23528074=3, 6460985=2, 14633648=1, 21265124=1, 28054442=5, 15396722=1, 14098353=3, 27074852=3, 5607485=2, 1451658=4, 9537722=2, 5899442=4, 15419207=1, 5355451=2, 12191386=4, 3221170=3, 20807454=1, 27696006=2, 33194727=2, 30546123=4, 13110214=6, 31252277=1, 16116949=1, 29717362=1, 26930211=1, 22655296=2, 12254986=1, 1538196=1, 6847273=1, 29191711=1, 3753964=1, 25446573=1, 31481090=1, 8193364=3, 6287842=1, 27904446=1, 26942303=3, 8507587=1, 16002370=5, 2760354=4, 30087903=3, 8012079=1, 11949378=1, 5373984=4, 32834970=3, 30636616=1, 6063977=2, 24934751=1, 12202472=4, 12997246=1, 23708821=1, 18419755=3, 25453682=1, 6174717=4, 15770353=2, 21348480=1, 23050561=2, 18101876=5, 16470861=1, 5951133=1, 17884178=1, 14161017=6, 620931=1, 5429933=1, 15970716=2, 32751007=2, 7469022=1, 20549882=2, 4628837=2, 4951922=2, 381221=1, 26055150=2, 16110030=1, 27782417=1, 10060349=2, 30349725=3, 5960564=1, 1578020=6, 8401395=10, 8502033=2, 12415026=1, 26133372=1, 17392327=1, 22425756=4, 17941474=1, 19064508=1, 27116695=1, 32898621=1, 29581787=1, 25401=1, 21654181=1, 14834284=1, 18304928=1, 9850056=1, 30509271=2, 25154654=1, 13952029=1, 138524=4, 32664220=1, 6063320=2, 25222284=1, 14704275=1, 11359107=1, 32243404=1, 16934508=1, 30438402=1, 13522753=1, 23212364=4, 32585589=3, 16380121=1, 32028335=2, 5256971=7, 8602088=1, 11271966=1, 26713705=2, 8264064=4, 26099735=1, 2094347=1, 3130846=1, 6639458=1, 9226436=1, 18117105=1, 27610987=1, 9373943=3, 31863209=4, 5881002=2, 13860500=1, 25569323=4, 15967000=2, 15579296=2, 1358828=2, 17190855=1, 26309528=1, 29473370=2, 18291272=3, 27990484=3, 18555250=3, 29090690=1, 13475607=2, 546296=1, 310730=2, 9494428=1, 25293573=1, 3318222=2, 1160905=2, 12710869=1, 18423601=3, 10019337=1, 17343507=2, 28154731=2, 32753387=1, 16110504=1, 30630260=1, 30689722=1, 24099600=2, 3000363=1, 26666349=1, 21829217=3, 10743610=1, 31226927=1, 6879198=1, 25376193=3, 7335735=1, 19898739=2, 18081058=1, 11761580=1, 9537397=2, 25671370=2, 9637445=3, 30387257=2, 12337299=1, 26776100=2, 6907232=1, 6319558=1, 11326088=1, 8992222=3, 4266969=3, 21379050=4, 619520=1, 11638960=2, 25455625=1, 2929780=2, 8873601=1, 12465779=4, 16344907=1, 16779410=11, 16832126=1, 12054184=1, 28756155=1, 29196930=2, 6455168=1, 19946351=1, 1018447=2, 8215061=1, 21640874=4, 22242799=1, 18092283=5, 16312112=1, 18840916=1, 1641703=3, 16582578=3, 25764816=3, 26846040=2, 14080917=1, 20142560=1, 32959684=1, 1692793=1, 33310158=1, 11317778=2, 27855186=3, 13728780=1, 21687697=1, 3571506=1, 80580=3, 31636380=2, 12894237=1, 18106010=1, 28642809=3, 27360331=1, 32067185=1, 4854299=4, 12491431=2, 24839901=3, 418385=1, 8042263=2, 12947306=2, 17200591=1, 30222008=3, 28455024=4, 24542708=1, 15687469=1, 31768790=1, 8718802=3, 26151495=3, 16955149=2, 19982944=1, 15562267=1, 28125722=3, 11648458=2, 17612316=2, 13771691=4, 33390647=2, 33012350=2, 2728520=2, 13673550=2, 10493835=8, 12968951=1, 2455932=1, 32643180=4, 23151323=1, 23458805=1, 5580628=3, 12359328=2, 1694471=1, 18028729=3, 28497523=1, 32530758=1, 27867077=3, 4000550=3, 11257605=1, 17612756=2, 17196096=1, 11332798=1, 26362185=1, 27233039=2, 32474311=2, 2286422=1, 13038510=1, 20329519=4, 2912264=1, 668130=4, 31631524=2, 28066837=1, 10695293=3, 16940351=1, 27463260=3, 21891327=4, 31664761=3, 22978158=2, 7399740=1, 6153728=1, 12436640=1, 23742348=1, 4860506=4, 26887365=1, 16144677=1, 28729175=1, 8450206=1, 2101638=8, 28406497=1, 2616969=1, 2120955=1, 30032247=1, 21430534=3, 3347824=3, 22795988=1, 25078747=2, 6387410=1, 27082278=3, 26593120=1, 12081459=1, 28418434=2, 21838706=3, 23661545=3, 24862406=1, 30073553=1, 24744085=2, 19232390=1, 28874593=2, 31680372=1, 15519843=1, 18731621=1, 9811585=2, 22832487=1, 17499621=3, 5627355=1, 6210984=1, 12292216=2, 2564098=3, 30656120=1, 3439235=1, 7379934=2, 18634106=1, 30797072=1, 25972331=1, 4418879=1, 16642930=1, 10751584=5, 7945843=3, 19183120=2, 22595562=1, 18380367=1, 818020=1, 26820022=3, 8197251=3, 21187408=1, 5051045=3, 14172302=1, 33335286=2, 10074316=2, 8167580=2, 7894985=1, 3235952=1, 17716158=1, 30158609=5, 18266881=2, 5374385=4, 3354512=3, 20154558=2, 31511777=1, 29740375=1, 11496034=1, 30726480=1, 11392794=1, 21418097=1, 23617124=1, 9308390=4, 30966969=2, 13648020=1, 29638816=1, 11845005=2, 33371943=3, 634081=2, 22948469=4, 11348465=3, 9966603=6, 10847169=2, 33543087=1, 24056827=3, 21263303=1, 1216122=2, 23988839=4, 14258863=2, 9827204=1, 14032254=4, 27549306=1, 21736699=2, 18964481=1, 20153553=2, 7902380=2, 11247242=2, 4184840=1, 15398782=1, 9936213=2, 4570636=2, 15151688=3, 13703471=3, 27213738=3, 20444471=1, 14518195=2, 31382194=1, 7020410=3, 24123464=7, 22664744=1, 14336740=1, 5975521=3, 21390716=1, 26869487=1, 22877584=3, 21807780=1, 20205894=1, 16072885=1, 29065948=2, 94405=1, 2311269=1, 21594775=2, 19143019=5, 21933968=2, 19524594=1, 6494001=3, 21356740=1, 22184082=2, 7417370=3, 11584477=1, 30925879=1, 14883472=3, 12332493=5, 10990918=2, 30621968=1, 29975456=1, 31875015=1, 3797602=1, 7142437=1, 29096933=1, 20079368=1, 20564858=1, 8199412=3, 1330561=1, 8289257=1, 19301416=2, 9009845=1, 20583327=4, 14645834=1, 29444012=1, 9272141=1, 8751737=2, 22482672=3, 9593061=1, 28674330=2, 7032284=1, 765540=2, 32281355=2, 28078272=1, 6229251=3, 10024246=1, 2870642=1, 17594990=1, 19943515=1, 16710278=1, 3071306=1, 13114147=6, 13999814=2, 7550469=3, 29376730=1, 23304574=2, 1901894=3, 5957595=1, 26862736=1, 1715414=4, 28307611=1, 1980206=4, 21089280=1, 20944339=2, 29049290=1, 5857387=1, 29863228=2, 4792756=3, 32433790=1, 11945347=1, 14381249=1, 29370801=9, 21494094=1, 7758443=1, 23307337=2, 33433971=4, 32252037=5, 123197=1, 7583293=2, 31064552=4, 2040907=3, 1030818=2, 2583805=1, 31642313=1, 23010736=3, 29958283=3, 22980420=2, 25446593=1, 26015337=1, 5742785=2, 17946023=1, 22305622=1, 19062806=1, 19413927=6, 329938=3, 4770142=1, 9445642=7, 26834670=1, 21754779=1, 15596472=1, 14140209=1, 15457852=1, 2369154=5, 2025824=1, 19201417=1, 24759688=1, 2917077=2, 8312500=1, 20164695=2, 30395423=1, 4602352=4, 13671984=2, 11228339=1, 31503304=2, 11806790=5, 3523903=1, 31265414=3, 18452279=2, 2288107=1, 2566273=3, 30375170=1, 4898892=1, 4468158=5, 3141032=1, 25828492=4, 25448811=1, 28617828=2, 28141340=1, 30000472=1, 31137122=3, 2205799=2, 21307041=3, 7937461=3, 30398094=1, 1491686=1, 17900591=3, 335441=3, 20074570=1, 26889564=1, 4935522=1, 10026595=1, 31770115=1, 13239291=4, 23104249=2, 31215127=1, 813323=1, 30062841=2, 10220966=1, 31918160=3, 16104115=2, 30073589=1, 4834292=1, 32777911=5, 17683345=1, 28894296=1, 14558163=4, 12381597=1, 14811825=4, 7046665=2, 23715370=1, 25919329=1, 27113071=2, 21817304=1, 20579051=4, 28514733=3, 28546637=2, 11412635=4, 18456832=2, 5689682=1, 6929556=2, 2055010=1, 5248049=7, 6363121=3, 23022751=1, 19270650=4, 4715447=1, 32734728=1, 20055952=4, 5765425=1, 23180425=2, 17322580=1, 11978298=1, 24871576=2, 32667169=1, 11528457=1, 22310988=1, 3647417=2, 18133508=2, 11873303=3, 28951229=1, 19929892=7, 30551795=4, 20703543=1, 5930615=1, 2730=12, 5445141=3, 16089878=2, 5050083=3, 7834631=2, 23547909=1, 15123323=1, 31798626=3, 31393008=3, 10412440=1, 20058566=4, 15671215=3, 16194831=3, 9109283=1, 28694521=1, 18133903=2, 3811503=4, 21059289=1, 28525315=1, 26625109=1, 23904207=2, 30854702=1, 26236556=1, 21727905=2, 29015525=2, 15831745=2, 17122799=1, 4022443=1, 16618793=2, 3971111=2, 31884604=2, 32118981=4, 15940390=3, 10201259=2, 32887823=1, 23532051=3, 13400276=1, 15567925=2, 5873448=2, 26134177=1, 21643254=4, 33325146=2, 6833286=1, 23213491=4, 354186=1, 9073074=1, 8607768=1, 614791=1, 1997536=1, 11613795=3, 8348835=1, 32674219=2, 24871383=2, 26021060=3, 797104=5, 22643714=2, 32026595=2, 2626927=6, 17152734=2, 73530=3, 23592762=1, 2308567=3, 18423802=3, 10514800=1, 11622927=1, 24100870=1, 26460462=1, 6339973=2, 28619139=2, 28742754=2, 20852200=4, 5467278=1, 1723339=1, 32311522=3, 17195755=1, 28929033=1, 21446820=1, 9616841=2, 8557979=2, 29698877=3, 14739555=1, 19525700=1, 2246249=1, 13997900=2, 12838842=1, 9072278=1, 8672068=1, 18635154=1, 31366132=2, 9116335=3, 17028231=1, 8404039=10, 13414654=2, 126436=1, 33277320=1, 12289869=2, 30025664=4, 15414013=3, 12070633=6, 20135697=3, 19631662=2, 28130716=3, 31760670=2, 13323866=1, 24111939=1, 26095581=4, 24076843=1, 2836673=1, 31818878=2, 4120405=1, 4954156=2, 25757081=3, 21864777=2, 5875529=2, 30740783=3, 24316775=3, 20058719=4, 25390680=1, 6648420=1, 14120383=1, 26799047=1, 25825003=4, 3482198=3, 1793469=1, 31411703=1, 5186318=3, 24545808=2, 7740300=4, 23674091=3, 10475906=1, 3351933=3, 28039534=1, 10420807=3, 8034407=2, 8418251=1, 13081583=2, 30226465=3, 2054929=1, 5080547=2, 8276051=1, 2463658=2, 8264102=4, 30465129=1, 24955761=1, 24121223=7, 9116485=3, 30392900=1, 10798074=1, 20312245=1, 5560784=1, 23835818=2, 21500760=6, 8272860=4, 5184546=3, 32512336=7, 15598032=4, 40803=2, 20352893=2, 26382471=2, 13167839=1, 27879415=1, 15431689=1, 30843043=2, 24122034=7, 4618823=1, 28945059=2, 28718609=4, 4032533=2, 4890106=2, 32426311=1, 27965037=2, 20930960=1, 31735421=5, 3735010=1, 18962992=1, 32279088=2, 5640277=4, 25249029=1, 16319584=3, 16717233=3, 4843830=1, 16256908=6, 28834429=1, 6459646=2, 14530420=2, 22055273=2, 3362945=1, 18858285=1, 21833670=3, 7656227=1, 32781384=5, 15062866=1, 19239849=2, 10545653=1, 16336315=1, 13199556=1, 15618527=1, 7368820=1, 6152155=1, 2583321=1, 25874484=1, 14890370=3, 22301494=1, 27125776=1, 19734863=3, 18370707=1, 17259364=1, 27833692=2, 3793501=1, 6519110=1, 31921421=3, 12031288=2, 20598979=1, 31742434=1, 8843509=1, 11793477=1, 2114649=1, 22617704=3, 12255621=3, 29229652=4, 20392578=3, 8697603=2, 31675494=1, 21425908=1, 28056189=5, 25045161=4, 14501641=1, 27351867=1, 24474089=1, 14497899=3, 2528634=2, 24306551=1, 31673246=1, 28448021=4, 10092087=1, 13159990=1, 8290080=1, 7710776=2, 30202343=1, 4358326=2, 11292050=1, 24803963=1, 7713539=2, 26014270=1, 14697120=1, 26151619=3, 20283131=1, 19615882=1, 1810706=2, 5755682=1, 30856167=1, 6179628=1, 2616767=1, 28914749=3, 23136314=3, 15464901=1, 32065678=1, 2041316=3, 18259867=2, 17157081=1, 11737751=3, 13033456=1, 3102555=1, 10003632=2, 2470827=2, 3258571=2, 11105977=1, 17116391=3, 20177800=1, 31994610=6, 26253311=2, 7946053=3, 26037384=1, 2124440=1, 11656800=1, 15935776=3, 20531731=1, 6737285=1, 30157468=5, 18884479=8, 11527670=1, 3166425=1, 26232854=1, 13831187=3, 6503369=3, 29814971=1, 23100014=1, 19857220=1, 24032112=2, 25108820=3, 31157200=1, 18096070=5, 8721033=3, 33528242=2, 7556541=1, 3139199=1, 17549579=1, 13097535=1, 26876817=4, 10960974=1, 316677=1, 20558742=2, 9301378=1, 24464231=1, 31533706=3, 128210=1, 27389852=1, 26362182=1, 15183458=2, 29122749=1, 6970978=1, 22839803=2, 2298506=3, 6676789=1, 32991617=1, 9708169=5, 1069861=1, 23681116=1, 12663046=3, 20729084=1, 15487407=1, 23569939=2, 15582292=1, 25064902=1, 16152111=1, 27821217=2, 20205386=1, 33018456=1, 12325274=5, 10219317=1, 13632274=7, 18758082=4, 29216762=1, 18253155=2, 5002833=1, 16450927=3, 24515510=4, 1169941=1, 13804890=2, 27131246=1, 11224722=1, 30086303=3, 15226661=1, 16638628=1, 24676564=2, 31094965=1, 4305623=2, 13943512=1, 29072022=2, 27817925=1, 17448205=4, 11363289=1, 16211798=1, 55976=1, 8220810=1, 7640459=2, 9963547=6, 20159743=2, 18264692=2, 15154=14, 15539053=3, 26457333=2, 20248423=1, 20664746=1, 32464942=1, 28328269=1, 28225564=2, 33500089=3, 15144489=3, 12080979=1, 29388092=1, 32056398=3, 20161244=2, 27599815=3, 1449896=4, 148682=1, 16566065=1, 28559674=1, 25802749=2, 20569755=1, 11824318=1, 27099129=1, 15861630=4, 33463402=2, 21761744=5, 7781652=2, 8779095=1, 31451171=1, 24100503=2, 24867940=1, 316432=1, 29303163=3, 10281121=1, 19773892=2, 10566102=3, 5982702=1, 32766161=1, 4473786=1, 8507871=1, 1105575=1, 8747327=1, 5596626=1, 14381292=1, 14036765=4, 17963932=4, 8928419=6, 3539790=4, 29511652=1, 23042093=2, 19969132=2, 24678324=2, 16381941=1, 30229717=1, 14865374=1, 16794745=1, 8234633=2, 21000173=1, 6061884=1, 26543991=3, 10347394=1, 3408196=5, 18015078=1, 14711649=1, 467008=3, 26903683=2, 31496891=2, 22102492=1, 7127861=1, 27736101=3, 3596994=1, 30571559=1, 14949088=5, 3006228=1, 31285463=1, 28433071=1, 24409359=1, 24656332=6, 23605590=6, 23333958=5, 15171105=1, 5188624=3, 29668686=2, 22704282=1, 2776=13, 24117886=7, 6926925=2, 5792148=1, 16654145=4, 7440013=2, 23046511=2, 10447056=1, 31687467=2, 13400002=1, 4443107=1, 10359916=4, 7830839=1, 8672685=1, 9167597=1, 12840175=1, 32658971=1, 819479=2, 29044946=3, 6205245=2, 24083588=1, 12830377=1, 31018127=1, 30200436=1, 3997980=3, 19328694=1, 19842410=1, 8668208=1, 14503754=1, 10322464=2, 12149696=1, 18911831=2, 31193347=1, 10732658=1, 20089779=2, 6632969=3, 29807029=1, 4569707=2, 3008777=1, 18792578=1, 1108621=1, 135267=4, 11228896=1, 6610051=1, 15672819=3, 11113102=2, 17168859=1, 21632768=4, 31564039=2, 4097232=2, 4030017=1, 13196572=1, 8839816=1, 17566736=5, 9815165=1, 31402540=3, 30316493=2, 25505561=3, 8241005=2, 6694156=4, 26855585=1, 13457903=1, 12288714=2, 31657356=3, 789005=5, 32375954=4, 26319311=2, 4146358=1, 19421628=1, 10133250=2, 31936145=1, 25617782=1, 11574222=2, 5015165=2, 30414111=7, 23581189=1, 17303516=6, 10273917=1, 18710405=1, 9470738=2, 25466875=2, 10233717=5, 2396194=2, 23679388=1, 19983560=1, 2220225=1, 28395211=1, 11776139=2, 21888796=1, 16676737=1, 27592852=3, 25398123=2, 15834508=2, 15450144=1, 8431360=2, 9428197=1, 21916291=1, 4758767=2, 31116564=1, 24009702=1, 20739866=1, 9048092=4, 14823944=4, 21938033=2, 17684801=1, 2078247=2, 19831690=2, 31793815=3, 7384827=2, 7930974=3, 4399875=3, 11018058=6, 8508297=1, 15219267=6, 24913817=5, 18660959=2, 8732970=1, 22771758=1, 30969155=2, 29996190=2, 9526845=1, 26419261=3, 9998849=2, 6704069=1, 23242358=2, 1115685=3, 3726270=1, 32430463=1, 14930879=1, 8188103=1, 8355586=1, 18251262=1, 10766371=1, 27319228=1, 21352018=1, 29358625=1, 12141320=1, 1963516=1, 7783351=1, 25982412=1, 29595607=2, 25496182=3, 17173279=4, 32787290=1, 29910980=1, 4046517=2, 32475624=2, 27923551=4, 28874614=2, 1282632=2, 24947834=2, 16776269=1, 8503114=2, 25099653=1, 30359391=3, 30062899=2, 9322284=4, 28929065=1, 30956050=1, 9850632=1, 11049079=2, 11685901=1, 29499862=4, 14458609=2, 32401237=1, 14203209=2, 32444836=3, 8705592=1, 1535268=1, 20423018=2, 27574502=1, 29537145=2, 21723635=1, 31061443=1, 25040164=4, 6161540=4, 32196116=1, 32380956=4, 13343827=2, 30723220=1, 33236885=3, 10382771=1, 22743861=3, 22705577=1, 28225464=2, 13015243=2, 5049804=3, 1153853=2, 4461393=5, 23165410=1, 22084273=1, 6974325=1, 11216898=3, 30601143=1, 18160036=3, 16670742=1, 1611720=2, 2236018=4, 8191186=1, 5229701=1, 6125714=1, 30108638=1, 18252117=2, 3957985=1, 20372539=1, 29207824=2, 5940071=2, 12449802=1, 26188720=2, 28845003=6, 9958496=1, 6587789=2, 30278815=4, 15079601=4, 29260618=1, 23087354=1, 24892325=1, 28448254=4, 3313830=2, 12213666=1, 17194756=1, 5717151=3, 12182377=1, 29652265=1, 6639826=1, 25344399=2, 32813950=2, 14932929=1, 5214417=2, 11020716=6, 11779667=2, 10616643=1, 30944032=6, 15759138=1, 11557315=1, 33311546=1, 31232228=2, 30498712=1, 26676643=3, 9133290=1, 7756993=1, 10473160=1, 23810589=1, 15846095=1, 12786220=3, 27437258=2, 27011265=5, 1438255=1, 28598617=1, 12118471=1, 4584389=1, 13826954=1, 27391064=1, 22895463=1, 6170338=4, 18585444=2, 15334240=1, 27285726=1, 21234810=5, 27342014=3, 20383563=3, 23300737=2, 5240261=1, 13769345=4, 30760837=1, 23331373=5, 7943841=3, 30783523=2, 16353493=2, 25827450=4, 8065391=3, 5267327=1, 32408996=2, 32777005=5, 23995250=4, 21472473=2, 19347361=3, 15835002=2, 8747020=1, 30504506=1, 30780760=2, 3920426=1, 6952234=4, 1280519=2, 4576954=1, 3106236=1, 3355060=3, 8354396=1, 18360674=6, 25759286=3, 5088758=2, 24159715=2, 8207469=3, 5813868=2, 7501898=1, 16427955=2, 32869785=2, 28486721=2, 21544151=2, 33304589=5, 13135895=1, 7661667=1, 19021439=4, 32762401=1, 32022255=2, 19654941=1, 22140741=1, 14040134=4, 852753=3, 2016804=1, 22225036=3, 27539489=5, 4328256=4, 6009274=2, 15991835=5, 17120273=3, 16732313=1, 32299714=1, 14276336=1, 4390379=1, 19041113=2, 24965408=1, 20978445=9, 17416084=2, 14956107=5, 15077920=4, 4738881=1, 28979298=4, 17545361=2, 30671521=5, 12614120=1, 28778407=3, 12018302=1, 29288816=1, 6264744=2, 5418568=2, 25312456=4, 21448512=1, 5334666=1, 25105148=3, 18614229=5, 8722174=3, 26565156=1, 19680505=1, 31276211=3, 25122006=1, 7098756=1, 12980234=4, 18294419=3, 11651669=1, 20948845=2, 6909844=1, 21401887=2, 891463=2, 15471409=5, 31191239=1, 26969940=2, 19973534=1, 9343722=2, 17705768=4, 15708245=2, 719926=1, 7064841=1, 4977403=1, 32076551=1, 29073847=2, 12022518=1, 25492509=1, 1254033=3, 27445495=1, 28803323=2, 7036362=1, 31106279=2, 3768523=2, 8271652=4, 3863057=1, 403901=4, 25059089=1, 20108203=1, 24581201=3, 28801621=1, 12289883=2, 27656022=1, 3948269=5, 22380891=2, 16683677=2, 27981358=1, 14118094=1, 6807941=1, 8595624=3, 33500888=3, 24538682=1, 8159152=1, 29511810=1, 15985272=1, 30056902=2, 11172817=1, 18362576=6, 17180848=4, 32904546=4, 22978182=2, 6759902=3, 25886177=1, 608084=1, 881570=1, 20373833=1, 1345788=2, 5648148=4, 7959506=1, 23222567=1, 27767801=2, 30168587=1, 33312246=1, 7477696=4, 23931153=3, 20991686=1, 32709197=3, 9450717=7, 30337530=1, 29135892=2, 15653283=1, 2024642=1, 993133=3, 12675863=1, 19462672=1, 9331698=1, 24491913=2, 12448048=1, 24047436=1, 11322677=1, 18343785=1, 7610603=5, 4857423=4, 29897224=6, 18556892=3, 28121944=3, 18508413=1, 4818702=2, 32624782=1, 29214401=1, 15129378=1, 11736714=3, 26662198=1, 28835204=1, 19995328=3, 18558702=3, 6604031=1, 15822144=1, 2678762=1, 2758907=4, 26331707=1, 31608339=1, 14234967=3, 6347527=1, 9782903=1, 28540260=1, 2148200=1, 4679816=1, 19995238=3, 18691343=3, 31324391=1, 27318579=1, 32657406=1, 24316748=3, 7805333=3, 686599=1, 26860174=1, 10527999=2, 2874282=1, 20411128=1, 7499832=1, 25750439=1, 3476725=3, 18634725=1, 10725982=2, 31662127=3, 1942790=2, 12853629=5, 14162281=6, 14171746=6, 19200778=1, 28084482=2, 26463948=1, 32904610=4, 20928402=1, 6350272=1, 11820500=1, 21273564=2, 9572038=4, 33304116=5, 2320742=1, 19928387=7, 19206237=3, 19435632=2, 27961145=2, 8211344=1, 3987571=1, 23445112=2, 21608483=2, 1023609=2, 13818287=1, 17991214=2, 3325467=2, 17663937=2, 24677886=2, 18886951=8, 26398120=1, 15679117=3, 10296041=3, 23681647=1, 27657774=4, 23177209=2, 1821992=1, 20887070=2, 2616903=1, 13138499=1, 10119616=1, 1305190=1, 25205078=2, 11060971=1, 19207793=3, 3818526=1, 24926145=1, 10652851=2, 10602145=1, 28832012=1, 32181054=3, 17772124=3, 21465=1, 19812135=1, 30522115=2, 23554730=1, 23361=1, 10964092=1, 16763006=1, 28726889=1, 14819902=4, 4608476=1, 7342073=7, 18751034=4, 10281588=1, 13167268=1, 23490382=1, 4526725=3, 11642625=2, 15656417=1, 7473265=4, 7439696=2, 2343945=1, 9443174=7, 8374477=1, 16189556=3, 3396676=1, 9028813=1, 2633065=6, 16077806=1, 24317880=3, 10210143=1, 26634761=1, 3954378=1, 13012231=2, 23231403=1, 7218256=4, 20525930=3, 13299847=1, 33202482=2, 31450177=1, 12345177=1, 6630790=3, 7968299=2, 5378945=4, 5646205=4, 14676089=1, 28768950=1, 438659=2, 29524771=2, 16626961=2, 12680025=1, 26224267=7, 11595384=1, 13644266=7, 8725700=3, 5755312=1, 9529543=1, 27288611=1, 18384652=2, 30446770=2, 8465536=3, 16545443=1, 29701155=3, 702837=2, 9533814=1, 6538060=1, 7686936=1, 30072141=1, 23147982=3, 16531347=5, 10961475=1, 16918810=4, 2049169=1, 28633221=1, 9872608=2, 2795683=2, 7863899=1, 1751132=2, 18138628=1, 7803136=3, 12430508=2, 28581339=5, 21686376=1, 23357883=1, 21086934=1, 20455410=6, 29654132=1, 32824243=1, 24187171=3, 14015899=1, 10547462=1, 32962010=1, 17794030=2, 29974637=1, 27085999=1, 33538543=1, 30233412=1, 23840072=1, 29732131=2, 16006868=5, 15152478=3, 11368396=1, 8409133=1, 9835864=4, 31038419=2, 9703769=5, 22203577=1, 26164135=3, 8120175=1, 286067=1, 16789203=11, 16322706=3, 23496066=2, 17009707=2, 160451=1, 19816602=1, 19468011=3, 20990474=1, 4994146=5, 2379059=1, 28590689=1, 4642361=1, 13714520=1, 3847442=2, 19310519=2, 12186597=1, 25057491=1, 17675329=2, 11536738=7, 26750987=6, 3501179=1, 11652067=1, 1243695=1, 3157966=7, 28931191=1, 10682189=1, 5440803=3, 18211148=1, 6210671=1, 835415=2, 350458=1, 27001313=5, 15475257=5, 5597253=1, 14918328=2, 9343963=2, 26193764=2, 29851190=1, 19402706=6, 4015539=1, 5061845=3, 16668194=1, 3966366=2, 31514726=1, 2851386=2, 7775225=2, 21878537=1, 32300733=1, 6251810=1, 29114388=1, 2457400=1, 14309976=1, 8353710=1, 2202886=2, 20663002=1, 29307639=3, 1783628=3, 19046222=2, 6498813=3, 2277532=1, 26882228=4, 7469657=1, 18027025=3, 15189223=1, 10521325=2, 18868998=1, 11028113=1, 31195178=5, 19952307=1, 4479127=1, 11405540=4, 11916389=1, 15321421=1, 19610172=3, 32506447=7, 25883821=1, 21117490=4, 27221699=1, 4121417=1, 6161309=4, 29972663=1, 30556796=1, 24944290=2, 9772532=3, 17192137=1, 16719380=3, 6267189=2, 9391212=1, 24104051=1, 29170119=3, 26759012=1, 4977985=1, 24430140=1, 7000658=1, 32975895=3, 29118735=1, 1359594=2, 15187632=2, 18814494=3, 29541956=1, 14193822=2, 23348623=1, 29595138=2, 33456683=2, 27007528=5, 26769084=1, 32734703=1, 27278022=8, 11583633=1, 2459687=2, 17725430=1, 28179256=1, 26003883=1, 26083616=4, 16731906=1, 23017023=3, 18011390=1, 22784353=2, 1770471=3, 12425050=2, 2362840=5, 28173407=1, 25050704=4, 30891183=1, 32671815=2, 9167888=1, 22635175=1, 6526961=2, 6640932=1, 4510232=1, 27798356=6, 20800670=1, 5388052=4, 4050386=1, 25055735=1, 31522093=1, 21121482=1, 19538297=4, 20715871=5, 50325=1, 3999026=3, 11134601=1, 25999881=2, 13974370=3, 5808831=2, 9453487=7, 9629727=1, 4453807=1, 4158763=1, 16499364=1, 25028028=1, 16568224=1, 6825077=6, 23276624=3, 21009443=2, 13958732=1, 15042084=2, 32673679=2, 30915884=2, 1893576=1, 24373539=1, 25619461=1, 7029453=1, 2603954=2, 192352=1, 11783651=1, 10034636=3, 32959347=1, 3360166=1, 12569334=1, 20501371=1, 26071361=1, 19551766=1, 1450506=4, 1043144=1, 11072260=1, 5055558=3, 6098357=3, 16671969=1, 14031639=4, 26757272=1, 30238581=1, 841728=1, 15889129=1, 30070548=1, 20468252=1, 9321563=4, 11343400=3, 26767401=1, 22455467=2, 23101779=2, 27810812=1, 6622578=3, 3793965=1, 1425856=1, 9711074=5, 33005108=2, 26072363=1, 9125529=3, 15834420=2, 6219091=1, 25740949=1, 25119598=1, 16503659=1, 18850898=2, 10449943=1, 1440336=1, 32789346=1, 12684686=2, 27662571=4, 22792006=1, 25533230=2, 7559188=1, 9471572=2, 8491959=2, 7750507=1, 15710737=2, 21913268=1, 8578165=1, 10317215=1, 438057=2, 6161611=4, 27464271=3, 16602170=1, 28954523=1, 28195886=4, 5836645=3, 2307391=3, 30504174=1, 27648126=1, 11485983=1, 4435835=2, 33263781=2, 32248590=5, 9497704=1, 4940024=1, 28916116=3, 17209511=2, 29518935=1, 11801377=5, 5026107=2, 5228393=1, 15890458=1, 17018686=2, 16794072=1, 13116481=6, 5722953=1, 26499329=1, 960693=2, 28801414=1, 29019942=1, 24863722=1, 7096664=1, 7583545=2, 18605844=1, 22402331=1, 9442202=7, 32900393=4, 29444103=1, 21752132=1, 32439170=1, 2826918=3, 24405977=1, 15253108=2, 3300380=1, 6265539=2, 8375493=1, 16842797=3, 7622684=1, 22302707=1, 10119004=1, 27674037=1, 22901402=1, 7905283=2, 20764632=1, 24099716=2, 26603815=1, 23521486=1, 12883396=2, 31118542=1, 7459988=1, 5032521=1, 27651051=1, 11777783=2, 27657226=4, 21658902=1, 5756018=1, 23498864=2, 10502562=1, 4529919=3, 54851=1, 18752074=4, 23437381=2, 3419282=5, 18688178=3, 18050813=1, 29377894=1, 18303106=1, 4877628=1, 24084710=2, 14878828=3, 7271009=1, 29628890=5, 22645016=2, 8375307=1, 7341434=7, 1008811=1, 25402033=2, 27686952=1, 6197448=2, 23328549=1, 24412681=2, 6958077=4, 14193407=2, 29819960=3, 17521430=1, 30971075=2, 499894=2, 30605175=1, 24120019=7, 10250523=1, 22405220=1, 32252976=5, 11161114=1, 280164=1, 3038973=1, 8114546=1, 25308714=4, 14889640=3, 1404817=1, 21892762=4, 14429485=5, 26954251=1, 28350540=2, 17049268=5, 22799691=1, 6564591=5, 11547431=7, 16219559=1, 31474359=1, 7584721=2, 11005885=1, 31030500=1, 11955972=1, 26054112=2, 282229=1, 7215187=4, 12329061=5, 17779730=1, 32752259=1, 25221647=1, 33105425=3, 10293166=3, 3821900=1, 24495597=1, 3913478=2, 5663981=1, 19454403=1, 1518138=3, 28714190=4, 14907744=1, 8680987=1, 14696689=1, 13759192=1, 31712071=1, 2826725=3, 21727416=2, 25631188=3, 24107881=1, 7276676=3, 1355675=2, 8876669=1, 20646801=3, 21487396=1, 25336041=2, 29200409=2, 6746820=1, 3770649=2, 14050373=1, 6821165=6, 9695176=1, 28735022=1, 10166369=3, 16251722=1, 14301186=4, 1883166=2, 11308794=2, 26647662=2]}> but was:<...Prime: 6 register: {[17317432=6, 4608476=1, 8660517=5, 13958732=1, 15759138=1, 24053856=3, 28718609=4, 30296654=1, 2785190=1, 17994175=2, 11820500=1, 13315149=3, 30398094=1, 27686952=1, 30891183=1, 21093433=1, 19201417=1, 10473160=1, 4804026=1, 30504506=1, 2527270=2, 2000999=2, 3766357=1, 9074812=1, 25221647=1, 29400680=2, 32869273=2, 31440000=2, 19166554=1, 836038=1, 5618746=2, 29863228=2, 5631126=1, 6688667=4, 27832194=2, 2851386=2, 29229652=4, 28936171=2, 22978182=2, 31112766=2, 19206237=3, 23328549=1, 31243124=2, 16763006=1, 3770649=2, 26055150=2, 26991233=1, 1854224=1, 6251637=1, 18291272=3, 7587295=1, 6907232=1, 1615046=2, 19973534=1, 30375170=1, 31382194=1, 14697120=1, 20501371=1, 18911831=2, 8162574=2, 23496066=2, 6702204=1, 23835818=2, 32380956=4, 20423018=2, 922188=4, 5664276=1, 28698533=1, 12337299=1, 29702811=3, 4083757=1, 11134601=1, 27810812=1, 10500023=8, 874374=1, 10083691=1, 1876711=2, 5199827=1, 1695017=1, 3611196=3, 13763812=4, 19393993=1, 148682=1, 6770824=1, 11216898=3, 30564616=1, 27657774=4, 1023874=2, 15618527=1, 8507871=1, 7358664=1, 666533=4, 7640459=2, 26858922=1, 15325372=1, 3346874=3, 2148200=1, 32118981=4, 30522115=2, 14754467=3, 30370941=1, 30701877=1, 21827470=3, 33050611=1, 13038510=1, 9048092=4, 14098353=3, 32069016=1, 22980420=2, 15377180=2, 22350003=3, 6309041=1, 1074452=1, 20554601=2, 1128637=3, 2968787=1, 21542767=2, 28334876=1, 15794236=3, 2054929=1, 18074369=1, 16612991=1, 16534919=1, 17163266=1, 323304=1, 17009707=2, 11995144=3, 27375010=2, 25105148=3, 28225464=2, 24418684=2, 13964173=3, 15334240=1, 16571615=1, 22737936=1, 2459687=2, 10779906=1, 22212733=1, 18235314=4, 32671815=2, 19502772=2, 23528074=3, 28527309=1, 19917664=1, 32752259=1, 5826360=1, 5328293=1, 12491431=2, 26848299=2, 10295880=3, 835415=2, 31675494=1, 19538297=4, 510557=1, 25583725=1, 18802416=1, 28066837=1, 1895340=1, 21078794=2, 819479=2, 16642930=1, 19349421=3, 6174717=4, 9963547=6, 5415214=2, 18828048=1, 7711014=2, 26889564=1, 29287331=1, 15183458=2, 30607986=3, 5856622=1, 3721561=1, 1041513=1, 10034636=3, 19773892=2, 8989994=3, 17200591=1, 17178922=4, 1751132=2, 16542192=1, 15831745=2, 26769084=1, 29946471=1, 11862461=3, 22344654=1, 24009702=1, 18133508=2, 9182370=5, 27956686=2, 14890370=3, 18450738=2, 20108203=1, 23042093=2, 23679914=1, 1936435=2, 3735220=1, 6465668=2, 10447056=1, 31742434=1, 33053989=1, 3761862=1, 18242793=1, 8481088=1, 9215929=2, 21832496=3, 8207469=3, 25789997=2, 28855209=1, 1793469=1, 3207632=1, 18384652=2, 23904207=2, 24336365=1, 14551059=4, 20056516=4, 11613795=3, 15844371=1, 13990192=1, 28131564=1, 15791530=1, 7610603=5, 29170119=3, 20058719=4, 17209511=2, 13152693=2, 27821217=2, 28803323=2, 29372260=9, 21594614=2, 3347824=3, 13638276=7, 29541956=1, 25453682=1, 15070123=1, 30859812=1, 31863209=4, 30222008=3, 23135374=3, 32790834=1, 28545265=2, 9872608=2, 16144677=1, 13775626=4, 10347394=1, 24738245=1, 32293972=1, 26759012=1, 15012886=3, 31873418=1, 28538518=1, 8898962=1, 15123323=1, 8928419=6, 25401=1, 30837173=2, 17979214=1, 7556541=1, 15457852=1, 29904060=1, 16566065=1, 5934762=2, 33188509=1, 4190027=1, 10284005=1, 18360674=6, 30086303=3, 17018686=2, 12359328=2, 32742583=2, 17093498=1, 22302707=1, 3547234=4, 28767838=1, 19095553=1, 30745206=3, 634081=2, 10732568=1, 33371943=3, 4479127=1, 9533814=1, 7735322=4, 12493276=2, 18453204=2, 28525315=1, 21240469=5, 13610580=2, 12721894=4, 23768092=2, 25927262=2, 5234102=1, 24335919=1, 28824314=1, 25021291=1, 24122034=7, 4996115=5, 13033456=1, 24187171=3, 33060401=1, 8672685=1, 14113622=1, 31798626=3, 30974720=2, 8843509=1, 17341639=2, 17759418=1, 10990918=2, 25257711=1, 25923006=2, 33538543=1, 17448205=4, 23244834=2, 282229=1, 27599815=3, 16832126=1, 11779667=2, 11304246=1, 15325442=1, 28914749=3, 18015078=1, 17492193=1, 5085890=2, 20026891=2, 2219801=1, 18508413=1, 19946351=1, 32243404=1, 21561338=1, 26763360=1, 1394021=1, 10820833=3, 16471321=1, 30598229=1, 6934952=1, 24759688=1, 1578020=6, 15834508=2, 5334666=1, 3579409=2, 2429839=3, 20660713=1, 23300737=2, 12141320=1, 4834292=1, 29118967=1, 4100828=2, 6519110=1, 29910980=1, 31658791=3, 7583293=2, 27288611=1, 16002370=5, 19326908=1, 20411128=1, 28145291=1, 26790333=1, 24270255=1, 21151195=2, 25827450=4, 23640206=2, 6801513=1, 20435598=1, 30373313=1, 6665982=2, 5436075=1, 13781578=1, 14203209=2, 19326274=1, 16626961=2, 18011390=1, 31508675=1, 23760997=2, 30327058=1, 988024=3, 9262689=1, 32427416=1, 22795988=1, 10219317=1, 4890433=2, 17454413=1, 27351867=1, 12375676=1, 24043825=1, 26151495=3, 33012350=2, 15687469=1, 31393008=3, 7890102=1, 31835780=1, 22615790=3, 9373645=3, 6110460=3, 4679257=1, 26325963=2, 25944936=1, 29819960=3, 16789203=11, 6383257=1, 18499841=1, 4715447=1, 13879439=1, 3084865=3, 1907358=3, 6205245=2, 32408996=2, 3293039=4, 12407273=1, 32439170=1, 10420807=3, 16072885=1, 23809920=1, 32675664=2, 19581375=1, 29970396=1, 15915173=1, 10664607=2, 10595408=2, 26193764=2, 20373833=1, 17526957=1, 31137122=3, 12419772=2, 28307611=1, 25055735=1, 21907755=1, 8272860=4, 23793072=3, 22704282=1, 18751034=4, 11497180=1, 27998672=3, 436128=2, 31339520=4, 6587789=2, 18886951=8, 1209764=1, 280164=1, 3405402=1, 33465779=2, 2078247=2, 4438233=2, 8561452=2, 26700470=1, 3566951=1, 8215061=1, 20791631=1, 4890106=2, 1018447=2, 316677=1, 27745170=1, 24022788=2, 18259867=2, 18200011=2, 24121223=7, 26882228=4, 2914148=1, 24474089=1, 15305271=2, 17124687=1, 11966355=2, 23500437=2, 1692793=1, 26887365=1, 2183546=1, 26083616=4, 30601143=1, 14878828=3, 6704069=1, 23862909=5, 7781652=2, 30278935=4, 32252976=5, 10723546=2, 7542308=3, 24839901=3, 7655699=1, 27800809=6, 7379934=2, 19163652=1, 12430508=2, 32622010=1, 7552575=3, 21530063=2, 17499621=3, 23498864=2, 17143856=2, 3941675=5, 6474383=1, 29196930=2, 24705992=1, 5679058=2, 30072141=1, 11547431=7, 25280683=1, 31523910=3, 5188624=3, 2407608=2, 7067134=1, 31411703=1, 15263199=1, 23836824=2, 11995109=3, 26387379=2, 18141205=1, 1345788=2, 27463260=3, 160451=1, 10668569=1, 18123682=2, 16344907=1, 22561149=1, 32209474=1, 9019126=2, 30760837=1, 28414581=2, 4648783=1, 14278256=1, 3235952=1, 2875827=1, 18101876=5, 30991345=1, 7864696=6, 6676789=1, 3094247=3, 16654145=4, 27201782=3, 33476371=1, 27592852=3, 7834631=2, 17414904=2, 5813868=2, 25569864=4, 1937187=2, 22156321=4, 29596314=2, 218325=1, 7276676=3, 30966969=2, 3168957=1, 6210671=1, 22895463=1, 21588949=1, 30395423=1, 21038613=3, 28585143=5, 18814494=3, 586945=1, 17806314=2, 21329372=1, 30387257=2, 28056189=5, 26074141=1, 8324628=3, 17822017=1, 14503754=1, 31533706=3, 16731906=1, 12365399=2, 29018559=1, 7298124=1, 9497704=1, 2094347=1, 3198752=1, 20526939=3, 12793413=3, 24159715=2, 6813291=1, 14314800=1, 15967000=2, 20764632=1, 17945911=1, 20164695=2, 302947=2, 2758907=4, 2470827=2, 28714190=4, 17018120=2, 19785382=1, 3649369=2, 9637445=3, 22314639=1, 14852140=2, 3891972=1, 25902357=3, 23294432=1, 18656524=2, 12643348=1, 28911883=3, 7220620=4, 24099716=2, 15056985=1, 6273902=2, 11409222=4, 22437529=1, 33115401=1, 6319759=1, 19520145=1, 18575177=1, 23422928=1, 14306718=1, 3305573=1, 26665100=1, 24863722=1, 30463813=1, 30993560=1, 2457400=1, 20548=1, 26767401=1, 5651186=4, 13170866=1, 2626927=6, 18231513=4, 25340456=2, 15576188=2, 28694521=1, 11624110=1, 2669789=2, 13627934=1, 20800670=1, 32354302=2, 21009443=2, 13873496=2, 25402033=2, 18050813=1, 17549579=1, 22953289=4, 15567925=2, 28404453=1, 9602112=2, 17225117=1, 26090270=4, 18434130=1, 11415726=4, 25874484=1, 29807360=1, 33105425=3, 51100=1, 21266109=1, 8748502=1, 4418879=1, 32947545=2, 17691584=1, 4854299=4, 1442504=4, 8668208=1, 21487396=1, 31880926=1, 22950374=4, 8722174=3, 5272188=1, 17919250=1, 11528457=1, 22966664=1, 9851618=1, 14932929=1, 24886670=2, 4448318=1, 2061447=1, 17797519=2, 26891383=1, 14765933=1, 8539374=1, 25236222=3, 20598979=1, 5355451=2, 3516540=2, 28845003=6, 29015525=2, 29740375=1, 1021609=2, 15552848=1, 16406125=1, 28433071=1, 1786380=1, 28614315=2, 7286337=3, 2362840=5, 15679117=3, 22310988=1, 25736695=2, 31901805=1, 29661866=2, 26589070=2, 29573517=1, 16261864=6, 17150343=2, 14258863=2, 22226551=3, 31023946=1, 27125776=1, 26666349=1, 20564858=1, 7036362=1, 4898892=1, 13671984=2, 29654132=1, 21359466=1, 14505872=1, 16353976=2, 20471069=1, 30543997=4, 1901894=3, 15710737=2, 21863901=2, 26981629=2, 27594779=3, 10611241=1, 32414581=2, 28642809=3, 21296852=1, 7867465=6, 8159152=1, 29537145=2, 11793477=1, 8494934=2, 1449896=4, 21310734=3, 4399875=3, 8355586=1, 2454884=1, 9297059=1, 10462600=2, 18688178=3, 5580628=3, 4905504=1, 3971111=2, 13522753=1, 9056594=4, 17856550=1, 26319311=2, 8643616=1, 18303106=1, 12607526=1, 16956711=2, 26750987=6, 6412481=1, 24119287=7, 3753964=1, 12076071=1, 31019589=1, 12584183=9, 15653283=1, 8492274=2, 571863=2, 11228339=1, 29179666=3, 9529543=1, 8942595=1, 16612669=1, 1298743=1, 19977221=1, 7029453=1, 23941447=1, 8012079=1, 5248049=7, 21664495=2, 1008811=1, 11161114=1, 32838924=3, 33213754=1, 30493383=1, 12164100=2, 28327095=7, 969896=1, 5753817=1, 26826577=1, 10074316=2, 7756993=1, 13769345=4, 8566707=2, 5050083=3, 31735421=5, 10092087=1, 3355060=3, 6516597=1, 21938039=2, 2835214=1, 32501112=1, 29467897=2, 23268792=3, 7364817=1, 14475804=1, 1149425=2, 4409813=1, 26862736=1, 10246622=1, 29823977=3, 11845005=2, 10779342=1, 3371081=1, 21891327=4, 33471669=2, 2055010=1, 19282186=4, 22305800=1, 19563642=2, 9167597=1, 27099129=1, 7830839=1, 13015243=2, 27082278=3, 21933968=2, 6683257=1, 1609546=2, 54851=1, 15226095=1, 24477230=1, 25919329=1, 13114147=6, 3007255=1, 32991617=1, 12980234=4, 31055620=1, 12729245=4, 3300380=1, 10343475=1, 7399740=1, 27131246=1, 32787290=1, 11978298=1, 8718802=3, 135267=4, 798262=5, 12241262=1, 9593061=1, 10451168=1, 14631126=1, 18563156=1, 25862076=2, 33286395=1, 4461393=5, 30971075=2, 24947834=2, 28559674=1, 13081583=2, 10342890=1, 14618960=3, 604246=3, 30103331=1, 16211798=1, 18864687=1, 5429933=1, 13850053=1, 6150584=1, 8543646=1, 30812633=4, 30465129=1, 24712937=3, 6625884=3, 28482730=2, 8602088=1, 29618670=1, 33383076=1, 21686376=1, 12957513=2, 11976874=1, 17180848=4, 608516=1, 16392464=4, 16219559=1, 28125722=3, 14792033=2, 24914959=5, 4758767=2, 17006268=1, 15856577=1, 27657226=4, 31730337=5, 22256288=2, 23752386=1, 19053110=2, 28225564=2, 30925879=1, 192352=1, 22799691=1, 3793965=1, 24527088=1, 32959684=1, 2285664=1, 5560784=1, 19680505=1, 13400276=1, 30546123=4, 2202137=2, 5729511=1, 10296950=3, 21327649=1, 1063063=7, 3138530=1, 18350443=6, 26876817=4, 5857387=1, 3838693=2, 6720737=2, 30349725=3, 16312027=1, 282596=1, 14652468=2, 5650303=4, 24495597=1, 9526845=1, 7673622=3, 17832326=7, 14309976=1, 5881002=2, 8919571=6, 5336174=1, 1495271=1, 2685456=1, 960693=2, 13436464=3, 27445495=1, 24702641=1, 30721025=1, 33018695=1, 4526725=3, 10281121=1, 33094564=1, 32585589=3, 2964530=3, 22645016=2, 7968299=2, 12443016=1, 15487407=1, 18571958=1, 6494001=3, 22181385=1, 21494094=1, 25881848=1, 23050561=2, 881570=1, 25501506=3, 21152732=1, 13205621=2, 26362182=1, 17742104=2, 18007181=1, 9388988=1, 14877720=3, 3696704=1, 19551766=1, 11086003=3, 1611720=2, 2870642=1, 29145809=2, 25452373=1, 32452058=3, 31265060=3, 29388092=1, 16614639=2, 5627355=1, 31119171=1, 9397103=1, 21379050=4, 19943239=1, 1450139=4, 23257221=1, 17303516=6, 28891849=1, 15562267=1, 14834284=1, 23232943=2, 32092565=2, 335441=3, 32022255=2, 11105977=1, 30666297=1, 23547909=1, 11919272=1, 31064552=4, 17279973=2, 18359662=6, 8747327=1, 21575905=3, 24934703=1, 4584389=1, 32252037=5, 4369028=2, 28729175=1, 32546235=2, 15070864=1, 14497899=3, 32714059=3, 7219068=4, 32632725=1, 19654941=1, 24626936=1, 26799047=1, 27297291=2, 21113596=4, 8234633=2, 21596510=2, 7081090=5, 19324444=1, 28328269=1, 24914946=5, 21882443=1, 32512336=7, 25057491=1, 1883166=2, 8721033=3, 32194499=3, 3523903=1, 5957595=1, 10439519=1, 10384875=1, 31779994=1, 32555418=1, 9874583=2, 25371378=3, 16602170=1, 25362418=1, 8435975=2, 19752990=1, 7713539=2, 26954251=1, 6063977=2, 9811585=2, 28083908=2, 29518935=1, 29126131=1, 32969858=3, 25508504=3, 22989862=1, 12285404=1, 1507242=1, 13323866=1, 3104117=1, 17479986=2, 4818702=2, 20531542=1, 14786290=2, 1518138=3, 18439545=1, 3332767=1, 17772124=3, 17190855=1, 8330290=3, 30202343=1, 16582578=3, 19258757=1, 26463948=1, 25759286=3, 20283131=1, 26239932=1, 7203272=1, 9966603=6, 14933500=1, 3221170=3, 27785668=1, 1417509=2, 5755312=1, 12853629=5, 4881504=1, 18731621=1, 616053=1, 19545535=4, 12014965=1, 5335054=1, 16950723=2, 10359261=4, 13784271=1, 14323980=2, 23151323=1, 21121482=1, 25568617=4, 17419720=1, 12882863=2, 19239849=2, 26869487=1, 24774724=4, 31049025=1, 8992574=3, 5061845=3, 24117886=7, 21263303=1, 904292=1, 20250142=1, 24080404=1, 30723220=1, 25750439=1, 29756230=4, 17545361=2, 12780947=3, 11505994=2, 32026595=2, 13952029=1, 33295415=5, 18243577=1, 17726544=1, 24100503=2, 6640932=1, 26766021=1, 32611478=2, 3141032=1, 31673246=1, 4206350=9, 1872558=2, 32546666=2, 1845756=5, 14328850=2, 9889196=1, 10518962=2, 11536738=7, 11703751=2, 1886362=1, 22055273=2, 21418097=1, 13181335=3, 3545903=4, 26499856=1, 13771691=4, 20489941=2, 13999814=2, 9634756=3, 6264744=2, 13974370=3, 3841674=2, 17567880=5, 14591385=2, 17367685=3, 23592762=1, 11218431=3, 25815384=1, 32185315=3, 8211344=1, 19831690=2, 12892819=2, 6159846=1, 23989119=4, 9791837=1, 12921864=3, 23947224=1, 5015165=2, 6471671=2, 392053=1, 4694293=2, 7247402=2, 12429772=2, 27233039=2, 7614449=5, 20113025=1, 29049290=1, 30070548=1, 14711649=1, 19725988=1, 28191148=4, 20089779=2, 25569323=4, 30689722=1, 26776100=2, 5648148=4, 3303576=1, 4774908=1, 31642313=1, 16940351=1, 3797602=1, 1160905=2, 24285627=2, 5873448=2, 11873303=3, 24017340=1, 23136314=3, 25144530=2, 9775939=3, 28778407=3, 13112093=6, 24360769=2, 2311269=1, 31458288=8, 20058566=4, 10428063=3, 28971348=4, 11656800=1, 17991214=2, 1821992=1, 2258766=1, 17122799=1, 2836673=1, 3771714=2, 26969940=2, 1980206=4, 23490382=1, 30637279=1, 24710667=3, 25631188=3, 23813025=1, 1216122=2, 23361=1, 11322677=1, 5903446=4, 28179256=1, 9997467=2, 25480479=1, 29207824=2, 1915552=3, 5749542=2, 4130141=3, 9277721=2, 24141195=1, 1940521=2, 17004921=1, 15800816=3, 19407032=6, 28024438=2, 29537072=2, 9485336=2, 20372539=1, 12329061=5, 17946023=1, 7943841=3, 12569334=1, 26925592=1, 12213666=1, 7371338=1, 17133312=1, 10992924=2, 13638520=7, 24507945=1, 15116251=2, 31053068=1, 33145566=1, 19952307=1, 4081541=1, 16503659=1, 12182377=1, 24123464=7, 16499364=1, 4051275=1, 30142488=1, 25535613=2, 30915884=2, 30944032=6, 15144489=3, 20248423=1, 18133903=2, 24537240=1, 15639329=2, 32076551=1, 2751240=1, 9443174=7, 19310519=2, 8311873=1, 8276051=1, 6339973=2, 29686719=1, 22482896=3, 7127861=1, 17873613=2, 32813950=2, 9200140=1, 2677343=1, 29104236=5, 17663937=2, 26021060=3, 22247711=1, 12837867=1, 20569755=1, 32789346=1, 22955167=1, 10175279=1, 27011265=5, 580335=1, 22720147=2, 29996190=2, 3166425=1, 19169542=2, 33258519=1, 1217951=2, 4908409=1, 19153233=1, 18334593=1, 11916389=1, 12191386=4, 1115685=3, 13208233=2, 14336740=1, 9772532=3, 8188103=1, 17116391=3, 17429340=1, 20098219=2, 10684501=3, 2049169=1, 3310200=2, 8091729=1, 22343717=1, 27335158=3, 21348480=1, 9502715=1, 25056813=1, 4857423=4, 2205799=2, 12947306=2, 4376997=1, 20939367=2, 5267327=1, 28054442=5, 1305190=1, 31276211=3, 4358326=2, 27082705=3, 7032284=1, 15079601=4, 2792744=2, 5742785=2, 27904446=1, 5572574=3, 18529906=2, 20369526=1, 5689682=1, 18596076=1, 1286938=2, 18380367=1, 32195264=1, 11378272=2, 30097622=1, 18985094=2, 6948945=4, 24444306=1, 24087405=2, 30452824=2, 5945450=2, 15321421=1, 18555250=3, 18558702=3, 1621173=2, 26448480=2, 14530420=2, 27696006=2, 23101779=2, 14515562=1, 15579296=2, 6372050=3, 14919945=2, 23132498=1, 13759192=1, 18492453=4, 31259535=1, 23123742=1, 28979298=4, 9167637=1, 6723205=2, 10695293=3, 7902380=2, 29829400=3, 3167073=1, 4049224=1, 5228393=1, 18047494=1, 11625378=1, 1227232=2, 12751849=2, 4795201=3, 19752445=1, 28721771=1, 18036953=3, 11687463=1, 30767652=1, 13896629=5, 18635154=1, 29126874=1, 20290718=2, 17612316=2, 10488270=8, 7000658=1, 20610367=1, 32442824=3, 13186409=3, 16705833=1, 31965773=1, 6833910=1, 23228635=1, 27833692=2, 26033759=3, 3419282=5, 1079500=1, 1574203=6, 27734633=3, 1208307=1, 22285765=5, 20238363=1, 21736699=2, 6264284=2, 26713705=2, 18342329=1, 4951922=2, 20531731=1, 19857220=1, 7142437=1, 10139448=2, 10471191=1, 23482905=1, 18456832=2, 14620250=3, 19064508=1, 24308858=1, 21210858=2, 8401395=10, 11780493=1, 12072521=6, 25154654=1, 15940390=3, 19347361=3, 5683931=2, 9373943=3, 15935776=3, 19788081=1, 7722665=1, 28916116=3, 23810589=1, 15548850=1, 4554134=1, 5930615=1, 5674797=2, 7656227=1, 32904546=4, 32841397=3, 29845658=1, 29598778=2, 28323492=7, 2025824=1, 2866784=2, 32818509=1, 10521325=2, 21608483=2, 72257=3, 32426311=1, 19461909=1, 19695492=2, 25589686=1, 10060349=2, 26624735=1, 25448811=1, 27516056=1, 17614913=1, 14777112=1, 20352892=2, 2298506=3, 27538449=5, 12997246=1, 11011178=6, 19351575=1, 10466120=2, 3811503=4, 4473786=1, 28154731=2, 18966187=1, 19278985=4, 19928387=7, 15338392=4, 11201991=1, 33304116=5, 16651570=4, 2968834=1, 1440336=1, 2616767=1, 16312112=1, 21951714=1, 31918160=3, 25207030=2, 8375307=1, 29417352=1, 7661667=1, 18138628=1, 10292159=3, 25945027=1, 30592020=1, 17900591=3, 28442579=1, 10547462=1, 13434873=1, 28581430=5, 3908427=2, 12738959=1, 10220966=1, 31570742=2, 18840916=1, 3513953=2, 30656120=1, 33236885=3, 17199581=1, 5055558=3, 5183493=3, 6639458=1, 8348835=1, 25446573=1, 4404463=3, 33457826=2, 13943512=1, 11271966=1, 11760698=1, 17554965=1, 29530601=2, 5792148=1, 25077546=2, 26233943=1, 11737751=3, 11067581=1, 28742754=2, 15695375=1, 1450506=4, 21604887=2, 7710776=2, 2308888=3, 21878537=1, 7696438=1, 14171746=6, 18883173=8, 5738904=2, 18744390=4, 30621968=1, 25468131=2, 7559188=1, 23049012=2, 6832558=1, 31285463=1, 3828517=1, 21045567=3, 10656557=2, 31481090=1, 7905283=2, 12128096=3, 3704336=2, 25155367=1, 18585444=2, 4032262=2, 12186597=1, 26874844=4, 31375338=2, 24405977=1, 5764317=1, 10198920=2, 20638654=1, 21750050=1, 4097232=2, 20796723=1, 158177=1, 15773908=2, 18858285=1, 33325146=2, 20159743=2, 4889414=2, 26916631=2, 18251262=1, 1641703=3, 14078821=1, 29958283=3, 16712094=3, 24076843=1, 26398120=1, 10449943=1, 17719724=1, 20570074=1, 25671370=2, 29652265=1, 12018302=1, 18707319=1, 2236018=4, 25293573=1, 3170539=1, 29377894=1, 3412110=5, 29595607=2, 20589537=4, 11405540=4, 15314768=2, 11761580=1, 6974325=1, 9543696=2, 9958496=1, 22050251=1, 5919090=1, 23263742=1, 18622918=5, 8751737=2, 12081459=1, 32557993=1, 4779982=1, 1455794=4, 25443041=5, 8916882=6, 9301378=1, 3526384=1, 30927814=1, 4753125=2, 33311546=1, 27539489=5, 18604928=1, 22610856=3, 32643180=4, 5954338=1, 8404105=10, 10093967=4, 4485143=1, 28638041=1, 32475936=2, 26385448=2, 11386466=2, 702837=2, 18855906=2, 24817555=2, 5119065=4, 15189223=1, 286067=1, 14652131=2, 27126321=1, 18419755=3, 14118094=1, 19143530=5, 29773238=1, 1987680=1, 33408861=1, 20389755=3, 31768790=1, 9260518=1, 15161324=1, 4935522=1, 18634725=1, 7384827=2, 33280089=1, 30929292=1, 8607768=1, 27991469=3, 6465893=2, 9132044=1, 27085999=1, 9910387=3, 7803136=3, 23784372=1, 31248066=1, 5576029=3, 23571212=2, 29738395=1, 17057041=1, 21658902=1, 32838432=3, 3997980=3, 29044946=3, 22468992=1, 15822144=1, 16077806=1, 2379059=1, 3318222=2, 26912273=2, 12508543=1, 438057=2, 29065948=2, 17145069=2, 21940360=1, 12449802=1, 11461293=1, 10725982=2, 6958077=4, 22901402=1, 5201513=1, 17941474=1, 29488526=1, 26273924=1, 33119321=1, 1282632=2, 18266881=2, 23124006=1, 20079368=1, 8839816=1, 31324391=1, 15708245=2, 23674091=3, 2294556=3, 33543532=1, 5836645=3, 9334877=1, 25802749=2, 25771888=3, 9896139=3, 2426403=3, 23162621=1, 32167602=1, 12614120=1, 28455024=4, 4977985=1, 6909844=1, 20066706=4, 30636601=1, 19328694=1, 25045058=4, 25050704=4, 7215187=4, 29200409=2, 7946053=3, 18094329=5, 28693297=1, 1153853=2, 17705768=4, 10673327=1, 31818878=2, 17392327=1, 7018263=3, 4628837=2, 6406413=1, 30316493=2, 18028729=3, 668130=4, 31306414=2, 9539034=2, 2580124=1, 6152155=1, 30305125=1, 2581372=1, 11145232=4, 4063923=4, 13110214=6, 9833765=4, 29224552=1, 21425908=1, 13239291=4, 18787223=2, 30571559=1, 30551795=4, 5875529=2, 16190405=3, 6125714=1, 30228183=3, 30461761=1, 15070413=1, 15398782=1, 2279952=1, 6857338=2, 22060530=2, 20154558=2, 20549882=2, 11485983=1, 17152734=2, 28801621=1, 15263631=1, 24111939=1, 1769495=3, 3426910=1, 25040164=4, 4955522=2, 4146358=1, 5756194=1, 21855821=1, 21838706=3, 28001690=1, 515986=1, 8625323=2, 23558747=1, 13714520=1, 26224267=7, 24816088=2, 26423992=3, 20545719=2, 11478345=3, 28834429=1, 16172595=1, 13456977=1, 1483869=2, 17120273=3, 31360660=2, 6287842=1, 26724078=1, 19790929=1, 2068556=2, 18160036=3, 16813508=2, 20925329=1, 14381249=1, 13872964=2, 13722016=1, 24581764=3, 4570636=2, 2982325=2, 12883396=2, 7469022=1, 16794745=1, 17556457=1, 33005108=2, 4977403=1, 12715733=4, 33193211=1, 3000363=1, 26157525=3, 13625138=1, 7945843=3, 33277320=1, 27044546=2, 2564098=3, 19351811=1, 32258190=5, 11881212=1, 23204970=4, 30299210=1, 12332493=5, 25976294=1, 24183637=3, 126436=1, 17305779=6, 32617343=2, 2463658=2, 23806329=1, 24913817=5, 25110232=3, 11326088=1, 30087903=3, 7473265=4, 30902736=2, 19995328=3, 3555034=4, 1438255=1, 23078140=8, 2253673=1, 3926576=1, 7758443=1, 16110030=1, 11018058=6, 22504372=1, 29248868=1, 25417773=1, 5181656=3, 14171279=6, 6784440=2, 13181155=3, 16609959=1, 3237011=1, 9563982=1, 30729871=1, 23928700=3, 6394893=2, 28565323=1, 14061923=2, 32960589=1, 18012145=1, 32444836=3, 1158381=2, 20739866=1, 8508297=1, 7175505=1, 381221=1, 16776269=1, 27425898=1, 33532740=2, 1045208=1, 19572501=2, 26003883=1, 29060274=1, 20681045=2, 12022518=1, 32250349=5, 15114450=2, 9465077=1, 20383563=3, 6078922=1, 6387410=1, 10317215=1, 6364766=3, 13719274=1, 14993489=1, 2352811=1, 32781384=5, 8224704=1, 11949559=1, 28350298=2, 17603137=2, 12054184=1, 32279088=2, 23445112=2, 29216762=1, 32918366=1, 8876669=1, 31994610=6, 17038996=1, 29260618=1, 21299617=3, 6219091=1, 7415938=3, 21829217=3, 13708701=3, 14975625=2, 7622684=1, 8197251=3, 3824134=1, 32797922=1, 26673428=3, 23847429=1, 4030017=1, 8114546=1, 14634303=1, 418385=1, 30392900=1, 1631451=1, 14865374=1, 4529919=3, 960745=2, 11224722=1, 18261271=2, 4716846=1, 17550462=1, 15567077=2, 11020716=6, 18130290=2, 33307627=5, 20729084=1, 30282639=4, 7930974=3, 14193407=2, 23357883=1, 4390379=1, 4121417=1, 27674037=1, 27965037=2, 31061443=1, 25124702=1, 20654151=3, 4958408=2, 10019337=1, 5938479=2, 9308390=4, 29090690=1, 20142560=1, 21114624=4, 18346208=1, 9343722=2, 7752570=1, 17673937=2, 10107309=4, 31038419=2, 6081060=1, 9629727=1, 24910051=5, 32506447=7, 9167888=1, 17466873=2, 5423200=1, 30962412=1, 20428995=2, 12313352=1, 23521486=1, 27948854=1, 24956605=1, 25505561=3, 14677485=1, 28546637=2, 4940024=1, 33504574=3, 23840072=1, 22972993=2, 31106279=2, 20791897=1, 28514733=3, 14633648=1, 9842039=4, 29638816=1, 21166641=1, 810026=1, 5467278=1, 1530503=1, 31547126=1, 13634636=7, 546296=1, 19515549=1, 20839726=1, 27376397=2, 13363196=1, 3006228=1, 5722953=1, 19668707=5, 6373922=1, 8595624=3, 15068280=1, 22190307=2, 19576773=2, 24794980=1, 7417370=3, 10527999=2, 32065678=1, 19898739=2, 16065960=3, 5440803=3, 262479=5, 2616903=1, 28413032=2, 14696689=1, 27772246=1, 212222=3, 26460462=1, 12404015=1, 18153555=3, 8239231=2, 14990455=2, 6461130=2, 32045038=1, 15003607=1, 8877237=1, 14161017=6, 15890458=1, 18346329=1, 31116564=1, 15656417=1, 5184546=3, 30419707=7, 12465779=4, 3408196=5, 26382471=2, 17705698=4, 16212394=1, 15004612=1, 31193347=1, 20800129=1, 24464231=1, 18278607=1, 16059560=3, 11574222=2, 1781576=3, 23331373=5, 15519843=1, 30141476=1, 14610850=1, 22771758=1, 32515918=7, 21187408=1, 14031639=4, 3396749=1, 23022751=1, 20868845=1, 24967360=1, 15724754=1, 5960564=1, 30114251=2, 5080547=2, 23896946=2, 4180920=1, 6630790=3, 20352893=2, 28954523=1, 24744085=2, 15027309=1, 22842216=2, 12043443=1, 9573539=4, 19454218=1, 5926298=1, 16494651=2, 28923024=1, 789005=5, 10766371=1, 10077258=1, 1429130=1, 7437837=1, 2734329=2, 1811726=2, 19403121=6, 19435632=2, 18639160=1, 10566102=3, 4184840=1, 10502562=1, 15596472=1, 14353754=3, 24951989=2, 6123321=1, 28674330=2, 28679166=2, 12609084=1, 5628521=1, 23653055=1, 22948469=4, 28719879=4, 3354512=3, 8940105=1, 23829141=2, 768150=2, 25492509=1, 2288107=1, 18165800=3, 8789604=4, 13831187=3, 11959373=1, 7977405=2, 1007840=1, 6929556=2, 15154=14, 1257098=3, 2975568=1, 6696868=4, 5084278=2, 10361193=4, 17060315=1, 26015337=1, 26275803=1, 9697438=1, 10233717=5, 6725454=2, 27389138=1, 9227042=1, 9391212=1, 17343507=2, 5051045=3, 31631524=2, 3999026=3, 11945347=1, 5256971=7, 22738333=1, 15278051=3, 29814971=1, 24871576=2, 8036366=2, 30233412=1, 24487380=2, 24330162=3, 22997369=1, 11360213=1, 29845859=1, 27074852=3, 24308855=1, 11970384=2, 28617828=2, 16717233=3, 7874458=6, 25740949=1, 28726889=1, 12729000=4, 19136812=5, 3482198=3, 19839642=2, 32401237=1, 9906996=3, 21616289=1, 3697466=1, 9701461=5, 26565156=1, 1394506=1, 21897702=4, 11356451=1, 1174623=1, 32577504=3, 6022671=1, 22792006=1, 18067657=2, 16353493=2, 32873198=2, 15419207=1, 23205323=4, 22391621=2, 11473510=3, 7581968=2, 14080917=1, 32667169=1, 29072022=2, 21117490=4, 18027025=3, 23245556=2, 3362945=1, 12462510=4, 4679816=1, 31875015=1, 6319558=1, 16319584=3, 20312245=1, 11783651=1, 24803179=1, 16381941=1, 8374477=1, 20490190=2, 11583633=1, 16400512=1, 15875893=4, 16194221=3, 6564591=5, 12338860=1, 29444103=1, 1068495=1, 9070696=1, 12128071=3, 19902744=2, 30438402=1, 17194756=1, 27318579=1, 6229251=3, 10558398=3, 2566273=3, 26315466=2, 30056267=2, 10235250=5, 31118542=1, 16117168=1, 10192861=2, 7477696=4, 23710933=1, 28406497=1, 32883436=1, 14704275=1, 27738877=1, 32946519=2, 20930960=1, 24778077=4, 26041472=1, 26930211=1, 6649221=1, 28350540=2, 20664746=1, 32657406=1, 26499329=1, 10493835=8, 23046511=2, 23231403=1, 15589393=1, 33018456=1, 12045522=1, 27406294=4, 1751069=2, 24321734=3, 27772527=1, 10934010=1, 33371184=3, 10250523=1, 11622927=1, 20369121=1, 6351705=1, 30414111=7, 32834970=3, 1893425=1, 23686439=1, 4700940=2, 138524=4, 22122901=2, 1359594=2, 28907838=3, 12840175=1, 23053793=1, 32056398=3, 16006868=5, 6754401=3, 12289869=2, 8404039=10, 16772001=1, 6170398=4, 5261120=1, 24815567=2, 10126476=2, 21698123=3, 33263781=2, 8507587=1, 20329519=4, 15165521=1, 3996575=1, 13851209=1, 15475257=5, 2396194=2, 12585053=9, 1997469=1, 4688310=2, 30703784=2, 30982134=2, 23616193=1, 29783191=1, 27000314=1, 2793118=2, 19768531=2, 28541505=2, 3927034=1, 4331021=4, 12381597=1, 686599=1, 26195376=2, 92711=1, 3793501=1, 26417885=3, 22084273=1, 21938033=2, 19186928=1, 2178508=3, 29869616=1, 6622578=3, 3208157=1, 4860506=4, 14261663=2, 2024642=1, 33310158=1, 19440705=2, 13258888=1, 6577504=1, 27712400=1, 1087939=2, 7368820=1, 28929065=1, 12848851=5, 22839803=2, 4340992=4, 22163068=4, 9695176=1, 21817304=1, 22655296=2, 21687697=1, 24719301=3, 6265539=2, 5331652=1, 11642625=2, 16796378=1, 1334838=1, 26632148=1, 24032112=2, 10649730=2, 12875033=1, 10645676=1, 18634106=1, 23170952=2, 26634761=1, 11169966=1, 26095581=4, 12786220=3, 19454403=1, 17173279=4, 2528634=2, 21632768=4, 4943999=1, 20580778=4, 23062733=1, 30825073=1, 186008=1, 29303163=3, 7218256=4, 3110890=1, 15869940=4, 22623027=3, 7475963=4, 6460985=2, 10642658=1, 1234051=1, 28448021=4, 12647279=1, 11648458=2, 31645777=1, 31265414=3, 796854=5, 31656554=3, 21342239=2, 22900234=1, 16160188=2, 9445642=7, 5026177=2, 16408136=1, 21349297=1, 12070633=6, 20538800=1, 9428197=1, 25344399=2, 22540854=1, 1493260=1, 8557979=2, 7550469=3, 19402706=6, 15991835=5, 4835341=1, 6183892=1, 16975595=3, 27455298=1, 10414470=1, 16781835=11, 29731659=2, 26936154=3, 2068888=2, 31065109=4, 26457333=2, 27113071=2, 22922549=1, 7959506=1, 12072566=6, 31935458=1, 18962614=1, 27267416=8, 17077986=2, 22344177=1, 20153553=2, 3768523=2, 26820022=3, 23177209=2, 21302110=3, 17080072=2, 1337684=1, 3566445=1, 18480539=1, 26615093=4, 7341434=7, 14645834=1, 33312246=1, 27218591=1, 4513086=1, 5717151=3, 2901523=1, 10233372=5, 9058591=4, 4770142=1, 25019067=1, 22092368=3, 29111646=5, 23307337=2, 1728517=1, 22102492=1, 6347527=1, 25886177=1, 16256908=6, 16813987=2, 7012775=3, 32900393=4, 7408166=3, 25162614=1, 24316748=3, 14676089=1, 15970716=2, 29370801=9, 14526568=2, 4883594=2, 28134334=1, 12887269=2, 2513030=1, 30636530=1, 963262=2, 7979266=1, 32824243=1, 21752132=1, 2826725=3, 22861879=1, 7046665=2, 4843830=1, 31402540=3, 16779410=11, 9442202=7, 23708821=1, 28083090=2, 16380121=1, 15336877=4, 8867196=1, 20278504=1, 10845816=1, 33291225=1, 2874282=1, 4642361=1, 2026665=1, 20059531=4, 26249098=2, 31018127=1, 24491913=2, 17192137=1, 19258634=1, 21000173=1, 14015899=1, 21651787=1, 29532852=2, 55976=1, 27923551=4, 13496070=1, 6161540=4, 16627116=2, 7178280=2, 23196539=1, 8552244=1, 17518850=1, 2238660=4, 25496182=3, 6925895=2, 29795585=2, 30783523=2, 619520=1, 27605680=3, 25999881=2, 13199556=1, 19339216=3, 33043087=6, 19735736=3, 29780439=1, 2602372=2, 21430534=3, 10069417=2, 16579327=1, 6153728=1, 20319301=4, 33528242=2, 26784612=2, 22545453=6, 31405349=3, 21440075=3, 30038451=1, 20161244=2, 6341173=1, 17684801=1, 31155506=1, 10024246=1, 22242799=1, 8042263=2, 1512464=3, 3548042=4, 19315308=2, 6300292=8, 28541778=2, 4342028=1, 17682677=1, 23716100=1, 14269956=2, 5940071=2, 4175892=2, 5756018=1, 1521726=3, 403901=4, 23602010=6, 16842337=1, 10446420=1, 27176277=2, 20051843=1, 6503369=3, 3223226=3, 8513230=1, 10293166=3, 31793815=3, 31921421=3, 11799297=5, 22364179=1, 4328256=4, 438659=2, 12546284=1, 8850061=3, 28084482=2, 19015044=4, 18614229=5, 17845208=1, 26942303=3, 32638304=4, 24120019=7, 14680198=8, 29628890=5, 20392578=3, 10540290=1, 14140813=1, 310730=2, 30749764=3, 12289883=2, 32281659=2, 4576954=1, 1491686=1, 19183120=2, 8890535=2, 27651441=1, 7566728=1, 17306197=6, 29216430=1, 33335286=2, 13529917=1, 10119616=1, 9827204=1, 12149696=1, 29159711=1, 17122501=1, 14023764=1, 7976255=2, 12894249=1, 16568224=1, 27132962=4, 4994146=5, 9072278=1, 2038339=3, 26999402=1, 15340704=4, 1208337=1, 350458=1, 2850648=1, 13433924=1, 21892606=4, 7176720=2, 4510232=1, 23985152=1, 14430266=5, 9028813=1, 30962817=1, 18507804=1, 18343785=1, 22635175=1, 5378945=4, 8402462=10, 21546559=1, 18140258=1, 22356248=3, 30226465=3, 3264543=1, 27154443=1, 28590689=1, 32299714=1, 28324348=7, 14301186=4, 28403254=1, 32869785=2, 30498712=1, 4224106=1, 27981358=1, 7754030=1, 13634261=7, 7988190=1, 20993014=1, 15450144=1, 21401887=2, 30168587=1, 13792577=1, 627760=2, 33442519=1, 765540=2, 15187632=2, 24110978=1, 12411296=1, 15510085=2, 23903741=2, 31280636=1, 12006875=3, 27574502=1, 29307639=3, 30266065=1, 31987488=6, 18847227=2, 20177800=1, 8199412=3, 32658971=1, 19843961=1, 12665055=1, 3509313=2, 30969155=2, 23242358=2, 27817925=1, 32600208=1, 17230231=1, 29036194=3, 13997900=2, 16355460=2, 25446593=1, 2872407=1, 32707164=3, 27867077=3, 28141340=1, 8974200=1, 15598032=4, 31211468=5, 31182411=1, 3684290=6, 13996665=2, 33049701=1, 27672622=1, 14717093=2, 3821900=1, 4475941=1, 12296112=2, 32531029=1, 123197=1, 24373539=1, 2202886=2, 22313414=1, 1538196=1, 26054112=2, 6239148=3, 16545443=1, 23307870=2, 9458902=1, 32893850=1, 27927773=4, 7326294=1, 9537397=2, 5596626=1, 20495785=2, 29473370=2, 24227292=2, 4954156=2, 31770115=1, 29919624=2, 29135892=2, 20929000=1, 22203577=1, 17612756=2, 14425396=5, 14974134=1, 21500760=6, 23995250=4, 31403477=3, 6459646=2, 30475423=3, 30377803=2, 32181147=3, 25713427=1, 20245285=1, 4088153=1, 28734519=1, 23784571=1, 28395211=1, 16475764=1, 112469=2, 32959347=1, 25734021=2, 17779730=1, 23099923=1, 26667930=1, 26113058=1, 18748199=4, 26031265=3, 18660959=2, 18691343=3, 31129131=1, 6355850=1, 22087149=3, 8697603=2, 18362576=6, 14503859=1, 30207934=1, 17307359=6, 27556372=1, 3575536=2, 32734703=1, 20948845=2, 7266414=1, 22900698=1, 19631662=2, 21888796=1, 26888251=1, 26985214=1, 9537722=2, 30956050=1, 19186058=1, 10747209=1, 19610172=3, 11557717=1, 25205078=2, 22380891=2, 10511601=1, 5899442=4, 24183333=3, 15226661=1, 20887070=2, 30032247=1, 2917077=2, 19734863=3, 23569939=2, 21050033=3, 14258023=2, 24682724=2, 19225232=1, 25390680=1, 13498245=1, 33433971=4, 16632564=1, 21640025=4, 2684247=1, 15077920=4, 22832487=1, 5533899=1, 12407126=1, 1169941=1, 11717941=1, 14157283=6, 20525930=3, 2133615=2, 26188720=2, 26579350=2, 24803963=1, 6061884=1, 8705592=1, 3396676=1, 28173407=1, 12900799=1, 2678762=1, 635862=2, 31514726=1, 816709=1, 25064902=1, 1458059=4, 30715849=2, 19560842=1, 30653749=2, 19667812=5, 19118573=2, 23650779=1, 4674051=1, 8992222=3, 10545653=1, 5975521=3, 26190274=2, 26914287=2, 28210998=1, 32573777=3, 28598617=1, 27878554=1, 19103937=2, 29098930=5, 30416892=7, 19232390=1, 7183334=2, 6415850=1, 19168306=1, 32855726=1, 21996473=2, 3562160=1, 15534102=3, 10281588=1, 4015539=1, 20055952=4, 30797072=1, 185829=1, 21681728=1, 21695601=3, 4073628=4, 27651051=1, 3373686=1, 30337530=1, 16719380=3, 8220810=1, 7967205=2, 25696715=6, 13631125=1, 12838842=1, 3678548=6, 26855585=1, 993133=3, 11824318=1, 2770131=1, 10487256=8, 2016804=1, 26647662=2, 8583072=1, 29474355=2, 7564822=1, 17376177=3, 9027276=2, 486647=1, 5032521=1, 33043732=6, 1861567=1, 25982412=1, 29291849=1, 15129401=1, 13299847=1, 14959695=1, 22833247=1, 27749479=1, 31106466=2, 19421628=1, 24317880=3, 33524622=2, 13475607=2, 9572038=4, 6370027=3, 28868618=2, 30135567=1, 7054630=2, 2795683=2, 29144769=2, 23666960=3, 27391064=1, 14043360=1, 31564039=2, 9380776=3, 19929892=7, 17416084=2, 13012231=2, 2220225=1, 12718000=4, 683080=1, 4248132=1, 13138499=1, 15253108=2, 27075687=3, 26029005=3, 665750=4, 26860174=1, 1023609=2, 21988441=2, 9460614=1, 17121608=1, 4589428=4, 16122472=4, 9469452=1, 25239452=3, 31191239=1, 31647523=1, 19021439=4, 17792947=1, 12023342=1, 18710405=1, 8039895=2, 6639826=1, 12680025=1, 19267731=4, 2460532=2, 14600293=1, 11257605=1, 23858330=5, 27644819=1, 8236990=2, 852753=3, 2876340=1, 2616969=1, 27977205=1, 15433895=2, 13921691=1, 8747757=1, 5452650=3, 17200431=1, 19743708=1, 7267069=1, 12836693=1, 26415417=3, 17355782=1, 7468973=1, 22402331=1, 12894237=1, 28154603=2, 25639769=3, 15151688=3, 8431360=2, 28130716=3, 1770471=3, 32463239=1, 3672023=6, 27370334=2, 20751306=2, 9398006=1, 18063879=2, 17794030=2, 23650035=1, 2712685=1, 16903472=1, 2225320=1, 26309528=1, 6737285=1, 4313241=1, 27285726=1, 15934656=3, 19383597=1, 7499832=1, 2790868=2, 23333958=5, 22612943=3, 28917876=1, 31671387=1, 28706831=4, 26924439=1, 883541=1, 17206484=2, 19525700=1, 3943613=5, 9116335=3, 21307041=3, 26710955=2, 16450927=3, 634208=2, 1358828=2, 23615789=1, 24316775=3, 5755682=1, 31687467=2, 1213717=2, 32740393=2, 19418206=1, 597137=3, 12808984=1, 22592633=2, 24216396=2, 14756583=3, 28945059=2, 4737845=1, 11228896=1, 15861630=4, 4032533=2, 22064194=2, 5418568=2, 29777574=1, 16710278=1, 2041316=3, 3074715=1, 18810479=3, 24965408=1, 24083588=1, 31163914=2, 30873577=3, 17977320=1, 32664220=1, 10173133=3, 4055289=1, 13167839=1, 8353710=1, 15396722=1, 2576650=1, 30460998=1, 31680372=1, 26469176=1, 32777911=5, 8699990=1, 31590183=4, 15264657=1, 8271652=4, 29191711=1, 27790784=6, 11736714=3, 23222567=1, 25176505=10, 26253311=2, 18758082=4, 12288714=2, 7096664=1, 15343910=4, 32028335=2, 19361480=1, 6858606=2, 742751=1, 23212364=4, 2262295=2, 28195886=4, 27798356=6, 14819902=4, 5582811=3, 25378122=3, 12382997=1, 12118471=1, 32627753=1, 26621081=4, 13457903=1, 4845830=1, 21843584=1, 27464271=3, 14739555=1, 5912927=4, 8409133=1, 8290080=1, 3539790=4, 29078840=2, 13159990=1, 31065491=4, 3423114=5, 18864353=1, 29974637=1, 32338141=1, 26799521=1, 7700256=1, 9835864=4, 28332384=1, 9352662=2, 8375493=1, 160829=1, 5646205=4, 7876840=6, 3856598=1, 2626664=6, 26037190=1, 9226436=1, 12280399=1, 31657356=3, 16292736=2, 14906493=1, 3008777=1, 11317778=2, 15020125=3, 13839243=3, 27993393=3, 18556892=3, 29211959=2, 6807941=1, 4602352=4, 19466410=3, 4435835=2, 179307=2, 16504987=1, 2666184=2, 20544744=1, 2441476=1, 20875135=2, 11993111=3, 8732970=1, 9639286=3, 30592818=1, 13673550=2, 18822974=3, 877403=1, 7912072=2, 7750507=1, 26419261=3, 16918810=4, 1424946=2, 8289257=1, 3731136=1, 6826=15, 29444012=1, 4008895=3, 14234967=3, 19558841=1, 4024445=1, 13703471=3, 9157409=2, 16110504=1, 13916654=1, 18649055=2, 24739740=1, 25600374=2, 16428107=2, 22780459=2, 9651043=1, 28982138=4, 16157433=2, 9011731=2, 30124796=2, 4753629=2, 15914285=1, 17841713=7, 6179628=1, 9450717=7, 16336315=1, 8956437=2, 813323=1, 23763974=2, 31280397=1, 3071306=1, 7979908=1, 25499915=3, 27007528=5, 13691978=1, 3968549=2, 20695134=1, 21731706=2, 10422170=3, 14120383=1, 4719633=6, 659838=4, 22206911=1, 21580722=1, 843300=1, 4281004=1, 1783628=3, 18068841=2, 23100014=1, 12684686=2, 1027407=2, 80580=3, 21579495=1, 9423825=1, 15143680=3, 32898621=1, 5579718=3, 30049680=2, 20928402=1, 23965772=2, 14833531=1, 27825562=2, 16124677=4, 6458185=2, 20750768=2, 12066446=6, 29082214=1, 6415261=1, 169449=2, 12292216=2, 15834420=2, 16752566=2, 16975565=3, 20807454=1, 13393264=1, 16250934=1, 22715046=2, 5702201=3, 13160495=1, 24678324=2, 16623162=2, 2815258=1, 26163455=3, 33531587=2, 3439235=1, 27648126=1, 27422511=1, 527741=6, 29701155=3, 9617058=2, 7098756=1, 22131726=2, 19143019=5, 11049079=2, 26676643=3, 23165410=1, 5020714=2, 17551233=1, 26626446=1, 31712071=1, 5002833=1, 30854702=1, 11348465=3, 21234810=5, 20257899=3, 16410942=1, 29466466=2, 13383091=5, 29389957=1, 13644266=7, 8710569=1, 14518195=2, 23147982=3, 6867736=1, 11363289=1, 18605148=1, 23589103=1, 13029821=1, 22301494=1, 29732131=2, 21446820=1, 24109767=1, 6047994=1, 2336927=2, 2207969=2, 12325274=5, 3596994=1, 3130846=1, 1425856=1, 19597593=3, 33209575=2, 25100984=3, 28581759=5, 17220160=1, 7225277=4, 24944290=2, 10616643=1, 2373188=5, 10884786=4, 8971461=1, 23292324=1, 9494428=1, 3314117=2, 2124440=1, 24107881=1, 28516809=3, 17431677=1, 30000472=1, 7103523=1, 14956107=5, 30222442=3, 28934581=2, 4000550=3, 26232854=1, 27463=1, 5214417=2, 6350272=1, 16335409=1, 13167268=1, 9070253=1, 17758415=1, 11711953=2, 7093584=5, 8264064=4, 8873601=1, 26654833=2, 8503114=2, 28078272=1, 2063027=1, 14558163=4, 10368634=4, 13219383=2, 1105575=1, 31760670=2, 28448254=4, 30729383=1, 8241005=2, 24056827=3, 29122749=1, 8418251=1, 24482178=2, 11664715=1, 29869748=1, 28612791=2, 17615495=1, 19041113=2, 23715370=1, 17157081=1, 26099735=1, 13819955=1, 24581201=3, 18370707=1, 30122377=2, 11777783=2, 13889069=1, 18092283=5, 11806790=5, 24676564=2, 5229701=1, 15118487=2, 4572258=1, 8354396=1, 440808=2, 17824513=1, 25045161=4, 17670014=2, 29683071=1, 4943347=1, 33366385=3, 6879198=1, 4468158=5, 14047830=1, 27537952=5, 9975087=6, 11685901=1, 24974824=3, 12617835=2, 3966366=2, 30556796=1, 20852200=4, 13605228=2, 31615167=1, 20672591=1, 7591959=1, 3351802=3, 9116485=3, 16791332=11, 28673090=2, 15348677=4, 6170338=4, 9596163=1, 30864993=1, 12283926=1, 26387777=2, 30445097=2, 4890702=2, 30628156=1, 15705304=2, 29668686=2, 27990484=3, 24448714=3, 1305972=1, 16531347=5, 16683631=2, 22375328=1, 15411065=3, 27610987=1, 13328795=1, 24131467=7, 13818751=1, 32199182=1, 22232106=3, 28886725=1, 18096070=5, 21833670=3, 2330492=2, 4050386=1, 19570958=2, 10743610=1, 28924179=1, 11072260=1, 30671521=5, 4930081=3, 25156707=1, 29214401=1, 4895027=2, 12773605=1, 10409717=1, 22301096=1, 22186744=2, 31936145=1, 1723339=1, 28754679=1, 33209711=2, 4601766=4, 2271925=2, 733135=3, 30630260=1, 11595384=1, 7292402=1, 8544138=1, 6890377=3, 3002690=1, 2426165=3, 17963932=4, 5015718=2, 22800235=1, 9711074=5, 5243159=7, 18211148=1, 30025664=4, 31157200=1, 15738392=7, 7544616=3, 16462484=3, 32910135=4, 10201259=2, 18850898=2, 5916736=1, 10764342=1, 16104115=2, 22964591=1, 27022157=1, 31252277=1, 4836241=1, 17017208=2, 5240261=1, 11632010=1, 21725676=2, 28832012=1, 8672068=1, 20608619=1, 20230098=2, 5398936=1, 14501641=1, 17465590=2, 30016867=4, 27437258=2, 12710869=1, 30054197=2, 21670711=2, 18650261=2, 15835002=2, 849557=1, 29698877=3, 1628443=1, 23600774=6, 25648447=1, 26903545=2, 10798074=1, 13343827=2, 2776=13, 11496034=1, 15597159=1, 17195755=1, 14329282=2, 29668652=2, 18409652=1, 12843818=1, 15582292=1, 7544637=3, 9905048=3, 1243695=1, 1290114=2, 2834662=1, 3178410=1, 28418434=2, 8907775=1, 29096933=1, 22405220=1, 8541592=1, 16427955=2, 21872017=2, 21390716=1, 15072245=1, 5816253=2, 26871904=4, 2194669=1, 16789638=11, 9453487=7, 19565924=2, 19200778=1, 29114388=1, 16399301=4, 28624939=1, 23742348=1, 21727416=2, 4807995=1, 5148713=2, 1330561=1, 3118200=2, 26919320=1, 11359107=1, 20838361=1, 32281355=2, 1732213=1, 17696808=4, 19129640=1, 13382674=5, 7342073=7, 7967665=2, 992686=3, 25828492=4, 33128498=2, 21874214=1, 23679388=1, 6610051=1, 5121510=4, 18605844=1, 15118726=2, 10470316=1, 31084064=1, 24686079=2, 11113102=2, 27442004=2, 1069861=1, 24955761=1, 12425050=2, 4457683=5, 20401114=1, 27899742=2, 2765147=4, 6833286=1, 20261742=3, 5509822=5, 27452746=1, 12599297=1, 17493851=1, 29975456=1, 1486011=2, 20153873=2, 15448929=2, 32777005=5, 17217473=2, 10047338=1, 3102555=1, 2286422=1, 30200436=1, 29545809=1, 25455625=1, 29510719=1, 17571573=5, 29016431=1, 33412266=1, 462338=3, 7894985=1, 7870633=6, 2843906=1, 3559668=1, 15204725=6, 24006995=1, 33043601=6, 8502033=2, 21472473=2, 380182=1, 21708593=3, 10382771=1, 33202482=2, 26244025=1, 30568677=1, 1375609=1, 21723635=1, 21090233=1, 1297735=1, 28994305=1, 30397497=1, 3617329=3, 1694471=1, 6248973=1, 5663981=1, 9703769=5, 9125529=3, 23616654=1, 17884178=1, 26163878=3, 21230850=1, 22206370=1, 30971149=2, 30785=1, 8625626=2, 1548902=2, 10102580=4, 21096250=1, 21203856=2, 12627713=2, 28925221=1, 14669493=1, 32530758=1, 15804712=3, 27235110=2, 9927695=1, 343896=3, 16750118=2, 2603954=2, 10514800=1, 27434773=2, 28084146=2, 16670742=1, 30811630=4, 4975645=1, 11839814=2, 22237677=1, 23655373=1, 31121144=1, 2826918=3, 27957348=2, 29285750=1, 12436640=1, 33500888=3, 9934792=2, 32677626=2, 31620160=1, 5209263=1, 28841520=6, 18217363=1, 8140783=5, 27800122=6, 13174059=3, 28224460=2, 14699849=1, 28951229=1, 22306609=1, 22570425=1, 33221347=1, 26593120=1, 24515510=4, 4968539=1, 17028231=1, 13595614=1, 32474311=2, 25883821=1, 8779095=1, 31366132=2, 28874614=2, 28121944=3, 668756=4, 10273917=1, 17147452=2, 2929780=2, 2897066=5, 7439696=2, 30740783=3, 608084=1, 32385009=4, 25108820=3, 18920618=2, 20135697=3, 16638628=1, 4618823=1, 252266=1, 614791=1, 10751584=5, 14414500=1, 2604832=2, 10104237=4, 26457731=2, 30157468=5, 1968571=4, 31511777=1, 3038973=1, 16618793=2, 19727900=3, 16944057=2, 9154966=2, 32926427=1, 11467391=1, 28952006=1, 2424993=3, 6363121=3, 23348312=1, 4993283=5, 128210=1, 16374952=1, 28619139=2, 31566382=2, 26151619=3, 25729678=2, 7594334=1, 17716158=1, 19816602=1, 11412635=4, 20404500=1, 28768950=1, 14140209=1, 11053523=2, 17683345=1, 1043144=1, 4881391=1, 18294419=3, 4474167=1, 10828451=3, 13370159=5, 21273564=2, 25233124=3, 25579143=1, 25757081=3, 21727905=2, 27342014=3, 25376193=3, 21916291=1, 22140741=1, 5808831=2, 18752074=4, 30828905=1, 21409972=2, 18106010=1, 27961145=2, 30056902=2, 18095002=5, 9322284=4, 11652067=1, 28945563=2, 23437381=2, 2246249=1, 28208627=1, 6389902=2, 20001202=3, 21465=1, 11949378=1, 25663962=2, 26134177=1, 25764816=3, 32475624=2, 620931=1, 3571506=1, 14032254=4, 7775225=2, 15437799=2, 6764047=3, 22455467=2, 18264692=2, 13170590=1, 9109283=1, 14625548=3, 7403497=1, 21594775=2, 18081058=1, 3948269=5, 5453790=3, 22877584=3, 12663046=3, 11578936=2, 15846095=1, 7433167=1, 21099198=1, 24104051=1, 18423802=3, 11903699=2, 24862406=1, 2583805=1, 8039799=2, 6267189=2, 5597253=1, 26072363=1, 32666243=1, 32512784=7, 28955817=1, 10682189=1, 5333894=1, 26644812=2, 3913478=2, 15672819=3, 27662571=4, 30636616=1, 28835204=1, 32875927=2, 30866710=1, 7231968=1, 18173316=1, 28037901=1, 32822506=1, 21171162=3, 18846729=2, 19796906=4, 15539053=3, 23144230=3, 33194727=2, 21761744=5, 18060869=2, 20194914=5, 26489994=5, 30605175=1, 15566079=2, 24542708=1, 27290800=1, 31763005=2, 5175770=1, 16114904=1, 26037384=1, 19995238=3, 6161611=4, 7090813=5, 32106532=1, 32394260=1, 25972331=1, 33300091=5, 266820=5, 7399178=1, 1158432=2, 9936213=2, 19524594=1, 24975840=3, 23010736=3, 11005885=1, 3157966=7, 23357136=1, 9165465=1, 6651564=1, 10412440=1, 32864585=1, 25442631=5, 19207793=3, 32433790=1, 25533230=2, 31501853=2, 12492982=2, 30359391=3, 20097106=2, 3485530=3, 20879080=2, 23554730=1, 4751921=2, 25924076=2, 22225036=3, 20205386=1, 15129378=1, 2120955=1, 6759902=3, 23796715=3, 14883472=3, 23348623=1, 17197584=1, 7740300=4, 31107530=2, 31282946=1, 23182842=2, 6331930=2, 21059289=1, 4669939=1, 6309469=1, 31232228=2, 2101638=8, 316432=1, 10003632=2, 8291231=2, 29112863=5, 32674219=2, 10960974=1, 19812135=1, 2638179=1, 18218461=1, 16512741=1, 26084666=4, 7377642=2, 827379=2, 22940527=4, 24387027=5, 15385190=1, 10612031=1, 3309633=2, 27176952=2, 8035891=2, 32408416=2, 24766542=1, 29050046=1, 31215127=1, 27213738=3, 2730=12, 20229680=2, 12415026=1, 27503101=2, 24412681=2, 11039691=1, 970785=1, 25812571=1, 12690458=2, 1404817=1, 10961475=1, 24430609=1, 25295729=1, 6514854=1, 14073152=2, 19969132=2, 2027927=1, 19966068=2, 19636306=2, 24084710=2, 16860883=1, 2849521=1, 30944586=6, 10757902=5, 20074570=1, 23931153=3, 7020410=3, 27568490=2, 5958323=1, 40803=2, 30073589=1, 13728780=1, 25845217=1, 32615076=2, 22705577=1, 26662198=1, 31195178=5, 22784353=2, 17568647=5, 24946570=2, 12243029=1, 27897989=2, 19953653=1, 16892631=1, 29630955=5, 21892762=4, 16305834=1, 3647417=2, 3953169=1, 31222618=1, 3108068=1, 26903683=2, 6947669=4, 25131076=1, 32962010=1, 24361109=2, 17521430=1, 7913800=1, 29376730=1, 29081076=2, 20715871=5, 29923937=2, 14492967=3, 10133250=2, 20646801=3, 25312456=4, 15605278=4, 33463402=2, 11838566=2, 20799803=1, 31844403=1, 30238581=1, 2261133=2, 21086934=1, 18025922=3, 3703399=2, 31226927=1, 18126404=2, 23098125=1, 13194053=1, 9596623=1, 33319216=1, 29095922=1, 8167580=2, 23213491=4, 21399851=2, 29061809=1, 24107234=1, 2554625=1, 7787928=1, 17168859=1, 28735022=1, 31389579=1, 50325=1, 9782903=1, 10403250=2, 32751007=2, 14485113=3, 6847273=1, 17608295=2, 17239742=3, 16671969=1, 10192726=2, 21352018=1, 9971153=6, 32181054=3, 27439994=2, 1002174=1, 5373984=4, 21448512=1, 31636380=2, 15671215=3, 11566642=1, 24545808=2, 9815165=1, 5088758=2, 19062806=1, 25825003=4, 7780527=2, 13414654=2, 5049804=3, 2351386=1, 33419584=1, 4359159=2, 3987571=1, 19560589=1, 16491319=2, 16322706=3, 14528372=2, 27404711=4, 24848297=3, 7686936=1, 3325467=2, 2922504=2, 15737126=7, 22978158=2, 24100870=1, 22407250=1, 18962992=1, 8675921=1, 22743861=3, 23681647=1, 12675863=1, 13221425=2, 7459988=1, 14949088=5, 5765425=1, 31003745=3, 12428580=2, 10055175=1, 13713201=3, 1728964=1, 6347459=1, 21913268=1, 24825746=1, 8120175=1, 23701167=2, 11308794=2, 31451171=1, 30904883=2, 2985992=2, 32221308=2, 1303076=1, 24409359=1, 21643254=4, 12998749=1, 7771224=2, 4166054=2, 33502193=3, 28084169=2, 15998558=5, 4621426=2, 1810706=2, 18964481=1, 2101314=8, 22664744=1, 14907744=1, 4852826=4, 29581787=1, 1219063=2, 15385910=1, 21783373=1, 11172817=1, 11062191=1, 6526961=2, 25119598=1, 23532051=3, 1030818=2, 29446710=1, 21807780=1, 18452279=2, 16042217=1, 27215055=1, 207054=3, 10166369=3, 26638718=1, 25356974=1, 32775301=5, 28540260=1, 26625109=1, 19563003=2, 5228232=1, 25426043=1, 16313871=1, 8578165=1, 27185477=1, 28279184=2, 28931191=1, 5405919=1, 31450177=1, 32975895=3, 3139199=1, 27116695=1, 3300326=1, 12947267=2, 24206419=1, 12187391=1, 18193527=2, 8930178=1, 5374385=4, 9837927=4, 20616088=2, 26362185=1, 2728520=2, 17918938=1, 6926925=2, 24118442=7, 25466875=2, 10652851=2, 9009845=1, 9343963=2, 16732313=1, 24677886=2, 7119931=2, 7805333=3, 18707578=1, 13632274=7, 8645271=1, 6746820=1, 27360331=1, 15504697=2, 3957985=1, 12840171=1, 23087354=1, 24905614=5, 17725430=1, 2328174=2, 1827307=1, 23064743=1, 27549306=1, 13168515=1, 31503304=2, 6098357=3, 22039648=1, 25224483=1, 28929033=1, 13860500=1, 25336041=2, 21409749=2, 5388052=4, 14458128=2, 2277532=1, 7501898=1, 16338142=1, 22689091=4, 2583321=1, 23289470=1, 5533308=1, 31534195=3, 3246080=2, 14071923=2, 25398123=2, 6299392=8, 24107904=1, 10906153=1, 31474359=1, 18161387=3, 28031784=2, 11864917=3, 17228986=1, 5840981=3, 9331698=1, 2040907=3, 16955149=2, 2553529=1, 6188567=1, 4266969=3, 30388131=2, 10953545=3, 18252117=2, 12516877=1, 14987014=2, 9471572=2, 1963516=1, 15490813=1, 30504174=1, 20583327=4, 439118=2, 4877200=1, 23104249=2, 32196116=1, 30073553=1, 6694156=4, 20991686=1, 23600954=6, 21265124=1, 7842130=2, 22671613=1, 5286166=2, 9133290=1, 3501179=1, 16331107=3, 31148962=1, 11955972=1, 2115564=1, 24099600=2, 6604031=1, 499894=2, 33507745=1, 12448048=1, 17724753=1, 33447016=1, 2811530=1, 19301416=2, 6108661=3, 26071361=1, 6603853=1, 33251962=1, 33352380=1, 13403147=2, 16934508=1, 21772491=5, 8593223=3, 6163=12, 19842410=1, 29073847=2, 11140694=1, 10161950=3, 9708169=5, 11180862=2, 22547009=6, 13707454=3, 18177691=1, 26603815=1, 14040134=4, 23099268=1, 10168794=3, 13860045=1, 13725386=1, 17944182=1, 27767801=2, 15126457=1, 1204400=1, 11292050=1, 11651669=1, 23146480=3, 8825261=2, 20978445=9, 29897224=6, 7720719=1, 29807029=1, 10944937=3, 2320742=1, 5334383=1, 30227076=3, 15615162=1, 7783351=1, 6090319=1, 8465536=3, 4877628=1, 7937461=3, 23379377=2, 23864196=5, 21943612=1, 22184082=2, 25619461=1, 17064687=1, 22984014=2, 27278022=8, 28486721=2, 15042084=2, 6251810=1, 22643714=2, 5951133=1, 9945643=1, 9998849=2, 30843043=2, 17205645=2, 21640874=4, 30509271=2, 6063320=2, 13197773=1, 891463=2, 5581411=3, 5290307=2, 3167653=1, 16194831=3, 23581189=1, 15950550=1, 653935=1, 30336257=1, 21960673=3, 25222284=1, 16830054=1, 25099653=1, 29040693=3, 2002780=2, 33390647=2, 21601926=2, 30062899=2, 25224053=1, 10026595=1, 19856658=1, 14716873=2, 16599201=1, 5838709=3, 31566858=2, 6034483=5, 3321921=2, 4970938=1, 13570782=3, 24504012=1, 14930879=1, 14162281=6, 24364056=1, 18564558=1, 29396076=2, 16305080=1, 15375197=2, 5139404=1, 31400578=3, 570404=2, 7380833=2, 8747020=1, 27001313=5, 22985551=2, 11527670=1, 32753387=1, 30024706=4, 27471805=3, 28568127=1, 22101729=3, 6707015=1, 24069722=1, 11863125=3, 13570265=3, 10847169=2, 26331707=1, 19359534=1, 11368396=1, 2633065=6, 15348408=4, 17668445=2, 29795546=2, 19468100=3, 13523492=1, 27656022=1, 8065391=3, 16676737=1, 18792578=1, 29972663=1, 26895166=1, 29851190=1, 8034407=2, 4453807=1, 21924571=2, 11638960=2, 6498813=3, 8193364=3, 9850632=1, 29606605=1, 22425756=4, 29499862=4, 32430738=1, 29737518=1, 24989318=1, 19982944=1, 1578122=6, 15464901=1, 31522093=1, 22877896=3, 16152111=1, 19615882=1, 23010507=3, 33500089=3, 19582307=1, 4022443=1, 19468011=3, 11343400=3, 26133372=1, 818020=1, 29595138=2, 2455932=1, 4838370=1, 28756155=1, 23847458=1, 20703543=1, 20455410=6, 94405=1, 329938=3, 14136305=2, 3786371=1, 28156488=2, 12968951=1, 25726316=2, 7107696=1, 6409812=1, 4600054=4, 25617782=1, 13473242=2, 20262194=3, 9470738=2, 21654181=1, 9402743=1, 4443107=1, 27530343=5, 580239=1, 2503229=4, 15471421=5, 11016291=6, 24538682=1, 24047436=1, 10559704=3, 20240281=1, 31995483=6, 4957740=2, 12080979=1, 19148304=5, 32673679=2, 1179293=1, 6952234=4, 4318605=1, 22122456=2, 15985272=1, 2248256=1, 32904610=4, 10905946=1, 20663002=1, 21089280=1, 19600002=3, 31030500=1, 5445141=3, 14902337=1, 14323749=2, 25249029=1, 4063093=1, 4465497=5, 27254636=1, 5765894=1, 21439348=3, 12712387=1, 33507057=1, 17148139=2, 30229717=1, 9947013=1, 8696148=2, 25308714=4, 11043924=2, 13135895=1, 22906193=2, 13816502=1, 12255621=3, 28920303=1, 23640914=2, 19943515=1, 2902353=1, 6538060=1, 8191186=1, 14806782=1, 5607485=2, 5287863=2, 27736101=3, 12454576=4, 20146457=1, 31884604=2, 31093056=1, 24792334=1, 11776139=2, 13804890=2, 14231456=3, 28801414=1, 13826954=1, 12053444=1, 24381587=5, 2097563=8, 26734209=1, 1037620=1, 27807968=1, 16189762=3, 11258385=1, 15171105=1, 18253155=2, 744515=1, 31664761=3, 23681116=1, 4158763=1, 29928077=2, 4738881=1, 3360166=1, 32111708=1, 8710405=1, 25059089=1, 30158609=5, 32529676=1, 30102816=1, 20771368=1, 27060457=1, 3351933=3, 10984061=2, 17045016=5, 8494177=2, 18559730=3, 28468964=1, 505288=2, 11485174=3, 29511652=1, 23385833=1, 6802132=1, 15016636=3, 18117105=1, 19983560=1, 25535699=2, 16760126=2, 2040511=3, 12212991=1, 25652009=1, 17675329=2, 8484516=1, 24430140=1, 11779778=2, 20860429=1, 26236556=1, 24195302=3, 6161309=4, 13196572=1, 7862457=1, 6970978=1, 11028113=1, 16116949=1, 6828068=6, 17090498=1, 19880314=1, 32734728=1, 11905375=2, 13566404=3, 16528158=5, 33304589=5, 16794072=1, 10676919=1, 22725197=1, 24087939=2, 14811825=4, 22663236=1, 10784688=2, 25910978=1, 87941=1, 8662505=5, 27269094=8, 25028028=1, 1997536=1, 32433550=1, 20927355=1, 12345177=1, 33362008=3, 3818526=1, 17196096=1, 2114649=1, 2787270=2, 5640277=4, 14172302=1, 16470861=1, 16117685=1, 11801377=5, 7072138=1, 6152010=1, 32067185=1, 21154198=1, 19878678=1, 16535142=1, 24636008=1, 14218369=1, 3920426=1, 1280519=2, 12031288=2, 27039267=2, 30780760=2, 19416364=1, 5026107=2, 15219267=6, 22975875=2, 32642810=4, 29380630=1, 11247242=2, 28029746=2, 25647601=1, 11708665=2, 28121450=3, 30726480=1, 10602145=1, 22196688=2, 6821165=6, 12069444=6, 1744764=2, 15289994=1, 207122=3, 5186318=3, 13542035=2, 10339760=1, 23913876=1, 8812012=1, 11392794=1, 27389852=1, 719926=1, 21544151=2, 19856005=1, 6055334=1, 354186=1, 29288816=1, 22461389=2, 12327311=5, 30923900=1, 7936216=3, 33218551=1, 16338149=1, 9101562=1, 16164508=2, 33456683=2, 9661864=1, 33462432=2, 32311522=3, 6632969=3, 767271=2, 30520482=2, 25500524=3, 8491959=2, 6009274=2, 9825258=1, 33434770=4, 8771607=1, 4654668=3, 21013232=2, 23988839=4, 14458609=2, 24059848=3, 1254033=3, 30946322=6, 7583545=2, 3410268=5, 23656342=1, 24263397=4, 32709197=3, 30062841=2, 3791512=1, 17292125=1, 25546485=1, 8158650=1, 19046222=2, 23017023=3, 14237780=1, 25168387=10, 11622450=1, 5651357=4, 13116481=6, 32121122=4, 10391233=2, 31895053=2, 23125772=1, 29019942=1, 1108621=1, 23488107=1, 22743701=3, 6197448=2, 1281529=2, 29178168=3, 17322580=1, 14931786=1, 13400002=1, 11060971=1, 4421795=1, 29474998=1, 4235228=2, 25078747=2, 30768242=1, 29308580=3, 23617124=1, 10519786=2, 19163171=1, 26164135=3, 14718311=2, 16123992=4, 8195010=3, 9833140=4, 17123309=1, 6760076=3, 24867940=1, 13466653=1, 12289858=2, 134456=4, 32375954=4, 22595562=1, 2788830=2, 27131006=1, 30856167=1, 11332798=1, 2896156=5, 26546231=3, 3448735=2, 16499323=1, 15213600=6, 13648020=1, 31419440=1, 31789279=3, 16334536=3, 5039946=1, 467008=3, 15152478=3, 12830377=1, 7407754=3, 22926517=1, 1451658=4, 3735010=1, 32212920=2, 29692515=3, 13440464=3, 22522973=2, 19270650=4, 9616841=2, 18683247=3, 25365033=3, 17768354=3, 7335735=1, 15719735=1, 4793812=3, 3481287=3, 16668194=1, 31790144=3, 10147595=1, 10296041=3, 20558742=2, 7440013=2, 24926145=1, 26006863=1, 32464942=1, 32628191=1, 21491375=1, 31308158=2, 18868998=1, 2343945=1, 73530=3, 3726270=1, 31496891=2, 13262279=1, 20944339=2, 17594990=1, 21343336=2, 16296825=2, 19802346=4, 9658329=1, 10359916=4, 29118735=1, 7064841=1, 25437266=5, 5491059=1, 32248590=5, 29717362=1, 8292335=2, 1641778=3, 8144356=1, 14082344=1, 22305622=1, 21356740=1, 11723982=1, 14036765=4, 26731139=1, 10622467=4, 22144774=1, 32138569=1, 28894296=1, 6130684=2, 20205894=1, 23304574=2, 28315008=7, 4447389=1, 1893576=1, 26834670=1, 22431278=1, 8124509=1, 8312500=1, 18884479=8, 10322464=2, 13705231=3, 9272141=1, 29737449=1, 14071190=2, 622545=1, 27221699=1, 23042112=2, 4305623=2, 17778714=1, 9182040=5, 30484085=3, 24892325=1, 14013201=1, 3258571=2, 27068168=3, 15770353=2, 9321563=4, 20990474=1, 15471409=5, 17121988=1, 15414013=3, 14381292=1, 4569707=2, 21754779=1, 32404627=1, 21590138=1, 7584721=2, 16875556=2, 7213557=4, 17022236=2, 14675851=1, 20719672=5, 1715414=4, 14889640=3, 24938929=2, 16189556=3, 28633221=1, 15062866=1, 8618545=2, 30446770=2, 1722691=1, 29502937=4, 26846040=2, 24306551=1, 7853026=1, 19462672=1, 32300733=1, 16781419=11, 3397209=1, 8725700=3, 5028650=2, 13818287=1, 14918328=2, 967335=1, 21796695=2, 24656332=6, 817607=1, 3219068=3, 3106236=1, 11557315=1, 28581339=5, 14596523=2, 4792756=3, 8451832=1, 3847442=2, 10210143=1, 12837493=1, 26359837=4, 13877409=1, 31094965=1, 9829777=1, 29031418=1, 22541848=1, 15110186=2, 15795090=3, 27879415=1, 10165164=3, 2912264=1, 20444471=1, 6825077=6, 1942790=2, 2515008=1, 10536031=1, 26599715=1, 16683677=2, 18937358=1, 28497523=1, 25214886=2, 4760079=2, 32624782=1, 28022574=2, 31876800=1, 14823944=4, 6351910=1, 31391898=3, 1535268=1, 10964092=1, 21893157=4, 29829117=3, 5170373=1, 2760354=4, 19137484=5, 28039534=1, 32766161=1, 2369154=5, 12496939=2, 8264102=4, 9850056=1, 26543991=3, 11584477=1, 13845107=1, 31089380=1, 29511810=1, 20579051=4, 15663765=3, 20739623=1, 27325259=1, 1513211=3, 3863057=1, 3476725=3, 7271009=1, 26014270=1, 7711053=2, 23439438=2, 10420901=3, 23605590=6, 26804676=3, 841728=1, 33327719=2, 6210984=1, 33318713=1, 16089878=2, 21091323=1, 3313830=2, 9073074=1, 33543087=1, 19848582=1, 29522362=1, 3505179=1, 22576940=1, 24934751=1, 12254986=1, 24403720=1, 23661545=3, 27319228=1, 7678462=3, 14276336=1, 27855186=3, 30992300=1, 19492322=1, 19413927=6, 22617704=3, 5993597=1, 30157484=5, 2520131=1, 7939241=3, 13288755=1, 16251722=1, 28699054=1, 3546587=4, 4742573=1, 8753044=2, 8745176=1, 12202472=4, 7863899=1, 20623179=2, 20904189=1, 5982702=1, 14532772=1, 2308567=3, 4046517=2, 23478507=1, 9108931=1, 19912066=1, 32493302=1, 27782417=1, 17259364=1, 18304928=1, 19652863=1, 9088343=2, 25436763=5, 2431705=3, 27459510=1, 23180425=2, 3347641=3, 17535477=2, 23539206=3, 28334772=1, 10732658=1, 16223040=2, 17329314=1, 8450206=1, 23276624=3, 6941867=1, 7160402=1, 30083103=3, 17049268=5, 20468252=1, 31608339=1, 30278815=4, 29524771=2, 26990152=1, 14193822=2, 4120405=1, 10475906=1, 22492396=3, 1757445=1, 27070361=3, 14429485=5, 25362470=3, 1374262=1, 2307391=3, 30805746=4, 31093820=1, 26757272=1, 23458805=1, 611666=1, 7410281=3, 32123511=4, 8258713=4, 15285278=3, 381020=1, 1355675=2, 25386759=1, 30108638=1, 9865813=2, 31662127=3, 25122006=1, 24020643=2, 24821217=2, 8353211=1, 21864777=2, 1337179=1, 25535083=2, 4930114=3, 11564288=1, 29808242=1, 10119004=1, 18518125=2, 29358625=1, 32430463=1, 26127165=2, 6648420=1, 19679415=1, 32754608=1, 5864471=1, 15889129=1, 18965792=1, 13097535=1, 7303049=1, 22482672=3, 22293832=5, 28874593=2, 14194762=2, 32887823=1, 14050373=1, 24871383=2, 1837392=5, 32762401=1, 5497215=1, 4165642=2, 29862654=2, 15597446=1, 26309795=1, 8680987=1, 16842797=3, 26575373=2, 18423601=3, 17566736=5, 16349268=1, 26976592=2, 7469657=1, 30880849=3, 6523745=2, 3954378=1, 32764861=1, 797104=5, 24955303=1, 1069793=1, 6455168=1, 11156550=4, 15431689=1]}>
	at org.apache.hadoop.hive.common.ndv.hll.TestHLLSerialization.testHLLSparseNoBitPacking(TestHLLSerialization.java:142)
]]></failure>
  </testcase>
  <testcase name="testHLLSparseNoBitPackingHalfDistinct[6]" classname="org.apache.hadoop.hive.common.ndv.hll.TestHLLSerialization" time="0.058">
    <failure message="expected:&lt;...Prime: 6 register: {[10193337=2, 3022264=4, 33072483=2, 6584093=1, 10540434=1, 8279049=1, 9246441=3, 12584805=9, 13421765=1, 24589923=3, 11512007=2, 6425156=4, 12402680=3, 9231094=1, 19809275=1, 24452539=3, 17205229=2, 1794876=1, 25718893=1, 8168123=2, 33204292=2, 2783815=1, 30395603=1, 27885680=2, 8014159=1, 28279278=2, 67430=3, 13204486=1, 29436429=3, 2541302=1, 29388242=1, 10716622=2, 30820872=1, 19975203=1, 24384084=5, 31585208=1, 27650169=1, 8988380=3, 14231219=3, 22022043=7, 18956070=3, 10152487=1, 30217820=3, 878298=1, 2131387=2, 24546939=2, 7833961=2, 11096023=1, 28520727=3, 25767217=3, 1873664=2, 31150947=1, 12804544=1, 16480780=1, 14180159=1, 33077231=2, 5793846=1, 2735408=2, 8203389=3, 9787004=1, 15071813=1, 9193395=1, 2646956=1, 28656939=1, 13720192=1, 25855402=2, 17856697=1, 20888347=2, 23341916=5, 26505769=1, 523859=1, 24748237=2, 12242479=1, 30140733=1, 10742951=1, 16483609=2, 21392365=1, 6624812=3, 25531329=2, 22199761=2, 17595255=1, 22471185=1, 7741368=4, 3010020=1, 27288312=1, 27200966=3, 19256626=1, 31578983=1, 7538738=3, 4140556=3, 21488626=1, 1897027=1, 32559369=1, 1038607=1, 32808359=2, 30440352=1, 9320899=4, 21644879=1, 14665837=1, 32320927=3, 23017791=3, 10988500=2, 32806396=2, 16608106=1, 9320365=4, 27616260=1, 25817234=1, 181610=1, 5006384=1, 31163259=2, 17859736=2, 6220929=1, 17752548=1, 30181043=2, 5740168=2, 20426028=2, 29068224=2, 30616490=3, 10226356=5, 27111481=2, 7484059=4, 19490233=1, 3216936=3, 10409639=1, 24333225=1, 3687148=1, 2095759=1, 16611618=1, 2669592=2, 21138070=2, 20065285=4, 32584230=3, 26899241=1, 18079652=1, 25805530=1, 32535477=1, 3760346=1, 21649459=1, 16827885=1, 3528908=1, 29589931=2, 3318014=2, 11125288=1, 15946938=1, 14122761=1, 12329289=5, 26926975=1, 27293612=1, 33392158=2, 7282959=3, 31716962=1, 4422255=1, 1866629=1, 32539107=2, 29682107=1, 21534796=2, 33458460=2, 14363186=3, 5989981=1, 17452654=1, 26146555=1, 20953527=2, 4121738=1, 269072=5, 28269640=1, 29565180=3, 31455454=1, 23690908=1, 19618283=1, 29172029=3, 18220835=4, 30246010=2, 28400157=1, 10923351=2, 23533278=3, 3070517=1, 21113131=4, 30629896=1, 30847022=2, 24410903=1, 29161017=1, 21026350=1, 7365738=1, 26655695=2, 4186863=1, 32835774=3, 16846706=3, 23773487=1, 20035414=2, 19208194=3, 8283949=1, 8108063=2, 22185766=2, 15653891=1, 25370222=3, 14589905=2, 33541781=1, 25859540=2, 28621380=2, 15786393=1, 870366=1, 29505152=4, 21275235=2, 21745905=1, 16982317=3, 22613010=3, 6966159=1, 10113697=1, 3029940=4, 14071657=2, 24671074=1, 22857124=1, 12144244=1, 5754508=1, 8800084=1, 14201973=2, 7912534=2, 5187632=3, 19709959=1, 32999760=2, 29807017=1, 3818747=1, 1954231=1, 7932822=3, 9416778=2, 19083408=3, 16575088=1, 17332140=1, 7710501=2, 16450439=3, 31379561=1, 11310775=2, 16337200=1, 23334805=5, 22839857=2, 1250283=3, 9110565=3, 27268285=8, 25398447=2, 15789279=1, 10052636=1, 13959700=3, 27224383=1, 32928682=1, 32449417=3, 21543075=2, 10390739=2, 19610286=3, 29830962=3, 507367=2, 27179113=2, 13209352=2, 32497258=1, 3626940=1, 11807950=5, 19466333=3, 2175695=3, 2335097=2, 23623466=1, 5916690=1, 19682362=1, 7322315=2, 7877681=6, 1003629=1, 10268271=2, 6538710=1, 25544914=1, 21983326=1, 3451121=2, 2368673=5, 18206323=1, 14569716=1, 5908959=4, 2143153=2, 27344250=3, 32033626=1, 12268775=3, 22736268=1, 4283749=1, 3277046=4, 9242940=3, 27170188=2, 16658067=4, 8256909=1, 19445322=2, 17636884=3, 23649999=1, 8218031=1, 1850740=5, 7404784=1, 10685787=3, 17031023=1, 14749718=3, 31475619=1, 27333959=3, 22068340=2, 32036064=1, 1368020=1, 26645156=2, 1898832=1, 3893031=1, 15441602=2, 12026502=2, 19787814=1, 887194=2, 4866458=1, 25492384=1, 13018024=2, 30966317=2, 7939661=3, 9077140=2, 3860538=1, 20042926=1, 25883333=1, 23803508=3, 31178939=1, 24709622=3, 23590352=1, 27409257=4, 13069998=1, 16904527=1, 17275732=2, 16333372=3, 31909015=1, 6120763=1, 18491585=4, 23586586=1, 9450917=7, 18396003=2, 28246397=3, 17197501=1, 1914801=3, 17333809=1, 10303280=3, 8579024=1, 32085665=2, 29895541=6, 18455845=2, 28440121=1, 7331941=1, 17629923=3, 8235337=2, 2697886=3, 24585146=3, 8799909=1, 24056673=3, 11838780=2, 31689665=2, 26853016=2, 28861691=1, 13046154=3, 3377685=2, 28025650=2, 29007717=2, 2969501=1, 24923527=1, 29478275=1, 6635657=1, 12350814=1, 4613029=1, 20676247=1, 2751636=1, 834228=2, 32612311=2, 2037456=3, 17384563=1, 7139920=1, 7654911=1, 7388325=2, 17129908=1, 22848036=2, 11096547=1, 7508316=2, 2790377=2, 6923080=2, 18668287=1, 23245552=2, 29853176=2, 31253073=1, 4373912=2, 32545455=2, 9220035=2, 14286523=1, 31313722=1, 3193612=2, 20225860=2, 5198417=1, 5746571=2, 23053728=1, 30353461=3, 9176251=5, 6671982=1, 20938280=1, 10479334=1, 24531471=1, 1038721=1, 24367027=1, 9735424=2, 13160095=1, 11369385=1, 25831874=4, 19700117=2, 16777913=11, 21398864=2, 22894253=1, 31631120=2, 20922851=1, 28235861=1, 30667002=1, 27720050=1, 11711709=2, 13697846=3, 7013981=3, 27587289=1, 11282572=5, 11434684=1, 4443469=1, 20744972=2, 4610293=1, 31789181=3, 27870104=1, 3077805=1, 25490128=1, 6810520=1, 8126950=5, 33288310=1, 29414681=1, 24281916=2, 8607406=1, 2161074=1, 7264236=1, 8966827=1, 8041641=2, 29161097=1, 19037981=1, 18431276=3, 31330875=4, 21420700=1, 16678311=1, 3427116=1, 12809993=1, 5710182=3, 8599068=3, 13931365=2, 31564171=2, 11132487=1, 26989254=1, 18055965=2, 1643950=3, 13858289=1, 676485=1, 6495258=3, 10382234=1, 12260709=3, 16650721=4, 16552599=2, 24405454=1, 23676977=1, 15489676=1, 2680882=1, 5704446=3, 3405643=1, 7408747=3, 691722=2, 13047010=3, 9806441=2, 24327750=3, 25426067=1, 3463259=1, 25380775=1, 22582332=2, 32923905=1, 14536798=1, 25622017=1, 29898151=6, 14950099=5, 22948521=4, 6486888=1, 14147541=1, 1623662=1, 2756079=4, 9595828=1, 25585859=1, 17159925=1, 25586627=1, 28505831=1, 4282231=1, 17508945=3, 9799016=2, 10245584=1, 1166322=1, 6373677=1, 18921961=2, 25343602=2, 30462502=1, 22486491=3, 8204384=3, 25931343=2, 9701257=5, 9953388=1, 5813891=2, 29919415=2, 27884274=1, 8458350=3, 30805712=4, 25921416=2, 25615113=1, 17648388=1, 24790713=1, 6936587=1, 10098974=4, 15652125=1, 990076=3, 19498049=2, 19028573=1, 17156027=1, 19808333=1, 10721485=2, 22598901=1, 10139443=2, 7333019=1, 18121459=2, 11463708=1, 32089634=2, 26647300=2, 14711371=1, 30348657=3, 5341221=2, 7585059=2, 24679295=2, 31690849=2, 25374223=3, 20464339=1, 422657=1, 13857652=1, 1357180=2, 4201969=9, 14041983=1, 20575082=1, 30305202=1, 12138124=3, 216963=1, 12776871=1, 31201325=5, 16542688=1, 29374589=9, 25788851=2, 14149650=1, 22917393=2, 988892=3, 20063632=4, 5120675=4, 33044639=6, 22563538=1, 1381610=3, 31420877=1, 27666898=4, 11569032=2, 13593447=1, 30893179=1, 788066=5, 26263911=1, 11101372=1, 30011071=1, 6138638=2, 33056649=1, 13624405=1, 31498675=2, 29869730=1, 26941417=3, 23917073=1, 10149080=1, 5454827=3, 28505210=1, 4526222=3, 28245836=1, 30691718=1, 2319261=1, 8715142=1, 28153266=2, 13552656=1, 14013836=1, 27650008=1, 3496498=1, 18388367=2, 2658575=2, 7110270=1, 14471690=1, 14869664=1, 18065546=2, 6552519=1, 23045594=2, 14269004=2, 1063195=7, 21213646=2, 6438505=4, 21889755=4, 14939229=1, 29001081=2, 6984347=2, 3318760=2, 18282678=1, 19522553=1, 33540507=1, 6156016=1, 9239366=1, 32872638=2, 21366383=4, 9645922=3, 23819431=1, 31670133=3, 7545166=3, 20971445=1, 14565433=1, 14869266=1, 26886735=1, 4413228=1, 20562489=1, 20969327=1, 24433722=1, 13051755=3, 13787150=1, 19640552=2, 14793574=2, 32246108=5, 11146942=4, 8992374=3, 30719604=2, 13900875=5, 5971854=3, 10879417=4, 8313001=1, 14648257=2, 27764113=2, 5642187=4, 17690864=1, 20960738=1, 806511=1, 14106050=3, 5478133=2, 19630819=2, 10896791=1, 19537853=4, 28989434=1, 18168803=3, 30149746=5, 18241357=1, 10039069=3, 3364762=1, 19936358=7, 19149379=5, 16124509=4, 22611263=3, 1771078=3, 16260782=6, 31190965=1, 13299691=1, 26152299=3, 12969560=1, 18488009=4, 3095299=3, 5094524=2, 9438773=7, 18894894=1, 25638131=3, 8790335=4, 1703227=1, 3788542=1, 6186326=1, 13906542=5, 24472292=1, 8310556=1, 23548025=1, 5961481=1, 2458531=2, 32542287=2, 8872793=1, 23156667=1, 27094144=1, 9853414=1, 15564645=1, 32928081=1, 24766497=1, 23068809=8, 8563335=2, 6540086=1, 10595568=2, 12919407=3, 27727684=3, 17436735=4, 6327760=2, 11140905=1, 11857965=1, 5226675=1, 16346804=1, 24351483=2, 3936736=5, 746095=1, 3339014=1, 9916521=1, 31205180=5, 23463879=4, 15984220=1, 3434548=1, 9764528=1, 3310964=2, 1576735=6, 2792020=2, 23319026=1, 18987303=2, 16827762=1, 23220662=1, 32731612=1, 15238806=2, 31511304=1, 32214209=2, 22093532=3, 14685322=8, 21419651=1, 13583975=1, 20726232=1, 1373698=1, 24262360=4, 5938561=2, 4200024=9, 811851=1, 21208287=2, 13024122=2, 1919962=1, 11174947=2, 30532533=1, 18436446=1, 26801279=1, 23950632=1, 32945310=2, 22648385=2, 26649064=2, 21206848=2, 1835662=5, 25825823=4, 17323918=1, 24299477=1, 5029273=2, 5107017=1, 17848884=1, 23307703=2, 20448057=6, 32411614=2, 31184804=1, 15295510=1, 9203677=1, 22199377=2, 32468394=1, 28669604=1, 19099463=1, 31871585=1, 29557081=3, 28025468=2, 13743999=2, 28885888=1, 21246687=5, 23384072=1, 2705479=1, 4176326=2, 10888039=4, 1492898=1, 26249640=2, 19988327=1, 28147649=1, 31227701=1, 21388169=1, 5157248=2, 11806112=5, 19737389=3, 30519884=2, 17223073=1, 6265098=2, 14901648=1, 29689864=3, 5264774=1, 12688145=2, 32145550=2, 26726904=1, 3027916=4, 31966316=1, 9772395=3, 11337870=3, 26928030=1, 32109069=1, 9972381=6, 2308416=3, 19883740=1, 22440711=1, 9076355=1, 713247=1, 7928350=1, 10612335=1, 23070361=8, 12534763=1, 28126455=3, 1556213=2, 1016410=2, 21658648=1, 24410661=1, 600842=3, 27255506=1, 28966879=1, 11566723=1, 3420709=5, 26551362=3, 17344492=2, 3567796=1, 25508375=3, 20427125=2, 24349623=2, 22433369=1, 23418199=1, 22209223=1, 1436514=1, 32236574=1, 11259827=1, 17981657=1, 26064606=2, 23460481=1, 32252512=5, 32809235=2, 9640163=3, 29072463=2, 3222230=3, 8688809=2, 12199719=4, 21267729=2, 21424394=1, 14433865=5, 5680476=2, 27603677=3, 21725365=2, 3252911=2, 26534183=1, 5297201=1, 21267355=2, 27344633=3, 16137063=4, 21830532=3, 13265083=1, 20576213=1, 16291078=2, 778945=1, 31197358=5, 7142380=1, 11990907=1, 5762029=1, 18938452=1, 25888556=3, 4707220=1, 11246197=2, 9820600=1, 20365725=1, 19183394=2, 1216067=2, 11484110=3, 26534467=1, 21863844=2, 21164393=1, 13937851=2, 21309762=3, 26857426=1, 17703533=4, 31336406=4, 33165659=4, 32090792=2, 27100035=2, 15216383=6, 9287669=2, 3445967=2, 20941777=2, 17607988=2, 18659058=2, 25745084=1, 16254931=6, 28940925=2, 22792096=1, 6011350=2, 16027274=2, 6007188=2, 5174626=1, 29057152=1, 10354357=1, 9108989=1, 25939525=1, 32786095=1, 30915734=2, 8619990=2, 8973027=1, 15268921=1, 5059087=3, 14290382=4, 11732515=3, 11949039=1, 3300214=1, 2499784=4, 13859365=1, 32642830=4, 19738296=3, 13284004=2, 27625701=2, 33310414=1, 18281503=1, 8503495=1, 18513639=1, 24604637=1, 20337254=1, 12320676=1, 5131803=1, 15918490=1, 6166567=4, 17801306=2, 22915644=2, 4438276=2, 20234602=1, 26628553=1, 764183=2, 9834845=4, 7804927=3, 12103933=2, 2770418=1, 22092837=3, 14149550=1, 26781100=2, 28706075=4, 27555550=1, 9989255=1, 29627078=5, 11290105=1, 7996768=4, 7103941=1, 18303109=1, 24461639=1, 6030278=5, 21095524=1, 24771861=1, 25654631=1, 9524516=1, 14625273=3, 7264766=1, 614519=1, 12395880=3, 13530020=1, 5584187=3, 17139942=2, 22444840=1, 15917915=1, 29505438=4, 27604938=3, 13429816=1, 16554583=2, 9143749=2, 20087761=2, 17661587=1, 1432404=1, 12413126=1, 27369672=2, 23664750=3, 158824=1, 21679382=1, 20158642=2, 7637571=2, 8353316=1, 17580913=1, 4977763=1, 27849212=1, 33016641=1, 20130514=3, 9599568=1, 25759910=3, 18593812=2, 25836729=4, 21494494=1, 16624677=2, 2296015=3, 26945891=3, 8532027=4, 28994899=1, 5905150=4, 28281753=2, 21305270=3, 23301762=2, 10652299=2, 31857079=4, 10727588=2, 18936643=1, 16671475=1, 26070930=1, 1478018=2, 16990254=1, 22069036=2, 32520904=7, 27610627=1, 17344284=2, 22736529=1, 1571379=1, 3743137=3, 27059541=1, 20006598=1, 7826193=1, 23163346=1, 25819261=1, 30289254=4, 29408167=2, 18939554=1, 6059945=1, 33493278=3, 6931468=1, 4575554=1, 24445366=3, 11650368=1, 11153300=4, 25027518=1, 7508588=2, 26947316=3, 23983960=1, 20570987=1, 21634248=4, 31745857=1, 25848394=1, 23120574=1, 17781019=1, 16486735=2, 8579301=1, 16710281=1, 13216249=2, 3006148=1, 1131554=1, 4302796=2, 21481172=1, 3307240=1, 633544=2, 25711111=1, 20902874=1, 14729854=1, 599681=3, 3791007=1, 23426634=1, 6411508=1, 5250170=7, 589476=1, 23831708=2, 25306220=4, 18755564=4, 73293=3, 22258815=2, 6340939=1, 20362950=2, 29428572=3, 24713325=3, 31524391=3, 23631445=2, 11483073=3, 18959262=1, 4054245=1, 15219009=6, 32565765=1, 19246625=2, 15492104=1, 16467675=1, 11842114=2, 23413989=1, 6025315=1, 27126499=1, 4120285=1, 4839446=1, 25985162=2, 3617081=3, 31903583=1, 1866078=1, 28943167=2, 662194=4, 10306034=1, 32613779=2, 12884515=2, 13003486=1, 1164818=1, 216936=1, 16609009=1, 14917882=2, 4317001=1, 17490720=1, 12701280=1, 24931857=1, 27821513=2, 25603951=2, 4852977=4, 29370167=9, 14859069=2, 11505582=2, 29940060=1, 2375399=5, 25096767=1, 10433636=3, 30387241=2, 3446915=2, 24062693=3, 7548230=3, 15807580=3, 8530812=4, 14472167=1, 13033582=1, 10602320=1, 4850698=4, 4087997=1, 25904766=1, 30458482=1, 19779884=1, 24292056=2, 15645111=2, 9891608=1, 5379721=4, 15669084=3, 9681905=2, 28362788=1, 10120271=1, 29262495=2, 21139148=2, 13799555=2, 8708089=1, 17701842=4, 13728624=1, 3237913=1, 22258061=2, 8378199=1, 5924716=1, 10855959=2, 25676184=1, 24943588=2, 16654775=4, 24999352=1, 23224382=1, 19305187=2, 29683167=1, 27454941=1, 2115787=1, 17007847=2, 3402473=1, 16328004=3, 5791538=1, 12230974=2, 26079985=1, 14222528=3, 25091884=1, 11235475=1, 31663252=3, 9614537=2, 2281904=1, 28752366=2, 18513136=1, 21214531=2, 26259201=2, 47759=2, 26047555=1, 23048583=2, 15912631=1, 13570102=3, 14522483=2, 29673102=1, 25538950=2, 24678827=2, 1013179=1, 30272217=1, 736431=3, 16817643=2, 16643109=1, 11819696=1, 759942=2, 8753047=2, 1957603=1, 1730045=1, 9345761=2, 24717761=3, 790183=5, 14979000=2, 12710127=1, 19714260=1, 18040080=1, 1337768=1, 24992707=1, 18163629=3, 52624=1, 4092344=1, 31492233=2, 26198487=1, 18784452=2, 14040273=4, 28808733=2, 11802261=5, 16616341=2, 17964840=4, 1417510=2, 31252924=1, 13117154=6, 21302141=3, 2889604=5, 24617562=2, 2265077=2, 16827262=1, 23474363=4, 25101702=3, 5670807=2, 18709786=1, 29989466=2, 25263136=1, 16395339=4, 28039490=1, 32201471=1, 16374888=1, 1970854=4, 23131307=1, 13081391=2, 23152535=1, 14158065=6, 28710557=4, 10677670=1, 6416091=1, 25150569=1, 1549953=2, 17821798=1, 17979387=1, 18013020=1, 21537371=2, 10394179=2, 19821001=1, 12287293=1, 23493428=1, 15608909=4, 12198816=4, 809552=1, 29551529=1, 10462421=2, 16515883=5, 1211585=1, 7273914=1, 3017272=4, 15831830=2, 14955503=5, 2134511=2, 21285439=1, 9027426=2, 10423629=3, 2228106=1, 3293335=1, 2441700=1, 7058037=2, 29484596=1, 32289619=2, 32823665=1, 18946745=3, 28306675=1, 9633695=1, 30951786=1, 534468=6, 5669125=2, 26650866=2, 4264350=3, 31980401=1, 28807070=2, 774622=1, 11739532=3, 15568558=2, 5521783=1, 11569212=2, 11908114=2, 15791256=1, 9936136=2, 12901729=1, 27328828=3, 14389532=2, 14951424=5, 29410793=1, 22826162=1, 18678395=3, 27078133=3, 16062417=3, 29482009=1, 1087293=2, 10437847=1, 12967658=1, 25219641=1, 27927377=4, 21199871=1, 33342019=1, 10640981=1, 10118791=1, 8802108=1, 20601481=1, 21272397=2, 4737948=1, 14047838=1, 29788291=2, 2320030=1, 8435527=2, 29702209=3, 23952850=1, 8249649=1, 29682036=1, 3474924=3, 4361866=2, 18737681=1, 11689812=1, 28325819=7, 29468075=2, 32915821=1, 1217723=2, 23823796=2, 12806734=1, 16994809=1, 29471384=2, 32726147=1, 32740660=2, 17624703=1, 14574711=1, 15597405=1, 1477712=2, 12435897=1, 12098225=2, 15496522=1, 31718127=1, 12625518=2, 5379413=4, 16203433=3, 32221330=2, 26733042=1, 7891463=1, 11669763=4, 15746430=1, 15766095=2, 1750127=2, 15690167=1, 5710619=3, 18296964=3, 27201139=3, 18790874=2, 21320065=1, 5523248=1, 31679182=1, 1884069=2, 13565836=1, 17445125=4, 1956735=1, 17747241=1, 17853213=1, 28603613=1, 9586971=1, 26458139=2, 17369825=3, 30245420=2, 15418522=1, 32143832=1, 4291549=1, 10718321=2, 26379332=2, 22320263=2, 8283253=1, 25262415=1, 27088238=1, 22654108=2, 6903361=1, 8028604=2, 20408821=1, 13637320=7, 29711364=1, 24526563=4, 30734454=1, 33000724=2, 191426=1, 15034131=1, 29895499=6, 3403979=1, 33267517=2, 9806322=2, 4674407=1, 22316490=2, 13160421=1, 19580935=1, 315883=1, 3706595=2, 19176454=2, 8761111=2, 28850073=6, 23663882=3, 15656996=1, 11568947=2, 28740068=2, 15260512=1, 11048714=2, 19771021=2, 32139645=1, 3975777=2, 1860860=1, 33013841=1, 8734993=1, 28783039=3, 28143269=1, 25771275=3, 16780673=11, 2894543=5, 19048043=2, 21175039=3, 118057=1, 27882529=1, 10817568=3, 1661674=1, 14921799=2, 31732406=5, 1745546=2, 33281176=1, 17926646=2, 516870=1, 5214456=2, 20457259=6, 18013585=1, 24079729=1, 3905049=2, 7430725=1, 2209883=2, 294417=1, 25288205=1, 25999127=2, 21534227=2, 24968148=1, 13422190=1, 3938380=5, 10961145=1, 20613538=2, 19695734=2, 29096948=1, 5400669=1, 21746733=1, 26178412=1, 884963=2, 4667983=3, 28468351=1, 27060295=1, 11630622=1, 26313356=2, 28203882=1, 16534198=1, 17086345=2, 4314095=1, 33326442=2, 1459877=1, 28642607=3, 13828760=3, 14648867=2, 31859896=4, 350497=1, 28068401=1, 7121235=2, 23364624=2, 8912454=1, 4283818=1, 6428597=4, 2997052=2, 30110855=1, 28299184=1, 32072602=1, 32632583=1, 28623498=1, 7420292=3, 10846658=2, 30183654=2, 15181452=2, 31222548=1, 8409525=1, 6665076=2, 9205806=1, 4138095=3, 15337393=4, 21644028=1, 2536281=2, 26386712=2, 21172193=3, 23110513=2, 26730305=1, 31136612=3, 7676535=3, 13855976=1, 3509155=2, 27452930=1, 6582812=1, 4370520=2, 31444986=1, 2422815=1, 3719436=1, 7451253=2, 26656905=1, 30526032=1, 12158239=2, 14122614=1, 8197863=3, 30317760=2, 30100982=1, 32548393=2, 21006338=2, 6256042=1, 6387302=1, 19831404=2, 23323819=1, 31943195=1, 495615=2, 6467041=2, 30940156=6, 32064441=1, 2972835=1, 18561373=3, 31849999=1, 31676478=1, 25686071=1, 5271611=1, 335570=3, 29997717=2, 15179569=2, 478139=1, 31552749=1, 2902321=1, 24513290=4, 4887496=2, 13342642=2, 7560652=1, 6231922=3, 3486750=3, 8154695=1, 29553742=1, 7740835=4, 10192172=2, 13244358=4, 1828439=1, 31329671=4, 15508835=2, 28875498=2, 28191979=4, 15862743=4, 28858606=1, 21678658=1, 17296714=1, 26736940=1, 13071353=1, 10651430=2, 18683583=3, 3321465=2, 31408991=1, 28297883=1, 27809960=1, 25883685=1, 25745424=1, 24476154=1, 28096569=2, 13478638=2, 8145277=1, 21291824=1, 800616=5, 31308837=2, 25844739=1, 31222575=1, 6612335=1, 31611366=1, 28780852=3, 32198920=1, 16261862=6, 15131764=1, 9969890=6, 7148951=3, 7017303=3, 14324180=2, 26709725=2, 5598046=1, 3121702=2, 12545304=1, 25454202=1, 1295880=1, 25801194=2, 22386801=2, 22146134=1, 25604657=2, 5002649=1, 33351089=1, 4812895=1, 2868969=1, 14952779=5, 24398036=1, 16283255=1, 22742325=3, 7840371=2, 29248006=1, 21766747=5, 8931807=1, 29777509=1, 28474075=1, 24402607=1, 6273423=2, 15864411=4, 4437624=2, 16811345=2, 21716778=1, 11847208=1, 33254110=1, 26671837=1, 5179251=3, 5826386=1, 16568818=1, 25872000=1, 3360039=1, 1946816=2, 25145892=2, 15974334=2, 30134006=1, 18065688=2, 10666364=1, 13413803=2, 22873225=3, 23861474=5, 831936=2, 9061108=1, 14312678=1, 5556684=1, 9959220=1, 4829866=2, 18118830=1, 6635932=1, 1372215=1, 25669594=2, 26954219=1, 3954121=1, 25492663=1, 1116585=3, 20868969=1, 16719749=3, 13249769=4, 28724198=1, 6490162=3, 803625=1, 4020434=1, 29272563=2, 12024898=1, 9421503=1, 22064241=2, 25829642=4, 31421927=1, 22363432=3, 23080943=8, 30578879=2, 31227640=1, 9791399=1, 2866860=2, 28326500=7, 15741376=7, 17127668=1, 9429590=1, 23187290=1, 22963709=1, 27802639=6, 7863743=1, 9454186=1, 19787252=1, 17231817=1, 1582331=6, 31272320=3, 20456482=6, 4928221=3, 25580162=1, 17306559=6, 32856952=1, 25584333=1, 16823670=2, 10110267=1, 9602199=2, 29109682=5, 6134962=2, 21567429=3, 8142332=5, 3034637=1, 4688260=2, 30054762=2, 7465379=1, 31049154=1, 16758914=2, 21326149=1, 533948=6, 1889080=1, 7986521=1, 26789100=1, 19000634=1, 32425380=1, 16639393=1, 5689115=1, 22900267=1, 30387284=2, 32612229=2, 15747512=1, 14368001=3, 9848558=1, 18006550=1, 29253745=1, 21416657=1, 23810866=1, 24807767=2, 32365878=1, 31845298=1, 27183381=1, 14786970=2, 24568664=1, 4682884=1, 14056918=1, 12751894=2, 19462732=1, 21354584=1, 2239074=4, 12113542=1, 27408290=4, 14234831=3, 9350531=2, 17461735=1, 10943920=1, 13926130=1, 20848322=4, 27167984=2, 31133075=3, 5092208=2, 16950491=2, 14699847=1, 28925022=1, 25689774=1, 14326966=2, 20581141=4, 19936966=7, 21149216=2, 20771437=1, 25140262=2, 30310855=2, 28679234=2, 13126547=1, 29853897=2, 148411=1, 21135778=2, 23826893=2, 10785257=2, 8440884=1, 7368684=1, 8662=13, 19459594=1, 2588327=1, 3836801=2, 25865705=2, 31235781=2, 18435307=1, 29119060=1, 20558101=2, 21365364=4, 933644=4, 20328770=4, 29410039=1, 17448126=4, 3709885=2, 16793438=11, 30491418=1, 31915469=1, 10336553=2, 27920434=4, 28950942=1, 30790994=1, 30248740=2, 5989805=1, 4351323=1, 8332984=3, 4922256=3, 27772031=1, 1765155=1, 15998670=5, 855378=3, 23005068=3, 32317726=3, 17313920=6, 12436281=1, 14176175=1, 15185108=2, 19042368=2, 5085940=2, 31904492=1, 15048498=2, 15821960=1, 22854399=2, 28937933=2, 16272132=1, 22958892=1, 8090708=1, 6147256=1, 29153662=1, 28564847=1, 6321678=1, 840496=1, 8261157=4, 18635104=1, 23088124=1, 33434591=4, 5156073=2, 503407=2, 18070562=2, 3248182=2, 24912256=5, 4096710=2, 32897924=1, 7377976=2, 15096189=1, 7233204=1, 4892119=2, 29017635=1, 13980968=1, 25087794=1, 33108915=3, 18749373=4, 23854067=1, 18420923=3, 33071873=2, 30614704=3, 3390336=2, 32025336=2, 26276195=1, 971739=1, 6287129=1, 9815255=1, 16374482=1, 29141929=2, 2429148=3, 10388954=2, 26026387=3, 9118805=3, 25882293=1, 14778622=2, 2880677=1, 9104988=1, 4239522=2, 12681138=1, 10688054=3, 3186137=2, 26863629=1, 27185040=1, 15336114=4, 8301409=2, 16443778=1, 14737668=1, 17574255=5, 12000460=3, 20002290=3, 334181=3, 4849944=4, 10336727=2, 20071464=1, 2865604=2, 1241065=1, 18984532=2, 25450860=1, 16362780=2, 28444456=4, 10172540=3, 14750000=3, 32709882=3, 11024639=6, 21548819=1, 10454394=2, 16898309=1, 10825247=3, 3387474=2, 27806663=1, 4161687=2, 24484404=2, 25164794=1, 8792975=4, 23665323=3, 22855747=1, 30735876=1, 17231018=1, 6452444=1, 13483388=2, 23420749=1, 17889862=1, 8940129=1, 29013973=2, 30945297=6, 25795352=2, 3905646=2, 11725599=1, 2112064=8, 32525268=1, 32778645=5, 14693680=8, 12393046=3, 3620439=3, 24260937=4, 9864890=2, 2178295=3, 27478278=1, 14840018=1, 28461252=1, 12361296=2, 1722956=1, 30967607=2, 23358979=1, 24432836=1, 498711=2, 8207004=3, 21476218=2, 9915509=1, 17418670=1, 24795234=1, 27654901=1, 9554449=1, 8288703=1, 18480115=1, 19778103=1, 13712185=3, 11758573=1, 5871264=2, 3485961=3, 7051696=2, 30944193=6, 18923540=1, 8255017=1, 11604034=3, 27939821=1, 32747444=2, 12333201=5, 10737524=1, 229572=2, 6433036=4, 17240880=3, 4219041=1, 24482099=2, 4174660=2, 26224752=7, 25400411=2, 20195241=5, 30461518=1, 23454318=1, 14309348=1, 27205954=3, 24570644=1, 28556636=2, 17097209=1, 10080602=1, 19507070=2, 22351846=3, 23898318=2, 9088786=2, 17116775=3, 5023189=2, 15195557=1, 28669251=1, 4533489=3, 9384940=3, 7478801=4, 25761698=3, 27894062=2, 3973371=2, 15694532=1, 32056096=3, 32789348=1, 32695447=1, 19978751=1, 24711786=3, 11268457=1, 9675346=2, 11724937=1, 29809988=1, 25839693=1, 16681316=2, 20450018=6, 18185133=1, 26948849=3, 8795839=4, 33410312=1, 18173752=1, 13936151=2, 16422611=2, 27933226=4, 6325049=2, 12118547=1, 10383898=1, 4085271=1, 6707423=1, 2599387=2, 7179006=2, 9390897=1, 25434380=5, 28254067=3, 16622601=2, 8287991=1, 17274874=2, 10691005=3, 9276741=2, 91948=1, 7635837=2, 10169496=3, 21813685=1, 4949951=2, 17282066=2, 27713666=1, 8452050=1, 19966565=2, 31579520=1, 24733118=1, 23993207=4, 11974907=2, 26376821=1, 20302872=1, 16762778=1, 4597003=4, 16293073=2, 17641102=3, 28409266=1, 3328700=1, 32912852=4, 10591484=2, 21046534=3, 22594220=1, 26493898=1, 22814926=5, 11293518=1, 31941493=1, 2786425=2, 13419786=1, 7860310=1, 15484495=1, 22647635=2, 12256938=3, 18229648=4, 6088726=1, 19657645=1, 9060050=4, 27384820=1, 7428753=1, 6891247=3, 13046954=3, 18095311=5, 25947715=1, 2929089=2, 27185261=1, 23856236=5, 20174611=1, 26741062=6, 16572619=1, 10648701=1, 9130177=1, 23112846=2, 18943457=3, 22069096=2, 7296602=1, 26906077=2, 9763027=1, 12036033=2, 8539499=1, 3991587=1, 22388758=2, 11852060=1, 30549030=4, 20970594=1, 3835084=2, 11185401=2, 19864529=3, 17227939=1, 17425877=1, 13529742=1, 9085272=2, 11303744=1, 7901577=2, 17951223=1, 25134647=2, 21251886=1, 25270145=2, 21859438=2, 4265426=3, 21840360=1, 23263317=1, 25617429=1, 32675777=2, 26371277=1, 15397009=1, 10492545=8, 1487847=2, 18173824=1, 19938712=7, 21309218=3, 16614955=2, 13046736=3, 4353623=1, 5657909=1, 16796843=1, 7499132=1, 20710940=5, 10224489=5, 28057554=5, 19591819=1, 28609469=2, 13744842=2, 18593476=2, 1406852=1, 16637666=1, 27378480=1, 19890305=2, 15778490=1, 21008427=2, 3022194=4, 6372984=3, 11886516=1, 2401972=2, 13876489=2, 11969425=2, 32534868=1, 30298481=1, 20921253=3, 3365706=1, 6132893=2, 32214252=2, 15494830=1, 1246529=3, 203290=3, 9846806=1, 16870650=1, 4179159=1, 14142168=1, 13663556=1, 1174736=1, 15020653=3, 15206015=6, 1014400=1, 6976903=1, 15976828=1, 4451728=1, 28389037=3, 30191269=2, 26527501=1, 2872989=1, 5565992=1, 24454262=3, 31465143=8, 417597=1, 17202129=1, 19796060=4, 14016266=1, 3939343=5, 33434934=4, 32690796=1, 29281418=1, 13644062=7, 27500555=2, 12909112=1, 672736=1, 8675710=1, 16727343=3, 21822335=1, 24012843=1, 19856081=1, 33417461=1, 23796128=3, 26098852=4, 11504357=2, 1434605=1, 21155842=1, 27392324=1, 24029165=2, 8058243=1, 5662589=1, 27931552=4, 31016135=1, 29720788=2, 7581157=2, 12611796=1, 13000373=1, 31804702=1, 18385980=2, 28974246=4, 16799755=1, 11003070=1, 31006403=3, 25554185=1, 27489841=1, 25218230=1, 21351828=1, 23197107=1, 15208820=6, 12743060=1, 16887315=2, 33214684=1, 4746647=1, 24510338=1, 6658292=2, 29428268=3, 31885734=2, 24836152=1, 22894968=1, 18669571=1, 7173524=1, 33352406=1, 3230756]1=1}&gt; but was:&lt;...Prime: 6 register: {[25150569=1, 5670807=2, 22433369=1, 884963=2, 11739532=3, 16887315=2, 18431276=3, 31150947=1, 22736529=1, 30246010=2, 5478133=2, 9936136=2, 6452444=1, 11505582=2, 6340939=1, 11268457=1, 28989434=1, 32143832=1, 5523248=1, 1487847=2, 11048714=2, 4451728=1, 16450439=3, 18784452=2, 33326442=2, 21859438=2, 31136612=3, 3788542=1, 29895499=6, 29272563=2, 27625701=2, 1166322=1, 33434591=4, 17156027=1, 18118830=1, 33288310=1, 28875498=2, 2175695=3, 10961145=1, 9345761=2, 17313920=6, 18206323=1, 12361296=2, 15862743=4, 25101702=3, 10602320=1, 9118805=3, 12268775=3, 7484059=4, 19246625=2, 30149746=5, 26928030=1, 23131307=1, 20902874=1, 31631120=2, 23548025=1, 25883333=1, 16827262=1, 13624405=1, 27224383=1, 1241065=1, 19048043=2, 33458460=2, 23341916=5, 4413228=1, 4087997=1, 3836801=2, 22471185=1, 16137063=4, 24398036=1, 13743999=2, 25819261=1, 13637320=7, 27060295=1, 6538710=1, 5669125=2, 15976828=1, 12199719=4, 15864411=4, 22792096=1, 8353316=1, 12287293=1, 13787150=1, 21863844=2, 1623662=1, 16622601=2, 18420923=3, 29830962=3, 10817568=3, 22894253=1, 24454262=3, 21424394=1, 27170188=2, 10226356=5, 5657909=1, 4682884=1, 20941777=2, 8279049=1, 8539499=1, 10652299=2, 33392158=2, 5938561=2, 11949039=1, 3121702=2, 1745546=2, 18079652=1, 27884274=1, 4526222=3, 4201969=9, 4121738=1, 26730305=1, 10462421=2, 13071353=1, 32109069=1, 19490233=1, 26655695=2, 24472292=1, 5905150=4, 25603951=2, 1582331=6, 14778622=2, 32236574=1, 21534796=2, 31941493=1, 28126455=3, 10382234=1, 25270145=2, 13799555=2, 1164818=1, 4667983=3, 21026350=1, 5924716=1, 29940060=1, 19796060=4, 31498675=2, 3434548=1, 19591819=1, 8688809=2, 9193395=1, 17747241=1, 20065285=4, 2178295=3, 31190965=1, 21644028=1, 13926130=1, 19864529=3, 2646956=1, 7585059=2, 25538950=2, 26857426=1, 24912256=5, 10423629=3, 19695734=2, 28603613=1, 417597=1, 29436429=3, 17752548=1, 9972381=6, 7581157=2, 10193337=2, 31163259=2, 16799755=1, 27288312=1, 18749373=4, 13859365=1, 24056673=3, 24795234=1, 23826893=2, 5961481=1, 28850073=6, 30526032=1, 1459877=1, 28281753=2, 2441700=1, 672736=1, 8800084=1, 16568818=1, 32740660=2, 18921961=2, 24526563=4, 16796843=1, 23463879=4, 29853176=2, 33540507=1, 6903361=1, 23649999=1, 25761698=3, 713247=1, 28474075=1, 8378199=1, 31465143=8, 11024639=6, 16480780=1, 23590352=1, 11604034=3, 4283818=1, 14955503=5, 15568558=2, 9735424=2, 25218230=1, 4085271=1, 29017635=1, 16637666=1, 30944193=6, 8058243=1, 11140905=1, 7420292=3, 11724937=1, 24678827=2, 23854067=1, 21983326=1, 27821513=2, 3445967=2, 5642187=4, 17821798=1, 24771861=1, 14056918=1, 3017272=4, 6635932=1, 30951786=1, 2751636=1, 4928221=3, 17926646=2, 15912631=1, 31444986=1, 3029940=4, 788066=5, 28203882=1, 23068809=8, 15746430=1, 1866629=1, 14693680=8, 16611618=1, 2697886=3, 3360039=1, 28096569=2, 22917393=2, 21320065=1, 31789181=3, 25711111=1, 32923905=1, 13937851=2, 17031023=1, 18388367=2, 16817643=2, 9764528=1, 7388325=2, 20576213=1, 12260709=3, 18013585=1, 30667002=1, 29702209=3, 21291824=1, 16203433=3, 20953527=2, 26026387=3, 1884069=2, 17223073=1, 15766095=2, 33410312=1, 16486735=2, 22594220=1, 3427116=1, 16467675=1, 3095299=3, 12413126=1, 24079729=1, 7928350=1, 21135778=2, 4812895=1, 13413803=2, 2770418=1, 31885734=2, 27478278=1, 20960738=1, 11847208=1, 20562489=1, 31871585=1, 2599387=2, 14234831=3, 2588327=1, 16846706=3, 8599068=3, 17384563=1, 18659058=2, 18006550=1, 5521783=1, 27183381=1, 3006148=1, 23263317=1, 26650866=2, 29505438=4, 31178939=1, 19856081=1, 18737681=1, 3626940=1, 6495258=3, 14921799=2, 31421927=1, 27727684=3, 23088124=1, 5002649=1, 26863629=1, 21419651=1, 9205806=1, 14201973=2, 26527501=1, 4977763=1, 32036064=1, 24836152=1, 4140556=3, 29410039=1, 15778490=1, 4373912=2, 20365725=1, 32928081=1, 9108989=1, 24384084=5, 2143153=2, 28925022=1, 25263136=1, 4174660=2, 27268285=8, 7110270=1, 17580913=1, 15484495=1, 31511304=1, 11669763=4, 27185040=1, 4239522=2, 10855959=2, 10666364=1, 11101372=1, 662194=4, 12329289=5, 2239074=4, 29627078=5, 9110565=3, 33044639=6, 32912852=4, 15185108=2, 25586627=1, 26263911=1, 21644879=1, 8912454=1, 31904492=1, 11886516=1, 8261157=4, 17007847=2, 12103933=2, 22444840=1, 6582812=1, 25921416=2, 32539107=2, 22022043=7, 12901729=1, 2866860=2, 18095311=5, 10172540=3, 6256042=1, 31006403=3, 26989254=1, 7142380=1, 3027916=4, 25454202=1, 9989255=1, 1295880=1, 25817234=1, 27802639=6, 4161687=2, 28153266=2, 15694532=1, 2997052=2, 12098225=2, 2790377=2, 23623466=1, 14013836=1, 31272320=3, 6467041=2, 32809235=2, 33541781=1, 27849212=1, 31966316=1, 2458531=2, 13419786=1, 523859=1, 29161097=1, 13744842=2, 23163346=1, 18241357=1, 28269640=1, 30578879=2, 27369672=2, 1174736=1, 67430=3, 600842=3, 21679382=1, 18040080=1, 16609009=1, 11838780=2, 29262495=2, 5791538=1, 31235781=2, 28564847=1, 10390739=2, 9076355=1, 8283949=1, 21214531=2, 28297883=1, 25492384=1, 17595255=1, 13299691=1, 32945310=2, 12919407=3, 25801194=2, 5187632=3, 7740835=4, 8802108=1, 26064606=2, 23070361=8, 7322315=2, 12024898=1, 17275732=2, 2095759=1, 3293335=1, 6923080=2, 30734454=1, 8207004=3, 10113697=1, 14917882=2, 16758914=2, 9061108=1, 7548230=3, 10846658=2, 7233204=1, 31980401=1, 11174947=2, 10943920=1, 31408991=1, 25855402=2, 778945=1, 7499132=1, 12026502=2, 9130177=1, 6059945=1, 7148951=3, 28966879=1, 33165659=4, 28669604=1, 11185401=2, 4707220=1, 33310414=1, 870366=1, 9915509=1, 23952850=1, 5746571=2, 6984347=2, 878298=1, 10923351=2, 12804544=1, 25584333=1, 13876489=2, 7273914=1, 31016135=1, 7676535=3, 22613010=3, 2335097=2, 21285439=1, 10437847=1, 31552749=1, 19037981=1, 28444456=4, 1722956=1, 26493898=1, 2680882=1, 12395880=3, 13728624=1, 21199871=1, 23493428=1, 12776871=1, 26741062=6, 5710619=3, 4829866=2, 30967607=2, 20581141=4, 1337768=1, 18987303=2, 22351846=3, 31745857=1, 10354357=1, 6265098=2, 1087293=2, 1492898=1, 20087761=2, 31690849=2, 8145277=1, 32365878=1, 25288205=1, 14041983=1, 24062693=3, 22582332=2, 21658648=1, 759942=2, 9891608=1, 22440711=1, 9614537=2, 29248006=1, 7804927=3, 14952779=5, 19738296=3, 25848394=1, 589476=1, 9320899=4, 229572=2, 23045594=2, 32548393=2, 3405643=1, 17129908=1, 533948=6, 21164393=1, 25434380=5, 15179569=2, 18946745=3, 14522483=2, 25939525=1, 14648867=2, 17641102=3, 17624703=1, 26386712=2, 315883=1, 18593812=2, 31201325=5, 12909112=1, 16422611=2, 18683583=3, 4688260=2, 19936358=7, 27927377=4, 9602199=2, 20922851=1, 4200024=9, 10879417=4, 32064441=1, 12884515=2, 8090708=1, 6490162=3, 9834845=4, 27555550=1, 18055965=2, 27933226=4, 17202129=1, 17629923=3, 30691718=1, 26726904=1, 8931807=1, 32915821=1, 20063632=4, 8530812=4, 17703533=4, 13422190=1, 6671982=1, 30110855=1, 4186863=1, 15096189=1, 22598901=1, 15508835=2, 18303109=1, 15048498=2, 5989981=1, 32411614=2, 15653891=1, 7264766=1, 3791007=1, 294417=1, 31859896=4, 26947316=3, 31197358=5, 32823665=1, 9390897=1, 7710501=2, 23796128=3, 12611796=1, 17231817=1, 10651430=2, 17240880=3, 14158065=6, 1889080=1, 18070562=2, 6287129=1, 27059541=1, 20570987=1, 2792020=2, 16261862=6, 2265077=2, 22563538=1, 11125288=1, 14951424=5, 1372215=1, 4674407=1, 31455454=1, 16260782=6, 18513639=1, 24617562=2, 23810866=1, 3377685=2, 20002290=3, 23803508=3, 30245420=2, 18943457=3, 28885888=1, 10268271=2, 15337393=4, 14147541=1, 14869664=1, 5029273=2, 22963709=1, 9969890=6, 29807017=1, 25638131=3, 29408167=2, 23950632=1, 17979387=1, 29919415=2, 7179006=2, 17436735=4, 31253073=1, 16827762=1, 7365738=1, 4370520=2, 18385980=2, 29072463=2, 8235337=2, 4283749=1, 14711371=1, 29505152=4, 29161017=1, 27603677=3, 15195557=1, 17648388=1, 28468351=1, 28861691=1, 9864890=2, 3186137=2, 28556636=2, 11235475=1, 16293073=2, 1576735=6, 933644=4, 20362950=2, 15020653=3, 9633695=1, 11650368=1, 216936=1, 19700117=2, 24292056=2, 27078133=3, 6147256=1, 7654911=1, 15831830=2, 25617429=1, 3485961=3, 28299184=1, 495615=2, 11969425=2, 21534227=2, 28669251=1, 27255506=1, 10152487=1, 7840371=2, 24671074=1, 20426028=2, 24711786=3, 22826162=1, 33204292=2, 6584093=1, 27650169=1, 7103941=1, 7508316=2, 21488626=1, 32786095=1, 13855976=1, 18593476=2, 5179251=3, 503407=2, 33417461=1, 33072483=2, 31689665=2, 15807580=3, 24931857=1, 25306220=4, 8256909=1, 14625273=3, 22258061=2, 7996768=4, 25531329=2, 25654631=1, 32534868=1, 1835662=5, 18229648=4, 19610286=3, 26801279=1, 8435527=2, 498711=2, 2972835=1, 216963=1, 25931343=2, 11483073=3, 1436514=1, 31845298=1, 18956070=3, 14786970=2, 25134647=2, 27885680=2, 26079985=1, 27126499=1, 8795839=4, 26551362=3, 15974334=2, 27616260=1, 1216067=2, 32778645=5, 10888039=4, 8218031=1, 22064241=2, 5264774=1, 28461252=1, 23631445=2, 29468075=2, 26379332=2, 22185766=2, 9231094=1, 29001081=2, 4892119=2, 17448126=4, 32999760=2, 23993207=4, 13069998=1, 28505831=1, 3938380=5, 28400157=1, 21494494=1, 21745905=1, 24968148=1, 12242479=1, 31676478=1, 29557081=3, 4096710=2, 3222230=3, 11146942=4, 11504357=2, 25380775=1, 478139=1, 24461639=1, 10454394=2, 7545166=3, 13931365=2, 990076=3, 4265426=3, 29809988=1, 13265083=1, 31420877=1, 14047838=1, 17344284=2, 17231018=1, 22855747=1, 12198816=4, 30387241=2, 7741368=4, 27293612=1, 11337870=3, 9820600=1, 27587289=1, 10110267=1, 8966827=1, 16982317=3, 11725599=1, 15652125=1, 32214252=2, 26505769=1, 803625=1, 6635657=1, 15336114=4, 15034131=1, 33071873=2, 29471384=2, 13126547=1, 14574711=1, 29374589=9, 27939821=1, 15656996=1, 30387284=2, 9799016=2, 335570=3, 3620439=3, 8108063=2, 30549030=4, 2281904=1, 3022264=4, 27806663=1, 8126950=5, 28937933=2, 2865604=2, 29895541=6, 9416778=2, 25164794=1, 15216383=6, 32214209=2, 18065546=2, 18296964=3, 3402473=1, 11569212=2, 33342019=1, 4437624=2, 32252512=5, 3687148=1, 2375399=5, 9524516=1, 3321465=2, 25767217=3, 24546939=2, 15295510=1, 4291549=1, 16870650=1, 1549953=2, 29153662=1, 31857079=4, 30217820=3, 6231922=3, 203290=3, 25985162=2, 32835774=3, 27344633=3, 33434934=4, 25999127=2, 676485=1, 8940129=1, 1357180=2, 7451253=2, 6810520=1, 22199761=2, 18121459=2, 5793846=1, 16515883=5, 31227701=1, 29553742=1, 26628553=1, 11434684=1, 33056649=1, 6438505=4, 22069036=2, 3318014=2, 26733042=1, 12534763=1, 17418670=1, 18561373=3, 9384940=3, 5916690=1, 1956735=1, 15208820=6, 11259827=1, 6327760=2, 3248182=2, 6186326=1, 24733118=1, 27894062=2, 20457259=6, 5379413=4, 4852977=4, 15669084=3, 25091884=1, 26259201=2, 30183654=2, 23307703=2, 14290382=4, 1661674=1, 9586971=1, 16272132=1, 1914801=3, 22209223=1, 14793574=2, 24333225=1, 30719604=2, 21095524=1, 4264350=3, 20868969=1, 10988500=2, 1828439=1, 32613779=2, 23112846=2, 17508945=3, 10591484=2, 10118791=1, 16990254=1, 16624677=2, 5740168=2, 22915644=2, 7051696=2, 19978751=1, 20771437=1, 14685322=8, 4314095=1, 8761111=2, 10245584=1, 3300214=1, 22486491=3, 28389037=3, 30915734=2, 28724198=1, 24432836=1, 599681=3, 30054762=2, 4610293=1, 16554583=2, 11303744=1, 30191269=2, 614519=1, 25145892=2, 887194=2, 14231219=3, 16575088=1, 4020434=1, 13046736=3, 23831708=2, 25836729=4, 5680476=2, 27384820=1, 1211585=1, 11802261=5, 11484110=3, 28245836=1, 10139443=2, 6088726=1, 21840360=1, 22857124=1, 17227939=1, 33016641=1, 23474363=4, 13216249=2, 21213646=2, 3446915=2, 17445125=4, 6428597=4, 8973027=1, 5131803=1, 7560652=1, 25262415=1, 15219009=6, 12256938=3, 27764113=2, 28752366=2, 26954219=1, 15946938=1, 7264236=1, 31227640=1, 23048583=2, 12545304=1, 350497=1, 17859736=2, 6011350=2, 13644062=7, 9276741=2, 24452539=3, 2783815=1, 13249769=4, 25686071=1, 9681905=2, 4922256=3, 19000634=1, 12751894=2, 4613029=1, 14433865=5, 8255017=1, 17332140=1, 32726147=1, 12036033=2, 25544914=1, 29551529=1, 13828760=3, 29057152=1, 30893179=1, 1038607=1, 25805530=1, 26276195=1, 28994899=1, 19787814=1, 9350531=2, 16658067=4, 25872000=1, 30735876=1, 29370167=9, 7139920=1, 14840018=1, 26376821=1, 32542287=2, 27882529=1, 29281418=1, 32632583=1, 23197107=1, 29482009=1, 8662=13, 24943588=2, 23665323=3, 5120675=4, 10080602=1, 31909015=1, 18755564=4, 16650721=4, 32690796=1, 21678658=1, 26534467=1, 25450860=1, 13204486=1, 1003629=1, 4887496=2, 8288703=1, 7333019=1, 30353461=3, 27333959=3, 19988327=1, 4317001=1, 31943195=1, 31903583=1, 8799909=1, 8579301=1, 28623498=1, 22736268=1, 3403979=1, 24999352=1, 16374482=1, 6138638=2, 24281916=2, 27920434=4, 13593447=1, 31222575=1, 1250283=3, 2658575=2, 1970854=4, 8041641=2, 14149550=1, 29777509=1, 30847022=2, 16719749=3, 28656939=1, 19580935=1, 19445322=2, 6658292=2, 16608106=1, 31524391=3, 31804702=1, 3451121=2, 25400411=2, 5156073=2, 18013020=1, 18790874=2, 4092344=1, 21309218=3, 26458139=2, 28621380=2, 18488009=4, 27408290=4, 16443778=1, 29096948=1, 15918490=1, 26899241=1, 181610=1, 18436446=1, 27111481=2, 15791256=1, 23454318=1, 9239366=1, 15496522=1, 30820872=1, 17116775=3, 24351483=2, 23301762=2, 31718127=1, 31578983=1, 25883685=1, 11990907=1, 28520727=3, 3954121=1, 27094144=1, 32145550=2, 516870=1, 9077140=2, 14363186=3, 7538738=3, 28306675=1, 5271611=1, 1850740=5, 20130514=3, 774622=1, 19028573=1, 3365706=1, 8283253=1, 21008427=2, 30140733=1, 25398447=2, 5754508=1, 14648257=2, 30461518=1, 3709885=2, 8249649=1, 28362788=1, 16062417=3, 9772395=3, 32559369=1, 1897027=1, 10120271=1, 10492545=8, 24589923=3, 17964840=4, 1016410=2, 27650008=1, 20613538=2, 28780852=3, 4850698=4, 15917915=1, 3719436=1, 24570644=1, 31379561=1, 12969560=1, 29898151=6, 21746733=1, 27200966=3, 855378=3, 4302796=2, 24713325=3, 10785257=2, 22894968=1, 14939229=1, 32468394=1, 12000460=3, 27604938=3, 21766747=5, 22092837=3, 9554449=1, 5584187=3, 32806396=2, 21326149=1, 14312678=1, 7932822=3, 28254067=3, 5006384=1, 20744972=2, 20464339=1, 20328770=4, 15984220=1, 9953388=1, 26926975=1, 8197863=3, 29478275=1, 20006598=1, 15597405=1, 1771078=3, 6025315=1, 18281503=1, 17853213=1, 32056096=3, 20195241=5, 31732406=5, 3760346=1, 29673102=1, 18491585=4, 422657=1, 25718893=1, 118057=1, 22320263=2, 7478801=4, 17139942=2, 25839693=1, 11908114=2, 7428753=1, 8440884=1, 18678395=3, 9701257=5, 18065688=2, 5085940=2, 25676184=1, 19618283=1, 26098852=4, 2401972=2, 30289254=4, 31679182=1, 6220929=1, 18455845=2, 8579024=1, 8313001=1, 17296714=1, 16827885=1, 11003070=1, 18894894=1, 24585146=3, 30100982=1, 20234602=1, 20302872=1, 25795352=2, 20225860=2, 4533489=3, 28807070=2, 21138070=2, 16616341=2, 5704446=3, 1368020=1, 23152535=1, 17781019=1, 9846806=1, 26534183=1, 17490720=1, 16534198=1, 1013179=1, 14040273=4, 1898832=1, 24012843=1, 1432404=1, 31611366=1, 20408821=1, 14222528=3, 971739=1, 22900267=1, 13117154=6, 13565836=1, 12158239=2, 15260512=1, 19305187=2, 3193612=2, 25622017=1, 16643109=1, 14750000=3, 10727588=2, 1131554=1, 13663556=1, 31313722=1, 32089634=2, 4353623=1, 2536281=2, 5908959=4, 31049154=1, 13033582=1, 19778103=1, 15206015=6, 28679234=2, 14180159=1, 3077805=1, 11096547=1, 3010020=1, 2786425=2, 32747444=2, 5214456=2, 16542688=1, 9791399=1, 32449417=3, 1556213=2, 7637571=2, 6120763=1, 29853897=2, 1954231=1, 31716962=1, 27167984=2, 27344250=3, 25825823=4, 26198487=1, 8154695=1, 28025468=2, 23053728=1, 18923540=1, 22068340=2, 20042926=1, 16654775=4, 25745424=1, 7877681=6, 7331941=1, 30317760=2, 13081391=2, 18938452=1, 30532533=1, 20427125=2, 29720788=2, 29682036=1, 24402607=1, 14106050=3, 14665837=1, 26906077=2, 26146555=1, 12402680=3, 3973371=2, 12230974=2, 21416657=1, 24262360=4, 17205229=2, 27205954=3, 31184804=1, 2705479=1, 9320365=4, 18282678=1, 14565433=1, 9640163=3, 15998670=5, 12436281=1, 2308416=3, 18480115=1, 11974907=2, 23110513=2, 19149379=5, 28409266=1, 21889755=4, 19176454=2, 15494830=1, 32584230=3, 19787252=1, 24679295=2, 26945891=3, 21830532=3, 2868969=1, 5989805=1, 19821001=1, 26781100=2, 32033626=1, 24433722=1, 3387474=2, 5379721=4, 15397009=1, 28706075=4, 6552519=1, 11246197=2, 5871264=2, 19737389=3, 25888556=3, 19966565=2, 29683167=1, 21305270=3, 17159925=1, 21267355=2, 18396003=2, 7901577=2, 3905646=2, 30790994=1, 32675777=2, 15821960=1, 28440121=1, 23426634=1, 9143749=2, 27870104=1, 11711709=2, 7860310=1, 16811345=2, 32565765=1, 73293=3, 13530020=1, 8503495=1, 15608909=4, 27809960=1, 32090792=2, 30616490=3, 24482099=2, 16904527=1, 25615113=1, 14149650=1, 3420709=5, 11153300=4, 15645111=2, 2429148=3, 2541302=1, 10409639=1, 29428268=3, 23323819=1, 25554185=1, 12710127=1, 148411=1, 16483609=2, 19938712=7, 23823796=2, 25374223=3, 19657645=1, 8872793=1, 23220662=1, 3328700=1, 13483388=2, 21392365=1, 13906542=5, 28505210=1, 21543075=2, 20710940=5, 13959700=3, 24748237=2, 13046154=3, 6132893=2, 17333809=1, 2499784=4, 8753047=2, 29484596=1, 746095=1, 16572619=1, 18220835=4, 9450917=7, 25904766=1, 11132487=1, 9675346=2, 19507070=2, 29253745=1, 14016266=1, 21388169=1, 23334805=5, 1434605=1, 18635104=1, 17461735=1, 32317726=3, 33352406=1, 4138095=3, 21251886=1, 3818747=1, 33351089=1, 21275235=2, 3835084=2, 22873225=3, 3743137=3, 14589905=2, 22958892=1, 8203389=3, 3307240=1, 23319026=1, 27179113=2, 3034637=1, 31475619=1, 8792975=4, 17452654=1, 16328004=3, 2037456=3, 33493278=3, 29013973=2, 3310964=2, 8988380=3, 17574255=5, 32525268=1, 14368001=3, 19890305=2, 6416091=1, 4597003=4, 20158642=2, 2115787=1, 3474924=3, 23245552=2, 1246529=3, 18163629=3, 24513290=4, 23917073=1, 1116585=3, 834228=2, 16898309=1, 29388242=1, 28246397=3, 8142332=5, 32535477=1, 10192172=2, 3237913=1, 10737524=1, 20888347=2, 16671475=1, 3706595=2, 14869266=1, 23187290=1, 5297201=1, 9060050=4, 32025336=2, 11369385=1, 5971854=3, 1866078=1, 811851=1, 25865705=2, 25829642=4, 6325049=2, 20174611=1, 11566723=1, 28710557=4, 32545455=2, 29788291=2, 13936151=2, 33254110=1, 17097209=1, 17127668=1, 24367027=1, 23460481=1, 25580162=1, 30462502=1, 17369825=3, 2319261=1, 30614704=3, 31133075=3, 6936587=1, 4361866=2, 26948849=3, 27392324=1, 1946816=2, 15690167=1, 17425877=1, 5157248=2, 32612229=2, 3252911=2, 27489841=1, 1406852=1, 17690864=1, 20448057=6, 9438773=7, 6373677=1, 10716622=2, 10479334=1, 26656905=1, 2422815=1, 9916521=1, 30395603=1, 17661587=1, 23690908=1, 29007717=2, 13342642=2, 10336727=2, 1373698=1, 26886735=1, 5094524=2, 12393046=3, 6976903=1, 27088238=1, 11282572=5, 9454186=1, 8301409=2, 9088786=2, 6891247=3, 9027426=2, 29068224=2, 10169496=3, 7296602=1, 19208194=3, 12333201=5, 30348657=3, 17856697=1, 2228106=1, 29428572=3, 25844739=1, 33214684=1, 22611263=3, 19522553=1, 18168803=3, 3860538=1, 21567429=3, 12625518=2, 16793438=11, 3617081=3, 6387302=1, 4120285=1, 13160421=1, 23413989=1, 22647635=2, 12118547=1, 32320927=3, 3022194=4, 5198417=1, 24327750=3, 5710182=3, 28943167=2, 23856236=5, 91948=1, 16710281=1, 21822335=1, 16777913=11, 27654901=1, 25426067=1, 8028604=2, 19099463=1, 9599568=1, 6540086=1, 1730045=1, 22069096=2, 18173752=1, 28147649=1, 3939343=5, 31336406=4, 5826386=1, 33267517=2, 13900875=5, 1919962=1, 800616=5, 18173824=1, 32856952=1, 764183=2, 14071657=2, 23358979=1, 21366383=4, 26224752=7, 10648701=1, 29565180=3, 19714260=1, 22948521=4, 2669592=2, 2902321=1, 19462732=1, 32072602=1, 16614955=2, 14122761=1, 21537371=2, 32808359=2, 21351828=1, 11310775=2, 32642830=4, 29589931=2, 30248740=2, 10383898=1, 29109682=5, 2889604=5, 2161074=1, 23663882=3, 7377976=2, 18936643=1, 9806322=2, 1063195=7, 31330875=4, 20337254=1, 3070517=1, 14699847=1, 18709786=1, 4746647=1, 24766497=1, 22258815=2, 6425156=4, 1765155=1, 12584805=9, 17701842=4, 4443469=1, 15441602=2, 23120574=1, 20938280=1, 6166567=4, 19630819=2, 24709622=3, 13051755=3, 7465379=1, 22848036=2, 18959262=1, 16337200=1, 334181=3, 20970594=1, 25669594=2, 26647300=2, 26709725=2, 31205180=5, 13429816=1, 19975203=1, 806511=1, 4282231=1, 14324180=2, 32612311=2, 20450018=6, 13046954=3, 31492233=2, 23017791=3, 1478018=2, 7017303=3, 1381610=3, 3991587=1, 8607406=1, 31585208=1, 2112064=8, 25947715=1, 6433036=4, 5250170=7, 21398864=2, 14729854=1, 4179159=1, 27666898=4, 1957603=1, 9220035=2, 7404784=1, 3509155=2, 29119060=1, 21481172=1, 31670133=3, 22146134=1, 534468=6, 29869730=1, 22386801=2, 28642607=3, 29682107=1, 13478638=2, 31663252=3, 15747512=1, 10640981=1, 10721485=2, 28057554=5, 8332984=3, 12320676=1, 28068401=1, 2134511=2, 10612335=1, 6624812=3, 8992374=3, 19883740=1, 11290105=1, 26178412=1, 25096767=1, 28325819=7, 14269004=2, 9429590=1, 8734993=1, 20575082=1, 16027274=2, 21267729=2, 24992707=1, 736431=3, 27610627=1, 8168123=2, 21354584=1, 19466333=3, 21725365=2, 3364762=1, 6931468=1, 16639393=1, 5226675=1, 6612335=1, 7891463=1, 27454941=1, 24604637=1, 5662589=1, 24405454=1, 8287991=1, 28025650=2, 25492663=1, 30440352=1, 4737948=1, 11852060=1, 33077231=2, 18668287=1, 13160095=1, 32709882=3, 11463708=1, 3567796=1, 27772031=1, 21113131=4, 4422255=1, 25027518=1, 16333372=3, 24299477=1, 32695447=1, 20456482=6, 13712185=3, 22839857=2, 6156016=1, 13000373=1, 191426=1, 15789279=1, 691722=2, 29172029=3, 8458350=3, 27378480=1, 21208287=2, 30298481=1, 21716778=1, 22388758=2, 7121235=2, 15418522=1, 30966317=2, 12688145=2, 19809275=1, 2320030=1, 5400669=1, 9848558=1, 19498049=2, 26313356=2, 19831404=2, 28740068=2, 1217723=2, 5454827=3, 23224382=1, 11842114=2, 17889862=1, 20071464=1, 23364624=2, 7058037=2, 18939554=1, 988892=3, 10149080=1, 19459594=1, 21813685=1, 5556684=1, 52624=1, 10688054=3, 12435897=1, 7939661=3, 32497258=1, 14979000=2, 7863743=1, 17086345=2, 30272217=1, 17801306=2, 10303280=3, 4849944=4, 21246687=5, 32731612=1, 8715142=1, 32139645=1, 29989466=2, 20601481=1, 1038721=1, 16994809=1, 15489676=1, 5565992=1, 24923527=1, 30629896=1, 13858289=1, 21365364=4, 3496498=1, 24568664=1, 19083408=3, 27931552=4, 28858606=1, 12144244=1, 13720192=1, 9595828=1, 27720050=1, 5107017=1, 24790713=1, 29997717=2, 14472167=1, 10896791=1, 1703227=1, 9421503=1, 23005068=3, 30134006=1, 9242940=3, 14737668=1, 10306034=1, 30310855=2, 4575554=1, 23586586=1, 4949951=2, 24445366=3, 28191979=4, 13047010=3, 5059087=3, 9246441=3, 19183394=2, 3339014=1, 32928682=1, 11758573=1, 27713666=1, 12967658=1, 18984532=2, 2880677=1, 12743060=1, 15131764=1, 158824=1, 25370222=3, 22854399=2, 32897924=1, 10224489=5, 13552656=1, 2929089=2, 22742325=3, 17274874=2, 32246108=5, 14142168=1, 14309348=1, 23418199=1, 12809993=1, 14901648=1, 19779884=1, 19808333=1, 32201471=1, 1860860=1, 8675710=1, 29410793=1, 24476154=1, 5689115=1, 21476218=2, 23898318=2, 8619990=2, 30805712=4, 30181043=2, 26853016=2, 14950099=5, 17848884=1, 28950942=1, 25140262=2, 3528908=1, 32425380=1, 9287669=2, 33108915=3, 3216936=3, 21634248=4, 1643950=3, 15564645=1, 14286523=1, 4219041=1, 24260937=4, 27328828=3, 21302141=3, 17344492=2, 31222548=1, 3390336=2, 24807767=2, 26070930=1, 16950491=2, 11857965=1, 16254931=6, 17306559=6, 26671837=1, 9645922=3, 33281176=1, 17607988=2, 21649459=1, 10718321=2, 6486888=1, 10052636=1, 10433636=3, 7826193=1, 19537853=4, 7635837=2, 16124509=4, 21272397=2, 26371277=1, 8409525=1, 23156667=1, 16362780=2, 31329671=4, 7912534=2, 26789100=1, 1750127=2, 18513136=1, 9085272=2, 14536798=1, 2296015=3, 16823670=2, 7408747=3, 10595568=2, 31915469=1, 7013981=3, 16374888=1, 13529742=1, 22316490=2, 17636884=3, 23080943=8, 11512007=2, 22363432=3, 10388954=2, 27452930=1, 22814926=5, 1873664=2, 21155842=1, 11568947=2, 4054245=1, 21172193=3, 18435307=1, 10039069=3, 2735408=2, 33000724=2, 14859069=2, 17282066=2, 6372984=3, 20726232=1, 28279278=2, 6134962=2, 9203677=1, 13697846=3, 831936=2, 11806112=5, 9959220=1, 11096023=1, 9176251=5, 25490128=1, 24349623=2, 25689774=1, 3318760=2, 6030278=5, 17981657=1, 16727343=3, 16762778=1, 269072=5, 32289619=2, 33013841=1, 1477712=2, 12806734=1, 1014400=1, 30940156=6, 19042368=2, 3905049=2, 809552=1, 6273423=2, 27100035=2, 11819696=1, 7986521=1, 13018024=2, 24410661=1, 28940925=2, 9787004=1, 22093532=3, 1794876=1, 30519884=2, 20676247=1, 17197501=1, 11689812=1, 28974246=4, 18669571=1, 29414681=1, 25585859=1, 21149216=2, 3936736=5, 24410903=1, 22654108=2, 13980968=1, 14122614=1, 14326966=2, 840496=1, 5598046=1, 24510338=1, 23819431=1, 5813891=2, 23861474=5, 23676977=1, 25745084=1, 15181452=2, 10685787=3, 5023189=2, 16395339=4, 3463259=1, 26152299=3, 22648385=2, 26249640=2, 12701280=1, 47759=2, 27201139=3, 28235861=1, 16780673=11, 790183=5, 13003486=1, 25219641=1, 28783039=3, 21046534=3, 8563335=2, 2756079=4, 507367=2, 19771021=2, 5341221=2, 10098974=4, 13209352=2, 32520904=7, 633544=2, 2894543=5, 15492104=1, 20969327=1, 32872638=2, 8310556=1, 19682362=1, 18185133=1, 13244358=4, 11293518=1, 5174626=1, 24029165=2, 4866458=1, 2368673=5, 31252924=1, 30945297=6, 11807950=5, 15268921=1, 23664750=3, 20971445=1, 31579520=1, 27500555=2, 13583975=1, 19936966=7, 7430725=1, 3975777=2, 11569032=2, 7173524=1, 32307561=1, 7368684=1, 30491418=1, 20558101=2, 25759910=3, 2872989=1, 3277046=4, 26736940=1, 14749718=3, 16346804=1, 4176326=2, 31308837=2, 10825247=3, 13024122=2, 14471690=1, 27185261=1, 12113542=1, 28039490=1, 6966159=1, 21139148=2, 28609469=2, 2209883=2, 32789348=1, 17323918=1, 28326500=7, 23384072=1, 7833961=2, 21309762=3, 20848322=4, 8790335=4, 28143269=1, 23420749=1, 3486750=3, 17951223=1, 14569716=1, 25343602=2, 9815255=1, 31564171=2, 8014159=1, 6665076=2, 27409257=4, 4351323=1, 29141929=2, 14389532=2, 26645156=2, 15238806=2, 11630622=1, 8204384=3, 19709959=1, 6007188=2, 6321678=1, 8452050=1, 4839446=1, 9104988=1, 15071813=1, 23773487=1, 6411508=1, 21006338=2, 10677670=1, 25508375=3, 25788851=2, 9853414=1, 14176175=1, 9806441=2, 16678311=1, 12350814=1, 29689864=3, 10336553=2, 4438276=2, 28808733=2, 25859540=2, 2131387=2, 16681316=2, 24484404=2, 19640552=2, 8708089=1, 10540434=1, 13857652=1, 22199377=2, 16291078=2, 30305202=1, 13284004=2, 21548819=1, 5092208=2, 26941417=3, 1571379=1, 24717761=3, 10691005=3, 21420700=1, 1417510=2, 15786393=1, 25831874=4, 32198920=1, 13421765=1, 7508588=2, 15741376=7, 2969501=1, 25882293=1, 25087794=1, 26047555=1, 3893031=1, 20921253=3, 12681138=1, 12138124=3, 16552599=2, 11732515=3, 5762029=1, 21175039=3, 26649064=2, 32085665=2, 32221330=2, 23533278=3, 19256626=1, 30011071=1, 24531471=1, 31849999=1, 30458482=1, 7282959=3, 25604657=2, 25771275=3, 16283255=1, 20035414=2, 29711364=1, 21206848=2, 10394179=2, 13570102=3, 8532027=4, 6707423=1, 23983960=1, 9763027=1, 1074295]1=1}&gt;" type="org.junit.ComparisonFailure"><![CDATA[org.junit.ComparisonFailure: expected:<...Prime: 6 register: {[10193337=2, 3022264=4, 33072483=2, 6584093=1, 10540434=1, 8279049=1, 9246441=3, 12584805=9, 13421765=1, 24589923=3, 11512007=2, 6425156=4, 12402680=3, 9231094=1, 19809275=1, 24452539=3, 17205229=2, 1794876=1, 25718893=1, 8168123=2, 33204292=2, 2783815=1, 30395603=1, 27885680=2, 8014159=1, 28279278=2, 67430=3, 13204486=1, 29436429=3, 2541302=1, 29388242=1, 10716622=2, 30820872=1, 19975203=1, 24384084=5, 31585208=1, 27650169=1, 8988380=3, 14231219=3, 22022043=7, 18956070=3, 10152487=1, 30217820=3, 878298=1, 2131387=2, 24546939=2, 7833961=2, 11096023=1, 28520727=3, 25767217=3, 1873664=2, 31150947=1, 12804544=1, 16480780=1, 14180159=1, 33077231=2, 5793846=1, 2735408=2, 8203389=3, 9787004=1, 15071813=1, 9193395=1, 2646956=1, 28656939=1, 13720192=1, 25855402=2, 17856697=1, 20888347=2, 23341916=5, 26505769=1, 523859=1, 24748237=2, 12242479=1, 30140733=1, 10742951=1, 16483609=2, 21392365=1, 6624812=3, 25531329=2, 22199761=2, 17595255=1, 22471185=1, 7741368=4, 3010020=1, 27288312=1, 27200966=3, 19256626=1, 31578983=1, 7538738=3, 4140556=3, 21488626=1, 1897027=1, 32559369=1, 1038607=1, 32808359=2, 30440352=1, 9320899=4, 21644879=1, 14665837=1, 32320927=3, 23017791=3, 10988500=2, 32806396=2, 16608106=1, 9320365=4, 27616260=1, 25817234=1, 181610=1, 5006384=1, 31163259=2, 17859736=2, 6220929=1, 17752548=1, 30181043=2, 5740168=2, 20426028=2, 29068224=2, 30616490=3, 10226356=5, 27111481=2, 7484059=4, 19490233=1, 3216936=3, 10409639=1, 24333225=1, 3687148=1, 2095759=1, 16611618=1, 2669592=2, 21138070=2, 20065285=4, 32584230=3, 26899241=1, 18079652=1, 25805530=1, 32535477=1, 3760346=1, 21649459=1, 16827885=1, 3528908=1, 29589931=2, 3318014=2, 11125288=1, 15946938=1, 14122761=1, 12329289=5, 26926975=1, 27293612=1, 33392158=2, 7282959=3, 31716962=1, 4422255=1, 1866629=1, 32539107=2, 29682107=1, 21534796=2, 33458460=2, 14363186=3, 5989981=1, 17452654=1, 26146555=1, 20953527=2, 4121738=1, 269072=5, 28269640=1, 29565180=3, 31455454=1, 23690908=1, 19618283=1, 29172029=3, 18220835=4, 30246010=2, 28400157=1, 10923351=2, 23533278=3, 3070517=1, 21113131=4, 30629896=1, 30847022=2, 24410903=1, 29161017=1, 21026350=1, 7365738=1, 26655695=2, 4186863=1, 32835774=3, 16846706=3, 23773487=1, 20035414=2, 19208194=3, 8283949=1, 8108063=2, 22185766=2, 15653891=1, 25370222=3, 14589905=2, 33541781=1, 25859540=2, 28621380=2, 15786393=1, 870366=1, 29505152=4, 21275235=2, 21745905=1, 16982317=3, 22613010=3, 6966159=1, 10113697=1, 3029940=4, 14071657=2, 24671074=1, 22857124=1, 12144244=1, 5754508=1, 8800084=1, 14201973=2, 7912534=2, 5187632=3, 19709959=1, 32999760=2, 29807017=1, 3818747=1, 1954231=1, 7932822=3, 9416778=2, 19083408=3, 16575088=1, 17332140=1, 7710501=2, 16450439=3, 31379561=1, 11310775=2, 16337200=1, 23334805=5, 22839857=2, 1250283=3, 9110565=3, 27268285=8, 25398447=2, 15789279=1, 10052636=1, 13959700=3, 27224383=1, 32928682=1, 32449417=3, 21543075=2, 10390739=2, 19610286=3, 29830962=3, 507367=2, 27179113=2, 13209352=2, 32497258=1, 3626940=1, 11807950=5, 19466333=3, 2175695=3, 2335097=2, 23623466=1, 5916690=1, 19682362=1, 7322315=2, 7877681=6, 1003629=1, 10268271=2, 6538710=1, 25544914=1, 21983326=1, 3451121=2, 2368673=5, 18206323=1, 14569716=1, 5908959=4, 2143153=2, 27344250=3, 32033626=1, 12268775=3, 22736268=1, 4283749=1, 3277046=4, 9242940=3, 27170188=2, 16658067=4, 8256909=1, 19445322=2, 17636884=3, 23649999=1, 8218031=1, 1850740=5, 7404784=1, 10685787=3, 17031023=1, 14749718=3, 31475619=1, 27333959=3, 22068340=2, 32036064=1, 1368020=1, 26645156=2, 1898832=1, 3893031=1, 15441602=2, 12026502=2, 19787814=1, 887194=2, 4866458=1, 25492384=1, 13018024=2, 30966317=2, 7939661=3, 9077140=2, 3860538=1, 20042926=1, 25883333=1, 23803508=3, 31178939=1, 24709622=3, 23590352=1, 27409257=4, 13069998=1, 16904527=1, 17275732=2, 16333372=3, 31909015=1, 6120763=1, 18491585=4, 23586586=1, 9450917=7, 18396003=2, 28246397=3, 17197501=1, 1914801=3, 17333809=1, 10303280=3, 8579024=1, 32085665=2, 29895541=6, 18455845=2, 28440121=1, 7331941=1, 17629923=3, 8235337=2, 2697886=3, 24585146=3, 8799909=1, 24056673=3, 11838780=2, 31689665=2, 26853016=2, 28861691=1, 13046154=3, 3377685=2, 28025650=2, 29007717=2, 2969501=1, 24923527=1, 29478275=1, 6635657=1, 12350814=1, 4613029=1, 20676247=1, 2751636=1, 834228=2, 32612311=2, 2037456=3, 17384563=1, 7139920=1, 7654911=1, 7388325=2, 17129908=1, 22848036=2, 11096547=1, 7508316=2, 2790377=2, 6923080=2, 18668287=1, 23245552=2, 29853176=2, 31253073=1, 4373912=2, 32545455=2, 9220035=2, 14286523=1, 31313722=1, 3193612=2, 20225860=2, 5198417=1, 5746571=2, 23053728=1, 30353461=3, 9176251=5, 6671982=1, 20938280=1, 10479334=1, 24531471=1, 1038721=1, 24367027=1, 9735424=2, 13160095=1, 11369385=1, 25831874=4, 19700117=2, 16777913=11, 21398864=2, 22894253=1, 31631120=2, 20922851=1, 28235861=1, 30667002=1, 27720050=1, 11711709=2, 13697846=3, 7013981=3, 27587289=1, 11282572=5, 11434684=1, 4443469=1, 20744972=2, 4610293=1, 31789181=3, 27870104=1, 3077805=1, 25490128=1, 6810520=1, 8126950=5, 33288310=1, 29414681=1, 24281916=2, 8607406=1, 2161074=1, 7264236=1, 8966827=1, 8041641=2, 29161097=1, 19037981=1, 18431276=3, 31330875=4, 21420700=1, 16678311=1, 3427116=1, 12809993=1, 5710182=3, 8599068=3, 13931365=2, 31564171=2, 11132487=1, 26989254=1, 18055965=2, 1643950=3, 13858289=1, 676485=1, 6495258=3, 10382234=1, 12260709=3, 16650721=4, 16552599=2, 24405454=1, 23676977=1, 15489676=1, 2680882=1, 5704446=3, 3405643=1, 7408747=3, 691722=2, 13047010=3, 9806441=2, 24327750=3, 25426067=1, 3463259=1, 25380775=1, 22582332=2, 32923905=1, 14536798=1, 25622017=1, 29898151=6, 14950099=5, 22948521=4, 6486888=1, 14147541=1, 1623662=1, 2756079=4, 9595828=1, 25585859=1, 17159925=1, 25586627=1, 28505831=1, 4282231=1, 17508945=3, 9799016=2, 10245584=1, 1166322=1, 6373677=1, 18921961=2, 25343602=2, 30462502=1, 22486491=3, 8204384=3, 25931343=2, 9701257=5, 9953388=1, 5813891=2, 29919415=2, 27884274=1, 8458350=3, 30805712=4, 25921416=2, 25615113=1, 17648388=1, 24790713=1, 6936587=1, 10098974=4, 15652125=1, 990076=3, 19498049=2, 19028573=1, 17156027=1, 19808333=1, 10721485=2, 22598901=1, 10139443=2, 7333019=1, 18121459=2, 11463708=1, 32089634=2, 26647300=2, 14711371=1, 30348657=3, 5341221=2, 7585059=2, 24679295=2, 31690849=2, 25374223=3, 20464339=1, 422657=1, 13857652=1, 1357180=2, 4201969=9, 14041983=1, 20575082=1, 30305202=1, 12138124=3, 216963=1, 12776871=1, 31201325=5, 16542688=1, 29374589=9, 25788851=2, 14149650=1, 22917393=2, 988892=3, 20063632=4, 5120675=4, 33044639=6, 22563538=1, 1381610=3, 31420877=1, 27666898=4, 11569032=2, 13593447=1, 30893179=1, 788066=5, 26263911=1, 11101372=1, 30011071=1, 6138638=2, 33056649=1, 13624405=1, 31498675=2, 29869730=1, 26941417=3, 23917073=1, 10149080=1, 5454827=3, 28505210=1, 4526222=3, 28245836=1, 30691718=1, 2319261=1, 8715142=1, 28153266=2, 13552656=1, 14013836=1, 27650008=1, 3496498=1, 18388367=2, 2658575=2, 7110270=1, 14471690=1, 14869664=1, 18065546=2, 6552519=1, 23045594=2, 14269004=2, 1063195=7, 21213646=2, 6438505=4, 21889755=4, 14939229=1, 29001081=2, 6984347=2, 3318760=2, 18282678=1, 19522553=1, 33540507=1, 6156016=1, 9239366=1, 32872638=2, 21366383=4, 9645922=3, 23819431=1, 31670133=3, 7545166=3, 20971445=1, 14565433=1, 14869266=1, 26886735=1, 4413228=1, 20562489=1, 20969327=1, 24433722=1, 13051755=3, 13787150=1, 19640552=2, 14793574=2, 32246108=5, 11146942=4, 8992374=3, 30719604=2, 13900875=5, 5971854=3, 10879417=4, 8313001=1, 14648257=2, 27764113=2, 5642187=4, 17690864=1, 20960738=1, 806511=1, 14106050=3, 5478133=2, 19630819=2, 10896791=1, 19537853=4, 28989434=1, 18168803=3, 30149746=5, 18241357=1, 10039069=3, 3364762=1, 19936358=7, 19149379=5, 16124509=4, 22611263=3, 1771078=3, 16260782=6, 31190965=1, 13299691=1, 26152299=3, 12969560=1, 18488009=4, 3095299=3, 5094524=2, 9438773=7, 18894894=1, 25638131=3, 8790335=4, 1703227=1, 3788542=1, 6186326=1, 13906542=5, 24472292=1, 8310556=1, 23548025=1, 5961481=1, 2458531=2, 32542287=2, 8872793=1, 23156667=1, 27094144=1, 9853414=1, 15564645=1, 32928081=1, 24766497=1, 23068809=8, 8563335=2, 6540086=1, 10595568=2, 12919407=3, 27727684=3, 17436735=4, 6327760=2, 11140905=1, 11857965=1, 5226675=1, 16346804=1, 24351483=2, 3936736=5, 746095=1, 3339014=1, 9916521=1, 31205180=5, 23463879=4, 15984220=1, 3434548=1, 9764528=1, 3310964=2, 1576735=6, 2792020=2, 23319026=1, 18987303=2, 16827762=1, 23220662=1, 32731612=1, 15238806=2, 31511304=1, 32214209=2, 22093532=3, 14685322=8, 21419651=1, 13583975=1, 20726232=1, 1373698=1, 24262360=4, 5938561=2, 4200024=9, 811851=1, 21208287=2, 13024122=2, 1919962=1, 11174947=2, 30532533=1, 18436446=1, 26801279=1, 23950632=1, 32945310=2, 22648385=2, 26649064=2, 21206848=2, 1835662=5, 25825823=4, 17323918=1, 24299477=1, 5029273=2, 5107017=1, 17848884=1, 23307703=2, 20448057=6, 32411614=2, 31184804=1, 15295510=1, 9203677=1, 22199377=2, 32468394=1, 28669604=1, 19099463=1, 31871585=1, 29557081=3, 28025468=2, 13743999=2, 28885888=1, 21246687=5, 23384072=1, 2705479=1, 4176326=2, 10888039=4, 1492898=1, 26249640=2, 19988327=1, 28147649=1, 31227701=1, 21388169=1, 5157248=2, 11806112=5, 19737389=3, 30519884=2, 17223073=1, 6265098=2, 14901648=1, 29689864=3, 5264774=1, 12688145=2, 32145550=2, 26726904=1, 3027916=4, 31966316=1, 9772395=3, 11337870=3, 26928030=1, 32109069=1, 9972381=6, 2308416=3, 19883740=1, 22440711=1, 9076355=1, 713247=1, 7928350=1, 10612335=1, 23070361=8, 12534763=1, 28126455=3, 1556213=2, 1016410=2, 21658648=1, 24410661=1, 600842=3, 27255506=1, 28966879=1, 11566723=1, 3420709=5, 26551362=3, 17344492=2, 3567796=1, 25508375=3, 20427125=2, 24349623=2, 22433369=1, 23418199=1, 22209223=1, 1436514=1, 32236574=1, 11259827=1, 17981657=1, 26064606=2, 23460481=1, 32252512=5, 32809235=2, 9640163=3, 29072463=2, 3222230=3, 8688809=2, 12199719=4, 21267729=2, 21424394=1, 14433865=5, 5680476=2, 27603677=3, 21725365=2, 3252911=2, 26534183=1, 5297201=1, 21267355=2, 27344633=3, 16137063=4, 21830532=3, 13265083=1, 20576213=1, 16291078=2, 778945=1, 31197358=5, 7142380=1, 11990907=1, 5762029=1, 18938452=1, 25888556=3, 4707220=1, 11246197=2, 9820600=1, 20365725=1, 19183394=2, 1216067=2, 11484110=3, 26534467=1, 21863844=2, 21164393=1, 13937851=2, 21309762=3, 26857426=1, 17703533=4, 31336406=4, 33165659=4, 32090792=2, 27100035=2, 15216383=6, 9287669=2, 3445967=2, 20941777=2, 17607988=2, 18659058=2, 25745084=1, 16254931=6, 28940925=2, 22792096=1, 6011350=2, 16027274=2, 6007188=2, 5174626=1, 29057152=1, 10354357=1, 9108989=1, 25939525=1, 32786095=1, 30915734=2, 8619990=2, 8973027=1, 15268921=1, 5059087=3, 14290382=4, 11732515=3, 11949039=1, 3300214=1, 2499784=4, 13859365=1, 32642830=4, 19738296=3, 13284004=2, 27625701=2, 33310414=1, 18281503=1, 8503495=1, 18513639=1, 24604637=1, 20337254=1, 12320676=1, 5131803=1, 15918490=1, 6166567=4, 17801306=2, 22915644=2, 4438276=2, 20234602=1, 26628553=1, 764183=2, 9834845=4, 7804927=3, 12103933=2, 2770418=1, 22092837=3, 14149550=1, 26781100=2, 28706075=4, 27555550=1, 9989255=1, 29627078=5, 11290105=1, 7996768=4, 7103941=1, 18303109=1, 24461639=1, 6030278=5, 21095524=1, 24771861=1, 25654631=1, 9524516=1, 14625273=3, 7264766=1, 614519=1, 12395880=3, 13530020=1, 5584187=3, 17139942=2, 22444840=1, 15917915=1, 29505438=4, 27604938=3, 13429816=1, 16554583=2, 9143749=2, 20087761=2, 17661587=1, 1432404=1, 12413126=1, 27369672=2, 23664750=3, 158824=1, 21679382=1, 20158642=2, 7637571=2, 8353316=1, 17580913=1, 4977763=1, 27849212=1, 33016641=1, 20130514=3, 9599568=1, 25759910=3, 18593812=2, 25836729=4, 21494494=1, 16624677=2, 2296015=3, 26945891=3, 8532027=4, 28994899=1, 5905150=4, 28281753=2, 21305270=3, 23301762=2, 10652299=2, 31857079=4, 10727588=2, 18936643=1, 16671475=1, 26070930=1, 1478018=2, 16990254=1, 22069036=2, 32520904=7, 27610627=1, 17344284=2, 22736529=1, 1571379=1, 3743137=3, 27059541=1, 20006598=1, 7826193=1, 23163346=1, 25819261=1, 30289254=4, 29408167=2, 18939554=1, 6059945=1, 33493278=3, 6931468=1, 4575554=1, 24445366=3, 11650368=1, 11153300=4, 25027518=1, 7508588=2, 26947316=3, 23983960=1, 20570987=1, 21634248=4, 31745857=1, 25848394=1, 23120574=1, 17781019=1, 16486735=2, 8579301=1, 16710281=1, 13216249=2, 3006148=1, 1131554=1, 4302796=2, 21481172=1, 3307240=1, 633544=2, 25711111=1, 20902874=1, 14729854=1, 599681=3, 3791007=1, 23426634=1, 6411508=1, 5250170=7, 589476=1, 23831708=2, 25306220=4, 18755564=4, 73293=3, 22258815=2, 6340939=1, 20362950=2, 29428572=3, 24713325=3, 31524391=3, 23631445=2, 11483073=3, 18959262=1, 4054245=1, 15219009=6, 32565765=1, 19246625=2, 15492104=1, 16467675=1, 11842114=2, 23413989=1, 6025315=1, 27126499=1, 4120285=1, 4839446=1, 25985162=2, 3617081=3, 31903583=1, 1866078=1, 28943167=2, 662194=4, 10306034=1, 32613779=2, 12884515=2, 13003486=1, 1164818=1, 216936=1, 16609009=1, 14917882=2, 4317001=1, 17490720=1, 12701280=1, 24931857=1, 27821513=2, 25603951=2, 4852977=4, 29370167=9, 14859069=2, 11505582=2, 29940060=1, 2375399=5, 25096767=1, 10433636=3, 30387241=2, 3446915=2, 24062693=3, 7548230=3, 15807580=3, 8530812=4, 14472167=1, 13033582=1, 10602320=1, 4850698=4, 4087997=1, 25904766=1, 30458482=1, 19779884=1, 24292056=2, 15645111=2, 9891608=1, 5379721=4, 15669084=3, 9681905=2, 28362788=1, 10120271=1, 29262495=2, 21139148=2, 13799555=2, 8708089=1, 17701842=4, 13728624=1, 3237913=1, 22258061=2, 8378199=1, 5924716=1, 10855959=2, 25676184=1, 24943588=2, 16654775=4, 24999352=1, 23224382=1, 19305187=2, 29683167=1, 27454941=1, 2115787=1, 17007847=2, 3402473=1, 16328004=3, 5791538=1, 12230974=2, 26079985=1, 14222528=3, 25091884=1, 11235475=1, 31663252=3, 9614537=2, 2281904=1, 28752366=2, 18513136=1, 21214531=2, 26259201=2, 47759=2, 26047555=1, 23048583=2, 15912631=1, 13570102=3, 14522483=2, 29673102=1, 25538950=2, 24678827=2, 1013179=1, 30272217=1, 736431=3, 16817643=2, 16643109=1, 11819696=1, 759942=2, 8753047=2, 1957603=1, 1730045=1, 9345761=2, 24717761=3, 790183=5, 14979000=2, 12710127=1, 19714260=1, 18040080=1, 1337768=1, 24992707=1, 18163629=3, 52624=1, 4092344=1, 31492233=2, 26198487=1, 18784452=2, 14040273=4, 28808733=2, 11802261=5, 16616341=2, 17964840=4, 1417510=2, 31252924=1, 13117154=6, 21302141=3, 2889604=5, 24617562=2, 2265077=2, 16827262=1, 23474363=4, 25101702=3, 5670807=2, 18709786=1, 29989466=2, 25263136=1, 16395339=4, 28039490=1, 32201471=1, 16374888=1, 1970854=4, 23131307=1, 13081391=2, 23152535=1, 14158065=6, 28710557=4, 10677670=1, 6416091=1, 25150569=1, 1549953=2, 17821798=1, 17979387=1, 18013020=1, 21537371=2, 10394179=2, 19821001=1, 12287293=1, 23493428=1, 15608909=4, 12198816=4, 809552=1, 29551529=1, 10462421=2, 16515883=5, 1211585=1, 7273914=1, 3017272=4, 15831830=2, 14955503=5, 2134511=2, 21285439=1, 9027426=2, 10423629=3, 2228106=1, 3293335=1, 2441700=1, 7058037=2, 29484596=1, 32289619=2, 32823665=1, 18946745=3, 28306675=1, 9633695=1, 30951786=1, 534468=6, 5669125=2, 26650866=2, 4264350=3, 31980401=1, 28807070=2, 774622=1, 11739532=3, 15568558=2, 5521783=1, 11569212=2, 11908114=2, 15791256=1, 9936136=2, 12901729=1, 27328828=3, 14389532=2, 14951424=5, 29410793=1, 22826162=1, 18678395=3, 27078133=3, 16062417=3, 29482009=1, 1087293=2, 10437847=1, 12967658=1, 25219641=1, 27927377=4, 21199871=1, 33342019=1, 10640981=1, 10118791=1, 8802108=1, 20601481=1, 21272397=2, 4737948=1, 14047838=1, 29788291=2, 2320030=1, 8435527=2, 29702209=3, 23952850=1, 8249649=1, 29682036=1, 3474924=3, 4361866=2, 18737681=1, 11689812=1, 28325819=7, 29468075=2, 32915821=1, 1217723=2, 23823796=2, 12806734=1, 16994809=1, 29471384=2, 32726147=1, 32740660=2, 17624703=1, 14574711=1, 15597405=1, 1477712=2, 12435897=1, 12098225=2, 15496522=1, 31718127=1, 12625518=2, 5379413=4, 16203433=3, 32221330=2, 26733042=1, 7891463=1, 11669763=4, 15746430=1, 15766095=2, 1750127=2, 15690167=1, 5710619=3, 18296964=3, 27201139=3, 18790874=2, 21320065=1, 5523248=1, 31679182=1, 1884069=2, 13565836=1, 17445125=4, 1956735=1, 17747241=1, 17853213=1, 28603613=1, 9586971=1, 26458139=2, 17369825=3, 30245420=2, 15418522=1, 32143832=1, 4291549=1, 10718321=2, 26379332=2, 22320263=2, 8283253=1, 25262415=1, 27088238=1, 22654108=2, 6903361=1, 8028604=2, 20408821=1, 13637320=7, 29711364=1, 24526563=4, 30734454=1, 33000724=2, 191426=1, 15034131=1, 29895499=6, 3403979=1, 33267517=2, 9806322=2, 4674407=1, 22316490=2, 13160421=1, 19580935=1, 315883=1, 3706595=2, 19176454=2, 8761111=2, 28850073=6, 23663882=3, 15656996=1, 11568947=2, 28740068=2, 15260512=1, 11048714=2, 19771021=2, 32139645=1, 3975777=2, 1860860=1, 33013841=1, 8734993=1, 28783039=3, 28143269=1, 25771275=3, 16780673=11, 2894543=5, 19048043=2, 21175039=3, 118057=1, 27882529=1, 10817568=3, 1661674=1, 14921799=2, 31732406=5, 1745546=2, 33281176=1, 17926646=2, 516870=1, 5214456=2, 20457259=6, 18013585=1, 24079729=1, 3905049=2, 7430725=1, 2209883=2, 294417=1, 25288205=1, 25999127=2, 21534227=2, 24968148=1, 13422190=1, 3938380=5, 10961145=1, 20613538=2, 19695734=2, 29096948=1, 5400669=1, 21746733=1, 26178412=1, 884963=2, 4667983=3, 28468351=1, 27060295=1, 11630622=1, 26313356=2, 28203882=1, 16534198=1, 17086345=2, 4314095=1, 33326442=2, 1459877=1, 28642607=3, 13828760=3, 14648867=2, 31859896=4, 350497=1, 28068401=1, 7121235=2, 23364624=2, 8912454=1, 4283818=1, 6428597=4, 2997052=2, 30110855=1, 28299184=1, 32072602=1, 32632583=1, 28623498=1, 7420292=3, 10846658=2, 30183654=2, 15181452=2, 31222548=1, 8409525=1, 6665076=2, 9205806=1, 4138095=3, 15337393=4, 21644028=1, 2536281=2, 26386712=2, 21172193=3, 23110513=2, 26730305=1, 31136612=3, 7676535=3, 13855976=1, 3509155=2, 27452930=1, 6582812=1, 4370520=2, 31444986=1, 2422815=1, 3719436=1, 7451253=2, 26656905=1, 30526032=1, 12158239=2, 14122614=1, 8197863=3, 30317760=2, 30100982=1, 32548393=2, 21006338=2, 6256042=1, 6387302=1, 19831404=2, 23323819=1, 31943195=1, 495615=2, 6467041=2, 30940156=6, 32064441=1, 2972835=1, 18561373=3, 31849999=1, 31676478=1, 25686071=1, 5271611=1, 335570=3, 29997717=2, 15179569=2, 478139=1, 31552749=1, 2902321=1, 24513290=4, 4887496=2, 13342642=2, 7560652=1, 6231922=3, 3486750=3, 8154695=1, 29553742=1, 7740835=4, 10192172=2, 13244358=4, 1828439=1, 31329671=4, 15508835=2, 28875498=2, 28191979=4, 15862743=4, 28858606=1, 21678658=1, 17296714=1, 26736940=1, 13071353=1, 10651430=2, 18683583=3, 3321465=2, 31408991=1, 28297883=1, 27809960=1, 25883685=1, 25745424=1, 24476154=1, 28096569=2, 13478638=2, 8145277=1, 21291824=1, 800616=5, 31308837=2, 25844739=1, 31222575=1, 6612335=1, 31611366=1, 28780852=3, 32198920=1, 16261862=6, 15131764=1, 9969890=6, 7148951=3, 7017303=3, 14324180=2, 26709725=2, 5598046=1, 3121702=2, 12545304=1, 25454202=1, 1295880=1, 25801194=2, 22386801=2, 22146134=1, 25604657=2, 5002649=1, 33351089=1, 4812895=1, 2868969=1, 14952779=5, 24398036=1, 16283255=1, 22742325=3, 7840371=2, 29248006=1, 21766747=5, 8931807=1, 29777509=1, 28474075=1, 24402607=1, 6273423=2, 15864411=4, 4437624=2, 16811345=2, 21716778=1, 11847208=1, 33254110=1, 26671837=1, 5179251=3, 5826386=1, 16568818=1, 25872000=1, 3360039=1, 1946816=2, 25145892=2, 15974334=2, 30134006=1, 18065688=2, 10666364=1, 13413803=2, 22873225=3, 23861474=5, 831936=2, 9061108=1, 14312678=1, 5556684=1, 9959220=1, 4829866=2, 18118830=1, 6635932=1, 1372215=1, 25669594=2, 26954219=1, 3954121=1, 25492663=1, 1116585=3, 20868969=1, 16719749=3, 13249769=4, 28724198=1, 6490162=3, 803625=1, 4020434=1, 29272563=2, 12024898=1, 9421503=1, 22064241=2, 25829642=4, 31421927=1, 22363432=3, 23080943=8, 30578879=2, 31227640=1, 9791399=1, 2866860=2, 28326500=7, 15741376=7, 17127668=1, 9429590=1, 23187290=1, 22963709=1, 27802639=6, 7863743=1, 9454186=1, 19787252=1, 17231817=1, 1582331=6, 31272320=3, 20456482=6, 4928221=3, 25580162=1, 17306559=6, 32856952=1, 25584333=1, 16823670=2, 10110267=1, 9602199=2, 29109682=5, 6134962=2, 21567429=3, 8142332=5, 3034637=1, 4688260=2, 30054762=2, 7465379=1, 31049154=1, 16758914=2, 21326149=1, 533948=6, 1889080=1, 7986521=1, 26789100=1, 19000634=1, 32425380=1, 16639393=1, 5689115=1, 22900267=1, 30387284=2, 32612229=2, 15747512=1, 14368001=3, 9848558=1, 18006550=1, 29253745=1, 21416657=1, 23810866=1, 24807767=2, 32365878=1, 31845298=1, 27183381=1, 14786970=2, 24568664=1, 4682884=1, 14056918=1, 12751894=2, 19462732=1, 21354584=1, 2239074=4, 12113542=1, 27408290=4, 14234831=3, 9350531=2, 17461735=1, 10943920=1, 13926130=1, 20848322=4, 27167984=2, 31133075=3, 5092208=2, 16950491=2, 14699847=1, 28925022=1, 25689774=1, 14326966=2, 20581141=4, 19936966=7, 21149216=2, 20771437=1, 25140262=2, 30310855=2, 28679234=2, 13126547=1, 29853897=2, 148411=1, 21135778=2, 23826893=2, 10785257=2, 8440884=1, 7368684=1, 8662=13, 19459594=1, 2588327=1, 3836801=2, 25865705=2, 31235781=2, 18435307=1, 29119060=1, 20558101=2, 21365364=4, 933644=4, 20328770=4, 29410039=1, 17448126=4, 3709885=2, 16793438=11, 30491418=1, 31915469=1, 10336553=2, 27920434=4, 28950942=1, 30790994=1, 30248740=2, 5989805=1, 4351323=1, 8332984=3, 4922256=3, 27772031=1, 1765155=1, 15998670=5, 855378=3, 23005068=3, 32317726=3, 17313920=6, 12436281=1, 14176175=1, 15185108=2, 19042368=2, 5085940=2, 31904492=1, 15048498=2, 15821960=1, 22854399=2, 28937933=2, 16272132=1, 22958892=1, 8090708=1, 6147256=1, 29153662=1, 28564847=1, 6321678=1, 840496=1, 8261157=4, 18635104=1, 23088124=1, 33434591=4, 5156073=2, 503407=2, 18070562=2, 3248182=2, 24912256=5, 4096710=2, 32897924=1, 7377976=2, 15096189=1, 7233204=1, 4892119=2, 29017635=1, 13980968=1, 25087794=1, 33108915=3, 18749373=4, 23854067=1, 18420923=3, 33071873=2, 30614704=3, 3390336=2, 32025336=2, 26276195=1, 971739=1, 6287129=1, 9815255=1, 16374482=1, 29141929=2, 2429148=3, 10388954=2, 26026387=3, 9118805=3, 25882293=1, 14778622=2, 2880677=1, 9104988=1, 4239522=2, 12681138=1, 10688054=3, 3186137=2, 26863629=1, 27185040=1, 15336114=4, 8301409=2, 16443778=1, 14737668=1, 17574255=5, 12000460=3, 20002290=3, 334181=3, 4849944=4, 10336727=2, 20071464=1, 2865604=2, 1241065=1, 18984532=2, 25450860=1, 16362780=2, 28444456=4, 10172540=3, 14750000=3, 32709882=3, 11024639=6, 21548819=1, 10454394=2, 16898309=1, 10825247=3, 3387474=2, 27806663=1, 4161687=2, 24484404=2, 25164794=1, 8792975=4, 23665323=3, 22855747=1, 30735876=1, 17231018=1, 6452444=1, 13483388=2, 23420749=1, 17889862=1, 8940129=1, 29013973=2, 30945297=6, 25795352=2, 3905646=2, 11725599=1, 2112064=8, 32525268=1, 32778645=5, 14693680=8, 12393046=3, 3620439=3, 24260937=4, 9864890=2, 2178295=3, 27478278=1, 14840018=1, 28461252=1, 12361296=2, 1722956=1, 30967607=2, 23358979=1, 24432836=1, 498711=2, 8207004=3, 21476218=2, 9915509=1, 17418670=1, 24795234=1, 27654901=1, 9554449=1, 8288703=1, 18480115=1, 19778103=1, 13712185=3, 11758573=1, 5871264=2, 3485961=3, 7051696=2, 30944193=6, 18923540=1, 8255017=1, 11604034=3, 27939821=1, 32747444=2, 12333201=5, 10737524=1, 229572=2, 6433036=4, 17240880=3, 4219041=1, 24482099=2, 4174660=2, 26224752=7, 25400411=2, 20195241=5, 30461518=1, 23454318=1, 14309348=1, 27205954=3, 24570644=1, 28556636=2, 17097209=1, 10080602=1, 19507070=2, 22351846=3, 23898318=2, 9088786=2, 17116775=3, 5023189=2, 15195557=1, 28669251=1, 4533489=3, 9384940=3, 7478801=4, 25761698=3, 27894062=2, 3973371=2, 15694532=1, 32056096=3, 32789348=1, 32695447=1, 19978751=1, 24711786=3, 11268457=1, 9675346=2, 11724937=1, 29809988=1, 25839693=1, 16681316=2, 20450018=6, 18185133=1, 26948849=3, 8795839=4, 33410312=1, 18173752=1, 13936151=2, 16422611=2, 27933226=4, 6325049=2, 12118547=1, 10383898=1, 4085271=1, 6707423=1, 2599387=2, 7179006=2, 9390897=1, 25434380=5, 28254067=3, 16622601=2, 8287991=1, 17274874=2, 10691005=3, 9276741=2, 91948=1, 7635837=2, 10169496=3, 21813685=1, 4949951=2, 17282066=2, 27713666=1, 8452050=1, 19966565=2, 31579520=1, 24733118=1, 23993207=4, 11974907=2, 26376821=1, 20302872=1, 16762778=1, 4597003=4, 16293073=2, 17641102=3, 28409266=1, 3328700=1, 32912852=4, 10591484=2, 21046534=3, 22594220=1, 26493898=1, 22814926=5, 11293518=1, 31941493=1, 2786425=2, 13419786=1, 7860310=1, 15484495=1, 22647635=2, 12256938=3, 18229648=4, 6088726=1, 19657645=1, 9060050=4, 27384820=1, 7428753=1, 6891247=3, 13046954=3, 18095311=5, 25947715=1, 2929089=2, 27185261=1, 23856236=5, 20174611=1, 26741062=6, 16572619=1, 10648701=1, 9130177=1, 23112846=2, 18943457=3, 22069096=2, 7296602=1, 26906077=2, 9763027=1, 12036033=2, 8539499=1, 3991587=1, 22388758=2, 11852060=1, 30549030=4, 20970594=1, 3835084=2, 11185401=2, 19864529=3, 17227939=1, 17425877=1, 13529742=1, 9085272=2, 11303744=1, 7901577=2, 17951223=1, 25134647=2, 21251886=1, 25270145=2, 21859438=2, 4265426=3, 21840360=1, 23263317=1, 25617429=1, 32675777=2, 26371277=1, 15397009=1, 10492545=8, 1487847=2, 18173824=1, 19938712=7, 21309218=3, 16614955=2, 13046736=3, 4353623=1, 5657909=1, 16796843=1, 7499132=1, 20710940=5, 10224489=5, 28057554=5, 19591819=1, 28609469=2, 13744842=2, 18593476=2, 1406852=1, 16637666=1, 27378480=1, 19890305=2, 15778490=1, 21008427=2, 3022194=4, 6372984=3, 11886516=1, 2401972=2, 13876489=2, 11969425=2, 32534868=1, 30298481=1, 20921253=3, 3365706=1, 6132893=2, 32214252=2, 15494830=1, 1246529=3, 203290=3, 9846806=1, 16870650=1, 4179159=1, 14142168=1, 13663556=1, 1174736=1, 15020653=3, 15206015=6, 1014400=1, 6976903=1, 15976828=1, 4451728=1, 28389037=3, 30191269=2, 26527501=1, 2872989=1, 5565992=1, 24454262=3, 31465143=8, 417597=1, 17202129=1, 19796060=4, 14016266=1, 3939343=5, 33434934=4, 32690796=1, 29281418=1, 13644062=7, 27500555=2, 12909112=1, 672736=1, 8675710=1, 16727343=3, 21822335=1, 24012843=1, 19856081=1, 33417461=1, 23796128=3, 26098852=4, 11504357=2, 1434605=1, 21155842=1, 27392324=1, 24029165=2, 8058243=1, 5662589=1, 27931552=4, 31016135=1, 29720788=2, 7581157=2, 12611796=1, 13000373=1, 31804702=1, 18385980=2, 28974246=4, 16799755=1, 11003070=1, 31006403=3, 25554185=1, 27489841=1, 25218230=1, 21351828=1, 23197107=1, 15208820=6, 12743060=1, 16887315=2, 33214684=1, 4746647=1, 24510338=1, 6658292=2, 29428268=3, 31885734=2, 24836152=1, 22894968=1, 18669571=1, 7173524=1, 33352406=1, 3230756]1=1}> but was:<...Prime: 6 register: {[25150569=1, 5670807=2, 22433369=1, 884963=2, 11739532=3, 16887315=2, 18431276=3, 31150947=1, 22736529=1, 30246010=2, 5478133=2, 9936136=2, 6452444=1, 11505582=2, 6340939=1, 11268457=1, 28989434=1, 32143832=1, 5523248=1, 1487847=2, 11048714=2, 4451728=1, 16450439=3, 18784452=2, 33326442=2, 21859438=2, 31136612=3, 3788542=1, 29895499=6, 29272563=2, 27625701=2, 1166322=1, 33434591=4, 17156027=1, 18118830=1, 33288310=1, 28875498=2, 2175695=3, 10961145=1, 9345761=2, 17313920=6, 18206323=1, 12361296=2, 15862743=4, 25101702=3, 10602320=1, 9118805=3, 12268775=3, 7484059=4, 19246625=2, 30149746=5, 26928030=1, 23131307=1, 20902874=1, 31631120=2, 23548025=1, 25883333=1, 16827262=1, 13624405=1, 27224383=1, 1241065=1, 19048043=2, 33458460=2, 23341916=5, 4413228=1, 4087997=1, 3836801=2, 22471185=1, 16137063=4, 24398036=1, 13743999=2, 25819261=1, 13637320=7, 27060295=1, 6538710=1, 5669125=2, 15976828=1, 12199719=4, 15864411=4, 22792096=1, 8353316=1, 12287293=1, 13787150=1, 21863844=2, 1623662=1, 16622601=2, 18420923=3, 29830962=3, 10817568=3, 22894253=1, 24454262=3, 21424394=1, 27170188=2, 10226356=5, 5657909=1, 4682884=1, 20941777=2, 8279049=1, 8539499=1, 10652299=2, 33392158=2, 5938561=2, 11949039=1, 3121702=2, 1745546=2, 18079652=1, 27884274=1, 4526222=3, 4201969=9, 4121738=1, 26730305=1, 10462421=2, 13071353=1, 32109069=1, 19490233=1, 26655695=2, 24472292=1, 5905150=4, 25603951=2, 1582331=6, 14778622=2, 32236574=1, 21534796=2, 31941493=1, 28126455=3, 10382234=1, 25270145=2, 13799555=2, 1164818=1, 4667983=3, 21026350=1, 5924716=1, 29940060=1, 19796060=4, 31498675=2, 3434548=1, 19591819=1, 8688809=2, 9193395=1, 17747241=1, 20065285=4, 2178295=3, 31190965=1, 21644028=1, 13926130=1, 19864529=3, 2646956=1, 7585059=2, 25538950=2, 26857426=1, 24912256=5, 10423629=3, 19695734=2, 28603613=1, 417597=1, 29436429=3, 17752548=1, 9972381=6, 7581157=2, 10193337=2, 31163259=2, 16799755=1, 27288312=1, 18749373=4, 13859365=1, 24056673=3, 24795234=1, 23826893=2, 5961481=1, 28850073=6, 30526032=1, 1459877=1, 28281753=2, 2441700=1, 672736=1, 8800084=1, 16568818=1, 32740660=2, 18921961=2, 24526563=4, 16796843=1, 23463879=4, 29853176=2, 33540507=1, 6903361=1, 23649999=1, 25761698=3, 713247=1, 28474075=1, 8378199=1, 31465143=8, 11024639=6, 16480780=1, 23590352=1, 11604034=3, 4283818=1, 14955503=5, 15568558=2, 9735424=2, 25218230=1, 4085271=1, 29017635=1, 16637666=1, 30944193=6, 8058243=1, 11140905=1, 7420292=3, 11724937=1, 24678827=2, 23854067=1, 21983326=1, 27821513=2, 3445967=2, 5642187=4, 17821798=1, 24771861=1, 14056918=1, 3017272=4, 6635932=1, 30951786=1, 2751636=1, 4928221=3, 17926646=2, 15912631=1, 31444986=1, 3029940=4, 788066=5, 28203882=1, 23068809=8, 15746430=1, 1866629=1, 14693680=8, 16611618=1, 2697886=3, 3360039=1, 28096569=2, 22917393=2, 21320065=1, 31789181=3, 25711111=1, 32923905=1, 13937851=2, 17031023=1, 18388367=2, 16817643=2, 9764528=1, 7388325=2, 20576213=1, 12260709=3, 18013585=1, 30667002=1, 29702209=3, 21291824=1, 16203433=3, 20953527=2, 26026387=3, 1884069=2, 17223073=1, 15766095=2, 33410312=1, 16486735=2, 22594220=1, 3427116=1, 16467675=1, 3095299=3, 12413126=1, 24079729=1, 7928350=1, 21135778=2, 4812895=1, 13413803=2, 2770418=1, 31885734=2, 27478278=1, 20960738=1, 11847208=1, 20562489=1, 31871585=1, 2599387=2, 14234831=3, 2588327=1, 16846706=3, 8599068=3, 17384563=1, 18659058=2, 18006550=1, 5521783=1, 27183381=1, 3006148=1, 23263317=1, 26650866=2, 29505438=4, 31178939=1, 19856081=1, 18737681=1, 3626940=1, 6495258=3, 14921799=2, 31421927=1, 27727684=3, 23088124=1, 5002649=1, 26863629=1, 21419651=1, 9205806=1, 14201973=2, 26527501=1, 4977763=1, 32036064=1, 24836152=1, 4140556=3, 29410039=1, 15778490=1, 4373912=2, 20365725=1, 32928081=1, 9108989=1, 24384084=5, 2143153=2, 28925022=1, 25263136=1, 4174660=2, 27268285=8, 7110270=1, 17580913=1, 15484495=1, 31511304=1, 11669763=4, 27185040=1, 4239522=2, 10855959=2, 10666364=1, 11101372=1, 662194=4, 12329289=5, 2239074=4, 29627078=5, 9110565=3, 33044639=6, 32912852=4, 15185108=2, 25586627=1, 26263911=1, 21644879=1, 8912454=1, 31904492=1, 11886516=1, 8261157=4, 17007847=2, 12103933=2, 22444840=1, 6582812=1, 25921416=2, 32539107=2, 22022043=7, 12901729=1, 2866860=2, 18095311=5, 10172540=3, 6256042=1, 31006403=3, 26989254=1, 7142380=1, 3027916=4, 25454202=1, 9989255=1, 1295880=1, 25817234=1, 27802639=6, 4161687=2, 28153266=2, 15694532=1, 2997052=2, 12098225=2, 2790377=2, 23623466=1, 14013836=1, 31272320=3, 6467041=2, 32809235=2, 33541781=1, 27849212=1, 31966316=1, 2458531=2, 13419786=1, 523859=1, 29161097=1, 13744842=2, 23163346=1, 18241357=1, 28269640=1, 30578879=2, 27369672=2, 1174736=1, 67430=3, 600842=3, 21679382=1, 18040080=1, 16609009=1, 11838780=2, 29262495=2, 5791538=1, 31235781=2, 28564847=1, 10390739=2, 9076355=1, 8283949=1, 21214531=2, 28297883=1, 25492384=1, 17595255=1, 13299691=1, 32945310=2, 12919407=3, 25801194=2, 5187632=3, 7740835=4, 8802108=1, 26064606=2, 23070361=8, 7322315=2, 12024898=1, 17275732=2, 2095759=1, 3293335=1, 6923080=2, 30734454=1, 8207004=3, 10113697=1, 14917882=2, 16758914=2, 9061108=1, 7548230=3, 10846658=2, 7233204=1, 31980401=1, 11174947=2, 10943920=1, 31408991=1, 25855402=2, 778945=1, 7499132=1, 12026502=2, 9130177=1, 6059945=1, 7148951=3, 28966879=1, 33165659=4, 28669604=1, 11185401=2, 4707220=1, 33310414=1, 870366=1, 9915509=1, 23952850=1, 5746571=2, 6984347=2, 878298=1, 10923351=2, 12804544=1, 25584333=1, 13876489=2, 7273914=1, 31016135=1, 7676535=3, 22613010=3, 2335097=2, 21285439=1, 10437847=1, 31552749=1, 19037981=1, 28444456=4, 1722956=1, 26493898=1, 2680882=1, 12395880=3, 13728624=1, 21199871=1, 23493428=1, 12776871=1, 26741062=6, 5710619=3, 4829866=2, 30967607=2, 20581141=4, 1337768=1, 18987303=2, 22351846=3, 31745857=1, 10354357=1, 6265098=2, 1087293=2, 1492898=1, 20087761=2, 31690849=2, 8145277=1, 32365878=1, 25288205=1, 14041983=1, 24062693=3, 22582332=2, 21658648=1, 759942=2, 9891608=1, 22440711=1, 9614537=2, 29248006=1, 7804927=3, 14952779=5, 19738296=3, 25848394=1, 589476=1, 9320899=4, 229572=2, 23045594=2, 32548393=2, 3405643=1, 17129908=1, 533948=6, 21164393=1, 25434380=5, 15179569=2, 18946745=3, 14522483=2, 25939525=1, 14648867=2, 17641102=3, 17624703=1, 26386712=2, 315883=1, 18593812=2, 31201325=5, 12909112=1, 16422611=2, 18683583=3, 4688260=2, 19936358=7, 27927377=4, 9602199=2, 20922851=1, 4200024=9, 10879417=4, 32064441=1, 12884515=2, 8090708=1, 6490162=3, 9834845=4, 27555550=1, 18055965=2, 27933226=4, 17202129=1, 17629923=3, 30691718=1, 26726904=1, 8931807=1, 32915821=1, 20063632=4, 8530812=4, 17703533=4, 13422190=1, 6671982=1, 30110855=1, 4186863=1, 15096189=1, 22598901=1, 15508835=2, 18303109=1, 15048498=2, 5989981=1, 32411614=2, 15653891=1, 7264766=1, 3791007=1, 294417=1, 31859896=4, 26947316=3, 31197358=5, 32823665=1, 9390897=1, 7710501=2, 23796128=3, 12611796=1, 17231817=1, 10651430=2, 17240880=3, 14158065=6, 1889080=1, 18070562=2, 6287129=1, 27059541=1, 20570987=1, 2792020=2, 16261862=6, 2265077=2, 22563538=1, 11125288=1, 14951424=5, 1372215=1, 4674407=1, 31455454=1, 16260782=6, 18513639=1, 24617562=2, 23810866=1, 3377685=2, 20002290=3, 23803508=3, 30245420=2, 18943457=3, 28885888=1, 10268271=2, 15337393=4, 14147541=1, 14869664=1, 5029273=2, 22963709=1, 9969890=6, 29807017=1, 25638131=3, 29408167=2, 23950632=1, 17979387=1, 29919415=2, 7179006=2, 17436735=4, 31253073=1, 16827762=1, 7365738=1, 4370520=2, 18385980=2, 29072463=2, 8235337=2, 4283749=1, 14711371=1, 29505152=4, 29161017=1, 27603677=3, 15195557=1, 17648388=1, 28468351=1, 28861691=1, 9864890=2, 3186137=2, 28556636=2, 11235475=1, 16293073=2, 1576735=6, 933644=4, 20362950=2, 15020653=3, 9633695=1, 11650368=1, 216936=1, 19700117=2, 24292056=2, 27078133=3, 6147256=1, 7654911=1, 15831830=2, 25617429=1, 3485961=3, 28299184=1, 495615=2, 11969425=2, 21534227=2, 28669251=1, 27255506=1, 10152487=1, 7840371=2, 24671074=1, 20426028=2, 24711786=3, 22826162=1, 33204292=2, 6584093=1, 27650169=1, 7103941=1, 7508316=2, 21488626=1, 32786095=1, 13855976=1, 18593476=2, 5179251=3, 503407=2, 33417461=1, 33072483=2, 31689665=2, 15807580=3, 24931857=1, 25306220=4, 8256909=1, 14625273=3, 22258061=2, 7996768=4, 25531329=2, 25654631=1, 32534868=1, 1835662=5, 18229648=4, 19610286=3, 26801279=1, 8435527=2, 498711=2, 2972835=1, 216963=1, 25931343=2, 11483073=3, 1436514=1, 31845298=1, 18956070=3, 14786970=2, 25134647=2, 27885680=2, 26079985=1, 27126499=1, 8795839=4, 26551362=3, 15974334=2, 27616260=1, 1216067=2, 32778645=5, 10888039=4, 8218031=1, 22064241=2, 5264774=1, 28461252=1, 23631445=2, 29468075=2, 26379332=2, 22185766=2, 9231094=1, 29001081=2, 4892119=2, 17448126=4, 32999760=2, 23993207=4, 13069998=1, 28505831=1, 3938380=5, 28400157=1, 21494494=1, 21745905=1, 24968148=1, 12242479=1, 31676478=1, 29557081=3, 4096710=2, 3222230=3, 11146942=4, 11504357=2, 25380775=1, 478139=1, 24461639=1, 10454394=2, 7545166=3, 13931365=2, 990076=3, 4265426=3, 29809988=1, 13265083=1, 31420877=1, 14047838=1, 17344284=2, 17231018=1, 22855747=1, 12198816=4, 30387241=2, 7741368=4, 27293612=1, 11337870=3, 9820600=1, 27587289=1, 10110267=1, 8966827=1, 16982317=3, 11725599=1, 15652125=1, 32214252=2, 26505769=1, 803625=1, 6635657=1, 15336114=4, 15034131=1, 33071873=2, 29471384=2, 13126547=1, 14574711=1, 29374589=9, 27939821=1, 15656996=1, 30387284=2, 9799016=2, 335570=3, 3620439=3, 8108063=2, 30549030=4, 2281904=1, 3022264=4, 27806663=1, 8126950=5, 28937933=2, 2865604=2, 29895541=6, 9416778=2, 25164794=1, 15216383=6, 32214209=2, 18065546=2, 18296964=3, 3402473=1, 11569212=2, 33342019=1, 4437624=2, 32252512=5, 3687148=1, 2375399=5, 9524516=1, 3321465=2, 25767217=3, 24546939=2, 15295510=1, 4291549=1, 16870650=1, 1549953=2, 29153662=1, 31857079=4, 30217820=3, 6231922=3, 203290=3, 25985162=2, 32835774=3, 27344633=3, 33434934=4, 25999127=2, 676485=1, 8940129=1, 1357180=2, 7451253=2, 6810520=1, 22199761=2, 18121459=2, 5793846=1, 16515883=5, 31227701=1, 29553742=1, 26628553=1, 11434684=1, 33056649=1, 6438505=4, 22069036=2, 3318014=2, 26733042=1, 12534763=1, 17418670=1, 18561373=3, 9384940=3, 5916690=1, 1956735=1, 15208820=6, 11259827=1, 6327760=2, 3248182=2, 6186326=1, 24733118=1, 27894062=2, 20457259=6, 5379413=4, 4852977=4, 15669084=3, 25091884=1, 26259201=2, 30183654=2, 23307703=2, 14290382=4, 1661674=1, 9586971=1, 16272132=1, 1914801=3, 22209223=1, 14793574=2, 24333225=1, 30719604=2, 21095524=1, 4264350=3, 20868969=1, 10988500=2, 1828439=1, 32613779=2, 23112846=2, 17508945=3, 10591484=2, 10118791=1, 16990254=1, 16624677=2, 5740168=2, 22915644=2, 7051696=2, 19978751=1, 20771437=1, 14685322=8, 4314095=1, 8761111=2, 10245584=1, 3300214=1, 22486491=3, 28389037=3, 30915734=2, 28724198=1, 24432836=1, 599681=3, 30054762=2, 4610293=1, 16554583=2, 11303744=1, 30191269=2, 614519=1, 25145892=2, 887194=2, 14231219=3, 16575088=1, 4020434=1, 13046736=3, 23831708=2, 25836729=4, 5680476=2, 27384820=1, 1211585=1, 11802261=5, 11484110=3, 28245836=1, 10139443=2, 6088726=1, 21840360=1, 22857124=1, 17227939=1, 33016641=1, 23474363=4, 13216249=2, 21213646=2, 3446915=2, 17445125=4, 6428597=4, 8973027=1, 5131803=1, 7560652=1, 25262415=1, 15219009=6, 12256938=3, 27764113=2, 28752366=2, 26954219=1, 15946938=1, 7264236=1, 31227640=1, 23048583=2, 12545304=1, 350497=1, 17859736=2, 6011350=2, 13644062=7, 9276741=2, 24452539=3, 2783815=1, 13249769=4, 25686071=1, 9681905=2, 4922256=3, 19000634=1, 12751894=2, 4613029=1, 14433865=5, 8255017=1, 17332140=1, 32726147=1, 12036033=2, 25544914=1, 29551529=1, 13828760=3, 29057152=1, 30893179=1, 1038607=1, 25805530=1, 26276195=1, 28994899=1, 19787814=1, 9350531=2, 16658067=4, 25872000=1, 30735876=1, 29370167=9, 7139920=1, 14840018=1, 26376821=1, 32542287=2, 27882529=1, 29281418=1, 32632583=1, 23197107=1, 29482009=1, 8662=13, 24943588=2, 23665323=3, 5120675=4, 10080602=1, 31909015=1, 18755564=4, 16650721=4, 32690796=1, 21678658=1, 26534467=1, 25450860=1, 13204486=1, 1003629=1, 4887496=2, 8288703=1, 7333019=1, 30353461=3, 27333959=3, 19988327=1, 4317001=1, 31943195=1, 31903583=1, 8799909=1, 8579301=1, 28623498=1, 22736268=1, 3403979=1, 24999352=1, 16374482=1, 6138638=2, 24281916=2, 27920434=4, 13593447=1, 31222575=1, 1250283=3, 2658575=2, 1970854=4, 8041641=2, 14149550=1, 29777509=1, 30847022=2, 16719749=3, 28656939=1, 19580935=1, 19445322=2, 6658292=2, 16608106=1, 31524391=3, 31804702=1, 3451121=2, 25400411=2, 5156073=2, 18013020=1, 18790874=2, 4092344=1, 21309218=3, 26458139=2, 28621380=2, 18488009=4, 27408290=4, 16443778=1, 29096948=1, 15918490=1, 26899241=1, 181610=1, 18436446=1, 27111481=2, 15791256=1, 23454318=1, 9239366=1, 15496522=1, 30820872=1, 17116775=3, 24351483=2, 23301762=2, 31718127=1, 31578983=1, 25883685=1, 11990907=1, 28520727=3, 3954121=1, 27094144=1, 32145550=2, 516870=1, 9077140=2, 14363186=3, 7538738=3, 28306675=1, 5271611=1, 1850740=5, 20130514=3, 774622=1, 19028573=1, 3365706=1, 8283253=1, 21008427=2, 30140733=1, 25398447=2, 5754508=1, 14648257=2, 30461518=1, 3709885=2, 8249649=1, 28362788=1, 16062417=3, 9772395=3, 32559369=1, 1897027=1, 10120271=1, 10492545=8, 24589923=3, 17964840=4, 1016410=2, 27650008=1, 20613538=2, 28780852=3, 4850698=4, 15917915=1, 3719436=1, 24570644=1, 31379561=1, 12969560=1, 29898151=6, 21746733=1, 27200966=3, 855378=3, 4302796=2, 24713325=3, 10785257=2, 22894968=1, 14939229=1, 32468394=1, 12000460=3, 27604938=3, 21766747=5, 22092837=3, 9554449=1, 5584187=3, 32806396=2, 21326149=1, 14312678=1, 7932822=3, 28254067=3, 5006384=1, 20744972=2, 20464339=1, 20328770=4, 15984220=1, 9953388=1, 26926975=1, 8197863=3, 29478275=1, 20006598=1, 15597405=1, 1771078=3, 6025315=1, 18281503=1, 17853213=1, 32056096=3, 20195241=5, 31732406=5, 3760346=1, 29673102=1, 18491585=4, 422657=1, 25718893=1, 118057=1, 22320263=2, 7478801=4, 17139942=2, 25839693=1, 11908114=2, 7428753=1, 8440884=1, 18678395=3, 9701257=5, 18065688=2, 5085940=2, 25676184=1, 19618283=1, 26098852=4, 2401972=2, 30289254=4, 31679182=1, 6220929=1, 18455845=2, 8579024=1, 8313001=1, 17296714=1, 16827885=1, 11003070=1, 18894894=1, 24585146=3, 30100982=1, 20234602=1, 20302872=1, 25795352=2, 20225860=2, 4533489=3, 28807070=2, 21138070=2, 16616341=2, 5704446=3, 1368020=1, 23152535=1, 17781019=1, 9846806=1, 26534183=1, 17490720=1, 16534198=1, 1013179=1, 14040273=4, 1898832=1, 24012843=1, 1432404=1, 31611366=1, 20408821=1, 14222528=3, 971739=1, 22900267=1, 13117154=6, 13565836=1, 12158239=2, 15260512=1, 19305187=2, 3193612=2, 25622017=1, 16643109=1, 14750000=3, 10727588=2, 1131554=1, 13663556=1, 31313722=1, 32089634=2, 4353623=1, 2536281=2, 5908959=4, 31049154=1, 13033582=1, 19778103=1, 15206015=6, 28679234=2, 14180159=1, 3077805=1, 11096547=1, 3010020=1, 2786425=2, 32747444=2, 5214456=2, 16542688=1, 9791399=1, 32449417=3, 1556213=2, 7637571=2, 6120763=1, 29853897=2, 1954231=1, 31716962=1, 27167984=2, 27344250=3, 25825823=4, 26198487=1, 8154695=1, 28025468=2, 23053728=1, 18923540=1, 22068340=2, 20042926=1, 16654775=4, 25745424=1, 7877681=6, 7331941=1, 30317760=2, 13081391=2, 18938452=1, 30532533=1, 20427125=2, 29720788=2, 29682036=1, 24402607=1, 14106050=3, 14665837=1, 26906077=2, 26146555=1, 12402680=3, 3973371=2, 12230974=2, 21416657=1, 24262360=4, 17205229=2, 27205954=3, 31184804=1, 2705479=1, 9320365=4, 18282678=1, 14565433=1, 9640163=3, 15998670=5, 12436281=1, 2308416=3, 18480115=1, 11974907=2, 23110513=2, 19149379=5, 28409266=1, 21889755=4, 19176454=2, 15494830=1, 32584230=3, 19787252=1, 24679295=2, 26945891=3, 21830532=3, 2868969=1, 5989805=1, 19821001=1, 26781100=2, 32033626=1, 24433722=1, 3387474=2, 5379721=4, 15397009=1, 28706075=4, 6552519=1, 11246197=2, 5871264=2, 19737389=3, 25888556=3, 19966565=2, 29683167=1, 21305270=3, 17159925=1, 21267355=2, 18396003=2, 7901577=2, 3905646=2, 30790994=1, 32675777=2, 15821960=1, 28440121=1, 23426634=1, 9143749=2, 27870104=1, 11711709=2, 7860310=1, 16811345=2, 32565765=1, 73293=3, 13530020=1, 8503495=1, 15608909=4, 27809960=1, 32090792=2, 30616490=3, 24482099=2, 16904527=1, 25615113=1, 14149650=1, 3420709=5, 11153300=4, 15645111=2, 2429148=3, 2541302=1, 10409639=1, 29428268=3, 23323819=1, 25554185=1, 12710127=1, 148411=1, 16483609=2, 19938712=7, 23823796=2, 25374223=3, 19657645=1, 8872793=1, 23220662=1, 3328700=1, 13483388=2, 21392365=1, 13906542=5, 28505210=1, 21543075=2, 20710940=5, 13959700=3, 24748237=2, 13046154=3, 6132893=2, 17333809=1, 2499784=4, 8753047=2, 29484596=1, 746095=1, 16572619=1, 18220835=4, 9450917=7, 25904766=1, 11132487=1, 9675346=2, 19507070=2, 29253745=1, 14016266=1, 21388169=1, 23334805=5, 1434605=1, 18635104=1, 17461735=1, 32317726=3, 33352406=1, 4138095=3, 21251886=1, 3818747=1, 33351089=1, 21275235=2, 3835084=2, 22873225=3, 3743137=3, 14589905=2, 22958892=1, 8203389=3, 3307240=1, 23319026=1, 27179113=2, 3034637=1, 31475619=1, 8792975=4, 17452654=1, 16328004=3, 2037456=3, 33493278=3, 29013973=2, 3310964=2, 8988380=3, 17574255=5, 32525268=1, 14368001=3, 19890305=2, 6416091=1, 4597003=4, 20158642=2, 2115787=1, 3474924=3, 23245552=2, 1246529=3, 18163629=3, 24513290=4, 23917073=1, 1116585=3, 834228=2, 16898309=1, 29388242=1, 28246397=3, 8142332=5, 32535477=1, 10192172=2, 3237913=1, 10737524=1, 20888347=2, 16671475=1, 3706595=2, 14869266=1, 23187290=1, 5297201=1, 9060050=4, 32025336=2, 11369385=1, 5971854=3, 1866078=1, 811851=1, 25865705=2, 25829642=4, 6325049=2, 20174611=1, 11566723=1, 28710557=4, 32545455=2, 29788291=2, 13936151=2, 33254110=1, 17097209=1, 17127668=1, 24367027=1, 23460481=1, 25580162=1, 30462502=1, 17369825=3, 2319261=1, 30614704=3, 31133075=3, 6936587=1, 4361866=2, 26948849=3, 27392324=1, 1946816=2, 15690167=1, 17425877=1, 5157248=2, 32612229=2, 3252911=2, 27489841=1, 1406852=1, 17690864=1, 20448057=6, 9438773=7, 6373677=1, 10716622=2, 10479334=1, 26656905=1, 2422815=1, 9916521=1, 30395603=1, 17661587=1, 23690908=1, 29007717=2, 13342642=2, 10336727=2, 1373698=1, 26886735=1, 5094524=2, 12393046=3, 6976903=1, 27088238=1, 11282572=5, 9454186=1, 8301409=2, 9088786=2, 6891247=3, 9027426=2, 29068224=2, 10169496=3, 7296602=1, 19208194=3, 12333201=5, 30348657=3, 17856697=1, 2228106=1, 29428572=3, 25844739=1, 33214684=1, 22611263=3, 19522553=1, 18168803=3, 3860538=1, 21567429=3, 12625518=2, 16793438=11, 3617081=3, 6387302=1, 4120285=1, 13160421=1, 23413989=1, 22647635=2, 12118547=1, 32320927=3, 3022194=4, 5198417=1, 24327750=3, 5710182=3, 28943167=2, 23856236=5, 91948=1, 16710281=1, 21822335=1, 16777913=11, 27654901=1, 25426067=1, 8028604=2, 19099463=1, 9599568=1, 6540086=1, 1730045=1, 22069096=2, 18173752=1, 28147649=1, 3939343=5, 31336406=4, 5826386=1, 33267517=2, 13900875=5, 1919962=1, 800616=5, 18173824=1, 32856952=1, 764183=2, 14071657=2, 23358979=1, 21366383=4, 26224752=7, 10648701=1, 29565180=3, 19714260=1, 22948521=4, 2669592=2, 2902321=1, 19462732=1, 32072602=1, 16614955=2, 14122761=1, 21537371=2, 32808359=2, 21351828=1, 11310775=2, 32642830=4, 29589931=2, 30248740=2, 10383898=1, 29109682=5, 2889604=5, 2161074=1, 23663882=3, 7377976=2, 18936643=1, 9806322=2, 1063195=7, 31330875=4, 20337254=1, 3070517=1, 14699847=1, 18709786=1, 4746647=1, 24766497=1, 22258815=2, 6425156=4, 1765155=1, 12584805=9, 17701842=4, 4443469=1, 15441602=2, 23120574=1, 20938280=1, 6166567=4, 19630819=2, 24709622=3, 13051755=3, 7465379=1, 22848036=2, 18959262=1, 16337200=1, 334181=3, 20970594=1, 25669594=2, 26647300=2, 26709725=2, 31205180=5, 13429816=1, 19975203=1, 806511=1, 4282231=1, 14324180=2, 32612311=2, 20450018=6, 13046954=3, 31492233=2, 23017791=3, 1478018=2, 7017303=3, 1381610=3, 3991587=1, 8607406=1, 31585208=1, 2112064=8, 25947715=1, 6433036=4, 5250170=7, 21398864=2, 14729854=1, 4179159=1, 27666898=4, 1957603=1, 9220035=2, 7404784=1, 3509155=2, 29119060=1, 21481172=1, 31670133=3, 22146134=1, 534468=6, 29869730=1, 22386801=2, 28642607=3, 29682107=1, 13478638=2, 31663252=3, 15747512=1, 10640981=1, 10721485=2, 28057554=5, 8332984=3, 12320676=1, 28068401=1, 2134511=2, 10612335=1, 6624812=3, 8992374=3, 19883740=1, 11290105=1, 26178412=1, 25096767=1, 28325819=7, 14269004=2, 9429590=1, 8734993=1, 20575082=1, 16027274=2, 21267729=2, 24992707=1, 736431=3, 27610627=1, 8168123=2, 21354584=1, 19466333=3, 21725365=2, 3364762=1, 6931468=1, 16639393=1, 5226675=1, 6612335=1, 7891463=1, 27454941=1, 24604637=1, 5662589=1, 24405454=1, 8287991=1, 28025650=2, 25492663=1, 30440352=1, 4737948=1, 11852060=1, 33077231=2, 18668287=1, 13160095=1, 32709882=3, 11463708=1, 3567796=1, 27772031=1, 21113131=4, 4422255=1, 25027518=1, 16333372=3, 24299477=1, 32695447=1, 20456482=6, 13712185=3, 22839857=2, 6156016=1, 13000373=1, 191426=1, 15789279=1, 691722=2, 29172029=3, 8458350=3, 27378480=1, 21208287=2, 30298481=1, 21716778=1, 22388758=2, 7121235=2, 15418522=1, 30966317=2, 12688145=2, 19809275=1, 2320030=1, 5400669=1, 9848558=1, 19498049=2, 26313356=2, 19831404=2, 28740068=2, 1217723=2, 5454827=3, 23224382=1, 11842114=2, 17889862=1, 20071464=1, 23364624=2, 7058037=2, 18939554=1, 988892=3, 10149080=1, 19459594=1, 21813685=1, 5556684=1, 52624=1, 10688054=3, 12435897=1, 7939661=3, 32497258=1, 14979000=2, 7863743=1, 17086345=2, 30272217=1, 17801306=2, 10303280=3, 4849944=4, 21246687=5, 32731612=1, 8715142=1, 32139645=1, 29989466=2, 20601481=1, 1038721=1, 16994809=1, 15489676=1, 5565992=1, 24923527=1, 30629896=1, 13858289=1, 21365364=4, 3496498=1, 24568664=1, 19083408=3, 27931552=4, 28858606=1, 12144244=1, 13720192=1, 9595828=1, 27720050=1, 5107017=1, 24790713=1, 29997717=2, 14472167=1, 10896791=1, 1703227=1, 9421503=1, 23005068=3, 30134006=1, 9242940=3, 14737668=1, 10306034=1, 30310855=2, 4575554=1, 23586586=1, 4949951=2, 24445366=3, 28191979=4, 13047010=3, 5059087=3, 9246441=3, 19183394=2, 3339014=1, 32928682=1, 11758573=1, 27713666=1, 12967658=1, 18984532=2, 2880677=1, 12743060=1, 15131764=1, 158824=1, 25370222=3, 22854399=2, 32897924=1, 10224489=5, 13552656=1, 2929089=2, 22742325=3, 17274874=2, 32246108=5, 14142168=1, 14309348=1, 23418199=1, 12809993=1, 14901648=1, 19779884=1, 19808333=1, 32201471=1, 1860860=1, 8675710=1, 29410793=1, 24476154=1, 5689115=1, 21476218=2, 23898318=2, 8619990=2, 30805712=4, 30181043=2, 26853016=2, 14950099=5, 17848884=1, 28950942=1, 25140262=2, 3528908=1, 32425380=1, 9287669=2, 33108915=3, 3216936=3, 21634248=4, 1643950=3, 15564645=1, 14286523=1, 4219041=1, 24260937=4, 27328828=3, 21302141=3, 17344492=2, 31222548=1, 3390336=2, 24807767=2, 26070930=1, 16950491=2, 11857965=1, 16254931=6, 17306559=6, 26671837=1, 9645922=3, 33281176=1, 17607988=2, 21649459=1, 10718321=2, 6486888=1, 10052636=1, 10433636=3, 7826193=1, 19537853=4, 7635837=2, 16124509=4, 21272397=2, 26371277=1, 8409525=1, 23156667=1, 16362780=2, 31329671=4, 7912534=2, 26789100=1, 1750127=2, 18513136=1, 9085272=2, 14536798=1, 2296015=3, 16823670=2, 7408747=3, 10595568=2, 31915469=1, 7013981=3, 16374888=1, 13529742=1, 22316490=2, 17636884=3, 23080943=8, 11512007=2, 22363432=3, 10388954=2, 27452930=1, 22814926=5, 1873664=2, 21155842=1, 11568947=2, 4054245=1, 21172193=3, 18435307=1, 10039069=3, 2735408=2, 33000724=2, 14859069=2, 17282066=2, 6372984=3, 20726232=1, 28279278=2, 6134962=2, 9203677=1, 13697846=3, 831936=2, 11806112=5, 9959220=1, 11096023=1, 9176251=5, 25490128=1, 24349623=2, 25689774=1, 3318760=2, 6030278=5, 17981657=1, 16727343=3, 16762778=1, 269072=5, 32289619=2, 33013841=1, 1477712=2, 12806734=1, 1014400=1, 30940156=6, 19042368=2, 3905049=2, 809552=1, 6273423=2, 27100035=2, 11819696=1, 7986521=1, 13018024=2, 24410661=1, 28940925=2, 9787004=1, 22093532=3, 1794876=1, 30519884=2, 20676247=1, 17197501=1, 11689812=1, 28974246=4, 18669571=1, 29414681=1, 25585859=1, 21149216=2, 3936736=5, 24410903=1, 22654108=2, 13980968=1, 14122614=1, 14326966=2, 840496=1, 5598046=1, 24510338=1, 23819431=1, 5813891=2, 23861474=5, 23676977=1, 25745084=1, 15181452=2, 10685787=3, 5023189=2, 16395339=4, 3463259=1, 26152299=3, 22648385=2, 26249640=2, 12701280=1, 47759=2, 27201139=3, 28235861=1, 16780673=11, 790183=5, 13003486=1, 25219641=1, 28783039=3, 21046534=3, 8563335=2, 2756079=4, 507367=2, 19771021=2, 5341221=2, 10098974=4, 13209352=2, 32520904=7, 633544=2, 2894543=5, 15492104=1, 20969327=1, 32872638=2, 8310556=1, 19682362=1, 18185133=1, 13244358=4, 11293518=1, 5174626=1, 24029165=2, 4866458=1, 2368673=5, 31252924=1, 30945297=6, 11807950=5, 15268921=1, 23664750=3, 20971445=1, 31579520=1, 27500555=2, 13583975=1, 19936966=7, 7430725=1, 3975777=2, 11569032=2, 7173524=1, 32307561=1, 7368684=1, 30491418=1, 20558101=2, 25759910=3, 2872989=1, 3277046=4, 26736940=1, 14749718=3, 16346804=1, 4176326=2, 31308837=2, 10825247=3, 13024122=2, 14471690=1, 27185261=1, 12113542=1, 28039490=1, 6966159=1, 21139148=2, 28609469=2, 2209883=2, 32789348=1, 17323918=1, 28326500=7, 23384072=1, 7833961=2, 21309762=3, 20848322=4, 8790335=4, 28143269=1, 23420749=1, 3486750=3, 17951223=1, 14569716=1, 25343602=2, 9815255=1, 31564171=2, 8014159=1, 6665076=2, 27409257=4, 4351323=1, 29141929=2, 14389532=2, 26645156=2, 15238806=2, 11630622=1, 8204384=3, 19709959=1, 6007188=2, 6321678=1, 8452050=1, 4839446=1, 9104988=1, 15071813=1, 23773487=1, 6411508=1, 21006338=2, 10677670=1, 25508375=3, 25788851=2, 9853414=1, 14176175=1, 9806441=2, 16678311=1, 12350814=1, 29689864=3, 10336553=2, 4438276=2, 28808733=2, 25859540=2, 2131387=2, 16681316=2, 24484404=2, 19640552=2, 8708089=1, 10540434=1, 13857652=1, 22199377=2, 16291078=2, 30305202=1, 13284004=2, 21548819=1, 5092208=2, 26941417=3, 1571379=1, 24717761=3, 10691005=3, 21420700=1, 1417510=2, 15786393=1, 25831874=4, 32198920=1, 13421765=1, 7508588=2, 15741376=7, 2969501=1, 25882293=1, 25087794=1, 26047555=1, 3893031=1, 20921253=3, 12681138=1, 12138124=3, 16552599=2, 11732515=3, 5762029=1, 21175039=3, 26649064=2, 32085665=2, 32221330=2, 23533278=3, 19256626=1, 30011071=1, 24531471=1, 31849999=1, 30458482=1, 7282959=3, 25604657=2, 25771275=3, 16283255=1, 20035414=2, 29711364=1, 21206848=2, 10394179=2, 13570102=3, 8532027=4, 6707423=1, 23983960=1, 9763027=1, 1074295]1=1}>
	at org.apache.hadoop.hive.common.ndv.hll.TestHLLSerialization.testHLLSparseNoBitPackingHalfDistinct(TestHLLSerialization.java:168)
]]></failure>
  </testcase>
  <testcase name="testHLLDenseNoBitPackingHalfDistinct[7]" classname="org.apache.hadoop.hive.common.ndv.hll.TestHLLSerialization" time="0.056"/>
  <testcase name="testHLLDenseNoBitPacking[7]" classname="org.apache.hadoop.hive.common.ndv.hll.TestHLLSerialization" time="0.057"/>
  <testcase name="testHLLSparseSerialization[7]" classname="org.apache.hadoop.hive.common.ndv.hll.TestHLLSerialization" time="0.032"/>
  <testcase name="testHLLDenseSerialization[7]" classname="org.apache.hadoop.hive.common.ndv.hll.TestHLLSerialization" time="0.03"/>
  <testcase name="testHLLSparseSerializationHalfDistinct[7]" classname="org.apache.hadoop.hive.common.ndv.hll.TestHLLSerialization" time="0.036"/>
  <testcase name="testHLLDenseSerializationHalfDistinct[7]" classname="org.apache.hadoop.hive.common.ndv.hll.TestHLLSerialization" time="0.043"/>
  <testcase name="testHLLSparseNoBitPacking[7]" classname="org.apache.hadoop.hive.common.ndv.hll.TestHLLSerialization" time="0.07"/>
  <testcase name="testHLLSparseNoBitPackingHalfDistinct[7]" classname="org.apache.hadoop.hive.common.ndv.hll.TestHLLSerialization" time="0.106">
    <failure message="expected:&lt;...Prime: 6 register: {[2931983=2, 2320030=1, 16990254=1, 21366383=4, 29153662=1, 20234602=1, 32139645=1, 5226675=1, 16780673=11, 22857124=1, 12113542=1, 6088726=1, 13419786=1, 4437624=2, 21889755=4, 15108436=2, 30967607=2, 25430815=5, 15862743=4, 17752548=1, 3451121=2, 11725599=1, 2868969=1, 16515883=5, 1889080=1, 15568558=2, 21799441=2, 20942206=2, 31330875=4, 12611796=1, 3617081=3, 4850698=4, 20457259=6, 28279278=2, 23080943=8, 22199377=2, 15494830=1, 25091884=1, 1406852=1, 28669604=1, 20065285=4, 17461735=1, 27185040=1, 30549030=4, 1946816=2, 19872312=3, 29309272=3, 5174626=1, 13552656=1, 6186326=1, 32872638=2, 7314104=2, 33281079=1, 822832=2, 18173752=1, 22638226=1, 33100910=3, 30315529=2, 26379332=2, 33275999=1, 23323140=1, 8356116=2, 28706075=4, 8288703=1, 25087794=1, 17947512=1, 23068809=8, 5214456=2, 12308804=1, 28827120=1, 2183550=1, 27604938=3, 26047555=1, 13876489=2, 1246529=3, 2401972=2, 28555405=2, 130744=1, 1251768=3, 5187632=3, 3709885=2, 24602970=1, 15268921=1, 32520904=7, 12256938=3, 21983326=1, 887194=2, 24351483=2, 26906077=2, 11375261=2, 1417510=2, 13912405=1, 23345662=5, 16568818=1, 20006598=1, 28110610=1, 19048043=2, 17755943=1, 9766283=3, 15020653=3, 28780852=3, 23533278=3, 25939525=1, 14625273=3, 25096767=1, 33204292=2, 23861474=5, 7891463=1, 28609469=2, 10245584=1, 30344229=3, 15984220=1, 9633695=1, 25544914=1, 7420292=3, 22848036=2, 24671074=1, 25218230=1, 30893179=1, 11847208=1, 10382234=1, 5521783=1, 9231094=1, 18396003=2, 24589923=3, 7484059=4, 31611366=1, 4839446=1, 17859736=2, 29525707=2, 19028573=1, 6550484=1, 24339056=1, 764183=2, 29482009=1, 25261955=1, 691722=2, 28057554=5, 14569716=1, 11857965=1, 2219904=1, 30754606=1, 18347233=1, 507367=2, 4786536=3, 11689812=1, 21320065=1, 9602199=2, 27666480=4, 22736268=1, 25848394=1, 17425877=1, 1898832=1, 8204384=3, 25050673=4, 15260512=1, 789495=5, 29720788=2, 3470427=1, 27802639=6, 25669594=2, 21175039=3, 5916690=1, 27610627=1, 21910691=1, 13020628=2, 11174947=2, 25786254=1, 21267729=2, 14950099=5, 6891247=3, 24836152=1, 23800592=3, 16534198=1, 8287991=1, 3390336=2, 6810520=1, 31465143=8, 16710281=1, 95032=1, 24384084=5, 12919407=3, 29161097=1, 1794876=1, 21392365=1, 6486888=1, 3097661=1, 4949951=2, 14418049=5, 19856081=1, 24565350=1, 27478278=1, 9416778=2, 16793438=11, 9701257=5, 32559369=1, 17127668=1, 28505831=1, 8896875=1, 6635657=1, 16689828=2, 31789181=3, 1357180=2, 12217584=1, 10383898=1, 5094524=2, 2115787=1, 1703227=1, 21863844=2, 15441602=2, 9465145=1, 589476=1, 3893031=1, 22093532=3, 31420877=1, 16272132=1, 23005068=3, 13857652=1, 29759843=4, 335570=3, 31845298=1, 18737681=1, 18079652=1, 10388954=2, 12199719=4, 7967883=2, 26259201=2, 9959220=1, 17456579=1, 14648867=2, 9345761=2, 30272217=1, 11132487=1, 13000373=1, 23066993=1, 5059087=3, 28079943=1, 17703533=4, 31631120=2, 4892119=2, 10595568=2, 7986521=1, 7710501=2, 28989434=1, 30217820=3, 29682107=1, 9586971=1, 22582332=2, 7635837=2, 23819431=1, 10691005=3, 16554583=2, 16374482=1, 29630936=5, 2239074=4, 21548819=1, 9360539=1, 16714096=3, 27931552=4, 9384940=3, 3277046=4, 1241065=1, 31564171=2, 20970594=1, 6156016=1, 18065546=2, 334181=3, 24292056=2, 18987303=2, 24678827=2, 20158642=2, 4438276=2, 13003486=1, 11463708=1, 17690864=1, 12969560=1, 25450860=1, 11842114=2, 12389585=3, 28661436=1, 28461252=1, 3238712=1, 29777509=1, 5871264=2, 8235337=2, 32806396=2, 4085271=1, 20846175=4, 1724470=1, 32964819=3, 18055965=2, 25219641=1, 25999127=2, 25771275=3, 31308837=2, 6147256=1, 21411418=2, 26458139=2, 14389532=2, 26178412=1, 14047838=1, 25855402=2, 31915469=1, 10716622=2, 3328700=1, 27059541=1, 20700463=1, 9763027=1, 13959700=3, 20971445=1, 3552779=4, 21534227=2, 7506997=2, 9834845=4, 30638294=2, 28623498=1, 27344250=3, 27344633=3, 16777913=11, 15195557=1, 11990907=1, 9104988=1, 30616490=3, 3186137=2, 19796060=4, 17163447=1, 10148171=1, 32468394=1, 8108063=2, 26299646=1, 11016741=6, 9544406=2, 20613538=2, 14234831=3, 1765155=1, 32289619=2, 22444840=1, 6540086=1, 3071715=1, 22873225=3, 4283749=1, 78956=3, 31163259=2, 27288312=1, 22316490=2, 27113613=2, 28186039=4, 21095524=1, 6490162=3, 11512007=2, 28994899=1, 8301409=2, 25584333=1, 11887816=1, 11259827=1, 746674=1, 9061108=1, 21298299=1, 10712882=1, 16727343=3, 6671982=1, 5682373=2, 15918490=1, 14074085=1, 2368673=5, 6039185=5, 27625701=2, 27328828=3, 5379721=4, 6425156=4, 4020434=1, 29013973=2, 2308416=3, 19436185=2, 4179159=1, 18095311=5, 17275732=2, 23334805=5, 5813891=2, 20581141=4, 3826609=1, 31205180=5, 16796843=1, 30011071=1, 28564847=1, 13265083=1, 21058788=1, 263073=5, 26551362=3, 18488009=4, 3434548=1, 19490233=1, 14991313=2, 17296714=1, 25819261=1, 31498675=2, 4065189=4, 21822335=1, 1919962=1, 13413803=2, 2790377=2, 15946938=1, 33044639=6, 2786425=2, 29410793=1, 16203433=3, 12804544=1, 16637666=1, 30655995=1, 26912974=2, 422657=1, 11897115=2, 5817116=1, 16758914=2, 31552749=1, 14290382=4, 24568664=1, 21115905=4, 6030278=5, 23288923=1, 26386712=2, 11290105=1, 18303109=1, 25638131=3, 31184804=1, 11568947=2, 12260709=3, 27869916=1, 13287910=1, 20558101=2, 2751636=1, 5642187=4, 15789279=1, 523859=1, 27809960=1, 148411=1, 29109682=5, 27268285=8, 31871585=1, 8353316=1, 8283949=1, 27392324=1, 15778490=1, 24198953=3, 15831830=2, 3283525=4, 2997052=2, 5680476=2, 3293335=1, 10588514=2, 14041983=1, 8675710=1, 18635104=1, 8090708=1, 30526032=1, 7465379=1, 31966316=1, 32612229=2, 29573978=1, 1045616=1, 32344842=2, 16624677=2, 32036064=1, 15746430=1, 4922256=3, 25831874=4, 11288273=5, 31222548=1, 22433369=1, 30617415=3, 22146134=1, 9848558=1, 16285896=2, 15206015=6, 28621380=2, 26089769=4, 14294660=4, 4806288=1, 21534796=2, 13712185=3, 24717761=3, 8998090=1, 21133871=1, 22015628=1, 9450917=7, 23691258=1, 24585146=3, 19618283=1, 14497533=3, 23883220=1, 28203882=1, 30305202=1, 25805530=1, 31690849=2, 27167984=2, 29388242=1, 14201973=2, 21813685=1, 5523248=1, 31695612=2, 15071813=1, 26146555=1, 7121235=2, 14433865=5, 13697846=3, 2441700=1, 6624812=3, 20888347=2, 29330576=2, 11246197=2, 7585059=2, 4291549=1, 11235475=1, 17801306=2, 26198487=1, 9088786=2, 22563538=1, 18938452=1, 8966827=1, 13624405=1, 22958892=1, 16027274=2, 9094696=1, 15208820=6, 269072=5, 3695241=1, 10426605=3, 7296602=1, 2866860=2, 23898318=2, 19183394=2, 16572619=1, 28858606=1, 11293518=1, 878298=1, 4879303=1, 2889604=5, 6582812=1, 13855976=1, 1324618=5, 20195241=5, 6372984=3, 26908690=2, 14574711=1, 14565433=1, 7996768=4, 24186059=3, 15131764=1, 14778622=2, 14056918=1, 14286523=1, 25617429=1, 3850938=1, 19143114=5, 26650866=2, 2037456=3, 10896791=1, 16614955=2, 14013836=1, 17376209=3, 16950491=2, 29853897=2, 23163346=1, 30905479=2, 10306034=1, 21416657=1, 3034637=1, 33434934=4, 15645111=2, 7740835=4, 22843424=2, 13565836=1, 27452930=1, 3818747=1, 18185888=1, 21272397=2, 3010020=1, 16137063=4, 32545455=2, 3321465=2, 3680683=6, 446722=1, 26510850=2, 15492104=1, 13936151=2, 17274874=2, 17289424=1, 31235781=2, 32945310=2, 18013585=1, 12402680=3, 32726147=1, 25260122=1, 21745905=1, 23590352=1, 15489676=1, 10817568=3, 27183381=1, 16817643=2, 12909112=1, 19042368=2, 26064606=2, 5740168=2, 23133149=1, 3237913=1, 21494494=1, 30181043=2, 21149216=2, 24931857=1, 24531471=1, 28669251=1, 19358181=1, 15917915=1, 23088124=1, 13926759=2, 16483609=2, 19000634=1, 26259800=2, 9675346=2, 3905049=2, 26941417=3, 25538950=2, 22917393=2, 26046873=1, 3307240=1, 25836729=4, 20352035=2, 29001081=2, 14793574=2, 28126455=3, 14951424=5, 27884274=1, 17889862=1, 9320899=4, 15142137=3, 18659058=2, 13637320=7, 28505210=1, 18173824=1, 7282959=3, 19305187=2, 17231817=1, 14416010=1, 30945297=6, 17384563=1, 25882293=1, 12361296=2, 30149746=5, 19695734=2, 19591819=1, 3496498=1, 13033582=1, 30604707=1, 14869266=1, 14846286=2, 9130177=1, 4087997=1, 24778784=4, 22548128=6, 33410312=1, 25585859=1, 2195214=1, 118057=1, 21658648=1, 3626940=1, 3300214=1, 28409266=1, 22120011=2, 19709959=1, 6936587=1, 18593476=2, 809552=1, 5102229=1, 28656939=1, 17508945=3, 12297985=2, 1038607=1, 17848884=1, 21172193=3, 17231018=1, 1164818=1, 11630622=1, 17979387=1, 5710182=3, 7860310=1, 6495258=3, 7928350=1, 12221580=1, 27971130=1, 15741376=7, 26647300=2, 13530020=1, 7741368=4, 29683167=1, 19256626=1, 5802637=2, 18959262=1, 32317726=3, 18135269=2, 33016641=1, 23045594=2, 21139148=2, 26928030=1, 31136612=3, 8256909=1, 7173524=1, 1957603=1, 28254067=3, 23950632=1, 8227490=2, 24128703=7, 12440652=1, 23070361=8, 5085940=2, 14149550=1, 20448057=6, 14040273=4, 21716778=1, 10718321=2, 26249640=2, 17369825=3, 18662689=1, 8662=13, 26987705=1, 16616341=2, 31209794=5, 9787004=1, 4092344=1, 32064441=1, 31909015=1, 9220035=2, 19787814=1, 24384135=5, 11303744=1, 20427125=2, 315883=1, 32072602=1, 15431256=1, 1956735=1, 13096896=1, 16254931=6, 12534763=1, 21830532=3, 7273914=1, 12287293=1, 10159007=3, 16639393=1, 3938380=5, 21708921=1, 28940925=2, 31980401=1, 10098974=4, 16062417=3, 29614260=1, 736431=3, 23301762=2, 20408821=1, 23917073=1, 11538986=7, 18065688=2, 21850326=1, 20365725=1, 3743137=3, 28123581=3, 831936=2, 21842500=1, 22894968=1, 4613029=1, 28861691=1, 1492898=1, 29262495=2, 18296964=3, 16611618=1, 21791330=2, 23678216=1, 23663882=3, 17235358=1, 14536798=1, 2231301=4, 13117154=6, 3006148=1, 28556636=2, 4829866=2, 29468075=2, 10855959=2, 32709882=3, 1016410=2, 33541781=1, 12570533=1, 10923351=2, 8310556=1, 20922851=1, 15656996=1, 32835774=3, 8458350=3, 11310775=2, 17223073=1, 16994107=1, 12036033=2, 32525268=1, 11179178=2, 33345751=1, 8207004=3, 33493278=3, 971739=1, 33234452=3, 27555550=1, 16827762=1, 26655695=2, 18755564=4, 24825972=1, 12776871=1, 20407753=1, 25134647=2, 7804927=3, 31272320=3, 32272897=1, 33351089=1, 31313722=1, 25883333=1, 20071464=1, 5356443=2, 22209223=1, 30462502=1, 6646210=1, 12000460=3, 23224382=1, 158824=1, 350497=1, 24702744=1, 13583975=1, 22826162=1, 18385980=2, 31252924=1, 23112846=2, 12333201=5, 28068401=1, 25398447=2, 14856403=2, 19037981=1, 30458482=1, 1436514=1, 29072463=2, 5689115=1, 25554185=1, 23993207=4, 11484110=3, 31150947=1, 16870650=1, 15821571=1, 2134511=2, 21525104=1, 28486683=2, 267676=5, 6321678=1, 24733118=1, 32786095=1, 6340939=1, 31153716=1, 19241512=2, 32809235=2, 28875498=2, 30599477=1, 25400411=2, 29869730=1, 14749718=3, 23631445=2, 27772031=1, 9421503=1, 1003629=1, 28791716=1, 24795234=1, 20831824=1, 26293991=3, 3881958=3, 5181696=3, 8440884=1, 4533489=3, 31492233=2, 3884170=1, 20347412=1, 23384072=1, 25718893=1, 5198417=1, 19821001=1, 18735977=1, 27802086=6, 9760483=1, 8708089=1, 25327403=1, 20813075=2, 933644=4, 21113131=4, 8041641=2, 15034131=1, 33326442=2, 8283253=1, 10737524=1, 22156529=4, 3252911=2, 17574255=5, 26498960=1, 17595255=1, 17156027=1, 19052478=2, 16654775=4, 29719953=1, 811851=1, 216936=1, 27489841=1, 19778103=1, 21567429=3, 7139920=1, 23467465=4, 10011053=1, 26902384=1, 32632583=1, 25817234=1, 19737389=3, 26857426=1, 25531329=2, 7833961=2, 26550463=3, 28752366=2, 24766497=1, 32928682=1, 1954231=1, 7581157=2, 16608106=1, 3047261=1, 32915821=1, 21758216=5, 33188594=1, 31325457=1, 4302796=2, 14326966=2, 13081391=2, 806236=1, 6980241=2, 23293916=1, 26527501=1, 1715891=4, 29370167=9, 12629368=2, 23454318=1, 1216067=2, 28474075=1, 11185401=2, 14048712=1, 22855747=1, 8992374=3, 19537853=4, 26488551=5, 18561373=3, 2387658=1, 19208194=3, 27812481=1, 16542688=1, 19809275=1, 30232348=1, 32246108=5, 10612335=1, 1549953=2, 32201471=1, 2792020=2, 31857079=4, 23110513=2, 32221600=2, 25101702=3, 4597003=4, 8988380=3, 28974246=4, 2319261=1, 4200024=9, 22351846=3, 29938132=1, 6490225=3, 31329671=4, 11955159=1, 26947316=3, 8604248=1, 27603677=3, 18388367=2, 22069036=2, 32214209=2, 5924716=1, 25343602=2, 4674407=1, 11724649=1, 4413228=1, 31190965=1, 11852060=1, 12584805=9, 23463879=4, 9645922=3, 2705479=1, 17197501=1, 4054245=1, 17636884=3, 24709622=3, 12242479=1, 8174444=2, 19149379=5, 7017303=3, 12395880=3, 31578983=1, 29807017=1, 16799755=1, 15179569=2, 19787252=1, 27409257=4, 15397009=1, 18709786=1, 10224489=5, 15312986=2, 8249649=1, 22654108=2, 16887315=2, 32090792=2, 11779461=2, 27443005=2, 26409194=1, 3642513=2, 24012843=1, 10092744=4, 14869664=1, 22092837=3, 23341916=5, 24807767=2, 13069998=1, 15690167=1, 25825823=4, 28468351=1, 3095299=3, 21246687=5, 13323389=1, 15181452=2, 3193612=2, 3599756=1, 16422611=2, 7333019=1, 8753047=2, 16904527=1, 12144244=1, 31676478=1, 21420700=1, 29436429=3, 11969425=2, 17951223=1, 1257556=3, 29484596=1, 19978751=1, 13614031=2, 10120271=1, 18936643=1, 26276195=1, 20570987=1, 31566981=2, 9891608=1, 1556213=2, 24445366=3, 10315105=1, 13593447=1, 7110270=1, 3954121=1, 30735876=1, 32747444=2, 6133000=2, 21251886=1, 4052665=1, 9614537=2, 8795839=4, 7548230=3, 25788851=2, 25263136=1, 21543075=2, 2159262=1, 24410903=1, 21309218=3, 3791007=1, 25795352=2, 18011444=1, 27384820=1, 25428155=5, 3719436=1, 32779468=5, 4866458=1, 12393046=3, 5271611=1, 4884939=2, 5938561=2, 3017272=4, 91948=1, 15238806=2, 27224383=1, 11739532=3, 16801307=1, 33458460=2, 26801279=1, 6966159=1, 27094144=1, 10961145=1, 22613010=3, 28299184=1, 13766633=4, 20902874=1, 30482857=3, 29057152=1, 32856952=1, 8168123=2, 2599387=2, 14213514=1, 31280146=1, 24398036=1, 1478018=2, 25883685=1, 17436735=4, 18363573=6, 31941493=1, 600842=3, 32675777=2, 14665837=1, 18683583=3, 22598901=1, 23808996=1, 23152535=1, 22648385=2, 14122684=1, 26726904=1, 7233204=1, 19936966=7, 23665323=3, 27255506=1, 27201139=3, 24968148=1, 21213646=2, 2178295=3, 26443304=1, 31627816=2, 13051755=3, 3222230=3, 4283818=1, 32033626=1, 12160070=2, 13931365=2, 7168413=1, 24715890=3, 33214684=1, 10437847=1, 15158952=1, 27111481=2, 31892542=2, 23245552=2, 7377976=2, 21958752=3, 16898309=1, 8119074=1, 5000456=1, 788066=5, 18833325=1, 11101372=1, 15484495=1, 2969501=1, 19975203=1, 1722956=1, 6132893=2, 24452539=3, 19248033=2, 28679234=2, 9864890=2, 21214531=2, 8378199=1, 20710940=5, 13284004=2, 12024898=1, 27953159=2, 21275235=2, 29261364=1, 14522483=2, 6984347=2, 7013981=3, 18513639=1, 22515977=2, 3290032=4, 13720192=1, 17747241=1, 3248182=2, 11758573=1, 25859540=2, 4839470=1, 7637571=2, 9953388=1, 18229648=4, 19714260=1, 18241925=1, 8116540=1, 7617988=5, 25974755=1, 3896174=1, 11724937=1, 14729854=1, 27894062=2, 803625=1, 23062710=1, 19246625=2, 10666364=1, 26733042=1, 8078581=1, 8503495=1, 22440711=1, 402175=4, 27939821=1, 10648701=1, 8313001=1, 9438773=7, 23187290=1, 9599568=1, 4737948=1, 498711=2, 8799909=1, 17097209=1, 5971854=3, 14979000=2, 11569212=2, 17926646=2, 19795553=4, 1116585=3, 13018024=2, 29491459=4, 1828439=1, 15731441=7, 15807580=3, 3839994=2, 2929089=2, 25622017=1, 3511805=2, 4161687=2, 22185766=2, 11974907=2, 29940060=1, 31716962=1, 5408487=2, 12320676=1, 31585208=1, 4707220=1, 8261157=4, 15597405=1, 26740835=6, 13209352=2, 21424394=1, 24484404=2, 5250170=7, 21302141=3, 27408290=4, 13451936=1, 23489555=1, 8688809=2, 14901648=1, 23623466=1, 10026591=1, 31253073=1, 31949291=2, 3402473=1, 7142380=1, 18921961=2, 28325819=7, 16337200=1, 2209883=2, 7443071=2, 27650169=1, 7264766=1, 21365364=4, 30289254=4, 33072483=2, 28937933=2, 32198920=1, 17323918=1, 15747512=1, 3070517=1, 7478801=4, 15199488=1, 21840360=1, 10139443=2, 47759=2, 27100035=2, 29853176=2, 11711709=2, 30137766=1, 27654901=1, 14363186=3, 26544912=3, 25947715=1, 7037421=1, 5032516=1, 4265426=3, 10514971=1, 4261730=3, 21922110=2, 9361323=1, 29689864=3, 7103941=1, 17282066=2, 9942606=2, 31201325=5, 24299477=1, 1038721=1, 1459877=1, 23856236=5, 2894543=5, 7451253=2, 29589931=2, 19938712=7, 24482099=2, 8790335=4, 31511304=1, 14316182=1, 9802056=2, 347821=1, 30298481=1, 8800084=1, 21889686=4, 11096547=1, 2458531=2, 21725365=2, 32535477=1, 7148951=3, 32925618=1, 7654911=1, 19718914=1, 11207046=3, 13244358=4, 18284955=3, 28440121=1, 32999760=2, 6584093=1, 30578879=2, 20042926=1, 25931343=2, 24349623=2, 4682884=1, 20370739=1, 8792975=4, 3939343=5, 14230024=3, 6635932=1, 6287129=1, 19630819=2, 12329289=5, 2588327=1, 599681=3, 3706595=2, 12202023=4, 10496122=8, 24256337=4, 1771078=3, 5131803=1, 3483779=3, 10276554=1, 21008427=2, 22678482=4, 11569032=2, 1373698=1, 440691=2, 3463259=1, 30967438=2, 28306675=1, 5584187=3, 26671837=1, 13980968=1, 7331941=1, 22742325=3, 21354584=1, 18168803=3, 4610293=1, 216963=1, 22068340=2, 4437904=2, 29553742=1, 7426247=1, 9390897=1, 17573346=5, 18158921=3, 8165977=2, 26863629=1, 7480940=4, 22963709=1, 14738481=1, 16283255=1, 28153266=2, 1866078=1, 25306220=4, 13743999=2, 9524516=1, 22924848=1, 29997717=2, 13422190=1, 28783039=3, 8579301=1, 26238643=1, 8154695=1, 3188148=2, 1477712=2, 4680202=1, 30317760=2, 21208287=2, 18420923=3, 32089634=2, 9242940=3, 27720050=1, 8366799=2, 23548025=1, 26371277=1, 18435307=1, 28833247=1, 8409525=1, 15275192=3, 4317001=1, 2375399=5, 32221330=2, 13858289=1, 19700117=2, 25603951=2, 19099463=1, 9205806=1, 4977763=1, 19266747=1, 26152299=3, 8715142=1, 2783815=1, 23831708=2, 31579520=1, 14859069=2, 12884515=2, 24912256=5, 1087293=2, 32823665=1, 28966879=1, 9060050=4, 18956070=3, 13592790=1, 1099028=1, 6612335=1, 29253745=1, 9027426=2, 5476543=2, 19864529=3, 31268795=3, 8126950=5, 24079729=1, 24061387=3, 13997898=2, 18436446=1, 12098225=2, 22508604=1, 12230974=2, 20562489=1, 13828760=3, 9791399=1, 32085665=2, 11155645=4, 17701842=4, 14786970=2, 3364762=1, 23768266=2, 7901577=2, 25270145=2, 9076355=1, 9599237=1, 20576213=1, 10825247=3, 9246441=3, 2409995=1, 31939121=1, 32695447=1, 23803508=3, 12710127=1, 20676247=1, 20456482=6, 7545166=3, 24713325=3, 4120285=1, 22064241=2, 18013020=1, 20214670=1, 28716109=4, 17607988=2, 21135778=2, 8646443=1, 17609730=2, 30629896=1, 11048714=2, 16810604=2, 4192417=1, 24513290=4, 31804702=1, 12198816=4, 14699847=1, 9922593=1, 32548393=2, 31421927=1, 4201969=9, 3217842=3, 1434605=1, 18340321=1, 5400669=1, 5002649=1, 20397636=3, 19219695=1, 7508316=2, 32612311=2, 29880887=1, 32056096=3, 15593894=1, 5107017=1, 15786393=1, 11365478=1, 12735765=1, 31732406=5, 16450439=3, 1503293=1, 8599068=3, 12967658=1, 10540434=1, 12681138=1, 7840371=2, 2802682=1, 3318760=2, 33077231=2, 26789100=1, 10462421=2, 30054762=2, 18669571=1, 5131857=1, 6138638=2, 33549488=1, 4282231=1, 517436=1, 21650150=1, 9815255=1, 22471185=1, 8487750=2, 17856697=1, 11268457=1, 3420709=5, 990076=3, 18121459=2, 31670133=3, 30491418=1, 15538445=3, 6665076=2, 23220662=1, 25654631=1, 20246111=1, 2281904=1, 1551248=2, 4785993=3, 14750000=3, 19498049=2, 17648388=1, 1730045=1, 3836801=2, 14262168=2, 18431276=3, 12893328=2, 29505152=4, 5092208=2, 12350814=1, 33013841=1, 24281916=2, 27185261=1, 7051696=2, 25492384=1, 32252512=5, 21634248=4, 31617985=1, 12456928=4, 4526222=3, 16019940=1, 18282678=1, 30496773=1, 32534868=1, 12026502=2, 31943195=1, 9562336=1, 15340395=4, 24432836=1, 14147541=1, 8197863=3, 31988941=6, 8255017=1, 29702209=3, 14840018=1, 17205229=2, 21397742=2, 30719604=2, 16719749=3, 16994809=1, 29428268=3, 27666898=4, 29428572=3, 31219611=1, 14269004=2, 26505769=1, 17344284=2, 15096189=1, 1661674=1, 27920434=4, 17694750=4, 6120763=1, 10339497=1, 884963=2, 29119060=1, 2074821=2, 26781100=2, 11096023=1, 17932147=2, 7368684=1, 1582331=6, 17129908=1, 534468=6, 18784452=2, 33071873=2, 19966565=2, 28096569=2, 22258061=2, 445421=1, 25829642=4, 19083408=3, 30100982=1, 3927405=1, 11024639=6, 8530812=4, 28925022=1, 16846706=3, 14711371=1, 4887496=2, 5761471=1, 9681905=2, 5704446=3, 24034198=2, 22363432=3, 8803663=1, 13421765=1, 3446915=2, 10930278=1, 10846658=2, 23197107=1, 5454827=3, 9806441=2, 14149650=1, 33526939=2, 16260782=6, 5989981=1, 1285728=2, 16242257=1, 16823670=2, 32109069=1, 16609009=1, 22348683=3, 30395603=1, 3121702=2, 31222575=1, 16309130=1, 7935186=3, 27209457=3, 28807070=2, 30134006=1, 672736=1, 33267517=2, 10214193=1, 4565220=2, 5006384=1, 11505582=2, 29830962=3, 5565992=1, 9640163=3, 17031023=1, 721654=3, 31227701=1, 21138070=2, 11140905=1, 23690908=1, 26886735=1, 1368020=1, 14078891=1, 25145892=2, 10492545=8, 5103156=1, 20726232=1, 29471384=2, 30357645=3, 2756079=4, 32789348=1, 21199871=1, 10409639=1, 30354988=3, 15496522=1, 21351828=1, 16501187=1, 6416091=1, 22792096=1, 4264350=3, 9884162=1, 1487847=2, 11650368=1, 11627233=1, 11908114=2, 988892=3, 14071657=2, 12268775=3, 24546939=2, 28642607=3, 28245836=1, 6263968=2, 6411508=1, 6114193=1, 3377685=2, 22736529=1, 4005537=3, 5989805=1, 15653891=1, 13046736=3, 27405023=4, 12508611=1, 3445967=2, 10149080=1, 22258815=2, 229572=2, 16838875=1, 31679182=1, 28246397=3, 614519=1, 11153300=4, 25454202=1, 4370520=2, 25711111=1, 26534467=1, 5264774=1, 9595828=1, 1892253=1, 8912454=1, 24402607=1, 23823796=2, 18480115=1, 32539107=2, 6292467=8, 29007717=2, 7179006=2, 18491585=4, 7408747=3, 16346804=1, 2697886=3, 32834468=3, 31718127=1, 3391115=2, 32497258=1, 4138095=3, 5961481=1, 10879009=4, 9085272=2, 19445322=2, 6387302=1, 22839857=2, 10651430=2, 7322315=2, 5657909=1, 25767217=3, 2972835=1, 16362780=2, 30231424=1, 4516550=1, 8145277=1, 30667002=1, 13047010=3, 30069215=1, 24514103=4, 11431705=1, 17445125=4, 12809993=1, 6134962=2, 25490128=1, 31006403=3, 23854067=1, 29989466=2, 33201267=2, 27293612=1, 4039000=2, 13046954=3, 4353623=1, 28202695=1, 33434591=4, 14368001=3, 30966317=2, 10052636=1, 9806322=2, 12943847=2, 19682362=1, 28808733=2, 28884392=2, 26899241=1, 29505438=4, 17661587=1, 26645156=2, 30353461=3, 589993=3, 31663830=3, 23586586=1, 19353532=1, 33000724=2, 30245420=2, 15821960=1, 11819696=1, 30246010=2, 4239522=2, 3365706=1, 6094577=1, 12676224=1, 29096948=1, 27500555=2, 15003007=1, 7466566=1, 33540507=1, 2056884=1, 834228=2, 5131351=1, 27727684=3, 11211311=3, 2045200=3, 4121738=1, 22894253=1, 15508835=2, 15336114=4, 1850740=5, 21679382=1, 28920452=1, 20337254=1, 29201243=2, 30614704=3, 26070930=1, 4746647=1, 16637721=1, 6011350=2, 10118791=1, 1341516=1, 29017635=1, 5746571=2, 14122614=1, 28964074=1, 28850073=6, 25745424=1, 20868969=1, 478139=1, 23323819=1, 9454186=1, 12436245=1, 30258721=2, 12413126=1, 16929812=1, 25904766=1, 24114813=1, 2770418=1, 13299691=1, 8058243=1, 28147649=1, 30387284=2, 5908959=4, 23810866=1, 33254110=1, 32315879=3, 28950942=1, 14681949=8, 8332984=3, 3318014=2, 26706507=2, 3229838=1, 10303280=3, 13013383=2, 4903383=1, 13249769=4, 16293073=2, 3360039=1, 21476218=2, 20571903=1, 32320927=3, 3339014=1, 6658292=2, 13071353=1, 28362788=1, 10336727=2, 3310964=2, 1571379=1, 18984532=2, 13216249=2, 8203389=3, 33181370=1, 32411614=2, 27933226=4, 20848322=4, 9685252=1, 5478133=2, 26603370=1, 29707869=1, 8579024=1, 9239366=1, 24771861=1, 16762778=1, 8435527=2, 1337768=1, 20063632=4, 6283277=1, 30820872=1, 20941777=2, 24943588=2, 17419465=1, 9846806=1, 32143832=1, 15974334=2, 27084758=1, 4351323=1, 10832742=1, 25213738=2, 25399794=2, 32526340=1, 9771476=3, 30110855=1, 5341221=2, 24472292=1, 33281176=1, 3474924=3, 25374223=3, 938516=1, 3320810=2, 25844739=1, 32912852=4, 4092460=1, 26649064=2, 9287669=2, 3486750=3, 2095759=1, 28532538=1, 2429148=3, 29565180=3, 8973027=1, 16643109=1, 29281418=1, 20969327=1, 29410039=1, 29895541=6, 13772401=4, 29627078=5, 13676376=2, 22883668=3, 12436281=1, 29068224=2, 6325049=2, 14134737=2, 2112064=8, 22948521=4, 4176326=2, 16374888=1, 11146942=4, 28281753=2, 5157248=2, 13744842=2, 4688260=2, 26026387=3, 13046154=3, 30570427=1, 13741358=2, 30708268=2, 8694630=2, 4247586=1, 28520727=3, 25745084=1, 30348657=3, 533948=6, 18132775=2, 8734993=1, 13926130=1, 20744972=2, 3485961=3, 24327750=3, 14142168=1, 5379413=4, 27790154=6, 4278415=1, 31203628=5, 20960738=1, 8619990=2, 8607406=1, 29682036=1, 7430725=1, 3077805=1, 16261862=6, 10742951=1, 25761698=3, 33108915=3, 8872793=1, 25863221=2, 27687830=1, 516870=1, 4784802=3, 14847232=2, 22915644=2, 10479334=1, 30038246=1, 15216383=6, 30206379=1, 29374589=9, 17344492=2, 5754508=1, 9110565=3, 29678103=1, 30461518=1, 17116775=3, 13307731=3, 32425380=1, 18749373=4, 2175695=3, 32631449=1, 27088238=1, 18803014=1, 10688054=3, 2228106=1, 1750127=2, 29551529=1, 20953527=2, 29461076=2, 13342642=2, 4174660=2, 17306559=6, 16124509=4, 26853016=2, 24733430=1, 25155766=1, 30951786=1, 33392158=2, 30248740=2, 14176175=1, 19808333=1, 14610145=1, 19459594=1, 20225860=2, 5533582=1, 5156073=2, 19657645=1, 13160095=1, 21746733=1, 1211585=1, 27882529=1, 8452050=1, 32923905=1, 25288205=1, 27870104=1, 7388325=2, 18163629=3, 855378=3, 21305270=3, 32979556=3, 7264236=1, 30805712=4, 12261804=3, 191426=1, 23474363=4, 23148458=3, 23426634=1, 19522553=1, 9554449=1, 9799016=2, 5793846=1, 27927377=4, 12138124=3, 13787150=1, 23983960=1, 16990074=3, 26313356=2, 22388758=2, 33470076=2, 2788167=2, 14222528=3, 20974352=9, 23053728=1, 16480780=1, 15048498=2, 31016135=1, 9969890=6, 26263911=1, 29919415=2, 14190169=2, 12901729=1, 17007847=2, 5492574=1, 27885680=2, 10268271=2, 5179251=3, 26736940=1, 14471690=1, 29509280=1, 4720911=6, 4213991=1, 30519884=2, 25580162=1, 26709725=2, 5585871=3, 10226356=5, 13024122=2, 11886516=1, 10354357=1, 30944193=6, 10454394=2, 19466333=3, 26152921=3, 30940156=6, 10247009=1, 25686071=1, 24333225=1, 30220976=3, 28389037=3, 19610286=3, 21481172=1, 29172029=3, 24454262=3, 20575082=1, 22386801=2, 16650721=4, 32866678=2, 17332140=1, 10172540=3, 24992707=1, 27849212=1, 18647594=2, 26224752=7, 24679295=2, 11949039=1, 23676977=1, 8218031=1, 10785257=2, 27616260=1, 10879417=4, 28297883=1, 9916521=1, 13859365=1, 32986226=1, 29414681=1, 2865604=2, 15462904=1, 3528908=1, 25759910=3, 10039069=3, 16363713=2, 19779884=1, 21536267=2, 16443778=1, 29673102=1, 14685322=8, 21398864=2, 21285439=1, 13529742=1, 16982317=3, 8625312=2, 33056649=1, 3710033=2, 15295510=1, 940879=1, 8032180=2, 8014159=1, 5371979=1, 32808359=2, 1250283=3, 17240880=3, 7628349=1, 20486651=2, 11669763=4, 17448126=4, 30734454=1, 11282572=5, 5923758=1, 6538710=1, 32928081=1, 18040080=1, 21267355=2, 22594220=1, 6676531=1, 17853213=1, 3853058=1, 7088523=5, 870366=1, 26493898=1, 10390739=2, 10721485=2, 18593812=2, 11434684=1, 19540879=4, 14309348=1, 19738296=3, 18907187=2, 8881870=2, 19883740=1, 14122761=1, 29711364=1, 20464339=1, 2143153=2, 6166567=4, 8532027=4, 22474383=1, 3387474=2, 5895281=1, 1643950=3, 25027518=1, 9989255=1, 8145904=1, 495615=2, 20520799=3, 16575088=1, 824090=2, 17313920=6, 31859896=4, 31745857=1, 17526247=1, 11003070=1, 28025650=2, 18048677=1, 3027916=4, 14106050=3, 2658575=2, 5836527=3, 10602320=1, 14888111=3, 21309762=3, 29455113=1, 746095=1, 15864411=4, 11806112=5, 4451728=1, 27764113=2, 18206323=1, 24029165=2, 29082406=1, 22199761=2, 7863743=1, 17964840=4, 840496=1, 20087761=2, 11302593=1, 28973764=4, 4556483=2, 8761111=2, 25676184=1, 403143=4, 15564645=1, 2161074=1, 31444986=1, 27021529=1, 1077537=1, 33352406=1, 14693680=8, 20450018=6, 23120574=1, 26079985=1, 19890305=2, 15652125=1, 2296015=3, 14917882=2, 9276741=2, 29895499=6, 14097565=3, 17624703=1, 8090395=1, 18513136=1, 9108989=1, 20328770=4, 28143269=1, 4717240=1, 18790874=2, 1217723=2, 20002290=3, 6923080=2, 15766095=2, 14670287=1, 6377533=1, 31336406=4, 7722445=1, 9193395=1, 417597=1, 29340225=2, 26945891=3, 15265943=1, 14648257=2, 19580935=1, 32025336=2, 25426067=1, 3216936=3, 7499132=1, 25434380=5, 18668287=1, 21644028=1, 14040787=4, 1394500=1, 203290=3, 21291824=1, 6433036=4, 31133075=3, 25872000=1, 4096710=2, 20028267=2, 28025468=2, 11604034=3, 20130514=3, 6231922=3, 31379561=1, 364771=2, 7058037=2, 14158065=6, 14089982=1, 22647635=2, 27821513=2, 2131587=2, 28681668=2, 32214252=2, 9820600=1, 6438505=4, 17219442=2, 7573624=2, 24748237=2, 31197358=5, 13799555=2, 10640981=1, 13937851=2, 23462956=4, 31885734=2, 15694532=1, 9429590=1, 5670807=2, 20138287=1, 15185108=2, 13160421=1, 633544=2, 27650008=1, 12701280=1, 7365738=1, 19366391=2, 7932822=3, 15791256=1, 23364624=2, 28943167=2, 8540112=1, 31455454=1, 33288310=1, 16467675=1, 24711786=3, 23307703=2, 26418531=3, 21859438=2, 6707423=1, 19771021=2, 10978869=2, 10540647=1, 12158239=2, 32236574=1, 11986891=1, 10080602=1, 10943920=1, 10888039=4, 3567796=1, 19307158=2, 15669084=3, 13126547=1, 18946745=3, 23198997=1, 14312678=1, 22192906=2, 26989254=1, 16486735=2, 12625518=2, 8563335=2, 3832835=1, 29478275=1, 25801194=2, 23826893=2, 9915509=1, 24405454=1, 18281503=1, 4849944=4, 29161017=1, 6432772=4, 1914801=3, 22657948=2, 29417975=1, 9122889=3, 7404784=1, 24919992=5, 67430=3, 32642830=4, 20174611=1, 24510338=1, 800616=5, 33165659=4, 17088571=1, 19507070=2, 9320365=4, 6345370=1, 23649999=1, 10394179=2, 24476154=1, 18118830=1, 3860538=1, 25888556=3, 18070562=2, 10423629=3, 13906542=5, 26948849=3, 25839693=1, 3620439=3, 21026350=1, 6265098=2, 294417=1, 3687148=1, 9077140=2, 23773487=1, 7939661=3, 14921799=2, 9764528=1, 16063355=3, 3022194=4, 20771437=1, 30894825=1, 23413989=1, 25921416=2, 2880677=1, 11566723=1, 10591484=2, 3182953=2, 27623773=2, 276213=5, 19462732=1, 11337870=3, 2828278=3, 23048583=2, 27179113=2, 31178939=1, 8940129=1, 1381610=3, 17580913=1, 15650098=1, 2902321=1, 33505884=1, 22022043=7, 1860860=1, 7928459=1, 4812895=1, 11375696=2, 32365878=1, 12395560=3, 20385555=3, 24286448=2, 20921253=3, 25140262=2, 14472167=1, 14452795=2, 11545278=7, 11190630=1, 26430766=1, 15608909=4, 23174290=2, 3835084=2, 17227939=1, 33121619=1, 29141929=2, 29557081=3, 10193337=2, 21945789=1, 9936136=2, 3991587=1, 25865705=2, 30532533=1, 14324180=2, 23026326=1, 21419651=1, 15976828=1, 25380775=1, 15912631=1, 21644879=1, 19545570=4, 33310414=1, 1659375=1, 6220929=1, 30440352=1, 19936358=7, 12751894=2, 16671475=1, 9350531=2, 31208713=5, 5386638=4, 20939883=2, 11844040=2, 4315682=1, 1131554=1, 1623662=1, 8902922=1, 10336553=2, 18887018=8, 11732515=3, 5023189=2, 28269640=1, 759942=2, 5571131=3, 24923527=1, 17086345=2, 33417461=1, 10652299=2, 16681316=2, 26741062=6, 26549182=3, 30847022=2, 14589905=2, 24570644=1, 18815688=3, 5556684=1, 10922357=2, 22060416=2, 14016266=1, 15126240=1, 4219041=1, 28235039=1, 27378480=1, 28710557=4, 2204528=2, 5762029=1, 17236027=3, 24367027=1, 20362950=2, 20016124=1, 29719790=1, 30816227=4, 14828683=1, 15087807=4, 7508588=2, 17981657=1, 32613779=2, 806511=1, 14939229=1, 27930991=4, 662194=4, 14438396=1, 10169496=3, 22814926=5, 10192172=2, 23325367=1, 5826386=1, 29272563=2, 11464146=1, 23664750=3, 2541302=1, 27170188=2, 11807950=5, 24056673=3, 25379805=1, 23460481=1, 6256042=1, 20349232=2, 31154948=1, 13663556=1, 24410661=1, 21326149=1, 31663252=3, 9143749=2, 4667983=3, 10152487=1, 6552519=1, 1063195=7, 6076411=2, 31849999=1, 26730305=1, 11793246=1, 12688145=2, 2335097=2, 26789530=1, 14550581=4, 11483073=3, 12743060=1, 17629923=3, 2131387=2, 19988327=1, 28740068=2, 17452654=1, 3427116=1, 24526563=4, 27369672=2, 33477981=1, 16333372=3, 24262360=4, 13478638=2, 32740660=2, 16898704=1, 4852977=4, 17333809=1, 13727573=1, 16328004=3, 3936736=5, 4140556]=3}&gt; but was:&lt;...Prime: 6 register: {[12256938=3, 26645156=2, 806236=1, 2112064=8, 4096710=2, 5002649=1, 10896791=1, 335570=3, 3954121=1, 25213738=2, 26493898=1, 24931857=1, 16838875=1, 24923527=1, 9864890=2, 29678103=1, 28468351=1, 24514103=4, 3474924=3, 12534763=1, 17332140=1, 28989434=1, 26551362=3, 4437624=2, 11365478=1, 21922110=2, 28147649=1, 18055965=2, 15142137=3, 9350531=2, 32726147=1, 16758914=2, 33254110=1, 11337870=3, 32198920=1, 19436185=2, 13552656=1, 31203628=5, 16719749=3, 21481172=1, 29482009=1, 23631445=2, 32548393=2, 8145904=1, 19966565=2, 12743060=1, 19366391=2, 29673102=1, 21889755=4, 29630936=5, 23080943=8, 276213=5, 31190965=1, 13772401=4, 21113131=4, 1045616=1, 16671475=1, 19864529=3, 13051755=3, 20225860=2, 20922851=1, 23808996=1, 9834845=4, 20971445=1, 17853213=1, 19498049=2, 17951223=1, 10336553=2, 2228106=1, 26259201=2, 6433036=4, 4887496=2, 25859540=2, 24602970=1, 19540879=4, 6624812=3, 7585059=2, 26152921=3, 5214456=2, 29627078=5, 9760483=1, 31579520=1, 23831708=2, 14749718=3, 20700463=1, 26947316=3, 32344842=2, 23384072=1, 6416091=1, 2195214=1, 14921799=2, 18815688=3, 2178295=3, 13013383=2, 4138095=3, 32866678=2, 24943588=2, 5533582=1, 13857652=1, 2159262=1, 800616=5, 3853058=1, 22958892=1, 7901577=2, 12436281=1, 7404784=1, 29557081=3, 6432772=4, 30638294=2, 30353461=3, 23665323=3, 15208820=6, 8800084=1, 3680683=6, 4087997=1, 31136612=3, 31219611=1, 15974334=2, 28143269=1, 26736940=1, 27821513=2, 23163346=1, 3188148=2, 19936358=7, 13249769=4, 27720050=1, 29141929=2, 29997717=2, 4839470=1, 24709622=3, 24402607=1, 28740068=2, 2231301=4, 27687830=1, 25585859=1, 3706595=2, 9848558=1, 15496522=1, 21644879=1, 17097209=1, 15096189=1, 22156529=4, 24333225=1, 15199488=1, 8174444=2, 31885734=2, 31492233=2, 14016266=1, 15131764=1, 23586586=1, 2239074=4, 18121459=2, 14648867=2, 8646443=1, 21958752=3, 13766633=4, 9429590=1, 22440711=1, 15608909=4, 29340225=2, 4264350=3, 19700117=2, 8235337=2, 17236027=3, 1417510=2, 28925022=1, 19466333=3, 22386801=2, 9205806=1, 9802056=2, 29417975=1, 11887816=1, 4556483=2, 15265943=1, 13018024=2, 24836152=1, 18956070=3, 3238712=1, 8503495=1, 25839693=1, 25374223=3, 31943195=1, 30217820=3, 4239522=2, 5908959=4, 25718893=1, 31585208=1, 25883685=1, 3485961=3, 29707869=1, 2788167=2, 29410793=1, 4265426=3, 9562336=1, 28966879=1, 8912454=1, 3360039=1, 26733042=1, 10591484=2, 4597003=4, 6120763=1, 11153300=4, 25863221=2, 19048043=2, 17926646=2, 6966159=1, 24771861=1, 8599068=3, 20710940=5, 20408821=1, 91948=1, 20974352=9, 20246111=1, 16483609=2, 19028573=1, 2219904=1, 13906542=5, 10718321=2, 25819261=1, 18755564=4, 6147256=1, 7478801=4, 3743137=3, 11484110=3, 16643109=1, 14230024=3, 9027426=2, 12710127=1, 18281503=1, 19630819=2, 22924848=1, 4746647=1, 25801194=2, 2281904=1, 6495258=3, 1722956=1, 23364624=2, 21267729=2, 16608106=1, 589476=1, 1487847=2, 7996768=4, 33434591=4, 14290382=4, 3321465=2, 11235475=1, 17448126=4, 788066=5, 27170188=2, 21840360=1, 12395560=3, 7179006=2, 18013020=1, 15778490=1, 15568558=2, 13284004=2, 17932147=2, 11431705=1, 10159007=3, 18396003=2, 20385555=3, 2866860=2, 28555405=2, 5817116=1, 21791330=2, 18079652=1, 12909112=1, 18420923=3, 9077140=2, 25999127=2, 20347412=1, 32525268=1, 2802682=1, 29551529=1, 14176175=1, 14888111=3, 24678827=2, 24012843=1, 18070562=2, 16137063=4, 16990074=3, 14418049=5, 10388954=2, 20941777=2, 26647300=2, 11732515=3, 10648701=1, 28409266=1, 1324618=5, 17369825=3, 18938452=1, 988892=3, 21135778=2, 10462421=2, 23323819=1, 16887315=2, 2790377=2, 11293518=1, 14847232=2, 14793574=2, 11852060=1, 2115787=1, 5226675=1, 20846175=4, 5556684=1, 6256042=1, 27288312=1, 2429148=3, 15831830=2, 4849944=4, 6265098=2, 21416657=1, 10492545=8, 27764113=2, 16337200=1, 23983960=1, 14122684=1, 4315682=1, 14149650=1, 23005068=3, 26263911=1, 27812481=1, 7484059=4, 14286523=1, 5989805=1, 29919415=2, 27604938=3, 14574711=1, 809552=1, 14312678=1, 22348683=3, 25327403=1, 8988380=3, 10879009=4, 24476154=1, 6584093=1, 14074085=1, 8283253=1, 20613538=2, 831936=2, 28706075=4, 9989255=1, 18683583=3, 24079729=1, 5916690=1, 30248740=2, 1724470=1, 14416010=1, 10496122=8, 3387474=2, 834228=2, 19042368=2, 18011444=1, 32289619=2, 10172540=3, 9701257=5, 29553742=1, 3642513=2, 19709959=1, 21650150=1, 22638226=1, 11207046=3, 13307731=3, 31227701=1, 8014159=1, 15976828=1, 18561373=3, 599681=3, 10245584=1, 11024639=6, 1898832=1, 23664750=3, 17376209=3, 15340395=4, 26443304=1, 24568664=1, 14840018=1, 25531329=2, 29057152=1, 10426605=3, 10118791=1, 30578879=2, 19490233=1, 25904766=1, 6088726=1, 803625=1, 20397636=3, 8487750=2, 5179251=3, 20450018=6, 2204528=2, 9231094=1, 6039185=5, 26857426=1, 10052636=1, 7051696=2, 27933226=4, 28716109=4, 633544=2, 27378480=1, 4438276=2, 12113542=1, 25711111=1, 26047555=1, 29830962=3, 29007717=2, 16309130=1, 30966317=2, 25400411=2, 27884274=1, 32612311=2, 3320810=2, 29109682=5, 2783815=1, 24992707=1, 15807580=3, 14013836=1, 13421765=1, 30110855=1, 6134962=2, 31670133=3, 11779461=2, 5670807=2, 11282572=5, 1257556=3, 26371277=1, 8902922=1, 13936151=2, 26379332=2, 27021529=1, 21354584=1, 21267355=2, 18833325=1, 16480780=1, 22433369=1, 31939121=1, 878298=1, 21534227=2, 1492898=1, 1715891=4, 31718127=1, 8207004=3, 9586971=1, 14190169=2, 26238643=1, 15786393=1, 15650098=1, 7740835=4, 350497=1, 17323918=1, 18987303=2, 33470076=2, 589993=3, 31006403=3, 33204292=2, 18647594=2, 12393046=3, 17661587=1, 13244358=4, 31325457=1, 27920434=4, 67430=3, 25140262=2, 10098974=4, 21291824=1, 24405454=1, 18790874=2, 27185261=1, 5492574=1, 17127668=1, 22192906=2, 5156073=2, 33541781=1, 21309762=3, 2751636=1, 18303109=1, 5386638=4, 20006598=1, 25865705=2, 18282678=1, 24526563=4, 25430815=5, 2368673=5, 27179113=2, 18593476=2, 27616260=1, 27790154=6, 21026350=1, 5971854=3, 9110565=3, 32072602=1, 17580913=1, 6186326=1, 20868969=1, 267676=5, 9060050=4, 16639393=1, 30458482=1, 24748237=2, 4351323=1, 29702209=3, 9130177=1, 22444840=1, 30708268=2, 25145892=2, 7377976=2, 10930278=1, 4688260=2, 600842=3, 19795553=4, 16501187=1, 21658648=1, 20831824=1, 12329289=5, 10354357=1, 17031023=1, 19246625=2, 2335097=2, 7139920=1, 12221580=1, 20888347=2, 11897115=2, 16422611=2, 10817568=3, 8625312=2, 24349623=2, 9764528=1, 28297883=1, 16950491=2, 11463708=1, 16780673=11, 33056649=1, 31133075=3, 10224489=5, 933644=4, 19695734=2, 8619990=2, 10742951=1, 11974907=2, 8041641=2, 21716778=1, 18385980=2, 11724649=1, 5682373=2, 20158642=2, 18709786=1, 7722445=1, 18296964=3, 5094524=2, 31205180=5, 3252911=2, 1251768=3, 78956=3, 28974246=4, 7282959=3, 5454827=3, 20002290=3, 26906077=2, 16710281=1, 33352406=1, 11990907=1, 29253745=1, 22199377=2, 11101372=1, 26498960=1, 12000460=3, 11949039=1, 25155766=1, 13720192=1, 16328004=3, 130744=1, 29573978=1, 26276195=1, 7986521=1, 14309348=1, 31745857=1, 32834468=3, 22388758=2, 30629896=1, 14071657=2, 6490225=3, 22069036=2, 19778103=1, 29720788=2, 30315529=2, 10268271=2, 8708089=1, 13323389=1, 3237913=1, 5379721=4, 14147541=1, 32923905=1, 1946816=2, 3006148=1, 14685322=8, 24432836=1, 27849212=1, 1373698=1, 6263968=2, 5131351=1, 17275732=2, 10846658=2, 29017635=1, 7928459=1, 20571903=1, 30348657=3, 19883740=1, 3836801=2, 3839994=2, 4720911=6, 7617988=5, 14901648=1, 13216249=2, 32613779=2, 14433865=5, 12967658=1, 30893179=1, 24546939=2, 22855747=1, 21133871=1, 11807950=5, 30526032=1, 6156016=1, 5813891=2, 30069215=1, 5006384=1, 25426067=1, 8803663=1, 13081391=2, 16727343=3, 17088571=1, 21746733=1, 26070930=1, 28807070=2, 7508316=2, 22068340=2, 26409194=1, 3318014=2, 11375261=2, 13912405=1, 1828439=1, 7017303=3, 2969501=1, 28710557=4, 32928682=1, 4054245=1, 13937851=2, 21830532=3, 14149550=1, 7840371=2, 8227490=2, 20028267=2, 11669763=4, 17384563=1, 22814926=5, 16019940=1, 18363573=6, 2131587=2, 33281079=1, 13003486=1, 1216067=2, 14134737=2, 3402473=1, 18946745=3, 19143114=5, 23768266=2, 2902321=1, 9390897=1, 11711709=2, 30519884=2, 25931343=2, 28623498=1, 7273914=1, 12308804=1, 30604707=1, 31379561=1, 26510850=2, 1623662=1, 31611366=1, 32221600=2, 26430766=1, 13614031=2, 12036033=2, 6538710=1, 1394500=1, 30951786=1, 1503293=1, 26152299=3, 5131803=1, 33434934=4, 12199719=4, 27500555=2, 32986226=1, 26249640=2, 16990254=1, 27931552=4, 10192172=2, 28609469=2, 15238806=2, 15260512=1, 17690864=1, 19787814=1, 25050673=4, 4120285=1, 14389532=2, 16994809=1, 33121619=1, 4278415=1, 884963=2, 29461076=2, 29428268=3, 23474363=4, 7804927=3, 11725599=1, 28940925=2, 5836527=3, 29281418=1, 22363432=3, 19975203=1, 30206379=1, 5923758=1, 30100982=1, 17629923=3, 3318760=2, 13744842=2, 20942206=2, 23288923=1, 1246529=3, 17129908=1, 31849999=1, 6540086=1, 13069998=1, 8973027=1, 516870=1, 17344492=2, 16062417=3, 6552519=1, 16637666=1, 29370167=9, 13859365=1, 9771476=3, 16801307=1, 8792975=4, 16542688=1, 11986891=1, 8378199=1, 21863844=2, 15593894=1, 8058243=1, 12268775=3, 3552779=4, 4812895=1, 14452795=2, 13529742=1, 31915469=1, 22022043=7, 14939229=1, 4161687=2, 9799016=2, 19219695=1, 24292056=2, 1368020=1, 6076411=2, 3850938=1, 11375696=2, 32221330=2, 6340939=1, 16823670=2, 23663882=3, 15766095=2, 23803508=3, 13530020=1, 16261862=6, 1703227=1, 8249649=1, 27650169=1, 30570427=1, 23678216=1, 9595828=1, 20328770=4, 15694532=1, 33526939=2, 2387658=1, 8287991=1, 7465379=1, 1659375=1, 12026502=2, 24056673=3, 29565180=3, 6923080=2, 16817643=2, 20960738=1, 16534198=1, 15741376=7, 29509280=1, 22093532=3, 13828760=3, 4213991=1, 10855959=2, 7833961=2, 6671982=1, 13997898=2, 21214531=2, 5938561=2, 28505210=1, 5754508=1, 9122889=3, 3229838=1, 25492384=1, 19462732=1, 20464339=1, 25829642=4, 28920452=1, 26730305=1, 4370520=2, 11630622=1, 16568818=1, 15690167=1, 11538986=7, 31329671=4, 27885680=2, 9633695=1, 3071715=1, 18668287=1, 11569032=2, 7148951=3, 3938380=5, 26928030=1, 31564171=2, 3047261=1, 24513290=4, 20520799=3, 21175039=3, 1551248=2, 20576213=1, 23467465=4, 31308837=2, 25260122=1, 17436735=4, 23307703=2, 9820600=1, 4806288=1, 13209352=2, 5250170=7, 32033626=1, 2131387=2, 5271611=1, 23460481=1, 26527501=1, 27809960=1, 9640163=3, 8366799=2, 14536798=1, 33214684=1, 22613010=3, 18168803=3, 21272397=2, 9088786=2, 6094577=1, 30719604=2, 10339497=1, 29589931=2, 28202695=1, 31330875=4, 22736268=1, 14859069=2, 9915509=1, 13624405=1, 12676224=1, 14750000=3, 9544406=2, 16254931=6, 28808733=2, 9599237=1, 28096569=2, 4201969=9, 26987705=1, 4092344=1, 18040080=1, 2441700=1, 25745424=1, 3567796=1, 4829866=2, 12217584=1, 1889080=1, 8197863=3, 23088124=1, 22548128=6, 11844040=2, 11048714=2, 21494494=1, 30655995=1, 16654775=4, 15746430=1, 12776871=1, 1016410=2, 19445322=2, 27882529=1, 26945891=3, 30038246=1, 10737524=1, 20970594=1, 22258815=2, 23148458=3, 30491418=1, 13413803=2, 22742325=3, 15597405=1, 9320365=4, 26726904=1, 17701842=4, 21351828=1, 25669594=2, 30905479=2, 5102229=1, 21420700=1, 3300214=1, 4192417=1, 9936136=2, 811851=1, 15048498=2, 4283749=1, 20953527=2, 1285728=2, 4176326=2, 12333201=5, 21138070=2, 789495=5, 30272217=1, 32675777=2, 2658575=2, 4291549=1, 23048583=2, 2409995=1, 30289254=4, 1556213=2, 7932822=3, 17981657=1, 4613029=1, 22120011=2, 24061387=3, 7365738=1, 29001081=2, 10943920=1, 13787150=1, 18206323=1, 8540112=1, 4065189=4, 16515883=5, 29436429=3, 22471185=1, 27328828=3, 3434548=1, 5989981=1, 2997052=2, 19507070=2, 24766497=1, 7545166=3, 1250283=3, 15862743=4, 28389037=3, 32747444=2, 26989254=1, 10226356=5, 18436446=1, 23152535=1, 16609009=1, 27185040=1, 14213514=1, 28123581=3, 11857965=1, 10879417=4, 11096547=1, 9681905=2, 30305202=1, 11886516=1, 25767217=3, 11464146=1, 25101702=3, 30754606=1, 29201243=2, 2045200=3, 12456928=4, 16124509=4, 7891463=1, 24919992=5, 23045594=2, 21172193=3, 13592790=1, 9320899=4, 2143153=2, 18163629=3, 5157248=2, 1337768=1, 27927377=4, 21708921=1, 2705479=1, 4737948=1, 9787004=1, 20234602=1, 11246197=2, 5000456=1, 4353623=1, 263073=5, 30894825=1, 9361323=1, 12893328=2, 25788851=2, 33181370=1, 16063355=3, 22146134=1, 9242940=3, 11211311=3, 15462904=1, 30245420=2, 9524516=1, 25091884=1, 1866078=1, 7741368=4, 533948=6, 12350814=1, 23187290=1, 17801306=2, 17333809=1, 28937933=2, 6707423=1, 20427125=2, 7628349=1, 721654=3, 4092460=1, 3193612=2, 4451728=1, 19856081=1, 2541302=1, 19037981=1, 22092837=3, 11650368=1, 20065285=4, 2183550=1, 13926759=2, 12287293=1, 15295510=1, 15656996=1, 10978869=2, 16374888=1, 26789100=1, 31313722=1, 5371979=1, 22848036=2, 29172029=3, 2296015=3, 14665837=1, 24034198=2, 31197358=5, 14106050=3, 28791716=1, 25825823=4, 29895499=6, 17425877=1, 10888039=4, 14438396=1, 347821=1, 21859438=2, 27489841=1, 33275999=1, 32779468=5, 21199871=1, 19890305=2, 24351483=2, 19522553=1, 16285896=2, 8218031=1, 1164818=1, 15731441=7, 16689828=2, 30357645=3, 24445366=3, 6891247=3, 16793438=11, 4302796=2, 4437904=2, 216936=1, 14550581=4, 10152487=1, 3121702=2, 8126950=5, 28850073=6, 3364762=1, 21309218=3, 11847208=1, 9085272=2, 32545455=2, 32064441=1, 23854067=1, 25622017=1, 16637721=1, 19657645=1, 1730045=1, 21251886=1, 15034131=1, 10832742=1, 25761698=3, 1357180=2, 16242257=1, 3365706=1, 9884162=1, 14056918=1, 4413228=1, 20195241=5, 4039000=2, 6133000=2, 17508945=3, 22826162=1, 12751894=2, 21634248=4, 32056096=3, 28306675=1, 30395603=1, 21745905=1, 31909015=1, 25490128=1, 12320676=1, 23197107=1, 21246687=5, 2095759=1, 14324180=2, 19000634=1, 27555550=1, 14472167=1, 28461252=1, 27953159=2, 28110610=1, 33267517=2, 27772031=1, 33458460=2, 5710182=3, 24795234=1, 24384135=5, 14040787=4, 20921253=3, 19083408=3, 15108436=2, 16362780=2, 8607406=1, 15946938=1, 23066993=1, 20744972=2, 32025336=2, 21534796=2, 3710033=2, 26534467=1, 29455113=1, 13020628=2, 5689115=1, 15645111=2, 95032=1, 28752366=2, 20362950=2, 2756079=4, 759942=2, 27344250=3, 16870650=1, 30599477=1, 27183381=1, 18669571=1, 10039069=3, 24531471=1, 21799441=2, 18118830=1, 28642607=3, 28281753=2, 18065688=2, 5107017=1, 13858289=1, 32808359=2, 5657909=1, 21889686=4, 17289424=1, 2697886=3, 17313920=6, 13451936=1, 16614955=2, 12389585=3, 8799909=1, 9416778=2, 32925618=1, 24585146=3, 18135269=2, 22843424=2, 23325367=1, 971739=1, 18735977=1, 6582812=1, 3617081=3, 33417461=1, 13931365=2, 9599568=1, 3022194=4, 6676531=1, 22594220=1, 18635104=1, 1860860=1, 22883668=3, 23293916=1, 16363713=2, 6936587=1, 22839857=2, 23489555=1, 15397009=1, 7967883=2, 24114813=1, 6283277=1, 16611618=1, 19208194=3, 30137766=1, 7637571=2, 24482099=2, 19938712=7, 1794876=1, 19808333=1, 30816227=4, 15484495=1, 31209794=5, 3599756=1, 12198816=4, 30482857=3, 15747512=1, 11179178=2, 25027518=1, 9193395=1, 17231817=1, 14368001=3, 33410312=1, 18907187=2, 33493278=3, 24565350=1, 3927405=1, 15336114=4, 5264774=1, 5198417=1, 17889862=1, 23426634=1, 8288703=1, 5523248=1, 229572=2, 8734993=1, 4261730=3, 30462502=1, 3010020=1, 2929089=2, 26505769=1, 12260709=3, 7710501=2, 23810866=1, 25882293=1, 14471690=1, 27623773=2, 12919407=3, 10214193=1, 15216383=6, 26650866=2, 269072=5, 13855976=1, 7314104=2, 12611796=1, 10514971=1, 10688054=3, 30944193=6, 32236574=1, 8256909=1, 23454318=1, 3097661=1, 14950099=5, 12297985=2, 7173524=1, 1850740=5, 32425380=1, 4283818=1, 17947512=1, 9220035=2, 29938132=1, 21058788=1, 11512007=2, 27939821=1, 14991313=2, 417597=1, 12413126=1, 29711364=1, 17197501=1, 24807767=2, 27167984=2, 422657=1, 28505831=1, 7408747=3, 21536267=2, 26178412=1, 2175695=3, 33100910=3, 4282231=1, 26079985=1, 9675346=2, 23993207=4, 5871264=2, 17306559=6, 32365878=1, 18749373=4, 1478018=2, 25974755=1, 7121235=2, 13024122=2, 28203882=1, 30532533=1, 2828278=3, 495615=2, 2865604=2, 15275192=3, 32520904=7, 28994899=1, 11155645=4, 27113613=2, 14648257=2, 30967607=2, 4903383=1, 3939343=5, 31252924=1, 1459877=1, 7860310=1, 7573624=2, 33013841=1, 26064606=2, 25434380=5, 31272320=3, 3818747=1, 2972835=1, 16027274=2, 23676977=1, 27088238=1, 10306034=1, 11132487=1, 16283255=1, 32928081=1, 31679182=1, 12261804=3, 15071813=1, 19936966=7, 31552749=1, 25270145=2, 17573346=5, 8872793=1, 32806396=2, 938516=1, 29414681=1, 18347233=1, 10666364=1, 10193337=2, 12361296=2, 9953388=1, 16293073=2, 27654901=1, 5746571=2, 28057554=5, 20813075=2, 27344633=3, 25087794=1, 4892119=2, 13565836=1, 23823796=2, 13096896=1, 20969327=1, 15918490=1, 28681668=2, 33505884=1, 22894253=1, 21149216=2, 28556636=2, 26655695=2, 23856236=5, 32964819=3, 29309272=3, 16810604=2, 1436514=1, 191426=1, 25654631=1, 23133149=1, 21326149=1, 32315879=3, 17607988=2, 824090=2, 17219442=2, 9891608=1, 31498675=2, 3034637=1, 23819431=1, 30220976=3, 29682036=1, 13743999=2, 22654108=2, 6490162=3, 18984532=2, 14142168=1, 27293612=1, 16681316=2, 9942606=2, 3017272=4, 3835084=2, 534468=6, 9791399=1, 3626940=1, 22857124=1, 18132775=2, 12901729=1, 18662689=1, 26899241=1, 27666898=4, 27224383=1, 29525707=2, 25263136=1, 26706507=2, 12144244=1, 10691005=3, 2375399=5, 26801279=1, 25580162=1, 16762778=1, 18659058=2, 12943847=2, 294417=1, 33351089=1, 30667002=1, 25836729=4, 4526222=3, 216963=1, 3881958=3, 5961481=1, 32526340=1, 31627816=2, 30614704=3, 6486888=1, 20902874=1, 1217723=2, 30496773=1, 31444986=1, 7037421=1, 14951424=5, 27384820=1, 23691258=1, 27478278=1, 31676478=1, 18013585=1, 29853176=2, 4565220=2, 8154695=1, 6132893=2, 27603677=3, 8761111=2, 15003007=1, 148411=1, 17526247=1, 21842500=1, 5740168=2, 12138124=3, 8604248=1, 9614537=2, 8795839=4, 25759910=3, 30246010=2, 7368684=1, 4674407=1, 4717240=1, 27802086=6, 7863743=1, 17624703=1, 21525104=1, 19580935=1, 11689812=1, 4121738=1, 22873225=3, 19872312=3, 28669604=1, 7506997=2, 29428572=3, 4005537=3, 3310964=2, 8261157=4, 17296714=1, 3420709=5, 14828683=1, 31859896=4, 31716962=1, 8940129=1, 28973764=4, 11259827=1, 32835774=3, 19307158=2, 8579301=1, 10651430=2, 15494830=1, 6321678=1, 28679234=2, 20016124=1, 20063632=4, 23174290=2, 22199761=2, 25617429=1, 21945789=1, 27408290=4, 15206015=6, 1954231=1, 29682107=1, 25686071=1, 19779884=1, 23026326=1, 31235781=2, 22647635=2, 20174611=1, 3070517=1, 16994107=1, 27452930=1, 23068809=8, 18959262=1, 15984220=1, 10383898=1, 10961145=1, 8694630=2, 5642187=4, 7110270=1, 31421927=1, 21365364=4, 11627233=1, 11545278=7, 17859736=2, 1571379=1, 11003070=1, 16904527=1, 3496498=1, 7333019=1, 764183=2, 10712882=1, 7581157=2, 8310556=1, 14786970=2, 6166567=4, 7635837=2, 27268285=8, 28245836=1, 21813685=1, 12969560=1, 16650721=4, 806511=1, 28861691=1, 25848394=1, 30232348=1, 16333372=3, 21758216=5, 17007847=2, 3936736=5, 10785257=2, 12402680=3, 24711786=3, 13478638=2, 3390336=2, 25805530=1, 8356116=2, 11604034=3, 20087761=2, 14699847=1, 9602199=2, 11310775=2, 13419786=1, 15312986=2, 17694750=4, 523859=1, 23301762=2, 4020434=1, 25398447=2, 3884170=1, 21424394=1, 19358181=1, 15431256=1, 21567429=3, 6635657=1, 17755943=1, 18513136=1, 27369672=2, 21275235=2, 26293991=3, 21850326=1, 26781100=2, 9450917=7, 3328700=1, 3893031=1, 13876489=2, 13287910=1, 28079943=1, 4839446=1, 33477981=1, 14693680=8, 16846706=3, 22736529=1, 32631449=1, 31154948=1, 19052478=2, 21298299=1, 22792096=1, 23053728=1, 17205229=2, 3528908=1, 14222528=3, 3339014=1, 13959700=3, 13046736=3, 23463879=4, 29777509=1, 20448057=6, 27111481=2, 13422190=1, 16898309=1, 4610293=1, 17452654=1, 17419465=1, 18936643=1, 19809275=1, 334181=3, 507367=2, 15185108=2, 5092208=2, 32252512=5, 11505582=2, 23773487=1, 23548025=1, 21208287=2, 29895541=6, 25831874=4, 29330576=2, 7430725=1, 12024898=1, 30231424=1, 26146555=1, 27870104=1, 6658292=2, 25096767=1, 33281176=1, 478139=1, 9384940=3, 6011350=2, 8458350=3, 28884392=2, 4879303=1, 19796060=4, 10423629=3, 14869664=1, 17848884=1, 2074821=2, 3248182=2, 32246108=5, 7331941=1, 32468394=1, 26544912=3, 4682884=1, 26902384=1, 29153662=1, 29096948=1, 20570987=1, 10394179=2, 21305270=3, 3826609=1, 15917915=1, 31732406=5, 30734454=1, 32139645=1, 3896174=1, 31980401=1, 27666480=4, 3463259=1, 6231922=3, 9969890=6, 30967438=2, 32272897=1, 3277046=4, 28661436=1, 27625701=2, 25380775=1, 26386712=2, 8353316=1, 23345662=5, 1549953=2, 10825247=3, 1771078=3, 15789279=1, 3687148=1, 24410903=1, 13799555=2, 9454186=1, 23120574=1, 20848322=4, 13712185=3, 27894062=2, 33392158=2, 440691=2, 21548819=1, 33072483=2, 29807017=1, 12202023=4, 32320927=3, 20214670=1, 5802637=2, 11569212=2, 20558101=2, 11140905=1, 16450439=3, 822832=2, 23112846=2, 20352035=2, 31184804=1, 6287129=1, 1038607=1, 4784802=3, 29272563=2, 25288205=1, 3709885=2, 22894968=1, 20581141=4, 11758573=1, 1892253=1, 19183394=2, 19537853=4, 8715142=1, 6425156=4, 24472292=1, 21725365=2, 28254067=3, 4247586=1, 23883220=1, 10080602=1, 31617985=1, 23690908=1, 11724937=1, 20575082=1, 28068401=1, 10602320=1, 8579024=1, 32695447=1, 25450860=1, 16575088=1, 5762029=1, 8119074=1, 3077805=1, 9061108=1, 8332984=3, 23198997=1, 33540507=1, 25343602=2, 746095=1, 8145277=1, 19545570=4, 26089769=4, 22657948=2, 23334805=5, 9360539=1, 5521783=1, 31253073=1, 14326966=2, 23245552=2, 10922357=2, 8440884=1, 10149080=1, 2037456=3, 28362788=1, 27392324=1, 31695612=2, 17609730=2, 16624677=2, 25544914=1, 6345370=1, 31465143=8, 10336727=2, 18229648=4, 26026387=3, 26259800=2, 27201139=3, 1077537=1, 17747241=1, 21543075=2, 13697846=3, 12440652=1, 18513639=1, 14589905=2, 30134006=1, 28858606=1, 15864411=4, 14122614=1, 19305187=2, 20486651=2, 13117154=6, 4922256=3, 14497533=3, 16467675=1, 11174947=2, 10303280=3, 31949291=2, 26886735=1, 33016641=1, 23110513=2, 29471384=2, 6387302=1, 24367027=1, 402175=4, 6810520=1, 19988327=1, 25218230=1, 3451121=2, 30181043=2, 30820872=1, 8301409=2, 4707220=1, 5895281=1, 26550463=3, 28669251=1, 17979387=1, 29484596=1, 9763027=1, 1211585=1, 29161017=1, 32740660=2, 8790335=4, 21115905=4, 29013973=2, 12098225=2, 25786254=1, 15652125=1, 18388367=2, 5584187=3, 10716622=2, 17156027=1, 29491459=4, 11566723=1, 24452539=3, 24702744=1, 23950632=1, 16714096=3, 118057=1, 1063195=7, 21679382=1, 28440121=1, 9922593=1, 2880677=1, 26224752=7, 1116585=3, 31222548=1, 30354988=3, 24968148=1, 12230974=2, 13583975=1, 17235358=1, 6550484=1, 15821960=1, 4317001=1, 26649064=2, 10276554=1, 24128703=7, 22316490=2, 31871585=1, 4533489=3, 7928350=1, 1381610=3, 26198487=1, 445421=1, 5565992=1, 31268795=3, 22582332=2, 840496=1, 4052665=1, 32214209=2, 30440352=1, 27869916=1, 32912852=4, 9806441=2, 13727573=1, 26709725=2, 2134511=2, 22209223=1, 3445967=2, 11290105=1, 7142380=1, 30735876=1, 14610145=1, 25538950=2, 10540647=1, 15126240=1, 5023189=2, 33165659=4, 22963709=1, 6138638=2, 28656939=1, 1038721=1, 27930991=4, 27802639=6, 25883333=1, 25888556=3, 21398864=2, 29719953=1, 14294660=4, 33345751=1, 3391115=2, 23341916=5, 28783039=3, 21392365=1, 15492104=1, 17240880=3, 22915644=2, 8966827=1, 9916521=1, 10247009=1, 22648385=2, 8662=13, 15195557=1, 15653891=1, 31566981=2, 28474075=1, 11819696=1, 23062710=1, 8204384=3, 22258061=2, 12570533=1, 14158065=6, 14089982=1, 31631120=2, 13046154=3, 20456482=6, 31663252=3, 2868969=1, 11302593=1, 4140556=3, 10139443=2, 19266747=1, 15564645=1, 25676184=1, 1765155=1, 3186137=2, 10652299=2, 31966316=1, 315883=1, 29068224=2, 28827120=1, 14269004=2, 22015628=1, 19241512=2, 4785993=3, 24286448=2, 24912256=5, 28299184=1, 5379413=4, 13160421=1, 27405023=4, 517436=1, 14041983=1, 23533278=3, 13980968=1, 18173752=1, 14625273=3, 3427116=1, 1099028=1, 8168123=2, 32789348=1, 3283525=4, 2931983=2, 24715890=3, 8452050=1, 26948849=3, 13126547=1, 19610286=3, 12395880=3, 11908114=2, 21008427=2, 7088523=5, 7451253=2, 29262495=2, 5408487=2, 10169496=3, 4200024=9, 26863629=1, 18435307=1, 17752548=1, 16616341=2, 4786536=3, 10120271=1, 24484404=2, 4667983=3, 14729854=1, 24713325=3, 8530812=4, 32915821=1, 11185401=2, 28964074=1, 662194=4, 7935186=3, 14711371=1, 10409639=1, 18340321=1, 10588514=2, 9766283=3, 14234831=3, 14565433=1, 14569716=1, 14040273=4, 14670287=1, 498711=2, 47759=2, 7420292=3, 19787252=1, 11969425=2, 21476218=2, 614519=1, 11568947=2, 22678482=4, 31892542=2, 24717761=3, 5585871=3, 15268921=1, 5478133=2, 10454394=2, 17282066=2, 23220662=1, 9094696=1, 10640981=1, 25554185=1, 3905049=2, 8090708=1, 14048712=1, 25817234=1, 12508611=1, 28943167=2, 16443778=1, 9287669=2, 10612335=1, 17964840=4, 29161097=1, 7466566=1, 14316182=1, 31163259=2, 6438505=4, 3446915=2, 14047838=1, 22508604=1, 26941417=3, 13299691=1, 2319261=1, 14363186=3, 3511805=2, 19738296=3, 14078891=1, 26912974=2, 24454262=3, 9421503=1, 14778622=2, 31336406=4, 403143=4, 11288273=5, 2599387=2, 23826893=2, 1241065=1, 31690849=2, 3222230=3, 7443071=2, 33108915=3, 2209883=2, 32559369=1, 32085665=2, 15179569=2, 19459594=1, 18095311=5, 18048677=1, 29940060=1, 18431276=3, 23649999=1, 11016741=6, 21644028=1, 25745084=1, 7499132=1, 11096023=1, 29072463=2, 33234452=3, 29082406=1, 32823665=1, 10595568=2, 13342642=2, 8116540=1, 19591819=1, 8032180=2, 29505438=4, 25584333=1, 32109069=1, 14262168=2, 6114193=1, 33071873=2, 29261364=1, 11268457=1, 30011071=1, 2056884=1, 8078581=1, 8203389=3, 16777913=11, 29719790=1, 16898704=1, 32317726=3, 12681138=1, 21320065=1, 23070361=8, 8090395=1, 13265083=1, 17163447=1, 23323140=1, 17636884=3, 11190630=1, 26740835=6, 31804702=1, 21285439=1, 17595255=1, 1957603=1, 18491585=4, 27100035=2, 12884515=2, 26603370=1, 7654911=1, 21419651=1, 23413989=1, 4174660=2, 4866458=1, 32612229=2, 17445125=4, 1406852=1, 28532538=1, 18593812=2, 29683167=1, 18241925=1, 21910691=1, 20771437=1, 11955159=1, 19682362=1, 16982317=3, 25638131=3, 27650008=1, 13741358=2, 21213646=2, 2320030=1, 32090792=2, 8532027=4, 28564847=1, 6030278=5, 30940156=6, 11483073=3, 3483779=3, 24510338=1, 4516550=1, 19821001=1, 27727684=3, 14681949=8, 20939883=2, 10540434=1, 6372984=3, 24733430=1, 6612335=1, 20726232=1, 5103156=1, 6220929=1, 28950942=1, 19718914=1, 6377533=1, 4949951=2, 29478275=1, 18887018=8, 31857079=4, 10721485=2, 22474383=1, 10390739=2, 9438773=7, 26671837=1, 12158239=2, 16203433=3, 15158952=1, 19618283=1, 19978751=1, 5400669=1, 30805712=4, 25261955=1, 9143749=2, 17223073=1, 30344229=3, 32534868=1, 7480940=4, 25399794=2, 33201267=2, 746674=1, 33326442=2, 24671074=1, 2786425=2, 27409257=4, 1341516=1, 1661674=1, 25134647=2, 9465145=1, 29880887=1, 21139148=2, 20138287=1, 7264236=1, 13033582=1, 7548230=3, 8255017=1, 22060416=2, 18921961=2, 1003629=1, 30945297=6, 30549030=4, 24384084=5, 12701280=1, 22064241=2, 32535477=1, 5085940=2, 5793846=1, 17227939=1, 12625518=2, 28486683=2, 12436245=1, 29869730=1, 691722=2, 29468075=2, 24262360=4, 736431=3, 28621380=2, 31845298=1, 9959220=1, 16374482=1, 1434605=1, 33077231=2, 13593447=1, 20562489=1, 4179159=1, 21366383=4, 855378=3, 9246441=3, 8283949=1, 24825972=1, 12688145=2, 16796843=1, 24281916=2, 5341221=2, 8108063=2, 15181452=2, 30461518=1, 13676376=2, 8881870=2, 30847022=2, 26299646=1, 10315105=1, 7322315=2, 11842114=2, 29119060=1, 8675710=1, 24733118=1, 28126455=3, 16486735=2, 1477712=2, 32089634=2, 25219641=1, 24589923=3, 28186039=4, 17274874=2, 6984347=2, 4977763=1, 8998090=1, 24186059=3, 32497258=1, 7103941=1, 30258721=2, 25306220=4, 30054762=2, 24299477=1, 12242479=1, 31789181=3, 21095524=1, 5826386=1, 14097565=3, 9345761=2, 11146942=4, 1956735=1, 20337254=1, 30149746=5, 3470427=1, 8563335=2, 29689864=3, 32036064=1, 31016135=1, 26853016=2, 24029165=2, 17344284=2, 6665076=2, 23917073=1, 26549182=3, 16827762=1, 12804544=1, 1914801=3, 32786095=1, 24339056=1, 14979000=2, 1643950=3, 25855402=2, 24570644=1, 28025468=2, 32945310=2, 32201471=1, 17116775=3, 940879=1, 30317760=2, 4884939=2, 3095299=3, 8688809=2, 5187632=3, 26741062=6, 8165977=2, 26908690=2, 2458531=2, 3182953=2, 26418531=3, 10148171=1, 8409525=1, 31208713=5, 24778784=4, 6292467=8, 24327750=3, 9685252=1, 7939661=3, 3290032=4, 2894543=5, 15441602=2, 31222575=1, 18737681=1, 25771275=3, 8992374=3, 990076=3, 18173824=1, 22917393=2, 16799755=1, 10092744=4, 5131857=1, 7058037=2, 15087807=4, 28833247=1, 20370739=1, 887194=2, 10011053=1, 16272132=1, 25947715=1, 23800592=3, 29759843=4, 2308416=3, 11806112=5, 27084758=1, 3377685=2, 7168413=1, 9104988=1, 13046954=3, 12584805=9, 5356443=2, 32539107=2, 203290=3, 32214252=2, 446722=1, 12629368=2, 26488551=5, 15538445=3, 9276741=2, 9645922=3, 18284955=3, 31420877=1, 16929812=1, 31153716=1, 15791256=1, 18784452=2, 19737389=3, 26789530=1, 9815255=1, 11434684=1, 2792020=2, 5476543=2, 3719436=1, 27255506=1, 5761471=1, 7426247=1, 9806322=2, 28235039=1, 33549488=1, 24256337=4, 15912631=1, 31941493=1, 28153266=2, 32856952=1, 4219041=1, 22948521=4, 14917882=2, 1919962=1, 23590352=1, 21397742=2, 10437847=1, 2401972=2, 23861474=5, 3293335=1, 32411614=2, 13160095=1, 11793246=1, 3832835=1, 16346804=1, 28520727=3, 17703533=4, 31280146=1, 24398036=1, 9239366=1, 19149379=5, 21302141=3, 6635932=1, 29853897=2, 29388242=1, 4850698=4, 10026591=1, 31663830=3, 4085271=1, 13071353=1, 19771021=2, 26046873=1, 14869266=1, 7013981=3, 29505152=4, 9108989=1, 22563538=1, 18488009=4, 25428155=5, 27443005=2, 18065546=2, 32979556=3, 33310414=1, 18480115=1, 28325819=7, 25939525=1, 33288310=1, 14846286=2, 28025650=2, 19256626=1, 32809235=2, 16572619=1, 14522483=2, 29614260=1, 5059087=3, 15489676=1, 6646210=1, 28246397=3, 18803014=1, 31578983=1, 32642830=4, 17231018=1, 25603951=2, 7233204=1, 29410039=1, 26313356=2, 17461735=1, 5571131=3, 4680202=1, 25379805=1, 5032516=1, 3307240=1, 13926130=1, 28279278=2, 15821571=1, 27059541=1, 6980241=2, 21983326=1, 17456579=1, 8753047=2, 3486750=3, 27971130=1, 31455454=1, 20407753=1, 8435527=2, 25454202=1, 16554583=2, 18158921=3, 19353532=1, 22598901=1, 23224382=1, 33000724=2, 9554449=1, 23898318=2, 21822335=1, 27209457=3, 5174626=1, 2770418=1, 33044639=6, 3991587=1, 7508588=2, 32632583=1, 31201325=5, 8896875=1, 5704446=3, 17574255=5, 870366=1, 2161074=1, 15020653=3, 17648388=1, 3027916=4, 20349232=2, 30617415=3, 9846806=1, 27610627=1, 15669084=3, 11303744=1, 10923351=2, 22515977=2, 17856697=1, 11739532=3, 6325049=2, 28780852=3, 13047010=3, 8313001=1, 20130514=3, 13663556=1, 1582331=6, 23623466=1, 4852977=4, 13000373=1, 32999760=2, 31150947=1, 31511304=1, 32872638=2, 14122761=1, 5924716=1, 14856403=2, 25921416=2, 25844739=1, 14738481=1, 33188594=1, 25795352=2, 20457259=6, 30298481=1, 2889604=5, 32709882=3, 28875498=2, 10382234=1, 18185888=1, 1750127=2, 1087293=2, 19248033=2, 19099463=1, 10479334=1, 5181696=3, 672736=1, 28269640=1, 26458139=2, 3217842=3, 30616490=3, 5680476=2, 17086345=2, 30387284=2, 32143832=1, 31988941=6, 6411508=1, 20676247=1, 24410661=1, 24198953=3, 20042926=1, 3216936=3, 3791007=1, 29989466=2, 13637320=7, 29374589=9, 7388325=2, 20071464=1, 12809993=1, 25872000=1, 31178939=1, 158824=1, 22351846=3, 27094144=1, 19714260=1, 7264766=1, 1131554=1, 3695241=1, 24679295=2, 23462956=4, 12160070=2, 3860538=1, 9076355=1, 7296602=1, 2588327=1, 22185766=2, 364771=2, 20365725=1, 15508835=2, 14201973=2, 12735765=1, 16260782=6, 21411418=2, 3620439]=3}&gt;" type="org.junit.ComparisonFailure"><![CDATA[org.junit.ComparisonFailure: expected:<...Prime: 6 register: {[2931983=2, 2320030=1, 16990254=1, 21366383=4, 29153662=1, 20234602=1, 32139645=1, 5226675=1, 16780673=11, 22857124=1, 12113542=1, 6088726=1, 13419786=1, 4437624=2, 21889755=4, 15108436=2, 30967607=2, 25430815=5, 15862743=4, 17752548=1, 3451121=2, 11725599=1, 2868969=1, 16515883=5, 1889080=1, 15568558=2, 21799441=2, 20942206=2, 31330875=4, 12611796=1, 3617081=3, 4850698=4, 20457259=6, 28279278=2, 23080943=8, 22199377=2, 15494830=1, 25091884=1, 1406852=1, 28669604=1, 20065285=4, 17461735=1, 27185040=1, 30549030=4, 1946816=2, 19872312=3, 29309272=3, 5174626=1, 13552656=1, 6186326=1, 32872638=2, 7314104=2, 33281079=1, 822832=2, 18173752=1, 22638226=1, 33100910=3, 30315529=2, 26379332=2, 33275999=1, 23323140=1, 8356116=2, 28706075=4, 8288703=1, 25087794=1, 17947512=1, 23068809=8, 5214456=2, 12308804=1, 28827120=1, 2183550=1, 27604938=3, 26047555=1, 13876489=2, 1246529=3, 2401972=2, 28555405=2, 130744=1, 1251768=3, 5187632=3, 3709885=2, 24602970=1, 15268921=1, 32520904=7, 12256938=3, 21983326=1, 887194=2, 24351483=2, 26906077=2, 11375261=2, 1417510=2, 13912405=1, 23345662=5, 16568818=1, 20006598=1, 28110610=1, 19048043=2, 17755943=1, 9766283=3, 15020653=3, 28780852=3, 23533278=3, 25939525=1, 14625273=3, 25096767=1, 33204292=2, 23861474=5, 7891463=1, 28609469=2, 10245584=1, 30344229=3, 15984220=1, 9633695=1, 25544914=1, 7420292=3, 22848036=2, 24671074=1, 25218230=1, 30893179=1, 11847208=1, 10382234=1, 5521783=1, 9231094=1, 18396003=2, 24589923=3, 7484059=4, 31611366=1, 4839446=1, 17859736=2, 29525707=2, 19028573=1, 6550484=1, 24339056=1, 764183=2, 29482009=1, 25261955=1, 691722=2, 28057554=5, 14569716=1, 11857965=1, 2219904=1, 30754606=1, 18347233=1, 507367=2, 4786536=3, 11689812=1, 21320065=1, 9602199=2, 27666480=4, 22736268=1, 25848394=1, 17425877=1, 1898832=1, 8204384=3, 25050673=4, 15260512=1, 789495=5, 29720788=2, 3470427=1, 27802639=6, 25669594=2, 21175039=3, 5916690=1, 27610627=1, 21910691=1, 13020628=2, 11174947=2, 25786254=1, 21267729=2, 14950099=5, 6891247=3, 24836152=1, 23800592=3, 16534198=1, 8287991=1, 3390336=2, 6810520=1, 31465143=8, 16710281=1, 95032=1, 24384084=5, 12919407=3, 29161097=1, 1794876=1, 21392365=1, 6486888=1, 3097661=1, 4949951=2, 14418049=5, 19856081=1, 24565350=1, 27478278=1, 9416778=2, 16793438=11, 9701257=5, 32559369=1, 17127668=1, 28505831=1, 8896875=1, 6635657=1, 16689828=2, 31789181=3, 1357180=2, 12217584=1, 10383898=1, 5094524=2, 2115787=1, 1703227=1, 21863844=2, 15441602=2, 9465145=1, 589476=1, 3893031=1, 22093532=3, 31420877=1, 16272132=1, 23005068=3, 13857652=1, 29759843=4, 335570=3, 31845298=1, 18737681=1, 18079652=1, 10388954=2, 12199719=4, 7967883=2, 26259201=2, 9959220=1, 17456579=1, 14648867=2, 9345761=2, 30272217=1, 11132487=1, 13000373=1, 23066993=1, 5059087=3, 28079943=1, 17703533=4, 31631120=2, 4892119=2, 10595568=2, 7986521=1, 7710501=2, 28989434=1, 30217820=3, 29682107=1, 9586971=1, 22582332=2, 7635837=2, 23819431=1, 10691005=3, 16554583=2, 16374482=1, 29630936=5, 2239074=4, 21548819=1, 9360539=1, 16714096=3, 27931552=4, 9384940=3, 3277046=4, 1241065=1, 31564171=2, 20970594=1, 6156016=1, 18065546=2, 334181=3, 24292056=2, 18987303=2, 24678827=2, 20158642=2, 4438276=2, 13003486=1, 11463708=1, 17690864=1, 12969560=1, 25450860=1, 11842114=2, 12389585=3, 28661436=1, 28461252=1, 3238712=1, 29777509=1, 5871264=2, 8235337=2, 32806396=2, 4085271=1, 20846175=4, 1724470=1, 32964819=3, 18055965=2, 25219641=1, 25999127=2, 25771275=3, 31308837=2, 6147256=1, 21411418=2, 26458139=2, 14389532=2, 26178412=1, 14047838=1, 25855402=2, 31915469=1, 10716622=2, 3328700=1, 27059541=1, 20700463=1, 9763027=1, 13959700=3, 20971445=1, 3552779=4, 21534227=2, 7506997=2, 9834845=4, 30638294=2, 28623498=1, 27344250=3, 27344633=3, 16777913=11, 15195557=1, 11990907=1, 9104988=1, 30616490=3, 3186137=2, 19796060=4, 17163447=1, 10148171=1, 32468394=1, 8108063=2, 26299646=1, 11016741=6, 9544406=2, 20613538=2, 14234831=3, 1765155=1, 32289619=2, 22444840=1, 6540086=1, 3071715=1, 22873225=3, 4283749=1, 78956=3, 31163259=2, 27288312=1, 22316490=2, 27113613=2, 28186039=4, 21095524=1, 6490162=3, 11512007=2, 28994899=1, 8301409=2, 25584333=1, 11887816=1, 11259827=1, 746674=1, 9061108=1, 21298299=1, 10712882=1, 16727343=3, 6671982=1, 5682373=2, 15918490=1, 14074085=1, 2368673=5, 6039185=5, 27625701=2, 27328828=3, 5379721=4, 6425156=4, 4020434=1, 29013973=2, 2308416=3, 19436185=2, 4179159=1, 18095311=5, 17275732=2, 23334805=5, 5813891=2, 20581141=4, 3826609=1, 31205180=5, 16796843=1, 30011071=1, 28564847=1, 13265083=1, 21058788=1, 263073=5, 26551362=3, 18488009=4, 3434548=1, 19490233=1, 14991313=2, 17296714=1, 25819261=1, 31498675=2, 4065189=4, 21822335=1, 1919962=1, 13413803=2, 2790377=2, 15946938=1, 33044639=6, 2786425=2, 29410793=1, 16203433=3, 12804544=1, 16637666=1, 30655995=1, 26912974=2, 422657=1, 11897115=2, 5817116=1, 16758914=2, 31552749=1, 14290382=4, 24568664=1, 21115905=4, 6030278=5, 23288923=1, 26386712=2, 11290105=1, 18303109=1, 25638131=3, 31184804=1, 11568947=2, 12260709=3, 27869916=1, 13287910=1, 20558101=2, 2751636=1, 5642187=4, 15789279=1, 523859=1, 27809960=1, 148411=1, 29109682=5, 27268285=8, 31871585=1, 8353316=1, 8283949=1, 27392324=1, 15778490=1, 24198953=3, 15831830=2, 3283525=4, 2997052=2, 5680476=2, 3293335=1, 10588514=2, 14041983=1, 8675710=1, 18635104=1, 8090708=1, 30526032=1, 7465379=1, 31966316=1, 32612229=2, 29573978=1, 1045616=1, 32344842=2, 16624677=2, 32036064=1, 15746430=1, 4922256=3, 25831874=4, 11288273=5, 31222548=1, 22433369=1, 30617415=3, 22146134=1, 9848558=1, 16285896=2, 15206015=6, 28621380=2, 26089769=4, 14294660=4, 4806288=1, 21534796=2, 13712185=3, 24717761=3, 8998090=1, 21133871=1, 22015628=1, 9450917=7, 23691258=1, 24585146=3, 19618283=1, 14497533=3, 23883220=1, 28203882=1, 30305202=1, 25805530=1, 31690849=2, 27167984=2, 29388242=1, 14201973=2, 21813685=1, 5523248=1, 31695612=2, 15071813=1, 26146555=1, 7121235=2, 14433865=5, 13697846=3, 2441700=1, 6624812=3, 20888347=2, 29330576=2, 11246197=2, 7585059=2, 4291549=1, 11235475=1, 17801306=2, 26198487=1, 9088786=2, 22563538=1, 18938452=1, 8966827=1, 13624405=1, 22958892=1, 16027274=2, 9094696=1, 15208820=6, 269072=5, 3695241=1, 10426605=3, 7296602=1, 2866860=2, 23898318=2, 19183394=2, 16572619=1, 28858606=1, 11293518=1, 878298=1, 4879303=1, 2889604=5, 6582812=1, 13855976=1, 1324618=5, 20195241=5, 6372984=3, 26908690=2, 14574711=1, 14565433=1, 7996768=4, 24186059=3, 15131764=1, 14778622=2, 14056918=1, 14286523=1, 25617429=1, 3850938=1, 19143114=5, 26650866=2, 2037456=3, 10896791=1, 16614955=2, 14013836=1, 17376209=3, 16950491=2, 29853897=2, 23163346=1, 30905479=2, 10306034=1, 21416657=1, 3034637=1, 33434934=4, 15645111=2, 7740835=4, 22843424=2, 13565836=1, 27452930=1, 3818747=1, 18185888=1, 21272397=2, 3010020=1, 16137063=4, 32545455=2, 3321465=2, 3680683=6, 446722=1, 26510850=2, 15492104=1, 13936151=2, 17274874=2, 17289424=1, 31235781=2, 32945310=2, 18013585=1, 12402680=3, 32726147=1, 25260122=1, 21745905=1, 23590352=1, 15489676=1, 10817568=3, 27183381=1, 16817643=2, 12909112=1, 19042368=2, 26064606=2, 5740168=2, 23133149=1, 3237913=1, 21494494=1, 30181043=2, 21149216=2, 24931857=1, 24531471=1, 28669251=1, 19358181=1, 15917915=1, 23088124=1, 13926759=2, 16483609=2, 19000634=1, 26259800=2, 9675346=2, 3905049=2, 26941417=3, 25538950=2, 22917393=2, 26046873=1, 3307240=1, 25836729=4, 20352035=2, 29001081=2, 14793574=2, 28126455=3, 14951424=5, 27884274=1, 17889862=1, 9320899=4, 15142137=3, 18659058=2, 13637320=7, 28505210=1, 18173824=1, 7282959=3, 19305187=2, 17231817=1, 14416010=1, 30945297=6, 17384563=1, 25882293=1, 12361296=2, 30149746=5, 19695734=2, 19591819=1, 3496498=1, 13033582=1, 30604707=1, 14869266=1, 14846286=2, 9130177=1, 4087997=1, 24778784=4, 22548128=6, 33410312=1, 25585859=1, 2195214=1, 118057=1, 21658648=1, 3626940=1, 3300214=1, 28409266=1, 22120011=2, 19709959=1, 6936587=1, 18593476=2, 809552=1, 5102229=1, 28656939=1, 17508945=3, 12297985=2, 1038607=1, 17848884=1, 21172193=3, 17231018=1, 1164818=1, 11630622=1, 17979387=1, 5710182=3, 7860310=1, 6495258=3, 7928350=1, 12221580=1, 27971130=1, 15741376=7, 26647300=2, 13530020=1, 7741368=4, 29683167=1, 19256626=1, 5802637=2, 18959262=1, 32317726=3, 18135269=2, 33016641=1, 23045594=2, 21139148=2, 26928030=1, 31136612=3, 8256909=1, 7173524=1, 1957603=1, 28254067=3, 23950632=1, 8227490=2, 24128703=7, 12440652=1, 23070361=8, 5085940=2, 14149550=1, 20448057=6, 14040273=4, 21716778=1, 10718321=2, 26249640=2, 17369825=3, 18662689=1, 8662=13, 26987705=1, 16616341=2, 31209794=5, 9787004=1, 4092344=1, 32064441=1, 31909015=1, 9220035=2, 19787814=1, 24384135=5, 11303744=1, 20427125=2, 315883=1, 32072602=1, 15431256=1, 1956735=1, 13096896=1, 16254931=6, 12534763=1, 21830532=3, 7273914=1, 12287293=1, 10159007=3, 16639393=1, 3938380=5, 21708921=1, 28940925=2, 31980401=1, 10098974=4, 16062417=3, 29614260=1, 736431=3, 23301762=2, 20408821=1, 23917073=1, 11538986=7, 18065688=2, 21850326=1, 20365725=1, 3743137=3, 28123581=3, 831936=2, 21842500=1, 22894968=1, 4613029=1, 28861691=1, 1492898=1, 29262495=2, 18296964=3, 16611618=1, 21791330=2, 23678216=1, 23663882=3, 17235358=1, 14536798=1, 2231301=4, 13117154=6, 3006148=1, 28556636=2, 4829866=2, 29468075=2, 10855959=2, 32709882=3, 1016410=2, 33541781=1, 12570533=1, 10923351=2, 8310556=1, 20922851=1, 15656996=1, 32835774=3, 8458350=3, 11310775=2, 17223073=1, 16994107=1, 12036033=2, 32525268=1, 11179178=2, 33345751=1, 8207004=3, 33493278=3, 971739=1, 33234452=3, 27555550=1, 16827762=1, 26655695=2, 18755564=4, 24825972=1, 12776871=1, 20407753=1, 25134647=2, 7804927=3, 31272320=3, 32272897=1, 33351089=1, 31313722=1, 25883333=1, 20071464=1, 5356443=2, 22209223=1, 30462502=1, 6646210=1, 12000460=3, 23224382=1, 158824=1, 350497=1, 24702744=1, 13583975=1, 22826162=1, 18385980=2, 31252924=1, 23112846=2, 12333201=5, 28068401=1, 25398447=2, 14856403=2, 19037981=1, 30458482=1, 1436514=1, 29072463=2, 5689115=1, 25554185=1, 23993207=4, 11484110=3, 31150947=1, 16870650=1, 15821571=1, 2134511=2, 21525104=1, 28486683=2, 267676=5, 6321678=1, 24733118=1, 32786095=1, 6340939=1, 31153716=1, 19241512=2, 32809235=2, 28875498=2, 30599477=1, 25400411=2, 29869730=1, 14749718=3, 23631445=2, 27772031=1, 9421503=1, 1003629=1, 28791716=1, 24795234=1, 20831824=1, 26293991=3, 3881958=3, 5181696=3, 8440884=1, 4533489=3, 31492233=2, 3884170=1, 20347412=1, 23384072=1, 25718893=1, 5198417=1, 19821001=1, 18735977=1, 27802086=6, 9760483=1, 8708089=1, 25327403=1, 20813075=2, 933644=4, 21113131=4, 8041641=2, 15034131=1, 33326442=2, 8283253=1, 10737524=1, 22156529=4, 3252911=2, 17574255=5, 26498960=1, 17595255=1, 17156027=1, 19052478=2, 16654775=4, 29719953=1, 811851=1, 216936=1, 27489841=1, 19778103=1, 21567429=3, 7139920=1, 23467465=4, 10011053=1, 26902384=1, 32632583=1, 25817234=1, 19737389=3, 26857426=1, 25531329=2, 7833961=2, 26550463=3, 28752366=2, 24766497=1, 32928682=1, 1954231=1, 7581157=2, 16608106=1, 3047261=1, 32915821=1, 21758216=5, 33188594=1, 31325457=1, 4302796=2, 14326966=2, 13081391=2, 806236=1, 6980241=2, 23293916=1, 26527501=1, 1715891=4, 29370167=9, 12629368=2, 23454318=1, 1216067=2, 28474075=1, 11185401=2, 14048712=1, 22855747=1, 8992374=3, 19537853=4, 26488551=5, 18561373=3, 2387658=1, 19208194=3, 27812481=1, 16542688=1, 19809275=1, 30232348=1, 32246108=5, 10612335=1, 1549953=2, 32201471=1, 2792020=2, 31857079=4, 23110513=2, 32221600=2, 25101702=3, 4597003=4, 8988380=3, 28974246=4, 2319261=1, 4200024=9, 22351846=3, 29938132=1, 6490225=3, 31329671=4, 11955159=1, 26947316=3, 8604248=1, 27603677=3, 18388367=2, 22069036=2, 32214209=2, 5924716=1, 25343602=2, 4674407=1, 11724649=1, 4413228=1, 31190965=1, 11852060=1, 12584805=9, 23463879=4, 9645922=3, 2705479=1, 17197501=1, 4054245=1, 17636884=3, 24709622=3, 12242479=1, 8174444=2, 19149379=5, 7017303=3, 12395880=3, 31578983=1, 29807017=1, 16799755=1, 15179569=2, 19787252=1, 27409257=4, 15397009=1, 18709786=1, 10224489=5, 15312986=2, 8249649=1, 22654108=2, 16887315=2, 32090792=2, 11779461=2, 27443005=2, 26409194=1, 3642513=2, 24012843=1, 10092744=4, 14869664=1, 22092837=3, 23341916=5, 24807767=2, 13069998=1, 15690167=1, 25825823=4, 28468351=1, 3095299=3, 21246687=5, 13323389=1, 15181452=2, 3193612=2, 3599756=1, 16422611=2, 7333019=1, 8753047=2, 16904527=1, 12144244=1, 31676478=1, 21420700=1, 29436429=3, 11969425=2, 17951223=1, 1257556=3, 29484596=1, 19978751=1, 13614031=2, 10120271=1, 18936643=1, 26276195=1, 20570987=1, 31566981=2, 9891608=1, 1556213=2, 24445366=3, 10315105=1, 13593447=1, 7110270=1, 3954121=1, 30735876=1, 32747444=2, 6133000=2, 21251886=1, 4052665=1, 9614537=2, 8795839=4, 7548230=3, 25788851=2, 25263136=1, 21543075=2, 2159262=1, 24410903=1, 21309218=3, 3791007=1, 25795352=2, 18011444=1, 27384820=1, 25428155=5, 3719436=1, 32779468=5, 4866458=1, 12393046=3, 5271611=1, 4884939=2, 5938561=2, 3017272=4, 91948=1, 15238806=2, 27224383=1, 11739532=3, 16801307=1, 33458460=2, 26801279=1, 6966159=1, 27094144=1, 10961145=1, 22613010=3, 28299184=1, 13766633=4, 20902874=1, 30482857=3, 29057152=1, 32856952=1, 8168123=2, 2599387=2, 14213514=1, 31280146=1, 24398036=1, 1478018=2, 25883685=1, 17436735=4, 18363573=6, 31941493=1, 600842=3, 32675777=2, 14665837=1, 18683583=3, 22598901=1, 23808996=1, 23152535=1, 22648385=2, 14122684=1, 26726904=1, 7233204=1, 19936966=7, 23665323=3, 27255506=1, 27201139=3, 24968148=1, 21213646=2, 2178295=3, 26443304=1, 31627816=2, 13051755=3, 3222230=3, 4283818=1, 32033626=1, 12160070=2, 13931365=2, 7168413=1, 24715890=3, 33214684=1, 10437847=1, 15158952=1, 27111481=2, 31892542=2, 23245552=2, 7377976=2, 21958752=3, 16898309=1, 8119074=1, 5000456=1, 788066=5, 18833325=1, 11101372=1, 15484495=1, 2969501=1, 19975203=1, 1722956=1, 6132893=2, 24452539=3, 19248033=2, 28679234=2, 9864890=2, 21214531=2, 8378199=1, 20710940=5, 13284004=2, 12024898=1, 27953159=2, 21275235=2, 29261364=1, 14522483=2, 6984347=2, 7013981=3, 18513639=1, 22515977=2, 3290032=4, 13720192=1, 17747241=1, 3248182=2, 11758573=1, 25859540=2, 4839470=1, 7637571=2, 9953388=1, 18229648=4, 19714260=1, 18241925=1, 8116540=1, 7617988=5, 25974755=1, 3896174=1, 11724937=1, 14729854=1, 27894062=2, 803625=1, 23062710=1, 19246625=2, 10666364=1, 26733042=1, 8078581=1, 8503495=1, 22440711=1, 402175=4, 27939821=1, 10648701=1, 8313001=1, 9438773=7, 23187290=1, 9599568=1, 4737948=1, 498711=2, 8799909=1, 17097209=1, 5971854=3, 14979000=2, 11569212=2, 17926646=2, 19795553=4, 1116585=3, 13018024=2, 29491459=4, 1828439=1, 15731441=7, 15807580=3, 3839994=2, 2929089=2, 25622017=1, 3511805=2, 4161687=2, 22185766=2, 11974907=2, 29940060=1, 31716962=1, 5408487=2, 12320676=1, 31585208=1, 4707220=1, 8261157=4, 15597405=1, 26740835=6, 13209352=2, 21424394=1, 24484404=2, 5250170=7, 21302141=3, 27408290=4, 13451936=1, 23489555=1, 8688809=2, 14901648=1, 23623466=1, 10026591=1, 31253073=1, 31949291=2, 3402473=1, 7142380=1, 18921961=2, 28325819=7, 16337200=1, 2209883=2, 7443071=2, 27650169=1, 7264766=1, 21365364=4, 30289254=4, 33072483=2, 28937933=2, 32198920=1, 17323918=1, 15747512=1, 3070517=1, 7478801=4, 15199488=1, 21840360=1, 10139443=2, 47759=2, 27100035=2, 29853176=2, 11711709=2, 30137766=1, 27654901=1, 14363186=3, 26544912=3, 25947715=1, 7037421=1, 5032516=1, 4265426=3, 10514971=1, 4261730=3, 21922110=2, 9361323=1, 29689864=3, 7103941=1, 17282066=2, 9942606=2, 31201325=5, 24299477=1, 1038721=1, 1459877=1, 23856236=5, 2894543=5, 7451253=2, 29589931=2, 19938712=7, 24482099=2, 8790335=4, 31511304=1, 14316182=1, 9802056=2, 347821=1, 30298481=1, 8800084=1, 21889686=4, 11096547=1, 2458531=2, 21725365=2, 32535477=1, 7148951=3, 32925618=1, 7654911=1, 19718914=1, 11207046=3, 13244358=4, 18284955=3, 28440121=1, 32999760=2, 6584093=1, 30578879=2, 20042926=1, 25931343=2, 24349623=2, 4682884=1, 20370739=1, 8792975=4, 3939343=5, 14230024=3, 6635932=1, 6287129=1, 19630819=2, 12329289=5, 2588327=1, 599681=3, 3706595=2, 12202023=4, 10496122=8, 24256337=4, 1771078=3, 5131803=1, 3483779=3, 10276554=1, 21008427=2, 22678482=4, 11569032=2, 1373698=1, 440691=2, 3463259=1, 30967438=2, 28306675=1, 5584187=3, 26671837=1, 13980968=1, 7331941=1, 22742325=3, 21354584=1, 18168803=3, 4610293=1, 216963=1, 22068340=2, 4437904=2, 29553742=1, 7426247=1, 9390897=1, 17573346=5, 18158921=3, 8165977=2, 26863629=1, 7480940=4, 22963709=1, 14738481=1, 16283255=1, 28153266=2, 1866078=1, 25306220=4, 13743999=2, 9524516=1, 22924848=1, 29997717=2, 13422190=1, 28783039=3, 8579301=1, 26238643=1, 8154695=1, 3188148=2, 1477712=2, 4680202=1, 30317760=2, 21208287=2, 18420923=3, 32089634=2, 9242940=3, 27720050=1, 8366799=2, 23548025=1, 26371277=1, 18435307=1, 28833247=1, 8409525=1, 15275192=3, 4317001=1, 2375399=5, 32221330=2, 13858289=1, 19700117=2, 25603951=2, 19099463=1, 9205806=1, 4977763=1, 19266747=1, 26152299=3, 8715142=1, 2783815=1, 23831708=2, 31579520=1, 14859069=2, 12884515=2, 24912256=5, 1087293=2, 32823665=1, 28966879=1, 9060050=4, 18956070=3, 13592790=1, 1099028=1, 6612335=1, 29253745=1, 9027426=2, 5476543=2, 19864529=3, 31268795=3, 8126950=5, 24079729=1, 24061387=3, 13997898=2, 18436446=1, 12098225=2, 22508604=1, 12230974=2, 20562489=1, 13828760=3, 9791399=1, 32085665=2, 11155645=4, 17701842=4, 14786970=2, 3364762=1, 23768266=2, 7901577=2, 25270145=2, 9076355=1, 9599237=1, 20576213=1, 10825247=3, 9246441=3, 2409995=1, 31939121=1, 32695447=1, 23803508=3, 12710127=1, 20676247=1, 20456482=6, 7545166=3, 24713325=3, 4120285=1, 22064241=2, 18013020=1, 20214670=1, 28716109=4, 17607988=2, 21135778=2, 8646443=1, 17609730=2, 30629896=1, 11048714=2, 16810604=2, 4192417=1, 24513290=4, 31804702=1, 12198816=4, 14699847=1, 9922593=1, 32548393=2, 31421927=1, 4201969=9, 3217842=3, 1434605=1, 18340321=1, 5400669=1, 5002649=1, 20397636=3, 19219695=1, 7508316=2, 32612311=2, 29880887=1, 32056096=3, 15593894=1, 5107017=1, 15786393=1, 11365478=1, 12735765=1, 31732406=5, 16450439=3, 1503293=1, 8599068=3, 12967658=1, 10540434=1, 12681138=1, 7840371=2, 2802682=1, 3318760=2, 33077231=2, 26789100=1, 10462421=2, 30054762=2, 18669571=1, 5131857=1, 6138638=2, 33549488=1, 4282231=1, 517436=1, 21650150=1, 9815255=1, 22471185=1, 8487750=2, 17856697=1, 11268457=1, 3420709=5, 990076=3, 18121459=2, 31670133=3, 30491418=1, 15538445=3, 6665076=2, 23220662=1, 25654631=1, 20246111=1, 2281904=1, 1551248=2, 4785993=3, 14750000=3, 19498049=2, 17648388=1, 1730045=1, 3836801=2, 14262168=2, 18431276=3, 12893328=2, 29505152=4, 5092208=2, 12350814=1, 33013841=1, 24281916=2, 27185261=1, 7051696=2, 25492384=1, 32252512=5, 21634248=4, 31617985=1, 12456928=4, 4526222=3, 16019940=1, 18282678=1, 30496773=1, 32534868=1, 12026502=2, 31943195=1, 9562336=1, 15340395=4, 24432836=1, 14147541=1, 8197863=3, 31988941=6, 8255017=1, 29702209=3, 14840018=1, 17205229=2, 21397742=2, 30719604=2, 16719749=3, 16994809=1, 29428268=3, 27666898=4, 29428572=3, 31219611=1, 14269004=2, 26505769=1, 17344284=2, 15096189=1, 1661674=1, 27920434=4, 17694750=4, 6120763=1, 10339497=1, 884963=2, 29119060=1, 2074821=2, 26781100=2, 11096023=1, 17932147=2, 7368684=1, 1582331=6, 17129908=1, 534468=6, 18784452=2, 33071873=2, 19966565=2, 28096569=2, 22258061=2, 445421=1, 25829642=4, 19083408=3, 30100982=1, 3927405=1, 11024639=6, 8530812=4, 28925022=1, 16846706=3, 14711371=1, 4887496=2, 5761471=1, 9681905=2, 5704446=3, 24034198=2, 22363432=3, 8803663=1, 13421765=1, 3446915=2, 10930278=1, 10846658=2, 23197107=1, 5454827=3, 9806441=2, 14149650=1, 33526939=2, 16260782=6, 5989981=1, 1285728=2, 16242257=1, 16823670=2, 32109069=1, 16609009=1, 22348683=3, 30395603=1, 3121702=2, 31222575=1, 16309130=1, 7935186=3, 27209457=3, 28807070=2, 30134006=1, 672736=1, 33267517=2, 10214193=1, 4565220=2, 5006384=1, 11505582=2, 29830962=3, 5565992=1, 9640163=3, 17031023=1, 721654=3, 31227701=1, 21138070=2, 11140905=1, 23690908=1, 26886735=1, 1368020=1, 14078891=1, 25145892=2, 10492545=8, 5103156=1, 20726232=1, 29471384=2, 30357645=3, 2756079=4, 32789348=1, 21199871=1, 10409639=1, 30354988=3, 15496522=1, 21351828=1, 16501187=1, 6416091=1, 22792096=1, 4264350=3, 9884162=1, 1487847=2, 11650368=1, 11627233=1, 11908114=2, 988892=3, 14071657=2, 12268775=3, 24546939=2, 28642607=3, 28245836=1, 6263968=2, 6411508=1, 6114193=1, 3377685=2, 22736529=1, 4005537=3, 5989805=1, 15653891=1, 13046736=3, 27405023=4, 12508611=1, 3445967=2, 10149080=1, 22258815=2, 229572=2, 16838875=1, 31679182=1, 28246397=3, 614519=1, 11153300=4, 25454202=1, 4370520=2, 25711111=1, 26534467=1, 5264774=1, 9595828=1, 1892253=1, 8912454=1, 24402607=1, 23823796=2, 18480115=1, 32539107=2, 6292467=8, 29007717=2, 7179006=2, 18491585=4, 7408747=3, 16346804=1, 2697886=3, 32834468=3, 31718127=1, 3391115=2, 32497258=1, 4138095=3, 5961481=1, 10879009=4, 9085272=2, 19445322=2, 6387302=1, 22839857=2, 10651430=2, 7322315=2, 5657909=1, 25767217=3, 2972835=1, 16362780=2, 30231424=1, 4516550=1, 8145277=1, 30667002=1, 13047010=3, 30069215=1, 24514103=4, 11431705=1, 17445125=4, 12809993=1, 6134962=2, 25490128=1, 31006403=3, 23854067=1, 29989466=2, 33201267=2, 27293612=1, 4039000=2, 13046954=3, 4353623=1, 28202695=1, 33434591=4, 14368001=3, 30966317=2, 10052636=1, 9806322=2, 12943847=2, 19682362=1, 28808733=2, 28884392=2, 26899241=1, 29505438=4, 17661587=1, 26645156=2, 30353461=3, 589993=3, 31663830=3, 23586586=1, 19353532=1, 33000724=2, 30245420=2, 15821960=1, 11819696=1, 30246010=2, 4239522=2, 3365706=1, 6094577=1, 12676224=1, 29096948=1, 27500555=2, 15003007=1, 7466566=1, 33540507=1, 2056884=1, 834228=2, 5131351=1, 27727684=3, 11211311=3, 2045200=3, 4121738=1, 22894253=1, 15508835=2, 15336114=4, 1850740=5, 21679382=1, 28920452=1, 20337254=1, 29201243=2, 30614704=3, 26070930=1, 4746647=1, 16637721=1, 6011350=2, 10118791=1, 1341516=1, 29017635=1, 5746571=2, 14122614=1, 28964074=1, 28850073=6, 25745424=1, 20868969=1, 478139=1, 23323819=1, 9454186=1, 12436245=1, 30258721=2, 12413126=1, 16929812=1, 25904766=1, 24114813=1, 2770418=1, 13299691=1, 8058243=1, 28147649=1, 30387284=2, 5908959=4, 23810866=1, 33254110=1, 32315879=3, 28950942=1, 14681949=8, 8332984=3, 3318014=2, 26706507=2, 3229838=1, 10303280=3, 13013383=2, 4903383=1, 13249769=4, 16293073=2, 3360039=1, 21476218=2, 20571903=1, 32320927=3, 3339014=1, 6658292=2, 13071353=1, 28362788=1, 10336727=2, 3310964=2, 1571379=1, 18984532=2, 13216249=2, 8203389=3, 33181370=1, 32411614=2, 27933226=4, 20848322=4, 9685252=1, 5478133=2, 26603370=1, 29707869=1, 8579024=1, 9239366=1, 24771861=1, 16762778=1, 8435527=2, 1337768=1, 20063632=4, 6283277=1, 30820872=1, 20941777=2, 24943588=2, 17419465=1, 9846806=1, 32143832=1, 15974334=2, 27084758=1, 4351323=1, 10832742=1, 25213738=2, 25399794=2, 32526340=1, 9771476=3, 30110855=1, 5341221=2, 24472292=1, 33281176=1, 3474924=3, 25374223=3, 938516=1, 3320810=2, 25844739=1, 32912852=4, 4092460=1, 26649064=2, 9287669=2, 3486750=3, 2095759=1, 28532538=1, 2429148=3, 29565180=3, 8973027=1, 16643109=1, 29281418=1, 20969327=1, 29410039=1, 29895541=6, 13772401=4, 29627078=5, 13676376=2, 22883668=3, 12436281=1, 29068224=2, 6325049=2, 14134737=2, 2112064=8, 22948521=4, 4176326=2, 16374888=1, 11146942=4, 28281753=2, 5157248=2, 13744842=2, 4688260=2, 26026387=3, 13046154=3, 30570427=1, 13741358=2, 30708268=2, 8694630=2, 4247586=1, 28520727=3, 25745084=1, 30348657=3, 533948=6, 18132775=2, 8734993=1, 13926130=1, 20744972=2, 3485961=3, 24327750=3, 14142168=1, 5379413=4, 27790154=6, 4278415=1, 31203628=5, 20960738=1, 8619990=2, 8607406=1, 29682036=1, 7430725=1, 3077805=1, 16261862=6, 10742951=1, 25761698=3, 33108915=3, 8872793=1, 25863221=2, 27687830=1, 516870=1, 4784802=3, 14847232=2, 22915644=2, 10479334=1, 30038246=1, 15216383=6, 30206379=1, 29374589=9, 17344492=2, 5754508=1, 9110565=3, 29678103=1, 30461518=1, 17116775=3, 13307731=3, 32425380=1, 18749373=4, 2175695=3, 32631449=1, 27088238=1, 18803014=1, 10688054=3, 2228106=1, 1750127=2, 29551529=1, 20953527=2, 29461076=2, 13342642=2, 4174660=2, 17306559=6, 16124509=4, 26853016=2, 24733430=1, 25155766=1, 30951786=1, 33392158=2, 30248740=2, 14176175=1, 19808333=1, 14610145=1, 19459594=1, 20225860=2, 5533582=1, 5156073=2, 19657645=1, 13160095=1, 21746733=1, 1211585=1, 27882529=1, 8452050=1, 32923905=1, 25288205=1, 27870104=1, 7388325=2, 18163629=3, 855378=3, 21305270=3, 32979556=3, 7264236=1, 30805712=4, 12261804=3, 191426=1, 23474363=4, 23148458=3, 23426634=1, 19522553=1, 9554449=1, 9799016=2, 5793846=1, 27927377=4, 12138124=3, 13787150=1, 23983960=1, 16990074=3, 26313356=2, 22388758=2, 33470076=2, 2788167=2, 14222528=3, 20974352=9, 23053728=1, 16480780=1, 15048498=2, 31016135=1, 9969890=6, 26263911=1, 29919415=2, 14190169=2, 12901729=1, 17007847=2, 5492574=1, 27885680=2, 10268271=2, 5179251=3, 26736940=1, 14471690=1, 29509280=1, 4720911=6, 4213991=1, 30519884=2, 25580162=1, 26709725=2, 5585871=3, 10226356=5, 13024122=2, 11886516=1, 10354357=1, 30944193=6, 10454394=2, 19466333=3, 26152921=3, 30940156=6, 10247009=1, 25686071=1, 24333225=1, 30220976=3, 28389037=3, 19610286=3, 21481172=1, 29172029=3, 24454262=3, 20575082=1, 22386801=2, 16650721=4, 32866678=2, 17332140=1, 10172540=3, 24992707=1, 27849212=1, 18647594=2, 26224752=7, 24679295=2, 11949039=1, 23676977=1, 8218031=1, 10785257=2, 27616260=1, 10879417=4, 28297883=1, 9916521=1, 13859365=1, 32986226=1, 29414681=1, 2865604=2, 15462904=1, 3528908=1, 25759910=3, 10039069=3, 16363713=2, 19779884=1, 21536267=2, 16443778=1, 29673102=1, 14685322=8, 21398864=2, 21285439=1, 13529742=1, 16982317=3, 8625312=2, 33056649=1, 3710033=2, 15295510=1, 940879=1, 8032180=2, 8014159=1, 5371979=1, 32808359=2, 1250283=3, 17240880=3, 7628349=1, 20486651=2, 11669763=4, 17448126=4, 30734454=1, 11282572=5, 5923758=1, 6538710=1, 32928081=1, 18040080=1, 21267355=2, 22594220=1, 6676531=1, 17853213=1, 3853058=1, 7088523=5, 870366=1, 26493898=1, 10390739=2, 10721485=2, 18593812=2, 11434684=1, 19540879=4, 14309348=1, 19738296=3, 18907187=2, 8881870=2, 19883740=1, 14122761=1, 29711364=1, 20464339=1, 2143153=2, 6166567=4, 8532027=4, 22474383=1, 3387474=2, 5895281=1, 1643950=3, 25027518=1, 9989255=1, 8145904=1, 495615=2, 20520799=3, 16575088=1, 824090=2, 17313920=6, 31859896=4, 31745857=1, 17526247=1, 11003070=1, 28025650=2, 18048677=1, 3027916=4, 14106050=3, 2658575=2, 5836527=3, 10602320=1, 14888111=3, 21309762=3, 29455113=1, 746095=1, 15864411=4, 11806112=5, 4451728=1, 27764113=2, 18206323=1, 24029165=2, 29082406=1, 22199761=2, 7863743=1, 17964840=4, 840496=1, 20087761=2, 11302593=1, 28973764=4, 4556483=2, 8761111=2, 25676184=1, 403143=4, 15564645=1, 2161074=1, 31444986=1, 27021529=1, 1077537=1, 33352406=1, 14693680=8, 20450018=6, 23120574=1, 26079985=1, 19890305=2, 15652125=1, 2296015=3, 14917882=2, 9276741=2, 29895499=6, 14097565=3, 17624703=1, 8090395=1, 18513136=1, 9108989=1, 20328770=4, 28143269=1, 4717240=1, 18790874=2, 1217723=2, 20002290=3, 6923080=2, 15766095=2, 14670287=1, 6377533=1, 31336406=4, 7722445=1, 9193395=1, 417597=1, 29340225=2, 26945891=3, 15265943=1, 14648257=2, 19580935=1, 32025336=2, 25426067=1, 3216936=3, 7499132=1, 25434380=5, 18668287=1, 21644028=1, 14040787=4, 1394500=1, 203290=3, 21291824=1, 6433036=4, 31133075=3, 25872000=1, 4096710=2, 20028267=2, 28025468=2, 11604034=3, 20130514=3, 6231922=3, 31379561=1, 364771=2, 7058037=2, 14158065=6, 14089982=1, 22647635=2, 27821513=2, 2131587=2, 28681668=2, 32214252=2, 9820600=1, 6438505=4, 17219442=2, 7573624=2, 24748237=2, 31197358=5, 13799555=2, 10640981=1, 13937851=2, 23462956=4, 31885734=2, 15694532=1, 9429590=1, 5670807=2, 20138287=1, 15185108=2, 13160421=1, 633544=2, 27650008=1, 12701280=1, 7365738=1, 19366391=2, 7932822=3, 15791256=1, 23364624=2, 28943167=2, 8540112=1, 31455454=1, 33288310=1, 16467675=1, 24711786=3, 23307703=2, 26418531=3, 21859438=2, 6707423=1, 19771021=2, 10978869=2, 10540647=1, 12158239=2, 32236574=1, 11986891=1, 10080602=1, 10943920=1, 10888039=4, 3567796=1, 19307158=2, 15669084=3, 13126547=1, 18946745=3, 23198997=1, 14312678=1, 22192906=2, 26989254=1, 16486735=2, 12625518=2, 8563335=2, 3832835=1, 29478275=1, 25801194=2, 23826893=2, 9915509=1, 24405454=1, 18281503=1, 4849944=4, 29161017=1, 6432772=4, 1914801=3, 22657948=2, 29417975=1, 9122889=3, 7404784=1, 24919992=5, 67430=3, 32642830=4, 20174611=1, 24510338=1, 800616=5, 33165659=4, 17088571=1, 19507070=2, 9320365=4, 6345370=1, 23649999=1, 10394179=2, 24476154=1, 18118830=1, 3860538=1, 25888556=3, 18070562=2, 10423629=3, 13906542=5, 26948849=3, 25839693=1, 3620439=3, 21026350=1, 6265098=2, 294417=1, 3687148=1, 9077140=2, 23773487=1, 7939661=3, 14921799=2, 9764528=1, 16063355=3, 3022194=4, 20771437=1, 30894825=1, 23413989=1, 25921416=2, 2880677=1, 11566723=1, 10591484=2, 3182953=2, 27623773=2, 276213=5, 19462732=1, 11337870=3, 2828278=3, 23048583=2, 27179113=2, 31178939=1, 8940129=1, 1381610=3, 17580913=1, 15650098=1, 2902321=1, 33505884=1, 22022043=7, 1860860=1, 7928459=1, 4812895=1, 11375696=2, 32365878=1, 12395560=3, 20385555=3, 24286448=2, 20921253=3, 25140262=2, 14472167=1, 14452795=2, 11545278=7, 11190630=1, 26430766=1, 15608909=4, 23174290=2, 3835084=2, 17227939=1, 33121619=1, 29141929=2, 29557081=3, 10193337=2, 21945789=1, 9936136=2, 3991587=1, 25865705=2, 30532533=1, 14324180=2, 23026326=1, 21419651=1, 15976828=1, 25380775=1, 15912631=1, 21644879=1, 19545570=4, 33310414=1, 1659375=1, 6220929=1, 30440352=1, 19936358=7, 12751894=2, 16671475=1, 9350531=2, 31208713=5, 5386638=4, 20939883=2, 11844040=2, 4315682=1, 1131554=1, 1623662=1, 8902922=1, 10336553=2, 18887018=8, 11732515=3, 5023189=2, 28269640=1, 759942=2, 5571131=3, 24923527=1, 17086345=2, 33417461=1, 10652299=2, 16681316=2, 26741062=6, 26549182=3, 30847022=2, 14589905=2, 24570644=1, 18815688=3, 5556684=1, 10922357=2, 22060416=2, 14016266=1, 15126240=1, 4219041=1, 28235039=1, 27378480=1, 28710557=4, 2204528=2, 5762029=1, 17236027=3, 24367027=1, 20362950=2, 20016124=1, 29719790=1, 30816227=4, 14828683=1, 15087807=4, 7508588=2, 17981657=1, 32613779=2, 806511=1, 14939229=1, 27930991=4, 662194=4, 14438396=1, 10169496=3, 22814926=5, 10192172=2, 23325367=1, 5826386=1, 29272563=2, 11464146=1, 23664750=3, 2541302=1, 27170188=2, 11807950=5, 24056673=3, 25379805=1, 23460481=1, 6256042=1, 20349232=2, 31154948=1, 13663556=1, 24410661=1, 21326149=1, 31663252=3, 9143749=2, 4667983=3, 10152487=1, 6552519=1, 1063195=7, 6076411=2, 31849999=1, 26730305=1, 11793246=1, 12688145=2, 2335097=2, 26789530=1, 14550581=4, 11483073=3, 12743060=1, 17629923=3, 2131387=2, 19988327=1, 28740068=2, 17452654=1, 3427116=1, 24526563=4, 27369672=2, 33477981=1, 16333372=3, 24262360=4, 13478638=2, 32740660=2, 16898704=1, 4852977=4, 17333809=1, 13727573=1, 16328004=3, 3936736=5, 4140556]=3}> but was:<...Prime: 6 register: {[12256938=3, 26645156=2, 806236=1, 2112064=8, 4096710=2, 5002649=1, 10896791=1, 335570=3, 3954121=1, 25213738=2, 26493898=1, 24931857=1, 16838875=1, 24923527=1, 9864890=2, 29678103=1, 28468351=1, 24514103=4, 3474924=3, 12534763=1, 17332140=1, 28989434=1, 26551362=3, 4437624=2, 11365478=1, 21922110=2, 28147649=1, 18055965=2, 15142137=3, 9350531=2, 32726147=1, 16758914=2, 33254110=1, 11337870=3, 32198920=1, 19436185=2, 13552656=1, 31203628=5, 16719749=3, 21481172=1, 29482009=1, 23631445=2, 32548393=2, 8145904=1, 19966565=2, 12743060=1, 19366391=2, 29673102=1, 21889755=4, 29630936=5, 23080943=8, 276213=5, 31190965=1, 13772401=4, 21113131=4, 1045616=1, 16671475=1, 19864529=3, 13051755=3, 20225860=2, 20922851=1, 23808996=1, 9834845=4, 20971445=1, 17853213=1, 19498049=2, 17951223=1, 10336553=2, 2228106=1, 26259201=2, 6433036=4, 4887496=2, 25859540=2, 24602970=1, 19540879=4, 6624812=3, 7585059=2, 26152921=3, 5214456=2, 29627078=5, 9760483=1, 31579520=1, 23831708=2, 14749718=3, 20700463=1, 26947316=3, 32344842=2, 23384072=1, 6416091=1, 2195214=1, 14921799=2, 18815688=3, 2178295=3, 13013383=2, 4138095=3, 32866678=2, 24943588=2, 5533582=1, 13857652=1, 2159262=1, 800616=5, 3853058=1, 22958892=1, 7901577=2, 12436281=1, 7404784=1, 29557081=3, 6432772=4, 30638294=2, 30353461=3, 23665323=3, 15208820=6, 8800084=1, 3680683=6, 4087997=1, 31136612=3, 31219611=1, 15974334=2, 28143269=1, 26736940=1, 27821513=2, 23163346=1, 3188148=2, 19936358=7, 13249769=4, 27720050=1, 29141929=2, 29997717=2, 4839470=1, 24709622=3, 24402607=1, 28740068=2, 2231301=4, 27687830=1, 25585859=1, 3706595=2, 9848558=1, 15496522=1, 21644879=1, 17097209=1, 15096189=1, 22156529=4, 24333225=1, 15199488=1, 8174444=2, 31885734=2, 31492233=2, 14016266=1, 15131764=1, 23586586=1, 2239074=4, 18121459=2, 14648867=2, 8646443=1, 21958752=3, 13766633=4, 9429590=1, 22440711=1, 15608909=4, 29340225=2, 4264350=3, 19700117=2, 8235337=2, 17236027=3, 1417510=2, 28925022=1, 19466333=3, 22386801=2, 9205806=1, 9802056=2, 29417975=1, 11887816=1, 4556483=2, 15265943=1, 13018024=2, 24836152=1, 18956070=3, 3238712=1, 8503495=1, 25839693=1, 25374223=3, 31943195=1, 30217820=3, 4239522=2, 5908959=4, 25718893=1, 31585208=1, 25883685=1, 3485961=3, 29707869=1, 2788167=2, 29410793=1, 4265426=3, 9562336=1, 28966879=1, 8912454=1, 3360039=1, 26733042=1, 10591484=2, 4597003=4, 6120763=1, 11153300=4, 25863221=2, 19048043=2, 17926646=2, 6966159=1, 24771861=1, 8599068=3, 20710940=5, 20408821=1, 91948=1, 20974352=9, 20246111=1, 16483609=2, 19028573=1, 2219904=1, 13906542=5, 10718321=2, 25819261=1, 18755564=4, 6147256=1, 7478801=4, 3743137=3, 11484110=3, 16643109=1, 14230024=3, 9027426=2, 12710127=1, 18281503=1, 19630819=2, 22924848=1, 4746647=1, 25801194=2, 2281904=1, 6495258=3, 1722956=1, 23364624=2, 21267729=2, 16608106=1, 589476=1, 1487847=2, 7996768=4, 33434591=4, 14290382=4, 3321465=2, 11235475=1, 17448126=4, 788066=5, 27170188=2, 21840360=1, 12395560=3, 7179006=2, 18013020=1, 15778490=1, 15568558=2, 13284004=2, 17932147=2, 11431705=1, 10159007=3, 18396003=2, 20385555=3, 2866860=2, 28555405=2, 5817116=1, 21791330=2, 18079652=1, 12909112=1, 18420923=3, 9077140=2, 25999127=2, 20347412=1, 32525268=1, 2802682=1, 29551529=1, 14176175=1, 14888111=3, 24678827=2, 24012843=1, 18070562=2, 16137063=4, 16990074=3, 14418049=5, 10388954=2, 20941777=2, 26647300=2, 11732515=3, 10648701=1, 28409266=1, 1324618=5, 17369825=3, 18938452=1, 988892=3, 21135778=2, 10462421=2, 23323819=1, 16887315=2, 2790377=2, 11293518=1, 14847232=2, 14793574=2, 11852060=1, 2115787=1, 5226675=1, 20846175=4, 5556684=1, 6256042=1, 27288312=1, 2429148=3, 15831830=2, 4849944=4, 6265098=2, 21416657=1, 10492545=8, 27764113=2, 16337200=1, 23983960=1, 14122684=1, 4315682=1, 14149650=1, 23005068=3, 26263911=1, 27812481=1, 7484059=4, 14286523=1, 5989805=1, 29919415=2, 27604938=3, 14574711=1, 809552=1, 14312678=1, 22348683=3, 25327403=1, 8988380=3, 10879009=4, 24476154=1, 6584093=1, 14074085=1, 8283253=1, 20613538=2, 831936=2, 28706075=4, 9989255=1, 18683583=3, 24079729=1, 5916690=1, 30248740=2, 1724470=1, 14416010=1, 10496122=8, 3387474=2, 834228=2, 19042368=2, 18011444=1, 32289619=2, 10172540=3, 9701257=5, 29553742=1, 3642513=2, 19709959=1, 21650150=1, 22638226=1, 11207046=3, 13307731=3, 31227701=1, 8014159=1, 15976828=1, 18561373=3, 599681=3, 10245584=1, 11024639=6, 1898832=1, 23664750=3, 17376209=3, 15340395=4, 26443304=1, 24568664=1, 14840018=1, 25531329=2, 29057152=1, 10426605=3, 10118791=1, 30578879=2, 19490233=1, 25904766=1, 6088726=1, 803625=1, 20397636=3, 8487750=2, 5179251=3, 20450018=6, 2204528=2, 9231094=1, 6039185=5, 26857426=1, 10052636=1, 7051696=2, 27933226=4, 28716109=4, 633544=2, 27378480=1, 4438276=2, 12113542=1, 25711111=1, 26047555=1, 29830962=3, 29007717=2, 16309130=1, 30966317=2, 25400411=2, 27884274=1, 32612311=2, 3320810=2, 29109682=5, 2783815=1, 24992707=1, 15807580=3, 14013836=1, 13421765=1, 30110855=1, 6134962=2, 31670133=3, 11779461=2, 5670807=2, 11282572=5, 1257556=3, 26371277=1, 8902922=1, 13936151=2, 26379332=2, 27021529=1, 21354584=1, 21267355=2, 18833325=1, 16480780=1, 22433369=1, 31939121=1, 878298=1, 21534227=2, 1492898=1, 1715891=4, 31718127=1, 8207004=3, 9586971=1, 14190169=2, 26238643=1, 15786393=1, 15650098=1, 7740835=4, 350497=1, 17323918=1, 18987303=2, 33470076=2, 589993=3, 31006403=3, 33204292=2, 18647594=2, 12393046=3, 17661587=1, 13244358=4, 31325457=1, 27920434=4, 67430=3, 25140262=2, 10098974=4, 21291824=1, 24405454=1, 18790874=2, 27185261=1, 5492574=1, 17127668=1, 22192906=2, 5156073=2, 33541781=1, 21309762=3, 2751636=1, 18303109=1, 5386638=4, 20006598=1, 25865705=2, 18282678=1, 24526563=4, 25430815=5, 2368673=5, 27179113=2, 18593476=2, 27616260=1, 27790154=6, 21026350=1, 5971854=3, 9110565=3, 32072602=1, 17580913=1, 6186326=1, 20868969=1, 267676=5, 9060050=4, 16639393=1, 30458482=1, 24748237=2, 4351323=1, 29702209=3, 9130177=1, 22444840=1, 30708268=2, 25145892=2, 7377976=2, 10930278=1, 4688260=2, 600842=3, 19795553=4, 16501187=1, 21658648=1, 20831824=1, 12329289=5, 10354357=1, 17031023=1, 19246625=2, 2335097=2, 7139920=1, 12221580=1, 20888347=2, 11897115=2, 16422611=2, 10817568=3, 8625312=2, 24349623=2, 9764528=1, 28297883=1, 16950491=2, 11463708=1, 16780673=11, 33056649=1, 31133075=3, 10224489=5, 933644=4, 19695734=2, 8619990=2, 10742951=1, 11974907=2, 8041641=2, 21716778=1, 18385980=2, 11724649=1, 5682373=2, 20158642=2, 18709786=1, 7722445=1, 18296964=3, 5094524=2, 31205180=5, 3252911=2, 1251768=3, 78956=3, 28974246=4, 7282959=3, 5454827=3, 20002290=3, 26906077=2, 16710281=1, 33352406=1, 11990907=1, 29253745=1, 22199377=2, 11101372=1, 26498960=1, 12000460=3, 11949039=1, 25155766=1, 13720192=1, 16328004=3, 130744=1, 29573978=1, 26276195=1, 7986521=1, 14309348=1, 31745857=1, 32834468=3, 22388758=2, 30629896=1, 14071657=2, 6490225=3, 22069036=2, 19778103=1, 29720788=2, 30315529=2, 10268271=2, 8708089=1, 13323389=1, 3237913=1, 5379721=4, 14147541=1, 32923905=1, 1946816=2, 3006148=1, 14685322=8, 24432836=1, 27849212=1, 1373698=1, 6263968=2, 5131351=1, 17275732=2, 10846658=2, 29017635=1, 7928459=1, 20571903=1, 30348657=3, 19883740=1, 3836801=2, 3839994=2, 4720911=6, 7617988=5, 14901648=1, 13216249=2, 32613779=2, 14433865=5, 12967658=1, 30893179=1, 24546939=2, 22855747=1, 21133871=1, 11807950=5, 30526032=1, 6156016=1, 5813891=2, 30069215=1, 5006384=1, 25426067=1, 8803663=1, 13081391=2, 16727343=3, 17088571=1, 21746733=1, 26070930=1, 28807070=2, 7508316=2, 22068340=2, 26409194=1, 3318014=2, 11375261=2, 13912405=1, 1828439=1, 7017303=3, 2969501=1, 28710557=4, 32928682=1, 4054245=1, 13937851=2, 21830532=3, 14149550=1, 7840371=2, 8227490=2, 20028267=2, 11669763=4, 17384563=1, 22814926=5, 16019940=1, 18363573=6, 2131587=2, 33281079=1, 13003486=1, 1216067=2, 14134737=2, 3402473=1, 18946745=3, 19143114=5, 23768266=2, 2902321=1, 9390897=1, 11711709=2, 30519884=2, 25931343=2, 28623498=1, 7273914=1, 12308804=1, 30604707=1, 31379561=1, 26510850=2, 1623662=1, 31611366=1, 32221600=2, 26430766=1, 13614031=2, 12036033=2, 6538710=1, 1394500=1, 30951786=1, 1503293=1, 26152299=3, 5131803=1, 33434934=4, 12199719=4, 27500555=2, 32986226=1, 26249640=2, 16990254=1, 27931552=4, 10192172=2, 28609469=2, 15238806=2, 15260512=1, 17690864=1, 19787814=1, 25050673=4, 4120285=1, 14389532=2, 16994809=1, 33121619=1, 4278415=1, 884963=2, 29461076=2, 29428268=3, 23474363=4, 7804927=3, 11725599=1, 28940925=2, 5836527=3, 29281418=1, 22363432=3, 19975203=1, 30206379=1, 5923758=1, 30100982=1, 17629923=3, 3318760=2, 13744842=2, 20942206=2, 23288923=1, 1246529=3, 17129908=1, 31849999=1, 6540086=1, 13069998=1, 8973027=1, 516870=1, 17344492=2, 16062417=3, 6552519=1, 16637666=1, 29370167=9, 13859365=1, 9771476=3, 16801307=1, 8792975=4, 16542688=1, 11986891=1, 8378199=1, 21863844=2, 15593894=1, 8058243=1, 12268775=3, 3552779=4, 4812895=1, 14452795=2, 13529742=1, 31915469=1, 22022043=7, 14939229=1, 4161687=2, 9799016=2, 19219695=1, 24292056=2, 1368020=1, 6076411=2, 3850938=1, 11375696=2, 32221330=2, 6340939=1, 16823670=2, 23663882=3, 15766095=2, 23803508=3, 13530020=1, 16261862=6, 1703227=1, 8249649=1, 27650169=1, 30570427=1, 23678216=1, 9595828=1, 20328770=4, 15694532=1, 33526939=2, 2387658=1, 8287991=1, 7465379=1, 1659375=1, 12026502=2, 24056673=3, 29565180=3, 6923080=2, 16817643=2, 20960738=1, 16534198=1, 15741376=7, 29509280=1, 22093532=3, 13828760=3, 4213991=1, 10855959=2, 7833961=2, 6671982=1, 13997898=2, 21214531=2, 5938561=2, 28505210=1, 5754508=1, 9122889=3, 3229838=1, 25492384=1, 19462732=1, 20464339=1, 25829642=4, 28920452=1, 26730305=1, 4370520=2, 11630622=1, 16568818=1, 15690167=1, 11538986=7, 31329671=4, 27885680=2, 9633695=1, 3071715=1, 18668287=1, 11569032=2, 7148951=3, 3938380=5, 26928030=1, 31564171=2, 3047261=1, 24513290=4, 20520799=3, 21175039=3, 1551248=2, 20576213=1, 23467465=4, 31308837=2, 25260122=1, 17436735=4, 23307703=2, 9820600=1, 4806288=1, 13209352=2, 5250170=7, 32033626=1, 2131387=2, 5271611=1, 23460481=1, 26527501=1, 27809960=1, 9640163=3, 8366799=2, 14536798=1, 33214684=1, 22613010=3, 18168803=3, 21272397=2, 9088786=2, 6094577=1, 30719604=2, 10339497=1, 29589931=2, 28202695=1, 31330875=4, 22736268=1, 14859069=2, 9915509=1, 13624405=1, 12676224=1, 14750000=3, 9544406=2, 16254931=6, 28808733=2, 9599237=1, 28096569=2, 4201969=9, 26987705=1, 4092344=1, 18040080=1, 2441700=1, 25745424=1, 3567796=1, 4829866=2, 12217584=1, 1889080=1, 8197863=3, 23088124=1, 22548128=6, 11844040=2, 11048714=2, 21494494=1, 30655995=1, 16654775=4, 15746430=1, 12776871=1, 1016410=2, 19445322=2, 27882529=1, 26945891=3, 30038246=1, 10737524=1, 20970594=1, 22258815=2, 23148458=3, 30491418=1, 13413803=2, 22742325=3, 15597405=1, 9320365=4, 26726904=1, 17701842=4, 21351828=1, 25669594=2, 30905479=2, 5102229=1, 21420700=1, 3300214=1, 4192417=1, 9936136=2, 811851=1, 15048498=2, 4283749=1, 20953527=2, 1285728=2, 4176326=2, 12333201=5, 21138070=2, 789495=5, 30272217=1, 32675777=2, 2658575=2, 4291549=1, 23048583=2, 2409995=1, 30289254=4, 1556213=2, 7932822=3, 17981657=1, 4613029=1, 22120011=2, 24061387=3, 7365738=1, 29001081=2, 10943920=1, 13787150=1, 18206323=1, 8540112=1, 4065189=4, 16515883=5, 29436429=3, 22471185=1, 27328828=3, 3434548=1, 5989981=1, 2997052=2, 19507070=2, 24766497=1, 7545166=3, 1250283=3, 15862743=4, 28389037=3, 32747444=2, 26989254=1, 10226356=5, 18436446=1, 23152535=1, 16609009=1, 27185040=1, 14213514=1, 28123581=3, 11857965=1, 10879417=4, 11096547=1, 9681905=2, 30305202=1, 11886516=1, 25767217=3, 11464146=1, 25101702=3, 30754606=1, 29201243=2, 2045200=3, 12456928=4, 16124509=4, 7891463=1, 24919992=5, 23045594=2, 21172193=3, 13592790=1, 9320899=4, 2143153=2, 18163629=3, 5157248=2, 1337768=1, 27927377=4, 21708921=1, 2705479=1, 4737948=1, 9787004=1, 20234602=1, 11246197=2, 5000456=1, 4353623=1, 263073=5, 30894825=1, 9361323=1, 12893328=2, 25788851=2, 33181370=1, 16063355=3, 22146134=1, 9242940=3, 11211311=3, 15462904=1, 30245420=2, 9524516=1, 25091884=1, 1866078=1, 7741368=4, 533948=6, 12350814=1, 23187290=1, 17801306=2, 17333809=1, 28937933=2, 6707423=1, 20427125=2, 7628349=1, 721654=3, 4092460=1, 3193612=2, 4451728=1, 19856081=1, 2541302=1, 19037981=1, 22092837=3, 11650368=1, 20065285=4, 2183550=1, 13926759=2, 12287293=1, 15295510=1, 15656996=1, 10978869=2, 16374888=1, 26789100=1, 31313722=1, 5371979=1, 22848036=2, 29172029=3, 2296015=3, 14665837=1, 24034198=2, 31197358=5, 14106050=3, 28791716=1, 25825823=4, 29895499=6, 17425877=1, 10888039=4, 14438396=1, 347821=1, 21859438=2, 27489841=1, 33275999=1, 32779468=5, 21199871=1, 19890305=2, 24351483=2, 19522553=1, 16285896=2, 8218031=1, 1164818=1, 15731441=7, 16689828=2, 30357645=3, 24445366=3, 6891247=3, 16793438=11, 4302796=2, 4437904=2, 216936=1, 14550581=4, 10152487=1, 3121702=2, 8126950=5, 28850073=6, 3364762=1, 21309218=3, 11847208=1, 9085272=2, 32545455=2, 32064441=1, 23854067=1, 25622017=1, 16637721=1, 19657645=1, 1730045=1, 21251886=1, 15034131=1, 10832742=1, 25761698=3, 1357180=2, 16242257=1, 3365706=1, 9884162=1, 14056918=1, 4413228=1, 20195241=5, 4039000=2, 6133000=2, 17508945=3, 22826162=1, 12751894=2, 21634248=4, 32056096=3, 28306675=1, 30395603=1, 21745905=1, 31909015=1, 25490128=1, 12320676=1, 23197107=1, 21246687=5, 2095759=1, 14324180=2, 19000634=1, 27555550=1, 14472167=1, 28461252=1, 27953159=2, 28110610=1, 33267517=2, 27772031=1, 33458460=2, 5710182=3, 24795234=1, 24384135=5, 14040787=4, 20921253=3, 19083408=3, 15108436=2, 16362780=2, 8607406=1, 15946938=1, 23066993=1, 20744972=2, 32025336=2, 21534796=2, 3710033=2, 26534467=1, 29455113=1, 13020628=2, 5689115=1, 15645111=2, 95032=1, 28752366=2, 20362950=2, 2756079=4, 759942=2, 27344250=3, 16870650=1, 30599477=1, 27183381=1, 18669571=1, 10039069=3, 24531471=1, 21799441=2, 18118830=1, 28642607=3, 28281753=2, 18065688=2, 5107017=1, 13858289=1, 32808359=2, 5657909=1, 21889686=4, 17289424=1, 2697886=3, 17313920=6, 13451936=1, 16614955=2, 12389585=3, 8799909=1, 9416778=2, 32925618=1, 24585146=3, 18135269=2, 22843424=2, 23325367=1, 971739=1, 18735977=1, 6582812=1, 3617081=3, 33417461=1, 13931365=2, 9599568=1, 3022194=4, 6676531=1, 22594220=1, 18635104=1, 1860860=1, 22883668=3, 23293916=1, 16363713=2, 6936587=1, 22839857=2, 23489555=1, 15397009=1, 7967883=2, 24114813=1, 6283277=1, 16611618=1, 19208194=3, 30137766=1, 7637571=2, 24482099=2, 19938712=7, 1794876=1, 19808333=1, 30816227=4, 15484495=1, 31209794=5, 3599756=1, 12198816=4, 30482857=3, 15747512=1, 11179178=2, 25027518=1, 9193395=1, 17231817=1, 14368001=3, 33410312=1, 18907187=2, 33493278=3, 24565350=1, 3927405=1, 15336114=4, 5264774=1, 5198417=1, 17889862=1, 23426634=1, 8288703=1, 5523248=1, 229572=2, 8734993=1, 4261730=3, 30462502=1, 3010020=1, 2929089=2, 26505769=1, 12260709=3, 7710501=2, 23810866=1, 25882293=1, 14471690=1, 27623773=2, 12919407=3, 10214193=1, 15216383=6, 26650866=2, 269072=5, 13855976=1, 7314104=2, 12611796=1, 10514971=1, 10688054=3, 30944193=6, 32236574=1, 8256909=1, 23454318=1, 3097661=1, 14950099=5, 12297985=2, 7173524=1, 1850740=5, 32425380=1, 4283818=1, 17947512=1, 9220035=2, 29938132=1, 21058788=1, 11512007=2, 27939821=1, 14991313=2, 417597=1, 12413126=1, 29711364=1, 17197501=1, 24807767=2, 27167984=2, 422657=1, 28505831=1, 7408747=3, 21536267=2, 26178412=1, 2175695=3, 33100910=3, 4282231=1, 26079985=1, 9675346=2, 23993207=4, 5871264=2, 17306559=6, 32365878=1, 18749373=4, 1478018=2, 25974755=1, 7121235=2, 13024122=2, 28203882=1, 30532533=1, 2828278=3, 495615=2, 2865604=2, 15275192=3, 32520904=7, 28994899=1, 11155645=4, 27113613=2, 14648257=2, 30967607=2, 4903383=1, 3939343=5, 31252924=1, 1459877=1, 7860310=1, 7573624=2, 33013841=1, 26064606=2, 25434380=5, 31272320=3, 3818747=1, 2972835=1, 16027274=2, 23676977=1, 27088238=1, 10306034=1, 11132487=1, 16283255=1, 32928081=1, 31679182=1, 12261804=3, 15071813=1, 19936966=7, 31552749=1, 25270145=2, 17573346=5, 8872793=1, 32806396=2, 938516=1, 29414681=1, 18347233=1, 10666364=1, 10193337=2, 12361296=2, 9953388=1, 16293073=2, 27654901=1, 5746571=2, 28057554=5, 20813075=2, 27344633=3, 25087794=1, 4892119=2, 13565836=1, 23823796=2, 13096896=1, 20969327=1, 15918490=1, 28681668=2, 33505884=1, 22894253=1, 21149216=2, 28556636=2, 26655695=2, 23856236=5, 32964819=3, 29309272=3, 16810604=2, 1436514=1, 191426=1, 25654631=1, 23133149=1, 21326149=1, 32315879=3, 17607988=2, 824090=2, 17219442=2, 9891608=1, 31498675=2, 3034637=1, 23819431=1, 30220976=3, 29682036=1, 13743999=2, 22654108=2, 6490162=3, 18984532=2, 14142168=1, 27293612=1, 16681316=2, 9942606=2, 3017272=4, 3835084=2, 534468=6, 9791399=1, 3626940=1, 22857124=1, 18132775=2, 12901729=1, 18662689=1, 26899241=1, 27666898=4, 27224383=1, 29525707=2, 25263136=1, 26706507=2, 12144244=1, 10691005=3, 2375399=5, 26801279=1, 25580162=1, 16762778=1, 18659058=2, 12943847=2, 294417=1, 33351089=1, 30667002=1, 25836729=4, 4526222=3, 216963=1, 3881958=3, 5961481=1, 32526340=1, 31627816=2, 30614704=3, 6486888=1, 20902874=1, 1217723=2, 30496773=1, 31444986=1, 7037421=1, 14951424=5, 27384820=1, 23691258=1, 27478278=1, 31676478=1, 18013585=1, 29853176=2, 4565220=2, 8154695=1, 6132893=2, 27603677=3, 8761111=2, 15003007=1, 148411=1, 17526247=1, 21842500=1, 5740168=2, 12138124=3, 8604248=1, 9614537=2, 8795839=4, 25759910=3, 30246010=2, 7368684=1, 4674407=1, 4717240=1, 27802086=6, 7863743=1, 17624703=1, 21525104=1, 19580935=1, 11689812=1, 4121738=1, 22873225=3, 19872312=3, 28669604=1, 7506997=2, 29428572=3, 4005537=3, 3310964=2, 8261157=4, 17296714=1, 3420709=5, 14828683=1, 31859896=4, 31716962=1, 8940129=1, 28973764=4, 11259827=1, 32835774=3, 19307158=2, 8579301=1, 10651430=2, 15494830=1, 6321678=1, 28679234=2, 20016124=1, 20063632=4, 23174290=2, 22199761=2, 25617429=1, 21945789=1, 27408290=4, 15206015=6, 1954231=1, 29682107=1, 25686071=1, 19779884=1, 23026326=1, 31235781=2, 22647635=2, 20174611=1, 3070517=1, 16994107=1, 27452930=1, 23068809=8, 18959262=1, 15984220=1, 10383898=1, 10961145=1, 8694630=2, 5642187=4, 7110270=1, 31421927=1, 21365364=4, 11627233=1, 11545278=7, 17859736=2, 1571379=1, 11003070=1, 16904527=1, 3496498=1, 7333019=1, 764183=2, 10712882=1, 7581157=2, 8310556=1, 14786970=2, 6166567=4, 7635837=2, 27268285=8, 28245836=1, 21813685=1, 12969560=1, 16650721=4, 806511=1, 28861691=1, 25848394=1, 30232348=1, 16333372=3, 21758216=5, 17007847=2, 3936736=5, 10785257=2, 12402680=3, 24711786=3, 13478638=2, 3390336=2, 25805530=1, 8356116=2, 11604034=3, 20087761=2, 14699847=1, 9602199=2, 11310775=2, 13419786=1, 15312986=2, 17694750=4, 523859=1, 23301762=2, 4020434=1, 25398447=2, 3884170=1, 21424394=1, 19358181=1, 15431256=1, 21567429=3, 6635657=1, 17755943=1, 18513136=1, 27369672=2, 21275235=2, 26293991=3, 21850326=1, 26781100=2, 9450917=7, 3328700=1, 3893031=1, 13876489=2, 13287910=1, 28079943=1, 4839446=1, 33477981=1, 14693680=8, 16846706=3, 22736529=1, 32631449=1, 31154948=1, 19052478=2, 21298299=1, 22792096=1, 23053728=1, 17205229=2, 3528908=1, 14222528=3, 3339014=1, 13959700=3, 13046736=3, 23463879=4, 29777509=1, 20448057=6, 27111481=2, 13422190=1, 16898309=1, 4610293=1, 17452654=1, 17419465=1, 18936643=1, 19809275=1, 334181=3, 507367=2, 15185108=2, 5092208=2, 32252512=5, 11505582=2, 23773487=1, 23548025=1, 21208287=2, 29895541=6, 25831874=4, 29330576=2, 7430725=1, 12024898=1, 30231424=1, 26146555=1, 27870104=1, 6658292=2, 25096767=1, 33281176=1, 478139=1, 9384940=3, 6011350=2, 8458350=3, 28884392=2, 4879303=1, 19796060=4, 10423629=3, 14869664=1, 17848884=1, 2074821=2, 3248182=2, 32246108=5, 7331941=1, 32468394=1, 26544912=3, 4682884=1, 26902384=1, 29153662=1, 29096948=1, 20570987=1, 10394179=2, 21305270=3, 3826609=1, 15917915=1, 31732406=5, 30734454=1, 32139645=1, 3896174=1, 31980401=1, 27666480=4, 3463259=1, 6231922=3, 9969890=6, 30967438=2, 32272897=1, 3277046=4, 28661436=1, 27625701=2, 25380775=1, 26386712=2, 8353316=1, 23345662=5, 1549953=2, 10825247=3, 1771078=3, 15789279=1, 3687148=1, 24410903=1, 13799555=2, 9454186=1, 23120574=1, 20848322=4, 13712185=3, 27894062=2, 33392158=2, 440691=2, 21548819=1, 33072483=2, 29807017=1, 12202023=4, 32320927=3, 20214670=1, 5802637=2, 11569212=2, 20558101=2, 11140905=1, 16450439=3, 822832=2, 23112846=2, 20352035=2, 31184804=1, 6287129=1, 1038607=1, 4784802=3, 29272563=2, 25288205=1, 3709885=2, 22894968=1, 20581141=4, 11758573=1, 1892253=1, 19183394=2, 19537853=4, 8715142=1, 6425156=4, 24472292=1, 21725365=2, 28254067=3, 4247586=1, 23883220=1, 10080602=1, 31617985=1, 23690908=1, 11724937=1, 20575082=1, 28068401=1, 10602320=1, 8579024=1, 32695447=1, 25450860=1, 16575088=1, 5762029=1, 8119074=1, 3077805=1, 9061108=1, 8332984=3, 23198997=1, 33540507=1, 25343602=2, 746095=1, 8145277=1, 19545570=4, 26089769=4, 22657948=2, 23334805=5, 9360539=1, 5521783=1, 31253073=1, 14326966=2, 23245552=2, 10922357=2, 8440884=1, 10149080=1, 2037456=3, 28362788=1, 27392324=1, 31695612=2, 17609730=2, 16624677=2, 25544914=1, 6345370=1, 31465143=8, 10336727=2, 18229648=4, 26026387=3, 26259800=2, 27201139=3, 1077537=1, 17747241=1, 21543075=2, 13697846=3, 12440652=1, 18513639=1, 14589905=2, 30134006=1, 28858606=1, 15864411=4, 14122614=1, 19305187=2, 20486651=2, 13117154=6, 4922256=3, 14497533=3, 16467675=1, 11174947=2, 10303280=3, 31949291=2, 26886735=1, 33016641=1, 23110513=2, 29471384=2, 6387302=1, 24367027=1, 402175=4, 6810520=1, 19988327=1, 25218230=1, 3451121=2, 30181043=2, 30820872=1, 8301409=2, 4707220=1, 5895281=1, 26550463=3, 28669251=1, 17979387=1, 29484596=1, 9763027=1, 1211585=1, 29161017=1, 32740660=2, 8790335=4, 21115905=4, 29013973=2, 12098225=2, 25786254=1, 15652125=1, 18388367=2, 5584187=3, 10716622=2, 17156027=1, 29491459=4, 11566723=1, 24452539=3, 24702744=1, 23950632=1, 16714096=3, 118057=1, 1063195=7, 21679382=1, 28440121=1, 9922593=1, 2880677=1, 26224752=7, 1116585=3, 31222548=1, 30354988=3, 24968148=1, 12230974=2, 13583975=1, 17235358=1, 6550484=1, 15821960=1, 4317001=1, 26649064=2, 10276554=1, 24128703=7, 22316490=2, 31871585=1, 4533489=3, 7928350=1, 1381610=3, 26198487=1, 445421=1, 5565992=1, 31268795=3, 22582332=2, 840496=1, 4052665=1, 32214209=2, 30440352=1, 27869916=1, 32912852=4, 9806441=2, 13727573=1, 26709725=2, 2134511=2, 22209223=1, 3445967=2, 11290105=1, 7142380=1, 30735876=1, 14610145=1, 25538950=2, 10540647=1, 15126240=1, 5023189=2, 33165659=4, 22963709=1, 6138638=2, 28656939=1, 1038721=1, 27930991=4, 27802639=6, 25883333=1, 25888556=3, 21398864=2, 29719953=1, 14294660=4, 33345751=1, 3391115=2, 23341916=5, 28783039=3, 21392365=1, 15492104=1, 17240880=3, 22915644=2, 8966827=1, 9916521=1, 10247009=1, 22648385=2, 8662=13, 15195557=1, 15653891=1, 31566981=2, 28474075=1, 11819696=1, 23062710=1, 8204384=3, 22258061=2, 12570533=1, 14158065=6, 14089982=1, 31631120=2, 13046154=3, 20456482=6, 31663252=3, 2868969=1, 11302593=1, 4140556=3, 10139443=2, 19266747=1, 15564645=1, 25676184=1, 1765155=1, 3186137=2, 10652299=2, 31966316=1, 315883=1, 29068224=2, 28827120=1, 14269004=2, 22015628=1, 19241512=2, 4785993=3, 24286448=2, 24912256=5, 28299184=1, 5379413=4, 13160421=1, 27405023=4, 517436=1, 14041983=1, 23533278=3, 13980968=1, 18173752=1, 14625273=3, 3427116=1, 1099028=1, 8168123=2, 32789348=1, 3283525=4, 2931983=2, 24715890=3, 8452050=1, 26948849=3, 13126547=1, 19610286=3, 12395880=3, 11908114=2, 21008427=2, 7088523=5, 7451253=2, 29262495=2, 5408487=2, 10169496=3, 4200024=9, 26863629=1, 18435307=1, 17752548=1, 16616341=2, 4786536=3, 10120271=1, 24484404=2, 4667983=3, 14729854=1, 24713325=3, 8530812=4, 32915821=1, 11185401=2, 28964074=1, 662194=4, 7935186=3, 14711371=1, 10409639=1, 18340321=1, 10588514=2, 9766283=3, 14234831=3, 14565433=1, 14569716=1, 14040273=4, 14670287=1, 498711=2, 47759=2, 7420292=3, 19787252=1, 11969425=2, 21476218=2, 614519=1, 11568947=2, 22678482=4, 31892542=2, 24717761=3, 5585871=3, 15268921=1, 5478133=2, 10454394=2, 17282066=2, 23220662=1, 9094696=1, 10640981=1, 25554185=1, 3905049=2, 8090708=1, 14048712=1, 25817234=1, 12508611=1, 28943167=2, 16443778=1, 9287669=2, 10612335=1, 17964840=4, 29161097=1, 7466566=1, 14316182=1, 31163259=2, 6438505=4, 3446915=2, 14047838=1, 22508604=1, 26941417=3, 13299691=1, 2319261=1, 14363186=3, 3511805=2, 19738296=3, 14078891=1, 26912974=2, 24454262=3, 9421503=1, 14778622=2, 31336406=4, 403143=4, 11288273=5, 2599387=2, 23826893=2, 1241065=1, 31690849=2, 3222230=3, 7443071=2, 33108915=3, 2209883=2, 32559369=1, 32085665=2, 15179569=2, 19459594=1, 18095311=5, 18048677=1, 29940060=1, 18431276=3, 23649999=1, 11016741=6, 21644028=1, 25745084=1, 7499132=1, 11096023=1, 29072463=2, 33234452=3, 29082406=1, 32823665=1, 10595568=2, 13342642=2, 8116540=1, 19591819=1, 8032180=2, 29505438=4, 25584333=1, 32109069=1, 14262168=2, 6114193=1, 33071873=2, 29261364=1, 11268457=1, 30011071=1, 2056884=1, 8078581=1, 8203389=3, 16777913=11, 29719790=1, 16898704=1, 32317726=3, 12681138=1, 21320065=1, 23070361=8, 8090395=1, 13265083=1, 17163447=1, 23323140=1, 17636884=3, 11190630=1, 26740835=6, 31804702=1, 21285439=1, 17595255=1, 1957603=1, 18491585=4, 27100035=2, 12884515=2, 26603370=1, 7654911=1, 21419651=1, 23413989=1, 4174660=2, 4866458=1, 32612229=2, 17445125=4, 1406852=1, 28532538=1, 18593812=2, 29683167=1, 18241925=1, 21910691=1, 20771437=1, 11955159=1, 19682362=1, 16982317=3, 25638131=3, 27650008=1, 13741358=2, 21213646=2, 2320030=1, 32090792=2, 8532027=4, 28564847=1, 6030278=5, 30940156=6, 11483073=3, 3483779=3, 24510338=1, 4516550=1, 19821001=1, 27727684=3, 14681949=8, 20939883=2, 10540434=1, 6372984=3, 24733430=1, 6612335=1, 20726232=1, 5103156=1, 6220929=1, 28950942=1, 19718914=1, 6377533=1, 4949951=2, 29478275=1, 18887018=8, 31857079=4, 10721485=2, 22474383=1, 10390739=2, 9438773=7, 26671837=1, 12158239=2, 16203433=3, 15158952=1, 19618283=1, 19978751=1, 5400669=1, 30805712=4, 25261955=1, 9143749=2, 17223073=1, 30344229=3, 32534868=1, 7480940=4, 25399794=2, 33201267=2, 746674=1, 33326442=2, 24671074=1, 2786425=2, 27409257=4, 1341516=1, 1661674=1, 25134647=2, 9465145=1, 29880887=1, 21139148=2, 20138287=1, 7264236=1, 13033582=1, 7548230=3, 8255017=1, 22060416=2, 18921961=2, 1003629=1, 30945297=6, 30549030=4, 24384084=5, 12701280=1, 22064241=2, 32535477=1, 5085940=2, 5793846=1, 17227939=1, 12625518=2, 28486683=2, 12436245=1, 29869730=1, 691722=2, 29468075=2, 24262360=4, 736431=3, 28621380=2, 31845298=1, 9959220=1, 16374482=1, 1434605=1, 33077231=2, 13593447=1, 20562489=1, 4179159=1, 21366383=4, 855378=3, 9246441=3, 8283949=1, 24825972=1, 12688145=2, 16796843=1, 24281916=2, 5341221=2, 8108063=2, 15181452=2, 30461518=1, 13676376=2, 8881870=2, 30847022=2, 26299646=1, 10315105=1, 7322315=2, 11842114=2, 29119060=1, 8675710=1, 24733118=1, 28126455=3, 16486735=2, 1477712=2, 32089634=2, 25219641=1, 24589923=3, 28186039=4, 17274874=2, 6984347=2, 4977763=1, 8998090=1, 24186059=3, 32497258=1, 7103941=1, 30258721=2, 25306220=4, 30054762=2, 24299477=1, 12242479=1, 31789181=3, 21095524=1, 5826386=1, 14097565=3, 9345761=2, 11146942=4, 1956735=1, 20337254=1, 30149746=5, 3470427=1, 8563335=2, 29689864=3, 32036064=1, 31016135=1, 26853016=2, 24029165=2, 17344284=2, 6665076=2, 23917073=1, 26549182=3, 16827762=1, 12804544=1, 1914801=3, 32786095=1, 24339056=1, 14979000=2, 1643950=3, 25855402=2, 24570644=1, 28025468=2, 32945310=2, 32201471=1, 17116775=3, 940879=1, 30317760=2, 4884939=2, 3095299=3, 8688809=2, 5187632=3, 26741062=6, 8165977=2, 26908690=2, 2458531=2, 3182953=2, 26418531=3, 10148171=1, 8409525=1, 31208713=5, 24778784=4, 6292467=8, 24327750=3, 9685252=1, 7939661=3, 3290032=4, 2894543=5, 15441602=2, 31222575=1, 18737681=1, 25771275=3, 8992374=3, 990076=3, 18173824=1, 22917393=2, 16799755=1, 10092744=4, 5131857=1, 7058037=2, 15087807=4, 28833247=1, 20370739=1, 887194=2, 10011053=1, 16272132=1, 25947715=1, 23800592=3, 29759843=4, 2308416=3, 11806112=5, 27084758=1, 3377685=2, 7168413=1, 9104988=1, 13046954=3, 12584805=9, 5356443=2, 32539107=2, 203290=3, 32214252=2, 446722=1, 12629368=2, 26488551=5, 15538445=3, 9276741=2, 9645922=3, 18284955=3, 31420877=1, 16929812=1, 31153716=1, 15791256=1, 18784452=2, 19737389=3, 26789530=1, 9815255=1, 11434684=1, 2792020=2, 5476543=2, 3719436=1, 27255506=1, 5761471=1, 7426247=1, 9806322=2, 28235039=1, 33549488=1, 24256337=4, 15912631=1, 31941493=1, 28153266=2, 32856952=1, 4219041=1, 22948521=4, 14917882=2, 1919962=1, 23590352=1, 21397742=2, 10437847=1, 2401972=2, 23861474=5, 3293335=1, 32411614=2, 13160095=1, 11793246=1, 3832835=1, 16346804=1, 28520727=3, 17703533=4, 31280146=1, 24398036=1, 9239366=1, 19149379=5, 21302141=3, 6635932=1, 29853897=2, 29388242=1, 4850698=4, 10026591=1, 31663830=3, 4085271=1, 13071353=1, 19771021=2, 26046873=1, 14869266=1, 7013981=3, 29505152=4, 9108989=1, 22563538=1, 18488009=4, 25428155=5, 27443005=2, 18065546=2, 32979556=3, 33310414=1, 18480115=1, 28325819=7, 25939525=1, 33288310=1, 14846286=2, 28025650=2, 19256626=1, 32809235=2, 16572619=1, 14522483=2, 29614260=1, 5059087=3, 15489676=1, 6646210=1, 28246397=3, 18803014=1, 31578983=1, 32642830=4, 17231018=1, 25603951=2, 7233204=1, 29410039=1, 26313356=2, 17461735=1, 5571131=3, 4680202=1, 25379805=1, 5032516=1, 3307240=1, 13926130=1, 28279278=2, 15821571=1, 27059541=1, 6980241=2, 21983326=1, 17456579=1, 8753047=2, 3486750=3, 27971130=1, 31455454=1, 20407753=1, 8435527=2, 25454202=1, 16554583=2, 18158921=3, 19353532=1, 22598901=1, 23224382=1, 33000724=2, 9554449=1, 23898318=2, 21822335=1, 27209457=3, 5174626=1, 2770418=1, 33044639=6, 3991587=1, 7508588=2, 32632583=1, 31201325=5, 8896875=1, 5704446=3, 17574255=5, 870366=1, 2161074=1, 15020653=3, 17648388=1, 3027916=4, 20349232=2, 30617415=3, 9846806=1, 27610627=1, 15669084=3, 11303744=1, 10923351=2, 22515977=2, 17856697=1, 11739532=3, 6325049=2, 28780852=3, 13047010=3, 8313001=1, 20130514=3, 13663556=1, 1582331=6, 23623466=1, 4852977=4, 13000373=1, 32999760=2, 31150947=1, 31511304=1, 32872638=2, 14122761=1, 5924716=1, 14856403=2, 25921416=2, 25844739=1, 14738481=1, 33188594=1, 25795352=2, 20457259=6, 30298481=1, 2889604=5, 32709882=3, 28875498=2, 10382234=1, 18185888=1, 1750127=2, 1087293=2, 19248033=2, 19099463=1, 10479334=1, 5181696=3, 672736=1, 28269640=1, 26458139=2, 3217842=3, 30616490=3, 5680476=2, 17086345=2, 30387284=2, 32143832=1, 31988941=6, 6411508=1, 20676247=1, 24410661=1, 24198953=3, 20042926=1, 3216936=3, 3791007=1, 29989466=2, 13637320=7, 29374589=9, 7388325=2, 20071464=1, 12809993=1, 25872000=1, 31178939=1, 158824=1, 22351846=3, 27094144=1, 19714260=1, 7264766=1, 1131554=1, 3695241=1, 24679295=2, 23462956=4, 12160070=2, 3860538=1, 9076355=1, 7296602=1, 2588327=1, 22185766=2, 364771=2, 20365725=1, 15508835=2, 14201973=2, 12735765=1, 16260782=6, 21411418=2, 3620439]=3}>
	at org.apache.hadoop.hive.common.ndv.hll.TestHLLSerialization.testHLLSparseNoBitPackingHalfDistinct(TestHLLSerialization.java:168)
]]></failure>
  </testcase>
  <testcase name="testHLLDenseNoBitPackingHalfDistinct[8]" classname="org.apache.hadoop.hive.common.ndv.hll.TestHLLSerialization" time="0.076"/>
  <testcase name="testHLLDenseNoBitPacking[8]" classname="org.apache.hadoop.hive.common.ndv.hll.TestHLLSerialization" time="0.08"/>
  <testcase name="testHLLSparseSerialization[8]" classname="org.apache.hadoop.hive.common.ndv.hll.TestHLLSerialization" time="0.043"/>
  <testcase name="testHLLDenseSerialization[8]" classname="org.apache.hadoop.hive.common.ndv.hll.TestHLLSerialization" time="0.042"/>
  <testcase name="testHLLSparseSerializationHalfDistinct[8]" classname="org.apache.hadoop.hive.common.ndv.hll.TestHLLSerialization" time="0.053"/>
  <testcase name="testHLLDenseSerializationHalfDistinct[8]" classname="org.apache.hadoop.hive.common.ndv.hll.TestHLLSerialization" time="0.051"/>
  <testcase name="testHLLSparseNoBitPacking[8]" classname="org.apache.hadoop.hive.common.ndv.hll.TestHLLSerialization" time="0.07"/>
  <testcase name="testHLLSparseNoBitPackingHalfDistinct[8]" classname="org.apache.hadoop.hive.common.ndv.hll.TestHLLSerialization" time="0.133">
    <failure message="expected:&lt;...Prime: 6 register: {[2868969=1, 8849574=3, 1952295=1, 14546071=1, 18476627=1, 11743437=3, 16539239=1, 12401600=3, 22736268=1, 662194=4, 30604707=1, 28843858=6, 29914279=1, 13728624=1, 32778645=5, 31336406=4, 29509280=1, 8261691=4, 7347703=7, 23917073=1, 10587115=2, 16337200=1, 17781019=1, 28296273=1, 21488775=1, 8165977=2, 13530020=1, 27183381=1, 32526340=1, 23613630=1, 20558101=2, 9220035=2, 7759618=1, 14402828=1, 10729003=2, 7058037=2, 14143242=1, 10763150=5, 25836729=4, 27688418=1, 9735981=2, 1038721=1, 31896860=2, 7016906=3, 27182531=1, 11230092=1, 12144244=1, 23454318=1, 29681241=1, 18430979=3, 21300686=3, 30174036=1, 14737784=1, 9320899=4, 28769533=1, 32139057=1, 3022194=4, 20753597=2, 8734993=1, 31136612=3, 3470427=1, 18790874=2, 30458482=1, 672736=1, 11483073=3, 5220610=2, 15326282=1, 29913127=1, 19522553=1, 17289424=1, 14793574=2, 17580913=1, 30847022=2, 19029207=1, 28281753=2, 6976903=1, 13241472=4, 15791256=1, 19276078=4, 9645922=3, 14250300=1, 870366=1, 24665752=1, 12260709=3, 19682362=1, 8799909=1, 7110270=1, 21302141=3, 3474924=3, 21676899=1, 17963626=4, 29354958=1, 29862524=2, 11669763=4, 9909708=3, 11290105=1, 20987029=9, 15593894=1, 18815688=3, 16948734=2, 22199761=2, 17805379=2, 5793846=1, 31695612=2, 10426605=3, 14529227=2, 19256626=1, 1611546=2, 16063355=3, 32221330=2, 16714096=3, 24299477=1, 32835774=3, 191426=1, 16062417=3, 14670287=1, 10479334=1, 7826193=1, 11538986=7, 7233204=1, 20319696=4, 13429816=1, 20055505=4, 15434861=2, 3743137=3, 1563544=1, 20892463=1, 20710940=5, 2023059=1, 12647393=1, 7548230=3, 23483918=1, 507367=2, 32425629=1, 25050673=4, 22736529=1, 4078155=4, 18013585=1, 7420292=3, 5513529=5, 17926646=2, 33378878=1, 28964074=1, 7939661=3, 28388825=3, 4674407=1, 20514512=3, 22263639=2, 8032768=2, 8753047=2, 506303=2, 29624198=5, 8381296=1, 17979387=1, 32974561=3, 24452307=3, 4219041=1, 10681764=1, 9799016=2, 14574711=1, 11211311=3, 20861767=1, 33415046=1, 12701280=1, 25786254=1, 19580935=1, 15489676=1, 30011368=1, 12160070=2, 25288205=1, 8211532=1, 18173752=1, 22508604=1, 24366575=1, 32800317=1, 29272563=2, 21426313=1, 20960738=1, 13936151=2, 28782158=3, 4373912=2, 17344284=2, 839545=1, 24589923=3, 19099463=1, 17235358=1, 32317726=3, 29477192=1, 3229838=1, 26954219=1, 19556104=1, 26848791=2, 33228386=3, 19498049=2, 20938280=1, 15441602=2, 15048498=2, 5133117=1, 29068224=2, 2705479=1, 28798650=1, 6117717=1, 33181370=1, 25407263=2, 14222528=3, 1892253=1, 25399794=2, 18033679=3, 26671714=1, 26191548=2, 30754606=1, 18282678=1, 16334534=3, 13003486=1, 21246687=5, 2936610=1, 30814945=4, 23070361=8, 15938029=3, 11288273=5, 28279278=2, 23628829=2, 12958965=2, 24795234=1, 3290032=4, 9657362=1, 12268775=3, 9211003=2, 32056096=3, 216936=1, 33281176=1, 24726107=1, 6428597=4, 29141929=2, 938516=1, 22826162=1, 18215337=1, 10612335=1, 2536281=2, 28940925=2, 23964265=2, 30655995=1, 15690167=1, 12217584=1, 4386597=1, 11949039=1, 32863481=1, 10854128=2, 22146134=1, 517436=1, 11207046=3, 18984603=2, 11478997=3, 11447636=2, 811851=1, 18300940=1, 4911171=1, 18185888=1, 26903826=2, 8227261=2, 31843310=1, 7206785=1, 3445967=2, 834584=2, 27111481=2, 9969890=6, 27500555=2, 26222358=7, 5400669=1, 12036033=2, 22320263=2, 11024639=6, 16905394=1, 9867871=2, 2265077=2, 7261061=1, 21494494=1, 32488626=2, 4746647=1, 26098852=4, 4718931=6, 29853897=2, 19795553=4, 22873225=3, 1725666=1, 4524508=3, 23586586=1, 7365738=1, 6452444=1, 1549953=2, 33288310=1, 27802086=6, 10322422=2, 3907462=2, 28609469=2, 7111630=2, 12294280=2, 7885109=1, 32809235=2, 13270685=1, 18374957=1, 7098041=1, 4013031=3, 29579826=1, 822832=2, 7930370=3, 17624703=1, 26313356=2, 13858289=1, 29783566=1, 446722=1, 32859522=1, 1285728=2, 6936587=1, 13894043=5, 16433084=2, 32236574=1, 29183137=1, 28461252=1, 417597=1, 9611693=2, 25549154=1, 33165659=4, 28706075=4, 8348383=1, 12436281=1, 19950535=1, 28937933=2, 21058788=1, 25997093=2, 23983960=1, 28555405=2, 11794262=1, 23028170=1, 21272397=2, 30904184=2, 29682036=1, 18281503=1, 23413989=1, 20601481=1, 26544912=3, 314=16, 7426247=1, 20976502=9, 13593447=1, 24678827=2, 31288523=1, 8142332=5, 22648385=2, 6147256=1, 15747512=1, 33234452=3, 31329671=4, 1250283=3, 30134006=1, 294417=1, 12683665=2, 12000460=3, 806511=1, 27666898=4, 22124264=2, 2676094=1, 20960328=1, 1099028=1, 16260782=6, 18130842=2, 7385663=2, 4129572=3, 6265098=2, 24158864=2, 6377533=1, 15313012=2, 31255163=1, 5226675=1, 8975300=1, 4265426=3, 2735408=2, 9080112=2, 19746918=1, 29900784=6, 26725953=1, 1492898=1, 27596542=3, 19149696=5, 11235475=1, 764183=2, 16616341=2, 33201267=2, 6114193=1, 3097661=1, 28245836=1, 8014159=1, 6490225=3, 24482099=2, 28656939=1, 3252911=2, 23418199=1, 3990916=1, 13362166=1, 3390336=2, 31330875=4, 15508835=2, 30353461=3, 29641020=1, 1828439=1, 9815255=1, 23533278=3, 24653197=6, 9544406=2, 28950942=1, 25538950=2, 33541781=1, 21175039=3, 30387241=2, 3905646=2, 25263136=1, 11763542=1, 27211042=3, 1169253=1, 30207809=1, 22527121=2, 15599948=4, 29549937=1, 3905049=2, 31153716=1, 2157902=1, 25883333=1, 19176454=2, 20147188=1, 22548128=6, 32272897=1, 16810604=2, 8235810=2, 25370222=3, 7508316=2, 17694387=1, 4121738=1, 17221469=1, 8540112=1, 29788291=2, 14455418=2, 31861856=4, 22433369=1, 10349809=1, 8800084=1, 25248081=1, 20507385=1, 4998878=1, 33417461=1, 12625518=2, 26781100=2, 28326500=7, 8058859=1, 16374888=1, 23245552=2, 12230974=2, 20571903=1, 32820366=1, 30462502=1, 11693081=1, 23187290=1, 8532027=4, 24484404=2, 26889871=1, 6138638=2, 16515883=5, 6274467=2, 22038358=1, 30266005=1, 24709622=3, 19618283=1, 25117386=1, 14589905=2, 23768266=2, 7617988=5, 10026591=1, 15275192=3, 13828132=3, 7430725=1, 12746793=2, 12159810=2, 23906609=1, 216963=1, 15576274=2, 9085272=2, 23224382=1, 14201973=2, 6624812=3, 25101702=3, 26603370=1, 32909726=4, 28521428=3, 26655695=2, 9820600=1, 31992095=6, 9579895=4, 14040787=4, 29491459=4, 12158239=2, 30373768=1, 6273423=2, 26941417=3, 18513639=1, 884963=2, 14319933=2, 32139645=1, 25357669=1, 14438396=1, 30719604=2, 5198417=1, 563458=2, 24196782=3, 24056673=3, 17197501=1, 5011954=1, 4844882=1, 11779461=2, 13051755=3, 4682884=1, 16568818=1, 341781=3, 15864411=4, 19208194=3, 365765=2, 3329585=1, 22685155=4, 7912534=2, 16801307=1, 27565114=2, 4882999=2, 1251768=3, 19416325=1, 10558057=3, 22848036=2, 15295510=1, 2865604=2, 26386712=2, 27141501=4, 3478245=3, 7017610=3, 31915469=1, 9713571=5, 11969425=2, 22943811=4, 3921822=1, 24466016=1, 16501187=1, 22032014=7, 2387374=1, 9239366=1, 27121514=1, 31719415=1, 31349688=1, 32564801=1, 26650866=2, 12893328=2, 14330484=2, 18296964=3, 17607988=2, 29299885=3, 27894062=2, 17323918=1, 467856=3, 13986908=1, 19737389=3, 16483609=2, 11974907=2, 16838875=1, 27898931=2, 23358979=1, 11532815=1, 5523248=1, 18803014=1, 17317581=6, 31444986=1, 12280976=1, 26945891=3, 600842=3, 9922593=1, 30967607=2, 29683167=1, 31579520=1, 31876640=1, 30344229=3, 26759353=1, 29309272=3, 15420280=1, 14440378=1, 4446060=1, 23810828=1, 4777730=1, 26224752=7, 31753567=2, 32631449=1, 19219695=1, 20024687=2, 21291824=1, 8896062=2, 30972095=2, 12476032=1, 15580575=2, 13419786=1, 31943195=1, 14389532=2, 3939343=5, 3843361=2, 20834323=1, 12159434=2, 5106953=1, 53038=1, 8435527=2, 32632583=1, 22594220=1, 29413926=1, 8790335=4, 29007717=2, 32612229=2, 1138891=1, 13583975=1, 17755943=1, 25906148=1, 18262925=2, 9742035=2, 23437168=2, 10742951=1, 803625=1, 2697263=3, 11369385=1, 8973555=1, 2568841=3, 27007908=5, 13676376=2, 9760483=1, 16793438=11, 29461076=2, 4283818=1, 15462904=1, 12909112=1, 8255017=1, 9384940=3, 13195401=1, 31222548=1, 2131387=2, 30820872=1, 9989255=1, 3283525=4, 25795352=2, 24114813=1, 5402771=1, 16777913=11, 8291842=2, 1582331=6, 19371899=2, 15849609=1, 16231209=2, 33326442=2, 3927405=1, 1324618=5, 32525268=1, 29505152=4, 21172193=3, 47759=2, 18011444=1, 8116540=1, 5680476=2, 3293335=1, 26152921=3, 6550484=1, 32252512=5, 29823241=3, 18079652=1, 2335097=2, 24137257=1, 3818747=1, 15036848=1, 27293612=1, 14531078=2, 11986891=1, 23631445=2, 30348657=3, 23599257=6, 17826376=7, 2726876=2, 28409266=1, 13465054=1, 17516589=1, 24822293=1, 11897115=2, 10118791=1, 6582773=1, 2159496=1, 14229235=3, 7139920=1, 11844040=2, 8218031=1, 15177296=2, 31455454=1, 17508945=3, 15265943=1, 4283749=1, 4613029=1, 13342642=2, 11003762=1, 10876042=1, 27603677=3, 30228616=1, 20195241=5, 32695447=1, 15831650=2, 25883685=1, 27657269=4, 2422815=1, 14590431=2, 25917461=1, 409485=4, 4850698=4, 3451121=2, 13082317=2, 18347233=1, 21678658=1, 16369271=1, 22900267=1, 23043585=2, 14149550=1, 10388954=2, 32343296=2, 16019940=1, 28711613=4, 14754336=3, 3826609=1, 6724301=2, 20953527=2, 25825823=4, 6340939=1, 7905767=2, 31745857=1, 2553336=1, 18048677=1, 30304209=1, 7578035=2, 9599237=1, 22060416=2, 3017272=4, 5032516=1, 8283253=1, 13766633=4, 9188884=5, 14324180=2, 25522458=1, 10297082=3, 30125745=2, 30734454=1, 20347412=1, 27004814=5, 7153305=3, 11125199=1, 22625391=3, 4176326=2, 16785430=11, 19890305=2, 20903521=1, 12744906=1, 5938561=2, 14056918=1, 5023189=2, 3463259=1, 29410793=1, 5340852=1, 8390879=10, 30690105=1, 10104931=4, 11132487=1, 24128703=7, 16929513=1, 5980349=1, 24621124=2, 15998670=5, 24787915=4, 24717761=3, 6039185=5, 3954121=1, 12393046=3, 22502456=1, 2802682=1, 31252924=1, 12350814=1, 12333201=5, 20187244=5, 32923905=1, 26645156=2, 23725498=4, 4866458=1, 16727343=3, 23961054=2, 6411018=1, 25638131=3, 6432772=4, 21285439=1, 18080688=1, 22386801=2, 13051967=3, 21411418=2, 27409257=4, 12620145=2, 31614516=1, 28177389=1, 5773837=6, 28560787=1, 27114841=2, 10930278=1, 3760346=1, 17031023=1, 19663469=5, 25374223=3, 21267355=2, 32747444=2, 10916549=2, 6125663=1, 19938712=7, 4451728=1, 10437847=1, 8227490=2, 5777968=6, 21162288=1, 27047416=2, 11353841=3, 24992707=1, 7499132=1, 5616137=2, 31611366=1, 4887496=2, 18182086=1, 13645476=7, 17418670=1, 19462732=1, 32411614=2, 3695241=1, 16887315=2, 5682373=2, 16425842=2, 11569032=2, 1839334=5, 13943254=1, 12395560=3, 11253638=2, 13682982=1, 21634248=4, 17932147=2, 31930266=3, 14648257=2, 29719953=1, 20858119=1, 11702570=2, 21419651=1, 9350531=2, 17811578=1, 774622=1, 28583125=5, 441690=2, 25134647=2, 23381588=1, 31834545=1, 25865705=2, 12456928=4, 31474358=1, 20514421=3, 19459594=1, 12530889=3, 17563218=1, 23773487=1, 14097565=3, 8406622=1, 25096767=1, 27104466=2, 21865209=2, 10409639=1, 21567429=3, 11463708=1, 12199719=4, 19975203=1, 9586971=1, 14158065=6, 3791007=1, 31208713=5, 10220765=1, 23263317=1, 2453530=1, 31631120=2, 31534324=3, 15650098=1, 3427116=1, 2502918=4, 12158193=2, 33314258=1, 29989466=2, 29281418=1, 10149877=1, 27870104=1, 27288312=1, 25520377=1, 28270517=1, 31677007=1, 3936736=5, 10666364=1, 2966072=1, 166528=2, 32036064=1, 11246197=2, 23856784=5, 4786536=3, 26088801=4, 28057554=5, 6334271=2, 6359481=3, 31421927=1, 21326217=1, 7465379=1, 20857868=1, 8310556=1, 10394179=2, 14690368=8, 17271874=2, 103213=2, 1576735=6, 22518769=2, 4949951=2, 27084758=1, 25260122=1, 25226902=1, 21303497=3, 29595169=2, 14519675=2, 2018476=1, 4042232=2, 20584924=4, 24351483=2, 23210572=4, 17915162=1, 14847232=2, 8301409=2, 15190416=1, 17282066=2, 28153266=2, 21578404=1, 31272320=3, 22130866=2, 7279376=3, 29895499=6, 19539560=4, 6590415=2, 26550463=3, 16639393=1, 5826386=1, 9466676=1, 19246625=2, 14737668=1, 27557062=1, 27241713=2, 18470008=1, 26853016=2, 4990848=5, 17094740=1, 33072483=2, 5813891=2, 17213507=2, 27179113=2, 24317354=3, 7377976=2, 23345662=5, 6483473=1, 1316788=5, 5009641=1, 148411=1, 12884515=2, 12552584=2, 2646956=1, 9009789=1, 39527=2, 23831708=2, 33345751=1, 14071911=2, 1436514=1, 12710703=1, 31498356=2, 21859438=2, 13020628=2, 7311692=2, 19705284=2, 30429083=1, 17747241=1, 21543075=2, 12710127=1, 13997898=2, 4852977=4, 30917958=1, 6830818=6, 11847208=1, 18984532=2, 13743999=2, 17163447=1, 4928221=3, 21578749=1, 5565491=1, 25836192=4, 250190=1, 24398036=1, 25971250=1, 31006403=3, 26259549=2, 23590352=1, 29017635=1, 27021529=1, 26409194=1, 20735511=1, 28260656=3, 14648867=2, 23810866=1, 6220929=1, 12845935=5, 12587467=9, 4200024=9, 3237913=1, 495615=2, 5592437=1, 644805=1, 9203677=1, 32689740=1, 13570102=3, 22941169=4, 11908114=2, 22022043=7, 269072=5, 32740660=2, 31088231=1, 644438=1, 19809275=1, 7857011=1, 30058500=2, 23293916=1, 6007188=2, 1288685=2, 15972836=2, 18887018=8, 16203318=3, 10433636=3, 30519884=2, 13719942=1, 26089769=4, 8096471=2, 26771904=2, 7029192=1, 32545455=2, 9060050=4, 11415611=4, 16293073=2, 8675710=1, 12911150=3, 31716962=1, 8363152=2, 24256337=4, 7901577=2, 11464146=1, 7522334=1, 7173524=1, 19029733=1, 18659058=2, 7986521=1, 32856952=1, 12681138=1, 27226179=1, 29673102=1, 12910666=3, 21155842=1, 17609730=2, 29553742=1, 4096710=2, 31789181=3, 2209883=2, 26458139=2, 9486254=2, 3567796=1, 21799441=2, 10685787=3, 2981321=1, 16805617=1, 22502953=1, 22011230=1, 21976297=1, 5157248=2, 22558797=6, 8204384=3, 17274874=2, 4832864=2, 17231817=1, 28505210=1, 3328700=1, 16758914=2, 7534332=1, 800616=5, 25745084=1, 19684061=1, 22915644=2, 21026350=1, 2880677=1, 11191241=1, 5724352=1, 17436735=4, 23373979=2, 7088523=5, 7483961=4, 23778178=1, 17066015=1, 19246089=2, 6411508=1, 21309762=3, 27578636=1, 32377276=4, 3659025=1, 20971445=1, 3839994=2, 27772031=1, 9846806=1, 13024122=2, 29075082=2, 27923583=4, 28646940=3, 26928030=1, 15978924=1, 16108863=1, 26709725=2, 15302857=2, 2319261=1, 29330576=2, 3425756=1, 14326966=2, 4526222=3, 19028573=1, 24011204=1, 3188148=2, 16261686=6, 12809993=1, 32155049=2, 7860310=1, 2931983=2, 4884939=2, 13216249=2, 32736224=2, 8145277=1, 990076=3, 16801693=1, 15741376=7, 26782647=2, 16254931=6, 30059806=2, 33514430=1, 26045811=1, 7996768=4, 1493309=1, 19366391=2, 7877681=6, 24702744=1, 2126934=1, 11435307=1, 422657=1, 18755564=4, 29253745=1, 13421765=1, 29248006=1, 5625922=1, 25492663=1, 11127793=1, 6321678=1, 3095299=3, 21016463=2, 30831428=1, 24715890=3, 4335167=4, 28389037=3, 28202695=1, 32881406=2, 10339700=1, 27046333=2, 13432117=1, 4246367=1, 22816068=5, 20002290=3, 27764113=2, 31524391=3, 6665076=2, 25218230=1, 8988092=3, 12374419=1, 2712697=1, 1081577=2, 23174290=2, 831936=2, 3511805=2, 11631710=1, 28716109=4, 24467458=1, 2281904=1, 23510530=2, 21199871=1, 9130510=1, 2828278=3, 5175720=1, 9388467=1, 12024898=1, 12751894=2, 6256042=1, 10514971=1, 2458531=2, 9465145=1, 6133000=2, 3443925=2, 6025315=1, 10303280=3, 16929812=1, 24402607=1, 19821001=1, 1174736=1, 15419667=1, 13968489=3, 3528908=1, 21239181=5, 15778490=1, 9939710=2, 31325457=1, 26534467=1, 4317001=1, 18935480=1, 6620012=3, 30486543=3, 31988941=6, 24012843=1, 31227701=1, 8896875=1, 7314104=2, 32912985=4, 14858267=2, 31718127=1, 19201486=1, 4413228=1, 23691258=1, 27113613=2, 11886516=1, 29557081=3, 26788561=1, 16194992=3, 2202727=2, 3975777=2, 3836801=2, 7013981=3, 23790176=3, 13117154=6, 2669592=2, 27806663=1, 32823665=1, 4829866=2, 534468=6, 4039000=2, 30310855=2, 10315105=1, 3706595=2, 31966316=1, 2634114=6, 32198920=1, 31235781=2, 10169496=3, 25850614=1, 3832835=1, 5961481=1, 22177763=1, 4014701=1, 282206=1, 8378199=1, 22332668=1, 12429289=2, 24233603=1, 20887876=2, 17205229=2, 26656905=1, 3300214=1, 19591819=1, 13081391=2, 3884170=1, 16198154=3, 4750194=1, 26944974=3, 21649459=1, 32246108=5, 16552599=2, 15020653=3, 5092208=2, 16422611=2, 20888347=2, 29057152=1, 29997717=2, 27400485=4, 28995727=1, 9418540=2, 14935449=1, 7482689=4, 31205180=5, 29883703=1, 13267696=1, 25586627=1, 16200608=3, 2790377=2, 2938245=1, 23413282=1, 19143114=5, 12902407=1, 25023662=1, 22853866=2, 13187762=3, 1334929=1, 10640981=1, 25965014=5, 24923527=1, 30633713=1, 15238806=2, 29341289=2, 10712882=1, 26863629=1, 14604770=1, 1985472=1, 32808359=2, 8795839=4, 4737948=1, 15608883=4, 4437624=2, 14625273=3, 26671837=1, 16453440=3, 20868969=1, 27230482=2, 5642187=4, 4435165=2, 30945297=6, 2869129=1, 19447973=1, 3248182=2, 27612926=1, 11153300=4, 16399846=4, 11842114=2, 6313620=1, 23690908=1, 29919415=2, 5851936=1, 24568664=1, 5961977=1, 7322315=2, 20145729=1, 10081279=1, 6387302=1, 26736940=1, 7932822=3, 9595788=1, 11146942=4, 14142168=1, 30695735=1, 3320810=2, 24148329=1, 9390897=1, 3692515=1, 30638294=2, 17859736=2, 25052526=1, 24333225=1, 15984220=1, 2980632=1, 25859540=2, 9076355=1, 3626940=1, 25568630=4, 19831404=2, 26039437=1, 9193395=1, 24384084=5, 24136320=1, 31379561=1, 13555272=1, 25658336=2, 31396393=3, 21716778=1, 27885680=2, 9027426=2, 15312986=2, 16281259=1, 14674046=1, 22072300=1, 5143639=1, 2002824=2, 5670807=2, 27554513=1, 31360864=2, 13402096=1, 6612335=1, 21351828=1, 1559951=1, 14869266=1, 624515=2, 27971130=1, 22678482=4, 22009975=1, 29883925=1, 23080943=8, 28865538=1, 9974344=6, 19327998=1, 29161097=1, 11732515=3, 28280752=2, 2901703=1, 11366879=1, 7484059=4, 16137063=4, 4565220=2, 25285132=1, 30924825=1, 16123792=4, 24167467=1, 24585146=3, 24265763=1, 23883220=1, 1914801=3, 20182371=1, 10602320=1, 19267265=1, 8288703=1, 13672460=2, 14951424=5, 29172029=3, 13770197=4, 22199377=2, 30096814=3, 16827885=1, 4441586=1, 4615204=1, 15071813=1, 2624160=6, 25888556=3, 33163503=4, 30069215=1, 21416657=1, 9633695=1, 30549030=4, 14497533=3, 16904527=1, 18599076=1, 589993=3, 20921253=3, 27200966=3, 20846175=4, 3896174=1, 19367245=2, 16762778=1, 17127668=1, 1754845=1, 501090=2, 9771476=3, 20969327=1, 16823670=2, 27939821=1, 21138070=2, 25490128=1, 24671074=1, 13244358=4, 27809960=1, 30110855=1, 31784039=1, 12919407=3, 4087997=1, 3788542=1, 19353532=1, 5264774=1, 29565180=3, 9320365=4, 27489841=1, 13206945=2, 15946938=1, 31219611=1, 15337393=4, 28669251=1, 17821798=1, 8154695=1, 15818366=1, 22212219=1, 14078891=1, 4785993=3, 4610293=1, 8088172=1, 11171234=1, 20448057=6, 21213646=2, 23404343=3, 11689812=1, 26079985=1, 17223073=1, 21732638=2, 21481172=1, 7538738=3, 3420709=5, 18488009=4, 9873384=2, 12776871=1, 5689115=1, 11048714=2, 7120888=2, 14856403=2, 30708268=2, 24238720=1, 23120574=1, 22372010=1, 11259827=1, 11210880=3, 9361323=1, 17236027=3, 16283255=1, 3617081=3, 9763027=1, 15917843=1, 9681905=2, 32731612=1, 30395730=1, 30915734=2, 21441417=3, 17139942=2, 24602970=1, 22598901=1, 6327760=2, 25844739=1, 4319626=1, 13013383=2, 31313722=1, 12098225=2, 3938380=5, 21989420=2, 18959262=1, 1654925=1, 13791497=1, 31804702=1, 9994704=2, 24778784=4, 32669296=1, 19856081=1, 33230732=3, 8283949=1, 10785257=2, 11520194=1, 21534796=2, 31903583=1, 29272940=2, 8279049=1, 10155656=1, 7814138=3, 28069703=1, 22563538=1, 14667029=1, 21006338=2, 9176251=5, 25767217=3, 11555634=1, 16542688=1, 7282959=3, 14977026=2, 17575384=5, 3486750=3, 19787252=1, 27126499=1, 28306675=1, 22258815=2, 4151784=1, 15653139=1, 3121702=2, 22312943=1, 32205691=1, 29359239=1, 23319026=1, 8249649=1, 3650720=2, 16689828=2, 27059541=1, 10628367=4, 10052636=1, 10159007=3, 26178412=1, 10696759=3, 10888039=4, 8078581=1, 18340321=1, 7254395=2, 31878034=1, 25788851=2, 27713666=1, 24034198=2, 32539107=2, 10311863=1, 24654049=6, 18853260=2, 25339527=2, 19358584=1, 27344633=3, 16167326=2, 31585208=1, 17448126=4, 4216197=1, 20337254=1, 26474096=1, 3893031=1, 31663830=3, 5753407=1, 14107133=1, 29262167=2, 5746571=2, 27625701=2, 52624=1, 5263470=1, 5079329=2, 13063201=1, 6166567=4, 27057200=1, 5876058=2, 3894405=1, 6120763=1, 21175219=3, 4138095=3, 1397290=1, 10961145=1, 30967438=2, 13959700=3, 29699422=3, 20622473=2, 24536019=1, 23131307=1, 9215793=2, 32979556=3, 15261098=1, 7800010=3, 28254067=3, 1323169=5, 33237274=3, 29153662=1, 32407461=1, 25848394=1, 6931468=1, 18800081=1, 21528962=2, 5006384=1, 14868213=1, 5356443=2, 13303007=1, 23474363=4, 10209104=1, 23828992=2, 16580647=3, 5492574=1, 9554449=1, 13000373=1, 9016990=2, 33228886=3, 26238643=1, 7422319=1, 13830536=3, 3022264=4, 27475612=3, 4192417=1, 29119060=1, 32584230=3, 31885734=2, 23580289=1, 21766747=5, 22857124=1, 16554583=2, 5131857=1, 1765155=1, 25554185=1, 20100269=2, 17567974=5, 8872793=1, 20365725=1, 23463976=4, 6457006=2, 30599617=1, 1788562=1, 15222218=1, 20087761=2, 12046732=1, 11559514=1, 31465143=8, 9884162=1, 24843693=3, 15822023=1, 23928403=3, 9936136=2, 26948849=3, 2037456=3, 17661587=1, 21525104=1, 31133075=3, 26406959=1, 315883=1, 1164818=1, 26484610=5, 21644028=1, 32332172=1, 30248740=2, 16664231=1, 12436245=1, 13663556=1, 21398864=2, 23112846=2, 6460883=2, 20450018=6, 2640076=1, 13115761=6, 32104874=1, 19537853=4, 21548819=1, 27523606=1, 11831504=2, 16780673=11, 10204413=2, 16889365=2, 29869730=1, 16467675=1, 7752875=1, 13859365=1, 31679182=1, 28920452=1, 3163085=1, 721654=3, 29614260=1, 25143583=2, 599681=3, 28246397=3, 5478133=2, 29964467=3, 32986226=1, 5740168=2, 14518906=2, 30772531=2, 20570987=1, 11627233=1, 15679040=3, 28272608=1, 6538710=1, 4443469=1, 7967883=2, 18598893=1, 15175478=2, 30978710=2, 20541017=1, 16574488=1, 23631378=2, 2889604=5, 5785849=1, 9554929=1, 9276741=2, 478139=1, 14368001=3, 23253020=1, 6345370=1, 3509155=2, 28186039=4, 20848322=4, 5916690=1, 20939883=2, 14869664=1, 17007847=2, 25819261=1, 28532967=1, 22185766=2, 32806396=2, 25306220=4, 10588514=2, 22474383=1, 26789530=1, 25638953=3, 20174611=1, 20362950=2, 19291565=1, 32964819=3, 14522483=2, 7630717=1, 30246010=2, 6582812=1, 4977763=1, 20719602=5, 3356678=3, 13799555=2, 29895541=6, 32999760=2, 12138124=3, 10003085=2, 11293518=1, 4892119=2, 22544962=6, 15538445=3, 32724457=1, 29589931=2, 9908555=3, 10817568=3, 25802615=2, 27328828=3, 6132893=2, 28400157=1, 21309218=3, 2070218=2, 13229828=1, 18735434=1, 9712313=5, 21746733=1, 15912631=1, 15652128=1, 3533025=1, 30803406=4, 10492545=8, 22894253=1, 25974755=1, 8487750=2, 9506950=3, 10718321=2, 12329289=5, 14568320=1, 17231018=1, 18943457=3, 14993679=1, 20464339=1, 33049564=1, 16658067=4, 13204486=1, 19199251=1, 3047261=1, 736431=3, 31016135=1, 28974246=4, 27169175=2, 31150947=1, 352490=1, 735541=3, 25584333=1, 30357645=3, 31308837=2, 24771861=1, 7758510=1, 9239000=1, 25617429=1, 31184804=1, 4688260=2, 12676224=1, 6671982=1, 12265513=3, 12297985=2, 13770875=4, 8041641=2, 18921961=2, 26926975=1, 20276312=1, 19194940=1, 7735136=4, 25496206=3, 27278628=8, 16328004=3, 24855955=1, 11638016=2, 5533582=1, 3402473=1, 17856697=1, 13624405=1, 21365364=4, 31024800=1, 18989760=1, 16990254=1, 13529901=1, 25587295=1, 19052478=2, 18491585=4, 25931343=2, 11867770=3, 27812481=1, 6325049=2, 17086345=2, 32520904=7, 5029273=2, 12291192=2, 2239074=4, 22855747=1, 10113697=1, 29261364=1, 569424=2, 3321465=2, 29621438=1, 12113542=1, 31077274=4, 23816461=1, 21815224=1, 13162705=1, 27405023=4, 9562336=1, 14363186=3, 4516550=1, 32221600=2, 11955159=1, 15336114=4, 16353884=2, 8792975=4, 9104988=1, 6425156=4, 19700117=2, 15494830=1, 1194846=4, 29246911=1, 10539873=1, 11375539=2, 450534=1, 1487847=2, 17964840=4, 14460388=2, 32025336=2, 23856236=5, 31031982=2, 14665837=1, 27760439=2, 10923351=2, 8353434=1, 7136076=1, 21298299=1, 26661549=1, 24216676=2, 4491065=2, 28325819=7, 10039069=3, 13284004=2, 6654464=2, 9159504=1, 12132307=3, 16874512=1, 2003427=2, 6646210=1, 25430815=5, 33458460=2, 3218198=3, 14309348=1, 24301469=1, 13674472=2, 5556684=1, 1364974=1, 20016124=1, 23358319=1, 13912405=1, 14550581=4, 19988327=1, 15131764=1, 8881870=2, 26741062=6, 14413955=1, 19248033=2, 13467809=2, 16827762=1, 28235039=1, 1459877=1, 29468075=2, 31810895=1, 22364526=1, 32365878=1, 1038607=1, 7121235=2, 12887026=2, 2178295=3, 1730045=1, 6768789=1, 33396970=2, 5271611=1, 4839446=1, 31673675=1, 5174626=1, 23664705=3, 13463289=1, 19768698=2, 195415=1, 18939554=1, 523859=1, 17817613=1, 1643950=3, 33434591=4, 2440804=3, 4174660=2, 13046954=3, 18907187=2, 1063195=7, 1077429=1, 15862743=4, 19426070=1, 8738629=1, 11550016=7, 19978751=1, 1373698=1, 31566981=2, 18894894=1, 30228648=1, 11819696=1, 24748237=2, 22363432=3, 26752829=6, 13160095=1, 14071657=2, 32709882=3, 15096189=1, 22271360=1, 17202129=1, 15789279=1, 5732643=1, 13961603=3, 27094144=1, 12990009=4, 21251886=1, 22264439=2, 24531471=1, 26296176=3, 29109682=5, 24068326=1, 11489203=1, 7148492=3, 17296714=1, 14987744=2, 11360489=1, 4784802=3, 28710557=4, 29340225=2, 498711=2, 5498806=1, 10807287=1, 13018024=2, 18871499=1, 4787734=3, 11770586=2, 29551529=1, 28520727=3, 2833551=3, 6814663=1, 13906542=5, 3070517=1, 14749718=3, 4239522=2, 11434684=1, 28532538=1, 24735572=1, 17227939=1, 8032180=2, 28096569=2, 17636646=3, 16242257=1, 17219442=2, 19808333=1, 22759758=1, 18739446=1, 29084323=1, 4472680=5, 5250170=7, 5971854=3, 32449417=3, 11174947=2, 29471384=2, 29371893=9, 12541819=1, 8678477=1, 7273914=1, 26026387=3, 18121459=2, 878298=1, 25888371=3, 9287669=2, 10652299=2, 31227640=1, 9182274=5, 8539499=1, 31197358=5, 3339014=1, 22440711=1, 21113131=4, 16529945=5, 5297201=1, 24604637=1, 5181696=3, 158824=1, 16486735=2, 13395418=1, 7170980=1, 10091529=1, 25239181=3, 23301762=2, 25686071=1, 5027123=2, 11096023=1, 29702209=3, 3186137=2, 3790210=1, 16609009=1, 27170188=2, 15786393=1, 21135778=2, 8226461=2, 31638874=1, 32092340=2, 30558147=1, 28191979=4, 23796128=3, 9632639=1, 27930991=4, 12413126=1, 10257390=2, 855378=3, 582628=1, 11504357=2, 13991745=1, 29809988=1, 5120675=4, 30805712=4, 18142516=1, 21354584=1, 12505018=1, 16710281=1, 27443005=2, 29846370=1, 11179178=2, 21798044=2, 27099213=2, 15243166=2, 30854200=1, 15034131=1, 13744842=2, 26103362=1, 18647594=2, 26169483=1, 15568558=2, 26451281=2, 32818235=1, 6499233=3, 27527288=5, 12012954=1, 32089634=2, 6486888=1, 28835389=1, 12545304=1, 11838780=2, 4020434=1, 17595255=1, 21195585=1, 5371979=1, 22792096=1, 8409525=1, 11096547=1, 7833961=2, 19436185=2, 21111955=4, 13937851=2, 746674=1, 31307450=2, 16856880=3, 20748054=2, 31676478=1, 21488626=1, 24766497=1, 16333372=3, 4291549=1, 12358267=2, 46410=2, 18728870=1, 14887468=3, 30237686=1, 21145807=2, 26886735=1, 4717240=1, 27185261=1, 24476154=1, 15116744=2, 28269640=1, 25939525=1, 29410039=1, 4372511=2, 10495299=8, 11441243=2, 21830532=3, 25164794=1, 33044639=6, 20065285=4, 16898704=1, 4359629=2, 27953159=2, 13422190=1, 32090792=2, 28123581=3, 2308416=3, 30624610=1, 10149080=1, 24764051=1, 8203389=3, 17797878=2, 21424394=1, 14711371=1, 19877671=1, 6942374=1, 1258661=3, 31033648=2, 14316182=1, 28833247=1, 11478994=3, 21745905=1, 12885641=2, 28068401=1, 21658648=1, 5379721=4, 22192906=2, 23066993=1, 19254352=1, 22525569=2, 12898261=1, 2159262=1, 26872159=4, 28681668=2, 203290=3, 2642662=1, 11282572=5, 16374482=1, 14555604=4, 22156529=4, 7741368=4, 16982317=3, 25329768=2, 21910691=1, 9519910=1, 3010020=1, 3318760=2, 15652125=1, 23329744=1, 33267517=2, 18678349=3, 30149746=5, 6438505=4, 14180159=1, 5223803=2, 8771639=1, 10224489=5, 9953388=1, 11135663=1, 824090=2, 28468351=1, 11375696=2, 32548393=2, 18038428=3, 17240880=3, 32866678=2, 27296960=2, 15108436=2, 12584805=9, 3330729=1, 10342627=1, 26493898=1, 6552519=1, 31535190=3, 15908971=1, 3027916=4, 7560652=1, 21095524=1, 2296015=3, 30526032=1, 3787825=1, 33392158=2, 20540607=1, 30691718=1, 2115787=1, 17853213=1, 14786970=2, 29657065=2, 25426067=1, 33229885=3, 11806112=5, 27028047=1, 3909779=2, 17384563=1, 2333579=2, 18711919=2, 8604248=1, 28637955=1, 21758216=5, 18889904=8, 25711111=1, 12636449=1, 1418458=2, 33083570=1, 22589219=2, 2788167=2, 181610=1, 23736080=4, 33108915=3, 8389252=10, 10727588=2, 23823796=2, 29370167=9, 6373968=1, 2997052=2, 21234533=5, 1612588=2, 10662753=2, 21188344=1, 32915821=1, 10716622=2, 25882293=1, 23026326=1, 31904492=1, 1241065=1, 9250794=3, 29678103=1, 2332909=2, 17275732=2, 22027191=7, 27802639=6, 979890=1, 10618042=4, 15780663=1, 13712185=3, 11650368=1, 30433290=1, 23070232=8, 2539576=1, 18354734=6, 21884483=1, 18773800=1, 22092837=3, 30250779=2, 17425877=1, 9360539=1, 31408991=1, 15492996=1, 30369736=1, 1807488=2, 118057=1, 27185040=1, 25544914=1, 26937029=3, 2972835=1, 8256909=1, 21305270=3, 3799583=1, 12641213=1, 9959220=1, 1505667=1, 11807950=5, 10651430=2, 27650008=1, 8565849=2, 6618943=1, 30354988=3, 23876095=1, 25261955=1, 4746671=1, 23639541=2, 4575554=1, 15645111=2, 840496=1, 1013179=1, 20426028=2, 9251499=3, 22461954=2, 31845298=1, 1981611=4, 12508611=1, 25428155=5, 12177779=1, 25947715=1, 6495258=3, 30635644=1, 23623466=1, 6392123=2, 18923540=1, 8181132=1, 30052024=2, 5989805=1, 32289619=2, 15933326=3, 1216067=2, 20418031=2, 19353833=1, 5131351=1, 9258424=1, 18737681=1, 13071353=1, 13776453=4, 33254110=1, 20457259=6, 29223115=1, 31563338=2, 4077518=4, 12800766=1, 22647635=2, 19392158=1, 8530812=4, 29613746=1, 2879583=1, 16624677=2, 7823881=1, 1478018=2, 30944193=6, 6086965=1, 9925698=1, 20328770=4, 15842420=2, 5341221=2, 23203045=4, 31436955=2, 11905719=2, 21579392=1, 25689774=1, 27452930=1, 16272132=1, 14269004=2, 17703979=4, 28977580=4, 29240426=4, 9961580=6, 30735876=1, 31687858=2, 23307703=2, 27286501=1, 23384072=1, 21822335=1, 6635932=1, 19447341=2, 22210925=1, 24943588=2, 19183394=2, 12905403=1, 25877702=1, 9997321=2, 5871264=2, 32912852=4, 15185108=2, 27407726=4, 29719790=1, 8232962=2, 3969175=2, 26987705=1, 9345761=2, 9110565=3, 27078133=3, 26740835=6, 11166517=1, 28362788=1, 8508080=1, 9602199=2, 10493647=8, 26534183=1, 30326812=1, 21617472=1, 22222065=3, 4005537=3, 2770418=1, 8058243=1, 25434380=5, 1794876=1, 18132775=2, 23952850=1, 18080369=1, 5107017=1, 30206379=1, 16199669=3, 4179159=1, 16706267=1, 13974689=3, 7103941=1, 20539784=1, 25272033=2, 12147001=1, 137934=4, 22065430=2, 6240893=3, 18678395=3, 19883740=1, 4314095=1, 32789348=1, 4533489=3, 15918490=1, 23926083=3, 7819950=1, 16701609=1, 14233129=3, 23862277=5, 16990074=3, 28474075=1, 5560465=1, 772481=1, 23325367=1, 23467465=4, 3725819=1, 29358830=1, 4891508=2, 13209352=2, 933644=4, 516870=1, 3853058=1, 29001081=2, 6923080=2, 25380775=1, 28235861=1, 21983326=1, 26505769=1, 22877083=3, 9231094=1, 20071464=1, 16511008=1, 20402027=1, 17901209=3, 4201969=9, 28203882=1, 12103933=2, 11683598=1, 21136733=2, 15431256=1, 13931365=2, 11505582=2, 10855959=2, 25554284=1, 16588188=3, 31760992=2, 10248007=1, 19307158=2, 32612311=2, 22322040=2, 30951786=1, 8366799=2, 14190169=2, 26094799=4, 806236=1, 8992374=3, 7222173=4, 18894524=1, 15532801=3, 31049154=1, 31587081=1, 10677670=1, 8235337=2, 18484989=4, 20831824=1, 21724843=1, 24803042=1, 29262495=2, 7919921=1, 21550556=1, 1884069=2, 12202023=4, 152776=1, 15621182=1, 24968148=1, 22201577=1, 13529742=1, 8836401=1, 27587289=1, 29484596=1, 21023847=1, 19082438=3, 28452782=4, 13630662=1, 11724649=1, 3307240=1, 22924848=1, 10120271=1, 17694750=4, 20006598=1, 3835084=2, 18709786=1, 16742024=1, 13741358=2, 3387474=2, 1893185=1, 14176175=1, 10139443=2, 7148951=3, 16395339=4, 22611263=3, 30880691=3, 20225860=2, 19488700=1, 22515977=2, 10390739=2, 1608373=2, 27205954=3, 14016266=1, 16305977=1, 32387111=4, 8003440=4, 4843289=1, 9781093=3, 666152=4, 28944399=2, 15632919=2, 32064441=1, 7333019=1, 791857=5, 1368020=1, 32237869=1, 1629384=1, 24584451=3, 9450917=7, 9454186=1, 3709885=2, 29432887=3, 5863309=1, 6980241=2, 3976662=2, 25746739=1, 11463702=1, 12534763=1, 31511304=1, 7368684=1, 16681316=2, 5465094=1, 12308804=1, 30843892=2, 12655868=3, 10620398=4, 6676531=1, 28026304=2, 25379805=1, 23962834=2, 30134269=1, 25504149=3, 6403857=2, 32613865=2, 4849944=4, 4729507=6, 18480115=1, 14950099=5, 24410903=1, 3318014=2, 24062693=3, 1016410=2, 3085088=3, 31849999=1, 14840018=1, 12440652=1, 898364=2, 21272591=2, 11125263=1, 6231922=3, 3242664=1, 956673=2, 8902922=1, 1498651=1, 18825792=1, 5584187=3, 12967658=1, 27224383=1, 18118830=1, 13592790=1, 1759116=1, 2751636=1, 14921799=2, 13069998=1, 19531805=4, 31857079=4, 31274739=3, 22093532=3, 3062684=2, 32542287=2, 11062076=1, 461065=3, 3773758=2, 14234831=3, 9489705=1, 25058939=1, 13746415=1, 2756079=4, 12287293=1, 25213738=2, 7845293=2, 78956=3, 32928081=1, 8419897=1, 20042926=1, 13249769=4, 11442332=2, 5223348=2, 9524516=1, 8168123=2, 18420923=3, 31025935=1, 855286=3, 2786425=2, 10098974=4, 31030455=1, 31016995=1, 30098809=1, 3778360=2, 7264766=1, 21455165=1, 32143832=1, 12002296=3, 27720050=1, 20653315=3, 1217723=2, 25872000=1, 10072097=2, 16378638=1, 13265083=1, 6156016=1, 11807012=5, 12845404=5, 25805530=1, 16003259=5, 20349232=2, 14015613=1, 17111430=3, 14549484=4, 15564645=1, 2160822=1, 18987303=2, 28885888=1, 6984347=2, 14773367=1, 20700463=1, 21791330=2, 18593476=2, 17701842=4, 30633443=1, 23048583=2, 23663882=3, 1295880=1, 25986500=2, 5476543=2, 20688718=2, 13739770=2, 24186059=3, 263073=5, 11887816=1, 7388325=2, 1246529=3, 25863221=2, 14734117=1, 10824712=3, 25087794=1, 12036066=2, 5606510=2, 33021349=1, 14286327=1, 4247586=1, 26488551=5, 11802261=5, 33013841=1, 1715891=4, 28808733=2, 3991587=1, 4278415=1, 23152535=1, 9644465=3, 21644879=1, 18735977=1, 3272670=1, 2368673=5, 2908284=1, 11003070=1, 33161811=4, 19771021=2, 31154948=1, 8688809=2, 4085271=1, 31280146=1, 1087293=2, 7818720=1, 25155766=1, 26899241=1, 21050818=3, 26733042=1, 26498960=1, 23549000=1, 32134033=1, 12320676=1, 24061387=3, 7813468=3, 32976014=3, 5657909=1, 15597405=1, 9130177=1, 31552749=1, 32014980=2, 16264286=6, 493340=2, 3485961=3, 11300820=1, 28011353=1, 1401275=1, 8761111=2, 19225917=1, 28143269=1, 24570644=1, 9094696=1, 12806734=1, 7179006=2, 20158642=2, 9907841=3, 18320852=2, 33196812=2, 790183=5, 30231424=1, 14415104=1, 21146044=2, 30258721=2, 3015639=4, 4054245=1, 31545009=1, 811155=1, 29907457=1, 11158319=1, 6672091=1, 25999127=2, 8449911=1, 26726904=1, 28025650=2, 19966565=2, 1954231=1, 15496522=1, 15219009=6, 27209457=3, 6361115=3, 3414022=5, 7451253=2, 28571993=1, 7676535=3, 2783815=1, 19657645=1, 8607406=1, 28994899=1, 24349623=2, 17848884=1, 22248721=1, 17129908=1, 5588396=1, 21519770=1, 940879=1, 16846706=3, 7840371=2, 15199488=1, 1732846=1, 3365706=1, 7649450=2, 33214684=1, 5179251=3, 10462652=2, 18147365=1, 11635761=2, 3496498=1, 26276195=1, 31498675=2, 12943847=2, 8114595=1, 14859069=2, 22948521=4, 13160421=1, 31732406=5, 5802637=2, 32193040=3, 12006690=3, 3113321=2, 26553860=3, 24260937=4, 7551773=3, 3850938=1, 23156667=1, 26047555=1, 30749705=3, 29856620=2, 19864529=3, 10033698=3, 22716460=2, 6358362=3, 21006072=2, 10336553=2, 19945857=1, 7142380=1, 26527501=1, 4922256=3, 19936966=7, 1771209=3, 2409995=1, 26734215=1, 18741424=1, 16719749=3, 14801871=1, 22919929=2, 29312553=1, 9787004=1, 32761635=1, 32642830=4, 4186863=1, 8227136=2, 3710033=2, 19539369=4, 28556636=2, 5002649=1, 5085940=2, 17490720=1, 28669604=1, 15348403=4, 2092568=1, 8716952=3, 4095865=1, 4666203=3, 31422792=1, 18936643=1, 29441951=3, 21569885=3, 16246924=1, 24139884=1, 27384820=1, 11849790=1, 28858606=1, 9088786=2, 31871585=1, 14846286=2, 13305023=3, 32081979=2, 13033582=1, 21842500=1, 18683583=3, 12198816=4, 21650150=1, 22918465=2, 1390217=3, 22015628=1, 26419567=3, 7857541=1, 28100173=1, 16662385=4, 32085665=2, 24292056=2, 21430721=3, 12395880=3, 6263968=2, 26330133=1, 31859896=4, 25343602=2, 5102229=1, 30329044=1, 27514730=1, 30467588=1, 1434605=1, 4720911=6, 18886080=8, 18206323=1, 32559369=1, 6540086=1, 8966827=1, 25091884=1, 26647300=2, 20941777=2, 8579024=1, 16282013=1, 5022272=2, 9791399=1, 533948=6, 2764019=4, 20576213=1, 534156=6, 30317760=2, 18466432=1, 1064040=7, 17574255=5, 11386141=2, 22963709=1, 9735424=2, 1388854=3, 23974134=1, 13701478=3, 1178049=1, 28884392=2, 21366383=4, 32011187=1, 31673057=1, 11604034=3, 29428268=3, 20726232=1, 9806441=2, 4052665=1, 8623502=2, 19709959=1, 22064241=2, 4077446=4, 5754508=1, 16432845=2, 18848392=2, 31836256=1, 17938951=2, 18303109=1, 26481541=5, 24241238=1, 9061108=1, 31475619=1, 32404515=1, 3524635=1, 21866076=2, 33526939=2, 25829642=4, 4857978=4, 28752366=2, 31860476=4, 5791538=1, 25669816=2, 21631076=4, 20575082=1, 18385980=2, 16817643=2, 21037876=3, 23110513=2, 1919962=1, 23493428=1, 28606567=2, 21743275=1, 3991748=1, 25048179=4, 3364762=1, 26989254=1, 28039490=1, 25905759=1, 229572=2, 22883668=3, 28791716=1, 16028386=2, 33043059=6, 4566649=2, 5640608=4, 29256344=1, 22161959=4, 27641777=1, 8655897=5, 23950632=1, 20562489=1, 23341916=5, 33121619=1, 28661436=1, 24450668=3, 1551248=2, 21560659=1, 1432404=1, 14293285=4, 7908718=2, 23676977=1, 22654108=2, 5812753=2, 24029165=2, 30357116=3, 33187969=1, 3434548=1, 28297883=1, 18436446=1, 19872312=3, 20186988=5, 10691005=3, 23834969=2, 19083408=3, 20397636=3, 26551362=3, 30966317=2, 14048712=1, 9421503=1, 17177114=4, 13299691=1, 20033252=2, 3881958=3, 13876489=2, 28783039=3, 23288923=1, 10728616=2, 11852060=1, 12570533=1, 27373023=2, 22120011=2, 12735765=1, 5589279=1, 6416091=1, 24825972=1, 15340395=4, 32675777=2, 3781924=2, 24410661=1, 291605=1, 13857652=1, 7408747=3, 1660722=1, 27900711=2, 11527750=1, 11016741=6, 7928350=1, 25855402=2, 25672183=2, 13787150=1, 8319625=1, 21164393=1, 33540507=1, 25985162=2, 14901648=1, 10226356=5, 2143153=2, 33270135=2, 12118547=1, 1477712=2, 13552656=1, 7623215=1, 5601013=1, 31150712=1, 13867520=2, 27933226=4, 14888111=3, 14610145=1, 22363326=3, 16622601=2, 8619990=2, 18292478=3, 16994107=1, 28168709=1, 13772401=4, 23197107=1, 13650784=1, 28679234=2, 5292945=1, 29414681=1, 3680683=6, 3552779=4, 778945=1, 29807017=1, 5094524=2, 33188594=1, 31986301=6, 16898309=1, 29885600=6, 4213991=1, 12301639=2, 4315682=1, 14939229=1, 1873664=2, 21109742=4, 29388242=1, 10268271=2, 30667677=1, 28850073=6, 28147649=1, 28444456=4, 30951868=1, 26846955=2, 13717129=1, 30298481=1, 4426336=2, 19241512=2, 29977214=1, 16920687=4, 8625312=2, 16070303=3, 14729854=1, 25580162=1, 32252419=5, 9092716=2, 2939703=1, 27661241=4, 1946816=2, 8132623=5, 24454262=3, 20676247=1, 14416010=1, 19043134=2, 30038246=1, 25400411=2, 30011071=1, 18197390=2, 5710619=3, 25849250=1, 8299303=2, 27094939=1, 27610627=1, 5662589=1, 17690864=1, 14835883=1, 12657856=3, 28299184=1, 29982448=1, 19358181=1, 13483388=2, 1257556=3, 18668287=1, 1594509=1, 1357180=2, 20176513=1, 10846658=2, 23808996=1, 1835662=5, 17809953=1, 9304483=1, 676485=1, 30245420=2, 30220976=3, 18185133=1, 17641102=3, 16799755=1, 2556198=3, 24807767=2, 18938452=1, 3071715=1, 21392365=1, 18435307=1, 19758765=1, 11857965=1, 27808524=1, 28943167=2, 13900875=5, 4120285=1, 12595519=9, 7466566=1, 23564838=2, 6817348=6, 15046388=2, 32072602=1, 9066973=1, 8028604=2, 2599387=2, 2739682=1, 26293991=3, 9766283=3, 1297273=1, 12688145=2, 29363971=9, 15974334=2, 11010686=6, 25717809=1, 19830476=2, 3403979=1, 18040080=1, 18680154=3, 582844=1, 26426092=3, 6359635=3, 2235611=4, 575491=1, 25450860=1, 9595828=1, 2921008=2, 17326300=1, 33016641=1, 8197863=3, 7863743=1, 1501846=1, 30532533=1, 16611618=1, 22056665=2, 20633122=1, 32084951=2, 16133715=4, 100071=2, 3222230=3, 9257380=1, 24262167=4, 10825247=3, 26746091=6, 18616534=5, 16309130=1, 14147541=1, 7401978=1, 8931807=1, 24565350=1, 7508588=2, 20246111=1, 16045457=1, 15746430=1, 3405643=1, 10980215=2, 16827262=1, 31755849=2, 25403745=2, 9806322=2, 2872989=1, 27604938=3, 17997435=2, 29682107=1, 12901729=1, 8912454=1, 18095670=5, 15731441=7, 971739=1, 8440884=1, 29630936=5, 11930823=4, 3034637=1, 4361866=2, 22854399=2, 18841985=2, 12435897=1, 24472292=1, 14122614=1, 1771078=3, 27350275=1, 29525707=2, 31939121=1, 12522717=3, 23664750=3, 10383898=1, 16563588=2, 28415437=2, 12017289=1, 10922357=2, 11365478=1, 95862=1, 19714260=1, 25654631=1, 3182953=2, 30568792=1, 2750136=1, 1691929=1, 4425626=2, 16614955=2, 16878807=2, 18275302=1, 23294008=1, 5131803=1, 910812=1, 29940060=1, 4559144=2, 19140138=5, 23133149=1, 20486651=2, 31557096=2, 11185401=2, 15818569=1, 4343385=1, 11268457=1, 4191925=1, 23636272=2, 13757916=1, 13307731=3, 15312441=2, 14513039=1, 28079943=1, 25669594=2, 22656916=2, 5164143=1, 13614031=2, 17461735=1, 24262360=4, 20101608=2, 2148190=1, 24526563=4, 29627078=5, 10148171=1, 25817234=1, 23556894=1, 33077231=2, 4140556=3, 2228106=1, 15181452=2, 7291879=1, 24617562=2, 22456926=2, 23782626=1, 27869916=1, 17149579=2, 2792020=2, 4556483=2, 4282231=1, 1522372=3, 3154680=7, 33071873=2, 31689665=2, 11091800=3, 8090708=1, 6495370=3, 4261730=3, 33410312=1, 10851464=2, 14548046=1, 3377685=2, 16363713=2, 10648701=1, 14565433=1, 11903033=2, 15252377=2, 32214252=2, 21932481=2, 7935186=3, 19038137=1, 32145550=2, 25801194=2, 21640582=4, 31258158=1, 24339056=1, 27858882=3, 809552=1, 19936358=7, 18826303=1, 11725599=1, 13046154=3, 27920434=4, 24079729=1, 2894543=5, 30635545=1, 10540434=1, 33434934=4, 26628553=1, 15871766=4, 8802108=1, 3391115=2, 14122761=1, 9143749=2, 7480940=4, 14355535=3, 26510850=2, 21350180=1, 16196317=3, 14804647=1, 13126547=1, 8579301=1, 7614566=5, 21855111=1, 23826893=2, 22258061=2, 14986504=2, 18055965=2, 21813685=1, 21538688=2, 19942235=1, 23790637=3, 27408290=4, 16572619=1, 7982344=1, 29784209=1, 27159975=1, 3277046=4, 14596437=2, 8599068=3, 26371277=1, 8510621=1, 13413803=2, 23017791=3, 23869717=5, 22348683=3, 13192792=1, 1556213=2, 19149379=5, 1177057=1, 16994809=1, 27550297=1, 18065688=2, 31190965=1, 14154886=1, 24433722=1, 7722445=1, 32855162=1, 7037421=1, 5669125=2, 8563335=2, 26152299=3, 16534198=1, 24619778=2, 12347894=1, 3077805=1, 25492384=1, 17159925=1, 27727684=3, 20227375=2, 25622017=1, 13828760=3, 30578879=2, 26857426=1, 12402680=3, 5919271=1, 32414145=2, 25676184=1, 25904766=1, 23800592=3, 10404054=1, 5989981=1, 30126701=2, 4981417=5, 14294660=4, 11630622=1, 13644062=7, 15195557=1, 32779468=5, 15126240=1, 1341613=1, 26906077=2, 21664920=2, 24251928=4, 33351089=1, 19250198=2, 6030278=5, 25761698=3, 21267729=2, 18207007=1, 17639996=3, 6283277=1, 8261157=4, 23323819=1, 2291391=1, 16346804=1, 28614061=2, 11724937=1, 4592238=4, 18593812=2, 4065189=4, 11089294=3, 22758361=1, 16849742=3, 2866860=2, 1724470=1, 15079270=4, 614519=1, 6744711=1, 8356116=2, 5896839=1, 1850740=5, 18065546=2, 29774161=1, 19676724=5, 7654911=1, 20028267=2, 10306034=1, 6708819=1, 25603951=2, 2607031=1, 1970854=4, 26689769=1, 28505831=1, 7532527=1, 28582792=5, 23068809=8, 19778103=1, 19000634=1, 19767778=2, 4667983=3, 22814926=5, 15260512=1, 27472260=3, 11711709=2, 20175803=1, 6867426=1, 5571131=3, 267676=5, 30305202=1, 11836467=2, 18915727=2, 10591484=2, 28358392=2, 15892990=2, 12221580=1, 574489=1, 9416778=2, 32697258=1, 13046736=3, 25557482=1, 5761471=1, 21659509=1, 29880887=1, 9205806=1, 31892542=2, 1646677=3, 32984848=1, 30599477=1, 30048699=2, 1956735=1, 8997732=1, 30504278=1, 8126950=5, 30387284=2, 2387658=1, 3687148=1, 6373677=1, 9246441=3, 31034948=2, 33100910=3, 9915509=1, 31492233=2, 5817116=1, 6584093=1, 17650401=1, 11569212=2, 23301387=2, 14444056=1, 12209485=1, 1889080=1, 1341516=1, 7891463=1, 9033503=1, 7247830=2, 17142473=2, 16870650=1, 19037981=1, 14676630=1, 31663252=3, 14089982=1, 1571379=1, 19266747=1, 5521783=1, 19787814=1, 28371717=1, 10339497=1, 3835711=2, 8458568=3, 9914174=1, 18173824=1, 27931552=4, 9307522=4, 32957079=1, 17526247=1, 18006550=1, 6396190=2, 17700185=4, 33449379=1, 12256938=3, 26987327=1, 9077140=2, 2239377=4, 15379144=2, 10978869=2, 7545166=3, 27402534=4, 7520566=1, 24733118=1, 17306559=6, 5460825=1, 18669571=1, 8287991=1, 17947512=1, 4370520=2, 26259201=2, 17686100=1, 4839470=1, 988892=3, 27060295=1, 1394500=1, 14750419=3, 32843734=3, 6837413=1, 6292467=8, 12078304=1, 19388366=1, 8353316=1, 15005096=1, 8620138=2, 22582332=2, 21714016=1, 19610286=3, 26233834=1, 30893179=1, 15003007=1, 30060287=2, 12457331=4, 26079361=1, 13089077=2, 2658575=2, 8090395=1, 4879303=1, 27850114=1, 12857200=5, 2175695=3, 6490162=3, 7049755=2, 20569148=1, 9363130=1, 10192172=2, 30748745=3, 10331602=2, 31741279=1, 29178324=3, 30289254=4, 4264350=3, 22894968=1, 25759910=3, 27884274=1, 19630819=2, 16443778=1, 18135269=2, 10496122=8, 24449872=3, 32583900=3, 6707423=1, 7710501=2, 28724198=1, 15917915=1, 5895281=1, 8267402=4, 2891828=5, 27088238=1, 4752923=2, 26276663=1, 3136581=1, 18570256=1, 32613779=2, 17369825=3, 18070562=2, 20613538=2, 30054762=2, 16480780=1, 32535477=1, 3765608=1, 9614537=2, 7449933=2, 12892512=2, 8516700=1, 27555550=1, 28067996=1, 19679183=1, 17341274=2, 4849000=1, 13927277=2, 30272217=1, 16682850=2, 25839693=1, 17445125=4, 7018847=3, 32027136=2, 22925491=1, 28025468=2, 12079483=1, 26151573=3, 29863247=2, 4062886=1, 1661674=1, 866148=3, 10502981=1, 31203628=5, 15831830=2, 14250286=1, 17889862=1, 6467041=2, 10193337=2, 30631383=1, 25140262=2, 17752548=1, 33383348=1, 7189369=2, 3310964=2, 7428753=1, 19333711=3, 26730305=1, 24733430=1, 31614572=1, 22337099=1, 25718893=1, 23420749=1, 22443377=1, 15107615=2, 28861691=1, 22798133=1, 16609953=1, 31307026=2, 26577004=2, 18241925=1, 16862801=1, 2134511=2, 4161687=2, 31335898=4, 17326153=1, 6372984=3, 11429841=1, 6658292=2, 24542079=1, 8332984=3, 27201139=3, 13478638=2, 31201325=5, 24461639=1, 32872638=2, 23460481=1, 26951628=3, 1003629=1, 32161035=2, 20581141=4, 15703621=2, 10462421=2, 16811345=2, 14685322=8, 19545570=4, 32355003=2, 21850326=1, 30834482=1, 9345466=2, 11758573=1, 31420877=1, 16233630=2, 24178129=1, 30617415=3, 1707213=4, 11833645=2, 3197970=1, 335570=3, 21139148=2, 22657948=2, 7443071=2, 28827120=1, 25262415=1, 29938132=1, 18635104=1, 15281764=3, 29161017=1, 1116585=3, 834228=2, 5077646=1, 20902874=1, 22316490=2, 7506997=2, 11800150=5, 11904747=2, 32452893=3, 27255506=1, 15669084=3, 21813358=1, 9125511=3, 26312980=2, 30191269=2, 33352406=1, 2096827=1, 24346966=2, 6694270=4, 8976215=1, 15550999=1, 14750000=3, 17333809=1, 21275235=2, 22209223=1, 26592705=1, 18513136=1, 32201471=1, 20970594=1, 31222575=1, 25359162=1, 27392324=1, 28855441=1, 20234602=1, 29353566=1, 23803508=3, 33056649=1, 22886031=3, 22917393=2, 6094577=1, 1406852=1, 16700862=1, 13096896=1, 22486491=3, 27484706=1, 23323381=1, 21392617=1, 7381047=2, 25145892=2, 8458350=3, 12026502=2, 24679295=2, 25202549=2, 21208287=2, 17379077=3, 3643744=2, 1417510=2, 6755856=3, 10080602=1, 32875250=2, 13926759=2, 13323389=1, 27834719=2, 21251668=1, 14312678=1, 2588327=1, 21046349=3, 32675911=2, 14149650=1, 6088726=1, 18266527=2, 26146555=1, 14290382=4, 11545278=7, 21840360=1, 17399357=1, 3167693=1, 1812143=2, 17202966=1, 10943920=1, 14047838=1, 32214209=2, 9854525=1, 3455042=2, 1952834=1, 26912974=2, 21940149=1, 27517749=1, 5000456=1, 10454394=2, 28740068=2, 6859697=2, 10598989=2, 24657804=6, 28875498=2, 11790311=1, 21089626=1, 14693680=8, 28228530=2, 29830962=3, 32497258=1, 23088124=1, 25027518=1, 25398447=2, 27369672=2, 30100982=1, 26670721=1, 17332140=1, 4707220=1, 29082406=1, 26414666=3, 4317964=1, 334181=3, 33204292=2, 633544=2, 21420700=1, 20107409=1, 1289456=2, 32793614=1, 17631493=3, 24510338=1, 9864890=2, 20559264=2, 7585059=2, 1381610=3, 5585871=3, 7164330=1, 11337870=3, 7017303=3, 12389585=3, 28564847=1, 20385555=3, 12008045=3, 16654775=4, 3719436=1, 3216936=3, 30681817=5, 2204528=2, 16528432=5, 20302872=1, 73268=3, 1077537=1, 9996468=2, 26801279=1, 7804927=3, 402175=4, 26607627=4, 12942450=1, 26299646=1, 6433036=4, 30790994=1, 25311298=4, 14041983=1, 14472167=1, 405049=4, 12621213=2, 10688054=3, 30634880=1, 30432300=1, 15656996=1, 27666480=4, 14270298=2, 19507070=2, 95032=1, 1623662=1, 8708089=1, 32690796=1, 15480100=5, 21527641=1, 30629896=1, 11990907=1, 14231219=3, 3029940=4, 6810520=1, 24546939=2, 9118805=3, 7373718=2, 18168803=3, 30570427=1, 1957603=1, 24445366=3, 8503495=1, 14218997=1, 19660214=1, 21217751=1, 21889755=4, 8452050=1, 6317428=1, 33310414=1, 8108063=2, 6891247=3, 30293518=4, 9242940=3, 5675638=2, 29505438=4, 10092744=4, 24979468=3, 19738296=3, 14689380=8, 19796060=4, 8174444=2, 23649999=1, 9853414=1, 27268285=8, 14433865=5, 5103156=1, 8207004=3, 26263911=1, 20358595=2, 11140905=1, 15766095=2, 30500464=1, 10382234=1, 13926130=1, 2045200=3, 18880213=8, 28621380=2, 9848558=1, 20520799=3, 14134737=2, 2879340=1, 2510348=1, 27478278=1, 27875067=1, 11579317=2, 1372215=1, 2056884=1, 10879417=4, 28710415=4, 20974352=9, 26539056=1, 17344492=2, 21958752=3, 4437689=2, 27454941=1, 7282065=3, 16362780=2, 17156027=1, 15812919=1, 30667002=1, 21863844=2, 29096948=1, 678382=1, 20352035=2, 29230740=4, 1211585=1, 3414972=5, 24327750=3, 14048781=1, 9764528=1, 21388169=1, 32033626=1, 23053728=1, 10879009=4, 10110163=1, 27319782=1, 16856857=3, 17452654=1, 1887743=1, 13306391=3, 18455845=2, 11512007=2, 14040273=4, 10423629=3, 7904436=2, 33549488=1, 3567912=1, 5923758=1, 2697886=3, 23163346=1, 8127150=5, 3696408=1, 21133871=1, 25531329=2, 12592155=9, 15601167=4, 31209794=5, 22839857=2, 7635837=2, 589476=1, 25284268=1, 7478801=4, 5836527=3, 21536267=2, 4437904=2, 8715142=1, 18956070=3, 30337287=1, 6287129=1, 9122889=3, 347821=1, 17299632=1, 6966159=1, 26789100=1, 2298498=3, 895388=2, 27882529=1, 20063632=4, 2604851=2, 8313001=1, 27821513=2, 25418286=1, 28780852=3, 17891719=3, 31258357=1, 31665282=3, 23639316=2, 22388758=2, 20214670=1, 22006986=1, 16950491=2, 14536798=1, 30470780=1, 18561373=3, 11293197=1, 12804544=1, 26046873=1, 15228289=1, 28303422=1, 11739532=3, 29201243=2, 25745424=1, 20320049=4, 11375261=2, 19199689=1, 19695734=2, 7264236=1, 31253073=1, 1053851=7, 20456482=6, 2074821=2, 14262168=2, 8621652=2, 17904460=3, 7637571=2, 15179569=2, 21945789=1, 13565836=1, 14695710=8, 15087807=4, 14778622=2, 13697846=3, 1866078=1, 27654901=1, 9891608=1, 20130514=3, 30075697=1, 403143=4, 7621138=1, 11097583=1, 30616490=3, 5908959=4, 33281079=1, 3349729=3, 29478275=1, 4302796=2, 18431276=3, 14681949=8, 10152487=1, 28127112=3, 5059087=3, 23489555=1, 27127552=1, 2195214=1, 30940156=6, 5672899=2, 29497007=4, 4853629=4, 3006148=1, 26070930=1, 3973371=2, 9772686=3, 26064606=2, 691722=2, 25327403=1, 29712265=1, 16643109=1, 14569716=1, 24514103=4, 28317731=7, 22817061=5, 8940129=1, 31564171=2, 30551583=4, 12654598=3, 16608106=1, 4110887=2, 24852692=3, 17951223=1, 26418531=3, 11103037=1, 23854067=1, 3620439=3, 14563272=4, 30177443=1, 5156073=2, 4086504=1, 32315879=3, 23005068=3, 33024718=1, 21679382=1, 24432836=1, 18674228=1, 5762029=1, 13720192=1, 24836152=1, 15694532=1, 8104864=2, 5094770=2, 14955503=5, 13607620=2, 31909015=1, 10110267=1, 13047010=3, 1040974=1, 33505884=1, 30619567=3, 28642607=3, 4353623=1, 10563349=3, 22958892=1, 32834468=3, 14738481=1, 2219904=1, 22238667=1, 10303955=3, 3970345=2, 31782145=1, 28807070=2, 30645843=2, 1361897=1, 30252500=2, 15206015=6, 19635727=2, 17648388=1, 29984283=2, 30232348=1, 23898318=2, 15397009=1, 10336727=2, 7404784=1, 29417975=1, 19640552=2, 17313920=6, 9189036=5, 10896791=1, 3446915=2, 4597003=4, 26198487=1, 15653891=1, 28486683=2, 24288384=2, 13855976=1, 16650721=4, 14714159=2, 5584817=3, 16027274=2, 14917882=2, 27137841=4, 18478488=1, 31268795=3, 7581157=2, 21725365=2, 31800981=3, 5187632=3, 25903436=1, 26379332=2, 29482009=1, 23993207=4, 12969560=1, 24384135=5, 15208820=6, 30395603=1, 20985737=9, 9942606=2, 32109069=1, 713247=1, 33493278=3, 12709454=1, 25454202=1, 22351846=3, 24388029=5, 32726147=1, 11118679=2, 19305187=2, 12710578=1, 16295591=2, 30315529=2, 13980968=1, 5458555=1, 8782724=4, 10595568=2, 4438276=2, 350497=1, 30181043=2, 17376209=3, 26443304=1, 17419465=1, 12880432=2, 25219641=1, 29853176=2, 18388367=2, 25771275=3, 14122684=1, 17636884=3, 7501462=1, 32945310=2, 26649064=2, 8646443=1, 31387308=1, 13727573=1, 23031030=1, 5987934=1, 16575088=1, 29391487=1, 2375399=5, 4812895=1, 2929089=2, 6197654=2, 6011350=2, 14952779=5, 29428572=3, 24919992=5, 28603613=1, 25604657=2, 2441700=1, 7209510=4, 4092344=1, 31163259=2, 26233838=1, 1750127=2, 4859740=4, 27100035=2, 29374589=9, 17172422=4]}&gt; but was:&lt;...Prime: 6 register: {[30096814=3, 3387474=2, 27821513=2, 18939554=1, 12144244=1, 21842500=1, 18984532=2, 16198154=3, 22508604=1, 21267729=2, 25906148=1, 3760346=1, 5371979=1, 5916690=1, 29982448=1, 26781100=2, 25052526=1, 22826162=1, 6486888=1, 10462421=2, 764183=2, 25023662=1, 19358584=1, 32201471=1, 27472260=3, 15179569=2, 22443377=1, 29784209=1, 23664705=3, 31988941=6, 16254931=6, 10311863=1, 13926759=2, 17156027=1, 1177057=1, 23048583=2, 12809993=1, 2131387=2, 27661241=4, 15580575=2, 20831824=1, 18647594=2, 3905049=2, 25248081=1, 6612335=1, 23831708=2, 736431=3, 12534763=1, 29853176=2, 15302857=2, 23294008=1, 29549937=1, 14888111=3, 33234452=3, 1765155=1, 14413955=1, 33016641=1, 27384820=1, 21617472=1, 15908971=1, 9418540=2, 4922256=3, 13046954=3, 6132893=2, 12751894=2, 32789348=1, 24709622=3, 4849000=1, 6432772=4, 22759758=1, 7833961=2, 6133000=2, 20726232=1, 17306559=6, 23691258=1, 2333579=2, 181610=1, 8458568=3, 3321465=2, 19246625=2, 24251928=4, 14625273=3, 47759=2, 7420292=3, 506303=2, 22589219=2, 18207007=1, 27923583=4, 21534796=2, 22855747=1, 29432887=3, 13306391=3, 3773758=2, 14858267=2, 3853058=1, 15185108=2, 22648385=2, 3216936=3, 13766633=4, 28296273=1, 19872312=3, 4843289=1, 27930991=4, 12621213=2, 14681949=8, 15656996=1, 1771078=3, 29856620=2, 9094696=1, 32800317=1, 9909708=3, 7422319=1, 9735981=2, 22598901=1, 25339527=2, 9602199=2, 18959262=1, 4054245=1, 9489705=1, 28865538=1, 10155656=1, 20397636=3, 11048714=2, 22440711=1, 23358979=1, 27094144=1, 7845293=2, 1522372=3, 27060295=1, 5297201=1, 23288923=1, 13858289=1, 33181370=1, 31524391=3, 24233603=1, 1373698=1, 22332668=1, 13018024=2, 4575554=1, 5085940=2, 26045811=1, 6292467=8, 19416325=1, 28474075=1, 15746430=1, 8299303=2, 27604938=3, 30604707=1, 28977580=4, 4370520=2, 17111430=3, 15918490=1, 4138095=3, 17891719=3, 31197358=5, 9554449=1, 8313001=1, 18048677=1, 16706267=1, 517436=1, 19043134=2, 7254395=2, 22798133=1, 28669251=1, 16810604=2, 20939883=2, 23649999=1, 11905719=2, 13241472=4, 31804702=1, 14939229=1, 23962834=2, 9914174=1, 5465094=1, 15599948=4, 27104466=2, 10322422=2, 16062417=3, 10922357=2, 4085271=1, 10677670=1, 5264774=1, 12291192=2, 5292945=1, 17516589=1, 20087761=2, 15601167=4, 15669084=3, 18956070=3, 18173824=1, 27484706=1, 15849609=1, 26474096=1, 13422190=1, 24410661=1, 12103933=2, 25658336=2, 28679234=2, 21983326=1, 9350531=2, 28388825=3, 25568630=4, 23533278=3, 7037421=1, 31255163=1, 9614537=2, 1063195=7, 1835662=5, 11520194=1, 7261061=1, 14714159=2, 17979387=1, 7347703=7, 27900711=2, 17526247=1, 9258424=1, 17197501=1, 5657909=1, 16838875=1, 2588327=1, 20571903=1, 16133715=4, 9633695=1, 29370167=9, 32085665=2, 11375261=2, 16849742=3, 30951868=1, 30373768=1, 11016741=6, 29883703=1, 1341613=1, 4746671=1, 1381610=3, 29253745=1, 352490=1, 27392324=1, 3062684=2, 11569212=2, 5989981=1, 23460481=1, 22758361=1, 15336114=4, 15786393=1, 26379332=2, 9016990=2, 16070303=3, 18711919=2, 18281503=1, 19447973=1, 24288384=2, 13974689=3, 4718931=6, 1759116=1, 15048498=2, 25805530=1, 2160822=1, 28706075=4, 4565220=2, 4062886=1, 12138124=3, 10495299=8, 8096471=2, 30551583=4, 13867520=2, 16399846=4, 1707213=4, 24265763=1, 6590415=2, 10257390=2, 16622601=2, 14648257=2, 18825792=1, 1323169=5, 20225860=2, 29579826=1, 29246911=1, 12910666=3, 7408747=3, 666152=4, 24410903=1, 7520566=1, 15608883=4, 4667983=3, 5340852=1, 11833645=2, 14250286=1, 20107409=1, 148411=1, 5682373=2, 18080369=1, 31252924=1, 29281418=1, 30843892=2, 12898261=1, 8579024=1, 20328770=4, 3850938=1, 21640582=4, 18853260=2, 7377976=2, 2640076=1, 14522483=2, 15177296=2, 11949039=1, 28855441=1, 22883668=3, 8599068=3, 3034637=1, 23950632=1, 14868213=1, 18296964=3, 2440804=3, 13876489=2, 9033503=1, 26730305=1, 30252500=2, 25504149=3, 9891608=1, 13717129=1, 21644879=1, 22502953=1, 8249649=1, 26330133=1, 53038=1, 10888039=4, 31498675=2, 6931468=1, 16856857=3, 18340321=1, 24657804=6, 30060287=2, 16529945=5, 7735136=4, 4853629=4, 19029733=1, 14455418=2, 5492574=1, 19488700=1, 23599257=6, 10943920=1, 12393046=3, 3709885=2, 13069998=1, 21536267=2, 32881406=2, 26752829=6, 24079729=1, 33228886=3, 26451281=2, 19256626=1, 15938029=3, 10916549=2, 12159810=2, 16777913=11, 17419465=1, 8390879=10, 32252512=5, 26726904=1, 3687148=1, 28468351=1, 28780852=3, 8761111=2, 14312678=1, 10729003=2, 18466432=1, 6980241=2, 4161687=2, 25836192=4, 14201973=2, 24843693=3, 450534=1, 9061108=1, 9939710=2, 9519910=1, 14734117=1, 5601013=1, 22388758=2, 29964467=3, 18185888=1, 33196812=2, 22038358=1, 10394179=2, 21560659=1, 26070930=1, 21644028=1, 28520727=3, 1250283=3, 8792975=4, 15480100=5, 12221580=1, 14518906=2, 28409266=1, 19591819=1, 26191548=2, 26912974=2, 28326500=7, 25848394=1, 17639996=3, 18241925=1, 26169483=1, 405049=4, 30357116=3, 3300214=1, 11631710=1, 26899241=1, 23586586=1, 8604248=1, 28833247=1, 20145729=1, 1434605=1, 32205691=1, 11550016=7, 4533489=3, 17752548=1, 26709725=2, 25091884=1, 2697263=3, 2441700=1, 22558797=6, 31834545=1, 4884939=2, 18292478=3, 31939121=1, 15020653=3, 31235781=2, 22130866=2, 23110513=2, 15974334=2, 7581157=2, 27400485=4, 1217723=2, 21528962=2, 22060416=2, 3405643=1, 33310414=1, 6550484=1, 5565491=1, 16624677=2, 26725953=1, 1957603=1, 7322315=2, 19208194=3, 23301387=2, 21430721=3, 8288703=1, 4990848=5, 25718893=1, 17436735=4, 3163085=1, 17231018=1, 25087794=1, 26954219=1, 31836256=1, 32747444=2, 30075697=1, 19462732=1, 16793438=11, 30429083=1, 30944193=6, 7649450=2, 23319026=1, 9632639=1, 12333201=5, 5106953=1, 22814926=5, 2235611=4, 18484989=4, 14231219=3, 18889904=8, 10268271=2, 11743437=3, 8126950=5, 29413926=1, 14750000=3, 12654598=3, 17163447=1, 29869730=1, 17240880=3, 32613779=2, 24012843=1, 8235337=2, 9239000=1, 22072300=1, 31631120=2, 21550556=1, 28297883=1, 13906542=5, 31031982=2, 23224382=1, 19640552=2, 30125745=2, 16374482=1, 5000456=1, 24968148=1, 21309762=3, 31308837=2, 21239181=5, 15036848=1, 25418286=1, 5919271=1, 33254110=1, 12395880=3, 31857079=4, 11268457=1, 28850073=6, 24339056=1, 2148190=1, 25327403=1, 2308416=3, 25746739=1, 4592238=4, 1750127=2, 17227939=1, 13160421=1, 28444456=4, 25888371=3, 5476543=2, 13284004=2, 18488009=4, 26103362=1, 29161017=1, 14859069=2, 13244358=4, 31909015=1, 21195585=1, 29230740=4, 5460825=1, 20633122=1, 22461954=2, 29272563=2, 7623215=1, 31227640=1, 25676184=1, 31871585=1, 15679040=3, 18135269=2, 20347412=1, 28858606=1, 26670721=1, 15228289=1, 19975203=1, 4343385=1, 14122761=1, 30369736=1, 13855976=1, 29989466=2, 18121459=2, 32214209=2, 13216249=2, 28950942=1, 7818720=1, 14154886=1, 18921961=2, 4426336=2, 11210880=3, 14693680=8, 19366391=2, 32155049=2, 6263968=2, 17376209=3, 14180159=1, 2802682=1, 29410793=1, 2676094=1, 16643109=1, 30298481=1, 7279376=3, 21199871=1, 73268=3, 10303955=3, 229572=2, 10563349=3, 9159504=1, 19183394=2, 11360489=1, 11724937=1, 18907187=2, 1357180=2, 30069215=1, 7860310=1, 2209883=2, 32709882=3, 24807767=2, 13744842=2, 23628829=2, 4065189=4, 18987303=2, 28964074=1, 17963626=4, 30272217=1, 24178129=1, 20601481=1, 4777730=1, 18132775=2, 7814138=3, 16758914=2, 5029273=2, 14497533=3, 4785993=3, 6582812=1, 5669125=2, 18598893=1, 30519884=2, 20182371=1, 26458139=2, 23782626=1, 25554185=1, 22816068=5, 19676724=5, 31421927=1, 3154680=7, 10462652=2, 15917915=1, 25218230=1, 26577004=2, 11062076=1, 25939525=1, 25143583=2, 22064241=2, 11683598=1, 10648701=1, 8532027=4, 6582773=1, 11211311=3, 5670807=2, 9969890=6, 14738481=1, 26386712=2, 3197970=1, 28235861=1, 13720192=1, 6744711=1, 13986908=1, 30772531=2, 21267355=2, 2634114=6, 30558147=1, 9961580=6, 13195401=1, 29084323=1, 20514421=3, 21725365=2, 22264439=2, 15087807=4, 1285728=2, 18803014=1, 14986504=2, 12541819=1, 33161811=4, 21798044=2, 6156016=1, 6433036=4, 23854067=1, 21791330=2, 14596437=2, 6359481=3, 12389585=3, 10807287=1, 9645922=3, 5131803=1, 7273914=1, 16681316=2, 13115761=6, 3826609=1, 11185401=2, 32246108=5, 11253638=2, 52624=1, 3894405=1, 8366799=2, 1725666=1, 12857200=5, 14529227=2, 16689828=2, 24671074=1, 4120285=1, 22594220=1, 15281764=3, 18678395=3, 495615=2, 31534324=3, 17177114=4, 11669763=4, 14368001=3, 32198920=1, 10825247=3, 30945297=6, 13741358=2, 19978751=1, 8988092=3, 9287669=2, 31184804=1, 1432404=1, 23690908=1, 32823665=1, 1053851=7, 13728624=1, 3969175=2, 582628=1, 4140556=3, 1138891=1, 3818747=1, 22258061=2, 21488626=1, 7935186=3, 5625922=1, 5198417=1, 10148171=1, 14901648=1, 19367245=2, 32689740=1, 21746733=1, 24771861=1, 1892253=1, 21569885=3, 22263639=2, 30526032=1, 17086345=2, 17694750=4, 10652299=2, 12301639=2, 11369385=1, 1324618=5, 20358595=2, 11794262=1, 10785257=2, 6837413=1, 18436446=1, 19149696=5, 7111630=2, 22948521=4, 26481541=5, 27099213=2, 4981417=5, 7996768=4, 8503495=1, 18938452=1, 10824712=3, 28362788=1, 33121619=1, 30951786=1, 1372215=1, 31843310=1, 8510621=1, 11353841=3, 23636272=2, 28011353=1, 29681241=1, 16580647=3, 1194846=4, 9989255=1, 25745084=1, 341781=3, 17661587=1, 8539499=1, 28783039=3, 23768266=2, 11125263=1, 2126934=1, 22248721=1, 17274874=2, 3029940=4, 25882293=1, 20456482=6, 26789100=1, 32011187=1, 15116744=2, 19580935=1, 29491459=4, 27858882=3, 15694532=1, 22006986=1, 22886031=3, 17299632=1, 10149877=1, 7551773=3, 26493898=1, 6321678=1, 5785849=1, 32387111=4, 18935480=1, 12268775=3, 7508588=2, 33230732=3, 6540086=1, 1013179=1, 26152921=3, 7986521=1, 11532815=1, 26846955=2, 1981611=4, 17904460=3, 19684061=1, 20100269=2, 23993207=4, 22386801=2, 15862743=4, 21058788=1, 4372511=2, 26759353=1, 32964819=3, 9742035=2, 33228386=3, 29683167=1, 3329585=1, 16369271=1, 11207046=3, 25903436=1, 14149550=1, 1715891=4, 33549488=1, 18055965=2, 5896839=1, 3443925=2, 30357645=3, 5458555=1, 22032014=7, 10688054=3, 5174626=1, 11096547=1, 26088801=4, 17636646=3, 12320676=1, 13757916=1, 5077646=1, 18894524=1, 9713571=5, 30054762=2, 6495258=3, 30433290=1, 6039185=5, 33188594=1, 32612311=2, 17129908=1, 23120574=1, 29505438=4, 5802637=2, 27565114=2, 31268795=3, 5175720=1, 11545278=7, 7578035=2, 16616341=2, 18038428=3, 22093532=3, 4020434=1, 5971854=3, 4720911=6, 17805379=2, 26903826=2, 14921799=2, 8287991=1, 27205954=3, 1629384=1, 4086504=1, 11259827=1, 14917882=2, 20576213=1, 3778360=2, 17317581=6, 17369825=3, 5131351=1, 15978924=1, 31025935=1, 21291824=1, 2750136=1, 28769533=1, 27953159=2, 31614516=1, 2002824=2, 12522717=3, 28123581=3, 28280752=2, 22456926=2, 22873225=3, 24056673=3, 28389037=3, 24654049=6, 18033679=3, 3445967=2, 8381296=1, 32793614=1, 11836467=2, 29783566=1, 26293991=3, 12440652=1, 18815688=3, 7904436=2, 13630662=1, 22199377=2, 78956=3, 13307731=3, 2375399=5, 10876042=1, 12199719=4, 2866860=2, 8625312=2, 21392365=1, 9735424=2, 12800766=1, 118057=1, 18894894=1, 24241238=1, 25759910=3, 29388242=1, 32315879=3, 23467465=4, 24565350=1, 15431256=1, 33383348=1, 9657362=1, 6273423=2, 8116540=1, 16480780=1, 4786536=3, 26656905=1, 23293916=1, 31563338=2, 29719953=1, 26689769=1, 6708819=1, 18080688=1, 13997898=2, 17567974=5, 5689115=1, 13828760=3, 19266747=1, 27046333=2, 10224489=5, 2931983=2, 15818569=1, 14293285=4, 26848791=2, 10712882=1, 15337393=4, 10113697=1, 11897115=2, 870366=1, 26263911=1, 25557482=1, 8211532=1, 18709786=1, 8261691=4, 25603951=2, 14835883=1, 27201139=3, 26661549=1, 29359239=1, 14048712=1, 31511304=1, 24454262=3, 10896791=1, 24665752=1, 22212219=1, 28791716=1, 12885641=2, 7863743=1, 3318014=2, 2833551=3, 12159434=2, 8976215=1, 13047010=3, 831936=2, 28153266=2, 24196782=3, 8896062=2, 25865705=2, 13265083=1, 24602970=1, 25917461=1, 10349809=1, 6646210=1, 5987934=1, 29883925=1, 24979468=3, 2868969=1, 216963=1, 7548230=3, 32072602=1, 27452930=1, 14142168=1, 6334271=2, 18300940=1, 7545166=3, 27369672=2, 26419567=3, 19700117=2, 33434591=4, 11191241=1, 4278415=1, 26299646=1, 17452654=1, 25155766=1, 33314258=1, 21543075=2, 27454941=1, 22065430=2, 26426092=3, 20507385=1, 2872989=1, 22792096=1, 10817568=3, 6358362=3, 24327750=3, 7017610=3, 19966565=2, 21133871=1, 31153716=1, 27094939=1, 16990254=1, 23437168=2, 13959700=3, 31986301=6, 5523248=1, 14326966=2, 3528908=1, 31335898=4, 26544912=3, 30326812=1, 26951628=3, 21303497=3, 21388169=1, 23163346=1, 25717809=1, 3907462=2, 6403857=2, 990076=3, 31307450=2, 27241713=2, 16719749=3, 4441586=1, 20887876=2, 24514103=4, 9787004=1, 3455042=2, 7404784=1, 956673=2, 15984220=1, 28995727=1, 11689812=1, 7388325=2, 19945857=1, 28716109=4, 15079270=4, 4613029=1, 3006148=1, 24836152=1, 6325049=2, 17219442=2, 31557096=2, 2980632=1, 14176175=1, 19194940=1, 11555634=1, 18915727=2, 27612926=1, 31566981=2, 11806112=5, 16948734=2, 33204292=2, 32915821=1, 12845935=5, 9130177=1, 30228616=1, 19459594=1, 5263470=1, 18262925=2, 30619567=3, 21519770=1, 17379077=3, 14955503=5, 23736080=4, 17399357=1, 5094524=2, 21650150=1, 25403745=2, 6483473=1, 18354734=6, 29261364=1, 32317726=3, 25986500=2, 13645476=7, 4443469=1, 21275235=2, 23131307=1, 23928403=3, 878298=1, 33201267=2, 2939703=1, 25492663=1, 8310556=1, 14729854=1, 13570102=3, 2981321=1, 26313356=2, 10493647=8, 22544962=6, 12893328=2, 2556198=3, 27517749=1, 2786425=2, 32866678=2, 25134647=2, 2003427=2, 12901729=1, 7148492=3, 1397290=1, 15766095=2, 3071715=1, 22647635=2, 18800081=1, 11604034=3, 23210572=4, 3252911=2, 12887026=2, 32559369=1, 28358392=2, 24852692=3, 20974352=9, 334181=3, 32820366=1, 32236574=1, 16282013=1, 21145807=2, 18593476=2, 16827262=1, 14667029=1, 12592155=9, 24717761=3, 21023847=1, 10331602=2, 25689774=1, 21424394=1, 10696759=3, 16432845=2, 33270135=2, 17418670=1, 33024718=1, 22894968=1, 24317354=3, 4610293=1, 29057152=1, 3725819=1, 19877671=1, 24167467=1, 8975300=1, 15871766=4, 26671714=1, 17231817=1, 24384084=5, 8782724=4, 29823241=3, 25261955=1, 24702744=1, 13592790=1, 16639393=1, 1289456=2, 4353623=1, 1571379=1, 2178295=3, 8090708=1, 4014701=1, 14355535=3, 8283949=1, 14993679=1, 6327760=2, 9251499=3, 13682982=1, 31209794=5, 12113542=1, 8646443=1, 7233204=1, 18420923=3, 25048179=4, 24432836=1, 28079943=1, 30310855=2, 4859740=4, 7291879=1, 14590431=2, 806236=1, 14563272=4, 17202966=1, 5023189=2, 30248740=2, 29895499=6, 10192172=2, 13013383=2, 8795839=4, 33434934=4, 4110887=2, 11847208=1, 7635837=2, 21351828=1, 27666480=4, 1794876=1, 30978710=2, 27328828=3, 26064606=2, 27666898=4, 24715890=3, 4039000=2, 23631445=2, 28025468=2, 1643950=3, 22372010=1, 29919415=2, 21910691=1, 933644=4, 13000373=1, 11955159=1, 11758573=1, 19029207=1, 13980968=1, 29340225=2, 31077274=4, 24923527=1, 27478278=1, 4752923=2, 24301469=1, 10003085=2, 30667002=1, 1612588=2, 11969425=2, 19950535=1, 27809960=1, 2658575=2, 21095524=1, 30191269=2, 2726876=2, 22582332=2, 3921822=1, 195415=1, 32407461=1, 1556213=2, 25947715=1, 22201577=1, 31280146=1, 5791538=1, 10139443=2, 5156073=2, 18470008=1, 1501846=1, 4283749=1, 24433722=1, 8655897=5, 28711613=4, 4516550=1, 11807950=5, 20320049=4, 26238643=1, 32221600=2, 8168123=2, 6438505=4, 21208287=2, 7016906=3, 20575082=1, 10383898=1, 9450917=7, 4200024=9, 27939821=1, 30395730=1, 15652125=1, 31329671=4, 13961603=3, 9974344=6, 15972836=2, 6495370=3, 9908555=3, 16515883=5, 4319626=1, 5356443=2, 10763150=5, 4005537=3, 16817643=2, 834228=2, 1388854=3, 32289619=2, 31638874=1, 32806396=2, 30344229=3, 27288312=1, 20559264=2, 28681668=2, 26151573=3, 2879340=1, 866148=3, 15650098=1, 12024898=1, 31154948=1, 13937851=2, 3991748=1, 14856403=2, 22941169=4, 27224383=1, 1164818=1, 31587081=1, 7365738=1, 17575384=5, 32343296=2, 13270685=1, 2387374=1, 17964840=4, 18320852=2, 30467588=1, 840496=1, 25849250=1, 5710619=3, 2018476=1, 2788167=2, 14309348=1, 26987705=1, 29505152=4, 22900267=1, 22222065=3, 29712265=1, 28564847=1, 23856784=5, 3015639=4, 4438276=2, 21889755=4, 14565433=1, 4446060=1, 27802639=6, 4852977=4, 9867871=2, 1064040=7, 1660722=1, 5027123=2, 14847232=2, 461065=3, 23590352=1, 1436514=1, 30634880=1, 3835084=2, 11293518=1, 31677007=1, 4213991=1, 2997052=2, 12919407=3, 1257556=3, 18773800=1, 29774161=1, 9454186=1, 27084758=1, 20539784=1, 5009641=1, 19663469=5, 30681817=5, 6377533=1, 5400669=1, 26741062=6, 14071657=2, 16534198=1, 20653315=3, 9936136=2, 30805712=4, 4729507=6, 32779468=5, 25931343=2, 17690864=1, 8799909=1, 17213507=2, 18275302=1, 11282572=5, 24726107=1, 27489841=1, 24748237=2, 20365725=1, 31676478=1, 27933226=4, 31307026=2, 4666203=3, 15747512=1, 30177443=1, 31789181=3, 5220610=2, 31545009=1, 6671982=1, 14840018=1, 4437689=2, 6345370=1, 7206785=1, 7813468=3, 27869916=1, 16281259=1, 22363432=3, 16137063=4, 22027191=7, 27894062=2, 23493428=1, 25202549=2, 21488775=1, 24992707=1, 11635761=2, 16309130=1, 29809988=1, 11386141=2, 17445125=4, 24062693=3, 19392158=1, 14363186=3, 16701609=1, 7029192=1, 23323819=1, 32252419=5, 23983960=1, 28875498=2, 32535477=1, 2143153=2, 26945891=3, 12909112=1, 971739=1, 21050818=3, 30304209=1, 32081979=2, 1077429=1, 2792020=2, 33288310=1, 446722=1, 31741279=1, 19143114=5, 5863309=1, 20584924=4, 30695735=1, 15419667=1, 16395339=4, 21658648=1, 28583125=5, 9220035=2, 7932822=3, 3222230=3, 14546071=1, 16200608=3, 24472292=1, 13555272=1, 24450668=3, 13419786=1, 9579895=4, 30266005=1, 27078133=3, 20065285=4, 31465143=8, 30735876=1, 30854200=1, 12681138=1, 4078155=4, 1914801=3, 8032768=2, 501090=2, 3307240=1, 19225917=1, 11527750=1, 33541781=1, 13770197=4, 21398864=2, 23017791=3, 5133117=1, 27443005=2, 29172029=3, 5961977=1, 21213646=2, 23325367=1, 32976014=3, 25905759=1, 1970854=4, 4524508=3, 24158864=2, 31784039=1, 21138070=2, 15206015=6, 14674046=1, 95032=1, 575491=1, 6274467=2, 7560652=1, 4435165=2, 1807488=2, 6086965=1, 27760439=2, 29589931=2, 15778490=1, 29673102=1, 19498049=2, 32724457=1, 11135663=1, 19890305=2, 19083408=3, 940879=1, 22209223=1, 12297985=2, 5022272=2, 21664920=2, 10390739=2, 1608373=2, 26224752=7, 26094799=4, 28299184=1, 18118830=1, 14610145=1, 3835711=2, 4737948=1, 9257380=1, 13565836=1, 30110855=1, 29557081=3, 10152487=1, 10628367=4, 27200966=3, 15397009=1, 19635727=2, 26047555=1, 13187762=3, 26534467=1, 9345761=2, 31420877=1, 20903521=1, 33013841=1, 11627233=1, 27286501=1, 6283277=1, 20362950=2, 14324180=2, 16231209=2, 25638953=3, 14016266=1, 7385663=2, 8440884=1, 16334534=3, 9390897=1, 10454394=2, 29478275=1, 17811578=1, 32855162=1, 574489=1, 2332909=2, 31336406=4, 15046388=2, 25428155=5, 33021349=1, 20569148=1, 13249769=4, 27550297=1, 26276663=1, 26889871=1, 2239377=4, 32740660=2, 12505018=1, 4559144=2, 10666364=1, 23070361=8, 644438=1, 17859736=2, 3027916=4, 20613538=2, 5079329=2, 25850614=1, 16378638=1, 6467041=2, 19305187=2, 4882999=2, 5556684=1, 23301762=2, 30246010=2, 12884515=2, 16611618=1, 29441951=3, 14294660=4, 1016410=2, 8530812=4, 11867770=3, 31444986=1, 16425842=2, 11800150=5, 15265943=1, 9076355=1, 13478638=2, 24510338=1, 12147001=1, 26409194=1, 100071=2, 20016124=1, 441690=2, 21146044=2, 24351483=2, 23856236=5, 29471384=2, 22146134=1, 6490225=3, 5851936=1, 8227490=2, 16528432=5, 4839470=1, 15690167=1, 10479334=1, 25306220=4, 12287293=1, 507367=2, 19768698=2, 22312943=1, 2219904=1, 16293073=2, 13701478=3, 19353833=1, 18431276=3, 20970594=1, 19199689=1, 30880691=3, 8912454=1, 19821001=1, 31475619=1, 20457259=6, 9599237=1, 10169496=3, 21354584=1, 12046732=1, 46410=2, 20042926=1, 16650721=4, 5754508=1, 17296714=1, 10514971=1, 23133149=1, 21441417=3, 2739682=1, 4857978=4, 8267402=4, 17202129=1, 24570644=1, 25272033=2, 32736224=2, 11579317=2, 7905767=2, 13160095=1, 25999127=2, 16827885=1, 30690105=1, 10404054=1, 5592437=1, 7373718=2, 22337099=1, 30337287=1, 23489555=1, 21659509=1, 23323381=1, 27500555=2, 5584187=3, 9246441=3, 19038137=1, 32912852=4, 16662385=4, 3781924=2, 10980215=2, 14015613=1, 16874512=1, 8992374=3, 30181043=2, 9143749=2, 18848392=2, 30599477=1, 21272397=2, 19140138=5, 31760992=2, 1251768=3, 1691929=1, 20130514=3, 30635644=1, 11103037=1, 6724301=2, 6231922=3, 18095670=5, 8487750=2, 10120271=1, 17631493=3, 15550999=1, 10220765=1, 5680476=2, 9524516=1, 11118679=2, 32143832=1, 7912534=2, 9193395=1, 3643744=2, 31349688=1, 11010686=6, 19327998=1, 24733118=1, 29119060=1, 17901209=3, 16811345=2, 15564645=1, 9118805=3, 26671837=1, 16904527=1, 4201969=9, 15034131=1, 18130842=2, 26152299=3, 746674=1, 16801307=1, 25426067=1, 18197390=2, 16862801=1, 30348657=3, 9760483=1, 30719604=2, 5836527=3, 27641777=1, 4179159=1, 6220929=1, 17947512=1, 19537853=4, 13697846=3, 30617415=3, 9176251=5, 19201486=1, 23418199=1, 10092744=4, 17326153=1, 8114595=1, 16575088=1, 31313722=1, 26863629=1, 8458350=3, 32109069=1, 16682850=2, 29885600=6, 516870=1, 20861767=1, 16260782=6, 15946938=1, 28740068=2, 20450018=6, 4891508=2, 8771639=1, 16123792=4, 11790311=1, 3905646=2, 24919992=5, 3390336=2, 5740168=2, 26276195=1, 18659058=2, 12683665=2, 11132487=1, 14887468=3, 14107133=1, 1246529=3, 28191979=4, 3364762=1, 24238720=1, 17142473=2, 31896860=2, 203290=3, 22474383=1, 5223803=2, 19771021=2, 5521783=1, 17817613=1, 2783815=1, 33526939=2, 9360539=1, 8283253=1, 11375539=2, 21155842=1, 26592705=1, 23413989=1, 7247830=2, 3839994=2, 1812143=2, 13712185=3, 22919929=2, 493340=2, 22015628=1, 13051967=3, 24256337=4, 26734215=1, 1732846=1, 11478994=3, 17323918=1, 14460388=2, 5753407=1, 27407726=4, 27523606=1, 15593894=1, 27610627=1, 16483609=2, 7621138=1, 20486651=2, 9320899=4, 8127150=5, 16878807=2, 21579392=1, 6340939=1, 30387284=2, 166528=2, 28582792=5, 8406622=1, 6552519=1, 10718321=2, 16333372=3, 4186863=1, 3896174=1, 31689665=2, 15917843=1, 21799441=2, 22518769=2, 772481=1, 30174036=1, 28127112=3, 14568320=1, 12625518=2, 29001081=2, 2510348=1, 8207004=3, 27047416=2, 14846286=2, 2966072=1, 4425626=2, 5402771=1, 23773487=1, 12570533=1, 16920687=4, 27127552=1, 29141929=2, 9996468=2, 33049564=1, 16574488=1, 4850698=4, 30250779=2, 33410312=1, 10339497=1, 12209485=1, 28235039=1, 30470780=1, 16542688=1, 811155=1, 20158642=2, 14665837=1, 11429841=1, 2134511=2, 22120011=2, 30631383=1, 10039069=3, 25117386=1, 10342627=1, 24678827=2, 25672183=2, 7819950=1, 26788561=1, 2790377=2, 8836401=1, 26371277=1, 23639316=2, 27121514=1, 13362166=1, 1623662=1, 15489676=1, 14222528=3, 6392123=2, 7426247=1, 32912985=4, 1563544=1, 23790637=3, 523859=1, 14250300=1, 16870650=1, 22210925=1, 12079483=1, 9806441=2, 1401275=1, 5761471=1, 33072483=2, 25520377=1, 13192792=1, 33214684=1, 13743999=2, 32818235=1, 15789279=1, 13607620=2, 3719436=1, 21538688=2, 29977214=1, 6620012=3, 18513639=1, 15492996=1, 15199488=1, 15348403=4, 2204528=2, 26259201=2, 27554513=1, 20033252=2, 895388=2, 14290382=4, 33267517=2, 18635104=1, 21006338=2, 2502918=4, 7499132=1, 27884274=1, 31611366=1, 14690368=8, 589993=3, 9125511=3, 21932481=2, 19267265=1, 17159925=1, 9239366=1, 855286=3, 9942606=2, 14122614=1, 16742024=1, 8348383=1, 5179251=3, 15741376=7, 32808359=2, 31222548=1, 2157902=1, 22199761=2, 25101702=3, 29082406=1, 23823796=2, 4247586=1, 3070517=1, 30207809=1, 30395603=1, 24186059=3, 23556894=1, 14048781=1, 14438396=1, 21309218=3, 12230974=2, 25164794=1, 18513136=1, 14440378=1, 33458460=2, 30633713=1, 10091529=1, 10382234=1, 12198816=4, 8203389=3, 14262168=2, 13770875=4, 18735434=1, 534468=6, 11464146=1, 24061387=3, 13051755=3, 8078581=1, 30570427=1, 467856=3, 19436185=2, 824090=2, 26089769=4, 10612335=1, 3884170=1, 25745424=1, 12688145=2, 25795352=2, 31049154=1, 10303280=3, 21188344=1, 32986226=1, 23245552=2, 11693081=1, 10539873=1, 23664750=3, 20176513=1, 18168803=3, 20676247=1, 30126701=2, 3017272=4, 15219009=6, 7617988=5, 24402607=1, 26527501=1, 21411418=2, 28168709=1, 28827120=1, 14778622=2, 21676899=1, 19660214=1, 5812753=2, 12710703=1, 33229885=3, 29353566=1, 8675710=1, 28669604=1, 13162705=1, 7804927=3, 23725498=4, 31274739=3, 26198487=1, 19241512=2, 14869266=1, 16045457=1, 19709959=1, 3425756=1, 26771904=2, 2764019=4, 22161959=4, 31782145=1, 10854128=2, 21109742=4, 32545455=2, 11638016=2, 534156=6, 8145277=1, 9953388=1, 20006598=1, 28100173=1, 21850326=1, 17563218=1, 16568818=1, 28556636=2, 28798650=1, 11724649=1, 32332172=1, 5181696=3, 7381047=2, 29900784=6, 5793846=1, 1077537=1, 28724198=1, 4092344=1, 9276741=2, 11702570=2, 11024639=6, 29363971=9, 3446915=2, 18147365=1, 158824=1, 4746647=1, 5989805=1, 20418031=2, 2705479=1, 13342642=2, 21822335=1, 27850114=1, 21976297=1, 26886735=1, 1406852=1, 7430725=1, 7466566=1, 16950491=2, 691722=2, 15222218=1, 19250198=2, 21365364=4, 6830818=6, 7189369=2, 8204384=3, 13529742=1, 12012954=1, 15831830=2, 25140262=2, 27971130=1, 31006403=3, 25829642=4, 6891247=3, 4386597=1, 9345466=2, 16194992=3, 403143=4, 9088786=2, 25863221=2, 20753597=2, 676485=1, 12710127=1, 16246924=1, 22678482=4, 32134033=1, 7534332=1, 10110267=1, 17856697=1, 25262415=1, 22625391=3, 32092340=2, 2880677=1, 6707423=1, 18790874=2, 24585146=3, 19758765=1, 22685155=4, 1099028=1, 30635545=1, 216936=1, 30967438=2, 29862524=2, 21162288=1, 2828278=3, 29075082=2, 16305977=1, 18374957=1, 21272591=2, 774622=1, 18040080=1, 13530020=1, 809552=1, 33540507=1, 6658292=2, 8620138=2, 4413228=1, 31663830=3, 4437624=2, 21578749=1, 30667677=1, 28752366=2, 16028386=2, 24011204=1, 1887743=1, 30629896=1, 7484059=4, 31745857=1, 5011954=1, 1492898=1, 30847022=2, 31034948=2, 19276078=4, 18266527=2, 32139057=1, 25888556=3, 32984848=1, 21679382=1, 2096827=1, 9085272=2, 28646940=3, 17007847=2, 13209352=2, 28147649=1, 13583975=1, 21989420=2, 25839693=1, 19099463=1, 23483918=1, 5871264=2, 13305023=3, 20195241=5, 3136581=1, 16346804=1, 13624405=1, 3414022=5, 25538950=2, 4928221=3, 25531329=2, 28025650=2, 9771476=3, 26746091=6, 18826303=1, 1946816=2, 8579301=1, 8332984=3, 18006550=1, 6936587=1, 31673675=1, 31930266=3, 16785430=11, 10204413=2, 2387658=1, 10423629=3, 11559514=1, 25802615=2, 16019940=1, 8181132=1, 16856880=3, 6287129=1, 31088231=1, 33071873=2, 27113613=2, 20971445=1, 27126499=1, 29414681=1, 28621380=2, 33415046=1, 32404515=1, 23263317=1, 32642830=4, 29240426=4, 27007908=5, 11852060=1, 27885680=2, 20024687=2, 7120888=2, 30011071=1, 9864890=2, 11288273=5, 23796128=3, 27557062=1, 14689380=8, 30231424=1, 24855955=1, 9806322=2, 18011444=1, 32036064=1, 23381588=1, 12746793=2, 5662589=1, 13968489=3, 269072=5, 16108863=1, 1559951=1, 3356678=3, 32548393=2, 20976502=9, 16710281=1, 22238667=1, 9080112=2, 6256042=1, 10618042=4, 10110163=1, 3617081=3, 5533582=1, 27808524=1, 10226356=5, 14555604=4, 25496206=3, 22525569=2, 1661674=1, 25399794=2, 599681=3, 11857965=1, 9884162=1, 31859896=4, 7110270=1, 7017303=3, 3272670=1, 29863247=2, 2037456=3, 27720050=1, 1788562=1, 22271360=1, 20147188=1, 2239074=4, 9644465=3, 28317731=7, 23253020=1, 33077231=2, 2228106=1, 27475612=3, 25096767=1, 25285132=1, 1549953=2, 25239181=3, 6373677=1, 17853213=1, 8753047=2, 294417=1, 17461735=1, 27114841=2, 23816461=1, 15175478=2, 14869664=1, 3881958=3, 31753567=2, 17809953=1, 28272608=1, 1394500=1, 25311298=4, 25654631=1, 7901577=2, 26233838=1, 23080943=8, 15597405=1, 19679183=1, 5746571=2, 22917393=2, 713247=1, 32669296=1, 27834719=2, 17127668=1, 15326282=1, 13787150=1, 13463289=1, 5640608=4, 26079985=1, 29682107=1, 22322040=2, 10879417=4, 17271874=2, 13303007=1, 1341516=1, 26406959=1, 19037981=1, 31272320=3, 25058939=1, 11842114=2, 8028604=2, 14078891=1, 8227261=2, 10640981=1, 25801194=2, 22363326=3, 16467675=1, 23329744=1, 29477192=1, 19531805=4, 13739770=2, 16563588=2, 2936610=1, 7480940=4, 23580289=1, 26414666=3, 26222358=7, 1038607=1, 19507070=2, 26857426=1, 7532527=1, 17508945=3, 16608106=1, 11003070=1, 11246197=2, 3237913=1, 18388367=2, 14935449=1, 21724843=1, 3659025=1, 282206=1, 17932147=2, 13467809=2, 23961054=2, 32104874=1, 8356116=2, 29621438=1, 8940129=1, 9781093=3, 20402027=1, 9486254=2, 335570=3, 19388366=1, 5120675=4, 32161035=2, 12158239=2, 15998670=5, 7908718=2, 9361323=1, 8255017=1, 2056884=1, 29913127=1, 16823670=2, 6817348=6, 26628553=1, 32859522=1, 23053728=1, 22022043=7, 26782647=2, 29248006=1, 13071353=1, 32761635=1, 14319933=2, 28937933=2, 7919921=1, 21046349=3, 18936643=1, 1611546=2, 5606510=2, 9907841=3, 25370222=3, 11300820=1, 7885109=1, 31876640=1, 21815224=1, 25357669=1, 3290032=4, 30893179=1, 17236027=3, 5938561=2, 12508611=1, 29940060=1, 9681905=2, 16167326=2, 4674407=1, 7264766=1, 29017635=1, 22848036=2, 29374589=9, 29428572=3, 25786254=1, 10961145=1, 19746918=1, 31665282=3, 17641102=3, 33083570=1, 22433369=1, 250190=1, 17636884=3, 27293612=1, 27578636=1, 2865604=2, 25617429=1, 30924825=1, 23510530=2, 3787825=1, 7857011=1, 11505582=2, 9182274=5, 291605=1, 21649459=1, 9231094=1, 11179178=2, 8419897=1, 7478801=4, 3427116=1, 24568664=1, 2938245=1, 803625=1, 6676531=1, 28532967=1, 13663556=1, 26505769=1, 14147541=1, 22925491=1, 10502981=1, 26550463=3, 1258661=3, 21678658=1, 20902874=1, 4087997=1, 25819261=1, 16801693=1, 27169175=2, 9205806=1, 23803508=3, 6490162=3, 5642187=4, 12969560=1, 22611263=3, 12347894=1, 16572619=1, 2092568=1, 29223115=1, 3893031=1, 2202727=2, 24034198=2, 12647393=1, 19052478=2, 30305202=1, 30134006=1, 33044639=6, 22316490=2, 18728870=1, 32089634=2, 8389252=10, 23373979=2, 4597003=4, 17821798=1, 23808996=1, 13791497=1, 20234602=1, 21111955=4, 4707220=1, 6094577=1, 32027136=2, 19831404=2, 27137841=4, 9873384=2, 27587289=1, 3533025=1, 8378199=1, 27409257=4, 15126240=1, 19737389=3, 4096710=2, 13046736=3, 33345751=1, 12456928=4, 15912631=1, 21567429=3, 12804544=1, 15313012=2, 533948=6, 29624198=5, 22918465=2, 1498651=1, 13089077=2, 29497007=4, 17282066=2, 17574255=5, 2291391=1, 9554929=1, 4335167=4, 20002290=3, 19705284=2, 24029165=2, 1919962=1, 28452782=4, 834584=2, 9110565=3, 3485961=3, 27727684=3, 21302141=3, 19333711=3, 21037876=3, 18570256=1, 12158193=2, 25454202=1, 4191925=1, 25669594=2, 21326217=1, 12280976=1, 29509280=1, 18887018=8, 7049755=2, 21285439=1, 7840371=2, 3470427=1, 988892=3, 20227375=2, 10248007=1, 4566649=2, 18480115=1, 32923905=1, 32612229=2, 30504278=1, 28642607=3, 24617562=2, 26178412=1, 18943457=3, 25226902=1, 29907457=1, 27170188=2, 3318760=2, 29984283=2, 4615204=1, 29880887=1, 12744906=1, 19787252=1, 17703979=4, 4911171=1, 16501187=1, 23952850=1, 26937029=3, 6976903=1, 8088172=1, 10651430=2, 11904747=2, 19176454=2, 21089626=1, 18282678=1, 10978869=2, 12584805=9, 800616=5, 7179006=2, 26987327=1, 12476032=1, 1174736=1, 2879583=1, 16196317=3, 18491585=4, 18741424=1, 29553742=1, 3121702=2, 2281904=1, 27870104=1, 20349232=2, 32414145=2, 6618943=1, 14444056=1, 15494830=1, 28808733=2, 3022264=4, 16994107=1, 3650720=2, 22654108=2, 33493278=3, 22351846=3, 24299477=1, 24484404=2, 633544=2, 4361866=2, 32675777=2, 10662753=2, 32726147=1, 20214670=1, 27226179=1, 8849574=3, 9250794=3, 15812919=1, 14519675=2, 5341221=2, 16905394=1, 644805=1, 9763027=1, 32613865=2, 2536281=2, 29595169=2, 28245836=1, 13082317=2, 11230092=1, 27875067=1, 12160070=2, 29482009=1, 25343602=2, 1889080=1, 13421765=1, 20953527=2, 19539560=4, 822832=2, 21392617=1, 8409525=1, 32497258=1, 24589923=3, 7139920=1, 13299691=1, 6197654=2, 21481172=1, 30790994=1, 14041983=1, 10193337=2, 26853016=2, 18674228=1, 27657269=4, 4317001=1, 23174290=2, 5876058=2, 19988327=1, 5006384=1, 19539369=4, 18871499=1, 16898704=1, 5164143=1, 672736=1, 15653139=1, 31585208=1, 13126547=1, 9027426=2, 8165977=2, 31203628=5, 29807017=1, 31258158=1, 4261730=3, 13117154=6, 1576735=6, 27408290=4, 24445366=3, 1487847=2, 23341916=5, 28303422=1, 1087293=2, 16799755=1, 8715142=1, 29391487=1, 31033648=2, 21634248=4, 5513529=5, 25522458=1, 2869129=1, 14604770=1, 24778784=4, 4283818=1, 31498356=2, 24822293=1, 25767217=3, 30317760=2, 979890=1, 13614031=2, 31849999=1, 7170980=1, 22839857=2, 11986891=1, 21525104=1, 4265426=3, 11415611=4, 24943588=2, 19082438=3, 11630622=1, 18669571=1, 7311692=2, 7142380=1, 13772401=4, 7465379=1, 1003629=1, 7759618=1, 3567912=1, 21234533=5, 20426028=2, 4787734=3, 32425629=1, 3330729=1, 33281079=1, 28246397=3, 4750194=1, 28371717=1, 3799583=1, 18070562=2, 19942235=1, 21945789=1, 9304483=1, 20352035=2, 9363130=1, 26539056=1, 8452050=1, 20276312=1, 26733042=1, 16433084=2, 30831428=1, 17747241=1, 13465054=1, 29699422=3, 12657856=3, 12413126=1, 17490720=1, 5002649=1, 6859697=2, 4291549=1, 22527121=2, 20187244=5, 11171234=1, 5571131=3, 9104988=1, 32056096=3, 21113131=4, 8226461=2, 2298498=3, 14416010=1, 14773367=1, 1477712=2, 6088726=1, 24292056=2, 31861856=4, 2894543=5, 15243166=2, 1839334=5, 15538445=3, 18385980=2, 29788291=2, 11442332=2, 19000634=1, 14286327=1, 20028267=2, 8174444=2, 23974134=1, 10742951=1, 16337200=1, 30258721=2, 12709454=1, 20540607=1, 11174947=2, 32583900=3, 31719415=1, 8232962=2, 18455845=2, 4844882=1, 3567796=1, 9595788=1, 32411614=2, 21813358=1, 10598989=2, 17172422=4, 31755849=2, 8197863=3, 29719790=1, 2697886=3, 12892512=2, 23898318=2, 24621124=2, 5103156=1, 21366383=4, 14089982=1, 24733430=1, 3242664=1, 6624812=3, 10620398=4, 9060050=4, 33505884=1, 32365878=1, 29461076=2, 6411018=1, 11974907=2, 29262495=2, 19883740=1, 5908959=4, 662194=4, 26655695=2, 22857124=1, 23112846=2, 25407263=2, 735541=3, 16609009=1, 24346966=2, 15420280=1, 29417975=1, 8218031=1, 8132623=5, 8291842=2, 20175803=1, 7630717=1, 2901703=1, 28944399=2, 14269004=2, 26647300=2, 7508316=2, 20888347=2, 6584093=1, 3186137=2, 15441602=2, 10685787=3, 27802086=6, 5498806=1, 27028047=1, 3791007=1, 11802261=5, 2074821=2, 10930278=1, 30734454=1, 11770586=2, 1038721=1, 27882529=1, 13776453=4, 13206945=2, 25329768=2, 4784802=3, 3085088=3, 27650008=1, 29201243=2, 14158065=6, 3790210=1, 10098974=4, 14234831=3, 26551362=3, 12587467=9, 4437904=2, 20186988=5, 15831650=2, 31695612=2, 27527288=5, 32856952=1, 18215337=1, 12308804=1, 31222575=1, 5092208=2, 28228530=2, 23828992=2, 30289254=4, 12620145=2, 28270517=1, 6138638=2, 27688418=1, 3391115=2, 7982344=1, 29178324=3, 15508835=2, 32974561=3, 32449417=3, 4887496=2, 13650784=1, 31330875=4, 13552656=1, 21578404=1, 3182953=2, 20622473=2, 10159007=3, 23358319=1, 19738296=3, 29846370=1, 19936358=7, 25883685=1, 4151784=1, 29627078=5, 28940925=2, 8003440=4, 28306675=1, 3970345=2, 5379721=4, 33281176=1, 1954231=1, 17607988=2, 31966316=1, 21416657=1, 26098852=4, 5813891=2, 6125663=1, 27772031=1, 25430815=5, 25050673=4, 9959220=1, 17341274=2, 27350275=1, 23384072=1, 30354988=3, 20700463=1, 14229235=3, 7013981=3, 28555405=2, 16994809=1, 9544406=2, 24262360=4, 32237869=1, 32014980=2, 7401978=1, 18435307=1, 19618283=1, 8734993=1, 6147256=1, 12329289=5, 10297082=3, 5157248=2, 13857652=1, 27111481=2, 3328700=1, 5271611=1, 10588514=2, 9122889=3, 13024122=2, 4373912=2, 16362780=2, 23156667=1, 15496522=1, 1417510=2, 11569032=2, 29914279=1, 24584451=3, 1952834=1, 15462904=1, 2921008=2, 19149379=5, 12006690=3, 18347233=1, 17686100=1, 8540112=1, 9791399=1, 8896875=1, 8363152=2, 27405023=4, 32863481=1, 14977026=2, 5560465=1, 2115787=1, 30972095=2, 4839446=1, 26649064=2, 30940156=6, 16982317=3, 20558101=2, 3010020=1, 9465145=1, 16443778=1, 6814663=1, 31687858=2, 29007717=2, 12402680=3, 27514730=1, 27255506=1, 13593447=1, 1361897=1, 6457006=2, 14149650=1, 20337254=1, 19447341=2, 14569716=1, 1884069=2, 12098225=2, 20985737=9, 2669592=2, 28656939=1, 25638131=3, 15653891=1, 10728616=2, 10336553=2, 29895541=6, 22657948=2, 22348683=3, 31915469=1, 24679295=2, 15731441=7, 28067996=1, 18430979=3, 28186039=4, 14040273=4, 3097661=1, 2335097=2, 11447636=2, 23623466=1, 17221469=1, 16780673=11, 3402473=1, 6373968=1, 4491065=2, 23028170=1, 8058859=1, 30549030=4, 28609469=2, 27088238=1, 21305270=3, 3022194=4, 30315529=2, 10595568=2, 16283255=1, 25587295=1, 19291565=1, 11153300=4, 25549154=1, 5817116=1, 30149746=5, 15379144=2, 31800981=3, 21139148=2, 314=16, 16295591=2, 21859438=2, 11831504=2, 32690796=1, 2770418=1, 7018847=3, 23345662=5, 24531471=1, 6499233=3, 16554583=2, 26510850=2, 3320810=2, 1216067=2, 1505667=1, 5826386=1, 4998878=1, 26553860=3, 26740835=6, 4879303=1, 23564838=2, 15260512=1, 29341289=2, 15261098=1, 9092716=2, 21420700=1, 6030278=5, 17595255=1, 23043585=2, 11235475=1, 14056918=1, 10426605=3, 10846658=2, 31810895=1, 30059806=2, 6867426=1, 16264286=6, 18683583=3, 16242257=1, 18923540=1, 23031030=1, 7654911=1, 20987029=9, 12395560=3, 12436281=1, 1724470=1, 30011368=1, 32809235=2, 12595519=9, 13926130=1, 28661436=1, 30638294=2, 25965014=5, 22736268=1, 25872000=1, 589476=1, 6166567=4, 16261686=6, 10923351=2, 29938132=1, 7823881=1, 31016135=1, 32377276=4, 17755943=1, 8716952=3, 26650866=2, 15208820=6, 13033582=1, 3420709=5, 24787915=4, 4174660=2, 11887816=1, 15892990=2, 1654925=1, 12202023=4, 25213738=2, 13912405=1, 15576274=2, 23474363=4, 14711371=1, 1850740=5, 20735511=1, 15312441=2, 16374888=1, 22192906=2, 33352406=1, 29468075=2, 23906609=1, 20302872=1, 614519=1, 4264350=3, 32033626=1, 8881870=2, 24366575=1, 29153662=1, 27319782=1, 5589279=1, 31455454=1, 6117717=1, 11003762=1, 28254067=3, 6313620=1, 7501462=1, 26928030=1, 7483961=4, 5732643=1, 22364526=1, 4052665=1, 31227701=1, 30748745=3, 13204486=1, 8041641=2, 31992095=6, 27100035=2, 32584230=3, 3765608=1, 31133075=3, 26079361=1, 31535190=3, 17205229=2, 18984603=2, 5616137=2, 18737681=1, 12078304=1, 12636449=1, 25825823=4, 8931807=1, 30228648=1, 4129572=3, 27230482=2, 22156529=4, 17915162=1, 21135778=2, 13020628=2, 25844739=1, 10727588=2, 29551529=1, 5588396=1, 1241065=1, 191426=1, 7368684=1, 3095299=3, 33163503=4, 29272940=2, 30967607=2, 9846806=1, 29525707=2, 24476154=1, 14549484=4, 22943811=4, 25761698=3, 23876095=1, 17648388=1, 7451253=2, 22963709=1, 23810866=1, 16422611=2, 12294280=2, 23631378=2, 8227136=2, 16486735=2, 9066973=1, 5895281=1, 2368673=5, 27603677=3, 21217751=1, 7877681=6, 21840360=1, 13799555=2, 28096569=2, 14143242=1, 3939343=5, 31718127=1, 18079652=1, 11365478=1, 6810520=1, 7164330=1, 267676=5, 6361115=3, 16889365=2, 32025336=2, 12008045=3, 5585871=3, 4219041=1, 33378878=1, 17650401=1, 12710578=1, 263073=5, 31552749=1, 1368020=1, 4556483=2, 20848322=4, 19248033=2, 16762778=1, 13395418=1, 5773837=6, 25974755=1, 9922593=1, 3938380=5, 8508080=1, 10540434=1, 30749705=3, 6317428=1, 30293518=4, 24604637=1, 15107615=2, 20960328=1, 20174611=1, 21743275=1, 22124264=2, 28415437=2, 26046873=1, 32631449=1, 6635932=1, 22958892=1, 16827762=1, 12401600=3, 2624160=6, 23088124=1, 8235810=2, 8790335=4, 33187969=1, 20520799=3, 21865209=2, 12358267=2, 8449911=1, 32084951=2, 30432300=1, 13267696=1, 19426070=1, 15195557=1, 19936966=7, 32520904=7, 24148329=1, 26948849=3, 23676977=1, 4282231=1, 28885888=1, 19796060=4, 20857868=1, 12036033=2, 27596542=3, 8319625=1, 30532533=1, 11435307=1, 7826193=1, 14071911=2, 20748054=2, 6007188=2, 10558057=3, 12990009=4, 28505831=1, 2756079=4, 3620439=3, 11158319=1, 7758510=1, 27931552=4, 14793574=2, 23917073=1, 18841985=2, 13046154=3, 12676224=1, 14987744=2, 30917958=1, 24068326=1, 24536019=1, 8800084=1, 19358181=1, 9562336=1, 31024800=1, 14589905=2, 18182086=1, 24136320=1, 9506950=3, 20719602=5, 1893185=1, 21732638=2, 25544914=1, 18880213=8, 3954121=1, 22009975=1, 14097565=3, 15568558=2, 17333809=1, 31219611=1, 20581141=4, 20101608=2, 21426313=1, 24526563=4, 39527=2, 16846706=3, 16898309=1, 12655868=3, 14040787=4, 12641213=1, 25288205=1, 24262167=4, 31422792=1, 25622017=1, 25260122=1, 28069703=1, 11375696=2, 5032516=1, 12457331=4, 24542079=1, 32064441=1, 28835389=1, 20941777=2, 25374223=3, 21246687=5, 22877083=3, 3229838=1, 32695447=1, 20448057=6, 1952295=1, 14676630=1, 20921253=3, 10437847=1, 4176326=2, 365765=2, 11908114=2, 4717240=1, 28782158=3, 19246089=2, 30904184=2, 31436955=2, 30966317=2, 26736940=1, 10433636=3, 3218198=3, 7088523=5, 12735765=1, 28279278=2, 17326300=1, 15340395=4, 21884483=1, 31614572=1, 17609730=2, 23404343=3, 16714096=3, 9203677=1, 32945310=2, 1730045=1, 15295510=1, 9416778=2, 31885734=2, 3463259=1, 7857541=1, 31288523=1, 4013031=3, 16700862=1, 28269640=1, 7314104=2, 2023059=1, 32843734=3, 23070232=8, 3927405=1, 18755564=4, 16003259=5, 7098041=1, 15822023=1, 12350814=1, 27764113=2, 17344492=2, 24333225=1, 7585059=2, 12132307=3, 28943167=2, 31136612=3, 17889862=1, 20846175=4, 31860476=4, 33396970=2, 31150947=1, 13719942=1, 4192417=1, 6923080=2, 811851=1, 2891828=5, 25145892=2, 31387308=1, 21419651=1, 13859365=1, 27296960=2, 9994704=2, 10306034=1, 32355003=2, 27402534=4, 18478488=1, 18616534=5, 31904492=1, 5059087=3, 15005096=1, 31579520=1, 29630936=5, 9764528=1, 33056649=1, 839545=1, 19199251=1, 5094770=2, 7722445=1, 4359629=2, 25263136=1, 910812=1, 3710033=2, 30834482=1, 13830536=3, 12943847=2, 137934=4, 19714260=1, 4216197=1, 24766497=1, 21026350=1, 3552779=4, 8565849=2, 13943254=1, 12880432=2, 19938712=7, 13828132=3, 22817061=5, 17926646=2, 14749718=3, 20570987=1, 7173524=1, 10855959=2, 13931365=2, 12256938=3, 23413282=1, 29997717=2, 21494494=1, 2712697=1, 17624703=1, 14330484=2, 25284268=1, 20710940=5, 27278628=8, 9189036=5, 9009789=1, 10080602=1, 4315682=1, 8104864=2, 13529901=1, 6755856=3, 12177779=1, 30329044=1, 17313920=6, 806511=1, 11293197=1, 2045200=3, 9188884=5, 31892542=2, 13432117=1, 5143639=1, 21300686=3, 22258815=2, 32539107=2, 7443071=2, 31943195=1, 21830532=3, 11763542=1, 23964265=2, 27159975=1, 11489203=1, 29096948=1, 24546939=2, 29678103=1, 14402828=1, 24467458=1, 29256344=1, 16614955=2, 8621652=2, 25669816=2, 3451121=2, 32221330=2, 23663882=3, 16609953=1, 4472680=5, 30052024=2, 11337870=3, 17425877=1, 26026387=3, 1754845=1, 15071813=1, 18668287=1, 721654=3, 778945=1, 1288685=2, 3976662=2, 15181452=2, 32452893=3, 11849790=1, 6114193=1, 7614566=5, 27004814=5, 32564801=1, 9307522=4, 2175695=3, 24653197=6, 12958965=2, 28807070=2, 17938951=2, 19830476=2, 17332140=1, 1956735=1, 26534183=1, 17951223=1, 28532538=1, 15190416=1, 417597=1, 33514430=1, 27806663=1, 17139942=2, 19630819=2, 19695734=2, 2735408=2, 26789530=1, 29614260=1, 22853866=2, 18561373=3, 8738629=1, 13894043=5, 17094740=1, 6396190=2, 2599387=2, 10118791=1, 29565180=3, 10496122=8, 25584333=1, 5762029=1, 7538738=3, 26443304=1, 6672091=1, 32835774=3, 7800010=3, 3832835=1, 14270298=2, 20464339=1, 23026326=1, 9595828=1, 28177389=1, 29309272=3, 14218997=1, 20969327=1, 26607627=4, 4812895=1, 17344284=2, 11807012=5, 11504357=2, 7891463=1, 32731612=1, 25219641=1, 31258357=1, 28920452=1, 3167693=1, 18173752=1, 25400411=2, 16805617=1, 1866078=1, 18185133=1, 24461639=1, 18476627=1, 33326442=2, 17848884=1, 31201325=5, 12260709=3, 22854399=2, 26906077=2, 27268285=8, 1493309=1, 791857=5, 7930370=3, 9799016=2, 16363713=2, 2646956=1, 20055505=4, 14548046=1, 15842420=2, 19556104=1, 6025315=1, 30458482=1, 18303109=1, 16511008=1, 12000460=3, 25554284=1, 28994899=1, 11366879=1, 30058500=2, 9130510=1, 21958752=3, 23883220=1, 3680683=6, 22486491=3, 11650368=1, 8032180=2, 26926975=1, 25379805=1, 17066015=1, 9320365=4, 19809275=1, 3403979=1, 21136733=2, 2265077=2, 5107017=1, 20319696=4, 28521428=3, 21716778=1, 152776=1, 26941417=3, 18142516=1, 28202695=1, 347821=1, 498711=2, 25027518=1, 8301409=2, 7209510=4, 16539239=1, 600842=3, 29354958=1, 11779461=2, 2319261=1, 10339700=1, 20385555=3, 32526340=1, 95862=1, 20892463=1, 15108436=2, 12036066=2, 23463976=4, 22320263=2, 30100982=1, 31150712=1, 2751636=1, 30708268=2, 5250170=7, 14190169=2, 23187290=1, 27179113=2, 31716962=1, 9915509=1, 16929513=1, 29161097=1, 13676376=2, 9925698=1, 17289424=1, 20858119=1, 25398447=2, 25859540=2, 14786970=2, 4077518=4, 24449872=3, 1316788=5, 33165659=4, 13991745=1, 20868969=1, 16588188=3, 7482689=4, 7428753=1, 8058243=1, 13483388=2, 28861691=1, 7939661=3, 6654464=2, 31163259=2, 1459877=1, 21631076=4, 30237686=1, 23869717=5, 21455165=1, 2908284=1, 14316182=1, 3434548=1, 16990074=3, 30754606=1, 11463702=1, 6425156=4, 6768789=1, 12217584=1, 12436245=1, 1178049=1, 3973371=2, 31205180=5, 402175=4, 25836729=4, 28710415=4, 3486750=3, 29330576=2, 26039437=1, 7637571=2, 25985162=2, 19219695=1, 30820872=1, 17275732=2, 5672899=2, 21866076=2, 27021529=1, 29262167=2, 17235358=1, 3310964=2, 21863844=2, 6966159=1, 31732406=5, 12845404=5, 31253073=1, 2889604=5, 28637955=1, 7967883=2, 5961481=1, 32957079=1, 29299885=3, 22548128=6, 7222173=4, 27141501=4, 19808333=1, 2972835=1, 31878034=1, 13081391=2, 22656916=2, 422657=1, 884963=2, 10591484=2, 19254352=1, 20071464=1, 12530889=3, 14754336=3, 3975777=2, 12545304=1, 27209457=3, 9815255=1, 27344633=3, 1985472=1, 9215793=2, 23203045=4, 3788542=1, 19682362=1, 23068809=8, 22716460=2, 6428597=4, 24619778=2, 678382=1, 9611693=2, 1169253=1, 7058037=2, 13096896=1, 19864529=3, 21298299=1, 23549000=1, 16272132=1, 10033698=3, 20063632=4, 21350180=1, 18739446=1, 12806734=1, 3936736=5, 24384135=5, 24764051=1, 22185766=2, 4832864=2, 938516=1, 7103941=1, 15652128=1, 29428268=3, 3474924=3, 3277046=4, 7710501=2, 30599617=1, 1418458=2, 16203318=3, 24452307=3, 12905403=1, 3293335=1, 30134269=1, 7282959=3, 33351089=1, 31673057=1, 21548819=1, 27555550=1, 8607406=1, 26296176=3, 1334929=1, 4314095=1, 18593812=2, 31190965=1, 17826376=7, 19778103=1, 3991587=1, 21016463=2, 12967658=1, 19657645=1, 17797878=2, 30098809=1, 24466016=1, 9466676=1, 10681764=1, 25586627=1, 15933326=3, 14433865=5, 30803406=4, 29484596=1, 12118547=1, 6460883=2, 31030455=1, 8014159=1, 25788851=2, 20688718=2, 4866458=1, 31016995=1, 31379561=1, 1828439=1, 10851464=2, 5478133=2, 20514512=3, 14536798=1, 13323389=1, 1551248=2, 28505210=1, 21940149=1, 10081279=1, 25686071=1, 27185261=1, 25817234=1, 8678477=1, 7522334=1, 27625701=2, 11463708=1, 3695241=1, 28143269=1, 26989254=1, 30462502=1, 17997435=2, 10492545=8, 6359635=3, 8353434=1, 30232348=1, 19787814=1, 3478245=3, 3626940=1, 30500464=1, 9820600=1, 7752875=1, 22894253=1, 32928081=1, 1582331=6, 19353532=1, 1116585=3, 27211042=3, 19767778=2, 33392158=2, 30048699=2, 3349729=3, 15818366=1, 25380775=1, 21251668=1, 24128703=7, 8688809=2, 17448126=4, 8708089=1, 21251886=1, 28614061=2, 25877702=1, 26498960=1, 10602320=1, 14648867=2, 27185040=1, 24803042=1, 12942450=1, 26872159=4, 32090792=2, 8872793=1, 6387302=1, 19795553=4, 6694270=4, 8279049=1, 103213=2, 8802108=1, 7148951=3, 9712313=5, 32542287=2, 28039490=1, 3339014=1, 28400157=1, 6942374=1, 21855111=1, 21714016=1, 5102229=1, 30633443=1, 18678349=3, 14134737=2, 7333019=1, 6452444=1, 16233630=2, 15096189=1, 30691718=1, 624515=2, 24388029=5, 13900875=5, 11930823=4, 11290105=1, 5226675=1, 2604851=2, 3248182=2, 11089294=3, 3047261=1, 28571993=1, 18989760=1, 27059541=1, 315883=1, 25492384=1, 10104931=4, 11732515=3, 22011230=1, 5187632=3, 21527641=1, 11538986=7, 17580913=1, 31360864=2, 6538710=1, 1390217=3, 10072097=2, 26312980=2, 30387241=2, 6011350=2, 4682884=1, 4095865=1, 14415104=1, 4239522=2, 3113321=2, 16027274=2, 10315105=1, 24349623=2, 24735572=1, 10026591=1, 19522553=1, 11739532=3, 11127793=1, 15434861=2, 3843361=2, 11125199=1, 8973555=1, 14233129=3, 21745905=1, 16199669=3, 22177763=1, 13413803=2, 7282065=3, 28325819=7, 32488626=2, 18065546=2, 11903033=2, 15645111=2, 16328004=3, 29613746=1, 29641020=1, 10691005=3, 23926083=3, 7676535=3, 23005068=3, 2453530=1, 11886516=1, 15621182=1, 27713666=1, 10388954=2, 3496498=1, 14952779=5, 23639541=2, 14801871=1, 569424=2, 7506997=2, 32139645=1, 4829866=2, 22515977=2, 29830962=3, 3743137=3, 14951424=5, 11725599=1, 17223073=1, 20834323=1, 26418531=3, 9772686=3, 1771209=3, 24398036=1, 25434380=5, 28974246=4, 14513039=1, 32979556=3, 15703621=2, 10716622=2, 8619990=2, 9384940=3, 25359162=1, 26645156=2, 28057554=5, 26603370=1, 9853414=1, 8142332=5, 17384563=1, 32909726=4, 8563335=2, 14389532=2, 25771275=3, 5923758=1, 13727573=1, 3188148=2, 27898931=2, 14122684=1, 28603613=1, 24216676=2, 6120763=1, 2553336=1, 14047838=1, 3365706=1, 28068401=1, 14750419=3, 11478997=3, 5131857=1, 18886080=8, 12902407=1, 33100910=3, 23454318=1, 29358830=1, 32834468=3, 18013585=1, 28026304=2, 9854525=1, 11711709=2, 23197107=1, 6265098=2, 5223348=2, 32632583=1, 8966827=1, 19856081=1, 5584817=3, 31663252=3, 14685322=8, 12552584=2, 12017289=1, 16658067=4, 23810828=1, 30915734=2, 28606567=2, 6372984=3, 10052636=1, 23613630=1, 23307703=2, 14550581=4, 26259549=2, 4317964=1, 27057200=1, 9766283=3, 28486683=2, 31474358=1, 23066993=1, 29068224=2, 33417461=1, 31679182=1, 23834969=2, 13936151=2, 11097583=1, 25450860=1, 6411508=1, 15532801=3, 19610286=3, 18599076=1, 25711111=1, 898364=2, 27920434=4, 18206323=1, 8997732=1, 2539576=1, 9997321=2, 10879009=4, 1873664=2, 27812481=1, 28884392=2, 4849944=4, 3377685=2, 2195214=1, 4526222=3, 10336727=2, 1478018=2, 15238806=2, 32214252=2, 1297273=1, 478139=1, 22502456=1, 22563538=1, 33449379=1, 28260656=3, 18680154=3, 10587115=2, 31396393=3, 8623502=2, 12776871=1, 15252377=2, 1646677=3, 17781019=1, 12701280=1, 4121738=1, 3524635=1, 8108063=2, 28203882=1, 24260937=4, 25855402=2, 7121235=2, 14804647=1, 7741368=4, 30038246=1, 20246111=1, 22736529=1, 3990916=1, 15275192=3, 29657065=2, 22092837=3, 2568841=3, 7264236=1, 5675638=2, 3836801=2, 33108915=3, 15791256=1, 3692515=1, 25997093=2, 27373023=2, 15780663=1, 13927277=2, 16552599=2, 12911150=3, 3077805=1, 32697258=1, 29410039=1, 12026502=2, 15632919=2, 28461252=1, 24825972=1, 29682036=1, 30578879=2, 15864411=4, 33043059=6, 4892119=2, 21175039=3, 27654901=1, 11844040=2, 23152535=1, 14737668=1, 14670287=1, 30568792=1, 25490128=1, 1040974=1, 11838780=2, 9586971=1, 2929089=2, 28843858=6, 12374419=1, 8256909=1, 15312986=2, 4949951=2, 25580162=1, 30220976=3, 11441243=2, 29109682=5, 29183137=1, 23800592=3, 21813685=1, 3511805=2, 29702209=3, 17701842=4, 32875250=2, 13429816=1, 30245420=2, 8902922=1, 30486543=3, 10409639=1, 19545570=4, 1594509=1, 20562489=1, 14472167=1, 9421503=1, 23826893=2, 21766747=5, 11483073=3, 30655995=1, 25904766=1, 4302796=2, 31208713=5, 5777968=6, 19307158=2, 22915644=2, 17031023=1, 32525268=1, 21758216=5, 14695710=8, 14531078=2, 32675911=2, 24137257=1, 1211585=1, 5980349=1, 7928350=1, 30616490=3, 30353461=3, 8261157=4, 14950099=5, 2409995=1, 11091800=3, 1081577=2, 29853897=2, 22056665=2, 14574711=1, 24482099=2, 2642662=1, 2159496=1, 6240893=3, 18735977=1, 30645843=2, 24795234=1, 9211003=2, 31564171=2, 26488551=5, 13644062=7, 12429289=2, 10149080=1, 16063355=3, 24139884=1, 20938280=1, 31903583=1, 2159262=1, 19028573=1, 14737784=1, 18065688=2, 3283525=4, 13746415=1, 563458=2, 29371893=9, 6665076=2, 12435897=1, 4077446=4, 24114813=1, 25971250=1, 2070218=2, 9848558=1, 790183=5, 409485=4, 2607031=1, 3909779=2, 3509155=2, 11146942=4, 7136076=1, 28710557=4, 16453440=3, 32272897=1, 11140905=1, 26233834=1, 4246367=1, 26801279=1, 1364974=1, 32872638=2, 27183381=1, 6416091=1, 11819696=1, 30624610=1, 29312553=1, 16887315=2, 2458531=2, 23420749=1, 7449933=2, 27182531=1, 30814945=4, 13402096=1, 3706595=2, 33237274=3, 855378=3, 8516700=1, 30206379=1, 4451728=1, 31845298=1, 8090395=1, 21164393=1, 32999760=2, 21175219=3, 28560787=1, 4042232=2, 16929812=1, 21172193=3, 12265513=3, 22924848=1, 3414972=5, 31408991=1, 25604657=2, 32145550=2, 25883333=1, 8435527=2, 6984347=2, 16664231=1, 16727343=3, 26944974=3, 26146555=1, 9077140=2, 32778645=5, 17149579=2, 32193040=3, 1295880=1, 2296015=3, 31325457=1, 13063201=1, 4977763=1, 11990907=1, 16654775=4, 13229828=1, 10209104=1, 20960738=1, 7153305=3, 8154695=1, 15131764=1, 5724352=1, 3696408=1, 21006072=2, 13674472=2, 23790176=3, 28281753=2, 19371899=2, 17700185=4, 11166517=1, 11434684=1, 13672460=2, 2422815=1, 15003007=1, 23778178=1, 31492233=2, 17694387=1, 20541017=1, 16353884=2, 23862277=5, 582844=1, 26484610=5, 11512007=2, 13003486=1, 12002296=3, 9242940=3, 4688260=2, 350497=1, 8353316=1, 9388467=1, 11096023=1]}&gt;" type="org.junit.ComparisonFailure"><![CDATA[org.junit.ComparisonFailure: expected:<...Prime: 6 register: {[2868969=1, 8849574=3, 1952295=1, 14546071=1, 18476627=1, 11743437=3, 16539239=1, 12401600=3, 22736268=1, 662194=4, 30604707=1, 28843858=6, 29914279=1, 13728624=1, 32778645=5, 31336406=4, 29509280=1, 8261691=4, 7347703=7, 23917073=1, 10587115=2, 16337200=1, 17781019=1, 28296273=1, 21488775=1, 8165977=2, 13530020=1, 27183381=1, 32526340=1, 23613630=1, 20558101=2, 9220035=2, 7759618=1, 14402828=1, 10729003=2, 7058037=2, 14143242=1, 10763150=5, 25836729=4, 27688418=1, 9735981=2, 1038721=1, 31896860=2, 7016906=3, 27182531=1, 11230092=1, 12144244=1, 23454318=1, 29681241=1, 18430979=3, 21300686=3, 30174036=1, 14737784=1, 9320899=4, 28769533=1, 32139057=1, 3022194=4, 20753597=2, 8734993=1, 31136612=3, 3470427=1, 18790874=2, 30458482=1, 672736=1, 11483073=3, 5220610=2, 15326282=1, 29913127=1, 19522553=1, 17289424=1, 14793574=2, 17580913=1, 30847022=2, 19029207=1, 28281753=2, 6976903=1, 13241472=4, 15791256=1, 19276078=4, 9645922=3, 14250300=1, 870366=1, 24665752=1, 12260709=3, 19682362=1, 8799909=1, 7110270=1, 21302141=3, 3474924=3, 21676899=1, 17963626=4, 29354958=1, 29862524=2, 11669763=4, 9909708=3, 11290105=1, 20987029=9, 15593894=1, 18815688=3, 16948734=2, 22199761=2, 17805379=2, 5793846=1, 31695612=2, 10426605=3, 14529227=2, 19256626=1, 1611546=2, 16063355=3, 32221330=2, 16714096=3, 24299477=1, 32835774=3, 191426=1, 16062417=3, 14670287=1, 10479334=1, 7826193=1, 11538986=7, 7233204=1, 20319696=4, 13429816=1, 20055505=4, 15434861=2, 3743137=3, 1563544=1, 20892463=1, 20710940=5, 2023059=1, 12647393=1, 7548230=3, 23483918=1, 507367=2, 32425629=1, 25050673=4, 22736529=1, 4078155=4, 18013585=1, 7420292=3, 5513529=5, 17926646=2, 33378878=1, 28964074=1, 7939661=3, 28388825=3, 4674407=1, 20514512=3, 22263639=2, 8032768=2, 8753047=2, 506303=2, 29624198=5, 8381296=1, 17979387=1, 32974561=3, 24452307=3, 4219041=1, 10681764=1, 9799016=2, 14574711=1, 11211311=3, 20861767=1, 33415046=1, 12701280=1, 25786254=1, 19580935=1, 15489676=1, 30011368=1, 12160070=2, 25288205=1, 8211532=1, 18173752=1, 22508604=1, 24366575=1, 32800317=1, 29272563=2, 21426313=1, 20960738=1, 13936151=2, 28782158=3, 4373912=2, 17344284=2, 839545=1, 24589923=3, 19099463=1, 17235358=1, 32317726=3, 29477192=1, 3229838=1, 26954219=1, 19556104=1, 26848791=2, 33228386=3, 19498049=2, 20938280=1, 15441602=2, 15048498=2, 5133117=1, 29068224=2, 2705479=1, 28798650=1, 6117717=1, 33181370=1, 25407263=2, 14222528=3, 1892253=1, 25399794=2, 18033679=3, 26671714=1, 26191548=2, 30754606=1, 18282678=1, 16334534=3, 13003486=1, 21246687=5, 2936610=1, 30814945=4, 23070361=8, 15938029=3, 11288273=5, 28279278=2, 23628829=2, 12958965=2, 24795234=1, 3290032=4, 9657362=1, 12268775=3, 9211003=2, 32056096=3, 216936=1, 33281176=1, 24726107=1, 6428597=4, 29141929=2, 938516=1, 22826162=1, 18215337=1, 10612335=1, 2536281=2, 28940925=2, 23964265=2, 30655995=1, 15690167=1, 12217584=1, 4386597=1, 11949039=1, 32863481=1, 10854128=2, 22146134=1, 517436=1, 11207046=3, 18984603=2, 11478997=3, 11447636=2, 811851=1, 18300940=1, 4911171=1, 18185888=1, 26903826=2, 8227261=2, 31843310=1, 7206785=1, 3445967=2, 834584=2, 27111481=2, 9969890=6, 27500555=2, 26222358=7, 5400669=1, 12036033=2, 22320263=2, 11024639=6, 16905394=1, 9867871=2, 2265077=2, 7261061=1, 21494494=1, 32488626=2, 4746647=1, 26098852=4, 4718931=6, 29853897=2, 19795553=4, 22873225=3, 1725666=1, 4524508=3, 23586586=1, 7365738=1, 6452444=1, 1549953=2, 33288310=1, 27802086=6, 10322422=2, 3907462=2, 28609469=2, 7111630=2, 12294280=2, 7885109=1, 32809235=2, 13270685=1, 18374957=1, 7098041=1, 4013031=3, 29579826=1, 822832=2, 7930370=3, 17624703=1, 26313356=2, 13858289=1, 29783566=1, 446722=1, 32859522=1, 1285728=2, 6936587=1, 13894043=5, 16433084=2, 32236574=1, 29183137=1, 28461252=1, 417597=1, 9611693=2, 25549154=1, 33165659=4, 28706075=4, 8348383=1, 12436281=1, 19950535=1, 28937933=2, 21058788=1, 25997093=2, 23983960=1, 28555405=2, 11794262=1, 23028170=1, 21272397=2, 30904184=2, 29682036=1, 18281503=1, 23413989=1, 20601481=1, 26544912=3, 314=16, 7426247=1, 20976502=9, 13593447=1, 24678827=2, 31288523=1, 8142332=5, 22648385=2, 6147256=1, 15747512=1, 33234452=3, 31329671=4, 1250283=3, 30134006=1, 294417=1, 12683665=2, 12000460=3, 806511=1, 27666898=4, 22124264=2, 2676094=1, 20960328=1, 1099028=1, 16260782=6, 18130842=2, 7385663=2, 4129572=3, 6265098=2, 24158864=2, 6377533=1, 15313012=2, 31255163=1, 5226675=1, 8975300=1, 4265426=3, 2735408=2, 9080112=2, 19746918=1, 29900784=6, 26725953=1, 1492898=1, 27596542=3, 19149696=5, 11235475=1, 764183=2, 16616341=2, 33201267=2, 6114193=1, 3097661=1, 28245836=1, 8014159=1, 6490225=3, 24482099=2, 28656939=1, 3252911=2, 23418199=1, 3990916=1, 13362166=1, 3390336=2, 31330875=4, 15508835=2, 30353461=3, 29641020=1, 1828439=1, 9815255=1, 23533278=3, 24653197=6, 9544406=2, 28950942=1, 25538950=2, 33541781=1, 21175039=3, 30387241=2, 3905646=2, 25263136=1, 11763542=1, 27211042=3, 1169253=1, 30207809=1, 22527121=2, 15599948=4, 29549937=1, 3905049=2, 31153716=1, 2157902=1, 25883333=1, 19176454=2, 20147188=1, 22548128=6, 32272897=1, 16810604=2, 8235810=2, 25370222=3, 7508316=2, 17694387=1, 4121738=1, 17221469=1, 8540112=1, 29788291=2, 14455418=2, 31861856=4, 22433369=1, 10349809=1, 8800084=1, 25248081=1, 20507385=1, 4998878=1, 33417461=1, 12625518=2, 26781100=2, 28326500=7, 8058859=1, 16374888=1, 23245552=2, 12230974=2, 20571903=1, 32820366=1, 30462502=1, 11693081=1, 23187290=1, 8532027=4, 24484404=2, 26889871=1, 6138638=2, 16515883=5, 6274467=2, 22038358=1, 30266005=1, 24709622=3, 19618283=1, 25117386=1, 14589905=2, 23768266=2, 7617988=5, 10026591=1, 15275192=3, 13828132=3, 7430725=1, 12746793=2, 12159810=2, 23906609=1, 216963=1, 15576274=2, 9085272=2, 23224382=1, 14201973=2, 6624812=3, 25101702=3, 26603370=1, 32909726=4, 28521428=3, 26655695=2, 9820600=1, 31992095=6, 9579895=4, 14040787=4, 29491459=4, 12158239=2, 30373768=1, 6273423=2, 26941417=3, 18513639=1, 884963=2, 14319933=2, 32139645=1, 25357669=1, 14438396=1, 30719604=2, 5198417=1, 563458=2, 24196782=3, 24056673=3, 17197501=1, 5011954=1, 4844882=1, 11779461=2, 13051755=3, 4682884=1, 16568818=1, 341781=3, 15864411=4, 19208194=3, 365765=2, 3329585=1, 22685155=4, 7912534=2, 16801307=1, 27565114=2, 4882999=2, 1251768=3, 19416325=1, 10558057=3, 22848036=2, 15295510=1, 2865604=2, 26386712=2, 27141501=4, 3478245=3, 7017610=3, 31915469=1, 9713571=5, 11969425=2, 22943811=4, 3921822=1, 24466016=1, 16501187=1, 22032014=7, 2387374=1, 9239366=1, 27121514=1, 31719415=1, 31349688=1, 32564801=1, 26650866=2, 12893328=2, 14330484=2, 18296964=3, 17607988=2, 29299885=3, 27894062=2, 17323918=1, 467856=3, 13986908=1, 19737389=3, 16483609=2, 11974907=2, 16838875=1, 27898931=2, 23358979=1, 11532815=1, 5523248=1, 18803014=1, 17317581=6, 31444986=1, 12280976=1, 26945891=3, 600842=3, 9922593=1, 30967607=2, 29683167=1, 31579520=1, 31876640=1, 30344229=3, 26759353=1, 29309272=3, 15420280=1, 14440378=1, 4446060=1, 23810828=1, 4777730=1, 26224752=7, 31753567=2, 32631449=1, 19219695=1, 20024687=2, 21291824=1, 8896062=2, 30972095=2, 12476032=1, 15580575=2, 13419786=1, 31943195=1, 14389532=2, 3939343=5, 3843361=2, 20834323=1, 12159434=2, 5106953=1, 53038=1, 8435527=2, 32632583=1, 22594220=1, 29413926=1, 8790335=4, 29007717=2, 32612229=2, 1138891=1, 13583975=1, 17755943=1, 25906148=1, 18262925=2, 9742035=2, 23437168=2, 10742951=1, 803625=1, 2697263=3, 11369385=1, 8973555=1, 2568841=3, 27007908=5, 13676376=2, 9760483=1, 16793438=11, 29461076=2, 4283818=1, 15462904=1, 12909112=1, 8255017=1, 9384940=3, 13195401=1, 31222548=1, 2131387=2, 30820872=1, 9989255=1, 3283525=4, 25795352=2, 24114813=1, 5402771=1, 16777913=11, 8291842=2, 1582331=6, 19371899=2, 15849609=1, 16231209=2, 33326442=2, 3927405=1, 1324618=5, 32525268=1, 29505152=4, 21172193=3, 47759=2, 18011444=1, 8116540=1, 5680476=2, 3293335=1, 26152921=3, 6550484=1, 32252512=5, 29823241=3, 18079652=1, 2335097=2, 24137257=1, 3818747=1, 15036848=1, 27293612=1, 14531078=2, 11986891=1, 23631445=2, 30348657=3, 23599257=6, 17826376=7, 2726876=2, 28409266=1, 13465054=1, 17516589=1, 24822293=1, 11897115=2, 10118791=1, 6582773=1, 2159496=1, 14229235=3, 7139920=1, 11844040=2, 8218031=1, 15177296=2, 31455454=1, 17508945=3, 15265943=1, 4283749=1, 4613029=1, 13342642=2, 11003762=1, 10876042=1, 27603677=3, 30228616=1, 20195241=5, 32695447=1, 15831650=2, 25883685=1, 27657269=4, 2422815=1, 14590431=2, 25917461=1, 409485=4, 4850698=4, 3451121=2, 13082317=2, 18347233=1, 21678658=1, 16369271=1, 22900267=1, 23043585=2, 14149550=1, 10388954=2, 32343296=2, 16019940=1, 28711613=4, 14754336=3, 3826609=1, 6724301=2, 20953527=2, 25825823=4, 6340939=1, 7905767=2, 31745857=1, 2553336=1, 18048677=1, 30304209=1, 7578035=2, 9599237=1, 22060416=2, 3017272=4, 5032516=1, 8283253=1, 13766633=4, 9188884=5, 14324180=2, 25522458=1, 10297082=3, 30125745=2, 30734454=1, 20347412=1, 27004814=5, 7153305=3, 11125199=1, 22625391=3, 4176326=2, 16785430=11, 19890305=2, 20903521=1, 12744906=1, 5938561=2, 14056918=1, 5023189=2, 3463259=1, 29410793=1, 5340852=1, 8390879=10, 30690105=1, 10104931=4, 11132487=1, 24128703=7, 16929513=1, 5980349=1, 24621124=2, 15998670=5, 24787915=4, 24717761=3, 6039185=5, 3954121=1, 12393046=3, 22502456=1, 2802682=1, 31252924=1, 12350814=1, 12333201=5, 20187244=5, 32923905=1, 26645156=2, 23725498=4, 4866458=1, 16727343=3, 23961054=2, 6411018=1, 25638131=3, 6432772=4, 21285439=1, 18080688=1, 22386801=2, 13051967=3, 21411418=2, 27409257=4, 12620145=2, 31614516=1, 28177389=1, 5773837=6, 28560787=1, 27114841=2, 10930278=1, 3760346=1, 17031023=1, 19663469=5, 25374223=3, 21267355=2, 32747444=2, 10916549=2, 6125663=1, 19938712=7, 4451728=1, 10437847=1, 8227490=2, 5777968=6, 21162288=1, 27047416=2, 11353841=3, 24992707=1, 7499132=1, 5616137=2, 31611366=1, 4887496=2, 18182086=1, 13645476=7, 17418670=1, 19462732=1, 32411614=2, 3695241=1, 16887315=2, 5682373=2, 16425842=2, 11569032=2, 1839334=5, 13943254=1, 12395560=3, 11253638=2, 13682982=1, 21634248=4, 17932147=2, 31930266=3, 14648257=2, 29719953=1, 20858119=1, 11702570=2, 21419651=1, 9350531=2, 17811578=1, 774622=1, 28583125=5, 441690=2, 25134647=2, 23381588=1, 31834545=1, 25865705=2, 12456928=4, 31474358=1, 20514421=3, 19459594=1, 12530889=3, 17563218=1, 23773487=1, 14097565=3, 8406622=1, 25096767=1, 27104466=2, 21865209=2, 10409639=1, 21567429=3, 11463708=1, 12199719=4, 19975203=1, 9586971=1, 14158065=6, 3791007=1, 31208713=5, 10220765=1, 23263317=1, 2453530=1, 31631120=2, 31534324=3, 15650098=1, 3427116=1, 2502918=4, 12158193=2, 33314258=1, 29989466=2, 29281418=1, 10149877=1, 27870104=1, 27288312=1, 25520377=1, 28270517=1, 31677007=1, 3936736=5, 10666364=1, 2966072=1, 166528=2, 32036064=1, 11246197=2, 23856784=5, 4786536=3, 26088801=4, 28057554=5, 6334271=2, 6359481=3, 31421927=1, 21326217=1, 7465379=1, 20857868=1, 8310556=1, 10394179=2, 14690368=8, 17271874=2, 103213=2, 1576735=6, 22518769=2, 4949951=2, 27084758=1, 25260122=1, 25226902=1, 21303497=3, 29595169=2, 14519675=2, 2018476=1, 4042232=2, 20584924=4, 24351483=2, 23210572=4, 17915162=1, 14847232=2, 8301409=2, 15190416=1, 17282066=2, 28153266=2, 21578404=1, 31272320=3, 22130866=2, 7279376=3, 29895499=6, 19539560=4, 6590415=2, 26550463=3, 16639393=1, 5826386=1, 9466676=1, 19246625=2, 14737668=1, 27557062=1, 27241713=2, 18470008=1, 26853016=2, 4990848=5, 17094740=1, 33072483=2, 5813891=2, 17213507=2, 27179113=2, 24317354=3, 7377976=2, 23345662=5, 6483473=1, 1316788=5, 5009641=1, 148411=1, 12884515=2, 12552584=2, 2646956=1, 9009789=1, 39527=2, 23831708=2, 33345751=1, 14071911=2, 1436514=1, 12710703=1, 31498356=2, 21859438=2, 13020628=2, 7311692=2, 19705284=2, 30429083=1, 17747241=1, 21543075=2, 12710127=1, 13997898=2, 4852977=4, 30917958=1, 6830818=6, 11847208=1, 18984532=2, 13743999=2, 17163447=1, 4928221=3, 21578749=1, 5565491=1, 25836192=4, 250190=1, 24398036=1, 25971250=1, 31006403=3, 26259549=2, 23590352=1, 29017635=1, 27021529=1, 26409194=1, 20735511=1, 28260656=3, 14648867=2, 23810866=1, 6220929=1, 12845935=5, 12587467=9, 4200024=9, 3237913=1, 495615=2, 5592437=1, 644805=1, 9203677=1, 32689740=1, 13570102=3, 22941169=4, 11908114=2, 22022043=7, 269072=5, 32740660=2, 31088231=1, 644438=1, 19809275=1, 7857011=1, 30058500=2, 23293916=1, 6007188=2, 1288685=2, 15972836=2, 18887018=8, 16203318=3, 10433636=3, 30519884=2, 13719942=1, 26089769=4, 8096471=2, 26771904=2, 7029192=1, 32545455=2, 9060050=4, 11415611=4, 16293073=2, 8675710=1, 12911150=3, 31716962=1, 8363152=2, 24256337=4, 7901577=2, 11464146=1, 7522334=1, 7173524=1, 19029733=1, 18659058=2, 7986521=1, 32856952=1, 12681138=1, 27226179=1, 29673102=1, 12910666=3, 21155842=1, 17609730=2, 29553742=1, 4096710=2, 31789181=3, 2209883=2, 26458139=2, 9486254=2, 3567796=1, 21799441=2, 10685787=3, 2981321=1, 16805617=1, 22502953=1, 22011230=1, 21976297=1, 5157248=2, 22558797=6, 8204384=3, 17274874=2, 4832864=2, 17231817=1, 28505210=1, 3328700=1, 16758914=2, 7534332=1, 800616=5, 25745084=1, 19684061=1, 22915644=2, 21026350=1, 2880677=1, 11191241=1, 5724352=1, 17436735=4, 23373979=2, 7088523=5, 7483961=4, 23778178=1, 17066015=1, 19246089=2, 6411508=1, 21309762=3, 27578636=1, 32377276=4, 3659025=1, 20971445=1, 3839994=2, 27772031=1, 9846806=1, 13024122=2, 29075082=2, 27923583=4, 28646940=3, 26928030=1, 15978924=1, 16108863=1, 26709725=2, 15302857=2, 2319261=1, 29330576=2, 3425756=1, 14326966=2, 4526222=3, 19028573=1, 24011204=1, 3188148=2, 16261686=6, 12809993=1, 32155049=2, 7860310=1, 2931983=2, 4884939=2, 13216249=2, 32736224=2, 8145277=1, 990076=3, 16801693=1, 15741376=7, 26782647=2, 16254931=6, 30059806=2, 33514430=1, 26045811=1, 7996768=4, 1493309=1, 19366391=2, 7877681=6, 24702744=1, 2126934=1, 11435307=1, 422657=1, 18755564=4, 29253745=1, 13421765=1, 29248006=1, 5625922=1, 25492663=1, 11127793=1, 6321678=1, 3095299=3, 21016463=2, 30831428=1, 24715890=3, 4335167=4, 28389037=3, 28202695=1, 32881406=2, 10339700=1, 27046333=2, 13432117=1, 4246367=1, 22816068=5, 20002290=3, 27764113=2, 31524391=3, 6665076=2, 25218230=1, 8988092=3, 12374419=1, 2712697=1, 1081577=2, 23174290=2, 831936=2, 3511805=2, 11631710=1, 28716109=4, 24467458=1, 2281904=1, 23510530=2, 21199871=1, 9130510=1, 2828278=3, 5175720=1, 9388467=1, 12024898=1, 12751894=2, 6256042=1, 10514971=1, 2458531=2, 9465145=1, 6133000=2, 3443925=2, 6025315=1, 10303280=3, 16929812=1, 24402607=1, 19821001=1, 1174736=1, 15419667=1, 13968489=3, 3528908=1, 21239181=5, 15778490=1, 9939710=2, 31325457=1, 26534467=1, 4317001=1, 18935480=1, 6620012=3, 30486543=3, 31988941=6, 24012843=1, 31227701=1, 8896875=1, 7314104=2, 32912985=4, 14858267=2, 31718127=1, 19201486=1, 4413228=1, 23691258=1, 27113613=2, 11886516=1, 29557081=3, 26788561=1, 16194992=3, 2202727=2, 3975777=2, 3836801=2, 7013981=3, 23790176=3, 13117154=6, 2669592=2, 27806663=1, 32823665=1, 4829866=2, 534468=6, 4039000=2, 30310855=2, 10315105=1, 3706595=2, 31966316=1, 2634114=6, 32198920=1, 31235781=2, 10169496=3, 25850614=1, 3832835=1, 5961481=1, 22177763=1, 4014701=1, 282206=1, 8378199=1, 22332668=1, 12429289=2, 24233603=1, 20887876=2, 17205229=2, 26656905=1, 3300214=1, 19591819=1, 13081391=2, 3884170=1, 16198154=3, 4750194=1, 26944974=3, 21649459=1, 32246108=5, 16552599=2, 15020653=3, 5092208=2, 16422611=2, 20888347=2, 29057152=1, 29997717=2, 27400485=4, 28995727=1, 9418540=2, 14935449=1, 7482689=4, 31205180=5, 29883703=1, 13267696=1, 25586627=1, 16200608=3, 2790377=2, 2938245=1, 23413282=1, 19143114=5, 12902407=1, 25023662=1, 22853866=2, 13187762=3, 1334929=1, 10640981=1, 25965014=5, 24923527=1, 30633713=1, 15238806=2, 29341289=2, 10712882=1, 26863629=1, 14604770=1, 1985472=1, 32808359=2, 8795839=4, 4737948=1, 15608883=4, 4437624=2, 14625273=3, 26671837=1, 16453440=3, 20868969=1, 27230482=2, 5642187=4, 4435165=2, 30945297=6, 2869129=1, 19447973=1, 3248182=2, 27612926=1, 11153300=4, 16399846=4, 11842114=2, 6313620=1, 23690908=1, 29919415=2, 5851936=1, 24568664=1, 5961977=1, 7322315=2, 20145729=1, 10081279=1, 6387302=1, 26736940=1, 7932822=3, 9595788=1, 11146942=4, 14142168=1, 30695735=1, 3320810=2, 24148329=1, 9390897=1, 3692515=1, 30638294=2, 17859736=2, 25052526=1, 24333225=1, 15984220=1, 2980632=1, 25859540=2, 9076355=1, 3626940=1, 25568630=4, 19831404=2, 26039437=1, 9193395=1, 24384084=5, 24136320=1, 31379561=1, 13555272=1, 25658336=2, 31396393=3, 21716778=1, 27885680=2, 9027426=2, 15312986=2, 16281259=1, 14674046=1, 22072300=1, 5143639=1, 2002824=2, 5670807=2, 27554513=1, 31360864=2, 13402096=1, 6612335=1, 21351828=1, 1559951=1, 14869266=1, 624515=2, 27971130=1, 22678482=4, 22009975=1, 29883925=1, 23080943=8, 28865538=1, 9974344=6, 19327998=1, 29161097=1, 11732515=3, 28280752=2, 2901703=1, 11366879=1, 7484059=4, 16137063=4, 4565220=2, 25285132=1, 30924825=1, 16123792=4, 24167467=1, 24585146=3, 24265763=1, 23883220=1, 1914801=3, 20182371=1, 10602320=1, 19267265=1, 8288703=1, 13672460=2, 14951424=5, 29172029=3, 13770197=4, 22199377=2, 30096814=3, 16827885=1, 4441586=1, 4615204=1, 15071813=1, 2624160=6, 25888556=3, 33163503=4, 30069215=1, 21416657=1, 9633695=1, 30549030=4, 14497533=3, 16904527=1, 18599076=1, 589993=3, 20921253=3, 27200966=3, 20846175=4, 3896174=1, 19367245=2, 16762778=1, 17127668=1, 1754845=1, 501090=2, 9771476=3, 20969327=1, 16823670=2, 27939821=1, 21138070=2, 25490128=1, 24671074=1, 13244358=4, 27809960=1, 30110855=1, 31784039=1, 12919407=3, 4087997=1, 3788542=1, 19353532=1, 5264774=1, 29565180=3, 9320365=4, 27489841=1, 13206945=2, 15946938=1, 31219611=1, 15337393=4, 28669251=1, 17821798=1, 8154695=1, 15818366=1, 22212219=1, 14078891=1, 4785993=3, 4610293=1, 8088172=1, 11171234=1, 20448057=6, 21213646=2, 23404343=3, 11689812=1, 26079985=1, 17223073=1, 21732638=2, 21481172=1, 7538738=3, 3420709=5, 18488009=4, 9873384=2, 12776871=1, 5689115=1, 11048714=2, 7120888=2, 14856403=2, 30708268=2, 24238720=1, 23120574=1, 22372010=1, 11259827=1, 11210880=3, 9361323=1, 17236027=3, 16283255=1, 3617081=3, 9763027=1, 15917843=1, 9681905=2, 32731612=1, 30395730=1, 30915734=2, 21441417=3, 17139942=2, 24602970=1, 22598901=1, 6327760=2, 25844739=1, 4319626=1, 13013383=2, 31313722=1, 12098225=2, 3938380=5, 21989420=2, 18959262=1, 1654925=1, 13791497=1, 31804702=1, 9994704=2, 24778784=4, 32669296=1, 19856081=1, 33230732=3, 8283949=1, 10785257=2, 11520194=1, 21534796=2, 31903583=1, 29272940=2, 8279049=1, 10155656=1, 7814138=3, 28069703=1, 22563538=1, 14667029=1, 21006338=2, 9176251=5, 25767217=3, 11555634=1, 16542688=1, 7282959=3, 14977026=2, 17575384=5, 3486750=3, 19787252=1, 27126499=1, 28306675=1, 22258815=2, 4151784=1, 15653139=1, 3121702=2, 22312943=1, 32205691=1, 29359239=1, 23319026=1, 8249649=1, 3650720=2, 16689828=2, 27059541=1, 10628367=4, 10052636=1, 10159007=3, 26178412=1, 10696759=3, 10888039=4, 8078581=1, 18340321=1, 7254395=2, 31878034=1, 25788851=2, 27713666=1, 24034198=2, 32539107=2, 10311863=1, 24654049=6, 18853260=2, 25339527=2, 19358584=1, 27344633=3, 16167326=2, 31585208=1, 17448126=4, 4216197=1, 20337254=1, 26474096=1, 3893031=1, 31663830=3, 5753407=1, 14107133=1, 29262167=2, 5746571=2, 27625701=2, 52624=1, 5263470=1, 5079329=2, 13063201=1, 6166567=4, 27057200=1, 5876058=2, 3894405=1, 6120763=1, 21175219=3, 4138095=3, 1397290=1, 10961145=1, 30967438=2, 13959700=3, 29699422=3, 20622473=2, 24536019=1, 23131307=1, 9215793=2, 32979556=3, 15261098=1, 7800010=3, 28254067=3, 1323169=5, 33237274=3, 29153662=1, 32407461=1, 25848394=1, 6931468=1, 18800081=1, 21528962=2, 5006384=1, 14868213=1, 5356443=2, 13303007=1, 23474363=4, 10209104=1, 23828992=2, 16580647=3, 5492574=1, 9554449=1, 13000373=1, 9016990=2, 33228886=3, 26238643=1, 7422319=1, 13830536=3, 3022264=4, 27475612=3, 4192417=1, 29119060=1, 32584230=3, 31885734=2, 23580289=1, 21766747=5, 22857124=1, 16554583=2, 5131857=1, 1765155=1, 25554185=1, 20100269=2, 17567974=5, 8872793=1, 20365725=1, 23463976=4, 6457006=2, 30599617=1, 1788562=1, 15222218=1, 20087761=2, 12046732=1, 11559514=1, 31465143=8, 9884162=1, 24843693=3, 15822023=1, 23928403=3, 9936136=2, 26948849=3, 2037456=3, 17661587=1, 21525104=1, 31133075=3, 26406959=1, 315883=1, 1164818=1, 26484610=5, 21644028=1, 32332172=1, 30248740=2, 16664231=1, 12436245=1, 13663556=1, 21398864=2, 23112846=2, 6460883=2, 20450018=6, 2640076=1, 13115761=6, 32104874=1, 19537853=4, 21548819=1, 27523606=1, 11831504=2, 16780673=11, 10204413=2, 16889365=2, 29869730=1, 16467675=1, 7752875=1, 13859365=1, 31679182=1, 28920452=1, 3163085=1, 721654=3, 29614260=1, 25143583=2, 599681=3, 28246397=3, 5478133=2, 29964467=3, 32986226=1, 5740168=2, 14518906=2, 30772531=2, 20570987=1, 11627233=1, 15679040=3, 28272608=1, 6538710=1, 4443469=1, 7967883=2, 18598893=1, 15175478=2, 30978710=2, 20541017=1, 16574488=1, 23631378=2, 2889604=5, 5785849=1, 9554929=1, 9276741=2, 478139=1, 14368001=3, 23253020=1, 6345370=1, 3509155=2, 28186039=4, 20848322=4, 5916690=1, 20939883=2, 14869664=1, 17007847=2, 25819261=1, 28532967=1, 22185766=2, 32806396=2, 25306220=4, 10588514=2, 22474383=1, 26789530=1, 25638953=3, 20174611=1, 20362950=2, 19291565=1, 32964819=3, 14522483=2, 7630717=1, 30246010=2, 6582812=1, 4977763=1, 20719602=5, 3356678=3, 13799555=2, 29895541=6, 32999760=2, 12138124=3, 10003085=2, 11293518=1, 4892119=2, 22544962=6, 15538445=3, 32724457=1, 29589931=2, 9908555=3, 10817568=3, 25802615=2, 27328828=3, 6132893=2, 28400157=1, 21309218=3, 2070218=2, 13229828=1, 18735434=1, 9712313=5, 21746733=1, 15912631=1, 15652128=1, 3533025=1, 30803406=4, 10492545=8, 22894253=1, 25974755=1, 8487750=2, 9506950=3, 10718321=2, 12329289=5, 14568320=1, 17231018=1, 18943457=3, 14993679=1, 20464339=1, 33049564=1, 16658067=4, 13204486=1, 19199251=1, 3047261=1, 736431=3, 31016135=1, 28974246=4, 27169175=2, 31150947=1, 352490=1, 735541=3, 25584333=1, 30357645=3, 31308837=2, 24771861=1, 7758510=1, 9239000=1, 25617429=1, 31184804=1, 4688260=2, 12676224=1, 6671982=1, 12265513=3, 12297985=2, 13770875=4, 8041641=2, 18921961=2, 26926975=1, 20276312=1, 19194940=1, 7735136=4, 25496206=3, 27278628=8, 16328004=3, 24855955=1, 11638016=2, 5533582=1, 3402473=1, 17856697=1, 13624405=1, 21365364=4, 31024800=1, 18989760=1, 16990254=1, 13529901=1, 25587295=1, 19052478=2, 18491585=4, 25931343=2, 11867770=3, 27812481=1, 6325049=2, 17086345=2, 32520904=7, 5029273=2, 12291192=2, 2239074=4, 22855747=1, 10113697=1, 29261364=1, 569424=2, 3321465=2, 29621438=1, 12113542=1, 31077274=4, 23816461=1, 21815224=1, 13162705=1, 27405023=4, 9562336=1, 14363186=3, 4516550=1, 32221600=2, 11955159=1, 15336114=4, 16353884=2, 8792975=4, 9104988=1, 6425156=4, 19700117=2, 15494830=1, 1194846=4, 29246911=1, 10539873=1, 11375539=2, 450534=1, 1487847=2, 17964840=4, 14460388=2, 32025336=2, 23856236=5, 31031982=2, 14665837=1, 27760439=2, 10923351=2, 8353434=1, 7136076=1, 21298299=1, 26661549=1, 24216676=2, 4491065=2, 28325819=7, 10039069=3, 13284004=2, 6654464=2, 9159504=1, 12132307=3, 16874512=1, 2003427=2, 6646210=1, 25430815=5, 33458460=2, 3218198=3, 14309348=1, 24301469=1, 13674472=2, 5556684=1, 1364974=1, 20016124=1, 23358319=1, 13912405=1, 14550581=4, 19988327=1, 15131764=1, 8881870=2, 26741062=6, 14413955=1, 19248033=2, 13467809=2, 16827762=1, 28235039=1, 1459877=1, 29468075=2, 31810895=1, 22364526=1, 32365878=1, 1038607=1, 7121235=2, 12887026=2, 2178295=3, 1730045=1, 6768789=1, 33396970=2, 5271611=1, 4839446=1, 31673675=1, 5174626=1, 23664705=3, 13463289=1, 19768698=2, 195415=1, 18939554=1, 523859=1, 17817613=1, 1643950=3, 33434591=4, 2440804=3, 4174660=2, 13046954=3, 18907187=2, 1063195=7, 1077429=1, 15862743=4, 19426070=1, 8738629=1, 11550016=7, 19978751=1, 1373698=1, 31566981=2, 18894894=1, 30228648=1, 11819696=1, 24748237=2, 22363432=3, 26752829=6, 13160095=1, 14071657=2, 32709882=3, 15096189=1, 22271360=1, 17202129=1, 15789279=1, 5732643=1, 13961603=3, 27094144=1, 12990009=4, 21251886=1, 22264439=2, 24531471=1, 26296176=3, 29109682=5, 24068326=1, 11489203=1, 7148492=3, 17296714=1, 14987744=2, 11360489=1, 4784802=3, 28710557=4, 29340225=2, 498711=2, 5498806=1, 10807287=1, 13018024=2, 18871499=1, 4787734=3, 11770586=2, 29551529=1, 28520727=3, 2833551=3, 6814663=1, 13906542=5, 3070517=1, 14749718=3, 4239522=2, 11434684=1, 28532538=1, 24735572=1, 17227939=1, 8032180=2, 28096569=2, 17636646=3, 16242257=1, 17219442=2, 19808333=1, 22759758=1, 18739446=1, 29084323=1, 4472680=5, 5250170=7, 5971854=3, 32449417=3, 11174947=2, 29471384=2, 29371893=9, 12541819=1, 8678477=1, 7273914=1, 26026387=3, 18121459=2, 878298=1, 25888371=3, 9287669=2, 10652299=2, 31227640=1, 9182274=5, 8539499=1, 31197358=5, 3339014=1, 22440711=1, 21113131=4, 16529945=5, 5297201=1, 24604637=1, 5181696=3, 158824=1, 16486735=2, 13395418=1, 7170980=1, 10091529=1, 25239181=3, 23301762=2, 25686071=1, 5027123=2, 11096023=1, 29702209=3, 3186137=2, 3790210=1, 16609009=1, 27170188=2, 15786393=1, 21135778=2, 8226461=2, 31638874=1, 32092340=2, 30558147=1, 28191979=4, 23796128=3, 9632639=1, 27930991=4, 12413126=1, 10257390=2, 855378=3, 582628=1, 11504357=2, 13991745=1, 29809988=1, 5120675=4, 30805712=4, 18142516=1, 21354584=1, 12505018=1, 16710281=1, 27443005=2, 29846370=1, 11179178=2, 21798044=2, 27099213=2, 15243166=2, 30854200=1, 15034131=1, 13744842=2, 26103362=1, 18647594=2, 26169483=1, 15568558=2, 26451281=2, 32818235=1, 6499233=3, 27527288=5, 12012954=1, 32089634=2, 6486888=1, 28835389=1, 12545304=1, 11838780=2, 4020434=1, 17595255=1, 21195585=1, 5371979=1, 22792096=1, 8409525=1, 11096547=1, 7833961=2, 19436185=2, 21111955=4, 13937851=2, 746674=1, 31307450=2, 16856880=3, 20748054=2, 31676478=1, 21488626=1, 24766497=1, 16333372=3, 4291549=1, 12358267=2, 46410=2, 18728870=1, 14887468=3, 30237686=1, 21145807=2, 26886735=1, 4717240=1, 27185261=1, 24476154=1, 15116744=2, 28269640=1, 25939525=1, 29410039=1, 4372511=2, 10495299=8, 11441243=2, 21830532=3, 25164794=1, 33044639=6, 20065285=4, 16898704=1, 4359629=2, 27953159=2, 13422190=1, 32090792=2, 28123581=3, 2308416=3, 30624610=1, 10149080=1, 24764051=1, 8203389=3, 17797878=2, 21424394=1, 14711371=1, 19877671=1, 6942374=1, 1258661=3, 31033648=2, 14316182=1, 28833247=1, 11478994=3, 21745905=1, 12885641=2, 28068401=1, 21658648=1, 5379721=4, 22192906=2, 23066993=1, 19254352=1, 22525569=2, 12898261=1, 2159262=1, 26872159=4, 28681668=2, 203290=3, 2642662=1, 11282572=5, 16374482=1, 14555604=4, 22156529=4, 7741368=4, 16982317=3, 25329768=2, 21910691=1, 9519910=1, 3010020=1, 3318760=2, 15652125=1, 23329744=1, 33267517=2, 18678349=3, 30149746=5, 6438505=4, 14180159=1, 5223803=2, 8771639=1, 10224489=5, 9953388=1, 11135663=1, 824090=2, 28468351=1, 11375696=2, 32548393=2, 18038428=3, 17240880=3, 32866678=2, 27296960=2, 15108436=2, 12584805=9, 3330729=1, 10342627=1, 26493898=1, 6552519=1, 31535190=3, 15908971=1, 3027916=4, 7560652=1, 21095524=1, 2296015=3, 30526032=1, 3787825=1, 33392158=2, 20540607=1, 30691718=1, 2115787=1, 17853213=1, 14786970=2, 29657065=2, 25426067=1, 33229885=3, 11806112=5, 27028047=1, 3909779=2, 17384563=1, 2333579=2, 18711919=2, 8604248=1, 28637955=1, 21758216=5, 18889904=8, 25711111=1, 12636449=1, 1418458=2, 33083570=1, 22589219=2, 2788167=2, 181610=1, 23736080=4, 33108915=3, 8389252=10, 10727588=2, 23823796=2, 29370167=9, 6373968=1, 2997052=2, 21234533=5, 1612588=2, 10662753=2, 21188344=1, 32915821=1, 10716622=2, 25882293=1, 23026326=1, 31904492=1, 1241065=1, 9250794=3, 29678103=1, 2332909=2, 17275732=2, 22027191=7, 27802639=6, 979890=1, 10618042=4, 15780663=1, 13712185=3, 11650368=1, 30433290=1, 23070232=8, 2539576=1, 18354734=6, 21884483=1, 18773800=1, 22092837=3, 30250779=2, 17425877=1, 9360539=1, 31408991=1, 15492996=1, 30369736=1, 1807488=2, 118057=1, 27185040=1, 25544914=1, 26937029=3, 2972835=1, 8256909=1, 21305270=3, 3799583=1, 12641213=1, 9959220=1, 1505667=1, 11807950=5, 10651430=2, 27650008=1, 8565849=2, 6618943=1, 30354988=3, 23876095=1, 25261955=1, 4746671=1, 23639541=2, 4575554=1, 15645111=2, 840496=1, 1013179=1, 20426028=2, 9251499=3, 22461954=2, 31845298=1, 1981611=4, 12508611=1, 25428155=5, 12177779=1, 25947715=1, 6495258=3, 30635644=1, 23623466=1, 6392123=2, 18923540=1, 8181132=1, 30052024=2, 5989805=1, 32289619=2, 15933326=3, 1216067=2, 20418031=2, 19353833=1, 5131351=1, 9258424=1, 18737681=1, 13071353=1, 13776453=4, 33254110=1, 20457259=6, 29223115=1, 31563338=2, 4077518=4, 12800766=1, 22647635=2, 19392158=1, 8530812=4, 29613746=1, 2879583=1, 16624677=2, 7823881=1, 1478018=2, 30944193=6, 6086965=1, 9925698=1, 20328770=4, 15842420=2, 5341221=2, 23203045=4, 31436955=2, 11905719=2, 21579392=1, 25689774=1, 27452930=1, 16272132=1, 14269004=2, 17703979=4, 28977580=4, 29240426=4, 9961580=6, 30735876=1, 31687858=2, 23307703=2, 27286501=1, 23384072=1, 21822335=1, 6635932=1, 19447341=2, 22210925=1, 24943588=2, 19183394=2, 12905403=1, 25877702=1, 9997321=2, 5871264=2, 32912852=4, 15185108=2, 27407726=4, 29719790=1, 8232962=2, 3969175=2, 26987705=1, 9345761=2, 9110565=3, 27078133=3, 26740835=6, 11166517=1, 28362788=1, 8508080=1, 9602199=2, 10493647=8, 26534183=1, 30326812=1, 21617472=1, 22222065=3, 4005537=3, 2770418=1, 8058243=1, 25434380=5, 1794876=1, 18132775=2, 23952850=1, 18080369=1, 5107017=1, 30206379=1, 16199669=3, 4179159=1, 16706267=1, 13974689=3, 7103941=1, 20539784=1, 25272033=2, 12147001=1, 137934=4, 22065430=2, 6240893=3, 18678395=3, 19883740=1, 4314095=1, 32789348=1, 4533489=3, 15918490=1, 23926083=3, 7819950=1, 16701609=1, 14233129=3, 23862277=5, 16990074=3, 28474075=1, 5560465=1, 772481=1, 23325367=1, 23467465=4, 3725819=1, 29358830=1, 4891508=2, 13209352=2, 933644=4, 516870=1, 3853058=1, 29001081=2, 6923080=2, 25380775=1, 28235861=1, 21983326=1, 26505769=1, 22877083=3, 9231094=1, 20071464=1, 16511008=1, 20402027=1, 17901209=3, 4201969=9, 28203882=1, 12103933=2, 11683598=1, 21136733=2, 15431256=1, 13931365=2, 11505582=2, 10855959=2, 25554284=1, 16588188=3, 31760992=2, 10248007=1, 19307158=2, 32612311=2, 22322040=2, 30951786=1, 8366799=2, 14190169=2, 26094799=4, 806236=1, 8992374=3, 7222173=4, 18894524=1, 15532801=3, 31049154=1, 31587081=1, 10677670=1, 8235337=2, 18484989=4, 20831824=1, 21724843=1, 24803042=1, 29262495=2, 7919921=1, 21550556=1, 1884069=2, 12202023=4, 152776=1, 15621182=1, 24968148=1, 22201577=1, 13529742=1, 8836401=1, 27587289=1, 29484596=1, 21023847=1, 19082438=3, 28452782=4, 13630662=1, 11724649=1, 3307240=1, 22924848=1, 10120271=1, 17694750=4, 20006598=1, 3835084=2, 18709786=1, 16742024=1, 13741358=2, 3387474=2, 1893185=1, 14176175=1, 10139443=2, 7148951=3, 16395339=4, 22611263=3, 30880691=3, 20225860=2, 19488700=1, 22515977=2, 10390739=2, 1608373=2, 27205954=3, 14016266=1, 16305977=1, 32387111=4, 8003440=4, 4843289=1, 9781093=3, 666152=4, 28944399=2, 15632919=2, 32064441=1, 7333019=1, 791857=5, 1368020=1, 32237869=1, 1629384=1, 24584451=3, 9450917=7, 9454186=1, 3709885=2, 29432887=3, 5863309=1, 6980241=2, 3976662=2, 25746739=1, 11463702=1, 12534763=1, 31511304=1, 7368684=1, 16681316=2, 5465094=1, 12308804=1, 30843892=2, 12655868=3, 10620398=4, 6676531=1, 28026304=2, 25379805=1, 23962834=2, 30134269=1, 25504149=3, 6403857=2, 32613865=2, 4849944=4, 4729507=6, 18480115=1, 14950099=5, 24410903=1, 3318014=2, 24062693=3, 1016410=2, 3085088=3, 31849999=1, 14840018=1, 12440652=1, 898364=2, 21272591=2, 11125263=1, 6231922=3, 3242664=1, 956673=2, 8902922=1, 1498651=1, 18825792=1, 5584187=3, 12967658=1, 27224383=1, 18118830=1, 13592790=1, 1759116=1, 2751636=1, 14921799=2, 13069998=1, 19531805=4, 31857079=4, 31274739=3, 22093532=3, 3062684=2, 32542287=2, 11062076=1, 461065=3, 3773758=2, 14234831=3, 9489705=1, 25058939=1, 13746415=1, 2756079=4, 12287293=1, 25213738=2, 7845293=2, 78956=3, 32928081=1, 8419897=1, 20042926=1, 13249769=4, 11442332=2, 5223348=2, 9524516=1, 8168123=2, 18420923=3, 31025935=1, 855286=3, 2786425=2, 10098974=4, 31030455=1, 31016995=1, 30098809=1, 3778360=2, 7264766=1, 21455165=1, 32143832=1, 12002296=3, 27720050=1, 20653315=3, 1217723=2, 25872000=1, 10072097=2, 16378638=1, 13265083=1, 6156016=1, 11807012=5, 12845404=5, 25805530=1, 16003259=5, 20349232=2, 14015613=1, 17111430=3, 14549484=4, 15564645=1, 2160822=1, 18987303=2, 28885888=1, 6984347=2, 14773367=1, 20700463=1, 21791330=2, 18593476=2, 17701842=4, 30633443=1, 23048583=2, 23663882=3, 1295880=1, 25986500=2, 5476543=2, 20688718=2, 13739770=2, 24186059=3, 263073=5, 11887816=1, 7388325=2, 1246529=3, 25863221=2, 14734117=1, 10824712=3, 25087794=1, 12036066=2, 5606510=2, 33021349=1, 14286327=1, 4247586=1, 26488551=5, 11802261=5, 33013841=1, 1715891=4, 28808733=2, 3991587=1, 4278415=1, 23152535=1, 9644465=3, 21644879=1, 18735977=1, 3272670=1, 2368673=5, 2908284=1, 11003070=1, 33161811=4, 19771021=2, 31154948=1, 8688809=2, 4085271=1, 31280146=1, 1087293=2, 7818720=1, 25155766=1, 26899241=1, 21050818=3, 26733042=1, 26498960=1, 23549000=1, 32134033=1, 12320676=1, 24061387=3, 7813468=3, 32976014=3, 5657909=1, 15597405=1, 9130177=1, 31552749=1, 32014980=2, 16264286=6, 493340=2, 3485961=3, 11300820=1, 28011353=1, 1401275=1, 8761111=2, 19225917=1, 28143269=1, 24570644=1, 9094696=1, 12806734=1, 7179006=2, 20158642=2, 9907841=3, 18320852=2, 33196812=2, 790183=5, 30231424=1, 14415104=1, 21146044=2, 30258721=2, 3015639=4, 4054245=1, 31545009=1, 811155=1, 29907457=1, 11158319=1, 6672091=1, 25999127=2, 8449911=1, 26726904=1, 28025650=2, 19966565=2, 1954231=1, 15496522=1, 15219009=6, 27209457=3, 6361115=3, 3414022=5, 7451253=2, 28571993=1, 7676535=3, 2783815=1, 19657645=1, 8607406=1, 28994899=1, 24349623=2, 17848884=1, 22248721=1, 17129908=1, 5588396=1, 21519770=1, 940879=1, 16846706=3, 7840371=2, 15199488=1, 1732846=1, 3365706=1, 7649450=2, 33214684=1, 5179251=3, 10462652=2, 18147365=1, 11635761=2, 3496498=1, 26276195=1, 31498675=2, 12943847=2, 8114595=1, 14859069=2, 22948521=4, 13160421=1, 31732406=5, 5802637=2, 32193040=3, 12006690=3, 3113321=2, 26553860=3, 24260937=4, 7551773=3, 3850938=1, 23156667=1, 26047555=1, 30749705=3, 29856620=2, 19864529=3, 10033698=3, 22716460=2, 6358362=3, 21006072=2, 10336553=2, 19945857=1, 7142380=1, 26527501=1, 4922256=3, 19936966=7, 1771209=3, 2409995=1, 26734215=1, 18741424=1, 16719749=3, 14801871=1, 22919929=2, 29312553=1, 9787004=1, 32761635=1, 32642830=4, 4186863=1, 8227136=2, 3710033=2, 19539369=4, 28556636=2, 5002649=1, 5085940=2, 17490720=1, 28669604=1, 15348403=4, 2092568=1, 8716952=3, 4095865=1, 4666203=3, 31422792=1, 18936643=1, 29441951=3, 21569885=3, 16246924=1, 24139884=1, 27384820=1, 11849790=1, 28858606=1, 9088786=2, 31871585=1, 14846286=2, 13305023=3, 32081979=2, 13033582=1, 21842500=1, 18683583=3, 12198816=4, 21650150=1, 22918465=2, 1390217=3, 22015628=1, 26419567=3, 7857541=1, 28100173=1, 16662385=4, 32085665=2, 24292056=2, 21430721=3, 12395880=3, 6263968=2, 26330133=1, 31859896=4, 25343602=2, 5102229=1, 30329044=1, 27514730=1, 30467588=1, 1434605=1, 4720911=6, 18886080=8, 18206323=1, 32559369=1, 6540086=1, 8966827=1, 25091884=1, 26647300=2, 20941777=2, 8579024=1, 16282013=1, 5022272=2, 9791399=1, 533948=6, 2764019=4, 20576213=1, 534156=6, 30317760=2, 18466432=1, 1064040=7, 17574255=5, 11386141=2, 22963709=1, 9735424=2, 1388854=3, 23974134=1, 13701478=3, 1178049=1, 28884392=2, 21366383=4, 32011187=1, 31673057=1, 11604034=3, 29428268=3, 20726232=1, 9806441=2, 4052665=1, 8623502=2, 19709959=1, 22064241=2, 4077446=4, 5754508=1, 16432845=2, 18848392=2, 31836256=1, 17938951=2, 18303109=1, 26481541=5, 24241238=1, 9061108=1, 31475619=1, 32404515=1, 3524635=1, 21866076=2, 33526939=2, 25829642=4, 4857978=4, 28752366=2, 31860476=4, 5791538=1, 25669816=2, 21631076=4, 20575082=1, 18385980=2, 16817643=2, 21037876=3, 23110513=2, 1919962=1, 23493428=1, 28606567=2, 21743275=1, 3991748=1, 25048179=4, 3364762=1, 26989254=1, 28039490=1, 25905759=1, 229572=2, 22883668=3, 28791716=1, 16028386=2, 33043059=6, 4566649=2, 5640608=4, 29256344=1, 22161959=4, 27641777=1, 8655897=5, 23950632=1, 20562489=1, 23341916=5, 33121619=1, 28661436=1, 24450668=3, 1551248=2, 21560659=1, 1432404=1, 14293285=4, 7908718=2, 23676977=1, 22654108=2, 5812753=2, 24029165=2, 30357116=3, 33187969=1, 3434548=1, 28297883=1, 18436446=1, 19872312=3, 20186988=5, 10691005=3, 23834969=2, 19083408=3, 20397636=3, 26551362=3, 30966317=2, 14048712=1, 9421503=1, 17177114=4, 13299691=1, 20033252=2, 3881958=3, 13876489=2, 28783039=3, 23288923=1, 10728616=2, 11852060=1, 12570533=1, 27373023=2, 22120011=2, 12735765=1, 5589279=1, 6416091=1, 24825972=1, 15340395=4, 32675777=2, 3781924=2, 24410661=1, 291605=1, 13857652=1, 7408747=3, 1660722=1, 27900711=2, 11527750=1, 11016741=6, 7928350=1, 25855402=2, 25672183=2, 13787150=1, 8319625=1, 21164393=1, 33540507=1, 25985162=2, 14901648=1, 10226356=5, 2143153=2, 33270135=2, 12118547=1, 1477712=2, 13552656=1, 7623215=1, 5601013=1, 31150712=1, 13867520=2, 27933226=4, 14888111=3, 14610145=1, 22363326=3, 16622601=2, 8619990=2, 18292478=3, 16994107=1, 28168709=1, 13772401=4, 23197107=1, 13650784=1, 28679234=2, 5292945=1, 29414681=1, 3680683=6, 3552779=4, 778945=1, 29807017=1, 5094524=2, 33188594=1, 31986301=6, 16898309=1, 29885600=6, 4213991=1, 12301639=2, 4315682=1, 14939229=1, 1873664=2, 21109742=4, 29388242=1, 10268271=2, 30667677=1, 28850073=6, 28147649=1, 28444456=4, 30951868=1, 26846955=2, 13717129=1, 30298481=1, 4426336=2, 19241512=2, 29977214=1, 16920687=4, 8625312=2, 16070303=3, 14729854=1, 25580162=1, 32252419=5, 9092716=2, 2939703=1, 27661241=4, 1946816=2, 8132623=5, 24454262=3, 20676247=1, 14416010=1, 19043134=2, 30038246=1, 25400411=2, 30011071=1, 18197390=2, 5710619=3, 25849250=1, 8299303=2, 27094939=1, 27610627=1, 5662589=1, 17690864=1, 14835883=1, 12657856=3, 28299184=1, 29982448=1, 19358181=1, 13483388=2, 1257556=3, 18668287=1, 1594509=1, 1357180=2, 20176513=1, 10846658=2, 23808996=1, 1835662=5, 17809953=1, 9304483=1, 676485=1, 30245420=2, 30220976=3, 18185133=1, 17641102=3, 16799755=1, 2556198=3, 24807767=2, 18938452=1, 3071715=1, 21392365=1, 18435307=1, 19758765=1, 11857965=1, 27808524=1, 28943167=2, 13900875=5, 4120285=1, 12595519=9, 7466566=1, 23564838=2, 6817348=6, 15046388=2, 32072602=1, 9066973=1, 8028604=2, 2599387=2, 2739682=1, 26293991=3, 9766283=3, 1297273=1, 12688145=2, 29363971=9, 15974334=2, 11010686=6, 25717809=1, 19830476=2, 3403979=1, 18040080=1, 18680154=3, 582844=1, 26426092=3, 6359635=3, 2235611=4, 575491=1, 25450860=1, 9595828=1, 2921008=2, 17326300=1, 33016641=1, 8197863=3, 7863743=1, 1501846=1, 30532533=1, 16611618=1, 22056665=2, 20633122=1, 32084951=2, 16133715=4, 100071=2, 3222230=3, 9257380=1, 24262167=4, 10825247=3, 26746091=6, 18616534=5, 16309130=1, 14147541=1, 7401978=1, 8931807=1, 24565350=1, 7508588=2, 20246111=1, 16045457=1, 15746430=1, 3405643=1, 10980215=2, 16827262=1, 31755849=2, 25403745=2, 9806322=2, 2872989=1, 27604938=3, 17997435=2, 29682107=1, 12901729=1, 8912454=1, 18095670=5, 15731441=7, 971739=1, 8440884=1, 29630936=5, 11930823=4, 3034637=1, 4361866=2, 22854399=2, 18841985=2, 12435897=1, 24472292=1, 14122614=1, 1771078=3, 27350275=1, 29525707=2, 31939121=1, 12522717=3, 23664750=3, 10383898=1, 16563588=2, 28415437=2, 12017289=1, 10922357=2, 11365478=1, 95862=1, 19714260=1, 25654631=1, 3182953=2, 30568792=1, 2750136=1, 1691929=1, 4425626=2, 16614955=2, 16878807=2, 18275302=1, 23294008=1, 5131803=1, 910812=1, 29940060=1, 4559144=2, 19140138=5, 23133149=1, 20486651=2, 31557096=2, 11185401=2, 15818569=1, 4343385=1, 11268457=1, 4191925=1, 23636272=2, 13757916=1, 13307731=3, 15312441=2, 14513039=1, 28079943=1, 25669594=2, 22656916=2, 5164143=1, 13614031=2, 17461735=1, 24262360=4, 20101608=2, 2148190=1, 24526563=4, 29627078=5, 10148171=1, 25817234=1, 23556894=1, 33077231=2, 4140556=3, 2228106=1, 15181452=2, 7291879=1, 24617562=2, 22456926=2, 23782626=1, 27869916=1, 17149579=2, 2792020=2, 4556483=2, 4282231=1, 1522372=3, 3154680=7, 33071873=2, 31689665=2, 11091800=3, 8090708=1, 6495370=3, 4261730=3, 33410312=1, 10851464=2, 14548046=1, 3377685=2, 16363713=2, 10648701=1, 14565433=1, 11903033=2, 15252377=2, 32214252=2, 21932481=2, 7935186=3, 19038137=1, 32145550=2, 25801194=2, 21640582=4, 31258158=1, 24339056=1, 27858882=3, 809552=1, 19936358=7, 18826303=1, 11725599=1, 13046154=3, 27920434=4, 24079729=1, 2894543=5, 30635545=1, 10540434=1, 33434934=4, 26628553=1, 15871766=4, 8802108=1, 3391115=2, 14122761=1, 9143749=2, 7480940=4, 14355535=3, 26510850=2, 21350180=1, 16196317=3, 14804647=1, 13126547=1, 8579301=1, 7614566=5, 21855111=1, 23826893=2, 22258061=2, 14986504=2, 18055965=2, 21813685=1, 21538688=2, 19942235=1, 23790637=3, 27408290=4, 16572619=1, 7982344=1, 29784209=1, 27159975=1, 3277046=4, 14596437=2, 8599068=3, 26371277=1, 8510621=1, 13413803=2, 23017791=3, 23869717=5, 22348683=3, 13192792=1, 1556213=2, 19149379=5, 1177057=1, 16994809=1, 27550297=1, 18065688=2, 31190965=1, 14154886=1, 24433722=1, 7722445=1, 32855162=1, 7037421=1, 5669125=2, 8563335=2, 26152299=3, 16534198=1, 24619778=2, 12347894=1, 3077805=1, 25492384=1, 17159925=1, 27727684=3, 20227375=2, 25622017=1, 13828760=3, 30578879=2, 26857426=1, 12402680=3, 5919271=1, 32414145=2, 25676184=1, 25904766=1, 23800592=3, 10404054=1, 5989981=1, 30126701=2, 4981417=5, 14294660=4, 11630622=1, 13644062=7, 15195557=1, 32779468=5, 15126240=1, 1341613=1, 26906077=2, 21664920=2, 24251928=4, 33351089=1, 19250198=2, 6030278=5, 25761698=3, 21267729=2, 18207007=1, 17639996=3, 6283277=1, 8261157=4, 23323819=1, 2291391=1, 16346804=1, 28614061=2, 11724937=1, 4592238=4, 18593812=2, 4065189=4, 11089294=3, 22758361=1, 16849742=3, 2866860=2, 1724470=1, 15079270=4, 614519=1, 6744711=1, 8356116=2, 5896839=1, 1850740=5, 18065546=2, 29774161=1, 19676724=5, 7654911=1, 20028267=2, 10306034=1, 6708819=1, 25603951=2, 2607031=1, 1970854=4, 26689769=1, 28505831=1, 7532527=1, 28582792=5, 23068809=8, 19778103=1, 19000634=1, 19767778=2, 4667983=3, 22814926=5, 15260512=1, 27472260=3, 11711709=2, 20175803=1, 6867426=1, 5571131=3, 267676=5, 30305202=1, 11836467=2, 18915727=2, 10591484=2, 28358392=2, 15892990=2, 12221580=1, 574489=1, 9416778=2, 32697258=1, 13046736=3, 25557482=1, 5761471=1, 21659509=1, 29880887=1, 9205806=1, 31892542=2, 1646677=3, 32984848=1, 30599477=1, 30048699=2, 1956735=1, 8997732=1, 30504278=1, 8126950=5, 30387284=2, 2387658=1, 3687148=1, 6373677=1, 9246441=3, 31034948=2, 33100910=3, 9915509=1, 31492233=2, 5817116=1, 6584093=1, 17650401=1, 11569212=2, 23301387=2, 14444056=1, 12209485=1, 1889080=1, 1341516=1, 7891463=1, 9033503=1, 7247830=2, 17142473=2, 16870650=1, 19037981=1, 14676630=1, 31663252=3, 14089982=1, 1571379=1, 19266747=1, 5521783=1, 19787814=1, 28371717=1, 10339497=1, 3835711=2, 8458568=3, 9914174=1, 18173824=1, 27931552=4, 9307522=4, 32957079=1, 17526247=1, 18006550=1, 6396190=2, 17700185=4, 33449379=1, 12256938=3, 26987327=1, 9077140=2, 2239377=4, 15379144=2, 10978869=2, 7545166=3, 27402534=4, 7520566=1, 24733118=1, 17306559=6, 5460825=1, 18669571=1, 8287991=1, 17947512=1, 4370520=2, 26259201=2, 17686100=1, 4839470=1, 988892=3, 27060295=1, 1394500=1, 14750419=3, 32843734=3, 6837413=1, 6292467=8, 12078304=1, 19388366=1, 8353316=1, 15005096=1, 8620138=2, 22582332=2, 21714016=1, 19610286=3, 26233834=1, 30893179=1, 15003007=1, 30060287=2, 12457331=4, 26079361=1, 13089077=2, 2658575=2, 8090395=1, 4879303=1, 27850114=1, 12857200=5, 2175695=3, 6490162=3, 7049755=2, 20569148=1, 9363130=1, 10192172=2, 30748745=3, 10331602=2, 31741279=1, 29178324=3, 30289254=4, 4264350=3, 22894968=1, 25759910=3, 27884274=1, 19630819=2, 16443778=1, 18135269=2, 10496122=8, 24449872=3, 32583900=3, 6707423=1, 7710501=2, 28724198=1, 15917915=1, 5895281=1, 8267402=4, 2891828=5, 27088238=1, 4752923=2, 26276663=1, 3136581=1, 18570256=1, 32613779=2, 17369825=3, 18070562=2, 20613538=2, 30054762=2, 16480780=1, 32535477=1, 3765608=1, 9614537=2, 7449933=2, 12892512=2, 8516700=1, 27555550=1, 28067996=1, 19679183=1, 17341274=2, 4849000=1, 13927277=2, 30272217=1, 16682850=2, 25839693=1, 17445125=4, 7018847=3, 32027136=2, 22925491=1, 28025468=2, 12079483=1, 26151573=3, 29863247=2, 4062886=1, 1661674=1, 866148=3, 10502981=1, 31203628=5, 15831830=2, 14250286=1, 17889862=1, 6467041=2, 10193337=2, 30631383=1, 25140262=2, 17752548=1, 33383348=1, 7189369=2, 3310964=2, 7428753=1, 19333711=3, 26730305=1, 24733430=1, 31614572=1, 22337099=1, 25718893=1, 23420749=1, 22443377=1, 15107615=2, 28861691=1, 22798133=1, 16609953=1, 31307026=2, 26577004=2, 18241925=1, 16862801=1, 2134511=2, 4161687=2, 31335898=4, 17326153=1, 6372984=3, 11429841=1, 6658292=2, 24542079=1, 8332984=3, 27201139=3, 13478638=2, 31201325=5, 24461639=1, 32872638=2, 23460481=1, 26951628=3, 1003629=1, 32161035=2, 20581141=4, 15703621=2, 10462421=2, 16811345=2, 14685322=8, 19545570=4, 32355003=2, 21850326=1, 30834482=1, 9345466=2, 11758573=1, 31420877=1, 16233630=2, 24178129=1, 30617415=3, 1707213=4, 11833645=2, 3197970=1, 335570=3, 21139148=2, 22657948=2, 7443071=2, 28827120=1, 25262415=1, 29938132=1, 18635104=1, 15281764=3, 29161017=1, 1116585=3, 834228=2, 5077646=1, 20902874=1, 22316490=2, 7506997=2, 11800150=5, 11904747=2, 32452893=3, 27255506=1, 15669084=3, 21813358=1, 9125511=3, 26312980=2, 30191269=2, 33352406=1, 2096827=1, 24346966=2, 6694270=4, 8976215=1, 15550999=1, 14750000=3, 17333809=1, 21275235=2, 22209223=1, 26592705=1, 18513136=1, 32201471=1, 20970594=1, 31222575=1, 25359162=1, 27392324=1, 28855441=1, 20234602=1, 29353566=1, 23803508=3, 33056649=1, 22886031=3, 22917393=2, 6094577=1, 1406852=1, 16700862=1, 13096896=1, 22486491=3, 27484706=1, 23323381=1, 21392617=1, 7381047=2, 25145892=2, 8458350=3, 12026502=2, 24679295=2, 25202549=2, 21208287=2, 17379077=3, 3643744=2, 1417510=2, 6755856=3, 10080602=1, 32875250=2, 13926759=2, 13323389=1, 27834719=2, 21251668=1, 14312678=1, 2588327=1, 21046349=3, 32675911=2, 14149650=1, 6088726=1, 18266527=2, 26146555=1, 14290382=4, 11545278=7, 21840360=1, 17399357=1, 3167693=1, 1812143=2, 17202966=1, 10943920=1, 14047838=1, 32214209=2, 9854525=1, 3455042=2, 1952834=1, 26912974=2, 21940149=1, 27517749=1, 5000456=1, 10454394=2, 28740068=2, 6859697=2, 10598989=2, 24657804=6, 28875498=2, 11790311=1, 21089626=1, 14693680=8, 28228530=2, 29830962=3, 32497258=1, 23088124=1, 25027518=1, 25398447=2, 27369672=2, 30100982=1, 26670721=1, 17332140=1, 4707220=1, 29082406=1, 26414666=3, 4317964=1, 334181=3, 33204292=2, 633544=2, 21420700=1, 20107409=1, 1289456=2, 32793614=1, 17631493=3, 24510338=1, 9864890=2, 20559264=2, 7585059=2, 1381610=3, 5585871=3, 7164330=1, 11337870=3, 7017303=3, 12389585=3, 28564847=1, 20385555=3, 12008045=3, 16654775=4, 3719436=1, 3216936=3, 30681817=5, 2204528=2, 16528432=5, 20302872=1, 73268=3, 1077537=1, 9996468=2, 26801279=1, 7804927=3, 402175=4, 26607627=4, 12942450=1, 26299646=1, 6433036=4, 30790994=1, 25311298=4, 14041983=1, 14472167=1, 405049=4, 12621213=2, 10688054=3, 30634880=1, 30432300=1, 15656996=1, 27666480=4, 14270298=2, 19507070=2, 95032=1, 1623662=1, 8708089=1, 32690796=1, 15480100=5, 21527641=1, 30629896=1, 11990907=1, 14231219=3, 3029940=4, 6810520=1, 24546939=2, 9118805=3, 7373718=2, 18168803=3, 30570427=1, 1957603=1, 24445366=3, 8503495=1, 14218997=1, 19660214=1, 21217751=1, 21889755=4, 8452050=1, 6317428=1, 33310414=1, 8108063=2, 6891247=3, 30293518=4, 9242940=3, 5675638=2, 29505438=4, 10092744=4, 24979468=3, 19738296=3, 14689380=8, 19796060=4, 8174444=2, 23649999=1, 9853414=1, 27268285=8, 14433865=5, 5103156=1, 8207004=3, 26263911=1, 20358595=2, 11140905=1, 15766095=2, 30500464=1, 10382234=1, 13926130=1, 2045200=3, 18880213=8, 28621380=2, 9848558=1, 20520799=3, 14134737=2, 2879340=1, 2510348=1, 27478278=1, 27875067=1, 11579317=2, 1372215=1, 2056884=1, 10879417=4, 28710415=4, 20974352=9, 26539056=1, 17344492=2, 21958752=3, 4437689=2, 27454941=1, 7282065=3, 16362780=2, 17156027=1, 15812919=1, 30667002=1, 21863844=2, 29096948=1, 678382=1, 20352035=2, 29230740=4, 1211585=1, 3414972=5, 24327750=3, 14048781=1, 9764528=1, 21388169=1, 32033626=1, 23053728=1, 10879009=4, 10110163=1, 27319782=1, 16856857=3, 17452654=1, 1887743=1, 13306391=3, 18455845=2, 11512007=2, 14040273=4, 10423629=3, 7904436=2, 33549488=1, 3567912=1, 5923758=1, 2697886=3, 23163346=1, 8127150=5, 3696408=1, 21133871=1, 25531329=2, 12592155=9, 15601167=4, 31209794=5, 22839857=2, 7635837=2, 589476=1, 25284268=1, 7478801=4, 5836527=3, 21536267=2, 4437904=2, 8715142=1, 18956070=3, 30337287=1, 6287129=1, 9122889=3, 347821=1, 17299632=1, 6966159=1, 26789100=1, 2298498=3, 895388=2, 27882529=1, 20063632=4, 2604851=2, 8313001=1, 27821513=2, 25418286=1, 28780852=3, 17891719=3, 31258357=1, 31665282=3, 23639316=2, 22388758=2, 20214670=1, 22006986=1, 16950491=2, 14536798=1, 30470780=1, 18561373=3, 11293197=1, 12804544=1, 26046873=1, 15228289=1, 28303422=1, 11739532=3, 29201243=2, 25745424=1, 20320049=4, 11375261=2, 19199689=1, 19695734=2, 7264236=1, 31253073=1, 1053851=7, 20456482=6, 2074821=2, 14262168=2, 8621652=2, 17904460=3, 7637571=2, 15179569=2, 21945789=1, 13565836=1, 14695710=8, 15087807=4, 14778622=2, 13697846=3, 1866078=1, 27654901=1, 9891608=1, 20130514=3, 30075697=1, 403143=4, 7621138=1, 11097583=1, 30616490=3, 5908959=4, 33281079=1, 3349729=3, 29478275=1, 4302796=2, 18431276=3, 14681949=8, 10152487=1, 28127112=3, 5059087=3, 23489555=1, 27127552=1, 2195214=1, 30940156=6, 5672899=2, 29497007=4, 4853629=4, 3006148=1, 26070930=1, 3973371=2, 9772686=3, 26064606=2, 691722=2, 25327403=1, 29712265=1, 16643109=1, 14569716=1, 24514103=4, 28317731=7, 22817061=5, 8940129=1, 31564171=2, 30551583=4, 12654598=3, 16608106=1, 4110887=2, 24852692=3, 17951223=1, 26418531=3, 11103037=1, 23854067=1, 3620439=3, 14563272=4, 30177443=1, 5156073=2, 4086504=1, 32315879=3, 23005068=3, 33024718=1, 21679382=1, 24432836=1, 18674228=1, 5762029=1, 13720192=1, 24836152=1, 15694532=1, 8104864=2, 5094770=2, 14955503=5, 13607620=2, 31909015=1, 10110267=1, 13047010=3, 1040974=1, 33505884=1, 30619567=3, 28642607=3, 4353623=1, 10563349=3, 22958892=1, 32834468=3, 14738481=1, 2219904=1, 22238667=1, 10303955=3, 3970345=2, 31782145=1, 28807070=2, 30645843=2, 1361897=1, 30252500=2, 15206015=6, 19635727=2, 17648388=1, 29984283=2, 30232348=1, 23898318=2, 15397009=1, 10336727=2, 7404784=1, 29417975=1, 19640552=2, 17313920=6, 9189036=5, 10896791=1, 3446915=2, 4597003=4, 26198487=1, 15653891=1, 28486683=2, 24288384=2, 13855976=1, 16650721=4, 14714159=2, 5584817=3, 16027274=2, 14917882=2, 27137841=4, 18478488=1, 31268795=3, 7581157=2, 21725365=2, 31800981=3, 5187632=3, 25903436=1, 26379332=2, 29482009=1, 23993207=4, 12969560=1, 24384135=5, 15208820=6, 30395603=1, 20985737=9, 9942606=2, 32109069=1, 713247=1, 33493278=3, 12709454=1, 25454202=1, 22351846=3, 24388029=5, 32726147=1, 11118679=2, 19305187=2, 12710578=1, 16295591=2, 30315529=2, 13980968=1, 5458555=1, 8782724=4, 10595568=2, 4438276=2, 350497=1, 30181043=2, 17376209=3, 26443304=1, 17419465=1, 12880432=2, 25219641=1, 29853176=2, 18388367=2, 25771275=3, 14122684=1, 17636884=3, 7501462=1, 32945310=2, 26649064=2, 8646443=1, 31387308=1, 13727573=1, 23031030=1, 5987934=1, 16575088=1, 29391487=1, 2375399=5, 4812895=1, 2929089=2, 6197654=2, 6011350=2, 14952779=5, 29428572=3, 24919992=5, 28603613=1, 25604657=2, 2441700=1, 7209510=4, 4092344=1, 31163259=2, 26233838=1, 1750127=2, 4859740=4, 27100035=2, 29374589=9, 17172422=4]}> but was:<...Prime: 6 register: {[30096814=3, 3387474=2, 27821513=2, 18939554=1, 12144244=1, 21842500=1, 18984532=2, 16198154=3, 22508604=1, 21267729=2, 25906148=1, 3760346=1, 5371979=1, 5916690=1, 29982448=1, 26781100=2, 25052526=1, 22826162=1, 6486888=1, 10462421=2, 764183=2, 25023662=1, 19358584=1, 32201471=1, 27472260=3, 15179569=2, 22443377=1, 29784209=1, 23664705=3, 31988941=6, 16254931=6, 10311863=1, 13926759=2, 17156027=1, 1177057=1, 23048583=2, 12809993=1, 2131387=2, 27661241=4, 15580575=2, 20831824=1, 18647594=2, 3905049=2, 25248081=1, 6612335=1, 23831708=2, 736431=3, 12534763=1, 29853176=2, 15302857=2, 23294008=1, 29549937=1, 14888111=3, 33234452=3, 1765155=1, 14413955=1, 33016641=1, 27384820=1, 21617472=1, 15908971=1, 9418540=2, 4922256=3, 13046954=3, 6132893=2, 12751894=2, 32789348=1, 24709622=3, 4849000=1, 6432772=4, 22759758=1, 7833961=2, 6133000=2, 20726232=1, 17306559=6, 23691258=1, 2333579=2, 181610=1, 8458568=3, 3321465=2, 19246625=2, 24251928=4, 14625273=3, 47759=2, 7420292=3, 506303=2, 22589219=2, 18207007=1, 27923583=4, 21534796=2, 22855747=1, 29432887=3, 13306391=3, 3773758=2, 14858267=2, 3853058=1, 15185108=2, 22648385=2, 3216936=3, 13766633=4, 28296273=1, 19872312=3, 4843289=1, 27930991=4, 12621213=2, 14681949=8, 15656996=1, 1771078=3, 29856620=2, 9094696=1, 32800317=1, 9909708=3, 7422319=1, 9735981=2, 22598901=1, 25339527=2, 9602199=2, 18959262=1, 4054245=1, 9489705=1, 28865538=1, 10155656=1, 20397636=3, 11048714=2, 22440711=1, 23358979=1, 27094144=1, 7845293=2, 1522372=3, 27060295=1, 5297201=1, 23288923=1, 13858289=1, 33181370=1, 31524391=3, 24233603=1, 1373698=1, 22332668=1, 13018024=2, 4575554=1, 5085940=2, 26045811=1, 6292467=8, 19416325=1, 28474075=1, 15746430=1, 8299303=2, 27604938=3, 30604707=1, 28977580=4, 4370520=2, 17111430=3, 15918490=1, 4138095=3, 17891719=3, 31197358=5, 9554449=1, 8313001=1, 18048677=1, 16706267=1, 517436=1, 19043134=2, 7254395=2, 22798133=1, 28669251=1, 16810604=2, 20939883=2, 23649999=1, 11905719=2, 13241472=4, 31804702=1, 14939229=1, 23962834=2, 9914174=1, 5465094=1, 15599948=4, 27104466=2, 10322422=2, 16062417=3, 10922357=2, 4085271=1, 10677670=1, 5264774=1, 12291192=2, 5292945=1, 17516589=1, 20087761=2, 15601167=4, 15669084=3, 18956070=3, 18173824=1, 27484706=1, 15849609=1, 26474096=1, 13422190=1, 24410661=1, 12103933=2, 25658336=2, 28679234=2, 21983326=1, 9350531=2, 28388825=3, 25568630=4, 23533278=3, 7037421=1, 31255163=1, 9614537=2, 1063195=7, 1835662=5, 11520194=1, 7261061=1, 14714159=2, 17979387=1, 7347703=7, 27900711=2, 17526247=1, 9258424=1, 17197501=1, 5657909=1, 16838875=1, 2588327=1, 20571903=1, 16133715=4, 9633695=1, 29370167=9, 32085665=2, 11375261=2, 16849742=3, 30951868=1, 30373768=1, 11016741=6, 29883703=1, 1341613=1, 4746671=1, 1381610=3, 29253745=1, 352490=1, 27392324=1, 3062684=2, 11569212=2, 5989981=1, 23460481=1, 22758361=1, 15336114=4, 15786393=1, 26379332=2, 9016990=2, 16070303=3, 18711919=2, 18281503=1, 19447973=1, 24288384=2, 13974689=3, 4718931=6, 1759116=1, 15048498=2, 25805530=1, 2160822=1, 28706075=4, 4565220=2, 4062886=1, 12138124=3, 10495299=8, 8096471=2, 30551583=4, 13867520=2, 16399846=4, 1707213=4, 24265763=1, 6590415=2, 10257390=2, 16622601=2, 14648257=2, 18825792=1, 1323169=5, 20225860=2, 29579826=1, 29246911=1, 12910666=3, 7408747=3, 666152=4, 24410903=1, 7520566=1, 15608883=4, 4667983=3, 5340852=1, 11833645=2, 14250286=1, 20107409=1, 148411=1, 5682373=2, 18080369=1, 31252924=1, 29281418=1, 30843892=2, 12898261=1, 8579024=1, 20328770=4, 3850938=1, 21640582=4, 18853260=2, 7377976=2, 2640076=1, 14522483=2, 15177296=2, 11949039=1, 28855441=1, 22883668=3, 8599068=3, 3034637=1, 23950632=1, 14868213=1, 18296964=3, 2440804=3, 13876489=2, 9033503=1, 26730305=1, 30252500=2, 25504149=3, 9891608=1, 13717129=1, 21644879=1, 22502953=1, 8249649=1, 26330133=1, 53038=1, 10888039=4, 31498675=2, 6931468=1, 16856857=3, 18340321=1, 24657804=6, 30060287=2, 16529945=5, 7735136=4, 4853629=4, 19029733=1, 14455418=2, 5492574=1, 19488700=1, 23599257=6, 10943920=1, 12393046=3, 3709885=2, 13069998=1, 21536267=2, 32881406=2, 26752829=6, 24079729=1, 33228886=3, 26451281=2, 19256626=1, 15938029=3, 10916549=2, 12159810=2, 16777913=11, 17419465=1, 8390879=10, 32252512=5, 26726904=1, 3687148=1, 28468351=1, 28780852=3, 8761111=2, 14312678=1, 10729003=2, 18466432=1, 6980241=2, 4161687=2, 25836192=4, 14201973=2, 24843693=3, 450534=1, 9061108=1, 9939710=2, 9519910=1, 14734117=1, 5601013=1, 22388758=2, 29964467=3, 18185888=1, 33196812=2, 22038358=1, 10394179=2, 21560659=1, 26070930=1, 21644028=1, 28520727=3, 1250283=3, 8792975=4, 15480100=5, 12221580=1, 14518906=2, 28409266=1, 19591819=1, 26191548=2, 26912974=2, 28326500=7, 25848394=1, 17639996=3, 18241925=1, 26169483=1, 405049=4, 30357116=3, 3300214=1, 11631710=1, 26899241=1, 23586586=1, 8604248=1, 28833247=1, 20145729=1, 1434605=1, 32205691=1, 11550016=7, 4533489=3, 17752548=1, 26709725=2, 25091884=1, 2697263=3, 2441700=1, 22558797=6, 31834545=1, 4884939=2, 18292478=3, 31939121=1, 15020653=3, 31235781=2, 22130866=2, 23110513=2, 15974334=2, 7581157=2, 27400485=4, 1217723=2, 21528962=2, 22060416=2, 3405643=1, 33310414=1, 6550484=1, 5565491=1, 16624677=2, 26725953=1, 1957603=1, 7322315=2, 19208194=3, 23301387=2, 21430721=3, 8288703=1, 4990848=5, 25718893=1, 17436735=4, 3163085=1, 17231018=1, 25087794=1, 26954219=1, 31836256=1, 32747444=2, 30075697=1, 19462732=1, 16793438=11, 30429083=1, 30944193=6, 7649450=2, 23319026=1, 9632639=1, 12333201=5, 5106953=1, 22814926=5, 2235611=4, 18484989=4, 14231219=3, 18889904=8, 10268271=2, 11743437=3, 8126950=5, 29413926=1, 14750000=3, 12654598=3, 17163447=1, 29869730=1, 17240880=3, 32613779=2, 24012843=1, 8235337=2, 9239000=1, 22072300=1, 31631120=2, 21550556=1, 28297883=1, 13906542=5, 31031982=2, 23224382=1, 19640552=2, 30125745=2, 16374482=1, 5000456=1, 24968148=1, 21309762=3, 31308837=2, 21239181=5, 15036848=1, 25418286=1, 5919271=1, 33254110=1, 12395880=3, 31857079=4, 11268457=1, 28850073=6, 24339056=1, 2148190=1, 25327403=1, 2308416=3, 25746739=1, 4592238=4, 1750127=2, 17227939=1, 13160421=1, 28444456=4, 25888371=3, 5476543=2, 13284004=2, 18488009=4, 26103362=1, 29161017=1, 14859069=2, 13244358=4, 31909015=1, 21195585=1, 29230740=4, 5460825=1, 20633122=1, 22461954=2, 29272563=2, 7623215=1, 31227640=1, 25676184=1, 31871585=1, 15679040=3, 18135269=2, 20347412=1, 28858606=1, 26670721=1, 15228289=1, 19975203=1, 4343385=1, 14122761=1, 30369736=1, 13855976=1, 29989466=2, 18121459=2, 32214209=2, 13216249=2, 28950942=1, 7818720=1, 14154886=1, 18921961=2, 4426336=2, 11210880=3, 14693680=8, 19366391=2, 32155049=2, 6263968=2, 17376209=3, 14180159=1, 2802682=1, 29410793=1, 2676094=1, 16643109=1, 30298481=1, 7279376=3, 21199871=1, 73268=3, 10303955=3, 229572=2, 10563349=3, 9159504=1, 19183394=2, 11360489=1, 11724937=1, 18907187=2, 1357180=2, 30069215=1, 7860310=1, 2209883=2, 32709882=3, 24807767=2, 13744842=2, 23628829=2, 4065189=4, 18987303=2, 28964074=1, 17963626=4, 30272217=1, 24178129=1, 20601481=1, 4777730=1, 18132775=2, 7814138=3, 16758914=2, 5029273=2, 14497533=3, 4785993=3, 6582812=1, 5669125=2, 18598893=1, 30519884=2, 20182371=1, 26458139=2, 23782626=1, 25554185=1, 22816068=5, 19676724=5, 31421927=1, 3154680=7, 10462652=2, 15917915=1, 25218230=1, 26577004=2, 11062076=1, 25939525=1, 25143583=2, 22064241=2, 11683598=1, 10648701=1, 8532027=4, 6582773=1, 11211311=3, 5670807=2, 9969890=6, 14738481=1, 26386712=2, 3197970=1, 28235861=1, 13720192=1, 6744711=1, 13986908=1, 30772531=2, 21267355=2, 2634114=6, 30558147=1, 9961580=6, 13195401=1, 29084323=1, 20514421=3, 21725365=2, 22264439=2, 15087807=4, 1285728=2, 18803014=1, 14986504=2, 12541819=1, 33161811=4, 21798044=2, 6156016=1, 6433036=4, 23854067=1, 21791330=2, 14596437=2, 6359481=3, 12389585=3, 10807287=1, 9645922=3, 5131803=1, 7273914=1, 16681316=2, 13115761=6, 3826609=1, 11185401=2, 32246108=5, 11253638=2, 52624=1, 3894405=1, 8366799=2, 1725666=1, 12857200=5, 14529227=2, 16689828=2, 24671074=1, 4120285=1, 22594220=1, 15281764=3, 18678395=3, 495615=2, 31534324=3, 17177114=4, 11669763=4, 14368001=3, 32198920=1, 10825247=3, 30945297=6, 13741358=2, 19978751=1, 8988092=3, 9287669=2, 31184804=1, 1432404=1, 23690908=1, 32823665=1, 1053851=7, 13728624=1, 3969175=2, 582628=1, 4140556=3, 1138891=1, 3818747=1, 22258061=2, 21488626=1, 7935186=3, 5625922=1, 5198417=1, 10148171=1, 14901648=1, 19367245=2, 32689740=1, 21746733=1, 24771861=1, 1892253=1, 21569885=3, 22263639=2, 30526032=1, 17086345=2, 17694750=4, 10652299=2, 12301639=2, 11369385=1, 1324618=5, 20358595=2, 11794262=1, 10785257=2, 6837413=1, 18436446=1, 19149696=5, 7111630=2, 22948521=4, 26481541=5, 27099213=2, 4981417=5, 7996768=4, 8503495=1, 18938452=1, 10824712=3, 28362788=1, 33121619=1, 30951786=1, 1372215=1, 31843310=1, 8510621=1, 11353841=3, 23636272=2, 28011353=1, 29681241=1, 16580647=3, 1194846=4, 9989255=1, 25745084=1, 341781=3, 17661587=1, 8539499=1, 28783039=3, 23768266=2, 11125263=1, 2126934=1, 22248721=1, 17274874=2, 3029940=4, 25882293=1, 20456482=6, 26789100=1, 32011187=1, 15116744=2, 19580935=1, 29491459=4, 27858882=3, 15694532=1, 22006986=1, 22886031=3, 17299632=1, 10149877=1, 7551773=3, 26493898=1, 6321678=1, 5785849=1, 32387111=4, 18935480=1, 12268775=3, 7508588=2, 33230732=3, 6540086=1, 1013179=1, 26152921=3, 7986521=1, 11532815=1, 26846955=2, 1981611=4, 17904460=3, 19684061=1, 20100269=2, 23993207=4, 22386801=2, 15862743=4, 21058788=1, 4372511=2, 26759353=1, 32964819=3, 9742035=2, 33228386=3, 29683167=1, 3329585=1, 16369271=1, 11207046=3, 25903436=1, 14149550=1, 1715891=4, 33549488=1, 18055965=2, 5896839=1, 3443925=2, 30357645=3, 5458555=1, 22032014=7, 10688054=3, 5174626=1, 11096547=1, 26088801=4, 17636646=3, 12320676=1, 13757916=1, 5077646=1, 18894524=1, 9713571=5, 30054762=2, 6495258=3, 30433290=1, 6039185=5, 33188594=1, 32612311=2, 17129908=1, 23120574=1, 29505438=4, 5802637=2, 27565114=2, 31268795=3, 5175720=1, 11545278=7, 7578035=2, 16616341=2, 18038428=3, 22093532=3, 4020434=1, 5971854=3, 4720911=6, 17805379=2, 26903826=2, 14921799=2, 8287991=1, 27205954=3, 1629384=1, 4086504=1, 11259827=1, 14917882=2, 20576213=1, 3778360=2, 17317581=6, 17369825=3, 5131351=1, 15978924=1, 31025935=1, 21291824=1, 2750136=1, 28769533=1, 27953159=2, 31614516=1, 2002824=2, 12522717=3, 28123581=3, 28280752=2, 22456926=2, 22873225=3, 24056673=3, 28389037=3, 24654049=6, 18033679=3, 3445967=2, 8381296=1, 32793614=1, 11836467=2, 29783566=1, 26293991=3, 12440652=1, 18815688=3, 7904436=2, 13630662=1, 22199377=2, 78956=3, 13307731=3, 2375399=5, 10876042=1, 12199719=4, 2866860=2, 8625312=2, 21392365=1, 9735424=2, 12800766=1, 118057=1, 18894894=1, 24241238=1, 25759910=3, 29388242=1, 32315879=3, 23467465=4, 24565350=1, 15431256=1, 33383348=1, 9657362=1, 6273423=2, 8116540=1, 16480780=1, 4786536=3, 26656905=1, 23293916=1, 31563338=2, 29719953=1, 26689769=1, 6708819=1, 18080688=1, 13997898=2, 17567974=5, 5689115=1, 13828760=3, 19266747=1, 27046333=2, 10224489=5, 2931983=2, 15818569=1, 14293285=4, 26848791=2, 10712882=1, 15337393=4, 10113697=1, 11897115=2, 870366=1, 26263911=1, 25557482=1, 8211532=1, 18709786=1, 8261691=4, 25603951=2, 14835883=1, 27201139=3, 26661549=1, 29359239=1, 14048712=1, 31511304=1, 24454262=3, 10896791=1, 24665752=1, 22212219=1, 28791716=1, 12885641=2, 7863743=1, 3318014=2, 2833551=3, 12159434=2, 8976215=1, 13047010=3, 831936=2, 28153266=2, 24196782=3, 8896062=2, 25865705=2, 13265083=1, 24602970=1, 25917461=1, 10349809=1, 6646210=1, 5987934=1, 29883925=1, 24979468=3, 2868969=1, 216963=1, 7548230=3, 32072602=1, 27452930=1, 14142168=1, 6334271=2, 18300940=1, 7545166=3, 27369672=2, 26419567=3, 19700117=2, 33434591=4, 11191241=1, 4278415=1, 26299646=1, 17452654=1, 25155766=1, 33314258=1, 21543075=2, 27454941=1, 22065430=2, 26426092=3, 20507385=1, 2872989=1, 22792096=1, 10817568=3, 6358362=3, 24327750=3, 7017610=3, 19966565=2, 21133871=1, 31153716=1, 27094939=1, 16990254=1, 23437168=2, 13959700=3, 31986301=6, 5523248=1, 14326966=2, 3528908=1, 31335898=4, 26544912=3, 30326812=1, 26951628=3, 21303497=3, 21388169=1, 23163346=1, 25717809=1, 3907462=2, 6403857=2, 990076=3, 31307450=2, 27241713=2, 16719749=3, 4441586=1, 20887876=2, 24514103=4, 9787004=1, 3455042=2, 7404784=1, 956673=2, 15984220=1, 28995727=1, 11689812=1, 7388325=2, 19945857=1, 28716109=4, 15079270=4, 4613029=1, 3006148=1, 24836152=1, 6325049=2, 17219442=2, 31557096=2, 2980632=1, 14176175=1, 19194940=1, 11555634=1, 18915727=2, 27612926=1, 31566981=2, 11806112=5, 16948734=2, 33204292=2, 32915821=1, 12845935=5, 9130177=1, 30228616=1, 19459594=1, 5263470=1, 18262925=2, 30619567=3, 21519770=1, 17379077=3, 14955503=5, 23736080=4, 17399357=1, 5094524=2, 21650150=1, 25403745=2, 6483473=1, 18354734=6, 29261364=1, 32317726=3, 25986500=2, 13645476=7, 4443469=1, 21275235=2, 23131307=1, 23928403=3, 878298=1, 33201267=2, 2939703=1, 25492663=1, 8310556=1, 14729854=1, 13570102=3, 2981321=1, 26313356=2, 10493647=8, 22544962=6, 12893328=2, 2556198=3, 27517749=1, 2786425=2, 32866678=2, 25134647=2, 2003427=2, 12901729=1, 7148492=3, 1397290=1, 15766095=2, 3071715=1, 22647635=2, 18800081=1, 11604034=3, 23210572=4, 3252911=2, 12887026=2, 32559369=1, 28358392=2, 24852692=3, 20974352=9, 334181=3, 32820366=1, 32236574=1, 16282013=1, 21145807=2, 18593476=2, 16827262=1, 14667029=1, 12592155=9, 24717761=3, 21023847=1, 10331602=2, 25689774=1, 21424394=1, 10696759=3, 16432845=2, 33270135=2, 17418670=1, 33024718=1, 22894968=1, 24317354=3, 4610293=1, 29057152=1, 3725819=1, 19877671=1, 24167467=1, 8975300=1, 15871766=4, 26671714=1, 17231817=1, 24384084=5, 8782724=4, 29823241=3, 25261955=1, 24702744=1, 13592790=1, 16639393=1, 1289456=2, 4353623=1, 1571379=1, 2178295=3, 8090708=1, 4014701=1, 14355535=3, 8283949=1, 14993679=1, 6327760=2, 9251499=3, 13682982=1, 31209794=5, 12113542=1, 8646443=1, 7233204=1, 18420923=3, 25048179=4, 24432836=1, 28079943=1, 30310855=2, 4859740=4, 7291879=1, 14590431=2, 806236=1, 14563272=4, 17202966=1, 5023189=2, 30248740=2, 29895499=6, 10192172=2, 13013383=2, 8795839=4, 33434934=4, 4110887=2, 11847208=1, 7635837=2, 21351828=1, 27666480=4, 1794876=1, 30978710=2, 27328828=3, 26064606=2, 27666898=4, 24715890=3, 4039000=2, 23631445=2, 28025468=2, 1643950=3, 22372010=1, 29919415=2, 21910691=1, 933644=4, 13000373=1, 11955159=1, 11758573=1, 19029207=1, 13980968=1, 29340225=2, 31077274=4, 24923527=1, 27478278=1, 4752923=2, 24301469=1, 10003085=2, 30667002=1, 1612588=2, 11969425=2, 19950535=1, 27809960=1, 2658575=2, 21095524=1, 30191269=2, 2726876=2, 22582332=2, 3921822=1, 195415=1, 32407461=1, 1556213=2, 25947715=1, 22201577=1, 31280146=1, 5791538=1, 10139443=2, 5156073=2, 18470008=1, 1501846=1, 4283749=1, 24433722=1, 8655897=5, 28711613=4, 4516550=1, 11807950=5, 20320049=4, 26238643=1, 32221600=2, 8168123=2, 6438505=4, 21208287=2, 7016906=3, 20575082=1, 10383898=1, 9450917=7, 4200024=9, 27939821=1, 30395730=1, 15652125=1, 31329671=4, 13961603=3, 9974344=6, 15972836=2, 6495370=3, 9908555=3, 16515883=5, 4319626=1, 5356443=2, 10763150=5, 4005537=3, 16817643=2, 834228=2, 1388854=3, 32289619=2, 31638874=1, 32806396=2, 30344229=3, 27288312=1, 20559264=2, 28681668=2, 26151573=3, 2879340=1, 866148=3, 15650098=1, 12024898=1, 31154948=1, 13937851=2, 3991748=1, 14856403=2, 22941169=4, 27224383=1, 1164818=1, 31587081=1, 7365738=1, 17575384=5, 32343296=2, 13270685=1, 2387374=1, 17964840=4, 18320852=2, 30467588=1, 840496=1, 25849250=1, 5710619=3, 2018476=1, 2788167=2, 14309348=1, 26987705=1, 29505152=4, 22900267=1, 22222065=3, 29712265=1, 28564847=1, 23856784=5, 3015639=4, 4438276=2, 21889755=4, 14565433=1, 4446060=1, 27802639=6, 4852977=4, 9867871=2, 1064040=7, 1660722=1, 5027123=2, 14847232=2, 461065=3, 23590352=1, 1436514=1, 30634880=1, 3835084=2, 11293518=1, 31677007=1, 4213991=1, 2997052=2, 12919407=3, 1257556=3, 18773800=1, 29774161=1, 9454186=1, 27084758=1, 20539784=1, 5009641=1, 19663469=5, 30681817=5, 6377533=1, 5400669=1, 26741062=6, 14071657=2, 16534198=1, 20653315=3, 9936136=2, 30805712=4, 4729507=6, 32779468=5, 25931343=2, 17690864=1, 8799909=1, 17213507=2, 18275302=1, 11282572=5, 24726107=1, 27489841=1, 24748237=2, 20365725=1, 31676478=1, 27933226=4, 31307026=2, 4666203=3, 15747512=1, 30177443=1, 31789181=3, 5220610=2, 31545009=1, 6671982=1, 14840018=1, 4437689=2, 6345370=1, 7206785=1, 7813468=3, 27869916=1, 16281259=1, 22363432=3, 16137063=4, 22027191=7, 27894062=2, 23493428=1, 25202549=2, 21488775=1, 24992707=1, 11635761=2, 16309130=1, 29809988=1, 11386141=2, 17445125=4, 24062693=3, 19392158=1, 14363186=3, 16701609=1, 7029192=1, 23323819=1, 32252419=5, 23983960=1, 28875498=2, 32535477=1, 2143153=2, 26945891=3, 12909112=1, 971739=1, 21050818=3, 30304209=1, 32081979=2, 1077429=1, 2792020=2, 33288310=1, 446722=1, 31741279=1, 19143114=5, 5863309=1, 20584924=4, 30695735=1, 15419667=1, 16395339=4, 21658648=1, 28583125=5, 9220035=2, 7932822=3, 3222230=3, 14546071=1, 16200608=3, 24472292=1, 13555272=1, 24450668=3, 13419786=1, 9579895=4, 30266005=1, 27078133=3, 20065285=4, 31465143=8, 30735876=1, 30854200=1, 12681138=1, 4078155=4, 1914801=3, 8032768=2, 501090=2, 3307240=1, 19225917=1, 11527750=1, 33541781=1, 13770197=4, 21398864=2, 23017791=3, 5133117=1, 27443005=2, 29172029=3, 5961977=1, 21213646=2, 23325367=1, 32976014=3, 25905759=1, 1970854=4, 4524508=3, 24158864=2, 31784039=1, 21138070=2, 15206015=6, 14674046=1, 95032=1, 575491=1, 6274467=2, 7560652=1, 4435165=2, 1807488=2, 6086965=1, 27760439=2, 29589931=2, 15778490=1, 29673102=1, 19498049=2, 32724457=1, 11135663=1, 19890305=2, 19083408=3, 940879=1, 22209223=1, 12297985=2, 5022272=2, 21664920=2, 10390739=2, 1608373=2, 26224752=7, 26094799=4, 28299184=1, 18118830=1, 14610145=1, 3835711=2, 4737948=1, 9257380=1, 13565836=1, 30110855=1, 29557081=3, 10152487=1, 10628367=4, 27200966=3, 15397009=1, 19635727=2, 26047555=1, 13187762=3, 26534467=1, 9345761=2, 31420877=1, 20903521=1, 33013841=1, 11627233=1, 27286501=1, 6283277=1, 20362950=2, 14324180=2, 16231209=2, 25638953=3, 14016266=1, 7385663=2, 8440884=1, 16334534=3, 9390897=1, 10454394=2, 29478275=1, 17811578=1, 32855162=1, 574489=1, 2332909=2, 31336406=4, 15046388=2, 25428155=5, 33021349=1, 20569148=1, 13249769=4, 27550297=1, 26276663=1, 26889871=1, 2239377=4, 32740660=2, 12505018=1, 4559144=2, 10666364=1, 23070361=8, 644438=1, 17859736=2, 3027916=4, 20613538=2, 5079329=2, 25850614=1, 16378638=1, 6467041=2, 19305187=2, 4882999=2, 5556684=1, 23301762=2, 30246010=2, 12884515=2, 16611618=1, 29441951=3, 14294660=4, 1016410=2, 8530812=4, 11867770=3, 31444986=1, 16425842=2, 11800150=5, 15265943=1, 9076355=1, 13478638=2, 24510338=1, 12147001=1, 26409194=1, 100071=2, 20016124=1, 441690=2, 21146044=2, 24351483=2, 23856236=5, 29471384=2, 22146134=1, 6490225=3, 5851936=1, 8227490=2, 16528432=5, 4839470=1, 15690167=1, 10479334=1, 25306220=4, 12287293=1, 507367=2, 19768698=2, 22312943=1, 2219904=1, 16293073=2, 13701478=3, 19353833=1, 18431276=3, 20970594=1, 19199689=1, 30880691=3, 8912454=1, 19821001=1, 31475619=1, 20457259=6, 9599237=1, 10169496=3, 21354584=1, 12046732=1, 46410=2, 20042926=1, 16650721=4, 5754508=1, 17296714=1, 10514971=1, 23133149=1, 21441417=3, 2739682=1, 4857978=4, 8267402=4, 17202129=1, 24570644=1, 25272033=2, 32736224=2, 11579317=2, 7905767=2, 13160095=1, 25999127=2, 16827885=1, 30690105=1, 10404054=1, 5592437=1, 7373718=2, 22337099=1, 30337287=1, 23489555=1, 21659509=1, 23323381=1, 27500555=2, 5584187=3, 9246441=3, 19038137=1, 32912852=4, 16662385=4, 3781924=2, 10980215=2, 14015613=1, 16874512=1, 8992374=3, 30181043=2, 9143749=2, 18848392=2, 30599477=1, 21272397=2, 19140138=5, 31760992=2, 1251768=3, 1691929=1, 20130514=3, 30635644=1, 11103037=1, 6724301=2, 6231922=3, 18095670=5, 8487750=2, 10120271=1, 17631493=3, 15550999=1, 10220765=1, 5680476=2, 9524516=1, 11118679=2, 32143832=1, 7912534=2, 9193395=1, 3643744=2, 31349688=1, 11010686=6, 19327998=1, 24733118=1, 29119060=1, 17901209=3, 16811345=2, 15564645=1, 9118805=3, 26671837=1, 16904527=1, 4201969=9, 15034131=1, 18130842=2, 26152299=3, 746674=1, 16801307=1, 25426067=1, 18197390=2, 16862801=1, 30348657=3, 9760483=1, 30719604=2, 5836527=3, 27641777=1, 4179159=1, 6220929=1, 17947512=1, 19537853=4, 13697846=3, 30617415=3, 9176251=5, 19201486=1, 23418199=1, 10092744=4, 17326153=1, 8114595=1, 16575088=1, 31313722=1, 26863629=1, 8458350=3, 32109069=1, 16682850=2, 29885600=6, 516870=1, 20861767=1, 16260782=6, 15946938=1, 28740068=2, 20450018=6, 4891508=2, 8771639=1, 16123792=4, 11790311=1, 3905646=2, 24919992=5, 3390336=2, 5740168=2, 26276195=1, 18659058=2, 12683665=2, 11132487=1, 14887468=3, 14107133=1, 1246529=3, 28191979=4, 3364762=1, 24238720=1, 17142473=2, 31896860=2, 203290=3, 22474383=1, 5223803=2, 19771021=2, 5521783=1, 17817613=1, 2783815=1, 33526939=2, 9360539=1, 8283253=1, 11375539=2, 21155842=1, 26592705=1, 23413989=1, 7247830=2, 3839994=2, 1812143=2, 13712185=3, 22919929=2, 493340=2, 22015628=1, 13051967=3, 24256337=4, 26734215=1, 1732846=1, 11478994=3, 17323918=1, 14460388=2, 5753407=1, 27407726=4, 27523606=1, 15593894=1, 27610627=1, 16483609=2, 7621138=1, 20486651=2, 9320899=4, 8127150=5, 16878807=2, 21579392=1, 6340939=1, 30387284=2, 166528=2, 28582792=5, 8406622=1, 6552519=1, 10718321=2, 16333372=3, 4186863=1, 3896174=1, 31689665=2, 15917843=1, 21799441=2, 22518769=2, 772481=1, 30174036=1, 28127112=3, 14568320=1, 12625518=2, 29001081=2, 2510348=1, 8207004=3, 27047416=2, 14846286=2, 2966072=1, 4425626=2, 5402771=1, 23773487=1, 12570533=1, 16920687=4, 27127552=1, 29141929=2, 9996468=2, 33049564=1, 16574488=1, 4850698=4, 30250779=2, 33410312=1, 10339497=1, 12209485=1, 28235039=1, 30470780=1, 16542688=1, 811155=1, 20158642=2, 14665837=1, 11429841=1, 2134511=2, 22120011=2, 30631383=1, 10039069=3, 25117386=1, 10342627=1, 24678827=2, 25672183=2, 7819950=1, 26788561=1, 2790377=2, 8836401=1, 26371277=1, 23639316=2, 27121514=1, 13362166=1, 1623662=1, 15489676=1, 14222528=3, 6392123=2, 7426247=1, 32912985=4, 1563544=1, 23790637=3, 523859=1, 14250300=1, 16870650=1, 22210925=1, 12079483=1, 9806441=2, 1401275=1, 5761471=1, 33072483=2, 25520377=1, 13192792=1, 33214684=1, 13743999=2, 32818235=1, 15789279=1, 13607620=2, 3719436=1, 21538688=2, 29977214=1, 6620012=3, 18513639=1, 15492996=1, 15199488=1, 15348403=4, 2204528=2, 26259201=2, 27554513=1, 20033252=2, 895388=2, 14290382=4, 33267517=2, 18635104=1, 21006338=2, 2502918=4, 7499132=1, 27884274=1, 31611366=1, 14690368=8, 589993=3, 9125511=3, 21932481=2, 19267265=1, 17159925=1, 9239366=1, 855286=3, 9942606=2, 14122614=1, 16742024=1, 8348383=1, 5179251=3, 15741376=7, 32808359=2, 31222548=1, 2157902=1, 22199761=2, 25101702=3, 29082406=1, 23823796=2, 4247586=1, 3070517=1, 30207809=1, 30395603=1, 24186059=3, 23556894=1, 14048781=1, 14438396=1, 21309218=3, 12230974=2, 25164794=1, 18513136=1, 14440378=1, 33458460=2, 30633713=1, 10091529=1, 10382234=1, 12198816=4, 8203389=3, 14262168=2, 13770875=4, 18735434=1, 534468=6, 11464146=1, 24061387=3, 13051755=3, 8078581=1, 30570427=1, 467856=3, 19436185=2, 824090=2, 26089769=4, 10612335=1, 3884170=1, 25745424=1, 12688145=2, 25795352=2, 31049154=1, 10303280=3, 21188344=1, 32986226=1, 23245552=2, 11693081=1, 10539873=1, 23664750=3, 20176513=1, 18168803=3, 20676247=1, 30126701=2, 3017272=4, 15219009=6, 7617988=5, 24402607=1, 26527501=1, 21411418=2, 28168709=1, 28827120=1, 14778622=2, 21676899=1, 19660214=1, 5812753=2, 12710703=1, 33229885=3, 29353566=1, 8675710=1, 28669604=1, 13162705=1, 7804927=3, 23725498=4, 31274739=3, 26198487=1, 19241512=2, 14869266=1, 16045457=1, 19709959=1, 3425756=1, 26771904=2, 2764019=4, 22161959=4, 31782145=1, 10854128=2, 21109742=4, 32545455=2, 11638016=2, 534156=6, 8145277=1, 9953388=1, 20006598=1, 28100173=1, 21850326=1, 17563218=1, 16568818=1, 28556636=2, 28798650=1, 11724649=1, 32332172=1, 5181696=3, 7381047=2, 29900784=6, 5793846=1, 1077537=1, 28724198=1, 4092344=1, 9276741=2, 11702570=2, 11024639=6, 29363971=9, 3446915=2, 18147365=1, 158824=1, 4746647=1, 5989805=1, 20418031=2, 2705479=1, 13342642=2, 21822335=1, 27850114=1, 21976297=1, 26886735=1, 1406852=1, 7430725=1, 7466566=1, 16950491=2, 691722=2, 15222218=1, 19250198=2, 21365364=4, 6830818=6, 7189369=2, 8204384=3, 13529742=1, 12012954=1, 15831830=2, 25140262=2, 27971130=1, 31006403=3, 25829642=4, 6891247=3, 4386597=1, 9345466=2, 16194992=3, 403143=4, 9088786=2, 25863221=2, 20753597=2, 676485=1, 12710127=1, 16246924=1, 22678482=4, 32134033=1, 7534332=1, 10110267=1, 17856697=1, 25262415=1, 22625391=3, 32092340=2, 2880677=1, 6707423=1, 18790874=2, 24585146=3, 19758765=1, 22685155=4, 1099028=1, 30635545=1, 216936=1, 30967438=2, 29862524=2, 21162288=1, 2828278=3, 29075082=2, 16305977=1, 18374957=1, 21272591=2, 774622=1, 18040080=1, 13530020=1, 809552=1, 33540507=1, 6658292=2, 8620138=2, 4413228=1, 31663830=3, 4437624=2, 21578749=1, 30667677=1, 28752366=2, 16028386=2, 24011204=1, 1887743=1, 30629896=1, 7484059=4, 31745857=1, 5011954=1, 1492898=1, 30847022=2, 31034948=2, 19276078=4, 18266527=2, 32139057=1, 25888556=3, 32984848=1, 21679382=1, 2096827=1, 9085272=2, 28646940=3, 17007847=2, 13209352=2, 28147649=1, 13583975=1, 21989420=2, 25839693=1, 19099463=1, 23483918=1, 5871264=2, 13305023=3, 20195241=5, 3136581=1, 16346804=1, 13624405=1, 3414022=5, 25538950=2, 4928221=3, 25531329=2, 28025650=2, 9771476=3, 26746091=6, 18826303=1, 1946816=2, 8579301=1, 8332984=3, 18006550=1, 6936587=1, 31673675=1, 31930266=3, 16785430=11, 10204413=2, 2387658=1, 10423629=3, 11559514=1, 25802615=2, 16019940=1, 8181132=1, 16856880=3, 6287129=1, 31088231=1, 33071873=2, 27113613=2, 20971445=1, 27126499=1, 29414681=1, 28621380=2, 33415046=1, 32404515=1, 23263317=1, 32642830=4, 29240426=4, 27007908=5, 11852060=1, 27885680=2, 20024687=2, 7120888=2, 30011071=1, 9864890=2, 11288273=5, 23796128=3, 27557062=1, 14689380=8, 30231424=1, 24855955=1, 9806322=2, 18011444=1, 32036064=1, 23381588=1, 12746793=2, 5662589=1, 13968489=3, 269072=5, 16108863=1, 1559951=1, 3356678=3, 32548393=2, 20976502=9, 16710281=1, 22238667=1, 9080112=2, 6256042=1, 10618042=4, 10110163=1, 3617081=3, 5533582=1, 27808524=1, 10226356=5, 14555604=4, 25496206=3, 22525569=2, 1661674=1, 25399794=2, 599681=3, 11857965=1, 9884162=1, 31859896=4, 7110270=1, 7017303=3, 3272670=1, 29863247=2, 2037456=3, 27720050=1, 1788562=1, 22271360=1, 20147188=1, 2239074=4, 9644465=3, 28317731=7, 23253020=1, 33077231=2, 2228106=1, 27475612=3, 25096767=1, 25285132=1, 1549953=2, 25239181=3, 6373677=1, 17853213=1, 8753047=2, 294417=1, 17461735=1, 27114841=2, 23816461=1, 15175478=2, 14869664=1, 3881958=3, 31753567=2, 17809953=1, 28272608=1, 1394500=1, 25311298=4, 25654631=1, 7901577=2, 26233838=1, 23080943=8, 15597405=1, 19679183=1, 5746571=2, 22917393=2, 713247=1, 32669296=1, 27834719=2, 17127668=1, 15326282=1, 13787150=1, 13463289=1, 5640608=4, 26079985=1, 29682107=1, 22322040=2, 10879417=4, 17271874=2, 13303007=1, 1341516=1, 26406959=1, 19037981=1, 31272320=3, 25058939=1, 11842114=2, 8028604=2, 14078891=1, 8227261=2, 10640981=1, 25801194=2, 22363326=3, 16467675=1, 23329744=1, 29477192=1, 19531805=4, 13739770=2, 16563588=2, 2936610=1, 7480940=4, 23580289=1, 26414666=3, 26222358=7, 1038607=1, 19507070=2, 26857426=1, 7532527=1, 17508945=3, 16608106=1, 11003070=1, 11246197=2, 3237913=1, 18388367=2, 14935449=1, 21724843=1, 3659025=1, 282206=1, 17932147=2, 13467809=2, 23961054=2, 32104874=1, 8356116=2, 29621438=1, 8940129=1, 9781093=3, 20402027=1, 9486254=2, 335570=3, 19388366=1, 5120675=4, 32161035=2, 12158239=2, 15998670=5, 7908718=2, 9361323=1, 8255017=1, 2056884=1, 29913127=1, 16823670=2, 6817348=6, 26628553=1, 32859522=1, 23053728=1, 22022043=7, 26782647=2, 29248006=1, 13071353=1, 32761635=1, 14319933=2, 28937933=2, 7919921=1, 21046349=3, 18936643=1, 1611546=2, 5606510=2, 9907841=3, 25370222=3, 11300820=1, 7885109=1, 31876640=1, 21815224=1, 25357669=1, 3290032=4, 30893179=1, 17236027=3, 5938561=2, 12508611=1, 29940060=1, 9681905=2, 16167326=2, 4674407=1, 7264766=1, 29017635=1, 22848036=2, 29374589=9, 29428572=3, 25786254=1, 10961145=1, 19746918=1, 31665282=3, 17641102=3, 33083570=1, 22433369=1, 250190=1, 17636884=3, 27293612=1, 27578636=1, 2865604=2, 25617429=1, 30924825=1, 23510530=2, 3787825=1, 7857011=1, 11505582=2, 9182274=5, 291605=1, 21649459=1, 9231094=1, 11179178=2, 8419897=1, 7478801=4, 3427116=1, 24568664=1, 2938245=1, 803625=1, 6676531=1, 28532967=1, 13663556=1, 26505769=1, 14147541=1, 22925491=1, 10502981=1, 26550463=3, 1258661=3, 21678658=1, 20902874=1, 4087997=1, 25819261=1, 16801693=1, 27169175=2, 9205806=1, 23803508=3, 6490162=3, 5642187=4, 12969560=1, 22611263=3, 12347894=1, 16572619=1, 2092568=1, 29223115=1, 3893031=1, 2202727=2, 24034198=2, 12647393=1, 19052478=2, 30305202=1, 30134006=1, 33044639=6, 22316490=2, 18728870=1, 32089634=2, 8389252=10, 23373979=2, 4597003=4, 17821798=1, 23808996=1, 13791497=1, 20234602=1, 21111955=4, 4707220=1, 6094577=1, 32027136=2, 19831404=2, 27137841=4, 9873384=2, 27587289=1, 3533025=1, 8378199=1, 27409257=4, 15126240=1, 19737389=3, 4096710=2, 13046736=3, 33345751=1, 12456928=4, 15912631=1, 21567429=3, 12804544=1, 15313012=2, 533948=6, 29624198=5, 22918465=2, 1498651=1, 13089077=2, 29497007=4, 17282066=2, 17574255=5, 2291391=1, 9554929=1, 4335167=4, 20002290=3, 19705284=2, 24029165=2, 1919962=1, 28452782=4, 834584=2, 9110565=3, 3485961=3, 27727684=3, 21302141=3, 19333711=3, 21037876=3, 18570256=1, 12158193=2, 25454202=1, 4191925=1, 25669594=2, 21326217=1, 12280976=1, 29509280=1, 18887018=8, 7049755=2, 21285439=1, 7840371=2, 3470427=1, 988892=3, 20227375=2, 10248007=1, 4566649=2, 18480115=1, 32923905=1, 32612229=2, 30504278=1, 28642607=3, 24617562=2, 26178412=1, 18943457=3, 25226902=1, 29907457=1, 27170188=2, 3318760=2, 29984283=2, 4615204=1, 29880887=1, 12744906=1, 19787252=1, 17703979=4, 4911171=1, 16501187=1, 23952850=1, 26937029=3, 6976903=1, 8088172=1, 10651430=2, 11904747=2, 19176454=2, 21089626=1, 18282678=1, 10978869=2, 12584805=9, 800616=5, 7179006=2, 26987327=1, 12476032=1, 1174736=1, 2879583=1, 16196317=3, 18491585=4, 18741424=1, 29553742=1, 3121702=2, 2281904=1, 27870104=1, 20349232=2, 32414145=2, 6618943=1, 14444056=1, 15494830=1, 28808733=2, 3022264=4, 16994107=1, 3650720=2, 22654108=2, 33493278=3, 22351846=3, 24299477=1, 24484404=2, 633544=2, 4361866=2, 32675777=2, 10662753=2, 32726147=1, 20214670=1, 27226179=1, 8849574=3, 9250794=3, 15812919=1, 14519675=2, 5341221=2, 16905394=1, 644805=1, 9763027=1, 32613865=2, 2536281=2, 29595169=2, 28245836=1, 13082317=2, 11230092=1, 27875067=1, 12160070=2, 29482009=1, 25343602=2, 1889080=1, 13421765=1, 20953527=2, 19539560=4, 822832=2, 21392617=1, 8409525=1, 32497258=1, 24589923=3, 7139920=1, 13299691=1, 6197654=2, 21481172=1, 30790994=1, 14041983=1, 10193337=2, 26853016=2, 18674228=1, 27657269=4, 4317001=1, 23174290=2, 5876058=2, 19988327=1, 5006384=1, 19539369=4, 18871499=1, 16898704=1, 5164143=1, 672736=1, 15653139=1, 31585208=1, 13126547=1, 9027426=2, 8165977=2, 31203628=5, 29807017=1, 31258158=1, 4261730=3, 13117154=6, 1576735=6, 27408290=4, 24445366=3, 1487847=2, 23341916=5, 28303422=1, 1087293=2, 16799755=1, 8715142=1, 29391487=1, 31033648=2, 21634248=4, 5513529=5, 25522458=1, 2869129=1, 14604770=1, 24778784=4, 4283818=1, 31498356=2, 24822293=1, 25767217=3, 30317760=2, 979890=1, 13614031=2, 31849999=1, 7170980=1, 22839857=2, 11986891=1, 21525104=1, 4265426=3, 11415611=4, 24943588=2, 19082438=3, 11630622=1, 18669571=1, 7311692=2, 7142380=1, 13772401=4, 7465379=1, 1003629=1, 7759618=1, 3567912=1, 21234533=5, 20426028=2, 4787734=3, 32425629=1, 3330729=1, 33281079=1, 28246397=3, 4750194=1, 28371717=1, 3799583=1, 18070562=2, 19942235=1, 21945789=1, 9304483=1, 20352035=2, 9363130=1, 26539056=1, 8452050=1, 20276312=1, 26733042=1, 16433084=2, 30831428=1, 17747241=1, 13465054=1, 29699422=3, 12657856=3, 12413126=1, 17490720=1, 5002649=1, 6859697=2, 4291549=1, 22527121=2, 20187244=5, 11171234=1, 5571131=3, 9104988=1, 32056096=3, 21113131=4, 8226461=2, 2298498=3, 14416010=1, 14773367=1, 1477712=2, 6088726=1, 24292056=2, 31861856=4, 2894543=5, 15243166=2, 1839334=5, 15538445=3, 18385980=2, 29788291=2, 11442332=2, 19000634=1, 14286327=1, 20028267=2, 8174444=2, 23974134=1, 10742951=1, 16337200=1, 30258721=2, 12709454=1, 20540607=1, 11174947=2, 32583900=3, 31719415=1, 8232962=2, 18455845=2, 4844882=1, 3567796=1, 9595788=1, 32411614=2, 21813358=1, 10598989=2, 17172422=4, 31755849=2, 8197863=3, 29719790=1, 2697886=3, 12892512=2, 23898318=2, 24621124=2, 5103156=1, 21366383=4, 14089982=1, 24733430=1, 3242664=1, 6624812=3, 10620398=4, 9060050=4, 33505884=1, 32365878=1, 29461076=2, 6411018=1, 11974907=2, 29262495=2, 19883740=1, 5908959=4, 662194=4, 26655695=2, 22857124=1, 23112846=2, 25407263=2, 735541=3, 16609009=1, 24346966=2, 15420280=1, 29417975=1, 8218031=1, 8132623=5, 8291842=2, 20175803=1, 7630717=1, 2901703=1, 28944399=2, 14269004=2, 26647300=2, 7508316=2, 20888347=2, 6584093=1, 3186137=2, 15441602=2, 10685787=3, 27802086=6, 5498806=1, 27028047=1, 3791007=1, 11802261=5, 2074821=2, 10930278=1, 30734454=1, 11770586=2, 1038721=1, 27882529=1, 13776453=4, 13206945=2, 25329768=2, 4784802=3, 3085088=3, 27650008=1, 29201243=2, 14158065=6, 3790210=1, 10098974=4, 14234831=3, 26551362=3, 12587467=9, 4437904=2, 20186988=5, 15831650=2, 31695612=2, 27527288=5, 32856952=1, 18215337=1, 12308804=1, 31222575=1, 5092208=2, 28228530=2, 23828992=2, 30289254=4, 12620145=2, 28270517=1, 6138638=2, 27688418=1, 3391115=2, 7982344=1, 29178324=3, 15508835=2, 32974561=3, 32449417=3, 4887496=2, 13650784=1, 31330875=4, 13552656=1, 21578404=1, 3182953=2, 20622473=2, 10159007=3, 23358319=1, 19738296=3, 29846370=1, 19936358=7, 25883685=1, 4151784=1, 29627078=5, 28940925=2, 8003440=4, 28306675=1, 3970345=2, 5379721=4, 33281176=1, 1954231=1, 17607988=2, 31966316=1, 21416657=1, 26098852=4, 5813891=2, 6125663=1, 27772031=1, 25430815=5, 25050673=4, 9959220=1, 17341274=2, 27350275=1, 23384072=1, 30354988=3, 20700463=1, 14229235=3, 7013981=3, 28555405=2, 16994809=1, 9544406=2, 24262360=4, 32237869=1, 32014980=2, 7401978=1, 18435307=1, 19618283=1, 8734993=1, 6147256=1, 12329289=5, 10297082=3, 5157248=2, 13857652=1, 27111481=2, 3328700=1, 5271611=1, 10588514=2, 9122889=3, 13024122=2, 4373912=2, 16362780=2, 23156667=1, 15496522=1, 1417510=2, 11569032=2, 29914279=1, 24584451=3, 1952834=1, 15462904=1, 2921008=2, 19149379=5, 12006690=3, 18347233=1, 17686100=1, 8540112=1, 9791399=1, 8896875=1, 8363152=2, 27405023=4, 32863481=1, 14977026=2, 5560465=1, 2115787=1, 30972095=2, 4839446=1, 26649064=2, 30940156=6, 16982317=3, 20558101=2, 3010020=1, 9465145=1, 16443778=1, 6814663=1, 31687858=2, 29007717=2, 12402680=3, 27514730=1, 27255506=1, 13593447=1, 1361897=1, 6457006=2, 14149650=1, 20337254=1, 19447341=2, 14569716=1, 1884069=2, 12098225=2, 20985737=9, 2669592=2, 28656939=1, 25638131=3, 15653891=1, 10728616=2, 10336553=2, 29895541=6, 22657948=2, 22348683=3, 31915469=1, 24679295=2, 15731441=7, 28067996=1, 18430979=3, 28186039=4, 14040273=4, 3097661=1, 2335097=2, 11447636=2, 23623466=1, 17221469=1, 16780673=11, 3402473=1, 6373968=1, 4491065=2, 23028170=1, 8058859=1, 30549030=4, 28609469=2, 27088238=1, 21305270=3, 3022194=4, 30315529=2, 10595568=2, 16283255=1, 25587295=1, 19291565=1, 11153300=4, 25549154=1, 5817116=1, 30149746=5, 15379144=2, 31800981=3, 21139148=2, 314=16, 16295591=2, 21859438=2, 11831504=2, 32690796=1, 2770418=1, 7018847=3, 23345662=5, 24531471=1, 6499233=3, 16554583=2, 26510850=2, 3320810=2, 1216067=2, 1505667=1, 5826386=1, 4998878=1, 26553860=3, 26740835=6, 4879303=1, 23564838=2, 15260512=1, 29341289=2, 15261098=1, 9092716=2, 21420700=1, 6030278=5, 17595255=1, 23043585=2, 11235475=1, 14056918=1, 10426605=3, 10846658=2, 31810895=1, 30059806=2, 6867426=1, 16264286=6, 18683583=3, 16242257=1, 18923540=1, 23031030=1, 7654911=1, 20987029=9, 12395560=3, 12436281=1, 1724470=1, 30011368=1, 32809235=2, 12595519=9, 13926130=1, 28661436=1, 30638294=2, 25965014=5, 22736268=1, 25872000=1, 589476=1, 6166567=4, 16261686=6, 10923351=2, 29938132=1, 7823881=1, 31016135=1, 32377276=4, 17755943=1, 8716952=3, 26650866=2, 15208820=6, 13033582=1, 3420709=5, 24787915=4, 4174660=2, 11887816=1, 15892990=2, 1654925=1, 12202023=4, 25213738=2, 13912405=1, 15576274=2, 23474363=4, 14711371=1, 1850740=5, 20735511=1, 15312441=2, 16374888=1, 22192906=2, 33352406=1, 29468075=2, 23906609=1, 20302872=1, 614519=1, 4264350=3, 32033626=1, 8881870=2, 24366575=1, 29153662=1, 27319782=1, 5589279=1, 31455454=1, 6117717=1, 11003762=1, 28254067=3, 6313620=1, 7501462=1, 26928030=1, 7483961=4, 5732643=1, 22364526=1, 4052665=1, 31227701=1, 30748745=3, 13204486=1, 8041641=2, 31992095=6, 27100035=2, 32584230=3, 3765608=1, 31133075=3, 26079361=1, 31535190=3, 17205229=2, 18984603=2, 5616137=2, 18737681=1, 12078304=1, 12636449=1, 25825823=4, 8931807=1, 30228648=1, 4129572=3, 27230482=2, 22156529=4, 17915162=1, 21135778=2, 13020628=2, 25844739=1, 10727588=2, 29551529=1, 5588396=1, 1241065=1, 191426=1, 7368684=1, 3095299=3, 33163503=4, 29272940=2, 30967607=2, 9846806=1, 29525707=2, 24476154=1, 14549484=4, 22943811=4, 25761698=3, 23876095=1, 17648388=1, 7451253=2, 22963709=1, 23810866=1, 16422611=2, 12294280=2, 23631378=2, 8227136=2, 16486735=2, 9066973=1, 5895281=1, 2368673=5, 27603677=3, 21217751=1, 7877681=6, 21840360=1, 13799555=2, 28096569=2, 14143242=1, 3939343=5, 31718127=1, 18079652=1, 11365478=1, 6810520=1, 7164330=1, 267676=5, 6361115=3, 16889365=2, 32025336=2, 12008045=3, 5585871=3, 4219041=1, 33378878=1, 17650401=1, 12710578=1, 263073=5, 31552749=1, 1368020=1, 4556483=2, 20848322=4, 19248033=2, 16762778=1, 13395418=1, 5773837=6, 25974755=1, 9922593=1, 3938380=5, 8508080=1, 10540434=1, 30749705=3, 6317428=1, 30293518=4, 24604637=1, 15107615=2, 20960328=1, 20174611=1, 21743275=1, 22124264=2, 28415437=2, 26046873=1, 32631449=1, 6635932=1, 22958892=1, 16827762=1, 12401600=3, 2624160=6, 23088124=1, 8235810=2, 8790335=4, 33187969=1, 20520799=3, 21865209=2, 12358267=2, 8449911=1, 32084951=2, 30432300=1, 13267696=1, 19426070=1, 15195557=1, 19936966=7, 32520904=7, 24148329=1, 26948849=3, 23676977=1, 4282231=1, 28885888=1, 19796060=4, 20857868=1, 12036033=2, 27596542=3, 8319625=1, 30532533=1, 11435307=1, 7826193=1, 14071911=2, 20748054=2, 6007188=2, 10558057=3, 12990009=4, 28505831=1, 2756079=4, 3620439=3, 11158319=1, 7758510=1, 27931552=4, 14793574=2, 23917073=1, 18841985=2, 13046154=3, 12676224=1, 14987744=2, 30917958=1, 24068326=1, 24536019=1, 8800084=1, 19358181=1, 9562336=1, 31024800=1, 14589905=2, 18182086=1, 24136320=1, 9506950=3, 20719602=5, 1893185=1, 21732638=2, 25544914=1, 18880213=8, 3954121=1, 22009975=1, 14097565=3, 15568558=2, 17333809=1, 31219611=1, 20581141=4, 20101608=2, 21426313=1, 24526563=4, 39527=2, 16846706=3, 16898309=1, 12655868=3, 14040787=4, 12641213=1, 25288205=1, 24262167=4, 31422792=1, 25622017=1, 25260122=1, 28069703=1, 11375696=2, 5032516=1, 12457331=4, 24542079=1, 32064441=1, 28835389=1, 20941777=2, 25374223=3, 21246687=5, 22877083=3, 3229838=1, 32695447=1, 20448057=6, 1952295=1, 14676630=1, 20921253=3, 10437847=1, 4176326=2, 365765=2, 11908114=2, 4717240=1, 28782158=3, 19246089=2, 30904184=2, 31436955=2, 30966317=2, 26736940=1, 10433636=3, 3218198=3, 7088523=5, 12735765=1, 28279278=2, 17326300=1, 15340395=4, 21884483=1, 31614572=1, 17609730=2, 23404343=3, 16714096=3, 9203677=1, 32945310=2, 1730045=1, 15295510=1, 9416778=2, 31885734=2, 3463259=1, 7857541=1, 31288523=1, 4013031=3, 16700862=1, 28269640=1, 7314104=2, 2023059=1, 32843734=3, 23070232=8, 3927405=1, 18755564=4, 16003259=5, 7098041=1, 15822023=1, 12350814=1, 27764113=2, 17344492=2, 24333225=1, 7585059=2, 12132307=3, 28943167=2, 31136612=3, 17889862=1, 20846175=4, 31860476=4, 33396970=2, 31150947=1, 13719942=1, 4192417=1, 6923080=2, 811851=1, 2891828=5, 25145892=2, 31387308=1, 21419651=1, 13859365=1, 27296960=2, 9994704=2, 10306034=1, 32355003=2, 27402534=4, 18478488=1, 18616534=5, 31904492=1, 5059087=3, 15005096=1, 31579520=1, 29630936=5, 9764528=1, 33056649=1, 839545=1, 19199251=1, 5094770=2, 7722445=1, 4359629=2, 25263136=1, 910812=1, 3710033=2, 30834482=1, 13830536=3, 12943847=2, 137934=4, 19714260=1, 4216197=1, 24766497=1, 21026350=1, 3552779=4, 8565849=2, 13943254=1, 12880432=2, 19938712=7, 13828132=3, 22817061=5, 17926646=2, 14749718=3, 20570987=1, 7173524=1, 10855959=2, 13931365=2, 12256938=3, 23413282=1, 29997717=2, 21494494=1, 2712697=1, 17624703=1, 14330484=2, 25284268=1, 20710940=5, 27278628=8, 9189036=5, 9009789=1, 10080602=1, 4315682=1, 8104864=2, 13529901=1, 6755856=3, 12177779=1, 30329044=1, 17313920=6, 806511=1, 11293197=1, 2045200=3, 9188884=5, 31892542=2, 13432117=1, 5143639=1, 21300686=3, 22258815=2, 32539107=2, 7443071=2, 31943195=1, 21830532=3, 11763542=1, 23964265=2, 27159975=1, 11489203=1, 29096948=1, 24546939=2, 29678103=1, 14402828=1, 24467458=1, 29256344=1, 16614955=2, 8621652=2, 25669816=2, 3451121=2, 32221330=2, 23663882=3, 16609953=1, 4472680=5, 30052024=2, 11337870=3, 17425877=1, 26026387=3, 1754845=1, 15071813=1, 18668287=1, 721654=3, 778945=1, 1288685=2, 3976662=2, 15181452=2, 32452893=3, 11849790=1, 6114193=1, 7614566=5, 27004814=5, 32564801=1, 9307522=4, 2175695=3, 24653197=6, 12958965=2, 28807070=2, 17938951=2, 19830476=2, 17332140=1, 1956735=1, 26534183=1, 17951223=1, 28532538=1, 15190416=1, 417597=1, 33514430=1, 27806663=1, 17139942=2, 19630819=2, 19695734=2, 2735408=2, 26789530=1, 29614260=1, 22853866=2, 18561373=3, 8738629=1, 13894043=5, 17094740=1, 6396190=2, 2599387=2, 10118791=1, 29565180=3, 10496122=8, 25584333=1, 5762029=1, 7538738=3, 26443304=1, 6672091=1, 32835774=3, 7800010=3, 3832835=1, 14270298=2, 20464339=1, 23026326=1, 9595828=1, 28177389=1, 29309272=3, 14218997=1, 20969327=1, 26607627=4, 4812895=1, 17344284=2, 11807012=5, 11504357=2, 7891463=1, 32731612=1, 25219641=1, 31258357=1, 28920452=1, 3167693=1, 18173752=1, 25400411=2, 16805617=1, 1866078=1, 18185133=1, 24461639=1, 18476627=1, 33326442=2, 17848884=1, 31201325=5, 12260709=3, 22854399=2, 26906077=2, 27268285=8, 1493309=1, 791857=5, 7930370=3, 9799016=2, 16363713=2, 2646956=1, 20055505=4, 14548046=1, 15842420=2, 19556104=1, 6025315=1, 30458482=1, 18303109=1, 16511008=1, 12000460=3, 25554284=1, 28994899=1, 11366879=1, 30058500=2, 9130510=1, 21958752=3, 23883220=1, 3680683=6, 22486491=3, 11650368=1, 8032180=2, 26926975=1, 25379805=1, 17066015=1, 9320365=4, 19809275=1, 3403979=1, 21136733=2, 2265077=2, 5107017=1, 20319696=4, 28521428=3, 21716778=1, 152776=1, 26941417=3, 18142516=1, 28202695=1, 347821=1, 498711=2, 25027518=1, 8301409=2, 7209510=4, 16539239=1, 600842=3, 29354958=1, 11779461=2, 2319261=1, 10339700=1, 20385555=3, 32526340=1, 95862=1, 20892463=1, 15108436=2, 12036066=2, 23463976=4, 22320263=2, 30100982=1, 31150712=1, 2751636=1, 30708268=2, 5250170=7, 14190169=2, 23187290=1, 27179113=2, 31716962=1, 9915509=1, 16929513=1, 29161097=1, 13676376=2, 9925698=1, 17289424=1, 20858119=1, 25398447=2, 25859540=2, 14786970=2, 4077518=4, 24449872=3, 1316788=5, 33165659=4, 13991745=1, 20868969=1, 16588188=3, 7482689=4, 7428753=1, 8058243=1, 13483388=2, 28861691=1, 7939661=3, 6654464=2, 31163259=2, 1459877=1, 21631076=4, 30237686=1, 23869717=5, 21455165=1, 2908284=1, 14316182=1, 3434548=1, 16990074=3, 30754606=1, 11463702=1, 6425156=4, 6768789=1, 12217584=1, 12436245=1, 1178049=1, 3973371=2, 31205180=5, 402175=4, 25836729=4, 28710415=4, 3486750=3, 29330576=2, 26039437=1, 7637571=2, 25985162=2, 19219695=1, 30820872=1, 17275732=2, 5672899=2, 21866076=2, 27021529=1, 29262167=2, 17235358=1, 3310964=2, 21863844=2, 6966159=1, 31732406=5, 12845404=5, 31253073=1, 2889604=5, 28637955=1, 7967883=2, 5961481=1, 32957079=1, 29299885=3, 22548128=6, 7222173=4, 27141501=4, 19808333=1, 2972835=1, 31878034=1, 13081391=2, 22656916=2, 422657=1, 884963=2, 10591484=2, 19254352=1, 20071464=1, 12530889=3, 14754336=3, 3975777=2, 12545304=1, 27209457=3, 9815255=1, 27344633=3, 1985472=1, 9215793=2, 23203045=4, 3788542=1, 19682362=1, 23068809=8, 22716460=2, 6428597=4, 24619778=2, 678382=1, 9611693=2, 1169253=1, 7058037=2, 13096896=1, 19864529=3, 21298299=1, 23549000=1, 16272132=1, 10033698=3, 20063632=4, 21350180=1, 18739446=1, 12806734=1, 3936736=5, 24384135=5, 24764051=1, 22185766=2, 4832864=2, 938516=1, 7103941=1, 15652128=1, 29428268=3, 3474924=3, 3277046=4, 7710501=2, 30599617=1, 1418458=2, 16203318=3, 24452307=3, 12905403=1, 3293335=1, 30134269=1, 7282959=3, 33351089=1, 31673057=1, 21548819=1, 27555550=1, 8607406=1, 26296176=3, 1334929=1, 4314095=1, 18593812=2, 31190965=1, 17826376=7, 19778103=1, 3991587=1, 21016463=2, 12967658=1, 19657645=1, 17797878=2, 30098809=1, 24466016=1, 9466676=1, 10681764=1, 25586627=1, 15933326=3, 14433865=5, 30803406=4, 29484596=1, 12118547=1, 6460883=2, 31030455=1, 8014159=1, 25788851=2, 20688718=2, 4866458=1, 31016995=1, 31379561=1, 1828439=1, 10851464=2, 5478133=2, 20514512=3, 14536798=1, 13323389=1, 1551248=2, 28505210=1, 21940149=1, 10081279=1, 25686071=1, 27185261=1, 25817234=1, 8678477=1, 7522334=1, 27625701=2, 11463708=1, 3695241=1, 28143269=1, 26989254=1, 30462502=1, 17997435=2, 10492545=8, 6359635=3, 8353434=1, 30232348=1, 19787814=1, 3478245=3, 3626940=1, 30500464=1, 9820600=1, 7752875=1, 22894253=1, 32928081=1, 1582331=6, 19353532=1, 1116585=3, 27211042=3, 19767778=2, 33392158=2, 30048699=2, 3349729=3, 15818366=1, 25380775=1, 21251668=1, 24128703=7, 8688809=2, 17448126=4, 8708089=1, 21251886=1, 28614061=2, 25877702=1, 26498960=1, 10602320=1, 14648867=2, 27185040=1, 24803042=1, 12942450=1, 26872159=4, 32090792=2, 8872793=1, 6387302=1, 19795553=4, 6694270=4, 8279049=1, 103213=2, 8802108=1, 7148951=3, 9712313=5, 32542287=2, 28039490=1, 3339014=1, 28400157=1, 6942374=1, 21855111=1, 21714016=1, 5102229=1, 30633443=1, 18678349=3, 14134737=2, 7333019=1, 6452444=1, 16233630=2, 15096189=1, 30691718=1, 624515=2, 24388029=5, 13900875=5, 11930823=4, 11290105=1, 5226675=1, 2604851=2, 3248182=2, 11089294=3, 3047261=1, 28571993=1, 18989760=1, 27059541=1, 315883=1, 25492384=1, 10104931=4, 11732515=3, 22011230=1, 5187632=3, 21527641=1, 11538986=7, 17580913=1, 31360864=2, 6538710=1, 1390217=3, 10072097=2, 26312980=2, 30387241=2, 6011350=2, 4682884=1, 4095865=1, 14415104=1, 4239522=2, 3113321=2, 16027274=2, 10315105=1, 24349623=2, 24735572=1, 10026591=1, 19522553=1, 11739532=3, 11127793=1, 15434861=2, 3843361=2, 11125199=1, 8973555=1, 14233129=3, 21745905=1, 16199669=3, 22177763=1, 13413803=2, 7282065=3, 28325819=7, 32488626=2, 18065546=2, 11903033=2, 15645111=2, 16328004=3, 29613746=1, 29641020=1, 10691005=3, 23926083=3, 7676535=3, 23005068=3, 2453530=1, 11886516=1, 15621182=1, 27713666=1, 10388954=2, 3496498=1, 14952779=5, 23639541=2, 14801871=1, 569424=2, 7506997=2, 32139645=1, 4829866=2, 22515977=2, 29830962=3, 3743137=3, 14951424=5, 11725599=1, 17223073=1, 20834323=1, 26418531=3, 9772686=3, 1771209=3, 24398036=1, 25434380=5, 28974246=4, 14513039=1, 32979556=3, 15703621=2, 10716622=2, 8619990=2, 9384940=3, 25359162=1, 26645156=2, 28057554=5, 26603370=1, 9853414=1, 8142332=5, 17384563=1, 32909726=4, 8563335=2, 14389532=2, 25771275=3, 5923758=1, 13727573=1, 3188148=2, 27898931=2, 14122684=1, 28603613=1, 24216676=2, 6120763=1, 2553336=1, 14047838=1, 3365706=1, 28068401=1, 14750419=3, 11478997=3, 5131857=1, 18886080=8, 12902407=1, 33100910=3, 23454318=1, 29358830=1, 32834468=3, 18013585=1, 28026304=2, 9854525=1, 11711709=2, 23197107=1, 6265098=2, 5223348=2, 32632583=1, 8966827=1, 19856081=1, 5584817=3, 31663252=3, 14685322=8, 12552584=2, 12017289=1, 16658067=4, 23810828=1, 30915734=2, 28606567=2, 6372984=3, 10052636=1, 23613630=1, 23307703=2, 14550581=4, 26259549=2, 4317964=1, 27057200=1, 9766283=3, 28486683=2, 31474358=1, 23066993=1, 29068224=2, 33417461=1, 31679182=1, 23834969=2, 13936151=2, 11097583=1, 25450860=1, 6411508=1, 15532801=3, 19610286=3, 18599076=1, 25711111=1, 898364=2, 27920434=4, 18206323=1, 8997732=1, 2539576=1, 9997321=2, 10879009=4, 1873664=2, 27812481=1, 28884392=2, 4849944=4, 3377685=2, 2195214=1, 4526222=3, 10336727=2, 1478018=2, 15238806=2, 32214252=2, 1297273=1, 478139=1, 22502456=1, 22563538=1, 33449379=1, 28260656=3, 18680154=3, 10587115=2, 31396393=3, 8623502=2, 12776871=1, 15252377=2, 1646677=3, 17781019=1, 12701280=1, 4121738=1, 3524635=1, 8108063=2, 28203882=1, 24260937=4, 25855402=2, 7121235=2, 14804647=1, 7741368=4, 30038246=1, 20246111=1, 22736529=1, 3990916=1, 15275192=3, 29657065=2, 22092837=3, 2568841=3, 7264236=1, 5675638=2, 3836801=2, 33108915=3, 15791256=1, 3692515=1, 25997093=2, 27373023=2, 15780663=1, 13927277=2, 16552599=2, 12911150=3, 3077805=1, 32697258=1, 29410039=1, 12026502=2, 15632919=2, 28461252=1, 24825972=1, 29682036=1, 30578879=2, 15864411=4, 33043059=6, 4892119=2, 21175039=3, 27654901=1, 11844040=2, 23152535=1, 14737668=1, 14670287=1, 30568792=1, 25490128=1, 1040974=1, 11838780=2, 9586971=1, 2929089=2, 28843858=6, 12374419=1, 8256909=1, 15312986=2, 4949951=2, 25580162=1, 30220976=3, 11441243=2, 29109682=5, 29183137=1, 23800592=3, 21813685=1, 3511805=2, 29702209=3, 17701842=4, 32875250=2, 13429816=1, 30245420=2, 8902922=1, 30486543=3, 10409639=1, 19545570=4, 1594509=1, 20562489=1, 14472167=1, 9421503=1, 23826893=2, 21766747=5, 11483073=3, 30655995=1, 25904766=1, 4302796=2, 31208713=5, 5777968=6, 19307158=2, 22915644=2, 17031023=1, 32525268=1, 21758216=5, 14695710=8, 14531078=2, 32675911=2, 24137257=1, 1211585=1, 5980349=1, 7928350=1, 30616490=3, 30353461=3, 8261157=4, 14950099=5, 2409995=1, 11091800=3, 1081577=2, 29853897=2, 22056665=2, 14574711=1, 24482099=2, 2642662=1, 2159496=1, 6240893=3, 18735977=1, 30645843=2, 24795234=1, 9211003=2, 31564171=2, 26488551=5, 13644062=7, 12429289=2, 10149080=1, 16063355=3, 24139884=1, 20938280=1, 31903583=1, 2159262=1, 19028573=1, 14737784=1, 18065688=2, 3283525=4, 13746415=1, 563458=2, 29371893=9, 6665076=2, 12435897=1, 4077446=4, 24114813=1, 25971250=1, 2070218=2, 9848558=1, 790183=5, 409485=4, 2607031=1, 3909779=2, 3509155=2, 11146942=4, 7136076=1, 28710557=4, 16453440=3, 32272897=1, 11140905=1, 26233834=1, 4246367=1, 26801279=1, 1364974=1, 32872638=2, 27183381=1, 6416091=1, 11819696=1, 30624610=1, 29312553=1, 16887315=2, 2458531=2, 23420749=1, 7449933=2, 27182531=1, 30814945=4, 13402096=1, 3706595=2, 33237274=3, 855378=3, 8516700=1, 30206379=1, 4451728=1, 31845298=1, 8090395=1, 21164393=1, 32999760=2, 21175219=3, 28560787=1, 4042232=2, 16929812=1, 21172193=3, 12265513=3, 22924848=1, 3414972=5, 31408991=1, 25604657=2, 32145550=2, 25883333=1, 8435527=2, 6984347=2, 16664231=1, 16727343=3, 26944974=3, 26146555=1, 9077140=2, 32778645=5, 17149579=2, 32193040=3, 1295880=1, 2296015=3, 31325457=1, 13063201=1, 4977763=1, 11990907=1, 16654775=4, 13229828=1, 10209104=1, 20960738=1, 7153305=3, 8154695=1, 15131764=1, 5724352=1, 3696408=1, 21006072=2, 13674472=2, 23790176=3, 28281753=2, 19371899=2, 17700185=4, 11166517=1, 11434684=1, 13672460=2, 2422815=1, 15003007=1, 23778178=1, 31492233=2, 17694387=1, 20541017=1, 16353884=2, 23862277=5, 582844=1, 26484610=5, 11512007=2, 13003486=1, 12002296=3, 9242940=3, 4688260=2, 350497=1, 8353316=1, 9388467=1, 11096023=1]}>
	at org.apache.hadoop.hive.common.ndv.hll.TestHLLSerialization.testHLLSparseNoBitPackingHalfDistinct(TestHLLSerialization.java:168)
]]></failure>
  </testcase>
  <testcase name="testHLLDenseNoBitPackingHalfDistinct[9]" classname="org.apache.hadoop.hive.common.ndv.hll.TestHLLSerialization" time="0.065"/>
  <testcase name="testHLLDenseNoBitPacking[9]" classname="org.apache.hadoop.hive.common.ndv.hll.TestHLLSerialization" time="0.066"/>
  <testcase name="testHLLSparseSerialization[9]" classname="org.apache.hadoop.hive.common.ndv.hll.TestHLLSerialization" time="0.047"/>
  <testcase name="testHLLDenseSerialization[9]" classname="org.apache.hadoop.hive.common.ndv.hll.TestHLLSerialization" time="0.043"/>
  <testcase name="testHLLSparseSerializationHalfDistinct[9]" classname="org.apache.hadoop.hive.common.ndv.hll.TestHLLSerialization" time="0.049"/>
  <testcase name="testHLLDenseSerializationHalfDistinct[9]" classname="org.apache.hadoop.hive.common.ndv.hll.TestHLLSerialization" time="0.058"/>
  <testcase name="testHLLSparseNoBitPacking[9]" classname="org.apache.hadoop.hive.common.ndv.hll.TestHLLSerialization" time="0.086"/>
  <testcase name="testHLLSparseNoBitPackingHalfDistinct[9]" classname="org.apache.hadoop.hive.common.ndv.hll.TestHLLSerialization" time="0.074"/>
  <testcase name="testHLLDenseNoBitPackingHalfDistinct[10]" classname="org.apache.hadoop.hive.common.ndv.hll.TestHLLSerialization" time="0.187"/>
  <testcase name="testHLLDenseNoBitPacking[10]" classname="org.apache.hadoop.hive.common.ndv.hll.TestHLLSerialization" time="0.084"/>
  <testcase name="testHLLSparseSerialization[10]" classname="org.apache.hadoop.hive.common.ndv.hll.TestHLLSerialization" time="0.066"/>
  <testcase name="testHLLDenseSerialization[10]" classname="org.apache.hadoop.hive.common.ndv.hll.TestHLLSerialization" time="0.064"/>
  <testcase name="testHLLSparseSerializationHalfDistinct[10]" classname="org.apache.hadoop.hive.common.ndv.hll.TestHLLSerialization" time="0.171"/>
  <testcase name="testHLLDenseSerializationHalfDistinct[10]" classname="org.apache.hadoop.hive.common.ndv.hll.TestHLLSerialization" time="0.179"/>
  <testcase name="testHLLSparseNoBitPacking[10]" classname="org.apache.hadoop.hive.common.ndv.hll.TestHLLSerialization" time="0.105"/>
  <testcase name="testHLLSparseNoBitPackingHalfDistinct[10]" classname="org.apache.hadoop.hive.common.ndv.hll.TestHLLSerialization" time="0.223"/>
</testsuite>