<?xml version="1.0" encoding="UTF-8"?>
<testsuite xmlns:xsi="http://www.w3.org/2001/XMLSchema-instance" xsi:noNamespaceSchemaLocation="https://maven.apache.org/surefire/maven-surefire-plugin/xsd/surefire-test-report-3.0.xsd" version="3.0" name="org.apache.hive.beeline.cli.TestHiveCli" time="67.731" tests="28" errors="1" skipped="0" failures="17">
  <properties>
    <property name="build.test.dir" value="/home/alex/Repositories/hive/beeline/target/tmp"/>
    <property name="awt.toolkit" value="sun.awt.X11.XToolkit"/>
    <property name="test.tmp.dir.uri" value="file:///home/alex/Repositories/hive/beeline/target/tmp"/>
    <property name="java.specification.version" value="1.8"/>
    <property name="qfile" value=""/>
    <property name="test.warehouse.dir" value="pfile:///home/alex/Repositories/hive/beeline/target/warehouse"/>
    <property name="sun.cpu.isalist" value=""/>
    <property name="sun.jnu.encoding" value="UTF-8"/>
    <property name="run_disabled" value=""/>
    <property name="sun.arch.data.model" value="64"/>
    <property name="java.vendor.url" value="http://java.oracle.com/"/>
    <property name="user.country.format" value="PT"/>
    <property name="test.tmp.dir" value="/home/alex/Repositories/hive/beeline/target/tmp"/>
    <property name="sun.boot.library.path" value="/usr/lib/jvm/java-8-openjdk-amd64/jre/lib/amd64"/>
    <property name="sun.java.command" value="/home/alex/Repositories/hive/beeline/target/surefire/surefirebooter5891414800053609515.jar /home/alex/Repositories/hive/beeline/target/surefire 2024-05-01T18-25-52_277-jvmRun1 surefire2251039699915983971tmp surefire_8725213620283477864274tmp"/>
    <property name="java.specification.vendor" value="Oracle Corporation"/>
    <property name="java.home" value="/usr/lib/jvm/java-8-openjdk-amd64/jre"/>
    <property name="file.separator" value="/"/>
    <property name="basedir" value="/home/alex/Repositories/hive/beeline"/>
    <property name="line.separator" value="&#10;"/>
    <property name="java.vm.specification.vendor" value="Oracle Corporation"/>
    <property name="java.specification.name" value="Java Platform API Specification"/>
    <property name="derby.stream.error.file" value="/home/alex/Repositories/hive/beeline/target/tmp/derby.log"/>
    <property name="log4j.debug" value="true"/>
    <property name="sun.boot.class.path" value="/usr/lib/jvm/java-8-openjdk-amd64/jre/lib/resources.jar:/usr/lib/jvm/java-8-openjdk-amd64/jre/lib/rt.jar:/usr/lib/jvm/java-8-openjdk-amd64/jre/lib/sunrsasign.jar:/usr/lib/jvm/java-8-openjdk-amd64/jre/lib/jsse.jar:/usr/lib/jvm/java-8-openjdk-amd64/jre/lib/jce.jar:/usr/lib/jvm/java-8-openjdk-amd64/jre/lib/charsets.jar:/usr/lib/jvm/java-8-openjdk-amd64/jre/lib/jfr.jar:/usr/lib/jvm/java-8-openjdk-amd64/jre/classes"/>
    <property name="sun.management.compiler" value="HotSpot 64-Bit Tiered Compilers"/>
    <property name="spark.home" value=""/>
    <property name="java.runtime.version" value="1.8.0_402-8u402-ga-2ubuntu1~22.04-b06"/>
    <property name="user.name" value="alex"/>
    <property name="test.src.tables" value=""/>
    <property name="file.encoding" value="UTF-8"/>
    <property name="yyy" value="5"/>
    <property name="qfile_regex" value=""/>
    <property name="hadoop.bin.path" value="/home/alex/Repositories/hive/beeline/../testutils/hadoop"/>
    <property name="localRepository" value="/home/alex/.m2/repository"/>
    <property name="build.dir" value="/home/alex/Repositories/hive/beeline/target"/>
    <property name="mapred.job.tracker" value="local"/>
    <property name="java.io.tmpdir" value="/home/alex/Repositories/hive/beeline/target/tmp"/>
    <property name="com.zaxxer.hikari.pool_number" value="3"/>
    <property name="java.version" value="1.8.0_402"/>
    <property name="hive.version" value="4.0.0-SNAPSHOT"/>
    <property name="java.vm.specification.name" value="Java Virtual Machine Specification"/>
    <property name="java.awt.printerjob" value="sun.print.PSPrinterJob"/>
    <property name="sun.os.patch.level" value="unknown"/>
    <property name="test.data.dir" value="/home/alex/Repositories/hive/beeline/../data/files"/>
    <property name="java.library.path" value="/usr/java/packages/lib/amd64:/usr/lib/x86_64-linux-gnu/jni:/lib/x86_64-linux-gnu:/usr/lib/x86_64-linux-gnu:/usr/lib/jni:/lib:/usr/lib"/>
    <property name="java.vendor" value="Private Build"/>
    <property name="java.specification.maintenance.version" value="5"/>
    <property name="sun.io.unicode.encoding" value="UnicodeLittle"/>
    <property name="xxx" value="5"/>
    <property name="initScript" value=""/>
    <property name="sun.desktop" value="gnome"/>
    <property name="calcite.enable.rexnode.digest.normalize" value="false"/>
    <property name="file.encoding.pkg" value="sun.io"/>
    <property name="log4j.configurationFile" value="file:///home/alex/Repositories/hive/beeline/target/testconf/hive-log4j2.properties"/>
    <property name="java.class.path" value="/home/alex/Repositories/hive/beeline/target/test-classes:/home/alex/Repositories/hive/beeline/target/classes:/home/alex/Repositories/hive/common/target/classes:/home/alex/Repositories/hive/classification/target/classes:/home/alex/Repositories/hive/storage-api/target/classes:/home/alex/Repositories/hive/standalone-metastore/metastore-common/target/classes:/home/alex/.m2/repository/com/github/ben-manes/caffeine/caffeine/2.8.4/caffeine-2.8.4.jar:/home/alex/.m2/repository/org/checkerframework/checker-qual/3.4.0/checker-qual-3.4.0.jar:/home/alex/.m2/repository/com/google/errorprone/error_prone_annotations/2.3.4/error_prone_annotations-2.3.4.jar:/home/alex/.m2/repository/com/google/guava/guava/19.0/guava-19.0.jar:/home/alex/.m2/repository/org/apache/commons/commons-lang3/3.9/commons-lang3-3.9.jar:/home/alex/.m2/repository/org/apache/commons/commons-math3/3.6.1/commons-math3-3.6.1.jar:/home/alex/.m2/repository/org/apache/orc/orc-core/1.6.9/orc-core-1.6.9.jar:/home/alex/.m2/repository/org/apache/orc/orc-shims/1.6.9/orc-shims-1.6.9.jar:/home/alex/.m2/repository/io/airlift/aircompressor/0.19/aircompressor-0.19.jar:/home/alex/.m2/repository/javax/xml/bind/jaxb-api/2.2.11/jaxb-api-2.2.11.jar:/home/alex/.m2/repository/org/jetbrains/annotations/17.0.0/annotations-17.0.0.jar:/home/alex/.m2/repository/org/threeten/threeten-extra/1.5.0/threeten-extra-1.5.0.jar:/home/alex/.m2/repository/javax/servlet/javax.servlet-api/3.1.0/javax.servlet-api-3.1.0.jar:/home/alex/.m2/repository/org/eclipse/jetty/jetty-http/9.3.27.v20190418/jetty-http-9.3.27.v20190418.jar:/home/alex/.m2/repository/org/eclipse/jetty/jetty-rewrite/9.3.27.v20190418/jetty-rewrite-9.3.27.v20190418.jar:/home/alex/.m2/repository/org/eclipse/jetty/jetty-client/9.3.27.v20190418/jetty-client-9.3.27.v20190418.jar:/home/alex/.m2/repository/org/eclipse/jetty/jetty-server/9.3.27.v20190418/jetty-server-9.3.27.v20190418.jar:/home/alex/.m2/repository/org/eclipse/jetty/jetty-io/9.3.27.v20190418/jetty-io-9.3.27.v20190418.jar:/home/alex/.m2/repository/org/eclipse/jetty/jetty-servlet/9.3.27.v20190418/jetty-servlet-9.3.27.v20190418.jar:/home/alex/.m2/repository/org/eclipse/jetty/jetty-security/9.3.27.v20190418/jetty-security-9.3.27.v20190418.jar:/home/alex/.m2/repository/org/eclipse/jetty/jetty-webapp/9.3.27.v20190418/jetty-webapp-9.3.27.v20190418.jar:/home/alex/.m2/repository/org/eclipse/jetty/jetty-xml/9.3.27.v20190418/jetty-xml-9.3.27.v20190418.jar:/home/alex/.m2/repository/joda-time/joda-time/2.9.9/joda-time-2.9.9.jar:/home/alex/.m2/repository/org/apache/logging/log4j/log4j-1.2-api/2.13.2/log4j-1.2-api-2.13.2.jar:/home/alex/.m2/repository/org/apache/logging/log4j/log4j-web/2.13.2/log4j-web-2.13.2.jar:/home/alex/.m2/repository/org/apache/commons/commons-compress/1.21/commons-compress-1.21.jar:/home/alex/.m2/repository/org/apache/ant/ant/1.9.1/ant-1.9.1.jar:/home/alex/.m2/repository/org/apache/ant/ant-launcher/1.9.1/ant-launcher-1.9.1.jar:/home/alex/.m2/repository/net/sf/jpam/jpam/1.1/jpam-1.1.jar:/home/alex/.m2/repository/com/tdunning/json/1.8/json-1.8.jar:/home/alex/.m2/repository/io/dropwizard/metrics/metrics-core/3.1.0/metrics-core-3.1.0.jar:/home/alex/.m2/repository/io/dropwizard/metrics/metrics-jvm/3.1.0/metrics-jvm-3.1.0.jar:/home/alex/.m2/repository/io/dropwizard/metrics/metrics-json/3.1.0/metrics-json-3.1.0.jar:/home/alex/.m2/repository/com/fasterxml/jackson/core/jackson-databind/2.12.0/jackson-databind-2.12.0.jar:/home/alex/.m2/repository/com/github/joshelser/dropwizard-metrics-hadoop-metrics2-reporter/0.1.2/dropwizard-metrics-hadoop-metrics2-reporter-0.1.2.jar:/home/alex/.m2/repository/javolution/javolution/5.5.1/javolution-5.5.1.jar:/home/alex/Repositories/hive/metastore/target/classes:/home/alex/Repositories/hive/serde/target/classes:/home/alex/.m2/repository/org/apache/arrow/arrow-vector/0.15.1/arrow-vector-0.15.1.jar:/home/alex/.m2/repository/org/apache/arrow/arrow-format/0.15.1/arrow-format-0.15.1.jar:/home/alex/.m2/repository/org/apache/arrow/arrow-memory/0.15.1/arrow-memory-0.15.1.jar:/home/alex/.m2/repository/com/google/flatbuffers/flatbuffers-java/1.9.0/flatbuffers-java-1.9.0.jar:/home/alex/.m2/repository/com/carrotsearch/hppc/0.7.2/hppc-0.7.2.jar:/home/alex/.m2/repository/com/github/davidmoten/flatbuffers-java/1.6.0.1/flatbuffers-java-1.6.0.1.jar:/home/alex/.m2/repository/org/apache/derby/derby/10.14.1.0/derby-10.14.1.0.jar:/home/alex/.m2/repository/org/antlr/antlr-runtime/3.5.2/antlr-runtime-3.5.2.jar:/home/alex/.m2/repository/org/apache/thrift/libfb303/0.9.3/libfb303-0.9.3.jar:/home/alex/Repositories/hive/shims/aggregator/target/classes:/home/alex/Repositories/hive/shims/common/target/classes:/home/alex/Repositories/hive/shims/0.23/target/classes:/home/alex/.m2/repository/org/apache/hadoop/hadoop-yarn-server-resourcemanager/3.1.0/hadoop-yarn-server-resourcemanager-3.1.0.jar:/home/alex/.m2/repository/org/eclipse/jetty/jetty-util-ajax/9.3.19.v20170502/jetty-util-ajax-9.3.19.v20170502.jar:/home/alex/.m2/repository/org/apache/hadoop/hadoop-yarn-server-common/3.1.0/hadoop-yarn-server-common-3.1.0.jar:/home/alex/.m2/repository/org/apache/geronimo/specs/geronimo-jcache_1.0_spec/1.0-alpha-1/geronimo-jcache_1.0_spec-1.0-alpha-1.jar:/home/alex/.m2/repository/org/ehcache/ehcache/3.3.1/ehcache-3.3.1.jar:/home/alex/.m2/repository/com/zaxxer/HikariCP-java7/2.4.12/HikariCP-java7-2.4.12.jar:/home/alex/.m2/repository/org/apache/hadoop/hadoop-yarn-server-applicationhistoryservice/3.1.0/hadoop-yarn-server-applicationhistoryservice-3.1.0.jar:/home/alex/.m2/repository/de/ruedigermoeller/fst/2.50/fst-2.50.jar:/home/alex/.m2/repository/com/cedarsoftware/java-util/1.9.0/java-util-1.9.0.jar:/home/alex/.m2/repository/com/cedarsoftware/json-io/2.5.1/json-io-2.5.1.jar:/home/alex/.m2/repository/org/apache/hadoop/hadoop-yarn-server-web-proxy/3.1.0/hadoop-yarn-server-web-proxy-3.1.0.jar:/home/alex/.m2/repository/org/fusesource/leveldbjni/leveldbjni-all/1.8/leveldbjni-all-1.8.jar:/home/alex/Repositories/hive/shims/scheduler/target/classes:/home/alex/Repositories/hive/jdbc/target/classes:/home/alex/Repositories/hive/llap-client/target/classes:/home/alex/Repositories/hive/llap-common/target/classes:/home/alex/.m2/repository/io/jsonwebtoken/jjwt-api/0.10.5/jjwt-api-0.10.5.jar:/home/alex/.m2/repository/io/jsonwebtoken/jjwt-impl/0.10.5/jjwt-impl-0.10.5.jar:/home/alex/.m2/repository/io/jsonwebtoken/jjwt-jackson/0.10.5/jjwt-jackson-0.10.5.jar:/home/alex/Repositories/hive/service-rpc/target/classes:/home/alex/.m2/repository/org/apache/httpcomponents/httpclient/4.5.13/httpclient-4.5.13.jar:/home/alex/.m2/repository/org/apache/httpcomponents/httpcore/4.4.13/httpcore-4.4.13.jar:/home/alex/.m2/repository/org/apache/zookeeper/zookeeper/3.5.5/zookeeper-3.5.5.jar:/home/alex/.m2/repository/org/apache/zookeeper/zookeeper-jute/3.5.5/zookeeper-jute-3.5.5.jar:/home/alex/.m2/repository/org/apache/yetus/audience-annotations/0.5.0/audience-annotations-0.5.0.jar:/home/alex/.m2/repository/org/apache/curator/curator-framework/4.2.0/curator-framework-4.2.0.jar:/home/alex/Repositories/hive/standalone-metastore/metastore-server/target/classes:/home/alex/.m2/repository/com/google/protobuf/protobuf-java/2.5.0/protobuf-java-2.5.0.jar:/home/alex/.m2/repository/com/zaxxer/HikariCP/2.6.1/HikariCP-2.6.1.jar:/home/alex/.m2/repository/org/apache/commons/commons-dbcp2/2.7.0/commons-dbcp2-2.7.0.jar:/home/alex/.m2/repository/org/apache/commons/commons-pool2/2.7.0/commons-pool2-2.7.0.jar:/home/alex/.m2/repository/commons-beanutils/commons-beanutils/1.9.4/commons-beanutils-1.9.4.jar:/home/alex/.m2/repository/org/apache/logging/log4j/log4j-core/2.13.2/log4j-core-2.13.2.jar:/home/alex/.m2/repository/org/datanucleus/datanucleus-api-jdo/5.2.4/datanucleus-api-jdo-5.2.4.jar:/home/alex/.m2/repository/org/datanucleus/datanucleus-core/5.2.4/datanucleus-core-5.2.4.jar:/home/alex/.m2/repository/org/datanucleus/datanucleus-rdbms/5.2.4/datanucleus-rdbms-5.2.4.jar:/home/alex/.m2/repository/org/datanucleus/javax.jdo/3.2.0-release/javax.jdo-3.2.0-release.jar:/home/alex/.m2/repository/javax/transaction/javax.transaction-api/1.3/javax.transaction-api-1.3.jar:/home/alex/.m2/repository/org/glassfish/corba/glassfish-corba-omgapi/4.2.2/glassfish-corba-omgapi-4.2.2.jar:/home/alex/.m2/repository/sqlline/sqlline/1.9.0/sqlline-1.9.0.jar:/home/alex/.m2/repository/org/jline/jline-terminal/3.12.1/jline-terminal-3.12.1.jar:/home/alex/.m2/repository/org/jline/jline-reader/3.12.1/jline-reader-3.12.1.jar:/home/alex/.m2/repository/org/jline/jline-terminal-jansi/3.12.1/jline-terminal-jansi-3.12.1.jar:/home/alex/.m2/repository/org/fusesource/jansi/jansi/1.18/jansi-1.18.jar:/home/alex/.m2/repository/org/jline/jline-terminal-jna/3.12.1/jline-terminal-jna-3.12.1.jar:/home/alex/.m2/repository/net/java/dev/jna/jna/5.3.1/jna-5.3.1.jar:/home/alex/.m2/repository/org/jline/jline-builtins/3.12.1/jline-builtins-3.12.1.jar:/home/alex/.m2/repository/org/jline/jline-style/3.12.1/jline-style-3.12.1.jar:/home/alex/.m2/repository/commons-logging/commons-logging/1.1.3/commons-logging-1.1.3.jar:/home/alex/.m2/repository/com/cronutils/cron-utils/9.1.3/cron-utils-9.1.3.jar:/home/alex/.m2/repository/org/glassfish/javax.el/3.0.0/javax.el-3.0.0.jar:/home/alex/.m2/repository/com/oracle/database/jdbc/ojdbc8/21.3.0.0/ojdbc8-21.3.0.0.jar:/home/alex/.m2/repository/mysql/mysql-connector-java/8.0.27/mysql-connector-java-8.0.27.jar:/home/alex/.m2/repository/com/microsoft/sqlserver/mssql-jdbc/6.2.1.jre8/mssql-jdbc-6.2.1.jre8.jar:/home/alex/.m2/repository/commons-cli/commons-cli/1.4/commons-cli-1.4.jar:/home/alex/.m2/repository/commons-io/commons-io/2.6/commons-io-2.6.jar:/home/alex/.m2/repository/com/fasterxml/jackson/core/jackson-core/2.12.0/jackson-core-2.12.0.jar:/home/alex/.m2/repository/jline/jline/2.14.6/jline-2.14.6.jar:/home/alex/.m2/repository/org/apache/hadoop/hadoop-common/3.1.0/hadoop-common-3.1.0.jar:/home/alex/.m2/repository/org/apache/hadoop/hadoop-annotations/3.1.0/hadoop-annotations-3.1.0.jar:/usr/lib/jvm/java-8-openjdk-amd64/jre/../lib/tools.jar:/home/alex/.m2/repository/commons-codec/commons-codec/1.15/commons-codec-1.15.jar:/home/alex/.m2/repository/commons-net/commons-net/3.6/commons-net-3.6.jar:/home/alex/.m2/repository/commons-collections/commons-collections/3.2.2/commons-collections-3.2.2.jar:/home/alex/.m2/repository/org/eclipse/jetty/jetty-util/9.3.27.v20190418/jetty-util-9.3.27.v20190418.jar:/home/alex/.m2/repository/javax/servlet/jsp/jsp-api/2.1/jsp-api-2.1.jar:/home/alex/.m2/repository/com/sun/jersey/jersey-core/1.19/jersey-core-1.19.jar:/home/alex/.m2/repository/javax/ws/rs/jsr311-api/1.1.1/jsr311-api-1.1.1.jar:/home/alex/.m2/repository/com/sun/jersey/jersey-servlet/1.19/jersey-servlet-1.19.jar:/home/alex/.m2/repository/com/sun/jersey/jersey-json/1.19/jersey-json-1.19.jar:/home/alex/.m2/repository/org/codehaus/jettison/jettison/1.1/jettison-1.1.jar:/home/alex/.m2/repository/com/sun/xml/bind/jaxb-impl/2.2.3-1/jaxb-impl-2.2.3-1.jar:/home/alex/.m2/repository/org/codehaus/jackson/jackson-core-asl/1.9.2/jackson-core-asl-1.9.2.jar:/home/alex/.m2/repository/org/codehaus/jackson/jackson-mapper-asl/1.9.2/jackson-mapper-asl-1.9.2.jar:/home/alex/.m2/repository/org/codehaus/jackson/jackson-jaxrs/1.9.2/jackson-jaxrs-1.9.2.jar:/home/alex/.m2/repository/org/codehaus/jackson/jackson-xc/1.9.2/jackson-xc-1.9.2.jar:/home/alex/.m2/repository/com/sun/jersey/jersey-server/1.19/jersey-server-1.19.jar:/home/alex/.m2/repository/commons-lang/commons-lang/2.6/commons-lang-2.6.jar:/home/alex/.m2/repository/org/apache/commons/commons-configuration2/2.1.1/commons-configuration2-2.1.1.jar:/home/alex/.m2/repository/org/apache/avro/avro/1.8.2/avro-1.8.2.jar:/home/alex/.m2/repository/com/thoughtworks/paranamer/paranamer/2.8/paranamer-2.8.jar:/home/alex/.m2/repository/org/xerial/snappy/snappy-java/1.1.4/snappy-java-1.1.4.jar:/home/alex/.m2/repository/org/tukaani/xz/1.5/xz-1.5.jar:/home/alex/.m2/repository/com/google/re2j/re2j/1.2/re2j-1.2.jar:/home/alex/.m2/repository/com/google/code/gson/gson/2.2.4/gson-2.2.4.jar:/home/alex/.m2/repository/org/apache/hadoop/hadoop-auth/3.1.0/hadoop-auth-3.1.0.jar:/home/alex/.m2/repository/com/nimbusds/nimbus-jose-jwt/4.41.1/nimbus-jose-jwt-4.41.1.jar:/home/alex/.m2/repository/com/github/stephenc/jcip/jcip-annotations/1.0-1/jcip-annotations-1.0-1.jar:/home/alex/.m2/repository/net/minidev/json-smart/2.3/json-smart-2.3.jar:/home/alex/.m2/repository/net/minidev/accessors-smart/1.2/accessors-smart-1.2.jar:/home/alex/.m2/repository/com/jcraft/jsch/0.1.54/jsch-0.1.54.jar:/home/alex/.m2/repository/com/google/code/findbugs/jsr305/3.0.0/jsr305-3.0.0.jar:/home/alex/.m2/repository/org/apache/htrace/htrace-core4/4.1.0-incubating/htrace-core4-4.1.0-incubating.jar:/home/alex/.m2/repository/org/apache/kerby/kerb-simplekdc/1.0.1/kerb-simplekdc-1.0.1.jar:/home/alex/.m2/repository/org/apache/kerby/kerb-client/1.0.1/kerb-client-1.0.1.jar:/home/alex/.m2/repository/org/apache/kerby/kerby-config/1.0.1/kerby-config-1.0.1.jar:/home/alex/.m2/repository/org/apache/kerby/kerb-core/1.0.1/kerb-core-1.0.1.jar:/home/alex/.m2/repository/org/apache/kerby/kerby-pkix/1.0.1/kerby-pkix-1.0.1.jar:/home/alex/.m2/repository/org/apache/kerby/kerby-asn1/1.0.1/kerby-asn1-1.0.1.jar:/home/alex/.m2/repository/org/apache/kerby/kerby-util/1.0.1/kerby-util-1.0.1.jar:/home/alex/.m2/repository/org/apache/kerby/kerb-common/1.0.1/kerb-common-1.0.1.jar:/home/alex/.m2/repository/org/apache/kerby/kerb-crypto/1.0.1/kerb-crypto-1.0.1.jar:/home/alex/.m2/repository/org/apache/kerby/kerb-util/1.0.1/kerb-util-1.0.1.jar:/home/alex/.m2/repository/org/apache/kerby/token-provider/1.0.1/token-provider-1.0.1.jar:/home/alex/.m2/repository/org/apache/kerby/kerb-admin/1.0.1/kerb-admin-1.0.1.jar:/home/alex/.m2/repository/org/apache/kerby/kerb-server/1.0.1/kerb-server-1.0.1.jar:/home/alex/.m2/repository/org/apache/kerby/kerb-identity/1.0.1/kerb-identity-1.0.1.jar:/home/alex/.m2/repository/org/apache/kerby/kerby-xdr/1.0.1/kerby-xdr-1.0.1.jar:/home/alex/.m2/repository/org/codehaus/woodstox/stax2-api/3.1.4/stax2-api-3.1.4.jar:/home/alex/.m2/repository/com/fasterxml/woodstox/woodstox-core/5.0.3/woodstox-core-5.0.3.jar:/home/alex/.m2/repository/org/apache/thrift/libthrift/0.14.1/libthrift-0.14.1.jar:/home/alex/.m2/repository/org/apache/tomcat/embed/tomcat-embed-core/8.5.46/tomcat-embed-core-8.5.46.jar:/home/alex/.m2/repository/org/apache/tomcat/tomcat-annotations-api/8.5.46/tomcat-annotations-api-8.5.46.jar:/home/alex/.m2/repository/javax/annotation/javax.annotation-api/1.3.2/javax.annotation-api-1.3.2.jar:/home/alex/.m2/repository/net/sf/supercsv/super-csv/2.2.0/super-csv-2.2.0.jar:/home/alex/.m2/repository/org/apache/logging/log4j/log4j-slf4j-impl/2.13.2/log4j-slf4j-impl-2.13.2.jar:/home/alex/.m2/repository/org/apache/logging/log4j/log4j-api/2.13.2/log4j-api-2.13.2.jar:/home/alex/Repositories/hive/ql/target/test-classes:/home/alex/.m2/repository/org/apache/atlas/atlas-client-v2/2.1.0/atlas-client-v2-2.1.0.jar:/home/alex/.m2/repository/cglib/cglib/2.2.2/cglib-2.2.2.jar:/home/alex/.m2/repository/asm/asm/3.3.1/asm-3.3.1.jar:/home/alex/.m2/repository/org/apache/atlas/atlas-client-common/2.1.0/atlas-client-common-2.1.0.jar:/home/alex/.m2/repository/com/sun/jersey/jersey-client/1.19/jersey-client-1.19.jar:/home/alex/.m2/repository/org/apache/atlas/atlas-intg/2.1.0/atlas-intg-2.1.0.jar:/home/alex/.m2/repository/commons-validator/commons-validator/1.6/commons-validator-1.6.jar:/home/alex/.m2/repository/commons-digester/commons-digester/1.8.1/commons-digester-1.8.1.jar:/home/alex/.m2/repository/com/fasterxml/jackson/jaxrs/jackson-jaxrs-base/2.12.0/jackson-jaxrs-base-2.12.0.jar:/home/alex/.m2/repository/com/fasterxml/jackson/jaxrs/jackson-jaxrs-json-provider/2.12.0/jackson-jaxrs-json-provider-2.12.0.jar:/home/alex/.m2/repository/javax/inject/javax.inject/1/javax.inject-1.jar:/home/alex/.m2/repository/org/springframework/spring-context/4.3.20.RELEASE/spring-context-4.3.20.RELEASE.jar:/home/alex/.m2/repository/org/springframework/spring-aop/4.3.20.RELEASE/spring-aop-4.3.20.RELEASE.jar:/home/alex/.m2/repository/org/springframework/spring-beans/4.3.20.RELEASE/spring-beans-4.3.20.RELEASE.jar:/home/alex/.m2/repository/org/springframework/spring-core/4.3.20.RELEASE/spring-core-4.3.20.RELEASE.jar:/home/alex/.m2/repository/org/springframework/spring-expression/4.3.20.RELEASE/spring-expression-4.3.20.RELEASE.jar:/home/alex/.m2/repository/commons-configuration/commons-configuration/1.10/commons-configuration-1.10.jar:/home/alex/Repositories/hive/vector-code-gen/target/classes:/home/alex/.m2/repository/org/apache/velocity/velocity/1.5/velocity-1.5.jar:/home/alex/.m2/repository/oro/oro/2.0.8/oro-2.0.8.jar:/home/alex/Repositories/hive/parser/target/classes:/home/alex/Repositories/hive/udf/target/classes:/home/alex/Repositories/hive/llap-tez/target/classes:/home/alex/Repositories/hive/spark-client/target/classes:/home/alex/.m2/repository/io/netty/netty-all/4.1.65.Final/netty-all-4.1.65.Final.jar:/home/alex/.m2/repository/com/fasterxml/jackson/module/jackson-module-scala_2.12/2.12.0/jackson-module-scala_2.12-2.12.0.jar:/home/alex/.m2/repository/org/scala-lang/scala-library/2.12.10/scala-library-2.12.10.jar:/home/alex/.m2/repository/org/apache/spark/spark-core_2.12/2.4.5/spark-core_2.12-2.4.5.jar:/home/alex/.m2/repository/com/twitter/chill_2.12/0.9.3/chill_2.12-0.9.3.jar:/home/alex/.m2/repository/com/twitter/chill-java/0.9.3/chill-java-0.9.3.jar:/home/alex/.m2/repository/org/apache/xbean/xbean-asm6-shaded/4.8/xbean-asm6-shaded-4.8.jar:/home/alex/.m2/repository/org/apache/hadoop/hadoop-client/3.1.0/hadoop-client-3.1.0.jar:/home/alex/.m2/repository/org/apache/hadoop/hadoop-mapreduce-client-jobclient/3.1.0/hadoop-mapreduce-client-jobclient-3.1.0.jar:/home/alex/.m2/repository/org/apache/hadoop/hadoop-mapreduce-client-common/3.1.0/hadoop-mapreduce-client-common-3.1.0.jar:/home/alex/.m2/repository/org/apache/spark/spark-launcher_2.12/2.4.5/spark-launcher_2.12-2.4.5.jar:/home/alex/.m2/repository/org/apache/spark/spark-kvstore_2.12/2.4.5/spark-kvstore_2.12-2.4.5.jar:/home/alex/.m2/repository/org/apache/spark/spark-network-common_2.12/2.4.5/spark-network-common_2.12-2.4.5.jar:/home/alex/.m2/repository/org/apache/spark/spark-network-shuffle_2.12/2.4.5/spark-network-shuffle_2.12-2.4.5.jar:/home/alex/.m2/repository/org/apache/spark/spark-unsafe_2.12/2.4.5/spark-unsafe_2.12-2.4.5.jar:/home/alex/.m2/repository/javax/activation/activation/1.1.1/activation-1.1.1.jar:/home/alex/.m2/repository/org/slf4j/jul-to-slf4j/1.7.16/jul-to-slf4j-1.7.16.jar:/home/alex/.m2/repository/org/slf4j/jcl-over-slf4j/1.7.16/jcl-over-slf4j-1.7.16.jar:/home/alex/.m2/repository/com/ning/compress-lzf/1.0.3/compress-lzf-1.0.3.jar:/home/alex/.m2/repository/org/roaringbitmap/RoaringBitmap/0.7.45/RoaringBitmap-0.7.45.jar:/home/alex/.m2/repository/org/roaringbitmap/shims/0.7.45/shims-0.7.45.jar:/home/alex/.m2/repository/org/json4s/json4s-jackson_2.12/3.5.3/json4s-jackson_2.12-3.5.3.jar:/home/alex/.m2/repository/org/json4s/json4s-core_2.12/3.5.3/json4s-core_2.12-3.5.3.jar:/home/alex/.m2/repository/org/json4s/json4s-ast_2.12/3.5.3/json4s-ast_2.12-3.5.3.jar:/home/alex/.m2/repository/org/json4s/json4s-scalap_2.12/3.5.3/json4s-scalap_2.12-3.5.3.jar:/home/alex/.m2/repository/org/scala-lang/modules/scala-xml_2.12/1.0.6/scala-xml_2.12-1.0.6.jar:/home/alex/.m2/repository/com/clearspring/analytics/stream/2.7.0/stream-2.7.0.jar:/home/alex/.m2/repository/io/dropwizard/metrics/metrics-graphite/3.1.5/metrics-graphite-3.1.5.jar:/home/alex/.m2/repository/net/razorvine/pyrolite/4.13/pyrolite-4.13.jar:/home/alex/.m2/repository/net/sf/py4j/py4j/0.10.7/py4j-0.10.7.jar:/home/alex/.m2/repository/org/apache/spark/spark-tags_2.12/2.4.5/spark-tags_2.12-2.4.5.jar:/home/alex/.m2/repository/org/apache/commons/commons-crypto/1.0.0/commons-crypto-1.0.0.jar:/home/alex/.m2/repository/org/spark-project/spark/unused/1.0.0/unused-1.0.0.jar:/home/alex/.m2/repository/org/apache/spark/spark-yarn_2.12/2.4.5/spark-yarn_2.12-2.4.5.jar:/home/alex/.m2/repository/com/amazonaws/secretsmanager/aws-secretsmanager-caching-java/1.0.1/aws-secretsmanager-caching-java-1.0.1.jar:/home/alex/.m2/repository/com/esotericsoftware/kryo/5.0.3/kryo-5.0.3.jar:/home/alex/.m2/repository/com/esotericsoftware/minlog/1.3.1/minlog-1.3.1.jar:/home/alex/.m2/repository/com/esotericsoftware/reflectasm/1.11.9/reflectasm-1.11.9.jar:/home/alex/.m2/repository/org/apache/parquet/parquet-hadoop-bundle/1.11.1/parquet-hadoop-bundle-1.11.1.jar:/home/alex/.m2/repository/org/apache/commons/commons-collections4/4.1/commons-collections4-4.1.jar:/home/alex/.m2/repository/org/apache/commons/commons-text/1.8/commons-text-1.8.jar:/home/alex/.m2/repository/org/antlr/ST4/4.0.4/ST4-4.0.4.jar:/home/alex/.m2/repository/org/apache/avro/avro-mapred/1.8.2/avro-mapred-1.8.2-hadoop2.jar:/home/alex/.m2/repository/org/apache/avro/avro-ipc/1.8.2/avro-ipc-1.8.2.jar:/home/alex/.m2/repository/org/mortbay/jetty/jetty/6.1.26/jetty-6.1.26.jar:/home/alex/.m2/repository/org/apache/hadoop/hadoop-yarn-registry/3.1.0/hadoop-yarn-registry-3.1.0.jar:/home/alex/.m2/repository/org/apache/hadoop/hadoop-yarn-api/3.1.0/hadoop-yarn-api-3.1.0.jar:/home/alex/.m2/repository/commons-daemon/commons-daemon/1.0.13/commons-daemon-1.0.13.jar:/home/alex/.m2/repository/dnsjava/dnsjava/2.1.7/dnsjava-2.1.7.jar:/home/alex/.m2/repository/org/apache/orc/orc-tools/1.6.9/orc-tools-1.6.9.jar:/home/alex/.m2/repository/com/opencsv/opencsv/3.9/opencsv-3.9.jar:/home/alex/.m2/repository/org/apache/hadoop/hadoop-hdfs/3.1.0/hadoop-hdfs-3.1.0.jar:/home/alex/.m2/repository/org/threeten/threetenbp/1.3.5/threetenbp-1.3.5.jar:/home/alex/.m2/repository/org/apache/ivy/ivy/2.4.0/ivy-2.4.0.jar:/home/alex/.m2/repository/org/apache/datasketches/datasketches-hive/1.1.0-incubating/datasketches-hive-1.1.0-incubating.jar:/home/alex/.m2/repository/org/apache/datasketches/datasketches-java/1.3.0-incubating/datasketches-java-1.3.0-incubating.jar:/home/alex/.m2/repository/org/apache/datasketches/datasketches-memory/1.2.0-incubating/datasketches-memory-1.2.0-incubating.jar:/home/alex/.m2/repository/org/slf4j/slf4j-simple/1.7.27/slf4j-simple-1.7.27.jar:/home/alex/.m2/repository/org/codehaus/groovy/groovy-all/2.4.11/groovy-all-2.4.11.jar:/home/alex/.m2/repository/org/jodd/jodd-util/6.0.0/jodd-util-6.0.0.jar:/home/alex/.m2/repository/com/fasterxml/jackson/core/jackson-annotations/2.12.0/jackson-annotations-2.12.0.jar:/home/alex/.m2/repository/com/fasterxml/jackson/dataformat/jackson-dataformat-yaml/2.12.0/jackson-dataformat-yaml-2.12.0.jar:/home/alex/.m2/repository/org/yaml/snakeyaml/1.27/snakeyaml-1.27.jar:/home/alex/.m2/repository/org/apache/calcite/calcite-core/1.25.0/calcite-core-1.25.0.jar:/home/alex/.m2/repository/org/apache/calcite/calcite-linq4j/1.25.0/calcite-linq4j-1.25.0.jar:/home/alex/.m2/repository/com/esri/geometry/esri-geometry-api/2.2.0/esri-geometry-api-2.2.0.jar:/home/alex/.m2/repository/com/yahoo/datasketches/sketches-core/0.9.0/sketches-core-0.9.0.jar:/home/alex/.m2/repository/com/yahoo/datasketches/memory/0.9.0/memory-0.9.0.jar:/home/alex/.m2/repository/org/apache/calcite/calcite-druid/1.25.0/calcite-druid-1.25.0.jar:/home/alex/.m2/repository/org/apache/calcite/avatica/avatica/1.12.0/avatica-1.12.0.jar:/home/alex/.m2/repository/com/googlecode/javaewah/JavaEWAH/0.3.2/JavaEWAH-0.3.2.jar:/home/alex/.m2/repository/stax/stax-api/1.0.1/stax-api-1.0.1.jar:/home/alex/.m2/repository/net/sf/opencsv/opencsv/2.3/opencsv-2.3.jar:/home/alex/.m2/repository/org/reflections/reflections/0.9.10/reflections-0.9.10.jar:/home/alex/.m2/repository/org/javassist/javassist/3.19.0-GA/javassist-3.19.0-GA.jar:/home/alex/.m2/repository/com/jayway/jsonpath/json-path/2.4.0/json-path-2.4.0.jar:/home/alex/.m2/repository/org/codehaus/janino/commons-compiler/3.0.11/commons-compiler-3.0.11.jar:/home/alex/.m2/repository/org/codehaus/janino/janino/3.0.11/janino-3.0.11.jar:/home/alex/.m2/repository/com/sun/jersey/contribs/jersey-multipart/1.19/jersey-multipart-1.19.jar:/home/alex/.m2/repository/org/jvnet/mimepull/mimepull/1.9.3/mimepull-1.9.3.jar:/home/alex/.m2/repository/org/apache/kafka/kafka-clients/2.5.0/kafka-clients-2.5.0.jar:/home/alex/.m2/repository/com/github/luben/zstd-jni/1.4.4-7/zstd-jni-1.4.4-7.jar:/home/alex/.m2/repository/org/lz4/lz4-java/1.7.1/lz4-java-1.7.1.jar:/home/alex/Repositories/hive/service/target/classes:/home/alex/Repositories/hive/ql/target/classes:/home/alex/Repositories/hive/llap-server/target/classes:/home/alex/.m2/repository/com/lmax/disruptor/3.3.7/disruptor-3.3.7.jar:/home/alex/Repositories/hive/llap-common/target/test-classes:/home/alex/Repositories/hive/hplsql/target/classes:/home/alex/.m2/repository/org/antlr/antlr4-runtime/4.5/antlr4-runtime-4.5.jar:/home/alex/.m2/repository/org/abego/treelayout/org.abego.treelayout.core/1.0.1/org.abego.treelayout.core-1.0.1.jar:/home/alex/.m2/repository/javax/servlet/jsp/javax.servlet.jsp-api/2.3.1/javax.servlet.jsp-api-2.3.1.jar:/home/alex/.m2/repository/org/eclipse/jetty/jetty-runner/9.3.27.v20190418/jetty-runner-9.3.27.v20190418.jar:/home/alex/.m2/repository/org/eclipse/jetty/jetty-plus/9.3.27.v20190418/jetty-plus-9.3.27.v20190418.jar:/home/alex/.m2/repository/org/eclipse/jetty/jetty-annotations/9.3.27.v20190418/jetty-annotations-9.3.27.v20190418.jar:/home/alex/.m2/repository/org/ow2/asm/asm/6.0/asm-6.0.jar:/home/alex/.m2/repository/org/ow2/asm/asm-commons/6.0/asm-commons-6.0.jar:/home/alex/.m2/repository/org/ow2/asm/asm-tree/6.0/asm-tree-6.0.jar:/home/alex/.m2/repository/org/eclipse/jetty/jetty-jaas/9.3.27.v20190418/jetty-jaas-9.3.27.v20190418.jar:/home/alex/.m2/repository/org/eclipse/jetty/websocket/websocket-server/9.3.27.v20190418/websocket-server-9.3.27.v20190418.jar:/home/alex/.m2/repository/org/eclipse/jetty/websocket/websocket-common/9.3.27.v20190418/websocket-common-9.3.27.v20190418.jar:/home/alex/.m2/repository/org/eclipse/jetty/websocket/websocket-api/9.3.27.v20190418/websocket-api-9.3.27.v20190418.jar:/home/alex/.m2/repository/org/eclipse/jetty/websocket/websocket-client/9.3.27.v20190418/websocket-client-9.3.27.v20190418.jar:/home/alex/.m2/repository/org/eclipse/jetty/websocket/websocket-servlet/9.3.27.v20190418/websocket-servlet-9.3.27.v20190418.jar:/home/alex/.m2/repository/org/eclipse/jetty/jetty-jndi/9.3.27.v20190418/jetty-jndi-9.3.27.v20190418.jar:/home/alex/.m2/repository/org/eclipse/jetty/apache-jsp/9.3.27.v20190418/apache-jsp-9.3.27.v20190418.jar:/home/alex/.m2/repository/org/eclipse/jetty/toolchain/jetty-schemas/3.1/jetty-schemas-3.1.jar:/home/alex/.m2/repository/org/eclipse/jdt/core/compiler/ecj/4.4.2/ecj-4.4.2.jar:/home/alex/.m2/repository/org/eclipse/jetty/apache-jstl/9.3.27.v20190418/apache-jstl-9.3.27.v20190418.jar:/home/alex/.m2/repository/org/apache/taglibs/taglibs-standard-spec/1.2.5/taglibs-standard-spec-1.2.5.jar:/home/alex/.m2/repository/org/apache/taglibs/taglibs-standard-impl/1.2.5/taglibs-standard-impl-1.2.5.jar:/home/alex/.m2/repository/org/apache/curator/curator-client/4.2.0/curator-client-4.2.0.jar:/home/alex/.m2/repository/org/apache/curator/curator-recipes/4.2.0/curator-recipes-4.2.0.jar:/home/alex/.m2/repository/org/pac4j/pac4j-saml-opensamlv3/4.0.3/pac4j-saml-opensamlv3-4.0.3.jar:/home/alex/.m2/repository/org/pac4j/pac4j-core/4.0.3/pac4j-core-4.0.3.jar:/home/alex/.m2/repository/org/opensaml/opensaml-core/3.4.5/opensaml-core-3.4.5.jar:/home/alex/.m2/repository/net/shibboleth/utilities/java-support/7.5.1/java-support-7.5.1.jar:/home/alex/.m2/repository/org/opensaml/opensaml-saml-api/3.4.5/opensaml-saml-api-3.4.5.jar:/home/alex/.m2/repository/org/opensaml/opensaml-storage-api/3.4.5/opensaml-storage-api-3.4.5.jar:/home/alex/.m2/repository/org/opensaml/opensaml-saml-impl/3.4.5/opensaml-saml-impl-3.4.5.jar:/home/alex/.m2/repository/org/opensaml/opensaml-soap-impl/3.4.5/opensaml-soap-impl-3.4.5.jar:/home/alex/.m2/repository/org/opensaml/opensaml-soap-api/3.4.5/opensaml-soap-api-3.4.5.jar:/home/alex/.m2/repository/org/opensaml/opensaml-xmlsec-api/3.4.5/opensaml-xmlsec-api-3.4.5.jar:/home/alex/.m2/repository/org/opensaml/opensaml-security-api/3.4.5/opensaml-security-api-3.4.5.jar:/home/alex/.m2/repository/org/opensaml/opensaml-security-impl/3.4.5/opensaml-security-impl-3.4.5.jar:/home/alex/.m2/repository/org/opensaml/opensaml-profile-api/3.4.5/opensaml-profile-api-3.4.5.jar:/home/alex/.m2/repository/org/opensaml/opensaml-profile-impl/3.4.5/opensaml-profile-impl-3.4.5.jar:/home/alex/.m2/repository/org/opensaml/opensaml-messaging-api/3.4.5/opensaml-messaging-api-3.4.5.jar:/home/alex/.m2/repository/org/opensaml/opensaml-messaging-impl/3.4.5/opensaml-messaging-impl-3.4.5.jar:/home/alex/.m2/repository/org/opensaml/opensaml-storage-impl/3.4.5/opensaml-storage-impl-3.4.5.jar:/home/alex/.m2/repository/org/ldaptive/ldaptive/1.0.13/ldaptive-1.0.13.jar:/home/alex/.m2/repository/javax/json/javax.json-api/1.0/javax.json-api-1.0.jar:/home/alex/.m2/repository/net/spy/spymemcached/2.12.3/spymemcached-2.12.3.jar:/home/alex/.m2/repository/org/glassfish/javax.json/1.0.4/javax.json-1.0.4.jar:/home/alex/.m2/repository/org/opensaml/opensaml-xmlsec-impl/3.4.5/opensaml-xmlsec-impl-3.4.5.jar:/home/alex/.m2/repository/org/cryptacular/cryptacular/1.2.4/cryptacular-1.2.4.jar:/home/alex/.m2/repository/net/shibboleth/tool/xmlsectool/2.0.0/xmlsectool-2.0.0.jar:/home/alex/.m2/repository/com/beust/jcommander/1.48/jcommander-1.48.jar:/home/alex/.m2/repository/org/bouncycastle/bcprov-jdk15on/1.64/bcprov-jdk15on-1.64.jar:/home/alex/.m2/repository/org/apache/santuario/xmlsec/2.2.1/xmlsec-2.2.1.jar:/home/alex/.m2/repository/org/jamon/jamon-runtime/2.3.1/jamon-runtime-2.3.1.jar:/home/alex/.m2/repository/org/apache/hadoop/hadoop-mapreduce-client-core/3.1.0/hadoop-mapreduce-client-core-3.1.0.jar:/home/alex/.m2/repository/org/apache/hadoop/hadoop-yarn-client/3.1.0/hadoop-yarn-client-3.1.0.jar:/home/alex/.m2/repository/org/apache/hadoop/hadoop-yarn-common/3.1.0/hadoop-yarn-common-3.1.0.jar:/home/alex/.m2/repository/com/google/inject/guice/4.0/guice-4.0.jar:/home/alex/.m2/repository/aopalliance/aopalliance/1.0/aopalliance-1.0.jar:/home/alex/.m2/repository/com/sun/jersey/contribs/jersey-guice/1.19/jersey-guice-1.19.jar:/home/alex/.m2/repository/com/fasterxml/jackson/module/jackson-module-jaxb-annotations/2.12.0/jackson-module-jaxb-annotations-2.12.0.jar:/home/alex/.m2/repository/jakarta/xml/bind/jakarta.xml.bind-api/2.3.2/jakarta.xml.bind-api-2.3.2.jar:/home/alex/.m2/repository/jakarta/activation/jakarta.activation-api/1.2.1/jakarta.activation-api-1.2.1.jar:/home/alex/.m2/repository/org/apache/hadoop/hadoop-hdfs-client/3.1.0/hadoop-hdfs-client-3.1.0.jar:/home/alex/.m2/repository/com/squareup/okhttp/okhttp/2.7.5/okhttp-2.7.5.jar:/home/alex/.m2/repository/com/squareup/okio/okio/1.6.0/okio-1.6.0.jar:/home/alex/.m2/repository/com/google/inject/extensions/guice-servlet/4.0/guice-servlet-4.0.jar:/home/alex/.m2/repository/junit/junit/4.13/junit-4.13.jar:/home/alex/.m2/repository/org/hamcrest/hamcrest-core/1.3/hamcrest-core-1.3.jar:/home/alex/.m2/repository/org/junit/jupiter/junit-jupiter-engine/5.6.2/junit-jupiter-engine-5.6.2.jar:/home/alex/.m2/repository/org/apiguardian/apiguardian-api/1.1.0/apiguardian-api-1.1.0.jar:/home/alex/.m2/repository/org/junit/platform/junit-platform-engine/1.6.2/junit-platform-engine-1.6.2.jar:/home/alex/.m2/repository/org/opentest4j/opentest4j/1.2.0/opentest4j-1.2.0.jar:/home/alex/.m2/repository/org/junit/platform/junit-platform-commons/1.6.2/junit-platform-commons-1.6.2.jar:/home/alex/.m2/repository/org/junit/jupiter/junit-jupiter-api/5.6.2/junit-jupiter-api-5.6.2.jar:/home/alex/.m2/repository/org/junit/vintage/junit-vintage-engine/5.6.2/junit-vintage-engine-5.6.2.jar:/home/alex/.m2/repository/org/powermock/powermock-module-junit4/2.0.2/powermock-module-junit4-2.0.2.jar:/home/alex/.m2/repository/org/powermock/powermock-module-junit4-common/2.0.2/powermock-module-junit4-common-2.0.2.jar:/home/alex/.m2/repository/org/powermock/powermock-reflect/2.0.2/powermock-reflect-2.0.2.jar:/home/alex/.m2/repository/org/powermock/powermock-core/2.0.2/powermock-core-2.0.2.jar:/home/alex/.m2/repository/org/powermock/powermock-api-mockito2/2.0.2/powermock-api-mockito2-2.0.2.jar:/home/alex/.m2/repository/org/powermock/powermock-api-support/2.0.2/powermock-api-support-2.0.2.jar:/home/alex/.m2/repository/org/postgresql/postgresql/42.2.14/postgresql-42.2.14.jar:/home/alex/.m2/repository/org/slf4j/slf4j-api/1.7.30/slf4j-api-1.7.30.jar:/home/alex/.m2/repository/org/mockito/mockito-core/3.4.4/mockito-core-3.4.4.jar:/home/alex/.m2/repository/net/bytebuddy/byte-buddy/1.10.13/byte-buddy-1.10.13.jar:/home/alex/.m2/repository/net/bytebuddy/byte-buddy-agent/1.10.13/byte-buddy-agent-1.10.13.jar:/home/alex/.m2/repository/org/objenesis/objenesis/2.6/objenesis-2.6.jar:/home/alex/Repositories/hive/beeline/target/testconf:/home/alex/Repositories/hive/beeline/../conf:"/>
    <property name="java.vm.vendor" value="Private Build"/>
    <property name="hadoop.version" value="3.1.0"/>
    <property name="user.timezone" value="US/Pacific"/>
    <property name="test.local.warehouse.dir" value="pfile:///home/alex/Repositories/hive/beeline/target/localfs/warehouse"/>
    <property name="os.name" value="Linux"/>
    <property name="java.vm.specification.version" value="1.8"/>
    <property name="test.build.data" value="/home/alex/Repositories/hive/beeline/target/tmp"/>
    <property name="clustermode" value=""/>
    <property name="sun.java.launcher" value="SUN_STANDARD"/>
    <property name="user.country" value="US"/>
    <property name="test.data.files" value="/home/alex/Repositories/hive/beeline/../data/files"/>
    <property name="surefire.test.class.path" value="/home/alex/Repositories/hive/beeline/target/test-classes:/home/alex/Repositories/hive/beeline/target/classes:/home/alex/Repositories/hive/common/target/classes:/home/alex/Repositories/hive/classification/target/classes:/home/alex/Repositories/hive/storage-api/target/classes:/home/alex/Repositories/hive/standalone-metastore/metastore-common/target/classes:/home/alex/.m2/repository/com/github/ben-manes/caffeine/caffeine/2.8.4/caffeine-2.8.4.jar:/home/alex/.m2/repository/org/checkerframework/checker-qual/3.4.0/checker-qual-3.4.0.jar:/home/alex/.m2/repository/com/google/errorprone/error_prone_annotations/2.3.4/error_prone_annotations-2.3.4.jar:/home/alex/.m2/repository/com/google/guava/guava/19.0/guava-19.0.jar:/home/alex/.m2/repository/org/apache/commons/commons-lang3/3.9/commons-lang3-3.9.jar:/home/alex/.m2/repository/org/apache/commons/commons-math3/3.6.1/commons-math3-3.6.1.jar:/home/alex/.m2/repository/org/apache/orc/orc-core/1.6.9/orc-core-1.6.9.jar:/home/alex/.m2/repository/org/apache/orc/orc-shims/1.6.9/orc-shims-1.6.9.jar:/home/alex/.m2/repository/io/airlift/aircompressor/0.19/aircompressor-0.19.jar:/home/alex/.m2/repository/javax/xml/bind/jaxb-api/2.2.11/jaxb-api-2.2.11.jar:/home/alex/.m2/repository/org/jetbrains/annotations/17.0.0/annotations-17.0.0.jar:/home/alex/.m2/repository/org/threeten/threeten-extra/1.5.0/threeten-extra-1.5.0.jar:/home/alex/.m2/repository/javax/servlet/javax.servlet-api/3.1.0/javax.servlet-api-3.1.0.jar:/home/alex/.m2/repository/org/eclipse/jetty/jetty-http/9.3.27.v20190418/jetty-http-9.3.27.v20190418.jar:/home/alex/.m2/repository/org/eclipse/jetty/jetty-rewrite/9.3.27.v20190418/jetty-rewrite-9.3.27.v20190418.jar:/home/alex/.m2/repository/org/eclipse/jetty/jetty-client/9.3.27.v20190418/jetty-client-9.3.27.v20190418.jar:/home/alex/.m2/repository/org/eclipse/jetty/jetty-server/9.3.27.v20190418/jetty-server-9.3.27.v20190418.jar:/home/alex/.m2/repository/org/eclipse/jetty/jetty-io/9.3.27.v20190418/jetty-io-9.3.27.v20190418.jar:/home/alex/.m2/repository/org/eclipse/jetty/jetty-servlet/9.3.27.v20190418/jetty-servlet-9.3.27.v20190418.jar:/home/alex/.m2/repository/org/eclipse/jetty/jetty-security/9.3.27.v20190418/jetty-security-9.3.27.v20190418.jar:/home/alex/.m2/repository/org/eclipse/jetty/jetty-webapp/9.3.27.v20190418/jetty-webapp-9.3.27.v20190418.jar:/home/alex/.m2/repository/org/eclipse/jetty/jetty-xml/9.3.27.v20190418/jetty-xml-9.3.27.v20190418.jar:/home/alex/.m2/repository/joda-time/joda-time/2.9.9/joda-time-2.9.9.jar:/home/alex/.m2/repository/org/apache/logging/log4j/log4j-1.2-api/2.13.2/log4j-1.2-api-2.13.2.jar:/home/alex/.m2/repository/org/apache/logging/log4j/log4j-web/2.13.2/log4j-web-2.13.2.jar:/home/alex/.m2/repository/org/apache/commons/commons-compress/1.21/commons-compress-1.21.jar:/home/alex/.m2/repository/org/apache/ant/ant/1.9.1/ant-1.9.1.jar:/home/alex/.m2/repository/org/apache/ant/ant-launcher/1.9.1/ant-launcher-1.9.1.jar:/home/alex/.m2/repository/net/sf/jpam/jpam/1.1/jpam-1.1.jar:/home/alex/.m2/repository/com/tdunning/json/1.8/json-1.8.jar:/home/alex/.m2/repository/io/dropwizard/metrics/metrics-core/3.1.0/metrics-core-3.1.0.jar:/home/alex/.m2/repository/io/dropwizard/metrics/metrics-jvm/3.1.0/metrics-jvm-3.1.0.jar:/home/alex/.m2/repository/io/dropwizard/metrics/metrics-json/3.1.0/metrics-json-3.1.0.jar:/home/alex/.m2/repository/com/fasterxml/jackson/core/jackson-databind/2.12.0/jackson-databind-2.12.0.jar:/home/alex/.m2/repository/com/github/joshelser/dropwizard-metrics-hadoop-metrics2-reporter/0.1.2/dropwizard-metrics-hadoop-metrics2-reporter-0.1.2.jar:/home/alex/.m2/repository/javolution/javolution/5.5.1/javolution-5.5.1.jar:/home/alex/Repositories/hive/metastore/target/classes:/home/alex/Repositories/hive/serde/target/classes:/home/alex/.m2/repository/org/apache/arrow/arrow-vector/0.15.1/arrow-vector-0.15.1.jar:/home/alex/.m2/repository/org/apache/arrow/arrow-format/0.15.1/arrow-format-0.15.1.jar:/home/alex/.m2/repository/org/apache/arrow/arrow-memory/0.15.1/arrow-memory-0.15.1.jar:/home/alex/.m2/repository/com/google/flatbuffers/flatbuffers-java/1.9.0/flatbuffers-java-1.9.0.jar:/home/alex/.m2/repository/com/carrotsearch/hppc/0.7.2/hppc-0.7.2.jar:/home/alex/.m2/repository/com/github/davidmoten/flatbuffers-java/1.6.0.1/flatbuffers-java-1.6.0.1.jar:/home/alex/.m2/repository/org/apache/derby/derby/10.14.1.0/derby-10.14.1.0.jar:/home/alex/.m2/repository/org/antlr/antlr-runtime/3.5.2/antlr-runtime-3.5.2.jar:/home/alex/.m2/repository/org/apache/thrift/libfb303/0.9.3/libfb303-0.9.3.jar:/home/alex/Repositories/hive/shims/aggregator/target/classes:/home/alex/Repositories/hive/shims/common/target/classes:/home/alex/Repositories/hive/shims/0.23/target/classes:/home/alex/.m2/repository/org/apache/hadoop/hadoop-yarn-server-resourcemanager/3.1.0/hadoop-yarn-server-resourcemanager-3.1.0.jar:/home/alex/.m2/repository/org/eclipse/jetty/jetty-util-ajax/9.3.19.v20170502/jetty-util-ajax-9.3.19.v20170502.jar:/home/alex/.m2/repository/org/apache/hadoop/hadoop-yarn-server-common/3.1.0/hadoop-yarn-server-common-3.1.0.jar:/home/alex/.m2/repository/org/apache/geronimo/specs/geronimo-jcache_1.0_spec/1.0-alpha-1/geronimo-jcache_1.0_spec-1.0-alpha-1.jar:/home/alex/.m2/repository/org/ehcache/ehcache/3.3.1/ehcache-3.3.1.jar:/home/alex/.m2/repository/com/zaxxer/HikariCP-java7/2.4.12/HikariCP-java7-2.4.12.jar:/home/alex/.m2/repository/org/apache/hadoop/hadoop-yarn-server-applicationhistoryservice/3.1.0/hadoop-yarn-server-applicationhistoryservice-3.1.0.jar:/home/alex/.m2/repository/de/ruedigermoeller/fst/2.50/fst-2.50.jar:/home/alex/.m2/repository/com/cedarsoftware/java-util/1.9.0/java-util-1.9.0.jar:/home/alex/.m2/repository/com/cedarsoftware/json-io/2.5.1/json-io-2.5.1.jar:/home/alex/.m2/repository/org/apache/hadoop/hadoop-yarn-server-web-proxy/3.1.0/hadoop-yarn-server-web-proxy-3.1.0.jar:/home/alex/.m2/repository/org/fusesource/leveldbjni/leveldbjni-all/1.8/leveldbjni-all-1.8.jar:/home/alex/Repositories/hive/shims/scheduler/target/classes:/home/alex/Repositories/hive/jdbc/target/classes:/home/alex/Repositories/hive/llap-client/target/classes:/home/alex/Repositories/hive/llap-common/target/classes:/home/alex/.m2/repository/io/jsonwebtoken/jjwt-api/0.10.5/jjwt-api-0.10.5.jar:/home/alex/.m2/repository/io/jsonwebtoken/jjwt-impl/0.10.5/jjwt-impl-0.10.5.jar:/home/alex/.m2/repository/io/jsonwebtoken/jjwt-jackson/0.10.5/jjwt-jackson-0.10.5.jar:/home/alex/Repositories/hive/service-rpc/target/classes:/home/alex/.m2/repository/org/apache/httpcomponents/httpclient/4.5.13/httpclient-4.5.13.jar:/home/alex/.m2/repository/org/apache/httpcomponents/httpcore/4.4.13/httpcore-4.4.13.jar:/home/alex/.m2/repository/org/apache/zookeeper/zookeeper/3.5.5/zookeeper-3.5.5.jar:/home/alex/.m2/repository/org/apache/zookeeper/zookeeper-jute/3.5.5/zookeeper-jute-3.5.5.jar:/home/alex/.m2/repository/org/apache/yetus/audience-annotations/0.5.0/audience-annotations-0.5.0.jar:/home/alex/.m2/repository/org/apache/curator/curator-framework/4.2.0/curator-framework-4.2.0.jar:/home/alex/Repositories/hive/standalone-metastore/metastore-server/target/classes:/home/alex/.m2/repository/com/google/protobuf/protobuf-java/2.5.0/protobuf-java-2.5.0.jar:/home/alex/.m2/repository/com/zaxxer/HikariCP/2.6.1/HikariCP-2.6.1.jar:/home/alex/.m2/repository/org/apache/commons/commons-dbcp2/2.7.0/commons-dbcp2-2.7.0.jar:/home/alex/.m2/repository/org/apache/commons/commons-pool2/2.7.0/commons-pool2-2.7.0.jar:/home/alex/.m2/repository/commons-beanutils/commons-beanutils/1.9.4/commons-beanutils-1.9.4.jar:/home/alex/.m2/repository/org/apache/logging/log4j/log4j-core/2.13.2/log4j-core-2.13.2.jar:/home/alex/.m2/repository/org/datanucleus/datanucleus-api-jdo/5.2.4/datanucleus-api-jdo-5.2.4.jar:/home/alex/.m2/repository/org/datanucleus/datanucleus-core/5.2.4/datanucleus-core-5.2.4.jar:/home/alex/.m2/repository/org/datanucleus/datanucleus-rdbms/5.2.4/datanucleus-rdbms-5.2.4.jar:/home/alex/.m2/repository/org/datanucleus/javax.jdo/3.2.0-release/javax.jdo-3.2.0-release.jar:/home/alex/.m2/repository/javax/transaction/javax.transaction-api/1.3/javax.transaction-api-1.3.jar:/home/alex/.m2/repository/org/glassfish/corba/glassfish-corba-omgapi/4.2.2/glassfish-corba-omgapi-4.2.2.jar:/home/alex/.m2/repository/sqlline/sqlline/1.9.0/sqlline-1.9.0.jar:/home/alex/.m2/repository/org/jline/jline-terminal/3.12.1/jline-terminal-3.12.1.jar:/home/alex/.m2/repository/org/jline/jline-reader/3.12.1/jline-reader-3.12.1.jar:/home/alex/.m2/repository/org/jline/jline-terminal-jansi/3.12.1/jline-terminal-jansi-3.12.1.jar:/home/alex/.m2/repository/org/fusesource/jansi/jansi/1.18/jansi-1.18.jar:/home/alex/.m2/repository/org/jline/jline-terminal-jna/3.12.1/jline-terminal-jna-3.12.1.jar:/home/alex/.m2/repository/net/java/dev/jna/jna/5.3.1/jna-5.3.1.jar:/home/alex/.m2/repository/org/jline/jline-builtins/3.12.1/jline-builtins-3.12.1.jar:/home/alex/.m2/repository/org/jline/jline-style/3.12.1/jline-style-3.12.1.jar:/home/alex/.m2/repository/commons-logging/commons-logging/1.1.3/commons-logging-1.1.3.jar:/home/alex/.m2/repository/com/cronutils/cron-utils/9.1.3/cron-utils-9.1.3.jar:/home/alex/.m2/repository/org/glassfish/javax.el/3.0.0/javax.el-3.0.0.jar:/home/alex/.m2/repository/com/oracle/database/jdbc/ojdbc8/21.3.0.0/ojdbc8-21.3.0.0.jar:/home/alex/.m2/repository/mysql/mysql-connector-java/8.0.27/mysql-connector-java-8.0.27.jar:/home/alex/.m2/repository/com/microsoft/sqlserver/mssql-jdbc/6.2.1.jre8/mssql-jdbc-6.2.1.jre8.jar:/home/alex/.m2/repository/commons-cli/commons-cli/1.4/commons-cli-1.4.jar:/home/alex/.m2/repository/commons-io/commons-io/2.6/commons-io-2.6.jar:/home/alex/.m2/repository/com/fasterxml/jackson/core/jackson-core/2.12.0/jackson-core-2.12.0.jar:/home/alex/.m2/repository/jline/jline/2.14.6/jline-2.14.6.jar:/home/alex/.m2/repository/org/apache/hadoop/hadoop-common/3.1.0/hadoop-common-3.1.0.jar:/home/alex/.m2/repository/org/apache/hadoop/hadoop-annotations/3.1.0/hadoop-annotations-3.1.0.jar:/usr/lib/jvm/java-8-openjdk-amd64/jre/../lib/tools.jar:/home/alex/.m2/repository/commons-codec/commons-codec/1.15/commons-codec-1.15.jar:/home/alex/.m2/repository/commons-net/commons-net/3.6/commons-net-3.6.jar:/home/alex/.m2/repository/commons-collections/commons-collections/3.2.2/commons-collections-3.2.2.jar:/home/alex/.m2/repository/org/eclipse/jetty/jetty-util/9.3.27.v20190418/jetty-util-9.3.27.v20190418.jar:/home/alex/.m2/repository/javax/servlet/jsp/jsp-api/2.1/jsp-api-2.1.jar:/home/alex/.m2/repository/com/sun/jersey/jersey-core/1.19/jersey-core-1.19.jar:/home/alex/.m2/repository/javax/ws/rs/jsr311-api/1.1.1/jsr311-api-1.1.1.jar:/home/alex/.m2/repository/com/sun/jersey/jersey-servlet/1.19/jersey-servlet-1.19.jar:/home/alex/.m2/repository/com/sun/jersey/jersey-json/1.19/jersey-json-1.19.jar:/home/alex/.m2/repository/org/codehaus/jettison/jettison/1.1/jettison-1.1.jar:/home/alex/.m2/repository/com/sun/xml/bind/jaxb-impl/2.2.3-1/jaxb-impl-2.2.3-1.jar:/home/alex/.m2/repository/org/codehaus/jackson/jackson-core-asl/1.9.2/jackson-core-asl-1.9.2.jar:/home/alex/.m2/repository/org/codehaus/jackson/jackson-mapper-asl/1.9.2/jackson-mapper-asl-1.9.2.jar:/home/alex/.m2/repository/org/codehaus/jackson/jackson-jaxrs/1.9.2/jackson-jaxrs-1.9.2.jar:/home/alex/.m2/repository/org/codehaus/jackson/jackson-xc/1.9.2/jackson-xc-1.9.2.jar:/home/alex/.m2/repository/com/sun/jersey/jersey-server/1.19/jersey-server-1.19.jar:/home/alex/.m2/repository/commons-lang/commons-lang/2.6/commons-lang-2.6.jar:/home/alex/.m2/repository/org/apache/commons/commons-configuration2/2.1.1/commons-configuration2-2.1.1.jar:/home/alex/.m2/repository/org/apache/avro/avro/1.8.2/avro-1.8.2.jar:/home/alex/.m2/repository/com/thoughtworks/paranamer/paranamer/2.8/paranamer-2.8.jar:/home/alex/.m2/repository/org/xerial/snappy/snappy-java/1.1.4/snappy-java-1.1.4.jar:/home/alex/.m2/repository/org/tukaani/xz/1.5/xz-1.5.jar:/home/alex/.m2/repository/com/google/re2j/re2j/1.2/re2j-1.2.jar:/home/alex/.m2/repository/com/google/code/gson/gson/2.2.4/gson-2.2.4.jar:/home/alex/.m2/repository/org/apache/hadoop/hadoop-auth/3.1.0/hadoop-auth-3.1.0.jar:/home/alex/.m2/repository/com/nimbusds/nimbus-jose-jwt/4.41.1/nimbus-jose-jwt-4.41.1.jar:/home/alex/.m2/repository/com/github/stephenc/jcip/jcip-annotations/1.0-1/jcip-annotations-1.0-1.jar:/home/alex/.m2/repository/net/minidev/json-smart/2.3/json-smart-2.3.jar:/home/alex/.m2/repository/net/minidev/accessors-smart/1.2/accessors-smart-1.2.jar:/home/alex/.m2/repository/com/jcraft/jsch/0.1.54/jsch-0.1.54.jar:/home/alex/.m2/repository/com/google/code/findbugs/jsr305/3.0.0/jsr305-3.0.0.jar:/home/alex/.m2/repository/org/apache/htrace/htrace-core4/4.1.0-incubating/htrace-core4-4.1.0-incubating.jar:/home/alex/.m2/repository/org/apache/kerby/kerb-simplekdc/1.0.1/kerb-simplekdc-1.0.1.jar:/home/alex/.m2/repository/org/apache/kerby/kerb-client/1.0.1/kerb-client-1.0.1.jar:/home/alex/.m2/repository/org/apache/kerby/kerby-config/1.0.1/kerby-config-1.0.1.jar:/home/alex/.m2/repository/org/apache/kerby/kerb-core/1.0.1/kerb-core-1.0.1.jar:/home/alex/.m2/repository/org/apache/kerby/kerby-pkix/1.0.1/kerby-pkix-1.0.1.jar:/home/alex/.m2/repository/org/apache/kerby/kerby-asn1/1.0.1/kerby-asn1-1.0.1.jar:/home/alex/.m2/repository/org/apache/kerby/kerby-util/1.0.1/kerby-util-1.0.1.jar:/home/alex/.m2/repository/org/apache/kerby/kerb-common/1.0.1/kerb-common-1.0.1.jar:/home/alex/.m2/repository/org/apache/kerby/kerb-crypto/1.0.1/kerb-crypto-1.0.1.jar:/home/alex/.m2/repository/org/apache/kerby/kerb-util/1.0.1/kerb-util-1.0.1.jar:/home/alex/.m2/repository/org/apache/kerby/token-provider/1.0.1/token-provider-1.0.1.jar:/home/alex/.m2/repository/org/apache/kerby/kerb-admin/1.0.1/kerb-admin-1.0.1.jar:/home/alex/.m2/repository/org/apache/kerby/kerb-server/1.0.1/kerb-server-1.0.1.jar:/home/alex/.m2/repository/org/apache/kerby/kerb-identity/1.0.1/kerb-identity-1.0.1.jar:/home/alex/.m2/repository/org/apache/kerby/kerby-xdr/1.0.1/kerby-xdr-1.0.1.jar:/home/alex/.m2/repository/org/codehaus/woodstox/stax2-api/3.1.4/stax2-api-3.1.4.jar:/home/alex/.m2/repository/com/fasterxml/woodstox/woodstox-core/5.0.3/woodstox-core-5.0.3.jar:/home/alex/.m2/repository/org/apache/thrift/libthrift/0.14.1/libthrift-0.14.1.jar:/home/alex/.m2/repository/org/apache/tomcat/embed/tomcat-embed-core/8.5.46/tomcat-embed-core-8.5.46.jar:/home/alex/.m2/repository/org/apache/tomcat/tomcat-annotations-api/8.5.46/tomcat-annotations-api-8.5.46.jar:/home/alex/.m2/repository/javax/annotation/javax.annotation-api/1.3.2/javax.annotation-api-1.3.2.jar:/home/alex/.m2/repository/net/sf/supercsv/super-csv/2.2.0/super-csv-2.2.0.jar:/home/alex/.m2/repository/org/apache/logging/log4j/log4j-slf4j-impl/2.13.2/log4j-slf4j-impl-2.13.2.jar:/home/alex/.m2/repository/org/apache/logging/log4j/log4j-api/2.13.2/log4j-api-2.13.2.jar:/home/alex/Repositories/hive/ql/target/test-classes:/home/alex/.m2/repository/org/apache/atlas/atlas-client-v2/2.1.0/atlas-client-v2-2.1.0.jar:/home/alex/.m2/repository/cglib/cglib/2.2.2/cglib-2.2.2.jar:/home/alex/.m2/repository/asm/asm/3.3.1/asm-3.3.1.jar:/home/alex/.m2/repository/org/apache/atlas/atlas-client-common/2.1.0/atlas-client-common-2.1.0.jar:/home/alex/.m2/repository/com/sun/jersey/jersey-client/1.19/jersey-client-1.19.jar:/home/alex/.m2/repository/org/apache/atlas/atlas-intg/2.1.0/atlas-intg-2.1.0.jar:/home/alex/.m2/repository/commons-validator/commons-validator/1.6/commons-validator-1.6.jar:/home/alex/.m2/repository/commons-digester/commons-digester/1.8.1/commons-digester-1.8.1.jar:/home/alex/.m2/repository/com/fasterxml/jackson/jaxrs/jackson-jaxrs-base/2.12.0/jackson-jaxrs-base-2.12.0.jar:/home/alex/.m2/repository/com/fasterxml/jackson/jaxrs/jackson-jaxrs-json-provider/2.12.0/jackson-jaxrs-json-provider-2.12.0.jar:/home/alex/.m2/repository/javax/inject/javax.inject/1/javax.inject-1.jar:/home/alex/.m2/repository/org/springframework/spring-context/4.3.20.RELEASE/spring-context-4.3.20.RELEASE.jar:/home/alex/.m2/repository/org/springframework/spring-aop/4.3.20.RELEASE/spring-aop-4.3.20.RELEASE.jar:/home/alex/.m2/repository/org/springframework/spring-beans/4.3.20.RELEASE/spring-beans-4.3.20.RELEASE.jar:/home/alex/.m2/repository/org/springframework/spring-core/4.3.20.RELEASE/spring-core-4.3.20.RELEASE.jar:/home/alex/.m2/repository/org/springframework/spring-expression/4.3.20.RELEASE/spring-expression-4.3.20.RELEASE.jar:/home/alex/.m2/repository/commons-configuration/commons-configuration/1.10/commons-configuration-1.10.jar:/home/alex/Repositories/hive/vector-code-gen/target/classes:/home/alex/.m2/repository/org/apache/velocity/velocity/1.5/velocity-1.5.jar:/home/alex/.m2/repository/oro/oro/2.0.8/oro-2.0.8.jar:/home/alex/Repositories/hive/parser/target/classes:/home/alex/Repositories/hive/udf/target/classes:/home/alex/Repositories/hive/llap-tez/target/classes:/home/alex/Repositories/hive/spark-client/target/classes:/home/alex/.m2/repository/io/netty/netty-all/4.1.65.Final/netty-all-4.1.65.Final.jar:/home/alex/.m2/repository/com/fasterxml/jackson/module/jackson-module-scala_2.12/2.12.0/jackson-module-scala_2.12-2.12.0.jar:/home/alex/.m2/repository/org/scala-lang/scala-library/2.12.10/scala-library-2.12.10.jar:/home/alex/.m2/repository/org/apache/spark/spark-core_2.12/2.4.5/spark-core_2.12-2.4.5.jar:/home/alex/.m2/repository/com/twitter/chill_2.12/0.9.3/chill_2.12-0.9.3.jar:/home/alex/.m2/repository/com/twitter/chill-java/0.9.3/chill-java-0.9.3.jar:/home/alex/.m2/repository/org/apache/xbean/xbean-asm6-shaded/4.8/xbean-asm6-shaded-4.8.jar:/home/alex/.m2/repository/org/apache/hadoop/hadoop-client/3.1.0/hadoop-client-3.1.0.jar:/home/alex/.m2/repository/org/apache/hadoop/hadoop-mapreduce-client-jobclient/3.1.0/hadoop-mapreduce-client-jobclient-3.1.0.jar:/home/alex/.m2/repository/org/apache/hadoop/hadoop-mapreduce-client-common/3.1.0/hadoop-mapreduce-client-common-3.1.0.jar:/home/alex/.m2/repository/org/apache/spark/spark-launcher_2.12/2.4.5/spark-launcher_2.12-2.4.5.jar:/home/alex/.m2/repository/org/apache/spark/spark-kvstore_2.12/2.4.5/spark-kvstore_2.12-2.4.5.jar:/home/alex/.m2/repository/org/apache/spark/spark-network-common_2.12/2.4.5/spark-network-common_2.12-2.4.5.jar:/home/alex/.m2/repository/org/apache/spark/spark-network-shuffle_2.12/2.4.5/spark-network-shuffle_2.12-2.4.5.jar:/home/alex/.m2/repository/org/apache/spark/spark-unsafe_2.12/2.4.5/spark-unsafe_2.12-2.4.5.jar:/home/alex/.m2/repository/javax/activation/activation/1.1.1/activation-1.1.1.jar:/home/alex/.m2/repository/org/slf4j/jul-to-slf4j/1.7.16/jul-to-slf4j-1.7.16.jar:/home/alex/.m2/repository/org/slf4j/jcl-over-slf4j/1.7.16/jcl-over-slf4j-1.7.16.jar:/home/alex/.m2/repository/com/ning/compress-lzf/1.0.3/compress-lzf-1.0.3.jar:/home/alex/.m2/repository/org/roaringbitmap/RoaringBitmap/0.7.45/RoaringBitmap-0.7.45.jar:/home/alex/.m2/repository/org/roaringbitmap/shims/0.7.45/shims-0.7.45.jar:/home/alex/.m2/repository/org/json4s/json4s-jackson_2.12/3.5.3/json4s-jackson_2.12-3.5.3.jar:/home/alex/.m2/repository/org/json4s/json4s-core_2.12/3.5.3/json4s-core_2.12-3.5.3.jar:/home/alex/.m2/repository/org/json4s/json4s-ast_2.12/3.5.3/json4s-ast_2.12-3.5.3.jar:/home/alex/.m2/repository/org/json4s/json4s-scalap_2.12/3.5.3/json4s-scalap_2.12-3.5.3.jar:/home/alex/.m2/repository/org/scala-lang/modules/scala-xml_2.12/1.0.6/scala-xml_2.12-1.0.6.jar:/home/alex/.m2/repository/com/clearspring/analytics/stream/2.7.0/stream-2.7.0.jar:/home/alex/.m2/repository/io/dropwizard/metrics/metrics-graphite/3.1.5/metrics-graphite-3.1.5.jar:/home/alex/.m2/repository/net/razorvine/pyrolite/4.13/pyrolite-4.13.jar:/home/alex/.m2/repository/net/sf/py4j/py4j/0.10.7/py4j-0.10.7.jar:/home/alex/.m2/repository/org/apache/spark/spark-tags_2.12/2.4.5/spark-tags_2.12-2.4.5.jar:/home/alex/.m2/repository/org/apache/commons/commons-crypto/1.0.0/commons-crypto-1.0.0.jar:/home/alex/.m2/repository/org/spark-project/spark/unused/1.0.0/unused-1.0.0.jar:/home/alex/.m2/repository/org/apache/spark/spark-yarn_2.12/2.4.5/spark-yarn_2.12-2.4.5.jar:/home/alex/.m2/repository/com/amazonaws/secretsmanager/aws-secretsmanager-caching-java/1.0.1/aws-secretsmanager-caching-java-1.0.1.jar:/home/alex/.m2/repository/com/esotericsoftware/kryo/5.0.3/kryo-5.0.3.jar:/home/alex/.m2/repository/com/esotericsoftware/minlog/1.3.1/minlog-1.3.1.jar:/home/alex/.m2/repository/com/esotericsoftware/reflectasm/1.11.9/reflectasm-1.11.9.jar:/home/alex/.m2/repository/org/apache/parquet/parquet-hadoop-bundle/1.11.1/parquet-hadoop-bundle-1.11.1.jar:/home/alex/.m2/repository/org/apache/commons/commons-collections4/4.1/commons-collections4-4.1.jar:/home/alex/.m2/repository/org/apache/commons/commons-text/1.8/commons-text-1.8.jar:/home/alex/.m2/repository/org/antlr/ST4/4.0.4/ST4-4.0.4.jar:/home/alex/.m2/repository/org/apache/avro/avro-mapred/1.8.2/avro-mapred-1.8.2-hadoop2.jar:/home/alex/.m2/repository/org/apache/avro/avro-ipc/1.8.2/avro-ipc-1.8.2.jar:/home/alex/.m2/repository/org/mortbay/jetty/jetty/6.1.26/jetty-6.1.26.jar:/home/alex/.m2/repository/org/apache/hadoop/hadoop-yarn-registry/3.1.0/hadoop-yarn-registry-3.1.0.jar:/home/alex/.m2/repository/org/apache/hadoop/hadoop-yarn-api/3.1.0/hadoop-yarn-api-3.1.0.jar:/home/alex/.m2/repository/commons-daemon/commons-daemon/1.0.13/commons-daemon-1.0.13.jar:/home/alex/.m2/repository/dnsjava/dnsjava/2.1.7/dnsjava-2.1.7.jar:/home/alex/.m2/repository/org/apache/orc/orc-tools/1.6.9/orc-tools-1.6.9.jar:/home/alex/.m2/repository/com/opencsv/opencsv/3.9/opencsv-3.9.jar:/home/alex/.m2/repository/org/apache/hadoop/hadoop-hdfs/3.1.0/hadoop-hdfs-3.1.0.jar:/home/alex/.m2/repository/org/threeten/threetenbp/1.3.5/threetenbp-1.3.5.jar:/home/alex/.m2/repository/org/apache/ivy/ivy/2.4.0/ivy-2.4.0.jar:/home/alex/.m2/repository/org/apache/datasketches/datasketches-hive/1.1.0-incubating/datasketches-hive-1.1.0-incubating.jar:/home/alex/.m2/repository/org/apache/datasketches/datasketches-java/1.3.0-incubating/datasketches-java-1.3.0-incubating.jar:/home/alex/.m2/repository/org/apache/datasketches/datasketches-memory/1.2.0-incubating/datasketches-memory-1.2.0-incubating.jar:/home/alex/.m2/repository/org/slf4j/slf4j-simple/1.7.27/slf4j-simple-1.7.27.jar:/home/alex/.m2/repository/org/codehaus/groovy/groovy-all/2.4.11/groovy-all-2.4.11.jar:/home/alex/.m2/repository/org/jodd/jodd-util/6.0.0/jodd-util-6.0.0.jar:/home/alex/.m2/repository/com/fasterxml/jackson/core/jackson-annotations/2.12.0/jackson-annotations-2.12.0.jar:/home/alex/.m2/repository/com/fasterxml/jackson/dataformat/jackson-dataformat-yaml/2.12.0/jackson-dataformat-yaml-2.12.0.jar:/home/alex/.m2/repository/org/yaml/snakeyaml/1.27/snakeyaml-1.27.jar:/home/alex/.m2/repository/org/apache/calcite/calcite-core/1.25.0/calcite-core-1.25.0.jar:/home/alex/.m2/repository/org/apache/calcite/calcite-linq4j/1.25.0/calcite-linq4j-1.25.0.jar:/home/alex/.m2/repository/com/esri/geometry/esri-geometry-api/2.2.0/esri-geometry-api-2.2.0.jar:/home/alex/.m2/repository/com/yahoo/datasketches/sketches-core/0.9.0/sketches-core-0.9.0.jar:/home/alex/.m2/repository/com/yahoo/datasketches/memory/0.9.0/memory-0.9.0.jar:/home/alex/.m2/repository/org/apache/calcite/calcite-druid/1.25.0/calcite-druid-1.25.0.jar:/home/alex/.m2/repository/org/apache/calcite/avatica/avatica/1.12.0/avatica-1.12.0.jar:/home/alex/.m2/repository/com/googlecode/javaewah/JavaEWAH/0.3.2/JavaEWAH-0.3.2.jar:/home/alex/.m2/repository/stax/stax-api/1.0.1/stax-api-1.0.1.jar:/home/alex/.m2/repository/net/sf/opencsv/opencsv/2.3/opencsv-2.3.jar:/home/alex/.m2/repository/org/reflections/reflections/0.9.10/reflections-0.9.10.jar:/home/alex/.m2/repository/org/javassist/javassist/3.19.0-GA/javassist-3.19.0-GA.jar:/home/alex/.m2/repository/com/jayway/jsonpath/json-path/2.4.0/json-path-2.4.0.jar:/home/alex/.m2/repository/org/codehaus/janino/commons-compiler/3.0.11/commons-compiler-3.0.11.jar:/home/alex/.m2/repository/org/codehaus/janino/janino/3.0.11/janino-3.0.11.jar:/home/alex/.m2/repository/com/sun/jersey/contribs/jersey-multipart/1.19/jersey-multipart-1.19.jar:/home/alex/.m2/repository/org/jvnet/mimepull/mimepull/1.9.3/mimepull-1.9.3.jar:/home/alex/.m2/repository/org/apache/kafka/kafka-clients/2.5.0/kafka-clients-2.5.0.jar:/home/alex/.m2/repository/com/github/luben/zstd-jni/1.4.4-7/zstd-jni-1.4.4-7.jar:/home/alex/.m2/repository/org/lz4/lz4-java/1.7.1/lz4-java-1.7.1.jar:/home/alex/Repositories/hive/service/target/classes:/home/alex/Repositories/hive/ql/target/classes:/home/alex/Repositories/hive/llap-server/target/classes:/home/alex/.m2/repository/com/lmax/disruptor/3.3.7/disruptor-3.3.7.jar:/home/alex/Repositories/hive/llap-common/target/test-classes:/home/alex/Repositories/hive/hplsql/target/classes:/home/alex/.m2/repository/org/antlr/antlr4-runtime/4.5/antlr4-runtime-4.5.jar:/home/alex/.m2/repository/org/abego/treelayout/org.abego.treelayout.core/1.0.1/org.abego.treelayout.core-1.0.1.jar:/home/alex/.m2/repository/javax/servlet/jsp/javax.servlet.jsp-api/2.3.1/javax.servlet.jsp-api-2.3.1.jar:/home/alex/.m2/repository/org/eclipse/jetty/jetty-runner/9.3.27.v20190418/jetty-runner-9.3.27.v20190418.jar:/home/alex/.m2/repository/org/eclipse/jetty/jetty-plus/9.3.27.v20190418/jetty-plus-9.3.27.v20190418.jar:/home/alex/.m2/repository/org/eclipse/jetty/jetty-annotations/9.3.27.v20190418/jetty-annotations-9.3.27.v20190418.jar:/home/alex/.m2/repository/org/ow2/asm/asm/6.0/asm-6.0.jar:/home/alex/.m2/repository/org/ow2/asm/asm-commons/6.0/asm-commons-6.0.jar:/home/alex/.m2/repository/org/ow2/asm/asm-tree/6.0/asm-tree-6.0.jar:/home/alex/.m2/repository/org/eclipse/jetty/jetty-jaas/9.3.27.v20190418/jetty-jaas-9.3.27.v20190418.jar:/home/alex/.m2/repository/org/eclipse/jetty/websocket/websocket-server/9.3.27.v20190418/websocket-server-9.3.27.v20190418.jar:/home/alex/.m2/repository/org/eclipse/jetty/websocket/websocket-common/9.3.27.v20190418/websocket-common-9.3.27.v20190418.jar:/home/alex/.m2/repository/org/eclipse/jetty/websocket/websocket-api/9.3.27.v20190418/websocket-api-9.3.27.v20190418.jar:/home/alex/.m2/repository/org/eclipse/jetty/websocket/websocket-client/9.3.27.v20190418/websocket-client-9.3.27.v20190418.jar:/home/alex/.m2/repository/org/eclipse/jetty/websocket/websocket-servlet/9.3.27.v20190418/websocket-servlet-9.3.27.v20190418.jar:/home/alex/.m2/repository/org/eclipse/jetty/jetty-jndi/9.3.27.v20190418/jetty-jndi-9.3.27.v20190418.jar:/home/alex/.m2/repository/org/eclipse/jetty/apache-jsp/9.3.27.v20190418/apache-jsp-9.3.27.v20190418.jar:/home/alex/.m2/repository/org/eclipse/jetty/toolchain/jetty-schemas/3.1/jetty-schemas-3.1.jar:/home/alex/.m2/repository/org/eclipse/jdt/core/compiler/ecj/4.4.2/ecj-4.4.2.jar:/home/alex/.m2/repository/org/eclipse/jetty/apache-jstl/9.3.27.v20190418/apache-jstl-9.3.27.v20190418.jar:/home/alex/.m2/repository/org/apache/taglibs/taglibs-standard-spec/1.2.5/taglibs-standard-spec-1.2.5.jar:/home/alex/.m2/repository/org/apache/taglibs/taglibs-standard-impl/1.2.5/taglibs-standard-impl-1.2.5.jar:/home/alex/.m2/repository/org/apache/curator/curator-client/4.2.0/curator-client-4.2.0.jar:/home/alex/.m2/repository/org/apache/curator/curator-recipes/4.2.0/curator-recipes-4.2.0.jar:/home/alex/.m2/repository/org/pac4j/pac4j-saml-opensamlv3/4.0.3/pac4j-saml-opensamlv3-4.0.3.jar:/home/alex/.m2/repository/org/pac4j/pac4j-core/4.0.3/pac4j-core-4.0.3.jar:/home/alex/.m2/repository/org/opensaml/opensaml-core/3.4.5/opensaml-core-3.4.5.jar:/home/alex/.m2/repository/net/shibboleth/utilities/java-support/7.5.1/java-support-7.5.1.jar:/home/alex/.m2/repository/org/opensaml/opensaml-saml-api/3.4.5/opensaml-saml-api-3.4.5.jar:/home/alex/.m2/repository/org/opensaml/opensaml-storage-api/3.4.5/opensaml-storage-api-3.4.5.jar:/home/alex/.m2/repository/org/opensaml/opensaml-saml-impl/3.4.5/opensaml-saml-impl-3.4.5.jar:/home/alex/.m2/repository/org/opensaml/opensaml-soap-impl/3.4.5/opensaml-soap-impl-3.4.5.jar:/home/alex/.m2/repository/org/opensaml/opensaml-soap-api/3.4.5/opensaml-soap-api-3.4.5.jar:/home/alex/.m2/repository/org/opensaml/opensaml-xmlsec-api/3.4.5/opensaml-xmlsec-api-3.4.5.jar:/home/alex/.m2/repository/org/opensaml/opensaml-security-api/3.4.5/opensaml-security-api-3.4.5.jar:/home/alex/.m2/repository/org/opensaml/opensaml-security-impl/3.4.5/opensaml-security-impl-3.4.5.jar:/home/alex/.m2/repository/org/opensaml/opensaml-profile-api/3.4.5/opensaml-profile-api-3.4.5.jar:/home/alex/.m2/repository/org/opensaml/opensaml-profile-impl/3.4.5/opensaml-profile-impl-3.4.5.jar:/home/alex/.m2/repository/org/opensaml/opensaml-messaging-api/3.4.5/opensaml-messaging-api-3.4.5.jar:/home/alex/.m2/repository/org/opensaml/opensaml-messaging-impl/3.4.5/opensaml-messaging-impl-3.4.5.jar:/home/alex/.m2/repository/org/opensaml/opensaml-storage-impl/3.4.5/opensaml-storage-impl-3.4.5.jar:/home/alex/.m2/repository/org/ldaptive/ldaptive/1.0.13/ldaptive-1.0.13.jar:/home/alex/.m2/repository/javax/json/javax.json-api/1.0/javax.json-api-1.0.jar:/home/alex/.m2/repository/net/spy/spymemcached/2.12.3/spymemcached-2.12.3.jar:/home/alex/.m2/repository/org/glassfish/javax.json/1.0.4/javax.json-1.0.4.jar:/home/alex/.m2/repository/org/opensaml/opensaml-xmlsec-impl/3.4.5/opensaml-xmlsec-impl-3.4.5.jar:/home/alex/.m2/repository/org/cryptacular/cryptacular/1.2.4/cryptacular-1.2.4.jar:/home/alex/.m2/repository/net/shibboleth/tool/xmlsectool/2.0.0/xmlsectool-2.0.0.jar:/home/alex/.m2/repository/com/beust/jcommander/1.48/jcommander-1.48.jar:/home/alex/.m2/repository/org/bouncycastle/bcprov-jdk15on/1.64/bcprov-jdk15on-1.64.jar:/home/alex/.m2/repository/org/apache/santuario/xmlsec/2.2.1/xmlsec-2.2.1.jar:/home/alex/.m2/repository/org/jamon/jamon-runtime/2.3.1/jamon-runtime-2.3.1.jar:/home/alex/.m2/repository/org/apache/hadoop/hadoop-mapreduce-client-core/3.1.0/hadoop-mapreduce-client-core-3.1.0.jar:/home/alex/.m2/repository/org/apache/hadoop/hadoop-yarn-client/3.1.0/hadoop-yarn-client-3.1.0.jar:/home/alex/.m2/repository/org/apache/hadoop/hadoop-yarn-common/3.1.0/hadoop-yarn-common-3.1.0.jar:/home/alex/.m2/repository/com/google/inject/guice/4.0/guice-4.0.jar:/home/alex/.m2/repository/aopalliance/aopalliance/1.0/aopalliance-1.0.jar:/home/alex/.m2/repository/com/sun/jersey/contribs/jersey-guice/1.19/jersey-guice-1.19.jar:/home/alex/.m2/repository/com/fasterxml/jackson/module/jackson-module-jaxb-annotations/2.12.0/jackson-module-jaxb-annotations-2.12.0.jar:/home/alex/.m2/repository/jakarta/xml/bind/jakarta.xml.bind-api/2.3.2/jakarta.xml.bind-api-2.3.2.jar:/home/alex/.m2/repository/jakarta/activation/jakarta.activation-api/1.2.1/jakarta.activation-api-1.2.1.jar:/home/alex/.m2/repository/org/apache/hadoop/hadoop-hdfs-client/3.1.0/hadoop-hdfs-client-3.1.0.jar:/home/alex/.m2/repository/com/squareup/okhttp/okhttp/2.7.5/okhttp-2.7.5.jar:/home/alex/.m2/repository/com/squareup/okio/okio/1.6.0/okio-1.6.0.jar:/home/alex/.m2/repository/com/google/inject/extensions/guice-servlet/4.0/guice-servlet-4.0.jar:/home/alex/.m2/repository/junit/junit/4.13/junit-4.13.jar:/home/alex/.m2/repository/org/hamcrest/hamcrest-core/1.3/hamcrest-core-1.3.jar:/home/alex/.m2/repository/org/junit/jupiter/junit-jupiter-engine/5.6.2/junit-jupiter-engine-5.6.2.jar:/home/alex/.m2/repository/org/apiguardian/apiguardian-api/1.1.0/apiguardian-api-1.1.0.jar:/home/alex/.m2/repository/org/junit/platform/junit-platform-engine/1.6.2/junit-platform-engine-1.6.2.jar:/home/alex/.m2/repository/org/opentest4j/opentest4j/1.2.0/opentest4j-1.2.0.jar:/home/alex/.m2/repository/org/junit/platform/junit-platform-commons/1.6.2/junit-platform-commons-1.6.2.jar:/home/alex/.m2/repository/org/junit/jupiter/junit-jupiter-api/5.6.2/junit-jupiter-api-5.6.2.jar:/home/alex/.m2/repository/org/junit/vintage/junit-vintage-engine/5.6.2/junit-vintage-engine-5.6.2.jar:/home/alex/.m2/repository/org/powermock/powermock-module-junit4/2.0.2/powermock-module-junit4-2.0.2.jar:/home/alex/.m2/repository/org/powermock/powermock-module-junit4-common/2.0.2/powermock-module-junit4-common-2.0.2.jar:/home/alex/.m2/repository/org/powermock/powermock-reflect/2.0.2/powermock-reflect-2.0.2.jar:/home/alex/.m2/repository/org/powermock/powermock-core/2.0.2/powermock-core-2.0.2.jar:/home/alex/.m2/repository/org/powermock/powermock-api-mockito2/2.0.2/powermock-api-mockito2-2.0.2.jar:/home/alex/.m2/repository/org/powermock/powermock-api-support/2.0.2/powermock-api-support-2.0.2.jar:/home/alex/.m2/repository/org/postgresql/postgresql/42.2.14/postgresql-42.2.14.jar:/home/alex/.m2/repository/org/slf4j/slf4j-api/1.7.30/slf4j-api-1.7.30.jar:/home/alex/.m2/repository/org/mockito/mockito-core/3.4.4/mockito-core-3.4.4.jar:/home/alex/.m2/repository/net/bytebuddy/byte-buddy/1.10.13/byte-buddy-1.10.13.jar:/home/alex/.m2/repository/net/bytebuddy/byte-buddy-agent/1.10.13/byte-buddy-agent-1.10.13.jar:/home/alex/.m2/repository/org/objenesis/objenesis/2.6/objenesis-2.6.jar:/home/alex/Repositories/hive/beeline/target/testconf:/home/alex/Repositories/hive/beeline/../conf:"/>
    <property name="sun.cpu.endian" value="little"/>
    <property name="user.home" value="/home/alex"/>
    <property name="user.language" value="en"/>
    <property name="java.security.krb5.conf" value="/home/alex/Repositories/hive/beeline/target/testconf/krb5.conf"/>
    <property name="test.dfs.mkdir" value=""/>
    <property name="java.awt.graphicsenv" value="sun.awt.X11GraphicsEnvironment"/>
    <property name="surefire.real.class.path" value="/home/alex/Repositories/hive/beeline/target/surefire/surefirebooter5891414800053609515.jar"/>
    <property name="hadoop.log.dir" value="/home/alex/Repositories/hive/beeline/target/tmp"/>
    <property name="java.net.preferIPv4Stack" value="true"/>
    <property name="path.separator" value=":"/>
    <property name="os.version" value="6.5.0-28-generic"/>
    <property name="java.endorsed.dirs" value="/usr/lib/jvm/java-8-openjdk-amd64/jre/lib/endorsed"/>
    <property name="java.runtime.name" value="OpenJDK Runtime Environment"/>
    <property name="hive.test.console.log.level" value="INFO"/>
    <property name="java.vm.name" value="OpenJDK 64-Bit Server VM"/>
    <property name="java.vendor.url.bug" value="http://bugreport.sun.com/bugreport/"/>
    <property name="maven.local.repository" value="/home/alex/.m2/repository"/>
    <property name="user.dir" value="/home/alex/Repositories/hive/beeline"/>
    <property name="os.arch" value="amd64"/>
    <property name="user.language.format" value="pt"/>
    <property name="antlr.version" value="3.5.2"/>
    <property name="derby.version" value="10.14.1.0"/>
    <property name="java.vm.info" value="mixed mode"/>
    <property name="java.vm.version" value="25.402-b06"/>
    <property name="java.ext.dirs" value="/usr/lib/jvm/java-8-openjdk-amd64/jre/lib/ext:/usr/java/packages/lib/ext"/>
    <property name="datanucleus.schema.autoCreateAll" value="true"/>
    <property name="java.class.version" value="52.0"/>
    <property name="test.output.overwrite" value=""/>
    <property name="hive.root" value="/home/alex/Repositories/hive/beeline/../"/>
  </properties>
  <testcase name="testSetPromptValue" classname="org.apache.hive.beeline.cli.TestHiveCli" time="11.834">
    <error type="java.lang.NullPointerException"><![CDATA[java.lang.NullPointerException
	at org.apache.hive.beeline.cli.TestHiveCli.executeCMD(TestHiveCli.java:255)
	at org.apache.hive.beeline.cli.TestHiveCli.initFromFile(TestHiveCli.java:321)
	at org.apache.hive.beeline.cli.TestHiveCli.setup(TestHiveCli.java:294)
	at sun.reflect.NativeMethodAccessorImpl.invoke0(Native Method)
	at sun.reflect.NativeMethodAccessorImpl.invoke(NativeMethodAccessorImpl.java:62)
	at sun.reflect.DelegatingMethodAccessorImpl.invoke(DelegatingMethodAccessorImpl.java:43)
	at java.lang.reflect.Method.invoke(Method.java:498)
	at org.junit.runners.model.FrameworkMethod$1.runReflectiveCall(FrameworkMethod.java:59)
	at org.junit.internal.runners.model.ReflectiveCallable.run(ReflectiveCallable.java:12)
	at org.junit.runners.model.FrameworkMethod.invokeExplosively(FrameworkMethod.java:56)
	at org.junit.internal.runners.statements.RunBefores.invokeMethod(RunBefores.java:33)
	at org.junit.internal.runners.statements.RunBefores.evaluate(RunBefores.java:24)
	at org.junit.internal.runners.statements.RunAfters.evaluate(RunAfters.java:27)
	at org.junit.runners.ParentRunner$3.evaluate(ParentRunner.java:306)
	at org.junit.runners.BlockJUnit4ClassRunner$1.evaluate(BlockJUnit4ClassRunner.java:100)
	at org.junit.runners.ParentRunner.runLeaf(ParentRunner.java:366)
	at org.junit.runners.BlockJUnit4ClassRunner.runChild(BlockJUnit4ClassRunner.java:103)
	at org.junit.runners.BlockJUnit4ClassRunner.runChild(BlockJUnit4ClassRunner.java:63)
	at org.junit.runners.ParentRunner$4.run(ParentRunner.java:331)
	at org.junit.runners.ParentRunner$1.schedule(ParentRunner.java:79)
	at org.junit.runners.ParentRunner.runChildren(ParentRunner.java:329)
	at org.junit.runners.ParentRunner.access$100(ParentRunner.java:66)
	at org.junit.runners.ParentRunner$2.evaluate(ParentRunner.java:293)
	at org.junit.internal.runners.statements.RunBefores.evaluate(RunBefores.java:26)
	at org.junit.runners.ParentRunner$3.evaluate(ParentRunner.java:306)
	at org.junit.runners.ParentRunner.run(ParentRunner.java:413)
	at org.junit.runner.JUnitCore.run(JUnitCore.java:137)
	at org.junit.runner.JUnitCore.run(JUnitCore.java:115)
	at org.junit.vintage.engine.execution.RunnerExecutor.execute(RunnerExecutor.java:43)
	at java.util.stream.ForEachOps$ForEachOp$OfRef.accept(ForEachOps.java:183)
	at java.util.stream.ReferencePipeline$3$1.accept(ReferencePipeline.java:193)
	at java.util.Iterator.forEachRemaining(Iterator.java:116)
	at java.util.Spliterators$IteratorSpliterator.forEachRemaining(Spliterators.java:1801)
	at java.util.stream.AbstractPipeline.copyInto(AbstractPipeline.java:482)
	at java.util.stream.AbstractPipeline.wrapAndCopyInto(AbstractPipeline.java:472)
	at java.util.stream.ForEachOps$ForEachOp.evaluateSequential(ForEachOps.java:150)
	at java.util.stream.ForEachOps$ForEachOp$OfRef.evaluateSequential(ForEachOps.java:173)
	at java.util.stream.AbstractPipeline.evaluate(AbstractPipeline.java:234)
	at java.util.stream.ReferencePipeline.forEach(ReferencePipeline.java:485)
	at org.junit.vintage.engine.VintageTestEngine.executeAllChildren(VintageTestEngine.java:82)
	at org.junit.vintage.engine.VintageTestEngine.execute(VintageTestEngine.java:73)
	at org.junit.platform.launcher.core.DefaultLauncher.execute(DefaultLauncher.java:248)
	at org.junit.platform.launcher.core.DefaultLauncher.lambda$execute$5(DefaultLauncher.java:211)
	at org.junit.platform.launcher.core.DefaultLauncher.withInterceptedStreams(DefaultLauncher.java:226)
	at org.junit.platform.launcher.core.DefaultLauncher.execute(DefaultLauncher.java:199)
	at org.junit.platform.launcher.core.DefaultLauncher.execute(DefaultLauncher.java:132)
	at org.apache.maven.surefire.junitplatform.JUnitPlatformProvider.invokeAllTests(JUnitPlatformProvider.java:154)
	at org.apache.maven.surefire.junitplatform.JUnitPlatformProvider.invoke(JUnitPlatformProvider.java:123)
	at org.apache.maven.surefire.booter.ForkedBooter.runSuitesInProcess(ForkedBooter.java:377)
	at org.apache.maven.surefire.booter.ForkedBooter.execute(ForkedBooter.java:138)
	at org.apache.maven.surefire.booter.ForkedBooter.run(ForkedBooter.java:465)
	at org.apache.maven.surefire.booter.ForkedBooter.main(ForkedBooter.java:451)
]]></error>
    <system-err><![CDATA[SLF4J: Class path contains multiple SLF4J bindings.
SLF4J: Found binding in [jar:file:/home/alex/.m2/repository/org/apache/logging/log4j/log4j-slf4j-impl/2.13.2/log4j-slf4j-impl-2.13.2.jar!/org/slf4j/impl/StaticLoggerBinder.class]
SLF4J: Found binding in [jar:file:/home/alex/.m2/repository/org/slf4j/slf4j-simple/1.7.27/slf4j-simple-1.7.27.jar!/org/slf4j/impl/StaticLoggerBinder.class]
SLF4J: See http://www.slf4j.org/codes.html#multiple_bindings for an explanation.
SLF4J: Actual binding is of type [org.apache.logging.slf4j.Log4jLoggerFactory]
DEBUG StatusLogger Using ShutdownCallbackRegistry class org.apache.logging.log4j.core.util.DefaultShutdownCallbackRegistry
DEBUG StatusLogger Took 0,094265 seconds to load 250 plugins from sun.misc.Launcher$AppClassLoader@7f31245a
DEBUG StatusLogger PluginManager 'Converter' found 46 plugins
DEBUG StatusLogger Starting OutputStreamManager SYSTEM_OUT.false.false-1
DEBUG StatusLogger Starting LoggerContext[name=7f31245a, org.apache.logging.log4j.core.LoggerContext@76b1e9b8]...
DEBUG StatusLogger Reconfiguration started for context[name=7f31245a] at URI null (org.apache.logging.log4j.core.LoggerContext@76b1e9b8) with optional ClassLoader: null
DEBUG StatusLogger PluginManager 'ConfigurationFactory' found 6 plugins
DEBUG StatusLogger Using configurationFactory org.apache.logging.log4j.core.config.ConfigurationFactory$Factory@7a35b0f5
DEBUG StatusLogger Apache Log4j Core 2.13.2 initializing configuration org.apache.logging.log4j.core.config.properties.PropertiesConfiguration@2a693f59
DEBUG StatusLogger Installed 2 script engines
DEBUG StatusLogger Groovy Scripting Engine version: 2.0, language: Groovy, threading: MULTITHREADED, compile: true, names: [groovy, Groovy], factory class: org.codehaus.groovy.jsr223.GroovyScriptEngineFactory
DEBUG StatusLogger Oracle Nashorn version: 1.8.0_402, language: ECMAScript, threading: Not Thread Safe, compile: true, names: [nashorn, Nashorn, js, JS, JavaScript, javascript, ECMAScript, ecmascript], factory class: jdk.nashorn.api.scripting.NashornScriptEngineFactory
INFO StatusLogger Scanning for classes in '/home/alex/Repositories/hive/common/target/classes/org/apache/hadoop/hive/ql/log' matching criteria annotated with @Plugin
DEBUG StatusLogger Checking to see if class org.apache.hadoop.hive.ql.log.PerfLogger matches criteria annotated with @Plugin
INFO StatusLogger Scanning for classes in '/home/alex/Repositories/hive/ql/target/test-classes/org/apache/hadoop/hive/ql/log' matching criteria annotated with @Plugin
DEBUG StatusLogger Checking to see if class org.apache.hadoop.hive.ql.log.TestSlidingFilenameRolloverStrategy matches criteria annotated with @Plugin
DEBUG StatusLogger Checking to see if class org.apache.hadoop.hive.ql.log.TestSyslogInputFormat matches criteria annotated with @Plugin
DEBUG StatusLogger Checking to see if class org.apache.hadoop.hive.ql.log.TestLog4j2Appenders matches criteria annotated with @Plugin
INFO StatusLogger Scanning for classes in '/home/alex/Repositories/hive/ql/target/classes/org/apache/hadoop/hive/ql/log' matching criteria annotated with @Plugin
DEBUG StatusLogger Checking to see if class org.apache.hadoop.hive.ql.log.PidFilePatternConverter matches criteria annotated with @Plugin
DEBUG StatusLogger Checking to see if class org.apache.hadoop.hive.ql.log.LogDivertAppenderForTest$TestFilter matches criteria annotated with @Plugin
DEBUG StatusLogger Checking to see if class org.apache.hadoop.hive.ql.log.HushableRandomAccessFileAppender matches criteria annotated with @Plugin
DEBUG StatusLogger Checking to see if class org.apache.hadoop.hive.ql.log.LogDivertAppender$NameFilter matches criteria annotated with @Plugin
DEBUG StatusLogger Checking to see if class org.apache.hadoop.hive.ql.log.LogDivertAppenderForTest matches criteria annotated with @Plugin
DEBUG StatusLogger Checking to see if class org.apache.hadoop.hive.ql.log.HiveEventCounter matches criteria annotated with @Plugin
DEBUG StatusLogger Checking to see if class org.apache.hadoop.hive.ql.log.HiveEventCounter$EventCounts matches criteria annotated with @Plugin
DEBUG StatusLogger Checking to see if class org.apache.hadoop.hive.ql.log.SlidingFilenameRolloverStrategy matches criteria annotated with @Plugin
DEBUG StatusLogger Checking to see if class org.apache.hadoop.hive.ql.log.HushableRandomAccessFileAppender$1 matches criteria annotated with @Plugin
DEBUG StatusLogger Checking to see if class org.apache.hadoop.hive.ql.log.SlidingFilenameRolloverStrategy$1 matches criteria annotated with @Plugin
DEBUG StatusLogger Checking to see if class org.apache.hadoop.hive.ql.log.HiveEventCounter$1 matches criteria annotated with @Plugin
DEBUG StatusLogger Checking to see if class org.apache.hadoop.hive.ql.log.LogDivertAppender matches criteria annotated with @Plugin
DEBUG StatusLogger Checking to see if class org.apache.hadoop.hive.ql.log.syslog.SyslogSerDe matches criteria annotated with @Plugin
DEBUG StatusLogger Checking to see if class org.apache.hadoop.hive.ql.log.syslog.SyslogStorageHandler matches criteria annotated with @Plugin
DEBUG StatusLogger Checking to see if class org.apache.hadoop.hive.ql.log.syslog.SyslogInputFormat$Location matches criteria annotated with @Plugin
DEBUG StatusLogger Checking to see if class org.apache.hadoop.hive.ql.log.syslog.SyslogParser matches criteria annotated with @Plugin
DEBUG StatusLogger Checking to see if class org.apache.hadoop.hive.ql.log.syslog.SyslogInputFormat matches criteria annotated with @Plugin
DEBUG StatusLogger Checking to see if class org.apache.hadoop.hive.ql.log.NullAppender matches criteria annotated with @Plugin
DEBUG StatusLogger Took 0,032087 seconds to load 7 plugins from package org.apache.hadoop.hive.ql.log
DEBUG StatusLogger PluginManager 'Core' found 132 plugins
DEBUG StatusLogger PluginManager 'Level' found 0 plugins
DEBUG StatusLogger Building Plugin[name=property, class=org.apache.logging.log4j.core.config.Property].
TRACE StatusLogger TypeConverterRegistry initializing.
DEBUG StatusLogger PluginManager 'TypeConverter' found 26 plugins
DEBUG StatusLogger createProperty(name="hive.log.file", value="hive.log")
DEBUG StatusLogger Building Plugin[name=property, class=org.apache.logging.log4j.core.config.Property].
DEBUG StatusLogger createProperty(name="hive.log.dir", value="/home/alex/Repositories/hive/beeline/target/tmp/log")
DEBUG StatusLogger Building Plugin[name=property, class=org.apache.logging.log4j.core.config.Property].
DEBUG StatusLogger createProperty(name="hive.root.logger", value="DRFA")
DEBUG StatusLogger Building Plugin[name=property, class=org.apache.logging.log4j.core.config.Property].
DEBUG StatusLogger createProperty(name="hive.log.level", value="DEBUG")
DEBUG StatusLogger Building Plugin[name=property, class=org.apache.logging.log4j.core.config.Property].
DEBUG StatusLogger createProperty(name="hive.test.console.log.level", value="INFO")
DEBUG StatusLogger Building Plugin[name=properties, class=org.apache.logging.log4j.core.config.PropertiesPlugin].
DEBUG StatusLogger configureSubstitutor(={hive.log.file=hive.log, hive.log.dir=/home/alex/Repositories/hive/beeline/target/tmp/log, hive.root.logger=DRFA, hive.log.level=DEBUG, hive.test.console.log.level=INFO}, Configuration(HiveLog4j2Test))
DEBUG StatusLogger PluginManager 'Lookup' found 17 plugins
DEBUG StatusLogger Building Plugin[name=logger, class=org.apache.logging.log4j.core.config.LoggerConfig].
DEBUG StatusLogger createLogger(additivity="true", level="WARN", name="org.apache.hadoop.ipc", includeLocation="null", ={}, ={}, Configuration(HiveLog4j2Test), Filter=null)
DEBUG StatusLogger Building Plugin[name=logger, class=org.apache.logging.log4j.core.config.LoggerConfig].
DEBUG StatusLogger createLogger(additivity="true", level="INFO", name="org.apache.hadoop.security", includeLocation="null", ={}, ={}, Configuration(HiveLog4j2Test), Filter=null)
DEBUG StatusLogger Building Plugin[name=logger, class=org.apache.logging.log4j.core.config.LoggerConfig].
DEBUG StatusLogger createLogger(additivity="true", level="INFO", name="org.apache.hadoop.hdfs", includeLocation="null", ={}, ={}, Configuration(HiveLog4j2Test), Filter=null)
DEBUG StatusLogger Building Plugin[name=logger, class=org.apache.logging.log4j.core.config.LoggerConfig].
DEBUG StatusLogger createLogger(additivity="true", level="WARN", name="org.apache.hadoop.hdfs.server", includeLocation="null", ={}, ={}, Configuration(HiveLog4j2Test), Filter=null)
DEBUG StatusLogger Building Plugin[name=logger, class=org.apache.logging.log4j.core.config.LoggerConfig].
DEBUG StatusLogger createLogger(additivity="true", level="INFO", name="org.apache.hadoop.metrics2", includeLocation="null", ={}, ={}, Configuration(HiveLog4j2Test), Filter=null)
DEBUG StatusLogger Building Plugin[name=logger, class=org.apache.logging.log4j.core.config.LoggerConfig].
DEBUG StatusLogger createLogger(additivity="true", level="INFO", name="org.mortbay", includeLocation="null", ={}, ={}, Configuration(HiveLog4j2Test), Filter=null)
DEBUG StatusLogger Building Plugin[name=logger, class=org.apache.logging.log4j.core.config.LoggerConfig].
DEBUG StatusLogger createLogger(additivity="true", level="INFO", name="org.apache.hadoop.yarn", includeLocation="null", ={}, ={}, Configuration(HiveLog4j2Test), Filter=null)
DEBUG StatusLogger Building Plugin[name=logger, class=org.apache.logging.log4j.core.config.LoggerConfig].
DEBUG StatusLogger createLogger(additivity="true", level="WARN", name="org.apache.hadoop.yarn.server", includeLocation="null", ={}, ={}, Configuration(HiveLog4j2Test), Filter=null)
DEBUG StatusLogger Building Plugin[name=logger, class=org.apache.logging.log4j.core.config.LoggerConfig].
DEBUG StatusLogger createLogger(additivity="true", level="INFO", name="org.apache.tez", includeLocation="null", ={}, ={}, Configuration(HiveLog4j2Test), Filter=null)
DEBUG StatusLogger Building Plugin[name=logger, class=org.apache.logging.log4j.core.config.LoggerConfig].
DEBUG StatusLogger createLogger(additivity="true", level="ERROR", name="org.apache.hadoop.conf.Configuration", includeLocation="null", ={}, ={}, Configuration(HiveLog4j2Test), Filter=null)
DEBUG StatusLogger Building Plugin[name=logger, class=org.apache.logging.log4j.core.config.LoggerConfig].
DEBUG StatusLogger createLogger(additivity="true", level="INFO", name="org.apache.zookeeper", includeLocation="null", ={}, ={}, Configuration(HiveLog4j2Test), Filter=null)
DEBUG StatusLogger Building Plugin[name=logger, class=org.apache.logging.log4j.core.config.LoggerConfig].
DEBUG StatusLogger createLogger(additivity="true", level="WARN", name="org.apache.zookeeper.server.ServerCnxn", includeLocation="null", ={}, ={}, Configuration(HiveLog4j2Test), Filter=null)
DEBUG StatusLogger Building Plugin[name=logger, class=org.apache.logging.log4j.core.config.LoggerConfig].
DEBUG StatusLogger createLogger(additivity="true", level="WARN", name="org.apache.zookeeper.server.NIOServerCnxn", includeLocation="null", ={}, ={}, Configuration(HiveLog4j2Test), Filter=null)
DEBUG StatusLogger Building Plugin[name=logger, class=org.apache.logging.log4j.core.config.LoggerConfig].
DEBUG StatusLogger createLogger(additivity="true", level="WARN", name="org.apache.zookeeper.ClientCnxn", includeLocation="null", ={}, ={}, Configuration(HiveLog4j2Test), Filter=null)
DEBUG StatusLogger Building Plugin[name=logger, class=org.apache.logging.log4j.core.config.LoggerConfig].
DEBUG StatusLogger createLogger(additivity="true", level="WARN", name="org.apache.zookeeper.ClientCnxnSocket", includeLocation="null", ={}, ={}, Configuration(HiveLog4j2Test), Filter=null)
DEBUG StatusLogger Building Plugin[name=logger, class=org.apache.logging.log4j.core.config.LoggerConfig].
DEBUG StatusLogger createLogger(additivity="true", level="WARN", name="org.apache.zookeeper.ClientCnxnSocketNIO", includeLocation="null", ={}, ={}, Configuration(HiveLog4j2Test), Filter=null)
DEBUG StatusLogger Building Plugin[name=logger, class=org.apache.logging.log4j.core.config.LoggerConfig].
DEBUG StatusLogger createLogger(additivity="true", level="ERROR", name="DataNucleus", includeLocation="null", ={}, ={}, Configuration(HiveLog4j2Test), Filter=null)
DEBUG StatusLogger Building Plugin[name=logger, class=org.apache.logging.log4j.core.config.LoggerConfig].
DEBUG StatusLogger createLogger(additivity="true", level="ERROR", name="Datastore", includeLocation="null", ={}, ={}, Configuration(HiveLog4j2Test), Filter=null)
DEBUG StatusLogger Building Plugin[name=logger, class=org.apache.logging.log4j.core.config.LoggerConfig].
DEBUG StatusLogger createLogger(additivity="true", level="ERROR", name="JPOX", includeLocation="null", ={}, ={}, Configuration(HiveLog4j2Test), Filter=null)
DEBUG StatusLogger Building Plugin[name=logger, class=org.apache.logging.log4j.core.config.LoggerConfig].
DEBUG StatusLogger createLogger(additivity="true", level="INFO", name="org.apache.hadoop.hive.ql.exec.Operator", includeLocation="null", ={}, ={}, Configuration(HiveLog4j2Test), Filter=null)
DEBUG StatusLogger Building Plugin[name=logger, class=org.apache.logging.log4j.core.config.LoggerConfig].
DEBUG StatusLogger createLogger(additivity="true", level="INFO", name="org.apache.hadoop.hive.serde2.lazy", includeLocation="null", ={}, ={}, Configuration(HiveLog4j2Test), Filter=null)
DEBUG StatusLogger Building Plugin[name=logger, class=org.apache.logging.log4j.core.config.LoggerConfig].
DEBUG StatusLogger createLogger(additivity="true", level="INFO", name="org.apache.hadoop.hive.metastore.ObjectStore", includeLocation="null", ={}, ={}, Configuration(HiveLog4j2Test), Filter=null)
DEBUG StatusLogger Building Plugin[name=logger, class=org.apache.logging.log4j.core.config.LoggerConfig].
DEBUG StatusLogger createLogger(additivity="true", level="INFO", name="org.apache.calcite.plan.RelOptPlanner", includeLocation="null", ={}, ={}, Configuration(HiveLog4j2Test), Filter=null)
DEBUG StatusLogger Building Plugin[name=logger, class=org.apache.logging.log4j.core.config.LoggerConfig].
DEBUG StatusLogger createLogger(additivity="true", level="INFO", name="com.amazonaws", includeLocation="null", ={}, ={}, Configuration(HiveLog4j2Test), Filter=null)
DEBUG StatusLogger Building Plugin[name=logger, class=org.apache.logging.log4j.core.config.LoggerConfig].
DEBUG StatusLogger createLogger(additivity="true", level="INFO", name="org.apache.http", includeLocation="null", ={}, ={}, Configuration(HiveLog4j2Test), Filter=null)
DEBUG StatusLogger Building Plugin[name=logger, class=org.apache.logging.log4j.core.config.LoggerConfig].
DEBUG StatusLogger createLogger(additivity="true", level="WARN", name="org.apache.thrift", includeLocation="null", ={}, ={}, Configuration(HiveLog4j2Test), Filter=null)
DEBUG StatusLogger Building Plugin[name=logger, class=org.apache.logging.log4j.core.config.LoggerConfig].
DEBUG StatusLogger createLogger(additivity="true", level="WARN", name="org.eclipse.jetty", includeLocation="null", ={}, ={}, Configuration(HiveLog4j2Test), Filter=null)
DEBUG StatusLogger Building Plugin[name=logger, class=org.apache.logging.log4j.core.config.LoggerConfig].
DEBUG StatusLogger createLogger(additivity="true", level="WARN", name="BlockStateChange", includeLocation="null", ={}, ={}, Configuration(HiveLog4j2Test), Filter=null)
DEBUG StatusLogger Building Plugin[name=logger, class=org.apache.logging.log4j.core.config.LoggerConfig].
DEBUG StatusLogger createLogger(additivity="true", level="DEBUG", name="org.apache.hadoop.hive.ql.optimizer.SharedWorkOptimizer", includeLocation="null", ={}, ={}, Configuration(HiveLog4j2Test), Filter=null)
DEBUG StatusLogger Building Plugin[name=AppenderRef, class=org.apache.logging.log4j.core.config.AppenderRef].
DEBUG StatusLogger createAppenderRef(ref="console", level="INFO", Filter=null)
DEBUG StatusLogger Building Plugin[name=AppenderRef, class=org.apache.logging.log4j.core.config.AppenderRef].
DEBUG StatusLogger createAppenderRef(ref="DRFA", level="null", Filter=null)
DEBUG StatusLogger Building Plugin[name=root, class=org.apache.logging.log4j.core.config.LoggerConfig$RootLogger].
DEBUG StatusLogger createLogger(additivity="null", level="DEBUG", includeLocation="null", ={console, DRFA}, ={}, Configuration(HiveLog4j2Test), Filter=null)
DEBUG StatusLogger Building Plugin[name=loggers, class=org.apache.logging.log4j.core.config.LoggersPlugin].
DEBUG StatusLogger createLoggers(={org.apache.hadoop.ipc, org.apache.hadoop.security, org.apache.hadoop.hdfs, org.apache.hadoop.hdfs.server, org.apache.hadoop.metrics2, org.mortbay, org.apache.hadoop.yarn, org.apache.hadoop.yarn.server, org.apache.tez, org.apache.hadoop.conf.Configuration, org.apache.zookeeper, org.apache.zookeeper.server.ServerCnxn, org.apache.zookeeper.server.NIOServerCnxn, org.apache.zookeeper.ClientCnxn, org.apache.zookeeper.ClientCnxnSocket, org.apache.zookeeper.ClientCnxnSocketNIO, DataNucleus, Datastore, JPOX, org.apache.hadoop.hive.ql.exec.Operator, org.apache.hadoop.hive.serde2.lazy, org.apache.hadoop.hive.metastore.ObjectStore, org.apache.calcite.plan.RelOptPlanner, com.amazonaws, org.apache.http, org.apache.thrift, org.eclipse.jetty, BlockStateChange, org.apache.hadoop.hive.ql.optimizer.SharedWorkOptimizer, root})
DEBUG StatusLogger Building Plugin[name=layout, class=org.apache.logging.log4j.core.layout.PatternLayout].
DEBUG StatusLogger PatternLayout$Builder(pattern="%d{ISO8601} %5p [%t] %c{2}: %m%n", PatternSelector=null, Configuration(HiveLog4j2Test), Replace=null, charset="null", alwaysWriteExceptions="null", disableAnsi="null", noConsoleNoAnsi="null", header="null", footer="null")
DEBUG StatusLogger PluginManager 'Converter' found 46 plugins
DEBUG StatusLogger Building Plugin[name=appender, class=org.apache.logging.log4j.core.appender.ConsoleAppender].
DEBUG StatusLogger ConsoleAppender$Builder(target="SYSTEM_ERR", follow="null", direct="null", bufferedIo="null", bufferSize="null", immediateFlush="null", ignoreExceptions="null", PatternLayout(%d{ISO8601} %5p [%t] %c{2}: %m%n), name="console", Configuration(HiveLog4j2Test), Filter=null, ={})
DEBUG StatusLogger Starting OutputStreamManager SYSTEM_ERR.false.false
DEBUG StatusLogger Building Plugin[name=layout, class=org.apache.logging.log4j.core.layout.PatternLayout].
DEBUG StatusLogger PatternLayout$Builder(pattern="%d{ISO8601} %5p [%t] %c{2}: %m%n", PatternSelector=null, Configuration(HiveLog4j2Test), Replace=null, charset="null", alwaysWriteExceptions="null", disableAnsi="null", noConsoleNoAnsi="null", header="null", footer="null")
DEBUG StatusLogger Building Plugin[name=TimeBasedTriggeringPolicy, class=org.apache.logging.log4j.core.appender.rolling.TimeBasedTriggeringPolicy].
DEBUG StatusLogger TimeBasedTriggeringPolicy$Builder(interval="1", modulate="true", maxRandomDelay="null")
DEBUG StatusLogger Building Plugin[name=Policies, class=org.apache.logging.log4j.core.appender.rolling.CompositeTriggeringPolicy].
DEBUG StatusLogger createPolicy(={TimeBasedTriggeringPolicy(nextRolloverMillis=0, interval=1, modulate=true)})
DEBUG StatusLogger Building Plugin[name=DefaultRolloverStrategy, class=org.apache.logging.log4j.core.appender.rolling.DefaultRolloverStrategy].
DEBUG StatusLogger DefaultRolloverStrategy$Builder(max="30", min="null", fileIndex="null", compressionLevel="null", ={}, stopCustomActionsOnError="null", tempCompressedFilePattern="null", Configuration(HiveLog4j2Test))
DEBUG StatusLogger Building Plugin[name=appender, class=org.apache.logging.log4j.core.appender.RollingRandomAccessFileAppender].
DEBUG StatusLogger RollingRandomAccessFileAppender$Builder(fileName="/home/alex/Repositories/hive/beeline/target/tmp/log/hive.log", filePattern="/home/alex/Repositories/hive/beeline/target/tmp/log/hive.log.%d{yyyy-MM-dd}", append="null", Policies(CompositeTriggeringPolicy(policies=[TimeBasedTriggeringPolicy(nextRolloverMillis=0, interval=1, modulate=true)])), DefaultRolloverStrategy(DefaultRolloverStrategy(min=1, max=30, useMax=true)), advertise="null", advertiseURI="null", filePermissions="null", fileOwner="null", fileGroup="null", bufferedIo="null", bufferSize="null", immediateFlush="null", ignoreExceptions="null", PatternLayout(%d{ISO8601} %5p [%t] %c{2}: %m%n), name="DRFA", Configuration(HiveLog4j2Test), Filter=null, ={})
TRACE StatusLogger RandomAccessFile /home/alex/Repositories/hive/beeline/target/tmp/log/hive.log seek to 0
DEBUG StatusLogger Starting RollingRandomAccessFileManager /home/alex/Repositories/hive/beeline/target/tmp/log/hive.log
DEBUG StatusLogger PluginManager 'FileConverter' found 3 plugins
DEBUG StatusLogger Setting prev file time to 2024-05-01T13:59:53.936-0700
DEBUG StatusLogger Initializing triggering policy CompositeTriggeringPolicy(policies=[TimeBasedTriggeringPolicy(nextRolloverMillis=0, interval=1, modulate=true)])
DEBUG StatusLogger Initializing triggering policy TimeBasedTriggeringPolicy(nextRolloverMillis=0, interval=1, modulate=true)
TRACE StatusLogger PatternProcessor.getNextTime returning 2024/05/02-00:00:00.000, nextFileTime=2024/05/01-00:00:00.000, prevFileTime=1969/12/31-16:00:00.000, current=2024/05/01-13:59:53.948, freq=DAILY
TRACE StatusLogger PatternProcessor.getNextTime returning 2024/05/02-00:00:00.000, nextFileTime=2024/05/01-00:00:00.000, prevFileTime=2024/05/01-00:00:00.000, current=2024/05/01-13:59:53.949, freq=DAILY
DEBUG StatusLogger Building Plugin[name=appenders, class=org.apache.logging.log4j.core.config.AppendersPlugin].
DEBUG StatusLogger createAppenders(={console, DRFA})
DEBUG StatusLogger Configuration org.apache.logging.log4j.core.config.properties.PropertiesConfiguration@2a693f59 initialized
DEBUG StatusLogger Starting configuration org.apache.logging.log4j.core.config.properties.PropertiesConfiguration@2a693f59
DEBUG StatusLogger Started configuration org.apache.logging.log4j.core.config.properties.PropertiesConfiguration@2a693f59 OK.
TRACE StatusLogger Stopping org.apache.logging.log4j.core.config.DefaultConfiguration@65e98b1c...
TRACE StatusLogger DefaultConfiguration notified 1 ReliabilityStrategies that config will be stopped.
TRACE StatusLogger DefaultConfiguration stopping root LoggerConfig.
TRACE StatusLogger DefaultConfiguration notifying ReliabilityStrategies that appenders will be stopped.
TRACE StatusLogger DefaultConfiguration stopping remaining Appenders.
DEBUG StatusLogger Shutting down OutputStreamManager SYSTEM_OUT.false.false-1
DEBUG StatusLogger OutputStream closed
DEBUG StatusLogger Shut down OutputStreamManager SYSTEM_OUT.false.false-1, all resources released: true
DEBUG StatusLogger Appender DefaultConsole-1 stopped with status true
TRACE StatusLogger DefaultConfiguration stopped 1 remaining Appenders.
TRACE StatusLogger DefaultConfiguration cleaning Appenders from 1 LoggerConfigs.
DEBUG StatusLogger Stopped org.apache.logging.log4j.core.config.DefaultConfiguration@65e98b1c OK
TRACE StatusLogger Reregistering MBeans after reconfigure. Selector=org.apache.logging.log4j.core.selector.ClassLoaderContextSelector@4af0df05
TRACE StatusLogger Reregistering context (1/1): '7f31245a' org.apache.logging.log4j.core.LoggerContext@76b1e9b8
TRACE StatusLogger Unregistering but no MBeans found matching 'org.apache.logging.log4j2:type=7f31245a'
TRACE StatusLogger Unregistering but no MBeans found matching 'org.apache.logging.log4j2:type=7f31245a,component=StatusLogger'
TRACE StatusLogger Unregistering but no MBeans found matching 'org.apache.logging.log4j2:type=7f31245a,component=ContextSelector'
TRACE StatusLogger Unregistering but no MBeans found matching 'org.apache.logging.log4j2:type=7f31245a,component=Loggers,name=*'
TRACE StatusLogger Unregistering but no MBeans found matching 'org.apache.logging.log4j2:type=7f31245a,component=Appenders,name=*'
TRACE StatusLogger Unregistering but no MBeans found matching 'org.apache.logging.log4j2:type=7f31245a,component=AsyncAppenders,name=*'
TRACE StatusLogger Unregistering but no MBeans found matching 'org.apache.logging.log4j2:type=7f31245a,component=AsyncLoggerRingBuffer'
TRACE StatusLogger Unregistering but no MBeans found matching 'org.apache.logging.log4j2:type=7f31245a,component=Loggers,name=*,subtype=RingBuffer'
DEBUG StatusLogger Registering MBean org.apache.logging.log4j2:type=7f31245a
DEBUG StatusLogger Registering MBean org.apache.logging.log4j2:type=7f31245a,component=StatusLogger
DEBUG StatusLogger Registering MBean org.apache.logging.log4j2:type=7f31245a,component=ContextSelector
DEBUG StatusLogger Registering MBean org.apache.logging.log4j2:type=7f31245a,component=Loggers,name=
DEBUG StatusLogger Registering MBean org.apache.logging.log4j2:type=7f31245a,component=Loggers,name=org.apache.tez
DEBUG StatusLogger Registering MBean org.apache.logging.log4j2:type=7f31245a,component=Loggers,name=com.amazonaws
DEBUG StatusLogger Registering MBean org.apache.logging.log4j2:type=7f31245a,component=Loggers,name=org.apache.thrift
DEBUG StatusLogger Registering MBean org.apache.logging.log4j2:type=7f31245a,component=Loggers,name=org.eclipse.jetty
DEBUG StatusLogger Registering MBean org.apache.logging.log4j2:type=7f31245a,component=Loggers,name=BlockStateChange
DEBUG StatusLogger Registering MBean org.apache.logging.log4j2:type=7f31245a,component=Loggers,name=org.apache.hadoop.metrics2
DEBUG StatusLogger Registering MBean org.apache.logging.log4j2:type=7f31245a,component=Loggers,name=org.apache.zookeeper.ClientCnxn
DEBUG StatusLogger Registering MBean org.apache.logging.log4j2:type=7f31245a,component=Loggers,name=org.apache.zookeeper
DEBUG StatusLogger Registering MBean org.apache.logging.log4j2:type=7f31245a,component=Loggers,name=org.apache.hadoop.security
DEBUG StatusLogger Registering MBean org.apache.logging.log4j2:type=7f31245a,component=Loggers,name=JPOX
DEBUG StatusLogger Registering MBean org.apache.logging.log4j2:type=7f31245a,component=Loggers,name=org.apache.hadoop.hive.ql.optimizer.SharedWorkOptimizer
DEBUG StatusLogger Registering MBean org.apache.logging.log4j2:type=7f31245a,component=Loggers,name=org.apache.hadoop.yarn.server
DEBUG StatusLogger Registering MBean org.apache.logging.log4j2:type=7f31245a,component=Loggers,name=org.apache.hadoop.conf.Configuration
DEBUG StatusLogger Registering MBean org.apache.logging.log4j2:type=7f31245a,component=Loggers,name=org.apache.hadoop.yarn
DEBUG StatusLogger Registering MBean org.apache.logging.log4j2:type=7f31245a,component=Loggers,name=org.apache.zookeeper.ClientCnxnSocketNIO
DEBUG StatusLogger Registering MBean org.apache.logging.log4j2:type=7f31245a,component=Loggers,name=org.apache.zookeeper.server.ServerCnxn
DEBUG StatusLogger Registering MBean org.apache.logging.log4j2:type=7f31245a,component=Loggers,name=org.apache.hadoop.hdfs
DEBUG StatusLogger Registering MBean org.apache.logging.log4j2:type=7f31245a,component=Loggers,name=org.apache.hadoop.hdfs.server
DEBUG StatusLogger Registering MBean org.apache.logging.log4j2:type=7f31245a,component=Loggers,name=org.apache.hadoop.hive.serde2.lazy
DEBUG StatusLogger Registering MBean org.apache.logging.log4j2:type=7f31245a,component=Loggers,name=org.apache.zookeeper.ClientCnxnSocket
DEBUG StatusLogger Registering MBean org.apache.logging.log4j2:type=7f31245a,component=Loggers,name=org.mortbay
DEBUG StatusLogger Registering MBean org.apache.logging.log4j2:type=7f31245a,component=Loggers,name=org.apache.http
DEBUG StatusLogger Registering MBean org.apache.logging.log4j2:type=7f31245a,component=Loggers,name=org.apache.hadoop.hive.ql.exec.Operator
DEBUG StatusLogger Registering MBean org.apache.logging.log4j2:type=7f31245a,component=Loggers,name=DataNucleus
DEBUG StatusLogger Registering MBean org.apache.logging.log4j2:type=7f31245a,component=Loggers,name=Datastore
DEBUG StatusLogger Registering MBean org.apache.logging.log4j2:type=7f31245a,component=Loggers,name=org.apache.hadoop.hive.metastore.ObjectStore
DEBUG StatusLogger Registering MBean org.apache.logging.log4j2:type=7f31245a,component=Loggers,name=org.apache.hadoop.ipc
DEBUG StatusLogger Registering MBean org.apache.logging.log4j2:type=7f31245a,component=Loggers,name=org.apache.zookeeper.server.NIOServerCnxn
DEBUG StatusLogger Registering MBean org.apache.logging.log4j2:type=7f31245a,component=Loggers,name=org.apache.calcite.plan.RelOptPlanner
DEBUG StatusLogger Registering MBean org.apache.logging.log4j2:type=7f31245a,component=Appenders,name=console
DEBUG StatusLogger Registering MBean org.apache.logging.log4j2:type=7f31245a,component=Appenders,name=DRFA
TRACE StatusLogger Using default SystemClock for timestamps.
DEBUG StatusLogger org.apache.logging.log4j.core.util.SystemClock does not support precise timestamps.
TRACE StatusLogger Using DummyNanoClock for nanosecond timestamps.
DEBUG StatusLogger Reconfiguration complete for context[name=7f31245a] at URI /home/alex/Repositories/hive/beeline/target/testconf/hive-log4j2.properties (org.apache.logging.log4j.core.LoggerContext@76b1e9b8) with optional ClassLoader: null
DEBUG StatusLogger Shutdown hook enabled. Registering a new one.
DEBUG StatusLogger LoggerContext[name=7f31245a, org.apache.logging.log4j.core.LoggerContext@76b1e9b8] started OK.
2024-05-01T13:59:54,072  INFO [main] conf.HiveConf: Found configuration file file:/home/alex/Repositories/hive/beeline/target/test-classes/hive-site.xml
DEBUG StatusLogger AsyncLogger.ThreadNameStrategy=UNCACHED (user specified null, default is UNCACHED)
TRACE StatusLogger Using default SystemClock for timestamps.
DEBUG StatusLogger org.apache.logging.log4j.core.util.SystemClock does not support precise timestamps.
2024-05-01T13:59:54,589  WARN [main] util.NativeCodeLoader: Unable to load native-hadoop library for your platform... using builtin-java classes where applicable
2024-05-01T13:59:54,658  WARN [main] conf.HiveConf: HiveConf of name hive.dummyparam.test.server.specific.config.override does not exist
2024-05-01T13:59:54,659  WARN [main] conf.HiveConf: HiveConf of name hive.dummyparam.test.server.specific.config.metastoresite does not exist
Connecting to jdbc:hive2://
2024-05-01T13:59:55,172  WARN [main] conf.HiveConf: HiveConf of name hive.dummyparam.test.server.specific.config.override does not exist
2024-05-01T13:59:55,173  WARN [main] conf.HiveConf: HiveConf of name hive.dummyparam.test.server.specific.config.hiveserver2site does not exist
2024-05-01T13:59:55,177  WARN [main] conf.HiveConf: HiveConf of name hive.dummyparam.test.server.specific.config.metastoresite does not exist
Hive Session ID = c1d0926c-9c72-4a12-8218-b32a08b6c3fb
2024-05-01T13:59:55,232  INFO [main] SessionState: Hive Session ID = c1d0926c-9c72-4a12-8218-b32a08b6c3fb
ivysettings.xml file not found in HIVE_HOME or HIVE_CONF_DIR,/home/alex/Repositories/hive/conf/ivysettings.xml will be used
2024-05-01T13:59:55,255  INFO [main] DependencyResolver: ivysettings.xml file not found in HIVE_HOME or HIVE_CONF_DIR,/home/alex/Repositories/hive/conf/ivysettings.xml will be used
2024-05-01T13:59:55,641  INFO [main] session.SessionState: Created local directory: /home/alex/Repositories/hive/beeline/target/tmp/alex
2024-05-01T13:59:55,645  INFO [main] session.SessionState: Created HDFS directory: /tmp/hive/alex/c1d0926c-9c72-4a12-8218-b32a08b6c3fb
2024-05-01T13:59:55,648  INFO [main] session.SessionState: Created local directory: /home/alex/Repositories/hive/beeline/target/tmp/alex/c1d0926c-9c72-4a12-8218-b32a08b6c3fb
2024-05-01T13:59:55,652  INFO [main] session.SessionState: Created HDFS directory: /tmp/hive/alex/c1d0926c-9c72-4a12-8218-b32a08b6c3fb/_tmp_space.db
2024-05-01T13:59:55,689  INFO [main] sqlstd.SQLStdHiveAccessController: Created SQLStdHiveAccessController for session context : HiveAuthzSessionContext [sessionString=c1d0926c-9c72-4a12-8218-b32a08b6c3fb, clientType=HIVESERVER2]
2024-05-01T13:59:55,817  INFO [main] metastore.HiveMetaStoreClient: HMS client filtering is enabled.
2024-05-01T13:59:56,047  INFO [main] metastore.HMSHandler: 0: Opening raw store with implementation class:org.apache.hadoop.hive.metastore.ObjectStore
2024-05-01T13:59:56,090  INFO [main] metastore.PersistenceManagerProvider: Configuration datanucleus.autoStartMechanismMode is not set. Defaulting to 'ignored'
2024-05-01T13:59:56,100  INFO [main] metastore.PersistenceManagerProvider: Updating the pmf due to property change
2024-05-01T13:59:56,100  INFO [main] metastore.PersistenceManagerProvider: Current pmf properties are uninitialized
2024-05-01T13:59:56,127  WARN [main] hikari.HikariConfig: HikariPool-1 - leakDetectionThreshold is less than 2000ms or more than maxLifetime, disabling it.
2024-05-01T13:59:56,131  INFO [main] hikari.HikariDataSource: HikariPool-1 - Starting...
2024-05-01T13:59:57,047  INFO [main] pool.PoolBase: HikariPool-1 - Driver does not support get/set network timeout for connections. (Feature not implemented: No details.)
2024-05-01T13:59:57,051  INFO [main] hikari.HikariDataSource: HikariPool-1 - Start completed.
2024-05-01T13:59:57,832  INFO [main] metastore.PersistenceManagerProvider: Setting MetaStore object pin classes with hive.metastore.cache.pinobjtypes="Table,StorageDescriptor,SerDeInfo,Partition,Database,Type,FieldSchema,Order"
2024-05-01T13:59:57,832  INFO [main] metastore.ObjectStore: RawStore: org.apache.hadoop.hive.metastore.ObjectStore@76ad6715, with PersistenceManager: null will be shutdown
2024-05-01T13:59:57,862  INFO [main] metastore.ObjectStore: RawStore: org.apache.hadoop.hive.metastore.ObjectStore@76ad6715, with PersistenceManager: org.datanucleus.api.jdo.JDOPersistenceManager@34780cd9 created in the thread with id: 1
2024-05-01T14:00:01,796  WARN [main] metastore.ObjectStore: Version information not found in metastore. metastore.schema.verification is not enabled so recording the schema version 4.0.0
2024-05-01T14:00:01,796  WARN [main] metastore.ObjectStore: setMetaStoreSchemaVersion called but recording version is disabled: version = 4.0.0, comment = Set by MetaStore alex@127.0.1.1
2024-05-01T14:00:01,796  INFO [main] metastore.HMSHandler: Created RawStore: org.apache.hadoop.hive.metastore.ObjectStore@76ad6715 from thread id: 1
2024-05-01T14:00:01,976  INFO [main] metastore.HMSHandler: Started creating a default database with name: default
2024-05-01T14:00:02,017  INFO [main] metastore.HMSHandler: Successfully created a default database with name: default
2024-05-01T14:00:02,072  INFO [main] metastore.HMSHandler: Added admin role in metastore
2024-05-01T14:00:02,075  INFO [main] metastore.HMSHandler: Added public role in metastore
2024-05-01T14:00:02,159  INFO [main] metastore.HMSHandler: No user is added in admin role, since config is empty
2024-05-01T14:00:02,165  INFO [main] metastore.HMSHandler: Scheduling for org.apache.hadoop.hive.metastore.events.EventCleanerTask service with frequency 0ms.
2024-05-01T14:00:02,165  INFO [main] metastore.HMSHandler: Scheduling for org.apache.hadoop.hive.metastore.RuntimeStatsCleanerTask service with frequency 3600000ms.
2024-05-01T14:00:02,170  INFO [main] metastore.HMSHandler: Scheduling for org.apache.hadoop.hive.metastore.HiveProtoEventsCleanerTask service with frequency 86400000ms.
2024-05-01T14:00:02,197  WARN [main] hikari.HikariConfig: HikariPool-2 - leakDetectionThreshold is less than 2000ms or more than maxLifetime, disabling it.
2024-05-01T14:00:02,200  INFO [main] hikari.HikariDataSource: HikariPool-2 - Starting...
2024-05-01T14:00:02,202  INFO [main] pool.PoolBase: HikariPool-2 - Driver does not support get/set network timeout for connections. (Feature not implemented: No details.)
2024-05-01T14:00:02,203  INFO [main] hikari.HikariDataSource: HikariPool-2 - Start completed.
2024-05-01T14:00:02,206  WARN [main] hikari.HikariConfig: HikariPool-3 - leakDetectionThreshold is less than 2000ms or more than maxLifetime, disabling it.
2024-05-01T14:00:02,210  INFO [main] hikari.HikariDataSource: HikariPool-3 - Starting...
2024-05-01T14:00:02,211  INFO [main] pool.PoolBase: HikariPool-3 - Driver does not support get/set network timeout for connections. (Feature not implemented: No details.)
2024-05-01T14:00:02,212  INFO [main] hikari.HikariDataSource: HikariPool-3 - Start completed.
2024-05-01T14:00:02,220  INFO [main] metastore.HMSHandler: Scheduling for org.apache.hadoop.hive.metastore.metrics.AcidMetricService service with frequency 300000ms.
2024-05-01T14:00:02,221  INFO [main] metastore.HMSHandler: Scheduling for org.apache.hadoop.hive.metastore.ReplicationMetricsMaintTask service with frequency 86400000ms.
2024-05-01T14:00:02,222  INFO [main] metastore.HMSHandler: Scheduling for org.apache.hadoop.hive.metastore.ScheduledQueryExecutionsMaintTask service with frequency 60000ms.
2024-05-01T14:00:02,225  INFO [main] metastore.HMSHandler: HMS server filtering is disabled by configuration
2024-05-01T14:00:02,419  INFO [main] metastore.RetryingMetaStoreClient: RetryingMetaStoreClient proxy=class org.apache.hadoop.hive.ql.metadata.SessionHiveMetaStoreClient ugi=alex (auth:SIMPLE) retries=1 delay=1 lifetime=0
2024-05-01T14:00:03,539  WARN [main] exec.FunctionRegistry: UDF Class org.apache.datasketches.hive.cpc.UnionSketchUDF does not have description. Please annotate the class with the org.apache.hadoop.hive.ql.exec.Description annotation and provide the description of the function.
2024-05-01T14:00:03,544  WARN [main] exec.FunctionRegistry: UDF Class org.apache.datasketches.hive.hll.UnionSketchUDF does not have description. Please annotate the class with the org.apache.hadoop.hive.ql.exec.Description annotation and provide the description of the function.
2024-05-01T14:00:03,550  WARN [main] exec.FunctionRegistry: UDF Class org.apache.datasketches.hive.theta.IntersectSketchUDF does not have description. Please annotate the class with the org.apache.hadoop.hive.ql.exec.Description annotation and provide the description of the function.
2024-05-01T14:00:03,552  WARN [main] exec.FunctionRegistry: UDF Class org.apache.datasketches.hive.theta.EstimateSketchUDF does not have description. Please annotate the class with the org.apache.hadoop.hive.ql.exec.Description annotation and provide the description of the function.
2024-05-01T14:00:03,552  WARN [main] exec.FunctionRegistry: UDF Class org.apache.datasketches.hive.theta.ExcludeSketchUDF does not have description. Please annotate the class with the org.apache.hadoop.hive.ql.exec.Description annotation and provide the description of the function.
2024-05-01T14:00:03,554  WARN [main] exec.FunctionRegistry: UDF Class org.apache.datasketches.hive.theta.UnionSketchUDF does not have description. Please annotate the class with the org.apache.hadoop.hive.ql.exec.Description annotation and provide the description of the function.
2024-05-01T14:00:03,555  WARN [main] exec.FunctionRegistry: UDF Class org.apache.datasketches.hive.tuple.ArrayOfDoublesSketchToValuesUDTF does not have description. Please annotate the class with the org.apache.hadoop.hive.ql.exec.Description annotation and provide the description of the function.
2024-05-01T14:00:03,672  INFO [main] service.CompositeService: Operation log root directory is created: /home/alex/Repositories/hive/beeline/target/tmp/alex/operation_logs
2024-05-01T14:00:03,674  INFO [main] service.CompositeService: HiveServer2: Background operation thread pool size: 100
2024-05-01T14:00:03,674  INFO [main] service.CompositeService: HiveServer2: Background operation thread wait queue size: 100
2024-05-01T14:00:03,674  INFO [main] service.CompositeService: HiveServer2: Background operation thread keepalive time: 10 seconds
2024-05-01T14:00:03,676  INFO [main] service.CompositeService: Connections limit are user: 0 ipaddress: 0 user-ipaddress: 0
2024-05-01T14:00:03,679  INFO [main] cleanup.EventualCleanupService: EventualCleanupService started with 10 threads and queue of size 10000
2024-05-01T14:00:03,690  INFO [main] service.AbstractService: Service:OperationManager is inited.
DEBUG StatusLogger Building Plugin[name=appender, class=org.apache.hadoop.hive.ql.log.NullAppender].
DEBUG StatusLogger createNullAppender()
DEBUG StatusLogger PluginManager 'Converter' found 46 plugins
DEBUG StatusLogger Starting OutputStreamManager SYSTEM_OUT.false.false-2
DEBUG StatusLogger Log4j2 ConfigurationScheduler starting 2 threads
DEBUG StatusLogger Building Plugin[name=appender, class=org.apache.hadoop.hive.ql.log.NullAppender].
DEBUG StatusLogger createNullAppender()
DEBUG StatusLogger PluginManager 'Converter' found 46 plugins
DEBUG StatusLogger Starting OutputStreamManager SYSTEM_OUT.false.false-3
2024-05-01T14:00:03,707  INFO [main] service.AbstractService: Service:SessionManager is inited.
2024-05-01T14:00:03,708  INFO [main] service.AbstractService: Service:CLIService is inited.
2024-05-01T14:00:03,708  INFO [main] service.AbstractService: Service:OperationManager is started.
2024-05-01T14:00:03,708  INFO [main] service.AbstractService: Service:SessionManager is started.
2024-05-01T14:00:03,709  INFO [main] service.AbstractService: Service:CLIService is started.
2024-05-01T14:00:03,710  INFO [main] service.AbstractService: Service:ThriftBinaryCLIService is inited.
2024-05-01T14:00:03,713  INFO [main] thrift.ThriftCLIService: Client protocol version: HIVE_CLI_SERVICE_PROTOCOL_V10
2024-05-01T14:00:03,722  INFO [main] thrift.ThriftCLIService: Creating Hive session handle for user [null] from IP null
ivysettings.xml file not found in HIVE_HOME or HIVE_CONF_DIR,/home/alex/Repositories/hive/conf/ivysettings.xml will be used
2024-05-01T14:00:03,731  INFO [main] DependencyResolver: ivysettings.xml file not found in HIVE_HOME or HIVE_CONF_DIR,/home/alex/Repositories/hive/conf/ivysettings.xml will be used
2024-05-01T14:00:03,747  INFO [main] session.SessionState: Created HDFS directory: /tmp/hive/alex/75766c81-3de1-4f20-9e0b-8912258e1304
2024-05-01T14:00:03,752  INFO [main] session.SessionState: Created local directory: /home/alex/Repositories/hive/beeline/target/tmp/alex/75766c81-3de1-4f20-9e0b-8912258e1304
2024-05-01T14:00:03,756  INFO [main] session.SessionState: Created HDFS directory: /tmp/hive/alex/75766c81-3de1-4f20-9e0b-8912258e1304/_tmp_space.db
2024-05-01T14:00:03,760  INFO [main] session.SessionState: Reloading auxiliary JAR files
2024-05-01T14:00:03,760  WARN [main] session.SessionState: Configuration hive.reloadable.aux.jars.path not specified
2024-05-01T14:00:03,762  INFO [main] metastore.HiveMetaStoreClient: HMS client filtering is enabled.
2024-05-01T14:00:03,763  INFO [main] metastore.PersistenceManagerProvider: Configuration datanucleus.autoStartMechanismMode is not set. Defaulting to 'ignored'
2024-05-01T14:00:03,766  INFO [main] metastore.ObjectStore: RawStore: org.apache.hadoop.hive.metastore.ObjectStore@76ad6715, with PersistenceManager: org.datanucleus.api.jdo.JDOPersistenceManager@34780cd9 will be shutdown
2024-05-01T14:00:03,767  INFO [main] metastore.ObjectStore: RawStore: org.apache.hadoop.hive.metastore.ObjectStore@76ad6715, with PersistenceManager: org.datanucleus.api.jdo.JDOPersistenceManager@6d6cd1e0 created in the thread with id: 1
2024-05-01T14:00:03,792  INFO [main] metastore.HMSHandler: HMS server filtering is disabled by configuration
2024-05-01T14:00:03,793  INFO [main] metastore.RetryingMetaStoreClient: RetryingMetaStoreClient proxy=class org.apache.hadoop.hive.ql.metadata.SessionHiveMetaStoreClient ugi=alex (auth:SIMPLE) retries=1 delay=1 lifetime=0
2024-05-01T14:00:03,795  INFO [main] HiveMetaStore.audit: ugi=alex	ip=unknown-ip-addr	cmd=get_all_functions	
2024-05-01T14:00:03,890  INFO [main] HiveMetaStore.audit: ugi=alex	ip=unknown-ip-addr	cmd=Cleaning up thread local RawStore...	
2024-05-01T14:00:03,891  INFO [main] metastore.ObjectStore: RawStore: org.apache.hadoop.hive.metastore.ObjectStore@76ad6715, with PersistenceManager: org.datanucleus.api.jdo.JDOPersistenceManager@6d6cd1e0 will be shutdown
2024-05-01T14:00:03,891  INFO [main] HiveMetaStore.audit: ugi=alex	ip=unknown-ip-addr	cmd=Done cleaning up thread local RawStore	
2024-05-01T14:00:03,891  INFO [main] metastore.HiveMetaStoreClient: Closed a connection to metastore, current connections: -1
2024-05-01T14:00:03,893  INFO [main] session.HiveSessionImpl: Operation log session directory is created: /home/alex/Repositories/hive/beeline/target/tmp/alex/operation_logs/75766c81-3de1-4f20-9e0b-8912258e1304
2024-05-01T14:00:03,898  INFO [main] service.CompositeService: Session opened, SessionHandle [75766c81-3de1-4f20-9e0b-8912258e1304], current sessions:1
2024-05-01T14:00:03,905  INFO [main] thrift.ThriftCLIService: Login attempt is successful for user : null
Connected to: Apache Hive (version 4.0.0-SNAPSHOT)
Error: Couldn't load manifest attributes. (state=,code=0)
Transaction isolation: TRANSACTION_REPEATABLE_READ
2024-05-01T14:00:04,092  WARN [main] conf.HiveConf: HiveConf of name hive.dummyparam.test.server.specific.config.override does not exist
2024-05-01T14:00:04,092  WARN [main] conf.HiveConf: HiveConf of name hive.dummyparam.test.server.specific.config.hiveserver2site does not exist
2024-05-01T14:00:04,093  WARN [main] conf.HiveConf: HiveConf of name hive.dummyparam.test.server.specific.config.metastoresite does not exist
2024-05-01T14:00:04,101  INFO [75766c81-3de1-4f20-9e0b-8912258e1304 main] session.HiveSessionImpl: executing set
2024-05-01T14:00:04,140  INFO [75766c81-3de1-4f20-9e0b-8912258e1304 main] operation.HiveCommandOperation: Putting temp output to file /home/alex/Repositories/hive/beeline/target/tmp/alex/75766c81-3de1-4f20-9e0b-8912258e13045942244734823767592.pipeout and error output to file /home/alex/Repositories/hive/beeline/target/tmp/alex/75766c81-3de1-4f20-9e0b-8912258e1304363077237792278823.pipeout
2024-05-01T14:00:04,140  INFO [75766c81-3de1-4f20-9e0b-8912258e1304 main] operation.OperationManager: Adding operation: OperationHandle [opType=EXECUTE_STATEMENT, getHandleIdentifier()=082001b8-81cf-47a8-95de-bf6a03da7851] SessionHandle [75766c81-3de1-4f20-9e0b-8912258e1304]
2024-05-01T14:00:04,148  INFO [75766c81-3de1-4f20-9e0b-8912258e1304 main] common.LogUtils: Thread context registration is done.
DEBUG StatusLogger Building Plugin[name=filter, class=org.apache.hadoop.hive.ql.log.LogDivertAppender$NameFilter].
DEBUG StatusLogger createFilter(loggingLevel="EXECUTION")
DEBUG StatusLogger Building Plugin[name=layout, class=org.apache.logging.log4j.core.layout.PatternLayout].
DEBUG StatusLogger PatternLayout$Builder(pattern="%-5p : %m%n", PatternSelector=null, Configuration(HiveLog4j2Test), Replace=null, charset="null", alwaysWriteExceptions="null", disableAnsi="null", noConsoleNoAnsi="null", header="null", footer="null")
DEBUG StatusLogger Building Plugin[name=appender, class=org.apache.hadoop.hive.ql.log.HushableRandomAccessFileAppender].
DEBUG StatusLogger createAppender(fileName="/home/alex/Repositories/hive/beeline/target/tmp/alex/operation_logs/75766c81-3de1-4f20-9e0b-8912258e1304/alex_20240501140004_b6889b79-672e-478e-bd19-3ea51ae5dd10", append="null", name="query-file-appender", immediateFlush="null", bufferSize="null", ignoreExceptions="null", PatternLayout(org.apache.logging.log4j.core.layout.PatternLayout with name PatternLayout), NameFilter(org.apache.hadoop.hive.ql.log.LogDivertAppender$NameFilter with name NameFilter), advertise="null", advertiseURI="null", Configuration(HiveLog4j2Test))
DEBUG StatusLogger Starting RandomAccessFileManager /home/alex/Repositories/hive/beeline/target/tmp/alex/operation_logs/75766c81-3de1-4f20-9e0b-8912258e1304/alex_20240501140004_b6889b79-672e-478e-bd19-3ea51ae5dd10
DEBUG StatusLogger Building Plugin[name=, class=org.apache.hadoop.hive.ql.log.LogDivertAppenderForTest$TestFilter].
DEBUG StatusLogger createFilter()
DEBUG StatusLogger Building Plugin[name=, class=org.apache.logging.log4j.core.layout.PatternLayout].
DEBUG StatusLogger PatternLayout$Builder(pattern="%-5p : %m%n", PatternSelector=null, Configuration(HiveLog4j2Test), Replace=null, charset="null", alwaysWriteExceptions="null", disableAnsi="null", noConsoleNoAnsi="null", header="null", footer="null")
DEBUG StatusLogger Building Plugin[name=appender, class=org.apache.hadoop.hive.ql.log.HushableRandomAccessFileAppender].
DEBUG StatusLogger createAppender(fileName="/home/alex/Repositories/hive/beeline/target/tmp/alex/operation_logs/75766c81-3de1-4f20-9e0b-8912258e1304/alex_20240501140004_b6889b79-672e-478e-bd19-3ea51ae5dd10.test", append="null", name="test-query-file-appender", immediateFlush="null", bufferSize="null", ignoreExceptions="null", PatternLayout(org.apache.logging.log4j.core.layout.PatternLayout with name PatternLayout), test-filter(org.apache.hadoop.hive.ql.log.LogDivertAppenderForTest$TestFilter with name test-filter), advertise="null", advertiseURI="null", Configuration(HiveLog4j2Test))
DEBUG StatusLogger Starting RandomAccessFileManager /home/alex/Repositories/hive/beeline/target/tmp/alex/operation_logs/75766c81-3de1-4f20-9e0b-8912258e1304/alex_20240501140004_b6889b79-672e-478e-bd19-3ea51ae5dd10.test
2024-05-01T14:00:04,168  INFO [75766c81-3de1-4f20-9e0b-8912258e1304 main] operation.HiveCommandOperation: [opType=EXECUTE_STATEMENT, queryId=alex_20240501140004_b6889b79-672e-478e-bd19-3ea51ae5dd10, startTime=1714597204130, sessionId=75766c81-3de1-4f20-9e0b-8912258e1304, createTime=1714597203726, userName=null, ipAddress=null]
2024-05-01T14:00:04,198  INFO [75766c81-3de1-4f20-9e0b-8912258e1304 main] common.LogUtils: Unregistered logging context.
2024-05-01T14:00:04,290  INFO [75766c81-3de1-4f20-9e0b-8912258e1304 main] operation.OperationManager: Closing operation: OperationHandle [opType=EXECUTE_STATEMENT, getHandleIdentifier()=082001b8-81cf-47a8-95de-bf6a03da7851]
2024-05-01T14:00:04,290  INFO [75766c81-3de1-4f20-9e0b-8912258e1304 main] operation.OperationManager: Removed queryId: alex_20240501140004_b6889b79-672e-478e-bd19-3ea51ae5dd10 corresponding to operation: OperationHandle [opType=EXECUTE_STATEMENT, getHandleIdentifier()=082001b8-81cf-47a8-95de-bf6a03da7851] with tag: null
2024-05-01T14:00:04,292  INFO [75766c81-3de1-4f20-9e0b-8912258e1304 main] operation.HiveCommandOperation: Closing operation log /home/alex/Repositories/hive/beeline/target/tmp/alex/operation_logs/75766c81-3de1-4f20-9e0b-8912258e1304/alex_20240501140004_b6889b79-672e-478e-bd19-3ea51ae5dd10 without delay
hive> create database if not exists test;
2024-05-01T14:00:04,353  INFO [75766c81-3de1-4f20-9e0b-8912258e1304 main] session.HiveSessionImpl: executing create database if not exists test
2024-05-01T14:00:04,358  INFO [75766c81-3de1-4f20-9e0b-8912258e1304 main] operation.OperationManager: Adding operation: OperationHandle [opType=EXECUTE_STATEMENT, getHandleIdentifier()=19675953-853d-485b-8a3f-2cb709f5b6da] SessionHandle [75766c81-3de1-4f20-9e0b-8912258e1304]
2024-05-01T14:00:04,358  INFO [75766c81-3de1-4f20-9e0b-8912258e1304 main] common.LogUtils: Thread context registration is done.
DEBUG StatusLogger Building Plugin[name=filter, class=org.apache.hadoop.hive.ql.log.LogDivertAppender$NameFilter].
DEBUG StatusLogger createFilter(loggingLevel="EXECUTION")
DEBUG StatusLogger Building Plugin[name=layout, class=org.apache.logging.log4j.core.layout.PatternLayout].
DEBUG StatusLogger PatternLayout$Builder(pattern="%-5p : %m%n", PatternSelector=null, Configuration(HiveLog4j2Test), Replace=null, charset="null", alwaysWriteExceptions="null", disableAnsi="null", noConsoleNoAnsi="null", header="null", footer="null")
DEBUG StatusLogger Building Plugin[name=appender, class=org.apache.hadoop.hive.ql.log.HushableRandomAccessFileAppender].
DEBUG StatusLogger createAppender(fileName="/home/alex/Repositories/hive/beeline/target/tmp/alex/operation_logs/75766c81-3de1-4f20-9e0b-8912258e1304/alex_20240501140004_07684124-06dc-4118-8218-cf4e58102eb5", append="null", name="query-file-appender", immediateFlush="null", bufferSize="null", ignoreExceptions="null", PatternLayout(org.apache.logging.log4j.core.layout.PatternLayout with name PatternLayout), NameFilter(org.apache.hadoop.hive.ql.log.LogDivertAppender$NameFilter with name NameFilter), advertise="null", advertiseURI="null", Configuration(HiveLog4j2Test))
DEBUG StatusLogger Starting RandomAccessFileManager /home/alex/Repositories/hive/beeline/target/tmp/alex/operation_logs/75766c81-3de1-4f20-9e0b-8912258e1304/alex_20240501140004_07684124-06dc-4118-8218-cf4e58102eb5
DEBUG StatusLogger Building Plugin[name=, class=org.apache.hadoop.hive.ql.log.LogDivertAppenderForTest$TestFilter].
DEBUG StatusLogger createFilter()
DEBUG StatusLogger Building Plugin[name=, class=org.apache.logging.log4j.core.layout.PatternLayout].
DEBUG StatusLogger PatternLayout$Builder(pattern="%-5p : %m%n", PatternSelector=null, Configuration(HiveLog4j2Test), Replace=null, charset="null", alwaysWriteExceptions="null", disableAnsi="null", noConsoleNoAnsi="null", header="null", footer="null")
DEBUG StatusLogger Building Plugin[name=appender, class=org.apache.hadoop.hive.ql.log.HushableRandomAccessFileAppender].
DEBUG StatusLogger createAppender(fileName="/home/alex/Repositories/hive/beeline/target/tmp/alex/operation_logs/75766c81-3de1-4f20-9e0b-8912258e1304/alex_20240501140004_07684124-06dc-4118-8218-cf4e58102eb5.test", append="null", name="test-query-file-appender", immediateFlush="null", bufferSize="null", ignoreExceptions="null", PatternLayout(org.apache.logging.log4j.core.layout.PatternLayout with name PatternLayout), test-filter(org.apache.hadoop.hive.ql.log.LogDivertAppenderForTest$TestFilter with name test-filter), advertise="null", advertiseURI="null", Configuration(HiveLog4j2Test))
DEBUG StatusLogger Starting RandomAccessFileManager /home/alex/Repositories/hive/beeline/target/tmp/alex/operation_logs/75766c81-3de1-4f20-9e0b-8912258e1304/alex_20240501140004_07684124-06dc-4118-8218-cf4e58102eb5.test
2024-05-01T14:00:04,363  INFO [75766c81-3de1-4f20-9e0b-8912258e1304 main] operation.SQLOperation: [opType=EXECUTE_STATEMENT, queryId=alex_20240501140004_07684124-06dc-4118-8218-cf4e58102eb5, startTime=1714597204355, sessionId=75766c81-3de1-4f20-9e0b-8912258e1304, createTime=1714597203726, userName=null, ipAddress=null]
2024-05-01T14:00:04,481  INFO [75766c81-3de1-4f20-9e0b-8912258e1304 main] ql.Driver: Compiling command(queryId=alex_20240501140004_07684124-06dc-4118-8218-cf4e58102eb5): create database if not exists test
2024-05-01T14:00:04,482  WARN [Metastore-RuntimeStats-Loader-1] conf.HiveConf: HiveConf of name hive.dummyparam.test.server.specific.config.override does not exist
2024-05-01T14:00:04,483  WARN [Metastore-RuntimeStats-Loader-1] conf.HiveConf: HiveConf of name hive.dummyparam.test.server.specific.config.hiveserver2site does not exist
2024-05-01T14:00:04,483  WARN [Metastore-RuntimeStats-Loader-1] conf.HiveConf: HiveConf of name hive.dummyparam.test.server.specific.config.metastoresite does not exist
2024-05-01T14:00:04,487  INFO [Metastore-RuntimeStats-Loader-1] metastore.HiveMetaStoreClient: HMS client filtering is enabled.
2024-05-01T14:00:04,488  INFO [Metastore-RuntimeStats-Loader-1] metastore.HMSHandler: 1: Opening raw store with implementation class:org.apache.hadoop.hive.metastore.ObjectStore
2024-05-01T14:00:04,489  INFO [Metastore-RuntimeStats-Loader-1] metastore.PersistenceManagerProvider: Configuration datanucleus.autoStartMechanismMode is not set. Defaulting to 'ignored'
2024-05-01T14:00:04,491  INFO [Metastore-RuntimeStats-Loader-1] metastore.ObjectStore: RawStore: org.apache.hadoop.hive.metastore.ObjectStore@6cd21b22, with PersistenceManager: null will be shutdown
2024-05-01T14:00:04,492  INFO [Metastore-RuntimeStats-Loader-1] metastore.ObjectStore: RawStore: org.apache.hadoop.hive.metastore.ObjectStore@6cd21b22, with PersistenceManager: org.datanucleus.api.jdo.JDOPersistenceManager@21609bd6 created in the thread with id: 87
2024-05-01T14:00:04,513  INFO [Metastore-RuntimeStats-Loader-1] metastore.HMSHandler: Created RawStore: org.apache.hadoop.hive.metastore.ObjectStore@6cd21b22 from thread id: 87
2024-05-01T14:00:04,513  INFO [Metastore-RuntimeStats-Loader-1] metastore.HMSHandler: HMS server filtering is disabled by configuration
2024-05-01T14:00:04,514  INFO [Metastore-RuntimeStats-Loader-1] metastore.RetryingMetaStoreClient: RetryingMetaStoreClient proxy=class org.apache.hadoop.hive.ql.metadata.SessionHiveMetaStoreClient ugi=alex (auth:SIMPLE) retries=1 delay=1 lifetime=0
2024-05-01T14:00:04,515  INFO [Metastore-RuntimeStats-Loader-1] HiveMetaStore.audit: ugi=alex	ip=unknown-ip-addr	cmd=get_runtime_stats	
2024-05-01T14:00:05,473  INFO [75766c81-3de1-4f20-9e0b-8912258e1304 main] metastore.HMSHandler: 0: Opening raw store with implementation class:org.apache.hadoop.hive.metastore.ObjectStore
2024-05-01T14:00:05,475  INFO [75766c81-3de1-4f20-9e0b-8912258e1304 main] metastore.ObjectStore: RawStore: org.apache.hadoop.hive.metastore.ObjectStore@3a2546d6, with PersistenceManager: null will be shutdown
2024-05-01T14:00:05,475  INFO [75766c81-3de1-4f20-9e0b-8912258e1304 main] metastore.ObjectStore: RawStore: org.apache.hadoop.hive.metastore.ObjectStore@3a2546d6, with PersistenceManager: org.datanucleus.api.jdo.JDOPersistenceManager@7282af25 created in the thread with id: 1
2024-05-01T14:00:05,480  INFO [75766c81-3de1-4f20-9e0b-8912258e1304 main] metastore.HMSHandler: Created RawStore: org.apache.hadoop.hive.metastore.ObjectStore@3a2546d6 from thread id: 1
2024-05-01T14:00:05,754  INFO [75766c81-3de1-4f20-9e0b-8912258e1304 main] reflections.Reflections: Reflections took 225 ms to scan 2 urls, producing 53 keys and 784 values 
2024-05-01T14:00:06,006  INFO [75766c81-3de1-4f20-9e0b-8912258e1304 main] reflections.Reflections: Reflections took 141 ms to scan 2 urls, producing 53 keys and 784 values 
2024-05-01T14:00:06,102  INFO [75766c81-3de1-4f20-9e0b-8912258e1304 main] reflections.Reflections: Reflections took 89 ms to scan 2 urls, producing 53 keys and 784 values 
2024-05-01T14:00:06,212  INFO [75766c81-3de1-4f20-9e0b-8912258e1304 main] reflections.Reflections: Reflections took 92 ms to scan 2 urls, producing 53 keys and 784 values 
2024-05-01T14:00:06,360  INFO [75766c81-3de1-4f20-9e0b-8912258e1304 main] ql.Driver: Semantic Analysis Completed (retrial = false)
2024-05-01T14:00:06,361  INFO [75766c81-3de1-4f20-9e0b-8912258e1304 main] ql.Driver: Created Hive schema: Schema(fieldSchemas:null, properties:null)
2024-05-01T14:00:06,369  INFO [75766c81-3de1-4f20-9e0b-8912258e1304 main] metadata.Hive: Dumping metastore api call timing information for : compilation phase
2024-05-01T14:00:06,369  INFO [75766c81-3de1-4f20-9e0b-8912258e1304 main] metadata.Hive: Total time spent in each metastore function (ms): {isCompatibleWith_(Configuration)=0, flushCache_()=10, getAllFunctions_()=96}
2024-05-01T14:00:06,370  INFO [75766c81-3de1-4f20-9e0b-8912258e1304 main] ql.Driver: Completed compiling command(queryId=alex_20240501140004_07684124-06dc-4118-8218-cf4e58102eb5); Time taken: 1.89 seconds
2024-05-01T14:00:06,372  INFO [75766c81-3de1-4f20-9e0b-8912258e1304 main] common.LogUtils: Unregistered logging context.
2024-05-01T14:00:06,374  INFO [HiveServer2-Background-Pool: Thread-88] common.LogUtils: Thread context registration is done.
2024-05-01T14:00:06,374  INFO [HiveServer2-Background-Pool: Thread-88] reexec.ReExecDriver: Execution #1 of query
2024-05-01T14:00:06,375  INFO [HiveServer2-Background-Pool: Thread-88] ql.Driver: Concurrency mode is disabled, not creating a lock manager
2024-05-01T14:00:06,380  INFO [HiveServer2-Background-Pool: Thread-88] ql.Driver: Executing command(queryId=alex_20240501140004_07684124-06dc-4118-8218-cf4e58102eb5): create database if not exists test
2024-05-01T14:00:06,390  INFO [HiveServer2-Background-Pool: Thread-88] ql.Driver: Starting task [Stage-0:DDL] in serial mode
2024-05-01T14:00:06,393  INFO [HiveServer2-Background-Pool: Thread-88] sqlstd.SQLStdHiveAccessController: Created SQLStdHiveAccessController for session context : HiveAuthzSessionContext [sessionString=75766c81-3de1-4f20-9e0b-8912258e1304, clientType=HIVESERVER2]
2024-05-01T14:00:06,394  WARN [HiveServer2-Background-Pool: Thread-88] exec.DDLTask: metastore.warehouse.external.dir is not set, falling back to metastore.warehouse.dir. This could cause external tables to use to managed tablespace.
2024-05-01T14:00:06,395  INFO [HiveServer2-Background-Pool: Thread-88] HiveMetaStore.audit: ugi=alex	ip=unknown-ip-addr	cmd=create_database: Database(name:test, description:null, locationUri:file:/home/alex/Repositories/hive/beeline/target/tmp/warehouse/test.db, parameters:null, ownerName:alex, ownerType:USER, catalogName:hive, type:NATIVE)	
2024-05-01T14:00:06,401  INFO [HiveServer2-Background-Pool: Thread-88] metastore.HMSHandler: 2: Opening raw store with implementation class:org.apache.hadoop.hive.metastore.ObjectStore
2024-05-01T14:00:06,403  INFO [HiveServer2-Background-Pool: Thread-88] metastore.ObjectStore: RawStore: org.apache.hadoop.hive.metastore.ObjectStore@e412749, with PersistenceManager: null will be shutdown
2024-05-01T14:00:06,403  INFO [HiveServer2-Background-Pool: Thread-88] metastore.ObjectStore: RawStore: org.apache.hadoop.hive.metastore.ObjectStore@e412749, with PersistenceManager: org.datanucleus.api.jdo.JDOPersistenceManager@2e87719c created in the thread with id: 88
2024-05-01T14:00:06,411  INFO [HiveServer2-Background-Pool: Thread-88] metastore.HMSHandler: Created RawStore: org.apache.hadoop.hive.metastore.ObjectStore@e412749 from thread id: 88
2024-05-01T14:00:06,426  INFO [HiveServer2-Background-Pool: Thread-88] metastore.HMSHandler: Creating database path in external directory file:/home/alex/Repositories/hive/beeline/target/tmp/warehouse/test.db
2024-05-01T14:00:06,429  INFO [HiveServer2-Background-Pool: Thread-88] utils.FileUtils: Creating directory if it doesn't exist: file:/home/alex/Repositories/hive/beeline/target/tmp/warehouse/test.db
2024-05-01T14:00:06,444  INFO [HiveServer2-Background-Pool: Thread-88] metastore.HMSHandler: Created database path in external directory file:/home/alex/Repositories/hive/beeline/target/tmp/warehouse/test.db
2024-05-01T14:00:06,470  INFO [HiveServer2-Background-Pool: Thread-88] metadata.Hive: Dumping metastore api call timing information for : execution phase
2024-05-01T14:00:06,470  INFO [HiveServer2-Background-Pool: Thread-88] metadata.Hive: Total time spent in each metastore function (ms): {isCompatibleWith_(Configuration)=0, createDatabase_(Database)=73}
2024-05-01T14:00:06,470  INFO [HiveServer2-Background-Pool: Thread-88] ql.Driver: Completed executing command(queryId=alex_20240501140004_07684124-06dc-4118-8218-cf4e58102eb5); Time taken: 0.09 seconds
2024-05-01T14:00:06,471  INFO [HiveServer2-Background-Pool: Thread-88] common.LogUtils: Unregistered logging context.
INFO  : Compiling command(queryId=alex_20240501140004_07684124-06dc-4118-8218-cf4e58102eb5): create database if not exists test
INFO  : Semantic Analysis Completed (retrial = false)
INFO  : Created Hive schema: Schema(fieldSchemas:null, properties:null)
INFO  : Completed compiling command(queryId=alex_20240501140004_07684124-06dc-4118-8218-cf4e58102eb5); Time taken: 1.89 seconds
INFO  : Concurrency mode is disabled, not creating a lock manager
INFO  : Executing command(queryId=alex_20240501140004_07684124-06dc-4118-8218-cf4e58102eb5): create database if not exists test
INFO  : Starting task [Stage-0:DDL] in serial mode
DEBUG : Task getting executed using mapred tag : alex_20240501140004_07684124-06dc-4118-8218-cf4e58102eb5,userid=null
INFO  : Completed executing command(queryId=alex_20240501140004_07684124-06dc-4118-8218-cf4e58102eb5); Time taken: 0.09 seconds
DEBUG : Shutting down query create database if not exists test
2024-05-01T14:00:06,474  INFO [75766c81-3de1-4f20-9e0b-8912258e1304 main] operation.OperationManager: Closing operation: OperationHandle [opType=EXECUTE_STATEMENT, getHandleIdentifier()=19675953-853d-485b-8a3f-2cb709f5b6da]
2024-05-01T14:00:06,474  INFO [75766c81-3de1-4f20-9e0b-8912258e1304 main] operation.OperationManager: Removed queryId: alex_20240501140004_07684124-06dc-4118-8218-cf4e58102eb5 corresponding to operation: OperationHandle [opType=EXECUTE_STATEMENT, getHandleIdentifier()=19675953-853d-485b-8a3f-2cb709f5b6da] with tag: null
2024-05-01T14:00:06,474  INFO [75766c81-3de1-4f20-9e0b-8912258e1304 main] operation.SQLOperation: Closing operation log /home/alex/Repositories/hive/beeline/target/tmp/alex/operation_logs/75766c81-3de1-4f20-9e0b-8912258e1304/alex_20240501140004_07684124-06dc-4118-8218-cf4e58102eb5 without delay
Error: Failed to wait for operation to complete (state=08S01,code=0)
Closing: 0: jdbc:hive2://
2024-05-01T14:00:06,476  INFO [main] service.CompositeService: Session closed, SessionHandle [75766c81-3de1-4f20-9e0b-8912258e1304], current sessions:0
2024-05-01T14:00:06,478  INFO [75766c81-3de1-4f20-9e0b-8912258e1304 main] session.HiveSessionImpl: Operation log session directory is deleted: /home/alex/Repositories/hive/beeline/target/tmp/alex/operation_logs/75766c81-3de1-4f20-9e0b-8912258e1304
2024-05-01T14:00:06,479  INFO [main] cleanup.EventualCleanupService: Delete /tmp/hive/alex/75766c81-3de1-4f20-9e0b-8912258e1304 operation was queued
2024-05-01T14:00:06,479  INFO [main] cleanup.EventualCleanupService: Delete /home/alex/Repositories/hive/beeline/target/tmp/alex/75766c81-3de1-4f20-9e0b-8912258e1304 operation was queued
2024-05-01T14:00:06,480  INFO [EventualCleanupService thread 1] cleanup.EventualCleanupService: Deleted /home/alex/Repositories/hive/beeline/target/tmp/alex/75766c81-3de1-4f20-9e0b-8912258e1304
2024-05-01T14:00:06,480  INFO [EventualCleanupService thread 0] cleanup.EventualCleanupService: Deleted /tmp/hive/alex/75766c81-3de1-4f20-9e0b-8912258e1304
2024-05-01T14:00:06,490  INFO [main] HiveMetaStore.audit: ugi=alex	ip=unknown-ip-addr	cmd=Cleaning up thread local RawStore...	
2024-05-01T14:00:06,490  INFO [main] metastore.ObjectStore: RawStore: org.apache.hadoop.hive.metastore.ObjectStore@3a2546d6, with PersistenceManager: org.datanucleus.api.jdo.JDOPersistenceManager@7282af25 will be shutdown
2024-05-01T14:00:06,490  INFO [main] HiveMetaStore.audit: ugi=alex	ip=unknown-ip-addr	cmd=Done cleaning up thread local RawStore	
2024-05-01T14:00:06,490  INFO [main] metastore.HiveMetaStoreClient: Closed a connection to metastore, current connections: -2
]]></system-err>
  </testcase>
  <testcase name="testSourceCmd2" classname="org.apache.hive.beeline.cli.TestHiveCli" time="0.977">
    <failure type="java.lang.AssertionError"><![CDATA[java.lang.AssertionError: The expected keyword "sc3" occur in the output: 
	at org.junit.Assert.fail(Assert.java:89)
	at org.junit.Assert.assertTrue(Assert.java:42)
	at org.apache.hive.beeline.cli.TestHiveCli.verifyCMD(TestHiveCli.java:270)
	at org.apache.hive.beeline.cli.TestHiveCli.testSourceCmd2(TestHiveCli.java:122)
	at sun.reflect.NativeMethodAccessorImpl.invoke0(Native Method)
	at sun.reflect.NativeMethodAccessorImpl.invoke(NativeMethodAccessorImpl.java:62)
	at sun.reflect.DelegatingMethodAccessorImpl.invoke(DelegatingMethodAccessorImpl.java:43)
	at java.lang.reflect.Method.invoke(Method.java:498)
	at org.junit.runners.model.FrameworkMethod$1.runReflectiveCall(FrameworkMethod.java:59)
	at org.junit.internal.runners.model.ReflectiveCallable.run(ReflectiveCallable.java:12)
	at org.junit.runners.model.FrameworkMethod.invokeExplosively(FrameworkMethod.java:56)
	at org.junit.internal.runners.statements.InvokeMethod.evaluate(InvokeMethod.java:17)
	at org.junit.internal.runners.statements.RunBefores.evaluate(RunBefores.java:26)
	at org.junit.internal.runners.statements.RunAfters.evaluate(RunAfters.java:27)
	at org.junit.runners.ParentRunner$3.evaluate(ParentRunner.java:306)
	at org.junit.runners.BlockJUnit4ClassRunner$1.evaluate(BlockJUnit4ClassRunner.java:100)
	at org.junit.runners.ParentRunner.runLeaf(ParentRunner.java:366)
	at org.junit.runners.BlockJUnit4ClassRunner.runChild(BlockJUnit4ClassRunner.java:103)
	at org.junit.runners.BlockJUnit4ClassRunner.runChild(BlockJUnit4ClassRunner.java:63)
	at org.junit.runners.ParentRunner$4.run(ParentRunner.java:331)
	at org.junit.runners.ParentRunner$1.schedule(ParentRunner.java:79)
	at org.junit.runners.ParentRunner.runChildren(ParentRunner.java:329)
	at org.junit.runners.ParentRunner.access$100(ParentRunner.java:66)
	at org.junit.runners.ParentRunner$2.evaluate(ParentRunner.java:293)
	at org.junit.internal.runners.statements.RunBefores.evaluate(RunBefores.java:26)
	at org.junit.runners.ParentRunner$3.evaluate(ParentRunner.java:306)
	at org.junit.runners.ParentRunner.run(ParentRunner.java:413)
	at org.junit.runner.JUnitCore.run(JUnitCore.java:137)
	at org.junit.runner.JUnitCore.run(JUnitCore.java:115)
	at org.junit.vintage.engine.execution.RunnerExecutor.execute(RunnerExecutor.java:43)
	at java.util.stream.ForEachOps$ForEachOp$OfRef.accept(ForEachOps.java:183)
	at java.util.stream.ReferencePipeline$3$1.accept(ReferencePipeline.java:193)
	at java.util.Iterator.forEachRemaining(Iterator.java:116)
	at java.util.Spliterators$IteratorSpliterator.forEachRemaining(Spliterators.java:1801)
	at java.util.stream.AbstractPipeline.copyInto(AbstractPipeline.java:482)
	at java.util.stream.AbstractPipeline.wrapAndCopyInto(AbstractPipeline.java:472)
	at java.util.stream.ForEachOps$ForEachOp.evaluateSequential(ForEachOps.java:150)
	at java.util.stream.ForEachOps$ForEachOp$OfRef.evaluateSequential(ForEachOps.java:173)
	at java.util.stream.AbstractPipeline.evaluate(AbstractPipeline.java:234)
	at java.util.stream.ReferencePipeline.forEach(ReferencePipeline.java:485)
	at org.junit.vintage.engine.VintageTestEngine.executeAllChildren(VintageTestEngine.java:82)
	at org.junit.vintage.engine.VintageTestEngine.execute(VintageTestEngine.java:73)
	at org.junit.platform.launcher.core.DefaultLauncher.execute(DefaultLauncher.java:248)
	at org.junit.platform.launcher.core.DefaultLauncher.lambda$execute$5(DefaultLauncher.java:211)
	at org.junit.platform.launcher.core.DefaultLauncher.withInterceptedStreams(DefaultLauncher.java:226)
	at org.junit.platform.launcher.core.DefaultLauncher.execute(DefaultLauncher.java:199)
	at org.junit.platform.launcher.core.DefaultLauncher.execute(DefaultLauncher.java:132)
	at org.apache.maven.surefire.junitplatform.JUnitPlatformProvider.invokeAllTests(JUnitPlatformProvider.java:154)
	at org.apache.maven.surefire.junitplatform.JUnitPlatformProvider.invoke(JUnitPlatformProvider.java:123)
	at org.apache.maven.surefire.booter.ForkedBooter.runSuitesInProcess(ForkedBooter.java:377)
	at org.apache.maven.surefire.booter.ForkedBooter.execute(ForkedBooter.java:138)
	at org.apache.maven.surefire.booter.ForkedBooter.run(ForkedBooter.java:465)
	at org.apache.maven.surefire.booter.ForkedBooter.main(ForkedBooter.java:451)
]]></failure>
    <system-err><![CDATA[2024-05-01T14:00:06,513 ERROR [main] cli.TestHiveCli: Failed to execute command due to the error: java.lang.NullPointerException: Null output stream
2024-05-01T14:00:06,606  WARN [main] conf.HiveConf: HiveConf of name hive.dummyparam.test.server.specific.config.override does not exist
2024-05-01T14:00:06,607  WARN [main] conf.HiveConf: HiveConf of name hive.dummyparam.test.server.specific.config.hiveserver2site does not exist
2024-05-01T14:00:06,607  WARN [main] conf.HiveConf: HiveConf of name hive.dummyparam.test.server.specific.config.metastoresite does not exist
2024-05-01T14:00:06,608  INFO [main] SessionState: Hive Session ID = a85b00ff-dd21-463c-b729-d3c47d1675a1
2024-05-01T14:00:06,609  INFO [main] DependencyResolver: ivysettings.xml file not found in HIVE_HOME or HIVE_CONF_DIR,/home/alex/Repositories/hive/conf/ivysettings.xml will be used
2024-05-01T14:00:06,629  INFO [main] session.SessionState: Created HDFS directory: /tmp/hive/alex/a85b00ff-dd21-463c-b729-d3c47d1675a1
2024-05-01T14:00:06,635  INFO [main] session.SessionState: Created local directory: /home/alex/Repositories/hive/beeline/target/tmp/alex/a85b00ff-dd21-463c-b729-d3c47d1675a1
2024-05-01T14:00:06,639  INFO [main] session.SessionState: Created HDFS directory: /tmp/hive/alex/a85b00ff-dd21-463c-b729-d3c47d1675a1/_tmp_space.db
2024-05-01T14:00:06,640  INFO [main] sqlstd.SQLStdHiveAccessController: Created SQLStdHiveAccessController for session context : HiveAuthzSessionContext [sessionString=a85b00ff-dd21-463c-b729-d3c47d1675a1, clientType=HIVESERVER2]
2024-05-01T14:00:06,640  INFO [main] metastore.HiveMetaStoreClient: HMS client filtering is enabled.
2024-05-01T14:00:06,641  INFO [main] metastore.HMSHandler: 0: Opening raw store with implementation class:org.apache.hadoop.hive.metastore.ObjectStore
2024-05-01T14:00:06,641  INFO [main] metastore.PersistenceManagerProvider: Configuration datanucleus.autoStartMechanismMode is not set. Defaulting to 'ignored'
2024-05-01T14:00:06,642  INFO [main] metastore.ObjectStore: RawStore: org.apache.hadoop.hive.metastore.ObjectStore@6ce15112, with PersistenceManager: null will be shutdown
2024-05-01T14:00:06,642  INFO [main] metastore.ObjectStore: RawStore: org.apache.hadoop.hive.metastore.ObjectStore@6ce15112, with PersistenceManager: org.datanucleus.api.jdo.JDOPersistenceManager@ba4f370 created in the thread with id: 1
2024-05-01T14:00:06,649  INFO [main] metastore.HMSHandler: Created RawStore: org.apache.hadoop.hive.metastore.ObjectStore@6ce15112 from thread id: 1
2024-05-01T14:00:06,649  INFO [main] metastore.HMSHandler: HMS server filtering is disabled by configuration
2024-05-01T14:00:06,649  INFO [main] metastore.RetryingMetaStoreClient: RetryingMetaStoreClient proxy=class org.apache.hadoop.hive.ql.metadata.SessionHiveMetaStoreClient ugi=alex (auth:SIMPLE) retries=1 delay=1 lifetime=0
2024-05-01T14:00:06,650  INFO [main] service.CompositeService: Operation log root directory is created: /home/alex/Repositories/hive/beeline/target/tmp/alex/operation_logs
2024-05-01T14:00:06,650  INFO [main] service.CompositeService: HiveServer2: Background operation thread pool size: 100
2024-05-01T14:00:06,650  INFO [main] service.CompositeService: HiveServer2: Background operation thread wait queue size: 100
2024-05-01T14:00:06,650  INFO [main] service.CompositeService: HiveServer2: Background operation thread keepalive time: 10 seconds
2024-05-01T14:00:06,650  INFO [main] service.CompositeService: Connections limit are user: 0 ipaddress: 0 user-ipaddress: 0
2024-05-01T14:00:06,652  INFO [main] cleanup.EventualCleanupService: EventualCleanupService started with 10 threads and queue of size 10000
ERROR StatusLogger Log4j2 ConfigurationScheduler attempted to increment scheduled items after start
ERROR StatusLogger Log4j2 ConfigurationScheduler attempted to increment scheduled items after start
2024-05-01T14:00:06,654  INFO [main] service.AbstractService: Service:OperationManager is inited.
2024-05-01T14:00:06,654  INFO [main] service.AbstractService: Service:SessionManager is inited.
2024-05-01T14:00:06,654  INFO [main] service.AbstractService: Service:CLIService is inited.
2024-05-01T14:00:06,654  INFO [main] service.AbstractService: Service:OperationManager is started.
2024-05-01T14:00:06,654  INFO [main] service.AbstractService: Service:SessionManager is started.
2024-05-01T14:00:06,654  INFO [main] service.AbstractService: Service:CLIService is started.
2024-05-01T14:00:06,654  INFO [main] service.AbstractService: Service:ThriftBinaryCLIService is inited.
2024-05-01T14:00:06,654  INFO [main] thrift.ThriftCLIService: Client protocol version: HIVE_CLI_SERVICE_PROTOCOL_V10
2024-05-01T14:00:06,654  INFO [main] thrift.ThriftCLIService: Creating Hive session handle for user [null] from IP null
2024-05-01T14:00:06,656  INFO [main] DependencyResolver: ivysettings.xml file not found in HIVE_HOME or HIVE_CONF_DIR,/home/alex/Repositories/hive/conf/ivysettings.xml will be used
2024-05-01T14:00:06,666  INFO [main] session.SessionState: Created HDFS directory: /tmp/hive/alex/4caf2a7d-8476-43d4-bd18-04a67da92bc1
2024-05-01T14:00:06,670  INFO [main] session.SessionState: Created local directory: /home/alex/Repositories/hive/beeline/target/tmp/alex/4caf2a7d-8476-43d4-bd18-04a67da92bc1
2024-05-01T14:00:06,674  INFO [main] session.SessionState: Created HDFS directory: /tmp/hive/alex/4caf2a7d-8476-43d4-bd18-04a67da92bc1/_tmp_space.db
2024-05-01T14:00:06,674  INFO [main] session.SessionState: Reloading auxiliary JAR files
2024-05-01T14:00:06,675  WARN [main] session.SessionState: Configuration hive.reloadable.aux.jars.path not specified
2024-05-01T14:00:06,675  INFO [main] HiveMetaStore.audit: ugi=alex	ip=unknown-ip-addr	cmd=Cleaning up thread local RawStore...	
2024-05-01T14:00:06,675  INFO [main] metastore.ObjectStore: RawStore: org.apache.hadoop.hive.metastore.ObjectStore@6ce15112, with PersistenceManager: org.datanucleus.api.jdo.JDOPersistenceManager@ba4f370 will be shutdown
2024-05-01T14:00:06,675  INFO [main] HiveMetaStore.audit: ugi=alex	ip=unknown-ip-addr	cmd=Done cleaning up thread local RawStore	
2024-05-01T14:00:06,675  INFO [main] metastore.HiveMetaStoreClient: Closed a connection to metastore, current connections: -3
2024-05-01T14:00:06,675  INFO [main] session.HiveSessionImpl: Operation log session directory is created: /home/alex/Repositories/hive/beeline/target/tmp/alex/operation_logs/4caf2a7d-8476-43d4-bd18-04a67da92bc1
2024-05-01T14:00:06,675  INFO [main] service.CompositeService: Session opened, SessionHandle [4caf2a7d-8476-43d4-bd18-04a67da92bc1], current sessions:1
2024-05-01T14:00:06,676  INFO [main] thrift.ThriftCLIService: Login attempt is successful for user : null
2024-05-01T14:00:06,742  WARN [main] conf.HiveConf: HiveConf of name hive.dummyparam.test.server.specific.config.override does not exist
2024-05-01T14:00:06,743  WARN [main] conf.HiveConf: HiveConf of name hive.dummyparam.test.server.specific.config.hiveserver2site does not exist
2024-05-01T14:00:06,743  WARN [main] conf.HiveConf: HiveConf of name hive.dummyparam.test.server.specific.config.metastoresite does not exist
2024-05-01T14:00:06,750  INFO [4caf2a7d-8476-43d4-bd18-04a67da92bc1 main] session.HiveSessionImpl: executing set
2024-05-01T14:00:06,752  INFO [4caf2a7d-8476-43d4-bd18-04a67da92bc1 main] operation.HiveCommandOperation: Putting temp output to file /home/alex/Repositories/hive/beeline/target/tmp/alex/4caf2a7d-8476-43d4-bd18-04a67da92bc12535216388608363560.pipeout and error output to file /home/alex/Repositories/hive/beeline/target/tmp/alex/4caf2a7d-8476-43d4-bd18-04a67da92bc13804787512526417831.pipeout
2024-05-01T14:00:06,752  INFO [4caf2a7d-8476-43d4-bd18-04a67da92bc1 main] operation.OperationManager: Adding operation: OperationHandle [opType=EXECUTE_STATEMENT, getHandleIdentifier()=39f14bb5-be2e-4d71-997b-a0f89adeb69b] SessionHandle [4caf2a7d-8476-43d4-bd18-04a67da92bc1]
2024-05-01T14:00:06,752  INFO [4caf2a7d-8476-43d4-bd18-04a67da92bc1 main] common.LogUtils: Thread context registration is done.
DEBUG StatusLogger Building Plugin[name=filter, class=org.apache.hadoop.hive.ql.log.LogDivertAppender$NameFilter].
DEBUG StatusLogger createFilter(loggingLevel="EXECUTION")
DEBUG StatusLogger Building Plugin[name=layout, class=org.apache.logging.log4j.core.layout.PatternLayout].
DEBUG StatusLogger PatternLayout$Builder(pattern="%-5p : %m%n", PatternSelector=null, Configuration(HiveLog4j2Test), Replace=null, charset="null", alwaysWriteExceptions="null", disableAnsi="null", noConsoleNoAnsi="null", header="null", footer="null")
DEBUG StatusLogger Building Plugin[name=appender, class=org.apache.hadoop.hive.ql.log.HushableRandomAccessFileAppender].
DEBUG StatusLogger createAppender(fileName="/home/alex/Repositories/hive/beeline/target/tmp/alex/operation_logs/4caf2a7d-8476-43d4-bd18-04a67da92bc1/alex_20240501140006_f20f061e-4e07-41a3-b84d-ecba5544d6eb", append="null", name="query-file-appender", immediateFlush="null", bufferSize="null", ignoreExceptions="null", PatternLayout(org.apache.logging.log4j.core.layout.PatternLayout with name PatternLayout), NameFilter(org.apache.hadoop.hive.ql.log.LogDivertAppender$NameFilter with name NameFilter), advertise="null", advertiseURI="null", Configuration(HiveLog4j2Test))
DEBUG StatusLogger Starting RandomAccessFileManager /home/alex/Repositories/hive/beeline/target/tmp/alex/operation_logs/4caf2a7d-8476-43d4-bd18-04a67da92bc1/alex_20240501140006_f20f061e-4e07-41a3-b84d-ecba5544d6eb
DEBUG StatusLogger Building Plugin[name=, class=org.apache.hadoop.hive.ql.log.LogDivertAppenderForTest$TestFilter].
DEBUG StatusLogger createFilter()
DEBUG StatusLogger Building Plugin[name=, class=org.apache.logging.log4j.core.layout.PatternLayout].
DEBUG StatusLogger PatternLayout$Builder(pattern="%-5p : %m%n", PatternSelector=null, Configuration(HiveLog4j2Test), Replace=null, charset="null", alwaysWriteExceptions="null", disableAnsi="null", noConsoleNoAnsi="null", header="null", footer="null")
DEBUG StatusLogger Building Plugin[name=appender, class=org.apache.hadoop.hive.ql.log.HushableRandomAccessFileAppender].
DEBUG StatusLogger createAppender(fileName="/home/alex/Repositories/hive/beeline/target/tmp/alex/operation_logs/4caf2a7d-8476-43d4-bd18-04a67da92bc1/alex_20240501140006_f20f061e-4e07-41a3-b84d-ecba5544d6eb.test", append="null", name="test-query-file-appender", immediateFlush="null", bufferSize="null", ignoreExceptions="null", PatternLayout(org.apache.logging.log4j.core.layout.PatternLayout with name PatternLayout), test-filter(org.apache.hadoop.hive.ql.log.LogDivertAppenderForTest$TestFilter with name test-filter), advertise="null", advertiseURI="null", Configuration(HiveLog4j2Test))
DEBUG StatusLogger Starting RandomAccessFileManager /home/alex/Repositories/hive/beeline/target/tmp/alex/operation_logs/4caf2a7d-8476-43d4-bd18-04a67da92bc1/alex_20240501140006_f20f061e-4e07-41a3-b84d-ecba5544d6eb.test
2024-05-01T14:00:06,757  INFO [4caf2a7d-8476-43d4-bd18-04a67da92bc1 main] operation.HiveCommandOperation: [opType=EXECUTE_STATEMENT, queryId=alex_20240501140006_f20f061e-4e07-41a3-b84d-ecba5544d6eb, startTime=1714597206751, sessionId=4caf2a7d-8476-43d4-bd18-04a67da92bc1, createTime=1714597206654, userName=null, ipAddress=null]
2024-05-01T14:00:06,769  INFO [4caf2a7d-8476-43d4-bd18-04a67da92bc1 main] common.LogUtils: Unregistered logging context.
2024-05-01T14:00:06,773  INFO [4caf2a7d-8476-43d4-bd18-04a67da92bc1 main] operation.OperationManager: Closing operation: OperationHandle [opType=EXECUTE_STATEMENT, getHandleIdentifier()=39f14bb5-be2e-4d71-997b-a0f89adeb69b]
2024-05-01T14:00:06,773  INFO [4caf2a7d-8476-43d4-bd18-04a67da92bc1 main] operation.OperationManager: Removed queryId: alex_20240501140006_f20f061e-4e07-41a3-b84d-ecba5544d6eb corresponding to operation: OperationHandle [opType=EXECUTE_STATEMENT, getHandleIdentifier()=39f14bb5-be2e-4d71-997b-a0f89adeb69b] with tag: null
2024-05-01T14:00:06,774  INFO [4caf2a7d-8476-43d4-bd18-04a67da92bc1 main] operation.HiveCommandOperation: Closing operation log /home/alex/Repositories/hive/beeline/target/tmp/alex/operation_logs/4caf2a7d-8476-43d4-bd18-04a67da92bc1/alex_20240501140006_f20f061e-4e07-41a3-b84d-ecba5544d6eb without delay
2024-05-01T14:00:06,778  INFO [4caf2a7d-8476-43d4-bd18-04a67da92bc1 main] session.HiveSessionImpl: executing use test
2024-05-01T14:00:06,780  INFO [4caf2a7d-8476-43d4-bd18-04a67da92bc1 main] operation.OperationManager: Adding operation: OperationHandle [opType=EXECUTE_STATEMENT, getHandleIdentifier()=c0545cef-24cb-41f0-a917-046d37569e00] SessionHandle [4caf2a7d-8476-43d4-bd18-04a67da92bc1]
2024-05-01T14:00:06,781  INFO [4caf2a7d-8476-43d4-bd18-04a67da92bc1 main] common.LogUtils: Thread context registration is done.
DEBUG StatusLogger Building Plugin[name=filter, class=org.apache.hadoop.hive.ql.log.LogDivertAppender$NameFilter].
DEBUG StatusLogger createFilter(loggingLevel="EXECUTION")
DEBUG StatusLogger Building Plugin[name=layout, class=org.apache.logging.log4j.core.layout.PatternLayout].
DEBUG StatusLogger PatternLayout$Builder(pattern="%-5p : %m%n", PatternSelector=null, Configuration(HiveLog4j2Test), Replace=null, charset="null", alwaysWriteExceptions="null", disableAnsi="null", noConsoleNoAnsi="null", header="null", footer="null")
DEBUG StatusLogger Building Plugin[name=appender, class=org.apache.hadoop.hive.ql.log.HushableRandomAccessFileAppender].
DEBUG StatusLogger createAppender(fileName="/home/alex/Repositories/hive/beeline/target/tmp/alex/operation_logs/4caf2a7d-8476-43d4-bd18-04a67da92bc1/alex_20240501140006_d10a3b50-2a7b-4d66-a5cd-1d851a545bb1", append="null", name="query-file-appender", immediateFlush="null", bufferSize="null", ignoreExceptions="null", PatternLayout(org.apache.logging.log4j.core.layout.PatternLayout with name PatternLayout), NameFilter(org.apache.hadoop.hive.ql.log.LogDivertAppender$NameFilter with name NameFilter), advertise="null", advertiseURI="null", Configuration(HiveLog4j2Test))
DEBUG StatusLogger Starting RandomAccessFileManager /home/alex/Repositories/hive/beeline/target/tmp/alex/operation_logs/4caf2a7d-8476-43d4-bd18-04a67da92bc1/alex_20240501140006_d10a3b50-2a7b-4d66-a5cd-1d851a545bb1
DEBUG StatusLogger Building Plugin[name=, class=org.apache.hadoop.hive.ql.log.LogDivertAppenderForTest$TestFilter].
DEBUG StatusLogger createFilter()
DEBUG StatusLogger Building Plugin[name=, class=org.apache.logging.log4j.core.layout.PatternLayout].
DEBUG StatusLogger PatternLayout$Builder(pattern="%-5p : %m%n", PatternSelector=null, Configuration(HiveLog4j2Test), Replace=null, charset="null", alwaysWriteExceptions="null", disableAnsi="null", noConsoleNoAnsi="null", header="null", footer="null")
DEBUG StatusLogger Building Plugin[name=appender, class=org.apache.hadoop.hive.ql.log.HushableRandomAccessFileAppender].
DEBUG StatusLogger createAppender(fileName="/home/alex/Repositories/hive/beeline/target/tmp/alex/operation_logs/4caf2a7d-8476-43d4-bd18-04a67da92bc1/alex_20240501140006_d10a3b50-2a7b-4d66-a5cd-1d851a545bb1.test", append="null", name="test-query-file-appender", immediateFlush="null", bufferSize="null", ignoreExceptions="null", PatternLayout(org.apache.logging.log4j.core.layout.PatternLayout with name PatternLayout), test-filter(org.apache.hadoop.hive.ql.log.LogDivertAppenderForTest$TestFilter with name test-filter), advertise="null", advertiseURI="null", Configuration(HiveLog4j2Test))
DEBUG StatusLogger Starting RandomAccessFileManager /home/alex/Repositories/hive/beeline/target/tmp/alex/operation_logs/4caf2a7d-8476-43d4-bd18-04a67da92bc1/alex_20240501140006_d10a3b50-2a7b-4d66-a5cd-1d851a545bb1.test
2024-05-01T14:00:06,787  INFO [4caf2a7d-8476-43d4-bd18-04a67da92bc1 main] operation.SQLOperation: [opType=EXECUTE_STATEMENT, queryId=alex_20240501140006_d10a3b50-2a7b-4d66-a5cd-1d851a545bb1, startTime=1714597206778, sessionId=4caf2a7d-8476-43d4-bd18-04a67da92bc1, createTime=1714597206654, userName=null, ipAddress=null]
2024-05-01T14:00:06,788  INFO [4caf2a7d-8476-43d4-bd18-04a67da92bc1 main] ql.Driver: Compiling command(queryId=alex_20240501140006_d10a3b50-2a7b-4d66-a5cd-1d851a545bb1): use test
2024-05-01T14:00:06,789  INFO [4caf2a7d-8476-43d4-bd18-04a67da92bc1 main] metastore.HiveMetaStoreClient: HMS client filtering is enabled.
2024-05-01T14:00:06,790  INFO [4caf2a7d-8476-43d4-bd18-04a67da92bc1 main] metastore.HMSHandler: 0: Opening raw store with implementation class:org.apache.hadoop.hive.metastore.ObjectStore
2024-05-01T14:00:06,790  INFO [4caf2a7d-8476-43d4-bd18-04a67da92bc1 main] metastore.PersistenceManagerProvider: Configuration datanucleus.autoStartMechanismMode is not set. Defaulting to 'ignored'
2024-05-01T14:00:06,791  INFO [4caf2a7d-8476-43d4-bd18-04a67da92bc1 main] metastore.ObjectStore: RawStore: org.apache.hadoop.hive.metastore.ObjectStore@15586843, with PersistenceManager: null will be shutdown
2024-05-01T14:00:06,792  INFO [4caf2a7d-8476-43d4-bd18-04a67da92bc1 main] metastore.ObjectStore: RawStore: org.apache.hadoop.hive.metastore.ObjectStore@15586843, with PersistenceManager: org.datanucleus.api.jdo.JDOPersistenceManager@4fbb1144 created in the thread with id: 1
2024-05-01T14:00:06,800  INFO [4caf2a7d-8476-43d4-bd18-04a67da92bc1 main] metastore.HMSHandler: Created RawStore: org.apache.hadoop.hive.metastore.ObjectStore@15586843 from thread id: 1
2024-05-01T14:00:06,800  INFO [4caf2a7d-8476-43d4-bd18-04a67da92bc1 main] metastore.HMSHandler: HMS server filtering is disabled by configuration
2024-05-01T14:00:06,800  INFO [4caf2a7d-8476-43d4-bd18-04a67da92bc1 main] metastore.RetryingMetaStoreClient: RetryingMetaStoreClient proxy=class org.apache.hadoop.hive.ql.metadata.SessionHiveMetaStoreClient ugi=alex (auth:SIMPLE) retries=1 delay=1 lifetime=0
2024-05-01T14:00:06,802  INFO [4caf2a7d-8476-43d4-bd18-04a67da92bc1 main] HiveMetaStore.audit: ugi=alex	ip=unknown-ip-addr	cmd=get_database: test	
2024-05-01T14:00:06,813  INFO [4caf2a7d-8476-43d4-bd18-04a67da92bc1 main] ql.Driver: Semantic Analysis Completed (retrial = false)
2024-05-01T14:00:06,813  INFO [4caf2a7d-8476-43d4-bd18-04a67da92bc1 main] ql.Driver: Created Hive schema: Schema(fieldSchemas:null, properties:null)
2024-05-01T14:00:06,814  INFO [4caf2a7d-8476-43d4-bd18-04a67da92bc1 main] metadata.Hive: Dumping metastore api call timing information for : compilation phase
2024-05-01T14:00:06,815  INFO [4caf2a7d-8476-43d4-bd18-04a67da92bc1 main] metadata.Hive: Total time spent in each metastore function (ms): {isCompatibleWith_(Configuration)=0, getDatabase_(String)=11, flushCache_()=1}
2024-05-01T14:00:06,815  INFO [4caf2a7d-8476-43d4-bd18-04a67da92bc1 main] ql.Driver: Completed compiling command(queryId=alex_20240501140006_d10a3b50-2a7b-4d66-a5cd-1d851a545bb1); Time taken: 0.026 seconds
2024-05-01T14:00:06,816  INFO [4caf2a7d-8476-43d4-bd18-04a67da92bc1 main] common.LogUtils: Unregistered logging context.
2024-05-01T14:00:06,817  INFO [HiveServer2-Background-Pool: Thread-113] common.LogUtils: Thread context registration is done.
2024-05-01T14:00:06,817  INFO [HiveServer2-Background-Pool: Thread-113] reexec.ReExecDriver: Execution #1 of query
2024-05-01T14:00:06,817  INFO [HiveServer2-Background-Pool: Thread-113] ql.Driver: Concurrency mode is disabled, not creating a lock manager
2024-05-01T14:00:06,818  INFO [HiveServer2-Background-Pool: Thread-113] ql.Driver: Executing command(queryId=alex_20240501140006_d10a3b50-2a7b-4d66-a5cd-1d851a545bb1): use test
2024-05-01T14:00:06,818  INFO [HiveServer2-Background-Pool: Thread-113] ql.Driver: Starting task [Stage-0:DDL] in serial mode
2024-05-01T14:00:06,820  INFO [HiveServer2-Background-Pool: Thread-113] HiveMetaStore.audit: ugi=alex	ip=unknown-ip-addr	cmd=get_database: test	
2024-05-01T14:00:06,821  INFO [HiveServer2-Background-Pool: Thread-113] metastore.HMSHandler: 3: Opening raw store with implementation class:org.apache.hadoop.hive.metastore.ObjectStore
2024-05-01T14:00:06,822  INFO [HiveServer2-Background-Pool: Thread-113] metastore.ObjectStore: RawStore: org.apache.hadoop.hive.metastore.ObjectStore@7383a040, with PersistenceManager: null will be shutdown
2024-05-01T14:00:06,822  INFO [HiveServer2-Background-Pool: Thread-113] metastore.ObjectStore: RawStore: org.apache.hadoop.hive.metastore.ObjectStore@7383a040, with PersistenceManager: org.datanucleus.api.jdo.JDOPersistenceManager@36812054 created in the thread with id: 113
2024-05-01T14:00:06,827  INFO [HiveServer2-Background-Pool: Thread-113] metastore.HMSHandler: Created RawStore: org.apache.hadoop.hive.metastore.ObjectStore@7383a040 from thread id: 113
2024-05-01T14:00:06,831  INFO [HiveServer2-Background-Pool: Thread-113] HiveMetaStore.audit: ugi=alex	ip=unknown-ip-addr	cmd=get_database: test	
2024-05-01T14:00:06,834  INFO [HiveServer2-Background-Pool: Thread-113] metadata.Hive: Dumping metastore api call timing information for : execution phase
2024-05-01T14:00:06,835  INFO [HiveServer2-Background-Pool: Thread-113] metadata.Hive: Total time spent in each metastore function (ms): {isCompatibleWith_(Configuration)=1, getDatabase_(String)=15}
2024-05-01T14:00:06,835  INFO [HiveServer2-Background-Pool: Thread-113] ql.Driver: Completed executing command(queryId=alex_20240501140006_d10a3b50-2a7b-4d66-a5cd-1d851a545bb1); Time taken: 0.016 seconds
2024-05-01T14:00:06,835  INFO [HiveServer2-Background-Pool: Thread-113] common.LogUtils: Unregistered logging context.
2024-05-01T14:00:06,839  INFO [4caf2a7d-8476-43d4-bd18-04a67da92bc1 main] operation.OperationManager: Closing operation: OperationHandle [opType=EXECUTE_STATEMENT, getHandleIdentifier()=c0545cef-24cb-41f0-a917-046d37569e00]
2024-05-01T14:00:06,839  INFO [4caf2a7d-8476-43d4-bd18-04a67da92bc1 main] operation.OperationManager: Removed queryId: alex_20240501140006_d10a3b50-2a7b-4d66-a5cd-1d851a545bb1 corresponding to operation: OperationHandle [opType=EXECUTE_STATEMENT, getHandleIdentifier()=c0545cef-24cb-41f0-a917-046d37569e00] with tag: null
2024-05-01T14:00:06,839  INFO [4caf2a7d-8476-43d4-bd18-04a67da92bc1 main] operation.SQLOperation: Closing operation log /home/alex/Repositories/hive/beeline/target/tmp/alex/operation_logs/4caf2a7d-8476-43d4-bd18-04a67da92bc1/alex_20240501140006_d10a3b50-2a7b-4d66-a5cd-1d851a545bb1 without delay
2024-05-01T14:00:06,910  WARN [main] conf.HiveConf: HiveConf of name hive.dummyparam.test.server.specific.config.override does not exist
2024-05-01T14:00:06,910  WARN [main] conf.HiveConf: HiveConf of name hive.dummyparam.test.server.specific.config.hiveserver2site does not exist
2024-05-01T14:00:06,911  WARN [main] conf.HiveConf: HiveConf of name hive.dummyparam.test.server.specific.config.metastoresite does not exist
2024-05-01T14:00:06,911  INFO [4caf2a7d-8476-43d4-bd18-04a67da92bc1 main] session.HiveSessionImpl: executing set
2024-05-01T14:00:06,912  INFO [4caf2a7d-8476-43d4-bd18-04a67da92bc1 main] operation.HiveCommandOperation: Putting temp output to file /home/alex/Repositories/hive/beeline/target/tmp/alex/4caf2a7d-8476-43d4-bd18-04a67da92bc12535216388608363560.pipeout and error output to file /home/alex/Repositories/hive/beeline/target/tmp/alex/4caf2a7d-8476-43d4-bd18-04a67da92bc13804787512526417831.pipeout
2024-05-01T14:00:06,913  INFO [4caf2a7d-8476-43d4-bd18-04a67da92bc1 main] operation.OperationManager: Adding operation: OperationHandle [opType=EXECUTE_STATEMENT, getHandleIdentifier()=445a3902-4736-4997-bdb9-bf4d71f924f9] SessionHandle [4caf2a7d-8476-43d4-bd18-04a67da92bc1]
2024-05-01T14:00:06,913  INFO [4caf2a7d-8476-43d4-bd18-04a67da92bc1 main] common.LogUtils: Thread context registration is done.
DEBUG StatusLogger Building Plugin[name=filter, class=org.apache.hadoop.hive.ql.log.LogDivertAppender$NameFilter].
DEBUG StatusLogger createFilter(loggingLevel="EXECUTION")
DEBUG StatusLogger Building Plugin[name=layout, class=org.apache.logging.log4j.core.layout.PatternLayout].
DEBUG StatusLogger PatternLayout$Builder(pattern="%-5p : %m%n", PatternSelector=null, Configuration(HiveLog4j2Test), Replace=null, charset="null", alwaysWriteExceptions="null", disableAnsi="null", noConsoleNoAnsi="null", header="null", footer="null")
DEBUG StatusLogger Building Plugin[name=appender, class=org.apache.hadoop.hive.ql.log.HushableRandomAccessFileAppender].
DEBUG StatusLogger createAppender(fileName="/home/alex/Repositories/hive/beeline/target/tmp/alex/operation_logs/4caf2a7d-8476-43d4-bd18-04a67da92bc1/alex_20240501140006_f1fb9d2b-f262-47a6-a91e-e3e972c3dab8", append="null", name="query-file-appender", immediateFlush="null", bufferSize="null", ignoreExceptions="null", PatternLayout(org.apache.logging.log4j.core.layout.PatternLayout with name PatternLayout), NameFilter(org.apache.hadoop.hive.ql.log.LogDivertAppender$NameFilter with name NameFilter), advertise="null", advertiseURI="null", Configuration(HiveLog4j2Test))
DEBUG StatusLogger Starting RandomAccessFileManager /home/alex/Repositories/hive/beeline/target/tmp/alex/operation_logs/4caf2a7d-8476-43d4-bd18-04a67da92bc1/alex_20240501140006_f1fb9d2b-f262-47a6-a91e-e3e972c3dab8
DEBUG StatusLogger Building Plugin[name=, class=org.apache.hadoop.hive.ql.log.LogDivertAppenderForTest$TestFilter].
DEBUG StatusLogger createFilter()
DEBUG StatusLogger Building Plugin[name=, class=org.apache.logging.log4j.core.layout.PatternLayout].
DEBUG StatusLogger PatternLayout$Builder(pattern="%-5p : %m%n", PatternSelector=null, Configuration(HiveLog4j2Test), Replace=null, charset="null", alwaysWriteExceptions="null", disableAnsi="null", noConsoleNoAnsi="null", header="null", footer="null")
DEBUG StatusLogger Building Plugin[name=appender, class=org.apache.hadoop.hive.ql.log.HushableRandomAccessFileAppender].
DEBUG StatusLogger createAppender(fileName="/home/alex/Repositories/hive/beeline/target/tmp/alex/operation_logs/4caf2a7d-8476-43d4-bd18-04a67da92bc1/alex_20240501140006_f1fb9d2b-f262-47a6-a91e-e3e972c3dab8.test", append="null", name="test-query-file-appender", immediateFlush="null", bufferSize="null", ignoreExceptions="null", PatternLayout(org.apache.logging.log4j.core.layout.PatternLayout with name PatternLayout), test-filter(org.apache.hadoop.hive.ql.log.LogDivertAppenderForTest$TestFilter with name test-filter), advertise="null", advertiseURI="null", Configuration(HiveLog4j2Test))
DEBUG StatusLogger Starting RandomAccessFileManager /home/alex/Repositories/hive/beeline/target/tmp/alex/operation_logs/4caf2a7d-8476-43d4-bd18-04a67da92bc1/alex_20240501140006_f1fb9d2b-f262-47a6-a91e-e3e972c3dab8.test
2024-05-01T14:00:06,920  INFO [4caf2a7d-8476-43d4-bd18-04a67da92bc1 main] operation.HiveCommandOperation: [opType=EXECUTE_STATEMENT, queryId=alex_20240501140006_f1fb9d2b-f262-47a6-a91e-e3e972c3dab8, startTime=1714597206911, sessionId=4caf2a7d-8476-43d4-bd18-04a67da92bc1, createTime=1714597206654, userName=null, ipAddress=null]
2024-05-01T14:00:06,931  INFO [4caf2a7d-8476-43d4-bd18-04a67da92bc1 main] common.LogUtils: Unregistered logging context.
2024-05-01T14:00:06,937  INFO [4caf2a7d-8476-43d4-bd18-04a67da92bc1 main] operation.OperationManager: Closing operation: OperationHandle [opType=EXECUTE_STATEMENT, getHandleIdentifier()=445a3902-4736-4997-bdb9-bf4d71f924f9]
2024-05-01T14:00:06,937  INFO [4caf2a7d-8476-43d4-bd18-04a67da92bc1 main] operation.OperationManager: Removed queryId: alex_20240501140006_f1fb9d2b-f262-47a6-a91e-e3e972c3dab8 corresponding to operation: OperationHandle [opType=EXECUTE_STATEMENT, getHandleIdentifier()=445a3902-4736-4997-bdb9-bf4d71f924f9] with tag: null
2024-05-01T14:00:06,937  INFO [4caf2a7d-8476-43d4-bd18-04a67da92bc1 main] operation.HiveCommandOperation: Closing operation log /home/alex/Repositories/hive/beeline/target/tmp/alex/operation_logs/4caf2a7d-8476-43d4-bd18-04a67da92bc1/alex_20240501140006_f1fb9d2b-f262-47a6-a91e-e3e972c3dab8 without delay
2024-05-01T14:00:06,939  INFO [4caf2a7d-8476-43d4-bd18-04a67da92bc1 main] session.HiveSessionImpl: executing create table if not exists test.testSrcTbl3(sc3 string)
2024-05-01T14:00:06,940  INFO [4caf2a7d-8476-43d4-bd18-04a67da92bc1 main] operation.OperationManager: Adding operation: OperationHandle [opType=EXECUTE_STATEMENT, getHandleIdentifier()=a1efb876-ef8f-4a5c-a1a9-ba12fa9d27ac] SessionHandle [4caf2a7d-8476-43d4-bd18-04a67da92bc1]
2024-05-01T14:00:06,941  INFO [4caf2a7d-8476-43d4-bd18-04a67da92bc1 main] common.LogUtils: Thread context registration is done.
DEBUG StatusLogger Building Plugin[name=filter, class=org.apache.hadoop.hive.ql.log.LogDivertAppender$NameFilter].
DEBUG StatusLogger createFilter(loggingLevel="EXECUTION")
DEBUG StatusLogger Building Plugin[name=layout, class=org.apache.logging.log4j.core.layout.PatternLayout].
DEBUG StatusLogger PatternLayout$Builder(pattern="%-5p : %m%n", PatternSelector=null, Configuration(HiveLog4j2Test), Replace=null, charset="null", alwaysWriteExceptions="null", disableAnsi="null", noConsoleNoAnsi="null", header="null", footer="null")
DEBUG StatusLogger Building Plugin[name=appender, class=org.apache.hadoop.hive.ql.log.HushableRandomAccessFileAppender].
DEBUG StatusLogger createAppender(fileName="/home/alex/Repositories/hive/beeline/target/tmp/alex/operation_logs/4caf2a7d-8476-43d4-bd18-04a67da92bc1/alex_20240501140006_382e6223-e6f6-4ecc-ac68-417d6f341c8f", append="null", name="query-file-appender", immediateFlush="null", bufferSize="null", ignoreExceptions="null", PatternLayout(org.apache.logging.log4j.core.layout.PatternLayout with name PatternLayout), NameFilter(org.apache.hadoop.hive.ql.log.LogDivertAppender$NameFilter with name NameFilter), advertise="null", advertiseURI="null", Configuration(HiveLog4j2Test))
DEBUG StatusLogger Starting RandomAccessFileManager /home/alex/Repositories/hive/beeline/target/tmp/alex/operation_logs/4caf2a7d-8476-43d4-bd18-04a67da92bc1/alex_20240501140006_382e6223-e6f6-4ecc-ac68-417d6f341c8f
DEBUG StatusLogger Building Plugin[name=, class=org.apache.hadoop.hive.ql.log.LogDivertAppenderForTest$TestFilter].
DEBUG StatusLogger createFilter()
DEBUG StatusLogger Building Plugin[name=, class=org.apache.logging.log4j.core.layout.PatternLayout].
DEBUG StatusLogger PatternLayout$Builder(pattern="%-5p : %m%n", PatternSelector=null, Configuration(HiveLog4j2Test), Replace=null, charset="null", alwaysWriteExceptions="null", disableAnsi="null", noConsoleNoAnsi="null", header="null", footer="null")
DEBUG StatusLogger Building Plugin[name=appender, class=org.apache.hadoop.hive.ql.log.HushableRandomAccessFileAppender].
DEBUG StatusLogger createAppender(fileName="/home/alex/Repositories/hive/beeline/target/tmp/alex/operation_logs/4caf2a7d-8476-43d4-bd18-04a67da92bc1/alex_20240501140006_382e6223-e6f6-4ecc-ac68-417d6f341c8f.test", append="null", name="test-query-file-appender", immediateFlush="null", bufferSize="null", ignoreExceptions="null", PatternLayout(org.apache.logging.log4j.core.layout.PatternLayout with name PatternLayout), test-filter(org.apache.hadoop.hive.ql.log.LogDivertAppenderForTest$TestFilter with name test-filter), advertise="null", advertiseURI="null", Configuration(HiveLog4j2Test))
DEBUG StatusLogger Starting RandomAccessFileManager /home/alex/Repositories/hive/beeline/target/tmp/alex/operation_logs/4caf2a7d-8476-43d4-bd18-04a67da92bc1/alex_20240501140006_382e6223-e6f6-4ecc-ac68-417d6f341c8f.test
2024-05-01T14:00:06,947  INFO [4caf2a7d-8476-43d4-bd18-04a67da92bc1 main] operation.SQLOperation: [opType=EXECUTE_STATEMENT, queryId=alex_20240501140006_382e6223-e6f6-4ecc-ac68-417d6f341c8f, startTime=1714597206940, sessionId=4caf2a7d-8476-43d4-bd18-04a67da92bc1, createTime=1714597206654, userName=null, ipAddress=null]
2024-05-01T14:00:06,949  INFO [4caf2a7d-8476-43d4-bd18-04a67da92bc1 main] ql.Driver: Compiling command(queryId=alex_20240501140006_382e6223-e6f6-4ecc-ac68-417d6f341c8f): create table if not exists test.testSrcTbl3(sc3 string)
2024-05-01T14:00:07,072  INFO [4caf2a7d-8476-43d4-bd18-04a67da92bc1 main] parse.CalcitePlanner: Starting caching scope for: alex_20240501140006_382e6223-e6f6-4ecc-ac68-417d6f341c8f
2024-05-01T14:00:07,076  INFO [4caf2a7d-8476-43d4-bd18-04a67da92bc1 main] parse.CalcitePlanner: Starting Semantic Analysis
2024-05-01T14:00:07,076  INFO [4caf2a7d-8476-43d4-bd18-04a67da92bc1 main] sqlstd.SQLStdHiveAccessController: Created SQLStdHiveAccessController for session context : HiveAuthzSessionContext [sessionString=4caf2a7d-8476-43d4-bd18-04a67da92bc1, clientType=HIVESERVER2]
2024-05-01T14:00:07,090  INFO [4caf2a7d-8476-43d4-bd18-04a67da92bc1 main] parse.CalcitePlanner: Creating table test.testSrcTbl3 position=27
2024-05-01T14:00:07,108  INFO [4caf2a7d-8476-43d4-bd18-04a67da92bc1 main] HiveMetaStore.audit: ugi=alex	ip=unknown-ip-addr	cmd=get_table : tbl=hive.test.testSrcTbl3	
2024-05-01T14:00:07,126  INFO [4caf2a7d-8476-43d4-bd18-04a67da92bc1 main] HiveMetaStore.audit: ugi=alex	ip=unknown-ip-addr	cmd=get_database: test	
2024-05-01T14:00:07,141  INFO [4caf2a7d-8476-43d4-bd18-04a67da92bc1 main] parse.CalcitePlanner: Ending caching scope for: alex_20240501140006_382e6223-e6f6-4ecc-ac68-417d6f341c8f
2024-05-01T14:00:07,141  INFO [4caf2a7d-8476-43d4-bd18-04a67da92bc1 main] ql.Driver: Semantic Analysis Completed (retrial = false)
2024-05-01T14:00:07,141  INFO [4caf2a7d-8476-43d4-bd18-04a67da92bc1 main] ql.Driver: Created Hive schema: Schema(fieldSchemas:null, properties:null)
2024-05-01T14:00:07,141  INFO [4caf2a7d-8476-43d4-bd18-04a67da92bc1 main] metadata.Hive: Dumping metastore api call timing information for : compilation phase
2024-05-01T14:00:07,141  INFO [4caf2a7d-8476-43d4-bd18-04a67da92bc1 main] metadata.Hive: Total time spent in each metastore function (ms): {isCompatibleWith_(Configuration)=0, getDatabase_(String)=2, flushCache_()=0}
2024-05-01T14:00:07,141  INFO [4caf2a7d-8476-43d4-bd18-04a67da92bc1 main] ql.Driver: Completed compiling command(queryId=alex_20240501140006_382e6223-e6f6-4ecc-ac68-417d6f341c8f); Time taken: 0.192 seconds
2024-05-01T14:00:07,142  INFO [4caf2a7d-8476-43d4-bd18-04a67da92bc1 main] common.LogUtils: Unregistered logging context.
2024-05-01T14:00:07,142  INFO [HiveServer2-Background-Pool: Thread-116] common.LogUtils: Thread context registration is done.
2024-05-01T14:00:07,142  INFO [HiveServer2-Background-Pool: Thread-116] reexec.ReExecDriver: Execution #1 of query
2024-05-01T14:00:07,143  INFO [HiveServer2-Background-Pool: Thread-116] ql.Driver: Concurrency mode is disabled, not creating a lock manager
2024-05-01T14:00:07,143  INFO [HiveServer2-Background-Pool: Thread-116] ql.Driver: Executing command(queryId=alex_20240501140006_382e6223-e6f6-4ecc-ac68-417d6f341c8f): create table if not exists test.testSrcTbl3(sc3 string)
2024-05-01T14:00:07,144  INFO [HiveServer2-Background-Pool: Thread-116] ql.Driver: Starting task [Stage-0:DDL] in serial mode
2024-05-01T14:00:07,285  INFO [HiveServer2-Background-Pool: Thread-116] HiveMetaStore.audit: ugi=alex	ip=unknown-ip-addr	cmd=create_table_req: Table(tableName:testSrcTbl3, dbName:test, owner:alex, createTime:1714597207, lastAccessTime:0, retention:0, sd:StorageDescriptor(cols:[FieldSchema(name:sc3, type:string, comment:null)], location:null, inputFormat:org.apache.hadoop.mapred.TextInputFormat, outputFormat:org.apache.hadoop.hive.ql.io.HiveIgnoreKeyTextOutputFormat, compressed:false, numBuckets:-1, serdeInfo:SerDeInfo(name:null, serializationLib:org.apache.hadoop.hive.serde2.lazy.LazySimpleSerDe, parameters:{serialization.format=1}), bucketCols:[], sortCols:[], parameters:{}, skewedInfo:SkewedInfo(skewedColNames:[], skewedColValues:[], skewedColValueLocationMaps:{}), storedAsSubDirectories:false), partitionKeys:[], parameters:{totalSize=0, numRows=0, rawDataSize=0, COLUMN_STATS_ACCURATE={"BASIC_STATS":"true","COLUMN_STATS":{"sc3":"true"}}, numFiles=0, bucketing_version=2, numFilesErasureCoded=0}, viewOriginalText:null, viewExpandedText:null, tableType:MANAGED_TABLE, privileges:PrincipalPrivilegeSet(userPrivileges:{alex=[PrivilegeGrantInfo(privilege:INSERT, createTime:-1, grantor:alex, grantorType:USER, grantOption:true), PrivilegeGrantInfo(privilege:SELECT, createTime:-1, grantor:alex, grantorType:USER, grantOption:true), PrivilegeGrantInfo(privilege:UPDATE, createTime:-1, grantor:alex, grantorType:USER, grantOption:true), PrivilegeGrantInfo(privilege:DELETE, createTime:-1, grantor:alex, grantorType:USER, grantOption:true)]}, groupPrivileges:null, rolePrivileges:null), temporary:false, catName:hive, ownerType:USER)	
2024-05-01T14:00:07,286  INFO [HiveServer2-Background-Pool: Thread-116] metastore.HMSHandler: 4: Opening raw store with implementation class:org.apache.hadoop.hive.metastore.ObjectStore
2024-05-01T14:00:07,287  INFO [HiveServer2-Background-Pool: Thread-116] metastore.ObjectStore: RawStore: org.apache.hadoop.hive.metastore.ObjectStore@267c3204, with PersistenceManager: null will be shutdown
2024-05-01T14:00:07,287  INFO [HiveServer2-Background-Pool: Thread-116] metastore.ObjectStore: RawStore: org.apache.hadoop.hive.metastore.ObjectStore@267c3204, with PersistenceManager: org.datanucleus.api.jdo.JDOPersistenceManager@6cdf32f9 created in the thread with id: 116
2024-05-01T14:00:07,291  INFO [HiveServer2-Background-Pool: Thread-116] metastore.HMSHandler: Created RawStore: org.apache.hadoop.hive.metastore.ObjectStore@267c3204 from thread id: 116
2024-05-01T14:00:07,301  INFO [HiveServer2-Background-Pool: Thread-116] utils.FileUtils: Creating directory if it doesn't exist: file:/home/alex/Repositories/hive/beeline/target/tmp/warehouse/test.db/testsrctbl3
2024-05-01T14:00:07,471  INFO [HiveServer2-Background-Pool: Thread-116] metadata.Hive: Dumping metastore api call timing information for : execution phase
2024-05-01T14:00:07,472  INFO [HiveServer2-Background-Pool: Thread-116] metadata.Hive: Total time spent in each metastore function (ms): {isCompatibleWith_(Configuration)=0, createTable_(Table)=187}
2024-05-01T14:00:07,472  INFO [HiveServer2-Background-Pool: Thread-116] ql.Driver: Completed executing command(queryId=alex_20240501140006_382e6223-e6f6-4ecc-ac68-417d6f341c8f); Time taken: 0.328 seconds
2024-05-01T14:00:07,472  INFO [HiveServer2-Background-Pool: Thread-116] common.LogUtils: Unregistered logging context.
2024-05-01T14:00:07,474  INFO [4caf2a7d-8476-43d4-bd18-04a67da92bc1 main] operation.OperationManager: Closing operation: OperationHandle [opType=EXECUTE_STATEMENT, getHandleIdentifier()=a1efb876-ef8f-4a5c-a1a9-ba12fa9d27ac]
2024-05-01T14:00:07,474  INFO [4caf2a7d-8476-43d4-bd18-04a67da92bc1 main] operation.OperationManager: Removed queryId: alex_20240501140006_382e6223-e6f6-4ecc-ac68-417d6f341c8f corresponding to operation: OperationHandle [opType=EXECUTE_STATEMENT, getHandleIdentifier()=a1efb876-ef8f-4a5c-a1a9-ba12fa9d27ac] with tag: null
2024-05-01T14:00:07,475  INFO [4caf2a7d-8476-43d4-bd18-04a67da92bc1 main] operation.SQLOperation: Closing operation log /home/alex/Repositories/hive/beeline/target/tmp/alex/operation_logs/4caf2a7d-8476-43d4-bd18-04a67da92bc1/alex_20240501140006_382e6223-e6f6-4ecc-ac68-417d6f341c8f without delay
2024-05-01T14:00:07,481  INFO [main] service.CompositeService: Session closed, SessionHandle [4caf2a7d-8476-43d4-bd18-04a67da92bc1], current sessions:0
2024-05-01T14:00:07,481  INFO [4caf2a7d-8476-43d4-bd18-04a67da92bc1 main] session.HiveSessionImpl: Operation log session directory is deleted: /home/alex/Repositories/hive/beeline/target/tmp/alex/operation_logs/4caf2a7d-8476-43d4-bd18-04a67da92bc1
2024-05-01T14:00:07,482  INFO [main] cleanup.EventualCleanupService: Delete /tmp/hive/alex/4caf2a7d-8476-43d4-bd18-04a67da92bc1 operation was queued
2024-05-01T14:00:07,482  INFO [main] cleanup.EventualCleanupService: Delete /home/alex/Repositories/hive/beeline/target/tmp/alex/4caf2a7d-8476-43d4-bd18-04a67da92bc1 operation was queued
2024-05-01T14:00:07,483  INFO [main] HiveMetaStore.audit: ugi=alex	ip=unknown-ip-addr	cmd=Cleaning up thread local RawStore...	
2024-05-01T14:00:07,483  INFO [main] metastore.ObjectStore: RawStore: org.apache.hadoop.hive.metastore.ObjectStore@15586843, with PersistenceManager: org.datanucleus.api.jdo.JDOPersistenceManager@4fbb1144 will be shutdown
2024-05-01T14:00:07,484  INFO [main] HiveMetaStore.audit: ugi=alex	ip=unknown-ip-addr	cmd=Done cleaning up thread local RawStore	
2024-05-01T14:00:07,484  INFO [main] metastore.HiveMetaStoreClient: Closed a connection to metastore, current connections: -4
2024-05-01T14:00:07,485  INFO [EventualCleanupService thread 0] cleanup.EventualCleanupService: Deleted /tmp/hive/alex/4caf2a7d-8476-43d4-bd18-04a67da92bc1
2024-05-01T14:00:07,485  INFO [EventualCleanupService thread 1] cleanup.EventualCleanupService: Deleted /home/alex/Repositories/hive/beeline/target/tmp/alex/4caf2a7d-8476-43d4-bd18-04a67da92bc1
]]></system-err>
  </testcase>
  <testcase name="testSourceCmd3" classname="org.apache.hive.beeline.cli.TestHiveCli" time="0.818">
    <failure type="java.lang.AssertionError"><![CDATA[java.lang.AssertionError: Supported return code is 2 while the actual is 0
	at org.junit.Assert.fail(Assert.java:89)
	at org.apache.hive.beeline.cli.TestHiveCli.executeCMD(TestHiveCli.java:256)
	at org.apache.hive.beeline.cli.TestHiveCli.verifyCMD(TestHiveCli.java:266)
	at org.apache.hive.beeline.cli.TestHiveCli.testSourceCmd3(TestHiveCli.java:130)
	at sun.reflect.NativeMethodAccessorImpl.invoke0(Native Method)
	at sun.reflect.NativeMethodAccessorImpl.invoke(NativeMethodAccessorImpl.java:62)
	at sun.reflect.DelegatingMethodAccessorImpl.invoke(DelegatingMethodAccessorImpl.java:43)
	at java.lang.reflect.Method.invoke(Method.java:498)
	at org.junit.runners.model.FrameworkMethod$1.runReflectiveCall(FrameworkMethod.java:59)
	at org.junit.internal.runners.model.ReflectiveCallable.run(ReflectiveCallable.java:12)
	at org.junit.runners.model.FrameworkMethod.invokeExplosively(FrameworkMethod.java:56)
	at org.junit.internal.runners.statements.InvokeMethod.evaluate(InvokeMethod.java:17)
	at org.junit.internal.runners.statements.RunBefores.evaluate(RunBefores.java:26)
	at org.junit.internal.runners.statements.RunAfters.evaluate(RunAfters.java:27)
	at org.junit.runners.ParentRunner$3.evaluate(ParentRunner.java:306)
	at org.junit.runners.BlockJUnit4ClassRunner$1.evaluate(BlockJUnit4ClassRunner.java:100)
	at org.junit.runners.ParentRunner.runLeaf(ParentRunner.java:366)
	at org.junit.runners.BlockJUnit4ClassRunner.runChild(BlockJUnit4ClassRunner.java:103)
	at org.junit.runners.BlockJUnit4ClassRunner.runChild(BlockJUnit4ClassRunner.java:63)
	at org.junit.runners.ParentRunner$4.run(ParentRunner.java:331)
	at org.junit.runners.ParentRunner$1.schedule(ParentRunner.java:79)
	at org.junit.runners.ParentRunner.runChildren(ParentRunner.java:329)
	at org.junit.runners.ParentRunner.access$100(ParentRunner.java:66)
	at org.junit.runners.ParentRunner$2.evaluate(ParentRunner.java:293)
	at org.junit.internal.runners.statements.RunBefores.evaluate(RunBefores.java:26)
	at org.junit.runners.ParentRunner$3.evaluate(ParentRunner.java:306)
	at org.junit.runners.ParentRunner.run(ParentRunner.java:413)
	at org.junit.runner.JUnitCore.run(JUnitCore.java:137)
	at org.junit.runner.JUnitCore.run(JUnitCore.java:115)
	at org.junit.vintage.engine.execution.RunnerExecutor.execute(RunnerExecutor.java:43)
	at java.util.stream.ForEachOps$ForEachOp$OfRef.accept(ForEachOps.java:183)
	at java.util.stream.ReferencePipeline$3$1.accept(ReferencePipeline.java:193)
	at java.util.Iterator.forEachRemaining(Iterator.java:116)
	at java.util.Spliterators$IteratorSpliterator.forEachRemaining(Spliterators.java:1801)
	at java.util.stream.AbstractPipeline.copyInto(AbstractPipeline.java:482)
	at java.util.stream.AbstractPipeline.wrapAndCopyInto(AbstractPipeline.java:472)
	at java.util.stream.ForEachOps$ForEachOp.evaluateSequential(ForEachOps.java:150)
	at java.util.stream.ForEachOps$ForEachOp$OfRef.evaluateSequential(ForEachOps.java:173)
	at java.util.stream.AbstractPipeline.evaluate(AbstractPipeline.java:234)
	at java.util.stream.ReferencePipeline.forEach(ReferencePipeline.java:485)
	at org.junit.vintage.engine.VintageTestEngine.executeAllChildren(VintageTestEngine.java:82)
	at org.junit.vintage.engine.VintageTestEngine.execute(VintageTestEngine.java:73)
	at org.junit.platform.launcher.core.DefaultLauncher.execute(DefaultLauncher.java:248)
	at org.junit.platform.launcher.core.DefaultLauncher.lambda$execute$5(DefaultLauncher.java:211)
	at org.junit.platform.launcher.core.DefaultLauncher.withInterceptedStreams(DefaultLauncher.java:226)
	at org.junit.platform.launcher.core.DefaultLauncher.execute(DefaultLauncher.java:199)
	at org.junit.platform.launcher.core.DefaultLauncher.execute(DefaultLauncher.java:132)
	at org.apache.maven.surefire.junitplatform.JUnitPlatformProvider.invokeAllTests(JUnitPlatformProvider.java:154)
	at org.apache.maven.surefire.junitplatform.JUnitPlatformProvider.invoke(JUnitPlatformProvider.java:123)
	at org.apache.maven.surefire.booter.ForkedBooter.runSuitesInProcess(ForkedBooter.java:377)
	at org.apache.maven.surefire.booter.ForkedBooter.execute(ForkedBooter.java:138)
	at org.apache.maven.surefire.booter.ForkedBooter.run(ForkedBooter.java:465)
	at org.apache.maven.surefire.booter.ForkedBooter.main(ForkedBooter.java:451)
]]></failure>
    <system-err><![CDATA[2024-05-01T14:00:07,487 ERROR [main] cli.TestHiveCli: Failed to execute command due to the error: java.lang.NullPointerException: Null output stream
2024-05-01T14:00:07,554  WARN [main] conf.HiveConf: HiveConf of name hive.dummyparam.test.server.specific.config.override does not exist
2024-05-01T14:00:07,555  WARN [main] conf.HiveConf: HiveConf of name hive.dummyparam.test.server.specific.config.hiveserver2site does not exist
2024-05-01T14:00:07,555  WARN [main] conf.HiveConf: HiveConf of name hive.dummyparam.test.server.specific.config.metastoresite does not exist
2024-05-01T14:00:07,555  INFO [main] SessionState: Hive Session ID = 4b1bf074-226d-405e-8611-9ce7446299ba
2024-05-01T14:00:07,556  INFO [main] DependencyResolver: ivysettings.xml file not found in HIVE_HOME or HIVE_CONF_DIR,/home/alex/Repositories/hive/conf/ivysettings.xml will be used
2024-05-01T14:00:07,566  INFO [main] session.SessionState: Created HDFS directory: /tmp/hive/alex/4b1bf074-226d-405e-8611-9ce7446299ba
2024-05-01T14:00:07,570  INFO [main] session.SessionState: Created local directory: /home/alex/Repositories/hive/beeline/target/tmp/alex/4b1bf074-226d-405e-8611-9ce7446299ba
2024-05-01T14:00:07,574  INFO [main] session.SessionState: Created HDFS directory: /tmp/hive/alex/4b1bf074-226d-405e-8611-9ce7446299ba/_tmp_space.db
2024-05-01T14:00:07,575  INFO [main] sqlstd.SQLStdHiveAccessController: Created SQLStdHiveAccessController for session context : HiveAuthzSessionContext [sessionString=4b1bf074-226d-405e-8611-9ce7446299ba, clientType=HIVESERVER2]
2024-05-01T14:00:07,576  INFO [main] metastore.HiveMetaStoreClient: HMS client filtering is enabled.
2024-05-01T14:00:07,577  INFO [main] metastore.HMSHandler: 0: Opening raw store with implementation class:org.apache.hadoop.hive.metastore.ObjectStore
2024-05-01T14:00:07,577  INFO [main] metastore.PersistenceManagerProvider: Configuration datanucleus.autoStartMechanismMode is not set. Defaulting to 'ignored'
2024-05-01T14:00:07,578  INFO [main] metastore.ObjectStore: RawStore: org.apache.hadoop.hive.metastore.ObjectStore@2712e8f4, with PersistenceManager: null will be shutdown
2024-05-01T14:00:07,578  INFO [main] metastore.ObjectStore: RawStore: org.apache.hadoop.hive.metastore.ObjectStore@2712e8f4, with PersistenceManager: org.datanucleus.api.jdo.JDOPersistenceManager@5896cb9c created in the thread with id: 1
2024-05-01T14:00:07,592  INFO [main] metastore.HMSHandler: Created RawStore: org.apache.hadoop.hive.metastore.ObjectStore@2712e8f4 from thread id: 1
2024-05-01T14:00:07,592  INFO [main] metastore.HMSHandler: HMS server filtering is disabled by configuration
2024-05-01T14:00:07,593  INFO [main] metastore.RetryingMetaStoreClient: RetryingMetaStoreClient proxy=class org.apache.hadoop.hive.ql.metadata.SessionHiveMetaStoreClient ugi=alex (auth:SIMPLE) retries=1 delay=1 lifetime=0
2024-05-01T14:00:07,593  INFO [main] service.CompositeService: Operation log root directory is created: /home/alex/Repositories/hive/beeline/target/tmp/alex/operation_logs
2024-05-01T14:00:07,593  INFO [main] service.CompositeService: HiveServer2: Background operation thread pool size: 100
2024-05-01T14:00:07,593  INFO [main] service.CompositeService: HiveServer2: Background operation thread wait queue size: 100
2024-05-01T14:00:07,593  INFO [main] service.CompositeService: HiveServer2: Background operation thread keepalive time: 10 seconds
2024-05-01T14:00:07,593  INFO [main] service.CompositeService: Connections limit are user: 0 ipaddress: 0 user-ipaddress: 0
2024-05-01T14:00:07,595  INFO [main] cleanup.EventualCleanupService: EventualCleanupService started with 10 threads and queue of size 10000
ERROR StatusLogger Log4j2 ConfigurationScheduler attempted to increment scheduled items after start
ERROR StatusLogger Log4j2 ConfigurationScheduler attempted to increment scheduled items after start
2024-05-01T14:00:07,598  INFO [main] service.AbstractService: Service:OperationManager is inited.
2024-05-01T14:00:07,598  INFO [main] service.AbstractService: Service:SessionManager is inited.
2024-05-01T14:00:07,598  INFO [main] service.AbstractService: Service:CLIService is inited.
2024-05-01T14:00:07,598  INFO [main] service.AbstractService: Service:OperationManager is started.
2024-05-01T14:00:07,598  INFO [main] service.AbstractService: Service:SessionManager is started.
2024-05-01T14:00:07,598  INFO [main] service.AbstractService: Service:CLIService is started.
2024-05-01T14:00:07,598  INFO [main] service.AbstractService: Service:ThriftBinaryCLIService is inited.
2024-05-01T14:00:07,599  INFO [main] thrift.ThriftCLIService: Client protocol version: HIVE_CLI_SERVICE_PROTOCOL_V10
2024-05-01T14:00:07,599  INFO [main] thrift.ThriftCLIService: Creating Hive session handle for user [null] from IP null
2024-05-01T14:00:07,600  INFO [main] DependencyResolver: ivysettings.xml file not found in HIVE_HOME or HIVE_CONF_DIR,/home/alex/Repositories/hive/conf/ivysettings.xml will be used
2024-05-01T14:00:07,609  INFO [main] session.SessionState: Created HDFS directory: /tmp/hive/alex/0f99023a-4b47-45b1-ab50-cb19bd070456
2024-05-01T14:00:07,614  INFO [main] session.SessionState: Created local directory: /home/alex/Repositories/hive/beeline/target/tmp/alex/0f99023a-4b47-45b1-ab50-cb19bd070456
2024-05-01T14:00:07,619  INFO [main] session.SessionState: Created HDFS directory: /tmp/hive/alex/0f99023a-4b47-45b1-ab50-cb19bd070456/_tmp_space.db
2024-05-01T14:00:07,619  INFO [main] session.SessionState: Reloading auxiliary JAR files
2024-05-01T14:00:07,619  WARN [main] session.SessionState: Configuration hive.reloadable.aux.jars.path not specified
2024-05-01T14:00:07,620  INFO [main] HiveMetaStore.audit: ugi=alex	ip=unknown-ip-addr	cmd=Cleaning up thread local RawStore...	
2024-05-01T14:00:07,620  INFO [main] metastore.ObjectStore: RawStore: org.apache.hadoop.hive.metastore.ObjectStore@2712e8f4, with PersistenceManager: org.datanucleus.api.jdo.JDOPersistenceManager@5896cb9c will be shutdown
2024-05-01T14:00:07,620  INFO [main] HiveMetaStore.audit: ugi=alex	ip=unknown-ip-addr	cmd=Done cleaning up thread local RawStore	
2024-05-01T14:00:07,620  INFO [main] metastore.HiveMetaStoreClient: Closed a connection to metastore, current connections: -5
2024-05-01T14:00:07,620  INFO [main] session.HiveSessionImpl: Operation log session directory is created: /home/alex/Repositories/hive/beeline/target/tmp/alex/operation_logs/0f99023a-4b47-45b1-ab50-cb19bd070456
2024-05-01T14:00:07,620  INFO [main] service.CompositeService: Session opened, SessionHandle [0f99023a-4b47-45b1-ab50-cb19bd070456], current sessions:1
2024-05-01T14:00:07,620  INFO [main] thrift.ThriftCLIService: Login attempt is successful for user : null
2024-05-01T14:00:07,688  WARN [main] conf.HiveConf: HiveConf of name hive.dummyparam.test.server.specific.config.override does not exist
2024-05-01T14:00:07,689  WARN [main] conf.HiveConf: HiveConf of name hive.dummyparam.test.server.specific.config.hiveserver2site does not exist
2024-05-01T14:00:07,689  WARN [main] conf.HiveConf: HiveConf of name hive.dummyparam.test.server.specific.config.metastoresite does not exist
2024-05-01T14:00:07,689  INFO [0f99023a-4b47-45b1-ab50-cb19bd070456 main] session.HiveSessionImpl: executing set
2024-05-01T14:00:07,690  INFO [0f99023a-4b47-45b1-ab50-cb19bd070456 main] operation.HiveCommandOperation: Putting temp output to file /home/alex/Repositories/hive/beeline/target/tmp/alex/0f99023a-4b47-45b1-ab50-cb19bd0704564243977955659251158.pipeout and error output to file /home/alex/Repositories/hive/beeline/target/tmp/alex/0f99023a-4b47-45b1-ab50-cb19bd0704564623865491206685441.pipeout
2024-05-01T14:00:07,690  INFO [0f99023a-4b47-45b1-ab50-cb19bd070456 main] operation.OperationManager: Adding operation: OperationHandle [opType=EXECUTE_STATEMENT, getHandleIdentifier()=e06d6d27-ad5e-4e07-8825-e54d50e44127] SessionHandle [0f99023a-4b47-45b1-ab50-cb19bd070456]
2024-05-01T14:00:07,690  INFO [0f99023a-4b47-45b1-ab50-cb19bd070456 main] common.LogUtils: Thread context registration is done.
DEBUG StatusLogger Building Plugin[name=filter, class=org.apache.hadoop.hive.ql.log.LogDivertAppender$NameFilter].
DEBUG StatusLogger createFilter(loggingLevel="EXECUTION")
DEBUG StatusLogger Building Plugin[name=layout, class=org.apache.logging.log4j.core.layout.PatternLayout].
DEBUG StatusLogger PatternLayout$Builder(pattern="%-5p : %m%n", PatternSelector=null, Configuration(HiveLog4j2Test), Replace=null, charset="null", alwaysWriteExceptions="null", disableAnsi="null", noConsoleNoAnsi="null", header="null", footer="null")
DEBUG StatusLogger Building Plugin[name=appender, class=org.apache.hadoop.hive.ql.log.HushableRandomAccessFileAppender].
DEBUG StatusLogger createAppender(fileName="/home/alex/Repositories/hive/beeline/target/tmp/alex/operation_logs/0f99023a-4b47-45b1-ab50-cb19bd070456/alex_20240501140007_eae088ce-d636-49cb-91d1-63b685466f0d", append="null", name="query-file-appender", immediateFlush="null", bufferSize="null", ignoreExceptions="null", PatternLayout(org.apache.logging.log4j.core.layout.PatternLayout with name PatternLayout), NameFilter(org.apache.hadoop.hive.ql.log.LogDivertAppender$NameFilter with name NameFilter), advertise="null", advertiseURI="null", Configuration(HiveLog4j2Test))
DEBUG StatusLogger Starting RandomAccessFileManager /home/alex/Repositories/hive/beeline/target/tmp/alex/operation_logs/0f99023a-4b47-45b1-ab50-cb19bd070456/alex_20240501140007_eae088ce-d636-49cb-91d1-63b685466f0d
DEBUG StatusLogger Building Plugin[name=, class=org.apache.hadoop.hive.ql.log.LogDivertAppenderForTest$TestFilter].
DEBUG StatusLogger createFilter()
DEBUG StatusLogger Building Plugin[name=, class=org.apache.logging.log4j.core.layout.PatternLayout].
DEBUG StatusLogger PatternLayout$Builder(pattern="%-5p : %m%n", PatternSelector=null, Configuration(HiveLog4j2Test), Replace=null, charset="null", alwaysWriteExceptions="null", disableAnsi="null", noConsoleNoAnsi="null", header="null", footer="null")
DEBUG StatusLogger Building Plugin[name=appender, class=org.apache.hadoop.hive.ql.log.HushableRandomAccessFileAppender].
DEBUG StatusLogger createAppender(fileName="/home/alex/Repositories/hive/beeline/target/tmp/alex/operation_logs/0f99023a-4b47-45b1-ab50-cb19bd070456/alex_20240501140007_eae088ce-d636-49cb-91d1-63b685466f0d.test", append="null", name="test-query-file-appender", immediateFlush="null", bufferSize="null", ignoreExceptions="null", PatternLayout(org.apache.logging.log4j.core.layout.PatternLayout with name PatternLayout), test-filter(org.apache.hadoop.hive.ql.log.LogDivertAppenderForTest$TestFilter with name test-filter), advertise="null", advertiseURI="null", Configuration(HiveLog4j2Test))
DEBUG StatusLogger Starting RandomAccessFileManager /home/alex/Repositories/hive/beeline/target/tmp/alex/operation_logs/0f99023a-4b47-45b1-ab50-cb19bd070456/alex_20240501140007_eae088ce-d636-49cb-91d1-63b685466f0d.test
2024-05-01T14:00:07,696  INFO [0f99023a-4b47-45b1-ab50-cb19bd070456 main] operation.HiveCommandOperation: [opType=EXECUTE_STATEMENT, queryId=alex_20240501140007_eae088ce-d636-49cb-91d1-63b685466f0d, startTime=1714597207689, sessionId=0f99023a-4b47-45b1-ab50-cb19bd070456, createTime=1714597207599, userName=null, ipAddress=null]
2024-05-01T14:00:07,707  INFO [0f99023a-4b47-45b1-ab50-cb19bd070456 main] common.LogUtils: Unregistered logging context.
2024-05-01T14:00:07,710  INFO [0f99023a-4b47-45b1-ab50-cb19bd070456 main] operation.OperationManager: Closing operation: OperationHandle [opType=EXECUTE_STATEMENT, getHandleIdentifier()=e06d6d27-ad5e-4e07-8825-e54d50e44127]
2024-05-01T14:00:07,710  INFO [0f99023a-4b47-45b1-ab50-cb19bd070456 main] operation.OperationManager: Removed queryId: alex_20240501140007_eae088ce-d636-49cb-91d1-63b685466f0d corresponding to operation: OperationHandle [opType=EXECUTE_STATEMENT, getHandleIdentifier()=e06d6d27-ad5e-4e07-8825-e54d50e44127] with tag: null
2024-05-01T14:00:07,711  INFO [0f99023a-4b47-45b1-ab50-cb19bd070456 main] operation.HiveCommandOperation: Closing operation log /home/alex/Repositories/hive/beeline/target/tmp/alex/operation_logs/0f99023a-4b47-45b1-ab50-cb19bd070456/alex_20240501140007_eae088ce-d636-49cb-91d1-63b685466f0d without delay
2024-05-01T14:00:07,716  INFO [0f99023a-4b47-45b1-ab50-cb19bd070456 main] session.HiveSessionImpl: executing use test
2024-05-01T14:00:07,717  INFO [0f99023a-4b47-45b1-ab50-cb19bd070456 main] operation.OperationManager: Adding operation: OperationHandle [opType=EXECUTE_STATEMENT, getHandleIdentifier()=5b06b5ac-b3d9-4e54-ab6e-78c73ea62803] SessionHandle [0f99023a-4b47-45b1-ab50-cb19bd070456]
2024-05-01T14:00:07,717  INFO [0f99023a-4b47-45b1-ab50-cb19bd070456 main] common.LogUtils: Thread context registration is done.
DEBUG StatusLogger Building Plugin[name=filter, class=org.apache.hadoop.hive.ql.log.LogDivertAppender$NameFilter].
DEBUG StatusLogger createFilter(loggingLevel="EXECUTION")
DEBUG StatusLogger Building Plugin[name=layout, class=org.apache.logging.log4j.core.layout.PatternLayout].
DEBUG StatusLogger PatternLayout$Builder(pattern="%-5p : %m%n", PatternSelector=null, Configuration(HiveLog4j2Test), Replace=null, charset="null", alwaysWriteExceptions="null", disableAnsi="null", noConsoleNoAnsi="null", header="null", footer="null")
DEBUG StatusLogger Building Plugin[name=appender, class=org.apache.hadoop.hive.ql.log.HushableRandomAccessFileAppender].
DEBUG StatusLogger createAppender(fileName="/home/alex/Repositories/hive/beeline/target/tmp/alex/operation_logs/0f99023a-4b47-45b1-ab50-cb19bd070456/alex_20240501140007_729858f0-8449-42a1-b1c7-9112f00c86ee", append="null", name="query-file-appender", immediateFlush="null", bufferSize="null", ignoreExceptions="null", PatternLayout(org.apache.logging.log4j.core.layout.PatternLayout with name PatternLayout), NameFilter(org.apache.hadoop.hive.ql.log.LogDivertAppender$NameFilter with name NameFilter), advertise="null", advertiseURI="null", Configuration(HiveLog4j2Test))
DEBUG StatusLogger Starting RandomAccessFileManager /home/alex/Repositories/hive/beeline/target/tmp/alex/operation_logs/0f99023a-4b47-45b1-ab50-cb19bd070456/alex_20240501140007_729858f0-8449-42a1-b1c7-9112f00c86ee
DEBUG StatusLogger Building Plugin[name=, class=org.apache.hadoop.hive.ql.log.LogDivertAppenderForTest$TestFilter].
DEBUG StatusLogger createFilter()
DEBUG StatusLogger Building Plugin[name=, class=org.apache.logging.log4j.core.layout.PatternLayout].
DEBUG StatusLogger PatternLayout$Builder(pattern="%-5p : %m%n", PatternSelector=null, Configuration(HiveLog4j2Test), Replace=null, charset="null", alwaysWriteExceptions="null", disableAnsi="null", noConsoleNoAnsi="null", header="null", footer="null")
DEBUG StatusLogger Building Plugin[name=appender, class=org.apache.hadoop.hive.ql.log.HushableRandomAccessFileAppender].
DEBUG StatusLogger createAppender(fileName="/home/alex/Repositories/hive/beeline/target/tmp/alex/operation_logs/0f99023a-4b47-45b1-ab50-cb19bd070456/alex_20240501140007_729858f0-8449-42a1-b1c7-9112f00c86ee.test", append="null", name="test-query-file-appender", immediateFlush="null", bufferSize="null", ignoreExceptions="null", PatternLayout(org.apache.logging.log4j.core.layout.PatternLayout with name PatternLayout), test-filter(org.apache.hadoop.hive.ql.log.LogDivertAppenderForTest$TestFilter with name test-filter), advertise="null", advertiseURI="null", Configuration(HiveLog4j2Test))
DEBUG StatusLogger Starting RandomAccessFileManager /home/alex/Repositories/hive/beeline/target/tmp/alex/operation_logs/0f99023a-4b47-45b1-ab50-cb19bd070456/alex_20240501140007_729858f0-8449-42a1-b1c7-9112f00c86ee.test
2024-05-01T14:00:07,723  INFO [0f99023a-4b47-45b1-ab50-cb19bd070456 main] operation.SQLOperation: [opType=EXECUTE_STATEMENT, queryId=alex_20240501140007_729858f0-8449-42a1-b1c7-9112f00c86ee, startTime=1714597207716, sessionId=0f99023a-4b47-45b1-ab50-cb19bd070456, createTime=1714597207599, userName=null, ipAddress=null]
2024-05-01T14:00:07,725  INFO [0f99023a-4b47-45b1-ab50-cb19bd070456 main] ql.Driver: Compiling command(queryId=alex_20240501140007_729858f0-8449-42a1-b1c7-9112f00c86ee): use test
2024-05-01T14:00:07,726  INFO [0f99023a-4b47-45b1-ab50-cb19bd070456 main] metastore.HiveMetaStoreClient: HMS client filtering is enabled.
2024-05-01T14:00:07,727  INFO [0f99023a-4b47-45b1-ab50-cb19bd070456 main] metastore.HMSHandler: 0: Opening raw store with implementation class:org.apache.hadoop.hive.metastore.ObjectStore
2024-05-01T14:00:07,727  INFO [0f99023a-4b47-45b1-ab50-cb19bd070456 main] metastore.PersistenceManagerProvider: Configuration datanucleus.autoStartMechanismMode is not set. Defaulting to 'ignored'
2024-05-01T14:00:07,729  INFO [0f99023a-4b47-45b1-ab50-cb19bd070456 main] metastore.ObjectStore: RawStore: org.apache.hadoop.hive.metastore.ObjectStore@704d3b00, with PersistenceManager: null will be shutdown
2024-05-01T14:00:07,730  INFO [0f99023a-4b47-45b1-ab50-cb19bd070456 main] metastore.ObjectStore: RawStore: org.apache.hadoop.hive.metastore.ObjectStore@704d3b00, with PersistenceManager: org.datanucleus.api.jdo.JDOPersistenceManager@21e484b created in the thread with id: 1
2024-05-01T14:00:07,737  INFO [0f99023a-4b47-45b1-ab50-cb19bd070456 main] metastore.HMSHandler: Created RawStore: org.apache.hadoop.hive.metastore.ObjectStore@704d3b00 from thread id: 1
2024-05-01T14:00:07,738  INFO [0f99023a-4b47-45b1-ab50-cb19bd070456 main] metastore.HMSHandler: HMS server filtering is disabled by configuration
2024-05-01T14:00:07,738  INFO [0f99023a-4b47-45b1-ab50-cb19bd070456 main] metastore.RetryingMetaStoreClient: RetryingMetaStoreClient proxy=class org.apache.hadoop.hive.ql.metadata.SessionHiveMetaStoreClient ugi=alex (auth:SIMPLE) retries=1 delay=1 lifetime=0
2024-05-01T14:00:07,739  INFO [0f99023a-4b47-45b1-ab50-cb19bd070456 main] HiveMetaStore.audit: ugi=alex	ip=unknown-ip-addr	cmd=get_database: test	
2024-05-01T14:00:07,740  INFO [0f99023a-4b47-45b1-ab50-cb19bd070456 main] ql.Driver: Semantic Analysis Completed (retrial = false)
2024-05-01T14:00:07,740  INFO [0f99023a-4b47-45b1-ab50-cb19bd070456 main] ql.Driver: Created Hive schema: Schema(fieldSchemas:null, properties:null)
2024-05-01T14:00:07,741  INFO [0f99023a-4b47-45b1-ab50-cb19bd070456 main] metadata.Hive: Dumping metastore api call timing information for : compilation phase
2024-05-01T14:00:07,741  INFO [0f99023a-4b47-45b1-ab50-cb19bd070456 main] metadata.Hive: Total time spent in each metastore function (ms): {isCompatibleWith_(Configuration)=1, getDatabase_(String)=1, flushCache_()=0}
2024-05-01T14:00:07,741  INFO [0f99023a-4b47-45b1-ab50-cb19bd070456 main] ql.Driver: Completed compiling command(queryId=alex_20240501140007_729858f0-8449-42a1-b1c7-9112f00c86ee); Time taken: 0.015 seconds
2024-05-01T14:00:07,741  INFO [0f99023a-4b47-45b1-ab50-cb19bd070456 main] common.LogUtils: Unregistered logging context.
2024-05-01T14:00:07,742  INFO [HiveServer2-Background-Pool: Thread-140] common.LogUtils: Thread context registration is done.
2024-05-01T14:00:07,743  INFO [HiveServer2-Background-Pool: Thread-140] reexec.ReExecDriver: Execution #1 of query
2024-05-01T14:00:07,743  INFO [HiveServer2-Background-Pool: Thread-140] ql.Driver: Concurrency mode is disabled, not creating a lock manager
2024-05-01T14:00:07,743  INFO [HiveServer2-Background-Pool: Thread-140] ql.Driver: Executing command(queryId=alex_20240501140007_729858f0-8449-42a1-b1c7-9112f00c86ee): use test
2024-05-01T14:00:07,744  INFO [HiveServer2-Background-Pool: Thread-140] ql.Driver: Starting task [Stage-0:DDL] in serial mode
2024-05-01T14:00:07,745  INFO [HiveServer2-Background-Pool: Thread-140] HiveMetaStore.audit: ugi=alex	ip=unknown-ip-addr	cmd=get_database: test	
2024-05-01T14:00:07,748  INFO [HiveServer2-Background-Pool: Thread-140] metastore.HMSHandler: 5: Opening raw store with implementation class:org.apache.hadoop.hive.metastore.ObjectStore
2024-05-01T14:00:07,749  INFO [HiveServer2-Background-Pool: Thread-140] metastore.ObjectStore: RawStore: org.apache.hadoop.hive.metastore.ObjectStore@29856c46, with PersistenceManager: null will be shutdown
2024-05-01T14:00:07,749  INFO [HiveServer2-Background-Pool: Thread-140] metastore.ObjectStore: RawStore: org.apache.hadoop.hive.metastore.ObjectStore@29856c46, with PersistenceManager: org.datanucleus.api.jdo.JDOPersistenceManager@6c87f712 created in the thread with id: 140
2024-05-01T14:00:07,755  INFO [HiveServer2-Background-Pool: Thread-140] metastore.HMSHandler: Created RawStore: org.apache.hadoop.hive.metastore.ObjectStore@29856c46 from thread id: 140
2024-05-01T14:00:07,757  INFO [HiveServer2-Background-Pool: Thread-140] HiveMetaStore.audit: ugi=alex	ip=unknown-ip-addr	cmd=get_database: test	
2024-05-01T14:00:07,758  INFO [HiveServer2-Background-Pool: Thread-140] metadata.Hive: Dumping metastore api call timing information for : execution phase
2024-05-01T14:00:07,758  INFO [HiveServer2-Background-Pool: Thread-140] metadata.Hive: Total time spent in each metastore function (ms): {isCompatibleWith_(Configuration)=0, getDatabase_(String)=14}
2024-05-01T14:00:07,758  INFO [HiveServer2-Background-Pool: Thread-140] ql.Driver: Completed executing command(queryId=alex_20240501140007_729858f0-8449-42a1-b1c7-9112f00c86ee); Time taken: 0.015 seconds
2024-05-01T14:00:07,759  INFO [HiveServer2-Background-Pool: Thread-140] common.LogUtils: Unregistered logging context.
2024-05-01T14:00:07,763  INFO [0f99023a-4b47-45b1-ab50-cb19bd070456 main] operation.OperationManager: Closing operation: OperationHandle [opType=EXECUTE_STATEMENT, getHandleIdentifier()=5b06b5ac-b3d9-4e54-ab6e-78c73ea62803]
2024-05-01T14:00:07,763  INFO [0f99023a-4b47-45b1-ab50-cb19bd070456 main] operation.OperationManager: Removed queryId: alex_20240501140007_729858f0-8449-42a1-b1c7-9112f00c86ee corresponding to operation: OperationHandle [opType=EXECUTE_STATEMENT, getHandleIdentifier()=5b06b5ac-b3d9-4e54-ab6e-78c73ea62803] with tag: null
2024-05-01T14:00:07,763  INFO [0f99023a-4b47-45b1-ab50-cb19bd070456 main] operation.SQLOperation: Closing operation log /home/alex/Repositories/hive/beeline/target/tmp/alex/operation_logs/0f99023a-4b47-45b1-ab50-cb19bd070456/alex_20240501140007_729858f0-8449-42a1-b1c7-9112f00c86ee without delay
2024-05-01T14:00:07,841  WARN [main] conf.HiveConf: HiveConf of name hive.dummyparam.test.server.specific.config.override does not exist
2024-05-01T14:00:07,841  WARN [main] conf.HiveConf: HiveConf of name hive.dummyparam.test.server.specific.config.hiveserver2site does not exist
2024-05-01T14:00:07,841  WARN [main] conf.HiveConf: HiveConf of name hive.dummyparam.test.server.specific.config.metastoresite does not exist
2024-05-01T14:00:07,842  INFO [0f99023a-4b47-45b1-ab50-cb19bd070456 main] session.HiveSessionImpl: executing set
2024-05-01T14:00:07,843  INFO [0f99023a-4b47-45b1-ab50-cb19bd070456 main] operation.HiveCommandOperation: Putting temp output to file /home/alex/Repositories/hive/beeline/target/tmp/alex/0f99023a-4b47-45b1-ab50-cb19bd0704564243977955659251158.pipeout and error output to file /home/alex/Repositories/hive/beeline/target/tmp/alex/0f99023a-4b47-45b1-ab50-cb19bd0704564623865491206685441.pipeout
2024-05-01T14:00:07,843  INFO [0f99023a-4b47-45b1-ab50-cb19bd070456 main] operation.OperationManager: Adding operation: OperationHandle [opType=EXECUTE_STATEMENT, getHandleIdentifier()=93dc9c4b-010f-4a21-a274-790c7981be4a] SessionHandle [0f99023a-4b47-45b1-ab50-cb19bd070456]
2024-05-01T14:00:07,843  INFO [0f99023a-4b47-45b1-ab50-cb19bd070456 main] common.LogUtils: Thread context registration is done.
DEBUG StatusLogger Building Plugin[name=filter, class=org.apache.hadoop.hive.ql.log.LogDivertAppender$NameFilter].
DEBUG StatusLogger createFilter(loggingLevel="EXECUTION")
DEBUG StatusLogger Building Plugin[name=layout, class=org.apache.logging.log4j.core.layout.PatternLayout].
DEBUG StatusLogger PatternLayout$Builder(pattern="%-5p : %m%n", PatternSelector=null, Configuration(HiveLog4j2Test), Replace=null, charset="null", alwaysWriteExceptions="null", disableAnsi="null", noConsoleNoAnsi="null", header="null", footer="null")
DEBUG StatusLogger Building Plugin[name=appender, class=org.apache.hadoop.hive.ql.log.HushableRandomAccessFileAppender].
DEBUG StatusLogger createAppender(fileName="/home/alex/Repositories/hive/beeline/target/tmp/alex/operation_logs/0f99023a-4b47-45b1-ab50-cb19bd070456/alex_20240501140007_79779a4f-07d3-4c78-b9ef-c60fdf3c5b2b", append="null", name="query-file-appender", immediateFlush="null", bufferSize="null", ignoreExceptions="null", PatternLayout(org.apache.logging.log4j.core.layout.PatternLayout with name PatternLayout), NameFilter(org.apache.hadoop.hive.ql.log.LogDivertAppender$NameFilter with name NameFilter), advertise="null", advertiseURI="null", Configuration(HiveLog4j2Test))
DEBUG StatusLogger Starting RandomAccessFileManager /home/alex/Repositories/hive/beeline/target/tmp/alex/operation_logs/0f99023a-4b47-45b1-ab50-cb19bd070456/alex_20240501140007_79779a4f-07d3-4c78-b9ef-c60fdf3c5b2b
DEBUG StatusLogger Building Plugin[name=, class=org.apache.hadoop.hive.ql.log.LogDivertAppenderForTest$TestFilter].
DEBUG StatusLogger createFilter()
DEBUG StatusLogger Building Plugin[name=, class=org.apache.logging.log4j.core.layout.PatternLayout].
DEBUG StatusLogger PatternLayout$Builder(pattern="%-5p : %m%n", PatternSelector=null, Configuration(HiveLog4j2Test), Replace=null, charset="null", alwaysWriteExceptions="null", disableAnsi="null", noConsoleNoAnsi="null", header="null", footer="null")
DEBUG StatusLogger Building Plugin[name=appender, class=org.apache.hadoop.hive.ql.log.HushableRandomAccessFileAppender].
DEBUG StatusLogger createAppender(fileName="/home/alex/Repositories/hive/beeline/target/tmp/alex/operation_logs/0f99023a-4b47-45b1-ab50-cb19bd070456/alex_20240501140007_79779a4f-07d3-4c78-b9ef-c60fdf3c5b2b.test", append="null", name="test-query-file-appender", immediateFlush="null", bufferSize="null", ignoreExceptions="null", PatternLayout(org.apache.logging.log4j.core.layout.PatternLayout with name PatternLayout), test-filter(org.apache.hadoop.hive.ql.log.LogDivertAppenderForTest$TestFilter with name test-filter), advertise="null", advertiseURI="null", Configuration(HiveLog4j2Test))
DEBUG StatusLogger Starting RandomAccessFileManager /home/alex/Repositories/hive/beeline/target/tmp/alex/operation_logs/0f99023a-4b47-45b1-ab50-cb19bd070456/alex_20240501140007_79779a4f-07d3-4c78-b9ef-c60fdf3c5b2b.test
2024-05-01T14:00:07,849  INFO [0f99023a-4b47-45b1-ab50-cb19bd070456 main] operation.HiveCommandOperation: [opType=EXECUTE_STATEMENT, queryId=alex_20240501140007_79779a4f-07d3-4c78-b9ef-c60fdf3c5b2b, startTime=1714597207842, sessionId=0f99023a-4b47-45b1-ab50-cb19bd070456, createTime=1714597207599, userName=null, ipAddress=null]
2024-05-01T14:00:07,859  INFO [0f99023a-4b47-45b1-ab50-cb19bd070456 main] common.LogUtils: Unregistered logging context.
2024-05-01T14:00:07,865  INFO [0f99023a-4b47-45b1-ab50-cb19bd070456 main] operation.OperationManager: Closing operation: OperationHandle [opType=EXECUTE_STATEMENT, getHandleIdentifier()=93dc9c4b-010f-4a21-a274-790c7981be4a]
2024-05-01T14:00:07,865  INFO [0f99023a-4b47-45b1-ab50-cb19bd070456 main] operation.OperationManager: Removed queryId: alex_20240501140007_79779a4f-07d3-4c78-b9ef-c60fdf3c5b2b corresponding to operation: OperationHandle [opType=EXECUTE_STATEMENT, getHandleIdentifier()=93dc9c4b-010f-4a21-a274-790c7981be4a] with tag: null
2024-05-01T14:00:07,865  INFO [0f99023a-4b47-45b1-ab50-cb19bd070456 main] operation.HiveCommandOperation: Closing operation log /home/alex/Repositories/hive/beeline/target/tmp/alex/operation_logs/0f99023a-4b47-45b1-ab50-cb19bd070456/alex_20240501140007_79779a4f-07d3-4c78-b9ef-c60fdf3c5b2b without delay
2024-05-01T14:00:07,869  INFO [0f99023a-4b47-45b1-ab50-cb19bd070456 main] session.HiveSessionImpl: executing show tables
2024-05-01T14:00:07,870  INFO [0f99023a-4b47-45b1-ab50-cb19bd070456 main] operation.OperationManager: Adding operation: OperationHandle [opType=EXECUTE_STATEMENT, getHandleIdentifier()=dcf01a7f-f8d1-4496-8ec4-4fb116028279] SessionHandle [0f99023a-4b47-45b1-ab50-cb19bd070456]
2024-05-01T14:00:07,870  INFO [0f99023a-4b47-45b1-ab50-cb19bd070456 main] common.LogUtils: Thread context registration is done.
DEBUG StatusLogger Building Plugin[name=filter, class=org.apache.hadoop.hive.ql.log.LogDivertAppender$NameFilter].
DEBUG StatusLogger createFilter(loggingLevel="EXECUTION")
DEBUG StatusLogger Building Plugin[name=layout, class=org.apache.logging.log4j.core.layout.PatternLayout].
DEBUG StatusLogger PatternLayout$Builder(pattern="%-5p : %m%n", PatternSelector=null, Configuration(HiveLog4j2Test), Replace=null, charset="null", alwaysWriteExceptions="null", disableAnsi="null", noConsoleNoAnsi="null", header="null", footer="null")
DEBUG StatusLogger Building Plugin[name=appender, class=org.apache.hadoop.hive.ql.log.HushableRandomAccessFileAppender].
DEBUG StatusLogger createAppender(fileName="/home/alex/Repositories/hive/beeline/target/tmp/alex/operation_logs/0f99023a-4b47-45b1-ab50-cb19bd070456/alex_20240501140007_dcdc70b3-996e-4e6e-9cc6-5ca8ba6293fe", append="null", name="query-file-appender", immediateFlush="null", bufferSize="null", ignoreExceptions="null", PatternLayout(org.apache.logging.log4j.core.layout.PatternLayout with name PatternLayout), NameFilter(org.apache.hadoop.hive.ql.log.LogDivertAppender$NameFilter with name NameFilter), advertise="null", advertiseURI="null", Configuration(HiveLog4j2Test))
DEBUG StatusLogger Starting RandomAccessFileManager /home/alex/Repositories/hive/beeline/target/tmp/alex/operation_logs/0f99023a-4b47-45b1-ab50-cb19bd070456/alex_20240501140007_dcdc70b3-996e-4e6e-9cc6-5ca8ba6293fe
DEBUG StatusLogger Building Plugin[name=, class=org.apache.hadoop.hive.ql.log.LogDivertAppenderForTest$TestFilter].
DEBUG StatusLogger createFilter()
DEBUG StatusLogger Building Plugin[name=, class=org.apache.logging.log4j.core.layout.PatternLayout].
DEBUG StatusLogger PatternLayout$Builder(pattern="%-5p : %m%n", PatternSelector=null, Configuration(HiveLog4j2Test), Replace=null, charset="null", alwaysWriteExceptions="null", disableAnsi="null", noConsoleNoAnsi="null", header="null", footer="null")
DEBUG StatusLogger Building Plugin[name=appender, class=org.apache.hadoop.hive.ql.log.HushableRandomAccessFileAppender].
DEBUG StatusLogger createAppender(fileName="/home/alex/Repositories/hive/beeline/target/tmp/alex/operation_logs/0f99023a-4b47-45b1-ab50-cb19bd070456/alex_20240501140007_dcdc70b3-996e-4e6e-9cc6-5ca8ba6293fe.test", append="null", name="test-query-file-appender", immediateFlush="null", bufferSize="null", ignoreExceptions="null", PatternLayout(org.apache.logging.log4j.core.layout.PatternLayout with name PatternLayout), test-filter(org.apache.hadoop.hive.ql.log.LogDivertAppenderForTest$TestFilter with name test-filter), advertise="null", advertiseURI="null", Configuration(HiveLog4j2Test))
DEBUG StatusLogger Starting RandomAccessFileManager /home/alex/Repositories/hive/beeline/target/tmp/alex/operation_logs/0f99023a-4b47-45b1-ab50-cb19bd070456/alex_20240501140007_dcdc70b3-996e-4e6e-9cc6-5ca8ba6293fe.test
2024-05-01T14:00:07,875  INFO [0f99023a-4b47-45b1-ab50-cb19bd070456 main] operation.SQLOperation: [opType=EXECUTE_STATEMENT, queryId=alex_20240501140007_dcdc70b3-996e-4e6e-9cc6-5ca8ba6293fe, startTime=1714597207869, sessionId=0f99023a-4b47-45b1-ab50-cb19bd070456, createTime=1714597207599, userName=null, ipAddress=null]
2024-05-01T14:00:07,877  INFO [0f99023a-4b47-45b1-ab50-cb19bd070456 main] ql.Driver: Compiling command(queryId=alex_20240501140007_dcdc70b3-996e-4e6e-9cc6-5ca8ba6293fe): show tables
2024-05-01T14:00:07,913  INFO [0f99023a-4b47-45b1-ab50-cb19bd070456 main] HiveMetaStore.audit: ugi=alex	ip=unknown-ip-addr	cmd=get_database: test	
2024-05-01T14:00:07,918  INFO [0f99023a-4b47-45b1-ab50-cb19bd070456 main] ql.Driver: Semantic Analysis Completed (retrial = false)
2024-05-01T14:00:07,919  INFO [0f99023a-4b47-45b1-ab50-cb19bd070456 main] ql.Driver: Created Hive schema: Schema(fieldSchemas:[FieldSchema(name:tab_name, type:string, comment:from deserializer)], properties:null)
2024-05-01T14:00:08,160  INFO [0f99023a-4b47-45b1-ab50-cb19bd070456 main] exec.ListSinkOperator: Initializing Operator: LIST_SINK[0]
2024-05-01T14:00:08,171  INFO [0f99023a-4b47-45b1-ab50-cb19bd070456 main] metadata.Hive: Dumping metastore api call timing information for : compilation phase
2024-05-01T14:00:08,171  INFO [0f99023a-4b47-45b1-ab50-cb19bd070456 main] metadata.Hive: Total time spent in each metastore function (ms): {isCompatibleWith_(Configuration)=0, getDatabase_(String)=2, flushCache_()=0}
2024-05-01T14:00:08,171  INFO [0f99023a-4b47-45b1-ab50-cb19bd070456 main] ql.Driver: Completed compiling command(queryId=alex_20240501140007_dcdc70b3-996e-4e6e-9cc6-5ca8ba6293fe); Time taken: 0.293 seconds
2024-05-01T14:00:08,171  INFO [0f99023a-4b47-45b1-ab50-cb19bd070456 main] common.LogUtils: Unregistered logging context.
2024-05-01T14:00:08,172  INFO [HiveServer2-Background-Pool: Thread-144] common.LogUtils: Thread context registration is done.
2024-05-01T14:00:08,172  INFO [HiveServer2-Background-Pool: Thread-144] reexec.ReExecDriver: Execution #1 of query
2024-05-01T14:00:08,172  INFO [HiveServer2-Background-Pool: Thread-144] ql.Driver: Concurrency mode is disabled, not creating a lock manager
2024-05-01T14:00:08,173  INFO [HiveServer2-Background-Pool: Thread-144] ql.Driver: Executing command(queryId=alex_20240501140007_dcdc70b3-996e-4e6e-9cc6-5ca8ba6293fe): show tables
2024-05-01T14:00:08,173  INFO [HiveServer2-Background-Pool: Thread-144] ql.Driver: Starting task [Stage-0:DDL] in serial mode
2024-05-01T14:00:08,174  INFO [HiveServer2-Background-Pool: Thread-144] HiveMetaStore.audit: ugi=alex	ip=unknown-ip-addr	cmd=get_database: test	
2024-05-01T14:00:08,174  INFO [HiveServer2-Background-Pool: Thread-144] metastore.HMSHandler: 6: Opening raw store with implementation class:org.apache.hadoop.hive.metastore.ObjectStore
2024-05-01T14:00:08,175  INFO [HiveServer2-Background-Pool: Thread-144] metastore.ObjectStore: RawStore: org.apache.hadoop.hive.metastore.ObjectStore@44d9cc37, with PersistenceManager: null will be shutdown
2024-05-01T14:00:08,175  INFO [HiveServer2-Background-Pool: Thread-144] metastore.ObjectStore: RawStore: org.apache.hadoop.hive.metastore.ObjectStore@44d9cc37, with PersistenceManager: org.datanucleus.api.jdo.JDOPersistenceManager@1db4ac8 created in the thread with id: 144
2024-05-01T14:00:08,182  INFO [HiveServer2-Background-Pool: Thread-144] metastore.HMSHandler: Created RawStore: org.apache.hadoop.hive.metastore.ObjectStore@44d9cc37 from thread id: 144
2024-05-01T14:00:08,186  INFO [HiveServer2-Background-Pool: Thread-144] HiveMetaStore.audit: ugi=alex	ip=unknown-ip-addr	cmd=get_multi_table : db=test tbls=null	
2024-05-01T14:00:08,262  INFO [HiveServer2-Background-Pool: Thread-144] sqlstd.SQLStdHiveAccessController: Created SQLStdHiveAccessController for session context : HiveAuthzSessionContext [sessionString=0f99023a-4b47-45b1-ab50-cb19bd070456, clientType=HIVESERVER2]
2024-05-01T14:00:08,287  INFO [HiveServer2-Background-Pool: Thread-144] metadata.Hive: Dumping metastore api call timing information for : execution phase
2024-05-01T14:00:08,287  INFO [HiveServer2-Background-Pool: Thread-144] metadata.Hive: Total time spent in each metastore function (ms): {isCompatibleWith_(Configuration)=0, getDatabase_(String)=9, getTables_(String, String)=82}
2024-05-01T14:00:08,287  INFO [HiveServer2-Background-Pool: Thread-144] ql.Driver: Completed executing command(queryId=alex_20240501140007_dcdc70b3-996e-4e6e-9cc6-5ca8ba6293fe); Time taken: 0.114 seconds
2024-05-01T14:00:08,288  INFO [HiveServer2-Background-Pool: Thread-144] common.LogUtils: Unregistered logging context.
2024-05-01T14:00:08,289  INFO [0f99023a-4b47-45b1-ab50-cb19bd070456 main] operation.OperationManager: Closing operation: OperationHandle [opType=EXECUTE_STATEMENT, getHandleIdentifier()=dcf01a7f-f8d1-4496-8ec4-4fb116028279]
2024-05-01T14:00:08,289  INFO [0f99023a-4b47-45b1-ab50-cb19bd070456 main] operation.OperationManager: Removed queryId: alex_20240501140007_dcdc70b3-996e-4e6e-9cc6-5ca8ba6293fe corresponding to operation: OperationHandle [opType=EXECUTE_STATEMENT, getHandleIdentifier()=dcf01a7f-f8d1-4496-8ec4-4fb116028279] with tag: null
2024-05-01T14:00:08,290  INFO [0f99023a-4b47-45b1-ab50-cb19bd070456 main] ql.Context: Deleting scratch dir: file:/home/alex/Repositories/hive/beeline/target/tmp/alex/0f99023a-4b47-45b1-ab50-cb19bd070456/hive_2024-05-01_14-00-07_876_8555230460067752653-1
2024-05-01T14:00:08,290  INFO [0f99023a-4b47-45b1-ab50-cb19bd070456 main] cleanup.EventualCleanupService: Delete file:/home/alex/Repositories/hive/beeline/target/tmp/alex/0f99023a-4b47-45b1-ab50-cb19bd070456/hive_2024-05-01_14-00-07_876_8555230460067752653-1 operation was queued
2024-05-01T14:00:08,290  INFO [0f99023a-4b47-45b1-ab50-cb19bd070456 main] exec.ListSinkOperator: Closing Operator: LIST_SINK[0]
2024-05-01T14:00:08,290  INFO [EventualCleanupService thread 0] cleanup.EventualCleanupService: Deleted file:/home/alex/Repositories/hive/beeline/target/tmp/alex/0f99023a-4b47-45b1-ab50-cb19bd070456/hive_2024-05-01_14-00-07_876_8555230460067752653-1
2024-05-01T14:00:08,291  INFO [0f99023a-4b47-45b1-ab50-cb19bd070456 main] exec.ListSinkOperator: RECORDS_OUT_INTERMEDIATE:0, RECORDS_OUT_OPERATOR_LIST_SINK_0:0, 
2024-05-01T14:00:08,291  INFO [0f99023a-4b47-45b1-ab50-cb19bd070456 main] operation.SQLOperation: Closing operation log /home/alex/Repositories/hive/beeline/target/tmp/alex/operation_logs/0f99023a-4b47-45b1-ab50-cb19bd070456/alex_20240501140007_dcdc70b3-996e-4e6e-9cc6-5ca8ba6293fe without delay
2024-05-01T14:00:08,300  INFO [main] service.CompositeService: Session closed, SessionHandle [0f99023a-4b47-45b1-ab50-cb19bd070456], current sessions:0
2024-05-01T14:00:08,300  INFO [0f99023a-4b47-45b1-ab50-cb19bd070456 main] session.HiveSessionImpl: Operation log session directory is deleted: /home/alex/Repositories/hive/beeline/target/tmp/alex/operation_logs/0f99023a-4b47-45b1-ab50-cb19bd070456
2024-05-01T14:00:08,301  INFO [main] cleanup.EventualCleanupService: Delete /tmp/hive/alex/0f99023a-4b47-45b1-ab50-cb19bd070456 operation was queued
2024-05-01T14:00:08,302  INFO [main] cleanup.EventualCleanupService: Delete /home/alex/Repositories/hive/beeline/target/tmp/alex/0f99023a-4b47-45b1-ab50-cb19bd070456 operation was queued
2024-05-01T14:00:08,302  INFO [EventualCleanupService thread 1] cleanup.EventualCleanupService: Deleted /tmp/hive/alex/0f99023a-4b47-45b1-ab50-cb19bd070456
2024-05-01T14:00:08,302  INFO [EventualCleanupService thread 2] cleanup.EventualCleanupService: Deleted /home/alex/Repositories/hive/beeline/target/tmp/alex/0f99023a-4b47-45b1-ab50-cb19bd070456
2024-05-01T14:00:08,303  INFO [main] HiveMetaStore.audit: ugi=alex	ip=unknown-ip-addr	cmd=Cleaning up thread local RawStore...	
2024-05-01T14:00:08,303  INFO [main] metastore.ObjectStore: RawStore: org.apache.hadoop.hive.metastore.ObjectStore@704d3b00, with PersistenceManager: org.datanucleus.api.jdo.JDOPersistenceManager@21e484b will be shutdown
2024-05-01T14:00:08,303  INFO [main] HiveMetaStore.audit: ugi=alex	ip=unknown-ip-addr	cmd=Done cleaning up thread local RawStore	
2024-05-01T14:00:08,303  INFO [main] metastore.HiveMetaStoreClient: Closed a connection to metastore, current connections: -6
2024-05-01T14:00:08,303 ERROR [main] cli.TestHiveCli: Failed due to the error:Connecting to jdbc:hive2://
Hive Session ID = 4b1bf074-226d-405e-8611-9ce7446299ba
ivysettings.xml file not found in HIVE_HOME or HIVE_CONF_DIR,/home/alex/Repositories/hive/conf/ivysettings.xml will be used
ivysettings.xml file not found in HIVE_HOME or HIVE_CONF_DIR,/home/alex/Repositories/hive/conf/ivysettings.xml will be used
Connected to: Apache Hive (version 4.0.0-SNAPSHOT)
Error: Couldn't load manifest attributes. (state=,code=0)
Transaction isolation: TRANSACTION_REPEATABLE_READ
INFO  : Compiling command(queryId=alex_20240501140007_729858f0-8449-42a1-b1c7-9112f00c86ee): use test
INFO  : Semantic Analysis Completed (retrial = false)
INFO  : Created Hive schema: Schema(fieldSchemas:null, properties:null)
INFO  : Completed compiling command(queryId=alex_20240501140007_729858f0-8449-42a1-b1c7-9112f00c86ee); Time taken: 0.015 seconds
INFO  : Concurrency mode is disabled, not creating a lock manager
INFO  : Executing command(queryId=alex_20240501140007_729858f0-8449-42a1-b1c7-9112f00c86ee): use test
INFO  : Starting task [Stage-0:DDL] in serial mode
DEBUG : Task getting executed using mapred tag : alex_20240501140007_729858f0-8449-42a1-b1c7-9112f00c86ee,userid=null
INFO  : Completed executing command(queryId=alex_20240501140007_729858f0-8449-42a1-b1c7-9112f00c86ee); Time taken: 0.015 seconds
DEBUG : Shutting down query use test
Error: Failed to wait for operation to complete (state=08S01,code=0)
Beeline version ??? by Apache Hive
hive> source /home/alex/Repositories/hive/beeline/target/tmp/test470439977310753279.sql;desc testSrcTbl4;
INFO  : Compiling command(queryId=alex_20240501140007_dcdc70b3-996e-4e6e-9cc6-5ca8ba6293fe): show tables
INFO  : Semantic Analysis Completed (retrial = false)
INFO  : Created Hive schema: Schema(fieldSchemas:[FieldSchema(name:tab_name, type:string, comment:from deserializer)], properties:null)
INFO  : Completed compiling command(queryId=alex_20240501140007_dcdc70b3-996e-4e6e-9cc6-5ca8ba6293fe); Time taken: 0.293 seconds
INFO  : Concurrency mode is disabled, not creating a lock manager
INFO  : Executing command(queryId=alex_20240501140007_dcdc70b3-996e-4e6e-9cc6-5ca8ba6293fe): show tables
INFO  : Starting task [Stage-0:DDL] in serial mode
DEBUG : Task getting executed using mapred tag : alex_20240501140007_dcdc70b3-996e-4e6e-9cc6-5ca8ba6293fe,userid=null
INFO  : Completed executing command(queryId=alex_20240501140007_dcdc70b3-996e-4e6e-9cc6-5ca8ba6293fe); Time taken: 0.114 seconds
DEBUG : Shutting down query show tables
Error: Failed to wait for operation to complete (state=08S01,code=0)
hive> quit;
Closing: 0: jdbc:hive2://

]]></system-err>
  </testcase>
  <testcase name="testSourceCmd4" classname="org.apache.hive.beeline.cli.TestHiveCli" time="0.449">
    <failure type="java.lang.AssertionError"><![CDATA[java.lang.AssertionError: Supported return code is 0 while the actual is 2
	at org.junit.Assert.fail(Assert.java:89)
	at org.apache.hive.beeline.cli.TestHiveCli.executeCMD(TestHiveCli.java:256)
	at org.apache.hive.beeline.cli.TestHiveCli.verifyCMD(TestHiveCli.java:266)
	at org.apache.hive.beeline.cli.TestHiveCli.testSourceCmd4(TestHiveCli.java:138)
	at sun.reflect.NativeMethodAccessorImpl.invoke0(Native Method)
	at sun.reflect.NativeMethodAccessorImpl.invoke(NativeMethodAccessorImpl.java:62)
	at sun.reflect.DelegatingMethodAccessorImpl.invoke(DelegatingMethodAccessorImpl.java:43)
	at java.lang.reflect.Method.invoke(Method.java:498)
	at org.junit.runners.model.FrameworkMethod$1.runReflectiveCall(FrameworkMethod.java:59)
	at org.junit.internal.runners.model.ReflectiveCallable.run(ReflectiveCallable.java:12)
	at org.junit.runners.model.FrameworkMethod.invokeExplosively(FrameworkMethod.java:56)
	at org.junit.internal.runners.statements.InvokeMethod.evaluate(InvokeMethod.java:17)
	at org.junit.internal.runners.statements.RunBefores.evaluate(RunBefores.java:26)
	at org.junit.internal.runners.statements.RunAfters.evaluate(RunAfters.java:27)
	at org.junit.runners.ParentRunner$3.evaluate(ParentRunner.java:306)
	at org.junit.runners.BlockJUnit4ClassRunner$1.evaluate(BlockJUnit4ClassRunner.java:100)
	at org.junit.runners.ParentRunner.runLeaf(ParentRunner.java:366)
	at org.junit.runners.BlockJUnit4ClassRunner.runChild(BlockJUnit4ClassRunner.java:103)
	at org.junit.runners.BlockJUnit4ClassRunner.runChild(BlockJUnit4ClassRunner.java:63)
	at org.junit.runners.ParentRunner$4.run(ParentRunner.java:331)
	at org.junit.runners.ParentRunner$1.schedule(ParentRunner.java:79)
	at org.junit.runners.ParentRunner.runChildren(ParentRunner.java:329)
	at org.junit.runners.ParentRunner.access$100(ParentRunner.java:66)
	at org.junit.runners.ParentRunner$2.evaluate(ParentRunner.java:293)
	at org.junit.internal.runners.statements.RunBefores.evaluate(RunBefores.java:26)
	at org.junit.runners.ParentRunner$3.evaluate(ParentRunner.java:306)
	at org.junit.runners.ParentRunner.run(ParentRunner.java:413)
	at org.junit.runner.JUnitCore.run(JUnitCore.java:137)
	at org.junit.runner.JUnitCore.run(JUnitCore.java:115)
	at org.junit.vintage.engine.execution.RunnerExecutor.execute(RunnerExecutor.java:43)
	at java.util.stream.ForEachOps$ForEachOp$OfRef.accept(ForEachOps.java:183)
	at java.util.stream.ReferencePipeline$3$1.accept(ReferencePipeline.java:193)
	at java.util.Iterator.forEachRemaining(Iterator.java:116)
	at java.util.Spliterators$IteratorSpliterator.forEachRemaining(Spliterators.java:1801)
	at java.util.stream.AbstractPipeline.copyInto(AbstractPipeline.java:482)
	at java.util.stream.AbstractPipeline.wrapAndCopyInto(AbstractPipeline.java:472)
	at java.util.stream.ForEachOps$ForEachOp.evaluateSequential(ForEachOps.java:150)
	at java.util.stream.ForEachOps$ForEachOp$OfRef.evaluateSequential(ForEachOps.java:173)
	at java.util.stream.AbstractPipeline.evaluate(AbstractPipeline.java:234)
	at java.util.stream.ReferencePipeline.forEach(ReferencePipeline.java:485)
	at org.junit.vintage.engine.VintageTestEngine.executeAllChildren(VintageTestEngine.java:82)
	at org.junit.vintage.engine.VintageTestEngine.execute(VintageTestEngine.java:73)
	at org.junit.platform.launcher.core.DefaultLauncher.execute(DefaultLauncher.java:248)
	at org.junit.platform.launcher.core.DefaultLauncher.lambda$execute$5(DefaultLauncher.java:211)
	at org.junit.platform.launcher.core.DefaultLauncher.withInterceptedStreams(DefaultLauncher.java:226)
	at org.junit.platform.launcher.core.DefaultLauncher.execute(DefaultLauncher.java:199)
	at org.junit.platform.launcher.core.DefaultLauncher.execute(DefaultLauncher.java:132)
	at org.apache.maven.surefire.junitplatform.JUnitPlatformProvider.invokeAllTests(JUnitPlatformProvider.java:154)
	at org.apache.maven.surefire.junitplatform.JUnitPlatformProvider.invoke(JUnitPlatformProvider.java:123)
	at org.apache.maven.surefire.booter.ForkedBooter.runSuitesInProcess(ForkedBooter.java:377)
	at org.apache.maven.surefire.booter.ForkedBooter.execute(ForkedBooter.java:138)
	at org.apache.maven.surefire.booter.ForkedBooter.run(ForkedBooter.java:465)
	at org.apache.maven.surefire.booter.ForkedBooter.main(ForkedBooter.java:451)
]]></failure>
    <system-err><![CDATA[2024-05-01T14:00:08,306 ERROR [main] cli.TestHiveCli: Failed to execute command due to the error: java.lang.NullPointerException: Null output stream
2024-05-01T14:00:08,374  WARN [main] conf.HiveConf: HiveConf of name hive.dummyparam.test.server.specific.config.override does not exist
2024-05-01T14:00:08,374  WARN [main] conf.HiveConf: HiveConf of name hive.dummyparam.test.server.specific.config.hiveserver2site does not exist
2024-05-01T14:00:08,374  WARN [main] conf.HiveConf: HiveConf of name hive.dummyparam.test.server.specific.config.metastoresite does not exist
2024-05-01T14:00:08,375  INFO [main] SessionState: Hive Session ID = 2e77ca78-8a8b-416e-b625-772374776670
2024-05-01T14:00:08,376  INFO [main] DependencyResolver: ivysettings.xml file not found in HIVE_HOME or HIVE_CONF_DIR,/home/alex/Repositories/hive/conf/ivysettings.xml will be used
2024-05-01T14:00:08,386  INFO [main] session.SessionState: Created HDFS directory: /tmp/hive/alex/2e77ca78-8a8b-416e-b625-772374776670
2024-05-01T14:00:08,390  INFO [main] session.SessionState: Created local directory: /home/alex/Repositories/hive/beeline/target/tmp/alex/2e77ca78-8a8b-416e-b625-772374776670
2024-05-01T14:00:08,394  INFO [main] session.SessionState: Created HDFS directory: /tmp/hive/alex/2e77ca78-8a8b-416e-b625-772374776670/_tmp_space.db
2024-05-01T14:00:08,396  INFO [main] sqlstd.SQLStdHiveAccessController: Created SQLStdHiveAccessController for session context : HiveAuthzSessionContext [sessionString=2e77ca78-8a8b-416e-b625-772374776670, clientType=HIVESERVER2]
2024-05-01T14:00:08,397  INFO [main] metastore.HiveMetaStoreClient: HMS client filtering is enabled.
2024-05-01T14:00:08,398  INFO [main] metastore.HMSHandler: 0: Opening raw store with implementation class:org.apache.hadoop.hive.metastore.ObjectStore
2024-05-01T14:00:08,398  INFO [main] metastore.PersistenceManagerProvider: Configuration datanucleus.autoStartMechanismMode is not set. Defaulting to 'ignored'
2024-05-01T14:00:08,399  INFO [main] metastore.ObjectStore: RawStore: org.apache.hadoop.hive.metastore.ObjectStore@4ccdacf5, with PersistenceManager: null will be shutdown
2024-05-01T14:00:08,399  INFO [main] metastore.ObjectStore: RawStore: org.apache.hadoop.hive.metastore.ObjectStore@4ccdacf5, with PersistenceManager: org.datanucleus.api.jdo.JDOPersistenceManager@5aa6da2 created in the thread with id: 1
2024-05-01T14:00:08,405  INFO [main] metastore.HMSHandler: Created RawStore: org.apache.hadoop.hive.metastore.ObjectStore@4ccdacf5 from thread id: 1
2024-05-01T14:00:08,405  INFO [main] metastore.HMSHandler: HMS server filtering is disabled by configuration
2024-05-01T14:00:08,406  INFO [main] metastore.RetryingMetaStoreClient: RetryingMetaStoreClient proxy=class org.apache.hadoop.hive.ql.metadata.SessionHiveMetaStoreClient ugi=alex (auth:SIMPLE) retries=1 delay=1 lifetime=0
2024-05-01T14:00:08,406  INFO [main] service.CompositeService: Operation log root directory is created: /home/alex/Repositories/hive/beeline/target/tmp/alex/operation_logs
2024-05-01T14:00:08,406  INFO [main] service.CompositeService: HiveServer2: Background operation thread pool size: 100
2024-05-01T14:00:08,406  INFO [main] service.CompositeService: HiveServer2: Background operation thread wait queue size: 100
2024-05-01T14:00:08,406  INFO [main] service.CompositeService: HiveServer2: Background operation thread keepalive time: 10 seconds
2024-05-01T14:00:08,407  INFO [main] service.CompositeService: Connections limit are user: 0 ipaddress: 0 user-ipaddress: 0
2024-05-01T14:00:08,408  INFO [main] cleanup.EventualCleanupService: EventualCleanupService started with 10 threads and queue of size 10000
ERROR StatusLogger Log4j2 ConfigurationScheduler attempted to increment scheduled items after start
ERROR StatusLogger Log4j2 ConfigurationScheduler attempted to increment scheduled items after start
2024-05-01T14:00:08,410  INFO [main] service.AbstractService: Service:OperationManager is inited.
2024-05-01T14:00:08,410  INFO [main] service.AbstractService: Service:SessionManager is inited.
2024-05-01T14:00:08,410  INFO [main] service.AbstractService: Service:CLIService is inited.
2024-05-01T14:00:08,410  INFO [main] service.AbstractService: Service:OperationManager is started.
2024-05-01T14:00:08,410  INFO [main] service.AbstractService: Service:SessionManager is started.
2024-05-01T14:00:08,410  INFO [main] service.AbstractService: Service:CLIService is started.
2024-05-01T14:00:08,410  INFO [main] service.AbstractService: Service:ThriftBinaryCLIService is inited.
2024-05-01T14:00:08,410  INFO [main] thrift.ThriftCLIService: Client protocol version: HIVE_CLI_SERVICE_PROTOCOL_V10
2024-05-01T14:00:08,410  INFO [main] thrift.ThriftCLIService: Creating Hive session handle for user [null] from IP null
2024-05-01T14:00:08,412  INFO [main] DependencyResolver: ivysettings.xml file not found in HIVE_HOME or HIVE_CONF_DIR,/home/alex/Repositories/hive/conf/ivysettings.xml will be used
2024-05-01T14:00:08,423  INFO [main] session.SessionState: Created HDFS directory: /tmp/hive/alex/c4a92ec6-8551-4d35-a2b7-7236c0647f5f
2024-05-01T14:00:08,426  INFO [main] session.SessionState: Created local directory: /home/alex/Repositories/hive/beeline/target/tmp/alex/c4a92ec6-8551-4d35-a2b7-7236c0647f5f
2024-05-01T14:00:08,431  INFO [main] session.SessionState: Created HDFS directory: /tmp/hive/alex/c4a92ec6-8551-4d35-a2b7-7236c0647f5f/_tmp_space.db
2024-05-01T14:00:08,432  INFO [main] session.SessionState: Reloading auxiliary JAR files
2024-05-01T14:00:08,432  WARN [main] session.SessionState: Configuration hive.reloadable.aux.jars.path not specified
2024-05-01T14:00:08,433  INFO [main] HiveMetaStore.audit: ugi=alex	ip=unknown-ip-addr	cmd=Cleaning up thread local RawStore...	
2024-05-01T14:00:08,433  INFO [main] metastore.ObjectStore: RawStore: org.apache.hadoop.hive.metastore.ObjectStore@4ccdacf5, with PersistenceManager: org.datanucleus.api.jdo.JDOPersistenceManager@5aa6da2 will be shutdown
2024-05-01T14:00:08,433  INFO [main] HiveMetaStore.audit: ugi=alex	ip=unknown-ip-addr	cmd=Done cleaning up thread local RawStore	
2024-05-01T14:00:08,433  INFO [main] metastore.HiveMetaStoreClient: Closed a connection to metastore, current connections: -7
2024-05-01T14:00:08,433  INFO [main] session.HiveSessionImpl: Operation log session directory is created: /home/alex/Repositories/hive/beeline/target/tmp/alex/operation_logs/c4a92ec6-8551-4d35-a2b7-7236c0647f5f
2024-05-01T14:00:08,433  INFO [main] service.CompositeService: Session opened, SessionHandle [c4a92ec6-8551-4d35-a2b7-7236c0647f5f], current sessions:1
2024-05-01T14:00:08,433  INFO [main] thrift.ThriftCLIService: Login attempt is successful for user : null
2024-05-01T14:00:08,499  WARN [main] conf.HiveConf: HiveConf of name hive.dummyparam.test.server.specific.config.override does not exist
2024-05-01T14:00:08,500  WARN [main] conf.HiveConf: HiveConf of name hive.dummyparam.test.server.specific.config.hiveserver2site does not exist
2024-05-01T14:00:08,500  WARN [main] conf.HiveConf: HiveConf of name hive.dummyparam.test.server.specific.config.metastoresite does not exist
2024-05-01T14:00:08,501  INFO [c4a92ec6-8551-4d35-a2b7-7236c0647f5f main] session.HiveSessionImpl: executing set
2024-05-01T14:00:08,502  INFO [c4a92ec6-8551-4d35-a2b7-7236c0647f5f main] operation.HiveCommandOperation: Putting temp output to file /home/alex/Repositories/hive/beeline/target/tmp/alex/c4a92ec6-8551-4d35-a2b7-7236c0647f5f1242108417421959842.pipeout and error output to file /home/alex/Repositories/hive/beeline/target/tmp/alex/c4a92ec6-8551-4d35-a2b7-7236c0647f5f6782196498998804089.pipeout
2024-05-01T14:00:08,502  INFO [c4a92ec6-8551-4d35-a2b7-7236c0647f5f main] operation.OperationManager: Adding operation: OperationHandle [opType=EXECUTE_STATEMENT, getHandleIdentifier()=151d8f9c-4664-4e3e-b88e-b1e87bfd9316] SessionHandle [c4a92ec6-8551-4d35-a2b7-7236c0647f5f]
2024-05-01T14:00:08,502  INFO [c4a92ec6-8551-4d35-a2b7-7236c0647f5f main] common.LogUtils: Thread context registration is done.
DEBUG StatusLogger Building Plugin[name=filter, class=org.apache.hadoop.hive.ql.log.LogDivertAppender$NameFilter].
DEBUG StatusLogger createFilter(loggingLevel="EXECUTION")
DEBUG StatusLogger Building Plugin[name=layout, class=org.apache.logging.log4j.core.layout.PatternLayout].
DEBUG StatusLogger PatternLayout$Builder(pattern="%-5p : %m%n", PatternSelector=null, Configuration(HiveLog4j2Test), Replace=null, charset="null", alwaysWriteExceptions="null", disableAnsi="null", noConsoleNoAnsi="null", header="null", footer="null")
DEBUG StatusLogger Building Plugin[name=appender, class=org.apache.hadoop.hive.ql.log.HushableRandomAccessFileAppender].
DEBUG StatusLogger createAppender(fileName="/home/alex/Repositories/hive/beeline/target/tmp/alex/operation_logs/c4a92ec6-8551-4d35-a2b7-7236c0647f5f/alex_20240501140008_4bde5cea-2cd9-4af6-b936-bdf56d39e59c", append="null", name="query-file-appender", immediateFlush="null", bufferSize="null", ignoreExceptions="null", PatternLayout(org.apache.logging.log4j.core.layout.PatternLayout with name PatternLayout), NameFilter(org.apache.hadoop.hive.ql.log.LogDivertAppender$NameFilter with name NameFilter), advertise="null", advertiseURI="null", Configuration(HiveLog4j2Test))
DEBUG StatusLogger Starting RandomAccessFileManager /home/alex/Repositories/hive/beeline/target/tmp/alex/operation_logs/c4a92ec6-8551-4d35-a2b7-7236c0647f5f/alex_20240501140008_4bde5cea-2cd9-4af6-b936-bdf56d39e59c
DEBUG StatusLogger Building Plugin[name=, class=org.apache.hadoop.hive.ql.log.LogDivertAppenderForTest$TestFilter].
DEBUG StatusLogger createFilter()
DEBUG StatusLogger Building Plugin[name=, class=org.apache.logging.log4j.core.layout.PatternLayout].
DEBUG StatusLogger PatternLayout$Builder(pattern="%-5p : %m%n", PatternSelector=null, Configuration(HiveLog4j2Test), Replace=null, charset="null", alwaysWriteExceptions="null", disableAnsi="null", noConsoleNoAnsi="null", header="null", footer="null")
DEBUG StatusLogger Building Plugin[name=appender, class=org.apache.hadoop.hive.ql.log.HushableRandomAccessFileAppender].
DEBUG StatusLogger createAppender(fileName="/home/alex/Repositories/hive/beeline/target/tmp/alex/operation_logs/c4a92ec6-8551-4d35-a2b7-7236c0647f5f/alex_20240501140008_4bde5cea-2cd9-4af6-b936-bdf56d39e59c.test", append="null", name="test-query-file-appender", immediateFlush="null", bufferSize="null", ignoreExceptions="null", PatternLayout(org.apache.logging.log4j.core.layout.PatternLayout with name PatternLayout), test-filter(org.apache.hadoop.hive.ql.log.LogDivertAppenderForTest$TestFilter with name test-filter), advertise="null", advertiseURI="null", Configuration(HiveLog4j2Test))
DEBUG StatusLogger Starting RandomAccessFileManager /home/alex/Repositories/hive/beeline/target/tmp/alex/operation_logs/c4a92ec6-8551-4d35-a2b7-7236c0647f5f/alex_20240501140008_4bde5cea-2cd9-4af6-b936-bdf56d39e59c.test
2024-05-01T14:00:08,506  INFO [c4a92ec6-8551-4d35-a2b7-7236c0647f5f main] operation.HiveCommandOperation: [opType=EXECUTE_STATEMENT, queryId=alex_20240501140008_4bde5cea-2cd9-4af6-b936-bdf56d39e59c, startTime=1714597208501, sessionId=c4a92ec6-8551-4d35-a2b7-7236c0647f5f, createTime=1714597208410, userName=null, ipAddress=null]
2024-05-01T14:00:08,518  INFO [c4a92ec6-8551-4d35-a2b7-7236c0647f5f main] common.LogUtils: Unregistered logging context.
2024-05-01T14:00:08,522  INFO [c4a92ec6-8551-4d35-a2b7-7236c0647f5f main] operation.OperationManager: Closing operation: OperationHandle [opType=EXECUTE_STATEMENT, getHandleIdentifier()=151d8f9c-4664-4e3e-b88e-b1e87bfd9316]
2024-05-01T14:00:08,522  INFO [c4a92ec6-8551-4d35-a2b7-7236c0647f5f main] operation.OperationManager: Removed queryId: alex_20240501140008_4bde5cea-2cd9-4af6-b936-bdf56d39e59c corresponding to operation: OperationHandle [opType=EXECUTE_STATEMENT, getHandleIdentifier()=151d8f9c-4664-4e3e-b88e-b1e87bfd9316] with tag: null
2024-05-01T14:00:08,523  INFO [c4a92ec6-8551-4d35-a2b7-7236c0647f5f main] operation.HiveCommandOperation: Closing operation log /home/alex/Repositories/hive/beeline/target/tmp/alex/operation_logs/c4a92ec6-8551-4d35-a2b7-7236c0647f5f/alex_20240501140008_4bde5cea-2cd9-4af6-b936-bdf56d39e59c without delay
2024-05-01T14:00:08,525  INFO [c4a92ec6-8551-4d35-a2b7-7236c0647f5f main] session.HiveSessionImpl: executing use test
2024-05-01T14:00:08,526  INFO [c4a92ec6-8551-4d35-a2b7-7236c0647f5f main] operation.OperationManager: Adding operation: OperationHandle [opType=EXECUTE_STATEMENT, getHandleIdentifier()=c3b1b44c-303b-4562-aed0-45560aa0ea27] SessionHandle [c4a92ec6-8551-4d35-a2b7-7236c0647f5f]
2024-05-01T14:00:08,526  INFO [c4a92ec6-8551-4d35-a2b7-7236c0647f5f main] common.LogUtils: Thread context registration is done.
DEBUG StatusLogger Building Plugin[name=filter, class=org.apache.hadoop.hive.ql.log.LogDivertAppender$NameFilter].
DEBUG StatusLogger createFilter(loggingLevel="EXECUTION")
DEBUG StatusLogger Building Plugin[name=layout, class=org.apache.logging.log4j.core.layout.PatternLayout].
DEBUG StatusLogger PatternLayout$Builder(pattern="%-5p : %m%n", PatternSelector=null, Configuration(HiveLog4j2Test), Replace=null, charset="null", alwaysWriteExceptions="null", disableAnsi="null", noConsoleNoAnsi="null", header="null", footer="null")
DEBUG StatusLogger Building Plugin[name=appender, class=org.apache.hadoop.hive.ql.log.HushableRandomAccessFileAppender].
DEBUG StatusLogger createAppender(fileName="/home/alex/Repositories/hive/beeline/target/tmp/alex/operation_logs/c4a92ec6-8551-4d35-a2b7-7236c0647f5f/alex_20240501140008_5862fad8-fa54-4167-92a8-52e83328a756", append="null", name="query-file-appender", immediateFlush="null", bufferSize="null", ignoreExceptions="null", PatternLayout(org.apache.logging.log4j.core.layout.PatternLayout with name PatternLayout), NameFilter(org.apache.hadoop.hive.ql.log.LogDivertAppender$NameFilter with name NameFilter), advertise="null", advertiseURI="null", Configuration(HiveLog4j2Test))
DEBUG StatusLogger Starting RandomAccessFileManager /home/alex/Repositories/hive/beeline/target/tmp/alex/operation_logs/c4a92ec6-8551-4d35-a2b7-7236c0647f5f/alex_20240501140008_5862fad8-fa54-4167-92a8-52e83328a756
DEBUG StatusLogger Building Plugin[name=, class=org.apache.hadoop.hive.ql.log.LogDivertAppenderForTest$TestFilter].
DEBUG StatusLogger createFilter()
DEBUG StatusLogger Building Plugin[name=, class=org.apache.logging.log4j.core.layout.PatternLayout].
DEBUG StatusLogger PatternLayout$Builder(pattern="%-5p : %m%n", PatternSelector=null, Configuration(HiveLog4j2Test), Replace=null, charset="null", alwaysWriteExceptions="null", disableAnsi="null", noConsoleNoAnsi="null", header="null", footer="null")
DEBUG StatusLogger Building Plugin[name=appender, class=org.apache.hadoop.hive.ql.log.HushableRandomAccessFileAppender].
DEBUG StatusLogger createAppender(fileName="/home/alex/Repositories/hive/beeline/target/tmp/alex/operation_logs/c4a92ec6-8551-4d35-a2b7-7236c0647f5f/alex_20240501140008_5862fad8-fa54-4167-92a8-52e83328a756.test", append="null", name="test-query-file-appender", immediateFlush="null", bufferSize="null", ignoreExceptions="null", PatternLayout(org.apache.logging.log4j.core.layout.PatternLayout with name PatternLayout), test-filter(org.apache.hadoop.hive.ql.log.LogDivertAppenderForTest$TestFilter with name test-filter), advertise="null", advertiseURI="null", Configuration(HiveLog4j2Test))
DEBUG StatusLogger Starting RandomAccessFileManager /home/alex/Repositories/hive/beeline/target/tmp/alex/operation_logs/c4a92ec6-8551-4d35-a2b7-7236c0647f5f/alex_20240501140008_5862fad8-fa54-4167-92a8-52e83328a756.test
2024-05-01T14:00:08,534  INFO [c4a92ec6-8551-4d35-a2b7-7236c0647f5f main] operation.SQLOperation: [opType=EXECUTE_STATEMENT, queryId=alex_20240501140008_5862fad8-fa54-4167-92a8-52e83328a756, startTime=1714597208526, sessionId=c4a92ec6-8551-4d35-a2b7-7236c0647f5f, createTime=1714597208410, userName=null, ipAddress=null]
2024-05-01T14:00:08,535  INFO [c4a92ec6-8551-4d35-a2b7-7236c0647f5f main] ql.Driver: Compiling command(queryId=alex_20240501140008_5862fad8-fa54-4167-92a8-52e83328a756): use test
2024-05-01T14:00:08,538  INFO [c4a92ec6-8551-4d35-a2b7-7236c0647f5f main] metastore.HiveMetaStoreClient: HMS client filtering is enabled.
2024-05-01T14:00:08,539  INFO [c4a92ec6-8551-4d35-a2b7-7236c0647f5f main] metastore.HMSHandler: 0: Opening raw store with implementation class:org.apache.hadoop.hive.metastore.ObjectStore
2024-05-01T14:00:08,539  INFO [c4a92ec6-8551-4d35-a2b7-7236c0647f5f main] metastore.PersistenceManagerProvider: Configuration datanucleus.autoStartMechanismMode is not set. Defaulting to 'ignored'
2024-05-01T14:00:08,539  INFO [c4a92ec6-8551-4d35-a2b7-7236c0647f5f main] metastore.ObjectStore: RawStore: org.apache.hadoop.hive.metastore.ObjectStore@6ce2e079, with PersistenceManager: null will be shutdown
2024-05-01T14:00:08,540  INFO [c4a92ec6-8551-4d35-a2b7-7236c0647f5f main] metastore.ObjectStore: RawStore: org.apache.hadoop.hive.metastore.ObjectStore@6ce2e079, with PersistenceManager: org.datanucleus.api.jdo.JDOPersistenceManager@3e39e0fb created in the thread with id: 1
2024-05-01T14:00:08,545  INFO [c4a92ec6-8551-4d35-a2b7-7236c0647f5f main] metastore.HMSHandler: Created RawStore: org.apache.hadoop.hive.metastore.ObjectStore@6ce2e079 from thread id: 1
2024-05-01T14:00:08,545  INFO [c4a92ec6-8551-4d35-a2b7-7236c0647f5f main] metastore.HMSHandler: HMS server filtering is disabled by configuration
2024-05-01T14:00:08,546  INFO [c4a92ec6-8551-4d35-a2b7-7236c0647f5f main] metastore.RetryingMetaStoreClient: RetryingMetaStoreClient proxy=class org.apache.hadoop.hive.ql.metadata.SessionHiveMetaStoreClient ugi=alex (auth:SIMPLE) retries=1 delay=1 lifetime=0
2024-05-01T14:00:08,547  INFO [c4a92ec6-8551-4d35-a2b7-7236c0647f5f main] HiveMetaStore.audit: ugi=alex	ip=unknown-ip-addr	cmd=get_database: test	
2024-05-01T14:00:08,550  INFO [c4a92ec6-8551-4d35-a2b7-7236c0647f5f main] ql.Driver: Semantic Analysis Completed (retrial = false)
2024-05-01T14:00:08,550  INFO [c4a92ec6-8551-4d35-a2b7-7236c0647f5f main] ql.Driver: Created Hive schema: Schema(fieldSchemas:null, properties:null)
2024-05-01T14:00:08,551  INFO [c4a92ec6-8551-4d35-a2b7-7236c0647f5f main] metadata.Hive: Dumping metastore api call timing information for : compilation phase
2024-05-01T14:00:08,551  INFO [c4a92ec6-8551-4d35-a2b7-7236c0647f5f main] metadata.Hive: Total time spent in each metastore function (ms): {isCompatibleWith_(Configuration)=0, getDatabase_(String)=3, flushCache_()=0}
2024-05-01T14:00:08,551  INFO [c4a92ec6-8551-4d35-a2b7-7236c0647f5f main] ql.Driver: Completed compiling command(queryId=alex_20240501140008_5862fad8-fa54-4167-92a8-52e83328a756); Time taken: 0.016 seconds
2024-05-01T14:00:08,552  INFO [c4a92ec6-8551-4d35-a2b7-7236c0647f5f main] common.LogUtils: Unregistered logging context.
2024-05-01T14:00:08,554  INFO [HiveServer2-Background-Pool: Thread-169] common.LogUtils: Thread context registration is done.
2024-05-01T14:00:08,555  INFO [HiveServer2-Background-Pool: Thread-169] reexec.ReExecDriver: Execution #1 of query
2024-05-01T14:00:08,555  INFO [HiveServer2-Background-Pool: Thread-169] ql.Driver: Concurrency mode is disabled, not creating a lock manager
2024-05-01T14:00:08,555  INFO [HiveServer2-Background-Pool: Thread-169] ql.Driver: Executing command(queryId=alex_20240501140008_5862fad8-fa54-4167-92a8-52e83328a756): use test
2024-05-01T14:00:08,556  INFO [HiveServer2-Background-Pool: Thread-169] ql.Driver: Starting task [Stage-0:DDL] in serial mode
2024-05-01T14:00:08,558  INFO [HiveServer2-Background-Pool: Thread-169] HiveMetaStore.audit: ugi=alex	ip=unknown-ip-addr	cmd=get_database: test	
2024-05-01T14:00:08,559  INFO [HiveServer2-Background-Pool: Thread-169] metastore.HMSHandler: 7: Opening raw store with implementation class:org.apache.hadoop.hive.metastore.ObjectStore
2024-05-01T14:00:08,560  INFO [HiveServer2-Background-Pool: Thread-169] metastore.ObjectStore: RawStore: org.apache.hadoop.hive.metastore.ObjectStore@180ef61e, with PersistenceManager: null will be shutdown
2024-05-01T14:00:08,560  INFO [HiveServer2-Background-Pool: Thread-169] metastore.ObjectStore: RawStore: org.apache.hadoop.hive.metastore.ObjectStore@180ef61e, with PersistenceManager: org.datanucleus.api.jdo.JDOPersistenceManager@5d0c7b7b created in the thread with id: 169
2024-05-01T14:00:08,574  INFO [HiveServer2-Background-Pool: Thread-169] metastore.HMSHandler: Created RawStore: org.apache.hadoop.hive.metastore.ObjectStore@180ef61e from thread id: 169
2024-05-01T14:00:08,577  INFO [HiveServer2-Background-Pool: Thread-169] HiveMetaStore.audit: ugi=alex	ip=unknown-ip-addr	cmd=get_database: test	
2024-05-01T14:00:08,580  INFO [HiveServer2-Background-Pool: Thread-169] metadata.Hive: Dumping metastore api call timing information for : execution phase
2024-05-01T14:00:08,580  INFO [HiveServer2-Background-Pool: Thread-169] metadata.Hive: Total time spent in each metastore function (ms): {isCompatibleWith_(Configuration)=0, getDatabase_(String)=23}
2024-05-01T14:00:08,580  INFO [HiveServer2-Background-Pool: Thread-169] ql.Driver: Completed executing command(queryId=alex_20240501140008_5862fad8-fa54-4167-92a8-52e83328a756); Time taken: 0.025 seconds
2024-05-01T14:00:08,581  INFO [HiveServer2-Background-Pool: Thread-169] common.LogUtils: Unregistered logging context.
2024-05-01T14:00:08,585  INFO [c4a92ec6-8551-4d35-a2b7-7236c0647f5f main] operation.OperationManager: Closing operation: OperationHandle [opType=EXECUTE_STATEMENT, getHandleIdentifier()=c3b1b44c-303b-4562-aed0-45560aa0ea27]
2024-05-01T14:00:08,585  INFO [c4a92ec6-8551-4d35-a2b7-7236c0647f5f main] operation.OperationManager: Removed queryId: alex_20240501140008_5862fad8-fa54-4167-92a8-52e83328a756 corresponding to operation: OperationHandle [opType=EXECUTE_STATEMENT, getHandleIdentifier()=c3b1b44c-303b-4562-aed0-45560aa0ea27] with tag: null
2024-05-01T14:00:08,586  INFO [c4a92ec6-8551-4d35-a2b7-7236c0647f5f main] operation.SQLOperation: Closing operation log /home/alex/Repositories/hive/beeline/target/tmp/alex/operation_logs/c4a92ec6-8551-4d35-a2b7-7236c0647f5f/alex_20240501140008_5862fad8-fa54-4167-92a8-52e83328a756 without delay
2024-05-01T14:00:08,660  WARN [main] conf.HiveConf: HiveConf of name hive.dummyparam.test.server.specific.config.override does not exist
2024-05-01T14:00:08,660  WARN [main] conf.HiveConf: HiveConf of name hive.dummyparam.test.server.specific.config.hiveserver2site does not exist
2024-05-01T14:00:08,660  WARN [main] conf.HiveConf: HiveConf of name hive.dummyparam.test.server.specific.config.metastoresite does not exist
2024-05-01T14:00:08,661  INFO [c4a92ec6-8551-4d35-a2b7-7236c0647f5f main] session.HiveSessionImpl: executing set
2024-05-01T14:00:08,663  INFO [c4a92ec6-8551-4d35-a2b7-7236c0647f5f main] operation.HiveCommandOperation: Putting temp output to file /home/alex/Repositories/hive/beeline/target/tmp/alex/c4a92ec6-8551-4d35-a2b7-7236c0647f5f1242108417421959842.pipeout and error output to file /home/alex/Repositories/hive/beeline/target/tmp/alex/c4a92ec6-8551-4d35-a2b7-7236c0647f5f6782196498998804089.pipeout
2024-05-01T14:00:08,663  INFO [c4a92ec6-8551-4d35-a2b7-7236c0647f5f main] operation.OperationManager: Adding operation: OperationHandle [opType=EXECUTE_STATEMENT, getHandleIdentifier()=39bfcda0-6f65-4e53-95cb-afa98646238b] SessionHandle [c4a92ec6-8551-4d35-a2b7-7236c0647f5f]
2024-05-01T14:00:08,663  INFO [c4a92ec6-8551-4d35-a2b7-7236c0647f5f main] common.LogUtils: Thread context registration is done.
DEBUG StatusLogger Building Plugin[name=filter, class=org.apache.hadoop.hive.ql.log.LogDivertAppender$NameFilter].
DEBUG StatusLogger createFilter(loggingLevel="EXECUTION")
DEBUG StatusLogger Building Plugin[name=layout, class=org.apache.logging.log4j.core.layout.PatternLayout].
DEBUG StatusLogger PatternLayout$Builder(pattern="%-5p : %m%n", PatternSelector=null, Configuration(HiveLog4j2Test), Replace=null, charset="null", alwaysWriteExceptions="null", disableAnsi="null", noConsoleNoAnsi="null", header="null", footer="null")
DEBUG StatusLogger Building Plugin[name=appender, class=org.apache.hadoop.hive.ql.log.HushableRandomAccessFileAppender].
DEBUG StatusLogger createAppender(fileName="/home/alex/Repositories/hive/beeline/target/tmp/alex/operation_logs/c4a92ec6-8551-4d35-a2b7-7236c0647f5f/alex_20240501140008_695cb631-41a3-4fa3-ab28-eb32c491284f", append="null", name="query-file-appender", immediateFlush="null", bufferSize="null", ignoreExceptions="null", PatternLayout(org.apache.logging.log4j.core.layout.PatternLayout with name PatternLayout), NameFilter(org.apache.hadoop.hive.ql.log.LogDivertAppender$NameFilter with name NameFilter), advertise="null", advertiseURI="null", Configuration(HiveLog4j2Test))
DEBUG StatusLogger Starting RandomAccessFileManager /home/alex/Repositories/hive/beeline/target/tmp/alex/operation_logs/c4a92ec6-8551-4d35-a2b7-7236c0647f5f/alex_20240501140008_695cb631-41a3-4fa3-ab28-eb32c491284f
DEBUG StatusLogger Building Plugin[name=, class=org.apache.hadoop.hive.ql.log.LogDivertAppenderForTest$TestFilter].
DEBUG StatusLogger createFilter()
DEBUG StatusLogger Building Plugin[name=, class=org.apache.logging.log4j.core.layout.PatternLayout].
DEBUG StatusLogger PatternLayout$Builder(pattern="%-5p : %m%n", PatternSelector=null, Configuration(HiveLog4j2Test), Replace=null, charset="null", alwaysWriteExceptions="null", disableAnsi="null", noConsoleNoAnsi="null", header="null", footer="null")
DEBUG StatusLogger Building Plugin[name=appender, class=org.apache.hadoop.hive.ql.log.HushableRandomAccessFileAppender].
DEBUG StatusLogger createAppender(fileName="/home/alex/Repositories/hive/beeline/target/tmp/alex/operation_logs/c4a92ec6-8551-4d35-a2b7-7236c0647f5f/alex_20240501140008_695cb631-41a3-4fa3-ab28-eb32c491284f.test", append="null", name="test-query-file-appender", immediateFlush="null", bufferSize="null", ignoreExceptions="null", PatternLayout(org.apache.logging.log4j.core.layout.PatternLayout with name PatternLayout), test-filter(org.apache.hadoop.hive.ql.log.LogDivertAppenderForTest$TestFilter with name test-filter), advertise="null", advertiseURI="null", Configuration(HiveLog4j2Test))
DEBUG StatusLogger Starting RandomAccessFileManager /home/alex/Repositories/hive/beeline/target/tmp/alex/operation_logs/c4a92ec6-8551-4d35-a2b7-7236c0647f5f/alex_20240501140008_695cb631-41a3-4fa3-ab28-eb32c491284f.test
2024-05-01T14:00:08,668  INFO [c4a92ec6-8551-4d35-a2b7-7236c0647f5f main] operation.HiveCommandOperation: [opType=EXECUTE_STATEMENT, queryId=alex_20240501140008_695cb631-41a3-4fa3-ab28-eb32c491284f, startTime=1714597208662, sessionId=c4a92ec6-8551-4d35-a2b7-7236c0647f5f, createTime=1714597208410, userName=null, ipAddress=null]
2024-05-01T14:00:08,680  INFO [c4a92ec6-8551-4d35-a2b7-7236c0647f5f main] common.LogUtils: Unregistered logging context.
2024-05-01T14:00:08,685  INFO [c4a92ec6-8551-4d35-a2b7-7236c0647f5f main] operation.OperationManager: Closing operation: OperationHandle [opType=EXECUTE_STATEMENT, getHandleIdentifier()=39bfcda0-6f65-4e53-95cb-afa98646238b]
2024-05-01T14:00:08,685  INFO [c4a92ec6-8551-4d35-a2b7-7236c0647f5f main] operation.OperationManager: Removed queryId: alex_20240501140008_695cb631-41a3-4fa3-ab28-eb32c491284f corresponding to operation: OperationHandle [opType=EXECUTE_STATEMENT, getHandleIdentifier()=39bfcda0-6f65-4e53-95cb-afa98646238b] with tag: null
2024-05-01T14:00:08,685  INFO [c4a92ec6-8551-4d35-a2b7-7236c0647f5f main] operation.HiveCommandOperation: Closing operation log /home/alex/Repositories/hive/beeline/target/tmp/alex/operation_logs/c4a92ec6-8551-4d35-a2b7-7236c0647f5f/alex_20240501140008_695cb631-41a3-4fa3-ab28-eb32c491284f without delay
2024-05-01T14:00:08,688  INFO [c4a92ec6-8551-4d35-a2b7-7236c0647f5f main] session.HiveSessionImpl: executing show tables
2024-05-01T14:00:08,689  INFO [c4a92ec6-8551-4d35-a2b7-7236c0647f5f main] operation.OperationManager: Adding operation: OperationHandle [opType=EXECUTE_STATEMENT, getHandleIdentifier()=18feaa5d-b2b8-444c-ab34-5e2489bf4b20] SessionHandle [c4a92ec6-8551-4d35-a2b7-7236c0647f5f]
2024-05-01T14:00:08,689  INFO [c4a92ec6-8551-4d35-a2b7-7236c0647f5f main] common.LogUtils: Thread context registration is done.
DEBUG StatusLogger Building Plugin[name=filter, class=org.apache.hadoop.hive.ql.log.LogDivertAppender$NameFilter].
DEBUG StatusLogger createFilter(loggingLevel="EXECUTION")
DEBUG StatusLogger Building Plugin[name=layout, class=org.apache.logging.log4j.core.layout.PatternLayout].
DEBUG StatusLogger PatternLayout$Builder(pattern="%-5p : %m%n", PatternSelector=null, Configuration(HiveLog4j2Test), Replace=null, charset="null", alwaysWriteExceptions="null", disableAnsi="null", noConsoleNoAnsi="null", header="null", footer="null")
DEBUG StatusLogger Building Plugin[name=appender, class=org.apache.hadoop.hive.ql.log.HushableRandomAccessFileAppender].
DEBUG StatusLogger createAppender(fileName="/home/alex/Repositories/hive/beeline/target/tmp/alex/operation_logs/c4a92ec6-8551-4d35-a2b7-7236c0647f5f/alex_20240501140008_c5fa9955-9d2e-4e8d-8247-3d612222a75e", append="null", name="query-file-appender", immediateFlush="null", bufferSize="null", ignoreExceptions="null", PatternLayout(org.apache.logging.log4j.core.layout.PatternLayout with name PatternLayout), NameFilter(org.apache.hadoop.hive.ql.log.LogDivertAppender$NameFilter with name NameFilter), advertise="null", advertiseURI="null", Configuration(HiveLog4j2Test))
DEBUG StatusLogger Starting RandomAccessFileManager /home/alex/Repositories/hive/beeline/target/tmp/alex/operation_logs/c4a92ec6-8551-4d35-a2b7-7236c0647f5f/alex_20240501140008_c5fa9955-9d2e-4e8d-8247-3d612222a75e
DEBUG StatusLogger Building Plugin[name=, class=org.apache.hadoop.hive.ql.log.LogDivertAppenderForTest$TestFilter].
DEBUG StatusLogger createFilter()
DEBUG StatusLogger Building Plugin[name=, class=org.apache.logging.log4j.core.layout.PatternLayout].
DEBUG StatusLogger PatternLayout$Builder(pattern="%-5p : %m%n", PatternSelector=null, Configuration(HiveLog4j2Test), Replace=null, charset="null", alwaysWriteExceptions="null", disableAnsi="null", noConsoleNoAnsi="null", header="null", footer="null")
DEBUG StatusLogger Building Plugin[name=appender, class=org.apache.hadoop.hive.ql.log.HushableRandomAccessFileAppender].
DEBUG StatusLogger createAppender(fileName="/home/alex/Repositories/hive/beeline/target/tmp/alex/operation_logs/c4a92ec6-8551-4d35-a2b7-7236c0647f5f/alex_20240501140008_c5fa9955-9d2e-4e8d-8247-3d612222a75e.test", append="null", name="test-query-file-appender", immediateFlush="null", bufferSize="null", ignoreExceptions="null", PatternLayout(org.apache.logging.log4j.core.layout.PatternLayout with name PatternLayout), test-filter(org.apache.hadoop.hive.ql.log.LogDivertAppenderForTest$TestFilter with name test-filter), advertise="null", advertiseURI="null", Configuration(HiveLog4j2Test))
DEBUG StatusLogger Starting RandomAccessFileManager /home/alex/Repositories/hive/beeline/target/tmp/alex/operation_logs/c4a92ec6-8551-4d35-a2b7-7236c0647f5f/alex_20240501140008_c5fa9955-9d2e-4e8d-8247-3d612222a75e.test
2024-05-01T14:00:08,693  INFO [c4a92ec6-8551-4d35-a2b7-7236c0647f5f main] operation.SQLOperation: [opType=EXECUTE_STATEMENT, queryId=alex_20240501140008_c5fa9955-9d2e-4e8d-8247-3d612222a75e, startTime=1714597208688, sessionId=c4a92ec6-8551-4d35-a2b7-7236c0647f5f, createTime=1714597208410, userName=null, ipAddress=null]
2024-05-01T14:00:08,694  INFO [c4a92ec6-8551-4d35-a2b7-7236c0647f5f main] ql.Driver: Compiling command(queryId=alex_20240501140008_c5fa9955-9d2e-4e8d-8247-3d612222a75e): show tables
2024-05-01T14:00:08,701  INFO [c4a92ec6-8551-4d35-a2b7-7236c0647f5f main] HiveMetaStore.audit: ugi=alex	ip=unknown-ip-addr	cmd=get_database: test	
2024-05-01T14:00:08,703  INFO [c4a92ec6-8551-4d35-a2b7-7236c0647f5f main] ql.Driver: Semantic Analysis Completed (retrial = false)
2024-05-01T14:00:08,704  INFO [c4a92ec6-8551-4d35-a2b7-7236c0647f5f main] ql.Driver: Created Hive schema: Schema(fieldSchemas:[FieldSchema(name:tab_name, type:string, comment:from deserializer)], properties:null)
2024-05-01T14:00:08,704  INFO [c4a92ec6-8551-4d35-a2b7-7236c0647f5f main] exec.ListSinkOperator: Initializing Operator: LIST_SINK[0]
2024-05-01T14:00:08,705  INFO [c4a92ec6-8551-4d35-a2b7-7236c0647f5f main] metadata.Hive: Dumping metastore api call timing information for : compilation phase
2024-05-01T14:00:08,705  INFO [c4a92ec6-8551-4d35-a2b7-7236c0647f5f main] metadata.Hive: Total time spent in each metastore function (ms): {isCompatibleWith_(Configuration)=0, getDatabase_(String)=2, flushCache_()=0}
2024-05-01T14:00:08,705  INFO [c4a92ec6-8551-4d35-a2b7-7236c0647f5f main] ql.Driver: Completed compiling command(queryId=alex_20240501140008_c5fa9955-9d2e-4e8d-8247-3d612222a75e); Time taken: 0.011 seconds
2024-05-01T14:00:08,705  INFO [c4a92ec6-8551-4d35-a2b7-7236c0647f5f main] common.LogUtils: Unregistered logging context.
2024-05-01T14:00:08,705  INFO [HiveServer2-Background-Pool: Thread-173] common.LogUtils: Thread context registration is done.
2024-05-01T14:00:08,706  INFO [HiveServer2-Background-Pool: Thread-173] reexec.ReExecDriver: Execution #1 of query
2024-05-01T14:00:08,706  INFO [HiveServer2-Background-Pool: Thread-173] ql.Driver: Concurrency mode is disabled, not creating a lock manager
2024-05-01T14:00:08,706  INFO [HiveServer2-Background-Pool: Thread-173] ql.Driver: Executing command(queryId=alex_20240501140008_c5fa9955-9d2e-4e8d-8247-3d612222a75e): show tables
2024-05-01T14:00:08,707  INFO [HiveServer2-Background-Pool: Thread-173] ql.Driver: Starting task [Stage-0:DDL] in serial mode
2024-05-01T14:00:08,708  INFO [HiveServer2-Background-Pool: Thread-173] HiveMetaStore.audit: ugi=alex	ip=unknown-ip-addr	cmd=get_database: test	
2024-05-01T14:00:08,708  INFO [HiveServer2-Background-Pool: Thread-173] metastore.HMSHandler: 8: Opening raw store with implementation class:org.apache.hadoop.hive.metastore.ObjectStore
2024-05-01T14:00:08,710  INFO [HiveServer2-Background-Pool: Thread-173] metastore.ObjectStore: RawStore: org.apache.hadoop.hive.metastore.ObjectStore@251d5994, with PersistenceManager: null will be shutdown
2024-05-01T14:00:08,710  INFO [HiveServer2-Background-Pool: Thread-173] metastore.ObjectStore: RawStore: org.apache.hadoop.hive.metastore.ObjectStore@251d5994, with PersistenceManager: org.datanucleus.api.jdo.JDOPersistenceManager@72a9961c created in the thread with id: 173
2024-05-01T14:00:08,717  INFO [HiveServer2-Background-Pool: Thread-173] metastore.HMSHandler: Created RawStore: org.apache.hadoop.hive.metastore.ObjectStore@251d5994 from thread id: 173
2024-05-01T14:00:08,719  INFO [HiveServer2-Background-Pool: Thread-173] HiveMetaStore.audit: ugi=alex	ip=unknown-ip-addr	cmd=get_multi_table : db=test tbls=null	
2024-05-01T14:00:08,733  INFO [HiveServer2-Background-Pool: Thread-173] sqlstd.SQLStdHiveAccessController: Created SQLStdHiveAccessController for session context : HiveAuthzSessionContext [sessionString=c4a92ec6-8551-4d35-a2b7-7236c0647f5f, clientType=HIVESERVER2]
2024-05-01T14:00:08,741  INFO [HiveServer2-Background-Pool: Thread-173] metadata.Hive: Dumping metastore api call timing information for : execution phase
2024-05-01T14:00:08,741  INFO [HiveServer2-Background-Pool: Thread-173] metadata.Hive: Total time spent in each metastore function (ms): {isCompatibleWith_(Configuration)=0, getDatabase_(String)=11, getTables_(String, String)=15}
2024-05-01T14:00:08,741  INFO [HiveServer2-Background-Pool: Thread-173] ql.Driver: Completed executing command(queryId=alex_20240501140008_c5fa9955-9d2e-4e8d-8247-3d612222a75e); Time taken: 0.035 seconds
2024-05-01T14:00:08,742  INFO [HiveServer2-Background-Pool: Thread-173] common.LogUtils: Unregistered logging context.
2024-05-01T14:00:08,743  INFO [c4a92ec6-8551-4d35-a2b7-7236c0647f5f main] operation.OperationManager: Closing operation: OperationHandle [opType=EXECUTE_STATEMENT, getHandleIdentifier()=18feaa5d-b2b8-444c-ab34-5e2489bf4b20]
2024-05-01T14:00:08,743  INFO [c4a92ec6-8551-4d35-a2b7-7236c0647f5f main] operation.OperationManager: Removed queryId: alex_20240501140008_c5fa9955-9d2e-4e8d-8247-3d612222a75e corresponding to operation: OperationHandle [opType=EXECUTE_STATEMENT, getHandleIdentifier()=18feaa5d-b2b8-444c-ab34-5e2489bf4b20] with tag: null
2024-05-01T14:00:08,744  INFO [c4a92ec6-8551-4d35-a2b7-7236c0647f5f main] ql.Context: Deleting scratch dir: file:/home/alex/Repositories/hive/beeline/target/tmp/alex/c4a92ec6-8551-4d35-a2b7-7236c0647f5f/hive_2024-05-01_14-00-08_694_8271165603181324762-1
2024-05-01T14:00:08,744  INFO [c4a92ec6-8551-4d35-a2b7-7236c0647f5f main] cleanup.EventualCleanupService: Delete file:/home/alex/Repositories/hive/beeline/target/tmp/alex/c4a92ec6-8551-4d35-a2b7-7236c0647f5f/hive_2024-05-01_14-00-08_694_8271165603181324762-1 operation was queued
2024-05-01T14:00:08,744  INFO [c4a92ec6-8551-4d35-a2b7-7236c0647f5f main] exec.ListSinkOperator: Closing Operator: LIST_SINK[0]
2024-05-01T14:00:08,744  INFO [c4a92ec6-8551-4d35-a2b7-7236c0647f5f main] exec.ListSinkOperator: RECORDS_OUT_INTERMEDIATE:0, RECORDS_OUT_OPERATOR_LIST_SINK_0:0, 
2024-05-01T14:00:08,744  INFO [c4a92ec6-8551-4d35-a2b7-7236c0647f5f main] operation.SQLOperation: Closing operation log /home/alex/Repositories/hive/beeline/target/tmp/alex/operation_logs/c4a92ec6-8551-4d35-a2b7-7236c0647f5f/alex_20240501140008_c5fa9955-9d2e-4e8d-8247-3d612222a75e without delay
2024-05-01T14:00:08,745  INFO [EventualCleanupService thread 0] cleanup.EventualCleanupService: Deleted file:/home/alex/Repositories/hive/beeline/target/tmp/alex/c4a92ec6-8551-4d35-a2b7-7236c0647f5f/hive_2024-05-01_14-00-08_694_8271165603181324762-1
2024-05-01T14:00:08,751  INFO [main] service.CompositeService: Session closed, SessionHandle [c4a92ec6-8551-4d35-a2b7-7236c0647f5f], current sessions:0
2024-05-01T14:00:08,751  INFO [c4a92ec6-8551-4d35-a2b7-7236c0647f5f main] session.HiveSessionImpl: Operation log session directory is deleted: /home/alex/Repositories/hive/beeline/target/tmp/alex/operation_logs/c4a92ec6-8551-4d35-a2b7-7236c0647f5f
2024-05-01T14:00:08,752  INFO [main] cleanup.EventualCleanupService: Delete /tmp/hive/alex/c4a92ec6-8551-4d35-a2b7-7236c0647f5f operation was queued
2024-05-01T14:00:08,752  INFO [main] cleanup.EventualCleanupService: Delete /home/alex/Repositories/hive/beeline/target/tmp/alex/c4a92ec6-8551-4d35-a2b7-7236c0647f5f operation was queued
2024-05-01T14:00:08,753  INFO [EventualCleanupService thread 1] cleanup.EventualCleanupService: Deleted /tmp/hive/alex/c4a92ec6-8551-4d35-a2b7-7236c0647f5f
2024-05-01T14:00:08,753  INFO [EventualCleanupService thread 2] cleanup.EventualCleanupService: Deleted /home/alex/Repositories/hive/beeline/target/tmp/alex/c4a92ec6-8551-4d35-a2b7-7236c0647f5f
2024-05-01T14:00:08,754  INFO [main] HiveMetaStore.audit: ugi=alex	ip=unknown-ip-addr	cmd=Cleaning up thread local RawStore...	
2024-05-01T14:00:08,754  INFO [main] metastore.ObjectStore: RawStore: org.apache.hadoop.hive.metastore.ObjectStore@6ce2e079, with PersistenceManager: org.datanucleus.api.jdo.JDOPersistenceManager@3e39e0fb will be shutdown
2024-05-01T14:00:08,754  INFO [main] HiveMetaStore.audit: ugi=alex	ip=unknown-ip-addr	cmd=Done cleaning up thread local RawStore	
2024-05-01T14:00:08,754  INFO [main] metastore.HiveMetaStoreClient: Closed a connection to metastore, current connections: -8
2024-05-01T14:00:08,754 ERROR [main] cli.TestHiveCli: Failed due to the error:Connecting to jdbc:hive2://
Hive Session ID = 2e77ca78-8a8b-416e-b625-772374776670
ivysettings.xml file not found in HIVE_HOME or HIVE_CONF_DIR,/home/alex/Repositories/hive/conf/ivysettings.xml will be used
ivysettings.xml file not found in HIVE_HOME or HIVE_CONF_DIR,/home/alex/Repositories/hive/conf/ivysettings.xml will be used
Connected to: Apache Hive (version 4.0.0-SNAPSHOT)
Error: Couldn't load manifest attributes. (state=,code=0)
Transaction isolation: TRANSACTION_REPEATABLE_READ
INFO  : Compiling command(queryId=alex_20240501140008_5862fad8-fa54-4167-92a8-52e83328a756): use test
INFO  : Semantic Analysis Completed (retrial = false)
INFO  : Created Hive schema: Schema(fieldSchemas:null, properties:null)
INFO  : Completed compiling command(queryId=alex_20240501140008_5862fad8-fa54-4167-92a8-52e83328a756); Time taken: 0.016 seconds
INFO  : Concurrency mode is disabled, not creating a lock manager
INFO  : Executing command(queryId=alex_20240501140008_5862fad8-fa54-4167-92a8-52e83328a756): use test
INFO  : Starting task [Stage-0:DDL] in serial mode
DEBUG : Task getting executed using mapred tag : alex_20240501140008_5862fad8-fa54-4167-92a8-52e83328a756,userid=null
INFO  : Completed executing command(queryId=alex_20240501140008_5862fad8-fa54-4167-92a8-52e83328a756); Time taken: 0.025 seconds
DEBUG : Shutting down query use test
Error: Failed to wait for operation to complete (state=08S01,code=0)
Beeline version ??? by Apache Hive
hive> source /home/alex/Repositories/hive/beeline/target/tmp/test1211859066019350017.sql;
INFO  : Compiling command(queryId=alex_20240501140008_c5fa9955-9d2e-4e8d-8247-3d612222a75e): show tables
INFO  : Semantic Analysis Completed (retrial = false)
INFO  : Created Hive schema: Schema(fieldSchemas:[FieldSchema(name:tab_name, type:string, comment:from deserializer)], properties:null)
INFO  : Completed compiling command(queryId=alex_20240501140008_c5fa9955-9d2e-4e8d-8247-3d612222a75e); Time taken: 0.011 seconds
INFO  : Concurrency mode is disabled, not creating a lock manager
INFO  : Executing command(queryId=alex_20240501140008_c5fa9955-9d2e-4e8d-8247-3d612222a75e): show tables
INFO  : Starting task [Stage-0:DDL] in serial mode
DEBUG : Task getting executed using mapred tag : alex_20240501140008_c5fa9955-9d2e-4e8d-8247-3d612222a75e,userid=null
INFO  : Completed executing command(queryId=alex_20240501140008_c5fa9955-9d2e-4e8d-8247-3d612222a75e); Time taken: 0.035 seconds
DEBUG : Shutting down query show tables
Error: Failed to wait for operation to complete (state=08S01,code=0)
hive> Closing: 0: jdbc:hive2://

]]></system-err>
  </testcase>
  <testcase name="testInvalidOptions2" classname="org.apache.hive.beeline.cli.TestHiveCli" time="0.006"/>
  <testcase name="testCmd" classname="org.apache.hive.beeline.cli.TestHiveCli" time="0.29">
    <failure type="java.lang.AssertionError"><![CDATA[java.lang.AssertionError: The expected keyword "src" occur in the output: 
	at org.junit.Assert.fail(Assert.java:89)
	at org.junit.Assert.assertTrue(Assert.java:42)
	at org.apache.hive.beeline.cli.TestHiveCli.verifyCMD(TestHiveCli.java:270)
	at org.apache.hive.beeline.cli.TestHiveCli.testCmd(TestHiveCli.java:72)
	at sun.reflect.NativeMethodAccessorImpl.invoke0(Native Method)
	at sun.reflect.NativeMethodAccessorImpl.invoke(NativeMethodAccessorImpl.java:62)
	at sun.reflect.DelegatingMethodAccessorImpl.invoke(DelegatingMethodAccessorImpl.java:43)
	at java.lang.reflect.Method.invoke(Method.java:498)
	at org.junit.runners.model.FrameworkMethod$1.runReflectiveCall(FrameworkMethod.java:59)
	at org.junit.internal.runners.model.ReflectiveCallable.run(ReflectiveCallable.java:12)
	at org.junit.runners.model.FrameworkMethod.invokeExplosively(FrameworkMethod.java:56)
	at org.junit.internal.runners.statements.InvokeMethod.evaluate(InvokeMethod.java:17)
	at org.junit.internal.runners.statements.RunBefores.evaluate(RunBefores.java:26)
	at org.junit.internal.runners.statements.RunAfters.evaluate(RunAfters.java:27)
	at org.junit.runners.ParentRunner$3.evaluate(ParentRunner.java:306)
	at org.junit.runners.BlockJUnit4ClassRunner$1.evaluate(BlockJUnit4ClassRunner.java:100)
	at org.junit.runners.ParentRunner.runLeaf(ParentRunner.java:366)
	at org.junit.runners.BlockJUnit4ClassRunner.runChild(BlockJUnit4ClassRunner.java:103)
	at org.junit.runners.BlockJUnit4ClassRunner.runChild(BlockJUnit4ClassRunner.java:63)
	at org.junit.runners.ParentRunner$4.run(ParentRunner.java:331)
	at org.junit.runners.ParentRunner$1.schedule(ParentRunner.java:79)
	at org.junit.runners.ParentRunner.runChildren(ParentRunner.java:329)
	at org.junit.runners.ParentRunner.access$100(ParentRunner.java:66)
	at org.junit.runners.ParentRunner$2.evaluate(ParentRunner.java:293)
	at org.junit.internal.runners.statements.RunBefores.evaluate(RunBefores.java:26)
	at org.junit.runners.ParentRunner$3.evaluate(ParentRunner.java:306)
	at org.junit.runners.ParentRunner.run(ParentRunner.java:413)
	at org.junit.runner.JUnitCore.run(JUnitCore.java:137)
	at org.junit.runner.JUnitCore.run(JUnitCore.java:115)
	at org.junit.vintage.engine.execution.RunnerExecutor.execute(RunnerExecutor.java:43)
	at java.util.stream.ForEachOps$ForEachOp$OfRef.accept(ForEachOps.java:183)
	at java.util.stream.ReferencePipeline$3$1.accept(ReferencePipeline.java:193)
	at java.util.Iterator.forEachRemaining(Iterator.java:116)
	at java.util.Spliterators$IteratorSpliterator.forEachRemaining(Spliterators.java:1801)
	at java.util.stream.AbstractPipeline.copyInto(AbstractPipeline.java:482)
	at java.util.stream.AbstractPipeline.wrapAndCopyInto(AbstractPipeline.java:472)
	at java.util.stream.ForEachOps$ForEachOp.evaluateSequential(ForEachOps.java:150)
	at java.util.stream.ForEachOps$ForEachOp$OfRef.evaluateSequential(ForEachOps.java:173)
	at java.util.stream.AbstractPipeline.evaluate(AbstractPipeline.java:234)
	at java.util.stream.ReferencePipeline.forEach(ReferencePipeline.java:485)
	at org.junit.vintage.engine.VintageTestEngine.executeAllChildren(VintageTestEngine.java:82)
	at org.junit.vintage.engine.VintageTestEngine.execute(VintageTestEngine.java:73)
	at org.junit.platform.launcher.core.DefaultLauncher.execute(DefaultLauncher.java:248)
	at org.junit.platform.launcher.core.DefaultLauncher.lambda$execute$5(DefaultLauncher.java:211)
	at org.junit.platform.launcher.core.DefaultLauncher.withInterceptedStreams(DefaultLauncher.java:226)
	at org.junit.platform.launcher.core.DefaultLauncher.execute(DefaultLauncher.java:199)
	at org.junit.platform.launcher.core.DefaultLauncher.execute(DefaultLauncher.java:132)
	at org.apache.maven.surefire.junitplatform.JUnitPlatformProvider.invokeAllTests(JUnitPlatformProvider.java:154)
	at org.apache.maven.surefire.junitplatform.JUnitPlatformProvider.invoke(JUnitPlatformProvider.java:123)
	at org.apache.maven.surefire.booter.ForkedBooter.runSuitesInProcess(ForkedBooter.java:377)
	at org.apache.maven.surefire.booter.ForkedBooter.execute(ForkedBooter.java:138)
	at org.apache.maven.surefire.booter.ForkedBooter.run(ForkedBooter.java:465)
	at org.apache.maven.surefire.booter.ForkedBooter.main(ForkedBooter.java:451)
]]></failure>
    <system-err><![CDATA[2024-05-01T14:00:08,762 ERROR [main] cli.TestHiveCli: Failed to execute command due to the error: java.lang.NullPointerException: Null output stream
2024-05-01T14:00:08,826  WARN [main] conf.HiveConf: HiveConf of name hive.dummyparam.test.server.specific.config.override does not exist
2024-05-01T14:00:08,826  WARN [main] conf.HiveConf: HiveConf of name hive.dummyparam.test.server.specific.config.hiveserver2site does not exist
2024-05-01T14:00:08,827  WARN [main] conf.HiveConf: HiveConf of name hive.dummyparam.test.server.specific.config.metastoresite does not exist
2024-05-01T14:00:08,827  INFO [main] SessionState: Hive Session ID = 563caced-db23-4270-aa22-f9bab1bcd432
2024-05-01T14:00:08,828  INFO [main] DependencyResolver: ivysettings.xml file not found in HIVE_HOME or HIVE_CONF_DIR,/home/alex/Repositories/hive/conf/ivysettings.xml will be used
2024-05-01T14:00:08,839  INFO [main] session.SessionState: Created HDFS directory: /tmp/hive/alex/563caced-db23-4270-aa22-f9bab1bcd432
2024-05-01T14:00:08,842  INFO [main] session.SessionState: Created local directory: /home/alex/Repositories/hive/beeline/target/tmp/alex/563caced-db23-4270-aa22-f9bab1bcd432
2024-05-01T14:00:08,847  INFO [main] session.SessionState: Created HDFS directory: /tmp/hive/alex/563caced-db23-4270-aa22-f9bab1bcd432/_tmp_space.db
2024-05-01T14:00:08,847  INFO [main] sqlstd.SQLStdHiveAccessController: Created SQLStdHiveAccessController for session context : HiveAuthzSessionContext [sessionString=563caced-db23-4270-aa22-f9bab1bcd432, clientType=HIVESERVER2]
2024-05-01T14:00:08,848  INFO [main] metastore.HiveMetaStoreClient: HMS client filtering is enabled.
2024-05-01T14:00:08,849  INFO [main] metastore.HMSHandler: 0: Opening raw store with implementation class:org.apache.hadoop.hive.metastore.ObjectStore
2024-05-01T14:00:08,849  INFO [main] metastore.PersistenceManagerProvider: Configuration datanucleus.autoStartMechanismMode is not set. Defaulting to 'ignored'
2024-05-01T14:00:08,850  INFO [main] metastore.ObjectStore: RawStore: org.apache.hadoop.hive.metastore.ObjectStore@660296d5, with PersistenceManager: null will be shutdown
2024-05-01T14:00:08,850  INFO [main] metastore.ObjectStore: RawStore: org.apache.hadoop.hive.metastore.ObjectStore@660296d5, with PersistenceManager: org.datanucleus.api.jdo.JDOPersistenceManager@6d3163a6 created in the thread with id: 1
2024-05-01T14:00:08,855  INFO [main] metastore.HMSHandler: Created RawStore: org.apache.hadoop.hive.metastore.ObjectStore@660296d5 from thread id: 1
2024-05-01T14:00:08,855  INFO [main] metastore.HMSHandler: HMS server filtering is disabled by configuration
2024-05-01T14:00:08,855  INFO [main] metastore.RetryingMetaStoreClient: RetryingMetaStoreClient proxy=class org.apache.hadoop.hive.ql.metadata.SessionHiveMetaStoreClient ugi=alex (auth:SIMPLE) retries=1 delay=1 lifetime=0
2024-05-01T14:00:08,856  INFO [main] service.CompositeService: Operation log root directory is created: /home/alex/Repositories/hive/beeline/target/tmp/alex/operation_logs
2024-05-01T14:00:08,856  INFO [main] service.CompositeService: HiveServer2: Background operation thread pool size: 100
2024-05-01T14:00:08,856  INFO [main] service.CompositeService: HiveServer2: Background operation thread wait queue size: 100
2024-05-01T14:00:08,856  INFO [main] service.CompositeService: HiveServer2: Background operation thread keepalive time: 10 seconds
2024-05-01T14:00:08,856  INFO [main] service.CompositeService: Connections limit are user: 0 ipaddress: 0 user-ipaddress: 0
2024-05-01T14:00:08,858  INFO [main] cleanup.EventualCleanupService: EventualCleanupService started with 10 threads and queue of size 10000
ERROR StatusLogger Log4j2 ConfigurationScheduler attempted to increment scheduled items after start
ERROR StatusLogger Log4j2 ConfigurationScheduler attempted to increment scheduled items after start
2024-05-01T14:00:08,859  INFO [main] service.AbstractService: Service:OperationManager is inited.
2024-05-01T14:00:08,859  INFO [main] service.AbstractService: Service:SessionManager is inited.
2024-05-01T14:00:08,859  INFO [main] service.AbstractService: Service:CLIService is inited.
2024-05-01T14:00:08,859  INFO [main] service.AbstractService: Service:OperationManager is started.
2024-05-01T14:00:08,859  INFO [main] service.AbstractService: Service:SessionManager is started.
2024-05-01T14:00:08,859  INFO [main] service.AbstractService: Service:CLIService is started.
2024-05-01T14:00:08,860  INFO [main] service.AbstractService: Service:ThriftBinaryCLIService is inited.
2024-05-01T14:00:08,860  INFO [main] thrift.ThriftCLIService: Client protocol version: HIVE_CLI_SERVICE_PROTOCOL_V10
2024-05-01T14:00:08,860  INFO [main] thrift.ThriftCLIService: Creating Hive session handle for user [null] from IP null
2024-05-01T14:00:08,862  INFO [main] DependencyResolver: ivysettings.xml file not found in HIVE_HOME or HIVE_CONF_DIR,/home/alex/Repositories/hive/conf/ivysettings.xml will be used
2024-05-01T14:00:08,870  INFO [main] session.SessionState: Created HDFS directory: /tmp/hive/alex/9cf66646-ebc3-44e6-bfff-eccb72e5cdfe
2024-05-01T14:00:08,874  INFO [main] session.SessionState: Created local directory: /home/alex/Repositories/hive/beeline/target/tmp/alex/9cf66646-ebc3-44e6-bfff-eccb72e5cdfe
2024-05-01T14:00:08,878  INFO [main] session.SessionState: Created HDFS directory: /tmp/hive/alex/9cf66646-ebc3-44e6-bfff-eccb72e5cdfe/_tmp_space.db
2024-05-01T14:00:08,879  INFO [main] session.SessionState: Reloading auxiliary JAR files
2024-05-01T14:00:08,879  WARN [main] session.SessionState: Configuration hive.reloadable.aux.jars.path not specified
2024-05-01T14:00:08,880  INFO [main] HiveMetaStore.audit: ugi=alex	ip=unknown-ip-addr	cmd=Cleaning up thread local RawStore...	
2024-05-01T14:00:08,880  INFO [main] metastore.ObjectStore: RawStore: org.apache.hadoop.hive.metastore.ObjectStore@660296d5, with PersistenceManager: org.datanucleus.api.jdo.JDOPersistenceManager@6d3163a6 will be shutdown
2024-05-01T14:00:08,880  INFO [main] HiveMetaStore.audit: ugi=alex	ip=unknown-ip-addr	cmd=Done cleaning up thread local RawStore	
2024-05-01T14:00:08,881  INFO [main] metastore.HiveMetaStoreClient: Closed a connection to metastore, current connections: -9
2024-05-01T14:00:08,881  INFO [main] session.HiveSessionImpl: Operation log session directory is created: /home/alex/Repositories/hive/beeline/target/tmp/alex/operation_logs/9cf66646-ebc3-44e6-bfff-eccb72e5cdfe
2024-05-01T14:00:08,881  INFO [main] service.CompositeService: Session opened, SessionHandle [9cf66646-ebc3-44e6-bfff-eccb72e5cdfe], current sessions:1
2024-05-01T14:00:08,881  INFO [main] thrift.ThriftCLIService: Login attempt is successful for user : null
2024-05-01T14:00:08,940  WARN [main] conf.HiveConf: HiveConf of name hive.dummyparam.test.server.specific.config.override does not exist
2024-05-01T14:00:08,940  WARN [main] conf.HiveConf: HiveConf of name hive.dummyparam.test.server.specific.config.hiveserver2site does not exist
2024-05-01T14:00:08,941  WARN [main] conf.HiveConf: HiveConf of name hive.dummyparam.test.server.specific.config.metastoresite does not exist
2024-05-01T14:00:08,941  INFO [9cf66646-ebc3-44e6-bfff-eccb72e5cdfe main] session.HiveSessionImpl: executing set
2024-05-01T14:00:08,942  INFO [9cf66646-ebc3-44e6-bfff-eccb72e5cdfe main] operation.HiveCommandOperation: Putting temp output to file /home/alex/Repositories/hive/beeline/target/tmp/alex/9cf66646-ebc3-44e6-bfff-eccb72e5cdfe4946274404386486635.pipeout and error output to file /home/alex/Repositories/hive/beeline/target/tmp/alex/9cf66646-ebc3-44e6-bfff-eccb72e5cdfe2874934767614310428.pipeout
2024-05-01T14:00:08,942  INFO [9cf66646-ebc3-44e6-bfff-eccb72e5cdfe main] operation.OperationManager: Adding operation: OperationHandle [opType=EXECUTE_STATEMENT, getHandleIdentifier()=f03bdf17-e3b1-4eca-8968-175d3a38bea9] SessionHandle [9cf66646-ebc3-44e6-bfff-eccb72e5cdfe]
2024-05-01T14:00:08,942  INFO [9cf66646-ebc3-44e6-bfff-eccb72e5cdfe main] common.LogUtils: Thread context registration is done.
DEBUG StatusLogger Building Plugin[name=filter, class=org.apache.hadoop.hive.ql.log.LogDivertAppender$NameFilter].
DEBUG StatusLogger createFilter(loggingLevel="EXECUTION")
DEBUG StatusLogger Building Plugin[name=layout, class=org.apache.logging.log4j.core.layout.PatternLayout].
DEBUG StatusLogger PatternLayout$Builder(pattern="%-5p : %m%n", PatternSelector=null, Configuration(HiveLog4j2Test), Replace=null, charset="null", alwaysWriteExceptions="null", disableAnsi="null", noConsoleNoAnsi="null", header="null", footer="null")
DEBUG StatusLogger Building Plugin[name=appender, class=org.apache.hadoop.hive.ql.log.HushableRandomAccessFileAppender].
DEBUG StatusLogger createAppender(fileName="/home/alex/Repositories/hive/beeline/target/tmp/alex/operation_logs/9cf66646-ebc3-44e6-bfff-eccb72e5cdfe/alex_20240501140008_ceffb022-703c-44b3-8ecd-2d41d909c941", append="null", name="query-file-appender", immediateFlush="null", bufferSize="null", ignoreExceptions="null", PatternLayout(org.apache.logging.log4j.core.layout.PatternLayout with name PatternLayout), NameFilter(org.apache.hadoop.hive.ql.log.LogDivertAppender$NameFilter with name NameFilter), advertise="null", advertiseURI="null", Configuration(HiveLog4j2Test))
DEBUG StatusLogger Starting RandomAccessFileManager /home/alex/Repositories/hive/beeline/target/tmp/alex/operation_logs/9cf66646-ebc3-44e6-bfff-eccb72e5cdfe/alex_20240501140008_ceffb022-703c-44b3-8ecd-2d41d909c941
DEBUG StatusLogger Building Plugin[name=, class=org.apache.hadoop.hive.ql.log.LogDivertAppenderForTest$TestFilter].
DEBUG StatusLogger createFilter()
DEBUG StatusLogger Building Plugin[name=, class=org.apache.logging.log4j.core.layout.PatternLayout].
DEBUG StatusLogger PatternLayout$Builder(pattern="%-5p : %m%n", PatternSelector=null, Configuration(HiveLog4j2Test), Replace=null, charset="null", alwaysWriteExceptions="null", disableAnsi="null", noConsoleNoAnsi="null", header="null", footer="null")
DEBUG StatusLogger Building Plugin[name=appender, class=org.apache.hadoop.hive.ql.log.HushableRandomAccessFileAppender].
DEBUG StatusLogger createAppender(fileName="/home/alex/Repositories/hive/beeline/target/tmp/alex/operation_logs/9cf66646-ebc3-44e6-bfff-eccb72e5cdfe/alex_20240501140008_ceffb022-703c-44b3-8ecd-2d41d909c941.test", append="null", name="test-query-file-appender", immediateFlush="null", bufferSize="null", ignoreExceptions="null", PatternLayout(org.apache.logging.log4j.core.layout.PatternLayout with name PatternLayout), test-filter(org.apache.hadoop.hive.ql.log.LogDivertAppenderForTest$TestFilter with name test-filter), advertise="null", advertiseURI="null", Configuration(HiveLog4j2Test))
DEBUG StatusLogger Starting RandomAccessFileManager /home/alex/Repositories/hive/beeline/target/tmp/alex/operation_logs/9cf66646-ebc3-44e6-bfff-eccb72e5cdfe/alex_20240501140008_ceffb022-703c-44b3-8ecd-2d41d909c941.test
2024-05-01T14:00:08,948  INFO [9cf66646-ebc3-44e6-bfff-eccb72e5cdfe main] operation.HiveCommandOperation: [opType=EXECUTE_STATEMENT, queryId=alex_20240501140008_ceffb022-703c-44b3-8ecd-2d41d909c941, startTime=1714597208941, sessionId=9cf66646-ebc3-44e6-bfff-eccb72e5cdfe, createTime=1714597208860, userName=null, ipAddress=null]
2024-05-01T14:00:08,957  INFO [9cf66646-ebc3-44e6-bfff-eccb72e5cdfe main] common.LogUtils: Unregistered logging context.
2024-05-01T14:00:08,961  INFO [9cf66646-ebc3-44e6-bfff-eccb72e5cdfe main] operation.OperationManager: Closing operation: OperationHandle [opType=EXECUTE_STATEMENT, getHandleIdentifier()=f03bdf17-e3b1-4eca-8968-175d3a38bea9]
2024-05-01T14:00:08,961  INFO [9cf66646-ebc3-44e6-bfff-eccb72e5cdfe main] operation.OperationManager: Removed queryId: alex_20240501140008_ceffb022-703c-44b3-8ecd-2d41d909c941 corresponding to operation: OperationHandle [opType=EXECUTE_STATEMENT, getHandleIdentifier()=f03bdf17-e3b1-4eca-8968-175d3a38bea9] with tag: null
2024-05-01T14:00:08,963  INFO [9cf66646-ebc3-44e6-bfff-eccb72e5cdfe main] operation.HiveCommandOperation: Closing operation log /home/alex/Repositories/hive/beeline/target/tmp/alex/operation_logs/9cf66646-ebc3-44e6-bfff-eccb72e5cdfe/alex_20240501140008_ceffb022-703c-44b3-8ecd-2d41d909c941 without delay
2024-05-01T14:00:08,976  INFO [9cf66646-ebc3-44e6-bfff-eccb72e5cdfe main] session.HiveSessionImpl: executing show tables
2024-05-01T14:00:08,977  INFO [9cf66646-ebc3-44e6-bfff-eccb72e5cdfe main] operation.OperationManager: Adding operation: OperationHandle [opType=EXECUTE_STATEMENT, getHandleIdentifier()=18b798b8-b6f0-48bf-af12-9c12268809f9] SessionHandle [9cf66646-ebc3-44e6-bfff-eccb72e5cdfe]
2024-05-01T14:00:08,977  INFO [9cf66646-ebc3-44e6-bfff-eccb72e5cdfe main] common.LogUtils: Thread context registration is done.
DEBUG StatusLogger Building Plugin[name=filter, class=org.apache.hadoop.hive.ql.log.LogDivertAppender$NameFilter].
DEBUG StatusLogger createFilter(loggingLevel="EXECUTION")
DEBUG StatusLogger Building Plugin[name=layout, class=org.apache.logging.log4j.core.layout.PatternLayout].
DEBUG StatusLogger PatternLayout$Builder(pattern="%-5p : %m%n", PatternSelector=null, Configuration(HiveLog4j2Test), Replace=null, charset="null", alwaysWriteExceptions="null", disableAnsi="null", noConsoleNoAnsi="null", header="null", footer="null")
DEBUG StatusLogger Building Plugin[name=appender, class=org.apache.hadoop.hive.ql.log.HushableRandomAccessFileAppender].
DEBUG StatusLogger createAppender(fileName="/home/alex/Repositories/hive/beeline/target/tmp/alex/operation_logs/9cf66646-ebc3-44e6-bfff-eccb72e5cdfe/alex_20240501140008_2f51c693-4d09-4d4d-abda-21a0cec6a360", append="null", name="query-file-appender", immediateFlush="null", bufferSize="null", ignoreExceptions="null", PatternLayout(org.apache.logging.log4j.core.layout.PatternLayout with name PatternLayout), NameFilter(org.apache.hadoop.hive.ql.log.LogDivertAppender$NameFilter with name NameFilter), advertise="null", advertiseURI="null", Configuration(HiveLog4j2Test))
DEBUG StatusLogger Starting RandomAccessFileManager /home/alex/Repositories/hive/beeline/target/tmp/alex/operation_logs/9cf66646-ebc3-44e6-bfff-eccb72e5cdfe/alex_20240501140008_2f51c693-4d09-4d4d-abda-21a0cec6a360
DEBUG StatusLogger Building Plugin[name=, class=org.apache.hadoop.hive.ql.log.LogDivertAppenderForTest$TestFilter].
DEBUG StatusLogger createFilter()
DEBUG StatusLogger Building Plugin[name=, class=org.apache.logging.log4j.core.layout.PatternLayout].
DEBUG StatusLogger PatternLayout$Builder(pattern="%-5p : %m%n", PatternSelector=null, Configuration(HiveLog4j2Test), Replace=null, charset="null", alwaysWriteExceptions="null", disableAnsi="null", noConsoleNoAnsi="null", header="null", footer="null")
DEBUG StatusLogger Building Plugin[name=appender, class=org.apache.hadoop.hive.ql.log.HushableRandomAccessFileAppender].
DEBUG StatusLogger createAppender(fileName="/home/alex/Repositories/hive/beeline/target/tmp/alex/operation_logs/9cf66646-ebc3-44e6-bfff-eccb72e5cdfe/alex_20240501140008_2f51c693-4d09-4d4d-abda-21a0cec6a360.test", append="null", name="test-query-file-appender", immediateFlush="null", bufferSize="null", ignoreExceptions="null", PatternLayout(org.apache.logging.log4j.core.layout.PatternLayout with name PatternLayout), test-filter(org.apache.hadoop.hive.ql.log.LogDivertAppenderForTest$TestFilter with name test-filter), advertise="null", advertiseURI="null", Configuration(HiveLog4j2Test))
DEBUG StatusLogger Starting RandomAccessFileManager /home/alex/Repositories/hive/beeline/target/tmp/alex/operation_logs/9cf66646-ebc3-44e6-bfff-eccb72e5cdfe/alex_20240501140008_2f51c693-4d09-4d4d-abda-21a0cec6a360.test
2024-05-01T14:00:08,983  INFO [9cf66646-ebc3-44e6-bfff-eccb72e5cdfe main] operation.SQLOperation: [opType=EXECUTE_STATEMENT, queryId=alex_20240501140008_2f51c693-4d09-4d4d-abda-21a0cec6a360, startTime=1714597208976, sessionId=9cf66646-ebc3-44e6-bfff-eccb72e5cdfe, createTime=1714597208860, userName=null, ipAddress=null]
2024-05-01T14:00:08,984  INFO [9cf66646-ebc3-44e6-bfff-eccb72e5cdfe main] ql.Driver: Compiling command(queryId=alex_20240501140008_2f51c693-4d09-4d4d-abda-21a0cec6a360): show tables
2024-05-01T14:00:08,986  INFO [9cf66646-ebc3-44e6-bfff-eccb72e5cdfe main] metastore.HiveMetaStoreClient: HMS client filtering is enabled.
2024-05-01T14:00:08,986  INFO [9cf66646-ebc3-44e6-bfff-eccb72e5cdfe main] metastore.HMSHandler: 0: Opening raw store with implementation class:org.apache.hadoop.hive.metastore.ObjectStore
2024-05-01T14:00:08,987  INFO [9cf66646-ebc3-44e6-bfff-eccb72e5cdfe main] metastore.PersistenceManagerProvider: Configuration datanucleus.autoStartMechanismMode is not set. Defaulting to 'ignored'
2024-05-01T14:00:08,988  INFO [9cf66646-ebc3-44e6-bfff-eccb72e5cdfe main] metastore.ObjectStore: RawStore: org.apache.hadoop.hive.metastore.ObjectStore@8af1c49, with PersistenceManager: null will be shutdown
2024-05-01T14:00:08,988  INFO [9cf66646-ebc3-44e6-bfff-eccb72e5cdfe main] metastore.ObjectStore: RawStore: org.apache.hadoop.hive.metastore.ObjectStore@8af1c49, with PersistenceManager: org.datanucleus.api.jdo.JDOPersistenceManager@70d5d96b created in the thread with id: 1
2024-05-01T14:00:08,993  INFO [9cf66646-ebc3-44e6-bfff-eccb72e5cdfe main] metastore.HMSHandler: Created RawStore: org.apache.hadoop.hive.metastore.ObjectStore@8af1c49 from thread id: 1
2024-05-01T14:00:08,993  INFO [9cf66646-ebc3-44e6-bfff-eccb72e5cdfe main] metastore.HMSHandler: HMS server filtering is disabled by configuration
2024-05-01T14:00:08,993  INFO [9cf66646-ebc3-44e6-bfff-eccb72e5cdfe main] metastore.RetryingMetaStoreClient: RetryingMetaStoreClient proxy=class org.apache.hadoop.hive.ql.metadata.SessionHiveMetaStoreClient ugi=alex (auth:SIMPLE) retries=1 delay=1 lifetime=0
2024-05-01T14:00:09,000  INFO [9cf66646-ebc3-44e6-bfff-eccb72e5cdfe main] HiveMetaStore.audit: ugi=alex	ip=unknown-ip-addr	cmd=get_database: default	
2024-05-01T14:00:09,002  INFO [9cf66646-ebc3-44e6-bfff-eccb72e5cdfe main] ql.Driver: Semantic Analysis Completed (retrial = false)
2024-05-01T14:00:09,002  INFO [9cf66646-ebc3-44e6-bfff-eccb72e5cdfe main] ql.Driver: Created Hive schema: Schema(fieldSchemas:[FieldSchema(name:tab_name, type:string, comment:from deserializer)], properties:null)
2024-05-01T14:00:09,003  INFO [9cf66646-ebc3-44e6-bfff-eccb72e5cdfe main] exec.ListSinkOperator: Initializing Operator: LIST_SINK[0]
2024-05-01T14:00:09,004  INFO [9cf66646-ebc3-44e6-bfff-eccb72e5cdfe main] metadata.Hive: Dumping metastore api call timing information for : compilation phase
2024-05-01T14:00:09,004  INFO [9cf66646-ebc3-44e6-bfff-eccb72e5cdfe main] metadata.Hive: Total time spent in each metastore function (ms): {isCompatibleWith_(Configuration)=0, getDatabase_(String)=2, flushCache_()=1}
2024-05-01T14:00:09,004  INFO [9cf66646-ebc3-44e6-bfff-eccb72e5cdfe main] ql.Driver: Completed compiling command(queryId=alex_20240501140008_2f51c693-4d09-4d4d-abda-21a0cec6a360); Time taken: 0.02 seconds
2024-05-01T14:00:09,005  INFO [9cf66646-ebc3-44e6-bfff-eccb72e5cdfe main] common.LogUtils: Unregistered logging context.
2024-05-01T14:00:09,005  INFO [HiveServer2-Background-Pool: Thread-200] common.LogUtils: Thread context registration is done.
2024-05-01T14:00:09,005  INFO [HiveServer2-Background-Pool: Thread-200] reexec.ReExecDriver: Execution #1 of query
2024-05-01T14:00:09,005  INFO [HiveServer2-Background-Pool: Thread-200] ql.Driver: Concurrency mode is disabled, not creating a lock manager
2024-05-01T14:00:09,006  INFO [HiveServer2-Background-Pool: Thread-200] ql.Driver: Executing command(queryId=alex_20240501140008_2f51c693-4d09-4d4d-abda-21a0cec6a360): show tables
2024-05-01T14:00:09,006  INFO [HiveServer2-Background-Pool: Thread-200] ql.Driver: Starting task [Stage-0:DDL] in serial mode
2024-05-01T14:00:09,008  INFO [HiveServer2-Background-Pool: Thread-200] HiveMetaStore.audit: ugi=alex	ip=unknown-ip-addr	cmd=get_database: default	
2024-05-01T14:00:09,008  INFO [HiveServer2-Background-Pool: Thread-200] metastore.HMSHandler: 9: Opening raw store with implementation class:org.apache.hadoop.hive.metastore.ObjectStore
2024-05-01T14:00:09,009  INFO [HiveServer2-Background-Pool: Thread-200] metastore.ObjectStore: RawStore: org.apache.hadoop.hive.metastore.ObjectStore@79a878fd, with PersistenceManager: null will be shutdown
2024-05-01T14:00:09,009  INFO [HiveServer2-Background-Pool: Thread-200] metastore.ObjectStore: RawStore: org.apache.hadoop.hive.metastore.ObjectStore@79a878fd, with PersistenceManager: org.datanucleus.api.jdo.JDOPersistenceManager@379dfe59 created in the thread with id: 200
2024-05-01T14:00:09,015  INFO [HiveServer2-Background-Pool: Thread-200] metastore.HMSHandler: Created RawStore: org.apache.hadoop.hive.metastore.ObjectStore@79a878fd from thread id: 200
2024-05-01T14:00:09,019  INFO [HiveServer2-Background-Pool: Thread-200] HiveMetaStore.audit: ugi=alex	ip=unknown-ip-addr	cmd=get_multi_table : db=default tbls=null	
2024-05-01T14:00:09,023  INFO [HiveServer2-Background-Pool: Thread-200] sqlstd.SQLStdHiveAccessController: Created SQLStdHiveAccessController for session context : HiveAuthzSessionContext [sessionString=9cf66646-ebc3-44e6-bfff-eccb72e5cdfe, clientType=HIVESERVER2]
2024-05-01T14:00:09,033  INFO [HiveServer2-Background-Pool: Thread-200] metadata.Hive: Dumping metastore api call timing information for : execution phase
2024-05-01T14:00:09,033  INFO [HiveServer2-Background-Pool: Thread-200] metadata.Hive: Total time spent in each metastore function (ms): {isCompatibleWith_(Configuration)=1, getDatabase_(String)=10, getTables_(String, String)=6}
2024-05-01T14:00:09,033  INFO [HiveServer2-Background-Pool: Thread-200] ql.Driver: Completed executing command(queryId=alex_20240501140008_2f51c693-4d09-4d4d-abda-21a0cec6a360); Time taken: 0.026 seconds
2024-05-01T14:00:09,033  INFO [HiveServer2-Background-Pool: Thread-200] common.LogUtils: Unregistered logging context.
2024-05-01T14:00:09,037  INFO [9cf66646-ebc3-44e6-bfff-eccb72e5cdfe main] operation.OperationManager: Closing operation: OperationHandle [opType=EXECUTE_STATEMENT, getHandleIdentifier()=18b798b8-b6f0-48bf-af12-9c12268809f9]
2024-05-01T14:00:09,037  INFO [9cf66646-ebc3-44e6-bfff-eccb72e5cdfe main] operation.OperationManager: Removed queryId: alex_20240501140008_2f51c693-4d09-4d4d-abda-21a0cec6a360 corresponding to operation: OperationHandle [opType=EXECUTE_STATEMENT, getHandleIdentifier()=18b798b8-b6f0-48bf-af12-9c12268809f9] with tag: null
2024-05-01T14:00:09,037  INFO [9cf66646-ebc3-44e6-bfff-eccb72e5cdfe main] ql.Context: Deleting scratch dir: file:/home/alex/Repositories/hive/beeline/target/tmp/alex/9cf66646-ebc3-44e6-bfff-eccb72e5cdfe/hive_2024-05-01_14-00-08_984_4415237701527511080-1
2024-05-01T14:00:09,037  INFO [9cf66646-ebc3-44e6-bfff-eccb72e5cdfe main] cleanup.EventualCleanupService: Delete file:/home/alex/Repositories/hive/beeline/target/tmp/alex/9cf66646-ebc3-44e6-bfff-eccb72e5cdfe/hive_2024-05-01_14-00-08_984_4415237701527511080-1 operation was queued
2024-05-01T14:00:09,038  INFO [9cf66646-ebc3-44e6-bfff-eccb72e5cdfe main] exec.ListSinkOperator: Closing Operator: LIST_SINK[0]
2024-05-01T14:00:09,038  INFO [9cf66646-ebc3-44e6-bfff-eccb72e5cdfe main] exec.ListSinkOperator: RECORDS_OUT_INTERMEDIATE:0, RECORDS_OUT_OPERATOR_LIST_SINK_0:0, 
2024-05-01T14:00:09,038  INFO [9cf66646-ebc3-44e6-bfff-eccb72e5cdfe main] operation.SQLOperation: Closing operation log /home/alex/Repositories/hive/beeline/target/tmp/alex/operation_logs/9cf66646-ebc3-44e6-bfff-eccb72e5cdfe/alex_20240501140008_2f51c693-4d09-4d4d-abda-21a0cec6a360 without delay
2024-05-01T14:00:09,038  INFO [EventualCleanupService thread 0] cleanup.EventualCleanupService: Deleted file:/home/alex/Repositories/hive/beeline/target/tmp/alex/9cf66646-ebc3-44e6-bfff-eccb72e5cdfe/hive_2024-05-01_14-00-08_984_4415237701527511080-1
2024-05-01T14:00:09,047  INFO [main] service.CompositeService: Session closed, SessionHandle [9cf66646-ebc3-44e6-bfff-eccb72e5cdfe], current sessions:0
2024-05-01T14:00:09,048  INFO [9cf66646-ebc3-44e6-bfff-eccb72e5cdfe main] session.HiveSessionImpl: Operation log session directory is deleted: /home/alex/Repositories/hive/beeline/target/tmp/alex/operation_logs/9cf66646-ebc3-44e6-bfff-eccb72e5cdfe
2024-05-01T14:00:09,048  INFO [main] cleanup.EventualCleanupService: Delete /tmp/hive/alex/9cf66646-ebc3-44e6-bfff-eccb72e5cdfe operation was queued
2024-05-01T14:00:09,048  INFO [main] cleanup.EventualCleanupService: Delete /home/alex/Repositories/hive/beeline/target/tmp/alex/9cf66646-ebc3-44e6-bfff-eccb72e5cdfe operation was queued
2024-05-01T14:00:09,049  INFO [EventualCleanupService thread 1] cleanup.EventualCleanupService: Deleted /tmp/hive/alex/9cf66646-ebc3-44e6-bfff-eccb72e5cdfe
2024-05-01T14:00:09,049  INFO [EventualCleanupService thread 2] cleanup.EventualCleanupService: Deleted /home/alex/Repositories/hive/beeline/target/tmp/alex/9cf66646-ebc3-44e6-bfff-eccb72e5cdfe
2024-05-01T14:00:09,050  INFO [main] HiveMetaStore.audit: ugi=alex	ip=unknown-ip-addr	cmd=Cleaning up thread local RawStore...	
2024-05-01T14:00:09,050  INFO [main] metastore.ObjectStore: RawStore: org.apache.hadoop.hive.metastore.ObjectStore@8af1c49, with PersistenceManager: org.datanucleus.api.jdo.JDOPersistenceManager@70d5d96b will be shutdown
2024-05-01T14:00:09,050  INFO [main] HiveMetaStore.audit: ugi=alex	ip=unknown-ip-addr	cmd=Done cleaning up thread local RawStore	
2024-05-01T14:00:09,050  INFO [main] metastore.HiveMetaStoreClient: Closed a connection to metastore, current connections: -10
]]></system-err>
  </testcase>
  <testcase name="testHelp" classname="org.apache.hive.beeline.cli.TestHiveCli" time="0.004"/>
  <testcase name="testSourceCmd" classname="org.apache.hive.beeline.cli.TestHiveCli" time="0.453">
    <failure type="java.lang.AssertionError"><![CDATA[java.lang.AssertionError: The expected keyword "sc1" occur in the output: 
	at org.junit.Assert.fail(Assert.java:89)
	at org.junit.Assert.assertTrue(Assert.java:42)
	at org.apache.hive.beeline.cli.TestHiveCli.verifyCMD(TestHiveCli.java:270)
	at org.apache.hive.beeline.cli.TestHiveCli.testSourceCmd(TestHiveCli.java:114)
	at sun.reflect.NativeMethodAccessorImpl.invoke0(Native Method)
	at sun.reflect.NativeMethodAccessorImpl.invoke(NativeMethodAccessorImpl.java:62)
	at sun.reflect.DelegatingMethodAccessorImpl.invoke(DelegatingMethodAccessorImpl.java:43)
	at java.lang.reflect.Method.invoke(Method.java:498)
	at org.junit.runners.model.FrameworkMethod$1.runReflectiveCall(FrameworkMethod.java:59)
	at org.junit.internal.runners.model.ReflectiveCallable.run(ReflectiveCallable.java:12)
	at org.junit.runners.model.FrameworkMethod.invokeExplosively(FrameworkMethod.java:56)
	at org.junit.internal.runners.statements.InvokeMethod.evaluate(InvokeMethod.java:17)
	at org.junit.internal.runners.statements.RunBefores.evaluate(RunBefores.java:26)
	at org.junit.internal.runners.statements.RunAfters.evaluate(RunAfters.java:27)
	at org.junit.runners.ParentRunner$3.evaluate(ParentRunner.java:306)
	at org.junit.runners.BlockJUnit4ClassRunner$1.evaluate(BlockJUnit4ClassRunner.java:100)
	at org.junit.runners.ParentRunner.runLeaf(ParentRunner.java:366)
	at org.junit.runners.BlockJUnit4ClassRunner.runChild(BlockJUnit4ClassRunner.java:103)
	at org.junit.runners.BlockJUnit4ClassRunner.runChild(BlockJUnit4ClassRunner.java:63)
	at org.junit.runners.ParentRunner$4.run(ParentRunner.java:331)
	at org.junit.runners.ParentRunner$1.schedule(ParentRunner.java:79)
	at org.junit.runners.ParentRunner.runChildren(ParentRunner.java:329)
	at org.junit.runners.ParentRunner.access$100(ParentRunner.java:66)
	at org.junit.runners.ParentRunner$2.evaluate(ParentRunner.java:293)
	at org.junit.internal.runners.statements.RunBefores.evaluate(RunBefores.java:26)
	at org.junit.runners.ParentRunner$3.evaluate(ParentRunner.java:306)
	at org.junit.runners.ParentRunner.run(ParentRunner.java:413)
	at org.junit.runner.JUnitCore.run(JUnitCore.java:137)
	at org.junit.runner.JUnitCore.run(JUnitCore.java:115)
	at org.junit.vintage.engine.execution.RunnerExecutor.execute(RunnerExecutor.java:43)
	at java.util.stream.ForEachOps$ForEachOp$OfRef.accept(ForEachOps.java:183)
	at java.util.stream.ReferencePipeline$3$1.accept(ReferencePipeline.java:193)
	at java.util.Iterator.forEachRemaining(Iterator.java:116)
	at java.util.Spliterators$IteratorSpliterator.forEachRemaining(Spliterators.java:1801)
	at java.util.stream.AbstractPipeline.copyInto(AbstractPipeline.java:482)
	at java.util.stream.AbstractPipeline.wrapAndCopyInto(AbstractPipeline.java:472)
	at java.util.stream.ForEachOps$ForEachOp.evaluateSequential(ForEachOps.java:150)
	at java.util.stream.ForEachOps$ForEachOp$OfRef.evaluateSequential(ForEachOps.java:173)
	at java.util.stream.AbstractPipeline.evaluate(AbstractPipeline.java:234)
	at java.util.stream.ReferencePipeline.forEach(ReferencePipeline.java:485)
	at org.junit.vintage.engine.VintageTestEngine.executeAllChildren(VintageTestEngine.java:82)
	at org.junit.vintage.engine.VintageTestEngine.execute(VintageTestEngine.java:73)
	at org.junit.platform.launcher.core.DefaultLauncher.execute(DefaultLauncher.java:248)
	at org.junit.platform.launcher.core.DefaultLauncher.lambda$execute$5(DefaultLauncher.java:211)
	at org.junit.platform.launcher.core.DefaultLauncher.withInterceptedStreams(DefaultLauncher.java:226)
	at org.junit.platform.launcher.core.DefaultLauncher.execute(DefaultLauncher.java:199)
	at org.junit.platform.launcher.core.DefaultLauncher.execute(DefaultLauncher.java:132)
	at org.apache.maven.surefire.junitplatform.JUnitPlatformProvider.invokeAllTests(JUnitPlatformProvider.java:154)
	at org.apache.maven.surefire.junitplatform.JUnitPlatformProvider.invoke(JUnitPlatformProvider.java:123)
	at org.apache.maven.surefire.booter.ForkedBooter.runSuitesInProcess(ForkedBooter.java:377)
	at org.apache.maven.surefire.booter.ForkedBooter.execute(ForkedBooter.java:138)
	at org.apache.maven.surefire.booter.ForkedBooter.run(ForkedBooter.java:465)
	at org.apache.maven.surefire.booter.ForkedBooter.main(ForkedBooter.java:451)
]]></failure>
    <system-err><![CDATA[2024-05-01T14:00:09,055 ERROR [main] cli.TestHiveCli: Failed to execute command due to the error: java.lang.NullPointerException: Null output stream
2024-05-01T14:00:09,127  WARN [main] conf.HiveConf: HiveConf of name hive.dummyparam.test.server.specific.config.override does not exist
2024-05-01T14:00:09,127  WARN [main] conf.HiveConf: HiveConf of name hive.dummyparam.test.server.specific.config.hiveserver2site does not exist
2024-05-01T14:00:09,128  WARN [main] conf.HiveConf: HiveConf of name hive.dummyparam.test.server.specific.config.metastoresite does not exist
2024-05-01T14:00:09,129  INFO [main] SessionState: Hive Session ID = 5f524bfe-a5c9-4dc4-a41f-a8ebc303a4a5
2024-05-01T14:00:09,130  INFO [main] DependencyResolver: ivysettings.xml file not found in HIVE_HOME or HIVE_CONF_DIR,/home/alex/Repositories/hive/conf/ivysettings.xml will be used
2024-05-01T14:00:09,138  INFO [main] session.SessionState: Created HDFS directory: /tmp/hive/alex/5f524bfe-a5c9-4dc4-a41f-a8ebc303a4a5
2024-05-01T14:00:09,141  INFO [main] session.SessionState: Created local directory: /home/alex/Repositories/hive/beeline/target/tmp/alex/5f524bfe-a5c9-4dc4-a41f-a8ebc303a4a5
2024-05-01T14:00:09,146  INFO [main] session.SessionState: Created HDFS directory: /tmp/hive/alex/5f524bfe-a5c9-4dc4-a41f-a8ebc303a4a5/_tmp_space.db
2024-05-01T14:00:09,147  INFO [main] sqlstd.SQLStdHiveAccessController: Created SQLStdHiveAccessController for session context : HiveAuthzSessionContext [sessionString=5f524bfe-a5c9-4dc4-a41f-a8ebc303a4a5, clientType=HIVESERVER2]
2024-05-01T14:00:09,148  INFO [main] metastore.HiveMetaStoreClient: HMS client filtering is enabled.
2024-05-01T14:00:09,149  INFO [main] metastore.HMSHandler: 0: Opening raw store with implementation class:org.apache.hadoop.hive.metastore.ObjectStore
2024-05-01T14:00:09,149  INFO [main] metastore.PersistenceManagerProvider: Configuration datanucleus.autoStartMechanismMode is not set. Defaulting to 'ignored'
2024-05-01T14:00:09,149  INFO [main] metastore.ObjectStore: RawStore: org.apache.hadoop.hive.metastore.ObjectStore@73b0ed03, with PersistenceManager: null will be shutdown
2024-05-01T14:00:09,150  INFO [main] metastore.ObjectStore: RawStore: org.apache.hadoop.hive.metastore.ObjectStore@73b0ed03, with PersistenceManager: org.datanucleus.api.jdo.JDOPersistenceManager@55061418 created in the thread with id: 1
2024-05-01T14:00:09,153  INFO [main] metastore.HMSHandler: Created RawStore: org.apache.hadoop.hive.metastore.ObjectStore@73b0ed03 from thread id: 1
2024-05-01T14:00:09,153  INFO [main] metastore.HMSHandler: HMS server filtering is disabled by configuration
2024-05-01T14:00:09,153  INFO [main] metastore.RetryingMetaStoreClient: RetryingMetaStoreClient proxy=class org.apache.hadoop.hive.ql.metadata.SessionHiveMetaStoreClient ugi=alex (auth:SIMPLE) retries=1 delay=1 lifetime=0
2024-05-01T14:00:09,153  INFO [main] service.CompositeService: Operation log root directory is created: /home/alex/Repositories/hive/beeline/target/tmp/alex/operation_logs
2024-05-01T14:00:09,153  INFO [main] service.CompositeService: HiveServer2: Background operation thread pool size: 100
2024-05-01T14:00:09,153  INFO [main] service.CompositeService: HiveServer2: Background operation thread wait queue size: 100
2024-05-01T14:00:09,153  INFO [main] service.CompositeService: HiveServer2: Background operation thread keepalive time: 10 seconds
2024-05-01T14:00:09,154  INFO [main] service.CompositeService: Connections limit are user: 0 ipaddress: 0 user-ipaddress: 0
2024-05-01T14:00:09,155  INFO [main] cleanup.EventualCleanupService: EventualCleanupService started with 10 threads and queue of size 10000
ERROR StatusLogger Log4j2 ConfigurationScheduler attempted to increment scheduled items after start
ERROR StatusLogger Log4j2 ConfigurationScheduler attempted to increment scheduled items after start
2024-05-01T14:00:09,157  INFO [main] service.AbstractService: Service:OperationManager is inited.
2024-05-01T14:00:09,157  INFO [main] service.AbstractService: Service:SessionManager is inited.
2024-05-01T14:00:09,157  INFO [main] service.AbstractService: Service:CLIService is inited.
2024-05-01T14:00:09,157  INFO [main] service.AbstractService: Service:OperationManager is started.
2024-05-01T14:00:09,157  INFO [main] service.AbstractService: Service:SessionManager is started.
2024-05-01T14:00:09,157  INFO [main] service.AbstractService: Service:CLIService is started.
2024-05-01T14:00:09,157  INFO [main] service.AbstractService: Service:ThriftBinaryCLIService is inited.
2024-05-01T14:00:09,157  INFO [main] thrift.ThriftCLIService: Client protocol version: HIVE_CLI_SERVICE_PROTOCOL_V10
2024-05-01T14:00:09,157  INFO [main] thrift.ThriftCLIService: Creating Hive session handle for user [null] from IP null
2024-05-01T14:00:09,159  INFO [main] DependencyResolver: ivysettings.xml file not found in HIVE_HOME or HIVE_CONF_DIR,/home/alex/Repositories/hive/conf/ivysettings.xml will be used
2024-05-01T14:00:09,168  INFO [main] session.SessionState: Created HDFS directory: /tmp/hive/alex/e8ecd092-cd01-4b0a-b7a8-2eb61958cb9c
2024-05-01T14:00:09,172  INFO [main] session.SessionState: Created local directory: /home/alex/Repositories/hive/beeline/target/tmp/alex/e8ecd092-cd01-4b0a-b7a8-2eb61958cb9c
2024-05-01T14:00:09,175  INFO [main] session.SessionState: Created HDFS directory: /tmp/hive/alex/e8ecd092-cd01-4b0a-b7a8-2eb61958cb9c/_tmp_space.db
2024-05-01T14:00:09,175  INFO [main] session.SessionState: Reloading auxiliary JAR files
2024-05-01T14:00:09,175  WARN [main] session.SessionState: Configuration hive.reloadable.aux.jars.path not specified
2024-05-01T14:00:09,176  INFO [main] HiveMetaStore.audit: ugi=alex	ip=unknown-ip-addr	cmd=Cleaning up thread local RawStore...	
2024-05-01T14:00:09,176  INFO [main] metastore.ObjectStore: RawStore: org.apache.hadoop.hive.metastore.ObjectStore@73b0ed03, with PersistenceManager: org.datanucleus.api.jdo.JDOPersistenceManager@55061418 will be shutdown
2024-05-01T14:00:09,176  INFO [main] HiveMetaStore.audit: ugi=alex	ip=unknown-ip-addr	cmd=Done cleaning up thread local RawStore	
2024-05-01T14:00:09,176  INFO [main] metastore.HiveMetaStoreClient: Closed a connection to metastore, current connections: -11
2024-05-01T14:00:09,176  INFO [main] session.HiveSessionImpl: Operation log session directory is created: /home/alex/Repositories/hive/beeline/target/tmp/alex/operation_logs/e8ecd092-cd01-4b0a-b7a8-2eb61958cb9c
2024-05-01T14:00:09,176  INFO [main] service.CompositeService: Session opened, SessionHandle [e8ecd092-cd01-4b0a-b7a8-2eb61958cb9c], current sessions:1
2024-05-01T14:00:09,176  INFO [main] thrift.ThriftCLIService: Login attempt is successful for user : null
2024-05-01T14:00:09,239  WARN [main] conf.HiveConf: HiveConf of name hive.dummyparam.test.server.specific.config.override does not exist
2024-05-01T14:00:09,239  WARN [main] conf.HiveConf: HiveConf of name hive.dummyparam.test.server.specific.config.hiveserver2site does not exist
2024-05-01T14:00:09,240  WARN [main] conf.HiveConf: HiveConf of name hive.dummyparam.test.server.specific.config.metastoresite does not exist
2024-05-01T14:00:09,242  INFO [e8ecd092-cd01-4b0a-b7a8-2eb61958cb9c main] session.HiveSessionImpl: executing set
2024-05-01T14:00:09,245  INFO [e8ecd092-cd01-4b0a-b7a8-2eb61958cb9c main] operation.HiveCommandOperation: Putting temp output to file /home/alex/Repositories/hive/beeline/target/tmp/alex/e8ecd092-cd01-4b0a-b7a8-2eb61958cb9c6675694410167833273.pipeout and error output to file /home/alex/Repositories/hive/beeline/target/tmp/alex/e8ecd092-cd01-4b0a-b7a8-2eb61958cb9c8665701430996279591.pipeout
2024-05-01T14:00:09,245  INFO [e8ecd092-cd01-4b0a-b7a8-2eb61958cb9c main] operation.OperationManager: Adding operation: OperationHandle [opType=EXECUTE_STATEMENT, getHandleIdentifier()=ae9bb45c-47ae-4533-bd55-4d5c8421658a] SessionHandle [e8ecd092-cd01-4b0a-b7a8-2eb61958cb9c]
2024-05-01T14:00:09,246  INFO [e8ecd092-cd01-4b0a-b7a8-2eb61958cb9c main] common.LogUtils: Thread context registration is done.
DEBUG StatusLogger Building Plugin[name=filter, class=org.apache.hadoop.hive.ql.log.LogDivertAppender$NameFilter].
DEBUG StatusLogger createFilter(loggingLevel="EXECUTION")
DEBUG StatusLogger Building Plugin[name=layout, class=org.apache.logging.log4j.core.layout.PatternLayout].
DEBUG StatusLogger PatternLayout$Builder(pattern="%-5p : %m%n", PatternSelector=null, Configuration(HiveLog4j2Test), Replace=null, charset="null", alwaysWriteExceptions="null", disableAnsi="null", noConsoleNoAnsi="null", header="null", footer="null")
DEBUG StatusLogger Building Plugin[name=appender, class=org.apache.hadoop.hive.ql.log.HushableRandomAccessFileAppender].
DEBUG StatusLogger createAppender(fileName="/home/alex/Repositories/hive/beeline/target/tmp/alex/operation_logs/e8ecd092-cd01-4b0a-b7a8-2eb61958cb9c/alex_20240501140009_1c403bd2-732f-447a-863b-791bb36853c7", append="null", name="query-file-appender", immediateFlush="null", bufferSize="null", ignoreExceptions="null", PatternLayout(org.apache.logging.log4j.core.layout.PatternLayout with name PatternLayout), NameFilter(org.apache.hadoop.hive.ql.log.LogDivertAppender$NameFilter with name NameFilter), advertise="null", advertiseURI="null", Configuration(HiveLog4j2Test))
DEBUG StatusLogger Starting RandomAccessFileManager /home/alex/Repositories/hive/beeline/target/tmp/alex/operation_logs/e8ecd092-cd01-4b0a-b7a8-2eb61958cb9c/alex_20240501140009_1c403bd2-732f-447a-863b-791bb36853c7
DEBUG StatusLogger Building Plugin[name=, class=org.apache.hadoop.hive.ql.log.LogDivertAppenderForTest$TestFilter].
DEBUG StatusLogger createFilter()
DEBUG StatusLogger Building Plugin[name=, class=org.apache.logging.log4j.core.layout.PatternLayout].
DEBUG StatusLogger PatternLayout$Builder(pattern="%-5p : %m%n", PatternSelector=null, Configuration(HiveLog4j2Test), Replace=null, charset="null", alwaysWriteExceptions="null", disableAnsi="null", noConsoleNoAnsi="null", header="null", footer="null")
DEBUG StatusLogger Building Plugin[name=appender, class=org.apache.hadoop.hive.ql.log.HushableRandomAccessFileAppender].
DEBUG StatusLogger createAppender(fileName="/home/alex/Repositories/hive/beeline/target/tmp/alex/operation_logs/e8ecd092-cd01-4b0a-b7a8-2eb61958cb9c/alex_20240501140009_1c403bd2-732f-447a-863b-791bb36853c7.test", append="null", name="test-query-file-appender", immediateFlush="null", bufferSize="null", ignoreExceptions="null", PatternLayout(org.apache.logging.log4j.core.layout.PatternLayout with name PatternLayout), test-filter(org.apache.hadoop.hive.ql.log.LogDivertAppenderForTest$TestFilter with name test-filter), advertise="null", advertiseURI="null", Configuration(HiveLog4j2Test))
DEBUG StatusLogger Starting RandomAccessFileManager /home/alex/Repositories/hive/beeline/target/tmp/alex/operation_logs/e8ecd092-cd01-4b0a-b7a8-2eb61958cb9c/alex_20240501140009_1c403bd2-732f-447a-863b-791bb36853c7.test
2024-05-01T14:00:09,252  INFO [e8ecd092-cd01-4b0a-b7a8-2eb61958cb9c main] operation.HiveCommandOperation: [opType=EXECUTE_STATEMENT, queryId=alex_20240501140009_1c403bd2-732f-447a-863b-791bb36853c7, startTime=1714597209243, sessionId=e8ecd092-cd01-4b0a-b7a8-2eb61958cb9c, createTime=1714597209157, userName=null, ipAddress=null]
2024-05-01T14:00:09,267  INFO [e8ecd092-cd01-4b0a-b7a8-2eb61958cb9c main] common.LogUtils: Unregistered logging context.
2024-05-01T14:00:09,272  INFO [e8ecd092-cd01-4b0a-b7a8-2eb61958cb9c main] operation.OperationManager: Closing operation: OperationHandle [opType=EXECUTE_STATEMENT, getHandleIdentifier()=ae9bb45c-47ae-4533-bd55-4d5c8421658a]
2024-05-01T14:00:09,272  INFO [e8ecd092-cd01-4b0a-b7a8-2eb61958cb9c main] operation.OperationManager: Removed queryId: alex_20240501140009_1c403bd2-732f-447a-863b-791bb36853c7 corresponding to operation: OperationHandle [opType=EXECUTE_STATEMENT, getHandleIdentifier()=ae9bb45c-47ae-4533-bd55-4d5c8421658a] with tag: null
2024-05-01T14:00:09,279  INFO [e8ecd092-cd01-4b0a-b7a8-2eb61958cb9c main] operation.HiveCommandOperation: Closing operation log /home/alex/Repositories/hive/beeline/target/tmp/alex/operation_logs/e8ecd092-cd01-4b0a-b7a8-2eb61958cb9c/alex_20240501140009_1c403bd2-732f-447a-863b-791bb36853c7 without delay
2024-05-01T14:00:09,295  INFO [e8ecd092-cd01-4b0a-b7a8-2eb61958cb9c main] session.HiveSessionImpl: executing use test
2024-05-01T14:00:09,297  INFO [e8ecd092-cd01-4b0a-b7a8-2eb61958cb9c main] operation.OperationManager: Adding operation: OperationHandle [opType=EXECUTE_STATEMENT, getHandleIdentifier()=7f7e2aee-71e0-4789-a738-5bde21950bc1] SessionHandle [e8ecd092-cd01-4b0a-b7a8-2eb61958cb9c]
2024-05-01T14:00:09,297  INFO [e8ecd092-cd01-4b0a-b7a8-2eb61958cb9c main] common.LogUtils: Thread context registration is done.
DEBUG StatusLogger Building Plugin[name=filter, class=org.apache.hadoop.hive.ql.log.LogDivertAppender$NameFilter].
DEBUG StatusLogger createFilter(loggingLevel="EXECUTION")
DEBUG StatusLogger Building Plugin[name=layout, class=org.apache.logging.log4j.core.layout.PatternLayout].
DEBUG StatusLogger PatternLayout$Builder(pattern="%-5p : %m%n", PatternSelector=null, Configuration(HiveLog4j2Test), Replace=null, charset="null", alwaysWriteExceptions="null", disableAnsi="null", noConsoleNoAnsi="null", header="null", footer="null")
DEBUG StatusLogger Building Plugin[name=appender, class=org.apache.hadoop.hive.ql.log.HushableRandomAccessFileAppender].
DEBUG StatusLogger createAppender(fileName="/home/alex/Repositories/hive/beeline/target/tmp/alex/operation_logs/e8ecd092-cd01-4b0a-b7a8-2eb61958cb9c/alex_20240501140009_46e6abad-c9ea-49b9-acac-89c027b6a481", append="null", name="query-file-appender", immediateFlush="null", bufferSize="null", ignoreExceptions="null", PatternLayout(org.apache.logging.log4j.core.layout.PatternLayout with name PatternLayout), NameFilter(org.apache.hadoop.hive.ql.log.LogDivertAppender$NameFilter with name NameFilter), advertise="null", advertiseURI="null", Configuration(HiveLog4j2Test))
DEBUG StatusLogger Starting RandomAccessFileManager /home/alex/Repositories/hive/beeline/target/tmp/alex/operation_logs/e8ecd092-cd01-4b0a-b7a8-2eb61958cb9c/alex_20240501140009_46e6abad-c9ea-49b9-acac-89c027b6a481
DEBUG StatusLogger Building Plugin[name=, class=org.apache.hadoop.hive.ql.log.LogDivertAppenderForTest$TestFilter].
DEBUG StatusLogger createFilter()
DEBUG StatusLogger Building Plugin[name=, class=org.apache.logging.log4j.core.layout.PatternLayout].
DEBUG StatusLogger PatternLayout$Builder(pattern="%-5p : %m%n", PatternSelector=null, Configuration(HiveLog4j2Test), Replace=null, charset="null", alwaysWriteExceptions="null", disableAnsi="null", noConsoleNoAnsi="null", header="null", footer="null")
DEBUG StatusLogger Building Plugin[name=appender, class=org.apache.hadoop.hive.ql.log.HushableRandomAccessFileAppender].
DEBUG StatusLogger createAppender(fileName="/home/alex/Repositories/hive/beeline/target/tmp/alex/operation_logs/e8ecd092-cd01-4b0a-b7a8-2eb61958cb9c/alex_20240501140009_46e6abad-c9ea-49b9-acac-89c027b6a481.test", append="null", name="test-query-file-appender", immediateFlush="null", bufferSize="null", ignoreExceptions="null", PatternLayout(org.apache.logging.log4j.core.layout.PatternLayout with name PatternLayout), test-filter(org.apache.hadoop.hive.ql.log.LogDivertAppenderForTest$TestFilter with name test-filter), advertise="null", advertiseURI="null", Configuration(HiveLog4j2Test))
DEBUG StatusLogger Starting RandomAccessFileManager /home/alex/Repositories/hive/beeline/target/tmp/alex/operation_logs/e8ecd092-cd01-4b0a-b7a8-2eb61958cb9c/alex_20240501140009_46e6abad-c9ea-49b9-acac-89c027b6a481.test
2024-05-01T14:00:09,302  INFO [e8ecd092-cd01-4b0a-b7a8-2eb61958cb9c main] operation.SQLOperation: [opType=EXECUTE_STATEMENT, queryId=alex_20240501140009_46e6abad-c9ea-49b9-acac-89c027b6a481, startTime=1714597209295, sessionId=e8ecd092-cd01-4b0a-b7a8-2eb61958cb9c, createTime=1714597209157, userName=null, ipAddress=null]
2024-05-01T14:00:09,304  INFO [e8ecd092-cd01-4b0a-b7a8-2eb61958cb9c main] ql.Driver: Compiling command(queryId=alex_20240501140009_46e6abad-c9ea-49b9-acac-89c027b6a481): use test
2024-05-01T14:00:09,306  INFO [e8ecd092-cd01-4b0a-b7a8-2eb61958cb9c main] metastore.HiveMetaStoreClient: HMS client filtering is enabled.
2024-05-01T14:00:09,308  INFO [e8ecd092-cd01-4b0a-b7a8-2eb61958cb9c main] metastore.HMSHandler: 0: Opening raw store with implementation class:org.apache.hadoop.hive.metastore.ObjectStore
2024-05-01T14:00:09,308  INFO [e8ecd092-cd01-4b0a-b7a8-2eb61958cb9c main] metastore.PersistenceManagerProvider: Configuration datanucleus.autoStartMechanismMode is not set. Defaulting to 'ignored'
2024-05-01T14:00:09,311  INFO [e8ecd092-cd01-4b0a-b7a8-2eb61958cb9c main] metastore.ObjectStore: RawStore: org.apache.hadoop.hive.metastore.ObjectStore@5368e981, with PersistenceManager: null will be shutdown
2024-05-01T14:00:09,311  INFO [e8ecd092-cd01-4b0a-b7a8-2eb61958cb9c main] metastore.ObjectStore: RawStore: org.apache.hadoop.hive.metastore.ObjectStore@5368e981, with PersistenceManager: org.datanucleus.api.jdo.JDOPersistenceManager@1c171746 created in the thread with id: 1
2024-05-01T14:00:09,316  INFO [e8ecd092-cd01-4b0a-b7a8-2eb61958cb9c main] metastore.HMSHandler: Created RawStore: org.apache.hadoop.hive.metastore.ObjectStore@5368e981 from thread id: 1
2024-05-01T14:00:09,317  INFO [e8ecd092-cd01-4b0a-b7a8-2eb61958cb9c main] metastore.HMSHandler: HMS server filtering is disabled by configuration
2024-05-01T14:00:09,317  INFO [e8ecd092-cd01-4b0a-b7a8-2eb61958cb9c main] metastore.RetryingMetaStoreClient: RetryingMetaStoreClient proxy=class org.apache.hadoop.hive.ql.metadata.SessionHiveMetaStoreClient ugi=alex (auth:SIMPLE) retries=1 delay=1 lifetime=0
2024-05-01T14:00:09,318  INFO [e8ecd092-cd01-4b0a-b7a8-2eb61958cb9c main] HiveMetaStore.audit: ugi=alex	ip=unknown-ip-addr	cmd=get_database: test	
2024-05-01T14:00:09,320  INFO [e8ecd092-cd01-4b0a-b7a8-2eb61958cb9c main] ql.Driver: Semantic Analysis Completed (retrial = false)
2024-05-01T14:00:09,320  INFO [e8ecd092-cd01-4b0a-b7a8-2eb61958cb9c main] ql.Driver: Created Hive schema: Schema(fieldSchemas:null, properties:null)
2024-05-01T14:00:09,320  INFO [e8ecd092-cd01-4b0a-b7a8-2eb61958cb9c main] metadata.Hive: Dumping metastore api call timing information for : compilation phase
2024-05-01T14:00:09,320  INFO [e8ecd092-cd01-4b0a-b7a8-2eb61958cb9c main] metadata.Hive: Total time spent in each metastore function (ms): {isCompatibleWith_(Configuration)=0, getDatabase_(String)=2, flushCache_()=0}
2024-05-01T14:00:09,320  INFO [e8ecd092-cd01-4b0a-b7a8-2eb61958cb9c main] ql.Driver: Completed compiling command(queryId=alex_20240501140009_46e6abad-c9ea-49b9-acac-89c027b6a481); Time taken: 0.016 seconds
2024-05-01T14:00:09,320  INFO [e8ecd092-cd01-4b0a-b7a8-2eb61958cb9c main] common.LogUtils: Unregistered logging context.
2024-05-01T14:00:09,321  INFO [HiveServer2-Background-Pool: Thread-226] common.LogUtils: Thread context registration is done.
2024-05-01T14:00:09,321  INFO [HiveServer2-Background-Pool: Thread-226] reexec.ReExecDriver: Execution #1 of query
2024-05-01T14:00:09,321  INFO [HiveServer2-Background-Pool: Thread-226] ql.Driver: Concurrency mode is disabled, not creating a lock manager
2024-05-01T14:00:09,321  INFO [HiveServer2-Background-Pool: Thread-226] ql.Driver: Executing command(queryId=alex_20240501140009_46e6abad-c9ea-49b9-acac-89c027b6a481): use test
2024-05-01T14:00:09,322  INFO [HiveServer2-Background-Pool: Thread-226] ql.Driver: Starting task [Stage-0:DDL] in serial mode
2024-05-01T14:00:09,323  INFO [HiveServer2-Background-Pool: Thread-226] HiveMetaStore.audit: ugi=alex	ip=unknown-ip-addr	cmd=get_database: test	
2024-05-01T14:00:09,323  INFO [HiveServer2-Background-Pool: Thread-226] metastore.HMSHandler: 10: Opening raw store with implementation class:org.apache.hadoop.hive.metastore.ObjectStore
2024-05-01T14:00:09,324  INFO [HiveServer2-Background-Pool: Thread-226] metastore.ObjectStore: RawStore: org.apache.hadoop.hive.metastore.ObjectStore@25c365d, with PersistenceManager: null will be shutdown
2024-05-01T14:00:09,324  INFO [HiveServer2-Background-Pool: Thread-226] metastore.ObjectStore: RawStore: org.apache.hadoop.hive.metastore.ObjectStore@25c365d, with PersistenceManager: org.datanucleus.api.jdo.JDOPersistenceManager@475eb872 created in the thread with id: 226
2024-05-01T14:00:09,330  INFO [HiveServer2-Background-Pool: Thread-226] metastore.HMSHandler: Created RawStore: org.apache.hadoop.hive.metastore.ObjectStore@25c365d from thread id: 226
2024-05-01T14:00:09,331  INFO [HiveServer2-Background-Pool: Thread-226] HiveMetaStore.audit: ugi=alex	ip=unknown-ip-addr	cmd=get_database: test	
2024-05-01T14:00:09,333  INFO [HiveServer2-Background-Pool: Thread-226] metadata.Hive: Dumping metastore api call timing information for : execution phase
2024-05-01T14:00:09,333  INFO [HiveServer2-Background-Pool: Thread-226] metadata.Hive: Total time spent in each metastore function (ms): {isCompatibleWith_(Configuration)=0, getDatabase_(String)=10}
2024-05-01T14:00:09,333  INFO [HiveServer2-Background-Pool: Thread-226] ql.Driver: Completed executing command(queryId=alex_20240501140009_46e6abad-c9ea-49b9-acac-89c027b6a481); Time taken: 0.012 seconds
2024-05-01T14:00:09,333  INFO [HiveServer2-Background-Pool: Thread-226] common.LogUtils: Unregistered logging context.
2024-05-01T14:00:09,336  INFO [e8ecd092-cd01-4b0a-b7a8-2eb61958cb9c main] operation.OperationManager: Closing operation: OperationHandle [opType=EXECUTE_STATEMENT, getHandleIdentifier()=7f7e2aee-71e0-4789-a738-5bde21950bc1]
2024-05-01T14:00:09,336  INFO [e8ecd092-cd01-4b0a-b7a8-2eb61958cb9c main] operation.OperationManager: Removed queryId: alex_20240501140009_46e6abad-c9ea-49b9-acac-89c027b6a481 corresponding to operation: OperationHandle [opType=EXECUTE_STATEMENT, getHandleIdentifier()=7f7e2aee-71e0-4789-a738-5bde21950bc1] with tag: null
2024-05-01T14:00:09,336  INFO [e8ecd092-cd01-4b0a-b7a8-2eb61958cb9c main] operation.SQLOperation: Closing operation log /home/alex/Repositories/hive/beeline/target/tmp/alex/operation_logs/e8ecd092-cd01-4b0a-b7a8-2eb61958cb9c/alex_20240501140009_46e6abad-c9ea-49b9-acac-89c027b6a481 without delay
2024-05-01T14:00:09,403  WARN [main] conf.HiveConf: HiveConf of name hive.dummyparam.test.server.specific.config.override does not exist
2024-05-01T14:00:09,403  WARN [main] conf.HiveConf: HiveConf of name hive.dummyparam.test.server.specific.config.hiveserver2site does not exist
2024-05-01T14:00:09,403  WARN [main] conf.HiveConf: HiveConf of name hive.dummyparam.test.server.specific.config.metastoresite does not exist
2024-05-01T14:00:09,404  INFO [e8ecd092-cd01-4b0a-b7a8-2eb61958cb9c main] session.HiveSessionImpl: executing set
2024-05-01T14:00:09,404  INFO [e8ecd092-cd01-4b0a-b7a8-2eb61958cb9c main] operation.HiveCommandOperation: Putting temp output to file /home/alex/Repositories/hive/beeline/target/tmp/alex/e8ecd092-cd01-4b0a-b7a8-2eb61958cb9c6675694410167833273.pipeout and error output to file /home/alex/Repositories/hive/beeline/target/tmp/alex/e8ecd092-cd01-4b0a-b7a8-2eb61958cb9c8665701430996279591.pipeout
2024-05-01T14:00:09,405  INFO [e8ecd092-cd01-4b0a-b7a8-2eb61958cb9c main] operation.OperationManager: Adding operation: OperationHandle [opType=EXECUTE_STATEMENT, getHandleIdentifier()=04a28829-96cb-411c-8b49-ad59d4aa4118] SessionHandle [e8ecd092-cd01-4b0a-b7a8-2eb61958cb9c]
2024-05-01T14:00:09,405  INFO [e8ecd092-cd01-4b0a-b7a8-2eb61958cb9c main] common.LogUtils: Thread context registration is done.
DEBUG StatusLogger Building Plugin[name=filter, class=org.apache.hadoop.hive.ql.log.LogDivertAppender$NameFilter].
DEBUG StatusLogger createFilter(loggingLevel="EXECUTION")
DEBUG StatusLogger Building Plugin[name=layout, class=org.apache.logging.log4j.core.layout.PatternLayout].
DEBUG StatusLogger PatternLayout$Builder(pattern="%-5p : %m%n", PatternSelector=null, Configuration(HiveLog4j2Test), Replace=null, charset="null", alwaysWriteExceptions="null", disableAnsi="null", noConsoleNoAnsi="null", header="null", footer="null")
DEBUG StatusLogger Building Plugin[name=appender, class=org.apache.hadoop.hive.ql.log.HushableRandomAccessFileAppender].
DEBUG StatusLogger createAppender(fileName="/home/alex/Repositories/hive/beeline/target/tmp/alex/operation_logs/e8ecd092-cd01-4b0a-b7a8-2eb61958cb9c/alex_20240501140009_56b9207a-a067-4e39-8df3-509ffe6682a5", append="null", name="query-file-appender", immediateFlush="null", bufferSize="null", ignoreExceptions="null", PatternLayout(org.apache.logging.log4j.core.layout.PatternLayout with name PatternLayout), NameFilter(org.apache.hadoop.hive.ql.log.LogDivertAppender$NameFilter with name NameFilter), advertise="null", advertiseURI="null", Configuration(HiveLog4j2Test))
DEBUG StatusLogger Starting RandomAccessFileManager /home/alex/Repositories/hive/beeline/target/tmp/alex/operation_logs/e8ecd092-cd01-4b0a-b7a8-2eb61958cb9c/alex_20240501140009_56b9207a-a067-4e39-8df3-509ffe6682a5
DEBUG StatusLogger Building Plugin[name=, class=org.apache.hadoop.hive.ql.log.LogDivertAppenderForTest$TestFilter].
DEBUG StatusLogger createFilter()
DEBUG StatusLogger Building Plugin[name=, class=org.apache.logging.log4j.core.layout.PatternLayout].
DEBUG StatusLogger PatternLayout$Builder(pattern="%-5p : %m%n", PatternSelector=null, Configuration(HiveLog4j2Test), Replace=null, charset="null", alwaysWriteExceptions="null", disableAnsi="null", noConsoleNoAnsi="null", header="null", footer="null")
DEBUG StatusLogger Building Plugin[name=appender, class=org.apache.hadoop.hive.ql.log.HushableRandomAccessFileAppender].
DEBUG StatusLogger createAppender(fileName="/home/alex/Repositories/hive/beeline/target/tmp/alex/operation_logs/e8ecd092-cd01-4b0a-b7a8-2eb61958cb9c/alex_20240501140009_56b9207a-a067-4e39-8df3-509ffe6682a5.test", append="null", name="test-query-file-appender", immediateFlush="null", bufferSize="null", ignoreExceptions="null", PatternLayout(org.apache.logging.log4j.core.layout.PatternLayout with name PatternLayout), test-filter(org.apache.hadoop.hive.ql.log.LogDivertAppenderForTest$TestFilter with name test-filter), advertise="null", advertiseURI="null", Configuration(HiveLog4j2Test))
DEBUG StatusLogger Starting RandomAccessFileManager /home/alex/Repositories/hive/beeline/target/tmp/alex/operation_logs/e8ecd092-cd01-4b0a-b7a8-2eb61958cb9c/alex_20240501140009_56b9207a-a067-4e39-8df3-509ffe6682a5.test
2024-05-01T14:00:09,408  INFO [e8ecd092-cd01-4b0a-b7a8-2eb61958cb9c main] operation.HiveCommandOperation: [opType=EXECUTE_STATEMENT, queryId=alex_20240501140009_56b9207a-a067-4e39-8df3-509ffe6682a5, startTime=1714597209404, sessionId=e8ecd092-cd01-4b0a-b7a8-2eb61958cb9c, createTime=1714597209157, userName=null, ipAddress=null]
2024-05-01T14:00:09,419  INFO [e8ecd092-cd01-4b0a-b7a8-2eb61958cb9c main] common.LogUtils: Unregistered logging context.
2024-05-01T14:00:09,422  INFO [e8ecd092-cd01-4b0a-b7a8-2eb61958cb9c main] operation.OperationManager: Closing operation: OperationHandle [opType=EXECUTE_STATEMENT, getHandleIdentifier()=04a28829-96cb-411c-8b49-ad59d4aa4118]
2024-05-01T14:00:09,422  INFO [e8ecd092-cd01-4b0a-b7a8-2eb61958cb9c main] operation.OperationManager: Removed queryId: alex_20240501140009_56b9207a-a067-4e39-8df3-509ffe6682a5 corresponding to operation: OperationHandle [opType=EXECUTE_STATEMENT, getHandleIdentifier()=04a28829-96cb-411c-8b49-ad59d4aa4118] with tag: null
2024-05-01T14:00:09,422  INFO [e8ecd092-cd01-4b0a-b7a8-2eb61958cb9c main] operation.HiveCommandOperation: Closing operation log /home/alex/Repositories/hive/beeline/target/tmp/alex/operation_logs/e8ecd092-cd01-4b0a-b7a8-2eb61958cb9c/alex_20240501140009_56b9207a-a067-4e39-8df3-509ffe6682a5 without delay
2024-05-01T14:00:09,424  INFO [e8ecd092-cd01-4b0a-b7a8-2eb61958cb9c main] session.HiveSessionImpl: executing create table if not exists test.testSrcTbl(sc1 string)
2024-05-01T14:00:09,425  INFO [e8ecd092-cd01-4b0a-b7a8-2eb61958cb9c main] operation.OperationManager: Adding operation: OperationHandle [opType=EXECUTE_STATEMENT, getHandleIdentifier()=5883d90d-cc95-4db6-94e4-f4f4d22b1635] SessionHandle [e8ecd092-cd01-4b0a-b7a8-2eb61958cb9c]
2024-05-01T14:00:09,425  INFO [e8ecd092-cd01-4b0a-b7a8-2eb61958cb9c main] common.LogUtils: Thread context registration is done.
DEBUG StatusLogger Building Plugin[name=filter, class=org.apache.hadoop.hive.ql.log.LogDivertAppender$NameFilter].
DEBUG StatusLogger createFilter(loggingLevel="EXECUTION")
DEBUG StatusLogger Building Plugin[name=layout, class=org.apache.logging.log4j.core.layout.PatternLayout].
DEBUG StatusLogger PatternLayout$Builder(pattern="%-5p : %m%n", PatternSelector=null, Configuration(HiveLog4j2Test), Replace=null, charset="null", alwaysWriteExceptions="null", disableAnsi="null", noConsoleNoAnsi="null", header="null", footer="null")
DEBUG StatusLogger Building Plugin[name=appender, class=org.apache.hadoop.hive.ql.log.HushableRandomAccessFileAppender].
DEBUG StatusLogger createAppender(fileName="/home/alex/Repositories/hive/beeline/target/tmp/alex/operation_logs/e8ecd092-cd01-4b0a-b7a8-2eb61958cb9c/alex_20240501140009_95baf796-c7f1-4dd7-be76-559a91950692", append="null", name="query-file-appender", immediateFlush="null", bufferSize="null", ignoreExceptions="null", PatternLayout(org.apache.logging.log4j.core.layout.PatternLayout with name PatternLayout), NameFilter(org.apache.hadoop.hive.ql.log.LogDivertAppender$NameFilter with name NameFilter), advertise="null", advertiseURI="null", Configuration(HiveLog4j2Test))
DEBUG StatusLogger Starting RandomAccessFileManager /home/alex/Repositories/hive/beeline/target/tmp/alex/operation_logs/e8ecd092-cd01-4b0a-b7a8-2eb61958cb9c/alex_20240501140009_95baf796-c7f1-4dd7-be76-559a91950692
DEBUG StatusLogger Building Plugin[name=, class=org.apache.hadoop.hive.ql.log.LogDivertAppenderForTest$TestFilter].
DEBUG StatusLogger createFilter()
DEBUG StatusLogger Building Plugin[name=, class=org.apache.logging.log4j.core.layout.PatternLayout].
DEBUG StatusLogger PatternLayout$Builder(pattern="%-5p : %m%n", PatternSelector=null, Configuration(HiveLog4j2Test), Replace=null, charset="null", alwaysWriteExceptions="null", disableAnsi="null", noConsoleNoAnsi="null", header="null", footer="null")
DEBUG StatusLogger Building Plugin[name=appender, class=org.apache.hadoop.hive.ql.log.HushableRandomAccessFileAppender].
DEBUG StatusLogger createAppender(fileName="/home/alex/Repositories/hive/beeline/target/tmp/alex/operation_logs/e8ecd092-cd01-4b0a-b7a8-2eb61958cb9c/alex_20240501140009_95baf796-c7f1-4dd7-be76-559a91950692.test", append="null", name="test-query-file-appender", immediateFlush="null", bufferSize="null", ignoreExceptions="null", PatternLayout(org.apache.logging.log4j.core.layout.PatternLayout with name PatternLayout), test-filter(org.apache.hadoop.hive.ql.log.LogDivertAppenderForTest$TestFilter with name test-filter), advertise="null", advertiseURI="null", Configuration(HiveLog4j2Test))
DEBUG StatusLogger Starting RandomAccessFileManager /home/alex/Repositories/hive/beeline/target/tmp/alex/operation_logs/e8ecd092-cd01-4b0a-b7a8-2eb61958cb9c/alex_20240501140009_95baf796-c7f1-4dd7-be76-559a91950692.test
2024-05-01T14:00:09,430  INFO [e8ecd092-cd01-4b0a-b7a8-2eb61958cb9c main] operation.SQLOperation: [opType=EXECUTE_STATEMENT, queryId=alex_20240501140009_95baf796-c7f1-4dd7-be76-559a91950692, startTime=1714597209424, sessionId=e8ecd092-cd01-4b0a-b7a8-2eb61958cb9c, createTime=1714597209157, userName=null, ipAddress=null]
2024-05-01T14:00:09,432  INFO [e8ecd092-cd01-4b0a-b7a8-2eb61958cb9c main] ql.Driver: Compiling command(queryId=alex_20240501140009_95baf796-c7f1-4dd7-be76-559a91950692): create table if not exists test.testSrcTbl(sc1 string)
2024-05-01T14:00:09,433  INFO [e8ecd092-cd01-4b0a-b7a8-2eb61958cb9c main] parse.CalcitePlanner: Starting caching scope for: alex_20240501140009_95baf796-c7f1-4dd7-be76-559a91950692
2024-05-01T14:00:09,433  INFO [e8ecd092-cd01-4b0a-b7a8-2eb61958cb9c main] parse.CalcitePlanner: Starting Semantic Analysis
2024-05-01T14:00:09,434  INFO [e8ecd092-cd01-4b0a-b7a8-2eb61958cb9c main] sqlstd.SQLStdHiveAccessController: Created SQLStdHiveAccessController for session context : HiveAuthzSessionContext [sessionString=e8ecd092-cd01-4b0a-b7a8-2eb61958cb9c, clientType=HIVESERVER2]
2024-05-01T14:00:09,434  INFO [e8ecd092-cd01-4b0a-b7a8-2eb61958cb9c main] parse.CalcitePlanner: Creating table test.testSrcTbl position=27
2024-05-01T14:00:09,434  INFO [e8ecd092-cd01-4b0a-b7a8-2eb61958cb9c main] HiveMetaStore.audit: ugi=alex	ip=unknown-ip-addr	cmd=get_table : tbl=hive.test.testSrcTbl	
2024-05-01T14:00:09,443  INFO [e8ecd092-cd01-4b0a-b7a8-2eb61958cb9c main] HiveMetaStore.audit: ugi=alex	ip=unknown-ip-addr	cmd=get_database: test	
2024-05-01T14:00:09,446  INFO [e8ecd092-cd01-4b0a-b7a8-2eb61958cb9c main] parse.CalcitePlanner: Ending caching scope for: alex_20240501140009_95baf796-c7f1-4dd7-be76-559a91950692
2024-05-01T14:00:09,446  INFO [e8ecd092-cd01-4b0a-b7a8-2eb61958cb9c main] ql.Driver: Semantic Analysis Completed (retrial = false)
2024-05-01T14:00:09,446  INFO [e8ecd092-cd01-4b0a-b7a8-2eb61958cb9c main] ql.Driver: Created Hive schema: Schema(fieldSchemas:null, properties:null)
2024-05-01T14:00:09,446  INFO [e8ecd092-cd01-4b0a-b7a8-2eb61958cb9c main] metadata.Hive: Dumping metastore api call timing information for : compilation phase
2024-05-01T14:00:09,446  INFO [e8ecd092-cd01-4b0a-b7a8-2eb61958cb9c main] metadata.Hive: Total time spent in each metastore function (ms): {isCompatibleWith_(Configuration)=0, getDatabase_(String)=2, flushCache_()=0}
2024-05-01T14:00:09,446  INFO [e8ecd092-cd01-4b0a-b7a8-2eb61958cb9c main] ql.Driver: Completed compiling command(queryId=alex_20240501140009_95baf796-c7f1-4dd7-be76-559a91950692); Time taken: 0.014 seconds
2024-05-01T14:00:09,447  INFO [e8ecd092-cd01-4b0a-b7a8-2eb61958cb9c main] common.LogUtils: Unregistered logging context.
2024-05-01T14:00:09,448  INFO [HiveServer2-Background-Pool: Thread-229] common.LogUtils: Thread context registration is done.
2024-05-01T14:00:09,448  INFO [HiveServer2-Background-Pool: Thread-229] reexec.ReExecDriver: Execution #1 of query
2024-05-01T14:00:09,449  INFO [HiveServer2-Background-Pool: Thread-229] ql.Driver: Concurrency mode is disabled, not creating a lock manager
2024-05-01T14:00:09,449  INFO [HiveServer2-Background-Pool: Thread-229] ql.Driver: Executing command(queryId=alex_20240501140009_95baf796-c7f1-4dd7-be76-559a91950692): create table if not exists test.testSrcTbl(sc1 string)
2024-05-01T14:00:09,450  INFO [HiveServer2-Background-Pool: Thread-229] ql.Driver: Starting task [Stage-0:DDL] in serial mode
2024-05-01T14:00:09,452  INFO [HiveServer2-Background-Pool: Thread-229] HiveMetaStore.audit: ugi=alex	ip=unknown-ip-addr	cmd=create_table_req: Table(tableName:testSrcTbl, dbName:test, owner:alex, createTime:1714597209, lastAccessTime:0, retention:0, sd:StorageDescriptor(cols:[FieldSchema(name:sc1, type:string, comment:null)], location:null, inputFormat:org.apache.hadoop.mapred.TextInputFormat, outputFormat:org.apache.hadoop.hive.ql.io.HiveIgnoreKeyTextOutputFormat, compressed:false, numBuckets:-1, serdeInfo:SerDeInfo(name:null, serializationLib:org.apache.hadoop.hive.serde2.lazy.LazySimpleSerDe, parameters:{serialization.format=1}), bucketCols:[], sortCols:[], parameters:{}, skewedInfo:SkewedInfo(skewedColNames:[], skewedColValues:[], skewedColValueLocationMaps:{}), storedAsSubDirectories:false), partitionKeys:[], parameters:{totalSize=0, numRows=0, rawDataSize=0, COLUMN_STATS_ACCURATE={"BASIC_STATS":"true","COLUMN_STATS":{"sc1":"true"}}, numFiles=0, bucketing_version=2, numFilesErasureCoded=0}, viewOriginalText:null, viewExpandedText:null, tableType:MANAGED_TABLE, privileges:PrincipalPrivilegeSet(userPrivileges:{alex=[PrivilegeGrantInfo(privilege:INSERT, createTime:-1, grantor:alex, grantorType:USER, grantOption:true), PrivilegeGrantInfo(privilege:SELECT, createTime:-1, grantor:alex, grantorType:USER, grantOption:true), PrivilegeGrantInfo(privilege:UPDATE, createTime:-1, grantor:alex, grantorType:USER, grantOption:true), PrivilegeGrantInfo(privilege:DELETE, createTime:-1, grantor:alex, grantorType:USER, grantOption:true)]}, groupPrivileges:null, rolePrivileges:null), temporary:false, catName:hive, ownerType:USER)	
2024-05-01T14:00:09,453  INFO [HiveServer2-Background-Pool: Thread-229] metastore.HMSHandler: 11: Opening raw store with implementation class:org.apache.hadoop.hive.metastore.ObjectStore
2024-05-01T14:00:09,454  INFO [HiveServer2-Background-Pool: Thread-229] metastore.ObjectStore: RawStore: org.apache.hadoop.hive.metastore.ObjectStore@6ef7c3c2, with PersistenceManager: null will be shutdown
2024-05-01T14:00:09,454  INFO [HiveServer2-Background-Pool: Thread-229] metastore.ObjectStore: RawStore: org.apache.hadoop.hive.metastore.ObjectStore@6ef7c3c2, with PersistenceManager: org.datanucleus.api.jdo.JDOPersistenceManager@262f3dc7 created in the thread with id: 229
2024-05-01T14:00:09,458  INFO [HiveServer2-Background-Pool: Thread-229] metastore.HMSHandler: Created RawStore: org.apache.hadoop.hive.metastore.ObjectStore@6ef7c3c2 from thread id: 229
2024-05-01T14:00:09,465  INFO [HiveServer2-Background-Pool: Thread-229] utils.FileUtils: Creating directory if it doesn't exist: file:/home/alex/Repositories/hive/beeline/target/tmp/warehouse/test.db/testsrctbl
2024-05-01T14:00:09,498  INFO [HiveServer2-Background-Pool: Thread-229] metadata.Hive: Dumping metastore api call timing information for : execution phase
2024-05-01T14:00:09,498  INFO [HiveServer2-Background-Pool: Thread-229] metadata.Hive: Total time spent in each metastore function (ms): {isCompatibleWith_(Configuration)=0, createTable_(Table)=45}
2024-05-01T14:00:09,498  INFO [HiveServer2-Background-Pool: Thread-229] ql.Driver: Completed executing command(queryId=alex_20240501140009_95baf796-c7f1-4dd7-be76-559a91950692); Time taken: 0.049 seconds
2024-05-01T14:00:09,499  INFO [HiveServer2-Background-Pool: Thread-229] common.LogUtils: Unregistered logging context.
2024-05-01T14:00:09,501  INFO [e8ecd092-cd01-4b0a-b7a8-2eb61958cb9c main] operation.OperationManager: Closing operation: OperationHandle [opType=EXECUTE_STATEMENT, getHandleIdentifier()=5883d90d-cc95-4db6-94e4-f4f4d22b1635]
2024-05-01T14:00:09,501  INFO [e8ecd092-cd01-4b0a-b7a8-2eb61958cb9c main] operation.OperationManager: Removed queryId: alex_20240501140009_95baf796-c7f1-4dd7-be76-559a91950692 corresponding to operation: OperationHandle [opType=EXECUTE_STATEMENT, getHandleIdentifier()=5883d90d-cc95-4db6-94e4-f4f4d22b1635] with tag: null
2024-05-01T14:00:09,501  INFO [e8ecd092-cd01-4b0a-b7a8-2eb61958cb9c main] operation.SQLOperation: Closing operation log /home/alex/Repositories/hive/beeline/target/tmp/alex/operation_logs/e8ecd092-cd01-4b0a-b7a8-2eb61958cb9c/alex_20240501140009_95baf796-c7f1-4dd7-be76-559a91950692 without delay
2024-05-01T14:00:09,505  INFO [main] service.CompositeService: Session closed, SessionHandle [e8ecd092-cd01-4b0a-b7a8-2eb61958cb9c], current sessions:0
2024-05-01T14:00:09,506  INFO [e8ecd092-cd01-4b0a-b7a8-2eb61958cb9c main] session.HiveSessionImpl: Operation log session directory is deleted: /home/alex/Repositories/hive/beeline/target/tmp/alex/operation_logs/e8ecd092-cd01-4b0a-b7a8-2eb61958cb9c
2024-05-01T14:00:09,506  INFO [main] cleanup.EventualCleanupService: Delete /tmp/hive/alex/e8ecd092-cd01-4b0a-b7a8-2eb61958cb9c operation was queued
2024-05-01T14:00:09,506  INFO [main] cleanup.EventualCleanupService: Delete /home/alex/Repositories/hive/beeline/target/tmp/alex/e8ecd092-cd01-4b0a-b7a8-2eb61958cb9c operation was queued
2024-05-01T14:00:09,506  INFO [EventualCleanupService thread 0] cleanup.EventualCleanupService: Deleted /tmp/hive/alex/e8ecd092-cd01-4b0a-b7a8-2eb61958cb9c
2024-05-01T14:00:09,506  INFO [EventualCleanupService thread 1] cleanup.EventualCleanupService: Deleted /home/alex/Repositories/hive/beeline/target/tmp/alex/e8ecd092-cd01-4b0a-b7a8-2eb61958cb9c
2024-05-01T14:00:09,507  INFO [main] HiveMetaStore.audit: ugi=alex	ip=unknown-ip-addr	cmd=Cleaning up thread local RawStore...	
2024-05-01T14:00:09,507  INFO [main] metastore.ObjectStore: RawStore: org.apache.hadoop.hive.metastore.ObjectStore@5368e981, with PersistenceManager: org.datanucleus.api.jdo.JDOPersistenceManager@1c171746 will be shutdown
2024-05-01T14:00:09,507  INFO [main] HiveMetaStore.audit: ugi=alex	ip=unknown-ip-addr	cmd=Done cleaning up thread local RawStore	
2024-05-01T14:00:09,507  INFO [main] metastore.HiveMetaStoreClient: Closed a connection to metastore, current connections: -12
]]></system-err>
  </testcase>
  <testcase name="testSqlFromCmdWithDBName" classname="org.apache.hive.beeline.cli.TestHiveCli" time="0.29">
    <failure type="java.lang.AssertionError"><![CDATA[java.lang.AssertionError: Supported return code is 0 while the actual is 1
	at org.junit.Assert.fail(Assert.java:89)
	at org.apache.hive.beeline.cli.TestHiveCli.executeCMD(TestHiveCli.java:256)
	at org.apache.hive.beeline.cli.TestHiveCli.verifyCMD(TestHiveCli.java:266)
	at org.apache.hive.beeline.cli.TestHiveCli.testSqlFromCmdWithDBName(TestHiveCli.java:166)
	at sun.reflect.NativeMethodAccessorImpl.invoke0(Native Method)
	at sun.reflect.NativeMethodAccessorImpl.invoke(NativeMethodAccessorImpl.java:62)
	at sun.reflect.DelegatingMethodAccessorImpl.invoke(DelegatingMethodAccessorImpl.java:43)
	at java.lang.reflect.Method.invoke(Method.java:498)
	at org.junit.runners.model.FrameworkMethod$1.runReflectiveCall(FrameworkMethod.java:59)
	at org.junit.internal.runners.model.ReflectiveCallable.run(ReflectiveCallable.java:12)
	at org.junit.runners.model.FrameworkMethod.invokeExplosively(FrameworkMethod.java:56)
	at org.junit.internal.runners.statements.InvokeMethod.evaluate(InvokeMethod.java:17)
	at org.junit.internal.runners.statements.RunBefores.evaluate(RunBefores.java:26)
	at org.junit.internal.runners.statements.RunAfters.evaluate(RunAfters.java:27)
	at org.junit.runners.ParentRunner$3.evaluate(ParentRunner.java:306)
	at org.junit.runners.BlockJUnit4ClassRunner$1.evaluate(BlockJUnit4ClassRunner.java:100)
	at org.junit.runners.ParentRunner.runLeaf(ParentRunner.java:366)
	at org.junit.runners.BlockJUnit4ClassRunner.runChild(BlockJUnit4ClassRunner.java:103)
	at org.junit.runners.BlockJUnit4ClassRunner.runChild(BlockJUnit4ClassRunner.java:63)
	at org.junit.runners.ParentRunner$4.run(ParentRunner.java:331)
	at org.junit.runners.ParentRunner$1.schedule(ParentRunner.java:79)
	at org.junit.runners.ParentRunner.runChildren(ParentRunner.java:329)
	at org.junit.runners.ParentRunner.access$100(ParentRunner.java:66)
	at org.junit.runners.ParentRunner$2.evaluate(ParentRunner.java:293)
	at org.junit.internal.runners.statements.RunBefores.evaluate(RunBefores.java:26)
	at org.junit.runners.ParentRunner$3.evaluate(ParentRunner.java:306)
	at org.junit.runners.ParentRunner.run(ParentRunner.java:413)
	at org.junit.runner.JUnitCore.run(JUnitCore.java:137)
	at org.junit.runner.JUnitCore.run(JUnitCore.java:115)
	at org.junit.vintage.engine.execution.RunnerExecutor.execute(RunnerExecutor.java:43)
	at java.util.stream.ForEachOps$ForEachOp$OfRef.accept(ForEachOps.java:183)
	at java.util.stream.ReferencePipeline$3$1.accept(ReferencePipeline.java:193)
	at java.util.Iterator.forEachRemaining(Iterator.java:116)
	at java.util.Spliterators$IteratorSpliterator.forEachRemaining(Spliterators.java:1801)
	at java.util.stream.AbstractPipeline.copyInto(AbstractPipeline.java:482)
	at java.util.stream.AbstractPipeline.wrapAndCopyInto(AbstractPipeline.java:472)
	at java.util.stream.ForEachOps$ForEachOp.evaluateSequential(ForEachOps.java:150)
	at java.util.stream.ForEachOps$ForEachOp$OfRef.evaluateSequential(ForEachOps.java:173)
	at java.util.stream.AbstractPipeline.evaluate(AbstractPipeline.java:234)
	at java.util.stream.ReferencePipeline.forEach(ReferencePipeline.java:485)
	at org.junit.vintage.engine.VintageTestEngine.executeAllChildren(VintageTestEngine.java:82)
	at org.junit.vintage.engine.VintageTestEngine.execute(VintageTestEngine.java:73)
	at org.junit.platform.launcher.core.DefaultLauncher.execute(DefaultLauncher.java:248)
	at org.junit.platform.launcher.core.DefaultLauncher.lambda$execute$5(DefaultLauncher.java:211)
	at org.junit.platform.launcher.core.DefaultLauncher.withInterceptedStreams(DefaultLauncher.java:226)
	at org.junit.platform.launcher.core.DefaultLauncher.execute(DefaultLauncher.java:199)
	at org.junit.platform.launcher.core.DefaultLauncher.execute(DefaultLauncher.java:132)
	at org.apache.maven.surefire.junitplatform.JUnitPlatformProvider.invokeAllTests(JUnitPlatformProvider.java:154)
	at org.apache.maven.surefire.junitplatform.JUnitPlatformProvider.invoke(JUnitPlatformProvider.java:123)
	at org.apache.maven.surefire.booter.ForkedBooter.runSuitesInProcess(ForkedBooter.java:377)
	at org.apache.maven.surefire.booter.ForkedBooter.execute(ForkedBooter.java:138)
	at org.apache.maven.surefire.booter.ForkedBooter.run(ForkedBooter.java:465)
	at org.apache.maven.surefire.booter.ForkedBooter.main(ForkedBooter.java:451)
]]></failure>
    <system-err><![CDATA[2024-05-01T14:00:09,509 ERROR [main] cli.TestHiveCli: Failed to execute command due to the error: java.lang.NullPointerException: Null output stream
2024-05-01T14:00:09,568  WARN [main] conf.HiveConf: HiveConf of name hive.dummyparam.test.server.specific.config.override does not exist
2024-05-01T14:00:09,568  WARN [main] conf.HiveConf: HiveConf of name hive.dummyparam.test.server.specific.config.hiveserver2site does not exist
2024-05-01T14:00:09,569  WARN [main] conf.HiveConf: HiveConf of name hive.dummyparam.test.server.specific.config.metastoresite does not exist
2024-05-01T14:00:09,569  INFO [main] SessionState: Hive Session ID = 8bf7703b-bfb3-4b14-b2a3-bb13d69d6604
2024-05-01T14:00:09,570  INFO [main] DependencyResolver: ivysettings.xml file not found in HIVE_HOME or HIVE_CONF_DIR,/home/alex/Repositories/hive/conf/ivysettings.xml will be used
2024-05-01T14:00:09,578  INFO [main] session.SessionState: Created HDFS directory: /tmp/hive/alex/8bf7703b-bfb3-4b14-b2a3-bb13d69d6604
2024-05-01T14:00:09,583  INFO [main] session.SessionState: Created local directory: /home/alex/Repositories/hive/beeline/target/tmp/alex/8bf7703b-bfb3-4b14-b2a3-bb13d69d6604
2024-05-01T14:00:09,586  INFO [main] session.SessionState: Created HDFS directory: /tmp/hive/alex/8bf7703b-bfb3-4b14-b2a3-bb13d69d6604/_tmp_space.db
2024-05-01T14:00:09,587  INFO [main] sqlstd.SQLStdHiveAccessController: Created SQLStdHiveAccessController for session context : HiveAuthzSessionContext [sessionString=8bf7703b-bfb3-4b14-b2a3-bb13d69d6604, clientType=HIVESERVER2]
2024-05-01T14:00:09,587  INFO [main] metastore.HiveMetaStoreClient: HMS client filtering is enabled.
2024-05-01T14:00:09,588  INFO [main] metastore.HMSHandler: 0: Opening raw store with implementation class:org.apache.hadoop.hive.metastore.ObjectStore
2024-05-01T14:00:09,588  INFO [main] metastore.PersistenceManagerProvider: Configuration datanucleus.autoStartMechanismMode is not set. Defaulting to 'ignored'
2024-05-01T14:00:09,589  INFO [main] metastore.ObjectStore: RawStore: org.apache.hadoop.hive.metastore.ObjectStore@478530cb, with PersistenceManager: null will be shutdown
2024-05-01T14:00:09,589  INFO [main] metastore.ObjectStore: RawStore: org.apache.hadoop.hive.metastore.ObjectStore@478530cb, with PersistenceManager: org.datanucleus.api.jdo.JDOPersistenceManager@5be7b749 created in the thread with id: 1
2024-05-01T14:00:09,591  INFO [main] metastore.HMSHandler: Created RawStore: org.apache.hadoop.hive.metastore.ObjectStore@478530cb from thread id: 1
2024-05-01T14:00:09,592  INFO [main] metastore.HMSHandler: HMS server filtering is disabled by configuration
2024-05-01T14:00:09,592  INFO [main] metastore.RetryingMetaStoreClient: RetryingMetaStoreClient proxy=class org.apache.hadoop.hive.ql.metadata.SessionHiveMetaStoreClient ugi=alex (auth:SIMPLE) retries=1 delay=1 lifetime=0
2024-05-01T14:00:09,592  INFO [main] service.CompositeService: Operation log root directory is created: /home/alex/Repositories/hive/beeline/target/tmp/alex/operation_logs
2024-05-01T14:00:09,592  INFO [main] service.CompositeService: HiveServer2: Background operation thread pool size: 100
2024-05-01T14:00:09,592  INFO [main] service.CompositeService: HiveServer2: Background operation thread wait queue size: 100
2024-05-01T14:00:09,592  INFO [main] service.CompositeService: HiveServer2: Background operation thread keepalive time: 10 seconds
2024-05-01T14:00:09,592  INFO [main] service.CompositeService: Connections limit are user: 0 ipaddress: 0 user-ipaddress: 0
2024-05-01T14:00:09,594  INFO [main] cleanup.EventualCleanupService: EventualCleanupService started with 10 threads and queue of size 10000
ERROR StatusLogger Log4j2 ConfigurationScheduler attempted to increment scheduled items after start
ERROR StatusLogger Log4j2 ConfigurationScheduler attempted to increment scheduled items after start
2024-05-01T14:00:09,597  INFO [main] service.AbstractService: Service:OperationManager is inited.
2024-05-01T14:00:09,597  INFO [main] service.AbstractService: Service:SessionManager is inited.
2024-05-01T14:00:09,597  INFO [main] service.AbstractService: Service:CLIService is inited.
2024-05-01T14:00:09,597  INFO [main] service.AbstractService: Service:OperationManager is started.
2024-05-01T14:00:09,597  INFO [main] service.AbstractService: Service:SessionManager is started.
2024-05-01T14:00:09,597  INFO [main] service.AbstractService: Service:CLIService is started.
2024-05-01T14:00:09,597  INFO [main] service.AbstractService: Service:ThriftBinaryCLIService is inited.
2024-05-01T14:00:09,598  INFO [main] thrift.ThriftCLIService: Client protocol version: HIVE_CLI_SERVICE_PROTOCOL_V10
2024-05-01T14:00:09,598  INFO [main] thrift.ThriftCLIService: Creating Hive session handle for user [null] from IP null
2024-05-01T14:00:09,599  INFO [main] DependencyResolver: ivysettings.xml file not found in HIVE_HOME or HIVE_CONF_DIR,/home/alex/Repositories/hive/conf/ivysettings.xml will be used
2024-05-01T14:00:09,607  INFO [main] session.SessionState: Created HDFS directory: /tmp/hive/alex/e9b000e8-6482-4952-ad9b-9d9b72131e1a
2024-05-01T14:00:09,612  INFO [main] session.SessionState: Created local directory: /home/alex/Repositories/hive/beeline/target/tmp/alex/e9b000e8-6482-4952-ad9b-9d9b72131e1a
2024-05-01T14:00:09,616  INFO [main] session.SessionState: Created HDFS directory: /tmp/hive/alex/e9b000e8-6482-4952-ad9b-9d9b72131e1a/_tmp_space.db
2024-05-01T14:00:09,616  INFO [main] session.SessionState: Reloading auxiliary JAR files
2024-05-01T14:00:09,616  WARN [main] session.SessionState: Configuration hive.reloadable.aux.jars.path not specified
2024-05-01T14:00:09,617  INFO [main] HiveMetaStore.audit: ugi=alex	ip=unknown-ip-addr	cmd=Cleaning up thread local RawStore...	
2024-05-01T14:00:09,617  INFO [main] metastore.ObjectStore: RawStore: org.apache.hadoop.hive.metastore.ObjectStore@478530cb, with PersistenceManager: org.datanucleus.api.jdo.JDOPersistenceManager@5be7b749 will be shutdown
2024-05-01T14:00:09,617  INFO [main] HiveMetaStore.audit: ugi=alex	ip=unknown-ip-addr	cmd=Done cleaning up thread local RawStore	
2024-05-01T14:00:09,617  INFO [main] metastore.HiveMetaStoreClient: Closed a connection to metastore, current connections: -13
2024-05-01T14:00:09,618  INFO [main] session.HiveSessionImpl: Operation log session directory is created: /home/alex/Repositories/hive/beeline/target/tmp/alex/operation_logs/e9b000e8-6482-4952-ad9b-9d9b72131e1a
2024-05-01T14:00:09,618  INFO [main] service.CompositeService: Session opened, SessionHandle [e9b000e8-6482-4952-ad9b-9d9b72131e1a], current sessions:1
2024-05-01T14:00:09,618  INFO [main] thrift.ThriftCLIService: Login attempt is successful for user : null
2024-05-01T14:00:09,680  WARN [main] conf.HiveConf: HiveConf of name hive.dummyparam.test.server.specific.config.override does not exist
2024-05-01T14:00:09,680  WARN [main] conf.HiveConf: HiveConf of name hive.dummyparam.test.server.specific.config.hiveserver2site does not exist
2024-05-01T14:00:09,681  WARN [main] conf.HiveConf: HiveConf of name hive.dummyparam.test.server.specific.config.metastoresite does not exist
2024-05-01T14:00:09,681  INFO [e9b000e8-6482-4952-ad9b-9d9b72131e1a main] session.HiveSessionImpl: executing set
2024-05-01T14:00:09,682  INFO [e9b000e8-6482-4952-ad9b-9d9b72131e1a main] operation.HiveCommandOperation: Putting temp output to file /home/alex/Repositories/hive/beeline/target/tmp/alex/e9b000e8-6482-4952-ad9b-9d9b72131e1a6080851008380336721.pipeout and error output to file /home/alex/Repositories/hive/beeline/target/tmp/alex/e9b000e8-6482-4952-ad9b-9d9b72131e1a6396969089178256074.pipeout
2024-05-01T14:00:09,682  INFO [e9b000e8-6482-4952-ad9b-9d9b72131e1a main] operation.OperationManager: Adding operation: OperationHandle [opType=EXECUTE_STATEMENT, getHandleIdentifier()=4a9ccefa-bab5-4790-b9d1-3560333e59ab] SessionHandle [e9b000e8-6482-4952-ad9b-9d9b72131e1a]
2024-05-01T14:00:09,683  INFO [e9b000e8-6482-4952-ad9b-9d9b72131e1a main] common.LogUtils: Thread context registration is done.
DEBUG StatusLogger Building Plugin[name=filter, class=org.apache.hadoop.hive.ql.log.LogDivertAppender$NameFilter].
DEBUG StatusLogger createFilter(loggingLevel="EXECUTION")
DEBUG StatusLogger Building Plugin[name=layout, class=org.apache.logging.log4j.core.layout.PatternLayout].
DEBUG StatusLogger PatternLayout$Builder(pattern="%-5p : %m%n", PatternSelector=null, Configuration(HiveLog4j2Test), Replace=null, charset="null", alwaysWriteExceptions="null", disableAnsi="null", noConsoleNoAnsi="null", header="null", footer="null")
DEBUG StatusLogger Building Plugin[name=appender, class=org.apache.hadoop.hive.ql.log.HushableRandomAccessFileAppender].
DEBUG StatusLogger createAppender(fileName="/home/alex/Repositories/hive/beeline/target/tmp/alex/operation_logs/e9b000e8-6482-4952-ad9b-9d9b72131e1a/alex_20240501140009_a1e49c42-fb6d-4ba5-971f-7ccf207f4893", append="null", name="query-file-appender", immediateFlush="null", bufferSize="null", ignoreExceptions="null", PatternLayout(org.apache.logging.log4j.core.layout.PatternLayout with name PatternLayout), NameFilter(org.apache.hadoop.hive.ql.log.LogDivertAppender$NameFilter with name NameFilter), advertise="null", advertiseURI="null", Configuration(HiveLog4j2Test))
DEBUG StatusLogger Starting RandomAccessFileManager /home/alex/Repositories/hive/beeline/target/tmp/alex/operation_logs/e9b000e8-6482-4952-ad9b-9d9b72131e1a/alex_20240501140009_a1e49c42-fb6d-4ba5-971f-7ccf207f4893
DEBUG StatusLogger Building Plugin[name=, class=org.apache.hadoop.hive.ql.log.LogDivertAppenderForTest$TestFilter].
DEBUG StatusLogger createFilter()
DEBUG StatusLogger Building Plugin[name=, class=org.apache.logging.log4j.core.layout.PatternLayout].
DEBUG StatusLogger PatternLayout$Builder(pattern="%-5p : %m%n", PatternSelector=null, Configuration(HiveLog4j2Test), Replace=null, charset="null", alwaysWriteExceptions="null", disableAnsi="null", noConsoleNoAnsi="null", header="null", footer="null")
DEBUG StatusLogger Building Plugin[name=appender, class=org.apache.hadoop.hive.ql.log.HushableRandomAccessFileAppender].
DEBUG StatusLogger createAppender(fileName="/home/alex/Repositories/hive/beeline/target/tmp/alex/operation_logs/e9b000e8-6482-4952-ad9b-9d9b72131e1a/alex_20240501140009_a1e49c42-fb6d-4ba5-971f-7ccf207f4893.test", append="null", name="test-query-file-appender", immediateFlush="null", bufferSize="null", ignoreExceptions="null", PatternLayout(org.apache.logging.log4j.core.layout.PatternLayout with name PatternLayout), test-filter(org.apache.hadoop.hive.ql.log.LogDivertAppenderForTest$TestFilter with name test-filter), advertise="null", advertiseURI="null", Configuration(HiveLog4j2Test))
DEBUG StatusLogger Starting RandomAccessFileManager /home/alex/Repositories/hive/beeline/target/tmp/alex/operation_logs/e9b000e8-6482-4952-ad9b-9d9b72131e1a/alex_20240501140009_a1e49c42-fb6d-4ba5-971f-7ccf207f4893.test
2024-05-01T14:00:09,687  INFO [e9b000e8-6482-4952-ad9b-9d9b72131e1a main] operation.HiveCommandOperation: [opType=EXECUTE_STATEMENT, queryId=alex_20240501140009_a1e49c42-fb6d-4ba5-971f-7ccf207f4893, startTime=1714597209682, sessionId=e9b000e8-6482-4952-ad9b-9d9b72131e1a, createTime=1714597209598, userName=null, ipAddress=null]
2024-05-01T14:00:09,697  INFO [e9b000e8-6482-4952-ad9b-9d9b72131e1a main] common.LogUtils: Unregistered logging context.
2024-05-01T14:00:09,700  INFO [e9b000e8-6482-4952-ad9b-9d9b72131e1a main] operation.OperationManager: Closing operation: OperationHandle [opType=EXECUTE_STATEMENT, getHandleIdentifier()=4a9ccefa-bab5-4790-b9d1-3560333e59ab]
2024-05-01T14:00:09,700  INFO [e9b000e8-6482-4952-ad9b-9d9b72131e1a main] operation.OperationManager: Removed queryId: alex_20240501140009_a1e49c42-fb6d-4ba5-971f-7ccf207f4893 corresponding to operation: OperationHandle [opType=EXECUTE_STATEMENT, getHandleIdentifier()=4a9ccefa-bab5-4790-b9d1-3560333e59ab] with tag: null
2024-05-01T14:00:09,701  INFO [e9b000e8-6482-4952-ad9b-9d9b72131e1a main] operation.HiveCommandOperation: Closing operation log /home/alex/Repositories/hive/beeline/target/tmp/alex/operation_logs/e9b000e8-6482-4952-ad9b-9d9b72131e1a/alex_20240501140009_a1e49c42-fb6d-4ba5-971f-7ccf207f4893 without delay
2024-05-01T14:00:09,704  INFO [e9b000e8-6482-4952-ad9b-9d9b72131e1a main] session.HiveSessionImpl: executing use test
2024-05-01T14:00:09,704  INFO [e9b000e8-6482-4952-ad9b-9d9b72131e1a main] operation.OperationManager: Adding operation: OperationHandle [opType=EXECUTE_STATEMENT, getHandleIdentifier()=bc8dc874-07c5-4706-a09f-6f6647354a52] SessionHandle [e9b000e8-6482-4952-ad9b-9d9b72131e1a]
2024-05-01T14:00:09,705  INFO [e9b000e8-6482-4952-ad9b-9d9b72131e1a main] common.LogUtils: Thread context registration is done.
DEBUG StatusLogger Building Plugin[name=filter, class=org.apache.hadoop.hive.ql.log.LogDivertAppender$NameFilter].
DEBUG StatusLogger createFilter(loggingLevel="EXECUTION")
DEBUG StatusLogger Building Plugin[name=layout, class=org.apache.logging.log4j.core.layout.PatternLayout].
DEBUG StatusLogger PatternLayout$Builder(pattern="%-5p : %m%n", PatternSelector=null, Configuration(HiveLog4j2Test), Replace=null, charset="null", alwaysWriteExceptions="null", disableAnsi="null", noConsoleNoAnsi="null", header="null", footer="null")
DEBUG StatusLogger Building Plugin[name=appender, class=org.apache.hadoop.hive.ql.log.HushableRandomAccessFileAppender].
DEBUG StatusLogger createAppender(fileName="/home/alex/Repositories/hive/beeline/target/tmp/alex/operation_logs/e9b000e8-6482-4952-ad9b-9d9b72131e1a/alex_20240501140009_ce062730-ccef-40de-bdcd-d3a98aa30bdc", append="null", name="query-file-appender", immediateFlush="null", bufferSize="null", ignoreExceptions="null", PatternLayout(org.apache.logging.log4j.core.layout.PatternLayout with name PatternLayout), NameFilter(org.apache.hadoop.hive.ql.log.LogDivertAppender$NameFilter with name NameFilter), advertise="null", advertiseURI="null", Configuration(HiveLog4j2Test))
DEBUG StatusLogger Starting RandomAccessFileManager /home/alex/Repositories/hive/beeline/target/tmp/alex/operation_logs/e9b000e8-6482-4952-ad9b-9d9b72131e1a/alex_20240501140009_ce062730-ccef-40de-bdcd-d3a98aa30bdc
DEBUG StatusLogger Building Plugin[name=, class=org.apache.hadoop.hive.ql.log.LogDivertAppenderForTest$TestFilter].
DEBUG StatusLogger createFilter()
DEBUG StatusLogger Building Plugin[name=, class=org.apache.logging.log4j.core.layout.PatternLayout].
DEBUG StatusLogger PatternLayout$Builder(pattern="%-5p : %m%n", PatternSelector=null, Configuration(HiveLog4j2Test), Replace=null, charset="null", alwaysWriteExceptions="null", disableAnsi="null", noConsoleNoAnsi="null", header="null", footer="null")
DEBUG StatusLogger Building Plugin[name=appender, class=org.apache.hadoop.hive.ql.log.HushableRandomAccessFileAppender].
DEBUG StatusLogger createAppender(fileName="/home/alex/Repositories/hive/beeline/target/tmp/alex/operation_logs/e9b000e8-6482-4952-ad9b-9d9b72131e1a/alex_20240501140009_ce062730-ccef-40de-bdcd-d3a98aa30bdc.test", append="null", name="test-query-file-appender", immediateFlush="null", bufferSize="null", ignoreExceptions="null", PatternLayout(org.apache.logging.log4j.core.layout.PatternLayout with name PatternLayout), test-filter(org.apache.hadoop.hive.ql.log.LogDivertAppenderForTest$TestFilter with name test-filter), advertise="null", advertiseURI="null", Configuration(HiveLog4j2Test))
DEBUG StatusLogger Starting RandomAccessFileManager /home/alex/Repositories/hive/beeline/target/tmp/alex/operation_logs/e9b000e8-6482-4952-ad9b-9d9b72131e1a/alex_20240501140009_ce062730-ccef-40de-bdcd-d3a98aa30bdc.test
2024-05-01T14:00:09,708  INFO [e9b000e8-6482-4952-ad9b-9d9b72131e1a main] operation.SQLOperation: [opType=EXECUTE_STATEMENT, queryId=alex_20240501140009_ce062730-ccef-40de-bdcd-d3a98aa30bdc, startTime=1714597209704, sessionId=e9b000e8-6482-4952-ad9b-9d9b72131e1a, createTime=1714597209598, userName=null, ipAddress=null]
2024-05-01T14:00:09,709  INFO [e9b000e8-6482-4952-ad9b-9d9b72131e1a main] ql.Driver: Compiling command(queryId=alex_20240501140009_ce062730-ccef-40de-bdcd-d3a98aa30bdc): use test
2024-05-01T14:00:09,710  INFO [e9b000e8-6482-4952-ad9b-9d9b72131e1a main] metastore.HiveMetaStoreClient: HMS client filtering is enabled.
2024-05-01T14:00:09,711  INFO [e9b000e8-6482-4952-ad9b-9d9b72131e1a main] metastore.HMSHandler: 0: Opening raw store with implementation class:org.apache.hadoop.hive.metastore.ObjectStore
2024-05-01T14:00:09,712  INFO [e9b000e8-6482-4952-ad9b-9d9b72131e1a main] metastore.PersistenceManagerProvider: Configuration datanucleus.autoStartMechanismMode is not set. Defaulting to 'ignored'
2024-05-01T14:00:09,713  INFO [e9b000e8-6482-4952-ad9b-9d9b72131e1a main] metastore.ObjectStore: RawStore: org.apache.hadoop.hive.metastore.ObjectStore@72001c71, with PersistenceManager: null will be shutdown
2024-05-01T14:00:09,713  INFO [e9b000e8-6482-4952-ad9b-9d9b72131e1a main] metastore.ObjectStore: RawStore: org.apache.hadoop.hive.metastore.ObjectStore@72001c71, with PersistenceManager: org.datanucleus.api.jdo.JDOPersistenceManager@e7b0bec created in the thread with id: 1
2024-05-01T14:00:09,716  INFO [e9b000e8-6482-4952-ad9b-9d9b72131e1a main] metastore.HMSHandler: Created RawStore: org.apache.hadoop.hive.metastore.ObjectStore@72001c71 from thread id: 1
2024-05-01T14:00:09,717  INFO [e9b000e8-6482-4952-ad9b-9d9b72131e1a main] metastore.HMSHandler: HMS server filtering is disabled by configuration
2024-05-01T14:00:09,717  INFO [e9b000e8-6482-4952-ad9b-9d9b72131e1a main] metastore.RetryingMetaStoreClient: RetryingMetaStoreClient proxy=class org.apache.hadoop.hive.ql.metadata.SessionHiveMetaStoreClient ugi=alex (auth:SIMPLE) retries=1 delay=1 lifetime=0
2024-05-01T14:00:09,718  INFO [e9b000e8-6482-4952-ad9b-9d9b72131e1a main] HiveMetaStore.audit: ugi=alex	ip=unknown-ip-addr	cmd=get_database: test	
2024-05-01T14:00:09,719  INFO [e9b000e8-6482-4952-ad9b-9d9b72131e1a main] ql.Driver: Semantic Analysis Completed (retrial = false)
2024-05-01T14:00:09,719  INFO [e9b000e8-6482-4952-ad9b-9d9b72131e1a main] ql.Driver: Created Hive schema: Schema(fieldSchemas:null, properties:null)
2024-05-01T14:00:09,719  INFO [e9b000e8-6482-4952-ad9b-9d9b72131e1a main] metadata.Hive: Dumping metastore api call timing information for : compilation phase
2024-05-01T14:00:09,719  INFO [e9b000e8-6482-4952-ad9b-9d9b72131e1a main] metadata.Hive: Total time spent in each metastore function (ms): {isCompatibleWith_(Configuration)=0, getDatabase_(String)=2, flushCache_()=0}
2024-05-01T14:00:09,719  INFO [e9b000e8-6482-4952-ad9b-9d9b72131e1a main] ql.Driver: Completed compiling command(queryId=alex_20240501140009_ce062730-ccef-40de-bdcd-d3a98aa30bdc); Time taken: 0.01 seconds
2024-05-01T14:00:09,719  INFO [e9b000e8-6482-4952-ad9b-9d9b72131e1a main] common.LogUtils: Unregistered logging context.
2024-05-01T14:00:09,720  INFO [HiveServer2-Background-Pool: Thread-253] common.LogUtils: Thread context registration is done.
2024-05-01T14:00:09,720  INFO [HiveServer2-Background-Pool: Thread-253] reexec.ReExecDriver: Execution #1 of query
2024-05-01T14:00:09,721  INFO [HiveServer2-Background-Pool: Thread-253] ql.Driver: Concurrency mode is disabled, not creating a lock manager
2024-05-01T14:00:09,721  INFO [HiveServer2-Background-Pool: Thread-253] ql.Driver: Executing command(queryId=alex_20240501140009_ce062730-ccef-40de-bdcd-d3a98aa30bdc): use test
2024-05-01T14:00:09,721  INFO [HiveServer2-Background-Pool: Thread-253] ql.Driver: Starting task [Stage-0:DDL] in serial mode
2024-05-01T14:00:09,722  INFO [HiveServer2-Background-Pool: Thread-253] HiveMetaStore.audit: ugi=alex	ip=unknown-ip-addr	cmd=get_database: test	
2024-05-01T14:00:09,723  INFO [HiveServer2-Background-Pool: Thread-253] metastore.HMSHandler: 12: Opening raw store with implementation class:org.apache.hadoop.hive.metastore.ObjectStore
2024-05-01T14:00:09,724  INFO [HiveServer2-Background-Pool: Thread-253] metastore.ObjectStore: RawStore: org.apache.hadoop.hive.metastore.ObjectStore@70369aa6, with PersistenceManager: null will be shutdown
2024-05-01T14:00:09,724  INFO [HiveServer2-Background-Pool: Thread-253] metastore.ObjectStore: RawStore: org.apache.hadoop.hive.metastore.ObjectStore@70369aa6, with PersistenceManager: org.datanucleus.api.jdo.JDOPersistenceManager@35340ac4 created in the thread with id: 253
2024-05-01T14:00:09,728  INFO [HiveServer2-Background-Pool: Thread-253] metastore.HMSHandler: Created RawStore: org.apache.hadoop.hive.metastore.ObjectStore@70369aa6 from thread id: 253
2024-05-01T14:00:09,731  INFO [HiveServer2-Background-Pool: Thread-253] HiveMetaStore.audit: ugi=alex	ip=unknown-ip-addr	cmd=get_database: test	
2024-05-01T14:00:09,733  INFO [HiveServer2-Background-Pool: Thread-253] metadata.Hive: Dumping metastore api call timing information for : execution phase
2024-05-01T14:00:09,733  INFO [HiveServer2-Background-Pool: Thread-253] metadata.Hive: Total time spent in each metastore function (ms): {isCompatibleWith_(Configuration)=0, getDatabase_(String)=10}
2024-05-01T14:00:09,733  INFO [HiveServer2-Background-Pool: Thread-253] ql.Driver: Completed executing command(queryId=alex_20240501140009_ce062730-ccef-40de-bdcd-d3a98aa30bdc); Time taken: 0.011 seconds
2024-05-01T14:00:09,733  INFO [HiveServer2-Background-Pool: Thread-253] common.LogUtils: Unregistered logging context.
2024-05-01T14:00:09,737  INFO [e9b000e8-6482-4952-ad9b-9d9b72131e1a main] operation.OperationManager: Closing operation: OperationHandle [opType=EXECUTE_STATEMENT, getHandleIdentifier()=bc8dc874-07c5-4706-a09f-6f6647354a52]
2024-05-01T14:00:09,737  INFO [e9b000e8-6482-4952-ad9b-9d9b72131e1a main] operation.OperationManager: Removed queryId: alex_20240501140009_ce062730-ccef-40de-bdcd-d3a98aa30bdc corresponding to operation: OperationHandle [opType=EXECUTE_STATEMENT, getHandleIdentifier()=bc8dc874-07c5-4706-a09f-6f6647354a52] with tag: null
2024-05-01T14:00:09,737  INFO [e9b000e8-6482-4952-ad9b-9d9b72131e1a main] operation.SQLOperation: Closing operation log /home/alex/Repositories/hive/beeline/target/tmp/alex/operation_logs/e9b000e8-6482-4952-ad9b-9d9b72131e1a/alex_20240501140009_ce062730-ccef-40de-bdcd-d3a98aa30bdc without delay
2024-05-01T14:00:09,738  INFO [e9b000e8-6482-4952-ad9b-9d9b72131e1a main] session.HiveSessionImpl: executing show tables
2024-05-01T14:00:09,739  INFO [e9b000e8-6482-4952-ad9b-9d9b72131e1a main] operation.OperationManager: Adding operation: OperationHandle [opType=EXECUTE_STATEMENT, getHandleIdentifier()=33a3dde8-95b0-4e1c-a6e0-89bd12c14475] SessionHandle [e9b000e8-6482-4952-ad9b-9d9b72131e1a]
2024-05-01T14:00:09,739  INFO [e9b000e8-6482-4952-ad9b-9d9b72131e1a main] common.LogUtils: Thread context registration is done.
DEBUG StatusLogger Building Plugin[name=filter, class=org.apache.hadoop.hive.ql.log.LogDivertAppender$NameFilter].
DEBUG StatusLogger createFilter(loggingLevel="EXECUTION")
DEBUG StatusLogger Building Plugin[name=layout, class=org.apache.logging.log4j.core.layout.PatternLayout].
DEBUG StatusLogger PatternLayout$Builder(pattern="%-5p : %m%n", PatternSelector=null, Configuration(HiveLog4j2Test), Replace=null, charset="null", alwaysWriteExceptions="null", disableAnsi="null", noConsoleNoAnsi="null", header="null", footer="null")
DEBUG StatusLogger Building Plugin[name=appender, class=org.apache.hadoop.hive.ql.log.HushableRandomAccessFileAppender].
DEBUG StatusLogger createAppender(fileName="/home/alex/Repositories/hive/beeline/target/tmp/alex/operation_logs/e9b000e8-6482-4952-ad9b-9d9b72131e1a/alex_20240501140009_558469c0-fb71-439a-8c1f-00094d3a4300", append="null", name="query-file-appender", immediateFlush="null", bufferSize="null", ignoreExceptions="null", PatternLayout(org.apache.logging.log4j.core.layout.PatternLayout with name PatternLayout), NameFilter(org.apache.hadoop.hive.ql.log.LogDivertAppender$NameFilter with name NameFilter), advertise="null", advertiseURI="null", Configuration(HiveLog4j2Test))
DEBUG StatusLogger Starting RandomAccessFileManager /home/alex/Repositories/hive/beeline/target/tmp/alex/operation_logs/e9b000e8-6482-4952-ad9b-9d9b72131e1a/alex_20240501140009_558469c0-fb71-439a-8c1f-00094d3a4300
DEBUG StatusLogger Building Plugin[name=, class=org.apache.hadoop.hive.ql.log.LogDivertAppenderForTest$TestFilter].
DEBUG StatusLogger createFilter()
DEBUG StatusLogger Building Plugin[name=, class=org.apache.logging.log4j.core.layout.PatternLayout].
DEBUG StatusLogger PatternLayout$Builder(pattern="%-5p : %m%n", PatternSelector=null, Configuration(HiveLog4j2Test), Replace=null, charset="null", alwaysWriteExceptions="null", disableAnsi="null", noConsoleNoAnsi="null", header="null", footer="null")
DEBUG StatusLogger Building Plugin[name=appender, class=org.apache.hadoop.hive.ql.log.HushableRandomAccessFileAppender].
DEBUG StatusLogger createAppender(fileName="/home/alex/Repositories/hive/beeline/target/tmp/alex/operation_logs/e9b000e8-6482-4952-ad9b-9d9b72131e1a/alex_20240501140009_558469c0-fb71-439a-8c1f-00094d3a4300.test", append="null", name="test-query-file-appender", immediateFlush="null", bufferSize="null", ignoreExceptions="null", PatternLayout(org.apache.logging.log4j.core.layout.PatternLayout with name PatternLayout), test-filter(org.apache.hadoop.hive.ql.log.LogDivertAppenderForTest$TestFilter with name test-filter), advertise="null", advertiseURI="null", Configuration(HiveLog4j2Test))
DEBUG StatusLogger Starting RandomAccessFileManager /home/alex/Repositories/hive/beeline/target/tmp/alex/operation_logs/e9b000e8-6482-4952-ad9b-9d9b72131e1a/alex_20240501140009_558469c0-fb71-439a-8c1f-00094d3a4300.test
2024-05-01T14:00:09,742  INFO [e9b000e8-6482-4952-ad9b-9d9b72131e1a main] operation.SQLOperation: [opType=EXECUTE_STATEMENT, queryId=alex_20240501140009_558469c0-fb71-439a-8c1f-00094d3a4300, startTime=1714597209738, sessionId=e9b000e8-6482-4952-ad9b-9d9b72131e1a, createTime=1714597209598, userName=null, ipAddress=null]
2024-05-01T14:00:09,746  INFO [e9b000e8-6482-4952-ad9b-9d9b72131e1a main] ql.Driver: Compiling command(queryId=alex_20240501140009_558469c0-fb71-439a-8c1f-00094d3a4300): show tables
2024-05-01T14:00:09,752  INFO [e9b000e8-6482-4952-ad9b-9d9b72131e1a main] HiveMetaStore.audit: ugi=alex	ip=unknown-ip-addr	cmd=get_database: test	
2024-05-01T14:00:09,754  INFO [e9b000e8-6482-4952-ad9b-9d9b72131e1a main] ql.Driver: Semantic Analysis Completed (retrial = false)
2024-05-01T14:00:09,754  INFO [e9b000e8-6482-4952-ad9b-9d9b72131e1a main] ql.Driver: Created Hive schema: Schema(fieldSchemas:[FieldSchema(name:tab_name, type:string, comment:from deserializer)], properties:null)
2024-05-01T14:00:09,755  INFO [e9b000e8-6482-4952-ad9b-9d9b72131e1a main] exec.ListSinkOperator: Initializing Operator: LIST_SINK[0]
2024-05-01T14:00:09,755  INFO [e9b000e8-6482-4952-ad9b-9d9b72131e1a main] metadata.Hive: Dumping metastore api call timing information for : compilation phase
2024-05-01T14:00:09,755  INFO [e9b000e8-6482-4952-ad9b-9d9b72131e1a main] metadata.Hive: Total time spent in each metastore function (ms): {isCompatibleWith_(Configuration)=0, getDatabase_(String)=2, flushCache_()=0}
2024-05-01T14:00:09,755  INFO [e9b000e8-6482-4952-ad9b-9d9b72131e1a main] ql.Driver: Completed compiling command(queryId=alex_20240501140009_558469c0-fb71-439a-8c1f-00094d3a4300); Time taken: 0.011 seconds
2024-05-01T14:00:09,756  INFO [e9b000e8-6482-4952-ad9b-9d9b72131e1a main] common.LogUtils: Unregistered logging context.
2024-05-01T14:00:09,756  INFO [HiveServer2-Background-Pool: Thread-257] common.LogUtils: Thread context registration is done.
2024-05-01T14:00:09,756  INFO [HiveServer2-Background-Pool: Thread-257] reexec.ReExecDriver: Execution #1 of query
2024-05-01T14:00:09,757  INFO [HiveServer2-Background-Pool: Thread-257] ql.Driver: Concurrency mode is disabled, not creating a lock manager
2024-05-01T14:00:09,757  INFO [HiveServer2-Background-Pool: Thread-257] ql.Driver: Executing command(queryId=alex_20240501140009_558469c0-fb71-439a-8c1f-00094d3a4300): show tables
2024-05-01T14:00:09,757  INFO [HiveServer2-Background-Pool: Thread-257] ql.Driver: Starting task [Stage-0:DDL] in serial mode
2024-05-01T14:00:09,758  INFO [HiveServer2-Background-Pool: Thread-257] HiveMetaStore.audit: ugi=alex	ip=unknown-ip-addr	cmd=get_database: test	
2024-05-01T14:00:09,759  INFO [HiveServer2-Background-Pool: Thread-257] metastore.HMSHandler: 13: Opening raw store with implementation class:org.apache.hadoop.hive.metastore.ObjectStore
2024-05-01T14:00:09,760  INFO [HiveServer2-Background-Pool: Thread-257] metastore.ObjectStore: RawStore: org.apache.hadoop.hive.metastore.ObjectStore@2af96b25, with PersistenceManager: null will be shutdown
2024-05-01T14:00:09,763  INFO [HiveServer2-Background-Pool: Thread-257] metastore.ObjectStore: RawStore: org.apache.hadoop.hive.metastore.ObjectStore@2af96b25, with PersistenceManager: org.datanucleus.api.jdo.JDOPersistenceManager@6ffbe01e created in the thread with id: 257
2024-05-01T14:00:09,768  INFO [HiveServer2-Background-Pool: Thread-257] metastore.HMSHandler: Created RawStore: org.apache.hadoop.hive.metastore.ObjectStore@2af96b25 from thread id: 257
2024-05-01T14:00:09,771  INFO [HiveServer2-Background-Pool: Thread-257] HiveMetaStore.audit: ugi=alex	ip=unknown-ip-addr	cmd=get_multi_table : db=test tbls=null	
2024-05-01T14:00:09,782  INFO [HiveServer2-Background-Pool: Thread-257] sqlstd.SQLStdHiveAccessController: Created SQLStdHiveAccessController for session context : HiveAuthzSessionContext [sessionString=e9b000e8-6482-4952-ad9b-9d9b72131e1a, clientType=HIVESERVER2]
2024-05-01T14:00:09,789  INFO [HiveServer2-Background-Pool: Thread-257] metadata.Hive: Dumping metastore api call timing information for : execution phase
2024-05-01T14:00:09,789  INFO [HiveServer2-Background-Pool: Thread-257] metadata.Hive: Total time spent in each metastore function (ms): {isCompatibleWith_(Configuration)=0, getDatabase_(String)=11, getTables_(String, String)=13}
2024-05-01T14:00:09,789  INFO [HiveServer2-Background-Pool: Thread-257] ql.Driver: Completed executing command(queryId=alex_20240501140009_558469c0-fb71-439a-8c1f-00094d3a4300); Time taken: 0.032 seconds
2024-05-01T14:00:09,790  INFO [HiveServer2-Background-Pool: Thread-257] common.LogUtils: Unregistered logging context.
2024-05-01T14:00:09,792  INFO [e9b000e8-6482-4952-ad9b-9d9b72131e1a main] operation.OperationManager: Closing operation: OperationHandle [opType=EXECUTE_STATEMENT, getHandleIdentifier()=33a3dde8-95b0-4e1c-a6e0-89bd12c14475]
2024-05-01T14:00:09,792  INFO [e9b000e8-6482-4952-ad9b-9d9b72131e1a main] operation.OperationManager: Removed queryId: alex_20240501140009_558469c0-fb71-439a-8c1f-00094d3a4300 corresponding to operation: OperationHandle [opType=EXECUTE_STATEMENT, getHandleIdentifier()=33a3dde8-95b0-4e1c-a6e0-89bd12c14475] with tag: null
2024-05-01T14:00:09,792  INFO [e9b000e8-6482-4952-ad9b-9d9b72131e1a main] ql.Context: Deleting scratch dir: file:/home/alex/Repositories/hive/beeline/target/tmp/alex/e9b000e8-6482-4952-ad9b-9d9b72131e1a/hive_2024-05-01_14-00-09_744_4046646964081268158-1
2024-05-01T14:00:09,792  INFO [e9b000e8-6482-4952-ad9b-9d9b72131e1a main] cleanup.EventualCleanupService: Delete file:/home/alex/Repositories/hive/beeline/target/tmp/alex/e9b000e8-6482-4952-ad9b-9d9b72131e1a/hive_2024-05-01_14-00-09_744_4046646964081268158-1 operation was queued
2024-05-01T14:00:09,792  INFO [e9b000e8-6482-4952-ad9b-9d9b72131e1a main] exec.ListSinkOperator: Closing Operator: LIST_SINK[0]
2024-05-01T14:00:09,792  INFO [e9b000e8-6482-4952-ad9b-9d9b72131e1a main] exec.ListSinkOperator: RECORDS_OUT_INTERMEDIATE:0, RECORDS_OUT_OPERATOR_LIST_SINK_0:0, 
2024-05-01T14:00:09,792  INFO [e9b000e8-6482-4952-ad9b-9d9b72131e1a main] operation.SQLOperation: Closing operation log /home/alex/Repositories/hive/beeline/target/tmp/alex/operation_logs/e9b000e8-6482-4952-ad9b-9d9b72131e1a/alex_20240501140009_558469c0-fb71-439a-8c1f-00094d3a4300 without delay
2024-05-01T14:00:09,792  INFO [EventualCleanupService thread 0] cleanup.EventualCleanupService: Deleted file:/home/alex/Repositories/hive/beeline/target/tmp/alex/e9b000e8-6482-4952-ad9b-9d9b72131e1a/hive_2024-05-01_14-00-09_744_4046646964081268158-1
2024-05-01T14:00:09,793  INFO [main] service.CompositeService: Session closed, SessionHandle [e9b000e8-6482-4952-ad9b-9d9b72131e1a], current sessions:0
2024-05-01T14:00:09,793  INFO [e9b000e8-6482-4952-ad9b-9d9b72131e1a main] session.HiveSessionImpl: Operation log session directory is deleted: /home/alex/Repositories/hive/beeline/target/tmp/alex/operation_logs/e9b000e8-6482-4952-ad9b-9d9b72131e1a
2024-05-01T14:00:09,796  INFO [main] cleanup.EventualCleanupService: Delete /tmp/hive/alex/e9b000e8-6482-4952-ad9b-9d9b72131e1a operation was queued
2024-05-01T14:00:09,796  INFO [main] cleanup.EventualCleanupService: Delete /home/alex/Repositories/hive/beeline/target/tmp/alex/e9b000e8-6482-4952-ad9b-9d9b72131e1a operation was queued
2024-05-01T14:00:09,796  INFO [EventualCleanupService thread 1] cleanup.EventualCleanupService: Deleted /tmp/hive/alex/e9b000e8-6482-4952-ad9b-9d9b72131e1a
2024-05-01T14:00:09,796  INFO [EventualCleanupService thread 2] cleanup.EventualCleanupService: Deleted /home/alex/Repositories/hive/beeline/target/tmp/alex/e9b000e8-6482-4952-ad9b-9d9b72131e1a
2024-05-01T14:00:09,797  INFO [main] HiveMetaStore.audit: ugi=alex	ip=unknown-ip-addr	cmd=Cleaning up thread local RawStore...	
2024-05-01T14:00:09,797  INFO [main] metastore.ObjectStore: RawStore: org.apache.hadoop.hive.metastore.ObjectStore@72001c71, with PersistenceManager: org.datanucleus.api.jdo.JDOPersistenceManager@e7b0bec will be shutdown
2024-05-01T14:00:09,797  INFO [main] HiveMetaStore.audit: ugi=alex	ip=unknown-ip-addr	cmd=Done cleaning up thread local RawStore	
2024-05-01T14:00:09,797  INFO [main] metastore.HiveMetaStoreClient: Closed a connection to metastore, current connections: -14
2024-05-01T14:00:09,798 ERROR [main] cli.TestHiveCli: Failed due to the error:Connecting to jdbc:hive2://
Hive Session ID = 8bf7703b-bfb3-4b14-b2a3-bb13d69d6604
ivysettings.xml file not found in HIVE_HOME or HIVE_CONF_DIR,/home/alex/Repositories/hive/conf/ivysettings.xml will be used
ivysettings.xml file not found in HIVE_HOME or HIVE_CONF_DIR,/home/alex/Repositories/hive/conf/ivysettings.xml will be used
Connected to: Apache Hive (version 4.0.0-SNAPSHOT)
Error: Couldn't load manifest attributes. (state=,code=0)
Transaction isolation: TRANSACTION_REPEATABLE_READ
INFO  : Compiling command(queryId=alex_20240501140009_ce062730-ccef-40de-bdcd-d3a98aa30bdc): use test
INFO  : Semantic Analysis Completed (retrial = false)
INFO  : Created Hive schema: Schema(fieldSchemas:null, properties:null)
INFO  : Completed compiling command(queryId=alex_20240501140009_ce062730-ccef-40de-bdcd-d3a98aa30bdc); Time taken: 0.01 seconds
INFO  : Concurrency mode is disabled, not creating a lock manager
INFO  : Executing command(queryId=alex_20240501140009_ce062730-ccef-40de-bdcd-d3a98aa30bdc): use test
INFO  : Starting task [Stage-0:DDL] in serial mode
DEBUG : Task getting executed using mapred tag : alex_20240501140009_ce062730-ccef-40de-bdcd-d3a98aa30bdc,userid=null
INFO  : Completed executing command(queryId=alex_20240501140009_ce062730-ccef-40de-bdcd-d3a98aa30bdc); Time taken: 0.011 seconds
DEBUG : Shutting down query use test
Error: Failed to wait for operation to complete (state=08S01,code=0)
INFO  : Compiling command(queryId=alex_20240501140009_558469c0-fb71-439a-8c1f-00094d3a4300): show tables
INFO  : Semantic Analysis Completed (retrial = false)
INFO  : Created Hive schema: Schema(fieldSchemas:[FieldSchema(name:tab_name, type:string, comment:from deserializer)], properties:null)
INFO  : Completed compiling command(queryId=alex_20240501140009_558469c0-fb71-439a-8c1f-00094d3a4300); Time taken: 0.011 seconds
INFO  : Concurrency mode is disabled, not creating a lock manager
INFO  : Executing command(queryId=alex_20240501140009_558469c0-fb71-439a-8c1f-00094d3a4300): show tables
INFO  : Starting task [Stage-0:DDL] in serial mode
DEBUG : Task getting executed using mapred tag : alex_20240501140009_558469c0-fb71-439a-8c1f-00094d3a4300,userid=null
INFO  : Completed executing command(queryId=alex_20240501140009_558469c0-fb71-439a-8c1f-00094d3a4300); Time taken: 0.032 seconds
DEBUG : Shutting down query show tables
Error: Failed to wait for operation to complete (state=08S01,code=0)
Closing: 0: jdbc:hive2://

]]></system-err>
  </testcase>
  <testcase name="testCommentStripping" classname="org.apache.hive.beeline.cli.TestHiveCli" time="0.318"/>
  <testcase name="testUseCurrentDB1" classname="org.apache.hive.beeline.cli.TestHiveCli" time="0.289">
    <failure type="java.lang.AssertionError"><![CDATA[java.lang.AssertionError: 
The expected keyword "hive (testDB)>" occur in the output: Connecting to jdbc:hive2://
Hive Session ID = 87754f37-eb93-48da-8d19-68a94142208b
ivysettings.xml file not found in HIVE_HOME or HIVE_CONF_DIR,/home/alex/Repositories/hive/conf/ivysettings.xml will be used
ivysettings.xml file not found in HIVE_HOME or HIVE_CONF_DIR,/home/alex/Repositories/hive/conf/ivysettings.xml will be used
Connected to: Apache Hive (version 4.0.0-SNAPSHOT)
Error: Couldn't load manifest attributes. (state=,code=0)
Transaction isolation: TRANSACTION_REPEATABLE_READ
Beeline version ??? by Apache Hive
hive> create database if not exists testDB; set hive.cli.print.current.db=true;use testDB;
INFO  : Compiling command(queryId=alex_20240501140010_5a695b9a-574f-4bd2-937e-986c1b61dfe8): create database if not exists testDB
INFO  : Semantic Analysis Completed (retrial = false)
INFO  : Created Hive schema: Schema(fieldSchemas:null, properties:null)
INFO  : Completed compiling command(queryId=alex_20240501140010_5a695b9a-574f-4bd2-937e-986c1b61dfe8); Time taken: 0.008 seconds
INFO  : Concurrency mode is disabled, not creating a lock manager
INFO  : Executing command(queryId=alex_20240501140010_5a695b9a-574f-4bd2-937e-986c1b61dfe8): create database if not exists testDB
INFO  : Starting task [Stage-0:DDL] in serial mode
DEBUG : Task getting executed using mapred tag : alex_20240501140010_5a695b9a-574f-4bd2-937e-986c1b61dfe8,userid=null
INFO  : Completed executing command(queryId=alex_20240501140010_5a695b9a-574f-4bd2-937e-986c1b61dfe8); Time taken: 0.016 seconds
DEBUG : Shutting down query create database if not exists testDB
Error: Failed to wait for operation to complete (state=08S01,code=0)
hive> use default;drop if exists testDB;
INFO  : Compiling command(queryId=alex_20240501140010_3364dced-a59c-4c34-968e-526e7afd2ef8): use default
INFO  : Semantic Analysis Completed (retrial = false)
INFO  : Created Hive schema: Schema(fieldSchemas:null, properties:null)
INFO  : Completed compiling command(queryId=alex_20240501140010_3364dced-a59c-4c34-968e-526e7afd2ef8); Time taken: 0.003 seconds
INFO  : Concurrency mode is disabled, not creating a lock manager
INFO  : Executing command(queryId=alex_20240501140010_3364dced-a59c-4c34-968e-526e7afd2ef8): use default
INFO  : Starting task [Stage-0:DDL] in serial mode
DEBUG : Task getting executed using mapred tag : alex_20240501140010_3364dced-a59c-4c34-968e-526e7afd2ef8,userid=null
INFO  : Completed executing command(queryId=alex_20240501140010_3364dced-a59c-4c34-968e-526e7afd2ef8); Time taken: 0.011 seconds
DEBUG : Shutting down query use default
Error: Failed to wait for operation to complete (state=08S01,code=0)
hive> Closing: 0: jdbc:hive2://

	at org.junit.Assert.fail(Assert.java:89)
	at org.junit.Assert.assertTrue(Assert.java:42)
	at org.apache.hive.beeline.cli.TestHiveCli.verifyCMD(TestHiveCli.java:270)
	at org.apache.hive.beeline.cli.TestHiveCli.testUseCurrentDB1(TestHiveCli.java:212)
	at sun.reflect.NativeMethodAccessorImpl.invoke0(Native Method)
	at sun.reflect.NativeMethodAccessorImpl.invoke(NativeMethodAccessorImpl.java:62)
	at sun.reflect.DelegatingMethodAccessorImpl.invoke(DelegatingMethodAccessorImpl.java:43)
	at java.lang.reflect.Method.invoke(Method.java:498)
	at org.junit.runners.model.FrameworkMethod$1.runReflectiveCall(FrameworkMethod.java:59)
	at org.junit.internal.runners.model.ReflectiveCallable.run(ReflectiveCallable.java:12)
	at org.junit.runners.model.FrameworkMethod.invokeExplosively(FrameworkMethod.java:56)
	at org.junit.internal.runners.statements.InvokeMethod.evaluate(InvokeMethod.java:17)
	at org.junit.internal.runners.statements.RunBefores.evaluate(RunBefores.java:26)
	at org.junit.internal.runners.statements.RunAfters.evaluate(RunAfters.java:27)
	at org.junit.runners.ParentRunner$3.evaluate(ParentRunner.java:306)
	at org.junit.runners.BlockJUnit4ClassRunner$1.evaluate(BlockJUnit4ClassRunner.java:100)
	at org.junit.runners.ParentRunner.runLeaf(ParentRunner.java:366)
	at org.junit.runners.BlockJUnit4ClassRunner.runChild(BlockJUnit4ClassRunner.java:103)
	at org.junit.runners.BlockJUnit4ClassRunner.runChild(BlockJUnit4ClassRunner.java:63)
	at org.junit.runners.ParentRunner$4.run(ParentRunner.java:331)
	at org.junit.runners.ParentRunner$1.schedule(ParentRunner.java:79)
	at org.junit.runners.ParentRunner.runChildren(ParentRunner.java:329)
	at org.junit.runners.ParentRunner.access$100(ParentRunner.java:66)
	at org.junit.runners.ParentRunner$2.evaluate(ParentRunner.java:293)
	at org.junit.internal.runners.statements.RunBefores.evaluate(RunBefores.java:26)
	at org.junit.runners.ParentRunner$3.evaluate(ParentRunner.java:306)
	at org.junit.runners.ParentRunner.run(ParentRunner.java:413)
	at org.junit.runner.JUnitCore.run(JUnitCore.java:137)
	at org.junit.runner.JUnitCore.run(JUnitCore.java:115)
	at org.junit.vintage.engine.execution.RunnerExecutor.execute(RunnerExecutor.java:43)
	at java.util.stream.ForEachOps$ForEachOp$OfRef.accept(ForEachOps.java:183)
	at java.util.stream.ReferencePipeline$3$1.accept(ReferencePipeline.java:193)
	at java.util.Iterator.forEachRemaining(Iterator.java:116)
	at java.util.Spliterators$IteratorSpliterator.forEachRemaining(Spliterators.java:1801)
	at java.util.stream.AbstractPipeline.copyInto(AbstractPipeline.java:482)
	at java.util.stream.AbstractPipeline.wrapAndCopyInto(AbstractPipeline.java:472)
	at java.util.stream.ForEachOps$ForEachOp.evaluateSequential(ForEachOps.java:150)
	at java.util.stream.ForEachOps$ForEachOp$OfRef.evaluateSequential(ForEachOps.java:173)
	at java.util.stream.AbstractPipeline.evaluate(AbstractPipeline.java:234)
	at java.util.stream.ReferencePipeline.forEach(ReferencePipeline.java:485)
	at org.junit.vintage.engine.VintageTestEngine.executeAllChildren(VintageTestEngine.java:82)
	at org.junit.vintage.engine.VintageTestEngine.execute(VintageTestEngine.java:73)
	at org.junit.platform.launcher.core.DefaultLauncher.execute(DefaultLauncher.java:248)
	at org.junit.platform.launcher.core.DefaultLauncher.lambda$execute$5(DefaultLauncher.java:211)
	at org.junit.platform.launcher.core.DefaultLauncher.withInterceptedStreams(DefaultLauncher.java:226)
	at org.junit.platform.launcher.core.DefaultLauncher.execute(DefaultLauncher.java:199)
	at org.junit.platform.launcher.core.DefaultLauncher.execute(DefaultLauncher.java:132)
	at org.apache.maven.surefire.junitplatform.JUnitPlatformProvider.invokeAllTests(JUnitPlatformProvider.java:154)
	at org.apache.maven.surefire.junitplatform.JUnitPlatformProvider.invoke(JUnitPlatformProvider.java:123)
	at org.apache.maven.surefire.booter.ForkedBooter.runSuitesInProcess(ForkedBooter.java:377)
	at org.apache.maven.surefire.booter.ForkedBooter.execute(ForkedBooter.java:138)
	at org.apache.maven.surefire.booter.ForkedBooter.run(ForkedBooter.java:465)
	at org.apache.maven.surefire.booter.ForkedBooter.main(ForkedBooter.java:451)
]]></failure>
    <system-err><![CDATA[2024-05-01T14:00:10,118 ERROR [main] cli.TestHiveCli: Failed to execute command due to the error: java.lang.NullPointerException: Null output stream
2024-05-01T14:00:10,181  WARN [main] conf.HiveConf: HiveConf of name hive.dummyparam.test.server.specific.config.override does not exist
2024-05-01T14:00:10,181  WARN [main] conf.HiveConf: HiveConf of name hive.dummyparam.test.server.specific.config.hiveserver2site does not exist
2024-05-01T14:00:10,182  WARN [main] conf.HiveConf: HiveConf of name hive.dummyparam.test.server.specific.config.metastoresite does not exist
2024-05-01T14:00:10,183  INFO [main] SessionState: Hive Session ID = 87754f37-eb93-48da-8d19-68a94142208b
2024-05-01T14:00:10,184  INFO [main] DependencyResolver: ivysettings.xml file not found in HIVE_HOME or HIVE_CONF_DIR,/home/alex/Repositories/hive/conf/ivysettings.xml will be used
2024-05-01T14:00:10,191  INFO [main] session.SessionState: Created HDFS directory: /tmp/hive/alex/87754f37-eb93-48da-8d19-68a94142208b
2024-05-01T14:00:10,199  INFO [main] session.SessionState: Created local directory: /home/alex/Repositories/hive/beeline/target/tmp/alex/87754f37-eb93-48da-8d19-68a94142208b
2024-05-01T14:00:10,203  INFO [main] session.SessionState: Created HDFS directory: /tmp/hive/alex/87754f37-eb93-48da-8d19-68a94142208b/_tmp_space.db
2024-05-01T14:00:10,204  INFO [main] sqlstd.SQLStdHiveAccessController: Created SQLStdHiveAccessController for session context : HiveAuthzSessionContext [sessionString=87754f37-eb93-48da-8d19-68a94142208b, clientType=HIVESERVER2]
2024-05-01T14:00:10,205  INFO [main] metastore.HiveMetaStoreClient: HMS client filtering is enabled.
2024-05-01T14:00:10,206  INFO [main] metastore.HMSHandler: 0: Opening raw store with implementation class:org.apache.hadoop.hive.metastore.ObjectStore
2024-05-01T14:00:10,206  INFO [main] metastore.PersistenceManagerProvider: Configuration datanucleus.autoStartMechanismMode is not set. Defaulting to 'ignored'
2024-05-01T14:00:10,206  INFO [main] metastore.ObjectStore: RawStore: org.apache.hadoop.hive.metastore.ObjectStore@534d0e20, with PersistenceManager: null will be shutdown
2024-05-01T14:00:10,206  INFO [main] metastore.ObjectStore: RawStore: org.apache.hadoop.hive.metastore.ObjectStore@534d0e20, with PersistenceManager: org.datanucleus.api.jdo.JDOPersistenceManager@7d18338b created in the thread with id: 1
2024-05-01T14:00:10,209  INFO [main] metastore.HMSHandler: Created RawStore: org.apache.hadoop.hive.metastore.ObjectStore@534d0e20 from thread id: 1
2024-05-01T14:00:10,209  INFO [main] metastore.HMSHandler: HMS server filtering is disabled by configuration
2024-05-01T14:00:10,209  INFO [main] metastore.RetryingMetaStoreClient: RetryingMetaStoreClient proxy=class org.apache.hadoop.hive.ql.metadata.SessionHiveMetaStoreClient ugi=alex (auth:SIMPLE) retries=1 delay=1 lifetime=0
2024-05-01T14:00:10,210  INFO [main] service.CompositeService: Operation log root directory is created: /home/alex/Repositories/hive/beeline/target/tmp/alex/operation_logs
2024-05-01T14:00:10,210  INFO [main] service.CompositeService: HiveServer2: Background operation thread pool size: 100
2024-05-01T14:00:10,210  INFO [main] service.CompositeService: HiveServer2: Background operation thread wait queue size: 100
2024-05-01T14:00:10,210  INFO [main] service.CompositeService: HiveServer2: Background operation thread keepalive time: 10 seconds
2024-05-01T14:00:10,210  INFO [main] service.CompositeService: Connections limit are user: 0 ipaddress: 0 user-ipaddress: 0
2024-05-01T14:00:10,212  INFO [main] cleanup.EventualCleanupService: EventualCleanupService started with 10 threads and queue of size 10000
ERROR StatusLogger Log4j2 ConfigurationScheduler attempted to increment scheduled items after start
ERROR StatusLogger Log4j2 ConfigurationScheduler attempted to increment scheduled items after start
2024-05-01T14:00:10,214  INFO [main] service.AbstractService: Service:OperationManager is inited.
2024-05-01T14:00:10,214  INFO [main] service.AbstractService: Service:SessionManager is inited.
2024-05-01T14:00:10,214  INFO [main] service.AbstractService: Service:CLIService is inited.
2024-05-01T14:00:10,214  INFO [main] service.AbstractService: Service:OperationManager is started.
2024-05-01T14:00:10,214  INFO [main] service.AbstractService: Service:SessionManager is started.
2024-05-01T14:00:10,214  INFO [main] service.AbstractService: Service:CLIService is started.
2024-05-01T14:00:10,214  INFO [main] service.AbstractService: Service:ThriftBinaryCLIService is inited.
2024-05-01T14:00:10,214  INFO [main] thrift.ThriftCLIService: Client protocol version: HIVE_CLI_SERVICE_PROTOCOL_V10
2024-05-01T14:00:10,214  INFO [main] thrift.ThriftCLIService: Creating Hive session handle for user [null] from IP null
2024-05-01T14:00:10,216  INFO [main] DependencyResolver: ivysettings.xml file not found in HIVE_HOME or HIVE_CONF_DIR,/home/alex/Repositories/hive/conf/ivysettings.xml will be used
2024-05-01T14:00:10,224  INFO [main] session.SessionState: Created HDFS directory: /tmp/hive/alex/40337121-8fb1-4193-9cb7-a74c6f4da85f
2024-05-01T14:00:10,229  INFO [main] session.SessionState: Created local directory: /home/alex/Repositories/hive/beeline/target/tmp/alex/40337121-8fb1-4193-9cb7-a74c6f4da85f
2024-05-01T14:00:10,233  INFO [main] session.SessionState: Created HDFS directory: /tmp/hive/alex/40337121-8fb1-4193-9cb7-a74c6f4da85f/_tmp_space.db
2024-05-01T14:00:10,234  INFO [main] session.SessionState: Reloading auxiliary JAR files
2024-05-01T14:00:10,234  WARN [main] session.SessionState: Configuration hive.reloadable.aux.jars.path not specified
2024-05-01T14:00:10,234  INFO [main] HiveMetaStore.audit: ugi=alex	ip=unknown-ip-addr	cmd=Cleaning up thread local RawStore...	
2024-05-01T14:00:10,235  INFO [main] metastore.ObjectStore: RawStore: org.apache.hadoop.hive.metastore.ObjectStore@534d0e20, with PersistenceManager: org.datanucleus.api.jdo.JDOPersistenceManager@7d18338b will be shutdown
2024-05-01T14:00:10,235  INFO [main] HiveMetaStore.audit: ugi=alex	ip=unknown-ip-addr	cmd=Done cleaning up thread local RawStore	
2024-05-01T14:00:10,235  INFO [main] metastore.HiveMetaStoreClient: Closed a connection to metastore, current connections: -16
2024-05-01T14:00:10,235  INFO [main] session.HiveSessionImpl: Operation log session directory is created: /home/alex/Repositories/hive/beeline/target/tmp/alex/operation_logs/40337121-8fb1-4193-9cb7-a74c6f4da85f
2024-05-01T14:00:10,235  INFO [main] service.CompositeService: Session opened, SessionHandle [40337121-8fb1-4193-9cb7-a74c6f4da85f], current sessions:1
2024-05-01T14:00:10,235  INFO [main] thrift.ThriftCLIService: Login attempt is successful for user : null
2024-05-01T14:00:10,295  WARN [main] conf.HiveConf: HiveConf of name hive.dummyparam.test.server.specific.config.override does not exist
2024-05-01T14:00:10,296  WARN [main] conf.HiveConf: HiveConf of name hive.dummyparam.test.server.specific.config.hiveserver2site does not exist
2024-05-01T14:00:10,296  WARN [main] conf.HiveConf: HiveConf of name hive.dummyparam.test.server.specific.config.metastoresite does not exist
2024-05-01T14:00:10,297  INFO [40337121-8fb1-4193-9cb7-a74c6f4da85f main] session.HiveSessionImpl: executing set
2024-05-01T14:00:10,297  INFO [40337121-8fb1-4193-9cb7-a74c6f4da85f main] operation.HiveCommandOperation: Putting temp output to file /home/alex/Repositories/hive/beeline/target/tmp/alex/40337121-8fb1-4193-9cb7-a74c6f4da85f5905767484783465993.pipeout and error output to file /home/alex/Repositories/hive/beeline/target/tmp/alex/40337121-8fb1-4193-9cb7-a74c6f4da85f206690426168726090.pipeout
2024-05-01T14:00:10,298  INFO [40337121-8fb1-4193-9cb7-a74c6f4da85f main] operation.OperationManager: Adding operation: OperationHandle [opType=EXECUTE_STATEMENT, getHandleIdentifier()=70ac1231-b3a7-496f-84e8-e8c89bd393fa] SessionHandle [40337121-8fb1-4193-9cb7-a74c6f4da85f]
2024-05-01T14:00:10,298  INFO [40337121-8fb1-4193-9cb7-a74c6f4da85f main] common.LogUtils: Thread context registration is done.
DEBUG StatusLogger Building Plugin[name=filter, class=org.apache.hadoop.hive.ql.log.LogDivertAppender$NameFilter].
DEBUG StatusLogger createFilter(loggingLevel="EXECUTION")
DEBUG StatusLogger Building Plugin[name=layout, class=org.apache.logging.log4j.core.layout.PatternLayout].
DEBUG StatusLogger PatternLayout$Builder(pattern="%-5p : %m%n", PatternSelector=null, Configuration(HiveLog4j2Test), Replace=null, charset="null", alwaysWriteExceptions="null", disableAnsi="null", noConsoleNoAnsi="null", header="null", footer="null")
DEBUG StatusLogger Building Plugin[name=appender, class=org.apache.hadoop.hive.ql.log.HushableRandomAccessFileAppender].
DEBUG StatusLogger createAppender(fileName="/home/alex/Repositories/hive/beeline/target/tmp/alex/operation_logs/40337121-8fb1-4193-9cb7-a74c6f4da85f/alex_20240501140010_1740a701-320d-4ecc-8156-f1ba93c7e593", append="null", name="query-file-appender", immediateFlush="null", bufferSize="null", ignoreExceptions="null", PatternLayout(org.apache.logging.log4j.core.layout.PatternLayout with name PatternLayout), NameFilter(org.apache.hadoop.hive.ql.log.LogDivertAppender$NameFilter with name NameFilter), advertise="null", advertiseURI="null", Configuration(HiveLog4j2Test))
DEBUG StatusLogger Starting RandomAccessFileManager /home/alex/Repositories/hive/beeline/target/tmp/alex/operation_logs/40337121-8fb1-4193-9cb7-a74c6f4da85f/alex_20240501140010_1740a701-320d-4ecc-8156-f1ba93c7e593
DEBUG StatusLogger Building Plugin[name=, class=org.apache.hadoop.hive.ql.log.LogDivertAppenderForTest$TestFilter].
DEBUG StatusLogger createFilter()
DEBUG StatusLogger Building Plugin[name=, class=org.apache.logging.log4j.core.layout.PatternLayout].
DEBUG StatusLogger PatternLayout$Builder(pattern="%-5p : %m%n", PatternSelector=null, Configuration(HiveLog4j2Test), Replace=null, charset="null", alwaysWriteExceptions="null", disableAnsi="null", noConsoleNoAnsi="null", header="null", footer="null")
DEBUG StatusLogger Building Plugin[name=appender, class=org.apache.hadoop.hive.ql.log.HushableRandomAccessFileAppender].
DEBUG StatusLogger createAppender(fileName="/home/alex/Repositories/hive/beeline/target/tmp/alex/operation_logs/40337121-8fb1-4193-9cb7-a74c6f4da85f/alex_20240501140010_1740a701-320d-4ecc-8156-f1ba93c7e593.test", append="null", name="test-query-file-appender", immediateFlush="null", bufferSize="null", ignoreExceptions="null", PatternLayout(org.apache.logging.log4j.core.layout.PatternLayout with name PatternLayout), test-filter(org.apache.hadoop.hive.ql.log.LogDivertAppenderForTest$TestFilter with name test-filter), advertise="null", advertiseURI="null", Configuration(HiveLog4j2Test))
DEBUG StatusLogger Starting RandomAccessFileManager /home/alex/Repositories/hive/beeline/target/tmp/alex/operation_logs/40337121-8fb1-4193-9cb7-a74c6f4da85f/alex_20240501140010_1740a701-320d-4ecc-8156-f1ba93c7e593.test
2024-05-01T14:00:10,303  INFO [40337121-8fb1-4193-9cb7-a74c6f4da85f main] operation.HiveCommandOperation: [opType=EXECUTE_STATEMENT, queryId=alex_20240501140010_1740a701-320d-4ecc-8156-f1ba93c7e593, startTime=1714597210297, sessionId=40337121-8fb1-4193-9cb7-a74c6f4da85f, createTime=1714597210214, userName=null, ipAddress=null]
2024-05-01T14:00:10,316  INFO [40337121-8fb1-4193-9cb7-a74c6f4da85f main] common.LogUtils: Unregistered logging context.
2024-05-01T14:00:10,319  INFO [40337121-8fb1-4193-9cb7-a74c6f4da85f main] operation.OperationManager: Closing operation: OperationHandle [opType=EXECUTE_STATEMENT, getHandleIdentifier()=70ac1231-b3a7-496f-84e8-e8c89bd393fa]
2024-05-01T14:00:10,319  INFO [40337121-8fb1-4193-9cb7-a74c6f4da85f main] operation.OperationManager: Removed queryId: alex_20240501140010_1740a701-320d-4ecc-8156-f1ba93c7e593 corresponding to operation: OperationHandle [opType=EXECUTE_STATEMENT, getHandleIdentifier()=70ac1231-b3a7-496f-84e8-e8c89bd393fa] with tag: null
2024-05-01T14:00:10,320  INFO [40337121-8fb1-4193-9cb7-a74c6f4da85f main] operation.HiveCommandOperation: Closing operation log /home/alex/Repositories/hive/beeline/target/tmp/alex/operation_logs/40337121-8fb1-4193-9cb7-a74c6f4da85f/alex_20240501140010_1740a701-320d-4ecc-8156-f1ba93c7e593 without delay
2024-05-01T14:00:10,333  INFO [40337121-8fb1-4193-9cb7-a74c6f4da85f main] session.HiveSessionImpl: executing create database if not exists testDB
2024-05-01T14:00:10,335  INFO [40337121-8fb1-4193-9cb7-a74c6f4da85f main] operation.OperationManager: Adding operation: OperationHandle [opType=EXECUTE_STATEMENT, getHandleIdentifier()=7cf9a707-bf9b-4c32-bfbf-d4c96586eafe] SessionHandle [40337121-8fb1-4193-9cb7-a74c6f4da85f]
2024-05-01T14:00:10,335  INFO [40337121-8fb1-4193-9cb7-a74c6f4da85f main] common.LogUtils: Thread context registration is done.
DEBUG StatusLogger Building Plugin[name=filter, class=org.apache.hadoop.hive.ql.log.LogDivertAppender$NameFilter].
DEBUG StatusLogger createFilter(loggingLevel="EXECUTION")
DEBUG StatusLogger Building Plugin[name=layout, class=org.apache.logging.log4j.core.layout.PatternLayout].
DEBUG StatusLogger PatternLayout$Builder(pattern="%-5p : %m%n", PatternSelector=null, Configuration(HiveLog4j2Test), Replace=null, charset="null", alwaysWriteExceptions="null", disableAnsi="null", noConsoleNoAnsi="null", header="null", footer="null")
DEBUG StatusLogger Building Plugin[name=appender, class=org.apache.hadoop.hive.ql.log.HushableRandomAccessFileAppender].
DEBUG StatusLogger createAppender(fileName="/home/alex/Repositories/hive/beeline/target/tmp/alex/operation_logs/40337121-8fb1-4193-9cb7-a74c6f4da85f/alex_20240501140010_5a695b9a-574f-4bd2-937e-986c1b61dfe8", append="null", name="query-file-appender", immediateFlush="null", bufferSize="null", ignoreExceptions="null", PatternLayout(org.apache.logging.log4j.core.layout.PatternLayout with name PatternLayout), NameFilter(org.apache.hadoop.hive.ql.log.LogDivertAppender$NameFilter with name NameFilter), advertise="null", advertiseURI="null", Configuration(HiveLog4j2Test))
DEBUG StatusLogger Starting RandomAccessFileManager /home/alex/Repositories/hive/beeline/target/tmp/alex/operation_logs/40337121-8fb1-4193-9cb7-a74c6f4da85f/alex_20240501140010_5a695b9a-574f-4bd2-937e-986c1b61dfe8
DEBUG StatusLogger Building Plugin[name=, class=org.apache.hadoop.hive.ql.log.LogDivertAppenderForTest$TestFilter].
DEBUG StatusLogger createFilter()
DEBUG StatusLogger Building Plugin[name=, class=org.apache.logging.log4j.core.layout.PatternLayout].
DEBUG StatusLogger PatternLayout$Builder(pattern="%-5p : %m%n", PatternSelector=null, Configuration(HiveLog4j2Test), Replace=null, charset="null", alwaysWriteExceptions="null", disableAnsi="null", noConsoleNoAnsi="null", header="null", footer="null")
DEBUG StatusLogger Building Plugin[name=appender, class=org.apache.hadoop.hive.ql.log.HushableRandomAccessFileAppender].
DEBUG StatusLogger createAppender(fileName="/home/alex/Repositories/hive/beeline/target/tmp/alex/operation_logs/40337121-8fb1-4193-9cb7-a74c6f4da85f/alex_20240501140010_5a695b9a-574f-4bd2-937e-986c1b61dfe8.test", append="null", name="test-query-file-appender", immediateFlush="null", bufferSize="null", ignoreExceptions="null", PatternLayout(org.apache.logging.log4j.core.layout.PatternLayout with name PatternLayout), test-filter(org.apache.hadoop.hive.ql.log.LogDivertAppenderForTest$TestFilter with name test-filter), advertise="null", advertiseURI="null", Configuration(HiveLog4j2Test))
DEBUG StatusLogger Starting RandomAccessFileManager /home/alex/Repositories/hive/beeline/target/tmp/alex/operation_logs/40337121-8fb1-4193-9cb7-a74c6f4da85f/alex_20240501140010_5a695b9a-574f-4bd2-937e-986c1b61dfe8.test
2024-05-01T14:00:10,340  INFO [40337121-8fb1-4193-9cb7-a74c6f4da85f main] operation.SQLOperation: [opType=EXECUTE_STATEMENT, queryId=alex_20240501140010_5a695b9a-574f-4bd2-937e-986c1b61dfe8, startTime=1714597210334, sessionId=40337121-8fb1-4193-9cb7-a74c6f4da85f, createTime=1714597210214, userName=null, ipAddress=null]
2024-05-01T14:00:10,341  INFO [40337121-8fb1-4193-9cb7-a74c6f4da85f main] ql.Driver: Compiling command(queryId=alex_20240501140010_5a695b9a-574f-4bd2-937e-986c1b61dfe8): create database if not exists testDB
2024-05-01T14:00:10,342  INFO [40337121-8fb1-4193-9cb7-a74c6f4da85f main] metastore.HiveMetaStoreClient: HMS client filtering is enabled.
2024-05-01T14:00:10,342  INFO [40337121-8fb1-4193-9cb7-a74c6f4da85f main] metastore.HMSHandler: 0: Opening raw store with implementation class:org.apache.hadoop.hive.metastore.ObjectStore
2024-05-01T14:00:10,342  INFO [40337121-8fb1-4193-9cb7-a74c6f4da85f main] metastore.PersistenceManagerProvider: Configuration datanucleus.autoStartMechanismMode is not set. Defaulting to 'ignored'
2024-05-01T14:00:10,343  INFO [40337121-8fb1-4193-9cb7-a74c6f4da85f main] metastore.ObjectStore: RawStore: org.apache.hadoop.hive.metastore.ObjectStore@1f6c4ae, with PersistenceManager: null will be shutdown
2024-05-01T14:00:10,344  INFO [40337121-8fb1-4193-9cb7-a74c6f4da85f main] metastore.ObjectStore: RawStore: org.apache.hadoop.hive.metastore.ObjectStore@1f6c4ae, with PersistenceManager: org.datanucleus.api.jdo.JDOPersistenceManager@26270b77 created in the thread with id: 1
2024-05-01T14:00:10,347  INFO [40337121-8fb1-4193-9cb7-a74c6f4da85f main] metastore.HMSHandler: Created RawStore: org.apache.hadoop.hive.metastore.ObjectStore@1f6c4ae from thread id: 1
2024-05-01T14:00:10,347  INFO [40337121-8fb1-4193-9cb7-a74c6f4da85f main] metastore.HMSHandler: HMS server filtering is disabled by configuration
2024-05-01T14:00:10,348  INFO [40337121-8fb1-4193-9cb7-a74c6f4da85f main] metastore.RetryingMetaStoreClient: RetryingMetaStoreClient proxy=class org.apache.hadoop.hive.ql.metadata.SessionHiveMetaStoreClient ugi=alex (auth:SIMPLE) retries=1 delay=1 lifetime=0
2024-05-01T14:00:10,348  INFO [40337121-8fb1-4193-9cb7-a74c6f4da85f main] ql.Driver: Semantic Analysis Completed (retrial = false)
2024-05-01T14:00:10,349  INFO [40337121-8fb1-4193-9cb7-a74c6f4da85f main] ql.Driver: Created Hive schema: Schema(fieldSchemas:null, properties:null)
2024-05-01T14:00:10,349  INFO [40337121-8fb1-4193-9cb7-a74c6f4da85f main] metadata.Hive: Dumping metastore api call timing information for : compilation phase
2024-05-01T14:00:10,349  INFO [40337121-8fb1-4193-9cb7-a74c6f4da85f main] metadata.Hive: Total time spent in each metastore function (ms): {isCompatibleWith_(Configuration)=0, flushCache_()=0}
2024-05-01T14:00:10,349  INFO [40337121-8fb1-4193-9cb7-a74c6f4da85f main] ql.Driver: Completed compiling command(queryId=alex_20240501140010_5a695b9a-574f-4bd2-937e-986c1b61dfe8); Time taken: 0.008 seconds
2024-05-01T14:00:10,349  INFO [40337121-8fb1-4193-9cb7-a74c6f4da85f main] common.LogUtils: Unregistered logging context.
2024-05-01T14:00:10,350  INFO [HiveServer2-Background-Pool: Thread-304] common.LogUtils: Thread context registration is done.
2024-05-01T14:00:10,350  INFO [HiveServer2-Background-Pool: Thread-304] reexec.ReExecDriver: Execution #1 of query
2024-05-01T14:00:10,350  INFO [HiveServer2-Background-Pool: Thread-304] ql.Driver: Concurrency mode is disabled, not creating a lock manager
2024-05-01T14:00:10,351  INFO [HiveServer2-Background-Pool: Thread-304] ql.Driver: Executing command(queryId=alex_20240501140010_5a695b9a-574f-4bd2-937e-986c1b61dfe8): create database if not exists testDB
2024-05-01T14:00:10,351  INFO [HiveServer2-Background-Pool: Thread-304] ql.Driver: Starting task [Stage-0:DDL] in serial mode
2024-05-01T14:00:10,352  INFO [HiveServer2-Background-Pool: Thread-304] sqlstd.SQLStdHiveAccessController: Created SQLStdHiveAccessController for session context : HiveAuthzSessionContext [sessionString=40337121-8fb1-4193-9cb7-a74c6f4da85f, clientType=HIVESERVER2]
2024-05-01T14:00:10,352  WARN [HiveServer2-Background-Pool: Thread-304] exec.DDLTask: metastore.warehouse.external.dir is not set, falling back to metastore.warehouse.dir. This could cause external tables to use to managed tablespace.
2024-05-01T14:00:10,352  INFO [HiveServer2-Background-Pool: Thread-304] HiveMetaStore.audit: ugi=alex	ip=unknown-ip-addr	cmd=create_database: Database(name:testDB, description:null, locationUri:file:/home/alex/Repositories/hive/beeline/target/tmp/warehouse/testdb.db, parameters:null, ownerName:alex, ownerType:USER, catalogName:hive, type:NATIVE)	
2024-05-01T14:00:10,353  INFO [HiveServer2-Background-Pool: Thread-304] metastore.HMSHandler: 14: Opening raw store with implementation class:org.apache.hadoop.hive.metastore.ObjectStore
2024-05-01T14:00:10,354  INFO [HiveServer2-Background-Pool: Thread-304] metastore.ObjectStore: RawStore: org.apache.hadoop.hive.metastore.ObjectStore@2af12d8, with PersistenceManager: null will be shutdown
2024-05-01T14:00:10,354  INFO [HiveServer2-Background-Pool: Thread-304] metastore.ObjectStore: RawStore: org.apache.hadoop.hive.metastore.ObjectStore@2af12d8, with PersistenceManager: org.datanucleus.api.jdo.JDOPersistenceManager@47ad9ce9 created in the thread with id: 304
2024-05-01T14:00:10,357  INFO [HiveServer2-Background-Pool: Thread-304] metastore.HMSHandler: Created RawStore: org.apache.hadoop.hive.metastore.ObjectStore@2af12d8 from thread id: 304
2024-05-01T14:00:10,359  INFO [HiveServer2-Background-Pool: Thread-304] metastore.HMSHandler: Creating database path in external directory file:/home/alex/Repositories/hive/beeline/target/tmp/warehouse/testdb.db
2024-05-01T14:00:10,359  INFO [HiveServer2-Background-Pool: Thread-304] utils.FileUtils: Creating directory if it doesn't exist: file:/home/alex/Repositories/hive/beeline/target/tmp/warehouse/testdb.db
2024-05-01T14:00:10,364  INFO [HiveServer2-Background-Pool: Thread-304] metastore.HMSHandler: Created database path in external directory file:/home/alex/Repositories/hive/beeline/target/tmp/warehouse/testdb.db
2024-05-01T14:00:10,367  INFO [HiveServer2-Background-Pool: Thread-304] metadata.Hive: Dumping metastore api call timing information for : execution phase
2024-05-01T14:00:10,367  INFO [HiveServer2-Background-Pool: Thread-304] metadata.Hive: Total time spent in each metastore function (ms): {isCompatibleWith_(Configuration)=0, createDatabase_(Database)=15}
2024-05-01T14:00:10,368  INFO [HiveServer2-Background-Pool: Thread-304] ql.Driver: Completed executing command(queryId=alex_20240501140010_5a695b9a-574f-4bd2-937e-986c1b61dfe8); Time taken: 0.016 seconds
2024-05-01T14:00:10,368  INFO [HiveServer2-Background-Pool: Thread-304] common.LogUtils: Unregistered logging context.
2024-05-01T14:00:10,370  INFO [40337121-8fb1-4193-9cb7-a74c6f4da85f main] operation.OperationManager: Closing operation: OperationHandle [opType=EXECUTE_STATEMENT, getHandleIdentifier()=7cf9a707-bf9b-4c32-bfbf-d4c96586eafe]
2024-05-01T14:00:10,370  INFO [40337121-8fb1-4193-9cb7-a74c6f4da85f main] operation.OperationManager: Removed queryId: alex_20240501140010_5a695b9a-574f-4bd2-937e-986c1b61dfe8 corresponding to operation: OperationHandle [opType=EXECUTE_STATEMENT, getHandleIdentifier()=7cf9a707-bf9b-4c32-bfbf-d4c96586eafe] with tag: null
2024-05-01T14:00:10,370  INFO [40337121-8fb1-4193-9cb7-a74c6f4da85f main] operation.SQLOperation: Closing operation log /home/alex/Repositories/hive/beeline/target/tmp/alex/operation_logs/40337121-8fb1-4193-9cb7-a74c6f4da85f/alex_20240501140010_5a695b9a-574f-4bd2-937e-986c1b61dfe8 without delay
2024-05-01T14:00:10,376  INFO [40337121-8fb1-4193-9cb7-a74c6f4da85f main] session.HiveSessionImpl: executing use default
2024-05-01T14:00:10,377  INFO [40337121-8fb1-4193-9cb7-a74c6f4da85f main] operation.OperationManager: Adding operation: OperationHandle [opType=EXECUTE_STATEMENT, getHandleIdentifier()=701e6c81-9189-42aa-b824-b04f08bdbfd8] SessionHandle [40337121-8fb1-4193-9cb7-a74c6f4da85f]
2024-05-01T14:00:10,378  INFO [40337121-8fb1-4193-9cb7-a74c6f4da85f main] common.LogUtils: Thread context registration is done.
DEBUG StatusLogger Building Plugin[name=filter, class=org.apache.hadoop.hive.ql.log.LogDivertAppender$NameFilter].
DEBUG StatusLogger createFilter(loggingLevel="EXECUTION")
DEBUG StatusLogger Building Plugin[name=layout, class=org.apache.logging.log4j.core.layout.PatternLayout].
DEBUG StatusLogger PatternLayout$Builder(pattern="%-5p : %m%n", PatternSelector=null, Configuration(HiveLog4j2Test), Replace=null, charset="null", alwaysWriteExceptions="null", disableAnsi="null", noConsoleNoAnsi="null", header="null", footer="null")
DEBUG StatusLogger Building Plugin[name=appender, class=org.apache.hadoop.hive.ql.log.HushableRandomAccessFileAppender].
DEBUG StatusLogger createAppender(fileName="/home/alex/Repositories/hive/beeline/target/tmp/alex/operation_logs/40337121-8fb1-4193-9cb7-a74c6f4da85f/alex_20240501140010_3364dced-a59c-4c34-968e-526e7afd2ef8", append="null", name="query-file-appender", immediateFlush="null", bufferSize="null", ignoreExceptions="null", PatternLayout(org.apache.logging.log4j.core.layout.PatternLayout with name PatternLayout), NameFilter(org.apache.hadoop.hive.ql.log.LogDivertAppender$NameFilter with name NameFilter), advertise="null", advertiseURI="null", Configuration(HiveLog4j2Test))
DEBUG StatusLogger Starting RandomAccessFileManager /home/alex/Repositories/hive/beeline/target/tmp/alex/operation_logs/40337121-8fb1-4193-9cb7-a74c6f4da85f/alex_20240501140010_3364dced-a59c-4c34-968e-526e7afd2ef8
DEBUG StatusLogger Building Plugin[name=, class=org.apache.hadoop.hive.ql.log.LogDivertAppenderForTest$TestFilter].
DEBUG StatusLogger createFilter()
DEBUG StatusLogger Building Plugin[name=, class=org.apache.logging.log4j.core.layout.PatternLayout].
DEBUG StatusLogger PatternLayout$Builder(pattern="%-5p : %m%n", PatternSelector=null, Configuration(HiveLog4j2Test), Replace=null, charset="null", alwaysWriteExceptions="null", disableAnsi="null", noConsoleNoAnsi="null", header="null", footer="null")
DEBUG StatusLogger Building Plugin[name=appender, class=org.apache.hadoop.hive.ql.log.HushableRandomAccessFileAppender].
DEBUG StatusLogger createAppender(fileName="/home/alex/Repositories/hive/beeline/target/tmp/alex/operation_logs/40337121-8fb1-4193-9cb7-a74c6f4da85f/alex_20240501140010_3364dced-a59c-4c34-968e-526e7afd2ef8.test", append="null", name="test-query-file-appender", immediateFlush="null", bufferSize="null", ignoreExceptions="null", PatternLayout(org.apache.logging.log4j.core.layout.PatternLayout with name PatternLayout), test-filter(org.apache.hadoop.hive.ql.log.LogDivertAppenderForTest$TestFilter with name test-filter), advertise="null", advertiseURI="null", Configuration(HiveLog4j2Test))
DEBUG StatusLogger Starting RandomAccessFileManager /home/alex/Repositories/hive/beeline/target/tmp/alex/operation_logs/40337121-8fb1-4193-9cb7-a74c6f4da85f/alex_20240501140010_3364dced-a59c-4c34-968e-526e7afd2ef8.test
2024-05-01T14:00:10,383  INFO [40337121-8fb1-4193-9cb7-a74c6f4da85f main] operation.SQLOperation: [opType=EXECUTE_STATEMENT, queryId=alex_20240501140010_3364dced-a59c-4c34-968e-526e7afd2ef8, startTime=1714597210376, sessionId=40337121-8fb1-4193-9cb7-a74c6f4da85f, createTime=1714597210214, userName=null, ipAddress=null]
2024-05-01T14:00:10,384  INFO [40337121-8fb1-4193-9cb7-a74c6f4da85f main] ql.Driver: Compiling command(queryId=alex_20240501140010_3364dced-a59c-4c34-968e-526e7afd2ef8): use default
2024-05-01T14:00:10,385  INFO [40337121-8fb1-4193-9cb7-a74c6f4da85f main] HiveMetaStore.audit: ugi=alex	ip=unknown-ip-addr	cmd=get_database: default	
2024-05-01T14:00:10,387  INFO [40337121-8fb1-4193-9cb7-a74c6f4da85f main] ql.Driver: Semantic Analysis Completed (retrial = false)
2024-05-01T14:00:10,387  INFO [40337121-8fb1-4193-9cb7-a74c6f4da85f main] ql.Driver: Created Hive schema: Schema(fieldSchemas:null, properties:null)
2024-05-01T14:00:10,387  INFO [40337121-8fb1-4193-9cb7-a74c6f4da85f main] metadata.Hive: Dumping metastore api call timing information for : compilation phase
2024-05-01T14:00:10,387  INFO [40337121-8fb1-4193-9cb7-a74c6f4da85f main] metadata.Hive: Total time spent in each metastore function (ms): {isCompatibleWith_(Configuration)=0, getDatabase_(String)=2, flushCache_()=0}
2024-05-01T14:00:10,387  INFO [40337121-8fb1-4193-9cb7-a74c6f4da85f main] ql.Driver: Completed compiling command(queryId=alex_20240501140010_3364dced-a59c-4c34-968e-526e7afd2ef8); Time taken: 0.003 seconds
2024-05-01T14:00:10,387  INFO [40337121-8fb1-4193-9cb7-a74c6f4da85f main] common.LogUtils: Unregistered logging context.
2024-05-01T14:00:10,387  INFO [HiveServer2-Background-Pool: Thread-308] common.LogUtils: Thread context registration is done.
2024-05-01T14:00:10,388  INFO [HiveServer2-Background-Pool: Thread-308] reexec.ReExecDriver: Execution #1 of query
2024-05-01T14:00:10,388  INFO [HiveServer2-Background-Pool: Thread-308] ql.Driver: Concurrency mode is disabled, not creating a lock manager
2024-05-01T14:00:10,388  INFO [HiveServer2-Background-Pool: Thread-308] ql.Driver: Executing command(queryId=alex_20240501140010_3364dced-a59c-4c34-968e-526e7afd2ef8): use default
2024-05-01T14:00:10,389  INFO [HiveServer2-Background-Pool: Thread-308] ql.Driver: Starting task [Stage-0:DDL] in serial mode
2024-05-01T14:00:10,389  INFO [HiveServer2-Background-Pool: Thread-308] HiveMetaStore.audit: ugi=alex	ip=unknown-ip-addr	cmd=get_database: default	
2024-05-01T14:00:10,390  INFO [HiveServer2-Background-Pool: Thread-308] metastore.HMSHandler: 15: Opening raw store with implementation class:org.apache.hadoop.hive.metastore.ObjectStore
2024-05-01T14:00:10,390  INFO [HiveServer2-Background-Pool: Thread-308] metastore.ObjectStore: RawStore: org.apache.hadoop.hive.metastore.ObjectStore@1682c927, with PersistenceManager: null will be shutdown
2024-05-01T14:00:10,391  INFO [HiveServer2-Background-Pool: Thread-308] metastore.ObjectStore: RawStore: org.apache.hadoop.hive.metastore.ObjectStore@1682c927, with PersistenceManager: org.datanucleus.api.jdo.JDOPersistenceManager@53804593 created in the thread with id: 308
2024-05-01T14:00:10,396  INFO [HiveServer2-Background-Pool: Thread-308] metastore.HMSHandler: Created RawStore: org.apache.hadoop.hive.metastore.ObjectStore@1682c927 from thread id: 308
2024-05-01T14:00:10,397  INFO [HiveServer2-Background-Pool: Thread-308] HiveMetaStore.audit: ugi=alex	ip=unknown-ip-addr	cmd=get_database: default	
2024-05-01T14:00:10,399  INFO [HiveServer2-Background-Pool: Thread-308] metadata.Hive: Dumping metastore api call timing information for : execution phase
2024-05-01T14:00:10,399  INFO [HiveServer2-Background-Pool: Thread-308] metadata.Hive: Total time spent in each metastore function (ms): {isCompatibleWith_(Configuration)=0, getDatabase_(String)=10}
2024-05-01T14:00:10,399  INFO [HiveServer2-Background-Pool: Thread-308] ql.Driver: Completed executing command(queryId=alex_20240501140010_3364dced-a59c-4c34-968e-526e7afd2ef8); Time taken: 0.011 seconds
2024-05-01T14:00:10,400  INFO [HiveServer2-Background-Pool: Thread-308] common.LogUtils: Unregistered logging context.
2024-05-01T14:00:10,401  INFO [40337121-8fb1-4193-9cb7-a74c6f4da85f main] operation.OperationManager: Closing operation: OperationHandle [opType=EXECUTE_STATEMENT, getHandleIdentifier()=701e6c81-9189-42aa-b824-b04f08bdbfd8]
2024-05-01T14:00:10,401  INFO [40337121-8fb1-4193-9cb7-a74c6f4da85f main] operation.OperationManager: Removed queryId: alex_20240501140010_3364dced-a59c-4c34-968e-526e7afd2ef8 corresponding to operation: OperationHandle [opType=EXECUTE_STATEMENT, getHandleIdentifier()=701e6c81-9189-42aa-b824-b04f08bdbfd8] with tag: null
2024-05-01T14:00:10,401  INFO [40337121-8fb1-4193-9cb7-a74c6f4da85f main] operation.SQLOperation: Closing operation log /home/alex/Repositories/hive/beeline/target/tmp/alex/operation_logs/40337121-8fb1-4193-9cb7-a74c6f4da85f/alex_20240501140010_3364dced-a59c-4c34-968e-526e7afd2ef8 without delay
2024-05-01T14:00:10,405  INFO [main] service.CompositeService: Session closed, SessionHandle [40337121-8fb1-4193-9cb7-a74c6f4da85f], current sessions:0
2024-05-01T14:00:10,405  INFO [40337121-8fb1-4193-9cb7-a74c6f4da85f main] session.HiveSessionImpl: Operation log session directory is deleted: /home/alex/Repositories/hive/beeline/target/tmp/alex/operation_logs/40337121-8fb1-4193-9cb7-a74c6f4da85f
2024-05-01T14:00:10,406  INFO [main] cleanup.EventualCleanupService: Delete /tmp/hive/alex/40337121-8fb1-4193-9cb7-a74c6f4da85f operation was queued
2024-05-01T14:00:10,406  INFO [main] cleanup.EventualCleanupService: Delete /home/alex/Repositories/hive/beeline/target/tmp/alex/40337121-8fb1-4193-9cb7-a74c6f4da85f operation was queued
2024-05-01T14:00:10,406  INFO [EventualCleanupService thread 1] cleanup.EventualCleanupService: Deleted /home/alex/Repositories/hive/beeline/target/tmp/alex/40337121-8fb1-4193-9cb7-a74c6f4da85f
2024-05-01T14:00:10,406  INFO [EventualCleanupService thread 0] cleanup.EventualCleanupService: Deleted /tmp/hive/alex/40337121-8fb1-4193-9cb7-a74c6f4da85f
2024-05-01T14:00:10,406  INFO [main] HiveMetaStore.audit: ugi=alex	ip=unknown-ip-addr	cmd=Cleaning up thread local RawStore...	
2024-05-01T14:00:10,406  INFO [main] metastore.ObjectStore: RawStore: org.apache.hadoop.hive.metastore.ObjectStore@1f6c4ae, with PersistenceManager: org.datanucleus.api.jdo.JDOPersistenceManager@26270b77 will be shutdown
2024-05-01T14:00:10,407  INFO [main] HiveMetaStore.audit: ugi=alex	ip=unknown-ip-addr	cmd=Done cleaning up thread local RawStore	
2024-05-01T14:00:10,407  INFO [main] metastore.HiveMetaStoreClient: Closed a connection to metastore, current connections: -17
]]></system-err>
  </testcase>
  <testcase name="testUseCurrentDB2" classname="org.apache.hive.beeline.cli.TestHiveCli" time="0.295">
    <failure type="java.lang.AssertionError"><![CDATA[java.lang.AssertionError: 
The expected keyword "hive (testDB)>" occur in the output: Connecting to jdbc:hive2://
Hive Session ID = 3e95d203-311d-4c5a-aef1-a9489eca3e6d
ivysettings.xml file not found in HIVE_HOME or HIVE_CONF_DIR,/home/alex/Repositories/hive/conf/ivysettings.xml will be used
ivysettings.xml file not found in HIVE_HOME or HIVE_CONF_DIR,/home/alex/Repositories/hive/conf/ivysettings.xml will be used
Connected to: Apache Hive (version 4.0.0-SNAPSHOT)
Error: Couldn't load manifest attributes. (state=,code=0)
Transaction isolation: TRANSACTION_REPEATABLE_READ
Beeline version ??? by Apache Hive
hive> create database if not exists testDB; set hive.cli.print.current.db=true;use
. . > testDB;
INFO  : Compiling command(queryId=alex_20240501140010_cf8835ce-24de-4659-a8fb-72b2d09cd4e8): create database if not exists testDB
INFO  : Semantic Analysis Completed (retrial = false)
INFO  : Created Hive schema: Schema(fieldSchemas:null, properties:null)
INFO  : Completed compiling command(queryId=alex_20240501140010_cf8835ce-24de-4659-a8fb-72b2d09cd4e8); Time taken: 0.007 seconds
INFO  : Concurrency mode is disabled, not creating a lock manager
INFO  : Executing command(queryId=alex_20240501140010_cf8835ce-24de-4659-a8fb-72b2d09cd4e8): create database if not exists testDB
INFO  : Starting task [Stage-0:DDL] in serial mode
DEBUG : Task getting executed using mapred tag : alex_20240501140010_cf8835ce-24de-4659-a8fb-72b2d09cd4e8,userid=null
INFO  : Completed executing command(queryId=alex_20240501140010_cf8835ce-24de-4659-a8fb-72b2d09cd4e8); Time taken: 0.011 seconds
DEBUG : Shutting down query create database if not exists testDB
Error: Failed to wait for operation to complete (state=08S01,code=0)
hive> use default;drop if exists testDB;
INFO  : Compiling command(queryId=alex_20240501140010_b851a91c-2500-449f-832b-1f6e13a7ffdf): use default
INFO  : Semantic Analysis Completed (retrial = false)
INFO  : Created Hive schema: Schema(fieldSchemas:null, properties:null)
INFO  : Completed compiling command(queryId=alex_20240501140010_b851a91c-2500-449f-832b-1f6e13a7ffdf); Time taken: 0.005 seconds
INFO  : Concurrency mode is disabled, not creating a lock manager
INFO  : Executing command(queryId=alex_20240501140010_b851a91c-2500-449f-832b-1f6e13a7ffdf): use default
INFO  : Starting task [Stage-0:DDL] in serial mode
DEBUG : Task getting executed using mapred tag : alex_20240501140010_b851a91c-2500-449f-832b-1f6e13a7ffdf,userid=null
INFO  : Completed executing command(queryId=alex_20240501140010_b851a91c-2500-449f-832b-1f6e13a7ffdf); Time taken: 0.008 seconds
DEBUG : Shutting down query use default
Error: Failed to wait for operation to complete (state=08S01,code=0)
hive> Closing: 0: jdbc:hive2://

	at org.junit.Assert.fail(Assert.java:89)
	at org.junit.Assert.assertTrue(Assert.java:42)
	at org.apache.hive.beeline.cli.TestHiveCli.verifyCMD(TestHiveCli.java:270)
	at org.apache.hive.beeline.cli.TestHiveCli.testUseCurrentDB2(TestHiveCli.java:219)
	at sun.reflect.NativeMethodAccessorImpl.invoke0(Native Method)
	at sun.reflect.NativeMethodAccessorImpl.invoke(NativeMethodAccessorImpl.java:62)
	at sun.reflect.DelegatingMethodAccessorImpl.invoke(DelegatingMethodAccessorImpl.java:43)
	at java.lang.reflect.Method.invoke(Method.java:498)
	at org.junit.runners.model.FrameworkMethod$1.runReflectiveCall(FrameworkMethod.java:59)
	at org.junit.internal.runners.model.ReflectiveCallable.run(ReflectiveCallable.java:12)
	at org.junit.runners.model.FrameworkMethod.invokeExplosively(FrameworkMethod.java:56)
	at org.junit.internal.runners.statements.InvokeMethod.evaluate(InvokeMethod.java:17)
	at org.junit.internal.runners.statements.RunBefores.evaluate(RunBefores.java:26)
	at org.junit.internal.runners.statements.RunAfters.evaluate(RunAfters.java:27)
	at org.junit.runners.ParentRunner$3.evaluate(ParentRunner.java:306)
	at org.junit.runners.BlockJUnit4ClassRunner$1.evaluate(BlockJUnit4ClassRunner.java:100)
	at org.junit.runners.ParentRunner.runLeaf(ParentRunner.java:366)
	at org.junit.runners.BlockJUnit4ClassRunner.runChild(BlockJUnit4ClassRunner.java:103)
	at org.junit.runners.BlockJUnit4ClassRunner.runChild(BlockJUnit4ClassRunner.java:63)
	at org.junit.runners.ParentRunner$4.run(ParentRunner.java:331)
	at org.junit.runners.ParentRunner$1.schedule(ParentRunner.java:79)
	at org.junit.runners.ParentRunner.runChildren(ParentRunner.java:329)
	at org.junit.runners.ParentRunner.access$100(ParentRunner.java:66)
	at org.junit.runners.ParentRunner$2.evaluate(ParentRunner.java:293)
	at org.junit.internal.runners.statements.RunBefores.evaluate(RunBefores.java:26)
	at org.junit.runners.ParentRunner$3.evaluate(ParentRunner.java:306)
	at org.junit.runners.ParentRunner.run(ParentRunner.java:413)
	at org.junit.runner.JUnitCore.run(JUnitCore.java:137)
	at org.junit.runner.JUnitCore.run(JUnitCore.java:115)
	at org.junit.vintage.engine.execution.RunnerExecutor.execute(RunnerExecutor.java:43)
	at java.util.stream.ForEachOps$ForEachOp$OfRef.accept(ForEachOps.java:183)
	at java.util.stream.ReferencePipeline$3$1.accept(ReferencePipeline.java:193)
	at java.util.Iterator.forEachRemaining(Iterator.java:116)
	at java.util.Spliterators$IteratorSpliterator.forEachRemaining(Spliterators.java:1801)
	at java.util.stream.AbstractPipeline.copyInto(AbstractPipeline.java:482)
	at java.util.stream.AbstractPipeline.wrapAndCopyInto(AbstractPipeline.java:472)
	at java.util.stream.ForEachOps$ForEachOp.evaluateSequential(ForEachOps.java:150)
	at java.util.stream.ForEachOps$ForEachOp$OfRef.evaluateSequential(ForEachOps.java:173)
	at java.util.stream.AbstractPipeline.evaluate(AbstractPipeline.java:234)
	at java.util.stream.ReferencePipeline.forEach(ReferencePipeline.java:485)
	at org.junit.vintage.engine.VintageTestEngine.executeAllChildren(VintageTestEngine.java:82)
	at org.junit.vintage.engine.VintageTestEngine.execute(VintageTestEngine.java:73)
	at org.junit.platform.launcher.core.DefaultLauncher.execute(DefaultLauncher.java:248)
	at org.junit.platform.launcher.core.DefaultLauncher.lambda$execute$5(DefaultLauncher.java:211)
	at org.junit.platform.launcher.core.DefaultLauncher.withInterceptedStreams(DefaultLauncher.java:226)
	at org.junit.platform.launcher.core.DefaultLauncher.execute(DefaultLauncher.java:199)
	at org.junit.platform.launcher.core.DefaultLauncher.execute(DefaultLauncher.java:132)
	at org.apache.maven.surefire.junitplatform.JUnitPlatformProvider.invokeAllTests(JUnitPlatformProvider.java:154)
	at org.apache.maven.surefire.junitplatform.JUnitPlatformProvider.invoke(JUnitPlatformProvider.java:123)
	at org.apache.maven.surefire.booter.ForkedBooter.runSuitesInProcess(ForkedBooter.java:377)
	at org.apache.maven.surefire.booter.ForkedBooter.execute(ForkedBooter.java:138)
	at org.apache.maven.surefire.booter.ForkedBooter.run(ForkedBooter.java:465)
	at org.apache.maven.surefire.booter.ForkedBooter.main(ForkedBooter.java:451)
]]></failure>
    <system-err><![CDATA[2024-05-01T14:00:10,408 ERROR [main] cli.TestHiveCli: Failed to execute command due to the error: java.lang.NullPointerException: Null output stream
2024-05-01T14:00:10,473  WARN [main] conf.HiveConf: HiveConf of name hive.dummyparam.test.server.specific.config.override does not exist
2024-05-01T14:00:10,473  WARN [main] conf.HiveConf: HiveConf of name hive.dummyparam.test.server.specific.config.hiveserver2site does not exist
2024-05-01T14:00:10,474  WARN [main] conf.HiveConf: HiveConf of name hive.dummyparam.test.server.specific.config.metastoresite does not exist
2024-05-01T14:00:10,474  INFO [main] SessionState: Hive Session ID = 3e95d203-311d-4c5a-aef1-a9489eca3e6d
2024-05-01T14:00:10,475  INFO [main] DependencyResolver: ivysettings.xml file not found in HIVE_HOME or HIVE_CONF_DIR,/home/alex/Repositories/hive/conf/ivysettings.xml will be used
2024-05-01T14:00:10,484  INFO [main] session.SessionState: Created HDFS directory: /tmp/hive/alex/3e95d203-311d-4c5a-aef1-a9489eca3e6d
2024-05-01T14:00:10,487  INFO [main] session.SessionState: Created local directory: /home/alex/Repositories/hive/beeline/target/tmp/alex/3e95d203-311d-4c5a-aef1-a9489eca3e6d
2024-05-01T14:00:10,491  INFO [main] session.SessionState: Created HDFS directory: /tmp/hive/alex/3e95d203-311d-4c5a-aef1-a9489eca3e6d/_tmp_space.db
2024-05-01T14:00:10,492  INFO [main] sqlstd.SQLStdHiveAccessController: Created SQLStdHiveAccessController for session context : HiveAuthzSessionContext [sessionString=3e95d203-311d-4c5a-aef1-a9489eca3e6d, clientType=HIVESERVER2]
2024-05-01T14:00:10,493  INFO [main] metastore.HiveMetaStoreClient: HMS client filtering is enabled.
2024-05-01T14:00:10,494  INFO [main] metastore.HMSHandler: 0: Opening raw store with implementation class:org.apache.hadoop.hive.metastore.ObjectStore
2024-05-01T14:00:10,494  INFO [main] metastore.PersistenceManagerProvider: Configuration datanucleus.autoStartMechanismMode is not set. Defaulting to 'ignored'
2024-05-01T14:00:10,495  INFO [main] metastore.ObjectStore: RawStore: org.apache.hadoop.hive.metastore.ObjectStore@64665781, with PersistenceManager: null will be shutdown
2024-05-01T14:00:10,495  INFO [main] metastore.ObjectStore: RawStore: org.apache.hadoop.hive.metastore.ObjectStore@64665781, with PersistenceManager: org.datanucleus.api.jdo.JDOPersistenceManager@4c2bea52 created in the thread with id: 1
2024-05-01T14:00:10,499  INFO [main] metastore.HMSHandler: Created RawStore: org.apache.hadoop.hive.metastore.ObjectStore@64665781 from thread id: 1
2024-05-01T14:00:10,499  INFO [main] metastore.HMSHandler: HMS server filtering is disabled by configuration
2024-05-01T14:00:10,499  INFO [main] metastore.RetryingMetaStoreClient: RetryingMetaStoreClient proxy=class org.apache.hadoop.hive.ql.metadata.SessionHiveMetaStoreClient ugi=alex (auth:SIMPLE) retries=1 delay=1 lifetime=0
2024-05-01T14:00:10,500  INFO [main] service.CompositeService: Operation log root directory is created: /home/alex/Repositories/hive/beeline/target/tmp/alex/operation_logs
2024-05-01T14:00:10,500  INFO [main] service.CompositeService: HiveServer2: Background operation thread pool size: 100
2024-05-01T14:00:10,500  INFO [main] service.CompositeService: HiveServer2: Background operation thread wait queue size: 100
2024-05-01T14:00:10,500  INFO [main] service.CompositeService: HiveServer2: Background operation thread keepalive time: 10 seconds
2024-05-01T14:00:10,500  INFO [main] service.CompositeService: Connections limit are user: 0 ipaddress: 0 user-ipaddress: 0
2024-05-01T14:00:10,502  INFO [main] cleanup.EventualCleanupService: EventualCleanupService started with 10 threads and queue of size 10000
ERROR StatusLogger Log4j2 ConfigurationScheduler attempted to increment scheduled items after start
ERROR StatusLogger Log4j2 ConfigurationScheduler attempted to increment scheduled items after start
2024-05-01T14:00:10,503  INFO [main] service.AbstractService: Service:OperationManager is inited.
2024-05-01T14:00:10,503  INFO [main] service.AbstractService: Service:SessionManager is inited.
2024-05-01T14:00:10,503  INFO [main] service.AbstractService: Service:CLIService is inited.
2024-05-01T14:00:10,503  INFO [main] service.AbstractService: Service:OperationManager is started.
2024-05-01T14:00:10,503  INFO [main] service.AbstractService: Service:SessionManager is started.
2024-05-01T14:00:10,503  INFO [main] service.AbstractService: Service:CLIService is started.
2024-05-01T14:00:10,503  INFO [main] service.AbstractService: Service:ThriftBinaryCLIService is inited.
2024-05-01T14:00:10,503  INFO [main] thrift.ThriftCLIService: Client protocol version: HIVE_CLI_SERVICE_PROTOCOL_V10
2024-05-01T14:00:10,503  INFO [main] thrift.ThriftCLIService: Creating Hive session handle for user [null] from IP null
2024-05-01T14:00:10,505  INFO [main] DependencyResolver: ivysettings.xml file not found in HIVE_HOME or HIVE_CONF_DIR,/home/alex/Repositories/hive/conf/ivysettings.xml will be used
2024-05-01T14:00:10,516  INFO [main] session.SessionState: Created HDFS directory: /tmp/hive/alex/cee1c296-570e-4314-8d1e-697c13032a7b
2024-05-01T14:00:10,520  INFO [main] session.SessionState: Created local directory: /home/alex/Repositories/hive/beeline/target/tmp/alex/cee1c296-570e-4314-8d1e-697c13032a7b
2024-05-01T14:00:10,524  INFO [main] session.SessionState: Created HDFS directory: /tmp/hive/alex/cee1c296-570e-4314-8d1e-697c13032a7b/_tmp_space.db
2024-05-01T14:00:10,524  INFO [main] session.SessionState: Reloading auxiliary JAR files
2024-05-01T14:00:10,524  WARN [main] session.SessionState: Configuration hive.reloadable.aux.jars.path not specified
2024-05-01T14:00:10,525  INFO [main] HiveMetaStore.audit: ugi=alex	ip=unknown-ip-addr	cmd=Cleaning up thread local RawStore...	
2024-05-01T14:00:10,525  INFO [main] metastore.ObjectStore: RawStore: org.apache.hadoop.hive.metastore.ObjectStore@64665781, with PersistenceManager: org.datanucleus.api.jdo.JDOPersistenceManager@4c2bea52 will be shutdown
2024-05-01T14:00:10,525  INFO [main] HiveMetaStore.audit: ugi=alex	ip=unknown-ip-addr	cmd=Done cleaning up thread local RawStore	
2024-05-01T14:00:10,525  INFO [main] metastore.HiveMetaStoreClient: Closed a connection to metastore, current connections: -18
2024-05-01T14:00:10,525  INFO [main] session.HiveSessionImpl: Operation log session directory is created: /home/alex/Repositories/hive/beeline/target/tmp/alex/operation_logs/cee1c296-570e-4314-8d1e-697c13032a7b
2024-05-01T14:00:10,525  INFO [main] service.CompositeService: Session opened, SessionHandle [cee1c296-570e-4314-8d1e-697c13032a7b], current sessions:1
2024-05-01T14:00:10,525  INFO [main] thrift.ThriftCLIService: Login attempt is successful for user : null
2024-05-01T14:00:10,590  WARN [main] conf.HiveConf: HiveConf of name hive.dummyparam.test.server.specific.config.override does not exist
2024-05-01T14:00:10,590  WARN [main] conf.HiveConf: HiveConf of name hive.dummyparam.test.server.specific.config.hiveserver2site does not exist
2024-05-01T14:00:10,590  WARN [main] conf.HiveConf: HiveConf of name hive.dummyparam.test.server.specific.config.metastoresite does not exist
2024-05-01T14:00:10,591  INFO [cee1c296-570e-4314-8d1e-697c13032a7b main] session.HiveSessionImpl: executing set
2024-05-01T14:00:10,592  INFO [cee1c296-570e-4314-8d1e-697c13032a7b main] operation.HiveCommandOperation: Putting temp output to file /home/alex/Repositories/hive/beeline/target/tmp/alex/cee1c296-570e-4314-8d1e-697c13032a7b3572824750128907668.pipeout and error output to file /home/alex/Repositories/hive/beeline/target/tmp/alex/cee1c296-570e-4314-8d1e-697c13032a7b622488904875862799.pipeout
2024-05-01T14:00:10,592  INFO [cee1c296-570e-4314-8d1e-697c13032a7b main] operation.OperationManager: Adding operation: OperationHandle [opType=EXECUTE_STATEMENT, getHandleIdentifier()=3602714b-fd70-4f5a-9296-3d4decc6b500] SessionHandle [cee1c296-570e-4314-8d1e-697c13032a7b]
2024-05-01T14:00:10,592  INFO [cee1c296-570e-4314-8d1e-697c13032a7b main] common.LogUtils: Thread context registration is done.
DEBUG StatusLogger Building Plugin[name=filter, class=org.apache.hadoop.hive.ql.log.LogDivertAppender$NameFilter].
DEBUG StatusLogger createFilter(loggingLevel="EXECUTION")
DEBUG StatusLogger Building Plugin[name=layout, class=org.apache.logging.log4j.core.layout.PatternLayout].
DEBUG StatusLogger PatternLayout$Builder(pattern="%-5p : %m%n", PatternSelector=null, Configuration(HiveLog4j2Test), Replace=null, charset="null", alwaysWriteExceptions="null", disableAnsi="null", noConsoleNoAnsi="null", header="null", footer="null")
DEBUG StatusLogger Building Plugin[name=appender, class=org.apache.hadoop.hive.ql.log.HushableRandomAccessFileAppender].
DEBUG StatusLogger createAppender(fileName="/home/alex/Repositories/hive/beeline/target/tmp/alex/operation_logs/cee1c296-570e-4314-8d1e-697c13032a7b/alex_20240501140010_91177bbd-a8a2-4f35-989e-464cc8fedf9c", append="null", name="query-file-appender", immediateFlush="null", bufferSize="null", ignoreExceptions="null", PatternLayout(org.apache.logging.log4j.core.layout.PatternLayout with name PatternLayout), NameFilter(org.apache.hadoop.hive.ql.log.LogDivertAppender$NameFilter with name NameFilter), advertise="null", advertiseURI="null", Configuration(HiveLog4j2Test))
DEBUG StatusLogger Starting RandomAccessFileManager /home/alex/Repositories/hive/beeline/target/tmp/alex/operation_logs/cee1c296-570e-4314-8d1e-697c13032a7b/alex_20240501140010_91177bbd-a8a2-4f35-989e-464cc8fedf9c
DEBUG StatusLogger Building Plugin[name=, class=org.apache.hadoop.hive.ql.log.LogDivertAppenderForTest$TestFilter].
DEBUG StatusLogger createFilter()
DEBUG StatusLogger Building Plugin[name=, class=org.apache.logging.log4j.core.layout.PatternLayout].
DEBUG StatusLogger PatternLayout$Builder(pattern="%-5p : %m%n", PatternSelector=null, Configuration(HiveLog4j2Test), Replace=null, charset="null", alwaysWriteExceptions="null", disableAnsi="null", noConsoleNoAnsi="null", header="null", footer="null")
DEBUG StatusLogger Building Plugin[name=appender, class=org.apache.hadoop.hive.ql.log.HushableRandomAccessFileAppender].
DEBUG StatusLogger createAppender(fileName="/home/alex/Repositories/hive/beeline/target/tmp/alex/operation_logs/cee1c296-570e-4314-8d1e-697c13032a7b/alex_20240501140010_91177bbd-a8a2-4f35-989e-464cc8fedf9c.test", append="null", name="test-query-file-appender", immediateFlush="null", bufferSize="null", ignoreExceptions="null", PatternLayout(org.apache.logging.log4j.core.layout.PatternLayout with name PatternLayout), test-filter(org.apache.hadoop.hive.ql.log.LogDivertAppenderForTest$TestFilter with name test-filter), advertise="null", advertiseURI="null", Configuration(HiveLog4j2Test))
DEBUG StatusLogger Starting RandomAccessFileManager /home/alex/Repositories/hive/beeline/target/tmp/alex/operation_logs/cee1c296-570e-4314-8d1e-697c13032a7b/alex_20240501140010_91177bbd-a8a2-4f35-989e-464cc8fedf9c.test
2024-05-01T14:00:10,600  INFO [cee1c296-570e-4314-8d1e-697c13032a7b main] operation.HiveCommandOperation: [opType=EXECUTE_STATEMENT, queryId=alex_20240501140010_91177bbd-a8a2-4f35-989e-464cc8fedf9c, startTime=1714597210591, sessionId=cee1c296-570e-4314-8d1e-697c13032a7b, createTime=1714597210503, userName=null, ipAddress=null]
2024-05-01T14:00:10,612  INFO [cee1c296-570e-4314-8d1e-697c13032a7b main] common.LogUtils: Unregistered logging context.
2024-05-01T14:00:10,616  INFO [cee1c296-570e-4314-8d1e-697c13032a7b main] operation.OperationManager: Closing operation: OperationHandle [opType=EXECUTE_STATEMENT, getHandleIdentifier()=3602714b-fd70-4f5a-9296-3d4decc6b500]
2024-05-01T14:00:10,616  INFO [cee1c296-570e-4314-8d1e-697c13032a7b main] operation.OperationManager: Removed queryId: alex_20240501140010_91177bbd-a8a2-4f35-989e-464cc8fedf9c corresponding to operation: OperationHandle [opType=EXECUTE_STATEMENT, getHandleIdentifier()=3602714b-fd70-4f5a-9296-3d4decc6b500] with tag: null
2024-05-01T14:00:10,617  INFO [cee1c296-570e-4314-8d1e-697c13032a7b main] operation.HiveCommandOperation: Closing operation log /home/alex/Repositories/hive/beeline/target/tmp/alex/operation_logs/cee1c296-570e-4314-8d1e-697c13032a7b/alex_20240501140010_91177bbd-a8a2-4f35-989e-464cc8fedf9c without delay
2024-05-01T14:00:10,630  INFO [cee1c296-570e-4314-8d1e-697c13032a7b main] session.HiveSessionImpl: executing create database if not exists testDB
2024-05-01T14:00:10,631  INFO [cee1c296-570e-4314-8d1e-697c13032a7b main] operation.OperationManager: Adding operation: OperationHandle [opType=EXECUTE_STATEMENT, getHandleIdentifier()=cb6c6e6c-d279-433b-85ae-d6e765b7a3a6] SessionHandle [cee1c296-570e-4314-8d1e-697c13032a7b]
2024-05-01T14:00:10,631  INFO [cee1c296-570e-4314-8d1e-697c13032a7b main] common.LogUtils: Thread context registration is done.
DEBUG StatusLogger Building Plugin[name=filter, class=org.apache.hadoop.hive.ql.log.LogDivertAppender$NameFilter].
DEBUG StatusLogger createFilter(loggingLevel="EXECUTION")
DEBUG StatusLogger Building Plugin[name=layout, class=org.apache.logging.log4j.core.layout.PatternLayout].
DEBUG StatusLogger PatternLayout$Builder(pattern="%-5p : %m%n", PatternSelector=null, Configuration(HiveLog4j2Test), Replace=null, charset="null", alwaysWriteExceptions="null", disableAnsi="null", noConsoleNoAnsi="null", header="null", footer="null")
DEBUG StatusLogger Building Plugin[name=appender, class=org.apache.hadoop.hive.ql.log.HushableRandomAccessFileAppender].
DEBUG StatusLogger createAppender(fileName="/home/alex/Repositories/hive/beeline/target/tmp/alex/operation_logs/cee1c296-570e-4314-8d1e-697c13032a7b/alex_20240501140010_cf8835ce-24de-4659-a8fb-72b2d09cd4e8", append="null", name="query-file-appender", immediateFlush="null", bufferSize="null", ignoreExceptions="null", PatternLayout(org.apache.logging.log4j.core.layout.PatternLayout with name PatternLayout), NameFilter(org.apache.hadoop.hive.ql.log.LogDivertAppender$NameFilter with name NameFilter), advertise="null", advertiseURI="null", Configuration(HiveLog4j2Test))
DEBUG StatusLogger Starting RandomAccessFileManager /home/alex/Repositories/hive/beeline/target/tmp/alex/operation_logs/cee1c296-570e-4314-8d1e-697c13032a7b/alex_20240501140010_cf8835ce-24de-4659-a8fb-72b2d09cd4e8
DEBUG StatusLogger Building Plugin[name=, class=org.apache.hadoop.hive.ql.log.LogDivertAppenderForTest$TestFilter].
DEBUG StatusLogger createFilter()
DEBUG StatusLogger Building Plugin[name=, class=org.apache.logging.log4j.core.layout.PatternLayout].
DEBUG StatusLogger PatternLayout$Builder(pattern="%-5p : %m%n", PatternSelector=null, Configuration(HiveLog4j2Test), Replace=null, charset="null", alwaysWriteExceptions="null", disableAnsi="null", noConsoleNoAnsi="null", header="null", footer="null")
DEBUG StatusLogger Building Plugin[name=appender, class=org.apache.hadoop.hive.ql.log.HushableRandomAccessFileAppender].
DEBUG StatusLogger createAppender(fileName="/home/alex/Repositories/hive/beeline/target/tmp/alex/operation_logs/cee1c296-570e-4314-8d1e-697c13032a7b/alex_20240501140010_cf8835ce-24de-4659-a8fb-72b2d09cd4e8.test", append="null", name="test-query-file-appender", immediateFlush="null", bufferSize="null", ignoreExceptions="null", PatternLayout(org.apache.logging.log4j.core.layout.PatternLayout with name PatternLayout), test-filter(org.apache.hadoop.hive.ql.log.LogDivertAppenderForTest$TestFilter with name test-filter), advertise="null", advertiseURI="null", Configuration(HiveLog4j2Test))
DEBUG StatusLogger Starting RandomAccessFileManager /home/alex/Repositories/hive/beeline/target/tmp/alex/operation_logs/cee1c296-570e-4314-8d1e-697c13032a7b/alex_20240501140010_cf8835ce-24de-4659-a8fb-72b2d09cd4e8.test
2024-05-01T14:00:10,635  INFO [cee1c296-570e-4314-8d1e-697c13032a7b main] operation.SQLOperation: [opType=EXECUTE_STATEMENT, queryId=alex_20240501140010_cf8835ce-24de-4659-a8fb-72b2d09cd4e8, startTime=1714597210630, sessionId=cee1c296-570e-4314-8d1e-697c13032a7b, createTime=1714597210503, userName=null, ipAddress=null]
2024-05-01T14:00:10,636  INFO [cee1c296-570e-4314-8d1e-697c13032a7b main] ql.Driver: Compiling command(queryId=alex_20240501140010_cf8835ce-24de-4659-a8fb-72b2d09cd4e8): create database if not exists testDB
2024-05-01T14:00:10,637  INFO [cee1c296-570e-4314-8d1e-697c13032a7b main] metastore.HiveMetaStoreClient: HMS client filtering is enabled.
2024-05-01T14:00:10,638  INFO [cee1c296-570e-4314-8d1e-697c13032a7b main] metastore.HMSHandler: 0: Opening raw store with implementation class:org.apache.hadoop.hive.metastore.ObjectStore
2024-05-01T14:00:10,638  INFO [cee1c296-570e-4314-8d1e-697c13032a7b main] metastore.PersistenceManagerProvider: Configuration datanucleus.autoStartMechanismMode is not set. Defaulting to 'ignored'
2024-05-01T14:00:10,638  INFO [cee1c296-570e-4314-8d1e-697c13032a7b main] metastore.ObjectStore: RawStore: org.apache.hadoop.hive.metastore.ObjectStore@2b6fcca1, with PersistenceManager: null will be shutdown
2024-05-01T14:00:10,638  INFO [cee1c296-570e-4314-8d1e-697c13032a7b main] metastore.ObjectStore: RawStore: org.apache.hadoop.hive.metastore.ObjectStore@2b6fcca1, with PersistenceManager: org.datanucleus.api.jdo.JDOPersistenceManager@39f93225 created in the thread with id: 1
2024-05-01T14:00:10,641  INFO [cee1c296-570e-4314-8d1e-697c13032a7b main] metastore.HMSHandler: Created RawStore: org.apache.hadoop.hive.metastore.ObjectStore@2b6fcca1 from thread id: 1
2024-05-01T14:00:10,641  INFO [cee1c296-570e-4314-8d1e-697c13032a7b main] metastore.HMSHandler: HMS server filtering is disabled by configuration
2024-05-01T14:00:10,642  INFO [cee1c296-570e-4314-8d1e-697c13032a7b main] metastore.RetryingMetaStoreClient: RetryingMetaStoreClient proxy=class org.apache.hadoop.hive.ql.metadata.SessionHiveMetaStoreClient ugi=alex (auth:SIMPLE) retries=1 delay=1 lifetime=0
2024-05-01T14:00:10,642  INFO [cee1c296-570e-4314-8d1e-697c13032a7b main] ql.Driver: Semantic Analysis Completed (retrial = false)
2024-05-01T14:00:10,643  INFO [cee1c296-570e-4314-8d1e-697c13032a7b main] ql.Driver: Created Hive schema: Schema(fieldSchemas:null, properties:null)
2024-05-01T14:00:10,643  INFO [cee1c296-570e-4314-8d1e-697c13032a7b main] metadata.Hive: Dumping metastore api call timing information for : compilation phase
2024-05-01T14:00:10,643  INFO [cee1c296-570e-4314-8d1e-697c13032a7b main] metadata.Hive: Total time spent in each metastore function (ms): {isCompatibleWith_(Configuration)=0, flushCache_()=0}
2024-05-01T14:00:10,643  INFO [cee1c296-570e-4314-8d1e-697c13032a7b main] ql.Driver: Completed compiling command(queryId=alex_20240501140010_cf8835ce-24de-4659-a8fb-72b2d09cd4e8); Time taken: 0.007 seconds
2024-05-01T14:00:10,644  INFO [cee1c296-570e-4314-8d1e-697c13032a7b main] common.LogUtils: Unregistered logging context.
2024-05-01T14:00:10,645  INFO [HiveServer2-Background-Pool: Thread-331] common.LogUtils: Thread context registration is done.
2024-05-01T14:00:10,645  INFO [HiveServer2-Background-Pool: Thread-331] reexec.ReExecDriver: Execution #1 of query
2024-05-01T14:00:10,646  INFO [HiveServer2-Background-Pool: Thread-331] ql.Driver: Concurrency mode is disabled, not creating a lock manager
2024-05-01T14:00:10,647  INFO [HiveServer2-Background-Pool: Thread-331] ql.Driver: Executing command(queryId=alex_20240501140010_cf8835ce-24de-4659-a8fb-72b2d09cd4e8): create database if not exists testDB
2024-05-01T14:00:10,648  INFO [HiveServer2-Background-Pool: Thread-331] ql.Driver: Starting task [Stage-0:DDL] in serial mode
2024-05-01T14:00:10,649  INFO [HiveServer2-Background-Pool: Thread-331] sqlstd.SQLStdHiveAccessController: Created SQLStdHiveAccessController for session context : HiveAuthzSessionContext [sessionString=cee1c296-570e-4314-8d1e-697c13032a7b, clientType=HIVESERVER2]
2024-05-01T14:00:10,649  WARN [HiveServer2-Background-Pool: Thread-331] exec.DDLTask: metastore.warehouse.external.dir is not set, falling back to metastore.warehouse.dir. This could cause external tables to use to managed tablespace.
2024-05-01T14:00:10,650  INFO [HiveServer2-Background-Pool: Thread-331] HiveMetaStore.audit: ugi=alex	ip=unknown-ip-addr	cmd=create_database: Database(name:testDB, description:null, locationUri:file:/home/alex/Repositories/hive/beeline/target/tmp/warehouse/testdb.db, parameters:null, ownerName:alex, ownerType:USER, catalogName:hive, type:NATIVE)	
2024-05-01T14:00:10,651  INFO [HiveServer2-Background-Pool: Thread-331] metastore.HMSHandler: 16: Opening raw store with implementation class:org.apache.hadoop.hive.metastore.ObjectStore
2024-05-01T14:00:10,651  INFO [HiveServer2-Background-Pool: Thread-331] metastore.ObjectStore: RawStore: org.apache.hadoop.hive.metastore.ObjectStore@39a1e150, with PersistenceManager: null will be shutdown
2024-05-01T14:00:10,651  INFO [HiveServer2-Background-Pool: Thread-331] metastore.ObjectStore: RawStore: org.apache.hadoop.hive.metastore.ObjectStore@39a1e150, with PersistenceManager: org.datanucleus.api.jdo.JDOPersistenceManager@7ca36800 created in the thread with id: 331
2024-05-01T14:00:10,655  INFO [HiveServer2-Background-Pool: Thread-331] metastore.HMSHandler: Created RawStore: org.apache.hadoop.hive.metastore.ObjectStore@39a1e150 from thread id: 331
2024-05-01T14:00:10,658 ERROR [HiveServer2-Background-Pool: Thread-331] metastore.RetryingHMSHandler: AlreadyExistsException(message:Database testDB already exists)
	at org.apache.hadoop.hive.metastore.HMSHandler.create_database(HMSHandler.java:1472)
	at sun.reflect.NativeMethodAccessorImpl.invoke0(Native Method)
	at sun.reflect.NativeMethodAccessorImpl.invoke(NativeMethodAccessorImpl.java:62)
	at sun.reflect.DelegatingMethodAccessorImpl.invoke(DelegatingMethodAccessorImpl.java:43)
	at java.lang.reflect.Method.invoke(Method.java:498)
	at org.apache.hadoop.hive.metastore.RetryingHMSHandler.invokeInternal(RetryingHMSHandler.java:147)
	at org.apache.hadoop.hive.metastore.RetryingHMSHandler.invoke(RetryingHMSHandler.java:108)
	at com.sun.proxy.$Proxy40.create_database(Unknown Source)
	at org.apache.hadoop.hive.metastore.HiveMetaStoreClient.createDatabase(HiveMetaStoreClient.java:1151)
	at sun.reflect.NativeMethodAccessorImpl.invoke0(Native Method)
	at sun.reflect.NativeMethodAccessorImpl.invoke(NativeMethodAccessorImpl.java:62)
	at sun.reflect.DelegatingMethodAccessorImpl.invoke(DelegatingMethodAccessorImpl.java:43)
	at java.lang.reflect.Method.invoke(Method.java:498)
	at org.apache.hadoop.hive.metastore.RetryingMetaStoreClient.invoke(RetryingMetaStoreClient.java:218)
	at com.sun.proxy.$Proxy41.createDatabase(Unknown Source)
	at org.apache.hadoop.hive.ql.metadata.Hive.createDatabase(Hive.java:605)
	at org.apache.hadoop.hive.ql.ddl.database.create.CreateDatabaseOperation.execute(CreateDatabaseOperation.java:68)
	at org.apache.hadoop.hive.ql.ddl.DDLTask.execute(DDLTask.java:84)
	at org.apache.hadoop.hive.ql.exec.Task.executeTask(Task.java:212)
	at org.apache.hadoop.hive.ql.exec.TaskRunner.runSequential(TaskRunner.java:105)
	at org.apache.hadoop.hive.ql.Executor.launchTask(Executor.java:361)
	at org.apache.hadoop.hive.ql.Executor.launchTasks(Executor.java:334)
	at org.apache.hadoop.hive.ql.Executor.runTasks(Executor.java:245)
	at org.apache.hadoop.hive.ql.Executor.execute(Executor.java:108)
	at org.apache.hadoop.hive.ql.Driver.execute(Driver.java:348)
	at org.apache.hadoop.hive.ql.Driver.runInternal(Driver.java:204)
	at org.apache.hadoop.hive.ql.Driver.run(Driver.java:153)
	at org.apache.hadoop.hive.ql.Driver.run(Driver.java:148)
	at org.apache.hadoop.hive.ql.reexec.ReExecDriver.run(ReExecDriver.java:164)
	at org.apache.hive.service.cli.operation.SQLOperation.runQuery(SQLOperation.java:233)
	at org.apache.hive.service.cli.operation.SQLOperation.access$500(SQLOperation.java:88)
	at org.apache.hive.service.cli.operation.SQLOperation$BackgroundWork$1.run(SQLOperation.java:336)
	at java.security.AccessController.doPrivileged(Native Method)
	at javax.security.auth.Subject.doAs(Subject.java:422)
	at org.apache.hadoop.security.UserGroupInformation.doAs(UserGroupInformation.java:1682)
	at org.apache.hive.service.cli.operation.SQLOperation$BackgroundWork.run(SQLOperation.java:356)
	at java.util.concurrent.Executors$RunnableAdapter.call(Executors.java:511)
	at java.util.concurrent.FutureTask.run(FutureTask.java:266)
	at java.util.concurrent.ThreadPoolExecutor.runWorker(ThreadPoolExecutor.java:1149)
	at java.util.concurrent.ThreadPoolExecutor$Worker.run(ThreadPoolExecutor.java:624)
	at java.lang.Thread.run(Thread.java:750)

2024-05-01T14:00:10,659  INFO [HiveServer2-Background-Pool: Thread-331] metadata.Hive: Dumping metastore api call timing information for : execution phase
2024-05-01T14:00:10,659  INFO [HiveServer2-Background-Pool: Thread-331] metadata.Hive: Total time spent in each metastore function (ms): {isCompatibleWith_(Configuration)=0}
2024-05-01T14:00:10,659  INFO [HiveServer2-Background-Pool: Thread-331] ql.Driver: Completed executing command(queryId=alex_20240501140010_cf8835ce-24de-4659-a8fb-72b2d09cd4e8); Time taken: 0.011 seconds
2024-05-01T14:00:10,659  INFO [HiveServer2-Background-Pool: Thread-331] common.LogUtils: Unregistered logging context.
2024-05-01T14:00:10,664  INFO [cee1c296-570e-4314-8d1e-697c13032a7b main] operation.OperationManager: Closing operation: OperationHandle [opType=EXECUTE_STATEMENT, getHandleIdentifier()=cb6c6e6c-d279-433b-85ae-d6e765b7a3a6]
2024-05-01T14:00:10,664  INFO [cee1c296-570e-4314-8d1e-697c13032a7b main] operation.OperationManager: Removed queryId: alex_20240501140010_cf8835ce-24de-4659-a8fb-72b2d09cd4e8 corresponding to operation: OperationHandle [opType=EXECUTE_STATEMENT, getHandleIdentifier()=cb6c6e6c-d279-433b-85ae-d6e765b7a3a6] with tag: null
2024-05-01T14:00:10,664  INFO [cee1c296-570e-4314-8d1e-697c13032a7b main] operation.SQLOperation: Closing operation log /home/alex/Repositories/hive/beeline/target/tmp/alex/operation_logs/cee1c296-570e-4314-8d1e-697c13032a7b/alex_20240501140010_cf8835ce-24de-4659-a8fb-72b2d09cd4e8 without delay
2024-05-01T14:00:10,669  INFO [cee1c296-570e-4314-8d1e-697c13032a7b main] session.HiveSessionImpl: executing use default
2024-05-01T14:00:10,670  INFO [cee1c296-570e-4314-8d1e-697c13032a7b main] operation.OperationManager: Adding operation: OperationHandle [opType=EXECUTE_STATEMENT, getHandleIdentifier()=8940f540-d0cf-4d2a-83cc-634991665d3d] SessionHandle [cee1c296-570e-4314-8d1e-697c13032a7b]
2024-05-01T14:00:10,670  INFO [cee1c296-570e-4314-8d1e-697c13032a7b main] common.LogUtils: Thread context registration is done.
DEBUG StatusLogger Building Plugin[name=filter, class=org.apache.hadoop.hive.ql.log.LogDivertAppender$NameFilter].
DEBUG StatusLogger createFilter(loggingLevel="EXECUTION")
DEBUG StatusLogger Building Plugin[name=layout, class=org.apache.logging.log4j.core.layout.PatternLayout].
DEBUG StatusLogger PatternLayout$Builder(pattern="%-5p : %m%n", PatternSelector=null, Configuration(HiveLog4j2Test), Replace=null, charset="null", alwaysWriteExceptions="null", disableAnsi="null", noConsoleNoAnsi="null", header="null", footer="null")
DEBUG StatusLogger Building Plugin[name=appender, class=org.apache.hadoop.hive.ql.log.HushableRandomAccessFileAppender].
DEBUG StatusLogger createAppender(fileName="/home/alex/Repositories/hive/beeline/target/tmp/alex/operation_logs/cee1c296-570e-4314-8d1e-697c13032a7b/alex_20240501140010_b851a91c-2500-449f-832b-1f6e13a7ffdf", append="null", name="query-file-appender", immediateFlush="null", bufferSize="null", ignoreExceptions="null", PatternLayout(org.apache.logging.log4j.core.layout.PatternLayout with name PatternLayout), NameFilter(org.apache.hadoop.hive.ql.log.LogDivertAppender$NameFilter with name NameFilter), advertise="null", advertiseURI="null", Configuration(HiveLog4j2Test))
DEBUG StatusLogger Starting RandomAccessFileManager /home/alex/Repositories/hive/beeline/target/tmp/alex/operation_logs/cee1c296-570e-4314-8d1e-697c13032a7b/alex_20240501140010_b851a91c-2500-449f-832b-1f6e13a7ffdf
DEBUG StatusLogger Building Plugin[name=, class=org.apache.hadoop.hive.ql.log.LogDivertAppenderForTest$TestFilter].
DEBUG StatusLogger createFilter()
DEBUG StatusLogger Building Plugin[name=, class=org.apache.logging.log4j.core.layout.PatternLayout].
DEBUG StatusLogger PatternLayout$Builder(pattern="%-5p : %m%n", PatternSelector=null, Configuration(HiveLog4j2Test), Replace=null, charset="null", alwaysWriteExceptions="null", disableAnsi="null", noConsoleNoAnsi="null", header="null", footer="null")
DEBUG StatusLogger Building Plugin[name=appender, class=org.apache.hadoop.hive.ql.log.HushableRandomAccessFileAppender].
DEBUG StatusLogger createAppender(fileName="/home/alex/Repositories/hive/beeline/target/tmp/alex/operation_logs/cee1c296-570e-4314-8d1e-697c13032a7b/alex_20240501140010_b851a91c-2500-449f-832b-1f6e13a7ffdf.test", append="null", name="test-query-file-appender", immediateFlush="null", bufferSize="null", ignoreExceptions="null", PatternLayout(org.apache.logging.log4j.core.layout.PatternLayout with name PatternLayout), test-filter(org.apache.hadoop.hive.ql.log.LogDivertAppenderForTest$TestFilter with name test-filter), advertise="null", advertiseURI="null", Configuration(HiveLog4j2Test))
DEBUG StatusLogger Starting RandomAccessFileManager /home/alex/Repositories/hive/beeline/target/tmp/alex/operation_logs/cee1c296-570e-4314-8d1e-697c13032a7b/alex_20240501140010_b851a91c-2500-449f-832b-1f6e13a7ffdf.test
2024-05-01T14:00:10,674  INFO [cee1c296-570e-4314-8d1e-697c13032a7b main] operation.SQLOperation: [opType=EXECUTE_STATEMENT, queryId=alex_20240501140010_b851a91c-2500-449f-832b-1f6e13a7ffdf, startTime=1714597210669, sessionId=cee1c296-570e-4314-8d1e-697c13032a7b, createTime=1714597210503, userName=null, ipAddress=null]
2024-05-01T14:00:10,675  INFO [cee1c296-570e-4314-8d1e-697c13032a7b main] ql.Driver: Compiling command(queryId=alex_20240501140010_b851a91c-2500-449f-832b-1f6e13a7ffdf): use default
2024-05-01T14:00:10,678  INFO [cee1c296-570e-4314-8d1e-697c13032a7b main] HiveMetaStore.audit: ugi=alex	ip=unknown-ip-addr	cmd=get_database: default	
2024-05-01T14:00:10,680  INFO [cee1c296-570e-4314-8d1e-697c13032a7b main] ql.Driver: Semantic Analysis Completed (retrial = false)
2024-05-01T14:00:10,680  INFO [cee1c296-570e-4314-8d1e-697c13032a7b main] ql.Driver: Created Hive schema: Schema(fieldSchemas:null, properties:null)
2024-05-01T14:00:10,680  INFO [cee1c296-570e-4314-8d1e-697c13032a7b main] metadata.Hive: Dumping metastore api call timing information for : compilation phase
2024-05-01T14:00:10,680  INFO [cee1c296-570e-4314-8d1e-697c13032a7b main] metadata.Hive: Total time spent in each metastore function (ms): {isCompatibleWith_(Configuration)=1, getDatabase_(String)=1, flushCache_()=1}
2024-05-01T14:00:10,680  INFO [cee1c296-570e-4314-8d1e-697c13032a7b main] ql.Driver: Completed compiling command(queryId=alex_20240501140010_b851a91c-2500-449f-832b-1f6e13a7ffdf); Time taken: 0.005 seconds
2024-05-01T14:00:10,681  INFO [cee1c296-570e-4314-8d1e-697c13032a7b main] common.LogUtils: Unregistered logging context.
2024-05-01T14:00:10,681  INFO [HiveServer2-Background-Pool: Thread-334] common.LogUtils: Thread context registration is done.
2024-05-01T14:00:10,681  INFO [HiveServer2-Background-Pool: Thread-334] reexec.ReExecDriver: Execution #1 of query
2024-05-01T14:00:10,682  INFO [HiveServer2-Background-Pool: Thread-334] ql.Driver: Concurrency mode is disabled, not creating a lock manager
2024-05-01T14:00:10,682  INFO [HiveServer2-Background-Pool: Thread-334] ql.Driver: Executing command(queryId=alex_20240501140010_b851a91c-2500-449f-832b-1f6e13a7ffdf): use default
2024-05-01T14:00:10,682  INFO [HiveServer2-Background-Pool: Thread-334] ql.Driver: Starting task [Stage-0:DDL] in serial mode
2024-05-01T14:00:10,683  INFO [HiveServer2-Background-Pool: Thread-334] HiveMetaStore.audit: ugi=alex	ip=unknown-ip-addr	cmd=get_database: default	
2024-05-01T14:00:10,684  INFO [HiveServer2-Background-Pool: Thread-334] metastore.HMSHandler: 17: Opening raw store with implementation class:org.apache.hadoop.hive.metastore.ObjectStore
2024-05-01T14:00:10,685  INFO [HiveServer2-Background-Pool: Thread-334] metastore.ObjectStore: RawStore: org.apache.hadoop.hive.metastore.ObjectStore@68697a5f, with PersistenceManager: null will be shutdown
2024-05-01T14:00:10,685  INFO [HiveServer2-Background-Pool: Thread-334] metastore.ObjectStore: RawStore: org.apache.hadoop.hive.metastore.ObjectStore@68697a5f, with PersistenceManager: org.datanucleus.api.jdo.JDOPersistenceManager@2d6bf936 created in the thread with id: 334
2024-05-01T14:00:10,688  INFO [HiveServer2-Background-Pool: Thread-334] metastore.HMSHandler: Created RawStore: org.apache.hadoop.hive.metastore.ObjectStore@68697a5f from thread id: 334
2024-05-01T14:00:10,689  INFO [HiveServer2-Background-Pool: Thread-334] HiveMetaStore.audit: ugi=alex	ip=unknown-ip-addr	cmd=get_database: default	
2024-05-01T14:00:10,690  INFO [HiveServer2-Background-Pool: Thread-334] metadata.Hive: Dumping metastore api call timing information for : execution phase
2024-05-01T14:00:10,690  INFO [HiveServer2-Background-Pool: Thread-334] metadata.Hive: Total time spent in each metastore function (ms): {isCompatibleWith_(Configuration)=0, getDatabase_(String)=7}
2024-05-01T14:00:10,690  INFO [HiveServer2-Background-Pool: Thread-334] ql.Driver: Completed executing command(queryId=alex_20240501140010_b851a91c-2500-449f-832b-1f6e13a7ffdf); Time taken: 0.008 seconds
2024-05-01T14:00:10,691  INFO [HiveServer2-Background-Pool: Thread-334] common.LogUtils: Unregistered logging context.
2024-05-01T14:00:10,692  INFO [cee1c296-570e-4314-8d1e-697c13032a7b main] operation.OperationManager: Closing operation: OperationHandle [opType=EXECUTE_STATEMENT, getHandleIdentifier()=8940f540-d0cf-4d2a-83cc-634991665d3d]
2024-05-01T14:00:10,693  INFO [cee1c296-570e-4314-8d1e-697c13032a7b main] operation.OperationManager: Removed queryId: alex_20240501140010_b851a91c-2500-449f-832b-1f6e13a7ffdf corresponding to operation: OperationHandle [opType=EXECUTE_STATEMENT, getHandleIdentifier()=8940f540-d0cf-4d2a-83cc-634991665d3d] with tag: null
2024-05-01T14:00:10,693  INFO [cee1c296-570e-4314-8d1e-697c13032a7b main] operation.SQLOperation: Closing operation log /home/alex/Repositories/hive/beeline/target/tmp/alex/operation_logs/cee1c296-570e-4314-8d1e-697c13032a7b/alex_20240501140010_b851a91c-2500-449f-832b-1f6e13a7ffdf without delay
2024-05-01T14:00:10,700  INFO [main] service.CompositeService: Session closed, SessionHandle [cee1c296-570e-4314-8d1e-697c13032a7b], current sessions:0
2024-05-01T14:00:10,700  INFO [cee1c296-570e-4314-8d1e-697c13032a7b main] session.HiveSessionImpl: Operation log session directory is deleted: /home/alex/Repositories/hive/beeline/target/tmp/alex/operation_logs/cee1c296-570e-4314-8d1e-697c13032a7b
2024-05-01T14:00:10,701  INFO [main] cleanup.EventualCleanupService: Delete /tmp/hive/alex/cee1c296-570e-4314-8d1e-697c13032a7b operation was queued
2024-05-01T14:00:10,701  INFO [main] cleanup.EventualCleanupService: Delete /home/alex/Repositories/hive/beeline/target/tmp/alex/cee1c296-570e-4314-8d1e-697c13032a7b operation was queued
2024-05-01T14:00:10,701  INFO [EventualCleanupService thread 0] cleanup.EventualCleanupService: Deleted /tmp/hive/alex/cee1c296-570e-4314-8d1e-697c13032a7b
2024-05-01T14:00:10,701  INFO [EventualCleanupService thread 1] cleanup.EventualCleanupService: Deleted /home/alex/Repositories/hive/beeline/target/tmp/alex/cee1c296-570e-4314-8d1e-697c13032a7b
2024-05-01T14:00:10,702  INFO [main] HiveMetaStore.audit: ugi=alex	ip=unknown-ip-addr	cmd=Cleaning up thread local RawStore...	
2024-05-01T14:00:10,702  INFO [main] metastore.ObjectStore: RawStore: org.apache.hadoop.hive.metastore.ObjectStore@2b6fcca1, with PersistenceManager: org.datanucleus.api.jdo.JDOPersistenceManager@39f93225 will be shutdown
2024-05-01T14:00:10,702  INFO [main] HiveMetaStore.audit: ugi=alex	ip=unknown-ip-addr	cmd=Done cleaning up thread local RawStore	
2024-05-01T14:00:10,703  INFO [main] metastore.HiveMetaStoreClient: Closed a connection to metastore, current connections: -19
]]></system-err>
  </testcase>
  <testcase name="testUseCurrentDB3" classname="org.apache.hive.beeline.cli.TestHiveCli" time="0.34">
    <failure type="java.lang.AssertionError"><![CDATA[java.lang.AssertionError: 
The expected keyword "hive (testDB)>" occur in the output: Connecting to jdbc:hive2://
Hive Session ID = 9dbc1601-21d4-425a-8901-5193f74d0757
ivysettings.xml file not found in HIVE_HOME or HIVE_CONF_DIR,/home/alex/Repositories/hive/conf/ivysettings.xml will be used
ivysettings.xml file not found in HIVE_HOME or HIVE_CONF_DIR,/home/alex/Repositories/hive/conf/ivysettings.xml will be used
Connected to: Apache Hive (version 4.0.0-SNAPSHOT)
Error: Couldn't load manifest attributes. (state=,code=0)
Transaction isolation: TRANSACTION_REPEATABLE_READ
Beeline version ??? by Apache Hive
hive> create database if not exists testDB; set hive.cli.print.current.db=true;use  testDB;
INFO  : Compiling command(queryId=alex_20240501140010_6f6160f7-ab55-4388-82c2-c57ba9e0f866): create database if not exists testDB
INFO  : Semantic Analysis Completed (retrial = false)
INFO  : Created Hive schema: Schema(fieldSchemas:null, properties:null)
INFO  : Completed compiling command(queryId=alex_20240501140010_6f6160f7-ab55-4388-82c2-c57ba9e0f866); Time taken: 0.007 seconds
INFO  : Concurrency mode is disabled, not creating a lock manager
INFO  : Executing command(queryId=alex_20240501140010_6f6160f7-ab55-4388-82c2-c57ba9e0f866): create database if not exists testDB
INFO  : Starting task [Stage-0:DDL] in serial mode
DEBUG : Task getting executed using mapred tag : alex_20240501140010_6f6160f7-ab55-4388-82c2-c57ba9e0f866,userid=null
INFO  : Completed executing command(queryId=alex_20240501140010_6f6160f7-ab55-4388-82c2-c57ba9e0f866); Time taken: 0.012 seconds
DEBUG : Shutting down query create database if not exists testDB
Error: Failed to wait for operation to complete (state=08S01,code=0)
hive> use default;drop if exists testDB;
INFO  : Compiling command(queryId=alex_20240501140010_c585333e-e559-47af-abce-eaff392ba115): use default
INFO  : Semantic Analysis Completed (retrial = false)
INFO  : Created Hive schema: Schema(fieldSchemas:null, properties:null)
INFO  : Completed compiling command(queryId=alex_20240501140010_c585333e-e559-47af-abce-eaff392ba115); Time taken: 0.003 seconds
INFO  : Concurrency mode is disabled, not creating a lock manager
INFO  : Executing command(queryId=alex_20240501140010_c585333e-e559-47af-abce-eaff392ba115): use default
INFO  : Starting task [Stage-0:DDL] in serial mode
DEBUG : Task getting executed using mapred tag : alex_20240501140010_c585333e-e559-47af-abce-eaff392ba115,userid=null
INFO  : Completed executing command(queryId=alex_20240501140010_c585333e-e559-47af-abce-eaff392ba115); Time taken: 0.011 seconds
DEBUG : Shutting down query use default
Error: Failed to wait for operation to complete (state=08S01,code=0)
hive> Closing: 0: jdbc:hive2://

	at org.junit.Assert.fail(Assert.java:89)
	at org.junit.Assert.assertTrue(Assert.java:42)
	at org.apache.hive.beeline.cli.TestHiveCli.verifyCMD(TestHiveCli.java:270)
	at org.apache.hive.beeline.cli.TestHiveCli.testUseCurrentDB3(TestHiveCli.java:226)
	at sun.reflect.NativeMethodAccessorImpl.invoke0(Native Method)
	at sun.reflect.NativeMethodAccessorImpl.invoke(NativeMethodAccessorImpl.java:62)
	at sun.reflect.DelegatingMethodAccessorImpl.invoke(DelegatingMethodAccessorImpl.java:43)
	at java.lang.reflect.Method.invoke(Method.java:498)
	at org.junit.runners.model.FrameworkMethod$1.runReflectiveCall(FrameworkMethod.java:59)
	at org.junit.internal.runners.model.ReflectiveCallable.run(ReflectiveCallable.java:12)
	at org.junit.runners.model.FrameworkMethod.invokeExplosively(FrameworkMethod.java:56)
	at org.junit.internal.runners.statements.InvokeMethod.evaluate(InvokeMethod.java:17)
	at org.junit.internal.runners.statements.RunBefores.evaluate(RunBefores.java:26)
	at org.junit.internal.runners.statements.RunAfters.evaluate(RunAfters.java:27)
	at org.junit.runners.ParentRunner$3.evaluate(ParentRunner.java:306)
	at org.junit.runners.BlockJUnit4ClassRunner$1.evaluate(BlockJUnit4ClassRunner.java:100)
	at org.junit.runners.ParentRunner.runLeaf(ParentRunner.java:366)
	at org.junit.runners.BlockJUnit4ClassRunner.runChild(BlockJUnit4ClassRunner.java:103)
	at org.junit.runners.BlockJUnit4ClassRunner.runChild(BlockJUnit4ClassRunner.java:63)
	at org.junit.runners.ParentRunner$4.run(ParentRunner.java:331)
	at org.junit.runners.ParentRunner$1.schedule(ParentRunner.java:79)
	at org.junit.runners.ParentRunner.runChildren(ParentRunner.java:329)
	at org.junit.runners.ParentRunner.access$100(ParentRunner.java:66)
	at org.junit.runners.ParentRunner$2.evaluate(ParentRunner.java:293)
	at org.junit.internal.runners.statements.RunBefores.evaluate(RunBefores.java:26)
	at org.junit.runners.ParentRunner$3.evaluate(ParentRunner.java:306)
	at org.junit.runners.ParentRunner.run(ParentRunner.java:413)
	at org.junit.runner.JUnitCore.run(JUnitCore.java:137)
	at org.junit.runner.JUnitCore.run(JUnitCore.java:115)
	at org.junit.vintage.engine.execution.RunnerExecutor.execute(RunnerExecutor.java:43)
	at java.util.stream.ForEachOps$ForEachOp$OfRef.accept(ForEachOps.java:183)
	at java.util.stream.ReferencePipeline$3$1.accept(ReferencePipeline.java:193)
	at java.util.Iterator.forEachRemaining(Iterator.java:116)
	at java.util.Spliterators$IteratorSpliterator.forEachRemaining(Spliterators.java:1801)
	at java.util.stream.AbstractPipeline.copyInto(AbstractPipeline.java:482)
	at java.util.stream.AbstractPipeline.wrapAndCopyInto(AbstractPipeline.java:472)
	at java.util.stream.ForEachOps$ForEachOp.evaluateSequential(ForEachOps.java:150)
	at java.util.stream.ForEachOps$ForEachOp$OfRef.evaluateSequential(ForEachOps.java:173)
	at java.util.stream.AbstractPipeline.evaluate(AbstractPipeline.java:234)
	at java.util.stream.ReferencePipeline.forEach(ReferencePipeline.java:485)
	at org.junit.vintage.engine.VintageTestEngine.executeAllChildren(VintageTestEngine.java:82)
	at org.junit.vintage.engine.VintageTestEngine.execute(VintageTestEngine.java:73)
	at org.junit.platform.launcher.core.DefaultLauncher.execute(DefaultLauncher.java:248)
	at org.junit.platform.launcher.core.DefaultLauncher.lambda$execute$5(DefaultLauncher.java:211)
	at org.junit.platform.launcher.core.DefaultLauncher.withInterceptedStreams(DefaultLauncher.java:226)
	at org.junit.platform.launcher.core.DefaultLauncher.execute(DefaultLauncher.java:199)
	at org.junit.platform.launcher.core.DefaultLauncher.execute(DefaultLauncher.java:132)
	at org.apache.maven.surefire.junitplatform.JUnitPlatformProvider.invokeAllTests(JUnitPlatformProvider.java:154)
	at org.apache.maven.surefire.junitplatform.JUnitPlatformProvider.invoke(JUnitPlatformProvider.java:123)
	at org.apache.maven.surefire.booter.ForkedBooter.runSuitesInProcess(ForkedBooter.java:377)
	at org.apache.maven.surefire.booter.ForkedBooter.execute(ForkedBooter.java:138)
	at org.apache.maven.surefire.booter.ForkedBooter.run(ForkedBooter.java:465)
	at org.apache.maven.surefire.booter.ForkedBooter.main(ForkedBooter.java:451)
]]></failure>
    <system-err><![CDATA[2024-05-01T14:00:10,705 ERROR [main] cli.TestHiveCli: Failed to execute command due to the error: java.lang.NullPointerException: Null output stream
2024-05-01T14:00:10,775  WARN [main] conf.HiveConf: HiveConf of name hive.dummyparam.test.server.specific.config.override does not exist
2024-05-01T14:00:10,775  WARN [main] conf.HiveConf: HiveConf of name hive.dummyparam.test.server.specific.config.hiveserver2site does not exist
2024-05-01T14:00:10,776  WARN [main] conf.HiveConf: HiveConf of name hive.dummyparam.test.server.specific.config.metastoresite does not exist
2024-05-01T14:00:10,778  INFO [main] SessionState: Hive Session ID = 9dbc1601-21d4-425a-8901-5193f74d0757
2024-05-01T14:00:10,779  INFO [main] DependencyResolver: ivysettings.xml file not found in HIVE_HOME or HIVE_CONF_DIR,/home/alex/Repositories/hive/conf/ivysettings.xml will be used
2024-05-01T14:00:10,787  INFO [main] session.SessionState: Created HDFS directory: /tmp/hive/alex/9dbc1601-21d4-425a-8901-5193f74d0757
2024-05-01T14:00:10,791  INFO [main] session.SessionState: Created local directory: /home/alex/Repositories/hive/beeline/target/tmp/alex/9dbc1601-21d4-425a-8901-5193f74d0757
2024-05-01T14:00:10,795  INFO [main] session.SessionState: Created HDFS directory: /tmp/hive/alex/9dbc1601-21d4-425a-8901-5193f74d0757/_tmp_space.db
2024-05-01T14:00:10,796  INFO [main] sqlstd.SQLStdHiveAccessController: Created SQLStdHiveAccessController for session context : HiveAuthzSessionContext [sessionString=9dbc1601-21d4-425a-8901-5193f74d0757, clientType=HIVESERVER2]
2024-05-01T14:00:10,797  INFO [main] metastore.HiveMetaStoreClient: HMS client filtering is enabled.
2024-05-01T14:00:10,797  INFO [main] metastore.HMSHandler: 0: Opening raw store with implementation class:org.apache.hadoop.hive.metastore.ObjectStore
2024-05-01T14:00:10,798  INFO [main] metastore.PersistenceManagerProvider: Configuration datanucleus.autoStartMechanismMode is not set. Defaulting to 'ignored'
2024-05-01T14:00:10,798  INFO [main] metastore.ObjectStore: RawStore: org.apache.hadoop.hive.metastore.ObjectStore@343d1d25, with PersistenceManager: null will be shutdown
2024-05-01T14:00:10,798  INFO [main] metastore.ObjectStore: RawStore: org.apache.hadoop.hive.metastore.ObjectStore@343d1d25, with PersistenceManager: org.datanucleus.api.jdo.JDOPersistenceManager@762da62b created in the thread with id: 1
2024-05-01T14:00:10,801  INFO [main] metastore.HMSHandler: Created RawStore: org.apache.hadoop.hive.metastore.ObjectStore@343d1d25 from thread id: 1
2024-05-01T14:00:10,802  INFO [main] metastore.HMSHandler: HMS server filtering is disabled by configuration
2024-05-01T14:00:10,802  INFO [main] metastore.RetryingMetaStoreClient: RetryingMetaStoreClient proxy=class org.apache.hadoop.hive.ql.metadata.SessionHiveMetaStoreClient ugi=alex (auth:SIMPLE) retries=1 delay=1 lifetime=0
2024-05-01T14:00:10,802  INFO [main] service.CompositeService: Operation log root directory is created: /home/alex/Repositories/hive/beeline/target/tmp/alex/operation_logs
2024-05-01T14:00:10,802  INFO [main] service.CompositeService: HiveServer2: Background operation thread pool size: 100
2024-05-01T14:00:10,802  INFO [main] service.CompositeService: HiveServer2: Background operation thread wait queue size: 100
2024-05-01T14:00:10,802  INFO [main] service.CompositeService: HiveServer2: Background operation thread keepalive time: 10 seconds
2024-05-01T14:00:10,802  INFO [main] service.CompositeService: Connections limit are user: 0 ipaddress: 0 user-ipaddress: 0
2024-05-01T14:00:10,804  INFO [main] cleanup.EventualCleanupService: EventualCleanupService started with 10 threads and queue of size 10000
ERROR StatusLogger Log4j2 ConfigurationScheduler attempted to increment scheduled items after start
ERROR StatusLogger Log4j2 ConfigurationScheduler attempted to increment scheduled items after start
2024-05-01T14:00:10,805  INFO [main] service.AbstractService: Service:OperationManager is inited.
2024-05-01T14:00:10,806  INFO [main] service.AbstractService: Service:SessionManager is inited.
2024-05-01T14:00:10,806  INFO [main] service.AbstractService: Service:CLIService is inited.
2024-05-01T14:00:10,806  INFO [main] service.AbstractService: Service:OperationManager is started.
2024-05-01T14:00:10,806  INFO [main] service.AbstractService: Service:SessionManager is started.
2024-05-01T14:00:10,806  INFO [main] service.AbstractService: Service:CLIService is started.
2024-05-01T14:00:10,806  INFO [main] service.AbstractService: Service:ThriftBinaryCLIService is inited.
2024-05-01T14:00:10,806  INFO [main] thrift.ThriftCLIService: Client protocol version: HIVE_CLI_SERVICE_PROTOCOL_V10
2024-05-01T14:00:10,806  INFO [main] thrift.ThriftCLIService: Creating Hive session handle for user [null] from IP null
2024-05-01T14:00:10,808  INFO [main] DependencyResolver: ivysettings.xml file not found in HIVE_HOME or HIVE_CONF_DIR,/home/alex/Repositories/hive/conf/ivysettings.xml will be used
2024-05-01T14:00:10,817  INFO [main] session.SessionState: Created HDFS directory: /tmp/hive/alex/6a792328-eb56-466a-b022-6b8fde101e3c
2024-05-01T14:00:10,820  INFO [main] session.SessionState: Created local directory: /home/alex/Repositories/hive/beeline/target/tmp/alex/6a792328-eb56-466a-b022-6b8fde101e3c
2024-05-01T14:00:10,824  INFO [main] session.SessionState: Created HDFS directory: /tmp/hive/alex/6a792328-eb56-466a-b022-6b8fde101e3c/_tmp_space.db
2024-05-01T14:00:10,824  INFO [main] session.SessionState: Reloading auxiliary JAR files
2024-05-01T14:00:10,824  WARN [main] session.SessionState: Configuration hive.reloadable.aux.jars.path not specified
2024-05-01T14:00:10,824  INFO [main] HiveMetaStore.audit: ugi=alex	ip=unknown-ip-addr	cmd=Cleaning up thread local RawStore...	
2024-05-01T14:00:10,824  INFO [main] metastore.ObjectStore: RawStore: org.apache.hadoop.hive.metastore.ObjectStore@343d1d25, with PersistenceManager: org.datanucleus.api.jdo.JDOPersistenceManager@762da62b will be shutdown
2024-05-01T14:00:10,824  INFO [main] HiveMetaStore.audit: ugi=alex	ip=unknown-ip-addr	cmd=Done cleaning up thread local RawStore	
2024-05-01T14:00:10,824  INFO [main] metastore.HiveMetaStoreClient: Closed a connection to metastore, current connections: -20
2024-05-01T14:00:10,825  INFO [main] session.HiveSessionImpl: Operation log session directory is created: /home/alex/Repositories/hive/beeline/target/tmp/alex/operation_logs/6a792328-eb56-466a-b022-6b8fde101e3c
2024-05-01T14:00:10,825  INFO [main] service.CompositeService: Session opened, SessionHandle [6a792328-eb56-466a-b022-6b8fde101e3c], current sessions:1
2024-05-01T14:00:10,825  INFO [main] thrift.ThriftCLIService: Login attempt is successful for user : null
2024-05-01T14:00:10,890  WARN [main] conf.HiveConf: HiveConf of name hive.dummyparam.test.server.specific.config.override does not exist
2024-05-01T14:00:10,891  WARN [main] conf.HiveConf: HiveConf of name hive.dummyparam.test.server.specific.config.hiveserver2site does not exist
2024-05-01T14:00:10,891  WARN [main] conf.HiveConf: HiveConf of name hive.dummyparam.test.server.specific.config.metastoresite does not exist
2024-05-01T14:00:10,891  INFO [6a792328-eb56-466a-b022-6b8fde101e3c main] session.HiveSessionImpl: executing set
2024-05-01T14:00:10,892  INFO [6a792328-eb56-466a-b022-6b8fde101e3c main] operation.HiveCommandOperation: Putting temp output to file /home/alex/Repositories/hive/beeline/target/tmp/alex/6a792328-eb56-466a-b022-6b8fde101e3c2968809178382741797.pipeout and error output to file /home/alex/Repositories/hive/beeline/target/tmp/alex/6a792328-eb56-466a-b022-6b8fde101e3c1279726267825043641.pipeout
2024-05-01T14:00:10,893  INFO [6a792328-eb56-466a-b022-6b8fde101e3c main] operation.OperationManager: Adding operation: OperationHandle [opType=EXECUTE_STATEMENT, getHandleIdentifier()=fec6e8cc-5218-40f4-b54e-4e26f17abb30] SessionHandle [6a792328-eb56-466a-b022-6b8fde101e3c]
2024-05-01T14:00:10,893  INFO [6a792328-eb56-466a-b022-6b8fde101e3c main] common.LogUtils: Thread context registration is done.
DEBUG StatusLogger Building Plugin[name=filter, class=org.apache.hadoop.hive.ql.log.LogDivertAppender$NameFilter].
DEBUG StatusLogger createFilter(loggingLevel="EXECUTION")
DEBUG StatusLogger Building Plugin[name=layout, class=org.apache.logging.log4j.core.layout.PatternLayout].
DEBUG StatusLogger PatternLayout$Builder(pattern="%-5p : %m%n", PatternSelector=null, Configuration(HiveLog4j2Test), Replace=null, charset="null", alwaysWriteExceptions="null", disableAnsi="null", noConsoleNoAnsi="null", header="null", footer="null")
DEBUG StatusLogger Building Plugin[name=appender, class=org.apache.hadoop.hive.ql.log.HushableRandomAccessFileAppender].
DEBUG StatusLogger createAppender(fileName="/home/alex/Repositories/hive/beeline/target/tmp/alex/operation_logs/6a792328-eb56-466a-b022-6b8fde101e3c/alex_20240501140010_31796ab2-79fd-4c5a-9c1c-31cb7fd2857f", append="null", name="query-file-appender", immediateFlush="null", bufferSize="null", ignoreExceptions="null", PatternLayout(org.apache.logging.log4j.core.layout.PatternLayout with name PatternLayout), NameFilter(org.apache.hadoop.hive.ql.log.LogDivertAppender$NameFilter with name NameFilter), advertise="null", advertiseURI="null", Configuration(HiveLog4j2Test))
DEBUG StatusLogger Starting RandomAccessFileManager /home/alex/Repositories/hive/beeline/target/tmp/alex/operation_logs/6a792328-eb56-466a-b022-6b8fde101e3c/alex_20240501140010_31796ab2-79fd-4c5a-9c1c-31cb7fd2857f
DEBUG StatusLogger Building Plugin[name=, class=org.apache.hadoop.hive.ql.log.LogDivertAppenderForTest$TestFilter].
DEBUG StatusLogger createFilter()
DEBUG StatusLogger Building Plugin[name=, class=org.apache.logging.log4j.core.layout.PatternLayout].
DEBUG StatusLogger PatternLayout$Builder(pattern="%-5p : %m%n", PatternSelector=null, Configuration(HiveLog4j2Test), Replace=null, charset="null", alwaysWriteExceptions="null", disableAnsi="null", noConsoleNoAnsi="null", header="null", footer="null")
DEBUG StatusLogger Building Plugin[name=appender, class=org.apache.hadoop.hive.ql.log.HushableRandomAccessFileAppender].
DEBUG StatusLogger createAppender(fileName="/home/alex/Repositories/hive/beeline/target/tmp/alex/operation_logs/6a792328-eb56-466a-b022-6b8fde101e3c/alex_20240501140010_31796ab2-79fd-4c5a-9c1c-31cb7fd2857f.test", append="null", name="test-query-file-appender", immediateFlush="null", bufferSize="null", ignoreExceptions="null", PatternLayout(org.apache.logging.log4j.core.layout.PatternLayout with name PatternLayout), test-filter(org.apache.hadoop.hive.ql.log.LogDivertAppenderForTest$TestFilter with name test-filter), advertise="null", advertiseURI="null", Configuration(HiveLog4j2Test))
DEBUG StatusLogger Starting RandomAccessFileManager /home/alex/Repositories/hive/beeline/target/tmp/alex/operation_logs/6a792328-eb56-466a-b022-6b8fde101e3c/alex_20240501140010_31796ab2-79fd-4c5a-9c1c-31cb7fd2857f.test
2024-05-01T14:00:10,900  INFO [6a792328-eb56-466a-b022-6b8fde101e3c main] operation.HiveCommandOperation: [opType=EXECUTE_STATEMENT, queryId=alex_20240501140010_31796ab2-79fd-4c5a-9c1c-31cb7fd2857f, startTime=1714597210891, sessionId=6a792328-eb56-466a-b022-6b8fde101e3c, createTime=1714597210806, userName=null, ipAddress=null]
2024-05-01T14:00:10,910  INFO [6a792328-eb56-466a-b022-6b8fde101e3c main] common.LogUtils: Unregistered logging context.
2024-05-01T14:00:10,916  INFO [6a792328-eb56-466a-b022-6b8fde101e3c main] operation.OperationManager: Closing operation: OperationHandle [opType=EXECUTE_STATEMENT, getHandleIdentifier()=fec6e8cc-5218-40f4-b54e-4e26f17abb30]
2024-05-01T14:00:10,916  INFO [6a792328-eb56-466a-b022-6b8fde101e3c main] operation.OperationManager: Removed queryId: alex_20240501140010_31796ab2-79fd-4c5a-9c1c-31cb7fd2857f corresponding to operation: OperationHandle [opType=EXECUTE_STATEMENT, getHandleIdentifier()=fec6e8cc-5218-40f4-b54e-4e26f17abb30] with tag: null
2024-05-01T14:00:10,917  INFO [6a792328-eb56-466a-b022-6b8fde101e3c main] operation.HiveCommandOperation: Closing operation log /home/alex/Repositories/hive/beeline/target/tmp/alex/operation_logs/6a792328-eb56-466a-b022-6b8fde101e3c/alex_20240501140010_31796ab2-79fd-4c5a-9c1c-31cb7fd2857f without delay
2024-05-01T14:00:10,924  INFO [6a792328-eb56-466a-b022-6b8fde101e3c main] session.HiveSessionImpl: executing create database if not exists testDB
2024-05-01T14:00:10,925  INFO [6a792328-eb56-466a-b022-6b8fde101e3c main] operation.OperationManager: Adding operation: OperationHandle [opType=EXECUTE_STATEMENT, getHandleIdentifier()=15cee0e7-8afc-4a0d-bb0e-beab8eacd7ab] SessionHandle [6a792328-eb56-466a-b022-6b8fde101e3c]
2024-05-01T14:00:10,925  INFO [6a792328-eb56-466a-b022-6b8fde101e3c main] common.LogUtils: Thread context registration is done.
DEBUG StatusLogger Building Plugin[name=filter, class=org.apache.hadoop.hive.ql.log.LogDivertAppender$NameFilter].
DEBUG StatusLogger createFilter(loggingLevel="EXECUTION")
DEBUG StatusLogger Building Plugin[name=layout, class=org.apache.logging.log4j.core.layout.PatternLayout].
DEBUG StatusLogger PatternLayout$Builder(pattern="%-5p : %m%n", PatternSelector=null, Configuration(HiveLog4j2Test), Replace=null, charset="null", alwaysWriteExceptions="null", disableAnsi="null", noConsoleNoAnsi="null", header="null", footer="null")
DEBUG StatusLogger Building Plugin[name=appender, class=org.apache.hadoop.hive.ql.log.HushableRandomAccessFileAppender].
DEBUG StatusLogger createAppender(fileName="/home/alex/Repositories/hive/beeline/target/tmp/alex/operation_logs/6a792328-eb56-466a-b022-6b8fde101e3c/alex_20240501140010_6f6160f7-ab55-4388-82c2-c57ba9e0f866", append="null", name="query-file-appender", immediateFlush="null", bufferSize="null", ignoreExceptions="null", PatternLayout(org.apache.logging.log4j.core.layout.PatternLayout with name PatternLayout), NameFilter(org.apache.hadoop.hive.ql.log.LogDivertAppender$NameFilter with name NameFilter), advertise="null", advertiseURI="null", Configuration(HiveLog4j2Test))
DEBUG StatusLogger Starting RandomAccessFileManager /home/alex/Repositories/hive/beeline/target/tmp/alex/operation_logs/6a792328-eb56-466a-b022-6b8fde101e3c/alex_20240501140010_6f6160f7-ab55-4388-82c2-c57ba9e0f866
DEBUG StatusLogger Building Plugin[name=, class=org.apache.hadoop.hive.ql.log.LogDivertAppenderForTest$TestFilter].
DEBUG StatusLogger createFilter()
DEBUG StatusLogger Building Plugin[name=, class=org.apache.logging.log4j.core.layout.PatternLayout].
DEBUG StatusLogger PatternLayout$Builder(pattern="%-5p : %m%n", PatternSelector=null, Configuration(HiveLog4j2Test), Replace=null, charset="null", alwaysWriteExceptions="null", disableAnsi="null", noConsoleNoAnsi="null", header="null", footer="null")
DEBUG StatusLogger Building Plugin[name=appender, class=org.apache.hadoop.hive.ql.log.HushableRandomAccessFileAppender].
DEBUG StatusLogger createAppender(fileName="/home/alex/Repositories/hive/beeline/target/tmp/alex/operation_logs/6a792328-eb56-466a-b022-6b8fde101e3c/alex_20240501140010_6f6160f7-ab55-4388-82c2-c57ba9e0f866.test", append="null", name="test-query-file-appender", immediateFlush="null", bufferSize="null", ignoreExceptions="null", PatternLayout(org.apache.logging.log4j.core.layout.PatternLayout with name PatternLayout), test-filter(org.apache.hadoop.hive.ql.log.LogDivertAppenderForTest$TestFilter with name test-filter), advertise="null", advertiseURI="null", Configuration(HiveLog4j2Test))
DEBUG StatusLogger Starting RandomAccessFileManager /home/alex/Repositories/hive/beeline/target/tmp/alex/operation_logs/6a792328-eb56-466a-b022-6b8fde101e3c/alex_20240501140010_6f6160f7-ab55-4388-82c2-c57ba9e0f866.test
2024-05-01T14:00:10,932  INFO [6a792328-eb56-466a-b022-6b8fde101e3c main] operation.SQLOperation: [opType=EXECUTE_STATEMENT, queryId=alex_20240501140010_6f6160f7-ab55-4388-82c2-c57ba9e0f866, startTime=1714597210924, sessionId=6a792328-eb56-466a-b022-6b8fde101e3c, createTime=1714597210806, userName=null, ipAddress=null]
2024-05-01T14:00:10,933  INFO [6a792328-eb56-466a-b022-6b8fde101e3c main] ql.Driver: Compiling command(queryId=alex_20240501140010_6f6160f7-ab55-4388-82c2-c57ba9e0f866): create database if not exists testDB
2024-05-01T14:00:10,934  INFO [6a792328-eb56-466a-b022-6b8fde101e3c main] metastore.HiveMetaStoreClient: HMS client filtering is enabled.
2024-05-01T14:00:10,935  INFO [6a792328-eb56-466a-b022-6b8fde101e3c main] metastore.HMSHandler: 0: Opening raw store with implementation class:org.apache.hadoop.hive.metastore.ObjectStore
2024-05-01T14:00:10,935  INFO [6a792328-eb56-466a-b022-6b8fde101e3c main] metastore.PersistenceManagerProvider: Configuration datanucleus.autoStartMechanismMode is not set. Defaulting to 'ignored'
2024-05-01T14:00:10,936  INFO [6a792328-eb56-466a-b022-6b8fde101e3c main] metastore.ObjectStore: RawStore: org.apache.hadoop.hive.metastore.ObjectStore@3de45b6c, with PersistenceManager: null will be shutdown
2024-05-01T14:00:10,936  INFO [6a792328-eb56-466a-b022-6b8fde101e3c main] metastore.ObjectStore: RawStore: org.apache.hadoop.hive.metastore.ObjectStore@3de45b6c, with PersistenceManager: org.datanucleus.api.jdo.JDOPersistenceManager@37caecda created in the thread with id: 1
2024-05-01T14:00:10,939  INFO [6a792328-eb56-466a-b022-6b8fde101e3c main] metastore.HMSHandler: Created RawStore: org.apache.hadoop.hive.metastore.ObjectStore@3de45b6c from thread id: 1
2024-05-01T14:00:10,939  INFO [6a792328-eb56-466a-b022-6b8fde101e3c main] metastore.HMSHandler: HMS server filtering is disabled by configuration
2024-05-01T14:00:10,940  INFO [6a792328-eb56-466a-b022-6b8fde101e3c main] metastore.RetryingMetaStoreClient: RetryingMetaStoreClient proxy=class org.apache.hadoop.hive.ql.metadata.SessionHiveMetaStoreClient ugi=alex (auth:SIMPLE) retries=1 delay=1 lifetime=0
2024-05-01T14:00:10,940  INFO [6a792328-eb56-466a-b022-6b8fde101e3c main] ql.Driver: Semantic Analysis Completed (retrial = false)
2024-05-01T14:00:10,940  INFO [6a792328-eb56-466a-b022-6b8fde101e3c main] ql.Driver: Created Hive schema: Schema(fieldSchemas:null, properties:null)
2024-05-01T14:00:10,940  INFO [6a792328-eb56-466a-b022-6b8fde101e3c main] metadata.Hive: Dumping metastore api call timing information for : compilation phase
2024-05-01T14:00:10,940  INFO [6a792328-eb56-466a-b022-6b8fde101e3c main] metadata.Hive: Total time spent in each metastore function (ms): {isCompatibleWith_(Configuration)=0, flushCache_()=0}
2024-05-01T14:00:10,940  INFO [6a792328-eb56-466a-b022-6b8fde101e3c main] ql.Driver: Completed compiling command(queryId=alex_20240501140010_6f6160f7-ab55-4388-82c2-c57ba9e0f866); Time taken: 0.007 seconds
2024-05-01T14:00:10,941  INFO [6a792328-eb56-466a-b022-6b8fde101e3c main] common.LogUtils: Unregistered logging context.
2024-05-01T14:00:10,941  INFO [HiveServer2-Background-Pool: Thread-357] common.LogUtils: Thread context registration is done.
2024-05-01T14:00:10,942  INFO [HiveServer2-Background-Pool: Thread-357] reexec.ReExecDriver: Execution #1 of query
2024-05-01T14:00:10,943  INFO [HiveServer2-Background-Pool: Thread-357] ql.Driver: Concurrency mode is disabled, not creating a lock manager
2024-05-01T14:00:10,943  INFO [HiveServer2-Background-Pool: Thread-357] ql.Driver: Executing command(queryId=alex_20240501140010_6f6160f7-ab55-4388-82c2-c57ba9e0f866): create database if not exists testDB
2024-05-01T14:00:10,944  INFO [HiveServer2-Background-Pool: Thread-357] ql.Driver: Starting task [Stage-0:DDL] in serial mode
2024-05-01T14:00:10,946  INFO [HiveServer2-Background-Pool: Thread-357] sqlstd.SQLStdHiveAccessController: Created SQLStdHiveAccessController for session context : HiveAuthzSessionContext [sessionString=6a792328-eb56-466a-b022-6b8fde101e3c, clientType=HIVESERVER2]
2024-05-01T14:00:10,946  WARN [HiveServer2-Background-Pool: Thread-357] exec.DDLTask: metastore.warehouse.external.dir is not set, falling back to metastore.warehouse.dir. This could cause external tables to use to managed tablespace.
2024-05-01T14:00:10,947  INFO [HiveServer2-Background-Pool: Thread-357] HiveMetaStore.audit: ugi=alex	ip=unknown-ip-addr	cmd=create_database: Database(name:testDB, description:null, locationUri:file:/home/alex/Repositories/hive/beeline/target/tmp/warehouse/testdb.db, parameters:null, ownerName:alex, ownerType:USER, catalogName:hive, type:NATIVE)	
2024-05-01T14:00:10,948  INFO [HiveServer2-Background-Pool: Thread-357] metastore.HMSHandler: 18: Opening raw store with implementation class:org.apache.hadoop.hive.metastore.ObjectStore
2024-05-01T14:00:10,949  INFO [HiveServer2-Background-Pool: Thread-357] metastore.ObjectStore: RawStore: org.apache.hadoop.hive.metastore.ObjectStore@69274d18, with PersistenceManager: null will be shutdown
2024-05-01T14:00:10,949  INFO [HiveServer2-Background-Pool: Thread-357] metastore.ObjectStore: RawStore: org.apache.hadoop.hive.metastore.ObjectStore@69274d18, with PersistenceManager: org.datanucleus.api.jdo.JDOPersistenceManager@2c25ce58 created in the thread with id: 357
2024-05-01T14:00:10,953  INFO [HiveServer2-Background-Pool: Thread-357] metastore.HMSHandler: Created RawStore: org.apache.hadoop.hive.metastore.ObjectStore@69274d18 from thread id: 357
2024-05-01T14:00:10,954 ERROR [HiveServer2-Background-Pool: Thread-357] metastore.RetryingHMSHandler: AlreadyExistsException(message:Database testDB already exists)
	at org.apache.hadoop.hive.metastore.HMSHandler.create_database(HMSHandler.java:1472)
	at sun.reflect.NativeMethodAccessorImpl.invoke0(Native Method)
	at sun.reflect.NativeMethodAccessorImpl.invoke(NativeMethodAccessorImpl.java:62)
	at sun.reflect.DelegatingMethodAccessorImpl.invoke(DelegatingMethodAccessorImpl.java:43)
	at java.lang.reflect.Method.invoke(Method.java:498)
	at org.apache.hadoop.hive.metastore.RetryingHMSHandler.invokeInternal(RetryingHMSHandler.java:147)
	at org.apache.hadoop.hive.metastore.RetryingHMSHandler.invoke(RetryingHMSHandler.java:108)
	at com.sun.proxy.$Proxy40.create_database(Unknown Source)
	at org.apache.hadoop.hive.metastore.HiveMetaStoreClient.createDatabase(HiveMetaStoreClient.java:1151)
	at sun.reflect.NativeMethodAccessorImpl.invoke0(Native Method)
	at sun.reflect.NativeMethodAccessorImpl.invoke(NativeMethodAccessorImpl.java:62)
	at sun.reflect.DelegatingMethodAccessorImpl.invoke(DelegatingMethodAccessorImpl.java:43)
	at java.lang.reflect.Method.invoke(Method.java:498)
	at org.apache.hadoop.hive.metastore.RetryingMetaStoreClient.invoke(RetryingMetaStoreClient.java:218)
	at com.sun.proxy.$Proxy41.createDatabase(Unknown Source)
	at org.apache.hadoop.hive.ql.metadata.Hive.createDatabase(Hive.java:605)
	at org.apache.hadoop.hive.ql.ddl.database.create.CreateDatabaseOperation.execute(CreateDatabaseOperation.java:68)
	at org.apache.hadoop.hive.ql.ddl.DDLTask.execute(DDLTask.java:84)
	at org.apache.hadoop.hive.ql.exec.Task.executeTask(Task.java:212)
	at org.apache.hadoop.hive.ql.exec.TaskRunner.runSequential(TaskRunner.java:105)
	at org.apache.hadoop.hive.ql.Executor.launchTask(Executor.java:361)
	at org.apache.hadoop.hive.ql.Executor.launchTasks(Executor.java:334)
	at org.apache.hadoop.hive.ql.Executor.runTasks(Executor.java:245)
	at org.apache.hadoop.hive.ql.Executor.execute(Executor.java:108)
	at org.apache.hadoop.hive.ql.Driver.execute(Driver.java:348)
	at org.apache.hadoop.hive.ql.Driver.runInternal(Driver.java:204)
	at org.apache.hadoop.hive.ql.Driver.run(Driver.java:153)
	at org.apache.hadoop.hive.ql.Driver.run(Driver.java:148)
	at org.apache.hadoop.hive.ql.reexec.ReExecDriver.run(ReExecDriver.java:164)
	at org.apache.hive.service.cli.operation.SQLOperation.runQuery(SQLOperation.java:233)
	at org.apache.hive.service.cli.operation.SQLOperation.access$500(SQLOperation.java:88)
	at org.apache.hive.service.cli.operation.SQLOperation$BackgroundWork$1.run(SQLOperation.java:336)
	at java.security.AccessController.doPrivileged(Native Method)
	at javax.security.auth.Subject.doAs(Subject.java:422)
	at org.apache.hadoop.security.UserGroupInformation.doAs(UserGroupInformation.java:1682)
	at org.apache.hive.service.cli.operation.SQLOperation$BackgroundWork.run(SQLOperation.java:356)
	at java.util.concurrent.Executors$RunnableAdapter.call(Executors.java:511)
	at java.util.concurrent.FutureTask.run(FutureTask.java:266)
	at java.util.concurrent.ThreadPoolExecutor.runWorker(ThreadPoolExecutor.java:1149)
	at java.util.concurrent.ThreadPoolExecutor$Worker.run(ThreadPoolExecutor.java:624)
	at java.lang.Thread.run(Thread.java:750)

2024-05-01T14:00:10,955  INFO [HiveServer2-Background-Pool: Thread-357] metadata.Hive: Dumping metastore api call timing information for : execution phase
2024-05-01T14:00:10,955  INFO [HiveServer2-Background-Pool: Thread-357] metadata.Hive: Total time spent in each metastore function (ms): {isCompatibleWith_(Configuration)=0}
2024-05-01T14:00:10,955  INFO [HiveServer2-Background-Pool: Thread-357] ql.Driver: Completed executing command(queryId=alex_20240501140010_6f6160f7-ab55-4388-82c2-c57ba9e0f866); Time taken: 0.012 seconds
2024-05-01T14:00:10,956  INFO [HiveServer2-Background-Pool: Thread-357] common.LogUtils: Unregistered logging context.
2024-05-01T14:00:10,959  INFO [6a792328-eb56-466a-b022-6b8fde101e3c main] operation.OperationManager: Closing operation: OperationHandle [opType=EXECUTE_STATEMENT, getHandleIdentifier()=15cee0e7-8afc-4a0d-bb0e-beab8eacd7ab]
2024-05-01T14:00:10,959  INFO [6a792328-eb56-466a-b022-6b8fde101e3c main] operation.OperationManager: Removed queryId: alex_20240501140010_6f6160f7-ab55-4388-82c2-c57ba9e0f866 corresponding to operation: OperationHandle [opType=EXECUTE_STATEMENT, getHandleIdentifier()=15cee0e7-8afc-4a0d-bb0e-beab8eacd7ab] with tag: null
2024-05-01T14:00:10,959  INFO [6a792328-eb56-466a-b022-6b8fde101e3c main] operation.SQLOperation: Closing operation log /home/alex/Repositories/hive/beeline/target/tmp/alex/operation_logs/6a792328-eb56-466a-b022-6b8fde101e3c/alex_20240501140010_6f6160f7-ab55-4388-82c2-c57ba9e0f866 without delay
2024-05-01T14:00:10,966  INFO [6a792328-eb56-466a-b022-6b8fde101e3c main] session.HiveSessionImpl: executing use default
2024-05-01T14:00:10,967  INFO [6a792328-eb56-466a-b022-6b8fde101e3c main] operation.OperationManager: Adding operation: OperationHandle [opType=EXECUTE_STATEMENT, getHandleIdentifier()=4318f77a-63c3-4df8-9eaa-99965b44a5aa] SessionHandle [6a792328-eb56-466a-b022-6b8fde101e3c]
2024-05-01T14:00:10,967  INFO [6a792328-eb56-466a-b022-6b8fde101e3c main] common.LogUtils: Thread context registration is done.
DEBUG StatusLogger Building Plugin[name=filter, class=org.apache.hadoop.hive.ql.log.LogDivertAppender$NameFilter].
DEBUG StatusLogger createFilter(loggingLevel="EXECUTION")
DEBUG StatusLogger Building Plugin[name=layout, class=org.apache.logging.log4j.core.layout.PatternLayout].
DEBUG StatusLogger PatternLayout$Builder(pattern="%-5p : %m%n", PatternSelector=null, Configuration(HiveLog4j2Test), Replace=null, charset="null", alwaysWriteExceptions="null", disableAnsi="null", noConsoleNoAnsi="null", header="null", footer="null")
DEBUG StatusLogger Building Plugin[name=appender, class=org.apache.hadoop.hive.ql.log.HushableRandomAccessFileAppender].
DEBUG StatusLogger createAppender(fileName="/home/alex/Repositories/hive/beeline/target/tmp/alex/operation_logs/6a792328-eb56-466a-b022-6b8fde101e3c/alex_20240501140010_c585333e-e559-47af-abce-eaff392ba115", append="null", name="query-file-appender", immediateFlush="null", bufferSize="null", ignoreExceptions="null", PatternLayout(org.apache.logging.log4j.core.layout.PatternLayout with name PatternLayout), NameFilter(org.apache.hadoop.hive.ql.log.LogDivertAppender$NameFilter with name NameFilter), advertise="null", advertiseURI="null", Configuration(HiveLog4j2Test))
DEBUG StatusLogger Starting RandomAccessFileManager /home/alex/Repositories/hive/beeline/target/tmp/alex/operation_logs/6a792328-eb56-466a-b022-6b8fde101e3c/alex_20240501140010_c585333e-e559-47af-abce-eaff392ba115
DEBUG StatusLogger Building Plugin[name=, class=org.apache.hadoop.hive.ql.log.LogDivertAppenderForTest$TestFilter].
DEBUG StatusLogger createFilter()
DEBUG StatusLogger Building Plugin[name=, class=org.apache.logging.log4j.core.layout.PatternLayout].
DEBUG StatusLogger PatternLayout$Builder(pattern="%-5p : %m%n", PatternSelector=null, Configuration(HiveLog4j2Test), Replace=null, charset="null", alwaysWriteExceptions="null", disableAnsi="null", noConsoleNoAnsi="null", header="null", footer="null")
DEBUG StatusLogger Building Plugin[name=appender, class=org.apache.hadoop.hive.ql.log.HushableRandomAccessFileAppender].
DEBUG StatusLogger createAppender(fileName="/home/alex/Repositories/hive/beeline/target/tmp/alex/operation_logs/6a792328-eb56-466a-b022-6b8fde101e3c/alex_20240501140010_c585333e-e559-47af-abce-eaff392ba115.test", append="null", name="test-query-file-appender", immediateFlush="null", bufferSize="null", ignoreExceptions="null", PatternLayout(org.apache.logging.log4j.core.layout.PatternLayout with name PatternLayout), test-filter(org.apache.hadoop.hive.ql.log.LogDivertAppenderForTest$TestFilter with name test-filter), advertise="null", advertiseURI="null", Configuration(HiveLog4j2Test))
DEBUG StatusLogger Starting RandomAccessFileManager /home/alex/Repositories/hive/beeline/target/tmp/alex/operation_logs/6a792328-eb56-466a-b022-6b8fde101e3c/alex_20240501140010_c585333e-e559-47af-abce-eaff392ba115.test
2024-05-01T14:00:10,972  INFO [6a792328-eb56-466a-b022-6b8fde101e3c main] operation.SQLOperation: [opType=EXECUTE_STATEMENT, queryId=alex_20240501140010_c585333e-e559-47af-abce-eaff392ba115, startTime=1714597210966, sessionId=6a792328-eb56-466a-b022-6b8fde101e3c, createTime=1714597210806, userName=null, ipAddress=null]
2024-05-01T14:00:10,972  INFO [6a792328-eb56-466a-b022-6b8fde101e3c main] ql.Driver: Compiling command(queryId=alex_20240501140010_c585333e-e559-47af-abce-eaff392ba115): use default
2024-05-01T14:00:10,974  INFO [6a792328-eb56-466a-b022-6b8fde101e3c main] HiveMetaStore.audit: ugi=alex	ip=unknown-ip-addr	cmd=get_database: default	
2024-05-01T14:00:10,975  INFO [6a792328-eb56-466a-b022-6b8fde101e3c main] ql.Driver: Semantic Analysis Completed (retrial = false)
2024-05-01T14:00:10,975  INFO [6a792328-eb56-466a-b022-6b8fde101e3c main] ql.Driver: Created Hive schema: Schema(fieldSchemas:null, properties:null)
2024-05-01T14:00:10,975  INFO [6a792328-eb56-466a-b022-6b8fde101e3c main] metadata.Hive: Dumping metastore api call timing information for : compilation phase
2024-05-01T14:00:10,975  INFO [6a792328-eb56-466a-b022-6b8fde101e3c main] metadata.Hive: Total time spent in each metastore function (ms): {isCompatibleWith_(Configuration)=0, getDatabase_(String)=2, flushCache_()=0}
2024-05-01T14:00:10,975  INFO [6a792328-eb56-466a-b022-6b8fde101e3c main] ql.Driver: Completed compiling command(queryId=alex_20240501140010_c585333e-e559-47af-abce-eaff392ba115); Time taken: 0.003 seconds
2024-05-01T14:00:10,976  INFO [6a792328-eb56-466a-b022-6b8fde101e3c main] common.LogUtils: Unregistered logging context.
2024-05-01T14:00:11,016  INFO [HiveServer2-Background-Pool: Thread-360] common.LogUtils: Thread context registration is done.
2024-05-01T14:00:11,016  INFO [HiveServer2-Background-Pool: Thread-360] reexec.ReExecDriver: Execution #1 of query
2024-05-01T14:00:11,017  INFO [HiveServer2-Background-Pool: Thread-360] ql.Driver: Concurrency mode is disabled, not creating a lock manager
2024-05-01T14:00:11,018  INFO [HiveServer2-Background-Pool: Thread-360] ql.Driver: Executing command(queryId=alex_20240501140010_c585333e-e559-47af-abce-eaff392ba115): use default
2024-05-01T14:00:11,018  INFO [HiveServer2-Background-Pool: Thread-360] ql.Driver: Starting task [Stage-0:DDL] in serial mode
2024-05-01T14:00:11,019  INFO [HiveServer2-Background-Pool: Thread-360] HiveMetaStore.audit: ugi=alex	ip=unknown-ip-addr	cmd=get_database: default	
2024-05-01T14:00:11,019  INFO [HiveServer2-Background-Pool: Thread-360] metastore.HMSHandler: 19: Opening raw store with implementation class:org.apache.hadoop.hive.metastore.ObjectStore
2024-05-01T14:00:11,020  INFO [HiveServer2-Background-Pool: Thread-360] metastore.ObjectStore: RawStore: org.apache.hadoop.hive.metastore.ObjectStore@152707ee, with PersistenceManager: null will be shutdown
2024-05-01T14:00:11,020  INFO [HiveServer2-Background-Pool: Thread-360] metastore.ObjectStore: RawStore: org.apache.hadoop.hive.metastore.ObjectStore@152707ee, with PersistenceManager: org.datanucleus.api.jdo.JDOPersistenceManager@50258b2e created in the thread with id: 360
2024-05-01T14:00:11,024  INFO [HiveServer2-Background-Pool: Thread-360] metastore.HMSHandler: Created RawStore: org.apache.hadoop.hive.metastore.ObjectStore@152707ee from thread id: 360
2024-05-01T14:00:11,025  INFO [HiveServer2-Background-Pool: Thread-360] HiveMetaStore.audit: ugi=alex	ip=unknown-ip-addr	cmd=get_database: default	
2024-05-01T14:00:11,029  INFO [HiveServer2-Background-Pool: Thread-360] metadata.Hive: Dumping metastore api call timing information for : execution phase
2024-05-01T14:00:11,029  INFO [HiveServer2-Background-Pool: Thread-360] metadata.Hive: Total time spent in each metastore function (ms): {isCompatibleWith_(Configuration)=0, getDatabase_(String)=11}
2024-05-01T14:00:11,029  INFO [HiveServer2-Background-Pool: Thread-360] ql.Driver: Completed executing command(queryId=alex_20240501140010_c585333e-e559-47af-abce-eaff392ba115); Time taken: 0.011 seconds
2024-05-01T14:00:11,030  INFO [HiveServer2-Background-Pool: Thread-360] common.LogUtils: Unregistered logging context.
2024-05-01T14:00:11,032  INFO [6a792328-eb56-466a-b022-6b8fde101e3c main] operation.OperationManager: Closing operation: OperationHandle [opType=EXECUTE_STATEMENT, getHandleIdentifier()=4318f77a-63c3-4df8-9eaa-99965b44a5aa]
2024-05-01T14:00:11,032  INFO [6a792328-eb56-466a-b022-6b8fde101e3c main] operation.OperationManager: Removed queryId: alex_20240501140010_c585333e-e559-47af-abce-eaff392ba115 corresponding to operation: OperationHandle [opType=EXECUTE_STATEMENT, getHandleIdentifier()=4318f77a-63c3-4df8-9eaa-99965b44a5aa] with tag: null
2024-05-01T14:00:11,032  INFO [6a792328-eb56-466a-b022-6b8fde101e3c main] operation.SQLOperation: Closing operation log /home/alex/Repositories/hive/beeline/target/tmp/alex/operation_logs/6a792328-eb56-466a-b022-6b8fde101e3c/alex_20240501140010_c585333e-e559-47af-abce-eaff392ba115 without delay
2024-05-01T14:00:11,041  INFO [main] service.CompositeService: Session closed, SessionHandle [6a792328-eb56-466a-b022-6b8fde101e3c], current sessions:0
2024-05-01T14:00:11,042  INFO [6a792328-eb56-466a-b022-6b8fde101e3c main] session.HiveSessionImpl: Operation log session directory is deleted: /home/alex/Repositories/hive/beeline/target/tmp/alex/operation_logs/6a792328-eb56-466a-b022-6b8fde101e3c
2024-05-01T14:00:11,042  INFO [main] cleanup.EventualCleanupService: Delete /tmp/hive/alex/6a792328-eb56-466a-b022-6b8fde101e3c operation was queued
2024-05-01T14:00:11,042  INFO [main] cleanup.EventualCleanupService: Delete /home/alex/Repositories/hive/beeline/target/tmp/alex/6a792328-eb56-466a-b022-6b8fde101e3c operation was queued
2024-05-01T14:00:11,042  INFO [EventualCleanupService thread 1] cleanup.EventualCleanupService: Deleted /home/alex/Repositories/hive/beeline/target/tmp/alex/6a792328-eb56-466a-b022-6b8fde101e3c
2024-05-01T14:00:11,042  INFO [EventualCleanupService thread 0] cleanup.EventualCleanupService: Deleted /tmp/hive/alex/6a792328-eb56-466a-b022-6b8fde101e3c
2024-05-01T14:00:11,043  INFO [main] HiveMetaStore.audit: ugi=alex	ip=unknown-ip-addr	cmd=Cleaning up thread local RawStore...	
2024-05-01T14:00:11,043  INFO [main] metastore.ObjectStore: RawStore: org.apache.hadoop.hive.metastore.ObjectStore@3de45b6c, with PersistenceManager: org.datanucleus.api.jdo.JDOPersistenceManager@37caecda will be shutdown
2024-05-01T14:00:11,043  INFO [main] HiveMetaStore.audit: ugi=alex	ip=unknown-ip-addr	cmd=Done cleaning up thread local RawStore	
2024-05-01T14:00:11,044  INFO [main] metastore.HiveMetaStoreClient: Closed a connection to metastore, current connections: -21
]]></system-err>
  </testcase>
  <testcase name="testDatabaseOptions" classname="org.apache.hive.beeline.cli.TestHiveCli" time="0.33">
    <failure type="java.lang.AssertionError"><![CDATA[java.lang.AssertionError: The expected keyword "testtbl" occur in the output: 
	at org.junit.Assert.fail(Assert.java:89)
	at org.junit.Assert.assertTrue(Assert.java:42)
	at org.apache.hive.beeline.cli.TestHiveCli.verifyCMD(TestHiveCli.java:270)
	at org.apache.hive.beeline.cli.TestHiveCli.testDatabaseOptions(TestHiveCli.java:107)
	at sun.reflect.NativeMethodAccessorImpl.invoke0(Native Method)
	at sun.reflect.NativeMethodAccessorImpl.invoke(NativeMethodAccessorImpl.java:62)
	at sun.reflect.DelegatingMethodAccessorImpl.invoke(DelegatingMethodAccessorImpl.java:43)
	at java.lang.reflect.Method.invoke(Method.java:498)
	at org.junit.runners.model.FrameworkMethod$1.runReflectiveCall(FrameworkMethod.java:59)
	at org.junit.internal.runners.model.ReflectiveCallable.run(ReflectiveCallable.java:12)
	at org.junit.runners.model.FrameworkMethod.invokeExplosively(FrameworkMethod.java:56)
	at org.junit.internal.runners.statements.InvokeMethod.evaluate(InvokeMethod.java:17)
	at org.junit.internal.runners.statements.RunBefores.evaluate(RunBefores.java:26)
	at org.junit.internal.runners.statements.RunAfters.evaluate(RunAfters.java:27)
	at org.junit.runners.ParentRunner$3.evaluate(ParentRunner.java:306)
	at org.junit.runners.BlockJUnit4ClassRunner$1.evaluate(BlockJUnit4ClassRunner.java:100)
	at org.junit.runners.ParentRunner.runLeaf(ParentRunner.java:366)
	at org.junit.runners.BlockJUnit4ClassRunner.runChild(BlockJUnit4ClassRunner.java:103)
	at org.junit.runners.BlockJUnit4ClassRunner.runChild(BlockJUnit4ClassRunner.java:63)
	at org.junit.runners.ParentRunner$4.run(ParentRunner.java:331)
	at org.junit.runners.ParentRunner$1.schedule(ParentRunner.java:79)
	at org.junit.runners.ParentRunner.runChildren(ParentRunner.java:329)
	at org.junit.runners.ParentRunner.access$100(ParentRunner.java:66)
	at org.junit.runners.ParentRunner$2.evaluate(ParentRunner.java:293)
	at org.junit.internal.runners.statements.RunBefores.evaluate(RunBefores.java:26)
	at org.junit.runners.ParentRunner$3.evaluate(ParentRunner.java:306)
	at org.junit.runners.ParentRunner.run(ParentRunner.java:413)
	at org.junit.runner.JUnitCore.run(JUnitCore.java:137)
	at org.junit.runner.JUnitCore.run(JUnitCore.java:115)
	at org.junit.vintage.engine.execution.RunnerExecutor.execute(RunnerExecutor.java:43)
	at java.util.stream.ForEachOps$ForEachOp$OfRef.accept(ForEachOps.java:183)
	at java.util.stream.ReferencePipeline$3$1.accept(ReferencePipeline.java:193)
	at java.util.Iterator.forEachRemaining(Iterator.java:116)
	at java.util.Spliterators$IteratorSpliterator.forEachRemaining(Spliterators.java:1801)
	at java.util.stream.AbstractPipeline.copyInto(AbstractPipeline.java:482)
	at java.util.stream.AbstractPipeline.wrapAndCopyInto(AbstractPipeline.java:472)
	at java.util.stream.ForEachOps$ForEachOp.evaluateSequential(ForEachOps.java:150)
	at java.util.stream.ForEachOps$ForEachOp$OfRef.evaluateSequential(ForEachOps.java:173)
	at java.util.stream.AbstractPipeline.evaluate(AbstractPipeline.java:234)
	at java.util.stream.ReferencePipeline.forEach(ReferencePipeline.java:485)
	at org.junit.vintage.engine.VintageTestEngine.executeAllChildren(VintageTestEngine.java:82)
	at org.junit.vintage.engine.VintageTestEngine.execute(VintageTestEngine.java:73)
	at org.junit.platform.launcher.core.DefaultLauncher.execute(DefaultLauncher.java:248)
	at org.junit.platform.launcher.core.DefaultLauncher.lambda$execute$5(DefaultLauncher.java:211)
	at org.junit.platform.launcher.core.DefaultLauncher.withInterceptedStreams(DefaultLauncher.java:226)
	at org.junit.platform.launcher.core.DefaultLauncher.execute(DefaultLauncher.java:199)
	at org.junit.platform.launcher.core.DefaultLauncher.execute(DefaultLauncher.java:132)
	at org.apache.maven.surefire.junitplatform.JUnitPlatformProvider.invokeAllTests(JUnitPlatformProvider.java:154)
	at org.apache.maven.surefire.junitplatform.JUnitPlatformProvider.invoke(JUnitPlatformProvider.java:123)
	at org.apache.maven.surefire.booter.ForkedBooter.runSuitesInProcess(ForkedBooter.java:377)
	at org.apache.maven.surefire.booter.ForkedBooter.execute(ForkedBooter.java:138)
	at org.apache.maven.surefire.booter.ForkedBooter.run(ForkedBooter.java:465)
	at org.apache.maven.surefire.booter.ForkedBooter.main(ForkedBooter.java:451)
]]></failure>
    <system-err><![CDATA[2024-05-01T14:00:11,046 ERROR [main] cli.TestHiveCli: Failed to execute command due to the error: java.lang.NullPointerException: Null output stream
2024-05-01T14:00:11,106  WARN [main] conf.HiveConf: HiveConf of name hive.dummyparam.test.server.specific.config.override does not exist
2024-05-01T14:00:11,106  WARN [main] conf.HiveConf: HiveConf of name hive.dummyparam.test.server.specific.config.hiveserver2site does not exist
2024-05-01T14:00:11,106  WARN [main] conf.HiveConf: HiveConf of name hive.dummyparam.test.server.specific.config.metastoresite does not exist
2024-05-01T14:00:11,106  INFO [main] SessionState: Hive Session ID = 6505785f-b608-4874-b362-99d2ff3ce6a7
2024-05-01T14:00:11,107  INFO [main] DependencyResolver: ivysettings.xml file not found in HIVE_HOME or HIVE_CONF_DIR,/home/alex/Repositories/hive/conf/ivysettings.xml will be used
2024-05-01T14:00:11,117  INFO [main] session.SessionState: Created HDFS directory: /tmp/hive/alex/6505785f-b608-4874-b362-99d2ff3ce6a7
2024-05-01T14:00:11,121  INFO [main] session.SessionState: Created local directory: /home/alex/Repositories/hive/beeline/target/tmp/alex/6505785f-b608-4874-b362-99d2ff3ce6a7
2024-05-01T14:00:11,124  INFO [main] session.SessionState: Created HDFS directory: /tmp/hive/alex/6505785f-b608-4874-b362-99d2ff3ce6a7/_tmp_space.db
2024-05-01T14:00:11,125  INFO [main] sqlstd.SQLStdHiveAccessController: Created SQLStdHiveAccessController for session context : HiveAuthzSessionContext [sessionString=6505785f-b608-4874-b362-99d2ff3ce6a7, clientType=HIVESERVER2]
2024-05-01T14:00:11,126  INFO [main] metastore.HiveMetaStoreClient: HMS client filtering is enabled.
2024-05-01T14:00:11,129  INFO [main] metastore.HMSHandler: 0: Opening raw store with implementation class:org.apache.hadoop.hive.metastore.ObjectStore
2024-05-01T14:00:11,130  INFO [main] metastore.PersistenceManagerProvider: Configuration datanucleus.autoStartMechanismMode is not set. Defaulting to 'ignored'
2024-05-01T14:00:11,131  INFO [main] metastore.ObjectStore: RawStore: org.apache.hadoop.hive.metastore.ObjectStore@2676d96a, with PersistenceManager: null will be shutdown
2024-05-01T14:00:11,131  INFO [main] metastore.ObjectStore: RawStore: org.apache.hadoop.hive.metastore.ObjectStore@2676d96a, with PersistenceManager: org.datanucleus.api.jdo.JDOPersistenceManager@12266084 created in the thread with id: 1
2024-05-01T14:00:11,134  INFO [main] metastore.HMSHandler: Created RawStore: org.apache.hadoop.hive.metastore.ObjectStore@2676d96a from thread id: 1
2024-05-01T14:00:11,134  INFO [main] metastore.HMSHandler: HMS server filtering is disabled by configuration
2024-05-01T14:00:11,134  INFO [main] metastore.RetryingMetaStoreClient: RetryingMetaStoreClient proxy=class org.apache.hadoop.hive.ql.metadata.SessionHiveMetaStoreClient ugi=alex (auth:SIMPLE) retries=1 delay=1 lifetime=0
2024-05-01T14:00:11,135  INFO [main] service.CompositeService: Operation log root directory is created: /home/alex/Repositories/hive/beeline/target/tmp/alex/operation_logs
2024-05-01T14:00:11,135  INFO [main] service.CompositeService: HiveServer2: Background operation thread pool size: 100
2024-05-01T14:00:11,135  INFO [main] service.CompositeService: HiveServer2: Background operation thread wait queue size: 100
2024-05-01T14:00:11,135  INFO [main] service.CompositeService: HiveServer2: Background operation thread keepalive time: 10 seconds
2024-05-01T14:00:11,135  INFO [main] service.CompositeService: Connections limit are user: 0 ipaddress: 0 user-ipaddress: 0
2024-05-01T14:00:11,137  INFO [main] cleanup.EventualCleanupService: EventualCleanupService started with 10 threads and queue of size 10000
ERROR StatusLogger Log4j2 ConfigurationScheduler attempted to increment scheduled items after start
ERROR StatusLogger Log4j2 ConfigurationScheduler attempted to increment scheduled items after start
2024-05-01T14:00:11,138  INFO [main] service.AbstractService: Service:OperationManager is inited.
2024-05-01T14:00:11,138  INFO [main] service.AbstractService: Service:SessionManager is inited.
2024-05-01T14:00:11,138  INFO [main] service.AbstractService: Service:CLIService is inited.
2024-05-01T14:00:11,138  INFO [main] service.AbstractService: Service:OperationManager is started.
2024-05-01T14:00:11,138  INFO [main] service.AbstractService: Service:SessionManager is started.
2024-05-01T14:00:11,138  INFO [main] service.AbstractService: Service:CLIService is started.
2024-05-01T14:00:11,139  INFO [main] service.AbstractService: Service:ThriftBinaryCLIService is inited.
2024-05-01T14:00:11,139  INFO [main] thrift.ThriftCLIService: Client protocol version: HIVE_CLI_SERVICE_PROTOCOL_V10
2024-05-01T14:00:11,139  INFO [main] thrift.ThriftCLIService: Creating Hive session handle for user [null] from IP null
2024-05-01T14:00:11,140  INFO [main] DependencyResolver: ivysettings.xml file not found in HIVE_HOME or HIVE_CONF_DIR,/home/alex/Repositories/hive/conf/ivysettings.xml will be used
2024-05-01T14:00:11,149  INFO [main] session.SessionState: Created HDFS directory: /tmp/hive/alex/c7851a84-c3e6-4b70-a428-7684d108233f
2024-05-01T14:00:11,153  INFO [main] session.SessionState: Created local directory: /home/alex/Repositories/hive/beeline/target/tmp/alex/c7851a84-c3e6-4b70-a428-7684d108233f
2024-05-01T14:00:11,156  INFO [main] session.SessionState: Created HDFS directory: /tmp/hive/alex/c7851a84-c3e6-4b70-a428-7684d108233f/_tmp_space.db
2024-05-01T14:00:11,157  INFO [main] session.SessionState: Reloading auxiliary JAR files
2024-05-01T14:00:11,157  WARN [main] session.SessionState: Configuration hive.reloadable.aux.jars.path not specified
2024-05-01T14:00:11,157  INFO [main] HiveMetaStore.audit: ugi=alex	ip=unknown-ip-addr	cmd=Cleaning up thread local RawStore...	
2024-05-01T14:00:11,157  INFO [main] metastore.ObjectStore: RawStore: org.apache.hadoop.hive.metastore.ObjectStore@2676d96a, with PersistenceManager: org.datanucleus.api.jdo.JDOPersistenceManager@12266084 will be shutdown
2024-05-01T14:00:11,157  INFO [main] HiveMetaStore.audit: ugi=alex	ip=unknown-ip-addr	cmd=Done cleaning up thread local RawStore	
2024-05-01T14:00:11,157  INFO [main] metastore.HiveMetaStoreClient: Closed a connection to metastore, current connections: -22
2024-05-01T14:00:11,157  INFO [main] session.HiveSessionImpl: Operation log session directory is created: /home/alex/Repositories/hive/beeline/target/tmp/alex/operation_logs/c7851a84-c3e6-4b70-a428-7684d108233f
2024-05-01T14:00:11,158  INFO [main] service.CompositeService: Session opened, SessionHandle [c7851a84-c3e6-4b70-a428-7684d108233f], current sessions:1
2024-05-01T14:00:11,158  INFO [main] thrift.ThriftCLIService: Login attempt is successful for user : null
2024-05-01T14:00:11,233  WARN [main] conf.HiveConf: HiveConf of name hive.dummyparam.test.server.specific.config.override does not exist
2024-05-01T14:00:11,234  WARN [main] conf.HiveConf: HiveConf of name hive.dummyparam.test.server.specific.config.hiveserver2site does not exist
2024-05-01T14:00:11,234  WARN [main] conf.HiveConf: HiveConf of name hive.dummyparam.test.server.specific.config.metastoresite does not exist
2024-05-01T14:00:11,234  INFO [c7851a84-c3e6-4b70-a428-7684d108233f main] session.HiveSessionImpl: executing set
2024-05-01T14:00:11,235  INFO [c7851a84-c3e6-4b70-a428-7684d108233f main] operation.HiveCommandOperation: Putting temp output to file /home/alex/Repositories/hive/beeline/target/tmp/alex/c7851a84-c3e6-4b70-a428-7684d108233f2340775745005409524.pipeout and error output to file /home/alex/Repositories/hive/beeline/target/tmp/alex/c7851a84-c3e6-4b70-a428-7684d108233f5710481342808910865.pipeout
2024-05-01T14:00:11,235  INFO [c7851a84-c3e6-4b70-a428-7684d108233f main] operation.OperationManager: Adding operation: OperationHandle [opType=EXECUTE_STATEMENT, getHandleIdentifier()=5859d3d5-eb52-41be-88e5-f410259dc914] SessionHandle [c7851a84-c3e6-4b70-a428-7684d108233f]
2024-05-01T14:00:11,235  INFO [c7851a84-c3e6-4b70-a428-7684d108233f main] common.LogUtils: Thread context registration is done.
DEBUG StatusLogger Building Plugin[name=filter, class=org.apache.hadoop.hive.ql.log.LogDivertAppender$NameFilter].
DEBUG StatusLogger createFilter(loggingLevel="EXECUTION")
DEBUG StatusLogger Building Plugin[name=layout, class=org.apache.logging.log4j.core.layout.PatternLayout].
DEBUG StatusLogger PatternLayout$Builder(pattern="%-5p : %m%n", PatternSelector=null, Configuration(HiveLog4j2Test), Replace=null, charset="null", alwaysWriteExceptions="null", disableAnsi="null", noConsoleNoAnsi="null", header="null", footer="null")
DEBUG StatusLogger Building Plugin[name=appender, class=org.apache.hadoop.hive.ql.log.HushableRandomAccessFileAppender].
DEBUG StatusLogger createAppender(fileName="/home/alex/Repositories/hive/beeline/target/tmp/alex/operation_logs/c7851a84-c3e6-4b70-a428-7684d108233f/alex_20240501140011_4943c745-2543-4323-bc7e-53185bd51ab6", append="null", name="query-file-appender", immediateFlush="null", bufferSize="null", ignoreExceptions="null", PatternLayout(org.apache.logging.log4j.core.layout.PatternLayout with name PatternLayout), NameFilter(org.apache.hadoop.hive.ql.log.LogDivertAppender$NameFilter with name NameFilter), advertise="null", advertiseURI="null", Configuration(HiveLog4j2Test))
DEBUG StatusLogger Starting RandomAccessFileManager /home/alex/Repositories/hive/beeline/target/tmp/alex/operation_logs/c7851a84-c3e6-4b70-a428-7684d108233f/alex_20240501140011_4943c745-2543-4323-bc7e-53185bd51ab6
DEBUG StatusLogger Building Plugin[name=, class=org.apache.hadoop.hive.ql.log.LogDivertAppenderForTest$TestFilter].
DEBUG StatusLogger createFilter()
DEBUG StatusLogger Building Plugin[name=, class=org.apache.logging.log4j.core.layout.PatternLayout].
DEBUG StatusLogger PatternLayout$Builder(pattern="%-5p : %m%n", PatternSelector=null, Configuration(HiveLog4j2Test), Replace=null, charset="null", alwaysWriteExceptions="null", disableAnsi="null", noConsoleNoAnsi="null", header="null", footer="null")
DEBUG StatusLogger Building Plugin[name=appender, class=org.apache.hadoop.hive.ql.log.HushableRandomAccessFileAppender].
DEBUG StatusLogger createAppender(fileName="/home/alex/Repositories/hive/beeline/target/tmp/alex/operation_logs/c7851a84-c3e6-4b70-a428-7684d108233f/alex_20240501140011_4943c745-2543-4323-bc7e-53185bd51ab6.test", append="null", name="test-query-file-appender", immediateFlush="null", bufferSize="null", ignoreExceptions="null", PatternLayout(org.apache.logging.log4j.core.layout.PatternLayout with name PatternLayout), test-filter(org.apache.hadoop.hive.ql.log.LogDivertAppenderForTest$TestFilter with name test-filter), advertise="null", advertiseURI="null", Configuration(HiveLog4j2Test))
DEBUG StatusLogger Starting RandomAccessFileManager /home/alex/Repositories/hive/beeline/target/tmp/alex/operation_logs/c7851a84-c3e6-4b70-a428-7684d108233f/alex_20240501140011_4943c745-2543-4323-bc7e-53185bd51ab6.test
2024-05-01T14:00:11,239  INFO [c7851a84-c3e6-4b70-a428-7684d108233f main] operation.HiveCommandOperation: [opType=EXECUTE_STATEMENT, queryId=alex_20240501140011_4943c745-2543-4323-bc7e-53185bd51ab6, startTime=1714597211234, sessionId=c7851a84-c3e6-4b70-a428-7684d108233f, createTime=1714597211139, userName=null, ipAddress=null]
2024-05-01T14:00:11,252  INFO [c7851a84-c3e6-4b70-a428-7684d108233f main] common.LogUtils: Unregistered logging context.
2024-05-01T14:00:11,255  INFO [c7851a84-c3e6-4b70-a428-7684d108233f main] operation.OperationManager: Closing operation: OperationHandle [opType=EXECUTE_STATEMENT, getHandleIdentifier()=5859d3d5-eb52-41be-88e5-f410259dc914]
2024-05-01T14:00:11,255  INFO [c7851a84-c3e6-4b70-a428-7684d108233f main] operation.OperationManager: Removed queryId: alex_20240501140011_4943c745-2543-4323-bc7e-53185bd51ab6 corresponding to operation: OperationHandle [opType=EXECUTE_STATEMENT, getHandleIdentifier()=5859d3d5-eb52-41be-88e5-f410259dc914] with tag: null
2024-05-01T14:00:11,256  INFO [c7851a84-c3e6-4b70-a428-7684d108233f main] operation.HiveCommandOperation: Closing operation log /home/alex/Repositories/hive/beeline/target/tmp/alex/operation_logs/c7851a84-c3e6-4b70-a428-7684d108233f/alex_20240501140011_4943c745-2543-4323-bc7e-53185bd51ab6 without delay
2024-05-01T14:00:11,258  INFO [c7851a84-c3e6-4b70-a428-7684d108233f main] session.HiveSessionImpl: executing use test
2024-05-01T14:00:11,259  INFO [c7851a84-c3e6-4b70-a428-7684d108233f main] operation.OperationManager: Adding operation: OperationHandle [opType=EXECUTE_STATEMENT, getHandleIdentifier()=10d93681-1dd2-4ace-bf30-5183edc5974e] SessionHandle [c7851a84-c3e6-4b70-a428-7684d108233f]
2024-05-01T14:00:11,259  INFO [c7851a84-c3e6-4b70-a428-7684d108233f main] common.LogUtils: Thread context registration is done.
DEBUG StatusLogger Building Plugin[name=filter, class=org.apache.hadoop.hive.ql.log.LogDivertAppender$NameFilter].
DEBUG StatusLogger createFilter(loggingLevel="EXECUTION")
DEBUG StatusLogger Building Plugin[name=layout, class=org.apache.logging.log4j.core.layout.PatternLayout].
DEBUG StatusLogger PatternLayout$Builder(pattern="%-5p : %m%n", PatternSelector=null, Configuration(HiveLog4j2Test), Replace=null, charset="null", alwaysWriteExceptions="null", disableAnsi="null", noConsoleNoAnsi="null", header="null", footer="null")
DEBUG StatusLogger Building Plugin[name=appender, class=org.apache.hadoop.hive.ql.log.HushableRandomAccessFileAppender].
DEBUG StatusLogger createAppender(fileName="/home/alex/Repositories/hive/beeline/target/tmp/alex/operation_logs/c7851a84-c3e6-4b70-a428-7684d108233f/alex_20240501140011_b6a7c8ce-f397-49ed-86c9-1820444c3c4c", append="null", name="query-file-appender", immediateFlush="null", bufferSize="null", ignoreExceptions="null", PatternLayout(org.apache.logging.log4j.core.layout.PatternLayout with name PatternLayout), NameFilter(org.apache.hadoop.hive.ql.log.LogDivertAppender$NameFilter with name NameFilter), advertise="null", advertiseURI="null", Configuration(HiveLog4j2Test))
DEBUG StatusLogger Starting RandomAccessFileManager /home/alex/Repositories/hive/beeline/target/tmp/alex/operation_logs/c7851a84-c3e6-4b70-a428-7684d108233f/alex_20240501140011_b6a7c8ce-f397-49ed-86c9-1820444c3c4c
DEBUG StatusLogger Building Plugin[name=, class=org.apache.hadoop.hive.ql.log.LogDivertAppenderForTest$TestFilter].
DEBUG StatusLogger createFilter()
DEBUG StatusLogger Building Plugin[name=, class=org.apache.logging.log4j.core.layout.PatternLayout].
DEBUG StatusLogger PatternLayout$Builder(pattern="%-5p : %m%n", PatternSelector=null, Configuration(HiveLog4j2Test), Replace=null, charset="null", alwaysWriteExceptions="null", disableAnsi="null", noConsoleNoAnsi="null", header="null", footer="null")
DEBUG StatusLogger Building Plugin[name=appender, class=org.apache.hadoop.hive.ql.log.HushableRandomAccessFileAppender].
DEBUG StatusLogger createAppender(fileName="/home/alex/Repositories/hive/beeline/target/tmp/alex/operation_logs/c7851a84-c3e6-4b70-a428-7684d108233f/alex_20240501140011_b6a7c8ce-f397-49ed-86c9-1820444c3c4c.test", append="null", name="test-query-file-appender", immediateFlush="null", bufferSize="null", ignoreExceptions="null", PatternLayout(org.apache.logging.log4j.core.layout.PatternLayout with name PatternLayout), test-filter(org.apache.hadoop.hive.ql.log.LogDivertAppenderForTest$TestFilter with name test-filter), advertise="null", advertiseURI="null", Configuration(HiveLog4j2Test))
DEBUG StatusLogger Starting RandomAccessFileManager /home/alex/Repositories/hive/beeline/target/tmp/alex/operation_logs/c7851a84-c3e6-4b70-a428-7684d108233f/alex_20240501140011_b6a7c8ce-f397-49ed-86c9-1820444c3c4c.test
2024-05-01T14:00:11,267  INFO [c7851a84-c3e6-4b70-a428-7684d108233f main] operation.SQLOperation: [opType=EXECUTE_STATEMENT, queryId=alex_20240501140011_b6a7c8ce-f397-49ed-86c9-1820444c3c4c, startTime=1714597211258, sessionId=c7851a84-c3e6-4b70-a428-7684d108233f, createTime=1714597211139, userName=null, ipAddress=null]
2024-05-01T14:00:11,268  INFO [c7851a84-c3e6-4b70-a428-7684d108233f main] ql.Driver: Compiling command(queryId=alex_20240501140011_b6a7c8ce-f397-49ed-86c9-1820444c3c4c): use test
2024-05-01T14:00:11,270  INFO [c7851a84-c3e6-4b70-a428-7684d108233f main] metastore.HiveMetaStoreClient: HMS client filtering is enabled.
2024-05-01T14:00:11,272  INFO [c7851a84-c3e6-4b70-a428-7684d108233f main] metastore.HMSHandler: 0: Opening raw store with implementation class:org.apache.hadoop.hive.metastore.ObjectStore
2024-05-01T14:00:11,272  INFO [c7851a84-c3e6-4b70-a428-7684d108233f main] metastore.PersistenceManagerProvider: Configuration datanucleus.autoStartMechanismMode is not set. Defaulting to 'ignored'
2024-05-01T14:00:11,273  INFO [c7851a84-c3e6-4b70-a428-7684d108233f main] metastore.ObjectStore: RawStore: org.apache.hadoop.hive.metastore.ObjectStore@2ac05a33, with PersistenceManager: null will be shutdown
2024-05-01T14:00:11,274  INFO [c7851a84-c3e6-4b70-a428-7684d108233f main] metastore.ObjectStore: RawStore: org.apache.hadoop.hive.metastore.ObjectStore@2ac05a33, with PersistenceManager: org.datanucleus.api.jdo.JDOPersistenceManager@35af52dc created in the thread with id: 1
2024-05-01T14:00:11,282  INFO [c7851a84-c3e6-4b70-a428-7684d108233f main] metastore.HMSHandler: Created RawStore: org.apache.hadoop.hive.metastore.ObjectStore@2ac05a33 from thread id: 1
2024-05-01T14:00:11,282  INFO [c7851a84-c3e6-4b70-a428-7684d108233f main] metastore.HMSHandler: HMS server filtering is disabled by configuration
2024-05-01T14:00:11,282  INFO [c7851a84-c3e6-4b70-a428-7684d108233f main] metastore.RetryingMetaStoreClient: RetryingMetaStoreClient proxy=class org.apache.hadoop.hive.ql.metadata.SessionHiveMetaStoreClient ugi=alex (auth:SIMPLE) retries=1 delay=1 lifetime=0
2024-05-01T14:00:11,283  INFO [c7851a84-c3e6-4b70-a428-7684d108233f main] HiveMetaStore.audit: ugi=alex	ip=unknown-ip-addr	cmd=get_database: test	
2024-05-01T14:00:11,284  INFO [c7851a84-c3e6-4b70-a428-7684d108233f main] ql.Driver: Semantic Analysis Completed (retrial = false)
2024-05-01T14:00:11,284  INFO [c7851a84-c3e6-4b70-a428-7684d108233f main] ql.Driver: Created Hive schema: Schema(fieldSchemas:null, properties:null)
2024-05-01T14:00:11,284  INFO [c7851a84-c3e6-4b70-a428-7684d108233f main] metadata.Hive: Dumping metastore api call timing information for : compilation phase
2024-05-01T14:00:11,284  INFO [c7851a84-c3e6-4b70-a428-7684d108233f main] metadata.Hive: Total time spent in each metastore function (ms): {isCompatibleWith_(Configuration)=1, getDatabase_(String)=1, flushCache_()=0}
2024-05-01T14:00:11,284  INFO [c7851a84-c3e6-4b70-a428-7684d108233f main] ql.Driver: Completed compiling command(queryId=alex_20240501140011_b6a7c8ce-f397-49ed-86c9-1820444c3c4c); Time taken: 0.016 seconds
2024-05-01T14:00:11,285  INFO [c7851a84-c3e6-4b70-a428-7684d108233f main] common.LogUtils: Unregistered logging context.
2024-05-01T14:00:11,285  INFO [HiveServer2-Background-Pool: Thread-383] common.LogUtils: Thread context registration is done.
2024-05-01T14:00:11,286  INFO [HiveServer2-Background-Pool: Thread-383] reexec.ReExecDriver: Execution #1 of query
2024-05-01T14:00:11,286  INFO [HiveServer2-Background-Pool: Thread-383] ql.Driver: Concurrency mode is disabled, not creating a lock manager
2024-05-01T14:00:11,286  INFO [HiveServer2-Background-Pool: Thread-383] ql.Driver: Executing command(queryId=alex_20240501140011_b6a7c8ce-f397-49ed-86c9-1820444c3c4c): use test
2024-05-01T14:00:11,287  INFO [HiveServer2-Background-Pool: Thread-383] ql.Driver: Starting task [Stage-0:DDL] in serial mode
2024-05-01T14:00:11,287  INFO [HiveServer2-Background-Pool: Thread-383] HiveMetaStore.audit: ugi=alex	ip=unknown-ip-addr	cmd=get_database: test	
2024-05-01T14:00:11,288  INFO [HiveServer2-Background-Pool: Thread-383] metastore.HMSHandler: 20: Opening raw store with implementation class:org.apache.hadoop.hive.metastore.ObjectStore
2024-05-01T14:00:11,289  INFO [HiveServer2-Background-Pool: Thread-383] metastore.ObjectStore: RawStore: org.apache.hadoop.hive.metastore.ObjectStore@5d3a8b6a, with PersistenceManager: null will be shutdown
2024-05-01T14:00:11,289  INFO [HiveServer2-Background-Pool: Thread-383] metastore.ObjectStore: RawStore: org.apache.hadoop.hive.metastore.ObjectStore@5d3a8b6a, with PersistenceManager: org.datanucleus.api.jdo.JDOPersistenceManager@18381ea9 created in the thread with id: 383
2024-05-01T14:00:11,293  INFO [HiveServer2-Background-Pool: Thread-383] metastore.HMSHandler: Created RawStore: org.apache.hadoop.hive.metastore.ObjectStore@5d3a8b6a from thread id: 383
2024-05-01T14:00:11,296  INFO [HiveServer2-Background-Pool: Thread-383] HiveMetaStore.audit: ugi=alex	ip=unknown-ip-addr	cmd=get_database: test	
2024-05-01T14:00:11,297  INFO [HiveServer2-Background-Pool: Thread-383] metadata.Hive: Dumping metastore api call timing information for : execution phase
2024-05-01T14:00:11,297  INFO [HiveServer2-Background-Pool: Thread-383] metadata.Hive: Total time spent in each metastore function (ms): {isCompatibleWith_(Configuration)=0, getDatabase_(String)=10}
2024-05-01T14:00:11,298  INFO [HiveServer2-Background-Pool: Thread-383] ql.Driver: Completed executing command(queryId=alex_20240501140011_b6a7c8ce-f397-49ed-86c9-1820444c3c4c); Time taken: 0.011 seconds
2024-05-01T14:00:11,298  INFO [HiveServer2-Background-Pool: Thread-383] common.LogUtils: Unregistered logging context.
2024-05-01T14:00:11,301  INFO [c7851a84-c3e6-4b70-a428-7684d108233f main] operation.OperationManager: Closing operation: OperationHandle [opType=EXECUTE_STATEMENT, getHandleIdentifier()=10d93681-1dd2-4ace-bf30-5183edc5974e]
2024-05-01T14:00:11,301  INFO [c7851a84-c3e6-4b70-a428-7684d108233f main] operation.OperationManager: Removed queryId: alex_20240501140011_b6a7c8ce-f397-49ed-86c9-1820444c3c4c corresponding to operation: OperationHandle [opType=EXECUTE_STATEMENT, getHandleIdentifier()=10d93681-1dd2-4ace-bf30-5183edc5974e] with tag: null
2024-05-01T14:00:11,301  INFO [c7851a84-c3e6-4b70-a428-7684d108233f main] operation.SQLOperation: Closing operation log /home/alex/Repositories/hive/beeline/target/tmp/alex/operation_logs/c7851a84-c3e6-4b70-a428-7684d108233f/alex_20240501140011_b6a7c8ce-f397-49ed-86c9-1820444c3c4c without delay
2024-05-01T14:00:11,314  INFO [c7851a84-c3e6-4b70-a428-7684d108233f main] session.HiveSessionImpl: executing show tables
2024-05-01T14:00:11,315  INFO [c7851a84-c3e6-4b70-a428-7684d108233f main] operation.OperationManager: Adding operation: OperationHandle [opType=EXECUTE_STATEMENT, getHandleIdentifier()=382e2da0-9908-4a7b-8e23-3dcabca92a2c] SessionHandle [c7851a84-c3e6-4b70-a428-7684d108233f]
2024-05-01T14:00:11,315  INFO [c7851a84-c3e6-4b70-a428-7684d108233f main] common.LogUtils: Thread context registration is done.
DEBUG StatusLogger Building Plugin[name=filter, class=org.apache.hadoop.hive.ql.log.LogDivertAppender$NameFilter].
DEBUG StatusLogger createFilter(loggingLevel="EXECUTION")
DEBUG StatusLogger Building Plugin[name=layout, class=org.apache.logging.log4j.core.layout.PatternLayout].
DEBUG StatusLogger PatternLayout$Builder(pattern="%-5p : %m%n", PatternSelector=null, Configuration(HiveLog4j2Test), Replace=null, charset="null", alwaysWriteExceptions="null", disableAnsi="null", noConsoleNoAnsi="null", header="null", footer="null")
DEBUG StatusLogger Building Plugin[name=appender, class=org.apache.hadoop.hive.ql.log.HushableRandomAccessFileAppender].
DEBUG StatusLogger createAppender(fileName="/home/alex/Repositories/hive/beeline/target/tmp/alex/operation_logs/c7851a84-c3e6-4b70-a428-7684d108233f/alex_20240501140011_0015db42-7bad-42d2-ab91-b1995abeaa47", append="null", name="query-file-appender", immediateFlush="null", bufferSize="null", ignoreExceptions="null", PatternLayout(org.apache.logging.log4j.core.layout.PatternLayout with name PatternLayout), NameFilter(org.apache.hadoop.hive.ql.log.LogDivertAppender$NameFilter with name NameFilter), advertise="null", advertiseURI="null", Configuration(HiveLog4j2Test))
DEBUG StatusLogger Starting RandomAccessFileManager /home/alex/Repositories/hive/beeline/target/tmp/alex/operation_logs/c7851a84-c3e6-4b70-a428-7684d108233f/alex_20240501140011_0015db42-7bad-42d2-ab91-b1995abeaa47
DEBUG StatusLogger Building Plugin[name=, class=org.apache.hadoop.hive.ql.log.LogDivertAppenderForTest$TestFilter].
DEBUG StatusLogger createFilter()
DEBUG StatusLogger Building Plugin[name=, class=org.apache.logging.log4j.core.layout.PatternLayout].
DEBUG StatusLogger PatternLayout$Builder(pattern="%-5p : %m%n", PatternSelector=null, Configuration(HiveLog4j2Test), Replace=null, charset="null", alwaysWriteExceptions="null", disableAnsi="null", noConsoleNoAnsi="null", header="null", footer="null")
DEBUG StatusLogger Building Plugin[name=appender, class=org.apache.hadoop.hive.ql.log.HushableRandomAccessFileAppender].
DEBUG StatusLogger createAppender(fileName="/home/alex/Repositories/hive/beeline/target/tmp/alex/operation_logs/c7851a84-c3e6-4b70-a428-7684d108233f/alex_20240501140011_0015db42-7bad-42d2-ab91-b1995abeaa47.test", append="null", name="test-query-file-appender", immediateFlush="null", bufferSize="null", ignoreExceptions="null", PatternLayout(org.apache.logging.log4j.core.layout.PatternLayout with name PatternLayout), test-filter(org.apache.hadoop.hive.ql.log.LogDivertAppenderForTest$TestFilter with name test-filter), advertise="null", advertiseURI="null", Configuration(HiveLog4j2Test))
DEBUG StatusLogger Starting RandomAccessFileManager /home/alex/Repositories/hive/beeline/target/tmp/alex/operation_logs/c7851a84-c3e6-4b70-a428-7684d108233f/alex_20240501140011_0015db42-7bad-42d2-ab91-b1995abeaa47.test
2024-05-01T14:00:11,320  INFO [c7851a84-c3e6-4b70-a428-7684d108233f main] operation.SQLOperation: [opType=EXECUTE_STATEMENT, queryId=alex_20240501140011_0015db42-7bad-42d2-ab91-b1995abeaa47, startTime=1714597211314, sessionId=c7851a84-c3e6-4b70-a428-7684d108233f, createTime=1714597211139, userName=null, ipAddress=null]
2024-05-01T14:00:11,321  INFO [c7851a84-c3e6-4b70-a428-7684d108233f main] ql.Driver: Compiling command(queryId=alex_20240501140011_0015db42-7bad-42d2-ab91-b1995abeaa47): show tables
2024-05-01T14:00:11,328  INFO [c7851a84-c3e6-4b70-a428-7684d108233f main] HiveMetaStore.audit: ugi=alex	ip=unknown-ip-addr	cmd=get_database: test	
2024-05-01T14:00:11,329  INFO [c7851a84-c3e6-4b70-a428-7684d108233f main] ql.Driver: Semantic Analysis Completed (retrial = false)
2024-05-01T14:00:11,330  INFO [c7851a84-c3e6-4b70-a428-7684d108233f main] ql.Driver: Created Hive schema: Schema(fieldSchemas:[FieldSchema(name:tab_name, type:string, comment:from deserializer)], properties:null)
2024-05-01T14:00:11,331  INFO [c7851a84-c3e6-4b70-a428-7684d108233f main] exec.ListSinkOperator: Initializing Operator: LIST_SINK[0]
2024-05-01T14:00:11,331  INFO [c7851a84-c3e6-4b70-a428-7684d108233f main] metadata.Hive: Dumping metastore api call timing information for : compilation phase
2024-05-01T14:00:11,331  INFO [c7851a84-c3e6-4b70-a428-7684d108233f main] metadata.Hive: Total time spent in each metastore function (ms): {isCompatibleWith_(Configuration)=0, getDatabase_(String)=3, flushCache_()=1}
2024-05-01T14:00:11,331  INFO [c7851a84-c3e6-4b70-a428-7684d108233f main] ql.Driver: Completed compiling command(queryId=alex_20240501140011_0015db42-7bad-42d2-ab91-b1995abeaa47); Time taken: 0.01 seconds
2024-05-01T14:00:11,332  INFO [c7851a84-c3e6-4b70-a428-7684d108233f main] common.LogUtils: Unregistered logging context.
2024-05-01T14:00:11,332  INFO [HiveServer2-Background-Pool: Thread-387] common.LogUtils: Thread context registration is done.
2024-05-01T14:00:11,333  INFO [HiveServer2-Background-Pool: Thread-387] reexec.ReExecDriver: Execution #1 of query
2024-05-01T14:00:11,334  INFO [HiveServer2-Background-Pool: Thread-387] ql.Driver: Concurrency mode is disabled, not creating a lock manager
2024-05-01T14:00:11,335  INFO [HiveServer2-Background-Pool: Thread-387] ql.Driver: Executing command(queryId=alex_20240501140011_0015db42-7bad-42d2-ab91-b1995abeaa47): show tables
2024-05-01T14:00:11,335  INFO [HiveServer2-Background-Pool: Thread-387] ql.Driver: Starting task [Stage-0:DDL] in serial mode
2024-05-01T14:00:11,336  INFO [HiveServer2-Background-Pool: Thread-387] HiveMetaStore.audit: ugi=alex	ip=unknown-ip-addr	cmd=get_database: test	
2024-05-01T14:00:11,337  INFO [HiveServer2-Background-Pool: Thread-387] metastore.HMSHandler: 21: Opening raw store with implementation class:org.apache.hadoop.hive.metastore.ObjectStore
2024-05-01T14:00:11,337  INFO [HiveServer2-Background-Pool: Thread-387] metastore.ObjectStore: RawStore: org.apache.hadoop.hive.metastore.ObjectStore@3c7b7aee, with PersistenceManager: null will be shutdown
2024-05-01T14:00:11,337  INFO [HiveServer2-Background-Pool: Thread-387] metastore.ObjectStore: RawStore: org.apache.hadoop.hive.metastore.ObjectStore@3c7b7aee, with PersistenceManager: org.datanucleus.api.jdo.JDOPersistenceManager@7979e305 created in the thread with id: 387
2024-05-01T14:00:11,341  INFO [HiveServer2-Background-Pool: Thread-387] metastore.HMSHandler: Created RawStore: org.apache.hadoop.hive.metastore.ObjectStore@3c7b7aee from thread id: 387
2024-05-01T14:00:11,344  INFO [HiveServer2-Background-Pool: Thread-387] HiveMetaStore.audit: ugi=alex	ip=unknown-ip-addr	cmd=get_multi_table : db=test tbls=null	
2024-05-01T14:00:11,353  INFO [HiveServer2-Background-Pool: Thread-387] sqlstd.SQLStdHiveAccessController: Created SQLStdHiveAccessController for session context : HiveAuthzSessionContext [sessionString=c7851a84-c3e6-4b70-a428-7684d108233f, clientType=HIVESERVER2]
2024-05-01T14:00:11,362  INFO [HiveServer2-Background-Pool: Thread-387] metadata.Hive: Dumping metastore api call timing information for : execution phase
2024-05-01T14:00:11,363  INFO [HiveServer2-Background-Pool: Thread-387] metadata.Hive: Total time spent in each metastore function (ms): {isCompatibleWith_(Configuration)=1, getDatabase_(String)=7, getTables_(String, String)=10}
2024-05-01T14:00:11,363  INFO [HiveServer2-Background-Pool: Thread-387] ql.Driver: Completed executing command(queryId=alex_20240501140011_0015db42-7bad-42d2-ab91-b1995abeaa47); Time taken: 0.027 seconds
2024-05-01T14:00:11,364  INFO [HiveServer2-Background-Pool: Thread-387] common.LogUtils: Unregistered logging context.
2024-05-01T14:00:11,367  INFO [c7851a84-c3e6-4b70-a428-7684d108233f main] operation.OperationManager: Closing operation: OperationHandle [opType=EXECUTE_STATEMENT, getHandleIdentifier()=382e2da0-9908-4a7b-8e23-3dcabca92a2c]
2024-05-01T14:00:11,367  INFO [c7851a84-c3e6-4b70-a428-7684d108233f main] operation.OperationManager: Removed queryId: alex_20240501140011_0015db42-7bad-42d2-ab91-b1995abeaa47 corresponding to operation: OperationHandle [opType=EXECUTE_STATEMENT, getHandleIdentifier()=382e2da0-9908-4a7b-8e23-3dcabca92a2c] with tag: null
2024-05-01T14:00:11,367  INFO [c7851a84-c3e6-4b70-a428-7684d108233f main] ql.Context: Deleting scratch dir: file:/home/alex/Repositories/hive/beeline/target/tmp/alex/c7851a84-c3e6-4b70-a428-7684d108233f/hive_2024-05-01_14-00-11_321_9158661900929255444-1
2024-05-01T14:00:11,367  INFO [c7851a84-c3e6-4b70-a428-7684d108233f main] cleanup.EventualCleanupService: Delete file:/home/alex/Repositories/hive/beeline/target/tmp/alex/c7851a84-c3e6-4b70-a428-7684d108233f/hive_2024-05-01_14-00-11_321_9158661900929255444-1 operation was queued
2024-05-01T14:00:11,367  INFO [c7851a84-c3e6-4b70-a428-7684d108233f main] exec.ListSinkOperator: Closing Operator: LIST_SINK[0]
2024-05-01T14:00:11,367  INFO [c7851a84-c3e6-4b70-a428-7684d108233f main] exec.ListSinkOperator: RECORDS_OUT_INTERMEDIATE:0, RECORDS_OUT_OPERATOR_LIST_SINK_0:0, 
2024-05-01T14:00:11,368  INFO [c7851a84-c3e6-4b70-a428-7684d108233f main] operation.SQLOperation: Closing operation log /home/alex/Repositories/hive/beeline/target/tmp/alex/operation_logs/c7851a84-c3e6-4b70-a428-7684d108233f/alex_20240501140011_0015db42-7bad-42d2-ab91-b1995abeaa47 without delay
2024-05-01T14:00:11,368  INFO [EventualCleanupService thread 0] cleanup.EventualCleanupService: Deleted file:/home/alex/Repositories/hive/beeline/target/tmp/alex/c7851a84-c3e6-4b70-a428-7684d108233f/hive_2024-05-01_14-00-11_321_9158661900929255444-1
2024-05-01T14:00:11,372  INFO [main] service.CompositeService: Session closed, SessionHandle [c7851a84-c3e6-4b70-a428-7684d108233f], current sessions:0
2024-05-01T14:00:11,372  INFO [c7851a84-c3e6-4b70-a428-7684d108233f main] session.HiveSessionImpl: Operation log session directory is deleted: /home/alex/Repositories/hive/beeline/target/tmp/alex/operation_logs/c7851a84-c3e6-4b70-a428-7684d108233f
2024-05-01T14:00:11,373  INFO [main] cleanup.EventualCleanupService: Delete /tmp/hive/alex/c7851a84-c3e6-4b70-a428-7684d108233f operation was queued
2024-05-01T14:00:11,373  INFO [main] cleanup.EventualCleanupService: Delete /home/alex/Repositories/hive/beeline/target/tmp/alex/c7851a84-c3e6-4b70-a428-7684d108233f operation was queued
2024-05-01T14:00:11,374  INFO [EventualCleanupService thread 2] cleanup.EventualCleanupService: Deleted /home/alex/Repositories/hive/beeline/target/tmp/alex/c7851a84-c3e6-4b70-a428-7684d108233f
2024-05-01T14:00:11,374  INFO [EventualCleanupService thread 1] cleanup.EventualCleanupService: Deleted /tmp/hive/alex/c7851a84-c3e6-4b70-a428-7684d108233f
2024-05-01T14:00:11,374  INFO [main] HiveMetaStore.audit: ugi=alex	ip=unknown-ip-addr	cmd=Cleaning up thread local RawStore...	
2024-05-01T14:00:11,374  INFO [main] metastore.ObjectStore: RawStore: org.apache.hadoop.hive.metastore.ObjectStore@2ac05a33, with PersistenceManager: org.datanucleus.api.jdo.JDOPersistenceManager@35af52dc will be shutdown
2024-05-01T14:00:11,375  INFO [main] HiveMetaStore.audit: ugi=alex	ip=unknown-ip-addr	cmd=Done cleaning up thread local RawStore	
2024-05-01T14:00:11,375  INFO [main] metastore.HiveMetaStoreClient: Closed a connection to metastore, current connections: -23
]]></system-err>
  </testcase>
  <testcase name="testNoErrorDB" classname="org.apache.hive.beeline.cli.TestHiveCli" time="0.24">
    <failure type="java.lang.AssertionError"><![CDATA[java.lang.AssertionError: Supported return code is 0 while the actual is 1
	at org.junit.Assert.fail(Assert.java:89)
	at org.apache.hive.beeline.cli.TestHiveCli.executeCMD(TestHiveCli.java:256)
	at org.apache.hive.beeline.cli.TestHiveCli.verifyCMD(TestHiveCli.java:266)
	at org.apache.hive.beeline.cli.TestHiveCli.testNoErrorDB(TestHiveCli.java:239)
	at sun.reflect.NativeMethodAccessorImpl.invoke0(Native Method)
	at sun.reflect.NativeMethodAccessorImpl.invoke(NativeMethodAccessorImpl.java:62)
	at sun.reflect.DelegatingMethodAccessorImpl.invoke(DelegatingMethodAccessorImpl.java:43)
	at java.lang.reflect.Method.invoke(Method.java:498)
	at org.junit.runners.model.FrameworkMethod$1.runReflectiveCall(FrameworkMethod.java:59)
	at org.junit.internal.runners.model.ReflectiveCallable.run(ReflectiveCallable.java:12)
	at org.junit.runners.model.FrameworkMethod.invokeExplosively(FrameworkMethod.java:56)
	at org.junit.internal.runners.statements.InvokeMethod.evaluate(InvokeMethod.java:17)
	at org.junit.internal.runners.statements.RunBefores.evaluate(RunBefores.java:26)
	at org.junit.internal.runners.statements.RunAfters.evaluate(RunAfters.java:27)
	at org.junit.runners.ParentRunner$3.evaluate(ParentRunner.java:306)
	at org.junit.runners.BlockJUnit4ClassRunner$1.evaluate(BlockJUnit4ClassRunner.java:100)
	at org.junit.runners.ParentRunner.runLeaf(ParentRunner.java:366)
	at org.junit.runners.BlockJUnit4ClassRunner.runChild(BlockJUnit4ClassRunner.java:103)
	at org.junit.runners.BlockJUnit4ClassRunner.runChild(BlockJUnit4ClassRunner.java:63)
	at org.junit.runners.ParentRunner$4.run(ParentRunner.java:331)
	at org.junit.runners.ParentRunner$1.schedule(ParentRunner.java:79)
	at org.junit.runners.ParentRunner.runChildren(ParentRunner.java:329)
	at org.junit.runners.ParentRunner.access$100(ParentRunner.java:66)
	at org.junit.runners.ParentRunner$2.evaluate(ParentRunner.java:293)
	at org.junit.internal.runners.statements.RunBefores.evaluate(RunBefores.java:26)
	at org.junit.runners.ParentRunner$3.evaluate(ParentRunner.java:306)
	at org.junit.runners.ParentRunner.run(ParentRunner.java:413)
	at org.junit.runner.JUnitCore.run(JUnitCore.java:137)
	at org.junit.runner.JUnitCore.run(JUnitCore.java:115)
	at org.junit.vintage.engine.execution.RunnerExecutor.execute(RunnerExecutor.java:43)
	at java.util.stream.ForEachOps$ForEachOp$OfRef.accept(ForEachOps.java:183)
	at java.util.stream.ReferencePipeline$3$1.accept(ReferencePipeline.java:193)
	at java.util.Iterator.forEachRemaining(Iterator.java:116)
	at java.util.Spliterators$IteratorSpliterator.forEachRemaining(Spliterators.java:1801)
	at java.util.stream.AbstractPipeline.copyInto(AbstractPipeline.java:482)
	at java.util.stream.AbstractPipeline.wrapAndCopyInto(AbstractPipeline.java:472)
	at java.util.stream.ForEachOps$ForEachOp.evaluateSequential(ForEachOps.java:150)
	at java.util.stream.ForEachOps$ForEachOp$OfRef.evaluateSequential(ForEachOps.java:173)
	at java.util.stream.AbstractPipeline.evaluate(AbstractPipeline.java:234)
	at java.util.stream.ReferencePipeline.forEach(ReferencePipeline.java:485)
	at org.junit.vintage.engine.VintageTestEngine.executeAllChildren(VintageTestEngine.java:82)
	at org.junit.vintage.engine.VintageTestEngine.execute(VintageTestEngine.java:73)
	at org.junit.platform.launcher.core.DefaultLauncher.execute(DefaultLauncher.java:248)
	at org.junit.platform.launcher.core.DefaultLauncher.lambda$execute$5(DefaultLauncher.java:211)
	at org.junit.platform.launcher.core.DefaultLauncher.withInterceptedStreams(DefaultLauncher.java:226)
	at org.junit.platform.launcher.core.DefaultLauncher.execute(DefaultLauncher.java:199)
	at org.junit.platform.launcher.core.DefaultLauncher.execute(DefaultLauncher.java:132)
	at org.apache.maven.surefire.junitplatform.JUnitPlatformProvider.invokeAllTests(JUnitPlatformProvider.java:154)
	at org.apache.maven.surefire.junitplatform.JUnitPlatformProvider.invoke(JUnitPlatformProvider.java:123)
	at org.apache.maven.surefire.booter.ForkedBooter.runSuitesInProcess(ForkedBooter.java:377)
	at org.apache.maven.surefire.booter.ForkedBooter.execute(ForkedBooter.java:138)
	at org.apache.maven.surefire.booter.ForkedBooter.run(ForkedBooter.java:465)
	at org.apache.maven.surefire.booter.ForkedBooter.main(ForkedBooter.java:451)
]]></failure>
    <system-err><![CDATA[2024-05-01T14:00:11,377 ERROR [main] cli.TestHiveCli: Failed to execute command due to the error: java.lang.NullPointerException: Null output stream
2024-05-01T14:00:11,436  WARN [main] conf.HiveConf: HiveConf of name hive.dummyparam.test.server.specific.config.override does not exist
2024-05-01T14:00:11,436  WARN [main] conf.HiveConf: HiveConf of name hive.dummyparam.test.server.specific.config.hiveserver2site does not exist
2024-05-01T14:00:11,436  WARN [main] conf.HiveConf: HiveConf of name hive.dummyparam.test.server.specific.config.metastoresite does not exist
2024-05-01T14:00:11,437  INFO [main] SessionState: Hive Session ID = 9e1b0dba-8409-4028-8735-bd6dbac09bd0
2024-05-01T14:00:11,437  INFO [main] DependencyResolver: ivysettings.xml file not found in HIVE_HOME or HIVE_CONF_DIR,/home/alex/Repositories/hive/conf/ivysettings.xml will be used
2024-05-01T14:00:11,447  INFO [main] session.SessionState: Created HDFS directory: /tmp/hive/alex/9e1b0dba-8409-4028-8735-bd6dbac09bd0
2024-05-01T14:00:11,452  INFO [main] session.SessionState: Created local directory: /home/alex/Repositories/hive/beeline/target/tmp/alex/9e1b0dba-8409-4028-8735-bd6dbac09bd0
2024-05-01T14:00:11,455  INFO [main] session.SessionState: Created HDFS directory: /tmp/hive/alex/9e1b0dba-8409-4028-8735-bd6dbac09bd0/_tmp_space.db
2024-05-01T14:00:11,456  INFO [main] sqlstd.SQLStdHiveAccessController: Created SQLStdHiveAccessController for session context : HiveAuthzSessionContext [sessionString=9e1b0dba-8409-4028-8735-bd6dbac09bd0, clientType=HIVESERVER2]
2024-05-01T14:00:11,456  INFO [main] metastore.HiveMetaStoreClient: HMS client filtering is enabled.
2024-05-01T14:00:11,457  INFO [main] metastore.HMSHandler: 0: Opening raw store with implementation class:org.apache.hadoop.hive.metastore.ObjectStore
2024-05-01T14:00:11,457  INFO [main] metastore.PersistenceManagerProvider: Configuration datanucleus.autoStartMechanismMode is not set. Defaulting to 'ignored'
2024-05-01T14:00:11,457  INFO [main] metastore.ObjectStore: RawStore: org.apache.hadoop.hive.metastore.ObjectStore@295f2d1b, with PersistenceManager: null will be shutdown
2024-05-01T14:00:11,458  INFO [main] metastore.ObjectStore: RawStore: org.apache.hadoop.hive.metastore.ObjectStore@295f2d1b, with PersistenceManager: org.datanucleus.api.jdo.JDOPersistenceManager@65015a49 created in the thread with id: 1
2024-05-01T14:00:11,462  INFO [main] metastore.HMSHandler: Created RawStore: org.apache.hadoop.hive.metastore.ObjectStore@295f2d1b from thread id: 1
2024-05-01T14:00:11,462  INFO [main] metastore.HMSHandler: HMS server filtering is disabled by configuration
2024-05-01T14:00:11,462  INFO [main] metastore.RetryingMetaStoreClient: RetryingMetaStoreClient proxy=class org.apache.hadoop.hive.ql.metadata.SessionHiveMetaStoreClient ugi=alex (auth:SIMPLE) retries=1 delay=1 lifetime=0
2024-05-01T14:00:11,463  INFO [main] service.CompositeService: Operation log root directory is created: /home/alex/Repositories/hive/beeline/target/tmp/alex/operation_logs
2024-05-01T14:00:11,463  INFO [main] service.CompositeService: HiveServer2: Background operation thread pool size: 100
2024-05-01T14:00:11,463  INFO [main] service.CompositeService: HiveServer2: Background operation thread wait queue size: 100
2024-05-01T14:00:11,463  INFO [main] service.CompositeService: HiveServer2: Background operation thread keepalive time: 10 seconds
2024-05-01T14:00:11,463  INFO [main] service.CompositeService: Connections limit are user: 0 ipaddress: 0 user-ipaddress: 0
2024-05-01T14:00:11,464  INFO [main] cleanup.EventualCleanupService: EventualCleanupService started with 10 threads and queue of size 10000
ERROR StatusLogger Log4j2 ConfigurationScheduler attempted to increment scheduled items after start
ERROR StatusLogger Log4j2 ConfigurationScheduler attempted to increment scheduled items after start
2024-05-01T14:00:11,466  INFO [main] service.AbstractService: Service:OperationManager is inited.
2024-05-01T14:00:11,466  INFO [main] service.AbstractService: Service:SessionManager is inited.
2024-05-01T14:00:11,466  INFO [main] service.AbstractService: Service:CLIService is inited.
2024-05-01T14:00:11,466  INFO [main] service.AbstractService: Service:OperationManager is started.
2024-05-01T14:00:11,466  INFO [main] service.AbstractService: Service:SessionManager is started.
2024-05-01T14:00:11,466  INFO [main] service.AbstractService: Service:CLIService is started.
2024-05-01T14:00:11,467  INFO [main] service.AbstractService: Service:ThriftBinaryCLIService is inited.
2024-05-01T14:00:11,467  INFO [main] thrift.ThriftCLIService: Client protocol version: HIVE_CLI_SERVICE_PROTOCOL_V10
2024-05-01T14:00:11,467  INFO [main] thrift.ThriftCLIService: Creating Hive session handle for user [null] from IP null
2024-05-01T14:00:11,468  INFO [main] DependencyResolver: ivysettings.xml file not found in HIVE_HOME or HIVE_CONF_DIR,/home/alex/Repositories/hive/conf/ivysettings.xml will be used
2024-05-01T14:00:11,475  INFO [main] session.SessionState: Created HDFS directory: /tmp/hive/alex/d6c8b9db-76f9-438b-a6fe-dc2ca36d0980
2024-05-01T14:00:11,480  INFO [main] session.SessionState: Created local directory: /home/alex/Repositories/hive/beeline/target/tmp/alex/d6c8b9db-76f9-438b-a6fe-dc2ca36d0980
2024-05-01T14:00:11,484  INFO [main] session.SessionState: Created HDFS directory: /tmp/hive/alex/d6c8b9db-76f9-438b-a6fe-dc2ca36d0980/_tmp_space.db
2024-05-01T14:00:11,484  INFO [main] session.SessionState: Reloading auxiliary JAR files
2024-05-01T14:00:11,484  WARN [main] session.SessionState: Configuration hive.reloadable.aux.jars.path not specified
2024-05-01T14:00:11,484  INFO [main] HiveMetaStore.audit: ugi=alex	ip=unknown-ip-addr	cmd=Cleaning up thread local RawStore...	
2024-05-01T14:00:11,485  INFO [main] metastore.ObjectStore: RawStore: org.apache.hadoop.hive.metastore.ObjectStore@295f2d1b, with PersistenceManager: org.datanucleus.api.jdo.JDOPersistenceManager@65015a49 will be shutdown
2024-05-01T14:00:11,485  INFO [main] HiveMetaStore.audit: ugi=alex	ip=unknown-ip-addr	cmd=Done cleaning up thread local RawStore	
2024-05-01T14:00:11,485  INFO [main] metastore.HiveMetaStoreClient: Closed a connection to metastore, current connections: -24
2024-05-01T14:00:11,485  INFO [main] session.HiveSessionImpl: Operation log session directory is created: /home/alex/Repositories/hive/beeline/target/tmp/alex/operation_logs/d6c8b9db-76f9-438b-a6fe-dc2ca36d0980
2024-05-01T14:00:11,485  INFO [main] service.CompositeService: Session opened, SessionHandle [d6c8b9db-76f9-438b-a6fe-dc2ca36d0980], current sessions:1
2024-05-01T14:00:11,485  INFO [main] thrift.ThriftCLIService: Login attempt is successful for user : null
2024-05-01T14:00:11,544  WARN [main] conf.HiveConf: HiveConf of name hive.dummyparam.test.server.specific.config.override does not exist
2024-05-01T14:00:11,545  WARN [main] conf.HiveConf: HiveConf of name hive.dummyparam.test.server.specific.config.hiveserver2site does not exist
2024-05-01T14:00:11,545  WARN [main] conf.HiveConf: HiveConf of name hive.dummyparam.test.server.specific.config.metastoresite does not exist
2024-05-01T14:00:11,545  INFO [d6c8b9db-76f9-438b-a6fe-dc2ca36d0980 main] session.HiveSessionImpl: executing set
2024-05-01T14:00:11,546  INFO [d6c8b9db-76f9-438b-a6fe-dc2ca36d0980 main] operation.HiveCommandOperation: Putting temp output to file /home/alex/Repositories/hive/beeline/target/tmp/alex/d6c8b9db-76f9-438b-a6fe-dc2ca36d0980951574437460383732.pipeout and error output to file /home/alex/Repositories/hive/beeline/target/tmp/alex/d6c8b9db-76f9-438b-a6fe-dc2ca36d0980739932380908302114.pipeout
2024-05-01T14:00:11,546  INFO [d6c8b9db-76f9-438b-a6fe-dc2ca36d0980 main] operation.OperationManager: Adding operation: OperationHandle [opType=EXECUTE_STATEMENT, getHandleIdentifier()=a031b367-85a0-4928-9c8a-68773336f6ca] SessionHandle [d6c8b9db-76f9-438b-a6fe-dc2ca36d0980]
2024-05-01T14:00:11,547  INFO [d6c8b9db-76f9-438b-a6fe-dc2ca36d0980 main] common.LogUtils: Thread context registration is done.
DEBUG StatusLogger Building Plugin[name=filter, class=org.apache.hadoop.hive.ql.log.LogDivertAppender$NameFilter].
DEBUG StatusLogger createFilter(loggingLevel="EXECUTION")
DEBUG StatusLogger Building Plugin[name=layout, class=org.apache.logging.log4j.core.layout.PatternLayout].
DEBUG StatusLogger PatternLayout$Builder(pattern="%-5p : %m%n", PatternSelector=null, Configuration(HiveLog4j2Test), Replace=null, charset="null", alwaysWriteExceptions="null", disableAnsi="null", noConsoleNoAnsi="null", header="null", footer="null")
DEBUG StatusLogger Building Plugin[name=appender, class=org.apache.hadoop.hive.ql.log.HushableRandomAccessFileAppender].
DEBUG StatusLogger createAppender(fileName="/home/alex/Repositories/hive/beeline/target/tmp/alex/operation_logs/d6c8b9db-76f9-438b-a6fe-dc2ca36d0980/alex_20240501140011_087aba96-dd05-4c94-b822-36f5135835bb", append="null", name="query-file-appender", immediateFlush="null", bufferSize="null", ignoreExceptions="null", PatternLayout(org.apache.logging.log4j.core.layout.PatternLayout with name PatternLayout), NameFilter(org.apache.hadoop.hive.ql.log.LogDivertAppender$NameFilter with name NameFilter), advertise="null", advertiseURI="null", Configuration(HiveLog4j2Test))
DEBUG StatusLogger Starting RandomAccessFileManager /home/alex/Repositories/hive/beeline/target/tmp/alex/operation_logs/d6c8b9db-76f9-438b-a6fe-dc2ca36d0980/alex_20240501140011_087aba96-dd05-4c94-b822-36f5135835bb
DEBUG StatusLogger Building Plugin[name=, class=org.apache.hadoop.hive.ql.log.LogDivertAppenderForTest$TestFilter].
DEBUG StatusLogger createFilter()
DEBUG StatusLogger Building Plugin[name=, class=org.apache.logging.log4j.core.layout.PatternLayout].
DEBUG StatusLogger PatternLayout$Builder(pattern="%-5p : %m%n", PatternSelector=null, Configuration(HiveLog4j2Test), Replace=null, charset="null", alwaysWriteExceptions="null", disableAnsi="null", noConsoleNoAnsi="null", header="null", footer="null")
DEBUG StatusLogger Building Plugin[name=appender, class=org.apache.hadoop.hive.ql.log.HushableRandomAccessFileAppender].
DEBUG StatusLogger createAppender(fileName="/home/alex/Repositories/hive/beeline/target/tmp/alex/operation_logs/d6c8b9db-76f9-438b-a6fe-dc2ca36d0980/alex_20240501140011_087aba96-dd05-4c94-b822-36f5135835bb.test", append="null", name="test-query-file-appender", immediateFlush="null", bufferSize="null", ignoreExceptions="null", PatternLayout(org.apache.logging.log4j.core.layout.PatternLayout with name PatternLayout), test-filter(org.apache.hadoop.hive.ql.log.LogDivertAppenderForTest$TestFilter with name test-filter), advertise="null", advertiseURI="null", Configuration(HiveLog4j2Test))
DEBUG StatusLogger Starting RandomAccessFileManager /home/alex/Repositories/hive/beeline/target/tmp/alex/operation_logs/d6c8b9db-76f9-438b-a6fe-dc2ca36d0980/alex_20240501140011_087aba96-dd05-4c94-b822-36f5135835bb.test
2024-05-01T14:00:11,550  INFO [d6c8b9db-76f9-438b-a6fe-dc2ca36d0980 main] operation.HiveCommandOperation: [opType=EXECUTE_STATEMENT, queryId=alex_20240501140011_087aba96-dd05-4c94-b822-36f5135835bb, startTime=1714597211545, sessionId=d6c8b9db-76f9-438b-a6fe-dc2ca36d0980, createTime=1714597211467, userName=null, ipAddress=null]
2024-05-01T14:00:11,560  INFO [d6c8b9db-76f9-438b-a6fe-dc2ca36d0980 main] common.LogUtils: Unregistered logging context.
2024-05-01T14:00:11,563  INFO [d6c8b9db-76f9-438b-a6fe-dc2ca36d0980 main] operation.OperationManager: Closing operation: OperationHandle [opType=EXECUTE_STATEMENT, getHandleIdentifier()=a031b367-85a0-4928-9c8a-68773336f6ca]
2024-05-01T14:00:11,563  INFO [d6c8b9db-76f9-438b-a6fe-dc2ca36d0980 main] operation.OperationManager: Removed queryId: alex_20240501140011_087aba96-dd05-4c94-b822-36f5135835bb corresponding to operation: OperationHandle [opType=EXECUTE_STATEMENT, getHandleIdentifier()=a031b367-85a0-4928-9c8a-68773336f6ca] with tag: null
2024-05-01T14:00:11,564  INFO [d6c8b9db-76f9-438b-a6fe-dc2ca36d0980 main] operation.HiveCommandOperation: Closing operation log /home/alex/Repositories/hive/beeline/target/tmp/alex/operation_logs/d6c8b9db-76f9-438b-a6fe-dc2ca36d0980/alex_20240501140011_087aba96-dd05-4c94-b822-36f5135835bb without delay
2024-05-01T14:00:11,567  INFO [d6c8b9db-76f9-438b-a6fe-dc2ca36d0980 main] session.HiveSessionImpl: executing show tables
2024-05-01T14:00:11,567  INFO [d6c8b9db-76f9-438b-a6fe-dc2ca36d0980 main] operation.OperationManager: Adding operation: OperationHandle [opType=EXECUTE_STATEMENT, getHandleIdentifier()=43c9961f-4b23-4a2c-8bca-8f0d3f3af459] SessionHandle [d6c8b9db-76f9-438b-a6fe-dc2ca36d0980]
2024-05-01T14:00:11,567  INFO [d6c8b9db-76f9-438b-a6fe-dc2ca36d0980 main] common.LogUtils: Thread context registration is done.
DEBUG StatusLogger Building Plugin[name=filter, class=org.apache.hadoop.hive.ql.log.LogDivertAppender$NameFilter].
DEBUG StatusLogger createFilter(loggingLevel="EXECUTION")
DEBUG StatusLogger Building Plugin[name=layout, class=org.apache.logging.log4j.core.layout.PatternLayout].
DEBUG StatusLogger PatternLayout$Builder(pattern="%-5p : %m%n", PatternSelector=null, Configuration(HiveLog4j2Test), Replace=null, charset="null", alwaysWriteExceptions="null", disableAnsi="null", noConsoleNoAnsi="null", header="null", footer="null")
DEBUG StatusLogger Building Plugin[name=appender, class=org.apache.hadoop.hive.ql.log.HushableRandomAccessFileAppender].
DEBUG StatusLogger createAppender(fileName="/home/alex/Repositories/hive/beeline/target/tmp/alex/operation_logs/d6c8b9db-76f9-438b-a6fe-dc2ca36d0980/alex_20240501140011_76329999-9301-460a-953e-15b0802465a9", append="null", name="query-file-appender", immediateFlush="null", bufferSize="null", ignoreExceptions="null", PatternLayout(org.apache.logging.log4j.core.layout.PatternLayout with name PatternLayout), NameFilter(org.apache.hadoop.hive.ql.log.LogDivertAppender$NameFilter with name NameFilter), advertise="null", advertiseURI="null", Configuration(HiveLog4j2Test))
DEBUG StatusLogger Starting RandomAccessFileManager /home/alex/Repositories/hive/beeline/target/tmp/alex/operation_logs/d6c8b9db-76f9-438b-a6fe-dc2ca36d0980/alex_20240501140011_76329999-9301-460a-953e-15b0802465a9
DEBUG StatusLogger Building Plugin[name=, class=org.apache.hadoop.hive.ql.log.LogDivertAppenderForTest$TestFilter].
DEBUG StatusLogger createFilter()
DEBUG StatusLogger Building Plugin[name=, class=org.apache.logging.log4j.core.layout.PatternLayout].
DEBUG StatusLogger PatternLayout$Builder(pattern="%-5p : %m%n", PatternSelector=null, Configuration(HiveLog4j2Test), Replace=null, charset="null", alwaysWriteExceptions="null", disableAnsi="null", noConsoleNoAnsi="null", header="null", footer="null")
DEBUG StatusLogger Building Plugin[name=appender, class=org.apache.hadoop.hive.ql.log.HushableRandomAccessFileAppender].
DEBUG StatusLogger createAppender(fileName="/home/alex/Repositories/hive/beeline/target/tmp/alex/operation_logs/d6c8b9db-76f9-438b-a6fe-dc2ca36d0980/alex_20240501140011_76329999-9301-460a-953e-15b0802465a9.test", append="null", name="test-query-file-appender", immediateFlush="null", bufferSize="null", ignoreExceptions="null", PatternLayout(org.apache.logging.log4j.core.layout.PatternLayout with name PatternLayout), test-filter(org.apache.hadoop.hive.ql.log.LogDivertAppenderForTest$TestFilter with name test-filter), advertise="null", advertiseURI="null", Configuration(HiveLog4j2Test))
DEBUG StatusLogger Starting RandomAccessFileManager /home/alex/Repositories/hive/beeline/target/tmp/alex/operation_logs/d6c8b9db-76f9-438b-a6fe-dc2ca36d0980/alex_20240501140011_76329999-9301-460a-953e-15b0802465a9.test
2024-05-01T14:00:11,571  INFO [d6c8b9db-76f9-438b-a6fe-dc2ca36d0980 main] operation.SQLOperation: [opType=EXECUTE_STATEMENT, queryId=alex_20240501140011_76329999-9301-460a-953e-15b0802465a9, startTime=1714597211567, sessionId=d6c8b9db-76f9-438b-a6fe-dc2ca36d0980, createTime=1714597211467, userName=null, ipAddress=null]
2024-05-01T14:00:11,572  INFO [d6c8b9db-76f9-438b-a6fe-dc2ca36d0980 main] ql.Driver: Compiling command(queryId=alex_20240501140011_76329999-9301-460a-953e-15b0802465a9): show tables
2024-05-01T14:00:11,573  INFO [d6c8b9db-76f9-438b-a6fe-dc2ca36d0980 main] metastore.HiveMetaStoreClient: HMS client filtering is enabled.
2024-05-01T14:00:11,573  INFO [d6c8b9db-76f9-438b-a6fe-dc2ca36d0980 main] metastore.HMSHandler: 0: Opening raw store with implementation class:org.apache.hadoop.hive.metastore.ObjectStore
2024-05-01T14:00:11,573  INFO [d6c8b9db-76f9-438b-a6fe-dc2ca36d0980 main] metastore.PersistenceManagerProvider: Configuration datanucleus.autoStartMechanismMode is not set. Defaulting to 'ignored'
2024-05-01T14:00:11,574  INFO [d6c8b9db-76f9-438b-a6fe-dc2ca36d0980 main] metastore.ObjectStore: RawStore: org.apache.hadoop.hive.metastore.ObjectStore@290807e5, with PersistenceManager: null will be shutdown
2024-05-01T14:00:11,574  INFO [d6c8b9db-76f9-438b-a6fe-dc2ca36d0980 main] metastore.ObjectStore: RawStore: org.apache.hadoop.hive.metastore.ObjectStore@290807e5, with PersistenceManager: org.datanucleus.api.jdo.JDOPersistenceManager@60bc308b created in the thread with id: 1
2024-05-01T14:00:11,578  INFO [d6c8b9db-76f9-438b-a6fe-dc2ca36d0980 main] metastore.HMSHandler: Created RawStore: org.apache.hadoop.hive.metastore.ObjectStore@290807e5 from thread id: 1
2024-05-01T14:00:11,579  INFO [d6c8b9db-76f9-438b-a6fe-dc2ca36d0980 main] metastore.HMSHandler: HMS server filtering is disabled by configuration
2024-05-01T14:00:11,579  INFO [d6c8b9db-76f9-438b-a6fe-dc2ca36d0980 main] metastore.RetryingMetaStoreClient: RetryingMetaStoreClient proxy=class org.apache.hadoop.hive.ql.metadata.SessionHiveMetaStoreClient ugi=alex (auth:SIMPLE) retries=1 delay=1 lifetime=0
2024-05-01T14:00:11,583  INFO [d6c8b9db-76f9-438b-a6fe-dc2ca36d0980 main] HiveMetaStore.audit: ugi=alex	ip=unknown-ip-addr	cmd=get_database: default	
2024-05-01T14:00:11,585  INFO [d6c8b9db-76f9-438b-a6fe-dc2ca36d0980 main] ql.Driver: Semantic Analysis Completed (retrial = false)
2024-05-01T14:00:11,585  INFO [d6c8b9db-76f9-438b-a6fe-dc2ca36d0980 main] ql.Driver: Created Hive schema: Schema(fieldSchemas:[FieldSchema(name:tab_name, type:string, comment:from deserializer)], properties:null)
2024-05-01T14:00:11,586  INFO [d6c8b9db-76f9-438b-a6fe-dc2ca36d0980 main] exec.ListSinkOperator: Initializing Operator: LIST_SINK[0]
2024-05-01T14:00:11,587  INFO [d6c8b9db-76f9-438b-a6fe-dc2ca36d0980 main] metadata.Hive: Dumping metastore api call timing information for : compilation phase
2024-05-01T14:00:11,587  INFO [d6c8b9db-76f9-438b-a6fe-dc2ca36d0980 main] metadata.Hive: Total time spent in each metastore function (ms): {isCompatibleWith_(Configuration)=0, getDatabase_(String)=2, flushCache_()=0}
2024-05-01T14:00:11,587  INFO [d6c8b9db-76f9-438b-a6fe-dc2ca36d0980 main] ql.Driver: Completed compiling command(queryId=alex_20240501140011_76329999-9301-460a-953e-15b0802465a9); Time taken: 0.015 seconds
2024-05-01T14:00:11,587  INFO [d6c8b9db-76f9-438b-a6fe-dc2ca36d0980 main] common.LogUtils: Unregistered logging context.
2024-05-01T14:00:11,588  INFO [HiveServer2-Background-Pool: Thread-413] common.LogUtils: Thread context registration is done.
2024-05-01T14:00:11,588  INFO [HiveServer2-Background-Pool: Thread-413] reexec.ReExecDriver: Execution #1 of query
2024-05-01T14:00:11,588  INFO [HiveServer2-Background-Pool: Thread-413] ql.Driver: Concurrency mode is disabled, not creating a lock manager
2024-05-01T14:00:11,589  INFO [HiveServer2-Background-Pool: Thread-413] ql.Driver: Executing command(queryId=alex_20240501140011_76329999-9301-460a-953e-15b0802465a9): show tables
2024-05-01T14:00:11,589  INFO [HiveServer2-Background-Pool: Thread-413] ql.Driver: Starting task [Stage-0:DDL] in serial mode
2024-05-01T14:00:11,590  INFO [HiveServer2-Background-Pool: Thread-413] HiveMetaStore.audit: ugi=alex	ip=unknown-ip-addr	cmd=get_database: default	
2024-05-01T14:00:11,590  INFO [HiveServer2-Background-Pool: Thread-413] metastore.HMSHandler: 22: Opening raw store with implementation class:org.apache.hadoop.hive.metastore.ObjectStore
2024-05-01T14:00:11,591  INFO [HiveServer2-Background-Pool: Thread-413] metastore.ObjectStore: RawStore: org.apache.hadoop.hive.metastore.ObjectStore@d22c4ba, with PersistenceManager: null will be shutdown
2024-05-01T14:00:11,591  INFO [HiveServer2-Background-Pool: Thread-413] metastore.ObjectStore: RawStore: org.apache.hadoop.hive.metastore.ObjectStore@d22c4ba, with PersistenceManager: org.datanucleus.api.jdo.JDOPersistenceManager@48204b7a created in the thread with id: 413
2024-05-01T14:00:11,596  INFO [HiveServer2-Background-Pool: Thread-413] metastore.HMSHandler: Created RawStore: org.apache.hadoop.hive.metastore.ObjectStore@d22c4ba from thread id: 413
2024-05-01T14:00:11,598  INFO [HiveServer2-Background-Pool: Thread-413] HiveMetaStore.audit: ugi=alex	ip=unknown-ip-addr	cmd=get_multi_table : db=default tbls=null	
2024-05-01T14:00:11,601  INFO [HiveServer2-Background-Pool: Thread-413] sqlstd.SQLStdHiveAccessController: Created SQLStdHiveAccessController for session context : HiveAuthzSessionContext [sessionString=d6c8b9db-76f9-438b-a6fe-dc2ca36d0980, clientType=HIVESERVER2]
2024-05-01T14:00:11,609  INFO [HiveServer2-Background-Pool: Thread-413] metadata.Hive: Dumping metastore api call timing information for : execution phase
2024-05-01T14:00:11,609  INFO [HiveServer2-Background-Pool: Thread-413] metadata.Hive: Total time spent in each metastore function (ms): {isCompatibleWith_(Configuration)=0, getDatabase_(String)=7, getTables_(String, String)=4}
2024-05-01T14:00:11,609  INFO [HiveServer2-Background-Pool: Thread-413] ql.Driver: Completed executing command(queryId=alex_20240501140011_76329999-9301-460a-953e-15b0802465a9); Time taken: 0.019 seconds
2024-05-01T14:00:11,610  INFO [HiveServer2-Background-Pool: Thread-413] common.LogUtils: Unregistered logging context.
2024-05-01T14:00:11,614  INFO [d6c8b9db-76f9-438b-a6fe-dc2ca36d0980 main] operation.OperationManager: Closing operation: OperationHandle [opType=EXECUTE_STATEMENT, getHandleIdentifier()=43c9961f-4b23-4a2c-8bca-8f0d3f3af459]
2024-05-01T14:00:11,614  INFO [d6c8b9db-76f9-438b-a6fe-dc2ca36d0980 main] operation.OperationManager: Removed queryId: alex_20240501140011_76329999-9301-460a-953e-15b0802465a9 corresponding to operation: OperationHandle [opType=EXECUTE_STATEMENT, getHandleIdentifier()=43c9961f-4b23-4a2c-8bca-8f0d3f3af459] with tag: null
2024-05-01T14:00:11,614  INFO [d6c8b9db-76f9-438b-a6fe-dc2ca36d0980 main] ql.Context: Deleting scratch dir: file:/home/alex/Repositories/hive/beeline/target/tmp/alex/d6c8b9db-76f9-438b-a6fe-dc2ca36d0980/hive_2024-05-01_14-00-11_572_8319795698004971386-1
2024-05-01T14:00:11,614  INFO [d6c8b9db-76f9-438b-a6fe-dc2ca36d0980 main] cleanup.EventualCleanupService: Delete file:/home/alex/Repositories/hive/beeline/target/tmp/alex/d6c8b9db-76f9-438b-a6fe-dc2ca36d0980/hive_2024-05-01_14-00-11_572_8319795698004971386-1 operation was queued
2024-05-01T14:00:11,614  INFO [d6c8b9db-76f9-438b-a6fe-dc2ca36d0980 main] exec.ListSinkOperator: Closing Operator: LIST_SINK[0]
2024-05-01T14:00:11,614  INFO [d6c8b9db-76f9-438b-a6fe-dc2ca36d0980 main] exec.ListSinkOperator: RECORDS_OUT_INTERMEDIATE:0, RECORDS_OUT_OPERATOR_LIST_SINK_0:0, 
2024-05-01T14:00:11,614  INFO [d6c8b9db-76f9-438b-a6fe-dc2ca36d0980 main] operation.SQLOperation: Closing operation log /home/alex/Repositories/hive/beeline/target/tmp/alex/operation_logs/d6c8b9db-76f9-438b-a6fe-dc2ca36d0980/alex_20240501140011_76329999-9301-460a-953e-15b0802465a9 without delay
2024-05-01T14:00:11,614  INFO [main] service.CompositeService: Session closed, SessionHandle [d6c8b9db-76f9-438b-a6fe-dc2ca36d0980], current sessions:0
2024-05-01T14:00:11,614  INFO [EventualCleanupService thread 0] cleanup.EventualCleanupService: Deleted file:/home/alex/Repositories/hive/beeline/target/tmp/alex/d6c8b9db-76f9-438b-a6fe-dc2ca36d0980/hive_2024-05-01_14-00-11_572_8319795698004971386-1
2024-05-01T14:00:11,615  INFO [d6c8b9db-76f9-438b-a6fe-dc2ca36d0980 main] session.HiveSessionImpl: Operation log session directory is deleted: /home/alex/Repositories/hive/beeline/target/tmp/alex/operation_logs/d6c8b9db-76f9-438b-a6fe-dc2ca36d0980
2024-05-01T14:00:11,615  INFO [main] cleanup.EventualCleanupService: Delete /tmp/hive/alex/d6c8b9db-76f9-438b-a6fe-dc2ca36d0980 operation was queued
2024-05-01T14:00:11,615  INFO [main] cleanup.EventualCleanupService: Delete /home/alex/Repositories/hive/beeline/target/tmp/alex/d6c8b9db-76f9-438b-a6fe-dc2ca36d0980 operation was queued
2024-05-01T14:00:11,615  INFO [EventualCleanupService thread 2] cleanup.EventualCleanupService: Deleted /home/alex/Repositories/hive/beeline/target/tmp/alex/d6c8b9db-76f9-438b-a6fe-dc2ca36d0980
2024-05-01T14:00:11,615  INFO [EventualCleanupService thread 1] cleanup.EventualCleanupService: Deleted /tmp/hive/alex/d6c8b9db-76f9-438b-a6fe-dc2ca36d0980
2024-05-01T14:00:11,616  INFO [main] HiveMetaStore.audit: ugi=alex	ip=unknown-ip-addr	cmd=Cleaning up thread local RawStore...	
2024-05-01T14:00:11,616  INFO [main] metastore.ObjectStore: RawStore: org.apache.hadoop.hive.metastore.ObjectStore@290807e5, with PersistenceManager: org.datanucleus.api.jdo.JDOPersistenceManager@60bc308b will be shutdown
2024-05-01T14:00:11,616  INFO [main] HiveMetaStore.audit: ugi=alex	ip=unknown-ip-addr	cmd=Done cleaning up thread local RawStore	
2024-05-01T14:00:11,616  INFO [main] metastore.HiveMetaStoreClient: Closed a connection to metastore, current connections: -25
2024-05-01T14:00:11,616 ERROR [main] cli.TestHiveCli: Failed due to the error:Connecting to jdbc:hive2://
Hive Session ID = 9e1b0dba-8409-4028-8735-bd6dbac09bd0
ivysettings.xml file not found in HIVE_HOME or HIVE_CONF_DIR,/home/alex/Repositories/hive/conf/ivysettings.xml will be used
ivysettings.xml file not found in HIVE_HOME or HIVE_CONF_DIR,/home/alex/Repositories/hive/conf/ivysettings.xml will be used
Connected to: Apache Hive (version 4.0.0-SNAPSHOT)
Error: Couldn't load manifest attributes. (state=,code=0)
Transaction isolation: TRANSACTION_REPEATABLE_READ
INFO  : Compiling command(queryId=alex_20240501140011_76329999-9301-460a-953e-15b0802465a9): show tables
INFO  : Semantic Analysis Completed (retrial = false)
INFO  : Created Hive schema: Schema(fieldSchemas:[FieldSchema(name:tab_name, type:string, comment:from deserializer)], properties:null)
INFO  : Completed compiling command(queryId=alex_20240501140011_76329999-9301-460a-953e-15b0802465a9); Time taken: 0.015 seconds
INFO  : Concurrency mode is disabled, not creating a lock manager
INFO  : Executing command(queryId=alex_20240501140011_76329999-9301-460a-953e-15b0802465a9): show tables
INFO  : Starting task [Stage-0:DDL] in serial mode
DEBUG : Task getting executed using mapred tag : alex_20240501140011_76329999-9301-460a-953e-15b0802465a9,userid=null
INFO  : Completed executing command(queryId=alex_20240501140011_76329999-9301-460a-953e-15b0802465a9); Time taken: 0.019 seconds
DEBUG : Shutting down query show tables
Error: Failed to wait for operation to complete (state=08S01,code=0)
Closing: 0: jdbc:hive2://

]]></system-err>
  </testcase>
  <testcase name="testUseInvalidDB" classname="org.apache.hive.beeline.cli.TestHiveCli" time="0.338"/>
  <testcase name="testErrOutput" classname="org.apache.hive.beeline.cli.TestHiveCli" time="0.283"/>
  <testcase name="testSqlFromCmdWithComments1" classname="org.apache.hive.beeline.cli.TestHiveCli" time="0.256">
    <failure type="java.lang.AssertionError"><![CDATA[java.lang.AssertionError: Supported return code is 0 while the actual is 1
	at org.junit.Assert.fail(Assert.java:89)
	at org.apache.hive.beeline.cli.TestHiveCli.executeCMD(TestHiveCli.java:256)
	at org.apache.hive.beeline.cli.TestHiveCli.verifyCMD(TestHiveCli.java:266)
	at org.apache.hive.beeline.cli.TestHiveCli.testSqlFromCmdWithComments1(TestHiveCli.java:150)
	at sun.reflect.NativeMethodAccessorImpl.invoke0(Native Method)
	at sun.reflect.NativeMethodAccessorImpl.invoke(NativeMethodAccessorImpl.java:62)
	at sun.reflect.DelegatingMethodAccessorImpl.invoke(DelegatingMethodAccessorImpl.java:43)
	at java.lang.reflect.Method.invoke(Method.java:498)
	at org.junit.runners.model.FrameworkMethod$1.runReflectiveCall(FrameworkMethod.java:59)
	at org.junit.internal.runners.model.ReflectiveCallable.run(ReflectiveCallable.java:12)
	at org.junit.runners.model.FrameworkMethod.invokeExplosively(FrameworkMethod.java:56)
	at org.junit.internal.runners.statements.InvokeMethod.evaluate(InvokeMethod.java:17)
	at org.junit.internal.runners.statements.RunBefores.evaluate(RunBefores.java:26)
	at org.junit.internal.runners.statements.RunAfters.evaluate(RunAfters.java:27)
	at org.junit.runners.ParentRunner$3.evaluate(ParentRunner.java:306)
	at org.junit.runners.BlockJUnit4ClassRunner$1.evaluate(BlockJUnit4ClassRunner.java:100)
	at org.junit.runners.ParentRunner.runLeaf(ParentRunner.java:366)
	at org.junit.runners.BlockJUnit4ClassRunner.runChild(BlockJUnit4ClassRunner.java:103)
	at org.junit.runners.BlockJUnit4ClassRunner.runChild(BlockJUnit4ClassRunner.java:63)
	at org.junit.runners.ParentRunner$4.run(ParentRunner.java:331)
	at org.junit.runners.ParentRunner$1.schedule(ParentRunner.java:79)
	at org.junit.runners.ParentRunner.runChildren(ParentRunner.java:329)
	at org.junit.runners.ParentRunner.access$100(ParentRunner.java:66)
	at org.junit.runners.ParentRunner$2.evaluate(ParentRunner.java:293)
	at org.junit.internal.runners.statements.RunBefores.evaluate(RunBefores.java:26)
	at org.junit.runners.ParentRunner$3.evaluate(ParentRunner.java:306)
	at org.junit.runners.ParentRunner.run(ParentRunner.java:413)
	at org.junit.runner.JUnitCore.run(JUnitCore.java:137)
	at org.junit.runner.JUnitCore.run(JUnitCore.java:115)
	at org.junit.vintage.engine.execution.RunnerExecutor.execute(RunnerExecutor.java:43)
	at java.util.stream.ForEachOps$ForEachOp$OfRef.accept(ForEachOps.java:183)
	at java.util.stream.ReferencePipeline$3$1.accept(ReferencePipeline.java:193)
	at java.util.Iterator.forEachRemaining(Iterator.java:116)
	at java.util.Spliterators$IteratorSpliterator.forEachRemaining(Spliterators.java:1801)
	at java.util.stream.AbstractPipeline.copyInto(AbstractPipeline.java:482)
	at java.util.stream.AbstractPipeline.wrapAndCopyInto(AbstractPipeline.java:472)
	at java.util.stream.ForEachOps$ForEachOp.evaluateSequential(ForEachOps.java:150)
	at java.util.stream.ForEachOps$ForEachOp$OfRef.evaluateSequential(ForEachOps.java:173)
	at java.util.stream.AbstractPipeline.evaluate(AbstractPipeline.java:234)
	at java.util.stream.ReferencePipeline.forEach(ReferencePipeline.java:485)
	at org.junit.vintage.engine.VintageTestEngine.executeAllChildren(VintageTestEngine.java:82)
	at org.junit.vintage.engine.VintageTestEngine.execute(VintageTestEngine.java:73)
	at org.junit.platform.launcher.core.DefaultLauncher.execute(DefaultLauncher.java:248)
	at org.junit.platform.launcher.core.DefaultLauncher.lambda$execute$5(DefaultLauncher.java:211)
	at org.junit.platform.launcher.core.DefaultLauncher.withInterceptedStreams(DefaultLauncher.java:226)
	at org.junit.platform.launcher.core.DefaultLauncher.execute(DefaultLauncher.java:199)
	at org.junit.platform.launcher.core.DefaultLauncher.execute(DefaultLauncher.java:132)
	at org.apache.maven.surefire.junitplatform.JUnitPlatformProvider.invokeAllTests(JUnitPlatformProvider.java:154)
	at org.apache.maven.surefire.junitplatform.JUnitPlatformProvider.invoke(JUnitPlatformProvider.java:123)
	at org.apache.maven.surefire.booter.ForkedBooter.runSuitesInProcess(ForkedBooter.java:377)
	at org.apache.maven.surefire.booter.ForkedBooter.execute(ForkedBooter.java:138)
	at org.apache.maven.surefire.booter.ForkedBooter.run(ForkedBooter.java:465)
	at org.apache.maven.surefire.booter.ForkedBooter.main(ForkedBooter.java:451)
]]></failure>
    <system-err><![CDATA[2024-05-01T14:00:12,238 ERROR [main] cli.TestHiveCli: Failed to execute command due to the error: java.lang.NullPointerException: Null output stream
2024-05-01T14:00:12,299  WARN [main] conf.HiveConf: HiveConf of name hive.dummyparam.test.server.specific.config.override does not exist
2024-05-01T14:00:12,300  WARN [main] conf.HiveConf: HiveConf of name hive.dummyparam.test.server.specific.config.hiveserver2site does not exist
2024-05-01T14:00:12,300  WARN [main] conf.HiveConf: HiveConf of name hive.dummyparam.test.server.specific.config.metastoresite does not exist
2024-05-01T14:00:12,300  INFO [main] SessionState: Hive Session ID = 64b2179f-bd12-4623-a6d9-87276425a28e
2024-05-01T14:00:12,300  INFO [main] DependencyResolver: ivysettings.xml file not found in HIVE_HOME or HIVE_CONF_DIR,/home/alex/Repositories/hive/conf/ivysettings.xml will be used
2024-05-01T14:00:12,310  INFO [main] session.SessionState: Created HDFS directory: /tmp/hive/alex/64b2179f-bd12-4623-a6d9-87276425a28e
2024-05-01T14:00:12,315  INFO [main] session.SessionState: Created local directory: /home/alex/Repositories/hive/beeline/target/tmp/alex/64b2179f-bd12-4623-a6d9-87276425a28e
2024-05-01T14:00:12,318  INFO [main] session.SessionState: Created HDFS directory: /tmp/hive/alex/64b2179f-bd12-4623-a6d9-87276425a28e/_tmp_space.db
2024-05-01T14:00:12,319  INFO [main] sqlstd.SQLStdHiveAccessController: Created SQLStdHiveAccessController for session context : HiveAuthzSessionContext [sessionString=64b2179f-bd12-4623-a6d9-87276425a28e, clientType=HIVESERVER2]
2024-05-01T14:00:12,319  INFO [main] metastore.HiveMetaStoreClient: HMS client filtering is enabled.
2024-05-01T14:00:12,320  INFO [main] metastore.HMSHandler: 0: Opening raw store with implementation class:org.apache.hadoop.hive.metastore.ObjectStore
2024-05-01T14:00:12,320  INFO [main] metastore.PersistenceManagerProvider: Configuration datanucleus.autoStartMechanismMode is not set. Defaulting to 'ignored'
2024-05-01T14:00:12,320  INFO [main] metastore.ObjectStore: RawStore: org.apache.hadoop.hive.metastore.ObjectStore@7f1ad846, with PersistenceManager: null will be shutdown
2024-05-01T14:00:12,321  INFO [main] metastore.ObjectStore: RawStore: org.apache.hadoop.hive.metastore.ObjectStore@7f1ad846, with PersistenceManager: org.datanucleus.api.jdo.JDOPersistenceManager@5d5ae6aa created in the thread with id: 1
2024-05-01T14:00:12,323  INFO [main] metastore.HMSHandler: Created RawStore: org.apache.hadoop.hive.metastore.ObjectStore@7f1ad846 from thread id: 1
2024-05-01T14:00:12,323  INFO [main] metastore.HMSHandler: HMS server filtering is disabled by configuration
2024-05-01T14:00:12,323  INFO [main] metastore.RetryingMetaStoreClient: RetryingMetaStoreClient proxy=class org.apache.hadoop.hive.ql.metadata.SessionHiveMetaStoreClient ugi=alex (auth:SIMPLE) retries=1 delay=1 lifetime=0
2024-05-01T14:00:12,323  INFO [main] service.CompositeService: Operation log root directory is created: /home/alex/Repositories/hive/beeline/target/tmp/alex/operation_logs
2024-05-01T14:00:12,324  INFO [main] service.CompositeService: HiveServer2: Background operation thread pool size: 100
2024-05-01T14:00:12,324  INFO [main] service.CompositeService: HiveServer2: Background operation thread wait queue size: 100
2024-05-01T14:00:12,324  INFO [main] service.CompositeService: HiveServer2: Background operation thread keepalive time: 10 seconds
2024-05-01T14:00:12,324  INFO [main] service.CompositeService: Connections limit are user: 0 ipaddress: 0 user-ipaddress: 0
2024-05-01T14:00:12,332  INFO [main] cleanup.EventualCleanupService: EventualCleanupService started with 10 threads and queue of size 10000
ERROR StatusLogger Log4j2 ConfigurationScheduler attempted to increment scheduled items after start
ERROR StatusLogger Log4j2 ConfigurationScheduler attempted to increment scheduled items after start
2024-05-01T14:00:12,333  INFO [main] service.AbstractService: Service:OperationManager is inited.
2024-05-01T14:00:12,333  INFO [main] service.AbstractService: Service:SessionManager is inited.
2024-05-01T14:00:12,334  INFO [main] service.AbstractService: Service:CLIService is inited.
2024-05-01T14:00:12,334  INFO [main] service.AbstractService: Service:OperationManager is started.
2024-05-01T14:00:12,334  INFO [main] service.AbstractService: Service:SessionManager is started.
2024-05-01T14:00:12,334  INFO [main] service.AbstractService: Service:CLIService is started.
2024-05-01T14:00:12,334  INFO [main] service.AbstractService: Service:ThriftBinaryCLIService is inited.
2024-05-01T14:00:12,334  INFO [main] thrift.ThriftCLIService: Client protocol version: HIVE_CLI_SERVICE_PROTOCOL_V10
2024-05-01T14:00:12,334  INFO [main] thrift.ThriftCLIService: Creating Hive session handle for user [null] from IP null
2024-05-01T14:00:12,335  INFO [main] DependencyResolver: ivysettings.xml file not found in HIVE_HOME or HIVE_CONF_DIR,/home/alex/Repositories/hive/conf/ivysettings.xml will be used
2024-05-01T14:00:12,347  INFO [main] session.SessionState: Created HDFS directory: /tmp/hive/alex/604c9fe6-a944-49ff-a389-ba947771316a
2024-05-01T14:00:12,352  INFO [main] session.SessionState: Created local directory: /home/alex/Repositories/hive/beeline/target/tmp/alex/604c9fe6-a944-49ff-a389-ba947771316a
2024-05-01T14:00:12,356  INFO [main] session.SessionState: Created HDFS directory: /tmp/hive/alex/604c9fe6-a944-49ff-a389-ba947771316a/_tmp_space.db
2024-05-01T14:00:12,356  INFO [main] session.SessionState: Reloading auxiliary JAR files
2024-05-01T14:00:12,356  WARN [main] session.SessionState: Configuration hive.reloadable.aux.jars.path not specified
2024-05-01T14:00:12,356  INFO [main] HiveMetaStore.audit: ugi=alex	ip=unknown-ip-addr	cmd=Cleaning up thread local RawStore...	
2024-05-01T14:00:12,356  INFO [main] metastore.ObjectStore: RawStore: org.apache.hadoop.hive.metastore.ObjectStore@7f1ad846, with PersistenceManager: org.datanucleus.api.jdo.JDOPersistenceManager@5d5ae6aa will be shutdown
2024-05-01T14:00:12,356  INFO [main] HiveMetaStore.audit: ugi=alex	ip=unknown-ip-addr	cmd=Done cleaning up thread local RawStore	
2024-05-01T14:00:12,356  INFO [main] metastore.HiveMetaStoreClient: Closed a connection to metastore, current connections: -30
2024-05-01T14:00:12,356  INFO [main] session.HiveSessionImpl: Operation log session directory is created: /home/alex/Repositories/hive/beeline/target/tmp/alex/operation_logs/604c9fe6-a944-49ff-a389-ba947771316a
2024-05-01T14:00:12,357  INFO [main] service.CompositeService: Session opened, SessionHandle [604c9fe6-a944-49ff-a389-ba947771316a], current sessions:1
2024-05-01T14:00:12,357  INFO [main] thrift.ThriftCLIService: Login attempt is successful for user : null
2024-05-01T14:00:12,417  WARN [main] conf.HiveConf: HiveConf of name hive.dummyparam.test.server.specific.config.override does not exist
2024-05-01T14:00:12,417  WARN [main] conf.HiveConf: HiveConf of name hive.dummyparam.test.server.specific.config.hiveserver2site does not exist
2024-05-01T14:00:12,417  WARN [main] conf.HiveConf: HiveConf of name hive.dummyparam.test.server.specific.config.metastoresite does not exist
2024-05-01T14:00:12,417  INFO [604c9fe6-a944-49ff-a389-ba947771316a main] session.HiveSessionImpl: executing set
2024-05-01T14:00:12,418  INFO [604c9fe6-a944-49ff-a389-ba947771316a main] operation.HiveCommandOperation: Putting temp output to file /home/alex/Repositories/hive/beeline/target/tmp/alex/604c9fe6-a944-49ff-a389-ba947771316a7724095180251852974.pipeout and error output to file /home/alex/Repositories/hive/beeline/target/tmp/alex/604c9fe6-a944-49ff-a389-ba947771316a3642011369986568454.pipeout
2024-05-01T14:00:12,418  INFO [604c9fe6-a944-49ff-a389-ba947771316a main] operation.OperationManager: Adding operation: OperationHandle [opType=EXECUTE_STATEMENT, getHandleIdentifier()=8d2d07c9-c758-4f83-9654-4cafbe16f291] SessionHandle [604c9fe6-a944-49ff-a389-ba947771316a]
2024-05-01T14:00:12,418  INFO [604c9fe6-a944-49ff-a389-ba947771316a main] common.LogUtils: Thread context registration is done.
DEBUG StatusLogger Building Plugin[name=filter, class=org.apache.hadoop.hive.ql.log.LogDivertAppender$NameFilter].
DEBUG StatusLogger createFilter(loggingLevel="EXECUTION")
DEBUG StatusLogger Building Plugin[name=layout, class=org.apache.logging.log4j.core.layout.PatternLayout].
DEBUG StatusLogger PatternLayout$Builder(pattern="%-5p : %m%n", PatternSelector=null, Configuration(HiveLog4j2Test), Replace=null, charset="null", alwaysWriteExceptions="null", disableAnsi="null", noConsoleNoAnsi="null", header="null", footer="null")
DEBUG StatusLogger Building Plugin[name=appender, class=org.apache.hadoop.hive.ql.log.HushableRandomAccessFileAppender].
DEBUG StatusLogger createAppender(fileName="/home/alex/Repositories/hive/beeline/target/tmp/alex/operation_logs/604c9fe6-a944-49ff-a389-ba947771316a/alex_20240501140012_66846802-b0db-40dd-91a0-844b531b0829", append="null", name="query-file-appender", immediateFlush="null", bufferSize="null", ignoreExceptions="null", PatternLayout(org.apache.logging.log4j.core.layout.PatternLayout with name PatternLayout), NameFilter(org.apache.hadoop.hive.ql.log.LogDivertAppender$NameFilter with name NameFilter), advertise="null", advertiseURI="null", Configuration(HiveLog4j2Test))
DEBUG StatusLogger Starting RandomAccessFileManager /home/alex/Repositories/hive/beeline/target/tmp/alex/operation_logs/604c9fe6-a944-49ff-a389-ba947771316a/alex_20240501140012_66846802-b0db-40dd-91a0-844b531b0829
DEBUG StatusLogger Building Plugin[name=, class=org.apache.hadoop.hive.ql.log.LogDivertAppenderForTest$TestFilter].
DEBUG StatusLogger createFilter()
DEBUG StatusLogger Building Plugin[name=, class=org.apache.logging.log4j.core.layout.PatternLayout].
DEBUG StatusLogger PatternLayout$Builder(pattern="%-5p : %m%n", PatternSelector=null, Configuration(HiveLog4j2Test), Replace=null, charset="null", alwaysWriteExceptions="null", disableAnsi="null", noConsoleNoAnsi="null", header="null", footer="null")
DEBUG StatusLogger Building Plugin[name=appender, class=org.apache.hadoop.hive.ql.log.HushableRandomAccessFileAppender].
DEBUG StatusLogger createAppender(fileName="/home/alex/Repositories/hive/beeline/target/tmp/alex/operation_logs/604c9fe6-a944-49ff-a389-ba947771316a/alex_20240501140012_66846802-b0db-40dd-91a0-844b531b0829.test", append="null", name="test-query-file-appender", immediateFlush="null", bufferSize="null", ignoreExceptions="null", PatternLayout(org.apache.logging.log4j.core.layout.PatternLayout with name PatternLayout), test-filter(org.apache.hadoop.hive.ql.log.LogDivertAppenderForTest$TestFilter with name test-filter), advertise="null", advertiseURI="null", Configuration(HiveLog4j2Test))
DEBUG StatusLogger Starting RandomAccessFileManager /home/alex/Repositories/hive/beeline/target/tmp/alex/operation_logs/604c9fe6-a944-49ff-a389-ba947771316a/alex_20240501140012_66846802-b0db-40dd-91a0-844b531b0829.test
2024-05-01T14:00:12,422  INFO [604c9fe6-a944-49ff-a389-ba947771316a main] operation.HiveCommandOperation: [opType=EXECUTE_STATEMENT, queryId=alex_20240501140012_66846802-b0db-40dd-91a0-844b531b0829, startTime=1714597212418, sessionId=604c9fe6-a944-49ff-a389-ba947771316a, createTime=1714597212334, userName=null, ipAddress=null]
2024-05-01T14:00:12,433  INFO [604c9fe6-a944-49ff-a389-ba947771316a main] common.LogUtils: Unregistered logging context.
2024-05-01T14:00:12,436  INFO [604c9fe6-a944-49ff-a389-ba947771316a main] operation.OperationManager: Closing operation: OperationHandle [opType=EXECUTE_STATEMENT, getHandleIdentifier()=8d2d07c9-c758-4f83-9654-4cafbe16f291]
2024-05-01T14:00:12,436  INFO [604c9fe6-a944-49ff-a389-ba947771316a main] operation.OperationManager: Removed queryId: alex_20240501140012_66846802-b0db-40dd-91a0-844b531b0829 corresponding to operation: OperationHandle [opType=EXECUTE_STATEMENT, getHandleIdentifier()=8d2d07c9-c758-4f83-9654-4cafbe16f291] with tag: null
2024-05-01T14:00:12,436  INFO [604c9fe6-a944-49ff-a389-ba947771316a main] operation.HiveCommandOperation: Closing operation log /home/alex/Repositories/hive/beeline/target/tmp/alex/operation_logs/604c9fe6-a944-49ff-a389-ba947771316a/alex_20240501140012_66846802-b0db-40dd-91a0-844b531b0829 without delay
2024-05-01T14:00:12,438  INFO [604c9fe6-a944-49ff-a389-ba947771316a main] session.HiveSessionImpl: executing show databases
2024-05-01T14:00:12,439  INFO [604c9fe6-a944-49ff-a389-ba947771316a main] operation.OperationManager: Adding operation: OperationHandle [opType=EXECUTE_STATEMENT, getHandleIdentifier()=e18a5840-ccfe-4ecf-8c60-e5f5bfb6bbcc] SessionHandle [604c9fe6-a944-49ff-a389-ba947771316a]
2024-05-01T14:00:12,439  INFO [604c9fe6-a944-49ff-a389-ba947771316a main] common.LogUtils: Thread context registration is done.
DEBUG StatusLogger Building Plugin[name=filter, class=org.apache.hadoop.hive.ql.log.LogDivertAppender$NameFilter].
DEBUG StatusLogger createFilter(loggingLevel="EXECUTION")
DEBUG StatusLogger Building Plugin[name=layout, class=org.apache.logging.log4j.core.layout.PatternLayout].
DEBUG StatusLogger PatternLayout$Builder(pattern="%-5p : %m%n", PatternSelector=null, Configuration(HiveLog4j2Test), Replace=null, charset="null", alwaysWriteExceptions="null", disableAnsi="null", noConsoleNoAnsi="null", header="null", footer="null")
DEBUG StatusLogger Building Plugin[name=appender, class=org.apache.hadoop.hive.ql.log.HushableRandomAccessFileAppender].
DEBUG StatusLogger createAppender(fileName="/home/alex/Repositories/hive/beeline/target/tmp/alex/operation_logs/604c9fe6-a944-49ff-a389-ba947771316a/alex_20240501140012_528e0155-b84d-4230-ae46-d0497dce743b", append="null", name="query-file-appender", immediateFlush="null", bufferSize="null", ignoreExceptions="null", PatternLayout(org.apache.logging.log4j.core.layout.PatternLayout with name PatternLayout), NameFilter(org.apache.hadoop.hive.ql.log.LogDivertAppender$NameFilter with name NameFilter), advertise="null", advertiseURI="null", Configuration(HiveLog4j2Test))
DEBUG StatusLogger Starting RandomAccessFileManager /home/alex/Repositories/hive/beeline/target/tmp/alex/operation_logs/604c9fe6-a944-49ff-a389-ba947771316a/alex_20240501140012_528e0155-b84d-4230-ae46-d0497dce743b
DEBUG StatusLogger Building Plugin[name=, class=org.apache.hadoop.hive.ql.log.LogDivertAppenderForTest$TestFilter].
DEBUG StatusLogger createFilter()
DEBUG StatusLogger Building Plugin[name=, class=org.apache.logging.log4j.core.layout.PatternLayout].
DEBUG StatusLogger PatternLayout$Builder(pattern="%-5p : %m%n", PatternSelector=null, Configuration(HiveLog4j2Test), Replace=null, charset="null", alwaysWriteExceptions="null", disableAnsi="null", noConsoleNoAnsi="null", header="null", footer="null")
DEBUG StatusLogger Building Plugin[name=appender, class=org.apache.hadoop.hive.ql.log.HushableRandomAccessFileAppender].
DEBUG StatusLogger createAppender(fileName="/home/alex/Repositories/hive/beeline/target/tmp/alex/operation_logs/604c9fe6-a944-49ff-a389-ba947771316a/alex_20240501140012_528e0155-b84d-4230-ae46-d0497dce743b.test", append="null", name="test-query-file-appender", immediateFlush="null", bufferSize="null", ignoreExceptions="null", PatternLayout(org.apache.logging.log4j.core.layout.PatternLayout with name PatternLayout), test-filter(org.apache.hadoop.hive.ql.log.LogDivertAppenderForTest$TestFilter with name test-filter), advertise="null", advertiseURI="null", Configuration(HiveLog4j2Test))
DEBUG StatusLogger Starting RandomAccessFileManager /home/alex/Repositories/hive/beeline/target/tmp/alex/operation_logs/604c9fe6-a944-49ff-a389-ba947771316a/alex_20240501140012_528e0155-b84d-4230-ae46-d0497dce743b.test
2024-05-01T14:00:12,446  INFO [604c9fe6-a944-49ff-a389-ba947771316a main] operation.SQLOperation: [opType=EXECUTE_STATEMENT, queryId=alex_20240501140012_528e0155-b84d-4230-ae46-d0497dce743b, startTime=1714597212439, sessionId=604c9fe6-a944-49ff-a389-ba947771316a, createTime=1714597212334, userName=null, ipAddress=null]
2024-05-01T14:00:12,447  INFO [604c9fe6-a944-49ff-a389-ba947771316a main] ql.Driver: Compiling command(queryId=alex_20240501140012_528e0155-b84d-4230-ae46-d0497dce743b): show databases
2024-05-01T14:00:12,449  INFO [604c9fe6-a944-49ff-a389-ba947771316a main] metastore.HiveMetaStoreClient: HMS client filtering is enabled.
2024-05-01T14:00:12,449  INFO [604c9fe6-a944-49ff-a389-ba947771316a main] metastore.HMSHandler: 0: Opening raw store with implementation class:org.apache.hadoop.hive.metastore.ObjectStore
2024-05-01T14:00:12,449  INFO [604c9fe6-a944-49ff-a389-ba947771316a main] metastore.PersistenceManagerProvider: Configuration datanucleus.autoStartMechanismMode is not set. Defaulting to 'ignored'
2024-05-01T14:00:12,450  INFO [604c9fe6-a944-49ff-a389-ba947771316a main] metastore.ObjectStore: RawStore: org.apache.hadoop.hive.metastore.ObjectStore@12e3f4ae, with PersistenceManager: null will be shutdown
2024-05-01T14:00:12,450  INFO [604c9fe6-a944-49ff-a389-ba947771316a main] metastore.ObjectStore: RawStore: org.apache.hadoop.hive.metastore.ObjectStore@12e3f4ae, with PersistenceManager: org.datanucleus.api.jdo.JDOPersistenceManager@537451d5 created in the thread with id: 1
2024-05-01T14:00:12,452  INFO [604c9fe6-a944-49ff-a389-ba947771316a main] metastore.HMSHandler: Created RawStore: org.apache.hadoop.hive.metastore.ObjectStore@12e3f4ae from thread id: 1
2024-05-01T14:00:12,452  INFO [604c9fe6-a944-49ff-a389-ba947771316a main] metastore.HMSHandler: HMS server filtering is disabled by configuration
2024-05-01T14:00:12,452  INFO [604c9fe6-a944-49ff-a389-ba947771316a main] metastore.RetryingMetaStoreClient: RetryingMetaStoreClient proxy=class org.apache.hadoop.hive.ql.metadata.SessionHiveMetaStoreClient ugi=alex (auth:SIMPLE) retries=1 delay=1 lifetime=0
2024-05-01T14:00:12,456  INFO [604c9fe6-a944-49ff-a389-ba947771316a main] ql.Driver: Semantic Analysis Completed (retrial = false)
2024-05-01T14:00:12,457  INFO [604c9fe6-a944-49ff-a389-ba947771316a main] ql.Driver: Created Hive schema: Schema(fieldSchemas:[FieldSchema(name:database_name, type:string, comment:from deserializer)], properties:null)
2024-05-01T14:00:12,457  INFO [604c9fe6-a944-49ff-a389-ba947771316a main] exec.ListSinkOperator: Initializing Operator: LIST_SINK[0]
2024-05-01T14:00:12,458  INFO [604c9fe6-a944-49ff-a389-ba947771316a main] metadata.Hive: Dumping metastore api call timing information for : compilation phase
2024-05-01T14:00:12,458  INFO [604c9fe6-a944-49ff-a389-ba947771316a main] metadata.Hive: Total time spent in each metastore function (ms): {isCompatibleWith_(Configuration)=1, flushCache_()=0}
2024-05-01T14:00:12,458  INFO [604c9fe6-a944-49ff-a389-ba947771316a main] ql.Driver: Completed compiling command(queryId=alex_20240501140012_528e0155-b84d-4230-ae46-d0497dce743b); Time taken: 0.01 seconds
2024-05-01T14:00:12,458  INFO [604c9fe6-a944-49ff-a389-ba947771316a main] common.LogUtils: Unregistered logging context.
2024-05-01T14:00:12,459  INFO [HiveServer2-Background-Pool: Thread-488] common.LogUtils: Thread context registration is done.
2024-05-01T14:00:12,460  INFO [HiveServer2-Background-Pool: Thread-488] reexec.ReExecDriver: Execution #1 of query
2024-05-01T14:00:12,460  INFO [HiveServer2-Background-Pool: Thread-488] ql.Driver: Concurrency mode is disabled, not creating a lock manager
2024-05-01T14:00:12,460  INFO [HiveServer2-Background-Pool: Thread-488] ql.Driver: Executing command(queryId=alex_20240501140012_528e0155-b84d-4230-ae46-d0497dce743b): show databases
2024-05-01T14:00:12,461  INFO [HiveServer2-Background-Pool: Thread-488] ql.Driver: Starting task [Stage-0:DDL] in serial mode
2024-05-01T14:00:12,462  INFO [HiveServer2-Background-Pool: Thread-488] HiveMetaStore.audit: ugi=alex	ip=unknown-ip-addr	cmd=get_databases: @hive#	
2024-05-01T14:00:12,463  INFO [HiveServer2-Background-Pool: Thread-488] metastore.HMSHandler: 24: Opening raw store with implementation class:org.apache.hadoop.hive.metastore.ObjectStore
2024-05-01T14:00:12,464  INFO [HiveServer2-Background-Pool: Thread-488] metastore.ObjectStore: RawStore: org.apache.hadoop.hive.metastore.ObjectStore@1c72a486, with PersistenceManager: null will be shutdown
2024-05-01T14:00:12,464  INFO [HiveServer2-Background-Pool: Thread-488] metastore.ObjectStore: RawStore: org.apache.hadoop.hive.metastore.ObjectStore@1c72a486, with PersistenceManager: org.datanucleus.api.jdo.JDOPersistenceManager@5970296c created in the thread with id: 488
2024-05-01T14:00:12,467  INFO [HiveServer2-Background-Pool: Thread-488] metastore.HMSHandler: Created RawStore: org.apache.hadoop.hive.metastore.ObjectStore@1c72a486 from thread id: 488
2024-05-01T14:00:12,474  INFO [HiveServer2-Background-Pool: Thread-488] sqlstd.SQLStdHiveAccessController: Created SQLStdHiveAccessController for session context : HiveAuthzSessionContext [sessionString=604c9fe6-a944-49ff-a389-ba947771316a, clientType=HIVESERVER2]
2024-05-01T14:00:12,475  INFO [HiveServer2-Background-Pool: Thread-488] exec.DDLTask: Found 3 database(s) matching the SHOW DATABASES statement.
2024-05-01T14:00:12,486  INFO [HiveServer2-Background-Pool: Thread-488] metadata.Hive: Dumping metastore api call timing information for : execution phase
2024-05-01T14:00:12,486  INFO [HiveServer2-Background-Pool: Thread-488] metadata.Hive: Total time spent in each metastore function (ms): {isCompatibleWith_(Configuration)=0, getAllDatabases_()=13}
2024-05-01T14:00:12,486  INFO [HiveServer2-Background-Pool: Thread-488] ql.Driver: Completed executing command(queryId=alex_20240501140012_528e0155-b84d-4230-ae46-d0497dce743b); Time taken: 0.026 seconds
2024-05-01T14:00:12,486  INFO [HiveServer2-Background-Pool: Thread-488] common.LogUtils: Unregistered logging context.
2024-05-01T14:00:12,489  INFO [604c9fe6-a944-49ff-a389-ba947771316a main] operation.OperationManager: Closing operation: OperationHandle [opType=EXECUTE_STATEMENT, getHandleIdentifier()=e18a5840-ccfe-4ecf-8c60-e5f5bfb6bbcc]
2024-05-01T14:00:12,489  INFO [604c9fe6-a944-49ff-a389-ba947771316a main] operation.OperationManager: Removed queryId: alex_20240501140012_528e0155-b84d-4230-ae46-d0497dce743b corresponding to operation: OperationHandle [opType=EXECUTE_STATEMENT, getHandleIdentifier()=e18a5840-ccfe-4ecf-8c60-e5f5bfb6bbcc] with tag: null
2024-05-01T14:00:12,489  INFO [604c9fe6-a944-49ff-a389-ba947771316a main] ql.Context: Deleting scratch dir: file:/home/alex/Repositories/hive/beeline/target/tmp/alex/604c9fe6-a944-49ff-a389-ba947771316a/hive_2024-05-01_14-00-12_447_6442039048858848111-1
2024-05-01T14:00:12,489  INFO [604c9fe6-a944-49ff-a389-ba947771316a main] cleanup.EventualCleanupService: Delete file:/home/alex/Repositories/hive/beeline/target/tmp/alex/604c9fe6-a944-49ff-a389-ba947771316a/hive_2024-05-01_14-00-12_447_6442039048858848111-1 operation was queued
2024-05-01T14:00:12,489  INFO [604c9fe6-a944-49ff-a389-ba947771316a main] exec.ListSinkOperator: Closing Operator: LIST_SINK[0]
2024-05-01T14:00:12,489  INFO [604c9fe6-a944-49ff-a389-ba947771316a main] exec.ListSinkOperator: RECORDS_OUT_INTERMEDIATE:0, RECORDS_OUT_OPERATOR_LIST_SINK_0:0, 
2024-05-01T14:00:12,490  INFO [604c9fe6-a944-49ff-a389-ba947771316a main] operation.SQLOperation: Closing operation log /home/alex/Repositories/hive/beeline/target/tmp/alex/operation_logs/604c9fe6-a944-49ff-a389-ba947771316a/alex_20240501140012_528e0155-b84d-4230-ae46-d0497dce743b without delay
2024-05-01T14:00:12,490  INFO [EventualCleanupService thread 0] cleanup.EventualCleanupService: Deleted file:/home/alex/Repositories/hive/beeline/target/tmp/alex/604c9fe6-a944-49ff-a389-ba947771316a/hive_2024-05-01_14-00-12_447_6442039048858848111-1
2024-05-01T14:00:12,490  INFO [main] service.CompositeService: Session closed, SessionHandle [604c9fe6-a944-49ff-a389-ba947771316a], current sessions:0
2024-05-01T14:00:12,491  INFO [604c9fe6-a944-49ff-a389-ba947771316a main] session.HiveSessionImpl: Operation log session directory is deleted: /home/alex/Repositories/hive/beeline/target/tmp/alex/operation_logs/604c9fe6-a944-49ff-a389-ba947771316a
2024-05-01T14:00:12,491  INFO [main] cleanup.EventualCleanupService: Delete /tmp/hive/alex/604c9fe6-a944-49ff-a389-ba947771316a operation was queued
2024-05-01T14:00:12,491  INFO [main] cleanup.EventualCleanupService: Delete /home/alex/Repositories/hive/beeline/target/tmp/alex/604c9fe6-a944-49ff-a389-ba947771316a operation was queued
2024-05-01T14:00:12,491  INFO [EventualCleanupService thread 2] cleanup.EventualCleanupService: Deleted /home/alex/Repositories/hive/beeline/target/tmp/alex/604c9fe6-a944-49ff-a389-ba947771316a
2024-05-01T14:00:12,491  INFO [EventualCleanupService thread 1] cleanup.EventualCleanupService: Deleted /tmp/hive/alex/604c9fe6-a944-49ff-a389-ba947771316a
2024-05-01T14:00:12,492  INFO [main] HiveMetaStore.audit: ugi=alex	ip=unknown-ip-addr	cmd=Cleaning up thread local RawStore...	
2024-05-01T14:00:12,493  INFO [main] metastore.ObjectStore: RawStore: org.apache.hadoop.hive.metastore.ObjectStore@12e3f4ae, with PersistenceManager: org.datanucleus.api.jdo.JDOPersistenceManager@537451d5 will be shutdown
2024-05-01T14:00:12,493  INFO [main] HiveMetaStore.audit: ugi=alex	ip=unknown-ip-addr	cmd=Done cleaning up thread local RawStore	
2024-05-01T14:00:12,493  INFO [main] metastore.HiveMetaStoreClient: Closed a connection to metastore, current connections: -31
2024-05-01T14:00:12,493 ERROR [main] cli.TestHiveCli: Failed due to the error:Connecting to jdbc:hive2://
Hive Session ID = 64b2179f-bd12-4623-a6d9-87276425a28e
ivysettings.xml file not found in HIVE_HOME or HIVE_CONF_DIR,/home/alex/Repositories/hive/conf/ivysettings.xml will be used
ivysettings.xml file not found in HIVE_HOME or HIVE_CONF_DIR,/home/alex/Repositories/hive/conf/ivysettings.xml will be used
Connected to: Apache Hive (version 4.0.0-SNAPSHOT)
Error: Couldn't load manifest attributes. (state=,code=0)
Transaction isolation: TRANSACTION_REPEATABLE_READ
INFO  : Compiling command(queryId=alex_20240501140012_528e0155-b84d-4230-ae46-d0497dce743b): show databases
INFO  : Semantic Analysis Completed (retrial = false)
INFO  : Created Hive schema: Schema(fieldSchemas:[FieldSchema(name:database_name, type:string, comment:from deserializer)], properties:null)
INFO  : Completed compiling command(queryId=alex_20240501140012_528e0155-b84d-4230-ae46-d0497dce743b); Time taken: 0.01 seconds
INFO  : Concurrency mode is disabled, not creating a lock manager
INFO  : Executing command(queryId=alex_20240501140012_528e0155-b84d-4230-ae46-d0497dce743b): show databases
INFO  : Starting task [Stage-0:DDL] in serial mode
DEBUG : Task getting executed using mapred tag : alex_20240501140012_528e0155-b84d-4230-ae46-d0497dce743b,userid=null
INFO  : Completed executing command(queryId=alex_20240501140012_528e0155-b84d-4230-ae46-d0497dce743b); Time taken: 0.026 seconds
DEBUG : Shutting down query show databases
Error: Failed to wait for operation to complete (state=08S01,code=0)
Closing: 0: jdbc:hive2://

]]></system-err>
  </testcase>
  <testcase name="testSqlFromCmdWithComments2" classname="org.apache.hive.beeline.cli.TestHiveCli" time="0.219"/>
  <testcase name="testSqlFromCmdWithComments3" classname="org.apache.hive.beeline.cli.TestHiveCli" time="0.251">
    <failure type="java.lang.AssertionError"><![CDATA[java.lang.AssertionError: Supported return code is 0 while the actual is 1
	at org.junit.Assert.fail(Assert.java:89)
	at org.apache.hive.beeline.cli.TestHiveCli.executeCMD(TestHiveCli.java:256)
	at org.apache.hive.beeline.cli.TestHiveCli.verifyCMD(TestHiveCli.java:266)
	at org.apache.hive.beeline.cli.TestHiveCli.testSqlFromCmdWithComments3(TestHiveCli.java:160)
	at sun.reflect.NativeMethodAccessorImpl.invoke0(Native Method)
	at sun.reflect.NativeMethodAccessorImpl.invoke(NativeMethodAccessorImpl.java:62)
	at sun.reflect.DelegatingMethodAccessorImpl.invoke(DelegatingMethodAccessorImpl.java:43)
	at java.lang.reflect.Method.invoke(Method.java:498)
	at org.junit.runners.model.FrameworkMethod$1.runReflectiveCall(FrameworkMethod.java:59)
	at org.junit.internal.runners.model.ReflectiveCallable.run(ReflectiveCallable.java:12)
	at org.junit.runners.model.FrameworkMethod.invokeExplosively(FrameworkMethod.java:56)
	at org.junit.internal.runners.statements.InvokeMethod.evaluate(InvokeMethod.java:17)
	at org.junit.internal.runners.statements.RunBefores.evaluate(RunBefores.java:26)
	at org.junit.internal.runners.statements.RunAfters.evaluate(RunAfters.java:27)
	at org.junit.runners.ParentRunner$3.evaluate(ParentRunner.java:306)
	at org.junit.runners.BlockJUnit4ClassRunner$1.evaluate(BlockJUnit4ClassRunner.java:100)
	at org.junit.runners.ParentRunner.runLeaf(ParentRunner.java:366)
	at org.junit.runners.BlockJUnit4ClassRunner.runChild(BlockJUnit4ClassRunner.java:103)
	at org.junit.runners.BlockJUnit4ClassRunner.runChild(BlockJUnit4ClassRunner.java:63)
	at org.junit.runners.ParentRunner$4.run(ParentRunner.java:331)
	at org.junit.runners.ParentRunner$1.schedule(ParentRunner.java:79)
	at org.junit.runners.ParentRunner.runChildren(ParentRunner.java:329)
	at org.junit.runners.ParentRunner.access$100(ParentRunner.java:66)
	at org.junit.runners.ParentRunner$2.evaluate(ParentRunner.java:293)
	at org.junit.internal.runners.statements.RunBefores.evaluate(RunBefores.java:26)
	at org.junit.runners.ParentRunner$3.evaluate(ParentRunner.java:306)
	at org.junit.runners.ParentRunner.run(ParentRunner.java:413)
	at org.junit.runner.JUnitCore.run(JUnitCore.java:137)
	at org.junit.runner.JUnitCore.run(JUnitCore.java:115)
	at org.junit.vintage.engine.execution.RunnerExecutor.execute(RunnerExecutor.java:43)
	at java.util.stream.ForEachOps$ForEachOp$OfRef.accept(ForEachOps.java:183)
	at java.util.stream.ReferencePipeline$3$1.accept(ReferencePipeline.java:193)
	at java.util.Iterator.forEachRemaining(Iterator.java:116)
	at java.util.Spliterators$IteratorSpliterator.forEachRemaining(Spliterators.java:1801)
	at java.util.stream.AbstractPipeline.copyInto(AbstractPipeline.java:482)
	at java.util.stream.AbstractPipeline.wrapAndCopyInto(AbstractPipeline.java:472)
	at java.util.stream.ForEachOps$ForEachOp.evaluateSequential(ForEachOps.java:150)
	at java.util.stream.ForEachOps$ForEachOp$OfRef.evaluateSequential(ForEachOps.java:173)
	at java.util.stream.AbstractPipeline.evaluate(AbstractPipeline.java:234)
	at java.util.stream.ReferencePipeline.forEach(ReferencePipeline.java:485)
	at org.junit.vintage.engine.VintageTestEngine.executeAllChildren(VintageTestEngine.java:82)
	at org.junit.vintage.engine.VintageTestEngine.execute(VintageTestEngine.java:73)
	at org.junit.platform.launcher.core.DefaultLauncher.execute(DefaultLauncher.java:248)
	at org.junit.platform.launcher.core.DefaultLauncher.lambda$execute$5(DefaultLauncher.java:211)
	at org.junit.platform.launcher.core.DefaultLauncher.withInterceptedStreams(DefaultLauncher.java:226)
	at org.junit.platform.launcher.core.DefaultLauncher.execute(DefaultLauncher.java:199)
	at org.junit.platform.launcher.core.DefaultLauncher.execute(DefaultLauncher.java:132)
	at org.apache.maven.surefire.junitplatform.JUnitPlatformProvider.invokeAllTests(JUnitPlatformProvider.java:154)
	at org.apache.maven.surefire.junitplatform.JUnitPlatformProvider.invoke(JUnitPlatformProvider.java:123)
	at org.apache.maven.surefire.booter.ForkedBooter.runSuitesInProcess(ForkedBooter.java:377)
	at org.apache.maven.surefire.booter.ForkedBooter.execute(ForkedBooter.java:138)
	at org.apache.maven.surefire.booter.ForkedBooter.run(ForkedBooter.java:465)
	at org.apache.maven.surefire.booter.ForkedBooter.main(ForkedBooter.java:451)
]]></failure>
    <system-err><![CDATA[2024-05-01T14:00:12,715 ERROR [main] cli.TestHiveCli: Failed to execute command due to the error: java.lang.NullPointerException: Null output stream
2024-05-01T14:00:12,781  WARN [main] conf.HiveConf: HiveConf of name hive.dummyparam.test.server.specific.config.override does not exist
2024-05-01T14:00:12,781  WARN [main] conf.HiveConf: HiveConf of name hive.dummyparam.test.server.specific.config.hiveserver2site does not exist
2024-05-01T14:00:12,782  WARN [main] conf.HiveConf: HiveConf of name hive.dummyparam.test.server.specific.config.metastoresite does not exist
2024-05-01T14:00:12,782  INFO [main] SessionState: Hive Session ID = f4cbcdd8-acb2-4d4d-b763-246943063129
2024-05-01T14:00:12,783  INFO [main] DependencyResolver: ivysettings.xml file not found in HIVE_HOME or HIVE_CONF_DIR,/home/alex/Repositories/hive/conf/ivysettings.xml will be used
2024-05-01T14:00:12,793  INFO [main] session.SessionState: Created HDFS directory: /tmp/hive/alex/f4cbcdd8-acb2-4d4d-b763-246943063129
2024-05-01T14:00:12,797  INFO [main] session.SessionState: Created local directory: /home/alex/Repositories/hive/beeline/target/tmp/alex/f4cbcdd8-acb2-4d4d-b763-246943063129
2024-05-01T14:00:12,801  INFO [main] session.SessionState: Created HDFS directory: /tmp/hive/alex/f4cbcdd8-acb2-4d4d-b763-246943063129/_tmp_space.db
2024-05-01T14:00:12,801  INFO [main] sqlstd.SQLStdHiveAccessController: Created SQLStdHiveAccessController for session context : HiveAuthzSessionContext [sessionString=f4cbcdd8-acb2-4d4d-b763-246943063129, clientType=HIVESERVER2]
2024-05-01T14:00:12,802  INFO [main] metastore.HiveMetaStoreClient: HMS client filtering is enabled.
2024-05-01T14:00:12,803  INFO [main] metastore.HMSHandler: 0: Opening raw store with implementation class:org.apache.hadoop.hive.metastore.ObjectStore
2024-05-01T14:00:12,803  INFO [main] metastore.PersistenceManagerProvider: Configuration datanucleus.autoStartMechanismMode is not set. Defaulting to 'ignored'
2024-05-01T14:00:12,803  INFO [main] metastore.ObjectStore: RawStore: org.apache.hadoop.hive.metastore.ObjectStore@69d021c1, with PersistenceManager: null will be shutdown
2024-05-01T14:00:12,803  INFO [main] metastore.ObjectStore: RawStore: org.apache.hadoop.hive.metastore.ObjectStore@69d021c1, with PersistenceManager: org.datanucleus.api.jdo.JDOPersistenceManager@6d5508a5 created in the thread with id: 1
2024-05-01T14:00:12,805  INFO [main] metastore.HMSHandler: Created RawStore: org.apache.hadoop.hive.metastore.ObjectStore@69d021c1 from thread id: 1
2024-05-01T14:00:12,805  INFO [main] metastore.HMSHandler: HMS server filtering is disabled by configuration
2024-05-01T14:00:12,806  INFO [main] metastore.RetryingMetaStoreClient: RetryingMetaStoreClient proxy=class org.apache.hadoop.hive.ql.metadata.SessionHiveMetaStoreClient ugi=alex (auth:SIMPLE) retries=1 delay=1 lifetime=0
2024-05-01T14:00:12,806  INFO [main] service.CompositeService: Operation log root directory is created: /home/alex/Repositories/hive/beeline/target/tmp/alex/operation_logs
2024-05-01T14:00:12,806  INFO [main] service.CompositeService: HiveServer2: Background operation thread pool size: 100
2024-05-01T14:00:12,806  INFO [main] service.CompositeService: HiveServer2: Background operation thread wait queue size: 100
2024-05-01T14:00:12,806  INFO [main] service.CompositeService: HiveServer2: Background operation thread keepalive time: 10 seconds
2024-05-01T14:00:12,806  INFO [main] service.CompositeService: Connections limit are user: 0 ipaddress: 0 user-ipaddress: 0
2024-05-01T14:00:12,808  INFO [main] cleanup.EventualCleanupService: EventualCleanupService started with 10 threads and queue of size 10000
ERROR StatusLogger Log4j2 ConfigurationScheduler attempted to increment scheduled items after start
ERROR StatusLogger Log4j2 ConfigurationScheduler attempted to increment scheduled items after start
2024-05-01T14:00:12,811  INFO [main] service.AbstractService: Service:OperationManager is inited.
2024-05-01T14:00:12,811  INFO [main] service.AbstractService: Service:SessionManager is inited.
2024-05-01T14:00:12,811  INFO [main] service.AbstractService: Service:CLIService is inited.
2024-05-01T14:00:12,811  INFO [main] service.AbstractService: Service:OperationManager is started.
2024-05-01T14:00:12,811  INFO [main] service.AbstractService: Service:SessionManager is started.
2024-05-01T14:00:12,811  INFO [main] service.AbstractService: Service:CLIService is started.
2024-05-01T14:00:12,811  INFO [main] service.AbstractService: Service:ThriftBinaryCLIService is inited.
2024-05-01T14:00:12,811  INFO [main] thrift.ThriftCLIService: Client protocol version: HIVE_CLI_SERVICE_PROTOCOL_V10
2024-05-01T14:00:12,811  INFO [main] thrift.ThriftCLIService: Creating Hive session handle for user [null] from IP null
2024-05-01T14:00:12,813  INFO [main] DependencyResolver: ivysettings.xml file not found in HIVE_HOME or HIVE_CONF_DIR,/home/alex/Repositories/hive/conf/ivysettings.xml will be used
2024-05-01T14:00:12,822  INFO [main] session.SessionState: Created HDFS directory: /tmp/hive/alex/f0929f1b-99d9-4f0f-9428-b8ab454ce5d9
2024-05-01T14:00:12,827  INFO [main] session.SessionState: Created local directory: /home/alex/Repositories/hive/beeline/target/tmp/alex/f0929f1b-99d9-4f0f-9428-b8ab454ce5d9
2024-05-01T14:00:12,831  INFO [main] session.SessionState: Created HDFS directory: /tmp/hive/alex/f0929f1b-99d9-4f0f-9428-b8ab454ce5d9/_tmp_space.db
2024-05-01T14:00:12,831  INFO [main] session.SessionState: Reloading auxiliary JAR files
2024-05-01T14:00:12,831  WARN [main] session.SessionState: Configuration hive.reloadable.aux.jars.path not specified
2024-05-01T14:00:12,831  INFO [main] HiveMetaStore.audit: ugi=alex	ip=unknown-ip-addr	cmd=Cleaning up thread local RawStore...	
2024-05-01T14:00:12,831  INFO [main] metastore.ObjectStore: RawStore: org.apache.hadoop.hive.metastore.ObjectStore@69d021c1, with PersistenceManager: org.datanucleus.api.jdo.JDOPersistenceManager@6d5508a5 will be shutdown
2024-05-01T14:00:12,831  INFO [main] HiveMetaStore.audit: ugi=alex	ip=unknown-ip-addr	cmd=Done cleaning up thread local RawStore	
2024-05-01T14:00:12,831  INFO [main] metastore.HiveMetaStoreClient: Closed a connection to metastore, current connections: -33
2024-05-01T14:00:12,832  INFO [main] session.HiveSessionImpl: Operation log session directory is created: /home/alex/Repositories/hive/beeline/target/tmp/alex/operation_logs/f0929f1b-99d9-4f0f-9428-b8ab454ce5d9
2024-05-01T14:00:12,832  INFO [main] service.CompositeService: Session opened, SessionHandle [f0929f1b-99d9-4f0f-9428-b8ab454ce5d9], current sessions:1
2024-05-01T14:00:12,832  INFO [main] thrift.ThriftCLIService: Login attempt is successful for user : null
2024-05-01T14:00:12,888  WARN [main] conf.HiveConf: HiveConf of name hive.dummyparam.test.server.specific.config.override does not exist
2024-05-01T14:00:12,888  WARN [main] conf.HiveConf: HiveConf of name hive.dummyparam.test.server.specific.config.hiveserver2site does not exist
2024-05-01T14:00:12,888  WARN [main] conf.HiveConf: HiveConf of name hive.dummyparam.test.server.specific.config.metastoresite does not exist
2024-05-01T14:00:12,889  INFO [f0929f1b-99d9-4f0f-9428-b8ab454ce5d9 main] session.HiveSessionImpl: executing set
2024-05-01T14:00:12,890  INFO [f0929f1b-99d9-4f0f-9428-b8ab454ce5d9 main] operation.HiveCommandOperation: Putting temp output to file /home/alex/Repositories/hive/beeline/target/tmp/alex/f0929f1b-99d9-4f0f-9428-b8ab454ce5d97180125590695644612.pipeout and error output to file /home/alex/Repositories/hive/beeline/target/tmp/alex/f0929f1b-99d9-4f0f-9428-b8ab454ce5d93019066327461522984.pipeout
2024-05-01T14:00:12,891  INFO [f0929f1b-99d9-4f0f-9428-b8ab454ce5d9 main] operation.OperationManager: Adding operation: OperationHandle [opType=EXECUTE_STATEMENT, getHandleIdentifier()=3cf031a1-6725-45ea-8cec-19ac7dcf2358] SessionHandle [f0929f1b-99d9-4f0f-9428-b8ab454ce5d9]
2024-05-01T14:00:12,891  INFO [f0929f1b-99d9-4f0f-9428-b8ab454ce5d9 main] common.LogUtils: Thread context registration is done.
DEBUG StatusLogger Building Plugin[name=filter, class=org.apache.hadoop.hive.ql.log.LogDivertAppender$NameFilter].
DEBUG StatusLogger createFilter(loggingLevel="EXECUTION")
DEBUG StatusLogger Building Plugin[name=layout, class=org.apache.logging.log4j.core.layout.PatternLayout].
DEBUG StatusLogger PatternLayout$Builder(pattern="%-5p : %m%n", PatternSelector=null, Configuration(HiveLog4j2Test), Replace=null, charset="null", alwaysWriteExceptions="null", disableAnsi="null", noConsoleNoAnsi="null", header="null", footer="null")
DEBUG StatusLogger Building Plugin[name=appender, class=org.apache.hadoop.hive.ql.log.HushableRandomAccessFileAppender].
DEBUG StatusLogger createAppender(fileName="/home/alex/Repositories/hive/beeline/target/tmp/alex/operation_logs/f0929f1b-99d9-4f0f-9428-b8ab454ce5d9/alex_20240501140012_b8d8c2a7-d450-469d-b048-e3e338675de3", append="null", name="query-file-appender", immediateFlush="null", bufferSize="null", ignoreExceptions="null", PatternLayout(org.apache.logging.log4j.core.layout.PatternLayout with name PatternLayout), NameFilter(org.apache.hadoop.hive.ql.log.LogDivertAppender$NameFilter with name NameFilter), advertise="null", advertiseURI="null", Configuration(HiveLog4j2Test))
DEBUG StatusLogger Starting RandomAccessFileManager /home/alex/Repositories/hive/beeline/target/tmp/alex/operation_logs/f0929f1b-99d9-4f0f-9428-b8ab454ce5d9/alex_20240501140012_b8d8c2a7-d450-469d-b048-e3e338675de3
DEBUG StatusLogger Building Plugin[name=, class=org.apache.hadoop.hive.ql.log.LogDivertAppenderForTest$TestFilter].
DEBUG StatusLogger createFilter()
DEBUG StatusLogger Building Plugin[name=, class=org.apache.logging.log4j.core.layout.PatternLayout].
DEBUG StatusLogger PatternLayout$Builder(pattern="%-5p : %m%n", PatternSelector=null, Configuration(HiveLog4j2Test), Replace=null, charset="null", alwaysWriteExceptions="null", disableAnsi="null", noConsoleNoAnsi="null", header="null", footer="null")
DEBUG StatusLogger Building Plugin[name=appender, class=org.apache.hadoop.hive.ql.log.HushableRandomAccessFileAppender].
DEBUG StatusLogger createAppender(fileName="/home/alex/Repositories/hive/beeline/target/tmp/alex/operation_logs/f0929f1b-99d9-4f0f-9428-b8ab454ce5d9/alex_20240501140012_b8d8c2a7-d450-469d-b048-e3e338675de3.test", append="null", name="test-query-file-appender", immediateFlush="null", bufferSize="null", ignoreExceptions="null", PatternLayout(org.apache.logging.log4j.core.layout.PatternLayout with name PatternLayout), test-filter(org.apache.hadoop.hive.ql.log.LogDivertAppenderForTest$TestFilter with name test-filter), advertise="null", advertiseURI="null", Configuration(HiveLog4j2Test))
DEBUG StatusLogger Starting RandomAccessFileManager /home/alex/Repositories/hive/beeline/target/tmp/alex/operation_logs/f0929f1b-99d9-4f0f-9428-b8ab454ce5d9/alex_20240501140012_b8d8c2a7-d450-469d-b048-e3e338675de3.test
2024-05-01T14:00:12,897  INFO [f0929f1b-99d9-4f0f-9428-b8ab454ce5d9 main] operation.HiveCommandOperation: [opType=EXECUTE_STATEMENT, queryId=alex_20240501140012_b8d8c2a7-d450-469d-b048-e3e338675de3, startTime=1714597212890, sessionId=f0929f1b-99d9-4f0f-9428-b8ab454ce5d9, createTime=1714597212811, userName=null, ipAddress=null]
2024-05-01T14:00:12,907  INFO [f0929f1b-99d9-4f0f-9428-b8ab454ce5d9 main] common.LogUtils: Unregistered logging context.
2024-05-01T14:00:12,912  INFO [f0929f1b-99d9-4f0f-9428-b8ab454ce5d9 main] operation.OperationManager: Closing operation: OperationHandle [opType=EXECUTE_STATEMENT, getHandleIdentifier()=3cf031a1-6725-45ea-8cec-19ac7dcf2358]
2024-05-01T14:00:12,912  INFO [f0929f1b-99d9-4f0f-9428-b8ab454ce5d9 main] operation.OperationManager: Removed queryId: alex_20240501140012_b8d8c2a7-d450-469d-b048-e3e338675de3 corresponding to operation: OperationHandle [opType=EXECUTE_STATEMENT, getHandleIdentifier()=3cf031a1-6725-45ea-8cec-19ac7dcf2358] with tag: null
2024-05-01T14:00:12,913  INFO [f0929f1b-99d9-4f0f-9428-b8ab454ce5d9 main] operation.HiveCommandOperation: Closing operation log /home/alex/Repositories/hive/beeline/target/tmp/alex/operation_logs/f0929f1b-99d9-4f0f-9428-b8ab454ce5d9/alex_20240501140012_b8d8c2a7-d450-469d-b048-e3e338675de3 without delay
2024-05-01T14:00:12,916  INFO [f0929f1b-99d9-4f0f-9428-b8ab454ce5d9 main] session.HiveSessionImpl: executing show databases
2024-05-01T14:00:12,917  INFO [f0929f1b-99d9-4f0f-9428-b8ab454ce5d9 main] operation.OperationManager: Adding operation: OperationHandle [opType=EXECUTE_STATEMENT, getHandleIdentifier()=de77370e-103d-4dd1-89ee-8791da61593b] SessionHandle [f0929f1b-99d9-4f0f-9428-b8ab454ce5d9]
2024-05-01T14:00:12,917  INFO [f0929f1b-99d9-4f0f-9428-b8ab454ce5d9 main] common.LogUtils: Thread context registration is done.
DEBUG StatusLogger Building Plugin[name=filter, class=org.apache.hadoop.hive.ql.log.LogDivertAppender$NameFilter].
DEBUG StatusLogger createFilter(loggingLevel="EXECUTION")
DEBUG StatusLogger Building Plugin[name=layout, class=org.apache.logging.log4j.core.layout.PatternLayout].
DEBUG StatusLogger PatternLayout$Builder(pattern="%-5p : %m%n", PatternSelector=null, Configuration(HiveLog4j2Test), Replace=null, charset="null", alwaysWriteExceptions="null", disableAnsi="null", noConsoleNoAnsi="null", header="null", footer="null")
DEBUG StatusLogger Building Plugin[name=appender, class=org.apache.hadoop.hive.ql.log.HushableRandomAccessFileAppender].
DEBUG StatusLogger createAppender(fileName="/home/alex/Repositories/hive/beeline/target/tmp/alex/operation_logs/f0929f1b-99d9-4f0f-9428-b8ab454ce5d9/alex_20240501140012_2d208e4f-2c3a-4c19-8c3d-8dfc808e289c", append="null", name="query-file-appender", immediateFlush="null", bufferSize="null", ignoreExceptions="null", PatternLayout(org.apache.logging.log4j.core.layout.PatternLayout with name PatternLayout), NameFilter(org.apache.hadoop.hive.ql.log.LogDivertAppender$NameFilter with name NameFilter), advertise="null", advertiseURI="null", Configuration(HiveLog4j2Test))
DEBUG StatusLogger Starting RandomAccessFileManager /home/alex/Repositories/hive/beeline/target/tmp/alex/operation_logs/f0929f1b-99d9-4f0f-9428-b8ab454ce5d9/alex_20240501140012_2d208e4f-2c3a-4c19-8c3d-8dfc808e289c
DEBUG StatusLogger Building Plugin[name=, class=org.apache.hadoop.hive.ql.log.LogDivertAppenderForTest$TestFilter].
DEBUG StatusLogger createFilter()
DEBUG StatusLogger Building Plugin[name=, class=org.apache.logging.log4j.core.layout.PatternLayout].
DEBUG StatusLogger PatternLayout$Builder(pattern="%-5p : %m%n", PatternSelector=null, Configuration(HiveLog4j2Test), Replace=null, charset="null", alwaysWriteExceptions="null", disableAnsi="null", noConsoleNoAnsi="null", header="null", footer="null")
DEBUG StatusLogger Building Plugin[name=appender, class=org.apache.hadoop.hive.ql.log.HushableRandomAccessFileAppender].
DEBUG StatusLogger createAppender(fileName="/home/alex/Repositories/hive/beeline/target/tmp/alex/operation_logs/f0929f1b-99d9-4f0f-9428-b8ab454ce5d9/alex_20240501140012_2d208e4f-2c3a-4c19-8c3d-8dfc808e289c.test", append="null", name="test-query-file-appender", immediateFlush="null", bufferSize="null", ignoreExceptions="null", PatternLayout(org.apache.logging.log4j.core.layout.PatternLayout with name PatternLayout), test-filter(org.apache.hadoop.hive.ql.log.LogDivertAppenderForTest$TestFilter with name test-filter), advertise="null", advertiseURI="null", Configuration(HiveLog4j2Test))
DEBUG StatusLogger Starting RandomAccessFileManager /home/alex/Repositories/hive/beeline/target/tmp/alex/operation_logs/f0929f1b-99d9-4f0f-9428-b8ab454ce5d9/alex_20240501140012_2d208e4f-2c3a-4c19-8c3d-8dfc808e289c.test
2024-05-01T14:00:12,920  INFO [f0929f1b-99d9-4f0f-9428-b8ab454ce5d9 main] operation.SQLOperation: [opType=EXECUTE_STATEMENT, queryId=alex_20240501140012_2d208e4f-2c3a-4c19-8c3d-8dfc808e289c, startTime=1714597212916, sessionId=f0929f1b-99d9-4f0f-9428-b8ab454ce5d9, createTime=1714597212811, userName=null, ipAddress=null]
2024-05-01T14:00:12,922  INFO [f0929f1b-99d9-4f0f-9428-b8ab454ce5d9 main] ql.Driver: Compiling command(queryId=alex_20240501140012_2d208e4f-2c3a-4c19-8c3d-8dfc808e289c): show databases
2024-05-01T14:00:12,923  INFO [f0929f1b-99d9-4f0f-9428-b8ab454ce5d9 main] metastore.HiveMetaStoreClient: HMS client filtering is enabled.
2024-05-01T14:00:12,924  INFO [f0929f1b-99d9-4f0f-9428-b8ab454ce5d9 main] metastore.HMSHandler: 0: Opening raw store with implementation class:org.apache.hadoop.hive.metastore.ObjectStore
2024-05-01T14:00:12,924  INFO [f0929f1b-99d9-4f0f-9428-b8ab454ce5d9 main] metastore.PersistenceManagerProvider: Configuration datanucleus.autoStartMechanismMode is not set. Defaulting to 'ignored'
2024-05-01T14:00:12,925  INFO [f0929f1b-99d9-4f0f-9428-b8ab454ce5d9 main] metastore.ObjectStore: RawStore: org.apache.hadoop.hive.metastore.ObjectStore@114badf0, with PersistenceManager: null will be shutdown
2024-05-01T14:00:12,926  INFO [f0929f1b-99d9-4f0f-9428-b8ab454ce5d9 main] metastore.ObjectStore: RawStore: org.apache.hadoop.hive.metastore.ObjectStore@114badf0, with PersistenceManager: org.datanucleus.api.jdo.JDOPersistenceManager@19e8fe55 created in the thread with id: 1
2024-05-01T14:00:12,928  INFO [f0929f1b-99d9-4f0f-9428-b8ab454ce5d9 main] metastore.HMSHandler: Created RawStore: org.apache.hadoop.hive.metastore.ObjectStore@114badf0 from thread id: 1
2024-05-01T14:00:12,928  INFO [f0929f1b-99d9-4f0f-9428-b8ab454ce5d9 main] metastore.HMSHandler: HMS server filtering is disabled by configuration
2024-05-01T14:00:12,929  INFO [f0929f1b-99d9-4f0f-9428-b8ab454ce5d9 main] metastore.RetryingMetaStoreClient: RetryingMetaStoreClient proxy=class org.apache.hadoop.hive.ql.metadata.SessionHiveMetaStoreClient ugi=alex (auth:SIMPLE) retries=1 delay=1 lifetime=0
2024-05-01T14:00:12,933  INFO [f0929f1b-99d9-4f0f-9428-b8ab454ce5d9 main] ql.Driver: Semantic Analysis Completed (retrial = false)
2024-05-01T14:00:12,933  INFO [f0929f1b-99d9-4f0f-9428-b8ab454ce5d9 main] ql.Driver: Created Hive schema: Schema(fieldSchemas:[FieldSchema(name:database_name, type:string, comment:from deserializer)], properties:null)
2024-05-01T14:00:12,934  INFO [f0929f1b-99d9-4f0f-9428-b8ab454ce5d9 main] exec.ListSinkOperator: Initializing Operator: LIST_SINK[0]
2024-05-01T14:00:12,934  INFO [f0929f1b-99d9-4f0f-9428-b8ab454ce5d9 main] metadata.Hive: Dumping metastore api call timing information for : compilation phase
2024-05-01T14:00:12,934  INFO [f0929f1b-99d9-4f0f-9428-b8ab454ce5d9 main] metadata.Hive: Total time spent in each metastore function (ms): {isCompatibleWith_(Configuration)=0, flushCache_()=0}
2024-05-01T14:00:12,934  INFO [f0929f1b-99d9-4f0f-9428-b8ab454ce5d9 main] ql.Driver: Completed compiling command(queryId=alex_20240501140012_2d208e4f-2c3a-4c19-8c3d-8dfc808e289c); Time taken: 0.012 seconds
2024-05-01T14:00:12,934  INFO [f0929f1b-99d9-4f0f-9428-b8ab454ce5d9 main] common.LogUtils: Unregistered logging context.
2024-05-01T14:00:12,935  INFO [HiveServer2-Background-Pool: Thread-535] common.LogUtils: Thread context registration is done.
2024-05-01T14:00:12,935  INFO [HiveServer2-Background-Pool: Thread-535] reexec.ReExecDriver: Execution #1 of query
2024-05-01T14:00:12,936  INFO [HiveServer2-Background-Pool: Thread-535] ql.Driver: Concurrency mode is disabled, not creating a lock manager
2024-05-01T14:00:12,936  INFO [HiveServer2-Background-Pool: Thread-535] ql.Driver: Executing command(queryId=alex_20240501140012_2d208e4f-2c3a-4c19-8c3d-8dfc808e289c): show databases
2024-05-01T14:00:12,937  INFO [HiveServer2-Background-Pool: Thread-535] ql.Driver: Starting task [Stage-0:DDL] in serial mode
2024-05-01T14:00:12,938  INFO [HiveServer2-Background-Pool: Thread-535] HiveMetaStore.audit: ugi=alex	ip=unknown-ip-addr	cmd=get_databases: @hive#	
2024-05-01T14:00:12,939  INFO [HiveServer2-Background-Pool: Thread-535] metastore.HMSHandler: 25: Opening raw store with implementation class:org.apache.hadoop.hive.metastore.ObjectStore
2024-05-01T14:00:12,939  INFO [HiveServer2-Background-Pool: Thread-535] metastore.ObjectStore: RawStore: org.apache.hadoop.hive.metastore.ObjectStore@2b240c0f, with PersistenceManager: null will be shutdown
2024-05-01T14:00:12,939  INFO [HiveServer2-Background-Pool: Thread-535] metastore.ObjectStore: RawStore: org.apache.hadoop.hive.metastore.ObjectStore@2b240c0f, with PersistenceManager: org.datanucleus.api.jdo.JDOPersistenceManager@6e26870f created in the thread with id: 535
2024-05-01T14:00:12,944  INFO [HiveServer2-Background-Pool: Thread-535] metastore.HMSHandler: Created RawStore: org.apache.hadoop.hive.metastore.ObjectStore@2b240c0f from thread id: 535
2024-05-01T14:00:12,947  INFO [HiveServer2-Background-Pool: Thread-535] sqlstd.SQLStdHiveAccessController: Created SQLStdHiveAccessController for session context : HiveAuthzSessionContext [sessionString=f0929f1b-99d9-4f0f-9428-b8ab454ce5d9, clientType=HIVESERVER2]
2024-05-01T14:00:12,947  INFO [HiveServer2-Background-Pool: Thread-535] exec.DDLTask: Found 3 database(s) matching the SHOW DATABASES statement.
2024-05-01T14:00:12,954  INFO [HiveServer2-Background-Pool: Thread-535] metadata.Hive: Dumping metastore api call timing information for : execution phase
2024-05-01T14:00:12,954  INFO [HiveServer2-Background-Pool: Thread-535] metadata.Hive: Total time spent in each metastore function (ms): {isCompatibleWith_(Configuration)=0, getAllDatabases_()=9}
2024-05-01T14:00:12,954  INFO [HiveServer2-Background-Pool: Thread-535] ql.Driver: Completed executing command(queryId=alex_20240501140012_2d208e4f-2c3a-4c19-8c3d-8dfc808e289c); Time taken: 0.018 seconds
2024-05-01T14:00:12,955  INFO [HiveServer2-Background-Pool: Thread-535] common.LogUtils: Unregistered logging context.
2024-05-01T14:00:12,961  INFO [f0929f1b-99d9-4f0f-9428-b8ab454ce5d9 main] operation.OperationManager: Closing operation: OperationHandle [opType=EXECUTE_STATEMENT, getHandleIdentifier()=de77370e-103d-4dd1-89ee-8791da61593b]
2024-05-01T14:00:12,961  INFO [f0929f1b-99d9-4f0f-9428-b8ab454ce5d9 main] operation.OperationManager: Removed queryId: alex_20240501140012_2d208e4f-2c3a-4c19-8c3d-8dfc808e289c corresponding to operation: OperationHandle [opType=EXECUTE_STATEMENT, getHandleIdentifier()=de77370e-103d-4dd1-89ee-8791da61593b] with tag: null
2024-05-01T14:00:12,961  INFO [f0929f1b-99d9-4f0f-9428-b8ab454ce5d9 main] ql.Context: Deleting scratch dir: file:/home/alex/Repositories/hive/beeline/target/tmp/alex/f0929f1b-99d9-4f0f-9428-b8ab454ce5d9/hive_2024-05-01_14-00-12_922_7787438931809558692-1
2024-05-01T14:00:12,962  INFO [f0929f1b-99d9-4f0f-9428-b8ab454ce5d9 main] cleanup.EventualCleanupService: Delete file:/home/alex/Repositories/hive/beeline/target/tmp/alex/f0929f1b-99d9-4f0f-9428-b8ab454ce5d9/hive_2024-05-01_14-00-12_922_7787438931809558692-1 operation was queued
2024-05-01T14:00:12,962  INFO [f0929f1b-99d9-4f0f-9428-b8ab454ce5d9 main] exec.ListSinkOperator: Closing Operator: LIST_SINK[0]
2024-05-01T14:00:12,962  INFO [f0929f1b-99d9-4f0f-9428-b8ab454ce5d9 main] exec.ListSinkOperator: RECORDS_OUT_INTERMEDIATE:0, RECORDS_OUT_OPERATOR_LIST_SINK_0:0, 
2024-05-01T14:00:12,962  INFO [f0929f1b-99d9-4f0f-9428-b8ab454ce5d9 main] operation.SQLOperation: Closing operation log /home/alex/Repositories/hive/beeline/target/tmp/alex/operation_logs/f0929f1b-99d9-4f0f-9428-b8ab454ce5d9/alex_20240501140012_2d208e4f-2c3a-4c19-8c3d-8dfc808e289c without delay
2024-05-01T14:00:12,962  INFO [EventualCleanupService thread 0] cleanup.EventualCleanupService: Deleted file:/home/alex/Repositories/hive/beeline/target/tmp/alex/f0929f1b-99d9-4f0f-9428-b8ab454ce5d9/hive_2024-05-01_14-00-12_922_7787438931809558692-1
2024-05-01T14:00:12,962  INFO [main] service.CompositeService: Session closed, SessionHandle [f0929f1b-99d9-4f0f-9428-b8ab454ce5d9], current sessions:0
2024-05-01T14:00:12,963  INFO [f0929f1b-99d9-4f0f-9428-b8ab454ce5d9 main] session.HiveSessionImpl: Operation log session directory is deleted: /home/alex/Repositories/hive/beeline/target/tmp/alex/operation_logs/f0929f1b-99d9-4f0f-9428-b8ab454ce5d9
2024-05-01T14:00:12,963  INFO [main] cleanup.EventualCleanupService: Delete /tmp/hive/alex/f0929f1b-99d9-4f0f-9428-b8ab454ce5d9 operation was queued
2024-05-01T14:00:12,963  INFO [main] cleanup.EventualCleanupService: Delete /home/alex/Repositories/hive/beeline/target/tmp/alex/f0929f1b-99d9-4f0f-9428-b8ab454ce5d9 operation was queued
2024-05-01T14:00:12,963  INFO [EventualCleanupService thread 2] cleanup.EventualCleanupService: Deleted /home/alex/Repositories/hive/beeline/target/tmp/alex/f0929f1b-99d9-4f0f-9428-b8ab454ce5d9
2024-05-01T14:00:12,963  INFO [EventualCleanupService thread 1] cleanup.EventualCleanupService: Deleted /tmp/hive/alex/f0929f1b-99d9-4f0f-9428-b8ab454ce5d9
2024-05-01T14:00:12,964  INFO [main] HiveMetaStore.audit: ugi=alex	ip=unknown-ip-addr	cmd=Cleaning up thread local RawStore...	
2024-05-01T14:00:12,964  INFO [main] metastore.ObjectStore: RawStore: org.apache.hadoop.hive.metastore.ObjectStore@114badf0, with PersistenceManager: org.datanucleus.api.jdo.JDOPersistenceManager@19e8fe55 will be shutdown
2024-05-01T14:00:12,964  INFO [main] HiveMetaStore.audit: ugi=alex	ip=unknown-ip-addr	cmd=Done cleaning up thread local RawStore	
2024-05-01T14:00:12,964  INFO [main] metastore.HiveMetaStoreClient: Closed a connection to metastore, current connections: -34
2024-05-01T14:00:12,964 ERROR [main] cli.TestHiveCli: Failed due to the error:Connecting to jdbc:hive2://
Hive Session ID = f4cbcdd8-acb2-4d4d-b763-246943063129
ivysettings.xml file not found in HIVE_HOME or HIVE_CONF_DIR,/home/alex/Repositories/hive/conf/ivysettings.xml will be used
ivysettings.xml file not found in HIVE_HOME or HIVE_CONF_DIR,/home/alex/Repositories/hive/conf/ivysettings.xml will be used
Connected to: Apache Hive (version 4.0.0-SNAPSHOT)
Error: Couldn't load manifest attributes. (state=,code=0)
Transaction isolation: TRANSACTION_REPEATABLE_READ
INFO  : Compiling command(queryId=alex_20240501140012_2d208e4f-2c3a-4c19-8c3d-8dfc808e289c): show databases
INFO  : Semantic Analysis Completed (retrial = false)
INFO  : Created Hive schema: Schema(fieldSchemas:[FieldSchema(name:database_name, type:string, comment:from deserializer)], properties:null)
INFO  : Completed compiling command(queryId=alex_20240501140012_2d208e4f-2c3a-4c19-8c3d-8dfc808e289c); Time taken: 0.012 seconds
INFO  : Concurrency mode is disabled, not creating a lock manager
INFO  : Executing command(queryId=alex_20240501140012_2d208e4f-2c3a-4c19-8c3d-8dfc808e289c): show databases
INFO  : Starting task [Stage-0:DDL] in serial mode
DEBUG : Task getting executed using mapred tag : alex_20240501140012_2d208e4f-2c3a-4c19-8c3d-8dfc808e289c,userid=null
INFO  : Completed executing command(queryId=alex_20240501140012_2d208e4f-2c3a-4c19-8c3d-8dfc808e289c); Time taken: 0.018 seconds
DEBUG : Shutting down query show databases
Error: Failed to wait for operation to complete (state=08S01,code=0)
Closing: 0: jdbc:hive2://

]]></system-err>
  </testcase>
  <testcase name="testSqlFromCmd" classname="org.apache.hive.beeline.cli.TestHiveCli" time="0.246">
    <failure type="java.lang.AssertionError"><![CDATA[java.lang.AssertionError: Supported return code is 0 while the actual is 1
	at org.junit.Assert.fail(Assert.java:89)
	at org.apache.hive.beeline.cli.TestHiveCli.executeCMD(TestHiveCli.java:256)
	at org.apache.hive.beeline.cli.TestHiveCli.verifyCMD(TestHiveCli.java:266)
	at org.apache.hive.beeline.cli.TestHiveCli.testSqlFromCmd(TestHiveCli.java:145)
	at sun.reflect.NativeMethodAccessorImpl.invoke0(Native Method)
	at sun.reflect.NativeMethodAccessorImpl.invoke(NativeMethodAccessorImpl.java:62)
	at sun.reflect.DelegatingMethodAccessorImpl.invoke(DelegatingMethodAccessorImpl.java:43)
	at java.lang.reflect.Method.invoke(Method.java:498)
	at org.junit.runners.model.FrameworkMethod$1.runReflectiveCall(FrameworkMethod.java:59)
	at org.junit.internal.runners.model.ReflectiveCallable.run(ReflectiveCallable.java:12)
	at org.junit.runners.model.FrameworkMethod.invokeExplosively(FrameworkMethod.java:56)
	at org.junit.internal.runners.statements.InvokeMethod.evaluate(InvokeMethod.java:17)
	at org.junit.internal.runners.statements.RunBefores.evaluate(RunBefores.java:26)
	at org.junit.internal.runners.statements.RunAfters.evaluate(RunAfters.java:27)
	at org.junit.runners.ParentRunner$3.evaluate(ParentRunner.java:306)
	at org.junit.runners.BlockJUnit4ClassRunner$1.evaluate(BlockJUnit4ClassRunner.java:100)
	at org.junit.runners.ParentRunner.runLeaf(ParentRunner.java:366)
	at org.junit.runners.BlockJUnit4ClassRunner.runChild(BlockJUnit4ClassRunner.java:103)
	at org.junit.runners.BlockJUnit4ClassRunner.runChild(BlockJUnit4ClassRunner.java:63)
	at org.junit.runners.ParentRunner$4.run(ParentRunner.java:331)
	at org.junit.runners.ParentRunner$1.schedule(ParentRunner.java:79)
	at org.junit.runners.ParentRunner.runChildren(ParentRunner.java:329)
	at org.junit.runners.ParentRunner.access$100(ParentRunner.java:66)
	at org.junit.runners.ParentRunner$2.evaluate(ParentRunner.java:293)
	at org.junit.internal.runners.statements.RunBefores.evaluate(RunBefores.java:26)
	at org.junit.runners.ParentRunner$3.evaluate(ParentRunner.java:306)
	at org.junit.runners.ParentRunner.run(ParentRunner.java:413)
	at org.junit.runner.JUnitCore.run(JUnitCore.java:137)
	at org.junit.runner.JUnitCore.run(JUnitCore.java:115)
	at org.junit.vintage.engine.execution.RunnerExecutor.execute(RunnerExecutor.java:43)
	at java.util.stream.ForEachOps$ForEachOp$OfRef.accept(ForEachOps.java:183)
	at java.util.stream.ReferencePipeline$3$1.accept(ReferencePipeline.java:193)
	at java.util.Iterator.forEachRemaining(Iterator.java:116)
	at java.util.Spliterators$IteratorSpliterator.forEachRemaining(Spliterators.java:1801)
	at java.util.stream.AbstractPipeline.copyInto(AbstractPipeline.java:482)
	at java.util.stream.AbstractPipeline.wrapAndCopyInto(AbstractPipeline.java:472)
	at java.util.stream.ForEachOps$ForEachOp.evaluateSequential(ForEachOps.java:150)
	at java.util.stream.ForEachOps$ForEachOp$OfRef.evaluateSequential(ForEachOps.java:173)
	at java.util.stream.AbstractPipeline.evaluate(AbstractPipeline.java:234)
	at java.util.stream.ReferencePipeline.forEach(ReferencePipeline.java:485)
	at org.junit.vintage.engine.VintageTestEngine.executeAllChildren(VintageTestEngine.java:82)
	at org.junit.vintage.engine.VintageTestEngine.execute(VintageTestEngine.java:73)
	at org.junit.platform.launcher.core.DefaultLauncher.execute(DefaultLauncher.java:248)
	at org.junit.platform.launcher.core.DefaultLauncher.lambda$execute$5(DefaultLauncher.java:211)
	at org.junit.platform.launcher.core.DefaultLauncher.withInterceptedStreams(DefaultLauncher.java:226)
	at org.junit.platform.launcher.core.DefaultLauncher.execute(DefaultLauncher.java:199)
	at org.junit.platform.launcher.core.DefaultLauncher.execute(DefaultLauncher.java:132)
	at org.apache.maven.surefire.junitplatform.JUnitPlatformProvider.invokeAllTests(JUnitPlatformProvider.java:154)
	at org.apache.maven.surefire.junitplatform.JUnitPlatformProvider.invoke(JUnitPlatformProvider.java:123)
	at org.apache.maven.surefire.booter.ForkedBooter.runSuitesInProcess(ForkedBooter.java:377)
	at org.apache.maven.surefire.booter.ForkedBooter.execute(ForkedBooter.java:138)
	at org.apache.maven.surefire.booter.ForkedBooter.run(ForkedBooter.java:465)
	at org.apache.maven.surefire.booter.ForkedBooter.main(ForkedBooter.java:451)
]]></failure>
    <system-err><![CDATA[2024-05-01T14:00:12,966 ERROR [main] cli.TestHiveCli: Failed to execute command due to the error: java.lang.NullPointerException: Null output stream
2024-05-01T14:00:13,023  WARN [main] conf.HiveConf: HiveConf of name hive.dummyparam.test.server.specific.config.override does not exist
2024-05-01T14:00:13,023  WARN [main] conf.HiveConf: HiveConf of name hive.dummyparam.test.server.specific.config.hiveserver2site does not exist
2024-05-01T14:00:13,023  WARN [main] conf.HiveConf: HiveConf of name hive.dummyparam.test.server.specific.config.metastoresite does not exist
2024-05-01T14:00:13,023  INFO [main] SessionState: Hive Session ID = fd62d4f6-030c-432b-876d-cc9c98b52eb7
2024-05-01T14:00:13,024  INFO [main] DependencyResolver: ivysettings.xml file not found in HIVE_HOME or HIVE_CONF_DIR,/home/alex/Repositories/hive/conf/ivysettings.xml will be used
2024-05-01T14:00:13,035  INFO [main] session.SessionState: Created HDFS directory: /tmp/hive/alex/fd62d4f6-030c-432b-876d-cc9c98b52eb7
2024-05-01T14:00:13,038  INFO [main] session.SessionState: Created local directory: /home/alex/Repositories/hive/beeline/target/tmp/alex/fd62d4f6-030c-432b-876d-cc9c98b52eb7
2024-05-01T14:00:13,052  INFO [main] session.SessionState: Created HDFS directory: /tmp/hive/alex/fd62d4f6-030c-432b-876d-cc9c98b52eb7/_tmp_space.db
2024-05-01T14:00:13,053  INFO [main] sqlstd.SQLStdHiveAccessController: Created SQLStdHiveAccessController for session context : HiveAuthzSessionContext [sessionString=fd62d4f6-030c-432b-876d-cc9c98b52eb7, clientType=HIVESERVER2]
2024-05-01T14:00:13,054  INFO [main] metastore.HiveMetaStoreClient: HMS client filtering is enabled.
2024-05-01T14:00:13,055  INFO [main] metastore.HMSHandler: 0: Opening raw store with implementation class:org.apache.hadoop.hive.metastore.ObjectStore
2024-05-01T14:00:13,055  INFO [main] metastore.PersistenceManagerProvider: Configuration datanucleus.autoStartMechanismMode is not set. Defaulting to 'ignored'
2024-05-01T14:00:13,055  INFO [main] metastore.ObjectStore: RawStore: org.apache.hadoop.hive.metastore.ObjectStore@5d15789f, with PersistenceManager: null will be shutdown
2024-05-01T14:00:13,055  INFO [main] metastore.ObjectStore: RawStore: org.apache.hadoop.hive.metastore.ObjectStore@5d15789f, with PersistenceManager: org.datanucleus.api.jdo.JDOPersistenceManager@5abb7a8f created in the thread with id: 1
2024-05-01T14:00:13,059  INFO [main] metastore.HMSHandler: Created RawStore: org.apache.hadoop.hive.metastore.ObjectStore@5d15789f from thread id: 1
2024-05-01T14:00:13,059  INFO [main] metastore.HMSHandler: HMS server filtering is disabled by configuration
2024-05-01T14:00:13,059  INFO [main] metastore.RetryingMetaStoreClient: RetryingMetaStoreClient proxy=class org.apache.hadoop.hive.ql.metadata.SessionHiveMetaStoreClient ugi=alex (auth:SIMPLE) retries=1 delay=1 lifetime=0
2024-05-01T14:00:13,059  INFO [main] service.CompositeService: Operation log root directory is created: /home/alex/Repositories/hive/beeline/target/tmp/alex/operation_logs
2024-05-01T14:00:13,060  INFO [main] service.CompositeService: HiveServer2: Background operation thread pool size: 100
2024-05-01T14:00:13,060  INFO [main] service.CompositeService: HiveServer2: Background operation thread wait queue size: 100
2024-05-01T14:00:13,060  INFO [main] service.CompositeService: HiveServer2: Background operation thread keepalive time: 10 seconds
2024-05-01T14:00:13,060  INFO [main] service.CompositeService: Connections limit are user: 0 ipaddress: 0 user-ipaddress: 0
2024-05-01T14:00:13,061  INFO [main] cleanup.EventualCleanupService: EventualCleanupService started with 10 threads and queue of size 10000
ERROR StatusLogger Log4j2 ConfigurationScheduler attempted to increment scheduled items after start
ERROR StatusLogger Log4j2 ConfigurationScheduler attempted to increment scheduled items after start
2024-05-01T14:00:13,063  INFO [main] service.AbstractService: Service:OperationManager is inited.
2024-05-01T14:00:13,063  INFO [main] service.AbstractService: Service:SessionManager is inited.
2024-05-01T14:00:13,063  INFO [main] service.AbstractService: Service:CLIService is inited.
2024-05-01T14:00:13,063  INFO [main] service.AbstractService: Service:OperationManager is started.
2024-05-01T14:00:13,063  INFO [main] service.AbstractService: Service:SessionManager is started.
2024-05-01T14:00:13,063  INFO [main] service.AbstractService: Service:CLIService is started.
2024-05-01T14:00:13,063  INFO [main] service.AbstractService: Service:ThriftBinaryCLIService is inited.
2024-05-01T14:00:13,063  INFO [main] thrift.ThriftCLIService: Client protocol version: HIVE_CLI_SERVICE_PROTOCOL_V10
2024-05-01T14:00:13,063  INFO [main] thrift.ThriftCLIService: Creating Hive session handle for user [null] from IP null
2024-05-01T14:00:13,065  INFO [main] DependencyResolver: ivysettings.xml file not found in HIVE_HOME or HIVE_CONF_DIR,/home/alex/Repositories/hive/conf/ivysettings.xml will be used
2024-05-01T14:00:13,072  INFO [main] session.SessionState: Created HDFS directory: /tmp/hive/alex/6e3b1944-b263-4013-bec0-02dbc0e843f3
2024-05-01T14:00:13,078  INFO [main] session.SessionState: Created local directory: /home/alex/Repositories/hive/beeline/target/tmp/alex/6e3b1944-b263-4013-bec0-02dbc0e843f3
2024-05-01T14:00:13,082  INFO [main] session.SessionState: Created HDFS directory: /tmp/hive/alex/6e3b1944-b263-4013-bec0-02dbc0e843f3/_tmp_space.db
2024-05-01T14:00:13,082  INFO [main] session.SessionState: Reloading auxiliary JAR files
2024-05-01T14:00:13,082  WARN [main] session.SessionState: Configuration hive.reloadable.aux.jars.path not specified
2024-05-01T14:00:13,082  INFO [main] HiveMetaStore.audit: ugi=alex	ip=unknown-ip-addr	cmd=Cleaning up thread local RawStore...	
2024-05-01T14:00:13,082  INFO [main] metastore.ObjectStore: RawStore: org.apache.hadoop.hive.metastore.ObjectStore@5d15789f, with PersistenceManager: org.datanucleus.api.jdo.JDOPersistenceManager@5abb7a8f will be shutdown
2024-05-01T14:00:13,082  INFO [main] HiveMetaStore.audit: ugi=alex	ip=unknown-ip-addr	cmd=Done cleaning up thread local RawStore	
2024-05-01T14:00:13,082  INFO [main] metastore.HiveMetaStoreClient: Closed a connection to metastore, current connections: -35
2024-05-01T14:00:13,083  INFO [main] session.HiveSessionImpl: Operation log session directory is created: /home/alex/Repositories/hive/beeline/target/tmp/alex/operation_logs/6e3b1944-b263-4013-bec0-02dbc0e843f3
2024-05-01T14:00:13,083  INFO [main] service.CompositeService: Session opened, SessionHandle [6e3b1944-b263-4013-bec0-02dbc0e843f3], current sessions:1
2024-05-01T14:00:13,083  INFO [main] thrift.ThriftCLIService: Login attempt is successful for user : null
2024-05-01T14:00:13,140  WARN [main] conf.HiveConf: HiveConf of name hive.dummyparam.test.server.specific.config.override does not exist
2024-05-01T14:00:13,140  WARN [main] conf.HiveConf: HiveConf of name hive.dummyparam.test.server.specific.config.hiveserver2site does not exist
2024-05-01T14:00:13,140  WARN [main] conf.HiveConf: HiveConf of name hive.dummyparam.test.server.specific.config.metastoresite does not exist
2024-05-01T14:00:13,142  INFO [6e3b1944-b263-4013-bec0-02dbc0e843f3 main] session.HiveSessionImpl: executing set
2024-05-01T14:00:13,143  INFO [6e3b1944-b263-4013-bec0-02dbc0e843f3 main] operation.HiveCommandOperation: Putting temp output to file /home/alex/Repositories/hive/beeline/target/tmp/alex/6e3b1944-b263-4013-bec0-02dbc0e843f31923528968727644280.pipeout and error output to file /home/alex/Repositories/hive/beeline/target/tmp/alex/6e3b1944-b263-4013-bec0-02dbc0e843f32447825138729857955.pipeout
2024-05-01T14:00:13,143  INFO [6e3b1944-b263-4013-bec0-02dbc0e843f3 main] operation.OperationManager: Adding operation: OperationHandle [opType=EXECUTE_STATEMENT, getHandleIdentifier()=d7995261-dad9-421e-b9b7-05aa886394a1] SessionHandle [6e3b1944-b263-4013-bec0-02dbc0e843f3]
2024-05-01T14:00:13,143  INFO [6e3b1944-b263-4013-bec0-02dbc0e843f3 main] common.LogUtils: Thread context registration is done.
DEBUG StatusLogger Building Plugin[name=filter, class=org.apache.hadoop.hive.ql.log.LogDivertAppender$NameFilter].
DEBUG StatusLogger createFilter(loggingLevel="EXECUTION")
DEBUG StatusLogger Building Plugin[name=layout, class=org.apache.logging.log4j.core.layout.PatternLayout].
DEBUG StatusLogger PatternLayout$Builder(pattern="%-5p : %m%n", PatternSelector=null, Configuration(HiveLog4j2Test), Replace=null, charset="null", alwaysWriteExceptions="null", disableAnsi="null", noConsoleNoAnsi="null", header="null", footer="null")
DEBUG StatusLogger Building Plugin[name=appender, class=org.apache.hadoop.hive.ql.log.HushableRandomAccessFileAppender].
DEBUG StatusLogger createAppender(fileName="/home/alex/Repositories/hive/beeline/target/tmp/alex/operation_logs/6e3b1944-b263-4013-bec0-02dbc0e843f3/alex_20240501140013_12189542-b3ad-4cd3-8a26-9f5fb6005c3d", append="null", name="query-file-appender", immediateFlush="null", bufferSize="null", ignoreExceptions="null", PatternLayout(org.apache.logging.log4j.core.layout.PatternLayout with name PatternLayout), NameFilter(org.apache.hadoop.hive.ql.log.LogDivertAppender$NameFilter with name NameFilter), advertise="null", advertiseURI="null", Configuration(HiveLog4j2Test))
DEBUG StatusLogger Starting RandomAccessFileManager /home/alex/Repositories/hive/beeline/target/tmp/alex/operation_logs/6e3b1944-b263-4013-bec0-02dbc0e843f3/alex_20240501140013_12189542-b3ad-4cd3-8a26-9f5fb6005c3d
DEBUG StatusLogger Building Plugin[name=, class=org.apache.hadoop.hive.ql.log.LogDivertAppenderForTest$TestFilter].
DEBUG StatusLogger createFilter()
DEBUG StatusLogger Building Plugin[name=, class=org.apache.logging.log4j.core.layout.PatternLayout].
DEBUG StatusLogger PatternLayout$Builder(pattern="%-5p : %m%n", PatternSelector=null, Configuration(HiveLog4j2Test), Replace=null, charset="null", alwaysWriteExceptions="null", disableAnsi="null", noConsoleNoAnsi="null", header="null", footer="null")
DEBUG StatusLogger Building Plugin[name=appender, class=org.apache.hadoop.hive.ql.log.HushableRandomAccessFileAppender].
DEBUG StatusLogger createAppender(fileName="/home/alex/Repositories/hive/beeline/target/tmp/alex/operation_logs/6e3b1944-b263-4013-bec0-02dbc0e843f3/alex_20240501140013_12189542-b3ad-4cd3-8a26-9f5fb6005c3d.test", append="null", name="test-query-file-appender", immediateFlush="null", bufferSize="null", ignoreExceptions="null", PatternLayout(org.apache.logging.log4j.core.layout.PatternLayout with name PatternLayout), test-filter(org.apache.hadoop.hive.ql.log.LogDivertAppenderForTest$TestFilter with name test-filter), advertise="null", advertiseURI="null", Configuration(HiveLog4j2Test))
DEBUG StatusLogger Starting RandomAccessFileManager /home/alex/Repositories/hive/beeline/target/tmp/alex/operation_logs/6e3b1944-b263-4013-bec0-02dbc0e843f3/alex_20240501140013_12189542-b3ad-4cd3-8a26-9f5fb6005c3d.test
2024-05-01T14:00:13,148  INFO [6e3b1944-b263-4013-bec0-02dbc0e843f3 main] operation.HiveCommandOperation: [opType=EXECUTE_STATEMENT, queryId=alex_20240501140013_12189542-b3ad-4cd3-8a26-9f5fb6005c3d, startTime=1714597213142, sessionId=6e3b1944-b263-4013-bec0-02dbc0e843f3, createTime=1714597213063, userName=null, ipAddress=null]
2024-05-01T14:00:13,159  INFO [6e3b1944-b263-4013-bec0-02dbc0e843f3 main] common.LogUtils: Unregistered logging context.
2024-05-01T14:00:13,163  INFO [6e3b1944-b263-4013-bec0-02dbc0e843f3 main] operation.OperationManager: Closing operation: OperationHandle [opType=EXECUTE_STATEMENT, getHandleIdentifier()=d7995261-dad9-421e-b9b7-05aa886394a1]
2024-05-01T14:00:13,163  INFO [6e3b1944-b263-4013-bec0-02dbc0e843f3 main] operation.OperationManager: Removed queryId: alex_20240501140013_12189542-b3ad-4cd3-8a26-9f5fb6005c3d corresponding to operation: OperationHandle [opType=EXECUTE_STATEMENT, getHandleIdentifier()=d7995261-dad9-421e-b9b7-05aa886394a1] with tag: null
2024-05-01T14:00:13,164  INFO [6e3b1944-b263-4013-bec0-02dbc0e843f3 main] operation.HiveCommandOperation: Closing operation log /home/alex/Repositories/hive/beeline/target/tmp/alex/operation_logs/6e3b1944-b263-4013-bec0-02dbc0e843f3/alex_20240501140013_12189542-b3ad-4cd3-8a26-9f5fb6005c3d without delay
2024-05-01T14:00:13,166  INFO [6e3b1944-b263-4013-bec0-02dbc0e843f3 main] session.HiveSessionImpl: executing show databases
2024-05-01T14:00:13,167  INFO [6e3b1944-b263-4013-bec0-02dbc0e843f3 main] operation.OperationManager: Adding operation: OperationHandle [opType=EXECUTE_STATEMENT, getHandleIdentifier()=c8c32170-b80e-48fc-a873-779c17cee067] SessionHandle [6e3b1944-b263-4013-bec0-02dbc0e843f3]
2024-05-01T14:00:13,167  INFO [6e3b1944-b263-4013-bec0-02dbc0e843f3 main] common.LogUtils: Thread context registration is done.
DEBUG StatusLogger Building Plugin[name=filter, class=org.apache.hadoop.hive.ql.log.LogDivertAppender$NameFilter].
DEBUG StatusLogger createFilter(loggingLevel="EXECUTION")
DEBUG StatusLogger Building Plugin[name=layout, class=org.apache.logging.log4j.core.layout.PatternLayout].
DEBUG StatusLogger PatternLayout$Builder(pattern="%-5p : %m%n", PatternSelector=null, Configuration(HiveLog4j2Test), Replace=null, charset="null", alwaysWriteExceptions="null", disableAnsi="null", noConsoleNoAnsi="null", header="null", footer="null")
DEBUG StatusLogger Building Plugin[name=appender, class=org.apache.hadoop.hive.ql.log.HushableRandomAccessFileAppender].
DEBUG StatusLogger createAppender(fileName="/home/alex/Repositories/hive/beeline/target/tmp/alex/operation_logs/6e3b1944-b263-4013-bec0-02dbc0e843f3/alex_20240501140013_20cb183a-52e6-449e-80ac-fa4d3a3de90e", append="null", name="query-file-appender", immediateFlush="null", bufferSize="null", ignoreExceptions="null", PatternLayout(org.apache.logging.log4j.core.layout.PatternLayout with name PatternLayout), NameFilter(org.apache.hadoop.hive.ql.log.LogDivertAppender$NameFilter with name NameFilter), advertise="null", advertiseURI="null", Configuration(HiveLog4j2Test))
DEBUG StatusLogger Starting RandomAccessFileManager /home/alex/Repositories/hive/beeline/target/tmp/alex/operation_logs/6e3b1944-b263-4013-bec0-02dbc0e843f3/alex_20240501140013_20cb183a-52e6-449e-80ac-fa4d3a3de90e
DEBUG StatusLogger Building Plugin[name=, class=org.apache.hadoop.hive.ql.log.LogDivertAppenderForTest$TestFilter].
DEBUG StatusLogger createFilter()
DEBUG StatusLogger Building Plugin[name=, class=org.apache.logging.log4j.core.layout.PatternLayout].
DEBUG StatusLogger PatternLayout$Builder(pattern="%-5p : %m%n", PatternSelector=null, Configuration(HiveLog4j2Test), Replace=null, charset="null", alwaysWriteExceptions="null", disableAnsi="null", noConsoleNoAnsi="null", header="null", footer="null")
DEBUG StatusLogger Building Plugin[name=appender, class=org.apache.hadoop.hive.ql.log.HushableRandomAccessFileAppender].
DEBUG StatusLogger createAppender(fileName="/home/alex/Repositories/hive/beeline/target/tmp/alex/operation_logs/6e3b1944-b263-4013-bec0-02dbc0e843f3/alex_20240501140013_20cb183a-52e6-449e-80ac-fa4d3a3de90e.test", append="null", name="test-query-file-appender", immediateFlush="null", bufferSize="null", ignoreExceptions="null", PatternLayout(org.apache.logging.log4j.core.layout.PatternLayout with name PatternLayout), test-filter(org.apache.hadoop.hive.ql.log.LogDivertAppenderForTest$TestFilter with name test-filter), advertise="null", advertiseURI="null", Configuration(HiveLog4j2Test))
DEBUG StatusLogger Starting RandomAccessFileManager /home/alex/Repositories/hive/beeline/target/tmp/alex/operation_logs/6e3b1944-b263-4013-bec0-02dbc0e843f3/alex_20240501140013_20cb183a-52e6-449e-80ac-fa4d3a3de90e.test
2024-05-01T14:00:13,170  INFO [6e3b1944-b263-4013-bec0-02dbc0e843f3 main] operation.SQLOperation: [opType=EXECUTE_STATEMENT, queryId=alex_20240501140013_20cb183a-52e6-449e-80ac-fa4d3a3de90e, startTime=1714597213167, sessionId=6e3b1944-b263-4013-bec0-02dbc0e843f3, createTime=1714597213063, userName=null, ipAddress=null]
2024-05-01T14:00:13,171  INFO [6e3b1944-b263-4013-bec0-02dbc0e843f3 main] ql.Driver: Compiling command(queryId=alex_20240501140013_20cb183a-52e6-449e-80ac-fa4d3a3de90e): show databases
2024-05-01T14:00:13,172  INFO [6e3b1944-b263-4013-bec0-02dbc0e843f3 main] metastore.HiveMetaStoreClient: HMS client filtering is enabled.
2024-05-01T14:00:13,173  INFO [6e3b1944-b263-4013-bec0-02dbc0e843f3 main] metastore.HMSHandler: 0: Opening raw store with implementation class:org.apache.hadoop.hive.metastore.ObjectStore
2024-05-01T14:00:13,173  INFO [6e3b1944-b263-4013-bec0-02dbc0e843f3 main] metastore.PersistenceManagerProvider: Configuration datanucleus.autoStartMechanismMode is not set. Defaulting to 'ignored'
2024-05-01T14:00:13,174  INFO [6e3b1944-b263-4013-bec0-02dbc0e843f3 main] metastore.ObjectStore: RawStore: org.apache.hadoop.hive.metastore.ObjectStore@57f1a1de, with PersistenceManager: null will be shutdown
2024-05-01T14:00:13,174  INFO [6e3b1944-b263-4013-bec0-02dbc0e843f3 main] metastore.ObjectStore: RawStore: org.apache.hadoop.hive.metastore.ObjectStore@57f1a1de, with PersistenceManager: org.datanucleus.api.jdo.JDOPersistenceManager@4a6ef712 created in the thread with id: 1
2024-05-01T14:00:13,177  INFO [6e3b1944-b263-4013-bec0-02dbc0e843f3 main] metastore.HMSHandler: Created RawStore: org.apache.hadoop.hive.metastore.ObjectStore@57f1a1de from thread id: 1
2024-05-01T14:00:13,178  INFO [6e3b1944-b263-4013-bec0-02dbc0e843f3 main] metastore.HMSHandler: HMS server filtering is disabled by configuration
2024-05-01T14:00:13,178  INFO [6e3b1944-b263-4013-bec0-02dbc0e843f3 main] metastore.RetryingMetaStoreClient: RetryingMetaStoreClient proxy=class org.apache.hadoop.hive.ql.metadata.SessionHiveMetaStoreClient ugi=alex (auth:SIMPLE) retries=1 delay=1 lifetime=0
2024-05-01T14:00:13,183  INFO [6e3b1944-b263-4013-bec0-02dbc0e843f3 main] ql.Driver: Semantic Analysis Completed (retrial = false)
2024-05-01T14:00:13,184  INFO [6e3b1944-b263-4013-bec0-02dbc0e843f3 main] ql.Driver: Created Hive schema: Schema(fieldSchemas:[FieldSchema(name:database_name, type:string, comment:from deserializer)], properties:null)
2024-05-01T14:00:13,185  INFO [6e3b1944-b263-4013-bec0-02dbc0e843f3 main] exec.ListSinkOperator: Initializing Operator: LIST_SINK[0]
2024-05-01T14:00:13,185  INFO [6e3b1944-b263-4013-bec0-02dbc0e843f3 main] metadata.Hive: Dumping metastore api call timing information for : compilation phase
2024-05-01T14:00:13,185  INFO [6e3b1944-b263-4013-bec0-02dbc0e843f3 main] metadata.Hive: Total time spent in each metastore function (ms): {isCompatibleWith_(Configuration)=0, flushCache_()=0}
2024-05-01T14:00:13,185  INFO [6e3b1944-b263-4013-bec0-02dbc0e843f3 main] ql.Driver: Completed compiling command(queryId=alex_20240501140013_20cb183a-52e6-449e-80ac-fa4d3a3de90e); Time taken: 0.014 seconds
2024-05-01T14:00:13,185  INFO [6e3b1944-b263-4013-bec0-02dbc0e843f3 main] common.LogUtils: Unregistered logging context.
2024-05-01T14:00:13,186  INFO [HiveServer2-Background-Pool: Thread-561] common.LogUtils: Thread context registration is done.
2024-05-01T14:00:13,186  INFO [HiveServer2-Background-Pool: Thread-561] reexec.ReExecDriver: Execution #1 of query
2024-05-01T14:00:13,186  INFO [HiveServer2-Background-Pool: Thread-561] ql.Driver: Concurrency mode is disabled, not creating a lock manager
2024-05-01T14:00:13,187  INFO [HiveServer2-Background-Pool: Thread-561] ql.Driver: Executing command(queryId=alex_20240501140013_20cb183a-52e6-449e-80ac-fa4d3a3de90e): show databases
2024-05-01T14:00:13,187  INFO [HiveServer2-Background-Pool: Thread-561] ql.Driver: Starting task [Stage-0:DDL] in serial mode
2024-05-01T14:00:13,188  INFO [HiveServer2-Background-Pool: Thread-561] HiveMetaStore.audit: ugi=alex	ip=unknown-ip-addr	cmd=get_databases: @hive#	
2024-05-01T14:00:13,189  INFO [HiveServer2-Background-Pool: Thread-561] metastore.HMSHandler: 26: Opening raw store with implementation class:org.apache.hadoop.hive.metastore.ObjectStore
2024-05-01T14:00:13,189  INFO [HiveServer2-Background-Pool: Thread-561] metastore.ObjectStore: RawStore: org.apache.hadoop.hive.metastore.ObjectStore@42da75b9, with PersistenceManager: null will be shutdown
2024-05-01T14:00:13,190  INFO [HiveServer2-Background-Pool: Thread-561] metastore.ObjectStore: RawStore: org.apache.hadoop.hive.metastore.ObjectStore@42da75b9, with PersistenceManager: org.datanucleus.api.jdo.JDOPersistenceManager@7d8f386 created in the thread with id: 561
2024-05-01T14:00:13,193  INFO [HiveServer2-Background-Pool: Thread-561] metastore.HMSHandler: Created RawStore: org.apache.hadoop.hive.metastore.ObjectStore@42da75b9 from thread id: 561
2024-05-01T14:00:13,195  INFO [HiveServer2-Background-Pool: Thread-561] sqlstd.SQLStdHiveAccessController: Created SQLStdHiveAccessController for session context : HiveAuthzSessionContext [sessionString=6e3b1944-b263-4013-bec0-02dbc0e843f3, clientType=HIVESERVER2]
2024-05-01T14:00:13,195  INFO [HiveServer2-Background-Pool: Thread-561] exec.DDLTask: Found 3 database(s) matching the SHOW DATABASES statement.
2024-05-01T14:00:13,203  INFO [HiveServer2-Background-Pool: Thread-561] metadata.Hive: Dumping metastore api call timing information for : execution phase
2024-05-01T14:00:13,203  INFO [HiveServer2-Background-Pool: Thread-561] metadata.Hive: Total time spent in each metastore function (ms): {isCompatibleWith_(Configuration)=0, getAllDatabases_()=7}
2024-05-01T14:00:13,203  INFO [HiveServer2-Background-Pool: Thread-561] ql.Driver: Completed executing command(queryId=alex_20240501140013_20cb183a-52e6-449e-80ac-fa4d3a3de90e); Time taken: 0.016 seconds
2024-05-01T14:00:13,203  INFO [HiveServer2-Background-Pool: Thread-561] common.LogUtils: Unregistered logging context.
2024-05-01T14:00:13,207  INFO [6e3b1944-b263-4013-bec0-02dbc0e843f3 main] operation.OperationManager: Closing operation: OperationHandle [opType=EXECUTE_STATEMENT, getHandleIdentifier()=c8c32170-b80e-48fc-a873-779c17cee067]
2024-05-01T14:00:13,208  INFO [6e3b1944-b263-4013-bec0-02dbc0e843f3 main] operation.OperationManager: Removed queryId: alex_20240501140013_20cb183a-52e6-449e-80ac-fa4d3a3de90e corresponding to operation: OperationHandle [opType=EXECUTE_STATEMENT, getHandleIdentifier()=c8c32170-b80e-48fc-a873-779c17cee067] with tag: null
2024-05-01T14:00:13,208  INFO [6e3b1944-b263-4013-bec0-02dbc0e843f3 main] ql.Context: Deleting scratch dir: file:/home/alex/Repositories/hive/beeline/target/tmp/alex/6e3b1944-b263-4013-bec0-02dbc0e843f3/hive_2024-05-01_14-00-13_171_374675458393893656-1
2024-05-01T14:00:13,208  INFO [6e3b1944-b263-4013-bec0-02dbc0e843f3 main] cleanup.EventualCleanupService: Delete file:/home/alex/Repositories/hive/beeline/target/tmp/alex/6e3b1944-b263-4013-bec0-02dbc0e843f3/hive_2024-05-01_14-00-13_171_374675458393893656-1 operation was queued
2024-05-01T14:00:13,208  INFO [6e3b1944-b263-4013-bec0-02dbc0e843f3 main] exec.ListSinkOperator: Closing Operator: LIST_SINK[0]
2024-05-01T14:00:13,208  INFO [6e3b1944-b263-4013-bec0-02dbc0e843f3 main] exec.ListSinkOperator: RECORDS_OUT_INTERMEDIATE:0, RECORDS_OUT_OPERATOR_LIST_SINK_0:0, 
2024-05-01T14:00:13,208  INFO [6e3b1944-b263-4013-bec0-02dbc0e843f3 main] operation.SQLOperation: Closing operation log /home/alex/Repositories/hive/beeline/target/tmp/alex/operation_logs/6e3b1944-b263-4013-bec0-02dbc0e843f3/alex_20240501140013_20cb183a-52e6-449e-80ac-fa4d3a3de90e without delay
2024-05-01T14:00:13,209  INFO [main] service.CompositeService: Session closed, SessionHandle [6e3b1944-b263-4013-bec0-02dbc0e843f3], current sessions:0
2024-05-01T14:00:13,209  INFO [6e3b1944-b263-4013-bec0-02dbc0e843f3 main] session.HiveSessionImpl: Operation log session directory is deleted: /home/alex/Repositories/hive/beeline/target/tmp/alex/operation_logs/6e3b1944-b263-4013-bec0-02dbc0e843f3
2024-05-01T14:00:13,209  INFO [EventualCleanupService thread 0] cleanup.EventualCleanupService: Deleted file:/home/alex/Repositories/hive/beeline/target/tmp/alex/6e3b1944-b263-4013-bec0-02dbc0e843f3/hive_2024-05-01_14-00-13_171_374675458393893656-1
2024-05-01T14:00:13,210  INFO [main] cleanup.EventualCleanupService: Delete /tmp/hive/alex/6e3b1944-b263-4013-bec0-02dbc0e843f3 operation was queued
2024-05-01T14:00:13,210  INFO [main] cleanup.EventualCleanupService: Delete /home/alex/Repositories/hive/beeline/target/tmp/alex/6e3b1944-b263-4013-bec0-02dbc0e843f3 operation was queued
2024-05-01T14:00:13,210  INFO [EventualCleanupService thread 2] cleanup.EventualCleanupService: Deleted /home/alex/Repositories/hive/beeline/target/tmp/alex/6e3b1944-b263-4013-bec0-02dbc0e843f3
2024-05-01T14:00:13,210  INFO [EventualCleanupService thread 1] cleanup.EventualCleanupService: Deleted /tmp/hive/alex/6e3b1944-b263-4013-bec0-02dbc0e843f3
2024-05-01T14:00:13,211  INFO [main] HiveMetaStore.audit: ugi=alex	ip=unknown-ip-addr	cmd=Cleaning up thread local RawStore...	
2024-05-01T14:00:13,211  INFO [main] metastore.ObjectStore: RawStore: org.apache.hadoop.hive.metastore.ObjectStore@57f1a1de, with PersistenceManager: org.datanucleus.api.jdo.JDOPersistenceManager@4a6ef712 will be shutdown
2024-05-01T14:00:13,211  INFO [main] HiveMetaStore.audit: ugi=alex	ip=unknown-ip-addr	cmd=Done cleaning up thread local RawStore	
2024-05-01T14:00:13,211  INFO [main] metastore.HiveMetaStoreClient: Closed a connection to metastore, current connections: -36
2024-05-01T14:00:13,211 ERROR [main] cli.TestHiveCli: Failed due to the error:Connecting to jdbc:hive2://
Hive Session ID = fd62d4f6-030c-432b-876d-cc9c98b52eb7
ivysettings.xml file not found in HIVE_HOME or HIVE_CONF_DIR,/home/alex/Repositories/hive/conf/ivysettings.xml will be used
ivysettings.xml file not found in HIVE_HOME or HIVE_CONF_DIR,/home/alex/Repositories/hive/conf/ivysettings.xml will be used
Connected to: Apache Hive (version 4.0.0-SNAPSHOT)
Error: Couldn't load manifest attributes. (state=,code=0)
Transaction isolation: TRANSACTION_REPEATABLE_READ
INFO  : Compiling command(queryId=alex_20240501140013_20cb183a-52e6-449e-80ac-fa4d3a3de90e): show databases
INFO  : Semantic Analysis Completed (retrial = false)
INFO  : Created Hive schema: Schema(fieldSchemas:[FieldSchema(name:database_name, type:string, comment:from deserializer)], properties:null)
INFO  : Completed compiling command(queryId=alex_20240501140013_20cb183a-52e6-449e-80ac-fa4d3a3de90e); Time taken: 0.014 seconds
INFO  : Concurrency mode is disabled, not creating a lock manager
INFO  : Executing command(queryId=alex_20240501140013_20cb183a-52e6-449e-80ac-fa4d3a3de90e): show databases
INFO  : Starting task [Stage-0:DDL] in serial mode
DEBUG : Task getting executed using mapred tag : alex_20240501140013_20cb183a-52e6-449e-80ac-fa4d3a3de90e,userid=null
INFO  : Completed executing command(queryId=alex_20240501140013_20cb183a-52e6-449e-80ac-fa4d3a3de90e); Time taken: 0.016 seconds
DEBUG : Shutting down query show databases
Error: Failed to wait for operation to complete (state=08S01,code=0)
Closing: 0: jdbc:hive2://

]]></system-err>
  </testcase>
  <testcase name="testInvalidDatabaseOptions" classname="org.apache.hive.beeline.cli.TestHiveCli" time="0.273"/>
  <testcase name="testVariables" classname="org.apache.hive.beeline.cli.TestHiveCli" time="0.416"/>
  <testcase name="testInvalidOptions" classname="org.apache.hive.beeline.cli.TestHiveCli" time="0.002"/>
  <testcase name="testVariablesForSource" classname="org.apache.hive.beeline.cli.TestHiveCli" time="0.746">
    <failure type="java.lang.AssertionError"><![CDATA[java.lang.AssertionError: Supported return code is 0 while the actual is 2
	at org.junit.Assert.fail(Assert.java:89)
	at org.apache.hive.beeline.cli.TestHiveCli.executeCMD(TestHiveCli.java:256)
	at org.apache.hive.beeline.cli.TestHiveCli.verifyCMD(TestHiveCli.java:266)
	at org.apache.hive.beeline.cli.TestHiveCli.testVariablesForSource(TestHiveCli.java:198)
	at sun.reflect.NativeMethodAccessorImpl.invoke0(Native Method)
	at sun.reflect.NativeMethodAccessorImpl.invoke(NativeMethodAccessorImpl.java:62)
	at sun.reflect.DelegatingMethodAccessorImpl.invoke(DelegatingMethodAccessorImpl.java:43)
	at java.lang.reflect.Method.invoke(Method.java:498)
	at org.junit.runners.model.FrameworkMethod$1.runReflectiveCall(FrameworkMethod.java:59)
	at org.junit.internal.runners.model.ReflectiveCallable.run(ReflectiveCallable.java:12)
	at org.junit.runners.model.FrameworkMethod.invokeExplosively(FrameworkMethod.java:56)
	at org.junit.internal.runners.statements.InvokeMethod.evaluate(InvokeMethod.java:17)
	at org.junit.internal.runners.statements.RunBefores.evaluate(RunBefores.java:26)
	at org.junit.internal.runners.statements.RunAfters.evaluate(RunAfters.java:27)
	at org.junit.runners.ParentRunner$3.evaluate(ParentRunner.java:306)
	at org.junit.runners.BlockJUnit4ClassRunner$1.evaluate(BlockJUnit4ClassRunner.java:100)
	at org.junit.runners.ParentRunner.runLeaf(ParentRunner.java:366)
	at org.junit.runners.BlockJUnit4ClassRunner.runChild(BlockJUnit4ClassRunner.java:103)
	at org.junit.runners.BlockJUnit4ClassRunner.runChild(BlockJUnit4ClassRunner.java:63)
	at org.junit.runners.ParentRunner$4.run(ParentRunner.java:331)
	at org.junit.runners.ParentRunner$1.schedule(ParentRunner.java:79)
	at org.junit.runners.ParentRunner.runChildren(ParentRunner.java:329)
	at org.junit.runners.ParentRunner.access$100(ParentRunner.java:66)
	at org.junit.runners.ParentRunner$2.evaluate(ParentRunner.java:293)
	at org.junit.internal.runners.statements.RunBefores.evaluate(RunBefores.java:26)
	at org.junit.runners.ParentRunner$3.evaluate(ParentRunner.java:306)
	at org.junit.runners.ParentRunner.run(ParentRunner.java:413)
	at org.junit.runner.JUnitCore.run(JUnitCore.java:137)
	at org.junit.runner.JUnitCore.run(JUnitCore.java:115)
	at org.junit.vintage.engine.execution.RunnerExecutor.execute(RunnerExecutor.java:43)
	at java.util.stream.ForEachOps$ForEachOp$OfRef.accept(ForEachOps.java:183)
	at java.util.stream.ReferencePipeline$3$1.accept(ReferencePipeline.java:193)
	at java.util.Iterator.forEachRemaining(Iterator.java:116)
	at java.util.Spliterators$IteratorSpliterator.forEachRemaining(Spliterators.java:1801)
	at java.util.stream.AbstractPipeline.copyInto(AbstractPipeline.java:482)
	at java.util.stream.AbstractPipeline.wrapAndCopyInto(AbstractPipeline.java:472)
	at java.util.stream.ForEachOps$ForEachOp.evaluateSequential(ForEachOps.java:150)
	at java.util.stream.ForEachOps$ForEachOp$OfRef.evaluateSequential(ForEachOps.java:173)
	at java.util.stream.AbstractPipeline.evaluate(AbstractPipeline.java:234)
	at java.util.stream.ReferencePipeline.forEach(ReferencePipeline.java:485)
	at org.junit.vintage.engine.VintageTestEngine.executeAllChildren(VintageTestEngine.java:82)
	at org.junit.vintage.engine.VintageTestEngine.execute(VintageTestEngine.java:73)
	at org.junit.platform.launcher.core.DefaultLauncher.execute(DefaultLauncher.java:248)
	at org.junit.platform.launcher.core.DefaultLauncher.lambda$execute$5(DefaultLauncher.java:211)
	at org.junit.platform.launcher.core.DefaultLauncher.withInterceptedStreams(DefaultLauncher.java:226)
	at org.junit.platform.launcher.core.DefaultLauncher.execute(DefaultLauncher.java:199)
	at org.junit.platform.launcher.core.DefaultLauncher.execute(DefaultLauncher.java:132)
	at org.apache.maven.surefire.junitplatform.JUnitPlatformProvider.invokeAllTests(JUnitPlatformProvider.java:154)
	at org.apache.maven.surefire.junitplatform.JUnitPlatformProvider.invoke(JUnitPlatformProvider.java:123)
	at org.apache.maven.surefire.booter.ForkedBooter.runSuitesInProcess(ForkedBooter.java:377)
	at org.apache.maven.surefire.booter.ForkedBooter.execute(ForkedBooter.java:138)
	at org.apache.maven.surefire.booter.ForkedBooter.run(ForkedBooter.java:465)
	at org.apache.maven.surefire.booter.ForkedBooter.main(ForkedBooter.java:451)
]]></failure>
    <system-err><![CDATA[2024-05-01T14:00:13,904 ERROR [main] cli.TestHiveCli: Failed to execute command due to the error: java.lang.NullPointerException: Null output stream
2024-05-01T14:00:13,967  WARN [main] conf.HiveConf: HiveConf of name hive.dummyparam.test.server.specific.config.override does not exist
2024-05-01T14:00:13,967  WARN [main] conf.HiveConf: HiveConf of name hive.dummyparam.test.server.specific.config.hiveserver2site does not exist
2024-05-01T14:00:13,967  WARN [main] conf.HiveConf: HiveConf of name hive.dummyparam.test.server.specific.config.metastoresite does not exist
2024-05-01T14:00:13,967  INFO [main] SessionState: Hive Session ID = 28794c7f-ed50-41f7-b049-eb1399edb183
2024-05-01T14:00:13,968  INFO [main] DependencyResolver: ivysettings.xml file not found in HIVE_HOME or HIVE_CONF_DIR,/home/alex/Repositories/hive/conf/ivysettings.xml will be used
2024-05-01T14:00:13,979  INFO [main] session.SessionState: Created HDFS directory: /tmp/hive/alex/28794c7f-ed50-41f7-b049-eb1399edb183
2024-05-01T14:00:13,983  INFO [main] session.SessionState: Created local directory: /home/alex/Repositories/hive/beeline/target/tmp/alex/28794c7f-ed50-41f7-b049-eb1399edb183
2024-05-01T14:00:13,987  INFO [main] session.SessionState: Created HDFS directory: /tmp/hive/alex/28794c7f-ed50-41f7-b049-eb1399edb183/_tmp_space.db
2024-05-01T14:00:13,987  INFO [main] sqlstd.SQLStdHiveAccessController: Created SQLStdHiveAccessController for session context : HiveAuthzSessionContext [sessionString=28794c7f-ed50-41f7-b049-eb1399edb183, clientType=HIVESERVER2]
2024-05-01T14:00:13,988  INFO [main] metastore.HiveMetaStoreClient: HMS client filtering is enabled.
2024-05-01T14:00:13,988  INFO [main] metastore.HMSHandler: 0: Opening raw store with implementation class:org.apache.hadoop.hive.metastore.ObjectStore
2024-05-01T14:00:13,988  INFO [main] metastore.PersistenceManagerProvider: Configuration datanucleus.autoStartMechanismMode is not set. Defaulting to 'ignored'
2024-05-01T14:00:13,989  INFO [main] metastore.ObjectStore: RawStore: org.apache.hadoop.hive.metastore.ObjectStore@3a917017, with PersistenceManager: null will be shutdown
2024-05-01T14:00:13,990  INFO [main] metastore.ObjectStore: RawStore: org.apache.hadoop.hive.metastore.ObjectStore@3a917017, with PersistenceManager: org.datanucleus.api.jdo.JDOPersistenceManager@1ed12d10 created in the thread with id: 1
2024-05-01T14:00:13,992  INFO [main] metastore.HMSHandler: Created RawStore: org.apache.hadoop.hive.metastore.ObjectStore@3a917017 from thread id: 1
2024-05-01T14:00:13,993  INFO [main] metastore.HMSHandler: HMS server filtering is disabled by configuration
2024-05-01T14:00:13,993  INFO [main] metastore.RetryingMetaStoreClient: RetryingMetaStoreClient proxy=class org.apache.hadoop.hive.ql.metadata.SessionHiveMetaStoreClient ugi=alex (auth:SIMPLE) retries=1 delay=1 lifetime=0
2024-05-01T14:00:13,993  INFO [main] service.CompositeService: Operation log root directory is created: /home/alex/Repositories/hive/beeline/target/tmp/alex/operation_logs
2024-05-01T14:00:13,993  INFO [main] service.CompositeService: HiveServer2: Background operation thread pool size: 100
2024-05-01T14:00:13,993  INFO [main] service.CompositeService: HiveServer2: Background operation thread wait queue size: 100
2024-05-01T14:00:13,993  INFO [main] service.CompositeService: HiveServer2: Background operation thread keepalive time: 10 seconds
2024-05-01T14:00:13,993  INFO [main] service.CompositeService: Connections limit are user: 0 ipaddress: 0 user-ipaddress: 0
2024-05-01T14:00:13,995  INFO [main] cleanup.EventualCleanupService: EventualCleanupService started with 10 threads and queue of size 10000
ERROR StatusLogger Log4j2 ConfigurationScheduler attempted to increment scheduled items after start
ERROR StatusLogger Log4j2 ConfigurationScheduler attempted to increment scheduled items after start
2024-05-01T14:00:13,996  INFO [main] service.AbstractService: Service:OperationManager is inited.
2024-05-01T14:00:13,996  INFO [main] service.AbstractService: Service:SessionManager is inited.
2024-05-01T14:00:13,996  INFO [main] service.AbstractService: Service:CLIService is inited.
2024-05-01T14:00:13,996  INFO [main] service.AbstractService: Service:OperationManager is started.
2024-05-01T14:00:13,996  INFO [main] service.AbstractService: Service:SessionManager is started.
2024-05-01T14:00:13,996  INFO [main] service.AbstractService: Service:CLIService is started.
2024-05-01T14:00:13,996  INFO [main] service.AbstractService: Service:ThriftBinaryCLIService is inited.
2024-05-01T14:00:13,996  INFO [main] thrift.ThriftCLIService: Client protocol version: HIVE_CLI_SERVICE_PROTOCOL_V10
2024-05-01T14:00:13,996  INFO [main] thrift.ThriftCLIService: Creating Hive session handle for user [null] from IP null
2024-05-01T14:00:13,997  INFO [main] DependencyResolver: ivysettings.xml file not found in HIVE_HOME or HIVE_CONF_DIR,/home/alex/Repositories/hive/conf/ivysettings.xml will be used
2024-05-01T14:00:14,005  INFO [main] session.SessionState: Created HDFS directory: /tmp/hive/alex/fd25e0c8-fd3d-47db-98be-c36e87338e4d
2024-05-01T14:00:14,011  INFO [main] session.SessionState: Created local directory: /home/alex/Repositories/hive/beeline/target/tmp/alex/fd25e0c8-fd3d-47db-98be-c36e87338e4d
2024-05-01T14:00:14,015  INFO [main] session.SessionState: Created HDFS directory: /tmp/hive/alex/fd25e0c8-fd3d-47db-98be-c36e87338e4d/_tmp_space.db
2024-05-01T14:00:14,015  INFO [main] session.SessionState: Reloading auxiliary JAR files
2024-05-01T14:00:14,015  WARN [main] session.SessionState: Configuration hive.reloadable.aux.jars.path not specified
2024-05-01T14:00:14,016  INFO [main] HiveMetaStore.audit: ugi=alex	ip=unknown-ip-addr	cmd=Cleaning up thread local RawStore...	
2024-05-01T14:00:14,016  INFO [main] metastore.ObjectStore: RawStore: org.apache.hadoop.hive.metastore.ObjectStore@3a917017, with PersistenceManager: org.datanucleus.api.jdo.JDOPersistenceManager@1ed12d10 will be shutdown
2024-05-01T14:00:14,016  INFO [main] HiveMetaStore.audit: ugi=alex	ip=unknown-ip-addr	cmd=Done cleaning up thread local RawStore	
2024-05-01T14:00:14,016  INFO [main] metastore.HiveMetaStoreClient: Closed a connection to metastore, current connections: -40
2024-05-01T14:00:14,016  INFO [main] session.HiveSessionImpl: Operation log session directory is created: /home/alex/Repositories/hive/beeline/target/tmp/alex/operation_logs/fd25e0c8-fd3d-47db-98be-c36e87338e4d
2024-05-01T14:00:14,016  INFO [main] service.CompositeService: Session opened, SessionHandle [fd25e0c8-fd3d-47db-98be-c36e87338e4d], current sessions:1
2024-05-01T14:00:14,016  INFO [main] thrift.ThriftCLIService: Login attempt is successful for user : null
2024-05-01T14:00:14,139  WARN [main] conf.HiveConf: HiveConf of name hive.dummyparam.test.server.specific.config.override does not exist
2024-05-01T14:00:14,140  WARN [main] conf.HiveConf: HiveConf of name hive.dummyparam.test.server.specific.config.hiveserver2site does not exist
2024-05-01T14:00:14,140  WARN [main] conf.HiveConf: HiveConf of name hive.dummyparam.test.server.specific.config.metastoresite does not exist
2024-05-01T14:00:14,140  INFO [fd25e0c8-fd3d-47db-98be-c36e87338e4d main] session.HiveSessionImpl: executing set
2024-05-01T14:00:14,142  INFO [fd25e0c8-fd3d-47db-98be-c36e87338e4d main] operation.HiveCommandOperation: Putting temp output to file /home/alex/Repositories/hive/beeline/target/tmp/alex/fd25e0c8-fd3d-47db-98be-c36e87338e4d3257739230344274705.pipeout and error output to file /home/alex/Repositories/hive/beeline/target/tmp/alex/fd25e0c8-fd3d-47db-98be-c36e87338e4d4503141716221035927.pipeout
2024-05-01T14:00:14,142  INFO [fd25e0c8-fd3d-47db-98be-c36e87338e4d main] operation.OperationManager: Adding operation: OperationHandle [opType=EXECUTE_STATEMENT, getHandleIdentifier()=0b5721a2-a0bc-4187-8485-8943fa221139] SessionHandle [fd25e0c8-fd3d-47db-98be-c36e87338e4d]
2024-05-01T14:00:14,142  INFO [fd25e0c8-fd3d-47db-98be-c36e87338e4d main] common.LogUtils: Thread context registration is done.
DEBUG StatusLogger Building Plugin[name=filter, class=org.apache.hadoop.hive.ql.log.LogDivertAppender$NameFilter].
DEBUG StatusLogger createFilter(loggingLevel="EXECUTION")
DEBUG StatusLogger Building Plugin[name=layout, class=org.apache.logging.log4j.core.layout.PatternLayout].
DEBUG StatusLogger PatternLayout$Builder(pattern="%-5p : %m%n", PatternSelector=null, Configuration(HiveLog4j2Test), Replace=null, charset="null", alwaysWriteExceptions="null", disableAnsi="null", noConsoleNoAnsi="null", header="null", footer="null")
DEBUG StatusLogger Building Plugin[name=appender, class=org.apache.hadoop.hive.ql.log.HushableRandomAccessFileAppender].
DEBUG StatusLogger createAppender(fileName="/home/alex/Repositories/hive/beeline/target/tmp/alex/operation_logs/fd25e0c8-fd3d-47db-98be-c36e87338e4d/alex_20240501140014_80859662-9bfa-4f07-86f9-2b5551ffc418", append="null", name="query-file-appender", immediateFlush="null", bufferSize="null", ignoreExceptions="null", PatternLayout(org.apache.logging.log4j.core.layout.PatternLayout with name PatternLayout), NameFilter(org.apache.hadoop.hive.ql.log.LogDivertAppender$NameFilter with name NameFilter), advertise="null", advertiseURI="null", Configuration(HiveLog4j2Test))
DEBUG StatusLogger Starting RandomAccessFileManager /home/alex/Repositories/hive/beeline/target/tmp/alex/operation_logs/fd25e0c8-fd3d-47db-98be-c36e87338e4d/alex_20240501140014_80859662-9bfa-4f07-86f9-2b5551ffc418
DEBUG StatusLogger Building Plugin[name=, class=org.apache.hadoop.hive.ql.log.LogDivertAppenderForTest$TestFilter].
DEBUG StatusLogger createFilter()
DEBUG StatusLogger Building Plugin[name=, class=org.apache.logging.log4j.core.layout.PatternLayout].
DEBUG StatusLogger PatternLayout$Builder(pattern="%-5p : %m%n", PatternSelector=null, Configuration(HiveLog4j2Test), Replace=null, charset="null", alwaysWriteExceptions="null", disableAnsi="null", noConsoleNoAnsi="null", header="null", footer="null")
DEBUG StatusLogger Building Plugin[name=appender, class=org.apache.hadoop.hive.ql.log.HushableRandomAccessFileAppender].
DEBUG StatusLogger createAppender(fileName="/home/alex/Repositories/hive/beeline/target/tmp/alex/operation_logs/fd25e0c8-fd3d-47db-98be-c36e87338e4d/alex_20240501140014_80859662-9bfa-4f07-86f9-2b5551ffc418.test", append="null", name="test-query-file-appender", immediateFlush="null", bufferSize="null", ignoreExceptions="null", PatternLayout(org.apache.logging.log4j.core.layout.PatternLayout with name PatternLayout), test-filter(org.apache.hadoop.hive.ql.log.LogDivertAppenderForTest$TestFilter with name test-filter), advertise="null", advertiseURI="null", Configuration(HiveLog4j2Test))
DEBUG StatusLogger Starting RandomAccessFileManager /home/alex/Repositories/hive/beeline/target/tmp/alex/operation_logs/fd25e0c8-fd3d-47db-98be-c36e87338e4d/alex_20240501140014_80859662-9bfa-4f07-86f9-2b5551ffc418.test
2024-05-01T14:00:14,146  INFO [fd25e0c8-fd3d-47db-98be-c36e87338e4d main] operation.HiveCommandOperation: [opType=EXECUTE_STATEMENT, queryId=alex_20240501140014_80859662-9bfa-4f07-86f9-2b5551ffc418, startTime=1714597214141, sessionId=fd25e0c8-fd3d-47db-98be-c36e87338e4d, createTime=1714597213996, userName=null, ipAddress=null]
2024-05-01T14:00:14,154  INFO [fd25e0c8-fd3d-47db-98be-c36e87338e4d main] common.LogUtils: Unregistered logging context.
2024-05-01T14:00:14,158  INFO [fd25e0c8-fd3d-47db-98be-c36e87338e4d main] operation.OperationManager: Closing operation: OperationHandle [opType=EXECUTE_STATEMENT, getHandleIdentifier()=0b5721a2-a0bc-4187-8485-8943fa221139]
2024-05-01T14:00:14,158  INFO [fd25e0c8-fd3d-47db-98be-c36e87338e4d main] operation.OperationManager: Removed queryId: alex_20240501140014_80859662-9bfa-4f07-86f9-2b5551ffc418 corresponding to operation: OperationHandle [opType=EXECUTE_STATEMENT, getHandleIdentifier()=0b5721a2-a0bc-4187-8485-8943fa221139] with tag: null
2024-05-01T14:00:14,160  INFO [fd25e0c8-fd3d-47db-98be-c36e87338e4d main] operation.HiveCommandOperation: Closing operation log /home/alex/Repositories/hive/beeline/target/tmp/alex/operation_logs/fd25e0c8-fd3d-47db-98be-c36e87338e4d/alex_20240501140014_80859662-9bfa-4f07-86f9-2b5551ffc418 without delay
2024-05-01T14:00:14,162  INFO [fd25e0c8-fd3d-47db-98be-c36e87338e4d main] session.HiveSessionImpl: executing use test
2024-05-01T14:00:14,163  INFO [fd25e0c8-fd3d-47db-98be-c36e87338e4d main] operation.OperationManager: Adding operation: OperationHandle [opType=EXECUTE_STATEMENT, getHandleIdentifier()=4577d127-cdd9-483d-949e-89164b343fb0] SessionHandle [fd25e0c8-fd3d-47db-98be-c36e87338e4d]
2024-05-01T14:00:14,163  INFO [fd25e0c8-fd3d-47db-98be-c36e87338e4d main] common.LogUtils: Thread context registration is done.
DEBUG StatusLogger Building Plugin[name=filter, class=org.apache.hadoop.hive.ql.log.LogDivertAppender$NameFilter].
DEBUG StatusLogger createFilter(loggingLevel="EXECUTION")
DEBUG StatusLogger Building Plugin[name=layout, class=org.apache.logging.log4j.core.layout.PatternLayout].
DEBUG StatusLogger PatternLayout$Builder(pattern="%-5p : %m%n", PatternSelector=null, Configuration(HiveLog4j2Test), Replace=null, charset="null", alwaysWriteExceptions="null", disableAnsi="null", noConsoleNoAnsi="null", header="null", footer="null")
DEBUG StatusLogger Building Plugin[name=appender, class=org.apache.hadoop.hive.ql.log.HushableRandomAccessFileAppender].
DEBUG StatusLogger createAppender(fileName="/home/alex/Repositories/hive/beeline/target/tmp/alex/operation_logs/fd25e0c8-fd3d-47db-98be-c36e87338e4d/alex_20240501140014_e564acf9-9881-4ea5-b0b4-95e910a46db5", append="null", name="query-file-appender", immediateFlush="null", bufferSize="null", ignoreExceptions="null", PatternLayout(org.apache.logging.log4j.core.layout.PatternLayout with name PatternLayout), NameFilter(org.apache.hadoop.hive.ql.log.LogDivertAppender$NameFilter with name NameFilter), advertise="null", advertiseURI="null", Configuration(HiveLog4j2Test))
DEBUG StatusLogger Starting RandomAccessFileManager /home/alex/Repositories/hive/beeline/target/tmp/alex/operation_logs/fd25e0c8-fd3d-47db-98be-c36e87338e4d/alex_20240501140014_e564acf9-9881-4ea5-b0b4-95e910a46db5
DEBUG StatusLogger Building Plugin[name=, class=org.apache.hadoop.hive.ql.log.LogDivertAppenderForTest$TestFilter].
DEBUG StatusLogger createFilter()
DEBUG StatusLogger Building Plugin[name=, class=org.apache.logging.log4j.core.layout.PatternLayout].
DEBUG StatusLogger PatternLayout$Builder(pattern="%-5p : %m%n", PatternSelector=null, Configuration(HiveLog4j2Test), Replace=null, charset="null", alwaysWriteExceptions="null", disableAnsi="null", noConsoleNoAnsi="null", header="null", footer="null")
DEBUG StatusLogger Building Plugin[name=appender, class=org.apache.hadoop.hive.ql.log.HushableRandomAccessFileAppender].
DEBUG StatusLogger createAppender(fileName="/home/alex/Repositories/hive/beeline/target/tmp/alex/operation_logs/fd25e0c8-fd3d-47db-98be-c36e87338e4d/alex_20240501140014_e564acf9-9881-4ea5-b0b4-95e910a46db5.test", append="null", name="test-query-file-appender", immediateFlush="null", bufferSize="null", ignoreExceptions="null", PatternLayout(org.apache.logging.log4j.core.layout.PatternLayout with name PatternLayout), test-filter(org.apache.hadoop.hive.ql.log.LogDivertAppenderForTest$TestFilter with name test-filter), advertise="null", advertiseURI="null", Configuration(HiveLog4j2Test))
DEBUG StatusLogger Starting RandomAccessFileManager /home/alex/Repositories/hive/beeline/target/tmp/alex/operation_logs/fd25e0c8-fd3d-47db-98be-c36e87338e4d/alex_20240501140014_e564acf9-9881-4ea5-b0b4-95e910a46db5.test
2024-05-01T14:00:14,167  INFO [fd25e0c8-fd3d-47db-98be-c36e87338e4d main] operation.SQLOperation: [opType=EXECUTE_STATEMENT, queryId=alex_20240501140014_e564acf9-9881-4ea5-b0b4-95e910a46db5, startTime=1714597214163, sessionId=fd25e0c8-fd3d-47db-98be-c36e87338e4d, createTime=1714597213996, userName=null, ipAddress=null]
2024-05-01T14:00:14,167  INFO [fd25e0c8-fd3d-47db-98be-c36e87338e4d main] ql.Driver: Compiling command(queryId=alex_20240501140014_e564acf9-9881-4ea5-b0b4-95e910a46db5): use test
2024-05-01T14:00:14,168  INFO [fd25e0c8-fd3d-47db-98be-c36e87338e4d main] metastore.HiveMetaStoreClient: HMS client filtering is enabled.
2024-05-01T14:00:14,169  INFO [fd25e0c8-fd3d-47db-98be-c36e87338e4d main] metastore.HMSHandler: 0: Opening raw store with implementation class:org.apache.hadoop.hive.metastore.ObjectStore
2024-05-01T14:00:14,169  INFO [fd25e0c8-fd3d-47db-98be-c36e87338e4d main] metastore.PersistenceManagerProvider: Configuration datanucleus.autoStartMechanismMode is not set. Defaulting to 'ignored'
2024-05-01T14:00:14,170  INFO [fd25e0c8-fd3d-47db-98be-c36e87338e4d main] metastore.ObjectStore: RawStore: org.apache.hadoop.hive.metastore.ObjectStore@1cfa7ee0, with PersistenceManager: null will be shutdown
2024-05-01T14:00:14,170  INFO [fd25e0c8-fd3d-47db-98be-c36e87338e4d main] metastore.ObjectStore: RawStore: org.apache.hadoop.hive.metastore.ObjectStore@1cfa7ee0, with PersistenceManager: org.datanucleus.api.jdo.JDOPersistenceManager@612290d created in the thread with id: 1
2024-05-01T14:00:14,172  INFO [fd25e0c8-fd3d-47db-98be-c36e87338e4d main] metastore.HMSHandler: Created RawStore: org.apache.hadoop.hive.metastore.ObjectStore@1cfa7ee0 from thread id: 1
2024-05-01T14:00:14,172  INFO [fd25e0c8-fd3d-47db-98be-c36e87338e4d main] metastore.HMSHandler: HMS server filtering is disabled by configuration
2024-05-01T14:00:14,172  INFO [fd25e0c8-fd3d-47db-98be-c36e87338e4d main] metastore.RetryingMetaStoreClient: RetryingMetaStoreClient proxy=class org.apache.hadoop.hive.ql.metadata.SessionHiveMetaStoreClient ugi=alex (auth:SIMPLE) retries=1 delay=1 lifetime=0
2024-05-01T14:00:14,173  INFO [fd25e0c8-fd3d-47db-98be-c36e87338e4d main] HiveMetaStore.audit: ugi=alex	ip=unknown-ip-addr	cmd=get_database: test	
2024-05-01T14:00:14,175  INFO [fd25e0c8-fd3d-47db-98be-c36e87338e4d main] ql.Driver: Semantic Analysis Completed (retrial = false)
2024-05-01T14:00:14,176  INFO [fd25e0c8-fd3d-47db-98be-c36e87338e4d main] ql.Driver: Created Hive schema: Schema(fieldSchemas:null, properties:null)
2024-05-01T14:00:14,176  INFO [fd25e0c8-fd3d-47db-98be-c36e87338e4d main] metadata.Hive: Dumping metastore api call timing information for : compilation phase
2024-05-01T14:00:14,176  INFO [fd25e0c8-fd3d-47db-98be-c36e87338e4d main] metadata.Hive: Total time spent in each metastore function (ms): {isCompatibleWith_(Configuration)=0, getDatabase_(String)=2, flushCache_()=0}
2024-05-01T14:00:14,176  INFO [fd25e0c8-fd3d-47db-98be-c36e87338e4d main] ql.Driver: Completed compiling command(queryId=alex_20240501140014_e564acf9-9881-4ea5-b0b4-95e910a46db5); Time taken: 0.009 seconds
2024-05-01T14:00:14,176  INFO [fd25e0c8-fd3d-47db-98be-c36e87338e4d main] common.LogUtils: Unregistered logging context.
2024-05-01T14:00:14,177  INFO [HiveServer2-Background-Pool: Thread-637] common.LogUtils: Thread context registration is done.
2024-05-01T14:00:14,178  INFO [HiveServer2-Background-Pool: Thread-637] reexec.ReExecDriver: Execution #1 of query
2024-05-01T14:00:14,178  INFO [HiveServer2-Background-Pool: Thread-637] ql.Driver: Concurrency mode is disabled, not creating a lock manager
2024-05-01T14:00:14,179  INFO [HiveServer2-Background-Pool: Thread-637] ql.Driver: Executing command(queryId=alex_20240501140014_e564acf9-9881-4ea5-b0b4-95e910a46db5): use test
2024-05-01T14:00:14,179  INFO [HiveServer2-Background-Pool: Thread-637] ql.Driver: Starting task [Stage-0:DDL] in serial mode
2024-05-01T14:00:14,181  INFO [HiveServer2-Background-Pool: Thread-637] HiveMetaStore.audit: ugi=alex	ip=unknown-ip-addr	cmd=get_database: test	
2024-05-01T14:00:14,181  INFO [HiveServer2-Background-Pool: Thread-637] metastore.HMSHandler: 28: Opening raw store with implementation class:org.apache.hadoop.hive.metastore.ObjectStore
2024-05-01T14:00:14,182  INFO [HiveServer2-Background-Pool: Thread-637] metastore.ObjectStore: RawStore: org.apache.hadoop.hive.metastore.ObjectStore@45640e1a, with PersistenceManager: null will be shutdown
2024-05-01T14:00:14,182  INFO [HiveServer2-Background-Pool: Thread-637] metastore.ObjectStore: RawStore: org.apache.hadoop.hive.metastore.ObjectStore@45640e1a, with PersistenceManager: org.datanucleus.api.jdo.JDOPersistenceManager@6688d2 created in the thread with id: 637
2024-05-01T14:00:14,185  INFO [HiveServer2-Background-Pool: Thread-637] metastore.HMSHandler: Created RawStore: org.apache.hadoop.hive.metastore.ObjectStore@45640e1a from thread id: 637
2024-05-01T14:00:14,186  INFO [HiveServer2-Background-Pool: Thread-637] HiveMetaStore.audit: ugi=alex	ip=unknown-ip-addr	cmd=get_database: test	
2024-05-01T14:00:14,187  INFO [HiveServer2-Background-Pool: Thread-637] metadata.Hive: Dumping metastore api call timing information for : execution phase
2024-05-01T14:00:14,187  INFO [HiveServer2-Background-Pool: Thread-637] metadata.Hive: Total time spent in each metastore function (ms): {isCompatibleWith_(Configuration)=0, getDatabase_(String)=7}
2024-05-01T14:00:14,187  INFO [HiveServer2-Background-Pool: Thread-637] ql.Driver: Completed executing command(queryId=alex_20240501140014_e564acf9-9881-4ea5-b0b4-95e910a46db5); Time taken: 0.008 seconds
2024-05-01T14:00:14,187  INFO [HiveServer2-Background-Pool: Thread-637] common.LogUtils: Unregistered logging context.
2024-05-01T14:00:14,196  INFO [fd25e0c8-fd3d-47db-98be-c36e87338e4d main] operation.OperationManager: Closing operation: OperationHandle [opType=EXECUTE_STATEMENT, getHandleIdentifier()=4577d127-cdd9-483d-949e-89164b343fb0]
2024-05-01T14:00:14,196  INFO [fd25e0c8-fd3d-47db-98be-c36e87338e4d main] operation.OperationManager: Removed queryId: alex_20240501140014_e564acf9-9881-4ea5-b0b4-95e910a46db5 corresponding to operation: OperationHandle [opType=EXECUTE_STATEMENT, getHandleIdentifier()=4577d127-cdd9-483d-949e-89164b343fb0] with tag: null
2024-05-01T14:00:14,196  INFO [fd25e0c8-fd3d-47db-98be-c36e87338e4d main] operation.SQLOperation: Closing operation log /home/alex/Repositories/hive/beeline/target/tmp/alex/operation_logs/fd25e0c8-fd3d-47db-98be-c36e87338e4d/alex_20240501140014_e564acf9-9881-4ea5-b0b4-95e910a46db5 without delay
2024-05-01T14:00:14,202  INFO [fd25e0c8-fd3d-47db-98be-c36e87338e4d main] session.HiveSessionImpl: executing set hiveconf:zzz=/home/alex/Repositories/hive/beeline/target/tmp/test3369135461579616211.sql
2024-05-01T14:00:14,203  INFO [fd25e0c8-fd3d-47db-98be-c36e87338e4d main] operation.HiveCommandOperation: Putting temp output to file /home/alex/Repositories/hive/beeline/target/tmp/alex/fd25e0c8-fd3d-47db-98be-c36e87338e4d3257739230344274705.pipeout and error output to file /home/alex/Repositories/hive/beeline/target/tmp/alex/fd25e0c8-fd3d-47db-98be-c36e87338e4d4503141716221035927.pipeout
2024-05-01T14:00:14,203  INFO [fd25e0c8-fd3d-47db-98be-c36e87338e4d main] operation.OperationManager: Adding operation: OperationHandle [opType=EXECUTE_STATEMENT, getHandleIdentifier()=1025f5be-9cd7-4eb7-a815-6a5f96f51e1e] SessionHandle [fd25e0c8-fd3d-47db-98be-c36e87338e4d]
2024-05-01T14:00:14,203  INFO [fd25e0c8-fd3d-47db-98be-c36e87338e4d main] common.LogUtils: Thread context registration is done.
DEBUG StatusLogger Building Plugin[name=filter, class=org.apache.hadoop.hive.ql.log.LogDivertAppender$NameFilter].
DEBUG StatusLogger createFilter(loggingLevel="EXECUTION")
DEBUG StatusLogger Building Plugin[name=layout, class=org.apache.logging.log4j.core.layout.PatternLayout].
DEBUG StatusLogger PatternLayout$Builder(pattern="%-5p : %m%n", PatternSelector=null, Configuration(HiveLog4j2Test), Replace=null, charset="null", alwaysWriteExceptions="null", disableAnsi="null", noConsoleNoAnsi="null", header="null", footer="null")
DEBUG StatusLogger Building Plugin[name=appender, class=org.apache.hadoop.hive.ql.log.HushableRandomAccessFileAppender].
DEBUG StatusLogger createAppender(fileName="/home/alex/Repositories/hive/beeline/target/tmp/alex/operation_logs/fd25e0c8-fd3d-47db-98be-c36e87338e4d/alex_20240501140014_ed9cc8d7-0e62-477b-9e58-2b9ac9da0f68", append="null", name="query-file-appender", immediateFlush="null", bufferSize="null", ignoreExceptions="null", PatternLayout(org.apache.logging.log4j.core.layout.PatternLayout with name PatternLayout), NameFilter(org.apache.hadoop.hive.ql.log.LogDivertAppender$NameFilter with name NameFilter), advertise="null", advertiseURI="null", Configuration(HiveLog4j2Test))
DEBUG StatusLogger Starting RandomAccessFileManager /home/alex/Repositories/hive/beeline/target/tmp/alex/operation_logs/fd25e0c8-fd3d-47db-98be-c36e87338e4d/alex_20240501140014_ed9cc8d7-0e62-477b-9e58-2b9ac9da0f68
DEBUG StatusLogger Building Plugin[name=, class=org.apache.hadoop.hive.ql.log.LogDivertAppenderForTest$TestFilter].
DEBUG StatusLogger createFilter()
DEBUG StatusLogger Building Plugin[name=, class=org.apache.logging.log4j.core.layout.PatternLayout].
DEBUG StatusLogger PatternLayout$Builder(pattern="%-5p : %m%n", PatternSelector=null, Configuration(HiveLog4j2Test), Replace=null, charset="null", alwaysWriteExceptions="null", disableAnsi="null", noConsoleNoAnsi="null", header="null", footer="null")
DEBUG StatusLogger Building Plugin[name=appender, class=org.apache.hadoop.hive.ql.log.HushableRandomAccessFileAppender].
DEBUG StatusLogger createAppender(fileName="/home/alex/Repositories/hive/beeline/target/tmp/alex/operation_logs/fd25e0c8-fd3d-47db-98be-c36e87338e4d/alex_20240501140014_ed9cc8d7-0e62-477b-9e58-2b9ac9da0f68.test", append="null", name="test-query-file-appender", immediateFlush="null", bufferSize="null", ignoreExceptions="null", PatternLayout(org.apache.logging.log4j.core.layout.PatternLayout with name PatternLayout), test-filter(org.apache.hadoop.hive.ql.log.LogDivertAppenderForTest$TestFilter with name test-filter), advertise="null", advertiseURI="null", Configuration(HiveLog4j2Test))
DEBUG StatusLogger Starting RandomAccessFileManager /home/alex/Repositories/hive/beeline/target/tmp/alex/operation_logs/fd25e0c8-fd3d-47db-98be-c36e87338e4d/alex_20240501140014_ed9cc8d7-0e62-477b-9e58-2b9ac9da0f68.test
2024-05-01T14:00:14,210  INFO [fd25e0c8-fd3d-47db-98be-c36e87338e4d main] operation.HiveCommandOperation: [opType=EXECUTE_STATEMENT, queryId=alex_20240501140014_ed9cc8d7-0e62-477b-9e58-2b9ac9da0f68, startTime=1714597214203, sessionId=fd25e0c8-fd3d-47db-98be-c36e87338e4d, createTime=1714597213996, userName=null, ipAddress=null]
2024-05-01T14:00:14,210  INFO [fd25e0c8-fd3d-47db-98be-c36e87338e4d main] common.LogUtils: Unregistered logging context.
2024-05-01T14:00:14,213  INFO [fd25e0c8-fd3d-47db-98be-c36e87338e4d main] operation.OperationManager: Closing operation: OperationHandle [opType=EXECUTE_STATEMENT, getHandleIdentifier()=1025f5be-9cd7-4eb7-a815-6a5f96f51e1e]
2024-05-01T14:00:14,213  INFO [fd25e0c8-fd3d-47db-98be-c36e87338e4d main] operation.OperationManager: Removed queryId: alex_20240501140014_ed9cc8d7-0e62-477b-9e58-2b9ac9da0f68 corresponding to operation: OperationHandle [opType=EXECUTE_STATEMENT, getHandleIdentifier()=1025f5be-9cd7-4eb7-a815-6a5f96f51e1e] with tag: null
2024-05-01T14:00:14,213  INFO [fd25e0c8-fd3d-47db-98be-c36e87338e4d main] operation.HiveCommandOperation: Closing operation log /home/alex/Repositories/hive/beeline/target/tmp/alex/operation_logs/fd25e0c8-fd3d-47db-98be-c36e87338e4d/alex_20240501140014_ed9cc8d7-0e62-477b-9e58-2b9ac9da0f68 without delay
2024-05-01T14:00:14,281  WARN [main] conf.HiveConf: HiveConf of name hive.dummyparam.test.server.specific.config.override does not exist
2024-05-01T14:00:14,281  WARN [main] conf.HiveConf: HiveConf of name hive.dummyparam.test.server.specific.config.hiveserver2site does not exist
2024-05-01T14:00:14,281  WARN [main] conf.HiveConf: HiveConf of name hive.dummyparam.test.server.specific.config.metastoresite does not exist
2024-05-01T14:00:14,282  INFO [fd25e0c8-fd3d-47db-98be-c36e87338e4d main] session.HiveSessionImpl: executing set
2024-05-01T14:00:14,282  INFO [fd25e0c8-fd3d-47db-98be-c36e87338e4d main] operation.HiveCommandOperation: Putting temp output to file /home/alex/Repositories/hive/beeline/target/tmp/alex/fd25e0c8-fd3d-47db-98be-c36e87338e4d3257739230344274705.pipeout and error output to file /home/alex/Repositories/hive/beeline/target/tmp/alex/fd25e0c8-fd3d-47db-98be-c36e87338e4d4503141716221035927.pipeout
2024-05-01T14:00:14,283  INFO [fd25e0c8-fd3d-47db-98be-c36e87338e4d main] operation.OperationManager: Adding operation: OperationHandle [opType=EXECUTE_STATEMENT, getHandleIdentifier()=c66bcde4-f80a-4a4b-a8cf-e5193782dd25] SessionHandle [fd25e0c8-fd3d-47db-98be-c36e87338e4d]
2024-05-01T14:00:14,283  INFO [fd25e0c8-fd3d-47db-98be-c36e87338e4d main] common.LogUtils: Thread context registration is done.
DEBUG StatusLogger Building Plugin[name=filter, class=org.apache.hadoop.hive.ql.log.LogDivertAppender$NameFilter].
DEBUG StatusLogger createFilter(loggingLevel="EXECUTION")
DEBUG StatusLogger Building Plugin[name=layout, class=org.apache.logging.log4j.core.layout.PatternLayout].
DEBUG StatusLogger PatternLayout$Builder(pattern="%-5p : %m%n", PatternSelector=null, Configuration(HiveLog4j2Test), Replace=null, charset="null", alwaysWriteExceptions="null", disableAnsi="null", noConsoleNoAnsi="null", header="null", footer="null")
DEBUG StatusLogger Building Plugin[name=appender, class=org.apache.hadoop.hive.ql.log.HushableRandomAccessFileAppender].
DEBUG StatusLogger createAppender(fileName="/home/alex/Repositories/hive/beeline/target/tmp/alex/operation_logs/fd25e0c8-fd3d-47db-98be-c36e87338e4d/alex_20240501140014_c60db3cc-06e9-4a16-9823-0372e194d92c", append="null", name="query-file-appender", immediateFlush="null", bufferSize="null", ignoreExceptions="null", PatternLayout(org.apache.logging.log4j.core.layout.PatternLayout with name PatternLayout), NameFilter(org.apache.hadoop.hive.ql.log.LogDivertAppender$NameFilter with name NameFilter), advertise="null", advertiseURI="null", Configuration(HiveLog4j2Test))
DEBUG StatusLogger Starting RandomAccessFileManager /home/alex/Repositories/hive/beeline/target/tmp/alex/operation_logs/fd25e0c8-fd3d-47db-98be-c36e87338e4d/alex_20240501140014_c60db3cc-06e9-4a16-9823-0372e194d92c
DEBUG StatusLogger Building Plugin[name=, class=org.apache.hadoop.hive.ql.log.LogDivertAppenderForTest$TestFilter].
DEBUG StatusLogger createFilter()
DEBUG StatusLogger Building Plugin[name=, class=org.apache.logging.log4j.core.layout.PatternLayout].
DEBUG StatusLogger PatternLayout$Builder(pattern="%-5p : %m%n", PatternSelector=null, Configuration(HiveLog4j2Test), Replace=null, charset="null", alwaysWriteExceptions="null", disableAnsi="null", noConsoleNoAnsi="null", header="null", footer="null")
DEBUG StatusLogger Building Plugin[name=appender, class=org.apache.hadoop.hive.ql.log.HushableRandomAccessFileAppender].
DEBUG StatusLogger createAppender(fileName="/home/alex/Repositories/hive/beeline/target/tmp/alex/operation_logs/fd25e0c8-fd3d-47db-98be-c36e87338e4d/alex_20240501140014_c60db3cc-06e9-4a16-9823-0372e194d92c.test", append="null", name="test-query-file-appender", immediateFlush="null", bufferSize="null", ignoreExceptions="null", PatternLayout(org.apache.logging.log4j.core.layout.PatternLayout with name PatternLayout), test-filter(org.apache.hadoop.hive.ql.log.LogDivertAppenderForTest$TestFilter with name test-filter), advertise="null", advertiseURI="null", Configuration(HiveLog4j2Test))
DEBUG StatusLogger Starting RandomAccessFileManager /home/alex/Repositories/hive/beeline/target/tmp/alex/operation_logs/fd25e0c8-fd3d-47db-98be-c36e87338e4d/alex_20240501140014_c60db3cc-06e9-4a16-9823-0372e194d92c.test
2024-05-01T14:00:14,286  INFO [fd25e0c8-fd3d-47db-98be-c36e87338e4d main] operation.HiveCommandOperation: [opType=EXECUTE_STATEMENT, queryId=alex_20240501140014_c60db3cc-06e9-4a16-9823-0372e194d92c, startTime=1714597214282, sessionId=fd25e0c8-fd3d-47db-98be-c36e87338e4d, createTime=1714597213996, userName=null, ipAddress=null]
2024-05-01T14:00:14,296  INFO [fd25e0c8-fd3d-47db-98be-c36e87338e4d main] common.LogUtils: Unregistered logging context.
2024-05-01T14:00:14,300  INFO [fd25e0c8-fd3d-47db-98be-c36e87338e4d main] operation.OperationManager: Closing operation: OperationHandle [opType=EXECUTE_STATEMENT, getHandleIdentifier()=c66bcde4-f80a-4a4b-a8cf-e5193782dd25]
2024-05-01T14:00:14,300  INFO [fd25e0c8-fd3d-47db-98be-c36e87338e4d main] operation.OperationManager: Removed queryId: alex_20240501140014_c60db3cc-06e9-4a16-9823-0372e194d92c corresponding to operation: OperationHandle [opType=EXECUTE_STATEMENT, getHandleIdentifier()=c66bcde4-f80a-4a4b-a8cf-e5193782dd25] with tag: null
2024-05-01T14:00:14,300  INFO [fd25e0c8-fd3d-47db-98be-c36e87338e4d main] operation.HiveCommandOperation: Closing operation log /home/alex/Repositories/hive/beeline/target/tmp/alex/operation_logs/fd25e0c8-fd3d-47db-98be-c36e87338e4d/alex_20240501140014_c60db3cc-06e9-4a16-9823-0372e194d92c without delay
2024-05-01T14:00:14,366  WARN [main] conf.HiveConf: HiveConf of name hive.dummyparam.test.server.specific.config.override does not exist
2024-05-01T14:00:14,366  WARN [main] conf.HiveConf: HiveConf of name hive.dummyparam.test.server.specific.config.hiveserver2site does not exist
2024-05-01T14:00:14,366  WARN [main] conf.HiveConf: HiveConf of name hive.dummyparam.test.server.specific.config.metastoresite does not exist
2024-05-01T14:00:14,367  INFO [fd25e0c8-fd3d-47db-98be-c36e87338e4d main] session.HiveSessionImpl: executing set
2024-05-01T14:00:14,367  INFO [fd25e0c8-fd3d-47db-98be-c36e87338e4d main] operation.HiveCommandOperation: Putting temp output to file /home/alex/Repositories/hive/beeline/target/tmp/alex/fd25e0c8-fd3d-47db-98be-c36e87338e4d3257739230344274705.pipeout and error output to file /home/alex/Repositories/hive/beeline/target/tmp/alex/fd25e0c8-fd3d-47db-98be-c36e87338e4d4503141716221035927.pipeout
2024-05-01T14:00:14,367  INFO [fd25e0c8-fd3d-47db-98be-c36e87338e4d main] operation.OperationManager: Adding operation: OperationHandle [opType=EXECUTE_STATEMENT, getHandleIdentifier()=985f9aac-a046-4b97-8b1f-de94c0c01150] SessionHandle [fd25e0c8-fd3d-47db-98be-c36e87338e4d]
2024-05-01T14:00:14,367  INFO [fd25e0c8-fd3d-47db-98be-c36e87338e4d main] common.LogUtils: Thread context registration is done.
DEBUG StatusLogger Building Plugin[name=filter, class=org.apache.hadoop.hive.ql.log.LogDivertAppender$NameFilter].
DEBUG StatusLogger createFilter(loggingLevel="EXECUTION")
DEBUG StatusLogger Building Plugin[name=layout, class=org.apache.logging.log4j.core.layout.PatternLayout].
DEBUG StatusLogger PatternLayout$Builder(pattern="%-5p : %m%n", PatternSelector=null, Configuration(HiveLog4j2Test), Replace=null, charset="null", alwaysWriteExceptions="null", disableAnsi="null", noConsoleNoAnsi="null", header="null", footer="null")
DEBUG StatusLogger Building Plugin[name=appender, class=org.apache.hadoop.hive.ql.log.HushableRandomAccessFileAppender].
DEBUG StatusLogger createAppender(fileName="/home/alex/Repositories/hive/beeline/target/tmp/alex/operation_logs/fd25e0c8-fd3d-47db-98be-c36e87338e4d/alex_20240501140014_024f0350-3446-4078-a4a2-528439411704", append="null", name="query-file-appender", immediateFlush="null", bufferSize="null", ignoreExceptions="null", PatternLayout(org.apache.logging.log4j.core.layout.PatternLayout with name PatternLayout), NameFilter(org.apache.hadoop.hive.ql.log.LogDivertAppender$NameFilter with name NameFilter), advertise="null", advertiseURI="null", Configuration(HiveLog4j2Test))
DEBUG StatusLogger Starting RandomAccessFileManager /home/alex/Repositories/hive/beeline/target/tmp/alex/operation_logs/fd25e0c8-fd3d-47db-98be-c36e87338e4d/alex_20240501140014_024f0350-3446-4078-a4a2-528439411704
DEBUG StatusLogger Building Plugin[name=, class=org.apache.hadoop.hive.ql.log.LogDivertAppenderForTest$TestFilter].
DEBUG StatusLogger createFilter()
DEBUG StatusLogger Building Plugin[name=, class=org.apache.logging.log4j.core.layout.PatternLayout].
DEBUG StatusLogger PatternLayout$Builder(pattern="%-5p : %m%n", PatternSelector=null, Configuration(HiveLog4j2Test), Replace=null, charset="null", alwaysWriteExceptions="null", disableAnsi="null", noConsoleNoAnsi="null", header="null", footer="null")
DEBUG StatusLogger Building Plugin[name=appender, class=org.apache.hadoop.hive.ql.log.HushableRandomAccessFileAppender].
DEBUG StatusLogger createAppender(fileName="/home/alex/Repositories/hive/beeline/target/tmp/alex/operation_logs/fd25e0c8-fd3d-47db-98be-c36e87338e4d/alex_20240501140014_024f0350-3446-4078-a4a2-528439411704.test", append="null", name="test-query-file-appender", immediateFlush="null", bufferSize="null", ignoreExceptions="null", PatternLayout(org.apache.logging.log4j.core.layout.PatternLayout with name PatternLayout), test-filter(org.apache.hadoop.hive.ql.log.LogDivertAppenderForTest$TestFilter with name test-filter), advertise="null", advertiseURI="null", Configuration(HiveLog4j2Test))
DEBUG StatusLogger Starting RandomAccessFileManager /home/alex/Repositories/hive/beeline/target/tmp/alex/operation_logs/fd25e0c8-fd3d-47db-98be-c36e87338e4d/alex_20240501140014_024f0350-3446-4078-a4a2-528439411704.test
2024-05-01T14:00:14,371  INFO [fd25e0c8-fd3d-47db-98be-c36e87338e4d main] operation.HiveCommandOperation: [opType=EXECUTE_STATEMENT, queryId=alex_20240501140014_024f0350-3446-4078-a4a2-528439411704, startTime=1714597214367, sessionId=fd25e0c8-fd3d-47db-98be-c36e87338e4d, createTime=1714597213996, userName=null, ipAddress=null]
2024-05-01T14:00:14,382  INFO [fd25e0c8-fd3d-47db-98be-c36e87338e4d main] common.LogUtils: Unregistered logging context.
2024-05-01T14:00:14,386  INFO [fd25e0c8-fd3d-47db-98be-c36e87338e4d main] operation.OperationManager: Closing operation: OperationHandle [opType=EXECUTE_STATEMENT, getHandleIdentifier()=985f9aac-a046-4b97-8b1f-de94c0c01150]
2024-05-01T14:00:14,386  INFO [fd25e0c8-fd3d-47db-98be-c36e87338e4d main] operation.OperationManager: Removed queryId: alex_20240501140014_024f0350-3446-4078-a4a2-528439411704 corresponding to operation: OperationHandle [opType=EXECUTE_STATEMENT, getHandleIdentifier()=985f9aac-a046-4b97-8b1f-de94c0c01150] with tag: null
2024-05-01T14:00:14,386  INFO [fd25e0c8-fd3d-47db-98be-c36e87338e4d main] operation.HiveCommandOperation: Closing operation log /home/alex/Repositories/hive/beeline/target/tmp/alex/operation_logs/fd25e0c8-fd3d-47db-98be-c36e87338e4d/alex_20240501140014_024f0350-3446-4078-a4a2-528439411704 without delay
2024-05-01T14:00:14,388  INFO [fd25e0c8-fd3d-47db-98be-c36e87338e4d main] session.HiveSessionImpl: executing create table if not exists test.testSrcTbl2(sc2 string)
2024-05-01T14:00:14,388  INFO [fd25e0c8-fd3d-47db-98be-c36e87338e4d main] operation.OperationManager: Adding operation: OperationHandle [opType=EXECUTE_STATEMENT, getHandleIdentifier()=8b35dcfa-c583-4bcb-8d29-5156f8ec35e6] SessionHandle [fd25e0c8-fd3d-47db-98be-c36e87338e4d]
2024-05-01T14:00:14,388  INFO [fd25e0c8-fd3d-47db-98be-c36e87338e4d main] common.LogUtils: Thread context registration is done.
DEBUG StatusLogger Building Plugin[name=filter, class=org.apache.hadoop.hive.ql.log.LogDivertAppender$NameFilter].
DEBUG StatusLogger createFilter(loggingLevel="EXECUTION")
DEBUG StatusLogger Building Plugin[name=layout, class=org.apache.logging.log4j.core.layout.PatternLayout].
DEBUG StatusLogger PatternLayout$Builder(pattern="%-5p : %m%n", PatternSelector=null, Configuration(HiveLog4j2Test), Replace=null, charset="null", alwaysWriteExceptions="null", disableAnsi="null", noConsoleNoAnsi="null", header="null", footer="null")
DEBUG StatusLogger Building Plugin[name=appender, class=org.apache.hadoop.hive.ql.log.HushableRandomAccessFileAppender].
DEBUG StatusLogger createAppender(fileName="/home/alex/Repositories/hive/beeline/target/tmp/alex/operation_logs/fd25e0c8-fd3d-47db-98be-c36e87338e4d/alex_20240501140014_0e7b7cce-e74e-4cae-a032-bad3e47627b6", append="null", name="query-file-appender", immediateFlush="null", bufferSize="null", ignoreExceptions="null", PatternLayout(org.apache.logging.log4j.core.layout.PatternLayout with name PatternLayout), NameFilter(org.apache.hadoop.hive.ql.log.LogDivertAppender$NameFilter with name NameFilter), advertise="null", advertiseURI="null", Configuration(HiveLog4j2Test))
DEBUG StatusLogger Starting RandomAccessFileManager /home/alex/Repositories/hive/beeline/target/tmp/alex/operation_logs/fd25e0c8-fd3d-47db-98be-c36e87338e4d/alex_20240501140014_0e7b7cce-e74e-4cae-a032-bad3e47627b6
DEBUG StatusLogger Building Plugin[name=, class=org.apache.hadoop.hive.ql.log.LogDivertAppenderForTest$TestFilter].
DEBUG StatusLogger createFilter()
DEBUG StatusLogger Building Plugin[name=, class=org.apache.logging.log4j.core.layout.PatternLayout].
DEBUG StatusLogger PatternLayout$Builder(pattern="%-5p : %m%n", PatternSelector=null, Configuration(HiveLog4j2Test), Replace=null, charset="null", alwaysWriteExceptions="null", disableAnsi="null", noConsoleNoAnsi="null", header="null", footer="null")
DEBUG StatusLogger Building Plugin[name=appender, class=org.apache.hadoop.hive.ql.log.HushableRandomAccessFileAppender].
DEBUG StatusLogger createAppender(fileName="/home/alex/Repositories/hive/beeline/target/tmp/alex/operation_logs/fd25e0c8-fd3d-47db-98be-c36e87338e4d/alex_20240501140014_0e7b7cce-e74e-4cae-a032-bad3e47627b6.test", append="null", name="test-query-file-appender", immediateFlush="null", bufferSize="null", ignoreExceptions="null", PatternLayout(org.apache.logging.log4j.core.layout.PatternLayout with name PatternLayout), test-filter(org.apache.hadoop.hive.ql.log.LogDivertAppenderForTest$TestFilter with name test-filter), advertise="null", advertiseURI="null", Configuration(HiveLog4j2Test))
DEBUG StatusLogger Starting RandomAccessFileManager /home/alex/Repositories/hive/beeline/target/tmp/alex/operation_logs/fd25e0c8-fd3d-47db-98be-c36e87338e4d/alex_20240501140014_0e7b7cce-e74e-4cae-a032-bad3e47627b6.test
2024-05-01T14:00:14,393  INFO [fd25e0c8-fd3d-47db-98be-c36e87338e4d main] operation.SQLOperation: [opType=EXECUTE_STATEMENT, queryId=alex_20240501140014_0e7b7cce-e74e-4cae-a032-bad3e47627b6, startTime=1714597214388, sessionId=fd25e0c8-fd3d-47db-98be-c36e87338e4d, createTime=1714597213996, userName=null, ipAddress=null]
2024-05-01T14:00:14,395  INFO [fd25e0c8-fd3d-47db-98be-c36e87338e4d main] ql.Driver: Compiling command(queryId=alex_20240501140014_0e7b7cce-e74e-4cae-a032-bad3e47627b6): create table if not exists test.testSrcTbl2(sc2 string)
2024-05-01T14:00:14,396  INFO [fd25e0c8-fd3d-47db-98be-c36e87338e4d main] parse.CalcitePlanner: Starting caching scope for: alex_20240501140014_0e7b7cce-e74e-4cae-a032-bad3e47627b6
2024-05-01T14:00:14,396  INFO [fd25e0c8-fd3d-47db-98be-c36e87338e4d main] parse.CalcitePlanner: Starting Semantic Analysis
2024-05-01T14:00:14,396  INFO [fd25e0c8-fd3d-47db-98be-c36e87338e4d main] sqlstd.SQLStdHiveAccessController: Created SQLStdHiveAccessController for session context : HiveAuthzSessionContext [sessionString=fd25e0c8-fd3d-47db-98be-c36e87338e4d, clientType=HIVESERVER2]
2024-05-01T14:00:14,396  INFO [fd25e0c8-fd3d-47db-98be-c36e87338e4d main] parse.CalcitePlanner: Creating table test.testSrcTbl2 position=27
2024-05-01T14:00:14,397  INFO [fd25e0c8-fd3d-47db-98be-c36e87338e4d main] HiveMetaStore.audit: ugi=alex	ip=unknown-ip-addr	cmd=get_table : tbl=hive.test.testSrcTbl2	
2024-05-01T14:00:14,398  INFO [fd25e0c8-fd3d-47db-98be-c36e87338e4d main] HiveMetaStore.audit: ugi=alex	ip=unknown-ip-addr	cmd=get_database: test	
2024-05-01T14:00:14,399  INFO [fd25e0c8-fd3d-47db-98be-c36e87338e4d main] parse.CalcitePlanner: Ending caching scope for: alex_20240501140014_0e7b7cce-e74e-4cae-a032-bad3e47627b6
2024-05-01T14:00:14,399  INFO [fd25e0c8-fd3d-47db-98be-c36e87338e4d main] ql.Driver: Semantic Analysis Completed (retrial = false)
2024-05-01T14:00:14,399  INFO [fd25e0c8-fd3d-47db-98be-c36e87338e4d main] ql.Driver: Created Hive schema: Schema(fieldSchemas:null, properties:null)
2024-05-01T14:00:14,400  INFO [fd25e0c8-fd3d-47db-98be-c36e87338e4d main] metadata.Hive: Dumping metastore api call timing information for : compilation phase
2024-05-01T14:00:14,400  INFO [fd25e0c8-fd3d-47db-98be-c36e87338e4d main] metadata.Hive: Total time spent in each metastore function (ms): {isCompatibleWith_(Configuration)=0, getDatabase_(String)=1, flushCache_()=0}
2024-05-01T14:00:14,400  INFO [fd25e0c8-fd3d-47db-98be-c36e87338e4d main] ql.Driver: Completed compiling command(queryId=alex_20240501140014_0e7b7cce-e74e-4cae-a032-bad3e47627b6); Time taken: 0.005 seconds
2024-05-01T14:00:14,400  INFO [fd25e0c8-fd3d-47db-98be-c36e87338e4d main] common.LogUtils: Unregistered logging context.
2024-05-01T14:00:14,401  INFO [HiveServer2-Background-Pool: Thread-641] common.LogUtils: Thread context registration is done.
2024-05-01T14:00:14,401  INFO [HiveServer2-Background-Pool: Thread-641] reexec.ReExecDriver: Execution #1 of query
2024-05-01T14:00:14,402  INFO [HiveServer2-Background-Pool: Thread-641] ql.Driver: Concurrency mode is disabled, not creating a lock manager
2024-05-01T14:00:14,402  INFO [HiveServer2-Background-Pool: Thread-641] ql.Driver: Executing command(queryId=alex_20240501140014_0e7b7cce-e74e-4cae-a032-bad3e47627b6): create table if not exists test.testSrcTbl2(sc2 string)
2024-05-01T14:00:14,403  INFO [HiveServer2-Background-Pool: Thread-641] ql.Driver: Starting task [Stage-0:DDL] in serial mode
2024-05-01T14:00:14,404  INFO [HiveServer2-Background-Pool: Thread-641] HiveMetaStore.audit: ugi=alex	ip=unknown-ip-addr	cmd=create_table_req: Table(tableName:testSrcTbl2, dbName:test, owner:alex, createTime:1714597214, lastAccessTime:0, retention:0, sd:StorageDescriptor(cols:[FieldSchema(name:sc2, type:string, comment:null)], location:null, inputFormat:org.apache.hadoop.mapred.TextInputFormat, outputFormat:org.apache.hadoop.hive.ql.io.HiveIgnoreKeyTextOutputFormat, compressed:false, numBuckets:-1, serdeInfo:SerDeInfo(name:null, serializationLib:org.apache.hadoop.hive.serde2.lazy.LazySimpleSerDe, parameters:{serialization.format=1}), bucketCols:[], sortCols:[], parameters:{}, skewedInfo:SkewedInfo(skewedColNames:[], skewedColValues:[], skewedColValueLocationMaps:{}), storedAsSubDirectories:false), partitionKeys:[], parameters:{totalSize=0, numRows=0, rawDataSize=0, COLUMN_STATS_ACCURATE={"BASIC_STATS":"true","COLUMN_STATS":{"sc2":"true"}}, numFiles=0, bucketing_version=2, numFilesErasureCoded=0}, viewOriginalText:null, viewExpandedText:null, tableType:MANAGED_TABLE, privileges:PrincipalPrivilegeSet(userPrivileges:{alex=[PrivilegeGrantInfo(privilege:INSERT, createTime:-1, grantor:alex, grantorType:USER, grantOption:true), PrivilegeGrantInfo(privilege:SELECT, createTime:-1, grantor:alex, grantorType:USER, grantOption:true), PrivilegeGrantInfo(privilege:UPDATE, createTime:-1, grantor:alex, grantorType:USER, grantOption:true), PrivilegeGrantInfo(privilege:DELETE, createTime:-1, grantor:alex, grantorType:USER, grantOption:true)]}, groupPrivileges:null, rolePrivileges:null), temporary:false, catName:hive, ownerType:USER)	
2024-05-01T14:00:14,405  INFO [HiveServer2-Background-Pool: Thread-641] metastore.HMSHandler: 29: Opening raw store with implementation class:org.apache.hadoop.hive.metastore.ObjectStore
2024-05-01T14:00:14,405  INFO [HiveServer2-Background-Pool: Thread-641] metastore.ObjectStore: RawStore: org.apache.hadoop.hive.metastore.ObjectStore@2e00698f, with PersistenceManager: null will be shutdown
2024-05-01T14:00:14,406  INFO [HiveServer2-Background-Pool: Thread-641] metastore.ObjectStore: RawStore: org.apache.hadoop.hive.metastore.ObjectStore@2e00698f, with PersistenceManager: org.datanucleus.api.jdo.JDOPersistenceManager@1bc0c0ed created in the thread with id: 641
2024-05-01T14:00:14,410  INFO [HiveServer2-Background-Pool: Thread-641] metastore.HMSHandler: Created RawStore: org.apache.hadoop.hive.metastore.ObjectStore@2e00698f from thread id: 641
2024-05-01T14:00:14,413  INFO [HiveServer2-Background-Pool: Thread-641] utils.FileUtils: Creating directory if it doesn't exist: file:/home/alex/Repositories/hive/beeline/target/tmp/warehouse/test.db/testsrctbl2
2024-05-01T14:00:14,449  INFO [HiveServer2-Background-Pool: Thread-641] metadata.Hive: Dumping metastore api call timing information for : execution phase
2024-05-01T14:00:14,449  INFO [HiveServer2-Background-Pool: Thread-641] metadata.Hive: Total time spent in each metastore function (ms): {isCompatibleWith_(Configuration)=0, createTable_(Table)=45}
2024-05-01T14:00:14,449  INFO [HiveServer2-Background-Pool: Thread-641] ql.Driver: Completed executing command(queryId=alex_20240501140014_0e7b7cce-e74e-4cae-a032-bad3e47627b6); Time taken: 0.047 seconds
2024-05-01T14:00:14,450  INFO [HiveServer2-Background-Pool: Thread-641] common.LogUtils: Unregistered logging context.
2024-05-01T14:00:14,452  INFO [fd25e0c8-fd3d-47db-98be-c36e87338e4d main] operation.OperationManager: Closing operation: OperationHandle [opType=EXECUTE_STATEMENT, getHandleIdentifier()=8b35dcfa-c583-4bcb-8d29-5156f8ec35e6]
2024-05-01T14:00:14,452  INFO [fd25e0c8-fd3d-47db-98be-c36e87338e4d main] operation.OperationManager: Removed queryId: alex_20240501140014_0e7b7cce-e74e-4cae-a032-bad3e47627b6 corresponding to operation: OperationHandle [opType=EXECUTE_STATEMENT, getHandleIdentifier()=8b35dcfa-c583-4bcb-8d29-5156f8ec35e6] with tag: null
2024-05-01T14:00:14,452  INFO [fd25e0c8-fd3d-47db-98be-c36e87338e4d main] operation.SQLOperation: Closing operation log /home/alex/Repositories/hive/beeline/target/tmp/alex/operation_logs/fd25e0c8-fd3d-47db-98be-c36e87338e4d/alex_20240501140014_0e7b7cce-e74e-4cae-a032-bad3e47627b6 without delay
2024-05-01T14:00:14,457  INFO [fd25e0c8-fd3d-47db-98be-c36e87338e4d main] session.HiveSessionImpl: executing desc testSrcTbl2
2024-05-01T14:00:14,458  INFO [fd25e0c8-fd3d-47db-98be-c36e87338e4d main] operation.OperationManager: Adding operation: OperationHandle [opType=EXECUTE_STATEMENT, getHandleIdentifier()=be603a5a-00e5-4de1-918a-da28d8a82e0c] SessionHandle [fd25e0c8-fd3d-47db-98be-c36e87338e4d]
2024-05-01T14:00:14,458  INFO [fd25e0c8-fd3d-47db-98be-c36e87338e4d main] common.LogUtils: Thread context registration is done.
DEBUG StatusLogger Building Plugin[name=filter, class=org.apache.hadoop.hive.ql.log.LogDivertAppender$NameFilter].
DEBUG StatusLogger createFilter(loggingLevel="EXECUTION")
DEBUG StatusLogger Building Plugin[name=layout, class=org.apache.logging.log4j.core.layout.PatternLayout].
DEBUG StatusLogger PatternLayout$Builder(pattern="%-5p : %m%n", PatternSelector=null, Configuration(HiveLog4j2Test), Replace=null, charset="null", alwaysWriteExceptions="null", disableAnsi="null", noConsoleNoAnsi="null", header="null", footer="null")
DEBUG StatusLogger Building Plugin[name=appender, class=org.apache.hadoop.hive.ql.log.HushableRandomAccessFileAppender].
DEBUG StatusLogger createAppender(fileName="/home/alex/Repositories/hive/beeline/target/tmp/alex/operation_logs/fd25e0c8-fd3d-47db-98be-c36e87338e4d/alex_20240501140014_28bbbf4f-7e6f-419d-8f72-6533de09ec9a", append="null", name="query-file-appender", immediateFlush="null", bufferSize="null", ignoreExceptions="null", PatternLayout(org.apache.logging.log4j.core.layout.PatternLayout with name PatternLayout), NameFilter(org.apache.hadoop.hive.ql.log.LogDivertAppender$NameFilter with name NameFilter), advertise="null", advertiseURI="null", Configuration(HiveLog4j2Test))
DEBUG StatusLogger Starting RandomAccessFileManager /home/alex/Repositories/hive/beeline/target/tmp/alex/operation_logs/fd25e0c8-fd3d-47db-98be-c36e87338e4d/alex_20240501140014_28bbbf4f-7e6f-419d-8f72-6533de09ec9a
DEBUG StatusLogger Building Plugin[name=, class=org.apache.hadoop.hive.ql.log.LogDivertAppenderForTest$TestFilter].
DEBUG StatusLogger createFilter()
DEBUG StatusLogger Building Plugin[name=, class=org.apache.logging.log4j.core.layout.PatternLayout].
DEBUG StatusLogger PatternLayout$Builder(pattern="%-5p : %m%n", PatternSelector=null, Configuration(HiveLog4j2Test), Replace=null, charset="null", alwaysWriteExceptions="null", disableAnsi="null", noConsoleNoAnsi="null", header="null", footer="null")
DEBUG StatusLogger Building Plugin[name=appender, class=org.apache.hadoop.hive.ql.log.HushableRandomAccessFileAppender].
DEBUG StatusLogger createAppender(fileName="/home/alex/Repositories/hive/beeline/target/tmp/alex/operation_logs/fd25e0c8-fd3d-47db-98be-c36e87338e4d/alex_20240501140014_28bbbf4f-7e6f-419d-8f72-6533de09ec9a.test", append="null", name="test-query-file-appender", immediateFlush="null", bufferSize="null", ignoreExceptions="null", PatternLayout(org.apache.logging.log4j.core.layout.PatternLayout with name PatternLayout), test-filter(org.apache.hadoop.hive.ql.log.LogDivertAppenderForTest$TestFilter with name test-filter), advertise="null", advertiseURI="null", Configuration(HiveLog4j2Test))
DEBUG StatusLogger Starting RandomAccessFileManager /home/alex/Repositories/hive/beeline/target/tmp/alex/operation_logs/fd25e0c8-fd3d-47db-98be-c36e87338e4d/alex_20240501140014_28bbbf4f-7e6f-419d-8f72-6533de09ec9a.test
2024-05-01T14:00:14,462  INFO [fd25e0c8-fd3d-47db-98be-c36e87338e4d main] operation.SQLOperation: [opType=EXECUTE_STATEMENT, queryId=alex_20240501140014_28bbbf4f-7e6f-419d-8f72-6533de09ec9a, startTime=1714597214457, sessionId=fd25e0c8-fd3d-47db-98be-c36e87338e4d, createTime=1714597213996, userName=null, ipAddress=null]
2024-05-01T14:00:14,462  INFO [fd25e0c8-fd3d-47db-98be-c36e87338e4d main] ql.Driver: Compiling command(queryId=alex_20240501140014_28bbbf4f-7e6f-419d-8f72-6533de09ec9a): desc testSrcTbl2
2024-05-01T14:00:14,468  INFO [fd25e0c8-fd3d-47db-98be-c36e87338e4d main] HiveMetaStore.audit: ugi=alex	ip=unknown-ip-addr	cmd=get_database: test	
2024-05-01T14:00:14,470  INFO [fd25e0c8-fd3d-47db-98be-c36e87338e4d main] HiveMetaStore.audit: ugi=alex	ip=unknown-ip-addr	cmd=get_table : tbl=hive.test.testSrcTbl2	
2024-05-01T14:00:14,588  INFO [fd25e0c8-fd3d-47db-98be-c36e87338e4d main] ql.Driver: Semantic Analysis Completed (retrial = false)
2024-05-01T14:00:14,589  INFO [fd25e0c8-fd3d-47db-98be-c36e87338e4d main] ql.Driver: Created Hive schema: Schema(fieldSchemas:[FieldSchema(name:col_name, type:string, comment:from deserializer), FieldSchema(name:data_type, type:string, comment:from deserializer), FieldSchema(name:comment, type:string, comment:from deserializer)], properties:null)
2024-05-01T14:00:14,591  INFO [fd25e0c8-fd3d-47db-98be-c36e87338e4d main] exec.ListSinkOperator: Initializing Operator: LIST_SINK[0]
2024-05-01T14:00:14,591  INFO [fd25e0c8-fd3d-47db-98be-c36e87338e4d main] metadata.Hive: Dumping metastore api call timing information for : compilation phase
2024-05-01T14:00:14,591  INFO [fd25e0c8-fd3d-47db-98be-c36e87338e4d main] metadata.Hive: Total time spent in each metastore function (ms): {isCompatibleWith_(Configuration)=0, getDatabase_(String)=1, getTable_(GetTableRequest)=118, flushCache_()=0}
2024-05-01T14:00:14,591  INFO [fd25e0c8-fd3d-47db-98be-c36e87338e4d main] ql.Driver: Completed compiling command(queryId=alex_20240501140014_28bbbf4f-7e6f-419d-8f72-6533de09ec9a); Time taken: 0.129 seconds
2024-05-01T14:00:14,591  INFO [fd25e0c8-fd3d-47db-98be-c36e87338e4d main] common.LogUtils: Unregistered logging context.
2024-05-01T14:00:14,592  INFO [HiveServer2-Background-Pool: Thread-646] common.LogUtils: Thread context registration is done.
2024-05-01T14:00:14,592  INFO [HiveServer2-Background-Pool: Thread-646] reexec.ReExecDriver: Execution #1 of query
2024-05-01T14:00:14,593  INFO [HiveServer2-Background-Pool: Thread-646] ql.Driver: Concurrency mode is disabled, not creating a lock manager
2024-05-01T14:00:14,594  INFO [HiveServer2-Background-Pool: Thread-646] ql.Driver: Executing command(queryId=alex_20240501140014_28bbbf4f-7e6f-419d-8f72-6533de09ec9a): desc testSrcTbl2
2024-05-01T14:00:14,594  INFO [HiveServer2-Background-Pool: Thread-646] ql.Driver: Starting task [Stage-0:DDL] in serial mode
2024-05-01T14:00:14,595  INFO [HiveServer2-Background-Pool: Thread-646] HiveMetaStore.audit: ugi=alex	ip=unknown-ip-addr	cmd=get_table : tbl=hive.test.testSrcTbl2	
2024-05-01T14:00:14,596  INFO [HiveServer2-Background-Pool: Thread-646] metastore.HMSHandler: 30: Opening raw store with implementation class:org.apache.hadoop.hive.metastore.ObjectStore
2024-05-01T14:00:14,596  INFO [HiveServer2-Background-Pool: Thread-646] metastore.ObjectStore: RawStore: org.apache.hadoop.hive.metastore.ObjectStore@15b58598, with PersistenceManager: null will be shutdown
2024-05-01T14:00:14,596  INFO [HiveServer2-Background-Pool: Thread-646] metastore.ObjectStore: RawStore: org.apache.hadoop.hive.metastore.ObjectStore@15b58598, with PersistenceManager: org.datanucleus.api.jdo.JDOPersistenceManager@50b7194a created in the thread with id: 646
2024-05-01T14:00:14,599  INFO [HiveServer2-Background-Pool: Thread-646] metastore.HMSHandler: Created RawStore: org.apache.hadoop.hive.metastore.ObjectStore@15b58598 from thread id: 646
2024-05-01T14:00:14,636  INFO [HiveServer2-Background-Pool: Thread-646] metadata.Hive: Dumping metastore api call timing information for : execution phase
2024-05-01T14:00:14,636  INFO [HiveServer2-Background-Pool: Thread-646] metadata.Hive: Total time spent in each metastore function (ms): {isCompatibleWith_(Configuration)=0, getTable_(GetTableRequest)=21}
2024-05-01T14:00:14,636  INFO [HiveServer2-Background-Pool: Thread-646] ql.Driver: Completed executing command(queryId=alex_20240501140014_28bbbf4f-7e6f-419d-8f72-6533de09ec9a); Time taken: 0.043 seconds
2024-05-01T14:00:14,637  INFO [HiveServer2-Background-Pool: Thread-646] common.LogUtils: Unregistered logging context.
2024-05-01T14:00:14,639  INFO [fd25e0c8-fd3d-47db-98be-c36e87338e4d main] operation.OperationManager: Closing operation: OperationHandle [opType=EXECUTE_STATEMENT, getHandleIdentifier()=be603a5a-00e5-4de1-918a-da28d8a82e0c]
2024-05-01T14:00:14,639  INFO [fd25e0c8-fd3d-47db-98be-c36e87338e4d main] operation.OperationManager: Removed queryId: alex_20240501140014_28bbbf4f-7e6f-419d-8f72-6533de09ec9a corresponding to operation: OperationHandle [opType=EXECUTE_STATEMENT, getHandleIdentifier()=be603a5a-00e5-4de1-918a-da28d8a82e0c] with tag: null
2024-05-01T14:00:14,639  INFO [fd25e0c8-fd3d-47db-98be-c36e87338e4d main] ql.Context: Deleting scratch dir: file:/home/alex/Repositories/hive/beeline/target/tmp/alex/fd25e0c8-fd3d-47db-98be-c36e87338e4d/hive_2024-05-01_14-00-14_462_5162177311728555437-1
2024-05-01T14:00:14,639  INFO [fd25e0c8-fd3d-47db-98be-c36e87338e4d main] cleanup.EventualCleanupService: Delete file:/home/alex/Repositories/hive/beeline/target/tmp/alex/fd25e0c8-fd3d-47db-98be-c36e87338e4d/hive_2024-05-01_14-00-14_462_5162177311728555437-1 operation was queued
2024-05-01T14:00:14,639  INFO [fd25e0c8-fd3d-47db-98be-c36e87338e4d main] exec.ListSinkOperator: Closing Operator: LIST_SINK[0]
2024-05-01T14:00:14,639  INFO [fd25e0c8-fd3d-47db-98be-c36e87338e4d main] exec.ListSinkOperator: RECORDS_OUT_INTERMEDIATE:0, RECORDS_OUT_OPERATOR_LIST_SINK_0:0, 
2024-05-01T14:00:14,639  INFO [fd25e0c8-fd3d-47db-98be-c36e87338e4d main] operation.SQLOperation: Closing operation log /home/alex/Repositories/hive/beeline/target/tmp/alex/operation_logs/fd25e0c8-fd3d-47db-98be-c36e87338e4d/alex_20240501140014_28bbbf4f-7e6f-419d-8f72-6533de09ec9a without delay
2024-05-01T14:00:14,640  INFO [EventualCleanupService thread 0] cleanup.EventualCleanupService: Deleted file:/home/alex/Repositories/hive/beeline/target/tmp/alex/fd25e0c8-fd3d-47db-98be-c36e87338e4d/hive_2024-05-01_14-00-14_462_5162177311728555437-1
2024-05-01T14:00:14,646  INFO [main] service.CompositeService: Session closed, SessionHandle [fd25e0c8-fd3d-47db-98be-c36e87338e4d], current sessions:0
2024-05-01T14:00:14,646  INFO [fd25e0c8-fd3d-47db-98be-c36e87338e4d main] session.HiveSessionImpl: Operation log session directory is deleted: /home/alex/Repositories/hive/beeline/target/tmp/alex/operation_logs/fd25e0c8-fd3d-47db-98be-c36e87338e4d
2024-05-01T14:00:14,647  INFO [main] cleanup.EventualCleanupService: Delete /tmp/hive/alex/fd25e0c8-fd3d-47db-98be-c36e87338e4d operation was queued
2024-05-01T14:00:14,647  INFO [main] cleanup.EventualCleanupService: Delete /home/alex/Repositories/hive/beeline/target/tmp/alex/fd25e0c8-fd3d-47db-98be-c36e87338e4d operation was queued
2024-05-01T14:00:14,647  INFO [EventualCleanupService thread 2] cleanup.EventualCleanupService: Deleted /home/alex/Repositories/hive/beeline/target/tmp/alex/fd25e0c8-fd3d-47db-98be-c36e87338e4d
2024-05-01T14:00:14,647  INFO [EventualCleanupService thread 1] cleanup.EventualCleanupService: Deleted /tmp/hive/alex/fd25e0c8-fd3d-47db-98be-c36e87338e4d
2024-05-01T14:00:14,648  INFO [main] HiveMetaStore.audit: ugi=alex	ip=unknown-ip-addr	cmd=Cleaning up thread local RawStore...	
2024-05-01T14:00:14,648  INFO [main] metastore.ObjectStore: RawStore: org.apache.hadoop.hive.metastore.ObjectStore@1cfa7ee0, with PersistenceManager: org.datanucleus.api.jdo.JDOPersistenceManager@612290d will be shutdown
2024-05-01T14:00:14,648  INFO [main] HiveMetaStore.audit: ugi=alex	ip=unknown-ip-addr	cmd=Done cleaning up thread local RawStore	
2024-05-01T14:00:14,649  INFO [main] metastore.HiveMetaStoreClient: Closed a connection to metastore, current connections: -41
2024-05-01T14:00:14,649 ERROR [main] cli.TestHiveCli: Failed due to the error:Connecting to jdbc:hive2://
Hive Session ID = 28794c7f-ed50-41f7-b049-eb1399edb183
ivysettings.xml file not found in HIVE_HOME or HIVE_CONF_DIR,/home/alex/Repositories/hive/conf/ivysettings.xml will be used
ivysettings.xml file not found in HIVE_HOME or HIVE_CONF_DIR,/home/alex/Repositories/hive/conf/ivysettings.xml will be used
Connected to: Apache Hive (version 4.0.0-SNAPSHOT)
Error: Couldn't load manifest attributes. (state=,code=0)
Transaction isolation: TRANSACTION_REPEATABLE_READ
INFO  : Compiling command(queryId=alex_20240501140014_e564acf9-9881-4ea5-b0b4-95e910a46db5): use test
INFO  : Semantic Analysis Completed (retrial = false)
INFO  : Created Hive schema: Schema(fieldSchemas:null, properties:null)
INFO  : Completed compiling command(queryId=alex_20240501140014_e564acf9-9881-4ea5-b0b4-95e910a46db5); Time taken: 0.009 seconds
INFO  : Concurrency mode is disabled, not creating a lock manager
INFO  : Executing command(queryId=alex_20240501140014_e564acf9-9881-4ea5-b0b4-95e910a46db5): use test
INFO  : Starting task [Stage-0:DDL] in serial mode
DEBUG : Task getting executed using mapred tag : alex_20240501140014_e564acf9-9881-4ea5-b0b4-95e910a46db5,userid=null
INFO  : Completed executing command(queryId=alex_20240501140014_e564acf9-9881-4ea5-b0b4-95e910a46db5); Time taken: 0.008 seconds
DEBUG : Shutting down query use test
Error: Failed to wait for operation to complete (state=08S01,code=0)
Beeline version ??? by Apache Hive
hive> set hiveconf:zzz=/home/alex/Repositories/hive/beeline/target/tmp/test3369135461579616211.sql;
No rows affected (0,01 seconds)
hive> source ${hiveconf:zzz};
INFO  : Compiling command(queryId=alex_20240501140014_0e7b7cce-e74e-4cae-a032-bad3e47627b6): create table if not exists test.testSrcTbl2(sc2 string)
INFO  : Semantic Analysis Completed (retrial = false)
INFO  : Created Hive schema: Schema(fieldSchemas:null, properties:null)
INFO  : Completed compiling command(queryId=alex_20240501140014_0e7b7cce-e74e-4cae-a032-bad3e47627b6); Time taken: 0.005 seconds
INFO  : Concurrency mode is disabled, not creating a lock manager
INFO  : Executing command(queryId=alex_20240501140014_0e7b7cce-e74e-4cae-a032-bad3e47627b6): create table if not exists test.testSrcTbl2(sc2 string)
INFO  : Starting task [Stage-0:DDL] in serial mode
DEBUG : Task getting executed using mapred tag : alex_20240501140014_0e7b7cce-e74e-4cae-a032-bad3e47627b6,userid=null
INFO  : Completed executing command(queryId=alex_20240501140014_0e7b7cce-e74e-4cae-a032-bad3e47627b6); Time taken: 0.047 seconds
DEBUG : Shutting down query create table if not exists test.testSrcTbl2(sc2 string)
Error: Failed to wait for operation to complete (state=08S01,code=0)
hive> desc testSrcTbl2;
INFO  : Compiling command(queryId=alex_20240501140014_28bbbf4f-7e6f-419d-8f72-6533de09ec9a): desc testSrcTbl2
INFO  : Semantic Analysis Completed (retrial = false)
INFO  : Created Hive schema: Schema(fieldSchemas:[FieldSchema(name:col_name, type:string, comment:from deserializer), FieldSchema(name:data_type, type:string, comment:from deserializer), FieldSchema(name:comment, type:string, comment:from deserializer)], properties:null)
INFO  : Completed compiling command(queryId=alex_20240501140014_28bbbf4f-7e6f-419d-8f72-6533de09ec9a); Time taken: 0.129 seconds
INFO  : Concurrency mode is disabled, not creating a lock manager
INFO  : Executing command(queryId=alex_20240501140014_28bbbf4f-7e6f-419d-8f72-6533de09ec9a): desc testSrcTbl2
INFO  : Starting task [Stage-0:DDL] in serial mode
DEBUG : Task getting executed using mapred tag : alex_20240501140014_28bbbf4f-7e6f-419d-8f72-6533de09ec9a,userid=null
INFO  : Completed executing command(queryId=alex_20240501140014_28bbbf4f-7e6f-419d-8f72-6533de09ec9a); Time taken: 0.043 seconds
DEBUG : Shutting down query desc testSrcTbl2
Error: Failed to wait for operation to complete (state=08S01,code=0)
hive> Closing: 0: jdbc:hive2://

]]></system-err>
  </testcase>
  <testcase name="testSetHeaderValue" classname="org.apache.hive.beeline.cli.TestHiveCli" time="3.418">
    <failure type="java.lang.AssertionError"><![CDATA[java.lang.AssertionError: The expected keyword "testtbl.a testtbl.b" occur in the output: 
	at org.junit.Assert.fail(Assert.java:89)
	at org.junit.Assert.assertTrue(Assert.java:42)
	at org.apache.hive.beeline.cli.TestHiveCli.verifyCMD(TestHiveCli.java:270)
	at org.apache.hive.beeline.cli.TestHiveCli.testSetHeaderValue(TestHiveCli.java:89)
	at sun.reflect.NativeMethodAccessorImpl.invoke0(Native Method)
	at sun.reflect.NativeMethodAccessorImpl.invoke(NativeMethodAccessorImpl.java:62)
	at sun.reflect.DelegatingMethodAccessorImpl.invoke(DelegatingMethodAccessorImpl.java:43)
	at java.lang.reflect.Method.invoke(Method.java:498)
	at org.junit.runners.model.FrameworkMethod$1.runReflectiveCall(FrameworkMethod.java:59)
	at org.junit.internal.runners.model.ReflectiveCallable.run(ReflectiveCallable.java:12)
	at org.junit.runners.model.FrameworkMethod.invokeExplosively(FrameworkMethod.java:56)
	at org.junit.internal.runners.statements.InvokeMethod.evaluate(InvokeMethod.java:17)
	at org.junit.internal.runners.statements.RunBefores.evaluate(RunBefores.java:26)
	at org.junit.internal.runners.statements.RunAfters.evaluate(RunAfters.java:27)
	at org.junit.runners.ParentRunner$3.evaluate(ParentRunner.java:306)
	at org.junit.runners.BlockJUnit4ClassRunner$1.evaluate(BlockJUnit4ClassRunner.java:100)
	at org.junit.runners.ParentRunner.runLeaf(ParentRunner.java:366)
	at org.junit.runners.BlockJUnit4ClassRunner.runChild(BlockJUnit4ClassRunner.java:103)
	at org.junit.runners.BlockJUnit4ClassRunner.runChild(BlockJUnit4ClassRunner.java:63)
	at org.junit.runners.ParentRunner$4.run(ParentRunner.java:331)
	at org.junit.runners.ParentRunner$1.schedule(ParentRunner.java:79)
	at org.junit.runners.ParentRunner.runChildren(ParentRunner.java:329)
	at org.junit.runners.ParentRunner.access$100(ParentRunner.java:66)
	at org.junit.runners.ParentRunner$2.evaluate(ParentRunner.java:293)
	at org.junit.internal.runners.statements.RunBefores.evaluate(RunBefores.java:26)
	at org.junit.runners.ParentRunner$3.evaluate(ParentRunner.java:306)
	at org.junit.runners.ParentRunner.run(ParentRunner.java:413)
	at org.junit.runner.JUnitCore.run(JUnitCore.java:137)
	at org.junit.runner.JUnitCore.run(JUnitCore.java:115)
	at org.junit.vintage.engine.execution.RunnerExecutor.execute(RunnerExecutor.java:43)
	at java.util.stream.ForEachOps$ForEachOp$OfRef.accept(ForEachOps.java:183)
	at java.util.stream.ReferencePipeline$3$1.accept(ReferencePipeline.java:193)
	at java.util.Iterator.forEachRemaining(Iterator.java:116)
	at java.util.Spliterators$IteratorSpliterator.forEachRemaining(Spliterators.java:1801)
	at java.util.stream.AbstractPipeline.copyInto(AbstractPipeline.java:482)
	at java.util.stream.AbstractPipeline.wrapAndCopyInto(AbstractPipeline.java:472)
	at java.util.stream.ForEachOps$ForEachOp.evaluateSequential(ForEachOps.java:150)
	at java.util.stream.ForEachOps$ForEachOp$OfRef.evaluateSequential(ForEachOps.java:173)
	at java.util.stream.AbstractPipeline.evaluate(AbstractPipeline.java:234)
	at java.util.stream.ReferencePipeline.forEach(ReferencePipeline.java:485)
	at org.junit.vintage.engine.VintageTestEngine.executeAllChildren(VintageTestEngine.java:82)
	at org.junit.vintage.engine.VintageTestEngine.execute(VintageTestEngine.java:73)
	at org.junit.platform.launcher.core.DefaultLauncher.execute(DefaultLauncher.java:248)
	at org.junit.platform.launcher.core.DefaultLauncher.lambda$execute$5(DefaultLauncher.java:211)
	at org.junit.platform.launcher.core.DefaultLauncher.withInterceptedStreams(DefaultLauncher.java:226)
	at org.junit.platform.launcher.core.DefaultLauncher.execute(DefaultLauncher.java:199)
	at org.junit.platform.launcher.core.DefaultLauncher.execute(DefaultLauncher.java:132)
	at org.apache.maven.surefire.junitplatform.JUnitPlatformProvider.invokeAllTests(JUnitPlatformProvider.java:154)
	at org.apache.maven.surefire.junitplatform.JUnitPlatformProvider.invoke(JUnitPlatformProvider.java:123)
	at org.apache.maven.surefire.booter.ForkedBooter.runSuitesInProcess(ForkedBooter.java:377)
	at org.apache.maven.surefire.booter.ForkedBooter.execute(ForkedBooter.java:138)
	at org.apache.maven.surefire.booter.ForkedBooter.run(ForkedBooter.java:465)
	at org.apache.maven.surefire.booter.ForkedBooter.main(ForkedBooter.java:451)
]]></failure>
    <system-err><![CDATA[2024-05-01T14:00:14,651 ERROR [main] cli.TestHiveCli: Failed to execute command due to the error: java.lang.NullPointerException: Null output stream
2024-05-01T14:00:14,711  WARN [main] conf.HiveConf: HiveConf of name hive.dummyparam.test.server.specific.config.override does not exist
2024-05-01T14:00:14,712  WARN [main] conf.HiveConf: HiveConf of name hive.dummyparam.test.server.specific.config.hiveserver2site does not exist
2024-05-01T14:00:14,712  WARN [main] conf.HiveConf: HiveConf of name hive.dummyparam.test.server.specific.config.metastoresite does not exist
2024-05-01T14:00:14,712  INFO [main] SessionState: Hive Session ID = d3dc9a3a-7870-4b21-b762-c8ee240e43a0
2024-05-01T14:00:14,713  INFO [main] DependencyResolver: ivysettings.xml file not found in HIVE_HOME or HIVE_CONF_DIR,/home/alex/Repositories/hive/conf/ivysettings.xml will be used
2024-05-01T14:00:14,720  INFO [main] session.SessionState: Created HDFS directory: /tmp/hive/alex/d3dc9a3a-7870-4b21-b762-c8ee240e43a0
2024-05-01T14:00:14,725  INFO [main] session.SessionState: Created local directory: /home/alex/Repositories/hive/beeline/target/tmp/alex/d3dc9a3a-7870-4b21-b762-c8ee240e43a0
2024-05-01T14:00:14,729  INFO [main] session.SessionState: Created HDFS directory: /tmp/hive/alex/d3dc9a3a-7870-4b21-b762-c8ee240e43a0/_tmp_space.db
2024-05-01T14:00:14,730  INFO [main] sqlstd.SQLStdHiveAccessController: Created SQLStdHiveAccessController for session context : HiveAuthzSessionContext [sessionString=d3dc9a3a-7870-4b21-b762-c8ee240e43a0, clientType=HIVESERVER2]
2024-05-01T14:00:14,730  INFO [main] metastore.HiveMetaStoreClient: HMS client filtering is enabled.
2024-05-01T14:00:14,731  INFO [main] metastore.HMSHandler: 0: Opening raw store with implementation class:org.apache.hadoop.hive.metastore.ObjectStore
2024-05-01T14:00:14,731  INFO [main] metastore.PersistenceManagerProvider: Configuration datanucleus.autoStartMechanismMode is not set. Defaulting to 'ignored'
2024-05-01T14:00:14,731  INFO [main] metastore.ObjectStore: RawStore: org.apache.hadoop.hive.metastore.ObjectStore@389bc2d3, with PersistenceManager: null will be shutdown
2024-05-01T14:00:14,731  INFO [main] metastore.ObjectStore: RawStore: org.apache.hadoop.hive.metastore.ObjectStore@389bc2d3, with PersistenceManager: org.datanucleus.api.jdo.JDOPersistenceManager@442310fd created in the thread with id: 1
2024-05-01T14:00:14,733  INFO [main] metastore.HMSHandler: Created RawStore: org.apache.hadoop.hive.metastore.ObjectStore@389bc2d3 from thread id: 1
2024-05-01T14:00:14,733  INFO [main] metastore.HMSHandler: HMS server filtering is disabled by configuration
2024-05-01T14:00:14,734  INFO [main] metastore.RetryingMetaStoreClient: RetryingMetaStoreClient proxy=class org.apache.hadoop.hive.ql.metadata.SessionHiveMetaStoreClient ugi=alex (auth:SIMPLE) retries=1 delay=1 lifetime=0
2024-05-01T14:00:14,734  INFO [main] service.CompositeService: Operation log root directory is created: /home/alex/Repositories/hive/beeline/target/tmp/alex/operation_logs
2024-05-01T14:00:14,734  INFO [main] service.CompositeService: HiveServer2: Background operation thread pool size: 100
2024-05-01T14:00:14,734  INFO [main] service.CompositeService: HiveServer2: Background operation thread wait queue size: 100
2024-05-01T14:00:14,734  INFO [main] service.CompositeService: HiveServer2: Background operation thread keepalive time: 10 seconds
2024-05-01T14:00:14,734  INFO [main] service.CompositeService: Connections limit are user: 0 ipaddress: 0 user-ipaddress: 0
2024-05-01T14:00:14,736  INFO [main] cleanup.EventualCleanupService: EventualCleanupService started with 10 threads and queue of size 10000
ERROR StatusLogger Log4j2 ConfigurationScheduler attempted to increment scheduled items after start
ERROR StatusLogger Log4j2 ConfigurationScheduler attempted to increment scheduled items after start
2024-05-01T14:00:14,737  INFO [main] service.AbstractService: Service:OperationManager is inited.
2024-05-01T14:00:14,737  INFO [main] service.AbstractService: Service:SessionManager is inited.
2024-05-01T14:00:14,737  INFO [main] service.AbstractService: Service:CLIService is inited.
2024-05-01T14:00:14,737  INFO [main] service.AbstractService: Service:OperationManager is started.
2024-05-01T14:00:14,737  INFO [main] service.AbstractService: Service:SessionManager is started.
2024-05-01T14:00:14,737  INFO [main] service.AbstractService: Service:CLIService is started.
2024-05-01T14:00:14,737  INFO [main] service.AbstractService: Service:ThriftBinaryCLIService is inited.
2024-05-01T14:00:14,737  INFO [main] thrift.ThriftCLIService: Client protocol version: HIVE_CLI_SERVICE_PROTOCOL_V10
2024-05-01T14:00:14,737  INFO [main] thrift.ThriftCLIService: Creating Hive session handle for user [null] from IP null
2024-05-01T14:00:14,738  INFO [main] DependencyResolver: ivysettings.xml file not found in HIVE_HOME or HIVE_CONF_DIR,/home/alex/Repositories/hive/conf/ivysettings.xml will be used
2024-05-01T14:00:14,748  INFO [main] session.SessionState: Created HDFS directory: /tmp/hive/alex/d06fea9e-aff2-40c8-8324-3a9873ab9227
2024-05-01T14:00:14,752  INFO [main] session.SessionState: Created local directory: /home/alex/Repositories/hive/beeline/target/tmp/alex/d06fea9e-aff2-40c8-8324-3a9873ab9227
2024-05-01T14:00:14,756  INFO [main] session.SessionState: Created HDFS directory: /tmp/hive/alex/d06fea9e-aff2-40c8-8324-3a9873ab9227/_tmp_space.db
2024-05-01T14:00:14,759  INFO [main] session.SessionState: Reloading auxiliary JAR files
2024-05-01T14:00:14,759  WARN [main] session.SessionState: Configuration hive.reloadable.aux.jars.path not specified
2024-05-01T14:00:14,760  INFO [main] HiveMetaStore.audit: ugi=alex	ip=unknown-ip-addr	cmd=Cleaning up thread local RawStore...	
2024-05-01T14:00:14,760  INFO [main] metastore.ObjectStore: RawStore: org.apache.hadoop.hive.metastore.ObjectStore@389bc2d3, with PersistenceManager: org.datanucleus.api.jdo.JDOPersistenceManager@442310fd will be shutdown
2024-05-01T14:00:14,760  INFO [main] HiveMetaStore.audit: ugi=alex	ip=unknown-ip-addr	cmd=Done cleaning up thread local RawStore	
2024-05-01T14:00:14,760  INFO [main] metastore.HiveMetaStoreClient: Closed a connection to metastore, current connections: -42
2024-05-01T14:00:14,760  INFO [main] session.HiveSessionImpl: Operation log session directory is created: /home/alex/Repositories/hive/beeline/target/tmp/alex/operation_logs/d06fea9e-aff2-40c8-8324-3a9873ab9227
2024-05-01T14:00:14,760  INFO [main] service.CompositeService: Session opened, SessionHandle [d06fea9e-aff2-40c8-8324-3a9873ab9227], current sessions:1
2024-05-01T14:00:14,760  INFO [main] thrift.ThriftCLIService: Login attempt is successful for user : null
2024-05-01T14:00:14,818  WARN [main] conf.HiveConf: HiveConf of name hive.dummyparam.test.server.specific.config.override does not exist
2024-05-01T14:00:14,818  WARN [main] conf.HiveConf: HiveConf of name hive.dummyparam.test.server.specific.config.hiveserver2site does not exist
2024-05-01T14:00:14,818  WARN [main] conf.HiveConf: HiveConf of name hive.dummyparam.test.server.specific.config.metastoresite does not exist
2024-05-01T14:00:14,818  INFO [d06fea9e-aff2-40c8-8324-3a9873ab9227 main] session.HiveSessionImpl: executing set
2024-05-01T14:00:14,819  INFO [d06fea9e-aff2-40c8-8324-3a9873ab9227 main] operation.HiveCommandOperation: Putting temp output to file /home/alex/Repositories/hive/beeline/target/tmp/alex/d06fea9e-aff2-40c8-8324-3a9873ab92275862848044533380091.pipeout and error output to file /home/alex/Repositories/hive/beeline/target/tmp/alex/d06fea9e-aff2-40c8-8324-3a9873ab92275040476697155141011.pipeout
2024-05-01T14:00:14,819  INFO [d06fea9e-aff2-40c8-8324-3a9873ab9227 main] operation.OperationManager: Adding operation: OperationHandle [opType=EXECUTE_STATEMENT, getHandleIdentifier()=e77c4264-8b49-4043-88a4-e295d2a17d2e] SessionHandle [d06fea9e-aff2-40c8-8324-3a9873ab9227]
2024-05-01T14:00:14,819  INFO [d06fea9e-aff2-40c8-8324-3a9873ab9227 main] common.LogUtils: Thread context registration is done.
DEBUG StatusLogger Building Plugin[name=filter, class=org.apache.hadoop.hive.ql.log.LogDivertAppender$NameFilter].
DEBUG StatusLogger createFilter(loggingLevel="EXECUTION")
DEBUG StatusLogger Building Plugin[name=layout, class=org.apache.logging.log4j.core.layout.PatternLayout].
DEBUG StatusLogger PatternLayout$Builder(pattern="%-5p : %m%n", PatternSelector=null, Configuration(HiveLog4j2Test), Replace=null, charset="null", alwaysWriteExceptions="null", disableAnsi="null", noConsoleNoAnsi="null", header="null", footer="null")
DEBUG StatusLogger Building Plugin[name=appender, class=org.apache.hadoop.hive.ql.log.HushableRandomAccessFileAppender].
DEBUG StatusLogger createAppender(fileName="/home/alex/Repositories/hive/beeline/target/tmp/alex/operation_logs/d06fea9e-aff2-40c8-8324-3a9873ab9227/alex_20240501140014_5d4c38f2-b96b-4767-9c0b-231487e1762c", append="null", name="query-file-appender", immediateFlush="null", bufferSize="null", ignoreExceptions="null", PatternLayout(org.apache.logging.log4j.core.layout.PatternLayout with name PatternLayout), NameFilter(org.apache.hadoop.hive.ql.log.LogDivertAppender$NameFilter with name NameFilter), advertise="null", advertiseURI="null", Configuration(HiveLog4j2Test))
DEBUG StatusLogger Starting RandomAccessFileManager /home/alex/Repositories/hive/beeline/target/tmp/alex/operation_logs/d06fea9e-aff2-40c8-8324-3a9873ab9227/alex_20240501140014_5d4c38f2-b96b-4767-9c0b-231487e1762c
DEBUG StatusLogger Building Plugin[name=, class=org.apache.hadoop.hive.ql.log.LogDivertAppenderForTest$TestFilter].
DEBUG StatusLogger createFilter()
DEBUG StatusLogger Building Plugin[name=, class=org.apache.logging.log4j.core.layout.PatternLayout].
DEBUG StatusLogger PatternLayout$Builder(pattern="%-5p : %m%n", PatternSelector=null, Configuration(HiveLog4j2Test), Replace=null, charset="null", alwaysWriteExceptions="null", disableAnsi="null", noConsoleNoAnsi="null", header="null", footer="null")
DEBUG StatusLogger Building Plugin[name=appender, class=org.apache.hadoop.hive.ql.log.HushableRandomAccessFileAppender].
DEBUG StatusLogger createAppender(fileName="/home/alex/Repositories/hive/beeline/target/tmp/alex/operation_logs/d06fea9e-aff2-40c8-8324-3a9873ab9227/alex_20240501140014_5d4c38f2-b96b-4767-9c0b-231487e1762c.test", append="null", name="test-query-file-appender", immediateFlush="null", bufferSize="null", ignoreExceptions="null", PatternLayout(org.apache.logging.log4j.core.layout.PatternLayout with name PatternLayout), test-filter(org.apache.hadoop.hive.ql.log.LogDivertAppenderForTest$TestFilter with name test-filter), advertise="null", advertiseURI="null", Configuration(HiveLog4j2Test))
DEBUG StatusLogger Starting RandomAccessFileManager /home/alex/Repositories/hive/beeline/target/tmp/alex/operation_logs/d06fea9e-aff2-40c8-8324-3a9873ab9227/alex_20240501140014_5d4c38f2-b96b-4767-9c0b-231487e1762c.test
2024-05-01T14:00:14,823  INFO [d06fea9e-aff2-40c8-8324-3a9873ab9227 main] operation.HiveCommandOperation: [opType=EXECUTE_STATEMENT, queryId=alex_20240501140014_5d4c38f2-b96b-4767-9c0b-231487e1762c, startTime=1714597214819, sessionId=d06fea9e-aff2-40c8-8324-3a9873ab9227, createTime=1714597214737, userName=null, ipAddress=null]
2024-05-01T14:00:14,833  INFO [d06fea9e-aff2-40c8-8324-3a9873ab9227 main] common.LogUtils: Unregistered logging context.
2024-05-01T14:00:14,835  INFO [d06fea9e-aff2-40c8-8324-3a9873ab9227 main] operation.OperationManager: Closing operation: OperationHandle [opType=EXECUTE_STATEMENT, getHandleIdentifier()=e77c4264-8b49-4043-88a4-e295d2a17d2e]
2024-05-01T14:00:14,835  INFO [d06fea9e-aff2-40c8-8324-3a9873ab9227 main] operation.OperationManager: Removed queryId: alex_20240501140014_5d4c38f2-b96b-4767-9c0b-231487e1762c corresponding to operation: OperationHandle [opType=EXECUTE_STATEMENT, getHandleIdentifier()=e77c4264-8b49-4043-88a4-e295d2a17d2e] with tag: null
2024-05-01T14:00:14,836  INFO [d06fea9e-aff2-40c8-8324-3a9873ab9227 main] operation.HiveCommandOperation: Closing operation log /home/alex/Repositories/hive/beeline/target/tmp/alex/operation_logs/d06fea9e-aff2-40c8-8324-3a9873ab9227/alex_20240501140014_5d4c38f2-b96b-4767-9c0b-231487e1762c without delay
2024-05-01T14:00:14,845  INFO [d06fea9e-aff2-40c8-8324-3a9873ab9227 main] session.HiveSessionImpl: executing create database if not exists test
2024-05-01T14:00:14,845  INFO [d06fea9e-aff2-40c8-8324-3a9873ab9227 main] operation.OperationManager: Adding operation: OperationHandle [opType=EXECUTE_STATEMENT, getHandleIdentifier()=ca167dc5-f070-4ac4-a746-6dc78d40738b] SessionHandle [d06fea9e-aff2-40c8-8324-3a9873ab9227]
2024-05-01T14:00:14,845  INFO [d06fea9e-aff2-40c8-8324-3a9873ab9227 main] common.LogUtils: Thread context registration is done.
DEBUG StatusLogger Building Plugin[name=filter, class=org.apache.hadoop.hive.ql.log.LogDivertAppender$NameFilter].
DEBUG StatusLogger createFilter(loggingLevel="EXECUTION")
DEBUG StatusLogger Building Plugin[name=layout, class=org.apache.logging.log4j.core.layout.PatternLayout].
DEBUG StatusLogger PatternLayout$Builder(pattern="%-5p : %m%n", PatternSelector=null, Configuration(HiveLog4j2Test), Replace=null, charset="null", alwaysWriteExceptions="null", disableAnsi="null", noConsoleNoAnsi="null", header="null", footer="null")
DEBUG StatusLogger Building Plugin[name=appender, class=org.apache.hadoop.hive.ql.log.HushableRandomAccessFileAppender].
DEBUG StatusLogger createAppender(fileName="/home/alex/Repositories/hive/beeline/target/tmp/alex/operation_logs/d06fea9e-aff2-40c8-8324-3a9873ab9227/alex_20240501140014_507ee203-0583-417d-937f-de524d539aa9", append="null", name="query-file-appender", immediateFlush="null", bufferSize="null", ignoreExceptions="null", PatternLayout(org.apache.logging.log4j.core.layout.PatternLayout with name PatternLayout), NameFilter(org.apache.hadoop.hive.ql.log.LogDivertAppender$NameFilter with name NameFilter), advertise="null", advertiseURI="null", Configuration(HiveLog4j2Test))
DEBUG StatusLogger Starting RandomAccessFileManager /home/alex/Repositories/hive/beeline/target/tmp/alex/operation_logs/d06fea9e-aff2-40c8-8324-3a9873ab9227/alex_20240501140014_507ee203-0583-417d-937f-de524d539aa9
DEBUG StatusLogger Building Plugin[name=, class=org.apache.hadoop.hive.ql.log.LogDivertAppenderForTest$TestFilter].
DEBUG StatusLogger createFilter()
DEBUG StatusLogger Building Plugin[name=, class=org.apache.logging.log4j.core.layout.PatternLayout].
DEBUG StatusLogger PatternLayout$Builder(pattern="%-5p : %m%n", PatternSelector=null, Configuration(HiveLog4j2Test), Replace=null, charset="null", alwaysWriteExceptions="null", disableAnsi="null", noConsoleNoAnsi="null", header="null", footer="null")
DEBUG StatusLogger Building Plugin[name=appender, class=org.apache.hadoop.hive.ql.log.HushableRandomAccessFileAppender].
DEBUG StatusLogger createAppender(fileName="/home/alex/Repositories/hive/beeline/target/tmp/alex/operation_logs/d06fea9e-aff2-40c8-8324-3a9873ab9227/alex_20240501140014_507ee203-0583-417d-937f-de524d539aa9.test", append="null", name="test-query-file-appender", immediateFlush="null", bufferSize="null", ignoreExceptions="null", PatternLayout(org.apache.logging.log4j.core.layout.PatternLayout with name PatternLayout), test-filter(org.apache.hadoop.hive.ql.log.LogDivertAppenderForTest$TestFilter with name test-filter), advertise="null", advertiseURI="null", Configuration(HiveLog4j2Test))
DEBUG StatusLogger Starting RandomAccessFileManager /home/alex/Repositories/hive/beeline/target/tmp/alex/operation_logs/d06fea9e-aff2-40c8-8324-3a9873ab9227/alex_20240501140014_507ee203-0583-417d-937f-de524d539aa9.test
2024-05-01T14:00:14,848  INFO [d06fea9e-aff2-40c8-8324-3a9873ab9227 main] operation.SQLOperation: [opType=EXECUTE_STATEMENT, queryId=alex_20240501140014_507ee203-0583-417d-937f-de524d539aa9, startTime=1714597214845, sessionId=d06fea9e-aff2-40c8-8324-3a9873ab9227, createTime=1714597214737, userName=null, ipAddress=null]
2024-05-01T14:00:14,849  INFO [d06fea9e-aff2-40c8-8324-3a9873ab9227 main] ql.Driver: Compiling command(queryId=alex_20240501140014_507ee203-0583-417d-937f-de524d539aa9): create database if not exists test
2024-05-01T14:00:14,850  INFO [d06fea9e-aff2-40c8-8324-3a9873ab9227 main] metastore.HiveMetaStoreClient: HMS client filtering is enabled.
2024-05-01T14:00:14,851  INFO [d06fea9e-aff2-40c8-8324-3a9873ab9227 main] metastore.HMSHandler: 0: Opening raw store with implementation class:org.apache.hadoop.hive.metastore.ObjectStore
2024-05-01T14:00:14,851  INFO [d06fea9e-aff2-40c8-8324-3a9873ab9227 main] metastore.PersistenceManagerProvider: Configuration datanucleus.autoStartMechanismMode is not set. Defaulting to 'ignored'
2024-05-01T14:00:14,851  INFO [d06fea9e-aff2-40c8-8324-3a9873ab9227 main] metastore.ObjectStore: RawStore: org.apache.hadoop.hive.metastore.ObjectStore@438c0aaf, with PersistenceManager: null will be shutdown
2024-05-01T14:00:14,851  INFO [d06fea9e-aff2-40c8-8324-3a9873ab9227 main] metastore.ObjectStore: RawStore: org.apache.hadoop.hive.metastore.ObjectStore@438c0aaf, with PersistenceManager: org.datanucleus.api.jdo.JDOPersistenceManager@7577589 created in the thread with id: 1
2024-05-01T14:00:14,853  INFO [d06fea9e-aff2-40c8-8324-3a9873ab9227 main] metastore.HMSHandler: Created RawStore: org.apache.hadoop.hive.metastore.ObjectStore@438c0aaf from thread id: 1
2024-05-01T14:00:14,854  INFO [d06fea9e-aff2-40c8-8324-3a9873ab9227 main] metastore.HMSHandler: HMS server filtering is disabled by configuration
2024-05-01T14:00:14,854  INFO [d06fea9e-aff2-40c8-8324-3a9873ab9227 main] metastore.RetryingMetaStoreClient: RetryingMetaStoreClient proxy=class org.apache.hadoop.hive.ql.metadata.SessionHiveMetaStoreClient ugi=alex (auth:SIMPLE) retries=1 delay=1 lifetime=0
2024-05-01T14:00:14,854  INFO [d06fea9e-aff2-40c8-8324-3a9873ab9227 main] ql.Driver: Semantic Analysis Completed (retrial = false)
2024-05-01T14:00:14,854  INFO [d06fea9e-aff2-40c8-8324-3a9873ab9227 main] ql.Driver: Created Hive schema: Schema(fieldSchemas:null, properties:null)
2024-05-01T14:00:14,854  INFO [d06fea9e-aff2-40c8-8324-3a9873ab9227 main] metadata.Hive: Dumping metastore api call timing information for : compilation phase
2024-05-01T14:00:14,854  INFO [d06fea9e-aff2-40c8-8324-3a9873ab9227 main] metadata.Hive: Total time spent in each metastore function (ms): {isCompatibleWith_(Configuration)=0, flushCache_()=0}
2024-05-01T14:00:14,854  INFO [d06fea9e-aff2-40c8-8324-3a9873ab9227 main] ql.Driver: Completed compiling command(queryId=alex_20240501140014_507ee203-0583-417d-937f-de524d539aa9); Time taken: 0.005 seconds
2024-05-01T14:00:14,855  INFO [d06fea9e-aff2-40c8-8324-3a9873ab9227 main] common.LogUtils: Unregistered logging context.
2024-05-01T14:00:14,855  INFO [HiveServer2-Background-Pool: Thread-671] common.LogUtils: Thread context registration is done.
2024-05-01T14:00:14,857  INFO [HiveServer2-Background-Pool: Thread-671] reexec.ReExecDriver: Execution #1 of query
2024-05-01T14:00:14,858  INFO [HiveServer2-Background-Pool: Thread-671] ql.Driver: Concurrency mode is disabled, not creating a lock manager
2024-05-01T14:00:14,859  INFO [HiveServer2-Background-Pool: Thread-671] ql.Driver: Executing command(queryId=alex_20240501140014_507ee203-0583-417d-937f-de524d539aa9): create database if not exists test
2024-05-01T14:00:14,859  INFO [HiveServer2-Background-Pool: Thread-671] ql.Driver: Starting task [Stage-0:DDL] in serial mode
2024-05-01T14:00:14,860  INFO [HiveServer2-Background-Pool: Thread-671] sqlstd.SQLStdHiveAccessController: Created SQLStdHiveAccessController for session context : HiveAuthzSessionContext [sessionString=d06fea9e-aff2-40c8-8324-3a9873ab9227, clientType=HIVESERVER2]
2024-05-01T14:00:14,860  WARN [HiveServer2-Background-Pool: Thread-671] exec.DDLTask: metastore.warehouse.external.dir is not set, falling back to metastore.warehouse.dir. This could cause external tables to use to managed tablespace.
2024-05-01T14:00:14,861  INFO [HiveServer2-Background-Pool: Thread-671] HiveMetaStore.audit: ugi=alex	ip=unknown-ip-addr	cmd=create_database: Database(name:test, description:null, locationUri:file:/home/alex/Repositories/hive/beeline/target/tmp/warehouse/test.db, parameters:null, ownerName:alex, ownerType:USER, catalogName:hive, type:NATIVE)	
2024-05-01T14:00:14,863  INFO [HiveServer2-Background-Pool: Thread-671] metastore.HMSHandler: 31: Opening raw store with implementation class:org.apache.hadoop.hive.metastore.ObjectStore
2024-05-01T14:00:14,863  INFO [HiveServer2-Background-Pool: Thread-671] metastore.ObjectStore: RawStore: org.apache.hadoop.hive.metastore.ObjectStore@144ff2c2, with PersistenceManager: null will be shutdown
2024-05-01T14:00:14,864  INFO [HiveServer2-Background-Pool: Thread-671] metastore.ObjectStore: RawStore: org.apache.hadoop.hive.metastore.ObjectStore@144ff2c2, with PersistenceManager: org.datanucleus.api.jdo.JDOPersistenceManager@514d7e2f created in the thread with id: 671
2024-05-01T14:00:14,866  INFO [HiveServer2-Background-Pool: Thread-671] metastore.HMSHandler: Created RawStore: org.apache.hadoop.hive.metastore.ObjectStore@144ff2c2 from thread id: 671
2024-05-01T14:00:14,867 ERROR [HiveServer2-Background-Pool: Thread-671] metastore.RetryingHMSHandler: AlreadyExistsException(message:Database test already exists)
	at org.apache.hadoop.hive.metastore.HMSHandler.create_database(HMSHandler.java:1472)
	at sun.reflect.NativeMethodAccessorImpl.invoke0(Native Method)
	at sun.reflect.NativeMethodAccessorImpl.invoke(NativeMethodAccessorImpl.java:62)
	at sun.reflect.DelegatingMethodAccessorImpl.invoke(DelegatingMethodAccessorImpl.java:43)
	at java.lang.reflect.Method.invoke(Method.java:498)
	at org.apache.hadoop.hive.metastore.RetryingHMSHandler.invokeInternal(RetryingHMSHandler.java:147)
	at org.apache.hadoop.hive.metastore.RetryingHMSHandler.invoke(RetryingHMSHandler.java:108)
	at com.sun.proxy.$Proxy40.create_database(Unknown Source)
	at org.apache.hadoop.hive.metastore.HiveMetaStoreClient.createDatabase(HiveMetaStoreClient.java:1151)
	at sun.reflect.NativeMethodAccessorImpl.invoke0(Native Method)
	at sun.reflect.NativeMethodAccessorImpl.invoke(NativeMethodAccessorImpl.java:62)
	at sun.reflect.DelegatingMethodAccessorImpl.invoke(DelegatingMethodAccessorImpl.java:43)
	at java.lang.reflect.Method.invoke(Method.java:498)
	at org.apache.hadoop.hive.metastore.RetryingMetaStoreClient.invoke(RetryingMetaStoreClient.java:218)
	at com.sun.proxy.$Proxy41.createDatabase(Unknown Source)
	at org.apache.hadoop.hive.ql.metadata.Hive.createDatabase(Hive.java:605)
	at org.apache.hadoop.hive.ql.ddl.database.create.CreateDatabaseOperation.execute(CreateDatabaseOperation.java:68)
	at org.apache.hadoop.hive.ql.ddl.DDLTask.execute(DDLTask.java:84)
	at org.apache.hadoop.hive.ql.exec.Task.executeTask(Task.java:212)
	at org.apache.hadoop.hive.ql.exec.TaskRunner.runSequential(TaskRunner.java:105)
	at org.apache.hadoop.hive.ql.Executor.launchTask(Executor.java:361)
	at org.apache.hadoop.hive.ql.Executor.launchTasks(Executor.java:334)
	at org.apache.hadoop.hive.ql.Executor.runTasks(Executor.java:245)
	at org.apache.hadoop.hive.ql.Executor.execute(Executor.java:108)
	at org.apache.hadoop.hive.ql.Driver.execute(Driver.java:348)
	at org.apache.hadoop.hive.ql.Driver.runInternal(Driver.java:204)
	at org.apache.hadoop.hive.ql.Driver.run(Driver.java:153)
	at org.apache.hadoop.hive.ql.Driver.run(Driver.java:148)
	at org.apache.hadoop.hive.ql.reexec.ReExecDriver.run(ReExecDriver.java:164)
	at org.apache.hive.service.cli.operation.SQLOperation.runQuery(SQLOperation.java:233)
	at org.apache.hive.service.cli.operation.SQLOperation.access$500(SQLOperation.java:88)
	at org.apache.hive.service.cli.operation.SQLOperation$BackgroundWork$1.run(SQLOperation.java:336)
	at java.security.AccessController.doPrivileged(Native Method)
	at javax.security.auth.Subject.doAs(Subject.java:422)
	at org.apache.hadoop.security.UserGroupInformation.doAs(UserGroupInformation.java:1682)
	at org.apache.hive.service.cli.operation.SQLOperation$BackgroundWork.run(SQLOperation.java:356)
	at java.util.concurrent.Executors$RunnableAdapter.call(Executors.java:511)
	at java.util.concurrent.FutureTask.run(FutureTask.java:266)
	at java.util.concurrent.ThreadPoolExecutor.runWorker(ThreadPoolExecutor.java:1149)
	at java.util.concurrent.ThreadPoolExecutor$Worker.run(ThreadPoolExecutor.java:624)
	at java.lang.Thread.run(Thread.java:750)

2024-05-01T14:00:14,868  INFO [HiveServer2-Background-Pool: Thread-671] metadata.Hive: Dumping metastore api call timing information for : execution phase
2024-05-01T14:00:14,868  INFO [HiveServer2-Background-Pool: Thread-671] metadata.Hive: Total time spent in each metastore function (ms): {isCompatibleWith_(Configuration)=0}
2024-05-01T14:00:14,868  INFO [HiveServer2-Background-Pool: Thread-671] ql.Driver: Completed executing command(queryId=alex_20240501140014_507ee203-0583-417d-937f-de524d539aa9); Time taken: 0.009 seconds
2024-05-01T14:00:14,868  INFO [HiveServer2-Background-Pool: Thread-671] common.LogUtils: Unregistered logging context.
2024-05-01T14:00:14,874  INFO [d06fea9e-aff2-40c8-8324-3a9873ab9227 main] operation.OperationManager: Closing operation: OperationHandle [opType=EXECUTE_STATEMENT, getHandleIdentifier()=ca167dc5-f070-4ac4-a746-6dc78d40738b]
2024-05-01T14:00:14,874  INFO [d06fea9e-aff2-40c8-8324-3a9873ab9227 main] operation.OperationManager: Removed queryId: alex_20240501140014_507ee203-0583-417d-937f-de524d539aa9 corresponding to operation: OperationHandle [opType=EXECUTE_STATEMENT, getHandleIdentifier()=ca167dc5-f070-4ac4-a746-6dc78d40738b] with tag: null
2024-05-01T14:00:14,875  INFO [d06fea9e-aff2-40c8-8324-3a9873ab9227 main] operation.SQLOperation: Closing operation log /home/alex/Repositories/hive/beeline/target/tmp/alex/operation_logs/d06fea9e-aff2-40c8-8324-3a9873ab9227/alex_20240501140014_507ee203-0583-417d-937f-de524d539aa9 without delay
2024-05-01T14:00:14,881  INFO [d06fea9e-aff2-40c8-8324-3a9873ab9227 main] session.HiveSessionImpl: executing create table if not exists test.testTbl(a string, b string)
2024-05-01T14:00:14,882  INFO [d06fea9e-aff2-40c8-8324-3a9873ab9227 main] operation.OperationManager: Adding operation: OperationHandle [opType=EXECUTE_STATEMENT, getHandleIdentifier()=a00e2273-cbdd-4498-a2fa-7aa84d2df140] SessionHandle [d06fea9e-aff2-40c8-8324-3a9873ab9227]
2024-05-01T14:00:14,882  INFO [d06fea9e-aff2-40c8-8324-3a9873ab9227 main] common.LogUtils: Thread context registration is done.
DEBUG StatusLogger Building Plugin[name=filter, class=org.apache.hadoop.hive.ql.log.LogDivertAppender$NameFilter].
DEBUG StatusLogger createFilter(loggingLevel="EXECUTION")
DEBUG StatusLogger Building Plugin[name=layout, class=org.apache.logging.log4j.core.layout.PatternLayout].
DEBUG StatusLogger PatternLayout$Builder(pattern="%-5p : %m%n", PatternSelector=null, Configuration(HiveLog4j2Test), Replace=null, charset="null", alwaysWriteExceptions="null", disableAnsi="null", noConsoleNoAnsi="null", header="null", footer="null")
DEBUG StatusLogger Building Plugin[name=appender, class=org.apache.hadoop.hive.ql.log.HushableRandomAccessFileAppender].
DEBUG StatusLogger createAppender(fileName="/home/alex/Repositories/hive/beeline/target/tmp/alex/operation_logs/d06fea9e-aff2-40c8-8324-3a9873ab9227/alex_20240501140014_ae955780-3b70-4ff3-b0b7-a4d3ff675173", append="null", name="query-file-appender", immediateFlush="null", bufferSize="null", ignoreExceptions="null", PatternLayout(org.apache.logging.log4j.core.layout.PatternLayout with name PatternLayout), NameFilter(org.apache.hadoop.hive.ql.log.LogDivertAppender$NameFilter with name NameFilter), advertise="null", advertiseURI="null", Configuration(HiveLog4j2Test))
DEBUG StatusLogger Starting RandomAccessFileManager /home/alex/Repositories/hive/beeline/target/tmp/alex/operation_logs/d06fea9e-aff2-40c8-8324-3a9873ab9227/alex_20240501140014_ae955780-3b70-4ff3-b0b7-a4d3ff675173
DEBUG StatusLogger Building Plugin[name=, class=org.apache.hadoop.hive.ql.log.LogDivertAppenderForTest$TestFilter].
DEBUG StatusLogger createFilter()
DEBUG StatusLogger Building Plugin[name=, class=org.apache.logging.log4j.core.layout.PatternLayout].
DEBUG StatusLogger PatternLayout$Builder(pattern="%-5p : %m%n", PatternSelector=null, Configuration(HiveLog4j2Test), Replace=null, charset="null", alwaysWriteExceptions="null", disableAnsi="null", noConsoleNoAnsi="null", header="null", footer="null")
DEBUG StatusLogger Building Plugin[name=appender, class=org.apache.hadoop.hive.ql.log.HushableRandomAccessFileAppender].
DEBUG StatusLogger createAppender(fileName="/home/alex/Repositories/hive/beeline/target/tmp/alex/operation_logs/d06fea9e-aff2-40c8-8324-3a9873ab9227/alex_20240501140014_ae955780-3b70-4ff3-b0b7-a4d3ff675173.test", append="null", name="test-query-file-appender", immediateFlush="null", bufferSize="null", ignoreExceptions="null", PatternLayout(org.apache.logging.log4j.core.layout.PatternLayout with name PatternLayout), test-filter(org.apache.hadoop.hive.ql.log.LogDivertAppenderForTest$TestFilter with name test-filter), advertise="null", advertiseURI="null", Configuration(HiveLog4j2Test))
DEBUG StatusLogger Starting RandomAccessFileManager /home/alex/Repositories/hive/beeline/target/tmp/alex/operation_logs/d06fea9e-aff2-40c8-8324-3a9873ab9227/alex_20240501140014_ae955780-3b70-4ff3-b0b7-a4d3ff675173.test
2024-05-01T14:00:14,885  INFO [d06fea9e-aff2-40c8-8324-3a9873ab9227 main] operation.SQLOperation: [opType=EXECUTE_STATEMENT, queryId=alex_20240501140014_ae955780-3b70-4ff3-b0b7-a4d3ff675173, startTime=1714597214881, sessionId=d06fea9e-aff2-40c8-8324-3a9873ab9227, createTime=1714597214737, userName=null, ipAddress=null]
2024-05-01T14:00:14,886  INFO [d06fea9e-aff2-40c8-8324-3a9873ab9227 main] ql.Driver: Compiling command(queryId=alex_20240501140014_ae955780-3b70-4ff3-b0b7-a4d3ff675173): create table if not exists test.testTbl(a string, b string)
2024-05-01T14:00:14,887  INFO [d06fea9e-aff2-40c8-8324-3a9873ab9227 main] parse.CalcitePlanner: Starting caching scope for: alex_20240501140014_ae955780-3b70-4ff3-b0b7-a4d3ff675173
2024-05-01T14:00:14,887  INFO [d06fea9e-aff2-40c8-8324-3a9873ab9227 main] parse.CalcitePlanner: Starting Semantic Analysis
2024-05-01T14:00:14,887  INFO [d06fea9e-aff2-40c8-8324-3a9873ab9227 main] parse.CalcitePlanner: Creating table test.testTbl position=27
2024-05-01T14:00:14,887  INFO [d06fea9e-aff2-40c8-8324-3a9873ab9227 main] HiveMetaStore.audit: ugi=alex	ip=unknown-ip-addr	cmd=get_table : tbl=hive.test.testTbl	
2024-05-01T14:00:14,889  INFO [d06fea9e-aff2-40c8-8324-3a9873ab9227 main] HiveMetaStore.audit: ugi=alex	ip=unknown-ip-addr	cmd=get_database: test	
2024-05-01T14:00:14,891  INFO [d06fea9e-aff2-40c8-8324-3a9873ab9227 main] parse.CalcitePlanner: Ending caching scope for: alex_20240501140014_ae955780-3b70-4ff3-b0b7-a4d3ff675173
2024-05-01T14:00:14,891  INFO [d06fea9e-aff2-40c8-8324-3a9873ab9227 main] ql.Driver: Semantic Analysis Completed (retrial = false)
2024-05-01T14:00:14,891  INFO [d06fea9e-aff2-40c8-8324-3a9873ab9227 main] ql.Driver: Created Hive schema: Schema(fieldSchemas:null, properties:null)
2024-05-01T14:00:14,891  INFO [d06fea9e-aff2-40c8-8324-3a9873ab9227 main] metadata.Hive: Dumping metastore api call timing information for : compilation phase
2024-05-01T14:00:14,891  INFO [d06fea9e-aff2-40c8-8324-3a9873ab9227 main] metadata.Hive: Total time spent in each metastore function (ms): {isCompatibleWith_(Configuration)=1, getDatabase_(String)=2, flushCache_()=0}
2024-05-01T14:00:14,892  INFO [d06fea9e-aff2-40c8-8324-3a9873ab9227 main] ql.Driver: Completed compiling command(queryId=alex_20240501140014_ae955780-3b70-4ff3-b0b7-a4d3ff675173); Time taken: 0.005 seconds
2024-05-01T14:00:14,892  INFO [d06fea9e-aff2-40c8-8324-3a9873ab9227 main] common.LogUtils: Unregistered logging context.
2024-05-01T14:00:14,893  INFO [HiveServer2-Background-Pool: Thread-674] common.LogUtils: Thread context registration is done.
2024-05-01T14:00:14,893  INFO [HiveServer2-Background-Pool: Thread-674] reexec.ReExecDriver: Execution #1 of query
2024-05-01T14:00:14,895  INFO [HiveServer2-Background-Pool: Thread-674] ql.Driver: Concurrency mode is disabled, not creating a lock manager
2024-05-01T14:00:14,895  INFO [HiveServer2-Background-Pool: Thread-674] ql.Driver: Executing command(queryId=alex_20240501140014_ae955780-3b70-4ff3-b0b7-a4d3ff675173): create table if not exists test.testTbl(a string, b string)
2024-05-01T14:00:14,896  INFO [HiveServer2-Background-Pool: Thread-674] ql.Driver: Starting task [Stage-0:DDL] in serial mode
2024-05-01T14:00:14,897  INFO [HiveServer2-Background-Pool: Thread-674] HiveMetaStore.audit: ugi=alex	ip=unknown-ip-addr	cmd=create_table_req: Table(tableName:testTbl, dbName:test, owner:alex, createTime:1714597214, lastAccessTime:0, retention:0, sd:StorageDescriptor(cols:[FieldSchema(name:a, type:string, comment:null), FieldSchema(name:b, type:string, comment:null)], location:null, inputFormat:org.apache.hadoop.mapred.TextInputFormat, outputFormat:org.apache.hadoop.hive.ql.io.HiveIgnoreKeyTextOutputFormat, compressed:false, numBuckets:-1, serdeInfo:SerDeInfo(name:null, serializationLib:org.apache.hadoop.hive.serde2.lazy.LazySimpleSerDe, parameters:{serialization.format=1}), bucketCols:[], sortCols:[], parameters:{}, skewedInfo:SkewedInfo(skewedColNames:[], skewedColValues:[], skewedColValueLocationMaps:{}), storedAsSubDirectories:false), partitionKeys:[], parameters:{totalSize=0, numRows=0, rawDataSize=0, COLUMN_STATS_ACCURATE={"BASIC_STATS":"true","COLUMN_STATS":{"a":"true","b":"true"}}, numFiles=0, bucketing_version=2, numFilesErasureCoded=0}, viewOriginalText:null, viewExpandedText:null, tableType:MANAGED_TABLE, privileges:PrincipalPrivilegeSet(userPrivileges:{alex=[PrivilegeGrantInfo(privilege:INSERT, createTime:-1, grantor:alex, grantorType:USER, grantOption:true), PrivilegeGrantInfo(privilege:SELECT, createTime:-1, grantor:alex, grantorType:USER, grantOption:true), PrivilegeGrantInfo(privilege:UPDATE, createTime:-1, grantor:alex, grantorType:USER, grantOption:true), PrivilegeGrantInfo(privilege:DELETE, createTime:-1, grantor:alex, grantorType:USER, grantOption:true)]}, groupPrivileges:null, rolePrivileges:null), temporary:false, catName:hive, ownerType:USER)	
2024-05-01T14:00:14,898  INFO [HiveServer2-Background-Pool: Thread-674] metastore.HMSHandler: 32: Opening raw store with implementation class:org.apache.hadoop.hive.metastore.ObjectStore
2024-05-01T14:00:14,898  INFO [HiveServer2-Background-Pool: Thread-674] metastore.ObjectStore: RawStore: org.apache.hadoop.hive.metastore.ObjectStore@54d6a82e, with PersistenceManager: null will be shutdown
2024-05-01T14:00:14,898  INFO [HiveServer2-Background-Pool: Thread-674] metastore.ObjectStore: RawStore: org.apache.hadoop.hive.metastore.ObjectStore@54d6a82e, with PersistenceManager: org.datanucleus.api.jdo.JDOPersistenceManager@2d7b39eb created in the thread with id: 674
2024-05-01T14:00:14,900  INFO [HiveServer2-Background-Pool: Thread-674] metastore.HMSHandler: Created RawStore: org.apache.hadoop.hive.metastore.ObjectStore@54d6a82e from thread id: 674
2024-05-01T14:00:14,902  INFO [HiveServer2-Background-Pool: Thread-674] utils.FileUtils: Creating directory if it doesn't exist: file:/home/alex/Repositories/hive/beeline/target/tmp/warehouse/test.db/testtbl
2024-05-01T14:00:14,926  INFO [HiveServer2-Background-Pool: Thread-674] metadata.Hive: Dumping metastore api call timing information for : execution phase
2024-05-01T14:00:14,926  INFO [HiveServer2-Background-Pool: Thread-674] metadata.Hive: Total time spent in each metastore function (ms): {isCompatibleWith_(Configuration)=0, createTable_(Table)=29}
2024-05-01T14:00:14,926  INFO [HiveServer2-Background-Pool: Thread-674] ql.Driver: Completed executing command(queryId=alex_20240501140014_ae955780-3b70-4ff3-b0b7-a4d3ff675173); Time taken: 0.031 seconds
2024-05-01T14:00:14,927  INFO [HiveServer2-Background-Pool: Thread-674] common.LogUtils: Unregistered logging context.
2024-05-01T14:00:14,929  INFO [d06fea9e-aff2-40c8-8324-3a9873ab9227 main] operation.OperationManager: Closing operation: OperationHandle [opType=EXECUTE_STATEMENT, getHandleIdentifier()=a00e2273-cbdd-4498-a2fa-7aa84d2df140]
2024-05-01T14:00:14,929  INFO [d06fea9e-aff2-40c8-8324-3a9873ab9227 main] operation.OperationManager: Removed queryId: alex_20240501140014_ae955780-3b70-4ff3-b0b7-a4d3ff675173 corresponding to operation: OperationHandle [opType=EXECUTE_STATEMENT, getHandleIdentifier()=a00e2273-cbdd-4498-a2fa-7aa84d2df140] with tag: null
2024-05-01T14:00:14,930  INFO [d06fea9e-aff2-40c8-8324-3a9873ab9227 main] operation.SQLOperation: Closing operation log /home/alex/Repositories/hive/beeline/target/tmp/alex/operation_logs/d06fea9e-aff2-40c8-8324-3a9873ab9227/alex_20240501140014_ae955780-3b70-4ff3-b0b7-a4d3ff675173 without delay
2024-05-01T14:00:14,934  INFO [d06fea9e-aff2-40c8-8324-3a9873ab9227 main] session.HiveSessionImpl: executing set hive.cli.print.header=true
2024-05-01T14:00:14,935  INFO [d06fea9e-aff2-40c8-8324-3a9873ab9227 main] operation.HiveCommandOperation: Putting temp output to file /home/alex/Repositories/hive/beeline/target/tmp/alex/d06fea9e-aff2-40c8-8324-3a9873ab92275862848044533380091.pipeout and error output to file /home/alex/Repositories/hive/beeline/target/tmp/alex/d06fea9e-aff2-40c8-8324-3a9873ab92275040476697155141011.pipeout
2024-05-01T14:00:14,935  INFO [d06fea9e-aff2-40c8-8324-3a9873ab9227 main] operation.OperationManager: Adding operation: OperationHandle [opType=EXECUTE_STATEMENT, getHandleIdentifier()=8e9683bb-eaa9-4aeb-8864-47b805181acb] SessionHandle [d06fea9e-aff2-40c8-8324-3a9873ab9227]
2024-05-01T14:00:14,935  INFO [d06fea9e-aff2-40c8-8324-3a9873ab9227 main] common.LogUtils: Thread context registration is done.
DEBUG StatusLogger Building Plugin[name=filter, class=org.apache.hadoop.hive.ql.log.LogDivertAppender$NameFilter].
DEBUG StatusLogger createFilter(loggingLevel="EXECUTION")
DEBUG StatusLogger Building Plugin[name=layout, class=org.apache.logging.log4j.core.layout.PatternLayout].
DEBUG StatusLogger PatternLayout$Builder(pattern="%-5p : %m%n", PatternSelector=null, Configuration(HiveLog4j2Test), Replace=null, charset="null", alwaysWriteExceptions="null", disableAnsi="null", noConsoleNoAnsi="null", header="null", footer="null")
DEBUG StatusLogger Building Plugin[name=appender, class=org.apache.hadoop.hive.ql.log.HushableRandomAccessFileAppender].
DEBUG StatusLogger createAppender(fileName="/home/alex/Repositories/hive/beeline/target/tmp/alex/operation_logs/d06fea9e-aff2-40c8-8324-3a9873ab9227/alex_20240501140014_739eebdd-0ac3-41f7-9508-7f00a67248f4", append="null", name="query-file-appender", immediateFlush="null", bufferSize="null", ignoreExceptions="null", PatternLayout(org.apache.logging.log4j.core.layout.PatternLayout with name PatternLayout), NameFilter(org.apache.hadoop.hive.ql.log.LogDivertAppender$NameFilter with name NameFilter), advertise="null", advertiseURI="null", Configuration(HiveLog4j2Test))
DEBUG StatusLogger Starting RandomAccessFileManager /home/alex/Repositories/hive/beeline/target/tmp/alex/operation_logs/d06fea9e-aff2-40c8-8324-3a9873ab9227/alex_20240501140014_739eebdd-0ac3-41f7-9508-7f00a67248f4
DEBUG StatusLogger Building Plugin[name=, class=org.apache.hadoop.hive.ql.log.LogDivertAppenderForTest$TestFilter].
DEBUG StatusLogger createFilter()
DEBUG StatusLogger Building Plugin[name=, class=org.apache.logging.log4j.core.layout.PatternLayout].
DEBUG StatusLogger PatternLayout$Builder(pattern="%-5p : %m%n", PatternSelector=null, Configuration(HiveLog4j2Test), Replace=null, charset="null", alwaysWriteExceptions="null", disableAnsi="null", noConsoleNoAnsi="null", header="null", footer="null")
DEBUG StatusLogger Building Plugin[name=appender, class=org.apache.hadoop.hive.ql.log.HushableRandomAccessFileAppender].
DEBUG StatusLogger createAppender(fileName="/home/alex/Repositories/hive/beeline/target/tmp/alex/operation_logs/d06fea9e-aff2-40c8-8324-3a9873ab9227/alex_20240501140014_739eebdd-0ac3-41f7-9508-7f00a67248f4.test", append="null", name="test-query-file-appender", immediateFlush="null", bufferSize="null", ignoreExceptions="null", PatternLayout(org.apache.logging.log4j.core.layout.PatternLayout with name PatternLayout), test-filter(org.apache.hadoop.hive.ql.log.LogDivertAppenderForTest$TestFilter with name test-filter), advertise="null", advertiseURI="null", Configuration(HiveLog4j2Test))
DEBUG StatusLogger Starting RandomAccessFileManager /home/alex/Repositories/hive/beeline/target/tmp/alex/operation_logs/d06fea9e-aff2-40c8-8324-3a9873ab9227/alex_20240501140014_739eebdd-0ac3-41f7-9508-7f00a67248f4.test
2024-05-01T14:00:14,939  INFO [d06fea9e-aff2-40c8-8324-3a9873ab9227 main] operation.HiveCommandOperation: [opType=EXECUTE_STATEMENT, queryId=alex_20240501140014_739eebdd-0ac3-41f7-9508-7f00a67248f4, startTime=1714597214935, sessionId=d06fea9e-aff2-40c8-8324-3a9873ab9227, createTime=1714597214737, userName=null, ipAddress=null]
2024-05-01T14:00:14,940  INFO [d06fea9e-aff2-40c8-8324-3a9873ab9227 main] common.LogUtils: Unregistered logging context.
2024-05-01T14:00:14,944  INFO [d06fea9e-aff2-40c8-8324-3a9873ab9227 main] operation.OperationManager: Closing operation: OperationHandle [opType=EXECUTE_STATEMENT, getHandleIdentifier()=8e9683bb-eaa9-4aeb-8864-47b805181acb]
2024-05-01T14:00:14,944  INFO [d06fea9e-aff2-40c8-8324-3a9873ab9227 main] operation.OperationManager: Removed queryId: alex_20240501140014_739eebdd-0ac3-41f7-9508-7f00a67248f4 corresponding to operation: OperationHandle [opType=EXECUTE_STATEMENT, getHandleIdentifier()=8e9683bb-eaa9-4aeb-8864-47b805181acb] with tag: null
2024-05-01T14:00:14,944  INFO [d06fea9e-aff2-40c8-8324-3a9873ab9227 main] operation.HiveCommandOperation: Closing operation log /home/alex/Repositories/hive/beeline/target/tmp/alex/operation_logs/d06fea9e-aff2-40c8-8324-3a9873ab9227/alex_20240501140014_739eebdd-0ac3-41f7-9508-7f00a67248f4 without delay
2024-05-01T14:00:15,006  WARN [main] conf.HiveConf: HiveConf of name hive.dummyparam.test.server.specific.config.override does not exist
2024-05-01T14:00:15,006  WARN [main] conf.HiveConf: HiveConf of name hive.dummyparam.test.server.specific.config.hiveserver2site does not exist
2024-05-01T14:00:15,007  WARN [main] conf.HiveConf: HiveConf of name hive.dummyparam.test.server.specific.config.metastoresite does not exist
2024-05-01T14:00:15,008  INFO [d06fea9e-aff2-40c8-8324-3a9873ab9227 main] session.HiveSessionImpl: executing set
2024-05-01T14:00:15,008  INFO [d06fea9e-aff2-40c8-8324-3a9873ab9227 main] operation.HiveCommandOperation: Putting temp output to file /home/alex/Repositories/hive/beeline/target/tmp/alex/d06fea9e-aff2-40c8-8324-3a9873ab92275862848044533380091.pipeout and error output to file /home/alex/Repositories/hive/beeline/target/tmp/alex/d06fea9e-aff2-40c8-8324-3a9873ab92275040476697155141011.pipeout
2024-05-01T14:00:15,009  INFO [d06fea9e-aff2-40c8-8324-3a9873ab9227 main] operation.OperationManager: Adding operation: OperationHandle [opType=EXECUTE_STATEMENT, getHandleIdentifier()=cd3b4dae-e2ce-4f70-8491-8c780fc8f273] SessionHandle [d06fea9e-aff2-40c8-8324-3a9873ab9227]
2024-05-01T14:00:15,009  INFO [d06fea9e-aff2-40c8-8324-3a9873ab9227 main] common.LogUtils: Thread context registration is done.
DEBUG StatusLogger Building Plugin[name=filter, class=org.apache.hadoop.hive.ql.log.LogDivertAppender$NameFilter].
DEBUG StatusLogger createFilter(loggingLevel="EXECUTION")
DEBUG StatusLogger Building Plugin[name=layout, class=org.apache.logging.log4j.core.layout.PatternLayout].
DEBUG StatusLogger PatternLayout$Builder(pattern="%-5p : %m%n", PatternSelector=null, Configuration(HiveLog4j2Test), Replace=null, charset="null", alwaysWriteExceptions="null", disableAnsi="null", noConsoleNoAnsi="null", header="null", footer="null")
DEBUG StatusLogger Building Plugin[name=appender, class=org.apache.hadoop.hive.ql.log.HushableRandomAccessFileAppender].
DEBUG StatusLogger createAppender(fileName="/home/alex/Repositories/hive/beeline/target/tmp/alex/operation_logs/d06fea9e-aff2-40c8-8324-3a9873ab9227/alex_20240501140015_7e4f3993-8e84-4a22-907c-61aff8041f88", append="null", name="query-file-appender", immediateFlush="null", bufferSize="null", ignoreExceptions="null", PatternLayout(org.apache.logging.log4j.core.layout.PatternLayout with name PatternLayout), NameFilter(org.apache.hadoop.hive.ql.log.LogDivertAppender$NameFilter with name NameFilter), advertise="null", advertiseURI="null", Configuration(HiveLog4j2Test))
DEBUG StatusLogger Starting RandomAccessFileManager /home/alex/Repositories/hive/beeline/target/tmp/alex/operation_logs/d06fea9e-aff2-40c8-8324-3a9873ab9227/alex_20240501140015_7e4f3993-8e84-4a22-907c-61aff8041f88
DEBUG StatusLogger Building Plugin[name=, class=org.apache.hadoop.hive.ql.log.LogDivertAppenderForTest$TestFilter].
DEBUG StatusLogger createFilter()
DEBUG StatusLogger Building Plugin[name=, class=org.apache.logging.log4j.core.layout.PatternLayout].
DEBUG StatusLogger PatternLayout$Builder(pattern="%-5p : %m%n", PatternSelector=null, Configuration(HiveLog4j2Test), Replace=null, charset="null", alwaysWriteExceptions="null", disableAnsi="null", noConsoleNoAnsi="null", header="null", footer="null")
DEBUG StatusLogger Building Plugin[name=appender, class=org.apache.hadoop.hive.ql.log.HushableRandomAccessFileAppender].
DEBUG StatusLogger createAppender(fileName="/home/alex/Repositories/hive/beeline/target/tmp/alex/operation_logs/d06fea9e-aff2-40c8-8324-3a9873ab9227/alex_20240501140015_7e4f3993-8e84-4a22-907c-61aff8041f88.test", append="null", name="test-query-file-appender", immediateFlush="null", bufferSize="null", ignoreExceptions="null", PatternLayout(org.apache.logging.log4j.core.layout.PatternLayout with name PatternLayout), test-filter(org.apache.hadoop.hive.ql.log.LogDivertAppenderForTest$TestFilter with name test-filter), advertise="null", advertiseURI="null", Configuration(HiveLog4j2Test))
DEBUG StatusLogger Starting RandomAccessFileManager /home/alex/Repositories/hive/beeline/target/tmp/alex/operation_logs/d06fea9e-aff2-40c8-8324-3a9873ab9227/alex_20240501140015_7e4f3993-8e84-4a22-907c-61aff8041f88.test
2024-05-01T14:00:15,013  INFO [d06fea9e-aff2-40c8-8324-3a9873ab9227 main] operation.HiveCommandOperation: [opType=EXECUTE_STATEMENT, queryId=alex_20240501140015_7e4f3993-8e84-4a22-907c-61aff8041f88, startTime=1714597215008, sessionId=d06fea9e-aff2-40c8-8324-3a9873ab9227, createTime=1714597214737, userName=null, ipAddress=null]
2024-05-01T14:00:15,022  INFO [d06fea9e-aff2-40c8-8324-3a9873ab9227 main] common.LogUtils: Unregistered logging context.
2024-05-01T14:00:15,027  INFO [d06fea9e-aff2-40c8-8324-3a9873ab9227 main] operation.OperationManager: Closing operation: OperationHandle [opType=EXECUTE_STATEMENT, getHandleIdentifier()=cd3b4dae-e2ce-4f70-8491-8c780fc8f273]
2024-05-01T14:00:15,027  INFO [d06fea9e-aff2-40c8-8324-3a9873ab9227 main] operation.OperationManager: Removed queryId: alex_20240501140015_7e4f3993-8e84-4a22-907c-61aff8041f88 corresponding to operation: OperationHandle [opType=EXECUTE_STATEMENT, getHandleIdentifier()=cd3b4dae-e2ce-4f70-8491-8c780fc8f273] with tag: null
2024-05-01T14:00:15,028  INFO [d06fea9e-aff2-40c8-8324-3a9873ab9227 main] operation.HiveCommandOperation: Closing operation log /home/alex/Repositories/hive/beeline/target/tmp/alex/operation_logs/d06fea9e-aff2-40c8-8324-3a9873ab9227/alex_20240501140015_7e4f3993-8e84-4a22-907c-61aff8041f88 without delay
2024-05-01T14:00:15,035  INFO [d06fea9e-aff2-40c8-8324-3a9873ab9227 main] session.HiveSessionImpl: executing select * from test.testTbl
2024-05-01T14:00:15,035  INFO [d06fea9e-aff2-40c8-8324-3a9873ab9227 main] operation.OperationManager: Adding operation: OperationHandle [opType=EXECUTE_STATEMENT, getHandleIdentifier()=08daf112-3ab6-49bd-9285-60b519c49740] SessionHandle [d06fea9e-aff2-40c8-8324-3a9873ab9227]
2024-05-01T14:00:15,035  INFO [d06fea9e-aff2-40c8-8324-3a9873ab9227 main] common.LogUtils: Thread context registration is done.
DEBUG StatusLogger Building Plugin[name=filter, class=org.apache.hadoop.hive.ql.log.LogDivertAppender$NameFilter].
DEBUG StatusLogger createFilter(loggingLevel="EXECUTION")
DEBUG StatusLogger Building Plugin[name=layout, class=org.apache.logging.log4j.core.layout.PatternLayout].
DEBUG StatusLogger PatternLayout$Builder(pattern="%-5p : %m%n", PatternSelector=null, Configuration(HiveLog4j2Test), Replace=null, charset="null", alwaysWriteExceptions="null", disableAnsi="null", noConsoleNoAnsi="null", header="null", footer="null")
DEBUG StatusLogger Building Plugin[name=appender, class=org.apache.hadoop.hive.ql.log.HushableRandomAccessFileAppender].
DEBUG StatusLogger createAppender(fileName="/home/alex/Repositories/hive/beeline/target/tmp/alex/operation_logs/d06fea9e-aff2-40c8-8324-3a9873ab9227/alex_20240501140015_42b49015-8b4c-487d-86e5-b9926c76529c", append="null", name="query-file-appender", immediateFlush="null", bufferSize="null", ignoreExceptions="null", PatternLayout(org.apache.logging.log4j.core.layout.PatternLayout with name PatternLayout), NameFilter(org.apache.hadoop.hive.ql.log.LogDivertAppender$NameFilter with name NameFilter), advertise="null", advertiseURI="null", Configuration(HiveLog4j2Test))
DEBUG StatusLogger Starting RandomAccessFileManager /home/alex/Repositories/hive/beeline/target/tmp/alex/operation_logs/d06fea9e-aff2-40c8-8324-3a9873ab9227/alex_20240501140015_42b49015-8b4c-487d-86e5-b9926c76529c
DEBUG StatusLogger Building Plugin[name=, class=org.apache.hadoop.hive.ql.log.LogDivertAppenderForTest$TestFilter].
DEBUG StatusLogger createFilter()
DEBUG StatusLogger Building Plugin[name=, class=org.apache.logging.log4j.core.layout.PatternLayout].
DEBUG StatusLogger PatternLayout$Builder(pattern="%-5p : %m%n", PatternSelector=null, Configuration(HiveLog4j2Test), Replace=null, charset="null", alwaysWriteExceptions="null", disableAnsi="null", noConsoleNoAnsi="null", header="null", footer="null")
DEBUG StatusLogger Building Plugin[name=appender, class=org.apache.hadoop.hive.ql.log.HushableRandomAccessFileAppender].
DEBUG StatusLogger createAppender(fileName="/home/alex/Repositories/hive/beeline/target/tmp/alex/operation_logs/d06fea9e-aff2-40c8-8324-3a9873ab9227/alex_20240501140015_42b49015-8b4c-487d-86e5-b9926c76529c.test", append="null", name="test-query-file-appender", immediateFlush="null", bufferSize="null", ignoreExceptions="null", PatternLayout(org.apache.logging.log4j.core.layout.PatternLayout with name PatternLayout), test-filter(org.apache.hadoop.hive.ql.log.LogDivertAppenderForTest$TestFilter with name test-filter), advertise="null", advertiseURI="null", Configuration(HiveLog4j2Test))
DEBUG StatusLogger Starting RandomAccessFileManager /home/alex/Repositories/hive/beeline/target/tmp/alex/operation_logs/d06fea9e-aff2-40c8-8324-3a9873ab9227/alex_20240501140015_42b49015-8b4c-487d-86e5-b9926c76529c.test
2024-05-01T14:00:15,038  INFO [d06fea9e-aff2-40c8-8324-3a9873ab9227 main] operation.SQLOperation: [opType=EXECUTE_STATEMENT, queryId=alex_20240501140015_42b49015-8b4c-487d-86e5-b9926c76529c, startTime=1714597215035, sessionId=d06fea9e-aff2-40c8-8324-3a9873ab9227, createTime=1714597214737, userName=null, ipAddress=null]
2024-05-01T14:00:15,039  INFO [d06fea9e-aff2-40c8-8324-3a9873ab9227 main] ql.Driver: Compiling command(queryId=alex_20240501140015_42b49015-8b4c-487d-86e5-b9926c76529c): select * from test.testTbl
2024-05-01T14:00:15,043  INFO [d06fea9e-aff2-40c8-8324-3a9873ab9227 main] parse.CalcitePlanner: Starting caching scope for: alex_20240501140015_42b49015-8b4c-487d-86e5-b9926c76529c
2024-05-01T14:00:15,043  INFO [d06fea9e-aff2-40c8-8324-3a9873ab9227 main] parse.CalcitePlanner: Starting Semantic Analysis
2024-05-01T14:00:15,048  INFO [d06fea9e-aff2-40c8-8324-3a9873ab9227 main] parse.CalcitePlanner: Completed phase 1 of Semantic Analysis
2024-05-01T14:00:15,048  INFO [d06fea9e-aff2-40c8-8324-3a9873ab9227 main] parse.CalcitePlanner: Get metadata for source tables
2024-05-01T14:00:15,049  INFO [d06fea9e-aff2-40c8-8324-3a9873ab9227 main] HiveMetaStore.audit: ugi=alex	ip=unknown-ip-addr	cmd=get_table : tbl=hive.test.testtbl	
2024-05-01T14:00:15,063  INFO [d06fea9e-aff2-40c8-8324-3a9873ab9227 main] parse.CalcitePlanner: Get metadata for subqueries
2024-05-01T14:00:15,063  INFO [d06fea9e-aff2-40c8-8324-3a9873ab9227 main] parse.CalcitePlanner: Get metadata for destination tables
2024-05-01T14:00:15,070  INFO [d06fea9e-aff2-40c8-8324-3a9873ab9227 main] parse.CalcitePlanner: Completed getting MetaData in Semantic Analysis
2024-05-01T14:00:16,795  INFO [d06fea9e-aff2-40c8-8324-3a9873ab9227 main] HiveMetaStore.audit: ugi=alex	ip=unknown-ip-addr	cmd=get_all_table_constraints : tbl=hive.test.testtbl	
2024-05-01T14:00:17,581  INFO [d06fea9e-aff2-40c8-8324-3a9873ab9227 main] calcite.RelOptHiveTable: Calculating column statistics for test.testtbl, projIndxSet: [0, 1], allowMissingStats: true
2024-05-01T14:00:17,600  INFO [d06fea9e-aff2-40c8-8324-3a9873ab9227 main] HiveMetaStore.audit: ugi=alex	ip=unknown-ip-addr	cmd=get_table_statistics_req: table=hive.test.testtbl	
2024-05-01T14:00:17,623  WARN [d06fea9e-aff2-40c8-8324-3a9873ab9227 main] calcite.RelOptHiveTable: No Stats for test@testtbl, Columns: a, b
2024-05-01T14:00:17,623  INFO [d06fea9e-aff2-40c8-8324-3a9873ab9227 main] SessionState: No Stats for test@testtbl, Columns: a, b
2024-05-01T14:00:17,776  INFO [d06fea9e-aff2-40c8-8324-3a9873ab9227 main] parse.CalcitePlanner: Get metadata for source tables
2024-05-01T14:00:17,776  INFO [d06fea9e-aff2-40c8-8324-3a9873ab9227 main] parse.CalcitePlanner: Get metadata for subqueries
2024-05-01T14:00:17,777  INFO [d06fea9e-aff2-40c8-8324-3a9873ab9227 main] parse.CalcitePlanner: Get metadata for destination tables
2024-05-01T14:00:17,811  INFO [d06fea9e-aff2-40c8-8324-3a9873ab9227 main] common.FileUtils: Creating directory if it doesn't exist: file:/home/alex/Repositories/hive/beeline/target/tmp/alex/d06fea9e-aff2-40c8-8324-3a9873ab9227/hive_2024-05-01_14-00-15_039_3284239659482567491-1/-mr-10001/.hive-staging_hive_2024-05-01_14-00-15_039_3284239659482567491-1
2024-05-01T14:00:17,840  INFO [d06fea9e-aff2-40c8-8324-3a9873ab9227 main] parse.CalcitePlanner: CBO Succeeded; optimized logical plan.
2024-05-01T14:00:17,982  INFO [d06fea9e-aff2-40c8-8324-3a9873ab9227 main] optimizer.BucketVersionPopulator: not considering bucketingVersion for: TS[0] because it has -1<2 buckets 
2024-05-01T14:00:18,019  INFO [d06fea9e-aff2-40c8-8324-3a9873ab9227 main] parse.CalcitePlanner: Completed plan generation
2024-05-01T14:00:18,020  INFO [d06fea9e-aff2-40c8-8324-3a9873ab9227 main] parse.CalcitePlanner: Ending caching scope for: alex_20240501140015_42b49015-8b4c-487d-86e5-b9926c76529c
2024-05-01T14:00:18,020  INFO [d06fea9e-aff2-40c8-8324-3a9873ab9227 main] ql.Driver: Semantic Analysis Completed (retrial = false)
2024-05-01T14:00:18,020  INFO [d06fea9e-aff2-40c8-8324-3a9873ab9227 main] ql.Driver: Created Hive schema: Schema(fieldSchemas:[FieldSchema(name:testtbl.a, type:string, comment:null), FieldSchema(name:testtbl.b, type:string, comment:null)], properties:null)
2024-05-01T14:00:18,027  INFO [d06fea9e-aff2-40c8-8324-3a9873ab9227 main] exec.TableScanOperator: Initializing Operator: TS[0]
2024-05-01T14:00:18,028  INFO [d06fea9e-aff2-40c8-8324-3a9873ab9227 main] exec.SelectOperator: Initializing Operator: SEL[1]
2024-05-01T14:00:18,042  INFO [d06fea9e-aff2-40c8-8324-3a9873ab9227 main] exec.SelectOperator: SELECT struct<a:string,b:string>
2024-05-01T14:00:18,042  INFO [d06fea9e-aff2-40c8-8324-3a9873ab9227 main] exec.ListSinkOperator: Initializing Operator: LIST_SINK[3]
2024-05-01T14:00:18,042  INFO [d06fea9e-aff2-40c8-8324-3a9873ab9227 main] metadata.Hive: Dumping metastore api call timing information for : compilation phase
2024-05-01T14:00:18,042  INFO [d06fea9e-aff2-40c8-8324-3a9873ab9227 main] metadata.Hive: Total time spent in each metastore function (ms): {getTableColumnStatistics_(String, String, List, String)=19, isCompatibleWith_(Configuration)=0, getAllTableConstraints_(AllTableConstraintsRequest)=74, getTable_(GetTableRequest)=12, flushCache_()=1}
2024-05-01T14:00:18,042  INFO [d06fea9e-aff2-40c8-8324-3a9873ab9227 main] ql.Driver: Completed compiling command(queryId=alex_20240501140015_42b49015-8b4c-487d-86e5-b9926c76529c); Time taken: 3.003 seconds
2024-05-01T14:00:18,043  INFO [d06fea9e-aff2-40c8-8324-3a9873ab9227 main] common.LogUtils: Unregistered logging context.
2024-05-01T14:00:18,043  INFO [HiveServer2-Background-Pool: Thread-682] common.LogUtils: Thread context registration is done.
2024-05-01T14:00:18,044  INFO [HiveServer2-Background-Pool: Thread-682] reexec.ReExecDriver: Execution #1 of query
2024-05-01T14:00:18,045  INFO [HiveServer2-Background-Pool: Thread-682] ql.Driver: Concurrency mode is disabled, not creating a lock manager
2024-05-01T14:00:18,045  INFO [HiveServer2-Background-Pool: Thread-682] ql.Driver: Executing command(queryId=alex_20240501140015_42b49015-8b4c-487d-86e5-b9926c76529c): select * from test.testTbl
2024-05-01T14:00:18,046  INFO [HiveServer2-Background-Pool: Thread-682] metadata.Hive: Dumping metastore api call timing information for : execution phase
2024-05-01T14:00:18,046  INFO [HiveServer2-Background-Pool: Thread-682] metadata.Hive: Total time spent in each metastore function (ms): {}
2024-05-01T14:00:18,046  INFO [HiveServer2-Background-Pool: Thread-682] ql.Driver: Completed executing command(queryId=alex_20240501140015_42b49015-8b4c-487d-86e5-b9926c76529c); Time taken: 0.001 seconds
2024-05-01T14:00:18,047  INFO [HiveServer2-Background-Pool: Thread-682] common.LogUtils: Unregistered logging context.
2024-05-01T14:00:18,048  INFO [d06fea9e-aff2-40c8-8324-3a9873ab9227 main] operation.OperationManager: Closing operation: OperationHandle [opType=EXECUTE_STATEMENT, getHandleIdentifier()=08daf112-3ab6-49bd-9285-60b519c49740]
2024-05-01T14:00:18,048  INFO [d06fea9e-aff2-40c8-8324-3a9873ab9227 main] operation.OperationManager: Removed queryId: alex_20240501140015_42b49015-8b4c-487d-86e5-b9926c76529c corresponding to operation: OperationHandle [opType=EXECUTE_STATEMENT, getHandleIdentifier()=08daf112-3ab6-49bd-9285-60b519c49740] with tag: null
2024-05-01T14:00:18,049  INFO [d06fea9e-aff2-40c8-8324-3a9873ab9227 main] ql.Context: Deleting scratch dir: file:/home/alex/Repositories/hive/beeline/target/tmp/alex/d06fea9e-aff2-40c8-8324-3a9873ab9227/hive_2024-05-01_14-00-15_039_3284239659482567491-1
2024-05-01T14:00:18,049  INFO [d06fea9e-aff2-40c8-8324-3a9873ab9227 main] cleanup.EventualCleanupService: Delete file:/home/alex/Repositories/hive/beeline/target/tmp/alex/d06fea9e-aff2-40c8-8324-3a9873ab9227/hive_2024-05-01_14-00-15_039_3284239659482567491-1 operation was queued
2024-05-01T14:00:18,049  INFO [d06fea9e-aff2-40c8-8324-3a9873ab9227 main] exec.TableScanOperator: Closing Operator: TS[0]
2024-05-01T14:00:18,049  INFO [d06fea9e-aff2-40c8-8324-3a9873ab9227 main] exec.TableScanOperator: RECORDS_OUT_INTERMEDIATE:0, RECORDS_OUT_OPERATOR_TS_0:0, 
2024-05-01T14:00:18,049  INFO [d06fea9e-aff2-40c8-8324-3a9873ab9227 main] exec.SelectOperator: Closing Operator: SEL[1]
2024-05-01T14:00:18,049  INFO [d06fea9e-aff2-40c8-8324-3a9873ab9227 main] exec.SelectOperator: RECORDS_OUT_INTERMEDIATE:0, RECORDS_OUT_OPERATOR_SEL_1:0, 
2024-05-01T14:00:18,049  INFO [d06fea9e-aff2-40c8-8324-3a9873ab9227 main] exec.ListSinkOperator: Closing Operator: LIST_SINK[3]
2024-05-01T14:00:18,049  INFO [d06fea9e-aff2-40c8-8324-3a9873ab9227 main] exec.ListSinkOperator: RECORDS_OUT_INTERMEDIATE:0, RECORDS_OUT_OPERATOR_LIST_SINK_3:0, 
2024-05-01T14:00:18,049  INFO [d06fea9e-aff2-40c8-8324-3a9873ab9227 main] operation.SQLOperation: Closing operation log /home/alex/Repositories/hive/beeline/target/tmp/alex/operation_logs/d06fea9e-aff2-40c8-8324-3a9873ab9227/alex_20240501140015_42b49015-8b4c-487d-86e5-b9926c76529c without delay
2024-05-01T14:00:18,049  INFO [EventualCleanupService thread 0] cleanup.EventualCleanupService: Deleted file:/home/alex/Repositories/hive/beeline/target/tmp/alex/d06fea9e-aff2-40c8-8324-3a9873ab9227/hive_2024-05-01_14-00-15_039_3284239659482567491-1
2024-05-01T14:00:18,066  INFO [main] service.CompositeService: Session closed, SessionHandle [d06fea9e-aff2-40c8-8324-3a9873ab9227], current sessions:0
2024-05-01T14:00:18,066  INFO [d06fea9e-aff2-40c8-8324-3a9873ab9227 main] session.HiveSessionImpl: Operation log session directory is deleted: /home/alex/Repositories/hive/beeline/target/tmp/alex/operation_logs/d06fea9e-aff2-40c8-8324-3a9873ab9227
2024-05-01T14:00:18,067  INFO [main] cleanup.EventualCleanupService: Delete /tmp/hive/alex/d06fea9e-aff2-40c8-8324-3a9873ab9227 operation was queued
2024-05-01T14:00:18,067  INFO [main] cleanup.EventualCleanupService: Delete /home/alex/Repositories/hive/beeline/target/tmp/alex/d06fea9e-aff2-40c8-8324-3a9873ab9227 operation was queued
2024-05-01T14:00:18,067  INFO [EventualCleanupService thread 2] cleanup.EventualCleanupService: Deleted /home/alex/Repositories/hive/beeline/target/tmp/alex/d06fea9e-aff2-40c8-8324-3a9873ab9227
2024-05-01T14:00:18,067  INFO [EventualCleanupService thread 1] cleanup.EventualCleanupService: Deleted /tmp/hive/alex/d06fea9e-aff2-40c8-8324-3a9873ab9227
2024-05-01T14:00:18,068  INFO [main] HiveMetaStore.audit: ugi=alex	ip=unknown-ip-addr	cmd=Cleaning up thread local RawStore...	
2024-05-01T14:00:18,068  INFO [main] metastore.ObjectStore: RawStore: org.apache.hadoop.hive.metastore.ObjectStore@438c0aaf, with PersistenceManager: org.datanucleus.api.jdo.JDOPersistenceManager@7577589 will be shutdown
2024-05-01T14:00:18,068  INFO [main] HiveMetaStore.audit: ugi=alex	ip=unknown-ip-addr	cmd=Done cleaning up thread local RawStore	
2024-05-01T14:00:18,068  INFO [main] metastore.HiveMetaStoreClient: Closed a connection to metastore, current connections: -43
]]></system-err>
  </testcase>
  <testcase name="testInValidCmd" classname="org.apache.hive.beeline.cli.TestHiveCli" time="0.304"/>
  <testcase name="testSqlFromCmdWithEmbeddedQuotes" classname="org.apache.hive.beeline.cli.TestHiveCli" time="42.501">
    <failure type="java.lang.AssertionError"><![CDATA[java.lang.AssertionError: Supported return code is 0 while the actual is 1
	at org.junit.Assert.fail(Assert.java:89)
	at org.apache.hive.beeline.cli.TestHiveCli.executeCMD(TestHiveCli.java:256)
	at org.apache.hive.beeline.cli.TestHiveCli.verifyCMD(TestHiveCli.java:266)
	at org.apache.hive.beeline.cli.TestHiveCli.testSqlFromCmdWithEmbeddedQuotes(TestHiveCli.java:172)
	at sun.reflect.NativeMethodAccessorImpl.invoke0(Native Method)
	at sun.reflect.NativeMethodAccessorImpl.invoke(NativeMethodAccessorImpl.java:62)
	at sun.reflect.DelegatingMethodAccessorImpl.invoke(DelegatingMethodAccessorImpl.java:43)
	at java.lang.reflect.Method.invoke(Method.java:498)
	at org.junit.runners.model.FrameworkMethod$1.runReflectiveCall(FrameworkMethod.java:59)
	at org.junit.internal.runners.model.ReflectiveCallable.run(ReflectiveCallable.java:12)
	at org.junit.runners.model.FrameworkMethod.invokeExplosively(FrameworkMethod.java:56)
	at org.junit.internal.runners.statements.InvokeMethod.evaluate(InvokeMethod.java:17)
	at org.junit.internal.runners.statements.RunBefores.evaluate(RunBefores.java:26)
	at org.junit.internal.runners.statements.RunAfters.evaluate(RunAfters.java:27)
	at org.junit.runners.ParentRunner$3.evaluate(ParentRunner.java:306)
	at org.junit.runners.BlockJUnit4ClassRunner$1.evaluate(BlockJUnit4ClassRunner.java:100)
	at org.junit.runners.ParentRunner.runLeaf(ParentRunner.java:366)
	at org.junit.runners.BlockJUnit4ClassRunner.runChild(BlockJUnit4ClassRunner.java:103)
	at org.junit.runners.BlockJUnit4ClassRunner.runChild(BlockJUnit4ClassRunner.java:63)
	at org.junit.runners.ParentRunner$4.run(ParentRunner.java:331)
	at org.junit.runners.ParentRunner$1.schedule(ParentRunner.java:79)
	at org.junit.runners.ParentRunner.runChildren(ParentRunner.java:329)
	at org.junit.runners.ParentRunner.access$100(ParentRunner.java:66)
	at org.junit.runners.ParentRunner$2.evaluate(ParentRunner.java:293)
	at org.junit.internal.runners.statements.RunBefores.evaluate(RunBefores.java:26)
	at org.junit.runners.ParentRunner$3.evaluate(ParentRunner.java:306)
	at org.junit.runners.ParentRunner.run(ParentRunner.java:413)
	at org.junit.runner.JUnitCore.run(JUnitCore.java:137)
	at org.junit.runner.JUnitCore.run(JUnitCore.java:115)
	at org.junit.vintage.engine.execution.RunnerExecutor.execute(RunnerExecutor.java:43)
	at java.util.stream.ForEachOps$ForEachOp$OfRef.accept(ForEachOps.java:183)
	at java.util.stream.ReferencePipeline$3$1.accept(ReferencePipeline.java:193)
	at java.util.Iterator.forEachRemaining(Iterator.java:116)
	at java.util.Spliterators$IteratorSpliterator.forEachRemaining(Spliterators.java:1801)
	at java.util.stream.AbstractPipeline.copyInto(AbstractPipeline.java:482)
	at java.util.stream.AbstractPipeline.wrapAndCopyInto(AbstractPipeline.java:472)
	at java.util.stream.ForEachOps$ForEachOp.evaluateSequential(ForEachOps.java:150)
	at java.util.stream.ForEachOps$ForEachOp$OfRef.evaluateSequential(ForEachOps.java:173)
	at java.util.stream.AbstractPipeline.evaluate(AbstractPipeline.java:234)
	at java.util.stream.ReferencePipeline.forEach(ReferencePipeline.java:485)
	at org.junit.vintage.engine.VintageTestEngine.executeAllChildren(VintageTestEngine.java:82)
	at org.junit.vintage.engine.VintageTestEngine.execute(VintageTestEngine.java:73)
	at org.junit.platform.launcher.core.DefaultLauncher.execute(DefaultLauncher.java:248)
	at org.junit.platform.launcher.core.DefaultLauncher.lambda$execute$5(DefaultLauncher.java:211)
	at org.junit.platform.launcher.core.DefaultLauncher.withInterceptedStreams(DefaultLauncher.java:226)
	at org.junit.platform.launcher.core.DefaultLauncher.execute(DefaultLauncher.java:199)
	at org.junit.platform.launcher.core.DefaultLauncher.execute(DefaultLauncher.java:132)
	at org.apache.maven.surefire.junitplatform.JUnitPlatformProvider.invokeAllTests(JUnitPlatformProvider.java:154)
	at org.apache.maven.surefire.junitplatform.JUnitPlatformProvider.invoke(JUnitPlatformProvider.java:123)
	at org.apache.maven.surefire.booter.ForkedBooter.runSuitesInProcess(ForkedBooter.java:377)
	at org.apache.maven.surefire.booter.ForkedBooter.execute(ForkedBooter.java:138)
	at org.apache.maven.surefire.booter.ForkedBooter.run(ForkedBooter.java:465)
	at org.apache.maven.surefire.booter.ForkedBooter.main(ForkedBooter.java:451)
]]></failure>
    <system-err><![CDATA[2024-05-01T14:00:18,374 ERROR [main] cli.TestHiveCli: Failed to execute command due to the error: java.lang.NullPointerException: Null output stream
2024-05-01T14:00:18,432  WARN [main] conf.HiveConf: HiveConf of name hive.dummyparam.test.server.specific.config.override does not exist
2024-05-01T14:00:18,432  WARN [main] conf.HiveConf: HiveConf of name hive.dummyparam.test.server.specific.config.hiveserver2site does not exist
2024-05-01T14:00:18,432  WARN [main] conf.HiveConf: HiveConf of name hive.dummyparam.test.server.specific.config.metastoresite does not exist
2024-05-01T14:00:18,432  INFO [main] SessionState: Hive Session ID = 17162f7b-eb8d-4c67-b4d0-e5242fdb4209
2024-05-01T14:00:18,433  INFO [main] DependencyResolver: ivysettings.xml file not found in HIVE_HOME or HIVE_CONF_DIR,/home/alex/Repositories/hive/conf/ivysettings.xml will be used
2024-05-01T14:00:18,442  INFO [main] session.SessionState: Created HDFS directory: /tmp/hive/alex/17162f7b-eb8d-4c67-b4d0-e5242fdb4209
2024-05-01T14:00:18,446  INFO [main] session.SessionState: Created local directory: /home/alex/Repositories/hive/beeline/target/tmp/alex/17162f7b-eb8d-4c67-b4d0-e5242fdb4209
2024-05-01T14:00:18,450  INFO [main] session.SessionState: Created HDFS directory: /tmp/hive/alex/17162f7b-eb8d-4c67-b4d0-e5242fdb4209/_tmp_space.db
2024-05-01T14:00:18,450  INFO [main] sqlstd.SQLStdHiveAccessController: Created SQLStdHiveAccessController for session context : HiveAuthzSessionContext [sessionString=17162f7b-eb8d-4c67-b4d0-e5242fdb4209, clientType=HIVESERVER2]
2024-05-01T14:00:18,451  INFO [main] metastore.HiveMetaStoreClient: HMS client filtering is enabled.
2024-05-01T14:00:18,451  INFO [main] metastore.HMSHandler: 0: Opening raw store with implementation class:org.apache.hadoop.hive.metastore.ObjectStore
2024-05-01T14:00:18,451  INFO [main] metastore.PersistenceManagerProvider: Configuration datanucleus.autoStartMechanismMode is not set. Defaulting to 'ignored'
2024-05-01T14:00:18,452  INFO [main] metastore.ObjectStore: RawStore: org.apache.hadoop.hive.metastore.ObjectStore@ccea4be, with PersistenceManager: null will be shutdown
2024-05-01T14:00:18,452  INFO [main] metastore.ObjectStore: RawStore: org.apache.hadoop.hive.metastore.ObjectStore@ccea4be, with PersistenceManager: org.datanucleus.api.jdo.JDOPersistenceManager@40f931ec created in the thread with id: 1
2024-05-01T14:00:18,456  INFO [main] metastore.HMSHandler: Created RawStore: org.apache.hadoop.hive.metastore.ObjectStore@ccea4be from thread id: 1
2024-05-01T14:00:18,456  INFO [main] metastore.HMSHandler: HMS server filtering is disabled by configuration
2024-05-01T14:00:18,456  INFO [main] metastore.RetryingMetaStoreClient: RetryingMetaStoreClient proxy=class org.apache.hadoop.hive.ql.metadata.SessionHiveMetaStoreClient ugi=alex (auth:SIMPLE) retries=1 delay=1 lifetime=0
2024-05-01T14:00:18,457  INFO [main] service.CompositeService: Operation log root directory is created: /home/alex/Repositories/hive/beeline/target/tmp/alex/operation_logs
2024-05-01T14:00:18,457  INFO [main] service.CompositeService: HiveServer2: Background operation thread pool size: 100
2024-05-01T14:00:18,457  INFO [main] service.CompositeService: HiveServer2: Background operation thread wait queue size: 100
2024-05-01T14:00:18,457  INFO [main] service.CompositeService: HiveServer2: Background operation thread keepalive time: 10 seconds
2024-05-01T14:00:18,457  INFO [main] service.CompositeService: Connections limit are user: 0 ipaddress: 0 user-ipaddress: 0
2024-05-01T14:00:18,458  INFO [main] cleanup.EventualCleanupService: EventualCleanupService started with 10 threads and queue of size 10000
ERROR StatusLogger Log4j2 ConfigurationScheduler attempted to increment scheduled items after start
ERROR StatusLogger Log4j2 ConfigurationScheduler attempted to increment scheduled items after start
2024-05-01T14:00:18,460  INFO [main] service.AbstractService: Service:OperationManager is inited.
2024-05-01T14:00:18,460  INFO [main] service.AbstractService: Service:SessionManager is inited.
2024-05-01T14:00:18,460  INFO [main] service.AbstractService: Service:CLIService is inited.
2024-05-01T14:00:18,460  INFO [main] service.AbstractService: Service:OperationManager is started.
2024-05-01T14:00:18,460  INFO [main] service.AbstractService: Service:SessionManager is started.
2024-05-01T14:00:18,460  INFO [main] service.AbstractService: Service:CLIService is started.
2024-05-01T14:00:18,460  INFO [main] service.AbstractService: Service:ThriftBinaryCLIService is inited.
2024-05-01T14:00:18,460  INFO [main] thrift.ThriftCLIService: Client protocol version: HIVE_CLI_SERVICE_PROTOCOL_V10
2024-05-01T14:00:18,460  INFO [main] thrift.ThriftCLIService: Creating Hive session handle for user [null] from IP null
2024-05-01T14:00:18,461  INFO [main] DependencyResolver: ivysettings.xml file not found in HIVE_HOME or HIVE_CONF_DIR,/home/alex/Repositories/hive/conf/ivysettings.xml will be used
2024-05-01T14:00:18,470  INFO [main] session.SessionState: Created HDFS directory: /tmp/hive/alex/4c1ba96e-b170-4584-b3e6-5b98ca590241
2024-05-01T14:00:18,474  INFO [main] session.SessionState: Created local directory: /home/alex/Repositories/hive/beeline/target/tmp/alex/4c1ba96e-b170-4584-b3e6-5b98ca590241
2024-05-01T14:00:18,478  INFO [main] session.SessionState: Created HDFS directory: /tmp/hive/alex/4c1ba96e-b170-4584-b3e6-5b98ca590241/_tmp_space.db
2024-05-01T14:00:18,479  INFO [main] session.SessionState: Reloading auxiliary JAR files
2024-05-01T14:00:18,479  WARN [main] session.SessionState: Configuration hive.reloadable.aux.jars.path not specified
2024-05-01T14:00:18,479  INFO [main] HiveMetaStore.audit: ugi=alex	ip=unknown-ip-addr	cmd=Cleaning up thread local RawStore...	
2024-05-01T14:00:18,479  INFO [main] metastore.ObjectStore: RawStore: org.apache.hadoop.hive.metastore.ObjectStore@ccea4be, with PersistenceManager: org.datanucleus.api.jdo.JDOPersistenceManager@40f931ec will be shutdown
2024-05-01T14:00:18,479  INFO [main] HiveMetaStore.audit: ugi=alex	ip=unknown-ip-addr	cmd=Done cleaning up thread local RawStore	
2024-05-01T14:00:18,479  INFO [main] metastore.HiveMetaStoreClient: Closed a connection to metastore, current connections: -45
2024-05-01T14:00:18,479  INFO [main] session.HiveSessionImpl: Operation log session directory is created: /home/alex/Repositories/hive/beeline/target/tmp/alex/operation_logs/4c1ba96e-b170-4584-b3e6-5b98ca590241
2024-05-01T14:00:18,479  INFO [main] service.CompositeService: Session opened, SessionHandle [4c1ba96e-b170-4584-b3e6-5b98ca590241], current sessions:1
2024-05-01T14:00:18,479  INFO [main] thrift.ThriftCLIService: Login attempt is successful for user : null
2024-05-01T14:00:18,535  WARN [main] conf.HiveConf: HiveConf of name hive.dummyparam.test.server.specific.config.override does not exist
2024-05-01T14:00:18,536  WARN [main] conf.HiveConf: HiveConf of name hive.dummyparam.test.server.specific.config.hiveserver2site does not exist
2024-05-01T14:00:18,536  WARN [main] conf.HiveConf: HiveConf of name hive.dummyparam.test.server.specific.config.metastoresite does not exist
2024-05-01T14:00:18,536  INFO [4c1ba96e-b170-4584-b3e6-5b98ca590241 main] session.HiveSessionImpl: executing set
2024-05-01T14:00:18,537  INFO [4c1ba96e-b170-4584-b3e6-5b98ca590241 main] operation.HiveCommandOperation: Putting temp output to file /home/alex/Repositories/hive/beeline/target/tmp/alex/4c1ba96e-b170-4584-b3e6-5b98ca5902419148852961257525163.pipeout and error output to file /home/alex/Repositories/hive/beeline/target/tmp/alex/4c1ba96e-b170-4584-b3e6-5b98ca59024188408426384462305.pipeout
2024-05-01T14:00:18,537  INFO [4c1ba96e-b170-4584-b3e6-5b98ca590241 main] operation.OperationManager: Adding operation: OperationHandle [opType=EXECUTE_STATEMENT, getHandleIdentifier()=2f86bb07-20c1-4054-a313-5016e70ccb11] SessionHandle [4c1ba96e-b170-4584-b3e6-5b98ca590241]
2024-05-01T14:00:18,537  INFO [4c1ba96e-b170-4584-b3e6-5b98ca590241 main] common.LogUtils: Thread context registration is done.
DEBUG StatusLogger Building Plugin[name=filter, class=org.apache.hadoop.hive.ql.log.LogDivertAppender$NameFilter].
DEBUG StatusLogger createFilter(loggingLevel="EXECUTION")
DEBUG StatusLogger Building Plugin[name=layout, class=org.apache.logging.log4j.core.layout.PatternLayout].
DEBUG StatusLogger PatternLayout$Builder(pattern="%-5p : %m%n", PatternSelector=null, Configuration(HiveLog4j2Test), Replace=null, charset="null", alwaysWriteExceptions="null", disableAnsi="null", noConsoleNoAnsi="null", header="null", footer="null")
DEBUG StatusLogger Building Plugin[name=appender, class=org.apache.hadoop.hive.ql.log.HushableRandomAccessFileAppender].
DEBUG StatusLogger createAppender(fileName="/home/alex/Repositories/hive/beeline/target/tmp/alex/operation_logs/4c1ba96e-b170-4584-b3e6-5b98ca590241/alex_20240501140018_7975d02e-0aa8-40e1-b5a8-ab971b0d1650", append="null", name="query-file-appender", immediateFlush="null", bufferSize="null", ignoreExceptions="null", PatternLayout(org.apache.logging.log4j.core.layout.PatternLayout with name PatternLayout), NameFilter(org.apache.hadoop.hive.ql.log.LogDivertAppender$NameFilter with name NameFilter), advertise="null", advertiseURI="null", Configuration(HiveLog4j2Test))
DEBUG StatusLogger Starting RandomAccessFileManager /home/alex/Repositories/hive/beeline/target/tmp/alex/operation_logs/4c1ba96e-b170-4584-b3e6-5b98ca590241/alex_20240501140018_7975d02e-0aa8-40e1-b5a8-ab971b0d1650
DEBUG StatusLogger Building Plugin[name=, class=org.apache.hadoop.hive.ql.log.LogDivertAppenderForTest$TestFilter].
DEBUG StatusLogger createFilter()
DEBUG StatusLogger Building Plugin[name=, class=org.apache.logging.log4j.core.layout.PatternLayout].
DEBUG StatusLogger PatternLayout$Builder(pattern="%-5p : %m%n", PatternSelector=null, Configuration(HiveLog4j2Test), Replace=null, charset="null", alwaysWriteExceptions="null", disableAnsi="null", noConsoleNoAnsi="null", header="null", footer="null")
DEBUG StatusLogger Building Plugin[name=appender, class=org.apache.hadoop.hive.ql.log.HushableRandomAccessFileAppender].
DEBUG StatusLogger createAppender(fileName="/home/alex/Repositories/hive/beeline/target/tmp/alex/operation_logs/4c1ba96e-b170-4584-b3e6-5b98ca590241/alex_20240501140018_7975d02e-0aa8-40e1-b5a8-ab971b0d1650.test", append="null", name="test-query-file-appender", immediateFlush="null", bufferSize="null", ignoreExceptions="null", PatternLayout(org.apache.logging.log4j.core.layout.PatternLayout with name PatternLayout), test-filter(org.apache.hadoop.hive.ql.log.LogDivertAppenderForTest$TestFilter with name test-filter), advertise="null", advertiseURI="null", Configuration(HiveLog4j2Test))
DEBUG StatusLogger Starting RandomAccessFileManager /home/alex/Repositories/hive/beeline/target/tmp/alex/operation_logs/4c1ba96e-b170-4584-b3e6-5b98ca590241/alex_20240501140018_7975d02e-0aa8-40e1-b5a8-ab971b0d1650.test
2024-05-01T14:00:18,541  INFO [4c1ba96e-b170-4584-b3e6-5b98ca590241 main] operation.HiveCommandOperation: [opType=EXECUTE_STATEMENT, queryId=alex_20240501140018_7975d02e-0aa8-40e1-b5a8-ab971b0d1650, startTime=1714597218537, sessionId=4c1ba96e-b170-4584-b3e6-5b98ca590241, createTime=1714597218460, userName=null, ipAddress=null]
2024-05-01T14:00:18,549  INFO [4c1ba96e-b170-4584-b3e6-5b98ca590241 main] common.LogUtils: Unregistered logging context.
2024-05-01T14:00:18,552  INFO [4c1ba96e-b170-4584-b3e6-5b98ca590241 main] operation.OperationManager: Closing operation: OperationHandle [opType=EXECUTE_STATEMENT, getHandleIdentifier()=2f86bb07-20c1-4054-a313-5016e70ccb11]
2024-05-01T14:00:18,552  INFO [4c1ba96e-b170-4584-b3e6-5b98ca590241 main] operation.OperationManager: Removed queryId: alex_20240501140018_7975d02e-0aa8-40e1-b5a8-ab971b0d1650 corresponding to operation: OperationHandle [opType=EXECUTE_STATEMENT, getHandleIdentifier()=2f86bb07-20c1-4054-a313-5016e70ccb11] with tag: null
2024-05-01T14:00:18,553  INFO [4c1ba96e-b170-4584-b3e6-5b98ca590241 main] operation.HiveCommandOperation: Closing operation log /home/alex/Repositories/hive/beeline/target/tmp/alex/operation_logs/4c1ba96e-b170-4584-b3e6-5b98ca590241/alex_20240501140018_7975d02e-0aa8-40e1-b5a8-ab971b0d1650 without delay
2024-05-01T14:01:00,736  INFO [4c1ba96e-b170-4584-b3e6-5b98ca590241 main] session.HiveSessionImpl: executing select "hive"
2024-05-01T14:01:00,737  INFO [4c1ba96e-b170-4584-b3e6-5b98ca590241 main] operation.OperationManager: Adding operation: OperationHandle [opType=EXECUTE_STATEMENT, getHandleIdentifier()=327136db-ff98-47cd-a310-8218110e91fe] SessionHandle [4c1ba96e-b170-4584-b3e6-5b98ca590241]
2024-05-01T14:01:00,737  INFO [4c1ba96e-b170-4584-b3e6-5b98ca590241 main] common.LogUtils: Thread context registration is done.
DEBUG StatusLogger Building Plugin[name=filter, class=org.apache.hadoop.hive.ql.log.LogDivertAppender$NameFilter].
DEBUG StatusLogger createFilter(loggingLevel="EXECUTION")
DEBUG StatusLogger Building Plugin[name=layout, class=org.apache.logging.log4j.core.layout.PatternLayout].
DEBUG StatusLogger PatternLayout$Builder(pattern="%-5p : %m%n", PatternSelector=null, Configuration(HiveLog4j2Test), Replace=null, charset="null", alwaysWriteExceptions="null", disableAnsi="null", noConsoleNoAnsi="null", header="null", footer="null")
DEBUG StatusLogger Building Plugin[name=appender, class=org.apache.hadoop.hive.ql.log.HushableRandomAccessFileAppender].
DEBUG StatusLogger createAppender(fileName="/home/alex/Repositories/hive/beeline/target/tmp/alex/operation_logs/4c1ba96e-b170-4584-b3e6-5b98ca590241/alex_20240501140100_5e8b7bed-aa3a-42a5-aa3c-1d237c4bdb90", append="null", name="query-file-appender", immediateFlush="null", bufferSize="null", ignoreExceptions="null", PatternLayout(org.apache.logging.log4j.core.layout.PatternLayout with name PatternLayout), NameFilter(org.apache.hadoop.hive.ql.log.LogDivertAppender$NameFilter with name NameFilter), advertise="null", advertiseURI="null", Configuration(HiveLog4j2Test))
DEBUG StatusLogger Starting RandomAccessFileManager /home/alex/Repositories/hive/beeline/target/tmp/alex/operation_logs/4c1ba96e-b170-4584-b3e6-5b98ca590241/alex_20240501140100_5e8b7bed-aa3a-42a5-aa3c-1d237c4bdb90
DEBUG StatusLogger Building Plugin[name=, class=org.apache.hadoop.hive.ql.log.LogDivertAppenderForTest$TestFilter].
DEBUG StatusLogger createFilter()
DEBUG StatusLogger Building Plugin[name=, class=org.apache.logging.log4j.core.layout.PatternLayout].
DEBUG StatusLogger PatternLayout$Builder(pattern="%-5p : %m%n", PatternSelector=null, Configuration(HiveLog4j2Test), Replace=null, charset="null", alwaysWriteExceptions="null", disableAnsi="null", noConsoleNoAnsi="null", header="null", footer="null")
DEBUG StatusLogger Building Plugin[name=appender, class=org.apache.hadoop.hive.ql.log.HushableRandomAccessFileAppender].
DEBUG StatusLogger createAppender(fileName="/home/alex/Repositories/hive/beeline/target/tmp/alex/operation_logs/4c1ba96e-b170-4584-b3e6-5b98ca590241/alex_20240501140100_5e8b7bed-aa3a-42a5-aa3c-1d237c4bdb90.test", append="null", name="test-query-file-appender", immediateFlush="null", bufferSize="null", ignoreExceptions="null", PatternLayout(org.apache.logging.log4j.core.layout.PatternLayout with name PatternLayout), test-filter(org.apache.hadoop.hive.ql.log.LogDivertAppenderForTest$TestFilter with name test-filter), advertise="null", advertiseURI="null", Configuration(HiveLog4j2Test))
DEBUG StatusLogger Starting RandomAccessFileManager /home/alex/Repositories/hive/beeline/target/tmp/alex/operation_logs/4c1ba96e-b170-4584-b3e6-5b98ca590241/alex_20240501140100_5e8b7bed-aa3a-42a5-aa3c-1d237c4bdb90.test
2024-05-01T14:01:00,741  INFO [4c1ba96e-b170-4584-b3e6-5b98ca590241 main] operation.SQLOperation: [opType=EXECUTE_STATEMENT, queryId=alex_20240501140100_5e8b7bed-aa3a-42a5-aa3c-1d237c4bdb90, startTime=1714597260736, sessionId=4c1ba96e-b170-4584-b3e6-5b98ca590241, createTime=1714597218460, userName=null, ipAddress=null]
2024-05-01T14:01:00,741  INFO [4c1ba96e-b170-4584-b3e6-5b98ca590241 main] ql.Driver: Compiling command(queryId=alex_20240501140100_5e8b7bed-aa3a-42a5-aa3c-1d237c4bdb90): select "hive"
2024-05-01T14:01:00,743  INFO [4c1ba96e-b170-4584-b3e6-5b98ca590241 main] metastore.HiveMetaStoreClient: HMS client filtering is enabled.
2024-05-01T14:01:00,744  INFO [4c1ba96e-b170-4584-b3e6-5b98ca590241 main] metastore.HMSHandler: 0: Opening raw store with implementation class:org.apache.hadoop.hive.metastore.ObjectStore
2024-05-01T14:01:00,744  INFO [4c1ba96e-b170-4584-b3e6-5b98ca590241 main] metastore.PersistenceManagerProvider: Configuration datanucleus.autoStartMechanismMode is not set. Defaulting to 'ignored'
2024-05-01T14:01:00,744  INFO [4c1ba96e-b170-4584-b3e6-5b98ca590241 main] metastore.ObjectStore: RawStore: org.apache.hadoop.hive.metastore.ObjectStore@640028f2, with PersistenceManager: null will be shutdown
2024-05-01T14:01:00,745  INFO [4c1ba96e-b170-4584-b3e6-5b98ca590241 main] metastore.ObjectStore: RawStore: org.apache.hadoop.hive.metastore.ObjectStore@640028f2, with PersistenceManager: org.datanucleus.api.jdo.JDOPersistenceManager@48b744fd created in the thread with id: 1
2024-05-01T14:01:00,746  INFO [4c1ba96e-b170-4584-b3e6-5b98ca590241 main] metastore.HMSHandler: Created RawStore: org.apache.hadoop.hive.metastore.ObjectStore@640028f2 from thread id: 1
2024-05-01T14:01:00,746  INFO [4c1ba96e-b170-4584-b3e6-5b98ca590241 main] metastore.HMSHandler: HMS server filtering is disabled by configuration
2024-05-01T14:01:00,747  INFO [4c1ba96e-b170-4584-b3e6-5b98ca590241 main] metastore.RetryingMetaStoreClient: RetryingMetaStoreClient proxy=class org.apache.hadoop.hive.ql.metadata.SessionHiveMetaStoreClient ugi=alex (auth:SIMPLE) retries=1 delay=1 lifetime=0
2024-05-01T14:01:00,747  INFO [4c1ba96e-b170-4584-b3e6-5b98ca590241 main] parse.CalcitePlanner: Starting caching scope for: alex_20240501140100_5e8b7bed-aa3a-42a5-aa3c-1d237c4bdb90
2024-05-01T14:01:00,747  INFO [4c1ba96e-b170-4584-b3e6-5b98ca590241 main] parse.CalcitePlanner: Starting Semantic Analysis
2024-05-01T14:01:00,747  INFO [4c1ba96e-b170-4584-b3e6-5b98ca590241 main] sqlstd.SQLStdHiveAccessController: Created SQLStdHiveAccessController for session context : HiveAuthzSessionContext [sessionString=4c1ba96e-b170-4584-b3e6-5b98ca590241, clientType=HIVESERVER2]
2024-05-01T14:01:00,747  INFO [4c1ba96e-b170-4584-b3e6-5b98ca590241 main] parse.CalcitePlanner: Completed phase 1 of Semantic Analysis
2024-05-01T14:01:00,747  INFO [4c1ba96e-b170-4584-b3e6-5b98ca590241 main] parse.CalcitePlanner: Get metadata for source tables
2024-05-01T14:01:00,747  INFO [4c1ba96e-b170-4584-b3e6-5b98ca590241 main] parse.CalcitePlanner: Get metadata for subqueries
2024-05-01T14:01:00,747  INFO [4c1ba96e-b170-4584-b3e6-5b98ca590241 main] parse.CalcitePlanner: Get metadata for destination tables
2024-05-01T14:01:00,747  INFO [4c1ba96e-b170-4584-b3e6-5b98ca590241 main] parse.CalcitePlanner: Completed getting MetaData in Semantic Analysis
2024-05-01T14:01:00,771  INFO [4c1ba96e-b170-4584-b3e6-5b98ca590241 main] HiveMetaStore.audit: ugi=alex	ip=unknown-ip-addr	cmd=get_all_table_constraints : tbl=hive._dummy_database._dummy_table	
2024-05-01T14:01:00,831  INFO [4c1ba96e-b170-4584-b3e6-5b98ca590241 main] parse.CalcitePlanner: Get metadata for source tables
2024-05-01T14:01:00,832  INFO [4c1ba96e-b170-4584-b3e6-5b98ca590241 main] HiveMetaStore.audit: ugi=alex	ip=unknown-ip-addr	cmd=get_table : tbl=hive._dummy_database._dummy_table	
2024-05-01T14:01:00,834  INFO [4c1ba96e-b170-4584-b3e6-5b98ca590241 main] parse.CalcitePlanner: Get metadata for subqueries
2024-05-01T14:01:00,834  INFO [4c1ba96e-b170-4584-b3e6-5b98ca590241 main] parse.CalcitePlanner: Get metadata for destination tables
2024-05-01T14:01:00,844  INFO [4c1ba96e-b170-4584-b3e6-5b98ca590241 main] common.FileUtils: Creating directory if it doesn't exist: file:/home/alex/Repositories/hive/beeline/target/tmp/alex/4c1ba96e-b170-4584-b3e6-5b98ca590241/hive_2024-05-01_14-01-00_741_3013102804664699778-1/-mr-10001/.hive-staging_hive_2024-05-01_14-01-00_741_3013102804664699778-1
2024-05-01T14:01:00,854  INFO [4c1ba96e-b170-4584-b3e6-5b98ca590241 main] parse.CalcitePlanner: CBO Succeeded; optimized logical plan.
2024-05-01T14:01:00,857  INFO [4c1ba96e-b170-4584-b3e6-5b98ca590241 main] optimizer.BucketVersionPopulator: not considering bucketingVersion for: TS[0] because it has -1<2 buckets 
2024-05-01T14:01:00,857  INFO [4c1ba96e-b170-4584-b3e6-5b98ca590241 main] parse.CalcitePlanner: Completed plan generation
2024-05-01T14:01:00,857  INFO [4c1ba96e-b170-4584-b3e6-5b98ca590241 main] parse.CalcitePlanner: Ending caching scope for: alex_20240501140100_5e8b7bed-aa3a-42a5-aa3c-1d237c4bdb90
2024-05-01T14:01:00,857  INFO [4c1ba96e-b170-4584-b3e6-5b98ca590241 main] ql.Driver: Semantic Analysis Completed (retrial = false)
2024-05-01T14:01:00,857  INFO [4c1ba96e-b170-4584-b3e6-5b98ca590241 main] ql.Driver: Created Hive schema: Schema(fieldSchemas:[FieldSchema(name:_c0, type:string, comment:null)], properties:null)
2024-05-01T14:01:00,858  INFO [4c1ba96e-b170-4584-b3e6-5b98ca590241 main] exec.TableScanOperator: Initializing Operator: TS[0]
2024-05-01T14:01:00,858  INFO [4c1ba96e-b170-4584-b3e6-5b98ca590241 main] exec.SelectOperator: Initializing Operator: SEL[1]
2024-05-01T14:01:00,858  INFO [4c1ba96e-b170-4584-b3e6-5b98ca590241 main] exec.SelectOperator: SELECT null
2024-05-01T14:01:00,859  INFO [4c1ba96e-b170-4584-b3e6-5b98ca590241 main] exec.ListSinkOperator: Initializing Operator: LIST_SINK[3]
2024-05-01T14:01:00,859  INFO [4c1ba96e-b170-4584-b3e6-5b98ca590241 main] metadata.Hive: Dumping metastore api call timing information for : compilation phase
2024-05-01T14:01:00,859  INFO [4c1ba96e-b170-4584-b3e6-5b98ca590241 main] metadata.Hive: Total time spent in each metastore function (ms): {isCompatibleWith_(Configuration)=0, getAllTableConstraints_(AllTableConstraintsRequest)=3, flushCache_()=0}
2024-05-01T14:01:00,859  INFO [4c1ba96e-b170-4584-b3e6-5b98ca590241 main] ql.Driver: Completed compiling command(queryId=alex_20240501140100_5e8b7bed-aa3a-42a5-aa3c-1d237c4bdb90); Time taken: 0.118 seconds
2024-05-01T14:01:00,859  INFO [4c1ba96e-b170-4584-b3e6-5b98ca590241 main] common.LogUtils: Unregistered logging context.
2024-05-01T14:01:00,862  INFO [HiveServer2-Background-Pool: Thread-730] common.LogUtils: Thread context registration is done.
2024-05-01T14:01:00,862  INFO [HiveServer2-Background-Pool: Thread-730] reexec.ReExecDriver: Execution #1 of query
2024-05-01T14:01:00,863  INFO [HiveServer2-Background-Pool: Thread-730] ql.Driver: Concurrency mode is disabled, not creating a lock manager
2024-05-01T14:01:00,863  INFO [HiveServer2-Background-Pool: Thread-730] ql.Driver: Executing command(queryId=alex_20240501140100_5e8b7bed-aa3a-42a5-aa3c-1d237c4bdb90): select "hive"
2024-05-01T14:01:00,864  INFO [HiveServer2-Background-Pool: Thread-730] metadata.Hive: Dumping metastore api call timing information for : execution phase
2024-05-01T14:01:00,864  INFO [HiveServer2-Background-Pool: Thread-730] metadata.Hive: Total time spent in each metastore function (ms): {}
2024-05-01T14:01:00,864  INFO [HiveServer2-Background-Pool: Thread-730] ql.Driver: Completed executing command(queryId=alex_20240501140100_5e8b7bed-aa3a-42a5-aa3c-1d237c4bdb90); Time taken: 0.0 seconds
2024-05-01T14:01:00,864  INFO [HiveServer2-Background-Pool: Thread-730] common.LogUtils: Unregistered logging context.
2024-05-01T14:01:00,872  INFO [4c1ba96e-b170-4584-b3e6-5b98ca590241 main] operation.OperationManager: Closing operation: OperationHandle [opType=EXECUTE_STATEMENT, getHandleIdentifier()=327136db-ff98-47cd-a310-8218110e91fe]
2024-05-01T14:01:00,872  INFO [4c1ba96e-b170-4584-b3e6-5b98ca590241 main] operation.OperationManager: Removed queryId: alex_20240501140100_5e8b7bed-aa3a-42a5-aa3c-1d237c4bdb90 corresponding to operation: OperationHandle [opType=EXECUTE_STATEMENT, getHandleIdentifier()=327136db-ff98-47cd-a310-8218110e91fe] with tag: null
2024-05-01T14:01:00,872  INFO [4c1ba96e-b170-4584-b3e6-5b98ca590241 main] ql.Context: Deleting scratch dir: file:/home/alex/Repositories/hive/beeline/target/tmp/alex/4c1ba96e-b170-4584-b3e6-5b98ca590241/hive_2024-05-01_14-01-00_741_3013102804664699778-1
2024-05-01T14:01:00,872  INFO [4c1ba96e-b170-4584-b3e6-5b98ca590241 main] cleanup.EventualCleanupService: Delete file:/home/alex/Repositories/hive/beeline/target/tmp/alex/4c1ba96e-b170-4584-b3e6-5b98ca590241/hive_2024-05-01_14-01-00_741_3013102804664699778-1 operation was queued
2024-05-01T14:01:00,872  INFO [4c1ba96e-b170-4584-b3e6-5b98ca590241 main] exec.TableScanOperator: Closing Operator: TS[0]
2024-05-01T14:01:00,872  INFO [4c1ba96e-b170-4584-b3e6-5b98ca590241 main] exec.TableScanOperator: RECORDS_OUT_INTERMEDIATE:0, RECORDS_OUT_OPERATOR_TS_0:0, 
2024-05-01T14:01:00,873  INFO [4c1ba96e-b170-4584-b3e6-5b98ca590241 main] exec.SelectOperator: Closing Operator: SEL[1]
2024-05-01T14:01:00,873  INFO [4c1ba96e-b170-4584-b3e6-5b98ca590241 main] exec.SelectOperator: RECORDS_OUT_INTERMEDIATE:0, RECORDS_OUT_OPERATOR_SEL_1:0, 
2024-05-01T14:01:00,873  INFO [4c1ba96e-b170-4584-b3e6-5b98ca590241 main] exec.ListSinkOperator: Closing Operator: LIST_SINK[3]
2024-05-01T14:01:00,873  INFO [4c1ba96e-b170-4584-b3e6-5b98ca590241 main] exec.ListSinkOperator: RECORDS_OUT_INTERMEDIATE:0, RECORDS_OUT_OPERATOR_LIST_SINK_3:0, 
2024-05-01T14:01:00,873  INFO [4c1ba96e-b170-4584-b3e6-5b98ca590241 main] operation.SQLOperation: Closing operation log /home/alex/Repositories/hive/beeline/target/tmp/alex/operation_logs/4c1ba96e-b170-4584-b3e6-5b98ca590241/alex_20240501140100_5e8b7bed-aa3a-42a5-aa3c-1d237c4bdb90 without delay
2024-05-01T14:01:00,873  INFO [EventualCleanupService thread 0] cleanup.EventualCleanupService: Deleted file:/home/alex/Repositories/hive/beeline/target/tmp/alex/4c1ba96e-b170-4584-b3e6-5b98ca590241/hive_2024-05-01_14-01-00_741_3013102804664699778-1
2024-05-01T14:01:00,873  INFO [main] service.CompositeService: Session closed, SessionHandle [4c1ba96e-b170-4584-b3e6-5b98ca590241], current sessions:0
2024-05-01T14:01:00,874  INFO [4c1ba96e-b170-4584-b3e6-5b98ca590241 main] session.HiveSessionImpl: Operation log session directory is deleted: /home/alex/Repositories/hive/beeline/target/tmp/alex/operation_logs/4c1ba96e-b170-4584-b3e6-5b98ca590241
2024-05-01T14:01:00,874  INFO [main] cleanup.EventualCleanupService: Delete /tmp/hive/alex/4c1ba96e-b170-4584-b3e6-5b98ca590241 operation was queued
2024-05-01T14:01:00,874  INFO [main] cleanup.EventualCleanupService: Delete /home/alex/Repositories/hive/beeline/target/tmp/alex/4c1ba96e-b170-4584-b3e6-5b98ca590241 operation was queued
2024-05-01T14:01:00,874  INFO [EventualCleanupService thread 2] cleanup.EventualCleanupService: Deleted /home/alex/Repositories/hive/beeline/target/tmp/alex/4c1ba96e-b170-4584-b3e6-5b98ca590241
2024-05-01T14:01:00,874  INFO [EventualCleanupService thread 1] cleanup.EventualCleanupService: Deleted /tmp/hive/alex/4c1ba96e-b170-4584-b3e6-5b98ca590241
2024-05-01T14:01:00,875  INFO [main] HiveMetaStore.audit: ugi=alex	ip=unknown-ip-addr	cmd=Cleaning up thread local RawStore...	
2024-05-01T14:01:00,875  INFO [main] metastore.ObjectStore: RawStore: org.apache.hadoop.hive.metastore.ObjectStore@640028f2, with PersistenceManager: org.datanucleus.api.jdo.JDOPersistenceManager@48b744fd will be shutdown
2024-05-01T14:01:00,875  INFO [main] HiveMetaStore.audit: ugi=alex	ip=unknown-ip-addr	cmd=Done cleaning up thread local RawStore	
2024-05-01T14:01:00,875  INFO [main] metastore.HiveMetaStoreClient: Closed a connection to metastore, current connections: -46
2024-05-01T14:01:00,875 ERROR [main] cli.TestHiveCli: Failed due to the error:Connecting to jdbc:hive2://
Hive Session ID = 17162f7b-eb8d-4c67-b4d0-e5242fdb4209
ivysettings.xml file not found in HIVE_HOME or HIVE_CONF_DIR,/home/alex/Repositories/hive/conf/ivysettings.xml will be used
ivysettings.xml file not found in HIVE_HOME or HIVE_CONF_DIR,/home/alex/Repositories/hive/conf/ivysettings.xml will be used
Connected to: Apache Hive (version 4.0.0-SNAPSHOT)
Error: Couldn't load manifest attributes. (state=,code=0)
Transaction isolation: TRANSACTION_REPEATABLE_READ
. . > INFO  : Compiling command(queryId=alex_20240501140100_5e8b7bed-aa3a-42a5-aa3c-1d237c4bdb90): select "hive"
INFO  : Semantic Analysis Completed (retrial = false)
INFO  : Created Hive schema: Schema(fieldSchemas:[FieldSchema(name:_c0, type:string, comment:null)], properties:null)
INFO  : Completed compiling command(queryId=alex_20240501140100_5e8b7bed-aa3a-42a5-aa3c-1d237c4bdb90); Time taken: 0.118 seconds
INFO  : Concurrency mode is disabled, not creating a lock manager
INFO  : Executing command(queryId=alex_20240501140100_5e8b7bed-aa3a-42a5-aa3c-1d237c4bdb90): select "hive"
INFO  : Completed executing command(queryId=alex_20240501140100_5e8b7bed-aa3a-42a5-aa3c-1d237c4bdb90); Time taken: 0.0 seconds
DEBUG : Shutting down query select "hive"
Error: Failed to wait for operation to complete (state=08S01,code=0)
Closing: 0: jdbc:hive2://

]]></system-err>
  </testcase>
</testsuite>