<?xml version="1.0" encoding="UTF-8"?>
<testsuite xmlns:xsi="http://www.w3.org/2001/XMLSchema-instance" xsi:noNamespaceSchemaLocation="https://maven.apache.org/surefire/maven-surefire-plugin/xsd/surefire-test-report-3.0.xsd" version="3.0" name="org.apache.hive.hcatalog.pig.TestParquetHCatStorer" time="84.634" tests="29" errors="0" skipped="0" failures="2">
  <properties>
    <property name="sun.desktop" value="gnome"/>
    <property name="build.test.dir" value="/home/alex/Repositories/hive/hcatalog/hcatalog-pig-adapter/target/tmp"/>
    <property name="awt.toolkit" value="sun.awt.X11.XToolkit"/>
    <property name="test.tmp.dir.uri" value="file:///home/alex/Repositories/hive/hcatalog/hcatalog-pig-adapter/target/tmp"/>
    <property name="file.encoding.pkg" value="sun.io"/>
    <property name="java.specification.version" value="1.8"/>
    <property name="qfile" value=""/>
    <property name="log4j.configurationFile" value="file:///home/alex/Repositories/hive/hcatalog/hcatalog-pig-adapter/target/testconf/hive-log4j2.properties"/>
    <property name="sun.cpu.isalist" value=""/>
    <property name="test.warehouse.dir" value="pfile:///home/alex/Repositories/hive/hcatalog/hcatalog-pig-adapter/target/warehouse"/>
    <property name="sun.jnu.encoding" value="UTF-8"/>
    <property name="java.class.path" value="/home/alex/Repositories/hive/hcatalog/hcatalog-pig-adapter/target/test-classes:/home/alex/Repositories/hive/hcatalog/hcatalog-pig-adapter/target/classes:/home/alex/Repositories/hive/hcatalog/core/target/classes:/home/alex/Repositories/hive/cli/target/classes:/home/alex/Repositories/hive/service/target/classes:/home/alex/Repositories/hive/llap-server/target/classes:/home/alex/.m2/repository/com/lmax/disruptor/3.3.7/disruptor-3.3.7.jar:/home/alex/Repositories/hive/llap-common/target/test-classes:/home/alex/Repositories/hive/hplsql/target/classes:/home/alex/.m2/repository/org/antlr/antlr4-runtime/4.5/antlr4-runtime-4.5.jar:/home/alex/.m2/repository/org/abego/treelayout/org.abego.treelayout.core/1.0.1/org.abego.treelayout.core-1.0.1.jar:/home/alex/.m2/repository/javax/servlet/jsp/javax.servlet.jsp-api/2.3.1/javax.servlet.jsp-api-2.3.1.jar:/home/alex/.m2/repository/org/eclipse/jetty/jetty-runner/9.3.27.v20190418/jetty-runner-9.3.27.v20190418.jar:/home/alex/.m2/repository/org/eclipse/jetty/jetty-plus/9.3.27.v20190418/jetty-plus-9.3.27.v20190418.jar:/home/alex/.m2/repository/org/eclipse/jetty/jetty-annotations/9.3.27.v20190418/jetty-annotations-9.3.27.v20190418.jar:/home/alex/.m2/repository/org/ow2/asm/asm-commons/6.0/asm-commons-6.0.jar:/home/alex/.m2/repository/org/ow2/asm/asm-tree/6.0/asm-tree-6.0.jar:/home/alex/.m2/repository/org/eclipse/jetty/jetty-jaas/9.3.27.v20190418/jetty-jaas-9.3.27.v20190418.jar:/home/alex/.m2/repository/org/eclipse/jetty/websocket/websocket-server/9.3.27.v20190418/websocket-server-9.3.27.v20190418.jar:/home/alex/.m2/repository/org/eclipse/jetty/websocket/websocket-common/9.3.27.v20190418/websocket-common-9.3.27.v20190418.jar:/home/alex/.m2/repository/org/eclipse/jetty/websocket/websocket-api/9.3.27.v20190418/websocket-api-9.3.27.v20190418.jar:/home/alex/.m2/repository/org/eclipse/jetty/websocket/websocket-client/9.3.27.v20190418/websocket-client-9.3.27.v20190418.jar:/home/alex/.m2/repository/org/eclipse/jetty/websocket/websocket-servlet/9.3.27.v20190418/websocket-servlet-9.3.27.v20190418.jar:/home/alex/.m2/repository/org/eclipse/jetty/jetty-jndi/9.3.27.v20190418/jetty-jndi-9.3.27.v20190418.jar:/home/alex/.m2/repository/org/eclipse/jetty/apache-jsp/9.3.27.v20190418/apache-jsp-9.3.27.v20190418.jar:/home/alex/.m2/repository/org/eclipse/jetty/toolchain/jetty-schemas/3.1/jetty-schemas-3.1.jar:/home/alex/.m2/repository/org/eclipse/jdt/core/compiler/ecj/4.4.2/ecj-4.4.2.jar:/home/alex/.m2/repository/org/eclipse/jetty/apache-jstl/9.3.27.v20190418/apache-jstl-9.3.27.v20190418.jar:/home/alex/.m2/repository/org/apache/taglibs/taglibs-standard-spec/1.2.5/taglibs-standard-spec-1.2.5.jar:/home/alex/.m2/repository/org/apache/taglibs/taglibs-standard-impl/1.2.5/taglibs-standard-impl-1.2.5.jar:/home/alex/.m2/repository/org/bouncycastle/bcprov-jdk15on/1.64/bcprov-jdk15on-1.64.jar:/home/alex/.m2/repository/org/apache/santuario/xmlsec/2.2.1/xmlsec-2.2.1.jar:/home/alex/.m2/repository/org/jamon/jamon-runtime/2.3.1/jamon-runtime-2.3.1.jar:/home/alex/Repositories/hive/common/target/classes:/home/alex/Repositories/hive/classification/target/classes:/home/alex/.m2/repository/org/eclipse/jetty/jetty-http/9.3.27.v20190418/jetty-http-9.3.27.v20190418.jar:/home/alex/.m2/repository/org/eclipse/jetty/jetty-rewrite/9.3.27.v20190418/jetty-rewrite-9.3.27.v20190418.jar:/home/alex/.m2/repository/org/eclipse/jetty/jetty-client/9.3.27.v20190418/jetty-client-9.3.27.v20190418.jar:/home/alex/.m2/repository/org/apache/logging/log4j/log4j-web/2.13.2/log4j-web-2.13.2.jar:/home/alex/.m2/repository/net/sf/jpam/jpam/1.1/jpam-1.1.jar:/home/alex/Repositories/hive/metastore/target/classes:/home/alex/Repositories/hive/ql/target/classes:/home/alex/.m2/repository/com/google/guava/guava/19.0/guava-19.0.jar:/home/alex/.m2/repository/com/fasterxml/jackson/core/jackson-annotations/2.12.0/jackson-annotations-2.12.0.jar:/home/alex/.m2/repository/com/fasterxml/jackson/core/jackson-core/2.12.0/jackson-core-2.12.0.jar:/home/alex/.m2/repository/com/fasterxml/jackson/core/jackson-databind/2.12.0/jackson-databind-2.12.0.jar:/home/alex/.m2/repository/org/apache/hadoop/hadoop-annotations/3.1.0/hadoop-annotations-3.1.0.jar:/usr/lib/jvm/java-8-openjdk-amd64/jre/../lib/tools.jar:/home/alex/.m2/repository/org/apache/hadoop/hadoop-archives/3.1.0/hadoop-archives-3.1.0.jar:/home/alex/.m2/repository/org/apache/hadoop/hadoop-common/3.1.0/hadoop-common-3.1.0.jar:/home/alex/.m2/repository/commons-cli/commons-cli/1.4/commons-cli-1.4.jar:/home/alex/.m2/repository/org/apache/commons/commons-math3/3.6.1/commons-math3-3.6.1.jar:/home/alex/.m2/repository/commons-codec/commons-codec/1.15/commons-codec-1.15.jar:/home/alex/.m2/repository/commons-io/commons-io/2.6/commons-io-2.6.jar:/home/alex/.m2/repository/commons-net/commons-net/3.6/commons-net-3.6.jar:/home/alex/.m2/repository/commons-collections/commons-collections/3.2.2/commons-collections-3.2.2.jar:/home/alex/.m2/repository/javax/servlet/javax.servlet-api/3.1.0/javax.servlet-api-3.1.0.jar:/home/alex/.m2/repository/org/eclipse/jetty/jetty-server/9.3.27.v20190418/jetty-server-9.3.27.v20190418.jar:/home/alex/.m2/repository/org/eclipse/jetty/jetty-io/9.3.27.v20190418/jetty-io-9.3.27.v20190418.jar:/home/alex/.m2/repository/org/eclipse/jetty/jetty-util/9.3.27.v20190418/jetty-util-9.3.27.v20190418.jar:/home/alex/.m2/repository/org/eclipse/jetty/jetty-servlet/9.3.27.v20190418/jetty-servlet-9.3.27.v20190418.jar:/home/alex/.m2/repository/org/eclipse/jetty/jetty-security/9.3.27.v20190418/jetty-security-9.3.27.v20190418.jar:/home/alex/.m2/repository/org/eclipse/jetty/jetty-webapp/9.3.27.v20190418/jetty-webapp-9.3.27.v20190418.jar:/home/alex/.m2/repository/org/eclipse/jetty/jetty-xml/9.3.27.v20190418/jetty-xml-9.3.27.v20190418.jar:/home/alex/.m2/repository/javax/servlet/jsp/jsp-api/2.1/jsp-api-2.1.jar:/home/alex/.m2/repository/com/sun/jersey/jersey-core/1.19/jersey-core-1.19.jar:/home/alex/.m2/repository/javax/ws/rs/jsr311-api/1.1.1/jsr311-api-1.1.1.jar:/home/alex/.m2/repository/com/sun/jersey/jersey-json/1.19/jersey-json-1.19.jar:/home/alex/.m2/repository/org/codehaus/jettison/jettison/1.1/jettison-1.1.jar:/home/alex/.m2/repository/com/sun/xml/bind/jaxb-impl/2.2.3-1/jaxb-impl-2.2.3-1.jar:/home/alex/.m2/repository/org/codehaus/jackson/jackson-jaxrs/1.9.2/jackson-jaxrs-1.9.2.jar:/home/alex/.m2/repository/org/codehaus/jackson/jackson-xc/1.9.2/jackson-xc-1.9.2.jar:/home/alex/.m2/repository/com/sun/jersey/jersey-server/1.19/jersey-server-1.19.jar:/home/alex/.m2/repository/log4j/log4j/1.2.17/log4j-1.2.17.jar:/home/alex/.m2/repository/commons-lang/commons-lang/2.6/commons-lang-2.6.jar:/home/alex/.m2/repository/org/apache/commons/commons-configuration2/2.1.1/commons-configuration2-2.1.1.jar:/home/alex/.m2/repository/org/apache/commons/commons-lang3/3.4/commons-lang3-3.4.jar:/home/alex/.m2/repository/org/apache/avro/avro/1.8.2/avro-1.8.2.jar:/home/alex/.m2/repository/com/thoughtworks/paranamer/paranamer/2.8/paranamer-2.8.jar:/home/alex/.m2/repository/org/xerial/snappy/snappy-java/1.1.4/snappy-java-1.1.4.jar:/home/alex/.m2/repository/org/tukaani/xz/1.5/xz-1.5.jar:/home/alex/.m2/repository/com/google/re2j/re2j/1.2/re2j-1.2.jar:/home/alex/.m2/repository/com/google/protobuf/protobuf-java/2.5.0/protobuf-java-2.5.0.jar:/home/alex/.m2/repository/com/google/code/gson/gson/2.2.4/gson-2.2.4.jar:/home/alex/.m2/repository/org/apache/hadoop/hadoop-auth/3.1.0/hadoop-auth-3.1.0.jar:/home/alex/.m2/repository/com/nimbusds/nimbus-jose-jwt/4.41.1/nimbus-jose-jwt-4.41.1.jar:/home/alex/.m2/repository/com/github/stephenc/jcip/jcip-annotations/1.0-1/jcip-annotations-1.0-1.jar:/home/alex/.m2/repository/net/minidev/json-smart/2.3/json-smart-2.3.jar:/home/alex/.m2/repository/net/minidev/accessors-smart/1.2/accessors-smart-1.2.jar:/home/alex/.m2/repository/org/ow2/asm/asm/5.0.4/asm-5.0.4.jar:/home/alex/.m2/repository/com/jcraft/jsch/0.1.54/jsch-0.1.54.jar:/home/alex/.m2/repository/com/google/code/findbugs/jsr305/3.0.0/jsr305-3.0.0.jar:/home/alex/.m2/repository/org/apache/htrace/htrace-core4/4.1.0-incubating/htrace-core4-4.1.0-incubating.jar:/home/alex/.m2/repository/org/apache/commons/commons-compress/1.21/commons-compress-1.21.jar:/home/alex/.m2/repository/org/apache/kerby/kerb-simplekdc/1.0.1/kerb-simplekdc-1.0.1.jar:/home/alex/.m2/repository/org/apache/kerby/kerb-client/1.0.1/kerb-client-1.0.1.jar:/home/alex/.m2/repository/org/apache/kerby/kerby-config/1.0.1/kerby-config-1.0.1.jar:/home/alex/.m2/repository/org/apache/kerby/kerb-core/1.0.1/kerb-core-1.0.1.jar:/home/alex/.m2/repository/org/apache/kerby/kerby-pkix/1.0.1/kerby-pkix-1.0.1.jar:/home/alex/.m2/repository/org/apache/kerby/kerby-asn1/1.0.1/kerby-asn1-1.0.1.jar:/home/alex/.m2/repository/org/apache/kerby/kerby-util/1.0.1/kerby-util-1.0.1.jar:/home/alex/.m2/repository/org/apache/kerby/kerb-common/1.0.1/kerb-common-1.0.1.jar:/home/alex/.m2/repository/org/apache/kerby/kerb-crypto/1.0.1/kerb-crypto-1.0.1.jar:/home/alex/.m2/repository/org/apache/kerby/kerb-util/1.0.1/kerb-util-1.0.1.jar:/home/alex/.m2/repository/org/apache/kerby/token-provider/1.0.1/token-provider-1.0.1.jar:/home/alex/.m2/repository/org/apache/kerby/kerb-admin/1.0.1/kerb-admin-1.0.1.jar:/home/alex/.m2/repository/org/apache/kerby/kerb-server/1.0.1/kerb-server-1.0.1.jar:/home/alex/.m2/repository/org/apache/kerby/kerb-identity/1.0.1/kerb-identity-1.0.1.jar:/home/alex/.m2/repository/org/apache/kerby/kerby-xdr/1.0.1/kerby-xdr-1.0.1.jar:/home/alex/.m2/repository/org/codehaus/woodstox/stax2-api/3.1.4/stax2-api-3.1.4.jar:/home/alex/.m2/repository/com/fasterxml/woodstox/woodstox-core/5.0.3/woodstox-core-5.0.3.jar:/home/alex/.m2/repository/org/apache/hadoop/hadoop-mapreduce-client-jobclient/3.1.0/hadoop-mapreduce-client-jobclient-3.1.0.jar:/home/alex/.m2/repository/com/google/inject/extensions/guice-servlet/4.0/guice-servlet-4.0.jar:/home/alex/.m2/repository/com/google/inject/guice/4.0/guice-4.0.jar:/home/alex/.m2/repository/aopalliance/aopalliance/1.0/aopalliance-1.0.jar:/home/alex/.m2/repository/org/apache/hadoop/hadoop-mapreduce-client-core/3.1.0/hadoop-mapreduce-client-core-3.1.0.jar:/home/alex/.m2/repository/org/apache/hadoop/hadoop-yarn-client/3.1.0/hadoop-yarn-client-3.1.0.jar:/home/alex/.m2/repository/org/apache/hadoop/hadoop-yarn-api/3.1.0/hadoop-yarn-api-3.1.0.jar:/home/alex/.m2/repository/org/apache/hadoop/hadoop-yarn-common/3.1.0/hadoop-yarn-common-3.1.0.jar:/home/alex/.m2/repository/javax/xml/bind/jaxb-api/2.2.11/jaxb-api-2.2.11.jar:/home/alex/.m2/repository/com/sun/jersey/jersey-client/1.19/jersey-client-1.19.jar:/home/alex/.m2/repository/com/sun/jersey/contribs/jersey-guice/1.19/jersey-guice-1.19.jar:/home/alex/.m2/repository/com/fasterxml/jackson/module/jackson-module-jaxb-annotations/2.12.0/jackson-module-jaxb-annotations-2.12.0.jar:/home/alex/.m2/repository/jakarta/xml/bind/jakarta.xml.bind-api/2.3.2/jakarta.xml.bind-api-2.3.2.jar:/home/alex/.m2/repository/jakarta/activation/jakarta.activation-api/1.2.1/jakarta.activation-api-1.2.1.jar:/home/alex/.m2/repository/com/fasterxml/jackson/jaxrs/jackson-jaxrs-json-provider/2.12.0/jackson-jaxrs-json-provider-2.12.0.jar:/home/alex/.m2/repository/org/apache/hadoop/hadoop-hdfs-client/3.1.0/hadoop-hdfs-client-3.1.0.jar:/home/alex/.m2/repository/com/squareup/okhttp/okhttp/2.7.5/okhttp-2.7.5.jar:/home/alex/.m2/repository/com/squareup/okio/okio/1.6.0/okio-1.6.0.jar:/home/alex/.m2/repository/org/apache/pig/pig/0.16.0/pig-0.16.0-h2.jar:/home/alex/.m2/repository/xmlenc/xmlenc/0.52/xmlenc-0.52.jar:/home/alex/.m2/repository/commons-httpclient/commons-httpclient/3.1/commons-httpclient-3.1.jar:/home/alex/.m2/repository/org/mortbay/jetty/jetty/6.1.26/jetty-6.1.26.jar:/home/alex/.m2/repository/org/mortbay/jetty/servlet-api/2.5-20081211/servlet-api-2.5-20081211.jar:/home/alex/.m2/repository/org/mortbay/jetty/jetty-util/6.1.26/jetty-util-6.1.26.jar:/home/alex/.m2/repository/org/mortbay/jetty/jsp-api-2.1/6.1.14/jsp-api-2.1-6.1.14.jar:/home/alex/.m2/repository/org/mortbay/jetty/jsp-2.1/6.1.14/jsp-2.1-6.1.14.jar:/home/alex/.m2/repository/org/eclipse/jdt/core/3.1.1/core-3.1.1.jar:/home/alex/.m2/repository/ant/ant/1.6.5/ant-1.6.5.jar:/home/alex/.m2/repository/commons-el/commons-el/1.0/commons-el-1.0.jar:/home/alex/.m2/repository/net/java/dev/jets3t/jets3t/0.7.1/jets3t-0.7.1.jar:/home/alex/.m2/repository/org/mortbay/jetty/servlet-api-2.5/6.1.14/servlet-api-2.5-6.1.14.jar:/home/alex/.m2/repository/net/sf/kosmosfs/kfs/0.3/kfs-0.3.jar:/home/alex/.m2/repository/junit/junit/4.13/junit-4.13.jar:/home/alex/.m2/repository/org/hamcrest/hamcrest-core/1.3/hamcrest-core-1.3.jar:/home/alex/.m2/repository/hsqldb/hsqldb/1.8.0.10/hsqldb-1.8.0.10.jar:/home/alex/.m2/repository/oro/oro/2.0.8/oro-2.0.8.jar:/home/alex/.m2/repository/org/antlr/ST4/4.0.4/ST4-4.0.4.jar:/home/alex/.m2/repository/org/antlr/antlr-runtime/3.5.2/antlr-runtime-3.5.2.jar:/home/alex/.m2/repository/dk/brics/automaton/automaton/1.11-8/automaton-1.11-8.jar:/home/alex/.m2/repository/org/codehaus/jackson/jackson-mapper-asl/1.8.8/jackson-mapper-asl-1.8.8.jar:/home/alex/.m2/repository/org/codehaus/jackson/jackson-core-asl/1.8.8/jackson-core-asl-1.8.8.jar:/home/alex/.m2/repository/org/apache/ivy/ivy/2.2.0/ivy-2.2.0.jar:/home/alex/.m2/repository/org/apache/hadoop/hadoop-hdfs/3.1.0/hadoop-hdfs-3.1.0.jar:/home/alex/.m2/repository/org/eclipse/jetty/jetty-util-ajax/9.3.19.v20170502/jetty-util-ajax-9.3.19.v20170502.jar:/home/alex/.m2/repository/commons-logging/commons-logging/1.1.3/commons-logging-1.1.3.jar:/home/alex/.m2/repository/commons-daemon/commons-daemon/1.0.13/commons-daemon-1.0.13.jar:/home/alex/.m2/repository/io/netty/netty-all/4.1.65.Final/netty-all-4.1.65.Final.jar:/home/alex/.m2/repository/org/fusesource/leveldbjni/leveldbjni-all/1.8/leveldbjni-all-1.8.jar:/home/alex/.m2/repository/joda-time/joda-time/2.9.9/joda-time-2.9.9.jar:/home/alex/Repositories/hive/hcatalog/core/target/test-classes:/home/alex/.m2/repository/jline/jline/0.9.94/jline-0.9.94.jar:/home/alex/Repositories/hive/ql/target/test-classes:/home/alex/.m2/repository/org/apache/atlas/atlas-client-v2/2.1.0/atlas-client-v2-2.1.0.jar:/home/alex/.m2/repository/cglib/cglib/2.2.2/cglib-2.2.2.jar:/home/alex/.m2/repository/asm/asm/3.3.1/asm-3.3.1.jar:/home/alex/.m2/repository/org/apache/atlas/atlas-client-common/2.1.0/atlas-client-common-2.1.0.jar:/home/alex/.m2/repository/org/apache/atlas/atlas-intg/2.1.0/atlas-intg-2.1.0.jar:/home/alex/.m2/repository/commons-validator/commons-validator/1.6/commons-validator-1.6.jar:/home/alex/.m2/repository/commons-digester/commons-digester/1.8.1/commons-digester-1.8.1.jar:/home/alex/.m2/repository/com/fasterxml/jackson/jaxrs/jackson-jaxrs-base/2.12.0/jackson-jaxrs-base-2.12.0.jar:/home/alex/.m2/repository/javax/inject/javax.inject/1/javax.inject-1.jar:/home/alex/.m2/repository/org/springframework/spring-context/4.3.20.RELEASE/spring-context-4.3.20.RELEASE.jar:/home/alex/.m2/repository/org/springframework/spring-aop/4.3.20.RELEASE/spring-aop-4.3.20.RELEASE.jar:/home/alex/.m2/repository/org/springframework/spring-beans/4.3.20.RELEASE/spring-beans-4.3.20.RELEASE.jar:/home/alex/.m2/repository/org/springframework/spring-core/4.3.20.RELEASE/spring-core-4.3.20.RELEASE.jar:/home/alex/.m2/repository/org/springframework/spring-expression/4.3.20.RELEASE/spring-expression-4.3.20.RELEASE.jar:/home/alex/.m2/repository/commons-configuration/commons-configuration/1.10/commons-configuration-1.10.jar:/home/alex/Repositories/hive/vector-code-gen/target/classes:/home/alex/.m2/repository/org/apache/velocity/velocity/1.5/velocity-1.5.jar:/home/alex/Repositories/hive/serde/target/classes:/home/alex/.m2/repository/org/apache/arrow/arrow-vector/0.15.1/arrow-vector-0.15.1.jar:/home/alex/.m2/repository/org/apache/arrow/arrow-format/0.15.1/arrow-format-0.15.1.jar:/home/alex/.m2/repository/org/apache/arrow/arrow-memory/0.15.1/arrow-memory-0.15.1.jar:/home/alex/.m2/repository/com/google/flatbuffers/flatbuffers-java/1.9.0/flatbuffers-java-1.9.0.jar:/home/alex/.m2/repository/com/carrotsearch/hppc/0.7.2/hppc-0.7.2.jar:/home/alex/.m2/repository/com/github/davidmoten/flatbuffers-java/1.6.0.1/flatbuffers-java-1.6.0.1.jar:/home/alex/Repositories/hive/parser/target/classes:/home/alex/Repositories/hive/udf/target/classes:/home/alex/Repositories/hive/service-rpc/target/classes:/home/alex/Repositories/hive/llap-client/target/classes:/home/alex/Repositories/hive/llap-common/target/classes:/home/alex/.m2/repository/io/jsonwebtoken/jjwt-api/0.10.5/jjwt-api-0.10.5.jar:/home/alex/.m2/repository/io/jsonwebtoken/jjwt-impl/0.10.5/jjwt-impl-0.10.5.jar:/home/alex/.m2/repository/io/jsonwebtoken/jjwt-jackson/0.10.5/jjwt-jackson-0.10.5.jar:/home/alex/Repositories/hive/llap-tez/target/classes:/home/alex/Repositories/hive/shims/aggregator/target/classes:/home/alex/Repositories/hive/shims/common/target/classes:/home/alex/Repositories/hive/shims/0.23/target/classes:/home/alex/.m2/repository/org/apache/hadoop/hadoop-yarn-server-resourcemanager/3.1.0/hadoop-yarn-server-resourcemanager-3.1.0.jar:/home/alex/.m2/repository/org/apache/hadoop/hadoop-yarn-server-common/3.1.0/hadoop-yarn-server-common-3.1.0.jar:/home/alex/.m2/repository/org/apache/geronimo/specs/geronimo-jcache_1.0_spec/1.0-alpha-1/geronimo-jcache_1.0_spec-1.0-alpha-1.jar:/home/alex/.m2/repository/org/ehcache/ehcache/3.3.1/ehcache-3.3.1.jar:/home/alex/.m2/repository/com/zaxxer/HikariCP-java7/2.4.12/HikariCP-java7-2.4.12.jar:/home/alex/.m2/repository/org/apache/hadoop/hadoop-yarn-server-applicationhistoryservice/3.1.0/hadoop-yarn-server-applicationhistoryservice-3.1.0.jar:/home/alex/.m2/repository/de/ruedigermoeller/fst/2.50/fst-2.50.jar:/home/alex/.m2/repository/com/cedarsoftware/java-util/1.9.0/java-util-1.9.0.jar:/home/alex/.m2/repository/com/cedarsoftware/json-io/2.5.1/json-io-2.5.1.jar:/home/alex/Repositories/hive/shims/scheduler/target/classes:/home/alex/Repositories/hive/spark-client/target/classes:/home/alex/.m2/repository/com/fasterxml/jackson/module/jackson-module-scala_2.12/2.12.0/jackson-module-scala_2.12-2.12.0.jar:/home/alex/.m2/repository/org/scala-lang/scala-library/2.12.10/scala-library-2.12.10.jar:/home/alex/.m2/repository/org/apache/spark/spark-core_2.12/2.4.5/spark-core_2.12-2.4.5.jar:/home/alex/.m2/repository/com/twitter/chill_2.12/0.9.3/chill_2.12-0.9.3.jar:/home/alex/.m2/repository/com/twitter/chill-java/0.9.3/chill-java-0.9.3.jar:/home/alex/.m2/repository/org/apache/xbean/xbean-asm6-shaded/4.8/xbean-asm6-shaded-4.8.jar:/home/alex/.m2/repository/org/apache/hadoop/hadoop-client/3.1.0/hadoop-client-3.1.0.jar:/home/alex/.m2/repository/org/apache/spark/spark-launcher_2.12/2.4.5/spark-launcher_2.12-2.4.5.jar:/home/alex/.m2/repository/org/apache/spark/spark-kvstore_2.12/2.4.5/spark-kvstore_2.12-2.4.5.jar:/home/alex/.m2/repository/org/apache/spark/spark-network-common_2.12/2.4.5/spark-network-common_2.12-2.4.5.jar:/home/alex/.m2/repository/org/apache/spark/spark-network-shuffle_2.12/2.4.5/spark-network-shuffle_2.12-2.4.5.jar:/home/alex/.m2/repository/org/apache/spark/spark-unsafe_2.12/2.4.5/spark-unsafe_2.12-2.4.5.jar:/home/alex/.m2/repository/javax/activation/activation/1.1.1/activation-1.1.1.jar:/home/alex/.m2/repository/org/slf4j/jul-to-slf4j/1.7.16/jul-to-slf4j-1.7.16.jar:/home/alex/.m2/repository/org/slf4j/jcl-over-slf4j/1.7.16/jcl-over-slf4j-1.7.16.jar:/home/alex/.m2/repository/com/ning/compress-lzf/1.0.3/compress-lzf-1.0.3.jar:/home/alex/.m2/repository/org/roaringbitmap/RoaringBitmap/0.7.45/RoaringBitmap-0.7.45.jar:/home/alex/.m2/repository/org/roaringbitmap/shims/0.7.45/shims-0.7.45.jar:/home/alex/.m2/repository/org/json4s/json4s-jackson_2.12/3.5.3/json4s-jackson_2.12-3.5.3.jar:/home/alex/.m2/repository/org/json4s/json4s-core_2.12/3.5.3/json4s-core_2.12-3.5.3.jar:/home/alex/.m2/repository/org/json4s/json4s-ast_2.12/3.5.3/json4s-ast_2.12-3.5.3.jar:/home/alex/.m2/repository/org/json4s/json4s-scalap_2.12/3.5.3/json4s-scalap_2.12-3.5.3.jar:/home/alex/.m2/repository/org/scala-lang/modules/scala-xml_2.12/1.0.6/scala-xml_2.12-1.0.6.jar:/home/alex/.m2/repository/com/clearspring/analytics/stream/2.7.0/stream-2.7.0.jar:/home/alex/.m2/repository/io/dropwizard/metrics/metrics-graphite/3.1.5/metrics-graphite-3.1.5.jar:/home/alex/.m2/repository/net/razorvine/pyrolite/4.13/pyrolite-4.13.jar:/home/alex/.m2/repository/net/sf/py4j/py4j/0.10.7/py4j-0.10.7.jar:/home/alex/.m2/repository/org/apache/spark/spark-tags_2.12/2.4.5/spark-tags_2.12-2.4.5.jar:/home/alex/.m2/repository/org/apache/commons/commons-crypto/1.0.0/commons-crypto-1.0.0.jar:/home/alex/.m2/repository/org/spark-project/spark/unused/1.0.0/unused-1.0.0.jar:/home/alex/.m2/repository/org/apache/spark/spark-yarn_2.12/2.4.5/spark-yarn_2.12-2.4.5.jar:/home/alex/.m2/repository/org/apache/hadoop/hadoop-yarn-server-web-proxy/3.1.0/hadoop-yarn-server-web-proxy-3.1.0.jar:/home/alex/Repositories/hive/storage-api/target/classes:/home/alex/.m2/repository/com/amazonaws/secretsmanager/aws-secretsmanager-caching-java/1.0.1/aws-secretsmanager-caching-java-1.0.1.jar:/home/alex/.m2/repository/com/esotericsoftware/kryo/5.0.3/kryo-5.0.3.jar:/home/alex/.m2/repository/com/esotericsoftware/minlog/1.3.1/minlog-1.3.1.jar:/home/alex/.m2/repository/com/esotericsoftware/reflectasm/1.11.9/reflectasm-1.11.9.jar:/home/alex/.m2/repository/org/apache/parquet/parquet-hadoop-bundle/1.11.1/parquet-hadoop-bundle-1.11.1.jar:/home/alex/.m2/repository/org/apache/commons/commons-collections4/4.1/commons-collections4-4.1.jar:/home/alex/.m2/repository/org/apache/commons/commons-text/1.8/commons-text-1.8.jar:/home/alex/.m2/repository/javolution/javolution/5.5.1/javolution-5.5.1.jar:/home/alex/.m2/repository/org/apache/logging/log4j/log4j-1.2-api/2.13.2/log4j-1.2-api-2.13.2.jar:/home/alex/.m2/repository/org/apache/logging/log4j/log4j-api/2.13.2/log4j-api-2.13.2.jar:/home/alex/.m2/repository/org/apache/logging/log4j/log4j-core/2.13.2/log4j-core-2.13.2.jar:/home/alex/.m2/repository/org/apache/logging/log4j/log4j-slf4j-impl/2.13.2/log4j-slf4j-impl-2.13.2.jar:/home/alex/.m2/repository/org/apache/avro/avro-mapred/1.8.2/avro-mapred-1.8.2-hadoop2.jar:/home/alex/.m2/repository/org/apache/avro/avro-ipc/1.8.2/avro-ipc-1.8.2.jar:/home/alex/.m2/repository/org/apache/ant/ant/1.9.1/ant-1.9.1.jar:/home/alex/.m2/repository/org/apache/ant/ant-launcher/1.9.1/ant-launcher-1.9.1.jar:/home/alex/.m2/repository/org/apache/thrift/libfb303/0.9.3/libfb303-0.9.3.jar:/home/alex/.m2/repository/org/apache/hadoop/hadoop-yarn-registry/3.1.0/hadoop-yarn-registry-3.1.0.jar:/home/alex/.m2/repository/dnsjava/dnsjava/2.1.7/dnsjava-2.1.7.jar:/home/alex/.m2/repository/org/apache/orc/orc-tools/1.6.9/orc-tools-1.6.9.jar:/home/alex/.m2/repository/com/opencsv/opencsv/3.9/opencsv-3.9.jar:/home/alex/.m2/repository/org/threeten/threetenbp/1.3.5/threetenbp-1.3.5.jar:/home/alex/.m2/repository/org/apache/thrift/libthrift/0.14.1/libthrift-0.14.1.jar:/home/alex/.m2/repository/org/apache/httpcomponents/httpcore/4.4.13/httpcore-4.4.13.jar:/home/alex/.m2/repository/org/apache/tomcat/embed/tomcat-embed-core/8.5.46/tomcat-embed-core-8.5.46.jar:/home/alex/.m2/repository/org/apache/tomcat/tomcat-annotations-api/8.5.46/tomcat-annotations-api-8.5.46.jar:/home/alex/.m2/repository/javax/annotation/javax.annotation-api/1.3.2/javax.annotation-api-1.3.2.jar:/home/alex/.m2/repository/org/apache/zookeeper/zookeeper/3.5.5/zookeeper-3.5.5.jar:/home/alex/.m2/repository/org/apache/zookeeper/zookeeper-jute/3.5.5/zookeeper-jute-3.5.5.jar:/home/alex/.m2/repository/org/apache/yetus/audience-annotations/0.5.0/audience-annotations-0.5.0.jar:/home/alex/.m2/repository/org/apache/curator/curator-framework/4.2.0/curator-framework-4.2.0.jar:/home/alex/.m2/repository/org/apache/datasketches/datasketches-hive/1.1.0-incubating/datasketches-hive-1.1.0-incubating.jar:/home/alex/.m2/repository/org/apache/datasketches/datasketches-java/1.3.0-incubating/datasketches-java-1.3.0-incubating.jar:/home/alex/.m2/repository/org/apache/datasketches/datasketches-memory/1.2.0-incubating/datasketches-memory-1.2.0-incubating.jar:/home/alex/.m2/repository/org/slf4j/slf4j-simple/1.7.27/slf4j-simple-1.7.27.jar:/home/alex/.m2/repository/org/codehaus/groovy/groovy-all/2.4.11/groovy-all-2.4.11.jar:/home/alex/.m2/repository/org/jodd/jodd-util/6.0.0/jodd-util-6.0.0.jar:/home/alex/.m2/repository/com/fasterxml/jackson/dataformat/jackson-dataformat-yaml/2.12.0/jackson-dataformat-yaml-2.12.0.jar:/home/alex/.m2/repository/org/yaml/snakeyaml/1.27/snakeyaml-1.27.jar:/home/alex/.m2/repository/org/datanucleus/datanucleus-core/5.2.4/datanucleus-core-5.2.4.jar:/home/alex/.m2/repository/org/apache/calcite/calcite-core/1.25.0/calcite-core-1.25.0.jar:/home/alex/.m2/repository/org/apache/calcite/calcite-linq4j/1.25.0/calcite-linq4j-1.25.0.jar:/home/alex/.m2/repository/org/apiguardian/apiguardian-api/1.1.0/apiguardian-api-1.1.0.jar:/home/alex/.m2/repository/com/esri/geometry/esri-geometry-api/2.2.0/esri-geometry-api-2.2.0.jar:/home/alex/.m2/repository/com/yahoo/datasketches/sketches-core/0.9.0/sketches-core-0.9.0.jar:/home/alex/.m2/repository/com/yahoo/datasketches/memory/0.9.0/memory-0.9.0.jar:/home/alex/.m2/repository/org/apache/calcite/calcite-druid/1.25.0/calcite-druid-1.25.0.jar:/home/alex/.m2/repository/org/apache/calcite/avatica/avatica/1.12.0/avatica-1.12.0.jar:/home/alex/.m2/repository/com/googlecode/javaewah/JavaEWAH/0.3.2/JavaEWAH-0.3.2.jar:/home/alex/.m2/repository/com/tdunning/json/1.8/json-1.8.jar:/home/alex/.m2/repository/stax/stax-api/1.0.1/stax-api-1.0.1.jar:/home/alex/.m2/repository/net/sf/opencsv/opencsv/2.3/opencsv-2.3.jar:/home/alex/Repositories/hive/standalone-metastore/metastore-server/target/classes:/home/alex/.m2/repository/org/reflections/reflections/0.9.10/reflections-0.9.10.jar:/home/alex/.m2/repository/org/javassist/javassist/3.19.0-GA/javassist-3.19.0-GA.jar:/home/alex/.m2/repository/com/jayway/jsonpath/json-path/2.4.0/json-path-2.4.0.jar:/home/alex/.m2/repository/org/codehaus/janino/commons-compiler/3.0.11/commons-compiler-3.0.11.jar:/home/alex/.m2/repository/org/codehaus/janino/janino/3.0.11/janino-3.0.11.jar:/home/alex/.m2/repository/com/sun/jersey/contribs/jersey-multipart/1.19/jersey-multipart-1.19.jar:/home/alex/.m2/repository/org/jvnet/mimepull/mimepull/1.9.3/mimepull-1.9.3.jar:/home/alex/.m2/repository/org/apache/kafka/kafka-clients/2.5.0/kafka-clients-2.5.0.jar:/home/alex/.m2/repository/com/github/luben/zstd-jni/1.4.4-7/zstd-jni-1.4.4-7.jar:/home/alex/.m2/repository/org/lz4/lz4-java/1.7.1/lz4-java-1.7.1.jar:/home/alex/.m2/repository/org/apache/hadoop/hadoop-hdfs/3.1.0/hadoop-hdfs-3.1.0-tests.jar:/home/alex/Repositories/hive/standalone-metastore/metastore-server/target/test-classes:/home/alex/Repositories/hive/standalone-metastore/metastore-common/target/classes:/home/alex/.m2/repository/com/github/ben-manes/caffeine/caffeine/2.8.4/caffeine-2.8.4.jar:/home/alex/.m2/repository/org/checkerframework/checker-qual/3.4.0/checker-qual-3.4.0.jar:/home/alex/.m2/repository/com/google/errorprone/error_prone_annotations/2.3.4/error_prone_annotations-2.3.4.jar:/home/alex/.m2/repository/org/apache/orc/orc-core/1.6.9/orc-core-1.6.9.jar:/home/alex/.m2/repository/org/apache/orc/orc-shims/1.6.9/orc-shims-1.6.9.jar:/home/alex/.m2/repository/io/airlift/aircompressor/0.19/aircompressor-0.19.jar:/home/alex/.m2/repository/org/jetbrains/annotations/17.0.0/annotations-17.0.0.jar:/home/alex/.m2/repository/org/threeten/threeten-extra/1.5.0/threeten-extra-1.5.0.jar:/home/alex/.m2/repository/com/github/joshelser/dropwizard-metrics-hadoop-metrics2-reporter/0.1.2/dropwizard-metrics-hadoop-metrics2-reporter-0.1.2.jar:/home/alex/.m2/repository/com/zaxxer/HikariCP/2.6.1/HikariCP-2.6.1.jar:/home/alex/.m2/repository/org/apache/commons/commons-dbcp2/2.7.0/commons-dbcp2-2.7.0.jar:/home/alex/.m2/repository/org/apache/commons/commons-pool2/2.7.0/commons-pool2-2.7.0.jar:/home/alex/.m2/repository/io/dropwizard/metrics/metrics-core/3.1.0/metrics-core-3.1.0.jar:/home/alex/.m2/repository/io/dropwizard/metrics/metrics-jvm/3.1.0/metrics-jvm-3.1.0.jar:/home/alex/.m2/repository/io/dropwizard/metrics/metrics-json/3.1.0/metrics-json-3.1.0.jar:/home/alex/.m2/repository/org/apache/derby/derby/10.14.1.0/derby-10.14.1.0.jar:/home/alex/.m2/repository/commons-beanutils/commons-beanutils/1.9.4/commons-beanutils-1.9.4.jar:/home/alex/.m2/repository/org/datanucleus/datanucleus-api-jdo/5.2.4/datanucleus-api-jdo-5.2.4.jar:/home/alex/.m2/repository/org/datanucleus/datanucleus-rdbms/5.2.4/datanucleus-rdbms-5.2.4.jar:/home/alex/.m2/repository/org/datanucleus/javax.jdo/3.2.0-release/javax.jdo-3.2.0-release.jar:/home/alex/.m2/repository/javax/transaction/javax.transaction-api/1.3/javax.transaction-api-1.3.jar:/home/alex/.m2/repository/org/glassfish/corba/glassfish-corba-omgapi/4.2.2/glassfish-corba-omgapi-4.2.2.jar:/home/alex/.m2/repository/sqlline/sqlline/1.9.0/sqlline-1.9.0.jar:/home/alex/.m2/repository/org/jline/jline-terminal/3.12.1/jline-terminal-3.12.1.jar:/home/alex/.m2/repository/org/jline/jline-reader/3.12.1/jline-reader-3.12.1.jar:/home/alex/.m2/repository/org/jline/jline-terminal-jansi/3.12.1/jline-terminal-jansi-3.12.1.jar:/home/alex/.m2/repository/org/fusesource/jansi/jansi/1.18/jansi-1.18.jar:/home/alex/.m2/repository/org/jline/jline-terminal-jna/3.12.1/jline-terminal-jna-3.12.1.jar:/home/alex/.m2/repository/net/java/dev/jna/jna/5.3.1/jna-5.3.1.jar:/home/alex/.m2/repository/org/jline/jline-builtins/3.12.1/jline-builtins-3.12.1.jar:/home/alex/.m2/repository/org/jline/jline-style/3.12.1/jline-style-3.12.1.jar:/home/alex/.m2/repository/com/cronutils/cron-utils/9.1.3/cron-utils-9.1.3.jar:/home/alex/.m2/repository/org/glassfish/javax.el/3.0.0/javax.el-3.0.0.jar:/home/alex/.m2/repository/com/oracle/database/jdbc/ojdbc8/21.3.0.0/ojdbc8-21.3.0.0.jar:/home/alex/.m2/repository/mysql/mysql-connector-java/8.0.27/mysql-connector-java-8.0.27.jar:/home/alex/.m2/repository/com/microsoft/sqlserver/mssql-jdbc/6.2.1.jre8/mssql-jdbc-6.2.1.jre8.jar:/home/alex/.m2/repository/org/postgresql/postgresql/42.2.14/postgresql-42.2.14.jar:/home/alex/.m2/repository/org/apache/hadoop/hadoop-mapreduce-client-common/3.1.0/hadoop-mapreduce-client-common-3.1.0.jar:/home/alex/.m2/repository/org/apache/hadoop/hadoop-common/3.1.0/hadoop-common-3.1.0-tests.jar:/home/alex/.m2/repository/org/apache/httpcomponents/httpclient/4.5.13/httpclient-4.5.13.jar:/home/alex/.m2/repository/org/apache/curator/curator-client/4.2.0/curator-client-4.2.0.jar:/home/alex/.m2/repository/org/apache/curator/curator-recipes/4.2.0/curator-recipes-4.2.0.jar:/home/alex/.m2/repository/com/sun/jersey/jersey-servlet/1.19/jersey-servlet-1.19.jar:/home/alex/.m2/repository/org/slf4j/slf4j-api/1.7.30/slf4j-api-1.7.30.jar:/home/alex/.m2/repository/org/mockito/mockito-core/3.4.4/mockito-core-3.4.4.jar:/home/alex/.m2/repository/net/bytebuddy/byte-buddy/1.10.13/byte-buddy-1.10.13.jar:/home/alex/.m2/repository/net/bytebuddy/byte-buddy-agent/1.10.13/byte-buddy-agent-1.10.13.jar:/home/alex/.m2/repository/org/objenesis/objenesis/2.6/objenesis-2.6.jar:/home/alex/Repositories/hive/hcatalog/hcatalog-pig-adapter/target/testconf:/home/alex/Repositories/hive/hcatalog/hcatalog-pig-adapter/../../conf:"/>
    <property name="run_disabled" value=""/>
    <property name="java.vm.vendor" value="Private Build"/>
    <property name="sun.arch.data.model" value="64"/>
    <property name="hadoop.version" value="3.1.0"/>
    <property name="java.vendor.url" value="http://java.oracle.com/"/>
    <property name="user.timezone" value=""/>
    <property name="user.country.format" value="PT"/>
    <property name="test.local.warehouse.dir" value="pfile:///home/alex/Repositories/hive/hcatalog/hcatalog-pig-adapter/target/localfs/warehouse"/>
    <property name="os.name" value="Linux"/>
    <property name="java.vm.specification.version" value="1.8"/>
    <property name="test.tmp.dir" value="/home/alex/Repositories/hive/hcatalog/hcatalog-pig-adapter/target/tmp"/>
    <property name="test.build.data" value="/home/alex/Repositories/hive/hcatalog/hcatalog-pig-adapter/target/tmp"/>
    <property name="clustermode" value=""/>
    <property name="sun.java.launcher" value="SUN_STANDARD"/>
    <property name="user.country" value="US"/>
    <property name="test.data.files" value="/home/alex/Repositories/hive/hcatalog/hcatalog-pig-adapter/../../data/files"/>
    <property name="sun.boot.library.path" value="/usr/lib/jvm/java-8-openjdk-amd64/jre/lib/amd64"/>
    <property name="sun.java.command" value="/home/alex/Repositories/hive/hcatalog/hcatalog-pig-adapter/target/surefire/surefirebooter1909838488771504000.jar /home/alex/Repositories/hive/hcatalog/hcatalog-pig-adapter/target/surefire 2024-05-01T18-25-52_277-jvmRun1 surefire7466708132400259694tmp surefire_9414456240891926847423tmp"/>
    <property name="surefire.test.class.path" value="/home/alex/Repositories/hive/hcatalog/hcatalog-pig-adapter/target/test-classes:/home/alex/Repositories/hive/hcatalog/hcatalog-pig-adapter/target/classes:/home/alex/Repositories/hive/hcatalog/core/target/classes:/home/alex/Repositories/hive/cli/target/classes:/home/alex/Repositories/hive/service/target/classes:/home/alex/Repositories/hive/llap-server/target/classes:/home/alex/.m2/repository/com/lmax/disruptor/3.3.7/disruptor-3.3.7.jar:/home/alex/Repositories/hive/llap-common/target/test-classes:/home/alex/Repositories/hive/hplsql/target/classes:/home/alex/.m2/repository/org/antlr/antlr4-runtime/4.5/antlr4-runtime-4.5.jar:/home/alex/.m2/repository/org/abego/treelayout/org.abego.treelayout.core/1.0.1/org.abego.treelayout.core-1.0.1.jar:/home/alex/.m2/repository/javax/servlet/jsp/javax.servlet.jsp-api/2.3.1/javax.servlet.jsp-api-2.3.1.jar:/home/alex/.m2/repository/org/eclipse/jetty/jetty-runner/9.3.27.v20190418/jetty-runner-9.3.27.v20190418.jar:/home/alex/.m2/repository/org/eclipse/jetty/jetty-plus/9.3.27.v20190418/jetty-plus-9.3.27.v20190418.jar:/home/alex/.m2/repository/org/eclipse/jetty/jetty-annotations/9.3.27.v20190418/jetty-annotations-9.3.27.v20190418.jar:/home/alex/.m2/repository/org/ow2/asm/asm-commons/6.0/asm-commons-6.0.jar:/home/alex/.m2/repository/org/ow2/asm/asm-tree/6.0/asm-tree-6.0.jar:/home/alex/.m2/repository/org/eclipse/jetty/jetty-jaas/9.3.27.v20190418/jetty-jaas-9.3.27.v20190418.jar:/home/alex/.m2/repository/org/eclipse/jetty/websocket/websocket-server/9.3.27.v20190418/websocket-server-9.3.27.v20190418.jar:/home/alex/.m2/repository/org/eclipse/jetty/websocket/websocket-common/9.3.27.v20190418/websocket-common-9.3.27.v20190418.jar:/home/alex/.m2/repository/org/eclipse/jetty/websocket/websocket-api/9.3.27.v20190418/websocket-api-9.3.27.v20190418.jar:/home/alex/.m2/repository/org/eclipse/jetty/websocket/websocket-client/9.3.27.v20190418/websocket-client-9.3.27.v20190418.jar:/home/alex/.m2/repository/org/eclipse/jetty/websocket/websocket-servlet/9.3.27.v20190418/websocket-servlet-9.3.27.v20190418.jar:/home/alex/.m2/repository/org/eclipse/jetty/jetty-jndi/9.3.27.v20190418/jetty-jndi-9.3.27.v20190418.jar:/home/alex/.m2/repository/org/eclipse/jetty/apache-jsp/9.3.27.v20190418/apache-jsp-9.3.27.v20190418.jar:/home/alex/.m2/repository/org/eclipse/jetty/toolchain/jetty-schemas/3.1/jetty-schemas-3.1.jar:/home/alex/.m2/repository/org/eclipse/jdt/core/compiler/ecj/4.4.2/ecj-4.4.2.jar:/home/alex/.m2/repository/org/eclipse/jetty/apache-jstl/9.3.27.v20190418/apache-jstl-9.3.27.v20190418.jar:/home/alex/.m2/repository/org/apache/taglibs/taglibs-standard-spec/1.2.5/taglibs-standard-spec-1.2.5.jar:/home/alex/.m2/repository/org/apache/taglibs/taglibs-standard-impl/1.2.5/taglibs-standard-impl-1.2.5.jar:/home/alex/.m2/repository/org/bouncycastle/bcprov-jdk15on/1.64/bcprov-jdk15on-1.64.jar:/home/alex/.m2/repository/org/apache/santuario/xmlsec/2.2.1/xmlsec-2.2.1.jar:/home/alex/.m2/repository/org/jamon/jamon-runtime/2.3.1/jamon-runtime-2.3.1.jar:/home/alex/Repositories/hive/common/target/classes:/home/alex/Repositories/hive/classification/target/classes:/home/alex/.m2/repository/org/eclipse/jetty/jetty-http/9.3.27.v20190418/jetty-http-9.3.27.v20190418.jar:/home/alex/.m2/repository/org/eclipse/jetty/jetty-rewrite/9.3.27.v20190418/jetty-rewrite-9.3.27.v20190418.jar:/home/alex/.m2/repository/org/eclipse/jetty/jetty-client/9.3.27.v20190418/jetty-client-9.3.27.v20190418.jar:/home/alex/.m2/repository/org/apache/logging/log4j/log4j-web/2.13.2/log4j-web-2.13.2.jar:/home/alex/.m2/repository/net/sf/jpam/jpam/1.1/jpam-1.1.jar:/home/alex/Repositories/hive/metastore/target/classes:/home/alex/Repositories/hive/ql/target/classes:/home/alex/.m2/repository/com/google/guava/guava/19.0/guava-19.0.jar:/home/alex/.m2/repository/com/fasterxml/jackson/core/jackson-annotations/2.12.0/jackson-annotations-2.12.0.jar:/home/alex/.m2/repository/com/fasterxml/jackson/core/jackson-core/2.12.0/jackson-core-2.12.0.jar:/home/alex/.m2/repository/com/fasterxml/jackson/core/jackson-databind/2.12.0/jackson-databind-2.12.0.jar:/home/alex/.m2/repository/org/apache/hadoop/hadoop-annotations/3.1.0/hadoop-annotations-3.1.0.jar:/usr/lib/jvm/java-8-openjdk-amd64/jre/../lib/tools.jar:/home/alex/.m2/repository/org/apache/hadoop/hadoop-archives/3.1.0/hadoop-archives-3.1.0.jar:/home/alex/.m2/repository/org/apache/hadoop/hadoop-common/3.1.0/hadoop-common-3.1.0.jar:/home/alex/.m2/repository/commons-cli/commons-cli/1.4/commons-cli-1.4.jar:/home/alex/.m2/repository/org/apache/commons/commons-math3/3.6.1/commons-math3-3.6.1.jar:/home/alex/.m2/repository/commons-codec/commons-codec/1.15/commons-codec-1.15.jar:/home/alex/.m2/repository/commons-io/commons-io/2.6/commons-io-2.6.jar:/home/alex/.m2/repository/commons-net/commons-net/3.6/commons-net-3.6.jar:/home/alex/.m2/repository/commons-collections/commons-collections/3.2.2/commons-collections-3.2.2.jar:/home/alex/.m2/repository/javax/servlet/javax.servlet-api/3.1.0/javax.servlet-api-3.1.0.jar:/home/alex/.m2/repository/org/eclipse/jetty/jetty-server/9.3.27.v20190418/jetty-server-9.3.27.v20190418.jar:/home/alex/.m2/repository/org/eclipse/jetty/jetty-io/9.3.27.v20190418/jetty-io-9.3.27.v20190418.jar:/home/alex/.m2/repository/org/eclipse/jetty/jetty-util/9.3.27.v20190418/jetty-util-9.3.27.v20190418.jar:/home/alex/.m2/repository/org/eclipse/jetty/jetty-servlet/9.3.27.v20190418/jetty-servlet-9.3.27.v20190418.jar:/home/alex/.m2/repository/org/eclipse/jetty/jetty-security/9.3.27.v20190418/jetty-security-9.3.27.v20190418.jar:/home/alex/.m2/repository/org/eclipse/jetty/jetty-webapp/9.3.27.v20190418/jetty-webapp-9.3.27.v20190418.jar:/home/alex/.m2/repository/org/eclipse/jetty/jetty-xml/9.3.27.v20190418/jetty-xml-9.3.27.v20190418.jar:/home/alex/.m2/repository/javax/servlet/jsp/jsp-api/2.1/jsp-api-2.1.jar:/home/alex/.m2/repository/com/sun/jersey/jersey-core/1.19/jersey-core-1.19.jar:/home/alex/.m2/repository/javax/ws/rs/jsr311-api/1.1.1/jsr311-api-1.1.1.jar:/home/alex/.m2/repository/com/sun/jersey/jersey-json/1.19/jersey-json-1.19.jar:/home/alex/.m2/repository/org/codehaus/jettison/jettison/1.1/jettison-1.1.jar:/home/alex/.m2/repository/com/sun/xml/bind/jaxb-impl/2.2.3-1/jaxb-impl-2.2.3-1.jar:/home/alex/.m2/repository/org/codehaus/jackson/jackson-jaxrs/1.9.2/jackson-jaxrs-1.9.2.jar:/home/alex/.m2/repository/org/codehaus/jackson/jackson-xc/1.9.2/jackson-xc-1.9.2.jar:/home/alex/.m2/repository/com/sun/jersey/jersey-server/1.19/jersey-server-1.19.jar:/home/alex/.m2/repository/log4j/log4j/1.2.17/log4j-1.2.17.jar:/home/alex/.m2/repository/commons-lang/commons-lang/2.6/commons-lang-2.6.jar:/home/alex/.m2/repository/org/apache/commons/commons-configuration2/2.1.1/commons-configuration2-2.1.1.jar:/home/alex/.m2/repository/org/apache/commons/commons-lang3/3.4/commons-lang3-3.4.jar:/home/alex/.m2/repository/org/apache/avro/avro/1.8.2/avro-1.8.2.jar:/home/alex/.m2/repository/com/thoughtworks/paranamer/paranamer/2.8/paranamer-2.8.jar:/home/alex/.m2/repository/org/xerial/snappy/snappy-java/1.1.4/snappy-java-1.1.4.jar:/home/alex/.m2/repository/org/tukaani/xz/1.5/xz-1.5.jar:/home/alex/.m2/repository/com/google/re2j/re2j/1.2/re2j-1.2.jar:/home/alex/.m2/repository/com/google/protobuf/protobuf-java/2.5.0/protobuf-java-2.5.0.jar:/home/alex/.m2/repository/com/google/code/gson/gson/2.2.4/gson-2.2.4.jar:/home/alex/.m2/repository/org/apache/hadoop/hadoop-auth/3.1.0/hadoop-auth-3.1.0.jar:/home/alex/.m2/repository/com/nimbusds/nimbus-jose-jwt/4.41.1/nimbus-jose-jwt-4.41.1.jar:/home/alex/.m2/repository/com/github/stephenc/jcip/jcip-annotations/1.0-1/jcip-annotations-1.0-1.jar:/home/alex/.m2/repository/net/minidev/json-smart/2.3/json-smart-2.3.jar:/home/alex/.m2/repository/net/minidev/accessors-smart/1.2/accessors-smart-1.2.jar:/home/alex/.m2/repository/org/ow2/asm/asm/5.0.4/asm-5.0.4.jar:/home/alex/.m2/repository/com/jcraft/jsch/0.1.54/jsch-0.1.54.jar:/home/alex/.m2/repository/com/google/code/findbugs/jsr305/3.0.0/jsr305-3.0.0.jar:/home/alex/.m2/repository/org/apache/htrace/htrace-core4/4.1.0-incubating/htrace-core4-4.1.0-incubating.jar:/home/alex/.m2/repository/org/apache/commons/commons-compress/1.21/commons-compress-1.21.jar:/home/alex/.m2/repository/org/apache/kerby/kerb-simplekdc/1.0.1/kerb-simplekdc-1.0.1.jar:/home/alex/.m2/repository/org/apache/kerby/kerb-client/1.0.1/kerb-client-1.0.1.jar:/home/alex/.m2/repository/org/apache/kerby/kerby-config/1.0.1/kerby-config-1.0.1.jar:/home/alex/.m2/repository/org/apache/kerby/kerb-core/1.0.1/kerb-core-1.0.1.jar:/home/alex/.m2/repository/org/apache/kerby/kerby-pkix/1.0.1/kerby-pkix-1.0.1.jar:/home/alex/.m2/repository/org/apache/kerby/kerby-asn1/1.0.1/kerby-asn1-1.0.1.jar:/home/alex/.m2/repository/org/apache/kerby/kerby-util/1.0.1/kerby-util-1.0.1.jar:/home/alex/.m2/repository/org/apache/kerby/kerb-common/1.0.1/kerb-common-1.0.1.jar:/home/alex/.m2/repository/org/apache/kerby/kerb-crypto/1.0.1/kerb-crypto-1.0.1.jar:/home/alex/.m2/repository/org/apache/kerby/kerb-util/1.0.1/kerb-util-1.0.1.jar:/home/alex/.m2/repository/org/apache/kerby/token-provider/1.0.1/token-provider-1.0.1.jar:/home/alex/.m2/repository/org/apache/kerby/kerb-admin/1.0.1/kerb-admin-1.0.1.jar:/home/alex/.m2/repository/org/apache/kerby/kerb-server/1.0.1/kerb-server-1.0.1.jar:/home/alex/.m2/repository/org/apache/kerby/kerb-identity/1.0.1/kerb-identity-1.0.1.jar:/home/alex/.m2/repository/org/apache/kerby/kerby-xdr/1.0.1/kerby-xdr-1.0.1.jar:/home/alex/.m2/repository/org/codehaus/woodstox/stax2-api/3.1.4/stax2-api-3.1.4.jar:/home/alex/.m2/repository/com/fasterxml/woodstox/woodstox-core/5.0.3/woodstox-core-5.0.3.jar:/home/alex/.m2/repository/org/apache/hadoop/hadoop-mapreduce-client-jobclient/3.1.0/hadoop-mapreduce-client-jobclient-3.1.0.jar:/home/alex/.m2/repository/com/google/inject/extensions/guice-servlet/4.0/guice-servlet-4.0.jar:/home/alex/.m2/repository/com/google/inject/guice/4.0/guice-4.0.jar:/home/alex/.m2/repository/aopalliance/aopalliance/1.0/aopalliance-1.0.jar:/home/alex/.m2/repository/org/apache/hadoop/hadoop-mapreduce-client-core/3.1.0/hadoop-mapreduce-client-core-3.1.0.jar:/home/alex/.m2/repository/org/apache/hadoop/hadoop-yarn-client/3.1.0/hadoop-yarn-client-3.1.0.jar:/home/alex/.m2/repository/org/apache/hadoop/hadoop-yarn-api/3.1.0/hadoop-yarn-api-3.1.0.jar:/home/alex/.m2/repository/org/apache/hadoop/hadoop-yarn-common/3.1.0/hadoop-yarn-common-3.1.0.jar:/home/alex/.m2/repository/javax/xml/bind/jaxb-api/2.2.11/jaxb-api-2.2.11.jar:/home/alex/.m2/repository/com/sun/jersey/jersey-client/1.19/jersey-client-1.19.jar:/home/alex/.m2/repository/com/sun/jersey/contribs/jersey-guice/1.19/jersey-guice-1.19.jar:/home/alex/.m2/repository/com/fasterxml/jackson/module/jackson-module-jaxb-annotations/2.12.0/jackson-module-jaxb-annotations-2.12.0.jar:/home/alex/.m2/repository/jakarta/xml/bind/jakarta.xml.bind-api/2.3.2/jakarta.xml.bind-api-2.3.2.jar:/home/alex/.m2/repository/jakarta/activation/jakarta.activation-api/1.2.1/jakarta.activation-api-1.2.1.jar:/home/alex/.m2/repository/com/fasterxml/jackson/jaxrs/jackson-jaxrs-json-provider/2.12.0/jackson-jaxrs-json-provider-2.12.0.jar:/home/alex/.m2/repository/org/apache/hadoop/hadoop-hdfs-client/3.1.0/hadoop-hdfs-client-3.1.0.jar:/home/alex/.m2/repository/com/squareup/okhttp/okhttp/2.7.5/okhttp-2.7.5.jar:/home/alex/.m2/repository/com/squareup/okio/okio/1.6.0/okio-1.6.0.jar:/home/alex/.m2/repository/org/apache/pig/pig/0.16.0/pig-0.16.0-h2.jar:/home/alex/.m2/repository/xmlenc/xmlenc/0.52/xmlenc-0.52.jar:/home/alex/.m2/repository/commons-httpclient/commons-httpclient/3.1/commons-httpclient-3.1.jar:/home/alex/.m2/repository/org/mortbay/jetty/jetty/6.1.26/jetty-6.1.26.jar:/home/alex/.m2/repository/org/mortbay/jetty/servlet-api/2.5-20081211/servlet-api-2.5-20081211.jar:/home/alex/.m2/repository/org/mortbay/jetty/jetty-util/6.1.26/jetty-util-6.1.26.jar:/home/alex/.m2/repository/org/mortbay/jetty/jsp-api-2.1/6.1.14/jsp-api-2.1-6.1.14.jar:/home/alex/.m2/repository/org/mortbay/jetty/jsp-2.1/6.1.14/jsp-2.1-6.1.14.jar:/home/alex/.m2/repository/org/eclipse/jdt/core/3.1.1/core-3.1.1.jar:/home/alex/.m2/repository/ant/ant/1.6.5/ant-1.6.5.jar:/home/alex/.m2/repository/commons-el/commons-el/1.0/commons-el-1.0.jar:/home/alex/.m2/repository/net/java/dev/jets3t/jets3t/0.7.1/jets3t-0.7.1.jar:/home/alex/.m2/repository/org/mortbay/jetty/servlet-api-2.5/6.1.14/servlet-api-2.5-6.1.14.jar:/home/alex/.m2/repository/net/sf/kosmosfs/kfs/0.3/kfs-0.3.jar:/home/alex/.m2/repository/junit/junit/4.13/junit-4.13.jar:/home/alex/.m2/repository/org/hamcrest/hamcrest-core/1.3/hamcrest-core-1.3.jar:/home/alex/.m2/repository/hsqldb/hsqldb/1.8.0.10/hsqldb-1.8.0.10.jar:/home/alex/.m2/repository/oro/oro/2.0.8/oro-2.0.8.jar:/home/alex/.m2/repository/org/antlr/ST4/4.0.4/ST4-4.0.4.jar:/home/alex/.m2/repository/org/antlr/antlr-runtime/3.5.2/antlr-runtime-3.5.2.jar:/home/alex/.m2/repository/dk/brics/automaton/automaton/1.11-8/automaton-1.11-8.jar:/home/alex/.m2/repository/org/codehaus/jackson/jackson-mapper-asl/1.8.8/jackson-mapper-asl-1.8.8.jar:/home/alex/.m2/repository/org/codehaus/jackson/jackson-core-asl/1.8.8/jackson-core-asl-1.8.8.jar:/home/alex/.m2/repository/org/apache/ivy/ivy/2.2.0/ivy-2.2.0.jar:/home/alex/.m2/repository/org/apache/hadoop/hadoop-hdfs/3.1.0/hadoop-hdfs-3.1.0.jar:/home/alex/.m2/repository/org/eclipse/jetty/jetty-util-ajax/9.3.19.v20170502/jetty-util-ajax-9.3.19.v20170502.jar:/home/alex/.m2/repository/commons-logging/commons-logging/1.1.3/commons-logging-1.1.3.jar:/home/alex/.m2/repository/commons-daemon/commons-daemon/1.0.13/commons-daemon-1.0.13.jar:/home/alex/.m2/repository/io/netty/netty-all/4.1.65.Final/netty-all-4.1.65.Final.jar:/home/alex/.m2/repository/org/fusesource/leveldbjni/leveldbjni-all/1.8/leveldbjni-all-1.8.jar:/home/alex/.m2/repository/joda-time/joda-time/2.9.9/joda-time-2.9.9.jar:/home/alex/Repositories/hive/hcatalog/core/target/test-classes:/home/alex/.m2/repository/jline/jline/0.9.94/jline-0.9.94.jar:/home/alex/Repositories/hive/ql/target/test-classes:/home/alex/.m2/repository/org/apache/atlas/atlas-client-v2/2.1.0/atlas-client-v2-2.1.0.jar:/home/alex/.m2/repository/cglib/cglib/2.2.2/cglib-2.2.2.jar:/home/alex/.m2/repository/asm/asm/3.3.1/asm-3.3.1.jar:/home/alex/.m2/repository/org/apache/atlas/atlas-client-common/2.1.0/atlas-client-common-2.1.0.jar:/home/alex/.m2/repository/org/apache/atlas/atlas-intg/2.1.0/atlas-intg-2.1.0.jar:/home/alex/.m2/repository/commons-validator/commons-validator/1.6/commons-validator-1.6.jar:/home/alex/.m2/repository/commons-digester/commons-digester/1.8.1/commons-digester-1.8.1.jar:/home/alex/.m2/repository/com/fasterxml/jackson/jaxrs/jackson-jaxrs-base/2.12.0/jackson-jaxrs-base-2.12.0.jar:/home/alex/.m2/repository/javax/inject/javax.inject/1/javax.inject-1.jar:/home/alex/.m2/repository/org/springframework/spring-context/4.3.20.RELEASE/spring-context-4.3.20.RELEASE.jar:/home/alex/.m2/repository/org/springframework/spring-aop/4.3.20.RELEASE/spring-aop-4.3.20.RELEASE.jar:/home/alex/.m2/repository/org/springframework/spring-beans/4.3.20.RELEASE/spring-beans-4.3.20.RELEASE.jar:/home/alex/.m2/repository/org/springframework/spring-core/4.3.20.RELEASE/spring-core-4.3.20.RELEASE.jar:/home/alex/.m2/repository/org/springframework/spring-expression/4.3.20.RELEASE/spring-expression-4.3.20.RELEASE.jar:/home/alex/.m2/repository/commons-configuration/commons-configuration/1.10/commons-configuration-1.10.jar:/home/alex/Repositories/hive/vector-code-gen/target/classes:/home/alex/.m2/repository/org/apache/velocity/velocity/1.5/velocity-1.5.jar:/home/alex/Repositories/hive/serde/target/classes:/home/alex/.m2/repository/org/apache/arrow/arrow-vector/0.15.1/arrow-vector-0.15.1.jar:/home/alex/.m2/repository/org/apache/arrow/arrow-format/0.15.1/arrow-format-0.15.1.jar:/home/alex/.m2/repository/org/apache/arrow/arrow-memory/0.15.1/arrow-memory-0.15.1.jar:/home/alex/.m2/repository/com/google/flatbuffers/flatbuffers-java/1.9.0/flatbuffers-java-1.9.0.jar:/home/alex/.m2/repository/com/carrotsearch/hppc/0.7.2/hppc-0.7.2.jar:/home/alex/.m2/repository/com/github/davidmoten/flatbuffers-java/1.6.0.1/flatbuffers-java-1.6.0.1.jar:/home/alex/Repositories/hive/parser/target/classes:/home/alex/Repositories/hive/udf/target/classes:/home/alex/Repositories/hive/service-rpc/target/classes:/home/alex/Repositories/hive/llap-client/target/classes:/home/alex/Repositories/hive/llap-common/target/classes:/home/alex/.m2/repository/io/jsonwebtoken/jjwt-api/0.10.5/jjwt-api-0.10.5.jar:/home/alex/.m2/repository/io/jsonwebtoken/jjwt-impl/0.10.5/jjwt-impl-0.10.5.jar:/home/alex/.m2/repository/io/jsonwebtoken/jjwt-jackson/0.10.5/jjwt-jackson-0.10.5.jar:/home/alex/Repositories/hive/llap-tez/target/classes:/home/alex/Repositories/hive/shims/aggregator/target/classes:/home/alex/Repositories/hive/shims/common/target/classes:/home/alex/Repositories/hive/shims/0.23/target/classes:/home/alex/.m2/repository/org/apache/hadoop/hadoop-yarn-server-resourcemanager/3.1.0/hadoop-yarn-server-resourcemanager-3.1.0.jar:/home/alex/.m2/repository/org/apache/hadoop/hadoop-yarn-server-common/3.1.0/hadoop-yarn-server-common-3.1.0.jar:/home/alex/.m2/repository/org/apache/geronimo/specs/geronimo-jcache_1.0_spec/1.0-alpha-1/geronimo-jcache_1.0_spec-1.0-alpha-1.jar:/home/alex/.m2/repository/org/ehcache/ehcache/3.3.1/ehcache-3.3.1.jar:/home/alex/.m2/repository/com/zaxxer/HikariCP-java7/2.4.12/HikariCP-java7-2.4.12.jar:/home/alex/.m2/repository/org/apache/hadoop/hadoop-yarn-server-applicationhistoryservice/3.1.0/hadoop-yarn-server-applicationhistoryservice-3.1.0.jar:/home/alex/.m2/repository/de/ruedigermoeller/fst/2.50/fst-2.50.jar:/home/alex/.m2/repository/com/cedarsoftware/java-util/1.9.0/java-util-1.9.0.jar:/home/alex/.m2/repository/com/cedarsoftware/json-io/2.5.1/json-io-2.5.1.jar:/home/alex/Repositories/hive/shims/scheduler/target/classes:/home/alex/Repositories/hive/spark-client/target/classes:/home/alex/.m2/repository/com/fasterxml/jackson/module/jackson-module-scala_2.12/2.12.0/jackson-module-scala_2.12-2.12.0.jar:/home/alex/.m2/repository/org/scala-lang/scala-library/2.12.10/scala-library-2.12.10.jar:/home/alex/.m2/repository/org/apache/spark/spark-core_2.12/2.4.5/spark-core_2.12-2.4.5.jar:/home/alex/.m2/repository/com/twitter/chill_2.12/0.9.3/chill_2.12-0.9.3.jar:/home/alex/.m2/repository/com/twitter/chill-java/0.9.3/chill-java-0.9.3.jar:/home/alex/.m2/repository/org/apache/xbean/xbean-asm6-shaded/4.8/xbean-asm6-shaded-4.8.jar:/home/alex/.m2/repository/org/apache/hadoop/hadoop-client/3.1.0/hadoop-client-3.1.0.jar:/home/alex/.m2/repository/org/apache/spark/spark-launcher_2.12/2.4.5/spark-launcher_2.12-2.4.5.jar:/home/alex/.m2/repository/org/apache/spark/spark-kvstore_2.12/2.4.5/spark-kvstore_2.12-2.4.5.jar:/home/alex/.m2/repository/org/apache/spark/spark-network-common_2.12/2.4.5/spark-network-common_2.12-2.4.5.jar:/home/alex/.m2/repository/org/apache/spark/spark-network-shuffle_2.12/2.4.5/spark-network-shuffle_2.12-2.4.5.jar:/home/alex/.m2/repository/org/apache/spark/spark-unsafe_2.12/2.4.5/spark-unsafe_2.12-2.4.5.jar:/home/alex/.m2/repository/javax/activation/activation/1.1.1/activation-1.1.1.jar:/home/alex/.m2/repository/org/slf4j/jul-to-slf4j/1.7.16/jul-to-slf4j-1.7.16.jar:/home/alex/.m2/repository/org/slf4j/jcl-over-slf4j/1.7.16/jcl-over-slf4j-1.7.16.jar:/home/alex/.m2/repository/com/ning/compress-lzf/1.0.3/compress-lzf-1.0.3.jar:/home/alex/.m2/repository/org/roaringbitmap/RoaringBitmap/0.7.45/RoaringBitmap-0.7.45.jar:/home/alex/.m2/repository/org/roaringbitmap/shims/0.7.45/shims-0.7.45.jar:/home/alex/.m2/repository/org/json4s/json4s-jackson_2.12/3.5.3/json4s-jackson_2.12-3.5.3.jar:/home/alex/.m2/repository/org/json4s/json4s-core_2.12/3.5.3/json4s-core_2.12-3.5.3.jar:/home/alex/.m2/repository/org/json4s/json4s-ast_2.12/3.5.3/json4s-ast_2.12-3.5.3.jar:/home/alex/.m2/repository/org/json4s/json4s-scalap_2.12/3.5.3/json4s-scalap_2.12-3.5.3.jar:/home/alex/.m2/repository/org/scala-lang/modules/scala-xml_2.12/1.0.6/scala-xml_2.12-1.0.6.jar:/home/alex/.m2/repository/com/clearspring/analytics/stream/2.7.0/stream-2.7.0.jar:/home/alex/.m2/repository/io/dropwizard/metrics/metrics-graphite/3.1.5/metrics-graphite-3.1.5.jar:/home/alex/.m2/repository/net/razorvine/pyrolite/4.13/pyrolite-4.13.jar:/home/alex/.m2/repository/net/sf/py4j/py4j/0.10.7/py4j-0.10.7.jar:/home/alex/.m2/repository/org/apache/spark/spark-tags_2.12/2.4.5/spark-tags_2.12-2.4.5.jar:/home/alex/.m2/repository/org/apache/commons/commons-crypto/1.0.0/commons-crypto-1.0.0.jar:/home/alex/.m2/repository/org/spark-project/spark/unused/1.0.0/unused-1.0.0.jar:/home/alex/.m2/repository/org/apache/spark/spark-yarn_2.12/2.4.5/spark-yarn_2.12-2.4.5.jar:/home/alex/.m2/repository/org/apache/hadoop/hadoop-yarn-server-web-proxy/3.1.0/hadoop-yarn-server-web-proxy-3.1.0.jar:/home/alex/Repositories/hive/storage-api/target/classes:/home/alex/.m2/repository/com/amazonaws/secretsmanager/aws-secretsmanager-caching-java/1.0.1/aws-secretsmanager-caching-java-1.0.1.jar:/home/alex/.m2/repository/com/esotericsoftware/kryo/5.0.3/kryo-5.0.3.jar:/home/alex/.m2/repository/com/esotericsoftware/minlog/1.3.1/minlog-1.3.1.jar:/home/alex/.m2/repository/com/esotericsoftware/reflectasm/1.11.9/reflectasm-1.11.9.jar:/home/alex/.m2/repository/org/apache/parquet/parquet-hadoop-bundle/1.11.1/parquet-hadoop-bundle-1.11.1.jar:/home/alex/.m2/repository/org/apache/commons/commons-collections4/4.1/commons-collections4-4.1.jar:/home/alex/.m2/repository/org/apache/commons/commons-text/1.8/commons-text-1.8.jar:/home/alex/.m2/repository/javolution/javolution/5.5.1/javolution-5.5.1.jar:/home/alex/.m2/repository/org/apache/logging/log4j/log4j-1.2-api/2.13.2/log4j-1.2-api-2.13.2.jar:/home/alex/.m2/repository/org/apache/logging/log4j/log4j-api/2.13.2/log4j-api-2.13.2.jar:/home/alex/.m2/repository/org/apache/logging/log4j/log4j-core/2.13.2/log4j-core-2.13.2.jar:/home/alex/.m2/repository/org/apache/logging/log4j/log4j-slf4j-impl/2.13.2/log4j-slf4j-impl-2.13.2.jar:/home/alex/.m2/repository/org/apache/avro/avro-mapred/1.8.2/avro-mapred-1.8.2-hadoop2.jar:/home/alex/.m2/repository/org/apache/avro/avro-ipc/1.8.2/avro-ipc-1.8.2.jar:/home/alex/.m2/repository/org/apache/ant/ant/1.9.1/ant-1.9.1.jar:/home/alex/.m2/repository/org/apache/ant/ant-launcher/1.9.1/ant-launcher-1.9.1.jar:/home/alex/.m2/repository/org/apache/thrift/libfb303/0.9.3/libfb303-0.9.3.jar:/home/alex/.m2/repository/org/apache/hadoop/hadoop-yarn-registry/3.1.0/hadoop-yarn-registry-3.1.0.jar:/home/alex/.m2/repository/dnsjava/dnsjava/2.1.7/dnsjava-2.1.7.jar:/home/alex/.m2/repository/org/apache/orc/orc-tools/1.6.9/orc-tools-1.6.9.jar:/home/alex/.m2/repository/com/opencsv/opencsv/3.9/opencsv-3.9.jar:/home/alex/.m2/repository/org/threeten/threetenbp/1.3.5/threetenbp-1.3.5.jar:/home/alex/.m2/repository/org/apache/thrift/libthrift/0.14.1/libthrift-0.14.1.jar:/home/alex/.m2/repository/org/apache/httpcomponents/httpcore/4.4.13/httpcore-4.4.13.jar:/home/alex/.m2/repository/org/apache/tomcat/embed/tomcat-embed-core/8.5.46/tomcat-embed-core-8.5.46.jar:/home/alex/.m2/repository/org/apache/tomcat/tomcat-annotations-api/8.5.46/tomcat-annotations-api-8.5.46.jar:/home/alex/.m2/repository/javax/annotation/javax.annotation-api/1.3.2/javax.annotation-api-1.3.2.jar:/home/alex/.m2/repository/org/apache/zookeeper/zookeeper/3.5.5/zookeeper-3.5.5.jar:/home/alex/.m2/repository/org/apache/zookeeper/zookeeper-jute/3.5.5/zookeeper-jute-3.5.5.jar:/home/alex/.m2/repository/org/apache/yetus/audience-annotations/0.5.0/audience-annotations-0.5.0.jar:/home/alex/.m2/repository/org/apache/curator/curator-framework/4.2.0/curator-framework-4.2.0.jar:/home/alex/.m2/repository/org/apache/datasketches/datasketches-hive/1.1.0-incubating/datasketches-hive-1.1.0-incubating.jar:/home/alex/.m2/repository/org/apache/datasketches/datasketches-java/1.3.0-incubating/datasketches-java-1.3.0-incubating.jar:/home/alex/.m2/repository/org/apache/datasketches/datasketches-memory/1.2.0-incubating/datasketches-memory-1.2.0-incubating.jar:/home/alex/.m2/repository/org/slf4j/slf4j-simple/1.7.27/slf4j-simple-1.7.27.jar:/home/alex/.m2/repository/org/codehaus/groovy/groovy-all/2.4.11/groovy-all-2.4.11.jar:/home/alex/.m2/repository/org/jodd/jodd-util/6.0.0/jodd-util-6.0.0.jar:/home/alex/.m2/repository/com/fasterxml/jackson/dataformat/jackson-dataformat-yaml/2.12.0/jackson-dataformat-yaml-2.12.0.jar:/home/alex/.m2/repository/org/yaml/snakeyaml/1.27/snakeyaml-1.27.jar:/home/alex/.m2/repository/org/datanucleus/datanucleus-core/5.2.4/datanucleus-core-5.2.4.jar:/home/alex/.m2/repository/org/apache/calcite/calcite-core/1.25.0/calcite-core-1.25.0.jar:/home/alex/.m2/repository/org/apache/calcite/calcite-linq4j/1.25.0/calcite-linq4j-1.25.0.jar:/home/alex/.m2/repository/org/apiguardian/apiguardian-api/1.1.0/apiguardian-api-1.1.0.jar:/home/alex/.m2/repository/com/esri/geometry/esri-geometry-api/2.2.0/esri-geometry-api-2.2.0.jar:/home/alex/.m2/repository/com/yahoo/datasketches/sketches-core/0.9.0/sketches-core-0.9.0.jar:/home/alex/.m2/repository/com/yahoo/datasketches/memory/0.9.0/memory-0.9.0.jar:/home/alex/.m2/repository/org/apache/calcite/calcite-druid/1.25.0/calcite-druid-1.25.0.jar:/home/alex/.m2/repository/org/apache/calcite/avatica/avatica/1.12.0/avatica-1.12.0.jar:/home/alex/.m2/repository/com/googlecode/javaewah/JavaEWAH/0.3.2/JavaEWAH-0.3.2.jar:/home/alex/.m2/repository/com/tdunning/json/1.8/json-1.8.jar:/home/alex/.m2/repository/stax/stax-api/1.0.1/stax-api-1.0.1.jar:/home/alex/.m2/repository/net/sf/opencsv/opencsv/2.3/opencsv-2.3.jar:/home/alex/Repositories/hive/standalone-metastore/metastore-server/target/classes:/home/alex/.m2/repository/org/reflections/reflections/0.9.10/reflections-0.9.10.jar:/home/alex/.m2/repository/org/javassist/javassist/3.19.0-GA/javassist-3.19.0-GA.jar:/home/alex/.m2/repository/com/jayway/jsonpath/json-path/2.4.0/json-path-2.4.0.jar:/home/alex/.m2/repository/org/codehaus/janino/commons-compiler/3.0.11/commons-compiler-3.0.11.jar:/home/alex/.m2/repository/org/codehaus/janino/janino/3.0.11/janino-3.0.11.jar:/home/alex/.m2/repository/com/sun/jersey/contribs/jersey-multipart/1.19/jersey-multipart-1.19.jar:/home/alex/.m2/repository/org/jvnet/mimepull/mimepull/1.9.3/mimepull-1.9.3.jar:/home/alex/.m2/repository/org/apache/kafka/kafka-clients/2.5.0/kafka-clients-2.5.0.jar:/home/alex/.m2/repository/com/github/luben/zstd-jni/1.4.4-7/zstd-jni-1.4.4-7.jar:/home/alex/.m2/repository/org/lz4/lz4-java/1.7.1/lz4-java-1.7.1.jar:/home/alex/.m2/repository/org/apache/hadoop/hadoop-hdfs/3.1.0/hadoop-hdfs-3.1.0-tests.jar:/home/alex/Repositories/hive/standalone-metastore/metastore-server/target/test-classes:/home/alex/Repositories/hive/standalone-metastore/metastore-common/target/classes:/home/alex/.m2/repository/com/github/ben-manes/caffeine/caffeine/2.8.4/caffeine-2.8.4.jar:/home/alex/.m2/repository/org/checkerframework/checker-qual/3.4.0/checker-qual-3.4.0.jar:/home/alex/.m2/repository/com/google/errorprone/error_prone_annotations/2.3.4/error_prone_annotations-2.3.4.jar:/home/alex/.m2/repository/org/apache/orc/orc-core/1.6.9/orc-core-1.6.9.jar:/home/alex/.m2/repository/org/apache/orc/orc-shims/1.6.9/orc-shims-1.6.9.jar:/home/alex/.m2/repository/io/airlift/aircompressor/0.19/aircompressor-0.19.jar:/home/alex/.m2/repository/org/jetbrains/annotations/17.0.0/annotations-17.0.0.jar:/home/alex/.m2/repository/org/threeten/threeten-extra/1.5.0/threeten-extra-1.5.0.jar:/home/alex/.m2/repository/com/github/joshelser/dropwizard-metrics-hadoop-metrics2-reporter/0.1.2/dropwizard-metrics-hadoop-metrics2-reporter-0.1.2.jar:/home/alex/.m2/repository/com/zaxxer/HikariCP/2.6.1/HikariCP-2.6.1.jar:/home/alex/.m2/repository/org/apache/commons/commons-dbcp2/2.7.0/commons-dbcp2-2.7.0.jar:/home/alex/.m2/repository/org/apache/commons/commons-pool2/2.7.0/commons-pool2-2.7.0.jar:/home/alex/.m2/repository/io/dropwizard/metrics/metrics-core/3.1.0/metrics-core-3.1.0.jar:/home/alex/.m2/repository/io/dropwizard/metrics/metrics-jvm/3.1.0/metrics-jvm-3.1.0.jar:/home/alex/.m2/repository/io/dropwizard/metrics/metrics-json/3.1.0/metrics-json-3.1.0.jar:/home/alex/.m2/repository/org/apache/derby/derby/10.14.1.0/derby-10.14.1.0.jar:/home/alex/.m2/repository/commons-beanutils/commons-beanutils/1.9.4/commons-beanutils-1.9.4.jar:/home/alex/.m2/repository/org/datanucleus/datanucleus-api-jdo/5.2.4/datanucleus-api-jdo-5.2.4.jar:/home/alex/.m2/repository/org/datanucleus/datanucleus-rdbms/5.2.4/datanucleus-rdbms-5.2.4.jar:/home/alex/.m2/repository/org/datanucleus/javax.jdo/3.2.0-release/javax.jdo-3.2.0-release.jar:/home/alex/.m2/repository/javax/transaction/javax.transaction-api/1.3/javax.transaction-api-1.3.jar:/home/alex/.m2/repository/org/glassfish/corba/glassfish-corba-omgapi/4.2.2/glassfish-corba-omgapi-4.2.2.jar:/home/alex/.m2/repository/sqlline/sqlline/1.9.0/sqlline-1.9.0.jar:/home/alex/.m2/repository/org/jline/jline-terminal/3.12.1/jline-terminal-3.12.1.jar:/home/alex/.m2/repository/org/jline/jline-reader/3.12.1/jline-reader-3.12.1.jar:/home/alex/.m2/repository/org/jline/jline-terminal-jansi/3.12.1/jline-terminal-jansi-3.12.1.jar:/home/alex/.m2/repository/org/fusesource/jansi/jansi/1.18/jansi-1.18.jar:/home/alex/.m2/repository/org/jline/jline-terminal-jna/3.12.1/jline-terminal-jna-3.12.1.jar:/home/alex/.m2/repository/net/java/dev/jna/jna/5.3.1/jna-5.3.1.jar:/home/alex/.m2/repository/org/jline/jline-builtins/3.12.1/jline-builtins-3.12.1.jar:/home/alex/.m2/repository/org/jline/jline-style/3.12.1/jline-style-3.12.1.jar:/home/alex/.m2/repository/com/cronutils/cron-utils/9.1.3/cron-utils-9.1.3.jar:/home/alex/.m2/repository/org/glassfish/javax.el/3.0.0/javax.el-3.0.0.jar:/home/alex/.m2/repository/com/oracle/database/jdbc/ojdbc8/21.3.0.0/ojdbc8-21.3.0.0.jar:/home/alex/.m2/repository/mysql/mysql-connector-java/8.0.27/mysql-connector-java-8.0.27.jar:/home/alex/.m2/repository/com/microsoft/sqlserver/mssql-jdbc/6.2.1.jre8/mssql-jdbc-6.2.1.jre8.jar:/home/alex/.m2/repository/org/postgresql/postgresql/42.2.14/postgresql-42.2.14.jar:/home/alex/.m2/repository/org/apache/hadoop/hadoop-mapreduce-client-common/3.1.0/hadoop-mapreduce-client-common-3.1.0.jar:/home/alex/.m2/repository/org/apache/hadoop/hadoop-common/3.1.0/hadoop-common-3.1.0-tests.jar:/home/alex/.m2/repository/org/apache/httpcomponents/httpclient/4.5.13/httpclient-4.5.13.jar:/home/alex/.m2/repository/org/apache/curator/curator-client/4.2.0/curator-client-4.2.0.jar:/home/alex/.m2/repository/org/apache/curator/curator-recipes/4.2.0/curator-recipes-4.2.0.jar:/home/alex/.m2/repository/com/sun/jersey/jersey-servlet/1.19/jersey-servlet-1.19.jar:/home/alex/.m2/repository/org/slf4j/slf4j-api/1.7.30/slf4j-api-1.7.30.jar:/home/alex/.m2/repository/org/mockito/mockito-core/3.4.4/mockito-core-3.4.4.jar:/home/alex/.m2/repository/net/bytebuddy/byte-buddy/1.10.13/byte-buddy-1.10.13.jar:/home/alex/.m2/repository/net/bytebuddy/byte-buddy-agent/1.10.13/byte-buddy-agent-1.10.13.jar:/home/alex/.m2/repository/org/objenesis/objenesis/2.6/objenesis-2.6.jar:/home/alex/Repositories/hive/hcatalog/hcatalog-pig-adapter/target/testconf:/home/alex/Repositories/hive/hcatalog/hcatalog-pig-adapter/../../conf:"/>
    <property name="sun.cpu.endian" value="little"/>
    <property name="user.home" value="/home/alex"/>
    <property name="user.language" value="en"/>
    <property name="java.specification.vendor" value="Oracle Corporation"/>
    <property name="java.home" value="/usr/lib/jvm/java-8-openjdk-amd64/jre"/>
    <property name="java.security.krb5.conf" value="/home/alex/Repositories/hive/hcatalog/hcatalog-pig-adapter/target/testconf/krb5.conf"/>
    <property name="file.separator" value="/"/>
    <property name="basedir" value="/home/alex/Repositories/hive/hcatalog/hcatalog-pig-adapter"/>
    <property name="line.separator" value="&#10;"/>
    <property name="java.vm.specification.vendor" value="Oracle Corporation"/>
    <property name="java.specification.name" value="Java Platform API Specification"/>
    <property name="test.dfs.mkdir" value=""/>
    <property name="derby.stream.error.file" value="/home/alex/Repositories/hive/hcatalog/hcatalog-pig-adapter/target/tmp/derby.log"/>
    <property name="java.awt.graphicsenv" value="sun.awt.X11GraphicsEnvironment"/>
    <property name="surefire.real.class.path" value="/home/alex/Repositories/hive/hcatalog/hcatalog-pig-adapter/target/surefire/surefirebooter1909838488771504000.jar"/>
    <property name="sun.boot.class.path" value="/usr/lib/jvm/java-8-openjdk-amd64/jre/lib/resources.jar:/usr/lib/jvm/java-8-openjdk-amd64/jre/lib/rt.jar:/usr/lib/jvm/java-8-openjdk-amd64/jre/lib/sunrsasign.jar:/usr/lib/jvm/java-8-openjdk-amd64/jre/lib/jsse.jar:/usr/lib/jvm/java-8-openjdk-amd64/jre/lib/jce.jar:/usr/lib/jvm/java-8-openjdk-amd64/jre/lib/charsets.jar:/usr/lib/jvm/java-8-openjdk-amd64/jre/lib/jfr.jar:/usr/lib/jvm/java-8-openjdk-amd64/jre/classes"/>
    <property name="hadoop.log.dir" value="/home/alex/Repositories/hive/hcatalog/hcatalog-pig-adapter/target/tmp"/>
    <property name="log4j.debug" value="true"/>
    <property name="sun.management.compiler" value="HotSpot 64-Bit Tiered Compilers"/>
    <property name="spark.home" value=""/>
    <property name="java.runtime.version" value="1.8.0_402-8u402-ga-2ubuntu1~22.04-b06"/>
    <property name="user.name" value="alex"/>
    <property name="java.net.preferIPv4Stack" value="true"/>
    <property name="test.src.tables" value=""/>
    <property name="path.separator" value=":"/>
    <property name="os.version" value="6.5.0-28-generic"/>
    <property name="java.endorsed.dirs" value="/usr/lib/jvm/java-8-openjdk-amd64/jre/lib/endorsed"/>
    <property name="java.runtime.name" value="OpenJDK Runtime Environment"/>
    <property name="hive.test.console.log.level" value="INFO"/>
    <property name="file.encoding" value="UTF-8"/>
    <property name="java.vm.name" value="OpenJDK 64-Bit Server VM"/>
    <property name="qfile_regex" value=""/>
    <property name="hadoop.bin.path" value="/home/alex/Repositories/hive/hcatalog/hcatalog-pig-adapter/../../testutils/hadoop"/>
    <property name="localRepository" value="/home/alex/.m2/repository"/>
    <property name="build.dir" value="/home/alex/Repositories/hive/hcatalog/hcatalog-pig-adapter/target"/>
    <property name="mapred.job.tracker" value="local"/>
    <property name="java.vendor.url.bug" value="http://bugreport.sun.com/bugreport/"/>
    <property name="java.io.tmpdir" value="/home/alex/Repositories/hive/hcatalog/hcatalog-pig-adapter/target/tmp"/>
    <property name="maven.local.repository" value="/home/alex/.m2/repository"/>
    <property name="java.version" value="1.8.0_402"/>
    <property name="user.dir" value="/home/alex/Repositories/hive/hcatalog/hcatalog-pig-adapter"/>
    <property name="os.arch" value="amd64"/>
    <property name="hive.version" value="4.0.0-SNAPSHOT"/>
    <property name="java.vm.specification.name" value="Java Virtual Machine Specification"/>
    <property name="user.language.format" value="pt"/>
    <property name="java.awt.printerjob" value="sun.print.PSPrinterJob"/>
    <property name="antlr.version" value="3.5.2"/>
    <property name="sun.os.patch.level" value="unknown"/>
    <property name="derby.version" value="10.14.1.0"/>
    <property name="test.data.dir" value="/home/alex/Repositories/hive/hcatalog/hcatalog-pig-adapter/../../data/files"/>
    <property name="java.library.path" value="/usr/java/packages/lib/amd64:/usr/lib/x86_64-linux-gnu/jni:/lib/x86_64-linux-gnu:/usr/lib/x86_64-linux-gnu:/usr/lib/jni:/lib:/usr/lib"/>
    <property name="java.vendor" value="Private Build"/>
    <property name="java.vm.info" value="mixed mode"/>
    <property name="java.vm.version" value="25.402-b06"/>
    <property name="java.specification.maintenance.version" value="5"/>
    <property name="sun.io.unicode.encoding" value="UnicodeLittle"/>
    <property name="java.ext.dirs" value="/usr/lib/jvm/java-8-openjdk-amd64/jre/lib/ext:/usr/java/packages/lib/ext"/>
    <property name="initScript" value=""/>
    <property name="java.class.version" value="52.0"/>
    <property name="test.output.overwrite" value=""/>
    <property name="hive.root" value="/home/alex/Repositories/hive/hcatalog/hcatalog-pig-adapter/../../"/>
  </properties>
  <testcase name="testDynamicPartitioningMultiPartColsInDataNoSpec" classname="org.apache.hive.hcatalog.pig.TestParquetHCatStorer" time="18.537"/>
  <testcase name="testWriteTinyint" classname="org.apache.hive.hcatalog.pig.TestParquetHCatStorer" time="5.239"/>
  <testcase name="testEmptyStore" classname="org.apache.hive.hcatalog.pig.TestParquetHCatStorer" time="1.01"/>
  <testcase name="testStoreFuncAllSimpleTypes" classname="org.apache.hive.hcatalog.pig.TestParquetHCatStorer" time="1.603"/>
  <testcase name="testDynamicPartitioningMultiPartColsInDataPartialSpec" classname="org.apache.hive.hcatalog.pig.TestParquetHCatStorer" time="1.665"/>
  <testcase name="testWriteDate2" classname="org.apache.hive.hcatalog.pig.TestParquetHCatStorer" time="5.314"/>
  <testcase name="testWriteDate3" classname="org.apache.hive.hcatalog.pig.TestParquetHCatStorer" time="2.583"/>
  <testcase name="testStoreInPartiitonedTbl" classname="org.apache.hive.hcatalog.pig.TestParquetHCatStorer" time="1.298">
    <failure message="expected:&lt;1&gt; but was:&lt;2&gt;" type="java.lang.AssertionError"><![CDATA[java.lang.AssertionError: expected:<1> but was:<2>
	at org.junit.Assert.fail(Assert.java:89)
	at org.junit.Assert.failNotEquals(Assert.java:835)
	at org.junit.Assert.assertEquals(Assert.java:647)
	at org.junit.Assert.assertEquals(Assert.java:633)
	at org.apache.hive.hcatalog.pig.AbstractHCatStorerTest.testStoreInPartiitonedTbl(AbstractHCatStorerTest.java:535)
	at sun.reflect.NativeMethodAccessorImpl.invoke0(Native Method)
	at sun.reflect.NativeMethodAccessorImpl.invoke(NativeMethodAccessorImpl.java:62)
	at sun.reflect.DelegatingMethodAccessorImpl.invoke(DelegatingMethodAccessorImpl.java:43)
	at java.lang.reflect.Method.invoke(Method.java:498)
	at org.junit.runners.model.FrameworkMethod$1.runReflectiveCall(FrameworkMethod.java:59)
	at org.junit.internal.runners.model.ReflectiveCallable.run(ReflectiveCallable.java:12)
	at org.junit.runners.model.FrameworkMethod.invokeExplosively(FrameworkMethod.java:56)
	at org.junit.internal.runners.statements.InvokeMethod.evaluate(InvokeMethod.java:17)
	at org.junit.internal.runners.statements.RunBefores.evaluate(RunBefores.java:26)
	at org.junit.runners.ParentRunner$3.evaluate(ParentRunner.java:306)
	at org.junit.runners.BlockJUnit4ClassRunner$1.evaluate(BlockJUnit4ClassRunner.java:100)
	at org.junit.runners.ParentRunner.runLeaf(ParentRunner.java:366)
	at org.junit.runners.BlockJUnit4ClassRunner.runChild(BlockJUnit4ClassRunner.java:103)
	at org.junit.runners.BlockJUnit4ClassRunner.runChild(BlockJUnit4ClassRunner.java:63)
	at org.junit.runners.ParentRunner$4.run(ParentRunner.java:331)
	at org.junit.runners.ParentRunner$1.schedule(ParentRunner.java:79)
	at org.junit.runners.ParentRunner.runChildren(ParentRunner.java:329)
	at org.junit.runners.ParentRunner.access$100(ParentRunner.java:66)
	at org.junit.runners.ParentRunner$2.evaluate(ParentRunner.java:293)
	at org.junit.internal.runners.statements.RunBefores.evaluate(RunBefores.java:26)
	at org.junit.runners.ParentRunner$3.evaluate(ParentRunner.java:306)
	at org.junit.runners.ParentRunner.run(ParentRunner.java:413)
	at org.apache.maven.surefire.junit4.JUnit4Provider.execute(JUnit4Provider.java:365)
	at org.apache.maven.surefire.junit4.JUnit4Provider.executeWithRerun(JUnit4Provider.java:273)
	at org.apache.maven.surefire.junit4.JUnit4Provider.executeTestSet(JUnit4Provider.java:238)
	at org.apache.maven.surefire.junit4.JUnit4Provider.invoke(JUnit4Provider.java:159)
	at org.apache.maven.surefire.booter.ForkedBooter.runSuitesInProcess(ForkedBooter.java:377)
	at org.apache.maven.surefire.booter.ForkedBooter.execute(ForkedBooter.java:138)
	at org.apache.maven.surefire.booter.ForkedBooter.run(ForkedBooter.java:465)
	at org.apache.maven.surefire.booter.ForkedBooter.main(ForkedBooter.java:451)
]]></failure>
    <system-out><![CDATA[log4j: Could not find root logger information. Is this OK?
log4j: Finished configuring.
log4j: Could not find root logger information. Is this OK?
log4j: Finished configuring.
]]></system-out>
    <system-err><![CDATA[2024-05-01T14:27:17,762  WARN [main] conf.HiveConf: HiveConf of name hive.llap.io.cache.orc.size does not exist
2024-05-01T14:27:17,762  WARN [main] conf.HiveConf: HiveConf of name hive.dummyparam.test.server.specific.config.override does not exist
2024-05-01T14:27:17,762  WARN [main] conf.HiveConf: HiveConf of name hive.metastore.metadb.dir does not exist
2024-05-01T14:27:17,762  WARN [main] conf.HiveConf: HiveConf of name hive.llap.io.cache.orc.alloc.min does not exist
2024-05-01T14:27:17,762  WARN [main] conf.HiveConf: HiveConf of name hive.dummyparam.test.server.specific.config.hivesite does not exist
2024-05-01T14:27:17,762  WARN [main] conf.HiveConf: HiveConf of name hive.llap.io.cache.orc.alloc.max does not exist
2024-05-01T14:27:17,762  WARN [main] conf.HiveConf: HiveConf of name hive.metastore.client.cache.maxSize does not exist
2024-05-01T14:27:17,762  WARN [main] conf.HiveConf: HiveConf of name hive.dummyparam.test.server.specific.config.metastoresite does not exist
2024-05-01T14:27:17,762  WARN [main] conf.HiveConf: HiveConf of name hive.metastore.client.cache.recordStats does not exist
2024-05-01T14:27:17,762  WARN [main] conf.HiveConf: HiveConf of name hive.llap.io.cache.orc.arena.size does not exist
2024-05-01T14:27:17,762  WARN [main] conf.HiveConf: HiveConf of name hive.stats.key.prefix.reserve.length does not exist
2024-05-01T14:27:17,765  INFO [main] metastore.HiveMetaStoreClient: HMS client filtering is enabled.
2024-05-01T14:27:17,765  INFO [main] metastore.PersistenceManagerProvider: Configuration datanucleus.autoStartMechanismMode is not set. Defaulting to 'ignored'
2024-05-01T14:27:17,765  INFO [main] metastore.ObjectStore: RawStore: org.apache.hadoop.hive.metastore.ObjectStore@58814dc1, with PersistenceManager: org.datanucleus.api.jdo.JDOPersistenceManager@58817895 will be shutdown
2024-05-01T14:27:17,766  INFO [main] metastore.ObjectStore: RawStore: org.apache.hadoop.hive.metastore.ObjectStore@58814dc1, with PersistenceManager: org.datanucleus.api.jdo.JDOPersistenceManager@6e38260f created in the thread with id: 1
2024-05-01T14:27:17,767  INFO [main] metastore.HMSHandler: HMS server filtering is disabled by configuration
Hive Session ID = 9da9a0fd-0121-45f8-84fc-f9d249a08e58
2024-05-01T14:27:17,767  INFO [main] SessionState: Hive Session ID = 9da9a0fd-0121-45f8-84fc-f9d249a08e58
ivysettings.xml file not found in HIVE_HOME or HIVE_CONF_DIR,file:/home/alex/.m2/repository/org/apache/pig/pig/0.16.0/pig-0.16.0-h2.jar!/ivysettings.xml will be used
2024-05-01T14:27:17,768  INFO [main] DependencyResolver: ivysettings.xml file not found in HIVE_HOME or HIVE_CONF_DIR,file:/home/alex/.m2/repository/org/apache/pig/pig/0.16.0/pig-0.16.0-h2.jar!/ivysettings.xml will be used
2024-05-01T14:27:17,775  INFO [main] session.SessionState: Created HDFS directory: /home/alex/Repositories/hive/hcatalog/hcatalog-pig-adapter/target/tmp/scratchdir/alex/9da9a0fd-0121-45f8-84fc-f9d249a08e58
2024-05-01T14:27:17,778  INFO [main] session.SessionState: Created local directory: /home/alex/Repositories/hive/hcatalog/hcatalog-pig-adapter/target/tmp/localscratchdir/9da9a0fd-0121-45f8-84fc-f9d249a08e58
2024-05-01T14:27:17,781  INFO [main] session.SessionState: Created HDFS directory: /home/alex/Repositories/hive/hcatalog/hcatalog-pig-adapter/target/tmp/scratchdir/alex/9da9a0fd-0121-45f8-84fc-f9d249a08e58/_tmp_space.db
2024-05-01T14:27:17,782  INFO [main] ql.Driver: Compiling command(queryId=alex_20240501142717_92595d4f-3e7a-4a19-9c97-7ee4310a813b): drop table if exists junit_unparted
2024-05-01T14:27:17,782  INFO [main] HiveMetaStore.audit: ugi=alex	ip=unknown-ip-addr	cmd=get_table : tbl=hive.default.junit_unparted	
2024-05-01T14:27:17,783  INFO [main] ql.Driver: Semantic Analysis Completed (retrial = false)
2024-05-01T14:27:17,783  INFO [main] ql.Driver: Created Hive schema: Schema(fieldSchemas:null, properties:null)
2024-05-01T14:27:17,783  INFO [main] metadata.Hive: Dumping metastore api call timing information for : compilation phase
2024-05-01T14:27:17,784  INFO [main] metadata.Hive: Total time spent in each metastore function (ms): {isCompatibleWith_(Configuration)=0, flushCache_()=0}
2024-05-01T14:27:17,784  INFO [main] ql.Driver: Completed compiling command(queryId=alex_20240501142717_92595d4f-3e7a-4a19-9c97-7ee4310a813b); Time taken: 0.002 seconds
2024-05-01T14:27:17,784  INFO [main] reexec.ReExecDriver: Execution #1 of query
2024-05-01T14:27:17,784  INFO [main] ql.Driver: Concurrency mode is disabled, not creating a lock manager
2024-05-01T14:27:17,784  INFO [main] ql.Driver: Executing command(queryId=alex_20240501142717_92595d4f-3e7a-4a19-9c97-7ee4310a813b): drop table if exists junit_unparted
2024-05-01T14:27:17,784  INFO [main] ql.Driver: Starting task [Stage-0:DDL] in serial mode
2024-05-01T14:27:17,784  INFO [main] HiveMetaStore.audit: ugi=alex	ip=unknown-ip-addr	cmd=get_table : tbl=hive.default.junit_unparted	
2024-05-01T14:27:17,785  INFO [main] metadata.Hive: Dumping metastore api call timing information for : execution phase
2024-05-01T14:27:17,785  INFO [main] metadata.Hive: Total time spent in each metastore function (ms): {isCompatibleWith_(Configuration)=0}
2024-05-01T14:27:17,785  INFO [main] ql.Driver: Completed executing command(queryId=alex_20240501142717_92595d4f-3e7a-4a19-9c97-7ee4310a813b); Time taken: 0.001 seconds
2024-05-01T14:27:17,786  INFO [main] ql.Driver: Compiling command(queryId=alex_20240501142717_92595d4f-3e7a-4a19-9c97-7ee4310a813b): use default
2024-05-01T14:27:17,786  INFO [main] HiveMetaStore.audit: ugi=alex	ip=unknown-ip-addr	cmd=get_database: default	
2024-05-01T14:27:17,788  INFO [main] ql.Driver: Semantic Analysis Completed (retrial = false)
2024-05-01T14:27:17,788  INFO [main] ql.Driver: Created Hive schema: Schema(fieldSchemas:null, properties:null)
2024-05-01T14:27:17,788  INFO [main] metadata.Hive: Dumping metastore api call timing information for : compilation phase
2024-05-01T14:27:17,788  INFO [main] metadata.Hive: Total time spent in each metastore function (ms): {isCompatibleWith_(Configuration)=0, getDatabase_(String)=2, flushCache_()=0}
2024-05-01T14:27:17,788  INFO [main] ql.Driver: Completed compiling command(queryId=alex_20240501142717_92595d4f-3e7a-4a19-9c97-7ee4310a813b); Time taken: 0.002 seconds
2024-05-01T14:27:17,788  INFO [main] reexec.ReExecDriver: Execution #1 of query
2024-05-01T14:27:17,788  INFO [main] ql.Driver: Concurrency mode is disabled, not creating a lock manager
2024-05-01T14:27:17,788  INFO [main] ql.Driver: Executing command(queryId=alex_20240501142717_92595d4f-3e7a-4a19-9c97-7ee4310a813b): use default
2024-05-01T14:27:17,788  INFO [main] ql.Driver: Starting task [Stage-0:DDL] in serial mode
2024-05-01T14:27:17,789  INFO [main] HiveMetaStore.audit: ugi=alex	ip=unknown-ip-addr	cmd=get_database: default	
2024-05-01T14:27:17,789  INFO [main] HiveMetaStore.audit: ugi=alex	ip=unknown-ip-addr	cmd=get_database: default	
2024-05-01T14:27:17,790  INFO [main] metadata.Hive: Dumping metastore api call timing information for : execution phase
2024-05-01T14:27:17,790  INFO [main] metadata.Hive: Total time spent in each metastore function (ms): {isCompatibleWith_(Configuration)=0, getDatabase_(String)=2}
2024-05-01T14:27:17,790  INFO [main] ql.Driver: Completed executing command(queryId=alex_20240501142717_92595d4f-3e7a-4a19-9c97-7ee4310a813b); Time taken: 0.002 seconds
2024-05-01T14:27:17,791  INFO [main] ql.Driver: Compiling command(queryId=alex_20240501142717_92595d4f-3e7a-4a19-9c97-7ee4310a813b): create table junit_unparted(a int) partitioned by (b string) stored as PARQUETFILE TBLPROPERTIES ('transactional'='false')
2024-05-01T14:27:17,792  INFO [main] parse.CalcitePlanner: Starting caching scope for: alex_20240501142717_92595d4f-3e7a-4a19-9c97-7ee4310a813b
2024-05-01T14:27:17,792  INFO [main] parse.CalcitePlanner: Starting Semantic Analysis
2024-05-01T14:27:17,793  INFO [main] sqlstd.SQLStdHiveAccessController: Created SQLStdHiveAccessController for session context : HiveAuthzSessionContext [sessionString=9da9a0fd-0121-45f8-84fc-f9d249a08e58, clientType=HIVECLI]
2024-05-01T14:27:17,793  INFO [main] metastore.HiveMetaStoreClient: Mestastore configuration metastore.filter.hook changed from org.apache.hadoop.hive.metastore.DefaultMetaStoreFilterHookImpl to org.apache.hadoop.hive.ql.security.authorization.plugin.AuthorizationMetaStoreFilterHook
2024-05-01T14:27:17,793  INFO [main] HiveMetaStore.audit: ugi=alex	ip=unknown-ip-addr	cmd=Cleaning up thread local RawStore...	
2024-05-01T14:27:17,793  INFO [main] metastore.ObjectStore: RawStore: org.apache.hadoop.hive.metastore.ObjectStore@58814dc1, with PersistenceManager: org.datanucleus.api.jdo.JDOPersistenceManager@6e38260f will be shutdown
2024-05-01T14:27:17,794  INFO [main] HiveMetaStore.audit: ugi=alex	ip=unknown-ip-addr	cmd=Done cleaning up thread local RawStore	
2024-05-01T14:27:17,794  INFO [main] metastore.HiveMetaStoreClient: Closed a connection to metastore, current connections: -16
2024-05-01T14:27:17,794  INFO [main] metastore.HiveMetaStoreClient: HMS client filtering is enabled.
2024-05-01T14:27:17,795  INFO [main] metastore.HMSHandler: 0: Opening raw store with implementation class:org.apache.hadoop.hive.metastore.ObjectStore
2024-05-01T14:27:17,795  INFO [main] metastore.PersistenceManagerProvider: Configuration datanucleus.autoStartMechanismMode is not set. Defaulting to 'ignored'
2024-05-01T14:27:17,795  INFO [main] metastore.ObjectStore: RawStore: org.apache.hadoop.hive.metastore.ObjectStore@5facf061, with PersistenceManager: null will be shutdown
2024-05-01T14:27:17,795  INFO [main] metastore.ObjectStore: RawStore: org.apache.hadoop.hive.metastore.ObjectStore@5facf061, with PersistenceManager: org.datanucleus.api.jdo.JDOPersistenceManager@52463130 created in the thread with id: 1
2024-05-01T14:27:17,797  INFO [main] metastore.HMSHandler: Created RawStore: org.apache.hadoop.hive.metastore.ObjectStore@5facf061 from thread id: 1
2024-05-01T14:27:17,797  INFO [main] metastore.HMSHandler: HMS server filtering is disabled by configuration
2024-05-01T14:27:17,797  INFO [main] metastore.RetryingMetaStoreClient: RetryingMetaStoreClient proxy=class org.apache.hadoop.hive.ql.metadata.SessionHiveMetaStoreClient ugi=alex (auth:SIMPLE) retries=1 delay=1 lifetime=0
2024-05-01T14:27:17,797  INFO [main] parse.CalcitePlanner: Creating table default.junit_unparted position=13
2024-05-01T14:27:17,798  INFO [main] metastore.HiveMetaStoreClient: HMS client filtering is enabled.
2024-05-01T14:27:17,798  INFO [main] metastore.PersistenceManagerProvider: Configuration datanucleus.autoStartMechanismMode is not set. Defaulting to 'ignored'
2024-05-01T14:27:17,798  INFO [main] metastore.ObjectStore: RawStore: org.apache.hadoop.hive.metastore.ObjectStore@5facf061, with PersistenceManager: org.datanucleus.api.jdo.JDOPersistenceManager@52463130 will be shutdown
2024-05-01T14:27:17,798  INFO [main] metastore.ObjectStore: RawStore: org.apache.hadoop.hive.metastore.ObjectStore@5facf061, with PersistenceManager: org.datanucleus.api.jdo.JDOPersistenceManager@1fdedffb created in the thread with id: 1
2024-05-01T14:27:17,800  INFO [main] metastore.HMSHandler: HMS server filtering is disabled by configuration
2024-05-01T14:27:17,800  INFO [main] metastore.RetryingMetaStoreClient: RetryingMetaStoreClient proxy=class org.apache.hadoop.hive.ql.metadata.SessionHiveMetaStoreClient ugi=alex (auth:SIMPLE) retries=1 delay=1 lifetime=0
2024-05-01T14:27:17,800  INFO [main] HiveMetaStore.audit: ugi=alex	ip=unknown-ip-addr	cmd=get_database: default	
2024-05-01T14:27:17,801  INFO [main] parse.CalcitePlanner: Ending caching scope for: alex_20240501142717_92595d4f-3e7a-4a19-9c97-7ee4310a813b
2024-05-01T14:27:17,801  INFO [main] ql.Driver: Semantic Analysis Completed (retrial = false)
2024-05-01T14:27:17,801  INFO [main] ql.Driver: Created Hive schema: Schema(fieldSchemas:null, properties:null)
2024-05-01T14:27:17,801  INFO [main] metadata.Hive: Dumping metastore api call timing information for : compilation phase
2024-05-01T14:27:17,801  INFO [main] metadata.Hive: Total time spent in each metastore function (ms): {}
2024-05-01T14:27:17,801  INFO [main] ql.Driver: Completed compiling command(queryId=alex_20240501142717_92595d4f-3e7a-4a19-9c97-7ee4310a813b); Time taken: 0.01 seconds
2024-05-01T14:27:17,801  INFO [main] reexec.ReExecDriver: Execution #1 of query
2024-05-01T14:27:17,801  INFO [main] ql.Driver: Concurrency mode is disabled, not creating a lock manager
2024-05-01T14:27:17,801  INFO [main] ql.Driver: Executing command(queryId=alex_20240501142717_92595d4f-3e7a-4a19-9c97-7ee4310a813b): create table junit_unparted(a int) partitioned by (b string) stored as PARQUETFILE TBLPROPERTIES ('transactional'='false')
2024-05-01T14:27:17,801  INFO [main] ql.Driver: Starting task [Stage-0:DDL] in serial mode
2024-05-01T14:27:17,802  INFO [main] metastore.HiveMetaStoreClient: Mestastore configuration metastore.filter.hook changed from org.apache.hadoop.hive.ql.security.authorization.plugin.AuthorizationMetaStoreFilterHook to org.apache.hadoop.hive.metastore.DefaultMetaStoreFilterHookImpl
2024-05-01T14:27:17,802  INFO [main] HiveMetaStore.audit: ugi=alex	ip=unknown-ip-addr	cmd=Cleaning up thread local RawStore...	
2024-05-01T14:27:17,802  INFO [main] metastore.ObjectStore: RawStore: org.apache.hadoop.hive.metastore.ObjectStore@5facf061, with PersistenceManager: org.datanucleus.api.jdo.JDOPersistenceManager@1fdedffb will be shutdown
2024-05-01T14:27:17,802  INFO [main] HiveMetaStore.audit: ugi=alex	ip=unknown-ip-addr	cmd=Done cleaning up thread local RawStore	
2024-05-01T14:27:17,802  INFO [main] metastore.HiveMetaStoreClient: Closed a connection to metastore, current connections: -17
2024-05-01T14:27:17,803  INFO [main] metastore.HiveMetaStoreClient: HMS client filtering is enabled.
2024-05-01T14:27:17,804  INFO [main] metastore.HMSHandler: 0: Opening raw store with implementation class:org.apache.hadoop.hive.metastore.ObjectStore
2024-05-01T14:27:17,804  INFO [main] metastore.PersistenceManagerProvider: Configuration datanucleus.autoStartMechanismMode is not set. Defaulting to 'ignored'
2024-05-01T14:27:17,805  INFO [main] metastore.ObjectStore: RawStore: org.apache.hadoop.hive.metastore.ObjectStore@1f112da2, with PersistenceManager: null will be shutdown
2024-05-01T14:27:17,805  INFO [main] metastore.ObjectStore: RawStore: org.apache.hadoop.hive.metastore.ObjectStore@1f112da2, with PersistenceManager: org.datanucleus.api.jdo.JDOPersistenceManager@1dc823d3 created in the thread with id: 1
2024-05-01T14:27:17,808  INFO [main] metastore.HMSHandler: Created RawStore: org.apache.hadoop.hive.metastore.ObjectStore@1f112da2 from thread id: 1
2024-05-01T14:27:17,808  INFO [main] metastore.HMSHandler: HMS server filtering is disabled by configuration
2024-05-01T14:27:17,808  INFO [main] metastore.RetryingMetaStoreClient: RetryingMetaStoreClient proxy=class org.apache.hadoop.hive.ql.metadata.SessionHiveMetaStoreClient ugi=alex (auth:SIMPLE) retries=1 delay=1 lifetime=0
2024-05-01T14:27:17,808  INFO [main] HiveMetaStore.audit: ugi=alex	ip=unknown-ip-addr	cmd=create_table_req: Table(tableName:junit_unparted, dbName:default, owner:alex, createTime:1714598837, lastAccessTime:0, retention:0, sd:StorageDescriptor(cols:[FieldSchema(name:a, type:int, comment:null)], location:null, inputFormat:org.apache.hadoop.hive.ql.io.parquet.MapredParquetInputFormat, outputFormat:org.apache.hadoop.hive.ql.io.parquet.MapredParquetOutputFormat, compressed:false, numBuckets:-1, serdeInfo:SerDeInfo(name:null, serializationLib:org.apache.hadoop.hive.ql.io.parquet.serde.ParquetHiveSerDe, parameters:{serialization.format=1}), bucketCols:[], sortCols:[], parameters:{}, skewedInfo:SkewedInfo(skewedColNames:[], skewedColValues:[], skewedColValueLocationMaps:{}), storedAsSubDirectories:false), partitionKeys:[FieldSchema(name:b, type:string, comment:null)], parameters:{bucketing_version=2, transactional=false}, viewOriginalText:null, viewExpandedText:null, tableType:MANAGED_TABLE, privileges:PrincipalPrivilegeSet(userPrivileges:{alex=[PrivilegeGrantInfo(privilege:INSERT, createTime:-1, grantor:alex, grantorType:USER, grantOption:true), PrivilegeGrantInfo(privilege:SELECT, createTime:-1, grantor:alex, grantorType:USER, grantOption:true), PrivilegeGrantInfo(privilege:UPDATE, createTime:-1, grantor:alex, grantorType:USER, grantOption:true), PrivilegeGrantInfo(privilege:DELETE, createTime:-1, grantor:alex, grantorType:USER, grantOption:true)]}, groupPrivileges:null, rolePrivileges:null), temporary:false, catName:hive, ownerType:USER)	
2024-05-01T14:27:17,811  INFO [main] utils.FileUtils: Creating directory if it doesn't exist: file:/home/alex/Repositories/hive/hcatalog/hcatalog-pig-adapter/build/test/data/org.apache.hive.hcatalog.mapreduce.HCatBaseTest-1714598801630/warehouse/junit_unparted
2024-05-01T14:27:17,827  INFO [main] metadata.Hive: Dumping metastore api call timing information for : execution phase
2024-05-01T14:27:17,827  INFO [main] metadata.Hive: Total time spent in each metastore function (ms): {createTable_(Table)=19}
2024-05-01T14:27:17,827  INFO [main] ql.Driver: Completed executing command(queryId=alex_20240501142717_92595d4f-3e7a-4a19-9c97-7ee4310a813b); Time taken: 0.026 seconds
2024-05-01T14:27:17,857  INFO [main] executionengine.HExecutionEngine: Connecting to hadoop file system at: file:///
2024-05-01T14:27:17,858  INFO [main] pig.PigServer: Pig Script ID for the session: PIG-default-abb9dba4-53ce-4436-ad66-f4f95dcdb2f8
2024-05-01T14:27:17,902  WARN [main] conf.HiveConf: HiveConf of name hive.llap.io.cache.orc.size does not exist
2024-05-01T14:27:17,902  WARN [main] conf.HiveConf: HiveConf of name hive.dummyparam.test.server.specific.config.override does not exist
2024-05-01T14:27:17,902  WARN [main] conf.HiveConf: HiveConf of name hive.metastore.metadb.dir does not exist
2024-05-01T14:27:17,902  WARN [main] conf.HiveConf: HiveConf of name hive.llap.io.cache.orc.alloc.min does not exist
2024-05-01T14:27:17,903  WARN [main] conf.HiveConf: HiveConf of name hive.dummyparam.test.server.specific.config.hivesite does not exist
2024-05-01T14:27:17,903  WARN [main] conf.HiveConf: HiveConf of name hive.llap.io.cache.orc.alloc.max does not exist
2024-05-01T14:27:17,903  WARN [main] conf.HiveConf: HiveConf of name hive.metastore.client.cache.maxSize does not exist
2024-05-01T14:27:17,903  WARN [main] conf.HiveConf: HiveConf of name hive.dummyparam.test.server.specific.config.metastoresite does not exist
2024-05-01T14:27:17,903  WARN [main] conf.HiveConf: HiveConf of name hive.metastore.client.cache.recordStats does not exist
2024-05-01T14:27:17,903  WARN [main] conf.HiveConf: HiveConf of name hive.llap.io.cache.orc.arena.size does not exist
2024-05-01T14:27:17,903  WARN [main] conf.HiveConf: HiveConf of name hive.stats.key.prefix.reserve.length does not exist
2024-05-01T14:27:17,903  INFO [main] common.HCatUtil: mapreduce.lib.hcatoutput.hive.conf not set. Generating configuration differences.
2024-05-01T14:27:17,904  INFO [main] common.HCatUtil: Configuration differences={datanucleus.connectionPool.maxPoolSize=4, hive.llap.io.cache.orc.alloc.max=2097152, javax.jdo.option.ConnectionUserName=APP, test.property1=value1, hive.stats.column.autogather=true, hive.query.results.cache.enabled=false, fs.pfile.impl=org.apache.hadoop.fs.ProxyLocalFileSystem, hive.querylog.location=${test.tmp.dir}/tmp, hive.metastore.rawstore.impl=org.apache.hadoop.hive.metastore.ObjectStore, hive.llap.io.use.lrfu=true, javax.jdo.option.ConnectionPassword=mine, hive.jar.path=${maven.local.repository}/org/apache/hive/hive-exec/${hive.version}/hive-exec-${hive.version}.jar, hive.default.rcfile.serde=org.apache.hadoop.hive.serde2.columnar.ColumnarSerDe, datanucleus.schema.autoCreateAll=true, test.data.scripts=${hive.root}/data/scripts, hive.users.in.admin.role=hive_admin_user, hive.llap.io.cache.orc.size=8388608, test.var.hiveconf.property=${hive.exec.default.partition.name}, hive.dummyparam.test.server.specific.config.hivesite=from.hive-site.xml, hive.exec.mode.local.auto=false, hive.materializedview.rewriting=true, hive.dummyparam.test.server.specific.config.override=from.hive-site.xml, hive.fetch.task.conversion=minimal, hive.metastore.metadb.dir=file://${test.tmp.dir}/metadb/, hive.conf.restricted.list=dummy.config.value, hive.server2.operation.log.purgePolicy.timeToLive=5s, hive.query.reexecution.stats.persist.scope=query, hive.cbo.fallback.strategy=TEST, hive.input.format=org.apache.hadoop.hive.ql.io.CombineHiveInputFormat, hive.security.authorization.manager=org.apache.hadoop.hive.ql.security.authorization.plugin.sqlstd.SQLStdHiveAuthorizerFactoryForTest, test.data.files=${hive.root}/data/files, hive.metastore.client.cache.enabled=true, hive.stats.key.prefix.reserve.length=0, hive.exec.local.scratchdir=${test.tmp.dir}/localscratchdir/, hive.exec.submit.local.task.via.child=false, hive.auto.convert.join=false, hive.llap.io.cache.orc.alloc.min=32768, hive.stats.fetch.bitvector=true, hive.llap.io.allocator.direct=false, hive.metastore.schema.verification=false, javax.jdo.option.ConnectionDriverName=org.apache.derby.jdbc.EmbeddedDriver, hive.support.concurrency=true, hive.in.test=true, hive.metastore.warehouse.dir=${test.warehouse.dir}, hive.llap.io.cache.orc.arena.size=8388608, hive.exec.scratchdir=${test.tmp.dir}/scratchdir, test.log.dir=${test.tmp.dir}/log/, hive.exec.post.hooks=org.apache.hadoop.hive.ql.hooks.PostExecutePrinter, javax.jdo.option.ConnectionURL=jdbc:derby:memory:${test.tmp.dir}/junit_metastore_db;create=true, hive.llap.cache.allow.synthetic.fileid=true, hive.scheduled.queries.executor.enabled=false, hive.ignore.mapjoin.hint=false, hive.metastore.client.cache.maxSize=10Mb, hive.metastore.client.cache.recordStats=true, hive.mapjoin.max.gc.time.percentage=0.99, hive.test.dummystats.aggregator=value2, hive.exec.pre.hooks=org.apache.hadoop.hive.ql.hooks.PreExecutePrinter, org.apache.hadoop.hive.ql.hooks.EnforceReadOnlyTables, org.apache.hadoop.hive.ql.hooks.MaterializedViewRegistryPropertiesHook, iceberg.hive.keep.stats=true, hive.strict.timestamp.conversion=false}
2024-05-01T14:27:17,906  INFO [main] HiveMetaStore.audit: ugi=alex	ip=unknown-ip-addr	cmd=get_databases: @hive#NonExistentDatabaseUsedForHealthCheck	
2024-05-01T14:27:17,908  INFO [main] HiveMetaStore.audit: ugi=alex	ip=unknown-ip-addr	cmd=get_table : tbl=hive.default.junit_unparted	
2024-05-01T14:27:17,914  INFO [main] metastore.HMSHandler: Skipping translation for processor with null
2024-05-01T14:27:17,938  WARN [main] conf.HiveConf: HiveConf of name hive.llap.io.cache.orc.size does not exist
2024-05-01T14:27:17,938  WARN [main] conf.HiveConf: HiveConf of name hive.dummyparam.test.server.specific.config.override does not exist
2024-05-01T14:27:17,938  WARN [main] conf.HiveConf: HiveConf of name hive.metastore.metadb.dir does not exist
2024-05-01T14:27:17,938  WARN [main] conf.HiveConf: HiveConf of name hive.llap.io.cache.orc.alloc.min does not exist
2024-05-01T14:27:17,938  WARN [main] conf.HiveConf: HiveConf of name hive.dummyparam.test.server.specific.config.hivesite does not exist
2024-05-01T14:27:17,938  WARN [main] conf.HiveConf: HiveConf of name hive.llap.io.cache.orc.alloc.max does not exist
2024-05-01T14:27:17,938  WARN [main] conf.HiveConf: HiveConf of name hive.metastore.client.cache.maxSize does not exist
2024-05-01T14:27:17,938  WARN [main] conf.HiveConf: HiveConf of name hive.dummyparam.test.server.specific.config.metastoresite does not exist
2024-05-01T14:27:17,938  WARN [main] conf.HiveConf: HiveConf of name hive.metastore.client.cache.recordStats does not exist
2024-05-01T14:27:17,938  WARN [main] conf.HiveConf: HiveConf of name hive.llap.io.cache.orc.arena.size does not exist
2024-05-01T14:27:17,938  WARN [main] conf.HiveConf: HiveConf of name hive.stats.key.prefix.reserve.length does not exist
2024-05-01T14:27:17,938  INFO [main] common.HCatUtil: mapreduce.lib.hcatoutput.hive.conf is set. Applying configuration differences.
2024-05-01T14:27:17,939  INFO [main] HiveMetaStore.audit: ugi=alex	ip=unknown-ip-addr	cmd=get_databases: @hive#NonExistentDatabaseUsedForHealthCheck	
2024-05-01T14:27:17,942  INFO [main] pigstats.ScriptState: Pig features used in the script: UNKNOWN
2024-05-01T14:27:17,950  WARN [main] data.SchemaTupleBackend: SchemaTupleBackend has already been initialized
2024-05-01T14:27:17,950  INFO [main] optimizer.LogicalPlanOptimizer: {RULES_ENABLED=[AddForEach, ColumnMapKeyPrune, ConstantCalculator, GroupByConstParallelSetter, LimitOptimizer, LoadTypeCastInserter, MergeFilter, MergeForEach, PartitionFilterOptimizer, PredicatePushdownOptimizer, PushDownForEachFlatten, PushUpFilter, SplitFilter, StreamTypeCastInserter]}
2024-05-01T14:27:17,951  INFO [main] mapReduceLayer.MRCompiler: File concatenation threshold: 100 optimistic? false
2024-05-01T14:27:17,952  INFO [main] mapReduceLayer.MultiQueryOptimizer: MR plan size before optimization: 1
2024-05-01T14:27:17,952  INFO [main] mapReduceLayer.MultiQueryOptimizer: MR plan size after optimization: 1
2024-05-01T14:27:17,959  WARN [main] impl.MetricsSystemImpl: JobTracker metrics system already initialized!
2024-05-01T14:27:17,960  INFO [main] mapreduce.MRScriptState: Pig script settings are added to the job
2024-05-01T14:27:17,960  INFO [main] mapReduceLayer.JobControlCompiler: mapred.job.reduce.markreset.buffer.percent is not set, set to default 0.3
2024-05-01T14:27:17,961  INFO [main] mapReduceLayer.JobControlCompiler: Setting up single store job
2024-05-01T14:27:17,962  INFO [main] data.SchemaTupleFrontend: Key [pig.schematuple] is false, will not generate code.
2024-05-01T14:27:17,962  INFO [main] data.SchemaTupleFrontend: Starting process to move generated code to distributed cacche
2024-05-01T14:27:17,962  INFO [main] data.SchemaTupleFrontend: Distributed cache not supported or needed in local mode. Setting key [pig.schematuple.local.dir] with code temp directory: /home/alex/Repositories/hive/hcatalog/hcatalog-pig-adapter/target/tmp/1714598837961-0
2024-05-01T14:27:17,966  INFO [main] mapReduceLayer.MapReduceLauncher: 1 map-reduce job(s) waiting for submission.
2024-05-01T14:27:17,967  WARN [JobControl] impl.MetricsSystemImpl: JobTracker metrics system already initialized!
2024-05-01T14:27:17,991  WARN [JobControl] conf.HiveConf: HiveConf of name hive.llap.io.cache.orc.size does not exist
2024-05-01T14:27:17,991  WARN [JobControl] conf.HiveConf: HiveConf of name hive.dummyparam.test.server.specific.config.override does not exist
2024-05-01T14:27:17,991  WARN [JobControl] conf.HiveConf: HiveConf of name hive.metastore.metadb.dir does not exist
2024-05-01T14:27:17,991  WARN [JobControl] conf.HiveConf: HiveConf of name hive.llap.io.cache.orc.alloc.min does not exist
2024-05-01T14:27:17,991  WARN [JobControl] conf.HiveConf: HiveConf of name hive.dummyparam.test.server.specific.config.hivesite does not exist
2024-05-01T14:27:17,991  WARN [JobControl] conf.HiveConf: HiveConf of name hive.llap.io.cache.orc.alloc.max does not exist
2024-05-01T14:27:17,991  WARN [JobControl] conf.HiveConf: HiveConf of name hive.metastore.client.cache.maxSize does not exist
2024-05-01T14:27:17,991  WARN [JobControl] conf.HiveConf: HiveConf of name hive.dummyparam.test.server.specific.config.metastoresite does not exist
2024-05-01T14:27:17,991  WARN [JobControl] conf.HiveConf: HiveConf of name hive.metastore.client.cache.recordStats does not exist
2024-05-01T14:27:17,991  WARN [JobControl] conf.HiveConf: HiveConf of name hive.llap.io.cache.orc.arena.size does not exist
2024-05-01T14:27:17,991  WARN [JobControl] conf.HiveConf: HiveConf of name hive.stats.key.prefix.reserve.length does not exist
2024-05-01T14:27:17,992  INFO [JobControl] common.HCatUtil: mapreduce.lib.hcatoutput.hive.conf is set. Applying configuration differences.
2024-05-01T14:27:17,992  INFO [JobControl] metastore.HiveMetaStoreClient: HMS client filtering is enabled.
2024-05-01T14:27:17,993  INFO [JobControl] metastore.HMSHandler: 34: Opening raw store with implementation class:org.apache.hadoop.hive.metastore.ObjectStore
2024-05-01T14:27:17,993  INFO [JobControl] metastore.PersistenceManagerProvider: Configuration datanucleus.autoStartMechanismMode is not set. Defaulting to 'ignored'
2024-05-01T14:27:17,993  INFO [JobControl] metastore.ObjectStore: RawStore: org.apache.hadoop.hive.metastore.ObjectStore@234145f2, with PersistenceManager: null will be shutdown
2024-05-01T14:27:17,993  INFO [JobControl] metastore.ObjectStore: RawStore: org.apache.hadoop.hive.metastore.ObjectStore@234145f2, with PersistenceManager: org.datanucleus.api.jdo.JDOPersistenceManager@5592faf2 created in the thread with id: 1355
2024-05-01T14:27:17,995  INFO [JobControl] metastore.HMSHandler: Created RawStore: org.apache.hadoop.hive.metastore.ObjectStore@234145f2 from thread id: 1355
2024-05-01T14:27:17,995  INFO [JobControl] metastore.HMSHandler: HMS server filtering is disabled by configuration
2024-05-01T14:27:17,995  INFO [JobControl] metastore.RetryingMetaStoreClient: RetryingMetaStoreClient proxy=class org.apache.hive.hcatalog.common.HiveClientCache$CacheableHiveMetaStoreClient ugi=alex (auth:SIMPLE) retries=1 delay=1 lifetime=0
2024-05-01T14:27:17,995  INFO [JobControl] HiveMetaStore.audit: ugi=alex	ip=unknown-ip-addr	cmd=get_databases: @hive#NonExistentDatabaseUsedForHealthCheck	
2024-05-01T14:27:18,011  WARN [JobControl] mapreduce.JobResourceUploader: Hadoop command-line option parsing not performed. Implement the Tool interface and execute your application with ToolRunner to remedy this.
2024-05-01T14:27:18,016  WARN [JobControl] mapreduce.JobResourceUploader: No job jar file set.  User classes may not be found. See Job or Job#setJar(String).
2024-05-01T14:27:18,017  INFO [JobControl] builtin.PigStorage: Using PigTextInputFormat
2024-05-01T14:27:18,017  INFO [JobControl] input.FileInputFormat: Total input files to process : 1
2024-05-01T14:27:18,017  INFO [JobControl] util.MapRedUtil: Total input paths to process : 1
2024-05-01T14:27:18,017  INFO [JobControl] util.MapRedUtil: Total input paths (combined) to process : 1
2024-05-01T14:27:18,042  INFO [JobControl] mapreduce.JobSubmitter: number of splits:1
2024-05-01T14:27:18,058  INFO [JobControl] mapreduce.JobSubmitter: Submitting tokens for job: job_local1660696581_0025
2024-05-01T14:27:18,058  INFO [JobControl] mapreduce.JobSubmitter: Executing with tokens: []
2024-05-01T14:27:18,125  INFO [JobControl] mapreduce.Job: The url to track the job: http://localhost:8080/
2024-05-01T14:27:18,126  INFO [Thread-1268] mapred.LocalJobRunner: OutputCommitter set in config null
2024-05-01T14:27:18,131  INFO [Thread-1268] output.FileOutputCommitter: File Output Committer Algorithm version is 2
2024-05-01T14:27:18,131  INFO [Thread-1268] output.FileOutputCommitter: FileOutputCommitter skip cleanup _temporary folders under output directory:false, ignore cleanup failures: false
2024-05-01T14:27:18,131  INFO [Thread-1268] mapred.LocalJobRunner: OutputCommitter is org.apache.pig.backend.hadoop.executionengine.mapReduceLayer.PigOutputCommitter
2024-05-01T14:27:18,133  INFO [Thread-1268] output.FileOutputCommitter: File Output Committer Algorithm version is 2
2024-05-01T14:27:18,133  INFO [Thread-1268] output.FileOutputCommitter: FileOutputCommitter skip cleanup _temporary folders under output directory:false, ignore cleanup failures: false
2024-05-01T14:27:18,145  INFO [Thread-1268] mapred.LocalJobRunner: Waiting for map tasks
2024-05-01T14:27:18,145  INFO [LocalJobRunner Map Task Executor #0] mapred.LocalJobRunner: Starting task: attempt_local1660696581_0025_m_000000_0
2024-05-01T14:27:18,150  INFO [LocalJobRunner Map Task Executor #0] output.FileOutputCommitter: File Output Committer Algorithm version is 2
2024-05-01T14:27:18,150  INFO [LocalJobRunner Map Task Executor #0] output.FileOutputCommitter: FileOutputCommitter skip cleanup _temporary folders under output directory:false, ignore cleanup failures: false
2024-05-01T14:27:18,153  INFO [LocalJobRunner Map Task Executor #0] output.FileOutputCommitter: File Output Committer Algorithm version is 2
2024-05-01T14:27:18,153  INFO [LocalJobRunner Map Task Executor #0] output.FileOutputCommitter: FileOutputCommitter skip cleanup _temporary folders under output directory:false, ignore cleanup failures: false
2024-05-01T14:27:18,153  INFO [LocalJobRunner Map Task Executor #0] mapred.Task:  Using ResourceCalculatorProcessTree : [ ]
2024-05-01T14:27:18,154  INFO [LocalJobRunner Map Task Executor #0] mapred.MapTask: Processing split: Number of splits :1
Total Length = 23
Input split[0]:
   Length = 23
   ClassName: org.apache.hadoop.mapreduce.lib.input.FileSplit
   Locations:

-----------------------

2024-05-01T14:27:18,155  INFO [LocalJobRunner Map Task Executor #0] builtin.PigStorage: Using PigTextInputFormat
2024-05-01T14:27:18,155  INFO [LocalJobRunner Map Task Executor #0] mapReduceLayer.PigRecordReader: Current split being processed file:/home/alex/Repositories/hive/hcatalog/hcatalog-pig-adapter/build/test/data/org.apache.hive.hcatalog.mapreduce.HCatBaseTest-1714598801630/input.data:0+23
2024-05-01T14:27:18,159  INFO [LocalJobRunner Map Task Executor #0] output.FileOutputCommitter: File Output Committer Algorithm version is 2
2024-05-01T14:27:18,159  INFO [LocalJobRunner Map Task Executor #0] output.FileOutputCommitter: FileOutputCommitter skip cleanup _temporary folders under output directory:false, ignore cleanup failures: false
2024-05-01T14:27:18,161  INFO [LocalJobRunner Map Task Executor #0] write.ParquetRecordWriterWrapper: initialize serde with table properties.
2024-05-01T14:27:18,161  INFO [LocalJobRunner Map Task Executor #0] write.ParquetRecordWriterWrapper: creating real writer to write at file:/home/alex/Repositories/hive/hcatalog/hcatalog-pig-adapter/build/test/data/org.apache.hive.hcatalog.mapreduce.HCatBaseTest-1714598801630/warehouse/junit_unparted/_SCRATCH0,3957380379702703/b=1/_temporary/0/_temporary/attempt_local1660696581_0025_m_000000_0/part-m-00000
2024-05-01T14:27:18,161  INFO [LocalJobRunner Map Task Executor #0] codec.CodecConfig: Compression set to false
2024-05-01T14:27:18,161  INFO [LocalJobRunner Map Task Executor #0] codec.CodecConfig: Compression: UNCOMPRESSED
2024-05-01T14:27:18,161  INFO [LocalJobRunner Map Task Executor #0] hadoop.ParquetOutputFormat: Parquet block size to 134217728
2024-05-01T14:27:18,161  INFO [LocalJobRunner Map Task Executor #0] hadoop.ParquetOutputFormat: Parquet page size to 1048576
2024-05-01T14:27:18,161  INFO [LocalJobRunner Map Task Executor #0] hadoop.ParquetOutputFormat: Parquet dictionary page size to 1048576
2024-05-01T14:27:18,161  INFO [LocalJobRunner Map Task Executor #0] hadoop.ParquetOutputFormat: Dictionary is on
2024-05-01T14:27:18,161  INFO [LocalJobRunner Map Task Executor #0] hadoop.ParquetOutputFormat: Validation is off
2024-05-01T14:27:18,161  INFO [LocalJobRunner Map Task Executor #0] hadoop.ParquetOutputFormat: Writer version is: PARQUET_1_0
2024-05-01T14:27:18,161  INFO [LocalJobRunner Map Task Executor #0] hadoop.ParquetOutputFormat: Maximum row group padding size is 8388608 bytes
2024-05-01T14:27:18,161  INFO [LocalJobRunner Map Task Executor #0] hadoop.ParquetOutputFormat: Page size checking is: estimated
2024-05-01T14:27:18,161  INFO [LocalJobRunner Map Task Executor #0] hadoop.ParquetOutputFormat: Min row count for page size check is: 100
2024-05-01T14:27:18,161  INFO [LocalJobRunner Map Task Executor #0] hadoop.ParquetOutputFormat: Max row count for page size check is: 10000
2024-05-01T14:27:18,161  INFO [LocalJobRunner Map Task Executor #0] hadoop.ParquetOutputFormat: Truncate length for column indexes is: 64
2024-05-01T14:27:18,161  INFO [LocalJobRunner Map Task Executor #0] hadoop.ParquetOutputFormat: Truncate length for statistics min/max  is: 2147483647
2024-05-01T14:27:18,161  INFO [LocalJobRunner Map Task Executor #0] hadoop.ParquetOutputFormat: Page row count limit to 20000
2024-05-01T14:27:18,161  INFO [LocalJobRunner Map Task Executor #0] hadoop.ParquetOutputFormat: Writing page checksums is: on
2024-05-01T14:27:18,172  INFO [LocalJobRunner Map Task Executor #0] write.ParquetRecordWriterWrapper: real writer: org.apache.parquet.hadoop.ParquetRecordWriter@3e62cf08
2024-05-01T14:27:18,176  INFO [LocalJobRunner Map Task Executor #0] util.SpillableMemoryManager: Selected heap (PS Old Gen) of size 1431830528 to monitor. collectionUsageThreshold = 1064828928, usageThreshold = 1064828928
2024-05-01T14:27:18,176  INFO [LocalJobRunner Map Task Executor #0] data.SchemaTupleBackend: Key [pig.schematuple] was not set... will not generate code.
2024-05-01T14:27:18,177  INFO [LocalJobRunner Map Task Executor #0] mapReduceLayer.PigMapOnly$Map: Aliases being processed per job phase (AliasName[line,offset]): M: A[1,4],A[-1,-1] C:  R: 
2024-05-01T14:27:18,179  INFO [LocalJobRunner Map Task Executor #0] mapred.LocalJobRunner: 
2024-05-01T14:27:18,181  INFO [LocalJobRunner Map Task Executor #0] mapred.Task: Task:attempt_local1660696581_0025_m_000000_0 is done. And is in the process of committing
2024-05-01T14:27:18,183  INFO [LocalJobRunner Map Task Executor #0] output.FileOutputCommitter: File Output Committer Algorithm version is 2
2024-05-01T14:27:18,183  INFO [LocalJobRunner Map Task Executor #0] output.FileOutputCommitter: FileOutputCommitter skip cleanup _temporary folders under output directory:false, ignore cleanup failures: false
2024-05-01T14:27:18,183  INFO [LocalJobRunner Map Task Executor #0] mapred.LocalJobRunner: 
2024-05-01T14:27:18,183  INFO [LocalJobRunner Map Task Executor #0] mapred.Task: Task attempt_local1660696581_0025_m_000000_0 is allowed to commit now
2024-05-01T14:27:18,184  INFO [LocalJobRunner Map Task Executor #0] output.FileOutputCommitter: File Output Committer Algorithm version is 2
2024-05-01T14:27:18,184  INFO [LocalJobRunner Map Task Executor #0] output.FileOutputCommitter: FileOutputCommitter skip cleanup _temporary folders under output directory:false, ignore cleanup failures: false
2024-05-01T14:27:18,185  INFO [LocalJobRunner Map Task Executor #0] output.FileOutputCommitter: Saved output of task 'attempt_local1660696581_0025_m_000000_0' to file:/home/alex/Repositories/hive/hcatalog/hcatalog-pig-adapter/build/test/data/org.apache.hive.hcatalog.mapreduce.HCatBaseTest-1714598801630/warehouse/junit_unparted/_SCRATCH0,3957380379702703/b=1
2024-05-01T14:27:18,186  INFO [LocalJobRunner Map Task Executor #0] mapred.LocalJobRunner: map
2024-05-01T14:27:18,186  INFO [LocalJobRunner Map Task Executor #0] mapred.Task: Task 'attempt_local1660696581_0025_m_000000_0' done.
2024-05-01T14:27:18,186  INFO [LocalJobRunner Map Task Executor #0] mapred.Task: Final Counters for attempt_local1660696581_0025_m_000000_0: Counters: 15
	File System Counters
		FILE: Number of bytes read=107684
		FILE: Number of bytes written=14269077
		FILE: Number of read operations=0
		FILE: Number of large read operations=0
		FILE: Number of write operations=0
	Map-Reduce Framework
		Map input records=11
		Map output records=11
		Input split bytes=480
		Spilled Records=0
		Failed Shuffles=0
		Merged Map outputs=0
		GC time elapsed (ms)=0
		Total committed heap usage (bytes)=1014497280
	File Input Format Counters 
		Bytes Read=0
	File Output Format Counters 
		Bytes Written=0
2024-05-01T14:27:18,186  INFO [LocalJobRunner Map Task Executor #0] mapred.LocalJobRunner: Finishing task: attempt_local1660696581_0025_m_000000_0
2024-05-01T14:27:18,186  INFO [Thread-1268] mapred.LocalJobRunner: map task executor complete.
2024-05-01T14:27:18,245  WARN [Thread-1268] conf.HiveConf: HiveConf of name hive.llap.io.cache.orc.size does not exist
2024-05-01T14:27:18,245  WARN [Thread-1268] conf.HiveConf: HiveConf of name hive.dummyparam.test.server.specific.config.override does not exist
2024-05-01T14:27:18,245  WARN [Thread-1268] conf.HiveConf: HiveConf of name hive.metastore.metadb.dir does not exist
2024-05-01T14:27:18,245  WARN [Thread-1268] conf.HiveConf: HiveConf of name hive.llap.io.cache.orc.alloc.min does not exist
2024-05-01T14:27:18,245  WARN [Thread-1268] conf.HiveConf: HiveConf of name hive.dummyparam.test.server.specific.config.hivesite does not exist
2024-05-01T14:27:18,245  WARN [Thread-1268] conf.HiveConf: HiveConf of name hive.llap.io.cache.orc.alloc.max does not exist
2024-05-01T14:27:18,245  WARN [Thread-1268] conf.HiveConf: HiveConf of name hive.metastore.client.cache.maxSize does not exist
2024-05-01T14:27:18,245  WARN [Thread-1268] conf.HiveConf: HiveConf of name hive.dummyparam.test.server.specific.config.metastoresite does not exist
2024-05-01T14:27:18,245  WARN [Thread-1268] conf.HiveConf: HiveConf of name hive.metastore.client.cache.recordStats does not exist
2024-05-01T14:27:18,245  WARN [Thread-1268] conf.HiveConf: HiveConf of name hive.llap.io.cache.orc.arena.size does not exist
2024-05-01T14:27:18,245  WARN [Thread-1268] conf.HiveConf: HiveConf of name hive.stats.key.prefix.reserve.length does not exist
2024-05-01T14:27:18,246  INFO [Thread-1268] common.HCatUtil: mapreduce.lib.hcatoutput.hive.conf is set. Applying configuration differences.
2024-05-01T14:27:18,246  INFO [Thread-1268] metastore.HiveMetaStoreClient: HMS client filtering is enabled.
2024-05-01T14:27:18,247  INFO [Thread-1268] metastore.HMSHandler: 35: Opening raw store with implementation class:org.apache.hadoop.hive.metastore.ObjectStore
2024-05-01T14:27:18,247  INFO [Thread-1268] metastore.PersistenceManagerProvider: Configuration datanucleus.autoStartMechanismMode is not set. Defaulting to 'ignored'
2024-05-01T14:27:18,248  INFO [Thread-1268] metastore.ObjectStore: RawStore: org.apache.hadoop.hive.metastore.ObjectStore@52fde5ee, with PersistenceManager: null will be shutdown
2024-05-01T14:27:18,248  INFO [Thread-1268] metastore.ObjectStore: RawStore: org.apache.hadoop.hive.metastore.ObjectStore@52fde5ee, with PersistenceManager: org.datanucleus.api.jdo.JDOPersistenceManager@1b38876a created in the thread with id: 1375
2024-05-01T14:27:18,250  INFO [Thread-1268] metastore.HMSHandler: Created RawStore: org.apache.hadoop.hive.metastore.ObjectStore@52fde5ee from thread id: 1375
2024-05-01T14:27:18,250  INFO [Thread-1268] metastore.HMSHandler: HMS server filtering is disabled by configuration
2024-05-01T14:27:18,250  INFO [Thread-1268] metastore.RetryingMetaStoreClient: RetryingMetaStoreClient proxy=class org.apache.hive.hcatalog.common.HiveClientCache$CacheableHiveMetaStoreClient ugi=alex (auth:SIMPLE) retries=1 delay=1 lifetime=0
2024-05-01T14:27:18,250  INFO [Thread-1268] HiveMetaStore.audit: ugi=alex	ip=unknown-ip-addr	cmd=get_databases: @hive#NonExistentDatabaseUsedForHealthCheck	
2024-05-01T14:27:18,300  WARN [Thread-1268] conf.HiveConf: HiveConf of name hive.llap.io.cache.orc.size does not exist
2024-05-01T14:27:18,300  WARN [Thread-1268] conf.HiveConf: HiveConf of name hive.dummyparam.test.server.specific.config.override does not exist
2024-05-01T14:27:18,300  WARN [Thread-1268] conf.HiveConf: HiveConf of name hive.metastore.metadb.dir does not exist
2024-05-01T14:27:18,300  WARN [Thread-1268] conf.HiveConf: HiveConf of name hive.llap.io.cache.orc.alloc.min does not exist
2024-05-01T14:27:18,300  WARN [Thread-1268] conf.HiveConf: HiveConf of name hive.dummyparam.test.server.specific.config.hivesite does not exist
2024-05-01T14:27:18,300  WARN [Thread-1268] conf.HiveConf: HiveConf of name hive.llap.io.cache.orc.alloc.max does not exist
2024-05-01T14:27:18,300  WARN [Thread-1268] conf.HiveConf: HiveConf of name hive.metastore.client.cache.maxSize does not exist
2024-05-01T14:27:18,300  WARN [Thread-1268] conf.HiveConf: HiveConf of name hive.dummyparam.test.server.specific.config.metastoresite does not exist
2024-05-01T14:27:18,300  WARN [Thread-1268] conf.HiveConf: HiveConf of name hive.metastore.client.cache.recordStats does not exist
2024-05-01T14:27:18,300  WARN [Thread-1268] conf.HiveConf: HiveConf of name hive.llap.io.cache.orc.arena.size does not exist
2024-05-01T14:27:18,300  WARN [Thread-1268] conf.HiveConf: HiveConf of name hive.stats.key.prefix.reserve.length does not exist
2024-05-01T14:27:18,301  INFO [Thread-1268] mapreduce.FileOutputCommitterContainer: HAR not is not being used. The table junit_unparted has new partitions [{b=1}].
2024-05-01T14:27:18,302  INFO [Thread-1268] HiveMetaStore.audit: ugi=alex	ip=unknown-ip-addr	cmd=get_partition : tbl=hive.default.junit_unparted[1]	
2024-05-01T14:27:18,311  INFO [Thread-1268] HiveMetaStore.audit: ugi=alex	ip=unknown-ip-addr	cmd=add_partition	
2024-05-01T14:27:18,311  INFO [Thread-1268] HiveMetaStore.audit: ugi=alex	ip=unknown-ip-addr	cmd=add_partitions	
2024-05-01T14:27:18,317  INFO [HMSHandler #8] utils.MetaStoreServerUtils: Updating partition stats fast for: junit_unparted
2024-05-01T14:27:18,317  INFO [HMSHandler #8] utils.MetaStoreServerUtils: Updated size to 455
2024-05-01T14:27:18,357  INFO [Thread-1268] mapreduce.FileOutputCommitterContainer: Cancelling delegation token for the job.
2024-05-01T14:27:18,401  WARN [Thread-1268] conf.HiveConf: HiveConf of name hive.llap.io.cache.orc.size does not exist
2024-05-01T14:27:18,401  WARN [Thread-1268] conf.HiveConf: HiveConf of name hive.dummyparam.test.server.specific.config.override does not exist
2024-05-01T14:27:18,401  WARN [Thread-1268] conf.HiveConf: HiveConf of name hive.metastore.metadb.dir does not exist
2024-05-01T14:27:18,401  WARN [Thread-1268] conf.HiveConf: HiveConf of name hive.llap.io.cache.orc.alloc.min does not exist
2024-05-01T14:27:18,401  WARN [Thread-1268] conf.HiveConf: HiveConf of name hive.dummyparam.test.server.specific.config.hivesite does not exist
2024-05-01T14:27:18,401  WARN [Thread-1268] conf.HiveConf: HiveConf of name hive.llap.io.cache.orc.alloc.max does not exist
2024-05-01T14:27:18,402  WARN [Thread-1268] conf.HiveConf: HiveConf of name hive.metastore.client.cache.maxSize does not exist
2024-05-01T14:27:18,402  WARN [Thread-1268] conf.HiveConf: HiveConf of name hive.dummyparam.test.server.specific.config.metastoresite does not exist
2024-05-01T14:27:18,402  WARN [Thread-1268] conf.HiveConf: HiveConf of name hive.metastore.client.cache.recordStats does not exist
2024-05-01T14:27:18,402  WARN [Thread-1268] conf.HiveConf: HiveConf of name hive.llap.io.cache.orc.arena.size does not exist
2024-05-01T14:27:18,402  WARN [Thread-1268] conf.HiveConf: HiveConf of name hive.stats.key.prefix.reserve.length does not exist
2024-05-01T14:27:18,402  INFO [Thread-1268] common.HCatUtil: mapreduce.lib.hcatoutput.hive.conf is set. Applying configuration differences.
2024-05-01T14:27:18,402  INFO [Thread-1268] HiveMetaStore.audit: ugi=alex	ip=unknown-ip-addr	cmd=get_databases: @hive#NonExistentDatabaseUsedForHealthCheck	
2024-05-01T14:27:18,403  INFO [Thread-1268] mapreduce.FileOutputCommitterContainer: FileOutputCommitterContainer::cancelDelegationTokens(): Could not find tokenStrForm, or HCAT_KEY_TOKEN_SIGNATURE. Skipping token cancellation.
2024-05-01T14:27:18,467  INFO [main] mapReduceLayer.MapReduceLauncher: HadoopJobId: job_local1660696581_0025
2024-05-01T14:27:18,467  INFO [main] mapReduceLayer.MapReduceLauncher: Processing aliases A
2024-05-01T14:27:18,467  INFO [main] mapReduceLayer.MapReduceLauncher: detailed locations: M: A[1,4],A[-1,-1] C:  R: 
2024-05-01T14:27:18,468  WARN [main] impl.MetricsSystemImpl: JobTracker metrics system already initialized!
2024-05-01T14:27:18,469  WARN [main] impl.MetricsSystemImpl: JobTracker metrics system already initialized!
2024-05-01T14:27:18,470  WARN [main] impl.MetricsSystemImpl: JobTracker metrics system already initialized!
2024-05-01T14:27:18,490  INFO [main] mapReduceLayer.MapReduceLauncher: 100% complete
2024-05-01T14:27:18,490  INFO [main] mapreduce.SimplePigStats: Script Statistics: 

HadoopVersion	PigVersion	UserId	StartedAt	FinishedAt	Features
3.1.0	0.16.0	alex	2024-05-01 14:27:17	2024-05-01 14:27:18	UNKNOWN

Success!

Job Stats (time in seconds):
JobId	Maps	Reduces	MaxMapTime	MinMapTime	AvgMapTime	MedianMapTime	MaxReduceTime	MinReduceTime	AvgReduceTime	MedianReducetime	Alias	Feature	Outputs
job_local1660696581_0025	1	0	n/a	n/a	n/a	n/a	0	0	0	0	A	MAP_ONLY	default.junit_unparted,

Input(s):
Successfully read 11 records from: "/home/alex/Repositories/hive/hcatalog/hcatalog-pig-adapter/build/test/data/org.apache.hive.hcatalog.mapreduce.HCatBaseTest-1714598801630/input.data"

Output(s):
Successfully stored 11 records in: "default.junit_unparted"

Counters:
Total records written : 11
Total bytes written : 0
Spillable Memory Manager spill count : 0
Total bags proactively spilled: 0
Total records proactively spilled: 0

Job DAG:
job_local1660696581_0025


2024-05-01T14:27:18,491  WARN [main] impl.MetricsSystemImpl: JobTracker metrics system already initialized!
2024-05-01T14:27:18,493  WARN [main] impl.MetricsSystemImpl: JobTracker metrics system already initialized!
2024-05-01T14:27:18,493  INFO [main] mapReduceLayer.MapReduceLauncher: Success!
2024-05-01T14:27:18,524  WARN [main] conf.HiveConf: HiveConf of name hive.llap.io.cache.orc.size does not exist
2024-05-01T14:27:18,525  WARN [main] conf.HiveConf: HiveConf of name hive.dummyparam.test.server.specific.config.override does not exist
2024-05-01T14:27:18,525  WARN [main] conf.HiveConf: HiveConf of name hive.metastore.metadb.dir does not exist
2024-05-01T14:27:18,525  WARN [main] conf.HiveConf: HiveConf of name hive.llap.io.cache.orc.alloc.min does not exist
2024-05-01T14:27:18,525  WARN [main] conf.HiveConf: HiveConf of name hive.dummyparam.test.server.specific.config.hivesite does not exist
2024-05-01T14:27:18,525  WARN [main] conf.HiveConf: HiveConf of name hive.llap.io.cache.orc.alloc.max does not exist
2024-05-01T14:27:18,525  WARN [main] conf.HiveConf: HiveConf of name hive.metastore.client.cache.maxSize does not exist
2024-05-01T14:27:18,525  WARN [main] conf.HiveConf: HiveConf of name hive.dummyparam.test.server.specific.config.metastoresite does not exist
2024-05-01T14:27:18,525  WARN [main] conf.HiveConf: HiveConf of name hive.metastore.client.cache.recordStats does not exist
2024-05-01T14:27:18,525  WARN [main] conf.HiveConf: HiveConf of name hive.llap.io.cache.orc.arena.size does not exist
2024-05-01T14:27:18,525  WARN [main] conf.HiveConf: HiveConf of name hive.stats.key.prefix.reserve.length does not exist
2024-05-01T14:27:18,526  INFO [main] HiveMetaStore.audit: ugi=alex	ip=unknown-ip-addr	cmd=get_databases: @hive#NonExistentDatabaseUsedForHealthCheck	
2024-05-01T14:27:18,527  INFO [main] HiveMetaStore.audit: ugi=alex	ip=unknown-ip-addr	cmd=get_table : tbl=hive.default.junit_unparted	
2024-05-01T14:27:18,532  INFO [main] metastore.HMSHandler: Skipping translation for processor with null
2024-05-01T14:27:18,556  WARN [main] conf.HiveConf: HiveConf of name hive.llap.io.cache.orc.size does not exist
2024-05-01T14:27:18,557  WARN [main] conf.HiveConf: HiveConf of name hive.dummyparam.test.server.specific.config.override does not exist
2024-05-01T14:27:18,557  WARN [main] conf.HiveConf: HiveConf of name hive.metastore.metadb.dir does not exist
2024-05-01T14:27:18,557  WARN [main] conf.HiveConf: HiveConf of name hive.llap.io.cache.orc.alloc.min does not exist
2024-05-01T14:27:18,557  WARN [main] conf.HiveConf: HiveConf of name hive.dummyparam.test.server.specific.config.hivesite does not exist
2024-05-01T14:27:18,557  WARN [main] conf.HiveConf: HiveConf of name hive.llap.io.cache.orc.alloc.max does not exist
2024-05-01T14:27:18,557  WARN [main] conf.HiveConf: HiveConf of name hive.metastore.client.cache.maxSize does not exist
2024-05-01T14:27:18,557  WARN [main] conf.HiveConf: HiveConf of name hive.dummyparam.test.server.specific.config.metastoresite does not exist
2024-05-01T14:27:18,557  WARN [main] conf.HiveConf: HiveConf of name hive.metastore.client.cache.recordStats does not exist
2024-05-01T14:27:18,557  WARN [main] conf.HiveConf: HiveConf of name hive.llap.io.cache.orc.arena.size does not exist
2024-05-01T14:27:18,557  WARN [main] conf.HiveConf: HiveConf of name hive.stats.key.prefix.reserve.length does not exist
2024-05-01T14:27:18,557  INFO [main] HiveMetaStore.audit: ugi=alex	ip=unknown-ip-addr	cmd=get_databases: @hive#NonExistentDatabaseUsedForHealthCheck	
2024-05-01T14:27:18,559  INFO [main] HiveMetaStore.audit: ugi=alex	ip=unknown-ip-addr	cmd=get_table : tbl=hive.default.junit_unparted	
2024-05-01T14:27:18,567  INFO [main] metastore.HMSHandler: Skipping translation for processor with null
2024-05-01T14:27:18,569  INFO [main] pigstats.ScriptState: Pig features used in the script: UNKNOWN
2024-05-01T14:27:18,583  WARN [main] data.SchemaTupleBackend: SchemaTupleBackend has already been initialized
2024-05-01T14:27:18,583  INFO [main] optimizer.LogicalPlanOptimizer: {RULES_ENABLED=[AddForEach, ColumnMapKeyPrune, ConstantCalculator, GroupByConstParallelSetter, LimitOptimizer, LoadTypeCastInserter, MergeFilter, MergeForEach, PartitionFilterOptimizer, PredicatePushdownOptimizer, PushDownForEachFlatten, PushUpFilter, SplitFilter, StreamTypeCastInserter]}
2024-05-01T14:27:18,583  INFO [main] mapReduceLayer.MRCompiler: File concatenation threshold: 100 optimistic? false
2024-05-01T14:27:18,584  INFO [main] mapReduceLayer.MultiQueryOptimizer: MR plan size before optimization: 1
2024-05-01T14:27:18,584  INFO [main] mapReduceLayer.MultiQueryOptimizer: MR plan size after optimization: 1
2024-05-01T14:27:18,593  WARN [main] impl.MetricsSystemImpl: JobTracker metrics system already initialized!
2024-05-01T14:27:18,593  INFO [main] mapreduce.MRScriptState: Pig script settings are added to the job
2024-05-01T14:27:18,594  INFO [main] mapReduceLayer.JobControlCompiler: mapred.job.reduce.markreset.buffer.percent is not set, set to default 0.3
2024-05-01T14:27:18,608  WARN [main] conf.HiveConf: HiveConf of name hive.llap.io.cache.orc.size does not exist
2024-05-01T14:27:18,608  WARN [main] conf.HiveConf: HiveConf of name hive.dummyparam.test.server.specific.config.override does not exist
2024-05-01T14:27:18,609  WARN [main] conf.HiveConf: HiveConf of name hive.metastore.metadb.dir does not exist
2024-05-01T14:27:18,609  WARN [main] conf.HiveConf: HiveConf of name hive.llap.io.cache.orc.alloc.min does not exist
2024-05-01T14:27:18,609  WARN [main] conf.HiveConf: HiveConf of name hive.dummyparam.test.server.specific.config.hivesite does not exist
2024-05-01T14:27:18,609  WARN [main] conf.HiveConf: HiveConf of name hive.llap.io.cache.orc.alloc.max does not exist
2024-05-01T14:27:18,609  WARN [main] conf.HiveConf: HiveConf of name hive.metastore.client.cache.maxSize does not exist
2024-05-01T14:27:18,609  WARN [main] conf.HiveConf: HiveConf of name hive.dummyparam.test.server.specific.config.metastoresite does not exist
2024-05-01T14:27:18,609  WARN [main] conf.HiveConf: HiveConf of name hive.metastore.client.cache.recordStats does not exist
2024-05-01T14:27:18,609  WARN [main] conf.HiveConf: HiveConf of name hive.llap.io.cache.orc.arena.size does not exist
2024-05-01T14:27:18,609  WARN [main] conf.HiveConf: HiveConf of name hive.stats.key.prefix.reserve.length does not exist
2024-05-01T14:27:18,609  INFO [main] common.HCatUtil: mapreduce.lib.hcatoutput.hive.conf not set. Generating configuration differences.
2024-05-01T14:27:18,610  INFO [main] common.HCatUtil: Configuration differences={datanucleus.connectionPool.maxPoolSize=4, hive.llap.io.cache.orc.alloc.max=2097152, javax.jdo.option.ConnectionUserName=APP, test.property1=value1, hive.stats.column.autogather=true, hive.query.results.cache.enabled=false, fs.pfile.impl=org.apache.hadoop.fs.ProxyLocalFileSystem, hive.querylog.location=${test.tmp.dir}/tmp, hive.metastore.rawstore.impl=org.apache.hadoop.hive.metastore.ObjectStore, hive.llap.io.use.lrfu=true, javax.jdo.option.ConnectionPassword=mine, hive.jar.path=${maven.local.repository}/org/apache/hive/hive-exec/${hive.version}/hive-exec-${hive.version}.jar, hive.default.rcfile.serde=org.apache.hadoop.hive.serde2.columnar.ColumnarSerDe, datanucleus.schema.autoCreateAll=true, test.data.scripts=${hive.root}/data/scripts, hive.users.in.admin.role=hive_admin_user, hive.llap.io.cache.orc.size=8388608, test.var.hiveconf.property=${hive.exec.default.partition.name}, hive.dummyparam.test.server.specific.config.hivesite=from.hive-site.xml, hive.exec.mode.local.auto=false, hive.materializedview.rewriting=true, hive.dummyparam.test.server.specific.config.override=from.hive-site.xml, hive.fetch.task.conversion=minimal, hive.metastore.metadb.dir=file://${test.tmp.dir}/metadb/, hive.conf.restricted.list=dummy.config.value, hive.server2.operation.log.purgePolicy.timeToLive=5s, hive.query.reexecution.stats.persist.scope=query, hive.cbo.fallback.strategy=TEST, hive.input.format=org.apache.hadoop.hive.ql.io.CombineHiveInputFormat, hive.security.authorization.manager=org.apache.hadoop.hive.ql.security.authorization.plugin.sqlstd.SQLStdHiveAuthorizerFactoryForTest, test.data.files=${hive.root}/data/files, hive.metastore.client.cache.enabled=true, hive.stats.key.prefix.reserve.length=0, hive.exec.local.scratchdir=${test.tmp.dir}/localscratchdir/, hive.exec.submit.local.task.via.child=false, hive.auto.convert.join=false, hive.llap.io.cache.orc.alloc.min=32768, hive.stats.fetch.bitvector=true, hive.llap.io.allocator.direct=false, hive.metastore.schema.verification=false, javax.jdo.option.ConnectionDriverName=org.apache.derby.jdbc.EmbeddedDriver, hive.support.concurrency=true, hive.in.test=true, hive.metastore.warehouse.dir=${test.warehouse.dir}, hive.llap.io.cache.orc.arena.size=8388608, hive.exec.scratchdir=${test.tmp.dir}/scratchdir, test.log.dir=${test.tmp.dir}/log/, hive.exec.post.hooks=org.apache.hadoop.hive.ql.hooks.PostExecutePrinter, javax.jdo.option.ConnectionURL=jdbc:derby:memory:${test.tmp.dir}/junit_metastore_db;create=true, hive.llap.cache.allow.synthetic.fileid=true, hive.scheduled.queries.executor.enabled=false, hive.ignore.mapjoin.hint=false, hive.metastore.client.cache.maxSize=10Mb, hive.metastore.client.cache.recordStats=true, hive.mapjoin.max.gc.time.percentage=0.99, hive.test.dummystats.aggregator=value2, hive.exec.pre.hooks=org.apache.hadoop.hive.ql.hooks.PreExecutePrinter, org.apache.hadoop.hive.ql.hooks.EnforceReadOnlyTables, org.apache.hadoop.hive.ql.hooks.MaterializedViewRegistryPropertiesHook, iceberg.hive.keep.stats=true, hive.strict.timestamp.conversion=false}
2024-05-01T14:27:18,611  INFO [main] HiveMetaStore.audit: ugi=alex	ip=unknown-ip-addr	cmd=get_databases: @hive#NonExistentDatabaseUsedForHealthCheck	
2024-05-01T14:27:18,612  INFO [main] HiveMetaStore.audit: ugi=alex	ip=unknown-ip-addr	cmd=get_table : tbl=hive.default.junit_unparted	
2024-05-01T14:27:18,616  INFO [main] metastore.HMSHandler: Skipping translation for processor with null
2024-05-01T14:27:18,616  INFO [main] HiveMetaStore.audit: ugi=alex	ip=unknown-ip-addr	cmd=get_partitions_by_filter : tbl=hive.default.junit_unparted	
2024-05-01T14:27:18,659  INFO [main] mapReduceLayer.JobControlCompiler: Setting up single store job
2024-05-01T14:27:18,663  INFO [main] mapReduceLayer.MapReduceLauncher: 1 map-reduce job(s) waiting for submission.
2024-05-01T14:27:18,664  WARN [JobControl] impl.MetricsSystemImpl: JobTracker metrics system already initialized!
2024-05-01T14:27:18,672  WARN [JobControl] mapreduce.JobResourceUploader: Hadoop command-line option parsing not performed. Implement the Tool interface and execute your application with ToolRunner to remedy this.
2024-05-01T14:27:18,678  WARN [JobControl] mapreduce.JobResourceUploader: No job jar file set.  User classes may not be found. See Job or Job#setJar(String).
2024-05-01T14:27:18,680  INFO [JobControl] common.HCatUtil: mapreduce.lib.hcatoutput.hive.conf is set. Using differences={hive.metastore.metadb.dir=file://${test.tmp.dir}/metadb/, hive.llap.io.cache.orc.size=8388608, hive.default.rcfile.serde=org.apache.hadoop.hive.serde2.columnar.ColumnarSerDe, hive.mapjoin.max.gc.time.percentage=0.99, hive.dummyparam.test.server.specific.config.hivesite=from.hive-site.xml, hive.stats.key.prefix.reserve.length=0, hive.server2.operation.log.purgePolicy.timeToLive=5s, hive.test.dummystats.aggregator=value2, hive.users.in.admin.role=hive_admin_user, iceberg.hive.keep.stats=true, hive.jar.path=${maven.local.repository}/org/apache/hive/hive-exec/${hive.version}/hive-exec-${hive.version}.jar, hive.exec.submit.local.task.via.child=false, hive.auto.convert.join=false, hive.query.reexecution.stats.persist.scope=query, hive.input.format=org.apache.hadoop.hive.ql.io.CombineHiveInputFormat, javax.jdo.option.ConnectionURL=jdbc:derby:memory:${test.tmp.dir}/junit_metastore_db;create=true, test.log.dir=${test.tmp.dir}/log/, hive.cbo.fallback.strategy=TEST, hive.exec.mode.local.auto=false, hive.support.concurrency=true, javax.jdo.option.ConnectionUserName=APP, hive.ignore.mapjoin.hint=false, hive.exec.pre.hooks=org.apache.hadoop.hive.ql.hooks.PreExecutePrinter, org.apache.hadoop.hive.ql.hooks.EnforceReadOnlyTables, org.apache.hadoop.hive.ql.hooks.MaterializedViewRegistryPropertiesHook, datanucleus.connectionPool.maxPoolSize=4, hive.strict.timestamp.conversion=false, datanucleus.schema.autoCreateAll=true, test.data.files=${hive.root}/data/files, javax.jdo.option.ConnectionDriverName=org.apache.derby.jdbc.EmbeddedDriver, hive.stats.fetch.bitvector=true, hive.security.authorization.manager=org.apache.hadoop.hive.ql.security.authorization.plugin.sqlstd.SQLStdHiveAuthorizerFactoryForTest, hive.conf.restricted.list=dummy.config.value, hive.exec.scratchdir=${test.tmp.dir}/scratchdir, test.property1=value1, hive.llap.io.cache.orc.alloc.max=2097152, hive.metastore.warehouse.dir=${test.warehouse.dir}, hive.fetch.task.conversion=minimal, test.data.scripts=${hive.root}/data/scripts, hive.metastore.client.cache.maxSize=10Mb, hive.metastore.schema.verification=false, hive.query.results.cache.enabled=false, test.var.hiveconf.property=${hive.exec.default.partition.name}, hive.querylog.location=${test.tmp.dir}/tmp, hive.llap.io.cache.orc.alloc.min=32768, hive.llap.io.allocator.direct=false, hive.stats.column.autogather=true, hive.llap.cache.allow.synthetic.fileid=true, javax.jdo.option.ConnectionPassword=mine, hive.metastore.client.cache.recordStats=true, hive.llap.io.cache.orc.arena.size=8388608, hive.scheduled.queries.executor.enabled=false, hive.exec.local.scratchdir=${test.tmp.dir}/localscratchdir/, hive.metastore.rawstore.impl=org.apache.hadoop.hive.metastore.ObjectStore, hive.llap.io.use.lrfu=true, hive.exec.post.hooks=org.apache.hadoop.hive.ql.hooks.PostExecutePrinter, fs.pfile.impl=org.apache.hadoop.fs.ProxyLocalFileSystem, hive.in.test=true, hive.metastore.client.cache.enabled=true, hive.materializedview.rewriting=true, hive.dummyparam.test.server.specific.config.override=from.hive-site.xml}
2024-05-01T14:27:18,684  INFO [JobControl] mapred.FileInputFormat: Total input files to process : 1
2024-05-01T14:27:18,685  INFO [JobControl] util.MapRedUtil: Total input paths (combined) to process : 1
2024-05-01T14:27:18,708  INFO [JobControl] mapreduce.JobSubmitter: number of splits:1
2024-05-01T14:27:18,725  INFO [JobControl] mapreduce.JobSubmitter: Submitting tokens for job: job_local1633917489_0026
2024-05-01T14:27:18,725  INFO [JobControl] mapreduce.JobSubmitter: Executing with tokens: []
2024-05-01T14:27:18,783  INFO [JobControl] mapreduce.Job: The url to track the job: http://localhost:8080/
2024-05-01T14:27:18,783  INFO [Thread-1310] mapred.LocalJobRunner: OutputCommitter set in config null
2024-05-01T14:27:18,789  INFO [Thread-1310] output.FileOutputCommitter: File Output Committer Algorithm version is 2
2024-05-01T14:27:18,789  INFO [Thread-1310] output.FileOutputCommitter: FileOutputCommitter skip cleanup _temporary folders under output directory:false, ignore cleanup failures: false
2024-05-01T14:27:18,789  INFO [Thread-1310] mapred.LocalJobRunner: OutputCommitter is org.apache.pig.backend.hadoop.executionengine.mapReduceLayer.PigOutputCommitter
2024-05-01T14:27:18,801  INFO [Thread-1310] mapred.LocalJobRunner: Waiting for map tasks
2024-05-01T14:27:18,801  INFO [LocalJobRunner Map Task Executor #0] mapred.LocalJobRunner: Starting task: attempt_local1633917489_0026_m_000000_0
2024-05-01T14:27:18,807  INFO [LocalJobRunner Map Task Executor #0] output.FileOutputCommitter: File Output Committer Algorithm version is 2
2024-05-01T14:27:18,807  INFO [LocalJobRunner Map Task Executor #0] output.FileOutputCommitter: FileOutputCommitter skip cleanup _temporary folders under output directory:false, ignore cleanup failures: false
2024-05-01T14:27:18,808  INFO [LocalJobRunner Map Task Executor #0] mapred.Task:  Using ResourceCalculatorProcessTree : [ ]
2024-05-01T14:27:18,809  INFO [LocalJobRunner Map Task Executor #0] mapred.MapTask: Processing split: Number of splits :1
Total Length = 455
Input split[0]:
   Length = 455
   ClassName: org.apache.hive.hcatalog.mapreduce.HCatSplit
   Locations:

-----------------------

2024-05-01T14:27:18,814  INFO [LocalJobRunner Map Task Executor #0] mapReduceLayer.PigRecordReader: Current split being processed org.apache.hive.hcatalog.mapreduce.HCatSplit@3827c04f
2024-05-01T14:27:18,815  INFO [LocalJobRunner Map Task Executor #0] output.FileOutputCommitter: File Output Committer Algorithm version is 2
2024-05-01T14:27:18,815  INFO [LocalJobRunner Map Task Executor #0] output.FileOutputCommitter: FileOutputCommitter skip cleanup _temporary folders under output directory:false, ignore cleanup failures: false
2024-05-01T14:27:18,832  INFO [LocalJobRunner Map Task Executor #0] hadoop.InternalParquetRecordReader: RecordReader initialized will read a total of 11 records.
2024-05-01T14:27:18,832  INFO [LocalJobRunner Map Task Executor #0] hadoop.InternalParquetRecordReader: at row 0. reading next block
2024-05-01T14:27:18,832  INFO [LocalJobRunner Map Task Executor #0] hadoop.InternalParquetRecordReader: block read in memory in 0 ms. row count = 11
2024-05-01T14:27:18,833  INFO [LocalJobRunner Map Task Executor #0] mapreduce.InternalUtil: Initializing org.apache.hadoop.hive.ql.io.parquet.serde.ParquetHiveSerDe with properties {name=default.junit_unparted, columns.types=int, serialization.format=1, columns=a, columns.comments=null, bucketing_version=2, serialization.lib=org.apache.hadoop.hive.ql.io.parquet.serde.ParquetHiveSerDe, column.name.delimiter=,, serialization.null.format=\N, transient_lastDdlTime=1714598837}
2024-05-01T14:27:18,833  INFO [LocalJobRunner Map Task Executor #0] util.SpillableMemoryManager: Selected heap (PS Old Gen) of size 1431830528 to monitor. collectionUsageThreshold = 1064828928, usageThreshold = 1064828928
2024-05-01T14:27:18,833  WARN [LocalJobRunner Map Task Executor #0] data.SchemaTupleBackend: SchemaTupleBackend has already been initialized
2024-05-01T14:27:18,833  INFO [LocalJobRunner Map Task Executor #0] mapReduceLayer.PigMapOnly$Map: Aliases being processed per job phase (AliasName[line,offset]): M: B[3,4] C:  R: 
2024-05-01T14:27:18,834  INFO [LocalJobRunner Map Task Executor #0] mapred.LocalJobRunner: 
2024-05-01T14:27:18,834  INFO [LocalJobRunner Map Task Executor #0] mapred.Task: Task:attempt_local1633917489_0026_m_000000_0 is done. And is in the process of committing
2024-05-01T14:27:18,836  INFO [LocalJobRunner Map Task Executor #0] mapred.LocalJobRunner: 
2024-05-01T14:27:18,836  INFO [LocalJobRunner Map Task Executor #0] mapred.Task: Task attempt_local1633917489_0026_m_000000_0 is allowed to commit now
2024-05-01T14:27:18,838  INFO [LocalJobRunner Map Task Executor #0] output.FileOutputCommitter: Saved output of task 'attempt_local1633917489_0026_m_000000_0' to file:/home/alex/Repositories/hive/hcatalog/hcatalog-pig-adapter/target/tmp/HCatBaseTest_1714598820616/pig/temp/temp1240326171/tmp-1555826880
2024-05-01T14:27:18,839  INFO [LocalJobRunner Map Task Executor #0] mapred.LocalJobRunner: map
2024-05-01T14:27:18,839  INFO [LocalJobRunner Map Task Executor #0] mapred.Task: Task 'attempt_local1633917489_0026_m_000000_0' done.
2024-05-01T14:27:18,839  INFO [LocalJobRunner Map Task Executor #0] mapred.Task: Final Counters for attempt_local1633917489_0026_m_000000_0: Counters: 15
	File System Counters
		FILE: Number of bytes read=110792
		FILE: Number of bytes written=14833247
		FILE: Number of read operations=0
		FILE: Number of large read operations=0
		FILE: Number of write operations=0
	Map-Reduce Framework
		Map input records=11
		Map output records=11
		Input split bytes=2102
		Spilled Records=0
		Failed Shuffles=0
		Merged Map outputs=0
		GC time elapsed (ms)=0
		Total committed heap usage (bytes)=1014497280
	File Input Format Counters 
		Bytes Read=0
	File Output Format Counters 
		Bytes Written=0
2024-05-01T14:27:18,839  INFO [LocalJobRunner Map Task Executor #0] mapred.LocalJobRunner: Finishing task: attempt_local1633917489_0026_m_000000_0
2024-05-01T14:27:18,839  INFO [Thread-1310] mapred.LocalJobRunner: map task executor complete.
2024-05-01T14:27:18,983  INFO [main] mapReduceLayer.MapReduceLauncher: HadoopJobId: job_local1633917489_0026
2024-05-01T14:27:18,984  INFO [main] mapReduceLayer.MapReduceLauncher: Processing aliases B
2024-05-01T14:27:18,984  INFO [main] mapReduceLayer.MapReduceLauncher: detailed locations: M: B[3,4] C:  R: 
2024-05-01T14:27:18,985  WARN [main] impl.MetricsSystemImpl: JobTracker metrics system already initialized!
2024-05-01T14:27:18,987  WARN [main] impl.MetricsSystemImpl: JobTracker metrics system already initialized!
2024-05-01T14:27:18,988  WARN [main] impl.MetricsSystemImpl: JobTracker metrics system already initialized!
2024-05-01T14:27:18,989  INFO [main] mapReduceLayer.MapReduceLauncher: 100% complete
2024-05-01T14:27:18,990  INFO [main] mapreduce.SimplePigStats: Script Statistics: 

HadoopVersion	PigVersion	UserId	StartedAt	FinishedAt	Features
3.1.0	0.16.0	alex	2024-05-01 14:27:18	2024-05-01 14:27:18	UNKNOWN

Success!

Job Stats (time in seconds):
JobId	Maps	Reduces	MaxMapTime	MinMapTime	AvgMapTime	MedianMapTime	MaxReduceTime	MinReduceTime	AvgReduceTime	MedianReducetime	Alias	Feature	Outputs
job_local1633917489_0026	1	0	n/a	n/a	n/a	n/a	0	0	0	0	B	MAP_ONLY	file:/home/alex/Repositories/hive/hcatalog/hcatalog-pig-adapter/target/tmp/HCatBaseTest_1714598820616/pig/temp/temp1240326171/tmp-1555826880,

Input(s):
Successfully read 11 records from: "default.junit_unparted"

Output(s):
Successfully stored 11 records in: "file:/home/alex/Repositories/hive/hcatalog/hcatalog-pig-adapter/target/tmp/HCatBaseTest_1714598820616/pig/temp/temp1240326171/tmp-1555826880"

Counters:
Total records written : 11
Total bytes written : 0
Spillable Memory Manager spill count : 0
Total bags proactively spilled: 0
Total records proactively spilled: 0

Job DAG:
job_local1633917489_0026


2024-05-01T14:27:18,991  WARN [main] impl.MetricsSystemImpl: JobTracker metrics system already initialized!
2024-05-01T14:27:18,992  WARN [main] impl.MetricsSystemImpl: JobTracker metrics system already initialized!
2024-05-01T14:27:18,992  INFO [main] mapReduceLayer.MapReduceLauncher: Success!
2024-05-01T14:27:18,993  WARN [main] data.SchemaTupleBackend: SchemaTupleBackend has already been initialized
2024-05-01T14:27:19,000  INFO [main] input.FileInputFormat: Total input files to process : 1
2024-05-01T14:27:19,000  INFO [main] util.MapRedUtil: Total input paths to process : 1
2024-05-01T14:27:19,001  INFO [main] HiveMetaStore.audit: ugi=alex	ip=unknown-ip-addr	cmd=get_table : tbl=hive.default.junit_unparted	
2024-05-01T14:27:19,007  INFO [main] metastore.HMSHandler: Skipping translation for processor with null
]]></system-err>
  </testcase>
  <testcase name="testWriteChar" classname="org.apache.hive.hcatalog.pig.TestParquetHCatStorer" time="4.41"/>
  <testcase name="testWriteDate" classname="org.apache.hive.hcatalog.pig.TestParquetHCatStorer" time="6.233"/>
  <testcase name="testWriteSmallint" classname="org.apache.hive.hcatalog.pig.TestParquetHCatStorer" time="3.111"/>
  <testcase name="testDynamicPartitioningMultiPartColsNoDataInDataNoSpec" classname="org.apache.hive.hcatalog.pig.TestParquetHCatStorer" time="0.834"/>
  <testcase name="testWriteVarchar" classname="org.apache.hive.hcatalog.pig.TestParquetHCatStorer" time="4.273"/>
  <testcase name="testBagNStruct" classname="org.apache.hive.hcatalog.pig.TestParquetHCatStorer" time="1.272"/>
  <testcase name="testStaticPartitioningMultiPartCols" classname="org.apache.hive.hcatalog.pig.TestParquetHCatStorer" time="1.124"/>
  <testcase name="testPartColsInData" classname="org.apache.hive.hcatalog.pig.TestParquetHCatStorer" time="1.506"/>
  <testcase name="testStoreWithNoCtorArgs" classname="org.apache.hive.hcatalog.pig.TestParquetHCatStorer" time="1.045"/>
  <testcase name="testWriteDecimalX" classname="org.apache.hive.hcatalog.pig.TestParquetHCatStorer" time="2.997"/>
  <testcase name="testDateCharTypes" classname="org.apache.hive.hcatalog.pig.TestParquetHCatStorer" time="1.265"/>
  <testcase name="testPartitionPublish" classname="org.apache.hive.hcatalog.pig.TestParquetHCatStorer" time="0.736"/>
  <testcase name="testWriteDecimal" classname="org.apache.hive.hcatalog.pig.TestParquetHCatStorer" time="2.957"/>
  <testcase name="testMultiPartColsInData" classname="org.apache.hive.hcatalog.pig.TestParquetHCatStorer" time="1.933">
    <failure message="expected:&lt;1&gt; but was:&lt;5&gt;" type="java.lang.AssertionError"><![CDATA[java.lang.AssertionError: expected:<1> but was:<5>
	at org.junit.Assert.fail(Assert.java:89)
	at org.junit.Assert.failNotEquals(Assert.java:835)
	at org.junit.Assert.assertEquals(Assert.java:647)
	at org.junit.Assert.assertEquals(Assert.java:633)
	at org.apache.hive.hcatalog.pig.AbstractHCatStorerTest.testMultiPartColsInData(AbstractHCatStorerTest.java:491)
	at sun.reflect.NativeMethodAccessorImpl.invoke0(Native Method)
	at sun.reflect.NativeMethodAccessorImpl.invoke(NativeMethodAccessorImpl.java:62)
	at sun.reflect.DelegatingMethodAccessorImpl.invoke(DelegatingMethodAccessorImpl.java:43)
	at java.lang.reflect.Method.invoke(Method.java:498)
	at org.junit.runners.model.FrameworkMethod$1.runReflectiveCall(FrameworkMethod.java:59)
	at org.junit.internal.runners.model.ReflectiveCallable.run(ReflectiveCallable.java:12)
	at org.junit.runners.model.FrameworkMethod.invokeExplosively(FrameworkMethod.java:56)
	at org.junit.internal.runners.statements.InvokeMethod.evaluate(InvokeMethod.java:17)
	at org.junit.internal.runners.statements.RunBefores.evaluate(RunBefores.java:26)
	at org.junit.runners.ParentRunner$3.evaluate(ParentRunner.java:306)
	at org.junit.runners.BlockJUnit4ClassRunner$1.evaluate(BlockJUnit4ClassRunner.java:100)
	at org.junit.runners.ParentRunner.runLeaf(ParentRunner.java:366)
	at org.junit.runners.BlockJUnit4ClassRunner.runChild(BlockJUnit4ClassRunner.java:103)
	at org.junit.runners.BlockJUnit4ClassRunner.runChild(BlockJUnit4ClassRunner.java:63)
	at org.junit.runners.ParentRunner$4.run(ParentRunner.java:331)
	at org.junit.runners.ParentRunner$1.schedule(ParentRunner.java:79)
	at org.junit.runners.ParentRunner.runChildren(ParentRunner.java:329)
	at org.junit.runners.ParentRunner.access$100(ParentRunner.java:66)
	at org.junit.runners.ParentRunner$2.evaluate(ParentRunner.java:293)
	at org.junit.internal.runners.statements.RunBefores.evaluate(RunBefores.java:26)
	at org.junit.runners.ParentRunner$3.evaluate(ParentRunner.java:306)
	at org.junit.runners.ParentRunner.run(ParentRunner.java:413)
	at org.apache.maven.surefire.junit4.JUnit4Provider.execute(JUnit4Provider.java:365)
	at org.apache.maven.surefire.junit4.JUnit4Provider.executeWithRerun(JUnit4Provider.java:273)
	at org.apache.maven.surefire.junit4.JUnit4Provider.executeTestSet(JUnit4Provider.java:238)
	at org.apache.maven.surefire.junit4.JUnit4Provider.invoke(JUnit4Provider.java:159)
	at org.apache.maven.surefire.booter.ForkedBooter.runSuitesInProcess(ForkedBooter.java:377)
	at org.apache.maven.surefire.booter.ForkedBooter.execute(ForkedBooter.java:138)
	at org.apache.maven.surefire.booter.ForkedBooter.run(ForkedBooter.java:465)
	at org.apache.maven.surefire.booter.ForkedBooter.main(ForkedBooter.java:451)
]]></failure>
    <system-out><![CDATA[log4j: Could not find root logger information. Is this OK?
log4j: Finished configuring.
]]></system-out>
    <system-err><![CDATA[2024-05-01T14:27:50,819  WARN [main] conf.HiveConf: HiveConf of name hive.llap.io.cache.orc.size does not exist
2024-05-01T14:27:50,819  WARN [main] conf.HiveConf: HiveConf of name hive.dummyparam.test.server.specific.config.override does not exist
2024-05-01T14:27:50,819  WARN [main] conf.HiveConf: HiveConf of name hive.metastore.metadb.dir does not exist
2024-05-01T14:27:50,819  WARN [main] conf.HiveConf: HiveConf of name hive.llap.io.cache.orc.alloc.min does not exist
2024-05-01T14:27:50,819  WARN [main] conf.HiveConf: HiveConf of name hive.dummyparam.test.server.specific.config.hivesite does not exist
2024-05-01T14:27:50,819  WARN [main] conf.HiveConf: HiveConf of name hive.llap.io.cache.orc.alloc.max does not exist
2024-05-01T14:27:50,819  WARN [main] conf.HiveConf: HiveConf of name hive.metastore.client.cache.maxSize does not exist
2024-05-01T14:27:50,819  WARN [main] conf.HiveConf: HiveConf of name hive.dummyparam.test.server.specific.config.metastoresite does not exist
2024-05-01T14:27:50,819  WARN [main] conf.HiveConf: HiveConf of name hive.metastore.client.cache.recordStats does not exist
2024-05-01T14:27:50,819  WARN [main] conf.HiveConf: HiveConf of name hive.llap.io.cache.orc.arena.size does not exist
2024-05-01T14:27:50,819  WARN [main] conf.HiveConf: HiveConf of name hive.stats.key.prefix.reserve.length does not exist
2024-05-01T14:27:50,821  INFO [main] metastore.HiveMetaStoreClient: HMS client filtering is enabled.
2024-05-01T14:27:50,821  INFO [main] metastore.PersistenceManagerProvider: Configuration datanucleus.autoStartMechanismMode is not set. Defaulting to 'ignored'
2024-05-01T14:27:50,821  INFO [main] metastore.ObjectStore: RawStore: org.apache.hadoop.hive.metastore.ObjectStore@65e2b654, with PersistenceManager: org.datanucleus.api.jdo.JDOPersistenceManager@6bb93518 will be shutdown
2024-05-01T14:27:50,821  INFO [main] metastore.ObjectStore: RawStore: org.apache.hadoop.hive.metastore.ObjectStore@65e2b654, with PersistenceManager: org.datanucleus.api.jdo.JDOPersistenceManager@2c8561a9 created in the thread with id: 1
2024-05-01T14:27:50,822  INFO [main] metastore.HMSHandler: HMS server filtering is disabled by configuration
Hive Session ID = bcc60df5-8d38-482d-9a39-c732f12f561e
2024-05-01T14:27:50,822  INFO [main] SessionState: Hive Session ID = bcc60df5-8d38-482d-9a39-c732f12f561e
ivysettings.xml file not found in HIVE_HOME or HIVE_CONF_DIR,file:/home/alex/.m2/repository/org/apache/pig/pig/0.16.0/pig-0.16.0-h2.jar!/ivysettings.xml will be used
2024-05-01T14:27:50,823  INFO [main] DependencyResolver: ivysettings.xml file not found in HIVE_HOME or HIVE_CONF_DIR,file:/home/alex/.m2/repository/org/apache/pig/pig/0.16.0/pig-0.16.0-h2.jar!/ivysettings.xml will be used
2024-05-01T14:27:50,831  INFO [main] session.SessionState: Created HDFS directory: /home/alex/Repositories/hive/hcatalog/hcatalog-pig-adapter/target/tmp/scratchdir/alex/bcc60df5-8d38-482d-9a39-c732f12f561e
2024-05-01T14:27:50,833  INFO [main] session.SessionState: Created local directory: /home/alex/Repositories/hive/hcatalog/hcatalog-pig-adapter/target/tmp/localscratchdir/bcc60df5-8d38-482d-9a39-c732f12f561e
2024-05-01T14:27:50,836  INFO [main] session.SessionState: Created HDFS directory: /home/alex/Repositories/hive/hcatalog/hcatalog-pig-adapter/target/tmp/scratchdir/alex/bcc60df5-8d38-482d-9a39-c732f12f561e/_tmp_space.db
2024-05-01T14:27:50,837  INFO [main] ql.Driver: Compiling command(queryId=alex_20240501142750_cd31aaf8-ee22-4975-a287-47117cd9f8df): drop table if exists employee
2024-05-01T14:27:50,837  INFO [main] HiveMetaStore.audit: ugi=alex	ip=unknown-ip-addr	cmd=get_table : tbl=hive.default.employee	
2024-05-01T14:27:50,838  INFO [main] ql.Driver: Semantic Analysis Completed (retrial = false)
2024-05-01T14:27:50,838  INFO [main] ql.Driver: Created Hive schema: Schema(fieldSchemas:null, properties:null)
2024-05-01T14:27:50,838  INFO [main] metadata.Hive: Dumping metastore api call timing information for : compilation phase
2024-05-01T14:27:50,838  INFO [main] metadata.Hive: Total time spent in each metastore function (ms): {isCompatibleWith_(Configuration)=0, flushCache_()=0}
2024-05-01T14:27:50,838  INFO [main] ql.Driver: Completed compiling command(queryId=alex_20240501142750_cd31aaf8-ee22-4975-a287-47117cd9f8df); Time taken: 0.001 seconds
2024-05-01T14:27:50,838  INFO [main] reexec.ReExecDriver: Execution #1 of query
2024-05-01T14:27:50,838  INFO [main] ql.Driver: Concurrency mode is disabled, not creating a lock manager
2024-05-01T14:27:50,838  INFO [main] ql.Driver: Executing command(queryId=alex_20240501142750_cd31aaf8-ee22-4975-a287-47117cd9f8df): drop table if exists employee
2024-05-01T14:27:50,838  INFO [main] ql.Driver: Starting task [Stage-0:DDL] in serial mode
2024-05-01T14:27:50,839  INFO [main] HiveMetaStore.audit: ugi=alex	ip=unknown-ip-addr	cmd=get_table : tbl=hive.default.employee	
2024-05-01T14:27:50,839  INFO [main] metadata.Hive: Dumping metastore api call timing information for : execution phase
2024-05-01T14:27:50,839  INFO [main] metadata.Hive: Total time spent in each metastore function (ms): {isCompatibleWith_(Configuration)=1}
2024-05-01T14:27:50,839  INFO [main] ql.Driver: Completed executing command(queryId=alex_20240501142750_cd31aaf8-ee22-4975-a287-47117cd9f8df); Time taken: 0.001 seconds
2024-05-01T14:27:50,840  INFO [main] ql.Driver: Compiling command(queryId=alex_20240501142750_cd31aaf8-ee22-4975-a287-47117cd9f8df): use default
2024-05-01T14:27:50,840  INFO [main] HiveMetaStore.audit: ugi=alex	ip=unknown-ip-addr	cmd=get_database: default	
2024-05-01T14:27:50,840  INFO [main] ql.Driver: Semantic Analysis Completed (retrial = false)
2024-05-01T14:27:50,840  INFO [main] ql.Driver: Created Hive schema: Schema(fieldSchemas:null, properties:null)
2024-05-01T14:27:50,841  INFO [main] metadata.Hive: Dumping metastore api call timing information for : compilation phase
2024-05-01T14:27:50,841  INFO [main] metadata.Hive: Total time spent in each metastore function (ms): {isCompatibleWith_(Configuration)=0, getDatabase_(String)=0, flushCache_()=0}
2024-05-01T14:27:50,841  INFO [main] ql.Driver: Completed compiling command(queryId=alex_20240501142750_cd31aaf8-ee22-4975-a287-47117cd9f8df); Time taken: 0.0 seconds
2024-05-01T14:27:50,841  INFO [main] reexec.ReExecDriver: Execution #1 of query
2024-05-01T14:27:50,841  INFO [main] ql.Driver: Concurrency mode is disabled, not creating a lock manager
2024-05-01T14:27:50,841  INFO [main] ql.Driver: Executing command(queryId=alex_20240501142750_cd31aaf8-ee22-4975-a287-47117cd9f8df): use default
2024-05-01T14:27:50,841  INFO [main] ql.Driver: Starting task [Stage-0:DDL] in serial mode
2024-05-01T14:27:50,841  INFO [main] HiveMetaStore.audit: ugi=alex	ip=unknown-ip-addr	cmd=get_database: default	
2024-05-01T14:27:50,842  INFO [main] HiveMetaStore.audit: ugi=alex	ip=unknown-ip-addr	cmd=get_database: default	
2024-05-01T14:27:50,843  INFO [main] metadata.Hive: Dumping metastore api call timing information for : execution phase
2024-05-01T14:27:50,843  INFO [main] metadata.Hive: Total time spent in each metastore function (ms): {isCompatibleWith_(Configuration)=0, getDatabase_(String)=1}
2024-05-01T14:27:50,843  INFO [main] ql.Driver: Completed executing command(queryId=alex_20240501142750_cd31aaf8-ee22-4975-a287-47117cd9f8df); Time taken: 0.001 seconds
2024-05-01T14:27:50,843  INFO [main] ql.Driver: Compiling command(queryId=alex_20240501142750_cd31aaf8-ee22-4975-a287-47117cd9f8df): create table employee(emp_id INT, emp_name STRING, emp_start_date STRING , emp_gender STRING) partitioned by (emp_country STRING , emp_state STRING) stored as PARQUETFILE TBLPROPERTIES ('transactional'='false')
2024-05-01T14:27:50,844  INFO [main] parse.CalcitePlanner: Starting caching scope for: alex_20240501142750_cd31aaf8-ee22-4975-a287-47117cd9f8df
2024-05-01T14:27:50,844  INFO [main] parse.CalcitePlanner: Starting Semantic Analysis
2024-05-01T14:27:50,844  INFO [main] sqlstd.SQLStdHiveAccessController: Created SQLStdHiveAccessController for session context : HiveAuthzSessionContext [sessionString=bcc60df5-8d38-482d-9a39-c732f12f561e, clientType=HIVECLI]
2024-05-01T14:27:50,844  INFO [main] metastore.HiveMetaStoreClient: Mestastore configuration metastore.filter.hook changed from org.apache.hadoop.hive.metastore.DefaultMetaStoreFilterHookImpl to org.apache.hadoop.hive.ql.security.authorization.plugin.AuthorizationMetaStoreFilterHook
2024-05-01T14:27:50,844  INFO [main] HiveMetaStore.audit: ugi=alex	ip=unknown-ip-addr	cmd=Cleaning up thread local RawStore...	
2024-05-01T14:27:50,844  INFO [main] metastore.ObjectStore: RawStore: org.apache.hadoop.hive.metastore.ObjectStore@65e2b654, with PersistenceManager: org.datanucleus.api.jdo.JDOPersistenceManager@2c8561a9 will be shutdown
2024-05-01T14:27:50,844  INFO [main] HiveMetaStore.audit: ugi=alex	ip=unknown-ip-addr	cmd=Done cleaning up thread local RawStore	
2024-05-01T14:27:50,844  INFO [main] metastore.HiveMetaStoreClient: Closed a connection to metastore, current connections: -92
2024-05-01T14:27:50,845  INFO [main] metastore.HiveMetaStoreClient: HMS client filtering is enabled.
2024-05-01T14:27:50,846  INFO [main] metastore.HMSHandler: 0: Opening raw store with implementation class:org.apache.hadoop.hive.metastore.ObjectStore
2024-05-01T14:27:50,846  INFO [main] metastore.PersistenceManagerProvider: Configuration datanucleus.autoStartMechanismMode is not set. Defaulting to 'ignored'
2024-05-01T14:27:50,846  INFO [main] metastore.ObjectStore: RawStore: org.apache.hadoop.hive.metastore.ObjectStore@2c7e91c0, with PersistenceManager: null will be shutdown
2024-05-01T14:27:50,846  INFO [main] metastore.ObjectStore: RawStore: org.apache.hadoop.hive.metastore.ObjectStore@2c7e91c0, with PersistenceManager: org.datanucleus.api.jdo.JDOPersistenceManager@5a29518d created in the thread with id: 1
2024-05-01T14:27:50,848  INFO [main] metastore.HMSHandler: Created RawStore: org.apache.hadoop.hive.metastore.ObjectStore@2c7e91c0 from thread id: 1
2024-05-01T14:27:50,848  INFO [main] metastore.HMSHandler: HMS server filtering is disabled by configuration
2024-05-01T14:27:50,848  INFO [main] metastore.RetryingMetaStoreClient: RetryingMetaStoreClient proxy=class org.apache.hadoop.hive.ql.metadata.SessionHiveMetaStoreClient ugi=alex (auth:SIMPLE) retries=1 delay=1 lifetime=0
2024-05-01T14:27:50,848  INFO [main] parse.CalcitePlanner: Creating table default.employee position=13
2024-05-01T14:27:50,849  INFO [main] metastore.HiveMetaStoreClient: HMS client filtering is enabled.
2024-05-01T14:27:50,849  INFO [main] metastore.PersistenceManagerProvider: Configuration datanucleus.autoStartMechanismMode is not set. Defaulting to 'ignored'
2024-05-01T14:27:50,849  INFO [main] metastore.ObjectStore: RawStore: org.apache.hadoop.hive.metastore.ObjectStore@2c7e91c0, with PersistenceManager: org.datanucleus.api.jdo.JDOPersistenceManager@5a29518d will be shutdown
2024-05-01T14:27:50,849  INFO [main] metastore.ObjectStore: RawStore: org.apache.hadoop.hive.metastore.ObjectStore@2c7e91c0, with PersistenceManager: org.datanucleus.api.jdo.JDOPersistenceManager@5e7d4393 created in the thread with id: 1
2024-05-01T14:27:50,851  INFO [main] metastore.HMSHandler: HMS server filtering is disabled by configuration
2024-05-01T14:27:50,851  INFO [main] metastore.RetryingMetaStoreClient: RetryingMetaStoreClient proxy=class org.apache.hadoop.hive.ql.metadata.SessionHiveMetaStoreClient ugi=alex (auth:SIMPLE) retries=1 delay=1 lifetime=0
2024-05-01T14:27:50,851  INFO [main] HiveMetaStore.audit: ugi=alex	ip=unknown-ip-addr	cmd=get_database: default	
2024-05-01T14:27:50,851  INFO [main] parse.CalcitePlanner: Ending caching scope for: alex_20240501142750_cd31aaf8-ee22-4975-a287-47117cd9f8df
2024-05-01T14:27:50,851  INFO [main] ql.Driver: Semantic Analysis Completed (retrial = false)
2024-05-01T14:27:50,851  INFO [main] ql.Driver: Created Hive schema: Schema(fieldSchemas:null, properties:null)
2024-05-01T14:27:50,851  INFO [main] metadata.Hive: Dumping metastore api call timing information for : compilation phase
2024-05-01T14:27:50,851  INFO [main] metadata.Hive: Total time spent in each metastore function (ms): {}
2024-05-01T14:27:50,851  INFO [main] ql.Driver: Completed compiling command(queryId=alex_20240501142750_cd31aaf8-ee22-4975-a287-47117cd9f8df); Time taken: 0.008 seconds
2024-05-01T14:27:50,852  INFO [main] reexec.ReExecDriver: Execution #1 of query
2024-05-01T14:27:50,852  INFO [main] ql.Driver: Concurrency mode is disabled, not creating a lock manager
2024-05-01T14:27:50,852  INFO [main] ql.Driver: Executing command(queryId=alex_20240501142750_cd31aaf8-ee22-4975-a287-47117cd9f8df): create table employee(emp_id INT, emp_name STRING, emp_start_date STRING , emp_gender STRING) partitioned by (emp_country STRING , emp_state STRING) stored as PARQUETFILE TBLPROPERTIES ('transactional'='false')
2024-05-01T14:27:50,852  INFO [main] ql.Driver: Starting task [Stage-0:DDL] in serial mode
2024-05-01T14:27:50,852  INFO [main] metastore.HiveMetaStoreClient: Mestastore configuration metastore.filter.hook changed from org.apache.hadoop.hive.ql.security.authorization.plugin.AuthorizationMetaStoreFilterHook to org.apache.hadoop.hive.metastore.DefaultMetaStoreFilterHookImpl
2024-05-01T14:27:50,852  INFO [main] HiveMetaStore.audit: ugi=alex	ip=unknown-ip-addr	cmd=Cleaning up thread local RawStore...	
2024-05-01T14:27:50,852  INFO [main] metastore.ObjectStore: RawStore: org.apache.hadoop.hive.metastore.ObjectStore@2c7e91c0, with PersistenceManager: org.datanucleus.api.jdo.JDOPersistenceManager@5e7d4393 will be shutdown
2024-05-01T14:27:50,852  INFO [main] HiveMetaStore.audit: ugi=alex	ip=unknown-ip-addr	cmd=Done cleaning up thread local RawStore	
2024-05-01T14:27:50,852  INFO [main] metastore.HiveMetaStoreClient: Closed a connection to metastore, current connections: -93
2024-05-01T14:27:50,853  INFO [main] metastore.HiveMetaStoreClient: HMS client filtering is enabled.
2024-05-01T14:27:50,853  INFO [main] metastore.HMSHandler: 0: Opening raw store with implementation class:org.apache.hadoop.hive.metastore.ObjectStore
2024-05-01T14:27:50,853  INFO [main] metastore.PersistenceManagerProvider: Configuration datanucleus.autoStartMechanismMode is not set. Defaulting to 'ignored'
2024-05-01T14:27:50,853  INFO [main] metastore.ObjectStore: RawStore: org.apache.hadoop.hive.metastore.ObjectStore@76e8f0ff, with PersistenceManager: null will be shutdown
2024-05-01T14:27:50,854  INFO [main] metastore.ObjectStore: RawStore: org.apache.hadoop.hive.metastore.ObjectStore@76e8f0ff, with PersistenceManager: org.datanucleus.api.jdo.JDOPersistenceManager@7ddce5d0 created in the thread with id: 1
2024-05-01T14:27:50,855  INFO [main] metastore.HMSHandler: Created RawStore: org.apache.hadoop.hive.metastore.ObjectStore@76e8f0ff from thread id: 1
2024-05-01T14:27:50,855  INFO [main] metastore.HMSHandler: HMS server filtering is disabled by configuration
2024-05-01T14:27:50,855  INFO [main] metastore.RetryingMetaStoreClient: RetryingMetaStoreClient proxy=class org.apache.hadoop.hive.ql.metadata.SessionHiveMetaStoreClient ugi=alex (auth:SIMPLE) retries=1 delay=1 lifetime=0
2024-05-01T14:27:50,855  INFO [main] HiveMetaStore.audit: ugi=alex	ip=unknown-ip-addr	cmd=create_table_req: Table(tableName:employee, dbName:default, owner:alex, createTime:1714598870, lastAccessTime:0, retention:0, sd:StorageDescriptor(cols:[FieldSchema(name:emp_id, type:int, comment:null), FieldSchema(name:emp_name, type:string, comment:null), FieldSchema(name:emp_start_date, type:string, comment:null), FieldSchema(name:emp_gender, type:string, comment:null)], location:null, inputFormat:org.apache.hadoop.hive.ql.io.parquet.MapredParquetInputFormat, outputFormat:org.apache.hadoop.hive.ql.io.parquet.MapredParquetOutputFormat, compressed:false, numBuckets:-1, serdeInfo:SerDeInfo(name:null, serializationLib:org.apache.hadoop.hive.ql.io.parquet.serde.ParquetHiveSerDe, parameters:{serialization.format=1}), bucketCols:[], sortCols:[], parameters:{}, skewedInfo:SkewedInfo(skewedColNames:[], skewedColValues:[], skewedColValueLocationMaps:{}), storedAsSubDirectories:false), partitionKeys:[FieldSchema(name:emp_country, type:string, comment:null), FieldSchema(name:emp_state, type:string, comment:null)], parameters:{bucketing_version=2, transactional=false}, viewOriginalText:null, viewExpandedText:null, tableType:MANAGED_TABLE, privileges:PrincipalPrivilegeSet(userPrivileges:{alex=[PrivilegeGrantInfo(privilege:INSERT, createTime:-1, grantor:alex, grantorType:USER, grantOption:true), PrivilegeGrantInfo(privilege:SELECT, createTime:-1, grantor:alex, grantorType:USER, grantOption:true), PrivilegeGrantInfo(privilege:UPDATE, createTime:-1, grantor:alex, grantorType:USER, grantOption:true), PrivilegeGrantInfo(privilege:DELETE, createTime:-1, grantor:alex, grantorType:USER, grantOption:true)]}, groupPrivileges:null, rolePrivileges:null), temporary:false, catName:hive, ownerType:USER)	
2024-05-01T14:27:50,856  INFO [main] utils.FileUtils: Creating directory if it doesn't exist: file:/home/alex/Repositories/hive/hcatalog/hcatalog-pig-adapter/build/test/data/org.apache.hive.hcatalog.mapreduce.HCatBaseTest-1714598801630/warehouse/employee
2024-05-01T14:27:50,868  INFO [main] metadata.Hive: Dumping metastore api call timing information for : execution phase
2024-05-01T14:27:50,868  INFO [main] metadata.Hive: Total time spent in each metastore function (ms): {createTable_(Table)=13}
2024-05-01T14:27:50,868  INFO [main] ql.Driver: Completed executing command(queryId=alex_20240501142750_cd31aaf8-ee22-4975-a287-47117cd9f8df); Time taken: 0.016 seconds
2024-05-01T14:27:50,895  INFO [main] executionengine.HExecutionEngine: Connecting to hadoop file system at: file:///
2024-05-01T14:27:50,896  INFO [main] pig.PigServer: Pig Script ID for the session: PIG-default-abb9dba4-53ce-4436-ad66-f4f95dcdb2f8
2024-05-01T14:27:50,997  WARN [main] conf.HiveConf: HiveConf of name hive.llap.io.cache.orc.size does not exist
2024-05-01T14:27:50,997  WARN [main] conf.HiveConf: HiveConf of name hive.dummyparam.test.server.specific.config.override does not exist
2024-05-01T14:27:50,997  WARN [main] conf.HiveConf: HiveConf of name hive.metastore.metadb.dir does not exist
2024-05-01T14:27:50,997  WARN [main] conf.HiveConf: HiveConf of name hive.llap.io.cache.orc.alloc.min does not exist
2024-05-01T14:27:50,997  WARN [main] conf.HiveConf: HiveConf of name hive.dummyparam.test.server.specific.config.hivesite does not exist
2024-05-01T14:27:50,997  WARN [main] conf.HiveConf: HiveConf of name hive.llap.io.cache.orc.alloc.max does not exist
2024-05-01T14:27:50,997  WARN [main] conf.HiveConf: HiveConf of name hive.metastore.client.cache.maxSize does not exist
2024-05-01T14:27:50,997  WARN [main] conf.HiveConf: HiveConf of name hive.dummyparam.test.server.specific.config.metastoresite does not exist
2024-05-01T14:27:50,997  WARN [main] conf.HiveConf: HiveConf of name hive.metastore.client.cache.recordStats does not exist
2024-05-01T14:27:50,997  WARN [main] conf.HiveConf: HiveConf of name hive.llap.io.cache.orc.arena.size does not exist
2024-05-01T14:27:50,997  WARN [main] conf.HiveConf: HiveConf of name hive.stats.key.prefix.reserve.length does not exist
2024-05-01T14:27:50,997  INFO [main] common.HCatUtil: mapreduce.lib.hcatoutput.hive.conf not set. Generating configuration differences.
2024-05-01T14:27:50,998  INFO [main] common.HCatUtil: Configuration differences={datanucleus.connectionPool.maxPoolSize=4, hive.llap.io.cache.orc.alloc.max=2097152, javax.jdo.option.ConnectionUserName=APP, test.property1=value1, hive.stats.column.autogather=true, hive.query.results.cache.enabled=false, fs.pfile.impl=org.apache.hadoop.fs.ProxyLocalFileSystem, hive.querylog.location=${test.tmp.dir}/tmp, hive.metastore.rawstore.impl=org.apache.hadoop.hive.metastore.ObjectStore, hive.llap.io.use.lrfu=true, javax.jdo.option.ConnectionPassword=mine, hive.jar.path=${maven.local.repository}/org/apache/hive/hive-exec/${hive.version}/hive-exec-${hive.version}.jar, hive.default.rcfile.serde=org.apache.hadoop.hive.serde2.columnar.ColumnarSerDe, datanucleus.schema.autoCreateAll=true, test.data.scripts=${hive.root}/data/scripts, hive.users.in.admin.role=hive_admin_user, hive.llap.io.cache.orc.size=8388608, test.var.hiveconf.property=${hive.exec.default.partition.name}, hive.dummyparam.test.server.specific.config.hivesite=from.hive-site.xml, hive.exec.mode.local.auto=false, hive.materializedview.rewriting=true, hive.dummyparam.test.server.specific.config.override=from.hive-site.xml, hive.fetch.task.conversion=minimal, hive.metastore.metadb.dir=file://${test.tmp.dir}/metadb/, hive.conf.restricted.list=dummy.config.value, hive.server2.operation.log.purgePolicy.timeToLive=5s, hive.query.reexecution.stats.persist.scope=query, hive.cbo.fallback.strategy=TEST, hive.input.format=org.apache.hadoop.hive.ql.io.CombineHiveInputFormat, hive.security.authorization.manager=org.apache.hadoop.hive.ql.security.authorization.plugin.sqlstd.SQLStdHiveAuthorizerFactoryForTest, test.data.files=${hive.root}/data/files, hive.metastore.client.cache.enabled=true, hive.stats.key.prefix.reserve.length=0, hive.exec.local.scratchdir=${test.tmp.dir}/localscratchdir/, hive.exec.submit.local.task.via.child=false, hive.auto.convert.join=false, hive.llap.io.cache.orc.alloc.min=32768, hive.stats.fetch.bitvector=true, hive.llap.io.allocator.direct=false, hive.metastore.schema.verification=false, javax.jdo.option.ConnectionDriverName=org.apache.derby.jdbc.EmbeddedDriver, hive.support.concurrency=true, hive.in.test=true, hive.metastore.warehouse.dir=${test.warehouse.dir}, hive.llap.io.cache.orc.arena.size=8388608, hive.exec.scratchdir=${test.tmp.dir}/scratchdir, test.log.dir=${test.tmp.dir}/log/, hive.exec.post.hooks=org.apache.hadoop.hive.ql.hooks.PostExecutePrinter, javax.jdo.option.ConnectionURL=jdbc:derby:memory:${test.tmp.dir}/junit_metastore_db;create=true, hive.llap.cache.allow.synthetic.fileid=true, hive.scheduled.queries.executor.enabled=false, hive.ignore.mapjoin.hint=false, hive.metastore.client.cache.maxSize=10Mb, hive.metastore.client.cache.recordStats=true, hive.mapjoin.max.gc.time.percentage=0.99, hive.test.dummystats.aggregator=value2, hive.exec.pre.hooks=org.apache.hadoop.hive.ql.hooks.PreExecutePrinter, org.apache.hadoop.hive.ql.hooks.EnforceReadOnlyTables, org.apache.hadoop.hive.ql.hooks.MaterializedViewRegistryPropertiesHook, iceberg.hive.keep.stats=true, hive.strict.timestamp.conversion=false}
2024-05-01T14:27:50,999  INFO [main] HiveMetaStore.audit: ugi=alex	ip=unknown-ip-addr	cmd=get_databases: @hive#NonExistentDatabaseUsedForHealthCheck	
2024-05-01T14:27:51,000  INFO [main] HiveMetaStore.audit: ugi=alex	ip=unknown-ip-addr	cmd=get_table : tbl=hive.default.employee	
2024-05-01T14:27:51,003  INFO [main] metastore.HMSHandler: Skipping translation for processor with null
2024-05-01T14:27:51,024  WARN [main] conf.HiveConf: HiveConf of name hive.llap.io.cache.orc.size does not exist
2024-05-01T14:27:51,025  WARN [main] conf.HiveConf: HiveConf of name hive.dummyparam.test.server.specific.config.override does not exist
2024-05-01T14:27:51,025  WARN [main] conf.HiveConf: HiveConf of name hive.metastore.metadb.dir does not exist
2024-05-01T14:27:51,025  WARN [main] conf.HiveConf: HiveConf of name hive.llap.io.cache.orc.alloc.min does not exist
2024-05-01T14:27:51,025  WARN [main] conf.HiveConf: HiveConf of name hive.dummyparam.test.server.specific.config.hivesite does not exist
2024-05-01T14:27:51,025  WARN [main] conf.HiveConf: HiveConf of name hive.llap.io.cache.orc.alloc.max does not exist
2024-05-01T14:27:51,025  WARN [main] conf.HiveConf: HiveConf of name hive.metastore.client.cache.maxSize does not exist
2024-05-01T14:27:51,025  WARN [main] conf.HiveConf: HiveConf of name hive.dummyparam.test.server.specific.config.metastoresite does not exist
2024-05-01T14:27:51,025  WARN [main] conf.HiveConf: HiveConf of name hive.metastore.client.cache.recordStats does not exist
2024-05-01T14:27:51,025  WARN [main] conf.HiveConf: HiveConf of name hive.llap.io.cache.orc.arena.size does not exist
2024-05-01T14:27:51,025  WARN [main] conf.HiveConf: HiveConf of name hive.stats.key.prefix.reserve.length does not exist
2024-05-01T14:27:51,025  INFO [main] common.HCatUtil: mapreduce.lib.hcatoutput.hive.conf is set. Applying configuration differences.
2024-05-01T14:27:51,026  INFO [main] HiveMetaStore.audit: ugi=alex	ip=unknown-ip-addr	cmd=get_databases: @hive#NonExistentDatabaseUsedForHealthCheck	
2024-05-01T14:27:51,043  WARN [main] conf.HiveConf: HiveConf of name hive.llap.io.cache.orc.size does not exist
2024-05-01T14:27:51,043  WARN [main] conf.HiveConf: HiveConf of name hive.dummyparam.test.server.specific.config.override does not exist
2024-05-01T14:27:51,043  WARN [main] conf.HiveConf: HiveConf of name hive.metastore.metadb.dir does not exist
2024-05-01T14:27:51,043  WARN [main] conf.HiveConf: HiveConf of name hive.llap.io.cache.orc.alloc.min does not exist
2024-05-01T14:27:51,043  WARN [main] conf.HiveConf: HiveConf of name hive.dummyparam.test.server.specific.config.hivesite does not exist
2024-05-01T14:27:51,043  WARN [main] conf.HiveConf: HiveConf of name hive.llap.io.cache.orc.alloc.max does not exist
2024-05-01T14:27:51,043  WARN [main] conf.HiveConf: HiveConf of name hive.metastore.client.cache.maxSize does not exist
2024-05-01T14:27:51,043  WARN [main] conf.HiveConf: HiveConf of name hive.dummyparam.test.server.specific.config.metastoresite does not exist
2024-05-01T14:27:51,043  WARN [main] conf.HiveConf: HiveConf of name hive.metastore.client.cache.recordStats does not exist
2024-05-01T14:27:51,043  WARN [main] conf.HiveConf: HiveConf of name hive.llap.io.cache.orc.arena.size does not exist
2024-05-01T14:27:51,043  WARN [main] conf.HiveConf: HiveConf of name hive.stats.key.prefix.reserve.length does not exist
2024-05-01T14:27:51,043  INFO [main] common.HCatUtil: mapreduce.lib.hcatoutput.hive.conf not set. Generating configuration differences.
2024-05-01T14:27:51,044  INFO [main] common.HCatUtil: Configuration differences={datanucleus.connectionPool.maxPoolSize=4, hive.llap.io.cache.orc.alloc.max=2097152, javax.jdo.option.ConnectionUserName=APP, test.property1=value1, hive.stats.column.autogather=true, hive.query.results.cache.enabled=false, fs.pfile.impl=org.apache.hadoop.fs.ProxyLocalFileSystem, hive.querylog.location=${test.tmp.dir}/tmp, hive.metastore.rawstore.impl=org.apache.hadoop.hive.metastore.ObjectStore, hive.llap.io.use.lrfu=true, javax.jdo.option.ConnectionPassword=mine, hive.jar.path=${maven.local.repository}/org/apache/hive/hive-exec/${hive.version}/hive-exec-${hive.version}.jar, hive.default.rcfile.serde=org.apache.hadoop.hive.serde2.columnar.ColumnarSerDe, datanucleus.schema.autoCreateAll=true, test.data.scripts=${hive.root}/data/scripts, hive.users.in.admin.role=hive_admin_user, hive.llap.io.cache.orc.size=8388608, test.var.hiveconf.property=${hive.exec.default.partition.name}, hive.dummyparam.test.server.specific.config.hivesite=from.hive-site.xml, hive.exec.mode.local.auto=false, hive.materializedview.rewriting=true, hive.dummyparam.test.server.specific.config.override=from.hive-site.xml, hive.fetch.task.conversion=minimal, hive.metastore.metadb.dir=file://${test.tmp.dir}/metadb/, hive.conf.restricted.list=dummy.config.value, hive.server2.operation.log.purgePolicy.timeToLive=5s, hive.query.reexecution.stats.persist.scope=query, hive.cbo.fallback.strategy=TEST, hive.input.format=org.apache.hadoop.hive.ql.io.CombineHiveInputFormat, hive.security.authorization.manager=org.apache.hadoop.hive.ql.security.authorization.plugin.sqlstd.SQLStdHiveAuthorizerFactoryForTest, test.data.files=${hive.root}/data/files, hive.metastore.client.cache.enabled=true, hive.stats.key.prefix.reserve.length=0, hive.exec.local.scratchdir=${test.tmp.dir}/localscratchdir/, hive.exec.submit.local.task.via.child=false, hive.auto.convert.join=false, hive.llap.io.cache.orc.alloc.min=32768, hive.stats.fetch.bitvector=true, hive.llap.io.allocator.direct=false, hive.metastore.schema.verification=false, javax.jdo.option.ConnectionDriverName=org.apache.derby.jdbc.EmbeddedDriver, hive.support.concurrency=true, hive.in.test=true, hive.metastore.warehouse.dir=${test.warehouse.dir}, hive.llap.io.cache.orc.arena.size=8388608, hive.exec.scratchdir=${test.tmp.dir}/scratchdir, test.log.dir=${test.tmp.dir}/log/, hive.exec.post.hooks=org.apache.hadoop.hive.ql.hooks.PostExecutePrinter, javax.jdo.option.ConnectionURL=jdbc:derby:memory:${test.tmp.dir}/junit_metastore_db;create=true, hive.llap.cache.allow.synthetic.fileid=true, hive.scheduled.queries.executor.enabled=false, hive.ignore.mapjoin.hint=false, hive.metastore.client.cache.maxSize=10Mb, hive.metastore.client.cache.recordStats=true, hive.mapjoin.max.gc.time.percentage=0.99, hive.test.dummystats.aggregator=value2, hive.exec.pre.hooks=org.apache.hadoop.hive.ql.hooks.PreExecutePrinter, org.apache.hadoop.hive.ql.hooks.EnforceReadOnlyTables, org.apache.hadoop.hive.ql.hooks.MaterializedViewRegistryPropertiesHook, iceberg.hive.keep.stats=true, hive.strict.timestamp.conversion=false}
2024-05-01T14:27:51,046  INFO [main] HiveMetaStore.audit: ugi=alex	ip=unknown-ip-addr	cmd=get_databases: @hive#NonExistentDatabaseUsedForHealthCheck	
2024-05-01T14:27:51,047  INFO [main] HiveMetaStore.audit: ugi=alex	ip=unknown-ip-addr	cmd=get_table : tbl=hive.default.employee	
2024-05-01T14:27:51,050  INFO [main] metastore.HMSHandler: Skipping translation for processor with null
2024-05-01T14:27:51,071  WARN [main] conf.HiveConf: HiveConf of name hive.llap.io.cache.orc.size does not exist
2024-05-01T14:27:51,071  WARN [main] conf.HiveConf: HiveConf of name hive.dummyparam.test.server.specific.config.override does not exist
2024-05-01T14:27:51,071  WARN [main] conf.HiveConf: HiveConf of name hive.metastore.metadb.dir does not exist
2024-05-01T14:27:51,071  WARN [main] conf.HiveConf: HiveConf of name hive.llap.io.cache.orc.alloc.min does not exist
2024-05-01T14:27:51,071  WARN [main] conf.HiveConf: HiveConf of name hive.dummyparam.test.server.specific.config.hivesite does not exist
2024-05-01T14:27:51,071  WARN [main] conf.HiveConf: HiveConf of name hive.llap.io.cache.orc.alloc.max does not exist
2024-05-01T14:27:51,071  WARN [main] conf.HiveConf: HiveConf of name hive.metastore.client.cache.maxSize does not exist
2024-05-01T14:27:51,071  WARN [main] conf.HiveConf: HiveConf of name hive.dummyparam.test.server.specific.config.metastoresite does not exist
2024-05-01T14:27:51,071  WARN [main] conf.HiveConf: HiveConf of name hive.metastore.client.cache.recordStats does not exist
2024-05-01T14:27:51,071  WARN [main] conf.HiveConf: HiveConf of name hive.llap.io.cache.orc.arena.size does not exist
2024-05-01T14:27:51,071  WARN [main] conf.HiveConf: HiveConf of name hive.stats.key.prefix.reserve.length does not exist
2024-05-01T14:27:51,072  INFO [main] common.HCatUtil: mapreduce.lib.hcatoutput.hive.conf is set. Applying configuration differences.
2024-05-01T14:27:51,072  INFO [main] HiveMetaStore.audit: ugi=alex	ip=unknown-ip-addr	cmd=get_databases: @hive#NonExistentDatabaseUsedForHealthCheck	
2024-05-01T14:27:51,089  WARN [main] conf.HiveConf: HiveConf of name hive.llap.io.cache.orc.size does not exist
2024-05-01T14:27:51,089  WARN [main] conf.HiveConf: HiveConf of name hive.dummyparam.test.server.specific.config.override does not exist
2024-05-01T14:27:51,089  WARN [main] conf.HiveConf: HiveConf of name hive.metastore.metadb.dir does not exist
2024-05-01T14:27:51,089  WARN [main] conf.HiveConf: HiveConf of name hive.llap.io.cache.orc.alloc.min does not exist
2024-05-01T14:27:51,089  WARN [main] conf.HiveConf: HiveConf of name hive.dummyparam.test.server.specific.config.hivesite does not exist
2024-05-01T14:27:51,089  WARN [main] conf.HiveConf: HiveConf of name hive.llap.io.cache.orc.alloc.max does not exist
2024-05-01T14:27:51,089  WARN [main] conf.HiveConf: HiveConf of name hive.metastore.client.cache.maxSize does not exist
2024-05-01T14:27:51,089  WARN [main] conf.HiveConf: HiveConf of name hive.dummyparam.test.server.specific.config.metastoresite does not exist
2024-05-01T14:27:51,089  WARN [main] conf.HiveConf: HiveConf of name hive.metastore.client.cache.recordStats does not exist
2024-05-01T14:27:51,089  WARN [main] conf.HiveConf: HiveConf of name hive.llap.io.cache.orc.arena.size does not exist
2024-05-01T14:27:51,089  WARN [main] conf.HiveConf: HiveConf of name hive.stats.key.prefix.reserve.length does not exist
2024-05-01T14:27:51,089  INFO [main] common.HCatUtil: mapreduce.lib.hcatoutput.hive.conf not set. Generating configuration differences.
2024-05-01T14:27:51,090  INFO [main] common.HCatUtil: Configuration differences={datanucleus.connectionPool.maxPoolSize=4, hive.llap.io.cache.orc.alloc.max=2097152, javax.jdo.option.ConnectionUserName=APP, test.property1=value1, hive.stats.column.autogather=true, hive.query.results.cache.enabled=false, fs.pfile.impl=org.apache.hadoop.fs.ProxyLocalFileSystem, hive.querylog.location=${test.tmp.dir}/tmp, hive.metastore.rawstore.impl=org.apache.hadoop.hive.metastore.ObjectStore, hive.llap.io.use.lrfu=true, javax.jdo.option.ConnectionPassword=mine, hive.jar.path=${maven.local.repository}/org/apache/hive/hive-exec/${hive.version}/hive-exec-${hive.version}.jar, hive.default.rcfile.serde=org.apache.hadoop.hive.serde2.columnar.ColumnarSerDe, datanucleus.schema.autoCreateAll=true, test.data.scripts=${hive.root}/data/scripts, hive.users.in.admin.role=hive_admin_user, hive.llap.io.cache.orc.size=8388608, test.var.hiveconf.property=${hive.exec.default.partition.name}, hive.dummyparam.test.server.specific.config.hivesite=from.hive-site.xml, hive.exec.mode.local.auto=false, hive.materializedview.rewriting=true, hive.dummyparam.test.server.specific.config.override=from.hive-site.xml, hive.fetch.task.conversion=minimal, hive.metastore.metadb.dir=file://${test.tmp.dir}/metadb/, hive.conf.restricted.list=dummy.config.value, hive.server2.operation.log.purgePolicy.timeToLive=5s, hive.query.reexecution.stats.persist.scope=query, hive.cbo.fallback.strategy=TEST, hive.input.format=org.apache.hadoop.hive.ql.io.CombineHiveInputFormat, hive.security.authorization.manager=org.apache.hadoop.hive.ql.security.authorization.plugin.sqlstd.SQLStdHiveAuthorizerFactoryForTest, test.data.files=${hive.root}/data/files, hive.metastore.client.cache.enabled=true, hive.stats.key.prefix.reserve.length=0, hive.exec.local.scratchdir=${test.tmp.dir}/localscratchdir/, hive.exec.submit.local.task.via.child=false, hive.auto.convert.join=false, hive.llap.io.cache.orc.alloc.min=32768, hive.stats.fetch.bitvector=true, hive.llap.io.allocator.direct=false, hive.metastore.schema.verification=false, javax.jdo.option.ConnectionDriverName=org.apache.derby.jdbc.EmbeddedDriver, hive.support.concurrency=true, hive.in.test=true, hive.metastore.warehouse.dir=${test.warehouse.dir}, hive.llap.io.cache.orc.arena.size=8388608, hive.exec.scratchdir=${test.tmp.dir}/scratchdir, test.log.dir=${test.tmp.dir}/log/, hive.exec.post.hooks=org.apache.hadoop.hive.ql.hooks.PostExecutePrinter, javax.jdo.option.ConnectionURL=jdbc:derby:memory:${test.tmp.dir}/junit_metastore_db;create=true, hive.llap.cache.allow.synthetic.fileid=true, hive.scheduled.queries.executor.enabled=false, hive.ignore.mapjoin.hint=false, hive.metastore.client.cache.maxSize=10Mb, hive.metastore.client.cache.recordStats=true, hive.mapjoin.max.gc.time.percentage=0.99, hive.test.dummystats.aggregator=value2, hive.exec.pre.hooks=org.apache.hadoop.hive.ql.hooks.PreExecutePrinter, org.apache.hadoop.hive.ql.hooks.EnforceReadOnlyTables, org.apache.hadoop.hive.ql.hooks.MaterializedViewRegistryPropertiesHook, iceberg.hive.keep.stats=true, hive.strict.timestamp.conversion=false}
2024-05-01T14:27:51,091  INFO [main] HiveMetaStore.audit: ugi=alex	ip=unknown-ip-addr	cmd=get_databases: @hive#NonExistentDatabaseUsedForHealthCheck	
2024-05-01T14:27:51,092  INFO [main] HiveMetaStore.audit: ugi=alex	ip=unknown-ip-addr	cmd=get_table : tbl=hive.default.employee	
2024-05-01T14:27:51,097  INFO [main] metastore.HMSHandler: Skipping translation for processor with null
2024-05-01T14:27:51,119  WARN [main] conf.HiveConf: HiveConf of name hive.llap.io.cache.orc.size does not exist
2024-05-01T14:27:51,119  WARN [main] conf.HiveConf: HiveConf of name hive.dummyparam.test.server.specific.config.override does not exist
2024-05-01T14:27:51,119  WARN [main] conf.HiveConf: HiveConf of name hive.metastore.metadb.dir does not exist
2024-05-01T14:27:51,119  WARN [main] conf.HiveConf: HiveConf of name hive.llap.io.cache.orc.alloc.min does not exist
2024-05-01T14:27:51,119  WARN [main] conf.HiveConf: HiveConf of name hive.dummyparam.test.server.specific.config.hivesite does not exist
2024-05-01T14:27:51,119  WARN [main] conf.HiveConf: HiveConf of name hive.llap.io.cache.orc.alloc.max does not exist
2024-05-01T14:27:51,119  WARN [main] conf.HiveConf: HiveConf of name hive.metastore.client.cache.maxSize does not exist
2024-05-01T14:27:51,119  WARN [main] conf.HiveConf: HiveConf of name hive.dummyparam.test.server.specific.config.metastoresite does not exist
2024-05-01T14:27:51,119  WARN [main] conf.HiveConf: HiveConf of name hive.metastore.client.cache.recordStats does not exist
2024-05-01T14:27:51,119  WARN [main] conf.HiveConf: HiveConf of name hive.llap.io.cache.orc.arena.size does not exist
2024-05-01T14:27:51,119  WARN [main] conf.HiveConf: HiveConf of name hive.stats.key.prefix.reserve.length does not exist
2024-05-01T14:27:51,119  INFO [main] common.HCatUtil: mapreduce.lib.hcatoutput.hive.conf is set. Applying configuration differences.
2024-05-01T14:27:51,119  INFO [main] HiveMetaStore.audit: ugi=alex	ip=unknown-ip-addr	cmd=get_databases: @hive#NonExistentDatabaseUsedForHealthCheck	
2024-05-01T14:27:51,136  WARN [main] conf.HiveConf: HiveConf of name hive.llap.io.cache.orc.size does not exist
2024-05-01T14:27:51,136  WARN [main] conf.HiveConf: HiveConf of name hive.dummyparam.test.server.specific.config.override does not exist
2024-05-01T14:27:51,136  WARN [main] conf.HiveConf: HiveConf of name hive.metastore.metadb.dir does not exist
2024-05-01T14:27:51,136  WARN [main] conf.HiveConf: HiveConf of name hive.llap.io.cache.orc.alloc.min does not exist
2024-05-01T14:27:51,136  WARN [main] conf.HiveConf: HiveConf of name hive.dummyparam.test.server.specific.config.hivesite does not exist
2024-05-01T14:27:51,136  WARN [main] conf.HiveConf: HiveConf of name hive.llap.io.cache.orc.alloc.max does not exist
2024-05-01T14:27:51,136  WARN [main] conf.HiveConf: HiveConf of name hive.metastore.client.cache.maxSize does not exist
2024-05-01T14:27:51,136  WARN [main] conf.HiveConf: HiveConf of name hive.dummyparam.test.server.specific.config.metastoresite does not exist
2024-05-01T14:27:51,136  WARN [main] conf.HiveConf: HiveConf of name hive.metastore.client.cache.recordStats does not exist
2024-05-01T14:27:51,136  WARN [main] conf.HiveConf: HiveConf of name hive.llap.io.cache.orc.arena.size does not exist
2024-05-01T14:27:51,137  WARN [main] conf.HiveConf: HiveConf of name hive.stats.key.prefix.reserve.length does not exist
2024-05-01T14:27:51,137  INFO [main] common.HCatUtil: mapreduce.lib.hcatoutput.hive.conf not set. Generating configuration differences.
2024-05-01T14:27:51,137  INFO [main] common.HCatUtil: Configuration differences={datanucleus.connectionPool.maxPoolSize=4, hive.llap.io.cache.orc.alloc.max=2097152, javax.jdo.option.ConnectionUserName=APP, test.property1=value1, hive.stats.column.autogather=true, hive.query.results.cache.enabled=false, fs.pfile.impl=org.apache.hadoop.fs.ProxyLocalFileSystem, hive.querylog.location=${test.tmp.dir}/tmp, hive.metastore.rawstore.impl=org.apache.hadoop.hive.metastore.ObjectStore, hive.llap.io.use.lrfu=true, javax.jdo.option.ConnectionPassword=mine, hive.jar.path=${maven.local.repository}/org/apache/hive/hive-exec/${hive.version}/hive-exec-${hive.version}.jar, hive.default.rcfile.serde=org.apache.hadoop.hive.serde2.columnar.ColumnarSerDe, datanucleus.schema.autoCreateAll=true, test.data.scripts=${hive.root}/data/scripts, hive.users.in.admin.role=hive_admin_user, hive.llap.io.cache.orc.size=8388608, test.var.hiveconf.property=${hive.exec.default.partition.name}, hive.dummyparam.test.server.specific.config.hivesite=from.hive-site.xml, hive.exec.mode.local.auto=false, hive.materializedview.rewriting=true, hive.dummyparam.test.server.specific.config.override=from.hive-site.xml, hive.fetch.task.conversion=minimal, hive.metastore.metadb.dir=file://${test.tmp.dir}/metadb/, hive.conf.restricted.list=dummy.config.value, hive.server2.operation.log.purgePolicy.timeToLive=5s, hive.query.reexecution.stats.persist.scope=query, hive.cbo.fallback.strategy=TEST, hive.input.format=org.apache.hadoop.hive.ql.io.CombineHiveInputFormat, hive.security.authorization.manager=org.apache.hadoop.hive.ql.security.authorization.plugin.sqlstd.SQLStdHiveAuthorizerFactoryForTest, test.data.files=${hive.root}/data/files, hive.metastore.client.cache.enabled=true, hive.stats.key.prefix.reserve.length=0, hive.exec.local.scratchdir=${test.tmp.dir}/localscratchdir/, hive.exec.submit.local.task.via.child=false, hive.auto.convert.join=false, hive.llap.io.cache.orc.alloc.min=32768, hive.stats.fetch.bitvector=true, hive.llap.io.allocator.direct=false, hive.metastore.schema.verification=false, javax.jdo.option.ConnectionDriverName=org.apache.derby.jdbc.EmbeddedDriver, hive.support.concurrency=true, hive.in.test=true, hive.metastore.warehouse.dir=${test.warehouse.dir}, hive.llap.io.cache.orc.arena.size=8388608, hive.exec.scratchdir=${test.tmp.dir}/scratchdir, test.log.dir=${test.tmp.dir}/log/, hive.exec.post.hooks=org.apache.hadoop.hive.ql.hooks.PostExecutePrinter, javax.jdo.option.ConnectionURL=jdbc:derby:memory:${test.tmp.dir}/junit_metastore_db;create=true, hive.llap.cache.allow.synthetic.fileid=true, hive.scheduled.queries.executor.enabled=false, hive.ignore.mapjoin.hint=false, hive.metastore.client.cache.maxSize=10Mb, hive.metastore.client.cache.recordStats=true, hive.mapjoin.max.gc.time.percentage=0.99, hive.test.dummystats.aggregator=value2, hive.exec.pre.hooks=org.apache.hadoop.hive.ql.hooks.PreExecutePrinter, org.apache.hadoop.hive.ql.hooks.EnforceReadOnlyTables, org.apache.hadoop.hive.ql.hooks.MaterializedViewRegistryPropertiesHook, iceberg.hive.keep.stats=true, hive.strict.timestamp.conversion=false}
2024-05-01T14:27:51,138  INFO [main] HiveMetaStore.audit: ugi=alex	ip=unknown-ip-addr	cmd=get_databases: @hive#NonExistentDatabaseUsedForHealthCheck	
2024-05-01T14:27:51,139  INFO [main] HiveMetaStore.audit: ugi=alex	ip=unknown-ip-addr	cmd=get_table : tbl=hive.default.employee	
2024-05-01T14:27:51,143  INFO [main] metastore.HMSHandler: Skipping translation for processor with null
2024-05-01T14:27:51,165  WARN [main] conf.HiveConf: HiveConf of name hive.llap.io.cache.orc.size does not exist
2024-05-01T14:27:51,165  WARN [main] conf.HiveConf: HiveConf of name hive.dummyparam.test.server.specific.config.override does not exist
2024-05-01T14:27:51,165  WARN [main] conf.HiveConf: HiveConf of name hive.metastore.metadb.dir does not exist
2024-05-01T14:27:51,166  WARN [main] conf.HiveConf: HiveConf of name hive.llap.io.cache.orc.alloc.min does not exist
2024-05-01T14:27:51,166  WARN [main] conf.HiveConf: HiveConf of name hive.dummyparam.test.server.specific.config.hivesite does not exist
2024-05-01T14:27:51,166  WARN [main] conf.HiveConf: HiveConf of name hive.llap.io.cache.orc.alloc.max does not exist
2024-05-01T14:27:51,166  WARN [main] conf.HiveConf: HiveConf of name hive.metastore.client.cache.maxSize does not exist
2024-05-01T14:27:51,166  WARN [main] conf.HiveConf: HiveConf of name hive.dummyparam.test.server.specific.config.metastoresite does not exist
2024-05-01T14:27:51,166  WARN [main] conf.HiveConf: HiveConf of name hive.metastore.client.cache.recordStats does not exist
2024-05-01T14:27:51,166  WARN [main] conf.HiveConf: HiveConf of name hive.llap.io.cache.orc.arena.size does not exist
2024-05-01T14:27:51,166  WARN [main] conf.HiveConf: HiveConf of name hive.stats.key.prefix.reserve.length does not exist
2024-05-01T14:27:51,166  INFO [main] common.HCatUtil: mapreduce.lib.hcatoutput.hive.conf is set. Applying configuration differences.
2024-05-01T14:27:51,166  INFO [main] HiveMetaStore.audit: ugi=alex	ip=unknown-ip-addr	cmd=get_databases: @hive#NonExistentDatabaseUsedForHealthCheck	
2024-05-01T14:27:51,168  INFO [main] pigstats.ScriptState: Pig features used in the script: FILTER
2024-05-01T14:27:51,177  WARN [main] data.SchemaTupleBackend: SchemaTupleBackend has already been initialized
2024-05-01T14:27:51,177  INFO [main] optimizer.LogicalPlanOptimizer: {RULES_ENABLED=[AddForEach, ColumnMapKeyPrune, ConstantCalculator, GroupByConstParallelSetter, LimitOptimizer, LoadTypeCastInserter, MergeFilter, MergeForEach, PartitionFilterOptimizer, PredicatePushdownOptimizer, PushDownForEachFlatten, PushUpFilter, SplitFilter, StreamTypeCastInserter]}
2024-05-01T14:27:51,180  INFO [main] mapReduceLayer.MRCompiler: File concatenation threshold: 100 optimistic? false
2024-05-01T14:27:51,182  INFO [main] mapReduceLayer.MultiQueryOptimizer: MR plan size before optimization: 5
2024-05-01T14:27:51,182  INFO [main] mapReduceLayer.MultiQueryOptimizer: Merged 4 map-only splittees.
2024-05-01T14:27:51,182  INFO [main] mapReduceLayer.MultiQueryOptimizer: Merged 4 out of total 5 MR operators.
2024-05-01T14:27:51,182  INFO [main] mapReduceLayer.MultiQueryOptimizer: MR plan size after optimization: 1
2024-05-01T14:27:51,187  WARN [main] impl.MetricsSystemImpl: JobTracker metrics system already initialized!
2024-05-01T14:27:51,188  INFO [main] mapreduce.MRScriptState: Pig script settings are added to the job
2024-05-01T14:27:51,188  INFO [main] mapReduceLayer.JobControlCompiler: mapred.job.reduce.markreset.buffer.percent is not set, set to default 0.3
2024-05-01T14:27:51,189  INFO [main] mapReduceLayer.JobControlCompiler: Setting up multi store job
2024-05-01T14:27:51,189  INFO [main] data.SchemaTupleFrontend: Key [pig.schematuple] is false, will not generate code.
2024-05-01T14:27:51,189  INFO [main] data.SchemaTupleFrontend: Starting process to move generated code to distributed cacche
2024-05-01T14:27:51,189  INFO [main] data.SchemaTupleFrontend: Distributed cache not supported or needed in local mode. Setting key [pig.schematuple.local.dir] with code temp directory: /home/alex/Repositories/hive/hcatalog/hcatalog-pig-adapter/target/tmp/1714598871189-0
2024-05-01T14:27:51,199  INFO [main] mapReduceLayer.MapReduceLauncher: 1 map-reduce job(s) waiting for submission.
2024-05-01T14:27:51,200  WARN [JobControl] impl.MetricsSystemImpl: JobTracker metrics system already initialized!
2024-05-01T14:27:51,218  WARN [JobControl] conf.HiveConf: HiveConf of name hive.llap.io.cache.orc.size does not exist
2024-05-01T14:27:51,218  WARN [JobControl] conf.HiveConf: HiveConf of name hive.dummyparam.test.server.specific.config.override does not exist
2024-05-01T14:27:51,218  WARN [JobControl] conf.HiveConf: HiveConf of name hive.metastore.metadb.dir does not exist
2024-05-01T14:27:51,218  WARN [JobControl] conf.HiveConf: HiveConf of name hive.llap.io.cache.orc.alloc.min does not exist
2024-05-01T14:27:51,218  WARN [JobControl] conf.HiveConf: HiveConf of name hive.dummyparam.test.server.specific.config.hivesite does not exist
2024-05-01T14:27:51,218  WARN [JobControl] conf.HiveConf: HiveConf of name hive.llap.io.cache.orc.alloc.max does not exist
2024-05-01T14:27:51,218  WARN [JobControl] conf.HiveConf: HiveConf of name hive.metastore.client.cache.maxSize does not exist
2024-05-01T14:27:51,218  WARN [JobControl] conf.HiveConf: HiveConf of name hive.dummyparam.test.server.specific.config.metastoresite does not exist
2024-05-01T14:27:51,218  WARN [JobControl] conf.HiveConf: HiveConf of name hive.metastore.client.cache.recordStats does not exist
2024-05-01T14:27:51,218  WARN [JobControl] conf.HiveConf: HiveConf of name hive.llap.io.cache.orc.arena.size does not exist
2024-05-01T14:27:51,218  WARN [JobControl] conf.HiveConf: HiveConf of name hive.stats.key.prefix.reserve.length does not exist
2024-05-01T14:27:51,218  INFO [JobControl] common.HCatUtil: mapreduce.lib.hcatoutput.hive.conf is set. Applying configuration differences.
2024-05-01T14:27:51,219  INFO [JobControl] metastore.HiveMetaStoreClient: HMS client filtering is enabled.
2024-05-01T14:27:51,219  INFO [JobControl] metastore.HMSHandler: 97: Opening raw store with implementation class:org.apache.hadoop.hive.metastore.ObjectStore
2024-05-01T14:27:51,219  INFO [JobControl] metastore.PersistenceManagerProvider: Configuration datanucleus.autoStartMechanismMode is not set. Defaulting to 'ignored'
2024-05-01T14:27:51,219  INFO [JobControl] metastore.ObjectStore: RawStore: org.apache.hadoop.hive.metastore.ObjectStore@5b8dffcc, with PersistenceManager: null will be shutdown
2024-05-01T14:27:51,220  INFO [JobControl] metastore.ObjectStore: RawStore: org.apache.hadoop.hive.metastore.ObjectStore@5b8dffcc, with PersistenceManager: org.datanucleus.api.jdo.JDOPersistenceManager@495470af created in the thread with id: 3550
2024-05-01T14:27:51,221  INFO [JobControl] metastore.HMSHandler: Created RawStore: org.apache.hadoop.hive.metastore.ObjectStore@5b8dffcc from thread id: 3550
2024-05-01T14:27:51,221  INFO [JobControl] metastore.HMSHandler: HMS server filtering is disabled by configuration
2024-05-01T14:27:51,221  INFO [JobControl] metastore.RetryingMetaStoreClient: RetryingMetaStoreClient proxy=class org.apache.hive.hcatalog.common.HiveClientCache$CacheableHiveMetaStoreClient ugi=alex (auth:SIMPLE) retries=1 delay=1 lifetime=0
2024-05-01T14:27:51,221  INFO [JobControl] HiveMetaStore.audit: ugi=alex	ip=unknown-ip-addr	cmd=Cleaning up thread local RawStore...	
2024-05-01T14:27:51,221  INFO [JobControl] metastore.ObjectStore: RawStore: org.apache.hadoop.hive.metastore.ObjectStore@5b8dffcc, with PersistenceManager: org.datanucleus.api.jdo.JDOPersistenceManager@495470af will be shutdown
2024-05-01T14:27:51,221  INFO [JobControl] HiveMetaStore.audit: ugi=alex	ip=unknown-ip-addr	cmd=Done cleaning up thread local RawStore	
2024-05-01T14:27:51,221  INFO [JobControl] metastore.HiveMetaStoreClient: Closed a connection to metastore, current connections: -94
2024-05-01T14:27:51,221  INFO [JobControl] HiveMetaStore.audit: ugi=alex	ip=unknown-ip-addr	cmd=get_databases: @hive#NonExistentDatabaseUsedForHealthCheck	
2024-05-01T14:27:51,222  INFO [JobControl] metastore.HMSHandler: 97: Opening raw store with implementation class:org.apache.hadoop.hive.metastore.ObjectStore
2024-05-01T14:27:51,222  INFO [JobControl] metastore.ObjectStore: RawStore: org.apache.hadoop.hive.metastore.ObjectStore@3d58d331, with PersistenceManager: null will be shutdown
2024-05-01T14:27:51,222  INFO [JobControl] metastore.ObjectStore: RawStore: org.apache.hadoop.hive.metastore.ObjectStore@3d58d331, with PersistenceManager: org.datanucleus.api.jdo.JDOPersistenceManager@59385768 created in the thread with id: 3550
2024-05-01T14:27:51,223  INFO [JobControl] metastore.HMSHandler: Created RawStore: org.apache.hadoop.hive.metastore.ObjectStore@3d58d331 from thread id: 3550
2024-05-01T14:27:51,242  WARN [JobControl] conf.HiveConf: HiveConf of name hive.llap.io.cache.orc.size does not exist
2024-05-01T14:27:51,242  WARN [JobControl] conf.HiveConf: HiveConf of name hive.dummyparam.test.server.specific.config.override does not exist
2024-05-01T14:27:51,242  WARN [JobControl] conf.HiveConf: HiveConf of name hive.metastore.metadb.dir does not exist
2024-05-01T14:27:51,242  WARN [JobControl] conf.HiveConf: HiveConf of name hive.llap.io.cache.orc.alloc.min does not exist
2024-05-01T14:27:51,242  WARN [JobControl] conf.HiveConf: HiveConf of name hive.dummyparam.test.server.specific.config.hivesite does not exist
2024-05-01T14:27:51,242  WARN [JobControl] conf.HiveConf: HiveConf of name hive.llap.io.cache.orc.alloc.max does not exist
2024-05-01T14:27:51,243  WARN [JobControl] conf.HiveConf: HiveConf of name hive.metastore.client.cache.maxSize does not exist
2024-05-01T14:27:51,243  WARN [JobControl] conf.HiveConf: HiveConf of name hive.dummyparam.test.server.specific.config.metastoresite does not exist
2024-05-01T14:27:51,243  WARN [JobControl] conf.HiveConf: HiveConf of name hive.metastore.client.cache.recordStats does not exist
2024-05-01T14:27:51,243  WARN [JobControl] conf.HiveConf: HiveConf of name hive.llap.io.cache.orc.arena.size does not exist
2024-05-01T14:27:51,243  WARN [JobControl] conf.HiveConf: HiveConf of name hive.stats.key.prefix.reserve.length does not exist
2024-05-01T14:27:51,243  INFO [JobControl] common.HCatUtil: mapreduce.lib.hcatoutput.hive.conf is set. Applying configuration differences.
2024-05-01T14:27:51,243  INFO [JobControl] HiveMetaStore.audit: ugi=alex	ip=unknown-ip-addr	cmd=get_databases: @hive#NonExistentDatabaseUsedForHealthCheck	
2024-05-01T14:27:51,262  WARN [JobControl] conf.HiveConf: HiveConf of name hive.llap.io.cache.orc.size does not exist
2024-05-01T14:27:51,262  WARN [JobControl] conf.HiveConf: HiveConf of name hive.dummyparam.test.server.specific.config.override does not exist
2024-05-01T14:27:51,262  WARN [JobControl] conf.HiveConf: HiveConf of name hive.metastore.metadb.dir does not exist
2024-05-01T14:27:51,262  WARN [JobControl] conf.HiveConf: HiveConf of name hive.llap.io.cache.orc.alloc.min does not exist
2024-05-01T14:27:51,262  WARN [JobControl] conf.HiveConf: HiveConf of name hive.dummyparam.test.server.specific.config.hivesite does not exist
2024-05-01T14:27:51,262  WARN [JobControl] conf.HiveConf: HiveConf of name hive.llap.io.cache.orc.alloc.max does not exist
2024-05-01T14:27:51,262  WARN [JobControl] conf.HiveConf: HiveConf of name hive.metastore.client.cache.maxSize does not exist
2024-05-01T14:27:51,262  WARN [JobControl] conf.HiveConf: HiveConf of name hive.dummyparam.test.server.specific.config.metastoresite does not exist
2024-05-01T14:27:51,262  WARN [JobControl] conf.HiveConf: HiveConf of name hive.metastore.client.cache.recordStats does not exist
2024-05-01T14:27:51,262  WARN [JobControl] conf.HiveConf: HiveConf of name hive.llap.io.cache.orc.arena.size does not exist
2024-05-01T14:27:51,262  WARN [JobControl] conf.HiveConf: HiveConf of name hive.stats.key.prefix.reserve.length does not exist
2024-05-01T14:27:51,262  INFO [JobControl] common.HCatUtil: mapreduce.lib.hcatoutput.hive.conf is set. Applying configuration differences.
2024-05-01T14:27:51,263  INFO [JobControl] HiveMetaStore.audit: ugi=alex	ip=unknown-ip-addr	cmd=get_databases: @hive#NonExistentDatabaseUsedForHealthCheck	
2024-05-01T14:27:51,281  WARN [JobControl] conf.HiveConf: HiveConf of name hive.llap.io.cache.orc.size does not exist
2024-05-01T14:27:51,281  WARN [JobControl] conf.HiveConf: HiveConf of name hive.dummyparam.test.server.specific.config.override does not exist
2024-05-01T14:27:51,281  WARN [JobControl] conf.HiveConf: HiveConf of name hive.metastore.metadb.dir does not exist
2024-05-01T14:27:51,281  WARN [JobControl] conf.HiveConf: HiveConf of name hive.llap.io.cache.orc.alloc.min does not exist
2024-05-01T14:27:51,281  WARN [JobControl] conf.HiveConf: HiveConf of name hive.dummyparam.test.server.specific.config.hivesite does not exist
2024-05-01T14:27:51,281  WARN [JobControl] conf.HiveConf: HiveConf of name hive.llap.io.cache.orc.alloc.max does not exist
2024-05-01T14:27:51,281  WARN [JobControl] conf.HiveConf: HiveConf of name hive.metastore.client.cache.maxSize does not exist
2024-05-01T14:27:51,281  WARN [JobControl] conf.HiveConf: HiveConf of name hive.dummyparam.test.server.specific.config.metastoresite does not exist
2024-05-01T14:27:51,281  WARN [JobControl] conf.HiveConf: HiveConf of name hive.metastore.client.cache.recordStats does not exist
2024-05-01T14:27:51,281  WARN [JobControl] conf.HiveConf: HiveConf of name hive.llap.io.cache.orc.arena.size does not exist
2024-05-01T14:27:51,281  WARN [JobControl] conf.HiveConf: HiveConf of name hive.stats.key.prefix.reserve.length does not exist
2024-05-01T14:27:51,281  INFO [JobControl] common.HCatUtil: mapreduce.lib.hcatoutput.hive.conf is set. Applying configuration differences.
2024-05-01T14:27:51,282  INFO [JobControl] HiveMetaStore.audit: ugi=alex	ip=unknown-ip-addr	cmd=get_databases: @hive#NonExistentDatabaseUsedForHealthCheck	
2024-05-01T14:27:51,298  WARN [JobControl] mapreduce.JobResourceUploader: Hadoop command-line option parsing not performed. Implement the Tool interface and execute your application with ToolRunner to remedy this.
2024-05-01T14:27:51,303  WARN [JobControl] mapreduce.JobResourceUploader: No job jar file set.  User classes may not be found. See Job or Job#setJar(String).
2024-05-01T14:27:51,304  INFO [JobControl] builtin.PigStorage: Using PigTextInputFormat
2024-05-01T14:27:51,305  INFO [JobControl] input.FileInputFormat: Total input files to process : 1
2024-05-01T14:27:51,305  INFO [JobControl] util.MapRedUtil: Total input paths to process : 1
2024-05-01T14:27:51,305  INFO [JobControl] util.MapRedUtil: Total input paths (combined) to process : 1
2024-05-01T14:27:51,328  INFO [JobControl] mapreduce.JobSubmitter: number of splits:1
2024-05-01T14:27:51,343  INFO [JobControl] mapreduce.JobSubmitter: Submitting tokens for job: job_local1458199465_0075
2024-05-01T14:27:51,343  INFO [JobControl] mapreduce.JobSubmitter: Executing with tokens: []
2024-05-01T14:27:51,406  INFO [JobControl] mapreduce.Job: The url to track the job: http://localhost:8080/
2024-05-01T14:27:51,407  INFO [Thread-3309] mapred.LocalJobRunner: OutputCommitter set in config null
2024-05-01T14:27:51,413  INFO [Thread-3309] output.FileOutputCommitter: File Output Committer Algorithm version is 2
2024-05-01T14:27:51,413  INFO [Thread-3309] output.FileOutputCommitter: FileOutputCommitter skip cleanup _temporary folders under output directory:false, ignore cleanup failures: false
2024-05-01T14:27:51,416  INFO [Thread-3309] output.FileOutputCommitter: File Output Committer Algorithm version is 2
2024-05-01T14:27:51,416  INFO [Thread-3309] output.FileOutputCommitter: FileOutputCommitter skip cleanup _temporary folders under output directory:false, ignore cleanup failures: false
2024-05-01T14:27:51,418  INFO [Thread-3309] output.FileOutputCommitter: File Output Committer Algorithm version is 2
2024-05-01T14:27:51,418  INFO [Thread-3309] output.FileOutputCommitter: FileOutputCommitter skip cleanup _temporary folders under output directory:false, ignore cleanup failures: false
2024-05-01T14:27:51,421  INFO [Thread-3309] output.FileOutputCommitter: File Output Committer Algorithm version is 2
2024-05-01T14:27:51,421  INFO [Thread-3309] output.FileOutputCommitter: FileOutputCommitter skip cleanup _temporary folders under output directory:false, ignore cleanup failures: false
2024-05-01T14:27:51,422  INFO [Thread-3309] mapred.LocalJobRunner: OutputCommitter is org.apache.pig.backend.hadoop.executionengine.mapReduceLayer.PigOutputCommitter
2024-05-01T14:27:51,423  INFO [Thread-3309] output.FileOutputCommitter: File Output Committer Algorithm version is 2
2024-05-01T14:27:51,423  INFO [Thread-3309] output.FileOutputCommitter: FileOutputCommitter skip cleanup _temporary folders under output directory:false, ignore cleanup failures: false
2024-05-01T14:27:51,438  INFO [Thread-3309] output.FileOutputCommitter: File Output Committer Algorithm version is 2
2024-05-01T14:27:51,438  INFO [Thread-3309] output.FileOutputCommitter: FileOutputCommitter skip cleanup _temporary folders under output directory:false, ignore cleanup failures: false
2024-05-01T14:27:51,453  INFO [Thread-3309] output.FileOutputCommitter: File Output Committer Algorithm version is 2
2024-05-01T14:27:51,453  INFO [Thread-3309] output.FileOutputCommitter: FileOutputCommitter skip cleanup _temporary folders under output directory:false, ignore cleanup failures: false
2024-05-01T14:27:51,468  INFO [Thread-3309] output.FileOutputCommitter: File Output Committer Algorithm version is 2
2024-05-01T14:27:51,468  INFO [Thread-3309] output.FileOutputCommitter: FileOutputCommitter skip cleanup _temporary folders under output directory:false, ignore cleanup failures: false
2024-05-01T14:27:51,482  INFO [Thread-3309] mapred.LocalJobRunner: Waiting for map tasks
2024-05-01T14:27:51,483  INFO [LocalJobRunner Map Task Executor #0] mapred.LocalJobRunner: Starting task: attempt_local1458199465_0075_m_000000_0
2024-05-01T14:27:51,488  INFO [LocalJobRunner Map Task Executor #0] output.FileOutputCommitter: File Output Committer Algorithm version is 2
2024-05-01T14:27:51,488  INFO [LocalJobRunner Map Task Executor #0] output.FileOutputCommitter: FileOutputCommitter skip cleanup _temporary folders under output directory:false, ignore cleanup failures: false
2024-05-01T14:27:51,491  INFO [LocalJobRunner Map Task Executor #0] output.FileOutputCommitter: File Output Committer Algorithm version is 2
2024-05-01T14:27:51,491  INFO [LocalJobRunner Map Task Executor #0] output.FileOutputCommitter: FileOutputCommitter skip cleanup _temporary folders under output directory:false, ignore cleanup failures: false
2024-05-01T14:27:51,496  INFO [LocalJobRunner Map Task Executor #0] output.FileOutputCommitter: File Output Committer Algorithm version is 2
2024-05-01T14:27:51,496  INFO [LocalJobRunner Map Task Executor #0] output.FileOutputCommitter: FileOutputCommitter skip cleanup _temporary folders under output directory:false, ignore cleanup failures: false
2024-05-01T14:27:51,499  INFO [LocalJobRunner Map Task Executor #0] output.FileOutputCommitter: File Output Committer Algorithm version is 2
2024-05-01T14:27:51,499  INFO [LocalJobRunner Map Task Executor #0] output.FileOutputCommitter: FileOutputCommitter skip cleanup _temporary folders under output directory:false, ignore cleanup failures: false
2024-05-01T14:27:51,501  INFO [LocalJobRunner Map Task Executor #0] output.FileOutputCommitter: File Output Committer Algorithm version is 2
2024-05-01T14:27:51,501  INFO [LocalJobRunner Map Task Executor #0] output.FileOutputCommitter: FileOutputCommitter skip cleanup _temporary folders under output directory:false, ignore cleanup failures: false
2024-05-01T14:27:51,502  INFO [LocalJobRunner Map Task Executor #0] output.FileOutputCommitter: File Output Committer Algorithm version is 2
2024-05-01T14:27:51,502  INFO [LocalJobRunner Map Task Executor #0] output.FileOutputCommitter: FileOutputCommitter skip cleanup _temporary folders under output directory:false, ignore cleanup failures: false
2024-05-01T14:27:51,503  INFO [LocalJobRunner Map Task Executor #0] output.FileOutputCommitter: File Output Committer Algorithm version is 2
2024-05-01T14:27:51,503  INFO [LocalJobRunner Map Task Executor #0] output.FileOutputCommitter: FileOutputCommitter skip cleanup _temporary folders under output directory:false, ignore cleanup failures: false
2024-05-01T14:27:51,504  INFO [LocalJobRunner Map Task Executor #0] output.FileOutputCommitter: File Output Committer Algorithm version is 2
2024-05-01T14:27:51,504  INFO [LocalJobRunner Map Task Executor #0] output.FileOutputCommitter: FileOutputCommitter skip cleanup _temporary folders under output directory:false, ignore cleanup failures: false
2024-05-01T14:27:51,504  INFO [LocalJobRunner Map Task Executor #0] mapred.Task:  Using ResourceCalculatorProcessTree : [ ]
2024-05-01T14:27:51,505  INFO [LocalJobRunner Map Task Executor #0] mapred.MapTask: Processing split: Number of splits :1
Total Length = 132
Input split[0]:
   Length = 132
   ClassName: org.apache.hadoop.mapreduce.lib.input.FileSplit
   Locations:

-----------------------

2024-05-01T14:27:51,506  INFO [LocalJobRunner Map Task Executor #0] builtin.PigStorage: Using PigTextInputFormat
2024-05-01T14:27:51,507  INFO [LocalJobRunner Map Task Executor #0] mapReduceLayer.PigRecordReader: Current split being processed file:/home/alex/Repositories/hive/hcatalog/hcatalog-pig-adapter/build/test/data/org.apache.hive.hcatalog.mapreduce.HCatBaseTest-1714598801630/input.data:0+132
2024-05-01T14:27:51,507  INFO [LocalJobRunner Map Task Executor #0] util.SpillableMemoryManager: Selected heap (PS Old Gen) of size 1431830528 to monitor. collectionUsageThreshold = 1064828928, usageThreshold = 1064828928
2024-05-01T14:27:51,508  INFO [LocalJobRunner Map Task Executor #0] data.SchemaTupleBackend: Key [pig.schematuple] was not set... will not generate code.
2024-05-01T14:27:51,512  INFO [LocalJobRunner Map Task Executor #0] mapReduceLayer.PigMapOnly$Map: Aliases being processed per job phase (AliasName[line,offset]): M: A[1,4],A[-1,-1],TN[1,306],KA[1,341],KL[1,376],AP[1,411] C:  R: 
2024-05-01T14:27:51,515  INFO [LocalJobRunner Map Task Executor #0] output.FileOutputCommitter: File Output Committer Algorithm version is 2
2024-05-01T14:27:51,515  INFO [LocalJobRunner Map Task Executor #0] output.FileOutputCommitter: FileOutputCommitter skip cleanup _temporary folders under output directory:false, ignore cleanup failures: false
2024-05-01T14:27:51,516  INFO [LocalJobRunner Map Task Executor #0] write.ParquetRecordWriterWrapper: initialize serde with table properties.
2024-05-01T14:27:51,516  INFO [LocalJobRunner Map Task Executor #0] write.ParquetRecordWriterWrapper: creating real writer to write at file:/home/alex/Repositories/hive/hcatalog/hcatalog-pig-adapter/build/test/data/org.apache.hive.hcatalog.mapreduce.HCatBaseTest-1714598801630/warehouse/employee/_SCRATCH0,6747767236205319/emp_country=IN/emp_state=TN/_temporary/0/_temporary/attempt_local1458199465_0075_m_000000_0/part-m-00000
2024-05-01T14:27:51,516  INFO [LocalJobRunner Map Task Executor #0] codec.CodecConfig: Compression set to false
2024-05-01T14:27:51,516  INFO [LocalJobRunner Map Task Executor #0] codec.CodecConfig: Compression: UNCOMPRESSED
2024-05-01T14:27:51,517  INFO [LocalJobRunner Map Task Executor #0] hadoop.ParquetOutputFormat: Parquet block size to 134217728
2024-05-01T14:27:51,517  INFO [LocalJobRunner Map Task Executor #0] hadoop.ParquetOutputFormat: Parquet page size to 1048576
2024-05-01T14:27:51,517  INFO [LocalJobRunner Map Task Executor #0] hadoop.ParquetOutputFormat: Parquet dictionary page size to 1048576
2024-05-01T14:27:51,517  INFO [LocalJobRunner Map Task Executor #0] hadoop.ParquetOutputFormat: Dictionary is on
2024-05-01T14:27:51,517  INFO [LocalJobRunner Map Task Executor #0] hadoop.ParquetOutputFormat: Validation is off
2024-05-01T14:27:51,517  INFO [LocalJobRunner Map Task Executor #0] hadoop.ParquetOutputFormat: Writer version is: PARQUET_1_0
2024-05-01T14:27:51,517  INFO [LocalJobRunner Map Task Executor #0] hadoop.ParquetOutputFormat: Maximum row group padding size is 8388608 bytes
2024-05-01T14:27:51,517  INFO [LocalJobRunner Map Task Executor #0] hadoop.ParquetOutputFormat: Page size checking is: estimated
2024-05-01T14:27:51,517  INFO [LocalJobRunner Map Task Executor #0] hadoop.ParquetOutputFormat: Min row count for page size check is: 100
2024-05-01T14:27:51,517  INFO [LocalJobRunner Map Task Executor #0] hadoop.ParquetOutputFormat: Max row count for page size check is: 10000
2024-05-01T14:27:51,517  INFO [LocalJobRunner Map Task Executor #0] hadoop.ParquetOutputFormat: Truncate length for column indexes is: 64
2024-05-01T14:27:51,517  INFO [LocalJobRunner Map Task Executor #0] hadoop.ParquetOutputFormat: Truncate length for statistics min/max  is: 2147483647
2024-05-01T14:27:51,517  INFO [LocalJobRunner Map Task Executor #0] hadoop.ParquetOutputFormat: Page row count limit to 20000
2024-05-01T14:27:51,517  INFO [LocalJobRunner Map Task Executor #0] hadoop.ParquetOutputFormat: Writing page checksums is: on
2024-05-01T14:27:51,528  INFO [LocalJobRunner Map Task Executor #0] write.ParquetRecordWriterWrapper: real writer: org.apache.parquet.hadoop.ParquetRecordWriter@2e18f654
2024-05-01T14:27:51,574  INFO [LocalJobRunner Map Task Executor #0] output.FileOutputCommitter: File Output Committer Algorithm version is 2
2024-05-01T14:27:51,574  INFO [LocalJobRunner Map Task Executor #0] output.FileOutputCommitter: FileOutputCommitter skip cleanup _temporary folders under output directory:false, ignore cleanup failures: false
2024-05-01T14:27:51,576  INFO [LocalJobRunner Map Task Executor #0] write.ParquetRecordWriterWrapper: initialize serde with table properties.
2024-05-01T14:27:51,576  INFO [LocalJobRunner Map Task Executor #0] write.ParquetRecordWriterWrapper: creating real writer to write at file:/home/alex/Repositories/hive/hcatalog/hcatalog-pig-adapter/build/test/data/org.apache.hive.hcatalog.mapreduce.HCatBaseTest-1714598801630/warehouse/employee/_SCRATCH0,3398673845006168/emp_country=IN/emp_state=KA/_temporary/0/_temporary/attempt_local1458199465_0075_m_000000_0/part-m-00000
2024-05-01T14:27:51,576  INFO [LocalJobRunner Map Task Executor #0] codec.CodecConfig: Compression set to false
2024-05-01T14:27:51,576  INFO [LocalJobRunner Map Task Executor #0] codec.CodecConfig: Compression: UNCOMPRESSED
2024-05-01T14:27:51,576  INFO [LocalJobRunner Map Task Executor #0] hadoop.ParquetOutputFormat: Parquet block size to 134217728
2024-05-01T14:27:51,576  INFO [LocalJobRunner Map Task Executor #0] hadoop.ParquetOutputFormat: Parquet page size to 1048576
2024-05-01T14:27:51,576  INFO [LocalJobRunner Map Task Executor #0] hadoop.ParquetOutputFormat: Parquet dictionary page size to 1048576
2024-05-01T14:27:51,576  INFO [LocalJobRunner Map Task Executor #0] hadoop.ParquetOutputFormat: Dictionary is on
2024-05-01T14:27:51,576  INFO [LocalJobRunner Map Task Executor #0] hadoop.ParquetOutputFormat: Validation is off
2024-05-01T14:27:51,576  INFO [LocalJobRunner Map Task Executor #0] hadoop.ParquetOutputFormat: Writer version is: PARQUET_1_0
2024-05-01T14:27:51,576  INFO [LocalJobRunner Map Task Executor #0] hadoop.ParquetOutputFormat: Maximum row group padding size is 8388608 bytes
2024-05-01T14:27:51,576  INFO [LocalJobRunner Map Task Executor #0] hadoop.ParquetOutputFormat: Page size checking is: estimated
2024-05-01T14:27:51,576  INFO [LocalJobRunner Map Task Executor #0] hadoop.ParquetOutputFormat: Min row count for page size check is: 100
2024-05-01T14:27:51,576  INFO [LocalJobRunner Map Task Executor #0] hadoop.ParquetOutputFormat: Max row count for page size check is: 10000
2024-05-01T14:27:51,576  INFO [LocalJobRunner Map Task Executor #0] hadoop.ParquetOutputFormat: Truncate length for column indexes is: 64
2024-05-01T14:27:51,576  INFO [LocalJobRunner Map Task Executor #0] hadoop.ParquetOutputFormat: Truncate length for statistics min/max  is: 2147483647
2024-05-01T14:27:51,576  INFO [LocalJobRunner Map Task Executor #0] hadoop.ParquetOutputFormat: Page row count limit to 20000
2024-05-01T14:27:51,576  INFO [LocalJobRunner Map Task Executor #0] hadoop.ParquetOutputFormat: Writing page checksums is: on
2024-05-01T14:27:51,588  INFO [LocalJobRunner Map Task Executor #0] write.ParquetRecordWriterWrapper: real writer: org.apache.parquet.hadoop.ParquetRecordWriter@1e8628c
2024-05-01T14:27:51,591  INFO [LocalJobRunner Map Task Executor #0] output.FileOutputCommitter: File Output Committer Algorithm version is 2
2024-05-01T14:27:51,591  INFO [LocalJobRunner Map Task Executor #0] output.FileOutputCommitter: FileOutputCommitter skip cleanup _temporary folders under output directory:false, ignore cleanup failures: false
2024-05-01T14:27:51,592  INFO [LocalJobRunner Map Task Executor #0] write.ParquetRecordWriterWrapper: initialize serde with table properties.
2024-05-01T14:27:51,592  INFO [LocalJobRunner Map Task Executor #0] write.ParquetRecordWriterWrapper: creating real writer to write at file:/home/alex/Repositories/hive/hcatalog/hcatalog-pig-adapter/build/test/data/org.apache.hive.hcatalog.mapreduce.HCatBaseTest-1714598801630/warehouse/employee/_SCRATCH0,4066621256277845/emp_country=IN/emp_state=KL/_temporary/0/_temporary/attempt_local1458199465_0075_m_000000_0/part-m-00000
2024-05-01T14:27:51,592  INFO [LocalJobRunner Map Task Executor #0] codec.CodecConfig: Compression set to false
2024-05-01T14:27:51,592  INFO [LocalJobRunner Map Task Executor #0] codec.CodecConfig: Compression: UNCOMPRESSED
2024-05-01T14:27:51,593  INFO [LocalJobRunner Map Task Executor #0] hadoop.ParquetOutputFormat: Parquet block size to 134217728
2024-05-01T14:27:51,593  INFO [LocalJobRunner Map Task Executor #0] hadoop.ParquetOutputFormat: Parquet page size to 1048576
2024-05-01T14:27:51,593  INFO [LocalJobRunner Map Task Executor #0] hadoop.ParquetOutputFormat: Parquet dictionary page size to 1048576
2024-05-01T14:27:51,593  INFO [LocalJobRunner Map Task Executor #0] hadoop.ParquetOutputFormat: Dictionary is on
2024-05-01T14:27:51,593  INFO [LocalJobRunner Map Task Executor #0] hadoop.ParquetOutputFormat: Validation is off
2024-05-01T14:27:51,593  INFO [LocalJobRunner Map Task Executor #0] hadoop.ParquetOutputFormat: Writer version is: PARQUET_1_0
2024-05-01T14:27:51,593  INFO [LocalJobRunner Map Task Executor #0] hadoop.ParquetOutputFormat: Maximum row group padding size is 8388608 bytes
2024-05-01T14:27:51,593  INFO [LocalJobRunner Map Task Executor #0] hadoop.ParquetOutputFormat: Page size checking is: estimated
2024-05-01T14:27:51,593  INFO [LocalJobRunner Map Task Executor #0] hadoop.ParquetOutputFormat: Min row count for page size check is: 100
2024-05-01T14:27:51,593  INFO [LocalJobRunner Map Task Executor #0] hadoop.ParquetOutputFormat: Max row count for page size check is: 10000
2024-05-01T14:27:51,593  INFO [LocalJobRunner Map Task Executor #0] hadoop.ParquetOutputFormat: Truncate length for column indexes is: 64
2024-05-01T14:27:51,593  INFO [LocalJobRunner Map Task Executor #0] hadoop.ParquetOutputFormat: Truncate length for statistics min/max  is: 2147483647
2024-05-01T14:27:51,593  INFO [LocalJobRunner Map Task Executor #0] hadoop.ParquetOutputFormat: Page row count limit to 20000
2024-05-01T14:27:51,593  INFO [LocalJobRunner Map Task Executor #0] hadoop.ParquetOutputFormat: Writing page checksums is: on
2024-05-01T14:27:51,604  INFO [LocalJobRunner Map Task Executor #0] write.ParquetRecordWriterWrapper: real writer: org.apache.parquet.hadoop.ParquetRecordWriter@16213c6e
2024-05-01T14:27:51,608  INFO [LocalJobRunner Map Task Executor #0] output.FileOutputCommitter: File Output Committer Algorithm version is 2
2024-05-01T14:27:51,608  INFO [LocalJobRunner Map Task Executor #0] output.FileOutputCommitter: FileOutputCommitter skip cleanup _temporary folders under output directory:false, ignore cleanup failures: false
2024-05-01T14:27:51,610  INFO [LocalJobRunner Map Task Executor #0] write.ParquetRecordWriterWrapper: initialize serde with table properties.
2024-05-01T14:27:51,610  INFO [LocalJobRunner Map Task Executor #0] write.ParquetRecordWriterWrapper: creating real writer to write at file:/home/alex/Repositories/hive/hcatalog/hcatalog-pig-adapter/build/test/data/org.apache.hive.hcatalog.mapreduce.HCatBaseTest-1714598801630/warehouse/employee/_SCRATCH0,6729376436623075/emp_country=IN/emp_state=AP/_temporary/0/_temporary/attempt_local1458199465_0075_m_000000_0/part-m-00000
2024-05-01T14:27:51,610  INFO [LocalJobRunner Map Task Executor #0] codec.CodecConfig: Compression set to false
2024-05-01T14:27:51,610  INFO [LocalJobRunner Map Task Executor #0] codec.CodecConfig: Compression: UNCOMPRESSED
2024-05-01T14:27:51,611  INFO [LocalJobRunner Map Task Executor #0] hadoop.ParquetOutputFormat: Parquet block size to 134217728
2024-05-01T14:27:51,611  INFO [LocalJobRunner Map Task Executor #0] hadoop.ParquetOutputFormat: Parquet page size to 1048576
2024-05-01T14:27:51,611  INFO [LocalJobRunner Map Task Executor #0] hadoop.ParquetOutputFormat: Parquet dictionary page size to 1048576
2024-05-01T14:27:51,611  INFO [LocalJobRunner Map Task Executor #0] hadoop.ParquetOutputFormat: Dictionary is on
2024-05-01T14:27:51,611  INFO [LocalJobRunner Map Task Executor #0] hadoop.ParquetOutputFormat: Validation is off
2024-05-01T14:27:51,611  INFO [LocalJobRunner Map Task Executor #0] hadoop.ParquetOutputFormat: Writer version is: PARQUET_1_0
2024-05-01T14:27:51,611  INFO [LocalJobRunner Map Task Executor #0] hadoop.ParquetOutputFormat: Maximum row group padding size is 8388608 bytes
2024-05-01T14:27:51,611  INFO [LocalJobRunner Map Task Executor #0] hadoop.ParquetOutputFormat: Page size checking is: estimated
2024-05-01T14:27:51,611  INFO [LocalJobRunner Map Task Executor #0] hadoop.ParquetOutputFormat: Min row count for page size check is: 100
2024-05-01T14:27:51,611  INFO [LocalJobRunner Map Task Executor #0] hadoop.ParquetOutputFormat: Max row count for page size check is: 10000
2024-05-01T14:27:51,611  INFO [LocalJobRunner Map Task Executor #0] hadoop.ParquetOutputFormat: Truncate length for column indexes is: 64
2024-05-01T14:27:51,611  INFO [LocalJobRunner Map Task Executor #0] hadoop.ParquetOutputFormat: Truncate length for statistics min/max  is: 2147483647
2024-05-01T14:27:51,611  INFO [LocalJobRunner Map Task Executor #0] hadoop.ParquetOutputFormat: Page row count limit to 20000
2024-05-01T14:27:51,611  INFO [LocalJobRunner Map Task Executor #0] hadoop.ParquetOutputFormat: Writing page checksums is: on
2024-05-01T14:27:51,622  INFO [LocalJobRunner Map Task Executor #0] write.ParquetRecordWriterWrapper: real writer: org.apache.parquet.hadoop.ParquetRecordWriter@cb559ea
2024-05-01T14:27:51,642  INFO [LocalJobRunner Map Task Executor #0] mapred.LocalJobRunner: 
2024-05-01T14:27:51,643  INFO [LocalJobRunner Map Task Executor #0] mapred.Task: Task:attempt_local1458199465_0075_m_000000_0 is done. And is in the process of committing
2024-05-01T14:27:51,644  INFO [LocalJobRunner Map Task Executor #0] output.FileOutputCommitter: File Output Committer Algorithm version is 2
2024-05-01T14:27:51,644  INFO [LocalJobRunner Map Task Executor #0] output.FileOutputCommitter: FileOutputCommitter skip cleanup _temporary folders under output directory:false, ignore cleanup failures: false
2024-05-01T14:27:51,648  INFO [LocalJobRunner Map Task Executor #0] mapred.LocalJobRunner: 
2024-05-01T14:27:51,648  INFO [LocalJobRunner Map Task Executor #0] mapred.Task: Task attempt_local1458199465_0075_m_000000_0 is allowed to commit now
2024-05-01T14:27:51,649  INFO [LocalJobRunner Map Task Executor #0] output.FileOutputCommitter: File Output Committer Algorithm version is 2
2024-05-01T14:27:51,649  INFO [LocalJobRunner Map Task Executor #0] output.FileOutputCommitter: FileOutputCommitter skip cleanup _temporary folders under output directory:false, ignore cleanup failures: false
2024-05-01T14:27:51,650  INFO [LocalJobRunner Map Task Executor #0] output.FileOutputCommitter: Saved output of task 'attempt_local1458199465_0075_m_000000_0' to file:/home/alex/Repositories/hive/hcatalog/hcatalog-pig-adapter/build/test/data/org.apache.hive.hcatalog.mapreduce.HCatBaseTest-1714598801630/warehouse/employee/_SCRATCH0,6747767236205319/emp_country=IN/emp_state=TN
2024-05-01T14:27:51,651  INFO [LocalJobRunner Map Task Executor #0] output.FileOutputCommitter: File Output Committer Algorithm version is 2
2024-05-01T14:27:51,651  INFO [LocalJobRunner Map Task Executor #0] output.FileOutputCommitter: FileOutputCommitter skip cleanup _temporary folders under output directory:false, ignore cleanup failures: false
2024-05-01T14:27:51,652  INFO [LocalJobRunner Map Task Executor #0] output.FileOutputCommitter: Saved output of task 'attempt_local1458199465_0075_m_000000_0' to file:/home/alex/Repositories/hive/hcatalog/hcatalog-pig-adapter/build/test/data/org.apache.hive.hcatalog.mapreduce.HCatBaseTest-1714598801630/warehouse/employee/_SCRATCH0,3398673845006168/emp_country=IN/emp_state=KA
2024-05-01T14:27:51,653  INFO [LocalJobRunner Map Task Executor #0] output.FileOutputCommitter: File Output Committer Algorithm version is 2
2024-05-01T14:27:51,653  INFO [LocalJobRunner Map Task Executor #0] output.FileOutputCommitter: FileOutputCommitter skip cleanup _temporary folders under output directory:false, ignore cleanup failures: false
2024-05-01T14:27:51,654  INFO [LocalJobRunner Map Task Executor #0] output.FileOutputCommitter: Saved output of task 'attempt_local1458199465_0075_m_000000_0' to file:/home/alex/Repositories/hive/hcatalog/hcatalog-pig-adapter/build/test/data/org.apache.hive.hcatalog.mapreduce.HCatBaseTest-1714598801630/warehouse/employee/_SCRATCH0,4066621256277845/emp_country=IN/emp_state=KL
2024-05-01T14:27:51,655  INFO [LocalJobRunner Map Task Executor #0] output.FileOutputCommitter: File Output Committer Algorithm version is 2
2024-05-01T14:27:51,655  INFO [LocalJobRunner Map Task Executor #0] output.FileOutputCommitter: FileOutputCommitter skip cleanup _temporary folders under output directory:false, ignore cleanup failures: false
2024-05-01T14:27:51,655  INFO [LocalJobRunner Map Task Executor #0] output.FileOutputCommitter: Saved output of task 'attempt_local1458199465_0075_m_000000_0' to file:/home/alex/Repositories/hive/hcatalog/hcatalog-pig-adapter/build/test/data/org.apache.hive.hcatalog.mapreduce.HCatBaseTest-1714598801630/warehouse/employee/_SCRATCH0,6729376436623075/emp_country=IN/emp_state=AP
2024-05-01T14:27:51,656  INFO [LocalJobRunner Map Task Executor #0] mapred.LocalJobRunner: map
2024-05-01T14:27:51,656  INFO [LocalJobRunner Map Task Executor #0] mapred.Task: Task 'attempt_local1458199465_0075_m_000000_0' done.
2024-05-01T14:27:51,656  INFO [LocalJobRunner Map Task Executor #0] mapred.Task: Final Counters for attempt_local1458199465_0075_m_000000_0: Counters: 19
	File System Counters
		FILE: Number of bytes read=234925
		FILE: Number of bytes written=42779421
		FILE: Number of read operations=0
		FILE: Number of large read operations=0
		FILE: Number of write operations=0
	Map-Reduce Framework
		Map input records=4
		Map output records=0
		Input split bytes=480
		Spilled Records=0
		Failed Shuffles=0
		Merged Map outputs=0
		GC time elapsed (ms)=37
		Total committed heap usage (bytes)=923795456
	MultiStoreCounters
		Output records in _0_employee=1
		Output records in _1_employee=1
		Output records in _2_employee=1
		Output records in _3_employee=1
	File Input Format Counters 
		Bytes Read=0
	File Output Format Counters 
		Bytes Written=0
2024-05-01T14:27:51,656  INFO [LocalJobRunner Map Task Executor #0] mapred.LocalJobRunner: Finishing task: attempt_local1458199465_0075_m_000000_0
2024-05-01T14:27:51,656  INFO [Thread-3309] mapred.LocalJobRunner: map task executor complete.
2024-05-01T14:27:51,699  INFO [main] mapReduceLayer.MapReduceLauncher: HadoopJobId: job_local1458199465_0075
2024-05-01T14:27:51,699  INFO [main] mapReduceLayer.MapReduceLauncher: Processing aliases A,AP,KA,KL,TN
2024-05-01T14:27:51,699  INFO [main] mapReduceLayer.MapReduceLauncher: detailed locations: M: A[1,4],A[-1,-1],TN[1,306],KA[1,341],KL[1,376],AP[1,411] C:  R: 
2024-05-01T14:27:51,700  INFO [main] mapReduceLayer.MapReduceLauncher: 50% complete
2024-05-01T14:27:51,701  INFO [main] mapReduceLayer.MapReduceLauncher: Running jobs are [job_local1458199465_0075]
2024-05-01T14:27:51,710  WARN [Thread-3309] conf.HiveConf: HiveConf of name hive.llap.io.cache.orc.size does not exist
2024-05-01T14:27:51,710  WARN [Thread-3309] conf.HiveConf: HiveConf of name hive.dummyparam.test.server.specific.config.override does not exist
2024-05-01T14:27:51,710  WARN [Thread-3309] conf.HiveConf: HiveConf of name hive.metastore.metadb.dir does not exist
2024-05-01T14:27:51,710  WARN [Thread-3309] conf.HiveConf: HiveConf of name hive.llap.io.cache.orc.alloc.min does not exist
2024-05-01T14:27:51,710  WARN [Thread-3309] conf.HiveConf: HiveConf of name hive.dummyparam.test.server.specific.config.hivesite does not exist
2024-05-01T14:27:51,710  WARN [Thread-3309] conf.HiveConf: HiveConf of name hive.llap.io.cache.orc.alloc.max does not exist
2024-05-01T14:27:51,710  WARN [Thread-3309] conf.HiveConf: HiveConf of name hive.metastore.client.cache.maxSize does not exist
2024-05-01T14:27:51,710  WARN [Thread-3309] conf.HiveConf: HiveConf of name hive.dummyparam.test.server.specific.config.metastoresite does not exist
2024-05-01T14:27:51,710  WARN [Thread-3309] conf.HiveConf: HiveConf of name hive.metastore.client.cache.recordStats does not exist
2024-05-01T14:27:51,711  WARN [Thread-3309] conf.HiveConf: HiveConf of name hive.llap.io.cache.orc.arena.size does not exist
2024-05-01T14:27:51,711  WARN [Thread-3309] conf.HiveConf: HiveConf of name hive.stats.key.prefix.reserve.length does not exist
2024-05-01T14:27:51,711  INFO [Thread-3309] common.HCatUtil: mapreduce.lib.hcatoutput.hive.conf is set. Applying configuration differences.
2024-05-01T14:27:51,712  INFO [Thread-3309] metastore.HiveMetaStoreClient: HMS client filtering is enabled.
2024-05-01T14:27:51,713  INFO [Thread-3309] metastore.HMSHandler: 98: Opening raw store with implementation class:org.apache.hadoop.hive.metastore.ObjectStore
2024-05-01T14:27:51,713  INFO [Thread-3309] metastore.PersistenceManagerProvider: Configuration datanucleus.autoStartMechanismMode is not set. Defaulting to 'ignored'
2024-05-01T14:27:51,713  INFO [Thread-3309] metastore.ObjectStore: RawStore: org.apache.hadoop.hive.metastore.ObjectStore@57103369, with PersistenceManager: null will be shutdown
2024-05-01T14:27:51,713  INFO [Thread-3309] metastore.ObjectStore: RawStore: org.apache.hadoop.hive.metastore.ObjectStore@57103369, with PersistenceManager: org.datanucleus.api.jdo.JDOPersistenceManager@1cc63c7 created in the thread with id: 3570
2024-05-01T14:27:51,714  INFO [Thread-3309] metastore.HMSHandler: Created RawStore: org.apache.hadoop.hive.metastore.ObjectStore@57103369 from thread id: 3570
2024-05-01T14:27:51,714  INFO [Thread-3309] metastore.HMSHandler: HMS server filtering is disabled by configuration
2024-05-01T14:27:51,714  INFO [Thread-3309] metastore.RetryingMetaStoreClient: RetryingMetaStoreClient proxy=class org.apache.hive.hcatalog.common.HiveClientCache$CacheableHiveMetaStoreClient ugi=alex (auth:SIMPLE) retries=1 delay=1 lifetime=0
2024-05-01T14:27:51,715  INFO [Thread-3309] HiveMetaStore.audit: ugi=alex	ip=unknown-ip-addr	cmd=Cleaning up thread local RawStore...	
2024-05-01T14:27:51,715  INFO [Thread-3309] metastore.ObjectStore: RawStore: org.apache.hadoop.hive.metastore.ObjectStore@57103369, with PersistenceManager: org.datanucleus.api.jdo.JDOPersistenceManager@1cc63c7 will be shutdown
2024-05-01T14:27:51,715  INFO [Thread-3309] HiveMetaStore.audit: ugi=alex	ip=unknown-ip-addr	cmd=Done cleaning up thread local RawStore	
2024-05-01T14:27:51,715  INFO [Thread-3309] metastore.HiveMetaStoreClient: Closed a connection to metastore, current connections: -95
2024-05-01T14:27:51,715  INFO [Thread-3309] HiveMetaStore.audit: ugi=alex	ip=unknown-ip-addr	cmd=get_databases: @hive#NonExistentDatabaseUsedForHealthCheck	
2024-05-01T14:27:51,716  INFO [Thread-3309] metastore.HMSHandler: 98: Opening raw store with implementation class:org.apache.hadoop.hive.metastore.ObjectStore
2024-05-01T14:27:51,716  INFO [Thread-3309] metastore.ObjectStore: RawStore: org.apache.hadoop.hive.metastore.ObjectStore@2697f951, with PersistenceManager: null will be shutdown
2024-05-01T14:27:51,716  INFO [Thread-3309] metastore.ObjectStore: RawStore: org.apache.hadoop.hive.metastore.ObjectStore@2697f951, with PersistenceManager: org.datanucleus.api.jdo.JDOPersistenceManager@65744dac created in the thread with id: 3570
2024-05-01T14:27:51,717  INFO [Thread-3309] metastore.HMSHandler: Created RawStore: org.apache.hadoop.hive.metastore.ObjectStore@2697f951 from thread id: 3570
2024-05-01T14:27:51,770  WARN [Thread-3309] conf.HiveConf: HiveConf of name hive.llap.io.cache.orc.size does not exist
2024-05-01T14:27:51,770  WARN [Thread-3309] conf.HiveConf: HiveConf of name hive.dummyparam.test.server.specific.config.override does not exist
2024-05-01T14:27:51,770  WARN [Thread-3309] conf.HiveConf: HiveConf of name hive.metastore.metadb.dir does not exist
2024-05-01T14:27:51,770  WARN [Thread-3309] conf.HiveConf: HiveConf of name hive.llap.io.cache.orc.alloc.min does not exist
2024-05-01T14:27:51,770  WARN [Thread-3309] conf.HiveConf: HiveConf of name hive.dummyparam.test.server.specific.config.hivesite does not exist
2024-05-01T14:27:51,770  WARN [Thread-3309] conf.HiveConf: HiveConf of name hive.llap.io.cache.orc.alloc.max does not exist
2024-05-01T14:27:51,770  WARN [Thread-3309] conf.HiveConf: HiveConf of name hive.metastore.client.cache.maxSize does not exist
2024-05-01T14:27:51,770  WARN [Thread-3309] conf.HiveConf: HiveConf of name hive.dummyparam.test.server.specific.config.metastoresite does not exist
2024-05-01T14:27:51,770  WARN [Thread-3309] conf.HiveConf: HiveConf of name hive.metastore.client.cache.recordStats does not exist
2024-05-01T14:27:51,770  WARN [Thread-3309] conf.HiveConf: HiveConf of name hive.llap.io.cache.orc.arena.size does not exist
2024-05-01T14:27:51,770  WARN [Thread-3309] conf.HiveConf: HiveConf of name hive.stats.key.prefix.reserve.length does not exist
2024-05-01T14:27:51,770  INFO [Thread-3309] mapreduce.FileOutputCommitterContainer: HAR not is not being used. The table employee has new partitions [{emp_country=IN, emp_state=TN}].
2024-05-01T14:27:51,772  INFO [Thread-3309] HiveMetaStore.audit: ugi=alex	ip=unknown-ip-addr	cmd=get_partition : tbl=hive.default.employee[IN,TN]	
2024-05-01T14:27:51,780  INFO [Thread-3309] HiveMetaStore.audit: ugi=alex	ip=unknown-ip-addr	cmd=add_partition	
2024-05-01T14:27:51,780  INFO [Thread-3309] HiveMetaStore.audit: ugi=alex	ip=unknown-ip-addr	cmd=add_partitions	
2024-05-01T14:27:51,784  INFO [HMSHandler #11] utils.MetaStoreServerUtils: Updating partition stats fast for: employee
2024-05-01T14:27:51,784  INFO [HMSHandler #11] utils.MetaStoreServerUtils: Updated size to 1007
2024-05-01T14:27:51,822  INFO [Thread-3309] mapreduce.FileOutputCommitterContainer: Cancelling delegation token for the job.
2024-05-01T14:27:51,867  WARN [Thread-3309] conf.HiveConf: HiveConf of name hive.llap.io.cache.orc.size does not exist
2024-05-01T14:27:51,867  WARN [Thread-3309] conf.HiveConf: HiveConf of name hive.dummyparam.test.server.specific.config.override does not exist
2024-05-01T14:27:51,867  WARN [Thread-3309] conf.HiveConf: HiveConf of name hive.metastore.metadb.dir does not exist
2024-05-01T14:27:51,867  WARN [Thread-3309] conf.HiveConf: HiveConf of name hive.llap.io.cache.orc.alloc.min does not exist
2024-05-01T14:27:51,867  WARN [Thread-3309] conf.HiveConf: HiveConf of name hive.dummyparam.test.server.specific.config.hivesite does not exist
2024-05-01T14:27:51,867  WARN [Thread-3309] conf.HiveConf: HiveConf of name hive.llap.io.cache.orc.alloc.max does not exist
2024-05-01T14:27:51,867  WARN [Thread-3309] conf.HiveConf: HiveConf of name hive.metastore.client.cache.maxSize does not exist
2024-05-01T14:27:51,867  WARN [Thread-3309] conf.HiveConf: HiveConf of name hive.dummyparam.test.server.specific.config.metastoresite does not exist
2024-05-01T14:27:51,867  WARN [Thread-3309] conf.HiveConf: HiveConf of name hive.metastore.client.cache.recordStats does not exist
2024-05-01T14:27:51,867  WARN [Thread-3309] conf.HiveConf: HiveConf of name hive.llap.io.cache.orc.arena.size does not exist
2024-05-01T14:27:51,867  WARN [Thread-3309] conf.HiveConf: HiveConf of name hive.stats.key.prefix.reserve.length does not exist
2024-05-01T14:27:51,868  INFO [Thread-3309] common.HCatUtil: mapreduce.lib.hcatoutput.hive.conf is set. Applying configuration differences.
2024-05-01T14:27:51,868  INFO [Thread-3309] HiveMetaStore.audit: ugi=alex	ip=unknown-ip-addr	cmd=get_databases: @hive#NonExistentDatabaseUsedForHealthCheck	
2024-05-01T14:27:51,868  INFO [Thread-3309] mapreduce.FileOutputCommitterContainer: FileOutputCommitterContainer::cancelDelegationTokens(): Could not find tokenStrForm, or HCAT_KEY_TOKEN_SIGNATURE. Skipping token cancellation.
2024-05-01T14:27:51,920  WARN [Thread-3309] conf.HiveConf: HiveConf of name hive.llap.io.cache.orc.size does not exist
2024-05-01T14:27:51,920  WARN [Thread-3309] conf.HiveConf: HiveConf of name hive.dummyparam.test.server.specific.config.override does not exist
2024-05-01T14:27:51,920  WARN [Thread-3309] conf.HiveConf: HiveConf of name hive.metastore.metadb.dir does not exist
2024-05-01T14:27:51,920  WARN [Thread-3309] conf.HiveConf: HiveConf of name hive.llap.io.cache.orc.alloc.min does not exist
2024-05-01T14:27:51,920  WARN [Thread-3309] conf.HiveConf: HiveConf of name hive.dummyparam.test.server.specific.config.hivesite does not exist
2024-05-01T14:27:51,920  WARN [Thread-3309] conf.HiveConf: HiveConf of name hive.llap.io.cache.orc.alloc.max does not exist
2024-05-01T14:27:51,920  WARN [Thread-3309] conf.HiveConf: HiveConf of name hive.metastore.client.cache.maxSize does not exist
2024-05-01T14:27:51,920  WARN [Thread-3309] conf.HiveConf: HiveConf of name hive.dummyparam.test.server.specific.config.metastoresite does not exist
2024-05-01T14:27:51,920  WARN [Thread-3309] conf.HiveConf: HiveConf of name hive.metastore.client.cache.recordStats does not exist
2024-05-01T14:27:51,920  WARN [Thread-3309] conf.HiveConf: HiveConf of name hive.llap.io.cache.orc.arena.size does not exist
2024-05-01T14:27:51,920  WARN [Thread-3309] conf.HiveConf: HiveConf of name hive.stats.key.prefix.reserve.length does not exist
2024-05-01T14:27:51,920  INFO [Thread-3309] common.HCatUtil: mapreduce.lib.hcatoutput.hive.conf is set. Applying configuration differences.
2024-05-01T14:27:51,921  INFO [Thread-3309] HiveMetaStore.audit: ugi=alex	ip=unknown-ip-addr	cmd=get_databases: @hive#NonExistentDatabaseUsedForHealthCheck	
2024-05-01T14:27:51,931  INFO [Thread-3309] mapreduce.FileOutputCommitterContainer: HAR not is not being used. The table employee has new partitions [{emp_country=IN, emp_state=KA}].
2024-05-01T14:27:51,932  INFO [Thread-3309] HiveMetaStore.audit: ugi=alex	ip=unknown-ip-addr	cmd=get_partition : tbl=hive.default.employee[IN,KA]	
2024-05-01T14:27:51,934  INFO [Thread-3309] HiveMetaStore.audit: ugi=alex	ip=unknown-ip-addr	cmd=add_partition	
2024-05-01T14:27:51,934  INFO [Thread-3309] HiveMetaStore.audit: ugi=alex	ip=unknown-ip-addr	cmd=add_partitions	
2024-05-01T14:27:51,938  INFO [HMSHandler #12] utils.MetaStoreServerUtils: Updating partition stats fast for: employee
2024-05-01T14:27:51,938  INFO [HMSHandler #12] utils.MetaStoreServerUtils: Updated size to 1008
2024-05-01T14:27:51,965  INFO [Thread-3309] mapreduce.FileOutputCommitterContainer: Cancelling delegation token for the job.
2024-05-01T14:27:52,007  WARN [Thread-3309] conf.HiveConf: HiveConf of name hive.llap.io.cache.orc.size does not exist
2024-05-01T14:27:52,007  WARN [Thread-3309] conf.HiveConf: HiveConf of name hive.dummyparam.test.server.specific.config.override does not exist
2024-05-01T14:27:52,007  WARN [Thread-3309] conf.HiveConf: HiveConf of name hive.metastore.metadb.dir does not exist
2024-05-01T14:27:52,007  WARN [Thread-3309] conf.HiveConf: HiveConf of name hive.llap.io.cache.orc.alloc.min does not exist
2024-05-01T14:27:52,007  WARN [Thread-3309] conf.HiveConf: HiveConf of name hive.dummyparam.test.server.specific.config.hivesite does not exist
2024-05-01T14:27:52,007  WARN [Thread-3309] conf.HiveConf: HiveConf of name hive.llap.io.cache.orc.alloc.max does not exist
2024-05-01T14:27:52,007  WARN [Thread-3309] conf.HiveConf: HiveConf of name hive.metastore.client.cache.maxSize does not exist
2024-05-01T14:27:52,008  WARN [Thread-3309] conf.HiveConf: HiveConf of name hive.dummyparam.test.server.specific.config.metastoresite does not exist
2024-05-01T14:27:52,008  WARN [Thread-3309] conf.HiveConf: HiveConf of name hive.metastore.client.cache.recordStats does not exist
2024-05-01T14:27:52,008  WARN [Thread-3309] conf.HiveConf: HiveConf of name hive.llap.io.cache.orc.arena.size does not exist
2024-05-01T14:27:52,008  WARN [Thread-3309] conf.HiveConf: HiveConf of name hive.stats.key.prefix.reserve.length does not exist
2024-05-01T14:27:52,008  INFO [Thread-3309] common.HCatUtil: mapreduce.lib.hcatoutput.hive.conf is set. Applying configuration differences.
2024-05-01T14:27:52,008  INFO [Thread-3309] HiveMetaStore.audit: ugi=alex	ip=unknown-ip-addr	cmd=get_databases: @hive#NonExistentDatabaseUsedForHealthCheck	
2024-05-01T14:27:52,009  INFO [Thread-3309] mapreduce.FileOutputCommitterContainer: FileOutputCommitterContainer::cancelDelegationTokens(): Could not find tokenStrForm, or HCAT_KEY_TOKEN_SIGNATURE. Skipping token cancellation.
2024-05-01T14:27:52,060  WARN [Thread-3309] conf.HiveConf: HiveConf of name hive.llap.io.cache.orc.size does not exist
2024-05-01T14:27:52,060  WARN [Thread-3309] conf.HiveConf: HiveConf of name hive.dummyparam.test.server.specific.config.override does not exist
2024-05-01T14:27:52,060  WARN [Thread-3309] conf.HiveConf: HiveConf of name hive.metastore.metadb.dir does not exist
2024-05-01T14:27:52,060  WARN [Thread-3309] conf.HiveConf: HiveConf of name hive.llap.io.cache.orc.alloc.min does not exist
2024-05-01T14:27:52,060  WARN [Thread-3309] conf.HiveConf: HiveConf of name hive.dummyparam.test.server.specific.config.hivesite does not exist
2024-05-01T14:27:52,060  WARN [Thread-3309] conf.HiveConf: HiveConf of name hive.llap.io.cache.orc.alloc.max does not exist
2024-05-01T14:27:52,060  WARN [Thread-3309] conf.HiveConf: HiveConf of name hive.metastore.client.cache.maxSize does not exist
2024-05-01T14:27:52,060  WARN [Thread-3309] conf.HiveConf: HiveConf of name hive.dummyparam.test.server.specific.config.metastoresite does not exist
2024-05-01T14:27:52,060  WARN [Thread-3309] conf.HiveConf: HiveConf of name hive.metastore.client.cache.recordStats does not exist
2024-05-01T14:27:52,060  WARN [Thread-3309] conf.HiveConf: HiveConf of name hive.llap.io.cache.orc.arena.size does not exist
2024-05-01T14:27:52,060  WARN [Thread-3309] conf.HiveConf: HiveConf of name hive.stats.key.prefix.reserve.length does not exist
2024-05-01T14:27:52,061  INFO [Thread-3309] common.HCatUtil: mapreduce.lib.hcatoutput.hive.conf is set. Applying configuration differences.
2024-05-01T14:27:52,061  INFO [Thread-3309] HiveMetaStore.audit: ugi=alex	ip=unknown-ip-addr	cmd=get_databases: @hive#NonExistentDatabaseUsedForHealthCheck	
2024-05-01T14:27:52,071  INFO [Thread-3309] mapreduce.FileOutputCommitterContainer: HAR not is not being used. The table employee has new partitions [{emp_country=IN, emp_state=KL}].
2024-05-01T14:27:52,072  INFO [Thread-3309] HiveMetaStore.audit: ugi=alex	ip=unknown-ip-addr	cmd=get_partition : tbl=hive.default.employee[IN,KL]	
2024-05-01T14:27:52,074  INFO [Thread-3309] HiveMetaStore.audit: ugi=alex	ip=unknown-ip-addr	cmd=add_partition	
2024-05-01T14:27:52,074  INFO [Thread-3309] HiveMetaStore.audit: ugi=alex	ip=unknown-ip-addr	cmd=add_partitions	
2024-05-01T14:27:52,081  INFO [HMSHandler #13] utils.MetaStoreServerUtils: Updating partition stats fast for: employee
2024-05-01T14:27:52,081  INFO [HMSHandler #13] utils.MetaStoreServerUtils: Updated size to 993
2024-05-01T14:27:52,109  INFO [Thread-3309] mapreduce.FileOutputCommitterContainer: Cancelling delegation token for the job.
2024-05-01T14:27:52,156  WARN [Thread-3309] conf.HiveConf: HiveConf of name hive.llap.io.cache.orc.size does not exist
2024-05-01T14:27:52,156  WARN [Thread-3309] conf.HiveConf: HiveConf of name hive.dummyparam.test.server.specific.config.override does not exist
2024-05-01T14:27:52,156  WARN [Thread-3309] conf.HiveConf: HiveConf of name hive.metastore.metadb.dir does not exist
2024-05-01T14:27:52,156  WARN [Thread-3309] conf.HiveConf: HiveConf of name hive.llap.io.cache.orc.alloc.min does not exist
2024-05-01T14:27:52,156  WARN [Thread-3309] conf.HiveConf: HiveConf of name hive.dummyparam.test.server.specific.config.hivesite does not exist
2024-05-01T14:27:52,156  WARN [Thread-3309] conf.HiveConf: HiveConf of name hive.llap.io.cache.orc.alloc.max does not exist
2024-05-01T14:27:52,156  WARN [Thread-3309] conf.HiveConf: HiveConf of name hive.metastore.client.cache.maxSize does not exist
2024-05-01T14:27:52,156  WARN [Thread-3309] conf.HiveConf: HiveConf of name hive.dummyparam.test.server.specific.config.metastoresite does not exist
2024-05-01T14:27:52,156  WARN [Thread-3309] conf.HiveConf: HiveConf of name hive.metastore.client.cache.recordStats does not exist
2024-05-01T14:27:52,156  WARN [Thread-3309] conf.HiveConf: HiveConf of name hive.llap.io.cache.orc.arena.size does not exist
2024-05-01T14:27:52,156  WARN [Thread-3309] conf.HiveConf: HiveConf of name hive.stats.key.prefix.reserve.length does not exist
2024-05-01T14:27:52,156  INFO [Thread-3309] common.HCatUtil: mapreduce.lib.hcatoutput.hive.conf is set. Applying configuration differences.
2024-05-01T14:27:52,157  INFO [Thread-3309] HiveMetaStore.audit: ugi=alex	ip=unknown-ip-addr	cmd=get_databases: @hive#NonExistentDatabaseUsedForHealthCheck	
2024-05-01T14:27:52,158  INFO [Thread-3309] mapreduce.FileOutputCommitterContainer: FileOutputCommitterContainer::cancelDelegationTokens(): Could not find tokenStrForm, or HCAT_KEY_TOKEN_SIGNATURE. Skipping token cancellation.
2024-05-01T14:27:52,214  WARN [Thread-3309] conf.HiveConf: HiveConf of name hive.llap.io.cache.orc.size does not exist
2024-05-01T14:27:52,214  WARN [Thread-3309] conf.HiveConf: HiveConf of name hive.dummyparam.test.server.specific.config.override does not exist
2024-05-01T14:27:52,214  WARN [Thread-3309] conf.HiveConf: HiveConf of name hive.metastore.metadb.dir does not exist
2024-05-01T14:27:52,214  WARN [Thread-3309] conf.HiveConf: HiveConf of name hive.llap.io.cache.orc.alloc.min does not exist
2024-05-01T14:27:52,214  WARN [Thread-3309] conf.HiveConf: HiveConf of name hive.dummyparam.test.server.specific.config.hivesite does not exist
2024-05-01T14:27:52,214  WARN [Thread-3309] conf.HiveConf: HiveConf of name hive.llap.io.cache.orc.alloc.max does not exist
2024-05-01T14:27:52,214  WARN [Thread-3309] conf.HiveConf: HiveConf of name hive.metastore.client.cache.maxSize does not exist
2024-05-01T14:27:52,214  WARN [Thread-3309] conf.HiveConf: HiveConf of name hive.dummyparam.test.server.specific.config.metastoresite does not exist
2024-05-01T14:27:52,214  WARN [Thread-3309] conf.HiveConf: HiveConf of name hive.metastore.client.cache.recordStats does not exist
2024-05-01T14:27:52,214  WARN [Thread-3309] conf.HiveConf: HiveConf of name hive.llap.io.cache.orc.arena.size does not exist
2024-05-01T14:27:52,214  WARN [Thread-3309] conf.HiveConf: HiveConf of name hive.stats.key.prefix.reserve.length does not exist
2024-05-01T14:27:52,214  INFO [Thread-3309] common.HCatUtil: mapreduce.lib.hcatoutput.hive.conf is set. Applying configuration differences.
2024-05-01T14:27:52,214  INFO [Thread-3309] HiveMetaStore.audit: ugi=alex	ip=unknown-ip-addr	cmd=get_databases: @hive#NonExistentDatabaseUsedForHealthCheck	
2024-05-01T14:27:52,224  INFO [Thread-3309] mapreduce.FileOutputCommitterContainer: HAR not is not being used. The table employee has new partitions [{emp_country=IN, emp_state=AP}].
2024-05-01T14:27:52,225  INFO [Thread-3309] HiveMetaStore.audit: ugi=alex	ip=unknown-ip-addr	cmd=get_partition : tbl=hive.default.employee[IN,AP]	
2024-05-01T14:27:52,228  INFO [Thread-3309] HiveMetaStore.audit: ugi=alex	ip=unknown-ip-addr	cmd=add_partition	
2024-05-01T14:27:52,229  INFO [Thread-3309] HiveMetaStore.audit: ugi=alex	ip=unknown-ip-addr	cmd=add_partitions	
2024-05-01T14:27:52,233  INFO [HMSHandler #14] utils.MetaStoreServerUtils: Updating partition stats fast for: employee
2024-05-01T14:27:52,234  INFO [HMSHandler #14] utils.MetaStoreServerUtils: Updated size to 994
2024-05-01T14:27:52,262  INFO [Thread-3309] mapreduce.FileOutputCommitterContainer: Cancelling delegation token for the job.
2024-05-01T14:27:52,308  WARN [Thread-3309] conf.HiveConf: HiveConf of name hive.llap.io.cache.orc.size does not exist
2024-05-01T14:27:52,308  WARN [Thread-3309] conf.HiveConf: HiveConf of name hive.dummyparam.test.server.specific.config.override does not exist
2024-05-01T14:27:52,308  WARN [Thread-3309] conf.HiveConf: HiveConf of name hive.metastore.metadb.dir does not exist
2024-05-01T14:27:52,308  WARN [Thread-3309] conf.HiveConf: HiveConf of name hive.llap.io.cache.orc.alloc.min does not exist
2024-05-01T14:27:52,308  WARN [Thread-3309] conf.HiveConf: HiveConf of name hive.dummyparam.test.server.specific.config.hivesite does not exist
2024-05-01T14:27:52,308  WARN [Thread-3309] conf.HiveConf: HiveConf of name hive.llap.io.cache.orc.alloc.max does not exist
2024-05-01T14:27:52,308  WARN [Thread-3309] conf.HiveConf: HiveConf of name hive.metastore.client.cache.maxSize does not exist
2024-05-01T14:27:52,308  WARN [Thread-3309] conf.HiveConf: HiveConf of name hive.dummyparam.test.server.specific.config.metastoresite does not exist
2024-05-01T14:27:52,308  WARN [Thread-3309] conf.HiveConf: HiveConf of name hive.metastore.client.cache.recordStats does not exist
2024-05-01T14:27:52,308  WARN [Thread-3309] conf.HiveConf: HiveConf of name hive.llap.io.cache.orc.arena.size does not exist
2024-05-01T14:27:52,308  WARN [Thread-3309] conf.HiveConf: HiveConf of name hive.stats.key.prefix.reserve.length does not exist
2024-05-01T14:27:52,309  INFO [Thread-3309] common.HCatUtil: mapreduce.lib.hcatoutput.hive.conf is set. Applying configuration differences.
2024-05-01T14:27:52,309  INFO [Thread-3309] HiveMetaStore.audit: ugi=alex	ip=unknown-ip-addr	cmd=get_databases: @hive#NonExistentDatabaseUsedForHealthCheck	
2024-05-01T14:27:52,310  INFO [Thread-3309] mapreduce.FileOutputCommitterContainer: FileOutputCommitterContainer::cancelDelegationTokens(): Could not find tokenStrForm, or HCAT_KEY_TOKEN_SIGNATURE. Skipping token cancellation.
2024-05-01T14:27:52,511  WARN [main] impl.MetricsSystemImpl: JobTracker metrics system already initialized!
2024-05-01T14:27:52,512  WARN [main] impl.MetricsSystemImpl: JobTracker metrics system already initialized!
2024-05-01T14:27:52,513  WARN [main] impl.MetricsSystemImpl: JobTracker metrics system already initialized!
2024-05-01T14:27:52,533  INFO [main] pigstats.JobStats: using output size reader: org.apache.pig.backend.hadoop.executionengine.mapReduceLayer.FileBasedOutputSizeReader
2024-05-01T14:27:52,533  WARN [main] pigstats.JobStats: unable to find the output file
java.io.FileNotFoundException: File employee does not exist
	at org.apache.hadoop.fs.RawLocalFileSystem.listStatus(RawLocalFileSystem.java:464) ~[hadoop-common-3.1.0.jar:?]
	at org.apache.hadoop.fs.FileSystem.listStatus(FileSystem.java:1919) ~[hadoop-common-3.1.0.jar:?]
	at org.apache.hadoop.fs.FileSystem.listStatus(FileSystem.java:1961) ~[hadoop-common-3.1.0.jar:?]
	at org.apache.hadoop.fs.ChecksumFileSystem.listStatus(ChecksumFileSystem.java:678) ~[hadoop-common-3.1.0.jar:?]
	at org.apache.pig.backend.hadoop.executionengine.mapReduceLayer.FileBasedOutputSizeReader.getOutputSize(FileBasedOutputSizeReader.java:81) ~[pig-0.16.0-h2.jar:?]
	at org.apache.pig.tools.pigstats.JobStats.getOutputSize(JobStats.java:351) [pig-0.16.0-h2.jar:?]
	at org.apache.pig.tools.pigstats.mapreduce.MRJobStats.addOneOutputStats(MRJobStats.java:461) [pig-0.16.0-h2.jar:?]
	at org.apache.pig.tools.pigstats.mapreduce.MRJobStats.addOutputStatistics(MRJobStats.java:443) [pig-0.16.0-h2.jar:?]
	at org.apache.pig.tools.pigstats.mapreduce.MRPigStatsUtil.addSuccessJobStats(MRPigStatsUtil.java:237) [pig-0.16.0-h2.jar:?]
	at org.apache.pig.tools.pigstats.mapreduce.MRPigStatsUtil.accumulateStats(MRPigStatsUtil.java:165) [pig-0.16.0-h2.jar:?]
	at org.apache.pig.backend.hadoop.executionengine.mapReduceLayer.MapReduceLauncher.launchPig(MapReduceLauncher.java:360) [pig-0.16.0-h2.jar:?]
	at org.apache.pig.backend.hadoop.executionengine.HExecutionEngine.launchPig(HExecutionEngine.java:308) [pig-0.16.0-h2.jar:?]
	at org.apache.pig.PigServer.launchPlan(PigServer.java:1474) [pig-0.16.0-h2.jar:?]
	at org.apache.pig.PigServer.executeCompiledLogicalPlan(PigServer.java:1459) [pig-0.16.0-h2.jar:?]
	at org.apache.pig.PigServer.execute(PigServer.java:1448) [pig-0.16.0-h2.jar:?]
	at org.apache.pig.PigServer.executeBatch(PigServer.java:488) [pig-0.16.0-h2.jar:?]
	at org.apache.pig.PigServer.executeBatch(PigServer.java:471) [pig-0.16.0-h2.jar:?]
	at org.apache.hive.hcatalog.pig.AbstractHCatStorerTest.testMultiPartColsInData(AbstractHCatStorerTest.java:478) [test-classes/:?]
	at sun.reflect.NativeMethodAccessorImpl.invoke0(Native Method) ~[?:1.8.0_402]
	at sun.reflect.NativeMethodAccessorImpl.invoke(NativeMethodAccessorImpl.java:62) ~[?:1.8.0_402]
	at sun.reflect.DelegatingMethodAccessorImpl.invoke(DelegatingMethodAccessorImpl.java:43) ~[?:1.8.0_402]
	at java.lang.reflect.Method.invoke(Method.java:498) ~[?:1.8.0_402]
	at org.junit.runners.model.FrameworkMethod$1.runReflectiveCall(FrameworkMethod.java:59) [junit-4.13.jar:4.13]
	at org.junit.internal.runners.model.ReflectiveCallable.run(ReflectiveCallable.java:12) [junit-4.13.jar:4.13]
	at org.junit.runners.model.FrameworkMethod.invokeExplosively(FrameworkMethod.java:56) [junit-4.13.jar:4.13]
	at org.junit.internal.runners.statements.InvokeMethod.evaluate(InvokeMethod.java:17) [junit-4.13.jar:4.13]
	at org.junit.internal.runners.statements.RunBefores.evaluate(RunBefores.java:26) [junit-4.13.jar:4.13]
	at org.junit.runners.ParentRunner$3.evaluate(ParentRunner.java:306) [junit-4.13.jar:4.13]
	at org.junit.runners.BlockJUnit4ClassRunner$1.evaluate(BlockJUnit4ClassRunner.java:100) [junit-4.13.jar:4.13]
	at org.junit.runners.ParentRunner.runLeaf(ParentRunner.java:366) [junit-4.13.jar:4.13]
	at org.junit.runners.BlockJUnit4ClassRunner.runChild(BlockJUnit4ClassRunner.java:103) [junit-4.13.jar:4.13]
	at org.junit.runners.BlockJUnit4ClassRunner.runChild(BlockJUnit4ClassRunner.java:63) [junit-4.13.jar:4.13]
	at org.junit.runners.ParentRunner$4.run(ParentRunner.java:331) [junit-4.13.jar:4.13]
	at org.junit.runners.ParentRunner$1.schedule(ParentRunner.java:79) [junit-4.13.jar:4.13]
	at org.junit.runners.ParentRunner.runChildren(ParentRunner.java:329) [junit-4.13.jar:4.13]
	at org.junit.runners.ParentRunner.access$100(ParentRunner.java:66) [junit-4.13.jar:4.13]
	at org.junit.runners.ParentRunner$2.evaluate(ParentRunner.java:293) [junit-4.13.jar:4.13]
	at org.junit.internal.runners.statements.RunBefores.evaluate(RunBefores.java:26) [junit-4.13.jar:4.13]
	at org.junit.runners.ParentRunner$3.evaluate(ParentRunner.java:306) [junit-4.13.jar:4.13]
	at org.junit.runners.ParentRunner.run(ParentRunner.java:413) [junit-4.13.jar:4.13]
	at org.apache.maven.surefire.junit4.JUnit4Provider.execute(JUnit4Provider.java:365) [surefire-junit4-3.0.0-M4.jar:3.0.0-M4]
	at org.apache.maven.surefire.junit4.JUnit4Provider.executeWithRerun(JUnit4Provider.java:273) [surefire-junit4-3.0.0-M4.jar:3.0.0-M4]
	at org.apache.maven.surefire.junit4.JUnit4Provider.executeTestSet(JUnit4Provider.java:238) [surefire-junit4-3.0.0-M4.jar:3.0.0-M4]
	at org.apache.maven.surefire.junit4.JUnit4Provider.invoke(JUnit4Provider.java:159) [surefire-junit4-3.0.0-M4.jar:3.0.0-M4]
	at org.apache.maven.surefire.booter.ForkedBooter.runSuitesInProcess(ForkedBooter.java:377) [surefire-booter-3.0.0-M4.jar:3.0.0-M4]
	at org.apache.maven.surefire.booter.ForkedBooter.execute(ForkedBooter.java:138) [surefire-booter-3.0.0-M4.jar:3.0.0-M4]
	at org.apache.maven.surefire.booter.ForkedBooter.run(ForkedBooter.java:465) [surefire-booter-3.0.0-M4.jar:3.0.0-M4]
	at org.apache.maven.surefire.booter.ForkedBooter.main(ForkedBooter.java:451) [surefire-booter-3.0.0-M4.jar:3.0.0-M4]
2024-05-01T14:27:52,533  INFO [main] pigstats.JobStats: using output size reader: org.apache.pig.backend.hadoop.executionengine.mapReduceLayer.FileBasedOutputSizeReader
2024-05-01T14:27:52,534  WARN [main] pigstats.JobStats: unable to find the output file
java.io.FileNotFoundException: File employee does not exist
	at org.apache.hadoop.fs.RawLocalFileSystem.listStatus(RawLocalFileSystem.java:464) ~[hadoop-common-3.1.0.jar:?]
	at org.apache.hadoop.fs.FileSystem.listStatus(FileSystem.java:1919) ~[hadoop-common-3.1.0.jar:?]
	at org.apache.hadoop.fs.FileSystem.listStatus(FileSystem.java:1961) ~[hadoop-common-3.1.0.jar:?]
	at org.apache.hadoop.fs.ChecksumFileSystem.listStatus(ChecksumFileSystem.java:678) ~[hadoop-common-3.1.0.jar:?]
	at org.apache.pig.backend.hadoop.executionengine.mapReduceLayer.FileBasedOutputSizeReader.getOutputSize(FileBasedOutputSizeReader.java:81) ~[pig-0.16.0-h2.jar:?]
	at org.apache.pig.tools.pigstats.JobStats.getOutputSize(JobStats.java:351) [pig-0.16.0-h2.jar:?]
	at org.apache.pig.tools.pigstats.mapreduce.MRJobStats.addOneOutputStats(MRJobStats.java:461) [pig-0.16.0-h2.jar:?]
	at org.apache.pig.tools.pigstats.mapreduce.MRJobStats.addOutputStatistics(MRJobStats.java:443) [pig-0.16.0-h2.jar:?]
	at org.apache.pig.tools.pigstats.mapreduce.MRPigStatsUtil.addSuccessJobStats(MRPigStatsUtil.java:237) [pig-0.16.0-h2.jar:?]
	at org.apache.pig.tools.pigstats.mapreduce.MRPigStatsUtil.accumulateStats(MRPigStatsUtil.java:165) [pig-0.16.0-h2.jar:?]
	at org.apache.pig.backend.hadoop.executionengine.mapReduceLayer.MapReduceLauncher.launchPig(MapReduceLauncher.java:360) [pig-0.16.0-h2.jar:?]
	at org.apache.pig.backend.hadoop.executionengine.HExecutionEngine.launchPig(HExecutionEngine.java:308) [pig-0.16.0-h2.jar:?]
	at org.apache.pig.PigServer.launchPlan(PigServer.java:1474) [pig-0.16.0-h2.jar:?]
	at org.apache.pig.PigServer.executeCompiledLogicalPlan(PigServer.java:1459) [pig-0.16.0-h2.jar:?]
	at org.apache.pig.PigServer.execute(PigServer.java:1448) [pig-0.16.0-h2.jar:?]
	at org.apache.pig.PigServer.executeBatch(PigServer.java:488) [pig-0.16.0-h2.jar:?]
	at org.apache.pig.PigServer.executeBatch(PigServer.java:471) [pig-0.16.0-h2.jar:?]
	at org.apache.hive.hcatalog.pig.AbstractHCatStorerTest.testMultiPartColsInData(AbstractHCatStorerTest.java:478) [test-classes/:?]
	at sun.reflect.NativeMethodAccessorImpl.invoke0(Native Method) ~[?:1.8.0_402]
	at sun.reflect.NativeMethodAccessorImpl.invoke(NativeMethodAccessorImpl.java:62) ~[?:1.8.0_402]
	at sun.reflect.DelegatingMethodAccessorImpl.invoke(DelegatingMethodAccessorImpl.java:43) ~[?:1.8.0_402]
	at java.lang.reflect.Method.invoke(Method.java:498) ~[?:1.8.0_402]
	at org.junit.runners.model.FrameworkMethod$1.runReflectiveCall(FrameworkMethod.java:59) [junit-4.13.jar:4.13]
	at org.junit.internal.runners.model.ReflectiveCallable.run(ReflectiveCallable.java:12) [junit-4.13.jar:4.13]
	at org.junit.runners.model.FrameworkMethod.invokeExplosively(FrameworkMethod.java:56) [junit-4.13.jar:4.13]
	at org.junit.internal.runners.statements.InvokeMethod.evaluate(InvokeMethod.java:17) [junit-4.13.jar:4.13]
	at org.junit.internal.runners.statements.RunBefores.evaluate(RunBefores.java:26) [junit-4.13.jar:4.13]
	at org.junit.runners.ParentRunner$3.evaluate(ParentRunner.java:306) [junit-4.13.jar:4.13]
	at org.junit.runners.BlockJUnit4ClassRunner$1.evaluate(BlockJUnit4ClassRunner.java:100) [junit-4.13.jar:4.13]
	at org.junit.runners.ParentRunner.runLeaf(ParentRunner.java:366) [junit-4.13.jar:4.13]
	at org.junit.runners.BlockJUnit4ClassRunner.runChild(BlockJUnit4ClassRunner.java:103) [junit-4.13.jar:4.13]
	at org.junit.runners.BlockJUnit4ClassRunner.runChild(BlockJUnit4ClassRunner.java:63) [junit-4.13.jar:4.13]
	at org.junit.runners.ParentRunner$4.run(ParentRunner.java:331) [junit-4.13.jar:4.13]
	at org.junit.runners.ParentRunner$1.schedule(ParentRunner.java:79) [junit-4.13.jar:4.13]
	at org.junit.runners.ParentRunner.runChildren(ParentRunner.java:329) [junit-4.13.jar:4.13]
	at org.junit.runners.ParentRunner.access$100(ParentRunner.java:66) [junit-4.13.jar:4.13]
	at org.junit.runners.ParentRunner$2.evaluate(ParentRunner.java:293) [junit-4.13.jar:4.13]
	at org.junit.internal.runners.statements.RunBefores.evaluate(RunBefores.java:26) [junit-4.13.jar:4.13]
	at org.junit.runners.ParentRunner$3.evaluate(ParentRunner.java:306) [junit-4.13.jar:4.13]
	at org.junit.runners.ParentRunner.run(ParentRunner.java:413) [junit-4.13.jar:4.13]
	at org.apache.maven.surefire.junit4.JUnit4Provider.execute(JUnit4Provider.java:365) [surefire-junit4-3.0.0-M4.jar:3.0.0-M4]
	at org.apache.maven.surefire.junit4.JUnit4Provider.executeWithRerun(JUnit4Provider.java:273) [surefire-junit4-3.0.0-M4.jar:3.0.0-M4]
	at org.apache.maven.surefire.junit4.JUnit4Provider.executeTestSet(JUnit4Provider.java:238) [surefire-junit4-3.0.0-M4.jar:3.0.0-M4]
	at org.apache.maven.surefire.junit4.JUnit4Provider.invoke(JUnit4Provider.java:159) [surefire-junit4-3.0.0-M4.jar:3.0.0-M4]
	at org.apache.maven.surefire.booter.ForkedBooter.runSuitesInProcess(ForkedBooter.java:377) [surefire-booter-3.0.0-M4.jar:3.0.0-M4]
	at org.apache.maven.surefire.booter.ForkedBooter.execute(ForkedBooter.java:138) [surefire-booter-3.0.0-M4.jar:3.0.0-M4]
	at org.apache.maven.surefire.booter.ForkedBooter.run(ForkedBooter.java:465) [surefire-booter-3.0.0-M4.jar:3.0.0-M4]
	at org.apache.maven.surefire.booter.ForkedBooter.main(ForkedBooter.java:451) [surefire-booter-3.0.0-M4.jar:3.0.0-M4]
2024-05-01T14:27:52,534  INFO [main] pigstats.JobStats: using output size reader: org.apache.pig.backend.hadoop.executionengine.mapReduceLayer.FileBasedOutputSizeReader
2024-05-01T14:27:52,534  WARN [main] pigstats.JobStats: unable to find the output file
java.io.FileNotFoundException: File employee does not exist
	at org.apache.hadoop.fs.RawLocalFileSystem.listStatus(RawLocalFileSystem.java:464) ~[hadoop-common-3.1.0.jar:?]
	at org.apache.hadoop.fs.FileSystem.listStatus(FileSystem.java:1919) ~[hadoop-common-3.1.0.jar:?]
	at org.apache.hadoop.fs.FileSystem.listStatus(FileSystem.java:1961) ~[hadoop-common-3.1.0.jar:?]
	at org.apache.hadoop.fs.ChecksumFileSystem.listStatus(ChecksumFileSystem.java:678) ~[hadoop-common-3.1.0.jar:?]
	at org.apache.pig.backend.hadoop.executionengine.mapReduceLayer.FileBasedOutputSizeReader.getOutputSize(FileBasedOutputSizeReader.java:81) ~[pig-0.16.0-h2.jar:?]
	at org.apache.pig.tools.pigstats.JobStats.getOutputSize(JobStats.java:351) [pig-0.16.0-h2.jar:?]
	at org.apache.pig.tools.pigstats.mapreduce.MRJobStats.addOneOutputStats(MRJobStats.java:461) [pig-0.16.0-h2.jar:?]
	at org.apache.pig.tools.pigstats.mapreduce.MRJobStats.addOutputStatistics(MRJobStats.java:443) [pig-0.16.0-h2.jar:?]
	at org.apache.pig.tools.pigstats.mapreduce.MRPigStatsUtil.addSuccessJobStats(MRPigStatsUtil.java:237) [pig-0.16.0-h2.jar:?]
	at org.apache.pig.tools.pigstats.mapreduce.MRPigStatsUtil.accumulateStats(MRPigStatsUtil.java:165) [pig-0.16.0-h2.jar:?]
	at org.apache.pig.backend.hadoop.executionengine.mapReduceLayer.MapReduceLauncher.launchPig(MapReduceLauncher.java:360) [pig-0.16.0-h2.jar:?]
	at org.apache.pig.backend.hadoop.executionengine.HExecutionEngine.launchPig(HExecutionEngine.java:308) [pig-0.16.0-h2.jar:?]
	at org.apache.pig.PigServer.launchPlan(PigServer.java:1474) [pig-0.16.0-h2.jar:?]
	at org.apache.pig.PigServer.executeCompiledLogicalPlan(PigServer.java:1459) [pig-0.16.0-h2.jar:?]
	at org.apache.pig.PigServer.execute(PigServer.java:1448) [pig-0.16.0-h2.jar:?]
	at org.apache.pig.PigServer.executeBatch(PigServer.java:488) [pig-0.16.0-h2.jar:?]
	at org.apache.pig.PigServer.executeBatch(PigServer.java:471) [pig-0.16.0-h2.jar:?]
	at org.apache.hive.hcatalog.pig.AbstractHCatStorerTest.testMultiPartColsInData(AbstractHCatStorerTest.java:478) [test-classes/:?]
	at sun.reflect.NativeMethodAccessorImpl.invoke0(Native Method) ~[?:1.8.0_402]
	at sun.reflect.NativeMethodAccessorImpl.invoke(NativeMethodAccessorImpl.java:62) ~[?:1.8.0_402]
	at sun.reflect.DelegatingMethodAccessorImpl.invoke(DelegatingMethodAccessorImpl.java:43) ~[?:1.8.0_402]
	at java.lang.reflect.Method.invoke(Method.java:498) ~[?:1.8.0_402]
	at org.junit.runners.model.FrameworkMethod$1.runReflectiveCall(FrameworkMethod.java:59) [junit-4.13.jar:4.13]
	at org.junit.internal.runners.model.ReflectiveCallable.run(ReflectiveCallable.java:12) [junit-4.13.jar:4.13]
	at org.junit.runners.model.FrameworkMethod.invokeExplosively(FrameworkMethod.java:56) [junit-4.13.jar:4.13]
	at org.junit.internal.runners.statements.InvokeMethod.evaluate(InvokeMethod.java:17) [junit-4.13.jar:4.13]
	at org.junit.internal.runners.statements.RunBefores.evaluate(RunBefores.java:26) [junit-4.13.jar:4.13]
	at org.junit.runners.ParentRunner$3.evaluate(ParentRunner.java:306) [junit-4.13.jar:4.13]
	at org.junit.runners.BlockJUnit4ClassRunner$1.evaluate(BlockJUnit4ClassRunner.java:100) [junit-4.13.jar:4.13]
	at org.junit.runners.ParentRunner.runLeaf(ParentRunner.java:366) [junit-4.13.jar:4.13]
	at org.junit.runners.BlockJUnit4ClassRunner.runChild(BlockJUnit4ClassRunner.java:103) [junit-4.13.jar:4.13]
	at org.junit.runners.BlockJUnit4ClassRunner.runChild(BlockJUnit4ClassRunner.java:63) [junit-4.13.jar:4.13]
	at org.junit.runners.ParentRunner$4.run(ParentRunner.java:331) [junit-4.13.jar:4.13]
	at org.junit.runners.ParentRunner$1.schedule(ParentRunner.java:79) [junit-4.13.jar:4.13]
	at org.junit.runners.ParentRunner.runChildren(ParentRunner.java:329) [junit-4.13.jar:4.13]
	at org.junit.runners.ParentRunner.access$100(ParentRunner.java:66) [junit-4.13.jar:4.13]
	at org.junit.runners.ParentRunner$2.evaluate(ParentRunner.java:293) [junit-4.13.jar:4.13]
	at org.junit.internal.runners.statements.RunBefores.evaluate(RunBefores.java:26) [junit-4.13.jar:4.13]
	at org.junit.runners.ParentRunner$3.evaluate(ParentRunner.java:306) [junit-4.13.jar:4.13]
	at org.junit.runners.ParentRunner.run(ParentRunner.java:413) [junit-4.13.jar:4.13]
	at org.apache.maven.surefire.junit4.JUnit4Provider.execute(JUnit4Provider.java:365) [surefire-junit4-3.0.0-M4.jar:3.0.0-M4]
	at org.apache.maven.surefire.junit4.JUnit4Provider.executeWithRerun(JUnit4Provider.java:273) [surefire-junit4-3.0.0-M4.jar:3.0.0-M4]
	at org.apache.maven.surefire.junit4.JUnit4Provider.executeTestSet(JUnit4Provider.java:238) [surefire-junit4-3.0.0-M4.jar:3.0.0-M4]
	at org.apache.maven.surefire.junit4.JUnit4Provider.invoke(JUnit4Provider.java:159) [surefire-junit4-3.0.0-M4.jar:3.0.0-M4]
	at org.apache.maven.surefire.booter.ForkedBooter.runSuitesInProcess(ForkedBooter.java:377) [surefire-booter-3.0.0-M4.jar:3.0.0-M4]
	at org.apache.maven.surefire.booter.ForkedBooter.execute(ForkedBooter.java:138) [surefire-booter-3.0.0-M4.jar:3.0.0-M4]
	at org.apache.maven.surefire.booter.ForkedBooter.run(ForkedBooter.java:465) [surefire-booter-3.0.0-M4.jar:3.0.0-M4]
	at org.apache.maven.surefire.booter.ForkedBooter.main(ForkedBooter.java:451) [surefire-booter-3.0.0-M4.jar:3.0.0-M4]
2024-05-01T14:27:52,534  INFO [main] pigstats.JobStats: using output size reader: org.apache.pig.backend.hadoop.executionengine.mapReduceLayer.FileBasedOutputSizeReader
2024-05-01T14:27:52,534  WARN [main] pigstats.JobStats: unable to find the output file
java.io.FileNotFoundException: File employee does not exist
	at org.apache.hadoop.fs.RawLocalFileSystem.listStatus(RawLocalFileSystem.java:464) ~[hadoop-common-3.1.0.jar:?]
	at org.apache.hadoop.fs.FileSystem.listStatus(FileSystem.java:1919) ~[hadoop-common-3.1.0.jar:?]
	at org.apache.hadoop.fs.FileSystem.listStatus(FileSystem.java:1961) ~[hadoop-common-3.1.0.jar:?]
	at org.apache.hadoop.fs.ChecksumFileSystem.listStatus(ChecksumFileSystem.java:678) ~[hadoop-common-3.1.0.jar:?]
	at org.apache.pig.backend.hadoop.executionengine.mapReduceLayer.FileBasedOutputSizeReader.getOutputSize(FileBasedOutputSizeReader.java:81) ~[pig-0.16.0-h2.jar:?]
	at org.apache.pig.tools.pigstats.JobStats.getOutputSize(JobStats.java:351) [pig-0.16.0-h2.jar:?]
	at org.apache.pig.tools.pigstats.mapreduce.MRJobStats.addOneOutputStats(MRJobStats.java:461) [pig-0.16.0-h2.jar:?]
	at org.apache.pig.tools.pigstats.mapreduce.MRJobStats.addOutputStatistics(MRJobStats.java:443) [pig-0.16.0-h2.jar:?]
	at org.apache.pig.tools.pigstats.mapreduce.MRPigStatsUtil.addSuccessJobStats(MRPigStatsUtil.java:237) [pig-0.16.0-h2.jar:?]
	at org.apache.pig.tools.pigstats.mapreduce.MRPigStatsUtil.accumulateStats(MRPigStatsUtil.java:165) [pig-0.16.0-h2.jar:?]
	at org.apache.pig.backend.hadoop.executionengine.mapReduceLayer.MapReduceLauncher.launchPig(MapReduceLauncher.java:360) [pig-0.16.0-h2.jar:?]
	at org.apache.pig.backend.hadoop.executionengine.HExecutionEngine.launchPig(HExecutionEngine.java:308) [pig-0.16.0-h2.jar:?]
	at org.apache.pig.PigServer.launchPlan(PigServer.java:1474) [pig-0.16.0-h2.jar:?]
	at org.apache.pig.PigServer.executeCompiledLogicalPlan(PigServer.java:1459) [pig-0.16.0-h2.jar:?]
	at org.apache.pig.PigServer.execute(PigServer.java:1448) [pig-0.16.0-h2.jar:?]
	at org.apache.pig.PigServer.executeBatch(PigServer.java:488) [pig-0.16.0-h2.jar:?]
	at org.apache.pig.PigServer.executeBatch(PigServer.java:471) [pig-0.16.0-h2.jar:?]
	at org.apache.hive.hcatalog.pig.AbstractHCatStorerTest.testMultiPartColsInData(AbstractHCatStorerTest.java:478) [test-classes/:?]
	at sun.reflect.NativeMethodAccessorImpl.invoke0(Native Method) ~[?:1.8.0_402]
	at sun.reflect.NativeMethodAccessorImpl.invoke(NativeMethodAccessorImpl.java:62) ~[?:1.8.0_402]
	at sun.reflect.DelegatingMethodAccessorImpl.invoke(DelegatingMethodAccessorImpl.java:43) ~[?:1.8.0_402]
	at java.lang.reflect.Method.invoke(Method.java:498) ~[?:1.8.0_402]
	at org.junit.runners.model.FrameworkMethod$1.runReflectiveCall(FrameworkMethod.java:59) [junit-4.13.jar:4.13]
	at org.junit.internal.runners.model.ReflectiveCallable.run(ReflectiveCallable.java:12) [junit-4.13.jar:4.13]
	at org.junit.runners.model.FrameworkMethod.invokeExplosively(FrameworkMethod.java:56) [junit-4.13.jar:4.13]
	at org.junit.internal.runners.statements.InvokeMethod.evaluate(InvokeMethod.java:17) [junit-4.13.jar:4.13]
	at org.junit.internal.runners.statements.RunBefores.evaluate(RunBefores.java:26) [junit-4.13.jar:4.13]
	at org.junit.runners.ParentRunner$3.evaluate(ParentRunner.java:306) [junit-4.13.jar:4.13]
	at org.junit.runners.BlockJUnit4ClassRunner$1.evaluate(BlockJUnit4ClassRunner.java:100) [junit-4.13.jar:4.13]
	at org.junit.runners.ParentRunner.runLeaf(ParentRunner.java:366) [junit-4.13.jar:4.13]
	at org.junit.runners.BlockJUnit4ClassRunner.runChild(BlockJUnit4ClassRunner.java:103) [junit-4.13.jar:4.13]
	at org.junit.runners.BlockJUnit4ClassRunner.runChild(BlockJUnit4ClassRunner.java:63) [junit-4.13.jar:4.13]
	at org.junit.runners.ParentRunner$4.run(ParentRunner.java:331) [junit-4.13.jar:4.13]
	at org.junit.runners.ParentRunner$1.schedule(ParentRunner.java:79) [junit-4.13.jar:4.13]
	at org.junit.runners.ParentRunner.runChildren(ParentRunner.java:329) [junit-4.13.jar:4.13]
	at org.junit.runners.ParentRunner.access$100(ParentRunner.java:66) [junit-4.13.jar:4.13]
	at org.junit.runners.ParentRunner$2.evaluate(ParentRunner.java:293) [junit-4.13.jar:4.13]
	at org.junit.internal.runners.statements.RunBefores.evaluate(RunBefores.java:26) [junit-4.13.jar:4.13]
	at org.junit.runners.ParentRunner$3.evaluate(ParentRunner.java:306) [junit-4.13.jar:4.13]
	at org.junit.runners.ParentRunner.run(ParentRunner.java:413) [junit-4.13.jar:4.13]
	at org.apache.maven.surefire.junit4.JUnit4Provider.execute(JUnit4Provider.java:365) [surefire-junit4-3.0.0-M4.jar:3.0.0-M4]
	at org.apache.maven.surefire.junit4.JUnit4Provider.executeWithRerun(JUnit4Provider.java:273) [surefire-junit4-3.0.0-M4.jar:3.0.0-M4]
	at org.apache.maven.surefire.junit4.JUnit4Provider.executeTestSet(JUnit4Provider.java:238) [surefire-junit4-3.0.0-M4.jar:3.0.0-M4]
	at org.apache.maven.surefire.junit4.JUnit4Provider.invoke(JUnit4Provider.java:159) [surefire-junit4-3.0.0-M4.jar:3.0.0-M4]
	at org.apache.maven.surefire.booter.ForkedBooter.runSuitesInProcess(ForkedBooter.java:377) [surefire-booter-3.0.0-M4.jar:3.0.0-M4]
	at org.apache.maven.surefire.booter.ForkedBooter.execute(ForkedBooter.java:138) [surefire-booter-3.0.0-M4.jar:3.0.0-M4]
	at org.apache.maven.surefire.booter.ForkedBooter.run(ForkedBooter.java:465) [surefire-booter-3.0.0-M4.jar:3.0.0-M4]
	at org.apache.maven.surefire.booter.ForkedBooter.main(ForkedBooter.java:451) [surefire-booter-3.0.0-M4.jar:3.0.0-M4]
2024-05-01T14:27:52,535  INFO [main] mapReduceLayer.MapReduceLauncher: 100% complete
2024-05-01T14:27:52,535  INFO [main] mapreduce.SimplePigStats: Script Statistics: 

HadoopVersion	PigVersion	UserId	StartedAt	FinishedAt	Features
3.1.0	0.16.0	alex	2024-05-01 14:27:51	2024-05-01 14:27:52	FILTER

Success!

Job Stats (time in seconds):
JobId	Maps	Reduces	MaxMapTime	MinMapTime	AvgMapTime	MedianMapTime	MaxReduceTime	MinReduceTime	AvgReduceTime	MedianReducetime	Alias	Feature	Outputs
job_local1458199465_0075	1	0	n/a	n/a	n/a	n/a	0	0	0	0	A,AP,KA,KL,TN	MULTI_QUERY,MAP_ONLY	employee,employee,employee,employee,

Input(s):
Successfully read 4 records from: "/home/alex/Repositories/hive/hcatalog/hcatalog-pig-adapter/build/test/data/org.apache.hive.hcatalog.mapreduce.HCatBaseTest-1714598801630/input.data"

Output(s):
Successfully stored 1 records in: "employee"
Successfully stored 1 records in: "employee"
Successfully stored 1 records in: "employee"
Successfully stored 1 records in: "employee"

Counters:
Total records written : 4
Total bytes written : 0
Spillable Memory Manager spill count : 0
Total bags proactively spilled: 0
Total records proactively spilled: 0

Job DAG:
job_local1458199465_0075


2024-05-01T14:27:52,536  WARN [main] impl.MetricsSystemImpl: JobTracker metrics system already initialized!
2024-05-01T14:27:52,537  WARN [main] impl.MetricsSystemImpl: JobTracker metrics system already initialized!
2024-05-01T14:27:52,537  INFO [main] mapReduceLayer.MapReduceLauncher: Success!
2024-05-01T14:27:52,538  INFO [main] ql.Driver: Compiling command(queryId=alex_20240501142750_cd31aaf8-ee22-4975-a287-47117cd9f8df): select * from employee
2024-05-01T14:27:52,538  INFO [main] parse.CalcitePlanner: Starting caching scope for: alex_20240501142750_cd31aaf8-ee22-4975-a287-47117cd9f8df
2024-05-01T14:27:52,538  INFO [main] parse.CalcitePlanner: Starting Semantic Analysis
2024-05-01T14:27:52,539  INFO [main] parse.CalcitePlanner: Completed phase 1 of Semantic Analysis
2024-05-01T14:27:52,539  INFO [main] parse.CalcitePlanner: Get metadata for source tables
2024-05-01T14:27:52,539  INFO [main] HiveMetaStore.audit: ugi=alex	ip=unknown-ip-addr	cmd=get_table : tbl=hive.default.employee	
2024-05-01T14:27:52,542  INFO [main] metastore.HMSHandler: Skipping translation for processor with null
2024-05-01T14:27:52,543  INFO [main] parse.CalcitePlanner: Get metadata for subqueries
2024-05-01T14:27:52,543  INFO [main] parse.CalcitePlanner: Get metadata for destination tables
2024-05-01T14:27:52,543  INFO [main] parse.CalcitePlanner: Completed getting MetaData in Semantic Analysis
2024-05-01T14:27:52,545  INFO [main] HiveMetaStore.audit: ugi=alex	ip=unknown-ip-addr	cmd=get_all_table_constraints : tbl=hive.default.employee	
2024-05-01T14:27:52,551  INFO [main] calcite.RelOptHiveTable: Calculating column statistics for default.employee, projIndxSet: [0, 1, 2, 3, 4, 5], allowMissingStats: true
2024-05-01T14:27:52,551  INFO [main] HiveMetaStore.audit: ugi=alex	ip=unknown-ip-addr	cmd=get_partitions : tbl=hive.default.employee	
2024-05-01T14:27:52,585  INFO [main] HiveMetaStore.audit: ugi=alex	ip=unknown-ip-addr	cmd=get_aggr_stats_for: table=hive.default.employee	
2024-05-01T14:27:52,599  WARN [main] calcite.RelOptHiveTable: No Stats for default@employee, Columns: emp_start_date, emp_name, emp_gender, emp_id
No Stats for default@employee, Columns: emp_start_date, emp_name, emp_gender, emp_id
2024-05-01T14:27:52,599  INFO [main] SessionState: No Stats for default@employee, Columns: emp_start_date, emp_name, emp_gender, emp_id
2024-05-01T14:27:52,639  INFO [main] parse.CalcitePlanner: Get metadata for source tables
2024-05-01T14:27:52,639  INFO [main] parse.CalcitePlanner: Get metadata for subqueries
2024-05-01T14:27:52,639  INFO [main] parse.CalcitePlanner: Get metadata for destination tables
2024-05-01T14:27:52,641  INFO [main] common.FileUtils: Creating directory if it doesn't exist: file:/home/alex/Repositories/hive/hcatalog/hcatalog-pig-adapter/target/tmp/localscratchdir/bcc60df5-8d38-482d-9a39-c732f12f561e/hive_2024-05-01_14-27-52_538_3279665172804037386-1/-mr-10001/.hive-staging_hive_2024-05-01_14-27-52_538_3279665172804037386-1
2024-05-01T14:27:52,651  INFO [main] parse.CalcitePlanner: CBO Succeeded; optimized logical plan.
2024-05-01T14:27:52,651  INFO [main] optimizer.BucketVersionPopulator: not considering bucketingVersion for: TS[0] because it has -1<2 buckets 
2024-05-01T14:27:52,652  INFO [main] parse.CalcitePlanner: Completed plan generation
2024-05-01T14:27:52,652  INFO [main] parse.CalcitePlanner: Ending caching scope for: alex_20240501142750_cd31aaf8-ee22-4975-a287-47117cd9f8df
2024-05-01T14:27:52,652  INFO [main] ql.Driver: Semantic Analysis Completed (retrial = false)
2024-05-01T14:27:52,653  INFO [main] ql.Driver: Created Hive schema: Schema(fieldSchemas:[FieldSchema(name:employee.emp_id, type:int, comment:null), FieldSchema(name:employee.emp_name, type:string, comment:null), FieldSchema(name:employee.emp_start_date, type:string, comment:null), FieldSchema(name:employee.emp_gender, type:string, comment:null), FieldSchema(name:employee.emp_country, type:string, comment:null), FieldSchema(name:employee.emp_state, type:string, comment:null)], properties:null)
2024-05-01T14:27:52,653  INFO [main] exec.TableScanOperator: Initializing Operator: TS[0]
2024-05-01T14:27:52,654  INFO [main] exec.SelectOperator: Initializing Operator: SEL[1]
2024-05-01T14:27:52,654  INFO [main] exec.SelectOperator: SELECT struct<emp_id:int,emp_name:string,emp_start_date:string,emp_gender:string,emp_country:string,emp_state:string>
2024-05-01T14:27:52,654  INFO [main] exec.ListSinkOperator: Initializing Operator: LIST_SINK[3]
2024-05-01T14:27:52,654  INFO [main] metadata.Hive: Dumping metastore api call timing information for : compilation phase
2024-05-01T14:27:52,654  INFO [main] metadata.Hive: Total time spent in each metastore function (ms): {isCompatibleWith_(Configuration)=0, listPartitions_(String, String, short)=33, getAllTableConstraints_(AllTableConstraintsRequest)=3, getTable_(GetTableRequest)=4, flushCache_()=0, getAggrColStatsFor_(String, String, List, List, String, String)=14}
2024-05-01T14:27:52,654  INFO [main] ql.Driver: Completed compiling command(queryId=alex_20240501142750_cd31aaf8-ee22-4975-a287-47117cd9f8df); Time taken: 0.116 seconds
2024-05-01T14:27:52,654  INFO [main] reexec.ReExecDriver: Execution #1 of query
2024-05-01T14:27:52,654  INFO [main] ql.Driver: Concurrency mode is disabled, not creating a lock manager
2024-05-01T14:27:52,654  INFO [main] ql.Driver: Executing command(queryId=alex_20240501142750_cd31aaf8-ee22-4975-a287-47117cd9f8df): select * from employee
2024-05-01T14:27:52,655  INFO [main] metadata.Hive: Dumping metastore api call timing information for : execution phase
2024-05-01T14:27:52,655  INFO [main] metadata.Hive: Total time spent in each metastore function (ms): {}
2024-05-01T14:27:52,655  INFO [main] ql.Driver: Completed executing command(queryId=alex_20240501142750_cd31aaf8-ee22-4975-a287-47117cd9f8df); Time taken: 0.001 seconds
2024-05-01T14:27:52,659  INFO [main] mapred.FileInputFormat: Total input files to process : 1
2024-05-01T14:27:52,668  INFO [main] hadoop.InternalParquetRecordReader: RecordReader initialized will read a total of 1 records.
2024-05-01T14:27:52,668  INFO [main] hadoop.InternalParquetRecordReader: at row 0. reading next block
2024-05-01T14:27:52,668  INFO [main] hadoop.InternalParquetRecordReader: block read in memory in 0 ms. row count = 1
2024-05-01T14:27:52,672  INFO [main] mapred.FileInputFormat: Total input files to process : 1
2024-05-01T14:27:52,679  INFO [main] hadoop.InternalParquetRecordReader: RecordReader initialized will read a total of 1 records.
2024-05-01T14:27:52,679  INFO [main] hadoop.InternalParquetRecordReader: at row 0. reading next block
2024-05-01T14:27:52,679  INFO [main] hadoop.InternalParquetRecordReader: block read in memory in 0 ms. row count = 1
2024-05-01T14:27:52,684  INFO [main] mapred.FileInputFormat: Total input files to process : 1
2024-05-01T14:27:52,687  INFO [main] hadoop.InternalParquetRecordReader: RecordReader initialized will read a total of 1 records.
2024-05-01T14:27:52,688  INFO [main] hadoop.InternalParquetRecordReader: at row 0. reading next block
2024-05-01T14:27:52,688  INFO [main] hadoop.InternalParquetRecordReader: block read in memory in 0 ms. row count = 1
2024-05-01T14:27:52,693  INFO [main] mapred.FileInputFormat: Total input files to process : 1
2024-05-01T14:27:52,699  INFO [main] hadoop.InternalParquetRecordReader: RecordReader initialized will read a total of 1 records.
2024-05-01T14:27:52,699  INFO [main] hadoop.InternalParquetRecordReader: at row 0. reading next block
2024-05-01T14:27:52,699  INFO [main] hadoop.InternalParquetRecordReader: block read in memory in 0 ms. row count = 1
2024-05-01T14:27:52,700  INFO [main] exec.TableScanOperator: Closing Operator: TS[0]
2024-05-01T14:27:52,700  INFO [main] exec.TableScanOperator: RECORDS_OUT_INTERMEDIATE:0, RECORDS_OUT_OPERATOR_TS_0:4, 
2024-05-01T14:27:52,700  INFO [main] exec.SelectOperator: Closing Operator: SEL[1]
2024-05-01T14:27:52,700  INFO [main] exec.SelectOperator: RECORDS_OUT_INTERMEDIATE:0, RECORDS_OUT_OPERATOR_SEL_1:4, 
2024-05-01T14:27:52,700  INFO [main] exec.ListSinkOperator: Closing Operator: LIST_SINK[3]
2024-05-01T14:27:52,700  INFO [main] exec.ListSinkOperator: RECORDS_OUT_INTERMEDIATE:0, RECORDS_OUT_OPERATOR_LIST_SINK_3:4, 
2024-05-01T14:27:52,700  INFO [main] HiveMetaStore.audit: ugi=alex	ip=unknown-ip-addr	cmd=get_table : tbl=hive.default.employee	
2024-05-01T14:27:52,710  INFO [main] metastore.HMSHandler: Skipping translation for processor with null
]]></system-err>
  </testcase>
  <testcase name="testStaticPartitioningMultiPartColsNoData" classname="org.apache.hive.hcatalog.pig.TestParquetHCatStorer" time="1.668"/>
  <testcase name="testStoreMultiTables" classname="org.apache.hive.hcatalog.pig.TestParquetHCatStorer" time="1.513"/>
  <testcase name="testStoreWithNoSchema" classname="org.apache.hive.hcatalog.pig.TestParquetHCatStorer" time="0.828"/>
  <testcase name="testNoAlias" classname="org.apache.hive.hcatalog.pig.TestParquetHCatStorer" time="0.298"/>
  <testcase name="testWriteTimestamp" classname="org.apache.hive.hcatalog.pig.TestParquetHCatStorer" time="3.507"/>
  <testcase name="testWriteDecimalXY" classname="org.apache.hive.hcatalog.pig.TestParquetHCatStorer" time="3.752"/>
  <testcase name="testStoreFuncSimple" classname="org.apache.hive.hcatalog.pig.TestParquetHCatStorer" time="0.764"/>
</testsuite>