<?xml version="1.0" encoding="UTF-8"?>
<testsuite xmlns:xsi="http://www.w3.org/2001/XMLSchema-instance" xsi:noNamespaceSchemaLocation="https://maven.apache.org/surefire/maven-surefire-plugin/xsd/surefire-test-report-3.0.xsd" version="3.0" name="org.apache.nifi.security.util.crypto.BcryptCipherProviderGroovyTest" time="0.942" tests="16" errors="0" skipped="1" failures="0">
  <properties>
    <property name="sun.desktop" value="gnome"/>
    <property name="awt.toolkit" value="sun.awt.X11.XToolkit"/>
    <property name="file.encoding.pkg" value="sun.io"/>
    <property name="nondexStart" value="0"/>
    <property name="java.specification.version" value="1.8"/>
    <property name="sun.cpu.isalist" value=""/>
    <property name="sun.jnu.encoding" value="UTF-8"/>
    <property name="java.class.path" value="/home/alex/Repositories/nifi/nifi-commons/nifi-security-utils/target/test-classes:/home/alex/Repositories/nifi/nifi-commons/nifi-security-utils/target/classes:/home/alex/Repositories/nifi/nifi-api/target/classes:/home/alex/Repositories/nifi/nifi-commons/nifi-utils/target/classes:/home/alex/Repositories/nifi/nifi-commons/nifi-security-utils-api/target/classes:/home/alex/Repositories/nifi/nifi-commons/nifi-security-kms/target/classes:/home/alex/.m2/repository/org/apache/commons/commons-lang3/3.12.0/commons-lang3-3.12.0.jar:/home/alex/.m2/repository/commons-codec/commons-codec/1.14/commons-codec-1.14.jar:/home/alex/.m2/repository/org/bouncycastle/bcprov-jdk15on/1.69/bcprov-jdk15on-1.69.jar:/home/alex/.m2/repository/org/bouncycastle/bcpkix-jdk15on/1.69/bcpkix-jdk15on-1.69.jar:/home/alex/.m2/repository/org/bouncycastle/bcutil-jdk15on/1.69/bcutil-jdk15on-1.69.jar:/home/alex/Repositories/nifi/nifi-commons/nifi-properties/target/classes:/home/alex/Repositories/nifi/nifi-commons/nifi-property-utils/target/classes:/home/alex/.m2/repository/at/favre/lib/bcrypt/0.9.0/bcrypt-0.9.0.jar:/home/alex/.m2/repository/at/favre/lib/bytes/1.3.0/bytes-1.3.0.jar:/home/alex/.m2/repository/org/apache/commons/commons-configuration2/2.7/commons-configuration2-2.7.jar:/home/alex/.m2/repository/org/apache/commons/commons-text/1.8/commons-text-1.8.jar:/home/alex/.m2/repository/org/slf4j/jcl-over-slf4j/1.7.32/jcl-over-slf4j-1.7.32.jar:/home/alex/.m2/repository/org/slf4j/slf4j-api/1.7.32/slf4j-api-1.7.32.jar:/home/alex/.m2/repository/org/junit/jupiter/junit-jupiter-api/5.7.2/junit-jupiter-api-5.7.2.jar:/home/alex/.m2/repository/org/apiguardian/apiguardian-api/1.1.0/apiguardian-api-1.1.0.jar:/home/alex/.m2/repository/org/opentest4j/opentest4j/1.2.0/opentest4j-1.2.0.jar:/home/alex/.m2/repository/org/junit/platform/junit-platform-commons/1.7.2/junit-platform-commons-1.7.2.jar:/home/alex/.m2/repository/org/junit/jupiter/junit-jupiter-engine/5.7.2/junit-jupiter-engine-5.7.2.jar:/home/alex/.m2/repository/org/junit/platform/junit-platform-engine/1.7.2/junit-platform-engine-1.7.2.jar:/home/alex/.m2/repository/org/junit/vintage/junit-vintage-engine/5.7.2/junit-vintage-engine-5.7.2.jar:/home/alex/.m2/repository/junit/junit/4.13.2/junit-4.13.2.jar:/home/alex/.m2/repository/org/hamcrest/hamcrest-core/1.3/hamcrest-core-1.3.jar:/home/alex/.m2/repository/org/junit/jupiter/junit-jupiter-params/5.7.2/junit-jupiter-params-5.7.2.jar:/home/alex/.m2/repository/org/mockito/mockito-core/3.11.2/mockito-core-3.11.2.jar:/home/alex/.m2/repository/net/bytebuddy/byte-buddy/1.11.3/byte-buddy-1.11.3.jar:/home/alex/.m2/repository/net/bytebuddy/byte-buddy-agent/1.11.3/byte-buddy-agent-1.11.3.jar:/home/alex/.m2/repository/org/objenesis/objenesis/3.2/objenesis-3.2.jar:/home/alex/.m2/repository/org/mockito/mockito-junit-jupiter/3.11.2/mockito-junit-jupiter-3.11.2.jar:/home/alex/.m2/repository/org/slf4j/slf4j-simple/1.7.32/slf4j-simple-1.7.32.jar:/home/alex/.m2/repository/org/codehaus/groovy/groovy-test/2.5.14/groovy-test-2.5.14.jar:/home/alex/.m2/repository/org/codehaus/groovy/groovy/2.5.14/groovy-2.5.14.jar:"/>
    <property name="java.vm.vendor" value="Private Build"/>
    <property name="nondexPrintstack" value="false"/>
    <property name="sun.arch.data.model" value="64"/>
    <property name="java.vendor.url" value="http://java.oracle.com/"/>
    <property name="user.timezone" value=""/>
    <property name="os.name" value="Linux"/>
    <property name="java.vm.specification.version" value="1.8"/>
    <property name="user.country" value="US"/>
    <property name="sun.java.launcher" value="SUN_STANDARD"/>
    <property name="sun.boot.library.path" value="/usr/lib/jvm/java-8-openjdk-amd64/jre/lib/amd64"/>
    <property name="nondexLogging" value="CONFIG"/>
    <property name="sun.java.command" value="/home/alex/Repositories/nifi/nifi-commons/nifi-security-utils/target/surefire/surefirebooter1890260413296693594.jar /home/alex/Repositories/nifi/nifi-commons/nifi-security-utils/target/surefire 2024-04-23T18-28-02_696-jvmRun1 surefire7456348825184891021tmp surefire_241287820524294704043tmp"/>
    <property name="surefire.test.class.path" value="/home/alex/Repositories/nifi/nifi-commons/nifi-security-utils/target/test-classes:/home/alex/Repositories/nifi/nifi-commons/nifi-security-utils/target/classes:/home/alex/Repositories/nifi/nifi-api/target/classes:/home/alex/Repositories/nifi/nifi-commons/nifi-utils/target/classes:/home/alex/Repositories/nifi/nifi-commons/nifi-security-utils-api/target/classes:/home/alex/Repositories/nifi/nifi-commons/nifi-security-kms/target/classes:/home/alex/.m2/repository/org/apache/commons/commons-lang3/3.12.0/commons-lang3-3.12.0.jar:/home/alex/.m2/repository/commons-codec/commons-codec/1.14/commons-codec-1.14.jar:/home/alex/.m2/repository/org/bouncycastle/bcprov-jdk15on/1.69/bcprov-jdk15on-1.69.jar:/home/alex/.m2/repository/org/bouncycastle/bcpkix-jdk15on/1.69/bcpkix-jdk15on-1.69.jar:/home/alex/.m2/repository/org/bouncycastle/bcutil-jdk15on/1.69/bcutil-jdk15on-1.69.jar:/home/alex/Repositories/nifi/nifi-commons/nifi-properties/target/classes:/home/alex/Repositories/nifi/nifi-commons/nifi-property-utils/target/classes:/home/alex/.m2/repository/at/favre/lib/bcrypt/0.9.0/bcrypt-0.9.0.jar:/home/alex/.m2/repository/at/favre/lib/bytes/1.3.0/bytes-1.3.0.jar:/home/alex/.m2/repository/org/apache/commons/commons-configuration2/2.7/commons-configuration2-2.7.jar:/home/alex/.m2/repository/org/apache/commons/commons-text/1.8/commons-text-1.8.jar:/home/alex/.m2/repository/org/slf4j/jcl-over-slf4j/1.7.32/jcl-over-slf4j-1.7.32.jar:/home/alex/.m2/repository/org/slf4j/slf4j-api/1.7.32/slf4j-api-1.7.32.jar:/home/alex/.m2/repository/org/junit/jupiter/junit-jupiter-api/5.7.2/junit-jupiter-api-5.7.2.jar:/home/alex/.m2/repository/org/apiguardian/apiguardian-api/1.1.0/apiguardian-api-1.1.0.jar:/home/alex/.m2/repository/org/opentest4j/opentest4j/1.2.0/opentest4j-1.2.0.jar:/home/alex/.m2/repository/org/junit/platform/junit-platform-commons/1.7.2/junit-platform-commons-1.7.2.jar:/home/alex/.m2/repository/org/junit/jupiter/junit-jupiter-engine/5.7.2/junit-jupiter-engine-5.7.2.jar:/home/alex/.m2/repository/org/junit/platform/junit-platform-engine/1.7.2/junit-platform-engine-1.7.2.jar:/home/alex/.m2/repository/org/junit/vintage/junit-vintage-engine/5.7.2/junit-vintage-engine-5.7.2.jar:/home/alex/.m2/repository/junit/junit/4.13.2/junit-4.13.2.jar:/home/alex/.m2/repository/org/hamcrest/hamcrest-core/1.3/hamcrest-core-1.3.jar:/home/alex/.m2/repository/org/junit/jupiter/junit-jupiter-params/5.7.2/junit-jupiter-params-5.7.2.jar:/home/alex/.m2/repository/org/mockito/mockito-core/3.11.2/mockito-core-3.11.2.jar:/home/alex/.m2/repository/net/bytebuddy/byte-buddy/1.11.3/byte-buddy-1.11.3.jar:/home/alex/.m2/repository/net/bytebuddy/byte-buddy-agent/1.11.3/byte-buddy-agent-1.11.3.jar:/home/alex/.m2/repository/org/objenesis/objenesis/3.2/objenesis-3.2.jar:/home/alex/.m2/repository/org/mockito/mockito-junit-jupiter/3.11.2/mockito-junit-jupiter-3.11.2.jar:/home/alex/.m2/repository/org/slf4j/slf4j-simple/1.7.32/slf4j-simple-1.7.32.jar:/home/alex/.m2/repository/org/codehaus/groovy/groovy-test/2.5.14/groovy-test-2.5.14.jar:/home/alex/.m2/repository/org/codehaus/groovy/groovy/2.5.14/groovy-2.5.14.jar:"/>
    <property name="nondexExecid" value="clean_UmAlWTrG1YyhTHcOPEcCyl+STqKJtNZ6ZeIXO6XVmpI="/>
    <property name="sun.cpu.endian" value="little"/>
    <property name="user.home" value="/home/alex"/>
    <property name="user.language" value="en"/>
    <property name="java.specification.vendor" value="Oracle Corporation"/>
    <property name="java.home" value="/usr/lib/jvm/java-8-openjdk-amd64/jre"/>
    <property name="basedir" value="/home/alex/Repositories/nifi/nifi-commons/nifi-security-utils"/>
    <property name="file.separator" value="/"/>
    <property name="nondexEnd" value="9223372036854775807"/>
    <property name="line.separator" value="&#10;"/>
    <property name="java.vm.specification.vendor" value="Oracle Corporation"/>
    <property name="java.specification.name" value="Java Platform API Specification"/>
    <property name="java.awt.graphicsenv" value="sun.awt.X11GraphicsEnvironment"/>
    <property name="java.awt.headless" value="true"/>
    <property name="nondexFilter" value=".*"/>
    <property name="nondexSeed" value="933178"/>
    <property name="surefire.real.class.path" value="/home/alex/Repositories/nifi/nifi-commons/nifi-security-utils/target/surefire/surefirebooter1890260413296693594.jar"/>
    <property name="sun.boot.class.path" value="/usr/lib/jvm/java-8-openjdk-amd64/jre/lib/resources.jar:/usr/lib/jvm/java-8-openjdk-amd64/jre/lib/rt.jar:/usr/lib/jvm/java-8-openjdk-amd64/jre/lib/sunrsasign.jar:/usr/lib/jvm/java-8-openjdk-amd64/jre/lib/jsse.jar:/usr/lib/jvm/java-8-openjdk-amd64/jre/lib/jce.jar:/usr/lib/jvm/java-8-openjdk-amd64/jre/lib/charsets.jar:/usr/lib/jvm/java-8-openjdk-amd64/jre/lib/jfr.jar:/usr/lib/jvm/java-8-openjdk-amd64/jre/classes"/>
    <property name="sun.management.compiler" value="HotSpot 64-Bit Tiered Compilers"/>
    <property name="java.runtime.version" value="1.8.0_402-8u402-ga-2ubuntu1~22.04-b06"/>
    <property name="java.net.preferIPv4Stack" value="true"/>
    <property name="user.name" value="alex"/>
    <property name="path.separator" value=":"/>
    <property name="os.version" value="6.5.0-28-generic"/>
    <property name="java.endorsed.dirs" value="/usr/lib/jvm/java-8-openjdk-amd64/jre/lib/endorsed"/>
    <property name="java.runtime.name" value="OpenJDK Runtime Environment"/>
    <property name="file.encoding" value="UTF-8"/>
    <property name="java.vm.name" value="OpenJDK 64-Bit Server VM"/>
    <property name="localRepository" value="/home/alex/.m2/repository"/>
    <property name="nondexDir" value="/home/alex/Repositories/nifi/nifi-commons/nifi-security-utils/.nondex"/>
    <property name="nondexJarDir" value=".nondex"/>
    <property name="java.vendor.url.bug" value="http://bugreport.sun.com/bugreport/"/>
    <property name="java.io.tmpdir" value="/tmp"/>
    <property name="java.version" value="1.8.0_402"/>
    <property name="user.dir" value="/home/alex/Repositories/nifi/nifi-commons/nifi-security-utils"/>
    <property name="os.arch" value="amd64"/>
    <property name="nondexMode" value="FULL"/>
    <property name="java.vm.specification.name" value="Java Virtual Machine Specification"/>
    <property name="java.awt.printerjob" value="sun.print.PSPrinterJob"/>
    <property name="sun.os.patch.level" value="unknown"/>
    <property name="java.library.path" value="/usr/java/packages/lib/amd64:/usr/lib/x86_64-linux-gnu/jni:/lib/x86_64-linux-gnu:/usr/lib/x86_64-linux-gnu:/usr/lib/jni:/lib:/usr/lib"/>
    <property name="java.vm.info" value="mixed mode"/>
    <property name="java.vendor" value="Private Build"/>
    <property name="java.vm.version" value="25.402-b06"/>
    <property name="java.specification.maintenance.version" value="5"/>
    <property name="java.ext.dirs" value="/usr/lib/jvm/java-8-openjdk-amd64/jre/lib/ext:/usr/java/packages/lib/ext"/>
    <property name="sun.io.unicode.encoding" value="UnicodeLittle"/>
    <property name="java.class.version" value="52.0"/>
  </properties>
  <testcase name="testGetCipherForDecryptShouldRequireIV" classname="org.apache.nifi.security.util.crypto.BcryptCipherProviderGroovyTest" time="0.161">
    <system-err><![CDATA[[main] WARN org.apache.nifi.security.util.crypto.BcryptCipherProvider - The provided work factor 4 is below the recommended minimum 12
[main] INFO org.apache.nifi.security.util.crypto.BcryptCipherProviderGroovyTest - Using algorithm: AES/CBC/NoPadding
[main] WARN org.apache.nifi.security.util.crypto.BcryptSecureHasher - The provided cost factor 4 is below the recommended minimum 12.
[main] WARN org.apache.nifi.security.util.crypto.AESKeyedCipherProvider - An empty IV was provided of length 16 for encryption
[main] WARN org.apache.nifi.security.util.crypto.AESKeyedCipherProvider - Generating new IV. The value can be obtained in the calling code by invoking 'cipher.getIV()';
[main] INFO org.apache.nifi.security.util.crypto.BcryptCipherProviderGroovyTest - IV: 00000000000000000000000000000000
[main] INFO org.apache.nifi.security.util.crypto.BcryptCipherProviderGroovyTest - Cipher text: 64cb6a776cb7e57831ee1c9884d60f171a27b76eef20e8499c35d46e02245565 32
[main] WARN org.apache.nifi.security.util.crypto.BcryptSecureHasher - The provided cost factor 4 is below the recommended minimum 12.
[main] WARN org.apache.nifi.security.util.crypto.AESKeyedCipherProvider - An IV was provided of length 0 bytes for decryption but should be 16 bytes
[main] ERROR org.apache.nifi.security.util.crypto.BcryptCipherProvider - Encountered an error generating the Bcrypt hash
java.lang.IllegalArgumentException: Cannot decrypt without a valid IV
	at org.apache.nifi.security.util.crypto.AESKeyedCipherProvider.getInitializedCipher(AESKeyedCipherProvider.java:128)
	at org.apache.nifi.security.util.crypto.AESKeyedCipherProvider.getCipher(AESKeyedCipherProvider.java:60)
	at org.apache.nifi.security.util.crypto.BcryptCipherProvider.getInitializedCipher(BcryptCipherProvider.java:173)
	at org.apache.nifi.security.util.crypto.BcryptCipherProvider.createCipherAndHandleExceptions(BcryptCipherProvider.java:91)
	at org.apache.nifi.security.util.crypto.BcryptCipherProvider.getCipher(BcryptCipherProvider.java:86)
	at org.apache.nifi.security.util.crypto.BcryptCipherProvider.getCipher(BcryptCipherProvider.java:114)
	at org.apache.nifi.security.util.crypto.PBECipherProvider$getCipher$0.call(Unknown Source)
	at org.codehaus.groovy.runtime.callsite.CallSiteArray.defaultCall(CallSiteArray.java:47)
	at org.codehaus.groovy.runtime.callsite.AbstractCallSite.call(AbstractCallSite.java:115)
	at org.apache.nifi.security.util.crypto.BcryptCipherProviderGroovyTest$_testGetCipherForDecryptShouldRequireIV_closure7.doCall(BcryptCipherProviderGroovyTest.groovy:386)
	at org.apache.nifi.security.util.crypto.BcryptCipherProviderGroovyTest$_testGetCipherForDecryptShouldRequireIV_closure7.doCall(BcryptCipherProviderGroovyTest.groovy)
	at sun.reflect.NativeMethodAccessorImpl.invoke0(Native Method)
	at sun.reflect.NativeMethodAccessorImpl.invoke(NativeMethodAccessorImpl.java:62)
	at sun.reflect.DelegatingMethodAccessorImpl.invoke(DelegatingMethodAccessorImpl.java:43)
	at java.lang.reflect.Method.invoke(Method.java:498)
	at org.codehaus.groovy.reflection.CachedMethod.invoke(CachedMethod.java:101)
	at groovy.lang.MetaMethod.doMethodInvoke(MetaMethod.java:323)
	at org.codehaus.groovy.runtime.metaclass.ClosureMetaClass.invokeMethod(ClosureMetaClass.java:263)
	at groovy.lang.MetaClassImpl.invokeMethod(MetaClassImpl.java:1041)
	at groovy.lang.Closure.call(Closure.java:405)
	at groovy.lang.Closure.call(Closure.java:399)
	at groovy.test.GroovyAssert.shouldFail(GroovyAssert.java:118)
	at groovy.test.GroovyAssert$shouldFail.callStatic(Unknown Source)
	at org.codehaus.groovy.runtime.callsite.CallSiteArray.defaultCallStatic(CallSiteArray.java:55)
	at org.codehaus.groovy.runtime.callsite.AbstractCallSite.callStatic(AbstractCallSite.java:196)
	at org.codehaus.groovy.runtime.callsite.AbstractCallSite.callStatic(AbstractCallSite.java:216)
	at org.apache.nifi.security.util.crypto.BcryptCipherProviderGroovyTest.testGetCipherForDecryptShouldRequireIV(BcryptCipherProviderGroovyTest.groovy:385)
	at sun.reflect.NativeMethodAccessorImpl.invoke0(Native Method)
	at sun.reflect.NativeMethodAccessorImpl.invoke(NativeMethodAccessorImpl.java:62)
	at sun.reflect.DelegatingMethodAccessorImpl.invoke(DelegatingMethodAccessorImpl.java:43)
	at java.lang.reflect.Method.invoke(Method.java:498)
	at org.junit.platform.commons.util.ReflectionUtils.invokeMethod(ReflectionUtils.java:688)
	at org.junit.jupiter.engine.execution.MethodInvocation.proceed(MethodInvocation.java:60)
	at org.junit.jupiter.engine.execution.InvocationInterceptorChain$ValidatingInvocation.proceed(InvocationInterceptorChain.java:131)
	at org.junit.jupiter.engine.extension.TimeoutExtension.intercept(TimeoutExtension.java:149)
	at org.junit.jupiter.engine.extension.TimeoutExtension.interceptTestableMethod(TimeoutExtension.java:140)
	at org.junit.jupiter.engine.extension.TimeoutExtension.interceptTestMethod(TimeoutExtension.java:84)
	at org.junit.jupiter.engine.execution.ExecutableInvoker$ReflectiveInterceptorCall.lambda$ofVoidMethod$0(ExecutableInvoker.java:115)
	at org.junit.jupiter.engine.execution.ExecutableInvoker.lambda$invoke$0(ExecutableInvoker.java:105)
	at org.junit.jupiter.engine.execution.InvocationInterceptorChain$InterceptedInvocation.proceed(InvocationInterceptorChain.java:106)
	at org.junit.jupiter.engine.execution.InvocationInterceptorChain.proceed(InvocationInterceptorChain.java:64)
	at org.junit.jupiter.engine.execution.InvocationInterceptorChain.chainAndInvoke(InvocationInterceptorChain.java:45)
	at org.junit.jupiter.engine.execution.InvocationInterceptorChain.invoke(InvocationInterceptorChain.java:37)
	at org.junit.jupiter.engine.execution.ExecutableInvoker.invoke(ExecutableInvoker.java:104)
	at org.junit.jupiter.engine.execution.ExecutableInvoker.invoke(ExecutableInvoker.java:98)
	at org.junit.jupiter.engine.descriptor.TestMethodTestDescriptor.lambda$invokeTestMethod$6(TestMethodTestDescriptor.java:210)
	at org.junit.platform.engine.support.hierarchical.ThrowableCollector.execute(ThrowableCollector.java:73)
	at org.junit.jupiter.engine.descriptor.TestMethodTestDescriptor.invokeTestMethod(TestMethodTestDescriptor.java:206)
	at org.junit.jupiter.engine.descriptor.TestMethodTestDescriptor.execute(TestMethodTestDescriptor.java:131)
	at org.junit.jupiter.engine.descriptor.TestMethodTestDescriptor.execute(TestMethodTestDescriptor.java:65)
	at org.junit.platform.engine.support.hierarchical.NodeTestTask.lambda$executeRecursively$5(NodeTestTask.java:139)
	at org.junit.platform.engine.support.hierarchical.ThrowableCollector.execute(ThrowableCollector.java:73)
	at org.junit.platform.engine.support.hierarchical.NodeTestTask.lambda$executeRecursively$7(NodeTestTask.java:129)
	at org.junit.platform.engine.support.hierarchical.Node.around(Node.java:137)
	at org.junit.platform.engine.support.hierarchical.NodeTestTask.lambda$executeRecursively$8(NodeTestTask.java:127)
	at org.junit.platform.engine.support.hierarchical.ThrowableCollector.execute(ThrowableCollector.java:73)
	at org.junit.platform.engine.support.hierarchical.NodeTestTask.executeRecursively(NodeTestTask.java:126)
	at org.junit.platform.engine.support.hierarchical.NodeTestTask.execute(NodeTestTask.java:84)
	at java.util.ArrayList.forEach(ArrayList.java:1259)
	at org.junit.platform.engine.support.hierarchical.SameThreadHierarchicalTestExecutorService.invokeAll(SameThreadHierarchicalTestExecutorService.java:38)
	at org.junit.platform.engine.support.hierarchical.NodeTestTask.lambda$executeRecursively$5(NodeTestTask.java:143)
	at org.junit.platform.engine.support.hierarchical.ThrowableCollector.execute(ThrowableCollector.java:73)
	at org.junit.platform.engine.support.hierarchical.NodeTestTask.lambda$executeRecursively$7(NodeTestTask.java:129)
	at org.junit.platform.engine.support.hierarchical.Node.around(Node.java:137)
	at org.junit.platform.engine.support.hierarchical.NodeTestTask.lambda$executeRecursively$8(NodeTestTask.java:127)
	at org.junit.platform.engine.support.hierarchical.ThrowableCollector.execute(ThrowableCollector.java:73)
	at org.junit.platform.engine.support.hierarchical.NodeTestTask.executeRecursively(NodeTestTask.java:126)
	at org.junit.platform.engine.support.hierarchical.NodeTestTask.execute(NodeTestTask.java:84)
	at java.util.ArrayList.forEach(ArrayList.java:1259)
	at org.junit.platform.engine.support.hierarchical.SameThreadHierarchicalTestExecutorService.invokeAll(SameThreadHierarchicalTestExecutorService.java:38)
	at org.junit.platform.engine.support.hierarchical.NodeTestTask.lambda$executeRecursively$5(NodeTestTask.java:143)
	at org.junit.platform.engine.support.hierarchical.ThrowableCollector.execute(ThrowableCollector.java:73)
	at org.junit.platform.engine.support.hierarchical.NodeTestTask.lambda$executeRecursively$7(NodeTestTask.java:129)
	at org.junit.platform.engine.support.hierarchical.Node.around(Node.java:137)
	at org.junit.platform.engine.support.hierarchical.NodeTestTask.lambda$executeRecursively$8(NodeTestTask.java:127)
	at org.junit.platform.engine.support.hierarchical.ThrowableCollector.execute(ThrowableCollector.java:73)
	at org.junit.platform.engine.support.hierarchical.NodeTestTask.executeRecursively(NodeTestTask.java:126)
	at org.junit.platform.engine.support.hierarchical.NodeTestTask.execute(NodeTestTask.java:84)
	at org.junit.platform.engine.support.hierarchical.SameThreadHierarchicalTestExecutorService.submit(SameThreadHierarchicalTestExecutorService.java:32)
	at org.junit.platform.engine.support.hierarchical.HierarchicalTestExecutor.execute(HierarchicalTestExecutor.java:57)
	at org.junit.platform.engine.support.hierarchical.HierarchicalTestEngine.execute(HierarchicalTestEngine.java:51)
	at org.junit.platform.launcher.core.EngineExecutionOrchestrator.execute(EngineExecutionOrchestrator.java:108)
	at org.junit.platform.launcher.core.EngineExecutionOrchestrator.execute(EngineExecutionOrchestrator.java:88)
	at org.junit.platform.launcher.core.EngineExecutionOrchestrator.lambda$execute$0(EngineExecutionOrchestrator.java:54)
	at org.junit.platform.launcher.core.EngineExecutionOrchestrator.withInterceptedStreams(EngineExecutionOrchestrator.java:67)
	at org.junit.platform.launcher.core.EngineExecutionOrchestrator.execute(EngineExecutionOrchestrator.java:52)
	at org.junit.platform.launcher.core.DefaultLauncher.execute(DefaultLauncher.java:96)
	at org.junit.platform.launcher.core.DefaultLauncher.execute(DefaultLauncher.java:75)
	at org.apache.maven.surefire.junitplatform.JUnitPlatformProvider.execute(JUnitPlatformProvider.java:188)
	at org.apache.maven.surefire.junitplatform.JUnitPlatformProvider.invokeAllTests(JUnitPlatformProvider.java:154)
	at org.apache.maven.surefire.junitplatform.JUnitPlatformProvider.invoke(JUnitPlatformProvider.java:128)
	at org.apache.maven.surefire.booter.ForkedBooter.runSuitesInProcess(ForkedBooter.java:428)
	at org.apache.maven.surefire.booter.ForkedBooter.execute(ForkedBooter.java:162)
	at org.apache.maven.surefire.booter.ForkedBooter.run(ForkedBooter.java:562)
	at org.apache.maven.surefire.booter.ForkedBooter.main(ForkedBooter.java:548)
[main] INFO org.apache.nifi.security.util.crypto.BcryptCipherProviderGroovyTest - Using algorithm: AES/CBC/PKCS7Padding
[main] WARN org.apache.nifi.security.util.crypto.BcryptSecureHasher - The provided cost factor 4 is below the recommended minimum 12.
[main] WARN org.apache.nifi.security.util.crypto.AESKeyedCipherProvider - An empty IV was provided of length 16 for encryption
[main] WARN org.apache.nifi.security.util.crypto.AESKeyedCipherProvider - Generating new IV. The value can be obtained in the calling code by invoking 'cipher.getIV()';
[main] INFO org.apache.nifi.security.util.crypto.BcryptCipherProviderGroovyTest - IV: 00000000000000000000000000000000
[main] INFO org.apache.nifi.security.util.crypto.BcryptCipherProviderGroovyTest - Cipher text: 80068fb332a082e3c89518c15eecf8075c476f4d261b6245436ef2b5585c921517dbb30242d53bd27bd604ac4851c3c4 48
[main] WARN org.apache.nifi.security.util.crypto.BcryptSecureHasher - The provided cost factor 4 is below the recommended minimum 12.
[main] WARN org.apache.nifi.security.util.crypto.AESKeyedCipherProvider - An IV was provided of length 0 bytes for decryption but should be 16 bytes
[main] ERROR org.apache.nifi.security.util.crypto.BcryptCipherProvider - Encountered an error generating the Bcrypt hash
java.lang.IllegalArgumentException: Cannot decrypt without a valid IV
	at org.apache.nifi.security.util.crypto.AESKeyedCipherProvider.getInitializedCipher(AESKeyedCipherProvider.java:128)
	at org.apache.nifi.security.util.crypto.AESKeyedCipherProvider.getCipher(AESKeyedCipherProvider.java:60)
	at org.apache.nifi.security.util.crypto.BcryptCipherProvider.getInitializedCipher(BcryptCipherProvider.java:173)
	at org.apache.nifi.security.util.crypto.BcryptCipherProvider.createCipherAndHandleExceptions(BcryptCipherProvider.java:91)
	at org.apache.nifi.security.util.crypto.BcryptCipherProvider.getCipher(BcryptCipherProvider.java:86)
	at org.apache.nifi.security.util.crypto.BcryptCipherProvider.getCipher(BcryptCipherProvider.java:114)
	at org.apache.nifi.security.util.crypto.PBECipherProvider$getCipher$0.call(Unknown Source)
	at org.apache.nifi.security.util.crypto.BcryptCipherProviderGroovyTest$_testGetCipherForDecryptShouldRequireIV_closure7.doCall(BcryptCipherProviderGroovyTest.groovy:386)
	at org.apache.nifi.security.util.crypto.BcryptCipherProviderGroovyTest$_testGetCipherForDecryptShouldRequireIV_closure7.doCall(BcryptCipherProviderGroovyTest.groovy)
	at sun.reflect.NativeMethodAccessorImpl.invoke0(Native Method)
	at sun.reflect.NativeMethodAccessorImpl.invoke(NativeMethodAccessorImpl.java:62)
	at sun.reflect.DelegatingMethodAccessorImpl.invoke(DelegatingMethodAccessorImpl.java:43)
	at java.lang.reflect.Method.invoke(Method.java:498)
	at org.codehaus.groovy.reflection.CachedMethod.invoke(CachedMethod.java:101)
	at groovy.lang.MetaMethod.doMethodInvoke(MetaMethod.java:323)
	at org.codehaus.groovy.runtime.metaclass.ClosureMetaClass.invokeMethod(ClosureMetaClass.java:263)
	at groovy.lang.MetaClassImpl.invokeMethod(MetaClassImpl.java:1041)
	at groovy.lang.Closure.call(Closure.java:405)
	at groovy.lang.Closure.call(Closure.java:399)
	at groovy.test.GroovyAssert.shouldFail(GroovyAssert.java:118)
	at groovy.test.GroovyAssert$shouldFail.callStatic(Unknown Source)
	at org.apache.nifi.security.util.crypto.BcryptCipherProviderGroovyTest.testGetCipherForDecryptShouldRequireIV(BcryptCipherProviderGroovyTest.groovy:385)
	at sun.reflect.NativeMethodAccessorImpl.invoke0(Native Method)
	at sun.reflect.NativeMethodAccessorImpl.invoke(NativeMethodAccessorImpl.java:62)
	at sun.reflect.DelegatingMethodAccessorImpl.invoke(DelegatingMethodAccessorImpl.java:43)
	at java.lang.reflect.Method.invoke(Method.java:498)
	at org.junit.platform.commons.util.ReflectionUtils.invokeMethod(ReflectionUtils.java:688)
	at org.junit.jupiter.engine.execution.MethodInvocation.proceed(MethodInvocation.java:60)
	at org.junit.jupiter.engine.execution.InvocationInterceptorChain$ValidatingInvocation.proceed(InvocationInterceptorChain.java:131)
	at org.junit.jupiter.engine.extension.TimeoutExtension.intercept(TimeoutExtension.java:149)
	at org.junit.jupiter.engine.extension.TimeoutExtension.interceptTestableMethod(TimeoutExtension.java:140)
	at org.junit.jupiter.engine.extension.TimeoutExtension.interceptTestMethod(TimeoutExtension.java:84)
	at org.junit.jupiter.engine.execution.ExecutableInvoker$ReflectiveInterceptorCall.lambda$ofVoidMethod$0(ExecutableInvoker.java:115)
	at org.junit.jupiter.engine.execution.ExecutableInvoker.lambda$invoke$0(ExecutableInvoker.java:105)
	at org.junit.jupiter.engine.execution.InvocationInterceptorChain$InterceptedInvocation.proceed(InvocationInterceptorChain.java:106)
	at org.junit.jupiter.engine.execution.InvocationInterceptorChain.proceed(InvocationInterceptorChain.java:64)
	at org.junit.jupiter.engine.execution.InvocationInterceptorChain.chainAndInvoke(InvocationInterceptorChain.java:45)
	at org.junit.jupiter.engine.execution.InvocationInterceptorChain.invoke(InvocationInterceptorChain.java:37)
	at org.junit.jupiter.engine.execution.ExecutableInvoker.invoke(ExecutableInvoker.java:104)
	at org.junit.jupiter.engine.execution.ExecutableInvoker.invoke(ExecutableInvoker.java:98)
	at org.junit.jupiter.engine.descriptor.TestMethodTestDescriptor.lambda$invokeTestMethod$6(TestMethodTestDescriptor.java:210)
	at org.junit.platform.engine.support.hierarchical.ThrowableCollector.execute(ThrowableCollector.java:73)
	at org.junit.jupiter.engine.descriptor.TestMethodTestDescriptor.invokeTestMethod(TestMethodTestDescriptor.java:206)
	at org.junit.jupiter.engine.descriptor.TestMethodTestDescriptor.execute(TestMethodTestDescriptor.java:131)
	at org.junit.jupiter.engine.descriptor.TestMethodTestDescriptor.execute(TestMethodTestDescriptor.java:65)
	at org.junit.platform.engine.support.hierarchical.NodeTestTask.lambda$executeRecursively$5(NodeTestTask.java:139)
	at org.junit.platform.engine.support.hierarchical.ThrowableCollector.execute(ThrowableCollector.java:73)
	at org.junit.platform.engine.support.hierarchical.NodeTestTask.lambda$executeRecursively$7(NodeTestTask.java:129)
	at org.junit.platform.engine.support.hierarchical.Node.around(Node.java:137)
	at org.junit.platform.engine.support.hierarchical.NodeTestTask.lambda$executeRecursively$8(NodeTestTask.java:127)
	at org.junit.platform.engine.support.hierarchical.ThrowableCollector.execute(ThrowableCollector.java:73)
	at org.junit.platform.engine.support.hierarchical.NodeTestTask.executeRecursively(NodeTestTask.java:126)
	at org.junit.platform.engine.support.hierarchical.NodeTestTask.execute(NodeTestTask.java:84)
	at java.util.ArrayList.forEach(ArrayList.java:1259)
	at org.junit.platform.engine.support.hierarchical.SameThreadHierarchicalTestExecutorService.invokeAll(SameThreadHierarchicalTestExecutorService.java:38)
	at org.junit.platform.engine.support.hierarchical.NodeTestTask.lambda$executeRecursively$5(NodeTestTask.java:143)
	at org.junit.platform.engine.support.hierarchical.ThrowableCollector.execute(ThrowableCollector.java:73)
	at org.junit.platform.engine.support.hierarchical.NodeTestTask.lambda$executeRecursively$7(NodeTestTask.java:129)
	at org.junit.platform.engine.support.hierarchical.Node.around(Node.java:137)
	at org.junit.platform.engine.support.hierarchical.NodeTestTask.lambda$executeRecursively$8(NodeTestTask.java:127)
	at org.junit.platform.engine.support.hierarchical.ThrowableCollector.execute(ThrowableCollector.java:73)
	at org.junit.platform.engine.support.hierarchical.NodeTestTask.executeRecursively(NodeTestTask.java:126)
	at org.junit.platform.engine.support.hierarchical.NodeTestTask.execute(NodeTestTask.java:84)
	at java.util.ArrayList.forEach(ArrayList.java:1259)
	at org.junit.platform.engine.support.hierarchical.SameThreadHierarchicalTestExecutorService.invokeAll(SameThreadHierarchicalTestExecutorService.java:38)
	at org.junit.platform.engine.support.hierarchical.NodeTestTask.lambda$executeRecursively$5(NodeTestTask.java:143)
	at org.junit.platform.engine.support.hierarchical.ThrowableCollector.execute(ThrowableCollector.java:73)
	at org.junit.platform.engine.support.hierarchical.NodeTestTask.lambda$executeRecursively$7(NodeTestTask.java:129)
	at org.junit.platform.engine.support.hierarchical.Node.around(Node.java:137)
	at org.junit.platform.engine.support.hierarchical.NodeTestTask.lambda$executeRecursively$8(NodeTestTask.java:127)
	at org.junit.platform.engine.support.hierarchical.ThrowableCollector.execute(ThrowableCollector.java:73)
	at org.junit.platform.engine.support.hierarchical.NodeTestTask.executeRecursively(NodeTestTask.java:126)
	at org.junit.platform.engine.support.hierarchical.NodeTestTask.execute(NodeTestTask.java:84)
	at org.junit.platform.engine.support.hierarchical.SameThreadHierarchicalTestExecutorService.submit(SameThreadHierarchicalTestExecutorService.java:32)
	at org.junit.platform.engine.support.hierarchical.HierarchicalTestExecutor.execute(HierarchicalTestExecutor.java:57)
	at org.junit.platform.engine.support.hierarchical.HierarchicalTestEngine.execute(HierarchicalTestEngine.java:51)
	at org.junit.platform.launcher.core.EngineExecutionOrchestrator.execute(EngineExecutionOrchestrator.java:108)
	at org.junit.platform.launcher.core.EngineExecutionOrchestrator.execute(EngineExecutionOrchestrator.java:88)
	at org.junit.platform.launcher.core.EngineExecutionOrchestrator.lambda$execute$0(EngineExecutionOrchestrator.java:54)
	at org.junit.platform.launcher.core.EngineExecutionOrchestrator.withInterceptedStreams(EngineExecutionOrchestrator.java:67)
	at org.junit.platform.launcher.core.EngineExecutionOrchestrator.execute(EngineExecutionOrchestrator.java:52)
	at org.junit.platform.launcher.core.DefaultLauncher.execute(DefaultLauncher.java:96)
	at org.junit.platform.launcher.core.DefaultLauncher.execute(DefaultLauncher.java:75)
	at org.apache.maven.surefire.junitplatform.JUnitPlatformProvider.execute(JUnitPlatformProvider.java:188)
	at org.apache.maven.surefire.junitplatform.JUnitPlatformProvider.invokeAllTests(JUnitPlatformProvider.java:154)
	at org.apache.maven.surefire.junitplatform.JUnitPlatformProvider.invoke(JUnitPlatformProvider.java:128)
	at org.apache.maven.surefire.booter.ForkedBooter.runSuitesInProcess(ForkedBooter.java:428)
	at org.apache.maven.surefire.booter.ForkedBooter.execute(ForkedBooter.java:162)
	at org.apache.maven.surefire.booter.ForkedBooter.run(ForkedBooter.java:562)
	at org.apache.maven.surefire.booter.ForkedBooter.main(ForkedBooter.java:548)
[main] INFO org.apache.nifi.security.util.crypto.BcryptCipherProviderGroovyTest - Using algorithm: AES/CTR/NoPadding
[main] WARN org.apache.nifi.security.util.crypto.BcryptSecureHasher - The provided cost factor 4 is below the recommended minimum 12.
[main] WARN org.apache.nifi.security.util.crypto.AESKeyedCipherProvider - An empty IV was provided of length 16 for encryption
[main] WARN org.apache.nifi.security.util.crypto.AESKeyedCipherProvider - Generating new IV. The value can be obtained in the calling code by invoking 'cipher.getIV()';
[main] INFO org.apache.nifi.security.util.crypto.BcryptCipherProviderGroovyTest - IV: 00000000000000000000000000000000
[main] INFO org.apache.nifi.security.util.crypto.BcryptCipherProviderGroovyTest - Cipher text: 80774c8a6082adb5223872c55ef3470efbd95aef217b769a153cf4bd322a504c 32
[main] WARN org.apache.nifi.security.util.crypto.BcryptSecureHasher - The provided cost factor 4 is below the recommended minimum 12.
[main] WARN org.apache.nifi.security.util.crypto.AESKeyedCipherProvider - An IV was provided of length 0 bytes for decryption but should be 16 bytes
[main] ERROR org.apache.nifi.security.util.crypto.BcryptCipherProvider - Encountered an error generating the Bcrypt hash
java.lang.IllegalArgumentException: Cannot decrypt without a valid IV
	at org.apache.nifi.security.util.crypto.AESKeyedCipherProvider.getInitializedCipher(AESKeyedCipherProvider.java:128)
	at org.apache.nifi.security.util.crypto.AESKeyedCipherProvider.getCipher(AESKeyedCipherProvider.java:60)
	at org.apache.nifi.security.util.crypto.BcryptCipherProvider.getInitializedCipher(BcryptCipherProvider.java:173)
	at org.apache.nifi.security.util.crypto.BcryptCipherProvider.createCipherAndHandleExceptions(BcryptCipherProvider.java:91)
	at org.apache.nifi.security.util.crypto.BcryptCipherProvider.getCipher(BcryptCipherProvider.java:86)
	at org.apache.nifi.security.util.crypto.BcryptCipherProvider.getCipher(BcryptCipherProvider.java:114)
	at org.apache.nifi.security.util.crypto.PBECipherProvider$getCipher$0.call(Unknown Source)
	at org.apache.nifi.security.util.crypto.BcryptCipherProviderGroovyTest$_testGetCipherForDecryptShouldRequireIV_closure7.doCall(BcryptCipherProviderGroovyTest.groovy:386)
	at org.apache.nifi.security.util.crypto.BcryptCipherProviderGroovyTest$_testGetCipherForDecryptShouldRequireIV_closure7.doCall(BcryptCipherProviderGroovyTest.groovy)
	at sun.reflect.NativeMethodAccessorImpl.invoke0(Native Method)
	at sun.reflect.NativeMethodAccessorImpl.invoke(NativeMethodAccessorImpl.java:62)
	at sun.reflect.DelegatingMethodAccessorImpl.invoke(DelegatingMethodAccessorImpl.java:43)
	at java.lang.reflect.Method.invoke(Method.java:498)
	at org.codehaus.groovy.reflection.CachedMethod.invoke(CachedMethod.java:101)
	at groovy.lang.MetaMethod.doMethodInvoke(MetaMethod.java:323)
	at org.codehaus.groovy.runtime.metaclass.ClosureMetaClass.invokeMethod(ClosureMetaClass.java:263)
	at groovy.lang.MetaClassImpl.invokeMethod(MetaClassImpl.java:1041)
	at groovy.lang.Closure.call(Closure.java:405)
	at groovy.lang.Closure.call(Closure.java:399)
	at groovy.test.GroovyAssert.shouldFail(GroovyAssert.java:118)
	at groovy.test.GroovyAssert$shouldFail.callStatic(Unknown Source)
	at org.apache.nifi.security.util.crypto.BcryptCipherProviderGroovyTest.testGetCipherForDecryptShouldRequireIV(BcryptCipherProviderGroovyTest.groovy:385)
	at sun.reflect.NativeMethodAccessorImpl.invoke0(Native Method)
	at sun.reflect.NativeMethodAccessorImpl.invoke(NativeMethodAccessorImpl.java:62)
	at sun.reflect.DelegatingMethodAccessorImpl.invoke(DelegatingMethodAccessorImpl.java:43)
	at java.lang.reflect.Method.invoke(Method.java:498)
	at org.junit.platform.commons.util.ReflectionUtils.invokeMethod(ReflectionUtils.java:688)
	at org.junit.jupiter.engine.execution.MethodInvocation.proceed(MethodInvocation.java:60)
	at org.junit.jupiter.engine.execution.InvocationInterceptorChain$ValidatingInvocation.proceed(InvocationInterceptorChain.java:131)
	at org.junit.jupiter.engine.extension.TimeoutExtension.intercept(TimeoutExtension.java:149)
	at org.junit.jupiter.engine.extension.TimeoutExtension.interceptTestableMethod(TimeoutExtension.java:140)
	at org.junit.jupiter.engine.extension.TimeoutExtension.interceptTestMethod(TimeoutExtension.java:84)
	at org.junit.jupiter.engine.execution.ExecutableInvoker$ReflectiveInterceptorCall.lambda$ofVoidMethod$0(ExecutableInvoker.java:115)
	at org.junit.jupiter.engine.execution.ExecutableInvoker.lambda$invoke$0(ExecutableInvoker.java:105)
	at org.junit.jupiter.engine.execution.InvocationInterceptorChain$InterceptedInvocation.proceed(InvocationInterceptorChain.java:106)
	at org.junit.jupiter.engine.execution.InvocationInterceptorChain.proceed(InvocationInterceptorChain.java:64)
	at org.junit.jupiter.engine.execution.InvocationInterceptorChain.chainAndInvoke(InvocationInterceptorChain.java:45)
	at org.junit.jupiter.engine.execution.InvocationInterceptorChain.invoke(InvocationInterceptorChain.java:37)
	at org.junit.jupiter.engine.execution.ExecutableInvoker.invoke(ExecutableInvoker.java:104)
	at org.junit.jupiter.engine.execution.ExecutableInvoker.invoke(ExecutableInvoker.java:98)
	at org.junit.jupiter.engine.descriptor.TestMethodTestDescriptor.lambda$invokeTestMethod$6(TestMethodTestDescriptor.java:210)
	at org.junit.platform.engine.support.hierarchical.ThrowableCollector.execute(ThrowableCollector.java:73)
	at org.junit.jupiter.engine.descriptor.TestMethodTestDescriptor.invokeTestMethod(TestMethodTestDescriptor.java:206)
	at org.junit.jupiter.engine.descriptor.TestMethodTestDescriptor.execute(TestMethodTestDescriptor.java:131)
	at org.junit.jupiter.engine.descriptor.TestMethodTestDescriptor.execute(TestMethodTestDescriptor.java:65)
	at org.junit.platform.engine.support.hierarchical.NodeTestTask.lambda$executeRecursively$5(NodeTestTask.java:139)
	at org.junit.platform.engine.support.hierarchical.ThrowableCollector.execute(ThrowableCollector.java:73)
	at org.junit.platform.engine.support.hierarchical.NodeTestTask.lambda$executeRecursively$7(NodeTestTask.java:129)
	at org.junit.platform.engine.support.hierarchical.Node.around(Node.java:137)
	at org.junit.platform.engine.support.hierarchical.NodeTestTask.lambda$executeRecursively$8(NodeTestTask.java:127)
	at org.junit.platform.engine.support.hierarchical.ThrowableCollector.execute(ThrowableCollector.java:73)
	at org.junit.platform.engine.support.hierarchical.NodeTestTask.executeRecursively(NodeTestTask.java:126)
	at org.junit.platform.engine.support.hierarchical.NodeTestTask.execute(NodeTestTask.java:84)
	at java.util.ArrayList.forEach(ArrayList.java:1259)
	at org.junit.platform.engine.support.hierarchical.SameThreadHierarchicalTestExecutorService.invokeAll(SameThreadHierarchicalTestExecutorService.java:38)
	at org.junit.platform.engine.support.hierarchical.NodeTestTask.lambda$executeRecursively$5(NodeTestTask.java:143)
	at org.junit.platform.engine.support.hierarchical.ThrowableCollector.execute(ThrowableCollector.java:73)
	at org.junit.platform.engine.support.hierarchical.NodeTestTask.lambda$executeRecursively$7(NodeTestTask.java:129)
	at org.junit.platform.engine.support.hierarchical.Node.around(Node.java:137)
	at org.junit.platform.engine.support.hierarchical.NodeTestTask.lambda$executeRecursively$8(NodeTestTask.java:127)
	at org.junit.platform.engine.support.hierarchical.ThrowableCollector.execute(ThrowableCollector.java:73)
	at org.junit.platform.engine.support.hierarchical.NodeTestTask.executeRecursively(NodeTestTask.java:126)
	at org.junit.platform.engine.support.hierarchical.NodeTestTask.execute(NodeTestTask.java:84)
	at java.util.ArrayList.forEach(ArrayList.java:1259)
	at org.junit.platform.engine.support.hierarchical.SameThreadHierarchicalTestExecutorService.invokeAll(SameThreadHierarchicalTestExecutorService.java:38)
	at org.junit.platform.engine.support.hierarchical.NodeTestTask.lambda$executeRecursively$5(NodeTestTask.java:143)
	at org.junit.platform.engine.support.hierarchical.ThrowableCollector.execute(ThrowableCollector.java:73)
	at org.junit.platform.engine.support.hierarchical.NodeTestTask.lambda$executeRecursively$7(NodeTestTask.java:129)
	at org.junit.platform.engine.support.hierarchical.Node.around(Node.java:137)
	at org.junit.platform.engine.support.hierarchical.NodeTestTask.lambda$executeRecursively$8(NodeTestTask.java:127)
	at org.junit.platform.engine.support.hierarchical.ThrowableCollector.execute(ThrowableCollector.java:73)
	at org.junit.platform.engine.support.hierarchical.NodeTestTask.executeRecursively(NodeTestTask.java:126)
	at org.junit.platform.engine.support.hierarchical.NodeTestTask.execute(NodeTestTask.java:84)
	at org.junit.platform.engine.support.hierarchical.SameThreadHierarchicalTestExecutorService.submit(SameThreadHierarchicalTestExecutorService.java:32)
	at org.junit.platform.engine.support.hierarchical.HierarchicalTestExecutor.execute(HierarchicalTestExecutor.java:57)
	at org.junit.platform.engine.support.hierarchical.HierarchicalTestEngine.execute(HierarchicalTestEngine.java:51)
	at org.junit.platform.launcher.core.EngineExecutionOrchestrator.execute(EngineExecutionOrchestrator.java:108)
	at org.junit.platform.launcher.core.EngineExecutionOrchestrator.execute(EngineExecutionOrchestrator.java:88)
	at org.junit.platform.launcher.core.EngineExecutionOrchestrator.lambda$execute$0(EngineExecutionOrchestrator.java:54)
	at org.junit.platform.launcher.core.EngineExecutionOrchestrator.withInterceptedStreams(EngineExecutionOrchestrator.java:67)
	at org.junit.platform.launcher.core.EngineExecutionOrchestrator.execute(EngineExecutionOrchestrator.java:52)
	at org.junit.platform.launcher.core.DefaultLauncher.execute(DefaultLauncher.java:96)
	at org.junit.platform.launcher.core.DefaultLauncher.execute(DefaultLauncher.java:75)
	at org.apache.maven.surefire.junitplatform.JUnitPlatformProvider.execute(JUnitPlatformProvider.java:188)
	at org.apache.maven.surefire.junitplatform.JUnitPlatformProvider.invokeAllTests(JUnitPlatformProvider.java:154)
	at org.apache.maven.surefire.junitplatform.JUnitPlatformProvider.invoke(JUnitPlatformProvider.java:128)
	at org.apache.maven.surefire.booter.ForkedBooter.runSuitesInProcess(ForkedBooter.java:428)
	at org.apache.maven.surefire.booter.ForkedBooter.execute(ForkedBooter.java:162)
	at org.apache.maven.surefire.booter.ForkedBooter.run(ForkedBooter.java:562)
	at org.apache.maven.surefire.booter.ForkedBooter.main(ForkedBooter.java:548)
[main] INFO org.apache.nifi.security.util.crypto.BcryptCipherProviderGroovyTest - Using algorithm: AES/GCM/NoPadding
[main] WARN org.apache.nifi.security.util.crypto.BcryptSecureHasher - The provided cost factor 4 is below the recommended minimum 12.
[main] WARN org.apache.nifi.security.util.crypto.AESKeyedCipherProvider - An empty IV was provided of length 16 for encryption
[main] WARN org.apache.nifi.security.util.crypto.AESKeyedCipherProvider - Generating new IV. The value can be obtained in the calling code by invoking 'cipher.getIV()';
[main] INFO org.apache.nifi.security.util.crypto.BcryptCipherProviderGroovyTest - IV: 00000000000000000000000000000000
[main] INFO org.apache.nifi.security.util.crypto.BcryptCipherProviderGroovyTest - Cipher text: 8d76cdd9041b6fcbf7963f092d57db70ae70378c2e8451738ccb391ada73c40b314972a9b98d41fa76140a1bf2959619 48
[main] WARN org.apache.nifi.security.util.crypto.BcryptSecureHasher - The provided cost factor 4 is below the recommended minimum 12.
[main] WARN org.apache.nifi.security.util.crypto.AESKeyedCipherProvider - An IV was provided of length 0 bytes for decryption but should be 16 bytes
[main] ERROR org.apache.nifi.security.util.crypto.BcryptCipherProvider - Encountered an error generating the Bcrypt hash
java.lang.IllegalArgumentException: Cannot decrypt without a valid IV
	at org.apache.nifi.security.util.crypto.AESKeyedCipherProvider.getInitializedCipher(AESKeyedCipherProvider.java:128)
	at org.apache.nifi.security.util.crypto.AESKeyedCipherProvider.getCipher(AESKeyedCipherProvider.java:60)
	at org.apache.nifi.security.util.crypto.BcryptCipherProvider.getInitializedCipher(BcryptCipherProvider.java:173)
	at org.apache.nifi.security.util.crypto.BcryptCipherProvider.createCipherAndHandleExceptions(BcryptCipherProvider.java:91)
	at org.apache.nifi.security.util.crypto.BcryptCipherProvider.getCipher(BcryptCipherProvider.java:86)
	at org.apache.nifi.security.util.crypto.BcryptCipherProvider.getCipher(BcryptCipherProvider.java:114)
	at org.apache.nifi.security.util.crypto.PBECipherProvider$getCipher$0.call(Unknown Source)
	at org.apache.nifi.security.util.crypto.BcryptCipherProviderGroovyTest$_testGetCipherForDecryptShouldRequireIV_closure7.doCall(BcryptCipherProviderGroovyTest.groovy:386)
	at org.apache.nifi.security.util.crypto.BcryptCipherProviderGroovyTest$_testGetCipherForDecryptShouldRequireIV_closure7.doCall(BcryptCipherProviderGroovyTest.groovy)
	at sun.reflect.NativeMethodAccessorImpl.invoke0(Native Method)
	at sun.reflect.NativeMethodAccessorImpl.invoke(NativeMethodAccessorImpl.java:62)
	at sun.reflect.DelegatingMethodAccessorImpl.invoke(DelegatingMethodAccessorImpl.java:43)
	at java.lang.reflect.Method.invoke(Method.java:498)
	at org.codehaus.groovy.reflection.CachedMethod.invoke(CachedMethod.java:101)
	at groovy.lang.MetaMethod.doMethodInvoke(MetaMethod.java:323)
	at org.codehaus.groovy.runtime.metaclass.ClosureMetaClass.invokeMethod(ClosureMetaClass.java:263)
	at groovy.lang.MetaClassImpl.invokeMethod(MetaClassImpl.java:1041)
	at groovy.lang.Closure.call(Closure.java:405)
	at groovy.lang.Closure.call(Closure.java:399)
	at groovy.test.GroovyAssert.shouldFail(GroovyAssert.java:118)
	at groovy.test.GroovyAssert$shouldFail.callStatic(Unknown Source)
	at org.apache.nifi.security.util.crypto.BcryptCipherProviderGroovyTest.testGetCipherForDecryptShouldRequireIV(BcryptCipherProviderGroovyTest.groovy:385)
	at sun.reflect.NativeMethodAccessorImpl.invoke0(Native Method)
	at sun.reflect.NativeMethodAccessorImpl.invoke(NativeMethodAccessorImpl.java:62)
	at sun.reflect.DelegatingMethodAccessorImpl.invoke(DelegatingMethodAccessorImpl.java:43)
	at java.lang.reflect.Method.invoke(Method.java:498)
	at org.junit.platform.commons.util.ReflectionUtils.invokeMethod(ReflectionUtils.java:688)
	at org.junit.jupiter.engine.execution.MethodInvocation.proceed(MethodInvocation.java:60)
	at org.junit.jupiter.engine.execution.InvocationInterceptorChain$ValidatingInvocation.proceed(InvocationInterceptorChain.java:131)
	at org.junit.jupiter.engine.extension.TimeoutExtension.intercept(TimeoutExtension.java:149)
	at org.junit.jupiter.engine.extension.TimeoutExtension.interceptTestableMethod(TimeoutExtension.java:140)
	at org.junit.jupiter.engine.extension.TimeoutExtension.interceptTestMethod(TimeoutExtension.java:84)
	at org.junit.jupiter.engine.execution.ExecutableInvoker$ReflectiveInterceptorCall.lambda$ofVoidMethod$0(ExecutableInvoker.java:115)
	at org.junit.jupiter.engine.execution.ExecutableInvoker.lambda$invoke$0(ExecutableInvoker.java:105)
	at org.junit.jupiter.engine.execution.InvocationInterceptorChain$InterceptedInvocation.proceed(InvocationInterceptorChain.java:106)
	at org.junit.jupiter.engine.execution.InvocationInterceptorChain.proceed(InvocationInterceptorChain.java:64)
	at org.junit.jupiter.engine.execution.InvocationInterceptorChain.chainAndInvoke(InvocationInterceptorChain.java:45)
	at org.junit.jupiter.engine.execution.InvocationInterceptorChain.invoke(InvocationInterceptorChain.java:37)
	at org.junit.jupiter.engine.execution.ExecutableInvoker.invoke(ExecutableInvoker.java:104)
	at org.junit.jupiter.engine.execution.ExecutableInvoker.invoke(ExecutableInvoker.java:98)
	at org.junit.jupiter.engine.descriptor.TestMethodTestDescriptor.lambda$invokeTestMethod$6(TestMethodTestDescriptor.java:210)
	at org.junit.platform.engine.support.hierarchical.ThrowableCollector.execute(ThrowableCollector.java:73)
	at org.junit.jupiter.engine.descriptor.TestMethodTestDescriptor.invokeTestMethod(TestMethodTestDescriptor.java:206)
	at org.junit.jupiter.engine.descriptor.TestMethodTestDescriptor.execute(TestMethodTestDescriptor.java:131)
	at org.junit.jupiter.engine.descriptor.TestMethodTestDescriptor.execute(TestMethodTestDescriptor.java:65)
	at org.junit.platform.engine.support.hierarchical.NodeTestTask.lambda$executeRecursively$5(NodeTestTask.java:139)
	at org.junit.platform.engine.support.hierarchical.ThrowableCollector.execute(ThrowableCollector.java:73)
	at org.junit.platform.engine.support.hierarchical.NodeTestTask.lambda$executeRecursively$7(NodeTestTask.java:129)
	at org.junit.platform.engine.support.hierarchical.Node.around(Node.java:137)
	at org.junit.platform.engine.support.hierarchical.NodeTestTask.lambda$executeRecursively$8(NodeTestTask.java:127)
	at org.junit.platform.engine.support.hierarchical.ThrowableCollector.execute(ThrowableCollector.java:73)
	at org.junit.platform.engine.support.hierarchical.NodeTestTask.executeRecursively(NodeTestTask.java:126)
	at org.junit.platform.engine.support.hierarchical.NodeTestTask.execute(NodeTestTask.java:84)
	at java.util.ArrayList.forEach(ArrayList.java:1259)
	at org.junit.platform.engine.support.hierarchical.SameThreadHierarchicalTestExecutorService.invokeAll(SameThreadHierarchicalTestExecutorService.java:38)
	at org.junit.platform.engine.support.hierarchical.NodeTestTask.lambda$executeRecursively$5(NodeTestTask.java:143)
	at org.junit.platform.engine.support.hierarchical.ThrowableCollector.execute(ThrowableCollector.java:73)
	at org.junit.platform.engine.support.hierarchical.NodeTestTask.lambda$executeRecursively$7(NodeTestTask.java:129)
	at org.junit.platform.engine.support.hierarchical.Node.around(Node.java:137)
	at org.junit.platform.engine.support.hierarchical.NodeTestTask.lambda$executeRecursively$8(NodeTestTask.java:127)
	at org.junit.platform.engine.support.hierarchical.ThrowableCollector.execute(ThrowableCollector.java:73)
	at org.junit.platform.engine.support.hierarchical.NodeTestTask.executeRecursively(NodeTestTask.java:126)
	at org.junit.platform.engine.support.hierarchical.NodeTestTask.execute(NodeTestTask.java:84)
	at java.util.ArrayList.forEach(ArrayList.java:1259)
	at org.junit.platform.engine.support.hierarchical.SameThreadHierarchicalTestExecutorService.invokeAll(SameThreadHierarchicalTestExecutorService.java:38)
	at org.junit.platform.engine.support.hierarchical.NodeTestTask.lambda$executeRecursively$5(NodeTestTask.java:143)
	at org.junit.platform.engine.support.hierarchical.ThrowableCollector.execute(ThrowableCollector.java:73)
	at org.junit.platform.engine.support.hierarchical.NodeTestTask.lambda$executeRecursively$7(NodeTestTask.java:129)
	at org.junit.platform.engine.support.hierarchical.Node.around(Node.java:137)
	at org.junit.platform.engine.support.hierarchical.NodeTestTask.lambda$executeRecursively$8(NodeTestTask.java:127)
	at org.junit.platform.engine.support.hierarchical.ThrowableCollector.execute(ThrowableCollector.java:73)
	at org.junit.platform.engine.support.hierarchical.NodeTestTask.executeRecursively(NodeTestTask.java:126)
	at org.junit.platform.engine.support.hierarchical.NodeTestTask.execute(NodeTestTask.java:84)
	at org.junit.platform.engine.support.hierarchical.SameThreadHierarchicalTestExecutorService.submit(SameThreadHierarchicalTestExecutorService.java:32)
	at org.junit.platform.engine.support.hierarchical.HierarchicalTestExecutor.execute(HierarchicalTestExecutor.java:57)
	at org.junit.platform.engine.support.hierarchical.HierarchicalTestEngine.execute(HierarchicalTestEngine.java:51)
	at org.junit.platform.launcher.core.EngineExecutionOrchestrator.execute(EngineExecutionOrchestrator.java:108)
	at org.junit.platform.launcher.core.EngineExecutionOrchestrator.execute(EngineExecutionOrchestrator.java:88)
	at org.junit.platform.launcher.core.EngineExecutionOrchestrator.lambda$execute$0(EngineExecutionOrchestrator.java:54)
	at org.junit.platform.launcher.core.EngineExecutionOrchestrator.withInterceptedStreams(EngineExecutionOrchestrator.java:67)
	at org.junit.platform.launcher.core.EngineExecutionOrchestrator.execute(EngineExecutionOrchestrator.java:52)
	at org.junit.platform.launcher.core.DefaultLauncher.execute(DefaultLauncher.java:96)
	at org.junit.platform.launcher.core.DefaultLauncher.execute(DefaultLauncher.java:75)
	at org.apache.maven.surefire.junitplatform.JUnitPlatformProvider.execute(JUnitPlatformProvider.java:188)
	at org.apache.maven.surefire.junitplatform.JUnitPlatformProvider.invokeAllTests(JUnitPlatformProvider.java:154)
	at org.apache.maven.surefire.junitplatform.JUnitPlatformProvider.invoke(JUnitPlatformProvider.java:128)
	at org.apache.maven.surefire.booter.ForkedBooter.runSuitesInProcess(ForkedBooter.java:428)
	at org.apache.maven.surefire.booter.ForkedBooter.execute(ForkedBooter.java:162)
	at org.apache.maven.surefire.booter.ForkedBooter.run(ForkedBooter.java:562)
	at org.apache.maven.surefire.booter.ForkedBooter.main(ForkedBooter.java:548)
]]></system-err>
  </testcase>
  <testcase name="testHashPWShouldMatchTestVectors" classname="org.apache.nifi.security.util.crypto.BcryptCipherProviderGroovyTest" time="0.162">
    <system-err><![CDATA[[main] INFO org.apache.nifi.security.util.crypto.BcryptCipherProviderGroovyTest - Generated $2a$10$fVH8e28OQRj9tqiDXs1e1uxpsjN0c7II7YPKXua2NAKYvM6iQk7dq
[main] WARN org.apache.nifi.security.util.crypto.BcryptSecureHasher - The provided cost factor 10 is below the recommended minimum 12.
[main] INFO org.apache.nifi.security.util.crypto.BcryptCipherProviderGroovyTest - Generated $2a$10$fVH8e28OQRj9tqiDXs1e1uxpsjN0c7II7YPKXua2NAKYvM6iQk7dq
]]></system-err>
  </testcase>
  <testcase name="testGetCipherShouldNotAcceptInvalidKeyLengths" classname="org.apache.nifi.security.util.crypto.BcryptCipherProviderGroovyTest" time="0.004">
    <system-err><![CDATA[[main] WARN org.apache.nifi.security.util.crypto.BcryptCipherProvider - The provided work factor 4 is below the recommended minimum 12
[main] INFO org.apache.nifi.security.util.crypto.BcryptCipherProviderGroovyTest - Using algorithm: AES/CBC/PKCS7Padding with key length -1
[main] INFO org.apache.nifi.security.util.crypto.BcryptCipherProviderGroovyTest - Using algorithm: AES/CBC/PKCS7Padding with key length 40
[main] INFO org.apache.nifi.security.util.crypto.BcryptCipherProviderGroovyTest - Using algorithm: AES/CBC/PKCS7Padding with key length 64
[main] INFO org.apache.nifi.security.util.crypto.BcryptCipherProviderGroovyTest - Using algorithm: AES/CBC/PKCS7Padding with key length 112
[main] INFO org.apache.nifi.security.util.crypto.BcryptCipherProviderGroovyTest - Using algorithm: AES/CBC/PKCS7Padding with key length 512
]]></system-err>
  </testcase>
  <testcase name="testGetCipherShouldSupportExternalCompatibility" classname="org.apache.nifi.security.util.crypto.BcryptCipherProviderGroovyTest" time="0.207">
    <system-err><![CDATA[[main] WARN org.apache.nifi.security.util.crypto.BcryptCipherProvider - The provided work factor 10 is below the recommended minimum 12
[main] INFO org.apache.nifi.security.util.crypto.BcryptCipherProviderGroovyTest - Full Hash: $2a$10$LBVzJoPgh.85YCvnos4BKOyYM.LRni6UbU4v/CEPBkmFIiigADJZi
[main] INFO org.apache.nifi.security.util.crypto.BcryptCipherProviderGroovyTest -      Hash:                              yYM.LRni6UbU4v/CEPBkmFIiigADJZi
[main] INFO org.apache.nifi.security.util.crypto.BcryptCipherProviderGroovyTest -  B64 Salt:        LBVzJoPgh.85YCvnos4BKO
[main] INFO org.apache.nifi.security.util.crypto.BcryptCipherProviderGroovyTest - Extracted Salt:   LBVzJoPgh.85YCvnos4BKO
[main] INFO org.apache.nifi.security.util.crypto.BcryptCipherProviderGroovyTest - Extracted Salt (hex): 3435f52ea4628c0fbb684c69aaee8331
[main] INFO org.apache.nifi.security.util.crypto.BcryptCipherProviderGroovyTest -  Expected Salt (hex): 3435f52ea4628c0fbb684c69aaee8331
[main] INFO org.apache.nifi.security.util.crypto.BcryptCipherProviderGroovyTest - Using algorithm: AES/CBC/PKCS7Padding
[main] INFO org.apache.nifi.security.util.crypto.BcryptCipherProviderGroovyTest - External cipher text: d232b68e7aa38242d195c54b8f360d8b8d6b7580b190ffdeef99f5fe460bd6b0 32
[main] INFO org.apache.nifi.security.util.crypto.BcryptCipherProviderGroovyTest - Expected cipher text: d232b68e7aa38242d195c54b8f360d8b8d6b7580b190ffdeef99f5fe460bd6b0
[main] INFO org.apache.nifi.security.util.crypto.BcryptCipherProviderGroovyTest - [SANITY] Decrypted external cipher text and generated cipher text successfully
[main] INFO org.apache.nifi.security.util.crypto.BcryptCipherProviderGroovyTest - [SANITY] Salt from external: $2a$10$LBVzJoPgh.85YCvnos4BKO
[main] INFO org.apache.nifi.security.util.crypto.BcryptCipherProviderGroovyTest - [SANITY] Generated hash: $2a$10$LBVzJoPgh.85YCvnos4BKOyYM.LRni6UbU4v/CEPBkmFIiigADJZi
[main] WARN org.apache.nifi.security.util.crypto.BcryptSecureHasher - The provided cost factor 10 is below the recommended minimum 12.
[main] INFO org.apache.nifi.security.util.crypto.BcryptCipherProviderGroovyTest - Recovered: This is a plaintext message.
]]></system-err>
  </testcase>
  <testcase name="testGetCipherWithUnlimitedStrengthShouldBeInternallyConsistent" classname="org.apache.nifi.security.util.crypto.BcryptCipherProviderGroovyTest" time="0.02">
    <system-err><![CDATA[[main] WARN org.apache.nifi.security.util.crypto.BcryptCipherProvider - The provided work factor 4 is below the recommended minimum 12
[main] INFO org.apache.nifi.security.util.crypto.BcryptCipherProviderGroovyTest - Using algorithm: AES/CBC/NoPadding
[main] WARN org.apache.nifi.security.util.crypto.BcryptSecureHasher - The provided cost factor 4 is below the recommended minimum 12.
[main] WARN org.apache.nifi.security.util.crypto.AESKeyedCipherProvider - An IV was provided of length 0 bytes for encryption but should be 16 bytes
[main] WARN org.apache.nifi.security.util.crypto.AESKeyedCipherProvider - Generating new IV. The value can be obtained in the calling code by invoking 'cipher.getIV()';
[main] INFO org.apache.nifi.security.util.crypto.BcryptCipherProviderGroovyTest - IV: 675763669a0828b074949450ac019940
[main] INFO org.apache.nifi.security.util.crypto.BcryptCipherProviderGroovyTest - Cipher text: 571306cb7e7432f2558a08d5953638a648ea50c076db9861f9ffa50055d676c5 32
[main] WARN org.apache.nifi.security.util.crypto.BcryptSecureHasher - The provided cost factor 4 is below the recommended minimum 12.
[main] INFO org.apache.nifi.security.util.crypto.BcryptCipherProviderGroovyTest - Recovered: ExactBlockSizeRequiredForProcess
[main] INFO org.apache.nifi.security.util.crypto.BcryptCipherProviderGroovyTest - Using algorithm: AES/CBC/PKCS7Padding
[main] WARN org.apache.nifi.security.util.crypto.BcryptSecureHasher - The provided cost factor 4 is below the recommended minimum 12.
[main] WARN org.apache.nifi.security.util.crypto.AESKeyedCipherProvider - An IV was provided of length 0 bytes for encryption but should be 16 bytes
[main] WARN org.apache.nifi.security.util.crypto.AESKeyedCipherProvider - Generating new IV. The value can be obtained in the calling code by invoking 'cipher.getIV()';
[main] INFO org.apache.nifi.security.util.crypto.BcryptCipherProviderGroovyTest - IV: d23dde794ac92cbee8b78bcff27c18d8
[main] INFO org.apache.nifi.security.util.crypto.BcryptCipherProviderGroovyTest - Cipher text: f2acb33b338d4fece460f377ebd0e202428c934a0d3384c66c1320e261031a0bf745369b14d34ebcfec8695744a83555 48
[main] WARN org.apache.nifi.security.util.crypto.BcryptSecureHasher - The provided cost factor 4 is below the recommended minimum 12.
[main] INFO org.apache.nifi.security.util.crypto.BcryptCipherProviderGroovyTest - Recovered: ExactBlockSizeRequiredForProcess
[main] INFO org.apache.nifi.security.util.crypto.BcryptCipherProviderGroovyTest - Using algorithm: AES/CTR/NoPadding
[main] WARN org.apache.nifi.security.util.crypto.BcryptSecureHasher - The provided cost factor 4 is below the recommended minimum 12.
[main] WARN org.apache.nifi.security.util.crypto.AESKeyedCipherProvider - An IV was provided of length 0 bytes for encryption but should be 16 bytes
[main] WARN org.apache.nifi.security.util.crypto.AESKeyedCipherProvider - Generating new IV. The value can be obtained in the calling code by invoking 'cipher.getIV()';
[main] INFO org.apache.nifi.security.util.crypto.BcryptCipherProviderGroovyTest - IV: 48956fb659ffccb26cf1e5c998e06af8
[main] INFO org.apache.nifi.security.util.crypto.BcryptCipherProviderGroovyTest - Cipher text: ad01e97b50ad742e8a5fe858b2e0bc132dd019c9a236245763ae4b327cc9d98c 32
[main] WARN org.apache.nifi.security.util.crypto.BcryptSecureHasher - The provided cost factor 4 is below the recommended minimum 12.
[main] INFO org.apache.nifi.security.util.crypto.BcryptCipherProviderGroovyTest - Recovered: ExactBlockSizeRequiredForProcess
[main] INFO org.apache.nifi.security.util.crypto.BcryptCipherProviderGroovyTest - Using algorithm: AES/GCM/NoPadding
[main] WARN org.apache.nifi.security.util.crypto.BcryptSecureHasher - The provided cost factor 4 is below the recommended minimum 12.
[main] WARN org.apache.nifi.security.util.crypto.AESKeyedCipherProvider - An IV was provided of length 0 bytes for encryption but should be 16 bytes
[main] WARN org.apache.nifi.security.util.crypto.AESKeyedCipherProvider - Generating new IV. The value can be obtained in the calling code by invoking 'cipher.getIV()';
[main] INFO org.apache.nifi.security.util.crypto.BcryptCipherProviderGroovyTest - IV: 4e6fb62bc5ddfb2b94d1d3295feb3b7e
[main] INFO org.apache.nifi.security.util.crypto.BcryptCipherProviderGroovyTest - Cipher text: 5c8c84eb66753d866ee80d2468e2775b2a488182b69422176edfeb838f9d649b456794af3b8fb515f12229bed42a18f7 48
[main] WARN org.apache.nifi.security.util.crypto.BcryptSecureHasher - The provided cost factor 4 is below the recommended minimum 12.
[main] INFO org.apache.nifi.security.util.crypto.BcryptCipherProviderGroovyTest - Recovered: ExactBlockSizeRequiredForProcess
]]></system-err>
  </testcase>
  <testcase name="testDefaultConstructorShouldProvideStrongWorkFactor" classname="org.apache.nifi.security.util.crypto.BcryptCipherProviderGroovyTest" time="0">
    <skipped message="This test can be run on a specific machine to evaluate if the default work factor is sufficient"/>
  </testcase>
  <testcase name="testGetCipherShouldBeInternallyConsistent" classname="org.apache.nifi.security.util.crypto.BcryptCipherProviderGroovyTest" time="0.014">
    <system-err><![CDATA[[main] WARN org.apache.nifi.security.util.crypto.BcryptCipherProvider - The provided work factor 4 is below the recommended minimum 12
[main] INFO org.apache.nifi.security.util.crypto.BcryptCipherProviderGroovyTest - Using algorithm: AES/CBC/NoPadding
[main] WARN org.apache.nifi.security.util.crypto.BcryptSecureHasher - The provided cost factor 4 is below the recommended minimum 12.
[main] WARN org.apache.nifi.security.util.crypto.AESKeyedCipherProvider - An IV was provided of length 0 bytes for encryption but should be 16 bytes
[main] WARN org.apache.nifi.security.util.crypto.AESKeyedCipherProvider - Generating new IV. The value can be obtained in the calling code by invoking 'cipher.getIV()';
[main] INFO org.apache.nifi.security.util.crypto.BcryptCipherProviderGroovyTest - IV: 421bf6715e67be0f9aa9790d7818679d
[main] INFO org.apache.nifi.security.util.crypto.BcryptCipherProviderGroovyTest - Cipher text: 8f704dfbfcd9aaafce3650b46290e1ab8c99cbb547bcbb336e20d488fb11ba8a 32
[main] WARN org.apache.nifi.security.util.crypto.BcryptSecureHasher - The provided cost factor 4 is below the recommended minimum 12.
[main] INFO org.apache.nifi.security.util.crypto.BcryptCipherProviderGroovyTest - Recovered: ExactBlockSizeRequiredForProcess
[main] INFO org.apache.nifi.security.util.crypto.BcryptCipherProviderGroovyTest - Using algorithm: AES/CBC/PKCS7Padding
[main] WARN org.apache.nifi.security.util.crypto.BcryptSecureHasher - The provided cost factor 4 is below the recommended minimum 12.
[main] WARN org.apache.nifi.security.util.crypto.AESKeyedCipherProvider - An IV was provided of length 0 bytes for encryption but should be 16 bytes
[main] WARN org.apache.nifi.security.util.crypto.AESKeyedCipherProvider - Generating new IV. The value can be obtained in the calling code by invoking 'cipher.getIV()';
[main] INFO org.apache.nifi.security.util.crypto.BcryptCipherProviderGroovyTest - IV: 2d7eb009b3c942385062b67a711a91e7
[main] INFO org.apache.nifi.security.util.crypto.BcryptCipherProviderGroovyTest - Cipher text: 4512473d1119575acf2befcbc171d5a88640897614f82be864d3ba20c685861ceb4ce5e7ae1081efc644e0530f46793f 48
[main] WARN org.apache.nifi.security.util.crypto.BcryptSecureHasher - The provided cost factor 4 is below the recommended minimum 12.
[main] INFO org.apache.nifi.security.util.crypto.BcryptCipherProviderGroovyTest - Recovered: ExactBlockSizeRequiredForProcess
[main] INFO org.apache.nifi.security.util.crypto.BcryptCipherProviderGroovyTest - Using algorithm: AES/CTR/NoPadding
[main] WARN org.apache.nifi.security.util.crypto.BcryptSecureHasher - The provided cost factor 4 is below the recommended minimum 12.
[main] WARN org.apache.nifi.security.util.crypto.AESKeyedCipherProvider - An IV was provided of length 0 bytes for encryption but should be 16 bytes
[main] WARN org.apache.nifi.security.util.crypto.AESKeyedCipherProvider - Generating new IV. The value can be obtained in the calling code by invoking 'cipher.getIV()';
[main] INFO org.apache.nifi.security.util.crypto.BcryptCipherProviderGroovyTest - IV: d9380eee925bcbc2e9d366a2e845945e
[main] INFO org.apache.nifi.security.util.crypto.BcryptCipherProviderGroovyTest - Cipher text: 53ddfb06071a8e2cf8210f9abbcbfd9c6ea414ade97b06b0593841c64cdfbb58 32
[main] WARN org.apache.nifi.security.util.crypto.BcryptSecureHasher - The provided cost factor 4 is below the recommended minimum 12.
[main] INFO org.apache.nifi.security.util.crypto.BcryptCipherProviderGroovyTest - Recovered: ExactBlockSizeRequiredForProcess
[main] INFO org.apache.nifi.security.util.crypto.BcryptCipherProviderGroovyTest - Using algorithm: AES/GCM/NoPadding
[main] WARN org.apache.nifi.security.util.crypto.BcryptSecureHasher - The provided cost factor 4 is below the recommended minimum 12.
[main] WARN org.apache.nifi.security.util.crypto.AESKeyedCipherProvider - An IV was provided of length 0 bytes for encryption but should be 16 bytes
[main] WARN org.apache.nifi.security.util.crypto.AESKeyedCipherProvider - Generating new IV. The value can be obtained in the calling code by invoking 'cipher.getIV()';
[main] INFO org.apache.nifi.security.util.crypto.BcryptCipherProviderGroovyTest - IV: d8dc3bfebe8519eaf4d13286e99116bc
[main] INFO org.apache.nifi.security.util.crypto.BcryptCipherProviderGroovyTest - Cipher text: d602ed46f28a4c322193bcf0cbdef5aecac612ab7122348179ebf1d492f8a793aae87d0a2007c55ab1449f34470e8e71 48
[main] WARN org.apache.nifi.security.util.crypto.BcryptSecureHasher - The provided cost factor 4 is below the recommended minimum 12.
[main] INFO org.apache.nifi.security.util.crypto.BcryptCipherProviderGroovyTest - Recovered: ExactBlockSizeRequiredForProcess
]]></system-err>
  </testcase>
  <testcase name="testGetCipherShouldHandleFullSalt" classname="org.apache.nifi.security.util.crypto.BcryptCipherProviderGroovyTest" time="0.074">
    <system-err><![CDATA[[main] WARN org.apache.nifi.security.util.crypto.BcryptCipherProvider - The provided work factor 10 is below the recommended minimum 12
[main] INFO org.apache.nifi.security.util.crypto.BcryptCipherProviderGroovyTest - Full Hash: $2a$10$LBVzJoPgh.85YCvnos4BKOyYM.LRni6UbU4v/CEPBkmFIiigADJZi
[main] INFO org.apache.nifi.security.util.crypto.BcryptCipherProviderGroovyTest -      Salt: $2a$10$LBVzJoPgh.85YCvnos4BKO
[main] INFO org.apache.nifi.security.util.crypto.BcryptCipherProviderGroovyTest -      Hash:                              yYM.LRni6UbU4v/CEPBkmFIiigADJZi
[main] INFO org.apache.nifi.security.util.crypto.BcryptCipherProviderGroovyTest - Extracted Salt:   LBVzJoPgh.85YCvnos4BKO
[main] INFO org.apache.nifi.security.util.crypto.BcryptCipherProviderGroovyTest - Extracted Salt (hex): 3435f52ea4628c0fbb684c69aaee8331
[main] INFO org.apache.nifi.security.util.crypto.BcryptCipherProviderGroovyTest - Using algorithm: AES/CBC/PKCS7Padding
[main] INFO org.apache.nifi.security.util.crypto.BcryptCipherProviderGroovyTest - External cipher text: d232b68e7aa38242d195c54b8f360d8b8d6b7580b190ffdeef99f5fe460bd6b0 32
[main] WARN org.apache.nifi.security.util.crypto.BcryptSecureHasher - The provided cost factor 10 is below the recommended minimum 12.
[main] INFO org.apache.nifi.security.util.crypto.BcryptCipherProviderGroovyTest - Recovered: This is a plaintext message.
]]></system-err>
  </testcase>
  <testcase name="testGetCipherShouldAcceptValidKeyLengths" classname="org.apache.nifi.security.util.crypto.BcryptCipherProviderGroovyTest" time="0.011">
    <system-err><![CDATA[[main] WARN org.apache.nifi.security.util.crypto.BcryptCipherProvider - The provided work factor 4 is below the recommended minimum 12
[main] INFO org.apache.nifi.security.util.crypto.BcryptCipherProviderGroovyTest - Using algorithm: AES/CBC/PKCS7Padding with key length 128
[main] WARN org.apache.nifi.security.util.crypto.BcryptSecureHasher - The provided cost factor 4 is below the recommended minimum 12.
[main] INFO org.apache.nifi.security.util.crypto.BcryptCipherProviderGroovyTest - IV: 01010101010101010101010101010101
[main] INFO org.apache.nifi.security.util.crypto.BcryptCipherProviderGroovyTest - Cipher text: b8ea5b0e09fa9ecb35ddba79412805a2d3ba73c90ee2cc3e8e932294b50ac3d7f9eb2922023065faaed0794e8bc1e2bc 48
[main] WARN org.apache.nifi.security.util.crypto.BcryptSecureHasher - The provided cost factor 4 is below the recommended minimum 12.
[main] INFO org.apache.nifi.security.util.crypto.BcryptCipherProviderGroovyTest - Recovered: ExactBlockSizeRequiredForProcess
[main] INFO org.apache.nifi.security.util.crypto.BcryptCipherProviderGroovyTest - Using algorithm: AES/CBC/PKCS7Padding with key length 192
[main] WARN org.apache.nifi.security.util.crypto.BcryptSecureHasher - The provided cost factor 4 is below the recommended minimum 12.
[main] INFO org.apache.nifi.security.util.crypto.BcryptCipherProviderGroovyTest - IV: 01010101010101010101010101010101
[main] INFO org.apache.nifi.security.util.crypto.BcryptCipherProviderGroovyTest - Cipher text: c4fc78147bb69e74ec3af1f4abf62c1c84a654f13dd2e234453ef2ee587c4d44dc3850a6ff4272e65c6bf182c2c372ae 48
[main] WARN org.apache.nifi.security.util.crypto.BcryptSecureHasher - The provided cost factor 4 is below the recommended minimum 12.
[main] INFO org.apache.nifi.security.util.crypto.BcryptCipherProviderGroovyTest - Recovered: ExactBlockSizeRequiredForProcess
[main] INFO org.apache.nifi.security.util.crypto.BcryptCipherProviderGroovyTest - Using algorithm: AES/CBC/PKCS7Padding with key length 256
[main] WARN org.apache.nifi.security.util.crypto.BcryptSecureHasher - The provided cost factor 4 is below the recommended minimum 12.
[main] INFO org.apache.nifi.security.util.crypto.BcryptCipherProviderGroovyTest - IV: 01010101010101010101010101010101
[main] INFO org.apache.nifi.security.util.crypto.BcryptCipherProviderGroovyTest - Cipher text: 7a04106cd711e54e42f0846923f7eabc53c623173dab9af94a902e3cefd8984314077d9d2e59b68e6dddbcdebb508375 48
[main] WARN org.apache.nifi.security.util.crypto.BcryptSecureHasher - The provided cost factor 4 is below the recommended minimum 12.
[main] INFO org.apache.nifi.security.util.crypto.BcryptCipherProviderGroovyTest - Recovered: ExactBlockSizeRequiredForProcess
]]></system-err>
  </testcase>
  <testcase name="testGenerateSaltShouldUseProvidedWorkFactor" classname="org.apache.nifi.security.util.crypto.BcryptCipherProviderGroovyTest" time="0.001">
    <system-err><![CDATA[[main] WARN org.apache.nifi.security.util.crypto.BcryptCipherProvider - The provided work factor 11 is below the recommended minimum 12
[main] INFO org.apache.nifi.security.util.crypto.BcryptCipherProviderGroovyTest - Salt: $2a$11$9bWjKidc/hgl9vUb3hhfde
]]></system-err>
  </testcase>
  <testcase name="testGetCipherShouldHandleUnformedSalt" classname="org.apache.nifi.security.util.crypto.BcryptCipherProviderGroovyTest" time="0.003">
    <system-err><![CDATA[[main] WARN org.apache.nifi.security.util.crypto.BcryptCipherProvider - The provided work factor 4 is below the recommended minimum 12
[main] INFO org.apache.nifi.security.util.crypto.BcryptCipherProviderGroovyTest - Using algorithm: AES/CBC/PKCS7Padding
[main] INFO org.apache.nifi.security.util.crypto.BcryptCipherProviderGroovyTest - Checking salt $ab$00$acbdefghijklmnopqrstuv
[main] INFO org.apache.nifi.security.util.crypto.BcryptCipherProviderGroovyTest - [EXPECTED] java.lang.IllegalArgumentException: The salt must be of the format $2a$10$gUVbkVzp79H8YaCOsCVZNu. To generate a salt, use BcryptCipherProvider#generateSalt()
[main] INFO org.apache.nifi.security.util.crypto.BcryptCipherProviderGroovyTest - Checking salt bad_salt
[main] INFO org.apache.nifi.security.util.crypto.BcryptCipherProviderGroovyTest - [EXPECTED] java.lang.IllegalArgumentException: The salt must be of the format $2a$10$gUVbkVzp79H8YaCOsCVZNu. To generate a salt, use BcryptCipherProvider#generateSalt()
[main] INFO org.apache.nifi.security.util.crypto.BcryptCipherProviderGroovyTest - Checking salt $3a$11$
[main] INFO org.apache.nifi.security.util.crypto.BcryptCipherProviderGroovyTest - [EXPECTED] java.lang.IllegalArgumentException: The salt must be of the format $2a$10$gUVbkVzp79H8YaCOsCVZNu. To generate a salt, use BcryptCipherProvider#generateSalt()
[main] INFO org.apache.nifi.security.util.crypto.BcryptCipherProviderGroovyTest - Checking salt x
[main] INFO org.apache.nifi.security.util.crypto.BcryptCipherProviderGroovyTest - [EXPECTED] java.lang.IllegalArgumentException: The salt must be of the format $2a$10$gUVbkVzp79H8YaCOsCVZNu. To generate a salt, use BcryptCipherProvider#generateSalt()
[main] INFO org.apache.nifi.security.util.crypto.BcryptCipherProviderGroovyTest - Checking salt $2a$10$
[main] INFO org.apache.nifi.security.util.crypto.BcryptCipherProviderGroovyTest - [EXPECTED] java.lang.IllegalArgumentException: The salt must be of the format $2a$10$gUVbkVzp79H8YaCOsCVZNu. To generate a salt, use BcryptCipherProvider#generateSalt()
]]></system-err>
  </testcase>
  <testcase name="testGetCipherShouldBeBackwardCompatibleWithFullHashKeyDerivation" classname="org.apache.nifi.security.util.crypto.BcryptCipherProviderGroovyTest" time="0.015">
    <system-err><![CDATA[[main] WARN org.apache.nifi.security.util.crypto.BcryptCipherProvider - The provided work factor 4 is below the recommended minimum 12
[main] INFO org.apache.nifi.security.util.crypto.BcryptCipherProviderGroovyTest - Using algorithm: AES/CBC/NoPadding
[main] WARN org.apache.nifi.security.util.crypto.BcryptSecureHasher - The provided cost factor 4 is below the recommended minimum 12.
[main] WARN org.apache.nifi.security.util.crypto.KeyDerivationBcryptSecureHasher - Using Legacy Key Derivation on bcrypt hash including cost and salt
[main] WARN org.apache.nifi.security.util.crypto.AESKeyedCipherProvider - An IV was provided of length 0 bytes for encryption but should be 16 bytes
[main] WARN org.apache.nifi.security.util.crypto.AESKeyedCipherProvider - Generating new IV. The value can be obtained in the calling code by invoking 'cipher.getIV()';
[main] INFO org.apache.nifi.security.util.crypto.BcryptCipherProviderGroovyTest - IV: 29cd65eedab0b8a9d9251d33e68b1eba
[main] INFO org.apache.nifi.security.util.crypto.BcryptCipherProviderGroovyTest - Cipher text: 9798424a8a8e9cc2eb560ec14d0c16cc72a93bd9427352dec26f713581bc706e 32
[main] WARN org.apache.nifi.security.util.crypto.BcryptSecureHasher - The provided cost factor 4 is below the recommended minimum 12.
[main] WARN org.apache.nifi.security.util.crypto.KeyDerivationBcryptSecureHasher - Using Legacy Key Derivation on bcrypt hash including cost and salt
[main] INFO org.apache.nifi.security.util.crypto.BcryptCipherProviderGroovyTest - Recovered: ExactBlockSizeRequiredForProcess
[main] INFO org.apache.nifi.security.util.crypto.BcryptCipherProviderGroovyTest - Using algorithm: AES/CBC/PKCS7Padding
[main] WARN org.apache.nifi.security.util.crypto.BcryptSecureHasher - The provided cost factor 4 is below the recommended minimum 12.
[main] WARN org.apache.nifi.security.util.crypto.KeyDerivationBcryptSecureHasher - Using Legacy Key Derivation on bcrypt hash including cost and salt
[main] WARN org.apache.nifi.security.util.crypto.AESKeyedCipherProvider - An IV was provided of length 0 bytes for encryption but should be 16 bytes
[main] WARN org.apache.nifi.security.util.crypto.AESKeyedCipherProvider - Generating new IV. The value can be obtained in the calling code by invoking 'cipher.getIV()';
[main] INFO org.apache.nifi.security.util.crypto.BcryptCipherProviderGroovyTest - IV: cc8a3dfe8ff741324963936a9e50f075
[main] INFO org.apache.nifi.security.util.crypto.BcryptCipherProviderGroovyTest - Cipher text: 52e53ae94a136dedace2f2893948f2fcd7a13de66f094eb0f4096edcaaeac4fa2b7514508beeae74a44627f40b8b7600 48
[main] WARN org.apache.nifi.security.util.crypto.BcryptSecureHasher - The provided cost factor 4 is below the recommended minimum 12.
[main] WARN org.apache.nifi.security.util.crypto.KeyDerivationBcryptSecureHasher - Using Legacy Key Derivation on bcrypt hash including cost and salt
[main] INFO org.apache.nifi.security.util.crypto.BcryptCipherProviderGroovyTest - Recovered: ExactBlockSizeRequiredForProcess
[main] INFO org.apache.nifi.security.util.crypto.BcryptCipherProviderGroovyTest - Using algorithm: AES/CTR/NoPadding
[main] WARN org.apache.nifi.security.util.crypto.BcryptSecureHasher - The provided cost factor 4 is below the recommended minimum 12.
[main] WARN org.apache.nifi.security.util.crypto.KeyDerivationBcryptSecureHasher - Using Legacy Key Derivation on bcrypt hash including cost and salt
[main] WARN org.apache.nifi.security.util.crypto.AESKeyedCipherProvider - An IV was provided of length 0 bytes for encryption but should be 16 bytes
[main] WARN org.apache.nifi.security.util.crypto.AESKeyedCipherProvider - Generating new IV. The value can be obtained in the calling code by invoking 'cipher.getIV()';
[main] INFO org.apache.nifi.security.util.crypto.BcryptCipherProviderGroovyTest - IV: 50eb2eb80798804bb44784ad12496a41
[main] INFO org.apache.nifi.security.util.crypto.BcryptCipherProviderGroovyTest - Cipher text: a18cd08b8b16fb07c1d7ebf6fe03df792e56e23f08de70cd27a9385f1179d520 32
[main] WARN org.apache.nifi.security.util.crypto.BcryptSecureHasher - The provided cost factor 4 is below the recommended minimum 12.
[main] WARN org.apache.nifi.security.util.crypto.KeyDerivationBcryptSecureHasher - Using Legacy Key Derivation on bcrypt hash including cost and salt
[main] INFO org.apache.nifi.security.util.crypto.BcryptCipherProviderGroovyTest - Recovered: ExactBlockSizeRequiredForProcess
[main] INFO org.apache.nifi.security.util.crypto.BcryptCipherProviderGroovyTest - Using algorithm: AES/GCM/NoPadding
[main] WARN org.apache.nifi.security.util.crypto.BcryptSecureHasher - The provided cost factor 4 is below the recommended minimum 12.
[main] WARN org.apache.nifi.security.util.crypto.KeyDerivationBcryptSecureHasher - Using Legacy Key Derivation on bcrypt hash including cost and salt
[main] WARN org.apache.nifi.security.util.crypto.AESKeyedCipherProvider - An IV was provided of length 0 bytes for encryption but should be 16 bytes
[main] WARN org.apache.nifi.security.util.crypto.AESKeyedCipherProvider - Generating new IV. The value can be obtained in the calling code by invoking 'cipher.getIV()';
[main] INFO org.apache.nifi.security.util.crypto.BcryptCipherProviderGroovyTest - IV: 4a83e54325a445efbfdbc37cef45c0a4
[main] INFO org.apache.nifi.security.util.crypto.BcryptCipherProviderGroovyTest - Cipher text: fdc2f61120cefa13ce5ce444439e6010c807b3cd6129d17665f3c94a2436e03498ba7b2899f272d0089183b98c23ab0c 48
[main] WARN org.apache.nifi.security.util.crypto.BcryptSecureHasher - The provided cost factor 4 is below the recommended minimum 12.
[main] WARN org.apache.nifi.security.util.crypto.KeyDerivationBcryptSecureHasher - Using Legacy Key Derivation on bcrypt hash including cost and salt
[main] INFO org.apache.nifi.security.util.crypto.BcryptCipherProviderGroovyTest - Recovered: ExactBlockSizeRequiredForProcess
]]></system-err>
  </testcase>
  <testcase name="testGetCipherShouldHandleNullSalt" classname="org.apache.nifi.security.util.crypto.BcryptCipherProviderGroovyTest" time="0.036">
    <system-err><![CDATA[[main] WARN org.apache.nifi.security.util.crypto.BcryptCipherProvider - The provided work factor 4 is below the recommended minimum 12
[main] INFO org.apache.nifi.security.util.crypto.BcryptCipherProviderGroovyTest - Using algorithm: AES/CBC/PKCS7Padding
[main] INFO org.apache.nifi.security.util.crypto.BcryptCipherProviderGroovyTest - [EXPECTED] Encrypt error: java.lang.IllegalArgumentException: The salt must be of the format $2a$10$gUVbkVzp79H8YaCOsCVZNu. To generate a salt, use BcryptCipherProvider#generateSalt()
[main] INFO org.apache.nifi.security.util.crypto.BcryptCipherProviderGroovyTest - Cipher text: 737365636f7250726f466465726975716552657a69536b636f6c427463617845 32
[main] INFO org.apache.nifi.security.util.crypto.BcryptCipherProviderGroovyTest - [EXPECTED] Decrypt error: java.lang.IllegalArgumentException: The salt must be of the format $2a$10$gUVbkVzp79H8YaCOsCVZNu. To generate a salt, use BcryptCipherProvider#generateSalt()
]]></system-err>
  </testcase>
  <testcase name="testGetCipherShouldRejectEmptySalt" classname="org.apache.nifi.security.util.crypto.BcryptCipherProviderGroovyTest" time="0.002">
    <system-err><![CDATA[[main] WARN org.apache.nifi.security.util.crypto.BcryptCipherProvider - The provided work factor 4 is below the recommended minimum 12
[main] INFO org.apache.nifi.security.util.crypto.BcryptCipherProviderGroovyTest - Using algorithm: AES/CBC/PKCS7Padding
[main] INFO org.apache.nifi.security.util.crypto.BcryptCipherProviderGroovyTest - [EXPECTED] java.lang.IllegalArgumentException: The salt must be of the format $2a$10$gUVbkVzp79H8YaCOsCVZNu. To generate a salt, use BcryptCipherProvider#generateSalt()
]]></system-err>
  </testcase>
  <testcase name="testGetCipherWithExternalIVShouldBeInternallyConsistent" classname="org.apache.nifi.security.util.crypto.BcryptCipherProviderGroovyTest" time="0.015">
    <system-err><![CDATA[[main] WARN org.apache.nifi.security.util.crypto.BcryptCipherProvider - The provided work factor 4 is below the recommended minimum 12
[main] INFO org.apache.nifi.security.util.crypto.BcryptCipherProviderGroovyTest - Using algorithm: AES/CBC/NoPadding
[main] WARN org.apache.nifi.security.util.crypto.BcryptSecureHasher - The provided cost factor 4 is below the recommended minimum 12.
[main] INFO org.apache.nifi.security.util.crypto.BcryptCipherProviderGroovyTest - IV: 01010101010101010101010101010101
[main] INFO org.apache.nifi.security.util.crypto.BcryptCipherProviderGroovyTest - Cipher text: db42b44f8a407dd803c0a1018484ce8145efa52d40a70afe754993a586987015 32
[main] WARN org.apache.nifi.security.util.crypto.BcryptSecureHasher - The provided cost factor 4 is below the recommended minimum 12.
[main] INFO org.apache.nifi.security.util.crypto.BcryptCipherProviderGroovyTest - Recovered: ExactBlockSizeRequiredForProcess
[main] INFO org.apache.nifi.security.util.crypto.BcryptCipherProviderGroovyTest - Using algorithm: AES/CBC/PKCS7Padding
[main] WARN org.apache.nifi.security.util.crypto.BcryptSecureHasher - The provided cost factor 4 is below the recommended minimum 12.
[main] INFO org.apache.nifi.security.util.crypto.BcryptCipherProviderGroovyTest - IV: 01010101010101010101010101010101
[main] INFO org.apache.nifi.security.util.crypto.BcryptCipherProviderGroovyTest - Cipher text: db42b44f8a407dd803c0a1018484ce8145efa52d40a70afe754993a5869870155d08d556ac81be79f0c3b029299e3917 48
[main] WARN org.apache.nifi.security.util.crypto.BcryptSecureHasher - The provided cost factor 4 is below the recommended minimum 12.
[main] INFO org.apache.nifi.security.util.crypto.BcryptCipherProviderGroovyTest - Recovered: ExactBlockSizeRequiredForProcess
[main] INFO org.apache.nifi.security.util.crypto.BcryptCipherProviderGroovyTest - Using algorithm: AES/CTR/NoPadding
[main] WARN org.apache.nifi.security.util.crypto.BcryptSecureHasher - The provided cost factor 4 is below the recommended minimum 12.
[main] INFO org.apache.nifi.security.util.crypto.BcryptCipherProviderGroovyTest - IV: 01010101010101010101010101010101
[main] INFO org.apache.nifi.security.util.crypto.BcryptCipherProviderGroovyTest - Cipher text: 826e0e0969c2f6173b9eba532a38c4d11447969993b3c4701fa00f047c5b25b9 32
[main] WARN org.apache.nifi.security.util.crypto.BcryptSecureHasher - The provided cost factor 4 is below the recommended minimum 12.
[main] INFO org.apache.nifi.security.util.crypto.BcryptCipherProviderGroovyTest - Recovered: ExactBlockSizeRequiredForProcess
[main] INFO org.apache.nifi.security.util.crypto.BcryptCipherProviderGroovyTest - Using algorithm: AES/GCM/NoPadding
[main] WARN org.apache.nifi.security.util.crypto.BcryptSecureHasher - The provided cost factor 4 is below the recommended minimum 12.
[main] INFO org.apache.nifi.security.util.crypto.BcryptCipherProviderGroovyTest - IV: 01010101010101010101010101010101
[main] INFO org.apache.nifi.security.util.crypto.BcryptCipherProviderGroovyTest - Cipher text: bf03c12b0b8729ea787a98a49bc861fabbba585e698c9baf09983a957739c954a3b767c7b0f7ee1bce8fd007ec3d1253 48
[main] WARN org.apache.nifi.security.util.crypto.BcryptSecureHasher - The provided cost factor 4 is below the recommended minimum 12.
[main] INFO org.apache.nifi.security.util.crypto.BcryptCipherProviderGroovyTest - Recovered: ExactBlockSizeRequiredForProcess
]]></system-err>
  </testcase>
  <testcase name="testGetCipherShouldUseHashOutputOnlyToDeriveKey" classname="org.apache.nifi.security.util.crypto.BcryptCipherProviderGroovyTest" time="0.057">
    <system-err><![CDATA[[main] WARN org.apache.nifi.security.util.crypto.BcryptCipherProvider - The provided work factor 4 is below the recommended minimum 12
[main] INFO org.apache.nifi.security.util.crypto.BcryptCipherProviderGroovyTest - Using fixed Bcrypt salt: $2a$04$tXZ.TQ68eAijuSENBuaq1u
[main] WARN org.apache.nifi.security.util.crypto.BcryptSecureHasher - The provided cost factor 4 is below the recommended minimum 12.
[main] INFO org.apache.nifi.security.util.crypto.BcryptCipherProviderGroovyTest - Raw hash output (60): 2432612430342474585a2e545136386541696a7553454e4275617131754a2f3556784d772f3063384c4750334a77684e7830703051574b5a4a464436
[main] INFO org.apache.nifi.security.util.crypto.BcryptCipherProviderGroovyTest - Key digest (64): 9371c166994aa9c06fab7838645c5bae0f8bc01da3a5d143931649a73eaa29f2cf5002cd356384091c9f2ae71b45245bf12694f6135719ecf595df1eadc84f7b
[main] INFO org.apache.nifi.security.util.crypto.BcryptCipherProviderGroovyTest - Using algorithm: AES/CBC/NoPadding
[main] WARN org.apache.nifi.security.util.crypto.BcryptSecureHasher - The provided cost factor 4 is below the recommended minimum 12.
[main] WARN org.apache.nifi.security.util.crypto.AESKeyedCipherProvider - An IV was provided of length 0 bytes for encryption but should be 16 bytes
[main] WARN org.apache.nifi.security.util.crypto.AESKeyedCipherProvider - Generating new IV. The value can be obtained in the calling code by invoking 'cipher.getIV()';
[main] INFO org.apache.nifi.security.util.crypto.BcryptCipherProviderGroovyTest - IV: f9857e462b08d8b74e0557d2e486cdd4
[main] INFO org.apache.nifi.security.util.crypto.BcryptCipherProviderGroovyTest - Cipher text: 92318e9ba42a304b0368b86a7a788b618c575805611ddb7861da50736ef1d715 32
[main] WARN org.apache.nifi.security.util.crypto.BcryptSecureHasher - The provided cost factor 4 is below the recommended minimum 12.
[main] INFO org.apache.nifi.security.util.crypto.BcryptCipherProviderGroovyTest - Recovered: ExactBlockSizeRequiredForProcess
[main] INFO org.apache.nifi.security.util.crypto.BcryptCipherProviderGroovyTest - Derived key (16): 9371c166994aa9c06fab7838645c5bae
[main] INFO org.apache.nifi.security.util.crypto.BcryptCipherProviderGroovyTest - Verified: ExactBlockSizeRequiredForProcess
[main] INFO org.apache.nifi.security.util.crypto.BcryptCipherProviderGroovyTest - Using algorithm: AES/CBC/PKCS7Padding
[main] WARN org.apache.nifi.security.util.crypto.BcryptSecureHasher - The provided cost factor 4 is below the recommended minimum 12.
[main] WARN org.apache.nifi.security.util.crypto.AESKeyedCipherProvider - An IV was provided of length 0 bytes for encryption but should be 16 bytes
[main] WARN org.apache.nifi.security.util.crypto.AESKeyedCipherProvider - Generating new IV. The value can be obtained in the calling code by invoking 'cipher.getIV()';
[main] INFO org.apache.nifi.security.util.crypto.BcryptCipherProviderGroovyTest - IV: 37d393aea6b5950b564ffa438e37f219
[main] INFO org.apache.nifi.security.util.crypto.BcryptCipherProviderGroovyTest - Cipher text: 0e02fd25d2620b8b3f4a917a3bc62981f320b44a6a65aacabb5dd304b536ff9b510fbd507b5b3dbbf000f130279f5aeb 48
[main] WARN org.apache.nifi.security.util.crypto.BcryptSecureHasher - The provided cost factor 4 is below the recommended minimum 12.
[main] INFO org.apache.nifi.security.util.crypto.BcryptCipherProviderGroovyTest - Recovered: ExactBlockSizeRequiredForProcess
[main] INFO org.apache.nifi.security.util.crypto.BcryptCipherProviderGroovyTest - Derived key (16): 9371c166994aa9c06fab7838645c5bae
[main] INFO org.apache.nifi.security.util.crypto.BcryptCipherProviderGroovyTest - Verified: ExactBlockSizeRequiredForProcess
[main] INFO org.apache.nifi.security.util.crypto.BcryptCipherProviderGroovyTest - Using algorithm: AES/CTR/NoPadding
[main] WARN org.apache.nifi.security.util.crypto.BcryptSecureHasher - The provided cost factor 4 is below the recommended minimum 12.
[main] WARN org.apache.nifi.security.util.crypto.AESKeyedCipherProvider - An IV was provided of length 0 bytes for encryption but should be 16 bytes
[main] WARN org.apache.nifi.security.util.crypto.AESKeyedCipherProvider - Generating new IV. The value can be obtained in the calling code by invoking 'cipher.getIV()';
[main] INFO org.apache.nifi.security.util.crypto.BcryptCipherProviderGroovyTest - IV: ccb2a866765ee887fac44faee473c3ac
[main] INFO org.apache.nifi.security.util.crypto.BcryptCipherProviderGroovyTest - Cipher text: 6fd493d54ddd23c685c1bf0bc35b686532ad3768a0356b997596f3dcb7352c33 32
[main] WARN org.apache.nifi.security.util.crypto.BcryptSecureHasher - The provided cost factor 4 is below the recommended minimum 12.
[main] INFO org.apache.nifi.security.util.crypto.BcryptCipherProviderGroovyTest - Recovered: ExactBlockSizeRequiredForProcess
[main] INFO org.apache.nifi.security.util.crypto.BcryptCipherProviderGroovyTest - Derived key (16): 9371c166994aa9c06fab7838645c5bae
[main] INFO org.apache.nifi.security.util.crypto.BcryptCipherProviderGroovyTest - Verified: ExactBlockSizeRequiredForProcess
[main] INFO org.apache.nifi.security.util.crypto.BcryptCipherProviderGroovyTest - Using algorithm: AES/GCM/NoPadding
[main] WARN org.apache.nifi.security.util.crypto.BcryptSecureHasher - The provided cost factor 4 is below the recommended minimum 12.
[main] WARN org.apache.nifi.security.util.crypto.AESKeyedCipherProvider - An IV was provided of length 0 bytes for encryption but should be 16 bytes
[main] WARN org.apache.nifi.security.util.crypto.AESKeyedCipherProvider - Generating new IV. The value can be obtained in the calling code by invoking 'cipher.getIV()';
[main] INFO org.apache.nifi.security.util.crypto.BcryptCipherProviderGroovyTest - IV: a766895a1ee978969e1b0329ec5e7346
[main] INFO org.apache.nifi.security.util.crypto.BcryptCipherProviderGroovyTest - Cipher text: 962c00231ff565f1218ba82891609fad26197b891c3954f2e36f5804e6bd9ed8472007a85f2310a2b8a4f56da085cf4a 48
[main] WARN org.apache.nifi.security.util.crypto.BcryptSecureHasher - The provided cost factor 4 is below the recommended minimum 12.
[main] INFO org.apache.nifi.security.util.crypto.BcryptCipherProviderGroovyTest - Recovered: ExactBlockSizeRequiredForProcess
[main] INFO org.apache.nifi.security.util.crypto.BcryptCipherProviderGroovyTest - Derived key (16): 9371c166994aa9c06fab7838645c5bae
[main] INFO org.apache.nifi.security.util.crypto.BcryptCipherProviderGroovyTest - Verified: ExactBlockSizeRequiredForProcess
]]></system-err>
  </testcase>
</testsuite>