<?xml version="1.0" encoding="UTF-8"?>
<testsuite xmlns:xsi="http://www.w3.org/2001/XMLSchema-instance" xsi:noNamespaceSchemaLocation="https://maven.apache.org/surefire/maven-surefire-plugin/xsd/surefire-test-report-3.0.xsd" version="3.0" name="org.apache.nifi.registry.properties.NiFiRegistryPropertiesLoaderGroovyTest" time="0.593" tests="9" errors="0" skipped="0" failures="0">
  <properties>
    <property name="sun.desktop" value="gnome"/>
    <property name="awt.toolkit" value="sun.awt.X11.XToolkit"/>
    <property name="file.encoding.pkg" value="sun.io"/>
    <property name="nondexStart" value="0"/>
    <property name="java.specification.version" value="1.8"/>
    <property name="sun.cpu.isalist" value=""/>
    <property name="sun.jnu.encoding" value="UTF-8"/>
    <property name="java.class.path" value="/home/alex/Repositories/nifi/nifi-registry/nifi-registry-core/nifi-registry-properties/target/test-classes:/home/alex/Repositories/nifi/nifi-registry/nifi-registry-core/nifi-registry-properties/target/classes:/home/alex/.m2/repository/org/apache/commons/commons-lang3/3.5/commons-lang3-3.5.jar:/home/alex/.m2/repository/org/bouncycastle/bcprov-jdk15on/1.69/bcprov-jdk15on-1.69.jar:/home/alex/.m2/repository/org/codehaus/groovy/groovy-test/2.5.14/groovy-test-2.5.14.jar:/home/alex/.m2/repository/org/codehaus/groovy/groovy/2.5.14/groovy-2.5.14.jar:/home/alex/.m2/repository/junit/junit/4.13.2/junit-4.13.2.jar:/home/alex/.m2/repository/org/hamcrest/hamcrest-core/1.3/hamcrest-core-1.3.jar:/home/alex/.m2/repository/cglib/cglib-nodep/2.2.2/cglib-nodep-2.2.2.jar:/home/alex/.m2/repository/org/slf4j/slf4j-simple/1.7.32/slf4j-simple-1.7.32.jar:/home/alex/.m2/repository/org/mockito/mockito-core/2.28.2/mockito-core-2.28.2.jar:/home/alex/.m2/repository/net/bytebuddy/byte-buddy/1.9.10/byte-buddy-1.9.10.jar:/home/alex/.m2/repository/net/bytebuddy/byte-buddy-agent/1.9.10/byte-buddy-agent-1.9.10.jar:/home/alex/.m2/repository/org/objenesis/objenesis/2.6/objenesis-2.6.jar:/home/alex/Repositories/nifi/nifi-commons/nifi-sensitive-property-provider/target/classes:/home/alex/Repositories/nifi/nifi-commons/nifi-properties/target/classes:/home/alex/Repositories/nifi/nifi-commons/nifi-property-utils/target/classes:/home/alex/Repositories/nifi/nifi-commons/nifi-security-utils/target/classes:/home/alex/Repositories/nifi/nifi-api/target/classes:/home/alex/Repositories/nifi/nifi-commons/nifi-utils/target/classes:/home/alex/Repositories/nifi/nifi-commons/nifi-security-utils-api/target/classes:/home/alex/Repositories/nifi/nifi-commons/nifi-security-kms/target/classes:/home/alex/.m2/repository/commons-codec/commons-codec/1.14/commons-codec-1.14.jar:/home/alex/.m2/repository/org/bouncycastle/bcpkix-jdk15on/1.69/bcpkix-jdk15on-1.69.jar:/home/alex/.m2/repository/org/bouncycastle/bcutil-jdk15on/1.69/bcutil-jdk15on-1.69.jar:/home/alex/.m2/repository/at/favre/lib/bcrypt/0.9.0/bcrypt-0.9.0.jar:/home/alex/.m2/repository/at/favre/lib/bytes/1.3.0/bytes-1.3.0.jar:/home/alex/.m2/repository/org/apache/commons/commons-configuration2/2.7/commons-configuration2-2.7.jar:/home/alex/.m2/repository/org/apache/commons/commons-text/1.8/commons-text-1.8.jar:/home/alex/.m2/repository/software/amazon/awssdk/kms/2.17.1/kms-2.17.1.jar:/home/alex/.m2/repository/software/amazon/awssdk/aws-json-protocol/2.17.1/aws-json-protocol-2.17.1.jar:/home/alex/.m2/repository/software/amazon/awssdk/third-party-jackson-core/2.17.1/third-party-jackson-core-2.17.1.jar:/home/alex/.m2/repository/software/amazon/awssdk/json-utils/2.17.1/json-utils-2.17.1.jar:/home/alex/.m2/repository/software/amazon/awssdk/protocol-core/2.17.1/protocol-core-2.17.1.jar:/home/alex/.m2/repository/software/amazon/awssdk/sdk-core/2.17.1/sdk-core-2.17.1.jar:/home/alex/.m2/repository/software/amazon/awssdk/profiles/2.17.1/profiles-2.17.1.jar:/home/alex/.m2/repository/org/reactivestreams/reactive-streams/1.0.3/reactive-streams-1.0.3.jar:/home/alex/.m2/repository/software/amazon/awssdk/auth/2.17.1/auth-2.17.1.jar:/home/alex/.m2/repository/software/amazon/eventstream/eventstream/1.0.1/eventstream-1.0.1.jar:/home/alex/.m2/repository/software/amazon/awssdk/http-client-spi/2.17.1/http-client-spi-2.17.1.jar:/home/alex/.m2/repository/software/amazon/awssdk/regions/2.17.1/regions-2.17.1.jar:/home/alex/.m2/repository/software/amazon/awssdk/annotations/2.17.1/annotations-2.17.1.jar:/home/alex/.m2/repository/software/amazon/awssdk/utils/2.17.1/utils-2.17.1.jar:/home/alex/.m2/repository/software/amazon/awssdk/aws-core/2.17.1/aws-core-2.17.1.jar:/home/alex/.m2/repository/software/amazon/awssdk/metrics-spi/2.17.1/metrics-spi-2.17.1.jar:/home/alex/.m2/repository/software/amazon/awssdk/secretsmanager/2.17.1/secretsmanager-2.17.1.jar:/home/alex/.m2/repository/com/azure/azure-security-keyvault-secrets/4.3.3/azure-security-keyvault-secrets-4.3.3.jar:/home/alex/.m2/repository/com/azure/azure-core/1.20.0/azure-core-1.20.0.jar:/home/alex/.m2/repository/com/fasterxml/jackson/core/jackson-annotations/2.12.3/jackson-annotations-2.12.3.jar:/home/alex/.m2/repository/com/fasterxml/jackson/core/jackson-core/2.12.3/jackson-core-2.12.3.jar:/home/alex/.m2/repository/com/fasterxml/jackson/core/jackson-databind/2.12.3/jackson-databind-2.12.3.jar:/home/alex/.m2/repository/com/fasterxml/jackson/datatype/jackson-datatype-jsr310/2.12.4/jackson-datatype-jsr310-2.12.4.jar:/home/alex/.m2/repository/com/fasterxml/jackson/dataformat/jackson-dataformat-xml/2.12.4/jackson-dataformat-xml-2.12.4.jar:/home/alex/.m2/repository/com/fasterxml/jackson/module/jackson-module-jaxb-annotations/2.12.3/jackson-module-jaxb-annotations-2.12.3.jar:/home/alex/.m2/repository/jakarta/xml/bind/jakarta.xml.bind-api/2.3.2/jakarta.xml.bind-api-2.3.2.jar:/home/alex/.m2/repository/jakarta/activation/jakarta.activation-api/1.2.1/jakarta.activation-api-1.2.1.jar:/home/alex/.m2/repository/io/projectreactor/reactor-core/3.4.9/reactor-core-3.4.9.jar:/home/alex/.m2/repository/com/azure/azure-security-keyvault-keys/4.3.3/azure-security-keyvault-keys-4.3.3.jar:/home/alex/.m2/repository/com/azure/azure-identity/1.3.4/azure-identity-1.3.4.jar:/home/alex/.m2/repository/com/microsoft/azure/msal4j/1.10.1/msal4j-1.10.1.jar:/home/alex/.m2/repository/com/nimbusds/oauth2-oidc-sdk/6.16.2/oauth2-oidc-sdk-6.16.2.jar:/home/alex/.m2/repository/com/sun/mail/javax.mail/1.6.1/javax.mail-1.6.1.jar:/home/alex/.m2/repository/javax/activation/activation/1.1/activation-1.1.jar:/home/alex/.m2/repository/com/github/stephenc/jcip/jcip-annotations/1.0-1/jcip-annotations-1.0-1.jar:/home/alex/.m2/repository/net/minidev/json-smart/2.3/json-smart-2.3.jar:/home/alex/.m2/repository/net/minidev/accessors-smart/1.2/accessors-smart-1.2.jar:/home/alex/.m2/repository/org/ow2/asm/asm/5.0.4/asm-5.0.4.jar:/home/alex/.m2/repository/com/nimbusds/lang-tag/1.7/lang-tag-1.7.jar:/home/alex/.m2/repository/com/nimbusds/nimbus-jose-jwt/8.20/nimbus-jose-jwt-8.20.jar:/home/alex/.m2/repository/com/microsoft/azure/msal4j-persistence-extension/1.1.0/msal4j-persistence-extension-1.1.0.jar:/home/alex/.m2/repository/net/java/dev/jna/jna/5.5.0/jna-5.5.0.jar:/home/alex/.m2/repository/net/java/dev/jna/jna-platform/5.6.0/jna-platform-5.6.0.jar:/home/alex/.m2/repository/com/azure/azure-core-http-okhttp/1.7.1/azure-core-http-okhttp-1.7.1.jar:/home/alex/.m2/repository/com/squareup/okhttp3/okhttp/4.8.1/okhttp-4.8.1.jar:/home/alex/.m2/repository/com/squareup/okio/okio/2.7.0/okio-2.7.0.jar:/home/alex/.m2/repository/org/jetbrains/kotlin/kotlin-stdlib-common/1.3.70/kotlin-stdlib-common-1.3.70.jar:/home/alex/.m2/repository/org/jetbrains/kotlin/kotlin-stdlib/1.3.72/kotlin-stdlib-1.3.72.jar:/home/alex/.m2/repository/org/jetbrains/annotations/13.0/annotations-13.0.jar:/home/alex/.m2/repository/software/amazon/awssdk/url-connection-client/2.17.1/url-connection-client-2.17.1.jar:/home/alex/.m2/repository/com/google/cloud/google-cloud-kms/2.0.2/google-cloud-kms-2.0.2.jar:/home/alex/.m2/repository/io/grpc/grpc-api/1.40.0/grpc-api-1.40.0.jar:/home/alex/.m2/repository/io/grpc/grpc-context/1.40.0/grpc-context-1.40.0.jar:/home/alex/.m2/repository/com/google/code/findbugs/jsr305/3.0.2/jsr305-3.0.2.jar:/home/alex/.m2/repository/io/grpc/grpc-stub/1.40.0/grpc-stub-1.40.0.jar:/home/alex/.m2/repository/io/grpc/grpc-protobuf/1.40.0/grpc-protobuf-1.40.0.jar:/home/alex/.m2/repository/io/grpc/grpc-protobuf-lite/1.40.0/grpc-protobuf-lite-1.40.0.jar:/home/alex/.m2/repository/com/google/api/api-common/2.0.1/api-common-2.0.1.jar:/home/alex/.m2/repository/javax/annotation/javax.annotation-api/1.3.2/javax.annotation-api-1.3.2.jar:/home/alex/.m2/repository/com/google/auto/value/auto-value-annotations/1.8.2/auto-value-annotations-1.8.2.jar:/home/alex/.m2/repository/com/google/protobuf/protobuf-java/3.17.3/protobuf-java-3.17.3.jar:/home/alex/.m2/repository/com/google/api/grpc/proto-google-common-protos/2.3.2/proto-google-common-protos-2.3.2.jar:/home/alex/.m2/repository/com/google/api/grpc/proto-google-cloud-kms-v1/0.91.2/proto-google-cloud-kms-v1-0.91.2.jar:/home/alex/.m2/repository/com/google/guava/guava/28.0-jre/guava-28.0-jre.jar:/home/alex/.m2/repository/com/google/guava/failureaccess/1.0.1/failureaccess-1.0.1.jar:/home/alex/.m2/repository/com/google/guava/listenablefuture/9999.0-empty-to-avoid-conflict-with-guava/listenablefuture-9999.0-empty-to-avoid-conflict-with-guava.jar:/home/alex/.m2/repository/org/checkerframework/checker-qual/3.8.0/checker-qual-3.8.0.jar:/home/alex/.m2/repository/com/google/errorprone/error_prone_annotations/2.9.0/error_prone_annotations-2.9.0.jar:/home/alex/.m2/repository/com/google/j2objc/j2objc-annotations/1.3/j2objc-annotations-1.3.jar:/home/alex/.m2/repository/com/google/api/gax/2.3.0/gax-2.3.0.jar:/home/alex/.m2/repository/io/opencensus/opencensus-api/0.28.0/opencensus-api-0.28.0.jar:/home/alex/.m2/repository/com/google/api/gax-grpc/2.3.0/gax-grpc-2.3.0.jar:/home/alex/.m2/repository/com/google/auth/google-auth-library-credentials/1.1.0/google-auth-library-credentials-1.1.0.jar:/home/alex/.m2/repository/io/grpc/grpc-netty-shaded/1.40.0/grpc-netty-shaded-1.40.0.jar:/home/alex/.m2/repository/io/perfmark/perfmark-api/0.23.0/perfmark-api-0.23.0.jar:/home/alex/.m2/repository/io/grpc/grpc-core/1.40.0/grpc-core-1.40.0.jar:/home/alex/.m2/repository/com/google/android/annotations/4.1.1.4/annotations-4.1.1.4.jar:/home/alex/.m2/repository/org/codehaus/mojo/animal-sniffer-annotations/1.20/animal-sniffer-annotations-1.20.jar:/home/alex/.m2/repository/io/grpc/grpc-alts/1.40.0/grpc-alts-1.40.0.jar:/home/alex/.m2/repository/io/grpc/grpc-grpclb/1.40.0/grpc-grpclb-1.40.0.jar:/home/alex/.m2/repository/com/google/protobuf/protobuf-java-util/3.17.3/protobuf-java-util-3.17.3.jar:/home/alex/.m2/repository/org/conscrypt/conscrypt-openjdk-uber/2.5.1/conscrypt-openjdk-uber-2.5.1.jar:/home/alex/.m2/repository/org/threeten/threetenbp/1.5.1/threetenbp-1.5.1.jar:/home/alex/.m2/repository/io/grpc/grpc-auth/1.40.0/grpc-auth-1.40.0.jar:/home/alex/.m2/repository/com/google/api/grpc/proto-google-iam-v1/1.0.14/proto-google-iam-v1-1.0.14.jar:/home/alex/.m2/repository/com/google/auth/google-auth-library-oauth2-http/1.1.0/google-auth-library-oauth2-http-1.1.0.jar:/home/alex/.m2/repository/com/google/http-client/google-http-client/1.39.2/google-http-client-1.39.2.jar:/home/alex/.m2/repository/org/apache/httpcomponents/httpclient/4.5.13/httpclient-4.5.13.jar:/home/alex/.m2/repository/org/apache/httpcomponents/httpcore/4.4.14/httpcore-4.4.14.jar:/home/alex/.m2/repository/io/opencensus/opencensus-contrib-http-util/0.28.0/opencensus-contrib-http-util-0.28.0.jar:/home/alex/.m2/repository/com/google/http-client/google-http-client-gson/1.39.2/google-http-client-gson-1.39.2.jar:/home/alex/.m2/repository/com/google/code/gson/gson/2.8.8/gson-2.8.8.jar:/home/alex/Repositories/nifi/nifi-commons/nifi-vault-utils/target/classes:/home/alex/.m2/repository/org/springframework/vault/spring-vault-core/2.3.2/spring-vault-core-2.3.2.jar:/home/alex/.m2/repository/org/springframework/spring-core/5.3.11/spring-core-5.3.11.jar:/home/alex/.m2/repository/org/springframework/spring-jcl/5.3.11/spring-jcl-5.3.11.jar:/home/alex/.m2/repository/org/springframework/spring-context/5.3.11/spring-context-5.3.11.jar:/home/alex/.m2/repository/org/springframework/spring-aop/5.3.11/spring-aop-5.3.11.jar:/home/alex/.m2/repository/org/springframework/spring-expression/5.3.11/spring-expression-5.3.11.jar:/home/alex/.m2/repository/org/springframework/spring-beans/5.3.11/spring-beans-5.3.11.jar:/home/alex/.m2/repository/org/springframework/spring-web/5.3.11/spring-web-5.3.11.jar:/home/alex/.m2/repository/org/slf4j/slf4j-api/1.7.32/slf4j-api-1.7.32.jar:/home/alex/.m2/repository/org/junit/jupiter/junit-jupiter-api/5.7.2/junit-jupiter-api-5.7.2.jar:/home/alex/.m2/repository/org/apiguardian/apiguardian-api/1.1.0/apiguardian-api-1.1.0.jar:/home/alex/.m2/repository/org/opentest4j/opentest4j/1.2.0/opentest4j-1.2.0.jar:/home/alex/.m2/repository/org/junit/platform/junit-platform-commons/1.7.2/junit-platform-commons-1.7.2.jar:/home/alex/.m2/repository/org/junit/jupiter/junit-jupiter-engine/5.7.2/junit-jupiter-engine-5.7.2.jar:/home/alex/.m2/repository/org/junit/platform/junit-platform-engine/1.7.2/junit-platform-engine-1.7.2.jar:/home/alex/.m2/repository/org/junit/vintage/junit-vintage-engine/5.7.2/junit-vintage-engine-5.7.2.jar:/home/alex/.m2/repository/org/junit/jupiter/junit-jupiter-params/5.7.2/junit-jupiter-params-5.7.2.jar:/home/alex/.m2/repository/org/mockito/mockito-junit-jupiter/3.11.2/mockito-junit-jupiter-3.11.2.jar:"/>
    <property name="java.vm.vendor" value="Private Build"/>
    <property name="nondexPrintstack" value="false"/>
    <property name="sun.arch.data.model" value="64"/>
    <property name="java.vendor.url" value="http://java.oracle.com/"/>
    <property name="user.timezone" value=""/>
    <property name="user.country.format" value="PT"/>
    <property name="os.name" value="Linux"/>
    <property name="java.vm.specification.version" value="1.8"/>
    <property name="user.country" value="US"/>
    <property name="sun.java.launcher" value="SUN_STANDARD"/>
    <property name="sun.boot.library.path" value="/usr/lib/jvm/java-8-openjdk-amd64/jre/lib/amd64"/>
    <property name="nondexLogging" value="CONFIG"/>
    <property name="sun.java.command" value="/home/alex/Repositories/nifi/nifi-registry/nifi-registry-core/nifi-registry-properties/target/surefire/surefirebooter723042339513048577.jar /home/alex/Repositories/nifi/nifi-registry/nifi-registry-core/nifi-registry-properties/target/surefire 2024-04-23T18-33-27_196-jvmRun1 surefire5957564230165692420tmp surefire_127271371810722451869tmp"/>
    <property name="surefire.test.class.path" value="/home/alex/Repositories/nifi/nifi-registry/nifi-registry-core/nifi-registry-properties/target/test-classes:/home/alex/Repositories/nifi/nifi-registry/nifi-registry-core/nifi-registry-properties/target/classes:/home/alex/.m2/repository/org/apache/commons/commons-lang3/3.5/commons-lang3-3.5.jar:/home/alex/.m2/repository/org/bouncycastle/bcprov-jdk15on/1.69/bcprov-jdk15on-1.69.jar:/home/alex/.m2/repository/org/codehaus/groovy/groovy-test/2.5.14/groovy-test-2.5.14.jar:/home/alex/.m2/repository/org/codehaus/groovy/groovy/2.5.14/groovy-2.5.14.jar:/home/alex/.m2/repository/junit/junit/4.13.2/junit-4.13.2.jar:/home/alex/.m2/repository/org/hamcrest/hamcrest-core/1.3/hamcrest-core-1.3.jar:/home/alex/.m2/repository/cglib/cglib-nodep/2.2.2/cglib-nodep-2.2.2.jar:/home/alex/.m2/repository/org/slf4j/slf4j-simple/1.7.32/slf4j-simple-1.7.32.jar:/home/alex/.m2/repository/org/mockito/mockito-core/2.28.2/mockito-core-2.28.2.jar:/home/alex/.m2/repository/net/bytebuddy/byte-buddy/1.9.10/byte-buddy-1.9.10.jar:/home/alex/.m2/repository/net/bytebuddy/byte-buddy-agent/1.9.10/byte-buddy-agent-1.9.10.jar:/home/alex/.m2/repository/org/objenesis/objenesis/2.6/objenesis-2.6.jar:/home/alex/Repositories/nifi/nifi-commons/nifi-sensitive-property-provider/target/classes:/home/alex/Repositories/nifi/nifi-commons/nifi-properties/target/classes:/home/alex/Repositories/nifi/nifi-commons/nifi-property-utils/target/classes:/home/alex/Repositories/nifi/nifi-commons/nifi-security-utils/target/classes:/home/alex/Repositories/nifi/nifi-api/target/classes:/home/alex/Repositories/nifi/nifi-commons/nifi-utils/target/classes:/home/alex/Repositories/nifi/nifi-commons/nifi-security-utils-api/target/classes:/home/alex/Repositories/nifi/nifi-commons/nifi-security-kms/target/classes:/home/alex/.m2/repository/commons-codec/commons-codec/1.14/commons-codec-1.14.jar:/home/alex/.m2/repository/org/bouncycastle/bcpkix-jdk15on/1.69/bcpkix-jdk15on-1.69.jar:/home/alex/.m2/repository/org/bouncycastle/bcutil-jdk15on/1.69/bcutil-jdk15on-1.69.jar:/home/alex/.m2/repository/at/favre/lib/bcrypt/0.9.0/bcrypt-0.9.0.jar:/home/alex/.m2/repository/at/favre/lib/bytes/1.3.0/bytes-1.3.0.jar:/home/alex/.m2/repository/org/apache/commons/commons-configuration2/2.7/commons-configuration2-2.7.jar:/home/alex/.m2/repository/org/apache/commons/commons-text/1.8/commons-text-1.8.jar:/home/alex/.m2/repository/software/amazon/awssdk/kms/2.17.1/kms-2.17.1.jar:/home/alex/.m2/repository/software/amazon/awssdk/aws-json-protocol/2.17.1/aws-json-protocol-2.17.1.jar:/home/alex/.m2/repository/software/amazon/awssdk/third-party-jackson-core/2.17.1/third-party-jackson-core-2.17.1.jar:/home/alex/.m2/repository/software/amazon/awssdk/json-utils/2.17.1/json-utils-2.17.1.jar:/home/alex/.m2/repository/software/amazon/awssdk/protocol-core/2.17.1/protocol-core-2.17.1.jar:/home/alex/.m2/repository/software/amazon/awssdk/sdk-core/2.17.1/sdk-core-2.17.1.jar:/home/alex/.m2/repository/software/amazon/awssdk/profiles/2.17.1/profiles-2.17.1.jar:/home/alex/.m2/repository/org/reactivestreams/reactive-streams/1.0.3/reactive-streams-1.0.3.jar:/home/alex/.m2/repository/software/amazon/awssdk/auth/2.17.1/auth-2.17.1.jar:/home/alex/.m2/repository/software/amazon/eventstream/eventstream/1.0.1/eventstream-1.0.1.jar:/home/alex/.m2/repository/software/amazon/awssdk/http-client-spi/2.17.1/http-client-spi-2.17.1.jar:/home/alex/.m2/repository/software/amazon/awssdk/regions/2.17.1/regions-2.17.1.jar:/home/alex/.m2/repository/software/amazon/awssdk/annotations/2.17.1/annotations-2.17.1.jar:/home/alex/.m2/repository/software/amazon/awssdk/utils/2.17.1/utils-2.17.1.jar:/home/alex/.m2/repository/software/amazon/awssdk/aws-core/2.17.1/aws-core-2.17.1.jar:/home/alex/.m2/repository/software/amazon/awssdk/metrics-spi/2.17.1/metrics-spi-2.17.1.jar:/home/alex/.m2/repository/software/amazon/awssdk/secretsmanager/2.17.1/secretsmanager-2.17.1.jar:/home/alex/.m2/repository/com/azure/azure-security-keyvault-secrets/4.3.3/azure-security-keyvault-secrets-4.3.3.jar:/home/alex/.m2/repository/com/azure/azure-core/1.20.0/azure-core-1.20.0.jar:/home/alex/.m2/repository/com/fasterxml/jackson/core/jackson-annotations/2.12.3/jackson-annotations-2.12.3.jar:/home/alex/.m2/repository/com/fasterxml/jackson/core/jackson-core/2.12.3/jackson-core-2.12.3.jar:/home/alex/.m2/repository/com/fasterxml/jackson/core/jackson-databind/2.12.3/jackson-databind-2.12.3.jar:/home/alex/.m2/repository/com/fasterxml/jackson/datatype/jackson-datatype-jsr310/2.12.4/jackson-datatype-jsr310-2.12.4.jar:/home/alex/.m2/repository/com/fasterxml/jackson/dataformat/jackson-dataformat-xml/2.12.4/jackson-dataformat-xml-2.12.4.jar:/home/alex/.m2/repository/com/fasterxml/jackson/module/jackson-module-jaxb-annotations/2.12.3/jackson-module-jaxb-annotations-2.12.3.jar:/home/alex/.m2/repository/jakarta/xml/bind/jakarta.xml.bind-api/2.3.2/jakarta.xml.bind-api-2.3.2.jar:/home/alex/.m2/repository/jakarta/activation/jakarta.activation-api/1.2.1/jakarta.activation-api-1.2.1.jar:/home/alex/.m2/repository/io/projectreactor/reactor-core/3.4.9/reactor-core-3.4.9.jar:/home/alex/.m2/repository/com/azure/azure-security-keyvault-keys/4.3.3/azure-security-keyvault-keys-4.3.3.jar:/home/alex/.m2/repository/com/azure/azure-identity/1.3.4/azure-identity-1.3.4.jar:/home/alex/.m2/repository/com/microsoft/azure/msal4j/1.10.1/msal4j-1.10.1.jar:/home/alex/.m2/repository/com/nimbusds/oauth2-oidc-sdk/6.16.2/oauth2-oidc-sdk-6.16.2.jar:/home/alex/.m2/repository/com/sun/mail/javax.mail/1.6.1/javax.mail-1.6.1.jar:/home/alex/.m2/repository/javax/activation/activation/1.1/activation-1.1.jar:/home/alex/.m2/repository/com/github/stephenc/jcip/jcip-annotations/1.0-1/jcip-annotations-1.0-1.jar:/home/alex/.m2/repository/net/minidev/json-smart/2.3/json-smart-2.3.jar:/home/alex/.m2/repository/net/minidev/accessors-smart/1.2/accessors-smart-1.2.jar:/home/alex/.m2/repository/org/ow2/asm/asm/5.0.4/asm-5.0.4.jar:/home/alex/.m2/repository/com/nimbusds/lang-tag/1.7/lang-tag-1.7.jar:/home/alex/.m2/repository/com/nimbusds/nimbus-jose-jwt/8.20/nimbus-jose-jwt-8.20.jar:/home/alex/.m2/repository/com/microsoft/azure/msal4j-persistence-extension/1.1.0/msal4j-persistence-extension-1.1.0.jar:/home/alex/.m2/repository/net/java/dev/jna/jna/5.5.0/jna-5.5.0.jar:/home/alex/.m2/repository/net/java/dev/jna/jna-platform/5.6.0/jna-platform-5.6.0.jar:/home/alex/.m2/repository/com/azure/azure-core-http-okhttp/1.7.1/azure-core-http-okhttp-1.7.1.jar:/home/alex/.m2/repository/com/squareup/okhttp3/okhttp/4.8.1/okhttp-4.8.1.jar:/home/alex/.m2/repository/com/squareup/okio/okio/2.7.0/okio-2.7.0.jar:/home/alex/.m2/repository/org/jetbrains/kotlin/kotlin-stdlib-common/1.3.70/kotlin-stdlib-common-1.3.70.jar:/home/alex/.m2/repository/org/jetbrains/kotlin/kotlin-stdlib/1.3.72/kotlin-stdlib-1.3.72.jar:/home/alex/.m2/repository/org/jetbrains/annotations/13.0/annotations-13.0.jar:/home/alex/.m2/repository/software/amazon/awssdk/url-connection-client/2.17.1/url-connection-client-2.17.1.jar:/home/alex/.m2/repository/com/google/cloud/google-cloud-kms/2.0.2/google-cloud-kms-2.0.2.jar:/home/alex/.m2/repository/io/grpc/grpc-api/1.40.0/grpc-api-1.40.0.jar:/home/alex/.m2/repository/io/grpc/grpc-context/1.40.0/grpc-context-1.40.0.jar:/home/alex/.m2/repository/com/google/code/findbugs/jsr305/3.0.2/jsr305-3.0.2.jar:/home/alex/.m2/repository/io/grpc/grpc-stub/1.40.0/grpc-stub-1.40.0.jar:/home/alex/.m2/repository/io/grpc/grpc-protobuf/1.40.0/grpc-protobuf-1.40.0.jar:/home/alex/.m2/repository/io/grpc/grpc-protobuf-lite/1.40.0/grpc-protobuf-lite-1.40.0.jar:/home/alex/.m2/repository/com/google/api/api-common/2.0.1/api-common-2.0.1.jar:/home/alex/.m2/repository/javax/annotation/javax.annotation-api/1.3.2/javax.annotation-api-1.3.2.jar:/home/alex/.m2/repository/com/google/auto/value/auto-value-annotations/1.8.2/auto-value-annotations-1.8.2.jar:/home/alex/.m2/repository/com/google/protobuf/protobuf-java/3.17.3/protobuf-java-3.17.3.jar:/home/alex/.m2/repository/com/google/api/grpc/proto-google-common-protos/2.3.2/proto-google-common-protos-2.3.2.jar:/home/alex/.m2/repository/com/google/api/grpc/proto-google-cloud-kms-v1/0.91.2/proto-google-cloud-kms-v1-0.91.2.jar:/home/alex/.m2/repository/com/google/guava/guava/28.0-jre/guava-28.0-jre.jar:/home/alex/.m2/repository/com/google/guava/failureaccess/1.0.1/failureaccess-1.0.1.jar:/home/alex/.m2/repository/com/google/guava/listenablefuture/9999.0-empty-to-avoid-conflict-with-guava/listenablefuture-9999.0-empty-to-avoid-conflict-with-guava.jar:/home/alex/.m2/repository/org/checkerframework/checker-qual/3.8.0/checker-qual-3.8.0.jar:/home/alex/.m2/repository/com/google/errorprone/error_prone_annotations/2.9.0/error_prone_annotations-2.9.0.jar:/home/alex/.m2/repository/com/google/j2objc/j2objc-annotations/1.3/j2objc-annotations-1.3.jar:/home/alex/.m2/repository/com/google/api/gax/2.3.0/gax-2.3.0.jar:/home/alex/.m2/repository/io/opencensus/opencensus-api/0.28.0/opencensus-api-0.28.0.jar:/home/alex/.m2/repository/com/google/api/gax-grpc/2.3.0/gax-grpc-2.3.0.jar:/home/alex/.m2/repository/com/google/auth/google-auth-library-credentials/1.1.0/google-auth-library-credentials-1.1.0.jar:/home/alex/.m2/repository/io/grpc/grpc-netty-shaded/1.40.0/grpc-netty-shaded-1.40.0.jar:/home/alex/.m2/repository/io/perfmark/perfmark-api/0.23.0/perfmark-api-0.23.0.jar:/home/alex/.m2/repository/io/grpc/grpc-core/1.40.0/grpc-core-1.40.0.jar:/home/alex/.m2/repository/com/google/android/annotations/4.1.1.4/annotations-4.1.1.4.jar:/home/alex/.m2/repository/org/codehaus/mojo/animal-sniffer-annotations/1.20/animal-sniffer-annotations-1.20.jar:/home/alex/.m2/repository/io/grpc/grpc-alts/1.40.0/grpc-alts-1.40.0.jar:/home/alex/.m2/repository/io/grpc/grpc-grpclb/1.40.0/grpc-grpclb-1.40.0.jar:/home/alex/.m2/repository/com/google/protobuf/protobuf-java-util/3.17.3/protobuf-java-util-3.17.3.jar:/home/alex/.m2/repository/org/conscrypt/conscrypt-openjdk-uber/2.5.1/conscrypt-openjdk-uber-2.5.1.jar:/home/alex/.m2/repository/org/threeten/threetenbp/1.5.1/threetenbp-1.5.1.jar:/home/alex/.m2/repository/io/grpc/grpc-auth/1.40.0/grpc-auth-1.40.0.jar:/home/alex/.m2/repository/com/google/api/grpc/proto-google-iam-v1/1.0.14/proto-google-iam-v1-1.0.14.jar:/home/alex/.m2/repository/com/google/auth/google-auth-library-oauth2-http/1.1.0/google-auth-library-oauth2-http-1.1.0.jar:/home/alex/.m2/repository/com/google/http-client/google-http-client/1.39.2/google-http-client-1.39.2.jar:/home/alex/.m2/repository/org/apache/httpcomponents/httpclient/4.5.13/httpclient-4.5.13.jar:/home/alex/.m2/repository/org/apache/httpcomponents/httpcore/4.4.14/httpcore-4.4.14.jar:/home/alex/.m2/repository/io/opencensus/opencensus-contrib-http-util/0.28.0/opencensus-contrib-http-util-0.28.0.jar:/home/alex/.m2/repository/com/google/http-client/google-http-client-gson/1.39.2/google-http-client-gson-1.39.2.jar:/home/alex/.m2/repository/com/google/code/gson/gson/2.8.8/gson-2.8.8.jar:/home/alex/Repositories/nifi/nifi-commons/nifi-vault-utils/target/classes:/home/alex/.m2/repository/org/springframework/vault/spring-vault-core/2.3.2/spring-vault-core-2.3.2.jar:/home/alex/.m2/repository/org/springframework/spring-core/5.3.11/spring-core-5.3.11.jar:/home/alex/.m2/repository/org/springframework/spring-jcl/5.3.11/spring-jcl-5.3.11.jar:/home/alex/.m2/repository/org/springframework/spring-context/5.3.11/spring-context-5.3.11.jar:/home/alex/.m2/repository/org/springframework/spring-aop/5.3.11/spring-aop-5.3.11.jar:/home/alex/.m2/repository/org/springframework/spring-expression/5.3.11/spring-expression-5.3.11.jar:/home/alex/.m2/repository/org/springframework/spring-beans/5.3.11/spring-beans-5.3.11.jar:/home/alex/.m2/repository/org/springframework/spring-web/5.3.11/spring-web-5.3.11.jar:/home/alex/.m2/repository/org/slf4j/slf4j-api/1.7.32/slf4j-api-1.7.32.jar:/home/alex/.m2/repository/org/junit/jupiter/junit-jupiter-api/5.7.2/junit-jupiter-api-5.7.2.jar:/home/alex/.m2/repository/org/apiguardian/apiguardian-api/1.1.0/apiguardian-api-1.1.0.jar:/home/alex/.m2/repository/org/opentest4j/opentest4j/1.2.0/opentest4j-1.2.0.jar:/home/alex/.m2/repository/org/junit/platform/junit-platform-commons/1.7.2/junit-platform-commons-1.7.2.jar:/home/alex/.m2/repository/org/junit/jupiter/junit-jupiter-engine/5.7.2/junit-jupiter-engine-5.7.2.jar:/home/alex/.m2/repository/org/junit/platform/junit-platform-engine/1.7.2/junit-platform-engine-1.7.2.jar:/home/alex/.m2/repository/org/junit/vintage/junit-vintage-engine/5.7.2/junit-vintage-engine-5.7.2.jar:/home/alex/.m2/repository/org/junit/jupiter/junit-jupiter-params/5.7.2/junit-jupiter-params-5.7.2.jar:/home/alex/.m2/repository/org/mockito/mockito-junit-jupiter/3.11.2/mockito-junit-jupiter-3.11.2.jar:"/>
    <property name="nondexExecid" value="clean_bJ1XX767+cAFL6MYPGhhhhUxWWRBImHxZHuKxUm80="/>
    <property name="sun.cpu.endian" value="little"/>
    <property name="user.home" value="/home/alex"/>
    <property name="user.language" value="en"/>
    <property name="java.specification.vendor" value="Oracle Corporation"/>
    <property name="java.home" value="/usr/lib/jvm/java-8-openjdk-amd64/jre"/>
    <property name="basedir" value="/home/alex/Repositories/nifi/nifi-registry/nifi-registry-core/nifi-registry-properties"/>
    <property name="file.separator" value="/"/>
    <property name="nondexEnd" value="9223372036854775807"/>
    <property name="line.separator" value="&#10;"/>
    <property name="java.vm.specification.vendor" value="Oracle Corporation"/>
    <property name="java.specification.name" value="Java Platform API Specification"/>
    <property name="java.awt.graphicsenv" value="sun.awt.X11GraphicsEnvironment"/>
    <property name="java.awt.headless" value="true"/>
    <property name="nondexFilter" value=".*"/>
    <property name="nondexSeed" value="933178"/>
    <property name="surefire.real.class.path" value="/home/alex/Repositories/nifi/nifi-registry/nifi-registry-core/nifi-registry-properties/target/surefire/surefirebooter723042339513048577.jar"/>
    <property name="sun.boot.class.path" value="/usr/lib/jvm/java-8-openjdk-amd64/jre/lib/resources.jar:/usr/lib/jvm/java-8-openjdk-amd64/jre/lib/rt.jar:/usr/lib/jvm/java-8-openjdk-amd64/jre/lib/sunrsasign.jar:/usr/lib/jvm/java-8-openjdk-amd64/jre/lib/jsse.jar:/usr/lib/jvm/java-8-openjdk-amd64/jre/lib/jce.jar:/usr/lib/jvm/java-8-openjdk-amd64/jre/lib/charsets.jar:/usr/lib/jvm/java-8-openjdk-amd64/jre/lib/jfr.jar:/usr/lib/jvm/java-8-openjdk-amd64/jre/classes"/>
    <property name="sun.management.compiler" value="HotSpot 64-Bit Tiered Compilers"/>
    <property name="java.runtime.version" value="1.8.0_402-8u402-ga-2ubuntu1~22.04-b06"/>
    <property name="java.net.preferIPv4Stack" value="true"/>
    <property name="user.name" value="alex"/>
    <property name="path.separator" value=":"/>
    <property name="os.version" value="6.5.0-28-generic"/>
    <property name="java.endorsed.dirs" value="/usr/lib/jvm/java-8-openjdk-amd64/jre/lib/endorsed"/>
    <property name="java.runtime.name" value="OpenJDK Runtime Environment"/>
    <property name="file.encoding" value="UTF-8"/>
    <property name="java.vm.name" value="OpenJDK 64-Bit Server VM"/>
    <property name="localRepository" value="/home/alex/.m2/repository"/>
    <property name="nondexDir" value="/home/alex/Repositories/nifi/nifi-registry/nifi-registry-core/nifi-registry-properties/.nondex"/>
    <property name="nondexJarDir" value=".nondex"/>
    <property name="java.vendor.url.bug" value="http://bugreport.sun.com/bugreport/"/>
    <property name="java.io.tmpdir" value="/tmp"/>
    <property name="java.version" value="1.8.0_402"/>
    <property name="user.dir" value="/home/alex/Repositories/nifi/nifi-registry/nifi-registry-core/nifi-registry-properties"/>
    <property name="os.arch" value="amd64"/>
    <property name="nondexMode" value="FULL"/>
    <property name="java.vm.specification.name" value="Java Virtual Machine Specification"/>
    <property name="java.awt.printerjob" value="sun.print.PSPrinterJob"/>
    <property name="user.language.format" value="pt"/>
    <property name="sun.os.patch.level" value="unknown"/>
    <property name="java.library.path" value="/usr/java/packages/lib/amd64:/usr/lib/x86_64-linux-gnu/jni:/lib/x86_64-linux-gnu:/usr/lib/x86_64-linux-gnu:/usr/lib/jni:/lib:/usr/lib"/>
    <property name="java.vm.info" value="mixed mode"/>
    <property name="java.vendor" value="Private Build"/>
    <property name="java.vm.version" value="25.402-b06"/>
    <property name="java.specification.maintenance.version" value="5"/>
    <property name="java.ext.dirs" value="/usr/lib/jvm/java-8-openjdk-amd64/jre/lib/ext:/usr/java/packages/lib/ext"/>
    <property name="sun.io.unicode.encoding" value="UnicodeLittle"/>
    <property name="java.class.version" value="52.0"/>
  </properties>
  <testcase name="testConstructorShouldCreateNewInstance" classname="org.apache.nifi.registry.properties.NiFiRegistryPropertiesLoaderGroovyTest" time="0.005"/>
  <testcase name="testShouldNotLoadUnprotectedPropertiesFromMissingFile" classname="org.apache.nifi.registry.properties.NiFiRegistryPropertiesLoaderGroovyTest" time="0.01">
    <system-err><![CDATA[[main] ERROR org.apache.nifi.registry.properties.NiFiRegistryPropertiesLoader - Cannot read from '/home/alex/Repositories/nifi/nifi-registry/nifi-registry-core/nifi-registry-properties/src/test/resources/conf/nifi-registry.missing.properties' -- file is missing or not readable
[main] INFO org.apache.nifi.registry.properties.NiFiRegistryPropertiesLoaderGroovyTest - NiFi Registry properties file missing or unreadable
]]></system-err>
  </testcase>
  <testcase name="testConstructorShouldCreateMultipleInstances" classname="org.apache.nifi.registry.properties.NiFiRegistryPropertiesLoaderGroovyTest" time="0.001"/>
  <testcase name="testShouldNotLoadUnprotectedPropertiesFromNullFile" classname="org.apache.nifi.registry.properties.NiFiRegistryPropertiesLoaderGroovyTest" time="0.008">
    <system-err><![CDATA[[main] ERROR org.apache.nifi.registry.properties.NiFiRegistryPropertiesLoader - Cannot read from 'missing file' -- file is missing or not readable
[main] INFO org.apache.nifi.registry.properties.NiFiRegistryPropertiesLoaderGroovyTest - NiFi Registry properties file missing or unreadable
]]></system-err>
  </testcase>
  <testcase name="testShouldLoadUnprotectedPropertiesFromFile" classname="org.apache.nifi.registry.properties.NiFiRegistryPropertiesLoaderGroovyTest" time="0.004">
    <system-err><![CDATA[[main] INFO org.apache.nifi.registry.properties.NiFiRegistryPropertiesLoader - Loaded 23 properties from /home/alex/Repositories/nifi/nifi-registry/nifi-registry-core/nifi-registry-properties/src/test/resources/conf/nifi-registry.properties
]]></system-err>
  </testcase>
  <testcase name="testShouldLoadUnprotectedPropertiesFromPath" classname="org.apache.nifi.registry.properties.NiFiRegistryPropertiesLoaderGroovyTest" time="0.001">
    <system-err><![CDATA[[main] INFO org.apache.nifi.registry.properties.NiFiRegistryPropertiesLoader - Loaded 23 properties from /home/alex/Repositories/nifi/nifi-registry/nifi-registry-core/nifi-registry-properties/src/test/resources/conf/nifi-registry.properties
]]></system-err>
  </testcase>
  <testcase name="testShouldLoadUnprotectedPropertiesFromProtectedFile" classname="org.apache.nifi.registry.properties.NiFiRegistryPropertiesLoaderGroovyTest" time="0.281">
    <system-err><![CDATA[[main] INFO org.apache.nifi.registry.properties.NiFiRegistryPropertiesLoader - Loaded 22 properties from /home/alex/Repositories/nifi/nifi-registry/nifi-registry-core/nifi-registry-properties/src/test/resources/conf/nifi-registry.with_sensitive_props_protected_aes_128.properties
[main] INFO org.apache.nifi.registry.properties.NiFiRegistryPropertiesLoaderGroovyTest - Read 22 total properties (2 protected) from /home/alex/Repositories/nifi/nifi-registry/nifi-registry-core/nifi-registry-properties/src/test/resources/conf/nifi-registry.with_sensitive_props_protected_aes_128.properties
[main] INFO org.apache.nifi.registry.properties.NiFiRegistryPropertiesLoader - Loaded 22 properties from /home/alex/Repositories/nifi/nifi-registry/nifi-registry-core/nifi-registry-properties/src/test/resources/conf/nifi-registry.with_sensitive_props_protected_aes_128.properties
[main] WARN org.apache.nifi.properties.AbstractBootstrapPropertiesLoader - System Property [nifi.registry.properties.file.path] not found: Using Relative Path [conf/nifi-registry.properties]
[main] INFO org.apache.nifi.registry.properties.NiFiRegistryPropertiesLoaderGroovyTest - Checking that [6WUpex+VZiN05LXu||joWJMuoSzYniEC7IAoingTimlG7+RGk8I2irl/WTlIuMcg] -> [thisIsABadPassword] == [thisIsABadPassword]
[main] INFO org.apache.nifi.registry.properties.NiFiRegistryPropertiesLoaderGroovyTest - Checking that [6WUpex+VZiN05LXu||joWJMuoSzYniEC7IAoingTimlG7+RGk8I2irl/WTlIuMcg] -> [thisIsABadPassword] == [thisIsABadPassword]
]]></system-err>
  </testcase>
  <testcase name="testShouldUpdateKeyInFactory" classname="org.apache.nifi.registry.properties.NiFiRegistryPropertiesLoaderGroovyTest" time="0.012">
    <system-err><![CDATA[[main] INFO org.apache.nifi.registry.properties.NiFiRegistryPropertiesLoader - Loaded 22 properties from /home/alex/Repositories/nifi/nifi-registry/nifi-registry-core/nifi-registry-properties/src/test/resources/conf/nifi-registry.with_sensitive_props_protected_aes_128.properties
[main] INFO org.apache.nifi.registry.properties.NiFiRegistryPropertiesLoaderGroovyTest - Read 20 total properties from /home/alex/Repositories/nifi/nifi-registry/nifi-registry-core/nifi-registry-properties/src/test/resources/conf/nifi-registry.with_sensitive_props_protected_aes_128.properties
[main] INFO org.apache.nifi.registry.properties.NiFiRegistryPropertiesLoader - Loaded 22 properties from /home/alex/Repositories/nifi/nifi-registry/nifi-registry-core/nifi-registry-properties/src/test/resources/conf/nifi-registry.with_sensitive_props_protected_aes_128_password.properties
[main] INFO org.apache.nifi.registry.properties.NiFiRegistryPropertiesLoaderGroovyTest - Read 20 total properties from /home/alex/Repositories/nifi/nifi-registry/nifi-registry-core/nifi-registry-properties/src/test/resources/conf/nifi-registry.with_sensitive_props_protected_aes_128_password.properties
]]></system-err>
  </testcase>
  <testcase name="testShouldCreateInstanceWithKey" classname="org.apache.nifi.registry.properties.NiFiRegistryPropertiesLoaderGroovyTest" time="0"/>
</testsuite>