<?xml version="1.0" encoding="UTF-8"?>
<testsuite xmlns:xsi="http://www.w3.org/2001/XMLSchema-instance" xsi:noNamespaceSchemaLocation="https://maven.apache.org/surefire/maven-surefire-plugin/xsd/surefire-test-report-3.0.xsd" version="3.0" name="org.apache.hadoop.hive.ql.TestTxnCommands3" time="121.67" tests="12" errors="5" skipped="0" failures="0">
  <properties>
    <property name="build.test.dir" value="/home/alex/Repositories/hive/ql/target/tmp"/>
    <property name="awt.toolkit" value="sun.awt.X11.XToolkit"/>
    <property name="test.tmp.dir.uri" value="file:///home/alex/Repositories/hive/ql/target/tmp"/>
    <property name="java.specification.version" value="1.8"/>
    <property name="qfile" value=""/>
    <property name="sun.cpu.isalist" value=""/>
    <property name="test.warehouse.dir" value="pfile:///home/alex/Repositories/hive/ql/target/warehouse"/>
    <property name="sun.jnu.encoding" value="UTF-8"/>
    <property name="run_disabled" value=""/>
    <property name="nondexPrintstack" value="false"/>
    <property name="sun.arch.data.model" value="64"/>
    <property name="java.vendor.url" value="http://java.oracle.com/"/>
    <property name="user.country.format" value="PT"/>
    <property name="test.tmp.dir" value="/home/alex/Repositories/hive/ql/target/tmp"/>
    <property name="sun.boot.library.path" value="/usr/lib/jvm/java-8-openjdk-amd64/jre/lib/amd64"/>
    <property name="sun.java.command" value="/home/alex/Repositories/hive/ql/target/surefire/surefirebooter3365249139841525442.jar /home/alex/Repositories/hive/ql/target/surefire 2024-04-23T21-59-46_173-jvmRun1 surefire7745703794974047290tmp surefire_22847329121101492979049tmp"/>
    <property name="nondexExecid" value="oUi5h03YaAsr1zYbyWcL7OlHtDlCKFQ0UmQw8pMP1CI="/>
    <property name="java.specification.vendor" value="Oracle Corporation"/>
    <property name="java.home" value="/usr/lib/jvm/java-8-openjdk-amd64/jre"/>
    <property name="file.separator" value="/"/>
    <property name="basedir" value="/home/alex/Repositories/hive/ql"/>
    <property name="line.separator" value="&#10;"/>
    <property name="nondexEnd" value="9223372036854775807"/>
    <property name="derby.stream.error.file" value="/home/alex/Repositories/hive/ql/target/tmp/derby.log"/>
    <property name="java.vm.specification.vendor" value="Oracle Corporation"/>
    <property name="java.specification.name" value="Java Platform API Specification"/>
    <property name="sun.boot.class.path" value="/home/alex/Repositories/hive/ql/.nondex/nondex-instr.jar:/home/alex/.m2/repository/edu/illinois/nondex-common/2.1.7/nondex-common-2.1.7.jar:/home/alex/.m2/repository/edu/illinois/nondex-annotations/2.1.7/nondex-annotations-2.1.7.jar:/usr/lib/jvm/java-8-openjdk-amd64/jre/lib/resources.jar:/usr/lib/jvm/java-8-openjdk-amd64/jre/lib/rt.jar:/usr/lib/jvm/java-8-openjdk-amd64/jre/lib/sunrsasign.jar:/usr/lib/jvm/java-8-openjdk-amd64/jre/lib/jsse.jar:/usr/lib/jvm/java-8-openjdk-amd64/jre/lib/jce.jar:/usr/lib/jvm/java-8-openjdk-amd64/jre/lib/charsets.jar:/usr/lib/jvm/java-8-openjdk-amd64/jre/lib/jfr.jar:/usr/lib/jvm/java-8-openjdk-amd64/jre/classes"/>
    <property name="log4j.debug" value="true"/>
    <property name="sun.management.compiler" value="HotSpot 64-Bit Tiered Compilers"/>
    <property name="spark.home" value=""/>
    <property name="java.runtime.version" value="1.8.0_402-8u402-ga-2ubuntu1~22.04-b06"/>
    <property name="user.name" value="alex"/>
    <property name="test.src.tables" value=""/>
    <property name="file.encoding" value="UTF-8"/>
    <property name="qfile_regex" value=""/>
    <property name="hadoop.bin.path" value="/home/alex/Repositories/hive/ql/../testutils/hadoop"/>
    <property name="localRepository" value="/home/alex/.m2/repository"/>
    <property name="nondexDir" value="/home/alex/Repositories/hive/ql/.nondex"/>
    <property name="build.dir" value="/home/alex/Repositories/hive/ql/target"/>
    <property name="mapred.job.tracker" value="local"/>
    <property name="nondexJarDir" value="/home/alex/Repositories/hive/ql/.nondex"/>
    <property name="java.io.tmpdir" value="/home/alex/Repositories/hive/ql/target/tmp"/>
    <property name="com.zaxxer.hikari.pool_number" value="3"/>
    <property name="java.version" value="1.8.0_402"/>
    <property name="hive.version" value="4.0.0-SNAPSHOT"/>
    <property name="java.vm.specification.name" value="Java Virtual Machine Specification"/>
    <property name="java.awt.printerjob" value="sun.print.PSPrinterJob"/>
    <property name="sun.os.patch.level" value="unknown"/>
    <property name="test.data.dir" value="/home/alex/Repositories/hive/ql/../data/files"/>
    <property name="java.library.path" value="/usr/java/packages/lib/amd64:/usr/lib/x86_64-linux-gnu/jni:/lib/x86_64-linux-gnu:/usr/lib/x86_64-linux-gnu:/usr/lib/jni:/lib:/usr/lib"/>
    <property name="java.vendor" value="Private Build"/>
    <property name="java.specification.maintenance.version" value="5"/>
    <property name="sun.io.unicode.encoding" value="UnicodeLittle"/>
    <property name="initScript" value=""/>
    <property name="sun.desktop" value="gnome"/>
    <property name="calcite.enable.rexnode.digest.normalize" value="false"/>
    <property name="file.encoding.pkg" value="sun.io"/>
    <property name="nondexStart" value="0"/>
    <property name="log4j.configurationFile" value="file:///home/alex/Repositories/hive/ql/target/testconf/hive-log4j2.properties"/>
    <property name="java.class.path" value="/home/alex/Repositories/hive/ql/target/test-classes:/home/alex/Repositories/hive/ql/target/classes:/home/alex/.m2/repository/org/apache/atlas/atlas-client-v2/2.1.0/atlas-client-v2-2.1.0.jar:/home/alex/.m2/repository/cglib/cglib/2.2.2/cglib-2.2.2.jar:/home/alex/.m2/repository/asm/asm/3.3.1/asm-3.3.1.jar:/home/alex/.m2/repository/org/apache/atlas/atlas-client-common/2.1.0/atlas-client-common-2.1.0.jar:/home/alex/.m2/repository/org/apache/httpcomponents/httpclient/4.5.13/httpclient-4.5.13.jar:/home/alex/.m2/repository/com/sun/jersey/jersey-client/1.19/jersey-client-1.19.jar:/home/alex/.m2/repository/org/apache/atlas/atlas-intg/2.1.0/atlas-intg-2.1.0.jar:/home/alex/.m2/repository/commons-collections/commons-collections/3.2.2/commons-collections-3.2.2.jar:/home/alex/.m2/repository/commons-validator/commons-validator/1.6/commons-validator-1.6.jar:/home/alex/.m2/repository/commons-digester/commons-digester/1.8.1/commons-digester-1.8.1.jar:/home/alex/.m2/repository/com/fasterxml/jackson/jaxrs/jackson-jaxrs-base/2.12.0/jackson-jaxrs-base-2.12.0.jar:/home/alex/.m2/repository/com/fasterxml/jackson/jaxrs/jackson-jaxrs-json-provider/2.12.0/jackson-jaxrs-json-provider-2.12.0.jar:/home/alex/.m2/repository/javax/inject/javax.inject/1/javax.inject-1.jar:/home/alex/.m2/repository/org/springframework/spring-context/4.3.20.RELEASE/spring-context-4.3.20.RELEASE.jar:/home/alex/.m2/repository/org/springframework/spring-aop/4.3.20.RELEASE/spring-aop-4.3.20.RELEASE.jar:/home/alex/.m2/repository/org/springframework/spring-beans/4.3.20.RELEASE/spring-beans-4.3.20.RELEASE.jar:/home/alex/.m2/repository/org/springframework/spring-core/4.3.20.RELEASE/spring-core-4.3.20.RELEASE.jar:/home/alex/.m2/repository/org/springframework/spring-expression/4.3.20.RELEASE/spring-expression-4.3.20.RELEASE.jar:/home/alex/.m2/repository/commons-configuration/commons-configuration/1.10/commons-configuration-1.10.jar:/home/alex/.m2/repository/commons-lang/commons-lang/2.6/commons-lang-2.6.jar:/home/alex/.m2/repository/commons-logging/commons-logging/1.1.1/commons-logging-1.1.1.jar:/home/alex/.m2/repository/org/apache/commons/commons-math3/3.6.1/commons-math3-3.6.1.jar:/home/alex/Repositories/hive/vector-code-gen/target/classes:/home/alex/.m2/repository/org/apache/velocity/velocity/1.5/velocity-1.5.jar:/home/alex/Repositories/hive/common/target/classes:/home/alex/Repositories/hive/classification/target/classes:/home/alex/Repositories/hive/standalone-metastore/metastore-common/target/classes:/home/alex/.m2/repository/commons-cli/commons-cli/1.4/commons-cli-1.4.jar:/home/alex/.m2/repository/org/apache/orc/orc-core/1.6.9/orc-core-1.6.9.jar:/home/alex/.m2/repository/org/apache/orc/orc-shims/1.6.9/orc-shims-1.6.9.jar:/home/alex/.m2/repository/io/airlift/aircompressor/0.19/aircompressor-0.19.jar:/home/alex/.m2/repository/org/jetbrains/annotations/17.0.0/annotations-17.0.0.jar:/home/alex/.m2/repository/org/threeten/threeten-extra/1.5.0/threeten-extra-1.5.0.jar:/home/alex/.m2/repository/jline/jline/2.14.6/jline-2.14.6.jar:/home/alex/.m2/repository/javax/servlet/javax.servlet-api/3.1.0/javax.servlet-api-3.1.0.jar:/home/alex/.m2/repository/org/eclipse/jetty/jetty-http/9.3.27.v20190418/jetty-http-9.3.27.v20190418.jar:/home/alex/.m2/repository/org/eclipse/jetty/jetty-rewrite/9.3.27.v20190418/jetty-rewrite-9.3.27.v20190418.jar:/home/alex/.m2/repository/org/eclipse/jetty/jetty-client/9.3.27.v20190418/jetty-client-9.3.27.v20190418.jar:/home/alex/.m2/repository/org/eclipse/jetty/jetty-server/9.3.27.v20190418/jetty-server-9.3.27.v20190418.jar:/home/alex/.m2/repository/org/eclipse/jetty/jetty-io/9.3.27.v20190418/jetty-io-9.3.27.v20190418.jar:/home/alex/.m2/repository/org/eclipse/jetty/jetty-servlet/9.3.27.v20190418/jetty-servlet-9.3.27.v20190418.jar:/home/alex/.m2/repository/org/eclipse/jetty/jetty-security/9.3.27.v20190418/jetty-security-9.3.27.v20190418.jar:/home/alex/.m2/repository/org/eclipse/jetty/jetty-webapp/9.3.27.v20190418/jetty-webapp-9.3.27.v20190418.jar:/home/alex/.m2/repository/org/eclipse/jetty/jetty-xml/9.3.27.v20190418/jetty-xml-9.3.27.v20190418.jar:/home/alex/.m2/repository/joda-time/joda-time/2.9.9/joda-time-2.9.9.jar:/home/alex/.m2/repository/org/apache/logging/log4j/log4j-web/2.13.2/log4j-web-2.13.2.jar:/home/alex/.m2/repository/net/sf/jpam/jpam/1.1/jpam-1.1.jar:/home/alex/.m2/repository/io/dropwizard/metrics/metrics-core/3.1.0/metrics-core-3.1.0.jar:/home/alex/.m2/repository/io/dropwizard/metrics/metrics-jvm/3.1.0/metrics-jvm-3.1.0.jar:/home/alex/.m2/repository/io/dropwizard/metrics/metrics-json/3.1.0/metrics-json-3.1.0.jar:/home/alex/.m2/repository/com/github/joshelser/dropwizard-metrics-hadoop-metrics2-reporter/0.1.2/dropwizard-metrics-hadoop-metrics2-reporter-0.1.2.jar:/home/alex/Repositories/hive/metastore/target/classes:/home/alex/.m2/repository/org/apache/derby/derby/10.14.1.0/derby-10.14.1.0.jar:/home/alex/Repositories/hive/serde/target/classes:/home/alex/.m2/repository/com/google/code/findbugs/jsr305/3.0.0/jsr305-3.0.0.jar:/home/alex/.m2/repository/org/apache/arrow/arrow-vector/0.15.1/arrow-vector-0.15.1.jar:/home/alex/.m2/repository/org/apache/arrow/arrow-format/0.15.1/arrow-format-0.15.1.jar:/home/alex/.m2/repository/org/apache/arrow/arrow-memory/0.15.1/arrow-memory-0.15.1.jar:/home/alex/.m2/repository/com/google/flatbuffers/flatbuffers-java/1.9.0/flatbuffers-java-1.9.0.jar:/home/alex/.m2/repository/com/carrotsearch/hppc/0.7.2/hppc-0.7.2.jar:/home/alex/.m2/repository/com/github/davidmoten/flatbuffers-java/1.6.0.1/flatbuffers-java-1.6.0.1.jar:/home/alex/Repositories/hive/parser/target/classes:/home/alex/Repositories/hive/udf/target/classes:/home/alex/Repositories/hive/service-rpc/target/classes:/home/alex/Repositories/hive/llap-client/target/classes:/home/alex/Repositories/hive/llap-common/target/classes:/home/alex/.m2/repository/io/jsonwebtoken/jjwt-api/0.10.5/jjwt-api-0.10.5.jar:/home/alex/.m2/repository/io/jsonwebtoken/jjwt-impl/0.10.5/jjwt-impl-0.10.5.jar:/home/alex/.m2/repository/io/jsonwebtoken/jjwt-jackson/0.10.5/jjwt-jackson-0.10.5.jar:/home/alex/Repositories/hive/llap-tez/target/classes:/home/alex/Repositories/hive/shims/aggregator/target/classes:/home/alex/Repositories/hive/shims/common/target/classes:/home/alex/Repositories/hive/shims/0.23/target/classes:/home/alex/.m2/repository/org/apache/hadoop/hadoop-yarn-server-resourcemanager/3.1.0/hadoop-yarn-server-resourcemanager-3.1.0.jar:/home/alex/.m2/repository/org/apache/hadoop/hadoop-yarn-server-applicationhistoryservice/3.1.0/hadoop-yarn-server-applicationhistoryservice-3.1.0.jar:/home/alex/.m2/repository/de/ruedigermoeller/fst/2.50/fst-2.50.jar:/home/alex/.m2/repository/com/cedarsoftware/java-util/1.9.0/java-util-1.9.0.jar:/home/alex/.m2/repository/com/cedarsoftware/json-io/2.5.1/json-io-2.5.1.jar:/home/alex/Repositories/hive/shims/scheduler/target/classes:/home/alex/Repositories/hive/spark-client/target/classes:/home/alex/.m2/repository/io/netty/netty-all/4.1.65.Final/netty-all-4.1.65.Final.jar:/home/alex/.m2/repository/com/fasterxml/jackson/module/jackson-module-scala_2.12/2.12.0/jackson-module-scala_2.12-2.12.0.jar:/home/alex/.m2/repository/org/apache/spark/spark-yarn_2.12/2.4.5/spark-yarn_2.12-2.4.5.jar:/home/alex/Repositories/hive/storage-api/target/classes:/home/alex/.m2/repository/com/amazonaws/aws-java-sdk-bundle/1.11.901/aws-java-sdk-bundle-1.11.901.jar:/home/alex/.m2/repository/com/amazonaws/secretsmanager/aws-secretsmanager-caching-java/1.0.1/aws-secretsmanager-caching-java-1.0.1.jar:/home/alex/.m2/repository/com/esotericsoftware/kryo/5.0.3/kryo-5.0.3.jar:/home/alex/.m2/repository/org/objenesis/objenesis/3.1/objenesis-3.1.jar:/home/alex/.m2/repository/com/esotericsoftware/minlog/1.3.1/minlog-1.3.1.jar:/home/alex/.m2/repository/com/esotericsoftware/reflectasm/1.11.9/reflectasm-1.11.9.jar:/home/alex/.m2/repository/com/google/protobuf/protobuf-java/2.5.0/protobuf-java-2.5.0.jar:/home/alex/.m2/repository/org/apache/hbase/hbase-common/2.0.0-alpha4/hbase-common-2.0.0-alpha4.jar:/home/alex/.m2/repository/org/apache/hbase/thirdparty/hbase-shaded-miscellaneous/1.0.1/hbase-shaded-miscellaneous-1.0.1.jar:/home/alex/.m2/repository/org/apache/htrace/htrace-core/3.2.0-incubating/htrace-core-3.2.0-incubating.jar:/home/alex/.m2/repository/org/apache/commons/commons-crypto/1.0.0/commons-crypto-1.0.0.jar:/home/alex/.m2/repository/com/github/stephenc/findbugs/findbugs-annotations/1.3.9-1/findbugs-annotations-1.3.9-1.jar:/home/alex/.m2/repository/log4j/log4j/1.2.17/log4j-1.2.17.jar:/home/alex/.m2/repository/org/apache/yetus/audience-annotations/0.5.0/audience-annotations-0.5.0.jar:/home/alex/.m2/repository/org/apache/parquet/parquet-hadoop-bundle/1.11.1/parquet-hadoop-bundle-1.11.1.jar:/home/alex/.m2/repository/commons-codec/commons-codec/1.15/commons-codec-1.15.jar:/home/alex/.m2/repository/commons-io/commons-io/2.6/commons-io-2.6.jar:/home/alex/.m2/repository/org/apache/commons/commons-collections4/4.1/commons-collections4-4.1.jar:/home/alex/.m2/repository/org/apache/commons/commons-lang3/3.9/commons-lang3-3.9.jar:/home/alex/.m2/repository/org/apache/commons/commons-text/1.8/commons-text-1.8.jar:/home/alex/.m2/repository/javolution/javolution/5.5.1/javolution-5.5.1.jar:/home/alex/.m2/repository/org/apache/logging/log4j/log4j-1.2-api/2.13.2/log4j-1.2-api-2.13.2.jar:/home/alex/.m2/repository/org/apache/logging/log4j/log4j-api/2.13.2/log4j-api-2.13.2.jar:/home/alex/.m2/repository/org/apache/logging/log4j/log4j-core/2.13.2/log4j-core-2.13.2.jar:/home/alex/.m2/repository/org/apache/logging/log4j/log4j-slf4j-impl/2.13.2/log4j-slf4j-impl-2.13.2.jar:/home/alex/.m2/repository/org/antlr/antlr-runtime/3.5.2/antlr-runtime-3.5.2.jar:/home/alex/.m2/repository/org/antlr/ST4/4.0.4/ST4-4.0.4.jar:/home/alex/.m2/repository/org/apache/avro/avro/1.8.2/avro-1.8.2.jar:/home/alex/.m2/repository/org/codehaus/jackson/jackson-core-asl/1.9.13/jackson-core-asl-1.9.13.jar:/home/alex/.m2/repository/org/codehaus/jackson/jackson-mapper-asl/1.9.13/jackson-mapper-asl-1.9.13.jar:/home/alex/.m2/repository/com/thoughtworks/paranamer/paranamer/2.8/paranamer-2.8.jar:/home/alex/.m2/repository/org/xerial/snappy/snappy-java/1.1.4/snappy-java-1.1.4.jar:/home/alex/.m2/repository/org/tukaani/xz/1.5/xz-1.5.jar:/home/alex/.m2/repository/org/apache/avro/avro-mapred/1.8.2/avro-mapred-1.8.2-hadoop2.jar:/home/alex/.m2/repository/org/apache/avro/avro-ipc/1.8.2/avro-ipc-1.8.2.jar:/home/alex/.m2/repository/org/mortbay/jetty/jetty/6.1.26/jetty-6.1.26.jar:/home/alex/.m2/repository/org/apache/ant/ant/1.9.1/ant-1.9.1.jar:/home/alex/.m2/repository/org/apache/ant/ant-launcher/1.9.1/ant-launcher-1.9.1.jar:/home/alex/.m2/repository/org/apache/commons/commons-compress/1.21/commons-compress-1.21.jar:/home/alex/.m2/repository/org/apache/thrift/libfb303/0.9.3/libfb303-0.9.3.jar:/home/alex/.m2/repository/org/apache/hadoop/hadoop-common/3.1.0/hadoop-common-3.1.0.jar:/home/alex/.m2/repository/org/apache/hadoop/hadoop-annotations/3.1.0/hadoop-annotations-3.1.0.jar:/home/alex/.m2/repository/commons-net/commons-net/3.6/commons-net-3.6.jar:/home/alex/.m2/repository/org/eclipse/jetty/jetty-util/9.3.27.v20190418/jetty-util-9.3.27.v20190418.jar:/home/alex/.m2/repository/javax/servlet/jsp/jsp-api/2.1/jsp-api-2.1.jar:/home/alex/.m2/repository/com/sun/jersey/jersey-core/1.19/jersey-core-1.19.jar:/home/alex/.m2/repository/javax/ws/rs/jsr311-api/1.1.1/jsr311-api-1.1.1.jar:/home/alex/.m2/repository/com/sun/jersey/jersey-json/1.19/jersey-json-1.19.jar:/home/alex/.m2/repository/com/sun/xml/bind/jaxb-impl/2.2.3-1/jaxb-impl-2.2.3-1.jar:/home/alex/.m2/repository/org/codehaus/jackson/jackson-jaxrs/1.9.2/jackson-jaxrs-1.9.2.jar:/home/alex/.m2/repository/org/codehaus/jackson/jackson-xc/1.9.2/jackson-xc-1.9.2.jar:/home/alex/.m2/repository/com/sun/jersey/jersey-server/1.19/jersey-server-1.19.jar:/home/alex/.m2/repository/org/apache/commons/commons-configuration2/2.1.1/commons-configuration2-2.1.1.jar:/home/alex/.m2/repository/org/apache/hadoop/hadoop-auth/3.1.0/hadoop-auth-3.1.0.jar:/home/alex/.m2/repository/com/nimbusds/nimbus-jose-jwt/4.41.1/nimbus-jose-jwt-4.41.1.jar:/home/alex/.m2/repository/com/github/stephenc/jcip/jcip-annotations/1.0-1/jcip-annotations-1.0-1.jar:/home/alex/.m2/repository/com/jcraft/jsch/0.1.54/jsch-0.1.54.jar:/home/alex/.m2/repository/org/apache/htrace/htrace-core4/4.1.0-incubating/htrace-core4-4.1.0-incubating.jar:/home/alex/.m2/repository/org/apache/kerby/kerb-simplekdc/1.0.1/kerb-simplekdc-1.0.1.jar:/home/alex/.m2/repository/org/apache/kerby/kerb-client/1.0.1/kerb-client-1.0.1.jar:/home/alex/.m2/repository/org/apache/kerby/kerby-config/1.0.1/kerby-config-1.0.1.jar:/home/alex/.m2/repository/org/apache/kerby/kerb-core/1.0.1/kerb-core-1.0.1.jar:/home/alex/.m2/repository/org/apache/kerby/kerby-pkix/1.0.1/kerby-pkix-1.0.1.jar:/home/alex/.m2/repository/org/apache/kerby/kerby-asn1/1.0.1/kerby-asn1-1.0.1.jar:/home/alex/.m2/repository/org/apache/kerby/kerby-util/1.0.1/kerby-util-1.0.1.jar:/home/alex/.m2/repository/org/apache/kerby/kerb-common/1.0.1/kerb-common-1.0.1.jar:/home/alex/.m2/repository/org/apache/kerby/kerb-crypto/1.0.1/kerb-crypto-1.0.1.jar:/home/alex/.m2/repository/org/apache/kerby/kerb-util/1.0.1/kerb-util-1.0.1.jar:/home/alex/.m2/repository/org/apache/kerby/token-provider/1.0.1/token-provider-1.0.1.jar:/home/alex/.m2/repository/org/apache/kerby/kerb-admin/1.0.1/kerb-admin-1.0.1.jar:/home/alex/.m2/repository/org/apache/kerby/kerb-server/1.0.1/kerb-server-1.0.1.jar:/home/alex/.m2/repository/org/apache/kerby/kerb-identity/1.0.1/kerb-identity-1.0.1.jar:/home/alex/.m2/repository/org/apache/kerby/kerby-xdr/1.0.1/kerby-xdr-1.0.1.jar:/home/alex/.m2/repository/org/codehaus/woodstox/stax2-api/3.1.4/stax2-api-3.1.4.jar:/home/alex/.m2/repository/com/fasterxml/woodstox/woodstox-core/5.0.3/woodstox-core-5.0.3.jar:/home/alex/.m2/repository/org/apache/hadoop/hadoop-archives/3.1.0/hadoop-archives-3.1.0.jar:/home/alex/.m2/repository/org/apache/hadoop/hadoop-yarn-registry/3.1.0/hadoop-yarn-registry-3.1.0.jar:/home/alex/.m2/repository/org/apache/curator/curator-client/4.2.0/curator-client-4.2.0.jar:/home/alex/.m2/repository/org/apache/curator/curator-recipes/4.2.0/curator-recipes-4.2.0.jar:/home/alex/.m2/repository/commons-daemon/commons-daemon/1.0.13/commons-daemon-1.0.13.jar:/home/alex/.m2/repository/dnsjava/dnsjava/2.1.7/dnsjava-2.1.7.jar:/home/alex/.m2/repository/org/apache/hadoop/hadoop-mapreduce-client-core/3.1.0/hadoop-mapreduce-client-core-3.1.0.jar:/home/alex/.m2/repository/org/apache/hadoop/hadoop-hdfs-client/3.1.0/hadoop-hdfs-client-3.1.0.jar:/home/alex/.m2/repository/com/squareup/okhttp/okhttp/2.7.5/okhttp-2.7.5.jar:/home/alex/.m2/repository/com/squareup/okio/okio/1.6.0/okio-1.6.0.jar:/home/alex/.m2/repository/com/google/inject/extensions/guice-servlet/4.0/guice-servlet-4.0.jar:/home/alex/.m2/repository/org/apache/hadoop/hadoop-mapreduce-client-common/3.1.0/hadoop-mapreduce-client-common-3.1.0.jar:/home/alex/.m2/repository/org/apache/hadoop/hadoop-hdfs/3.1.0/hadoop-hdfs-3.1.0.jar:/home/alex/.m2/repository/org/eclipse/jetty/jetty-util-ajax/9.3.19.v20170502/jetty-util-ajax-9.3.19.v20170502.jar:/home/alex/.m2/repository/org/fusesource/leveldbjni/leveldbjni-all/1.8/leveldbjni-all-1.8.jar:/home/alex/.m2/repository/org/apache/hadoop/hadoop-yarn-api/3.1.0/hadoop-yarn-api-3.1.0.jar:/home/alex/.m2/repository/javax/xml/bind/jaxb-api/2.2.11/jaxb-api-2.2.11.jar:/home/alex/.m2/repository/org/apache/hadoop/hadoop-yarn-common/3.1.0/hadoop-yarn-common-3.1.0.jar:/home/alex/.m2/repository/com/google/inject/guice/4.0/guice-4.0.jar:/home/alex/.m2/repository/aopalliance/aopalliance/1.0/aopalliance-1.0.jar:/home/alex/.m2/repository/com/sun/jersey/contribs/jersey-guice/1.19/jersey-guice-1.19.jar:/home/alex/.m2/repository/com/fasterxml/jackson/module/jackson-module-jaxb-annotations/2.12.0/jackson-module-jaxb-annotations-2.12.0.jar:/home/alex/.m2/repository/jakarta/xml/bind/jakarta.xml.bind-api/2.3.2/jakarta.xml.bind-api-2.3.2.jar:/home/alex/.m2/repository/jakarta/activation/jakarta.activation-api/1.2.1/jakarta.activation-api-1.2.1.jar:/home/alex/.m2/repository/org/apache/hadoop/hadoop-yarn-client/3.1.0/hadoop-yarn-client-3.1.0.jar:/home/alex/.m2/repository/org/apache/orc/orc-tools/1.6.9/orc-tools-1.6.9.jar:/home/alex/.m2/repository/com/opencsv/opencsv/3.9/opencsv-3.9.jar:/home/alex/.m2/repository/org/codehaus/jettison/jettison/1.1/jettison-1.1.jar:/home/alex/.m2/repository/org/threeten/threetenbp/1.3.5/threetenbp-1.3.5.jar:/home/alex/.m2/repository/org/apache/ivy/ivy/2.4.0/ivy-2.4.0.jar:/home/alex/.m2/repository/org/apache/thrift/libthrift/0.14.1/libthrift-0.14.1.jar:/home/alex/.m2/repository/org/apache/httpcomponents/httpcore/4.4.13/httpcore-4.4.13.jar:/home/alex/.m2/repository/org/apache/tomcat/embed/tomcat-embed-core/8.5.46/tomcat-embed-core-8.5.46.jar:/home/alex/.m2/repository/org/apache/tomcat/tomcat-annotations-api/8.5.46/tomcat-annotations-api-8.5.46.jar:/home/alex/.m2/repository/javax/annotation/javax.annotation-api/1.3.2/javax.annotation-api-1.3.2.jar:/home/alex/.m2/repository/org/apache/zookeeper/zookeeper/3.5.5/zookeeper-3.5.5.jar:/home/alex/.m2/repository/org/apache/zookeeper/zookeeper-jute/3.5.5/zookeeper-jute-3.5.5.jar:/home/alex/.m2/repository/org/apache/curator/curator-framework/4.2.0/curator-framework-4.2.0.jar:/home/alex/.m2/repository/org/apache/curator/curator-test/4.2.0/curator-test-4.2.0.jar:/home/alex/.m2/repository/org/apache/datasketches/datasketches-hive/1.1.0-incubating/datasketches-hive-1.1.0-incubating.jar:/home/alex/.m2/repository/org/apache/datasketches/datasketches-java/1.3.0-incubating/datasketches-java-1.3.0-incubating.jar:/home/alex/.m2/repository/org/apache/datasketches/datasketches-memory/1.2.0-incubating/datasketches-memory-1.2.0-incubating.jar:/home/alex/.m2/repository/org/slf4j/slf4j-simple/1.7.27/slf4j-simple-1.7.27.jar:/home/alex/.m2/repository/com/lmax/disruptor/3.3.7/disruptor-3.3.7.jar:/home/alex/.m2/repository/org/codehaus/groovy/groovy-all/2.4.11/groovy-all-2.4.11.jar:/home/alex/.m2/repository/org/jodd/jodd-util/6.0.0/jodd-util-6.0.0.jar:/home/alex/.m2/repository/com/fasterxml/jackson/core/jackson-annotations/2.12.0/jackson-annotations-2.12.0.jar:/home/alex/.m2/repository/com/fasterxml/jackson/core/jackson-core/2.12.0/jackson-core-2.12.0.jar:/home/alex/.m2/repository/com/fasterxml/jackson/core/jackson-databind/2.12.0/jackson-databind-2.12.0.jar:/home/alex/.m2/repository/com/fasterxml/jackson/dataformat/jackson-dataformat-yaml/2.12.0/jackson-dataformat-yaml-2.12.0.jar:/home/alex/.m2/repository/org/yaml/snakeyaml/1.27/snakeyaml-1.27.jar:/home/alex/.m2/repository/org/datanucleus/datanucleus-core/5.2.4/datanucleus-core-5.2.4.jar:/home/alex/.m2/repository/org/apache/calcite/calcite-core/1.25.0/calcite-core-1.25.0.jar:/home/alex/.m2/repository/org/apache/calcite/calcite-linq4j/1.25.0/calcite-linq4j-1.25.0.jar:/home/alex/.m2/repository/org/apiguardian/apiguardian-api/1.1.0/apiguardian-api-1.1.0.jar:/home/alex/.m2/repository/com/esri/geometry/esri-geometry-api/2.2.0/esri-geometry-api-2.2.0.jar:/home/alex/.m2/repository/com/yahoo/datasketches/sketches-core/0.9.0/sketches-core-0.9.0.jar:/home/alex/.m2/repository/com/yahoo/datasketches/memory/0.9.0/memory-0.9.0.jar:/home/alex/.m2/repository/org/apache/commons/commons-dbcp2/2.7.0/commons-dbcp2-2.7.0.jar:/home/alex/.m2/repository/org/apache/commons/commons-pool2/2.7.0/commons-pool2-2.7.0.jar:/home/alex/.m2/repository/org/apache/calcite/calcite-druid/1.25.0/calcite-druid-1.25.0.jar:/home/alex/.m2/repository/org/apache/calcite/avatica/avatica/1.12.0/avatica-1.12.0.jar:/home/alex/.m2/repository/com/google/guava/guava/19.0/guava-19.0.jar:/home/alex/.m2/repository/com/googlecode/javaewah/JavaEWAH/0.3.2/JavaEWAH-0.3.2.jar:/home/alex/.m2/repository/com/google/code/gson/gson/2.2.4/gson-2.2.4.jar:/home/alex/.m2/repository/com/tdunning/json/1.8/json-1.8.jar:/home/alex/.m2/repository/stax/stax-api/1.0.1/stax-api-1.0.1.jar:/home/alex/.m2/repository/net/sf/opencsv/opencsv/2.3/opencsv-2.3.jar:/home/alex/Repositories/hive/standalone-metastore/metastore-server/target/classes:/home/alex/.m2/repository/com/zaxxer/HikariCP/2.6.1/HikariCP-2.6.1.jar:/home/alex/.m2/repository/commons-beanutils/commons-beanutils/1.9.4/commons-beanutils-1.9.4.jar:/home/alex/.m2/repository/org/datanucleus/datanucleus-api-jdo/5.2.4/datanucleus-api-jdo-5.2.4.jar:/home/alex/.m2/repository/org/datanucleus/datanucleus-rdbms/5.2.4/datanucleus-rdbms-5.2.4.jar:/home/alex/.m2/repository/org/datanucleus/javax.jdo/3.2.0-release/javax.jdo-3.2.0-release.jar:/home/alex/.m2/repository/javax/transaction/javax.transaction-api/1.3/javax.transaction-api-1.3.jar:/home/alex/.m2/repository/org/glassfish/corba/glassfish-corba-omgapi/4.2.2/glassfish-corba-omgapi-4.2.2.jar:/home/alex/.m2/repository/sqlline/sqlline/1.9.0/sqlline-1.9.0.jar:/home/alex/.m2/repository/org/jline/jline-terminal/3.12.1/jline-terminal-3.12.1.jar:/home/alex/.m2/repository/org/jline/jline-reader/3.12.1/jline-reader-3.12.1.jar:/home/alex/.m2/repository/org/jline/jline-terminal-jansi/3.12.1/jline-terminal-jansi-3.12.1.jar:/home/alex/.m2/repository/org/fusesource/jansi/jansi/1.18/jansi-1.18.jar:/home/alex/.m2/repository/org/jline/jline-terminal-jna/3.12.1/jline-terminal-jna-3.12.1.jar:/home/alex/.m2/repository/net/java/dev/jna/jna/5.3.1/jna-5.3.1.jar:/home/alex/.m2/repository/org/jline/jline-builtins/3.12.1/jline-builtins-3.12.1.jar:/home/alex/.m2/repository/org/jline/jline-style/3.12.1/jline-style-3.12.1.jar:/home/alex/.m2/repository/com/cronutils/cron-utils/9.1.3/cron-utils-9.1.3.jar:/home/alex/.m2/repository/org/glassfish/javax.el/3.0.0/javax.el-3.0.0.jar:/home/alex/.m2/repository/com/oracle/database/jdbc/ojdbc8/21.3.0.0/ojdbc8-21.3.0.0.jar:/home/alex/.m2/repository/mysql/mysql-connector-java/8.0.27/mysql-connector-java-8.0.27.jar:/home/alex/.m2/repository/com/microsoft/sqlserver/mssql-jdbc/6.2.1.jre8/mssql-jdbc-6.2.1.jre8.jar:/home/alex/.m2/repository/org/postgresql/postgresql/42.2.14/postgresql-42.2.14.jar:/home/alex/Repositories/hive/common/target/test-classes:/home/alex/Repositories/hive/standalone-metastore/metastore-common/target/test-classes:/home/alex/.m2/repository/com/github/ben-manes/caffeine/caffeine/2.8.4/caffeine-2.8.4.jar:/home/alex/.m2/repository/org/checkerframework/checker-qual/3.4.0/checker-qual-3.4.0.jar:/home/alex/Repositories/hive/standalone-metastore/metastore-server/target/test-classes:/home/alex/.m2/repository/org/apache/parquet/parquet-column/1.11.1/parquet-column-1.11.1-tests.jar:/home/alex/.m2/repository/org/apache/parquet/parquet-common/1.11.1/parquet-common-1.11.1.jar:/home/alex/.m2/repository/org/apache/parquet/parquet-format-structures/1.11.1/parquet-format-structures-1.11.1.jar:/home/alex/.m2/repository/org/apache/parquet/parquet-encoding/1.11.1/parquet-encoding-1.11.1.jar:/home/alex/.m2/repository/junit/junit/4.13/junit-4.13.jar:/home/alex/.m2/repository/org/hamcrest/hamcrest-core/1.3/hamcrest-core-1.3.jar:/home/alex/.m2/repository/org/junit/jupiter/junit-jupiter-engine/5.6.2/junit-jupiter-engine-5.6.2.jar:/home/alex/.m2/repository/org/junit/platform/junit-platform-engine/1.6.2/junit-platform-engine-1.6.2.jar:/home/alex/.m2/repository/org/opentest4j/opentest4j/1.2.0/opentest4j-1.2.0.jar:/home/alex/.m2/repository/org/junit/platform/junit-platform-commons/1.6.2/junit-platform-commons-1.6.2.jar:/home/alex/.m2/repository/org/junit/jupiter/junit-jupiter-api/5.6.2/junit-jupiter-api-5.6.2.jar:/home/alex/.m2/repository/org/junit/jupiter/junit-jupiter-params/5.6.2/junit-jupiter-params-5.6.2.jar:/home/alex/.m2/repository/org/junit/vintage/junit-vintage-engine/5.6.2/junit-vintage-engine-5.6.2.jar:/home/alex/.m2/repository/org/apache/tez/tez-api/0.10.1/tez-api-0.10.1.jar:/usr/lib/jvm/java-8-openjdk-amd64/jre/../lib/tools.jar:/home/alex/.m2/repository/org/apache/tez/tez-runtime-library/0.10.1/tez-runtime-library-0.10.1.jar:/home/alex/.m2/repository/org/roaringbitmap/RoaringBitmap/0.5.21/RoaringBitmap-0.5.21.jar:/home/alex/.m2/repository/org/asynchttpclient/async-http-client/2.12.1/async-http-client-2.12.1.jar:/home/alex/.m2/repository/org/asynchttpclient/async-http-client-netty-utils/2.12.1/async-http-client-netty-utils-2.12.1.jar:/home/alex/.m2/repository/io/netty/netty-buffer/4.1.48.Final/netty-buffer-4.1.48.Final.jar:/home/alex/.m2/repository/io/netty/netty-codec-http/4.1.48.Final/netty-codec-http-4.1.48.Final.jar:/home/alex/.m2/repository/io/netty/netty-common/4.1.48.Final/netty-common-4.1.48.Final.jar:/home/alex/.m2/repository/io/netty/netty-transport/4.1.48.Final/netty-transport-4.1.48.Final.jar:/home/alex/.m2/repository/io/netty/netty-codec/4.1.48.Final/netty-codec-4.1.48.Final.jar:/home/alex/.m2/repository/io/netty/netty-handler/4.1.48.Final/netty-handler-4.1.48.Final.jar:/home/alex/.m2/repository/io/netty/netty-resolver/4.1.48.Final/netty-resolver-4.1.48.Final.jar:/home/alex/.m2/repository/io/netty/netty-codec-socks/4.1.48.Final/netty-codec-socks-4.1.48.Final.jar:/home/alex/.m2/repository/io/netty/netty-handler-proxy/4.1.48.Final/netty-handler-proxy-4.1.48.Final.jar:/home/alex/.m2/repository/io/netty/netty-transport-native-epoll/4.1.48.Final/netty-transport-native-epoll-4.1.48.Final-linux-x86_64.jar:/home/alex/.m2/repository/io/netty/netty-transport-native-unix-common/4.1.48.Final/netty-transport-native-unix-common-4.1.48.Final.jar:/home/alex/.m2/repository/io/netty/netty-transport-native-kqueue/4.1.48.Final/netty-transport-native-kqueue-4.1.48.Final-osx-x86_64.jar:/home/alex/.m2/repository/org/reactivestreams/reactive-streams/1.0.3/reactive-streams-1.0.3.jar:/home/alex/.m2/repository/com/typesafe/netty/netty-reactive-streams/2.0.4/netty-reactive-streams-2.0.4.jar:/home/alex/.m2/repository/com/sun/activation/javax.activation/1.2.0/javax.activation-1.2.0.jar:/home/alex/.m2/repository/org/apache/tez/tez-common/0.10.1/tez-common-0.10.1.jar:/home/alex/.m2/repository/org/apache/tez/tez-runtime-internals/0.10.1/tez-runtime-internals-0.10.1.jar:/home/alex/.m2/repository/org/apache/tez/hadoop-shim/0.10.1/hadoop-shim-0.10.1.jar:/home/alex/.m2/repository/org/apache/tez/tez-mapreduce/0.10.1/tez-mapreduce-0.10.1.jar:/home/alex/.m2/repository/org/apache/tez/tez-dag/0.10.1/tez-dag-0.10.1.jar:/home/alex/.m2/repository/org/apache/hadoop/hadoop-yarn-server-web-proxy/3.1.0/hadoop-yarn-server-web-proxy-3.1.0.jar:/home/alex/.m2/repository/org/apache/hadoop/hadoop-yarn-server-common/3.1.0/hadoop-yarn-server-common-3.1.0.jar:/home/alex/.m2/repository/org/apache/geronimo/specs/geronimo-jcache_1.0_spec/1.0-alpha-1/geronimo-jcache_1.0_spec-1.0-alpha-1.jar:/home/alex/.m2/repository/org/ehcache/ehcache/3.3.1/ehcache-3.3.1.jar:/home/alex/.m2/repository/com/zaxxer/HikariCP-java7/2.4.12/HikariCP-java7-2.4.12.jar:/home/alex/.m2/repository/org/apache/spark/spark-core_2.12/2.4.5/spark-core_2.12-2.4.5.jar:/home/alex/.m2/repository/com/twitter/chill_2.12/0.9.3/chill_2.12-0.9.3.jar:/home/alex/.m2/repository/com/twitter/chill-java/0.9.3/chill-java-0.9.3.jar:/home/alex/.m2/repository/org/apache/xbean/xbean-asm6-shaded/4.8/xbean-asm6-shaded-4.8.jar:/home/alex/.m2/repository/org/apache/hadoop/hadoop-client/3.1.0/hadoop-client-3.1.0.jar:/home/alex/.m2/repository/org/apache/hadoop/hadoop-mapreduce-client-jobclient/3.1.0/hadoop-mapreduce-client-jobclient-3.1.0.jar:/home/alex/.m2/repository/org/apache/spark/spark-launcher_2.12/2.4.5/spark-launcher_2.12-2.4.5.jar:/home/alex/.m2/repository/org/apache/spark/spark-kvstore_2.12/2.4.5/spark-kvstore_2.12-2.4.5.jar:/home/alex/.m2/repository/org/apache/spark/spark-network-common_2.12/2.4.5/spark-network-common_2.12-2.4.5.jar:/home/alex/.m2/repository/org/apache/spark/spark-network-shuffle_2.12/2.4.5/spark-network-shuffle_2.12-2.4.5.jar:/home/alex/.m2/repository/org/apache/spark/spark-unsafe_2.12/2.4.5/spark-unsafe_2.12-2.4.5.jar:/home/alex/.m2/repository/javax/activation/activation/1.1.1/activation-1.1.1.jar:/home/alex/.m2/repository/org/slf4j/jul-to-slf4j/1.7.16/jul-to-slf4j-1.7.16.jar:/home/alex/.m2/repository/org/slf4j/jcl-over-slf4j/1.7.16/jcl-over-slf4j-1.7.16.jar:/home/alex/.m2/repository/com/ning/compress-lzf/1.0.3/compress-lzf-1.0.3.jar:/home/alex/.m2/repository/org/lz4/lz4-java/1.4.0/lz4-java-1.4.0.jar:/home/alex/.m2/repository/com/github/luben/zstd-jni/1.3.2-2/zstd-jni-1.3.2-2.jar:/home/alex/.m2/repository/org/scala-lang/scala-library/2.12.10/scala-library-2.12.10.jar:/home/alex/.m2/repository/org/json4s/json4s-jackson_2.12/3.5.3/json4s-jackson_2.12-3.5.3.jar:/home/alex/.m2/repository/org/json4s/json4s-core_2.12/3.5.3/json4s-core_2.12-3.5.3.jar:/home/alex/.m2/repository/org/json4s/json4s-ast_2.12/3.5.3/json4s-ast_2.12-3.5.3.jar:/home/alex/.m2/repository/org/json4s/json4s-scalap_2.12/3.5.3/json4s-scalap_2.12-3.5.3.jar:/home/alex/.m2/repository/org/scala-lang/modules/scala-xml_2.12/1.0.6/scala-xml_2.12-1.0.6.jar:/home/alex/.m2/repository/com/clearspring/analytics/stream/2.7.0/stream-2.7.0.jar:/home/alex/.m2/repository/io/dropwizard/metrics/metrics-graphite/3.1.5/metrics-graphite-3.1.5.jar:/home/alex/.m2/repository/oro/oro/2.0.8/oro-2.0.8.jar:/home/alex/.m2/repository/net/razorvine/pyrolite/4.13/pyrolite-4.13.jar:/home/alex/.m2/repository/net/sf/py4j/py4j/0.10.7/py4j-0.10.7.jar:/home/alex/.m2/repository/org/apache/spark/spark-tags_2.12/2.4.5/spark-tags_2.12-2.4.5.jar:/home/alex/.m2/repository/org/spark-project/spark/unused/1.0.0/unused-1.0.0.jar:/home/alex/.m2/repository/com/sun/jersey/jersey-servlet/1.19/jersey-servlet-1.19.jar:/home/alex/.m2/repository/org/glassfish/jersey/core/jersey-server/2.22.2/jersey-server-2.22.2.jar:/home/alex/.m2/repository/org/glassfish/jersey/core/jersey-common/2.22.2/jersey-common-2.22.2.jar:/home/alex/.m2/repository/org/glassfish/jersey/bundles/repackaged/jersey-guava/2.22.2/jersey-guava-2.22.2.jar:/home/alex/.m2/repository/org/glassfish/hk2/osgi-resource-locator/1.0.1/osgi-resource-locator-1.0.1.jar:/home/alex/.m2/repository/org/glassfish/jersey/core/jersey-client/2.22.2/jersey-client-2.22.2.jar:/home/alex/.m2/repository/javax/ws/rs/javax.ws.rs-api/2.0.1/javax.ws.rs-api-2.0.1.jar:/home/alex/.m2/repository/org/glassfish/jersey/media/jersey-media-jaxb/2.22.2/jersey-media-jaxb-2.22.2.jar:/home/alex/.m2/repository/org/glassfish/hk2/hk2-api/2.4.0-b34/hk2-api-2.4.0-b34.jar:/home/alex/.m2/repository/org/glassfish/hk2/hk2-utils/2.4.0-b34/hk2-utils-2.4.0-b34.jar:/home/alex/.m2/repository/org/glassfish/hk2/external/aopalliance-repackaged/2.4.0-b34/aopalliance-repackaged-2.4.0-b34.jar:/home/alex/.m2/repository/org/glassfish/hk2/external/javax.inject/2.4.0-b34/javax.inject-2.4.0-b34.jar:/home/alex/.m2/repository/org/glassfish/hk2/hk2-locator/2.4.0-b34/hk2-locator-2.4.0-b34.jar:/home/alex/.m2/repository/javax/validation/validation-api/1.1.0.Final/validation-api-1.1.0.Final.jar:/home/alex/.m2/repository/org/glassfish/jersey/containers/jersey-container-servlet-core/2.22.2/jersey-container-servlet-core-2.22.2.jar:/home/alex/.m2/repository/org/hamcrest/hamcrest-all/1.3/hamcrest-all-1.3.jar:/home/alex/.m2/repository/org/powermock/powermock-module-junit4/2.0.2/powermock-module-junit4-2.0.2.jar:/home/alex/.m2/repository/org/powermock/powermock-module-junit4-common/2.0.2/powermock-module-junit4-common-2.0.2.jar:/home/alex/.m2/repository/org/powermock/powermock-reflect/2.0.2/powermock-reflect-2.0.2.jar:/home/alex/.m2/repository/org/powermock/powermock-core/2.0.2/powermock-core-2.0.2.jar:/home/alex/.m2/repository/org/powermock/powermock-api-mockito2/2.0.2/powermock-api-mockito2-2.0.2.jar:/home/alex/.m2/repository/org/powermock/powermock-api-support/2.0.2/powermock-api-support-2.0.2.jar:/home/alex/.m2/repository/com/google/guava/guava-testlib/19.0/guava-testlib-19.0.jar:/home/alex/.m2/repository/com/google/errorprone/error_prone_annotations/2.0.2/error_prone_annotations-2.0.2.jar:/home/alex/.m2/repository/com/google/re2j/re2j/1.2/re2j-1.2.jar:/home/alex/.m2/repository/org/reflections/reflections/0.9.10/reflections-0.9.10.jar:/home/alex/.m2/repository/org/javassist/javassist/3.19.0-GA/javassist-3.19.0-GA.jar:/home/alex/.m2/repository/com/jayway/jsonpath/json-path/2.4.0/json-path-2.4.0.jar:/home/alex/.m2/repository/net/minidev/json-smart/2.3/json-smart-2.3.jar:/home/alex/.m2/repository/net/minidev/accessors-smart/1.2/accessors-smart-1.2.jar:/home/alex/.m2/repository/org/ow2/asm/asm/5.0.4/asm-5.0.4.jar:/home/alex/.m2/repository/org/codehaus/janino/commons-compiler/3.0.11/commons-compiler-3.0.11.jar:/home/alex/.m2/repository/org/codehaus/janino/janino/3.0.11/janino-3.0.11.jar:/home/alex/.m2/repository/com/sun/jersey/contribs/jersey-multipart/1.19/jersey-multipart-1.19.jar:/home/alex/.m2/repository/org/jvnet/mimepull/mimepull/1.9.3/mimepull-1.9.3.jar:/home/alex/.m2/repository/org/apache/kafka/kafka-clients/2.5.0/kafka-clients-2.5.0.jar:/home/alex/.m2/repository/org/slf4j/slf4j-api/1.7.30/slf4j-api-1.7.30.jar:/home/alex/.m2/repository/org/mockito/mockito-core/3.4.4/mockito-core-3.4.4.jar:/home/alex/.m2/repository/net/bytebuddy/byte-buddy/1.10.13/byte-buddy-1.10.13.jar:/home/alex/.m2/repository/net/bytebuddy/byte-buddy-agent/1.10.13/byte-buddy-agent-1.10.13.jar:/home/alex/Repositories/hive/ql/target/testconf:/home/alex/Repositories/hive/ql/../conf:"/>
    <property name="java.vm.vendor" value="Private Build"/>
    <property name="hadoop.version" value="3.1.0"/>
    <property name="user.timezone" value="US/Pacific"/>
    <property name="test.local.warehouse.dir" value="pfile:///home/alex/Repositories/hive/ql/target/localfs/warehouse"/>
    <property name="os.name" value="Linux"/>
    <property name="java.vm.specification.version" value="1.8"/>
    <property name="clustermode" value=""/>
    <property name="test.build.data" value="/home/alex/Repositories/hive/ql/target/tmp"/>
    <property name="sun.java.launcher" value="SUN_STANDARD"/>
    <property name="user.country" value="US"/>
    <property name="test.data.files" value="/home/alex/Repositories/hive/ql/../data/files"/>
    <property name="nondexLogging" value="CONFIG"/>
    <property name="surefire.test.class.path" value="/home/alex/Repositories/hive/ql/target/test-classes:/home/alex/Repositories/hive/ql/target/classes:/home/alex/.m2/repository/org/apache/atlas/atlas-client-v2/2.1.0/atlas-client-v2-2.1.0.jar:/home/alex/.m2/repository/cglib/cglib/2.2.2/cglib-2.2.2.jar:/home/alex/.m2/repository/asm/asm/3.3.1/asm-3.3.1.jar:/home/alex/.m2/repository/org/apache/atlas/atlas-client-common/2.1.0/atlas-client-common-2.1.0.jar:/home/alex/.m2/repository/org/apache/httpcomponents/httpclient/4.5.13/httpclient-4.5.13.jar:/home/alex/.m2/repository/com/sun/jersey/jersey-client/1.19/jersey-client-1.19.jar:/home/alex/.m2/repository/org/apache/atlas/atlas-intg/2.1.0/atlas-intg-2.1.0.jar:/home/alex/.m2/repository/commons-collections/commons-collections/3.2.2/commons-collections-3.2.2.jar:/home/alex/.m2/repository/commons-validator/commons-validator/1.6/commons-validator-1.6.jar:/home/alex/.m2/repository/commons-digester/commons-digester/1.8.1/commons-digester-1.8.1.jar:/home/alex/.m2/repository/com/fasterxml/jackson/jaxrs/jackson-jaxrs-base/2.12.0/jackson-jaxrs-base-2.12.0.jar:/home/alex/.m2/repository/com/fasterxml/jackson/jaxrs/jackson-jaxrs-json-provider/2.12.0/jackson-jaxrs-json-provider-2.12.0.jar:/home/alex/.m2/repository/javax/inject/javax.inject/1/javax.inject-1.jar:/home/alex/.m2/repository/org/springframework/spring-context/4.3.20.RELEASE/spring-context-4.3.20.RELEASE.jar:/home/alex/.m2/repository/org/springframework/spring-aop/4.3.20.RELEASE/spring-aop-4.3.20.RELEASE.jar:/home/alex/.m2/repository/org/springframework/spring-beans/4.3.20.RELEASE/spring-beans-4.3.20.RELEASE.jar:/home/alex/.m2/repository/org/springframework/spring-core/4.3.20.RELEASE/spring-core-4.3.20.RELEASE.jar:/home/alex/.m2/repository/org/springframework/spring-expression/4.3.20.RELEASE/spring-expression-4.3.20.RELEASE.jar:/home/alex/.m2/repository/commons-configuration/commons-configuration/1.10/commons-configuration-1.10.jar:/home/alex/.m2/repository/commons-lang/commons-lang/2.6/commons-lang-2.6.jar:/home/alex/.m2/repository/commons-logging/commons-logging/1.1.1/commons-logging-1.1.1.jar:/home/alex/.m2/repository/org/apache/commons/commons-math3/3.6.1/commons-math3-3.6.1.jar:/home/alex/Repositories/hive/vector-code-gen/target/classes:/home/alex/.m2/repository/org/apache/velocity/velocity/1.5/velocity-1.5.jar:/home/alex/Repositories/hive/common/target/classes:/home/alex/Repositories/hive/classification/target/classes:/home/alex/Repositories/hive/standalone-metastore/metastore-common/target/classes:/home/alex/.m2/repository/commons-cli/commons-cli/1.4/commons-cli-1.4.jar:/home/alex/.m2/repository/org/apache/orc/orc-core/1.6.9/orc-core-1.6.9.jar:/home/alex/.m2/repository/org/apache/orc/orc-shims/1.6.9/orc-shims-1.6.9.jar:/home/alex/.m2/repository/io/airlift/aircompressor/0.19/aircompressor-0.19.jar:/home/alex/.m2/repository/org/jetbrains/annotations/17.0.0/annotations-17.0.0.jar:/home/alex/.m2/repository/org/threeten/threeten-extra/1.5.0/threeten-extra-1.5.0.jar:/home/alex/.m2/repository/jline/jline/2.14.6/jline-2.14.6.jar:/home/alex/.m2/repository/javax/servlet/javax.servlet-api/3.1.0/javax.servlet-api-3.1.0.jar:/home/alex/.m2/repository/org/eclipse/jetty/jetty-http/9.3.27.v20190418/jetty-http-9.3.27.v20190418.jar:/home/alex/.m2/repository/org/eclipse/jetty/jetty-rewrite/9.3.27.v20190418/jetty-rewrite-9.3.27.v20190418.jar:/home/alex/.m2/repository/org/eclipse/jetty/jetty-client/9.3.27.v20190418/jetty-client-9.3.27.v20190418.jar:/home/alex/.m2/repository/org/eclipse/jetty/jetty-server/9.3.27.v20190418/jetty-server-9.3.27.v20190418.jar:/home/alex/.m2/repository/org/eclipse/jetty/jetty-io/9.3.27.v20190418/jetty-io-9.3.27.v20190418.jar:/home/alex/.m2/repository/org/eclipse/jetty/jetty-servlet/9.3.27.v20190418/jetty-servlet-9.3.27.v20190418.jar:/home/alex/.m2/repository/org/eclipse/jetty/jetty-security/9.3.27.v20190418/jetty-security-9.3.27.v20190418.jar:/home/alex/.m2/repository/org/eclipse/jetty/jetty-webapp/9.3.27.v20190418/jetty-webapp-9.3.27.v20190418.jar:/home/alex/.m2/repository/org/eclipse/jetty/jetty-xml/9.3.27.v20190418/jetty-xml-9.3.27.v20190418.jar:/home/alex/.m2/repository/joda-time/joda-time/2.9.9/joda-time-2.9.9.jar:/home/alex/.m2/repository/org/apache/logging/log4j/log4j-web/2.13.2/log4j-web-2.13.2.jar:/home/alex/.m2/repository/net/sf/jpam/jpam/1.1/jpam-1.1.jar:/home/alex/.m2/repository/io/dropwizard/metrics/metrics-core/3.1.0/metrics-core-3.1.0.jar:/home/alex/.m2/repository/io/dropwizard/metrics/metrics-jvm/3.1.0/metrics-jvm-3.1.0.jar:/home/alex/.m2/repository/io/dropwizard/metrics/metrics-json/3.1.0/metrics-json-3.1.0.jar:/home/alex/.m2/repository/com/github/joshelser/dropwizard-metrics-hadoop-metrics2-reporter/0.1.2/dropwizard-metrics-hadoop-metrics2-reporter-0.1.2.jar:/home/alex/Repositories/hive/metastore/target/classes:/home/alex/.m2/repository/org/apache/derby/derby/10.14.1.0/derby-10.14.1.0.jar:/home/alex/Repositories/hive/serde/target/classes:/home/alex/.m2/repository/com/google/code/findbugs/jsr305/3.0.0/jsr305-3.0.0.jar:/home/alex/.m2/repository/org/apache/arrow/arrow-vector/0.15.1/arrow-vector-0.15.1.jar:/home/alex/.m2/repository/org/apache/arrow/arrow-format/0.15.1/arrow-format-0.15.1.jar:/home/alex/.m2/repository/org/apache/arrow/arrow-memory/0.15.1/arrow-memory-0.15.1.jar:/home/alex/.m2/repository/com/google/flatbuffers/flatbuffers-java/1.9.0/flatbuffers-java-1.9.0.jar:/home/alex/.m2/repository/com/carrotsearch/hppc/0.7.2/hppc-0.7.2.jar:/home/alex/.m2/repository/com/github/davidmoten/flatbuffers-java/1.6.0.1/flatbuffers-java-1.6.0.1.jar:/home/alex/Repositories/hive/parser/target/classes:/home/alex/Repositories/hive/udf/target/classes:/home/alex/Repositories/hive/service-rpc/target/classes:/home/alex/Repositories/hive/llap-client/target/classes:/home/alex/Repositories/hive/llap-common/target/classes:/home/alex/.m2/repository/io/jsonwebtoken/jjwt-api/0.10.5/jjwt-api-0.10.5.jar:/home/alex/.m2/repository/io/jsonwebtoken/jjwt-impl/0.10.5/jjwt-impl-0.10.5.jar:/home/alex/.m2/repository/io/jsonwebtoken/jjwt-jackson/0.10.5/jjwt-jackson-0.10.5.jar:/home/alex/Repositories/hive/llap-tez/target/classes:/home/alex/Repositories/hive/shims/aggregator/target/classes:/home/alex/Repositories/hive/shims/common/target/classes:/home/alex/Repositories/hive/shims/0.23/target/classes:/home/alex/.m2/repository/org/apache/hadoop/hadoop-yarn-server-resourcemanager/3.1.0/hadoop-yarn-server-resourcemanager-3.1.0.jar:/home/alex/.m2/repository/org/apache/hadoop/hadoop-yarn-server-applicationhistoryservice/3.1.0/hadoop-yarn-server-applicationhistoryservice-3.1.0.jar:/home/alex/.m2/repository/de/ruedigermoeller/fst/2.50/fst-2.50.jar:/home/alex/.m2/repository/com/cedarsoftware/java-util/1.9.0/java-util-1.9.0.jar:/home/alex/.m2/repository/com/cedarsoftware/json-io/2.5.1/json-io-2.5.1.jar:/home/alex/Repositories/hive/shims/scheduler/target/classes:/home/alex/Repositories/hive/spark-client/target/classes:/home/alex/.m2/repository/io/netty/netty-all/4.1.65.Final/netty-all-4.1.65.Final.jar:/home/alex/.m2/repository/com/fasterxml/jackson/module/jackson-module-scala_2.12/2.12.0/jackson-module-scala_2.12-2.12.0.jar:/home/alex/.m2/repository/org/apache/spark/spark-yarn_2.12/2.4.5/spark-yarn_2.12-2.4.5.jar:/home/alex/Repositories/hive/storage-api/target/classes:/home/alex/.m2/repository/com/amazonaws/aws-java-sdk-bundle/1.11.901/aws-java-sdk-bundle-1.11.901.jar:/home/alex/.m2/repository/com/amazonaws/secretsmanager/aws-secretsmanager-caching-java/1.0.1/aws-secretsmanager-caching-java-1.0.1.jar:/home/alex/.m2/repository/com/esotericsoftware/kryo/5.0.3/kryo-5.0.3.jar:/home/alex/.m2/repository/org/objenesis/objenesis/3.1/objenesis-3.1.jar:/home/alex/.m2/repository/com/esotericsoftware/minlog/1.3.1/minlog-1.3.1.jar:/home/alex/.m2/repository/com/esotericsoftware/reflectasm/1.11.9/reflectasm-1.11.9.jar:/home/alex/.m2/repository/com/google/protobuf/protobuf-java/2.5.0/protobuf-java-2.5.0.jar:/home/alex/.m2/repository/org/apache/hbase/hbase-common/2.0.0-alpha4/hbase-common-2.0.0-alpha4.jar:/home/alex/.m2/repository/org/apache/hbase/thirdparty/hbase-shaded-miscellaneous/1.0.1/hbase-shaded-miscellaneous-1.0.1.jar:/home/alex/.m2/repository/org/apache/htrace/htrace-core/3.2.0-incubating/htrace-core-3.2.0-incubating.jar:/home/alex/.m2/repository/org/apache/commons/commons-crypto/1.0.0/commons-crypto-1.0.0.jar:/home/alex/.m2/repository/com/github/stephenc/findbugs/findbugs-annotations/1.3.9-1/findbugs-annotations-1.3.9-1.jar:/home/alex/.m2/repository/log4j/log4j/1.2.17/log4j-1.2.17.jar:/home/alex/.m2/repository/org/apache/yetus/audience-annotations/0.5.0/audience-annotations-0.5.0.jar:/home/alex/.m2/repository/org/apache/parquet/parquet-hadoop-bundle/1.11.1/parquet-hadoop-bundle-1.11.1.jar:/home/alex/.m2/repository/commons-codec/commons-codec/1.15/commons-codec-1.15.jar:/home/alex/.m2/repository/commons-io/commons-io/2.6/commons-io-2.6.jar:/home/alex/.m2/repository/org/apache/commons/commons-collections4/4.1/commons-collections4-4.1.jar:/home/alex/.m2/repository/org/apache/commons/commons-lang3/3.9/commons-lang3-3.9.jar:/home/alex/.m2/repository/org/apache/commons/commons-text/1.8/commons-text-1.8.jar:/home/alex/.m2/repository/javolution/javolution/5.5.1/javolution-5.5.1.jar:/home/alex/.m2/repository/org/apache/logging/log4j/log4j-1.2-api/2.13.2/log4j-1.2-api-2.13.2.jar:/home/alex/.m2/repository/org/apache/logging/log4j/log4j-api/2.13.2/log4j-api-2.13.2.jar:/home/alex/.m2/repository/org/apache/logging/log4j/log4j-core/2.13.2/log4j-core-2.13.2.jar:/home/alex/.m2/repository/org/apache/logging/log4j/log4j-slf4j-impl/2.13.2/log4j-slf4j-impl-2.13.2.jar:/home/alex/.m2/repository/org/antlr/antlr-runtime/3.5.2/antlr-runtime-3.5.2.jar:/home/alex/.m2/repository/org/antlr/ST4/4.0.4/ST4-4.0.4.jar:/home/alex/.m2/repository/org/apache/avro/avro/1.8.2/avro-1.8.2.jar:/home/alex/.m2/repository/org/codehaus/jackson/jackson-core-asl/1.9.13/jackson-core-asl-1.9.13.jar:/home/alex/.m2/repository/org/codehaus/jackson/jackson-mapper-asl/1.9.13/jackson-mapper-asl-1.9.13.jar:/home/alex/.m2/repository/com/thoughtworks/paranamer/paranamer/2.8/paranamer-2.8.jar:/home/alex/.m2/repository/org/xerial/snappy/snappy-java/1.1.4/snappy-java-1.1.4.jar:/home/alex/.m2/repository/org/tukaani/xz/1.5/xz-1.5.jar:/home/alex/.m2/repository/org/apache/avro/avro-mapred/1.8.2/avro-mapred-1.8.2-hadoop2.jar:/home/alex/.m2/repository/org/apache/avro/avro-ipc/1.8.2/avro-ipc-1.8.2.jar:/home/alex/.m2/repository/org/mortbay/jetty/jetty/6.1.26/jetty-6.1.26.jar:/home/alex/.m2/repository/org/apache/ant/ant/1.9.1/ant-1.9.1.jar:/home/alex/.m2/repository/org/apache/ant/ant-launcher/1.9.1/ant-launcher-1.9.1.jar:/home/alex/.m2/repository/org/apache/commons/commons-compress/1.21/commons-compress-1.21.jar:/home/alex/.m2/repository/org/apache/thrift/libfb303/0.9.3/libfb303-0.9.3.jar:/home/alex/.m2/repository/org/apache/hadoop/hadoop-common/3.1.0/hadoop-common-3.1.0.jar:/home/alex/.m2/repository/org/apache/hadoop/hadoop-annotations/3.1.0/hadoop-annotations-3.1.0.jar:/home/alex/.m2/repository/commons-net/commons-net/3.6/commons-net-3.6.jar:/home/alex/.m2/repository/org/eclipse/jetty/jetty-util/9.3.27.v20190418/jetty-util-9.3.27.v20190418.jar:/home/alex/.m2/repository/javax/servlet/jsp/jsp-api/2.1/jsp-api-2.1.jar:/home/alex/.m2/repository/com/sun/jersey/jersey-core/1.19/jersey-core-1.19.jar:/home/alex/.m2/repository/javax/ws/rs/jsr311-api/1.1.1/jsr311-api-1.1.1.jar:/home/alex/.m2/repository/com/sun/jersey/jersey-json/1.19/jersey-json-1.19.jar:/home/alex/.m2/repository/com/sun/xml/bind/jaxb-impl/2.2.3-1/jaxb-impl-2.2.3-1.jar:/home/alex/.m2/repository/org/codehaus/jackson/jackson-jaxrs/1.9.2/jackson-jaxrs-1.9.2.jar:/home/alex/.m2/repository/org/codehaus/jackson/jackson-xc/1.9.2/jackson-xc-1.9.2.jar:/home/alex/.m2/repository/com/sun/jersey/jersey-server/1.19/jersey-server-1.19.jar:/home/alex/.m2/repository/org/apache/commons/commons-configuration2/2.1.1/commons-configuration2-2.1.1.jar:/home/alex/.m2/repository/org/apache/hadoop/hadoop-auth/3.1.0/hadoop-auth-3.1.0.jar:/home/alex/.m2/repository/com/nimbusds/nimbus-jose-jwt/4.41.1/nimbus-jose-jwt-4.41.1.jar:/home/alex/.m2/repository/com/github/stephenc/jcip/jcip-annotations/1.0-1/jcip-annotations-1.0-1.jar:/home/alex/.m2/repository/com/jcraft/jsch/0.1.54/jsch-0.1.54.jar:/home/alex/.m2/repository/org/apache/htrace/htrace-core4/4.1.0-incubating/htrace-core4-4.1.0-incubating.jar:/home/alex/.m2/repository/org/apache/kerby/kerb-simplekdc/1.0.1/kerb-simplekdc-1.0.1.jar:/home/alex/.m2/repository/org/apache/kerby/kerb-client/1.0.1/kerb-client-1.0.1.jar:/home/alex/.m2/repository/org/apache/kerby/kerby-config/1.0.1/kerby-config-1.0.1.jar:/home/alex/.m2/repository/org/apache/kerby/kerb-core/1.0.1/kerb-core-1.0.1.jar:/home/alex/.m2/repository/org/apache/kerby/kerby-pkix/1.0.1/kerby-pkix-1.0.1.jar:/home/alex/.m2/repository/org/apache/kerby/kerby-asn1/1.0.1/kerby-asn1-1.0.1.jar:/home/alex/.m2/repository/org/apache/kerby/kerby-util/1.0.1/kerby-util-1.0.1.jar:/home/alex/.m2/repository/org/apache/kerby/kerb-common/1.0.1/kerb-common-1.0.1.jar:/home/alex/.m2/repository/org/apache/kerby/kerb-crypto/1.0.1/kerb-crypto-1.0.1.jar:/home/alex/.m2/repository/org/apache/kerby/kerb-util/1.0.1/kerb-util-1.0.1.jar:/home/alex/.m2/repository/org/apache/kerby/token-provider/1.0.1/token-provider-1.0.1.jar:/home/alex/.m2/repository/org/apache/kerby/kerb-admin/1.0.1/kerb-admin-1.0.1.jar:/home/alex/.m2/repository/org/apache/kerby/kerb-server/1.0.1/kerb-server-1.0.1.jar:/home/alex/.m2/repository/org/apache/kerby/kerb-identity/1.0.1/kerb-identity-1.0.1.jar:/home/alex/.m2/repository/org/apache/kerby/kerby-xdr/1.0.1/kerby-xdr-1.0.1.jar:/home/alex/.m2/repository/org/codehaus/woodstox/stax2-api/3.1.4/stax2-api-3.1.4.jar:/home/alex/.m2/repository/com/fasterxml/woodstox/woodstox-core/5.0.3/woodstox-core-5.0.3.jar:/home/alex/.m2/repository/org/apache/hadoop/hadoop-archives/3.1.0/hadoop-archives-3.1.0.jar:/home/alex/.m2/repository/org/apache/hadoop/hadoop-yarn-registry/3.1.0/hadoop-yarn-registry-3.1.0.jar:/home/alex/.m2/repository/org/apache/curator/curator-client/4.2.0/curator-client-4.2.0.jar:/home/alex/.m2/repository/org/apache/curator/curator-recipes/4.2.0/curator-recipes-4.2.0.jar:/home/alex/.m2/repository/commons-daemon/commons-daemon/1.0.13/commons-daemon-1.0.13.jar:/home/alex/.m2/repository/dnsjava/dnsjava/2.1.7/dnsjava-2.1.7.jar:/home/alex/.m2/repository/org/apache/hadoop/hadoop-mapreduce-client-core/3.1.0/hadoop-mapreduce-client-core-3.1.0.jar:/home/alex/.m2/repository/org/apache/hadoop/hadoop-hdfs-client/3.1.0/hadoop-hdfs-client-3.1.0.jar:/home/alex/.m2/repository/com/squareup/okhttp/okhttp/2.7.5/okhttp-2.7.5.jar:/home/alex/.m2/repository/com/squareup/okio/okio/1.6.0/okio-1.6.0.jar:/home/alex/.m2/repository/com/google/inject/extensions/guice-servlet/4.0/guice-servlet-4.0.jar:/home/alex/.m2/repository/org/apache/hadoop/hadoop-mapreduce-client-common/3.1.0/hadoop-mapreduce-client-common-3.1.0.jar:/home/alex/.m2/repository/org/apache/hadoop/hadoop-hdfs/3.1.0/hadoop-hdfs-3.1.0.jar:/home/alex/.m2/repository/org/eclipse/jetty/jetty-util-ajax/9.3.19.v20170502/jetty-util-ajax-9.3.19.v20170502.jar:/home/alex/.m2/repository/org/fusesource/leveldbjni/leveldbjni-all/1.8/leveldbjni-all-1.8.jar:/home/alex/.m2/repository/org/apache/hadoop/hadoop-yarn-api/3.1.0/hadoop-yarn-api-3.1.0.jar:/home/alex/.m2/repository/javax/xml/bind/jaxb-api/2.2.11/jaxb-api-2.2.11.jar:/home/alex/.m2/repository/org/apache/hadoop/hadoop-yarn-common/3.1.0/hadoop-yarn-common-3.1.0.jar:/home/alex/.m2/repository/com/google/inject/guice/4.0/guice-4.0.jar:/home/alex/.m2/repository/aopalliance/aopalliance/1.0/aopalliance-1.0.jar:/home/alex/.m2/repository/com/sun/jersey/contribs/jersey-guice/1.19/jersey-guice-1.19.jar:/home/alex/.m2/repository/com/fasterxml/jackson/module/jackson-module-jaxb-annotations/2.12.0/jackson-module-jaxb-annotations-2.12.0.jar:/home/alex/.m2/repository/jakarta/xml/bind/jakarta.xml.bind-api/2.3.2/jakarta.xml.bind-api-2.3.2.jar:/home/alex/.m2/repository/jakarta/activation/jakarta.activation-api/1.2.1/jakarta.activation-api-1.2.1.jar:/home/alex/.m2/repository/org/apache/hadoop/hadoop-yarn-client/3.1.0/hadoop-yarn-client-3.1.0.jar:/home/alex/.m2/repository/org/apache/orc/orc-tools/1.6.9/orc-tools-1.6.9.jar:/home/alex/.m2/repository/com/opencsv/opencsv/3.9/opencsv-3.9.jar:/home/alex/.m2/repository/org/codehaus/jettison/jettison/1.1/jettison-1.1.jar:/home/alex/.m2/repository/org/threeten/threetenbp/1.3.5/threetenbp-1.3.5.jar:/home/alex/.m2/repository/org/apache/ivy/ivy/2.4.0/ivy-2.4.0.jar:/home/alex/.m2/repository/org/apache/thrift/libthrift/0.14.1/libthrift-0.14.1.jar:/home/alex/.m2/repository/org/apache/httpcomponents/httpcore/4.4.13/httpcore-4.4.13.jar:/home/alex/.m2/repository/org/apache/tomcat/embed/tomcat-embed-core/8.5.46/tomcat-embed-core-8.5.46.jar:/home/alex/.m2/repository/org/apache/tomcat/tomcat-annotations-api/8.5.46/tomcat-annotations-api-8.5.46.jar:/home/alex/.m2/repository/javax/annotation/javax.annotation-api/1.3.2/javax.annotation-api-1.3.2.jar:/home/alex/.m2/repository/org/apache/zookeeper/zookeeper/3.5.5/zookeeper-3.5.5.jar:/home/alex/.m2/repository/org/apache/zookeeper/zookeeper-jute/3.5.5/zookeeper-jute-3.5.5.jar:/home/alex/.m2/repository/org/apache/curator/curator-framework/4.2.0/curator-framework-4.2.0.jar:/home/alex/.m2/repository/org/apache/curator/curator-test/4.2.0/curator-test-4.2.0.jar:/home/alex/.m2/repository/org/apache/datasketches/datasketches-hive/1.1.0-incubating/datasketches-hive-1.1.0-incubating.jar:/home/alex/.m2/repository/org/apache/datasketches/datasketches-java/1.3.0-incubating/datasketches-java-1.3.0-incubating.jar:/home/alex/.m2/repository/org/apache/datasketches/datasketches-memory/1.2.0-incubating/datasketches-memory-1.2.0-incubating.jar:/home/alex/.m2/repository/org/slf4j/slf4j-simple/1.7.27/slf4j-simple-1.7.27.jar:/home/alex/.m2/repository/com/lmax/disruptor/3.3.7/disruptor-3.3.7.jar:/home/alex/.m2/repository/org/codehaus/groovy/groovy-all/2.4.11/groovy-all-2.4.11.jar:/home/alex/.m2/repository/org/jodd/jodd-util/6.0.0/jodd-util-6.0.0.jar:/home/alex/.m2/repository/com/fasterxml/jackson/core/jackson-annotations/2.12.0/jackson-annotations-2.12.0.jar:/home/alex/.m2/repository/com/fasterxml/jackson/core/jackson-core/2.12.0/jackson-core-2.12.0.jar:/home/alex/.m2/repository/com/fasterxml/jackson/core/jackson-databind/2.12.0/jackson-databind-2.12.0.jar:/home/alex/.m2/repository/com/fasterxml/jackson/dataformat/jackson-dataformat-yaml/2.12.0/jackson-dataformat-yaml-2.12.0.jar:/home/alex/.m2/repository/org/yaml/snakeyaml/1.27/snakeyaml-1.27.jar:/home/alex/.m2/repository/org/datanucleus/datanucleus-core/5.2.4/datanucleus-core-5.2.4.jar:/home/alex/.m2/repository/org/apache/calcite/calcite-core/1.25.0/calcite-core-1.25.0.jar:/home/alex/.m2/repository/org/apache/calcite/calcite-linq4j/1.25.0/calcite-linq4j-1.25.0.jar:/home/alex/.m2/repository/org/apiguardian/apiguardian-api/1.1.0/apiguardian-api-1.1.0.jar:/home/alex/.m2/repository/com/esri/geometry/esri-geometry-api/2.2.0/esri-geometry-api-2.2.0.jar:/home/alex/.m2/repository/com/yahoo/datasketches/sketches-core/0.9.0/sketches-core-0.9.0.jar:/home/alex/.m2/repository/com/yahoo/datasketches/memory/0.9.0/memory-0.9.0.jar:/home/alex/.m2/repository/org/apache/commons/commons-dbcp2/2.7.0/commons-dbcp2-2.7.0.jar:/home/alex/.m2/repository/org/apache/commons/commons-pool2/2.7.0/commons-pool2-2.7.0.jar:/home/alex/.m2/repository/org/apache/calcite/calcite-druid/1.25.0/calcite-druid-1.25.0.jar:/home/alex/.m2/repository/org/apache/calcite/avatica/avatica/1.12.0/avatica-1.12.0.jar:/home/alex/.m2/repository/com/google/guava/guava/19.0/guava-19.0.jar:/home/alex/.m2/repository/com/googlecode/javaewah/JavaEWAH/0.3.2/JavaEWAH-0.3.2.jar:/home/alex/.m2/repository/com/google/code/gson/gson/2.2.4/gson-2.2.4.jar:/home/alex/.m2/repository/com/tdunning/json/1.8/json-1.8.jar:/home/alex/.m2/repository/stax/stax-api/1.0.1/stax-api-1.0.1.jar:/home/alex/.m2/repository/net/sf/opencsv/opencsv/2.3/opencsv-2.3.jar:/home/alex/Repositories/hive/standalone-metastore/metastore-server/target/classes:/home/alex/.m2/repository/com/zaxxer/HikariCP/2.6.1/HikariCP-2.6.1.jar:/home/alex/.m2/repository/commons-beanutils/commons-beanutils/1.9.4/commons-beanutils-1.9.4.jar:/home/alex/.m2/repository/org/datanucleus/datanucleus-api-jdo/5.2.4/datanucleus-api-jdo-5.2.4.jar:/home/alex/.m2/repository/org/datanucleus/datanucleus-rdbms/5.2.4/datanucleus-rdbms-5.2.4.jar:/home/alex/.m2/repository/org/datanucleus/javax.jdo/3.2.0-release/javax.jdo-3.2.0-release.jar:/home/alex/.m2/repository/javax/transaction/javax.transaction-api/1.3/javax.transaction-api-1.3.jar:/home/alex/.m2/repository/org/glassfish/corba/glassfish-corba-omgapi/4.2.2/glassfish-corba-omgapi-4.2.2.jar:/home/alex/.m2/repository/sqlline/sqlline/1.9.0/sqlline-1.9.0.jar:/home/alex/.m2/repository/org/jline/jline-terminal/3.12.1/jline-terminal-3.12.1.jar:/home/alex/.m2/repository/org/jline/jline-reader/3.12.1/jline-reader-3.12.1.jar:/home/alex/.m2/repository/org/jline/jline-terminal-jansi/3.12.1/jline-terminal-jansi-3.12.1.jar:/home/alex/.m2/repository/org/fusesource/jansi/jansi/1.18/jansi-1.18.jar:/home/alex/.m2/repository/org/jline/jline-terminal-jna/3.12.1/jline-terminal-jna-3.12.1.jar:/home/alex/.m2/repository/net/java/dev/jna/jna/5.3.1/jna-5.3.1.jar:/home/alex/.m2/repository/org/jline/jline-builtins/3.12.1/jline-builtins-3.12.1.jar:/home/alex/.m2/repository/org/jline/jline-style/3.12.1/jline-style-3.12.1.jar:/home/alex/.m2/repository/com/cronutils/cron-utils/9.1.3/cron-utils-9.1.3.jar:/home/alex/.m2/repository/org/glassfish/javax.el/3.0.0/javax.el-3.0.0.jar:/home/alex/.m2/repository/com/oracle/database/jdbc/ojdbc8/21.3.0.0/ojdbc8-21.3.0.0.jar:/home/alex/.m2/repository/mysql/mysql-connector-java/8.0.27/mysql-connector-java-8.0.27.jar:/home/alex/.m2/repository/com/microsoft/sqlserver/mssql-jdbc/6.2.1.jre8/mssql-jdbc-6.2.1.jre8.jar:/home/alex/.m2/repository/org/postgresql/postgresql/42.2.14/postgresql-42.2.14.jar:/home/alex/Repositories/hive/common/target/test-classes:/home/alex/Repositories/hive/standalone-metastore/metastore-common/target/test-classes:/home/alex/.m2/repository/com/github/ben-manes/caffeine/caffeine/2.8.4/caffeine-2.8.4.jar:/home/alex/.m2/repository/org/checkerframework/checker-qual/3.4.0/checker-qual-3.4.0.jar:/home/alex/Repositories/hive/standalone-metastore/metastore-server/target/test-classes:/home/alex/.m2/repository/org/apache/parquet/parquet-column/1.11.1/parquet-column-1.11.1-tests.jar:/home/alex/.m2/repository/org/apache/parquet/parquet-common/1.11.1/parquet-common-1.11.1.jar:/home/alex/.m2/repository/org/apache/parquet/parquet-format-structures/1.11.1/parquet-format-structures-1.11.1.jar:/home/alex/.m2/repository/org/apache/parquet/parquet-encoding/1.11.1/parquet-encoding-1.11.1.jar:/home/alex/.m2/repository/junit/junit/4.13/junit-4.13.jar:/home/alex/.m2/repository/org/hamcrest/hamcrest-core/1.3/hamcrest-core-1.3.jar:/home/alex/.m2/repository/org/junit/jupiter/junit-jupiter-engine/5.6.2/junit-jupiter-engine-5.6.2.jar:/home/alex/.m2/repository/org/junit/platform/junit-platform-engine/1.6.2/junit-platform-engine-1.6.2.jar:/home/alex/.m2/repository/org/opentest4j/opentest4j/1.2.0/opentest4j-1.2.0.jar:/home/alex/.m2/repository/org/junit/platform/junit-platform-commons/1.6.2/junit-platform-commons-1.6.2.jar:/home/alex/.m2/repository/org/junit/jupiter/junit-jupiter-api/5.6.2/junit-jupiter-api-5.6.2.jar:/home/alex/.m2/repository/org/junit/jupiter/junit-jupiter-params/5.6.2/junit-jupiter-params-5.6.2.jar:/home/alex/.m2/repository/org/junit/vintage/junit-vintage-engine/5.6.2/junit-vintage-engine-5.6.2.jar:/home/alex/.m2/repository/org/apache/tez/tez-api/0.10.1/tez-api-0.10.1.jar:/usr/lib/jvm/java-8-openjdk-amd64/jre/../lib/tools.jar:/home/alex/.m2/repository/org/apache/tez/tez-runtime-library/0.10.1/tez-runtime-library-0.10.1.jar:/home/alex/.m2/repository/org/roaringbitmap/RoaringBitmap/0.5.21/RoaringBitmap-0.5.21.jar:/home/alex/.m2/repository/org/asynchttpclient/async-http-client/2.12.1/async-http-client-2.12.1.jar:/home/alex/.m2/repository/org/asynchttpclient/async-http-client-netty-utils/2.12.1/async-http-client-netty-utils-2.12.1.jar:/home/alex/.m2/repository/io/netty/netty-buffer/4.1.48.Final/netty-buffer-4.1.48.Final.jar:/home/alex/.m2/repository/io/netty/netty-codec-http/4.1.48.Final/netty-codec-http-4.1.48.Final.jar:/home/alex/.m2/repository/io/netty/netty-common/4.1.48.Final/netty-common-4.1.48.Final.jar:/home/alex/.m2/repository/io/netty/netty-transport/4.1.48.Final/netty-transport-4.1.48.Final.jar:/home/alex/.m2/repository/io/netty/netty-codec/4.1.48.Final/netty-codec-4.1.48.Final.jar:/home/alex/.m2/repository/io/netty/netty-handler/4.1.48.Final/netty-handler-4.1.48.Final.jar:/home/alex/.m2/repository/io/netty/netty-resolver/4.1.48.Final/netty-resolver-4.1.48.Final.jar:/home/alex/.m2/repository/io/netty/netty-codec-socks/4.1.48.Final/netty-codec-socks-4.1.48.Final.jar:/home/alex/.m2/repository/io/netty/netty-handler-proxy/4.1.48.Final/netty-handler-proxy-4.1.48.Final.jar:/home/alex/.m2/repository/io/netty/netty-transport-native-epoll/4.1.48.Final/netty-transport-native-epoll-4.1.48.Final-linux-x86_64.jar:/home/alex/.m2/repository/io/netty/netty-transport-native-unix-common/4.1.48.Final/netty-transport-native-unix-common-4.1.48.Final.jar:/home/alex/.m2/repository/io/netty/netty-transport-native-kqueue/4.1.48.Final/netty-transport-native-kqueue-4.1.48.Final-osx-x86_64.jar:/home/alex/.m2/repository/org/reactivestreams/reactive-streams/1.0.3/reactive-streams-1.0.3.jar:/home/alex/.m2/repository/com/typesafe/netty/netty-reactive-streams/2.0.4/netty-reactive-streams-2.0.4.jar:/home/alex/.m2/repository/com/sun/activation/javax.activation/1.2.0/javax.activation-1.2.0.jar:/home/alex/.m2/repository/org/apache/tez/tez-common/0.10.1/tez-common-0.10.1.jar:/home/alex/.m2/repository/org/apache/tez/tez-runtime-internals/0.10.1/tez-runtime-internals-0.10.1.jar:/home/alex/.m2/repository/org/apache/tez/hadoop-shim/0.10.1/hadoop-shim-0.10.1.jar:/home/alex/.m2/repository/org/apache/tez/tez-mapreduce/0.10.1/tez-mapreduce-0.10.1.jar:/home/alex/.m2/repository/org/apache/tez/tez-dag/0.10.1/tez-dag-0.10.1.jar:/home/alex/.m2/repository/org/apache/hadoop/hadoop-yarn-server-web-proxy/3.1.0/hadoop-yarn-server-web-proxy-3.1.0.jar:/home/alex/.m2/repository/org/apache/hadoop/hadoop-yarn-server-common/3.1.0/hadoop-yarn-server-common-3.1.0.jar:/home/alex/.m2/repository/org/apache/geronimo/specs/geronimo-jcache_1.0_spec/1.0-alpha-1/geronimo-jcache_1.0_spec-1.0-alpha-1.jar:/home/alex/.m2/repository/org/ehcache/ehcache/3.3.1/ehcache-3.3.1.jar:/home/alex/.m2/repository/com/zaxxer/HikariCP-java7/2.4.12/HikariCP-java7-2.4.12.jar:/home/alex/.m2/repository/org/apache/spark/spark-core_2.12/2.4.5/spark-core_2.12-2.4.5.jar:/home/alex/.m2/repository/com/twitter/chill_2.12/0.9.3/chill_2.12-0.9.3.jar:/home/alex/.m2/repository/com/twitter/chill-java/0.9.3/chill-java-0.9.3.jar:/home/alex/.m2/repository/org/apache/xbean/xbean-asm6-shaded/4.8/xbean-asm6-shaded-4.8.jar:/home/alex/.m2/repository/org/apache/hadoop/hadoop-client/3.1.0/hadoop-client-3.1.0.jar:/home/alex/.m2/repository/org/apache/hadoop/hadoop-mapreduce-client-jobclient/3.1.0/hadoop-mapreduce-client-jobclient-3.1.0.jar:/home/alex/.m2/repository/org/apache/spark/spark-launcher_2.12/2.4.5/spark-launcher_2.12-2.4.5.jar:/home/alex/.m2/repository/org/apache/spark/spark-kvstore_2.12/2.4.5/spark-kvstore_2.12-2.4.5.jar:/home/alex/.m2/repository/org/apache/spark/spark-network-common_2.12/2.4.5/spark-network-common_2.12-2.4.5.jar:/home/alex/.m2/repository/org/apache/spark/spark-network-shuffle_2.12/2.4.5/spark-network-shuffle_2.12-2.4.5.jar:/home/alex/.m2/repository/org/apache/spark/spark-unsafe_2.12/2.4.5/spark-unsafe_2.12-2.4.5.jar:/home/alex/.m2/repository/javax/activation/activation/1.1.1/activation-1.1.1.jar:/home/alex/.m2/repository/org/slf4j/jul-to-slf4j/1.7.16/jul-to-slf4j-1.7.16.jar:/home/alex/.m2/repository/org/slf4j/jcl-over-slf4j/1.7.16/jcl-over-slf4j-1.7.16.jar:/home/alex/.m2/repository/com/ning/compress-lzf/1.0.3/compress-lzf-1.0.3.jar:/home/alex/.m2/repository/org/lz4/lz4-java/1.4.0/lz4-java-1.4.0.jar:/home/alex/.m2/repository/com/github/luben/zstd-jni/1.3.2-2/zstd-jni-1.3.2-2.jar:/home/alex/.m2/repository/org/scala-lang/scala-library/2.12.10/scala-library-2.12.10.jar:/home/alex/.m2/repository/org/json4s/json4s-jackson_2.12/3.5.3/json4s-jackson_2.12-3.5.3.jar:/home/alex/.m2/repository/org/json4s/json4s-core_2.12/3.5.3/json4s-core_2.12-3.5.3.jar:/home/alex/.m2/repository/org/json4s/json4s-ast_2.12/3.5.3/json4s-ast_2.12-3.5.3.jar:/home/alex/.m2/repository/org/json4s/json4s-scalap_2.12/3.5.3/json4s-scalap_2.12-3.5.3.jar:/home/alex/.m2/repository/org/scala-lang/modules/scala-xml_2.12/1.0.6/scala-xml_2.12-1.0.6.jar:/home/alex/.m2/repository/com/clearspring/analytics/stream/2.7.0/stream-2.7.0.jar:/home/alex/.m2/repository/io/dropwizard/metrics/metrics-graphite/3.1.5/metrics-graphite-3.1.5.jar:/home/alex/.m2/repository/oro/oro/2.0.8/oro-2.0.8.jar:/home/alex/.m2/repository/net/razorvine/pyrolite/4.13/pyrolite-4.13.jar:/home/alex/.m2/repository/net/sf/py4j/py4j/0.10.7/py4j-0.10.7.jar:/home/alex/.m2/repository/org/apache/spark/spark-tags_2.12/2.4.5/spark-tags_2.12-2.4.5.jar:/home/alex/.m2/repository/org/spark-project/spark/unused/1.0.0/unused-1.0.0.jar:/home/alex/.m2/repository/com/sun/jersey/jersey-servlet/1.19/jersey-servlet-1.19.jar:/home/alex/.m2/repository/org/glassfish/jersey/core/jersey-server/2.22.2/jersey-server-2.22.2.jar:/home/alex/.m2/repository/org/glassfish/jersey/core/jersey-common/2.22.2/jersey-common-2.22.2.jar:/home/alex/.m2/repository/org/glassfish/jersey/bundles/repackaged/jersey-guava/2.22.2/jersey-guava-2.22.2.jar:/home/alex/.m2/repository/org/glassfish/hk2/osgi-resource-locator/1.0.1/osgi-resource-locator-1.0.1.jar:/home/alex/.m2/repository/org/glassfish/jersey/core/jersey-client/2.22.2/jersey-client-2.22.2.jar:/home/alex/.m2/repository/javax/ws/rs/javax.ws.rs-api/2.0.1/javax.ws.rs-api-2.0.1.jar:/home/alex/.m2/repository/org/glassfish/jersey/media/jersey-media-jaxb/2.22.2/jersey-media-jaxb-2.22.2.jar:/home/alex/.m2/repository/org/glassfish/hk2/hk2-api/2.4.0-b34/hk2-api-2.4.0-b34.jar:/home/alex/.m2/repository/org/glassfish/hk2/hk2-utils/2.4.0-b34/hk2-utils-2.4.0-b34.jar:/home/alex/.m2/repository/org/glassfish/hk2/external/aopalliance-repackaged/2.4.0-b34/aopalliance-repackaged-2.4.0-b34.jar:/home/alex/.m2/repository/org/glassfish/hk2/external/javax.inject/2.4.0-b34/javax.inject-2.4.0-b34.jar:/home/alex/.m2/repository/org/glassfish/hk2/hk2-locator/2.4.0-b34/hk2-locator-2.4.0-b34.jar:/home/alex/.m2/repository/javax/validation/validation-api/1.1.0.Final/validation-api-1.1.0.Final.jar:/home/alex/.m2/repository/org/glassfish/jersey/containers/jersey-container-servlet-core/2.22.2/jersey-container-servlet-core-2.22.2.jar:/home/alex/.m2/repository/org/hamcrest/hamcrest-all/1.3/hamcrest-all-1.3.jar:/home/alex/.m2/repository/org/powermock/powermock-module-junit4/2.0.2/powermock-module-junit4-2.0.2.jar:/home/alex/.m2/repository/org/powermock/powermock-module-junit4-common/2.0.2/powermock-module-junit4-common-2.0.2.jar:/home/alex/.m2/repository/org/powermock/powermock-reflect/2.0.2/powermock-reflect-2.0.2.jar:/home/alex/.m2/repository/org/powermock/powermock-core/2.0.2/powermock-core-2.0.2.jar:/home/alex/.m2/repository/org/powermock/powermock-api-mockito2/2.0.2/powermock-api-mockito2-2.0.2.jar:/home/alex/.m2/repository/org/powermock/powermock-api-support/2.0.2/powermock-api-support-2.0.2.jar:/home/alex/.m2/repository/com/google/guava/guava-testlib/19.0/guava-testlib-19.0.jar:/home/alex/.m2/repository/com/google/errorprone/error_prone_annotations/2.0.2/error_prone_annotations-2.0.2.jar:/home/alex/.m2/repository/com/google/re2j/re2j/1.2/re2j-1.2.jar:/home/alex/.m2/repository/org/reflections/reflections/0.9.10/reflections-0.9.10.jar:/home/alex/.m2/repository/org/javassist/javassist/3.19.0-GA/javassist-3.19.0-GA.jar:/home/alex/.m2/repository/com/jayway/jsonpath/json-path/2.4.0/json-path-2.4.0.jar:/home/alex/.m2/repository/net/minidev/json-smart/2.3/json-smart-2.3.jar:/home/alex/.m2/repository/net/minidev/accessors-smart/1.2/accessors-smart-1.2.jar:/home/alex/.m2/repository/org/ow2/asm/asm/5.0.4/asm-5.0.4.jar:/home/alex/.m2/repository/org/codehaus/janino/commons-compiler/3.0.11/commons-compiler-3.0.11.jar:/home/alex/.m2/repository/org/codehaus/janino/janino/3.0.11/janino-3.0.11.jar:/home/alex/.m2/repository/com/sun/jersey/contribs/jersey-multipart/1.19/jersey-multipart-1.19.jar:/home/alex/.m2/repository/org/jvnet/mimepull/mimepull/1.9.3/mimepull-1.9.3.jar:/home/alex/.m2/repository/org/apache/kafka/kafka-clients/2.5.0/kafka-clients-2.5.0.jar:/home/alex/.m2/repository/org/slf4j/slf4j-api/1.7.30/slf4j-api-1.7.30.jar:/home/alex/.m2/repository/org/mockito/mockito-core/3.4.4/mockito-core-3.4.4.jar:/home/alex/.m2/repository/net/bytebuddy/byte-buddy/1.10.13/byte-buddy-1.10.13.jar:/home/alex/.m2/repository/net/bytebuddy/byte-buddy-agent/1.10.13/byte-buddy-agent-1.10.13.jar:/home/alex/Repositories/hive/ql/target/testconf:/home/alex/Repositories/hive/ql/../conf:"/>
    <property name="sun.cpu.endian" value="little"/>
    <property name="user.home" value="/home/alex"/>
    <property name="user.language" value="en"/>
    <property name="java.security.krb5.conf" value="/home/alex/Repositories/hive/ql/target/testconf/krb5.conf"/>
    <property name="test.dfs.mkdir" value=""/>
    <property name="java.awt.graphicsenv" value="sun.awt.X11GraphicsEnvironment"/>
    <property name="nondexFilter" value=".*"/>
    <property name="nondexSeed" value="974622"/>
    <property name="surefire.real.class.path" value="/home/alex/Repositories/hive/ql/target/surefire/surefirebooter3365249139841525442.jar"/>
    <property name="hadoop.log.dir" value="/home/alex/Repositories/hive/ql/target/tmp"/>
    <property name="java.net.preferIPv4Stack" value="true"/>
    <property name="path.separator" value=":"/>
    <property name="os.version" value="6.5.0-28-generic"/>
    <property name="java.endorsed.dirs" value="/usr/lib/jvm/java-8-openjdk-amd64/jre/lib/endorsed"/>
    <property name="java.runtime.name" value="OpenJDK Runtime Environment"/>
    <property name="hive.test.console.log.level" value="INFO"/>
    <property name="java.vm.name" value="OpenJDK 64-Bit Server VM"/>
    <property name="java.vendor.url.bug" value="http://bugreport.sun.com/bugreport/"/>
    <property name="maven.local.repository" value="/home/alex/.m2/repository"/>
    <property name="user.dir" value="/home/alex/Repositories/hive/ql"/>
    <property name="os.arch" value="amd64"/>
    <property name="nondexMode" value="FULL"/>
    <property name="user.language.format" value="pt"/>
    <property name="antlr.version" value="3.5.2"/>
    <property name="derby.version" value="10.14.1.0"/>
    <property name="java.vm.info" value="mixed mode"/>
    <property name="java.vm.version" value="25.402-b06"/>
    <property name="java.ext.dirs" value="/usr/lib/jvm/java-8-openjdk-amd64/jre/lib/ext:/usr/java/packages/lib/ext"/>
    <property name="java.class.version" value="52.0"/>
    <property name="test.output.overwrite" value=""/>
    <property name="hive.root" value="/home/alex/Repositories/hive/ql/../"/>
  </properties>
  <testcase name="testSdpoBucketed" classname="org.apache.hadoop.hive.ql.TestTxnCommands3" time="21.537">
    <error type="java.lang.RuntimeException"><![CDATA[java.lang.RuntimeException: update acid_uap set b = 'fred' failed: (responseCode = 40000, errorMessage = FAILED: NoMatchingMethodException No matching method for class org.apache.hadoop.hive.ql.udf.UDFToInteger with (struct<writeid:bigint,bucketid:int,rowid:bigint>). Possible choices: _FUNC_(bigint)  _FUNC_(boolean)  _FUNC_(decimal(38,18))  _FUNC_(double)  _FUNC_(float)  _FUNC_(smallint)  _FUNC_(string)  _FUNC_(struct<rowid:bigint,bucketid:int,writeid:bigint>)  _FUNC_(timestamp)  _FUNC_(tinyint)  _FUNC_(void)  , hiveErrorCode = 40000, SQLState = 42000, exception = No matching method for class org.apache.hadoop.hive.ql.udf.UDFToInteger with (struct<writeid:bigint,bucketid:int,rowid:bigint>). Possible choices: _FUNC_(bigint)  _FUNC_(boolean)  _FUNC_(decimal(38,18))  _FUNC_(double)  _FUNC_(float)  _FUNC_(smallint)  _FUNC_(string)  _FUNC_(struct<rowid:bigint,bucketid:int,writeid:bigint>)  _FUNC_(timestamp)  _FUNC_(tinyint)  _FUNC_(void)  )
	at org.apache.hadoop.hive.ql.TxnCommandsBaseForTests.runStatementOnDriver(TxnCommandsBaseForTests.java:247)
	at org.apache.hadoop.hive.ql.TestTxnCommands3.testSdpoBucketed(TestTxnCommands3.java:293)
	at org.apache.hadoop.hive.ql.TestTxnCommands3.testSdpoBucketed(TestTxnCommands3.java:255)
	at sun.reflect.NativeMethodAccessorImpl.invoke0(Native Method)
	at sun.reflect.NativeMethodAccessorImpl.invoke(NativeMethodAccessorImpl.java:62)
	at sun.reflect.DelegatingMethodAccessorImpl.invoke(DelegatingMethodAccessorImpl.java:43)
	at java.lang.reflect.Method.invoke(Method.java:498)
	at org.junit.runners.model.FrameworkMethod$1.runReflectiveCall(FrameworkMethod.java:59)
	at org.junit.internal.runners.model.ReflectiveCallable.run(ReflectiveCallable.java:12)
	at org.junit.runners.model.FrameworkMethod.invokeExplosively(FrameworkMethod.java:56)
	at org.junit.internal.runners.statements.InvokeMethod.evaluate(InvokeMethod.java:17)
	at org.junit.internal.runners.statements.RunBefores.evaluate(RunBefores.java:26)
	at org.junit.internal.runners.statements.RunAfters.evaluate(RunAfters.java:27)
	at org.junit.rules.TestWatcher$1.evaluate(TestWatcher.java:61)
	at org.junit.runners.ParentRunner$3.evaluate(ParentRunner.java:306)
	at org.junit.runners.BlockJUnit4ClassRunner$1.evaluate(BlockJUnit4ClassRunner.java:100)
	at org.junit.runners.ParentRunner.runLeaf(ParentRunner.java:366)
	at org.junit.runners.BlockJUnit4ClassRunner.runChild(BlockJUnit4ClassRunner.java:103)
	at org.junit.runners.BlockJUnit4ClassRunner.runChild(BlockJUnit4ClassRunner.java:63)
	at org.junit.runners.ParentRunner$4.run(ParentRunner.java:331)
	at org.junit.runners.ParentRunner$1.schedule(ParentRunner.java:79)
	at org.junit.runners.ParentRunner.runChildren(ParentRunner.java:329)
	at org.junit.runners.ParentRunner.access$100(ParentRunner.java:66)
	at org.junit.runners.ParentRunner$2.evaluate(ParentRunner.java:293)
	at org.junit.runners.ParentRunner$3.evaluate(ParentRunner.java:306)
	at org.junit.runners.ParentRunner.run(ParentRunner.java:413)
	at org.junit.runner.JUnitCore.run(JUnitCore.java:137)
	at org.junit.runner.JUnitCore.run(JUnitCore.java:115)
	at org.junit.vintage.engine.execution.RunnerExecutor.execute(RunnerExecutor.java:43)
	at java.util.stream.ForEachOps$ForEachOp$OfRef.accept(ForEachOps.java:183)
	at java.util.stream.ReferencePipeline$3$1.accept(ReferencePipeline.java:193)
	at java.util.Iterator.forEachRemaining(Iterator.java:116)
	at java.util.Spliterators$IteratorSpliterator.forEachRemaining(Spliterators.java:1801)
	at java.util.stream.AbstractPipeline.copyInto(AbstractPipeline.java:482)
	at java.util.stream.AbstractPipeline.wrapAndCopyInto(AbstractPipeline.java:472)
	at java.util.stream.ForEachOps$ForEachOp.evaluateSequential(ForEachOps.java:150)
	at java.util.stream.ForEachOps$ForEachOp$OfRef.evaluateSequential(ForEachOps.java:173)
	at java.util.stream.AbstractPipeline.evaluate(AbstractPipeline.java:234)
	at java.util.stream.ReferencePipeline.forEach(ReferencePipeline.java:485)
	at org.junit.vintage.engine.VintageTestEngine.executeAllChildren(VintageTestEngine.java:82)
	at org.junit.vintage.engine.VintageTestEngine.execute(VintageTestEngine.java:73)
	at org.junit.platform.launcher.core.DefaultLauncher.execute(DefaultLauncher.java:248)
	at org.junit.platform.launcher.core.DefaultLauncher.lambda$execute$5(DefaultLauncher.java:211)
	at org.junit.platform.launcher.core.DefaultLauncher.withInterceptedStreams(DefaultLauncher.java:226)
	at org.junit.platform.launcher.core.DefaultLauncher.execute(DefaultLauncher.java:199)
	at org.junit.platform.launcher.core.DefaultLauncher.execute(DefaultLauncher.java:132)
	at org.apache.maven.surefire.junitplatform.JUnitPlatformProvider.invokeAllTests(JUnitPlatformProvider.java:154)
	at org.apache.maven.surefire.junitplatform.JUnitPlatformProvider.invoke(JUnitPlatformProvider.java:123)
	at org.apache.maven.surefire.booter.ForkedBooter.runSuitesInProcess(ForkedBooter.java:377)
	at org.apache.maven.surefire.booter.ForkedBooter.execute(ForkedBooter.java:138)
	at org.apache.maven.surefire.booter.ForkedBooter.run(ForkedBooter.java:465)
	at org.apache.maven.surefire.booter.ForkedBooter.main(ForkedBooter.java:451)
]]></error>
    <system-out><![CDATA[log4j: Trying to find [log4j.xml] using context classloader org.apache.hadoop.hive.ql.exec.UDFClassLoader@6f139fc9.
log4j: Trying to find [log4j.xml] using sun.misc.Launcher$AppClassLoader@330bedb4 class loader.
log4j: Trying to find [log4j.xml] using ClassLoader.getSystemResource().
log4j: Trying to find [log4j.properties] using context classloader org.apache.hadoop.hive.ql.exec.UDFClassLoader@6f139fc9.
log4j: Trying to find [log4j.properties] using sun.misc.Launcher$AppClassLoader@330bedb4 class loader.
log4j: Trying to find [log4j.properties] using ClassLoader.getSystemResource().
log4j: Could not find resource: [null].
]]></system-out>
    <system-err><![CDATA[SLF4J: Class path contains multiple SLF4J bindings.
SLF4J: Found binding in [jar:file:/home/alex/.m2/repository/org/apache/logging/log4j/log4j-slf4j-impl/2.13.2/log4j-slf4j-impl-2.13.2.jar!/org/slf4j/impl/StaticLoggerBinder.class]
SLF4J: Found binding in [jar:file:/home/alex/.m2/repository/org/slf4j/slf4j-simple/1.7.27/slf4j-simple-1.7.27.jar!/org/slf4j/impl/StaticLoggerBinder.class]
SLF4J: See http://www.slf4j.org/codes.html#multiple_bindings for an explanation.
SLF4J: Actual binding is of type [org.apache.logging.slf4j.Log4jLoggerFactory]
DEBUG StatusLogger Using ShutdownCallbackRegistry class org.apache.logging.log4j.core.util.DefaultShutdownCallbackRegistry
DEBUG StatusLogger Took 0,073669 seconds to load 250 plugins from sun.misc.Launcher$AppClassLoader@330bedb4
DEBUG StatusLogger PluginManager 'Converter' found 46 plugins
DEBUG StatusLogger Starting OutputStreamManager SYSTEM_OUT.false.false-1
DEBUG StatusLogger Starting LoggerContext[name=330bedb4, org.apache.logging.log4j.core.LoggerContext@1972e513]...
DEBUG StatusLogger Reconfiguration started for context[name=330bedb4] at URI null (org.apache.logging.log4j.core.LoggerContext@1972e513) with optional ClassLoader: null
DEBUG StatusLogger PluginManager 'ConfigurationFactory' found 6 plugins
DEBUG StatusLogger Using configurationFactory org.apache.logging.log4j.core.config.ConfigurationFactory$Factory@48e1f6c7
DEBUG StatusLogger Apache Log4j Core 2.13.2 initializing configuration org.apache.logging.log4j.core.config.properties.PropertiesConfiguration@475c9c31
DEBUG StatusLogger Installed 2 script engines
DEBUG StatusLogger Groovy Scripting Engine version: 2.0, language: Groovy, threading: MULTITHREADED, compile: true, names: [groovy, Groovy], factory class: org.codehaus.groovy.jsr223.GroovyScriptEngineFactory
DEBUG StatusLogger Oracle Nashorn version: 1.8.0_402, language: ECMAScript, threading: Not Thread Safe, compile: true, names: [nashorn, Nashorn, js, JS, JavaScript, javascript, ECMAScript, ecmascript], factory class: jdk.nashorn.api.scripting.NashornScriptEngineFactory
INFO StatusLogger Scanning for classes in '/home/alex/Repositories/hive/ql/target/test-classes/org/apache/hadoop/hive/ql/log' matching criteria annotated with @Plugin
DEBUG StatusLogger Checking to see if class org.apache.hadoop.hive.ql.log.TestLog4j2Appenders matches criteria annotated with @Plugin
DEBUG StatusLogger Checking to see if class org.apache.hadoop.hive.ql.log.TestSyslogInputFormat matches criteria annotated with @Plugin
DEBUG StatusLogger Checking to see if class org.apache.hadoop.hive.ql.log.TestSlidingFilenameRolloverStrategy matches criteria annotated with @Plugin
INFO StatusLogger Scanning for classes in '/home/alex/Repositories/hive/ql/target/classes/org/apache/hadoop/hive/ql/log' matching criteria annotated with @Plugin
DEBUG StatusLogger Checking to see if class org.apache.hadoop.hive.ql.log.LogDivertAppenderForTest$TestFilter matches criteria annotated with @Plugin
DEBUG StatusLogger Checking to see if class org.apache.hadoop.hive.ql.log.LogDivertAppenderForTest matches criteria annotated with @Plugin
DEBUG StatusLogger Checking to see if class org.apache.hadoop.hive.ql.log.SlidingFilenameRolloverStrategy matches criteria annotated with @Plugin
DEBUG StatusLogger Checking to see if class org.apache.hadoop.hive.ql.log.HushableRandomAccessFileAppender$1 matches criteria annotated with @Plugin
DEBUG StatusLogger Checking to see if class org.apache.hadoop.hive.ql.log.SlidingFilenameRolloverStrategy$1 matches criteria annotated with @Plugin
DEBUG StatusLogger Checking to see if class org.apache.hadoop.hive.ql.log.LogDivertAppender$NameFilter matches criteria annotated with @Plugin
DEBUG StatusLogger Checking to see if class org.apache.hadoop.hive.ql.log.HiveEventCounter$EventCounts matches criteria annotated with @Plugin
DEBUG StatusLogger Checking to see if class org.apache.hadoop.hive.ql.log.syslog.SyslogStorageHandler matches criteria annotated with @Plugin
DEBUG StatusLogger Checking to see if class org.apache.hadoop.hive.ql.log.syslog.SyslogSerDe matches criteria annotated with @Plugin
DEBUG StatusLogger Checking to see if class org.apache.hadoop.hive.ql.log.syslog.SyslogInputFormat$Location matches criteria annotated with @Plugin
DEBUG StatusLogger Checking to see if class org.apache.hadoop.hive.ql.log.syslog.SyslogParser matches criteria annotated with @Plugin
DEBUG StatusLogger Checking to see if class org.apache.hadoop.hive.ql.log.syslog.SyslogInputFormat matches criteria annotated with @Plugin
DEBUG StatusLogger Checking to see if class org.apache.hadoop.hive.ql.log.HiveEventCounter$1 matches criteria annotated with @Plugin
DEBUG StatusLogger Checking to see if class org.apache.hadoop.hive.ql.log.HiveEventCounter matches criteria annotated with @Plugin
DEBUG StatusLogger Checking to see if class org.apache.hadoop.hive.ql.log.PidFilePatternConverter matches criteria annotated with @Plugin
DEBUG StatusLogger Checking to see if class org.apache.hadoop.hive.ql.log.NullAppender matches criteria annotated with @Plugin
DEBUG StatusLogger Checking to see if class org.apache.hadoop.hive.ql.log.HushableRandomAccessFileAppender matches criteria annotated with @Plugin
DEBUG StatusLogger Checking to see if class org.apache.hadoop.hive.ql.log.LogDivertAppender matches criteria annotated with @Plugin
INFO StatusLogger Scanning for classes in '/home/alex/Repositories/hive/common/target/classes/org/apache/hadoop/hive/ql/log' matching criteria annotated with @Plugin
DEBUG StatusLogger Checking to see if class org.apache.hadoop.hive.ql.log.PerfLogger matches criteria annotated with @Plugin
DEBUG StatusLogger Took 0,020518 seconds to load 7 plugins from package org.apache.hadoop.hive.ql.log
DEBUG StatusLogger PluginManager 'Core' found 132 plugins
DEBUG StatusLogger PluginManager 'Level' found 0 plugins
DEBUG StatusLogger Building Plugin[name=property, class=org.apache.logging.log4j.core.config.Property].
TRACE StatusLogger TypeConverterRegistry initializing.
DEBUG StatusLogger PluginManager 'TypeConverter' found 26 plugins
DEBUG StatusLogger createProperty(name="hive.log.file", value="hive.log")
DEBUG StatusLogger Building Plugin[name=property, class=org.apache.logging.log4j.core.config.Property].
DEBUG StatusLogger createProperty(name="hive.log.dir", value="/home/alex/Repositories/hive/ql/target/tmp/log")
DEBUG StatusLogger Building Plugin[name=property, class=org.apache.logging.log4j.core.config.Property].
DEBUG StatusLogger createProperty(name="hive.root.logger", value="DRFA")
DEBUG StatusLogger Building Plugin[name=property, class=org.apache.logging.log4j.core.config.Property].
DEBUG StatusLogger createProperty(name="hive.log.level", value="DEBUG")
DEBUG StatusLogger Building Plugin[name=property, class=org.apache.logging.log4j.core.config.Property].
DEBUG StatusLogger createProperty(name="hive.test.console.log.level", value="INFO")
DEBUG StatusLogger Building Plugin[name=properties, class=org.apache.logging.log4j.core.config.PropertiesPlugin].
DEBUG StatusLogger configureSubstitutor(={hive.log.file=hive.log, hive.log.dir=/home/alex/Repositories/hive/ql/target/tmp/log, hive.root.logger=DRFA, hive.log.level=DEBUG, hive.test.console.log.level=INFO}, Configuration(HiveLog4j2Test))
DEBUG StatusLogger PluginManager 'Lookup' found 17 plugins
DEBUG StatusLogger Building Plugin[name=logger, class=org.apache.logging.log4j.core.config.LoggerConfig].
DEBUG StatusLogger createLogger(additivity="true", level="WARN", name="org.apache.hadoop.ipc", includeLocation="null", ={}, ={}, Configuration(HiveLog4j2Test), Filter=null)
DEBUG StatusLogger Building Plugin[name=logger, class=org.apache.logging.log4j.core.config.LoggerConfig].
DEBUG StatusLogger createLogger(additivity="true", level="INFO", name="org.apache.hadoop.security", includeLocation="null", ={}, ={}, Configuration(HiveLog4j2Test), Filter=null)
DEBUG StatusLogger Building Plugin[name=logger, class=org.apache.logging.log4j.core.config.LoggerConfig].
DEBUG StatusLogger createLogger(additivity="true", level="INFO", name="org.apache.hadoop.hdfs", includeLocation="null", ={}, ={}, Configuration(HiveLog4j2Test), Filter=null)
DEBUG StatusLogger Building Plugin[name=logger, class=org.apache.logging.log4j.core.config.LoggerConfig].
DEBUG StatusLogger createLogger(additivity="true", level="WARN", name="org.apache.hadoop.hdfs.server", includeLocation="null", ={}, ={}, Configuration(HiveLog4j2Test), Filter=null)
DEBUG StatusLogger Building Plugin[name=logger, class=org.apache.logging.log4j.core.config.LoggerConfig].
DEBUG StatusLogger createLogger(additivity="true", level="INFO", name="org.apache.hadoop.metrics2", includeLocation="null", ={}, ={}, Configuration(HiveLog4j2Test), Filter=null)
DEBUG StatusLogger Building Plugin[name=logger, class=org.apache.logging.log4j.core.config.LoggerConfig].
DEBUG StatusLogger createLogger(additivity="true", level="INFO", name="org.mortbay", includeLocation="null", ={}, ={}, Configuration(HiveLog4j2Test), Filter=null)
DEBUG StatusLogger Building Plugin[name=logger, class=org.apache.logging.log4j.core.config.LoggerConfig].
DEBUG StatusLogger createLogger(additivity="true", level="INFO", name="org.apache.hadoop.yarn", includeLocation="null", ={}, ={}, Configuration(HiveLog4j2Test), Filter=null)
DEBUG StatusLogger Building Plugin[name=logger, class=org.apache.logging.log4j.core.config.LoggerConfig].
DEBUG StatusLogger createLogger(additivity="true", level="WARN", name="org.apache.hadoop.yarn.server", includeLocation="null", ={}, ={}, Configuration(HiveLog4j2Test), Filter=null)
DEBUG StatusLogger Building Plugin[name=logger, class=org.apache.logging.log4j.core.config.LoggerConfig].
DEBUG StatusLogger createLogger(additivity="true", level="INFO", name="org.apache.tez", includeLocation="null", ={}, ={}, Configuration(HiveLog4j2Test), Filter=null)
DEBUG StatusLogger Building Plugin[name=logger, class=org.apache.logging.log4j.core.config.LoggerConfig].
DEBUG StatusLogger createLogger(additivity="true", level="ERROR", name="org.apache.hadoop.conf.Configuration", includeLocation="null", ={}, ={}, Configuration(HiveLog4j2Test), Filter=null)
DEBUG StatusLogger Building Plugin[name=logger, class=org.apache.logging.log4j.core.config.LoggerConfig].
DEBUG StatusLogger createLogger(additivity="true", level="INFO", name="org.apache.zookeeper", includeLocation="null", ={}, ={}, Configuration(HiveLog4j2Test), Filter=null)
DEBUG StatusLogger Building Plugin[name=logger, class=org.apache.logging.log4j.core.config.LoggerConfig].
DEBUG StatusLogger createLogger(additivity="true", level="WARN", name="org.apache.zookeeper.server.ServerCnxn", includeLocation="null", ={}, ={}, Configuration(HiveLog4j2Test), Filter=null)
DEBUG StatusLogger Building Plugin[name=logger, class=org.apache.logging.log4j.core.config.LoggerConfig].
DEBUG StatusLogger createLogger(additivity="true", level="WARN", name="org.apache.zookeeper.server.NIOServerCnxn", includeLocation="null", ={}, ={}, Configuration(HiveLog4j2Test), Filter=null)
DEBUG StatusLogger Building Plugin[name=logger, class=org.apache.logging.log4j.core.config.LoggerConfig].
DEBUG StatusLogger createLogger(additivity="true", level="WARN", name="org.apache.zookeeper.ClientCnxn", includeLocation="null", ={}, ={}, Configuration(HiveLog4j2Test), Filter=null)
DEBUG StatusLogger Building Plugin[name=logger, class=org.apache.logging.log4j.core.config.LoggerConfig].
DEBUG StatusLogger createLogger(additivity="true", level="WARN", name="org.apache.zookeeper.ClientCnxnSocket", includeLocation="null", ={}, ={}, Configuration(HiveLog4j2Test), Filter=null)
DEBUG StatusLogger Building Plugin[name=logger, class=org.apache.logging.log4j.core.config.LoggerConfig].
DEBUG StatusLogger createLogger(additivity="true", level="WARN", name="org.apache.zookeeper.ClientCnxnSocketNIO", includeLocation="null", ={}, ={}, Configuration(HiveLog4j2Test), Filter=null)
DEBUG StatusLogger Building Plugin[name=logger, class=org.apache.logging.log4j.core.config.LoggerConfig].
DEBUG StatusLogger createLogger(additivity="true", level="ERROR", name="DataNucleus", includeLocation="null", ={}, ={}, Configuration(HiveLog4j2Test), Filter=null)
DEBUG StatusLogger Building Plugin[name=logger, class=org.apache.logging.log4j.core.config.LoggerConfig].
DEBUG StatusLogger createLogger(additivity="true", level="ERROR", name="Datastore", includeLocation="null", ={}, ={}, Configuration(HiveLog4j2Test), Filter=null)
DEBUG StatusLogger Building Plugin[name=logger, class=org.apache.logging.log4j.core.config.LoggerConfig].
DEBUG StatusLogger createLogger(additivity="true", level="ERROR", name="JPOX", includeLocation="null", ={}, ={}, Configuration(HiveLog4j2Test), Filter=null)
DEBUG StatusLogger Building Plugin[name=logger, class=org.apache.logging.log4j.core.config.LoggerConfig].
DEBUG StatusLogger createLogger(additivity="true", level="INFO", name="org.apache.hadoop.hive.ql.exec.Operator", includeLocation="null", ={}, ={}, Configuration(HiveLog4j2Test), Filter=null)
DEBUG StatusLogger Building Plugin[name=logger, class=org.apache.logging.log4j.core.config.LoggerConfig].
DEBUG StatusLogger createLogger(additivity="true", level="INFO", name="org.apache.hadoop.hive.serde2.lazy", includeLocation="null", ={}, ={}, Configuration(HiveLog4j2Test), Filter=null)
DEBUG StatusLogger Building Plugin[name=logger, class=org.apache.logging.log4j.core.config.LoggerConfig].
DEBUG StatusLogger createLogger(additivity="true", level="INFO", name="org.apache.hadoop.hive.metastore.ObjectStore", includeLocation="null", ={}, ={}, Configuration(HiveLog4j2Test), Filter=null)
DEBUG StatusLogger Building Plugin[name=logger, class=org.apache.logging.log4j.core.config.LoggerConfig].
DEBUG StatusLogger createLogger(additivity="true", level="INFO", name="org.apache.calcite.plan.RelOptPlanner", includeLocation="null", ={}, ={}, Configuration(HiveLog4j2Test), Filter=null)
DEBUG StatusLogger Building Plugin[name=logger, class=org.apache.logging.log4j.core.config.LoggerConfig].
DEBUG StatusLogger createLogger(additivity="true", level="INFO", name="com.amazonaws", includeLocation="null", ={}, ={}, Configuration(HiveLog4j2Test), Filter=null)
DEBUG StatusLogger Building Plugin[name=logger, class=org.apache.logging.log4j.core.config.LoggerConfig].
DEBUG StatusLogger createLogger(additivity="true", level="INFO", name="org.apache.http", includeLocation="null", ={}, ={}, Configuration(HiveLog4j2Test), Filter=null)
DEBUG StatusLogger Building Plugin[name=logger, class=org.apache.logging.log4j.core.config.LoggerConfig].
DEBUG StatusLogger createLogger(additivity="true", level="WARN", name="org.apache.thrift", includeLocation="null", ={}, ={}, Configuration(HiveLog4j2Test), Filter=null)
DEBUG StatusLogger Building Plugin[name=logger, class=org.apache.logging.log4j.core.config.LoggerConfig].
DEBUG StatusLogger createLogger(additivity="true", level="WARN", name="org.eclipse.jetty", includeLocation="null", ={}, ={}, Configuration(HiveLog4j2Test), Filter=null)
DEBUG StatusLogger Building Plugin[name=logger, class=org.apache.logging.log4j.core.config.LoggerConfig].
DEBUG StatusLogger createLogger(additivity="true", level="WARN", name="BlockStateChange", includeLocation="null", ={}, ={}, Configuration(HiveLog4j2Test), Filter=null)
DEBUG StatusLogger Building Plugin[name=logger, class=org.apache.logging.log4j.core.config.LoggerConfig].
DEBUG StatusLogger createLogger(additivity="true", level="DEBUG", name="org.apache.hadoop.hive.ql.optimizer.SharedWorkOptimizer", includeLocation="null", ={}, ={}, Configuration(HiveLog4j2Test), Filter=null)
DEBUG StatusLogger Building Plugin[name=AppenderRef, class=org.apache.logging.log4j.core.config.AppenderRef].
DEBUG StatusLogger createAppenderRef(ref="console", level="INFO", Filter=null)
DEBUG StatusLogger Building Plugin[name=AppenderRef, class=org.apache.logging.log4j.core.config.AppenderRef].
DEBUG StatusLogger createAppenderRef(ref="DRFA", level="null", Filter=null)
DEBUG StatusLogger Building Plugin[name=root, class=org.apache.logging.log4j.core.config.LoggerConfig$RootLogger].
DEBUG StatusLogger createLogger(additivity="null", level="DEBUG", includeLocation="null", ={console, DRFA}, ={}, Configuration(HiveLog4j2Test), Filter=null)
DEBUG StatusLogger Building Plugin[name=loggers, class=org.apache.logging.log4j.core.config.LoggersPlugin].
DEBUG StatusLogger createLoggers(={org.apache.hadoop.ipc, org.apache.hadoop.security, org.apache.hadoop.hdfs, org.apache.hadoop.hdfs.server, org.apache.hadoop.metrics2, org.mortbay, org.apache.hadoop.yarn, org.apache.hadoop.yarn.server, org.apache.tez, org.apache.hadoop.conf.Configuration, org.apache.zookeeper, org.apache.zookeeper.server.ServerCnxn, org.apache.zookeeper.server.NIOServerCnxn, org.apache.zookeeper.ClientCnxn, org.apache.zookeeper.ClientCnxnSocket, org.apache.zookeeper.ClientCnxnSocketNIO, DataNucleus, Datastore, JPOX, org.apache.hadoop.hive.ql.exec.Operator, org.apache.hadoop.hive.serde2.lazy, org.apache.hadoop.hive.metastore.ObjectStore, org.apache.calcite.plan.RelOptPlanner, com.amazonaws, org.apache.http, org.apache.thrift, org.eclipse.jetty, BlockStateChange, org.apache.hadoop.hive.ql.optimizer.SharedWorkOptimizer, root})
DEBUG StatusLogger Building Plugin[name=layout, class=org.apache.logging.log4j.core.layout.PatternLayout].
DEBUG StatusLogger PatternLayout$Builder(alwaysWriteExceptions="null", Replace=null, disableAnsi="null", header="null", footer="null", charset="null", PatternSelector=null, Configuration(HiveLog4j2Test), pattern="%d{ISO8601} %5p [%t] %c{2}: %m%n", noConsoleNoAnsi="null")
DEBUG StatusLogger PluginManager 'Converter' found 46 plugins
DEBUG StatusLogger Building Plugin[name=appender, class=org.apache.logging.log4j.core.appender.ConsoleAppender].
DEBUG StatusLogger ConsoleAppender$Builder(direct="null", follow="null", target="SYSTEM_ERR", bufferSize="null", bufferedIo="null", immediateFlush="null", PatternLayout(%d{ISO8601} %5p [%t] %c{2}: %m%n), Configuration(HiveLog4j2Test), name="console", ignoreExceptions="null", ={}, Filter=null)
DEBUG StatusLogger Starting OutputStreamManager SYSTEM_ERR.false.false
DEBUG StatusLogger Building Plugin[name=layout, class=org.apache.logging.log4j.core.layout.PatternLayout].
DEBUG StatusLogger PatternLayout$Builder(header="null", alwaysWriteExceptions="null", charset="null", footer="null", Replace=null, PatternSelector=null, pattern="%d{ISO8601} %5p [%t] %c{2}: %m%n", Configuration(HiveLog4j2Test), noConsoleNoAnsi="null", disableAnsi="null")
DEBUG StatusLogger Building Plugin[name=TimeBasedTriggeringPolicy, class=org.apache.logging.log4j.core.appender.rolling.TimeBasedTriggeringPolicy].
DEBUG StatusLogger TimeBasedTriggeringPolicy$Builder(modulate="true", maxRandomDelay="null", interval="1")
DEBUG StatusLogger Building Plugin[name=Policies, class=org.apache.logging.log4j.core.appender.rolling.CompositeTriggeringPolicy].
DEBUG StatusLogger createPolicy(={TimeBasedTriggeringPolicy(nextRolloverMillis=0, interval=1, modulate=true)})
DEBUG StatusLogger Building Plugin[name=DefaultRolloverStrategy, class=org.apache.logging.log4j.core.appender.rolling.DefaultRolloverStrategy].
DEBUG StatusLogger DefaultRolloverStrategy$Builder(compressionLevel="null", Configuration(HiveLog4j2Test), tempCompressedFilePattern="null", stopCustomActionsOnError="null", fileIndex="null", min="null", ={}, max="30")
DEBUG StatusLogger Building Plugin[name=appender, class=org.apache.logging.log4j.core.appender.RollingRandomAccessFileAppender].
DEBUG StatusLogger RollingRandomAccessFileAppender$Builder(filePattern="/home/alex/Repositories/hive/ql/target/tmp/log/hive.log.%d{yyyy-MM-dd}", advertise="null", fileName="/home/alex/Repositories/hive/ql/target/tmp/log/hive.log", append="null", DefaultRolloverStrategy(DefaultRolloverStrategy(min=1, max=30, useMax=true)), fileGroup="null", filePermissions="null", fileOwner="null", advertiseURI="null", Policies(CompositeTriggeringPolicy(policies=[TimeBasedTriggeringPolicy(nextRolloverMillis=0, interval=1, modulate=true)])), bufferSize="null", bufferedIo="null", immediateFlush="null", Configuration(HiveLog4j2Test), PatternLayout(%d{ISO8601} %5p [%t] %c{2}: %m%n), ignoreExceptions="null", name="DRFA", Filter=null, ={})
TRACE StatusLogger RandomAccessFile /home/alex/Repositories/hive/ql/target/tmp/log/hive.log seek to 12632131
DEBUG StatusLogger Starting RollingRandomAccessFileManager /home/alex/Repositories/hive/ql/target/tmp/log/hive.log
DEBUG StatusLogger PluginManager 'FileConverter' found 3 plugins
DEBUG StatusLogger Setting prev file time to 2024-04-24T00:48:22.070-0700
DEBUG StatusLogger Initializing triggering policy CompositeTriggeringPolicy(policies=[TimeBasedTriggeringPolicy(nextRolloverMillis=0, interval=1, modulate=true)])
DEBUG StatusLogger Initializing triggering policy TimeBasedTriggeringPolicy(nextRolloverMillis=0, interval=1, modulate=true)
TRACE StatusLogger PatternProcessor.getNextTime returning 2024/04/25-00:00:00.000, nextFileTime=2024/04/24-00:00:00.000, prevFileTime=1969/12/31-16:00:00.000, current=2024/04/24-00:48:23.728, freq=DAILY
TRACE StatusLogger PatternProcessor.getNextTime returning 2024/04/25-00:00:00.000, nextFileTime=2024/04/24-00:00:00.000, prevFileTime=2024/04/24-00:00:00.000, current=2024/04/24-00:48:23.729, freq=DAILY
DEBUG StatusLogger Building Plugin[name=appenders, class=org.apache.logging.log4j.core.config.AppendersPlugin].
DEBUG StatusLogger createAppenders(={console, DRFA})
DEBUG StatusLogger Configuration org.apache.logging.log4j.core.config.properties.PropertiesConfiguration@475c9c31 initialized
DEBUG StatusLogger Starting configuration org.apache.logging.log4j.core.config.properties.PropertiesConfiguration@475c9c31
DEBUG StatusLogger Started configuration org.apache.logging.log4j.core.config.properties.PropertiesConfiguration@475c9c31 OK.
TRACE StatusLogger Stopping org.apache.logging.log4j.core.config.DefaultConfiguration@57250572...
TRACE StatusLogger DefaultConfiguration notified 1 ReliabilityStrategies that config will be stopped.
TRACE StatusLogger DefaultConfiguration stopping root LoggerConfig.
TRACE StatusLogger DefaultConfiguration notifying ReliabilityStrategies that appenders will be stopped.
TRACE StatusLogger DefaultConfiguration stopping remaining Appenders.
DEBUG StatusLogger Shutting down OutputStreamManager SYSTEM_OUT.false.false-1
DEBUG StatusLogger OutputStream closed
DEBUG StatusLogger Shut down OutputStreamManager SYSTEM_OUT.false.false-1, all resources released: true
DEBUG StatusLogger Appender DefaultConsole-1 stopped with status true
TRACE StatusLogger DefaultConfiguration stopped 1 remaining Appenders.
TRACE StatusLogger DefaultConfiguration cleaning Appenders from 1 LoggerConfigs.
DEBUG StatusLogger Stopped org.apache.logging.log4j.core.config.DefaultConfiguration@57250572 OK
TRACE StatusLogger Reregistering MBeans after reconfigure. Selector=org.apache.logging.log4j.core.selector.ClassLoaderContextSelector@3d9f6567
TRACE StatusLogger Reregistering context (1/1): '330bedb4' org.apache.logging.log4j.core.LoggerContext@1972e513
TRACE StatusLogger Unregistering but no MBeans found matching 'org.apache.logging.log4j2:type=330bedb4'
TRACE StatusLogger Unregistering but no MBeans found matching 'org.apache.logging.log4j2:type=330bedb4,component=StatusLogger'
TRACE StatusLogger Unregistering but no MBeans found matching 'org.apache.logging.log4j2:type=330bedb4,component=ContextSelector'
TRACE StatusLogger Unregistering but no MBeans found matching 'org.apache.logging.log4j2:type=330bedb4,component=Loggers,name=*'
TRACE StatusLogger Unregistering but no MBeans found matching 'org.apache.logging.log4j2:type=330bedb4,component=Appenders,name=*'
TRACE StatusLogger Unregistering but no MBeans found matching 'org.apache.logging.log4j2:type=330bedb4,component=AsyncAppenders,name=*'
TRACE StatusLogger Unregistering but no MBeans found matching 'org.apache.logging.log4j2:type=330bedb4,component=AsyncLoggerRingBuffer'
TRACE StatusLogger Unregistering but no MBeans found matching 'org.apache.logging.log4j2:type=330bedb4,component=Loggers,name=*,subtype=RingBuffer'
DEBUG StatusLogger Registering MBean org.apache.logging.log4j2:type=330bedb4
DEBUG StatusLogger Registering MBean org.apache.logging.log4j2:type=330bedb4,component=StatusLogger
DEBUG StatusLogger Registering MBean org.apache.logging.log4j2:type=330bedb4,component=ContextSelector
DEBUG StatusLogger Registering MBean org.apache.logging.log4j2:type=330bedb4,component=Loggers,name=org.apache.tez
DEBUG StatusLogger Registering MBean org.apache.logging.log4j2:type=330bedb4,component=Loggers,name=org.apache.hadoop.hdfs.server
DEBUG StatusLogger Registering MBean org.apache.logging.log4j2:type=330bedb4,component=Loggers,name=org.apache.hadoop.hive.serde2.lazy
DEBUG StatusLogger Registering MBean org.apache.logging.log4j2:type=330bedb4,component=Loggers,name=org.apache.hadoop.security
DEBUG StatusLogger Registering MBean org.apache.logging.log4j2:type=330bedb4,component=Loggers,name=JPOX
DEBUG StatusLogger Registering MBean org.apache.logging.log4j2:type=330bedb4,component=Loggers,name=org.apache.hadoop.hive.ql.optimizer.SharedWorkOptimizer
DEBUG StatusLogger Registering MBean org.apache.logging.log4j2:type=330bedb4,component=Loggers,name=org.apache.hadoop.metrics2
DEBUG StatusLogger Registering MBean org.apache.logging.log4j2:type=330bedb4,component=Loggers,name=org.apache.zookeeper.ClientCnxn
DEBUG StatusLogger Registering MBean org.apache.logging.log4j2:type=330bedb4,component=Loggers,name=org.mortbay
DEBUG StatusLogger Registering MBean org.apache.logging.log4j2:type=330bedb4,component=Loggers,name=org.apache.hadoop.hive.ql.exec.Operator
DEBUG StatusLogger Registering MBean org.apache.logging.log4j2:type=330bedb4,component=Loggers,name=
DEBUG StatusLogger Registering MBean org.apache.logging.log4j2:type=330bedb4,component=Loggers,name=org.apache.hadoop.yarn.server
DEBUG StatusLogger Registering MBean org.apache.logging.log4j2:type=330bedb4,component=Loggers,name=com.amazonaws
DEBUG StatusLogger Registering MBean org.apache.logging.log4j2:type=330bedb4,component=Loggers,name=org.apache.thrift
DEBUG StatusLogger Registering MBean org.apache.logging.log4j2:type=330bedb4,component=Loggers,name=org.apache.zookeeper.server.ServerCnxn
DEBUG StatusLogger Registering MBean org.apache.logging.log4j2:type=330bedb4,component=Loggers,name=org.apache.hadoop.conf.Configuration
DEBUG StatusLogger Registering MBean org.apache.logging.log4j2:type=330bedb4,component=Loggers,name=org.apache.hadoop.ipc
DEBUG StatusLogger Registering MBean org.apache.logging.log4j2:type=330bedb4,component=Loggers,name=org.apache.hadoop.yarn
DEBUG StatusLogger Registering MBean org.apache.logging.log4j2:type=330bedb4,component=Loggers,name=org.apache.zookeeper.ClientCnxnSocketNIO
DEBUG StatusLogger Registering MBean org.apache.logging.log4j2:type=330bedb4,component=Loggers,name=org.apache.zookeeper.server.NIOServerCnxn
DEBUG StatusLogger Registering MBean org.apache.logging.log4j2:type=330bedb4,component=Loggers,name=org.apache.http
DEBUG StatusLogger Registering MBean org.apache.logging.log4j2:type=330bedb4,component=Loggers,name=Datastore
DEBUG StatusLogger Registering MBean org.apache.logging.log4j2:type=330bedb4,component=Loggers,name=org.apache.hadoop.hive.metastore.ObjectStore
DEBUG StatusLogger Registering MBean org.apache.logging.log4j2:type=330bedb4,component=Loggers,name=org.apache.zookeeper.ClientCnxnSocket
DEBUG StatusLogger Registering MBean org.apache.logging.log4j2:type=330bedb4,component=Loggers,name=DataNucleus
DEBUG StatusLogger Registering MBean org.apache.logging.log4j2:type=330bedb4,component=Loggers,name=org.apache.hadoop.hdfs
DEBUG StatusLogger Registering MBean org.apache.logging.log4j2:type=330bedb4,component=Loggers,name=org.apache.zookeeper
DEBUG StatusLogger Registering MBean org.apache.logging.log4j2:type=330bedb4,component=Loggers,name=org.apache.calcite.plan.RelOptPlanner
DEBUG StatusLogger Registering MBean org.apache.logging.log4j2:type=330bedb4,component=Loggers,name=org.eclipse.jetty
DEBUG StatusLogger Registering MBean org.apache.logging.log4j2:type=330bedb4,component=Loggers,name=BlockStateChange
DEBUG StatusLogger Registering MBean org.apache.logging.log4j2:type=330bedb4,component=Appenders,name=console
DEBUG StatusLogger Registering MBean org.apache.logging.log4j2:type=330bedb4,component=Appenders,name=DRFA
TRACE StatusLogger Using default SystemClock for timestamps.
DEBUG StatusLogger org.apache.logging.log4j.core.util.SystemClock does not support precise timestamps.
TRACE StatusLogger Using DummyNanoClock for nanosecond timestamps.
DEBUG StatusLogger Reconfiguration complete for context[name=330bedb4] at URI /home/alex/Repositories/hive/ql/target/testconf/hive-log4j2.properties (org.apache.logging.log4j.core.LoggerContext@1972e513) with optional ClassLoader: null
DEBUG StatusLogger Shutdown hook enabled. Registering a new one.
DEBUG StatusLogger LoggerContext[name=330bedb4, org.apache.logging.log4j.core.LoggerContext@1972e513] started OK.
2024-04-24T00:48:23,848  INFO [main] conf.HiveConf: Found configuration file file:/home/alex/Repositories/hive/ql/target/testconf/hive-site.xml
DEBUG StatusLogger AsyncLogger.ThreadNameStrategy=UNCACHED (user specified null, default is UNCACHED)
TRACE StatusLogger Using default SystemClock for timestamps.
DEBUG StatusLogger org.apache.logging.log4j.core.util.SystemClock does not support precise timestamps.
2024-04-24T00:48:24,226  WARN [main] util.NativeCodeLoader: Unable to load native-hadoop library for your platform... using builtin-java classes where applicable
2024-04-24T00:48:24,292  WARN [main] conf.HiveConf: HiveConf of name hive.dummyparam.test.server.specific.config.override does not exist
2024-04-24T00:48:24,292  WARN [main] conf.HiveConf: HiveConf of name hive.llap.io.cache.orc.alloc.max does not exist
2024-04-24T00:48:24,293  WARN [main] conf.HiveConf: HiveConf of name hive.metastore.client.cache.recordStats does not exist
2024-04-24T00:48:24,294  WARN [main] conf.HiveConf: HiveConf of name hive.stats.key.prefix.reserve.length does not exist
2024-04-24T00:48:24,294  WARN [main] conf.HiveConf: HiveConf of name hive.llap.io.cache.orc.alloc.min does not exist
2024-04-24T00:48:24,294  WARN [main] conf.HiveConf: HiveConf of name hive.dummyparam.test.server.specific.config.hivesite does not exist
2024-04-24T00:48:24,294  WARN [main] conf.HiveConf: HiveConf of name hive.metastore.client.cache.maxSize does not exist
2024-04-24T00:48:24,294  WARN [main] conf.HiveConf: HiveConf of name hive.llap.io.cache.orc.size does not exist
2024-04-24T00:48:24,295  WARN [main] conf.HiveConf: HiveConf of name hive.dummyparam.test.server.specific.config.metastoresite does not exist
2024-04-24T00:48:24,295  WARN [main] conf.HiveConf: HiveConf of name hive.llap.io.cache.orc.arena.size does not exist
2024-04-24T00:48:24,295  WARN [main] conf.HiveConf: HiveConf of name hive.metastore.metadb.dir does not exist
2024-04-24T00:48:24,376  WARN [main] hikari.HikariConfig: HikariPool-1 - leakDetectionThreshold is less than 2000ms or more than maxLifetime, disabling it.
2024-04-24T00:48:24,383  INFO [main] hikari.HikariDataSource: HikariPool-1 - Starting...
2024-04-24T00:48:24,905  INFO [main] pool.PoolBase: HikariPool-1 - Driver does not support get/set network timeout for connections. (Feature not implemented: No details.)
2024-04-24T00:48:24,908  INFO [main] hikari.HikariDataSource: HikariPool-1 - Start completed.
2024-04-24T00:48:24,910  WARN [main] hikari.HikariConfig: HikariPool-2 - leakDetectionThreshold is less than 2000ms or more than maxLifetime, disabling it.
2024-04-24T00:48:24,914  INFO [main] hikari.HikariDataSource: HikariPool-2 - Starting...
2024-04-24T00:48:24,918  INFO [main] pool.PoolBase: HikariPool-2 - Driver does not support get/set network timeout for connections. (Feature not implemented: No details.)
2024-04-24T00:48:24,919  INFO [main] hikari.HikariDataSource: HikariPool-2 - Start completed.
2024-04-24T00:48:25,106  INFO [main] utils.TestTxnDbUtil: Creating transactional tables
2024-04-24T00:48:25,114  INFO [main] utils.TestTxnDbUtil: Reinitializing the metastore db with hive-schema-4.0.0.derby.sql on the database jdbc:derby:memory:/home/alex/Repositories/hive/ql/target/tmp/junit_metastore_db;create=true
Hive Session ID = 42396fdd-37ef-497a-a482-3c773af2ea61
2024-04-24T00:48:26,117  INFO [main] SessionState: Hive Session ID = 42396fdd-37ef-497a-a482-3c773af2ea61
ivysettings.xml file not found in HIVE_HOME or HIVE_CONF_DIR,/home/alex/Repositories/hive/conf/ivysettings.xml will be used
2024-04-24T00:48:26,128  INFO [main] DependencyResolver: ivysettings.xml file not found in HIVE_HOME or HIVE_CONF_DIR,/home/alex/Repositories/hive/conf/ivysettings.xml will be used
log4j:WARN No appenders could be found for logger (org.apache.htrace.core.Tracer).
log4j:WARN Please initialize the log4j system properly.
log4j:WARN See http://logging.apache.org/log4j/1.2/faq.html#noconfig for more info.
2024-04-24T00:48:26,495  INFO [main] session.SessionState: Created HDFS directory: /home/alex/Repositories/hive/ql/target/tmp/scratchdir/alex/42396fdd-37ef-497a-a482-3c773af2ea61
2024-04-24T00:48:26,499  INFO [main] session.SessionState: Created local directory: /home/alex/Repositories/hive/ql/target/tmp/localscratchdir/42396fdd-37ef-497a-a482-3c773af2ea61
2024-04-24T00:48:26,503  INFO [main] session.SessionState: Created HDFS directory: /home/alex/Repositories/hive/ql/target/tmp/scratchdir/alex/42396fdd-37ef-497a-a482-3c773af2ea61/_tmp_space.db
2024-04-24T00:48:26,526  INFO [main] sqlstd.SQLStdHiveAccessController: Created SQLStdHiveAccessController for session context : HiveAuthzSessionContext [sessionString=42396fdd-37ef-497a-a482-3c773af2ea61, clientType=HIVECLI]
2024-04-24T00:48:26,574  INFO [main] metastore.HiveMetaStoreClient: HMS client filtering is enabled.
2024-04-24T00:48:26,698  INFO [main] metastore.HMSHandler: 0: Opening raw store with implementation class:org.apache.hadoop.hive.metastore.ObjectStore
2024-04-24T00:48:26,729  INFO [main] metastore.PersistenceManagerProvider: Configuration datanucleus.autoStartMechanismMode is not set. Defaulting to 'ignored'
2024-04-24T00:48:26,732  INFO [main] metastore.PersistenceManagerProvider: Updating the pmf due to property change
2024-04-24T00:48:26,732  INFO [main] metastore.PersistenceManagerProvider: Current pmf properties are uninitialized
2024-04-24T00:48:26,734  WARN [main] hikari.HikariConfig: HikariPool-3 - leakDetectionThreshold is less than 2000ms or more than maxLifetime, disabling it.
2024-04-24T00:48:26,737  INFO [main] hikari.HikariDataSource: HikariPool-3 - Starting...
2024-04-24T00:48:26,739  INFO [main] pool.PoolBase: HikariPool-3 - Driver does not support get/set network timeout for connections. (Feature not implemented: No details.)
2024-04-24T00:48:26,739  INFO [main] hikari.HikariDataSource: HikariPool-3 - Start completed.
2024-04-24T00:48:27,154  INFO [main] metastore.PersistenceManagerProvider: Setting MetaStore object pin classes with hive.metastore.cache.pinobjtypes="Table,StorageDescriptor,SerDeInfo,Partition,Database,Type,FieldSchema,Order"
2024-04-24T00:48:27,154  INFO [main] metastore.ObjectStore: RawStore: org.apache.hadoop.hive.metastore.ObjectStore@33379242, with PersistenceManager: null will be shutdown
2024-04-24T00:48:27,182  INFO [main] metastore.ObjectStore: RawStore: org.apache.hadoop.hive.metastore.ObjectStore@33379242, with PersistenceManager: org.datanucleus.api.jdo.JDOPersistenceManager@53b1a3f8 created in the thread with id: 1
2024-04-24T00:48:29,263  INFO [main] metastore.HMSHandler: Created RawStore: org.apache.hadoop.hive.metastore.ObjectStore@33379242 from thread id: 1
2024-04-24T00:48:29,279  INFO [main] metastore.HMSHandler: Setting location of default catalog, as it hasn't been done after upgrade
2024-04-24T00:48:29,315  INFO [main] metastore.HMSHandler: Started creating a default database with name: default
2024-04-24T00:48:29,360  INFO [main] metastore.HMSHandler: Successfully created a default database with name: default
2024-04-24T00:48:29,381  INFO [main] metastore.HMSHandler: Added admin role in metastore
2024-04-24T00:48:29,384  INFO [main] metastore.HMSHandler: Added public role in metastore
2024-04-24T00:48:29,459  INFO [main] metastore.HMSHandler: Added hive_admin_user to admin role
2024-04-24T00:48:29,465  INFO [main] metastore.HMSHandler: Scheduling for org.apache.hadoop.hive.metastore.ScheduledQueryExecutionsMaintTask service with frequency 60000ms.
2024-04-24T00:48:29,466  INFO [main] metastore.HMSHandler: Scheduling for org.apache.hadoop.hive.metastore.events.EventCleanerTask service with frequency 0ms.
2024-04-24T00:48:29,466  INFO [main] metastore.HMSHandler: Scheduling for org.apache.hadoop.hive.metastore.RuntimeStatsCleanerTask service with frequency 3600000ms.
2024-04-24T00:48:29,467  INFO [main] metastore.HMSHandler: Scheduling for org.apache.hadoop.hive.metastore.ReplicationMetricsMaintTask service with frequency 86400000ms.
2024-04-24T00:48:29,472  INFO [main] metastore.HMSHandler: Scheduling for org.apache.hadoop.hive.metastore.metrics.AcidMetricService service with frequency 300000ms.
2024-04-24T00:48:29,474  INFO [main] metastore.HMSHandler: Scheduling for org.apache.hadoop.hive.metastore.HiveProtoEventsCleanerTask service with frequency 86400000ms.
2024-04-24T00:48:29,477  INFO [main] metastore.HMSHandler: HMS server filtering is disabled by configuration
2024-04-24T00:48:29,601  INFO [main] metastore.RetryingMetaStoreClient: RetryingMetaStoreClient proxy=class org.apache.hadoop.hive.ql.metadata.SessionHiveMetaStoreClient ugi=alex (auth:SIMPLE) retries=1 delay=1 lifetime=0
2024-04-24T00:48:29,644  INFO [main] ql.TxnCommandsBaseForTests: Running the query: drop table if exists acidTbl
2024-04-24T00:48:29,674  INFO [main] ql.Driver: Compiling command(queryId=alex_20240424004829_5a1de64a-f31c-40c9-b68c-6fdbf2559820): drop table if exists acidTbl
2024-04-24T00:48:30,532  INFO [main] reflections.Reflections: Reflections took 200 ms to scan 2 urls, producing 53 keys and 784 values 
2024-04-24T00:48:30,697  INFO [main] reflections.Reflections: Reflections took 134 ms to scan 2 urls, producing 53 keys and 784 values 
2024-04-24T00:48:30,834  INFO [main] reflections.Reflections: Reflections took 130 ms to scan 2 urls, producing 53 keys and 784 values 
2024-04-24T00:48:30,864  INFO [main] txn.TxnHandler: Added entries to MIN_HISTORY_LEVEL for current txns: ([1]) with min_open_txn: 1
2024-04-24T00:48:30,878  INFO [main] lockmgr.DbTxnManager: Opened txnid:1
2024-04-24T00:48:30,889  INFO [main] HiveMetaStore.audit: ugi=alex	ip=unknown-ip-addr	cmd=get_table : tbl=hive.default.acidTbl	
2024-04-24T00:48:31,040  INFO [main] reflections.Reflections: Reflections took 131 ms to scan 2 urls, producing 53 keys and 784 values 
2024-04-24T00:48:31,077  INFO [main] ql.Driver: Semantic Analysis Completed (retrial = false)
2024-04-24T00:48:31,079  INFO [main] ql.Driver: Created Hive schema: Schema(fieldSchemas:null, properties:null)
2024-04-24T00:48:31,082  INFO [main] metadata.Hive: Dumping metastore api call timing information for : compilation phase
2024-04-24T00:48:31,082  INFO [main] metadata.Hive: Total time spent in each metastore function (ms): {openTxn_(String, TxnType)=35, getValidTxns_(long)=7, flushCache_()=0, isCompatibleWith_(Configuration)=1}
2024-04-24T00:48:31,083  INFO [main] ql.Driver: Completed compiling command(queryId=alex_20240424004829_5a1de64a-f31c-40c9-b68c-6fdbf2559820); Time taken: 1.41 seconds
2024-04-24T00:48:31,085  INFO [main] lockmgr.DbTxnManager: Setting lock request transaction to txnid:1 for queryId=alex_20240424004829_5a1de64a-f31c-40c9-b68c-6fdbf2559820
2024-04-24T00:48:31,085  INFO [main] ql.Driver: Operation DROPTABLE obtained 0 locks
2024-04-24T00:48:31,088  INFO [main] ql.Driver: Executing command(queryId=alex_20240424004829_5a1de64a-f31c-40c9-b68c-6fdbf2559820): drop table if exists acidTbl
2024-04-24T00:48:31,091  INFO [main] ql.Driver: Starting task [Stage-0:DDL] in serial mode
2024-04-24T00:48:31,092  INFO [main] HiveMetaStore.audit: ugi=alex	ip=unknown-ip-addr	cmd=get_table : tbl=hive.default.acidTbl	
2024-04-24T00:48:31,109  INFO [main] metadata.Hive: Dumping metastore api call timing information for : execution phase
2024-04-24T00:48:31,109  INFO [main] metadata.Hive: Total time spent in each metastore function (ms): {isCompatibleWith_(Configuration)=1}
2024-04-24T00:48:31,109  INFO [main] ql.Driver: Completed executing command(queryId=alex_20240424004829_5a1de64a-f31c-40c9-b68c-6fdbf2559820); Time taken: 0.021 seconds
2024-04-24T00:48:31,110  INFO [main] lockmgr.DbTxnManager: Stopped heartbeat for query: alex_20240424004829_5a1de64a-f31c-40c9-b68c-6fdbf2559820
2024-04-24T00:48:31,121  INFO [main] txn.TxnHandler: Expected to move at least one record from txn_components to completed_txn_components when committing txn! txnid:1
2024-04-24T00:48:31,136  INFO [main] txn.TxnHandler: Removed transactions: ([1]) from MIN_HISTORY_LEVEL
2024-04-24T00:48:31,139  WARN [main] txn.CompactionTxnHandler: No compaction queue record found for Compaction type transaction commit. txnId:1
2024-04-24T00:48:31,141  INFO [main] ql.TxnCommandsBaseForTests: Running the query: drop table if exists acidTblPart
2024-04-24T00:48:31,142  INFO [main] ql.Driver: Compiling command(queryId=alex_20240424004831_63e46ffd-9e01-4a47-be07-00bd798e80c0): drop table if exists acidTblPart
2024-04-24T00:48:31,147  INFO [main] txn.TxnHandler: Added entries to MIN_HISTORY_LEVEL for current txns: ([2]) with min_open_txn: 1
2024-04-24T00:48:31,148  INFO [main] lockmgr.DbTxnManager: Opened txnid:2
2024-04-24T00:48:31,150  INFO [main] HiveMetaStore.audit: ugi=alex	ip=unknown-ip-addr	cmd=get_table : tbl=hive.default.acidTblPart	
2024-04-24T00:48:31,155  INFO [main] ql.Driver: Semantic Analysis Completed (retrial = false)
2024-04-24T00:48:31,155  INFO [main] ql.Driver: Created Hive schema: Schema(fieldSchemas:null, properties:null)
2024-04-24T00:48:31,155  INFO [main] metadata.Hive: Dumping metastore api call timing information for : compilation phase
2024-04-24T00:48:31,155  INFO [main] metadata.Hive: Total time spent in each metastore function (ms): {commitTxn_(CommitTxnRequest)=30, openTxn_(String, TxnType)=5, flushCache_()=0, isCompatibleWith_(Configuration)=0, getValidTxns_(long)=1}
2024-04-24T00:48:31,156  INFO [main] ql.Driver: Completed compiling command(queryId=alex_20240424004831_63e46ffd-9e01-4a47-be07-00bd798e80c0); Time taken: 0.013 seconds
2024-04-24T00:48:31,156  INFO [main] lockmgr.DbTxnManager: Setting lock request transaction to txnid:2 for queryId=alex_20240424004831_63e46ffd-9e01-4a47-be07-00bd798e80c0
2024-04-24T00:48:31,156  INFO [main] ql.Driver: Operation DROPTABLE obtained 0 locks
2024-04-24T00:48:31,156  INFO [main] ql.Driver: Executing command(queryId=alex_20240424004831_63e46ffd-9e01-4a47-be07-00bd798e80c0): drop table if exists acidTblPart
2024-04-24T00:48:31,157  INFO [main] ql.Driver: Starting task [Stage-0:DDL] in serial mode
2024-04-24T00:48:31,157  INFO [main] HiveMetaStore.audit: ugi=alex	ip=unknown-ip-addr	cmd=get_table : tbl=hive.default.acidTblPart	
2024-04-24T00:48:31,162  INFO [main] metadata.Hive: Dumping metastore api call timing information for : execution phase
2024-04-24T00:48:31,162  INFO [main] metadata.Hive: Total time spent in each metastore function (ms): {isCompatibleWith_(Configuration)=0}
2024-04-24T00:48:31,163  INFO [main] ql.Driver: Completed executing command(queryId=alex_20240424004831_63e46ffd-9e01-4a47-be07-00bd798e80c0); Time taken: 0.006 seconds
2024-04-24T00:48:31,163  INFO [main] lockmgr.DbTxnManager: Stopped heartbeat for query: alex_20240424004831_63e46ffd-9e01-4a47-be07-00bd798e80c0
2024-04-24T00:48:31,171  INFO [main] txn.TxnHandler: Expected to move at least one record from txn_components to completed_txn_components when committing txn! txnid:2
2024-04-24T00:48:31,180  INFO [main] txn.TxnHandler: Removed transactions: ([2]) from MIN_HISTORY_LEVEL
2024-04-24T00:48:31,181  WARN [main] txn.CompactionTxnHandler: No compaction queue record found for Compaction type transaction commit. txnId:2
2024-04-24T00:48:31,182  INFO [main] ql.TxnCommandsBaseForTests: Running the query: drop table if exists acidTbl2
2024-04-24T00:48:31,183  INFO [main] ql.Driver: Compiling command(queryId=alex_20240424004831_a972af90-d7ba-4225-bd11-52d7ed61e1aa): drop table if exists acidTbl2
2024-04-24T00:48:31,188  INFO [main] txn.TxnHandler: Added entries to MIN_HISTORY_LEVEL for current txns: ([3]) with min_open_txn: 1
2024-04-24T00:48:31,189  INFO [main] lockmgr.DbTxnManager: Opened txnid:3
2024-04-24T00:48:31,191  INFO [main] HiveMetaStore.audit: ugi=alex	ip=unknown-ip-addr	cmd=get_table : tbl=hive.default.acidTbl2	
2024-04-24T00:48:31,196  INFO [main] ql.Driver: Semantic Analysis Completed (retrial = false)
2024-04-24T00:48:31,196  INFO [main] ql.Driver: Created Hive schema: Schema(fieldSchemas:null, properties:null)
2024-04-24T00:48:31,196  INFO [main] metadata.Hive: Dumping metastore api call timing information for : compilation phase
2024-04-24T00:48:31,196  INFO [main] metadata.Hive: Total time spent in each metastore function (ms): {openTxn_(String, TxnType)=5, flushCache_()=0, commitTxn_(CommitTxnRequest)=19, getValidTxns_(long)=2, isCompatibleWith_(Configuration)=0}
2024-04-24T00:48:31,196  INFO [main] ql.Driver: Completed compiling command(queryId=alex_20240424004831_a972af90-d7ba-4225-bd11-52d7ed61e1aa); Time taken: 0.013 seconds
2024-04-24T00:48:31,197  INFO [main] lockmgr.DbTxnManager: Setting lock request transaction to txnid:3 for queryId=alex_20240424004831_a972af90-d7ba-4225-bd11-52d7ed61e1aa
2024-04-24T00:48:31,197  INFO [main] ql.Driver: Operation DROPTABLE obtained 0 locks
2024-04-24T00:48:31,197  INFO [main] ql.Driver: Executing command(queryId=alex_20240424004831_a972af90-d7ba-4225-bd11-52d7ed61e1aa): drop table if exists acidTbl2
2024-04-24T00:48:31,197  INFO [main] ql.Driver: Starting task [Stage-0:DDL] in serial mode
2024-04-24T00:48:31,198  INFO [main] HiveMetaStore.audit: ugi=alex	ip=unknown-ip-addr	cmd=get_table : tbl=hive.default.acidTbl2	
2024-04-24T00:48:31,203  INFO [main] metadata.Hive: Dumping metastore api call timing information for : execution phase
2024-04-24T00:48:31,203  INFO [main] metadata.Hive: Total time spent in each metastore function (ms): {isCompatibleWith_(Configuration)=0}
2024-04-24T00:48:31,204  INFO [main] ql.Driver: Completed executing command(queryId=alex_20240424004831_a972af90-d7ba-4225-bd11-52d7ed61e1aa); Time taken: 0.006 seconds
2024-04-24T00:48:31,204  INFO [main] lockmgr.DbTxnManager: Stopped heartbeat for query: alex_20240424004831_a972af90-d7ba-4225-bd11-52d7ed61e1aa
2024-04-24T00:48:31,212  INFO [main] txn.TxnHandler: Expected to move at least one record from txn_components to completed_txn_components when committing txn! txnid:3
2024-04-24T00:48:31,222  INFO [main] txn.TxnHandler: Removed transactions: ([3]) from MIN_HISTORY_LEVEL
2024-04-24T00:48:31,223  WARN [main] txn.CompactionTxnHandler: No compaction queue record found for Compaction type transaction commit. txnId:3
2024-04-24T00:48:31,224  INFO [main] ql.TxnCommandsBaseForTests: Running the query: drop table if exists nonAcidOrcTbl
2024-04-24T00:48:31,225  INFO [main] ql.Driver: Compiling command(queryId=alex_20240424004831_d2480112-60fb-4a4a-8f26-a98af009fda9): drop table if exists nonAcidOrcTbl
2024-04-24T00:48:31,230  INFO [main] txn.TxnHandler: Added entries to MIN_HISTORY_LEVEL for current txns: ([4]) with min_open_txn: 1
2024-04-24T00:48:31,231  INFO [main] lockmgr.DbTxnManager: Opened txnid:4
2024-04-24T00:48:31,233  INFO [main] HiveMetaStore.audit: ugi=alex	ip=unknown-ip-addr	cmd=get_table : tbl=hive.default.nonAcidOrcTbl	
2024-04-24T00:48:31,239  INFO [main] ql.Driver: Semantic Analysis Completed (retrial = false)
2024-04-24T00:48:31,239  INFO [main] ql.Driver: Created Hive schema: Schema(fieldSchemas:null, properties:null)
2024-04-24T00:48:31,239  INFO [main] metadata.Hive: Dumping metastore api call timing information for : compilation phase
2024-04-24T00:48:31,240  INFO [main] metadata.Hive: Total time spent in each metastore function (ms): {getValidTxns_(long)=1, commitTxn_(CommitTxnRequest)=19, openTxn_(String, TxnType)=4, isCompatibleWith_(Configuration)=2, flushCache_()=0}
2024-04-24T00:48:31,240  INFO [main] ql.Driver: Completed compiling command(queryId=alex_20240424004831_d2480112-60fb-4a4a-8f26-a98af009fda9); Time taken: 0.014 seconds
2024-04-24T00:48:31,240  INFO [main] lockmgr.DbTxnManager: Setting lock request transaction to txnid:4 for queryId=alex_20240424004831_d2480112-60fb-4a4a-8f26-a98af009fda9
2024-04-24T00:48:31,241  INFO [main] ql.Driver: Operation DROPTABLE obtained 0 locks
2024-04-24T00:48:31,241  INFO [main] ql.Driver: Executing command(queryId=alex_20240424004831_d2480112-60fb-4a4a-8f26-a98af009fda9): drop table if exists nonAcidOrcTbl
2024-04-24T00:48:31,241  INFO [main] ql.Driver: Starting task [Stage-0:DDL] in serial mode
2024-04-24T00:48:31,242  INFO [main] HiveMetaStore.audit: ugi=alex	ip=unknown-ip-addr	cmd=get_table : tbl=hive.default.nonAcidOrcTbl	
2024-04-24T00:48:31,247  INFO [main] metadata.Hive: Dumping metastore api call timing information for : execution phase
2024-04-24T00:48:31,247  INFO [main] metadata.Hive: Total time spent in each metastore function (ms): {isCompatibleWith_(Configuration)=0}
2024-04-24T00:48:31,248  INFO [main] ql.Driver: Completed executing command(queryId=alex_20240424004831_d2480112-60fb-4a4a-8f26-a98af009fda9); Time taken: 0.006 seconds
2024-04-24T00:48:31,248  INFO [main] lockmgr.DbTxnManager: Stopped heartbeat for query: alex_20240424004831_d2480112-60fb-4a4a-8f26-a98af009fda9
2024-04-24T00:48:31,257  INFO [main] txn.TxnHandler: Expected to move at least one record from txn_components to completed_txn_components when committing txn! txnid:4
2024-04-24T00:48:31,266  INFO [main] txn.TxnHandler: Removed transactions: ([4]) from MIN_HISTORY_LEVEL
2024-04-24T00:48:31,266  WARN [main] txn.CompactionTxnHandler: No compaction queue record found for Compaction type transaction commit. txnId:4
2024-04-24T00:48:31,267  INFO [main] ql.TxnCommandsBaseForTests: Running the query: drop table if exists nonAcidOrcTbl2
2024-04-24T00:48:31,269  INFO [main] ql.Driver: Compiling command(queryId=alex_20240424004831_2daa39db-899e-451f-927d-41f7a4c7a06b): drop table if exists nonAcidOrcTbl2
2024-04-24T00:48:31,273  INFO [main] txn.TxnHandler: Added entries to MIN_HISTORY_LEVEL for current txns: ([5]) with min_open_txn: 1
2024-04-24T00:48:31,274  INFO [main] lockmgr.DbTxnManager: Opened txnid:5
2024-04-24T00:48:31,276  INFO [main] HiveMetaStore.audit: ugi=alex	ip=unknown-ip-addr	cmd=get_table : tbl=hive.default.nonAcidOrcTbl2	
2024-04-24T00:48:31,281  INFO [main] ql.Driver: Semantic Analysis Completed (retrial = false)
2024-04-24T00:48:31,281  INFO [main] ql.Driver: Created Hive schema: Schema(fieldSchemas:null, properties:null)
2024-04-24T00:48:31,281  INFO [main] metadata.Hive: Dumping metastore api call timing information for : compilation phase
2024-04-24T00:48:31,282  INFO [main] metadata.Hive: Total time spent in each metastore function (ms): {openTxn_(String, TxnType)=4, flushCache_()=0, commitTxn_(CommitTxnRequest)=19, isCompatibleWith_(Configuration)=1, getValidTxns_(long)=1}
2024-04-24T00:48:31,282  INFO [main] ql.Driver: Completed compiling command(queryId=alex_20240424004831_2daa39db-899e-451f-927d-41f7a4c7a06b); Time taken: 0.013 seconds
2024-04-24T00:48:31,282  INFO [main] lockmgr.DbTxnManager: Setting lock request transaction to txnid:5 for queryId=alex_20240424004831_2daa39db-899e-451f-927d-41f7a4c7a06b
2024-04-24T00:48:31,282  INFO [main] ql.Driver: Operation DROPTABLE obtained 0 locks
2024-04-24T00:48:31,283  INFO [main] ql.Driver: Executing command(queryId=alex_20240424004831_2daa39db-899e-451f-927d-41f7a4c7a06b): drop table if exists nonAcidOrcTbl2
2024-04-24T00:48:31,283  INFO [main] ql.Driver: Starting task [Stage-0:DDL] in serial mode
2024-04-24T00:48:31,283  INFO [main] HiveMetaStore.audit: ugi=alex	ip=unknown-ip-addr	cmd=get_table : tbl=hive.default.nonAcidOrcTbl2	
2024-04-24T00:48:31,289  INFO [main] metadata.Hive: Dumping metastore api call timing information for : execution phase
2024-04-24T00:48:31,289  INFO [main] metadata.Hive: Total time spent in each metastore function (ms): {isCompatibleWith_(Configuration)=0}
2024-04-24T00:48:31,289  INFO [main] ql.Driver: Completed executing command(queryId=alex_20240424004831_2daa39db-899e-451f-927d-41f7a4c7a06b); Time taken: 0.006 seconds
2024-04-24T00:48:31,290  INFO [main] lockmgr.DbTxnManager: Stopped heartbeat for query: alex_20240424004831_2daa39db-899e-451f-927d-41f7a4c7a06b
2024-04-24T00:48:31,298  INFO [main] txn.TxnHandler: Expected to move at least one record from txn_components to completed_txn_components when committing txn! txnid:5
2024-04-24T00:48:31,308  INFO [main] txn.TxnHandler: Removed transactions: ([5]) from MIN_HISTORY_LEVEL
2024-04-24T00:48:31,308  WARN [main] txn.CompactionTxnHandler: No compaction queue record found for Compaction type transaction commit. txnId:5
2024-04-24T00:48:31,309  INFO [main] ql.TxnCommandsBaseForTests: Running the query: drop table if exists nonAcidNonBucket
2024-04-24T00:48:31,310  INFO [main] ql.Driver: Compiling command(queryId=alex_20240424004831_6ebd3c5e-bb95-4cb3-8d55-52dff16cb248): drop table if exists nonAcidNonBucket
2024-04-24T00:48:31,316  INFO [main] txn.TxnHandler: Added entries to MIN_HISTORY_LEVEL for current txns: ([6]) with min_open_txn: 1
2024-04-24T00:48:31,316  INFO [main] lockmgr.DbTxnManager: Opened txnid:6
2024-04-24T00:48:31,318  INFO [main] HiveMetaStore.audit: ugi=alex	ip=unknown-ip-addr	cmd=get_table : tbl=hive.default.nonAcidNonBucket	
2024-04-24T00:48:31,323  INFO [main] ql.Driver: Semantic Analysis Completed (retrial = false)
2024-04-24T00:48:31,323  INFO [main] ql.Driver: Created Hive schema: Schema(fieldSchemas:null, properties:null)
2024-04-24T00:48:31,323  INFO [main] metadata.Hive: Dumping metastore api call timing information for : compilation phase
2024-04-24T00:48:31,323  INFO [main] metadata.Hive: Total time spent in each metastore function (ms): {commitTxn_(CommitTxnRequest)=19, isCompatibleWith_(Configuration)=0, getValidTxns_(long)=1, flushCache_()=0, openTxn_(String, TxnType)=4}
2024-04-24T00:48:31,324  INFO [main] ql.Driver: Completed compiling command(queryId=alex_20240424004831_6ebd3c5e-bb95-4cb3-8d55-52dff16cb248); Time taken: 0.013 seconds
2024-04-24T00:48:31,324  INFO [main] lockmgr.DbTxnManager: Setting lock request transaction to txnid:6 for queryId=alex_20240424004831_6ebd3c5e-bb95-4cb3-8d55-52dff16cb248
2024-04-24T00:48:31,324  INFO [main] ql.Driver: Operation DROPTABLE obtained 0 locks
2024-04-24T00:48:31,324  INFO [main] ql.Driver: Executing command(queryId=alex_20240424004831_6ebd3c5e-bb95-4cb3-8d55-52dff16cb248): drop table if exists nonAcidNonBucket
2024-04-24T00:48:31,325  INFO [main] ql.Driver: Starting task [Stage-0:DDL] in serial mode
2024-04-24T00:48:31,325  INFO [main] HiveMetaStore.audit: ugi=alex	ip=unknown-ip-addr	cmd=get_table : tbl=hive.default.nonAcidNonBucket	
2024-04-24T00:48:31,330  INFO [main] metadata.Hive: Dumping metastore api call timing information for : execution phase
2024-04-24T00:48:31,330  INFO [main] metadata.Hive: Total time spent in each metastore function (ms): {isCompatibleWith_(Configuration)=0}
2024-04-24T00:48:31,330  INFO [main] ql.Driver: Completed executing command(queryId=alex_20240424004831_6ebd3c5e-bb95-4cb3-8d55-52dff16cb248); Time taken: 0.006 seconds
2024-04-24T00:48:31,330  INFO [main] lockmgr.DbTxnManager: Stopped heartbeat for query: alex_20240424004831_6ebd3c5e-bb95-4cb3-8d55-52dff16cb248
2024-04-24T00:48:31,339  INFO [main] txn.TxnHandler: Expected to move at least one record from txn_components to completed_txn_components when committing txn! txnid:6
2024-04-24T00:48:31,347  INFO [main] txn.TxnHandler: Removed transactions: ([6]) from MIN_HISTORY_LEVEL
2024-04-24T00:48:31,348  WARN [main] txn.CompactionTxnHandler: No compaction queue record found for Compaction type transaction commit. txnId:6
2024-04-24T00:48:31,349  INFO [main] ql.TxnCommandsBaseForTests: Running the query: create table acidTbl(a int, b int) clustered by (a) into 2 buckets stored as orc TBLPROPERTIES ('transactional'='true')
2024-04-24T00:48:31,350  INFO [main] ql.Driver: Compiling command(queryId=alex_20240424004831_f7f7d362-3adc-41fa-8476-672183054571): create table acidTbl(a int, b int) clustered by (a) into 2 buckets stored as orc TBLPROPERTIES ('transactional'='true')
2024-04-24T00:48:31,438  INFO [main] txn.TxnHandler: Added entries to MIN_HISTORY_LEVEL for current txns: ([7]) with min_open_txn: 1
2024-04-24T00:48:31,439  INFO [main] lockmgr.DbTxnManager: Opened txnid:7
2024-04-24T00:48:31,440  INFO [main] parse.CalcitePlanner: Starting caching scope for: 
2024-04-24T00:48:31,443  INFO [main] parse.CalcitePlanner: Starting Semantic Analysis
2024-04-24T00:48:31,460  INFO [main] parse.CalcitePlanner: Creating table default.acidTbl position=13
2024-04-24T00:48:31,502  INFO [main] HiveMetaStore.audit: ugi=alex	ip=unknown-ip-addr	cmd=get_database: default	
2024-04-24T00:48:31,512  INFO [main] parse.CalcitePlanner: Ending caching scope for: 
2024-04-24T00:48:31,512  INFO [main] ql.Driver: Semantic Analysis Completed (retrial = false)
2024-04-24T00:48:31,513  INFO [main] ql.Driver: Created Hive schema: Schema(fieldSchemas:null, properties:null)
2024-04-24T00:48:31,513  INFO [main] metadata.Hive: Dumping metastore api call timing information for : compilation phase
2024-04-24T00:48:31,513  INFO [main] metadata.Hive: Total time spent in each metastore function (ms): {commitTxn_(CommitTxnRequest)=17, getDatabase_(String)=5, getValidTxns_(long)=1, flushCache_()=0, getValidWriteIds_(List, String)=10, isCompatibleWith_(Configuration)=1, openTxn_(String, TxnType)=4}
2024-04-24T00:48:31,513  INFO [main] ql.Driver: Completed compiling command(queryId=alex_20240424004831_f7f7d362-3adc-41fa-8476-672183054571); Time taken: 0.163 seconds
2024-04-24T00:48:31,514  INFO [main] lockmgr.DbTxnManager: Setting lock request transaction to txnid:7 for queryId=alex_20240424004831_f7f7d362-3adc-41fa-8476-672183054571
2024-04-24T00:48:31,521  INFO [main] lockmgr.DbLockManager: Requesting lock for queryId=alex_20240424004831_f7f7d362-3adc-41fa-8476-672183054571
2024-04-24T00:48:31,570  INFO [main] lockmgr.DbLockManager: Response to queryId=alex_20240424004831_f7f7d362-3adc-41fa-8476-672183054571 LockResponse(lockid:1, state:ACQUIRED)
2024-04-24T00:48:31,570  INFO [main] ql.Driver: Operation CREATETABLE obtained 1 locks
2024-04-24T00:48:31,573  INFO [main] ql.Driver: Executing command(queryId=alex_20240424004831_f7f7d362-3adc-41fa-8476-672183054571): create table acidTbl(a int, b int) clustered by (a) into 2 buckets stored as orc TBLPROPERTIES ('transactional'='true')
2024-04-24T00:48:31,574  INFO [main] ql.Driver: Starting task [Stage-0:DDL] in serial mode
2024-04-24T00:48:31,687  INFO [main] HiveMetaStore.audit: ugi=alex	ip=unknown-ip-addr	cmd=create_table_req: Table(tableName:acidTbl, dbName:default, owner:alex, createTime:1713944911, lastAccessTime:0, retention:0, sd:StorageDescriptor(cols:[FieldSchema(name:a, type:int, comment:null), FieldSchema(name:b, type:int, comment:null)], location:null, inputFormat:org.apache.hadoop.hive.ql.io.orc.OrcInputFormat, outputFormat:org.apache.hadoop.hive.ql.io.orc.OrcOutputFormat, compressed:false, numBuckets:2, serdeInfo:SerDeInfo(name:null, serializationLib:org.apache.hadoop.hive.ql.io.orc.OrcSerde, parameters:{serialization.format=1}), bucketCols:[a], sortCols:[], parameters:{}, skewedInfo:SkewedInfo(skewedColNames:[], skewedColValues:[], skewedColValueLocationMaps:{}), storedAsSubDirectories:false), partitionKeys:[], parameters:{totalSize=0, bucketing_version=2, numFilesErasureCoded=0, numRows=0, numFiles=0, COLUMN_STATS_ACCURATE={"BASIC_STATS":"true","COLUMN_STATS":{"a":"true","b":"true"}}, transactional=true, rawDataSize=0}, viewOriginalText:null, viewExpandedText:null, tableType:MANAGED_TABLE, privileges:PrincipalPrivilegeSet(userPrivileges:{alex=[PrivilegeGrantInfo(privilege:INSERT, createTime:-1, grantor:alex, grantorType:USER, grantOption:true), PrivilegeGrantInfo(privilege:SELECT, createTime:-1, grantor:alex, grantorType:USER, grantOption:true), PrivilegeGrantInfo(privilege:UPDATE, createTime:-1, grantor:alex, grantorType:USER, grantOption:true), PrivilegeGrantInfo(privilege:DELETE, createTime:-1, grantor:alex, grantorType:USER, grantOption:true)]}, groupPrivileges:null, rolePrivileges:null), temporary:false, catName:hive, ownerType:USER, writeId:0)	
2024-04-24T00:48:31,700  INFO [main] utils.FileUtils: Creating directory if it doesn't exist: file:/home/alex/Repositories/hive/ql/target/tmp/org.apache.hadoop.hive.ql.TestTxnCommands3-1713944903826/warehouse/acidtbl
2024-04-24T00:48:31,809  INFO [main] metadata.Hive: Dumping metastore api call timing information for : execution phase
2024-04-24T00:48:31,809  INFO [main] metadata.Hive: Total time spent in each metastore function (ms): {isCompatibleWith_(Configuration)=0, createTable_(Table)=122}
2024-04-24T00:48:31,809  INFO [main] ql.Driver: Completed executing command(queryId=alex_20240424004831_f7f7d362-3adc-41fa-8476-672183054571); Time taken: 0.236 seconds
2024-04-24T00:48:31,810  INFO [main] lockmgr.DbTxnManager: Stopped heartbeat for query: alex_20240424004831_f7f7d362-3adc-41fa-8476-672183054571
2024-04-24T00:48:31,816  INFO [main] txn.TxnHandler: Expected to move at least one record from txn_components to completed_txn_components when committing txn! txnid:7
2024-04-24T00:48:31,825  INFO [main] txn.TxnHandler: Removed transactions: ([7]) from MIN_HISTORY_LEVEL
2024-04-24T00:48:31,825  WARN [main] txn.CompactionTxnHandler: No compaction queue record found for Compaction type transaction commit. txnId:7
2024-04-24T00:48:31,826  INFO [main] ql.TxnCommandsBaseForTests: Running the query: create table acidTblPart(a int, b int) partitioned by (p string) clustered by (a) into 2 buckets stored as orc TBLPROPERTIES ('transactional'='true')
2024-04-24T00:48:31,827  INFO [main] ql.Driver: Compiling command(queryId=alex_20240424004831_cb93654e-e9a9-4842-9d8b-27c4c2167418): create table acidTblPart(a int, b int) partitioned by (p string) clustered by (a) into 2 buckets stored as orc TBLPROPERTIES ('transactional'='true')
2024-04-24T00:48:31,834  INFO [main] txn.TxnHandler: Added entries to MIN_HISTORY_LEVEL for current txns: ([8]) with min_open_txn: 1
2024-04-24T00:48:31,834  INFO [main] lockmgr.DbTxnManager: Opened txnid:8
2024-04-24T00:48:31,836  INFO [main] parse.CalcitePlanner: Starting caching scope for: 
2024-04-24T00:48:31,836  INFO [main] parse.CalcitePlanner: Starting Semantic Analysis
2024-04-24T00:48:31,840  INFO [main] parse.CalcitePlanner: Creating table default.acidTblPart position=13
2024-04-24T00:48:31,840  INFO [main] HiveMetaStore.audit: ugi=alex	ip=unknown-ip-addr	cmd=get_database: default	
2024-04-24T00:48:31,844  INFO [main] parse.CalcitePlanner: Ending caching scope for: 
2024-04-24T00:48:31,844  INFO [main] ql.Driver: Semantic Analysis Completed (retrial = false)
2024-04-24T00:48:31,844  INFO [main] ql.Driver: Created Hive schema: Schema(fieldSchemas:null, properties:null)
2024-04-24T00:48:31,845  INFO [main] metadata.Hive: Dumping metastore api call timing information for : compilation phase
2024-04-24T00:48:31,845  INFO [main] metadata.Hive: Total time spent in each metastore function (ms): {isCompatibleWith_(Configuration)=2, flushCache_()=0, getValidWriteIds_(List, String)=4, commitTxn_(CommitTxnRequest)=16, getDatabase_(String)=4, openTxn_(String, TxnType)=3, getValidTxns_(long)=1}
2024-04-24T00:48:31,845  INFO [main] ql.Driver: Completed compiling command(queryId=alex_20240424004831_cb93654e-e9a9-4842-9d8b-27c4c2167418); Time taken: 0.018 seconds
2024-04-24T00:48:31,846  INFO [main] lockmgr.DbTxnManager: Setting lock request transaction to txnid:8 for queryId=alex_20240424004831_cb93654e-e9a9-4842-9d8b-27c4c2167418
2024-04-24T00:48:31,846  INFO [main] lockmgr.DbLockManager: Requesting lock for queryId=alex_20240424004831_cb93654e-e9a9-4842-9d8b-27c4c2167418
2024-04-24T00:48:31,873  INFO [main] lockmgr.DbLockManager: Response to queryId=alex_20240424004831_cb93654e-e9a9-4842-9d8b-27c4c2167418 LockResponse(lockid:2, state:ACQUIRED)
2024-04-24T00:48:31,873  INFO [main] ql.Driver: Operation CREATETABLE obtained 1 locks
2024-04-24T00:48:31,874  INFO [main] ql.Driver: Executing command(queryId=alex_20240424004831_cb93654e-e9a9-4842-9d8b-27c4c2167418): create table acidTblPart(a int, b int) partitioned by (p string) clustered by (a) into 2 buckets stored as orc TBLPROPERTIES ('transactional'='true')
2024-04-24T00:48:31,875  INFO [main] ql.Driver: Starting task [Stage-0:DDL] in serial mode
2024-04-24T00:48:31,876  INFO [main] HiveMetaStore.audit: ugi=alex	ip=unknown-ip-addr	cmd=create_table_req: Table(tableName:acidTblPart, dbName:default, owner:alex, createTime:1713944911, lastAccessTime:0, retention:0, sd:StorageDescriptor(cols:[FieldSchema(name:a, type:int, comment:null), FieldSchema(name:b, type:int, comment:null)], location:null, inputFormat:org.apache.hadoop.hive.ql.io.orc.OrcInputFormat, outputFormat:org.apache.hadoop.hive.ql.io.orc.OrcOutputFormat, compressed:false, numBuckets:2, serdeInfo:SerDeInfo(name:null, serializationLib:org.apache.hadoop.hive.ql.io.orc.OrcSerde, parameters:{serialization.format=1}), bucketCols:[a], sortCols:[], parameters:{}, skewedInfo:SkewedInfo(skewedColNames:[], skewedColValues:[], skewedColValueLocationMaps:{}), storedAsSubDirectories:false), partitionKeys:[FieldSchema(name:p, type:string, comment:null)], parameters:{transactional=true, bucketing_version=2}, viewOriginalText:null, viewExpandedText:null, tableType:MANAGED_TABLE, privileges:PrincipalPrivilegeSet(userPrivileges:{alex=[PrivilegeGrantInfo(privilege:INSERT, createTime:-1, grantor:alex, grantorType:USER, grantOption:true), PrivilegeGrantInfo(privilege:SELECT, createTime:-1, grantor:alex, grantorType:USER, grantOption:true), PrivilegeGrantInfo(privilege:UPDATE, createTime:-1, grantor:alex, grantorType:USER, grantOption:true), PrivilegeGrantInfo(privilege:DELETE, createTime:-1, grantor:alex, grantorType:USER, grantOption:true)]}, groupPrivileges:null, rolePrivileges:null), temporary:false, catName:hive, ownerType:USER, writeId:0)	
2024-04-24T00:48:31,886  INFO [main] utils.FileUtils: Creating directory if it doesn't exist: file:/home/alex/Repositories/hive/ql/target/tmp/org.apache.hadoop.hive.ql.TestTxnCommands3-1713944903826/warehouse/acidtblpart
2024-04-24T00:48:31,915  INFO [main] metadata.Hive: Dumping metastore api call timing information for : execution phase
2024-04-24T00:48:31,915  INFO [main] metadata.Hive: Total time spent in each metastore function (ms): {isCompatibleWith_(Configuration)=0, createTable_(Table)=39}
2024-04-24T00:48:31,915  INFO [main] ql.Driver: Completed executing command(queryId=alex_20240424004831_cb93654e-e9a9-4842-9d8b-27c4c2167418); Time taken: 0.041 seconds
2024-04-24T00:48:31,915  INFO [main] lockmgr.DbTxnManager: Stopped heartbeat for query: alex_20240424004831_cb93654e-e9a9-4842-9d8b-27c4c2167418
2024-04-24T00:48:31,921  INFO [main] txn.TxnHandler: Expected to move at least one record from txn_components to completed_txn_components when committing txn! txnid:8
2024-04-24T00:48:31,931  INFO [main] txn.TxnHandler: Removed transactions: ([8]) from MIN_HISTORY_LEVEL
2024-04-24T00:48:31,934  WARN [main] txn.CompactionTxnHandler: No compaction queue record found for Compaction type transaction commit. txnId:8
2024-04-24T00:48:31,935  INFO [main] ql.TxnCommandsBaseForTests: Running the query: create table nonAcidOrcTbl(a int, b int) clustered by (a) into 2 buckets stored as orc TBLPROPERTIES ('transactional'='false')
2024-04-24T00:48:31,936  INFO [main] ql.Driver: Compiling command(queryId=alex_20240424004831_985d9b4b-0627-4312-9458-5c6a91991d74): create table nonAcidOrcTbl(a int, b int) clustered by (a) into 2 buckets stored as orc TBLPROPERTIES ('transactional'='false')
2024-04-24T00:48:31,941  INFO [main] txn.TxnHandler: Added entries to MIN_HISTORY_LEVEL for current txns: ([9]) with min_open_txn: 2
2024-04-24T00:48:31,942  INFO [main] lockmgr.DbTxnManager: Opened txnid:9
2024-04-24T00:48:31,943  INFO [main] parse.CalcitePlanner: Starting caching scope for: 
2024-04-24T00:48:31,943  INFO [main] parse.CalcitePlanner: Starting Semantic Analysis
2024-04-24T00:48:31,948  INFO [main] parse.CalcitePlanner: Creating table default.nonAcidOrcTbl position=13
2024-04-24T00:48:31,948  INFO [main] HiveMetaStore.audit: ugi=alex	ip=unknown-ip-addr	cmd=get_database: default	
2024-04-24T00:48:31,951  INFO [main] parse.CalcitePlanner: Ending caching scope for: 
2024-04-24T00:48:31,952  INFO [main] ql.Driver: Semantic Analysis Completed (retrial = false)
2024-04-24T00:48:31,952  INFO [main] ql.Driver: Created Hive schema: Schema(fieldSchemas:null, properties:null)
2024-04-24T00:48:31,952  INFO [main] metadata.Hive: Dumping metastore api call timing information for : compilation phase
2024-04-24T00:48:31,952  INFO [main] metadata.Hive: Total time spent in each metastore function (ms): {commitTxn_(CommitTxnRequest)=19, flushCache_()=0, getValidWriteIds_(List, String)=4, getValidTxns_(long)=1, getDatabase_(String)=3, openTxn_(String, TxnType)=4, isCompatibleWith_(Configuration)=0}
2024-04-24T00:48:31,952  INFO [main] ql.Driver: Completed compiling command(queryId=alex_20240424004831_985d9b4b-0627-4312-9458-5c6a91991d74); Time taken: 0.016 seconds
2024-04-24T00:48:31,953  INFO [main] lockmgr.DbTxnManager: Setting lock request transaction to txnid:9 for queryId=alex_20240424004831_985d9b4b-0627-4312-9458-5c6a91991d74
2024-04-24T00:48:31,953  INFO [main] lockmgr.DbLockManager: Requesting lock for queryId=alex_20240424004831_985d9b4b-0627-4312-9458-5c6a91991d74
2024-04-24T00:48:31,979  INFO [main] lockmgr.DbLockManager: Response to queryId=alex_20240424004831_985d9b4b-0627-4312-9458-5c6a91991d74 LockResponse(lockid:3, state:ACQUIRED)
2024-04-24T00:48:31,979  INFO [main] ql.Driver: Operation CREATETABLE obtained 1 locks
2024-04-24T00:48:31,979  INFO [main] ql.Driver: Executing command(queryId=alex_20240424004831_985d9b4b-0627-4312-9458-5c6a91991d74): create table nonAcidOrcTbl(a int, b int) clustered by (a) into 2 buckets stored as orc TBLPROPERTIES ('transactional'='false')
2024-04-24T00:48:31,979  INFO [main] ql.Driver: Starting task [Stage-0:DDL] in serial mode
2024-04-24T00:48:31,981  INFO [main] HiveMetaStore.audit: ugi=alex	ip=unknown-ip-addr	cmd=create_table_req: Table(tableName:nonAcidOrcTbl, dbName:default, owner:alex, createTime:1713944911, lastAccessTime:0, retention:0, sd:StorageDescriptor(cols:[FieldSchema(name:a, type:int, comment:null), FieldSchema(name:b, type:int, comment:null)], location:null, inputFormat:org.apache.hadoop.hive.ql.io.orc.OrcInputFormat, outputFormat:org.apache.hadoop.hive.ql.io.orc.OrcOutputFormat, compressed:false, numBuckets:2, serdeInfo:SerDeInfo(name:null, serializationLib:org.apache.hadoop.hive.ql.io.orc.OrcSerde, parameters:{serialization.format=1}), bucketCols:[a], sortCols:[], parameters:{}, skewedInfo:SkewedInfo(skewedColNames:[], skewedColValues:[], skewedColValueLocationMaps:{}), storedAsSubDirectories:false), partitionKeys:[], parameters:{numFiles=0, numFilesErasureCoded=0, numRows=0, bucketing_version=2, transactional=false, totalSize=0, COLUMN_STATS_ACCURATE={"BASIC_STATS":"true","COLUMN_STATS":{"a":"true","b":"true"}}, rawDataSize=0}, viewOriginalText:null, viewExpandedText:null, tableType:MANAGED_TABLE, privileges:PrincipalPrivilegeSet(userPrivileges:{alex=[PrivilegeGrantInfo(privilege:INSERT, createTime:-1, grantor:alex, grantorType:USER, grantOption:true), PrivilegeGrantInfo(privilege:SELECT, createTime:-1, grantor:alex, grantorType:USER, grantOption:true), PrivilegeGrantInfo(privilege:UPDATE, createTime:-1, grantor:alex, grantorType:USER, grantOption:true), PrivilegeGrantInfo(privilege:DELETE, createTime:-1, grantor:alex, grantorType:USER, grantOption:true)]}, groupPrivileges:null, rolePrivileges:null), temporary:false, catName:hive, ownerType:USER)	
2024-04-24T00:48:31,990  INFO [main] utils.FileUtils: Creating directory if it doesn't exist: file:/home/alex/Repositories/hive/ql/target/tmp/org.apache.hadoop.hive.ql.TestTxnCommands3-1713944903826/warehouse/nonacidorctbl
2024-04-24T00:48:32,027  INFO [main] metadata.Hive: Dumping metastore api call timing information for : execution phase
2024-04-24T00:48:32,027  INFO [main] metadata.Hive: Total time spent in each metastore function (ms): {createTable_(Table)=45, isCompatibleWith_(Configuration)=0}
2024-04-24T00:48:32,027  INFO [main] ql.Driver: Completed executing command(queryId=alex_20240424004831_985d9b4b-0627-4312-9458-5c6a91991d74); Time taken: 0.047 seconds
2024-04-24T00:48:32,027  INFO [main] lockmgr.DbTxnManager: Stopped heartbeat for query: alex_20240424004831_985d9b4b-0627-4312-9458-5c6a91991d74
2024-04-24T00:48:32,033  INFO [main] txn.TxnHandler: Expected to move at least one record from txn_components to completed_txn_components when committing txn! txnid:9
2024-04-24T00:48:32,041  INFO [main] txn.TxnHandler: Removed transactions: ([9]) from MIN_HISTORY_LEVEL
2024-04-24T00:48:32,041  WARN [main] txn.CompactionTxnHandler: No compaction queue record found for Compaction type transaction commit. txnId:9
2024-04-24T00:48:32,042  INFO [main] ql.TxnCommandsBaseForTests: Running the query: create table nonAcidOrcTbl2(a int, b int) clustered by (a) into 2 buckets stored as orc TBLPROPERTIES ('transactional'='false')
2024-04-24T00:48:32,043  INFO [main] ql.Driver: Compiling command(queryId=alex_20240424004832_12fbf25d-25b1-4875-b588-8796284f1645): create table nonAcidOrcTbl2(a int, b int) clustered by (a) into 2 buckets stored as orc TBLPROPERTIES ('transactional'='false')
2024-04-24T00:48:32,047  INFO [main] txn.TxnHandler: Added entries to MIN_HISTORY_LEVEL for current txns: ([10]) with min_open_txn: 2
2024-04-24T00:48:32,048  INFO [main] lockmgr.DbTxnManager: Opened txnid:10
2024-04-24T00:48:32,049  INFO [main] parse.CalcitePlanner: Starting caching scope for: 
2024-04-24T00:48:32,049  INFO [main] parse.CalcitePlanner: Starting Semantic Analysis
2024-04-24T00:48:32,053  INFO [main] parse.CalcitePlanner: Creating table default.nonAcidOrcTbl2 position=13
2024-04-24T00:48:32,053  INFO [main] HiveMetaStore.audit: ugi=alex	ip=unknown-ip-addr	cmd=get_database: default	
2024-04-24T00:48:32,056  INFO [main] parse.CalcitePlanner: Ending caching scope for: 
2024-04-24T00:48:32,056  INFO [main] ql.Driver: Semantic Analysis Completed (retrial = false)
2024-04-24T00:48:32,056  INFO [main] ql.Driver: Created Hive schema: Schema(fieldSchemas:null, properties:null)
2024-04-24T00:48:32,056  INFO [main] metadata.Hive: Dumping metastore api call timing information for : compilation phase
2024-04-24T00:48:32,056  INFO [main] metadata.Hive: Total time spent in each metastore function (ms): {getValidTxns_(long)=1, flushCache_()=0, isCompatibleWith_(Configuration)=2, getValidWriteIds_(List, String)=3, openTxn_(String, TxnType)=3, getDatabase_(String)=3, commitTxn_(CommitTxnRequest)=14}
2024-04-24T00:48:32,056  INFO [main] ql.Driver: Completed compiling command(queryId=alex_20240424004832_12fbf25d-25b1-4875-b588-8796284f1645); Time taken: 0.013 seconds
2024-04-24T00:48:32,057  INFO [main] lockmgr.DbTxnManager: Setting lock request transaction to txnid:10 for queryId=alex_20240424004832_12fbf25d-25b1-4875-b588-8796284f1645
2024-04-24T00:48:32,057  INFO [main] lockmgr.DbLockManager: Requesting lock for queryId=alex_20240424004832_12fbf25d-25b1-4875-b588-8796284f1645
2024-04-24T00:48:32,089  INFO [main] lockmgr.DbLockManager: Response to queryId=alex_20240424004832_12fbf25d-25b1-4875-b588-8796284f1645 LockResponse(lockid:4, state:ACQUIRED)
2024-04-24T00:48:32,089  INFO [main] ql.Driver: Operation CREATETABLE obtained 1 locks
2024-04-24T00:48:32,089  INFO [main] ql.Driver: Executing command(queryId=alex_20240424004832_12fbf25d-25b1-4875-b588-8796284f1645): create table nonAcidOrcTbl2(a int, b int) clustered by (a) into 2 buckets stored as orc TBLPROPERTIES ('transactional'='false')
2024-04-24T00:48:32,089  INFO [main] ql.Driver: Starting task [Stage-0:DDL] in serial mode
2024-04-24T00:48:32,091  INFO [main] HiveMetaStore.audit: ugi=alex	ip=unknown-ip-addr	cmd=create_table_req: Table(tableName:nonAcidOrcTbl2, dbName:default, owner:alex, createTime:1713944912, lastAccessTime:0, retention:0, sd:StorageDescriptor(cols:[FieldSchema(name:a, type:int, comment:null), FieldSchema(name:b, type:int, comment:null)], location:null, inputFormat:org.apache.hadoop.hive.ql.io.orc.OrcInputFormat, outputFormat:org.apache.hadoop.hive.ql.io.orc.OrcOutputFormat, compressed:false, numBuckets:2, serdeInfo:SerDeInfo(name:null, serializationLib:org.apache.hadoop.hive.ql.io.orc.OrcSerde, parameters:{serialization.format=1}), bucketCols:[a], sortCols:[], parameters:{}, skewedInfo:SkewedInfo(skewedColNames:[], skewedColValues:[], skewedColValueLocationMaps:{}), storedAsSubDirectories:false), partitionKeys:[], parameters:{transactional=false, numRows=0, numFiles=0, bucketing_version=2, numFilesErasureCoded=0, rawDataSize=0, totalSize=0, COLUMN_STATS_ACCURATE={"BASIC_STATS":"true","COLUMN_STATS":{"a":"true","b":"true"}}}, viewOriginalText:null, viewExpandedText:null, tableType:MANAGED_TABLE, privileges:PrincipalPrivilegeSet(userPrivileges:{alex=[PrivilegeGrantInfo(privilege:INSERT, createTime:-1, grantor:alex, grantorType:USER, grantOption:true), PrivilegeGrantInfo(privilege:SELECT, createTime:-1, grantor:alex, grantorType:USER, grantOption:true), PrivilegeGrantInfo(privilege:UPDATE, createTime:-1, grantor:alex, grantorType:USER, grantOption:true), PrivilegeGrantInfo(privilege:DELETE, createTime:-1, grantor:alex, grantorType:USER, grantOption:true)]}, groupPrivileges:null, rolePrivileges:null), temporary:false, catName:hive, ownerType:USER)	
2024-04-24T00:48:32,099  INFO [main] utils.FileUtils: Creating directory if it doesn't exist: file:/home/alex/Repositories/hive/ql/target/tmp/org.apache.hadoop.hive.ql.TestTxnCommands3-1713944903826/warehouse/nonacidorctbl2
2024-04-24T00:48:32,130  INFO [main] metadata.Hive: Dumping metastore api call timing information for : execution phase
2024-04-24T00:48:32,130  INFO [main] metadata.Hive: Total time spent in each metastore function (ms): {isCompatibleWith_(Configuration)=0, createTable_(Table)=40}
2024-04-24T00:48:32,131  INFO [main] ql.Driver: Completed executing command(queryId=alex_20240424004832_12fbf25d-25b1-4875-b588-8796284f1645); Time taken: 0.041 seconds
2024-04-24T00:48:32,131  INFO [main] lockmgr.DbTxnManager: Stopped heartbeat for query: alex_20240424004832_12fbf25d-25b1-4875-b588-8796284f1645
2024-04-24T00:48:32,136  INFO [main] txn.TxnHandler: Expected to move at least one record from txn_components to completed_txn_components when committing txn! txnid:10
2024-04-24T00:48:32,144  INFO [main] txn.TxnHandler: Removed transactions: ([10]) from MIN_HISTORY_LEVEL
2024-04-24T00:48:32,144  WARN [main] txn.CompactionTxnHandler: No compaction queue record found for Compaction type transaction commit. txnId:10
2024-04-24T00:48:32,145  INFO [main] ql.TxnCommandsBaseForTests: Running the query: create temporary  table acidTbl2(a int, b int, c int) clustered by (c) into 2 buckets stored as orc TBLPROPERTIES ('transactional'='true')
2024-04-24T00:48:32,145  INFO [main] ql.Driver: Compiling command(queryId=alex_20240424004832_7ff62e5b-733f-4bf2-8966-c332126282fb): create temporary  table acidTbl2(a int, b int, c int) clustered by (c) into 2 buckets stored as orc TBLPROPERTIES ('transactional'='true')
2024-04-24T00:48:32,150  INFO [main] txn.TxnHandler: Added entries to MIN_HISTORY_LEVEL for current txns: ([11]) with min_open_txn: 3
2024-04-24T00:48:32,150  INFO [main] lockmgr.DbTxnManager: Opened txnid:11
2024-04-24T00:48:32,151  INFO [main] parse.CalcitePlanner: Starting caching scope for: 
2024-04-24T00:48:32,152  INFO [main] parse.CalcitePlanner: Starting Semantic Analysis
2024-04-24T00:48:32,155  INFO [main] parse.CalcitePlanner: Creating table default.acidTbl2 position=24
2024-04-24T00:48:32,156  INFO [main] HiveMetaStore.audit: ugi=alex	ip=unknown-ip-addr	cmd=get_database: default	
2024-04-24T00:48:32,158  INFO [main] parse.CalcitePlanner: Ending caching scope for: 
2024-04-24T00:48:32,158  INFO [main] ql.Driver: Semantic Analysis Completed (retrial = false)
2024-04-24T00:48:32,158  INFO [main] ql.Driver: Created Hive schema: Schema(fieldSchemas:null, properties:null)
2024-04-24T00:48:32,158  INFO [main] metadata.Hive: Dumping metastore api call timing information for : compilation phase
2024-04-24T00:48:32,158  INFO [main] metadata.Hive: Total time spent in each metastore function (ms): {getValidTxns_(long)=1, isCompatibleWith_(Configuration)=0, getValidWriteIds_(List, String)=3, commitTxn_(CommitTxnRequest)=13, getDatabase_(String)=3, flushCache_()=0, openTxn_(String, TxnType)=3}
2024-04-24T00:48:32,159  INFO [main] ql.Driver: Completed compiling command(queryId=alex_20240424004832_7ff62e5b-733f-4bf2-8966-c332126282fb); Time taken: 0.013 seconds
2024-04-24T00:48:32,159  INFO [main] lockmgr.DbTxnManager: Setting lock request transaction to txnid:11 for queryId=alex_20240424004832_7ff62e5b-733f-4bf2-8966-c332126282fb
2024-04-24T00:48:32,159  INFO [main] lockmgr.DbLockManager: Requesting lock for queryId=alex_20240424004832_7ff62e5b-733f-4bf2-8966-c332126282fb
2024-04-24T00:48:32,181  INFO [main] lockmgr.DbLockManager: Response to queryId=alex_20240424004832_7ff62e5b-733f-4bf2-8966-c332126282fb LockResponse(lockid:5, state:ACQUIRED)
2024-04-24T00:48:32,181  INFO [main] ql.Driver: Operation CREATETABLE obtained 1 locks
2024-04-24T00:48:32,183  INFO [main] ql.Driver: Executing command(queryId=alex_20240424004832_7ff62e5b-733f-4bf2-8966-c332126282fb): create temporary  table acidTbl2(a int, b int, c int) clustered by (c) into 2 buckets stored as orc TBLPROPERTIES ('transactional'='true')
2024-04-24T00:48:32,183  INFO [main] ql.Driver: Starting task [Stage-0:DDL] in serial mode
2024-04-24T00:48:32,185  INFO [main] utils.FileUtils: Creating directory if it doesn't exist: file:/home/alex/Repositories/hive/ql/target/tmp/scratchdir/alex/42396fdd-37ef-497a-a482-3c773af2ea61/_tmp_space.db/d4b80602-8c05-4213-bf7a-429835c9ff98
2024-04-24T00:48:32,189  INFO [main] metadata.Hive: Dumping metastore api call timing information for : execution phase
2024-04-24T00:48:32,189  INFO [main] metadata.Hive: Total time spent in each metastore function (ms): {isCompatibleWith_(Configuration)=0, createTable_(Table)=4}
2024-04-24T00:48:32,189  INFO [main] ql.Driver: Completed executing command(queryId=alex_20240424004832_7ff62e5b-733f-4bf2-8966-c332126282fb); Time taken: 0.006 seconds
2024-04-24T00:48:32,190  INFO [main] lockmgr.DbTxnManager: Stopped heartbeat for query: alex_20240424004832_7ff62e5b-733f-4bf2-8966-c332126282fb
2024-04-24T00:48:32,195  INFO [main] txn.TxnHandler: Expected to move at least one record from txn_components to completed_txn_components when committing txn! txnid:11
2024-04-24T00:48:32,204  INFO [main] txn.TxnHandler: Removed transactions: ([11]) from MIN_HISTORY_LEVEL
2024-04-24T00:48:32,204  WARN [main] txn.CompactionTxnHandler: No compaction queue record found for Compaction type transaction commit. txnId:11
2024-04-24T00:48:32,205  INFO [main] ql.TxnCommandsBaseForTests: Running the query: create table nonAcidNonBucket(a int, b int) stored as orc TBLPROPERTIES ('transactional'='false')
2024-04-24T00:48:32,206  INFO [main] ql.Driver: Compiling command(queryId=alex_20240424004832_23efe247-e291-4079-bce4-732c6eb126bd): create table nonAcidNonBucket(a int, b int) stored as orc TBLPROPERTIES ('transactional'='false')
2024-04-24T00:48:32,210  INFO [main] txn.TxnHandler: Added entries to MIN_HISTORY_LEVEL for current txns: ([12]) with min_open_txn: 4
2024-04-24T00:48:32,211  INFO [main] lockmgr.DbTxnManager: Opened txnid:12
2024-04-24T00:48:32,212  INFO [main] parse.CalcitePlanner: Starting caching scope for: 
2024-04-24T00:48:32,212  INFO [main] parse.CalcitePlanner: Starting Semantic Analysis
2024-04-24T00:48:32,216  INFO [main] parse.CalcitePlanner: Creating table default.nonAcidNonBucket position=13
2024-04-24T00:48:32,216  INFO [main] HiveMetaStore.audit: ugi=alex	ip=unknown-ip-addr	cmd=get_database: default	
2024-04-24T00:48:32,219  INFO [main] parse.CalcitePlanner: Ending caching scope for: 
2024-04-24T00:48:32,219  INFO [main] ql.Driver: Semantic Analysis Completed (retrial = false)
2024-04-24T00:48:32,219  INFO [main] ql.Driver: Created Hive schema: Schema(fieldSchemas:null, properties:null)
2024-04-24T00:48:32,220  INFO [main] metadata.Hive: Dumping metastore api call timing information for : compilation phase
2024-04-24T00:48:32,220  INFO [main] metadata.Hive: Total time spent in each metastore function (ms): {getValidWriteIds_(List, String)=3, getDatabase_(String)=3, getValidTxns_(long)=1, commitTxn_(CommitTxnRequest)=15, flushCache_()=0, openTxn_(String, TxnType)=3, isCompatibleWith_(Configuration)=1}
2024-04-24T00:48:32,220  INFO [main] ql.Driver: Completed compiling command(queryId=alex_20240424004832_23efe247-e291-4079-bce4-732c6eb126bd); Time taken: 0.014 seconds
2024-04-24T00:48:32,220  INFO [main] lockmgr.DbTxnManager: Setting lock request transaction to txnid:12 for queryId=alex_20240424004832_23efe247-e291-4079-bce4-732c6eb126bd
2024-04-24T00:48:32,221  INFO [main] lockmgr.DbLockManager: Requesting lock for queryId=alex_20240424004832_23efe247-e291-4079-bce4-732c6eb126bd
2024-04-24T00:48:32,249  INFO [main] lockmgr.DbLockManager: Response to queryId=alex_20240424004832_23efe247-e291-4079-bce4-732c6eb126bd LockResponse(lockid:6, state:ACQUIRED)
2024-04-24T00:48:32,249  INFO [main] ql.Driver: Operation CREATETABLE obtained 1 locks
2024-04-24T00:48:32,249  INFO [main] ql.Driver: Executing command(queryId=alex_20240424004832_23efe247-e291-4079-bce4-732c6eb126bd): create table nonAcidNonBucket(a int, b int) stored as orc TBLPROPERTIES ('transactional'='false')
2024-04-24T00:48:32,249  INFO [main] ql.Driver: Starting task [Stage-0:DDL] in serial mode
2024-04-24T00:48:32,251  INFO [main] HiveMetaStore.audit: ugi=alex	ip=unknown-ip-addr	cmd=create_table_req: Table(tableName:nonAcidNonBucket, dbName:default, owner:alex, createTime:1713944912, lastAccessTime:0, retention:0, sd:StorageDescriptor(cols:[FieldSchema(name:a, type:int, comment:null), FieldSchema(name:b, type:int, comment:null)], location:null, inputFormat:org.apache.hadoop.hive.ql.io.orc.OrcInputFormat, outputFormat:org.apache.hadoop.hive.ql.io.orc.OrcOutputFormat, compressed:false, numBuckets:-1, serdeInfo:SerDeInfo(name:null, serializationLib:org.apache.hadoop.hive.ql.io.orc.OrcSerde, parameters:{serialization.format=1}), bucketCols:[], sortCols:[], parameters:{}, skewedInfo:SkewedInfo(skewedColNames:[], skewedColValues:[], skewedColValueLocationMaps:{}), storedAsSubDirectories:false), partitionKeys:[], parameters:{rawDataSize=0, transactional=false, totalSize=0, bucketing_version=2, numFilesErasureCoded=0, COLUMN_STATS_ACCURATE={"BASIC_STATS":"true","COLUMN_STATS":{"a":"true","b":"true"}}, numFiles=0, numRows=0}, viewOriginalText:null, viewExpandedText:null, tableType:MANAGED_TABLE, privileges:PrincipalPrivilegeSet(userPrivileges:{alex=[PrivilegeGrantInfo(privilege:INSERT, createTime:-1, grantor:alex, grantorType:USER, grantOption:true), PrivilegeGrantInfo(privilege:SELECT, createTime:-1, grantor:alex, grantorType:USER, grantOption:true), PrivilegeGrantInfo(privilege:UPDATE, createTime:-1, grantor:alex, grantorType:USER, grantOption:true), PrivilegeGrantInfo(privilege:DELETE, createTime:-1, grantor:alex, grantorType:USER, grantOption:true)]}, groupPrivileges:null, rolePrivileges:null), temporary:false, catName:hive, ownerType:USER)	
2024-04-24T00:48:32,259  INFO [main] utils.FileUtils: Creating directory if it doesn't exist: file:/home/alex/Repositories/hive/ql/target/tmp/org.apache.hadoop.hive.ql.TestTxnCommands3-1713944903826/warehouse/nonacidnonbucket
2024-04-24T00:48:32,288  INFO [main] metadata.Hive: Dumping metastore api call timing information for : execution phase
2024-04-24T00:48:32,289  INFO [main] metadata.Hive: Total time spent in each metastore function (ms): {isCompatibleWith_(Configuration)=1, createTable_(Table)=37}
2024-04-24T00:48:32,289  INFO [main] ql.Driver: Completed executing command(queryId=alex_20240424004832_23efe247-e291-4079-bce4-732c6eb126bd); Time taken: 0.039 seconds
2024-04-24T00:48:32,289  INFO [main] lockmgr.DbTxnManager: Stopped heartbeat for query: alex_20240424004832_23efe247-e291-4079-bce4-732c6eb126bd
2024-04-24T00:48:32,296  INFO [main] txn.TxnHandler: Expected to move at least one record from txn_components to completed_txn_components when committing txn! txnid:12
2024-04-24T00:48:32,307  INFO [main] txn.TxnHandler: Removed transactions: ([12]) from MIN_HISTORY_LEVEL
2024-04-24T00:48:32,307  WARN [main] txn.CompactionTxnHandler: No compaction queue record found for Compaction type transaction commit. txnId:12
2024-04-24T00:48:32,308  INFO [main] metastore.HiveMetaStoreClientWithLocalCache: Initializing local cache in HiveMetaStoreClient...
2024-04-24T00:48:32,333  INFO [main] metastore.HiveMetaStoreClientWithLocalCache: Local cache initialized in HiveMetaStoreClient: com.github.benmanes.caffeine.cache.BoundedLocalCache$BoundedLocalManualCache@42b43a6
2024-04-24T00:48:32,333  INFO [main] ql.TxnCommandsBaseForTests: Running the query: drop table if exists acid_uap
2024-04-24T00:48:32,334  INFO [main] ql.Driver: Compiling command(queryId=alex_20240424004832_305d4f09-6396-47a0-bbea-83a3e50659df): drop table if exists acid_uap
2024-04-24T00:48:32,338  INFO [main] txn.TxnHandler: Added entries to MIN_HISTORY_LEVEL for current txns: ([13]) with min_open_txn: 7
2024-04-24T00:48:32,338  INFO [main] lockmgr.DbTxnManager: Opened txnid:13
2024-04-24T00:48:32,340  INFO [main] HiveMetaStore.audit: ugi=alex	ip=unknown-ip-addr	cmd=get_table : tbl=hive.default.acid_uap	
2024-04-24T00:48:32,344  INFO [main] ql.Driver: Semantic Analysis Completed (retrial = false)
2024-04-24T00:48:32,344  INFO [main] ql.Driver: Created Hive schema: Schema(fieldSchemas:null, properties:null)
2024-04-24T00:48:32,344  INFO [main] metadata.Hive: Dumping metastore api call timing information for : compilation phase
2024-04-24T00:48:32,344  INFO [main] metadata.Hive: Total time spent in each metastore function (ms): {openTxn_(String, TxnType)=3, flushCache_()=0, getValidTxns_(long)=1, isCompatibleWith_(Configuration)=0, commitTxn_(CommitTxnRequest)=19}
2024-04-24T00:48:32,344  INFO [main] ql.Driver: Completed compiling command(queryId=alex_20240424004832_305d4f09-6396-47a0-bbea-83a3e50659df); Time taken: 0.01 seconds
2024-04-24T00:48:32,345  INFO [main] lockmgr.DbTxnManager: Setting lock request transaction to txnid:13 for queryId=alex_20240424004832_305d4f09-6396-47a0-bbea-83a3e50659df
2024-04-24T00:48:32,345  INFO [main] ql.Driver: Operation DROPTABLE obtained 0 locks
2024-04-24T00:48:32,345  INFO [main] ql.Driver: Executing command(queryId=alex_20240424004832_305d4f09-6396-47a0-bbea-83a3e50659df): drop table if exists acid_uap
2024-04-24T00:48:32,345  INFO [main] ql.Driver: Starting task [Stage-0:DDL] in serial mode
2024-04-24T00:48:32,345  INFO [main] HiveMetaStore.audit: ugi=alex	ip=unknown-ip-addr	cmd=get_table : tbl=hive.default.acid_uap	
2024-04-24T00:48:32,349  INFO [main] metadata.Hive: Dumping metastore api call timing information for : execution phase
2024-04-24T00:48:32,350  INFO [main] metadata.Hive: Total time spent in each metastore function (ms): {isCompatibleWith_(Configuration)=0}
2024-04-24T00:48:32,350  INFO [main] ql.Driver: Completed executing command(queryId=alex_20240424004832_305d4f09-6396-47a0-bbea-83a3e50659df); Time taken: 0.004 seconds
2024-04-24T00:48:32,350  INFO [main] lockmgr.DbTxnManager: Stopped heartbeat for query: alex_20240424004832_305d4f09-6396-47a0-bbea-83a3e50659df
2024-04-24T00:48:32,356  INFO [main] txn.TxnHandler: Expected to move at least one record from txn_components to completed_txn_components when committing txn! txnid:13
2024-04-24T00:48:32,364  INFO [main] txn.TxnHandler: Removed transactions: ([13]) from MIN_HISTORY_LEVEL
2024-04-24T00:48:32,364  WARN [main] txn.CompactionTxnHandler: No compaction queue record found for Compaction type transaction commit. txnId:13
2024-04-24T00:48:32,365  INFO [main] ql.TxnCommandsBaseForTests: Running the query: create transactional table acid_uap(a int, b varchar(128)) partitioned by (ds string) clustered by (a) into 2 buckets stored as orc TBLPROPERTIES ('bucketing_version'='1')
2024-04-24T00:48:32,366  INFO [main] ql.Driver: Compiling command(queryId=alex_20240424004832_061201d8-e280-43ce-8653-719068ee9ad9): create transactional table acid_uap(a int, b varchar(128)) partitioned by (ds string) clustered by (a) into 2 buckets stored as orc TBLPROPERTIES ('bucketing_version'='1')
2024-04-24T00:48:32,370  INFO [main] txn.TxnHandler: Added entries to MIN_HISTORY_LEVEL for current txns: ([14]) with min_open_txn: 7
2024-04-24T00:48:32,370  INFO [main] lockmgr.DbTxnManager: Opened txnid:14
2024-04-24T00:48:32,372  INFO [main] parse.CalcitePlanner: Starting caching scope for: 
2024-04-24T00:48:32,372  INFO [main] parse.CalcitePlanner: Starting Semantic Analysis
2024-04-24T00:48:32,377  INFO [main] parse.CalcitePlanner: Creating table default.acid_uap position=27
2024-04-24T00:48:32,377  INFO [main] parse.CalcitePlanner: Automatically chose to make default.acid_uap acid.
2024-04-24T00:48:32,377  INFO [main] HiveMetaStore.audit: ugi=alex	ip=unknown-ip-addr	cmd=get_database: default	
2024-04-24T00:48:32,381  INFO [main] parse.CalcitePlanner: Ending caching scope for: 
2024-04-24T00:48:32,381  INFO [main] ql.Driver: Semantic Analysis Completed (retrial = false)
2024-04-24T00:48:32,381  INFO [main] ql.Driver: Created Hive schema: Schema(fieldSchemas:null, properties:null)
2024-04-24T00:48:32,381  INFO [main] metadata.Hive: Dumping metastore api call timing information for : compilation phase
2024-04-24T00:48:32,382  INFO [main] metadata.Hive: Total time spent in each metastore function (ms): {isCompatibleWith_(Configuration)=0, getValidTxns_(long)=1, getDatabase_(String)=4, flushCache_()=0, getValidWriteIds_(List, String)=4, openTxn_(String, TxnType)=3, commitTxn_(CommitTxnRequest)=15}
2024-04-24T00:48:32,382  INFO [main] ql.Driver: Completed compiling command(queryId=alex_20240424004832_061201d8-e280-43ce-8653-719068ee9ad9); Time taken: 0.015 seconds
2024-04-24T00:48:32,382  INFO [main] lockmgr.DbTxnManager: Setting lock request transaction to txnid:14 for queryId=alex_20240424004832_061201d8-e280-43ce-8653-719068ee9ad9
2024-04-24T00:48:32,383  INFO [main] lockmgr.DbLockManager: Requesting lock for queryId=alex_20240424004832_061201d8-e280-43ce-8653-719068ee9ad9
2024-04-24T00:48:32,416  INFO [main] lockmgr.DbLockManager: Response to queryId=alex_20240424004832_061201d8-e280-43ce-8653-719068ee9ad9 LockResponse(lockid:7, state:ACQUIRED)
2024-04-24T00:48:32,416  INFO [main] ql.Driver: Operation CREATETABLE obtained 1 locks
2024-04-24T00:48:32,417  INFO [main] ql.Driver: Executing command(queryId=alex_20240424004832_061201d8-e280-43ce-8653-719068ee9ad9): create transactional table acid_uap(a int, b varchar(128)) partitioned by (ds string) clustered by (a) into 2 buckets stored as orc TBLPROPERTIES ('bucketing_version'='1')
2024-04-24T00:48:32,418  INFO [main] ql.Driver: Starting task [Stage-0:DDL] in serial mode
2024-04-24T00:48:32,420  INFO [main] HiveMetaStore.audit: ugi=alex	ip=unknown-ip-addr	cmd=create_table_req: Table(tableName:acid_uap, dbName:default, owner:alex, createTime:1713944912, lastAccessTime:0, retention:0, sd:StorageDescriptor(cols:[FieldSchema(name:a, type:int, comment:null), FieldSchema(name:b, type:varchar(128), comment:null)], location:null, inputFormat:org.apache.hadoop.hive.ql.io.orc.OrcInputFormat, outputFormat:org.apache.hadoop.hive.ql.io.orc.OrcOutputFormat, compressed:false, numBuckets:2, serdeInfo:SerDeInfo(name:null, serializationLib:org.apache.hadoop.hive.ql.io.orc.OrcSerde, parameters:{serialization.format=1}), bucketCols:[a], sortCols:[], parameters:{}, skewedInfo:SkewedInfo(skewedColNames:[], skewedColValues:[], skewedColValueLocationMaps:{}), storedAsSubDirectories:false), partitionKeys:[FieldSchema(name:ds, type:string, comment:null)], parameters:{transactional=true, bucketing_version=1, transactional_properties=default}, viewOriginalText:null, viewExpandedText:null, tableType:MANAGED_TABLE, privileges:PrincipalPrivilegeSet(userPrivileges:{alex=[PrivilegeGrantInfo(privilege:INSERT, createTime:-1, grantor:alex, grantorType:USER, grantOption:true), PrivilegeGrantInfo(privilege:SELECT, createTime:-1, grantor:alex, grantorType:USER, grantOption:true), PrivilegeGrantInfo(privilege:UPDATE, createTime:-1, grantor:alex, grantorType:USER, grantOption:true), PrivilegeGrantInfo(privilege:DELETE, createTime:-1, grantor:alex, grantorType:USER, grantOption:true)]}, groupPrivileges:null, rolePrivileges:null), temporary:false, catName:hive, ownerType:USER, writeId:0)	
2024-04-24T00:48:32,432  INFO [main] utils.FileUtils: Creating directory if it doesn't exist: file:/home/alex/Repositories/hive/ql/target/tmp/org.apache.hadoop.hive.ql.TestTxnCommands3-1713944903826/warehouse/acid_uap
2024-04-24T00:48:32,470  INFO [main] metadata.Hive: Dumping metastore api call timing information for : execution phase
2024-04-24T00:48:32,470  INFO [main] metadata.Hive: Total time spent in each metastore function (ms): {createTable_(Table)=50, isCompatibleWith_(Configuration)=0}
2024-04-24T00:48:32,470  INFO [main] ql.Driver: Completed executing command(queryId=alex_20240424004832_061201d8-e280-43ce-8653-719068ee9ad9); Time taken: 0.053 seconds
2024-04-24T00:48:32,470  INFO [main] lockmgr.DbTxnManager: Stopped heartbeat for query: alex_20240424004832_061201d8-e280-43ce-8653-719068ee9ad9
2024-04-24T00:48:32,476  INFO [main] txn.TxnHandler: Expected to move at least one record from txn_components to completed_txn_components when committing txn! txnid:14
2024-04-24T00:48:32,484  INFO [main] txn.TxnHandler: Removed transactions: ([14]) from MIN_HISTORY_LEVEL
2024-04-24T00:48:32,486  WARN [main] txn.CompactionTxnHandler: No compaction queue record found for Compaction type transaction commit. txnId:14
2024-04-24T00:48:32,487  INFO [main] ql.TxnCommandsBaseForTests: Running the query: insert into table acid_uap partition (ds='tomorrow') values (1, 'bah'),(2, 'yah')
2024-04-24T00:48:32,487  INFO [main] ql.Driver: Compiling command(queryId=alex_20240424004832_b692ccf7-5f03-4085-9bd6-b4cf02631d33): insert into table acid_uap partition (ds='tomorrow') values (1, 'bah'),(2, 'yah')
2024-04-24T00:48:32,493  INFO [main] txn.TxnHandler: Added entries to MIN_HISTORY_LEVEL for current txns: ([15]) with min_open_txn: 8
2024-04-24T00:48:32,494  INFO [main] lockmgr.DbTxnManager: Opened txnid:15
2024-04-24T00:48:32,495  INFO [main] parse.CalcitePlanner: Starting caching scope for: 
2024-04-24T00:48:32,495  INFO [main] parse.CalcitePlanner: Starting Semantic Analysis
2024-04-24T00:48:33,019  WARN [main] exec.FunctionRegistry: UDF Class org.apache.datasketches.hive.cpc.UnionSketchUDF does not have description. Please annotate the class with the org.apache.hadoop.hive.ql.exec.Description annotation and provide the description of the function.
2024-04-24T00:48:33,028  WARN [main] exec.FunctionRegistry: UDF Class org.apache.datasketches.hive.hll.UnionSketchUDF does not have description. Please annotate the class with the org.apache.hadoop.hive.ql.exec.Description annotation and provide the description of the function.
2024-04-24T00:48:33,036  WARN [main] exec.FunctionRegistry: UDF Class org.apache.datasketches.hive.tuple.ArrayOfDoublesSketchToValuesUDTF does not have description. Please annotate the class with the org.apache.hadoop.hive.ql.exec.Description annotation and provide the description of the function.
2024-04-24T00:48:33,037  WARN [main] exec.FunctionRegistry: UDF Class org.apache.datasketches.hive.theta.ExcludeSketchUDF does not have description. Please annotate the class with the org.apache.hadoop.hive.ql.exec.Description annotation and provide the description of the function.
2024-04-24T00:48:33,037  WARN [main] exec.FunctionRegistry: UDF Class org.apache.datasketches.hive.theta.EstimateSketchUDF does not have description. Please annotate the class with the org.apache.hadoop.hive.ql.exec.Description annotation and provide the description of the function.
2024-04-24T00:48:33,037  WARN [main] exec.FunctionRegistry: UDF Class org.apache.datasketches.hive.theta.IntersectSketchUDF does not have description. Please annotate the class with the org.apache.hadoop.hive.ql.exec.Description annotation and provide the description of the function.
2024-04-24T00:48:33,038  WARN [main] exec.FunctionRegistry: UDF Class org.apache.datasketches.hive.theta.UnionSketchUDF does not have description. Please annotate the class with the org.apache.hadoop.hive.ql.exec.Description annotation and provide the description of the function.
2024-04-24T00:48:33,087  INFO [main] HiveMetaStore.audit: ugi=alex	ip=unknown-ip-addr	cmd=get_table : tbl=hive.default.acid_uap	
2024-04-24T00:48:33,133  INFO [main] metastore.HMSHandler: Skipping translation for processor with null
2024-04-24T00:48:33,134  INFO [main] parse.CalcitePlanner: Completed phase 1 of Semantic Analysis
2024-04-24T00:48:33,134  INFO [main] parse.CalcitePlanner: Get metadata for source tables
2024-04-24T00:48:33,134  INFO [main] parse.CalcitePlanner: Get metadata for subqueries
2024-04-24T00:48:33,134  INFO [main] parse.CalcitePlanner: Get metadata for destination tables
2024-04-24T00:48:33,137  INFO [main] HiveMetaStore.audit: ugi=alex	ip=unknown-ip-addr	cmd=get_table : tbl=hive.default.acid_uap	
2024-04-24T00:48:33,150  INFO [main] metastore.HMSHandler: Skipping translation for processor with null
2024-04-24T00:48:33,166  INFO [main] HiveMetaStore.audit: ugi=alex	ip=unknown-ip-addr	cmd=get_partition_with_auth : tbl=hive.default.acid_uap[tomorrow]	
2024-04-24T00:48:33,188  INFO [main] parse.CalcitePlanner: Completed getting MetaData in Semantic Analysis
2024-04-24T00:48:33,188  INFO [main] parse.CalcitePlanner: Disabling LLAP IO encode as ETL query is detected
2024-04-24T00:48:34,382  INFO [main] HiveMetaStore.audit: ugi=alex	ip=unknown-ip-addr	cmd=get_all_table_constraints : tbl=hive._dummy_database._dummy_table	
2024-04-24T00:48:35,022  INFO [main] parse.CalcitePlanner: Get metadata for source tables
2024-04-24T00:48:35,022  INFO [main] parse.CalcitePlanner: Get metadata for subqueries
2024-04-24T00:48:35,022  INFO [main] parse.CalcitePlanner: Get metadata for source tables
2024-04-24T00:48:35,024  INFO [main] HiveMetaStore.audit: ugi=alex	ip=unknown-ip-addr	cmd=get_table : tbl=hive._dummy_database._dummy_table	
2024-04-24T00:48:35,027  INFO [main] parse.CalcitePlanner: Get metadata for subqueries
2024-04-24T00:48:35,027  INFO [main] parse.CalcitePlanner: Get metadata for destination tables
2024-04-24T00:48:35,027  INFO [main] parse.CalcitePlanner: Get metadata for destination tables
2024-04-24T00:48:35,027  INFO [main] HiveMetaStore.audit: ugi=alex	ip=unknown-ip-addr	cmd=get_table : tbl=hive.default.acid_uap	
2024-04-24T00:48:35,038  INFO [main] metastore.HMSHandler: Skipping translation for processor with null
2024-04-24T00:48:35,038  INFO [main] HiveMetaStore.audit: ugi=alex	ip=unknown-ip-addr	cmd=get_partition_with_auth : tbl=hive.default.acid_uap[tomorrow]	
2024-04-24T00:48:35,076  INFO [main] HiveMetaStore.audit: ugi=alex	ip=unknown-ip-addr	cmd=get_not_null_constraints : tbl=hive.default.acid_uap	
2024-04-24T00:48:35,078  INFO [main] HiveMetaStore.audit: ugi=alex	ip=unknown-ip-addr	cmd=get_check_constraints : tbl=hive.default.acid_uap	
2024-04-24T00:48:35,101  INFO [main] txn.TxnHandler: Allocated writeId: 1 for txnId: 15
2024-04-24T00:48:35,101  INFO [main] txn.TxnHandler: Allocated write ids for dbName=default, tblName=acid_uap (txnIds: [15])
2024-04-24T00:48:35,108  INFO [main] parse.CalcitePlanner: CBO Succeeded; optimized logical plan.
2024-04-24T00:48:35,159  INFO [main] optimizer.ColumnPrunerProcFactory: RS 5 oldColExprMap: {VALUE._col0=Column[_col1], KEY.reducesinkkey0=Column[_col0]}
2024-04-24T00:48:35,159  INFO [main] optimizer.ColumnPrunerProcFactory: RS 5 newColExprMap: {VALUE._col0=Column[_col1], KEY.reducesinkkey0=Column[_col0]}
2024-04-24T00:48:35,168  INFO [main] optimizer.BucketVersionPopulator: not considering bucketingVersion for: TS[0] because it has -1<2 buckets 
2024-04-24T00:48:35,179  INFO [main] optimizer.SortedDynPartitionOptimizer: Sorted dynamic partitioning optimization kicked in..
2024-04-24T00:48:35,217  INFO [main] HiveMetaStore.audit: ugi=alex	ip=unknown-ip-addr	cmd=get_table : tbl=hive.default.acid_uap	
2024-04-24T00:48:35,234  INFO [main] metastore.HMSHandler: Skipping translation for processor with null
2024-04-24T00:48:35,266  INFO [main] physical.Vectorizer: Examining input format to see if vectorization is enabled.
2024-04-24T00:48:35,271  INFO [main] physical.Vectorizer: Map vectorization enabled: false
2024-04-24T00:48:35,271  INFO [main] physical.Vectorizer: Map vectorized: false
2024-04-24T00:48:35,271  INFO [main] physical.Vectorizer: Map vectorizedVertexNum: 0
2024-04-24T00:48:35,271  INFO [main] physical.Vectorizer: Map enabledConditionsMet: [hive.vectorized.use.vectorized.input.format IS true]
2024-04-24T00:48:35,271  INFO [main] physical.Vectorizer: Map enabledConditionsNotMet: [Could not enable vectorization due to partition column names size 1 is greater than the number of table column names size 0 IS false]
2024-04-24T00:48:35,271  INFO [main] physical.Vectorizer: Map inputFileFormatClassNameSet: [org.apache.hadoop.hive.ql.io.NullRowsInputFormat]
2024-04-24T00:48:35,272  INFO [main] physical.Vectorizer: Reduce vectorization enabled: false
2024-04-24T00:48:35,272  INFO [main] physical.Vectorizer: Reduce vectorized: false
2024-04-24T00:48:35,272  INFO [main] physical.Vectorizer: Reduce vectorizedVertexNum: 1
2024-04-24T00:48:35,272  INFO [main] physical.Vectorizer: Reducer hive.vectorized.execution.reduce.enabled: true
2024-04-24T00:48:35,272  INFO [main] physical.Vectorizer: Reducer engine: mr
2024-04-24T00:48:35,273  INFO [main] parse.CalcitePlanner: Completed plan generation
2024-04-24T00:48:35,273  INFO [main] parse.CalcitePlanner: Ending caching scope for: 
2024-04-24T00:48:35,273  INFO [main] ql.Driver: Semantic Analysis Completed (retrial = false)
2024-04-24T00:48:35,274  INFO [main] HiveMetaStore.audit: ugi=alex	ip=unknown-ip-addr	cmd=get_partitions_ps_with_auth : tbl=hive.default.acid_uap[tomorrow]	
2024-04-24T00:48:35,300  INFO [main] ql.Driver: Created Hive schema: Schema(fieldSchemas:[FieldSchema(name:_col0, type:int, comment:null), FieldSchema(name:_col1, type:varchar(128), comment:null)], properties:null)
2024-04-24T00:48:35,300  INFO [main] metadata.Hive: Dumping metastore api call timing information for : compilation phase
2024-04-24T00:48:35,300  INFO [main] metadata.Hive: Total time spent in each metastore function (ms): {commitTxn_(CommitTxnRequest)=15, flushCache_()=0, getNotNullConstraints_(NotNullConstraintsRequest)=2, listPartitionsWithAuthInfo_(String, String, List, short, String, List)=25, getValidTxns_(long)=1, getValidWriteIds_(List, String)=6, getTable_(GetTableRequest)=90, getAllTableConstraints_(AllTableConstraintsRequest)=52, openTxn_(String, TxnType)=3, isCompatibleWith_(Configuration)=1, allocateTableWriteId_(long, String, String)=15, getCheckConstraints_(CheckConstraintsRequest)=3}
2024-04-24T00:48:35,300  INFO [main] ql.Driver: Completed compiling command(queryId=alex_20240424004832_b692ccf7-5f03-4085-9bd6-b4cf02631d33); Time taken: 2.813 seconds
2024-04-24T00:48:35,301  INFO [main] lockmgr.DbTxnManager: Setting lock request transaction to txnid:15 for queryId=alex_20240424004832_b692ccf7-5f03-4085-9bd6-b4cf02631d33
2024-04-24T00:48:35,302  INFO [main] lockmgr.DbLockManager: Requesting lock for queryId=alex_20240424004832_b692ccf7-5f03-4085-9bd6-b4cf02631d33
2024-04-24T00:48:35,330  INFO [main] lockmgr.DbLockManager: Response to queryId=alex_20240424004832_b692ccf7-5f03-4085-9bd6-b4cf02631d33 LockResponse(lockid:8, state:ACQUIRED)
2024-04-24T00:48:35,330  INFO [main] ql.Driver: Operation QUERY obtained 1 locks
2024-04-24T00:48:35,334  INFO [main] ql.Driver: Executing command(queryId=alex_20240424004832_b692ccf7-5f03-4085-9bd6-b4cf02631d33): insert into table acid_uap partition (ds='tomorrow') values (1, 'bah'),(2, 'yah')
2024-04-24T00:48:35,335  WARN [main] ql.Driver: Hive-on-MR is deprecated in Hive 2 and may not be available in the future versions. Consider using a different execution engine (i.e. tez, spark) or using Hive 1.X releases.
Query ID = alex_20240424004832_b692ccf7-5f03-4085-9bd6-b4cf02631d33
2024-04-24T00:48:35,335  INFO [main] ql.Driver: Query ID = alex_20240424004832_b692ccf7-5f03-4085-9bd6-b4cf02631d33
Total jobs = 1
2024-04-24T00:48:35,335  INFO [main] ql.Driver: Total jobs = 1
Launching Job 1 out of 1
2024-04-24T00:48:35,335  INFO [main] ql.Driver: Launching Job 1 out of 1
2024-04-24T00:48:35,498  INFO [main] ql.Driver: Starting task [Stage-1:MAPRED] in serial mode
Number of reduce tasks determined at compile time: 2
2024-04-24T00:48:35,498  INFO [main] exec.Task: Number of reduce tasks determined at compile time: 2
In order to change the average load for a reducer (in bytes):
2024-04-24T00:48:35,498  INFO [main] exec.Task: In order to change the average load for a reducer (in bytes):
  set hive.exec.reducers.bytes.per.reducer=<number>
2024-04-24T00:48:35,499  INFO [main] exec.Task:   set hive.exec.reducers.bytes.per.reducer=<number>
In order to limit the maximum number of reducers:
2024-04-24T00:48:35,499  INFO [main] exec.Task: In order to limit the maximum number of reducers:
  set hive.exec.reducers.max=<number>
2024-04-24T00:48:35,499  INFO [main] exec.Task:   set hive.exec.reducers.max=<number>
In order to set a constant number of reducers:
2024-04-24T00:48:35,499  INFO [main] exec.Task: In order to set a constant number of reducers:
  set mapreduce.job.reduces=<number>
2024-04-24T00:48:35,499  INFO [main] exec.Task:   set mapreduce.job.reduces=<number>
2024-04-24T00:48:35,507  INFO [main] mr.ExecDriver: Using org.apache.hadoop.hive.ql.io.HiveInputFormat
2024-04-24T00:48:35,510  INFO [main] exec.Utilities: Processing alias $hdt$_0:_dummy_table
2024-04-24T00:48:35,510  INFO [main] exec.Utilities: Adding 1 inputs; the first input is file:/home/alex/Repositories/hive/ql/target/tmp/localscratchdir/42396fdd-37ef-497a-a482-3c773af2ea61/hive_2024-04-24_00-48-32_487_1223854577605368930-1/dummy_path
2024-04-24T00:48:35,576  INFO [main] exec.SerializationUtilities: Serializing MapWork using kryo
2024-04-24T00:48:35,601  INFO [main] exec.Utilities: Serialized plan (via FILE) - name: null size: 5,56KB
2024-04-24T00:48:35,608  INFO [main] exec.SerializationUtilities: Serializing ReduceWork using kryo
2024-04-24T00:48:35,614  INFO [main] exec.Utilities: Serialized plan (via FILE) - name: null size: 6,27KB
2024-04-24T00:48:35,731  INFO [main] beanutils.FluentPropertyBeanIntrospector: Error when creating PropertyDescriptor for public final void org.apache.commons.configuration2.AbstractConfiguration.setProperty(java.lang.String,java.lang.Object)! Ignoring this property.
2024-04-24T00:48:35,746  WARN [main] impl.MetricsConfig: Cannot locate configuration: tried hadoop-metrics2-jobtracker.properties,hadoop-metrics2.properties
2024-04-24T00:48:35,761  INFO [main] impl.MetricsSystemImpl: Scheduled Metric snapshot period at 10 second(s).
2024-04-24T00:48:35,761  INFO [main] impl.MetricsSystemImpl: JobTracker metrics system started
2024-04-24T00:48:35,774  INFO [main] fs.FSStatsPublisher: created : file:/home/alex/Repositories/hive/ql/target/tmp/localscratchdir/42396fdd-37ef-497a-a482-3c773af2ea61/hive_2024-04-24_00-48-32_487_1223854577605368930-1/-mr-10000
2024-04-24T00:48:35,786  WARN [main] impl.MetricsSystemImpl: JobTracker metrics system already initialized!
2024-04-24T00:48:35,831  WARN [main] mapreduce.JobResourceUploader: Hadoop command-line option parsing not performed. Implement the Tool interface and execute your application with ToolRunner to remedy this.
2024-04-24T00:48:35,840  WARN [main] mapreduce.JobResourceUploader: No job jar file set.  User classes may not be found. See Job or Job#setJar(String).
2024-04-24T00:48:35,846  INFO [main] io.HiveInputFormat: hive.io.file.readcolumn.ids = 
2024-04-24T00:48:35,846  INFO [main] io.HiveInputFormat: hive.io.file.readcolumn.names = 
2024-04-24T00:48:35,846  INFO [main] io.HiveInputFormat: Generating splits for dirs: file:/home/alex/Repositories/hive/ql/target/tmp/localscratchdir/42396fdd-37ef-497a-a482-3c773af2ea61/hive_2024-04-24_00-48-32_487_1223854577605368930-1/dummy_path
2024-04-24T00:48:35,846  INFO [main] io.NullRowsInputFormat$NullRowsRecordReader: Using null rows input format
2024-04-24T00:48:35,852  INFO [main] io.HiveInputFormat: number of splits 1
2024-04-24T00:48:35,883  INFO [main] mapreduce.JobSubmitter: number of splits:1
2024-04-24T00:48:35,960  INFO [main] mapreduce.JobSubmitter: Submitting tokens for job: job_local16227671_0001
2024-04-24T00:48:35,961  INFO [main] mapreduce.JobSubmitter: Executing with tokens: []
2024-04-24T00:48:36,120  INFO [main] mapreduce.Job: The url to track the job: http://localhost:8080/
Job running in-process (local Hadoop)
2024-04-24T00:48:36,121  INFO [main] exec.Task: Job running in-process (local Hadoop)
2024-04-24T00:48:36,122  INFO [Thread-75] mapred.LocalJobRunner: OutputCommitter set in config org.apache.hadoop.hive.ql.io.HiveFileFormatUtils$NullOutputCommitter
2024-04-24T00:48:36,123  INFO [Thread-75] mapred.LocalJobRunner: OutputCommitter is org.apache.hadoop.hive.ql.io.HiveFileFormatUtils$NullOutputCommitter
2024-04-24T00:48:36,135  INFO [Thread-75] mapred.LocalJobRunner: Waiting for map tasks
2024-04-24T00:48:36,138  INFO [LocalJobRunner Map Task Executor #0] mapred.LocalJobRunner: Starting task: attempt_local16227671_0001_m_000000_0
2024-04-24T00:48:36,178  INFO [LocalJobRunner Map Task Executor #0] mapred.Task:  Using ResourceCalculatorProcessTree : [ ]
2024-04-24T00:48:36,189  INFO [LocalJobRunner Map Task Executor #0] mapred.MapTask: Processing split: org.apache.hadoop.hive.ql.io.NullRowsInputFormat:file:/home/alex/Repositories/hive/ql/target/tmp/localscratchdir/42396fdd-37ef-497a-a482-3c773af2ea61/hive_2024-04-24_00-48-32_487_1223854577605368930-1/dummy_path/null:0+1
2024-04-24T00:48:36,197  INFO [LocalJobRunner Map Task Executor #0] exec.SerializationUtilities: Deserializing MapWork using kryo
2024-04-24T00:48:36,222  INFO [LocalJobRunner Map Task Executor #0] exec.Utilities: Deserialized plan (via FILE) - name: null size: 5,56KB
2024-04-24T00:48:36,229  INFO [LocalJobRunner Map Task Executor #0] mapred.MapTask: numReduceTasks: 2
2024-04-24T00:48:36,242  INFO [LocalJobRunner Map Task Executor #0] mapred.MapTask: (EQUATOR) 0 kvi 26214396(104857584)
2024-04-24T00:48:36,242  INFO [LocalJobRunner Map Task Executor #0] mapred.MapTask: mapreduce.task.io.sort.mb: 100
2024-04-24T00:48:36,242  INFO [LocalJobRunner Map Task Executor #0] mapred.MapTask: soft limit at 83886080
2024-04-24T00:48:36,242  INFO [LocalJobRunner Map Task Executor #0] mapred.MapTask: bufstart = 0; bufvoid = 104857600
2024-04-24T00:48:36,242  INFO [LocalJobRunner Map Task Executor #0] mapred.MapTask: kvstart = 26214396; length = 6553600
2024-04-24T00:48:36,245  INFO [LocalJobRunner Map Task Executor #0] mapred.MapTask: Map output collector class = org.apache.hadoop.mapred.MapTask$MapOutputBuffer
2024-04-24T00:48:36,249  INFO [LocalJobRunner Map Task Executor #0] exec.MapOperator: Initializing Operator: MAP[0]
2024-04-24T00:48:36,250  INFO [LocalJobRunner Map Task Executor #0] mr.ExecMapper: 
<MAP>Id =0
  <Children>null
  <\Children>
  <Parent><\Parent>
<\MAP>
2024-04-24T00:48:36,252  INFO [LocalJobRunner Map Task Executor #0] exec.TableScanOperator: Initializing Operator: TS[0]
2024-04-24T00:48:36,252  INFO [LocalJobRunner Map Task Executor #0] exec.SelectOperator: Initializing Operator: SEL[1]
2024-04-24T00:48:36,255  INFO [LocalJobRunner Map Task Executor #0] exec.SelectOperator: SELECT null
2024-04-24T00:48:36,255  INFO [LocalJobRunner Map Task Executor #0] exec.UDTFOperator: Initializing Operator: UDTF[2]
2024-04-24T00:48:36,256  INFO [LocalJobRunner Map Task Executor #0] exec.SelectOperator: Initializing Operator: SEL[3]
2024-04-24T00:48:36,256  INFO [LocalJobRunner Map Task Executor #0] exec.SelectOperator: SELECT struct<col1:int,col2:string>
2024-04-24T00:48:36,256  INFO [LocalJobRunner Map Task Executor #0] exec.ReduceSinkOperator: Initializing Operator: RS[5]
2024-04-24T00:48:36,256  INFO [LocalJobRunner Map Task Executor #0] exec.ReduceSinkOperator: Using tag = -1
2024-04-24T00:48:36,274  INFO [LocalJobRunner Map Task Executor #0] exec.ReduceSinkOperator: keys are [reducesinkkey0] num distributions: 1
2024-04-24T00:48:36,275  INFO [LocalJobRunner Map Task Executor #0] exec.ReduceSinkOperator: RS[5]: records written - 1
2024-04-24T00:48:36,275  INFO [LocalJobRunner Map Task Executor #0] exec.MapOperator: MAP[0]: records read - 1
2024-04-24T00:48:36,275  INFO [LocalJobRunner Map Task Executor #0] exec.MapOperator: Closing Operator: MAP[0]
2024-04-24T00:48:36,275  INFO [LocalJobRunner Map Task Executor #0] exec.MapOperator: MAP[0]: Total records read - 3. abort - false
2024-04-24T00:48:36,276  INFO [LocalJobRunner Map Task Executor #0] exec.MapOperator: DESERIALIZE_ERRORS:0, RECORDS_OUT_OPERATOR_MAP_0:0, RECORDS_IN:3, RECORDS_OUT_INTERMEDIATE:0, 
2024-04-24T00:48:36,276  INFO [LocalJobRunner Map Task Executor #0] exec.TableScanOperator: Closing Operator: TS[0]
2024-04-24T00:48:36,276  INFO [LocalJobRunner Map Task Executor #0] exec.TableScanOperator: RECORDS_OUT_OPERATOR_TS_0:1, RECORDS_OUT_INTERMEDIATE:0, 
2024-04-24T00:48:36,276  INFO [LocalJobRunner Map Task Executor #0] exec.SelectOperator: Closing Operator: SEL[1]
2024-04-24T00:48:36,276  INFO [LocalJobRunner Map Task Executor #0] exec.SelectOperator: RECORDS_OUT_OPERATOR_SEL_1:1, RECORDS_OUT_INTERMEDIATE:0, 
2024-04-24T00:48:36,276  INFO [LocalJobRunner Map Task Executor #0] exec.UDTFOperator: Closing Operator: UDTF[2]
2024-04-24T00:48:36,276  INFO [LocalJobRunner Map Task Executor #0] exec.UDTFOperator: RECORDS_OUT_OPERATOR_UDTF_2:2, RECORDS_OUT_INTERMEDIATE:0, 
2024-04-24T00:48:36,276  INFO [LocalJobRunner Map Task Executor #0] exec.SelectOperator: Closing Operator: SEL[3]
2024-04-24T00:48:36,276  INFO [LocalJobRunner Map Task Executor #0] exec.SelectOperator: RECORDS_OUT_INTERMEDIATE:0, RECORDS_OUT_OPERATOR_SEL_3:2, 
2024-04-24T00:48:36,276  INFO [LocalJobRunner Map Task Executor #0] exec.ReduceSinkOperator: Closing Operator: RS[5]
2024-04-24T00:48:36,276  INFO [LocalJobRunner Map Task Executor #0] exec.ReduceSinkOperator: RS[5]: Total records written - 2. abort - false
2024-04-24T00:48:36,276  INFO [LocalJobRunner Map Task Executor #0] exec.ReduceSinkOperator: RECORDS_OUT_OPERATOR_RS_5:2, RECORDS_OUT_INTERMEDIATE:2, 
2024-04-24T00:48:36,282  INFO [LocalJobRunner Map Task Executor #0] mapred.LocalJobRunner: 
2024-04-24T00:48:36,282  INFO [LocalJobRunner Map Task Executor #0] mapred.MapTask: Starting flush of map output
2024-04-24T00:48:36,282  INFO [LocalJobRunner Map Task Executor #0] mapred.MapTask: Spilling map output
2024-04-24T00:48:36,283  INFO [LocalJobRunner Map Task Executor #0] mapred.MapTask: bufstart = 0; bufend = 38; bufvoid = 104857600
2024-04-24T00:48:36,283  INFO [LocalJobRunner Map Task Executor #0] mapred.MapTask: kvstart = 26214396(104857584); kvend = 26214392(104857568); length = 5/6553600
2024-04-24T00:48:36,300  INFO [LocalJobRunner Map Task Executor #0] mapred.MapTask: Finished spill 0
2024-04-24T00:48:36,311  INFO [LocalJobRunner Map Task Executor #0] mapred.Task: Task:attempt_local16227671_0001_m_000000_0 is done. And is in the process of committing
2024-04-24T00:48:36,312  INFO [LocalJobRunner Map Task Executor #0] mapred.LocalJobRunner: map
2024-04-24T00:48:36,312  INFO [LocalJobRunner Map Task Executor #0] mapred.Task: Task 'attempt_local16227671_0001_m_000000_0' done.
2024-04-24T00:48:36,314  INFO [LocalJobRunner Map Task Executor #0] mapred.Task: Final Counters for attempt_local16227671_0001_m_000000_0: Counters: 26
	File System Counters
		FILE: Number of bytes read=6020
		FILE: Number of bytes written=1174776
		FILE: Number of read operations=0
		FILE: Number of large read operations=0
		FILE: Number of write operations=0
	Map-Reduce Framework
		Map input records=4
		Map output records=2
		Map output bytes=38
		Map output materialized bytes=54
		Input split bytes=361
		Combine input records=0
		Spilled Records=2
		Failed Shuffles=0
		Merged Map outputs=0
		GC time elapsed (ms)=0
		Total committed heap usage (bytes)=912785408
	HIVE
		DESERIALIZE_ERRORS=0
		RECORDS_IN=3
		RECORDS_OUT_INTERMEDIATE=2
		RECORDS_OUT_OPERATOR_MAP_0=0
		RECORDS_OUT_OPERATOR_RS_5=2
		RECORDS_OUT_OPERATOR_SEL_1=1
		RECORDS_OUT_OPERATOR_SEL_3=2
		RECORDS_OUT_OPERATOR_TS_0=1
		RECORDS_OUT_OPERATOR_UDTF_2=2
	File Input Format Counters 
		Bytes Read=5615
2024-04-24T00:48:36,314  INFO [LocalJobRunner Map Task Executor #0] mapred.LocalJobRunner: Finishing task: attempt_local16227671_0001_m_000000_0
2024-04-24T00:48:36,315  INFO [Thread-75] mapred.LocalJobRunner: map task executor complete.
2024-04-24T00:48:36,319  INFO [Thread-75] mapred.LocalJobRunner: Waiting for reduce tasks
2024-04-24T00:48:36,319  INFO [pool-8-thread-1] mapred.LocalJobRunner: Starting task: attempt_local16227671_0001_r_000000_0
2024-04-24T00:48:36,326  INFO [pool-8-thread-1] mapred.Task:  Using ResourceCalculatorProcessTree : [ ]
2024-04-24T00:48:36,329  INFO [pool-8-thread-1] mapred.ReduceTask: Using ShuffleConsumerPlugin: org.apache.hadoop.mapreduce.task.reduce.Shuffle@1acbf9c8
2024-04-24T00:48:36,331  WARN [pool-8-thread-1] impl.MetricsSystemImpl: JobTracker metrics system already initialized!
2024-04-24T00:48:36,345  INFO [pool-8-thread-1] reduce.MergeManagerImpl: MergerManager: memoryLimit=1336252800, maxSingleShuffleLimit=334063200, mergeThreshold=881926912, ioSortFactor=10, memToMemMergeOutputsThreshold=10
2024-04-24T00:48:36,348  INFO [EventFetcher for fetching Map Completion Events] reduce.EventFetcher: attempt_local16227671_0001_r_000000_0 Thread started: EventFetcher for fetching Map Completion Events
2024-04-24T00:48:36,368  INFO [localfetcher#1] reduce.LocalFetcher: localfetcher#1 about to shuffle output of map attempt_local16227671_0001_m_000000_0 decomp: 23 len: 27 to MEMORY
2024-04-24T00:48:36,370  INFO [localfetcher#1] reduce.InMemoryMapOutput: Read 23 bytes from map-output for attempt_local16227671_0001_m_000000_0
2024-04-24T00:48:36,372  INFO [localfetcher#1] reduce.MergeManagerImpl: closeInMemoryFile -> map-output of size: 23, inMemoryMapOutputs.size() -> 1, commitMemory -> 0, usedMemory ->23
2024-04-24T00:48:36,373  INFO [EventFetcher for fetching Map Completion Events] reduce.EventFetcher: EventFetcher is interrupted.. Returning
2024-04-24T00:48:36,374  INFO [pool-8-thread-1] mapred.LocalJobRunner: 1 / 1 copied.
2024-04-24T00:48:36,374  INFO [pool-8-thread-1] reduce.MergeManagerImpl: finalMerge called with 1 in-memory map-outputs and 0 on-disk map-outputs
2024-04-24T00:48:36,385  INFO [pool-8-thread-1] mapred.Merger: Merging 1 sorted segments
2024-04-24T00:48:36,385  INFO [pool-8-thread-1] mapred.Merger: Down to the last merge-pass, with 1 segments left of total size: 11 bytes
2024-04-24T00:48:36,388  INFO [pool-8-thread-1] reduce.MergeManagerImpl: Merged 1 segments, 23 bytes to disk to satisfy reduce memory limit
2024-04-24T00:48:36,389  INFO [pool-8-thread-1] reduce.MergeManagerImpl: Merging 1 files, 27 bytes from disk
2024-04-24T00:48:36,389  INFO [pool-8-thread-1] reduce.MergeManagerImpl: Merging 0 segments, 0 bytes from memory into reduce
2024-04-24T00:48:36,389  INFO [pool-8-thread-1] mapred.Merger: Merging 1 sorted segments
2024-04-24T00:48:36,390  INFO [pool-8-thread-1] mapred.Merger: Down to the last merge-pass, with 1 segments left of total size: 11 bytes
2024-04-24T00:48:36,390  INFO [pool-8-thread-1] mapred.LocalJobRunner: 1 / 1 copied.
2024-04-24T00:48:36,392  INFO [pool-8-thread-1] exec.SerializationUtilities: Deserializing ReduceWork using kryo
2024-04-24T00:48:36,397  INFO [pool-8-thread-1] exec.Utilities: Deserialized plan (via FILE) - name: null size: 6,27KB
2024-04-24T00:48:36,399  INFO [pool-8-thread-1] ExecReducer: 
<SEL>Id =6
  <Children>
    <FS>Id =7
      <Children>
      <\Children>
      <Parent>Id = 6 null<\Parent>
    <\FS>
  <\Children>
  <Parent><\Parent>
<\SEL>
2024-04-24T00:48:36,399  INFO [pool-8-thread-1] exec.SelectOperator: Initializing Operator: SEL[6]
2024-04-24T00:48:36,399  INFO [pool-8-thread-1] exec.SelectOperator: SELECT struct<key:struct<reducesinkkey0:int>,value:struct<_col0:varchar(128)>>
2024-04-24T00:48:36,399  INFO [pool-8-thread-1] exec.FileSinkOperator: Initializing Operator: FS[7]
2024-04-24T00:48:36,401  INFO [pool-8-thread-1] exec.FileSinkOperator: Using serializer : AbstractSerDe [log=org.apache.logging.slf4j.Log4jLogger@7cecb575, configuration=Optional[Configuration: core-default.xml, core-site.xml, mapred-default.xml, mapred-site.xml, yarn-default.xml, yarn-site.xml, hdfs-default.xml, hdfs-site.xml, file:/home/alex/Repositories/hive/ql/target/tmp/TestTxnCommands3/mapred/local/localRunner/alex/job_local16227671_0001/job_local16227671_0001.xml], properties={transactional_properties=default, name=default.acid_uap, transactional=true, columns.types=int:varchar(128), bucket_field_name=a, columns=a,b, columns.comments=&amp#0;, partition_columns.types=string, partition_columns=ds, bucketing_version=1, bucket_count=2, serialization.lib=org.apache.hadoop.hive.ql.io.orc.OrcSerde, file.inputformat=org.apache.hadoop.hive.ql.io.orc.OrcInputFormat, file.outputformat=org.apache.hadoop.hive.ql.io.orc.OrcOutputFormat, location=file:/home/alex/Repositories/hive/ql/target/tmp/org.apache.hadoop.hive.ql.TestTxnCommands3-1713944903826/warehouse/acid_uap, column.name.delimiter=,}, tableProperties={transactional_properties=default, name=default.acid_uap, transactional=true, columns.types=int:varchar(128), bucket_field_name=a, columns=a,b, columns.comments=&amp#0;, partition_columns.types=string, partition_columns=ds, bucketing_version=1, bucket_count=2, serialization.lib=org.apache.hadoop.hive.ql.io.orc.OrcSerde, file.inputformat=org.apache.hadoop.hive.ql.io.orc.OrcInputFormat, location=file:/home/alex/Repositories/hive/ql/target/tmp/org.apache.hadoop.hive.ql.TestTxnCommands3-1713944903826/warehouse/acid_uap, file.outputformat=org.apache.hadoop.hive.ql.io.orc.OrcOutputFormat, column.name.delimiter=,}, partitionProperties=Optional.empty, columnNames=[a, b], columnTypes=[int, varchar(128)], getClass()=class org.apache.hadoop.hive.ql.io.orc.OrcSerde] and formatter : org.apache.hadoop.hive.ql.io.orc.OrcOutputFormat@6b274b23
2024-04-24T00:48:36,406  INFO [pool-8-thread-1] exec.FileSinkOperator: Final Path: FS file:/home/alex/Repositories/hive/ql/target/tmp/org.apache.hadoop.hive.ql.TestTxnCommands3-1713944903826/warehouse/acid_uap/ds=tomorrow
2024-04-24T00:48:36,406  INFO [pool-8-thread-1] exec.FileSinkOperator: New Final Path: FS file:/home/alex/Repositories/hive/ql/target/tmp/org.apache.hadoop.hive.ql.TestTxnCommands3-1713944903826/warehouse/acid_uap/ds=tomorrow
2024-04-24T00:48:36,406  INFO [pool-8-thread-1] common.FileUtils: Creating directory if it doesn't exist: file:/home/alex/Repositories/hive/ql/target/tmp/org.apache.hadoop.hive.ql.TestTxnCommands3-1713944903826/warehouse/acid_uap
2024-04-24T00:48:36,425  INFO [pool-8-thread-1] exec.FileSinkOperator: FS[7]: records written - 1
2024-04-24T00:48:36,439  INFO [pool-8-thread-1] impl.HadoopShimsPre2_7: Can't get KeyProvider for ORC encryption from hadoop.security.key.provider.path.
2024-04-24T00:48:36,444  INFO [pool-8-thread-1] impl.PhysicalFsWriter: ORC writer created for path: file:/home/alex/Repositories/hive/ql/target/tmp/org.apache.hadoop.hive.ql.TestTxnCommands3-1713944903826/warehouse/acid_uap/ds=tomorrow/delta_0000001_0000001_0000/bucket_00000_0 with stripeSize: 8388608 blockSize: 268435456 compression: Compress: ZLIB buffer: 32768
2024-04-24T00:48:36,500  INFO [pool-8-thread-1] impl.WriterImpl: ORC writer created for path: file:/home/alex/Repositories/hive/ql/target/tmp/org.apache.hadoop.hive.ql.TestTxnCommands3-1713944903826/warehouse/acid_uap/ds=tomorrow/delta_0000001_0000001_0000/bucket_00000_0 with stripeSize: 8388608 options: Compress: ZLIB buffer: 32768
2024-04-24T00:48:36,513  INFO [pool-8-thread-1] exec.SelectOperator: Closing Operator: SEL[6]
2024-04-24T00:48:36,513  INFO [pool-8-thread-1] exec.SelectOperator: RECORDS_OUT_INTERMEDIATE:0, RECORDS_OUT_OPERATOR_SEL_6:1, 
2024-04-24T00:48:36,514  INFO [pool-8-thread-1] exec.FileSinkOperator: Closing Operator: FS[7]
2024-04-24T00:48:36,514  INFO [pool-8-thread-1] exec.FileSinkOperator: FS[7]: records written - 1
2024-04-24T00:48:36,555  INFO [pool-8-thread-1] FileOperations: Writing manifest to file:/home/alex/Repositories/hive/ql/target/tmp/org.apache.hadoop.hive.ql.TestTxnCommands3-1713944903826/warehouse/acid_uap/_tmp.delta_0000001_0000001_0000/000000_0.manifest with [file:/home/alex/Repositories/hive/ql/target/tmp/org.apache.hadoop.hive.ql.TestTxnCommands3-1713944903826/warehouse/acid_uap/ds=tomorrow/delta_0000001_0000001_0000/bucket_00000_0]
2024-04-24T00:48:36,583  INFO [pool-8-thread-1] exec.FileSinkOperator: RECORDS_OUT_OPERATOR_FS_7:1, RECORDS_OUT_1_default.acid_uap:1, TOTAL_TABLE_ROWS_WRITTEN:1, RECORDS_OUT_INTERMEDIATE:0, 
2024-04-24T00:48:36,584  INFO [pool-8-thread-1] mapred.Task: Task:attempt_local16227671_0001_r_000000_0 is done. And is in the process of committing
2024-04-24T00:48:36,585  INFO [pool-8-thread-1] mapred.LocalJobRunner: reduce > reduce
2024-04-24T00:48:36,586  INFO [pool-8-thread-1] mapred.Task: Task 'attempt_local16227671_0001_r_000000_0' done.
2024-04-24T00:48:36,586  INFO [pool-8-thread-1] mapred.Task: Final Counters for attempt_local16227671_0001_r_000000_0: Counters: 30
	File System Counters
		FILE: Number of bytes read=12488
		FILE: Number of bytes written=1175879
		FILE: Number of read operations=0
		FILE: Number of large read operations=0
		FILE: Number of write operations=0
	Map-Reduce Framework
		Combine input records=0
		Combine output records=0
		Reduce input groups=1
		Reduce shuffle bytes=27
		Reduce input records=1
		Reduce output records=0
		Spilled Records=1
		Shuffled Maps =1
		Failed Shuffles=0
		Merged Map outputs=1
		GC time elapsed (ms)=13
		Total committed heap usage (bytes)=914882560
	HIVE
		CREATED_FILES=1
		RECORDS_OUT_1_default.acid_uap=1
		RECORDS_OUT_INTERMEDIATE=0
		RECORDS_OUT_OPERATOR_FS_7=1
		RECORDS_OUT_OPERATOR_SEL_6=1
		TOTAL_TABLE_ROWS_WRITTEN=1
	Shuffle Errors
		BAD_ID=0
		CONNECTION=0
		IO_ERROR=0
		WRONG_LENGTH=0
		WRONG_MAP=0
		WRONG_REDUCE=0
	File Output Format Counters 
		Bytes Written=0
2024-04-24T00:48:36,586  INFO [pool-8-thread-1] mapred.LocalJobRunner: Finishing task: attempt_local16227671_0001_r_000000_0
2024-04-24T00:48:36,586  INFO [pool-8-thread-1] mapred.LocalJobRunner: Starting task: attempt_local16227671_0001_r_000001_0
2024-04-24T00:48:36,587  INFO [pool-8-thread-1] mapred.Task:  Using ResourceCalculatorProcessTree : [ ]
2024-04-24T00:48:36,587  INFO [pool-8-thread-1] mapred.ReduceTask: Using ShuffleConsumerPlugin: org.apache.hadoop.mapreduce.task.reduce.Shuffle@37cd92d5
2024-04-24T00:48:36,588  WARN [pool-8-thread-1] impl.MetricsSystemImpl: JobTracker metrics system already initialized!
2024-04-24T00:48:36,589  INFO [pool-8-thread-1] reduce.MergeManagerImpl: MergerManager: memoryLimit=1336252800, maxSingleShuffleLimit=334063200, mergeThreshold=881926912, ioSortFactor=10, memToMemMergeOutputsThreshold=10
2024-04-24T00:48:36,589  INFO [EventFetcher for fetching Map Completion Events] reduce.EventFetcher: attempt_local16227671_0001_r_000001_0 Thread started: EventFetcher for fetching Map Completion Events
2024-04-24T00:48:36,593  INFO [localfetcher#2] reduce.LocalFetcher: localfetcher#2 about to shuffle output of map attempt_local16227671_0001_m_000000_0 decomp: 23 len: 27 to MEMORY
2024-04-24T00:48:36,593  INFO [localfetcher#2] reduce.InMemoryMapOutput: Read 23 bytes from map-output for attempt_local16227671_0001_m_000000_0
2024-04-24T00:48:36,593  INFO [localfetcher#2] reduce.MergeManagerImpl: closeInMemoryFile -> map-output of size: 23, inMemoryMapOutputs.size() -> 1, commitMemory -> 0, usedMemory ->23
2024-04-24T00:48:36,594  INFO [EventFetcher for fetching Map Completion Events] reduce.EventFetcher: EventFetcher is interrupted.. Returning
2024-04-24T00:48:36,594  INFO [pool-8-thread-1] mapred.LocalJobRunner: 1 / 1 copied.
2024-04-24T00:48:36,594  INFO [pool-8-thread-1] reduce.MergeManagerImpl: finalMerge called with 1 in-memory map-outputs and 0 on-disk map-outputs
2024-04-24T00:48:36,601  INFO [pool-8-thread-1] mapred.Merger: Merging 1 sorted segments
2024-04-24T00:48:36,601  INFO [pool-8-thread-1] mapred.Merger: Down to the last merge-pass, with 1 segments left of total size: 11 bytes
2024-04-24T00:48:36,604  INFO [pool-8-thread-1] reduce.MergeManagerImpl: Merged 1 segments, 23 bytes to disk to satisfy reduce memory limit
2024-04-24T00:48:36,604  INFO [pool-8-thread-1] reduce.MergeManagerImpl: Merging 1 files, 27 bytes from disk
2024-04-24T00:48:36,604  INFO [pool-8-thread-1] reduce.MergeManagerImpl: Merging 0 segments, 0 bytes from memory into reduce
2024-04-24T00:48:36,604  INFO [pool-8-thread-1] mapred.Merger: Merging 1 sorted segments
2024-04-24T00:48:36,605  INFO [pool-8-thread-1] mapred.Merger: Down to the last merge-pass, with 1 segments left of total size: 11 bytes
2024-04-24T00:48:36,605  INFO [pool-8-thread-1] mapred.LocalJobRunner: 1 / 1 copied.
2024-04-24T00:48:36,606  INFO [pool-8-thread-1] exec.SerializationUtilities: Deserializing ReduceWork using kryo
2024-04-24T00:48:36,608  INFO [pool-8-thread-1] exec.Utilities: Deserialized plan (via FILE) - name: null size: 6,27KB
2024-04-24T00:48:36,610  INFO [pool-8-thread-1] ExecReducer: 
<SEL>Id =6
  <Children>
    <FS>Id =7
      <Children>
      <\Children>
      <Parent>Id = 6 null<\Parent>
    <\FS>
  <\Children>
  <Parent><\Parent>
<\SEL>
2024-04-24T00:48:36,610  INFO [pool-8-thread-1] exec.SelectOperator: Initializing Operator: SEL[6]
2024-04-24T00:48:36,610  INFO [pool-8-thread-1] exec.SelectOperator: SELECT struct<key:struct<reducesinkkey0:int>,value:struct<_col0:varchar(128)>>
2024-04-24T00:48:36,610  INFO [pool-8-thread-1] exec.FileSinkOperator: Initializing Operator: FS[7]
2024-04-24T00:48:36,611  INFO [pool-8-thread-1] exec.FileSinkOperator: Using serializer : AbstractSerDe [log=org.apache.logging.slf4j.Log4jLogger@7cecb575, configuration=Optional[Configuration: core-default.xml, core-site.xml, mapred-default.xml, mapred-site.xml, yarn-default.xml, yarn-site.xml, hdfs-default.xml, hdfs-site.xml, file:/home/alex/Repositories/hive/ql/target/tmp/TestTxnCommands3/mapred/local/localRunner/alex/job_local16227671_0001/job_local16227671_0001.xml], properties={transactional_properties=default, name=default.acid_uap, transactional=true, columns.types=int:varchar(128), bucket_field_name=a, columns=a,b, columns.comments=&amp#0;, partition_columns.types=string, partition_columns=ds, bucketing_version=1, bucket_count=2, serialization.lib=org.apache.hadoop.hive.ql.io.orc.OrcSerde, file.inputformat=org.apache.hadoop.hive.ql.io.orc.OrcInputFormat, file.outputformat=org.apache.hadoop.hive.ql.io.orc.OrcOutputFormat, location=file:/home/alex/Repositories/hive/ql/target/tmp/org.apache.hadoop.hive.ql.TestTxnCommands3-1713944903826/warehouse/acid_uap, column.name.delimiter=,}, tableProperties={transactional_properties=default, name=default.acid_uap, transactional=true, columns.types=int:varchar(128), bucket_field_name=a, columns=a,b, columns.comments=&amp#0;, partition_columns.types=string, partition_columns=ds, bucketing_version=1, bucket_count=2, serialization.lib=org.apache.hadoop.hive.ql.io.orc.OrcSerde, file.inputformat=org.apache.hadoop.hive.ql.io.orc.OrcInputFormat, location=file:/home/alex/Repositories/hive/ql/target/tmp/org.apache.hadoop.hive.ql.TestTxnCommands3-1713944903826/warehouse/acid_uap, file.outputformat=org.apache.hadoop.hive.ql.io.orc.OrcOutputFormat, column.name.delimiter=,}, partitionProperties=Optional.empty, columnNames=[a, b], columnTypes=[int, varchar(128)], getClass()=class org.apache.hadoop.hive.ql.io.orc.OrcSerde] and formatter : org.apache.hadoop.hive.ql.io.orc.OrcOutputFormat@67b7d9a8
2024-04-24T00:48:36,612  INFO [pool-8-thread-1] exec.FileSinkOperator: Final Path: FS file:/home/alex/Repositories/hive/ql/target/tmp/org.apache.hadoop.hive.ql.TestTxnCommands3-1713944903826/warehouse/acid_uap/ds=tomorrow
2024-04-24T00:48:36,612  INFO [pool-8-thread-1] exec.FileSinkOperator: New Final Path: FS file:/home/alex/Repositories/hive/ql/target/tmp/org.apache.hadoop.hive.ql.TestTxnCommands3-1713944903826/warehouse/acid_uap/ds=tomorrow
2024-04-24T00:48:36,612  INFO [pool-8-thread-1] common.FileUtils: Creating directory if it doesn't exist: file:/home/alex/Repositories/hive/ql/target/tmp/org.apache.hadoop.hive.ql.TestTxnCommands3-1713944903826/warehouse/acid_uap
2024-04-24T00:48:36,613  INFO [pool-8-thread-1] exec.FileSinkOperator: FS[7]: records written - 1
2024-04-24T00:48:36,613  INFO [pool-8-thread-1] impl.PhysicalFsWriter: ORC writer created for path: file:/home/alex/Repositories/hive/ql/target/tmp/org.apache.hadoop.hive.ql.TestTxnCommands3-1713944903826/warehouse/acid_uap/ds=tomorrow/delta_0000001_0000001_0000/bucket_00001_0 with stripeSize: 8388608 blockSize: 268435456 compression: Compress: ZLIB buffer: 32768
2024-04-24T00:48:36,619  INFO [pool-8-thread-1] impl.WriterImpl: ORC writer created for path: file:/home/alex/Repositories/hive/ql/target/tmp/org.apache.hadoop.hive.ql.TestTxnCommands3-1713944903826/warehouse/acid_uap/ds=tomorrow/delta_0000001_0000001_0000/bucket_00001_0 with stripeSize: 8388608 options: Compress: ZLIB buffer: 32768
2024-04-24T00:48:36,619  INFO [pool-8-thread-1] exec.SelectOperator: Closing Operator: SEL[6]
2024-04-24T00:48:36,619  INFO [pool-8-thread-1] exec.SelectOperator: RECORDS_OUT_OPERATOR_SEL_6:1, RECORDS_OUT_INTERMEDIATE:0, 
2024-04-24T00:48:36,619  INFO [pool-8-thread-1] exec.FileSinkOperator: Closing Operator: FS[7]
2024-04-24T00:48:36,619  INFO [pool-8-thread-1] exec.FileSinkOperator: FS[7]: records written - 1
2024-04-24T00:48:36,623  INFO [pool-8-thread-1] FileOperations: Writing manifest to file:/home/alex/Repositories/hive/ql/target/tmp/org.apache.hadoop.hive.ql.TestTxnCommands3-1713944903826/warehouse/acid_uap/_tmp.delta_0000001_0000001_0000/000001_0.manifest with [file:/home/alex/Repositories/hive/ql/target/tmp/org.apache.hadoop.hive.ql.TestTxnCommands3-1713944903826/warehouse/acid_uap/ds=tomorrow/delta_0000001_0000001_0000/bucket_00001_0]
2024-04-24T00:48:36,634  INFO [pool-8-thread-1] exec.FileSinkOperator: RECORDS_OUT_OPERATOR_FS_7:1, RECORDS_OUT_1_default.acid_uap:1, RECORDS_OUT_INTERMEDIATE:0, TOTAL_TABLE_ROWS_WRITTEN:1, 
2024-04-24T00:48:36,635  INFO [pool-8-thread-1] mapred.Task: Task:attempt_local16227671_0001_r_000001_0 is done. And is in the process of committing
2024-04-24T00:48:36,636  INFO [pool-8-thread-1] mapred.LocalJobRunner: reduce > reduce
2024-04-24T00:48:36,636  INFO [pool-8-thread-1] mapred.Task: Task 'attempt_local16227671_0001_r_000001_0' done.
2024-04-24T00:48:36,636  INFO [pool-8-thread-1] mapred.Task: Final Counters for attempt_local16227671_0001_r_000001_0: Counters: 30
	File System Counters
		FILE: Number of bytes read=18929
		FILE: Number of bytes written=1176968
		FILE: Number of read operations=0
		FILE: Number of large read operations=0
		FILE: Number of write operations=0
	Map-Reduce Framework
		Combine input records=0
		Combine output records=0
		Reduce input groups=1
		Reduce shuffle bytes=27
		Reduce input records=1
		Reduce output records=0
		Spilled Records=1
		Shuffled Maps =1
		Failed Shuffles=0
		Merged Map outputs=1
		GC time elapsed (ms)=0
		Total committed heap usage (bytes)=914882560
	HIVE
		CREATED_FILES=1
		RECORDS_OUT_1_default.acid_uap=1
		RECORDS_OUT_INTERMEDIATE=0
		RECORDS_OUT_OPERATOR_FS_7=1
		RECORDS_OUT_OPERATOR_SEL_6=1
		TOTAL_TABLE_ROWS_WRITTEN=1
	Shuffle Errors
		BAD_ID=0
		CONNECTION=0
		IO_ERROR=0
		WRONG_LENGTH=0
		WRONG_MAP=0
		WRONG_REDUCE=0
	File Output Format Counters 
		Bytes Written=0
2024-04-24T00:48:36,636  INFO [pool-8-thread-1] mapred.LocalJobRunner: Finishing task: attempt_local16227671_0001_r_000001_0
2024-04-24T00:48:36,636  INFO [Thread-75] mapred.LocalJobRunner: reduce task executor complete.
2024-04-24 00:48:37,137 Stage-1 map = 100%,  reduce = 100%
2024-04-24T00:48:37,137  INFO [main] exec.Task: 2024-04-24 00:48:37,137 Stage-1 map = 100%,  reduce = 100%
Ended Job = job_local16227671_0001
2024-04-24T00:48:37,140  INFO [main] exec.Task: Ended Job = job_local16227671_0001
2024-04-24T00:48:37,142  INFO [main] FileOperations: Found manifest file file:/home/alex/Repositories/hive/ql/target/tmp/org.apache.hadoop.hive.ql.TestTxnCommands3-1713944903826/warehouse/acid_uap/_tmp.delta_0000001_0000001_0000/000001_0.manifest with attemptId 0.
2024-04-24T00:48:37,142  INFO [main] FileOperations: Found manifest file file:/home/alex/Repositories/hive/ql/target/tmp/org.apache.hadoop.hive.ql.TestTxnCommands3-1713944903826/warehouse/acid_uap/_tmp.delta_0000001_0000001_0000/000000_0.manifest with attemptId 0.
2024-04-24T00:48:37,142  INFO [main] FileOperations: Looking at manifest file: file:/home/alex/Repositories/hive/ql/target/tmp/org.apache.hadoop.hive.ql.TestTxnCommands3-1713944903826/warehouse/acid_uap/_tmp.delta_0000001_0000001_0000/000000_0.manifest
2024-04-24T00:48:37,143  INFO [main] FileOperations: Looking at manifest file: file:/home/alex/Repositories/hive/ql/target/tmp/org.apache.hadoop.hive.ql.TestTxnCommands3-1713944903826/warehouse/acid_uap/_tmp.delta_0000001_0000001_0000/000001_0.manifest
2024-04-24T00:48:37,144  INFO [main] FileOperations: Deleting manifest directory file:/home/alex/Repositories/hive/ql/target/tmp/org.apache.hadoop.hive.ql.TestTxnCommands3-1713944903826/warehouse/acid_uap/_tmp.delta_0000001_0000001_0000
2024-04-24T00:48:37,147  INFO [main] ql.Driver: Starting task [Stage-0:MOVE] in serial mode
Loading data to table default.acid_uap partition (ds=tomorrow)
2024-04-24T00:48:37,148  INFO [main] exec.Task: Loading data to table default.acid_uap partition (ds=tomorrow) from file:/home/alex/Repositories/hive/ql/target/tmp/org.apache.hadoop.hive.ql.TestTxnCommands3-1713944903826/warehouse/acid_uap/ds=tomorrow
2024-04-24T00:48:37,149  INFO [main] HiveMetaStore.audit: ugi=alex	ip=unknown-ip-addr	cmd=get_table : tbl=hive.default.acid_uap	
2024-04-24T00:48:37,161  INFO [main] metastore.HMSHandler: Skipping translation for processor with null
2024-04-24T00:48:37,162  INFO [main] exec.MoveTask: Partition is: {ds=tomorrow}
2024-04-24T00:48:37,162  INFO [main] HiveMetaStore.audit: ugi=alex	ip=unknown-ip-addr	cmd=partition_name_has_valid_characters	
2024-04-24T00:48:37,163  INFO [main] HiveMetaStore.audit: ugi=alex	ip=unknown-ip-addr	cmd=get_table : tbl=hive.default.acid_uap	
2024-04-24T00:48:37,176  INFO [main] metastore.HMSHandler: Skipping translation for processor with null
2024-04-24T00:48:37,176  INFO [main] HiveMetaStore.audit: ugi=alex	ip=unknown-ip-addr	cmd=get_partition_with_auth : tbl=hive.default.acid_uap[tomorrow]	
2024-04-24T00:48:37,202  WARN [main] FileOperations: Computing stats for an ACID table; stats may be inaccurate
2024-04-24T00:48:37,204  INFO [main] HiveMetaStore.audit: ugi=alex	ip=unknown-ip-addr	cmd=add_partition : tbl=hive.default.acid_uap	
2024-04-24T00:48:37,261  INFO [main] HiveMetaStore.audit: ugi=alex	ip=unknown-ip-addr	cmd=get_partition_with_auth : tbl=hive.default.acid_uap[tomorrow]	
2024-04-24T00:48:37,299  INFO [main] ql.Driver: Starting task [Stage-2:STATS] in serial mode
2024-04-24T00:48:37,299  INFO [main] HiveMetaStore.audit: ugi=alex	ip=unknown-ip-addr	cmd=get_table : tbl=hive.default.acid_uap	
2024-04-24T00:48:37,311  INFO [main] metastore.HMSHandler: Skipping translation for processor with null
2024-04-24T00:48:37,311  INFO [main] stats.BasicStatsTask: Executing stats task
2024-04-24T00:48:37,311  INFO [main] fs.FSStatsPublisher: created : file:/home/alex/Repositories/hive/ql/target/tmp/localscratchdir/42396fdd-37ef-497a-a482-3c773af2ea61/hive_2024-04-24_00-48-32_487_1223854577605368930-1/-mr-10000
2024-04-24T00:48:37,317  INFO [main] HiveMetaStore.audit: ugi=alex	ip=unknown-ip-addr	cmd=get_table : tbl=hive.default.acid_uap	
2024-04-24T00:48:37,328  INFO [main] metastore.HMSHandler: Skipping translation for processor with null
2024-04-24T00:48:37,328  INFO [main] HiveMetaStore.audit: ugi=alex	ip=unknown-ip-addr	cmd=get_partition_with_auth : tbl=hive.default.acid_uap[tomorrow]	
2024-04-24T00:48:37,364  WARN [stats-updater-thread-0] FileOperations: Computing stats for an ACID table; stats may be inaccurate
2024-04-24T00:48:37,365  INFO [main] FileOperations: Read stats for default.acid_uap/ds=tomorrow/, numRows, true, 2, false: 
2024-04-24T00:48:37,365  INFO [main] FileOperations: Read stats for default.acid_uap/ds=tomorrow/, rawDataSize, true, 0, false: 
2024-04-24T00:48:37,365  INFO [main] stats.BasicStatsTask: Partition {ds=tomorrow} stats: [numFiles=2, numRows=2, totalSize=1409, rawDataSize=0, numFilesErasureCoded=0]
2024-04-24T00:48:37,366  INFO [main] HiveMetaStore.audit: ugi=alex	ip=unknown-ip-addr	cmd=alter_partitions : tbl=hive.default.acid_uap	
2024-04-24T00:48:37,366  INFO [main] metastore.HMSHandler: New partition values:[tomorrow]
2024-04-24T00:48:37,502  INFO [main] FileOperations: Read stats for default.acid_uap/ds=tomorrow/, insertCount, true, 2, false: 
2024-04-24T00:48:37,502  INFO [main] FileOperations: Read stats for default.acid_uap/ds=tomorrow/, updateCount, true, 0, false: 
2024-04-24T00:48:37,502  INFO [main] FileOperations: Read stats for default.acid_uap/ds=tomorrow/, deleteCount, true, 0, false: 
2024-04-24T00:48:37,507  INFO [main] metadata.Hive: Dumping metastore api call timing information for : execution phase
2024-04-24T00:48:37,507  INFO [main] metadata.Hive: Total time spent in each metastore function (ms): {add_partition_(Partition)=57, updateTransactionalStatistics_(UpdateTransactionalStatsRequest)=4, alter_partitions_(String, String, List, EnvironmentContext, String, long)=137, isCompatibleWith_(Configuration)=0, getValidWriteIds_(List, String)=2, getTable_(GetTableRequest)=51, validatePartitionNameCharacters_(List)=0, getPartitionWithAuthInfo_(String, String, List, String, List)=57}
MapReduce Jobs Launched: 
2024-04-24T00:48:37,508  INFO [main] ql.Driver: MapReduce Jobs Launched: 
Stage-Stage-1:  HDFS Read: 0 HDFS Write: 0 SUCCESS
2024-04-24T00:48:37,517  INFO [main] ql.Driver: Stage-Stage-1:  HDFS Read: 0 HDFS Write: 0 SUCCESS
Total MapReduce CPU Time Spent: 0 msec
2024-04-24T00:48:37,518  INFO [main] ql.Driver: Total MapReduce CPU Time Spent: 0 msec
2024-04-24T00:48:37,518  INFO [main] ql.Driver: Completed executing command(queryId=alex_20240424004832_b692ccf7-5f03-4085-9bd6-b4cf02631d33); Time taken: 2.173 seconds
2024-04-24T00:48:37,518  INFO [main] lockmgr.DbTxnManager: Stopped heartbeat for query: alex_20240424004832_b692ccf7-5f03-4085-9bd6-b4cf02631d33
2024-04-24T00:48:37,536  INFO [main] txn.TxnHandler: Removed transactions: ([15]) from MIN_HISTORY_LEVEL
2024-04-24T00:48:37,536  WARN [main] txn.CompactionTxnHandler: No compaction queue record found for Compaction type transaction commit. txnId:15
2024-04-24T00:48:37,537  INFO [main] ql.TxnCommandsBaseForTests: Running the query: insert into table acid_uap partition (ds='today') values (1, 'bah'),(2, 'yah')
2024-04-24T00:48:37,537  INFO [main] ql.Context: Deleting scratch dir: file:/home/alex/Repositories/hive/ql/target/tmp/localscratchdir/42396fdd-37ef-497a-a482-3c773af2ea61/hive_2024-04-24_00-48-32_487_1223854577605368930-1
2024-04-24T00:48:37,538  INFO [main] cleanup.SyncCleanupService: Deleted directory: file:/home/alex/Repositories/hive/ql/target/tmp/localscratchdir/42396fdd-37ef-497a-a482-3c773af2ea61/hive_2024-04-24_00-48-32_487_1223854577605368930-1 on fs with scheme file
2024-04-24T00:48:37,538  INFO [main] ql.Driver: Compiling command(queryId=alex_20240424004837_9623d03a-eda2-4176-bcd4-6461efd64c98): insert into table acid_uap partition (ds='today') values (1, 'bah'),(2, 'yah')
2024-04-24T00:48:37,547  INFO [main] txn.TxnHandler: Added entries to MIN_HISTORY_LEVEL for current txns: ([16]) with min_open_txn: 16
2024-04-24T00:48:37,548  INFO [main] lockmgr.DbTxnManager: Opened txnid:16
2024-04-24T00:48:37,551  INFO [main] parse.CalcitePlanner: Starting caching scope for: 
2024-04-24T00:48:37,551  INFO [main] parse.CalcitePlanner: Starting Semantic Analysis
2024-04-24T00:48:37,556  INFO [main] HiveMetaStore.audit: ugi=alex	ip=unknown-ip-addr	cmd=get_table : tbl=hive.default.acid_uap	
2024-04-24T00:48:37,573  INFO [main] metastore.HMSHandler: Skipping translation for processor with null
2024-04-24T00:48:37,573  INFO [main] parse.CalcitePlanner: Completed phase 1 of Semantic Analysis
2024-04-24T00:48:37,573  INFO [main] parse.CalcitePlanner: Get metadata for source tables
2024-04-24T00:48:37,573  INFO [main] parse.CalcitePlanner: Get metadata for subqueries
2024-04-24T00:48:37,573  INFO [main] parse.CalcitePlanner: Get metadata for destination tables
2024-04-24T00:48:37,573  INFO [main] HiveMetaStore.audit: ugi=alex	ip=unknown-ip-addr	cmd=get_table : tbl=hive.default.acid_uap	
2024-04-24T00:48:37,589  INFO [main] metastore.HMSHandler: Skipping translation for processor with null
2024-04-24T00:48:37,589  INFO [main] HiveMetaStore.audit: ugi=alex	ip=unknown-ip-addr	cmd=get_partition_with_auth : tbl=hive.default.acid_uap[today]	
2024-04-24T00:48:37,597  INFO [main] parse.CalcitePlanner: Completed getting MetaData in Semantic Analysis
2024-04-24T00:48:37,597  INFO [main] parse.CalcitePlanner: Disabling LLAP IO encode as ETL query is detected
2024-04-24T00:48:37,629  INFO [main] HiveMetaStore.audit: ugi=alex	ip=unknown-ip-addr	cmd=get_all_table_constraints : tbl=hive._dummy_database._dummy_table	
2024-04-24T00:48:37,766  INFO [main] parse.CalcitePlanner: Get metadata for source tables
2024-04-24T00:48:37,766  INFO [main] parse.CalcitePlanner: Get metadata for subqueries
2024-04-24T00:48:37,766  INFO [main] parse.CalcitePlanner: Get metadata for source tables
2024-04-24T00:48:37,767  INFO [main] HiveMetaStore.audit: ugi=alex	ip=unknown-ip-addr	cmd=get_table : tbl=hive._dummy_database._dummy_table	
2024-04-24T00:48:37,771  INFO [main] parse.CalcitePlanner: Get metadata for subqueries
2024-04-24T00:48:37,771  INFO [main] parse.CalcitePlanner: Get metadata for destination tables
2024-04-24T00:48:37,771  INFO [main] parse.CalcitePlanner: Get metadata for destination tables
2024-04-24T00:48:37,772  INFO [main] HiveMetaStore.audit: ugi=alex	ip=unknown-ip-addr	cmd=get_table : tbl=hive.default.acid_uap	
2024-04-24T00:48:37,784  INFO [main] metastore.HMSHandler: Skipping translation for processor with null
2024-04-24T00:48:37,784  INFO [main] HiveMetaStore.audit: ugi=alex	ip=unknown-ip-addr	cmd=get_partition_with_auth : tbl=hive.default.acid_uap[today]	
2024-04-24T00:48:37,795  INFO [main] HiveMetaStore.audit: ugi=alex	ip=unknown-ip-addr	cmd=get_not_null_constraints : tbl=hive.default.acid_uap	
2024-04-24T00:48:37,796  INFO [main] HiveMetaStore.audit: ugi=alex	ip=unknown-ip-addr	cmd=get_check_constraints : tbl=hive.default.acid_uap	
2024-04-24T00:48:37,806  INFO [main] txn.TxnHandler: Allocated writeId: 2 for txnId: 16
2024-04-24T00:48:37,806  INFO [main] txn.TxnHandler: Allocated write ids for dbName=default, tblName=acid_uap (txnIds: [16])
2024-04-24T00:48:37,808  INFO [main] parse.CalcitePlanner: CBO Succeeded; optimized logical plan.
2024-04-24T00:48:37,813  INFO [main] optimizer.ColumnPrunerProcFactory: RS 5 oldColExprMap: {VALUE._col0=Column[_col1], KEY.reducesinkkey0=Column[_col0]}
2024-04-24T00:48:37,813  INFO [main] optimizer.ColumnPrunerProcFactory: RS 5 newColExprMap: {VALUE._col0=Column[_col1], KEY.reducesinkkey0=Column[_col0]}
2024-04-24T00:48:37,815  INFO [main] optimizer.BucketVersionPopulator: not considering bucketingVersion for: TS[0] because it has -1<2 buckets 
2024-04-24T00:48:37,816  INFO [main] optimizer.SortedDynPartitionOptimizer: Sorted dynamic partitioning optimization kicked in..
2024-04-24T00:48:37,826  INFO [main] HiveMetaStore.audit: ugi=alex	ip=unknown-ip-addr	cmd=get_table : tbl=hive.default.acid_uap	
2024-04-24T00:48:37,838  INFO [main] metastore.HMSHandler: Skipping translation for processor with null
2024-04-24T00:48:37,839  INFO [main] physical.Vectorizer: Examining input format to see if vectorization is enabled.
2024-04-24T00:48:37,839  INFO [main] physical.Vectorizer: Map vectorization enabled: false
2024-04-24T00:48:37,839  INFO [main] physical.Vectorizer: Map vectorized: false
2024-04-24T00:48:37,839  INFO [main] physical.Vectorizer: Map vectorizedVertexNum: 0
2024-04-24T00:48:37,839  INFO [main] physical.Vectorizer: Map enabledConditionsMet: [hive.vectorized.use.vectorized.input.format IS true]
2024-04-24T00:48:37,839  INFO [main] physical.Vectorizer: Map enabledConditionsNotMet: [Could not enable vectorization due to partition column names size 1 is greater than the number of table column names size 0 IS false]
2024-04-24T00:48:37,839  INFO [main] physical.Vectorizer: Map inputFileFormatClassNameSet: [org.apache.hadoop.hive.ql.io.NullRowsInputFormat]
2024-04-24T00:48:37,839  INFO [main] physical.Vectorizer: Reduce vectorization enabled: false
2024-04-24T00:48:37,839  INFO [main] physical.Vectorizer: Reduce vectorized: false
2024-04-24T00:48:37,839  INFO [main] physical.Vectorizer: Reduce vectorizedVertexNum: 1
2024-04-24T00:48:37,839  INFO [main] physical.Vectorizer: Reducer hive.vectorized.execution.reduce.enabled: true
2024-04-24T00:48:37,839  INFO [main] physical.Vectorizer: Reducer engine: mr
2024-04-24T00:48:37,839  INFO [main] parse.CalcitePlanner: Completed plan generation
2024-04-24T00:48:37,839  INFO [main] parse.CalcitePlanner: Ending caching scope for: 
2024-04-24T00:48:37,839  INFO [main] ql.Driver: Semantic Analysis Completed (retrial = false)
2024-04-24T00:48:37,840  INFO [main] HiveMetaStore.audit: ugi=alex	ip=unknown-ip-addr	cmd=get_partitions_ps_with_auth : tbl=hive.default.acid_uap[today]	
2024-04-24T00:48:37,858  INFO [main] ql.Driver: Created Hive schema: Schema(fieldSchemas:[FieldSchema(name:_col0, type:int, comment:null), FieldSchema(name:_col1, type:varchar(128), comment:null)], properties:null)
2024-04-24T00:48:37,858  INFO [main] metadata.Hive: Dumping metastore api call timing information for : compilation phase
2024-04-24T00:48:37,859  INFO [main] metadata.Hive: Total time spent in each metastore function (ms): {flushCache_()=1, getAllTableConstraints_(AllTableConstraintsRequest)=7, getValidTxns_(long)=3, isCompatibleWith_(Configuration)=0, getTable_(GetTableRequest)=58, getCheckConstraints_(CheckConstraintsRequest)=2, openTxn_(String, TxnType)=8, getValidWriteIds_(List, String)=13, getNotNullConstraints_(NotNullConstraintsRequest)=1, listPartitionsWithAuthInfo_(String, String, List, short, String, List)=18, commitTxn_(CommitTxnRequest)=18, allocateTableWriteId_(long, String, String)=8}
2024-04-24T00:48:37,859  INFO [main] ql.Driver: Completed compiling command(queryId=alex_20240424004837_9623d03a-eda2-4176-bcd4-6461efd64c98); Time taken: 0.32 seconds
2024-04-24T00:48:37,859  INFO [main] lockmgr.DbTxnManager: Setting lock request transaction to txnid:16 for queryId=alex_20240424004837_9623d03a-eda2-4176-bcd4-6461efd64c98
2024-04-24T00:48:37,860  INFO [main] lockmgr.DbLockManager: Requesting lock for queryId=alex_20240424004837_9623d03a-eda2-4176-bcd4-6461efd64c98
2024-04-24T00:48:37,889  INFO [main] lockmgr.DbLockManager: Response to queryId=alex_20240424004837_9623d03a-eda2-4176-bcd4-6461efd64c98 LockResponse(lockid:9, state:ACQUIRED)
2024-04-24T00:48:37,889  INFO [main] ql.Driver: Operation QUERY obtained 1 locks
2024-04-24T00:48:37,893  INFO [main] ql.Driver: Executing command(queryId=alex_20240424004837_9623d03a-eda2-4176-bcd4-6461efd64c98): insert into table acid_uap partition (ds='today') values (1, 'bah'),(2, 'yah')
2024-04-24T00:48:37,893  WARN [main] ql.Driver: Hive-on-MR is deprecated in Hive 2 and may not be available in the future versions. Consider using a different execution engine (i.e. tez, spark) or using Hive 1.X releases.
Query ID = alex_20240424004837_9623d03a-eda2-4176-bcd4-6461efd64c98
2024-04-24T00:48:37,893  INFO [main] ql.Driver: Query ID = alex_20240424004837_9623d03a-eda2-4176-bcd4-6461efd64c98
Total jobs = 1
2024-04-24T00:48:37,893  INFO [main] ql.Driver: Total jobs = 1
Launching Job 1 out of 1
2024-04-24T00:48:37,893  INFO [main] ql.Driver: Launching Job 1 out of 1
2024-04-24T00:48:38,047  INFO [main] ql.Driver: Starting task [Stage-1:MAPRED] in serial mode
Number of reduce tasks determined at compile time: 2
2024-04-24T00:48:38,047  INFO [main] exec.Task: Number of reduce tasks determined at compile time: 2
In order to change the average load for a reducer (in bytes):
2024-04-24T00:48:38,047  INFO [main] exec.Task: In order to change the average load for a reducer (in bytes):
  set hive.exec.reducers.bytes.per.reducer=<number>
2024-04-24T00:48:38,047  INFO [main] exec.Task:   set hive.exec.reducers.bytes.per.reducer=<number>
In order to limit the maximum number of reducers:
2024-04-24T00:48:38,048  INFO [main] exec.Task: In order to limit the maximum number of reducers:
  set hive.exec.reducers.max=<number>
2024-04-24T00:48:38,048  INFO [main] exec.Task:   set hive.exec.reducers.max=<number>
In order to set a constant number of reducers:
2024-04-24T00:48:38,048  INFO [main] exec.Task: In order to set a constant number of reducers:
  set mapreduce.job.reduces=<number>
2024-04-24T00:48:38,048  INFO [main] exec.Task:   set mapreduce.job.reduces=<number>
2024-04-24T00:48:38,050  INFO [main] mr.ExecDriver: Using org.apache.hadoop.hive.ql.io.HiveInputFormat
2024-04-24T00:48:38,050  INFO [main] exec.Utilities: Processing alias $hdt$_0:_dummy_table
2024-04-24T00:48:38,051  INFO [main] exec.Utilities: Adding 1 inputs; the first input is file:/home/alex/Repositories/hive/ql/target/tmp/localscratchdir/42396fdd-37ef-497a-a482-3c773af2ea61/hive_2024-04-24_00-48-37_538_5301910438544825200-1/dummy_path
2024-04-24T00:48:38,061  INFO [main] exec.SerializationUtilities: Serializing MapWork using kryo
2024-04-24T00:48:38,063  INFO [main] exec.Utilities: Serialized plan (via FILE) - name: null size: 5,59KB
2024-04-24T00:48:38,068  INFO [main] exec.SerializationUtilities: Serializing ReduceWork using kryo
2024-04-24T00:48:38,079  INFO [main] exec.Utilities: Serialized plan (via FILE) - name: null size: 6,27KB
2024-04-24T00:48:38,080  WARN [main] impl.MetricsSystemImpl: JobTracker metrics system already initialized!
2024-04-24T00:48:38,085  INFO [main] fs.FSStatsPublisher: created : file:/home/alex/Repositories/hive/ql/target/tmp/localscratchdir/42396fdd-37ef-497a-a482-3c773af2ea61/hive_2024-04-24_00-48-37_538_5301910438544825200-1/-mr-10000
2024-04-24T00:48:38,087  WARN [main] impl.MetricsSystemImpl: JobTracker metrics system already initialized!
2024-04-24T00:48:38,097  WARN [main] mapreduce.JobResourceUploader: Hadoop command-line option parsing not performed. Implement the Tool interface and execute your application with ToolRunner to remedy this.
2024-04-24T00:48:38,101  WARN [main] mapreduce.JobResourceUploader: No job jar file set.  User classes may not be found. See Job or Job#setJar(String).
2024-04-24T00:48:38,103  INFO [main] io.HiveInputFormat: hive.io.file.readcolumn.ids = 
2024-04-24T00:48:38,103  INFO [main] io.HiveInputFormat: hive.io.file.readcolumn.names = 
2024-04-24T00:48:38,103  INFO [main] io.HiveInputFormat: Generating splits for dirs: file:/home/alex/Repositories/hive/ql/target/tmp/localscratchdir/42396fdd-37ef-497a-a482-3c773af2ea61/hive_2024-04-24_00-48-37_538_5301910438544825200-1/dummy_path
2024-04-24T00:48:38,104  INFO [main] io.HiveInputFormat: number of splits 1
2024-04-24T00:48:38,122  INFO [main] mapreduce.JobSubmitter: number of splits:1
2024-04-24T00:48:38,142  INFO [main] mapreduce.JobSubmitter: Submitting tokens for job: job_local682085074_0002
2024-04-24T00:48:38,142  INFO [main] mapreduce.JobSubmitter: Executing with tokens: []
2024-04-24T00:48:38,214  INFO [main] mapreduce.Job: The url to track the job: http://localhost:8080/
Job running in-process (local Hadoop)
2024-04-24T00:48:38,214  INFO [main] exec.Task: Job running in-process (local Hadoop)
2024-04-24T00:48:38,214  INFO [Thread-156] mapred.LocalJobRunner: OutputCommitter set in config org.apache.hadoop.hive.ql.io.HiveFileFormatUtils$NullOutputCommitter
2024-04-24T00:48:38,215  INFO [Thread-156] mapred.LocalJobRunner: OutputCommitter is org.apache.hadoop.hive.ql.io.HiveFileFormatUtils$NullOutputCommitter
2024-04-24T00:48:38,217  INFO [Thread-156] mapred.LocalJobRunner: Waiting for map tasks
2024-04-24T00:48:38,217  INFO [LocalJobRunner Map Task Executor #0] mapred.LocalJobRunner: Starting task: attempt_local682085074_0002_m_000000_0
2024-04-24T00:48:38,218  INFO [LocalJobRunner Map Task Executor #0] mapred.Task:  Using ResourceCalculatorProcessTree : [ ]
2024-04-24T00:48:38,218  INFO [LocalJobRunner Map Task Executor #0] mapred.MapTask: Processing split: org.apache.hadoop.hive.ql.io.NullRowsInputFormat:file:/home/alex/Repositories/hive/ql/target/tmp/localscratchdir/42396fdd-37ef-497a-a482-3c773af2ea61/hive_2024-04-24_00-48-37_538_5301910438544825200-1/dummy_path/null:0+1
2024-04-24T00:48:38,219  INFO [LocalJobRunner Map Task Executor #0] exec.SerializationUtilities: Deserializing MapWork using kryo
2024-04-24T00:48:38,221  INFO [LocalJobRunner Map Task Executor #0] exec.Utilities: Deserialized plan (via FILE) - name: null size: 5,59KB
2024-04-24T00:48:38,221  INFO [LocalJobRunner Map Task Executor #0] mapred.MapTask: numReduceTasks: 2
2024-04-24T00:48:38,226  INFO [LocalJobRunner Map Task Executor #0] mapred.MapTask: (EQUATOR) 0 kvi 26214396(104857584)
2024-04-24T00:48:38,226  INFO [LocalJobRunner Map Task Executor #0] mapred.MapTask: mapreduce.task.io.sort.mb: 100
2024-04-24T00:48:38,226  INFO [LocalJobRunner Map Task Executor #0] mapred.MapTask: soft limit at 83886080
2024-04-24T00:48:38,226  INFO [LocalJobRunner Map Task Executor #0] mapred.MapTask: bufstart = 0; bufvoid = 104857600
2024-04-24T00:48:38,226  INFO [LocalJobRunner Map Task Executor #0] mapred.MapTask: kvstart = 26214396; length = 6553600
2024-04-24T00:48:38,227  INFO [LocalJobRunner Map Task Executor #0] mapred.MapTask: Map output collector class = org.apache.hadoop.mapred.MapTask$MapOutputBuffer
2024-04-24T00:48:38,227  INFO [LocalJobRunner Map Task Executor #0] exec.MapOperator: Initializing Operator: MAP[0]
2024-04-24T00:48:38,227  INFO [LocalJobRunner Map Task Executor #0] mr.ExecMapper: 
<MAP>Id =0
  <Children>null
  <\Children>
  <Parent><\Parent>
<\MAP>
2024-04-24T00:48:38,228  INFO [LocalJobRunner Map Task Executor #0] exec.TableScanOperator: Initializing Operator: TS[0]
2024-04-24T00:48:38,228  INFO [LocalJobRunner Map Task Executor #0] exec.SelectOperator: Initializing Operator: SEL[1]
2024-04-24T00:48:38,228  INFO [LocalJobRunner Map Task Executor #0] exec.SelectOperator: SELECT null
2024-04-24T00:48:38,229  INFO [LocalJobRunner Map Task Executor #0] exec.UDTFOperator: Initializing Operator: UDTF[2]
2024-04-24T00:48:38,229  INFO [LocalJobRunner Map Task Executor #0] exec.SelectOperator: Initializing Operator: SEL[3]
2024-04-24T00:48:38,229  INFO [LocalJobRunner Map Task Executor #0] exec.SelectOperator: SELECT struct<col1:int,col2:string>
2024-04-24T00:48:38,229  INFO [LocalJobRunner Map Task Executor #0] exec.ReduceSinkOperator: Initializing Operator: RS[5]
2024-04-24T00:48:38,229  INFO [LocalJobRunner Map Task Executor #0] exec.ReduceSinkOperator: Using tag = -1
2024-04-24T00:48:38,230  INFO [LocalJobRunner Map Task Executor #0] exec.ReduceSinkOperator: keys are [reducesinkkey0] num distributions: 1
2024-04-24T00:48:38,230  INFO [LocalJobRunner Map Task Executor #0] exec.ReduceSinkOperator: RS[5]: records written - 1
2024-04-24T00:48:38,230  INFO [LocalJobRunner Map Task Executor #0] exec.MapOperator: MAP[0]: records read - 1
2024-04-24T00:48:38,230  INFO [LocalJobRunner Map Task Executor #0] exec.MapOperator: Closing Operator: MAP[0]
2024-04-24T00:48:38,230  INFO [LocalJobRunner Map Task Executor #0] exec.MapOperator: MAP[0]: Total records read - 3. abort - false
2024-04-24T00:48:38,230  INFO [LocalJobRunner Map Task Executor #0] exec.MapOperator: RECORDS_IN:3, DESERIALIZE_ERRORS:0, RECORDS_OUT_OPERATOR_MAP_0:0, RECORDS_OUT_INTERMEDIATE:0, 
2024-04-24T00:48:38,230  INFO [LocalJobRunner Map Task Executor #0] exec.TableScanOperator: Closing Operator: TS[0]
2024-04-24T00:48:38,230  INFO [LocalJobRunner Map Task Executor #0] exec.TableScanOperator: RECORDS_OUT_OPERATOR_TS_0:1, RECORDS_OUT_INTERMEDIATE:0, 
2024-04-24T00:48:38,230  INFO [LocalJobRunner Map Task Executor #0] exec.SelectOperator: Closing Operator: SEL[1]
2024-04-24T00:48:38,230  INFO [LocalJobRunner Map Task Executor #0] exec.SelectOperator: RECORDS_OUT_INTERMEDIATE:0, RECORDS_OUT_OPERATOR_SEL_1:1, 
2024-04-24T00:48:38,230  INFO [LocalJobRunner Map Task Executor #0] exec.UDTFOperator: Closing Operator: UDTF[2]
2024-04-24T00:48:38,231  INFO [LocalJobRunner Map Task Executor #0] exec.UDTFOperator: RECORDS_OUT_OPERATOR_UDTF_2:2, RECORDS_OUT_INTERMEDIATE:0, 
2024-04-24T00:48:38,231  INFO [LocalJobRunner Map Task Executor #0] exec.SelectOperator: Closing Operator: SEL[3]
2024-04-24T00:48:38,231  INFO [LocalJobRunner Map Task Executor #0] exec.SelectOperator: RECORDS_OUT_OPERATOR_SEL_3:2, RECORDS_OUT_INTERMEDIATE:0, 
2024-04-24T00:48:38,231  INFO [LocalJobRunner Map Task Executor #0] exec.ReduceSinkOperator: Closing Operator: RS[5]
2024-04-24T00:48:38,231  INFO [LocalJobRunner Map Task Executor #0] exec.ReduceSinkOperator: RS[5]: Total records written - 2. abort - false
2024-04-24T00:48:38,231  INFO [LocalJobRunner Map Task Executor #0] exec.ReduceSinkOperator: RECORDS_OUT_INTERMEDIATE:2, RECORDS_OUT_OPERATOR_RS_5:2, 
2024-04-24T00:48:38,232  INFO [LocalJobRunner Map Task Executor #0] mapred.LocalJobRunner: 
2024-04-24T00:48:38,232  INFO [LocalJobRunner Map Task Executor #0] mapred.MapTask: Starting flush of map output
2024-04-24T00:48:38,232  INFO [LocalJobRunner Map Task Executor #0] mapred.MapTask: Spilling map output
2024-04-24T00:48:38,232  INFO [LocalJobRunner Map Task Executor #0] mapred.MapTask: bufstart = 0; bufend = 38; bufvoid = 104857600
2024-04-24T00:48:38,232  INFO [LocalJobRunner Map Task Executor #0] mapred.MapTask: kvstart = 26214396(104857584); kvend = 26214392(104857568); length = 5/6553600
2024-04-24T00:48:38,242  INFO [LocalJobRunner Map Task Executor #0] mapred.MapTask: Finished spill 0
2024-04-24T00:48:38,246  INFO [LocalJobRunner Map Task Executor #0] mapred.Task: Task:attempt_local682085074_0002_m_000000_0 is done. And is in the process of committing
2024-04-24T00:48:38,247  INFO [LocalJobRunner Map Task Executor #0] mapred.LocalJobRunner: map
2024-04-24T00:48:38,247  INFO [LocalJobRunner Map Task Executor #0] mapred.Task: Task 'attempt_local682085074_0002_m_000000_0' done.
2024-04-24T00:48:38,247  INFO [LocalJobRunner Map Task Executor #0] mapred.Task: Final Counters for attempt_local682085074_0002_m_000000_0: Counters: 26
	File System Counters
		FILE: Number of bytes read=25671
		FILE: Number of bytes written=2356597
		FILE: Number of read operations=0
		FILE: Number of large read operations=0
		FILE: Number of write operations=0
	Map-Reduce Framework
		Map input records=4
		Map output records=2
		Map output bytes=38
		Map output materialized bytes=54
		Input split bytes=361
		Combine input records=0
		Spilled Records=2
		Failed Shuffles=0
		Merged Map outputs=0
		GC time elapsed (ms)=0
		Total committed heap usage (bytes)=914882560
	HIVE
		DESERIALIZE_ERRORS=0
		RECORDS_IN=3
		RECORDS_OUT_INTERMEDIATE=2
		RECORDS_OUT_OPERATOR_MAP_0=0
		RECORDS_OUT_OPERATOR_RS_5=2
		RECORDS_OUT_OPERATOR_SEL_1=1
		RECORDS_OUT_OPERATOR_SEL_3=2
		RECORDS_OUT_OPERATOR_TS_0=1
		RECORDS_OUT_OPERATOR_UDTF_2=2
	File Input Format Counters 
		Bytes Read=5645
2024-04-24T00:48:38,248  INFO [LocalJobRunner Map Task Executor #0] mapred.LocalJobRunner: Finishing task: attempt_local682085074_0002_m_000000_0
2024-04-24T00:48:38,248  INFO [Thread-156] mapred.LocalJobRunner: map task executor complete.
2024-04-24T00:48:38,249  INFO [Thread-156] mapred.LocalJobRunner: Waiting for reduce tasks
2024-04-24T00:48:38,249  INFO [pool-14-thread-1] mapred.LocalJobRunner: Starting task: attempt_local682085074_0002_r_000000_0
2024-04-24T00:48:38,250  INFO [pool-14-thread-1] mapred.Task:  Using ResourceCalculatorProcessTree : [ ]
2024-04-24T00:48:38,250  INFO [pool-14-thread-1] mapred.ReduceTask: Using ShuffleConsumerPlugin: org.apache.hadoop.mapreduce.task.reduce.Shuffle@3dea9155
2024-04-24T00:48:38,250  WARN [pool-14-thread-1] impl.MetricsSystemImpl: JobTracker metrics system already initialized!
2024-04-24T00:48:38,251  INFO [pool-14-thread-1] reduce.MergeManagerImpl: MergerManager: memoryLimit=1336252800, maxSingleShuffleLimit=334063200, mergeThreshold=881926912, ioSortFactor=10, memToMemMergeOutputsThreshold=10
2024-04-24T00:48:38,252  INFO [EventFetcher for fetching Map Completion Events] reduce.EventFetcher: attempt_local682085074_0002_r_000000_0 Thread started: EventFetcher for fetching Map Completion Events
2024-04-24T00:48:38,253  INFO [localfetcher#3] reduce.LocalFetcher: localfetcher#3 about to shuffle output of map attempt_local682085074_0002_m_000000_0 decomp: 23 len: 27 to MEMORY
2024-04-24T00:48:38,253  INFO [localfetcher#3] reduce.InMemoryMapOutput: Read 23 bytes from map-output for attempt_local682085074_0002_m_000000_0
2024-04-24T00:48:38,254  INFO [localfetcher#3] reduce.MergeManagerImpl: closeInMemoryFile -> map-output of size: 23, inMemoryMapOutputs.size() -> 1, commitMemory -> 0, usedMemory ->23
2024-04-24T00:48:38,254  INFO [EventFetcher for fetching Map Completion Events] reduce.EventFetcher: EventFetcher is interrupted.. Returning
2024-04-24T00:48:38,255  INFO [pool-14-thread-1] mapred.LocalJobRunner: 1 / 1 copied.
2024-04-24T00:48:38,255  INFO [pool-14-thread-1] reduce.MergeManagerImpl: finalMerge called with 1 in-memory map-outputs and 0 on-disk map-outputs
2024-04-24T00:48:38,261  INFO [pool-14-thread-1] mapred.Merger: Merging 1 sorted segments
2024-04-24T00:48:38,261  INFO [pool-14-thread-1] mapred.Merger: Down to the last merge-pass, with 1 segments left of total size: 11 bytes
2024-04-24T00:48:38,264  INFO [pool-14-thread-1] reduce.MergeManagerImpl: Merged 1 segments, 23 bytes to disk to satisfy reduce memory limit
2024-04-24T00:48:38,265  INFO [pool-14-thread-1] reduce.MergeManagerImpl: Merging 1 files, 27 bytes from disk
2024-04-24T00:48:38,265  INFO [pool-14-thread-1] reduce.MergeManagerImpl: Merging 0 segments, 0 bytes from memory into reduce
2024-04-24T00:48:38,265  INFO [pool-14-thread-1] mapred.Merger: Merging 1 sorted segments
2024-04-24T00:48:38,265  INFO [pool-14-thread-1] mapred.Merger: Down to the last merge-pass, with 1 segments left of total size: 11 bytes
2024-04-24T00:48:38,265  INFO [pool-14-thread-1] mapred.LocalJobRunner: 1 / 1 copied.
2024-04-24T00:48:38,266  INFO [pool-14-thread-1] exec.SerializationUtilities: Deserializing ReduceWork using kryo
2024-04-24T00:48:38,271  INFO [pool-14-thread-1] exec.Utilities: Deserialized plan (via FILE) - name: null size: 6,27KB
2024-04-24T00:48:38,272  INFO [pool-14-thread-1] ExecReducer: 
<SEL>Id =6
  <Children>
    <FS>Id =7
      <Children>
      <\Children>
      <Parent>Id = 6 null<\Parent>
    <\FS>
  <\Children>
  <Parent><\Parent>
<\SEL>
2024-04-24T00:48:38,272  INFO [pool-14-thread-1] exec.SelectOperator: Initializing Operator: SEL[6]
2024-04-24T00:48:38,273  INFO [pool-14-thread-1] exec.SelectOperator: SELECT struct<key:struct<reducesinkkey0:int>,value:struct<_col0:varchar(128)>>
2024-04-24T00:48:38,273  INFO [pool-14-thread-1] exec.FileSinkOperator: Initializing Operator: FS[7]
2024-04-24T00:48:38,273  INFO [pool-14-thread-1] exec.FileSinkOperator: Using serializer : AbstractSerDe [log=org.apache.logging.slf4j.Log4jLogger@7cecb575, configuration=Optional[Configuration: core-default.xml, core-site.xml, mapred-default.xml, mapred-site.xml, yarn-default.xml, yarn-site.xml, hdfs-default.xml, hdfs-site.xml, file:/home/alex/Repositories/hive/ql/target/tmp/TestTxnCommands3/mapred/local/localRunner/alex/job_local682085074_0002/job_local682085074_0002.xml], properties={transactional_properties=default, name=default.acid_uap, transactional=true, columns.types=int:varchar(128), bucket_field_name=a, columns=a,b, columns.comments=&amp#0;, partition_columns.types=string, partition_columns=ds, bucketing_version=1, bucket_count=2, serialization.lib=org.apache.hadoop.hive.ql.io.orc.OrcSerde, file.inputformat=org.apache.hadoop.hive.ql.io.orc.OrcInputFormat, file.outputformat=org.apache.hadoop.hive.ql.io.orc.OrcOutputFormat, location=file:/home/alex/Repositories/hive/ql/target/tmp/org.apache.hadoop.hive.ql.TestTxnCommands3-1713944903826/warehouse/acid_uap, column.name.delimiter=,}, tableProperties={transactional_properties=default, name=default.acid_uap, transactional=true, columns.types=int:varchar(128), bucket_field_name=a, columns=a,b, columns.comments=&amp#0;, partition_columns.types=string, partition_columns=ds, bucketing_version=1, bucket_count=2, serialization.lib=org.apache.hadoop.hive.ql.io.orc.OrcSerde, file.inputformat=org.apache.hadoop.hive.ql.io.orc.OrcInputFormat, location=file:/home/alex/Repositories/hive/ql/target/tmp/org.apache.hadoop.hive.ql.TestTxnCommands3-1713944903826/warehouse/acid_uap, file.outputformat=org.apache.hadoop.hive.ql.io.orc.OrcOutputFormat, column.name.delimiter=,}, partitionProperties=Optional.empty, columnNames=[a, b], columnTypes=[int, varchar(128)], getClass()=class org.apache.hadoop.hive.ql.io.orc.OrcSerde] and formatter : org.apache.hadoop.hive.ql.io.orc.OrcOutputFormat@245b373d
2024-04-24T00:48:38,274  INFO [pool-14-thread-1] exec.FileSinkOperator: Final Path: FS file:/home/alex/Repositories/hive/ql/target/tmp/org.apache.hadoop.hive.ql.TestTxnCommands3-1713944903826/warehouse/acid_uap/ds=today
2024-04-24T00:48:38,274  INFO [pool-14-thread-1] exec.FileSinkOperator: New Final Path: FS file:/home/alex/Repositories/hive/ql/target/tmp/org.apache.hadoop.hive.ql.TestTxnCommands3-1713944903826/warehouse/acid_uap/ds=today
2024-04-24T00:48:38,275  INFO [pool-14-thread-1] common.FileUtils: Creating directory if it doesn't exist: file:/home/alex/Repositories/hive/ql/target/tmp/org.apache.hadoop.hive.ql.TestTxnCommands3-1713944903826/warehouse/acid_uap
2024-04-24T00:48:38,276  INFO [pool-14-thread-1] exec.FileSinkOperator: FS[7]: records written - 1
2024-04-24T00:48:38,276  INFO [pool-14-thread-1] impl.PhysicalFsWriter: ORC writer created for path: file:/home/alex/Repositories/hive/ql/target/tmp/org.apache.hadoop.hive.ql.TestTxnCommands3-1713944903826/warehouse/acid_uap/ds=today/delta_0000002_0000002_0000/bucket_00000_0 with stripeSize: 8388608 blockSize: 268435456 compression: Compress: ZLIB buffer: 32768
2024-04-24T00:48:38,286  INFO [pool-14-thread-1] impl.WriterImpl: ORC writer created for path: file:/home/alex/Repositories/hive/ql/target/tmp/org.apache.hadoop.hive.ql.TestTxnCommands3-1713944903826/warehouse/acid_uap/ds=today/delta_0000002_0000002_0000/bucket_00000_0 with stripeSize: 8388608 options: Compress: ZLIB buffer: 32768
2024-04-24T00:48:38,291  INFO [pool-14-thread-1] exec.SelectOperator: Closing Operator: SEL[6]
2024-04-24T00:48:38,291  INFO [pool-14-thread-1] exec.SelectOperator: RECORDS_OUT_OPERATOR_SEL_6:1, RECORDS_OUT_INTERMEDIATE:0, 
2024-04-24T00:48:38,291  INFO [pool-14-thread-1] exec.FileSinkOperator: Closing Operator: FS[7]
2024-04-24T00:48:38,292  INFO [pool-14-thread-1] exec.FileSinkOperator: FS[7]: records written - 1
2024-04-24T00:48:38,295  INFO [pool-14-thread-1] FileOperations: Writing manifest to file:/home/alex/Repositories/hive/ql/target/tmp/org.apache.hadoop.hive.ql.TestTxnCommands3-1713944903826/warehouse/acid_uap/_tmp.delta_0000002_0000002_0000/000000_0.manifest with [file:/home/alex/Repositories/hive/ql/target/tmp/org.apache.hadoop.hive.ql.TestTxnCommands3-1713944903826/warehouse/acid_uap/ds=today/delta_0000002_0000002_0000/bucket_00000_0]
2024-04-24T00:48:38,308  INFO [pool-14-thread-1] exec.FileSinkOperator: RECORDS_OUT_1_default.acid_uap:1, RECORDS_OUT_OPERATOR_FS_7:1, TOTAL_TABLE_ROWS_WRITTEN:1, RECORDS_OUT_INTERMEDIATE:0, 
2024-04-24T00:48:38,308  INFO [pool-14-thread-1] mapred.Task: Task:attempt_local682085074_0002_r_000000_0 is done. And is in the process of committing
2024-04-24T00:48:38,309  INFO [pool-14-thread-1] mapred.LocalJobRunner: reduce > reduce
2024-04-24T00:48:38,309  INFO [pool-14-thread-1] mapred.Task: Task 'attempt_local682085074_0002_r_000000_0' done.
2024-04-24T00:48:38,310  INFO [pool-14-thread-1] mapred.Task: Final Counters for attempt_local682085074_0002_r_000000_0: Counters: 30
	File System Counters
		FILE: Number of bytes read=32142
		FILE: Number of bytes written=2357686
		FILE: Number of read operations=0
		FILE: Number of large read operations=0
		FILE: Number of write operations=0
	Map-Reduce Framework
		Combine input records=0
		Combine output records=0
		Reduce input groups=1
		Reduce shuffle bytes=27
		Reduce input records=1
		Reduce output records=0
		Spilled Records=1
		Shuffled Maps =1
		Failed Shuffles=0
		Merged Map outputs=1
		GC time elapsed (ms)=0
		Total committed heap usage (bytes)=914882560
	HIVE
		CREATED_FILES=1
		RECORDS_OUT_1_default.acid_uap=1
		RECORDS_OUT_INTERMEDIATE=0
		RECORDS_OUT_OPERATOR_FS_7=1
		RECORDS_OUT_OPERATOR_SEL_6=1
		TOTAL_TABLE_ROWS_WRITTEN=1
	Shuffle Errors
		BAD_ID=0
		CONNECTION=0
		IO_ERROR=0
		WRONG_LENGTH=0
		WRONG_MAP=0
		WRONG_REDUCE=0
	File Output Format Counters 
		Bytes Written=0
2024-04-24T00:48:38,310  INFO [pool-14-thread-1] mapred.LocalJobRunner: Finishing task: attempt_local682085074_0002_r_000000_0
2024-04-24T00:48:38,310  INFO [pool-14-thread-1] mapred.LocalJobRunner: Starting task: attempt_local682085074_0002_r_000001_0
2024-04-24T00:48:38,311  INFO [pool-14-thread-1] mapred.Task:  Using ResourceCalculatorProcessTree : [ ]
2024-04-24T00:48:38,311  INFO [pool-14-thread-1] mapred.ReduceTask: Using ShuffleConsumerPlugin: org.apache.hadoop.mapreduce.task.reduce.Shuffle@3716c734
2024-04-24T00:48:38,311  WARN [pool-14-thread-1] impl.MetricsSystemImpl: JobTracker metrics system already initialized!
2024-04-24T00:48:38,312  INFO [pool-14-thread-1] reduce.MergeManagerImpl: MergerManager: memoryLimit=1336252800, maxSingleShuffleLimit=334063200, mergeThreshold=881926912, ioSortFactor=10, memToMemMergeOutputsThreshold=10
2024-04-24T00:48:38,313  INFO [EventFetcher for fetching Map Completion Events] reduce.EventFetcher: attempt_local682085074_0002_r_000001_0 Thread started: EventFetcher for fetching Map Completion Events
2024-04-24T00:48:38,316  INFO [localfetcher#4] reduce.LocalFetcher: localfetcher#4 about to shuffle output of map attempt_local682085074_0002_m_000000_0 decomp: 23 len: 27 to MEMORY
2024-04-24T00:48:38,316  INFO [localfetcher#4] reduce.InMemoryMapOutput: Read 23 bytes from map-output for attempt_local682085074_0002_m_000000_0
2024-04-24T00:48:38,316  INFO [localfetcher#4] reduce.MergeManagerImpl: closeInMemoryFile -> map-output of size: 23, inMemoryMapOutputs.size() -> 1, commitMemory -> 0, usedMemory ->23
2024-04-24T00:48:38,317  INFO [EventFetcher for fetching Map Completion Events] reduce.EventFetcher: EventFetcher is interrupted.. Returning
2024-04-24T00:48:38,317  INFO [pool-14-thread-1] mapred.LocalJobRunner: 1 / 1 copied.
2024-04-24T00:48:38,317  INFO [pool-14-thread-1] reduce.MergeManagerImpl: finalMerge called with 1 in-memory map-outputs and 0 on-disk map-outputs
2024-04-24T00:48:38,324  INFO [pool-14-thread-1] mapred.Merger: Merging 1 sorted segments
2024-04-24T00:48:38,324  INFO [pool-14-thread-1] mapred.Merger: Down to the last merge-pass, with 1 segments left of total size: 11 bytes
2024-04-24T00:48:38,326  INFO [pool-14-thread-1] reduce.MergeManagerImpl: Merged 1 segments, 23 bytes to disk to satisfy reduce memory limit
2024-04-24T00:48:38,326  INFO [pool-14-thread-1] reduce.MergeManagerImpl: Merging 1 files, 27 bytes from disk
2024-04-24T00:48:38,326  INFO [pool-14-thread-1] reduce.MergeManagerImpl: Merging 0 segments, 0 bytes from memory into reduce
2024-04-24T00:48:38,326  INFO [pool-14-thread-1] mapred.Merger: Merging 1 sorted segments
2024-04-24T00:48:38,327  INFO [pool-14-thread-1] mapred.Merger: Down to the last merge-pass, with 1 segments left of total size: 11 bytes
2024-04-24T00:48:38,327  INFO [pool-14-thread-1] mapred.LocalJobRunner: 1 / 1 copied.
2024-04-24T00:48:38,328  INFO [pool-14-thread-1] exec.SerializationUtilities: Deserializing ReduceWork using kryo
2024-04-24T00:48:38,329  INFO [pool-14-thread-1] exec.Utilities: Deserialized plan (via FILE) - name: null size: 6,27KB
2024-04-24T00:48:38,330  INFO [pool-14-thread-1] ExecReducer: 
<SEL>Id =6
  <Children>
    <FS>Id =7
      <Children>
      <\Children>
      <Parent>Id = 6 null<\Parent>
    <\FS>
  <\Children>
  <Parent><\Parent>
<\SEL>
2024-04-24T00:48:38,330  INFO [pool-14-thread-1] exec.SelectOperator: Initializing Operator: SEL[6]
2024-04-24T00:48:38,330  INFO [pool-14-thread-1] exec.SelectOperator: SELECT struct<key:struct<reducesinkkey0:int>,value:struct<_col0:varchar(128)>>
2024-04-24T00:48:38,331  INFO [pool-14-thread-1] exec.FileSinkOperator: Initializing Operator: FS[7]
2024-04-24T00:48:38,331  INFO [pool-14-thread-1] exec.FileSinkOperator: Using serializer : AbstractSerDe [log=org.apache.logging.slf4j.Log4jLogger@7cecb575, configuration=Optional[Configuration: core-default.xml, core-site.xml, mapred-default.xml, mapred-site.xml, yarn-default.xml, yarn-site.xml, hdfs-default.xml, hdfs-site.xml, file:/home/alex/Repositories/hive/ql/target/tmp/TestTxnCommands3/mapred/local/localRunner/alex/job_local682085074_0002/job_local682085074_0002.xml], properties={transactional_properties=default, name=default.acid_uap, transactional=true, columns.types=int:varchar(128), bucket_field_name=a, columns=a,b, columns.comments=&amp#0;, partition_columns.types=string, partition_columns=ds, bucketing_version=1, bucket_count=2, serialization.lib=org.apache.hadoop.hive.ql.io.orc.OrcSerde, file.inputformat=org.apache.hadoop.hive.ql.io.orc.OrcInputFormat, file.outputformat=org.apache.hadoop.hive.ql.io.orc.OrcOutputFormat, location=file:/home/alex/Repositories/hive/ql/target/tmp/org.apache.hadoop.hive.ql.TestTxnCommands3-1713944903826/warehouse/acid_uap, column.name.delimiter=,}, tableProperties={transactional_properties=default, name=default.acid_uap, transactional=true, columns.types=int:varchar(128), bucket_field_name=a, columns=a,b, columns.comments=&amp#0;, partition_columns.types=string, partition_columns=ds, bucketing_version=1, bucket_count=2, serialization.lib=org.apache.hadoop.hive.ql.io.orc.OrcSerde, file.inputformat=org.apache.hadoop.hive.ql.io.orc.OrcInputFormat, location=file:/home/alex/Repositories/hive/ql/target/tmp/org.apache.hadoop.hive.ql.TestTxnCommands3-1713944903826/warehouse/acid_uap, file.outputformat=org.apache.hadoop.hive.ql.io.orc.OrcOutputFormat, column.name.delimiter=,}, partitionProperties=Optional.empty, columnNames=[a, b], columnTypes=[int, varchar(128)], getClass()=class org.apache.hadoop.hive.ql.io.orc.OrcSerde] and formatter : org.apache.hadoop.hive.ql.io.orc.OrcOutputFormat@7b125816
2024-04-24T00:48:38,333  INFO [pool-14-thread-1] exec.FileSinkOperator: Final Path: FS file:/home/alex/Repositories/hive/ql/target/tmp/org.apache.hadoop.hive.ql.TestTxnCommands3-1713944903826/warehouse/acid_uap/ds=today
2024-04-24T00:48:38,333  INFO [pool-14-thread-1] exec.FileSinkOperator: New Final Path: FS file:/home/alex/Repositories/hive/ql/target/tmp/org.apache.hadoop.hive.ql.TestTxnCommands3-1713944903826/warehouse/acid_uap/ds=today
2024-04-24T00:48:38,333  INFO [pool-14-thread-1] common.FileUtils: Creating directory if it doesn't exist: file:/home/alex/Repositories/hive/ql/target/tmp/org.apache.hadoop.hive.ql.TestTxnCommands3-1713944903826/warehouse/acid_uap
2024-04-24T00:48:38,334  INFO [pool-14-thread-1] exec.FileSinkOperator: FS[7]: records written - 1
2024-04-24T00:48:38,334  INFO [pool-14-thread-1] impl.PhysicalFsWriter: ORC writer created for path: file:/home/alex/Repositories/hive/ql/target/tmp/org.apache.hadoop.hive.ql.TestTxnCommands3-1713944903826/warehouse/acid_uap/ds=today/delta_0000002_0000002_0000/bucket_00001_0 with stripeSize: 8388608 blockSize: 268435456 compression: Compress: ZLIB buffer: 32768
2024-04-24T00:48:38,339  INFO [pool-14-thread-1] impl.WriterImpl: ORC writer created for path: file:/home/alex/Repositories/hive/ql/target/tmp/org.apache.hadoop.hive.ql.TestTxnCommands3-1713944903826/warehouse/acid_uap/ds=today/delta_0000002_0000002_0000/bucket_00001_0 with stripeSize: 8388608 options: Compress: ZLIB buffer: 32768
2024-04-24T00:48:38,340  INFO [pool-14-thread-1] exec.SelectOperator: Closing Operator: SEL[6]
2024-04-24T00:48:38,340  INFO [pool-14-thread-1] exec.SelectOperator: RECORDS_OUT_INTERMEDIATE:0, RECORDS_OUT_OPERATOR_SEL_6:1, 
2024-04-24T00:48:38,340  INFO [pool-14-thread-1] exec.FileSinkOperator: Closing Operator: FS[7]
2024-04-24T00:48:38,340  INFO [pool-14-thread-1] exec.FileSinkOperator: FS[7]: records written - 1
2024-04-24T00:48:38,356  INFO [pool-14-thread-1] FileOperations: Writing manifest to file:/home/alex/Repositories/hive/ql/target/tmp/org.apache.hadoop.hive.ql.TestTxnCommands3-1713944903826/warehouse/acid_uap/_tmp.delta_0000002_0000002_0000/000001_0.manifest with [file:/home/alex/Repositories/hive/ql/target/tmp/org.apache.hadoop.hive.ql.TestTxnCommands3-1713944903826/warehouse/acid_uap/ds=today/delta_0000002_0000002_0000/bucket_00001_0]
2024-04-24T00:48:38,366  INFO [pool-14-thread-1] exec.FileSinkOperator: TOTAL_TABLE_ROWS_WRITTEN:1, RECORDS_OUT_1_default.acid_uap:1, RECORDS_OUT_INTERMEDIATE:0, RECORDS_OUT_OPERATOR_FS_7:1, 
2024-04-24T00:48:38,367  INFO [pool-14-thread-1] mapred.Task: Task:attempt_local682085074_0002_r_000001_0 is done. And is in the process of committing
2024-04-24T00:48:38,368  INFO [pool-14-thread-1] mapred.LocalJobRunner: reduce > reduce
2024-04-24T00:48:38,368  INFO [pool-14-thread-1] mapred.Task: Task 'attempt_local682085074_0002_r_000001_0' done.
2024-04-24T00:48:38,368  INFO [pool-14-thread-1] mapred.Task: Final Counters for attempt_local682085074_0002_r_000001_0: Counters: 30
	File System Counters
		FILE: Number of bytes read=38586
		FILE: Number of bytes written=2358777
		FILE: Number of read operations=0
		FILE: Number of large read operations=0
		FILE: Number of write operations=0
	Map-Reduce Framework
		Combine input records=0
		Combine output records=0
		Reduce input groups=1
		Reduce shuffle bytes=27
		Reduce input records=1
		Reduce output records=0
		Spilled Records=1
		Shuffled Maps =1
		Failed Shuffles=0
		Merged Map outputs=1
		GC time elapsed (ms)=10
		Total committed heap usage (bytes)=980418560
	HIVE
		CREATED_FILES=1
		RECORDS_OUT_1_default.acid_uap=1
		RECORDS_OUT_INTERMEDIATE=0
		RECORDS_OUT_OPERATOR_FS_7=1
		RECORDS_OUT_OPERATOR_SEL_6=1
		TOTAL_TABLE_ROWS_WRITTEN=1
	Shuffle Errors
		BAD_ID=0
		CONNECTION=0
		IO_ERROR=0
		WRONG_LENGTH=0
		WRONG_MAP=0
		WRONG_REDUCE=0
	File Output Format Counters 
		Bytes Written=0
2024-04-24T00:48:38,368  INFO [pool-14-thread-1] mapred.LocalJobRunner: Finishing task: attempt_local682085074_0002_r_000001_0
2024-04-24T00:48:38,368  INFO [Thread-156] mapred.LocalJobRunner: reduce task executor complete.
2024-04-24 00:48:39,232 Stage-1 map = 100%,  reduce = 100%
2024-04-24T00:48:39,232  INFO [main] exec.Task: 2024-04-24 00:48:39,232 Stage-1 map = 100%,  reduce = 100%
Ended Job = job_local682085074_0002
2024-04-24T00:48:39,236  INFO [main] exec.Task: Ended Job = job_local682085074_0002
2024-04-24T00:48:39,238  INFO [main] FileOperations: Found manifest file file:/home/alex/Repositories/hive/ql/target/tmp/org.apache.hadoop.hive.ql.TestTxnCommands3-1713944903826/warehouse/acid_uap/_tmp.delta_0000002_0000002_0000/000000_0.manifest with attemptId 0.
2024-04-24T00:48:39,238  INFO [main] FileOperations: Found manifest file file:/home/alex/Repositories/hive/ql/target/tmp/org.apache.hadoop.hive.ql.TestTxnCommands3-1713944903826/warehouse/acid_uap/_tmp.delta_0000002_0000002_0000/000001_0.manifest with attemptId 0.
2024-04-24T00:48:39,238  INFO [main] FileOperations: Looking at manifest file: file:/home/alex/Repositories/hive/ql/target/tmp/org.apache.hadoop.hive.ql.TestTxnCommands3-1713944903826/warehouse/acid_uap/_tmp.delta_0000002_0000002_0000/000001_0.manifest
2024-04-24T00:48:39,238  INFO [main] FileOperations: Looking at manifest file: file:/home/alex/Repositories/hive/ql/target/tmp/org.apache.hadoop.hive.ql.TestTxnCommands3-1713944903826/warehouse/acid_uap/_tmp.delta_0000002_0000002_0000/000000_0.manifest
2024-04-24T00:48:39,239  INFO [main] FileOperations: Deleting manifest directory file:/home/alex/Repositories/hive/ql/target/tmp/org.apache.hadoop.hive.ql.TestTxnCommands3-1713944903826/warehouse/acid_uap/_tmp.delta_0000002_0000002_0000
2024-04-24T00:48:39,240  INFO [main] ql.Driver: Starting task [Stage-0:MOVE] in serial mode
Loading data to table default.acid_uap partition (ds=today)
2024-04-24T00:48:39,241  INFO [main] exec.Task: Loading data to table default.acid_uap partition (ds=today) from file:/home/alex/Repositories/hive/ql/target/tmp/org.apache.hadoop.hive.ql.TestTxnCommands3-1713944903826/warehouse/acid_uap/ds=today
2024-04-24T00:48:39,241  INFO [main] HiveMetaStore.audit: ugi=alex	ip=unknown-ip-addr	cmd=get_table : tbl=hive.default.acid_uap	
2024-04-24T00:48:39,250  INFO [main] metastore.HMSHandler: Skipping translation for processor with null
2024-04-24T00:48:39,251  INFO [main] exec.MoveTask: Partition is: {ds=today}
2024-04-24T00:48:39,251  INFO [main] HiveMetaStore.audit: ugi=alex	ip=unknown-ip-addr	cmd=partition_name_has_valid_characters	
2024-04-24T00:48:39,251  INFO [main] HiveMetaStore.audit: ugi=alex	ip=unknown-ip-addr	cmd=get_table : tbl=hive.default.acid_uap	
2024-04-24T00:48:39,261  INFO [main] metastore.HMSHandler: Skipping translation for processor with null
2024-04-24T00:48:39,261  INFO [main] HiveMetaStore.audit: ugi=alex	ip=unknown-ip-addr	cmd=get_partition_with_auth : tbl=hive.default.acid_uap[today]	
2024-04-24T00:48:39,280  WARN [main] FileOperations: Computing stats for an ACID table; stats may be inaccurate
2024-04-24T00:48:39,281  INFO [main] HiveMetaStore.audit: ugi=alex	ip=unknown-ip-addr	cmd=add_partition : tbl=hive.default.acid_uap	
2024-04-24T00:48:39,308  INFO [main] HiveMetaStore.audit: ugi=alex	ip=unknown-ip-addr	cmd=get_partition_with_auth : tbl=hive.default.acid_uap[today]	
2024-04-24T00:48:39,323  INFO [main] ql.Driver: Starting task [Stage-2:STATS] in serial mode
2024-04-24T00:48:39,324  INFO [main] HiveMetaStore.audit: ugi=alex	ip=unknown-ip-addr	cmd=get_table : tbl=hive.default.acid_uap	
2024-04-24T00:48:39,332  INFO [main] metastore.HMSHandler: Skipping translation for processor with null
2024-04-24T00:48:39,333  INFO [main] stats.BasicStatsTask: Executing stats task
2024-04-24T00:48:39,333  INFO [main] fs.FSStatsPublisher: created : file:/home/alex/Repositories/hive/ql/target/tmp/localscratchdir/42396fdd-37ef-497a-a482-3c773af2ea61/hive_2024-04-24_00-48-37_538_5301910438544825200-1/-mr-10000
2024-04-24T00:48:39,335  INFO [main] HiveMetaStore.audit: ugi=alex	ip=unknown-ip-addr	cmd=get_table : tbl=hive.default.acid_uap	
2024-04-24T00:48:39,344  INFO [main] metastore.HMSHandler: Skipping translation for processor with null
2024-04-24T00:48:39,345  INFO [main] HiveMetaStore.audit: ugi=alex	ip=unknown-ip-addr	cmd=get_partition_with_auth : tbl=hive.default.acid_uap[today]	
2024-04-24T00:48:39,372  WARN [stats-updater-thread-0] FileOperations: Computing stats for an ACID table; stats may be inaccurate
2024-04-24T00:48:39,372  INFO [main] FileOperations: Read stats for default.acid_uap/ds=today/, numRows, true, 2, false: 
2024-04-24T00:48:39,372  INFO [main] FileOperations: Read stats for default.acid_uap/ds=today/, rawDataSize, true, 0, false: 
2024-04-24T00:48:39,372  INFO [main] stats.BasicStatsTask: Partition {ds=today} stats: [numFiles=2, numRows=2, totalSize=1409, rawDataSize=0, numFilesErasureCoded=0]
2024-04-24T00:48:39,373  INFO [main] HiveMetaStore.audit: ugi=alex	ip=unknown-ip-addr	cmd=alter_partitions : tbl=hive.default.acid_uap	
2024-04-24T00:48:39,373  INFO [main] metastore.HMSHandler: New partition values:[today]
2024-04-24T00:48:39,435  INFO [main] FileOperations: Read stats for default.acid_uap/ds=today/, insertCount, true, 2, false: 
2024-04-24T00:48:39,435  INFO [main] FileOperations: Read stats for default.acid_uap/ds=today/, updateCount, true, 0, false: 
2024-04-24T00:48:39,435  INFO [main] FileOperations: Read stats for default.acid_uap/ds=today/, deleteCount, true, 0, false: 
2024-04-24T00:48:39,436  INFO [main] metadata.Hive: Dumping metastore api call timing information for : execution phase
2024-04-24T00:48:39,436  INFO [main] metadata.Hive: Total time spent in each metastore function (ms): {isCompatibleWith_(Configuration)=0, add_partition_(Partition)=27, alter_partitions_(String, String, List, EnvironmentContext, String, long)=62, updateTransactionalStatistics_(UpdateTransactionalStatsRequest)=1, getValidWriteIds_(List, String)=1, getTable_(GetTableRequest)=40, validatePartitionNameCharacters_(List)=0, getPartitionWithAuthInfo_(String, String, List, String, List)=30}
MapReduce Jobs Launched: 
2024-04-24T00:48:39,437  INFO [main] ql.Driver: MapReduce Jobs Launched: 
Stage-Stage-1:  HDFS Read: 0 HDFS Write: 0 SUCCESS
2024-04-24T00:48:39,437  INFO [main] ql.Driver: Stage-Stage-1:  HDFS Read: 0 HDFS Write: 0 SUCCESS
Total MapReduce CPU Time Spent: 0 msec
2024-04-24T00:48:39,437  INFO [main] ql.Driver: Total MapReduce CPU Time Spent: 0 msec
2024-04-24T00:48:39,437  INFO [main] ql.Driver: Completed executing command(queryId=alex_20240424004837_9623d03a-eda2-4176-bcd4-6461efd64c98); Time taken: 1.543 seconds
2024-04-24T00:48:39,437  INFO [main] lockmgr.DbTxnManager: Stopped heartbeat for query: alex_20240424004837_9623d03a-eda2-4176-bcd4-6461efd64c98
2024-04-24T00:48:39,450  INFO [main] txn.TxnHandler: Removed transactions: ([16]) from MIN_HISTORY_LEVEL
2024-04-24T00:48:39,450  WARN [main] txn.CompactionTxnHandler: No compaction queue record found for Compaction type transaction commit. txnId:16
2024-04-24T00:48:39,451  INFO [main] ql.TxnCommandsBaseForTests: Running the query: select a,b, ds from acid_uap order by a,b, ds
2024-04-24T00:48:39,451  INFO [main] ql.Context: Deleting scratch dir: file:/home/alex/Repositories/hive/ql/target/tmp/localscratchdir/42396fdd-37ef-497a-a482-3c773af2ea61/hive_2024-04-24_00-48-37_538_5301910438544825200-1
2024-04-24T00:48:39,452  INFO [main] cleanup.SyncCleanupService: Deleted directory: file:/home/alex/Repositories/hive/ql/target/tmp/localscratchdir/42396fdd-37ef-497a-a482-3c773af2ea61/hive_2024-04-24_00-48-37_538_5301910438544825200-1 on fs with scheme file
2024-04-24T00:48:39,453  INFO [main] ql.Driver: Compiling command(queryId=alex_20240424004839_42b2f7aa-2010-4051-992b-00613a93ee5a): select a,b, ds from acid_uap order by a,b, ds
2024-04-24T00:48:39,459  INFO [main] txn.TxnHandler: Added entries to MIN_HISTORY_LEVEL for current txns: ([17]) with min_open_txn: 17
2024-04-24T00:48:39,460  INFO [main] lockmgr.DbTxnManager: Opened txnid:17
2024-04-24T00:48:39,462  INFO [main] parse.CalcitePlanner: Starting caching scope for: 
2024-04-24T00:48:39,462  INFO [main] parse.CalcitePlanner: Starting Semantic Analysis
2024-04-24T00:48:39,467  INFO [main] parse.CalcitePlanner: Completed phase 1 of Semantic Analysis
2024-04-24T00:48:39,467  INFO [main] parse.CalcitePlanner: Get metadata for source tables
2024-04-24T00:48:39,468  INFO [main] HiveMetaStore.audit: ugi=alex	ip=unknown-ip-addr	cmd=get_table : tbl=hive.default.acid_uap	
2024-04-24T00:48:39,481  INFO [main] metastore.HMSHandler: Skipping translation for processor with null
2024-04-24T00:48:39,481  INFO [main] parse.CalcitePlanner: Get metadata for subqueries
2024-04-24T00:48:39,481  INFO [main] parse.CalcitePlanner: Get metadata for destination tables
2024-04-24T00:48:39,486  INFO [main] parse.CalcitePlanner: Completed getting MetaData in Semantic Analysis
2024-04-24T00:48:39,503  INFO [main] HiveMetaStore.audit: ugi=alex	ip=unknown-ip-addr	cmd=get_all_table_constraints : tbl=hive.default.acid_uap	
2024-04-24T00:48:39,618  INFO [main] calcite.RelOptHiveTable: Calculating column statistics for default.acid_uap, projIndxSet: [0, 1, 2], allowMissingStats: true
2024-04-24T00:48:39,619  INFO [main] HiveMetaStore.audit: ugi=alex	ip=unknown-ip-addr	cmd=get_partitions : tbl=hive.default.acid_uap	
2024-04-24T00:48:39,669  INFO [main] HiveMetaStore.audit: ugi=alex	ip=unknown-ip-addr	cmd=get_table : tbl=hive.default.acid_uap	
2024-04-24T00:48:39,682  INFO [main] metastore.HMSHandler: Skipping translation for processor with null
2024-04-24T00:48:39,682  INFO [main] HiveMetaStore.audit: ugi=alex	ip=unknown-ip-addr	cmd=get_aggr_stats_for: table=hive.default.acid_uap	
2024-04-24T00:48:39,714  WARN [main] calcite.RelOptHiveTable: No Stats for default@acid_uap, Columns: b, a
No Stats for default@acid_uap, Columns: b, a
2024-04-24T00:48:39,714  INFO [main] SessionState: No Stats for default@acid_uap, Columns: b, a
2024-04-24T00:48:39,770  INFO [main] parse.CalcitePlanner: Get metadata for source tables
2024-04-24T00:48:39,770  INFO [main] parse.CalcitePlanner: Get metadata for subqueries
2024-04-24T00:48:39,771  INFO [main] parse.CalcitePlanner: Get metadata for destination tables
2024-04-24T00:48:39,773  INFO [main] common.FileUtils: Creating directory if it doesn't exist: file:/home/alex/Repositories/hive/ql/target/tmp/localscratchdir/42396fdd-37ef-497a-a482-3c773af2ea61/hive_2024-04-24_00-48-39_452_6591360420351041218-1/-mr-10001/.hive-staging_hive_2024-04-24_00-48-39_452_6591360420351041218-1
2024-04-24T00:48:39,801  INFO [main] parse.CalcitePlanner: CBO Succeeded; optimized logical plan.
2024-04-24T00:48:39,805  INFO [main] optimizer.ColumnPrunerProcFactory: RS 2 oldColExprMap: {KEY.reducesinkkey0=Column[_col0], KEY.reducesinkkey1=Column[_col1], KEY.reducesinkkey2=Column[_col2]}
2024-04-24T00:48:39,805  INFO [main] optimizer.ColumnPrunerProcFactory: RS 2 newColExprMap: {KEY.reducesinkkey2=Column[_col2], KEY.reducesinkkey1=Column[_col1], KEY.reducesinkkey0=Column[_col0]}
2024-04-24T00:48:39,819  INFO [main] optimizer.SortedDynPartitionOptimizer: Sorted dynamic partitioning optimization kicked in..
2024-04-24T00:48:39,832  INFO [main] physical.Vectorizer: Examining input format to see if vectorization is enabled.
2024-04-24T00:48:39,833  INFO [main] physical.Vectorizer: Vectorization is enabled for input format(s) [org.apache.hadoop.hive.ql.io.orc.OrcInputFormat]
2024-04-24T00:48:39,833  INFO [main] physical.Vectorizer: Validating and vectorizing MapWork... (vectorizedVertexNum 0)
2024-04-24T00:48:39,847  INFO [main] physical.Vectorizer: Map vectorization enabled: true
2024-04-24T00:48:39,847  INFO [main] physical.Vectorizer: Map vectorized: true
2024-04-24T00:48:39,847  INFO [main] physical.Vectorizer: Map vectorizedVertexNum: 0
2024-04-24T00:48:39,847  INFO [main] physical.Vectorizer: Map enabledConditionsMet: [hive.vectorized.use.vectorized.input.format IS true]
2024-04-24T00:48:39,848  INFO [main] physical.Vectorizer: Map inputFileFormatClassNameSet: [org.apache.hadoop.hive.ql.io.orc.OrcInputFormat]
2024-04-24T00:48:39,848  INFO [main] physical.Vectorizer: Reduce vectorization enabled: false
2024-04-24T00:48:39,848  INFO [main] physical.Vectorizer: Reduce vectorized: false
2024-04-24T00:48:39,848  INFO [main] physical.Vectorizer: Reduce vectorizedVertexNum: 1
2024-04-24T00:48:39,848  INFO [main] physical.Vectorizer: Reducer hive.vectorized.execution.reduce.enabled: true
2024-04-24T00:48:39,848  INFO [main] physical.Vectorizer: Reducer engine: mr
2024-04-24T00:48:39,848  INFO [main] parse.CalcitePlanner: Completed plan generation
2024-04-24T00:48:39,848  INFO [main] parse.CalcitePlanner: Ending caching scope for: 
2024-04-24T00:48:39,848  INFO [main] ql.Driver: Semantic Analysis Completed (retrial = false)
2024-04-24T00:48:39,848  INFO [main] ql.Driver: Created Hive schema: Schema(fieldSchemas:[FieldSchema(name:a, type:int, comment:null), FieldSchema(name:b, type:varchar(128), comment:null), FieldSchema(name:ds, type:string, comment:null)], properties:null)
2024-04-24T00:48:39,851  INFO [main] exec.ListSinkOperator: Initializing Operator: LIST_SINK[7]
2024-04-24T00:48:39,852  INFO [main] metadata.Hive: Dumping metastore api call timing information for : compilation phase
2024-04-24T00:48:39,853  INFO [main] metadata.Hive: Total time spent in each metastore function (ms): {getValidTxns_(long)=2, openTxn_(String, TxnType)=4, isCompatibleWith_(Configuration)=1, getAllTableConstraints_(AllTableConstraintsRequest)=8, getAggrColStatsFor_(String, String, List, List, String, String)=43, getValidWriteIds_(List, String)=6, flushCache_()=0, listPartitions_(String, String, short)=43, commitTxn_(CommitTxnRequest)=14, getTable_(GetTableRequest)=13}
2024-04-24T00:48:39,853  INFO [main] ql.Driver: Completed compiling command(queryId=alex_20240424004839_42b2f7aa-2010-4051-992b-00613a93ee5a); Time taken: 0.4 seconds
2024-04-24T00:48:39,853  INFO [main] lockmgr.DbTxnManager: Setting lock request transaction to txnid:17 for queryId=alex_20240424004839_42b2f7aa-2010-4051-992b-00613a93ee5a
2024-04-24T00:48:39,854  INFO [main] lockmgr.DbLockManager: Requesting lock for queryId=alex_20240424004839_42b2f7aa-2010-4051-992b-00613a93ee5a
2024-04-24T00:48:39,880  INFO [main] lockmgr.DbLockManager: Response to queryId=alex_20240424004839_42b2f7aa-2010-4051-992b-00613a93ee5a LockResponse(lockid:10, state:ACQUIRED)
2024-04-24T00:48:39,880  INFO [main] ql.Driver: Operation QUERY obtained 1 locks
2024-04-24T00:48:39,882  INFO [main] ql.Driver: Executing command(queryId=alex_20240424004839_42b2f7aa-2010-4051-992b-00613a93ee5a): select a,b, ds from acid_uap order by a,b, ds
2024-04-24T00:48:39,882  WARN [main] ql.Driver: Hive-on-MR is deprecated in Hive 2 and may not be available in the future versions. Consider using a different execution engine (i.e. tez, spark) or using Hive 1.X releases.
Query ID = alex_20240424004839_42b2f7aa-2010-4051-992b-00613a93ee5a
2024-04-24T00:48:39,882  INFO [main] ql.Driver: Query ID = alex_20240424004839_42b2f7aa-2010-4051-992b-00613a93ee5a
Total jobs = 1
2024-04-24T00:48:39,882  INFO [main] ql.Driver: Total jobs = 1
Launching Job 1 out of 1
2024-04-24T00:48:39,882  INFO [main] ql.Driver: Launching Job 1 out of 1
2024-04-24T00:48:40,029  INFO [main] ql.Driver: Starting task [Stage-1:MAPRED] in serial mode
Number of reduce tasks determined at compile time: 1
2024-04-24T00:48:40,030  INFO [main] exec.Task: Number of reduce tasks determined at compile time: 1
In order to change the average load for a reducer (in bytes):
2024-04-24T00:48:40,030  INFO [main] exec.Task: In order to change the average load for a reducer (in bytes):
  set hive.exec.reducers.bytes.per.reducer=<number>
2024-04-24T00:48:40,030  INFO [main] exec.Task:   set hive.exec.reducers.bytes.per.reducer=<number>
In order to limit the maximum number of reducers:
2024-04-24T00:48:40,030  INFO [main] exec.Task: In order to limit the maximum number of reducers:
  set hive.exec.reducers.max=<number>
2024-04-24T00:48:40,030  INFO [main] exec.Task:   set hive.exec.reducers.max=<number>
In order to set a constant number of reducers:
2024-04-24T00:48:40,030  INFO [main] exec.Task: In order to set a constant number of reducers:
  set mapreduce.job.reduces=<number>
2024-04-24T00:48:40,030  INFO [main] exec.Task:   set mapreduce.job.reduces=<number>
2024-04-24T00:48:40,033  INFO [main] mr.ExecDriver: Using org.apache.hadoop.hive.ql.io.HiveInputFormat
2024-04-24T00:48:40,033  INFO [main] exec.Utilities: Processing alias acid_uap
2024-04-24T00:48:40,033  INFO [main] exec.Utilities: Adding 2 inputs; the first input is file:/home/alex/Repositories/hive/ql/target/tmp/org.apache.hadoop.hive.ql.TestTxnCommands3-1713944903826/warehouse/acid_uap/ds=today
2024-04-24T00:48:40,043  INFO [main] exec.SerializationUtilities: Serializing MapWork using kryo
2024-04-24T00:48:40,052  INFO [main] exec.Utilities: Serialized plan (via FILE) - name: null size: 6,90KB
2024-04-24T00:48:40,057  INFO [main] exec.SerializationUtilities: Serializing ReduceWork using kryo
2024-04-24T00:48:40,062  INFO [main] exec.Utilities: Serialized plan (via FILE) - name: null size: 7,35KB
2024-04-24T00:48:40,063  WARN [main] impl.MetricsSystemImpl: JobTracker metrics system already initialized!
2024-04-24T00:48:40,069  WARN [main] impl.MetricsSystemImpl: JobTracker metrics system already initialized!
2024-04-24T00:48:40,077  WARN [main] mapreduce.JobResourceUploader: Hadoop command-line option parsing not performed. Implement the Tool interface and execute your application with ToolRunner to remedy this.
2024-04-24T00:48:40,081  WARN [main] mapreduce.JobResourceUploader: No job jar file set.  User classes may not be found. See Job or Job#setJar(String).
2024-04-24T00:48:40,083  INFO [main] io.HiveInputFormat: hive.io.file.readcolumn.ids = 0,1
2024-04-24T00:48:40,083  INFO [main] io.HiveInputFormat: hive.io.file.readcolumn.names = a,b
2024-04-24T00:48:40,084  INFO [main] io.HiveInputFormat: Generating splits for dirs: file:/home/alex/Repositories/hive/ql/target/tmp/org.apache.hadoop.hive.ql.TestTxnCommands3-1713944903826/warehouse/acid_uap/ds=today
2024-04-24T00:48:40,084  INFO [main] orc.OrcInputFormat: getSplits started
2024-04-24T00:48:40,089  INFO [main] orc.OrcInputFormat: Context:: isAcid: true isVectorMode: true sarg: null minSplitSize: 1 maxSplitSize: 256000000 splitStrategy: HYBRID footerInSplits: false numBuckets: 2 numThreads: 10 cacheMemSize: 268435456 cacheStripeDetails: true useSoftReference: false writeIdList: default.acid_uap:2:9223372036854775807:: isTransactionalTable: true txnProperties: default 
2024-04-24T00:48:40,089  INFO [main] orc.OrcInputFormat: ORC pushdown predicate: null
2024-04-24T00:48:40,132  INFO [main] orc.OrcInputFormat: FooterCacheHitRatio: 0/4
2024-04-24T00:48:40,133  INFO [main] orc.OrcInputFormat: getSplits finished (#splits: 4). duration: 49 ms
2024-04-24T00:48:40,133  INFO [main] io.HiveInputFormat: number of splits 4
2024-04-24T00:48:40,154  INFO [main] mapreduce.JobSubmitter: number of splits:4
2024-04-24T00:48:40,174  INFO [main] mapreduce.JobSubmitter: Submitting tokens for job: job_local1981274125_0003
2024-04-24T00:48:40,174  INFO [main] mapreduce.JobSubmitter: Executing with tokens: []
2024-04-24T00:48:40,248  INFO [main] mapreduce.Job: The url to track the job: http://localhost:8080/
Job running in-process (local Hadoop)
2024-04-24T00:48:40,249  INFO [main] exec.Task: Job running in-process (local Hadoop)
2024-04-24T00:48:40,249  INFO [Thread-242] mapred.LocalJobRunner: OutputCommitter set in config org.apache.hadoop.hive.ql.io.HiveFileFormatUtils$NullOutputCommitter
2024-04-24T00:48:40,249  INFO [Thread-242] mapred.LocalJobRunner: OutputCommitter is org.apache.hadoop.hive.ql.io.HiveFileFormatUtils$NullOutputCommitter
2024-04-24T00:48:40,251  INFO [Thread-242] mapred.LocalJobRunner: Waiting for map tasks
2024-04-24T00:48:40,252  INFO [LocalJobRunner Map Task Executor #0] mapred.LocalJobRunner: Starting task: attempt_local1981274125_0003_m_000000_0
2024-04-24T00:48:40,253  INFO [LocalJobRunner Map Task Executor #0] mapred.Task:  Using ResourceCalculatorProcessTree : [ ]
2024-04-24T00:48:40,254  INFO [LocalJobRunner Map Task Executor #0] mapred.MapTask: Processing split: org.apache.hadoop.hive.ql.io.orc.OrcInputFormat:OrcSplit [file:/home/alex/Repositories/hive/ql/target/tmp/org.apache.hadoop.hive.ql.TestTxnCommands3-1713944903826/warehouse/acid_uap/ds=tomorrow/delta_0000001_0000001_0000/bucket_00001_0, start=3, length=326, isOriginal=false, fileLength=704, hasFooter=false, hasBase=true, deltas=0]
2024-04-24T00:48:40,254  INFO [LocalJobRunner Map Task Executor #0] exec.SerializationUtilities: Deserializing MapWork using kryo
2024-04-24T00:48:40,261  INFO [LocalJobRunner Map Task Executor #0] exec.Utilities: Deserialized plan (via FILE) - name: null size: 6,90KB
2024-04-24T00:48:40,265  INFO [LocalJobRunner Map Task Executor #0] orc.VectorizedOrcAcidRowBatchReader: Read ValidWriteIdList: default.acid_uap:2:9223372036854775807:::OrcSplit [file:/home/alex/Repositories/hive/ql/target/tmp/org.apache.hadoop.hive.ql.TestTxnCommands3-1713944903826/warehouse/acid_uap/ds=tomorrow/delta_0000001_0000001_0000/bucket_00001_0, start=3, length=326, isOriginal=false, fileLength=704, hasFooter=false, hasBase=true, deltas=0]
2024-04-24T00:48:40,268  INFO [LocalJobRunner Map Task Executor #0] orc.ReaderImpl: Reading ORC rows from file:/home/alex/Repositories/hive/ql/target/tmp/org.apache.hadoop.hive.ql.TestTxnCommands3-1713944903826/warehouse/acid_uap/ds=tomorrow/delta_0000001_0000001_0000/bucket_00001_0 with {include: [true, true, true], offset: 3, length: 326, schema: struct<a:int,b:varchar(128)>, includeAcidColumns: false}
2024-04-24T00:48:40,284  INFO [LocalJobRunner Map Task Executor #0] mapred.MapTask: numReduceTasks: 1
2024-04-24T00:48:40,288  INFO [LocalJobRunner Map Task Executor #0] mapred.MapTask: (EQUATOR) 0 kvi 26214396(104857584)
2024-04-24T00:48:40,289  INFO [LocalJobRunner Map Task Executor #0] mapred.MapTask: mapreduce.task.io.sort.mb: 100
2024-04-24T00:48:40,289  INFO [LocalJobRunner Map Task Executor #0] mapred.MapTask: soft limit at 83886080
2024-04-24T00:48:40,289  INFO [LocalJobRunner Map Task Executor #0] mapred.MapTask: bufstart = 0; bufvoid = 104857600
2024-04-24T00:48:40,289  INFO [LocalJobRunner Map Task Executor #0] mapred.MapTask: kvstart = 26214396; length = 6553600
2024-04-24T00:48:40,289  INFO [LocalJobRunner Map Task Executor #0] mapred.MapTask: Map output collector class = org.apache.hadoop.mapred.MapTask$MapOutputBuffer
2024-04-24T00:48:40,291  INFO [LocalJobRunner Map Task Executor #0] vector.VectorMapOperator: Initializing Operator: MAP[0]
2024-04-24T00:48:40,294  INFO [LocalJobRunner Map Task Executor #0] mr.ExecMapper: 
<MAP>Id =0
  <Children>null
  <\Children>
  <Parent><\Parent>
<\MAP>
2024-04-24T00:48:40,295  INFO [LocalJobRunner Map Task Executor #0] exec.TableScanOperator: Initializing Operator: TS[0]
2024-04-24T00:48:40,295  INFO [LocalJobRunner Map Task Executor #0] vector.VectorSelectOperator: Initializing Operator: SEL[5]
2024-04-24T00:48:40,298  INFO [LocalJobRunner Map Task Executor #0] vector.VectorReduceSinkOperator: Initializing Operator: RS[6]
2024-04-24T00:48:40,298  INFO [LocalJobRunner Map Task Executor #0] vector.VectorReduceSinkOperator: Using tag = -1
2024-04-24T00:48:40,302  INFO [LocalJobRunner Map Task Executor #0] vector.VectorReduceSinkOperator: keys are [reducesinkkey0, reducesinkkey1, reducesinkkey2] num distributions: 3
2024-04-24T00:48:40,302  INFO [LocalJobRunner Map Task Executor #0] vector.VectorReduceSinkOperator: RS[6]: records written - 1
2024-04-24T00:48:40,302  INFO [LocalJobRunner Map Task Executor #0] vector.VectorMapOperator: Closing Operator: MAP[0]
2024-04-24T00:48:40,302  INFO [LocalJobRunner Map Task Executor #0] vector.VectorMapOperator: RECORDS_OUT_INTERMEDIATE:0, RECORDS_OUT_OPERATOR_MAP_0:0, DESERIALIZE_ERRORS:0, RECORDS_IN:1, 
2024-04-24T00:48:40,303  INFO [LocalJobRunner Map Task Executor #0] exec.TableScanOperator: Closing Operator: TS[0]
2024-04-24T00:48:40,303  INFO [LocalJobRunner Map Task Executor #0] exec.TableScanOperator: RECORDS_OUT_OPERATOR_TS_0:1, RECORDS_OUT_INTERMEDIATE:0, 
2024-04-24T00:48:40,303  INFO [LocalJobRunner Map Task Executor #0] vector.VectorSelectOperator: Closing Operator: SEL[5]
2024-04-24T00:48:40,303  INFO [LocalJobRunner Map Task Executor #0] vector.VectorSelectOperator: RECORDS_OUT_OPERATOR_SEL_5:1, RECORDS_OUT_INTERMEDIATE:0, 
2024-04-24T00:48:40,303  INFO [LocalJobRunner Map Task Executor #0] vector.VectorReduceSinkOperator: Closing Operator: RS[6]
2024-04-24T00:48:40,303  INFO [LocalJobRunner Map Task Executor #0] vector.VectorReduceSinkOperator: RS[6]: Total records written - 1. abort - false
2024-04-24T00:48:40,303  INFO [LocalJobRunner Map Task Executor #0] vector.VectorReduceSinkOperator: RECORDS_OUT_INTERMEDIATE:1, RECORDS_OUT_OPERATOR_RS_6:1, 
2024-04-24T00:48:40,303  INFO [LocalJobRunner Map Task Executor #0] mapred.LocalJobRunner: 
2024-04-24T00:48:40,303  INFO [LocalJobRunner Map Task Executor #0] mapred.MapTask: Starting flush of map output
2024-04-24T00:48:40,304  INFO [LocalJobRunner Map Task Executor #0] mapred.MapTask: Spilling map output
2024-04-24T00:48:40,304  INFO [LocalJobRunner Map Task Executor #0] mapred.MapTask: bufstart = 0; bufend = 29; bufvoid = 104857600
2024-04-24T00:48:40,304  INFO [LocalJobRunner Map Task Executor #0] mapred.MapTask: kvstart = 26214396(104857584); kvend = 26214396(104857584); length = 1/6553600
2024-04-24T00:48:40,315  INFO [LocalJobRunner Map Task Executor #0] mapred.MapTask: Finished spill 0
2024-04-24T00:48:40,318  INFO [LocalJobRunner Map Task Executor #0] mapred.Task: Task:attempt_local1981274125_0003_m_000000_0 is done. And is in the process of committing
2024-04-24T00:48:40,319  INFO [LocalJobRunner Map Task Executor #0] mapred.LocalJobRunner: OrcSplit [file:/home/alex/Repositories/hive/ql/target/tmp/org.apache.hadoop.hive.ql.TestTxnCommands3-1713944903826/warehouse/acid_uap/ds=tomorrow/delta_0000001_0000001_0000/bucket_00001_0, start=3, length=326, isOriginal=false, fileLength=704, hasFooter=false, hasBase=true, deltas=0]
2024-04-24T00:48:40,319  INFO [LocalJobRunner Map Task Executor #0] mapred.Task: Task 'attempt_local1981274125_0003_m_000000_0' done.
2024-04-24T00:48:40,319  INFO [LocalJobRunner Map Task Executor #0] mapred.Task: Final Counters for attempt_local1981274125_0003_m_000000_0: Counters: 24
	File System Counters
		FILE: Number of bytes read=54274
		FILE: Number of bytes written=3543979
		FILE: Number of read operations=0
		FILE: Number of large read operations=0
		FILE: Number of write operations=0
	Map-Reduce Framework
		Map input records=1
		Map output records=1
		Map output bytes=29
		Map output materialized bytes=37
		Input split bytes=523
		Combine input records=0
		Spilled Records=1
		Failed Shuffles=0
		Merged Map outputs=0
		GC time elapsed (ms)=0
		Total committed heap usage (bytes)=980418560
	HIVE
		DESERIALIZE_ERRORS=0
		RECORDS_IN=1
		RECORDS_OUT_INTERMEDIATE=1
		RECORDS_OUT_OPERATOR_MAP_0=0
		RECORDS_OUT_OPERATOR_RS_6=1
		RECORDS_OUT_OPERATOR_SEL_5=1
		RECORDS_OUT_OPERATOR_TS_0=1
	File Input Format Counters 
		Bytes Read=9859
2024-04-24T00:48:40,319  INFO [LocalJobRunner Map Task Executor #0] mapred.LocalJobRunner: Finishing task: attempt_local1981274125_0003_m_000000_0
2024-04-24T00:48:40,320  INFO [LocalJobRunner Map Task Executor #0] mapred.LocalJobRunner: Starting task: attempt_local1981274125_0003_m_000001_0
2024-04-24T00:48:40,320  INFO [LocalJobRunner Map Task Executor #0] mapred.Task:  Using ResourceCalculatorProcessTree : [ ]
2024-04-24T00:48:40,321  INFO [LocalJobRunner Map Task Executor #0] mapred.MapTask: Processing split: org.apache.hadoop.hive.ql.io.orc.OrcInputFormat:OrcSplit [file:/home/alex/Repositories/hive/ql/target/tmp/org.apache.hadoop.hive.ql.TestTxnCommands3-1713944903826/warehouse/acid_uap/ds=today/delta_0000002_0000002_0000/bucket_00001_0, start=3, length=326, isOriginal=false, fileLength=712, hasFooter=false, hasBase=true, deltas=0]
2024-04-24T00:48:40,322  INFO [LocalJobRunner Map Task Executor #0] exec.SerializationUtilities: Deserializing MapWork using kryo
2024-04-24T00:48:40,325  INFO [LocalJobRunner Map Task Executor #0] exec.Utilities: Deserialized plan (via FILE) - name: null size: 6,90KB
2024-04-24T00:48:40,326  INFO [LocalJobRunner Map Task Executor #0] orc.VectorizedOrcAcidRowBatchReader: Read ValidWriteIdList: default.acid_uap:2:9223372036854775807:::OrcSplit [file:/home/alex/Repositories/hive/ql/target/tmp/org.apache.hadoop.hive.ql.TestTxnCommands3-1713944903826/warehouse/acid_uap/ds=today/delta_0000002_0000002_0000/bucket_00001_0, start=3, length=326, isOriginal=false, fileLength=712, hasFooter=false, hasBase=true, deltas=0]
2024-04-24T00:48:40,327  INFO [LocalJobRunner Map Task Executor #0] orc.ReaderImpl: Reading ORC rows from file:/home/alex/Repositories/hive/ql/target/tmp/org.apache.hadoop.hive.ql.TestTxnCommands3-1713944903826/warehouse/acid_uap/ds=today/delta_0000002_0000002_0000/bucket_00001_0 with {include: [true, true, true], offset: 3, length: 326, schema: struct<a:int,b:varchar(128)>, includeAcidColumns: false}
2024-04-24T00:48:40,329  INFO [LocalJobRunner Map Task Executor #0] mapred.MapTask: numReduceTasks: 1
2024-04-24T00:48:40,341  INFO [LocalJobRunner Map Task Executor #0] mapred.MapTask: (EQUATOR) 0 kvi 26214396(104857584)
2024-04-24T00:48:40,341  INFO [LocalJobRunner Map Task Executor #0] mapred.MapTask: mapreduce.task.io.sort.mb: 100
2024-04-24T00:48:40,341  INFO [LocalJobRunner Map Task Executor #0] mapred.MapTask: soft limit at 83886080
2024-04-24T00:48:40,341  INFO [LocalJobRunner Map Task Executor #0] mapred.MapTask: bufstart = 0; bufvoid = 104857600
2024-04-24T00:48:40,341  INFO [LocalJobRunner Map Task Executor #0] mapred.MapTask: kvstart = 26214396; length = 6553600
2024-04-24T00:48:40,342  INFO [LocalJobRunner Map Task Executor #0] mapred.MapTask: Map output collector class = org.apache.hadoop.mapred.MapTask$MapOutputBuffer
2024-04-24T00:48:40,342  INFO [LocalJobRunner Map Task Executor #0] vector.VectorMapOperator: Initializing Operator: MAP[0]
2024-04-24T00:48:40,343  INFO [LocalJobRunner Map Task Executor #0] mr.ExecMapper: 
<MAP>Id =0
  <Children>null
  <\Children>
  <Parent><\Parent>
<\MAP>
2024-04-24T00:48:40,343  INFO [LocalJobRunner Map Task Executor #0] exec.TableScanOperator: Initializing Operator: TS[0]
2024-04-24T00:48:40,344  INFO [LocalJobRunner Map Task Executor #0] vector.VectorSelectOperator: Initializing Operator: SEL[5]
2024-04-24T00:48:40,344  INFO [LocalJobRunner Map Task Executor #0] vector.VectorReduceSinkOperator: Initializing Operator: RS[6]
2024-04-24T00:48:40,344  INFO [LocalJobRunner Map Task Executor #0] vector.VectorReduceSinkOperator: Using tag = -1
2024-04-24T00:48:40,344  INFO [LocalJobRunner Map Task Executor #0] vector.VectorReduceSinkOperator: keys are [reducesinkkey0, reducesinkkey1, reducesinkkey2] num distributions: 3
2024-04-24T00:48:40,345  INFO [LocalJobRunner Map Task Executor #0] vector.VectorReduceSinkOperator: RS[6]: records written - 1
2024-04-24T00:48:40,345  INFO [LocalJobRunner Map Task Executor #0] vector.VectorMapOperator: Closing Operator: MAP[0]
2024-04-24T00:48:40,345  INFO [LocalJobRunner Map Task Executor #0] vector.VectorMapOperator: RECORDS_OUT_INTERMEDIATE:0, DESERIALIZE_ERRORS:0, RECORDS_IN:1, RECORDS_OUT_OPERATOR_MAP_0:0, 
2024-04-24T00:48:40,345  INFO [LocalJobRunner Map Task Executor #0] exec.TableScanOperator: Closing Operator: TS[0]
2024-04-24T00:48:40,345  INFO [LocalJobRunner Map Task Executor #0] exec.TableScanOperator: RECORDS_OUT_INTERMEDIATE:0, RECORDS_OUT_OPERATOR_TS_0:1, 
2024-04-24T00:48:40,345  INFO [LocalJobRunner Map Task Executor #0] vector.VectorSelectOperator: Closing Operator: SEL[5]
2024-04-24T00:48:40,345  INFO [LocalJobRunner Map Task Executor #0] vector.VectorSelectOperator: RECORDS_OUT_OPERATOR_SEL_5:1, RECORDS_OUT_INTERMEDIATE:0, 
2024-04-24T00:48:40,345  INFO [LocalJobRunner Map Task Executor #0] vector.VectorReduceSinkOperator: Closing Operator: RS[6]
2024-04-24T00:48:40,345  INFO [LocalJobRunner Map Task Executor #0] vector.VectorReduceSinkOperator: RS[6]: Total records written - 1. abort - false
2024-04-24T00:48:40,345  INFO [LocalJobRunner Map Task Executor #0] vector.VectorReduceSinkOperator: RECORDS_OUT_OPERATOR_RS_6:1, RECORDS_OUT_INTERMEDIATE:1, 
2024-04-24T00:48:40,346  INFO [LocalJobRunner Map Task Executor #0] mapred.LocalJobRunner: 
2024-04-24T00:48:40,346  INFO [LocalJobRunner Map Task Executor #0] mapred.MapTask: Starting flush of map output
2024-04-24T00:48:40,346  INFO [LocalJobRunner Map Task Executor #0] mapred.MapTask: Spilling map output
2024-04-24T00:48:40,346  INFO [LocalJobRunner Map Task Executor #0] mapred.MapTask: bufstart = 0; bufend = 26; bufvoid = 104857600
2024-04-24T00:48:40,346  INFO [LocalJobRunner Map Task Executor #0] mapred.MapTask: kvstart = 26214396(104857584); kvend = 26214396(104857584); length = 1/6553600
2024-04-24T00:48:40,356  INFO [LocalJobRunner Map Task Executor #0] mapred.MapTask: Finished spill 0
2024-04-24T00:48:40,359  INFO [LocalJobRunner Map Task Executor #0] mapred.Task: Task:attempt_local1981274125_0003_m_000001_0 is done. And is in the process of committing
2024-04-24T00:48:40,360  INFO [LocalJobRunner Map Task Executor #0] mapred.LocalJobRunner: OrcSplit [file:/home/alex/Repositories/hive/ql/target/tmp/org.apache.hadoop.hive.ql.TestTxnCommands3-1713944903826/warehouse/acid_uap/ds=today/delta_0000002_0000002_0000/bucket_00001_0, start=3, length=326, isOriginal=false, fileLength=712, hasFooter=false, hasBase=true, deltas=0]
2024-04-24T00:48:40,360  INFO [LocalJobRunner Map Task Executor #0] mapred.Task: Task 'attempt_local1981274125_0003_m_000001_0' done.
2024-04-24T00:48:40,361  INFO [LocalJobRunner Map Task Executor #0] mapred.Task: Final Counters for attempt_local1981274125_0003_m_000001_0: Counters: 24
	File System Counters
		FILE: Number of bytes read=65768
		FILE: Number of bytes written=3544045
		FILE: Number of read operations=0
		FILE: Number of large read operations=0
		FILE: Number of write operations=0
	Map-Reduce Framework
		Map input records=1
		Map output records=1
		Map output bytes=26
		Map output materialized bytes=34
		Input split bytes=517
		Combine input records=0
		Spilled Records=1
		Failed Shuffles=0
		Merged Map outputs=0
		GC time elapsed (ms)=0
		Total committed heap usage (bytes)=980418560
	HIVE
		DESERIALIZE_ERRORS=0
		RECORDS_IN=1
		RECORDS_OUT_INTERMEDIATE=1
		RECORDS_OUT_OPERATOR_MAP_0=0
		RECORDS_OUT_OPERATOR_RS_6=1
		RECORDS_OUT_OPERATOR_SEL_5=1
		RECORDS_OUT_OPERATOR_TS_0=1
	File Input Format Counters 
		Bytes Read=9891
2024-04-24T00:48:40,361  INFO [LocalJobRunner Map Task Executor #0] mapred.LocalJobRunner: Finishing task: attempt_local1981274125_0003_m_000001_0
2024-04-24T00:48:40,361  INFO [LocalJobRunner Map Task Executor #0] mapred.LocalJobRunner: Starting task: attempt_local1981274125_0003_m_000002_0
2024-04-24T00:48:40,362  INFO [LocalJobRunner Map Task Executor #0] mapred.Task:  Using ResourceCalculatorProcessTree : [ ]
2024-04-24T00:48:40,362  INFO [LocalJobRunner Map Task Executor #0] mapred.MapTask: Processing split: org.apache.hadoop.hive.ql.io.orc.OrcInputFormat:OrcSplit [file:/home/alex/Repositories/hive/ql/target/tmp/org.apache.hadoop.hive.ql.TestTxnCommands3-1713944903826/warehouse/acid_uap/ds=tomorrow/delta_0000001_0000001_0000/bucket_00000_0, start=3, length=322, isOriginal=false, fileLength=705, hasFooter=false, hasBase=true, deltas=0]
2024-04-24T00:48:40,363  INFO [LocalJobRunner Map Task Executor #0] exec.SerializationUtilities: Deserializing MapWork using kryo
2024-04-24T00:48:40,364  INFO [LocalJobRunner Map Task Executor #0] exec.Utilities: Deserialized plan (via FILE) - name: null size: 6,90KB
2024-04-24T00:48:40,365  INFO [LocalJobRunner Map Task Executor #0] orc.VectorizedOrcAcidRowBatchReader: Read ValidWriteIdList: default.acid_uap:2:9223372036854775807:::OrcSplit [file:/home/alex/Repositories/hive/ql/target/tmp/org.apache.hadoop.hive.ql.TestTxnCommands3-1713944903826/warehouse/acid_uap/ds=tomorrow/delta_0000001_0000001_0000/bucket_00000_0, start=3, length=322, isOriginal=false, fileLength=705, hasFooter=false, hasBase=true, deltas=0]
2024-04-24T00:48:40,367  INFO [LocalJobRunner Map Task Executor #0] orc.ReaderImpl: Reading ORC rows from file:/home/alex/Repositories/hive/ql/target/tmp/org.apache.hadoop.hive.ql.TestTxnCommands3-1713944903826/warehouse/acid_uap/ds=tomorrow/delta_0000001_0000001_0000/bucket_00000_0 with {include: [true, true, true], offset: 3, length: 322, schema: struct<a:int,b:varchar(128)>, includeAcidColumns: false}
2024-04-24T00:48:40,369  INFO [LocalJobRunner Map Task Executor #0] mapred.MapTask: numReduceTasks: 1
2024-04-24T00:48:40,385  INFO [LocalJobRunner Map Task Executor #0] mapred.MapTask: (EQUATOR) 0 kvi 26214396(104857584)
2024-04-24T00:48:40,385  INFO [LocalJobRunner Map Task Executor #0] mapred.MapTask: mapreduce.task.io.sort.mb: 100
2024-04-24T00:48:40,385  INFO [LocalJobRunner Map Task Executor #0] mapred.MapTask: soft limit at 83886080
2024-04-24T00:48:40,385  INFO [LocalJobRunner Map Task Executor #0] mapred.MapTask: bufstart = 0; bufvoid = 104857600
2024-04-24T00:48:40,385  INFO [LocalJobRunner Map Task Executor #0] mapred.MapTask: kvstart = 26214396; length = 6553600
2024-04-24T00:48:40,385  INFO [LocalJobRunner Map Task Executor #0] mapred.MapTask: Map output collector class = org.apache.hadoop.mapred.MapTask$MapOutputBuffer
2024-04-24T00:48:40,386  INFO [LocalJobRunner Map Task Executor #0] vector.VectorMapOperator: Initializing Operator: MAP[0]
2024-04-24T00:48:40,386  INFO [LocalJobRunner Map Task Executor #0] mr.ExecMapper: 
<MAP>Id =0
  <Children>null
  <\Children>
  <Parent><\Parent>
<\MAP>
2024-04-24T00:48:40,387  INFO [LocalJobRunner Map Task Executor #0] exec.TableScanOperator: Initializing Operator: TS[0]
2024-04-24T00:48:40,388  INFO [LocalJobRunner Map Task Executor #0] vector.VectorSelectOperator: Initializing Operator: SEL[5]
2024-04-24T00:48:40,388  INFO [LocalJobRunner Map Task Executor #0] vector.VectorReduceSinkOperator: Initializing Operator: RS[6]
2024-04-24T00:48:40,388  INFO [LocalJobRunner Map Task Executor #0] vector.VectorReduceSinkOperator: Using tag = -1
2024-04-24T00:48:40,389  INFO [LocalJobRunner Map Task Executor #0] vector.VectorReduceSinkOperator: keys are [reducesinkkey0, reducesinkkey1, reducesinkkey2] num distributions: 3
2024-04-24T00:48:40,389  INFO [LocalJobRunner Map Task Executor #0] vector.VectorReduceSinkOperator: RS[6]: records written - 1
2024-04-24T00:48:40,389  INFO [LocalJobRunner Map Task Executor #0] vector.VectorMapOperator: Closing Operator: MAP[0]
2024-04-24T00:48:40,389  INFO [LocalJobRunner Map Task Executor #0] vector.VectorMapOperator: RECORDS_OUT_OPERATOR_MAP_0:0, RECORDS_IN:1, RECORDS_OUT_INTERMEDIATE:0, DESERIALIZE_ERRORS:0, 
2024-04-24T00:48:40,389  INFO [LocalJobRunner Map Task Executor #0] exec.TableScanOperator: Closing Operator: TS[0]
2024-04-24T00:48:40,390  INFO [LocalJobRunner Map Task Executor #0] exec.TableScanOperator: RECORDS_OUT_OPERATOR_TS_0:1, RECORDS_OUT_INTERMEDIATE:0, 
2024-04-24T00:48:40,390  INFO [LocalJobRunner Map Task Executor #0] vector.VectorSelectOperator: Closing Operator: SEL[5]
2024-04-24T00:48:40,390  INFO [LocalJobRunner Map Task Executor #0] vector.VectorSelectOperator: RECORDS_OUT_OPERATOR_SEL_5:1, RECORDS_OUT_INTERMEDIATE:0, 
2024-04-24T00:48:40,390  INFO [LocalJobRunner Map Task Executor #0] vector.VectorReduceSinkOperator: Closing Operator: RS[6]
2024-04-24T00:48:40,390  INFO [LocalJobRunner Map Task Executor #0] vector.VectorReduceSinkOperator: RS[6]: Total records written - 1. abort - false
2024-04-24T00:48:40,390  INFO [LocalJobRunner Map Task Executor #0] vector.VectorReduceSinkOperator: RECORDS_OUT_INTERMEDIATE:1, RECORDS_OUT_OPERATOR_RS_6:1, 
2024-04-24T00:48:40,391  INFO [LocalJobRunner Map Task Executor #0] mapred.LocalJobRunner: 
2024-04-24T00:48:40,391  INFO [LocalJobRunner Map Task Executor #0] mapred.MapTask: Starting flush of map output
2024-04-24T00:48:40,391  INFO [LocalJobRunner Map Task Executor #0] mapred.MapTask: Spilling map output
2024-04-24T00:48:40,391  INFO [LocalJobRunner Map Task Executor #0] mapred.MapTask: bufstart = 0; bufend = 29; bufvoid = 104857600
2024-04-24T00:48:40,391  INFO [LocalJobRunner Map Task Executor #0] mapred.MapTask: kvstart = 26214396(104857584); kvend = 26214396(104857584); length = 1/6553600
2024-04-24T00:48:40,399  INFO [LocalJobRunner Map Task Executor #0] mapred.MapTask: Finished spill 0
2024-04-24T00:48:40,403  INFO [LocalJobRunner Map Task Executor #0] mapred.Task: Task:attempt_local1981274125_0003_m_000002_0 is done. And is in the process of committing
2024-04-24T00:48:40,404  INFO [LocalJobRunner Map Task Executor #0] mapred.LocalJobRunner: OrcSplit [file:/home/alex/Repositories/hive/ql/target/tmp/org.apache.hadoop.hive.ql.TestTxnCommands3-1713944903826/warehouse/acid_uap/ds=tomorrow/delta_0000001_0000001_0000/bucket_00000_0, start=3, length=322, isOriginal=false, fileLength=705, hasFooter=false, hasBase=true, deltas=0]
2024-04-24T00:48:40,404  INFO [LocalJobRunner Map Task Executor #0] mapred.Task: Task 'attempt_local1981274125_0003_m_000002_0' done.
2024-04-24T00:48:40,404  INFO [LocalJobRunner Map Task Executor #0] mapred.Task: Final Counters for attempt_local1981274125_0003_m_000002_0: Counters: 24
	File System Counters
		FILE: Number of bytes read=76722
		FILE: Number of bytes written=3544114
		FILE: Number of read operations=0
		FILE: Number of large read operations=0
		FILE: Number of write operations=0
	Map-Reduce Framework
		Map input records=1
		Map output records=1
		Map output bytes=29
		Map output materialized bytes=37
		Input split bytes=523
		Combine input records=0
		Spilled Records=1
		Failed Shuffles=0
		Merged Map outputs=0
		GC time elapsed (ms)=10
		Total committed heap usage (bytes)=986710016
	HIVE
		DESERIALIZE_ERRORS=0
		RECORDS_IN=1
		RECORDS_OUT_INTERMEDIATE=1
		RECORDS_OUT_OPERATOR_MAP_0=0
		RECORDS_OUT_OPERATOR_RS_6=1
		RECORDS_OUT_OPERATOR_SEL_5=1
		RECORDS_OUT_OPERATOR_TS_0=1
	File Input Format Counters 
		Bytes Read=9863
2024-04-24T00:48:40,404  INFO [LocalJobRunner Map Task Executor #0] mapred.LocalJobRunner: Finishing task: attempt_local1981274125_0003_m_000002_0
2024-04-24T00:48:40,404  INFO [LocalJobRunner Map Task Executor #0] mapred.LocalJobRunner: Starting task: attempt_local1981274125_0003_m_000003_0
2024-04-24T00:48:40,405  INFO [LocalJobRunner Map Task Executor #0] mapred.Task:  Using ResourceCalculatorProcessTree : [ ]
2024-04-24T00:48:40,405  INFO [LocalJobRunner Map Task Executor #0] mapred.MapTask: Processing split: org.apache.hadoop.hive.ql.io.orc.OrcInputFormat:OrcSplit [file:/home/alex/Repositories/hive/ql/target/tmp/org.apache.hadoop.hive.ql.TestTxnCommands3-1713944903826/warehouse/acid_uap/ds=today/delta_0000002_0000002_0000/bucket_00000_0, start=3, length=322, isOriginal=false, fileLength=697, hasFooter=false, hasBase=true, deltas=0]
2024-04-24T00:48:40,406  INFO [LocalJobRunner Map Task Executor #0] exec.SerializationUtilities: Deserializing MapWork using kryo
2024-04-24T00:48:40,407  INFO [LocalJobRunner Map Task Executor #0] exec.Utilities: Deserialized plan (via FILE) - name: null size: 6,90KB
2024-04-24T00:48:40,408  INFO [LocalJobRunner Map Task Executor #0] orc.VectorizedOrcAcidRowBatchReader: Read ValidWriteIdList: default.acid_uap:2:9223372036854775807:::OrcSplit [file:/home/alex/Repositories/hive/ql/target/tmp/org.apache.hadoop.hive.ql.TestTxnCommands3-1713944903826/warehouse/acid_uap/ds=today/delta_0000002_0000002_0000/bucket_00000_0, start=3, length=322, isOriginal=false, fileLength=697, hasFooter=false, hasBase=true, deltas=0]
2024-04-24T00:48:40,410  INFO [LocalJobRunner Map Task Executor #0] orc.ReaderImpl: Reading ORC rows from file:/home/alex/Repositories/hive/ql/target/tmp/org.apache.hadoop.hive.ql.TestTxnCommands3-1713944903826/warehouse/acid_uap/ds=today/delta_0000002_0000002_0000/bucket_00000_0 with {include: [true, true, true], offset: 3, length: 322, schema: struct<a:int,b:varchar(128)>, includeAcidColumns: false}
2024-04-24T00:48:40,411  INFO [LocalJobRunner Map Task Executor #0] mapred.MapTask: numReduceTasks: 1
2024-04-24T00:48:40,416  INFO [LocalJobRunner Map Task Executor #0] mapred.MapTask: (EQUATOR) 0 kvi 26214396(104857584)
2024-04-24T00:48:40,416  INFO [LocalJobRunner Map Task Executor #0] mapred.MapTask: mapreduce.task.io.sort.mb: 100
2024-04-24T00:48:40,416  INFO [LocalJobRunner Map Task Executor #0] mapred.MapTask: soft limit at 83886080
2024-04-24T00:48:40,417  INFO [LocalJobRunner Map Task Executor #0] mapred.MapTask: bufstart = 0; bufvoid = 104857600
2024-04-24T00:48:40,417  INFO [LocalJobRunner Map Task Executor #0] mapred.MapTask: kvstart = 26214396; length = 6553600
2024-04-24T00:48:40,417  INFO [LocalJobRunner Map Task Executor #0] mapred.MapTask: Map output collector class = org.apache.hadoop.mapred.MapTask$MapOutputBuffer
2024-04-24T00:48:40,418  INFO [LocalJobRunner Map Task Executor #0] vector.VectorMapOperator: Initializing Operator: MAP[0]
2024-04-24T00:48:40,418  INFO [LocalJobRunner Map Task Executor #0] mr.ExecMapper: 
<MAP>Id =0
  <Children>null
  <\Children>
  <Parent><\Parent>
<\MAP>
2024-04-24T00:48:40,419  INFO [LocalJobRunner Map Task Executor #0] exec.TableScanOperator: Initializing Operator: TS[0]
2024-04-24T00:48:40,419  INFO [LocalJobRunner Map Task Executor #0] vector.VectorSelectOperator: Initializing Operator: SEL[5]
2024-04-24T00:48:40,419  INFO [LocalJobRunner Map Task Executor #0] vector.VectorReduceSinkOperator: Initializing Operator: RS[6]
2024-04-24T00:48:40,419  INFO [LocalJobRunner Map Task Executor #0] vector.VectorReduceSinkOperator: Using tag = -1
2024-04-24T00:48:40,420  INFO [LocalJobRunner Map Task Executor #0] vector.VectorReduceSinkOperator: keys are [reducesinkkey0, reducesinkkey1, reducesinkkey2] num distributions: 3
2024-04-24T00:48:40,420  INFO [LocalJobRunner Map Task Executor #0] vector.VectorReduceSinkOperator: RS[6]: records written - 1
2024-04-24T00:48:40,420  INFO [LocalJobRunner Map Task Executor #0] vector.VectorMapOperator: Closing Operator: MAP[0]
2024-04-24T00:48:40,420  INFO [LocalJobRunner Map Task Executor #0] vector.VectorMapOperator: RECORDS_OUT_OPERATOR_MAP_0:0, RECORDS_OUT_INTERMEDIATE:0, DESERIALIZE_ERRORS:0, RECORDS_IN:1, 
2024-04-24T00:48:40,420  INFO [LocalJobRunner Map Task Executor #0] exec.TableScanOperator: Closing Operator: TS[0]
2024-04-24T00:48:40,420  INFO [LocalJobRunner Map Task Executor #0] exec.TableScanOperator: RECORDS_OUT_INTERMEDIATE:0, RECORDS_OUT_OPERATOR_TS_0:1, 
2024-04-24T00:48:40,420  INFO [LocalJobRunner Map Task Executor #0] vector.VectorSelectOperator: Closing Operator: SEL[5]
2024-04-24T00:48:40,421  INFO [LocalJobRunner Map Task Executor #0] vector.VectorSelectOperator: RECORDS_OUT_OPERATOR_SEL_5:1, RECORDS_OUT_INTERMEDIATE:0, 
2024-04-24T00:48:40,421  INFO [LocalJobRunner Map Task Executor #0] vector.VectorReduceSinkOperator: Closing Operator: RS[6]
2024-04-24T00:48:40,421  INFO [LocalJobRunner Map Task Executor #0] vector.VectorReduceSinkOperator: RS[6]: Total records written - 1. abort - false
2024-04-24T00:48:40,421  INFO [LocalJobRunner Map Task Executor #0] vector.VectorReduceSinkOperator: RECORDS_OUT_OPERATOR_RS_6:1, RECORDS_OUT_INTERMEDIATE:1, 
2024-04-24T00:48:40,421  INFO [LocalJobRunner Map Task Executor #0] mapred.LocalJobRunner: 
2024-04-24T00:48:40,421  INFO [LocalJobRunner Map Task Executor #0] mapred.MapTask: Starting flush of map output
2024-04-24T00:48:40,421  INFO [LocalJobRunner Map Task Executor #0] mapred.MapTask: Spilling map output
2024-04-24T00:48:40,421  INFO [LocalJobRunner Map Task Executor #0] mapred.MapTask: bufstart = 0; bufend = 26; bufvoid = 104857600
2024-04-24T00:48:40,421  INFO [LocalJobRunner Map Task Executor #0] mapred.MapTask: kvstart = 26214396(104857584); kvend = 26214396(104857584); length = 1/6553600
2024-04-24T00:48:40,430  INFO [LocalJobRunner Map Task Executor #0] mapred.MapTask: Finished spill 0
2024-04-24T00:48:40,434  INFO [LocalJobRunner Map Task Executor #0] mapred.Task: Task:attempt_local1981274125_0003_m_000003_0 is done. And is in the process of committing
2024-04-24T00:48:40,435  INFO [LocalJobRunner Map Task Executor #0] mapred.LocalJobRunner: OrcSplit [file:/home/alex/Repositories/hive/ql/target/tmp/org.apache.hadoop.hive.ql.TestTxnCommands3-1713944903826/warehouse/acid_uap/ds=today/delta_0000002_0000002_0000/bucket_00000_0, start=3, length=322, isOriginal=false, fileLength=697, hasFooter=false, hasBase=true, deltas=0]
2024-04-24T00:48:40,435  INFO [LocalJobRunner Map Task Executor #0] mapred.Task: Task 'attempt_local1981274125_0003_m_000003_0' done.
2024-04-24T00:48:40,435  INFO [LocalJobRunner Map Task Executor #0] mapred.Task: Final Counters for attempt_local1981274125_0003_m_000003_0: Counters: 24
	File System Counters
		FILE: Number of bytes read=87132
		FILE: Number of bytes written=3544180
		FILE: Number of read operations=0
		FILE: Number of large read operations=0
		FILE: Number of write operations=0
	Map-Reduce Framework
		Map input records=1
		Map output records=1
		Map output bytes=26
		Map output materialized bytes=34
		Input split bytes=517
		Combine input records=0
		Spilled Records=1
		Failed Shuffles=0
		Merged Map outputs=0
		GC time elapsed (ms)=0
		Total committed heap usage (bytes)=986710016
	HIVE
		DESERIALIZE_ERRORS=0
		RECORDS_IN=1
		RECORDS_OUT_INTERMEDIATE=1
		RECORDS_OUT_OPERATOR_MAP_0=0
		RECORDS_OUT_OPERATOR_RS_6=1
		RECORDS_OUT_OPERATOR_SEL_5=1
		RECORDS_OUT_OPERATOR_TS_0=1
	File Input Format Counters 
		Bytes Read=9831
2024-04-24T00:48:40,435  INFO [LocalJobRunner Map Task Executor #0] mapred.LocalJobRunner: Finishing task: attempt_local1981274125_0003_m_000003_0
2024-04-24T00:48:40,435  INFO [Thread-242] mapred.LocalJobRunner: map task executor complete.
2024-04-24T00:48:40,436  INFO [Thread-242] mapred.LocalJobRunner: Waiting for reduce tasks
2024-04-24T00:48:40,436  INFO [pool-21-thread-1] mapred.LocalJobRunner: Starting task: attempt_local1981274125_0003_r_000000_0
2024-04-24T00:48:40,437  INFO [pool-21-thread-1] mapred.Task:  Using ResourceCalculatorProcessTree : [ ]
2024-04-24T00:48:40,437  INFO [pool-21-thread-1] mapred.ReduceTask: Using ShuffleConsumerPlugin: org.apache.hadoop.mapreduce.task.reduce.Shuffle@38c4f26e
2024-04-24T00:48:40,437  WARN [pool-21-thread-1] impl.MetricsSystemImpl: JobTracker metrics system already initialized!
2024-04-24T00:48:40,438  INFO [pool-21-thread-1] reduce.MergeManagerImpl: MergerManager: memoryLimit=1336252800, maxSingleShuffleLimit=334063200, mergeThreshold=881926912, ioSortFactor=10, memToMemMergeOutputsThreshold=10
2024-04-24T00:48:40,439  INFO [EventFetcher for fetching Map Completion Events] reduce.EventFetcher: attempt_local1981274125_0003_r_000000_0 Thread started: EventFetcher for fetching Map Completion Events
2024-04-24T00:48:40,443  INFO [localfetcher#5] reduce.LocalFetcher: localfetcher#5 about to shuffle output of map attempt_local1981274125_0003_m_000000_0 decomp: 33 len: 37 to MEMORY
2024-04-24T00:48:40,444  INFO [localfetcher#5] reduce.InMemoryMapOutput: Read 33 bytes from map-output for attempt_local1981274125_0003_m_000000_0
2024-04-24T00:48:40,444  INFO [localfetcher#5] reduce.MergeManagerImpl: closeInMemoryFile -> map-output of size: 33, inMemoryMapOutputs.size() -> 1, commitMemory -> 0, usedMemory ->33
2024-04-24T00:48:40,448  INFO [localfetcher#5] reduce.LocalFetcher: localfetcher#5 about to shuffle output of map attempt_local1981274125_0003_m_000002_0 decomp: 33 len: 37 to MEMORY
2024-04-24T00:48:40,449  INFO [localfetcher#5] reduce.InMemoryMapOutput: Read 33 bytes from map-output for attempt_local1981274125_0003_m_000002_0
2024-04-24T00:48:40,449  INFO [localfetcher#5] reduce.MergeManagerImpl: closeInMemoryFile -> map-output of size: 33, inMemoryMapOutputs.size() -> 2, commitMemory -> 33, usedMemory ->66
2024-04-24T00:48:40,454  INFO [localfetcher#5] reduce.LocalFetcher: localfetcher#5 about to shuffle output of map attempt_local1981274125_0003_m_000003_0 decomp: 30 len: 34 to MEMORY
2024-04-24T00:48:40,454  INFO [localfetcher#5] reduce.InMemoryMapOutput: Read 30 bytes from map-output for attempt_local1981274125_0003_m_000003_0
2024-04-24T00:48:40,454  INFO [localfetcher#5] reduce.MergeManagerImpl: closeInMemoryFile -> map-output of size: 30, inMemoryMapOutputs.size() -> 3, commitMemory -> 66, usedMemory ->96
2024-04-24T00:48:40,458  INFO [localfetcher#5] reduce.LocalFetcher: localfetcher#5 about to shuffle output of map attempt_local1981274125_0003_m_000001_0 decomp: 30 len: 34 to MEMORY
2024-04-24T00:48:40,459  INFO [localfetcher#5] reduce.InMemoryMapOutput: Read 30 bytes from map-output for attempt_local1981274125_0003_m_000001_0
2024-04-24T00:48:40,459  INFO [localfetcher#5] reduce.MergeManagerImpl: closeInMemoryFile -> map-output of size: 30, inMemoryMapOutputs.size() -> 4, commitMemory -> 96, usedMemory ->126
2024-04-24T00:48:40,460  INFO [EventFetcher for fetching Map Completion Events] reduce.EventFetcher: EventFetcher is interrupted.. Returning
2024-04-24T00:48:40,460  INFO [pool-21-thread-1] mapred.LocalJobRunner: 4 / 4 copied.
2024-04-24T00:48:40,461  INFO [pool-21-thread-1] reduce.MergeManagerImpl: finalMerge called with 4 in-memory map-outputs and 0 on-disk map-outputs
2024-04-24T00:48:40,473  INFO [pool-21-thread-1] mapred.Merger: Merging 4 sorted segments
2024-04-24T00:48:40,473  INFO [pool-21-thread-1] mapred.Merger: Down to the last merge-pass, with 4 segments left of total size: 24 bytes
2024-04-24T00:48:40,479  INFO [pool-21-thread-1] reduce.MergeManagerImpl: Merged 4 segments, 126 bytes to disk to satisfy reduce memory limit
2024-04-24T00:48:40,480  INFO [pool-21-thread-1] reduce.MergeManagerImpl: Merging 1 files, 124 bytes from disk
2024-04-24T00:48:40,480  INFO [pool-21-thread-1] reduce.MergeManagerImpl: Merging 0 segments, 0 bytes from memory into reduce
2024-04-24T00:48:40,480  INFO [pool-21-thread-1] mapred.Merger: Merging 1 sorted segments
2024-04-24T00:48:40,480  INFO [pool-21-thread-1] mapred.Merger: Down to the last merge-pass, with 1 segments left of total size: 96 bytes
2024-04-24T00:48:40,481  INFO [pool-21-thread-1] mapred.LocalJobRunner: 4 / 4 copied.
2024-04-24T00:48:40,482  INFO [pool-21-thread-1] exec.SerializationUtilities: Deserializing ReduceWork using kryo
2024-04-24T00:48:40,484  INFO [pool-21-thread-1] exec.Utilities: Deserialized plan (via FILE) - name: null size: 7,35KB
2024-04-24T00:48:40,487  INFO [pool-21-thread-1] ExecReducer: 
<SEL>Id =3
  <Children>
    <FS>Id =4
      <Children>
      <\Children>
      <Parent>Id = 3 null<\Parent>
    <\FS>
  <\Children>
  <Parent><\Parent>
<\SEL>
2024-04-24T00:48:40,487  INFO [pool-21-thread-1] exec.SelectOperator: Initializing Operator: SEL[3]
2024-04-24T00:48:40,487  INFO [pool-21-thread-1] exec.SelectOperator: SELECT struct<key:struct<reducesinkkey0:int,reducesinkkey1:varchar(128),reducesinkkey2:string>,value:struct<>>
2024-04-24T00:48:40,487  INFO [pool-21-thread-1] exec.FileSinkOperator: Initializing Operator: FS[4]
2024-04-24T00:48:40,489  INFO [pool-21-thread-1] exec.FileSinkOperator: Using serializer : class org.apache.hadoop.hive.serde2.lazy.LazySimpleSerDe [serdeParams=org.apache.hadoop.hive.serde2.lazy.LazySerDeParameters@b2508aa, cachedObjectInspector=org.apache.hadoop.hive.serde2.lazy.objectinspector.LazySimpleStructObjectInspector<org.apache.hadoop.hive.serde2.lazy.objectinspector.primitive.LazyIntObjectInspector@2e8417ea,varchar(128),org.apache.hadoop.hive.serde2.lazy.objectinspector.primitive.LazyStringObjectInspector@67726dd1>, serializedSize=0, stats=org.apache.hadoop.hive.serde2.SerDeStats@135f15c2, lastOperationSerialize=false, lastOperationDeserialize=false [1, 2, 3, 4, 5, 6, 7, 8, 11, 14, 15, 16, 17, 18, 19, 20, 21, 22, 23, 24, 25, 26, 28, 29, 30, 31, -128, -127, -126, -125, -124, -123, -122, -121, -120, -119, -118, -117, -116, -115, -114, -113, -112, -111, -110, -109, -108, -107, -106, -105, -104, -103, -102, -101, -100, -99, -98, -97, -96, -95, -94, -93, -92, -91, -90, -89, -88, -87, -86, -85, -84, -83, -82, -81, -80, -79, -78, -77, -76, -75, -74, -73, -72, -71, -70, -69, -68, -67, -66, -65, -64, -63, -62, -61, -60, -59, -58, -57, -56, -55, -54, -53, -52, -51, -50, -49, -48, -47, -46, -45, -44, -43, -42, -41, -40, -39, -38, -37, -36, -35, -34, -33, -32, -31, -30, -29, -28, -27, -26, -25, -24, -23, -22, -21, -20, -19, -18, -17, -16, -15, -14, -13, -12, -11, -10, -9, -8, -7, -6, -5, -4, -3, -2, -1] : [_col0, _col1, _col2] : [int, varchar(128), string]] and formatter : org.apache.hadoop.hive.ql.io.HiveSequenceFileOutputFormat@1b3130b4
2024-04-24T00:48:40,491  INFO [pool-21-thread-1] exec.FileSinkOperator: Final Path: FS file:/home/alex/Repositories/hive/ql/target/tmp/localscratchdir/42396fdd-37ef-497a-a482-3c773af2ea61/hive_2024-04-24_00-48-39_452_6591360420351041218-1/-mr-10001/.hive-staging_hive_2024-04-24_00-48-39_452_6591360420351041218-1/_tmp.-ext-10002/000000_0
2024-04-24T00:48:40,491  INFO [pool-21-thread-1] exec.FileSinkOperator: Writing to temp file: FS file:/home/alex/Repositories/hive/ql/target/tmp/localscratchdir/42396fdd-37ef-497a-a482-3c773af2ea61/hive_2024-04-24_00-48-39_452_6591360420351041218-1/-mr-10001/.hive-staging_hive_2024-04-24_00-48-39_452_6591360420351041218-1/_task_tmp.-ext-10002/_tmp.000000_0
2024-04-24T00:48:40,491  INFO [pool-21-thread-1] exec.FileSinkOperator: New Final Path: FS file:/home/alex/Repositories/hive/ql/target/tmp/localscratchdir/42396fdd-37ef-497a-a482-3c773af2ea61/hive_2024-04-24_00-48-39_452_6591360420351041218-1/-mr-10001/.hive-staging_hive_2024-04-24_00-48-39_452_6591360420351041218-1/_tmp.-ext-10002/000000_0
2024-04-24T00:48:40,519  INFO [pool-21-thread-1] exec.FileSinkOperator: FS[4]: records written - 1
2024-04-24T00:48:40,520  INFO [pool-21-thread-1] exec.SelectOperator: Closing Operator: SEL[3]
2024-04-24T00:48:40,520  INFO [pool-21-thread-1] exec.SelectOperator: RECORDS_OUT_INTERMEDIATE:0, RECORDS_OUT_OPERATOR_SEL_3:4, 
2024-04-24T00:48:40,520  INFO [pool-21-thread-1] exec.FileSinkOperator: Closing Operator: FS[4]
2024-04-24T00:48:40,520  INFO [pool-21-thread-1] exec.FileSinkOperator: FS[4]: records written - 4
2024-04-24T00:48:40,520  INFO [pool-21-thread-1] exec.FileSinkOperator: RECORDS_OUT_0:4, RECORDS_OUT_OPERATOR_FS_4:4, RECORDS_OUT_INTERMEDIATE:0, 
2024-04-24T00:48:40,521  INFO [pool-21-thread-1] mapred.Task: Task:attempt_local1981274125_0003_r_000000_0 is done. And is in the process of committing
2024-04-24T00:48:40,521  INFO [pool-21-thread-1] mapred.LocalJobRunner: reduce > reduce
2024-04-24T00:48:40,521  INFO [pool-21-thread-1] mapred.Task: Task 'attempt_local1981274125_0003_r_000000_0' done.
2024-04-24T00:48:40,522  INFO [pool-21-thread-1] mapred.Task: Final Counters for attempt_local1981274125_0003_r_000000_0: Counters: 29
	File System Counters
		FILE: Number of bytes read=94943
		FILE: Number of bytes written=3544505
		FILE: Number of read operations=0
		FILE: Number of large read operations=0
		FILE: Number of write operations=0
	Map-Reduce Framework
		Combine input records=0
		Combine output records=0
		Reduce input groups=4
		Reduce shuffle bytes=142
		Reduce input records=4
		Reduce output records=0
		Spilled Records=4
		Shuffled Maps =4
		Failed Shuffles=0
		Merged Map outputs=4
		GC time elapsed (ms)=0
		Total committed heap usage (bytes)=986710016
	HIVE
		CREATED_FILES=1
		RECORDS_OUT_0=4
		RECORDS_OUT_INTERMEDIATE=0
		RECORDS_OUT_OPERATOR_FS_4=4
		RECORDS_OUT_OPERATOR_SEL_3=4
	Shuffle Errors
		BAD_ID=0
		CONNECTION=0
		IO_ERROR=0
		WRONG_LENGTH=0
		WRONG_MAP=0
		WRONG_REDUCE=0
	File Output Format Counters 
		Bytes Written=0
2024-04-24T00:48:40,522  INFO [pool-21-thread-1] mapred.LocalJobRunner: Finishing task: attempt_local1981274125_0003_r_000000_0
2024-04-24T00:48:40,522  INFO [Thread-242] mapred.LocalJobRunner: reduce task executor complete.
2024-04-24 00:48:41,251 Stage-1 map = 100%,  reduce = 100%
2024-04-24T00:48:41,252  INFO [main] exec.Task: 2024-04-24 00:48:41,251 Stage-1 map = 100%,  reduce = 100%
Ended Job = job_local1981274125_0003
2024-04-24T00:48:41,253  INFO [main] exec.Task: Ended Job = job_local1981274125_0003
2024-04-24T00:48:41,287  INFO [main] metadata.Hive: Dumping metastore api call timing information for : execution phase
2024-04-24T00:48:41,287  INFO [main] metadata.Hive: Total time spent in each metastore function (ms): {}
MapReduce Jobs Launched: 
2024-04-24T00:48:41,288  INFO [main] ql.Driver: MapReduce Jobs Launched: 
Stage-Stage-1:  HDFS Read: 0 HDFS Write: 0 SUCCESS
2024-04-24T00:48:41,288  INFO [main] ql.Driver: Stage-Stage-1:  HDFS Read: 0 HDFS Write: 0 SUCCESS
Total MapReduce CPU Time Spent: 0 msec
2024-04-24T00:48:41,288  INFO [main] ql.Driver: Total MapReduce CPU Time Spent: 0 msec
2024-04-24T00:48:41,288  INFO [main] ql.Driver: Completed executing command(queryId=alex_20240424004839_42b2f7aa-2010-4051-992b-00613a93ee5a); Time taken: 1.406 seconds
2024-04-24T00:48:41,288  INFO [main] lockmgr.DbTxnManager: Stopped heartbeat for query: alex_20240424004839_42b2f7aa-2010-4051-992b-00613a93ee5a
2024-04-24T00:48:41,293  INFO [main] txn.TxnHandler: Expected to move at least one record from txn_components to completed_txn_components when committing txn! txnid:17
2024-04-24T00:48:41,300  INFO [main] txn.TxnHandler: Removed transactions: ([17]) from MIN_HISTORY_LEVEL
2024-04-24T00:48:41,300  WARN [main] txn.CompactionTxnHandler: No compaction queue record found for Compaction type transaction commit. txnId:17
2024-04-24T00:48:41,308  INFO [main] mapred.FileInputFormat: Total input files to process : 1
2024-04-24T00:48:41,320  INFO [main] exec.ListSinkOperator: Closing Operator: LIST_SINK[7]
2024-04-24T00:48:41,320  INFO [main] exec.ListSinkOperator: RECORDS_OUT_OPERATOR_LIST_SINK_7:4, RECORDS_OUT_INTERMEDIATE:0, 
2024-04-24T00:48:41,320  INFO [main] ql.TxnCommandsBaseForTests: Running the query: select ROW__ID, a, b, ds from acid_uap order by ds, a, b
2024-04-24T00:48:41,321  INFO [main] ql.Context: Deleting scratch dir: file:/home/alex/Repositories/hive/ql/target/tmp/localscratchdir/42396fdd-37ef-497a-a482-3c773af2ea61/hive_2024-04-24_00-48-39_452_6591360420351041218-1
2024-04-24T00:48:41,322  INFO [main] cleanup.SyncCleanupService: Deleted directory: file:/home/alex/Repositories/hive/ql/target/tmp/localscratchdir/42396fdd-37ef-497a-a482-3c773af2ea61/hive_2024-04-24_00-48-39_452_6591360420351041218-1 on fs with scheme file
2024-04-24T00:48:41,322  INFO [main] ql.Driver: Compiling command(queryId=alex_20240424004841_5faae510-f3e5-4de2-bd59-ec2fdd704c30): select ROW__ID, a, b, ds from acid_uap order by ds, a, b
2024-04-24T00:48:41,327  INFO [main] txn.TxnHandler: Added entries to MIN_HISTORY_LEVEL for current txns: ([18]) with min_open_txn: 18
2024-04-24T00:48:41,327  INFO [main] lockmgr.DbTxnManager: Opened txnid:18
2024-04-24T00:48:41,329  INFO [main] parse.CalcitePlanner: Starting caching scope for: 
2024-04-24T00:48:41,329  INFO [main] parse.CalcitePlanner: Starting Semantic Analysis
2024-04-24T00:48:41,334  INFO [main] parse.CalcitePlanner: Completed phase 1 of Semantic Analysis
2024-04-24T00:48:41,334  INFO [main] parse.CalcitePlanner: Get metadata for source tables
2024-04-24T00:48:41,335  INFO [main] HiveMetaStore.audit: ugi=alex	ip=unknown-ip-addr	cmd=get_table : tbl=hive.default.acid_uap	
2024-04-24T00:48:41,347  INFO [main] metastore.HMSHandler: Skipping translation for processor with null
2024-04-24T00:48:41,347  INFO [main] parse.CalcitePlanner: Get metadata for subqueries
2024-04-24T00:48:41,347  INFO [main] parse.CalcitePlanner: Get metadata for destination tables
2024-04-24T00:48:41,347  INFO [main] parse.CalcitePlanner: Completed getting MetaData in Semantic Analysis
2024-04-24T00:48:41,362  INFO [main] HiveMetaStore.audit: ugi=alex	ip=unknown-ip-addr	cmd=get_all_table_constraints : tbl=hive.default.acid_uap	
2024-04-24T00:48:41,384  INFO [main] calcite.RelOptHiveTable: Calculating column statistics for default.acid_uap, projIndxSet: [0, 1, 2], allowMissingStats: true
2024-04-24T00:48:41,385  INFO [main] HiveMetaStore.audit: ugi=alex	ip=unknown-ip-addr	cmd=get_partitions : tbl=hive.default.acid_uap	
2024-04-24T00:48:41,406  INFO [main] HiveMetaStore.audit: ugi=alex	ip=unknown-ip-addr	cmd=get_table : tbl=hive.default.acid_uap	
2024-04-24T00:48:41,418  INFO [main] metastore.HMSHandler: Skipping translation for processor with null
2024-04-24T00:48:41,418  INFO [main] HiveMetaStore.audit: ugi=alex	ip=unknown-ip-addr	cmd=get_aggr_stats_for: table=hive.default.acid_uap	
2024-04-24T00:48:41,431  WARN [main] calcite.RelOptHiveTable: No Stats for default@acid_uap, Columns: b, a
No Stats for default@acid_uap, Columns: b, a
2024-04-24T00:48:41,431  INFO [main] SessionState: No Stats for default@acid_uap, Columns: b, a
2024-04-24T00:48:41,485  INFO [main] parse.CalcitePlanner: Get metadata for source tables
2024-04-24T00:48:41,485  INFO [main] parse.CalcitePlanner: Get metadata for subqueries
2024-04-24T00:48:41,485  INFO [main] parse.CalcitePlanner: Get metadata for destination tables
2024-04-24T00:48:41,488  INFO [main] common.FileUtils: Creating directory if it doesn't exist: file:/home/alex/Repositories/hive/ql/target/tmp/localscratchdir/42396fdd-37ef-497a-a482-3c773af2ea61/hive_2024-04-24_00-48-41_322_4148588389731426754-1/-mr-10001/.hive-staging_hive_2024-04-24_00-48-41_322_4148588389731426754-1
2024-04-24T00:48:41,498  INFO [main] parse.CalcitePlanner: CBO Succeeded; optimized logical plan.
2024-04-24T00:48:41,502  INFO [main] optimizer.ColumnPrunerProcFactory: RS 2 oldColExprMap: {VALUE._col0=Column[_col0], KEY.reducesinkkey2=Column[_col2], KEY.reducesinkkey1=Column[_col1], KEY.reducesinkkey0=Column[_col3]}
2024-04-24T00:48:41,503  INFO [main] optimizer.ColumnPrunerProcFactory: RS 2 newColExprMap: {VALUE._col0=Column[_col0], KEY.reducesinkkey2=Column[_col2], KEY.reducesinkkey1=Column[_col1], KEY.reducesinkkey0=Column[_col3]}
2024-04-24T00:48:41,505  INFO [main] optimizer.SortedDynPartitionOptimizer: Sorted dynamic partitioning optimization kicked in..
2024-04-24T00:48:41,520  INFO [main] physical.Vectorizer: Examining input format to see if vectorization is enabled.
2024-04-24T00:48:41,521  INFO [main] physical.Vectorizer: Vectorization is enabled for input format(s) [org.apache.hadoop.hive.ql.io.orc.OrcInputFormat]
2024-04-24T00:48:41,521  INFO [main] physical.Vectorizer: Validating and vectorizing MapWork... (vectorizedVertexNum 0)
2024-04-24T00:48:41,522  INFO [main] physical.Vectorizer: Map vectorization enabled: true
2024-04-24T00:48:41,522  INFO [main] physical.Vectorizer: Map vectorized: true
2024-04-24T00:48:41,522  INFO [main] physical.Vectorizer: Map vectorizedVertexNum: 0
2024-04-24T00:48:41,522  INFO [main] physical.Vectorizer: Map enabledConditionsMet: [hive.vectorized.use.vectorized.input.format IS true]
2024-04-24T00:48:41,522  INFO [main] physical.Vectorizer: Map inputFileFormatClassNameSet: [org.apache.hadoop.hive.ql.io.orc.OrcInputFormat]
2024-04-24T00:48:41,522  INFO [main] physical.Vectorizer: Reduce vectorization enabled: false
2024-04-24T00:48:41,522  INFO [main] physical.Vectorizer: Reduce vectorized: false
2024-04-24T00:48:41,522  INFO [main] physical.Vectorizer: Reduce vectorizedVertexNum: 1
2024-04-24T00:48:41,522  INFO [main] physical.Vectorizer: Reducer hive.vectorized.execution.reduce.enabled: true
2024-04-24T00:48:41,522  INFO [main] physical.Vectorizer: Reducer engine: mr
2024-04-24T00:48:41,523  INFO [main] parse.CalcitePlanner: Completed plan generation
2024-04-24T00:48:41,523  INFO [main] parse.CalcitePlanner: Ending caching scope for: 
2024-04-24T00:48:41,523  INFO [main] ql.Driver: Semantic Analysis Completed (retrial = false)
2024-04-24T00:48:41,523  INFO [main] ql.Driver: Created Hive schema: Schema(fieldSchemas:[FieldSchema(name:row__id, type:struct<writeid:bigint,bucketid:int,rowid:bigint>, comment:null), FieldSchema(name:a, type:int, comment:null), FieldSchema(name:b, type:varchar(128), comment:null), FieldSchema(name:ds, type:string, comment:null)], properties:null)
2024-04-24T00:48:41,524  INFO [main] exec.ListSinkOperator: Initializing Operator: LIST_SINK[7]
2024-04-24T00:48:41,525  INFO [main] metadata.Hive: Dumping metastore api call timing information for : compilation phase
2024-04-24T00:48:41,525  INFO [main] metadata.Hive: Total time spent in each metastore function (ms): {isCompatibleWith_(Configuration)=1, getAggrColStatsFor_(String, String, List, List, String, String)=26, getAllTableConstraints_(AllTableConstraintsRequest)=12, openTxn_(String, TxnType)=3, getTable_(GetTableRequest)=12, getValidTxns_(long)=1, flushCache_()=1, commitTxn_(CommitTxnRequest)=13, getValidWriteIds_(List, String)=5, listPartitions_(String, String, short)=20}
2024-04-24T00:48:41,525  INFO [main] ql.Driver: Completed compiling command(queryId=alex_20240424004841_5faae510-f3e5-4de2-bd59-ec2fdd704c30); Time taken: 0.202 seconds
2024-04-24T00:48:41,525  INFO [main] lockmgr.DbTxnManager: Setting lock request transaction to txnid:18 for queryId=alex_20240424004841_5faae510-f3e5-4de2-bd59-ec2fdd704c30
2024-04-24T00:48:41,526  INFO [main] lockmgr.DbLockManager: Requesting lock for queryId=alex_20240424004841_5faae510-f3e5-4de2-bd59-ec2fdd704c30
2024-04-24T00:48:41,556  INFO [main] lockmgr.DbLockManager: Response to queryId=alex_20240424004841_5faae510-f3e5-4de2-bd59-ec2fdd704c30 LockResponse(lockid:11, state:ACQUIRED)
2024-04-24T00:48:41,556  INFO [main] ql.Driver: Operation QUERY obtained 1 locks
2024-04-24T00:48:41,557  INFO [main] ql.Driver: Executing command(queryId=alex_20240424004841_5faae510-f3e5-4de2-bd59-ec2fdd704c30): select ROW__ID, a, b, ds from acid_uap order by ds, a, b
2024-04-24T00:48:41,558  WARN [main] ql.Driver: Hive-on-MR is deprecated in Hive 2 and may not be available in the future versions. Consider using a different execution engine (i.e. spark, tez) or using Hive 1.X releases.
Query ID = alex_20240424004841_5faae510-f3e5-4de2-bd59-ec2fdd704c30
2024-04-24T00:48:41,558  INFO [main] ql.Driver: Query ID = alex_20240424004841_5faae510-f3e5-4de2-bd59-ec2fdd704c30
Total jobs = 1
2024-04-24T00:48:41,558  INFO [main] ql.Driver: Total jobs = 1
Launching Job 1 out of 1
2024-04-24T00:48:41,558  INFO [main] ql.Driver: Launching Job 1 out of 1
2024-04-24T00:48:41,758  INFO [main] ql.Driver: Starting task [Stage-1:MAPRED] in serial mode
Number of reduce tasks determined at compile time: 1
2024-04-24T00:48:41,758  INFO [main] exec.Task: Number of reduce tasks determined at compile time: 1
In order to change the average load for a reducer (in bytes):
2024-04-24T00:48:41,758  INFO [main] exec.Task: In order to change the average load for a reducer (in bytes):
  set hive.exec.reducers.bytes.per.reducer=<number>
2024-04-24T00:48:41,758  INFO [main] exec.Task:   set hive.exec.reducers.bytes.per.reducer=<number>
In order to limit the maximum number of reducers:
2024-04-24T00:48:41,758  INFO [main] exec.Task: In order to limit the maximum number of reducers:
  set hive.exec.reducers.max=<number>
2024-04-24T00:48:41,758  INFO [main] exec.Task:   set hive.exec.reducers.max=<number>
In order to set a constant number of reducers:
2024-04-24T00:48:41,758  INFO [main] exec.Task: In order to set a constant number of reducers:
  set mapreduce.job.reduces=<number>
2024-04-24T00:48:41,758  INFO [main] exec.Task:   set mapreduce.job.reduces=<number>
2024-04-24T00:48:41,761  INFO [main] mr.ExecDriver: Using org.apache.hadoop.hive.ql.io.HiveInputFormat
2024-04-24T00:48:41,761  INFO [main] exec.Utilities: Processing alias acid_uap
2024-04-24T00:48:41,761  INFO [main] exec.Utilities: Adding 2 inputs; the first input is file:/home/alex/Repositories/hive/ql/target/tmp/org.apache.hadoop.hive.ql.TestTxnCommands3-1713944903826/warehouse/acid_uap/ds=today
2024-04-24T00:48:41,772  INFO [main] exec.SerializationUtilities: Serializing MapWork using kryo
2024-04-24T00:48:41,774  INFO [main] exec.Utilities: Serialized plan (via FILE) - name: null size: 6,99KB
2024-04-24T00:48:41,779  INFO [main] exec.SerializationUtilities: Serializing ReduceWork using kryo
2024-04-24T00:48:41,781  INFO [main] exec.Utilities: Serialized plan (via FILE) - name: null size: 7,62KB
2024-04-24T00:48:41,781  WARN [main] impl.MetricsSystemImpl: JobTracker metrics system already initialized!
2024-04-24T00:48:41,788  WARN [main] impl.MetricsSystemImpl: JobTracker metrics system already initialized!
2024-04-24T00:48:41,797  WARN [main] mapreduce.JobResourceUploader: Hadoop command-line option parsing not performed. Implement the Tool interface and execute your application with ToolRunner to remedy this.
2024-04-24T00:48:41,802  WARN [main] mapreduce.JobResourceUploader: No job jar file set.  User classes may not be found. See Job or Job#setJar(String).
2024-04-24T00:48:41,803  INFO [main] io.HiveInputFormat: hive.io.file.readcolumn.ids = 0,1
2024-04-24T00:48:41,803  INFO [main] io.HiveInputFormat: hive.io.file.readcolumn.names = a,b
2024-04-24T00:48:41,803  INFO [main] io.HiveInputFormat: Generating splits for dirs: file:/home/alex/Repositories/hive/ql/target/tmp/org.apache.hadoop.hive.ql.TestTxnCommands3-1713944903826/warehouse/acid_uap/ds=today
2024-04-24T00:48:41,804  INFO [main] orc.OrcInputFormat: getSplits started
2024-04-24T00:48:41,804  INFO [main] orc.OrcInputFormat: Context:: isAcid: true isVectorMode: true sarg: null minSplitSize: 1 maxSplitSize: 256000000 splitStrategy: HYBRID footerInSplits: false numBuckets: 2 numThreads: 10 cacheMemSize: 268435456 cacheStripeDetails: true useSoftReference: false writeIdList: default.acid_uap:2:9223372036854775807:: isTransactionalTable: true txnProperties: default 
2024-04-24T00:48:41,804  INFO [main] orc.OrcInputFormat: ORC pushdown predicate: null
2024-04-24T00:48:41,820  INFO [main] orc.OrcInputFormat: FooterCacheHitRatio: 4/4
2024-04-24T00:48:41,820  INFO [main] orc.OrcInputFormat: getSplits finished (#splits: 4). duration: 16 ms
2024-04-24T00:48:41,820  INFO [main] io.HiveInputFormat: number of splits 4
2024-04-24T00:48:41,839  INFO [main] mapreduce.JobSubmitter: number of splits:4
2024-04-24T00:48:41,861  INFO [main] mapreduce.JobSubmitter: Submitting tokens for job: job_local1448818710_0004
2024-04-24T00:48:41,861  INFO [main] mapreduce.JobSubmitter: Executing with tokens: []
2024-04-24T00:48:41,932  INFO [main] mapreduce.Job: The url to track the job: http://localhost:8080/
Job running in-process (local Hadoop)
2024-04-24T00:48:41,932  INFO [main] exec.Task: Job running in-process (local Hadoop)
2024-04-24T00:48:41,932  INFO [Thread-310] mapred.LocalJobRunner: OutputCommitter set in config org.apache.hadoop.hive.ql.io.HiveFileFormatUtils$NullOutputCommitter
2024-04-24T00:48:41,932  INFO [Thread-310] mapred.LocalJobRunner: OutputCommitter is org.apache.hadoop.hive.ql.io.HiveFileFormatUtils$NullOutputCommitter
2024-04-24T00:48:41,935  INFO [Thread-310] mapred.LocalJobRunner: Waiting for map tasks
2024-04-24T00:48:41,936  INFO [LocalJobRunner Map Task Executor #0] mapred.LocalJobRunner: Starting task: attempt_local1448818710_0004_m_000000_0
2024-04-24T00:48:41,937  INFO [LocalJobRunner Map Task Executor #0] mapred.Task:  Using ResourceCalculatorProcessTree : [ ]
2024-04-24T00:48:41,937  INFO [LocalJobRunner Map Task Executor #0] mapred.MapTask: Processing split: org.apache.hadoop.hive.ql.io.orc.OrcInputFormat:OrcSplit [file:/home/alex/Repositories/hive/ql/target/tmp/org.apache.hadoop.hive.ql.TestTxnCommands3-1713944903826/warehouse/acid_uap/ds=tomorrow/delta_0000001_0000001_0000/bucket_00001_0, start=3, length=326, isOriginal=false, fileLength=704, hasFooter=false, hasBase=true, deltas=0]
2024-04-24T00:48:41,938  INFO [LocalJobRunner Map Task Executor #0] exec.SerializationUtilities: Deserializing MapWork using kryo
2024-04-24T00:48:41,939  INFO [LocalJobRunner Map Task Executor #0] exec.Utilities: Deserialized plan (via FILE) - name: null size: 6,99KB
2024-04-24T00:48:41,940  INFO [LocalJobRunner Map Task Executor #0] orc.VectorizedOrcAcidRowBatchReader: Read ValidWriteIdList: default.acid_uap:2:9223372036854775807:::OrcSplit [file:/home/alex/Repositories/hive/ql/target/tmp/org.apache.hadoop.hive.ql.TestTxnCommands3-1713944903826/warehouse/acid_uap/ds=tomorrow/delta_0000001_0000001_0000/bucket_00001_0, start=3, length=326, isOriginal=false, fileLength=704, hasFooter=false, hasBase=true, deltas=0]
2024-04-24T00:48:41,941  INFO [LocalJobRunner Map Task Executor #0] orc.ReaderImpl: Reading ORC rows from file:/home/alex/Repositories/hive/ql/target/tmp/org.apache.hadoop.hive.ql.TestTxnCommands3-1713944903826/warehouse/acid_uap/ds=tomorrow/delta_0000001_0000001_0000/bucket_00001_0 with {include: [true, true, true], offset: 3, length: 326, schema: struct<a:int,b:varchar(128)>, includeAcidColumns: true}
2024-04-24T00:48:41,943  INFO [LocalJobRunner Map Task Executor #0] mapred.MapTask: numReduceTasks: 1
2024-04-24T00:48:41,949  INFO [LocalJobRunner Map Task Executor #0] mapred.MapTask: (EQUATOR) 0 kvi 26214396(104857584)
2024-04-24T00:48:41,949  INFO [LocalJobRunner Map Task Executor #0] mapred.MapTask: mapreduce.task.io.sort.mb: 100
2024-04-24T00:48:41,949  INFO [LocalJobRunner Map Task Executor #0] mapred.MapTask: soft limit at 83886080
2024-04-24T00:48:41,949  INFO [LocalJobRunner Map Task Executor #0] mapred.MapTask: bufstart = 0; bufvoid = 104857600
2024-04-24T00:48:41,949  INFO [LocalJobRunner Map Task Executor #0] mapred.MapTask: kvstart = 26214396; length = 6553600
2024-04-24T00:48:41,949  INFO [LocalJobRunner Map Task Executor #0] mapred.MapTask: Map output collector class = org.apache.hadoop.mapred.MapTask$MapOutputBuffer
2024-04-24T00:48:41,950  INFO [LocalJobRunner Map Task Executor #0] vector.VectorMapOperator: Initializing Operator: MAP[0]
2024-04-24T00:48:41,950  INFO [LocalJobRunner Map Task Executor #0] mr.ExecMapper: 
<MAP>Id =0
  <Children>null
  <\Children>
  <Parent><\Parent>
<\MAP>
2024-04-24T00:48:41,951  INFO [LocalJobRunner Map Task Executor #0] exec.TableScanOperator: Initializing Operator: TS[0]
2024-04-24T00:48:41,951  INFO [LocalJobRunner Map Task Executor #0] vector.VectorSelectOperator: Initializing Operator: SEL[5]
2024-04-24T00:48:41,952  INFO [LocalJobRunner Map Task Executor #0] vector.VectorReduceSinkOperator: Initializing Operator: RS[6]
2024-04-24T00:48:41,953  INFO [LocalJobRunner Map Task Executor #0] vector.VectorReduceSinkOperator: Using tag = -1
2024-04-24T00:48:41,954  INFO [LocalJobRunner Map Task Executor #0] vector.VectorReduceSinkOperator: keys are [reducesinkkey0, reducesinkkey1, reducesinkkey2] num distributions: 3
2024-04-24T00:48:41,954  INFO [LocalJobRunner Map Task Executor #0] vector.VectorReduceSinkOperator: RS[6]: records written - 1
2024-04-24T00:48:41,954  INFO [LocalJobRunner Map Task Executor #0] vector.VectorMapOperator: Closing Operator: MAP[0]
2024-04-24T00:48:41,954  INFO [LocalJobRunner Map Task Executor #0] vector.VectorMapOperator: RECORDS_OUT_OPERATOR_MAP_0:0, RECORDS_IN:1, RECORDS_OUT_INTERMEDIATE:0, DESERIALIZE_ERRORS:0, 
2024-04-24T00:48:41,954  INFO [LocalJobRunner Map Task Executor #0] exec.TableScanOperator: Closing Operator: TS[0]
2024-04-24T00:48:41,954  INFO [LocalJobRunner Map Task Executor #0] exec.TableScanOperator: RECORDS_OUT_OPERATOR_TS_0:1, RECORDS_OUT_INTERMEDIATE:0, 
2024-04-24T00:48:41,954  INFO [LocalJobRunner Map Task Executor #0] vector.VectorSelectOperator: Closing Operator: SEL[5]
2024-04-24T00:48:41,954  INFO [LocalJobRunner Map Task Executor #0] vector.VectorSelectOperator: RECORDS_OUT_INTERMEDIATE:0, RECORDS_OUT_OPERATOR_SEL_5:1, 
2024-04-24T00:48:41,954  INFO [LocalJobRunner Map Task Executor #0] vector.VectorReduceSinkOperator: Closing Operator: RS[6]
2024-04-24T00:48:41,954  INFO [LocalJobRunner Map Task Executor #0] vector.VectorReduceSinkOperator: RS[6]: Total records written - 1. abort - false
2024-04-24T00:48:41,954  INFO [LocalJobRunner Map Task Executor #0] vector.VectorReduceSinkOperator: RECORDS_OUT_OPERATOR_RS_6:1, RECORDS_OUT_INTERMEDIATE:1, 
2024-04-24T00:48:41,955  INFO [LocalJobRunner Map Task Executor #0] mapred.LocalJobRunner: 
2024-04-24T00:48:41,955  INFO [LocalJobRunner Map Task Executor #0] mapred.MapTask: Starting flush of map output
2024-04-24T00:48:41,955  INFO [LocalJobRunner Map Task Executor #0] mapred.MapTask: Spilling map output
2024-04-24T00:48:41,955  INFO [LocalJobRunner Map Task Executor #0] mapred.MapTask: bufstart = 0; bufend = 42; bufvoid = 104857600
2024-04-24T00:48:41,955  INFO [LocalJobRunner Map Task Executor #0] mapred.MapTask: kvstart = 26214396(104857584); kvend = 26214396(104857584); length = 1/6553600
2024-04-24T00:48:41,965  INFO [LocalJobRunner Map Task Executor #0] mapred.MapTask: Finished spill 0
2024-04-24T00:48:41,969  INFO [LocalJobRunner Map Task Executor #0] mapred.Task: Task:attempt_local1448818710_0004_m_000000_0 is done. And is in the process of committing
2024-04-24T00:48:41,969  INFO [LocalJobRunner Map Task Executor #0] mapred.LocalJobRunner: OrcSplit [file:/home/alex/Repositories/hive/ql/target/tmp/org.apache.hadoop.hive.ql.TestTxnCommands3-1713944903826/warehouse/acid_uap/ds=tomorrow/delta_0000001_0000001_0000/bucket_00001_0, start=3, length=326, isOriginal=false, fileLength=704, hasFooter=false, hasBase=true, deltas=0]
2024-04-24T00:48:41,970  INFO [LocalJobRunner Map Task Executor #0] mapred.Task: Task 'attempt_local1448818710_0004_m_000000_0' done.
2024-04-24T00:48:41,970  INFO [LocalJobRunner Map Task Executor #0] mapred.Task: Final Counters for attempt_local1448818710_0004_m_000000_0: Counters: 24
	File System Counters
		FILE: Number of bytes read=107304
		FILE: Number of bytes written=4730236
		FILE: Number of read operations=0
		FILE: Number of large read operations=0
		FILE: Number of write operations=0
	Map-Reduce Framework
		Map input records=1
		Map output records=1
		Map output bytes=42
		Map output materialized bytes=50
		Input split bytes=523
		Combine input records=0
		Spilled Records=1
		Failed Shuffles=0
		Merged Map outputs=0
		GC time elapsed (ms)=0
		Total committed heap usage (bytes)=986710016
	HIVE
		DESERIALIZE_ERRORS=0
		RECORDS_IN=1
		RECORDS_OUT_INTERMEDIATE=1
		RECORDS_OUT_OPERATOR_MAP_0=0
		RECORDS_OUT_OPERATOR_RS_6=1
		RECORDS_OUT_OPERATOR_SEL_5=1
		RECORDS_OUT_OPERATOR_TS_0=1
	File Input Format Counters 
		Bytes Read=9957
2024-04-24T00:48:41,970  INFO [LocalJobRunner Map Task Executor #0] mapred.LocalJobRunner: Finishing task: attempt_local1448818710_0004_m_000000_0
2024-04-24T00:48:41,970  INFO [LocalJobRunner Map Task Executor #0] mapred.LocalJobRunner: Starting task: attempt_local1448818710_0004_m_000001_0
2024-04-24T00:48:41,971  INFO [LocalJobRunner Map Task Executor #0] mapred.Task:  Using ResourceCalculatorProcessTree : [ ]
2024-04-24T00:48:41,971  INFO [LocalJobRunner Map Task Executor #0] mapred.MapTask: Processing split: org.apache.hadoop.hive.ql.io.orc.OrcInputFormat:OrcSplit [file:/home/alex/Repositories/hive/ql/target/tmp/org.apache.hadoop.hive.ql.TestTxnCommands3-1713944903826/warehouse/acid_uap/ds=today/delta_0000002_0000002_0000/bucket_00001_0, start=3, length=326, isOriginal=false, fileLength=712, hasFooter=false, hasBase=true, deltas=0]
2024-04-24T00:48:41,972  INFO [LocalJobRunner Map Task Executor #0] exec.SerializationUtilities: Deserializing MapWork using kryo
2024-04-24T00:48:41,973  INFO [LocalJobRunner Map Task Executor #0] exec.Utilities: Deserialized plan (via FILE) - name: null size: 6,99KB
2024-04-24T00:48:41,974  INFO [LocalJobRunner Map Task Executor #0] orc.VectorizedOrcAcidRowBatchReader: Read ValidWriteIdList: default.acid_uap:2:9223372036854775807:::OrcSplit [file:/home/alex/Repositories/hive/ql/target/tmp/org.apache.hadoop.hive.ql.TestTxnCommands3-1713944903826/warehouse/acid_uap/ds=today/delta_0000002_0000002_0000/bucket_00001_0, start=3, length=326, isOriginal=false, fileLength=712, hasFooter=false, hasBase=true, deltas=0]
2024-04-24T00:48:41,976  INFO [LocalJobRunner Map Task Executor #0] orc.ReaderImpl: Reading ORC rows from file:/home/alex/Repositories/hive/ql/target/tmp/org.apache.hadoop.hive.ql.TestTxnCommands3-1713944903826/warehouse/acid_uap/ds=today/delta_0000002_0000002_0000/bucket_00001_0 with {include: [true, true, true], offset: 3, length: 326, schema: struct<a:int,b:varchar(128)>, includeAcidColumns: true}
2024-04-24T00:48:41,978  INFO [LocalJobRunner Map Task Executor #0] mapred.MapTask: numReduceTasks: 1
2024-04-24T00:48:41,994  INFO [LocalJobRunner Map Task Executor #0] mapred.MapTask: (EQUATOR) 0 kvi 26214396(104857584)
2024-04-24T00:48:41,995  INFO [LocalJobRunner Map Task Executor #0] mapred.MapTask: mapreduce.task.io.sort.mb: 100
2024-04-24T00:48:41,995  INFO [LocalJobRunner Map Task Executor #0] mapred.MapTask: soft limit at 83886080
2024-04-24T00:48:41,995  INFO [LocalJobRunner Map Task Executor #0] mapred.MapTask: bufstart = 0; bufvoid = 104857600
2024-04-24T00:48:41,995  INFO [LocalJobRunner Map Task Executor #0] mapred.MapTask: kvstart = 26214396; length = 6553600
2024-04-24T00:48:41,995  INFO [LocalJobRunner Map Task Executor #0] mapred.MapTask: Map output collector class = org.apache.hadoop.mapred.MapTask$MapOutputBuffer
2024-04-24T00:48:41,996  INFO [LocalJobRunner Map Task Executor #0] vector.VectorMapOperator: Initializing Operator: MAP[0]
2024-04-24T00:48:41,996  INFO [LocalJobRunner Map Task Executor #0] mr.ExecMapper: 
<MAP>Id =0
  <Children>null
  <\Children>
  <Parent><\Parent>
<\MAP>
2024-04-24T00:48:41,997  INFO [LocalJobRunner Map Task Executor #0] exec.TableScanOperator: Initializing Operator: TS[0]
2024-04-24T00:48:41,997  INFO [LocalJobRunner Map Task Executor #0] vector.VectorSelectOperator: Initializing Operator: SEL[5]
2024-04-24T00:48:41,997  INFO [LocalJobRunner Map Task Executor #0] vector.VectorReduceSinkOperator: Initializing Operator: RS[6]
2024-04-24T00:48:41,997  INFO [LocalJobRunner Map Task Executor #0] vector.VectorReduceSinkOperator: Using tag = -1
2024-04-24T00:48:41,998  INFO [LocalJobRunner Map Task Executor #0] vector.VectorReduceSinkOperator: keys are [reducesinkkey0, reducesinkkey1, reducesinkkey2] num distributions: 3
2024-04-24T00:48:41,999  INFO [LocalJobRunner Map Task Executor #0] vector.VectorReduceSinkOperator: RS[6]: records written - 1
2024-04-24T00:48:41,999  INFO [LocalJobRunner Map Task Executor #0] vector.VectorMapOperator: Closing Operator: MAP[0]
2024-04-24T00:48:41,999  INFO [LocalJobRunner Map Task Executor #0] vector.VectorMapOperator: DESERIALIZE_ERRORS:0, RECORDS_IN:1, RECORDS_OUT_OPERATOR_MAP_0:0, RECORDS_OUT_INTERMEDIATE:0, 
2024-04-24T00:48:41,999  INFO [LocalJobRunner Map Task Executor #0] exec.TableScanOperator: Closing Operator: TS[0]
2024-04-24T00:48:41,999  INFO [LocalJobRunner Map Task Executor #0] exec.TableScanOperator: RECORDS_OUT_INTERMEDIATE:0, RECORDS_OUT_OPERATOR_TS_0:1, 
2024-04-24T00:48:41,999  INFO [LocalJobRunner Map Task Executor #0] vector.VectorSelectOperator: Closing Operator: SEL[5]
2024-04-24T00:48:41,999  INFO [LocalJobRunner Map Task Executor #0] vector.VectorSelectOperator: RECORDS_OUT_INTERMEDIATE:0, RECORDS_OUT_OPERATOR_SEL_5:1, 
2024-04-24T00:48:41,999  INFO [LocalJobRunner Map Task Executor #0] vector.VectorReduceSinkOperator: Closing Operator: RS[6]
2024-04-24T00:48:41,999  INFO [LocalJobRunner Map Task Executor #0] vector.VectorReduceSinkOperator: RS[6]: Total records written - 1. abort - false
2024-04-24T00:48:41,999  INFO [LocalJobRunner Map Task Executor #0] vector.VectorReduceSinkOperator: RECORDS_OUT_INTERMEDIATE:1, RECORDS_OUT_OPERATOR_RS_6:1, 
2024-04-24T00:48:42,000  INFO [LocalJobRunner Map Task Executor #0] mapred.LocalJobRunner: 
2024-04-24T00:48:42,000  INFO [LocalJobRunner Map Task Executor #0] mapred.MapTask: Starting flush of map output
2024-04-24T00:48:42,000  INFO [LocalJobRunner Map Task Executor #0] mapred.MapTask: Spilling map output
2024-04-24T00:48:42,000  INFO [LocalJobRunner Map Task Executor #0] mapred.MapTask: bufstart = 0; bufend = 39; bufvoid = 104857600
2024-04-24T00:48:42,000  INFO [LocalJobRunner Map Task Executor #0] mapred.MapTask: kvstart = 26214396(104857584); kvend = 26214396(104857584); length = 1/6553600
2024-04-24T00:48:42,009  INFO [LocalJobRunner Map Task Executor #0] mapred.MapTask: Finished spill 0
2024-04-24T00:48:42,012  INFO [LocalJobRunner Map Task Executor #0] mapred.Task: Task:attempt_local1448818710_0004_m_000001_0 is done. And is in the process of committing
2024-04-24T00:48:42,013  INFO [LocalJobRunner Map Task Executor #0] mapred.LocalJobRunner: OrcSplit [file:/home/alex/Repositories/hive/ql/target/tmp/org.apache.hadoop.hive.ql.TestTxnCommands3-1713944903826/warehouse/acid_uap/ds=today/delta_0000002_0000002_0000/bucket_00001_0, start=3, length=326, isOriginal=false, fileLength=712, hasFooter=false, hasBase=true, deltas=0]
2024-04-24T00:48:42,013  INFO [LocalJobRunner Map Task Executor #0] mapred.Task: Task 'attempt_local1448818710_0004_m_000001_0' done.
2024-04-24T00:48:42,014  INFO [LocalJobRunner Map Task Executor #0] mapred.Task: Final Counters for attempt_local1448818710_0004_m_000001_0: Counters: 24
	File System Counters
		FILE: Number of bytes read=118896
		FILE: Number of bytes written=4730315
		FILE: Number of read operations=0
		FILE: Number of large read operations=0
		FILE: Number of write operations=0
	Map-Reduce Framework
		Map input records=1
		Map output records=1
		Map output bytes=39
		Map output materialized bytes=47
		Input split bytes=517
		Combine input records=0
		Spilled Records=1
		Failed Shuffles=0
		Merged Map outputs=0
		GC time elapsed (ms)=11
		Total committed heap usage (bytes)=1030225920
	HIVE
		DESERIALIZE_ERRORS=0
		RECORDS_IN=1
		RECORDS_OUT_INTERMEDIATE=1
		RECORDS_OUT_OPERATOR_MAP_0=0
		RECORDS_OUT_OPERATOR_RS_6=1
		RECORDS_OUT_OPERATOR_SEL_5=1
		RECORDS_OUT_OPERATOR_TS_0=1
	File Input Format Counters 
		Bytes Read=9989
2024-04-24T00:48:42,014  INFO [LocalJobRunner Map Task Executor #0] mapred.LocalJobRunner: Finishing task: attempt_local1448818710_0004_m_000001_0
2024-04-24T00:48:42,014  INFO [LocalJobRunner Map Task Executor #0] mapred.LocalJobRunner: Starting task: attempt_local1448818710_0004_m_000002_0
2024-04-24T00:48:42,015  INFO [LocalJobRunner Map Task Executor #0] mapred.Task:  Using ResourceCalculatorProcessTree : [ ]
2024-04-24T00:48:42,015  INFO [LocalJobRunner Map Task Executor #0] mapred.MapTask: Processing split: org.apache.hadoop.hive.ql.io.orc.OrcInputFormat:OrcSplit [file:/home/alex/Repositories/hive/ql/target/tmp/org.apache.hadoop.hive.ql.TestTxnCommands3-1713944903826/warehouse/acid_uap/ds=tomorrow/delta_0000001_0000001_0000/bucket_00000_0, start=3, length=322, isOriginal=false, fileLength=705, hasFooter=false, hasBase=true, deltas=0]
2024-04-24T00:48:42,016  INFO [LocalJobRunner Map Task Executor #0] exec.SerializationUtilities: Deserializing MapWork using kryo
2024-04-24T00:48:42,017  INFO [LocalJobRunner Map Task Executor #0] exec.Utilities: Deserialized plan (via FILE) - name: null size: 6,99KB
2024-04-24T00:48:42,018  INFO [LocalJobRunner Map Task Executor #0] orc.VectorizedOrcAcidRowBatchReader: Read ValidWriteIdList: default.acid_uap:2:9223372036854775807:::OrcSplit [file:/home/alex/Repositories/hive/ql/target/tmp/org.apache.hadoop.hive.ql.TestTxnCommands3-1713944903826/warehouse/acid_uap/ds=tomorrow/delta_0000001_0000001_0000/bucket_00000_0, start=3, length=322, isOriginal=false, fileLength=705, hasFooter=false, hasBase=true, deltas=0]
2024-04-24T00:48:42,020  INFO [LocalJobRunner Map Task Executor #0] orc.ReaderImpl: Reading ORC rows from file:/home/alex/Repositories/hive/ql/target/tmp/org.apache.hadoop.hive.ql.TestTxnCommands3-1713944903826/warehouse/acid_uap/ds=tomorrow/delta_0000001_0000001_0000/bucket_00000_0 with {include: [true, true, true], offset: 3, length: 322, schema: struct<a:int,b:varchar(128)>, includeAcidColumns: true}
2024-04-24T00:48:42,022  INFO [LocalJobRunner Map Task Executor #0] mapred.MapTask: numReduceTasks: 1
2024-04-24T00:48:42,028  INFO [LocalJobRunner Map Task Executor #0] mapred.MapTask: (EQUATOR) 0 kvi 26214396(104857584)
2024-04-24T00:48:42,028  INFO [LocalJobRunner Map Task Executor #0] mapred.MapTask: mapreduce.task.io.sort.mb: 100
2024-04-24T00:48:42,028  INFO [LocalJobRunner Map Task Executor #0] mapred.MapTask: soft limit at 83886080
2024-04-24T00:48:42,028  INFO [LocalJobRunner Map Task Executor #0] mapred.MapTask: bufstart = 0; bufvoid = 104857600
2024-04-24T00:48:42,028  INFO [LocalJobRunner Map Task Executor #0] mapred.MapTask: kvstart = 26214396; length = 6553600
2024-04-24T00:48:42,029  INFO [LocalJobRunner Map Task Executor #0] mapred.MapTask: Map output collector class = org.apache.hadoop.mapred.MapTask$MapOutputBuffer
2024-04-24T00:48:42,029  INFO [LocalJobRunner Map Task Executor #0] vector.VectorMapOperator: Initializing Operator: MAP[0]
2024-04-24T00:48:42,029  INFO [LocalJobRunner Map Task Executor #0] mr.ExecMapper: 
<MAP>Id =0
  <Children>null
  <\Children>
  <Parent><\Parent>
<\MAP>
2024-04-24T00:48:42,030  INFO [LocalJobRunner Map Task Executor #0] exec.TableScanOperator: Initializing Operator: TS[0]
2024-04-24T00:48:42,031  INFO [LocalJobRunner Map Task Executor #0] vector.VectorSelectOperator: Initializing Operator: SEL[5]
2024-04-24T00:48:42,031  INFO [LocalJobRunner Map Task Executor #0] vector.VectorReduceSinkOperator: Initializing Operator: RS[6]
2024-04-24T00:48:42,031  INFO [LocalJobRunner Map Task Executor #0] vector.VectorReduceSinkOperator: Using tag = -1
2024-04-24T00:48:42,032  INFO [LocalJobRunner Map Task Executor #0] vector.VectorReduceSinkOperator: keys are [reducesinkkey0, reducesinkkey1, reducesinkkey2] num distributions: 3
2024-04-24T00:48:42,032  INFO [LocalJobRunner Map Task Executor #0] vector.VectorReduceSinkOperator: RS[6]: records written - 1
2024-04-24T00:48:42,033  INFO [LocalJobRunner Map Task Executor #0] vector.VectorMapOperator: Closing Operator: MAP[0]
2024-04-24T00:48:42,033  INFO [LocalJobRunner Map Task Executor #0] vector.VectorMapOperator: DESERIALIZE_ERRORS:0, RECORDS_OUT_OPERATOR_MAP_0:0, RECORDS_OUT_INTERMEDIATE:0, RECORDS_IN:1, 
2024-04-24T00:48:42,033  INFO [LocalJobRunner Map Task Executor #0] exec.TableScanOperator: Closing Operator: TS[0]
2024-04-24T00:48:42,033  INFO [LocalJobRunner Map Task Executor #0] exec.TableScanOperator: RECORDS_OUT_OPERATOR_TS_0:1, RECORDS_OUT_INTERMEDIATE:0, 
2024-04-24T00:48:42,033  INFO [LocalJobRunner Map Task Executor #0] vector.VectorSelectOperator: Closing Operator: SEL[5]
2024-04-24T00:48:42,033  INFO [LocalJobRunner Map Task Executor #0] vector.VectorSelectOperator: RECORDS_OUT_INTERMEDIATE:0, RECORDS_OUT_OPERATOR_SEL_5:1, 
2024-04-24T00:48:42,033  INFO [LocalJobRunner Map Task Executor #0] vector.VectorReduceSinkOperator: Closing Operator: RS[6]
2024-04-24T00:48:42,033  INFO [LocalJobRunner Map Task Executor #0] vector.VectorReduceSinkOperator: RS[6]: Total records written - 1. abort - false
2024-04-24T00:48:42,033  INFO [LocalJobRunner Map Task Executor #0] vector.VectorReduceSinkOperator: RECORDS_OUT_OPERATOR_RS_6:1, RECORDS_OUT_INTERMEDIATE:1, 
2024-04-24T00:48:42,034  INFO [LocalJobRunner Map Task Executor #0] mapred.LocalJobRunner: 
2024-04-24T00:48:42,034  INFO [LocalJobRunner Map Task Executor #0] mapred.MapTask: Starting flush of map output
2024-04-24T00:48:42,034  INFO [LocalJobRunner Map Task Executor #0] mapred.MapTask: Spilling map output
2024-04-24T00:48:42,034  INFO [LocalJobRunner Map Task Executor #0] mapred.MapTask: bufstart = 0; bufend = 42; bufvoid = 104857600
2024-04-24T00:48:42,034  INFO [LocalJobRunner Map Task Executor #0] mapred.MapTask: kvstart = 26214396(104857584); kvend = 26214396(104857584); length = 1/6553600
2024-04-24T00:48:42,043  INFO [LocalJobRunner Map Task Executor #0] mapred.MapTask: Finished spill 0
2024-04-24T00:48:42,046  INFO [LocalJobRunner Map Task Executor #0] mapred.Task: Task:attempt_local1448818710_0004_m_000002_0 is done. And is in the process of committing
2024-04-24T00:48:42,048  INFO [LocalJobRunner Map Task Executor #0] mapred.LocalJobRunner: OrcSplit [file:/home/alex/Repositories/hive/ql/target/tmp/org.apache.hadoop.hive.ql.TestTxnCommands3-1713944903826/warehouse/acid_uap/ds=tomorrow/delta_0000001_0000001_0000/bucket_00000_0, start=3, length=322, isOriginal=false, fileLength=705, hasFooter=false, hasBase=true, deltas=0]
2024-04-24T00:48:42,048  INFO [LocalJobRunner Map Task Executor #0] mapred.Task: Task 'attempt_local1448818710_0004_m_000002_0' done.
2024-04-24T00:48:42,048  INFO [LocalJobRunner Map Task Executor #0] mapred.Task: Final Counters for attempt_local1448818710_0004_m_000002_0: Counters: 24
	File System Counters
		FILE: Number of bytes read=129948
		FILE: Number of bytes written=4730397
		FILE: Number of read operations=0
		FILE: Number of large read operations=0
		FILE: Number of write operations=0
	Map-Reduce Framework
		Map input records=1
		Map output records=1
		Map output bytes=42
		Map output materialized bytes=50
		Input split bytes=523
		Combine input records=0
		Spilled Records=1
		Failed Shuffles=0
		Merged Map outputs=0
		GC time elapsed (ms)=0
		Total committed heap usage (bytes)=1030225920
	HIVE
		DESERIALIZE_ERRORS=0
		RECORDS_IN=1
		RECORDS_OUT_INTERMEDIATE=1
		RECORDS_OUT_OPERATOR_MAP_0=0
		RECORDS_OUT_OPERATOR_RS_6=1
		RECORDS_OUT_OPERATOR_SEL_5=1
		RECORDS_OUT_OPERATOR_TS_0=1
	File Input Format Counters 
		Bytes Read=9961
2024-04-24T00:48:42,048  INFO [LocalJobRunner Map Task Executor #0] mapred.LocalJobRunner: Finishing task: attempt_local1448818710_0004_m_000002_0
2024-04-24T00:48:42,048  INFO [LocalJobRunner Map Task Executor #0] mapred.LocalJobRunner: Starting task: attempt_local1448818710_0004_m_000003_0
2024-04-24T00:48:42,049  INFO [LocalJobRunner Map Task Executor #0] mapred.Task:  Using ResourceCalculatorProcessTree : [ ]
2024-04-24T00:48:42,050  INFO [LocalJobRunner Map Task Executor #0] mapred.MapTask: Processing split: org.apache.hadoop.hive.ql.io.orc.OrcInputFormat:OrcSplit [file:/home/alex/Repositories/hive/ql/target/tmp/org.apache.hadoop.hive.ql.TestTxnCommands3-1713944903826/warehouse/acid_uap/ds=today/delta_0000002_0000002_0000/bucket_00000_0, start=3, length=322, isOriginal=false, fileLength=697, hasFooter=false, hasBase=true, deltas=0]
2024-04-24T00:48:42,050  INFO [LocalJobRunner Map Task Executor #0] exec.SerializationUtilities: Deserializing MapWork using kryo
2024-04-24T00:48:42,052  INFO [LocalJobRunner Map Task Executor #0] exec.Utilities: Deserialized plan (via FILE) - name: null size: 6,99KB
2024-04-24T00:48:42,052  INFO [LocalJobRunner Map Task Executor #0] orc.VectorizedOrcAcidRowBatchReader: Read ValidWriteIdList: default.acid_uap:2:9223372036854775807:::OrcSplit [file:/home/alex/Repositories/hive/ql/target/tmp/org.apache.hadoop.hive.ql.TestTxnCommands3-1713944903826/warehouse/acid_uap/ds=today/delta_0000002_0000002_0000/bucket_00000_0, start=3, length=322, isOriginal=false, fileLength=697, hasFooter=false, hasBase=true, deltas=0]
2024-04-24T00:48:42,054  INFO [LocalJobRunner Map Task Executor #0] orc.ReaderImpl: Reading ORC rows from file:/home/alex/Repositories/hive/ql/target/tmp/org.apache.hadoop.hive.ql.TestTxnCommands3-1713944903826/warehouse/acid_uap/ds=today/delta_0000002_0000002_0000/bucket_00000_0 with {include: [true, true, true], offset: 3, length: 322, schema: struct<a:int,b:varchar(128)>, includeAcidColumns: true}
2024-04-24T00:48:42,055  INFO [LocalJobRunner Map Task Executor #0] mapred.MapTask: numReduceTasks: 1
2024-04-24T00:48:42,062  INFO [LocalJobRunner Map Task Executor #0] mapred.MapTask: (EQUATOR) 0 kvi 26214396(104857584)
2024-04-24T00:48:42,062  INFO [LocalJobRunner Map Task Executor #0] mapred.MapTask: mapreduce.task.io.sort.mb: 100
2024-04-24T00:48:42,062  INFO [LocalJobRunner Map Task Executor #0] mapred.MapTask: soft limit at 83886080
2024-04-24T00:48:42,062  INFO [LocalJobRunner Map Task Executor #0] mapred.MapTask: bufstart = 0; bufvoid = 104857600
2024-04-24T00:48:42,062  INFO [LocalJobRunner Map Task Executor #0] mapred.MapTask: kvstart = 26214396; length = 6553600
2024-04-24T00:48:42,063  INFO [LocalJobRunner Map Task Executor #0] mapred.MapTask: Map output collector class = org.apache.hadoop.mapred.MapTask$MapOutputBuffer
2024-04-24T00:48:42,063  INFO [LocalJobRunner Map Task Executor #0] vector.VectorMapOperator: Initializing Operator: MAP[0]
2024-04-24T00:48:42,064  INFO [LocalJobRunner Map Task Executor #0] mr.ExecMapper: 
<MAP>Id =0
  <Children>null
  <\Children>
  <Parent><\Parent>
<\MAP>
2024-04-24T00:48:42,065  INFO [LocalJobRunner Map Task Executor #0] exec.TableScanOperator: Initializing Operator: TS[0]
2024-04-24T00:48:42,065  INFO [LocalJobRunner Map Task Executor #0] vector.VectorSelectOperator: Initializing Operator: SEL[5]
2024-04-24T00:48:42,065  INFO [LocalJobRunner Map Task Executor #0] vector.VectorReduceSinkOperator: Initializing Operator: RS[6]
2024-04-24T00:48:42,065  INFO [LocalJobRunner Map Task Executor #0] vector.VectorReduceSinkOperator: Using tag = -1
2024-04-24T00:48:42,066  INFO [LocalJobRunner Map Task Executor #0] vector.VectorReduceSinkOperator: keys are [reducesinkkey0, reducesinkkey1, reducesinkkey2] num distributions: 3
2024-04-24T00:48:42,066  INFO [LocalJobRunner Map Task Executor #0] vector.VectorReduceSinkOperator: RS[6]: records written - 1
2024-04-24T00:48:42,066  INFO [LocalJobRunner Map Task Executor #0] vector.VectorMapOperator: Closing Operator: MAP[0]
2024-04-24T00:48:42,066  INFO [LocalJobRunner Map Task Executor #0] vector.VectorMapOperator: RECORDS_OUT_OPERATOR_MAP_0:0, RECORDS_IN:1, DESERIALIZE_ERRORS:0, RECORDS_OUT_INTERMEDIATE:0, 
2024-04-24T00:48:42,066  INFO [LocalJobRunner Map Task Executor #0] exec.TableScanOperator: Closing Operator: TS[0]
2024-04-24T00:48:42,066  INFO [LocalJobRunner Map Task Executor #0] exec.TableScanOperator: RECORDS_OUT_OPERATOR_TS_0:1, RECORDS_OUT_INTERMEDIATE:0, 
2024-04-24T00:48:42,067  INFO [LocalJobRunner Map Task Executor #0] vector.VectorSelectOperator: Closing Operator: SEL[5]
2024-04-24T00:48:42,067  INFO [LocalJobRunner Map Task Executor #0] vector.VectorSelectOperator: RECORDS_OUT_INTERMEDIATE:0, RECORDS_OUT_OPERATOR_SEL_5:1, 
2024-04-24T00:48:42,067  INFO [LocalJobRunner Map Task Executor #0] vector.VectorReduceSinkOperator: Closing Operator: RS[6]
2024-04-24T00:48:42,067  INFO [LocalJobRunner Map Task Executor #0] vector.VectorReduceSinkOperator: RS[6]: Total records written - 1. abort - false
2024-04-24T00:48:42,067  INFO [LocalJobRunner Map Task Executor #0] vector.VectorReduceSinkOperator: RECORDS_OUT_INTERMEDIATE:1, RECORDS_OUT_OPERATOR_RS_6:1, 
2024-04-24T00:48:42,067  INFO [LocalJobRunner Map Task Executor #0] mapred.LocalJobRunner: 
2024-04-24T00:48:42,067  INFO [LocalJobRunner Map Task Executor #0] mapred.MapTask: Starting flush of map output
2024-04-24T00:48:42,067  INFO [LocalJobRunner Map Task Executor #0] mapred.MapTask: Spilling map output
2024-04-24T00:48:42,067  INFO [LocalJobRunner Map Task Executor #0] mapred.MapTask: bufstart = 0; bufend = 39; bufvoid = 104857600
2024-04-24T00:48:42,067  INFO [LocalJobRunner Map Task Executor #0] mapred.MapTask: kvstart = 26214396(104857584); kvend = 26214396(104857584); length = 1/6553600
2024-04-24T00:48:42,076  INFO [LocalJobRunner Map Task Executor #0] mapred.MapTask: Finished spill 0
2024-04-24T00:48:42,080  INFO [LocalJobRunner Map Task Executor #0] mapred.Task: Task:attempt_local1448818710_0004_m_000003_0 is done. And is in the process of committing
2024-04-24T00:48:42,080  INFO [LocalJobRunner Map Task Executor #0] mapred.LocalJobRunner: OrcSplit [file:/home/alex/Repositories/hive/ql/target/tmp/org.apache.hadoop.hive.ql.TestTxnCommands3-1713944903826/warehouse/acid_uap/ds=today/delta_0000002_0000002_0000/bucket_00000_0, start=3, length=322, isOriginal=false, fileLength=697, hasFooter=false, hasBase=true, deltas=0]
2024-04-24T00:48:42,080  INFO [LocalJobRunner Map Task Executor #0] mapred.Task: Task 'attempt_local1448818710_0004_m_000003_0' done.
2024-04-24T00:48:42,081  INFO [LocalJobRunner Map Task Executor #0] mapred.Task: Final Counters for attempt_local1448818710_0004_m_000003_0: Counters: 24
	File System Counters
		FILE: Number of bytes read=140456
		FILE: Number of bytes written=4730476
		FILE: Number of read operations=0
		FILE: Number of large read operations=0
		FILE: Number of write operations=0
	Map-Reduce Framework
		Map input records=1
		Map output records=1
		Map output bytes=39
		Map output materialized bytes=47
		Input split bytes=517
		Combine input records=0
		Spilled Records=1
		Failed Shuffles=0
		Merged Map outputs=0
		GC time elapsed (ms)=0
		Total committed heap usage (bytes)=1030225920
	HIVE
		DESERIALIZE_ERRORS=0
		RECORDS_IN=1
		RECORDS_OUT_INTERMEDIATE=1
		RECORDS_OUT_OPERATOR_MAP_0=0
		RECORDS_OUT_OPERATOR_RS_6=1
		RECORDS_OUT_OPERATOR_SEL_5=1
		RECORDS_OUT_OPERATOR_TS_0=1
	File Input Format Counters 
		Bytes Read=9929
2024-04-24T00:48:42,081  INFO [LocalJobRunner Map Task Executor #0] mapred.LocalJobRunner: Finishing task: attempt_local1448818710_0004_m_000003_0
2024-04-24T00:48:42,081  INFO [Thread-310] mapred.LocalJobRunner: map task executor complete.
2024-04-24T00:48:42,082  INFO [Thread-310] mapred.LocalJobRunner: Waiting for reduce tasks
2024-04-24T00:48:42,082  INFO [pool-24-thread-1] mapred.LocalJobRunner: Starting task: attempt_local1448818710_0004_r_000000_0
2024-04-24T00:48:42,083  INFO [pool-24-thread-1] mapred.Task:  Using ResourceCalculatorProcessTree : [ ]
2024-04-24T00:48:42,083  INFO [pool-24-thread-1] mapred.ReduceTask: Using ShuffleConsumerPlugin: org.apache.hadoop.mapreduce.task.reduce.Shuffle@4794499d
2024-04-24T00:48:42,083  WARN [pool-24-thread-1] impl.MetricsSystemImpl: JobTracker metrics system already initialized!
2024-04-24T00:48:42,084  INFO [pool-24-thread-1] reduce.MergeManagerImpl: MergerManager: memoryLimit=1336252800, maxSingleShuffleLimit=334063200, mergeThreshold=881926912, ioSortFactor=10, memToMemMergeOutputsThreshold=10
2024-04-24T00:48:42,085  INFO [EventFetcher for fetching Map Completion Events] reduce.EventFetcher: attempt_local1448818710_0004_r_000000_0 Thread started: EventFetcher for fetching Map Completion Events
2024-04-24T00:48:42,087  INFO [localfetcher#6] reduce.LocalFetcher: localfetcher#6 about to shuffle output of map attempt_local1448818710_0004_m_000000_0 decomp: 46 len: 50 to MEMORY
2024-04-24T00:48:42,088  INFO [localfetcher#6] reduce.InMemoryMapOutput: Read 46 bytes from map-output for attempt_local1448818710_0004_m_000000_0
2024-04-24T00:48:42,088  INFO [localfetcher#6] reduce.MergeManagerImpl: closeInMemoryFile -> map-output of size: 46, inMemoryMapOutputs.size() -> 1, commitMemory -> 0, usedMemory ->46
2024-04-24T00:48:42,090  INFO [localfetcher#6] reduce.LocalFetcher: localfetcher#6 about to shuffle output of map attempt_local1448818710_0004_m_000001_0 decomp: 43 len: 47 to MEMORY
2024-04-24T00:48:42,091  INFO [localfetcher#6] reduce.InMemoryMapOutput: Read 43 bytes from map-output for attempt_local1448818710_0004_m_000001_0
2024-04-24T00:48:42,091  INFO [localfetcher#6] reduce.MergeManagerImpl: closeInMemoryFile -> map-output of size: 43, inMemoryMapOutputs.size() -> 2, commitMemory -> 46, usedMemory ->89
2024-04-24T00:48:42,093  INFO [localfetcher#6] reduce.LocalFetcher: localfetcher#6 about to shuffle output of map attempt_local1448818710_0004_m_000003_0 decomp: 43 len: 47 to MEMORY
2024-04-24T00:48:42,094  INFO [localfetcher#6] reduce.InMemoryMapOutput: Read 43 bytes from map-output for attempt_local1448818710_0004_m_000003_0
2024-04-24T00:48:42,094  INFO [localfetcher#6] reduce.MergeManagerImpl: closeInMemoryFile -> map-output of size: 43, inMemoryMapOutputs.size() -> 3, commitMemory -> 89, usedMemory ->132
2024-04-24T00:48:42,096  INFO [localfetcher#6] reduce.LocalFetcher: localfetcher#6 about to shuffle output of map attempt_local1448818710_0004_m_000002_0 decomp: 46 len: 50 to MEMORY
2024-04-24T00:48:42,096  INFO [localfetcher#6] reduce.InMemoryMapOutput: Read 46 bytes from map-output for attempt_local1448818710_0004_m_000002_0
2024-04-24T00:48:42,097  INFO [localfetcher#6] reduce.MergeManagerImpl: closeInMemoryFile -> map-output of size: 46, inMemoryMapOutputs.size() -> 4, commitMemory -> 132, usedMemory ->178
2024-04-24T00:48:42,097  INFO [EventFetcher for fetching Map Completion Events] reduce.EventFetcher: EventFetcher is interrupted.. Returning
2024-04-24T00:48:42,097  INFO [pool-24-thread-1] mapred.LocalJobRunner: 4 / 4 copied.
2024-04-24T00:48:42,097  INFO [pool-24-thread-1] reduce.MergeManagerImpl: finalMerge called with 4 in-memory map-outputs and 0 on-disk map-outputs
2024-04-24T00:48:42,105  INFO [pool-24-thread-1] mapred.Merger: Merging 4 sorted segments
2024-04-24T00:48:42,105  INFO [pool-24-thread-1] mapred.Merger: Down to the last merge-pass, with 4 segments left of total size: 76 bytes
2024-04-24T00:48:42,108  INFO [pool-24-thread-1] reduce.MergeManagerImpl: Merged 4 segments, 178 bytes to disk to satisfy reduce memory limit
2024-04-24T00:48:42,108  INFO [pool-24-thread-1] reduce.MergeManagerImpl: Merging 1 files, 176 bytes from disk
2024-04-24T00:48:42,108  INFO [pool-24-thread-1] reduce.MergeManagerImpl: Merging 0 segments, 0 bytes from memory into reduce
2024-04-24T00:48:42,109  INFO [pool-24-thread-1] mapred.Merger: Merging 1 sorted segments
2024-04-24T00:48:42,109  INFO [pool-24-thread-1] mapred.Merger: Down to the last merge-pass, with 1 segments left of total size: 148 bytes
2024-04-24T00:48:42,109  INFO [pool-24-thread-1] mapred.LocalJobRunner: 4 / 4 copied.
2024-04-24T00:48:42,110  INFO [pool-24-thread-1] exec.SerializationUtilities: Deserializing ReduceWork using kryo
2024-04-24T00:48:42,111  INFO [pool-24-thread-1] exec.Utilities: Deserialized plan (via FILE) - name: null size: 7,62KB
2024-04-24T00:48:42,113  INFO [pool-24-thread-1] ExecReducer: 
<SEL>Id =3
  <Children>
    <FS>Id =4
      <Children>
      <\Children>
      <Parent>Id = 3 null<\Parent>
    <\FS>
  <\Children>
  <Parent><\Parent>
<\SEL>
2024-04-24T00:48:42,113  INFO [pool-24-thread-1] exec.SelectOperator: Initializing Operator: SEL[3]
2024-04-24T00:48:42,113  INFO [pool-24-thread-1] exec.SelectOperator: SELECT struct<key:struct<reducesinkkey0:string,reducesinkkey1:int,reducesinkkey2:varchar(128)>,value:struct<_col0:struct<writeid:bigint,bucketid:int,rowid:bigint>>>
2024-04-24T00:48:42,113  INFO [pool-24-thread-1] exec.FileSinkOperator: Initializing Operator: FS[4]
2024-04-24T00:48:42,114  INFO [pool-24-thread-1] exec.FileSinkOperator: Using serializer : class org.apache.hadoop.hive.serde2.lazy.LazySimpleSerDe [serdeParams=org.apache.hadoop.hive.serde2.lazy.LazySerDeParameters@3c0d40fc, cachedObjectInspector=org.apache.hadoop.hive.serde2.lazy.objectinspector.LazySimpleStructObjectInspector<org.apache.hadoop.hive.serde2.lazy.objectinspector.LazySimpleStructObjectInspector<org.apache.hadoop.hive.serde2.lazy.objectinspector.primitive.LazyLongObjectInspector@3f8961fc,org.apache.hadoop.hive.serde2.lazy.objectinspector.primitive.LazyIntObjectInspector@2e8417ea,org.apache.hadoop.hive.serde2.lazy.objectinspector.primitive.LazyLongObjectInspector@3f8961fc>,org.apache.hadoop.hive.serde2.lazy.objectinspector.primitive.LazyIntObjectInspector@2e8417ea,varchar(128),org.apache.hadoop.hive.serde2.lazy.objectinspector.primitive.LazyStringObjectInspector@67726dd1>, serializedSize=0, stats=org.apache.hadoop.hive.serde2.SerDeStats@2e00dad2, lastOperationSerialize=false, lastOperationDeserialize=false [1, 2, 3, 4, 5, 6, 7, 8, 11, 14, 15, 16, 17, 18, 19, 20, 21, 22, 23, 24, 25, 26, 28, 29, 30, 31, -128, -127, -126, -125, -124, -123, -122, -121, -120, -119, -118, -117, -116, -115, -114, -113, -112, -111, -110, -109, -108, -107, -106, -105, -104, -103, -102, -101, -100, -99, -98, -97, -96, -95, -94, -93, -92, -91, -90, -89, -88, -87, -86, -85, -84, -83, -82, -81, -80, -79, -78, -77, -76, -75, -74, -73, -72, -71, -70, -69, -68, -67, -66, -65, -64, -63, -62, -61, -60, -59, -58, -57, -56, -55, -54, -53, -52, -51, -50, -49, -48, -47, -46, -45, -44, -43, -42, -41, -40, -39, -38, -37, -36, -35, -34, -33, -32, -31, -30, -29, -28, -27, -26, -25, -24, -23, -22, -21, -20, -19, -18, -17, -16, -15, -14, -13, -12, -11, -10, -9, -8, -7, -6, -5, -4, -3, -2, -1] : [_col0, _col1, _col2, _col3] : [struct<writeid:bigint,bucketid:int,rowid:bigint>, int, varchar(128), string]] and formatter : org.apache.hadoop.hive.ql.io.HiveSequenceFileOutputFormat@5ab7b065
2024-04-24T00:48:42,115  INFO [pool-24-thread-1] exec.FileSinkOperator: Final Path: FS file:/home/alex/Repositories/hive/ql/target/tmp/localscratchdir/42396fdd-37ef-497a-a482-3c773af2ea61/hive_2024-04-24_00-48-41_322_4148588389731426754-1/-mr-10001/.hive-staging_hive_2024-04-24_00-48-41_322_4148588389731426754-1/_tmp.-ext-10002/000000_0
2024-04-24T00:48:42,115  INFO [pool-24-thread-1] exec.FileSinkOperator: Writing to temp file: FS file:/home/alex/Repositories/hive/ql/target/tmp/localscratchdir/42396fdd-37ef-497a-a482-3c773af2ea61/hive_2024-04-24_00-48-41_322_4148588389731426754-1/-mr-10001/.hive-staging_hive_2024-04-24_00-48-41_322_4148588389731426754-1/_task_tmp.-ext-10002/_tmp.000000_0
2024-04-24T00:48:42,115  INFO [pool-24-thread-1] exec.FileSinkOperator: New Final Path: FS file:/home/alex/Repositories/hive/ql/target/tmp/localscratchdir/42396fdd-37ef-497a-a482-3c773af2ea61/hive_2024-04-24_00-48-41_322_4148588389731426754-1/-mr-10001/.hive-staging_hive_2024-04-24_00-48-41_322_4148588389731426754-1/_tmp.-ext-10002/000000_0
2024-04-24T00:48:42,124  INFO [pool-24-thread-1] exec.FileSinkOperator: FS[4]: records written - 1
2024-04-24T00:48:42,124  INFO [pool-24-thread-1] exec.SelectOperator: Closing Operator: SEL[3]
2024-04-24T00:48:42,124  INFO [pool-24-thread-1] exec.SelectOperator: RECORDS_OUT_OPERATOR_SEL_3:4, RECORDS_OUT_INTERMEDIATE:0, 
2024-04-24T00:48:42,124  INFO [pool-24-thread-1] exec.FileSinkOperator: Closing Operator: FS[4]
2024-04-24T00:48:42,124  INFO [pool-24-thread-1] exec.FileSinkOperator: FS[4]: records written - 4
2024-04-24T00:48:42,125  INFO [pool-24-thread-1] exec.FileSinkOperator: RECORDS_OUT_INTERMEDIATE:0, RECORDS_OUT_OPERATOR_FS_4:4, RECORDS_OUT_0:4, 
2024-04-24T00:48:42,125  INFO [pool-24-thread-1] mapred.Task: Task:attempt_local1448818710_0004_r_000000_0 is done. And is in the process of committing
2024-04-24T00:48:42,126  INFO [pool-24-thread-1] mapred.LocalJobRunner: reduce > reduce
2024-04-24T00:48:42,126  INFO [pool-24-thread-1] mapred.Task: Task 'attempt_local1448818710_0004_r_000000_0' done.
2024-04-24T00:48:42,126  INFO [pool-24-thread-1] mapred.Task: Final Counters for attempt_local1448818710_0004_r_000000_0: Counters: 29
	File System Counters
		FILE: Number of bytes read=148641
		FILE: Number of bytes written=4730909
		FILE: Number of read operations=0
		FILE: Number of large read operations=0
		FILE: Number of write operations=0
	Map-Reduce Framework
		Combine input records=0
		Combine output records=0
		Reduce input groups=4
		Reduce shuffle bytes=194
		Reduce input records=4
		Reduce output records=0
		Spilled Records=4
		Shuffled Maps =4
		Failed Shuffles=0
		Merged Map outputs=4
		GC time elapsed (ms)=0
		Total committed heap usage (bytes)=1030225920
	HIVE
		CREATED_FILES=1
		RECORDS_OUT_0=4
		RECORDS_OUT_INTERMEDIATE=0
		RECORDS_OUT_OPERATOR_FS_4=4
		RECORDS_OUT_OPERATOR_SEL_3=4
	Shuffle Errors
		BAD_ID=0
		CONNECTION=0
		IO_ERROR=0
		WRONG_LENGTH=0
		WRONG_MAP=0
		WRONG_REDUCE=0
	File Output Format Counters 
		Bytes Written=0
2024-04-24T00:48:42,126  INFO [pool-24-thread-1] mapred.LocalJobRunner: Finishing task: attempt_local1448818710_0004_r_000000_0
2024-04-24T00:48:42,126  INFO [Thread-310] mapred.LocalJobRunner: reduce task executor complete.
2024-04-24 00:48:42,942 Stage-1 map = 100%,  reduce = 100%
2024-04-24T00:48:42,943  INFO [main] exec.Task: 2024-04-24 00:48:42,942 Stage-1 map = 100%,  reduce = 100%
Ended Job = job_local1448818710_0004
2024-04-24T00:48:42,947  INFO [main] exec.Task: Ended Job = job_local1448818710_0004
2024-04-24T00:48:42,950  INFO [main] metadata.Hive: Dumping metastore api call timing information for : execution phase
2024-04-24T00:48:42,950  INFO [main] metadata.Hive: Total time spent in each metastore function (ms): {}
MapReduce Jobs Launched: 
2024-04-24T00:48:42,950  INFO [main] ql.Driver: MapReduce Jobs Launched: 
Stage-Stage-1:  HDFS Read: 0 HDFS Write: 0 SUCCESS
2024-04-24T00:48:42,951  INFO [main] ql.Driver: Stage-Stage-1:  HDFS Read: 0 HDFS Write: 0 SUCCESS
Total MapReduce CPU Time Spent: 0 msec
2024-04-24T00:48:42,951  INFO [main] ql.Driver: Total MapReduce CPU Time Spent: 0 msec
2024-04-24T00:48:42,951  INFO [main] ql.Driver: Completed executing command(queryId=alex_20240424004841_5faae510-f3e5-4de2-bd59-ec2fdd704c30); Time taken: 1.393 seconds
2024-04-24T00:48:42,951  INFO [main] lockmgr.DbTxnManager: Stopped heartbeat for query: alex_20240424004841_5faae510-f3e5-4de2-bd59-ec2fdd704c30
2024-04-24T00:48:42,956  INFO [main] txn.TxnHandler: Expected to move at least one record from txn_components to completed_txn_components when committing txn! txnid:18
2024-04-24T00:48:42,963  INFO [main] txn.TxnHandler: Removed transactions: ([18]) from MIN_HISTORY_LEVEL
2024-04-24T00:48:42,964  WARN [main] txn.CompactionTxnHandler: No compaction queue record found for Compaction type transaction commit. txnId:18
2024-04-24T00:48:42,968  INFO [main] mapred.FileInputFormat: Total input files to process : 1
2024-04-24T00:48:42,970  INFO [main] exec.ListSinkOperator: Closing Operator: LIST_SINK[7]
2024-04-24T00:48:42,970  INFO [main] exec.ListSinkOperator: RECORDS_OUT_OPERATOR_LIST_SINK_7:4, RECORDS_OUT_INTERMEDIATE:0, 
2024-04-24T00:48:42,971  WARN [main] ql.TestTxnCommands3: testSdpoBucketed: read data(after insert vect): 
2024-04-24T00:48:42,971  INFO [main] ql.TestTxnCommands3: {"writeid":2,"bucketid":536936448,"rowid":0}	1	bah	today
{"writeid":2,"bucketid":536870912,"rowid":0}	2	yah	today
{"writeid":1,"bucketid":536936448,"rowid":0}	1	bah	tomorrow
{"writeid":1,"bucketid":536870912,"rowid":0}	2	yah	tomorrow

2024-04-24T00:48:42,971  INFO [main] ql.TxnCommandsBaseForTests: Running the query: EXPLAIN VECTORIZATION DETAIL select ROW__ID, a, b, ds from acid_uap order by ds, a, b
2024-04-24T00:48:42,971  INFO [main] ql.Context: Deleting scratch dir: file:/home/alex/Repositories/hive/ql/target/tmp/localscratchdir/42396fdd-37ef-497a-a482-3c773af2ea61/hive_2024-04-24_00-48-41_322_4148588389731426754-1
2024-04-24T00:48:42,972  INFO [main] cleanup.SyncCleanupService: Deleted directory: file:/home/alex/Repositories/hive/ql/target/tmp/localscratchdir/42396fdd-37ef-497a-a482-3c773af2ea61/hive_2024-04-24_00-48-41_322_4148588389731426754-1 on fs with scheme file
2024-04-24T00:48:42,973  INFO [main] ql.Driver: Compiling command(queryId=alex_20240424004842_704c3590-fa8a-4be5-ab3a-b1e1df0ac558): EXPLAIN VECTORIZATION DETAIL select ROW__ID, a, b, ds from acid_uap order by ds, a, b
2024-04-24T00:48:42,977  INFO [main] txn.TxnHandler: Added entries to MIN_HISTORY_LEVEL for current txns: ([19]) with min_open_txn: 19
2024-04-24T00:48:42,978  INFO [main] lockmgr.DbTxnManager: Opened txnid:19
2024-04-24T00:48:42,979  INFO [main] parse.CalcitePlanner: Starting Semantic Analysis
2024-04-24T00:48:42,982  INFO [main] parse.CalcitePlanner: Completed phase 1 of Semantic Analysis
2024-04-24T00:48:42,982  INFO [main] parse.CalcitePlanner: Get metadata for source tables
2024-04-24T00:48:42,984  INFO [main] HiveMetaStore.audit: ugi=alex	ip=unknown-ip-addr	cmd=get_table : tbl=hive.default.acid_uap	
2024-04-24T00:48:42,994  INFO [main] metastore.HMSHandler: Skipping translation for processor with null
2024-04-24T00:48:42,995  INFO [main] parse.CalcitePlanner: Get metadata for subqueries
2024-04-24T00:48:42,995  INFO [main] parse.CalcitePlanner: Get metadata for destination tables
2024-04-24T00:48:42,995  INFO [main] parse.CalcitePlanner: Completed getting MetaData in Semantic Analysis
2024-04-24T00:48:43,009  INFO [main] HiveMetaStore.audit: ugi=alex	ip=unknown-ip-addr	cmd=get_all_table_constraints : tbl=hive.default.acid_uap	
2024-04-24T00:48:43,024  INFO [main] calcite.RelOptHiveTable: Calculating column statistics for default.acid_uap, projIndxSet: [0, 1, 2], allowMissingStats: true
2024-04-24T00:48:43,025  INFO [main] HiveMetaStore.audit: ugi=alex	ip=unknown-ip-addr	cmd=get_partitions : tbl=hive.default.acid_uap	
2024-04-24T00:48:43,038  INFO [main] HiveMetaStore.audit: ugi=alex	ip=unknown-ip-addr	cmd=get_table : tbl=hive.default.acid_uap	
2024-04-24T00:48:43,050  INFO [main] metastore.HMSHandler: Skipping translation for processor with null
2024-04-24T00:48:43,050  INFO [main] HiveMetaStore.audit: ugi=alex	ip=unknown-ip-addr	cmd=get_aggr_stats_for: table=hive.default.acid_uap	
2024-04-24T00:48:43,064  WARN [main] calcite.RelOptHiveTable: No Stats for default@acid_uap, Columns: a, b
No Stats for default@acid_uap, Columns: a, b
2024-04-24T00:48:43,064  INFO [main] SessionState: No Stats for default@acid_uap, Columns: a, b
2024-04-24T00:48:43,118  INFO [main] parse.CalcitePlanner: Get metadata for source tables
2024-04-24T00:48:43,118  INFO [main] parse.CalcitePlanner: Get metadata for subqueries
2024-04-24T00:48:43,118  INFO [main] parse.CalcitePlanner: Get metadata for destination tables
2024-04-24T00:48:43,121  INFO [main] parse.CalcitePlanner: CBO Succeeded; optimized logical plan.
2024-04-24T00:48:43,125  INFO [main] optimizer.ColumnPrunerProcFactory: RS 2 oldColExprMap: {KEY.reducesinkkey2=Column[_col2], KEY.reducesinkkey1=Column[_col1], KEY.reducesinkkey0=Column[_col3], VALUE._col0=Column[_col0]}
2024-04-24T00:48:43,125  INFO [main] optimizer.ColumnPrunerProcFactory: RS 2 newColExprMap: {KEY.reducesinkkey1=Column[_col1], KEY.reducesinkkey0=Column[_col3], VALUE._col0=Column[_col0], KEY.reducesinkkey2=Column[_col2]}
2024-04-24T00:48:43,147  INFO [main] optimizer.SortedDynPartitionOptimizer: Sorted dynamic partitioning optimization kicked in..
2024-04-24T00:48:43,157  INFO [main] physical.Vectorizer: Examining input format to see if vectorization is enabled.
2024-04-24T00:48:43,158  INFO [main] physical.Vectorizer: Vectorization is enabled for input format(s) [org.apache.hadoop.hive.ql.io.orc.OrcInputFormat]
2024-04-24T00:48:43,158  INFO [main] physical.Vectorizer: Validating and vectorizing MapWork... (vectorizedVertexNum 0)
2024-04-24T00:48:43,159  INFO [main] physical.Vectorizer: Map vectorization enabled: true
2024-04-24T00:48:43,159  INFO [main] physical.Vectorizer: Map vectorized: true
2024-04-24T00:48:43,159  INFO [main] physical.Vectorizer: Map vectorizedVertexNum: 0
2024-04-24T00:48:43,159  INFO [main] physical.Vectorizer: Map enabledConditionsMet: [hive.vectorized.use.vectorized.input.format IS true]
2024-04-24T00:48:43,159  INFO [main] physical.Vectorizer: Map inputFileFormatClassNameSet: [org.apache.hadoop.hive.ql.io.orc.OrcInputFormat]
2024-04-24T00:48:43,159  INFO [main] physical.Vectorizer: Reduce vectorization enabled: false
2024-04-24T00:48:43,159  INFO [main] physical.Vectorizer: Reduce vectorized: false
2024-04-24T00:48:43,159  INFO [main] physical.Vectorizer: Reduce vectorizedVertexNum: 1
2024-04-24T00:48:43,159  INFO [main] physical.Vectorizer: Reducer hive.vectorized.execution.reduce.enabled: true
2024-04-24T00:48:43,159  INFO [main] physical.Vectorizer: Reducer engine: mr
2024-04-24T00:48:43,159  INFO [main] parse.CalcitePlanner: Completed plan generation
2024-04-24T00:48:43,161  INFO [main] ql.Driver: Semantic Analysis Completed (retrial = false)
2024-04-24T00:48:43,161  INFO [main] ql.Driver: Created Hive schema: Schema(fieldSchemas:[FieldSchema(name:Explain, type:string, comment:null)], properties:null)
2024-04-24T00:48:43,162  INFO [main] metadata.Hive: Dumping metastore api call timing information for : compilation phase
2024-04-24T00:48:43,162  INFO [main] metadata.Hive: Total time spent in each metastore function (ms): {getValidWriteIds_(List, String)=3, listPartitions_(String, String, short)=12, flushCache_()=0, isCompatibleWith_(Configuration)=0, getTable_(GetTableRequest)=12, openTxn_(String, TxnType)=3, commitTxn_(CommitTxnRequest)=13, getValidTxns_(long)=1, getAllTableConstraints_(AllTableConstraintsRequest)=9, getAggrColStatsFor_(String, String, List, List, String, String)=25}
2024-04-24T00:48:43,162  INFO [main] ql.Driver: Completed compiling command(queryId=alex_20240424004842_704c3590-fa8a-4be5-ab3a-b1e1df0ac558); Time taken: 0.189 seconds
2024-04-24T00:48:43,162  INFO [main] ql.Driver: Executing command(queryId=alex_20240424004842_704c3590-fa8a-4be5-ab3a-b1e1df0ac558): EXPLAIN VECTORIZATION DETAIL select ROW__ID, a, b, ds from acid_uap order by ds, a, b
2024-04-24T00:48:43,162  INFO [main] ql.Driver: Starting task [Stage-2:EXPLAIN] in serial mode
2024-04-24T00:48:43,191  INFO [main] metadata.Hive: Dumping metastore api call timing information for : execution phase
2024-04-24T00:48:43,192  INFO [main] metadata.Hive: Total time spent in each metastore function (ms): {}
2024-04-24T00:48:43,192  INFO [main] ql.Driver: Completed executing command(queryId=alex_20240424004842_704c3590-fa8a-4be5-ab3a-b1e1df0ac558); Time taken: 0.029 seconds
2024-04-24T00:48:43,192  INFO [main] lockmgr.DbTxnManager: Stopped heartbeat for query: null
2024-04-24T00:48:43,199  INFO [main] txn.TxnHandler: Expected to move at least one record from txn_components to completed_txn_components when committing txn! txnid:19
2024-04-24T00:48:43,207  INFO [main] txn.TxnHandler: Removed transactions: ([19]) from MIN_HISTORY_LEVEL
2024-04-24T00:48:43,207  WARN [main] txn.CompactionTxnHandler: No compaction queue record found for Compaction type transaction commit. txnId:19
2024-04-24T00:48:43,209  INFO [main] ql.TxnCommandsBaseForTests: Running the query: update acid_uap set b = 'fred'
2024-04-24T00:48:43,210  INFO [main] ql.Context: Deleting scratch dir: file:/home/alex/Repositories/hive/ql/target/tmp/localscratchdir/42396fdd-37ef-497a-a482-3c773af2ea61/hive_2024-04-24_00-48-42_972_6491148599796782807-1
2024-04-24T00:48:43,210  INFO [main] cleanup.SyncCleanupService: Deleted directory: file:/home/alex/Repositories/hive/ql/target/tmp/localscratchdir/42396fdd-37ef-497a-a482-3c773af2ea61/hive_2024-04-24_00-48-42_972_6491148599796782807-1 on fs with scheme file
2024-04-24T00:48:43,211  INFO [main] ql.Driver: Compiling command(queryId=alex_20240424004843_9975c438-9be4-40c4-8b8f-8f516426481d): update acid_uap set b = 'fred'
2024-04-24T00:48:43,216  INFO [main] txn.TxnHandler: Added entries to MIN_HISTORY_LEVEL for current txns: ([20]) with min_open_txn: 19
2024-04-24T00:48:43,216  INFO [main] lockmgr.DbTxnManager: Opened txnid:20
2024-04-24T00:48:43,217  INFO [main] parse.UpdateDeleteSemanticAnalyzer: Starting caching scope for: 
2024-04-24T00:48:43,218  INFO [main] HiveMetaStore.audit: ugi=alex	ip=unknown-ip-addr	cmd=get_table : tbl=hive.default.acid_uap	
2024-04-24T00:48:43,227  INFO [main] metastore.HMSHandler: Skipping translation for processor with null
2024-04-24T00:48:43,228  INFO [main] parse.RewriteSemanticAnalyzer: Going to reparse <update acid_uap set b = 'fred'> as 
<insert into table `default`.`acid_uap` partition (`ds`) select ROW__ID,`a`,`b`, `ds` from `default`.`acid_uap` sort by ROW__ID >
2024-04-24T00:48:43,229  INFO [main] parse.UpdateDeleteSemanticAnalyzer: Starting Semantic Analysis
2024-04-24T00:48:43,233  INFO [main] HiveMetaStore.audit: ugi=alex	ip=unknown-ip-addr	cmd=get_table : tbl=hive.default.acid_uap	
2024-04-24T00:48:43,243  INFO [main] metastore.HMSHandler: Skipping translation for processor with null
2024-04-24T00:48:43,243  INFO [main] parse.UpdateDeleteSemanticAnalyzer: Completed phase 1 of Semantic Analysis
2024-04-24T00:48:43,243  INFO [main] parse.UpdateDeleteSemanticAnalyzer: Get metadata for source tables
2024-04-24T00:48:43,243  INFO [main] parse.UpdateDeleteSemanticAnalyzer: Get metadata for subqueries
2024-04-24T00:48:43,243  INFO [main] parse.UpdateDeleteSemanticAnalyzer: Get metadata for destination tables
2024-04-24T00:48:43,243  INFO [main] HiveMetaStore.audit: ugi=alex	ip=unknown-ip-addr	cmd=get_table : tbl=hive.default.acid_uap	
2024-04-24T00:48:43,254  INFO [main] metastore.HMSHandler: Skipping translation for processor with null
2024-04-24T00:48:43,254  WARN [main] parse.BaseSemanticAnalyzer: Dynamic partitioning is used; only validating 0 columns
2024-04-24T00:48:43,254  INFO [main] parse.UpdateDeleteSemanticAnalyzer: Completed getting MetaData in Semantic Analysis
2024-04-24T00:48:43,254  INFO [main] parse.UpdateDeleteSemanticAnalyzer: Disabling LLAP IO encode as ETL query is detected
2024-04-24T00:48:43,269  INFO [main] HiveMetaStore.audit: ugi=alex	ip=unknown-ip-addr	cmd=get_all_table_constraints : tbl=hive.default.acid_uap	
2024-04-24T00:48:43,279  INFO [main] HiveMetaStore.audit: ugi=alex	ip=unknown-ip-addr	cmd=get_not_null_constraints : tbl=hive.default.acid_uap	
2024-04-24T00:48:43,280  INFO [main] HiveMetaStore.audit: ugi=alex	ip=unknown-ip-addr	cmd=get_check_constraints : tbl=hive.default.acid_uap	
2024-04-24T00:48:43,365  INFO [main] calcite.RelOptHiveTable: Calculating column statistics for default.acid_uap, projIndxSet: [0, 2], allowMissingStats: true
2024-04-24T00:48:43,366  INFO [main] HiveMetaStore.audit: ugi=alex	ip=unknown-ip-addr	cmd=get_partitions : tbl=hive.default.acid_uap	
2024-04-24T00:48:43,380  INFO [main] HiveMetaStore.audit: ugi=alex	ip=unknown-ip-addr	cmd=get_table : tbl=hive.default.acid_uap	
2024-04-24T00:48:43,393  INFO [main] metastore.HMSHandler: Skipping translation for processor with null
2024-04-24T00:48:43,393  INFO [main] HiveMetaStore.audit: ugi=alex	ip=unknown-ip-addr	cmd=get_aggr_stats_for: table=hive.default.acid_uap	
2024-04-24T00:48:43,411  WARN [main] calcite.RelOptHiveTable: No Stats for default@acid_uap, Columns: a
No Stats for default@acid_uap, Columns: a
2024-04-24T00:48:43,411  INFO [main] SessionState: No Stats for default@acid_uap, Columns: a
2024-04-24T00:48:43,466  INFO [main] parse.UpdateDeleteSemanticAnalyzer: Get metadata for source tables
2024-04-24T00:48:43,466  INFO [main] parse.UpdateDeleteSemanticAnalyzer: Get metadata for subqueries
2024-04-24T00:48:43,467  INFO [main] parse.UpdateDeleteSemanticAnalyzer: Get metadata for destination tables
2024-04-24T00:48:43,467  INFO [main] HiveMetaStore.audit: ugi=alex	ip=unknown-ip-addr	cmd=get_table : tbl=hive.default.acid_uap	
2024-04-24T00:48:43,478  INFO [main] metastore.HMSHandler: Skipping translation for processor with null
2024-04-24T00:48:43,479  WARN [main] parse.BaseSemanticAnalyzer: Dynamic partitioning is used; only validating 0 columns
2024-04-24T00:48:43,487 ERROR [main] parse.UpdateDeleteSemanticAnalyzer: CBO failed, skipping CBO. 
org.apache.hadoop.hive.ql.exec.NoMatchingMethodException: No matching method for class org.apache.hadoop.hive.ql.udf.UDFToInteger with (struct<writeid:bigint,bucketid:int,rowid:bigint>). Possible choices: _FUNC_(bigint)  _FUNC_(boolean)  _FUNC_(decimal(38,18))  _FUNC_(double)  _FUNC_(float)  _FUNC_(smallint)  _FUNC_(string)  _FUNC_(struct<rowid:bigint,bucketid:int,writeid:bigint>)  _FUNC_(timestamp)  _FUNC_(tinyint)  _FUNC_(void)  
	at org.apache.hadoop.hive.ql.exec.MethodUtils.getMethodInternal(MethodUtils.java:130) ~[classes/:?]
	at org.apache.hadoop.hive.ql.exec.MethodUtils.getMethodInternal(MethodUtils.java:60) ~[classes/:?]
	at org.apache.hadoop.hive.ql.exec.DefaultUDFMethodResolver.getEvalMethod(DefaultUDFMethodResolver.java:59) ~[classes/:?]
	at org.apache.hadoop.hive.ql.udf.TimestampCastRestrictorResolver.getEvalMethod(TimestampCastRestrictorResolver.java:68) ~[classes/:?]
	at org.apache.hadoop.hive.ql.udf.generic.GenericUDFBridge.initialize(GenericUDFBridge.java:168) ~[classes/:?]
	at org.apache.hadoop.hive.ql.udf.generic.GenericUDF.initializeAndFoldConstants(GenericUDF.java:149) ~[classes/:?]
	at org.apache.hadoop.hive.ql.plan.ExprNodeGenericFuncDesc.newInstance(ExprNodeGenericFuncDesc.java:235) ~[classes/:?]
	at org.apache.hadoop.hive.ql.parse.type.ExprNodeDescExprFactory.createFuncCallExpr(ExprNodeDescExprFactory.java:584) ~[classes/:?]
	at org.apache.hadoop.hive.ql.parse.type.ExprNodeDescExprFactory.createFuncCallExpr(ExprNodeDescExprFactory.java:97) ~[classes/:?]
	at org.apache.hadoop.hive.ql.parse.type.TypeCheckProcFactory$DefaultExprProcessor.getFuncExprNodeDescWithUdfData(TypeCheckProcFactory.java:762) ~[classes/:?]
	at org.apache.hadoop.hive.ql.parse.type.TypeCheckProcFactory$DefaultExprProcessor.createConversionCast(TypeCheckProcFactory.java:783) ~[classes/:?]
	at org.apache.hadoop.hive.ql.parse.SemanticAnalyzer.getPartitionColsFromBucketColsForUpdateDelete(SemanticAnalyzer.java:8725) ~[classes/:?]
	at org.apache.hadoop.hive.ql.parse.SemanticAnalyzer.genBucketingSortingDest(SemanticAnalyzer.java:6906) ~[classes/:?]
	at org.apache.hadoop.hive.ql.parse.SemanticAnalyzer.genFileSinkPlan(SemanticAnalyzer.java:7335) ~[classes/:?]
	at org.apache.hadoop.hive.ql.parse.SemanticAnalyzer.genPostGroupByBodyPlan(SemanticAnalyzer.java:11063) ~[classes/:?]
	at org.apache.hadoop.hive.ql.parse.SemanticAnalyzer.genBodyPlan(SemanticAnalyzer.java:10938) ~[classes/:?]
	at org.apache.hadoop.hive.ql.parse.SemanticAnalyzer.genPlan(SemanticAnalyzer.java:11853) ~[classes/:?]
	at org.apache.hadoop.hive.ql.parse.SemanticAnalyzer.genPlan(SemanticAnalyzer.java:11723) ~[classes/:?]
	at org.apache.hadoop.hive.ql.parse.CalcitePlanner.genOPTree(CalcitePlanner.java:626) ~[classes/:?]
	at org.apache.hadoop.hive.ql.parse.SemanticAnalyzer.analyzeInternal(SemanticAnalyzer.java:12558) ~[classes/:?]
	at org.apache.hadoop.hive.ql.parse.CalcitePlanner.analyzeInternal(CalcitePlanner.java:456) ~[classes/:?]
	at org.apache.hadoop.hive.ql.parse.RewriteSemanticAnalyzer.analyzeInternal(RewriteSemanticAnalyzer.java:67) ~[classes/:?]
	at org.apache.hadoop.hive.ql.parse.BaseSemanticAnalyzer.analyze(BaseSemanticAnalyzer.java:317) ~[classes/:?]
	at org.apache.hadoop.hive.ql.parse.UpdateDeleteSemanticAnalyzer.reparseAndSuperAnalyze(UpdateDeleteSemanticAnalyzer.java:208) ~[classes/:?]
	at org.apache.hadoop.hive.ql.parse.UpdateDeleteSemanticAnalyzer.analyzeUpdate(UpdateDeleteSemanticAnalyzer.java:63) ~[classes/:?]
	at org.apache.hadoop.hive.ql.parse.UpdateDeleteSemanticAnalyzer.analyze(UpdateDeleteSemanticAnalyzer.java:53) ~[classes/:?]
	at org.apache.hadoop.hive.ql.parse.RewriteSemanticAnalyzer.analyzeInternal(RewriteSemanticAnalyzer.java:72) ~[classes/:?]
	at org.apache.hadoop.hive.ql.parse.BaseSemanticAnalyzer.analyze(BaseSemanticAnalyzer.java:317) ~[classes/:?]
	at org.apache.hadoop.hive.ql.Compiler.analyze(Compiler.java:223) ~[classes/:?]
	at org.apache.hadoop.hive.ql.Compiler.compile(Compiler.java:105) ~[classes/:?]
	at org.apache.hadoop.hive.ql.Driver.compile(Driver.java:500) ~[classes/:?]
	at org.apache.hadoop.hive.ql.Driver.compileInternal(Driver.java:453) ~[classes/:?]
	at org.apache.hadoop.hive.ql.Driver.runInternal(Driver.java:181) ~[classes/:?]
	at org.apache.hadoop.hive.ql.Driver.run(Driver.java:153) ~[classes/:?]
	at org.apache.hadoop.hive.ql.Driver.run(Driver.java:140) ~[classes/:?]
	at org.apache.hadoop.hive.ql.TxnCommandsBaseForTests.runStatementOnDriver(TxnCommandsBaseForTests.java:245) ~[test-classes/:?]
	at org.apache.hadoop.hive.ql.TestTxnCommands3.testSdpoBucketed(TestTxnCommands3.java:293) ~[test-classes/:?]
	at org.apache.hadoop.hive.ql.TestTxnCommands3.testSdpoBucketed(TestTxnCommands3.java:255) ~[test-classes/:?]
	at sun.reflect.NativeMethodAccessorImpl.invoke0(Native Method) ~[?:1.8.0_402]
	at sun.reflect.NativeMethodAccessorImpl.invoke(NativeMethodAccessorImpl.java:62) ~[?:1.8.0_402]
	at sun.reflect.DelegatingMethodAccessorImpl.invoke(DelegatingMethodAccessorImpl.java:43) ~[?:1.8.0_402]
	at java.lang.reflect.Method.invoke(Method.java:498) ~[?:1.8.0_402]
	at org.junit.runners.model.FrameworkMethod$1.runReflectiveCall(FrameworkMethod.java:59) ~[junit-4.13.jar:4.13]
	at org.junit.internal.runners.model.ReflectiveCallable.run(ReflectiveCallable.java:12) ~[junit-4.13.jar:4.13]
	at org.junit.runners.model.FrameworkMethod.invokeExplosively(FrameworkMethod.java:56) ~[junit-4.13.jar:4.13]
	at org.junit.internal.runners.statements.InvokeMethod.evaluate(InvokeMethod.java:17) ~[junit-4.13.jar:4.13]
	at org.junit.internal.runners.statements.RunBefores.evaluate(RunBefores.java:26) ~[junit-4.13.jar:4.13]
	at org.junit.internal.runners.statements.RunAfters.evaluate(RunAfters.java:27) ~[junit-4.13.jar:4.13]
	at org.junit.rules.TestWatcher$1.evaluate(TestWatcher.java:61) ~[junit-4.13.jar:4.13]
	at org.junit.runners.ParentRunner$3.evaluate(ParentRunner.java:306) ~[junit-4.13.jar:4.13]
	at org.junit.runners.BlockJUnit4ClassRunner$1.evaluate(BlockJUnit4ClassRunner.java:100) ~[junit-4.13.jar:4.13]
	at org.junit.runners.ParentRunner.runLeaf(ParentRunner.java:366) ~[junit-4.13.jar:4.13]
	at org.junit.runners.BlockJUnit4ClassRunner.runChild(BlockJUnit4ClassRunner.java:103) ~[junit-4.13.jar:4.13]
	at org.junit.runners.BlockJUnit4ClassRunner.runChild(BlockJUnit4ClassRunner.java:63) ~[junit-4.13.jar:4.13]
	at org.junit.runners.ParentRunner$4.run(ParentRunner.java:331) ~[junit-4.13.jar:4.13]
	at org.junit.runners.ParentRunner$1.schedule(ParentRunner.java:79) ~[junit-4.13.jar:4.13]
	at org.junit.runners.ParentRunner.runChildren(ParentRunner.java:329) ~[junit-4.13.jar:4.13]
	at org.junit.runners.ParentRunner.access$100(ParentRunner.java:66) ~[junit-4.13.jar:4.13]
	at org.junit.runners.ParentRunner$2.evaluate(ParentRunner.java:293) ~[junit-4.13.jar:4.13]
	at org.junit.runners.ParentRunner$3.evaluate(ParentRunner.java:306) ~[junit-4.13.jar:4.13]
	at org.junit.runners.ParentRunner.run(ParentRunner.java:413) ~[junit-4.13.jar:4.13]
	at org.junit.runner.JUnitCore.run(JUnitCore.java:137) ~[junit-4.13.jar:4.13]
	at org.junit.runner.JUnitCore.run(JUnitCore.java:115) ~[junit-4.13.jar:4.13]
	at org.junit.vintage.engine.execution.RunnerExecutor.execute(RunnerExecutor.java:43) ~[junit-vintage-engine-5.6.2.jar:5.6.2]
	at java.util.stream.ForEachOps$ForEachOp$OfRef.accept(ForEachOps.java:183) ~[?:1.8.0_402]
	at java.util.stream.ReferencePipeline$3$1.accept(ReferencePipeline.java:193) ~[?:1.8.0_402]
	at java.util.Iterator.forEachRemaining(Iterator.java:116) ~[?:1.8.0_402]
	at java.util.Spliterators$IteratorSpliterator.forEachRemaining(Spliterators.java:1801) ~[?:1.8.0_402]
	at java.util.stream.AbstractPipeline.copyInto(AbstractPipeline.java:482) ~[?:1.8.0_402]
	at java.util.stream.AbstractPipeline.wrapAndCopyInto(AbstractPipeline.java:472) ~[?:1.8.0_402]
	at java.util.stream.ForEachOps$ForEachOp.evaluateSequential(ForEachOps.java:150) ~[?:1.8.0_402]
	at java.util.stream.ForEachOps$ForEachOp$OfRef.evaluateSequential(ForEachOps.java:173) ~[?:1.8.0_402]
	at java.util.stream.AbstractPipeline.evaluate(AbstractPipeline.java:234) ~[?:1.8.0_402]
	at java.util.stream.ReferencePipeline.forEach(ReferencePipeline.java:485) ~[?:1.8.0_402]
	at org.junit.vintage.engine.VintageTestEngine.executeAllChildren(VintageTestEngine.java:82) ~[junit-vintage-engine-5.6.2.jar:5.6.2]
	at org.junit.vintage.engine.VintageTestEngine.execute(VintageTestEngine.java:73) ~[junit-vintage-engine-5.6.2.jar:5.6.2]
	at org.junit.platform.launcher.core.DefaultLauncher.execute(DefaultLauncher.java:248) ~[junit-platform-launcher-1.6.2.jar:1.6.2]
	at org.junit.platform.launcher.core.DefaultLauncher.lambda$execute$5(DefaultLauncher.java:211) ~[junit-platform-launcher-1.6.2.jar:1.6.2]
	at org.junit.platform.launcher.core.DefaultLauncher.withInterceptedStreams(DefaultLauncher.java:226) [junit-platform-launcher-1.6.2.jar:1.6.2]
	at org.junit.platform.launcher.core.DefaultLauncher.execute(DefaultLauncher.java:199) [junit-platform-launcher-1.6.2.jar:1.6.2]
	at org.junit.platform.launcher.core.DefaultLauncher.execute(DefaultLauncher.java:132) [junit-platform-launcher-1.6.2.jar:1.6.2]
	at org.apache.maven.surefire.junitplatform.JUnitPlatformProvider.invokeAllTests(JUnitPlatformProvider.java:154) [surefire-junit-platform-3.0.0-M4.jar:3.0.0-M4]
	at org.apache.maven.surefire.junitplatform.JUnitPlatformProvider.invoke(JUnitPlatformProvider.java:123) [surefire-junit-platform-3.0.0-M4.jar:3.0.0-M4]
	at org.apache.maven.surefire.booter.ForkedBooter.runSuitesInProcess(ForkedBooter.java:377) [surefire-booter-3.0.0-M4.jar:3.0.0-M4]
	at org.apache.maven.surefire.booter.ForkedBooter.execute(ForkedBooter.java:138) [surefire-booter-3.0.0-M4.jar:3.0.0-M4]
	at org.apache.maven.surefire.booter.ForkedBooter.run(ForkedBooter.java:465) [surefire-booter-3.0.0-M4.jar:3.0.0-M4]
	at org.apache.maven.surefire.booter.ForkedBooter.main(ForkedBooter.java:451) [surefire-booter-3.0.0-M4.jar:3.0.0-M4]
2024-04-24T00:48:43,489 ERROR [main] parse.UpdateDeleteSemanticAnalyzer: CBO failed due to missing column stats (see previous errors), skipping CBO
2024-04-24T00:48:43,489  INFO [main] parse.UpdateDeleteSemanticAnalyzer: Ending caching scope for: 
FAILED: NoMatchingMethodException No matching method for class org.apache.hadoop.hive.ql.udf.UDFToInteger with (struct<writeid:bigint,bucketid:int,rowid:bigint>). Possible choices: _FUNC_(bigint)  _FUNC_(boolean)  _FUNC_(decimal(38,18))  _FUNC_(double)  _FUNC_(float)  _FUNC_(smallint)  _FUNC_(string)  _FUNC_(struct<rowid:bigint,bucketid:int,writeid:bigint>)  _FUNC_(timestamp)  _FUNC_(tinyint)  _FUNC_(void)  
2024-04-24T00:48:43,491 ERROR [main] ql.Driver: FAILED: NoMatchingMethodException No matching method for class org.apache.hadoop.hive.ql.udf.UDFToInteger with (struct<writeid:bigint,bucketid:int,rowid:bigint>). Possible choices: _FUNC_(bigint)  _FUNC_(boolean)  _FUNC_(decimal(38,18))  _FUNC_(double)  _FUNC_(float)  _FUNC_(smallint)  _FUNC_(string)  _FUNC_(struct<rowid:bigint,bucketid:int,writeid:bigint>)  _FUNC_(timestamp)  _FUNC_(tinyint)  _FUNC_(void)  
org.apache.hadoop.hive.ql.exec.NoMatchingMethodException: No matching method for class org.apache.hadoop.hive.ql.udf.UDFToInteger with (struct<writeid:bigint,bucketid:int,rowid:bigint>). Possible choices: _FUNC_(bigint)  _FUNC_(boolean)  _FUNC_(decimal(38,18))  _FUNC_(double)  _FUNC_(float)  _FUNC_(smallint)  _FUNC_(string)  _FUNC_(struct<rowid:bigint,bucketid:int,writeid:bigint>)  _FUNC_(timestamp)  _FUNC_(tinyint)  _FUNC_(void)  
	at org.apache.hadoop.hive.ql.exec.MethodUtils.getMethodInternal(MethodUtils.java:130)
	at org.apache.hadoop.hive.ql.exec.MethodUtils.getMethodInternal(MethodUtils.java:60)
	at org.apache.hadoop.hive.ql.exec.DefaultUDFMethodResolver.getEvalMethod(DefaultUDFMethodResolver.java:59)
	at org.apache.hadoop.hive.ql.udf.TimestampCastRestrictorResolver.getEvalMethod(TimestampCastRestrictorResolver.java:68)
	at org.apache.hadoop.hive.ql.udf.generic.GenericUDFBridge.initialize(GenericUDFBridge.java:168)
	at org.apache.hadoop.hive.ql.udf.generic.GenericUDF.initializeAndFoldConstants(GenericUDF.java:149)
	at org.apache.hadoop.hive.ql.plan.ExprNodeGenericFuncDesc.newInstance(ExprNodeGenericFuncDesc.java:235)
	at org.apache.hadoop.hive.ql.parse.type.ExprNodeDescExprFactory.createFuncCallExpr(ExprNodeDescExprFactory.java:584)
	at org.apache.hadoop.hive.ql.parse.type.ExprNodeDescExprFactory.createFuncCallExpr(ExprNodeDescExprFactory.java:97)
	at org.apache.hadoop.hive.ql.parse.type.TypeCheckProcFactory$DefaultExprProcessor.getFuncExprNodeDescWithUdfData(TypeCheckProcFactory.java:762)
	at org.apache.hadoop.hive.ql.parse.type.TypeCheckProcFactory$DefaultExprProcessor.createConversionCast(TypeCheckProcFactory.java:783)
	at org.apache.hadoop.hive.ql.parse.SemanticAnalyzer.getPartitionColsFromBucketColsForUpdateDelete(SemanticAnalyzer.java:8725)
	at org.apache.hadoop.hive.ql.parse.SemanticAnalyzer.genBucketingSortingDest(SemanticAnalyzer.java:6906)
	at org.apache.hadoop.hive.ql.parse.SemanticAnalyzer.genFileSinkPlan(SemanticAnalyzer.java:7335)
	at org.apache.hadoop.hive.ql.parse.SemanticAnalyzer.genPostGroupByBodyPlan(SemanticAnalyzer.java:11063)
	at org.apache.hadoop.hive.ql.parse.SemanticAnalyzer.genBodyPlan(SemanticAnalyzer.java:10938)
	at org.apache.hadoop.hive.ql.parse.SemanticAnalyzer.genPlan(SemanticAnalyzer.java:11853)
	at org.apache.hadoop.hive.ql.parse.SemanticAnalyzer.genPlan(SemanticAnalyzer.java:11723)
	at org.apache.hadoop.hive.ql.parse.CalcitePlanner.genOPTree(CalcitePlanner.java:626)
	at org.apache.hadoop.hive.ql.parse.SemanticAnalyzer.analyzeInternal(SemanticAnalyzer.java:12558)
	at org.apache.hadoop.hive.ql.parse.CalcitePlanner.analyzeInternal(CalcitePlanner.java:456)
	at org.apache.hadoop.hive.ql.parse.RewriteSemanticAnalyzer.analyzeInternal(RewriteSemanticAnalyzer.java:67)
	at org.apache.hadoop.hive.ql.parse.BaseSemanticAnalyzer.analyze(BaseSemanticAnalyzer.java:317)
	at org.apache.hadoop.hive.ql.parse.UpdateDeleteSemanticAnalyzer.reparseAndSuperAnalyze(UpdateDeleteSemanticAnalyzer.java:208)
	at org.apache.hadoop.hive.ql.parse.UpdateDeleteSemanticAnalyzer.analyzeUpdate(UpdateDeleteSemanticAnalyzer.java:63)
	at org.apache.hadoop.hive.ql.parse.UpdateDeleteSemanticAnalyzer.analyze(UpdateDeleteSemanticAnalyzer.java:53)
	at org.apache.hadoop.hive.ql.parse.RewriteSemanticAnalyzer.analyzeInternal(RewriteSemanticAnalyzer.java:72)
	at org.apache.hadoop.hive.ql.parse.BaseSemanticAnalyzer.analyze(BaseSemanticAnalyzer.java:317)
	at org.apache.hadoop.hive.ql.Compiler.analyze(Compiler.java:223)
	at org.apache.hadoop.hive.ql.Compiler.compile(Compiler.java:105)
	at org.apache.hadoop.hive.ql.Driver.compile(Driver.java:500)
	at org.apache.hadoop.hive.ql.Driver.compileInternal(Driver.java:453)
	at org.apache.hadoop.hive.ql.Driver.runInternal(Driver.java:181)
	at org.apache.hadoop.hive.ql.Driver.run(Driver.java:153)
	at org.apache.hadoop.hive.ql.Driver.run(Driver.java:140)
	at org.apache.hadoop.hive.ql.TxnCommandsBaseForTests.runStatementOnDriver(TxnCommandsBaseForTests.java:245)
	at org.apache.hadoop.hive.ql.TestTxnCommands3.testSdpoBucketed(TestTxnCommands3.java:293)
	at org.apache.hadoop.hive.ql.TestTxnCommands3.testSdpoBucketed(TestTxnCommands3.java:255)
	at sun.reflect.NativeMethodAccessorImpl.invoke0(Native Method)
	at sun.reflect.NativeMethodAccessorImpl.invoke(NativeMethodAccessorImpl.java:62)
	at sun.reflect.DelegatingMethodAccessorImpl.invoke(DelegatingMethodAccessorImpl.java:43)
	at java.lang.reflect.Method.invoke(Method.java:498)
	at org.junit.runners.model.FrameworkMethod$1.runReflectiveCall(FrameworkMethod.java:59)
	at org.junit.internal.runners.model.ReflectiveCallable.run(ReflectiveCallable.java:12)
	at org.junit.runners.model.FrameworkMethod.invokeExplosively(FrameworkMethod.java:56)
	at org.junit.internal.runners.statements.InvokeMethod.evaluate(InvokeMethod.java:17)
	at org.junit.internal.runners.statements.RunBefores.evaluate(RunBefores.java:26)
	at org.junit.internal.runners.statements.RunAfters.evaluate(RunAfters.java:27)
	at org.junit.rules.TestWatcher$1.evaluate(TestWatcher.java:61)
	at org.junit.runners.ParentRunner$3.evaluate(ParentRunner.java:306)
	at org.junit.runners.BlockJUnit4ClassRunner$1.evaluate(BlockJUnit4ClassRunner.java:100)
	at org.junit.runners.ParentRunner.runLeaf(ParentRunner.java:366)
	at org.junit.runners.BlockJUnit4ClassRunner.runChild(BlockJUnit4ClassRunner.java:103)
	at org.junit.runners.BlockJUnit4ClassRunner.runChild(BlockJUnit4ClassRunner.java:63)
	at org.junit.runners.ParentRunner$4.run(ParentRunner.java:331)
	at org.junit.runners.ParentRunner$1.schedule(ParentRunner.java:79)
	at org.junit.runners.ParentRunner.runChildren(ParentRunner.java:329)
	at org.junit.runners.ParentRunner.access$100(ParentRunner.java:66)
	at org.junit.runners.ParentRunner$2.evaluate(ParentRunner.java:293)
	at org.junit.runners.ParentRunner$3.evaluate(ParentRunner.java:306)
	at org.junit.runners.ParentRunner.run(ParentRunner.java:413)
	at org.junit.runner.JUnitCore.run(JUnitCore.java:137)
	at org.junit.runner.JUnitCore.run(JUnitCore.java:115)
	at org.junit.vintage.engine.execution.RunnerExecutor.execute(RunnerExecutor.java:43)
	at java.util.stream.ForEachOps$ForEachOp$OfRef.accept(ForEachOps.java:183)
	at java.util.stream.ReferencePipeline$3$1.accept(ReferencePipeline.java:193)
	at java.util.Iterator.forEachRemaining(Iterator.java:116)
	at java.util.Spliterators$IteratorSpliterator.forEachRemaining(Spliterators.java:1801)
	at java.util.stream.AbstractPipeline.copyInto(AbstractPipeline.java:482)
	at java.util.stream.AbstractPipeline.wrapAndCopyInto(AbstractPipeline.java:472)
	at java.util.stream.ForEachOps$ForEachOp.evaluateSequential(ForEachOps.java:150)
	at java.util.stream.ForEachOps$ForEachOp$OfRef.evaluateSequential(ForEachOps.java:173)
	at java.util.stream.AbstractPipeline.evaluate(AbstractPipeline.java:234)
	at java.util.stream.ReferencePipeline.forEach(ReferencePipeline.java:485)
	at org.junit.vintage.engine.VintageTestEngine.executeAllChildren(VintageTestEngine.java:82)
	at org.junit.vintage.engine.VintageTestEngine.execute(VintageTestEngine.java:73)
	at org.junit.platform.launcher.core.DefaultLauncher.execute(DefaultLauncher.java:248)
	at org.junit.platform.launcher.core.DefaultLauncher.lambda$execute$5(DefaultLauncher.java:211)
	at org.junit.platform.launcher.core.DefaultLauncher.withInterceptedStreams(DefaultLauncher.java:226)
	at org.junit.platform.launcher.core.DefaultLauncher.execute(DefaultLauncher.java:199)
	at org.junit.platform.launcher.core.DefaultLauncher.execute(DefaultLauncher.java:132)
	at org.apache.maven.surefire.junitplatform.JUnitPlatformProvider.invokeAllTests(JUnitPlatformProvider.java:154)
	at org.apache.maven.surefire.junitplatform.JUnitPlatformProvider.invoke(JUnitPlatformProvider.java:123)
	at org.apache.maven.surefire.booter.ForkedBooter.runSuitesInProcess(ForkedBooter.java:377)
	at org.apache.maven.surefire.booter.ForkedBooter.execute(ForkedBooter.java:138)
	at org.apache.maven.surefire.booter.ForkedBooter.run(ForkedBooter.java:465)
	at org.apache.maven.surefire.booter.ForkedBooter.main(ForkedBooter.java:451)

2024-04-24T00:48:43,491  INFO [main] metadata.Hive: Dumping metastore api call timing information for : compilation phase
2024-04-24T00:48:43,491  INFO [main] metadata.Hive: Total time spent in each metastore function (ms): {getValidWriteIds_(List, String)=3, isCompatibleWith_(Configuration)=1, getMetaConf_(String)=0, getCheckConstraints_(CheckConstraintsRequest)=2, getTable_(GetTableRequest)=42, getValidTxns_(long)=1, openTxn_(String, TxnType)=3, getAggrColStatsFor_(String, String, List, List, String, String)=31, getAllTableConstraints_(AllTableConstraintsRequest)=8, flushCache_()=0, commitTxn_(CommitTxnRequest)=16, listPartitions_(String, String, short)=13, getNotNullConstraints_(NotNullConstraintsRequest)=2}
2024-04-24T00:48:43,492  INFO [main] ql.Driver: Completed compiling command(queryId=alex_20240424004843_9975c438-9be4-40c4-8b8f-8f516426481d); Time taken: 0.281 seconds
2024-04-24T00:48:43,492  INFO [main] lockmgr.DbTxnManager: Stopped heartbeat for query: null
2024-04-24T00:48:43,496  INFO [main] txn.TxnHandler: Removed transactions: ([20]) from MIN_HISTORY_LEVEL
2024-04-24T00:48:43,505  INFO [main] ql.TxnCommandsBaseForTests: Running the query: drop table if exists acidTbl
2024-04-24T00:48:43,506  INFO [main] ql.Driver: Compiling command(queryId=alex_20240424004843_490266e7-99b5-493c-800b-37d1a9d65384): drop table if exists acidTbl
2024-04-24T00:48:43,509  INFO [main] txn.TxnHandler: Added entries to MIN_HISTORY_LEVEL for current txns: ([21]) with min_open_txn: 19
2024-04-24T00:48:43,510  INFO [main] lockmgr.DbTxnManager: Opened txnid:21
2024-04-24T00:48:43,511  INFO [main] HiveMetaStore.audit: ugi=alex	ip=unknown-ip-addr	cmd=get_table : tbl=hive.default.acidTbl	
2024-04-24T00:48:43,520  INFO [main] metastore.HMSHandler: Skipping translation for processor with null
2024-04-24T00:48:43,521  INFO [main] ql.Driver: Semantic Analysis Completed (retrial = false)
2024-04-24T00:48:43,521  INFO [main] ql.Driver: Created Hive schema: Schema(fieldSchemas:null, properties:null)
2024-04-24T00:48:43,521  INFO [main] metadata.Hive: Dumping metastore api call timing information for : compilation phase
2024-04-24T00:48:43,521  INFO [main] metadata.Hive: Total time spent in each metastore function (ms): {getTable_(GetTableRequest)=10, isCompatibleWith_(Configuration)=1, flushCache_()=0, getValidTxns_(long)=1, openTxn_(String, TxnType)=3, rollbackTxn_(long)=12}
2024-04-24T00:48:43,521  INFO [main] ql.Driver: Completed compiling command(queryId=alex_20240424004843_490266e7-99b5-493c-800b-37d1a9d65384); Time taken: 0.015 seconds
2024-04-24T00:48:43,522  INFO [main] lockmgr.DbTxnManager: Setting lock request transaction to txnid:21 for queryId=alex_20240424004843_490266e7-99b5-493c-800b-37d1a9d65384
2024-04-24T00:48:43,522  INFO [main] lockmgr.DbLockManager: Requesting lock for queryId=alex_20240424004843_490266e7-99b5-493c-800b-37d1a9d65384
2024-04-24T00:48:43,543  INFO [main] lockmgr.DbLockManager: Response to queryId=alex_20240424004843_490266e7-99b5-493c-800b-37d1a9d65384 LockResponse(lockid:12, state:ACQUIRED)
2024-04-24T00:48:43,543  INFO [main] ql.Driver: Operation DROPTABLE obtained 1 locks
2024-04-24T00:48:43,544  INFO [main] ql.Driver: Executing command(queryId=alex_20240424004843_490266e7-99b5-493c-800b-37d1a9d65384): drop table if exists acidTbl
2024-04-24T00:48:43,544  INFO [main] ql.Driver: Starting task [Stage-0:DDL] in serial mode
2024-04-24T00:48:43,544  INFO [main] HiveMetaStore.audit: ugi=alex	ip=unknown-ip-addr	cmd=get_table : tbl=hive.default.acidTbl	
2024-04-24T00:48:43,554  INFO [main] metastore.HMSHandler: Skipping translation for processor with null
2024-04-24T00:48:43,555  INFO [main] HiveMetaStore.audit: ugi=alex	ip=unknown-ip-addr	cmd=get_table : tbl=hive.default.acidTbl	
2024-04-24T00:48:43,568  INFO [main] metastore.HMSHandler: Skipping translation for processor with null
2024-04-24T00:48:43,568  INFO [main] HiveMetaStore.audit: ugi=alex	ip=unknown-ip-addr	cmd=drop_table : tbl=hive.default.acidTbl	
2024-04-24T00:48:43,865  INFO [main] metadata.Hive: Dumping metastore api call timing information for : execution phase
2024-04-24T00:48:43,865  INFO [main] metadata.Hive: Total time spent in each metastore function (ms): {getTable_(GetTableRequest)=11, isCompatibleWith_(Configuration)=0, dropTable_(String, String, boolean, boolean, boolean)=310}
2024-04-24T00:48:43,865  INFO [main] ql.Driver: Completed executing command(queryId=alex_20240424004843_490266e7-99b5-493c-800b-37d1a9d65384); Time taken: 0.321 seconds
2024-04-24T00:48:43,866  INFO [main] lockmgr.DbTxnManager: Stopped heartbeat for query: alex_20240424004843_490266e7-99b5-493c-800b-37d1a9d65384
2024-04-24T00:48:43,873  INFO [main] txn.TxnHandler: Expected to move at least one record from txn_components to completed_txn_components when committing txn! txnid:21
2024-04-24T00:48:43,885  INFO [main] txn.TxnHandler: Removed transactions: ([21]) from MIN_HISTORY_LEVEL
2024-04-24T00:48:43,888  WARN [main] txn.CompactionTxnHandler: No compaction queue record found for Compaction type transaction commit. txnId:21
2024-04-24T00:48:43,889  INFO [main] ql.TxnCommandsBaseForTests: Running the query: drop table if exists acidTblPart
2024-04-24T00:48:43,890  INFO [main] ql.Driver: Compiling command(queryId=alex_20240424004843_a4a52da6-2083-41b4-9555-910e7839084e): drop table if exists acidTblPart
2024-04-24T00:48:43,895  INFO [main] txn.TxnHandler: Added entries to MIN_HISTORY_LEVEL for current txns: ([22]) with min_open_txn: 19
2024-04-24T00:48:43,895  INFO [main] lockmgr.DbTxnManager: Opened txnid:22
2024-04-24T00:48:43,901  INFO [main] HiveMetaStore.audit: ugi=alex	ip=unknown-ip-addr	cmd=get_table : tbl=hive.default.acidTblPart	
2024-04-24T00:48:43,920  INFO [main] metastore.HMSHandler: Skipping translation for processor with null
2024-04-24T00:48:43,921  INFO [main] ql.Driver: Semantic Analysis Completed (retrial = false)
2024-04-24T00:48:43,921  INFO [main] ql.Driver: Created Hive schema: Schema(fieldSchemas:null, properties:null)
2024-04-24T00:48:43,921  INFO [main] metadata.Hive: Dumping metastore api call timing information for : compilation phase
2024-04-24T00:48:43,922  INFO [main] metadata.Hive: Total time spent in each metastore function (ms): {openTxn_(String, TxnType)=4, flushCache_()=0, getValidTxns_(long)=4, isCompatibleWith_(Configuration)=2, getTable_(GetTableRequest)=20, commitTxn_(CommitTxnRequest)=23}
2024-04-24T00:48:43,922  INFO [main] ql.Driver: Completed compiling command(queryId=alex_20240424004843_a4a52da6-2083-41b4-9555-910e7839084e); Time taken: 0.031 seconds
2024-04-24T00:48:43,922  INFO [main] lockmgr.DbTxnManager: Setting lock request transaction to txnid:22 for queryId=alex_20240424004843_a4a52da6-2083-41b4-9555-910e7839084e
2024-04-24T00:48:43,923  INFO [main] lockmgr.DbLockManager: Requesting lock for queryId=alex_20240424004843_a4a52da6-2083-41b4-9555-910e7839084e
2024-04-24T00:48:43,951  INFO [main] lockmgr.DbLockManager: Response to queryId=alex_20240424004843_a4a52da6-2083-41b4-9555-910e7839084e LockResponse(lockid:13, state:ACQUIRED)
2024-04-24T00:48:43,951  INFO [main] ql.Driver: Operation DROPTABLE obtained 1 locks
2024-04-24T00:48:43,951  INFO [main] ql.Driver: Executing command(queryId=alex_20240424004843_a4a52da6-2083-41b4-9555-910e7839084e): drop table if exists acidTblPart
2024-04-24T00:48:43,951  INFO [main] ql.Driver: Starting task [Stage-0:DDL] in serial mode
2024-04-24T00:48:43,952  INFO [main] HiveMetaStore.audit: ugi=alex	ip=unknown-ip-addr	cmd=get_table : tbl=hive.default.acidTblPart	
2024-04-24T00:48:43,962  INFO [main] metastore.HMSHandler: Skipping translation for processor with null
2024-04-24T00:48:43,963  INFO [main] HiveMetaStore.audit: ugi=alex	ip=unknown-ip-addr	cmd=get_table : tbl=hive.default.acidTblPart	
2024-04-24T00:48:43,977  INFO [main] metastore.HMSHandler: Skipping translation for processor with null
2024-04-24T00:48:43,978  INFO [main] HiveMetaStore.audit: ugi=alex	ip=unknown-ip-addr	cmd=drop_table : tbl=hive.default.acidTblPart	
2024-04-24T00:48:44,061  INFO [main] metadata.Hive: Dumping metastore api call timing information for : execution phase
2024-04-24T00:48:44,061  INFO [main] metadata.Hive: Total time spent in each metastore function (ms): {dropTable_(String, String, boolean, boolean, boolean)=99, isCompatibleWith_(Configuration)=0, getTable_(GetTableRequest)=11}
2024-04-24T00:48:44,061  INFO [main] ql.Driver: Completed executing command(queryId=alex_20240424004843_a4a52da6-2083-41b4-9555-910e7839084e); Time taken: 0.11 seconds
2024-04-24T00:48:44,061  INFO [main] lockmgr.DbTxnManager: Stopped heartbeat for query: alex_20240424004843_a4a52da6-2083-41b4-9555-910e7839084e
2024-04-24T00:48:44,067  INFO [main] txn.TxnHandler: Expected to move at least one record from txn_components to completed_txn_components when committing txn! txnid:22
2024-04-24T00:48:44,075  INFO [main] txn.TxnHandler: Removed transactions: ([22]) from MIN_HISTORY_LEVEL
2024-04-24T00:48:44,075  WARN [main] txn.CompactionTxnHandler: No compaction queue record found for Compaction type transaction commit. txnId:22
2024-04-24T00:48:44,076  INFO [main] ql.TxnCommandsBaseForTests: Running the query: drop table if exists acidTbl2
2024-04-24T00:48:44,077  INFO [main] ql.Driver: Compiling command(queryId=alex_20240424004844_47d5405f-df09-4f0d-abec-d8928c69ef73): drop table if exists acidTbl2
2024-04-24T00:48:44,081  INFO [main] txn.TxnHandler: Added entries to MIN_HISTORY_LEVEL for current txns: ([23]) with min_open_txn: 20
2024-04-24T00:48:44,082  INFO [main] lockmgr.DbTxnManager: Opened txnid:23
2024-04-24T00:48:44,084  INFO [main] ql.Driver: Semantic Analysis Completed (retrial = false)
2024-04-24T00:48:44,084  INFO [main] ql.Driver: Created Hive schema: Schema(fieldSchemas:null, properties:null)
2024-04-24T00:48:44,084  INFO [main] metadata.Hive: Dumping metastore api call timing information for : compilation phase
2024-04-24T00:48:44,084  INFO [main] metadata.Hive: Total time spent in each metastore function (ms): {commitTxn_(CommitTxnRequest)=14, isCompatibleWith_(Configuration)=1, getTable_(GetTableRequest)=0, flushCache_()=0, openTxn_(String, TxnType)=4, getValidTxns_(long)=1}
2024-04-24T00:48:44,085  INFO [main] ql.Driver: Completed compiling command(queryId=alex_20240424004844_47d5405f-df09-4f0d-abec-d8928c69ef73); Time taken: 0.007 seconds
2024-04-24T00:48:44,085  INFO [main] lockmgr.DbTxnManager: Setting lock request transaction to txnid:23 for queryId=alex_20240424004844_47d5405f-df09-4f0d-abec-d8928c69ef73
2024-04-24T00:48:44,085  INFO [main] ql.Driver: Operation DROPTABLE obtained 0 locks
2024-04-24T00:48:44,085  INFO [main] ql.Driver: Executing command(queryId=alex_20240424004844_47d5405f-df09-4f0d-abec-d8928c69ef73): drop table if exists acidTbl2
2024-04-24T00:48:44,086  INFO [main] ql.Driver: Starting task [Stage-0:DDL] in serial mode
2024-04-24T00:48:44,086  INFO [main] metadata.SessionHiveMetaStoreClient: Column stats doesn't exist for db=default temp table=acidTbl2
2024-04-24T00:48:44,087  INFO [main] metadata.Hive: Dumping metastore api call timing information for : execution phase
2024-04-24T00:48:44,088  INFO [main] metadata.Hive: Total time spent in each metastore function (ms): {isCompatibleWith_(Configuration)=0, getTable_(GetTableRequest)=0, dropTable_(String, String, boolean, boolean, boolean)=1}
2024-04-24T00:48:44,088  INFO [main] ql.Driver: Completed executing command(queryId=alex_20240424004844_47d5405f-df09-4f0d-abec-d8928c69ef73); Time taken: 0.002 seconds
2024-04-24T00:48:44,088  INFO [main] lockmgr.DbTxnManager: Stopped heartbeat for query: alex_20240424004844_47d5405f-df09-4f0d-abec-d8928c69ef73
2024-04-24T00:48:44,096  INFO [main] txn.TxnHandler: Expected to move at least one record from txn_components to completed_txn_components when committing txn! txnid:23
2024-04-24T00:48:44,104  INFO [main] txn.TxnHandler: Removed transactions: ([23]) from MIN_HISTORY_LEVEL
2024-04-24T00:48:44,104  WARN [main] txn.CompactionTxnHandler: No compaction queue record found for Compaction type transaction commit. txnId:23
2024-04-24T00:48:44,105  INFO [main] ql.TxnCommandsBaseForTests: Running the query: drop table if exists nonAcidOrcTbl
2024-04-24T00:48:44,106  INFO [main] ql.Driver: Compiling command(queryId=alex_20240424004844_0eabf98a-aad1-4fbe-b9e5-39285361456c): drop table if exists nonAcidOrcTbl
2024-04-24T00:48:44,109  INFO [main] txn.TxnHandler: Added entries to MIN_HISTORY_LEVEL for current txns: ([24]) with min_open_txn: 20
2024-04-24T00:48:44,110  INFO [main] lockmgr.DbTxnManager: Opened txnid:24
2024-04-24T00:48:44,111  INFO [main] HiveMetaStore.audit: ugi=alex	ip=unknown-ip-addr	cmd=get_table : tbl=hive.default.nonAcidOrcTbl	
2024-04-24T00:48:44,142  INFO [main] metastore.HMSHandler: Skipping translation for processor with null
2024-04-24T00:48:44,142  INFO [main] ql.Driver: Semantic Analysis Completed (retrial = false)
2024-04-24T00:48:44,142  INFO [main] ql.Driver: Created Hive schema: Schema(fieldSchemas:null, properties:null)
2024-04-24T00:48:44,142  INFO [main] metadata.Hive: Dumping metastore api call timing information for : compilation phase
2024-04-24T00:48:44,142  INFO [main] metadata.Hive: Total time spent in each metastore function (ms): {flushCache_()=0, getValidTxns_(long)=1, commitTxn_(CommitTxnRequest)=17, getTable_(GetTableRequest)=31, isCompatibleWith_(Configuration)=0, openTxn_(String, TxnType)=4}
2024-04-24T00:48:44,143  INFO [main] ql.Driver: Completed compiling command(queryId=alex_20240424004844_0eabf98a-aad1-4fbe-b9e5-39285361456c); Time taken: 0.036 seconds
2024-04-24T00:48:44,143  INFO [main] lockmgr.DbTxnManager: Setting lock request transaction to txnid:24 for queryId=alex_20240424004844_0eabf98a-aad1-4fbe-b9e5-39285361456c
2024-04-24T00:48:44,144  INFO [main] lockmgr.DbLockManager: Requesting lock for queryId=alex_20240424004844_0eabf98a-aad1-4fbe-b9e5-39285361456c
2024-04-24T00:48:44,170  INFO [main] lockmgr.DbLockManager: Response to queryId=alex_20240424004844_0eabf98a-aad1-4fbe-b9e5-39285361456c LockResponse(lockid:14, state:ACQUIRED)
2024-04-24T00:48:44,171  INFO [main] ql.Driver: Operation DROPTABLE obtained 1 locks
2024-04-24T00:48:44,171  INFO [main] ql.Driver: Executing command(queryId=alex_20240424004844_0eabf98a-aad1-4fbe-b9e5-39285361456c): drop table if exists nonAcidOrcTbl
2024-04-24T00:48:44,171  INFO [main] ql.Driver: Starting task [Stage-0:DDL] in serial mode
2024-04-24T00:48:44,171  INFO [main] HiveMetaStore.audit: ugi=alex	ip=unknown-ip-addr	cmd=get_table : tbl=hive.default.nonAcidOrcTbl	
2024-04-24T00:48:44,189  INFO [main] metastore.HMSHandler: Skipping translation for processor with null
2024-04-24T00:48:44,189  INFO [main] HiveMetaStore.audit: ugi=alex	ip=unknown-ip-addr	cmd=get_table : tbl=hive.default.nonAcidOrcTbl	
2024-04-24T00:48:44,204  INFO [main] metastore.HMSHandler: Skipping translation for processor with null
2024-04-24T00:48:44,205  INFO [main] HiveMetaStore.audit: ugi=alex	ip=unknown-ip-addr	cmd=drop_table : tbl=hive.default.nonAcidOrcTbl	
2024-04-24T00:48:44,324  INFO [main] metadata.Hive: Dumping metastore api call timing information for : execution phase
2024-04-24T00:48:44,324  INFO [main] metadata.Hive: Total time spent in each metastore function (ms): {isCompatibleWith_(Configuration)=0, dropTable_(String, String, boolean, boolean, boolean)=135, getTable_(GetTableRequest)=18}
2024-04-24T00:48:44,325  INFO [main] ql.Driver: Completed executing command(queryId=alex_20240424004844_0eabf98a-aad1-4fbe-b9e5-39285361456c); Time taken: 0.153 seconds
2024-04-24T00:48:44,325  INFO [main] lockmgr.DbTxnManager: Stopped heartbeat for query: alex_20240424004844_0eabf98a-aad1-4fbe-b9e5-39285361456c
2024-04-24T00:48:44,331  INFO [main] txn.TxnHandler: Expected to move at least one record from txn_components to completed_txn_components when committing txn! txnid:24
2024-04-24T00:48:44,339  INFO [main] txn.TxnHandler: Removed transactions: ([24]) from MIN_HISTORY_LEVEL
2024-04-24T00:48:44,339  WARN [main] txn.CompactionTxnHandler: No compaction queue record found for Compaction type transaction commit. txnId:24
2024-04-24T00:48:44,340  INFO [main] ql.TxnCommandsBaseForTests: Running the query: drop table if exists nonAcidOrcTbl2
2024-04-24T00:48:44,340  INFO [main] ql.Driver: Compiling command(queryId=alex_20240424004844_1442ee6c-0c00-44f8-ad28-7acf3e409572): drop table if exists nonAcidOrcTbl2
2024-04-24T00:48:44,344  INFO [main] txn.TxnHandler: Added entries to MIN_HISTORY_LEVEL for current txns: ([25]) with min_open_txn: 21
2024-04-24T00:48:44,345  INFO [main] lockmgr.DbTxnManager: Opened txnid:25
2024-04-24T00:48:44,347  INFO [main] HiveMetaStore.audit: ugi=alex	ip=unknown-ip-addr	cmd=get_table : tbl=hive.default.nonAcidOrcTbl2	
2024-04-24T00:48:44,361  INFO [main] metastore.HMSHandler: Skipping translation for processor with null
2024-04-24T00:48:44,361  INFO [main] ql.Driver: Semantic Analysis Completed (retrial = false)
2024-04-24T00:48:44,361  INFO [main] ql.Driver: Created Hive schema: Schema(fieldSchemas:null, properties:null)
2024-04-24T00:48:44,361  INFO [main] metadata.Hive: Dumping metastore api call timing information for : compilation phase
2024-04-24T00:48:44,361  INFO [main] metadata.Hive: Total time spent in each metastore function (ms): {flushCache_()=0, getTable_(GetTableRequest)=14, isCompatibleWith_(Configuration)=0, getValidTxns_(long)=1, commitTxn_(CommitTxnRequest)=15, openTxn_(String, TxnType)=4}
2024-04-24T00:48:44,362  INFO [main] ql.Driver: Completed compiling command(queryId=alex_20240424004844_1442ee6c-0c00-44f8-ad28-7acf3e409572); Time taken: 0.021 seconds
2024-04-24T00:48:44,362  INFO [main] lockmgr.DbTxnManager: Setting lock request transaction to txnid:25 for queryId=alex_20240424004844_1442ee6c-0c00-44f8-ad28-7acf3e409572
2024-04-24T00:48:44,363  INFO [main] lockmgr.DbLockManager: Requesting lock for queryId=alex_20240424004844_1442ee6c-0c00-44f8-ad28-7acf3e409572
2024-04-24T00:48:44,382  INFO [main] lockmgr.DbLockManager: Response to queryId=alex_20240424004844_1442ee6c-0c00-44f8-ad28-7acf3e409572 LockResponse(lockid:15, state:ACQUIRED)
2024-04-24T00:48:44,382  INFO [main] ql.Driver: Operation DROPTABLE obtained 1 locks
2024-04-24T00:48:44,382  INFO [main] ql.Driver: Executing command(queryId=alex_20240424004844_1442ee6c-0c00-44f8-ad28-7acf3e409572): drop table if exists nonAcidOrcTbl2
2024-04-24T00:48:44,382  INFO [main] ql.Driver: Starting task [Stage-0:DDL] in serial mode
2024-04-24T00:48:44,383  INFO [main] HiveMetaStore.audit: ugi=alex	ip=unknown-ip-addr	cmd=get_table : tbl=hive.default.nonAcidOrcTbl2	
2024-04-24T00:48:44,397  INFO [main] metastore.HMSHandler: Skipping translation for processor with null
2024-04-24T00:48:44,397  INFO [main] HiveMetaStore.audit: ugi=alex	ip=unknown-ip-addr	cmd=get_table : tbl=hive.default.nonAcidOrcTbl2	
2024-04-24T00:48:44,410  INFO [main] metastore.HMSHandler: Skipping translation for processor with null
2024-04-24T00:48:44,411  INFO [main] HiveMetaStore.audit: ugi=alex	ip=unknown-ip-addr	cmd=drop_table : tbl=hive.default.nonAcidOrcTbl2	
2024-04-24T00:48:44,463  INFO [main] metadata.Hive: Dumping metastore api call timing information for : execution phase
2024-04-24T00:48:44,463  INFO [main] metadata.Hive: Total time spent in each metastore function (ms): {isCompatibleWith_(Configuration)=0, getTable_(GetTableRequest)=14, dropTable_(String, String, boolean, boolean, boolean)=65}
2024-04-24T00:48:44,463  INFO [main] ql.Driver: Completed executing command(queryId=alex_20240424004844_1442ee6c-0c00-44f8-ad28-7acf3e409572); Time taken: 0.081 seconds
2024-04-24T00:48:44,463  INFO [main] lockmgr.DbTxnManager: Stopped heartbeat for query: alex_20240424004844_1442ee6c-0c00-44f8-ad28-7acf3e409572
2024-04-24T00:48:44,468  INFO [main] txn.TxnHandler: Expected to move at least one record from txn_components to completed_txn_components when committing txn! txnid:25
2024-04-24T00:48:44,476  INFO [main] txn.TxnHandler: Removed transactions: ([25]) from MIN_HISTORY_LEVEL
2024-04-24T00:48:44,476  WARN [main] txn.CompactionTxnHandler: No compaction queue record found for Compaction type transaction commit. txnId:25
2024-04-24T00:48:44,477  INFO [main] ql.TxnCommandsBaseForTests: Running the query: drop table if exists nonAcidNonBucket
2024-04-24T00:48:44,477  INFO [main] ql.Driver: Compiling command(queryId=alex_20240424004844_f0630314-e495-4f15-a7ff-a64aa9aa6ff4): drop table if exists nonAcidNonBucket
2024-04-24T00:48:44,481  INFO [main] txn.TxnHandler: Added entries to MIN_HISTORY_LEVEL for current txns: ([26]) with min_open_txn: 21
2024-04-24T00:48:44,481  INFO [main] lockmgr.DbTxnManager: Opened txnid:26
2024-04-24T00:48:44,483  INFO [main] HiveMetaStore.audit: ugi=alex	ip=unknown-ip-addr	cmd=get_table : tbl=hive.default.nonAcidNonBucket	
2024-04-24T00:48:44,498  INFO [main] metastore.HMSHandler: Skipping translation for processor with null
2024-04-24T00:48:44,498  INFO [main] ql.Driver: Semantic Analysis Completed (retrial = false)
2024-04-24T00:48:44,498  INFO [main] ql.Driver: Created Hive schema: Schema(fieldSchemas:null, properties:null)
2024-04-24T00:48:44,498  INFO [main] metadata.Hive: Dumping metastore api call timing information for : compilation phase
2024-04-24T00:48:44,498  INFO [main] metadata.Hive: Total time spent in each metastore function (ms): {commitTxn_(CommitTxnRequest)=14, isCompatibleWith_(Configuration)=0, flushCache_()=0, getTable_(GetTableRequest)=16, getValidTxns_(long)=1, openTxn_(String, TxnType)=3}
2024-04-24T00:48:44,498  INFO [main] ql.Driver: Completed compiling command(queryId=alex_20240424004844_f0630314-e495-4f15-a7ff-a64aa9aa6ff4); Time taken: 0.021 seconds
2024-04-24T00:48:44,499  INFO [main] lockmgr.DbTxnManager: Setting lock request transaction to txnid:26 for queryId=alex_20240424004844_f0630314-e495-4f15-a7ff-a64aa9aa6ff4
2024-04-24T00:48:44,500  INFO [main] lockmgr.DbLockManager: Requesting lock for queryId=alex_20240424004844_f0630314-e495-4f15-a7ff-a64aa9aa6ff4
2024-04-24T00:48:44,520  INFO [main] lockmgr.DbLockManager: Response to queryId=alex_20240424004844_f0630314-e495-4f15-a7ff-a64aa9aa6ff4 LockResponse(lockid:16, state:ACQUIRED)
2024-04-24T00:48:44,520  INFO [main] ql.Driver: Operation DROPTABLE obtained 1 locks
2024-04-24T00:48:44,521  INFO [main] ql.Driver: Executing command(queryId=alex_20240424004844_f0630314-e495-4f15-a7ff-a64aa9aa6ff4): drop table if exists nonAcidNonBucket
2024-04-24T00:48:44,521  INFO [main] ql.Driver: Starting task [Stage-0:DDL] in serial mode
2024-04-24T00:48:44,521  INFO [main] HiveMetaStore.audit: ugi=alex	ip=unknown-ip-addr	cmd=get_table : tbl=hive.default.nonAcidNonBucket	
2024-04-24T00:48:44,535  INFO [main] metastore.HMSHandler: Skipping translation for processor with null
2024-04-24T00:48:44,535  INFO [main] HiveMetaStore.audit: ugi=alex	ip=unknown-ip-addr	cmd=get_table : tbl=hive.default.nonAcidNonBucket	
2024-04-24T00:48:44,549  INFO [main] metastore.HMSHandler: Skipping translation for processor with null
2024-04-24T00:48:44,549  INFO [main] HiveMetaStore.audit: ugi=alex	ip=unknown-ip-addr	cmd=drop_table : tbl=hive.default.nonAcidNonBucket	
2024-04-24T00:48:44,601  INFO [main] metadata.Hive: Dumping metastore api call timing information for : execution phase
2024-04-24T00:48:44,601  INFO [main] metadata.Hive: Total time spent in each metastore function (ms): {dropTable_(String, String, boolean, boolean, boolean)=66, isCompatibleWith_(Configuration)=0, getTable_(GetTableRequest)=14}
2024-04-24T00:48:44,602  INFO [main] ql.Driver: Completed executing command(queryId=alex_20240424004844_f0630314-e495-4f15-a7ff-a64aa9aa6ff4); Time taken: 0.081 seconds
2024-04-24T00:48:44,602  INFO [main] lockmgr.DbTxnManager: Stopped heartbeat for query: alex_20240424004844_f0630314-e495-4f15-a7ff-a64aa9aa6ff4
2024-04-24T00:48:44,607  INFO [main] txn.TxnHandler: Expected to move at least one record from txn_components to completed_txn_components when committing txn! txnid:26
2024-04-24T00:48:44,614  INFO [main] txn.TxnHandler: Removed transactions: ([26]) from MIN_HISTORY_LEVEL
2024-04-24T00:48:44,614  WARN [main] txn.CompactionTxnHandler: No compaction queue record found for Compaction type transaction commit. txnId:26
2024-04-24T00:48:44,614  INFO [main] utils.TestTxnDbUtil: Cleaning transactional tables
]]></system-err>
  </testcase>
  <testcase name="testDeleteEventPruningOff" classname="org.apache.hadoop.hive.ql.TestTxnCommands3" time="5.629">
    <error type="java.lang.RuntimeException"><![CDATA[java.lang.RuntimeException: delete from T where a = 1 failed: (responseCode = 40000, errorMessage = FAILED: NoMatchingMethodException No matching method for class org.apache.hadoop.hive.ql.udf.UDFToInteger with (struct<writeid:bigint,bucketid:int,rowid:bigint>). Possible choices: _FUNC_(bigint)  _FUNC_(boolean)  _FUNC_(decimal(38,18))  _FUNC_(double)  _FUNC_(float)  _FUNC_(smallint)  _FUNC_(string)  _FUNC_(struct<rowid:bigint,bucketid:int,writeid:bigint>)  _FUNC_(timestamp)  _FUNC_(tinyint)  _FUNC_(void)  , hiveErrorCode = 40000, SQLState = 42000, exception = No matching method for class org.apache.hadoop.hive.ql.udf.UDFToInteger with (struct<writeid:bigint,bucketid:int,rowid:bigint>). Possible choices: _FUNC_(bigint)  _FUNC_(boolean)  _FUNC_(decimal(38,18))  _FUNC_(double)  _FUNC_(float)  _FUNC_(smallint)  _FUNC_(string)  _FUNC_(struct<rowid:bigint,bucketid:int,writeid:bigint>)  _FUNC_(timestamp)  _FUNC_(tinyint)  _FUNC_(void)  )
	at org.apache.hadoop.hive.ql.TxnCommandsBaseForTests.runStatementOnDriver(TxnCommandsBaseForTests.java:247)
	at org.apache.hadoop.hive.ql.TestTxnCommands3.testDeleteEventPruning(TestTxnCommands3.java:167)
	at org.apache.hadoop.hive.ql.TestTxnCommands3.testDeleteEventPruningOff(TestTxnCommands3.java:143)
	at sun.reflect.NativeMethodAccessorImpl.invoke0(Native Method)
	at sun.reflect.NativeMethodAccessorImpl.invoke(NativeMethodAccessorImpl.java:62)
	at sun.reflect.DelegatingMethodAccessorImpl.invoke(DelegatingMethodAccessorImpl.java:43)
	at java.lang.reflect.Method.invoke(Method.java:498)
	at org.junit.runners.model.FrameworkMethod$1.runReflectiveCall(FrameworkMethod.java:59)
	at org.junit.internal.runners.model.ReflectiveCallable.run(ReflectiveCallable.java:12)
	at org.junit.runners.model.FrameworkMethod.invokeExplosively(FrameworkMethod.java:56)
	at org.junit.internal.runners.statements.InvokeMethod.evaluate(InvokeMethod.java:17)
	at org.junit.internal.runners.statements.RunBefores.evaluate(RunBefores.java:26)
	at org.junit.internal.runners.statements.RunAfters.evaluate(RunAfters.java:27)
	at org.junit.rules.TestWatcher$1.evaluate(TestWatcher.java:61)
	at org.junit.runners.ParentRunner$3.evaluate(ParentRunner.java:306)
	at org.junit.runners.BlockJUnit4ClassRunner$1.evaluate(BlockJUnit4ClassRunner.java:100)
	at org.junit.runners.ParentRunner.runLeaf(ParentRunner.java:366)
	at org.junit.runners.BlockJUnit4ClassRunner.runChild(BlockJUnit4ClassRunner.java:103)
	at org.junit.runners.BlockJUnit4ClassRunner.runChild(BlockJUnit4ClassRunner.java:63)
	at org.junit.runners.ParentRunner$4.run(ParentRunner.java:331)
	at org.junit.runners.ParentRunner$1.schedule(ParentRunner.java:79)
	at org.junit.runners.ParentRunner.runChildren(ParentRunner.java:329)
	at org.junit.runners.ParentRunner.access$100(ParentRunner.java:66)
	at org.junit.runners.ParentRunner$2.evaluate(ParentRunner.java:293)
	at org.junit.runners.ParentRunner$3.evaluate(ParentRunner.java:306)
	at org.junit.runners.ParentRunner.run(ParentRunner.java:413)
	at org.junit.runner.JUnitCore.run(JUnitCore.java:137)
	at org.junit.runner.JUnitCore.run(JUnitCore.java:115)
	at org.junit.vintage.engine.execution.RunnerExecutor.execute(RunnerExecutor.java:43)
	at java.util.stream.ForEachOps$ForEachOp$OfRef.accept(ForEachOps.java:183)
	at java.util.stream.ReferencePipeline$3$1.accept(ReferencePipeline.java:193)
	at java.util.Iterator.forEachRemaining(Iterator.java:116)
	at java.util.Spliterators$IteratorSpliterator.forEachRemaining(Spliterators.java:1801)
	at java.util.stream.AbstractPipeline.copyInto(AbstractPipeline.java:482)
	at java.util.stream.AbstractPipeline.wrapAndCopyInto(AbstractPipeline.java:472)
	at java.util.stream.ForEachOps$ForEachOp.evaluateSequential(ForEachOps.java:150)
	at java.util.stream.ForEachOps$ForEachOp$OfRef.evaluateSequential(ForEachOps.java:173)
	at java.util.stream.AbstractPipeline.evaluate(AbstractPipeline.java:234)
	at java.util.stream.ReferencePipeline.forEach(ReferencePipeline.java:485)
	at org.junit.vintage.engine.VintageTestEngine.executeAllChildren(VintageTestEngine.java:82)
	at org.junit.vintage.engine.VintageTestEngine.execute(VintageTestEngine.java:73)
	at org.junit.platform.launcher.core.DefaultLauncher.execute(DefaultLauncher.java:248)
	at org.junit.platform.launcher.core.DefaultLauncher.lambda$execute$5(DefaultLauncher.java:211)
	at org.junit.platform.launcher.core.DefaultLauncher.withInterceptedStreams(DefaultLauncher.java:226)
	at org.junit.platform.launcher.core.DefaultLauncher.execute(DefaultLauncher.java:199)
	at org.junit.platform.launcher.core.DefaultLauncher.execute(DefaultLauncher.java:132)
	at org.apache.maven.surefire.junitplatform.JUnitPlatformProvider.invokeAllTests(JUnitPlatformProvider.java:154)
	at org.apache.maven.surefire.junitplatform.JUnitPlatformProvider.invoke(JUnitPlatformProvider.java:123)
	at org.apache.maven.surefire.booter.ForkedBooter.runSuitesInProcess(ForkedBooter.java:377)
	at org.apache.maven.surefire.booter.ForkedBooter.execute(ForkedBooter.java:138)
	at org.apache.maven.surefire.booter.ForkedBooter.run(ForkedBooter.java:465)
	at org.apache.maven.surefire.booter.ForkedBooter.main(ForkedBooter.java:451)
]]></error>
    <system-err><![CDATA[2024-04-24T00:48:44,714  WARN [main] conf.HiveConf: HiveConf of name hive.llap.io.cache.orc.size does not exist
2024-04-24T00:48:44,714  WARN [main] conf.HiveConf: HiveConf of name hive.dummyparam.test.server.specific.config.override does not exist
2024-04-24T00:48:44,714  WARN [main] conf.HiveConf: HiveConf of name hive.metastore.client.cache.recordStats does not exist
2024-04-24T00:48:44,714  WARN [main] conf.HiveConf: HiveConf of name hive.dummyparam.test.server.specific.config.metastoresite does not exist
2024-04-24T00:48:44,714  WARN [main] conf.HiveConf: HiveConf of name hive.llap.io.cache.orc.alloc.min does not exist
2024-04-24T00:48:44,714  WARN [main] conf.HiveConf: HiveConf of name hive.dummyparam.test.server.specific.config.hivesite does not exist
2024-04-24T00:48:44,714  WARN [main] conf.HiveConf: HiveConf of name hive.llap.io.cache.orc.arena.size does not exist
2024-04-24T00:48:44,714  WARN [main] conf.HiveConf: HiveConf of name hive.metastore.client.cache.maxSize does not exist
2024-04-24T00:48:44,714  WARN [main] conf.HiveConf: HiveConf of name hive.stats.key.prefix.reserve.length does not exist
2024-04-24T00:48:44,715  WARN [main] conf.HiveConf: HiveConf of name hive.metastore.metadb.dir does not exist
2024-04-24T00:48:44,715  WARN [main] conf.HiveConf: HiveConf of name hive.llap.io.cache.orc.alloc.max does not exist
2024-04-24T00:48:44,717  INFO [main] utils.TestTxnDbUtil: Creating transactional tables
Hive Session ID = 5a24cdd8-45f9-4b5f-bc90-9fcec7eb9602
2024-04-24T00:48:44,719  INFO [main] SessionState: Hive Session ID = 5a24cdd8-45f9-4b5f-bc90-9fcec7eb9602
ivysettings.xml file not found in HIVE_HOME or HIVE_CONF_DIR,/home/alex/Repositories/hive/conf/ivysettings.xml will be used
2024-04-24T00:48:44,719  INFO [main] DependencyResolver: ivysettings.xml file not found in HIVE_HOME or HIVE_CONF_DIR,/home/alex/Repositories/hive/conf/ivysettings.xml will be used
2024-04-24T00:48:44,725  INFO [main] session.SessionState: Created HDFS directory: /home/alex/Repositories/hive/ql/target/tmp/scratchdir/alex/5a24cdd8-45f9-4b5f-bc90-9fcec7eb9602
2024-04-24T00:48:44,728  INFO [main] session.SessionState: Created local directory: /home/alex/Repositories/hive/ql/target/tmp/localscratchdir/5a24cdd8-45f9-4b5f-bc90-9fcec7eb9602
2024-04-24T00:48:44,730  INFO [main] session.SessionState: Created HDFS directory: /home/alex/Repositories/hive/ql/target/tmp/scratchdir/alex/5a24cdd8-45f9-4b5f-bc90-9fcec7eb9602/_tmp_space.db
2024-04-24T00:48:44,731  INFO [main] sqlstd.SQLStdHiveAccessController: Created SQLStdHiveAccessController for session context : HiveAuthzSessionContext [sessionString=5a24cdd8-45f9-4b5f-bc90-9fcec7eb9602, clientType=HIVECLI]
2024-04-24T00:48:44,731  INFO [main] ql.TxnCommandsBaseForTests: Running the query: drop table if exists acidTbl
2024-04-24T00:48:44,732  INFO [main] ql.Driver: Compiling command(queryId=alex_20240424004844_b49aa7de-03dc-45ba-8fe5-c774bb0f7f69): drop table if exists acidTbl
2024-04-24T00:48:44,742  INFO [main] txn.TxnHandler: Added entries to MIN_HISTORY_LEVEL for current txns: ([1]) with min_open_txn: 1
2024-04-24T00:48:44,742  INFO [main] lockmgr.DbTxnManager: Opened txnid:1
2024-04-24T00:48:44,745  INFO [main] HiveMetaStore.audit: ugi=alex	ip=unknown-ip-addr	cmd=get_table : tbl=hive.default.acidTbl	
2024-04-24T00:48:44,751  INFO [main] ql.Driver: Semantic Analysis Completed (retrial = false)
2024-04-24T00:48:44,751  INFO [main] ql.Driver: Created Hive schema: Schema(fieldSchemas:null, properties:null)
2024-04-24T00:48:44,751  INFO [main] metadata.Hive: Dumping metastore api call timing information for : compilation phase
2024-04-24T00:48:44,751  INFO [main] metadata.Hive: Total time spent in each metastore function (ms): {getValidTxns_(long)=3, openTxn_(String, TxnType)=10, commitTxn_(CommitTxnRequest)=12, isCompatibleWith_(Configuration)=0, flushCache_()=0}
2024-04-24T00:48:44,751  INFO [main] ql.Driver: Completed compiling command(queryId=alex_20240424004844_b49aa7de-03dc-45ba-8fe5-c774bb0f7f69); Time taken: 0.019 seconds
2024-04-24T00:48:44,752  INFO [main] lockmgr.DbTxnManager: Setting lock request transaction to txnid:1 for queryId=alex_20240424004844_b49aa7de-03dc-45ba-8fe5-c774bb0f7f69
2024-04-24T00:48:44,752  INFO [main] ql.Driver: Operation DROPTABLE obtained 0 locks
2024-04-24T00:48:44,752  INFO [main] ql.Driver: Executing command(queryId=alex_20240424004844_b49aa7de-03dc-45ba-8fe5-c774bb0f7f69): drop table if exists acidTbl
2024-04-24T00:48:44,752  INFO [main] ql.Driver: Starting task [Stage-0:DDL] in serial mode
2024-04-24T00:48:44,753  INFO [main] HiveMetaStore.audit: ugi=alex	ip=unknown-ip-addr	cmd=get_table : tbl=hive.default.acidTbl	
2024-04-24T00:48:44,757  INFO [main] metadata.Hive: Dumping metastore api call timing information for : execution phase
2024-04-24T00:48:44,757  INFO [main] metadata.Hive: Total time spent in each metastore function (ms): {isCompatibleWith_(Configuration)=1}
2024-04-24T00:48:44,757  INFO [main] ql.Driver: Completed executing command(queryId=alex_20240424004844_b49aa7de-03dc-45ba-8fe5-c774bb0f7f69); Time taken: 0.005 seconds
2024-04-24T00:48:44,757  INFO [main] lockmgr.DbTxnManager: Stopped heartbeat for query: alex_20240424004844_b49aa7de-03dc-45ba-8fe5-c774bb0f7f69
2024-04-24T00:48:44,764  INFO [main] txn.TxnHandler: Expected to move at least one record from txn_components to completed_txn_components when committing txn! txnid:1
2024-04-24T00:48:44,772  INFO [main] txn.TxnHandler: Removed transactions: ([1]) from MIN_HISTORY_LEVEL
2024-04-24T00:48:44,772  WARN [main] txn.CompactionTxnHandler: No compaction queue record found for Compaction type transaction commit. txnId:1
2024-04-24T00:48:44,773  INFO [main] ql.TxnCommandsBaseForTests: Running the query: drop table if exists acidTblPart
2024-04-24T00:48:44,774  INFO [main] ql.Driver: Compiling command(queryId=alex_20240424004844_62f088b6-7d04-4644-96a8-65a7840ffd2b): drop table if exists acidTblPart
2024-04-24T00:48:44,776  INFO [main] txn.TxnHandler: Added entries to MIN_HISTORY_LEVEL for current txns: ([2]) with min_open_txn: 1
2024-04-24T00:48:44,777  INFO [main] lockmgr.DbTxnManager: Opened txnid:2
2024-04-24T00:48:44,777  INFO [main] HiveMetaStore.audit: ugi=alex	ip=unknown-ip-addr	cmd=get_table : tbl=hive.default.acidTblPart	
2024-04-24T00:48:44,782  INFO [main] ql.Driver: Semantic Analysis Completed (retrial = false)
2024-04-24T00:48:44,782  INFO [main] ql.Driver: Created Hive schema: Schema(fieldSchemas:null, properties:null)
2024-04-24T00:48:44,782  INFO [main] metadata.Hive: Dumping metastore api call timing information for : compilation phase
2024-04-24T00:48:44,782  INFO [main] metadata.Hive: Total time spent in each metastore function (ms): {getValidTxns_(long)=0, isCompatibleWith_(Configuration)=0, flushCache_()=0, openTxn_(String, TxnType)=3, commitTxn_(CommitTxnRequest)=16}
2024-04-24T00:48:44,782  INFO [main] ql.Driver: Completed compiling command(queryId=alex_20240424004844_62f088b6-7d04-4644-96a8-65a7840ffd2b); Time taken: 0.008 seconds
2024-04-24T00:48:44,782  INFO [main] lockmgr.DbTxnManager: Setting lock request transaction to txnid:2 for queryId=alex_20240424004844_62f088b6-7d04-4644-96a8-65a7840ffd2b
2024-04-24T00:48:44,782  INFO [main] ql.Driver: Operation DROPTABLE obtained 0 locks
2024-04-24T00:48:44,782  INFO [main] ql.Driver: Executing command(queryId=alex_20240424004844_62f088b6-7d04-4644-96a8-65a7840ffd2b): drop table if exists acidTblPart
2024-04-24T00:48:44,782  INFO [main] ql.Driver: Starting task [Stage-0:DDL] in serial mode
2024-04-24T00:48:44,783  INFO [main] HiveMetaStore.audit: ugi=alex	ip=unknown-ip-addr	cmd=get_table : tbl=hive.default.acidTblPart	
2024-04-24T00:48:44,786  INFO [main] metadata.Hive: Dumping metastore api call timing information for : execution phase
2024-04-24T00:48:44,786  INFO [main] metadata.Hive: Total time spent in each metastore function (ms): {isCompatibleWith_(Configuration)=0}
2024-04-24T00:48:44,787  INFO [main] ql.Driver: Completed executing command(queryId=alex_20240424004844_62f088b6-7d04-4644-96a8-65a7840ffd2b); Time taken: 0.004 seconds
2024-04-24T00:48:44,787  INFO [main] lockmgr.DbTxnManager: Stopped heartbeat for query: alex_20240424004844_62f088b6-7d04-4644-96a8-65a7840ffd2b
2024-04-24T00:48:44,792  INFO [main] txn.TxnHandler: Expected to move at least one record from txn_components to completed_txn_components when committing txn! txnid:2
2024-04-24T00:48:44,800  INFO [main] txn.TxnHandler: Removed transactions: ([2]) from MIN_HISTORY_LEVEL
2024-04-24T00:48:44,800  WARN [main] txn.CompactionTxnHandler: No compaction queue record found for Compaction type transaction commit. txnId:2
2024-04-24T00:48:44,801  INFO [main] ql.TxnCommandsBaseForTests: Running the query: drop table if exists acidTbl2
2024-04-24T00:48:44,802  INFO [main] ql.Driver: Compiling command(queryId=alex_20240424004844_61397704-0609-4255-98f8-75e12fb03589): drop table if exists acidTbl2
2024-04-24T00:48:44,805  INFO [main] txn.TxnHandler: Added entries to MIN_HISTORY_LEVEL for current txns: ([3]) with min_open_txn: 1
2024-04-24T00:48:44,806  INFO [main] lockmgr.DbTxnManager: Opened txnid:3
2024-04-24T00:48:44,807  INFO [main] HiveMetaStore.audit: ugi=alex	ip=unknown-ip-addr	cmd=get_table : tbl=hive.default.acidTbl2	
2024-04-24T00:48:44,810  INFO [main] ql.Driver: Semantic Analysis Completed (retrial = false)
2024-04-24T00:48:44,810  INFO [main] ql.Driver: Created Hive schema: Schema(fieldSchemas:null, properties:null)
2024-04-24T00:48:44,810  INFO [main] metadata.Hive: Dumping metastore api call timing information for : compilation phase
2024-04-24T00:48:44,810  INFO [main] metadata.Hive: Total time spent in each metastore function (ms): {flushCache_()=0, isCompatibleWith_(Configuration)=0, getValidTxns_(long)=0, commitTxn_(CommitTxnRequest)=14, openTxn_(String, TxnType)=3}
2024-04-24T00:48:44,811  INFO [main] ql.Driver: Completed compiling command(queryId=alex_20240424004844_61397704-0609-4255-98f8-75e12fb03589); Time taken: 0.008 seconds
2024-04-24T00:48:44,811  INFO [main] lockmgr.DbTxnManager: Setting lock request transaction to txnid:3 for queryId=alex_20240424004844_61397704-0609-4255-98f8-75e12fb03589
2024-04-24T00:48:44,811  INFO [main] ql.Driver: Operation DROPTABLE obtained 0 locks
2024-04-24T00:48:44,811  INFO [main] ql.Driver: Executing command(queryId=alex_20240424004844_61397704-0609-4255-98f8-75e12fb03589): drop table if exists acidTbl2
2024-04-24T00:48:44,811  INFO [main] ql.Driver: Starting task [Stage-0:DDL] in serial mode
2024-04-24T00:48:44,812  INFO [main] HiveMetaStore.audit: ugi=alex	ip=unknown-ip-addr	cmd=get_table : tbl=hive.default.acidTbl2	
2024-04-24T00:48:44,816  INFO [main] metadata.Hive: Dumping metastore api call timing information for : execution phase
2024-04-24T00:48:44,816  INFO [main] metadata.Hive: Total time spent in each metastore function (ms): {isCompatibleWith_(Configuration)=0}
2024-04-24T00:48:44,816  INFO [main] ql.Driver: Completed executing command(queryId=alex_20240424004844_61397704-0609-4255-98f8-75e12fb03589); Time taken: 0.005 seconds
2024-04-24T00:48:44,816  INFO [main] lockmgr.DbTxnManager: Stopped heartbeat for query: alex_20240424004844_61397704-0609-4255-98f8-75e12fb03589
2024-04-24T00:48:44,823  INFO [main] txn.TxnHandler: Expected to move at least one record from txn_components to completed_txn_components when committing txn! txnid:3
2024-04-24T00:48:44,831  INFO [main] txn.TxnHandler: Removed transactions: ([3]) from MIN_HISTORY_LEVEL
2024-04-24T00:48:44,831  WARN [main] txn.CompactionTxnHandler: No compaction queue record found for Compaction type transaction commit. txnId:3
2024-04-24T00:48:44,832  INFO [main] ql.TxnCommandsBaseForTests: Running the query: drop table if exists nonAcidOrcTbl
2024-04-24T00:48:44,833  INFO [main] ql.Driver: Compiling command(queryId=alex_20240424004844_1e1f6131-12e5-4f5e-901c-6373b0e1e99b): drop table if exists nonAcidOrcTbl
2024-04-24T00:48:44,836  INFO [main] txn.TxnHandler: Added entries to MIN_HISTORY_LEVEL for current txns: ([4]) with min_open_txn: 1
2024-04-24T00:48:44,836  INFO [main] lockmgr.DbTxnManager: Opened txnid:4
2024-04-24T00:48:44,837  INFO [main] HiveMetaStore.audit: ugi=alex	ip=unknown-ip-addr	cmd=get_table : tbl=hive.default.nonAcidOrcTbl	
2024-04-24T00:48:44,841  INFO [main] ql.Driver: Semantic Analysis Completed (retrial = false)
2024-04-24T00:48:44,841  INFO [main] ql.Driver: Created Hive schema: Schema(fieldSchemas:null, properties:null)
2024-04-24T00:48:44,841  INFO [main] metadata.Hive: Dumping metastore api call timing information for : compilation phase
2024-04-24T00:48:44,841  INFO [main] metadata.Hive: Total time spent in each metastore function (ms): {openTxn_(String, TxnType)=3, commitTxn_(CommitTxnRequest)=15, getValidTxns_(long)=1, isCompatibleWith_(Configuration)=0, flushCache_()=0}
2024-04-24T00:48:44,841  INFO [main] ql.Driver: Completed compiling command(queryId=alex_20240424004844_1e1f6131-12e5-4f5e-901c-6373b0e1e99b); Time taken: 0.008 seconds
2024-04-24T00:48:44,842  INFO [main] lockmgr.DbTxnManager: Setting lock request transaction to txnid:4 for queryId=alex_20240424004844_1e1f6131-12e5-4f5e-901c-6373b0e1e99b
2024-04-24T00:48:44,842  INFO [main] ql.Driver: Operation DROPTABLE obtained 0 locks
2024-04-24T00:48:44,842  INFO [main] ql.Driver: Executing command(queryId=alex_20240424004844_1e1f6131-12e5-4f5e-901c-6373b0e1e99b): drop table if exists nonAcidOrcTbl
2024-04-24T00:48:44,842  INFO [main] ql.Driver: Starting task [Stage-0:DDL] in serial mode
2024-04-24T00:48:44,842  INFO [main] HiveMetaStore.audit: ugi=alex	ip=unknown-ip-addr	cmd=get_table : tbl=hive.default.nonAcidOrcTbl	
2024-04-24T00:48:44,848  INFO [main] metadata.Hive: Dumping metastore api call timing information for : execution phase
2024-04-24T00:48:44,848  INFO [main] metadata.Hive: Total time spent in each metastore function (ms): {isCompatibleWith_(Configuration)=0}
2024-04-24T00:48:44,848  INFO [main] ql.Driver: Completed executing command(queryId=alex_20240424004844_1e1f6131-12e5-4f5e-901c-6373b0e1e99b); Time taken: 0.006 seconds
2024-04-24T00:48:44,848  INFO [main] lockmgr.DbTxnManager: Stopped heartbeat for query: alex_20240424004844_1e1f6131-12e5-4f5e-901c-6373b0e1e99b
2024-04-24T00:48:44,856  INFO [main] txn.TxnHandler: Expected to move at least one record from txn_components to completed_txn_components when committing txn! txnid:4
2024-04-24T00:48:44,865  INFO [main] txn.TxnHandler: Removed transactions: ([4]) from MIN_HISTORY_LEVEL
2024-04-24T00:48:44,865  WARN [main] txn.CompactionTxnHandler: No compaction queue record found for Compaction type transaction commit. txnId:4
2024-04-24T00:48:44,866  INFO [main] ql.TxnCommandsBaseForTests: Running the query: drop table if exists nonAcidOrcTbl2
2024-04-24T00:48:44,867  INFO [main] ql.Driver: Compiling command(queryId=alex_20240424004844_9b928b9a-f6c7-4a81-bad3-1bca93a04063): drop table if exists nonAcidOrcTbl2
2024-04-24T00:48:44,871  INFO [main] txn.TxnHandler: Added entries to MIN_HISTORY_LEVEL for current txns: ([5]) with min_open_txn: 1
2024-04-24T00:48:44,871  INFO [main] lockmgr.DbTxnManager: Opened txnid:5
2024-04-24T00:48:44,872  INFO [main] HiveMetaStore.audit: ugi=alex	ip=unknown-ip-addr	cmd=get_table : tbl=hive.default.nonAcidOrcTbl2	
2024-04-24T00:48:44,877  INFO [main] ql.Driver: Semantic Analysis Completed (retrial = false)
2024-04-24T00:48:44,877  INFO [main] ql.Driver: Created Hive schema: Schema(fieldSchemas:null, properties:null)
2024-04-24T00:48:44,878  INFO [main] metadata.Hive: Dumping metastore api call timing information for : compilation phase
2024-04-24T00:48:44,878  INFO [main] metadata.Hive: Total time spent in each metastore function (ms): {getValidTxns_(long)=0, commitTxn_(CommitTxnRequest)=18, isCompatibleWith_(Configuration)=0, flushCache_()=0, openTxn_(String, TxnType)=3}
2024-04-24T00:48:44,878  INFO [main] ql.Driver: Completed compiling command(queryId=alex_20240424004844_9b928b9a-f6c7-4a81-bad3-1bca93a04063); Time taken: 0.01 seconds
2024-04-24T00:48:44,878  INFO [main] lockmgr.DbTxnManager: Setting lock request transaction to txnid:5 for queryId=alex_20240424004844_9b928b9a-f6c7-4a81-bad3-1bca93a04063
2024-04-24T00:48:44,878  INFO [main] ql.Driver: Operation DROPTABLE obtained 0 locks
2024-04-24T00:48:44,878  INFO [main] ql.Driver: Executing command(queryId=alex_20240424004844_9b928b9a-f6c7-4a81-bad3-1bca93a04063): drop table if exists nonAcidOrcTbl2
2024-04-24T00:48:44,878  INFO [main] ql.Driver: Starting task [Stage-0:DDL] in serial mode
2024-04-24T00:48:44,879  INFO [main] HiveMetaStore.audit: ugi=alex	ip=unknown-ip-addr	cmd=get_table : tbl=hive.default.nonAcidOrcTbl2	
2024-04-24T00:48:44,883  INFO [main] metadata.Hive: Dumping metastore api call timing information for : execution phase
2024-04-24T00:48:44,883  INFO [main] metadata.Hive: Total time spent in each metastore function (ms): {isCompatibleWith_(Configuration)=1}
2024-04-24T00:48:44,884  INFO [main] ql.Driver: Completed executing command(queryId=alex_20240424004844_9b928b9a-f6c7-4a81-bad3-1bca93a04063); Time taken: 0.005 seconds
2024-04-24T00:48:44,884  INFO [main] lockmgr.DbTxnManager: Stopped heartbeat for query: alex_20240424004844_9b928b9a-f6c7-4a81-bad3-1bca93a04063
2024-04-24T00:48:44,891  INFO [main] txn.TxnHandler: Expected to move at least one record from txn_components to completed_txn_components when committing txn! txnid:5
2024-04-24T00:48:44,899  INFO [main] txn.TxnHandler: Removed transactions: ([5]) from MIN_HISTORY_LEVEL
2024-04-24T00:48:44,899  WARN [main] txn.CompactionTxnHandler: No compaction queue record found for Compaction type transaction commit. txnId:5
2024-04-24T00:48:44,900  INFO [main] ql.TxnCommandsBaseForTests: Running the query: drop table if exists nonAcidNonBucket
2024-04-24T00:48:44,901  INFO [main] ql.Driver: Compiling command(queryId=alex_20240424004844_8ca0c54f-448f-4c77-a70d-57cd83a05de9): drop table if exists nonAcidNonBucket
2024-04-24T00:48:44,904  INFO [main] txn.TxnHandler: Added entries to MIN_HISTORY_LEVEL for current txns: ([6]) with min_open_txn: 1
2024-04-24T00:48:44,904  INFO [main] lockmgr.DbTxnManager: Opened txnid:6
2024-04-24T00:48:44,905  INFO [main] HiveMetaStore.audit: ugi=alex	ip=unknown-ip-addr	cmd=get_table : tbl=hive.default.nonAcidNonBucket	
2024-04-24T00:48:44,909  INFO [main] ql.Driver: Semantic Analysis Completed (retrial = false)
2024-04-24T00:48:44,909  INFO [main] ql.Driver: Created Hive schema: Schema(fieldSchemas:null, properties:null)
2024-04-24T00:48:44,909  INFO [main] metadata.Hive: Dumping metastore api call timing information for : compilation phase
2024-04-24T00:48:44,909  INFO [main] metadata.Hive: Total time spent in each metastore function (ms): {commitTxn_(CommitTxnRequest)=16, isCompatibleWith_(Configuration)=0, getValidTxns_(long)=1, flushCache_()=0, openTxn_(String, TxnType)=3}
2024-04-24T00:48:44,910  INFO [main] ql.Driver: Completed compiling command(queryId=alex_20240424004844_8ca0c54f-448f-4c77-a70d-57cd83a05de9); Time taken: 0.009 seconds
2024-04-24T00:48:44,910  INFO [main] lockmgr.DbTxnManager: Setting lock request transaction to txnid:6 for queryId=alex_20240424004844_8ca0c54f-448f-4c77-a70d-57cd83a05de9
2024-04-24T00:48:44,910  INFO [main] ql.Driver: Operation DROPTABLE obtained 0 locks
2024-04-24T00:48:44,910  INFO [main] ql.Driver: Executing command(queryId=alex_20240424004844_8ca0c54f-448f-4c77-a70d-57cd83a05de9): drop table if exists nonAcidNonBucket
2024-04-24T00:48:44,910  INFO [main] ql.Driver: Starting task [Stage-0:DDL] in serial mode
2024-04-24T00:48:44,911  INFO [main] HiveMetaStore.audit: ugi=alex	ip=unknown-ip-addr	cmd=get_table : tbl=hive.default.nonAcidNonBucket	
2024-04-24T00:48:44,915  INFO [main] metadata.Hive: Dumping metastore api call timing information for : execution phase
2024-04-24T00:48:44,915  INFO [main] metadata.Hive: Total time spent in each metastore function (ms): {isCompatibleWith_(Configuration)=1}
2024-04-24T00:48:44,915  INFO [main] ql.Driver: Completed executing command(queryId=alex_20240424004844_8ca0c54f-448f-4c77-a70d-57cd83a05de9); Time taken: 0.005 seconds
2024-04-24T00:48:44,915  INFO [main] lockmgr.DbTxnManager: Stopped heartbeat for query: alex_20240424004844_8ca0c54f-448f-4c77-a70d-57cd83a05de9
2024-04-24T00:48:44,922  INFO [main] txn.TxnHandler: Expected to move at least one record from txn_components to completed_txn_components when committing txn! txnid:6
2024-04-24T00:48:44,930  INFO [main] txn.TxnHandler: Removed transactions: ([6]) from MIN_HISTORY_LEVEL
2024-04-24T00:48:44,930  WARN [main] txn.CompactionTxnHandler: No compaction queue record found for Compaction type transaction commit. txnId:6
2024-04-24T00:48:44,930  INFO [main] ql.TxnCommandsBaseForTests: Running the query: create table acidTbl(a int, b int) clustered by (a) into 2 buckets stored as orc TBLPROPERTIES ('transactional'='true')
2024-04-24T00:48:44,931  INFO [main] ql.Driver: Compiling command(queryId=alex_20240424004844_ba2195b6-1ca9-4f8d-9ed2-7a9d56229eae): create table acidTbl(a int, b int) clustered by (a) into 2 buckets stored as orc TBLPROPERTIES ('transactional'='true')
2024-04-24T00:48:44,934  INFO [main] txn.TxnHandler: Added entries to MIN_HISTORY_LEVEL for current txns: ([7]) with min_open_txn: 1
2024-04-24T00:48:44,935  INFO [main] lockmgr.DbTxnManager: Opened txnid:7
2024-04-24T00:48:44,935  INFO [main] parse.CalcitePlanner: Starting caching scope for: 
2024-04-24T00:48:44,936  INFO [main] parse.CalcitePlanner: Starting Semantic Analysis
2024-04-24T00:48:44,942  INFO [main] parse.CalcitePlanner: Creating table default.acidTbl position=13
2024-04-24T00:48:44,943  INFO [main] HiveMetaStore.audit: ugi=alex	ip=unknown-ip-addr	cmd=get_database: default	
2024-04-24T00:48:44,945  INFO [main] parse.CalcitePlanner: Ending caching scope for: 
2024-04-24T00:48:44,945  INFO [main] ql.Driver: Semantic Analysis Completed (retrial = false)
2024-04-24T00:48:44,945  INFO [main] ql.Driver: Created Hive schema: Schema(fieldSchemas:null, properties:null)
2024-04-24T00:48:44,945  INFO [main] metadata.Hive: Dumping metastore api call timing information for : compilation phase
2024-04-24T00:48:44,945  INFO [main] metadata.Hive: Total time spent in each metastore function (ms): {isCompatibleWith_(Configuration)=0, openTxn_(String, TxnType)=3, commitTxn_(CommitTxnRequest)=14, flushCache_()=0, getValidTxns_(long)=0, getDatabase_(String)=2, getValidWriteIds_(List, String)=6}
2024-04-24T00:48:44,946  INFO [main] ql.Driver: Completed compiling command(queryId=alex_20240424004844_ba2195b6-1ca9-4f8d-9ed2-7a9d56229eae); Time taken: 0.014 seconds
2024-04-24T00:48:44,946  INFO [main] lockmgr.DbTxnManager: Setting lock request transaction to txnid:7 for queryId=alex_20240424004844_ba2195b6-1ca9-4f8d-9ed2-7a9d56229eae
2024-04-24T00:48:44,947  INFO [main] lockmgr.DbLockManager: Requesting lock for queryId=alex_20240424004844_ba2195b6-1ca9-4f8d-9ed2-7a9d56229eae
2024-04-24T00:48:44,972  INFO [main] lockmgr.DbLockManager: Response to queryId=alex_20240424004844_ba2195b6-1ca9-4f8d-9ed2-7a9d56229eae LockResponse(lockid:1, state:ACQUIRED)
2024-04-24T00:48:44,972  INFO [main] ql.Driver: Operation CREATETABLE obtained 1 locks
2024-04-24T00:48:44,973  INFO [main] ql.Driver: Executing command(queryId=alex_20240424004844_ba2195b6-1ca9-4f8d-9ed2-7a9d56229eae): create table acidTbl(a int, b int) clustered by (a) into 2 buckets stored as orc TBLPROPERTIES ('transactional'='true')
2024-04-24T00:48:44,974  INFO [main] ql.Driver: Starting task [Stage-0:DDL] in serial mode
2024-04-24T00:48:44,975  INFO [main] HiveMetaStore.audit: ugi=alex	ip=unknown-ip-addr	cmd=create_table_req: Table(tableName:acidTbl, dbName:default, owner:alex, createTime:1713944924, lastAccessTime:0, retention:0, sd:StorageDescriptor(cols:[FieldSchema(name:a, type:int, comment:null), FieldSchema(name:b, type:int, comment:null)], location:null, inputFormat:org.apache.hadoop.hive.ql.io.orc.OrcInputFormat, outputFormat:org.apache.hadoop.hive.ql.io.orc.OrcOutputFormat, compressed:false, numBuckets:2, serdeInfo:SerDeInfo(name:null, serializationLib:org.apache.hadoop.hive.ql.io.orc.OrcSerde, parameters:{serialization.format=1}), bucketCols:[a], sortCols:[], parameters:{}, skewedInfo:SkewedInfo(skewedColNames:[], skewedColValues:[], skewedColValueLocationMaps:{}), storedAsSubDirectories:false), partitionKeys:[], parameters:{numRows=0, totalSize=0, numFilesErasureCoded=0, COLUMN_STATS_ACCURATE={"BASIC_STATS":"true","COLUMN_STATS":{"a":"true","b":"true"}}, bucketing_version=2, numFiles=0, transactional=true, rawDataSize=0}, viewOriginalText:null, viewExpandedText:null, tableType:MANAGED_TABLE, privileges:PrincipalPrivilegeSet(userPrivileges:{alex=[PrivilegeGrantInfo(privilege:INSERT, createTime:-1, grantor:alex, grantorType:USER, grantOption:true), PrivilegeGrantInfo(privilege:SELECT, createTime:-1, grantor:alex, grantorType:USER, grantOption:true), PrivilegeGrantInfo(privilege:UPDATE, createTime:-1, grantor:alex, grantorType:USER, grantOption:true), PrivilegeGrantInfo(privilege:DELETE, createTime:-1, grantor:alex, grantorType:USER, grantOption:true)]}, groupPrivileges:null, rolePrivileges:null), temporary:false, catName:hive, ownerType:USER, writeId:0)	
2024-04-24T00:48:44,983  INFO [main] utils.FileUtils: Creating directory if it doesn't exist: file:/home/alex/Repositories/hive/ql/target/tmp/org.apache.hadoop.hive.ql.TestTxnCommands3-1713944903826/warehouse/acidtbl
2024-04-24T00:48:45,032  INFO [main] metadata.Hive: Dumping metastore api call timing information for : execution phase
2024-04-24T00:48:45,032  INFO [main] metadata.Hive: Total time spent in each metastore function (ms): {createTable_(Table)=58, isCompatibleWith_(Configuration)=0}
2024-04-24T00:48:45,032  INFO [main] ql.Driver: Completed executing command(queryId=alex_20240424004844_ba2195b6-1ca9-4f8d-9ed2-7a9d56229eae); Time taken: 0.059 seconds
2024-04-24T00:48:45,032  INFO [main] lockmgr.DbTxnManager: Stopped heartbeat for query: alex_20240424004844_ba2195b6-1ca9-4f8d-9ed2-7a9d56229eae
2024-04-24T00:48:45,038  INFO [main] txn.TxnHandler: Expected to move at least one record from txn_components to completed_txn_components when committing txn! txnid:7
2024-04-24T00:48:45,045  INFO [main] txn.TxnHandler: Removed transactions: ([7]) from MIN_HISTORY_LEVEL
2024-04-24T00:48:45,046  WARN [main] txn.CompactionTxnHandler: No compaction queue record found for Compaction type transaction commit. txnId:7
2024-04-24T00:48:45,046  INFO [main] ql.TxnCommandsBaseForTests: Running the query: create table acidTblPart(a int, b int) partitioned by (p string) clustered by (a) into 2 buckets stored as orc TBLPROPERTIES ('transactional'='true')
2024-04-24T00:48:45,047  INFO [main] ql.Driver: Compiling command(queryId=alex_20240424004845_2fa97942-d06c-485d-815e-dd2f5fa3e5be): create table acidTblPart(a int, b int) partitioned by (p string) clustered by (a) into 2 buckets stored as orc TBLPROPERTIES ('transactional'='true')
2024-04-24T00:48:45,060  INFO [main] txn.TxnHandler: Added entries to MIN_HISTORY_LEVEL for current txns: ([8]) with min_open_txn: 1
2024-04-24T00:48:45,061  INFO [main] lockmgr.DbTxnManager: Opened txnid:8
2024-04-24T00:48:45,064  INFO [main] parse.CalcitePlanner: Starting caching scope for: 
2024-04-24T00:48:45,065  INFO [main] parse.CalcitePlanner: Starting Semantic Analysis
2024-04-24T00:48:45,069  INFO [main] parse.CalcitePlanner: Creating table default.acidTblPart position=13
2024-04-24T00:48:45,069  INFO [main] HiveMetaStore.audit: ugi=alex	ip=unknown-ip-addr	cmd=get_database: default	
2024-04-24T00:48:45,072  INFO [main] parse.CalcitePlanner: Ending caching scope for: 
2024-04-24T00:48:45,072  INFO [main] ql.Driver: Semantic Analysis Completed (retrial = false)
2024-04-24T00:48:45,072  INFO [main] ql.Driver: Created Hive schema: Schema(fieldSchemas:null, properties:null)
2024-04-24T00:48:45,072  INFO [main] metadata.Hive: Dumping metastore api call timing information for : compilation phase
2024-04-24T00:48:45,073  INFO [main] metadata.Hive: Total time spent in each metastore function (ms): {commitTxn_(CommitTxnRequest)=14, getDatabase_(String)=3, openTxn_(String, TxnType)=13, flushCache_()=0, getValidTxns_(long)=3, isCompatibleWith_(Configuration)=0, getValidWriteIds_(List, String)=4}
2024-04-24T00:48:45,073  INFO [main] ql.Driver: Completed compiling command(queryId=alex_20240424004845_2fa97942-d06c-485d-815e-dd2f5fa3e5be); Time taken: 0.025 seconds
2024-04-24T00:48:45,073  INFO [main] lockmgr.DbTxnManager: Setting lock request transaction to txnid:8 for queryId=alex_20240424004845_2fa97942-d06c-485d-815e-dd2f5fa3e5be
2024-04-24T00:48:45,074  INFO [main] lockmgr.DbLockManager: Requesting lock for queryId=alex_20240424004845_2fa97942-d06c-485d-815e-dd2f5fa3e5be
2024-04-24T00:48:45,106  INFO [main] lockmgr.DbLockManager: Response to queryId=alex_20240424004845_2fa97942-d06c-485d-815e-dd2f5fa3e5be LockResponse(lockid:2, state:ACQUIRED)
2024-04-24T00:48:45,106  INFO [main] ql.Driver: Operation CREATETABLE obtained 1 locks
2024-04-24T00:48:45,108  INFO [main] ql.Driver: Executing command(queryId=alex_20240424004845_2fa97942-d06c-485d-815e-dd2f5fa3e5be): create table acidTblPart(a int, b int) partitioned by (p string) clustered by (a) into 2 buckets stored as orc TBLPROPERTIES ('transactional'='true')
2024-04-24T00:48:45,108  INFO [main] ql.Driver: Starting task [Stage-0:DDL] in serial mode
2024-04-24T00:48:45,110  INFO [main] HiveMetaStore.audit: ugi=alex	ip=unknown-ip-addr	cmd=create_table_req: Table(tableName:acidTblPart, dbName:default, owner:alex, createTime:1713944925, lastAccessTime:0, retention:0, sd:StorageDescriptor(cols:[FieldSchema(name:a, type:int, comment:null), FieldSchema(name:b, type:int, comment:null)], location:null, inputFormat:org.apache.hadoop.hive.ql.io.orc.OrcInputFormat, outputFormat:org.apache.hadoop.hive.ql.io.orc.OrcOutputFormat, compressed:false, numBuckets:2, serdeInfo:SerDeInfo(name:null, serializationLib:org.apache.hadoop.hive.ql.io.orc.OrcSerde, parameters:{serialization.format=1}), bucketCols:[a], sortCols:[], parameters:{}, skewedInfo:SkewedInfo(skewedColNames:[], skewedColValues:[], skewedColValueLocationMaps:{}), storedAsSubDirectories:false), partitionKeys:[FieldSchema(name:p, type:string, comment:null)], parameters:{transactional=true, bucketing_version=2}, viewOriginalText:null, viewExpandedText:null, tableType:MANAGED_TABLE, privileges:PrincipalPrivilegeSet(userPrivileges:{alex=[PrivilegeGrantInfo(privilege:INSERT, createTime:-1, grantor:alex, grantorType:USER, grantOption:true), PrivilegeGrantInfo(privilege:SELECT, createTime:-1, grantor:alex, grantorType:USER, grantOption:true), PrivilegeGrantInfo(privilege:UPDATE, createTime:-1, grantor:alex, grantorType:USER, grantOption:true), PrivilegeGrantInfo(privilege:DELETE, createTime:-1, grantor:alex, grantorType:USER, grantOption:true)]}, groupPrivileges:null, rolePrivileges:null), temporary:false, catName:hive, ownerType:USER, writeId:0)	
2024-04-24T00:48:45,123  INFO [main] utils.FileUtils: Creating directory if it doesn't exist: file:/home/alex/Repositories/hive/ql/target/tmp/org.apache.hadoop.hive.ql.TestTxnCommands3-1713944903826/warehouse/acidtblpart
2024-04-24T00:48:45,150  INFO [main] metadata.Hive: Dumping metastore api call timing information for : execution phase
2024-04-24T00:48:45,150  INFO [main] metadata.Hive: Total time spent in each metastore function (ms): {isCompatibleWith_(Configuration)=0, createTable_(Table)=41}
2024-04-24T00:48:45,150  INFO [main] ql.Driver: Completed executing command(queryId=alex_20240424004845_2fa97942-d06c-485d-815e-dd2f5fa3e5be); Time taken: 0.042 seconds
2024-04-24T00:48:45,150  INFO [main] lockmgr.DbTxnManager: Stopped heartbeat for query: alex_20240424004845_2fa97942-d06c-485d-815e-dd2f5fa3e5be
2024-04-24T00:48:45,155  INFO [main] txn.TxnHandler: Expected to move at least one record from txn_components to completed_txn_components when committing txn! txnid:8
2024-04-24T00:48:45,163  INFO [main] txn.TxnHandler: Removed transactions: ([8]) from MIN_HISTORY_LEVEL
2024-04-24T00:48:45,164  WARN [main] txn.CompactionTxnHandler: No compaction queue record found for Compaction type transaction commit. txnId:8
2024-04-24T00:48:45,164  INFO [main] ql.TxnCommandsBaseForTests: Running the query: create table nonAcidOrcTbl(a int, b int) clustered by (a) into 2 buckets stored as orc TBLPROPERTIES ('transactional'='false')
2024-04-24T00:48:45,165  INFO [main] ql.Driver: Compiling command(queryId=alex_20240424004845_e590369b-553b-424b-85ab-4e9610494290): create table nonAcidOrcTbl(a int, b int) clustered by (a) into 2 buckets stored as orc TBLPROPERTIES ('transactional'='false')
2024-04-24T00:48:45,169  INFO [main] txn.TxnHandler: Added entries to MIN_HISTORY_LEVEL for current txns: ([9]) with min_open_txn: 1
2024-04-24T00:48:45,169  INFO [main] lockmgr.DbTxnManager: Opened txnid:9
2024-04-24T00:48:45,170  INFO [main] parse.CalcitePlanner: Starting caching scope for: 
2024-04-24T00:48:45,170  INFO [main] parse.CalcitePlanner: Starting Semantic Analysis
2024-04-24T00:48:45,173  INFO [main] parse.CalcitePlanner: Creating table default.nonAcidOrcTbl position=13
2024-04-24T00:48:45,174  INFO [main] HiveMetaStore.audit: ugi=alex	ip=unknown-ip-addr	cmd=get_database: default	
2024-04-24T00:48:45,176  INFO [main] parse.CalcitePlanner: Ending caching scope for: 
2024-04-24T00:48:45,176  INFO [main] ql.Driver: Semantic Analysis Completed (retrial = false)
2024-04-24T00:48:45,176  INFO [main] ql.Driver: Created Hive schema: Schema(fieldSchemas:null, properties:null)
2024-04-24T00:48:45,176  INFO [main] metadata.Hive: Dumping metastore api call timing information for : compilation phase
2024-04-24T00:48:45,177  INFO [main] metadata.Hive: Total time spent in each metastore function (ms): {getDatabase_(String)=2, getValidWriteIds_(List, String)=3, openTxn_(String, TxnType)=3, commitTxn_(CommitTxnRequest)=13, getValidTxns_(long)=1, isCompatibleWith_(Configuration)=1, flushCache_()=0}
2024-04-24T00:48:45,177  INFO [main] ql.Driver: Completed compiling command(queryId=alex_20240424004845_e590369b-553b-424b-85ab-4e9610494290); Time taken: 0.011 seconds
2024-04-24T00:48:45,177  INFO [main] lockmgr.DbTxnManager: Setting lock request transaction to txnid:9 for queryId=alex_20240424004845_e590369b-553b-424b-85ab-4e9610494290
2024-04-24T00:48:45,178  INFO [main] lockmgr.DbLockManager: Requesting lock for queryId=alex_20240424004845_e590369b-553b-424b-85ab-4e9610494290
2024-04-24T00:48:45,197  INFO [main] lockmgr.DbLockManager: Response to queryId=alex_20240424004845_e590369b-553b-424b-85ab-4e9610494290 LockResponse(lockid:3, state:ACQUIRED)
2024-04-24T00:48:45,197  INFO [main] ql.Driver: Operation CREATETABLE obtained 1 locks
2024-04-24T00:48:45,197  INFO [main] ql.Driver: Executing command(queryId=alex_20240424004845_e590369b-553b-424b-85ab-4e9610494290): create table nonAcidOrcTbl(a int, b int) clustered by (a) into 2 buckets stored as orc TBLPROPERTIES ('transactional'='false')
2024-04-24T00:48:45,197  INFO [main] ql.Driver: Starting task [Stage-0:DDL] in serial mode
2024-04-24T00:48:45,199  INFO [main] HiveMetaStore.audit: ugi=alex	ip=unknown-ip-addr	cmd=create_table_req: Table(tableName:nonAcidOrcTbl, dbName:default, owner:alex, createTime:1713944925, lastAccessTime:0, retention:0, sd:StorageDescriptor(cols:[FieldSchema(name:a, type:int, comment:null), FieldSchema(name:b, type:int, comment:null)], location:null, inputFormat:org.apache.hadoop.hive.ql.io.orc.OrcInputFormat, outputFormat:org.apache.hadoop.hive.ql.io.orc.OrcOutputFormat, compressed:false, numBuckets:2, serdeInfo:SerDeInfo(name:null, serializationLib:org.apache.hadoop.hive.ql.io.orc.OrcSerde, parameters:{serialization.format=1}), bucketCols:[a], sortCols:[], parameters:{}, skewedInfo:SkewedInfo(skewedColNames:[], skewedColValues:[], skewedColValueLocationMaps:{}), storedAsSubDirectories:false), partitionKeys:[], parameters:{rawDataSize=0, bucketing_version=2, numFilesErasureCoded=0, numFiles=0, totalSize=0, COLUMN_STATS_ACCURATE={"BASIC_STATS":"true","COLUMN_STATS":{"a":"true","b":"true"}}, transactional=false, numRows=0}, viewOriginalText:null, viewExpandedText:null, tableType:MANAGED_TABLE, privileges:PrincipalPrivilegeSet(userPrivileges:{alex=[PrivilegeGrantInfo(privilege:INSERT, createTime:-1, grantor:alex, grantorType:USER, grantOption:true), PrivilegeGrantInfo(privilege:SELECT, createTime:-1, grantor:alex, grantorType:USER, grantOption:true), PrivilegeGrantInfo(privilege:UPDATE, createTime:-1, grantor:alex, grantorType:USER, grantOption:true), PrivilegeGrantInfo(privilege:DELETE, createTime:-1, grantor:alex, grantorType:USER, grantOption:true)]}, groupPrivileges:null, rolePrivileges:null), temporary:false, catName:hive, ownerType:USER)	
2024-04-24T00:48:45,206  INFO [main] utils.FileUtils: Creating directory if it doesn't exist: file:/home/alex/Repositories/hive/ql/target/tmp/org.apache.hadoop.hive.ql.TestTxnCommands3-1713944903826/warehouse/nonacidorctbl
2024-04-24T00:48:45,229  INFO [main] metadata.Hive: Dumping metastore api call timing information for : execution phase
2024-04-24T00:48:45,229  INFO [main] metadata.Hive: Total time spent in each metastore function (ms): {createTable_(Table)=31, isCompatibleWith_(Configuration)=1}
2024-04-24T00:48:45,229  INFO [main] ql.Driver: Completed executing command(queryId=alex_20240424004845_e590369b-553b-424b-85ab-4e9610494290); Time taken: 0.032 seconds
2024-04-24T00:48:45,229  INFO [main] lockmgr.DbTxnManager: Stopped heartbeat for query: alex_20240424004845_e590369b-553b-424b-85ab-4e9610494290
2024-04-24T00:48:45,234  INFO [main] txn.TxnHandler: Expected to move at least one record from txn_components to completed_txn_components when committing txn! txnid:9
2024-04-24T00:48:45,243  INFO [main] txn.TxnHandler: Removed transactions: ([9]) from MIN_HISTORY_LEVEL
2024-04-24T00:48:45,243  WARN [main] txn.CompactionTxnHandler: No compaction queue record found for Compaction type transaction commit. txnId:9
2024-04-24T00:48:45,243  INFO [main] ql.TxnCommandsBaseForTests: Running the query: create table nonAcidOrcTbl2(a int, b int) clustered by (a) into 2 buckets stored as orc TBLPROPERTIES ('transactional'='false')
2024-04-24T00:48:45,244  INFO [main] ql.Driver: Compiling command(queryId=alex_20240424004845_023d09c5-36a0-4ce7-9096-4f086a7acdb2): create table nonAcidOrcTbl2(a int, b int) clustered by (a) into 2 buckets stored as orc TBLPROPERTIES ('transactional'='false')
2024-04-24T00:48:45,248  INFO [main] txn.TxnHandler: Added entries to MIN_HISTORY_LEVEL for current txns: ([10]) with min_open_txn: 1
2024-04-24T00:48:45,248  INFO [main] lockmgr.DbTxnManager: Opened txnid:10
2024-04-24T00:48:45,249  INFO [main] parse.CalcitePlanner: Starting caching scope for: 
2024-04-24T00:48:45,249  INFO [main] parse.CalcitePlanner: Starting Semantic Analysis
2024-04-24T00:48:45,252  INFO [main] parse.CalcitePlanner: Creating table default.nonAcidOrcTbl2 position=13
2024-04-24T00:48:45,253  INFO [main] HiveMetaStore.audit: ugi=alex	ip=unknown-ip-addr	cmd=get_database: default	
2024-04-24T00:48:45,255  INFO [main] parse.CalcitePlanner: Ending caching scope for: 
2024-04-24T00:48:45,255  INFO [main] ql.Driver: Semantic Analysis Completed (retrial = false)
2024-04-24T00:48:45,255  INFO [main] ql.Driver: Created Hive schema: Schema(fieldSchemas:null, properties:null)
2024-04-24T00:48:45,256  INFO [main] metadata.Hive: Dumping metastore api call timing information for : compilation phase
2024-04-24T00:48:45,256  INFO [main] metadata.Hive: Total time spent in each metastore function (ms): {getValidWriteIds_(List, String)=3, commitTxn_(CommitTxnRequest)=13, isCompatibleWith_(Configuration)=1, openTxn_(String, TxnType)=3, getDatabase_(String)=3, flushCache_()=0, getValidTxns_(long)=1}
2024-04-24T00:48:45,256  INFO [main] ql.Driver: Completed compiling command(queryId=alex_20240424004845_023d09c5-36a0-4ce7-9096-4f086a7acdb2); Time taken: 0.011 seconds
2024-04-24T00:48:45,256  INFO [main] lockmgr.DbTxnManager: Setting lock request transaction to txnid:10 for queryId=alex_20240424004845_023d09c5-36a0-4ce7-9096-4f086a7acdb2
2024-04-24T00:48:45,257  INFO [main] lockmgr.DbLockManager: Requesting lock for queryId=alex_20240424004845_023d09c5-36a0-4ce7-9096-4f086a7acdb2
2024-04-24T00:48:45,277  INFO [main] lockmgr.DbLockManager: Response to queryId=alex_20240424004845_023d09c5-36a0-4ce7-9096-4f086a7acdb2 LockResponse(lockid:4, state:ACQUIRED)
2024-04-24T00:48:45,277  INFO [main] ql.Driver: Operation CREATETABLE obtained 1 locks
2024-04-24T00:48:45,277  INFO [main] ql.Driver: Executing command(queryId=alex_20240424004845_023d09c5-36a0-4ce7-9096-4f086a7acdb2): create table nonAcidOrcTbl2(a int, b int) clustered by (a) into 2 buckets stored as orc TBLPROPERTIES ('transactional'='false')
2024-04-24T00:48:45,277  INFO [main] ql.Driver: Starting task [Stage-0:DDL] in serial mode
2024-04-24T00:48:45,279  INFO [main] HiveMetaStore.audit: ugi=alex	ip=unknown-ip-addr	cmd=create_table_req: Table(tableName:nonAcidOrcTbl2, dbName:default, owner:alex, createTime:1713944925, lastAccessTime:0, retention:0, sd:StorageDescriptor(cols:[FieldSchema(name:a, type:int, comment:null), FieldSchema(name:b, type:int, comment:null)], location:null, inputFormat:org.apache.hadoop.hive.ql.io.orc.OrcInputFormat, outputFormat:org.apache.hadoop.hive.ql.io.orc.OrcOutputFormat, compressed:false, numBuckets:2, serdeInfo:SerDeInfo(name:null, serializationLib:org.apache.hadoop.hive.ql.io.orc.OrcSerde, parameters:{serialization.format=1}), bucketCols:[a], sortCols:[], parameters:{}, skewedInfo:SkewedInfo(skewedColNames:[], skewedColValues:[], skewedColValueLocationMaps:{}), storedAsSubDirectories:false), partitionKeys:[], parameters:{numFiles=0, numRows=0, rawDataSize=0, COLUMN_STATS_ACCURATE={"BASIC_STATS":"true","COLUMN_STATS":{"a":"true","b":"true"}}, bucketing_version=2, transactional=false, numFilesErasureCoded=0, totalSize=0}, viewOriginalText:null, viewExpandedText:null, tableType:MANAGED_TABLE, privileges:PrincipalPrivilegeSet(userPrivileges:{alex=[PrivilegeGrantInfo(privilege:INSERT, createTime:-1, grantor:alex, grantorType:USER, grantOption:true), PrivilegeGrantInfo(privilege:SELECT, createTime:-1, grantor:alex, grantorType:USER, grantOption:true), PrivilegeGrantInfo(privilege:UPDATE, createTime:-1, grantor:alex, grantorType:USER, grantOption:true), PrivilegeGrantInfo(privilege:DELETE, createTime:-1, grantor:alex, grantorType:USER, grantOption:true)]}, groupPrivileges:null, rolePrivileges:null), temporary:false, catName:hive, ownerType:USER)	
2024-04-24T00:48:45,287  INFO [main] utils.FileUtils: Creating directory if it doesn't exist: file:/home/alex/Repositories/hive/ql/target/tmp/org.apache.hadoop.hive.ql.TestTxnCommands3-1713944903826/warehouse/nonacidorctbl2
2024-04-24T00:48:45,308  INFO [main] metadata.Hive: Dumping metastore api call timing information for : execution phase
2024-04-24T00:48:45,308  INFO [main] metadata.Hive: Total time spent in each metastore function (ms): {createTable_(Table)=28, isCompatibleWith_(Configuration)=1}
2024-04-24T00:48:45,308  INFO [main] ql.Driver: Completed executing command(queryId=alex_20240424004845_023d09c5-36a0-4ce7-9096-4f086a7acdb2); Time taken: 0.031 seconds
2024-04-24T00:48:45,308  INFO [main] lockmgr.DbTxnManager: Stopped heartbeat for query: alex_20240424004845_023d09c5-36a0-4ce7-9096-4f086a7acdb2
2024-04-24T00:48:45,314  INFO [main] txn.TxnHandler: Expected to move at least one record from txn_components to completed_txn_components when committing txn! txnid:10
2024-04-24T00:48:45,321  INFO [main] txn.TxnHandler: Removed transactions: ([10]) from MIN_HISTORY_LEVEL
2024-04-24T00:48:45,321  WARN [main] txn.CompactionTxnHandler: No compaction queue record found for Compaction type transaction commit. txnId:10
2024-04-24T00:48:45,322  INFO [main] ql.TxnCommandsBaseForTests: Running the query: create temporary  table acidTbl2(a int, b int, c int) clustered by (c) into 2 buckets stored as orc TBLPROPERTIES ('transactional'='true')
2024-04-24T00:48:45,322  INFO [main] ql.Driver: Compiling command(queryId=alex_20240424004845_b99b42b8-e635-44d2-a682-7c6adc377211): create temporary  table acidTbl2(a int, b int, c int) clustered by (c) into 2 buckets stored as orc TBLPROPERTIES ('transactional'='true')
2024-04-24T00:48:45,326  INFO [main] txn.TxnHandler: Added entries to MIN_HISTORY_LEVEL for current txns: ([11]) with min_open_txn: 1
2024-04-24T00:48:45,326  INFO [main] lockmgr.DbTxnManager: Opened txnid:11
2024-04-24T00:48:45,327  INFO [main] parse.CalcitePlanner: Starting caching scope for: 
2024-04-24T00:48:45,327  INFO [main] parse.CalcitePlanner: Starting Semantic Analysis
2024-04-24T00:48:45,330  INFO [main] parse.CalcitePlanner: Creating table default.acidTbl2 position=24
2024-04-24T00:48:45,331  INFO [main] HiveMetaStore.audit: ugi=alex	ip=unknown-ip-addr	cmd=get_database: default	
2024-04-24T00:48:45,333  INFO [main] parse.CalcitePlanner: Ending caching scope for: 
2024-04-24T00:48:45,333  INFO [main] ql.Driver: Semantic Analysis Completed (retrial = false)
2024-04-24T00:48:45,333  INFO [main] ql.Driver: Created Hive schema: Schema(fieldSchemas:null, properties:null)
2024-04-24T00:48:45,334  INFO [main] metadata.Hive: Dumping metastore api call timing information for : compilation phase
2024-04-24T00:48:45,334  INFO [main] metadata.Hive: Total time spent in each metastore function (ms): {isCompatibleWith_(Configuration)=3, flushCache_()=0, getValidTxns_(long)=0, getValidWriteIds_(List, String)=2, openTxn_(String, TxnType)=3, commitTxn_(CommitTxnRequest)=13, getDatabase_(String)=2}
2024-04-24T00:48:45,334  INFO [main] ql.Driver: Completed compiling command(queryId=alex_20240424004845_b99b42b8-e635-44d2-a682-7c6adc377211); Time taken: 0.012 seconds
2024-04-24T00:48:45,334  INFO [main] lockmgr.DbTxnManager: Setting lock request transaction to txnid:11 for queryId=alex_20240424004845_b99b42b8-e635-44d2-a682-7c6adc377211
2024-04-24T00:48:45,335  INFO [main] lockmgr.DbLockManager: Requesting lock for queryId=alex_20240424004845_b99b42b8-e635-44d2-a682-7c6adc377211
2024-04-24T00:48:45,357  INFO [main] lockmgr.DbLockManager: Response to queryId=alex_20240424004845_b99b42b8-e635-44d2-a682-7c6adc377211 LockResponse(lockid:5, state:ACQUIRED)
2024-04-24T00:48:45,357  INFO [main] ql.Driver: Operation CREATETABLE obtained 1 locks
2024-04-24T00:48:45,358  INFO [main] ql.Driver: Executing command(queryId=alex_20240424004845_b99b42b8-e635-44d2-a682-7c6adc377211): create temporary  table acidTbl2(a int, b int, c int) clustered by (c) into 2 buckets stored as orc TBLPROPERTIES ('transactional'='true')
2024-04-24T00:48:45,359  INFO [main] ql.Driver: Starting task [Stage-0:DDL] in serial mode
2024-04-24T00:48:45,361  INFO [main] utils.FileUtils: Creating directory if it doesn't exist: file:/home/alex/Repositories/hive/ql/target/tmp/scratchdir/alex/5a24cdd8-45f9-4b5f-bc90-9fcec7eb9602/_tmp_space.db/15b9afab-8082-4ba0-8faf-e7004fb392e0
2024-04-24T00:48:45,364  INFO [main] metadata.Hive: Dumping metastore api call timing information for : execution phase
2024-04-24T00:48:45,364  INFO [main] metadata.Hive: Total time spent in each metastore function (ms): {createTable_(Table)=3, isCompatibleWith_(Configuration)=0}
2024-04-24T00:48:45,364  INFO [main] ql.Driver: Completed executing command(queryId=alex_20240424004845_b99b42b8-e635-44d2-a682-7c6adc377211); Time taken: 0.006 seconds
2024-04-24T00:48:45,364  INFO [main] lockmgr.DbTxnManager: Stopped heartbeat for query: alex_20240424004845_b99b42b8-e635-44d2-a682-7c6adc377211
2024-04-24T00:48:45,369  INFO [main] txn.TxnHandler: Expected to move at least one record from txn_components to completed_txn_components when committing txn! txnid:11
2024-04-24T00:48:45,377  INFO [main] txn.TxnHandler: Removed transactions: ([11]) from MIN_HISTORY_LEVEL
2024-04-24T00:48:45,377  WARN [main] txn.CompactionTxnHandler: No compaction queue record found for Compaction type transaction commit. txnId:11
2024-04-24T00:48:45,378  INFO [main] ql.TxnCommandsBaseForTests: Running the query: create table nonAcidNonBucket(a int, b int) stored as orc TBLPROPERTIES ('transactional'='false')
2024-04-24T00:48:45,379  INFO [main] ql.Driver: Compiling command(queryId=alex_20240424004845_f89db921-2abd-48eb-a21a-8192a0596814): create table nonAcidNonBucket(a int, b int) stored as orc TBLPROPERTIES ('transactional'='false')
2024-04-24T00:48:45,383  INFO [main] txn.TxnHandler: Added entries to MIN_HISTORY_LEVEL for current txns: ([12]) with min_open_txn: 1
2024-04-24T00:48:45,383  INFO [main] lockmgr.DbTxnManager: Opened txnid:12
2024-04-24T00:48:45,384  INFO [main] parse.CalcitePlanner: Starting caching scope for: 
2024-04-24T00:48:45,384  INFO [main] parse.CalcitePlanner: Starting Semantic Analysis
2024-04-24T00:48:45,388  INFO [main] parse.CalcitePlanner: Creating table default.nonAcidNonBucket position=13
2024-04-24T00:48:45,388  INFO [main] HiveMetaStore.audit: ugi=alex	ip=unknown-ip-addr	cmd=get_database: default	
2024-04-24T00:48:45,391  INFO [main] parse.CalcitePlanner: Ending caching scope for: 
2024-04-24T00:48:45,391  INFO [main] ql.Driver: Semantic Analysis Completed (retrial = false)
2024-04-24T00:48:45,391  INFO [main] ql.Driver: Created Hive schema: Schema(fieldSchemas:null, properties:null)
2024-04-24T00:48:45,391  INFO [main] metadata.Hive: Dumping metastore api call timing information for : compilation phase
2024-04-24T00:48:45,391  INFO [main] metadata.Hive: Total time spent in each metastore function (ms): {getValidWriteIds_(List, String)=3, isCompatibleWith_(Configuration)=2, getValidTxns_(long)=1, openTxn_(String, TxnType)=3, getDatabase_(String)=2, flushCache_()=0, commitTxn_(CommitTxnRequest)=14}
2024-04-24T00:48:45,391  INFO [main] ql.Driver: Completed compiling command(queryId=alex_20240424004845_f89db921-2abd-48eb-a21a-8192a0596814); Time taken: 0.012 seconds
2024-04-24T00:48:45,392  INFO [main] lockmgr.DbTxnManager: Setting lock request transaction to txnid:12 for queryId=alex_20240424004845_f89db921-2abd-48eb-a21a-8192a0596814
2024-04-24T00:48:45,392  INFO [main] lockmgr.DbLockManager: Requesting lock for queryId=alex_20240424004845_f89db921-2abd-48eb-a21a-8192a0596814
2024-04-24T00:48:45,411  INFO [main] lockmgr.DbLockManager: Response to queryId=alex_20240424004845_f89db921-2abd-48eb-a21a-8192a0596814 LockResponse(lockid:6, state:ACQUIRED)
2024-04-24T00:48:45,411  INFO [main] ql.Driver: Operation CREATETABLE obtained 1 locks
2024-04-24T00:48:45,411  INFO [main] ql.Driver: Executing command(queryId=alex_20240424004845_f89db921-2abd-48eb-a21a-8192a0596814): create table nonAcidNonBucket(a int, b int) stored as orc TBLPROPERTIES ('transactional'='false')
2024-04-24T00:48:45,411  INFO [main] ql.Driver: Starting task [Stage-0:DDL] in serial mode
2024-04-24T00:48:45,413  INFO [main] HiveMetaStore.audit: ugi=alex	ip=unknown-ip-addr	cmd=create_table_req: Table(tableName:nonAcidNonBucket, dbName:default, owner:alex, createTime:1713944925, lastAccessTime:0, retention:0, sd:StorageDescriptor(cols:[FieldSchema(name:a, type:int, comment:null), FieldSchema(name:b, type:int, comment:null)], location:null, inputFormat:org.apache.hadoop.hive.ql.io.orc.OrcInputFormat, outputFormat:org.apache.hadoop.hive.ql.io.orc.OrcOutputFormat, compressed:false, numBuckets:-1, serdeInfo:SerDeInfo(name:null, serializationLib:org.apache.hadoop.hive.ql.io.orc.OrcSerde, parameters:{serialization.format=1}), bucketCols:[], sortCols:[], parameters:{}, skewedInfo:SkewedInfo(skewedColNames:[], skewedColValues:[], skewedColValueLocationMaps:{}), storedAsSubDirectories:false), partitionKeys:[], parameters:{totalSize=0, numFiles=0, numFilesErasureCoded=0, numRows=0, transactional=false, rawDataSize=0, bucketing_version=2, COLUMN_STATS_ACCURATE={"BASIC_STATS":"true","COLUMN_STATS":{"a":"true","b":"true"}}}, viewOriginalText:null, viewExpandedText:null, tableType:MANAGED_TABLE, privileges:PrincipalPrivilegeSet(userPrivileges:{alex=[PrivilegeGrantInfo(privilege:INSERT, createTime:-1, grantor:alex, grantorType:USER, grantOption:true), PrivilegeGrantInfo(privilege:SELECT, createTime:-1, grantor:alex, grantorType:USER, grantOption:true), PrivilegeGrantInfo(privilege:UPDATE, createTime:-1, grantor:alex, grantorType:USER, grantOption:true), PrivilegeGrantInfo(privilege:DELETE, createTime:-1, grantor:alex, grantorType:USER, grantOption:true)]}, groupPrivileges:null, rolePrivileges:null), temporary:false, catName:hive, ownerType:USER)	
2024-04-24T00:48:45,421  INFO [main] utils.FileUtils: Creating directory if it doesn't exist: file:/home/alex/Repositories/hive/ql/target/tmp/org.apache.hadoop.hive.ql.TestTxnCommands3-1713944903826/warehouse/nonacidnonbucket
2024-04-24T00:48:45,442  INFO [main] metadata.Hive: Dumping metastore api call timing information for : execution phase
2024-04-24T00:48:45,442  INFO [main] metadata.Hive: Total time spent in each metastore function (ms): {isCompatibleWith_(Configuration)=1, createTable_(Table)=29}
2024-04-24T00:48:45,442  INFO [main] ql.Driver: Completed executing command(queryId=alex_20240424004845_f89db921-2abd-48eb-a21a-8192a0596814); Time taken: 0.031 seconds
2024-04-24T00:48:45,442  INFO [main] lockmgr.DbTxnManager: Stopped heartbeat for query: alex_20240424004845_f89db921-2abd-48eb-a21a-8192a0596814
2024-04-24T00:48:45,448  INFO [main] txn.TxnHandler: Expected to move at least one record from txn_components to completed_txn_components when committing txn! txnid:12
2024-04-24T00:48:45,455  INFO [main] txn.TxnHandler: Removed transactions: ([12]) from MIN_HISTORY_LEVEL
2024-04-24T00:48:45,455  WARN [main] txn.CompactionTxnHandler: No compaction queue record found for Compaction type transaction commit. txnId:12
2024-04-24T00:48:45,456  INFO [main] ql.Driver: Compiling command(queryId=alex_20240424004845_0b232ae3-c0be-4ca9-a20d-971ca7e55218): drop table if exists T
2024-04-24T00:48:45,459  INFO [main] txn.TxnHandler: Added entries to MIN_HISTORY_LEVEL for current txns: ([13]) with min_open_txn: 1
2024-04-24T00:48:45,460  INFO [main] lockmgr.DbTxnManager: Opened txnid:13
2024-04-24T00:48:45,461  INFO [main] HiveMetaStore.audit: ugi=alex	ip=unknown-ip-addr	cmd=get_table : tbl=hive.default.T	
2024-04-24T00:48:45,464  INFO [main] ql.Driver: Semantic Analysis Completed (retrial = false)
2024-04-24T00:48:45,464  INFO [main] ql.Driver: Created Hive schema: Schema(fieldSchemas:null, properties:null)
2024-04-24T00:48:45,464  INFO [main] metadata.Hive: Dumping metastore api call timing information for : compilation phase
2024-04-24T00:48:45,464  INFO [main] metadata.Hive: Total time spent in each metastore function (ms): {commitTxn_(CommitTxnRequest)=14, openTxn_(String, TxnType)=3, isCompatibleWith_(Configuration)=0, getValidTxns_(long)=0, flushCache_()=0}
2024-04-24T00:48:45,465  INFO [main] ql.Driver: Completed compiling command(queryId=alex_20240424004845_0b232ae3-c0be-4ca9-a20d-971ca7e55218); Time taken: 0.008 seconds
2024-04-24T00:48:45,465  INFO [main] lockmgr.DbTxnManager: Setting lock request transaction to txnid:13 for queryId=alex_20240424004845_0b232ae3-c0be-4ca9-a20d-971ca7e55218
2024-04-24T00:48:45,465  INFO [main] ql.Driver: Operation DROPTABLE obtained 0 locks
2024-04-24T00:48:45,465  INFO [main] ql.Driver: Executing command(queryId=alex_20240424004845_0b232ae3-c0be-4ca9-a20d-971ca7e55218): drop table if exists T
2024-04-24T00:48:45,465  INFO [main] ql.Driver: Starting task [Stage-0:DDL] in serial mode
2024-04-24T00:48:45,466  INFO [main] HiveMetaStore.audit: ugi=alex	ip=unknown-ip-addr	cmd=get_table : tbl=hive.default.T	
2024-04-24T00:48:45,469  INFO [main] metadata.Hive: Dumping metastore api call timing information for : execution phase
2024-04-24T00:48:45,469  INFO [main] metadata.Hive: Total time spent in each metastore function (ms): {isCompatibleWith_(Configuration)=0}
2024-04-24T00:48:45,469  INFO [main] ql.Driver: Completed executing command(queryId=alex_20240424004845_0b232ae3-c0be-4ca9-a20d-971ca7e55218); Time taken: 0.004 seconds
2024-04-24T00:48:45,470  INFO [main] lockmgr.DbTxnManager: Stopped heartbeat for query: alex_20240424004845_0b232ae3-c0be-4ca9-a20d-971ca7e55218
2024-04-24T00:48:45,475  INFO [main] txn.TxnHandler: Expected to move at least one record from txn_components to completed_txn_components when committing txn! txnid:13
2024-04-24T00:48:45,482  INFO [main] txn.TxnHandler: Removed transactions: ([13]) from MIN_HISTORY_LEVEL
2024-04-24T00:48:45,482  WARN [main] txn.CompactionTxnHandler: No compaction queue record found for Compaction type transaction commit. txnId:13
2024-04-24T00:48:45,483  INFO [main] ql.TxnCommandsBaseForTests: Running the query: create transactional table T(a int, b int) stored as orc
2024-04-24T00:48:45,483  INFO [main] ql.Driver: Compiling command(queryId=alex_20240424004845_e035fb8c-5b2a-436d-ad98-b73c34e93f8c): create transactional table T(a int, b int) stored as orc
2024-04-24T00:48:45,486  INFO [main] txn.TxnHandler: Added entries to MIN_HISTORY_LEVEL for current txns: ([14]) with min_open_txn: 1
2024-04-24T00:48:45,486  INFO [main] lockmgr.DbTxnManager: Opened txnid:14
2024-04-24T00:48:45,487  INFO [main] parse.CalcitePlanner: Starting caching scope for: 
2024-04-24T00:48:45,487  INFO [main] parse.CalcitePlanner: Starting Semantic Analysis
2024-04-24T00:48:45,494  INFO [main] parse.CalcitePlanner: Creating table default.T position=27
2024-04-24T00:48:45,494  INFO [main] parse.CalcitePlanner: Automatically chose to make default.T acid.
2024-04-24T00:48:45,494  INFO [main] HiveMetaStore.audit: ugi=alex	ip=unknown-ip-addr	cmd=get_database: default	
2024-04-24T00:48:45,496  INFO [main] parse.CalcitePlanner: Ending caching scope for: 
2024-04-24T00:48:45,496  INFO [main] ql.Driver: Semantic Analysis Completed (retrial = false)
2024-04-24T00:48:45,496  INFO [main] ql.Driver: Created Hive schema: Schema(fieldSchemas:null, properties:null)
2024-04-24T00:48:45,496  INFO [main] metadata.Hive: Dumping metastore api call timing information for : compilation phase
2024-04-24T00:48:45,497  INFO [main] metadata.Hive: Total time spent in each metastore function (ms): {commitTxn_(CommitTxnRequest)=13, getValidTxns_(long)=0, isCompatibleWith_(Configuration)=1, flushCache_()=0, getValidWriteIds_(List, String)=6, openTxn_(String, TxnType)=2, getDatabase_(String)=2}
2024-04-24T00:48:45,497  INFO [main] ql.Driver: Completed compiling command(queryId=alex_20240424004845_e035fb8c-5b2a-436d-ad98-b73c34e93f8c); Time taken: 0.013 seconds
2024-04-24T00:48:45,497  INFO [main] lockmgr.DbTxnManager: Setting lock request transaction to txnid:14 for queryId=alex_20240424004845_e035fb8c-5b2a-436d-ad98-b73c34e93f8c
2024-04-24T00:48:45,498  INFO [main] lockmgr.DbLockManager: Requesting lock for queryId=alex_20240424004845_e035fb8c-5b2a-436d-ad98-b73c34e93f8c
2024-04-24T00:48:45,521  INFO [main] lockmgr.DbLockManager: Response to queryId=alex_20240424004845_e035fb8c-5b2a-436d-ad98-b73c34e93f8c LockResponse(lockid:7, state:ACQUIRED)
2024-04-24T00:48:45,522  INFO [main] ql.Driver: Operation CREATETABLE obtained 1 locks
2024-04-24T00:48:45,522  INFO [main] ql.Driver: Executing command(queryId=alex_20240424004845_e035fb8c-5b2a-436d-ad98-b73c34e93f8c): create transactional table T(a int, b int) stored as orc
2024-04-24T00:48:45,523  INFO [main] ql.Driver: Starting task [Stage-0:DDL] in serial mode
2024-04-24T00:48:45,524  INFO [main] HiveMetaStore.audit: ugi=alex	ip=unknown-ip-addr	cmd=create_table_req: Table(tableName:T, dbName:default, owner:alex, createTime:1713944925, lastAccessTime:0, retention:0, sd:StorageDescriptor(cols:[FieldSchema(name:a, type:int, comment:null), FieldSchema(name:b, type:int, comment:null)], location:null, inputFormat:org.apache.hadoop.hive.ql.io.orc.OrcInputFormat, outputFormat:org.apache.hadoop.hive.ql.io.orc.OrcOutputFormat, compressed:false, numBuckets:-1, serdeInfo:SerDeInfo(name:null, serializationLib:org.apache.hadoop.hive.ql.io.orc.OrcSerde, parameters:{serialization.format=1}), bucketCols:[], sortCols:[], parameters:{}, skewedInfo:SkewedInfo(skewedColNames:[], skewedColValues:[], skewedColValueLocationMaps:{}), storedAsSubDirectories:false), partitionKeys:[], parameters:{COLUMN_STATS_ACCURATE={"BASIC_STATS":"true","COLUMN_STATS":{"a":"true","b":"true"}}, numFiles=0, transactional_properties=default, numRows=0, transactional=true, totalSize=0, numFilesErasureCoded=0, bucketing_version=2, rawDataSize=0}, viewOriginalText:null, viewExpandedText:null, tableType:MANAGED_TABLE, privileges:PrincipalPrivilegeSet(userPrivileges:{alex=[PrivilegeGrantInfo(privilege:INSERT, createTime:-1, grantor:alex, grantorType:USER, grantOption:true), PrivilegeGrantInfo(privilege:SELECT, createTime:-1, grantor:alex, grantorType:USER, grantOption:true), PrivilegeGrantInfo(privilege:UPDATE, createTime:-1, grantor:alex, grantorType:USER, grantOption:true), PrivilegeGrantInfo(privilege:DELETE, createTime:-1, grantor:alex, grantorType:USER, grantOption:true)]}, groupPrivileges:null, rolePrivileges:null), temporary:false, catName:hive, ownerType:USER, writeId:0)	
2024-04-24T00:48:45,532  INFO [main] utils.FileUtils: Creating directory if it doesn't exist: file:/home/alex/Repositories/hive/ql/target/tmp/org.apache.hadoop.hive.ql.TestTxnCommands3-1713944903826/warehouse/t
2024-04-24T00:48:45,578  INFO [main] metadata.Hive: Dumping metastore api call timing information for : execution phase
2024-04-24T00:48:45,578  INFO [main] metadata.Hive: Total time spent in each metastore function (ms): {createTable_(Table)=53, isCompatibleWith_(Configuration)=0}
2024-04-24T00:48:45,578  INFO [main] ql.Driver: Completed executing command(queryId=alex_20240424004845_e035fb8c-5b2a-436d-ad98-b73c34e93f8c); Time taken: 0.056 seconds
2024-04-24T00:48:45,578  INFO [main] lockmgr.DbTxnManager: Stopped heartbeat for query: alex_20240424004845_e035fb8c-5b2a-436d-ad98-b73c34e93f8c
2024-04-24T00:48:45,584  INFO [main] txn.TxnHandler: Expected to move at least one record from txn_components to completed_txn_components when committing txn! txnid:14
2024-04-24T00:48:45,594  INFO [main] txn.TxnHandler: Removed transactions: ([14]) from MIN_HISTORY_LEVEL
2024-04-24T00:48:45,594  WARN [main] txn.CompactionTxnHandler: No compaction queue record found for Compaction type transaction commit. txnId:14
2024-04-24T00:48:45,595  INFO [main] ql.TxnCommandsBaseForTests: Running the query: insert into T values(1,2),(4,5)
2024-04-24T00:48:45,595  INFO [main] ql.Driver: Compiling command(queryId=alex_20240424004845_b99f7af8-6d20-4a6e-813d-ebc1a1c52da8): insert into T values(1,2),(4,5)
2024-04-24T00:48:45,600  INFO [main] txn.TxnHandler: Added entries to MIN_HISTORY_LEVEL for current txns: ([15]) with min_open_txn: 1
2024-04-24T00:48:45,600  INFO [main] lockmgr.DbTxnManager: Opened txnid:15
2024-04-24T00:48:45,601  INFO [main] parse.CalcitePlanner: Starting caching scope for: 
2024-04-24T00:48:45,601  INFO [main] parse.CalcitePlanner: Starting Semantic Analysis
2024-04-24T00:48:45,605  INFO [main] HiveMetaStore.audit: ugi=alex	ip=unknown-ip-addr	cmd=get_table : tbl=hive.default.T	
2024-04-24T00:48:45,637  INFO [main] metastore.HMSHandler: Skipping translation for processor with null
2024-04-24T00:48:45,637  INFO [main] parse.CalcitePlanner: Completed phase 1 of Semantic Analysis
2024-04-24T00:48:45,637  INFO [main] parse.CalcitePlanner: Get metadata for source tables
2024-04-24T00:48:45,637  INFO [main] parse.CalcitePlanner: Get metadata for subqueries
2024-04-24T00:48:45,637  INFO [main] parse.CalcitePlanner: Get metadata for destination tables
2024-04-24T00:48:45,637  INFO [main] HiveMetaStore.audit: ugi=alex	ip=unknown-ip-addr	cmd=get_table : tbl=hive.default.T	
2024-04-24T00:48:45,648  INFO [main] metastore.HMSHandler: Skipping translation for processor with null
2024-04-24T00:48:45,649  INFO [main] parse.CalcitePlanner: Completed getting MetaData in Semantic Analysis
2024-04-24T00:48:45,649  INFO [main] parse.CalcitePlanner: Disabling LLAP IO encode as ETL query is detected
2024-04-24T00:48:45,685  INFO [main] HiveMetaStore.audit: ugi=alex	ip=unknown-ip-addr	cmd=get_all_table_constraints : tbl=hive._dummy_database._dummy_table	
2024-04-24T00:48:45,851  INFO [main] parse.CalcitePlanner: Get metadata for source tables
2024-04-24T00:48:45,851  INFO [main] parse.CalcitePlanner: Get metadata for subqueries
2024-04-24T00:48:45,851  INFO [main] parse.CalcitePlanner: Get metadata for source tables
2024-04-24T00:48:45,852  INFO [main] HiveMetaStore.audit: ugi=alex	ip=unknown-ip-addr	cmd=get_table : tbl=hive._dummy_database._dummy_table	
2024-04-24T00:48:45,856  INFO [main] parse.CalcitePlanner: Get metadata for subqueries
2024-04-24T00:48:45,856  INFO [main] parse.CalcitePlanner: Get metadata for destination tables
2024-04-24T00:48:45,856  INFO [main] parse.CalcitePlanner: Get metadata for destination tables
2024-04-24T00:48:45,856  INFO [main] HiveMetaStore.audit: ugi=alex	ip=unknown-ip-addr	cmd=get_table : tbl=hive.default.T	
2024-04-24T00:48:45,866  INFO [main] metastore.HMSHandler: Skipping translation for processor with null
2024-04-24T00:48:45,869  INFO [main] HiveMetaStore.audit: ugi=alex	ip=unknown-ip-addr	cmd=get_not_null_constraints : tbl=hive.default.t	
2024-04-24T00:48:45,871  INFO [main] HiveMetaStore.audit: ugi=alex	ip=unknown-ip-addr	cmd=get_check_constraints : tbl=hive.default.t	
2024-04-24T00:48:45,883  INFO [main] txn.TxnHandler: Allocated writeId: 1 for txnId: 15
2024-04-24T00:48:45,883  INFO [main] txn.TxnHandler: Allocated write ids for dbName=default, tblName=t (txnIds: [15])
2024-04-24T00:48:45,884  INFO [main] parse.CalcitePlanner: CBO Succeeded; optimized logical plan.
2024-04-24T00:48:45,890  INFO [main] optimizer.BucketVersionPopulator: not considering bucketingVersion for: TS[0] because it has -1<2 buckets 
2024-04-24T00:48:45,890  INFO [main] optimizer.SortedDynPartitionOptimizer: Sorted dynamic partitioning optimization kicked in..
2024-04-24T00:48:45,901  INFO [main] HiveMetaStore.audit: ugi=alex	ip=unknown-ip-addr	cmd=get_table : tbl=hive.default.t	
2024-04-24T00:48:45,910  INFO [main] metastore.HMSHandler: Skipping translation for processor with null
2024-04-24T00:48:45,911  INFO [main] physical.Vectorizer: Examining input format to see if vectorization is enabled.
2024-04-24T00:48:45,912  INFO [main] physical.Vectorizer: Map vectorization enabled: false
2024-04-24T00:48:45,912  INFO [main] physical.Vectorizer: Map vectorized: false
2024-04-24T00:48:45,912  INFO [main] physical.Vectorizer: Map vectorizedVertexNum: 0
2024-04-24T00:48:45,912  INFO [main] physical.Vectorizer: Map enabledConditionsMet: [hive.vectorized.use.vectorized.input.format IS true]
2024-04-24T00:48:45,912  INFO [main] physical.Vectorizer: Map enabledConditionsNotMet: [Could not enable vectorization due to partition column names size 1 is greater than the number of table column names size 0 IS false]
2024-04-24T00:48:45,912  INFO [main] physical.Vectorizer: Map inputFileFormatClassNameSet: [org.apache.hadoop.hive.ql.io.NullRowsInputFormat]
2024-04-24T00:48:45,912  INFO [main] parse.CalcitePlanner: Completed plan generation
2024-04-24T00:48:45,912  INFO [main] parse.CalcitePlanner: Ending caching scope for: 
2024-04-24T00:48:45,912  INFO [main] ql.Driver: Semantic Analysis Completed (retrial = false)
2024-04-24T00:48:45,912  INFO [main] ql.Driver: Created Hive schema: Schema(fieldSchemas:[FieldSchema(name:col1, type:int, comment:null), FieldSchema(name:col2, type:int, comment:null)], properties:null)
2024-04-24T00:48:45,912  INFO [main] metadata.Hive: Dumping metastore api call timing information for : compilation phase
2024-04-24T00:48:45,912  INFO [main] metadata.Hive: Total time spent in each metastore function (ms): {getCheckConstraints_(CheckConstraintsRequest)=1, isCompatibleWith_(Configuration)=1, getNotNullConstraints_(NotNullConstraintsRequest)=2, flushCache_()=0, allocateTableWriteId_(long, String, String)=12, getValidTxns_(long)=1, getTable_(GetTableRequest)=64, getValidWriteIds_(List, String)=5, getAllTableConstraints_(AllTableConstraintsRequest)=57, openTxn_(String, TxnType)=4, commitTxn_(CommitTxnRequest)=16}
2024-04-24T00:48:45,913  INFO [main] ql.Driver: Completed compiling command(queryId=alex_20240424004845_b99f7af8-6d20-4a6e-813d-ebc1a1c52da8); Time taken: 0.317 seconds
2024-04-24T00:48:45,913  INFO [main] lockmgr.DbTxnManager: Setting lock request transaction to txnid:15 for queryId=alex_20240424004845_b99f7af8-6d20-4a6e-813d-ebc1a1c52da8
2024-04-24T00:48:45,913  INFO [main] lockmgr.DbLockManager: Requesting lock for queryId=alex_20240424004845_b99f7af8-6d20-4a6e-813d-ebc1a1c52da8
2024-04-24T00:48:45,940  INFO [main] lockmgr.DbLockManager: Response to queryId=alex_20240424004845_b99f7af8-6d20-4a6e-813d-ebc1a1c52da8 LockResponse(lockid:8, state:ACQUIRED)
2024-04-24T00:48:45,940  INFO [main] ql.Driver: Operation QUERY obtained 1 locks
2024-04-24T00:48:45,944  INFO [main] ql.Driver: Executing command(queryId=alex_20240424004845_b99f7af8-6d20-4a6e-813d-ebc1a1c52da8): insert into T values(1,2),(4,5)
2024-04-24T00:48:45,945  WARN [main] ql.Driver: Hive-on-MR is deprecated in Hive 2 and may not be available in the future versions. Consider using a different execution engine (i.e. tez, spark) or using Hive 1.X releases.
Query ID = alex_20240424004845_b99f7af8-6d20-4a6e-813d-ebc1a1c52da8
2024-04-24T00:48:45,945  INFO [main] ql.Driver: Query ID = alex_20240424004845_b99f7af8-6d20-4a6e-813d-ebc1a1c52da8
Total jobs = 1
2024-04-24T00:48:45,945  INFO [main] ql.Driver: Total jobs = 1
Launching Job 1 out of 1
2024-04-24T00:48:45,945  INFO [main] ql.Driver: Launching Job 1 out of 1
2024-04-24T00:48:46,105  INFO [main] ql.Driver: Starting task [Stage-1:MAPRED] in serial mode
Number of reduce tasks is set to 0 since there's no reduce operator
2024-04-24T00:48:46,105  INFO [main] exec.Task: Number of reduce tasks is set to 0 since there's no reduce operator
2024-04-24T00:48:46,108  INFO [main] mr.ExecDriver: Using org.apache.hadoop.hive.ql.io.HiveInputFormat
2024-04-24T00:48:46,108  INFO [main] exec.Utilities: Processing alias $hdt$_0:_dummy_table
2024-04-24T00:48:46,108  INFO [main] exec.Utilities: Adding 1 inputs; the first input is file:/home/alex/Repositories/hive/ql/target/tmp/localscratchdir/5a24cdd8-45f9-4b5f-bc90-9fcec7eb9602/hive_2024-04-24_00-48-45_595_3308202699009959062-1/dummy_path
2024-04-24T00:48:46,119  INFO [main] exec.SerializationUtilities: Serializing MapWork using kryo
2024-04-24T00:48:46,120  INFO [main] exec.Utilities: Serialized plan (via FILE) - name: null size: 5,71KB
2024-04-24T00:48:46,121  WARN [main] impl.MetricsSystemImpl: JobTracker metrics system already initialized!
2024-04-24T00:48:46,126  INFO [main] fs.FSStatsPublisher: created : file:/home/alex/Repositories/hive/ql/target/tmp/localscratchdir/5a24cdd8-45f9-4b5f-bc90-9fcec7eb9602/hive_2024-04-24_00-48-45_595_3308202699009959062-1/-mr-10000
2024-04-24T00:48:46,128  WARN [main] impl.MetricsSystemImpl: JobTracker metrics system already initialized!
2024-04-24T00:48:46,136  WARN [main] mapreduce.JobResourceUploader: Hadoop command-line option parsing not performed. Implement the Tool interface and execute your application with ToolRunner to remedy this.
2024-04-24T00:48:46,141  WARN [main] mapreduce.JobResourceUploader: No job jar file set.  User classes may not be found. See Job or Job#setJar(String).
2024-04-24T00:48:46,143  INFO [main] io.HiveInputFormat: hive.io.file.readcolumn.ids = 
2024-04-24T00:48:46,143  INFO [main] io.HiveInputFormat: hive.io.file.readcolumn.names = 
2024-04-24T00:48:46,143  INFO [main] io.HiveInputFormat: Generating splits for dirs: file:/home/alex/Repositories/hive/ql/target/tmp/localscratchdir/5a24cdd8-45f9-4b5f-bc90-9fcec7eb9602/hive_2024-04-24_00-48-45_595_3308202699009959062-1/dummy_path
2024-04-24T00:48:46,143  INFO [main] io.HiveInputFormat: number of splits 1
2024-04-24T00:48:46,163  INFO [main] mapreduce.JobSubmitter: number of splits:1
2024-04-24T00:48:46,195  INFO [main] mapreduce.JobSubmitter: Submitting tokens for job: job_local549455204_0005
2024-04-24T00:48:46,195  INFO [main] mapreduce.JobSubmitter: Executing with tokens: []
2024-04-24T00:48:46,262  INFO [main] mapreduce.Job: The url to track the job: http://localhost:8080/
Job running in-process (local Hadoop)
2024-04-24T00:48:46,262  INFO [main] exec.Task: Job running in-process (local Hadoop)
2024-04-24T00:48:46,263  INFO [Thread-406] mapred.LocalJobRunner: OutputCommitter set in config org.apache.hadoop.hive.ql.io.HiveFileFormatUtils$NullOutputCommitter
2024-04-24T00:48:46,263  INFO [Thread-406] mapred.LocalJobRunner: OutputCommitter is org.apache.hadoop.hive.ql.io.HiveFileFormatUtils$NullOutputCommitter
2024-04-24T00:48:46,265  INFO [Thread-406] mapred.LocalJobRunner: Waiting for map tasks
2024-04-24T00:48:46,265  INFO [LocalJobRunner Map Task Executor #0] mapred.LocalJobRunner: Starting task: attempt_local549455204_0005_m_000000_0
2024-04-24T00:48:46,268  INFO [LocalJobRunner Map Task Executor #0] mapred.Task:  Using ResourceCalculatorProcessTree : [ ]
2024-04-24T00:48:46,268  INFO [LocalJobRunner Map Task Executor #0] mapred.MapTask: Processing split: org.apache.hadoop.hive.ql.io.NullRowsInputFormat:file:/home/alex/Repositories/hive/ql/target/tmp/localscratchdir/5a24cdd8-45f9-4b5f-bc90-9fcec7eb9602/hive_2024-04-24_00-48-45_595_3308202699009959062-1/dummy_path/null:0+1
2024-04-24T00:48:46,271  INFO [LocalJobRunner Map Task Executor #0] exec.SerializationUtilities: Deserializing MapWork using kryo
2024-04-24T00:48:46,272  INFO [LocalJobRunner Map Task Executor #0] exec.Utilities: Deserialized plan (via FILE) - name: null size: 5,71KB
2024-04-24T00:48:46,273  INFO [LocalJobRunner Map Task Executor #0] mapred.MapTask: numReduceTasks: 0
2024-04-24T00:48:46,276  INFO [LocalJobRunner Map Task Executor #0] exec.MapOperator: Initializing Operator: MAP[0]
2024-04-24T00:48:46,277  INFO [LocalJobRunner Map Task Executor #0] mr.ExecMapper: 
<MAP>Id =0
  <Children>null
  <\Children>
  <Parent><\Parent>
<\MAP>
2024-04-24T00:48:46,277  INFO [LocalJobRunner Map Task Executor #0] exec.TableScanOperator: Initializing Operator: TS[0]
2024-04-24T00:48:46,277  INFO [LocalJobRunner Map Task Executor #0] exec.SelectOperator: Initializing Operator: SEL[1]
2024-04-24T00:48:46,278  INFO [LocalJobRunner Map Task Executor #0] exec.SelectOperator: SELECT null
2024-04-24T00:48:46,278  INFO [LocalJobRunner Map Task Executor #0] exec.UDTFOperator: Initializing Operator: UDTF[2]
2024-04-24T00:48:46,278  INFO [LocalJobRunner Map Task Executor #0] exec.SelectOperator: Initializing Operator: SEL[3]
2024-04-24T00:48:46,278  INFO [LocalJobRunner Map Task Executor #0] exec.SelectOperator: SELECT struct<col1:int,col2:int>
2024-04-24T00:48:46,278  INFO [LocalJobRunner Map Task Executor #0] exec.FileSinkOperator: Initializing Operator: FS[4]
2024-04-24T00:48:46,279  INFO [LocalJobRunner Map Task Executor #0] exec.FileSinkOperator: Using serializer : AbstractSerDe [log=org.apache.logging.slf4j.Log4jLogger@7cecb575, configuration=Optional[Configuration: core-default.xml, core-site.xml, mapred-default.xml, mapred-site.xml, yarn-default.xml, yarn-site.xml, hdfs-default.xml, hdfs-site.xml, file:/home/alex/Repositories/hive/ql/target/tmp/TestTxnCommands3/mapred/local/localRunner/alex/job_local549455204_0005/job_local549455204_0005.xml], properties={transactional_properties=default, name=default.t, transactional=true, columns.types=int:int, columns=a,b, numFilesErasureCoded=0, columns.comments=&amp#0;, bucketing_version=2, serialization.lib=org.apache.hadoop.hive.ql.io.orc.OrcSerde, file.inputformat=org.apache.hadoop.hive.ql.io.orc.OrcInputFormat, file.outputformat=org.apache.hadoop.hive.ql.io.orc.OrcOutputFormat, location=file:/home/alex/Repositories/hive/ql/target/tmp/org.apache.hadoop.hive.ql.TestTxnCommands3-1713944903826/warehouse/t, column.name.delimiter=,}, tableProperties={transactional_properties=default, name=default.t, transactional=true, columns.types=int:int, columns=a,b, numFilesErasureCoded=0, columns.comments=&amp#0;, bucketing_version=2, serialization.lib=org.apache.hadoop.hive.ql.io.orc.OrcSerde, file.inputformat=org.apache.hadoop.hive.ql.io.orc.OrcInputFormat, location=file:/home/alex/Repositories/hive/ql/target/tmp/org.apache.hadoop.hive.ql.TestTxnCommands3-1713944903826/warehouse/t, file.outputformat=org.apache.hadoop.hive.ql.io.orc.OrcOutputFormat, column.name.delimiter=,}, partitionProperties=Optional.empty, columnNames=[a, b], columnTypes=[int, int], getClass()=class org.apache.hadoop.hive.ql.io.orc.OrcSerde] and formatter : org.apache.hadoop.hive.ql.io.orc.OrcOutputFormat@775ccd7a
2024-04-24T00:48:46,280  INFO [LocalJobRunner Map Task Executor #0] exec.FileSinkOperator: Final Path: FS file:/home/alex/Repositories/hive/ql/target/tmp/org.apache.hadoop.hive.ql.TestTxnCommands3-1713944903826/warehouse/t
2024-04-24T00:48:46,280  INFO [LocalJobRunner Map Task Executor #0] exec.FileSinkOperator: New Final Path: FS file:/home/alex/Repositories/hive/ql/target/tmp/org.apache.hadoop.hive.ql.TestTxnCommands3-1713944903826/warehouse/t
2024-04-24T00:48:46,280  INFO [LocalJobRunner Map Task Executor #0] common.FileUtils: Creating directory if it doesn't exist: file:/home/alex/Repositories/hive/ql/target/tmp/org.apache.hadoop.hive.ql.TestTxnCommands3-1713944903826/warehouse
2024-04-24T00:48:46,283  INFO [LocalJobRunner Map Task Executor #0] exec.FileSinkOperator: FS[4]: records written - 1
2024-04-24T00:48:46,283  INFO [LocalJobRunner Map Task Executor #0] impl.PhysicalFsWriter: ORC writer created for path: file:/home/alex/Repositories/hive/ql/target/tmp/org.apache.hadoop.hive.ql.TestTxnCommands3-1713944903826/warehouse/t/delta_0000001_0000001_0000/bucket_00000_0 with stripeSize: 8388608 blockSize: 268435456 compression: Compress: ZLIB buffer: 32768
2024-04-24T00:48:46,290  INFO [LocalJobRunner Map Task Executor #0] impl.WriterImpl: ORC writer created for path: file:/home/alex/Repositories/hive/ql/target/tmp/org.apache.hadoop.hive.ql.TestTxnCommands3-1713944903826/warehouse/t/delta_0000001_0000001_0000/bucket_00000_0 with stripeSize: 8388608 options: Compress: ZLIB buffer: 32768
2024-04-24T00:48:46,296  INFO [LocalJobRunner Map Task Executor #0] exec.MapOperator: MAP[0]: records read - 1
2024-04-24T00:48:46,296  INFO [LocalJobRunner Map Task Executor #0] exec.MapOperator: Closing Operator: MAP[0]
2024-04-24T00:48:46,296  INFO [LocalJobRunner Map Task Executor #0] exec.MapOperator: MAP[0]: Total records read - 3. abort - false
2024-04-24T00:48:46,296  INFO [LocalJobRunner Map Task Executor #0] exec.MapOperator: DESERIALIZE_ERRORS:0, RECORDS_IN:3, RECORDS_OUT_OPERATOR_MAP_0:0, RECORDS_OUT_INTERMEDIATE:0, 
2024-04-24T00:48:46,296  INFO [LocalJobRunner Map Task Executor #0] exec.TableScanOperator: Closing Operator: TS[0]
2024-04-24T00:48:46,297  INFO [LocalJobRunner Map Task Executor #0] exec.TableScanOperator: RECORDS_OUT_INTERMEDIATE:0, RECORDS_OUT_OPERATOR_TS_0:1, 
2024-04-24T00:48:46,297  INFO [LocalJobRunner Map Task Executor #0] exec.SelectOperator: Closing Operator: SEL[1]
2024-04-24T00:48:46,297  INFO [LocalJobRunner Map Task Executor #0] exec.SelectOperator: RECORDS_OUT_OPERATOR_SEL_1:1, RECORDS_OUT_INTERMEDIATE:0, 
2024-04-24T00:48:46,297  INFO [LocalJobRunner Map Task Executor #0] exec.UDTFOperator: Closing Operator: UDTF[2]
2024-04-24T00:48:46,297  INFO [LocalJobRunner Map Task Executor #0] exec.UDTFOperator: RECORDS_OUT_OPERATOR_UDTF_2:2, RECORDS_OUT_INTERMEDIATE:0, 
2024-04-24T00:48:46,297  INFO [LocalJobRunner Map Task Executor #0] exec.SelectOperator: Closing Operator: SEL[3]
2024-04-24T00:48:46,297  INFO [LocalJobRunner Map Task Executor #0] exec.SelectOperator: RECORDS_OUT_OPERATOR_SEL_3:2, RECORDS_OUT_INTERMEDIATE:0, 
2024-04-24T00:48:46,297  INFO [LocalJobRunner Map Task Executor #0] exec.FileSinkOperator: Closing Operator: FS[4]
2024-04-24T00:48:46,297  INFO [LocalJobRunner Map Task Executor #0] exec.FileSinkOperator: FS[4]: records written - 2
2024-04-24T00:48:46,301  INFO [LocalJobRunner Map Task Executor #0] FileOperations: Writing manifest to file:/home/alex/Repositories/hive/ql/target/tmp/org.apache.hadoop.hive.ql.TestTxnCommands3-1713944903826/warehouse/t/_tmp.delta_0000001_0000001_0000/000000_0.manifest with [file:/home/alex/Repositories/hive/ql/target/tmp/org.apache.hadoop.hive.ql.TestTxnCommands3-1713944903826/warehouse/t/delta_0000001_0000001_0000/bucket_00000_0]
2024-04-24T00:48:46,313  INFO [LocalJobRunner Map Task Executor #0] exec.FileSinkOperator: RECORDS_OUT_OPERATOR_FS_4:2, RECORDS_OUT_1_default.t:2, TOTAL_TABLE_ROWS_WRITTEN:2, RECORDS_OUT_INTERMEDIATE:0, 
2024-04-24T00:48:46,314  INFO [LocalJobRunner Map Task Executor #0] mapred.LocalJobRunner: 
2024-04-24T00:48:46,316  INFO [LocalJobRunner Map Task Executor #0] mapred.Task: Task:attempt_local549455204_0005_m_000000_0 is done. And is in the process of committing
2024-04-24T00:48:46,317  INFO [LocalJobRunner Map Task Executor #0] mapred.LocalJobRunner: map
2024-04-24T00:48:46,317  INFO [LocalJobRunner Map Task Executor #0] mapred.Task: Task 'attempt_local549455204_0005_m_000000_0' done.
2024-04-24T00:48:46,317  INFO [LocalJobRunner Map Task Executor #0] mapred.Task: Final Counters for attempt_local549455204_0005_m_000000_0: Counters: 27
	File System Counters
		FILE: Number of bytes read=158993
		FILE: Number of bytes written=5906890
		FILE: Number of read operations=0
		FILE: Number of large read operations=0
		FILE: Number of write operations=0
	Map-Reduce Framework
		Map input records=4
		Map output records=0
		Input split bytes=361
		Spilled Records=0
		Failed Shuffles=0
		Merged Map outputs=0
		GC time elapsed (ms)=0
		Total committed heap usage (bytes)=1023410176
	HIVE
		CREATED_FILES=1
		DESERIALIZE_ERRORS=0
		RECORDS_IN=3
		RECORDS_OUT_1_default.t=2
		RECORDS_OUT_INTERMEDIATE=0
		RECORDS_OUT_OPERATOR_FS_4=2
		RECORDS_OUT_OPERATOR_MAP_0=0
		RECORDS_OUT_OPERATOR_SEL_1=1
		RECORDS_OUT_OPERATOR_SEL_3=2
		RECORDS_OUT_OPERATOR_TS_0=1
		RECORDS_OUT_OPERATOR_UDTF_2=2
		TOTAL_TABLE_ROWS_WRITTEN=2
	File Input Format Counters 
		Bytes Read=5770
	File Output Format Counters 
		Bytes Written=0
2024-04-24T00:48:46,317  INFO [LocalJobRunner Map Task Executor #0] mapred.LocalJobRunner: Finishing task: attempt_local549455204_0005_m_000000_0
2024-04-24T00:48:46,317  INFO [Thread-406] mapred.LocalJobRunner: map task executor complete.
2024-04-24 00:48:47,265 Stage-1 map = 100%,  reduce = 0%
2024-04-24T00:48:47,265  INFO [main] exec.Task: 2024-04-24 00:48:47,265 Stage-1 map = 100%,  reduce = 0%
Ended Job = job_local549455204_0005
2024-04-24T00:48:47,266  INFO [main] exec.Task: Ended Job = job_local549455204_0005
2024-04-24T00:48:47,267  INFO [main] FileOperations: Found manifest file file:/home/alex/Repositories/hive/ql/target/tmp/org.apache.hadoop.hive.ql.TestTxnCommands3-1713944903826/warehouse/t/_tmp.delta_0000001_0000001_0000/000000_0.manifest with attemptId 0.
2024-04-24T00:48:47,267  INFO [main] FileOperations: Looking at manifest file: file:/home/alex/Repositories/hive/ql/target/tmp/org.apache.hadoop.hive.ql.TestTxnCommands3-1713944903826/warehouse/t/_tmp.delta_0000001_0000001_0000/000000_0.manifest
2024-04-24T00:48:47,267  INFO [main] FileOperations: Deleting manifest directory file:/home/alex/Repositories/hive/ql/target/tmp/org.apache.hadoop.hive.ql.TestTxnCommands3-1713944903826/warehouse/t/_tmp.delta_0000001_0000001_0000
2024-04-24T00:48:47,269  INFO [main] ql.Driver: Starting task [Stage-0:MOVE] in serial mode
Loading data to table default.t
2024-04-24T00:48:47,269  INFO [main] exec.Task: Loading data to table default.t from file:/home/alex/Repositories/hive/ql/target/tmp/org.apache.hadoop.hive.ql.TestTxnCommands3-1713944903826/warehouse/t
2024-04-24T00:48:47,269  INFO [main] HiveMetaStore.audit: ugi=alex	ip=unknown-ip-addr	cmd=get_table : tbl=hive.default.t	
2024-04-24T00:48:47,281  INFO [main] metastore.HMSHandler: Skipping translation for processor with null
2024-04-24T00:48:47,282  INFO [main] HiveMetaStore.audit: ugi=alex	ip=unknown-ip-addr	cmd=get_table : tbl=hive.default.t	
2024-04-24T00:48:47,296  INFO [main] metastore.HMSHandler: Skipping translation for processor with null
2024-04-24T00:48:47,297  INFO [main] HiveMetaStore.audit: ugi=alex	ip=unknown-ip-addr	cmd=alter_table: hive.default.t newtbl=t	
2024-04-24T00:48:47,361  INFO [main] ql.Driver: Starting task [Stage-2:STATS] in serial mode
2024-04-24T00:48:47,361  INFO [main] HiveMetaStore.audit: ugi=alex	ip=unknown-ip-addr	cmd=get_table : tbl=hive.default.t	
2024-04-24T00:48:47,374  INFO [main] metastore.HMSHandler: Skipping translation for processor with null
2024-04-24T00:48:47,374  INFO [main] stats.BasicStatsTask: Executing stats task
2024-04-24T00:48:47,374  INFO [main] fs.FSStatsPublisher: created : file:/home/alex/Repositories/hive/ql/target/tmp/localscratchdir/5a24cdd8-45f9-4b5f-bc90-9fcec7eb9602/hive_2024-04-24_00-48-45_595_3308202699009959062-1/-mr-10000
2024-04-24T00:48:47,376  INFO [main] HiveMetaStore.audit: ugi=alex	ip=unknown-ip-addr	cmd=get_table : tbl=hive.default.t	
2024-04-24T00:48:47,389  INFO [main] metastore.HMSHandler: Skipping translation for processor with null
2024-04-24T00:48:47,399  WARN [main] FileOperations: Computing stats for an ACID table; stats may be inaccurate
2024-04-24T00:48:47,399  INFO [main] FileOperations: Read stats for default.t/, numRows, true, 2, false: 
2024-04-24T00:48:47,399  INFO [main] FileOperations: Read stats for default.t/, rawDataSize, true, 0, false: 
2024-04-24T00:48:47,400  INFO [main] HiveMetaStore.audit: ugi=alex	ip=unknown-ip-addr	cmd=alter_table: hive.default.t newtbl=t	
2024-04-24T00:48:47,437  INFO [main] FileOperations: Read stats for default.t/, insertCount, true, 2, false: 
2024-04-24T00:48:47,437  INFO [main] FileOperations: Read stats for default.t/, updateCount, true, 0, false: 
2024-04-24T00:48:47,437  INFO [main] FileOperations: Read stats for default.t/, deleteCount, true, 0, false: 
2024-04-24T00:48:47,441  INFO [main] stats.BasicStatsTask: Table default.t stats: [numFiles=1, numRows=2, totalSize=687, rawDataSize=0, numFilesErasureCoded=0]
2024-04-24T00:48:47,442  INFO [main] metadata.Hive: Dumping metastore api call timing information for : execution phase
2024-04-24T00:48:47,442  INFO [main] metadata.Hive: Total time spent in each metastore function (ms): {alter_table_(String, String, String, Table, EnvironmentContext, String)=102, isCompatibleWith_(Configuration)=0, getTable_(GetTableRequest)=53, updateTransactionalStatistics_(UpdateTransactionalStatsRequest)=4}
MapReduce Jobs Launched: 
2024-04-24T00:48:47,443  INFO [main] ql.Driver: MapReduce Jobs Launched: 
Stage-Stage-1:  HDFS Read: 0 HDFS Write: 0 SUCCESS
2024-04-24T00:48:47,443  INFO [main] ql.Driver: Stage-Stage-1:  HDFS Read: 0 HDFS Write: 0 SUCCESS
Total MapReduce CPU Time Spent: 0 msec
2024-04-24T00:48:47,443  INFO [main] ql.Driver: Total MapReduce CPU Time Spent: 0 msec
2024-04-24T00:48:47,443  INFO [main] ql.Driver: Completed executing command(queryId=alex_20240424004845_b99f7af8-6d20-4a6e-813d-ebc1a1c52da8); Time taken: 1.498 seconds
2024-04-24T00:48:47,443  INFO [main] lockmgr.DbTxnManager: Stopped heartbeat for query: alex_20240424004845_b99f7af8-6d20-4a6e-813d-ebc1a1c52da8
2024-04-24T00:48:47,459  INFO [main] txn.TxnHandler: Removed transactions: ([15]) from MIN_HISTORY_LEVEL
2024-04-24T00:48:47,460  WARN [main] txn.CompactionTxnHandler: No compaction queue record found for Compaction type transaction commit. txnId:15
2024-04-24T00:48:47,461  INFO [main] ql.TxnCommandsBaseForTests: Running the query: insert into T values(4,6),(1,3)
2024-04-24T00:48:47,461  INFO [main] ql.Context: Deleting scratch dir: file:/home/alex/Repositories/hive/ql/target/tmp/localscratchdir/5a24cdd8-45f9-4b5f-bc90-9fcec7eb9602/hive_2024-04-24_00-48-45_595_3308202699009959062-1
2024-04-24T00:48:47,462  INFO [main] cleanup.SyncCleanupService: Deleted directory: file:/home/alex/Repositories/hive/ql/target/tmp/localscratchdir/5a24cdd8-45f9-4b5f-bc90-9fcec7eb9602/hive_2024-04-24_00-48-45_595_3308202699009959062-1 on fs with scheme file
2024-04-24T00:48:47,463  INFO [main] ql.Driver: Compiling command(queryId=alex_20240424004847_13897e50-e2bd-4ea7-9282-9699c5eb9624): insert into T values(4,6),(1,3)
2024-04-24T00:48:47,467  INFO [main] txn.TxnHandler: Added entries to MIN_HISTORY_LEVEL for current txns: ([16]) with min_open_txn: 16
2024-04-24T00:48:47,467  INFO [main] lockmgr.DbTxnManager: Opened txnid:16
2024-04-24T00:48:47,468  INFO [main] parse.CalcitePlanner: Starting caching scope for: 
2024-04-24T00:48:47,468  INFO [main] parse.CalcitePlanner: Starting Semantic Analysis
2024-04-24T00:48:47,472  INFO [main] HiveMetaStore.audit: ugi=alex	ip=unknown-ip-addr	cmd=get_table : tbl=hive.default.T	
2024-04-24T00:48:47,483  INFO [main] metastore.HMSHandler: Skipping translation for processor with null
2024-04-24T00:48:47,483  INFO [main] parse.CalcitePlanner: Completed phase 1 of Semantic Analysis
2024-04-24T00:48:47,483  INFO [main] parse.CalcitePlanner: Get metadata for source tables
2024-04-24T00:48:47,483  INFO [main] parse.CalcitePlanner: Get metadata for subqueries
2024-04-24T00:48:47,483  INFO [main] parse.CalcitePlanner: Get metadata for destination tables
2024-04-24T00:48:47,484  INFO [main] HiveMetaStore.audit: ugi=alex	ip=unknown-ip-addr	cmd=get_table : tbl=hive.default.T	
2024-04-24T00:48:47,494  INFO [main] metastore.HMSHandler: Skipping translation for processor with null
2024-04-24T00:48:47,495  INFO [main] parse.CalcitePlanner: Completed getting MetaData in Semantic Analysis
2024-04-24T00:48:47,495  INFO [main] parse.CalcitePlanner: Disabling LLAP IO encode as ETL query is detected
2024-04-24T00:48:47,518  INFO [main] HiveMetaStore.audit: ugi=alex	ip=unknown-ip-addr	cmd=get_all_table_constraints : tbl=hive._dummy_database._dummy_table	
2024-04-24T00:48:47,587  INFO [main] parse.CalcitePlanner: Get metadata for source tables
2024-04-24T00:48:47,587  INFO [main] parse.CalcitePlanner: Get metadata for subqueries
2024-04-24T00:48:47,587  INFO [main] parse.CalcitePlanner: Get metadata for source tables
2024-04-24T00:48:47,588  INFO [main] HiveMetaStore.audit: ugi=alex	ip=unknown-ip-addr	cmd=get_table : tbl=hive._dummy_database._dummy_table	
2024-04-24T00:48:47,591  INFO [main] parse.CalcitePlanner: Get metadata for subqueries
2024-04-24T00:48:47,592  INFO [main] parse.CalcitePlanner: Get metadata for destination tables
2024-04-24T00:48:47,592  INFO [main] parse.CalcitePlanner: Get metadata for destination tables
2024-04-24T00:48:47,592  INFO [main] HiveMetaStore.audit: ugi=alex	ip=unknown-ip-addr	cmd=get_table : tbl=hive.default.T	
2024-04-24T00:48:47,601  INFO [main] metastore.HMSHandler: Skipping translation for processor with null
2024-04-24T00:48:47,604  INFO [main] HiveMetaStore.audit: ugi=alex	ip=unknown-ip-addr	cmd=get_not_null_constraints : tbl=hive.default.t	
2024-04-24T00:48:47,605  INFO [main] HiveMetaStore.audit: ugi=alex	ip=unknown-ip-addr	cmd=get_check_constraints : tbl=hive.default.t	
2024-04-24T00:48:47,613  INFO [main] txn.TxnHandler: Allocated writeId: 2 for txnId: 16
2024-04-24T00:48:47,613  INFO [main] txn.TxnHandler: Allocated write ids for dbName=default, tblName=t (txnIds: [16])
2024-04-24T00:48:47,614  INFO [main] parse.CalcitePlanner: CBO Succeeded; optimized logical plan.
2024-04-24T00:48:47,617  INFO [main] optimizer.BucketVersionPopulator: not considering bucketingVersion for: TS[0] because it has -1<2 buckets 
2024-04-24T00:48:47,618  INFO [main] optimizer.SortedDynPartitionOptimizer: Sorted dynamic partitioning optimization kicked in..
2024-04-24T00:48:47,627  INFO [main] HiveMetaStore.audit: ugi=alex	ip=unknown-ip-addr	cmd=get_table : tbl=hive.default.t	
2024-04-24T00:48:47,638  INFO [main] metastore.HMSHandler: Skipping translation for processor with null
2024-04-24T00:48:47,639  INFO [main] physical.Vectorizer: Examining input format to see if vectorization is enabled.
2024-04-24T00:48:47,639  INFO [main] physical.Vectorizer: Map vectorization enabled: false
2024-04-24T00:48:47,639  INFO [main] physical.Vectorizer: Map vectorized: false
2024-04-24T00:48:47,639  INFO [main] physical.Vectorizer: Map vectorizedVertexNum: 0
2024-04-24T00:48:47,639  INFO [main] physical.Vectorizer: Map enabledConditionsMet: [hive.vectorized.use.vectorized.input.format IS true]
2024-04-24T00:48:47,639  INFO [main] physical.Vectorizer: Map enabledConditionsNotMet: [Could not enable vectorization due to partition column names size 1 is greater than the number of table column names size 0 IS false]
2024-04-24T00:48:47,640  INFO [main] physical.Vectorizer: Map inputFileFormatClassNameSet: [org.apache.hadoop.hive.ql.io.NullRowsInputFormat]
2024-04-24T00:48:47,640  INFO [main] parse.CalcitePlanner: Completed plan generation
2024-04-24T00:48:47,640  INFO [main] parse.CalcitePlanner: Ending caching scope for: 
2024-04-24T00:48:47,640  INFO [main] ql.Driver: Semantic Analysis Completed (retrial = false)
2024-04-24T00:48:47,640  INFO [main] ql.Driver: Created Hive schema: Schema(fieldSchemas:[FieldSchema(name:col1, type:int, comment:null), FieldSchema(name:col2, type:int, comment:null)], properties:null)
2024-04-24T00:48:47,640  INFO [main] metadata.Hive: Dumping metastore api call timing information for : compilation phase
2024-04-24T00:48:47,640  INFO [main] metadata.Hive: Total time spent in each metastore function (ms): {getTable_(GetTableRequest)=43, allocateTableWriteId_(long, String, String)=7, getNotNullConstraints_(NotNullConstraintsRequest)=1, getCheckConstraints_(CheckConstraintsRequest)=1, commitTxn_(CommitTxnRequest)=17, flushCache_()=0, getValidTxns_(long)=1, getAllTableConstraints_(AllTableConstraintsRequest)=6, getValidWriteIds_(List, String)=5, isCompatibleWith_(Configuration)=2, openTxn_(String, TxnType)=3}
2024-04-24T00:48:47,640  INFO [main] ql.Driver: Completed compiling command(queryId=alex_20240424004847_13897e50-e2bd-4ea7-9282-9699c5eb9624); Time taken: 0.177 seconds
2024-04-24T00:48:47,640  INFO [main] lockmgr.DbTxnManager: Setting lock request transaction to txnid:16 for queryId=alex_20240424004847_13897e50-e2bd-4ea7-9282-9699c5eb9624
2024-04-24T00:48:47,641  INFO [main] lockmgr.DbLockManager: Requesting lock for queryId=alex_20240424004847_13897e50-e2bd-4ea7-9282-9699c5eb9624
2024-04-24T00:48:47,659  INFO [main] lockmgr.DbLockManager: Response to queryId=alex_20240424004847_13897e50-e2bd-4ea7-9282-9699c5eb9624 LockResponse(lockid:9, state:ACQUIRED)
2024-04-24T00:48:47,659  INFO [main] ql.Driver: Operation QUERY obtained 1 locks
2024-04-24T00:48:47,662  INFO [main] ql.Driver: Executing command(queryId=alex_20240424004847_13897e50-e2bd-4ea7-9282-9699c5eb9624): insert into T values(4,6),(1,3)
2024-04-24T00:48:47,663  WARN [main] ql.Driver: Hive-on-MR is deprecated in Hive 2 and may not be available in the future versions. Consider using a different execution engine (i.e. tez, spark) or using Hive 1.X releases.
Query ID = alex_20240424004847_13897e50-e2bd-4ea7-9282-9699c5eb9624
2024-04-24T00:48:47,663  INFO [main] ql.Driver: Query ID = alex_20240424004847_13897e50-e2bd-4ea7-9282-9699c5eb9624
Total jobs = 1
2024-04-24T00:48:47,663  INFO [main] ql.Driver: Total jobs = 1
Launching Job 1 out of 1
2024-04-24T00:48:47,663  INFO [main] ql.Driver: Launching Job 1 out of 1
2024-04-24T00:48:47,819  INFO [main] ql.Driver: Starting task [Stage-1:MAPRED] in serial mode
Number of reduce tasks is set to 0 since there's no reduce operator
2024-04-24T00:48:47,819  INFO [main] exec.Task: Number of reduce tasks is set to 0 since there's no reduce operator
2024-04-24T00:48:47,822  INFO [main] mr.ExecDriver: Using org.apache.hadoop.hive.ql.io.HiveInputFormat
2024-04-24T00:48:47,822  INFO [main] exec.Utilities: Processing alias $hdt$_0:_dummy_table
2024-04-24T00:48:47,822  INFO [main] exec.Utilities: Adding 1 inputs; the first input is file:/home/alex/Repositories/hive/ql/target/tmp/localscratchdir/5a24cdd8-45f9-4b5f-bc90-9fcec7eb9602/hive_2024-04-24_00-48-47_462_6795421066321011488-1/dummy_path
2024-04-24T00:48:47,833  INFO [main] exec.SerializationUtilities: Serializing MapWork using kryo
2024-04-24T00:48:47,834  INFO [main] exec.Utilities: Serialized plan (via FILE) - name: null size: 5,71KB
2024-04-24T00:48:47,835  WARN [main] impl.MetricsSystemImpl: JobTracker metrics system already initialized!
2024-04-24T00:48:47,839  INFO [main] fs.FSStatsPublisher: created : file:/home/alex/Repositories/hive/ql/target/tmp/localscratchdir/5a24cdd8-45f9-4b5f-bc90-9fcec7eb9602/hive_2024-04-24_00-48-47_462_6795421066321011488-1/-mr-10000
2024-04-24T00:48:47,841  WARN [main] impl.MetricsSystemImpl: JobTracker metrics system already initialized!
2024-04-24T00:48:47,849  WARN [main] mapreduce.JobResourceUploader: Hadoop command-line option parsing not performed. Implement the Tool interface and execute your application with ToolRunner to remedy this.
2024-04-24T00:48:47,854  WARN [main] mapreduce.JobResourceUploader: No job jar file set.  User classes may not be found. See Job or Job#setJar(String).
2024-04-24T00:48:47,855  INFO [main] io.HiveInputFormat: hive.io.file.readcolumn.ids = 
2024-04-24T00:48:47,855  INFO [main] io.HiveInputFormat: hive.io.file.readcolumn.names = 
2024-04-24T00:48:47,855  INFO [main] io.HiveInputFormat: Generating splits for dirs: file:/home/alex/Repositories/hive/ql/target/tmp/localscratchdir/5a24cdd8-45f9-4b5f-bc90-9fcec7eb9602/hive_2024-04-24_00-48-47_462_6795421066321011488-1/dummy_path
2024-04-24T00:48:47,856  INFO [main] io.HiveInputFormat: number of splits 1
2024-04-24T00:48:47,874  INFO [main] mapreduce.JobSubmitter: number of splits:1
2024-04-24T00:48:47,893  INFO [main] mapreduce.JobSubmitter: Submitting tokens for job: job_local1534238598_0006
2024-04-24T00:48:47,894  INFO [main] mapreduce.JobSubmitter: Executing with tokens: []
2024-04-24T00:48:47,957  INFO [main] mapreduce.Job: The url to track the job: http://localhost:8080/
Job running in-process (local Hadoop)
2024-04-24T00:48:47,957  INFO [main] exec.Task: Job running in-process (local Hadoop)
2024-04-24T00:48:47,957  INFO [Thread-452] mapred.LocalJobRunner: OutputCommitter set in config org.apache.hadoop.hive.ql.io.HiveFileFormatUtils$NullOutputCommitter
2024-04-24T00:48:47,957  INFO [Thread-452] mapred.LocalJobRunner: OutputCommitter is org.apache.hadoop.hive.ql.io.HiveFileFormatUtils$NullOutputCommitter
2024-04-24T00:48:47,959  INFO [Thread-452] mapred.LocalJobRunner: Waiting for map tasks
2024-04-24T00:48:47,959  INFO [LocalJobRunner Map Task Executor #0] mapred.LocalJobRunner: Starting task: attempt_local1534238598_0006_m_000000_0
2024-04-24T00:48:47,959  INFO [LocalJobRunner Map Task Executor #0] mapred.Task:  Using ResourceCalculatorProcessTree : [ ]
2024-04-24T00:48:47,960  INFO [LocalJobRunner Map Task Executor #0] mapred.MapTask: Processing split: org.apache.hadoop.hive.ql.io.NullRowsInputFormat:file:/home/alex/Repositories/hive/ql/target/tmp/localscratchdir/5a24cdd8-45f9-4b5f-bc90-9fcec7eb9602/hive_2024-04-24_00-48-47_462_6795421066321011488-1/dummy_path/null:0+1
2024-04-24T00:48:47,961  INFO [LocalJobRunner Map Task Executor #0] exec.SerializationUtilities: Deserializing MapWork using kryo
2024-04-24T00:48:47,961  INFO [LocalJobRunner Map Task Executor #0] exec.Utilities: Deserialized plan (via FILE) - name: null size: 5,71KB
2024-04-24T00:48:47,962  INFO [LocalJobRunner Map Task Executor #0] mapred.MapTask: numReduceTasks: 0
2024-04-24T00:48:47,962  INFO [LocalJobRunner Map Task Executor #0] exec.MapOperator: Initializing Operator: MAP[0]
2024-04-24T00:48:47,962  INFO [LocalJobRunner Map Task Executor #0] mr.ExecMapper: 
<MAP>Id =0
  <Children>null
  <\Children>
  <Parent><\Parent>
<\MAP>
2024-04-24T00:48:47,963  INFO [LocalJobRunner Map Task Executor #0] exec.TableScanOperator: Initializing Operator: TS[0]
2024-04-24T00:48:47,963  INFO [LocalJobRunner Map Task Executor #0] exec.SelectOperator: Initializing Operator: SEL[1]
2024-04-24T00:48:47,963  INFO [LocalJobRunner Map Task Executor #0] exec.SelectOperator: SELECT null
2024-04-24T00:48:47,964  INFO [LocalJobRunner Map Task Executor #0] exec.UDTFOperator: Initializing Operator: UDTF[2]
2024-04-24T00:48:47,964  INFO [LocalJobRunner Map Task Executor #0] exec.SelectOperator: Initializing Operator: SEL[3]
2024-04-24T00:48:47,964  INFO [LocalJobRunner Map Task Executor #0] exec.SelectOperator: SELECT struct<col1:int,col2:int>
2024-04-24T00:48:47,964  INFO [LocalJobRunner Map Task Executor #0] exec.FileSinkOperator: Initializing Operator: FS[4]
2024-04-24T00:48:47,964  INFO [LocalJobRunner Map Task Executor #0] exec.FileSinkOperator: Using serializer : AbstractSerDe [log=org.apache.logging.slf4j.Log4jLogger@7cecb575, configuration=Optional[Configuration: core-default.xml, core-site.xml, mapred-default.xml, mapred-site.xml, yarn-default.xml, yarn-site.xml, hdfs-default.xml, hdfs-site.xml, file:/home/alex/Repositories/hive/ql/target/tmp/TestTxnCommands3/mapred/local/localRunner/alex/job_local1534238598_0006/job_local1534238598_0006.xml], properties={transactional_properties=default, name=default.t, transactional=true, columns.types=int:int, columns=a,b, numFilesErasureCoded=0, columns.comments=&amp#0;, bucketing_version=2, serialization.lib=org.apache.hadoop.hive.ql.io.orc.OrcSerde, file.inputformat=org.apache.hadoop.hive.ql.io.orc.OrcInputFormat, file.outputformat=org.apache.hadoop.hive.ql.io.orc.OrcOutputFormat, location=file:/home/alex/Repositories/hive/ql/target/tmp/org.apache.hadoop.hive.ql.TestTxnCommands3-1713944903826/warehouse/t, column.name.delimiter=,}, tableProperties={transactional_properties=default, name=default.t, transactional=true, columns.types=int:int, columns=a,b, numFilesErasureCoded=0, columns.comments=&amp#0;, bucketing_version=2, serialization.lib=org.apache.hadoop.hive.ql.io.orc.OrcSerde, file.inputformat=org.apache.hadoop.hive.ql.io.orc.OrcInputFormat, location=file:/home/alex/Repositories/hive/ql/target/tmp/org.apache.hadoop.hive.ql.TestTxnCommands3-1713944903826/warehouse/t, file.outputformat=org.apache.hadoop.hive.ql.io.orc.OrcOutputFormat, column.name.delimiter=,}, partitionProperties=Optional.empty, columnNames=[a, b], columnTypes=[int, int], getClass()=class org.apache.hadoop.hive.ql.io.orc.OrcSerde] and formatter : org.apache.hadoop.hive.ql.io.orc.OrcOutputFormat@6daca43d
2024-04-24T00:48:47,965  INFO [LocalJobRunner Map Task Executor #0] exec.FileSinkOperator: Final Path: FS file:/home/alex/Repositories/hive/ql/target/tmp/org.apache.hadoop.hive.ql.TestTxnCommands3-1713944903826/warehouse/t
2024-04-24T00:48:47,965  INFO [LocalJobRunner Map Task Executor #0] exec.FileSinkOperator: New Final Path: FS file:/home/alex/Repositories/hive/ql/target/tmp/org.apache.hadoop.hive.ql.TestTxnCommands3-1713944903826/warehouse/t
2024-04-24T00:48:47,965  INFO [LocalJobRunner Map Task Executor #0] common.FileUtils: Creating directory if it doesn't exist: file:/home/alex/Repositories/hive/ql/target/tmp/org.apache.hadoop.hive.ql.TestTxnCommands3-1713944903826/warehouse
2024-04-24T00:48:47,966  INFO [LocalJobRunner Map Task Executor #0] exec.FileSinkOperator: FS[4]: records written - 1
2024-04-24T00:48:47,966  INFO [LocalJobRunner Map Task Executor #0] impl.PhysicalFsWriter: ORC writer created for path: file:/home/alex/Repositories/hive/ql/target/tmp/org.apache.hadoop.hive.ql.TestTxnCommands3-1713944903826/warehouse/t/delta_0000002_0000002_0000/bucket_00000_0 with stripeSize: 8388608 blockSize: 268435456 compression: Compress: ZLIB buffer: 32768
2024-04-24T00:48:47,973  INFO [LocalJobRunner Map Task Executor #0] impl.WriterImpl: ORC writer created for path: file:/home/alex/Repositories/hive/ql/target/tmp/org.apache.hadoop.hive.ql.TestTxnCommands3-1713944903826/warehouse/t/delta_0000002_0000002_0000/bucket_00000_0 with stripeSize: 8388608 options: Compress: ZLIB buffer: 32768
2024-04-24T00:48:47,977  INFO [LocalJobRunner Map Task Executor #0] exec.MapOperator: MAP[0]: records read - 1
2024-04-24T00:48:47,978  INFO [LocalJobRunner Map Task Executor #0] exec.MapOperator: Closing Operator: MAP[0]
2024-04-24T00:48:47,978  INFO [LocalJobRunner Map Task Executor #0] exec.MapOperator: MAP[0]: Total records read - 3. abort - false
2024-04-24T00:48:47,978  INFO [LocalJobRunner Map Task Executor #0] exec.MapOperator: DESERIALIZE_ERRORS:0, RECORDS_IN:3, RECORDS_OUT_OPERATOR_MAP_0:0, RECORDS_OUT_INTERMEDIATE:0, 
2024-04-24T00:48:47,978  INFO [LocalJobRunner Map Task Executor #0] exec.TableScanOperator: Closing Operator: TS[0]
2024-04-24T00:48:47,978  INFO [LocalJobRunner Map Task Executor #0] exec.TableScanOperator: RECORDS_OUT_INTERMEDIATE:0, RECORDS_OUT_OPERATOR_TS_0:1, 
2024-04-24T00:48:47,978  INFO [LocalJobRunner Map Task Executor #0] exec.SelectOperator: Closing Operator: SEL[1]
2024-04-24T00:48:47,978  INFO [LocalJobRunner Map Task Executor #0] exec.SelectOperator: RECORDS_OUT_INTERMEDIATE:0, RECORDS_OUT_OPERATOR_SEL_1:1, 
2024-04-24T00:48:47,978  INFO [LocalJobRunner Map Task Executor #0] exec.UDTFOperator: Closing Operator: UDTF[2]
2024-04-24T00:48:47,978  INFO [LocalJobRunner Map Task Executor #0] exec.UDTFOperator: RECORDS_OUT_INTERMEDIATE:0, RECORDS_OUT_OPERATOR_UDTF_2:2, 
2024-04-24T00:48:47,978  INFO [LocalJobRunner Map Task Executor #0] exec.SelectOperator: Closing Operator: SEL[3]
2024-04-24T00:48:47,978  INFO [LocalJobRunner Map Task Executor #0] exec.SelectOperator: RECORDS_OUT_INTERMEDIATE:0, RECORDS_OUT_OPERATOR_SEL_3:2, 
2024-04-24T00:48:47,978  INFO [LocalJobRunner Map Task Executor #0] exec.FileSinkOperator: Closing Operator: FS[4]
2024-04-24T00:48:47,978  INFO [LocalJobRunner Map Task Executor #0] exec.FileSinkOperator: FS[4]: records written - 2
2024-04-24T00:48:47,981  INFO [LocalJobRunner Map Task Executor #0] FileOperations: Writing manifest to file:/home/alex/Repositories/hive/ql/target/tmp/org.apache.hadoop.hive.ql.TestTxnCommands3-1713944903826/warehouse/t/_tmp.delta_0000002_0000002_0000/000000_0.manifest with [file:/home/alex/Repositories/hive/ql/target/tmp/org.apache.hadoop.hive.ql.TestTxnCommands3-1713944903826/warehouse/t/delta_0000002_0000002_0000/bucket_00000_0]
2024-04-24T00:48:47,992  INFO [LocalJobRunner Map Task Executor #0] exec.FileSinkOperator: RECORDS_OUT_OPERATOR_FS_4:2, RECORDS_OUT_1_default.t:2, TOTAL_TABLE_ROWS_WRITTEN:2, RECORDS_OUT_INTERMEDIATE:0, 
2024-04-24T00:48:47,993  INFO [LocalJobRunner Map Task Executor #0] mapred.LocalJobRunner: 
2024-04-24T00:48:47,993  INFO [LocalJobRunner Map Task Executor #0] mapred.Task: Task:attempt_local1534238598_0006_m_000000_0 is done. And is in the process of committing
2024-04-24T00:48:47,994  INFO [LocalJobRunner Map Task Executor #0] mapred.LocalJobRunner: map
2024-04-24T00:48:47,994  INFO [LocalJobRunner Map Task Executor #0] mapred.Task: Task 'attempt_local1534238598_0006_m_000000_0' done.
2024-04-24T00:48:47,994  INFO [LocalJobRunner Map Task Executor #0] mapred.Task: Final Counters for attempt_local1534238598_0006_m_000000_0: Counters: 27
	File System Counters
		FILE: Number of bytes read=165476
		FILE: Number of bytes written=7083773
		FILE: Number of read operations=0
		FILE: Number of large read operations=0
		FILE: Number of write operations=0
	Map-Reduce Framework
		Map input records=4
		Map output records=0
		Input split bytes=361
		Spilled Records=0
		Failed Shuffles=0
		Merged Map outputs=0
		GC time elapsed (ms)=0
		Total committed heap usage (bytes)=1023410176
	HIVE
		CREATED_FILES=1
		DESERIALIZE_ERRORS=0
		RECORDS_IN=3
		RECORDS_OUT_1_default.t=2
		RECORDS_OUT_INTERMEDIATE=0
		RECORDS_OUT_OPERATOR_FS_4=2
		RECORDS_OUT_OPERATOR_MAP_0=0
		RECORDS_OUT_OPERATOR_SEL_1=1
		RECORDS_OUT_OPERATOR_SEL_3=2
		RECORDS_OUT_OPERATOR_TS_0=1
		RECORDS_OUT_OPERATOR_UDTF_2=2
		TOTAL_TABLE_ROWS_WRITTEN=2
	File Input Format Counters 
		Bytes Read=5770
	File Output Format Counters 
		Bytes Written=0
2024-04-24T00:48:47,994  INFO [LocalJobRunner Map Task Executor #0] mapred.LocalJobRunner: Finishing task: attempt_local1534238598_0006_m_000000_0
2024-04-24T00:48:47,994  INFO [Thread-452] mapred.LocalJobRunner: map task executor complete.
2024-04-24 00:48:48,961 Stage-1 map = 100%,  reduce = 0%
2024-04-24T00:48:48,961  INFO [main] exec.Task: 2024-04-24 00:48:48,961 Stage-1 map = 100%,  reduce = 0%
Ended Job = job_local1534238598_0006
2024-04-24T00:48:48,962  INFO [main] exec.Task: Ended Job = job_local1534238598_0006
2024-04-24T00:48:48,964  INFO [main] FileOperations: Found manifest file file:/home/alex/Repositories/hive/ql/target/tmp/org.apache.hadoop.hive.ql.TestTxnCommands3-1713944903826/warehouse/t/_tmp.delta_0000002_0000002_0000/000000_0.manifest with attemptId 0.
2024-04-24T00:48:48,964  INFO [main] FileOperations: Looking at manifest file: file:/home/alex/Repositories/hive/ql/target/tmp/org.apache.hadoop.hive.ql.TestTxnCommands3-1713944903826/warehouse/t/_tmp.delta_0000002_0000002_0000/000000_0.manifest
2024-04-24T00:48:48,965  INFO [main] FileOperations: Deleting manifest directory file:/home/alex/Repositories/hive/ql/target/tmp/org.apache.hadoop.hive.ql.TestTxnCommands3-1713944903826/warehouse/t/_tmp.delta_0000002_0000002_0000
2024-04-24T00:48:48,967  INFO [main] ql.Driver: Starting task [Stage-0:MOVE] in serial mode
Loading data to table default.t
2024-04-24T00:48:48,967  INFO [main] exec.Task: Loading data to table default.t from file:/home/alex/Repositories/hive/ql/target/tmp/org.apache.hadoop.hive.ql.TestTxnCommands3-1713944903826/warehouse/t
2024-04-24T00:48:48,967  INFO [main] HiveMetaStore.audit: ugi=alex	ip=unknown-ip-addr	cmd=get_table : tbl=hive.default.t	
2024-04-24T00:48:48,981  INFO [main] metastore.HMSHandler: Skipping translation for processor with null
2024-04-24T00:48:48,981  INFO [main] HiveMetaStore.audit: ugi=alex	ip=unknown-ip-addr	cmd=get_table : tbl=hive.default.t	
2024-04-24T00:48:48,994  INFO [main] metastore.HMSHandler: Skipping translation for processor with null
2024-04-24T00:48:48,995  INFO [main] HiveMetaStore.audit: ugi=alex	ip=unknown-ip-addr	cmd=alter_table: hive.default.t newtbl=t	
2024-04-24T00:48:49,024  INFO [main] ql.Driver: Starting task [Stage-2:STATS] in serial mode
2024-04-24T00:48:49,024  INFO [main] HiveMetaStore.audit: ugi=alex	ip=unknown-ip-addr	cmd=get_table : tbl=hive.default.t	
2024-04-24T00:48:49,031  INFO [main] metastore.HMSHandler: Skipping translation for processor with null
2024-04-24T00:48:49,032  INFO [main] stats.BasicStatsTask: Executing stats task
2024-04-24T00:48:49,032  INFO [main] fs.FSStatsPublisher: created : file:/home/alex/Repositories/hive/ql/target/tmp/localscratchdir/5a24cdd8-45f9-4b5f-bc90-9fcec7eb9602/hive_2024-04-24_00-48-47_462_6795421066321011488-1/-mr-10000
2024-04-24T00:48:49,034  INFO [main] HiveMetaStore.audit: ugi=alex	ip=unknown-ip-addr	cmd=get_table : tbl=hive.default.t	
2024-04-24T00:48:49,046  INFO [main] metastore.HMSHandler: Skipping translation for processor with null
2024-04-24T00:48:49,065  WARN [main] FileOperations: Computing stats for an ACID table; stats may be inaccurate
2024-04-24T00:48:49,065  INFO [main] FileOperations: Read stats for default.t/, numRows, true, 2, false: 
2024-04-24T00:48:49,065  INFO [main] FileOperations: Read stats for default.t/, rawDataSize, true, 0, false: 
2024-04-24T00:48:49,066  INFO [main] HiveMetaStore.audit: ugi=alex	ip=unknown-ip-addr	cmd=alter_table: hive.default.t newtbl=t	
2024-04-24T00:48:49,095  INFO [main] FileOperations: Read stats for default.t/, insertCount, true, 2, false: 
2024-04-24T00:48:49,095  INFO [main] FileOperations: Read stats for default.t/, updateCount, true, 0, false: 
2024-04-24T00:48:49,095  INFO [main] FileOperations: Read stats for default.t/, deleteCount, true, 0, false: 
2024-04-24T00:48:49,096  INFO [main] stats.BasicStatsTask: Table default.t stats: [numFiles=2, numRows=4, totalSize=1372, rawDataSize=0, numFilesErasureCoded=0]
2024-04-24T00:48:49,096  INFO [main] metadata.Hive: Dumping metastore api call timing information for : execution phase
2024-04-24T00:48:49,097  INFO [main] metadata.Hive: Total time spent in each metastore function (ms): {getTable_(GetTableRequest)=48, updateTransactionalStatistics_(UpdateTransactionalStatsRequest)=1, isCompatibleWith_(Configuration)=0, alter_table_(String, String, String, Table, EnvironmentContext, String)=58}
MapReduce Jobs Launched: 
2024-04-24T00:48:49,097  INFO [main] ql.Driver: MapReduce Jobs Launched: 
Stage-Stage-1:  HDFS Read: 0 HDFS Write: 0 SUCCESS
2024-04-24T00:48:49,097  INFO [main] ql.Driver: Stage-Stage-1:  HDFS Read: 0 HDFS Write: 0 SUCCESS
Total MapReduce CPU Time Spent: 0 msec
2024-04-24T00:48:49,097  INFO [main] ql.Driver: Total MapReduce CPU Time Spent: 0 msec
2024-04-24T00:48:49,097  INFO [main] ql.Driver: Completed executing command(queryId=alex_20240424004847_13897e50-e2bd-4ea7-9282-9699c5eb9624); Time taken: 1.434 seconds
2024-04-24T00:48:49,097  INFO [main] lockmgr.DbTxnManager: Stopped heartbeat for query: alex_20240424004847_13897e50-e2bd-4ea7-9282-9699c5eb9624
2024-04-24T00:48:49,108  INFO [main] txn.TxnHandler: Removed transactions: ([16]) from MIN_HISTORY_LEVEL
2024-04-24T00:48:49,108  WARN [main] txn.CompactionTxnHandler: No compaction queue record found for Compaction type transaction commit. txnId:16
2024-04-24T00:48:49,109  INFO [main] ql.TxnCommandsBaseForTests: Running the query: delete from T where a = 1
2024-04-24T00:48:49,109  INFO [main] ql.Context: Deleting scratch dir: file:/home/alex/Repositories/hive/ql/target/tmp/localscratchdir/5a24cdd8-45f9-4b5f-bc90-9fcec7eb9602/hive_2024-04-24_00-48-47_462_6795421066321011488-1
2024-04-24T00:48:49,110  INFO [main] cleanup.SyncCleanupService: Deleted directory: file:/home/alex/Repositories/hive/ql/target/tmp/localscratchdir/5a24cdd8-45f9-4b5f-bc90-9fcec7eb9602/hive_2024-04-24_00-48-47_462_6795421066321011488-1 on fs with scheme file
2024-04-24T00:48:49,110  INFO [main] ql.Driver: Compiling command(queryId=alex_20240424004849_debe627b-8d6d-484f-865b-88c6243694e0): delete from T where a = 1
2024-04-24T00:48:49,114  INFO [main] txn.TxnHandler: Added entries to MIN_HISTORY_LEVEL for current txns: ([17]) with min_open_txn: 17
2024-04-24T00:48:49,114  INFO [main] lockmgr.DbTxnManager: Opened txnid:17
2024-04-24T00:48:49,115  INFO [main] parse.UpdateDeleteSemanticAnalyzer: Starting caching scope for: 
2024-04-24T00:48:49,115  INFO [main] HiveMetaStore.audit: ugi=alex	ip=unknown-ip-addr	cmd=get_table : tbl=hive.default.T	
2024-04-24T00:48:49,123  INFO [main] metastore.HMSHandler: Skipping translation for processor with null
2024-04-24T00:48:49,123  INFO [main] parse.RewriteSemanticAnalyzer: Going to reparse <delete from T where a = 1> as 
<insert into table `default`.`T` select ROW__ID from `default`.`T` sort by ROW__ID >
2024-04-24T00:48:49,124  INFO [main] parse.UpdateDeleteSemanticAnalyzer: Starting Semantic Analysis
2024-04-24T00:48:49,127  INFO [main] parse.UpdateDeleteSemanticAnalyzer: Completed phase 1 of Semantic Analysis
2024-04-24T00:48:49,127  INFO [main] parse.UpdateDeleteSemanticAnalyzer: Get metadata for source tables
2024-04-24T00:48:49,128  INFO [main] HiveMetaStore.audit: ugi=alex	ip=unknown-ip-addr	cmd=get_table : tbl=hive.default.t	
2024-04-24T00:48:49,136  INFO [main] metastore.HMSHandler: Skipping translation for processor with null
2024-04-24T00:48:49,136  INFO [main] parse.UpdateDeleteSemanticAnalyzer: Get metadata for subqueries
2024-04-24T00:48:49,136  INFO [main] parse.UpdateDeleteSemanticAnalyzer: Get metadata for destination tables
2024-04-24T00:48:49,137  INFO [main] HiveMetaStore.audit: ugi=alex	ip=unknown-ip-addr	cmd=get_table : tbl=hive.default.T	
2024-04-24T00:48:49,146  INFO [main] metastore.HMSHandler: Skipping translation for processor with null
2024-04-24T00:48:49,146  INFO [main] parse.UpdateDeleteSemanticAnalyzer: Completed getting MetaData in Semantic Analysis
2024-04-24T00:48:49,146  INFO [main] parse.UpdateDeleteSemanticAnalyzer: Disabling LLAP IO encode as ETL query is detected
2024-04-24T00:48:49,161  INFO [main] HiveMetaStore.audit: ugi=alex	ip=unknown-ip-addr	cmd=get_all_table_constraints : tbl=hive.default.t	
2024-04-24T00:48:49,249  INFO [main] calcite.RelOptHiveTable: Calculating column statistics for default.t, projIndxSet: [0], allowMissingStats: true
2024-04-24T00:48:49,250  INFO [main] HiveMetaStore.audit: ugi=alex	ip=unknown-ip-addr	cmd=get_table : tbl=hive.default.t	
2024-04-24T00:48:49,261  INFO [main] metastore.HMSHandler: Skipping translation for processor with null
2024-04-24T00:48:49,262  INFO [main] HiveMetaStore.audit: ugi=alex	ip=unknown-ip-addr	cmd=get_table : tbl=hive.default.t	
2024-04-24T00:48:49,273  INFO [main] metastore.HMSHandler: Skipping translation for processor with null
2024-04-24T00:48:49,274  INFO [main] HiveMetaStore.audit: ugi=alex	ip=unknown-ip-addr	cmd=get_table_statistics_req: table=hive.default.t	
2024-04-24T00:48:49,289  WARN [main] calcite.RelOptHiveTable: No Stats for default@t, Columns: a
No Stats for default@t, Columns: a
2024-04-24T00:48:49,289  INFO [main] SessionState: No Stats for default@t, Columns: a
2024-04-24T00:48:49,364  INFO [main] parse.UpdateDeleteSemanticAnalyzer: Get metadata for source tables
2024-04-24T00:48:49,364  INFO [main] parse.UpdateDeleteSemanticAnalyzer: Get metadata for subqueries
2024-04-24T00:48:49,364  INFO [main] parse.UpdateDeleteSemanticAnalyzer: Get metadata for destination tables
2024-04-24T00:48:49,365  INFO [main] HiveMetaStore.audit: ugi=alex	ip=unknown-ip-addr	cmd=get_table : tbl=hive.default.T	
2024-04-24T00:48:49,373  INFO [main] metastore.HMSHandler: Skipping translation for processor with null
2024-04-24T00:48:49,379 ERROR [main] parse.UpdateDeleteSemanticAnalyzer: CBO failed, skipping CBO. 
org.apache.hadoop.hive.ql.exec.NoMatchingMethodException: No matching method for class org.apache.hadoop.hive.ql.udf.UDFToInteger with (struct<writeid:bigint,bucketid:int,rowid:bigint>). Possible choices: _FUNC_(bigint)  _FUNC_(boolean)  _FUNC_(decimal(38,18))  _FUNC_(double)  _FUNC_(float)  _FUNC_(smallint)  _FUNC_(string)  _FUNC_(struct<rowid:bigint,bucketid:int,writeid:bigint>)  _FUNC_(timestamp)  _FUNC_(tinyint)  _FUNC_(void)  
	at org.apache.hadoop.hive.ql.exec.MethodUtils.getMethodInternal(MethodUtils.java:130) ~[classes/:?]
	at org.apache.hadoop.hive.ql.exec.MethodUtils.getMethodInternal(MethodUtils.java:60) ~[classes/:?]
	at org.apache.hadoop.hive.ql.exec.DefaultUDFMethodResolver.getEvalMethod(DefaultUDFMethodResolver.java:59) ~[classes/:?]
	at org.apache.hadoop.hive.ql.udf.TimestampCastRestrictorResolver.getEvalMethod(TimestampCastRestrictorResolver.java:68) ~[classes/:?]
	at org.apache.hadoop.hive.ql.udf.generic.GenericUDFBridge.initialize(GenericUDFBridge.java:168) ~[classes/:?]
	at org.apache.hadoop.hive.ql.udf.generic.GenericUDF.initializeAndFoldConstants(GenericUDF.java:149) ~[classes/:?]
	at org.apache.hadoop.hive.ql.plan.ExprNodeGenericFuncDesc.newInstance(ExprNodeGenericFuncDesc.java:235) ~[classes/:?]
	at org.apache.hadoop.hive.ql.parse.type.ExprNodeDescExprFactory.createFuncCallExpr(ExprNodeDescExprFactory.java:584) ~[classes/:?]
	at org.apache.hadoop.hive.ql.parse.type.ExprNodeDescExprFactory.createFuncCallExpr(ExprNodeDescExprFactory.java:97) ~[classes/:?]
	at org.apache.hadoop.hive.ql.parse.type.TypeCheckProcFactory$DefaultExprProcessor.getFuncExprNodeDescWithUdfData(TypeCheckProcFactory.java:762) ~[classes/:?]
	at org.apache.hadoop.hive.ql.parse.type.TypeCheckProcFactory$DefaultExprProcessor.createConversionCast(TypeCheckProcFactory.java:783) ~[classes/:?]
	at org.apache.hadoop.hive.ql.parse.SemanticAnalyzer.getPartitionColsFromBucketColsForUpdateDelete(SemanticAnalyzer.java:8725) ~[classes/:?]
	at org.apache.hadoop.hive.ql.parse.SemanticAnalyzer.genBucketingSortingDest(SemanticAnalyzer.java:6914) ~[classes/:?]
	at org.apache.hadoop.hive.ql.parse.SemanticAnalyzer.genFileSinkPlan(SemanticAnalyzer.java:7335) ~[classes/:?]
	at org.apache.hadoop.hive.ql.parse.SemanticAnalyzer.genPostGroupByBodyPlan(SemanticAnalyzer.java:11063) ~[classes/:?]
	at org.apache.hadoop.hive.ql.parse.SemanticAnalyzer.genBodyPlan(SemanticAnalyzer.java:10938) ~[classes/:?]
	at org.apache.hadoop.hive.ql.parse.SemanticAnalyzer.genPlan(SemanticAnalyzer.java:11853) ~[classes/:?]
	at org.apache.hadoop.hive.ql.parse.SemanticAnalyzer.genPlan(SemanticAnalyzer.java:11723) ~[classes/:?]
	at org.apache.hadoop.hive.ql.parse.CalcitePlanner.genOPTree(CalcitePlanner.java:626) ~[classes/:?]
	at org.apache.hadoop.hive.ql.parse.SemanticAnalyzer.analyzeInternal(SemanticAnalyzer.java:12558) ~[classes/:?]
	at org.apache.hadoop.hive.ql.parse.CalcitePlanner.analyzeInternal(CalcitePlanner.java:456) ~[classes/:?]
	at org.apache.hadoop.hive.ql.parse.RewriteSemanticAnalyzer.analyzeInternal(RewriteSemanticAnalyzer.java:67) ~[classes/:?]
	at org.apache.hadoop.hive.ql.parse.BaseSemanticAnalyzer.analyze(BaseSemanticAnalyzer.java:317) ~[classes/:?]
	at org.apache.hadoop.hive.ql.parse.UpdateDeleteSemanticAnalyzer.reparseAndSuperAnalyze(UpdateDeleteSemanticAnalyzer.java:208) ~[classes/:?]
	at org.apache.hadoop.hive.ql.parse.UpdateDeleteSemanticAnalyzer.analyzeDelete(UpdateDeleteSemanticAnalyzer.java:68) ~[classes/:?]
	at org.apache.hadoop.hive.ql.parse.UpdateDeleteSemanticAnalyzer.analyze(UpdateDeleteSemanticAnalyzer.java:50) ~[classes/:?]
	at org.apache.hadoop.hive.ql.parse.RewriteSemanticAnalyzer.analyzeInternal(RewriteSemanticAnalyzer.java:72) ~[classes/:?]
	at org.apache.hadoop.hive.ql.parse.BaseSemanticAnalyzer.analyze(BaseSemanticAnalyzer.java:317) ~[classes/:?]
	at org.apache.hadoop.hive.ql.Compiler.analyze(Compiler.java:223) ~[classes/:?]
	at org.apache.hadoop.hive.ql.Compiler.compile(Compiler.java:105) ~[classes/:?]
	at org.apache.hadoop.hive.ql.Driver.compile(Driver.java:500) ~[classes/:?]
	at org.apache.hadoop.hive.ql.Driver.compileInternal(Driver.java:453) ~[classes/:?]
	at org.apache.hadoop.hive.ql.Driver.runInternal(Driver.java:181) ~[classes/:?]
	at org.apache.hadoop.hive.ql.Driver.run(Driver.java:153) ~[classes/:?]
	at org.apache.hadoop.hive.ql.Driver.run(Driver.java:140) ~[classes/:?]
	at org.apache.hadoop.hive.ql.TxnCommandsBaseForTests.runStatementOnDriver(TxnCommandsBaseForTests.java:245) ~[test-classes/:?]
	at org.apache.hadoop.hive.ql.TestTxnCommands3.testDeleteEventPruning(TestTxnCommands3.java:167) ~[test-classes/:?]
	at org.apache.hadoop.hive.ql.TestTxnCommands3.testDeleteEventPruningOff(TestTxnCommands3.java:143) ~[test-classes/:?]
	at sun.reflect.NativeMethodAccessorImpl.invoke0(Native Method) ~[?:1.8.0_402]
	at sun.reflect.NativeMethodAccessorImpl.invoke(NativeMethodAccessorImpl.java:62) ~[?:1.8.0_402]
	at sun.reflect.DelegatingMethodAccessorImpl.invoke(DelegatingMethodAccessorImpl.java:43) ~[?:1.8.0_402]
	at java.lang.reflect.Method.invoke(Method.java:498) ~[?:1.8.0_402]
	at org.junit.runners.model.FrameworkMethod$1.runReflectiveCall(FrameworkMethod.java:59) ~[junit-4.13.jar:4.13]
	at org.junit.internal.runners.model.ReflectiveCallable.run(ReflectiveCallable.java:12) ~[junit-4.13.jar:4.13]
	at org.junit.runners.model.FrameworkMethod.invokeExplosively(FrameworkMethod.java:56) ~[junit-4.13.jar:4.13]
	at org.junit.internal.runners.statements.InvokeMethod.evaluate(InvokeMethod.java:17) ~[junit-4.13.jar:4.13]
	at org.junit.internal.runners.statements.RunBefores.evaluate(RunBefores.java:26) ~[junit-4.13.jar:4.13]
	at org.junit.internal.runners.statements.RunAfters.evaluate(RunAfters.java:27) ~[junit-4.13.jar:4.13]
	at org.junit.rules.TestWatcher$1.evaluate(TestWatcher.java:61) ~[junit-4.13.jar:4.13]
	at org.junit.runners.ParentRunner$3.evaluate(ParentRunner.java:306) ~[junit-4.13.jar:4.13]
	at org.junit.runners.BlockJUnit4ClassRunner$1.evaluate(BlockJUnit4ClassRunner.java:100) ~[junit-4.13.jar:4.13]
	at org.junit.runners.ParentRunner.runLeaf(ParentRunner.java:366) ~[junit-4.13.jar:4.13]
	at org.junit.runners.BlockJUnit4ClassRunner.runChild(BlockJUnit4ClassRunner.java:103) ~[junit-4.13.jar:4.13]
	at org.junit.runners.BlockJUnit4ClassRunner.runChild(BlockJUnit4ClassRunner.java:63) ~[junit-4.13.jar:4.13]
	at org.junit.runners.ParentRunner$4.run(ParentRunner.java:331) ~[junit-4.13.jar:4.13]
	at org.junit.runners.ParentRunner$1.schedule(ParentRunner.java:79) ~[junit-4.13.jar:4.13]
	at org.junit.runners.ParentRunner.runChildren(ParentRunner.java:329) ~[junit-4.13.jar:4.13]
	at org.junit.runners.ParentRunner.access$100(ParentRunner.java:66) ~[junit-4.13.jar:4.13]
	at org.junit.runners.ParentRunner$2.evaluate(ParentRunner.java:293) ~[junit-4.13.jar:4.13]
	at org.junit.runners.ParentRunner$3.evaluate(ParentRunner.java:306) ~[junit-4.13.jar:4.13]
	at org.junit.runners.ParentRunner.run(ParentRunner.java:413) ~[junit-4.13.jar:4.13]
	at org.junit.runner.JUnitCore.run(JUnitCore.java:137) ~[junit-4.13.jar:4.13]
	at org.junit.runner.JUnitCore.run(JUnitCore.java:115) ~[junit-4.13.jar:4.13]
	at org.junit.vintage.engine.execution.RunnerExecutor.execute(RunnerExecutor.java:43) ~[junit-vintage-engine-5.6.2.jar:5.6.2]
	at java.util.stream.ForEachOps$ForEachOp$OfRef.accept(ForEachOps.java:183) ~[?:1.8.0_402]
	at java.util.stream.ReferencePipeline$3$1.accept(ReferencePipeline.java:193) ~[?:1.8.0_402]
	at java.util.Iterator.forEachRemaining(Iterator.java:116) ~[?:1.8.0_402]
	at java.util.Spliterators$IteratorSpliterator.forEachRemaining(Spliterators.java:1801) ~[?:1.8.0_402]
	at java.util.stream.AbstractPipeline.copyInto(AbstractPipeline.java:482) ~[?:1.8.0_402]
	at java.util.stream.AbstractPipeline.wrapAndCopyInto(AbstractPipeline.java:472) ~[?:1.8.0_402]
	at java.util.stream.ForEachOps$ForEachOp.evaluateSequential(ForEachOps.java:150) ~[?:1.8.0_402]
	at java.util.stream.ForEachOps$ForEachOp$OfRef.evaluateSequential(ForEachOps.java:173) ~[?:1.8.0_402]
	at java.util.stream.AbstractPipeline.evaluate(AbstractPipeline.java:234) ~[?:1.8.0_402]
	at java.util.stream.ReferencePipeline.forEach(ReferencePipeline.java:485) ~[?:1.8.0_402]
	at org.junit.vintage.engine.VintageTestEngine.executeAllChildren(VintageTestEngine.java:82) ~[junit-vintage-engine-5.6.2.jar:5.6.2]
	at org.junit.vintage.engine.VintageTestEngine.execute(VintageTestEngine.java:73) ~[junit-vintage-engine-5.6.2.jar:5.6.2]
	at org.junit.platform.launcher.core.DefaultLauncher.execute(DefaultLauncher.java:248) ~[junit-platform-launcher-1.6.2.jar:1.6.2]
	at org.junit.platform.launcher.core.DefaultLauncher.lambda$execute$5(DefaultLauncher.java:211) ~[junit-platform-launcher-1.6.2.jar:1.6.2]
	at org.junit.platform.launcher.core.DefaultLauncher.withInterceptedStreams(DefaultLauncher.java:226) [junit-platform-launcher-1.6.2.jar:1.6.2]
	at org.junit.platform.launcher.core.DefaultLauncher.execute(DefaultLauncher.java:199) [junit-platform-launcher-1.6.2.jar:1.6.2]
	at org.junit.platform.launcher.core.DefaultLauncher.execute(DefaultLauncher.java:132) [junit-platform-launcher-1.6.2.jar:1.6.2]
	at org.apache.maven.surefire.junitplatform.JUnitPlatformProvider.invokeAllTests(JUnitPlatformProvider.java:154) [surefire-junit-platform-3.0.0-M4.jar:3.0.0-M4]
	at org.apache.maven.surefire.junitplatform.JUnitPlatformProvider.invoke(JUnitPlatformProvider.java:123) [surefire-junit-platform-3.0.0-M4.jar:3.0.0-M4]
	at org.apache.maven.surefire.booter.ForkedBooter.runSuitesInProcess(ForkedBooter.java:377) [surefire-booter-3.0.0-M4.jar:3.0.0-M4]
	at org.apache.maven.surefire.booter.ForkedBooter.execute(ForkedBooter.java:138) [surefire-booter-3.0.0-M4.jar:3.0.0-M4]
	at org.apache.maven.surefire.booter.ForkedBooter.run(ForkedBooter.java:465) [surefire-booter-3.0.0-M4.jar:3.0.0-M4]
	at org.apache.maven.surefire.booter.ForkedBooter.main(ForkedBooter.java:451) [surefire-booter-3.0.0-M4.jar:3.0.0-M4]
2024-04-24T00:48:49,380 ERROR [main] parse.UpdateDeleteSemanticAnalyzer: CBO failed due to missing column stats (see previous errors), skipping CBO
2024-04-24T00:48:49,380  INFO [main] parse.UpdateDeleteSemanticAnalyzer: Ending caching scope for: 
FAILED: NoMatchingMethodException No matching method for class org.apache.hadoop.hive.ql.udf.UDFToInteger with (struct<writeid:bigint,bucketid:int,rowid:bigint>). Possible choices: _FUNC_(bigint)  _FUNC_(boolean)  _FUNC_(decimal(38,18))  _FUNC_(double)  _FUNC_(float)  _FUNC_(smallint)  _FUNC_(string)  _FUNC_(struct<rowid:bigint,bucketid:int,writeid:bigint>)  _FUNC_(timestamp)  _FUNC_(tinyint)  _FUNC_(void)  
2024-04-24T00:48:49,381 ERROR [main] ql.Driver: FAILED: NoMatchingMethodException No matching method for class org.apache.hadoop.hive.ql.udf.UDFToInteger with (struct<writeid:bigint,bucketid:int,rowid:bigint>). Possible choices: _FUNC_(bigint)  _FUNC_(boolean)  _FUNC_(decimal(38,18))  _FUNC_(double)  _FUNC_(float)  _FUNC_(smallint)  _FUNC_(string)  _FUNC_(struct<rowid:bigint,bucketid:int,writeid:bigint>)  _FUNC_(timestamp)  _FUNC_(tinyint)  _FUNC_(void)  
org.apache.hadoop.hive.ql.exec.NoMatchingMethodException: No matching method for class org.apache.hadoop.hive.ql.udf.UDFToInteger with (struct<writeid:bigint,bucketid:int,rowid:bigint>). Possible choices: _FUNC_(bigint)  _FUNC_(boolean)  _FUNC_(decimal(38,18))  _FUNC_(double)  _FUNC_(float)  _FUNC_(smallint)  _FUNC_(string)  _FUNC_(struct<rowid:bigint,bucketid:int,writeid:bigint>)  _FUNC_(timestamp)  _FUNC_(tinyint)  _FUNC_(void)  
	at org.apache.hadoop.hive.ql.exec.MethodUtils.getMethodInternal(MethodUtils.java:130)
	at org.apache.hadoop.hive.ql.exec.MethodUtils.getMethodInternal(MethodUtils.java:60)
	at org.apache.hadoop.hive.ql.exec.DefaultUDFMethodResolver.getEvalMethod(DefaultUDFMethodResolver.java:59)
	at org.apache.hadoop.hive.ql.udf.TimestampCastRestrictorResolver.getEvalMethod(TimestampCastRestrictorResolver.java:68)
	at org.apache.hadoop.hive.ql.udf.generic.GenericUDFBridge.initialize(GenericUDFBridge.java:168)
	at org.apache.hadoop.hive.ql.udf.generic.GenericUDF.initializeAndFoldConstants(GenericUDF.java:149)
	at org.apache.hadoop.hive.ql.plan.ExprNodeGenericFuncDesc.newInstance(ExprNodeGenericFuncDesc.java:235)
	at org.apache.hadoop.hive.ql.parse.type.ExprNodeDescExprFactory.createFuncCallExpr(ExprNodeDescExprFactory.java:584)
	at org.apache.hadoop.hive.ql.parse.type.ExprNodeDescExprFactory.createFuncCallExpr(ExprNodeDescExprFactory.java:97)
	at org.apache.hadoop.hive.ql.parse.type.TypeCheckProcFactory$DefaultExprProcessor.getFuncExprNodeDescWithUdfData(TypeCheckProcFactory.java:762)
	at org.apache.hadoop.hive.ql.parse.type.TypeCheckProcFactory$DefaultExprProcessor.createConversionCast(TypeCheckProcFactory.java:783)
	at org.apache.hadoop.hive.ql.parse.SemanticAnalyzer.getPartitionColsFromBucketColsForUpdateDelete(SemanticAnalyzer.java:8725)
	at org.apache.hadoop.hive.ql.parse.SemanticAnalyzer.genBucketingSortingDest(SemanticAnalyzer.java:6914)
	at org.apache.hadoop.hive.ql.parse.SemanticAnalyzer.genFileSinkPlan(SemanticAnalyzer.java:7335)
	at org.apache.hadoop.hive.ql.parse.SemanticAnalyzer.genPostGroupByBodyPlan(SemanticAnalyzer.java:11063)
	at org.apache.hadoop.hive.ql.parse.SemanticAnalyzer.genBodyPlan(SemanticAnalyzer.java:10938)
	at org.apache.hadoop.hive.ql.parse.SemanticAnalyzer.genPlan(SemanticAnalyzer.java:11853)
	at org.apache.hadoop.hive.ql.parse.SemanticAnalyzer.genPlan(SemanticAnalyzer.java:11723)
	at org.apache.hadoop.hive.ql.parse.CalcitePlanner.genOPTree(CalcitePlanner.java:626)
	at org.apache.hadoop.hive.ql.parse.SemanticAnalyzer.analyzeInternal(SemanticAnalyzer.java:12558)
	at org.apache.hadoop.hive.ql.parse.CalcitePlanner.analyzeInternal(CalcitePlanner.java:456)
	at org.apache.hadoop.hive.ql.parse.RewriteSemanticAnalyzer.analyzeInternal(RewriteSemanticAnalyzer.java:67)
	at org.apache.hadoop.hive.ql.parse.BaseSemanticAnalyzer.analyze(BaseSemanticAnalyzer.java:317)
	at org.apache.hadoop.hive.ql.parse.UpdateDeleteSemanticAnalyzer.reparseAndSuperAnalyze(UpdateDeleteSemanticAnalyzer.java:208)
	at org.apache.hadoop.hive.ql.parse.UpdateDeleteSemanticAnalyzer.analyzeDelete(UpdateDeleteSemanticAnalyzer.java:68)
	at org.apache.hadoop.hive.ql.parse.UpdateDeleteSemanticAnalyzer.analyze(UpdateDeleteSemanticAnalyzer.java:50)
	at org.apache.hadoop.hive.ql.parse.RewriteSemanticAnalyzer.analyzeInternal(RewriteSemanticAnalyzer.java:72)
	at org.apache.hadoop.hive.ql.parse.BaseSemanticAnalyzer.analyze(BaseSemanticAnalyzer.java:317)
	at org.apache.hadoop.hive.ql.Compiler.analyze(Compiler.java:223)
	at org.apache.hadoop.hive.ql.Compiler.compile(Compiler.java:105)
	at org.apache.hadoop.hive.ql.Driver.compile(Driver.java:500)
	at org.apache.hadoop.hive.ql.Driver.compileInternal(Driver.java:453)
	at org.apache.hadoop.hive.ql.Driver.runInternal(Driver.java:181)
	at org.apache.hadoop.hive.ql.Driver.run(Driver.java:153)
	at org.apache.hadoop.hive.ql.Driver.run(Driver.java:140)
	at org.apache.hadoop.hive.ql.TxnCommandsBaseForTests.runStatementOnDriver(TxnCommandsBaseForTests.java:245)
	at org.apache.hadoop.hive.ql.TestTxnCommands3.testDeleteEventPruning(TestTxnCommands3.java:167)
	at org.apache.hadoop.hive.ql.TestTxnCommands3.testDeleteEventPruningOff(TestTxnCommands3.java:143)
	at sun.reflect.NativeMethodAccessorImpl.invoke0(Native Method)
	at sun.reflect.NativeMethodAccessorImpl.invoke(NativeMethodAccessorImpl.java:62)
	at sun.reflect.DelegatingMethodAccessorImpl.invoke(DelegatingMethodAccessorImpl.java:43)
	at java.lang.reflect.Method.invoke(Method.java:498)
	at org.junit.runners.model.FrameworkMethod$1.runReflectiveCall(FrameworkMethod.java:59)
	at org.junit.internal.runners.model.ReflectiveCallable.run(ReflectiveCallable.java:12)
	at org.junit.runners.model.FrameworkMethod.invokeExplosively(FrameworkMethod.java:56)
	at org.junit.internal.runners.statements.InvokeMethod.evaluate(InvokeMethod.java:17)
	at org.junit.internal.runners.statements.RunBefores.evaluate(RunBefores.java:26)
	at org.junit.internal.runners.statements.RunAfters.evaluate(RunAfters.java:27)
	at org.junit.rules.TestWatcher$1.evaluate(TestWatcher.java:61)
	at org.junit.runners.ParentRunner$3.evaluate(ParentRunner.java:306)
	at org.junit.runners.BlockJUnit4ClassRunner$1.evaluate(BlockJUnit4ClassRunner.java:100)
	at org.junit.runners.ParentRunner.runLeaf(ParentRunner.java:366)
	at org.junit.runners.BlockJUnit4ClassRunner.runChild(BlockJUnit4ClassRunner.java:103)
	at org.junit.runners.BlockJUnit4ClassRunner.runChild(BlockJUnit4ClassRunner.java:63)
	at org.junit.runners.ParentRunner$4.run(ParentRunner.java:331)
	at org.junit.runners.ParentRunner$1.schedule(ParentRunner.java:79)
	at org.junit.runners.ParentRunner.runChildren(ParentRunner.java:329)
	at org.junit.runners.ParentRunner.access$100(ParentRunner.java:66)
	at org.junit.runners.ParentRunner$2.evaluate(ParentRunner.java:293)
	at org.junit.runners.ParentRunner$3.evaluate(ParentRunner.java:306)
	at org.junit.runners.ParentRunner.run(ParentRunner.java:413)
	at org.junit.runner.JUnitCore.run(JUnitCore.java:137)
	at org.junit.runner.JUnitCore.run(JUnitCore.java:115)
	at org.junit.vintage.engine.execution.RunnerExecutor.execute(RunnerExecutor.java:43)
	at java.util.stream.ForEachOps$ForEachOp$OfRef.accept(ForEachOps.java:183)
	at java.util.stream.ReferencePipeline$3$1.accept(ReferencePipeline.java:193)
	at java.util.Iterator.forEachRemaining(Iterator.java:116)
	at java.util.Spliterators$IteratorSpliterator.forEachRemaining(Spliterators.java:1801)
	at java.util.stream.AbstractPipeline.copyInto(AbstractPipeline.java:482)
	at java.util.stream.AbstractPipeline.wrapAndCopyInto(AbstractPipeline.java:472)
	at java.util.stream.ForEachOps$ForEachOp.evaluateSequential(ForEachOps.java:150)
	at java.util.stream.ForEachOps$ForEachOp$OfRef.evaluateSequential(ForEachOps.java:173)
	at java.util.stream.AbstractPipeline.evaluate(AbstractPipeline.java:234)
	at java.util.stream.ReferencePipeline.forEach(ReferencePipeline.java:485)
	at org.junit.vintage.engine.VintageTestEngine.executeAllChildren(VintageTestEngine.java:82)
	at org.junit.vintage.engine.VintageTestEngine.execute(VintageTestEngine.java:73)
	at org.junit.platform.launcher.core.DefaultLauncher.execute(DefaultLauncher.java:248)
	at org.junit.platform.launcher.core.DefaultLauncher.lambda$execute$5(DefaultLauncher.java:211)
	at org.junit.platform.launcher.core.DefaultLauncher.withInterceptedStreams(DefaultLauncher.java:226)
	at org.junit.platform.launcher.core.DefaultLauncher.execute(DefaultLauncher.java:199)
	at org.junit.platform.launcher.core.DefaultLauncher.execute(DefaultLauncher.java:132)
	at org.apache.maven.surefire.junitplatform.JUnitPlatformProvider.invokeAllTests(JUnitPlatformProvider.java:154)
	at org.apache.maven.surefire.junitplatform.JUnitPlatformProvider.invoke(JUnitPlatformProvider.java:123)
	at org.apache.maven.surefire.booter.ForkedBooter.runSuitesInProcess(ForkedBooter.java:377)
	at org.apache.maven.surefire.booter.ForkedBooter.execute(ForkedBooter.java:138)
	at org.apache.maven.surefire.booter.ForkedBooter.run(ForkedBooter.java:465)
	at org.apache.maven.surefire.booter.ForkedBooter.main(ForkedBooter.java:451)

2024-04-24T00:48:49,381  INFO [main] metadata.Hive: Dumping metastore api call timing information for : compilation phase
2024-04-24T00:48:49,381  INFO [main] metadata.Hive: Total time spent in each metastore function (ms): {flushCache_()=0, getTableColumnStatistics_(String, String, List, String)=38, getValidTxns_(long)=1, getAllTableConstraints_(AllTableConstraintsRequest)=6, commitTxn_(CommitTxnRequest)=12, getValidWriteIds_(List, String)=4, openTxn_(String, TxnType)=3, isCompatibleWith_(Configuration)=0, getTable_(GetTableRequest)=35}
2024-04-24T00:48:49,382  INFO [main] ql.Driver: Completed compiling command(queryId=alex_20240424004849_debe627b-8d6d-484f-865b-88c6243694e0); Time taken: 0.271 seconds
2024-04-24T00:48:49,382  INFO [main] lockmgr.DbTxnManager: Stopped heartbeat for query: null
2024-04-24T00:48:49,387  INFO [main] txn.TxnHandler: Removed transactions: ([17]) from MIN_HISTORY_LEVEL
2024-04-24T00:48:49,397  INFO [main] ql.TxnCommandsBaseForTests: Running the query: drop table if exists acidTbl
2024-04-24T00:48:49,398  INFO [main] ql.Driver: Compiling command(queryId=alex_20240424004849_aafea078-70dc-46c4-82a0-48d74379e8b7): drop table if exists acidTbl
2024-04-24T00:48:49,401  INFO [main] txn.TxnHandler: Added entries to MIN_HISTORY_LEVEL for current txns: ([18]) with min_open_txn: 17
2024-04-24T00:48:49,402  INFO [main] lockmgr.DbTxnManager: Opened txnid:18
2024-04-24T00:48:49,403  INFO [main] HiveMetaStore.audit: ugi=alex	ip=unknown-ip-addr	cmd=get_table : tbl=hive.default.acidTbl	
2024-04-24T00:48:49,414  INFO [main] metastore.HMSHandler: Skipping translation for processor with null
2024-04-24T00:48:49,414  INFO [main] ql.Driver: Semantic Analysis Completed (retrial = false)
2024-04-24T00:48:49,414  INFO [main] ql.Driver: Created Hive schema: Schema(fieldSchemas:null, properties:null)
2024-04-24T00:48:49,415  INFO [main] metadata.Hive: Dumping metastore api call timing information for : compilation phase
2024-04-24T00:48:49,415  INFO [main] metadata.Hive: Total time spent in each metastore function (ms): {isCompatibleWith_(Configuration)=1, flushCache_()=0, getValidTxns_(long)=1, rollbackTxn_(long)=15, getTable_(GetTableRequest)=11, openTxn_(String, TxnType)=3}
2024-04-24T00:48:49,415  INFO [main] ql.Driver: Completed compiling command(queryId=alex_20240424004849_aafea078-70dc-46c4-82a0-48d74379e8b7); Time taken: 0.017 seconds
2024-04-24T00:48:49,416  INFO [main] lockmgr.DbTxnManager: Setting lock request transaction to txnid:18 for queryId=alex_20240424004849_aafea078-70dc-46c4-82a0-48d74379e8b7
2024-04-24T00:48:49,416  INFO [main] lockmgr.DbLockManager: Requesting lock for queryId=alex_20240424004849_aafea078-70dc-46c4-82a0-48d74379e8b7
2024-04-24T00:48:49,441  INFO [main] lockmgr.DbLockManager: Response to queryId=alex_20240424004849_aafea078-70dc-46c4-82a0-48d74379e8b7 LockResponse(lockid:10, state:ACQUIRED)
2024-04-24T00:48:49,441  INFO [main] ql.Driver: Operation DROPTABLE obtained 1 locks
2024-04-24T00:48:49,441  INFO [main] ql.Driver: Executing command(queryId=alex_20240424004849_aafea078-70dc-46c4-82a0-48d74379e8b7): drop table if exists acidTbl
2024-04-24T00:48:49,441  INFO [main] ql.Driver: Starting task [Stage-0:DDL] in serial mode
2024-04-24T00:48:49,441  INFO [main] HiveMetaStore.audit: ugi=alex	ip=unknown-ip-addr	cmd=get_table : tbl=hive.default.acidTbl	
2024-04-24T00:48:49,452  INFO [main] metastore.HMSHandler: Skipping translation for processor with null
2024-04-24T00:48:49,453  INFO [main] HiveMetaStore.audit: ugi=alex	ip=unknown-ip-addr	cmd=get_table : tbl=hive.default.acidTbl	
2024-04-24T00:48:49,463  INFO [main] metastore.HMSHandler: Skipping translation for processor with null
2024-04-24T00:48:49,463  INFO [main] HiveMetaStore.audit: ugi=alex	ip=unknown-ip-addr	cmd=drop_table : tbl=hive.default.acidTbl	
2024-04-24T00:48:49,611  INFO [main] metadata.Hive: Dumping metastore api call timing information for : execution phase
2024-04-24T00:48:49,612  INFO [main] metadata.Hive: Total time spent in each metastore function (ms): {isCompatibleWith_(Configuration)=0, getTable_(GetTableRequest)=11, dropTable_(String, String, boolean, boolean, boolean)=159}
2024-04-24T00:48:49,612  INFO [main] ql.Driver: Completed executing command(queryId=alex_20240424004849_aafea078-70dc-46c4-82a0-48d74379e8b7); Time taken: 0.17 seconds
2024-04-24T00:48:49,612  INFO [main] lockmgr.DbTxnManager: Stopped heartbeat for query: alex_20240424004849_aafea078-70dc-46c4-82a0-48d74379e8b7
2024-04-24T00:48:49,618  INFO [main] txn.TxnHandler: Expected to move at least one record from txn_components to completed_txn_components when committing txn! txnid:18
2024-04-24T00:48:49,627  INFO [main] txn.TxnHandler: Removed transactions: ([18]) from MIN_HISTORY_LEVEL
2024-04-24T00:48:49,627  WARN [main] txn.CompactionTxnHandler: No compaction queue record found for Compaction type transaction commit. txnId:18
2024-04-24T00:48:49,628  INFO [main] ql.TxnCommandsBaseForTests: Running the query: drop table if exists acidTblPart
2024-04-24T00:48:49,628  INFO [main] ql.Driver: Compiling command(queryId=alex_20240424004849_c25c0bfe-5b75-49b9-ade4-a86bc6b2d857): drop table if exists acidTblPart
2024-04-24T00:48:49,631  INFO [main] txn.TxnHandler: Added entries to MIN_HISTORY_LEVEL for current txns: ([19]) with min_open_txn: 17
2024-04-24T00:48:49,632  INFO [main] lockmgr.DbTxnManager: Opened txnid:19
2024-04-24T00:48:49,633  INFO [main] HiveMetaStore.audit: ugi=alex	ip=unknown-ip-addr	cmd=get_table : tbl=hive.default.acidTblPart	
2024-04-24T00:48:49,643  INFO [main] metastore.HMSHandler: Skipping translation for processor with null
2024-04-24T00:48:49,643  INFO [main] ql.Driver: Semantic Analysis Completed (retrial = false)
2024-04-24T00:48:49,643  INFO [main] ql.Driver: Created Hive schema: Schema(fieldSchemas:null, properties:null)
2024-04-24T00:48:49,643  INFO [main] metadata.Hive: Dumping metastore api call timing information for : compilation phase
2024-04-24T00:48:49,643  INFO [main] metadata.Hive: Total time spent in each metastore function (ms): {openTxn_(String, TxnType)=3, flushCache_()=0, getTable_(GetTableRequest)=10, getValidTxns_(long)=1, commitTxn_(CommitTxnRequest)=16, isCompatibleWith_(Configuration)=0}
2024-04-24T00:48:49,643  INFO [main] ql.Driver: Completed compiling command(queryId=alex_20240424004849_c25c0bfe-5b75-49b9-ade4-a86bc6b2d857); Time taken: 0.015 seconds
2024-04-24T00:48:49,643  INFO [main] lockmgr.DbTxnManager: Setting lock request transaction to txnid:19 for queryId=alex_20240424004849_c25c0bfe-5b75-49b9-ade4-a86bc6b2d857
2024-04-24T00:48:49,644  INFO [main] lockmgr.DbLockManager: Requesting lock for queryId=alex_20240424004849_c25c0bfe-5b75-49b9-ade4-a86bc6b2d857
2024-04-24T00:48:49,667  INFO [main] lockmgr.DbLockManager: Response to queryId=alex_20240424004849_c25c0bfe-5b75-49b9-ade4-a86bc6b2d857 LockResponse(lockid:11, state:ACQUIRED)
2024-04-24T00:48:49,667  INFO [main] ql.Driver: Operation DROPTABLE obtained 1 locks
2024-04-24T00:48:49,667  INFO [main] ql.Driver: Executing command(queryId=alex_20240424004849_c25c0bfe-5b75-49b9-ade4-a86bc6b2d857): drop table if exists acidTblPart
2024-04-24T00:48:49,667  INFO [main] ql.Driver: Starting task [Stage-0:DDL] in serial mode
2024-04-24T00:48:49,667  INFO [main] HiveMetaStore.audit: ugi=alex	ip=unknown-ip-addr	cmd=get_table : tbl=hive.default.acidTblPart	
2024-04-24T00:48:49,676  INFO [main] metastore.HMSHandler: Skipping translation for processor with null
2024-04-24T00:48:49,676  INFO [main] HiveMetaStore.audit: ugi=alex	ip=unknown-ip-addr	cmd=get_table : tbl=hive.default.acidTblPart	
2024-04-24T00:48:49,686  INFO [main] metastore.HMSHandler: Skipping translation for processor with null
2024-04-24T00:48:49,687  INFO [main] HiveMetaStore.audit: ugi=alex	ip=unknown-ip-addr	cmd=drop_table : tbl=hive.default.acidTblPart	
2024-04-24T00:48:49,746  INFO [main] metadata.Hive: Dumping metastore api call timing information for : execution phase
2024-04-24T00:48:49,746  INFO [main] metadata.Hive: Total time spent in each metastore function (ms): {getTable_(GetTableRequest)=9, isCompatibleWith_(Configuration)=0, dropTable_(String, String, boolean, boolean, boolean)=70}
2024-04-24T00:48:49,746  INFO [main] ql.Driver: Completed executing command(queryId=alex_20240424004849_c25c0bfe-5b75-49b9-ade4-a86bc6b2d857); Time taken: 0.079 seconds
2024-04-24T00:48:49,746  INFO [main] lockmgr.DbTxnManager: Stopped heartbeat for query: alex_20240424004849_c25c0bfe-5b75-49b9-ade4-a86bc6b2d857
2024-04-24T00:48:49,751  INFO [main] txn.TxnHandler: Expected to move at least one record from txn_components to completed_txn_components when committing txn! txnid:19
2024-04-24T00:48:49,758  INFO [main] txn.TxnHandler: Removed transactions: ([19]) from MIN_HISTORY_LEVEL
2024-04-24T00:48:49,759  WARN [main] txn.CompactionTxnHandler: No compaction queue record found for Compaction type transaction commit. txnId:19
2024-04-24T00:48:49,759  INFO [main] ql.TxnCommandsBaseForTests: Running the query: drop table if exists acidTbl2
2024-04-24T00:48:49,760  INFO [main] ql.Driver: Compiling command(queryId=alex_20240424004849_7f7240c1-5a78-44d3-b295-679219ea4570): drop table if exists acidTbl2
2024-04-24T00:48:49,763  INFO [main] txn.TxnHandler: Added entries to MIN_HISTORY_LEVEL for current txns: ([20]) with min_open_txn: 17
2024-04-24T00:48:49,764  INFO [main] lockmgr.DbTxnManager: Opened txnid:20
2024-04-24T00:48:49,765  INFO [main] ql.Driver: Semantic Analysis Completed (retrial = false)
2024-04-24T00:48:49,765  INFO [main] ql.Driver: Created Hive schema: Schema(fieldSchemas:null, properties:null)
2024-04-24T00:48:49,765  INFO [main] metadata.Hive: Dumping metastore api call timing information for : compilation phase
2024-04-24T00:48:49,765  INFO [main] metadata.Hive: Total time spent in each metastore function (ms): {getTable_(GetTableRequest)=0, flushCache_()=0, commitTxn_(CommitTxnRequest)=12, getValidTxns_(long)=1, openTxn_(String, TxnType)=3, isCompatibleWith_(Configuration)=0}
2024-04-24T00:48:49,765  INFO [main] ql.Driver: Completed compiling command(queryId=alex_20240424004849_7f7240c1-5a78-44d3-b295-679219ea4570); Time taken: 0.005 seconds
2024-04-24T00:48:49,766  INFO [main] lockmgr.DbTxnManager: Setting lock request transaction to txnid:20 for queryId=alex_20240424004849_7f7240c1-5a78-44d3-b295-679219ea4570
2024-04-24T00:48:49,766  INFO [main] ql.Driver: Operation DROPTABLE obtained 0 locks
2024-04-24T00:48:49,766  INFO [main] ql.Driver: Executing command(queryId=alex_20240424004849_7f7240c1-5a78-44d3-b295-679219ea4570): drop table if exists acidTbl2
2024-04-24T00:48:49,766  INFO [main] ql.Driver: Starting task [Stage-0:DDL] in serial mode
2024-04-24T00:48:49,767  INFO [main] metadata.SessionHiveMetaStoreClient: Column stats doesn't exist for db=default temp table=acidTbl2
2024-04-24T00:48:49,767  INFO [main] metadata.Hive: Dumping metastore api call timing information for : execution phase
2024-04-24T00:48:49,767  INFO [main] metadata.Hive: Total time spent in each metastore function (ms): {isCompatibleWith_(Configuration)=0, getTable_(GetTableRequest)=1, dropTable_(String, String, boolean, boolean, boolean)=0}
2024-04-24T00:48:49,768  INFO [main] ql.Driver: Completed executing command(queryId=alex_20240424004849_7f7240c1-5a78-44d3-b295-679219ea4570); Time taken: 0.001 seconds
2024-04-24T00:48:49,768  INFO [main] lockmgr.DbTxnManager: Stopped heartbeat for query: alex_20240424004849_7f7240c1-5a78-44d3-b295-679219ea4570
2024-04-24T00:48:49,774  INFO [main] txn.TxnHandler: Expected to move at least one record from txn_components to completed_txn_components when committing txn! txnid:20
2024-04-24T00:48:49,782  INFO [main] txn.TxnHandler: Removed transactions: ([20]) from MIN_HISTORY_LEVEL
2024-04-24T00:48:49,782  WARN [main] txn.CompactionTxnHandler: No compaction queue record found for Compaction type transaction commit. txnId:20
2024-04-24T00:48:49,783  INFO [main] ql.TxnCommandsBaseForTests: Running the query: drop table if exists nonAcidOrcTbl
2024-04-24T00:48:49,784  INFO [main] ql.Driver: Compiling command(queryId=alex_20240424004849_00a60927-f1ca-4631-9433-2e576691446b): drop table if exists nonAcidOrcTbl
2024-04-24T00:48:49,788  INFO [main] txn.TxnHandler: Added entries to MIN_HISTORY_LEVEL for current txns: ([21]) with min_open_txn: 17
2024-04-24T00:48:49,788  INFO [main] lockmgr.DbTxnManager: Opened txnid:21
2024-04-24T00:48:49,789  INFO [main] HiveMetaStore.audit: ugi=alex	ip=unknown-ip-addr	cmd=get_table : tbl=hive.default.nonAcidOrcTbl	
2024-04-24T00:48:49,817  INFO [main] metastore.HMSHandler: Skipping translation for processor with null
2024-04-24T00:48:49,817  INFO [main] ql.Driver: Semantic Analysis Completed (retrial = false)
2024-04-24T00:48:49,817  INFO [main] ql.Driver: Created Hive schema: Schema(fieldSchemas:null, properties:null)
2024-04-24T00:48:49,818  INFO [main] metadata.Hive: Dumping metastore api call timing information for : compilation phase
2024-04-24T00:48:49,818  INFO [main] metadata.Hive: Total time spent in each metastore function (ms): {getValidTxns_(long)=1, commitTxn_(CommitTxnRequest)=15, openTxn_(String, TxnType)=4, getTable_(GetTableRequest)=28, flushCache_()=0, isCompatibleWith_(Configuration)=0}
2024-04-24T00:48:49,818  INFO [main] ql.Driver: Completed compiling command(queryId=alex_20240424004849_00a60927-f1ca-4631-9433-2e576691446b); Time taken: 0.034 seconds
2024-04-24T00:48:49,818  INFO [main] lockmgr.DbTxnManager: Setting lock request transaction to txnid:21 for queryId=alex_20240424004849_00a60927-f1ca-4631-9433-2e576691446b
2024-04-24T00:48:49,819  INFO [main] lockmgr.DbLockManager: Requesting lock for queryId=alex_20240424004849_00a60927-f1ca-4631-9433-2e576691446b
2024-04-24T00:48:49,842  INFO [main] lockmgr.DbLockManager: Response to queryId=alex_20240424004849_00a60927-f1ca-4631-9433-2e576691446b LockResponse(lockid:12, state:ACQUIRED)
2024-04-24T00:48:49,842  INFO [main] ql.Driver: Operation DROPTABLE obtained 1 locks
2024-04-24T00:48:49,842  INFO [main] ql.Driver: Executing command(queryId=alex_20240424004849_00a60927-f1ca-4631-9433-2e576691446b): drop table if exists nonAcidOrcTbl
2024-04-24T00:48:49,842  INFO [main] ql.Driver: Starting task [Stage-0:DDL] in serial mode
2024-04-24T00:48:49,843  INFO [main] HiveMetaStore.audit: ugi=alex	ip=unknown-ip-addr	cmd=get_table : tbl=hive.default.nonAcidOrcTbl	
2024-04-24T00:48:49,858  INFO [main] metastore.HMSHandler: Skipping translation for processor with null
2024-04-24T00:48:49,858  INFO [main] HiveMetaStore.audit: ugi=alex	ip=unknown-ip-addr	cmd=get_table : tbl=hive.default.nonAcidOrcTbl	
2024-04-24T00:48:49,873  INFO [main] metastore.HMSHandler: Skipping translation for processor with null
2024-04-24T00:48:49,874  INFO [main] HiveMetaStore.audit: ugi=alex	ip=unknown-ip-addr	cmd=drop_table : tbl=hive.default.nonAcidOrcTbl	
2024-04-24T00:48:49,997  INFO [main] metadata.Hive: Dumping metastore api call timing information for : execution phase
2024-04-24T00:48:49,997  INFO [main] metadata.Hive: Total time spent in each metastore function (ms): {dropTable_(String, String, boolean, boolean, boolean)=138, getTable_(GetTableRequest)=15, isCompatibleWith_(Configuration)=0}
2024-04-24T00:48:49,997  INFO [main] ql.Driver: Completed executing command(queryId=alex_20240424004849_00a60927-f1ca-4631-9433-2e576691446b); Time taken: 0.155 seconds
2024-04-24T00:48:49,997  INFO [main] lockmgr.DbTxnManager: Stopped heartbeat for query: alex_20240424004849_00a60927-f1ca-4631-9433-2e576691446b
2024-04-24T00:48:50,002  INFO [main] txn.TxnHandler: Expected to move at least one record from txn_components to completed_txn_components when committing txn! txnid:21
2024-04-24T00:48:50,010  INFO [main] txn.TxnHandler: Removed transactions: ([21]) from MIN_HISTORY_LEVEL
2024-04-24T00:48:50,010  WARN [main] txn.CompactionTxnHandler: No compaction queue record found for Compaction type transaction commit. txnId:21
2024-04-24T00:48:50,011  INFO [main] ql.TxnCommandsBaseForTests: Running the query: drop table if exists nonAcidOrcTbl2
2024-04-24T00:48:50,011  INFO [main] ql.Driver: Compiling command(queryId=alex_20240424004850_20c00242-c8f7-43fb-9be4-a8577bb28869): drop table if exists nonAcidOrcTbl2
2024-04-24T00:48:50,014  INFO [main] txn.TxnHandler: Added entries to MIN_HISTORY_LEVEL for current txns: ([22]) with min_open_txn: 17
2024-04-24T00:48:50,014  INFO [main] lockmgr.DbTxnManager: Opened txnid:22
2024-04-24T00:48:50,015  INFO [main] HiveMetaStore.audit: ugi=alex	ip=unknown-ip-addr	cmd=get_table : tbl=hive.default.nonAcidOrcTbl2	
2024-04-24T00:48:50,028  INFO [main] metastore.HMSHandler: Skipping translation for processor with null
2024-04-24T00:48:50,028  INFO [main] ql.Driver: Semantic Analysis Completed (retrial = false)
2024-04-24T00:48:50,028  INFO [main] ql.Driver: Created Hive schema: Schema(fieldSchemas:null, properties:null)
2024-04-24T00:48:50,028  INFO [main] metadata.Hive: Dumping metastore api call timing information for : compilation phase
2024-04-24T00:48:50,028  INFO [main] metadata.Hive: Total time spent in each metastore function (ms): {commitTxn_(CommitTxnRequest)=14, getValidTxns_(long)=0, isCompatibleWith_(Configuration)=2, getTable_(GetTableRequest)=13, openTxn_(String, TxnType)=2, flushCache_()=0}
2024-04-24T00:48:50,028  INFO [main] ql.Driver: Completed compiling command(queryId=alex_20240424004850_20c00242-c8f7-43fb-9be4-a8577bb28869); Time taken: 0.017 seconds
2024-04-24T00:48:50,029  INFO [main] lockmgr.DbTxnManager: Setting lock request transaction to txnid:22 for queryId=alex_20240424004850_20c00242-c8f7-43fb-9be4-a8577bb28869
2024-04-24T00:48:50,029  INFO [main] lockmgr.DbLockManager: Requesting lock for queryId=alex_20240424004850_20c00242-c8f7-43fb-9be4-a8577bb28869
2024-04-24T00:48:50,047  INFO [main] lockmgr.DbLockManager: Response to queryId=alex_20240424004850_20c00242-c8f7-43fb-9be4-a8577bb28869 LockResponse(lockid:13, state:ACQUIRED)
2024-04-24T00:48:50,047  INFO [main] ql.Driver: Operation DROPTABLE obtained 1 locks
2024-04-24T00:48:50,047  INFO [main] ql.Driver: Executing command(queryId=alex_20240424004850_20c00242-c8f7-43fb-9be4-a8577bb28869): drop table if exists nonAcidOrcTbl2
2024-04-24T00:48:50,047  INFO [main] ql.Driver: Starting task [Stage-0:DDL] in serial mode
2024-04-24T00:48:50,048  INFO [main] HiveMetaStore.audit: ugi=alex	ip=unknown-ip-addr	cmd=get_table : tbl=hive.default.nonAcidOrcTbl2	
2024-04-24T00:48:50,060  INFO [main] metastore.HMSHandler: Skipping translation for processor with null
2024-04-24T00:48:50,061  INFO [main] HiveMetaStore.audit: ugi=alex	ip=unknown-ip-addr	cmd=get_table : tbl=hive.default.nonAcidOrcTbl2	
2024-04-24T00:48:50,072  INFO [main] metastore.HMSHandler: Skipping translation for processor with null
2024-04-24T00:48:50,072  INFO [main] HiveMetaStore.audit: ugi=alex	ip=unknown-ip-addr	cmd=drop_table : tbl=hive.default.nonAcidOrcTbl2	
2024-04-24T00:48:50,118  INFO [main] metadata.Hive: Dumping metastore api call timing information for : execution phase
2024-04-24T00:48:50,118  INFO [main] metadata.Hive: Total time spent in each metastore function (ms): {getTable_(GetTableRequest)=14, dropTable_(String, String, boolean, boolean, boolean)=57, isCompatibleWith_(Configuration)=0}
2024-04-24T00:48:50,118  INFO [main] ql.Driver: Completed executing command(queryId=alex_20240424004850_20c00242-c8f7-43fb-9be4-a8577bb28869); Time taken: 0.071 seconds
2024-04-24T00:48:50,118  INFO [main] lockmgr.DbTxnManager: Stopped heartbeat for query: alex_20240424004850_20c00242-c8f7-43fb-9be4-a8577bb28869
2024-04-24T00:48:50,123  INFO [main] txn.TxnHandler: Expected to move at least one record from txn_components to completed_txn_components when committing txn! txnid:22
2024-04-24T00:48:50,130  INFO [main] txn.TxnHandler: Removed transactions: ([22]) from MIN_HISTORY_LEVEL
2024-04-24T00:48:50,131  WARN [main] txn.CompactionTxnHandler: No compaction queue record found for Compaction type transaction commit. txnId:22
2024-04-24T00:48:50,131  INFO [main] ql.TxnCommandsBaseForTests: Running the query: drop table if exists nonAcidNonBucket
2024-04-24T00:48:50,132  INFO [main] ql.Driver: Compiling command(queryId=alex_20240424004850_1e26b6e0-2a52-431a-92d9-a0f349e225fe): drop table if exists nonAcidNonBucket
2024-04-24T00:48:50,136  INFO [main] txn.TxnHandler: Added entries to MIN_HISTORY_LEVEL for current txns: ([23]) with min_open_txn: 18
2024-04-24T00:48:50,137  INFO [main] lockmgr.DbTxnManager: Opened txnid:23
2024-04-24T00:48:50,138  INFO [main] HiveMetaStore.audit: ugi=alex	ip=unknown-ip-addr	cmd=get_table : tbl=hive.default.nonAcidNonBucket	
2024-04-24T00:48:50,151  INFO [main] metastore.HMSHandler: Skipping translation for processor with null
2024-04-24T00:48:50,151  INFO [main] ql.Driver: Semantic Analysis Completed (retrial = false)
2024-04-24T00:48:50,151  INFO [main] ql.Driver: Created Hive schema: Schema(fieldSchemas:null, properties:null)
2024-04-24T00:48:50,152  INFO [main] metadata.Hive: Dumping metastore api call timing information for : compilation phase
2024-04-24T00:48:50,152  INFO [main] metadata.Hive: Total time spent in each metastore function (ms): {getValidTxns_(long)=1, commitTxn_(CommitTxnRequest)=12, openTxn_(String, TxnType)=5, flushCache_()=0, getTable_(GetTableRequest)=13, isCompatibleWith_(Configuration)=1}
2024-04-24T00:48:50,152  INFO [main] ql.Driver: Completed compiling command(queryId=alex_20240424004850_1e26b6e0-2a52-431a-92d9-a0f349e225fe); Time taken: 0.019 seconds
2024-04-24T00:48:50,152  INFO [main] lockmgr.DbTxnManager: Setting lock request transaction to txnid:23 for queryId=alex_20240424004850_1e26b6e0-2a52-431a-92d9-a0f349e225fe
2024-04-24T00:48:50,153  INFO [main] lockmgr.DbLockManager: Requesting lock for queryId=alex_20240424004850_1e26b6e0-2a52-431a-92d9-a0f349e225fe
2024-04-24T00:48:50,172  INFO [main] lockmgr.DbLockManager: Response to queryId=alex_20240424004850_1e26b6e0-2a52-431a-92d9-a0f349e225fe LockResponse(lockid:14, state:ACQUIRED)
2024-04-24T00:48:50,172  INFO [main] ql.Driver: Operation DROPTABLE obtained 1 locks
2024-04-24T00:48:50,172  INFO [main] ql.Driver: Executing command(queryId=alex_20240424004850_1e26b6e0-2a52-431a-92d9-a0f349e225fe): drop table if exists nonAcidNonBucket
2024-04-24T00:48:50,172  INFO [main] ql.Driver: Starting task [Stage-0:DDL] in serial mode
2024-04-24T00:48:50,172  INFO [main] HiveMetaStore.audit: ugi=alex	ip=unknown-ip-addr	cmd=get_table : tbl=hive.default.nonAcidNonBucket	
2024-04-24T00:48:50,186  INFO [main] metastore.HMSHandler: Skipping translation for processor with null
2024-04-24T00:48:50,186  INFO [main] HiveMetaStore.audit: ugi=alex	ip=unknown-ip-addr	cmd=get_table : tbl=hive.default.nonAcidNonBucket	
2024-04-24T00:48:50,199  INFO [main] metastore.HMSHandler: Skipping translation for processor with null
2024-04-24T00:48:50,199  INFO [main] HiveMetaStore.audit: ugi=alex	ip=unknown-ip-addr	cmd=drop_table : tbl=hive.default.nonAcidNonBucket	
2024-04-24T00:48:50,248  INFO [main] metadata.Hive: Dumping metastore api call timing information for : execution phase
2024-04-24T00:48:50,248  INFO [main] metadata.Hive: Total time spent in each metastore function (ms): {getTable_(GetTableRequest)=14, dropTable_(String, String, boolean, boolean, boolean)=62, isCompatibleWith_(Configuration)=0}
2024-04-24T00:48:50,249  INFO [main] ql.Driver: Completed executing command(queryId=alex_20240424004850_1e26b6e0-2a52-431a-92d9-a0f349e225fe); Time taken: 0.076 seconds
2024-04-24T00:48:50,249  INFO [main] lockmgr.DbTxnManager: Stopped heartbeat for query: alex_20240424004850_1e26b6e0-2a52-431a-92d9-a0f349e225fe
2024-04-24T00:48:50,254  INFO [main] txn.TxnHandler: Expected to move at least one record from txn_components to completed_txn_components when committing txn! txnid:23
2024-04-24T00:48:50,262  INFO [main] txn.TxnHandler: Removed transactions: ([23]) from MIN_HISTORY_LEVEL
2024-04-24T00:48:50,262  WARN [main] txn.CompactionTxnHandler: No compaction queue record found for Compaction type transaction commit. txnId:23
2024-04-24T00:48:50,263  INFO [main] utils.TestTxnDbUtil: Cleaning transactional tables
]]></system-err>
  </testcase>
  <testcase name="testWritesToDisabledCompactionTableCtas" classname="org.apache.hadoop.hive.ql.TestTxnCommands3" time="5.022"/>
  <testcase name="testMajorCompactionAbortLeftoverFiles" classname="org.apache.hadoop.hive.ql.TestTxnCommands3" time="14.302"/>
  <testcase name="testDeleteEventPruningOn" classname="org.apache.hadoop.hive.ql.TestTxnCommands3" time="6.222">
    <error type="java.lang.RuntimeException"><![CDATA[java.lang.RuntimeException: delete from T where a = 1 failed: (responseCode = 40000, errorMessage = FAILED: NoMatchingMethodException No matching method for class org.apache.hadoop.hive.ql.udf.UDFToInteger with (struct<writeid:bigint,bucketid:int,rowid:bigint>). Possible choices: _FUNC_(bigint)  _FUNC_(boolean)  _FUNC_(decimal(38,18))  _FUNC_(double)  _FUNC_(float)  _FUNC_(smallint)  _FUNC_(string)  _FUNC_(struct<rowid:bigint,bucketid:int,writeid:bigint>)  _FUNC_(timestamp)  _FUNC_(tinyint)  _FUNC_(void)  , hiveErrorCode = 40000, SQLState = 42000, exception = No matching method for class org.apache.hadoop.hive.ql.udf.UDFToInteger with (struct<writeid:bigint,bucketid:int,rowid:bigint>). Possible choices: _FUNC_(bigint)  _FUNC_(boolean)  _FUNC_(decimal(38,18))  _FUNC_(double)  _FUNC_(float)  _FUNC_(smallint)  _FUNC_(string)  _FUNC_(struct<rowid:bigint,bucketid:int,writeid:bigint>)  _FUNC_(timestamp)  _FUNC_(tinyint)  _FUNC_(void)  )
	at org.apache.hadoop.hive.ql.TxnCommandsBaseForTests.runStatementOnDriver(TxnCommandsBaseForTests.java:247)
	at org.apache.hadoop.hive.ql.TestTxnCommands3.testDeleteEventPruning(TestTxnCommands3.java:167)
	at org.apache.hadoop.hive.ql.TestTxnCommands3.testDeleteEventPruningOn(TestTxnCommands3.java:137)
	at sun.reflect.NativeMethodAccessorImpl.invoke0(Native Method)
	at sun.reflect.NativeMethodAccessorImpl.invoke(NativeMethodAccessorImpl.java:62)
	at sun.reflect.DelegatingMethodAccessorImpl.invoke(DelegatingMethodAccessorImpl.java:43)
	at java.lang.reflect.Method.invoke(Method.java:498)
	at org.junit.runners.model.FrameworkMethod$1.runReflectiveCall(FrameworkMethod.java:59)
	at org.junit.internal.runners.model.ReflectiveCallable.run(ReflectiveCallable.java:12)
	at org.junit.runners.model.FrameworkMethod.invokeExplosively(FrameworkMethod.java:56)
	at org.junit.internal.runners.statements.InvokeMethod.evaluate(InvokeMethod.java:17)
	at org.junit.internal.runners.statements.RunBefores.evaluate(RunBefores.java:26)
	at org.junit.internal.runners.statements.RunAfters.evaluate(RunAfters.java:27)
	at org.junit.rules.TestWatcher$1.evaluate(TestWatcher.java:61)
	at org.junit.runners.ParentRunner$3.evaluate(ParentRunner.java:306)
	at org.junit.runners.BlockJUnit4ClassRunner$1.evaluate(BlockJUnit4ClassRunner.java:100)
	at org.junit.runners.ParentRunner.runLeaf(ParentRunner.java:366)
	at org.junit.runners.BlockJUnit4ClassRunner.runChild(BlockJUnit4ClassRunner.java:103)
	at org.junit.runners.BlockJUnit4ClassRunner.runChild(BlockJUnit4ClassRunner.java:63)
	at org.junit.runners.ParentRunner$4.run(ParentRunner.java:331)
	at org.junit.runners.ParentRunner$1.schedule(ParentRunner.java:79)
	at org.junit.runners.ParentRunner.runChildren(ParentRunner.java:329)
	at org.junit.runners.ParentRunner.access$100(ParentRunner.java:66)
	at org.junit.runners.ParentRunner$2.evaluate(ParentRunner.java:293)
	at org.junit.runners.ParentRunner$3.evaluate(ParentRunner.java:306)
	at org.junit.runners.ParentRunner.run(ParentRunner.java:413)
	at org.junit.runner.JUnitCore.run(JUnitCore.java:137)
	at org.junit.runner.JUnitCore.run(JUnitCore.java:115)
	at org.junit.vintage.engine.execution.RunnerExecutor.execute(RunnerExecutor.java:43)
	at java.util.stream.ForEachOps$ForEachOp$OfRef.accept(ForEachOps.java:183)
	at java.util.stream.ReferencePipeline$3$1.accept(ReferencePipeline.java:193)
	at java.util.Iterator.forEachRemaining(Iterator.java:116)
	at java.util.Spliterators$IteratorSpliterator.forEachRemaining(Spliterators.java:1801)
	at java.util.stream.AbstractPipeline.copyInto(AbstractPipeline.java:482)
	at java.util.stream.AbstractPipeline.wrapAndCopyInto(AbstractPipeline.java:472)
	at java.util.stream.ForEachOps$ForEachOp.evaluateSequential(ForEachOps.java:150)
	at java.util.stream.ForEachOps$ForEachOp$OfRef.evaluateSequential(ForEachOps.java:173)
	at java.util.stream.AbstractPipeline.evaluate(AbstractPipeline.java:234)
	at java.util.stream.ReferencePipeline.forEach(ReferencePipeline.java:485)
	at org.junit.vintage.engine.VintageTestEngine.executeAllChildren(VintageTestEngine.java:82)
	at org.junit.vintage.engine.VintageTestEngine.execute(VintageTestEngine.java:73)
	at org.junit.platform.launcher.core.DefaultLauncher.execute(DefaultLauncher.java:248)
	at org.junit.platform.launcher.core.DefaultLauncher.lambda$execute$5(DefaultLauncher.java:211)
	at org.junit.platform.launcher.core.DefaultLauncher.withInterceptedStreams(DefaultLauncher.java:226)
	at org.junit.platform.launcher.core.DefaultLauncher.execute(DefaultLauncher.java:199)
	at org.junit.platform.launcher.core.DefaultLauncher.execute(DefaultLauncher.java:132)
	at org.apache.maven.surefire.junitplatform.JUnitPlatformProvider.invokeAllTests(JUnitPlatformProvider.java:154)
	at org.apache.maven.surefire.junitplatform.JUnitPlatformProvider.invoke(JUnitPlatformProvider.java:123)
	at org.apache.maven.surefire.booter.ForkedBooter.runSuitesInProcess(ForkedBooter.java:377)
	at org.apache.maven.surefire.booter.ForkedBooter.execute(ForkedBooter.java:138)
	at org.apache.maven.surefire.booter.ForkedBooter.run(ForkedBooter.java:465)
	at org.apache.maven.surefire.booter.ForkedBooter.main(ForkedBooter.java:451)
]]></error>
    <system-err><![CDATA[2024-04-24T00:49:09,671  WARN [main] conf.HiveConf: HiveConf of name hive.metastore.metadb.dir does not exist
2024-04-24T00:49:09,671  WARN [main] conf.HiveConf: HiveConf of name hive.stats.key.prefix.reserve.length does not exist
2024-04-24T00:49:09,671  WARN [main] conf.HiveConf: HiveConf of name hive.dummyparam.test.server.specific.config.override does not exist
2024-04-24T00:49:09,671  WARN [main] conf.HiveConf: HiveConf of name hive.dummyparam.test.server.specific.config.metastoresite does not exist
2024-04-24T00:49:09,671  WARN [main] conf.HiveConf: HiveConf of name hive.llap.io.cache.orc.arena.size does not exist
2024-04-24T00:49:09,671  WARN [main] conf.HiveConf: HiveConf of name hive.metastore.client.cache.maxSize does not exist
2024-04-24T00:49:09,672  WARN [main] conf.HiveConf: HiveConf of name hive.llap.io.cache.orc.alloc.min does not exist
2024-04-24T00:49:09,672  WARN [main] conf.HiveConf: HiveConf of name hive.dummyparam.test.server.specific.config.hivesite does not exist
2024-04-24T00:49:09,672  WARN [main] conf.HiveConf: HiveConf of name hive.llap.io.cache.orc.size does not exist
2024-04-24T00:49:09,672  WARN [main] conf.HiveConf: HiveConf of name hive.metastore.client.cache.recordStats does not exist
2024-04-24T00:49:09,672  WARN [main] conf.HiveConf: HiveConf of name hive.llap.io.cache.orc.alloc.max does not exist
2024-04-24T00:49:09,676  INFO [main] utils.TestTxnDbUtil: Creating transactional tables
Hive Session ID = 5ea2784d-77df-4340-91b7-1854c47a1061
2024-04-24T00:49:09,680  INFO [main] SessionState: Hive Session ID = 5ea2784d-77df-4340-91b7-1854c47a1061
ivysettings.xml file not found in HIVE_HOME or HIVE_CONF_DIR,/home/alex/Repositories/hive/conf/ivysettings.xml will be used
2024-04-24T00:49:09,680  INFO [main] DependencyResolver: ivysettings.xml file not found in HIVE_HOME or HIVE_CONF_DIR,/home/alex/Repositories/hive/conf/ivysettings.xml will be used
2024-04-24T00:49:09,688  INFO [main] session.SessionState: Created HDFS directory: /home/alex/Repositories/hive/ql/target/tmp/scratchdir/alex/5ea2784d-77df-4340-91b7-1854c47a1061
2024-04-24T00:49:09,691  INFO [main] session.SessionState: Created local directory: /home/alex/Repositories/hive/ql/target/tmp/localscratchdir/5ea2784d-77df-4340-91b7-1854c47a1061
2024-04-24T00:49:09,694  INFO [main] session.SessionState: Created HDFS directory: /home/alex/Repositories/hive/ql/target/tmp/scratchdir/alex/5ea2784d-77df-4340-91b7-1854c47a1061/_tmp_space.db
2024-04-24T00:49:09,695  INFO [main] sqlstd.SQLStdHiveAccessController: Created SQLStdHiveAccessController for session context : HiveAuthzSessionContext [sessionString=5ea2784d-77df-4340-91b7-1854c47a1061, clientType=HIVECLI]
2024-04-24T00:49:09,695  INFO [main] ql.TxnCommandsBaseForTests: Running the query: drop table if exists acidTbl
2024-04-24T00:49:09,696  INFO [main] ql.Driver: Compiling command(queryId=alex_20240424004909_abc873eb-a210-477c-a4c1-625f0b647a8a): drop table if exists acidTbl
2024-04-24T00:49:09,714  INFO [main] txn.TxnHandler: Added entries to MIN_HISTORY_LEVEL for current txns: ([1]) with min_open_txn: 1
2024-04-24T00:49:09,714  INFO [main] lockmgr.DbTxnManager: Opened txnid:1
2024-04-24T00:49:09,718  INFO [main] HiveMetaStore.audit: ugi=alex	ip=unknown-ip-addr	cmd=get_table : tbl=hive.default.acidTbl	
2024-04-24T00:49:09,723  INFO [main] ql.Driver: Semantic Analysis Completed (retrial = false)
2024-04-24T00:49:09,723  INFO [main] ql.Driver: Created Hive schema: Schema(fieldSchemas:null, properties:null)
2024-04-24T00:49:09,724  INFO [main] metadata.Hive: Dumping metastore api call timing information for : compilation phase
2024-04-24T00:49:09,724  INFO [main] metadata.Hive: Total time spent in each metastore function (ms): {commitTxn_(CommitTxnRequest)=21, openTxn_(String, TxnType)=17, getValidTxns_(long)=3, isCompatibleWith_(Configuration)=1, flushCache_()=0}
2024-04-24T00:49:09,724  INFO [main] ql.Driver: Completed compiling command(queryId=alex_20240424004909_abc873eb-a210-477c-a4c1-625f0b647a8a); Time taken: 0.028 seconds
2024-04-24T00:49:09,724  INFO [main] lockmgr.DbTxnManager: Setting lock request transaction to txnid:1 for queryId=alex_20240424004909_abc873eb-a210-477c-a4c1-625f0b647a8a
2024-04-24T00:49:09,724  INFO [main] ql.Driver: Operation DROPTABLE obtained 0 locks
2024-04-24T00:49:09,724  INFO [main] ql.Driver: Executing command(queryId=alex_20240424004909_abc873eb-a210-477c-a4c1-625f0b647a8a): drop table if exists acidTbl
2024-04-24T00:49:09,725  INFO [main] ql.Driver: Starting task [Stage-0:DDL] in serial mode
2024-04-24T00:49:09,725  INFO [main] HiveMetaStore.audit: ugi=alex	ip=unknown-ip-addr	cmd=get_table : tbl=hive.default.acidTbl	
2024-04-24T00:49:09,730  INFO [main] metadata.Hive: Dumping metastore api call timing information for : execution phase
2024-04-24T00:49:09,730  INFO [main] metadata.Hive: Total time spent in each metastore function (ms): {isCompatibleWith_(Configuration)=0}
2024-04-24T00:49:09,731  INFO [main] ql.Driver: Completed executing command(queryId=alex_20240424004909_abc873eb-a210-477c-a4c1-625f0b647a8a); Time taken: 0.006 seconds
2024-04-24T00:49:09,731  INFO [main] lockmgr.DbTxnManager: Stopped heartbeat for query: alex_20240424004909_abc873eb-a210-477c-a4c1-625f0b647a8a
2024-04-24T00:49:09,739  INFO [main] txn.TxnHandler: Expected to move at least one record from txn_components to completed_txn_components when committing txn! txnid:1
2024-04-24T00:49:09,748  INFO [main] txn.TxnHandler: Removed transactions: ([1]) from MIN_HISTORY_LEVEL
2024-04-24T00:49:09,748  WARN [main] txn.CompactionTxnHandler: No compaction queue record found for Compaction type transaction commit. txnId:1
2024-04-24T00:49:09,749  INFO [main] ql.TxnCommandsBaseForTests: Running the query: drop table if exists acidTblPart
2024-04-24T00:49:09,749  INFO [main] ql.Driver: Compiling command(queryId=alex_20240424004909_63ab6216-720b-4eed-80d7-7356e1a81529): drop table if exists acidTblPart
2024-04-24T00:49:09,753  INFO [main] txn.TxnHandler: Added entries to MIN_HISTORY_LEVEL for current txns: ([2]) with min_open_txn: 1
2024-04-24T00:49:09,754  INFO [main] lockmgr.DbTxnManager: Opened txnid:2
2024-04-24T00:49:09,756  INFO [main] HiveMetaStore.audit: ugi=alex	ip=unknown-ip-addr	cmd=get_table : tbl=hive.default.acidTblPart	
2024-04-24T00:49:09,761  INFO [main] ql.Driver: Semantic Analysis Completed (retrial = false)
2024-04-24T00:49:09,761  INFO [main] ql.Driver: Created Hive schema: Schema(fieldSchemas:null, properties:null)
2024-04-24T00:49:09,761  INFO [main] metadata.Hive: Dumping metastore api call timing information for : compilation phase
2024-04-24T00:49:09,761  INFO [main] metadata.Hive: Total time spent in each metastore function (ms): {commitTxn_(CommitTxnRequest)=18, getValidTxns_(long)=1, isCompatibleWith_(Configuration)=1, flushCache_()=0, openTxn_(String, TxnType)=3}
2024-04-24T00:49:09,762  INFO [main] ql.Driver: Completed compiling command(queryId=alex_20240424004909_63ab6216-720b-4eed-80d7-7356e1a81529); Time taken: 0.012 seconds
2024-04-24T00:49:09,762  INFO [main] lockmgr.DbTxnManager: Setting lock request transaction to txnid:2 for queryId=alex_20240424004909_63ab6216-720b-4eed-80d7-7356e1a81529
2024-04-24T00:49:09,762  INFO [main] ql.Driver: Operation DROPTABLE obtained 0 locks
2024-04-24T00:49:09,762  INFO [main] ql.Driver: Executing command(queryId=alex_20240424004909_63ab6216-720b-4eed-80d7-7356e1a81529): drop table if exists acidTblPart
2024-04-24T00:49:09,763  INFO [main] ql.Driver: Starting task [Stage-0:DDL] in serial mode
2024-04-24T00:49:09,763  INFO [main] HiveMetaStore.audit: ugi=alex	ip=unknown-ip-addr	cmd=get_table : tbl=hive.default.acidTblPart	
2024-04-24T00:49:09,768  INFO [main] metadata.Hive: Dumping metastore api call timing information for : execution phase
2024-04-24T00:49:09,768  INFO [main] metadata.Hive: Total time spent in each metastore function (ms): {isCompatibleWith_(Configuration)=0}
2024-04-24T00:49:09,768  INFO [main] ql.Driver: Completed executing command(queryId=alex_20240424004909_63ab6216-720b-4eed-80d7-7356e1a81529); Time taken: 0.006 seconds
2024-04-24T00:49:09,769  INFO [main] lockmgr.DbTxnManager: Stopped heartbeat for query: alex_20240424004909_63ab6216-720b-4eed-80d7-7356e1a81529
2024-04-24T00:49:09,776  INFO [main] txn.TxnHandler: Expected to move at least one record from txn_components to completed_txn_components when committing txn! txnid:2
2024-04-24T00:49:09,784  INFO [main] txn.TxnHandler: Removed transactions: ([2]) from MIN_HISTORY_LEVEL
2024-04-24T00:49:09,784  WARN [main] txn.CompactionTxnHandler: No compaction queue record found for Compaction type transaction commit. txnId:2
2024-04-24T00:49:09,785  INFO [main] ql.TxnCommandsBaseForTests: Running the query: drop table if exists acidTbl2
2024-04-24T00:49:09,786  INFO [main] ql.Driver: Compiling command(queryId=alex_20240424004909_2c0b9ef7-1b5e-445c-9489-127dc1e0d29e): drop table if exists acidTbl2
2024-04-24T00:49:09,790  INFO [main] txn.TxnHandler: Added entries to MIN_HISTORY_LEVEL for current txns: ([3]) with min_open_txn: 1
2024-04-24T00:49:09,791  INFO [main] lockmgr.DbTxnManager: Opened txnid:3
2024-04-24T00:49:09,793  INFO [main] HiveMetaStore.audit: ugi=alex	ip=unknown-ip-addr	cmd=get_table : tbl=hive.default.acidTbl2	
2024-04-24T00:49:09,798  INFO [main] ql.Driver: Semantic Analysis Completed (retrial = false)
2024-04-24T00:49:09,798  INFO [main] ql.Driver: Created Hive schema: Schema(fieldSchemas:null, properties:null)
2024-04-24T00:49:09,798  INFO [main] metadata.Hive: Dumping metastore api call timing information for : compilation phase
2024-04-24T00:49:09,798  INFO [main] metadata.Hive: Total time spent in each metastore function (ms): {flushCache_()=0, getValidTxns_(long)=1, isCompatibleWith_(Configuration)=0, commitTxn_(CommitTxnRequest)=16, openTxn_(String, TxnType)=4}
2024-04-24T00:49:09,798  INFO [main] ql.Driver: Completed compiling command(queryId=alex_20240424004909_2c0b9ef7-1b5e-445c-9489-127dc1e0d29e); Time taken: 0.012 seconds
2024-04-24T00:49:09,799  INFO [main] lockmgr.DbTxnManager: Setting lock request transaction to txnid:3 for queryId=alex_20240424004909_2c0b9ef7-1b5e-445c-9489-127dc1e0d29e
2024-04-24T00:49:09,799  INFO [main] ql.Driver: Operation DROPTABLE obtained 0 locks
2024-04-24T00:49:09,799  INFO [main] ql.Driver: Executing command(queryId=alex_20240424004909_2c0b9ef7-1b5e-445c-9489-127dc1e0d29e): drop table if exists acidTbl2
2024-04-24T00:49:09,799  INFO [main] ql.Driver: Starting task [Stage-0:DDL] in serial mode
2024-04-24T00:49:09,800  INFO [main] HiveMetaStore.audit: ugi=alex	ip=unknown-ip-addr	cmd=get_table : tbl=hive.default.acidTbl2	
2024-04-24T00:49:09,804  INFO [main] metadata.Hive: Dumping metastore api call timing information for : execution phase
2024-04-24T00:49:09,804  INFO [main] metadata.Hive: Total time spent in each metastore function (ms): {isCompatibleWith_(Configuration)=0}
2024-04-24T00:49:09,805  INFO [main] ql.Driver: Completed executing command(queryId=alex_20240424004909_2c0b9ef7-1b5e-445c-9489-127dc1e0d29e); Time taken: 0.005 seconds
2024-04-24T00:49:09,805  INFO [main] lockmgr.DbTxnManager: Stopped heartbeat for query: alex_20240424004909_2c0b9ef7-1b5e-445c-9489-127dc1e0d29e
2024-04-24T00:49:09,812  INFO [main] txn.TxnHandler: Expected to move at least one record from txn_components to completed_txn_components when committing txn! txnid:3
2024-04-24T00:49:09,821  INFO [main] txn.TxnHandler: Removed transactions: ([3]) from MIN_HISTORY_LEVEL
2024-04-24T00:49:09,821  WARN [main] txn.CompactionTxnHandler: No compaction queue record found for Compaction type transaction commit. txnId:3
2024-04-24T00:49:09,822  INFO [main] ql.TxnCommandsBaseForTests: Running the query: drop table if exists nonAcidOrcTbl
2024-04-24T00:49:09,823  INFO [main] ql.Driver: Compiling command(queryId=alex_20240424004909_7cee2b35-f139-4f95-8448-96239d205471): drop table if exists nonAcidOrcTbl
2024-04-24T00:49:09,827  INFO [main] txn.TxnHandler: Added entries to MIN_HISTORY_LEVEL for current txns: ([4]) with min_open_txn: 1
2024-04-24T00:49:09,827  INFO [main] lockmgr.DbTxnManager: Opened txnid:4
2024-04-24T00:49:09,829  INFO [main] HiveMetaStore.audit: ugi=alex	ip=unknown-ip-addr	cmd=get_table : tbl=hive.default.nonAcidOrcTbl	
2024-04-24T00:49:09,834  INFO [main] ql.Driver: Semantic Analysis Completed (retrial = false)
2024-04-24T00:49:09,834  INFO [main] ql.Driver: Created Hive schema: Schema(fieldSchemas:null, properties:null)
2024-04-24T00:49:09,834  INFO [main] metadata.Hive: Dumping metastore api call timing information for : compilation phase
2024-04-24T00:49:09,834  INFO [main] metadata.Hive: Total time spent in each metastore function (ms): {openTxn_(String, TxnType)=3, commitTxn_(CommitTxnRequest)=17, isCompatibleWith_(Configuration)=0, getValidTxns_(long)=0, flushCache_()=1}
2024-04-24T00:49:09,834  INFO [main] ql.Driver: Completed compiling command(queryId=alex_20240424004909_7cee2b35-f139-4f95-8448-96239d205471); Time taken: 0.011 seconds
2024-04-24T00:49:09,834  INFO [main] lockmgr.DbTxnManager: Setting lock request transaction to txnid:4 for queryId=alex_20240424004909_7cee2b35-f139-4f95-8448-96239d205471
2024-04-24T00:49:09,835  INFO [main] ql.Driver: Operation DROPTABLE obtained 0 locks
2024-04-24T00:49:09,835  INFO [main] ql.Driver: Executing command(queryId=alex_20240424004909_7cee2b35-f139-4f95-8448-96239d205471): drop table if exists nonAcidOrcTbl
2024-04-24T00:49:09,835  INFO [main] ql.Driver: Starting task [Stage-0:DDL] in serial mode
2024-04-24T00:49:09,835  INFO [main] HiveMetaStore.audit: ugi=alex	ip=unknown-ip-addr	cmd=get_table : tbl=hive.default.nonAcidOrcTbl	
2024-04-24T00:49:09,840  INFO [main] metadata.Hive: Dumping metastore api call timing information for : execution phase
2024-04-24T00:49:09,840  INFO [main] metadata.Hive: Total time spent in each metastore function (ms): {isCompatibleWith_(Configuration)=0}
2024-04-24T00:49:09,840  INFO [main] ql.Driver: Completed executing command(queryId=alex_20240424004909_7cee2b35-f139-4f95-8448-96239d205471); Time taken: 0.005 seconds
2024-04-24T00:49:09,840  INFO [main] lockmgr.DbTxnManager: Stopped heartbeat for query: alex_20240424004909_7cee2b35-f139-4f95-8448-96239d205471
2024-04-24T00:49:09,848  INFO [main] txn.TxnHandler: Expected to move at least one record from txn_components to completed_txn_components when committing txn! txnid:4
2024-04-24T00:49:09,856  INFO [main] txn.TxnHandler: Removed transactions: ([4]) from MIN_HISTORY_LEVEL
2024-04-24T00:49:09,857  WARN [main] txn.CompactionTxnHandler: No compaction queue record found for Compaction type transaction commit. txnId:4
2024-04-24T00:49:09,858  INFO [main] ql.TxnCommandsBaseForTests: Running the query: drop table if exists nonAcidOrcTbl2
2024-04-24T00:49:09,858  INFO [main] ql.Driver: Compiling command(queryId=alex_20240424004909_5b74ec9b-08a3-48d0-bc6d-b3cbb583c8e2): drop table if exists nonAcidOrcTbl2
2024-04-24T00:49:09,862  INFO [main] txn.TxnHandler: Added entries to MIN_HISTORY_LEVEL for current txns: ([5]) with min_open_txn: 1
2024-04-24T00:49:09,863  INFO [main] lockmgr.DbTxnManager: Opened txnid:5
2024-04-24T00:49:09,865  INFO [main] HiveMetaStore.audit: ugi=alex	ip=unknown-ip-addr	cmd=get_table : tbl=hive.default.nonAcidOrcTbl2	
2024-04-24T00:49:09,869  INFO [main] ql.Driver: Semantic Analysis Completed (retrial = false)
2024-04-24T00:49:09,869  INFO [main] ql.Driver: Created Hive schema: Schema(fieldSchemas:null, properties:null)
2024-04-24T00:49:09,870  INFO [main] metadata.Hive: Dumping metastore api call timing information for : compilation phase
2024-04-24T00:49:09,870  INFO [main] metadata.Hive: Total time spent in each metastore function (ms): {isCompatibleWith_(Configuration)=1, commitTxn_(CommitTxnRequest)=16, flushCache_()=0, getValidTxns_(long)=1, openTxn_(String, TxnType)=4}
2024-04-24T00:49:09,870  INFO [main] ql.Driver: Completed compiling command(queryId=alex_20240424004909_5b74ec9b-08a3-48d0-bc6d-b3cbb583c8e2); Time taken: 0.012 seconds
2024-04-24T00:49:09,870  INFO [main] lockmgr.DbTxnManager: Setting lock request transaction to txnid:5 for queryId=alex_20240424004909_5b74ec9b-08a3-48d0-bc6d-b3cbb583c8e2
2024-04-24T00:49:09,870  INFO [main] ql.Driver: Operation DROPTABLE obtained 0 locks
2024-04-24T00:49:09,871  INFO [main] ql.Driver: Executing command(queryId=alex_20240424004909_5b74ec9b-08a3-48d0-bc6d-b3cbb583c8e2): drop table if exists nonAcidOrcTbl2
2024-04-24T00:49:09,871  INFO [main] ql.Driver: Starting task [Stage-0:DDL] in serial mode
2024-04-24T00:49:09,871  INFO [main] HiveMetaStore.audit: ugi=alex	ip=unknown-ip-addr	cmd=get_table : tbl=hive.default.nonAcidOrcTbl2	
2024-04-24T00:49:09,876  INFO [main] metadata.Hive: Dumping metastore api call timing information for : execution phase
2024-04-24T00:49:09,876  INFO [main] metadata.Hive: Total time spent in each metastore function (ms): {isCompatibleWith_(Configuration)=0}
2024-04-24T00:49:09,876  INFO [main] ql.Driver: Completed executing command(queryId=alex_20240424004909_5b74ec9b-08a3-48d0-bc6d-b3cbb583c8e2); Time taken: 0.006 seconds
2024-04-24T00:49:09,877  INFO [main] lockmgr.DbTxnManager: Stopped heartbeat for query: alex_20240424004909_5b74ec9b-08a3-48d0-bc6d-b3cbb583c8e2
2024-04-24T00:49:09,883  INFO [main] txn.TxnHandler: Expected to move at least one record from txn_components to completed_txn_components when committing txn! txnid:5
2024-04-24T00:49:09,891  INFO [main] txn.TxnHandler: Removed transactions: ([5]) from MIN_HISTORY_LEVEL
2024-04-24T00:49:09,891  WARN [main] txn.CompactionTxnHandler: No compaction queue record found for Compaction type transaction commit. txnId:5
2024-04-24T00:49:09,892  INFO [main] ql.TxnCommandsBaseForTests: Running the query: drop table if exists nonAcidNonBucket
2024-04-24T00:49:09,893  INFO [main] ql.Driver: Compiling command(queryId=alex_20240424004909_83ca0c84-2455-421f-8b49-4b4636af867e): drop table if exists nonAcidNonBucket
2024-04-24T00:49:09,897  INFO [main] txn.TxnHandler: Added entries to MIN_HISTORY_LEVEL for current txns: ([6]) with min_open_txn: 1
2024-04-24T00:49:09,897  INFO [main] lockmgr.DbTxnManager: Opened txnid:6
2024-04-24T00:49:09,899  INFO [main] HiveMetaStore.audit: ugi=alex	ip=unknown-ip-addr	cmd=get_table : tbl=hive.default.nonAcidNonBucket	
2024-04-24T00:49:09,904  INFO [main] ql.Driver: Semantic Analysis Completed (retrial = false)
2024-04-24T00:49:09,904  INFO [main] ql.Driver: Created Hive schema: Schema(fieldSchemas:null, properties:null)
2024-04-24T00:49:09,904  INFO [main] metadata.Hive: Dumping metastore api call timing information for : compilation phase
2024-04-24T00:49:09,904  INFO [main] metadata.Hive: Total time spent in each metastore function (ms): {getValidTxns_(long)=1, flushCache_()=1, commitTxn_(CommitTxnRequest)=15, isCompatibleWith_(Configuration)=0, openTxn_(String, TxnType)=3}
2024-04-24T00:49:09,904  INFO [main] ql.Driver: Completed compiling command(queryId=alex_20240424004909_83ca0c84-2455-421f-8b49-4b4636af867e); Time taken: 0.011 seconds
2024-04-24T00:49:09,905  INFO [main] lockmgr.DbTxnManager: Setting lock request transaction to txnid:6 for queryId=alex_20240424004909_83ca0c84-2455-421f-8b49-4b4636af867e
2024-04-24T00:49:09,905  INFO [main] ql.Driver: Operation DROPTABLE obtained 0 locks
2024-04-24T00:49:09,905  INFO [main] ql.Driver: Executing command(queryId=alex_20240424004909_83ca0c84-2455-421f-8b49-4b4636af867e): drop table if exists nonAcidNonBucket
2024-04-24T00:49:09,905  INFO [main] ql.Driver: Starting task [Stage-0:DDL] in serial mode
2024-04-24T00:49:09,906  INFO [main] HiveMetaStore.audit: ugi=alex	ip=unknown-ip-addr	cmd=get_table : tbl=hive.default.nonAcidNonBucket	
2024-04-24T00:49:09,910  INFO [main] metadata.Hive: Dumping metastore api call timing information for : execution phase
2024-04-24T00:49:09,910  INFO [main] metadata.Hive: Total time spent in each metastore function (ms): {isCompatibleWith_(Configuration)=0}
2024-04-24T00:49:09,911  INFO [main] ql.Driver: Completed executing command(queryId=alex_20240424004909_83ca0c84-2455-421f-8b49-4b4636af867e); Time taken: 0.005 seconds
2024-04-24T00:49:09,911  INFO [main] lockmgr.DbTxnManager: Stopped heartbeat for query: alex_20240424004909_83ca0c84-2455-421f-8b49-4b4636af867e
2024-04-24T00:49:09,918  INFO [main] txn.TxnHandler: Expected to move at least one record from txn_components to completed_txn_components when committing txn! txnid:6
2024-04-24T00:49:09,925  INFO [main] txn.TxnHandler: Removed transactions: ([6]) from MIN_HISTORY_LEVEL
2024-04-24T00:49:09,925  WARN [main] txn.CompactionTxnHandler: No compaction queue record found for Compaction type transaction commit. txnId:6
2024-04-24T00:49:09,926  INFO [main] ql.TxnCommandsBaseForTests: Running the query: create table acidTbl(a int, b int) clustered by (a) into 2 buckets stored as orc TBLPROPERTIES ('transactional'='true')
2024-04-24T00:49:09,927  INFO [main] ql.Driver: Compiling command(queryId=alex_20240424004909_f27f1cd7-a34d-4b87-930a-b3c2c4eb6704): create table acidTbl(a int, b int) clustered by (a) into 2 buckets stored as orc TBLPROPERTIES ('transactional'='true')
2024-04-24T00:49:09,932  INFO [main] txn.TxnHandler: Added entries to MIN_HISTORY_LEVEL for current txns: ([7]) with min_open_txn: 1
2024-04-24T00:49:09,932  INFO [main] lockmgr.DbTxnManager: Opened txnid:7
2024-04-24T00:49:09,933  INFO [main] parse.CalcitePlanner: Starting caching scope for: 
2024-04-24T00:49:09,933  INFO [main] parse.CalcitePlanner: Starting Semantic Analysis
2024-04-24T00:49:09,941  INFO [main] parse.CalcitePlanner: Creating table default.acidTbl position=13
2024-04-24T00:49:09,942  INFO [main] HiveMetaStore.audit: ugi=alex	ip=unknown-ip-addr	cmd=get_database: default	
2024-04-24T00:49:09,945  INFO [main] parse.CalcitePlanner: Ending caching scope for: 
2024-04-24T00:49:09,945  INFO [main] ql.Driver: Semantic Analysis Completed (retrial = false)
2024-04-24T00:49:09,945  INFO [main] ql.Driver: Created Hive schema: Schema(fieldSchemas:null, properties:null)
2024-04-24T00:49:09,945  INFO [main] metadata.Hive: Dumping metastore api call timing information for : compilation phase
2024-04-24T00:49:09,945  INFO [main] metadata.Hive: Total time spent in each metastore function (ms): {openTxn_(String, TxnType)=3, isCompatibleWith_(Configuration)=0, getValidTxns_(long)=1, flushCache_()=0, getDatabase_(String)=3, getValidWriteIds_(List, String)=8, commitTxn_(CommitTxnRequest)=15}
2024-04-24T00:49:09,945  INFO [main] ql.Driver: Completed compiling command(queryId=alex_20240424004909_f27f1cd7-a34d-4b87-930a-b3c2c4eb6704); Time taken: 0.018 seconds
2024-04-24T00:49:09,946  INFO [main] lockmgr.DbTxnManager: Setting lock request transaction to txnid:7 for queryId=alex_20240424004909_f27f1cd7-a34d-4b87-930a-b3c2c4eb6704
2024-04-24T00:49:09,946  INFO [main] lockmgr.DbLockManager: Requesting lock for queryId=alex_20240424004909_f27f1cd7-a34d-4b87-930a-b3c2c4eb6704
2024-04-24T00:49:09,973  INFO [main] lockmgr.DbLockManager: Response to queryId=alex_20240424004909_f27f1cd7-a34d-4b87-930a-b3c2c4eb6704 LockResponse(lockid:1, state:ACQUIRED)
2024-04-24T00:49:09,973  INFO [main] ql.Driver: Operation CREATETABLE obtained 1 locks
2024-04-24T00:49:09,975  INFO [main] ql.Driver: Executing command(queryId=alex_20240424004909_f27f1cd7-a34d-4b87-930a-b3c2c4eb6704): create table acidTbl(a int, b int) clustered by (a) into 2 buckets stored as orc TBLPROPERTIES ('transactional'='true')
2024-04-24T00:49:09,975  INFO [main] ql.Driver: Starting task [Stage-0:DDL] in serial mode
2024-04-24T00:49:09,977  INFO [main] HiveMetaStore.audit: ugi=alex	ip=unknown-ip-addr	cmd=create_table_req: Table(tableName:acidTbl, dbName:default, owner:alex, createTime:1713944949, lastAccessTime:0, retention:0, sd:StorageDescriptor(cols:[FieldSchema(name:a, type:int, comment:null), FieldSchema(name:b, type:int, comment:null)], location:null, inputFormat:org.apache.hadoop.hive.ql.io.orc.OrcInputFormat, outputFormat:org.apache.hadoop.hive.ql.io.orc.OrcOutputFormat, compressed:false, numBuckets:2, serdeInfo:SerDeInfo(name:null, serializationLib:org.apache.hadoop.hive.ql.io.orc.OrcSerde, parameters:{serialization.format=1}), bucketCols:[a], sortCols:[], parameters:{}, skewedInfo:SkewedInfo(skewedColNames:[], skewedColValues:[], skewedColValueLocationMaps:{}), storedAsSubDirectories:false), partitionKeys:[], parameters:{numRows=0, COLUMN_STATS_ACCURATE={"BASIC_STATS":"true","COLUMN_STATS":{"a":"true","b":"true"}}, totalSize=0, transactional=true, numFilesErasureCoded=0, numFiles=0, rawDataSize=0, bucketing_version=2}, viewOriginalText:null, viewExpandedText:null, tableType:MANAGED_TABLE, privileges:PrincipalPrivilegeSet(userPrivileges:{alex=[PrivilegeGrantInfo(privilege:INSERT, createTime:-1, grantor:alex, grantorType:USER, grantOption:true), PrivilegeGrantInfo(privilege:SELECT, createTime:-1, grantor:alex, grantorType:USER, grantOption:true), PrivilegeGrantInfo(privilege:UPDATE, createTime:-1, grantor:alex, grantorType:USER, grantOption:true), PrivilegeGrantInfo(privilege:DELETE, createTime:-1, grantor:alex, grantorType:USER, grantOption:true)]}, groupPrivileges:null, rolePrivileges:null), temporary:false, catName:hive, ownerType:USER, writeId:0)	
2024-04-24T00:49:09,985  INFO [main] utils.FileUtils: Creating directory if it doesn't exist: file:/home/alex/Repositories/hive/ql/target/tmp/org.apache.hadoop.hive.ql.TestTxnCommands3-1713944903826/warehouse/acidtbl
2024-04-24T00:49:10,039  INFO [main] metadata.Hive: Dumping metastore api call timing information for : execution phase
2024-04-24T00:49:10,039  INFO [main] metadata.Hive: Total time spent in each metastore function (ms): {createTable_(Table)=63, isCompatibleWith_(Configuration)=0}
2024-04-24T00:49:10,039  INFO [main] ql.Driver: Completed executing command(queryId=alex_20240424004909_f27f1cd7-a34d-4b87-930a-b3c2c4eb6704); Time taken: 0.064 seconds
2024-04-24T00:49:10,039  INFO [main] lockmgr.DbTxnManager: Stopped heartbeat for query: alex_20240424004909_f27f1cd7-a34d-4b87-930a-b3c2c4eb6704
2024-04-24T00:49:10,045  INFO [main] txn.TxnHandler: Expected to move at least one record from txn_components to completed_txn_components when committing txn! txnid:7
2024-04-24T00:49:10,053  INFO [main] txn.TxnHandler: Removed transactions: ([7]) from MIN_HISTORY_LEVEL
2024-04-24T00:49:10,053  WARN [main] txn.CompactionTxnHandler: No compaction queue record found for Compaction type transaction commit. txnId:7
2024-04-24T00:49:10,054  INFO [main] ql.TxnCommandsBaseForTests: Running the query: create table acidTblPart(a int, b int) partitioned by (p string) clustered by (a) into 2 buckets stored as orc TBLPROPERTIES ('transactional'='true')
2024-04-24T00:49:10,054  INFO [main] ql.Driver: Compiling command(queryId=alex_20240424004910_ce2288d3-3d8a-4421-abe8-8ac6f37a38e1): create table acidTblPart(a int, b int) partitioned by (p string) clustered by (a) into 2 buckets stored as orc TBLPROPERTIES ('transactional'='true')
2024-04-24T00:49:10,058  INFO [main] txn.TxnHandler: Added entries to MIN_HISTORY_LEVEL for current txns: ([8]) with min_open_txn: 1
2024-04-24T00:49:10,059  INFO [main] lockmgr.DbTxnManager: Opened txnid:8
2024-04-24T00:49:10,060  INFO [main] parse.CalcitePlanner: Starting caching scope for: 
2024-04-24T00:49:10,060  INFO [main] parse.CalcitePlanner: Starting Semantic Analysis
2024-04-24T00:49:10,064  INFO [main] parse.CalcitePlanner: Creating table default.acidTblPart position=13
2024-04-24T00:49:10,065  INFO [main] HiveMetaStore.audit: ugi=alex	ip=unknown-ip-addr	cmd=get_database: default	
2024-04-24T00:49:10,067  INFO [main] parse.CalcitePlanner: Ending caching scope for: 
2024-04-24T00:49:10,067  INFO [main] ql.Driver: Semantic Analysis Completed (retrial = false)
2024-04-24T00:49:10,067  INFO [main] ql.Driver: Created Hive schema: Schema(fieldSchemas:null, properties:null)
2024-04-24T00:49:10,068  INFO [main] metadata.Hive: Dumping metastore api call timing information for : compilation phase
2024-04-24T00:49:10,068  INFO [main] metadata.Hive: Total time spent in each metastore function (ms): {isCompatibleWith_(Configuration)=0, getDatabase_(String)=3, openTxn_(String, TxnType)=3, getValidWriteIds_(List, String)=4, flushCache_()=1, getValidTxns_(long)=1, commitTxn_(CommitTxnRequest)=15}
2024-04-24T00:49:10,068  INFO [main] ql.Driver: Completed compiling command(queryId=alex_20240424004910_ce2288d3-3d8a-4421-abe8-8ac6f37a38e1); Time taken: 0.014 seconds
2024-04-24T00:49:10,068  INFO [main] lockmgr.DbTxnManager: Setting lock request transaction to txnid:8 for queryId=alex_20240424004910_ce2288d3-3d8a-4421-abe8-8ac6f37a38e1
2024-04-24T00:49:10,068  INFO [main] lockmgr.DbLockManager: Requesting lock for queryId=alex_20240424004910_ce2288d3-3d8a-4421-abe8-8ac6f37a38e1
2024-04-24T00:49:10,088  INFO [main] lockmgr.DbLockManager: Response to queryId=alex_20240424004910_ce2288d3-3d8a-4421-abe8-8ac6f37a38e1 LockResponse(lockid:2, state:ACQUIRED)
2024-04-24T00:49:10,088  INFO [main] ql.Driver: Operation CREATETABLE obtained 1 locks
2024-04-24T00:49:10,089  INFO [main] ql.Driver: Executing command(queryId=alex_20240424004910_ce2288d3-3d8a-4421-abe8-8ac6f37a38e1): create table acidTblPart(a int, b int) partitioned by (p string) clustered by (a) into 2 buckets stored as orc TBLPROPERTIES ('transactional'='true')
2024-04-24T00:49:10,090  INFO [main] ql.Driver: Starting task [Stage-0:DDL] in serial mode
2024-04-24T00:49:10,091  INFO [main] HiveMetaStore.audit: ugi=alex	ip=unknown-ip-addr	cmd=create_table_req: Table(tableName:acidTblPart, dbName:default, owner:alex, createTime:1713944950, lastAccessTime:0, retention:0, sd:StorageDescriptor(cols:[FieldSchema(name:a, type:int, comment:null), FieldSchema(name:b, type:int, comment:null)], location:null, inputFormat:org.apache.hadoop.hive.ql.io.orc.OrcInputFormat, outputFormat:org.apache.hadoop.hive.ql.io.orc.OrcOutputFormat, compressed:false, numBuckets:2, serdeInfo:SerDeInfo(name:null, serializationLib:org.apache.hadoop.hive.ql.io.orc.OrcSerde, parameters:{serialization.format=1}), bucketCols:[a], sortCols:[], parameters:{}, skewedInfo:SkewedInfo(skewedColNames:[], skewedColValues:[], skewedColValueLocationMaps:{}), storedAsSubDirectories:false), partitionKeys:[FieldSchema(name:p, type:string, comment:null)], parameters:{transactional=true, bucketing_version=2}, viewOriginalText:null, viewExpandedText:null, tableType:MANAGED_TABLE, privileges:PrincipalPrivilegeSet(userPrivileges:{alex=[PrivilegeGrantInfo(privilege:INSERT, createTime:-1, grantor:alex, grantorType:USER, grantOption:true), PrivilegeGrantInfo(privilege:SELECT, createTime:-1, grantor:alex, grantorType:USER, grantOption:true), PrivilegeGrantInfo(privilege:UPDATE, createTime:-1, grantor:alex, grantorType:USER, grantOption:true), PrivilegeGrantInfo(privilege:DELETE, createTime:-1, grantor:alex, grantorType:USER, grantOption:true)]}, groupPrivileges:null, rolePrivileges:null), temporary:false, catName:hive, ownerType:USER, writeId:0)	
2024-04-24T00:49:10,099  INFO [main] utils.FileUtils: Creating directory if it doesn't exist: file:/home/alex/Repositories/hive/ql/target/tmp/org.apache.hadoop.hive.ql.TestTxnCommands3-1713944903826/warehouse/acidtblpart
2024-04-24T00:49:10,133  INFO [main] metadata.Hive: Dumping metastore api call timing information for : execution phase
2024-04-24T00:49:10,133  INFO [main] metadata.Hive: Total time spent in each metastore function (ms): {createTable_(Table)=42, isCompatibleWith_(Configuration)=0}
2024-04-24T00:49:10,134  INFO [main] ql.Driver: Completed executing command(queryId=alex_20240424004910_ce2288d3-3d8a-4421-abe8-8ac6f37a38e1); Time taken: 0.044 seconds
2024-04-24T00:49:10,134  INFO [main] lockmgr.DbTxnManager: Stopped heartbeat for query: alex_20240424004910_ce2288d3-3d8a-4421-abe8-8ac6f37a38e1
2024-04-24T00:49:10,141  INFO [main] txn.TxnHandler: Expected to move at least one record from txn_components to completed_txn_components when committing txn! txnid:8
2024-04-24T00:49:10,152  INFO [main] txn.TxnHandler: Removed transactions: ([8]) from MIN_HISTORY_LEVEL
2024-04-24T00:49:10,152  WARN [main] txn.CompactionTxnHandler: No compaction queue record found for Compaction type transaction commit. txnId:8
2024-04-24T00:49:10,153  INFO [main] ql.TxnCommandsBaseForTests: Running the query: create table nonAcidOrcTbl(a int, b int) clustered by (a) into 2 buckets stored as orc TBLPROPERTIES ('transactional'='false')
2024-04-24T00:49:10,154  INFO [main] ql.Driver: Compiling command(queryId=alex_20240424004910_0f3db705-ae1a-4798-91cf-2567df476f27): create table nonAcidOrcTbl(a int, b int) clustered by (a) into 2 buckets stored as orc TBLPROPERTIES ('transactional'='false')
2024-04-24T00:49:10,159  INFO [main] txn.TxnHandler: Added entries to MIN_HISTORY_LEVEL for current txns: ([9]) with min_open_txn: 1
2024-04-24T00:49:10,159  INFO [main] lockmgr.DbTxnManager: Opened txnid:9
2024-04-24T00:49:10,161  INFO [main] parse.CalcitePlanner: Starting caching scope for: 
2024-04-24T00:49:10,161  INFO [main] parse.CalcitePlanner: Starting Semantic Analysis
2024-04-24T00:49:10,165  INFO [main] parse.CalcitePlanner: Creating table default.nonAcidOrcTbl position=13
2024-04-24T00:49:10,166  INFO [main] HiveMetaStore.audit: ugi=alex	ip=unknown-ip-addr	cmd=get_database: default	
2024-04-24T00:49:10,169  INFO [main] parse.CalcitePlanner: Ending caching scope for: 
2024-04-24T00:49:10,169  INFO [main] ql.Driver: Semantic Analysis Completed (retrial = false)
2024-04-24T00:49:10,169  INFO [main] ql.Driver: Created Hive schema: Schema(fieldSchemas:null, properties:null)
2024-04-24T00:49:10,170  INFO [main] metadata.Hive: Dumping metastore api call timing information for : compilation phase
2024-04-24T00:49:10,170  INFO [main] metadata.Hive: Total time spent in each metastore function (ms): {getValidTxns_(long)=1, getValidWriteIds_(List, String)=4, getDatabase_(String)=4, openTxn_(String, TxnType)=4, commitTxn_(CommitTxnRequest)=19, isCompatibleWith_(Configuration)=1, flushCache_()=0}
2024-04-24T00:49:10,170  INFO [main] ql.Driver: Completed compiling command(queryId=alex_20240424004910_0f3db705-ae1a-4798-91cf-2567df476f27); Time taken: 0.015 seconds
2024-04-24T00:49:10,170  INFO [main] lockmgr.DbTxnManager: Setting lock request transaction to txnid:9 for queryId=alex_20240424004910_0f3db705-ae1a-4798-91cf-2567df476f27
2024-04-24T00:49:10,171  INFO [main] lockmgr.DbLockManager: Requesting lock for queryId=alex_20240424004910_0f3db705-ae1a-4798-91cf-2567df476f27
2024-04-24T00:49:10,193  INFO [main] lockmgr.DbLockManager: Response to queryId=alex_20240424004910_0f3db705-ae1a-4798-91cf-2567df476f27 LockResponse(lockid:3, state:ACQUIRED)
2024-04-24T00:49:10,193  INFO [main] ql.Driver: Operation CREATETABLE obtained 1 locks
2024-04-24T00:49:10,193  INFO [main] ql.Driver: Executing command(queryId=alex_20240424004910_0f3db705-ae1a-4798-91cf-2567df476f27): create table nonAcidOrcTbl(a int, b int) clustered by (a) into 2 buckets stored as orc TBLPROPERTIES ('transactional'='false')
2024-04-24T00:49:10,193  INFO [main] ql.Driver: Starting task [Stage-0:DDL] in serial mode
2024-04-24T00:49:10,194  INFO [main] HiveMetaStore.audit: ugi=alex	ip=unknown-ip-addr	cmd=create_table_req: Table(tableName:nonAcidOrcTbl, dbName:default, owner:alex, createTime:1713944950, lastAccessTime:0, retention:0, sd:StorageDescriptor(cols:[FieldSchema(name:a, type:int, comment:null), FieldSchema(name:b, type:int, comment:null)], location:null, inputFormat:org.apache.hadoop.hive.ql.io.orc.OrcInputFormat, outputFormat:org.apache.hadoop.hive.ql.io.orc.OrcOutputFormat, compressed:false, numBuckets:2, serdeInfo:SerDeInfo(name:null, serializationLib:org.apache.hadoop.hive.ql.io.orc.OrcSerde, parameters:{serialization.format=1}), bucketCols:[a], sortCols:[], parameters:{}, skewedInfo:SkewedInfo(skewedColNames:[], skewedColValues:[], skewedColValueLocationMaps:{}), storedAsSubDirectories:false), partitionKeys:[], parameters:{numFilesErasureCoded=0, numFiles=0, rawDataSize=0, totalSize=0, numRows=0, COLUMN_STATS_ACCURATE={"BASIC_STATS":"true","COLUMN_STATS":{"a":"true","b":"true"}}, bucketing_version=2, transactional=false}, viewOriginalText:null, viewExpandedText:null, tableType:MANAGED_TABLE, privileges:PrincipalPrivilegeSet(userPrivileges:{alex=[PrivilegeGrantInfo(privilege:INSERT, createTime:-1, grantor:alex, grantorType:USER, grantOption:true), PrivilegeGrantInfo(privilege:SELECT, createTime:-1, grantor:alex, grantorType:USER, grantOption:true), PrivilegeGrantInfo(privilege:UPDATE, createTime:-1, grantor:alex, grantorType:USER, grantOption:true), PrivilegeGrantInfo(privilege:DELETE, createTime:-1, grantor:alex, grantorType:USER, grantOption:true)]}, groupPrivileges:null, rolePrivileges:null), temporary:false, catName:hive, ownerType:USER)	
2024-04-24T00:49:10,202  INFO [main] utils.FileUtils: Creating directory if it doesn't exist: file:/home/alex/Repositories/hive/ql/target/tmp/org.apache.hadoop.hive.ql.TestTxnCommands3-1713944903826/warehouse/nonacidorctbl
2024-04-24T00:49:10,224  INFO [main] metadata.Hive: Dumping metastore api call timing information for : execution phase
2024-04-24T00:49:10,224  INFO [main] metadata.Hive: Total time spent in each metastore function (ms): {createTable_(Table)=30, isCompatibleWith_(Configuration)=0}
2024-04-24T00:49:10,225  INFO [main] ql.Driver: Completed executing command(queryId=alex_20240424004910_0f3db705-ae1a-4798-91cf-2567df476f27); Time taken: 0.031 seconds
2024-04-24T00:49:10,225  INFO [main] lockmgr.DbTxnManager: Stopped heartbeat for query: alex_20240424004910_0f3db705-ae1a-4798-91cf-2567df476f27
2024-04-24T00:49:10,229  INFO [main] txn.TxnHandler: Expected to move at least one record from txn_components to completed_txn_components when committing txn! txnid:9
2024-04-24T00:49:10,237  INFO [main] txn.TxnHandler: Removed transactions: ([9]) from MIN_HISTORY_LEVEL
2024-04-24T00:49:10,238  WARN [main] txn.CompactionTxnHandler: No compaction queue record found for Compaction type transaction commit. txnId:9
2024-04-24T00:49:10,238  INFO [main] ql.TxnCommandsBaseForTests: Running the query: create table nonAcidOrcTbl2(a int, b int) clustered by (a) into 2 buckets stored as orc TBLPROPERTIES ('transactional'='false')
2024-04-24T00:49:10,239  INFO [main] ql.Driver: Compiling command(queryId=alex_20240424004910_1ad16494-d2c6-435a-82a4-4fe2d4485f01): create table nonAcidOrcTbl2(a int, b int) clustered by (a) into 2 buckets stored as orc TBLPROPERTIES ('transactional'='false')
2024-04-24T00:49:10,243  INFO [main] txn.TxnHandler: Added entries to MIN_HISTORY_LEVEL for current txns: ([10]) with min_open_txn: 1
2024-04-24T00:49:10,243  INFO [main] lockmgr.DbTxnManager: Opened txnid:10
2024-04-24T00:49:10,244  INFO [main] parse.CalcitePlanner: Starting caching scope for: 
2024-04-24T00:49:10,244  INFO [main] parse.CalcitePlanner: Starting Semantic Analysis
2024-04-24T00:49:10,248  INFO [main] parse.CalcitePlanner: Creating table default.nonAcidOrcTbl2 position=13
2024-04-24T00:49:10,249  INFO [main] HiveMetaStore.audit: ugi=alex	ip=unknown-ip-addr	cmd=get_database: default	
2024-04-24T00:49:10,252  INFO [main] parse.CalcitePlanner: Ending caching scope for: 
2024-04-24T00:49:10,252  INFO [main] ql.Driver: Semantic Analysis Completed (retrial = false)
2024-04-24T00:49:10,252  INFO [main] ql.Driver: Created Hive schema: Schema(fieldSchemas:null, properties:null)
2024-04-24T00:49:10,252  INFO [main] metadata.Hive: Dumping metastore api call timing information for : compilation phase
2024-04-24T00:49:10,252  INFO [main] metadata.Hive: Total time spent in each metastore function (ms): {commitTxn_(CommitTxnRequest)=13, getDatabase_(String)=4, getValidTxns_(long)=0, isCompatibleWith_(Configuration)=1, getValidWriteIds_(List, String)=3, flushCache_()=0, openTxn_(String, TxnType)=3}
2024-04-24T00:49:10,252  INFO [main] ql.Driver: Completed compiling command(queryId=alex_20240424004910_1ad16494-d2c6-435a-82a4-4fe2d4485f01); Time taken: 0.013 seconds
2024-04-24T00:49:10,253  INFO [main] lockmgr.DbTxnManager: Setting lock request transaction to txnid:10 for queryId=alex_20240424004910_1ad16494-d2c6-435a-82a4-4fe2d4485f01
2024-04-24T00:49:10,253  INFO [main] lockmgr.DbLockManager: Requesting lock for queryId=alex_20240424004910_1ad16494-d2c6-435a-82a4-4fe2d4485f01
2024-04-24T00:49:10,273  INFO [main] lockmgr.DbLockManager: Response to queryId=alex_20240424004910_1ad16494-d2c6-435a-82a4-4fe2d4485f01 LockResponse(lockid:4, state:ACQUIRED)
2024-04-24T00:49:10,273  INFO [main] ql.Driver: Operation CREATETABLE obtained 1 locks
2024-04-24T00:49:10,274  INFO [main] ql.Driver: Executing command(queryId=alex_20240424004910_1ad16494-d2c6-435a-82a4-4fe2d4485f01): create table nonAcidOrcTbl2(a int, b int) clustered by (a) into 2 buckets stored as orc TBLPROPERTIES ('transactional'='false')
2024-04-24T00:49:10,274  INFO [main] ql.Driver: Starting task [Stage-0:DDL] in serial mode
2024-04-24T00:49:10,276  INFO [main] HiveMetaStore.audit: ugi=alex	ip=unknown-ip-addr	cmd=create_table_req: Table(tableName:nonAcidOrcTbl2, dbName:default, owner:alex, createTime:1713944950, lastAccessTime:0, retention:0, sd:StorageDescriptor(cols:[FieldSchema(name:a, type:int, comment:null), FieldSchema(name:b, type:int, comment:null)], location:null, inputFormat:org.apache.hadoop.hive.ql.io.orc.OrcInputFormat, outputFormat:org.apache.hadoop.hive.ql.io.orc.OrcOutputFormat, compressed:false, numBuckets:2, serdeInfo:SerDeInfo(name:null, serializationLib:org.apache.hadoop.hive.ql.io.orc.OrcSerde, parameters:{serialization.format=1}), bucketCols:[a], sortCols:[], parameters:{}, skewedInfo:SkewedInfo(skewedColNames:[], skewedColValues:[], skewedColValueLocationMaps:{}), storedAsSubDirectories:false), partitionKeys:[], parameters:{totalSize=0, COLUMN_STATS_ACCURATE={"BASIC_STATS":"true","COLUMN_STATS":{"a":"true","b":"true"}}, bucketing_version=2, rawDataSize=0, numFilesErasureCoded=0, numFiles=0, numRows=0, transactional=false}, viewOriginalText:null, viewExpandedText:null, tableType:MANAGED_TABLE, privileges:PrincipalPrivilegeSet(userPrivileges:{alex=[PrivilegeGrantInfo(privilege:INSERT, createTime:-1, grantor:alex, grantorType:USER, grantOption:true), PrivilegeGrantInfo(privilege:SELECT, createTime:-1, grantor:alex, grantorType:USER, grantOption:true), PrivilegeGrantInfo(privilege:UPDATE, createTime:-1, grantor:alex, grantorType:USER, grantOption:true), PrivilegeGrantInfo(privilege:DELETE, createTime:-1, grantor:alex, grantorType:USER, grantOption:true)]}, groupPrivileges:null, rolePrivileges:null), temporary:false, catName:hive, ownerType:USER)	
2024-04-24T00:49:10,283  INFO [main] utils.FileUtils: Creating directory if it doesn't exist: file:/home/alex/Repositories/hive/ql/target/tmp/org.apache.hadoop.hive.ql.TestTxnCommands3-1713944903826/warehouse/nonacidorctbl2
2024-04-24T00:49:10,306  INFO [main] metadata.Hive: Dumping metastore api call timing information for : execution phase
2024-04-24T00:49:10,306  INFO [main] metadata.Hive: Total time spent in each metastore function (ms): {isCompatibleWith_(Configuration)=0, createTable_(Table)=31}
2024-04-24T00:49:10,306  INFO [main] ql.Driver: Completed executing command(queryId=alex_20240424004910_1ad16494-d2c6-435a-82a4-4fe2d4485f01); Time taken: 0.032 seconds
2024-04-24T00:49:10,306  INFO [main] lockmgr.DbTxnManager: Stopped heartbeat for query: alex_20240424004910_1ad16494-d2c6-435a-82a4-4fe2d4485f01
2024-04-24T00:49:10,312  INFO [main] txn.TxnHandler: Expected to move at least one record from txn_components to completed_txn_components when committing txn! txnid:10
2024-04-24T00:49:10,321  INFO [main] txn.TxnHandler: Removed transactions: ([10]) from MIN_HISTORY_LEVEL
2024-04-24T00:49:10,321  WARN [main] txn.CompactionTxnHandler: No compaction queue record found for Compaction type transaction commit. txnId:10
2024-04-24T00:49:10,322  INFO [main] ql.TxnCommandsBaseForTests: Running the query: create temporary  table acidTbl2(a int, b int, c int) clustered by (c) into 2 buckets stored as orc TBLPROPERTIES ('transactional'='true')
2024-04-24T00:49:10,322  INFO [main] ql.Driver: Compiling command(queryId=alex_20240424004910_e9e5dc34-dec3-43a6-a2e3-85033a5c33eb): create temporary  table acidTbl2(a int, b int, c int) clustered by (c) into 2 buckets stored as orc TBLPROPERTIES ('transactional'='true')
2024-04-24T00:49:10,326  INFO [main] txn.TxnHandler: Added entries to MIN_HISTORY_LEVEL for current txns: ([11]) with min_open_txn: 1
2024-04-24T00:49:10,327  INFO [main] lockmgr.DbTxnManager: Opened txnid:11
2024-04-24T00:49:10,328  INFO [main] parse.CalcitePlanner: Starting caching scope for: 
2024-04-24T00:49:10,328  INFO [main] parse.CalcitePlanner: Starting Semantic Analysis
2024-04-24T00:49:10,332  INFO [main] parse.CalcitePlanner: Creating table default.acidTbl2 position=24
2024-04-24T00:49:10,333  INFO [main] HiveMetaStore.audit: ugi=alex	ip=unknown-ip-addr	cmd=get_database: default	
2024-04-24T00:49:10,335  INFO [main] parse.CalcitePlanner: Ending caching scope for: 
2024-04-24T00:49:10,336  INFO [main] ql.Driver: Semantic Analysis Completed (retrial = false)
2024-04-24T00:49:10,336  INFO [main] ql.Driver: Created Hive schema: Schema(fieldSchemas:null, properties:null)
2024-04-24T00:49:10,336  INFO [main] metadata.Hive: Dumping metastore api call timing information for : compilation phase
2024-04-24T00:49:10,336  INFO [main] metadata.Hive: Total time spent in each metastore function (ms): {commitTxn_(CommitTxnRequest)=15, flushCache_()=0, getDatabase_(String)=3, getValidTxns_(long)=1, getValidWriteIds_(List, String)=4, openTxn_(String, TxnType)=3, isCompatibleWith_(Configuration)=1}
2024-04-24T00:49:10,336  INFO [main] ql.Driver: Completed compiling command(queryId=alex_20240424004910_e9e5dc34-dec3-43a6-a2e3-85033a5c33eb); Time taken: 0.014 seconds
2024-04-24T00:49:10,336  INFO [main] lockmgr.DbTxnManager: Setting lock request transaction to txnid:11 for queryId=alex_20240424004910_e9e5dc34-dec3-43a6-a2e3-85033a5c33eb
2024-04-24T00:49:10,337  INFO [main] lockmgr.DbLockManager: Requesting lock for queryId=alex_20240424004910_e9e5dc34-dec3-43a6-a2e3-85033a5c33eb
2024-04-24T00:49:10,357  INFO [main] lockmgr.DbLockManager: Response to queryId=alex_20240424004910_e9e5dc34-dec3-43a6-a2e3-85033a5c33eb LockResponse(lockid:5, state:ACQUIRED)
2024-04-24T00:49:10,357  INFO [main] ql.Driver: Operation CREATETABLE obtained 1 locks
2024-04-24T00:49:10,358  INFO [main] ql.Driver: Executing command(queryId=alex_20240424004910_e9e5dc34-dec3-43a6-a2e3-85033a5c33eb): create temporary  table acidTbl2(a int, b int, c int) clustered by (c) into 2 buckets stored as orc TBLPROPERTIES ('transactional'='true')
2024-04-24T00:49:10,358  INFO [main] ql.Driver: Starting task [Stage-0:DDL] in serial mode
2024-04-24T00:49:10,360  INFO [main] utils.FileUtils: Creating directory if it doesn't exist: file:/home/alex/Repositories/hive/ql/target/tmp/scratchdir/alex/5ea2784d-77df-4340-91b7-1854c47a1061/_tmp_space.db/38dc33a2-5fa0-4bc5-ac97-a6331883484b
2024-04-24T00:49:10,363  INFO [main] metadata.Hive: Dumping metastore api call timing information for : execution phase
2024-04-24T00:49:10,363  INFO [main] metadata.Hive: Total time spent in each metastore function (ms): {createTable_(Table)=3, isCompatibleWith_(Configuration)=1}
2024-04-24T00:49:10,363  INFO [main] ql.Driver: Completed executing command(queryId=alex_20240424004910_e9e5dc34-dec3-43a6-a2e3-85033a5c33eb); Time taken: 0.005 seconds
2024-04-24T00:49:10,363  INFO [main] lockmgr.DbTxnManager: Stopped heartbeat for query: alex_20240424004910_e9e5dc34-dec3-43a6-a2e3-85033a5c33eb
2024-04-24T00:49:10,368  INFO [main] txn.TxnHandler: Expected to move at least one record from txn_components to completed_txn_components when committing txn! txnid:11
2024-04-24T00:49:10,376  INFO [main] txn.TxnHandler: Removed transactions: ([11]) from MIN_HISTORY_LEVEL
2024-04-24T00:49:10,377  WARN [main] txn.CompactionTxnHandler: No compaction queue record found for Compaction type transaction commit. txnId:11
2024-04-24T00:49:10,378  INFO [main] ql.TxnCommandsBaseForTests: Running the query: create table nonAcidNonBucket(a int, b int) stored as orc TBLPROPERTIES ('transactional'='false')
2024-04-24T00:49:10,378  INFO [main] ql.Driver: Compiling command(queryId=alex_20240424004910_201c78fc-272f-4815-a7c8-503464e9d03a): create table nonAcidNonBucket(a int, b int) stored as orc TBLPROPERTIES ('transactional'='false')
2024-04-24T00:49:10,382  INFO [main] txn.TxnHandler: Added entries to MIN_HISTORY_LEVEL for current txns: ([12]) with min_open_txn: 1
2024-04-24T00:49:10,382  INFO [main] lockmgr.DbTxnManager: Opened txnid:12
2024-04-24T00:49:10,384  INFO [main] parse.CalcitePlanner: Starting caching scope for: 
2024-04-24T00:49:10,384  INFO [main] parse.CalcitePlanner: Starting Semantic Analysis
2024-04-24T00:49:10,388  INFO [main] parse.CalcitePlanner: Creating table default.nonAcidNonBucket position=13
2024-04-24T00:49:10,388  INFO [main] HiveMetaStore.audit: ugi=alex	ip=unknown-ip-addr	cmd=get_database: default	
2024-04-24T00:49:10,392  INFO [main] parse.CalcitePlanner: Ending caching scope for: 
2024-04-24T00:49:10,392  INFO [main] ql.Driver: Semantic Analysis Completed (retrial = false)
2024-04-24T00:49:10,392  INFO [main] ql.Driver: Created Hive schema: Schema(fieldSchemas:null, properties:null)
2024-04-24T00:49:10,392  INFO [main] metadata.Hive: Dumping metastore api call timing information for : compilation phase
2024-04-24T00:49:10,392  INFO [main] metadata.Hive: Total time spent in each metastore function (ms): {getValidTxns_(long)=0, getValidWriteIds_(List, String)=4, openTxn_(String, TxnType)=3, isCompatibleWith_(Configuration)=1, getDatabase_(String)=3, flushCache_()=0, commitTxn_(CommitTxnRequest)=13}
2024-04-24T00:49:10,392  INFO [main] ql.Driver: Completed compiling command(queryId=alex_20240424004910_201c78fc-272f-4815-a7c8-503464e9d03a); Time taken: 0.014 seconds
2024-04-24T00:49:10,393  INFO [main] lockmgr.DbTxnManager: Setting lock request transaction to txnid:12 for queryId=alex_20240424004910_201c78fc-272f-4815-a7c8-503464e9d03a
2024-04-24T00:49:10,393  INFO [main] lockmgr.DbLockManager: Requesting lock for queryId=alex_20240424004910_201c78fc-272f-4815-a7c8-503464e9d03a
2024-04-24T00:49:10,413  INFO [main] lockmgr.DbLockManager: Response to queryId=alex_20240424004910_201c78fc-272f-4815-a7c8-503464e9d03a LockResponse(lockid:6, state:ACQUIRED)
2024-04-24T00:49:10,413  INFO [main] ql.Driver: Operation CREATETABLE obtained 1 locks
2024-04-24T00:49:10,413  INFO [main] ql.Driver: Executing command(queryId=alex_20240424004910_201c78fc-272f-4815-a7c8-503464e9d03a): create table nonAcidNonBucket(a int, b int) stored as orc TBLPROPERTIES ('transactional'='false')
2024-04-24T00:49:10,414  INFO [main] ql.Driver: Starting task [Stage-0:DDL] in serial mode
2024-04-24T00:49:10,416  INFO [main] HiveMetaStore.audit: ugi=alex	ip=unknown-ip-addr	cmd=create_table_req: Table(tableName:nonAcidNonBucket, dbName:default, owner:alex, createTime:1713944950, lastAccessTime:0, retention:0, sd:StorageDescriptor(cols:[FieldSchema(name:a, type:int, comment:null), FieldSchema(name:b, type:int, comment:null)], location:null, inputFormat:org.apache.hadoop.hive.ql.io.orc.OrcInputFormat, outputFormat:org.apache.hadoop.hive.ql.io.orc.OrcOutputFormat, compressed:false, numBuckets:-1, serdeInfo:SerDeInfo(name:null, serializationLib:org.apache.hadoop.hive.ql.io.orc.OrcSerde, parameters:{serialization.format=1}), bucketCols:[], sortCols:[], parameters:{}, skewedInfo:SkewedInfo(skewedColNames:[], skewedColValues:[], skewedColValueLocationMaps:{}), storedAsSubDirectories:false), partitionKeys:[], parameters:{COLUMN_STATS_ACCURATE={"BASIC_STATS":"true","COLUMN_STATS":{"a":"true","b":"true"}}, numFilesErasureCoded=0, transactional=false, bucketing_version=2, numFiles=0, rawDataSize=0, numRows=0, totalSize=0}, viewOriginalText:null, viewExpandedText:null, tableType:MANAGED_TABLE, privileges:PrincipalPrivilegeSet(userPrivileges:{alex=[PrivilegeGrantInfo(privilege:INSERT, createTime:-1, grantor:alex, grantorType:USER, grantOption:true), PrivilegeGrantInfo(privilege:SELECT, createTime:-1, grantor:alex, grantorType:USER, grantOption:true), PrivilegeGrantInfo(privilege:UPDATE, createTime:-1, grantor:alex, grantorType:USER, grantOption:true), PrivilegeGrantInfo(privilege:DELETE, createTime:-1, grantor:alex, grantorType:USER, grantOption:true)]}, groupPrivileges:null, rolePrivileges:null), temporary:false, catName:hive, ownerType:USER)	
2024-04-24T00:49:10,423  INFO [main] utils.FileUtils: Creating directory if it doesn't exist: file:/home/alex/Repositories/hive/ql/target/tmp/org.apache.hadoop.hive.ql.TestTxnCommands3-1713944903826/warehouse/nonacidnonbucket
2024-04-24T00:49:10,446  INFO [main] metadata.Hive: Dumping metastore api call timing information for : execution phase
2024-04-24T00:49:10,446  INFO [main] metadata.Hive: Total time spent in each metastore function (ms): {isCompatibleWith_(Configuration)=0, createTable_(Table)=31}
2024-04-24T00:49:10,447  INFO [main] ql.Driver: Completed executing command(queryId=alex_20240424004910_201c78fc-272f-4815-a7c8-503464e9d03a); Time taken: 0.033 seconds
2024-04-24T00:49:10,447  INFO [main] lockmgr.DbTxnManager: Stopped heartbeat for query: alex_20240424004910_201c78fc-272f-4815-a7c8-503464e9d03a
2024-04-24T00:49:10,452  INFO [main] txn.TxnHandler: Expected to move at least one record from txn_components to completed_txn_components when committing txn! txnid:12
2024-04-24T00:49:10,460  INFO [main] txn.TxnHandler: Removed transactions: ([12]) from MIN_HISTORY_LEVEL
2024-04-24T00:49:10,461  WARN [main] txn.CompactionTxnHandler: No compaction queue record found for Compaction type transaction commit. txnId:12
2024-04-24T00:49:10,462  INFO [main] ql.Driver: Compiling command(queryId=alex_20240424004910_4fabef31-bb0c-4c45-af68-378bc88b2cab): drop table if exists T
2024-04-24T00:49:10,466  INFO [main] txn.TxnHandler: Added entries to MIN_HISTORY_LEVEL for current txns: ([13]) with min_open_txn: 1
2024-04-24T00:49:10,467  INFO [main] lockmgr.DbTxnManager: Opened txnid:13
2024-04-24T00:49:10,468  INFO [main] HiveMetaStore.audit: ugi=alex	ip=unknown-ip-addr	cmd=get_table : tbl=hive.default.T	
2024-04-24T00:49:10,494  INFO [main] metastore.HMSHandler: Skipping translation for processor with null
2024-04-24T00:49:10,495  INFO [main] ql.Driver: Semantic Analysis Completed (retrial = false)
2024-04-24T00:49:10,495  INFO [main] ql.Driver: Created Hive schema: Schema(fieldSchemas:null, properties:null)
2024-04-24T00:49:10,495  INFO [main] metadata.Hive: Dumping metastore api call timing information for : compilation phase
2024-04-24T00:49:10,495  INFO [main] metadata.Hive: Total time spent in each metastore function (ms): {flushCache_()=0, commitTxn_(CommitTxnRequest)=14, getValidTxns_(long)=1, openTxn_(String, TxnType)=4, getTable_(GetTableRequest)=26, isCompatibleWith_(Configuration)=0}
2024-04-24T00:49:10,495  INFO [main] ql.Driver: Completed compiling command(queryId=alex_20240424004910_4fabef31-bb0c-4c45-af68-378bc88b2cab); Time taken: 0.033 seconds
2024-04-24T00:49:10,495  INFO [main] lockmgr.DbTxnManager: Setting lock request transaction to txnid:13 for queryId=alex_20240424004910_4fabef31-bb0c-4c45-af68-378bc88b2cab
2024-04-24T00:49:10,496  INFO [main] lockmgr.DbLockManager: Requesting lock for queryId=alex_20240424004910_4fabef31-bb0c-4c45-af68-378bc88b2cab
2024-04-24T00:49:10,519  INFO [main] lockmgr.DbLockManager: Response to queryId=alex_20240424004910_4fabef31-bb0c-4c45-af68-378bc88b2cab LockResponse(lockid:7, state:ACQUIRED)
2024-04-24T00:49:10,519  INFO [main] ql.Driver: Operation DROPTABLE obtained 1 locks
2024-04-24T00:49:10,519  INFO [main] ql.Driver: Executing command(queryId=alex_20240424004910_4fabef31-bb0c-4c45-af68-378bc88b2cab): drop table if exists T
2024-04-24T00:49:10,519  INFO [main] ql.Driver: Starting task [Stage-0:DDL] in serial mode
2024-04-24T00:49:10,520  INFO [main] HiveMetaStore.audit: ugi=alex	ip=unknown-ip-addr	cmd=get_table : tbl=hive.default.T	
2024-04-24T00:49:10,531  INFO [main] metastore.HMSHandler: Skipping translation for processor with null
2024-04-24T00:49:10,531  INFO [main] HiveMetaStore.audit: ugi=alex	ip=unknown-ip-addr	cmd=get_table : tbl=hive.default.T	
2024-04-24T00:49:10,542  INFO [main] metastore.HMSHandler: Skipping translation for processor with null
2024-04-24T00:49:10,542  INFO [main] HiveMetaStore.audit: ugi=alex	ip=unknown-ip-addr	cmd=drop_table : tbl=hive.default.T	
2024-04-24T00:49:10,698  WARN [main] utils.FileUtils: File file:/home/alex/Repositories/hive/ql/target/tmp/org.apache.hadoop.hive.ql.TestTxnCommands3-1713944903826/warehouse/t does not exist; Force to delete it.
2024-04-24T00:49:10,698 ERROR [main] utils.FileUtils: Failed to delete file:/home/alex/Repositories/hive/ql/target/tmp/org.apache.hadoop.hive.ql.TestTxnCommands3-1713944903826/warehouse/t
2024-04-24T00:49:10,699  INFO [main] metadata.Hive: Dumping metastore api call timing information for : execution phase
2024-04-24T00:49:10,699  INFO [main] metadata.Hive: Total time spent in each metastore function (ms): {dropTable_(String, String, boolean, boolean, boolean)=168, isCompatibleWith_(Configuration)=1, getTable_(GetTableRequest)=11}
2024-04-24T00:49:10,699  INFO [main] ql.Driver: Completed executing command(queryId=alex_20240424004910_4fabef31-bb0c-4c45-af68-378bc88b2cab); Time taken: 0.18 seconds
2024-04-24T00:49:10,699  INFO [main] lockmgr.DbTxnManager: Stopped heartbeat for query: alex_20240424004910_4fabef31-bb0c-4c45-af68-378bc88b2cab
2024-04-24T00:49:10,704  INFO [main] txn.TxnHandler: Expected to move at least one record from txn_components to completed_txn_components when committing txn! txnid:13
2024-04-24T00:49:10,712  INFO [main] txn.TxnHandler: Removed transactions: ([13]) from MIN_HISTORY_LEVEL
2024-04-24T00:49:10,712  WARN [main] txn.CompactionTxnHandler: No compaction queue record found for Compaction type transaction commit. txnId:13
2024-04-24T00:49:10,713  INFO [main] ql.TxnCommandsBaseForTests: Running the query: create transactional table T(a int, b int) stored as orc
2024-04-24T00:49:10,714  INFO [main] ql.Driver: Compiling command(queryId=alex_20240424004910_f2c25026-8f3c-47f6-b62f-191d1b8d50b1): create transactional table T(a int, b int) stored as orc
2024-04-24T00:49:10,719  INFO [main] txn.TxnHandler: Added entries to MIN_HISTORY_LEVEL for current txns: ([14]) with min_open_txn: 2
2024-04-24T00:49:10,719  INFO [main] lockmgr.DbTxnManager: Opened txnid:14
2024-04-24T00:49:10,720  INFO [main] parse.CalcitePlanner: Starting caching scope for: 
2024-04-24T00:49:10,720  INFO [main] parse.CalcitePlanner: Starting Semantic Analysis
2024-04-24T00:49:10,728  INFO [main] parse.CalcitePlanner: Creating table default.T position=27
2024-04-24T00:49:10,728  INFO [main] parse.CalcitePlanner: Automatically chose to make default.T acid.
2024-04-24T00:49:10,729  INFO [main] HiveMetaStore.audit: ugi=alex	ip=unknown-ip-addr	cmd=get_database: default	
2024-04-24T00:49:10,732  INFO [main] parse.CalcitePlanner: Ending caching scope for: 
2024-04-24T00:49:10,732  INFO [main] ql.Driver: Semantic Analysis Completed (retrial = false)
2024-04-24T00:49:10,732  INFO [main] ql.Driver: Created Hive schema: Schema(fieldSchemas:null, properties:null)
2024-04-24T00:49:10,732  INFO [main] metadata.Hive: Dumping metastore api call timing information for : compilation phase
2024-04-24T00:49:10,732  INFO [main] metadata.Hive: Total time spent in each metastore function (ms): {getValidWriteIds_(List, String)=7, commitTxn_(CommitTxnRequest)=14, isCompatibleWith_(Configuration)=1, openTxn_(String, TxnType)=4, getDatabase_(String)=4, flushCache_()=1, getValidTxns_(long)=1}
2024-04-24T00:49:10,732  INFO [main] ql.Driver: Completed compiling command(queryId=alex_20240424004910_f2c25026-8f3c-47f6-b62f-191d1b8d50b1); Time taken: 0.018 seconds
2024-04-24T00:49:10,733  INFO [main] lockmgr.DbTxnManager: Setting lock request transaction to txnid:14 for queryId=alex_20240424004910_f2c25026-8f3c-47f6-b62f-191d1b8d50b1
2024-04-24T00:49:10,733  INFO [main] lockmgr.DbLockManager: Requesting lock for queryId=alex_20240424004910_f2c25026-8f3c-47f6-b62f-191d1b8d50b1
2024-04-24T00:49:10,752  INFO [main] lockmgr.DbLockManager: Response to queryId=alex_20240424004910_f2c25026-8f3c-47f6-b62f-191d1b8d50b1 LockResponse(lockid:8, state:ACQUIRED)
2024-04-24T00:49:10,752  INFO [main] ql.Driver: Operation CREATETABLE obtained 1 locks
2024-04-24T00:49:10,754  INFO [main] ql.Driver: Executing command(queryId=alex_20240424004910_f2c25026-8f3c-47f6-b62f-191d1b8d50b1): create transactional table T(a int, b int) stored as orc
2024-04-24T00:49:10,754  INFO [main] ql.Driver: Starting task [Stage-0:DDL] in serial mode
2024-04-24T00:49:10,756  INFO [main] HiveMetaStore.audit: ugi=alex	ip=unknown-ip-addr	cmd=create_table_req: Table(tableName:T, dbName:default, owner:alex, createTime:1713944950, lastAccessTime:0, retention:0, sd:StorageDescriptor(cols:[FieldSchema(name:a, type:int, comment:null), FieldSchema(name:b, type:int, comment:null)], location:null, inputFormat:org.apache.hadoop.hive.ql.io.orc.OrcInputFormat, outputFormat:org.apache.hadoop.hive.ql.io.orc.OrcOutputFormat, compressed:false, numBuckets:-1, serdeInfo:SerDeInfo(name:null, serializationLib:org.apache.hadoop.hive.ql.io.orc.OrcSerde, parameters:{serialization.format=1}), bucketCols:[], sortCols:[], parameters:{}, skewedInfo:SkewedInfo(skewedColNames:[], skewedColValues:[], skewedColValueLocationMaps:{}), storedAsSubDirectories:false), partitionKeys:[], parameters:{transactional=true, bucketing_version=2, totalSize=0, transactional_properties=default, rawDataSize=0, numRows=0, numFiles=0, COLUMN_STATS_ACCURATE={"BASIC_STATS":"true","COLUMN_STATS":{"a":"true","b":"true"}}, numFilesErasureCoded=0}, viewOriginalText:null, viewExpandedText:null, tableType:MANAGED_TABLE, privileges:PrincipalPrivilegeSet(userPrivileges:{alex=[PrivilegeGrantInfo(privilege:INSERT, createTime:-1, grantor:alex, grantorType:USER, grantOption:true), PrivilegeGrantInfo(privilege:SELECT, createTime:-1, grantor:alex, grantorType:USER, grantOption:true), PrivilegeGrantInfo(privilege:UPDATE, createTime:-1, grantor:alex, grantorType:USER, grantOption:true), PrivilegeGrantInfo(privilege:DELETE, createTime:-1, grantor:alex, grantorType:USER, grantOption:true)]}, groupPrivileges:null, rolePrivileges:null), temporary:false, catName:hive, ownerType:USER, writeId:0)	
2024-04-24T00:49:10,765  INFO [main] utils.FileUtils: Creating directory if it doesn't exist: file:/home/alex/Repositories/hive/ql/target/tmp/org.apache.hadoop.hive.ql.TestTxnCommands3-1713944903826/warehouse/t
2024-04-24T00:49:10,806  INFO [main] metadata.Hive: Dumping metastore api call timing information for : execution phase
2024-04-24T00:49:10,806  INFO [main] metadata.Hive: Total time spent in each metastore function (ms): {createTable_(Table)=51, isCompatibleWith_(Configuration)=0}
2024-04-24T00:49:10,806  INFO [main] ql.Driver: Completed executing command(queryId=alex_20240424004910_f2c25026-8f3c-47f6-b62f-191d1b8d50b1); Time taken: 0.052 seconds
2024-04-24T00:49:10,806  INFO [main] lockmgr.DbTxnManager: Stopped heartbeat for query: alex_20240424004910_f2c25026-8f3c-47f6-b62f-191d1b8d50b1
2024-04-24T00:49:10,812  INFO [main] txn.TxnHandler: Expected to move at least one record from txn_components to completed_txn_components when committing txn! txnid:14
2024-04-24T00:49:10,837  INFO [main] txn.TxnHandler: Removed transactions: ([14]) from MIN_HISTORY_LEVEL
2024-04-24T00:49:10,837  WARN [main] txn.CompactionTxnHandler: No compaction queue record found for Compaction type transaction commit. txnId:14
2024-04-24T00:49:10,838  INFO [main] ql.TxnCommandsBaseForTests: Running the query: insert into T values(1,2),(4,5)
2024-04-24T00:49:10,838  INFO [main] ql.Driver: Compiling command(queryId=alex_20240424004910_1b8d1eb1-558e-42f8-845c-297d9cd3f427): insert into T values(1,2),(4,5)
2024-04-24T00:49:10,843  INFO [main] txn.TxnHandler: Added entries to MIN_HISTORY_LEVEL for current txns: ([15]) with min_open_txn: 5
2024-04-24T00:49:10,843  INFO [main] lockmgr.DbTxnManager: Opened txnid:15
2024-04-24T00:49:10,844  INFO [main] parse.CalcitePlanner: Starting caching scope for: 
2024-04-24T00:49:10,844  INFO [main] parse.CalcitePlanner: Starting Semantic Analysis
2024-04-24T00:49:10,850  INFO [main] HiveMetaStore.audit: ugi=alex	ip=unknown-ip-addr	cmd=get_table : tbl=hive.default.T	
2024-04-24T00:49:10,861  INFO [main] metastore.HMSHandler: Skipping translation for processor with null
2024-04-24T00:49:10,862  INFO [main] parse.CalcitePlanner: Completed phase 1 of Semantic Analysis
2024-04-24T00:49:10,862  INFO [main] parse.CalcitePlanner: Get metadata for source tables
2024-04-24T00:49:10,862  INFO [main] parse.CalcitePlanner: Get metadata for subqueries
2024-04-24T00:49:10,862  INFO [main] parse.CalcitePlanner: Get metadata for destination tables
2024-04-24T00:49:10,862  INFO [main] HiveMetaStore.audit: ugi=alex	ip=unknown-ip-addr	cmd=get_table : tbl=hive.default.T	
2024-04-24T00:49:10,873  INFO [main] metastore.HMSHandler: Skipping translation for processor with null
2024-04-24T00:49:10,873  INFO [main] parse.CalcitePlanner: Completed getting MetaData in Semantic Analysis
2024-04-24T00:49:10,873  INFO [main] parse.CalcitePlanner: Disabling LLAP IO encode as ETL query is detected
2024-04-24T00:49:10,902  INFO [main] HiveMetaStore.audit: ugi=alex	ip=unknown-ip-addr	cmd=get_all_table_constraints : tbl=hive._dummy_database._dummy_table	
2024-04-24T00:49:11,044  INFO [main] parse.CalcitePlanner: Get metadata for source tables
2024-04-24T00:49:11,044  INFO [main] parse.CalcitePlanner: Get metadata for subqueries
2024-04-24T00:49:11,044  INFO [main] parse.CalcitePlanner: Get metadata for source tables
2024-04-24T00:49:11,045  INFO [main] HiveMetaStore.audit: ugi=alex	ip=unknown-ip-addr	cmd=get_table : tbl=hive._dummy_database._dummy_table	
2024-04-24T00:49:11,049  INFO [main] parse.CalcitePlanner: Get metadata for subqueries
2024-04-24T00:49:11,049  INFO [main] parse.CalcitePlanner: Get metadata for destination tables
2024-04-24T00:49:11,049  INFO [main] parse.CalcitePlanner: Get metadata for destination tables
2024-04-24T00:49:11,050  INFO [main] HiveMetaStore.audit: ugi=alex	ip=unknown-ip-addr	cmd=get_table : tbl=hive.default.T	
2024-04-24T00:49:11,059  INFO [main] metastore.HMSHandler: Skipping translation for processor with null
2024-04-24T00:49:11,064  INFO [main] HiveMetaStore.audit: ugi=alex	ip=unknown-ip-addr	cmd=get_not_null_constraints : tbl=hive.default.t	
2024-04-24T00:49:11,066  INFO [main] HiveMetaStore.audit: ugi=alex	ip=unknown-ip-addr	cmd=get_check_constraints : tbl=hive.default.t	
2024-04-24T00:49:11,079  INFO [main] txn.TxnHandler: Allocated writeId: 1 for txnId: 15
2024-04-24T00:49:11,079  INFO [main] txn.TxnHandler: Allocated write ids for dbName=default, tblName=t (txnIds: [15])
2024-04-24T00:49:11,090  INFO [main] parse.CalcitePlanner: CBO Succeeded; optimized logical plan.
2024-04-24T00:49:11,096  INFO [main] optimizer.BucketVersionPopulator: not considering bucketingVersion for: TS[0] because it has -1<2 buckets 
2024-04-24T00:49:11,098  INFO [main] optimizer.SortedDynPartitionOptimizer: Sorted dynamic partitioning optimization kicked in..
2024-04-24T00:49:11,109  INFO [main] HiveMetaStore.audit: ugi=alex	ip=unknown-ip-addr	cmd=get_table : tbl=hive.default.t	
2024-04-24T00:49:11,119  INFO [main] metastore.HMSHandler: Skipping translation for processor with null
2024-04-24T00:49:11,121  INFO [main] physical.Vectorizer: Examining input format to see if vectorization is enabled.
2024-04-24T00:49:11,121  INFO [main] physical.Vectorizer: Map vectorization enabled: false
2024-04-24T00:49:11,121  INFO [main] physical.Vectorizer: Map vectorized: false
2024-04-24T00:49:11,121  INFO [main] physical.Vectorizer: Map vectorizedVertexNum: 0
2024-04-24T00:49:11,121  INFO [main] physical.Vectorizer: Map enabledConditionsMet: [hive.vectorized.use.vectorized.input.format IS true]
2024-04-24T00:49:11,121  INFO [main] physical.Vectorizer: Map enabledConditionsNotMet: [Could not enable vectorization due to partition column names size 1 is greater than the number of table column names size 0 IS false]
2024-04-24T00:49:11,122  INFO [main] physical.Vectorizer: Map inputFileFormatClassNameSet: [org.apache.hadoop.hive.ql.io.NullRowsInputFormat]
2024-04-24T00:49:11,122  INFO [main] parse.CalcitePlanner: Completed plan generation
2024-04-24T00:49:11,122  INFO [main] parse.CalcitePlanner: Ending caching scope for: 
2024-04-24T00:49:11,122  INFO [main] ql.Driver: Semantic Analysis Completed (retrial = false)
2024-04-24T00:49:11,122  INFO [main] ql.Driver: Created Hive schema: Schema(fieldSchemas:[FieldSchema(name:col1, type:int, comment:null), FieldSchema(name:col2, type:int, comment:null)], properties:null)
2024-04-24T00:49:11,122  INFO [main] metadata.Hive: Dumping metastore api call timing information for : compilation phase
2024-04-24T00:49:11,122  INFO [main] metadata.Hive: Total time spent in each metastore function (ms): {openTxn_(String, TxnType)=3, getNotNullConstraints_(NotNullConstraintsRequest)=3, getValidWriteIds_(List, String)=7, getValidTxns_(long)=1, getCheckConstraints_(CheckConstraintsRequest)=2, flushCache_()=1, getAllTableConstraints_(AllTableConstraintsRequest)=55, getTable_(GetTableRequest)=46, allocateTableWriteId_(long, String, String)=21, isCompatibleWith_(Configuration)=0, commitTxn_(CommitTxnRequest)=31}
2024-04-24T00:49:11,123  INFO [main] ql.Driver: Completed compiling command(queryId=alex_20240424004910_1b8d1eb1-558e-42f8-845c-297d9cd3f427); Time taken: 0.284 seconds
2024-04-24T00:49:11,123  INFO [main] lockmgr.DbTxnManager: Setting lock request transaction to txnid:15 for queryId=alex_20240424004910_1b8d1eb1-558e-42f8-845c-297d9cd3f427
2024-04-24T00:49:11,123  INFO [main] lockmgr.DbLockManager: Requesting lock for queryId=alex_20240424004910_1b8d1eb1-558e-42f8-845c-297d9cd3f427
2024-04-24T00:49:11,152  INFO [main] lockmgr.DbLockManager: Response to queryId=alex_20240424004910_1b8d1eb1-558e-42f8-845c-297d9cd3f427 LockResponse(lockid:9, state:ACQUIRED)
2024-04-24T00:49:11,152  INFO [main] ql.Driver: Operation QUERY obtained 1 locks
2024-04-24T00:49:11,155  INFO [main] ql.Driver: Executing command(queryId=alex_20240424004910_1b8d1eb1-558e-42f8-845c-297d9cd3f427): insert into T values(1,2),(4,5)
2024-04-24T00:49:11,156  WARN [main] ql.Driver: Hive-on-MR is deprecated in Hive 2 and may not be available in the future versions. Consider using a different execution engine (i.e. spark, tez) or using Hive 1.X releases.
Query ID = alex_20240424004910_1b8d1eb1-558e-42f8-845c-297d9cd3f427
2024-04-24T00:49:11,156  INFO [main] ql.Driver: Query ID = alex_20240424004910_1b8d1eb1-558e-42f8-845c-297d9cd3f427
Total jobs = 1
2024-04-24T00:49:11,156  INFO [main] ql.Driver: Total jobs = 1
Launching Job 1 out of 1
2024-04-24T00:49:11,156  INFO [main] ql.Driver: Launching Job 1 out of 1
2024-04-24T00:49:11,329  INFO [main] ql.Driver: Starting task [Stage-1:MAPRED] in serial mode
Number of reduce tasks is set to 0 since there's no reduce operator
2024-04-24T00:49:11,329  INFO [main] exec.Task: Number of reduce tasks is set to 0 since there's no reduce operator
2024-04-24T00:49:11,332  INFO [main] mr.ExecDriver: Using org.apache.hadoop.hive.ql.io.HiveInputFormat
2024-04-24T00:49:11,332  INFO [main] exec.Utilities: Processing alias $hdt$_0:_dummy_table
2024-04-24T00:49:11,332  INFO [main] exec.Utilities: Adding 1 inputs; the first input is file:/home/alex/Repositories/hive/ql/target/tmp/localscratchdir/5ea2784d-77df-4340-91b7-1854c47a1061/hive_2024-04-24_00-49-10_838_730202951732286684-1/dummy_path
2024-04-24T00:49:11,343  INFO [main] exec.SerializationUtilities: Serializing MapWork using kryo
2024-04-24T00:49:11,347  INFO [main] exec.Utilities: Serialized plan (via FILE) - name: null size: 5,69KB
2024-04-24T00:49:11,348  WARN [main] impl.MetricsSystemImpl: JobTracker metrics system already initialized!
2024-04-24T00:49:11,352  INFO [main] fs.FSStatsPublisher: created : file:/home/alex/Repositories/hive/ql/target/tmp/localscratchdir/5ea2784d-77df-4340-91b7-1854c47a1061/hive_2024-04-24_00-49-10_838_730202951732286684-1/-mr-10000
2024-04-24T00:49:11,355  WARN [main] impl.MetricsSystemImpl: JobTracker metrics system already initialized!
2024-04-24T00:49:11,367  WARN [main] mapreduce.JobResourceUploader: Hadoop command-line option parsing not performed. Implement the Tool interface and execute your application with ToolRunner to remedy this.
2024-04-24T00:49:11,373  WARN [main] mapreduce.JobResourceUploader: No job jar file set.  User classes may not be found. See Job or Job#setJar(String).
2024-04-24T00:49:11,375  INFO [main] io.HiveInputFormat: hive.io.file.readcolumn.ids = 
2024-04-24T00:49:11,375  INFO [main] io.HiveInputFormat: hive.io.file.readcolumn.names = 
2024-04-24T00:49:11,375  INFO [main] io.HiveInputFormat: Generating splits for dirs: file:/home/alex/Repositories/hive/ql/target/tmp/localscratchdir/5ea2784d-77df-4340-91b7-1854c47a1061/hive_2024-04-24_00-49-10_838_730202951732286684-1/dummy_path
2024-04-24T00:49:11,376  INFO [main] io.HiveInputFormat: number of splits 1
2024-04-24T00:49:11,399  INFO [main] mapreduce.JobSubmitter: number of splits:1
2024-04-24T00:49:11,430  INFO [main] mapreduce.JobSubmitter: Submitting tokens for job: job_local320603221_0012
2024-04-24T00:49:11,430  INFO [main] mapreduce.JobSubmitter: Executing with tokens: []
2024-04-24T00:49:11,531  INFO [main] mapreduce.Job: The url to track the job: http://localhost:8080/
Job running in-process (local Hadoop)
2024-04-24T00:49:11,532  INFO [main] exec.Task: Job running in-process (local Hadoop)
2024-04-24T00:49:11,532  INFO [Thread-853] mapred.LocalJobRunner: OutputCommitter set in config org.apache.hadoop.hive.ql.io.HiveFileFormatUtils$NullOutputCommitter
2024-04-24T00:49:11,532  INFO [Thread-853] mapred.LocalJobRunner: OutputCommitter is org.apache.hadoop.hive.ql.io.HiveFileFormatUtils$NullOutputCommitter
2024-04-24T00:49:11,534  INFO [Thread-853] mapred.LocalJobRunner: Waiting for map tasks
2024-04-24T00:49:11,534  INFO [LocalJobRunner Map Task Executor #0] mapred.LocalJobRunner: Starting task: attempt_local320603221_0012_m_000000_0
2024-04-24T00:49:11,540  INFO [LocalJobRunner Map Task Executor #0] mapred.Task:  Using ResourceCalculatorProcessTree : [ ]
2024-04-24T00:49:11,541  INFO [LocalJobRunner Map Task Executor #0] mapred.MapTask: Processing split: org.apache.hadoop.hive.ql.io.NullRowsInputFormat:file:/home/alex/Repositories/hive/ql/target/tmp/localscratchdir/5ea2784d-77df-4340-91b7-1854c47a1061/hive_2024-04-24_00-49-10_838_730202951732286684-1/dummy_path/null:0+1
2024-04-24T00:49:11,544  INFO [LocalJobRunner Map Task Executor #0] exec.SerializationUtilities: Deserializing MapWork using kryo
2024-04-24T00:49:11,547  INFO [LocalJobRunner Map Task Executor #0] exec.Utilities: Deserialized plan (via FILE) - name: null size: 5,69KB
2024-04-24T00:49:11,547  INFO [LocalJobRunner Map Task Executor #0] mapred.MapTask: numReduceTasks: 0
2024-04-24T00:49:11,550  INFO [LocalJobRunner Map Task Executor #0] exec.MapOperator: Initializing Operator: MAP[0]
2024-04-24T00:49:11,551  INFO [LocalJobRunner Map Task Executor #0] mr.ExecMapper: 
<MAP>Id =0
  <Children>null
  <\Children>
  <Parent><\Parent>
<\MAP>
2024-04-24T00:49:11,551  INFO [LocalJobRunner Map Task Executor #0] exec.TableScanOperator: Initializing Operator: TS[0]
2024-04-24T00:49:11,551  INFO [LocalJobRunner Map Task Executor #0] exec.SelectOperator: Initializing Operator: SEL[1]
2024-04-24T00:49:11,552  INFO [LocalJobRunner Map Task Executor #0] exec.SelectOperator: SELECT null
2024-04-24T00:49:11,552  INFO [LocalJobRunner Map Task Executor #0] exec.UDTFOperator: Initializing Operator: UDTF[2]
2024-04-24T00:49:11,552  INFO [LocalJobRunner Map Task Executor #0] exec.SelectOperator: Initializing Operator: SEL[3]
2024-04-24T00:49:11,552  INFO [LocalJobRunner Map Task Executor #0] exec.SelectOperator: SELECT struct<col1:int,col2:int>
2024-04-24T00:49:11,552  INFO [LocalJobRunner Map Task Executor #0] exec.FileSinkOperator: Initializing Operator: FS[4]
2024-04-24T00:49:11,553  INFO [LocalJobRunner Map Task Executor #0] exec.FileSinkOperator: Using serializer : AbstractSerDe [log=org.apache.logging.slf4j.Log4jLogger@7cecb575, configuration=Optional[Configuration: core-default.xml, core-site.xml, mapred-default.xml, mapred-site.xml, yarn-default.xml, yarn-site.xml, hdfs-default.xml, hdfs-site.xml, file:/home/alex/Repositories/hive/ql/target/tmp/TestTxnCommands3/mapred/local/localRunner/alex/job_local320603221_0012/job_local320603221_0012.xml], properties={transactional_properties=default, name=default.t, transactional=true, columns.types=int:int, columns=a,b, numFilesErasureCoded=0, columns.comments=&amp#0;, bucketing_version=2, serialization.lib=org.apache.hadoop.hive.ql.io.orc.OrcSerde, file.inputformat=org.apache.hadoop.hive.ql.io.orc.OrcInputFormat, file.outputformat=org.apache.hadoop.hive.ql.io.orc.OrcOutputFormat, location=file:/home/alex/Repositories/hive/ql/target/tmp/org.apache.hadoop.hive.ql.TestTxnCommands3-1713944903826/warehouse/t, column.name.delimiter=,}, tableProperties={transactional_properties=default, name=default.t, transactional=true, columns.types=int:int, columns=a,b, numFilesErasureCoded=0, columns.comments=&amp#0;, bucketing_version=2, serialization.lib=org.apache.hadoop.hive.ql.io.orc.OrcSerde, file.inputformat=org.apache.hadoop.hive.ql.io.orc.OrcInputFormat, location=file:/home/alex/Repositories/hive/ql/target/tmp/org.apache.hadoop.hive.ql.TestTxnCommands3-1713944903826/warehouse/t, file.outputformat=org.apache.hadoop.hive.ql.io.orc.OrcOutputFormat, column.name.delimiter=,}, partitionProperties=Optional.empty, columnNames=[a, b], columnTypes=[int, int], getClass()=class org.apache.hadoop.hive.ql.io.orc.OrcSerde] and formatter : org.apache.hadoop.hive.ql.io.orc.OrcOutputFormat@67b761f7
2024-04-24T00:49:11,554  INFO [LocalJobRunner Map Task Executor #0] exec.FileSinkOperator: Final Path: FS file:/home/alex/Repositories/hive/ql/target/tmp/org.apache.hadoop.hive.ql.TestTxnCommands3-1713944903826/warehouse/t
2024-04-24T00:49:11,554  INFO [LocalJobRunner Map Task Executor #0] exec.FileSinkOperator: New Final Path: FS file:/home/alex/Repositories/hive/ql/target/tmp/org.apache.hadoop.hive.ql.TestTxnCommands3-1713944903826/warehouse/t
2024-04-24T00:49:11,554  INFO [LocalJobRunner Map Task Executor #0] common.FileUtils: Creating directory if it doesn't exist: file:/home/alex/Repositories/hive/ql/target/tmp/org.apache.hadoop.hive.ql.TestTxnCommands3-1713944903826/warehouse
2024-04-24T00:49:11,557  INFO [LocalJobRunner Map Task Executor #0] exec.FileSinkOperator: FS[4]: records written - 1
2024-04-24T00:49:11,558  INFO [LocalJobRunner Map Task Executor #0] impl.PhysicalFsWriter: ORC writer created for path: file:/home/alex/Repositories/hive/ql/target/tmp/org.apache.hadoop.hive.ql.TestTxnCommands3-1713944903826/warehouse/t/delta_0000001_0000001_0000/bucket_00000_0 with stripeSize: 8388608 blockSize: 268435456 compression: Compress: ZLIB buffer: 32768
2024-04-24T00:49:11,566  INFO [LocalJobRunner Map Task Executor #0] impl.WriterImpl: ORC writer created for path: file:/home/alex/Repositories/hive/ql/target/tmp/org.apache.hadoop.hive.ql.TestTxnCommands3-1713944903826/warehouse/t/delta_0000001_0000001_0000/bucket_00000_0 with stripeSize: 8388608 options: Compress: ZLIB buffer: 32768
2024-04-24T00:49:11,571  INFO [LocalJobRunner Map Task Executor #0] exec.MapOperator: MAP[0]: records read - 1
2024-04-24T00:49:11,572  INFO [LocalJobRunner Map Task Executor #0] exec.MapOperator: Closing Operator: MAP[0]
2024-04-24T00:49:11,572  INFO [LocalJobRunner Map Task Executor #0] exec.MapOperator: MAP[0]: Total records read - 3. abort - false
2024-04-24T00:49:11,572  INFO [LocalJobRunner Map Task Executor #0] exec.MapOperator: RECORDS_IN:3, DESERIALIZE_ERRORS:0, RECORDS_OUT_INTERMEDIATE:0, RECORDS_OUT_OPERATOR_MAP_0:0, 
2024-04-24T00:49:11,572  INFO [LocalJobRunner Map Task Executor #0] exec.TableScanOperator: Closing Operator: TS[0]
2024-04-24T00:49:11,572  INFO [LocalJobRunner Map Task Executor #0] exec.TableScanOperator: RECORDS_OUT_OPERATOR_TS_0:1, RECORDS_OUT_INTERMEDIATE:0, 
2024-04-24T00:49:11,572  INFO [LocalJobRunner Map Task Executor #0] exec.SelectOperator: Closing Operator: SEL[1]
2024-04-24T00:49:11,572  INFO [LocalJobRunner Map Task Executor #0] exec.SelectOperator: RECORDS_OUT_INTERMEDIATE:0, RECORDS_OUT_OPERATOR_SEL_1:1, 
2024-04-24T00:49:11,572  INFO [LocalJobRunner Map Task Executor #0] exec.UDTFOperator: Closing Operator: UDTF[2]
2024-04-24T00:49:11,573  INFO [LocalJobRunner Map Task Executor #0] exec.UDTFOperator: RECORDS_OUT_INTERMEDIATE:0, RECORDS_OUT_OPERATOR_UDTF_2:2, 
2024-04-24T00:49:11,573  INFO [LocalJobRunner Map Task Executor #0] exec.SelectOperator: Closing Operator: SEL[3]
2024-04-24T00:49:11,573  INFO [LocalJobRunner Map Task Executor #0] exec.SelectOperator: RECORDS_OUT_OPERATOR_SEL_3:2, RECORDS_OUT_INTERMEDIATE:0, 
2024-04-24T00:49:11,573  INFO [LocalJobRunner Map Task Executor #0] exec.FileSinkOperator: Closing Operator: FS[4]
2024-04-24T00:49:11,573  INFO [LocalJobRunner Map Task Executor #0] exec.FileSinkOperator: FS[4]: records written - 2
2024-04-24T00:49:11,577  INFO [LocalJobRunner Map Task Executor #0] FileOperations: Writing manifest to file:/home/alex/Repositories/hive/ql/target/tmp/org.apache.hadoop.hive.ql.TestTxnCommands3-1713944903826/warehouse/t/_tmp.delta_0000001_0000001_0000/000000_0.manifest with [file:/home/alex/Repositories/hive/ql/target/tmp/org.apache.hadoop.hive.ql.TestTxnCommands3-1713944903826/warehouse/t/delta_0000001_0000001_0000/bucket_00000_0]
2024-04-24T00:49:11,595  INFO [LocalJobRunner Map Task Executor #0] exec.FileSinkOperator: RECORDS_OUT_OPERATOR_FS_4:2, TOTAL_TABLE_ROWS_WRITTEN:2, RECORDS_OUT_1_default.t:2, RECORDS_OUT_INTERMEDIATE:0, 
2024-04-24T00:49:11,599  INFO [LocalJobRunner Map Task Executor #0] mapred.LocalJobRunner: 
2024-04-24T00:49:11,603  INFO [LocalJobRunner Map Task Executor #0] mapred.Task: Task:attempt_local320603221_0012_m_000000_0 is done. And is in the process of committing
2024-04-24T00:49:11,603  INFO [LocalJobRunner Map Task Executor #0] mapred.LocalJobRunner: map
2024-04-24T00:49:11,604  INFO [LocalJobRunner Map Task Executor #0] mapred.Task: Task 'attempt_local320603221_0012_m_000000_0' done.
2024-04-24T00:49:11,604  INFO [LocalJobRunner Map Task Executor #0] mapred.Task: Final Counters for attempt_local320603221_0012_m_000000_0: Counters: 27
	File System Counters
		FILE: Number of bytes read=219455
		FILE: Number of bytes written=14136739
		FILE: Number of read operations=0
		FILE: Number of large read operations=0
		FILE: Number of write operations=0
	Map-Reduce Framework
		Map input records=4
		Map output records=0
		Input split bytes=360
		Spilled Records=0
		Failed Shuffles=0
		Merged Map outputs=0
		GC time elapsed (ms)=0
		Total committed heap usage (bytes)=1115160576
	HIVE
		CREATED_FILES=1
		DESERIALIZE_ERRORS=0
		RECORDS_IN=3
		RECORDS_OUT_1_default.t=2
		RECORDS_OUT_INTERMEDIATE=0
		RECORDS_OUT_OPERATOR_FS_4=2
		RECORDS_OUT_OPERATOR_MAP_0=0
		RECORDS_OUT_OPERATOR_SEL_1=1
		RECORDS_OUT_OPERATOR_SEL_3=2
		RECORDS_OUT_OPERATOR_TS_0=1
		RECORDS_OUT_OPERATOR_UDTF_2=2
		TOTAL_TABLE_ROWS_WRITTEN=2
	File Input Format Counters 
		Bytes Read=5746
	File Output Format Counters 
		Bytes Written=0
2024-04-24T00:49:11,604  INFO [LocalJobRunner Map Task Executor #0] mapred.LocalJobRunner: Finishing task: attempt_local320603221_0012_m_000000_0
2024-04-24T00:49:11,604  INFO [Thread-853] mapred.LocalJobRunner: map task executor complete.
2024-04-24 00:49:12,536 Stage-1 map = 100%,  reduce = 0%
2024-04-24T00:49:12,536  INFO [main] exec.Task: 2024-04-24 00:49:12,536 Stage-1 map = 100%,  reduce = 0%
Ended Job = job_local320603221_0012
2024-04-24T00:49:12,540  INFO [main] exec.Task: Ended Job = job_local320603221_0012
2024-04-24T00:49:12,542  INFO [main] FileOperations: Found manifest file file:/home/alex/Repositories/hive/ql/target/tmp/org.apache.hadoop.hive.ql.TestTxnCommands3-1713944903826/warehouse/t/_tmp.delta_0000001_0000001_0000/000000_0.manifest with attemptId 0.
2024-04-24T00:49:12,542  INFO [main] FileOperations: Looking at manifest file: file:/home/alex/Repositories/hive/ql/target/tmp/org.apache.hadoop.hive.ql.TestTxnCommands3-1713944903826/warehouse/t/_tmp.delta_0000001_0000001_0000/000000_0.manifest
2024-04-24T00:49:12,543  INFO [main] FileOperations: Deleting manifest directory file:/home/alex/Repositories/hive/ql/target/tmp/org.apache.hadoop.hive.ql.TestTxnCommands3-1713944903826/warehouse/t/_tmp.delta_0000001_0000001_0000
2024-04-24T00:49:12,546  INFO [main] ql.Driver: Starting task [Stage-0:MOVE] in serial mode
Loading data to table default.t
2024-04-24T00:49:12,547  INFO [main] exec.Task: Loading data to table default.t from file:/home/alex/Repositories/hive/ql/target/tmp/org.apache.hadoop.hive.ql.TestTxnCommands3-1713944903826/warehouse/t
2024-04-24T00:49:12,548  INFO [main] HiveMetaStore.audit: ugi=alex	ip=unknown-ip-addr	cmd=get_table : tbl=hive.default.t	
2024-04-24T00:49:12,589  INFO [main] metastore.HMSHandler: Skipping translation for processor with null
2024-04-24T00:49:12,592  INFO [main] HiveMetaStore.audit: ugi=alex	ip=unknown-ip-addr	cmd=get_table : tbl=hive.default.t	
2024-04-24T00:49:12,632  INFO [main] metastore.HMSHandler: Skipping translation for processor with null
2024-04-24T00:49:12,635  INFO [main] HiveMetaStore.audit: ugi=alex	ip=unknown-ip-addr	cmd=alter_table: hive.default.t newtbl=t	
2024-04-24T00:49:12,682  INFO [main] ql.Driver: Starting task [Stage-2:STATS] in serial mode
2024-04-24T00:49:12,682  INFO [main] HiveMetaStore.audit: ugi=alex	ip=unknown-ip-addr	cmd=get_table : tbl=hive.default.t	
2024-04-24T00:49:12,691  INFO [main] metastore.HMSHandler: Skipping translation for processor with null
2024-04-24T00:49:12,692  INFO [main] stats.BasicStatsTask: Executing stats task
2024-04-24T00:49:12,692  INFO [main] fs.FSStatsPublisher: created : file:/home/alex/Repositories/hive/ql/target/tmp/localscratchdir/5ea2784d-77df-4340-91b7-1854c47a1061/hive_2024-04-24_00-49-10_838_730202951732286684-1/-mr-10000
2024-04-24T00:49:12,694  INFO [main] HiveMetaStore.audit: ugi=alex	ip=unknown-ip-addr	cmd=get_table : tbl=hive.default.t	
2024-04-24T00:49:12,704  INFO [main] metastore.HMSHandler: Skipping translation for processor with null
2024-04-24T00:49:12,715  WARN [main] FileOperations: Computing stats for an ACID table; stats may be inaccurate
2024-04-24T00:49:12,715  INFO [main] FileOperations: Read stats for default.t/, numRows, true, 2, false: 
2024-04-24T00:49:12,715  INFO [main] FileOperations: Read stats for default.t/, rawDataSize, true, 0, false: 
2024-04-24T00:49:12,716  INFO [main] HiveMetaStore.audit: ugi=alex	ip=unknown-ip-addr	cmd=alter_table: hive.default.t newtbl=t	
2024-04-24T00:49:12,749  INFO [main] FileOperations: Read stats for default.t/, insertCount, true, 2, false: 
2024-04-24T00:49:12,749  INFO [main] FileOperations: Read stats for default.t/, updateCount, true, 0, false: 
2024-04-24T00:49:12,749  INFO [main] FileOperations: Read stats for default.t/, deleteCount, true, 0, false: 
2024-04-24T00:49:12,752  INFO [main] stats.BasicStatsTask: Table default.t stats: [numFiles=1, numRows=2, totalSize=687, rawDataSize=0, numFilesErasureCoded=0]
2024-04-24T00:49:12,752  INFO [main] metadata.Hive: Dumping metastore api call timing information for : execution phase
2024-04-24T00:49:12,752  INFO [main] metadata.Hive: Total time spent in each metastore function (ms): {getTable_(GetTableRequest)=107, alter_table_(String, String, String, Table, EnvironmentContext, String)=80, updateTransactionalStatistics_(UpdateTransactionalStatsRequest)=3, isCompatibleWith_(Configuration)=0}
MapReduce Jobs Launched: 
2024-04-24T00:49:12,753  INFO [main] ql.Driver: MapReduce Jobs Launched: 
Stage-Stage-1:  HDFS Read: 0 HDFS Write: 0 SUCCESS
2024-04-24T00:49:12,753  INFO [main] ql.Driver: Stage-Stage-1:  HDFS Read: 0 HDFS Write: 0 SUCCESS
Total MapReduce CPU Time Spent: 0 msec
2024-04-24T00:49:12,753  INFO [main] ql.Driver: Total MapReduce CPU Time Spent: 0 msec
2024-04-24T00:49:12,753  INFO [main] ql.Driver: Completed executing command(queryId=alex_20240424004910_1b8d1eb1-558e-42f8-845c-297d9cd3f427); Time taken: 1.597 seconds
2024-04-24T00:49:12,753  INFO [main] lockmgr.DbTxnManager: Stopped heartbeat for query: alex_20240424004910_1b8d1eb1-558e-42f8-845c-297d9cd3f427
2024-04-24T00:49:12,766  INFO [main] txn.TxnHandler: Removed transactions: ([15]) from MIN_HISTORY_LEVEL
2024-04-24T00:49:12,766  WARN [main] txn.CompactionTxnHandler: No compaction queue record found for Compaction type transaction commit. txnId:15
2024-04-24T00:49:12,767  INFO [main] ql.TxnCommandsBaseForTests: Running the query: insert into T values(4,6),(1,3)
2024-04-24T00:49:12,768  INFO [main] ql.Context: Deleting scratch dir: file:/home/alex/Repositories/hive/ql/target/tmp/localscratchdir/5ea2784d-77df-4340-91b7-1854c47a1061/hive_2024-04-24_00-49-10_838_730202951732286684-1
2024-04-24T00:49:12,768  INFO [main] cleanup.SyncCleanupService: Deleted directory: file:/home/alex/Repositories/hive/ql/target/tmp/localscratchdir/5ea2784d-77df-4340-91b7-1854c47a1061/hive_2024-04-24_00-49-10_838_730202951732286684-1 on fs with scheme file
2024-04-24T00:49:12,769  INFO [main] ql.Driver: Compiling command(queryId=alex_20240424004912_05945d49-1fda-44c0-ba17-63a671ca48b5): insert into T values(4,6),(1,3)
2024-04-24T00:49:12,774  INFO [main] txn.TxnHandler: Added entries to MIN_HISTORY_LEVEL for current txns: ([16]) with min_open_txn: 16
2024-04-24T00:49:12,774  INFO [main] lockmgr.DbTxnManager: Opened txnid:16
2024-04-24T00:49:12,776  INFO [main] parse.CalcitePlanner: Starting caching scope for: 
2024-04-24T00:49:12,776  INFO [main] parse.CalcitePlanner: Starting Semantic Analysis
2024-04-24T00:49:12,782  INFO [main] HiveMetaStore.audit: ugi=alex	ip=unknown-ip-addr	cmd=get_table : tbl=hive.default.T	
2024-04-24T00:49:12,792  INFO [main] metastore.HMSHandler: Skipping translation for processor with null
2024-04-24T00:49:12,792  INFO [main] parse.CalcitePlanner: Completed phase 1 of Semantic Analysis
2024-04-24T00:49:12,792  INFO [main] parse.CalcitePlanner: Get metadata for source tables
2024-04-24T00:49:12,792  INFO [main] parse.CalcitePlanner: Get metadata for subqueries
2024-04-24T00:49:12,792  INFO [main] parse.CalcitePlanner: Get metadata for destination tables
2024-04-24T00:49:12,793  INFO [main] HiveMetaStore.audit: ugi=alex	ip=unknown-ip-addr	cmd=get_table : tbl=hive.default.T	
2024-04-24T00:49:12,802  INFO [main] metastore.HMSHandler: Skipping translation for processor with null
2024-04-24T00:49:12,802  INFO [main] parse.CalcitePlanner: Completed getting MetaData in Semantic Analysis
2024-04-24T00:49:12,802  INFO [main] parse.CalcitePlanner: Disabling LLAP IO encode as ETL query is detected
2024-04-24T00:49:12,830  INFO [main] HiveMetaStore.audit: ugi=alex	ip=unknown-ip-addr	cmd=get_all_table_constraints : tbl=hive._dummy_database._dummy_table	
2024-04-24T00:49:12,949  INFO [main] parse.CalcitePlanner: Get metadata for source tables
2024-04-24T00:49:12,949  INFO [main] parse.CalcitePlanner: Get metadata for subqueries
2024-04-24T00:49:12,949  INFO [main] parse.CalcitePlanner: Get metadata for source tables
2024-04-24T00:49:12,951  INFO [main] HiveMetaStore.audit: ugi=alex	ip=unknown-ip-addr	cmd=get_table : tbl=hive._dummy_database._dummy_table	
2024-04-24T00:49:12,956  INFO [main] parse.CalcitePlanner: Get metadata for subqueries
2024-04-24T00:49:12,956  INFO [main] parse.CalcitePlanner: Get metadata for destination tables
2024-04-24T00:49:12,956  INFO [main] parse.CalcitePlanner: Get metadata for destination tables
2024-04-24T00:49:12,956  INFO [main] HiveMetaStore.audit: ugi=alex	ip=unknown-ip-addr	cmd=get_table : tbl=hive.default.T	
2024-04-24T00:49:12,971  INFO [main] metastore.HMSHandler: Skipping translation for processor with null
2024-04-24T00:49:12,975  INFO [main] HiveMetaStore.audit: ugi=alex	ip=unknown-ip-addr	cmd=get_not_null_constraints : tbl=hive.default.t	
2024-04-24T00:49:12,978  INFO [main] HiveMetaStore.audit: ugi=alex	ip=unknown-ip-addr	cmd=get_check_constraints : tbl=hive.default.t	
2024-04-24T00:49:12,990  INFO [main] txn.TxnHandler: Allocated writeId: 2 for txnId: 16
2024-04-24T00:49:12,991  INFO [main] txn.TxnHandler: Allocated write ids for dbName=default, tblName=t (txnIds: [16])
2024-04-24T00:49:13,002  INFO [main] parse.CalcitePlanner: CBO Succeeded; optimized logical plan.
2024-04-24T00:49:13,010  INFO [main] optimizer.BucketVersionPopulator: not considering bucketingVersion for: TS[0] because it has -1<2 buckets 
2024-04-24T00:49:13,011  INFO [main] optimizer.SortedDynPartitionOptimizer: Sorted dynamic partitioning optimization kicked in..
2024-04-24T00:49:13,025  INFO [main] HiveMetaStore.audit: ugi=alex	ip=unknown-ip-addr	cmd=get_table : tbl=hive.default.t	
2024-04-24T00:49:13,039  INFO [main] metastore.HMSHandler: Skipping translation for processor with null
2024-04-24T00:49:13,040  INFO [main] physical.Vectorizer: Examining input format to see if vectorization is enabled.
2024-04-24T00:49:13,041  INFO [main] physical.Vectorizer: Map vectorization enabled: false
2024-04-24T00:49:13,041  INFO [main] physical.Vectorizer: Map vectorized: false
2024-04-24T00:49:13,041  INFO [main] physical.Vectorizer: Map vectorizedVertexNum: 0
2024-04-24T00:49:13,041  INFO [main] physical.Vectorizer: Map enabledConditionsMet: [hive.vectorized.use.vectorized.input.format IS true]
2024-04-24T00:49:13,041  INFO [main] physical.Vectorizer: Map enabledConditionsNotMet: [Could not enable vectorization due to partition column names size 1 is greater than the number of table column names size 0 IS false]
2024-04-24T00:49:13,041  INFO [main] physical.Vectorizer: Map inputFileFormatClassNameSet: [org.apache.hadoop.hive.ql.io.NullRowsInputFormat]
2024-04-24T00:49:13,041  INFO [main] parse.CalcitePlanner: Completed plan generation
2024-04-24T00:49:13,041  INFO [main] parse.CalcitePlanner: Ending caching scope for: 
2024-04-24T00:49:13,041  INFO [main] ql.Driver: Semantic Analysis Completed (retrial = false)
2024-04-24T00:49:13,041  INFO [main] ql.Driver: Created Hive schema: Schema(fieldSchemas:[FieldSchema(name:col1, type:int, comment:null), FieldSchema(name:col2, type:int, comment:null)], properties:null)
2024-04-24T00:49:13,041  INFO [main] metadata.Hive: Dumping metastore api call timing information for : compilation phase
2024-04-24T00:49:13,041  INFO [main] metadata.Hive: Total time spent in each metastore function (ms): {openTxn_(String, TxnType)=4, commitTxn_(CommitTxnRequest)=14, getCheckConstraints_(CheckConstraintsRequest)=3, isCompatibleWith_(Configuration)=1, getNotNullConstraints_(NotNullConstraintsRequest)=3, getTable_(GetTableRequest)=51, allocateTableWriteId_(long, String, String)=21, flushCache_()=1, getValidTxns_(long)=2, getAllTableConstraints_(AllTableConstraintsRequest)=12, getValidWriteIds_(List, String)=7}
2024-04-24T00:49:13,042  INFO [main] ql.Driver: Completed compiling command(queryId=alex_20240424004912_05945d49-1fda-44c0-ba17-63a671ca48b5); Time taken: 0.272 seconds
2024-04-24T00:49:13,042  INFO [main] lockmgr.DbTxnManager: Setting lock request transaction to txnid:16 for queryId=alex_20240424004912_05945d49-1fda-44c0-ba17-63a671ca48b5
2024-04-24T00:49:13,042  INFO [main] lockmgr.DbLockManager: Requesting lock for queryId=alex_20240424004912_05945d49-1fda-44c0-ba17-63a671ca48b5
2024-04-24T00:49:13,070  INFO [main] lockmgr.DbLockManager: Response to queryId=alex_20240424004912_05945d49-1fda-44c0-ba17-63a671ca48b5 LockResponse(lockid:10, state:ACQUIRED)
2024-04-24T00:49:13,071  INFO [main] ql.Driver: Operation QUERY obtained 1 locks
2024-04-24T00:49:13,075  INFO [main] ql.Driver: Executing command(queryId=alex_20240424004912_05945d49-1fda-44c0-ba17-63a671ca48b5): insert into T values(4,6),(1,3)
2024-04-24T00:49:13,075  WARN [main] ql.Driver: Hive-on-MR is deprecated in Hive 2 and may not be available in the future versions. Consider using a different execution engine (i.e. spark, tez) or using Hive 1.X releases.
Query ID = alex_20240424004912_05945d49-1fda-44c0-ba17-63a671ca48b5
2024-04-24T00:49:13,075  INFO [main] ql.Driver: Query ID = alex_20240424004912_05945d49-1fda-44c0-ba17-63a671ca48b5
Total jobs = 1
2024-04-24T00:49:13,075  INFO [main] ql.Driver: Total jobs = 1
Launching Job 1 out of 1
2024-04-24T00:49:13,075  INFO [main] ql.Driver: Launching Job 1 out of 1
2024-04-24T00:49:13,257  INFO [main] ql.Driver: Starting task [Stage-1:MAPRED] in serial mode
Number of reduce tasks is set to 0 since there's no reduce operator
2024-04-24T00:49:13,258  INFO [main] exec.Task: Number of reduce tasks is set to 0 since there's no reduce operator
2024-04-24T00:49:13,261  INFO [main] mr.ExecDriver: Using org.apache.hadoop.hive.ql.io.HiveInputFormat
2024-04-24T00:49:13,261  INFO [main] exec.Utilities: Processing alias $hdt$_0:_dummy_table
2024-04-24T00:49:13,261  INFO [main] exec.Utilities: Adding 1 inputs; the first input is file:/home/alex/Repositories/hive/ql/target/tmp/localscratchdir/5ea2784d-77df-4340-91b7-1854c47a1061/hive_2024-04-24_00-49-12_768_3490912504015923741-1/dummy_path
2024-04-24T00:49:13,272  INFO [main] exec.SerializationUtilities: Serializing MapWork using kryo
2024-04-24T00:49:13,273  INFO [main] exec.Utilities: Serialized plan (via FILE) - name: null size: 5,71KB
2024-04-24T00:49:13,274  WARN [main] impl.MetricsSystemImpl: JobTracker metrics system already initialized!
2024-04-24T00:49:13,278  INFO [main] fs.FSStatsPublisher: created : file:/home/alex/Repositories/hive/ql/target/tmp/localscratchdir/5ea2784d-77df-4340-91b7-1854c47a1061/hive_2024-04-24_00-49-12_768_3490912504015923741-1/-mr-10000
2024-04-24T00:49:13,281  WARN [main] impl.MetricsSystemImpl: JobTracker metrics system already initialized!
2024-04-24T00:49:13,292  WARN [main] mapreduce.JobResourceUploader: Hadoop command-line option parsing not performed. Implement the Tool interface and execute your application with ToolRunner to remedy this.
2024-04-24T00:49:13,296  WARN [main] mapreduce.JobResourceUploader: No job jar file set.  User classes may not be found. See Job or Job#setJar(String).
2024-04-24T00:49:13,297  INFO [main] io.HiveInputFormat: hive.io.file.readcolumn.ids = 
2024-04-24T00:49:13,297  INFO [main] io.HiveInputFormat: hive.io.file.readcolumn.names = 
2024-04-24T00:49:13,297  INFO [main] io.HiveInputFormat: Generating splits for dirs: file:/home/alex/Repositories/hive/ql/target/tmp/localscratchdir/5ea2784d-77df-4340-91b7-1854c47a1061/hive_2024-04-24_00-49-12_768_3490912504015923741-1/dummy_path
2024-04-24T00:49:13,298  INFO [main] io.HiveInputFormat: number of splits 1
2024-04-24T00:49:13,317  INFO [main] mapreduce.JobSubmitter: number of splits:1
2024-04-24T00:49:13,339  INFO [main] mapreduce.JobSubmitter: Submitting tokens for job: job_local1710445989_0013
2024-04-24T00:49:13,339  INFO [main] mapreduce.JobSubmitter: Executing with tokens: []
2024-04-24T00:49:13,408  INFO [main] mapreduce.Job: The url to track the job: http://localhost:8080/
Job running in-process (local Hadoop)
2024-04-24T00:49:13,408  INFO [main] exec.Task: Job running in-process (local Hadoop)
2024-04-24T00:49:13,408  INFO [Thread-899] mapred.LocalJobRunner: OutputCommitter set in config org.apache.hadoop.hive.ql.io.HiveFileFormatUtils$NullOutputCommitter
2024-04-24T00:49:13,408  INFO [Thread-899] mapred.LocalJobRunner: OutputCommitter is org.apache.hadoop.hive.ql.io.HiveFileFormatUtils$NullOutputCommitter
2024-04-24T00:49:13,410  INFO [Thread-899] mapred.LocalJobRunner: Waiting for map tasks
2024-04-24T00:49:13,410  INFO [LocalJobRunner Map Task Executor #0] mapred.LocalJobRunner: Starting task: attempt_local1710445989_0013_m_000000_0
2024-04-24T00:49:13,411  INFO [LocalJobRunner Map Task Executor #0] mapred.Task:  Using ResourceCalculatorProcessTree : [ ]
2024-04-24T00:49:13,412  INFO [LocalJobRunner Map Task Executor #0] mapred.MapTask: Processing split: org.apache.hadoop.hive.ql.io.NullRowsInputFormat:file:/home/alex/Repositories/hive/ql/target/tmp/localscratchdir/5ea2784d-77df-4340-91b7-1854c47a1061/hive_2024-04-24_00-49-12_768_3490912504015923741-1/dummy_path/null:0+1
2024-04-24T00:49:13,413  INFO [LocalJobRunner Map Task Executor #0] exec.SerializationUtilities: Deserializing MapWork using kryo
2024-04-24T00:49:13,414  INFO [LocalJobRunner Map Task Executor #0] exec.Utilities: Deserialized plan (via FILE) - name: null size: 5,71KB
2024-04-24T00:49:13,414  INFO [LocalJobRunner Map Task Executor #0] mapred.MapTask: numReduceTasks: 0
2024-04-24T00:49:13,415  INFO [LocalJobRunner Map Task Executor #0] exec.MapOperator: Initializing Operator: MAP[0]
2024-04-24T00:49:13,415  INFO [LocalJobRunner Map Task Executor #0] mr.ExecMapper: 
<MAP>Id =0
  <Children>null
  <\Children>
  <Parent><\Parent>
<\MAP>
2024-04-24T00:49:13,416  INFO [LocalJobRunner Map Task Executor #0] exec.TableScanOperator: Initializing Operator: TS[0]
2024-04-24T00:49:13,416  INFO [LocalJobRunner Map Task Executor #0] exec.SelectOperator: Initializing Operator: SEL[1]
2024-04-24T00:49:13,417  INFO [LocalJobRunner Map Task Executor #0] exec.SelectOperator: SELECT null
2024-04-24T00:49:13,417  INFO [LocalJobRunner Map Task Executor #0] exec.UDTFOperator: Initializing Operator: UDTF[2]
2024-04-24T00:49:13,417  INFO [LocalJobRunner Map Task Executor #0] exec.SelectOperator: Initializing Operator: SEL[3]
2024-04-24T00:49:13,417  INFO [LocalJobRunner Map Task Executor #0] exec.SelectOperator: SELECT struct<col1:int,col2:int>
2024-04-24T00:49:13,417  INFO [LocalJobRunner Map Task Executor #0] exec.FileSinkOperator: Initializing Operator: FS[4]
2024-04-24T00:49:13,418  INFO [LocalJobRunner Map Task Executor #0] exec.FileSinkOperator: Using serializer : AbstractSerDe [log=org.apache.logging.slf4j.Log4jLogger@7cecb575, configuration=Optional[Configuration: core-default.xml, core-site.xml, mapred-default.xml, mapred-site.xml, yarn-default.xml, yarn-site.xml, hdfs-default.xml, hdfs-site.xml, file:/home/alex/Repositories/hive/ql/target/tmp/TestTxnCommands3/mapred/local/localRunner/alex/job_local1710445989_0013/job_local1710445989_0013.xml], properties={transactional_properties=default, name=default.t, transactional=true, columns.types=int:int, columns=a,b, numFilesErasureCoded=0, columns.comments=&amp#0;, bucketing_version=2, serialization.lib=org.apache.hadoop.hive.ql.io.orc.OrcSerde, file.inputformat=org.apache.hadoop.hive.ql.io.orc.OrcInputFormat, file.outputformat=org.apache.hadoop.hive.ql.io.orc.OrcOutputFormat, location=file:/home/alex/Repositories/hive/ql/target/tmp/org.apache.hadoop.hive.ql.TestTxnCommands3-1713944903826/warehouse/t, column.name.delimiter=,}, tableProperties={transactional_properties=default, name=default.t, transactional=true, columns.types=int:int, columns=a,b, numFilesErasureCoded=0, columns.comments=&amp#0;, bucketing_version=2, serialization.lib=org.apache.hadoop.hive.ql.io.orc.OrcSerde, file.inputformat=org.apache.hadoop.hive.ql.io.orc.OrcInputFormat, location=file:/home/alex/Repositories/hive/ql/target/tmp/org.apache.hadoop.hive.ql.TestTxnCommands3-1713944903826/warehouse/t, file.outputformat=org.apache.hadoop.hive.ql.io.orc.OrcOutputFormat, column.name.delimiter=,}, partitionProperties=Optional.empty, columnNames=[a, b], columnTypes=[int, int], getClass()=class org.apache.hadoop.hive.ql.io.orc.OrcSerde] and formatter : org.apache.hadoop.hive.ql.io.orc.OrcOutputFormat@21462984
2024-04-24T00:49:13,418  INFO [LocalJobRunner Map Task Executor #0] exec.FileSinkOperator: Final Path: FS file:/home/alex/Repositories/hive/ql/target/tmp/org.apache.hadoop.hive.ql.TestTxnCommands3-1713944903826/warehouse/t
2024-04-24T00:49:13,418  INFO [LocalJobRunner Map Task Executor #0] exec.FileSinkOperator: New Final Path: FS file:/home/alex/Repositories/hive/ql/target/tmp/org.apache.hadoop.hive.ql.TestTxnCommands3-1713944903826/warehouse/t
2024-04-24T00:49:13,418  INFO [LocalJobRunner Map Task Executor #0] common.FileUtils: Creating directory if it doesn't exist: file:/home/alex/Repositories/hive/ql/target/tmp/org.apache.hadoop.hive.ql.TestTxnCommands3-1713944903826/warehouse
2024-04-24T00:49:13,419  INFO [LocalJobRunner Map Task Executor #0] exec.FileSinkOperator: FS[4]: records written - 1
2024-04-24T00:49:13,419  INFO [LocalJobRunner Map Task Executor #0] impl.PhysicalFsWriter: ORC writer created for path: file:/home/alex/Repositories/hive/ql/target/tmp/org.apache.hadoop.hive.ql.TestTxnCommands3-1713944903826/warehouse/t/delta_0000002_0000002_0000/bucket_00000_0 with stripeSize: 8388608 blockSize: 268435456 compression: Compress: ZLIB buffer: 32768
2024-04-24T00:49:13,427  INFO [LocalJobRunner Map Task Executor #0] impl.WriterImpl: ORC writer created for path: file:/home/alex/Repositories/hive/ql/target/tmp/org.apache.hadoop.hive.ql.TestTxnCommands3-1713944903826/warehouse/t/delta_0000002_0000002_0000/bucket_00000_0 with stripeSize: 8388608 options: Compress: ZLIB buffer: 32768
2024-04-24T00:49:13,431  INFO [LocalJobRunner Map Task Executor #0] exec.MapOperator: MAP[0]: records read - 1
2024-04-24T00:49:13,431  INFO [LocalJobRunner Map Task Executor #0] exec.MapOperator: Closing Operator: MAP[0]
2024-04-24T00:49:13,431  INFO [LocalJobRunner Map Task Executor #0] exec.MapOperator: MAP[0]: Total records read - 3. abort - false
2024-04-24T00:49:13,432  INFO [LocalJobRunner Map Task Executor #0] exec.MapOperator: RECORDS_OUT_OPERATOR_MAP_0:0, RECORDS_OUT_INTERMEDIATE:0, RECORDS_IN:3, DESERIALIZE_ERRORS:0, 
2024-04-24T00:49:13,432  INFO [LocalJobRunner Map Task Executor #0] exec.TableScanOperator: Closing Operator: TS[0]
2024-04-24T00:49:13,432  INFO [LocalJobRunner Map Task Executor #0] exec.TableScanOperator: RECORDS_OUT_INTERMEDIATE:0, RECORDS_OUT_OPERATOR_TS_0:1, 
2024-04-24T00:49:13,432  INFO [LocalJobRunner Map Task Executor #0] exec.SelectOperator: Closing Operator: SEL[1]
2024-04-24T00:49:13,432  INFO [LocalJobRunner Map Task Executor #0] exec.SelectOperator: RECORDS_OUT_OPERATOR_SEL_1:1, RECORDS_OUT_INTERMEDIATE:0, 
2024-04-24T00:49:13,432  INFO [LocalJobRunner Map Task Executor #0] exec.UDTFOperator: Closing Operator: UDTF[2]
2024-04-24T00:49:13,432  INFO [LocalJobRunner Map Task Executor #0] exec.UDTFOperator: RECORDS_OUT_OPERATOR_UDTF_2:2, RECORDS_OUT_INTERMEDIATE:0, 
2024-04-24T00:49:13,432  INFO [LocalJobRunner Map Task Executor #0] exec.SelectOperator: Closing Operator: SEL[3]
2024-04-24T00:49:13,432  INFO [LocalJobRunner Map Task Executor #0] exec.SelectOperator: RECORDS_OUT_INTERMEDIATE:0, RECORDS_OUT_OPERATOR_SEL_3:2, 
2024-04-24T00:49:13,432  INFO [LocalJobRunner Map Task Executor #0] exec.FileSinkOperator: Closing Operator: FS[4]
2024-04-24T00:49:13,432  INFO [LocalJobRunner Map Task Executor #0] exec.FileSinkOperator: FS[4]: records written - 2
2024-04-24T00:49:13,435  INFO [LocalJobRunner Map Task Executor #0] FileOperations: Writing manifest to file:/home/alex/Repositories/hive/ql/target/tmp/org.apache.hadoop.hive.ql.TestTxnCommands3-1713944903826/warehouse/t/_tmp.delta_0000002_0000002_0000/000000_0.manifest with [file:/home/alex/Repositories/hive/ql/target/tmp/org.apache.hadoop.hive.ql.TestTxnCommands3-1713944903826/warehouse/t/delta_0000002_0000002_0000/bucket_00000_0]
2024-04-24T00:49:13,448  INFO [LocalJobRunner Map Task Executor #0] exec.FileSinkOperator: RECORDS_OUT_1_default.t:2, RECORDS_OUT_OPERATOR_FS_4:2, TOTAL_TABLE_ROWS_WRITTEN:2, RECORDS_OUT_INTERMEDIATE:0, 
2024-04-24T00:49:13,449  INFO [LocalJobRunner Map Task Executor #0] mapred.LocalJobRunner: 
2024-04-24T00:49:13,449  INFO [LocalJobRunner Map Task Executor #0] mapred.Task: Task:attempt_local1710445989_0013_m_000000_0 is done. And is in the process of committing
2024-04-24T00:49:13,450  INFO [LocalJobRunner Map Task Executor #0] mapred.LocalJobRunner: map
2024-04-24T00:49:13,450  INFO [LocalJobRunner Map Task Executor #0] mapred.Task: Task 'attempt_local1710445989_0013_m_000000_0' done.
2024-04-24T00:49:13,450  INFO [LocalJobRunner Map Task Executor #0] mapred.Task: Final Counters for attempt_local1710445989_0013_m_000000_0: Counters: 27
	File System Counters
		FILE: Number of bytes read=225938
		FILE: Number of bytes written=15313620
		FILE: Number of read operations=0
		FILE: Number of large read operations=0
		FILE: Number of write operations=0
	Map-Reduce Framework
		Map input records=4
		Map output records=0
		Input split bytes=361
		Spilled Records=0
		Failed Shuffles=0
		Merged Map outputs=0
		GC time elapsed (ms)=0
		Total committed heap usage (bytes)=1115160576
	HIVE
		CREATED_FILES=1
		DESERIALIZE_ERRORS=0
		RECORDS_IN=3
		RECORDS_OUT_1_default.t=2
		RECORDS_OUT_INTERMEDIATE=0
		RECORDS_OUT_OPERATOR_FS_4=2
		RECORDS_OUT_OPERATOR_MAP_0=0
		RECORDS_OUT_OPERATOR_SEL_1=1
		RECORDS_OUT_OPERATOR_SEL_3=2
		RECORDS_OUT_OPERATOR_TS_0=1
		RECORDS_OUT_OPERATOR_UDTF_2=2
		TOTAL_TABLE_ROWS_WRITTEN=2
	File Input Format Counters 
		Bytes Read=5770
	File Output Format Counters 
		Bytes Written=0
2024-04-24T00:49:13,451  INFO [LocalJobRunner Map Task Executor #0] mapred.LocalJobRunner: Finishing task: attempt_local1710445989_0013_m_000000_0
2024-04-24T00:49:13,451  INFO [Thread-899] mapred.LocalJobRunner: map task executor complete.
2024-04-24 00:49:14,411 Stage-1 map = 100%,  reduce = 0%
2024-04-24T00:49:14,412  INFO [main] exec.Task: 2024-04-24 00:49:14,411 Stage-1 map = 100%,  reduce = 0%
Ended Job = job_local1710445989_0013
2024-04-24T00:49:14,414  INFO [main] exec.Task: Ended Job = job_local1710445989_0013
2024-04-24T00:49:14,416  INFO [main] FileOperations: Found manifest file file:/home/alex/Repositories/hive/ql/target/tmp/org.apache.hadoop.hive.ql.TestTxnCommands3-1713944903826/warehouse/t/_tmp.delta_0000002_0000002_0000/000000_0.manifest with attemptId 0.
2024-04-24T00:49:14,416  INFO [main] FileOperations: Looking at manifest file: file:/home/alex/Repositories/hive/ql/target/tmp/org.apache.hadoop.hive.ql.TestTxnCommands3-1713944903826/warehouse/t/_tmp.delta_0000002_0000002_0000/000000_0.manifest
2024-04-24T00:49:14,416  INFO [main] FileOperations: Deleting manifest directory file:/home/alex/Repositories/hive/ql/target/tmp/org.apache.hadoop.hive.ql.TestTxnCommands3-1713944903826/warehouse/t/_tmp.delta_0000002_0000002_0000
2024-04-24T00:49:14,417  INFO [main] ql.Driver: Starting task [Stage-0:MOVE] in serial mode
Loading data to table default.t
2024-04-24T00:49:14,417  INFO [main] exec.Task: Loading data to table default.t from file:/home/alex/Repositories/hive/ql/target/tmp/org.apache.hadoop.hive.ql.TestTxnCommands3-1713944903826/warehouse/t
2024-04-24T00:49:14,418  INFO [main] HiveMetaStore.audit: ugi=alex	ip=unknown-ip-addr	cmd=get_table : tbl=hive.default.t	
2024-04-24T00:49:14,427  INFO [main] metastore.HMSHandler: Skipping translation for processor with null
2024-04-24T00:49:14,428  INFO [main] HiveMetaStore.audit: ugi=alex	ip=unknown-ip-addr	cmd=get_table : tbl=hive.default.t	
2024-04-24T00:49:14,437  INFO [main] metastore.HMSHandler: Skipping translation for processor with null
2024-04-24T00:49:14,438  INFO [main] HiveMetaStore.audit: ugi=alex	ip=unknown-ip-addr	cmd=alter_table: hive.default.t newtbl=t	
2024-04-24T00:49:14,467  INFO [main] ql.Driver: Starting task [Stage-2:STATS] in serial mode
2024-04-24T00:49:14,467  INFO [main] HiveMetaStore.audit: ugi=alex	ip=unknown-ip-addr	cmd=get_table : tbl=hive.default.t	
2024-04-24T00:49:14,476  INFO [main] metastore.HMSHandler: Skipping translation for processor with null
2024-04-24T00:49:14,476  INFO [main] stats.BasicStatsTask: Executing stats task
2024-04-24T00:49:14,477  INFO [main] fs.FSStatsPublisher: created : file:/home/alex/Repositories/hive/ql/target/tmp/localscratchdir/5ea2784d-77df-4340-91b7-1854c47a1061/hive_2024-04-24_00-49-12_768_3490912504015923741-1/-mr-10000
2024-04-24T00:49:14,478  INFO [main] HiveMetaStore.audit: ugi=alex	ip=unknown-ip-addr	cmd=get_table : tbl=hive.default.t	
2024-04-24T00:49:14,487  INFO [main] metastore.HMSHandler: Skipping translation for processor with null
2024-04-24T00:49:14,506  WARN [main] FileOperations: Computing stats for an ACID table; stats may be inaccurate
2024-04-24T00:49:14,507  INFO [main] FileOperations: Read stats for default.t/, numRows, true, 2, false: 
2024-04-24T00:49:14,507  INFO [main] FileOperations: Read stats for default.t/, rawDataSize, true, 0, false: 
2024-04-24T00:49:14,508  INFO [main] HiveMetaStore.audit: ugi=alex	ip=unknown-ip-addr	cmd=alter_table: hive.default.t newtbl=t	
2024-04-24T00:49:14,537  INFO [main] FileOperations: Read stats for default.t/, insertCount, true, 2, false: 
2024-04-24T00:49:14,537  INFO [main] FileOperations: Read stats for default.t/, updateCount, true, 0, false: 
2024-04-24T00:49:14,537  INFO [main] FileOperations: Read stats for default.t/, deleteCount, true, 0, false: 
2024-04-24T00:49:14,538  INFO [main] stats.BasicStatsTask: Table default.t stats: [numFiles=2, numRows=4, totalSize=1372, rawDataSize=0, numFilesErasureCoded=0]
2024-04-24T00:49:14,538  INFO [main] metadata.Hive: Dumping metastore api call timing information for : execution phase
2024-04-24T00:49:14,539  INFO [main] metadata.Hive: Total time spent in each metastore function (ms): {isCompatibleWith_(Configuration)=0, alter_table_(String, String, String, Table, EnvironmentContext, String)=59, updateTransactionalStatistics_(UpdateTransactionalStatsRequest)=1, getTable_(GetTableRequest)=37}
MapReduce Jobs Launched: 
2024-04-24T00:49:14,539  INFO [main] ql.Driver: MapReduce Jobs Launched: 
Stage-Stage-1:  HDFS Read: 0 HDFS Write: 0 SUCCESS
2024-04-24T00:49:14,539  INFO [main] ql.Driver: Stage-Stage-1:  HDFS Read: 0 HDFS Write: 0 SUCCESS
Total MapReduce CPU Time Spent: 0 msec
2024-04-24T00:49:14,539  INFO [main] ql.Driver: Total MapReduce CPU Time Spent: 0 msec
2024-04-24T00:49:14,539  INFO [main] ql.Driver: Completed executing command(queryId=alex_20240424004912_05945d49-1fda-44c0-ba17-63a671ca48b5); Time taken: 1.463 seconds
2024-04-24T00:49:14,539  INFO [main] lockmgr.DbTxnManager: Stopped heartbeat for query: alex_20240424004912_05945d49-1fda-44c0-ba17-63a671ca48b5
2024-04-24T00:49:14,554  INFO [main] txn.TxnHandler: Removed transactions: ([16]) from MIN_HISTORY_LEVEL
2024-04-24T00:49:14,554  WARN [main] txn.CompactionTxnHandler: No compaction queue record found for Compaction type transaction commit. txnId:16
2024-04-24T00:49:14,555  INFO [main] ql.TxnCommandsBaseForTests: Running the query: delete from T where a = 1
2024-04-24T00:49:14,555  INFO [main] ql.Context: Deleting scratch dir: file:/home/alex/Repositories/hive/ql/target/tmp/localscratchdir/5ea2784d-77df-4340-91b7-1854c47a1061/hive_2024-04-24_00-49-12_768_3490912504015923741-1
2024-04-24T00:49:14,556  INFO [main] cleanup.SyncCleanupService: Deleted directory: file:/home/alex/Repositories/hive/ql/target/tmp/localscratchdir/5ea2784d-77df-4340-91b7-1854c47a1061/hive_2024-04-24_00-49-12_768_3490912504015923741-1 on fs with scheme file
2024-04-24T00:49:14,556  INFO [main] ql.Driver: Compiling command(queryId=alex_20240424004914_841cd773-d936-4e14-857c-e7ebbaf671bf): delete from T where a = 1
2024-04-24T00:49:14,560  INFO [main] txn.TxnHandler: Added entries to MIN_HISTORY_LEVEL for current txns: ([17]) with min_open_txn: 17
2024-04-24T00:49:14,560  INFO [main] lockmgr.DbTxnManager: Opened txnid:17
2024-04-24T00:49:14,561  INFO [main] parse.UpdateDeleteSemanticAnalyzer: Starting caching scope for: 
2024-04-24T00:49:14,562  INFO [main] HiveMetaStore.audit: ugi=alex	ip=unknown-ip-addr	cmd=get_table : tbl=hive.default.T	
2024-04-24T00:49:14,571  INFO [main] metastore.HMSHandler: Skipping translation for processor with null
2024-04-24T00:49:14,571  INFO [main] parse.RewriteSemanticAnalyzer: Going to reparse <delete from T where a = 1> as 
<insert into table `default`.`T` select ROW__ID from `default`.`T` sort by ROW__ID >
2024-04-24T00:49:14,572  INFO [main] parse.UpdateDeleteSemanticAnalyzer: Starting Semantic Analysis
2024-04-24T00:49:14,575  INFO [main] parse.UpdateDeleteSemanticAnalyzer: Completed phase 1 of Semantic Analysis
2024-04-24T00:49:14,575  INFO [main] parse.UpdateDeleteSemanticAnalyzer: Get metadata for source tables
2024-04-24T00:49:14,576  INFO [main] HiveMetaStore.audit: ugi=alex	ip=unknown-ip-addr	cmd=get_table : tbl=hive.default.t	
2024-04-24T00:49:14,586  INFO [main] metastore.HMSHandler: Skipping translation for processor with null
2024-04-24T00:49:14,586  INFO [main] parse.UpdateDeleteSemanticAnalyzer: Get metadata for subqueries
2024-04-24T00:49:14,586  INFO [main] parse.UpdateDeleteSemanticAnalyzer: Get metadata for destination tables
2024-04-24T00:49:14,587  INFO [main] HiveMetaStore.audit: ugi=alex	ip=unknown-ip-addr	cmd=get_table : tbl=hive.default.T	
2024-04-24T00:49:14,595  INFO [main] metastore.HMSHandler: Skipping translation for processor with null
2024-04-24T00:49:14,596  INFO [main] parse.UpdateDeleteSemanticAnalyzer: Completed getting MetaData in Semantic Analysis
2024-04-24T00:49:14,596  INFO [main] parse.UpdateDeleteSemanticAnalyzer: Disabling LLAP IO encode as ETL query is detected
2024-04-24T00:49:14,612  INFO [main] HiveMetaStore.audit: ugi=alex	ip=unknown-ip-addr	cmd=get_all_table_constraints : tbl=hive.default.t	
2024-04-24T00:49:14,662  INFO [main] calcite.RelOptHiveTable: Calculating column statistics for default.t, projIndxSet: [0], allowMissingStats: true
2024-04-24T00:49:14,663  INFO [main] HiveMetaStore.audit: ugi=alex	ip=unknown-ip-addr	cmd=get_table : tbl=hive.default.t	
2024-04-24T00:49:14,677  INFO [main] metastore.HMSHandler: Skipping translation for processor with null
2024-04-24T00:49:14,679  INFO [main] HiveMetaStore.audit: ugi=alex	ip=unknown-ip-addr	cmd=get_table : tbl=hive.default.t	
2024-04-24T00:49:14,691  INFO [main] metastore.HMSHandler: Skipping translation for processor with null
2024-04-24T00:49:14,693  INFO [main] HiveMetaStore.audit: ugi=alex	ip=unknown-ip-addr	cmd=get_table_statistics_req: table=hive.default.t	
2024-04-24T00:49:14,710  WARN [main] calcite.RelOptHiveTable: No Stats for default@t, Columns: a
No Stats for default@t, Columns: a
2024-04-24T00:49:14,710  INFO [main] SessionState: No Stats for default@t, Columns: a
2024-04-24T00:49:14,848  INFO [main] parse.UpdateDeleteSemanticAnalyzer: Get metadata for source tables
2024-04-24T00:49:14,848  INFO [main] parse.UpdateDeleteSemanticAnalyzer: Get metadata for subqueries
2024-04-24T00:49:14,848  INFO [main] parse.UpdateDeleteSemanticAnalyzer: Get metadata for destination tables
2024-04-24T00:49:14,849  INFO [main] HiveMetaStore.audit: ugi=alex	ip=unknown-ip-addr	cmd=get_table : tbl=hive.default.T	
2024-04-24T00:49:14,864  INFO [main] metastore.HMSHandler: Skipping translation for processor with null
2024-04-24T00:49:14,871 ERROR [main] parse.UpdateDeleteSemanticAnalyzer: CBO failed, skipping CBO. 
org.apache.hadoop.hive.ql.exec.NoMatchingMethodException: No matching method for class org.apache.hadoop.hive.ql.udf.UDFToInteger with (struct<writeid:bigint,bucketid:int,rowid:bigint>). Possible choices: _FUNC_(bigint)  _FUNC_(boolean)  _FUNC_(decimal(38,18))  _FUNC_(double)  _FUNC_(float)  _FUNC_(smallint)  _FUNC_(string)  _FUNC_(struct<rowid:bigint,bucketid:int,writeid:bigint>)  _FUNC_(timestamp)  _FUNC_(tinyint)  _FUNC_(void)  
	at org.apache.hadoop.hive.ql.exec.MethodUtils.getMethodInternal(MethodUtils.java:130) ~[classes/:?]
	at org.apache.hadoop.hive.ql.exec.MethodUtils.getMethodInternal(MethodUtils.java:60) ~[classes/:?]
	at org.apache.hadoop.hive.ql.exec.DefaultUDFMethodResolver.getEvalMethod(DefaultUDFMethodResolver.java:59) ~[classes/:?]
	at org.apache.hadoop.hive.ql.udf.TimestampCastRestrictorResolver.getEvalMethod(TimestampCastRestrictorResolver.java:68) ~[classes/:?]
	at org.apache.hadoop.hive.ql.udf.generic.GenericUDFBridge.initialize(GenericUDFBridge.java:168) ~[classes/:?]
	at org.apache.hadoop.hive.ql.udf.generic.GenericUDF.initializeAndFoldConstants(GenericUDF.java:149) ~[classes/:?]
	at org.apache.hadoop.hive.ql.plan.ExprNodeGenericFuncDesc.newInstance(ExprNodeGenericFuncDesc.java:235) ~[classes/:?]
	at org.apache.hadoop.hive.ql.parse.type.ExprNodeDescExprFactory.createFuncCallExpr(ExprNodeDescExprFactory.java:584) ~[classes/:?]
	at org.apache.hadoop.hive.ql.parse.type.ExprNodeDescExprFactory.createFuncCallExpr(ExprNodeDescExprFactory.java:97) ~[classes/:?]
	at org.apache.hadoop.hive.ql.parse.type.TypeCheckProcFactory$DefaultExprProcessor.getFuncExprNodeDescWithUdfData(TypeCheckProcFactory.java:762) ~[classes/:?]
	at org.apache.hadoop.hive.ql.parse.type.TypeCheckProcFactory$DefaultExprProcessor.createConversionCast(TypeCheckProcFactory.java:783) ~[classes/:?]
	at org.apache.hadoop.hive.ql.parse.SemanticAnalyzer.getPartitionColsFromBucketColsForUpdateDelete(SemanticAnalyzer.java:8725) ~[classes/:?]
	at org.apache.hadoop.hive.ql.parse.SemanticAnalyzer.genBucketingSortingDest(SemanticAnalyzer.java:6914) ~[classes/:?]
	at org.apache.hadoop.hive.ql.parse.SemanticAnalyzer.genFileSinkPlan(SemanticAnalyzer.java:7335) ~[classes/:?]
	at org.apache.hadoop.hive.ql.parse.SemanticAnalyzer.genPostGroupByBodyPlan(SemanticAnalyzer.java:11063) ~[classes/:?]
	at org.apache.hadoop.hive.ql.parse.SemanticAnalyzer.genBodyPlan(SemanticAnalyzer.java:10938) ~[classes/:?]
	at org.apache.hadoop.hive.ql.parse.SemanticAnalyzer.genPlan(SemanticAnalyzer.java:11853) ~[classes/:?]
	at org.apache.hadoop.hive.ql.parse.SemanticAnalyzer.genPlan(SemanticAnalyzer.java:11723) ~[classes/:?]
	at org.apache.hadoop.hive.ql.parse.CalcitePlanner.genOPTree(CalcitePlanner.java:626) ~[classes/:?]
	at org.apache.hadoop.hive.ql.parse.SemanticAnalyzer.analyzeInternal(SemanticAnalyzer.java:12558) ~[classes/:?]
	at org.apache.hadoop.hive.ql.parse.CalcitePlanner.analyzeInternal(CalcitePlanner.java:456) ~[classes/:?]
	at org.apache.hadoop.hive.ql.parse.RewriteSemanticAnalyzer.analyzeInternal(RewriteSemanticAnalyzer.java:67) ~[classes/:?]
	at org.apache.hadoop.hive.ql.parse.BaseSemanticAnalyzer.analyze(BaseSemanticAnalyzer.java:317) ~[classes/:?]
	at org.apache.hadoop.hive.ql.parse.UpdateDeleteSemanticAnalyzer.reparseAndSuperAnalyze(UpdateDeleteSemanticAnalyzer.java:208) ~[classes/:?]
	at org.apache.hadoop.hive.ql.parse.UpdateDeleteSemanticAnalyzer.analyzeDelete(UpdateDeleteSemanticAnalyzer.java:68) ~[classes/:?]
	at org.apache.hadoop.hive.ql.parse.UpdateDeleteSemanticAnalyzer.analyze(UpdateDeleteSemanticAnalyzer.java:50) ~[classes/:?]
	at org.apache.hadoop.hive.ql.parse.RewriteSemanticAnalyzer.analyzeInternal(RewriteSemanticAnalyzer.java:72) ~[classes/:?]
	at org.apache.hadoop.hive.ql.parse.BaseSemanticAnalyzer.analyze(BaseSemanticAnalyzer.java:317) ~[classes/:?]
	at org.apache.hadoop.hive.ql.Compiler.analyze(Compiler.java:223) ~[classes/:?]
	at org.apache.hadoop.hive.ql.Compiler.compile(Compiler.java:105) ~[classes/:?]
	at org.apache.hadoop.hive.ql.Driver.compile(Driver.java:500) ~[classes/:?]
	at org.apache.hadoop.hive.ql.Driver.compileInternal(Driver.java:453) ~[classes/:?]
	at org.apache.hadoop.hive.ql.Driver.runInternal(Driver.java:181) ~[classes/:?]
	at org.apache.hadoop.hive.ql.Driver.run(Driver.java:153) ~[classes/:?]
	at org.apache.hadoop.hive.ql.Driver.run(Driver.java:140) ~[classes/:?]
	at org.apache.hadoop.hive.ql.TxnCommandsBaseForTests.runStatementOnDriver(TxnCommandsBaseForTests.java:245) ~[test-classes/:?]
	at org.apache.hadoop.hive.ql.TestTxnCommands3.testDeleteEventPruning(TestTxnCommands3.java:167) ~[test-classes/:?]
	at org.apache.hadoop.hive.ql.TestTxnCommands3.testDeleteEventPruningOn(TestTxnCommands3.java:137) ~[test-classes/:?]
	at sun.reflect.NativeMethodAccessorImpl.invoke0(Native Method) ~[?:1.8.0_402]
	at sun.reflect.NativeMethodAccessorImpl.invoke(NativeMethodAccessorImpl.java:62) ~[?:1.8.0_402]
	at sun.reflect.DelegatingMethodAccessorImpl.invoke(DelegatingMethodAccessorImpl.java:43) ~[?:1.8.0_402]
	at java.lang.reflect.Method.invoke(Method.java:498) ~[?:1.8.0_402]
	at org.junit.runners.model.FrameworkMethod$1.runReflectiveCall(FrameworkMethod.java:59) ~[junit-4.13.jar:4.13]
	at org.junit.internal.runners.model.ReflectiveCallable.run(ReflectiveCallable.java:12) ~[junit-4.13.jar:4.13]
	at org.junit.runners.model.FrameworkMethod.invokeExplosively(FrameworkMethod.java:56) ~[junit-4.13.jar:4.13]
	at org.junit.internal.runners.statements.InvokeMethod.evaluate(InvokeMethod.java:17) ~[junit-4.13.jar:4.13]
	at org.junit.internal.runners.statements.RunBefores.evaluate(RunBefores.java:26) ~[junit-4.13.jar:4.13]
	at org.junit.internal.runners.statements.RunAfters.evaluate(RunAfters.java:27) ~[junit-4.13.jar:4.13]
	at org.junit.rules.TestWatcher$1.evaluate(TestWatcher.java:61) ~[junit-4.13.jar:4.13]
	at org.junit.runners.ParentRunner$3.evaluate(ParentRunner.java:306) ~[junit-4.13.jar:4.13]
	at org.junit.runners.BlockJUnit4ClassRunner$1.evaluate(BlockJUnit4ClassRunner.java:100) ~[junit-4.13.jar:4.13]
	at org.junit.runners.ParentRunner.runLeaf(ParentRunner.java:366) ~[junit-4.13.jar:4.13]
	at org.junit.runners.BlockJUnit4ClassRunner.runChild(BlockJUnit4ClassRunner.java:103) ~[junit-4.13.jar:4.13]
	at org.junit.runners.BlockJUnit4ClassRunner.runChild(BlockJUnit4ClassRunner.java:63) ~[junit-4.13.jar:4.13]
	at org.junit.runners.ParentRunner$4.run(ParentRunner.java:331) ~[junit-4.13.jar:4.13]
	at org.junit.runners.ParentRunner$1.schedule(ParentRunner.java:79) ~[junit-4.13.jar:4.13]
	at org.junit.runners.ParentRunner.runChildren(ParentRunner.java:329) ~[junit-4.13.jar:4.13]
	at org.junit.runners.ParentRunner.access$100(ParentRunner.java:66) ~[junit-4.13.jar:4.13]
	at org.junit.runners.ParentRunner$2.evaluate(ParentRunner.java:293) ~[junit-4.13.jar:4.13]
	at org.junit.runners.ParentRunner$3.evaluate(ParentRunner.java:306) ~[junit-4.13.jar:4.13]
	at org.junit.runners.ParentRunner.run(ParentRunner.java:413) ~[junit-4.13.jar:4.13]
	at org.junit.runner.JUnitCore.run(JUnitCore.java:137) ~[junit-4.13.jar:4.13]
	at org.junit.runner.JUnitCore.run(JUnitCore.java:115) ~[junit-4.13.jar:4.13]
	at org.junit.vintage.engine.execution.RunnerExecutor.execute(RunnerExecutor.java:43) ~[junit-vintage-engine-5.6.2.jar:5.6.2]
	at java.util.stream.ForEachOps$ForEachOp$OfRef.accept(ForEachOps.java:183) ~[?:1.8.0_402]
	at java.util.stream.ReferencePipeline$3$1.accept(ReferencePipeline.java:193) ~[?:1.8.0_402]
	at java.util.Iterator.forEachRemaining(Iterator.java:116) ~[?:1.8.0_402]
	at java.util.Spliterators$IteratorSpliterator.forEachRemaining(Spliterators.java:1801) ~[?:1.8.0_402]
	at java.util.stream.AbstractPipeline.copyInto(AbstractPipeline.java:482) ~[?:1.8.0_402]
	at java.util.stream.AbstractPipeline.wrapAndCopyInto(AbstractPipeline.java:472) ~[?:1.8.0_402]
	at java.util.stream.ForEachOps$ForEachOp.evaluateSequential(ForEachOps.java:150) ~[?:1.8.0_402]
	at java.util.stream.ForEachOps$ForEachOp$OfRef.evaluateSequential(ForEachOps.java:173) ~[?:1.8.0_402]
	at java.util.stream.AbstractPipeline.evaluate(AbstractPipeline.java:234) ~[?:1.8.0_402]
	at java.util.stream.ReferencePipeline.forEach(ReferencePipeline.java:485) ~[?:1.8.0_402]
	at org.junit.vintage.engine.VintageTestEngine.executeAllChildren(VintageTestEngine.java:82) ~[junit-vintage-engine-5.6.2.jar:5.6.2]
	at org.junit.vintage.engine.VintageTestEngine.execute(VintageTestEngine.java:73) ~[junit-vintage-engine-5.6.2.jar:5.6.2]
	at org.junit.platform.launcher.core.DefaultLauncher.execute(DefaultLauncher.java:248) ~[junit-platform-launcher-1.6.2.jar:1.6.2]
	at org.junit.platform.launcher.core.DefaultLauncher.lambda$execute$5(DefaultLauncher.java:211) ~[junit-platform-launcher-1.6.2.jar:1.6.2]
	at org.junit.platform.launcher.core.DefaultLauncher.withInterceptedStreams(DefaultLauncher.java:226) [junit-platform-launcher-1.6.2.jar:1.6.2]
	at org.junit.platform.launcher.core.DefaultLauncher.execute(DefaultLauncher.java:199) [junit-platform-launcher-1.6.2.jar:1.6.2]
	at org.junit.platform.launcher.core.DefaultLauncher.execute(DefaultLauncher.java:132) [junit-platform-launcher-1.6.2.jar:1.6.2]
	at org.apache.maven.surefire.junitplatform.JUnitPlatformProvider.invokeAllTests(JUnitPlatformProvider.java:154) [surefire-junit-platform-3.0.0-M4.jar:3.0.0-M4]
	at org.apache.maven.surefire.junitplatform.JUnitPlatformProvider.invoke(JUnitPlatformProvider.java:123) [surefire-junit-platform-3.0.0-M4.jar:3.0.0-M4]
	at org.apache.maven.surefire.booter.ForkedBooter.runSuitesInProcess(ForkedBooter.java:377) [surefire-booter-3.0.0-M4.jar:3.0.0-M4]
	at org.apache.maven.surefire.booter.ForkedBooter.execute(ForkedBooter.java:138) [surefire-booter-3.0.0-M4.jar:3.0.0-M4]
	at org.apache.maven.surefire.booter.ForkedBooter.run(ForkedBooter.java:465) [surefire-booter-3.0.0-M4.jar:3.0.0-M4]
	at org.apache.maven.surefire.booter.ForkedBooter.main(ForkedBooter.java:451) [surefire-booter-3.0.0-M4.jar:3.0.0-M4]
2024-04-24T00:49:14,873 ERROR [main] parse.UpdateDeleteSemanticAnalyzer: CBO failed due to missing column stats (see previous errors), skipping CBO
2024-04-24T00:49:14,873  INFO [main] parse.UpdateDeleteSemanticAnalyzer: Ending caching scope for: 
FAILED: NoMatchingMethodException No matching method for class org.apache.hadoop.hive.ql.udf.UDFToInteger with (struct<writeid:bigint,bucketid:int,rowid:bigint>). Possible choices: _FUNC_(bigint)  _FUNC_(boolean)  _FUNC_(decimal(38,18))  _FUNC_(double)  _FUNC_(float)  _FUNC_(smallint)  _FUNC_(string)  _FUNC_(struct<rowid:bigint,bucketid:int,writeid:bigint>)  _FUNC_(timestamp)  _FUNC_(tinyint)  _FUNC_(void)  
2024-04-24T00:49:14,874 ERROR [main] ql.Driver: FAILED: NoMatchingMethodException No matching method for class org.apache.hadoop.hive.ql.udf.UDFToInteger with (struct<writeid:bigint,bucketid:int,rowid:bigint>). Possible choices: _FUNC_(bigint)  _FUNC_(boolean)  _FUNC_(decimal(38,18))  _FUNC_(double)  _FUNC_(float)  _FUNC_(smallint)  _FUNC_(string)  _FUNC_(struct<rowid:bigint,bucketid:int,writeid:bigint>)  _FUNC_(timestamp)  _FUNC_(tinyint)  _FUNC_(void)  
org.apache.hadoop.hive.ql.exec.NoMatchingMethodException: No matching method for class org.apache.hadoop.hive.ql.udf.UDFToInteger with (struct<writeid:bigint,bucketid:int,rowid:bigint>). Possible choices: _FUNC_(bigint)  _FUNC_(boolean)  _FUNC_(decimal(38,18))  _FUNC_(double)  _FUNC_(float)  _FUNC_(smallint)  _FUNC_(string)  _FUNC_(struct<rowid:bigint,bucketid:int,writeid:bigint>)  _FUNC_(timestamp)  _FUNC_(tinyint)  _FUNC_(void)  
	at org.apache.hadoop.hive.ql.exec.MethodUtils.getMethodInternal(MethodUtils.java:130)
	at org.apache.hadoop.hive.ql.exec.MethodUtils.getMethodInternal(MethodUtils.java:60)
	at org.apache.hadoop.hive.ql.exec.DefaultUDFMethodResolver.getEvalMethod(DefaultUDFMethodResolver.java:59)
	at org.apache.hadoop.hive.ql.udf.TimestampCastRestrictorResolver.getEvalMethod(TimestampCastRestrictorResolver.java:68)
	at org.apache.hadoop.hive.ql.udf.generic.GenericUDFBridge.initialize(GenericUDFBridge.java:168)
	at org.apache.hadoop.hive.ql.udf.generic.GenericUDF.initializeAndFoldConstants(GenericUDF.java:149)
	at org.apache.hadoop.hive.ql.plan.ExprNodeGenericFuncDesc.newInstance(ExprNodeGenericFuncDesc.java:235)
	at org.apache.hadoop.hive.ql.parse.type.ExprNodeDescExprFactory.createFuncCallExpr(ExprNodeDescExprFactory.java:584)
	at org.apache.hadoop.hive.ql.parse.type.ExprNodeDescExprFactory.createFuncCallExpr(ExprNodeDescExprFactory.java:97)
	at org.apache.hadoop.hive.ql.parse.type.TypeCheckProcFactory$DefaultExprProcessor.getFuncExprNodeDescWithUdfData(TypeCheckProcFactory.java:762)
	at org.apache.hadoop.hive.ql.parse.type.TypeCheckProcFactory$DefaultExprProcessor.createConversionCast(TypeCheckProcFactory.java:783)
	at org.apache.hadoop.hive.ql.parse.SemanticAnalyzer.getPartitionColsFromBucketColsForUpdateDelete(SemanticAnalyzer.java:8725)
	at org.apache.hadoop.hive.ql.parse.SemanticAnalyzer.genBucketingSortingDest(SemanticAnalyzer.java:6914)
	at org.apache.hadoop.hive.ql.parse.SemanticAnalyzer.genFileSinkPlan(SemanticAnalyzer.java:7335)
	at org.apache.hadoop.hive.ql.parse.SemanticAnalyzer.genPostGroupByBodyPlan(SemanticAnalyzer.java:11063)
	at org.apache.hadoop.hive.ql.parse.SemanticAnalyzer.genBodyPlan(SemanticAnalyzer.java:10938)
	at org.apache.hadoop.hive.ql.parse.SemanticAnalyzer.genPlan(SemanticAnalyzer.java:11853)
	at org.apache.hadoop.hive.ql.parse.SemanticAnalyzer.genPlan(SemanticAnalyzer.java:11723)
	at org.apache.hadoop.hive.ql.parse.CalcitePlanner.genOPTree(CalcitePlanner.java:626)
	at org.apache.hadoop.hive.ql.parse.SemanticAnalyzer.analyzeInternal(SemanticAnalyzer.java:12558)
	at org.apache.hadoop.hive.ql.parse.CalcitePlanner.analyzeInternal(CalcitePlanner.java:456)
	at org.apache.hadoop.hive.ql.parse.RewriteSemanticAnalyzer.analyzeInternal(RewriteSemanticAnalyzer.java:67)
	at org.apache.hadoop.hive.ql.parse.BaseSemanticAnalyzer.analyze(BaseSemanticAnalyzer.java:317)
	at org.apache.hadoop.hive.ql.parse.UpdateDeleteSemanticAnalyzer.reparseAndSuperAnalyze(UpdateDeleteSemanticAnalyzer.java:208)
	at org.apache.hadoop.hive.ql.parse.UpdateDeleteSemanticAnalyzer.analyzeDelete(UpdateDeleteSemanticAnalyzer.java:68)
	at org.apache.hadoop.hive.ql.parse.UpdateDeleteSemanticAnalyzer.analyze(UpdateDeleteSemanticAnalyzer.java:50)
	at org.apache.hadoop.hive.ql.parse.RewriteSemanticAnalyzer.analyzeInternal(RewriteSemanticAnalyzer.java:72)
	at org.apache.hadoop.hive.ql.parse.BaseSemanticAnalyzer.analyze(BaseSemanticAnalyzer.java:317)
	at org.apache.hadoop.hive.ql.Compiler.analyze(Compiler.java:223)
	at org.apache.hadoop.hive.ql.Compiler.compile(Compiler.java:105)
	at org.apache.hadoop.hive.ql.Driver.compile(Driver.java:500)
	at org.apache.hadoop.hive.ql.Driver.compileInternal(Driver.java:453)
	at org.apache.hadoop.hive.ql.Driver.runInternal(Driver.java:181)
	at org.apache.hadoop.hive.ql.Driver.run(Driver.java:153)
	at org.apache.hadoop.hive.ql.Driver.run(Driver.java:140)
	at org.apache.hadoop.hive.ql.TxnCommandsBaseForTests.runStatementOnDriver(TxnCommandsBaseForTests.java:245)
	at org.apache.hadoop.hive.ql.TestTxnCommands3.testDeleteEventPruning(TestTxnCommands3.java:167)
	at org.apache.hadoop.hive.ql.TestTxnCommands3.testDeleteEventPruningOn(TestTxnCommands3.java:137)
	at sun.reflect.NativeMethodAccessorImpl.invoke0(Native Method)
	at sun.reflect.NativeMethodAccessorImpl.invoke(NativeMethodAccessorImpl.java:62)
	at sun.reflect.DelegatingMethodAccessorImpl.invoke(DelegatingMethodAccessorImpl.java:43)
	at java.lang.reflect.Method.invoke(Method.java:498)
	at org.junit.runners.model.FrameworkMethod$1.runReflectiveCall(FrameworkMethod.java:59)
	at org.junit.internal.runners.model.ReflectiveCallable.run(ReflectiveCallable.java:12)
	at org.junit.runners.model.FrameworkMethod.invokeExplosively(FrameworkMethod.java:56)
	at org.junit.internal.runners.statements.InvokeMethod.evaluate(InvokeMethod.java:17)
	at org.junit.internal.runners.statements.RunBefores.evaluate(RunBefores.java:26)
	at org.junit.internal.runners.statements.RunAfters.evaluate(RunAfters.java:27)
	at org.junit.rules.TestWatcher$1.evaluate(TestWatcher.java:61)
	at org.junit.runners.ParentRunner$3.evaluate(ParentRunner.java:306)
	at org.junit.runners.BlockJUnit4ClassRunner$1.evaluate(BlockJUnit4ClassRunner.java:100)
	at org.junit.runners.ParentRunner.runLeaf(ParentRunner.java:366)
	at org.junit.runners.BlockJUnit4ClassRunner.runChild(BlockJUnit4ClassRunner.java:103)
	at org.junit.runners.BlockJUnit4ClassRunner.runChild(BlockJUnit4ClassRunner.java:63)
	at org.junit.runners.ParentRunner$4.run(ParentRunner.java:331)
	at org.junit.runners.ParentRunner$1.schedule(ParentRunner.java:79)
	at org.junit.runners.ParentRunner.runChildren(ParentRunner.java:329)
	at org.junit.runners.ParentRunner.access$100(ParentRunner.java:66)
	at org.junit.runners.ParentRunner$2.evaluate(ParentRunner.java:293)
	at org.junit.runners.ParentRunner$3.evaluate(ParentRunner.java:306)
	at org.junit.runners.ParentRunner.run(ParentRunner.java:413)
	at org.junit.runner.JUnitCore.run(JUnitCore.java:137)
	at org.junit.runner.JUnitCore.run(JUnitCore.java:115)
	at org.junit.vintage.engine.execution.RunnerExecutor.execute(RunnerExecutor.java:43)
	at java.util.stream.ForEachOps$ForEachOp$OfRef.accept(ForEachOps.java:183)
	at java.util.stream.ReferencePipeline$3$1.accept(ReferencePipeline.java:193)
	at java.util.Iterator.forEachRemaining(Iterator.java:116)
	at java.util.Spliterators$IteratorSpliterator.forEachRemaining(Spliterators.java:1801)
	at java.util.stream.AbstractPipeline.copyInto(AbstractPipeline.java:482)
	at java.util.stream.AbstractPipeline.wrapAndCopyInto(AbstractPipeline.java:472)
	at java.util.stream.ForEachOps$ForEachOp.evaluateSequential(ForEachOps.java:150)
	at java.util.stream.ForEachOps$ForEachOp$OfRef.evaluateSequential(ForEachOps.java:173)
	at java.util.stream.AbstractPipeline.evaluate(AbstractPipeline.java:234)
	at java.util.stream.ReferencePipeline.forEach(ReferencePipeline.java:485)
	at org.junit.vintage.engine.VintageTestEngine.executeAllChildren(VintageTestEngine.java:82)
	at org.junit.vintage.engine.VintageTestEngine.execute(VintageTestEngine.java:73)
	at org.junit.platform.launcher.core.DefaultLauncher.execute(DefaultLauncher.java:248)
	at org.junit.platform.launcher.core.DefaultLauncher.lambda$execute$5(DefaultLauncher.java:211)
	at org.junit.platform.launcher.core.DefaultLauncher.withInterceptedStreams(DefaultLauncher.java:226)
	at org.junit.platform.launcher.core.DefaultLauncher.execute(DefaultLauncher.java:199)
	at org.junit.platform.launcher.core.DefaultLauncher.execute(DefaultLauncher.java:132)
	at org.apache.maven.surefire.junitplatform.JUnitPlatformProvider.invokeAllTests(JUnitPlatformProvider.java:154)
	at org.apache.maven.surefire.junitplatform.JUnitPlatformProvider.invoke(JUnitPlatformProvider.java:123)
	at org.apache.maven.surefire.booter.ForkedBooter.runSuitesInProcess(ForkedBooter.java:377)
	at org.apache.maven.surefire.booter.ForkedBooter.execute(ForkedBooter.java:138)
	at org.apache.maven.surefire.booter.ForkedBooter.run(ForkedBooter.java:465)
	at org.apache.maven.surefire.booter.ForkedBooter.main(ForkedBooter.java:451)

2024-04-24T00:49:14,874  INFO [main] metadata.Hive: Dumping metastore api call timing information for : compilation phase
2024-04-24T00:49:14,875  INFO [main] metadata.Hive: Total time spent in each metastore function (ms): {getAllTableConstraints_(AllTableConstraintsRequest)=9, getTableColumnStatistics_(String, String, List, String)=48, getValidWriteIds_(List, String)=6, isCompatibleWith_(Configuration)=1, commitTxn_(CommitTxnRequest)=16, openTxn_(String, TxnType)=3, getValidTxns_(long)=0, getTable_(GetTableRequest)=45, flushCache_()=1}
2024-04-24T00:49:14,875  INFO [main] ql.Driver: Completed compiling command(queryId=alex_20240424004914_841cd773-d936-4e14-857c-e7ebbaf671bf); Time taken: 0.318 seconds
2024-04-24T00:49:14,875  INFO [main] lockmgr.DbTxnManager: Stopped heartbeat for query: null
2024-04-24T00:49:14,883  INFO [main] txn.TxnHandler: Removed transactions: ([17]) from MIN_HISTORY_LEVEL
2024-04-24T00:49:14,897  INFO [main] ql.TxnCommandsBaseForTests: Running the query: drop table if exists acidTbl
2024-04-24T00:49:14,897  INFO [main] ql.Driver: Compiling command(queryId=alex_20240424004914_09fb2759-ca6e-45a0-92a7-88db5d6830ea): drop table if exists acidTbl
2024-04-24T00:49:14,903  INFO [main] txn.TxnHandler: Added entries to MIN_HISTORY_LEVEL for current txns: ([18]) with min_open_txn: 17
2024-04-24T00:49:14,904  INFO [main] lockmgr.DbTxnManager: Opened txnid:18
2024-04-24T00:49:14,906  INFO [main] HiveMetaStore.audit: ugi=alex	ip=unknown-ip-addr	cmd=get_table : tbl=hive.default.acidTbl	
2024-04-24T00:49:14,921  INFO [main] metastore.HMSHandler: Skipping translation for processor with null
2024-04-24T00:49:14,922  INFO [main] ql.Driver: Semantic Analysis Completed (retrial = false)
2024-04-24T00:49:14,922  INFO [main] ql.Driver: Created Hive schema: Schema(fieldSchemas:null, properties:null)
2024-04-24T00:49:14,922  INFO [main] metadata.Hive: Dumping metastore api call timing information for : compilation phase
2024-04-24T00:49:14,922  INFO [main] metadata.Hive: Total time spent in each metastore function (ms): {getValidTxns_(long)=1, flushCache_()=0, getTable_(GetTableRequest)=16, rollbackTxn_(long)=21, openTxn_(String, TxnType)=5, isCompatibleWith_(Configuration)=0}
2024-04-24T00:49:14,922  INFO [main] ql.Driver: Completed compiling command(queryId=alex_20240424004914_09fb2759-ca6e-45a0-92a7-88db5d6830ea); Time taken: 0.025 seconds
2024-04-24T00:49:14,923  INFO [main] lockmgr.DbTxnManager: Setting lock request transaction to txnid:18 for queryId=alex_20240424004914_09fb2759-ca6e-45a0-92a7-88db5d6830ea
2024-04-24T00:49:14,924  INFO [main] lockmgr.DbLockManager: Requesting lock for queryId=alex_20240424004914_09fb2759-ca6e-45a0-92a7-88db5d6830ea
2024-04-24T00:49:14,958  INFO [main] lockmgr.DbLockManager: Response to queryId=alex_20240424004914_09fb2759-ca6e-45a0-92a7-88db5d6830ea LockResponse(lockid:11, state:ACQUIRED)
2024-04-24T00:49:14,958  INFO [main] ql.Driver: Operation DROPTABLE obtained 1 locks
2024-04-24T00:49:14,958  INFO [main] ql.Driver: Executing command(queryId=alex_20240424004914_09fb2759-ca6e-45a0-92a7-88db5d6830ea): drop table if exists acidTbl
2024-04-24T00:49:14,958  INFO [main] ql.Driver: Starting task [Stage-0:DDL] in serial mode
2024-04-24T00:49:14,959  INFO [main] HiveMetaStore.audit: ugi=alex	ip=unknown-ip-addr	cmd=get_table : tbl=hive.default.acidTbl	
2024-04-24T00:49:14,974  INFO [main] metastore.HMSHandler: Skipping translation for processor with null
2024-04-24T00:49:14,975  INFO [main] HiveMetaStore.audit: ugi=alex	ip=unknown-ip-addr	cmd=get_table : tbl=hive.default.acidTbl	
2024-04-24T00:49:14,989  INFO [main] metastore.HMSHandler: Skipping translation for processor with null
2024-04-24T00:49:14,990  INFO [main] HiveMetaStore.audit: ugi=alex	ip=unknown-ip-addr	cmd=drop_table : tbl=hive.default.acidTbl	
2024-04-24T00:49:15,137  INFO [main] metadata.Hive: Dumping metastore api call timing information for : execution phase
2024-04-24T00:49:15,137  INFO [main] metadata.Hive: Total time spent in each metastore function (ms): {getTable_(GetTableRequest)=16, dropTable_(String, String, boolean, boolean, boolean)=162, isCompatibleWith_(Configuration)=0}
2024-04-24T00:49:15,137  INFO [main] ql.Driver: Completed executing command(queryId=alex_20240424004914_09fb2759-ca6e-45a0-92a7-88db5d6830ea); Time taken: 0.179 seconds
2024-04-24T00:49:15,137  INFO [main] lockmgr.DbTxnManager: Stopped heartbeat for query: alex_20240424004914_09fb2759-ca6e-45a0-92a7-88db5d6830ea
2024-04-24T00:49:15,142  INFO [main] txn.TxnHandler: Expected to move at least one record from txn_components to completed_txn_components when committing txn! txnid:18
2024-04-24T00:49:15,151  INFO [main] txn.TxnHandler: Removed transactions: ([18]) from MIN_HISTORY_LEVEL
2024-04-24T00:49:15,153  WARN [main] txn.CompactionTxnHandler: No compaction queue record found for Compaction type transaction commit. txnId:18
2024-04-24T00:49:15,154  INFO [main] ql.TxnCommandsBaseForTests: Running the query: drop table if exists acidTblPart
2024-04-24T00:49:15,155  INFO [main] ql.Driver: Compiling command(queryId=alex_20240424004915_777f8999-37f2-4f38-a139-ee4a9557c17c): drop table if exists acidTblPart
2024-04-24T00:49:15,166  INFO [main] txn.TxnHandler: Added entries to MIN_HISTORY_LEVEL for current txns: ([19]) with min_open_txn: 17
2024-04-24T00:49:15,166  INFO [main] lockmgr.DbTxnManager: Opened txnid:19
2024-04-24T00:49:15,170  INFO [main] HiveMetaStore.audit: ugi=alex	ip=unknown-ip-addr	cmd=get_table : tbl=hive.default.acidTblPart	
2024-04-24T00:49:15,179  INFO [main] metastore.HMSHandler: Skipping translation for processor with null
2024-04-24T00:49:15,179  INFO [main] ql.Driver: Semantic Analysis Completed (retrial = false)
2024-04-24T00:49:15,179  INFO [main] ql.Driver: Created Hive schema: Schema(fieldSchemas:null, properties:null)
2024-04-24T00:49:15,179  INFO [main] metadata.Hive: Dumping metastore api call timing information for : compilation phase
2024-04-24T00:49:15,179  INFO [main] metadata.Hive: Total time spent in each metastore function (ms): {commitTxn_(CommitTxnRequest)=17, getTable_(GetTableRequest)=10, flushCache_()=0, isCompatibleWith_(Configuration)=1, openTxn_(String, TxnType)=10, getValidTxns_(long)=2}
2024-04-24T00:49:15,180  INFO [main] ql.Driver: Completed compiling command(queryId=alex_20240424004915_777f8999-37f2-4f38-a139-ee4a9557c17c); Time taken: 0.024 seconds
2024-04-24T00:49:15,180  INFO [main] lockmgr.DbTxnManager: Setting lock request transaction to txnid:19 for queryId=alex_20240424004915_777f8999-37f2-4f38-a139-ee4a9557c17c
2024-04-24T00:49:15,181  INFO [main] lockmgr.DbLockManager: Requesting lock for queryId=alex_20240424004915_777f8999-37f2-4f38-a139-ee4a9557c17c
2024-04-24T00:49:15,206  INFO [main] lockmgr.DbLockManager: Response to queryId=alex_20240424004915_777f8999-37f2-4f38-a139-ee4a9557c17c LockResponse(lockid:12, state:ACQUIRED)
2024-04-24T00:49:15,206  INFO [main] ql.Driver: Operation DROPTABLE obtained 1 locks
2024-04-24T00:49:15,206  INFO [main] ql.Driver: Executing command(queryId=alex_20240424004915_777f8999-37f2-4f38-a139-ee4a9557c17c): drop table if exists acidTblPart
2024-04-24T00:49:15,206  INFO [main] ql.Driver: Starting task [Stage-0:DDL] in serial mode
2024-04-24T00:49:15,207  INFO [main] HiveMetaStore.audit: ugi=alex	ip=unknown-ip-addr	cmd=get_table : tbl=hive.default.acidTblPart	
2024-04-24T00:49:15,215  INFO [main] metastore.HMSHandler: Skipping translation for processor with null
2024-04-24T00:49:15,216  INFO [main] HiveMetaStore.audit: ugi=alex	ip=unknown-ip-addr	cmd=get_table : tbl=hive.default.acidTblPart	
2024-04-24T00:49:15,225  INFO [main] metastore.HMSHandler: Skipping translation for processor with null
2024-04-24T00:49:15,225  INFO [main] HiveMetaStore.audit: ugi=alex	ip=unknown-ip-addr	cmd=drop_table : tbl=hive.default.acidTblPart	
2024-04-24T00:49:15,282  INFO [main] metadata.Hive: Dumping metastore api call timing information for : execution phase
2024-04-24T00:49:15,282  INFO [main] metadata.Hive: Total time spent in each metastore function (ms): {dropTable_(String, String, boolean, boolean, boolean)=66, getTable_(GetTableRequest)=10, isCompatibleWith_(Configuration)=0}
2024-04-24T00:49:15,283  INFO [main] ql.Driver: Completed executing command(queryId=alex_20240424004915_777f8999-37f2-4f38-a139-ee4a9557c17c); Time taken: 0.076 seconds
2024-04-24T00:49:15,283  INFO [main] lockmgr.DbTxnManager: Stopped heartbeat for query: alex_20240424004915_777f8999-37f2-4f38-a139-ee4a9557c17c
2024-04-24T00:49:15,288  INFO [main] txn.TxnHandler: Expected to move at least one record from txn_components to completed_txn_components when committing txn! txnid:19
2024-04-24T00:49:15,297  INFO [main] txn.TxnHandler: Removed transactions: ([19]) from MIN_HISTORY_LEVEL
2024-04-24T00:49:15,297  WARN [main] txn.CompactionTxnHandler: No compaction queue record found for Compaction type transaction commit. txnId:19
2024-04-24T00:49:15,298  INFO [main] ql.TxnCommandsBaseForTests: Running the query: drop table if exists acidTbl2
2024-04-24T00:49:15,299  INFO [main] ql.Driver: Compiling command(queryId=alex_20240424004915_239e1618-f301-4323-9f6d-f28f970da80b): drop table if exists acidTbl2
2024-04-24T00:49:15,303  INFO [main] txn.TxnHandler: Added entries to MIN_HISTORY_LEVEL for current txns: ([20]) with min_open_txn: 17
2024-04-24T00:49:15,303  INFO [main] lockmgr.DbTxnManager: Opened txnid:20
2024-04-24T00:49:15,306  INFO [main] ql.Driver: Semantic Analysis Completed (retrial = false)
2024-04-24T00:49:15,306  INFO [main] ql.Driver: Created Hive schema: Schema(fieldSchemas:null, properties:null)
2024-04-24T00:49:15,306  INFO [main] metadata.Hive: Dumping metastore api call timing information for : compilation phase
2024-04-24T00:49:15,306  INFO [main] metadata.Hive: Total time spent in each metastore function (ms): {getValidTxns_(long)=1, flushCache_()=0, openTxn_(String, TxnType)=3, commitTxn_(CommitTxnRequest)=15, isCompatibleWith_(Configuration)=0, getTable_(GetTableRequest)=0}
2024-04-24T00:49:15,306  INFO [main] ql.Driver: Completed compiling command(queryId=alex_20240424004915_239e1618-f301-4323-9f6d-f28f970da80b); Time taken: 0.007 seconds
2024-04-24T00:49:15,307  INFO [main] lockmgr.DbTxnManager: Setting lock request transaction to txnid:20 for queryId=alex_20240424004915_239e1618-f301-4323-9f6d-f28f970da80b
2024-04-24T00:49:15,307  INFO [main] ql.Driver: Operation DROPTABLE obtained 0 locks
2024-04-24T00:49:15,307  INFO [main] ql.Driver: Executing command(queryId=alex_20240424004915_239e1618-f301-4323-9f6d-f28f970da80b): drop table if exists acidTbl2
2024-04-24T00:49:15,307  INFO [main] ql.Driver: Starting task [Stage-0:DDL] in serial mode
2024-04-24T00:49:15,308  INFO [main] metadata.SessionHiveMetaStoreClient: Column stats doesn't exist for db=default temp table=acidTbl2
2024-04-24T00:49:15,308  INFO [main] metadata.Hive: Dumping metastore api call timing information for : execution phase
2024-04-24T00:49:15,309  INFO [main] metadata.Hive: Total time spent in each metastore function (ms): {getTable_(GetTableRequest)=1, isCompatibleWith_(Configuration)=0, dropTable_(String, String, boolean, boolean, boolean)=0}
2024-04-24T00:49:15,309  INFO [main] ql.Driver: Completed executing command(queryId=alex_20240424004915_239e1618-f301-4323-9f6d-f28f970da80b); Time taken: 0.001 seconds
2024-04-24T00:49:15,309  INFO [main] lockmgr.DbTxnManager: Stopped heartbeat for query: alex_20240424004915_239e1618-f301-4323-9f6d-f28f970da80b
2024-04-24T00:49:15,317  INFO [main] txn.TxnHandler: Expected to move at least one record from txn_components to completed_txn_components when committing txn! txnid:20
2024-04-24T00:49:15,325  INFO [main] txn.TxnHandler: Removed transactions: ([20]) from MIN_HISTORY_LEVEL
2024-04-24T00:49:15,325  WARN [main] txn.CompactionTxnHandler: No compaction queue record found for Compaction type transaction commit. txnId:20
2024-04-24T00:49:15,326  INFO [main] ql.TxnCommandsBaseForTests: Running the query: drop table if exists nonAcidOrcTbl
2024-04-24T00:49:15,327  INFO [main] ql.Driver: Compiling command(queryId=alex_20240424004915_a4cfedf1-69bb-44c1-8187-edc79f7dff8f): drop table if exists nonAcidOrcTbl
2024-04-24T00:49:15,330  INFO [main] txn.TxnHandler: Added entries to MIN_HISTORY_LEVEL for current txns: ([21]) with min_open_txn: 17
2024-04-24T00:49:15,330  INFO [main] lockmgr.DbTxnManager: Opened txnid:21
2024-04-24T00:49:15,332  INFO [main] HiveMetaStore.audit: ugi=alex	ip=unknown-ip-addr	cmd=get_table : tbl=hive.default.nonAcidOrcTbl	
2024-04-24T00:49:15,361  INFO [main] metastore.HMSHandler: Skipping translation for processor with null
2024-04-24T00:49:15,362  INFO [main] ql.Driver: Semantic Analysis Completed (retrial = false)
2024-04-24T00:49:15,362  INFO [main] ql.Driver: Created Hive schema: Schema(fieldSchemas:null, properties:null)
2024-04-24T00:49:15,362  INFO [main] metadata.Hive: Dumping metastore api call timing information for : compilation phase
2024-04-24T00:49:15,362  INFO [main] metadata.Hive: Total time spent in each metastore function (ms): {openTxn_(String, TxnType)=3, getValidTxns_(long)=0, isCompatibleWith_(Configuration)=1, commitTxn_(CommitTxnRequest)=17, getTable_(GetTableRequest)=30, flushCache_()=0}
2024-04-24T00:49:15,362  INFO [main] ql.Driver: Completed compiling command(queryId=alex_20240424004915_a4cfedf1-69bb-44c1-8187-edc79f7dff8f); Time taken: 0.035 seconds
2024-04-24T00:49:15,363  INFO [main] lockmgr.DbTxnManager: Setting lock request transaction to txnid:21 for queryId=alex_20240424004915_a4cfedf1-69bb-44c1-8187-edc79f7dff8f
2024-04-24T00:49:15,364  INFO [main] lockmgr.DbLockManager: Requesting lock for queryId=alex_20240424004915_a4cfedf1-69bb-44c1-8187-edc79f7dff8f
2024-04-24T00:49:15,384  INFO [main] lockmgr.DbLockManager: Response to queryId=alex_20240424004915_a4cfedf1-69bb-44c1-8187-edc79f7dff8f LockResponse(lockid:13, state:ACQUIRED)
2024-04-24T00:49:15,384  INFO [main] ql.Driver: Operation DROPTABLE obtained 1 locks
2024-04-24T00:49:15,384  INFO [main] ql.Driver: Executing command(queryId=alex_20240424004915_a4cfedf1-69bb-44c1-8187-edc79f7dff8f): drop table if exists nonAcidOrcTbl
2024-04-24T00:49:15,385  INFO [main] ql.Driver: Starting task [Stage-0:DDL] in serial mode
2024-04-24T00:49:15,385  INFO [main] HiveMetaStore.audit: ugi=alex	ip=unknown-ip-addr	cmd=get_table : tbl=hive.default.nonAcidOrcTbl	
2024-04-24T00:49:15,397  INFO [main] metastore.HMSHandler: Skipping translation for processor with null
2024-04-24T00:49:15,398  INFO [main] HiveMetaStore.audit: ugi=alex	ip=unknown-ip-addr	cmd=get_table : tbl=hive.default.nonAcidOrcTbl	
2024-04-24T00:49:15,411  INFO [main] metastore.HMSHandler: Skipping translation for processor with null
2024-04-24T00:49:15,412  INFO [main] HiveMetaStore.audit: ugi=alex	ip=unknown-ip-addr	cmd=drop_table : tbl=hive.default.nonAcidOrcTbl	
2024-04-24T00:49:15,512  INFO [main] metadata.Hive: Dumping metastore api call timing information for : execution phase
2024-04-24T00:49:15,512  INFO [main] metadata.Hive: Total time spent in each metastore function (ms): {getTable_(GetTableRequest)=13, isCompatibleWith_(Configuration)=0, dropTable_(String, String, boolean, boolean, boolean)=114}
2024-04-24T00:49:15,512  INFO [main] ql.Driver: Completed executing command(queryId=alex_20240424004915_a4cfedf1-69bb-44c1-8187-edc79f7dff8f); Time taken: 0.128 seconds
2024-04-24T00:49:15,512  INFO [main] lockmgr.DbTxnManager: Stopped heartbeat for query: alex_20240424004915_a4cfedf1-69bb-44c1-8187-edc79f7dff8f
2024-04-24T00:49:15,520  INFO [main] txn.TxnHandler: Expected to move at least one record from txn_components to completed_txn_components when committing txn! txnid:21
2024-04-24T00:49:15,527  INFO [main] txn.TxnHandler: Removed transactions: ([21]) from MIN_HISTORY_LEVEL
2024-04-24T00:49:15,527  WARN [main] txn.CompactionTxnHandler: No compaction queue record found for Compaction type transaction commit. txnId:21
2024-04-24T00:49:15,528  INFO [main] ql.TxnCommandsBaseForTests: Running the query: drop table if exists nonAcidOrcTbl2
2024-04-24T00:49:15,529  INFO [main] ql.Driver: Compiling command(queryId=alex_20240424004915_5acb062f-f93f-4e3f-9342-95e454ae322c): drop table if exists nonAcidOrcTbl2
2024-04-24T00:49:15,533  INFO [main] txn.TxnHandler: Added entries to MIN_HISTORY_LEVEL for current txns: ([22]) with min_open_txn: 17
2024-04-24T00:49:15,533  INFO [main] lockmgr.DbTxnManager: Opened txnid:22
2024-04-24T00:49:15,535  INFO [main] HiveMetaStore.audit: ugi=alex	ip=unknown-ip-addr	cmd=get_table : tbl=hive.default.nonAcidOrcTbl2	
2024-04-24T00:49:15,548  INFO [main] metastore.HMSHandler: Skipping translation for processor with null
2024-04-24T00:49:15,548  INFO [main] ql.Driver: Semantic Analysis Completed (retrial = false)
2024-04-24T00:49:15,548  INFO [main] ql.Driver: Created Hive schema: Schema(fieldSchemas:null, properties:null)
2024-04-24T00:49:15,548  INFO [main] metadata.Hive: Dumping metastore api call timing information for : compilation phase
2024-04-24T00:49:15,548  INFO [main] metadata.Hive: Total time spent in each metastore function (ms): {flushCache_()=0, isCompatibleWith_(Configuration)=1, commitTxn_(CommitTxnRequest)=15, getTable_(GetTableRequest)=14, openTxn_(String, TxnType)=3, getValidTxns_(long)=1}
2024-04-24T00:49:15,548  INFO [main] ql.Driver: Completed compiling command(queryId=alex_20240424004915_5acb062f-f93f-4e3f-9342-95e454ae322c); Time taken: 0.019 seconds
2024-04-24T00:49:15,549  INFO [main] lockmgr.DbTxnManager: Setting lock request transaction to txnid:22 for queryId=alex_20240424004915_5acb062f-f93f-4e3f-9342-95e454ae322c
2024-04-24T00:49:15,549  INFO [main] lockmgr.DbLockManager: Requesting lock for queryId=alex_20240424004915_5acb062f-f93f-4e3f-9342-95e454ae322c
2024-04-24T00:49:15,570  INFO [main] lockmgr.DbLockManager: Response to queryId=alex_20240424004915_5acb062f-f93f-4e3f-9342-95e454ae322c LockResponse(lockid:14, state:ACQUIRED)
2024-04-24T00:49:15,570  INFO [main] ql.Driver: Operation DROPTABLE obtained 1 locks
2024-04-24T00:49:15,570  INFO [main] ql.Driver: Executing command(queryId=alex_20240424004915_5acb062f-f93f-4e3f-9342-95e454ae322c): drop table if exists nonAcidOrcTbl2
2024-04-24T00:49:15,571  INFO [main] ql.Driver: Starting task [Stage-0:DDL] in serial mode
2024-04-24T00:49:15,571  INFO [main] HiveMetaStore.audit: ugi=alex	ip=unknown-ip-addr	cmd=get_table : tbl=hive.default.nonAcidOrcTbl2	
2024-04-24T00:49:15,583  INFO [main] metastore.HMSHandler: Skipping translation for processor with null
2024-04-24T00:49:15,583  INFO [main] HiveMetaStore.audit: ugi=alex	ip=unknown-ip-addr	cmd=get_table : tbl=hive.default.nonAcidOrcTbl2	
2024-04-24T00:49:15,597  INFO [main] metastore.HMSHandler: Skipping translation for processor with null
2024-04-24T00:49:15,597  INFO [main] HiveMetaStore.audit: ugi=alex	ip=unknown-ip-addr	cmd=drop_table : tbl=hive.default.nonAcidOrcTbl2	
2024-04-24T00:49:15,642  INFO [main] metadata.Hive: Dumping metastore api call timing information for : execution phase
2024-04-24T00:49:15,642  INFO [main] metadata.Hive: Total time spent in each metastore function (ms): {getTable_(GetTableRequest)=12, isCompatibleWith_(Configuration)=0, dropTable_(String, String, boolean, boolean, boolean)=59}
2024-04-24T00:49:15,642  INFO [main] ql.Driver: Completed executing command(queryId=alex_20240424004915_5acb062f-f93f-4e3f-9342-95e454ae322c); Time taken: 0.072 seconds
2024-04-24T00:49:15,642  INFO [main] lockmgr.DbTxnManager: Stopped heartbeat for query: alex_20240424004915_5acb062f-f93f-4e3f-9342-95e454ae322c
2024-04-24T00:49:15,647  INFO [main] txn.TxnHandler: Expected to move at least one record from txn_components to completed_txn_components when committing txn! txnid:22
2024-04-24T00:49:15,656  INFO [main] txn.TxnHandler: Removed transactions: ([22]) from MIN_HISTORY_LEVEL
2024-04-24T00:49:15,656  WARN [main] txn.CompactionTxnHandler: No compaction queue record found for Compaction type transaction commit. txnId:22
2024-04-24T00:49:15,657  INFO [main] ql.TxnCommandsBaseForTests: Running the query: drop table if exists nonAcidNonBucket
2024-04-24T00:49:15,658  INFO [main] ql.Driver: Compiling command(queryId=alex_20240424004915_5561ead1-7701-43f3-95d3-e8ed8d9e1e2a): drop table if exists nonAcidNonBucket
2024-04-24T00:49:15,661  INFO [main] txn.TxnHandler: Added entries to MIN_HISTORY_LEVEL for current txns: ([23]) with min_open_txn: 18
2024-04-24T00:49:15,662  INFO [main] lockmgr.DbTxnManager: Opened txnid:23
2024-04-24T00:49:15,663  INFO [main] HiveMetaStore.audit: ugi=alex	ip=unknown-ip-addr	cmd=get_table : tbl=hive.default.nonAcidNonBucket	
2024-04-24T00:49:15,674  INFO [main] metastore.HMSHandler: Skipping translation for processor with null
2024-04-24T00:49:15,675  INFO [main] ql.Driver: Semantic Analysis Completed (retrial = false)
2024-04-24T00:49:15,675  INFO [main] ql.Driver: Created Hive schema: Schema(fieldSchemas:null, properties:null)
2024-04-24T00:49:15,675  INFO [main] metadata.Hive: Dumping metastore api call timing information for : compilation phase
2024-04-24T00:49:15,675  INFO [main] metadata.Hive: Total time spent in each metastore function (ms): {isCompatibleWith_(Configuration)=0, commitTxn_(CommitTxnRequest)=14, getValidTxns_(long)=1, flushCache_()=1, getTable_(GetTableRequest)=12, openTxn_(String, TxnType)=3}
2024-04-24T00:49:15,675  INFO [main] ql.Driver: Completed compiling command(queryId=alex_20240424004915_5561ead1-7701-43f3-95d3-e8ed8d9e1e2a); Time taken: 0.017 seconds
2024-04-24T00:49:15,675  INFO [main] lockmgr.DbTxnManager: Setting lock request transaction to txnid:23 for queryId=alex_20240424004915_5561ead1-7701-43f3-95d3-e8ed8d9e1e2a
2024-04-24T00:49:15,676  INFO [main] lockmgr.DbLockManager: Requesting lock for queryId=alex_20240424004915_5561ead1-7701-43f3-95d3-e8ed8d9e1e2a
2024-04-24T00:49:15,695  INFO [main] lockmgr.DbLockManager: Response to queryId=alex_20240424004915_5561ead1-7701-43f3-95d3-e8ed8d9e1e2a LockResponse(lockid:15, state:ACQUIRED)
2024-04-24T00:49:15,695  INFO [main] ql.Driver: Operation DROPTABLE obtained 1 locks
2024-04-24T00:49:15,695  INFO [main] ql.Driver: Executing command(queryId=alex_20240424004915_5561ead1-7701-43f3-95d3-e8ed8d9e1e2a): drop table if exists nonAcidNonBucket
2024-04-24T00:49:15,695  INFO [main] ql.Driver: Starting task [Stage-0:DDL] in serial mode
2024-04-24T00:49:15,696  INFO [main] HiveMetaStore.audit: ugi=alex	ip=unknown-ip-addr	cmd=get_table : tbl=hive.default.nonAcidNonBucket	
2024-04-24T00:49:15,708  INFO [main] metastore.HMSHandler: Skipping translation for processor with null
2024-04-24T00:49:15,709  INFO [main] HiveMetaStore.audit: ugi=alex	ip=unknown-ip-addr	cmd=get_table : tbl=hive.default.nonAcidNonBucket	
2024-04-24T00:49:15,722  INFO [main] metastore.HMSHandler: Skipping translation for processor with null
2024-04-24T00:49:15,723  INFO [main] HiveMetaStore.audit: ugi=alex	ip=unknown-ip-addr	cmd=drop_table : tbl=hive.default.nonAcidNonBucket	
2024-04-24T00:49:15,777  INFO [main] metadata.Hive: Dumping metastore api call timing information for : execution phase
2024-04-24T00:49:15,778  INFO [main] metadata.Hive: Total time spent in each metastore function (ms): {getTable_(GetTableRequest)=14, dropTable_(String, String, boolean, boolean, boolean)=68, isCompatibleWith_(Configuration)=0}
2024-04-24T00:49:15,778  INFO [main] ql.Driver: Completed executing command(queryId=alex_20240424004915_5561ead1-7701-43f3-95d3-e8ed8d9e1e2a); Time taken: 0.082 seconds
2024-04-24T00:49:15,778  INFO [main] lockmgr.DbTxnManager: Stopped heartbeat for query: alex_20240424004915_5561ead1-7701-43f3-95d3-e8ed8d9e1e2a
2024-04-24T00:49:15,784  INFO [main] txn.TxnHandler: Expected to move at least one record from txn_components to completed_txn_components when committing txn! txnid:23
2024-04-24T00:49:15,795  INFO [main] txn.TxnHandler: Removed transactions: ([23]) from MIN_HISTORY_LEVEL
2024-04-24T00:49:15,795  WARN [main] txn.CompactionTxnHandler: No compaction queue record found for Compaction type transaction commit. txnId:23
2024-04-24T00:49:15,796  INFO [main] utils.TestTxnDbUtil: Cleaning transactional tables
]]></system-err>
  </testcase>
  <testcase name="testRenameTable" classname="org.apache.hadoop.hive.ql.TestTxnCommands3" time="3.838">
    <error type="java.lang.RuntimeException"><![CDATA[java.lang.RuntimeException: update mydb1.T set b = 6 where b = 5 failed: (responseCode = 40000, errorMessage = FAILED: NoMatchingMethodException No matching method for class org.apache.hadoop.hive.ql.udf.UDFToInteger with (struct<writeid:bigint,bucketid:int,rowid:bigint>). Possible choices: _FUNC_(bigint)  _FUNC_(boolean)  _FUNC_(decimal(38,18))  _FUNC_(double)  _FUNC_(float)  _FUNC_(smallint)  _FUNC_(string)  _FUNC_(struct<rowid:bigint,bucketid:int,writeid:bigint>)  _FUNC_(timestamp)  _FUNC_(tinyint)  _FUNC_(void)  , hiveErrorCode = 40000, SQLState = 42000, exception = No matching method for class org.apache.hadoop.hive.ql.udf.UDFToInteger with (struct<writeid:bigint,bucketid:int,rowid:bigint>). Possible choices: _FUNC_(bigint)  _FUNC_(boolean)  _FUNC_(decimal(38,18))  _FUNC_(double)  _FUNC_(float)  _FUNC_(smallint)  _FUNC_(string)  _FUNC_(struct<rowid:bigint,bucketid:int,writeid:bigint>)  _FUNC_(timestamp)  _FUNC_(tinyint)  _FUNC_(void)  )
	at org.apache.hadoop.hive.ql.TxnCommandsBaseForTests.runStatementOnDriver(TxnCommandsBaseForTests.java:247)
	at org.apache.hadoop.hive.ql.TestTxnCommands3.testRenameTable(TestTxnCommands3.java:79)
	at sun.reflect.NativeMethodAccessorImpl.invoke0(Native Method)
	at sun.reflect.NativeMethodAccessorImpl.invoke(NativeMethodAccessorImpl.java:62)
	at sun.reflect.DelegatingMethodAccessorImpl.invoke(DelegatingMethodAccessorImpl.java:43)
	at java.lang.reflect.Method.invoke(Method.java:498)
	at org.junit.runners.model.FrameworkMethod$1.runReflectiveCall(FrameworkMethod.java:59)
	at org.junit.internal.runners.model.ReflectiveCallable.run(ReflectiveCallable.java:12)
	at org.junit.runners.model.FrameworkMethod.invokeExplosively(FrameworkMethod.java:56)
	at org.junit.internal.runners.statements.InvokeMethod.evaluate(InvokeMethod.java:17)
	at org.junit.internal.runners.statements.RunBefores.evaluate(RunBefores.java:26)
	at org.junit.internal.runners.statements.RunAfters.evaluate(RunAfters.java:27)
	at org.junit.rules.TestWatcher$1.evaluate(TestWatcher.java:61)
	at org.junit.runners.ParentRunner$3.evaluate(ParentRunner.java:306)
	at org.junit.runners.BlockJUnit4ClassRunner$1.evaluate(BlockJUnit4ClassRunner.java:100)
	at org.junit.runners.ParentRunner.runLeaf(ParentRunner.java:366)
	at org.junit.runners.BlockJUnit4ClassRunner.runChild(BlockJUnit4ClassRunner.java:103)
	at org.junit.runners.BlockJUnit4ClassRunner.runChild(BlockJUnit4ClassRunner.java:63)
	at org.junit.runners.ParentRunner$4.run(ParentRunner.java:331)
	at org.junit.runners.ParentRunner$1.schedule(ParentRunner.java:79)
	at org.junit.runners.ParentRunner.runChildren(ParentRunner.java:329)
	at org.junit.runners.ParentRunner.access$100(ParentRunner.java:66)
	at org.junit.runners.ParentRunner$2.evaluate(ParentRunner.java:293)
	at org.junit.runners.ParentRunner$3.evaluate(ParentRunner.java:306)
	at org.junit.runners.ParentRunner.run(ParentRunner.java:413)
	at org.junit.runner.JUnitCore.run(JUnitCore.java:137)
	at org.junit.runner.JUnitCore.run(JUnitCore.java:115)
	at org.junit.vintage.engine.execution.RunnerExecutor.execute(RunnerExecutor.java:43)
	at java.util.stream.ForEachOps$ForEachOp$OfRef.accept(ForEachOps.java:183)
	at java.util.stream.ReferencePipeline$3$1.accept(ReferencePipeline.java:193)
	at java.util.Iterator.forEachRemaining(Iterator.java:116)
	at java.util.Spliterators$IteratorSpliterator.forEachRemaining(Spliterators.java:1801)
	at java.util.stream.AbstractPipeline.copyInto(AbstractPipeline.java:482)
	at java.util.stream.AbstractPipeline.wrapAndCopyInto(AbstractPipeline.java:472)
	at java.util.stream.ForEachOps$ForEachOp.evaluateSequential(ForEachOps.java:150)
	at java.util.stream.ForEachOps$ForEachOp$OfRef.evaluateSequential(ForEachOps.java:173)
	at java.util.stream.AbstractPipeline.evaluate(AbstractPipeline.java:234)
	at java.util.stream.ReferencePipeline.forEach(ReferencePipeline.java:485)
	at org.junit.vintage.engine.VintageTestEngine.executeAllChildren(VintageTestEngine.java:82)
	at org.junit.vintage.engine.VintageTestEngine.execute(VintageTestEngine.java:73)
	at org.junit.platform.launcher.core.DefaultLauncher.execute(DefaultLauncher.java:248)
	at org.junit.platform.launcher.core.DefaultLauncher.lambda$execute$5(DefaultLauncher.java:211)
	at org.junit.platform.launcher.core.DefaultLauncher.withInterceptedStreams(DefaultLauncher.java:226)
	at org.junit.platform.launcher.core.DefaultLauncher.execute(DefaultLauncher.java:199)
	at org.junit.platform.launcher.core.DefaultLauncher.execute(DefaultLauncher.java:132)
	at org.apache.maven.surefire.junitplatform.JUnitPlatformProvider.invokeAllTests(JUnitPlatformProvider.java:154)
	at org.apache.maven.surefire.junitplatform.JUnitPlatformProvider.invoke(JUnitPlatformProvider.java:123)
	at org.apache.maven.surefire.booter.ForkedBooter.runSuitesInProcess(ForkedBooter.java:377)
	at org.apache.maven.surefire.booter.ForkedBooter.execute(ForkedBooter.java:138)
	at org.apache.maven.surefire.booter.ForkedBooter.run(ForkedBooter.java:465)
	at org.apache.maven.surefire.booter.ForkedBooter.main(ForkedBooter.java:451)
]]></error>
    <system-err><![CDATA[2024-04-24T00:49:15,908  WARN [main] conf.HiveConf: HiveConf of name hive.metastore.client.cache.recordStats does not exist
2024-04-24T00:49:15,908  WARN [main] conf.HiveConf: HiveConf of name hive.llap.io.cache.orc.size does not exist
2024-04-24T00:49:15,908  WARN [main] conf.HiveConf: HiveConf of name hive.dummyparam.test.server.specific.config.override does not exist
2024-04-24T00:49:15,909  WARN [main] conf.HiveConf: HiveConf of name hive.llap.io.cache.orc.arena.size does not exist
2024-04-24T00:49:15,909  WARN [main] conf.HiveConf: HiveConf of name hive.llap.io.cache.orc.alloc.min does not exist
2024-04-24T00:49:15,909  WARN [main] conf.HiveConf: HiveConf of name hive.metastore.metadb.dir does not exist
2024-04-24T00:49:15,909  WARN [main] conf.HiveConf: HiveConf of name hive.stats.key.prefix.reserve.length does not exist
2024-04-24T00:49:15,909  WARN [main] conf.HiveConf: HiveConf of name hive.llap.io.cache.orc.alloc.max does not exist
2024-04-24T00:49:15,909  WARN [main] conf.HiveConf: HiveConf of name hive.dummyparam.test.server.specific.config.hivesite does not exist
2024-04-24T00:49:15,909  WARN [main] conf.HiveConf: HiveConf of name hive.dummyparam.test.server.specific.config.metastoresite does not exist
2024-04-24T00:49:15,909  WARN [main] conf.HiveConf: HiveConf of name hive.metastore.client.cache.maxSize does not exist
2024-04-24T00:49:15,913  INFO [main] utils.TestTxnDbUtil: Creating transactional tables
Hive Session ID = 13779e5a-0b3a-45cb-bb28-f6d5dd6beac1
2024-04-24T00:49:15,916  INFO [main] SessionState: Hive Session ID = 13779e5a-0b3a-45cb-bb28-f6d5dd6beac1
ivysettings.xml file not found in HIVE_HOME or HIVE_CONF_DIR,/home/alex/Repositories/hive/conf/ivysettings.xml will be used
2024-04-24T00:49:15,917  INFO [main] DependencyResolver: ivysettings.xml file not found in HIVE_HOME or HIVE_CONF_DIR,/home/alex/Repositories/hive/conf/ivysettings.xml will be used
2024-04-24T00:49:15,924  INFO [main] session.SessionState: Created HDFS directory: /home/alex/Repositories/hive/ql/target/tmp/scratchdir/alex/13779e5a-0b3a-45cb-bb28-f6d5dd6beac1
2024-04-24T00:49:15,927  INFO [main] session.SessionState: Created local directory: /home/alex/Repositories/hive/ql/target/tmp/localscratchdir/13779e5a-0b3a-45cb-bb28-f6d5dd6beac1
2024-04-24T00:49:15,930  INFO [main] session.SessionState: Created HDFS directory: /home/alex/Repositories/hive/ql/target/tmp/scratchdir/alex/13779e5a-0b3a-45cb-bb28-f6d5dd6beac1/_tmp_space.db
2024-04-24T00:49:15,931  INFO [main] sqlstd.SQLStdHiveAccessController: Created SQLStdHiveAccessController for session context : HiveAuthzSessionContext [sessionString=13779e5a-0b3a-45cb-bb28-f6d5dd6beac1, clientType=HIVECLI]
2024-04-24T00:49:15,932  INFO [main] ql.TxnCommandsBaseForTests: Running the query: drop table if exists acidTbl
2024-04-24T00:49:15,932  INFO [main] ql.Driver: Compiling command(queryId=alex_20240424004915_6c3bf13e-03f6-47e9-901f-5a6f73ac9dc5): drop table if exists acidTbl
2024-04-24T00:49:15,947  INFO [main] txn.TxnHandler: Added entries to MIN_HISTORY_LEVEL for current txns: ([1]) with min_open_txn: 1
2024-04-24T00:49:15,947  INFO [main] lockmgr.DbTxnManager: Opened txnid:1
2024-04-24T00:49:15,952  INFO [main] HiveMetaStore.audit: ugi=alex	ip=unknown-ip-addr	cmd=get_table : tbl=hive.default.acidTbl	
2024-04-24T00:49:15,969  INFO [main] ql.Driver: Semantic Analysis Completed (retrial = false)
2024-04-24T00:49:15,969  INFO [main] ql.Driver: Created Hive schema: Schema(fieldSchemas:null, properties:null)
2024-04-24T00:49:15,969  INFO [main] metadata.Hive: Dumping metastore api call timing information for : compilation phase
2024-04-24T00:49:15,969  INFO [main] metadata.Hive: Total time spent in each metastore function (ms): {openTxn_(String, TxnType)=14, getValidTxns_(long)=4, commitTxn_(CommitTxnRequest)=18, isCompatibleWith_(Configuration)=0, flushCache_()=1}
2024-04-24T00:49:15,970  INFO [main] ql.Driver: Completed compiling command(queryId=alex_20240424004915_6c3bf13e-03f6-47e9-901f-5a6f73ac9dc5); Time taken: 0.037 seconds
2024-04-24T00:49:15,970  INFO [main] lockmgr.DbTxnManager: Setting lock request transaction to txnid:1 for queryId=alex_20240424004915_6c3bf13e-03f6-47e9-901f-5a6f73ac9dc5
2024-04-24T00:49:15,970  INFO [main] ql.Driver: Operation DROPTABLE obtained 0 locks
2024-04-24T00:49:15,970  INFO [main] ql.Driver: Executing command(queryId=alex_20240424004915_6c3bf13e-03f6-47e9-901f-5a6f73ac9dc5): drop table if exists acidTbl
2024-04-24T00:49:15,970  INFO [main] ql.Driver: Starting task [Stage-0:DDL] in serial mode
2024-04-24T00:49:15,971  INFO [main] HiveMetaStore.audit: ugi=alex	ip=unknown-ip-addr	cmd=get_table : tbl=hive.default.acidTbl	
2024-04-24T00:49:15,977  INFO [main] metadata.Hive: Dumping metastore api call timing information for : execution phase
2024-04-24T00:49:15,977  INFO [main] metadata.Hive: Total time spent in each metastore function (ms): {isCompatibleWith_(Configuration)=0}
2024-04-24T00:49:15,978  INFO [main] ql.Driver: Completed executing command(queryId=alex_20240424004915_6c3bf13e-03f6-47e9-901f-5a6f73ac9dc5); Time taken: 0.007 seconds
2024-04-24T00:49:15,978  INFO [main] lockmgr.DbTxnManager: Stopped heartbeat for query: alex_20240424004915_6c3bf13e-03f6-47e9-901f-5a6f73ac9dc5
2024-04-24T00:49:15,987  INFO [main] txn.TxnHandler: Expected to move at least one record from txn_components to completed_txn_components when committing txn! txnid:1
2024-04-24T00:49:15,997  INFO [main] txn.TxnHandler: Removed transactions: ([1]) from MIN_HISTORY_LEVEL
2024-04-24T00:49:15,998  WARN [main] txn.CompactionTxnHandler: No compaction queue record found for Compaction type transaction commit. txnId:1
2024-04-24T00:49:15,999  INFO [main] ql.TxnCommandsBaseForTests: Running the query: drop table if exists acidTblPart
2024-04-24T00:49:15,999  INFO [main] ql.Driver: Compiling command(queryId=alex_20240424004915_cd9a1853-e56f-4a9e-9920-759bd9e12c12): drop table if exists acidTblPart
2024-04-24T00:49:16,004  INFO [main] txn.TxnHandler: Added entries to MIN_HISTORY_LEVEL for current txns: ([2]) with min_open_txn: 1
2024-04-24T00:49:16,004  INFO [main] lockmgr.DbTxnManager: Opened txnid:2
2024-04-24T00:49:16,006  INFO [main] HiveMetaStore.audit: ugi=alex	ip=unknown-ip-addr	cmd=get_table : tbl=hive.default.acidTblPart	
2024-04-24T00:49:16,012  INFO [main] ql.Driver: Semantic Analysis Completed (retrial = false)
2024-04-24T00:49:16,012  INFO [main] ql.Driver: Created Hive schema: Schema(fieldSchemas:null, properties:null)
2024-04-24T00:49:16,012  INFO [main] metadata.Hive: Dumping metastore api call timing information for : compilation phase
2024-04-24T00:49:16,012  INFO [main] metadata.Hive: Total time spent in each metastore function (ms): {getValidTxns_(long)=0, commitTxn_(CommitTxnRequest)=20, isCompatibleWith_(Configuration)=1, openTxn_(String, TxnType)=4, flushCache_()=0}
2024-04-24T00:49:16,013  INFO [main] ql.Driver: Completed compiling command(queryId=alex_20240424004915_cd9a1853-e56f-4a9e-9920-759bd9e12c12); Time taken: 0.013 seconds
2024-04-24T00:49:16,013  INFO [main] lockmgr.DbTxnManager: Setting lock request transaction to txnid:2 for queryId=alex_20240424004915_cd9a1853-e56f-4a9e-9920-759bd9e12c12
2024-04-24T00:49:16,013  INFO [main] ql.Driver: Operation DROPTABLE obtained 0 locks
2024-04-24T00:49:16,013  INFO [main] ql.Driver: Executing command(queryId=alex_20240424004915_cd9a1853-e56f-4a9e-9920-759bd9e12c12): drop table if exists acidTblPart
2024-04-24T00:49:16,013  INFO [main] ql.Driver: Starting task [Stage-0:DDL] in serial mode
2024-04-24T00:49:16,014  INFO [main] HiveMetaStore.audit: ugi=alex	ip=unknown-ip-addr	cmd=get_table : tbl=hive.default.acidTblPart	
2024-04-24T00:49:16,020  INFO [main] metadata.Hive: Dumping metastore api call timing information for : execution phase
2024-04-24T00:49:16,020  INFO [main] metadata.Hive: Total time spent in each metastore function (ms): {isCompatibleWith_(Configuration)=0}
2024-04-24T00:49:16,020  INFO [main] ql.Driver: Completed executing command(queryId=alex_20240424004915_cd9a1853-e56f-4a9e-9920-759bd9e12c12); Time taken: 0.007 seconds
2024-04-24T00:49:16,021  INFO [main] lockmgr.DbTxnManager: Stopped heartbeat for query: alex_20240424004915_cd9a1853-e56f-4a9e-9920-759bd9e12c12
2024-04-24T00:49:16,029  INFO [main] txn.TxnHandler: Expected to move at least one record from txn_components to completed_txn_components when committing txn! txnid:2
2024-04-24T00:49:16,040  INFO [main] txn.TxnHandler: Removed transactions: ([2]) from MIN_HISTORY_LEVEL
2024-04-24T00:49:16,040  WARN [main] txn.CompactionTxnHandler: No compaction queue record found for Compaction type transaction commit. txnId:2
2024-04-24T00:49:16,042  INFO [main] ql.TxnCommandsBaseForTests: Running the query: drop table if exists acidTbl2
2024-04-24T00:49:16,043  INFO [main] ql.Driver: Compiling command(queryId=alex_20240424004916_4207eb9e-66f3-44dc-b263-d82f78cc6937): drop table if exists acidTbl2
2024-04-24T00:49:16,047  INFO [main] txn.TxnHandler: Added entries to MIN_HISTORY_LEVEL for current txns: ([3]) with min_open_txn: 1
2024-04-24T00:49:16,048  INFO [main] lockmgr.DbTxnManager: Opened txnid:3
2024-04-24T00:49:16,049  INFO [main] HiveMetaStore.audit: ugi=alex	ip=unknown-ip-addr	cmd=get_table : tbl=hive.default.acidTbl2	
2024-04-24T00:49:16,055  INFO [main] ql.Driver: Semantic Analysis Completed (retrial = false)
2024-04-24T00:49:16,055  INFO [main] ql.Driver: Created Hive schema: Schema(fieldSchemas:null, properties:null)
2024-04-24T00:49:16,056  INFO [main] metadata.Hive: Dumping metastore api call timing information for : compilation phase
2024-04-24T00:49:16,056  INFO [main] metadata.Hive: Total time spent in each metastore function (ms): {openTxn_(String, TxnType)=4, getValidTxns_(long)=1, flushCache_()=0, isCompatibleWith_(Configuration)=0, commitTxn_(CommitTxnRequest)=21}
2024-04-24T00:49:16,056  INFO [main] ql.Driver: Completed compiling command(queryId=alex_20240424004916_4207eb9e-66f3-44dc-b263-d82f78cc6937); Time taken: 0.014 seconds
2024-04-24T00:49:16,056  INFO [main] lockmgr.DbTxnManager: Setting lock request transaction to txnid:3 for queryId=alex_20240424004916_4207eb9e-66f3-44dc-b263-d82f78cc6937
2024-04-24T00:49:16,057  INFO [main] ql.Driver: Operation DROPTABLE obtained 0 locks
2024-04-24T00:49:16,057  INFO [main] ql.Driver: Executing command(queryId=alex_20240424004916_4207eb9e-66f3-44dc-b263-d82f78cc6937): drop table if exists acidTbl2
2024-04-24T00:49:16,057  INFO [main] ql.Driver: Starting task [Stage-0:DDL] in serial mode
2024-04-24T00:49:16,058  INFO [main] HiveMetaStore.audit: ugi=alex	ip=unknown-ip-addr	cmd=get_table : tbl=hive.default.acidTbl2	
2024-04-24T00:49:16,064  INFO [main] metadata.Hive: Dumping metastore api call timing information for : execution phase
2024-04-24T00:49:16,064  INFO [main] metadata.Hive: Total time spent in each metastore function (ms): {isCompatibleWith_(Configuration)=0}
2024-04-24T00:49:16,064  INFO [main] ql.Driver: Completed executing command(queryId=alex_20240424004916_4207eb9e-66f3-44dc-b263-d82f78cc6937); Time taken: 0.007 seconds
2024-04-24T00:49:16,065  INFO [main] lockmgr.DbTxnManager: Stopped heartbeat for query: alex_20240424004916_4207eb9e-66f3-44dc-b263-d82f78cc6937
2024-04-24T00:49:16,074  INFO [main] txn.TxnHandler: Expected to move at least one record from txn_components to completed_txn_components when committing txn! txnid:3
2024-04-24T00:49:16,085  INFO [main] txn.TxnHandler: Removed transactions: ([3]) from MIN_HISTORY_LEVEL
2024-04-24T00:49:16,085  WARN [main] txn.CompactionTxnHandler: No compaction queue record found for Compaction type transaction commit. txnId:3
2024-04-24T00:49:16,087  INFO [main] ql.TxnCommandsBaseForTests: Running the query: drop table if exists nonAcidOrcTbl
2024-04-24T00:49:16,087  INFO [main] ql.Driver: Compiling command(queryId=alex_20240424004916_a831bde6-1ba9-4e26-ba29-84087ba6be3a): drop table if exists nonAcidOrcTbl
2024-04-24T00:49:16,092  INFO [main] txn.TxnHandler: Added entries to MIN_HISTORY_LEVEL for current txns: ([4]) with min_open_txn: 1
2024-04-24T00:49:16,092  INFO [main] lockmgr.DbTxnManager: Opened txnid:4
2024-04-24T00:49:16,094  INFO [main] HiveMetaStore.audit: ugi=alex	ip=unknown-ip-addr	cmd=get_table : tbl=hive.default.nonAcidOrcTbl	
2024-04-24T00:49:16,100  INFO [main] ql.Driver: Semantic Analysis Completed (retrial = false)
2024-04-24T00:49:16,100  INFO [main] ql.Driver: Created Hive schema: Schema(fieldSchemas:null, properties:null)
2024-04-24T00:49:16,100  INFO [main] metadata.Hive: Dumping metastore api call timing information for : compilation phase
2024-04-24T00:49:16,100  INFO [main] metadata.Hive: Total time spent in each metastore function (ms): {isCompatibleWith_(Configuration)=0, openTxn_(String, TxnType)=4, commitTxn_(CommitTxnRequest)=21, getValidTxns_(long)=1, flushCache_()=1}
2024-04-24T00:49:16,100  INFO [main] ql.Driver: Completed compiling command(queryId=alex_20240424004916_a831bde6-1ba9-4e26-ba29-84087ba6be3a); Time taken: 0.013 seconds
2024-04-24T00:49:16,101  INFO [main] lockmgr.DbTxnManager: Setting lock request transaction to txnid:4 for queryId=alex_20240424004916_a831bde6-1ba9-4e26-ba29-84087ba6be3a
2024-04-24T00:49:16,101  INFO [main] ql.Driver: Operation DROPTABLE obtained 0 locks
2024-04-24T00:49:16,101  INFO [main] ql.Driver: Executing command(queryId=alex_20240424004916_a831bde6-1ba9-4e26-ba29-84087ba6be3a): drop table if exists nonAcidOrcTbl
2024-04-24T00:49:16,101  INFO [main] ql.Driver: Starting task [Stage-0:DDL] in serial mode
2024-04-24T00:49:16,102  INFO [main] HiveMetaStore.audit: ugi=alex	ip=unknown-ip-addr	cmd=get_table : tbl=hive.default.nonAcidOrcTbl	
2024-04-24T00:49:16,107  INFO [main] metadata.Hive: Dumping metastore api call timing information for : execution phase
2024-04-24T00:49:16,107  INFO [main] metadata.Hive: Total time spent in each metastore function (ms): {isCompatibleWith_(Configuration)=0}
2024-04-24T00:49:16,108  INFO [main] ql.Driver: Completed executing command(queryId=alex_20240424004916_a831bde6-1ba9-4e26-ba29-84087ba6be3a); Time taken: 0.006 seconds
2024-04-24T00:49:16,108  INFO [main] lockmgr.DbTxnManager: Stopped heartbeat for query: alex_20240424004916_a831bde6-1ba9-4e26-ba29-84087ba6be3a
2024-04-24T00:49:16,116  INFO [main] txn.TxnHandler: Expected to move at least one record from txn_components to completed_txn_components when committing txn! txnid:4
2024-04-24T00:49:16,125  INFO [main] txn.TxnHandler: Removed transactions: ([4]) from MIN_HISTORY_LEVEL
2024-04-24T00:49:16,126  WARN [main] txn.CompactionTxnHandler: No compaction queue record found for Compaction type transaction commit. txnId:4
2024-04-24T00:49:16,127  INFO [main] ql.TxnCommandsBaseForTests: Running the query: drop table if exists nonAcidOrcTbl2
2024-04-24T00:49:16,127  INFO [main] ql.Driver: Compiling command(queryId=alex_20240424004916_1ddb06f6-8fa3-4158-b41c-16630107b4a7): drop table if exists nonAcidOrcTbl2
2024-04-24T00:49:16,132  INFO [main] txn.TxnHandler: Added entries to MIN_HISTORY_LEVEL for current txns: ([5]) with min_open_txn: 1
2024-04-24T00:49:16,132  INFO [main] lockmgr.DbTxnManager: Opened txnid:5
2024-04-24T00:49:16,134  INFO [main] HiveMetaStore.audit: ugi=alex	ip=unknown-ip-addr	cmd=get_table : tbl=hive.default.nonAcidOrcTbl2	
2024-04-24T00:49:16,139  INFO [main] ql.Driver: Semantic Analysis Completed (retrial = false)
2024-04-24T00:49:16,139  INFO [main] ql.Driver: Created Hive schema: Schema(fieldSchemas:null, properties:null)
2024-04-24T00:49:16,139  INFO [main] metadata.Hive: Dumping metastore api call timing information for : compilation phase
2024-04-24T00:49:16,139  INFO [main] metadata.Hive: Total time spent in each metastore function (ms): {openTxn_(String, TxnType)=3, flushCache_()=0, commitTxn_(CommitTxnRequest)=19, getValidTxns_(long)=1, isCompatibleWith_(Configuration)=1}
2024-04-24T00:49:16,140  INFO [main] ql.Driver: Completed compiling command(queryId=alex_20240424004916_1ddb06f6-8fa3-4158-b41c-16630107b4a7); Time taken: 0.012 seconds
2024-04-24T00:49:16,140  INFO [main] lockmgr.DbTxnManager: Setting lock request transaction to txnid:5 for queryId=alex_20240424004916_1ddb06f6-8fa3-4158-b41c-16630107b4a7
2024-04-24T00:49:16,140  INFO [main] ql.Driver: Operation DROPTABLE obtained 0 locks
2024-04-24T00:49:16,140  INFO [main] ql.Driver: Executing command(queryId=alex_20240424004916_1ddb06f6-8fa3-4158-b41c-16630107b4a7): drop table if exists nonAcidOrcTbl2
2024-04-24T00:49:16,140  INFO [main] ql.Driver: Starting task [Stage-0:DDL] in serial mode
2024-04-24T00:49:16,141  INFO [main] HiveMetaStore.audit: ugi=alex	ip=unknown-ip-addr	cmd=get_table : tbl=hive.default.nonAcidOrcTbl2	
2024-04-24T00:49:16,146  INFO [main] metadata.Hive: Dumping metastore api call timing information for : execution phase
2024-04-24T00:49:16,146  INFO [main] metadata.Hive: Total time spent in each metastore function (ms): {isCompatibleWith_(Configuration)=1}
2024-04-24T00:49:16,147  INFO [main] ql.Driver: Completed executing command(queryId=alex_20240424004916_1ddb06f6-8fa3-4158-b41c-16630107b4a7); Time taken: 0.006 seconds
2024-04-24T00:49:16,147  INFO [main] lockmgr.DbTxnManager: Stopped heartbeat for query: alex_20240424004916_1ddb06f6-8fa3-4158-b41c-16630107b4a7
2024-04-24T00:49:16,156  INFO [main] txn.TxnHandler: Expected to move at least one record from txn_components to completed_txn_components when committing txn! txnid:5
2024-04-24T00:49:16,165  INFO [main] txn.TxnHandler: Removed transactions: ([5]) from MIN_HISTORY_LEVEL
2024-04-24T00:49:16,165  WARN [main] txn.CompactionTxnHandler: No compaction queue record found for Compaction type transaction commit. txnId:5
2024-04-24T00:49:16,166  INFO [main] ql.TxnCommandsBaseForTests: Running the query: drop table if exists nonAcidNonBucket
2024-04-24T00:49:16,166  INFO [main] ql.Driver: Compiling command(queryId=alex_20240424004916_e640df41-3c59-414f-af6c-4beffbb23eaf): drop table if exists nonAcidNonBucket
2024-04-24T00:49:16,170  INFO [main] txn.TxnHandler: Added entries to MIN_HISTORY_LEVEL for current txns: ([6]) with min_open_txn: 1
2024-04-24T00:49:16,171  INFO [main] lockmgr.DbTxnManager: Opened txnid:6
2024-04-24T00:49:16,172  INFO [main] HiveMetaStore.audit: ugi=alex	ip=unknown-ip-addr	cmd=get_table : tbl=hive.default.nonAcidNonBucket	
2024-04-24T00:49:16,177  INFO [main] ql.Driver: Semantic Analysis Completed (retrial = false)
2024-04-24T00:49:16,178  INFO [main] ql.Driver: Created Hive schema: Schema(fieldSchemas:null, properties:null)
2024-04-24T00:49:16,178  INFO [main] metadata.Hive: Dumping metastore api call timing information for : compilation phase
2024-04-24T00:49:16,178  INFO [main] metadata.Hive: Total time spent in each metastore function (ms): {openTxn_(String, TxnType)=4, commitTxn_(CommitTxnRequest)=19, getValidTxns_(long)=1, isCompatibleWith_(Configuration)=0, flushCache_()=0}
2024-04-24T00:49:16,178  INFO [main] ql.Driver: Completed compiling command(queryId=alex_20240424004916_e640df41-3c59-414f-af6c-4beffbb23eaf); Time taken: 0.012 seconds
2024-04-24T00:49:16,178  INFO [main] lockmgr.DbTxnManager: Setting lock request transaction to txnid:6 for queryId=alex_20240424004916_e640df41-3c59-414f-af6c-4beffbb23eaf
2024-04-24T00:49:16,178  INFO [main] ql.Driver: Operation DROPTABLE obtained 0 locks
2024-04-24T00:49:16,178  INFO [main] ql.Driver: Executing command(queryId=alex_20240424004916_e640df41-3c59-414f-af6c-4beffbb23eaf): drop table if exists nonAcidNonBucket
2024-04-24T00:49:16,179  INFO [main] ql.Driver: Starting task [Stage-0:DDL] in serial mode
2024-04-24T00:49:16,179  INFO [main] HiveMetaStore.audit: ugi=alex	ip=unknown-ip-addr	cmd=get_table : tbl=hive.default.nonAcidNonBucket	
2024-04-24T00:49:16,185  INFO [main] metadata.Hive: Dumping metastore api call timing information for : execution phase
2024-04-24T00:49:16,185  INFO [main] metadata.Hive: Total time spent in each metastore function (ms): {isCompatibleWith_(Configuration)=0}
2024-04-24T00:49:16,185  INFO [main] ql.Driver: Completed executing command(queryId=alex_20240424004916_e640df41-3c59-414f-af6c-4beffbb23eaf); Time taken: 0.007 seconds
2024-04-24T00:49:16,186  INFO [main] lockmgr.DbTxnManager: Stopped heartbeat for query: alex_20240424004916_e640df41-3c59-414f-af6c-4beffbb23eaf
2024-04-24T00:49:16,194  INFO [main] txn.TxnHandler: Expected to move at least one record from txn_components to completed_txn_components when committing txn! txnid:6
2024-04-24T00:49:16,203  INFO [main] txn.TxnHandler: Removed transactions: ([6]) from MIN_HISTORY_LEVEL
2024-04-24T00:49:16,203  WARN [main] txn.CompactionTxnHandler: No compaction queue record found for Compaction type transaction commit. txnId:6
2024-04-24T00:49:16,204  INFO [main] ql.TxnCommandsBaseForTests: Running the query: create table acidTbl(a int, b int) clustered by (a) into 2 buckets stored as orc TBLPROPERTIES ('transactional'='true')
2024-04-24T00:49:16,205  INFO [main] ql.Driver: Compiling command(queryId=alex_20240424004916_7eca1b11-1bdd-4595-8e48-84e9ca740012): create table acidTbl(a int, b int) clustered by (a) into 2 buckets stored as orc TBLPROPERTIES ('transactional'='true')
2024-04-24T00:49:16,209  INFO [main] txn.TxnHandler: Added entries to MIN_HISTORY_LEVEL for current txns: ([7]) with min_open_txn: 1
2024-04-24T00:49:16,209  INFO [main] lockmgr.DbTxnManager: Opened txnid:7
2024-04-24T00:49:16,210  INFO [main] parse.CalcitePlanner: Starting caching scope for: 
2024-04-24T00:49:16,210  INFO [main] parse.CalcitePlanner: Starting Semantic Analysis
2024-04-24T00:49:16,220  INFO [main] parse.CalcitePlanner: Creating table default.acidTbl position=13
2024-04-24T00:49:16,220  INFO [main] HiveMetaStore.audit: ugi=alex	ip=unknown-ip-addr	cmd=get_database: default	
2024-04-24T00:49:16,223  INFO [main] parse.CalcitePlanner: Ending caching scope for: 
2024-04-24T00:49:16,223  INFO [main] ql.Driver: Semantic Analysis Completed (retrial = false)
2024-04-24T00:49:16,224  INFO [main] ql.Driver: Created Hive schema: Schema(fieldSchemas:null, properties:null)
2024-04-24T00:49:16,224  INFO [main] metadata.Hive: Dumping metastore api call timing information for : compilation phase
2024-04-24T00:49:16,224  INFO [main] metadata.Hive: Total time spent in each metastore function (ms): {getValidTxns_(long)=1, flushCache_()=1, isCompatibleWith_(Configuration)=0, getDatabase_(String)=3, getValidWriteIds_(List, String)=9, commitTxn_(CommitTxnRequest)=18, openTxn_(String, TxnType)=3}
2024-04-24T00:49:16,224  INFO [main] ql.Driver: Completed compiling command(queryId=alex_20240424004916_7eca1b11-1bdd-4595-8e48-84e9ca740012); Time taken: 0.019 seconds
2024-04-24T00:49:16,225  INFO [main] lockmgr.DbTxnManager: Setting lock request transaction to txnid:7 for queryId=alex_20240424004916_7eca1b11-1bdd-4595-8e48-84e9ca740012
2024-04-24T00:49:16,225  INFO [main] lockmgr.DbLockManager: Requesting lock for queryId=alex_20240424004916_7eca1b11-1bdd-4595-8e48-84e9ca740012
2024-04-24T00:49:16,257  INFO [main] lockmgr.DbLockManager: Response to queryId=alex_20240424004916_7eca1b11-1bdd-4595-8e48-84e9ca740012 LockResponse(lockid:1, state:ACQUIRED)
2024-04-24T00:49:16,257  INFO [main] ql.Driver: Operation CREATETABLE obtained 1 locks
2024-04-24T00:49:16,258  INFO [main] ql.Driver: Executing command(queryId=alex_20240424004916_7eca1b11-1bdd-4595-8e48-84e9ca740012): create table acidTbl(a int, b int) clustered by (a) into 2 buckets stored as orc TBLPROPERTIES ('transactional'='true')
2024-04-24T00:49:16,259  INFO [main] ql.Driver: Starting task [Stage-0:DDL] in serial mode
2024-04-24T00:49:16,260  INFO [main] HiveMetaStore.audit: ugi=alex	ip=unknown-ip-addr	cmd=create_table_req: Table(tableName:acidTbl, dbName:default, owner:alex, createTime:1713944956, lastAccessTime:0, retention:0, sd:StorageDescriptor(cols:[FieldSchema(name:a, type:int, comment:null), FieldSchema(name:b, type:int, comment:null)], location:null, inputFormat:org.apache.hadoop.hive.ql.io.orc.OrcInputFormat, outputFormat:org.apache.hadoop.hive.ql.io.orc.OrcOutputFormat, compressed:false, numBuckets:2, serdeInfo:SerDeInfo(name:null, serializationLib:org.apache.hadoop.hive.ql.io.orc.OrcSerde, parameters:{serialization.format=1}), bucketCols:[a], sortCols:[], parameters:{}, skewedInfo:SkewedInfo(skewedColNames:[], skewedColValues:[], skewedColValueLocationMaps:{}), storedAsSubDirectories:false), partitionKeys:[], parameters:{numFilesErasureCoded=0, numFiles=0, rawDataSize=0, numRows=0, bucketing_version=2, COLUMN_STATS_ACCURATE={"BASIC_STATS":"true","COLUMN_STATS":{"a":"true","b":"true"}}, totalSize=0, transactional=true}, viewOriginalText:null, viewExpandedText:null, tableType:MANAGED_TABLE, privileges:PrincipalPrivilegeSet(userPrivileges:{alex=[PrivilegeGrantInfo(privilege:INSERT, createTime:-1, grantor:alex, grantorType:USER, grantOption:true), PrivilegeGrantInfo(privilege:SELECT, createTime:-1, grantor:alex, grantorType:USER, grantOption:true), PrivilegeGrantInfo(privilege:UPDATE, createTime:-1, grantor:alex, grantorType:USER, grantOption:true), PrivilegeGrantInfo(privilege:DELETE, createTime:-1, grantor:alex, grantorType:USER, grantOption:true)]}, groupPrivileges:null, rolePrivileges:null), temporary:false, catName:hive, ownerType:USER, writeId:0)	
2024-04-24T00:49:16,271  INFO [main] utils.FileUtils: Creating directory if it doesn't exist: file:/home/alex/Repositories/hive/ql/target/tmp/org.apache.hadoop.hive.ql.TestTxnCommands3-1713944903826/warehouse/acidtbl
2024-04-24T00:49:16,339  INFO [main] metadata.Hive: Dumping metastore api call timing information for : execution phase
2024-04-24T00:49:16,339  INFO [main] metadata.Hive: Total time spent in each metastore function (ms): {isCompatibleWith_(Configuration)=0, createTable_(Table)=78}
2024-04-24T00:49:16,339  INFO [main] ql.Driver: Completed executing command(queryId=alex_20240424004916_7eca1b11-1bdd-4595-8e48-84e9ca740012); Time taken: 0.081 seconds
2024-04-24T00:49:16,339  INFO [main] lockmgr.DbTxnManager: Stopped heartbeat for query: alex_20240424004916_7eca1b11-1bdd-4595-8e48-84e9ca740012
2024-04-24T00:49:16,346  INFO [main] txn.TxnHandler: Expected to move at least one record from txn_components to completed_txn_components when committing txn! txnid:7
2024-04-24T00:49:16,356  INFO [main] txn.TxnHandler: Removed transactions: ([7]) from MIN_HISTORY_LEVEL
2024-04-24T00:49:16,356  WARN [main] txn.CompactionTxnHandler: No compaction queue record found for Compaction type transaction commit. txnId:7
2024-04-24T00:49:16,357  INFO [main] ql.TxnCommandsBaseForTests: Running the query: create table acidTblPart(a int, b int) partitioned by (p string) clustered by (a) into 2 buckets stored as orc TBLPROPERTIES ('transactional'='true')
2024-04-24T00:49:16,358  INFO [main] ql.Driver: Compiling command(queryId=alex_20240424004916_c648c954-bb05-40ca-95f9-a6c205cba106): create table acidTblPart(a int, b int) partitioned by (p string) clustered by (a) into 2 buckets stored as orc TBLPROPERTIES ('transactional'='true')
2024-04-24T00:49:16,363  INFO [main] txn.TxnHandler: Added entries to MIN_HISTORY_LEVEL for current txns: ([8]) with min_open_txn: 1
2024-04-24T00:49:16,363  INFO [main] lockmgr.DbTxnManager: Opened txnid:8
2024-04-24T00:49:16,364  INFO [main] parse.CalcitePlanner: Starting caching scope for: 
2024-04-24T00:49:16,364  INFO [main] parse.CalcitePlanner: Starting Semantic Analysis
2024-04-24T00:49:16,368  INFO [main] parse.CalcitePlanner: Creating table default.acidTblPart position=13
2024-04-24T00:49:16,369  INFO [main] HiveMetaStore.audit: ugi=alex	ip=unknown-ip-addr	cmd=get_database: default	
2024-04-24T00:49:16,373  INFO [main] parse.CalcitePlanner: Ending caching scope for: 
2024-04-24T00:49:16,373  INFO [main] ql.Driver: Semantic Analysis Completed (retrial = false)
2024-04-24T00:49:16,373  INFO [main] ql.Driver: Created Hive schema: Schema(fieldSchemas:null, properties:null)
2024-04-24T00:49:16,374  INFO [main] metadata.Hive: Dumping metastore api call timing information for : compilation phase
2024-04-24T00:49:16,374  INFO [main] metadata.Hive: Total time spent in each metastore function (ms): {commitTxn_(CommitTxnRequest)=18, getValidTxns_(long)=1, openTxn_(String, TxnType)=4, getDatabase_(String)=4, flushCache_()=0, isCompatibleWith_(Configuration)=1, getValidWriteIds_(List, String)=3}
2024-04-24T00:49:16,374  INFO [main] ql.Driver: Completed compiling command(queryId=alex_20240424004916_c648c954-bb05-40ca-95f9-a6c205cba106); Time taken: 0.016 seconds
2024-04-24T00:49:16,374  INFO [main] lockmgr.DbTxnManager: Setting lock request transaction to txnid:8 for queryId=alex_20240424004916_c648c954-bb05-40ca-95f9-a6c205cba106
2024-04-24T00:49:16,375  INFO [main] lockmgr.DbLockManager: Requesting lock for queryId=alex_20240424004916_c648c954-bb05-40ca-95f9-a6c205cba106
2024-04-24T00:49:16,399  INFO [main] lockmgr.DbLockManager: Response to queryId=alex_20240424004916_c648c954-bb05-40ca-95f9-a6c205cba106 LockResponse(lockid:2, state:ACQUIRED)
2024-04-24T00:49:16,400  INFO [main] ql.Driver: Operation CREATETABLE obtained 1 locks
2024-04-24T00:49:16,401  INFO [main] ql.Driver: Executing command(queryId=alex_20240424004916_c648c954-bb05-40ca-95f9-a6c205cba106): create table acidTblPart(a int, b int) partitioned by (p string) clustered by (a) into 2 buckets stored as orc TBLPROPERTIES ('transactional'='true')
2024-04-24T00:49:16,401  INFO [main] ql.Driver: Starting task [Stage-0:DDL] in serial mode
2024-04-24T00:49:16,403  INFO [main] HiveMetaStore.audit: ugi=alex	ip=unknown-ip-addr	cmd=create_table_req: Table(tableName:acidTblPart, dbName:default, owner:alex, createTime:1713944956, lastAccessTime:0, retention:0, sd:StorageDescriptor(cols:[FieldSchema(name:a, type:int, comment:null), FieldSchema(name:b, type:int, comment:null)], location:null, inputFormat:org.apache.hadoop.hive.ql.io.orc.OrcInputFormat, outputFormat:org.apache.hadoop.hive.ql.io.orc.OrcOutputFormat, compressed:false, numBuckets:2, serdeInfo:SerDeInfo(name:null, serializationLib:org.apache.hadoop.hive.ql.io.orc.OrcSerde, parameters:{serialization.format=1}), bucketCols:[a], sortCols:[], parameters:{}, skewedInfo:SkewedInfo(skewedColNames:[], skewedColValues:[], skewedColValueLocationMaps:{}), storedAsSubDirectories:false), partitionKeys:[FieldSchema(name:p, type:string, comment:null)], parameters:{bucketing_version=2, transactional=true}, viewOriginalText:null, viewExpandedText:null, tableType:MANAGED_TABLE, privileges:PrincipalPrivilegeSet(userPrivileges:{alex=[PrivilegeGrantInfo(privilege:INSERT, createTime:-1, grantor:alex, grantorType:USER, grantOption:true), PrivilegeGrantInfo(privilege:SELECT, createTime:-1, grantor:alex, grantorType:USER, grantOption:true), PrivilegeGrantInfo(privilege:UPDATE, createTime:-1, grantor:alex, grantorType:USER, grantOption:true), PrivilegeGrantInfo(privilege:DELETE, createTime:-1, grantor:alex, grantorType:USER, grantOption:true)]}, groupPrivileges:null, rolePrivileges:null), temporary:false, catName:hive, ownerType:USER, writeId:0)	
2024-04-24T00:49:16,412  INFO [main] utils.FileUtils: Creating directory if it doesn't exist: file:/home/alex/Repositories/hive/ql/target/tmp/org.apache.hadoop.hive.ql.TestTxnCommands3-1713944903826/warehouse/acidtblpart
2024-04-24T00:49:16,433  INFO [main] metadata.Hive: Dumping metastore api call timing information for : execution phase
2024-04-24T00:49:16,433  INFO [main] metadata.Hive: Total time spent in each metastore function (ms): {createTable_(Table)=31, isCompatibleWith_(Configuration)=0}
2024-04-24T00:49:16,434  INFO [main] ql.Driver: Completed executing command(queryId=alex_20240424004916_c648c954-bb05-40ca-95f9-a6c205cba106); Time taken: 0.032 seconds
2024-04-24T00:49:16,434  INFO [main] lockmgr.DbTxnManager: Stopped heartbeat for query: alex_20240424004916_c648c954-bb05-40ca-95f9-a6c205cba106
2024-04-24T00:49:16,438  INFO [main] txn.TxnHandler: Expected to move at least one record from txn_components to completed_txn_components when committing txn! txnid:8
2024-04-24T00:49:16,446  INFO [main] txn.TxnHandler: Removed transactions: ([8]) from MIN_HISTORY_LEVEL
2024-04-24T00:49:16,446  WARN [main] txn.CompactionTxnHandler: No compaction queue record found for Compaction type transaction commit. txnId:8
2024-04-24T00:49:16,447  INFO [main] ql.TxnCommandsBaseForTests: Running the query: create table nonAcidOrcTbl(a int, b int) clustered by (a) into 2 buckets stored as orc TBLPROPERTIES ('transactional'='false')
2024-04-24T00:49:16,448  INFO [main] ql.Driver: Compiling command(queryId=alex_20240424004916_902b7515-9b7e-4e2f-98fb-b21769aac6d6): create table nonAcidOrcTbl(a int, b int) clustered by (a) into 2 buckets stored as orc TBLPROPERTIES ('transactional'='false')
2024-04-24T00:49:16,451  INFO [main] txn.TxnHandler: Added entries to MIN_HISTORY_LEVEL for current txns: ([9]) with min_open_txn: 1
2024-04-24T00:49:16,451  INFO [main] lockmgr.DbTxnManager: Opened txnid:9
2024-04-24T00:49:16,452  INFO [main] parse.CalcitePlanner: Starting caching scope for: 
2024-04-24T00:49:16,452  INFO [main] parse.CalcitePlanner: Starting Semantic Analysis
2024-04-24T00:49:16,455  INFO [main] parse.CalcitePlanner: Creating table default.nonAcidOrcTbl position=13
2024-04-24T00:49:16,456  INFO [main] HiveMetaStore.audit: ugi=alex	ip=unknown-ip-addr	cmd=get_database: default	
2024-04-24T00:49:16,458  INFO [main] parse.CalcitePlanner: Ending caching scope for: 
2024-04-24T00:49:16,458  INFO [main] ql.Driver: Semantic Analysis Completed (retrial = false)
2024-04-24T00:49:16,458  INFO [main] ql.Driver: Created Hive schema: Schema(fieldSchemas:null, properties:null)
2024-04-24T00:49:16,459  INFO [main] metadata.Hive: Dumping metastore api call timing information for : compilation phase
2024-04-24T00:49:16,459  INFO [main] metadata.Hive: Total time spent in each metastore function (ms): {getValidWriteIds_(List, String)=2, commitTxn_(CommitTxnRequest)=13, isCompatibleWith_(Configuration)=1, getDatabase_(String)=2, getValidTxns_(long)=0, flushCache_()=0, openTxn_(String, TxnType)=3}
2024-04-24T00:49:16,459  INFO [main] ql.Driver: Completed compiling command(queryId=alex_20240424004916_902b7515-9b7e-4e2f-98fb-b21769aac6d6); Time taken: 0.012 seconds
2024-04-24T00:49:16,459  INFO [main] lockmgr.DbTxnManager: Setting lock request transaction to txnid:9 for queryId=alex_20240424004916_902b7515-9b7e-4e2f-98fb-b21769aac6d6
2024-04-24T00:49:16,459  INFO [main] lockmgr.DbLockManager: Requesting lock for queryId=alex_20240424004916_902b7515-9b7e-4e2f-98fb-b21769aac6d6
2024-04-24T00:49:16,478  INFO [main] lockmgr.DbLockManager: Response to queryId=alex_20240424004916_902b7515-9b7e-4e2f-98fb-b21769aac6d6 LockResponse(lockid:3, state:ACQUIRED)
2024-04-24T00:49:16,478  INFO [main] ql.Driver: Operation CREATETABLE obtained 1 locks
2024-04-24T00:49:16,478  INFO [main] ql.Driver: Executing command(queryId=alex_20240424004916_902b7515-9b7e-4e2f-98fb-b21769aac6d6): create table nonAcidOrcTbl(a int, b int) clustered by (a) into 2 buckets stored as orc TBLPROPERTIES ('transactional'='false')
2024-04-24T00:49:16,478  INFO [main] ql.Driver: Starting task [Stage-0:DDL] in serial mode
2024-04-24T00:49:16,479  INFO [main] HiveMetaStore.audit: ugi=alex	ip=unknown-ip-addr	cmd=create_table_req: Table(tableName:nonAcidOrcTbl, dbName:default, owner:alex, createTime:1713944956, lastAccessTime:0, retention:0, sd:StorageDescriptor(cols:[FieldSchema(name:a, type:int, comment:null), FieldSchema(name:b, type:int, comment:null)], location:null, inputFormat:org.apache.hadoop.hive.ql.io.orc.OrcInputFormat, outputFormat:org.apache.hadoop.hive.ql.io.orc.OrcOutputFormat, compressed:false, numBuckets:2, serdeInfo:SerDeInfo(name:null, serializationLib:org.apache.hadoop.hive.ql.io.orc.OrcSerde, parameters:{serialization.format=1}), bucketCols:[a], sortCols:[], parameters:{}, skewedInfo:SkewedInfo(skewedColNames:[], skewedColValues:[], skewedColValueLocationMaps:{}), storedAsSubDirectories:false), partitionKeys:[], parameters:{numRows=0, COLUMN_STATS_ACCURATE={"BASIC_STATS":"true","COLUMN_STATS":{"a":"true","b":"true"}}, numFiles=0, transactional=false, numFilesErasureCoded=0, rawDataSize=0, totalSize=0, bucketing_version=2}, viewOriginalText:null, viewExpandedText:null, tableType:MANAGED_TABLE, privileges:PrincipalPrivilegeSet(userPrivileges:{alex=[PrivilegeGrantInfo(privilege:INSERT, createTime:-1, grantor:alex, grantorType:USER, grantOption:true), PrivilegeGrantInfo(privilege:SELECT, createTime:-1, grantor:alex, grantorType:USER, grantOption:true), PrivilegeGrantInfo(privilege:UPDATE, createTime:-1, grantor:alex, grantorType:USER, grantOption:true), PrivilegeGrantInfo(privilege:DELETE, createTime:-1, grantor:alex, grantorType:USER, grantOption:true)]}, groupPrivileges:null, rolePrivileges:null), temporary:false, catName:hive, ownerType:USER)	
2024-04-24T00:49:16,486  INFO [main] utils.FileUtils: Creating directory if it doesn't exist: file:/home/alex/Repositories/hive/ql/target/tmp/org.apache.hadoop.hive.ql.TestTxnCommands3-1713944903826/warehouse/nonacidorctbl
2024-04-24T00:49:16,506  INFO [main] metadata.Hive: Dumping metastore api call timing information for : execution phase
2024-04-24T00:49:16,506  INFO [main] metadata.Hive: Total time spent in each metastore function (ms): {isCompatibleWith_(Configuration)=0, createTable_(Table)=27}
2024-04-24T00:49:16,506  INFO [main] ql.Driver: Completed executing command(queryId=alex_20240424004916_902b7515-9b7e-4e2f-98fb-b21769aac6d6); Time taken: 0.028 seconds
2024-04-24T00:49:16,506  INFO [main] lockmgr.DbTxnManager: Stopped heartbeat for query: alex_20240424004916_902b7515-9b7e-4e2f-98fb-b21769aac6d6
2024-04-24T00:49:16,511  INFO [main] txn.TxnHandler: Expected to move at least one record from txn_components to completed_txn_components when committing txn! txnid:9
2024-04-24T00:49:16,518  INFO [main] txn.TxnHandler: Removed transactions: ([9]) from MIN_HISTORY_LEVEL
2024-04-24T00:49:16,518  WARN [main] txn.CompactionTxnHandler: No compaction queue record found for Compaction type transaction commit. txnId:9
2024-04-24T00:49:16,519  INFO [main] ql.TxnCommandsBaseForTests: Running the query: create table nonAcidOrcTbl2(a int, b int) clustered by (a) into 2 buckets stored as orc TBLPROPERTIES ('transactional'='false')
2024-04-24T00:49:16,519  INFO [main] ql.Driver: Compiling command(queryId=alex_20240424004916_43f7d307-e548-4a61-b5cf-5378d763bf87): create table nonAcidOrcTbl2(a int, b int) clustered by (a) into 2 buckets stored as orc TBLPROPERTIES ('transactional'='false')
2024-04-24T00:49:16,523  INFO [main] txn.TxnHandler: Added entries to MIN_HISTORY_LEVEL for current txns: ([10]) with min_open_txn: 1
2024-04-24T00:49:16,523  INFO [main] lockmgr.DbTxnManager: Opened txnid:10
2024-04-24T00:49:16,524  INFO [main] parse.CalcitePlanner: Starting caching scope for: 
2024-04-24T00:49:16,524  INFO [main] parse.CalcitePlanner: Starting Semantic Analysis
2024-04-24T00:49:16,527  INFO [main] parse.CalcitePlanner: Creating table default.nonAcidOrcTbl2 position=13
2024-04-24T00:49:16,528  INFO [main] HiveMetaStore.audit: ugi=alex	ip=unknown-ip-addr	cmd=get_database: default	
2024-04-24T00:49:16,530  INFO [main] parse.CalcitePlanner: Ending caching scope for: 
2024-04-24T00:49:16,530  INFO [main] ql.Driver: Semantic Analysis Completed (retrial = false)
2024-04-24T00:49:16,530  INFO [main] ql.Driver: Created Hive schema: Schema(fieldSchemas:null, properties:null)
2024-04-24T00:49:16,530  INFO [main] metadata.Hive: Dumping metastore api call timing information for : compilation phase
2024-04-24T00:49:16,530  INFO [main] metadata.Hive: Total time spent in each metastore function (ms): {openTxn_(String, TxnType)=2, getValidWriteIds_(List, String)=3, getDatabase_(String)=3, isCompatibleWith_(Configuration)=0, flushCache_()=0, getValidTxns_(long)=1, commitTxn_(CommitTxnRequest)=13}
2024-04-24T00:49:16,530  INFO [main] ql.Driver: Completed compiling command(queryId=alex_20240424004916_43f7d307-e548-4a61-b5cf-5378d763bf87); Time taken: 0.011 seconds
2024-04-24T00:49:16,531  INFO [main] lockmgr.DbTxnManager: Setting lock request transaction to txnid:10 for queryId=alex_20240424004916_43f7d307-e548-4a61-b5cf-5378d763bf87
2024-04-24T00:49:16,531  INFO [main] lockmgr.DbLockManager: Requesting lock for queryId=alex_20240424004916_43f7d307-e548-4a61-b5cf-5378d763bf87
2024-04-24T00:49:16,548  INFO [main] lockmgr.DbLockManager: Response to queryId=alex_20240424004916_43f7d307-e548-4a61-b5cf-5378d763bf87 LockResponse(lockid:4, state:ACQUIRED)
2024-04-24T00:49:16,548  INFO [main] ql.Driver: Operation CREATETABLE obtained 1 locks
2024-04-24T00:49:16,548  INFO [main] ql.Driver: Executing command(queryId=alex_20240424004916_43f7d307-e548-4a61-b5cf-5378d763bf87): create table nonAcidOrcTbl2(a int, b int) clustered by (a) into 2 buckets stored as orc TBLPROPERTIES ('transactional'='false')
2024-04-24T00:49:16,548  INFO [main] ql.Driver: Starting task [Stage-0:DDL] in serial mode
2024-04-24T00:49:16,550  INFO [main] HiveMetaStore.audit: ugi=alex	ip=unknown-ip-addr	cmd=create_table_req: Table(tableName:nonAcidOrcTbl2, dbName:default, owner:alex, createTime:1713944956, lastAccessTime:0, retention:0, sd:StorageDescriptor(cols:[FieldSchema(name:a, type:int, comment:null), FieldSchema(name:b, type:int, comment:null)], location:null, inputFormat:org.apache.hadoop.hive.ql.io.orc.OrcInputFormat, outputFormat:org.apache.hadoop.hive.ql.io.orc.OrcOutputFormat, compressed:false, numBuckets:2, serdeInfo:SerDeInfo(name:null, serializationLib:org.apache.hadoop.hive.ql.io.orc.OrcSerde, parameters:{serialization.format=1}), bucketCols:[a], sortCols:[], parameters:{}, skewedInfo:SkewedInfo(skewedColNames:[], skewedColValues:[], skewedColValueLocationMaps:{}), storedAsSubDirectories:false), partitionKeys:[], parameters:{rawDataSize=0, transactional=false, COLUMN_STATS_ACCURATE={"BASIC_STATS":"true","COLUMN_STATS":{"a":"true","b":"true"}}, totalSize=0, numFiles=0, bucketing_version=2, numRows=0, numFilesErasureCoded=0}, viewOriginalText:null, viewExpandedText:null, tableType:MANAGED_TABLE, privileges:PrincipalPrivilegeSet(userPrivileges:{alex=[PrivilegeGrantInfo(privilege:INSERT, createTime:-1, grantor:alex, grantorType:USER, grantOption:true), PrivilegeGrantInfo(privilege:SELECT, createTime:-1, grantor:alex, grantorType:USER, grantOption:true), PrivilegeGrantInfo(privilege:UPDATE, createTime:-1, grantor:alex, grantorType:USER, grantOption:true), PrivilegeGrantInfo(privilege:DELETE, createTime:-1, grantor:alex, grantorType:USER, grantOption:true)]}, groupPrivileges:null, rolePrivileges:null), temporary:false, catName:hive, ownerType:USER)	
2024-04-24T00:49:16,556  INFO [main] utils.FileUtils: Creating directory if it doesn't exist: file:/home/alex/Repositories/hive/ql/target/tmp/org.apache.hadoop.hive.ql.TestTxnCommands3-1713944903826/warehouse/nonacidorctbl2
2024-04-24T00:49:16,575  INFO [main] metadata.Hive: Dumping metastore api call timing information for : execution phase
2024-04-24T00:49:16,575  INFO [main] metadata.Hive: Total time spent in each metastore function (ms): {isCompatibleWith_(Configuration)=0, createTable_(Table)=26}
2024-04-24T00:49:16,575  INFO [main] ql.Driver: Completed executing command(queryId=alex_20240424004916_43f7d307-e548-4a61-b5cf-5378d763bf87); Time taken: 0.027 seconds
2024-04-24T00:49:16,576  INFO [main] lockmgr.DbTxnManager: Stopped heartbeat for query: alex_20240424004916_43f7d307-e548-4a61-b5cf-5378d763bf87
2024-04-24T00:49:16,580  INFO [main] txn.TxnHandler: Expected to move at least one record from txn_components to completed_txn_components when committing txn! txnid:10
2024-04-24T00:49:16,587  INFO [main] txn.TxnHandler: Removed transactions: ([10]) from MIN_HISTORY_LEVEL
2024-04-24T00:49:16,588  WARN [main] txn.CompactionTxnHandler: No compaction queue record found for Compaction type transaction commit. txnId:10
2024-04-24T00:49:16,588  INFO [main] ql.TxnCommandsBaseForTests: Running the query: create temporary  table acidTbl2(a int, b int, c int) clustered by (c) into 2 buckets stored as orc TBLPROPERTIES ('transactional'='true')
2024-04-24T00:49:16,589  INFO [main] ql.Driver: Compiling command(queryId=alex_20240424004916_d4c5e624-eb5f-4fe2-9461-bb611986320e): create temporary  table acidTbl2(a int, b int, c int) clustered by (c) into 2 buckets stored as orc TBLPROPERTIES ('transactional'='true')
2024-04-24T00:49:16,593  INFO [main] txn.TxnHandler: Added entries to MIN_HISTORY_LEVEL for current txns: ([11]) with min_open_txn: 1
2024-04-24T00:49:16,593  INFO [main] lockmgr.DbTxnManager: Opened txnid:11
2024-04-24T00:49:16,594  INFO [main] parse.CalcitePlanner: Starting caching scope for: 
2024-04-24T00:49:16,594  INFO [main] parse.CalcitePlanner: Starting Semantic Analysis
2024-04-24T00:49:16,597  INFO [main] parse.CalcitePlanner: Creating table default.acidTbl2 position=24
2024-04-24T00:49:16,598  INFO [main] HiveMetaStore.audit: ugi=alex	ip=unknown-ip-addr	cmd=get_database: default	
2024-04-24T00:49:16,600  INFO [main] parse.CalcitePlanner: Ending caching scope for: 
2024-04-24T00:49:16,600  INFO [main] ql.Driver: Semantic Analysis Completed (retrial = false)
2024-04-24T00:49:16,600  INFO [main] ql.Driver: Created Hive schema: Schema(fieldSchemas:null, properties:null)
2024-04-24T00:49:16,600  INFO [main] metadata.Hive: Dumping metastore api call timing information for : compilation phase
2024-04-24T00:49:16,601  INFO [main] metadata.Hive: Total time spent in each metastore function (ms): {getDatabase_(String)=2, isCompatibleWith_(Configuration)=0, getValidWriteIds_(List, String)=3, flushCache_()=0, openTxn_(String, TxnType)=3, getValidTxns_(long)=1, commitTxn_(CommitTxnRequest)=12}
2024-04-24T00:49:16,601  INFO [main] ql.Driver: Completed compiling command(queryId=alex_20240424004916_d4c5e624-eb5f-4fe2-9461-bb611986320e); Time taken: 0.011 seconds
2024-04-24T00:49:16,601  INFO [main] lockmgr.DbTxnManager: Setting lock request transaction to txnid:11 for queryId=alex_20240424004916_d4c5e624-eb5f-4fe2-9461-bb611986320e
2024-04-24T00:49:16,601  INFO [main] lockmgr.DbLockManager: Requesting lock for queryId=alex_20240424004916_d4c5e624-eb5f-4fe2-9461-bb611986320e
2024-04-24T00:49:16,619  INFO [main] lockmgr.DbLockManager: Response to queryId=alex_20240424004916_d4c5e624-eb5f-4fe2-9461-bb611986320e LockResponse(lockid:5, state:ACQUIRED)
2024-04-24T00:49:16,619  INFO [main] ql.Driver: Operation CREATETABLE obtained 1 locks
2024-04-24T00:49:16,620  INFO [main] ql.Driver: Executing command(queryId=alex_20240424004916_d4c5e624-eb5f-4fe2-9461-bb611986320e): create temporary  table acidTbl2(a int, b int, c int) clustered by (c) into 2 buckets stored as orc TBLPROPERTIES ('transactional'='true')
2024-04-24T00:49:16,620  INFO [main] ql.Driver: Starting task [Stage-0:DDL] in serial mode
2024-04-24T00:49:16,621  INFO [main] utils.FileUtils: Creating directory if it doesn't exist: file:/home/alex/Repositories/hive/ql/target/tmp/scratchdir/alex/13779e5a-0b3a-45cb-bb28-f6d5dd6beac1/_tmp_space.db/a6f72c9b-c6af-4d3b-82d8-3c440d5ea3be
2024-04-24T00:49:16,624  INFO [main] metadata.Hive: Dumping metastore api call timing information for : execution phase
2024-04-24T00:49:16,625  INFO [main] metadata.Hive: Total time spent in each metastore function (ms): {isCompatibleWith_(Configuration)=0, createTable_(Table)=3}
2024-04-24T00:49:16,625  INFO [main] ql.Driver: Completed executing command(queryId=alex_20240424004916_d4c5e624-eb5f-4fe2-9461-bb611986320e); Time taken: 0.004 seconds
2024-04-24T00:49:16,625  INFO [main] lockmgr.DbTxnManager: Stopped heartbeat for query: alex_20240424004916_d4c5e624-eb5f-4fe2-9461-bb611986320e
2024-04-24T00:49:16,629  INFO [main] txn.TxnHandler: Expected to move at least one record from txn_components to completed_txn_components when committing txn! txnid:11
2024-04-24T00:49:16,636  INFO [main] txn.TxnHandler: Removed transactions: ([11]) from MIN_HISTORY_LEVEL
2024-04-24T00:49:16,637  WARN [main] txn.CompactionTxnHandler: No compaction queue record found for Compaction type transaction commit. txnId:11
2024-04-24T00:49:16,637  INFO [main] ql.TxnCommandsBaseForTests: Running the query: create table nonAcidNonBucket(a int, b int) stored as orc TBLPROPERTIES ('transactional'='false')
2024-04-24T00:49:16,638  INFO [main] ql.Driver: Compiling command(queryId=alex_20240424004916_a78d0bfa-a683-47f5-b5b9-528bd3ffdb42): create table nonAcidNonBucket(a int, b int) stored as orc TBLPROPERTIES ('transactional'='false')
2024-04-24T00:49:16,641  INFO [main] txn.TxnHandler: Added entries to MIN_HISTORY_LEVEL for current txns: ([12]) with min_open_txn: 1
2024-04-24T00:49:16,641  INFO [main] lockmgr.DbTxnManager: Opened txnid:12
2024-04-24T00:49:16,642  INFO [main] parse.CalcitePlanner: Starting caching scope for: 
2024-04-24T00:49:16,642  INFO [main] parse.CalcitePlanner: Starting Semantic Analysis
2024-04-24T00:49:16,645  INFO [main] parse.CalcitePlanner: Creating table default.nonAcidNonBucket position=13
2024-04-24T00:49:16,645  INFO [main] HiveMetaStore.audit: ugi=alex	ip=unknown-ip-addr	cmd=get_database: default	
2024-04-24T00:49:16,648  INFO [main] parse.CalcitePlanner: Ending caching scope for: 
2024-04-24T00:49:16,648  INFO [main] ql.Driver: Semantic Analysis Completed (retrial = false)
2024-04-24T00:49:16,648  INFO [main] ql.Driver: Created Hive schema: Schema(fieldSchemas:null, properties:null)
2024-04-24T00:49:16,648  INFO [main] metadata.Hive: Dumping metastore api call timing information for : compilation phase
2024-04-24T00:49:16,648  INFO [main] metadata.Hive: Total time spent in each metastore function (ms): {getDatabase_(String)=3, openTxn_(String, TxnType)=3, commitTxn_(CommitTxnRequest)=12, getValidTxns_(long)=1, isCompatibleWith_(Configuration)=0, flushCache_()=0, getValidWriteIds_(List, String)=3}
2024-04-24T00:49:16,648  INFO [main] ql.Driver: Completed compiling command(queryId=alex_20240424004916_a78d0bfa-a683-47f5-b5b9-528bd3ffdb42); Time taken: 0.01 seconds
2024-04-24T00:49:16,648  INFO [main] lockmgr.DbTxnManager: Setting lock request transaction to txnid:12 for queryId=alex_20240424004916_a78d0bfa-a683-47f5-b5b9-528bd3ffdb42
2024-04-24T00:49:16,649  INFO [main] lockmgr.DbLockManager: Requesting lock for queryId=alex_20240424004916_a78d0bfa-a683-47f5-b5b9-528bd3ffdb42
2024-04-24T00:49:16,666  INFO [main] lockmgr.DbLockManager: Response to queryId=alex_20240424004916_a78d0bfa-a683-47f5-b5b9-528bd3ffdb42 LockResponse(lockid:6, state:ACQUIRED)
2024-04-24T00:49:16,666  INFO [main] ql.Driver: Operation CREATETABLE obtained 1 locks
2024-04-24T00:49:16,666  INFO [main] ql.Driver: Executing command(queryId=alex_20240424004916_a78d0bfa-a683-47f5-b5b9-528bd3ffdb42): create table nonAcidNonBucket(a int, b int) stored as orc TBLPROPERTIES ('transactional'='false')
2024-04-24T00:49:16,666  INFO [main] ql.Driver: Starting task [Stage-0:DDL] in serial mode
2024-04-24T00:49:16,668  INFO [main] HiveMetaStore.audit: ugi=alex	ip=unknown-ip-addr	cmd=create_table_req: Table(tableName:nonAcidNonBucket, dbName:default, owner:alex, createTime:1713944956, lastAccessTime:0, retention:0, sd:StorageDescriptor(cols:[FieldSchema(name:a, type:int, comment:null), FieldSchema(name:b, type:int, comment:null)], location:null, inputFormat:org.apache.hadoop.hive.ql.io.orc.OrcInputFormat, outputFormat:org.apache.hadoop.hive.ql.io.orc.OrcOutputFormat, compressed:false, numBuckets:-1, serdeInfo:SerDeInfo(name:null, serializationLib:org.apache.hadoop.hive.ql.io.orc.OrcSerde, parameters:{serialization.format=1}), bucketCols:[], sortCols:[], parameters:{}, skewedInfo:SkewedInfo(skewedColNames:[], skewedColValues:[], skewedColValueLocationMaps:{}), storedAsSubDirectories:false), partitionKeys:[], parameters:{COLUMN_STATS_ACCURATE={"BASIC_STATS":"true","COLUMN_STATS":{"a":"true","b":"true"}}, transactional=false, rawDataSize=0, numFilesErasureCoded=0, numRows=0, numFiles=0, totalSize=0, bucketing_version=2}, viewOriginalText:null, viewExpandedText:null, tableType:MANAGED_TABLE, privileges:PrincipalPrivilegeSet(userPrivileges:{alex=[PrivilegeGrantInfo(privilege:INSERT, createTime:-1, grantor:alex, grantorType:USER, grantOption:true), PrivilegeGrantInfo(privilege:SELECT, createTime:-1, grantor:alex, grantorType:USER, grantOption:true), PrivilegeGrantInfo(privilege:UPDATE, createTime:-1, grantor:alex, grantorType:USER, grantOption:true), PrivilegeGrantInfo(privilege:DELETE, createTime:-1, grantor:alex, grantorType:USER, grantOption:true)]}, groupPrivileges:null, rolePrivileges:null), temporary:false, catName:hive, ownerType:USER)	
2024-04-24T00:49:16,674  INFO [main] utils.FileUtils: Creating directory if it doesn't exist: file:/home/alex/Repositories/hive/ql/target/tmp/org.apache.hadoop.hive.ql.TestTxnCommands3-1713944903826/warehouse/nonacidnonbucket
2024-04-24T00:49:16,692  INFO [main] metadata.Hive: Dumping metastore api call timing information for : execution phase
2024-04-24T00:49:16,693  INFO [main] metadata.Hive: Total time spent in each metastore function (ms): {isCompatibleWith_(Configuration)=0, createTable_(Table)=25}
2024-04-24T00:49:16,693  INFO [main] ql.Driver: Completed executing command(queryId=alex_20240424004916_a78d0bfa-a683-47f5-b5b9-528bd3ffdb42); Time taken: 0.026 seconds
2024-04-24T00:49:16,693  INFO [main] lockmgr.DbTxnManager: Stopped heartbeat for query: alex_20240424004916_a78d0bfa-a683-47f5-b5b9-528bd3ffdb42
2024-04-24T00:49:16,697  INFO [main] txn.TxnHandler: Expected to move at least one record from txn_components to completed_txn_components when committing txn! txnid:12
2024-04-24T00:49:16,704  INFO [main] txn.TxnHandler: Removed transactions: ([12]) from MIN_HISTORY_LEVEL
2024-04-24T00:49:16,705  WARN [main] txn.CompactionTxnHandler: No compaction queue record found for Compaction type transaction commit. txnId:12
2024-04-24T00:49:16,705  INFO [main] ql.TxnCommandsBaseForTests: Running the query: drop database if exists mydb1 cascade
2024-04-24T00:49:16,706  INFO [main] ql.Driver: Compiling command(queryId=alex_20240424004916_b891a1ed-53ae-49ac-b511-4bf3763efb65): drop database if exists mydb1 cascade
2024-04-24T00:49:16,710  INFO [main] txn.TxnHandler: Added entries to MIN_HISTORY_LEVEL for current txns: ([13]) with min_open_txn: 1
2024-04-24T00:49:16,710  INFO [main] lockmgr.DbTxnManager: Opened txnid:13
2024-04-24T00:49:16,712  INFO [main] HiveMetaStore.audit: ugi=alex	ip=unknown-ip-addr	cmd=get_database: mydb1	
2024-04-24T00:49:16,713  INFO [main] ql.Driver: Semantic Analysis Completed (retrial = false)
2024-04-24T00:49:16,713  INFO [main] ql.Driver: Created Hive schema: Schema(fieldSchemas:null, properties:null)
2024-04-24T00:49:16,713  INFO [main] metadata.Hive: Dumping metastore api call timing information for : compilation phase
2024-04-24T00:49:16,713  INFO [main] metadata.Hive: Total time spent in each metastore function (ms): {getValidTxns_(long)=0, openTxn_(String, TxnType)=3, flushCache_()=1, commitTxn_(CommitTxnRequest)=12, isCompatibleWith_(Configuration)=0}
2024-04-24T00:49:16,713  INFO [main] ql.Driver: Completed compiling command(queryId=alex_20240424004916_b891a1ed-53ae-49ac-b511-4bf3763efb65); Time taken: 0.007 seconds
2024-04-24T00:49:16,714  INFO [main] lockmgr.DbTxnManager: Setting lock request transaction to txnid:13 for queryId=alex_20240424004916_b891a1ed-53ae-49ac-b511-4bf3763efb65
2024-04-24T00:49:16,714  INFO [main] ql.Driver: Operation DROPDATABASE obtained 0 locks
2024-04-24T00:49:16,714  INFO [main] ql.Driver: Executing command(queryId=alex_20240424004916_b891a1ed-53ae-49ac-b511-4bf3763efb65): drop database if exists mydb1 cascade
2024-04-24T00:49:16,714  INFO [main] metadata.Hive: Dumping metastore api call timing information for : execution phase
2024-04-24T00:49:16,714  INFO [main] metadata.Hive: Total time spent in each metastore function (ms): {}
2024-04-24T00:49:16,714  INFO [main] ql.Driver: Completed executing command(queryId=alex_20240424004916_b891a1ed-53ae-49ac-b511-4bf3763efb65); Time taken: 0.0 seconds
2024-04-24T00:49:16,714  INFO [main] lockmgr.DbTxnManager: Stopped heartbeat for query: alex_20240424004916_b891a1ed-53ae-49ac-b511-4bf3763efb65
2024-04-24T00:49:16,720  INFO [main] txn.TxnHandler: Expected to move at least one record from txn_components to completed_txn_components when committing txn! txnid:13
2024-04-24T00:49:16,729  INFO [main] txn.TxnHandler: Removed transactions: ([13]) from MIN_HISTORY_LEVEL
2024-04-24T00:49:16,729  WARN [main] txn.CompactionTxnHandler: No compaction queue record found for Compaction type transaction commit. txnId:13
2024-04-24T00:49:16,730  INFO [main] ql.TxnCommandsBaseForTests: Running the query: drop database if exists mydb2 cascade
2024-04-24T00:49:16,730  INFO [main] ql.Driver: Compiling command(queryId=alex_20240424004916_c7b91844-c2b4-4dac-86e8-9f10a89bdefa): drop database if exists mydb2 cascade
2024-04-24T00:49:16,733  INFO [main] txn.TxnHandler: Added entries to MIN_HISTORY_LEVEL for current txns: ([14]) with min_open_txn: 1
2024-04-24T00:49:16,733  INFO [main] lockmgr.DbTxnManager: Opened txnid:14
2024-04-24T00:49:16,735  INFO [main] HiveMetaStore.audit: ugi=alex	ip=unknown-ip-addr	cmd=get_database: mydb2	
2024-04-24T00:49:16,736  INFO [main] ql.Driver: Semantic Analysis Completed (retrial = false)
2024-04-24T00:49:16,736  INFO [main] ql.Driver: Created Hive schema: Schema(fieldSchemas:null, properties:null)
2024-04-24T00:49:16,736  INFO [main] metadata.Hive: Dumping metastore api call timing information for : compilation phase
2024-04-24T00:49:16,736  INFO [main] metadata.Hive: Total time spent in each metastore function (ms): {getValidTxns_(long)=0, commitTxn_(CommitTxnRequest)=15, isCompatibleWith_(Configuration)=2, openTxn_(String, TxnType)=2, flushCache_()=0}
2024-04-24T00:49:16,736  INFO [main] ql.Driver: Completed compiling command(queryId=alex_20240424004916_c7b91844-c2b4-4dac-86e8-9f10a89bdefa); Time taken: 0.006 seconds
2024-04-24T00:49:16,737  INFO [main] lockmgr.DbTxnManager: Setting lock request transaction to txnid:14 for queryId=alex_20240424004916_c7b91844-c2b4-4dac-86e8-9f10a89bdefa
2024-04-24T00:49:16,737  INFO [main] ql.Driver: Operation DROPDATABASE obtained 0 locks
2024-04-24T00:49:16,737  INFO [main] ql.Driver: Executing command(queryId=alex_20240424004916_c7b91844-c2b4-4dac-86e8-9f10a89bdefa): drop database if exists mydb2 cascade
2024-04-24T00:49:16,737  INFO [main] metadata.Hive: Dumping metastore api call timing information for : execution phase
2024-04-24T00:49:16,737  INFO [main] metadata.Hive: Total time spent in each metastore function (ms): {}
2024-04-24T00:49:16,737  INFO [main] ql.Driver: Completed executing command(queryId=alex_20240424004916_c7b91844-c2b4-4dac-86e8-9f10a89bdefa); Time taken: 0.0 seconds
2024-04-24T00:49:16,737  INFO [main] lockmgr.DbTxnManager: Stopped heartbeat for query: alex_20240424004916_c7b91844-c2b4-4dac-86e8-9f10a89bdefa
2024-04-24T00:49:16,744  INFO [main] txn.TxnHandler: Expected to move at least one record from txn_components to completed_txn_components when committing txn! txnid:14
2024-04-24T00:49:16,751  INFO [main] txn.TxnHandler: Removed transactions: ([14]) from MIN_HISTORY_LEVEL
2024-04-24T00:49:16,751  WARN [main] txn.CompactionTxnHandler: No compaction queue record found for Compaction type transaction commit. txnId:14
2024-04-24T00:49:16,752  INFO [main] ql.TxnCommandsBaseForTests: Running the query: create database mydb1
2024-04-24T00:49:16,752  INFO [main] ql.Driver: Compiling command(queryId=alex_20240424004916_3a88f40a-cc7c-4341-96d1-eab65b745b9a): create database mydb1
2024-04-24T00:49:16,756  INFO [main] txn.TxnHandler: Added entries to MIN_HISTORY_LEVEL for current txns: ([15]) with min_open_txn: 1
2024-04-24T00:49:16,756  INFO [main] lockmgr.DbTxnManager: Opened txnid:15
2024-04-24T00:49:16,757  INFO [main] ql.Driver: Semantic Analysis Completed (retrial = false)
2024-04-24T00:49:16,757  INFO [main] ql.Driver: Created Hive schema: Schema(fieldSchemas:null, properties:null)
2024-04-24T00:49:16,757  INFO [main] metadata.Hive: Dumping metastore api call timing information for : compilation phase
2024-04-24T00:49:16,757  INFO [main] metadata.Hive: Total time spent in each metastore function (ms): {isCompatibleWith_(Configuration)=0, openTxn_(String, TxnType)=3, getValidTxns_(long)=1, flushCache_()=0, commitTxn_(CommitTxnRequest)=15}
2024-04-24T00:49:16,758  INFO [main] ql.Driver: Completed compiling command(queryId=alex_20240424004916_3a88f40a-cc7c-4341-96d1-eab65b745b9a); Time taken: 0.005 seconds
2024-04-24T00:49:16,758  INFO [main] lockmgr.DbTxnManager: Setting lock request transaction to txnid:15 for queryId=alex_20240424004916_3a88f40a-cc7c-4341-96d1-eab65b745b9a
2024-04-24T00:49:16,758  INFO [main] ql.Driver: Operation CREATEDATABASE obtained 0 locks
2024-04-24T00:49:16,758  INFO [main] ql.Driver: Executing command(queryId=alex_20240424004916_3a88f40a-cc7c-4341-96d1-eab65b745b9a): create database mydb1
2024-04-24T00:49:16,758  INFO [main] ql.Driver: Starting task [Stage-0:DDL] in serial mode
2024-04-24T00:49:16,759  WARN [main] exec.DDLTask: metastore.warehouse.external.dir is not set, falling back to metastore.warehouse.dir. This could cause external tables to use to managed tablespace.
2024-04-24T00:49:16,759  INFO [main] HiveMetaStore.audit: ugi=alex	ip=unknown-ip-addr	cmd=create_database: Database(name:mydb1, description:null, locationUri:file:/home/alex/Repositories/hive/ql/target/tmp/org.apache.hadoop.hive.ql.TestTxnCommands3-1713944903826/warehouse/mydb1.db, parameters:null, ownerName:alex, ownerType:USER, catalogName:hive, type:NATIVE)	
2024-04-24T00:49:16,765  INFO [main] metastore.HMSHandler: Creating database path in external directory file:/home/alex/Repositories/hive/ql/target/tmp/org.apache.hadoop.hive.ql.TestTxnCommands3-1713944903826/warehouse/mydb1.db
2024-04-24T00:49:16,765  INFO [main] utils.FileUtils: Creating directory if it doesn't exist: file:/home/alex/Repositories/hive/ql/target/tmp/org.apache.hadoop.hive.ql.TestTxnCommands3-1713944903826/warehouse/mydb1.db
2024-04-24T00:49:16,768  INFO [main] metastore.HMSHandler: Created database path in external directory file:/home/alex/Repositories/hive/ql/target/tmp/org.apache.hadoop.hive.ql.TestTxnCommands3-1713944903826/warehouse/mydb1.db
2024-04-24T00:49:16,774  INFO [main] metadata.Hive: Dumping metastore api call timing information for : execution phase
2024-04-24T00:49:16,775  INFO [main] metadata.Hive: Total time spent in each metastore function (ms): {createDatabase_(Database)=15, isCompatibleWith_(Configuration)=0}
2024-04-24T00:49:16,775  INFO [main] ql.Driver: Completed executing command(queryId=alex_20240424004916_3a88f40a-cc7c-4341-96d1-eab65b745b9a); Time taken: 0.016 seconds
2024-04-24T00:49:16,775  INFO [main] lockmgr.DbTxnManager: Stopped heartbeat for query: alex_20240424004916_3a88f40a-cc7c-4341-96d1-eab65b745b9a
2024-04-24T00:49:16,781  INFO [main] txn.TxnHandler: Expected to move at least one record from txn_components to completed_txn_components when committing txn! txnid:15
2024-04-24T00:49:16,788  INFO [main] txn.TxnHandler: Removed transactions: ([15]) from MIN_HISTORY_LEVEL
2024-04-24T00:49:16,789  WARN [main] txn.CompactionTxnHandler: No compaction queue record found for Compaction type transaction commit. txnId:15
2024-04-24T00:49:16,789  INFO [main] ql.TxnCommandsBaseForTests: Running the query: create database mydb2
2024-04-24T00:49:16,790  INFO [main] ql.Driver: Compiling command(queryId=alex_20240424004916_76f8af8a-0e55-48c0-8136-ef3e29266ce9): create database mydb2
2024-04-24T00:49:16,793  INFO [main] txn.TxnHandler: Added entries to MIN_HISTORY_LEVEL for current txns: ([16]) with min_open_txn: 1
2024-04-24T00:49:16,794  INFO [main] lockmgr.DbTxnManager: Opened txnid:16
2024-04-24T00:49:16,795  INFO [main] ql.Driver: Semantic Analysis Completed (retrial = false)
2024-04-24T00:49:16,795  INFO [main] ql.Driver: Created Hive schema: Schema(fieldSchemas:null, properties:null)
2024-04-24T00:49:16,795  INFO [main] metadata.Hive: Dumping metastore api call timing information for : compilation phase
2024-04-24T00:49:16,795  INFO [main] metadata.Hive: Total time spent in each metastore function (ms): {isCompatibleWith_(Configuration)=0, openTxn_(String, TxnType)=4, getValidTxns_(long)=1, flushCache_()=0, commitTxn_(CommitTxnRequest)=14}
2024-04-24T00:49:16,796  INFO [main] ql.Driver: Completed compiling command(queryId=alex_20240424004916_76f8af8a-0e55-48c0-8136-ef3e29266ce9); Time taken: 0.005 seconds
2024-04-24T00:49:16,796  INFO [main] lockmgr.DbTxnManager: Setting lock request transaction to txnid:16 for queryId=alex_20240424004916_76f8af8a-0e55-48c0-8136-ef3e29266ce9
2024-04-24T00:49:16,796  INFO [main] ql.Driver: Operation CREATEDATABASE obtained 0 locks
2024-04-24T00:49:16,796  INFO [main] ql.Driver: Executing command(queryId=alex_20240424004916_76f8af8a-0e55-48c0-8136-ef3e29266ce9): create database mydb2
2024-04-24T00:49:16,796  INFO [main] ql.Driver: Starting task [Stage-0:DDL] in serial mode
2024-04-24T00:49:16,796  WARN [main] exec.DDLTask: metastore.warehouse.external.dir is not set, falling back to metastore.warehouse.dir. This could cause external tables to use to managed tablespace.
2024-04-24T00:49:16,797  INFO [main] HiveMetaStore.audit: ugi=alex	ip=unknown-ip-addr	cmd=create_database: Database(name:mydb2, description:null, locationUri:file:/home/alex/Repositories/hive/ql/target/tmp/org.apache.hadoop.hive.ql.TestTxnCommands3-1713944903826/warehouse/mydb2.db, parameters:null, ownerName:alex, ownerType:USER, catalogName:hive, type:NATIVE)	
2024-04-24T00:49:16,800  INFO [main] metastore.HMSHandler: Creating database path in external directory file:/home/alex/Repositories/hive/ql/target/tmp/org.apache.hadoop.hive.ql.TestTxnCommands3-1713944903826/warehouse/mydb2.db
2024-04-24T00:49:16,800  INFO [main] utils.FileUtils: Creating directory if it doesn't exist: file:/home/alex/Repositories/hive/ql/target/tmp/org.apache.hadoop.hive.ql.TestTxnCommands3-1713944903826/warehouse/mydb2.db
2024-04-24T00:49:16,802  INFO [main] metastore.HMSHandler: Created database path in external directory file:/home/alex/Repositories/hive/ql/target/tmp/org.apache.hadoop.hive.ql.TestTxnCommands3-1713944903826/warehouse/mydb2.db
2024-04-24T00:49:16,805  INFO [main] metadata.Hive: Dumping metastore api call timing information for : execution phase
2024-04-24T00:49:16,805  INFO [main] metadata.Hive: Total time spent in each metastore function (ms): {isCompatibleWith_(Configuration)=0, createDatabase_(Database)=8}
2024-04-24T00:49:16,805  INFO [main] ql.Driver: Completed executing command(queryId=alex_20240424004916_76f8af8a-0e55-48c0-8136-ef3e29266ce9); Time taken: 0.009 seconds
2024-04-24T00:49:16,805  INFO [main] lockmgr.DbTxnManager: Stopped heartbeat for query: alex_20240424004916_76f8af8a-0e55-48c0-8136-ef3e29266ce9
2024-04-24T00:49:16,812  INFO [main] txn.TxnHandler: Expected to move at least one record from txn_components to completed_txn_components when committing txn! txnid:16
2024-04-24T00:49:16,819  INFO [main] txn.TxnHandler: Removed transactions: ([16]) from MIN_HISTORY_LEVEL
2024-04-24T00:49:16,819  WARN [main] txn.CompactionTxnHandler: No compaction queue record found for Compaction type transaction commit. txnId:16
2024-04-24T00:49:16,820  INFO [main] ql.TxnCommandsBaseForTests: Running the query: create table mydb1.T(a int, b int) stored as orc
2024-04-24T00:49:16,820  INFO [main] ql.Driver: Compiling command(queryId=alex_20240424004916_148e2bce-b0cd-4da9-9cbb-2294eb630f39): create table mydb1.T(a int, b int) stored as orc
2024-04-24T00:49:16,823  INFO [main] txn.TxnHandler: Added entries to MIN_HISTORY_LEVEL for current txns: ([17]) with min_open_txn: 1
2024-04-24T00:49:16,823  INFO [main] lockmgr.DbTxnManager: Opened txnid:17
2024-04-24T00:49:16,825  INFO [main] parse.CalcitePlanner: Starting caching scope for: 
2024-04-24T00:49:16,825  INFO [main] parse.CalcitePlanner: Starting Semantic Analysis
2024-04-24T00:49:16,833  INFO [main] parse.CalcitePlanner: Creating table mydb1.T position=13
2024-04-24T00:49:16,833  INFO [main] parse.CalcitePlanner: Automatically chose to make mydb1.T acid.
2024-04-24T00:49:16,833  INFO [main] HiveMetaStore.audit: ugi=alex	ip=unknown-ip-addr	cmd=get_database: mydb1	
2024-04-24T00:49:16,837  INFO [main] parse.CalcitePlanner: Ending caching scope for: 
2024-04-24T00:49:16,837  INFO [main] ql.Driver: Semantic Analysis Completed (retrial = false)
2024-04-24T00:49:16,837  INFO [main] ql.Driver: Created Hive schema: Schema(fieldSchemas:null, properties:null)
2024-04-24T00:49:16,838  INFO [main] metadata.Hive: Dumping metastore api call timing information for : compilation phase
2024-04-24T00:49:16,838  INFO [main] metadata.Hive: Total time spent in each metastore function (ms): {getDatabase_(String)=4, getValidWriteIds_(List, String)=8, commitTxn_(CommitTxnRequest)=14, openTxn_(String, TxnType)=2, flushCache_()=0, isCompatibleWith_(Configuration)=1, getValidTxns_(long)=1}
2024-04-24T00:49:16,838  INFO [main] ql.Driver: Completed compiling command(queryId=alex_20240424004916_148e2bce-b0cd-4da9-9cbb-2294eb630f39); Time taken: 0.018 seconds
2024-04-24T00:49:16,838  INFO [main] lockmgr.DbTxnManager: Setting lock request transaction to txnid:17 for queryId=alex_20240424004916_148e2bce-b0cd-4da9-9cbb-2294eb630f39
2024-04-24T00:49:16,839  INFO [main] lockmgr.DbLockManager: Requesting lock for queryId=alex_20240424004916_148e2bce-b0cd-4da9-9cbb-2294eb630f39
2024-04-24T00:49:16,861  INFO [main] lockmgr.DbLockManager: Response to queryId=alex_20240424004916_148e2bce-b0cd-4da9-9cbb-2294eb630f39 LockResponse(lockid:7, state:ACQUIRED)
2024-04-24T00:49:16,861  INFO [main] ql.Driver: Operation CREATETABLE obtained 1 locks
2024-04-24T00:49:16,862  INFO [main] ql.Driver: Executing command(queryId=alex_20240424004916_148e2bce-b0cd-4da9-9cbb-2294eb630f39): create table mydb1.T(a int, b int) stored as orc
2024-04-24T00:49:16,863  INFO [main] ql.Driver: Starting task [Stage-0:DDL] in serial mode
2024-04-24T00:49:16,864  INFO [main] HiveMetaStore.audit: ugi=alex	ip=unknown-ip-addr	cmd=create_table_req: Table(tableName:T, dbName:mydb1, owner:alex, createTime:1713944956, lastAccessTime:0, retention:0, sd:StorageDescriptor(cols:[FieldSchema(name:a, type:int, comment:null), FieldSchema(name:b, type:int, comment:null)], location:null, inputFormat:org.apache.hadoop.hive.ql.io.orc.OrcInputFormat, outputFormat:org.apache.hadoop.hive.ql.io.orc.OrcOutputFormat, compressed:false, numBuckets:-1, serdeInfo:SerDeInfo(name:null, serializationLib:org.apache.hadoop.hive.ql.io.orc.OrcSerde, parameters:{serialization.format=1}), bucketCols:[], sortCols:[], parameters:{}, skewedInfo:SkewedInfo(skewedColNames:[], skewedColValues:[], skewedColValueLocationMaps:{}), storedAsSubDirectories:false), partitionKeys:[], parameters:{transactional=true, bucketing_version=2, numFilesErasureCoded=0, numRows=0, transactional_properties=default, totalSize=0, rawDataSize=0, COLUMN_STATS_ACCURATE={"BASIC_STATS":"true","COLUMN_STATS":{"a":"true","b":"true"}}, numFiles=0}, viewOriginalText:null, viewExpandedText:null, tableType:MANAGED_TABLE, privileges:PrincipalPrivilegeSet(userPrivileges:{alex=[PrivilegeGrantInfo(privilege:INSERT, createTime:-1, grantor:alex, grantorType:USER, grantOption:true), PrivilegeGrantInfo(privilege:SELECT, createTime:-1, grantor:alex, grantorType:USER, grantOption:true), PrivilegeGrantInfo(privilege:UPDATE, createTime:-1, grantor:alex, grantorType:USER, grantOption:true), PrivilegeGrantInfo(privilege:DELETE, createTime:-1, grantor:alex, grantorType:USER, grantOption:true)]}, groupPrivileges:null, rolePrivileges:null), temporary:false, catName:hive, ownerType:USER, writeId:0)	
2024-04-24T00:49:16,874  INFO [main] utils.FileUtils: Creating directory if it doesn't exist: file:/home/alex/Repositories/hive/ql/target/tmp/org.apache.hadoop.hive.ql.TestTxnCommands3-1713944903826/warehouse/mydb1.db/t
2024-04-24T00:49:16,909  INFO [main] metadata.Hive: Dumping metastore api call timing information for : execution phase
2024-04-24T00:49:16,909  INFO [main] metadata.Hive: Total time spent in each metastore function (ms): {createTable_(Table)=45, isCompatibleWith_(Configuration)=0}
2024-04-24T00:49:16,910  INFO [main] ql.Driver: Completed executing command(queryId=alex_20240424004916_148e2bce-b0cd-4da9-9cbb-2294eb630f39); Time taken: 0.047 seconds
2024-04-24T00:49:16,910  INFO [main] lockmgr.DbTxnManager: Stopped heartbeat for query: alex_20240424004916_148e2bce-b0cd-4da9-9cbb-2294eb630f39
2024-04-24T00:49:16,914  INFO [main] txn.TxnHandler: Expected to move at least one record from txn_components to completed_txn_components when committing txn! txnid:17
2024-04-24T00:49:16,922  INFO [main] txn.TxnHandler: Removed transactions: ([17]) from MIN_HISTORY_LEVEL
2024-04-24T00:49:16,922  WARN [main] txn.CompactionTxnHandler: No compaction queue record found for Compaction type transaction commit. txnId:17
2024-04-24T00:49:16,923  INFO [main] ql.TxnCommandsBaseForTests: Running the query: insert into mydb1.T values(1,2),(4,5)
2024-04-24T00:49:16,923  INFO [main] ql.Driver: Compiling command(queryId=alex_20240424004916_39ba3aa3-48b7-4ebc-a5e5-437039ba738d): insert into mydb1.T values(1,2),(4,5)
2024-04-24T00:49:16,926  INFO [main] txn.TxnHandler: Added entries to MIN_HISTORY_LEVEL for current txns: ([18]) with min_open_txn: 1
2024-04-24T00:49:16,926  INFO [main] lockmgr.DbTxnManager: Opened txnid:18
2024-04-24T00:49:16,927  INFO [main] parse.CalcitePlanner: Starting caching scope for: 
2024-04-24T00:49:16,927  INFO [main] parse.CalcitePlanner: Starting Semantic Analysis
2024-04-24T00:49:16,931  INFO [main] HiveMetaStore.audit: ugi=alex	ip=unknown-ip-addr	cmd=get_table : tbl=hive.mydb1.T	
2024-04-24T00:49:16,955  INFO [main] metastore.HMSHandler: Skipping translation for processor with null
2024-04-24T00:49:16,956  INFO [main] parse.CalcitePlanner: Completed phase 1 of Semantic Analysis
2024-04-24T00:49:16,956  INFO [main] parse.CalcitePlanner: Get metadata for source tables
2024-04-24T00:49:16,956  INFO [main] parse.CalcitePlanner: Get metadata for subqueries
2024-04-24T00:49:16,956  INFO [main] parse.CalcitePlanner: Get metadata for destination tables
2024-04-24T00:49:16,956  INFO [main] HiveMetaStore.audit: ugi=alex	ip=unknown-ip-addr	cmd=get_table : tbl=hive.mydb1.T	
2024-04-24T00:49:16,964  INFO [main] metastore.HMSHandler: Skipping translation for processor with null
2024-04-24T00:49:16,964  INFO [main] parse.CalcitePlanner: Completed getting MetaData in Semantic Analysis
2024-04-24T00:49:16,964  INFO [main] parse.CalcitePlanner: Disabling LLAP IO encode as ETL query is detected
2024-04-24T00:49:16,989  INFO [main] HiveMetaStore.audit: ugi=alex	ip=unknown-ip-addr	cmd=get_all_table_constraints : tbl=hive._dummy_database._dummy_table	
2024-04-24T00:49:17,091  INFO [main] parse.CalcitePlanner: Get metadata for source tables
2024-04-24T00:49:17,091  INFO [main] parse.CalcitePlanner: Get metadata for subqueries
2024-04-24T00:49:17,091  INFO [main] parse.CalcitePlanner: Get metadata for source tables
2024-04-24T00:49:17,093  INFO [main] HiveMetaStore.audit: ugi=alex	ip=unknown-ip-addr	cmd=get_table : tbl=hive._dummy_database._dummy_table	
2024-04-24T00:49:17,096  INFO [main] parse.CalcitePlanner: Get metadata for subqueries
2024-04-24T00:49:17,096  INFO [main] parse.CalcitePlanner: Get metadata for destination tables
2024-04-24T00:49:17,096  INFO [main] parse.CalcitePlanner: Get metadata for destination tables
2024-04-24T00:49:17,096  INFO [main] HiveMetaStore.audit: ugi=alex	ip=unknown-ip-addr	cmd=get_table : tbl=hive.mydb1.T	
2024-04-24T00:49:17,105  INFO [main] metastore.HMSHandler: Skipping translation for processor with null
2024-04-24T00:49:17,108  INFO [main] HiveMetaStore.audit: ugi=alex	ip=unknown-ip-addr	cmd=get_not_null_constraints : tbl=hive.mydb1.t	
2024-04-24T00:49:17,110  INFO [main] HiveMetaStore.audit: ugi=alex	ip=unknown-ip-addr	cmd=get_check_constraints : tbl=hive.mydb1.t	
2024-04-24T00:49:17,120  INFO [main] txn.TxnHandler: Allocated writeId: 1 for txnId: 18
2024-04-24T00:49:17,121  INFO [main] txn.TxnHandler: Allocated write ids for dbName=mydb1, tblName=t (txnIds: [18])
2024-04-24T00:49:17,131  INFO [main] parse.CalcitePlanner: CBO Succeeded; optimized logical plan.
2024-04-24T00:49:17,135  INFO [main] optimizer.BucketVersionPopulator: not considering bucketingVersion for: TS[0] because it has -1<2 buckets 
2024-04-24T00:49:17,136  INFO [main] optimizer.SortedDynPartitionOptimizer: Sorted dynamic partitioning optimization kicked in..
2024-04-24T00:49:17,146  INFO [main] HiveMetaStore.audit: ugi=alex	ip=unknown-ip-addr	cmd=get_table : tbl=hive.mydb1.t	
2024-04-24T00:49:17,155  INFO [main] metastore.HMSHandler: Skipping translation for processor with null
2024-04-24T00:49:17,156  INFO [main] physical.Vectorizer: Examining input format to see if vectorization is enabled.
2024-04-24T00:49:17,157  INFO [main] physical.Vectorizer: Map vectorization enabled: false
2024-04-24T00:49:17,157  INFO [main] physical.Vectorizer: Map vectorized: false
2024-04-24T00:49:17,157  INFO [main] physical.Vectorizer: Map vectorizedVertexNum: 0
2024-04-24T00:49:17,157  INFO [main] physical.Vectorizer: Map enabledConditionsMet: [hive.vectorized.use.vectorized.input.format IS true]
2024-04-24T00:49:17,157  INFO [main] physical.Vectorizer: Map enabledConditionsNotMet: [Could not enable vectorization due to partition column names size 1 is greater than the number of table column names size 0 IS false]
2024-04-24T00:49:17,157  INFO [main] physical.Vectorizer: Map inputFileFormatClassNameSet: [org.apache.hadoop.hive.ql.io.NullRowsInputFormat]
2024-04-24T00:49:17,157  INFO [main] parse.CalcitePlanner: Completed plan generation
2024-04-24T00:49:17,157  INFO [main] parse.CalcitePlanner: Ending caching scope for: 
2024-04-24T00:49:17,169  INFO [main] ql.Driver: Semantic Analysis Completed (retrial = false)
2024-04-24T00:49:17,170  INFO [main] ql.Driver: Created Hive schema: Schema(fieldSchemas:[FieldSchema(name:col1, type:int, comment:null), FieldSchema(name:col2, type:int, comment:null)], properties:null)
2024-04-24T00:49:17,170  INFO [main] metadata.Hive: Dumping metastore api call timing information for : compilation phase
2024-04-24T00:49:17,170  INFO [main] metadata.Hive: Total time spent in each metastore function (ms): {isCompatibleWith_(Configuration)=1, flushCache_()=0, getValidTxns_(long)=0, openTxn_(String, TxnType)=2, getNotNullConstraints_(NotNullConstraintsRequest)=2, getCheckConstraints_(CheckConstraintsRequest)=2, getTable_(GetTableRequest)=52, allocateTableWriteId_(long, String, String)=18, commitTxn_(CommitTxnRequest)=12, getValidWriteIds_(List, String)=5, getAllTableConstraints_(AllTableConstraintsRequest)=43}
2024-04-24T00:49:17,170  INFO [main] ql.Driver: Completed compiling command(queryId=alex_20240424004916_39ba3aa3-48b7-4ebc-a5e5-437039ba738d); Time taken: 0.247 seconds
2024-04-24T00:49:17,171  INFO [main] lockmgr.DbTxnManager: Setting lock request transaction to txnid:18 for queryId=alex_20240424004916_39ba3aa3-48b7-4ebc-a5e5-437039ba738d
2024-04-24T00:49:17,171  INFO [main] lockmgr.DbLockManager: Requesting lock for queryId=alex_20240424004916_39ba3aa3-48b7-4ebc-a5e5-437039ba738d
2024-04-24T00:49:17,192  INFO [main] lockmgr.DbLockManager: Response to queryId=alex_20240424004916_39ba3aa3-48b7-4ebc-a5e5-437039ba738d LockResponse(lockid:8, state:ACQUIRED)
2024-04-24T00:49:17,192  INFO [main] ql.Driver: Operation QUERY obtained 1 locks
2024-04-24T00:49:17,195  INFO [main] ql.Driver: Executing command(queryId=alex_20240424004916_39ba3aa3-48b7-4ebc-a5e5-437039ba738d): insert into mydb1.T values(1,2),(4,5)
2024-04-24T00:49:17,196  WARN [main] ql.Driver: Hive-on-MR is deprecated in Hive 2 and may not be available in the future versions. Consider using a different execution engine (i.e. tez, spark) or using Hive 1.X releases.
Query ID = alex_20240424004916_39ba3aa3-48b7-4ebc-a5e5-437039ba738d
2024-04-24T00:49:17,196  INFO [main] ql.Driver: Query ID = alex_20240424004916_39ba3aa3-48b7-4ebc-a5e5-437039ba738d
Total jobs = 1
2024-04-24T00:49:17,196  INFO [main] ql.Driver: Total jobs = 1
Launching Job 1 out of 1
2024-04-24T00:49:17,196  INFO [main] ql.Driver: Launching Job 1 out of 1
2024-04-24T00:49:17,358  INFO [main] ql.Driver: Starting task [Stage-1:MAPRED] in serial mode
Number of reduce tasks is set to 0 since there's no reduce operator
2024-04-24T00:49:17,358  INFO [main] exec.Task: Number of reduce tasks is set to 0 since there's no reduce operator
2024-04-24T00:49:17,361  INFO [main] mr.ExecDriver: Using org.apache.hadoop.hive.ql.io.HiveInputFormat
2024-04-24T00:49:17,361  INFO [main] exec.Utilities: Processing alias $hdt$_0:_dummy_table
2024-04-24T00:49:17,361  INFO [main] exec.Utilities: Adding 1 inputs; the first input is file:/home/alex/Repositories/hive/ql/target/tmp/localscratchdir/13779e5a-0b3a-45cb-bb28-f6d5dd6beac1/hive_2024-04-24_00-49-16_923_78567640513680311-1/dummy_path
2024-04-24T00:49:17,372  INFO [main] exec.SerializationUtilities: Serializing MapWork using kryo
2024-04-24T00:49:17,374  INFO [main] exec.Utilities: Serialized plan (via FILE) - name: null size: 5,73KB
2024-04-24T00:49:17,375  WARN [main] impl.MetricsSystemImpl: JobTracker metrics system already initialized!
2024-04-24T00:49:17,381  INFO [main] fs.FSStatsPublisher: created : file:/home/alex/Repositories/hive/ql/target/tmp/localscratchdir/13779e5a-0b3a-45cb-bb28-f6d5dd6beac1/hive_2024-04-24_00-49-16_923_78567640513680311-1/-mr-10000
2024-04-24T00:49:17,384  WARN [main] impl.MetricsSystemImpl: JobTracker metrics system already initialized!
2024-04-24T00:49:17,397  WARN [main] mapreduce.JobResourceUploader: Hadoop command-line option parsing not performed. Implement the Tool interface and execute your application with ToolRunner to remedy this.
2024-04-24T00:49:17,402  WARN [main] mapreduce.JobResourceUploader: No job jar file set.  User classes may not be found. See Job or Job#setJar(String).
2024-04-24T00:49:17,404  INFO [main] io.HiveInputFormat: hive.io.file.readcolumn.ids = 
2024-04-24T00:49:17,404  INFO [main] io.HiveInputFormat: hive.io.file.readcolumn.names = 
2024-04-24T00:49:17,404  INFO [main] io.HiveInputFormat: Generating splits for dirs: file:/home/alex/Repositories/hive/ql/target/tmp/localscratchdir/13779e5a-0b3a-45cb-bb28-f6d5dd6beac1/hive_2024-04-24_00-49-16_923_78567640513680311-1/dummy_path
2024-04-24T00:49:17,404  INFO [main] io.HiveInputFormat: number of splits 1
2024-04-24T00:49:17,425  INFO [main] mapreduce.JobSubmitter: number of splits:1
2024-04-24T00:49:17,452  INFO [main] mapreduce.JobSubmitter: Submitting tokens for job: job_local1245109124_0014
2024-04-24T00:49:17,452  INFO [main] mapreduce.JobSubmitter: Executing with tokens: []
2024-04-24T00:49:17,532  INFO [main] mapreduce.Job: The url to track the job: http://localhost:8080/
Job running in-process (local Hadoop)
2024-04-24T00:49:17,532  INFO [main] exec.Task: Job running in-process (local Hadoop)
2024-04-24T00:49:17,533  INFO [Thread-984] mapred.LocalJobRunner: OutputCommitter set in config org.apache.hadoop.hive.ql.io.HiveFileFormatUtils$NullOutputCommitter
2024-04-24T00:49:17,533  INFO [Thread-984] mapred.LocalJobRunner: OutputCommitter is org.apache.hadoop.hive.ql.io.HiveFileFormatUtils$NullOutputCommitter
2024-04-24T00:49:17,535  INFO [Thread-984] mapred.LocalJobRunner: Waiting for map tasks
2024-04-24T00:49:17,536  INFO [LocalJobRunner Map Task Executor #0] mapred.LocalJobRunner: Starting task: attempt_local1245109124_0014_m_000000_0
2024-04-24T00:49:17,547  INFO [LocalJobRunner Map Task Executor #0] mapred.Task:  Using ResourceCalculatorProcessTree : [ ]
2024-04-24T00:49:17,548  INFO [LocalJobRunner Map Task Executor #0] mapred.MapTask: Processing split: org.apache.hadoop.hive.ql.io.NullRowsInputFormat:file:/home/alex/Repositories/hive/ql/target/tmp/localscratchdir/13779e5a-0b3a-45cb-bb28-f6d5dd6beac1/hive_2024-04-24_00-49-16_923_78567640513680311-1/dummy_path/null:0+1
2024-04-24T00:49:17,552  INFO [LocalJobRunner Map Task Executor #0] exec.SerializationUtilities: Deserializing MapWork using kryo
2024-04-24T00:49:17,553  INFO [LocalJobRunner Map Task Executor #0] exec.Utilities: Deserialized plan (via FILE) - name: null size: 5,73KB
2024-04-24T00:49:17,554  INFO [LocalJobRunner Map Task Executor #0] mapred.MapTask: numReduceTasks: 0
2024-04-24T00:49:17,557  INFO [LocalJobRunner Map Task Executor #0] exec.MapOperator: Initializing Operator: MAP[0]
2024-04-24T00:49:17,558  INFO [LocalJobRunner Map Task Executor #0] mr.ExecMapper: 
<MAP>Id =0
  <Children>null
  <\Children>
  <Parent><\Parent>
<\MAP>
2024-04-24T00:49:17,560  INFO [LocalJobRunner Map Task Executor #0] exec.TableScanOperator: Initializing Operator: TS[0]
2024-04-24T00:49:17,560  INFO [LocalJobRunner Map Task Executor #0] exec.SelectOperator: Initializing Operator: SEL[1]
2024-04-24T00:49:17,560  INFO [LocalJobRunner Map Task Executor #0] exec.SelectOperator: SELECT null
2024-04-24T00:49:17,560  INFO [LocalJobRunner Map Task Executor #0] exec.UDTFOperator: Initializing Operator: UDTF[2]
2024-04-24T00:49:17,560  INFO [LocalJobRunner Map Task Executor #0] exec.SelectOperator: Initializing Operator: SEL[3]
2024-04-24T00:49:17,561  INFO [LocalJobRunner Map Task Executor #0] exec.SelectOperator: SELECT struct<col1:int,col2:int>
2024-04-24T00:49:17,561  INFO [LocalJobRunner Map Task Executor #0] exec.FileSinkOperator: Initializing Operator: FS[4]
2024-04-24T00:49:17,561  INFO [LocalJobRunner Map Task Executor #0] exec.FileSinkOperator: Using serializer : AbstractSerDe [log=org.apache.logging.slf4j.Log4jLogger@7cecb575, configuration=Optional[Configuration: core-default.xml, core-site.xml, mapred-default.xml, mapred-site.xml, yarn-default.xml, yarn-site.xml, hdfs-default.xml, hdfs-site.xml, file:/home/alex/Repositories/hive/ql/target/tmp/TestTxnCommands3/mapred/local/localRunner/alex/job_local1245109124_0014/job_local1245109124_0014.xml], properties={transactional_properties=default, name=mydb1.t, transactional=true, columns.types=int:int, columns=a,b, numFilesErasureCoded=0, columns.comments=&amp#0;, bucketing_version=2, serialization.lib=org.apache.hadoop.hive.ql.io.orc.OrcSerde, file.inputformat=org.apache.hadoop.hive.ql.io.orc.OrcInputFormat, file.outputformat=org.apache.hadoop.hive.ql.io.orc.OrcOutputFormat, location=file:/home/alex/Repositories/hive/ql/target/tmp/org.apache.hadoop.hive.ql.TestTxnCommands3-1713944903826/warehouse/mydb1.db/t, column.name.delimiter=,}, tableProperties={transactional_properties=default, name=mydb1.t, transactional=true, columns.types=int:int, columns=a,b, numFilesErasureCoded=0, columns.comments=&amp#0;, bucketing_version=2, serialization.lib=org.apache.hadoop.hive.ql.io.orc.OrcSerde, file.inputformat=org.apache.hadoop.hive.ql.io.orc.OrcInputFormat, location=file:/home/alex/Repositories/hive/ql/target/tmp/org.apache.hadoop.hive.ql.TestTxnCommands3-1713944903826/warehouse/mydb1.db/t, file.outputformat=org.apache.hadoop.hive.ql.io.orc.OrcOutputFormat, column.name.delimiter=,}, partitionProperties=Optional.empty, columnNames=[a, b], columnTypes=[int, int], getClass()=class org.apache.hadoop.hive.ql.io.orc.OrcSerde] and formatter : org.apache.hadoop.hive.ql.io.orc.OrcOutputFormat@27666cb8
2024-04-24T00:49:17,562  INFO [LocalJobRunner Map Task Executor #0] exec.FileSinkOperator: Final Path: FS file:/home/alex/Repositories/hive/ql/target/tmp/org.apache.hadoop.hive.ql.TestTxnCommands3-1713944903826/warehouse/mydb1.db/t
2024-04-24T00:49:17,562  INFO [LocalJobRunner Map Task Executor #0] exec.FileSinkOperator: New Final Path: FS file:/home/alex/Repositories/hive/ql/target/tmp/org.apache.hadoop.hive.ql.TestTxnCommands3-1713944903826/warehouse/mydb1.db/t
2024-04-24T00:49:17,562  INFO [LocalJobRunner Map Task Executor #0] common.FileUtils: Creating directory if it doesn't exist: file:/home/alex/Repositories/hive/ql/target/tmp/org.apache.hadoop.hive.ql.TestTxnCommands3-1713944903826/warehouse/mydb1.db
2024-04-24T00:49:17,573  INFO [LocalJobRunner Map Task Executor #0] exec.FileSinkOperator: FS[4]: records written - 1
2024-04-24T00:49:17,573  INFO [LocalJobRunner Map Task Executor #0] impl.PhysicalFsWriter: ORC writer created for path: file:/home/alex/Repositories/hive/ql/target/tmp/org.apache.hadoop.hive.ql.TestTxnCommands3-1713944903826/warehouse/mydb1.db/t/delta_0000001_0000001_0000/bucket_00000_0 with stripeSize: 8388608 blockSize: 268435456 compression: Compress: ZLIB buffer: 32768
2024-04-24T00:49:17,621  INFO [LocalJobRunner Map Task Executor #0] impl.WriterImpl: ORC writer created for path: file:/home/alex/Repositories/hive/ql/target/tmp/org.apache.hadoop.hive.ql.TestTxnCommands3-1713944903826/warehouse/mydb1.db/t/delta_0000001_0000001_0000/bucket_00000_0 with stripeSize: 8388608 options: Compress: ZLIB buffer: 32768
2024-04-24T00:49:17,628  INFO [LocalJobRunner Map Task Executor #0] exec.MapOperator: MAP[0]: records read - 1
2024-04-24T00:49:17,628  INFO [LocalJobRunner Map Task Executor #0] exec.MapOperator: Closing Operator: MAP[0]
2024-04-24T00:49:17,628  INFO [LocalJobRunner Map Task Executor #0] exec.MapOperator: MAP[0]: Total records read - 3. abort - false
2024-04-24T00:49:17,629  INFO [LocalJobRunner Map Task Executor #0] exec.MapOperator: RECORDS_OUT_INTERMEDIATE:0, RECORDS_IN:3, DESERIALIZE_ERRORS:0, RECORDS_OUT_OPERATOR_MAP_0:0, 
2024-04-24T00:49:17,629  INFO [LocalJobRunner Map Task Executor #0] exec.TableScanOperator: Closing Operator: TS[0]
2024-04-24T00:49:17,629  INFO [LocalJobRunner Map Task Executor #0] exec.TableScanOperator: RECORDS_OUT_INTERMEDIATE:0, RECORDS_OUT_OPERATOR_TS_0:1, 
2024-04-24T00:49:17,629  INFO [LocalJobRunner Map Task Executor #0] exec.SelectOperator: Closing Operator: SEL[1]
2024-04-24T00:49:17,629  INFO [LocalJobRunner Map Task Executor #0] exec.SelectOperator: RECORDS_OUT_OPERATOR_SEL_1:1, RECORDS_OUT_INTERMEDIATE:0, 
2024-04-24T00:49:17,629  INFO [LocalJobRunner Map Task Executor #0] exec.UDTFOperator: Closing Operator: UDTF[2]
2024-04-24T00:49:17,629  INFO [LocalJobRunner Map Task Executor #0] exec.UDTFOperator: RECORDS_OUT_OPERATOR_UDTF_2:2, RECORDS_OUT_INTERMEDIATE:0, 
2024-04-24T00:49:17,629  INFO [LocalJobRunner Map Task Executor #0] exec.SelectOperator: Closing Operator: SEL[3]
2024-04-24T00:49:17,629  INFO [LocalJobRunner Map Task Executor #0] exec.SelectOperator: RECORDS_OUT_INTERMEDIATE:0, RECORDS_OUT_OPERATOR_SEL_3:2, 
2024-04-24T00:49:17,629  INFO [LocalJobRunner Map Task Executor #0] exec.FileSinkOperator: Closing Operator: FS[4]
2024-04-24T00:49:17,629  INFO [LocalJobRunner Map Task Executor #0] exec.FileSinkOperator: FS[4]: records written - 2
2024-04-24T00:49:17,633  INFO [LocalJobRunner Map Task Executor #0] FileOperations: Writing manifest to file:/home/alex/Repositories/hive/ql/target/tmp/org.apache.hadoop.hive.ql.TestTxnCommands3-1713944903826/warehouse/mydb1.db/t/_tmp.delta_0000001_0000001_0000/000000_0.manifest with [file:/home/alex/Repositories/hive/ql/target/tmp/org.apache.hadoop.hive.ql.TestTxnCommands3-1713944903826/warehouse/mydb1.db/t/delta_0000001_0000001_0000/bucket_00000_0]
2024-04-24T00:49:17,649  INFO [LocalJobRunner Map Task Executor #0] exec.FileSinkOperator: TOTAL_TABLE_ROWS_WRITTEN:2, RECORDS_OUT_OPERATOR_FS_4:2, RECORDS_OUT_INTERMEDIATE:0, RECORDS_OUT_1_mydb1.t:2, 
2024-04-24T00:49:17,651  INFO [LocalJobRunner Map Task Executor #0] mapred.LocalJobRunner: 
2024-04-24T00:49:17,654  INFO [LocalJobRunner Map Task Executor #0] mapred.Task: Task:attempt_local1245109124_0014_m_000000_0 is done. And is in the process of committing
2024-04-24T00:49:17,655  INFO [LocalJobRunner Map Task Executor #0] mapred.LocalJobRunner: map
2024-04-24T00:49:17,655  INFO [LocalJobRunner Map Task Executor #0] mapred.Task: Task 'attempt_local1245109124_0014_m_000000_0' done.
2024-04-24T00:49:17,655  INFO [LocalJobRunner Map Task Executor #0] mapred.Task: Final Counters for attempt_local1245109124_0014_m_000000_0: Counters: 27
	File System Counters
		FILE: Number of bytes read=232436
		FILE: Number of bytes written=16491028
		FILE: Number of read operations=0
		FILE: Number of large read operations=0
		FILE: Number of write operations=0
	Map-Reduce Framework
		Map input records=4
		Map output records=0
		Input split bytes=359
		Spilled Records=0
		Failed Shuffles=0
		Merged Map outputs=0
		GC time elapsed (ms)=0
		Total committed heap usage (bytes)=1128267776
	HIVE
		CREATED_FILES=1
		DESERIALIZE_ERRORS=0
		RECORDS_IN=3
		RECORDS_OUT_1_mydb1.t=2
		RECORDS_OUT_INTERMEDIATE=0
		RECORDS_OUT_OPERATOR_FS_4=2
		RECORDS_OUT_OPERATOR_MAP_0=0
		RECORDS_OUT_OPERATOR_SEL_1=1
		RECORDS_OUT_OPERATOR_SEL_3=2
		RECORDS_OUT_OPERATOR_TS_0=1
		RECORDS_OUT_OPERATOR_UDTF_2=2
		TOTAL_TABLE_ROWS_WRITTEN=2
	File Input Format Counters 
		Bytes Read=5787
	File Output Format Counters 
		Bytes Written=0
2024-04-24T00:49:17,655  INFO [LocalJobRunner Map Task Executor #0] mapred.LocalJobRunner: Finishing task: attempt_local1245109124_0014_m_000000_0
2024-04-24T00:49:17,655  INFO [Thread-984] mapred.LocalJobRunner: map task executor complete.
2024-04-24 00:49:18,535 Stage-1 map = 100%,  reduce = 0%
2024-04-24T00:49:18,535  INFO [main] exec.Task: 2024-04-24 00:49:18,535 Stage-1 map = 100%,  reduce = 0%
Ended Job = job_local1245109124_0014
2024-04-24T00:49:18,537  INFO [main] exec.Task: Ended Job = job_local1245109124_0014
2024-04-24T00:49:18,538  INFO [main] FileOperations: Found manifest file file:/home/alex/Repositories/hive/ql/target/tmp/org.apache.hadoop.hive.ql.TestTxnCommands3-1713944903826/warehouse/mydb1.db/t/_tmp.delta_0000001_0000001_0000/000000_0.manifest with attemptId 0.
2024-04-24T00:49:18,538  INFO [main] FileOperations: Looking at manifest file: file:/home/alex/Repositories/hive/ql/target/tmp/org.apache.hadoop.hive.ql.TestTxnCommands3-1713944903826/warehouse/mydb1.db/t/_tmp.delta_0000001_0000001_0000/000000_0.manifest
2024-04-24T00:49:18,539  INFO [main] FileOperations: Deleting manifest directory file:/home/alex/Repositories/hive/ql/target/tmp/org.apache.hadoop.hive.ql.TestTxnCommands3-1713944903826/warehouse/mydb1.db/t/_tmp.delta_0000001_0000001_0000
2024-04-24T00:49:18,540  INFO [main] ql.Driver: Starting task [Stage-0:MOVE] in serial mode
Loading data to table mydb1.t
2024-04-24T00:49:18,540  INFO [main] exec.Task: Loading data to table mydb1.t from file:/home/alex/Repositories/hive/ql/target/tmp/org.apache.hadoop.hive.ql.TestTxnCommands3-1713944903826/warehouse/mydb1.db/t
2024-04-24T00:49:18,541  INFO [main] HiveMetaStore.audit: ugi=alex	ip=unknown-ip-addr	cmd=get_table : tbl=hive.mydb1.t	
2024-04-24T00:49:18,553  INFO [main] metastore.HMSHandler: Skipping translation for processor with null
2024-04-24T00:49:18,554  INFO [main] HiveMetaStore.audit: ugi=alex	ip=unknown-ip-addr	cmd=get_table : tbl=hive.mydb1.t	
2024-04-24T00:49:18,566  INFO [main] metastore.HMSHandler: Skipping translation for processor with null
2024-04-24T00:49:18,568  INFO [main] HiveMetaStore.audit: ugi=alex	ip=unknown-ip-addr	cmd=alter_table: hive.mydb1.t newtbl=t	
2024-04-24T00:49:18,603  INFO [main] ql.Driver: Starting task [Stage-2:STATS] in serial mode
2024-04-24T00:49:18,603  INFO [main] HiveMetaStore.audit: ugi=alex	ip=unknown-ip-addr	cmd=get_table : tbl=hive.mydb1.t	
2024-04-24T00:49:18,612  INFO [main] metastore.HMSHandler: Skipping translation for processor with null
2024-04-24T00:49:18,612  INFO [main] stats.BasicStatsTask: Executing stats task
2024-04-24T00:49:18,612  INFO [main] fs.FSStatsPublisher: created : file:/home/alex/Repositories/hive/ql/target/tmp/localscratchdir/13779e5a-0b3a-45cb-bb28-f6d5dd6beac1/hive_2024-04-24_00-49-16_923_78567640513680311-1/-mr-10000
2024-04-24T00:49:18,614  INFO [main] HiveMetaStore.audit: ugi=alex	ip=unknown-ip-addr	cmd=get_table : tbl=hive.mydb1.t	
2024-04-24T00:49:18,622  INFO [main] metastore.HMSHandler: Skipping translation for processor with null
2024-04-24T00:49:18,632  WARN [main] FileOperations: Computing stats for an ACID table; stats may be inaccurate
2024-04-24T00:49:18,632  INFO [main] FileOperations: Read stats for mydb1.t/, numRows, true, 2, false: 
2024-04-24T00:49:18,632  INFO [main] FileOperations: Read stats for mydb1.t/, rawDataSize, true, 0, false: 
2024-04-24T00:49:18,633  INFO [main] HiveMetaStore.audit: ugi=alex	ip=unknown-ip-addr	cmd=alter_table: hive.mydb1.t newtbl=t	
2024-04-24T00:49:18,659  INFO [main] FileOperations: Read stats for mydb1.t/, insertCount, true, 2, false: 
2024-04-24T00:49:18,659  INFO [main] FileOperations: Read stats for mydb1.t/, updateCount, true, 0, false: 
2024-04-24T00:49:18,659  INFO [main] FileOperations: Read stats for mydb1.t/, deleteCount, true, 0, false: 
2024-04-24T00:49:18,662  INFO [main] stats.BasicStatsTask: Table mydb1.t stats: [numFiles=1, numRows=2, totalSize=687, rawDataSize=0, numFilesErasureCoded=0]
2024-04-24T00:49:18,662  INFO [main] metadata.Hive: Dumping metastore api call timing information for : execution phase
2024-04-24T00:49:18,663  INFO [main] metadata.Hive: Total time spent in each metastore function (ms): {updateTransactionalStatistics_(UpdateTransactionalStatsRequest)=3, getTable_(GetTableRequest)=43, isCompatibleWith_(Configuration)=0, alter_table_(String, String, String, Table, EnvironmentContext, String)=63}
MapReduce Jobs Launched: 
2024-04-24T00:49:18,663  INFO [main] ql.Driver: MapReduce Jobs Launched: 
Stage-Stage-1:  HDFS Read: 0 HDFS Write: 0 SUCCESS
2024-04-24T00:49:18,663  INFO [main] ql.Driver: Stage-Stage-1:  HDFS Read: 0 HDFS Write: 0 SUCCESS
Total MapReduce CPU Time Spent: 0 msec
2024-04-24T00:49:18,663  INFO [main] ql.Driver: Total MapReduce CPU Time Spent: 0 msec
2024-04-24T00:49:18,663  INFO [main] ql.Driver: Completed executing command(queryId=alex_20240424004916_39ba3aa3-48b7-4ebc-a5e5-437039ba738d); Time taken: 1.467 seconds
2024-04-24T00:49:18,663  INFO [main] lockmgr.DbTxnManager: Stopped heartbeat for query: alex_20240424004916_39ba3aa3-48b7-4ebc-a5e5-437039ba738d
2024-04-24T00:49:18,676  INFO [main] txn.TxnHandler: Removed transactions: ([18]) from MIN_HISTORY_LEVEL
2024-04-24T00:49:18,678  WARN [main] txn.CompactionTxnHandler: No compaction queue record found for Compaction type transaction commit. txnId:18
2024-04-24T00:49:18,679  INFO [main] ql.TxnCommandsBaseForTests: Running the query: update mydb1.T set b = 6 where b = 5
2024-04-24T00:49:18,679  INFO [main] ql.Context: Deleting scratch dir: file:/home/alex/Repositories/hive/ql/target/tmp/localscratchdir/13779e5a-0b3a-45cb-bb28-f6d5dd6beac1/hive_2024-04-24_00-49-16_923_78567640513680311-1
2024-04-24T00:49:18,680  INFO [main] cleanup.SyncCleanupService: Deleted directory: file:/home/alex/Repositories/hive/ql/target/tmp/localscratchdir/13779e5a-0b3a-45cb-bb28-f6d5dd6beac1/hive_2024-04-24_00-49-16_923_78567640513680311-1 on fs with scheme file
2024-04-24T00:49:18,681  INFO [main] ql.Driver: Compiling command(queryId=alex_20240424004918_dfb0070d-8018-4026-b935-83df7de4e0ea): update mydb1.T set b = 6 where b = 5
2024-04-24T00:49:18,693  INFO [main] txn.TxnHandler: Added entries to MIN_HISTORY_LEVEL for current txns: ([19]) with min_open_txn: 19
2024-04-24T00:49:18,693  INFO [main] lockmgr.DbTxnManager: Opened txnid:19
2024-04-24T00:49:18,697  INFO [main] parse.UpdateDeleteSemanticAnalyzer: Starting caching scope for: 
2024-04-24T00:49:18,697  INFO [main] HiveMetaStore.audit: ugi=alex	ip=unknown-ip-addr	cmd=get_table : tbl=hive.mydb1.T	
2024-04-24T00:49:18,708  INFO [main] metastore.HMSHandler: Skipping translation for processor with null
2024-04-24T00:49:18,709  INFO [main] parse.RewriteSemanticAnalyzer: Going to reparse <update mydb1.T set b = 6 where b = 5> as 
<insert into table `mydb1`.`T` select ROW__ID,`a`,`b` from `mydb1`.`T` sort by ROW__ID >
2024-04-24T00:49:18,710  INFO [main] parse.UpdateDeleteSemanticAnalyzer: Starting Semantic Analysis
2024-04-24T00:49:18,715  INFO [main] HiveMetaStore.audit: ugi=alex	ip=unknown-ip-addr	cmd=get_table : tbl=hive.mydb1.T	
2024-04-24T00:49:18,723  INFO [main] metastore.HMSHandler: Skipping translation for processor with null
2024-04-24T00:49:18,724  INFO [main] parse.UpdateDeleteSemanticAnalyzer: Completed phase 1 of Semantic Analysis
2024-04-24T00:49:18,724  INFO [main] parse.UpdateDeleteSemanticAnalyzer: Get metadata for source tables
2024-04-24T00:49:18,725  INFO [main] HiveMetaStore.audit: ugi=alex	ip=unknown-ip-addr	cmd=get_table : tbl=hive.mydb1.t	
2024-04-24T00:49:18,735  INFO [main] metastore.HMSHandler: Skipping translation for processor with null
2024-04-24T00:49:18,735  INFO [main] parse.UpdateDeleteSemanticAnalyzer: Get metadata for subqueries
2024-04-24T00:49:18,735  INFO [main] parse.UpdateDeleteSemanticAnalyzer: Get metadata for destination tables
2024-04-24T00:49:18,736  INFO [main] HiveMetaStore.audit: ugi=alex	ip=unknown-ip-addr	cmd=get_table : tbl=hive.mydb1.T	
2024-04-24T00:49:18,745  INFO [main] metastore.HMSHandler: Skipping translation for processor with null
2024-04-24T00:49:18,745  INFO [main] parse.UpdateDeleteSemanticAnalyzer: Completed getting MetaData in Semantic Analysis
2024-04-24T00:49:18,745  INFO [main] parse.UpdateDeleteSemanticAnalyzer: Disabling LLAP IO encode as ETL query is detected
2024-04-24T00:49:18,762  INFO [main] HiveMetaStore.audit: ugi=alex	ip=unknown-ip-addr	cmd=get_all_table_constraints : tbl=hive.mydb1.t	
2024-04-24T00:49:18,771  INFO [main] HiveMetaStore.audit: ugi=alex	ip=unknown-ip-addr	cmd=get_not_null_constraints : tbl=hive.mydb1.t	
2024-04-24T00:49:18,773  INFO [main] HiveMetaStore.audit: ugi=alex	ip=unknown-ip-addr	cmd=get_check_constraints : tbl=hive.mydb1.t	
2024-04-24T00:49:18,819  INFO [main] calcite.RelOptHiveTable: Calculating column statistics for mydb1.t, projIndxSet: [0, 1], allowMissingStats: true
2024-04-24T00:49:18,820  INFO [main] HiveMetaStore.audit: ugi=alex	ip=unknown-ip-addr	cmd=get_table : tbl=hive.mydb1.t	
2024-04-24T00:49:18,838  INFO [main] metastore.HMSHandler: Skipping translation for processor with null
2024-04-24T00:49:18,841  INFO [main] HiveMetaStore.audit: ugi=alex	ip=unknown-ip-addr	cmd=get_table : tbl=hive.mydb1.t	
2024-04-24T00:49:18,855  INFO [main] metastore.HMSHandler: Skipping translation for processor with null
2024-04-24T00:49:18,856  INFO [main] HiveMetaStore.audit: ugi=alex	ip=unknown-ip-addr	cmd=get_table_statistics_req: table=hive.mydb1.t	
2024-04-24T00:49:18,870  WARN [main] calcite.RelOptHiveTable: No Stats for mydb1@t, Columns: a, b
No Stats for mydb1@t, Columns: a, b
2024-04-24T00:49:18,870  INFO [main] SessionState: No Stats for mydb1@t, Columns: a, b
2024-04-24T00:49:18,946  INFO [main] parse.UpdateDeleteSemanticAnalyzer: Get metadata for source tables
2024-04-24T00:49:18,946  INFO [main] parse.UpdateDeleteSemanticAnalyzer: Get metadata for subqueries
2024-04-24T00:49:18,946  INFO [main] parse.UpdateDeleteSemanticAnalyzer: Get metadata for destination tables
2024-04-24T00:49:18,947  INFO [main] HiveMetaStore.audit: ugi=alex	ip=unknown-ip-addr	cmd=get_table : tbl=hive.mydb1.T	
2024-04-24T00:49:18,955  INFO [main] metastore.HMSHandler: Skipping translation for processor with null
2024-04-24T00:49:18,959 ERROR [main] parse.UpdateDeleteSemanticAnalyzer: CBO failed, skipping CBO. 
org.apache.hadoop.hive.ql.exec.NoMatchingMethodException: No matching method for class org.apache.hadoop.hive.ql.udf.UDFToInteger with (struct<writeid:bigint,bucketid:int,rowid:bigint>). Possible choices: _FUNC_(bigint)  _FUNC_(boolean)  _FUNC_(decimal(38,18))  _FUNC_(double)  _FUNC_(float)  _FUNC_(smallint)  _FUNC_(string)  _FUNC_(struct<rowid:bigint,bucketid:int,writeid:bigint>)  _FUNC_(timestamp)  _FUNC_(tinyint)  _FUNC_(void)  
	at org.apache.hadoop.hive.ql.exec.MethodUtils.getMethodInternal(MethodUtils.java:130) ~[classes/:?]
	at org.apache.hadoop.hive.ql.exec.MethodUtils.getMethodInternal(MethodUtils.java:60) ~[classes/:?]
	at org.apache.hadoop.hive.ql.exec.DefaultUDFMethodResolver.getEvalMethod(DefaultUDFMethodResolver.java:59) ~[classes/:?]
	at org.apache.hadoop.hive.ql.udf.TimestampCastRestrictorResolver.getEvalMethod(TimestampCastRestrictorResolver.java:68) ~[classes/:?]
	at org.apache.hadoop.hive.ql.udf.generic.GenericUDFBridge.initialize(GenericUDFBridge.java:168) ~[classes/:?]
	at org.apache.hadoop.hive.ql.udf.generic.GenericUDF.initializeAndFoldConstants(GenericUDF.java:149) ~[classes/:?]
	at org.apache.hadoop.hive.ql.plan.ExprNodeGenericFuncDesc.newInstance(ExprNodeGenericFuncDesc.java:235) ~[classes/:?]
	at org.apache.hadoop.hive.ql.parse.type.ExprNodeDescExprFactory.createFuncCallExpr(ExprNodeDescExprFactory.java:584) ~[classes/:?]
	at org.apache.hadoop.hive.ql.parse.type.ExprNodeDescExprFactory.createFuncCallExpr(ExprNodeDescExprFactory.java:97) ~[classes/:?]
	at org.apache.hadoop.hive.ql.parse.type.TypeCheckProcFactory$DefaultExprProcessor.getFuncExprNodeDescWithUdfData(TypeCheckProcFactory.java:762) ~[classes/:?]
	at org.apache.hadoop.hive.ql.parse.type.TypeCheckProcFactory$DefaultExprProcessor.createConversionCast(TypeCheckProcFactory.java:783) ~[classes/:?]
	at org.apache.hadoop.hive.ql.parse.SemanticAnalyzer.getPartitionColsFromBucketColsForUpdateDelete(SemanticAnalyzer.java:8725) ~[classes/:?]
	at org.apache.hadoop.hive.ql.parse.SemanticAnalyzer.genBucketingSortingDest(SemanticAnalyzer.java:6914) ~[classes/:?]
	at org.apache.hadoop.hive.ql.parse.SemanticAnalyzer.genFileSinkPlan(SemanticAnalyzer.java:7335) ~[classes/:?]
	at org.apache.hadoop.hive.ql.parse.SemanticAnalyzer.genPostGroupByBodyPlan(SemanticAnalyzer.java:11063) ~[classes/:?]
	at org.apache.hadoop.hive.ql.parse.SemanticAnalyzer.genBodyPlan(SemanticAnalyzer.java:10938) ~[classes/:?]
	at org.apache.hadoop.hive.ql.parse.SemanticAnalyzer.genPlan(SemanticAnalyzer.java:11853) ~[classes/:?]
	at org.apache.hadoop.hive.ql.parse.SemanticAnalyzer.genPlan(SemanticAnalyzer.java:11723) ~[classes/:?]
	at org.apache.hadoop.hive.ql.parse.CalcitePlanner.genOPTree(CalcitePlanner.java:626) ~[classes/:?]
	at org.apache.hadoop.hive.ql.parse.SemanticAnalyzer.analyzeInternal(SemanticAnalyzer.java:12558) ~[classes/:?]
	at org.apache.hadoop.hive.ql.parse.CalcitePlanner.analyzeInternal(CalcitePlanner.java:456) ~[classes/:?]
	at org.apache.hadoop.hive.ql.parse.RewriteSemanticAnalyzer.analyzeInternal(RewriteSemanticAnalyzer.java:67) ~[classes/:?]
	at org.apache.hadoop.hive.ql.parse.BaseSemanticAnalyzer.analyze(BaseSemanticAnalyzer.java:317) ~[classes/:?]
	at org.apache.hadoop.hive.ql.parse.UpdateDeleteSemanticAnalyzer.reparseAndSuperAnalyze(UpdateDeleteSemanticAnalyzer.java:208) ~[classes/:?]
	at org.apache.hadoop.hive.ql.parse.UpdateDeleteSemanticAnalyzer.analyzeUpdate(UpdateDeleteSemanticAnalyzer.java:63) ~[classes/:?]
	at org.apache.hadoop.hive.ql.parse.UpdateDeleteSemanticAnalyzer.analyze(UpdateDeleteSemanticAnalyzer.java:53) ~[classes/:?]
	at org.apache.hadoop.hive.ql.parse.RewriteSemanticAnalyzer.analyzeInternal(RewriteSemanticAnalyzer.java:72) ~[classes/:?]
	at org.apache.hadoop.hive.ql.parse.BaseSemanticAnalyzer.analyze(BaseSemanticAnalyzer.java:317) ~[classes/:?]
	at org.apache.hadoop.hive.ql.Compiler.analyze(Compiler.java:223) ~[classes/:?]
	at org.apache.hadoop.hive.ql.Compiler.compile(Compiler.java:105) ~[classes/:?]
	at org.apache.hadoop.hive.ql.Driver.compile(Driver.java:500) ~[classes/:?]
	at org.apache.hadoop.hive.ql.Driver.compileInternal(Driver.java:453) ~[classes/:?]
	at org.apache.hadoop.hive.ql.Driver.runInternal(Driver.java:181) ~[classes/:?]
	at org.apache.hadoop.hive.ql.Driver.run(Driver.java:153) ~[classes/:?]
	at org.apache.hadoop.hive.ql.Driver.run(Driver.java:140) ~[classes/:?]
	at org.apache.hadoop.hive.ql.TxnCommandsBaseForTests.runStatementOnDriver(TxnCommandsBaseForTests.java:245) ~[test-classes/:?]
	at org.apache.hadoop.hive.ql.TestTxnCommands3.testRenameTable(TestTxnCommands3.java:79) ~[test-classes/:?]
	at sun.reflect.NativeMethodAccessorImpl.invoke0(Native Method) ~[?:1.8.0_402]
	at sun.reflect.NativeMethodAccessorImpl.invoke(NativeMethodAccessorImpl.java:62) ~[?:1.8.0_402]
	at sun.reflect.DelegatingMethodAccessorImpl.invoke(DelegatingMethodAccessorImpl.java:43) ~[?:1.8.0_402]
	at java.lang.reflect.Method.invoke(Method.java:498) ~[?:1.8.0_402]
	at org.junit.runners.model.FrameworkMethod$1.runReflectiveCall(FrameworkMethod.java:59) ~[junit-4.13.jar:4.13]
	at org.junit.internal.runners.model.ReflectiveCallable.run(ReflectiveCallable.java:12) ~[junit-4.13.jar:4.13]
	at org.junit.runners.model.FrameworkMethod.invokeExplosively(FrameworkMethod.java:56) ~[junit-4.13.jar:4.13]
	at org.junit.internal.runners.statements.InvokeMethod.evaluate(InvokeMethod.java:17) ~[junit-4.13.jar:4.13]
	at org.junit.internal.runners.statements.RunBefores.evaluate(RunBefores.java:26) ~[junit-4.13.jar:4.13]
	at org.junit.internal.runners.statements.RunAfters.evaluate(RunAfters.java:27) ~[junit-4.13.jar:4.13]
	at org.junit.rules.TestWatcher$1.evaluate(TestWatcher.java:61) ~[junit-4.13.jar:4.13]
	at org.junit.runners.ParentRunner$3.evaluate(ParentRunner.java:306) ~[junit-4.13.jar:4.13]
	at org.junit.runners.BlockJUnit4ClassRunner$1.evaluate(BlockJUnit4ClassRunner.java:100) ~[junit-4.13.jar:4.13]
	at org.junit.runners.ParentRunner.runLeaf(ParentRunner.java:366) ~[junit-4.13.jar:4.13]
	at org.junit.runners.BlockJUnit4ClassRunner.runChild(BlockJUnit4ClassRunner.java:103) ~[junit-4.13.jar:4.13]
	at org.junit.runners.BlockJUnit4ClassRunner.runChild(BlockJUnit4ClassRunner.java:63) ~[junit-4.13.jar:4.13]
	at org.junit.runners.ParentRunner$4.run(ParentRunner.java:331) ~[junit-4.13.jar:4.13]
	at org.junit.runners.ParentRunner$1.schedule(ParentRunner.java:79) ~[junit-4.13.jar:4.13]
	at org.junit.runners.ParentRunner.runChildren(ParentRunner.java:329) ~[junit-4.13.jar:4.13]
	at org.junit.runners.ParentRunner.access$100(ParentRunner.java:66) ~[junit-4.13.jar:4.13]
	at org.junit.runners.ParentRunner$2.evaluate(ParentRunner.java:293) ~[junit-4.13.jar:4.13]
	at org.junit.runners.ParentRunner$3.evaluate(ParentRunner.java:306) ~[junit-4.13.jar:4.13]
	at org.junit.runners.ParentRunner.run(ParentRunner.java:413) ~[junit-4.13.jar:4.13]
	at org.junit.runner.JUnitCore.run(JUnitCore.java:137) ~[junit-4.13.jar:4.13]
	at org.junit.runner.JUnitCore.run(JUnitCore.java:115) ~[junit-4.13.jar:4.13]
	at org.junit.vintage.engine.execution.RunnerExecutor.execute(RunnerExecutor.java:43) ~[junit-vintage-engine-5.6.2.jar:5.6.2]
	at java.util.stream.ForEachOps$ForEachOp$OfRef.accept(ForEachOps.java:183) ~[?:1.8.0_402]
	at java.util.stream.ReferencePipeline$3$1.accept(ReferencePipeline.java:193) ~[?:1.8.0_402]
	at java.util.Iterator.forEachRemaining(Iterator.java:116) ~[?:1.8.0_402]
	at java.util.Spliterators$IteratorSpliterator.forEachRemaining(Spliterators.java:1801) ~[?:1.8.0_402]
	at java.util.stream.AbstractPipeline.copyInto(AbstractPipeline.java:482) ~[?:1.8.0_402]
	at java.util.stream.AbstractPipeline.wrapAndCopyInto(AbstractPipeline.java:472) ~[?:1.8.0_402]
	at java.util.stream.ForEachOps$ForEachOp.evaluateSequential(ForEachOps.java:150) ~[?:1.8.0_402]
	at java.util.stream.ForEachOps$ForEachOp$OfRef.evaluateSequential(ForEachOps.java:173) ~[?:1.8.0_402]
	at java.util.stream.AbstractPipeline.evaluate(AbstractPipeline.java:234) ~[?:1.8.0_402]
	at java.util.stream.ReferencePipeline.forEach(ReferencePipeline.java:485) ~[?:1.8.0_402]
	at org.junit.vintage.engine.VintageTestEngine.executeAllChildren(VintageTestEngine.java:82) ~[junit-vintage-engine-5.6.2.jar:5.6.2]
	at org.junit.vintage.engine.VintageTestEngine.execute(VintageTestEngine.java:73) ~[junit-vintage-engine-5.6.2.jar:5.6.2]
	at org.junit.platform.launcher.core.DefaultLauncher.execute(DefaultLauncher.java:248) ~[junit-platform-launcher-1.6.2.jar:1.6.2]
	at org.junit.platform.launcher.core.DefaultLauncher.lambda$execute$5(DefaultLauncher.java:211) ~[junit-platform-launcher-1.6.2.jar:1.6.2]
	at org.junit.platform.launcher.core.DefaultLauncher.withInterceptedStreams(DefaultLauncher.java:226) [junit-platform-launcher-1.6.2.jar:1.6.2]
	at org.junit.platform.launcher.core.DefaultLauncher.execute(DefaultLauncher.java:199) [junit-platform-launcher-1.6.2.jar:1.6.2]
	at org.junit.platform.launcher.core.DefaultLauncher.execute(DefaultLauncher.java:132) [junit-platform-launcher-1.6.2.jar:1.6.2]
	at org.apache.maven.surefire.junitplatform.JUnitPlatformProvider.invokeAllTests(JUnitPlatformProvider.java:154) [surefire-junit-platform-3.0.0-M4.jar:3.0.0-M4]
	at org.apache.maven.surefire.junitplatform.JUnitPlatformProvider.invoke(JUnitPlatformProvider.java:123) [surefire-junit-platform-3.0.0-M4.jar:3.0.0-M4]
	at org.apache.maven.surefire.booter.ForkedBooter.runSuitesInProcess(ForkedBooter.java:377) [surefire-booter-3.0.0-M4.jar:3.0.0-M4]
	at org.apache.maven.surefire.booter.ForkedBooter.execute(ForkedBooter.java:138) [surefire-booter-3.0.0-M4.jar:3.0.0-M4]
	at org.apache.maven.surefire.booter.ForkedBooter.run(ForkedBooter.java:465) [surefire-booter-3.0.0-M4.jar:3.0.0-M4]
	at org.apache.maven.surefire.booter.ForkedBooter.main(ForkedBooter.java:451) [surefire-booter-3.0.0-M4.jar:3.0.0-M4]
2024-04-24T00:49:18,960 ERROR [main] parse.UpdateDeleteSemanticAnalyzer: CBO failed due to missing column stats (see previous errors), skipping CBO
2024-04-24T00:49:18,961  INFO [main] parse.UpdateDeleteSemanticAnalyzer: Ending caching scope for: 
FAILED: NoMatchingMethodException No matching method for class org.apache.hadoop.hive.ql.udf.UDFToInteger with (struct<writeid:bigint,bucketid:int,rowid:bigint>). Possible choices: _FUNC_(bigint)  _FUNC_(boolean)  _FUNC_(decimal(38,18))  _FUNC_(double)  _FUNC_(float)  _FUNC_(smallint)  _FUNC_(string)  _FUNC_(struct<rowid:bigint,bucketid:int,writeid:bigint>)  _FUNC_(timestamp)  _FUNC_(tinyint)  _FUNC_(void)  
2024-04-24T00:49:18,961 ERROR [main] ql.Driver: FAILED: NoMatchingMethodException No matching method for class org.apache.hadoop.hive.ql.udf.UDFToInteger with (struct<writeid:bigint,bucketid:int,rowid:bigint>). Possible choices: _FUNC_(bigint)  _FUNC_(boolean)  _FUNC_(decimal(38,18))  _FUNC_(double)  _FUNC_(float)  _FUNC_(smallint)  _FUNC_(string)  _FUNC_(struct<rowid:bigint,bucketid:int,writeid:bigint>)  _FUNC_(timestamp)  _FUNC_(tinyint)  _FUNC_(void)  
org.apache.hadoop.hive.ql.exec.NoMatchingMethodException: No matching method for class org.apache.hadoop.hive.ql.udf.UDFToInteger with (struct<writeid:bigint,bucketid:int,rowid:bigint>). Possible choices: _FUNC_(bigint)  _FUNC_(boolean)  _FUNC_(decimal(38,18))  _FUNC_(double)  _FUNC_(float)  _FUNC_(smallint)  _FUNC_(string)  _FUNC_(struct<rowid:bigint,bucketid:int,writeid:bigint>)  _FUNC_(timestamp)  _FUNC_(tinyint)  _FUNC_(void)  
	at org.apache.hadoop.hive.ql.exec.MethodUtils.getMethodInternal(MethodUtils.java:130)
	at org.apache.hadoop.hive.ql.exec.MethodUtils.getMethodInternal(MethodUtils.java:60)
	at org.apache.hadoop.hive.ql.exec.DefaultUDFMethodResolver.getEvalMethod(DefaultUDFMethodResolver.java:59)
	at org.apache.hadoop.hive.ql.udf.TimestampCastRestrictorResolver.getEvalMethod(TimestampCastRestrictorResolver.java:68)
	at org.apache.hadoop.hive.ql.udf.generic.GenericUDFBridge.initialize(GenericUDFBridge.java:168)
	at org.apache.hadoop.hive.ql.udf.generic.GenericUDF.initializeAndFoldConstants(GenericUDF.java:149)
	at org.apache.hadoop.hive.ql.plan.ExprNodeGenericFuncDesc.newInstance(ExprNodeGenericFuncDesc.java:235)
	at org.apache.hadoop.hive.ql.parse.type.ExprNodeDescExprFactory.createFuncCallExpr(ExprNodeDescExprFactory.java:584)
	at org.apache.hadoop.hive.ql.parse.type.ExprNodeDescExprFactory.createFuncCallExpr(ExprNodeDescExprFactory.java:97)
	at org.apache.hadoop.hive.ql.parse.type.TypeCheckProcFactory$DefaultExprProcessor.getFuncExprNodeDescWithUdfData(TypeCheckProcFactory.java:762)
	at org.apache.hadoop.hive.ql.parse.type.TypeCheckProcFactory$DefaultExprProcessor.createConversionCast(TypeCheckProcFactory.java:783)
	at org.apache.hadoop.hive.ql.parse.SemanticAnalyzer.getPartitionColsFromBucketColsForUpdateDelete(SemanticAnalyzer.java:8725)
	at org.apache.hadoop.hive.ql.parse.SemanticAnalyzer.genBucketingSortingDest(SemanticAnalyzer.java:6914)
	at org.apache.hadoop.hive.ql.parse.SemanticAnalyzer.genFileSinkPlan(SemanticAnalyzer.java:7335)
	at org.apache.hadoop.hive.ql.parse.SemanticAnalyzer.genPostGroupByBodyPlan(SemanticAnalyzer.java:11063)
	at org.apache.hadoop.hive.ql.parse.SemanticAnalyzer.genBodyPlan(SemanticAnalyzer.java:10938)
	at org.apache.hadoop.hive.ql.parse.SemanticAnalyzer.genPlan(SemanticAnalyzer.java:11853)
	at org.apache.hadoop.hive.ql.parse.SemanticAnalyzer.genPlan(SemanticAnalyzer.java:11723)
	at org.apache.hadoop.hive.ql.parse.CalcitePlanner.genOPTree(CalcitePlanner.java:626)
	at org.apache.hadoop.hive.ql.parse.SemanticAnalyzer.analyzeInternal(SemanticAnalyzer.java:12558)
	at org.apache.hadoop.hive.ql.parse.CalcitePlanner.analyzeInternal(CalcitePlanner.java:456)
	at org.apache.hadoop.hive.ql.parse.RewriteSemanticAnalyzer.analyzeInternal(RewriteSemanticAnalyzer.java:67)
	at org.apache.hadoop.hive.ql.parse.BaseSemanticAnalyzer.analyze(BaseSemanticAnalyzer.java:317)
	at org.apache.hadoop.hive.ql.parse.UpdateDeleteSemanticAnalyzer.reparseAndSuperAnalyze(UpdateDeleteSemanticAnalyzer.java:208)
	at org.apache.hadoop.hive.ql.parse.UpdateDeleteSemanticAnalyzer.analyzeUpdate(UpdateDeleteSemanticAnalyzer.java:63)
	at org.apache.hadoop.hive.ql.parse.UpdateDeleteSemanticAnalyzer.analyze(UpdateDeleteSemanticAnalyzer.java:53)
	at org.apache.hadoop.hive.ql.parse.RewriteSemanticAnalyzer.analyzeInternal(RewriteSemanticAnalyzer.java:72)
	at org.apache.hadoop.hive.ql.parse.BaseSemanticAnalyzer.analyze(BaseSemanticAnalyzer.java:317)
	at org.apache.hadoop.hive.ql.Compiler.analyze(Compiler.java:223)
	at org.apache.hadoop.hive.ql.Compiler.compile(Compiler.java:105)
	at org.apache.hadoop.hive.ql.Driver.compile(Driver.java:500)
	at org.apache.hadoop.hive.ql.Driver.compileInternal(Driver.java:453)
	at org.apache.hadoop.hive.ql.Driver.runInternal(Driver.java:181)
	at org.apache.hadoop.hive.ql.Driver.run(Driver.java:153)
	at org.apache.hadoop.hive.ql.Driver.run(Driver.java:140)
	at org.apache.hadoop.hive.ql.TxnCommandsBaseForTests.runStatementOnDriver(TxnCommandsBaseForTests.java:245)
	at org.apache.hadoop.hive.ql.TestTxnCommands3.testRenameTable(TestTxnCommands3.java:79)
	at sun.reflect.NativeMethodAccessorImpl.invoke0(Native Method)
	at sun.reflect.NativeMethodAccessorImpl.invoke(NativeMethodAccessorImpl.java:62)
	at sun.reflect.DelegatingMethodAccessorImpl.invoke(DelegatingMethodAccessorImpl.java:43)
	at java.lang.reflect.Method.invoke(Method.java:498)
	at org.junit.runners.model.FrameworkMethod$1.runReflectiveCall(FrameworkMethod.java:59)
	at org.junit.internal.runners.model.ReflectiveCallable.run(ReflectiveCallable.java:12)
	at org.junit.runners.model.FrameworkMethod.invokeExplosively(FrameworkMethod.java:56)
	at org.junit.internal.runners.statements.InvokeMethod.evaluate(InvokeMethod.java:17)
	at org.junit.internal.runners.statements.RunBefores.evaluate(RunBefores.java:26)
	at org.junit.internal.runners.statements.RunAfters.evaluate(RunAfters.java:27)
	at org.junit.rules.TestWatcher$1.evaluate(TestWatcher.java:61)
	at org.junit.runners.ParentRunner$3.evaluate(ParentRunner.java:306)
	at org.junit.runners.BlockJUnit4ClassRunner$1.evaluate(BlockJUnit4ClassRunner.java:100)
	at org.junit.runners.ParentRunner.runLeaf(ParentRunner.java:366)
	at org.junit.runners.BlockJUnit4ClassRunner.runChild(BlockJUnit4ClassRunner.java:103)
	at org.junit.runners.BlockJUnit4ClassRunner.runChild(BlockJUnit4ClassRunner.java:63)
	at org.junit.runners.ParentRunner$4.run(ParentRunner.java:331)
	at org.junit.runners.ParentRunner$1.schedule(ParentRunner.java:79)
	at org.junit.runners.ParentRunner.runChildren(ParentRunner.java:329)
	at org.junit.runners.ParentRunner.access$100(ParentRunner.java:66)
	at org.junit.runners.ParentRunner$2.evaluate(ParentRunner.java:293)
	at org.junit.runners.ParentRunner$3.evaluate(ParentRunner.java:306)
	at org.junit.runners.ParentRunner.run(ParentRunner.java:413)
	at org.junit.runner.JUnitCore.run(JUnitCore.java:137)
	at org.junit.runner.JUnitCore.run(JUnitCore.java:115)
	at org.junit.vintage.engine.execution.RunnerExecutor.execute(RunnerExecutor.java:43)
	at java.util.stream.ForEachOps$ForEachOp$OfRef.accept(ForEachOps.java:183)
	at java.util.stream.ReferencePipeline$3$1.accept(ReferencePipeline.java:193)
	at java.util.Iterator.forEachRemaining(Iterator.java:116)
	at java.util.Spliterators$IteratorSpliterator.forEachRemaining(Spliterators.java:1801)
	at java.util.stream.AbstractPipeline.copyInto(AbstractPipeline.java:482)
	at java.util.stream.AbstractPipeline.wrapAndCopyInto(AbstractPipeline.java:472)
	at java.util.stream.ForEachOps$ForEachOp.evaluateSequential(ForEachOps.java:150)
	at java.util.stream.ForEachOps$ForEachOp$OfRef.evaluateSequential(ForEachOps.java:173)
	at java.util.stream.AbstractPipeline.evaluate(AbstractPipeline.java:234)
	at java.util.stream.ReferencePipeline.forEach(ReferencePipeline.java:485)
	at org.junit.vintage.engine.VintageTestEngine.executeAllChildren(VintageTestEngine.java:82)
	at org.junit.vintage.engine.VintageTestEngine.execute(VintageTestEngine.java:73)
	at org.junit.platform.launcher.core.DefaultLauncher.execute(DefaultLauncher.java:248)
	at org.junit.platform.launcher.core.DefaultLauncher.lambda$execute$5(DefaultLauncher.java:211)
	at org.junit.platform.launcher.core.DefaultLauncher.withInterceptedStreams(DefaultLauncher.java:226)
	at org.junit.platform.launcher.core.DefaultLauncher.execute(DefaultLauncher.java:199)
	at org.junit.platform.launcher.core.DefaultLauncher.execute(DefaultLauncher.java:132)
	at org.apache.maven.surefire.junitplatform.JUnitPlatformProvider.invokeAllTests(JUnitPlatformProvider.java:154)
	at org.apache.maven.surefire.junitplatform.JUnitPlatformProvider.invoke(JUnitPlatformProvider.java:123)
	at org.apache.maven.surefire.booter.ForkedBooter.runSuitesInProcess(ForkedBooter.java:377)
	at org.apache.maven.surefire.booter.ForkedBooter.execute(ForkedBooter.java:138)
	at org.apache.maven.surefire.booter.ForkedBooter.run(ForkedBooter.java:465)
	at org.apache.maven.surefire.booter.ForkedBooter.main(ForkedBooter.java:451)

2024-04-24T00:49:18,961  INFO [main] metadata.Hive: Dumping metastore api call timing information for : compilation phase
2024-04-24T00:49:18,961  INFO [main] metadata.Hive: Total time spent in each metastore function (ms): {commitTxn_(CommitTxnRequest)=16, flushCache_()=1, getValidTxns_(long)=3, getNotNullConstraints_(NotNullConstraintsRequest)=2, getValidWriteIds_(List, String)=7, isCompatibleWith_(Configuration)=0, getTableColumnStatistics_(String, String, List, String)=50, getAllTableConstraints_(AllTableConstraintsRequest)=6, openTxn_(String, TxnType)=11, getTable_(GetTableRequest)=51, getCheckConstraints_(CheckConstraintsRequest)=2}
2024-04-24T00:49:18,962  INFO [main] ql.Driver: Completed compiling command(queryId=alex_20240424004918_dfb0070d-8018-4026-b935-83df7de4e0ea); Time taken: 0.28 seconds
2024-04-24T00:49:18,962  INFO [main] lockmgr.DbTxnManager: Stopped heartbeat for query: null
2024-04-24T00:49:18,966  INFO [main] txn.TxnHandler: Removed transactions: ([19]) from MIN_HISTORY_LEVEL
2024-04-24T00:49:18,974  INFO [main] ql.TxnCommandsBaseForTests: Running the query: drop table if exists acidTbl
2024-04-24T00:49:18,974  INFO [main] ql.Driver: Compiling command(queryId=alex_20240424004918_a8de3135-9e7b-41fa-a14a-d7e91f663581): drop table if exists acidTbl
2024-04-24T00:49:18,977  INFO [main] txn.TxnHandler: Added entries to MIN_HISTORY_LEVEL for current txns: ([20]) with min_open_txn: 19
2024-04-24T00:49:18,978  INFO [main] lockmgr.DbTxnManager: Opened txnid:20
2024-04-24T00:49:18,979  INFO [main] HiveMetaStore.audit: ugi=alex	ip=unknown-ip-addr	cmd=get_table : tbl=hive.default.acidTbl	
2024-04-24T00:49:18,988  INFO [main] metastore.HMSHandler: Skipping translation for processor with null
2024-04-24T00:49:18,988  INFO [main] ql.Driver: Semantic Analysis Completed (retrial = false)
2024-04-24T00:49:18,988  INFO [main] ql.Driver: Created Hive schema: Schema(fieldSchemas:null, properties:null)
2024-04-24T00:49:18,988  INFO [main] metadata.Hive: Dumping metastore api call timing information for : compilation phase
2024-04-24T00:49:18,988  INFO [main] metadata.Hive: Total time spent in each metastore function (ms): {getTable_(GetTableRequest)=10, isCompatibleWith_(Configuration)=0, flushCache_()=1, rollbackTxn_(long)=12, getValidTxns_(long)=0, openTxn_(String, TxnType)=2}
2024-04-24T00:49:18,988  INFO [main] ql.Driver: Completed compiling command(queryId=alex_20240424004918_a8de3135-9e7b-41fa-a14a-d7e91f663581); Time taken: 0.014 seconds
2024-04-24T00:49:18,989  INFO [main] lockmgr.DbTxnManager: Setting lock request transaction to txnid:20 for queryId=alex_20240424004918_a8de3135-9e7b-41fa-a14a-d7e91f663581
2024-04-24T00:49:18,989  INFO [main] lockmgr.DbLockManager: Requesting lock for queryId=alex_20240424004918_a8de3135-9e7b-41fa-a14a-d7e91f663581
2024-04-24T00:49:19,007  INFO [main] lockmgr.DbLockManager: Response to queryId=alex_20240424004918_a8de3135-9e7b-41fa-a14a-d7e91f663581 LockResponse(lockid:9, state:ACQUIRED)
2024-04-24T00:49:19,007  INFO [main] ql.Driver: Operation DROPTABLE obtained 1 locks
2024-04-24T00:49:19,007  INFO [main] ql.Driver: Executing command(queryId=alex_20240424004918_a8de3135-9e7b-41fa-a14a-d7e91f663581): drop table if exists acidTbl
2024-04-24T00:49:19,007  INFO [main] ql.Driver: Starting task [Stage-0:DDL] in serial mode
2024-04-24T00:49:19,008  INFO [main] HiveMetaStore.audit: ugi=alex	ip=unknown-ip-addr	cmd=get_table : tbl=hive.default.acidTbl	
2024-04-24T00:49:19,016  INFO [main] metastore.HMSHandler: Skipping translation for processor with null
2024-04-24T00:49:19,017  INFO [main] HiveMetaStore.audit: ugi=alex	ip=unknown-ip-addr	cmd=get_table : tbl=hive.default.acidTbl	
2024-04-24T00:49:19,026  INFO [main] metastore.HMSHandler: Skipping translation for processor with null
2024-04-24T00:49:19,027  INFO [main] HiveMetaStore.audit: ugi=alex	ip=unknown-ip-addr	cmd=drop_table : tbl=hive.default.acidTbl	
2024-04-24T00:49:19,143  INFO [main] metadata.Hive: Dumping metastore api call timing information for : execution phase
2024-04-24T00:49:19,143  INFO [main] metadata.Hive: Total time spent in each metastore function (ms): {dropTable_(String, String, boolean, boolean, boolean)=127, getTable_(GetTableRequest)=9, isCompatibleWith_(Configuration)=0}
2024-04-24T00:49:19,144  INFO [main] ql.Driver: Completed executing command(queryId=alex_20240424004918_a8de3135-9e7b-41fa-a14a-d7e91f663581); Time taken: 0.136 seconds
2024-04-24T00:49:19,144  INFO [main] lockmgr.DbTxnManager: Stopped heartbeat for query: alex_20240424004918_a8de3135-9e7b-41fa-a14a-d7e91f663581
2024-04-24T00:49:19,148  INFO [main] txn.TxnHandler: Expected to move at least one record from txn_components to completed_txn_components when committing txn! txnid:20
2024-04-24T00:49:19,156  INFO [main] txn.TxnHandler: Removed transactions: ([20]) from MIN_HISTORY_LEVEL
2024-04-24T00:49:19,156  WARN [main] txn.CompactionTxnHandler: No compaction queue record found for Compaction type transaction commit. txnId:20
2024-04-24T00:49:19,157  INFO [main] ql.TxnCommandsBaseForTests: Running the query: drop table if exists acidTblPart
2024-04-24T00:49:19,157  INFO [main] ql.Driver: Compiling command(queryId=alex_20240424004919_33480549-ca10-45f4-ae73-c280126647b6): drop table if exists acidTblPart
2024-04-24T00:49:19,161  INFO [main] txn.TxnHandler: Added entries to MIN_HISTORY_LEVEL for current txns: ([21]) with min_open_txn: 19
2024-04-24T00:49:19,161  INFO [main] lockmgr.DbTxnManager: Opened txnid:21
2024-04-24T00:49:19,162  INFO [main] HiveMetaStore.audit: ugi=alex	ip=unknown-ip-addr	cmd=get_table : tbl=hive.default.acidTblPart	
2024-04-24T00:49:19,173  INFO [main] metastore.HMSHandler: Skipping translation for processor with null
2024-04-24T00:49:19,173  INFO [main] ql.Driver: Semantic Analysis Completed (retrial = false)
2024-04-24T00:49:19,173  INFO [main] ql.Driver: Created Hive schema: Schema(fieldSchemas:null, properties:null)
2024-04-24T00:49:19,173  INFO [main] metadata.Hive: Dumping metastore api call timing information for : compilation phase
2024-04-24T00:49:19,173  INFO [main] metadata.Hive: Total time spent in each metastore function (ms): {isCompatibleWith_(Configuration)=0, getTable_(GetTableRequest)=11, commitTxn_(CommitTxnRequest)=13, flushCache_()=0, getValidTxns_(long)=1, openTxn_(String, TxnType)=3}
2024-04-24T00:49:19,174  INFO [main] ql.Driver: Completed compiling command(queryId=alex_20240424004919_33480549-ca10-45f4-ae73-c280126647b6); Time taken: 0.016 seconds
2024-04-24T00:49:19,174  INFO [main] lockmgr.DbTxnManager: Setting lock request transaction to txnid:21 for queryId=alex_20240424004919_33480549-ca10-45f4-ae73-c280126647b6
2024-04-24T00:49:19,174  INFO [main] lockmgr.DbLockManager: Requesting lock for queryId=alex_20240424004919_33480549-ca10-45f4-ae73-c280126647b6
2024-04-24T00:49:19,203  INFO [main] lockmgr.DbLockManager: Response to queryId=alex_20240424004919_33480549-ca10-45f4-ae73-c280126647b6 LockResponse(lockid:10, state:ACQUIRED)
2024-04-24T00:49:19,203  INFO [main] ql.Driver: Operation DROPTABLE obtained 1 locks
2024-04-24T00:49:19,203  INFO [main] ql.Driver: Executing command(queryId=alex_20240424004919_33480549-ca10-45f4-ae73-c280126647b6): drop table if exists acidTblPart
2024-04-24T00:49:19,203  INFO [main] ql.Driver: Starting task [Stage-0:DDL] in serial mode
2024-04-24T00:49:19,204  INFO [main] HiveMetaStore.audit: ugi=alex	ip=unknown-ip-addr	cmd=get_table : tbl=hive.default.acidTblPart	
2024-04-24T00:49:19,214  INFO [main] metastore.HMSHandler: Skipping translation for processor with null
2024-04-24T00:49:19,215  INFO [main] HiveMetaStore.audit: ugi=alex	ip=unknown-ip-addr	cmd=get_table : tbl=hive.default.acidTblPart	
2024-04-24T00:49:19,223  INFO [main] metastore.HMSHandler: Skipping translation for processor with null
2024-04-24T00:49:19,224  INFO [main] HiveMetaStore.audit: ugi=alex	ip=unknown-ip-addr	cmd=drop_table : tbl=hive.default.acidTblPart	
2024-04-24T00:49:19,270  INFO [main] metadata.Hive: Dumping metastore api call timing information for : execution phase
2024-04-24T00:49:19,270  INFO [main] metadata.Hive: Total time spent in each metastore function (ms): {getTable_(GetTableRequest)=11, isCompatibleWith_(Configuration)=0, dropTable_(String, String, boolean, boolean, boolean)=55}
2024-04-24T00:49:19,270  INFO [main] ql.Driver: Completed executing command(queryId=alex_20240424004919_33480549-ca10-45f4-ae73-c280126647b6); Time taken: 0.067 seconds
2024-04-24T00:49:19,270  INFO [main] lockmgr.DbTxnManager: Stopped heartbeat for query: alex_20240424004919_33480549-ca10-45f4-ae73-c280126647b6
2024-04-24T00:49:19,276  INFO [main] txn.TxnHandler: Expected to move at least one record from txn_components to completed_txn_components when committing txn! txnid:21
2024-04-24T00:49:19,283  INFO [main] txn.TxnHandler: Removed transactions: ([21]) from MIN_HISTORY_LEVEL
2024-04-24T00:49:19,283  WARN [main] txn.CompactionTxnHandler: No compaction queue record found for Compaction type transaction commit. txnId:21
2024-04-24T00:49:19,284  INFO [main] ql.TxnCommandsBaseForTests: Running the query: drop table if exists acidTbl2
2024-04-24T00:49:19,284  INFO [main] ql.Driver: Compiling command(queryId=alex_20240424004919_baab8b1e-c7f7-481a-981c-e3f623f25565): drop table if exists acidTbl2
2024-04-24T00:49:19,288  INFO [main] txn.TxnHandler: Added entries to MIN_HISTORY_LEVEL for current txns: ([22]) with min_open_txn: 19
2024-04-24T00:49:19,288  INFO [main] lockmgr.DbTxnManager: Opened txnid:22
2024-04-24T00:49:19,289  INFO [main] ql.Driver: Semantic Analysis Completed (retrial = false)
2024-04-24T00:49:19,289  INFO [main] ql.Driver: Created Hive schema: Schema(fieldSchemas:null, properties:null)
2024-04-24T00:49:19,290  INFO [main] metadata.Hive: Dumping metastore api call timing information for : compilation phase
2024-04-24T00:49:19,290  INFO [main] metadata.Hive: Total time spent in each metastore function (ms): {getValidTxns_(long)=1, getTable_(GetTableRequest)=0, flushCache_()=0, commitTxn_(CommitTxnRequest)=14, isCompatibleWith_(Configuration)=0, openTxn_(String, TxnType)=3}
2024-04-24T00:49:19,290  INFO [main] ql.Driver: Completed compiling command(queryId=alex_20240424004919_baab8b1e-c7f7-481a-981c-e3f623f25565); Time taken: 0.006 seconds
2024-04-24T00:49:19,290  INFO [main] lockmgr.DbTxnManager: Setting lock request transaction to txnid:22 for queryId=alex_20240424004919_baab8b1e-c7f7-481a-981c-e3f623f25565
2024-04-24T00:49:19,290  INFO [main] ql.Driver: Operation DROPTABLE obtained 0 locks
2024-04-24T00:49:19,290  INFO [main] ql.Driver: Executing command(queryId=alex_20240424004919_baab8b1e-c7f7-481a-981c-e3f623f25565): drop table if exists acidTbl2
2024-04-24T00:49:19,291  INFO [main] ql.Driver: Starting task [Stage-0:DDL] in serial mode
2024-04-24T00:49:19,291  INFO [main] metadata.SessionHiveMetaStoreClient: Column stats doesn't exist for db=default temp table=acidTbl2
2024-04-24T00:49:19,292  INFO [main] metadata.Hive: Dumping metastore api call timing information for : execution phase
2024-04-24T00:49:19,292  INFO [main] metadata.Hive: Total time spent in each metastore function (ms): {isCompatibleWith_(Configuration)=0, getTable_(GetTableRequest)=0, dropTable_(String, String, boolean, boolean, boolean)=1}
2024-04-24T00:49:19,292  INFO [main] ql.Driver: Completed executing command(queryId=alex_20240424004919_baab8b1e-c7f7-481a-981c-e3f623f25565); Time taken: 0.002 seconds
2024-04-24T00:49:19,292  INFO [main] lockmgr.DbTxnManager: Stopped heartbeat for query: alex_20240424004919_baab8b1e-c7f7-481a-981c-e3f623f25565
2024-04-24T00:49:19,298  INFO [main] txn.TxnHandler: Expected to move at least one record from txn_components to completed_txn_components when committing txn! txnid:22
2024-04-24T00:49:19,304  INFO [main] txn.TxnHandler: Removed transactions: ([22]) from MIN_HISTORY_LEVEL
2024-04-24T00:49:19,304  WARN [main] txn.CompactionTxnHandler: No compaction queue record found for Compaction type transaction commit. txnId:22
2024-04-24T00:49:19,305  INFO [main] ql.TxnCommandsBaseForTests: Running the query: drop table if exists nonAcidOrcTbl
2024-04-24T00:49:19,305  INFO [main] ql.Driver: Compiling command(queryId=alex_20240424004919_37d6898c-f62d-46dc-b03d-046f887323ba): drop table if exists nonAcidOrcTbl
2024-04-24T00:49:19,309  INFO [main] txn.TxnHandler: Added entries to MIN_HISTORY_LEVEL for current txns: ([23]) with min_open_txn: 19
2024-04-24T00:49:19,309  INFO [main] lockmgr.DbTxnManager: Opened txnid:23
2024-04-24T00:49:19,311  INFO [main] HiveMetaStore.audit: ugi=alex	ip=unknown-ip-addr	cmd=get_table : tbl=hive.default.nonAcidOrcTbl	
2024-04-24T00:49:19,334  INFO [main] metastore.HMSHandler: Skipping translation for processor with null
2024-04-24T00:49:19,334  INFO [main] ql.Driver: Semantic Analysis Completed (retrial = false)
2024-04-24T00:49:19,334  INFO [main] ql.Driver: Created Hive schema: Schema(fieldSchemas:null, properties:null)
2024-04-24T00:49:19,334  INFO [main] metadata.Hive: Dumping metastore api call timing information for : compilation phase
2024-04-24T00:49:19,335  INFO [main] metadata.Hive: Total time spent in each metastore function (ms): {commitTxn_(CommitTxnRequest)=13, getTable_(GetTableRequest)=24, isCompatibleWith_(Configuration)=0, getValidTxns_(long)=0, flushCache_()=0, openTxn_(String, TxnType)=3}
2024-04-24T00:49:19,335  INFO [main] ql.Driver: Completed compiling command(queryId=alex_20240424004919_37d6898c-f62d-46dc-b03d-046f887323ba); Time taken: 0.029 seconds
2024-04-24T00:49:19,335  INFO [main] lockmgr.DbTxnManager: Setting lock request transaction to txnid:23 for queryId=alex_20240424004919_37d6898c-f62d-46dc-b03d-046f887323ba
2024-04-24T00:49:19,336  INFO [main] lockmgr.DbLockManager: Requesting lock for queryId=alex_20240424004919_37d6898c-f62d-46dc-b03d-046f887323ba
2024-04-24T00:49:19,351  INFO [main] lockmgr.DbLockManager: Response to queryId=alex_20240424004919_37d6898c-f62d-46dc-b03d-046f887323ba LockResponse(lockid:11, state:ACQUIRED)
2024-04-24T00:49:19,351  INFO [main] ql.Driver: Operation DROPTABLE obtained 1 locks
2024-04-24T00:49:19,351  INFO [main] ql.Driver: Executing command(queryId=alex_20240424004919_37d6898c-f62d-46dc-b03d-046f887323ba): drop table if exists nonAcidOrcTbl
2024-04-24T00:49:19,351  INFO [main] ql.Driver: Starting task [Stage-0:DDL] in serial mode
2024-04-24T00:49:19,352  INFO [main] HiveMetaStore.audit: ugi=alex	ip=unknown-ip-addr	cmd=get_table : tbl=hive.default.nonAcidOrcTbl	
2024-04-24T00:49:19,362  INFO [main] metastore.HMSHandler: Skipping translation for processor with null
2024-04-24T00:49:19,362  INFO [main] HiveMetaStore.audit: ugi=alex	ip=unknown-ip-addr	cmd=get_table : tbl=hive.default.nonAcidOrcTbl	
2024-04-24T00:49:19,372  INFO [main] metastore.HMSHandler: Skipping translation for processor with null
2024-04-24T00:49:19,373  INFO [main] HiveMetaStore.audit: ugi=alex	ip=unknown-ip-addr	cmd=drop_table : tbl=hive.default.nonAcidOrcTbl	
2024-04-24T00:49:19,414  INFO [main] metadata.Hive: Dumping metastore api call timing information for : execution phase
2024-04-24T00:49:19,414  INFO [main] metadata.Hive: Total time spent in each metastore function (ms): {dropTable_(String, String, boolean, boolean, boolean)=51, isCompatibleWith_(Configuration)=0, getTable_(GetTableRequest)=11}
2024-04-24T00:49:19,414  INFO [main] ql.Driver: Completed executing command(queryId=alex_20240424004919_37d6898c-f62d-46dc-b03d-046f887323ba); Time taken: 0.063 seconds
2024-04-24T00:49:19,414  INFO [main] lockmgr.DbTxnManager: Stopped heartbeat for query: alex_20240424004919_37d6898c-f62d-46dc-b03d-046f887323ba
2024-04-24T00:49:19,419  INFO [main] txn.TxnHandler: Expected to move at least one record from txn_components to completed_txn_components when committing txn! txnid:23
2024-04-24T00:49:19,425  INFO [main] txn.TxnHandler: Removed transactions: ([23]) from MIN_HISTORY_LEVEL
2024-04-24T00:49:19,425  WARN [main] txn.CompactionTxnHandler: No compaction queue record found for Compaction type transaction commit. txnId:23
2024-04-24T00:49:19,425  INFO [main] ql.TxnCommandsBaseForTests: Running the query: drop table if exists nonAcidOrcTbl2
2024-04-24T00:49:19,426  INFO [main] ql.Driver: Compiling command(queryId=alex_20240424004919_355aa074-3117-4ec3-955d-289edb03a740): drop table if exists nonAcidOrcTbl2
2024-04-24T00:49:19,429  INFO [main] txn.TxnHandler: Added entries to MIN_HISTORY_LEVEL for current txns: ([24]) with min_open_txn: 19
2024-04-24T00:49:19,429  INFO [main] lockmgr.DbTxnManager: Opened txnid:24
2024-04-24T00:49:19,431  INFO [main] HiveMetaStore.audit: ugi=alex	ip=unknown-ip-addr	cmd=get_table : tbl=hive.default.nonAcidOrcTbl2	
2024-04-24T00:49:19,441  INFO [main] metastore.HMSHandler: Skipping translation for processor with null
2024-04-24T00:49:19,441  INFO [main] ql.Driver: Semantic Analysis Completed (retrial = false)
2024-04-24T00:49:19,441  INFO [main] ql.Driver: Created Hive schema: Schema(fieldSchemas:null, properties:null)
2024-04-24T00:49:19,441  INFO [main] metadata.Hive: Dumping metastore api call timing information for : compilation phase
2024-04-24T00:49:19,442  INFO [main] metadata.Hive: Total time spent in each metastore function (ms): {isCompatibleWith_(Configuration)=0, flushCache_()=1, openTxn_(String, TxnType)=2, commitTxn_(CommitTxnRequest)=11, getValidTxns_(long)=1, getTable_(GetTableRequest)=11}
2024-04-24T00:49:19,442  INFO [main] ql.Driver: Completed compiling command(queryId=alex_20240424004919_355aa074-3117-4ec3-955d-289edb03a740); Time taken: 0.015 seconds
2024-04-24T00:49:19,442  INFO [main] lockmgr.DbTxnManager: Setting lock request transaction to txnid:24 for queryId=alex_20240424004919_355aa074-3117-4ec3-955d-289edb03a740
2024-04-24T00:49:19,443  INFO [main] lockmgr.DbLockManager: Requesting lock for queryId=alex_20240424004919_355aa074-3117-4ec3-955d-289edb03a740
2024-04-24T00:49:19,460  INFO [main] lockmgr.DbLockManager: Response to queryId=alex_20240424004919_355aa074-3117-4ec3-955d-289edb03a740 LockResponse(lockid:12, state:ACQUIRED)
2024-04-24T00:49:19,460  INFO [main] ql.Driver: Operation DROPTABLE obtained 1 locks
2024-04-24T00:49:19,460  INFO [main] ql.Driver: Executing command(queryId=alex_20240424004919_355aa074-3117-4ec3-955d-289edb03a740): drop table if exists nonAcidOrcTbl2
2024-04-24T00:49:19,460  INFO [main] ql.Driver: Starting task [Stage-0:DDL] in serial mode
2024-04-24T00:49:19,461  INFO [main] HiveMetaStore.audit: ugi=alex	ip=unknown-ip-addr	cmd=get_table : tbl=hive.default.nonAcidOrcTbl2	
2024-04-24T00:49:19,472  INFO [main] metastore.HMSHandler: Skipping translation for processor with null
2024-04-24T00:49:19,472  INFO [main] HiveMetaStore.audit: ugi=alex	ip=unknown-ip-addr	cmd=get_table : tbl=hive.default.nonAcidOrcTbl2	
2024-04-24T00:49:19,483  INFO [main] metastore.HMSHandler: Skipping translation for processor with null
2024-04-24T00:49:19,484  INFO [main] HiveMetaStore.audit: ugi=alex	ip=unknown-ip-addr	cmd=drop_table : tbl=hive.default.nonAcidOrcTbl2	
2024-04-24T00:49:19,521  INFO [main] metadata.Hive: Dumping metastore api call timing information for : execution phase
2024-04-24T00:49:19,521  INFO [main] metadata.Hive: Total time spent in each metastore function (ms): {dropTable_(String, String, boolean, boolean, boolean)=49, getTable_(GetTableRequest)=12, isCompatibleWith_(Configuration)=0}
2024-04-24T00:49:19,521  INFO [main] ql.Driver: Completed executing command(queryId=alex_20240424004919_355aa074-3117-4ec3-955d-289edb03a740); Time taken: 0.061 seconds
2024-04-24T00:49:19,521  INFO [main] lockmgr.DbTxnManager: Stopped heartbeat for query: alex_20240424004919_355aa074-3117-4ec3-955d-289edb03a740
2024-04-24T00:49:19,526  INFO [main] txn.TxnHandler: Expected to move at least one record from txn_components to completed_txn_components when committing txn! txnid:24
2024-04-24T00:49:19,532  INFO [main] txn.TxnHandler: Removed transactions: ([24]) from MIN_HISTORY_LEVEL
2024-04-24T00:49:19,533  WARN [main] txn.CompactionTxnHandler: No compaction queue record found for Compaction type transaction commit. txnId:24
2024-04-24T00:49:19,533  INFO [main] ql.TxnCommandsBaseForTests: Running the query: drop table if exists nonAcidNonBucket
2024-04-24T00:49:19,534  INFO [main] ql.Driver: Compiling command(queryId=alex_20240424004919_e6af85e6-3e3b-4d1e-80e4-29653ee98d7f): drop table if exists nonAcidNonBucket
2024-04-24T00:49:19,537  INFO [main] txn.TxnHandler: Added entries to MIN_HISTORY_LEVEL for current txns: ([25]) with min_open_txn: 19
2024-04-24T00:49:19,537  INFO [main] lockmgr.DbTxnManager: Opened txnid:25
2024-04-24T00:49:19,538  INFO [main] HiveMetaStore.audit: ugi=alex	ip=unknown-ip-addr	cmd=get_table : tbl=hive.default.nonAcidNonBucket	
2024-04-24T00:49:19,548  INFO [main] metastore.HMSHandler: Skipping translation for processor with null
2024-04-24T00:49:19,548  INFO [main] ql.Driver: Semantic Analysis Completed (retrial = false)
2024-04-24T00:49:19,548  INFO [main] ql.Driver: Created Hive schema: Schema(fieldSchemas:null, properties:null)
2024-04-24T00:49:19,549  INFO [main] metadata.Hive: Dumping metastore api call timing information for : compilation phase
2024-04-24T00:49:19,549  INFO [main] metadata.Hive: Total time spent in each metastore function (ms): {commitTxn_(CommitTxnRequest)=11, getValidTxns_(long)=1, flushCache_()=0, getTable_(GetTableRequest)=10, isCompatibleWith_(Configuration)=2, openTxn_(String, TxnType)=2}
2024-04-24T00:49:19,549  INFO [main] ql.Driver: Completed compiling command(queryId=alex_20240424004919_e6af85e6-3e3b-4d1e-80e4-29653ee98d7f); Time taken: 0.015 seconds
2024-04-24T00:49:19,549  INFO [main] lockmgr.DbTxnManager: Setting lock request transaction to txnid:25 for queryId=alex_20240424004919_e6af85e6-3e3b-4d1e-80e4-29653ee98d7f
2024-04-24T00:49:19,550  INFO [main] lockmgr.DbLockManager: Requesting lock for queryId=alex_20240424004919_e6af85e6-3e3b-4d1e-80e4-29653ee98d7f
2024-04-24T00:49:19,573  INFO [main] lockmgr.DbLockManager: Response to queryId=alex_20240424004919_e6af85e6-3e3b-4d1e-80e4-29653ee98d7f LockResponse(lockid:13, state:ACQUIRED)
2024-04-24T00:49:19,573  INFO [main] ql.Driver: Operation DROPTABLE obtained 1 locks
2024-04-24T00:49:19,573  INFO [main] ql.Driver: Executing command(queryId=alex_20240424004919_e6af85e6-3e3b-4d1e-80e4-29653ee98d7f): drop table if exists nonAcidNonBucket
2024-04-24T00:49:19,573  INFO [main] ql.Driver: Starting task [Stage-0:DDL] in serial mode
2024-04-24T00:49:19,574  INFO [main] HiveMetaStore.audit: ugi=alex	ip=unknown-ip-addr	cmd=get_table : tbl=hive.default.nonAcidNonBucket	
2024-04-24T00:49:19,585  INFO [main] metastore.HMSHandler: Skipping translation for processor with null
2024-04-24T00:49:19,586  INFO [main] HiveMetaStore.audit: ugi=alex	ip=unknown-ip-addr	cmd=get_table : tbl=hive.default.nonAcidNonBucket	
2024-04-24T00:49:19,596  INFO [main] metastore.HMSHandler: Skipping translation for processor with null
2024-04-24T00:49:19,596  INFO [main] HiveMetaStore.audit: ugi=alex	ip=unknown-ip-addr	cmd=drop_table : tbl=hive.default.nonAcidNonBucket	
2024-04-24T00:49:19,632  INFO [main] metadata.Hive: Dumping metastore api call timing information for : execution phase
2024-04-24T00:49:19,632  INFO [main] metadata.Hive: Total time spent in each metastore function (ms): {getTable_(GetTableRequest)=12, dropTable_(String, String, boolean, boolean, boolean)=47, isCompatibleWith_(Configuration)=0}
2024-04-24T00:49:19,632  INFO [main] ql.Driver: Completed executing command(queryId=alex_20240424004919_e6af85e6-3e3b-4d1e-80e4-29653ee98d7f); Time taken: 0.059 seconds
2024-04-24T00:49:19,633  INFO [main] lockmgr.DbTxnManager: Stopped heartbeat for query: alex_20240424004919_e6af85e6-3e3b-4d1e-80e4-29653ee98d7f
2024-04-24T00:49:19,637  INFO [main] txn.TxnHandler: Expected to move at least one record from txn_components to completed_txn_components when committing txn! txnid:25
2024-04-24T00:49:19,644  INFO [main] txn.TxnHandler: Removed transactions: ([25]) from MIN_HISTORY_LEVEL
2024-04-24T00:49:19,644  WARN [main] txn.CompactionTxnHandler: No compaction queue record found for Compaction type transaction commit. txnId:25
2024-04-24T00:49:19,645  INFO [main] utils.TestTxnDbUtil: Cleaning transactional tables
]]></system-err>
  </testcase>
  <testcase name="testNotEnoughToCompact" classname="org.apache.hadoop.hive.ql.TestTxnCommands3" time="4.518"/>
  <testcase name="testCompactionAbort" classname="org.apache.hadoop.hive.ql.TestTxnCommands3" time="12.776"/>
  <testcase name="testAcidMetaColumsDecode" classname="org.apache.hadoop.hive.ql.TestTxnCommands3" time="16.719"/>
  <testcase name="testNotEnoughToCompactNeedsCleaning" classname="org.apache.hadoop.hive.ql.TestTxnCommands3" time="5.753"/>
  <testcase name="testMinorCompactionAbortLeftoverFiles" classname="org.apache.hadoop.hive.ql.TestTxnCommands3" time="5.249">
    <error type="java.lang.RuntimeException"><![CDATA[java.lang.RuntimeException: update T set a=3 where b=2 failed: (responseCode = 40000, errorMessage = FAILED: NoMatchingMethodException No matching method for class org.apache.hadoop.hive.ql.udf.UDFToInteger with (struct<writeid:bigint,bucketid:int,rowid:bigint>). Possible choices: _FUNC_(bigint)  _FUNC_(boolean)  _FUNC_(decimal(38,18))  _FUNC_(double)  _FUNC_(float)  _FUNC_(smallint)  _FUNC_(string)  _FUNC_(struct<rowid:bigint,bucketid:int,writeid:bigint>)  _FUNC_(timestamp)  _FUNC_(tinyint)  _FUNC_(void)  , hiveErrorCode = 40000, SQLState = 42000, exception = No matching method for class org.apache.hadoop.hive.ql.udf.UDFToInteger with (struct<writeid:bigint,bucketid:int,rowid:bigint>). Possible choices: _FUNC_(bigint)  _FUNC_(boolean)  _FUNC_(decimal(38,18))  _FUNC_(double)  _FUNC_(float)  _FUNC_(smallint)  _FUNC_(string)  _FUNC_(struct<rowid:bigint,bucketid:int,writeid:bigint>)  _FUNC_(timestamp)  _FUNC_(tinyint)  _FUNC_(void)  )
	at org.apache.hadoop.hive.ql.TxnCommandsBaseForTests.runStatementOnDriver(TxnCommandsBaseForTests.java:247)
	at org.apache.hadoop.hive.ql.TestTxnCommands3.testMinorCompactionAbortLeftoverFiles(TestTxnCommands3.java:535)
	at sun.reflect.NativeMethodAccessorImpl.invoke0(Native Method)
	at sun.reflect.NativeMethodAccessorImpl.invoke(NativeMethodAccessorImpl.java:62)
	at sun.reflect.DelegatingMethodAccessorImpl.invoke(DelegatingMethodAccessorImpl.java:43)
	at java.lang.reflect.Method.invoke(Method.java:498)
	at org.junit.runners.model.FrameworkMethod$1.runReflectiveCall(FrameworkMethod.java:59)
	at org.junit.internal.runners.model.ReflectiveCallable.run(ReflectiveCallable.java:12)
	at org.junit.runners.model.FrameworkMethod.invokeExplosively(FrameworkMethod.java:56)
	at org.junit.internal.runners.statements.InvokeMethod.evaluate(InvokeMethod.java:17)
	at org.junit.internal.runners.statements.RunBefores.evaluate(RunBefores.java:26)
	at org.junit.internal.runners.statements.RunAfters.evaluate(RunAfters.java:27)
	at org.junit.rules.TestWatcher$1.evaluate(TestWatcher.java:61)
	at org.junit.runners.ParentRunner$3.evaluate(ParentRunner.java:306)
	at org.junit.runners.BlockJUnit4ClassRunner$1.evaluate(BlockJUnit4ClassRunner.java:100)
	at org.junit.runners.ParentRunner.runLeaf(ParentRunner.java:366)
	at org.junit.runners.BlockJUnit4ClassRunner.runChild(BlockJUnit4ClassRunner.java:103)
	at org.junit.runners.BlockJUnit4ClassRunner.runChild(BlockJUnit4ClassRunner.java:63)
	at org.junit.runners.ParentRunner$4.run(ParentRunner.java:331)
	at org.junit.runners.ParentRunner$1.schedule(ParentRunner.java:79)
	at org.junit.runners.ParentRunner.runChildren(ParentRunner.java:329)
	at org.junit.runners.ParentRunner.access$100(ParentRunner.java:66)
	at org.junit.runners.ParentRunner$2.evaluate(ParentRunner.java:293)
	at org.junit.runners.ParentRunner$3.evaluate(ParentRunner.java:306)
	at org.junit.runners.ParentRunner.run(ParentRunner.java:413)
	at org.junit.runner.JUnitCore.run(JUnitCore.java:137)
	at org.junit.runner.JUnitCore.run(JUnitCore.java:115)
	at org.junit.vintage.engine.execution.RunnerExecutor.execute(RunnerExecutor.java:43)
	at java.util.stream.ForEachOps$ForEachOp$OfRef.accept(ForEachOps.java:183)
	at java.util.stream.ReferencePipeline$3$1.accept(ReferencePipeline.java:193)
	at java.util.Iterator.forEachRemaining(Iterator.java:116)
	at java.util.Spliterators$IteratorSpliterator.forEachRemaining(Spliterators.java:1801)
	at java.util.stream.AbstractPipeline.copyInto(AbstractPipeline.java:482)
	at java.util.stream.AbstractPipeline.wrapAndCopyInto(AbstractPipeline.java:472)
	at java.util.stream.ForEachOps$ForEachOp.evaluateSequential(ForEachOps.java:150)
	at java.util.stream.ForEachOps$ForEachOp$OfRef.evaluateSequential(ForEachOps.java:173)
	at java.util.stream.AbstractPipeline.evaluate(AbstractPipeline.java:234)
	at java.util.stream.ReferencePipeline.forEach(ReferencePipeline.java:485)
	at org.junit.vintage.engine.VintageTestEngine.executeAllChildren(VintageTestEngine.java:82)
	at org.junit.vintage.engine.VintageTestEngine.execute(VintageTestEngine.java:73)
	at org.junit.platform.launcher.core.DefaultLauncher.execute(DefaultLauncher.java:248)
	at org.junit.platform.launcher.core.DefaultLauncher.lambda$execute$5(DefaultLauncher.java:211)
	at org.junit.platform.launcher.core.DefaultLauncher.withInterceptedStreams(DefaultLauncher.java:226)
	at org.junit.platform.launcher.core.DefaultLauncher.execute(DefaultLauncher.java:199)
	at org.junit.platform.launcher.core.DefaultLauncher.execute(DefaultLauncher.java:132)
	at org.apache.maven.surefire.junitplatform.JUnitPlatformProvider.invokeAllTests(JUnitPlatformProvider.java:154)
	at org.apache.maven.surefire.junitplatform.JUnitPlatformProvider.invoke(JUnitPlatformProvider.java:123)
	at org.apache.maven.surefire.booter.ForkedBooter.runSuitesInProcess(ForkedBooter.java:377)
	at org.apache.maven.surefire.booter.ForkedBooter.execute(ForkedBooter.java:138)
	at org.apache.maven.surefire.booter.ForkedBooter.run(ForkedBooter.java:465)
	at org.apache.maven.surefire.booter.ForkedBooter.main(ForkedBooter.java:451)
]]></error>
    <system-err><![CDATA[2024-04-24T00:49:59,485  WARN [main] conf.HiveConf: HiveConf of name hive.metastore.client.cache.maxSize does not exist
2024-04-24T00:49:59,485  WARN [main] conf.HiveConf: HiveConf of name hive.llap.io.cache.orc.arena.size does not exist
2024-04-24T00:49:59,485  WARN [main] conf.HiveConf: HiveConf of name hive.dummyparam.test.server.specific.config.metastoresite does not exist
2024-04-24T00:49:59,485  WARN [main] conf.HiveConf: HiveConf of name hive.metastore.client.cache.recordStats does not exist
2024-04-24T00:49:59,485  WARN [main] conf.HiveConf: HiveConf of name hive.llap.io.cache.orc.alloc.min does not exist
2024-04-24T00:49:59,485  WARN [main] conf.HiveConf: HiveConf of name hive.llap.io.cache.orc.size does not exist
2024-04-24T00:49:59,485  WARN [main] conf.HiveConf: HiveConf of name hive.dummyparam.test.server.specific.config.hivesite does not exist
2024-04-24T00:49:59,486  WARN [main] conf.HiveConf: HiveConf of name hive.llap.io.cache.orc.alloc.max does not exist
2024-04-24T00:49:59,486  WARN [main] conf.HiveConf: HiveConf of name hive.metastore.metadb.dir does not exist
2024-04-24T00:49:59,486  WARN [main] conf.HiveConf: HiveConf of name hive.stats.key.prefix.reserve.length does not exist
2024-04-24T00:49:59,486  WARN [main] conf.HiveConf: HiveConf of name hive.dummyparam.test.server.specific.config.override does not exist
2024-04-24T00:49:59,488  INFO [main] utils.TestTxnDbUtil: Creating transactional tables
Hive Session ID = 8423955d-670f-4414-8ede-077e7fa545bd
2024-04-24T00:49:59,490  INFO [main] SessionState: Hive Session ID = 8423955d-670f-4414-8ede-077e7fa545bd
ivysettings.xml file not found in HIVE_HOME or HIVE_CONF_DIR,/home/alex/Repositories/hive/conf/ivysettings.xml will be used
2024-04-24T00:49:59,491  INFO [main] DependencyResolver: ivysettings.xml file not found in HIVE_HOME or HIVE_CONF_DIR,/home/alex/Repositories/hive/conf/ivysettings.xml will be used
2024-04-24T00:49:59,496  INFO [main] session.SessionState: Created HDFS directory: /home/alex/Repositories/hive/ql/target/tmp/scratchdir/alex/8423955d-670f-4414-8ede-077e7fa545bd
2024-04-24T00:49:59,498  INFO [main] session.SessionState: Created local directory: /home/alex/Repositories/hive/ql/target/tmp/localscratchdir/8423955d-670f-4414-8ede-077e7fa545bd
2024-04-24T00:49:59,500  INFO [main] session.SessionState: Created HDFS directory: /home/alex/Repositories/hive/ql/target/tmp/scratchdir/alex/8423955d-670f-4414-8ede-077e7fa545bd/_tmp_space.db
2024-04-24T00:49:59,501  INFO [main] sqlstd.SQLStdHiveAccessController: Created SQLStdHiveAccessController for session context : HiveAuthzSessionContext [sessionString=8423955d-670f-4414-8ede-077e7fa545bd, clientType=HIVECLI]
2024-04-24T00:49:59,501  INFO [main] ql.TxnCommandsBaseForTests: Running the query: drop table if exists acidTbl
2024-04-24T00:49:59,501  INFO [main] ql.Driver: Compiling command(queryId=alex_20240424004959_f7db3af4-ff3e-44db-9e4d-7009d482bdf3): drop table if exists acidTbl
2024-04-24T00:49:59,508  INFO [main] txn.TxnHandler: Added entries to MIN_HISTORY_LEVEL for current txns: ([1]) with min_open_txn: 1
2024-04-24T00:49:59,509  INFO [main] lockmgr.DbTxnManager: Opened txnid:1
2024-04-24T00:49:59,511  INFO [main] HiveMetaStore.audit: ugi=alex	ip=unknown-ip-addr	cmd=get_table : tbl=hive.default.acidTbl	
2024-04-24T00:49:59,517  INFO [main] ql.Driver: Semantic Analysis Completed (retrial = false)
2024-04-24T00:49:59,517  INFO [main] ql.Driver: Created Hive schema: Schema(fieldSchemas:null, properties:null)
2024-04-24T00:49:59,517  INFO [main] metadata.Hive: Dumping metastore api call timing information for : compilation phase
2024-04-24T00:49:59,517  INFO [main] metadata.Hive: Total time spent in each metastore function (ms): {getValidTxns_(long)=2, isCompatibleWith_(Configuration)=0, commitTxn_(CommitTxnRequest)=9, flushCache_()=1, openTxn_(String, TxnType)=7}
2024-04-24T00:49:59,517  INFO [main] ql.Driver: Completed compiling command(queryId=alex_20240424004959_f7db3af4-ff3e-44db-9e4d-7009d482bdf3); Time taken: 0.016 seconds
2024-04-24T00:49:59,518  INFO [main] lockmgr.DbTxnManager: Setting lock request transaction to txnid:1 for queryId=alex_20240424004959_f7db3af4-ff3e-44db-9e4d-7009d482bdf3
2024-04-24T00:49:59,518  INFO [main] ql.Driver: Operation DROPTABLE obtained 0 locks
2024-04-24T00:49:59,518  INFO [main] ql.Driver: Executing command(queryId=alex_20240424004959_f7db3af4-ff3e-44db-9e4d-7009d482bdf3): drop table if exists acidTbl
2024-04-24T00:49:59,518  INFO [main] ql.Driver: Starting task [Stage-0:DDL] in serial mode
2024-04-24T00:49:59,519  INFO [main] HiveMetaStore.audit: ugi=alex	ip=unknown-ip-addr	cmd=get_table : tbl=hive.default.acidTbl	
2024-04-24T00:49:59,522  INFO [main] metadata.Hive: Dumping metastore api call timing information for : execution phase
2024-04-24T00:49:59,522  INFO [main] metadata.Hive: Total time spent in each metastore function (ms): {isCompatibleWith_(Configuration)=0}
2024-04-24T00:49:59,522  INFO [main] ql.Driver: Completed executing command(queryId=alex_20240424004959_f7db3af4-ff3e-44db-9e4d-7009d482bdf3); Time taken: 0.004 seconds
2024-04-24T00:49:59,522  INFO [main] lockmgr.DbTxnManager: Stopped heartbeat for query: alex_20240424004959_f7db3af4-ff3e-44db-9e4d-7009d482bdf3
2024-04-24T00:49:59,528  INFO [main] txn.TxnHandler: Expected to move at least one record from txn_components to completed_txn_components when committing txn! txnid:1
2024-04-24T00:49:59,533  INFO [main] txn.TxnHandler: Removed transactions: ([1]) from MIN_HISTORY_LEVEL
2024-04-24T00:49:59,534  WARN [main] txn.CompactionTxnHandler: No compaction queue record found for Compaction type transaction commit. txnId:1
2024-04-24T00:49:59,535  INFO [main] ql.TxnCommandsBaseForTests: Running the query: drop table if exists acidTblPart
2024-04-24T00:49:59,535  INFO [main] ql.Driver: Compiling command(queryId=alex_20240424004959_65c7e66e-4015-410c-959f-6746ac3d74f3): drop table if exists acidTblPart
2024-04-24T00:49:59,537  INFO [main] txn.TxnHandler: Added entries to MIN_HISTORY_LEVEL for current txns: ([2]) with min_open_txn: 1
2024-04-24T00:49:59,538  INFO [main] lockmgr.DbTxnManager: Opened txnid:2
2024-04-24T00:49:59,539  INFO [main] HiveMetaStore.audit: ugi=alex	ip=unknown-ip-addr	cmd=get_table : tbl=hive.default.acidTblPart	
2024-04-24T00:49:59,542  INFO [main] ql.Driver: Semantic Analysis Completed (retrial = false)
2024-04-24T00:49:59,542  INFO [main] ql.Driver: Created Hive schema: Schema(fieldSchemas:null, properties:null)
2024-04-24T00:49:59,542  INFO [main] metadata.Hive: Dumping metastore api call timing information for : compilation phase
2024-04-24T00:49:59,542  INFO [main] metadata.Hive: Total time spent in each metastore function (ms): {openTxn_(String, TxnType)=2, isCompatibleWith_(Configuration)=0, flushCache_()=1, commitTxn_(CommitTxnRequest)=12, getValidTxns_(long)=0}
2024-04-24T00:49:59,542  INFO [main] ql.Driver: Completed compiling command(queryId=alex_20240424004959_65c7e66e-4015-410c-959f-6746ac3d74f3); Time taken: 0.007 seconds
2024-04-24T00:49:59,543  INFO [main] lockmgr.DbTxnManager: Setting lock request transaction to txnid:2 for queryId=alex_20240424004959_65c7e66e-4015-410c-959f-6746ac3d74f3
2024-04-24T00:49:59,543  INFO [main] ql.Driver: Operation DROPTABLE obtained 0 locks
2024-04-24T00:49:59,543  INFO [main] ql.Driver: Executing command(queryId=alex_20240424004959_65c7e66e-4015-410c-959f-6746ac3d74f3): drop table if exists acidTblPart
2024-04-24T00:49:59,543  INFO [main] ql.Driver: Starting task [Stage-0:DDL] in serial mode
2024-04-24T00:49:59,543  INFO [main] HiveMetaStore.audit: ugi=alex	ip=unknown-ip-addr	cmd=get_table : tbl=hive.default.acidTblPart	
2024-04-24T00:49:59,546  INFO [main] metadata.Hive: Dumping metastore api call timing information for : execution phase
2024-04-24T00:49:59,547  INFO [main] metadata.Hive: Total time spent in each metastore function (ms): {isCompatibleWith_(Configuration)=0}
2024-04-24T00:49:59,547  INFO [main] ql.Driver: Completed executing command(queryId=alex_20240424004959_65c7e66e-4015-410c-959f-6746ac3d74f3); Time taken: 0.003 seconds
2024-04-24T00:49:59,547  INFO [main] lockmgr.DbTxnManager: Stopped heartbeat for query: alex_20240424004959_65c7e66e-4015-410c-959f-6746ac3d74f3
2024-04-24T00:49:59,552  INFO [main] txn.TxnHandler: Expected to move at least one record from txn_components to completed_txn_components when committing txn! txnid:2
2024-04-24T00:49:59,557  INFO [main] txn.TxnHandler: Removed transactions: ([2]) from MIN_HISTORY_LEVEL
2024-04-24T00:49:59,557  WARN [main] txn.CompactionTxnHandler: No compaction queue record found for Compaction type transaction commit. txnId:2
2024-04-24T00:49:59,558  INFO [main] ql.TxnCommandsBaseForTests: Running the query: drop table if exists acidTbl2
2024-04-24T00:49:59,558  INFO [main] ql.Driver: Compiling command(queryId=alex_20240424004959_2b240501-dd66-4f51-be35-86cbe1f17e7f): drop table if exists acidTbl2
2024-04-24T00:49:59,561  INFO [main] txn.TxnHandler: Added entries to MIN_HISTORY_LEVEL for current txns: ([3]) with min_open_txn: 1
2024-04-24T00:49:59,561  INFO [main] lockmgr.DbTxnManager: Opened txnid:3
2024-04-24T00:49:59,562  INFO [main] HiveMetaStore.audit: ugi=alex	ip=unknown-ip-addr	cmd=get_table : tbl=hive.default.acidTbl2	
2024-04-24T00:49:59,565  INFO [main] ql.Driver: Semantic Analysis Completed (retrial = false)
2024-04-24T00:49:59,565  INFO [main] ql.Driver: Created Hive schema: Schema(fieldSchemas:null, properties:null)
2024-04-24T00:49:59,565  INFO [main] metadata.Hive: Dumping metastore api call timing information for : compilation phase
2024-04-24T00:49:59,566  INFO [main] metadata.Hive: Total time spent in each metastore function (ms): {openTxn_(String, TxnType)=2, flushCache_()=1, isCompatibleWith_(Configuration)=0, commitTxn_(CommitTxnRequest)=11, getValidTxns_(long)=1}
2024-04-24T00:49:59,566  INFO [main] ql.Driver: Completed compiling command(queryId=alex_20240424004959_2b240501-dd66-4f51-be35-86cbe1f17e7f); Time taken: 0.007 seconds
2024-04-24T00:49:59,566  INFO [main] lockmgr.DbTxnManager: Setting lock request transaction to txnid:3 for queryId=alex_20240424004959_2b240501-dd66-4f51-be35-86cbe1f17e7f
2024-04-24T00:49:59,566  INFO [main] ql.Driver: Operation DROPTABLE obtained 0 locks
2024-04-24T00:49:59,566  INFO [main] ql.Driver: Executing command(queryId=alex_20240424004959_2b240501-dd66-4f51-be35-86cbe1f17e7f): drop table if exists acidTbl2
2024-04-24T00:49:59,566  INFO [main] ql.Driver: Starting task [Stage-0:DDL] in serial mode
2024-04-24T00:49:59,567  INFO [main] HiveMetaStore.audit: ugi=alex	ip=unknown-ip-addr	cmd=get_table : tbl=hive.default.acidTbl2	
2024-04-24T00:49:59,570  INFO [main] metadata.Hive: Dumping metastore api call timing information for : execution phase
2024-04-24T00:49:59,570  INFO [main] metadata.Hive: Total time spent in each metastore function (ms): {isCompatibleWith_(Configuration)=0}
2024-04-24T00:49:59,571  INFO [main] ql.Driver: Completed executing command(queryId=alex_20240424004959_2b240501-dd66-4f51-be35-86cbe1f17e7f); Time taken: 0.004 seconds
2024-04-24T00:49:59,571  INFO [main] lockmgr.DbTxnManager: Stopped heartbeat for query: alex_20240424004959_2b240501-dd66-4f51-be35-86cbe1f17e7f
2024-04-24T00:49:59,575  INFO [main] txn.TxnHandler: Expected to move at least one record from txn_components to completed_txn_components when committing txn! txnid:3
2024-04-24T00:49:59,580  INFO [main] txn.TxnHandler: Removed transactions: ([3]) from MIN_HISTORY_LEVEL
2024-04-24T00:49:59,580  WARN [main] txn.CompactionTxnHandler: No compaction queue record found for Compaction type transaction commit. txnId:3
2024-04-24T00:49:59,581  INFO [main] ql.TxnCommandsBaseForTests: Running the query: drop table if exists nonAcidOrcTbl
2024-04-24T00:49:59,581  INFO [main] ql.Driver: Compiling command(queryId=alex_20240424004959_069d16a7-984b-4971-a568-425c2beafd8e): drop table if exists nonAcidOrcTbl
2024-04-24T00:49:59,583  INFO [main] txn.TxnHandler: Added entries to MIN_HISTORY_LEVEL for current txns: ([4]) with min_open_txn: 1
2024-04-24T00:49:59,584  INFO [main] lockmgr.DbTxnManager: Opened txnid:4
2024-04-24T00:49:59,585  INFO [main] HiveMetaStore.audit: ugi=alex	ip=unknown-ip-addr	cmd=get_table : tbl=hive.default.nonAcidOrcTbl	
2024-04-24T00:49:59,588  INFO [main] ql.Driver: Semantic Analysis Completed (retrial = false)
2024-04-24T00:49:59,588  INFO [main] ql.Driver: Created Hive schema: Schema(fieldSchemas:null, properties:null)
2024-04-24T00:49:59,588  INFO [main] metadata.Hive: Dumping metastore api call timing information for : compilation phase
2024-04-24T00:49:59,588  INFO [main] metadata.Hive: Total time spent in each metastore function (ms): {commitTxn_(CommitTxnRequest)=9, isCompatibleWith_(Configuration)=1, openTxn_(String, TxnType)=2, getValidTxns_(long)=0, flushCache_()=0}
2024-04-24T00:49:59,588  INFO [main] ql.Driver: Completed compiling command(queryId=alex_20240424004959_069d16a7-984b-4971-a568-425c2beafd8e); Time taken: 0.007 seconds
2024-04-24T00:49:59,589  INFO [main] lockmgr.DbTxnManager: Setting lock request transaction to txnid:4 for queryId=alex_20240424004959_069d16a7-984b-4971-a568-425c2beafd8e
2024-04-24T00:49:59,589  INFO [main] ql.Driver: Operation DROPTABLE obtained 0 locks
2024-04-24T00:49:59,589  INFO [main] ql.Driver: Executing command(queryId=alex_20240424004959_069d16a7-984b-4971-a568-425c2beafd8e): drop table if exists nonAcidOrcTbl
2024-04-24T00:49:59,589  INFO [main] ql.Driver: Starting task [Stage-0:DDL] in serial mode
2024-04-24T00:49:59,590  INFO [main] HiveMetaStore.audit: ugi=alex	ip=unknown-ip-addr	cmd=get_table : tbl=hive.default.nonAcidOrcTbl	
2024-04-24T00:49:59,593  INFO [main] metadata.Hive: Dumping metastore api call timing information for : execution phase
2024-04-24T00:49:59,593  INFO [main] metadata.Hive: Total time spent in each metastore function (ms): {isCompatibleWith_(Configuration)=0}
2024-04-24T00:49:59,593  INFO [main] ql.Driver: Completed executing command(queryId=alex_20240424004959_069d16a7-984b-4971-a568-425c2beafd8e); Time taken: 0.004 seconds
2024-04-24T00:49:59,593  INFO [main] lockmgr.DbTxnManager: Stopped heartbeat for query: alex_20240424004959_069d16a7-984b-4971-a568-425c2beafd8e
2024-04-24T00:49:59,598  INFO [main] txn.TxnHandler: Expected to move at least one record from txn_components to completed_txn_components when committing txn! txnid:4
2024-04-24T00:49:59,603  INFO [main] txn.TxnHandler: Removed transactions: ([4]) from MIN_HISTORY_LEVEL
2024-04-24T00:49:59,603  WARN [main] txn.CompactionTxnHandler: No compaction queue record found for Compaction type transaction commit. txnId:4
2024-04-24T00:49:59,603  INFO [main] ql.TxnCommandsBaseForTests: Running the query: drop table if exists nonAcidOrcTbl2
2024-04-24T00:49:59,604  INFO [main] ql.Driver: Compiling command(queryId=alex_20240424004959_2021bb94-2b7f-41b7-a3c4-2003518ca750): drop table if exists nonAcidOrcTbl2
2024-04-24T00:49:59,606  INFO [main] txn.TxnHandler: Added entries to MIN_HISTORY_LEVEL for current txns: ([5]) with min_open_txn: 1
2024-04-24T00:49:59,606  INFO [main] lockmgr.DbTxnManager: Opened txnid:5
2024-04-24T00:49:59,607  INFO [main] HiveMetaStore.audit: ugi=alex	ip=unknown-ip-addr	cmd=get_table : tbl=hive.default.nonAcidOrcTbl2	
2024-04-24T00:49:59,610  INFO [main] ql.Driver: Semantic Analysis Completed (retrial = false)
2024-04-24T00:49:59,611  INFO [main] ql.Driver: Created Hive schema: Schema(fieldSchemas:null, properties:null)
2024-04-24T00:49:59,611  INFO [main] metadata.Hive: Dumping metastore api call timing information for : compilation phase
2024-04-24T00:49:59,611  INFO [main] metadata.Hive: Total time spent in each metastore function (ms): {isCompatibleWith_(Configuration)=1, openTxn_(String, TxnType)=2, getValidTxns_(long)=0, flushCache_()=0, commitTxn_(CommitTxnRequest)=9}
2024-04-24T00:49:59,611  INFO [main] ql.Driver: Completed compiling command(queryId=alex_20240424004959_2021bb94-2b7f-41b7-a3c4-2003518ca750); Time taken: 0.007 seconds
2024-04-24T00:49:59,611  INFO [main] lockmgr.DbTxnManager: Setting lock request transaction to txnid:5 for queryId=alex_20240424004959_2021bb94-2b7f-41b7-a3c4-2003518ca750
2024-04-24T00:49:59,611  INFO [main] ql.Driver: Operation DROPTABLE obtained 0 locks
2024-04-24T00:49:59,611  INFO [main] ql.Driver: Executing command(queryId=alex_20240424004959_2021bb94-2b7f-41b7-a3c4-2003518ca750): drop table if exists nonAcidOrcTbl2
2024-04-24T00:49:59,611  INFO [main] ql.Driver: Starting task [Stage-0:DDL] in serial mode
2024-04-24T00:49:59,612  INFO [main] HiveMetaStore.audit: ugi=alex	ip=unknown-ip-addr	cmd=get_table : tbl=hive.default.nonAcidOrcTbl2	
2024-04-24T00:49:59,615  INFO [main] metadata.Hive: Dumping metastore api call timing information for : execution phase
2024-04-24T00:49:59,615  INFO [main] metadata.Hive: Total time spent in each metastore function (ms): {isCompatibleWith_(Configuration)=1}
2024-04-24T00:49:59,615  INFO [main] ql.Driver: Completed executing command(queryId=alex_20240424004959_2021bb94-2b7f-41b7-a3c4-2003518ca750); Time taken: 0.004 seconds
2024-04-24T00:49:59,616  INFO [main] lockmgr.DbTxnManager: Stopped heartbeat for query: alex_20240424004959_2021bb94-2b7f-41b7-a3c4-2003518ca750
2024-04-24T00:49:59,620  INFO [main] txn.TxnHandler: Expected to move at least one record from txn_components to completed_txn_components when committing txn! txnid:5
2024-04-24T00:49:59,625  INFO [main] txn.TxnHandler: Removed transactions: ([5]) from MIN_HISTORY_LEVEL
2024-04-24T00:49:59,625  WARN [main] txn.CompactionTxnHandler: No compaction queue record found for Compaction type transaction commit. txnId:5
2024-04-24T00:49:59,626  INFO [main] ql.TxnCommandsBaseForTests: Running the query: drop table if exists nonAcidNonBucket
2024-04-24T00:49:59,626  INFO [main] ql.Driver: Compiling command(queryId=alex_20240424004959_7bb5170c-0c22-4cc6-a460-e6b6739faa1d): drop table if exists nonAcidNonBucket
2024-04-24T00:49:59,628  INFO [main] txn.TxnHandler: Added entries to MIN_HISTORY_LEVEL for current txns: ([6]) with min_open_txn: 1
2024-04-24T00:49:59,628  INFO [main] lockmgr.DbTxnManager: Opened txnid:6
2024-04-24T00:49:59,630  INFO [main] HiveMetaStore.audit: ugi=alex	ip=unknown-ip-addr	cmd=get_table : tbl=hive.default.nonAcidNonBucket	
2024-04-24T00:49:59,633  INFO [main] ql.Driver: Semantic Analysis Completed (retrial = false)
2024-04-24T00:49:59,633  INFO [main] ql.Driver: Created Hive schema: Schema(fieldSchemas:null, properties:null)
2024-04-24T00:49:59,633  INFO [main] metadata.Hive: Dumping metastore api call timing information for : compilation phase
2024-04-24T00:49:59,633  INFO [main] metadata.Hive: Total time spent in each metastore function (ms): {isCompatibleWith_(Configuration)=0, flushCache_()=0, commitTxn_(CommitTxnRequest)=9, openTxn_(String, TxnType)=2, getValidTxns_(long)=0}
2024-04-24T00:49:59,633  INFO [main] ql.Driver: Completed compiling command(queryId=alex_20240424004959_7bb5170c-0c22-4cc6-a460-e6b6739faa1d); Time taken: 0.007 seconds
2024-04-24T00:49:59,634  INFO [main] lockmgr.DbTxnManager: Setting lock request transaction to txnid:6 for queryId=alex_20240424004959_7bb5170c-0c22-4cc6-a460-e6b6739faa1d
2024-04-24T00:49:59,634  INFO [main] ql.Driver: Operation DROPTABLE obtained 0 locks
2024-04-24T00:49:59,634  INFO [main] ql.Driver: Executing command(queryId=alex_20240424004959_7bb5170c-0c22-4cc6-a460-e6b6739faa1d): drop table if exists nonAcidNonBucket
2024-04-24T00:49:59,634  INFO [main] ql.Driver: Starting task [Stage-0:DDL] in serial mode
2024-04-24T00:49:59,634  INFO [main] HiveMetaStore.audit: ugi=alex	ip=unknown-ip-addr	cmd=get_table : tbl=hive.default.nonAcidNonBucket	
2024-04-24T00:49:59,638  INFO [main] metadata.Hive: Dumping metastore api call timing information for : execution phase
2024-04-24T00:49:59,638  INFO [main] metadata.Hive: Total time spent in each metastore function (ms): {isCompatibleWith_(Configuration)=0}
2024-04-24T00:49:59,638  INFO [main] ql.Driver: Completed executing command(queryId=alex_20240424004959_7bb5170c-0c22-4cc6-a460-e6b6739faa1d); Time taken: 0.004 seconds
2024-04-24T00:49:59,638  INFO [main] lockmgr.DbTxnManager: Stopped heartbeat for query: alex_20240424004959_7bb5170c-0c22-4cc6-a460-e6b6739faa1d
2024-04-24T00:49:59,642  INFO [main] txn.TxnHandler: Expected to move at least one record from txn_components to completed_txn_components when committing txn! txnid:6
2024-04-24T00:49:59,647  INFO [main] txn.TxnHandler: Removed transactions: ([6]) from MIN_HISTORY_LEVEL
2024-04-24T00:49:59,648  WARN [main] txn.CompactionTxnHandler: No compaction queue record found for Compaction type transaction commit. txnId:6
2024-04-24T00:49:59,648  INFO [main] ql.TxnCommandsBaseForTests: Running the query: create table acidTbl(a int, b int) clustered by (a) into 2 buckets stored as orc TBLPROPERTIES ('transactional'='true')
2024-04-24T00:49:59,649  INFO [main] ql.Driver: Compiling command(queryId=alex_20240424004959_48dddc0c-7d51-4d3a-8b2c-8cec584ffec3): create table acidTbl(a int, b int) clustered by (a) into 2 buckets stored as orc TBLPROPERTIES ('transactional'='true')
2024-04-24T00:49:59,651  INFO [main] txn.TxnHandler: Added entries to MIN_HISTORY_LEVEL for current txns: ([7]) with min_open_txn: 1
2024-04-24T00:49:59,652  INFO [main] lockmgr.DbTxnManager: Opened txnid:7
2024-04-24T00:49:59,652  INFO [main] parse.CalcitePlanner: Starting caching scope for: 
2024-04-24T00:49:59,653  INFO [main] parse.CalcitePlanner: Starting Semantic Analysis
2024-04-24T00:49:59,657  INFO [main] parse.CalcitePlanner: Creating table default.acidTbl position=13
2024-04-24T00:49:59,658  INFO [main] HiveMetaStore.audit: ugi=alex	ip=unknown-ip-addr	cmd=get_database: default	
2024-04-24T00:49:59,660  INFO [main] parse.CalcitePlanner: Ending caching scope for: 
2024-04-24T00:49:59,660  INFO [main] ql.Driver: Semantic Analysis Completed (retrial = false)
2024-04-24T00:49:59,660  INFO [main] ql.Driver: Created Hive schema: Schema(fieldSchemas:null, properties:null)
2024-04-24T00:49:59,660  INFO [main] metadata.Hive: Dumping metastore api call timing information for : compilation phase
2024-04-24T00:49:59,660  INFO [main] metadata.Hive: Total time spent in each metastore function (ms): {isCompatibleWith_(Configuration)=0, commitTxn_(CommitTxnRequest)=10, getDatabase_(String)=2, openTxn_(String, TxnType)=3, getValidTxns_(long)=0, flushCache_()=0, getValidWriteIds_(List, String)=4}
2024-04-24T00:49:59,660  INFO [main] ql.Driver: Completed compiling command(queryId=alex_20240424004959_48dddc0c-7d51-4d3a-8b2c-8cec584ffec3); Time taken: 0.011 seconds
2024-04-24T00:49:59,661  INFO [main] lockmgr.DbTxnManager: Setting lock request transaction to txnid:7 for queryId=alex_20240424004959_48dddc0c-7d51-4d3a-8b2c-8cec584ffec3
2024-04-24T00:49:59,661  INFO [main] lockmgr.DbLockManager: Requesting lock for queryId=alex_20240424004959_48dddc0c-7d51-4d3a-8b2c-8cec584ffec3
2024-04-24T00:49:59,677  INFO [main] lockmgr.DbLockManager: Response to queryId=alex_20240424004959_48dddc0c-7d51-4d3a-8b2c-8cec584ffec3 LockResponse(lockid:1, state:ACQUIRED)
2024-04-24T00:49:59,677  INFO [main] ql.Driver: Operation CREATETABLE obtained 1 locks
2024-04-24T00:49:59,678  INFO [main] ql.Driver: Executing command(queryId=alex_20240424004959_48dddc0c-7d51-4d3a-8b2c-8cec584ffec3): create table acidTbl(a int, b int) clustered by (a) into 2 buckets stored as orc TBLPROPERTIES ('transactional'='true')
2024-04-24T00:49:59,678  INFO [main] ql.Driver: Starting task [Stage-0:DDL] in serial mode
2024-04-24T00:49:59,680  INFO [main] HiveMetaStore.audit: ugi=alex	ip=unknown-ip-addr	cmd=create_table_req: Table(tableName:acidTbl, dbName:default, owner:alex, createTime:1713944999, lastAccessTime:0, retention:0, sd:StorageDescriptor(cols:[FieldSchema(name:a, type:int, comment:null), FieldSchema(name:b, type:int, comment:null)], location:null, inputFormat:org.apache.hadoop.hive.ql.io.orc.OrcInputFormat, outputFormat:org.apache.hadoop.hive.ql.io.orc.OrcOutputFormat, compressed:false, numBuckets:2, serdeInfo:SerDeInfo(name:null, serializationLib:org.apache.hadoop.hive.ql.io.orc.OrcSerde, parameters:{serialization.format=1}), bucketCols:[a], sortCols:[], parameters:{}, skewedInfo:SkewedInfo(skewedColNames:[], skewedColValues:[], skewedColValueLocationMaps:{}), storedAsSubDirectories:false), partitionKeys:[], parameters:{numRows=0, numFiles=0, totalSize=0, numFilesErasureCoded=0, rawDataSize=0, COLUMN_STATS_ACCURATE={"BASIC_STATS":"true","COLUMN_STATS":{"a":"true","b":"true"}}, transactional=true, bucketing_version=2}, viewOriginalText:null, viewExpandedText:null, tableType:MANAGED_TABLE, privileges:PrincipalPrivilegeSet(userPrivileges:{alex=[PrivilegeGrantInfo(privilege:INSERT, createTime:-1, grantor:alex, grantorType:USER, grantOption:true), PrivilegeGrantInfo(privilege:SELECT, createTime:-1, grantor:alex, grantorType:USER, grantOption:true), PrivilegeGrantInfo(privilege:UPDATE, createTime:-1, grantor:alex, grantorType:USER, grantOption:true), PrivilegeGrantInfo(privilege:DELETE, createTime:-1, grantor:alex, grantorType:USER, grantOption:true)]}, groupPrivileges:null, rolePrivileges:null), temporary:false, catName:hive, ownerType:USER, writeId:0)	
2024-04-24T00:49:59,685  INFO [main] utils.FileUtils: Creating directory if it doesn't exist: file:/home/alex/Repositories/hive/ql/target/tmp/org.apache.hadoop.hive.ql.TestTxnCommands3-1713944903826/warehouse/acidtbl
2024-04-24T00:49:59,720  INFO [main] metadata.Hive: Dumping metastore api call timing information for : execution phase
2024-04-24T00:49:59,720  INFO [main] metadata.Hive: Total time spent in each metastore function (ms): {createTable_(Table)=41, isCompatibleWith_(Configuration)=0}
2024-04-24T00:49:59,720  INFO [main] ql.Driver: Completed executing command(queryId=alex_20240424004959_48dddc0c-7d51-4d3a-8b2c-8cec584ffec3); Time taken: 0.042 seconds
2024-04-24T00:49:59,720  INFO [main] lockmgr.DbTxnManager: Stopped heartbeat for query: alex_20240424004959_48dddc0c-7d51-4d3a-8b2c-8cec584ffec3
2024-04-24T00:49:59,724  INFO [main] txn.TxnHandler: Expected to move at least one record from txn_components to completed_txn_components when committing txn! txnid:7
2024-04-24T00:49:59,729  INFO [main] txn.TxnHandler: Removed transactions: ([7]) from MIN_HISTORY_LEVEL
2024-04-24T00:49:59,729  WARN [main] txn.CompactionTxnHandler: No compaction queue record found for Compaction type transaction commit. txnId:7
2024-04-24T00:49:59,729  INFO [main] ql.TxnCommandsBaseForTests: Running the query: create table acidTblPart(a int, b int) partitioned by (p string) clustered by (a) into 2 buckets stored as orc TBLPROPERTIES ('transactional'='true')
2024-04-24T00:49:59,730  INFO [main] ql.Driver: Compiling command(queryId=alex_20240424004959_6849f18c-7fc1-43af-8bb8-85781d760071): create table acidTblPart(a int, b int) partitioned by (p string) clustered by (a) into 2 buckets stored as orc TBLPROPERTIES ('transactional'='true')
2024-04-24T00:49:59,732  INFO [main] txn.TxnHandler: Added entries to MIN_HISTORY_LEVEL for current txns: ([8]) with min_open_txn: 1
2024-04-24T00:49:59,732  INFO [main] lockmgr.DbTxnManager: Opened txnid:8
2024-04-24T00:49:59,735  INFO [main] parse.CalcitePlanner: Starting caching scope for: 
2024-04-24T00:49:59,735  INFO [main] parse.CalcitePlanner: Starting Semantic Analysis
2024-04-24T00:49:59,737  INFO [main] parse.CalcitePlanner: Creating table default.acidTblPart position=13
2024-04-24T00:49:59,738  INFO [main] HiveMetaStore.audit: ugi=alex	ip=unknown-ip-addr	cmd=get_database: default	
2024-04-24T00:49:59,740  INFO [main] parse.CalcitePlanner: Ending caching scope for: 
2024-04-24T00:49:59,740  INFO [main] ql.Driver: Semantic Analysis Completed (retrial = false)
2024-04-24T00:49:59,740  INFO [main] ql.Driver: Created Hive schema: Schema(fieldSchemas:null, properties:null)
2024-04-24T00:49:59,740  INFO [main] metadata.Hive: Dumping metastore api call timing information for : compilation phase
2024-04-24T00:49:59,740  INFO [main] metadata.Hive: Total time spent in each metastore function (ms): {commitTxn_(CommitTxnRequest)=9, getDatabase_(String)=2, openTxn_(String, TxnType)=2, getValidWriteIds_(List, String)=2, flushCache_()=0, isCompatibleWith_(Configuration)=0, getValidTxns_(long)=2}
2024-04-24T00:49:59,741  INFO [main] ql.Driver: Completed compiling command(queryId=alex_20240424004959_6849f18c-7fc1-43af-8bb8-85781d760071); Time taken: 0.01 seconds
2024-04-24T00:49:59,741  INFO [main] lockmgr.DbTxnManager: Setting lock request transaction to txnid:8 for queryId=alex_20240424004959_6849f18c-7fc1-43af-8bb8-85781d760071
2024-04-24T00:49:59,741  INFO [main] lockmgr.DbLockManager: Requesting lock for queryId=alex_20240424004959_6849f18c-7fc1-43af-8bb8-85781d760071
2024-04-24T00:49:59,755  INFO [main] lockmgr.DbLockManager: Response to queryId=alex_20240424004959_6849f18c-7fc1-43af-8bb8-85781d760071 LockResponse(lockid:2, state:ACQUIRED)
2024-04-24T00:49:59,755  INFO [main] ql.Driver: Operation CREATETABLE obtained 1 locks
2024-04-24T00:49:59,756  INFO [main] ql.Driver: Executing command(queryId=alex_20240424004959_6849f18c-7fc1-43af-8bb8-85781d760071): create table acidTblPart(a int, b int) partitioned by (p string) clustered by (a) into 2 buckets stored as orc TBLPROPERTIES ('transactional'='true')
2024-04-24T00:49:59,757  INFO [main] ql.Driver: Starting task [Stage-0:DDL] in serial mode
2024-04-24T00:49:59,758  INFO [main] HiveMetaStore.audit: ugi=alex	ip=unknown-ip-addr	cmd=create_table_req: Table(tableName:acidTblPart, dbName:default, owner:alex, createTime:1713944999, lastAccessTime:0, retention:0, sd:StorageDescriptor(cols:[FieldSchema(name:a, type:int, comment:null), FieldSchema(name:b, type:int, comment:null)], location:null, inputFormat:org.apache.hadoop.hive.ql.io.orc.OrcInputFormat, outputFormat:org.apache.hadoop.hive.ql.io.orc.OrcOutputFormat, compressed:false, numBuckets:2, serdeInfo:SerDeInfo(name:null, serializationLib:org.apache.hadoop.hive.ql.io.orc.OrcSerde, parameters:{serialization.format=1}), bucketCols:[a], sortCols:[], parameters:{}, skewedInfo:SkewedInfo(skewedColNames:[], skewedColValues:[], skewedColValueLocationMaps:{}), storedAsSubDirectories:false), partitionKeys:[FieldSchema(name:p, type:string, comment:null)], parameters:{bucketing_version=2, transactional=true}, viewOriginalText:null, viewExpandedText:null, tableType:MANAGED_TABLE, privileges:PrincipalPrivilegeSet(userPrivileges:{alex=[PrivilegeGrantInfo(privilege:INSERT, createTime:-1, grantor:alex, grantorType:USER, grantOption:true), PrivilegeGrantInfo(privilege:SELECT, createTime:-1, grantor:alex, grantorType:USER, grantOption:true), PrivilegeGrantInfo(privilege:UPDATE, createTime:-1, grantor:alex, grantorType:USER, grantOption:true), PrivilegeGrantInfo(privilege:DELETE, createTime:-1, grantor:alex, grantorType:USER, grantOption:true)]}, groupPrivileges:null, rolePrivileges:null), temporary:false, catName:hive, ownerType:USER, writeId:0)	
2024-04-24T00:49:59,764  INFO [main] utils.FileUtils: Creating directory if it doesn't exist: file:/home/alex/Repositories/hive/ql/target/tmp/org.apache.hadoop.hive.ql.TestTxnCommands3-1713944903826/warehouse/acidtblpart
2024-04-24T00:49:59,779  INFO [main] metadata.Hive: Dumping metastore api call timing information for : execution phase
2024-04-24T00:49:59,779  INFO [main] metadata.Hive: Total time spent in each metastore function (ms): {createTable_(Table)=22, isCompatibleWith_(Configuration)=0}
2024-04-24T00:49:59,779  INFO [main] ql.Driver: Completed executing command(queryId=alex_20240424004959_6849f18c-7fc1-43af-8bb8-85781d760071); Time taken: 0.023 seconds
2024-04-24T00:49:59,779  INFO [main] lockmgr.DbTxnManager: Stopped heartbeat for query: alex_20240424004959_6849f18c-7fc1-43af-8bb8-85781d760071
2024-04-24T00:49:59,783  INFO [main] txn.TxnHandler: Expected to move at least one record from txn_components to completed_txn_components when committing txn! txnid:8
2024-04-24T00:49:59,788  INFO [main] txn.TxnHandler: Removed transactions: ([8]) from MIN_HISTORY_LEVEL
2024-04-24T00:49:59,789  WARN [main] txn.CompactionTxnHandler: No compaction queue record found for Compaction type transaction commit. txnId:8
2024-04-24T00:49:59,789  INFO [main] ql.TxnCommandsBaseForTests: Running the query: create table nonAcidOrcTbl(a int, b int) clustered by (a) into 2 buckets stored as orc TBLPROPERTIES ('transactional'='false')
2024-04-24T00:49:59,790  INFO [main] ql.Driver: Compiling command(queryId=alex_20240424004959_ef9fe7a4-07f9-435e-8a2b-e927cd000145): create table nonAcidOrcTbl(a int, b int) clustered by (a) into 2 buckets stored as orc TBLPROPERTIES ('transactional'='false')
2024-04-24T00:49:59,792  INFO [main] txn.TxnHandler: Added entries to MIN_HISTORY_LEVEL for current txns: ([9]) with min_open_txn: 1
2024-04-24T00:49:59,792  INFO [main] lockmgr.DbTxnManager: Opened txnid:9
2024-04-24T00:49:59,793  INFO [main] parse.CalcitePlanner: Starting caching scope for: 
2024-04-24T00:49:59,793  INFO [main] parse.CalcitePlanner: Starting Semantic Analysis
2024-04-24T00:49:59,796  INFO [main] parse.CalcitePlanner: Creating table default.nonAcidOrcTbl position=13
2024-04-24T00:49:59,796  INFO [main] HiveMetaStore.audit: ugi=alex	ip=unknown-ip-addr	cmd=get_database: default	
2024-04-24T00:49:59,798  INFO [main] parse.CalcitePlanner: Ending caching scope for: 
2024-04-24T00:49:59,798  INFO [main] ql.Driver: Semantic Analysis Completed (retrial = false)
2024-04-24T00:49:59,798  INFO [main] ql.Driver: Created Hive schema: Schema(fieldSchemas:null, properties:null)
2024-04-24T00:49:59,798  INFO [main] metadata.Hive: Dumping metastore api call timing information for : compilation phase
2024-04-24T00:49:59,799  INFO [main] metadata.Hive: Total time spent in each metastore function (ms): {openTxn_(String, TxnType)=2, isCompatibleWith_(Configuration)=0, commitTxn_(CommitTxnRequest)=9, flushCache_()=0, getValidWriteIds_(List, String)=3, getValidTxns_(long)=1, getDatabase_(String)=2}
2024-04-24T00:49:59,799  INFO [main] ql.Driver: Completed compiling command(queryId=alex_20240424004959_ef9fe7a4-07f9-435e-8a2b-e927cd000145); Time taken: 0.008 seconds
2024-04-24T00:49:59,799  INFO [main] lockmgr.DbTxnManager: Setting lock request transaction to txnid:9 for queryId=alex_20240424004959_ef9fe7a4-07f9-435e-8a2b-e927cd000145
2024-04-24T00:49:59,799  INFO [main] lockmgr.DbLockManager: Requesting lock for queryId=alex_20240424004959_ef9fe7a4-07f9-435e-8a2b-e927cd000145
2024-04-24T00:49:59,812  INFO [main] lockmgr.DbLockManager: Response to queryId=alex_20240424004959_ef9fe7a4-07f9-435e-8a2b-e927cd000145 LockResponse(lockid:3, state:ACQUIRED)
2024-04-24T00:49:59,812  INFO [main] ql.Driver: Operation CREATETABLE obtained 1 locks
2024-04-24T00:49:59,812  INFO [main] ql.Driver: Executing command(queryId=alex_20240424004959_ef9fe7a4-07f9-435e-8a2b-e927cd000145): create table nonAcidOrcTbl(a int, b int) clustered by (a) into 2 buckets stored as orc TBLPROPERTIES ('transactional'='false')
2024-04-24T00:49:59,813  INFO [main] ql.Driver: Starting task [Stage-0:DDL] in serial mode
2024-04-24T00:49:59,814  INFO [main] HiveMetaStore.audit: ugi=alex	ip=unknown-ip-addr	cmd=create_table_req: Table(tableName:nonAcidOrcTbl, dbName:default, owner:alex, createTime:1713944999, lastAccessTime:0, retention:0, sd:StorageDescriptor(cols:[FieldSchema(name:a, type:int, comment:null), FieldSchema(name:b, type:int, comment:null)], location:null, inputFormat:org.apache.hadoop.hive.ql.io.orc.OrcInputFormat, outputFormat:org.apache.hadoop.hive.ql.io.orc.OrcOutputFormat, compressed:false, numBuckets:2, serdeInfo:SerDeInfo(name:null, serializationLib:org.apache.hadoop.hive.ql.io.orc.OrcSerde, parameters:{serialization.format=1}), bucketCols:[a], sortCols:[], parameters:{}, skewedInfo:SkewedInfo(skewedColNames:[], skewedColValues:[], skewedColValueLocationMaps:{}), storedAsSubDirectories:false), partitionKeys:[], parameters:{rawDataSize=0, bucketing_version=2, transactional=false, totalSize=0, COLUMN_STATS_ACCURATE={"BASIC_STATS":"true","COLUMN_STATS":{"a":"true","b":"true"}}, numRows=0, numFilesErasureCoded=0, numFiles=0}, viewOriginalText:null, viewExpandedText:null, tableType:MANAGED_TABLE, privileges:PrincipalPrivilegeSet(userPrivileges:{alex=[PrivilegeGrantInfo(privilege:INSERT, createTime:-1, grantor:alex, grantorType:USER, grantOption:true), PrivilegeGrantInfo(privilege:SELECT, createTime:-1, grantor:alex, grantorType:USER, grantOption:true), PrivilegeGrantInfo(privilege:UPDATE, createTime:-1, grantor:alex, grantorType:USER, grantOption:true), PrivilegeGrantInfo(privilege:DELETE, createTime:-1, grantor:alex, grantorType:USER, grantOption:true)]}, groupPrivileges:null, rolePrivileges:null), temporary:false, catName:hive, ownerType:USER)	
2024-04-24T00:49:59,820  INFO [main] utils.FileUtils: Creating directory if it doesn't exist: file:/home/alex/Repositories/hive/ql/target/tmp/org.apache.hadoop.hive.ql.TestTxnCommands3-1713944903826/warehouse/nonacidorctbl
2024-04-24T00:49:59,836  INFO [main] metadata.Hive: Dumping metastore api call timing information for : execution phase
2024-04-24T00:49:59,836  INFO [main] metadata.Hive: Total time spent in each metastore function (ms): {createTable_(Table)=23, isCompatibleWith_(Configuration)=0}
2024-04-24T00:49:59,836  INFO [main] ql.Driver: Completed executing command(queryId=alex_20240424004959_ef9fe7a4-07f9-435e-8a2b-e927cd000145); Time taken: 0.024 seconds
2024-04-24T00:49:59,836  INFO [main] lockmgr.DbTxnManager: Stopped heartbeat for query: alex_20240424004959_ef9fe7a4-07f9-435e-8a2b-e927cd000145
2024-04-24T00:49:59,840  INFO [main] txn.TxnHandler: Expected to move at least one record from txn_components to completed_txn_components when committing txn! txnid:9
2024-04-24T00:49:59,846  INFO [main] txn.TxnHandler: Removed transactions: ([9]) from MIN_HISTORY_LEVEL
2024-04-24T00:49:59,846  WARN [main] txn.CompactionTxnHandler: No compaction queue record found for Compaction type transaction commit. txnId:9
2024-04-24T00:49:59,847  INFO [main] ql.TxnCommandsBaseForTests: Running the query: create table nonAcidOrcTbl2(a int, b int) clustered by (a) into 2 buckets stored as orc TBLPROPERTIES ('transactional'='false')
2024-04-24T00:49:59,848  INFO [main] ql.Driver: Compiling command(queryId=alex_20240424004959_6833f72c-74df-46a8-bd7a-19b2d0af3d2a): create table nonAcidOrcTbl2(a int, b int) clustered by (a) into 2 buckets stored as orc TBLPROPERTIES ('transactional'='false')
2024-04-24T00:49:59,851  INFO [main] txn.TxnHandler: Added entries to MIN_HISTORY_LEVEL for current txns: ([10]) with min_open_txn: 1
2024-04-24T00:49:59,852  INFO [main] lockmgr.DbTxnManager: Opened txnid:10
2024-04-24T00:49:59,853  INFO [main] parse.CalcitePlanner: Starting caching scope for: 
2024-04-24T00:49:59,853  INFO [main] parse.CalcitePlanner: Starting Semantic Analysis
2024-04-24T00:49:59,856  INFO [main] parse.CalcitePlanner: Creating table default.nonAcidOrcTbl2 position=13
2024-04-24T00:49:59,857  INFO [main] HiveMetaStore.audit: ugi=alex	ip=unknown-ip-addr	cmd=get_database: default	
2024-04-24T00:49:59,859  INFO [main] parse.CalcitePlanner: Ending caching scope for: 
2024-04-24T00:49:59,859  INFO [main] ql.Driver: Semantic Analysis Completed (retrial = false)
2024-04-24T00:49:59,859  INFO [main] ql.Driver: Created Hive schema: Schema(fieldSchemas:null, properties:null)
2024-04-24T00:49:59,859  INFO [main] metadata.Hive: Dumping metastore api call timing information for : compilation phase
2024-04-24T00:49:59,859  INFO [main] metadata.Hive: Total time spent in each metastore function (ms): {getDatabase_(String)=3, openTxn_(String, TxnType)=3, getValidWriteIds_(List, String)=3, isCompatibleWith_(Configuration)=1, flushCache_()=0, getValidTxns_(long)=1, commitTxn_(CommitTxnRequest)=10}
2024-04-24T00:49:59,859  INFO [main] ql.Driver: Completed compiling command(queryId=alex_20240424004959_6833f72c-74df-46a8-bd7a-19b2d0af3d2a); Time taken: 0.011 seconds
2024-04-24T00:49:59,860  INFO [main] lockmgr.DbTxnManager: Setting lock request transaction to txnid:10 for queryId=alex_20240424004959_6833f72c-74df-46a8-bd7a-19b2d0af3d2a
2024-04-24T00:49:59,860  INFO [main] lockmgr.DbLockManager: Requesting lock for queryId=alex_20240424004959_6833f72c-74df-46a8-bd7a-19b2d0af3d2a
2024-04-24T00:49:59,879  INFO [main] lockmgr.DbLockManager: Response to queryId=alex_20240424004959_6833f72c-74df-46a8-bd7a-19b2d0af3d2a LockResponse(lockid:4, state:ACQUIRED)
2024-04-24T00:49:59,879  INFO [main] ql.Driver: Operation CREATETABLE obtained 1 locks
2024-04-24T00:49:59,879  INFO [main] ql.Driver: Executing command(queryId=alex_20240424004959_6833f72c-74df-46a8-bd7a-19b2d0af3d2a): create table nonAcidOrcTbl2(a int, b int) clustered by (a) into 2 buckets stored as orc TBLPROPERTIES ('transactional'='false')
2024-04-24T00:49:59,879  INFO [main] ql.Driver: Starting task [Stage-0:DDL] in serial mode
2024-04-24T00:49:59,881  INFO [main] HiveMetaStore.audit: ugi=alex	ip=unknown-ip-addr	cmd=create_table_req: Table(tableName:nonAcidOrcTbl2, dbName:default, owner:alex, createTime:1713944999, lastAccessTime:0, retention:0, sd:StorageDescriptor(cols:[FieldSchema(name:a, type:int, comment:null), FieldSchema(name:b, type:int, comment:null)], location:null, inputFormat:org.apache.hadoop.hive.ql.io.orc.OrcInputFormat, outputFormat:org.apache.hadoop.hive.ql.io.orc.OrcOutputFormat, compressed:false, numBuckets:2, serdeInfo:SerDeInfo(name:null, serializationLib:org.apache.hadoop.hive.ql.io.orc.OrcSerde, parameters:{serialization.format=1}), bucketCols:[a], sortCols:[], parameters:{}, skewedInfo:SkewedInfo(skewedColNames:[], skewedColValues:[], skewedColValueLocationMaps:{}), storedAsSubDirectories:false), partitionKeys:[], parameters:{bucketing_version=2, transactional=false, numRows=0, numFiles=0, rawDataSize=0, numFilesErasureCoded=0, totalSize=0, COLUMN_STATS_ACCURATE={"BASIC_STATS":"true","COLUMN_STATS":{"a":"true","b":"true"}}}, viewOriginalText:null, viewExpandedText:null, tableType:MANAGED_TABLE, privileges:PrincipalPrivilegeSet(userPrivileges:{alex=[PrivilegeGrantInfo(privilege:INSERT, createTime:-1, grantor:alex, grantorType:USER, grantOption:true), PrivilegeGrantInfo(privilege:SELECT, createTime:-1, grantor:alex, grantorType:USER, grantOption:true), PrivilegeGrantInfo(privilege:UPDATE, createTime:-1, grantor:alex, grantorType:USER, grantOption:true), PrivilegeGrantInfo(privilege:DELETE, createTime:-1, grantor:alex, grantorType:USER, grantOption:true)]}, groupPrivileges:null, rolePrivileges:null), temporary:false, catName:hive, ownerType:USER)	
2024-04-24T00:49:59,889  INFO [main] utils.FileUtils: Creating directory if it doesn't exist: file:/home/alex/Repositories/hive/ql/target/tmp/org.apache.hadoop.hive.ql.TestTxnCommands3-1713944903826/warehouse/nonacidorctbl2
2024-04-24T00:49:59,912  INFO [main] metadata.Hive: Dumping metastore api call timing information for : execution phase
2024-04-24T00:49:59,912  INFO [main] metadata.Hive: Total time spent in each metastore function (ms): {createTable_(Table)=31, isCompatibleWith_(Configuration)=0}
2024-04-24T00:49:59,912  INFO [main] ql.Driver: Completed executing command(queryId=alex_20240424004959_6833f72c-74df-46a8-bd7a-19b2d0af3d2a); Time taken: 0.033 seconds
2024-04-24T00:49:59,912  INFO [main] lockmgr.DbTxnManager: Stopped heartbeat for query: alex_20240424004959_6833f72c-74df-46a8-bd7a-19b2d0af3d2a
2024-04-24T00:49:59,918  INFO [main] txn.TxnHandler: Expected to move at least one record from txn_components to completed_txn_components when committing txn! txnid:10
2024-04-24T00:49:59,924  INFO [main] txn.TxnHandler: Removed transactions: ([10]) from MIN_HISTORY_LEVEL
2024-04-24T00:49:59,924  WARN [main] txn.CompactionTxnHandler: No compaction queue record found for Compaction type transaction commit. txnId:10
2024-04-24T00:49:59,925  INFO [main] ql.TxnCommandsBaseForTests: Running the query: create temporary  table acidTbl2(a int, b int, c int) clustered by (c) into 2 buckets stored as orc TBLPROPERTIES ('transactional'='true')
2024-04-24T00:49:59,925  INFO [main] ql.Driver: Compiling command(queryId=alex_20240424004959_85e3b9fb-a462-4af8-826d-ae5f9db0333c): create temporary  table acidTbl2(a int, b int, c int) clustered by (c) into 2 buckets stored as orc TBLPROPERTIES ('transactional'='true')
2024-04-24T00:49:59,928  INFO [main] txn.TxnHandler: Added entries to MIN_HISTORY_LEVEL for current txns: ([11]) with min_open_txn: 1
2024-04-24T00:49:59,928  INFO [main] lockmgr.DbTxnManager: Opened txnid:11
2024-04-24T00:49:59,929  INFO [main] parse.CalcitePlanner: Starting caching scope for: 
2024-04-24T00:49:59,929  INFO [main] parse.CalcitePlanner: Starting Semantic Analysis
2024-04-24T00:49:59,932  INFO [main] parse.CalcitePlanner: Creating table default.acidTbl2 position=24
2024-04-24T00:49:59,932  INFO [main] HiveMetaStore.audit: ugi=alex	ip=unknown-ip-addr	cmd=get_database: default	
2024-04-24T00:49:59,934  INFO [main] parse.CalcitePlanner: Ending caching scope for: 
2024-04-24T00:49:59,934  INFO [main] ql.Driver: Semantic Analysis Completed (retrial = false)
2024-04-24T00:49:59,934  INFO [main] ql.Driver: Created Hive schema: Schema(fieldSchemas:null, properties:null)
2024-04-24T00:49:59,934  INFO [main] metadata.Hive: Dumping metastore api call timing information for : compilation phase
2024-04-24T00:49:59,935  INFO [main] metadata.Hive: Total time spent in each metastore function (ms): {commitTxn_(CommitTxnRequest)=12, getDatabase_(String)=2, flushCache_()=1, isCompatibleWith_(Configuration)=0, getValidTxns_(long)=1, openTxn_(String, TxnType)=2, getValidWriteIds_(List, String)=3}
2024-04-24T00:49:59,935  INFO [main] ql.Driver: Completed compiling command(queryId=alex_20240424004959_85e3b9fb-a462-4af8-826d-ae5f9db0333c); Time taken: 0.009 seconds
2024-04-24T00:49:59,935  INFO [main] lockmgr.DbTxnManager: Setting lock request transaction to txnid:11 for queryId=alex_20240424004959_85e3b9fb-a462-4af8-826d-ae5f9db0333c
2024-04-24T00:49:59,935  INFO [main] lockmgr.DbLockManager: Requesting lock for queryId=alex_20240424004959_85e3b9fb-a462-4af8-826d-ae5f9db0333c
2024-04-24T00:49:59,948  INFO [main] lockmgr.DbLockManager: Response to queryId=alex_20240424004959_85e3b9fb-a462-4af8-826d-ae5f9db0333c LockResponse(lockid:5, state:ACQUIRED)
2024-04-24T00:49:59,948  INFO [main] ql.Driver: Operation CREATETABLE obtained 1 locks
2024-04-24T00:49:59,949  INFO [main] ql.Driver: Executing command(queryId=alex_20240424004959_85e3b9fb-a462-4af8-826d-ae5f9db0333c): create temporary  table acidTbl2(a int, b int, c int) clustered by (c) into 2 buckets stored as orc TBLPROPERTIES ('transactional'='true')
2024-04-24T00:49:59,949  INFO [main] ql.Driver: Starting task [Stage-0:DDL] in serial mode
2024-04-24T00:49:59,950  INFO [main] utils.FileUtils: Creating directory if it doesn't exist: file:/home/alex/Repositories/hive/ql/target/tmp/scratchdir/alex/8423955d-670f-4414-8ede-077e7fa545bd/_tmp_space.db/a0e1c1d1-a04e-4387-afa0-430b43e93b3a
2024-04-24T00:49:59,954  INFO [main] metadata.Hive: Dumping metastore api call timing information for : execution phase
2024-04-24T00:49:59,954  INFO [main] metadata.Hive: Total time spent in each metastore function (ms): {isCompatibleWith_(Configuration)=0, createTable_(Table)=3}
2024-04-24T00:49:59,954  INFO [main] ql.Driver: Completed executing command(queryId=alex_20240424004959_85e3b9fb-a462-4af8-826d-ae5f9db0333c); Time taken: 0.005 seconds
2024-04-24T00:49:59,954  INFO [main] lockmgr.DbTxnManager: Stopped heartbeat for query: alex_20240424004959_85e3b9fb-a462-4af8-826d-ae5f9db0333c
2024-04-24T00:49:59,959  INFO [main] txn.TxnHandler: Expected to move at least one record from txn_components to completed_txn_components when committing txn! txnid:11
2024-04-24T00:49:59,965  INFO [main] txn.TxnHandler: Removed transactions: ([11]) from MIN_HISTORY_LEVEL
2024-04-24T00:49:59,965  WARN [main] txn.CompactionTxnHandler: No compaction queue record found for Compaction type transaction commit. txnId:11
2024-04-24T00:49:59,965  INFO [main] ql.TxnCommandsBaseForTests: Running the query: create table nonAcidNonBucket(a int, b int) stored as orc TBLPROPERTIES ('transactional'='false')
2024-04-24T00:49:59,966  INFO [main] ql.Driver: Compiling command(queryId=alex_20240424004959_4f9f4697-1e68-4810-bd66-1642b9e179a5): create table nonAcidNonBucket(a int, b int) stored as orc TBLPROPERTIES ('transactional'='false')
2024-04-24T00:49:59,968  INFO [main] txn.TxnHandler: Added entries to MIN_HISTORY_LEVEL for current txns: ([12]) with min_open_txn: 1
2024-04-24T00:49:59,968  INFO [main] lockmgr.DbTxnManager: Opened txnid:12
2024-04-24T00:49:59,969  INFO [main] parse.CalcitePlanner: Starting caching scope for: 
2024-04-24T00:49:59,969  INFO [main] parse.CalcitePlanner: Starting Semantic Analysis
2024-04-24T00:49:59,971  INFO [main] parse.CalcitePlanner: Creating table default.nonAcidNonBucket position=13
2024-04-24T00:49:59,972  INFO [main] HiveMetaStore.audit: ugi=alex	ip=unknown-ip-addr	cmd=get_database: default	
2024-04-24T00:49:59,974  INFO [main] parse.CalcitePlanner: Ending caching scope for: 
2024-04-24T00:49:59,974  INFO [main] ql.Driver: Semantic Analysis Completed (retrial = false)
2024-04-24T00:49:59,974  INFO [main] ql.Driver: Created Hive schema: Schema(fieldSchemas:null, properties:null)
2024-04-24T00:49:59,974  INFO [main] metadata.Hive: Dumping metastore api call timing information for : compilation phase
2024-04-24T00:49:59,974  INFO [main] metadata.Hive: Total time spent in each metastore function (ms): {getDatabase_(String)=2, commitTxn_(CommitTxnRequest)=11, getValidWriteIds_(List, String)=2, isCompatibleWith_(Configuration)=0, getValidTxns_(long)=0, openTxn_(String, TxnType)=2, flushCache_()=0}
2024-04-24T00:49:59,974  INFO [main] ql.Driver: Completed compiling command(queryId=alex_20240424004959_4f9f4697-1e68-4810-bd66-1642b9e179a5); Time taken: 0.008 seconds
2024-04-24T00:49:59,975  INFO [main] lockmgr.DbTxnManager: Setting lock request transaction to txnid:12 for queryId=alex_20240424004959_4f9f4697-1e68-4810-bd66-1642b9e179a5
2024-04-24T00:49:59,975  INFO [main] lockmgr.DbLockManager: Requesting lock for queryId=alex_20240424004959_4f9f4697-1e68-4810-bd66-1642b9e179a5
2024-04-24T00:49:59,989  INFO [main] lockmgr.DbLockManager: Response to queryId=alex_20240424004959_4f9f4697-1e68-4810-bd66-1642b9e179a5 LockResponse(lockid:6, state:ACQUIRED)
2024-04-24T00:49:59,989  INFO [main] ql.Driver: Operation CREATETABLE obtained 1 locks
2024-04-24T00:49:59,989  INFO [main] ql.Driver: Executing command(queryId=alex_20240424004959_4f9f4697-1e68-4810-bd66-1642b9e179a5): create table nonAcidNonBucket(a int, b int) stored as orc TBLPROPERTIES ('transactional'='false')
2024-04-24T00:49:59,989  INFO [main] ql.Driver: Starting task [Stage-0:DDL] in serial mode
2024-04-24T00:49:59,990  INFO [main] HiveMetaStore.audit: ugi=alex	ip=unknown-ip-addr	cmd=create_table_req: Table(tableName:nonAcidNonBucket, dbName:default, owner:alex, createTime:1713944999, lastAccessTime:0, retention:0, sd:StorageDescriptor(cols:[FieldSchema(name:a, type:int, comment:null), FieldSchema(name:b, type:int, comment:null)], location:null, inputFormat:org.apache.hadoop.hive.ql.io.orc.OrcInputFormat, outputFormat:org.apache.hadoop.hive.ql.io.orc.OrcOutputFormat, compressed:false, numBuckets:-1, serdeInfo:SerDeInfo(name:null, serializationLib:org.apache.hadoop.hive.ql.io.orc.OrcSerde, parameters:{serialization.format=1}), bucketCols:[], sortCols:[], parameters:{}, skewedInfo:SkewedInfo(skewedColNames:[], skewedColValues:[], skewedColValueLocationMaps:{}), storedAsSubDirectories:false), partitionKeys:[], parameters:{totalSize=0, rawDataSize=0, numFiles=0, COLUMN_STATS_ACCURATE={"BASIC_STATS":"true","COLUMN_STATS":{"a":"true","b":"true"}}, bucketing_version=2, numRows=0, numFilesErasureCoded=0, transactional=false}, viewOriginalText:null, viewExpandedText:null, tableType:MANAGED_TABLE, privileges:PrincipalPrivilegeSet(userPrivileges:{alex=[PrivilegeGrantInfo(privilege:INSERT, createTime:-1, grantor:alex, grantorType:USER, grantOption:true), PrivilegeGrantInfo(privilege:SELECT, createTime:-1, grantor:alex, grantorType:USER, grantOption:true), PrivilegeGrantInfo(privilege:UPDATE, createTime:-1, grantor:alex, grantorType:USER, grantOption:true), PrivilegeGrantInfo(privilege:DELETE, createTime:-1, grantor:alex, grantorType:USER, grantOption:true)]}, groupPrivileges:null, rolePrivileges:null), temporary:false, catName:hive, ownerType:USER)	
2024-04-24T00:49:59,996  INFO [main] utils.FileUtils: Creating directory if it doesn't exist: file:/home/alex/Repositories/hive/ql/target/tmp/org.apache.hadoop.hive.ql.TestTxnCommands3-1713944903826/warehouse/nonacidnonbucket
2024-04-24T00:50:00,011  INFO [main] metadata.Hive: Dumping metastore api call timing information for : execution phase
2024-04-24T00:50:00,012  INFO [main] metadata.Hive: Total time spent in each metastore function (ms): {isCompatibleWith_(Configuration)=0, createTable_(Table)=21}
2024-04-24T00:50:00,012  INFO [main] ql.Driver: Completed executing command(queryId=alex_20240424004959_4f9f4697-1e68-4810-bd66-1642b9e179a5); Time taken: 0.022 seconds
2024-04-24T00:50:00,012  INFO [main] lockmgr.DbTxnManager: Stopped heartbeat for query: alex_20240424004959_4f9f4697-1e68-4810-bd66-1642b9e179a5
2024-04-24T00:50:00,016  INFO [main] txn.TxnHandler: Expected to move at least one record from txn_components to completed_txn_components when committing txn! txnid:12
2024-04-24T00:50:00,024  INFO [main] txn.TxnHandler: Removed transactions: ([12]) from MIN_HISTORY_LEVEL
2024-04-24T00:50:00,024  WARN [main] txn.CompactionTxnHandler: No compaction queue record found for Compaction type transaction commit. txnId:12
2024-04-24T00:50:00,025  INFO [main] ql.Driver: Compiling command(queryId=alex_20240424005000_b09c7e3d-2687-4567-8faf-ae312b0b1593): drop table if exists T
2024-04-24T00:50:00,029  INFO [main] txn.TxnHandler: Added entries to MIN_HISTORY_LEVEL for current txns: ([13]) with min_open_txn: 1
2024-04-24T00:50:00,030  INFO [main] lockmgr.DbTxnManager: Opened txnid:13
2024-04-24T00:50:00,031  INFO [main] HiveMetaStore.audit: ugi=alex	ip=unknown-ip-addr	cmd=get_table : tbl=hive.default.T	
2024-04-24T00:50:00,060  INFO [main] metastore.HMSHandler: Skipping translation for processor with null
2024-04-24T00:50:00,060  INFO [main] ql.Driver: Semantic Analysis Completed (retrial = false)
2024-04-24T00:50:00,060  INFO [main] ql.Driver: Created Hive schema: Schema(fieldSchemas:null, properties:null)
2024-04-24T00:50:00,060  INFO [main] metadata.Hive: Dumping metastore api call timing information for : compilation phase
2024-04-24T00:50:00,061  INFO [main] metadata.Hive: Total time spent in each metastore function (ms): {getTable_(GetTableRequest)=29, commitTxn_(CommitTxnRequest)=13, flushCache_()=0, getValidTxns_(long)=1, isCompatibleWith_(Configuration)=0, openTxn_(String, TxnType)=4}
2024-04-24T00:50:00,061  INFO [main] ql.Driver: Completed compiling command(queryId=alex_20240424005000_b09c7e3d-2687-4567-8faf-ae312b0b1593); Time taken: 0.035 seconds
2024-04-24T00:50:00,061  INFO [main] lockmgr.DbTxnManager: Setting lock request transaction to txnid:13 for queryId=alex_20240424005000_b09c7e3d-2687-4567-8faf-ae312b0b1593
2024-04-24T00:50:00,062  INFO [main] lockmgr.DbLockManager: Requesting lock for queryId=alex_20240424005000_b09c7e3d-2687-4567-8faf-ae312b0b1593
2024-04-24T00:50:00,083  INFO [main] lockmgr.DbLockManager: Response to queryId=alex_20240424005000_b09c7e3d-2687-4567-8faf-ae312b0b1593 LockResponse(lockid:7, state:ACQUIRED)
2024-04-24T00:50:00,083  INFO [main] ql.Driver: Operation DROPTABLE obtained 1 locks
2024-04-24T00:50:00,083  INFO [main] ql.Driver: Executing command(queryId=alex_20240424005000_b09c7e3d-2687-4567-8faf-ae312b0b1593): drop table if exists T
2024-04-24T00:50:00,083  INFO [main] ql.Driver: Starting task [Stage-0:DDL] in serial mode
2024-04-24T00:50:00,084  INFO [main] HiveMetaStore.audit: ugi=alex	ip=unknown-ip-addr	cmd=get_table : tbl=hive.default.T	
2024-04-24T00:50:00,092  INFO [main] metastore.HMSHandler: Skipping translation for processor with null
2024-04-24T00:50:00,092  INFO [main] HiveMetaStore.audit: ugi=alex	ip=unknown-ip-addr	cmd=get_table : tbl=hive.default.T	
2024-04-24T00:50:00,100  INFO [main] metastore.HMSHandler: Skipping translation for processor with null
2024-04-24T00:50:00,101  INFO [main] HiveMetaStore.audit: ugi=alex	ip=unknown-ip-addr	cmd=drop_table : tbl=hive.default.T	
2024-04-24T00:50:00,208  WARN [main] utils.FileUtils: File file:/home/alex/Repositories/hive/ql/target/tmp/org.apache.hadoop.hive.ql.TestTxnCommands3-1713944903826/warehouse/t does not exist; Force to delete it.
2024-04-24T00:50:00,208 ERROR [main] utils.FileUtils: Failed to delete file:/home/alex/Repositories/hive/ql/target/tmp/org.apache.hadoop.hive.ql.TestTxnCommands3-1713944903826/warehouse/t
2024-04-24T00:50:00,209  INFO [main] metadata.Hive: Dumping metastore api call timing information for : execution phase
2024-04-24T00:50:00,209  INFO [main] metadata.Hive: Total time spent in each metastore function (ms): {dropTable_(String, String, boolean, boolean, boolean)=117, getTable_(GetTableRequest)=8, isCompatibleWith_(Configuration)=1}
2024-04-24T00:50:00,209  INFO [main] ql.Driver: Completed executing command(queryId=alex_20240424005000_b09c7e3d-2687-4567-8faf-ae312b0b1593); Time taken: 0.126 seconds
2024-04-24T00:50:00,209  INFO [main] lockmgr.DbTxnManager: Stopped heartbeat for query: alex_20240424005000_b09c7e3d-2687-4567-8faf-ae312b0b1593
2024-04-24T00:50:00,213  INFO [main] txn.TxnHandler: Expected to move at least one record from txn_components to completed_txn_components when committing txn! txnid:13
2024-04-24T00:50:00,220  INFO [main] txn.TxnHandler: Removed transactions: ([13]) from MIN_HISTORY_LEVEL
2024-04-24T00:50:00,220  WARN [main] txn.CompactionTxnHandler: No compaction queue record found for Compaction type transaction commit. txnId:13
2024-04-24T00:50:00,221  INFO [main] ql.TxnCommandsBaseForTests: Running the query: create table T (a int, b int) stored as orc
2024-04-24T00:50:00,221  INFO [main] ql.Driver: Compiling command(queryId=alex_20240424005000_6117823e-2120-45ec-abeb-67bcc64bdb7d): create table T (a int, b int) stored as orc
2024-04-24T00:50:00,224  INFO [main] txn.TxnHandler: Added entries to MIN_HISTORY_LEVEL for current txns: ([14]) with min_open_txn: 1
2024-04-24T00:50:00,224  INFO [main] lockmgr.DbTxnManager: Opened txnid:14
2024-04-24T00:50:00,225  INFO [main] parse.CalcitePlanner: Starting caching scope for: 
2024-04-24T00:50:00,225  INFO [main] parse.CalcitePlanner: Starting Semantic Analysis
2024-04-24T00:50:00,232  INFO [main] parse.CalcitePlanner: Creating table default.T position=13
2024-04-24T00:50:00,232  INFO [main] parse.CalcitePlanner: Automatically chose to make default.T acid.
2024-04-24T00:50:00,232  INFO [main] HiveMetaStore.audit: ugi=alex	ip=unknown-ip-addr	cmd=get_database: default	
2024-04-24T00:50:00,235  INFO [main] parse.CalcitePlanner: Ending caching scope for: 
2024-04-24T00:50:00,235  INFO [main] ql.Driver: Semantic Analysis Completed (retrial = false)
2024-04-24T00:50:00,235  INFO [main] ql.Driver: Created Hive schema: Schema(fieldSchemas:null, properties:null)
2024-04-24T00:50:00,235  INFO [main] metadata.Hive: Dumping metastore api call timing information for : compilation phase
2024-04-24T00:50:00,235  INFO [main] metadata.Hive: Total time spent in each metastore function (ms): {getValidTxns_(long)=0, getDatabase_(String)=2, commitTxn_(CommitTxnRequest)=12, openTxn_(String, TxnType)=2, isCompatibleWith_(Configuration)=1, flushCache_()=0, getValidWriteIds_(List, String)=7}
2024-04-24T00:50:00,235  INFO [main] ql.Driver: Completed compiling command(queryId=alex_20240424005000_6117823e-2120-45ec-abeb-67bcc64bdb7d); Time taken: 0.014 seconds
2024-04-24T00:50:00,235  INFO [main] lockmgr.DbTxnManager: Setting lock request transaction to txnid:14 for queryId=alex_20240424005000_6117823e-2120-45ec-abeb-67bcc64bdb7d
2024-04-24T00:50:00,235  INFO [main] lockmgr.DbLockManager: Requesting lock for queryId=alex_20240424005000_6117823e-2120-45ec-abeb-67bcc64bdb7d
2024-04-24T00:50:00,250  INFO [main] lockmgr.DbLockManager: Response to queryId=alex_20240424005000_6117823e-2120-45ec-abeb-67bcc64bdb7d LockResponse(lockid:8, state:ACQUIRED)
2024-04-24T00:50:00,250  INFO [main] ql.Driver: Operation CREATETABLE obtained 1 locks
2024-04-24T00:50:00,251  INFO [main] ql.Driver: Executing command(queryId=alex_20240424005000_6117823e-2120-45ec-abeb-67bcc64bdb7d): create table T (a int, b int) stored as orc
2024-04-24T00:50:00,251  INFO [main] ql.Driver: Starting task [Stage-0:DDL] in serial mode
2024-04-24T00:50:00,253  INFO [main] HiveMetaStore.audit: ugi=alex	ip=unknown-ip-addr	cmd=create_table_req: Table(tableName:T, dbName:default, owner:alex, createTime:1713945000, lastAccessTime:0, retention:0, sd:StorageDescriptor(cols:[FieldSchema(name:a, type:int, comment:null), FieldSchema(name:b, type:int, comment:null)], location:null, inputFormat:org.apache.hadoop.hive.ql.io.orc.OrcInputFormat, outputFormat:org.apache.hadoop.hive.ql.io.orc.OrcOutputFormat, compressed:false, numBuckets:-1, serdeInfo:SerDeInfo(name:null, serializationLib:org.apache.hadoop.hive.ql.io.orc.OrcSerde, parameters:{serialization.format=1}), bucketCols:[], sortCols:[], parameters:{}, skewedInfo:SkewedInfo(skewedColNames:[], skewedColValues:[], skewedColValueLocationMaps:{}), storedAsSubDirectories:false), partitionKeys:[], parameters:{transactional=true, numFiles=0, numRows=0, bucketing_version=2, totalSize=0, numFilesErasureCoded=0, transactional_properties=default, COLUMN_STATS_ACCURATE={"BASIC_STATS":"true","COLUMN_STATS":{"a":"true","b":"true"}}, rawDataSize=0}, viewOriginalText:null, viewExpandedText:null, tableType:MANAGED_TABLE, privileges:PrincipalPrivilegeSet(userPrivileges:{alex=[PrivilegeGrantInfo(privilege:INSERT, createTime:-1, grantor:alex, grantorType:USER, grantOption:true), PrivilegeGrantInfo(privilege:SELECT, createTime:-1, grantor:alex, grantorType:USER, grantOption:true), PrivilegeGrantInfo(privilege:UPDATE, createTime:-1, grantor:alex, grantorType:USER, grantOption:true), PrivilegeGrantInfo(privilege:DELETE, createTime:-1, grantor:alex, grantorType:USER, grantOption:true)]}, groupPrivileges:null, rolePrivileges:null), temporary:false, catName:hive, ownerType:USER, writeId:0)	
2024-04-24T00:50:00,259  INFO [main] utils.FileUtils: Creating directory if it doesn't exist: file:/home/alex/Repositories/hive/ql/target/tmp/org.apache.hadoop.hive.ql.TestTxnCommands3-1713944903826/warehouse/t
2024-04-24T00:50:00,291  INFO [main] metadata.Hive: Dumping metastore api call timing information for : execution phase
2024-04-24T00:50:00,291  INFO [main] metadata.Hive: Total time spent in each metastore function (ms): {createTable_(Table)=39, isCompatibleWith_(Configuration)=0}
2024-04-24T00:50:00,292  INFO [main] ql.Driver: Completed executing command(queryId=alex_20240424005000_6117823e-2120-45ec-abeb-67bcc64bdb7d); Time taken: 0.04 seconds
2024-04-24T00:50:00,292  INFO [main] lockmgr.DbTxnManager: Stopped heartbeat for query: alex_20240424005000_6117823e-2120-45ec-abeb-67bcc64bdb7d
2024-04-24T00:50:00,297  INFO [main] txn.TxnHandler: Expected to move at least one record from txn_components to completed_txn_components when committing txn! txnid:14
2024-04-24T00:50:00,303  INFO [main] txn.TxnHandler: Removed transactions: ([14]) from MIN_HISTORY_LEVEL
2024-04-24T00:50:00,304  WARN [main] txn.CompactionTxnHandler: No compaction queue record found for Compaction type transaction commit. txnId:14
2024-04-24T00:50:00,304  INFO [main] ql.TxnCommandsBaseForTests: Running the query: insert into T values(0,2)
2024-04-24T00:50:00,304  INFO [main] ql.Driver: Compiling command(queryId=alex_20240424005000_2056ee19-2077-460a-b870-758d1974dae1): insert into T values(0,2)
2024-04-24T00:50:00,308  INFO [main] txn.TxnHandler: Added entries to MIN_HISTORY_LEVEL for current txns: ([15]) with min_open_txn: 1
2024-04-24T00:50:00,308  INFO [main] lockmgr.DbTxnManager: Opened txnid:15
2024-04-24T00:50:00,309  INFO [main] parse.CalcitePlanner: Starting caching scope for: 
2024-04-24T00:50:00,309  INFO [main] parse.CalcitePlanner: Starting Semantic Analysis
2024-04-24T00:50:00,313  INFO [main] HiveMetaStore.audit: ugi=alex	ip=unknown-ip-addr	cmd=get_table : tbl=hive.default.T	
2024-04-24T00:50:00,320  INFO [main] metastore.HMSHandler: Skipping translation for processor with null
2024-04-24T00:50:00,321  INFO [main] parse.CalcitePlanner: Completed phase 1 of Semantic Analysis
2024-04-24T00:50:00,321  INFO [main] parse.CalcitePlanner: Get metadata for source tables
2024-04-24T00:50:00,321  INFO [main] parse.CalcitePlanner: Get metadata for subqueries
2024-04-24T00:50:00,321  INFO [main] parse.CalcitePlanner: Get metadata for destination tables
2024-04-24T00:50:00,321  INFO [main] HiveMetaStore.audit: ugi=alex	ip=unknown-ip-addr	cmd=get_table : tbl=hive.default.T	
2024-04-24T00:50:00,328  INFO [main] metastore.HMSHandler: Skipping translation for processor with null
2024-04-24T00:50:00,329  INFO [main] parse.CalcitePlanner: Completed getting MetaData in Semantic Analysis
2024-04-24T00:50:00,329  INFO [main] parse.CalcitePlanner: Disabling LLAP IO encode as ETL query is detected
2024-04-24T00:50:00,352  INFO [main] HiveMetaStore.audit: ugi=alex	ip=unknown-ip-addr	cmd=get_all_table_constraints : tbl=hive._dummy_database._dummy_table	
2024-04-24T00:50:00,429  INFO [main] parse.CalcitePlanner: Get metadata for source tables
2024-04-24T00:50:00,429  INFO [main] parse.CalcitePlanner: Get metadata for subqueries
2024-04-24T00:50:00,429  INFO [main] parse.CalcitePlanner: Get metadata for source tables
2024-04-24T00:50:00,430  INFO [main] HiveMetaStore.audit: ugi=alex	ip=unknown-ip-addr	cmd=get_table : tbl=hive._dummy_database._dummy_table	
2024-04-24T00:50:00,433  INFO [main] parse.CalcitePlanner: Get metadata for subqueries
2024-04-24T00:50:00,433  INFO [main] parse.CalcitePlanner: Get metadata for destination tables
2024-04-24T00:50:00,433  INFO [main] parse.CalcitePlanner: Get metadata for destination tables
2024-04-24T00:50:00,433  INFO [main] HiveMetaStore.audit: ugi=alex	ip=unknown-ip-addr	cmd=get_table : tbl=hive.default.T	
2024-04-24T00:50:00,446  INFO [main] metastore.HMSHandler: Skipping translation for processor with null
2024-04-24T00:50:00,448  INFO [main] HiveMetaStore.audit: ugi=alex	ip=unknown-ip-addr	cmd=get_not_null_constraints : tbl=hive.default.t	
2024-04-24T00:50:00,450  INFO [main] HiveMetaStore.audit: ugi=alex	ip=unknown-ip-addr	cmd=get_check_constraints : tbl=hive.default.t	
2024-04-24T00:50:00,458  INFO [main] txn.TxnHandler: Allocated writeId: 1 for txnId: 15
2024-04-24T00:50:00,458  INFO [main] txn.TxnHandler: Allocated write ids for dbName=default, tblName=t (txnIds: [15])
2024-04-24T00:50:00,465  INFO [main] parse.CalcitePlanner: CBO Succeeded; optimized logical plan.
2024-04-24T00:50:00,468  INFO [main] optimizer.BucketVersionPopulator: not considering bucketingVersion for: TS[0] because it has -1<2 buckets 
2024-04-24T00:50:00,469  INFO [main] optimizer.SortedDynPartitionOptimizer: Sorted dynamic partitioning optimization kicked in..
2024-04-24T00:50:00,482  INFO [main] HiveMetaStore.audit: ugi=alex	ip=unknown-ip-addr	cmd=get_table : tbl=hive.default.t	
2024-04-24T00:50:00,496  INFO [main] metastore.HMSHandler: Skipping translation for processor with null
2024-04-24T00:50:00,498  INFO [main] physical.Vectorizer: Examining input format to see if vectorization is enabled.
2024-04-24T00:50:00,498  INFO [main] physical.Vectorizer: Map vectorization enabled: false
2024-04-24T00:50:00,498  INFO [main] physical.Vectorizer: Map vectorized: false
2024-04-24T00:50:00,498  INFO [main] physical.Vectorizer: Map vectorizedVertexNum: 0
2024-04-24T00:50:00,498  INFO [main] physical.Vectorizer: Map enabledConditionsMet: [hive.vectorized.use.vectorized.input.format IS true]
2024-04-24T00:50:00,498  INFO [main] physical.Vectorizer: Map enabledConditionsNotMet: [Could not enable vectorization due to partition column names size 1 is greater than the number of table column names size 0 IS false]
2024-04-24T00:50:00,498  INFO [main] physical.Vectorizer: Map inputFileFormatClassNameSet: [org.apache.hadoop.hive.ql.io.NullRowsInputFormat]
2024-04-24T00:50:00,498  INFO [main] parse.CalcitePlanner: Completed plan generation
2024-04-24T00:50:00,498  INFO [main] parse.CalcitePlanner: Ending caching scope for: 
2024-04-24T00:50:00,498  INFO [main] ql.Driver: Semantic Analysis Completed (retrial = false)
2024-04-24T00:50:00,498  INFO [main] ql.Driver: Created Hive schema: Schema(fieldSchemas:[FieldSchema(name:col1, type:int, comment:null), FieldSchema(name:col2, type:int, comment:null)], properties:null)
2024-04-24T00:50:00,498  INFO [main] metadata.Hive: Dumping metastore api call timing information for : compilation phase
2024-04-24T00:50:00,499  INFO [main] metadata.Hive: Total time spent in each metastore function (ms): {getTable_(GetTableRequest)=45, allocateTableWriteId_(long, String, String)=12, getValidWriteIds_(List, String)=4, isCompatibleWith_(Configuration)=0, commitTxn_(CommitTxnRequest)=12, getCheckConstraints_(CheckConstraintsRequest)=2, getValidTxns_(long)=1, flushCache_()=0, getNotNullConstraints_(NotNullConstraintsRequest)=2, getAllTableConstraints_(AllTableConstraintsRequest)=28, openTxn_(String, TxnType)=3}
2024-04-24T00:50:00,499  INFO [main] ql.Driver: Completed compiling command(queryId=alex_20240424005000_2056ee19-2077-460a-b870-758d1974dae1); Time taken: 0.194 seconds
2024-04-24T00:50:00,499  INFO [main] lockmgr.DbTxnManager: Setting lock request transaction to txnid:15 for queryId=alex_20240424005000_2056ee19-2077-460a-b870-758d1974dae1
2024-04-24T00:50:00,500  INFO [main] lockmgr.DbLockManager: Requesting lock for queryId=alex_20240424005000_2056ee19-2077-460a-b870-758d1974dae1
2024-04-24T00:50:00,529  INFO [main] lockmgr.DbLockManager: Response to queryId=alex_20240424005000_2056ee19-2077-460a-b870-758d1974dae1 LockResponse(lockid:9, state:ACQUIRED)
2024-04-24T00:50:00,529  INFO [main] ql.Driver: Operation QUERY obtained 1 locks
2024-04-24T00:50:00,533  INFO [main] ql.Driver: Executing command(queryId=alex_20240424005000_2056ee19-2077-460a-b870-758d1974dae1): insert into T values(0,2)
2024-04-24T00:50:00,533  WARN [main] ql.Driver: Hive-on-MR is deprecated in Hive 2 and may not be available in the future versions. Consider using a different execution engine (i.e. tez, spark) or using Hive 1.X releases.
Query ID = alex_20240424005000_2056ee19-2077-460a-b870-758d1974dae1
2024-04-24T00:50:00,533  INFO [main] ql.Driver: Query ID = alex_20240424005000_2056ee19-2077-460a-b870-758d1974dae1
Total jobs = 1
2024-04-24T00:50:00,533  INFO [main] ql.Driver: Total jobs = 1
Launching Job 1 out of 1
2024-04-24T00:50:00,533  INFO [main] ql.Driver: Launching Job 1 out of 1
2024-04-24T00:50:00,691  INFO [main] ql.Driver: Starting task [Stage-1:MAPRED] in serial mode
Number of reduce tasks is set to 0 since there's no reduce operator
2024-04-24T00:50:00,691  INFO [main] exec.Task: Number of reduce tasks is set to 0 since there's no reduce operator
2024-04-24T00:50:00,694  INFO [main] mr.ExecDriver: Using org.apache.hadoop.hive.ql.io.HiveInputFormat
2024-04-24T00:50:00,694  INFO [main] exec.Utilities: Processing alias $hdt$_0:_dummy_table
2024-04-24T00:50:00,694  INFO [main] exec.Utilities: Adding 1 inputs; the first input is file:/home/alex/Repositories/hive/ql/target/tmp/localscratchdir/8423955d-670f-4414-8ede-077e7fa545bd/hive_2024-04-24_00-50-00_304_5824194204795812426-1/dummy_path
2024-04-24T00:50:00,703  INFO [main] exec.SerializationUtilities: Serializing MapWork using kryo
2024-04-24T00:50:00,704  INFO [main] exec.Utilities: Serialized plan (via FILE) - name: null size: 5,69KB
2024-04-24T00:50:00,705  WARN [main] impl.MetricsSystemImpl: JobTracker metrics system already initialized!
2024-04-24T00:50:00,709  INFO [main] fs.FSStatsPublisher: created : file:/home/alex/Repositories/hive/ql/target/tmp/localscratchdir/8423955d-670f-4414-8ede-077e7fa545bd/hive_2024-04-24_00-50-00_304_5824194204795812426-1/-mr-10000
2024-04-24T00:50:00,711  WARN [main] impl.MetricsSystemImpl: JobTracker metrics system already initialized!
2024-04-24T00:50:00,720  WARN [main] mapreduce.JobResourceUploader: Hadoop command-line option parsing not performed. Implement the Tool interface and execute your application with ToolRunner to remedy this.
2024-04-24T00:50:00,725  WARN [main] mapreduce.JobResourceUploader: No job jar file set.  User classes may not be found. See Job or Job#setJar(String).
2024-04-24T00:50:00,726  INFO [main] io.HiveInputFormat: hive.io.file.readcolumn.ids = 
2024-04-24T00:50:00,726  INFO [main] io.HiveInputFormat: hive.io.file.readcolumn.names = 
2024-04-24T00:50:00,726  INFO [main] io.HiveInputFormat: Generating splits for dirs: file:/home/alex/Repositories/hive/ql/target/tmp/localscratchdir/8423955d-670f-4414-8ede-077e7fa545bd/hive_2024-04-24_00-50-00_304_5824194204795812426-1/dummy_path
2024-04-24T00:50:00,726  INFO [main] io.HiveInputFormat: number of splits 1
2024-04-24T00:50:00,746  INFO [main] mapreduce.JobSubmitter: number of splits:1
2024-04-24T00:50:00,767  INFO [main] mapreduce.JobSubmitter: Submitting tokens for job: job_local975762756_0028
2024-04-24T00:50:00,767  INFO [main] mapreduce.JobSubmitter: Executing with tokens: []
2024-04-24T00:50:00,834  INFO [main] mapreduce.Job: The url to track the job: http://localhost:8080/
Job running in-process (local Hadoop)
2024-04-24T00:50:00,834  INFO [main] exec.Task: Job running in-process (local Hadoop)
2024-04-24T00:50:00,834  INFO [Thread-1969] mapred.LocalJobRunner: OutputCommitter set in config org.apache.hadoop.hive.ql.io.HiveFileFormatUtils$NullOutputCommitter
2024-04-24T00:50:00,835  INFO [Thread-1969] mapred.LocalJobRunner: OutputCommitter is org.apache.hadoop.hive.ql.io.HiveFileFormatUtils$NullOutputCommitter
2024-04-24T00:50:00,836  INFO [Thread-1969] mapred.LocalJobRunner: Waiting for map tasks
2024-04-24T00:50:00,836  INFO [LocalJobRunner Map Task Executor #0] mapred.LocalJobRunner: Starting task: attempt_local975762756_0028_m_000000_0
2024-04-24T00:50:00,839  INFO [LocalJobRunner Map Task Executor #0] mapred.Task:  Using ResourceCalculatorProcessTree : [ ]
2024-04-24T00:50:00,840  INFO [LocalJobRunner Map Task Executor #0] mapred.MapTask: Processing split: org.apache.hadoop.hive.ql.io.NullRowsInputFormat:file:/home/alex/Repositories/hive/ql/target/tmp/localscratchdir/8423955d-670f-4414-8ede-077e7fa545bd/hive_2024-04-24_00-50-00_304_5824194204795812426-1/dummy_path/null:0+1
2024-04-24T00:50:00,842  INFO [LocalJobRunner Map Task Executor #0] exec.SerializationUtilities: Deserializing MapWork using kryo
2024-04-24T00:50:00,843  INFO [LocalJobRunner Map Task Executor #0] exec.Utilities: Deserialized plan (via FILE) - name: null size: 5,69KB
2024-04-24T00:50:00,843  INFO [LocalJobRunner Map Task Executor #0] mapred.MapTask: numReduceTasks: 0
2024-04-24T00:50:00,846  INFO [LocalJobRunner Map Task Executor #0] exec.MapOperator: Initializing Operator: MAP[0]
2024-04-24T00:50:00,846  INFO [LocalJobRunner Map Task Executor #0] mr.ExecMapper: 
<MAP>Id =0
  <Children>null
  <\Children>
  <Parent><\Parent>
<\MAP>
2024-04-24T00:50:00,847  INFO [LocalJobRunner Map Task Executor #0] exec.TableScanOperator: Initializing Operator: TS[0]
2024-04-24T00:50:00,847  INFO [LocalJobRunner Map Task Executor #0] exec.SelectOperator: Initializing Operator: SEL[1]
2024-04-24T00:50:00,847  INFO [LocalJobRunner Map Task Executor #0] exec.SelectOperator: SELECT null
2024-04-24T00:50:00,847  INFO [LocalJobRunner Map Task Executor #0] exec.UDTFOperator: Initializing Operator: UDTF[2]
2024-04-24T00:50:00,847  INFO [LocalJobRunner Map Task Executor #0] exec.SelectOperator: Initializing Operator: SEL[3]
2024-04-24T00:50:00,847  INFO [LocalJobRunner Map Task Executor #0] exec.SelectOperator: SELECT struct<col1:int,col2:int>
2024-04-24T00:50:00,848  INFO [LocalJobRunner Map Task Executor #0] exec.FileSinkOperator: Initializing Operator: FS[4]
2024-04-24T00:50:00,848  INFO [LocalJobRunner Map Task Executor #0] exec.FileSinkOperator: Using serializer : AbstractSerDe [log=org.apache.logging.slf4j.Log4jLogger@7cecb575, configuration=Optional[Configuration: core-default.xml, core-site.xml, mapred-default.xml, mapred-site.xml, yarn-default.xml, yarn-site.xml, hdfs-default.xml, hdfs-site.xml, file:/home/alex/Repositories/hive/ql/target/tmp/TestTxnCommands3/mapred/local/localRunner/alex/job_local975762756_0028/job_local975762756_0028.xml], properties={transactional_properties=default, name=default.t, transactional=true, columns.types=int:int, columns=a,b, numFilesErasureCoded=0, columns.comments=&amp#0;, bucketing_version=2, serialization.lib=org.apache.hadoop.hive.ql.io.orc.OrcSerde, file.inputformat=org.apache.hadoop.hive.ql.io.orc.OrcInputFormat, file.outputformat=org.apache.hadoop.hive.ql.io.orc.OrcOutputFormat, location=file:/home/alex/Repositories/hive/ql/target/tmp/org.apache.hadoop.hive.ql.TestTxnCommands3-1713944903826/warehouse/t, column.name.delimiter=,}, tableProperties={transactional_properties=default, name=default.t, transactional=true, columns.types=int:int, columns=a,b, numFilesErasureCoded=0, columns.comments=&amp#0;, bucketing_version=2, serialization.lib=org.apache.hadoop.hive.ql.io.orc.OrcSerde, file.inputformat=org.apache.hadoop.hive.ql.io.orc.OrcInputFormat, location=file:/home/alex/Repositories/hive/ql/target/tmp/org.apache.hadoop.hive.ql.TestTxnCommands3-1713944903826/warehouse/t, file.outputformat=org.apache.hadoop.hive.ql.io.orc.OrcOutputFormat, column.name.delimiter=,}, partitionProperties=Optional.empty, columnNames=[a, b], columnTypes=[int, int], getClass()=class org.apache.hadoop.hive.ql.io.orc.OrcSerde] and formatter : org.apache.hadoop.hive.ql.io.orc.OrcOutputFormat@14c13bfa
2024-04-24T00:50:00,849  INFO [LocalJobRunner Map Task Executor #0] exec.FileSinkOperator: Final Path: FS file:/home/alex/Repositories/hive/ql/target/tmp/org.apache.hadoop.hive.ql.TestTxnCommands3-1713944903826/warehouse/t
2024-04-24T00:50:00,849  INFO [LocalJobRunner Map Task Executor #0] exec.FileSinkOperator: New Final Path: FS file:/home/alex/Repositories/hive/ql/target/tmp/org.apache.hadoop.hive.ql.TestTxnCommands3-1713944903826/warehouse/t
2024-04-24T00:50:00,849  INFO [LocalJobRunner Map Task Executor #0] common.FileUtils: Creating directory if it doesn't exist: file:/home/alex/Repositories/hive/ql/target/tmp/org.apache.hadoop.hive.ql.TestTxnCommands3-1713944903826/warehouse
2024-04-24T00:50:00,851  INFO [LocalJobRunner Map Task Executor #0] exec.FileSinkOperator: FS[4]: records written - 1
2024-04-24T00:50:00,852  INFO [LocalJobRunner Map Task Executor #0] impl.PhysicalFsWriter: ORC writer created for path: file:/home/alex/Repositories/hive/ql/target/tmp/org.apache.hadoop.hive.ql.TestTxnCommands3-1713944903826/warehouse/t/delta_0000001_0000001_0000/bucket_00000_0 with stripeSize: 8388608 blockSize: 268435456 compression: Compress: ZLIB buffer: 32768
2024-04-24T00:50:00,859  INFO [LocalJobRunner Map Task Executor #0] impl.WriterImpl: ORC writer created for path: file:/home/alex/Repositories/hive/ql/target/tmp/org.apache.hadoop.hive.ql.TestTxnCommands3-1713944903826/warehouse/t/delta_0000001_0000001_0000/bucket_00000_0 with stripeSize: 8388608 options: Compress: ZLIB buffer: 32768
2024-04-24T00:50:00,864  INFO [LocalJobRunner Map Task Executor #0] exec.MapOperator: MAP[0]: records read - 1
2024-04-24T00:50:00,864  INFO [LocalJobRunner Map Task Executor #0] exec.MapOperator: Closing Operator: MAP[0]
2024-04-24T00:50:00,864  INFO [LocalJobRunner Map Task Executor #0] exec.MapOperator: MAP[0]: Total records read - 3. abort - false
2024-04-24T00:50:00,865  INFO [LocalJobRunner Map Task Executor #0] exec.MapOperator: RECORDS_IN:3, RECORDS_OUT_INTERMEDIATE:0, RECORDS_OUT_OPERATOR_MAP_0:0, DESERIALIZE_ERRORS:0, 
2024-04-24T00:50:00,865  INFO [LocalJobRunner Map Task Executor #0] exec.TableScanOperator: Closing Operator: TS[0]
2024-04-24T00:50:00,865  INFO [LocalJobRunner Map Task Executor #0] exec.TableScanOperator: RECORDS_OUT_OPERATOR_TS_0:1, RECORDS_OUT_INTERMEDIATE:0, 
2024-04-24T00:50:00,865  INFO [LocalJobRunner Map Task Executor #0] exec.SelectOperator: Closing Operator: SEL[1]
2024-04-24T00:50:00,865  INFO [LocalJobRunner Map Task Executor #0] exec.SelectOperator: RECORDS_OUT_OPERATOR_SEL_1:1, RECORDS_OUT_INTERMEDIATE:0, 
2024-04-24T00:50:00,865  INFO [LocalJobRunner Map Task Executor #0] exec.UDTFOperator: Closing Operator: UDTF[2]
2024-04-24T00:50:00,865  INFO [LocalJobRunner Map Task Executor #0] exec.UDTFOperator: RECORDS_OUT_INTERMEDIATE:0, RECORDS_OUT_OPERATOR_UDTF_2:1, 
2024-04-24T00:50:00,865  INFO [LocalJobRunner Map Task Executor #0] exec.SelectOperator: Closing Operator: SEL[3]
2024-04-24T00:50:00,865  INFO [LocalJobRunner Map Task Executor #0] exec.SelectOperator: RECORDS_OUT_INTERMEDIATE:0, RECORDS_OUT_OPERATOR_SEL_3:1, 
2024-04-24T00:50:00,865  INFO [LocalJobRunner Map Task Executor #0] exec.FileSinkOperator: Closing Operator: FS[4]
2024-04-24T00:50:00,865  INFO [LocalJobRunner Map Task Executor #0] exec.FileSinkOperator: FS[4]: records written - 1
2024-04-24T00:50:00,867  INFO [LocalJobRunner Map Task Executor #0] FileOperations: Writing manifest to file:/home/alex/Repositories/hive/ql/target/tmp/org.apache.hadoop.hive.ql.TestTxnCommands3-1713944903826/warehouse/t/_tmp.delta_0000001_0000001_0000/000000_0.manifest with [file:/home/alex/Repositories/hive/ql/target/tmp/org.apache.hadoop.hive.ql.TestTxnCommands3-1713944903826/warehouse/t/delta_0000001_0000001_0000/bucket_00000_0]
2024-04-24T00:50:00,880  INFO [LocalJobRunner Map Task Executor #0] exec.FileSinkOperator: RECORDS_OUT_INTERMEDIATE:0, RECORDS_OUT_OPERATOR_FS_4:1, TOTAL_TABLE_ROWS_WRITTEN:1, RECORDS_OUT_1_default.t:1, 
2024-04-24T00:50:00,881  INFO [LocalJobRunner Map Task Executor #0] mapred.LocalJobRunner: 
2024-04-24T00:50:00,883  INFO [LocalJobRunner Map Task Executor #0] mapred.Task: Task:attempt_local975762756_0028_m_000000_0 is done. And is in the process of committing
2024-04-24T00:50:00,884  INFO [LocalJobRunner Map Task Executor #0] mapred.LocalJobRunner: map
2024-04-24T00:50:00,884  INFO [LocalJobRunner Map Task Executor #0] mapred.Task: Task 'attempt_local975762756_0028_m_000000_0' done.
2024-04-24T00:50:00,884  INFO [LocalJobRunner Map Task Executor #0] mapred.Task: Final Counters for attempt_local975762756_0028_m_000000_0: Counters: 27
	File System Counters
		FILE: Number of bytes read=421852
		FILE: Number of bytes written=32950065
		FILE: Number of read operations=0
		FILE: Number of large read operations=0
		FILE: Number of write operations=0
	Map-Reduce Framework
		Map input records=4
		Map output records=0
		Input split bytes=361
		Spilled Records=0
		Failed Shuffles=0
		Merged Map outputs=0
		GC time elapsed (ms)=0
		Total committed heap usage (bytes)=1256718336
	HIVE
		CREATED_FILES=1
		DESERIALIZE_ERRORS=0
		RECORDS_IN=3
		RECORDS_OUT_1_default.t=1
		RECORDS_OUT_INTERMEDIATE=0
		RECORDS_OUT_OPERATOR_FS_4=1
		RECORDS_OUT_OPERATOR_MAP_0=0
		RECORDS_OUT_OPERATOR_SEL_1=1
		RECORDS_OUT_OPERATOR_SEL_3=1
		RECORDS_OUT_OPERATOR_TS_0=1
		RECORDS_OUT_OPERATOR_UDTF_2=1
		TOTAL_TABLE_ROWS_WRITTEN=1
	File Input Format Counters 
		Bytes Read=5749
	File Output Format Counters 
		Bytes Written=0
2024-04-24T00:50:00,884  INFO [LocalJobRunner Map Task Executor #0] mapred.LocalJobRunner: Finishing task: attempt_local975762756_0028_m_000000_0
2024-04-24T00:50:00,884  INFO [Thread-1969] mapred.LocalJobRunner: map task executor complete.
2024-04-24 00:50:01,836 Stage-1 map = 100%,  reduce = 0%
2024-04-24T00:50:01,836  INFO [main] exec.Task: 2024-04-24 00:50:01,836 Stage-1 map = 100%,  reduce = 0%
Ended Job = job_local975762756_0028
2024-04-24T00:50:01,837  INFO [main] exec.Task: Ended Job = job_local975762756_0028
2024-04-24T00:50:01,840  INFO [main] FileOperations: Found manifest file file:/home/alex/Repositories/hive/ql/target/tmp/org.apache.hadoop.hive.ql.TestTxnCommands3-1713944903826/warehouse/t/_tmp.delta_0000001_0000001_0000/000000_0.manifest with attemptId 0.
2024-04-24T00:50:01,840  INFO [main] FileOperations: Looking at manifest file: file:/home/alex/Repositories/hive/ql/target/tmp/org.apache.hadoop.hive.ql.TestTxnCommands3-1713944903826/warehouse/t/_tmp.delta_0000001_0000001_0000/000000_0.manifest
2024-04-24T00:50:01,840  INFO [main] FileOperations: Deleting manifest directory file:/home/alex/Repositories/hive/ql/target/tmp/org.apache.hadoop.hive.ql.TestTxnCommands3-1713944903826/warehouse/t/_tmp.delta_0000001_0000001_0000
2024-04-24T00:50:01,844  INFO [main] ql.Driver: Starting task [Stage-0:MOVE] in serial mode
Loading data to table default.t
2024-04-24T00:50:01,844  INFO [main] exec.Task: Loading data to table default.t from file:/home/alex/Repositories/hive/ql/target/tmp/org.apache.hadoop.hive.ql.TestTxnCommands3-1713944903826/warehouse/t
2024-04-24T00:50:01,845  INFO [main] HiveMetaStore.audit: ugi=alex	ip=unknown-ip-addr	cmd=get_table : tbl=hive.default.t	
2024-04-24T00:50:01,869  INFO [main] metastore.HMSHandler: Skipping translation for processor with null
2024-04-24T00:50:01,871  INFO [main] HiveMetaStore.audit: ugi=alex	ip=unknown-ip-addr	cmd=get_table : tbl=hive.default.t	
2024-04-24T00:50:01,884  INFO [main] metastore.HMSHandler: Skipping translation for processor with null
2024-04-24T00:50:01,885  INFO [main] HiveMetaStore.audit: ugi=alex	ip=unknown-ip-addr	cmd=alter_table: hive.default.t newtbl=t	
2024-04-24T00:50:01,911  INFO [main] ql.Driver: Starting task [Stage-2:STATS] in serial mode
2024-04-24T00:50:01,912  INFO [main] HiveMetaStore.audit: ugi=alex	ip=unknown-ip-addr	cmd=get_table : tbl=hive.default.t	
2024-04-24T00:50:01,918  INFO [main] metastore.HMSHandler: Skipping translation for processor with null
2024-04-24T00:50:01,919  INFO [main] stats.BasicStatsTask: Executing stats task
2024-04-24T00:50:01,919  INFO [main] fs.FSStatsPublisher: created : file:/home/alex/Repositories/hive/ql/target/tmp/localscratchdir/8423955d-670f-4414-8ede-077e7fa545bd/hive_2024-04-24_00-50-00_304_5824194204795812426-1/-mr-10000
2024-04-24T00:50:01,920  INFO [main] HiveMetaStore.audit: ugi=alex	ip=unknown-ip-addr	cmd=get_table : tbl=hive.default.t	
2024-04-24T00:50:01,927  INFO [main] metastore.HMSHandler: Skipping translation for processor with null
2024-04-24T00:50:01,935  WARN [main] FileOperations: Computing stats for an ACID table; stats may be inaccurate
2024-04-24T00:50:01,936  INFO [main] FileOperations: Read stats for default.t/, numRows, true, 1, false: 
2024-04-24T00:50:01,936  INFO [main] FileOperations: Read stats for default.t/, rawDataSize, true, 0, false: 
2024-04-24T00:50:01,936  INFO [main] HiveMetaStore.audit: ugi=alex	ip=unknown-ip-addr	cmd=alter_table: hive.default.t newtbl=t	
2024-04-24T00:50:01,962  INFO [main] FileOperations: Read stats for default.t/, insertCount, true, 1, false: 
2024-04-24T00:50:01,962  INFO [main] FileOperations: Read stats for default.t/, updateCount, true, 0, false: 
2024-04-24T00:50:01,962  INFO [main] FileOperations: Read stats for default.t/, deleteCount, true, 0, false: 
2024-04-24T00:50:01,965  INFO [main] stats.BasicStatsTask: Table default.t stats: [numFiles=1, numRows=1, totalSize=661, rawDataSize=0, numFilesErasureCoded=0]
2024-04-24T00:50:01,965  INFO [main] metadata.Hive: Dumping metastore api call timing information for : execution phase
2024-04-24T00:50:01,965  INFO [main] metadata.Hive: Total time spent in each metastore function (ms): {isCompatibleWith_(Configuration)=0, updateTransactionalStatistics_(UpdateTransactionalStatsRequest)=3, alter_table_(String, String, String, Table, EnvironmentContext, String)=53, getTable_(GetTableRequest)=55}
MapReduce Jobs Launched: 
2024-04-24T00:50:01,965  INFO [main] ql.Driver: MapReduce Jobs Launched: 
Stage-Stage-1:  HDFS Read: 0 HDFS Write: 0 SUCCESS
2024-04-24T00:50:01,966  INFO [main] ql.Driver: Stage-Stage-1:  HDFS Read: 0 HDFS Write: 0 SUCCESS
Total MapReduce CPU Time Spent: 0 msec
2024-04-24T00:50:01,966  INFO [main] ql.Driver: Total MapReduce CPU Time Spent: 0 msec
2024-04-24T00:50:01,966  INFO [main] ql.Driver: Completed executing command(queryId=alex_20240424005000_2056ee19-2077-460a-b870-758d1974dae1); Time taken: 1.432 seconds
2024-04-24T00:50:01,966  INFO [main] lockmgr.DbTxnManager: Stopped heartbeat for query: alex_20240424005000_2056ee19-2077-460a-b870-758d1974dae1
2024-04-24T00:50:01,974  INFO [main] txn.TxnHandler: Removed transactions: ([15]) from MIN_HISTORY_LEVEL
2024-04-24T00:50:01,976  WARN [main] txn.CompactionTxnHandler: No compaction queue record found for Compaction type transaction commit. txnId:15
2024-04-24T00:50:01,976  INFO [main] ql.TxnCommandsBaseForTests: Running the query: insert into T values(1,4)
2024-04-24T00:50:01,976  INFO [main] ql.Context: Deleting scratch dir: file:/home/alex/Repositories/hive/ql/target/tmp/localscratchdir/8423955d-670f-4414-8ede-077e7fa545bd/hive_2024-04-24_00-50-00_304_5824194204795812426-1
2024-04-24T00:50:01,977  INFO [main] cleanup.SyncCleanupService: Deleted directory: file:/home/alex/Repositories/hive/ql/target/tmp/localscratchdir/8423955d-670f-4414-8ede-077e7fa545bd/hive_2024-04-24_00-50-00_304_5824194204795812426-1 on fs with scheme file
2024-04-24T00:50:01,978  INFO [main] ql.Driver: Compiling command(queryId=alex_20240424005001_581568cb-8424-46e8-9d34-4acef27a18ca): insert into T values(1,4)
2024-04-24T00:50:01,981  INFO [main] txn.TxnHandler: Added entries to MIN_HISTORY_LEVEL for current txns: ([16]) with min_open_txn: 16
2024-04-24T00:50:01,981  INFO [main] lockmgr.DbTxnManager: Opened txnid:16
2024-04-24T00:50:01,984  INFO [main] parse.CalcitePlanner: Starting caching scope for: 
2024-04-24T00:50:01,984  INFO [main] parse.CalcitePlanner: Starting Semantic Analysis
2024-04-24T00:50:01,988  INFO [main] HiveMetaStore.audit: ugi=alex	ip=unknown-ip-addr	cmd=get_table : tbl=hive.default.T	
2024-04-24T00:50:01,995  INFO [main] metastore.HMSHandler: Skipping translation for processor with null
2024-04-24T00:50:01,995  INFO [main] parse.CalcitePlanner: Completed phase 1 of Semantic Analysis
2024-04-24T00:50:01,995  INFO [main] parse.CalcitePlanner: Get metadata for source tables
2024-04-24T00:50:01,995  INFO [main] parse.CalcitePlanner: Get metadata for subqueries
2024-04-24T00:50:01,995  INFO [main] parse.CalcitePlanner: Get metadata for destination tables
2024-04-24T00:50:01,996  INFO [main] HiveMetaStore.audit: ugi=alex	ip=unknown-ip-addr	cmd=get_table : tbl=hive.default.T	
2024-04-24T00:50:02,004  INFO [main] metastore.HMSHandler: Skipping translation for processor with null
2024-04-24T00:50:02,004  INFO [main] parse.CalcitePlanner: Completed getting MetaData in Semantic Analysis
2024-04-24T00:50:02,004  INFO [main] parse.CalcitePlanner: Disabling LLAP IO encode as ETL query is detected
2024-04-24T00:50:02,028  INFO [main] HiveMetaStore.audit: ugi=alex	ip=unknown-ip-addr	cmd=get_all_table_constraints : tbl=hive._dummy_database._dummy_table	
2024-04-24T00:50:02,091  INFO [main] parse.CalcitePlanner: Get metadata for source tables
2024-04-24T00:50:02,091  INFO [main] parse.CalcitePlanner: Get metadata for subqueries
2024-04-24T00:50:02,091  INFO [main] parse.CalcitePlanner: Get metadata for source tables
2024-04-24T00:50:02,093  INFO [main] HiveMetaStore.audit: ugi=alex	ip=unknown-ip-addr	cmd=get_table : tbl=hive._dummy_database._dummy_table	
2024-04-24T00:50:02,096  INFO [main] parse.CalcitePlanner: Get metadata for subqueries
2024-04-24T00:50:02,096  INFO [main] parse.CalcitePlanner: Get metadata for destination tables
2024-04-24T00:50:02,096  INFO [main] parse.CalcitePlanner: Get metadata for destination tables
2024-04-24T00:50:02,096  INFO [main] HiveMetaStore.audit: ugi=alex	ip=unknown-ip-addr	cmd=get_table : tbl=hive.default.T	
2024-04-24T00:50:02,111  INFO [main] metastore.HMSHandler: Skipping translation for processor with null
2024-04-24T00:50:02,113  INFO [main] HiveMetaStore.audit: ugi=alex	ip=unknown-ip-addr	cmd=get_not_null_constraints : tbl=hive.default.t	
2024-04-24T00:50:02,115  INFO [main] HiveMetaStore.audit: ugi=alex	ip=unknown-ip-addr	cmd=get_check_constraints : tbl=hive.default.t	
2024-04-24T00:50:02,122  INFO [main] txn.TxnHandler: Allocated writeId: 2 for txnId: 16
2024-04-24T00:50:02,123  INFO [main] txn.TxnHandler: Allocated write ids for dbName=default, tblName=t (txnIds: [16])
2024-04-24T00:50:02,129  INFO [main] parse.CalcitePlanner: CBO Succeeded; optimized logical plan.
2024-04-24T00:50:02,133  INFO [main] optimizer.BucketVersionPopulator: not considering bucketingVersion for: TS[0] because it has -1<2 buckets 
2024-04-24T00:50:02,133  INFO [main] optimizer.SortedDynPartitionOptimizer: Sorted dynamic partitioning optimization kicked in..
2024-04-24T00:50:02,143  INFO [main] HiveMetaStore.audit: ugi=alex	ip=unknown-ip-addr	cmd=get_table : tbl=hive.default.t	
2024-04-24T00:50:02,152  INFO [main] metastore.HMSHandler: Skipping translation for processor with null
2024-04-24T00:50:02,153  INFO [main] physical.Vectorizer: Examining input format to see if vectorization is enabled.
2024-04-24T00:50:02,153  INFO [main] physical.Vectorizer: Map vectorization enabled: false
2024-04-24T00:50:02,153  INFO [main] physical.Vectorizer: Map vectorized: false
2024-04-24T00:50:02,153  INFO [main] physical.Vectorizer: Map vectorizedVertexNum: 0
2024-04-24T00:50:02,153  INFO [main] physical.Vectorizer: Map enabledConditionsMet: [hive.vectorized.use.vectorized.input.format IS true]
2024-04-24T00:50:02,153  INFO [main] physical.Vectorizer: Map enabledConditionsNotMet: [Could not enable vectorization due to partition column names size 1 is greater than the number of table column names size 0 IS false]
2024-04-24T00:50:02,153  INFO [main] physical.Vectorizer: Map inputFileFormatClassNameSet: [org.apache.hadoop.hive.ql.io.NullRowsInputFormat]
2024-04-24T00:50:02,153  INFO [main] parse.CalcitePlanner: Completed plan generation
2024-04-24T00:50:02,153  INFO [main] parse.CalcitePlanner: Ending caching scope for: 
2024-04-24T00:50:02,153  INFO [main] ql.Driver: Semantic Analysis Completed (retrial = false)
2024-04-24T00:50:02,153  INFO [main] ql.Driver: Created Hive schema: Schema(fieldSchemas:[FieldSchema(name:col1, type:int, comment:null), FieldSchema(name:col2, type:int, comment:null)], properties:null)
2024-04-24T00:50:02,153  INFO [main] metadata.Hive: Dumping metastore api call timing information for : compilation phase
2024-04-24T00:50:02,154  INFO [main] metadata.Hive: Total time spent in each metastore function (ms): {flushCache_()=0, getCheckConstraints_(CheckConstraintsRequest)=1, commitTxn_(CommitTxnRequest)=10, getValidTxns_(long)=2, openTxn_(String, TxnType)=3, getTable_(GetTableRequest)=42, allocateTableWriteId_(long, String, String)=11, getValidWriteIds_(List, String)=3, getAllTableConstraints_(AllTableConstraintsRequest)=7, getNotNullConstraints_(NotNullConstraintsRequest)=2, isCompatibleWith_(Configuration)=2}
2024-04-24T00:50:02,154  INFO [main] ql.Driver: Completed compiling command(queryId=alex_20240424005001_581568cb-8424-46e8-9d34-4acef27a18ca); Time taken: 0.176 seconds
2024-04-24T00:50:02,154  INFO [main] lockmgr.DbTxnManager: Setting lock request transaction to txnid:16 for queryId=alex_20240424005001_581568cb-8424-46e8-9d34-4acef27a18ca
2024-04-24T00:50:02,154  INFO [main] lockmgr.DbLockManager: Requesting lock for queryId=alex_20240424005001_581568cb-8424-46e8-9d34-4acef27a18ca
2024-04-24T00:50:02,170  INFO [main] lockmgr.DbLockManager: Response to queryId=alex_20240424005001_581568cb-8424-46e8-9d34-4acef27a18ca LockResponse(lockid:10, state:ACQUIRED)
2024-04-24T00:50:02,170  INFO [main] ql.Driver: Operation QUERY obtained 1 locks
2024-04-24T00:50:02,173  INFO [main] ql.Driver: Executing command(queryId=alex_20240424005001_581568cb-8424-46e8-9d34-4acef27a18ca): insert into T values(1,4)
2024-04-24T00:50:02,173  WARN [main] ql.Driver: Hive-on-MR is deprecated in Hive 2 and may not be available in the future versions. Consider using a different execution engine (i.e. spark, tez) or using Hive 1.X releases.
Query ID = alex_20240424005001_581568cb-8424-46e8-9d34-4acef27a18ca
2024-04-24T00:50:02,173  INFO [main] ql.Driver: Query ID = alex_20240424005001_581568cb-8424-46e8-9d34-4acef27a18ca
Total jobs = 1
2024-04-24T00:50:02,173  INFO [main] ql.Driver: Total jobs = 1
Launching Job 1 out of 1
2024-04-24T00:50:02,173  INFO [main] ql.Driver: Launching Job 1 out of 1
2024-04-24T00:50:02,333  INFO [main] ql.Driver: Starting task [Stage-1:MAPRED] in serial mode
Number of reduce tasks is set to 0 since there's no reduce operator
2024-04-24T00:50:02,333  INFO [main] exec.Task: Number of reduce tasks is set to 0 since there's no reduce operator
2024-04-24T00:50:02,336  INFO [main] mr.ExecDriver: Using org.apache.hadoop.hive.ql.io.HiveInputFormat
2024-04-24T00:50:02,336  INFO [main] exec.Utilities: Processing alias $hdt$_0:_dummy_table
2024-04-24T00:50:02,336  INFO [main] exec.Utilities: Adding 1 inputs; the first input is file:/home/alex/Repositories/hive/ql/target/tmp/localscratchdir/8423955d-670f-4414-8ede-077e7fa545bd/hive_2024-04-24_00-50-01_977_7060180627433008459-1/dummy_path
2024-04-24T00:50:02,345  INFO [main] exec.SerializationUtilities: Serializing MapWork using kryo
2024-04-24T00:50:02,346  INFO [main] exec.Utilities: Serialized plan (via FILE) - name: null size: 5,67KB
2024-04-24T00:50:02,347  WARN [main] impl.MetricsSystemImpl: JobTracker metrics system already initialized!
2024-04-24T00:50:02,351  INFO [main] fs.FSStatsPublisher: created : file:/home/alex/Repositories/hive/ql/target/tmp/localscratchdir/8423955d-670f-4414-8ede-077e7fa545bd/hive_2024-04-24_00-50-01_977_7060180627433008459-1/-mr-10000
2024-04-24T00:50:02,353  WARN [main] impl.MetricsSystemImpl: JobTracker metrics system already initialized!
2024-04-24T00:50:02,360  WARN [main] mapreduce.JobResourceUploader: Hadoop command-line option parsing not performed. Implement the Tool interface and execute your application with ToolRunner to remedy this.
2024-04-24T00:50:02,365  WARN [main] mapreduce.JobResourceUploader: No job jar file set.  User classes may not be found. See Job or Job#setJar(String).
2024-04-24T00:50:02,366  INFO [main] io.HiveInputFormat: hive.io.file.readcolumn.ids = 
2024-04-24T00:50:02,366  INFO [main] io.HiveInputFormat: hive.io.file.readcolumn.names = 
2024-04-24T00:50:02,366  INFO [main] io.HiveInputFormat: Generating splits for dirs: file:/home/alex/Repositories/hive/ql/target/tmp/localscratchdir/8423955d-670f-4414-8ede-077e7fa545bd/hive_2024-04-24_00-50-01_977_7060180627433008459-1/dummy_path
2024-04-24T00:50:02,367  INFO [main] io.HiveInputFormat: number of splits 1
2024-04-24T00:50:02,387  INFO [main] mapreduce.JobSubmitter: number of splits:1
2024-04-24T00:50:02,407  INFO [main] mapreduce.JobSubmitter: Submitting tokens for job: job_local41475732_0029
2024-04-24T00:50:02,407  INFO [main] mapreduce.JobSubmitter: Executing with tokens: []
2024-04-24T00:50:02,474  INFO [main] mapreduce.Job: The url to track the job: http://localhost:8080/
Job running in-process (local Hadoop)
2024-04-24T00:50:02,474  INFO [main] exec.Task: Job running in-process (local Hadoop)
2024-04-24T00:50:02,474  INFO [Thread-2015] mapred.LocalJobRunner: OutputCommitter set in config org.apache.hadoop.hive.ql.io.HiveFileFormatUtils$NullOutputCommitter
2024-04-24T00:50:02,474  INFO [Thread-2015] mapred.LocalJobRunner: OutputCommitter is org.apache.hadoop.hive.ql.io.HiveFileFormatUtils$NullOutputCommitter
2024-04-24T00:50:02,476  INFO [Thread-2015] mapred.LocalJobRunner: Waiting for map tasks
2024-04-24T00:50:02,476  INFO [LocalJobRunner Map Task Executor #0] mapred.LocalJobRunner: Starting task: attempt_local41475732_0029_m_000000_0
2024-04-24T00:50:02,477  INFO [LocalJobRunner Map Task Executor #0] mapred.Task:  Using ResourceCalculatorProcessTree : [ ]
2024-04-24T00:50:02,477  INFO [LocalJobRunner Map Task Executor #0] mapred.MapTask: Processing split: org.apache.hadoop.hive.ql.io.NullRowsInputFormat:file:/home/alex/Repositories/hive/ql/target/tmp/localscratchdir/8423955d-670f-4414-8ede-077e7fa545bd/hive_2024-04-24_00-50-01_977_7060180627433008459-1/dummy_path/null:0+1
2024-04-24T00:50:02,478  INFO [LocalJobRunner Map Task Executor #0] exec.SerializationUtilities: Deserializing MapWork using kryo
2024-04-24T00:50:02,478  INFO [LocalJobRunner Map Task Executor #0] exec.Utilities: Deserialized plan (via FILE) - name: null size: 5,67KB
2024-04-24T00:50:02,479  INFO [LocalJobRunner Map Task Executor #0] mapred.MapTask: numReduceTasks: 0
2024-04-24T00:50:02,479  INFO [LocalJobRunner Map Task Executor #0] exec.MapOperator: Initializing Operator: MAP[0]
2024-04-24T00:50:02,479  INFO [LocalJobRunner Map Task Executor #0] mr.ExecMapper: 
<MAP>Id =0
  <Children>null
  <\Children>
  <Parent><\Parent>
<\MAP>
2024-04-24T00:50:02,480  INFO [LocalJobRunner Map Task Executor #0] exec.TableScanOperator: Initializing Operator: TS[0]
2024-04-24T00:50:02,480  INFO [LocalJobRunner Map Task Executor #0] exec.SelectOperator: Initializing Operator: SEL[1]
2024-04-24T00:50:02,480  INFO [LocalJobRunner Map Task Executor #0] exec.SelectOperator: SELECT null
2024-04-24T00:50:02,481  INFO [LocalJobRunner Map Task Executor #0] exec.UDTFOperator: Initializing Operator: UDTF[2]
2024-04-24T00:50:02,481  INFO [LocalJobRunner Map Task Executor #0] exec.SelectOperator: Initializing Operator: SEL[3]
2024-04-24T00:50:02,481  INFO [LocalJobRunner Map Task Executor #0] exec.SelectOperator: SELECT struct<col1:int,col2:int>
2024-04-24T00:50:02,481  INFO [LocalJobRunner Map Task Executor #0] exec.FileSinkOperator: Initializing Operator: FS[4]
2024-04-24T00:50:02,481  INFO [LocalJobRunner Map Task Executor #0] exec.FileSinkOperator: Using serializer : AbstractSerDe [log=org.apache.logging.slf4j.Log4jLogger@7cecb575, configuration=Optional[Configuration: core-default.xml, core-site.xml, mapred-default.xml, mapred-site.xml, yarn-default.xml, yarn-site.xml, hdfs-default.xml, hdfs-site.xml, file:/home/alex/Repositories/hive/ql/target/tmp/TestTxnCommands3/mapred/local/localRunner/alex/job_local41475732_0029/job_local41475732_0029.xml], properties={transactional_properties=default, name=default.t, transactional=true, columns.types=int:int, columns=a,b, numFilesErasureCoded=0, columns.comments=&amp#0;, bucketing_version=2, serialization.lib=org.apache.hadoop.hive.ql.io.orc.OrcSerde, file.inputformat=org.apache.hadoop.hive.ql.io.orc.OrcInputFormat, file.outputformat=org.apache.hadoop.hive.ql.io.orc.OrcOutputFormat, location=file:/home/alex/Repositories/hive/ql/target/tmp/org.apache.hadoop.hive.ql.TestTxnCommands3-1713944903826/warehouse/t, column.name.delimiter=,}, tableProperties={transactional_properties=default, name=default.t, transactional=true, columns.types=int:int, columns=a,b, numFilesErasureCoded=0, columns.comments=&amp#0;, bucketing_version=2, serialization.lib=org.apache.hadoop.hive.ql.io.orc.OrcSerde, file.inputformat=org.apache.hadoop.hive.ql.io.orc.OrcInputFormat, location=file:/home/alex/Repositories/hive/ql/target/tmp/org.apache.hadoop.hive.ql.TestTxnCommands3-1713944903826/warehouse/t, file.outputformat=org.apache.hadoop.hive.ql.io.orc.OrcOutputFormat, column.name.delimiter=,}, partitionProperties=Optional.empty, columnNames=[a, b], columnTypes=[int, int], getClass()=class org.apache.hadoop.hive.ql.io.orc.OrcSerde] and formatter : org.apache.hadoop.hive.ql.io.orc.OrcOutputFormat@e89911f
2024-04-24T00:50:02,482  INFO [LocalJobRunner Map Task Executor #0] exec.FileSinkOperator: Final Path: FS file:/home/alex/Repositories/hive/ql/target/tmp/org.apache.hadoop.hive.ql.TestTxnCommands3-1713944903826/warehouse/t
2024-04-24T00:50:02,482  INFO [LocalJobRunner Map Task Executor #0] exec.FileSinkOperator: New Final Path: FS file:/home/alex/Repositories/hive/ql/target/tmp/org.apache.hadoop.hive.ql.TestTxnCommands3-1713944903826/warehouse/t
2024-04-24T00:50:02,482  INFO [LocalJobRunner Map Task Executor #0] common.FileUtils: Creating directory if it doesn't exist: file:/home/alex/Repositories/hive/ql/target/tmp/org.apache.hadoop.hive.ql.TestTxnCommands3-1713944903826/warehouse
2024-04-24T00:50:02,482  INFO [LocalJobRunner Map Task Executor #0] exec.FileSinkOperator: FS[4]: records written - 1
2024-04-24T00:50:02,483  INFO [LocalJobRunner Map Task Executor #0] impl.PhysicalFsWriter: ORC writer created for path: file:/home/alex/Repositories/hive/ql/target/tmp/org.apache.hadoop.hive.ql.TestTxnCommands3-1713944903826/warehouse/t/delta_0000002_0000002_0000/bucket_00000_0 with stripeSize: 8388608 blockSize: 268435456 compression: Compress: ZLIB buffer: 32768
2024-04-24T00:50:02,490  INFO [LocalJobRunner Map Task Executor #0] impl.WriterImpl: ORC writer created for path: file:/home/alex/Repositories/hive/ql/target/tmp/org.apache.hadoop.hive.ql.TestTxnCommands3-1713944903826/warehouse/t/delta_0000002_0000002_0000/bucket_00000_0 with stripeSize: 8388608 options: Compress: ZLIB buffer: 32768
2024-04-24T00:50:02,495  INFO [LocalJobRunner Map Task Executor #0] exec.MapOperator: MAP[0]: records read - 1
2024-04-24T00:50:02,495  INFO [LocalJobRunner Map Task Executor #0] exec.MapOperator: Closing Operator: MAP[0]
2024-04-24T00:50:02,495  INFO [LocalJobRunner Map Task Executor #0] exec.MapOperator: MAP[0]: Total records read - 3. abort - false
2024-04-24T00:50:02,496  INFO [LocalJobRunner Map Task Executor #0] exec.MapOperator: RECORDS_IN:3, DESERIALIZE_ERRORS:0, RECORDS_OUT_INTERMEDIATE:0, RECORDS_OUT_OPERATOR_MAP_0:0, 
2024-04-24T00:50:02,496  INFO [LocalJobRunner Map Task Executor #0] exec.TableScanOperator: Closing Operator: TS[0]
2024-04-24T00:50:02,496  INFO [LocalJobRunner Map Task Executor #0] exec.TableScanOperator: RECORDS_OUT_OPERATOR_TS_0:1, RECORDS_OUT_INTERMEDIATE:0, 
2024-04-24T00:50:02,496  INFO [LocalJobRunner Map Task Executor #0] exec.SelectOperator: Closing Operator: SEL[1]
2024-04-24T00:50:02,496  INFO [LocalJobRunner Map Task Executor #0] exec.SelectOperator: RECORDS_OUT_INTERMEDIATE:0, RECORDS_OUT_OPERATOR_SEL_1:1, 
2024-04-24T00:50:02,496  INFO [LocalJobRunner Map Task Executor #0] exec.UDTFOperator: Closing Operator: UDTF[2]
2024-04-24T00:50:02,496  INFO [LocalJobRunner Map Task Executor #0] exec.UDTFOperator: RECORDS_OUT_OPERATOR_UDTF_2:1, RECORDS_OUT_INTERMEDIATE:0, 
2024-04-24T00:50:02,496  INFO [LocalJobRunner Map Task Executor #0] exec.SelectOperator: Closing Operator: SEL[3]
2024-04-24T00:50:02,496  INFO [LocalJobRunner Map Task Executor #0] exec.SelectOperator: RECORDS_OUT_OPERATOR_SEL_3:1, RECORDS_OUT_INTERMEDIATE:0, 
2024-04-24T00:50:02,496  INFO [LocalJobRunner Map Task Executor #0] exec.FileSinkOperator: Closing Operator: FS[4]
2024-04-24T00:50:02,496  INFO [LocalJobRunner Map Task Executor #0] exec.FileSinkOperator: FS[4]: records written - 1
2024-04-24T00:50:02,498  INFO [LocalJobRunner Map Task Executor #0] FileOperations: Writing manifest to file:/home/alex/Repositories/hive/ql/target/tmp/org.apache.hadoop.hive.ql.TestTxnCommands3-1713944903826/warehouse/t/_tmp.delta_0000002_0000002_0000/000000_0.manifest with [file:/home/alex/Repositories/hive/ql/target/tmp/org.apache.hadoop.hive.ql.TestTxnCommands3-1713944903826/warehouse/t/delta_0000002_0000002_0000/bucket_00000_0]
2024-04-24T00:50:02,510  INFO [LocalJobRunner Map Task Executor #0] exec.FileSinkOperator: RECORDS_OUT_INTERMEDIATE:0, TOTAL_TABLE_ROWS_WRITTEN:1, RECORDS_OUT_OPERATOR_FS_4:1, RECORDS_OUT_1_default.t:1, 
2024-04-24T00:50:02,511  INFO [LocalJobRunner Map Task Executor #0] mapred.LocalJobRunner: 
2024-04-24T00:50:02,511  INFO [LocalJobRunner Map Task Executor #0] mapred.Task: Task:attempt_local41475732_0029_m_000000_0 is done. And is in the process of committing
2024-04-24T00:50:02,511  INFO [LocalJobRunner Map Task Executor #0] mapred.LocalJobRunner: map
2024-04-24T00:50:02,512  INFO [LocalJobRunner Map Task Executor #0] mapred.Task: Task 'attempt_local41475732_0029_m_000000_0' done.
2024-04-24T00:50:02,512  INFO [LocalJobRunner Map Task Executor #0] mapred.Task: Final Counters for attempt_local41475732_0029_m_000000_0: Counters: 27
	File System Counters
		FILE: Number of bytes read=428294
		FILE: Number of bytes written=34117750
		FILE: Number of read operations=0
		FILE: Number of large read operations=0
		FILE: Number of write operations=0
	Map-Reduce Framework
		Map input records=4
		Map output records=0
		Input split bytes=361
		Spilled Records=0
		Failed Shuffles=0
		Merged Map outputs=0
		GC time elapsed (ms)=0
		Total committed heap usage (bytes)=1255669760
	HIVE
		CREATED_FILES=1
		DESERIALIZE_ERRORS=0
		RECORDS_IN=3
		RECORDS_OUT_1_default.t=1
		RECORDS_OUT_INTERMEDIATE=0
		RECORDS_OUT_OPERATOR_FS_4=1
		RECORDS_OUT_OPERATOR_MAP_0=0
		RECORDS_OUT_OPERATOR_SEL_1=1
		RECORDS_OUT_OPERATOR_SEL_3=1
		RECORDS_OUT_OPERATOR_TS_0=1
		RECORDS_OUT_OPERATOR_UDTF_2=1
		TOTAL_TABLE_ROWS_WRITTEN=1
	File Input Format Counters 
		Bytes Read=5729
	File Output Format Counters 
		Bytes Written=0
2024-04-24T00:50:02,512  INFO [LocalJobRunner Map Task Executor #0] mapred.LocalJobRunner: Finishing task: attempt_local41475732_0029_m_000000_0
2024-04-24T00:50:02,512  INFO [Thread-2015] mapred.LocalJobRunner: map task executor complete.
2024-04-24 00:50:03,475 Stage-1 map = 100%,  reduce = 0%
2024-04-24T00:50:03,475  INFO [main] exec.Task: 2024-04-24 00:50:03,475 Stage-1 map = 100%,  reduce = 0%
Ended Job = job_local41475732_0029
2024-04-24T00:50:03,475  INFO [main] exec.Task: Ended Job = job_local41475732_0029
2024-04-24T00:50:03,476  INFO [main] FileOperations: Found manifest file file:/home/alex/Repositories/hive/ql/target/tmp/org.apache.hadoop.hive.ql.TestTxnCommands3-1713944903826/warehouse/t/_tmp.delta_0000002_0000002_0000/000000_0.manifest with attemptId 0.
2024-04-24T00:50:03,476  INFO [main] FileOperations: Looking at manifest file: file:/home/alex/Repositories/hive/ql/target/tmp/org.apache.hadoop.hive.ql.TestTxnCommands3-1713944903826/warehouse/t/_tmp.delta_0000002_0000002_0000/000000_0.manifest
2024-04-24T00:50:03,476  INFO [main] FileOperations: Deleting manifest directory file:/home/alex/Repositories/hive/ql/target/tmp/org.apache.hadoop.hive.ql.TestTxnCommands3-1713944903826/warehouse/t/_tmp.delta_0000002_0000002_0000
2024-04-24T00:50:03,478  INFO [main] ql.Driver: Starting task [Stage-0:MOVE] in serial mode
Loading data to table default.t
2024-04-24T00:50:03,478  INFO [main] exec.Task: Loading data to table default.t from file:/home/alex/Repositories/hive/ql/target/tmp/org.apache.hadoop.hive.ql.TestTxnCommands3-1713944903826/warehouse/t
2024-04-24T00:50:03,478  INFO [main] HiveMetaStore.audit: ugi=alex	ip=unknown-ip-addr	cmd=get_table : tbl=hive.default.t	
2024-04-24T00:50:03,486  INFO [main] metastore.HMSHandler: Skipping translation for processor with null
2024-04-24T00:50:03,487  INFO [main] HiveMetaStore.audit: ugi=alex	ip=unknown-ip-addr	cmd=get_table : tbl=hive.default.t	
2024-04-24T00:50:03,494  INFO [main] metastore.HMSHandler: Skipping translation for processor with null
2024-04-24T00:50:03,495  INFO [main] HiveMetaStore.audit: ugi=alex	ip=unknown-ip-addr	cmd=alter_table: hive.default.t newtbl=t	
2024-04-24T00:50:03,517  INFO [main] ql.Driver: Starting task [Stage-2:STATS] in serial mode
2024-04-24T00:50:03,517  INFO [main] HiveMetaStore.audit: ugi=alex	ip=unknown-ip-addr	cmd=get_table : tbl=hive.default.t	
2024-04-24T00:50:03,524  INFO [main] metastore.HMSHandler: Skipping translation for processor with null
2024-04-24T00:50:03,525  INFO [main] stats.BasicStatsTask: Executing stats task
2024-04-24T00:50:03,525  INFO [main] fs.FSStatsPublisher: created : file:/home/alex/Repositories/hive/ql/target/tmp/localscratchdir/8423955d-670f-4414-8ede-077e7fa545bd/hive_2024-04-24_00-50-01_977_7060180627433008459-1/-mr-10000
2024-04-24T00:50:03,526  INFO [main] HiveMetaStore.audit: ugi=alex	ip=unknown-ip-addr	cmd=get_table : tbl=hive.default.t	
2024-04-24T00:50:03,533  INFO [main] metastore.HMSHandler: Skipping translation for processor with null
2024-04-24T00:50:03,553  WARN [main] FileOperations: Computing stats for an ACID table; stats may be inaccurate
2024-04-24T00:50:03,554  INFO [main] FileOperations: Read stats for default.t/, numRows, true, 1, false: 
2024-04-24T00:50:03,554  INFO [main] FileOperations: Read stats for default.t/, rawDataSize, true, 0, false: 
2024-04-24T00:50:03,554  INFO [main] HiveMetaStore.audit: ugi=alex	ip=unknown-ip-addr	cmd=alter_table: hive.default.t newtbl=t	
2024-04-24T00:50:03,580  INFO [main] FileOperations: Read stats for default.t/, insertCount, true, 1, false: 
2024-04-24T00:50:03,580  INFO [main] FileOperations: Read stats for default.t/, updateCount, true, 0, false: 
2024-04-24T00:50:03,580  INFO [main] FileOperations: Read stats for default.t/, deleteCount, true, 0, false: 
2024-04-24T00:50:03,581  INFO [main] stats.BasicStatsTask: Table default.t stats: [numFiles=2, numRows=2, totalSize=1332, rawDataSize=0, numFilesErasureCoded=0]
2024-04-24T00:50:03,581  INFO [main] metadata.Hive: Dumping metastore api call timing information for : execution phase
2024-04-24T00:50:03,581  INFO [main] metadata.Hive: Total time spent in each metastore function (ms): {isCompatibleWith_(Configuration)=0, getTable_(GetTableRequest)=32, updateTransactionalStatistics_(UpdateTransactionalStatsRequest)=1, alter_table_(String, String, String, Table, EnvironmentContext, String)=48}
MapReduce Jobs Launched: 
2024-04-24T00:50:03,582  INFO [main] ql.Driver: MapReduce Jobs Launched: 
Stage-Stage-1:  HDFS Read: 0 HDFS Write: 0 SUCCESS
2024-04-24T00:50:03,582  INFO [main] ql.Driver: Stage-Stage-1:  HDFS Read: 0 HDFS Write: 0 SUCCESS
Total MapReduce CPU Time Spent: 0 msec
2024-04-24T00:50:03,582  INFO [main] ql.Driver: Total MapReduce CPU Time Spent: 0 msec
2024-04-24T00:50:03,582  INFO [main] ql.Driver: Completed executing command(queryId=alex_20240424005001_581568cb-8424-46e8-9d34-4acef27a18ca); Time taken: 1.408 seconds
2024-04-24T00:50:03,582  INFO [main] lockmgr.DbTxnManager: Stopped heartbeat for query: alex_20240424005001_581568cb-8424-46e8-9d34-4acef27a18ca
2024-04-24T00:50:03,593  INFO [main] txn.TxnHandler: Removed transactions: ([16]) from MIN_HISTORY_LEVEL
2024-04-24T00:50:03,593  WARN [main] txn.CompactionTxnHandler: No compaction queue record found for Compaction type transaction commit. txnId:16
2024-04-24T00:50:03,594  INFO [main] ql.TxnCommandsBaseForTests: Running the query: update T set a=3 where b=2
2024-04-24T00:50:03,594  INFO [main] ql.Context: Deleting scratch dir: file:/home/alex/Repositories/hive/ql/target/tmp/localscratchdir/8423955d-670f-4414-8ede-077e7fa545bd/hive_2024-04-24_00-50-01_977_7060180627433008459-1
2024-04-24T00:50:03,595  INFO [main] cleanup.SyncCleanupService: Deleted directory: file:/home/alex/Repositories/hive/ql/target/tmp/localscratchdir/8423955d-670f-4414-8ede-077e7fa545bd/hive_2024-04-24_00-50-01_977_7060180627433008459-1 on fs with scheme file
2024-04-24T00:50:03,595  INFO [main] ql.Driver: Compiling command(queryId=alex_20240424005003_90e9ba45-4324-4ad5-b3c5-29f5c25249db): update T set a=3 where b=2
2024-04-24T00:50:03,598  INFO [main] txn.TxnHandler: Added entries to MIN_HISTORY_LEVEL for current txns: ([17]) with min_open_txn: 17
2024-04-24T00:50:03,599  INFO [main] lockmgr.DbTxnManager: Opened txnid:17
2024-04-24T00:50:03,600  INFO [main] parse.UpdateDeleteSemanticAnalyzer: Starting caching scope for: 
2024-04-24T00:50:03,600  INFO [main] HiveMetaStore.audit: ugi=alex	ip=unknown-ip-addr	cmd=get_table : tbl=hive.default.T	
2024-04-24T00:50:03,609  INFO [main] metastore.HMSHandler: Skipping translation for processor with null
2024-04-24T00:50:03,609  INFO [main] parse.RewriteSemanticAnalyzer: Going to reparse <update T set a=3 where b=2> as 
<insert into table `default`.`T` select ROW__ID,`a`,`b` from `default`.`T` sort by ROW__ID >
2024-04-24T00:50:03,610  INFO [main] parse.UpdateDeleteSemanticAnalyzer: Starting Semantic Analysis
2024-04-24T00:50:03,615  INFO [main] HiveMetaStore.audit: ugi=alex	ip=unknown-ip-addr	cmd=get_table : tbl=hive.default.T	
2024-04-24T00:50:03,627  INFO [main] metastore.HMSHandler: Skipping translation for processor with null
2024-04-24T00:50:03,627  INFO [main] parse.UpdateDeleteSemanticAnalyzer: Completed phase 1 of Semantic Analysis
2024-04-24T00:50:03,627  INFO [main] parse.UpdateDeleteSemanticAnalyzer: Get metadata for source tables
2024-04-24T00:50:03,629  INFO [main] HiveMetaStore.audit: ugi=alex	ip=unknown-ip-addr	cmd=get_table : tbl=hive.default.t	
2024-04-24T00:50:03,640  INFO [main] metastore.HMSHandler: Skipping translation for processor with null
2024-04-24T00:50:03,640  INFO [main] parse.UpdateDeleteSemanticAnalyzer: Get metadata for subqueries
2024-04-24T00:50:03,640  INFO [main] parse.UpdateDeleteSemanticAnalyzer: Get metadata for destination tables
2024-04-24T00:50:03,641  INFO [main] HiveMetaStore.audit: ugi=alex	ip=unknown-ip-addr	cmd=get_table : tbl=hive.default.T	
2024-04-24T00:50:03,650  INFO [main] metastore.HMSHandler: Skipping translation for processor with null
2024-04-24T00:50:03,650  INFO [main] parse.UpdateDeleteSemanticAnalyzer: Completed getting MetaData in Semantic Analysis
2024-04-24T00:50:03,650  INFO [main] parse.UpdateDeleteSemanticAnalyzer: Disabling LLAP IO encode as ETL query is detected
2024-04-24T00:50:03,665  INFO [main] HiveMetaStore.audit: ugi=alex	ip=unknown-ip-addr	cmd=get_all_table_constraints : tbl=hive.default.t	
2024-04-24T00:50:03,674  INFO [main] HiveMetaStore.audit: ugi=alex	ip=unknown-ip-addr	cmd=get_not_null_constraints : tbl=hive.default.t	
2024-04-24T00:50:03,676  INFO [main] HiveMetaStore.audit: ugi=alex	ip=unknown-ip-addr	cmd=get_check_constraints : tbl=hive.default.t	
2024-04-24T00:50:03,706  INFO [main] calcite.RelOptHiveTable: Calculating column statistics for default.t, projIndxSet: [1], allowMissingStats: true
2024-04-24T00:50:03,706  INFO [main] HiveMetaStore.audit: ugi=alex	ip=unknown-ip-addr	cmd=get_table : tbl=hive.default.t	
2024-04-24T00:50:03,721  INFO [main] metastore.HMSHandler: Skipping translation for processor with null
2024-04-24T00:50:03,723  INFO [main] HiveMetaStore.audit: ugi=alex	ip=unknown-ip-addr	cmd=get_table : tbl=hive.default.t	
2024-04-24T00:50:03,734  INFO [main] metastore.HMSHandler: Skipping translation for processor with null
2024-04-24T00:50:03,735  INFO [main] HiveMetaStore.audit: ugi=alex	ip=unknown-ip-addr	cmd=get_table_statistics_req: table=hive.default.t	
2024-04-24T00:50:03,747  WARN [main] calcite.RelOptHiveTable: No Stats for default@t, Columns: b
No Stats for default@t, Columns: b
2024-04-24T00:50:03,747  INFO [main] SessionState: No Stats for default@t, Columns: b
2024-04-24T00:50:03,815  INFO [main] parse.UpdateDeleteSemanticAnalyzer: Get metadata for source tables
2024-04-24T00:50:03,815  INFO [main] parse.UpdateDeleteSemanticAnalyzer: Get metadata for subqueries
2024-04-24T00:50:03,815  INFO [main] parse.UpdateDeleteSemanticAnalyzer: Get metadata for destination tables
2024-04-24T00:50:03,816  INFO [main] HiveMetaStore.audit: ugi=alex	ip=unknown-ip-addr	cmd=get_table : tbl=hive.default.T	
2024-04-24T00:50:03,826  INFO [main] metastore.HMSHandler: Skipping translation for processor with null
2024-04-24T00:50:03,830 ERROR [main] parse.UpdateDeleteSemanticAnalyzer: CBO failed, skipping CBO. 
org.apache.hadoop.hive.ql.exec.NoMatchingMethodException: No matching method for class org.apache.hadoop.hive.ql.udf.UDFToInteger with (struct<writeid:bigint,bucketid:int,rowid:bigint>). Possible choices: _FUNC_(bigint)  _FUNC_(boolean)  _FUNC_(decimal(38,18))  _FUNC_(double)  _FUNC_(float)  _FUNC_(smallint)  _FUNC_(string)  _FUNC_(struct<rowid:bigint,bucketid:int,writeid:bigint>)  _FUNC_(timestamp)  _FUNC_(tinyint)  _FUNC_(void)  
	at org.apache.hadoop.hive.ql.exec.MethodUtils.getMethodInternal(MethodUtils.java:130) ~[classes/:?]
	at org.apache.hadoop.hive.ql.exec.MethodUtils.getMethodInternal(MethodUtils.java:60) ~[classes/:?]
	at org.apache.hadoop.hive.ql.exec.DefaultUDFMethodResolver.getEvalMethod(DefaultUDFMethodResolver.java:59) ~[classes/:?]
	at org.apache.hadoop.hive.ql.udf.TimestampCastRestrictorResolver.getEvalMethod(TimestampCastRestrictorResolver.java:68) ~[classes/:?]
	at org.apache.hadoop.hive.ql.udf.generic.GenericUDFBridge.initialize(GenericUDFBridge.java:168) ~[classes/:?]
	at org.apache.hadoop.hive.ql.udf.generic.GenericUDF.initializeAndFoldConstants(GenericUDF.java:149) ~[classes/:?]
	at org.apache.hadoop.hive.ql.plan.ExprNodeGenericFuncDesc.newInstance(ExprNodeGenericFuncDesc.java:235) ~[classes/:?]
	at org.apache.hadoop.hive.ql.parse.type.ExprNodeDescExprFactory.createFuncCallExpr(ExprNodeDescExprFactory.java:584) ~[classes/:?]
	at org.apache.hadoop.hive.ql.parse.type.ExprNodeDescExprFactory.createFuncCallExpr(ExprNodeDescExprFactory.java:97) ~[classes/:?]
	at org.apache.hadoop.hive.ql.parse.type.TypeCheckProcFactory$DefaultExprProcessor.getFuncExprNodeDescWithUdfData(TypeCheckProcFactory.java:762) ~[classes/:?]
	at org.apache.hadoop.hive.ql.parse.type.TypeCheckProcFactory$DefaultExprProcessor.createConversionCast(TypeCheckProcFactory.java:783) ~[classes/:?]
	at org.apache.hadoop.hive.ql.parse.SemanticAnalyzer.getPartitionColsFromBucketColsForUpdateDelete(SemanticAnalyzer.java:8725) ~[classes/:?]
	at org.apache.hadoop.hive.ql.parse.SemanticAnalyzer.genBucketingSortingDest(SemanticAnalyzer.java:6914) ~[classes/:?]
	at org.apache.hadoop.hive.ql.parse.SemanticAnalyzer.genFileSinkPlan(SemanticAnalyzer.java:7335) ~[classes/:?]
	at org.apache.hadoop.hive.ql.parse.SemanticAnalyzer.genPostGroupByBodyPlan(SemanticAnalyzer.java:11063) ~[classes/:?]
	at org.apache.hadoop.hive.ql.parse.SemanticAnalyzer.genBodyPlan(SemanticAnalyzer.java:10938) ~[classes/:?]
	at org.apache.hadoop.hive.ql.parse.SemanticAnalyzer.genPlan(SemanticAnalyzer.java:11853) ~[classes/:?]
	at org.apache.hadoop.hive.ql.parse.SemanticAnalyzer.genPlan(SemanticAnalyzer.java:11723) ~[classes/:?]
	at org.apache.hadoop.hive.ql.parse.CalcitePlanner.genOPTree(CalcitePlanner.java:626) ~[classes/:?]
	at org.apache.hadoop.hive.ql.parse.SemanticAnalyzer.analyzeInternal(SemanticAnalyzer.java:12558) ~[classes/:?]
	at org.apache.hadoop.hive.ql.parse.CalcitePlanner.analyzeInternal(CalcitePlanner.java:456) ~[classes/:?]
	at org.apache.hadoop.hive.ql.parse.RewriteSemanticAnalyzer.analyzeInternal(RewriteSemanticAnalyzer.java:67) ~[classes/:?]
	at org.apache.hadoop.hive.ql.parse.BaseSemanticAnalyzer.analyze(BaseSemanticAnalyzer.java:317) ~[classes/:?]
	at org.apache.hadoop.hive.ql.parse.UpdateDeleteSemanticAnalyzer.reparseAndSuperAnalyze(UpdateDeleteSemanticAnalyzer.java:208) ~[classes/:?]
	at org.apache.hadoop.hive.ql.parse.UpdateDeleteSemanticAnalyzer.analyzeUpdate(UpdateDeleteSemanticAnalyzer.java:63) ~[classes/:?]
	at org.apache.hadoop.hive.ql.parse.UpdateDeleteSemanticAnalyzer.analyze(UpdateDeleteSemanticAnalyzer.java:53) ~[classes/:?]
	at org.apache.hadoop.hive.ql.parse.RewriteSemanticAnalyzer.analyzeInternal(RewriteSemanticAnalyzer.java:72) ~[classes/:?]
	at org.apache.hadoop.hive.ql.parse.BaseSemanticAnalyzer.analyze(BaseSemanticAnalyzer.java:317) ~[classes/:?]
	at org.apache.hadoop.hive.ql.Compiler.analyze(Compiler.java:223) ~[classes/:?]
	at org.apache.hadoop.hive.ql.Compiler.compile(Compiler.java:105) ~[classes/:?]
	at org.apache.hadoop.hive.ql.Driver.compile(Driver.java:500) ~[classes/:?]
	at org.apache.hadoop.hive.ql.Driver.compileInternal(Driver.java:453) ~[classes/:?]
	at org.apache.hadoop.hive.ql.Driver.runInternal(Driver.java:181) ~[classes/:?]
	at org.apache.hadoop.hive.ql.Driver.run(Driver.java:153) ~[classes/:?]
	at org.apache.hadoop.hive.ql.Driver.run(Driver.java:140) ~[classes/:?]
	at org.apache.hadoop.hive.ql.TxnCommandsBaseForTests.runStatementOnDriver(TxnCommandsBaseForTests.java:245) ~[test-classes/:?]
	at org.apache.hadoop.hive.ql.TestTxnCommands3.testMinorCompactionAbortLeftoverFiles(TestTxnCommands3.java:535) ~[test-classes/:?]
	at sun.reflect.NativeMethodAccessorImpl.invoke0(Native Method) ~[?:1.8.0_402]
	at sun.reflect.NativeMethodAccessorImpl.invoke(NativeMethodAccessorImpl.java:62) ~[?:1.8.0_402]
	at sun.reflect.DelegatingMethodAccessorImpl.invoke(DelegatingMethodAccessorImpl.java:43) ~[?:1.8.0_402]
	at java.lang.reflect.Method.invoke(Method.java:498) ~[?:1.8.0_402]
	at org.junit.runners.model.FrameworkMethod$1.runReflectiveCall(FrameworkMethod.java:59) ~[junit-4.13.jar:4.13]
	at org.junit.internal.runners.model.ReflectiveCallable.run(ReflectiveCallable.java:12) ~[junit-4.13.jar:4.13]
	at org.junit.runners.model.FrameworkMethod.invokeExplosively(FrameworkMethod.java:56) ~[junit-4.13.jar:4.13]
	at org.junit.internal.runners.statements.InvokeMethod.evaluate(InvokeMethod.java:17) ~[junit-4.13.jar:4.13]
	at org.junit.internal.runners.statements.RunBefores.evaluate(RunBefores.java:26) ~[junit-4.13.jar:4.13]
	at org.junit.internal.runners.statements.RunAfters.evaluate(RunAfters.java:27) ~[junit-4.13.jar:4.13]
	at org.junit.rules.TestWatcher$1.evaluate(TestWatcher.java:61) ~[junit-4.13.jar:4.13]
	at org.junit.runners.ParentRunner$3.evaluate(ParentRunner.java:306) ~[junit-4.13.jar:4.13]
	at org.junit.runners.BlockJUnit4ClassRunner$1.evaluate(BlockJUnit4ClassRunner.java:100) ~[junit-4.13.jar:4.13]
	at org.junit.runners.ParentRunner.runLeaf(ParentRunner.java:366) ~[junit-4.13.jar:4.13]
	at org.junit.runners.BlockJUnit4ClassRunner.runChild(BlockJUnit4ClassRunner.java:103) ~[junit-4.13.jar:4.13]
	at org.junit.runners.BlockJUnit4ClassRunner.runChild(BlockJUnit4ClassRunner.java:63) ~[junit-4.13.jar:4.13]
	at org.junit.runners.ParentRunner$4.run(ParentRunner.java:331) ~[junit-4.13.jar:4.13]
	at org.junit.runners.ParentRunner$1.schedule(ParentRunner.java:79) ~[junit-4.13.jar:4.13]
	at org.junit.runners.ParentRunner.runChildren(ParentRunner.java:329) ~[junit-4.13.jar:4.13]
	at org.junit.runners.ParentRunner.access$100(ParentRunner.java:66) ~[junit-4.13.jar:4.13]
	at org.junit.runners.ParentRunner$2.evaluate(ParentRunner.java:293) ~[junit-4.13.jar:4.13]
	at org.junit.runners.ParentRunner$3.evaluate(ParentRunner.java:306) ~[junit-4.13.jar:4.13]
	at org.junit.runners.ParentRunner.run(ParentRunner.java:413) ~[junit-4.13.jar:4.13]
	at org.junit.runner.JUnitCore.run(JUnitCore.java:137) ~[junit-4.13.jar:4.13]
	at org.junit.runner.JUnitCore.run(JUnitCore.java:115) ~[junit-4.13.jar:4.13]
	at org.junit.vintage.engine.execution.RunnerExecutor.execute(RunnerExecutor.java:43) ~[junit-vintage-engine-5.6.2.jar:5.6.2]
	at java.util.stream.ForEachOps$ForEachOp$OfRef.accept(ForEachOps.java:183) ~[?:1.8.0_402]
	at java.util.stream.ReferencePipeline$3$1.accept(ReferencePipeline.java:193) ~[?:1.8.0_402]
	at java.util.Iterator.forEachRemaining(Iterator.java:116) ~[?:1.8.0_402]
	at java.util.Spliterators$IteratorSpliterator.forEachRemaining(Spliterators.java:1801) ~[?:1.8.0_402]
	at java.util.stream.AbstractPipeline.copyInto(AbstractPipeline.java:482) ~[?:1.8.0_402]
	at java.util.stream.AbstractPipeline.wrapAndCopyInto(AbstractPipeline.java:472) ~[?:1.8.0_402]
	at java.util.stream.ForEachOps$ForEachOp.evaluateSequential(ForEachOps.java:150) ~[?:1.8.0_402]
	at java.util.stream.ForEachOps$ForEachOp$OfRef.evaluateSequential(ForEachOps.java:173) ~[?:1.8.0_402]
	at java.util.stream.AbstractPipeline.evaluate(AbstractPipeline.java:234) ~[?:1.8.0_402]
	at java.util.stream.ReferencePipeline.forEach(ReferencePipeline.java:485) ~[?:1.8.0_402]
	at org.junit.vintage.engine.VintageTestEngine.executeAllChildren(VintageTestEngine.java:82) ~[junit-vintage-engine-5.6.2.jar:5.6.2]
	at org.junit.vintage.engine.VintageTestEngine.execute(VintageTestEngine.java:73) ~[junit-vintage-engine-5.6.2.jar:5.6.2]
	at org.junit.platform.launcher.core.DefaultLauncher.execute(DefaultLauncher.java:248) ~[junit-platform-launcher-1.6.2.jar:1.6.2]
	at org.junit.platform.launcher.core.DefaultLauncher.lambda$execute$5(DefaultLauncher.java:211) ~[junit-platform-launcher-1.6.2.jar:1.6.2]
	at org.junit.platform.launcher.core.DefaultLauncher.withInterceptedStreams(DefaultLauncher.java:226) [junit-platform-launcher-1.6.2.jar:1.6.2]
	at org.junit.platform.launcher.core.DefaultLauncher.execute(DefaultLauncher.java:199) [junit-platform-launcher-1.6.2.jar:1.6.2]
	at org.junit.platform.launcher.core.DefaultLauncher.execute(DefaultLauncher.java:132) [junit-platform-launcher-1.6.2.jar:1.6.2]
	at org.apache.maven.surefire.junitplatform.JUnitPlatformProvider.invokeAllTests(JUnitPlatformProvider.java:154) [surefire-junit-platform-3.0.0-M4.jar:3.0.0-M4]
	at org.apache.maven.surefire.junitplatform.JUnitPlatformProvider.invoke(JUnitPlatformProvider.java:123) [surefire-junit-platform-3.0.0-M4.jar:3.0.0-M4]
	at org.apache.maven.surefire.booter.ForkedBooter.runSuitesInProcess(ForkedBooter.java:377) [surefire-booter-3.0.0-M4.jar:3.0.0-M4]
	at org.apache.maven.surefire.booter.ForkedBooter.execute(ForkedBooter.java:138) [surefire-booter-3.0.0-M4.jar:3.0.0-M4]
	at org.apache.maven.surefire.booter.ForkedBooter.run(ForkedBooter.java:465) [surefire-booter-3.0.0-M4.jar:3.0.0-M4]
	at org.apache.maven.surefire.booter.ForkedBooter.main(ForkedBooter.java:451) [surefire-booter-3.0.0-M4.jar:3.0.0-M4]
2024-04-24T00:50:03,831 ERROR [main] parse.UpdateDeleteSemanticAnalyzer: CBO failed due to missing column stats (see previous errors), skipping CBO
2024-04-24T00:50:03,831  INFO [main] parse.UpdateDeleteSemanticAnalyzer: Ending caching scope for: 
FAILED: NoMatchingMethodException No matching method for class org.apache.hadoop.hive.ql.udf.UDFToInteger with (struct<writeid:bigint,bucketid:int,rowid:bigint>). Possible choices: _FUNC_(bigint)  _FUNC_(boolean)  _FUNC_(decimal(38,18))  _FUNC_(double)  _FUNC_(float)  _FUNC_(smallint)  _FUNC_(string)  _FUNC_(struct<rowid:bigint,bucketid:int,writeid:bigint>)  _FUNC_(timestamp)  _FUNC_(tinyint)  _FUNC_(void)  
2024-04-24T00:50:03,832 ERROR [main] ql.Driver: FAILED: NoMatchingMethodException No matching method for class org.apache.hadoop.hive.ql.udf.UDFToInteger with (struct<writeid:bigint,bucketid:int,rowid:bigint>). Possible choices: _FUNC_(bigint)  _FUNC_(boolean)  _FUNC_(decimal(38,18))  _FUNC_(double)  _FUNC_(float)  _FUNC_(smallint)  _FUNC_(string)  _FUNC_(struct<rowid:bigint,bucketid:int,writeid:bigint>)  _FUNC_(timestamp)  _FUNC_(tinyint)  _FUNC_(void)  
org.apache.hadoop.hive.ql.exec.NoMatchingMethodException: No matching method for class org.apache.hadoop.hive.ql.udf.UDFToInteger with (struct<writeid:bigint,bucketid:int,rowid:bigint>). Possible choices: _FUNC_(bigint)  _FUNC_(boolean)  _FUNC_(decimal(38,18))  _FUNC_(double)  _FUNC_(float)  _FUNC_(smallint)  _FUNC_(string)  _FUNC_(struct<rowid:bigint,bucketid:int,writeid:bigint>)  _FUNC_(timestamp)  _FUNC_(tinyint)  _FUNC_(void)  
	at org.apache.hadoop.hive.ql.exec.MethodUtils.getMethodInternal(MethodUtils.java:130)
	at org.apache.hadoop.hive.ql.exec.MethodUtils.getMethodInternal(MethodUtils.java:60)
	at org.apache.hadoop.hive.ql.exec.DefaultUDFMethodResolver.getEvalMethod(DefaultUDFMethodResolver.java:59)
	at org.apache.hadoop.hive.ql.udf.TimestampCastRestrictorResolver.getEvalMethod(TimestampCastRestrictorResolver.java:68)
	at org.apache.hadoop.hive.ql.udf.generic.GenericUDFBridge.initialize(GenericUDFBridge.java:168)
	at org.apache.hadoop.hive.ql.udf.generic.GenericUDF.initializeAndFoldConstants(GenericUDF.java:149)
	at org.apache.hadoop.hive.ql.plan.ExprNodeGenericFuncDesc.newInstance(ExprNodeGenericFuncDesc.java:235)
	at org.apache.hadoop.hive.ql.parse.type.ExprNodeDescExprFactory.createFuncCallExpr(ExprNodeDescExprFactory.java:584)
	at org.apache.hadoop.hive.ql.parse.type.ExprNodeDescExprFactory.createFuncCallExpr(ExprNodeDescExprFactory.java:97)
	at org.apache.hadoop.hive.ql.parse.type.TypeCheckProcFactory$DefaultExprProcessor.getFuncExprNodeDescWithUdfData(TypeCheckProcFactory.java:762)
	at org.apache.hadoop.hive.ql.parse.type.TypeCheckProcFactory$DefaultExprProcessor.createConversionCast(TypeCheckProcFactory.java:783)
	at org.apache.hadoop.hive.ql.parse.SemanticAnalyzer.getPartitionColsFromBucketColsForUpdateDelete(SemanticAnalyzer.java:8725)
	at org.apache.hadoop.hive.ql.parse.SemanticAnalyzer.genBucketingSortingDest(SemanticAnalyzer.java:6914)
	at org.apache.hadoop.hive.ql.parse.SemanticAnalyzer.genFileSinkPlan(SemanticAnalyzer.java:7335)
	at org.apache.hadoop.hive.ql.parse.SemanticAnalyzer.genPostGroupByBodyPlan(SemanticAnalyzer.java:11063)
	at org.apache.hadoop.hive.ql.parse.SemanticAnalyzer.genBodyPlan(SemanticAnalyzer.java:10938)
	at org.apache.hadoop.hive.ql.parse.SemanticAnalyzer.genPlan(SemanticAnalyzer.java:11853)
	at org.apache.hadoop.hive.ql.parse.SemanticAnalyzer.genPlan(SemanticAnalyzer.java:11723)
	at org.apache.hadoop.hive.ql.parse.CalcitePlanner.genOPTree(CalcitePlanner.java:626)
	at org.apache.hadoop.hive.ql.parse.SemanticAnalyzer.analyzeInternal(SemanticAnalyzer.java:12558)
	at org.apache.hadoop.hive.ql.parse.CalcitePlanner.analyzeInternal(CalcitePlanner.java:456)
	at org.apache.hadoop.hive.ql.parse.RewriteSemanticAnalyzer.analyzeInternal(RewriteSemanticAnalyzer.java:67)
	at org.apache.hadoop.hive.ql.parse.BaseSemanticAnalyzer.analyze(BaseSemanticAnalyzer.java:317)
	at org.apache.hadoop.hive.ql.parse.UpdateDeleteSemanticAnalyzer.reparseAndSuperAnalyze(UpdateDeleteSemanticAnalyzer.java:208)
	at org.apache.hadoop.hive.ql.parse.UpdateDeleteSemanticAnalyzer.analyzeUpdate(UpdateDeleteSemanticAnalyzer.java:63)
	at org.apache.hadoop.hive.ql.parse.UpdateDeleteSemanticAnalyzer.analyze(UpdateDeleteSemanticAnalyzer.java:53)
	at org.apache.hadoop.hive.ql.parse.RewriteSemanticAnalyzer.analyzeInternal(RewriteSemanticAnalyzer.java:72)
	at org.apache.hadoop.hive.ql.parse.BaseSemanticAnalyzer.analyze(BaseSemanticAnalyzer.java:317)
	at org.apache.hadoop.hive.ql.Compiler.analyze(Compiler.java:223)
	at org.apache.hadoop.hive.ql.Compiler.compile(Compiler.java:105)
	at org.apache.hadoop.hive.ql.Driver.compile(Driver.java:500)
	at org.apache.hadoop.hive.ql.Driver.compileInternal(Driver.java:453)
	at org.apache.hadoop.hive.ql.Driver.runInternal(Driver.java:181)
	at org.apache.hadoop.hive.ql.Driver.run(Driver.java:153)
	at org.apache.hadoop.hive.ql.Driver.run(Driver.java:140)
	at org.apache.hadoop.hive.ql.TxnCommandsBaseForTests.runStatementOnDriver(TxnCommandsBaseForTests.java:245)
	at org.apache.hadoop.hive.ql.TestTxnCommands3.testMinorCompactionAbortLeftoverFiles(TestTxnCommands3.java:535)
	at sun.reflect.NativeMethodAccessorImpl.invoke0(Native Method)
	at sun.reflect.NativeMethodAccessorImpl.invoke(NativeMethodAccessorImpl.java:62)
	at sun.reflect.DelegatingMethodAccessorImpl.invoke(DelegatingMethodAccessorImpl.java:43)
	at java.lang.reflect.Method.invoke(Method.java:498)
	at org.junit.runners.model.FrameworkMethod$1.runReflectiveCall(FrameworkMethod.java:59)
	at org.junit.internal.runners.model.ReflectiveCallable.run(ReflectiveCallable.java:12)
	at org.junit.runners.model.FrameworkMethod.invokeExplosively(FrameworkMethod.java:56)
	at org.junit.internal.runners.statements.InvokeMethod.evaluate(InvokeMethod.java:17)
	at org.junit.internal.runners.statements.RunBefores.evaluate(RunBefores.java:26)
	at org.junit.internal.runners.statements.RunAfters.evaluate(RunAfters.java:27)
	at org.junit.rules.TestWatcher$1.evaluate(TestWatcher.java:61)
	at org.junit.runners.ParentRunner$3.evaluate(ParentRunner.java:306)
	at org.junit.runners.BlockJUnit4ClassRunner$1.evaluate(BlockJUnit4ClassRunner.java:100)
	at org.junit.runners.ParentRunner.runLeaf(ParentRunner.java:366)
	at org.junit.runners.BlockJUnit4ClassRunner.runChild(BlockJUnit4ClassRunner.java:103)
	at org.junit.runners.BlockJUnit4ClassRunner.runChild(BlockJUnit4ClassRunner.java:63)
	at org.junit.runners.ParentRunner$4.run(ParentRunner.java:331)
	at org.junit.runners.ParentRunner$1.schedule(ParentRunner.java:79)
	at org.junit.runners.ParentRunner.runChildren(ParentRunner.java:329)
	at org.junit.runners.ParentRunner.access$100(ParentRunner.java:66)
	at org.junit.runners.ParentRunner$2.evaluate(ParentRunner.java:293)
	at org.junit.runners.ParentRunner$3.evaluate(ParentRunner.java:306)
	at org.junit.runners.ParentRunner.run(ParentRunner.java:413)
	at org.junit.runner.JUnitCore.run(JUnitCore.java:137)
	at org.junit.runner.JUnitCore.run(JUnitCore.java:115)
	at org.junit.vintage.engine.execution.RunnerExecutor.execute(RunnerExecutor.java:43)
	at java.util.stream.ForEachOps$ForEachOp$OfRef.accept(ForEachOps.java:183)
	at java.util.stream.ReferencePipeline$3$1.accept(ReferencePipeline.java:193)
	at java.util.Iterator.forEachRemaining(Iterator.java:116)
	at java.util.Spliterators$IteratorSpliterator.forEachRemaining(Spliterators.java:1801)
	at java.util.stream.AbstractPipeline.copyInto(AbstractPipeline.java:482)
	at java.util.stream.AbstractPipeline.wrapAndCopyInto(AbstractPipeline.java:472)
	at java.util.stream.ForEachOps$ForEachOp.evaluateSequential(ForEachOps.java:150)
	at java.util.stream.ForEachOps$ForEachOp$OfRef.evaluateSequential(ForEachOps.java:173)
	at java.util.stream.AbstractPipeline.evaluate(AbstractPipeline.java:234)
	at java.util.stream.ReferencePipeline.forEach(ReferencePipeline.java:485)
	at org.junit.vintage.engine.VintageTestEngine.executeAllChildren(VintageTestEngine.java:82)
	at org.junit.vintage.engine.VintageTestEngine.execute(VintageTestEngine.java:73)
	at org.junit.platform.launcher.core.DefaultLauncher.execute(DefaultLauncher.java:248)
	at org.junit.platform.launcher.core.DefaultLauncher.lambda$execute$5(DefaultLauncher.java:211)
	at org.junit.platform.launcher.core.DefaultLauncher.withInterceptedStreams(DefaultLauncher.java:226)
	at org.junit.platform.launcher.core.DefaultLauncher.execute(DefaultLauncher.java:199)
	at org.junit.platform.launcher.core.DefaultLauncher.execute(DefaultLauncher.java:132)
	at org.apache.maven.surefire.junitplatform.JUnitPlatformProvider.invokeAllTests(JUnitPlatformProvider.java:154)
	at org.apache.maven.surefire.junitplatform.JUnitPlatformProvider.invoke(JUnitPlatformProvider.java:123)
	at org.apache.maven.surefire.booter.ForkedBooter.runSuitesInProcess(ForkedBooter.java:377)
	at org.apache.maven.surefire.booter.ForkedBooter.execute(ForkedBooter.java:138)
	at org.apache.maven.surefire.booter.ForkedBooter.run(ForkedBooter.java:465)
	at org.apache.maven.surefire.booter.ForkedBooter.main(ForkedBooter.java:451)

2024-04-24T00:50:03,832  INFO [main] metadata.Hive: Dumping metastore api call timing information for : compilation phase
2024-04-24T00:50:03,833  INFO [main] metadata.Hive: Total time spent in each metastore function (ms): {getValidWriteIds_(List, String)=7, getCheckConstraints_(CheckConstraintsRequest)=2, getNotNullConstraints_(NotNullConstraintsRequest)=2, getValidTxns_(long)=1, getTable_(GetTableRequest)=54, isCompatibleWith_(Configuration)=0, flushCache_()=0, commitTxn_(CommitTxnRequest)=12, openTxn_(String, TxnType)=3, getTableColumnStatistics_(String, String, List, String)=41, getAllTableConstraints_(AllTableConstraintsRequest)=6}
2024-04-24T00:50:03,833  INFO [main] ql.Driver: Completed compiling command(queryId=alex_20240424005003_90e9ba45-4324-4ad5-b3c5-29f5c25249db); Time taken: 0.237 seconds
2024-04-24T00:50:03,833  INFO [main] lockmgr.DbTxnManager: Stopped heartbeat for query: null
2024-04-24T00:50:03,837  INFO [main] txn.TxnHandler: Removed transactions: ([17]) from MIN_HISTORY_LEVEL
2024-04-24T00:50:03,845  INFO [main] ql.TxnCommandsBaseForTests: Running the query: drop table if exists acidTbl
2024-04-24T00:50:03,845  INFO [main] ql.Driver: Compiling command(queryId=alex_20240424005003_01091e14-dd86-44dc-b605-a626eb00597c): drop table if exists acidTbl
2024-04-24T00:50:03,849  INFO [main] txn.TxnHandler: Added entries to MIN_HISTORY_LEVEL for current txns: ([18]) with min_open_txn: 17
2024-04-24T00:50:03,850  INFO [main] lockmgr.DbTxnManager: Opened txnid:18
2024-04-24T00:50:03,852  INFO [main] HiveMetaStore.audit: ugi=alex	ip=unknown-ip-addr	cmd=get_table : tbl=hive.default.acidTbl	
2024-04-24T00:50:03,864  INFO [main] metastore.HMSHandler: Skipping translation for processor with null
2024-04-24T00:50:03,865  INFO [main] ql.Driver: Semantic Analysis Completed (retrial = false)
2024-04-24T00:50:03,865  INFO [main] ql.Driver: Created Hive schema: Schema(fieldSchemas:null, properties:null)
2024-04-24T00:50:03,865  INFO [main] metadata.Hive: Dumping metastore api call timing information for : compilation phase
2024-04-24T00:50:03,865  INFO [main] metadata.Hive: Total time spent in each metastore function (ms): {rollbackTxn_(long)=11, openTxn_(String, TxnType)=4, getValidTxns_(long)=1, getTable_(GetTableRequest)=14, isCompatibleWith_(Configuration)=0, flushCache_()=0}
2024-04-24T00:50:03,865  INFO [main] ql.Driver: Completed compiling command(queryId=alex_20240424005003_01091e14-dd86-44dc-b605-a626eb00597c); Time taken: 0.02 seconds
2024-04-24T00:50:03,866  INFO [main] lockmgr.DbTxnManager: Setting lock request transaction to txnid:18 for queryId=alex_20240424005003_01091e14-dd86-44dc-b605-a626eb00597c
2024-04-24T00:50:03,867  INFO [main] lockmgr.DbLockManager: Requesting lock for queryId=alex_20240424005003_01091e14-dd86-44dc-b605-a626eb00597c
2024-04-24T00:50:03,889  INFO [main] lockmgr.DbLockManager: Response to queryId=alex_20240424005003_01091e14-dd86-44dc-b605-a626eb00597c LockResponse(lockid:11, state:ACQUIRED)
2024-04-24T00:50:03,889  INFO [main] ql.Driver: Operation DROPTABLE obtained 1 locks
2024-04-24T00:50:03,890  INFO [main] ql.Driver: Executing command(queryId=alex_20240424005003_01091e14-dd86-44dc-b605-a626eb00597c): drop table if exists acidTbl
2024-04-24T00:50:03,890  INFO [main] ql.Driver: Starting task [Stage-0:DDL] in serial mode
2024-04-24T00:50:03,890  INFO [main] HiveMetaStore.audit: ugi=alex	ip=unknown-ip-addr	cmd=get_table : tbl=hive.default.acidTbl	
2024-04-24T00:50:03,897  INFO [main] metastore.HMSHandler: Skipping translation for processor with null
2024-04-24T00:50:03,898  INFO [main] HiveMetaStore.audit: ugi=alex	ip=unknown-ip-addr	cmd=get_table : tbl=hive.default.acidTbl	
2024-04-24T00:50:03,906  INFO [main] metastore.HMSHandler: Skipping translation for processor with null
2024-04-24T00:50:03,906  INFO [main] HiveMetaStore.audit: ugi=alex	ip=unknown-ip-addr	cmd=drop_table : tbl=hive.default.acidTbl	
2024-04-24T00:50:04,026  INFO [main] metadata.Hive: Dumping metastore api call timing information for : execution phase
2024-04-24T00:50:04,026  INFO [main] metadata.Hive: Total time spent in each metastore function (ms): {isCompatibleWith_(Configuration)=0, getTable_(GetTableRequest)=8, dropTable_(String, String, boolean, boolean, boolean)=128}
2024-04-24T00:50:04,026  INFO [main] ql.Driver: Completed executing command(queryId=alex_20240424005003_01091e14-dd86-44dc-b605-a626eb00597c); Time taken: 0.137 seconds
2024-04-24T00:50:04,026  INFO [main] lockmgr.DbTxnManager: Stopped heartbeat for query: alex_20240424005003_01091e14-dd86-44dc-b605-a626eb00597c
2024-04-24T00:50:04,031  INFO [main] txn.TxnHandler: Expected to move at least one record from txn_components to completed_txn_components when committing txn! txnid:18
2024-04-24T00:50:04,038  INFO [main] txn.TxnHandler: Removed transactions: ([18]) from MIN_HISTORY_LEVEL
2024-04-24T00:50:04,038  WARN [main] txn.CompactionTxnHandler: No compaction queue record found for Compaction type transaction commit. txnId:18
2024-04-24T00:50:04,039  INFO [main] ql.TxnCommandsBaseForTests: Running the query: drop table if exists acidTblPart
2024-04-24T00:50:04,040  INFO [main] ql.Driver: Compiling command(queryId=alex_20240424005004_f73a0308-8b28-41ac-a844-cc35e9c199a4): drop table if exists acidTblPart
2024-04-24T00:50:04,044  INFO [main] txn.TxnHandler: Added entries to MIN_HISTORY_LEVEL for current txns: ([19]) with min_open_txn: 17
2024-04-24T00:50:04,045  INFO [main] lockmgr.DbTxnManager: Opened txnid:19
2024-04-24T00:50:04,046  INFO [main] HiveMetaStore.audit: ugi=alex	ip=unknown-ip-addr	cmd=get_table : tbl=hive.default.acidTblPart	
2024-04-24T00:50:04,063  INFO [main] metastore.HMSHandler: Skipping translation for processor with null
2024-04-24T00:50:04,063  INFO [main] ql.Driver: Semantic Analysis Completed (retrial = false)
2024-04-24T00:50:04,064  INFO [main] ql.Driver: Created Hive schema: Schema(fieldSchemas:null, properties:null)
2024-04-24T00:50:04,064  INFO [main] metadata.Hive: Dumping metastore api call timing information for : compilation phase
2024-04-24T00:50:04,064  INFO [main] metadata.Hive: Total time spent in each metastore function (ms): {commitTxn_(CommitTxnRequest)=12, openTxn_(String, TxnType)=4, getTable_(GetTableRequest)=17, flushCache_()=0, getValidTxns_(long)=1, isCompatibleWith_(Configuration)=0}
2024-04-24T00:50:04,064  INFO [main] ql.Driver: Completed compiling command(queryId=alex_20240424005004_f73a0308-8b28-41ac-a844-cc35e9c199a4); Time taken: 0.025 seconds
2024-04-24T00:50:04,064  INFO [main] lockmgr.DbTxnManager: Setting lock request transaction to txnid:19 for queryId=alex_20240424005004_f73a0308-8b28-41ac-a844-cc35e9c199a4
2024-04-24T00:50:04,065  INFO [main] lockmgr.DbLockManager: Requesting lock for queryId=alex_20240424005004_f73a0308-8b28-41ac-a844-cc35e9c199a4
2024-04-24T00:50:04,087  INFO [main] lockmgr.DbLockManager: Response to queryId=alex_20240424005004_f73a0308-8b28-41ac-a844-cc35e9c199a4 LockResponse(lockid:12, state:ACQUIRED)
2024-04-24T00:50:04,087  INFO [main] ql.Driver: Operation DROPTABLE obtained 1 locks
2024-04-24T00:50:04,087  INFO [main] ql.Driver: Executing command(queryId=alex_20240424005004_f73a0308-8b28-41ac-a844-cc35e9c199a4): drop table if exists acidTblPart
2024-04-24T00:50:04,088  INFO [main] ql.Driver: Starting task [Stage-0:DDL] in serial mode
2024-04-24T00:50:04,088  INFO [main] HiveMetaStore.audit: ugi=alex	ip=unknown-ip-addr	cmd=get_table : tbl=hive.default.acidTblPart	
2024-04-24T00:50:04,100  INFO [main] metastore.HMSHandler: Skipping translation for processor with null
2024-04-24T00:50:04,101  INFO [main] HiveMetaStore.audit: ugi=alex	ip=unknown-ip-addr	cmd=get_table : tbl=hive.default.acidTblPart	
2024-04-24T00:50:04,113  INFO [main] metastore.HMSHandler: Skipping translation for processor with null
2024-04-24T00:50:04,114  INFO [main] HiveMetaStore.audit: ugi=alex	ip=unknown-ip-addr	cmd=drop_table : tbl=hive.default.acidTblPart	
2024-04-24T00:50:04,164  INFO [main] metadata.Hive: Dumping metastore api call timing information for : execution phase
2024-04-24T00:50:04,164  INFO [main] metadata.Hive: Total time spent in each metastore function (ms): {isCompatibleWith_(Configuration)=0, dropTable_(String, String, boolean, boolean, boolean)=64, getTable_(GetTableRequest)=12}
2024-04-24T00:50:04,164  INFO [main] ql.Driver: Completed executing command(queryId=alex_20240424005004_f73a0308-8b28-41ac-a844-cc35e9c199a4); Time taken: 0.077 seconds
2024-04-24T00:50:04,164  INFO [main] lockmgr.DbTxnManager: Stopped heartbeat for query: alex_20240424005004_f73a0308-8b28-41ac-a844-cc35e9c199a4
2024-04-24T00:50:04,168  INFO [main] txn.TxnHandler: Expected to move at least one record from txn_components to completed_txn_components when committing txn! txnid:19
2024-04-24T00:50:04,176  INFO [main] txn.TxnHandler: Removed transactions: ([19]) from MIN_HISTORY_LEVEL
2024-04-24T00:50:04,176  WARN [main] txn.CompactionTxnHandler: No compaction queue record found for Compaction type transaction commit. txnId:19
2024-04-24T00:50:04,177  INFO [main] ql.TxnCommandsBaseForTests: Running the query: drop table if exists acidTbl2
2024-04-24T00:50:04,178  INFO [main] ql.Driver: Compiling command(queryId=alex_20240424005004_7c7ffb49-9ac9-4129-a893-e0f3971d07d4): drop table if exists acidTbl2
2024-04-24T00:50:04,182  INFO [main] txn.TxnHandler: Added entries to MIN_HISTORY_LEVEL for current txns: ([20]) with min_open_txn: 17
2024-04-24T00:50:04,182  INFO [main] lockmgr.DbTxnManager: Opened txnid:20
2024-04-24T00:50:04,184  INFO [main] ql.Driver: Semantic Analysis Completed (retrial = false)
2024-04-24T00:50:04,184  INFO [main] ql.Driver: Created Hive schema: Schema(fieldSchemas:null, properties:null)
2024-04-24T00:50:04,184  INFO [main] metadata.Hive: Dumping metastore api call timing information for : compilation phase
2024-04-24T00:50:04,184  INFO [main] metadata.Hive: Total time spent in each metastore function (ms): {openTxn_(String, TxnType)=3, commitTxn_(CommitTxnRequest)=13, getTable_(GetTableRequest)=0, isCompatibleWith_(Configuration)=0, flushCache_()=1, getValidTxns_(long)=1}
2024-04-24T00:50:04,185  INFO [main] ql.Driver: Completed compiling command(queryId=alex_20240424005004_7c7ffb49-9ac9-4129-a893-e0f3971d07d4); Time taken: 0.006 seconds
2024-04-24T00:50:04,185  INFO [main] lockmgr.DbTxnManager: Setting lock request transaction to txnid:20 for queryId=alex_20240424005004_7c7ffb49-9ac9-4129-a893-e0f3971d07d4
2024-04-24T00:50:04,185  INFO [main] ql.Driver: Operation DROPTABLE obtained 0 locks
2024-04-24T00:50:04,185  INFO [main] ql.Driver: Executing command(queryId=alex_20240424005004_7c7ffb49-9ac9-4129-a893-e0f3971d07d4): drop table if exists acidTbl2
2024-04-24T00:50:04,186  INFO [main] ql.Driver: Starting task [Stage-0:DDL] in serial mode
2024-04-24T00:50:04,186  INFO [main] metadata.SessionHiveMetaStoreClient: Column stats doesn't exist for db=default temp table=acidTbl2
2024-04-24T00:50:04,187  INFO [main] metadata.Hive: Dumping metastore api call timing information for : execution phase
2024-04-24T00:50:04,187  INFO [main] metadata.Hive: Total time spent in each metastore function (ms): {isCompatibleWith_(Configuration)=0, dropTable_(String, String, boolean, boolean, boolean)=1, getTable_(GetTableRequest)=0}
2024-04-24T00:50:04,187  INFO [main] ql.Driver: Completed executing command(queryId=alex_20240424005004_7c7ffb49-9ac9-4129-a893-e0f3971d07d4); Time taken: 0.002 seconds
2024-04-24T00:50:04,187  INFO [main] lockmgr.DbTxnManager: Stopped heartbeat for query: alex_20240424005004_7c7ffb49-9ac9-4129-a893-e0f3971d07d4
2024-04-24T00:50:04,196  INFO [main] txn.TxnHandler: Expected to move at least one record from txn_components to completed_txn_components when committing txn! txnid:20
2024-04-24T00:50:04,206  INFO [main] txn.TxnHandler: Removed transactions: ([20]) from MIN_HISTORY_LEVEL
2024-04-24T00:50:04,207  WARN [main] txn.CompactionTxnHandler: No compaction queue record found for Compaction type transaction commit. txnId:20
2024-04-24T00:50:04,208  INFO [main] ql.TxnCommandsBaseForTests: Running the query: drop table if exists nonAcidOrcTbl
2024-04-24T00:50:04,208  INFO [main] ql.Driver: Compiling command(queryId=alex_20240424005004_22cfb4c4-c57e-444b-88e5-dfaa7cc75da5): drop table if exists nonAcidOrcTbl
2024-04-24T00:50:04,213  INFO [main] txn.TxnHandler: Added entries to MIN_HISTORY_LEVEL for current txns: ([21]) with min_open_txn: 17
2024-04-24T00:50:04,214  INFO [main] lockmgr.DbTxnManager: Opened txnid:21
2024-04-24T00:50:04,216  INFO [main] HiveMetaStore.audit: ugi=alex	ip=unknown-ip-addr	cmd=get_table : tbl=hive.default.nonAcidOrcTbl	
2024-04-24T00:50:04,256  INFO [main] metastore.HMSHandler: Skipping translation for processor with null
2024-04-24T00:50:04,257  INFO [main] ql.Driver: Semantic Analysis Completed (retrial = false)
2024-04-24T00:50:04,257  INFO [main] ql.Driver: Created Hive schema: Schema(fieldSchemas:null, properties:null)
2024-04-24T00:50:04,257  INFO [main] metadata.Hive: Dumping metastore api call timing information for : compilation phase
2024-04-24T00:50:04,257  INFO [main] metadata.Hive: Total time spent in each metastore function (ms): {getValidTxns_(long)=1, isCompatibleWith_(Configuration)=0, getTable_(GetTableRequest)=42, openTxn_(String, TxnType)=5, flushCache_()=1, commitTxn_(CommitTxnRequest)=19}
2024-04-24T00:50:04,257  INFO [main] ql.Driver: Completed compiling command(queryId=alex_20240424005004_22cfb4c4-c57e-444b-88e5-dfaa7cc75da5); Time taken: 0.049 seconds
2024-04-24T00:50:04,258  INFO [main] lockmgr.DbTxnManager: Setting lock request transaction to txnid:21 for queryId=alex_20240424005004_22cfb4c4-c57e-444b-88e5-dfaa7cc75da5
2024-04-24T00:50:04,259  INFO [main] lockmgr.DbLockManager: Requesting lock for queryId=alex_20240424005004_22cfb4c4-c57e-444b-88e5-dfaa7cc75da5
2024-04-24T00:50:04,282  INFO [main] lockmgr.DbLockManager: Response to queryId=alex_20240424005004_22cfb4c4-c57e-444b-88e5-dfaa7cc75da5 LockResponse(lockid:13, state:ACQUIRED)
2024-04-24T00:50:04,282  INFO [main] ql.Driver: Operation DROPTABLE obtained 1 locks
2024-04-24T00:50:04,282  INFO [main] ql.Driver: Executing command(queryId=alex_20240424005004_22cfb4c4-c57e-444b-88e5-dfaa7cc75da5): drop table if exists nonAcidOrcTbl
2024-04-24T00:50:04,282  INFO [main] ql.Driver: Starting task [Stage-0:DDL] in serial mode
2024-04-24T00:50:04,283  INFO [main] HiveMetaStore.audit: ugi=alex	ip=unknown-ip-addr	cmd=get_table : tbl=hive.default.nonAcidOrcTbl	
2024-04-24T00:50:04,295  INFO [main] metastore.HMSHandler: Skipping translation for processor with null
2024-04-24T00:50:04,296  INFO [main] HiveMetaStore.audit: ugi=alex	ip=unknown-ip-addr	cmd=get_table : tbl=hive.default.nonAcidOrcTbl	
2024-04-24T00:50:04,311  INFO [main] metastore.HMSHandler: Skipping translation for processor with null
2024-04-24T00:50:04,312  INFO [main] HiveMetaStore.audit: ugi=alex	ip=unknown-ip-addr	cmd=drop_table : tbl=hive.default.nonAcidOrcTbl	
2024-04-24T00:50:04,379  INFO [main] metadata.Hive: Dumping metastore api call timing information for : execution phase
2024-04-24T00:50:04,379  INFO [main] metadata.Hive: Total time spent in each metastore function (ms): {dropTable_(String, String, boolean, boolean, boolean)=84, getTable_(GetTableRequest)=12, isCompatibleWith_(Configuration)=0}
2024-04-24T00:50:04,380  INFO [main] ql.Driver: Completed executing command(queryId=alex_20240424005004_22cfb4c4-c57e-444b-88e5-dfaa7cc75da5); Time taken: 0.097 seconds
2024-04-24T00:50:04,380  INFO [main] lockmgr.DbTxnManager: Stopped heartbeat for query: alex_20240424005004_22cfb4c4-c57e-444b-88e5-dfaa7cc75da5
2024-04-24T00:50:04,387  INFO [main] txn.TxnHandler: Expected to move at least one record from txn_components to completed_txn_components when committing txn! txnid:21
2024-04-24T00:50:04,398  INFO [main] txn.TxnHandler: Removed transactions: ([21]) from MIN_HISTORY_LEVEL
2024-04-24T00:50:04,399  WARN [main] txn.CompactionTxnHandler: No compaction queue record found for Compaction type transaction commit. txnId:21
2024-04-24T00:50:04,400  INFO [main] ql.TxnCommandsBaseForTests: Running the query: drop table if exists nonAcidOrcTbl2
2024-04-24T00:50:04,400  INFO [main] ql.Driver: Compiling command(queryId=alex_20240424005004_20dd1f1b-84ed-4ab4-bfeb-96c658e32887): drop table if exists nonAcidOrcTbl2
2024-04-24T00:50:04,415  INFO [main] txn.TxnHandler: Added entries to MIN_HISTORY_LEVEL for current txns: ([22]) with min_open_txn: 17
2024-04-24T00:50:04,415  INFO [main] lockmgr.DbTxnManager: Opened txnid:22
2024-04-24T00:50:04,417  INFO [main] HiveMetaStore.audit: ugi=alex	ip=unknown-ip-addr	cmd=get_table : tbl=hive.default.nonAcidOrcTbl2	
2024-04-24T00:50:04,433  INFO [main] metastore.HMSHandler: Skipping translation for processor with null
2024-04-24T00:50:04,433  INFO [main] ql.Driver: Semantic Analysis Completed (retrial = false)
2024-04-24T00:50:04,433  INFO [main] ql.Driver: Created Hive schema: Schema(fieldSchemas:null, properties:null)
2024-04-24T00:50:04,433  INFO [main] metadata.Hive: Dumping metastore api call timing information for : compilation phase
2024-04-24T00:50:04,434  INFO [main] metadata.Hive: Total time spent in each metastore function (ms): {getValidTxns_(long)=1, openTxn_(String, TxnType)=13, isCompatibleWith_(Configuration)=0, getTable_(GetTableRequest)=16, commitTxn_(CommitTxnRequest)=19, flushCache_()=0}
2024-04-24T00:50:04,434  INFO [main] ql.Driver: Completed compiling command(queryId=alex_20240424005004_20dd1f1b-84ed-4ab4-bfeb-96c658e32887); Time taken: 0.033 seconds
2024-04-24T00:50:04,434  INFO [main] lockmgr.DbTxnManager: Setting lock request transaction to txnid:22 for queryId=alex_20240424005004_20dd1f1b-84ed-4ab4-bfeb-96c658e32887
2024-04-24T00:50:04,435  INFO [main] lockmgr.DbLockManager: Requesting lock for queryId=alex_20240424005004_20dd1f1b-84ed-4ab4-bfeb-96c658e32887
2024-04-24T00:50:04,460  INFO [main] lockmgr.DbLockManager: Response to queryId=alex_20240424005004_20dd1f1b-84ed-4ab4-bfeb-96c658e32887 LockResponse(lockid:14, state:ACQUIRED)
2024-04-24T00:50:04,460  INFO [main] ql.Driver: Operation DROPTABLE obtained 1 locks
2024-04-24T00:50:04,460  INFO [main] ql.Driver: Executing command(queryId=alex_20240424005004_20dd1f1b-84ed-4ab4-bfeb-96c658e32887): drop table if exists nonAcidOrcTbl2
2024-04-24T00:50:04,461  INFO [main] ql.Driver: Starting task [Stage-0:DDL] in serial mode
2024-04-24T00:50:04,462  INFO [main] HiveMetaStore.audit: ugi=alex	ip=unknown-ip-addr	cmd=get_table : tbl=hive.default.nonAcidOrcTbl2	
2024-04-24T00:50:04,479  INFO [main] metastore.HMSHandler: Skipping translation for processor with null
2024-04-24T00:50:04,480  INFO [main] HiveMetaStore.audit: ugi=alex	ip=unknown-ip-addr	cmd=get_table : tbl=hive.default.nonAcidOrcTbl2	
2024-04-24T00:50:04,493  INFO [main] metastore.HMSHandler: Skipping translation for processor with null
2024-04-24T00:50:04,494  INFO [main] HiveMetaStore.audit: ugi=alex	ip=unknown-ip-addr	cmd=drop_table : tbl=hive.default.nonAcidOrcTbl2	
2024-04-24T00:50:04,546  INFO [main] metadata.Hive: Dumping metastore api call timing information for : execution phase
2024-04-24T00:50:04,546  INFO [main] metadata.Hive: Total time spent in each metastore function (ms): {isCompatibleWith_(Configuration)=0, dropTable_(String, String, boolean, boolean, boolean)=67, getTable_(GetTableRequest)=18}
2024-04-24T00:50:04,546  INFO [main] ql.Driver: Completed executing command(queryId=alex_20240424005004_20dd1f1b-84ed-4ab4-bfeb-96c658e32887); Time taken: 0.086 seconds
2024-04-24T00:50:04,547  INFO [main] lockmgr.DbTxnManager: Stopped heartbeat for query: alex_20240424005004_20dd1f1b-84ed-4ab4-bfeb-96c658e32887
2024-04-24T00:50:04,551  INFO [main] txn.TxnHandler: Expected to move at least one record from txn_components to completed_txn_components when committing txn! txnid:22
2024-04-24T00:50:04,558  INFO [main] txn.TxnHandler: Removed transactions: ([22]) from MIN_HISTORY_LEVEL
2024-04-24T00:50:04,558  WARN [main] txn.CompactionTxnHandler: No compaction queue record found for Compaction type transaction commit. txnId:22
2024-04-24T00:50:04,559  INFO [main] ql.TxnCommandsBaseForTests: Running the query: drop table if exists nonAcidNonBucket
2024-04-24T00:50:04,559  INFO [main] ql.Driver: Compiling command(queryId=alex_20240424005004_e1a0dcbd-a01c-4488-8671-1867ceab2804): drop table if exists nonAcidNonBucket
2024-04-24T00:50:04,563  INFO [main] txn.TxnHandler: Added entries to MIN_HISTORY_LEVEL for current txns: ([23]) with min_open_txn: 17
2024-04-24T00:50:04,563  INFO [main] lockmgr.DbTxnManager: Opened txnid:23
2024-04-24T00:50:04,564  INFO [main] HiveMetaStore.audit: ugi=alex	ip=unknown-ip-addr	cmd=get_table : tbl=hive.default.nonAcidNonBucket	
2024-04-24T00:50:04,576  INFO [main] metastore.HMSHandler: Skipping translation for processor with null
2024-04-24T00:50:04,576  INFO [main] ql.Driver: Semantic Analysis Completed (retrial = false)
2024-04-24T00:50:04,576  INFO [main] ql.Driver: Created Hive schema: Schema(fieldSchemas:null, properties:null)
2024-04-24T00:50:04,576  INFO [main] metadata.Hive: Dumping metastore api call timing information for : compilation phase
2024-04-24T00:50:04,576  INFO [main] metadata.Hive: Total time spent in each metastore function (ms): {flushCache_()=0, isCompatibleWith_(Configuration)=0, commitTxn_(CommitTxnRequest)=12, getValidTxns_(long)=1, openTxn_(String, TxnType)=3, getTable_(GetTableRequest)=12}
2024-04-24T00:50:04,576  INFO [main] ql.Driver: Completed compiling command(queryId=alex_20240424005004_e1a0dcbd-a01c-4488-8671-1867ceab2804); Time taken: 0.017 seconds
2024-04-24T00:50:04,577  INFO [main] lockmgr.DbTxnManager: Setting lock request transaction to txnid:23 for queryId=alex_20240424005004_e1a0dcbd-a01c-4488-8671-1867ceab2804
2024-04-24T00:50:04,577  INFO [main] lockmgr.DbLockManager: Requesting lock for queryId=alex_20240424005004_e1a0dcbd-a01c-4488-8671-1867ceab2804
2024-04-24T00:50:04,592  INFO [main] lockmgr.DbLockManager: Response to queryId=alex_20240424005004_e1a0dcbd-a01c-4488-8671-1867ceab2804 LockResponse(lockid:15, state:ACQUIRED)
2024-04-24T00:50:04,592  INFO [main] ql.Driver: Operation DROPTABLE obtained 1 locks
2024-04-24T00:50:04,592  INFO [main] ql.Driver: Executing command(queryId=alex_20240424005004_e1a0dcbd-a01c-4488-8671-1867ceab2804): drop table if exists nonAcidNonBucket
2024-04-24T00:50:04,592  INFO [main] ql.Driver: Starting task [Stage-0:DDL] in serial mode
2024-04-24T00:50:04,592  INFO [main] HiveMetaStore.audit: ugi=alex	ip=unknown-ip-addr	cmd=get_table : tbl=hive.default.nonAcidNonBucket	
2024-04-24T00:50:04,602  INFO [main] metastore.HMSHandler: Skipping translation for processor with null
2024-04-24T00:50:04,602  INFO [main] HiveMetaStore.audit: ugi=alex	ip=unknown-ip-addr	cmd=get_table : tbl=hive.default.nonAcidNonBucket	
2024-04-24T00:50:04,615  INFO [main] metastore.HMSHandler: Skipping translation for processor with null
2024-04-24T00:50:04,616  INFO [main] HiveMetaStore.audit: ugi=alex	ip=unknown-ip-addr	cmd=drop_table : tbl=hive.default.nonAcidNonBucket	
2024-04-24T00:50:04,651  INFO [main] metadata.Hive: Dumping metastore api call timing information for : execution phase
2024-04-24T00:50:04,651  INFO [main] metadata.Hive: Total time spent in each metastore function (ms): {isCompatibleWith_(Configuration)=0, getTable_(GetTableRequest)=10, dropTable_(String, String, boolean, boolean, boolean)=49}
2024-04-24T00:50:04,651  INFO [main] ql.Driver: Completed executing command(queryId=alex_20240424005004_e1a0dcbd-a01c-4488-8671-1867ceab2804); Time taken: 0.059 seconds
2024-04-24T00:50:04,651  INFO [main] lockmgr.DbTxnManager: Stopped heartbeat for query: alex_20240424005004_e1a0dcbd-a01c-4488-8671-1867ceab2804
2024-04-24T00:50:04,656  INFO [main] txn.TxnHandler: Expected to move at least one record from txn_components to completed_txn_components when committing txn! txnid:23
2024-04-24T00:50:04,663  INFO [main] txn.TxnHandler: Removed transactions: ([23]) from MIN_HISTORY_LEVEL
2024-04-24T00:50:04,663  WARN [main] txn.CompactionTxnHandler: No compaction queue record found for Compaction type transaction commit. txnId:23
2024-04-24T00:50:04,664  INFO [main] utils.TestTxnDbUtil: Cleaning transactional tables
]]></system-err>
  </testcase>
  <testcase name="testCleaner2" classname="org.apache.hadoop.hive.ql.TestTxnCommands3" time="20.085"/>
</testsuite>