<?xml version="1.0" encoding="UTF-8"?>
<testsuite xmlns:xsi="http://www.w3.org/2001/XMLSchema-instance" xsi:noNamespaceSchemaLocation="https://maven.apache.org/surefire/maven-surefire-plugin/xsd/surefire-test-report-3.0.xsd" version="3.0" name="org.apache.hadoop.hive.ql.TestTxnExIm" time="155.11" tests="22" errors="4" skipped="3" failures="0">
  <properties>
    <property name="build.test.dir" value="/home/alex/Repositories/hive/ql/target/tmp"/>
    <property name="awt.toolkit" value="sun.awt.X11.XToolkit"/>
    <property name="test.tmp.dir.uri" value="file:///home/alex/Repositories/hive/ql/target/tmp"/>
    <property name="java.specification.version" value="1.8"/>
    <property name="qfile" value=""/>
    <property name="sun.cpu.isalist" value=""/>
    <property name="test.warehouse.dir" value="pfile:///home/alex/Repositories/hive/ql/target/warehouse"/>
    <property name="sun.jnu.encoding" value="UTF-8"/>
    <property name="run_disabled" value=""/>
    <property name="nondexPrintstack" value="false"/>
    <property name="sun.arch.data.model" value="64"/>
    <property name="java.vendor.url" value="http://java.oracle.com/"/>
    <property name="user.country.format" value="PT"/>
    <property name="test.tmp.dir" value="/home/alex/Repositories/hive/ql/target/tmp"/>
    <property name="sun.boot.library.path" value="/usr/lib/jvm/java-8-openjdk-amd64/jre/lib/amd64"/>
    <property name="sun.java.command" value="/home/alex/Repositories/hive/ql/target/surefire/surefirebooter5747550188549316070.jar /home/alex/Repositories/hive/ql/target/surefire 2024-04-23T21-59-46_173-jvmRun1 surefire3855396131635727114tmp surefire_22854021105814757680318tmp"/>
    <property name="nondexExecid" value="oUi5h03YaAsr1zYbyWcL7OlHtDlCKFQ0UmQw8pMP1CI="/>
    <property name="java.specification.vendor" value="Oracle Corporation"/>
    <property name="java.home" value="/usr/lib/jvm/java-8-openjdk-amd64/jre"/>
    <property name="file.separator" value="/"/>
    <property name="basedir" value="/home/alex/Repositories/hive/ql"/>
    <property name="line.separator" value="&#10;"/>
    <property name="nondexEnd" value="9223372036854775807"/>
    <property name="java.vm.specification.vendor" value="Oracle Corporation"/>
    <property name="java.specification.name" value="Java Platform API Specification"/>
    <property name="derby.stream.error.file" value="/home/alex/Repositories/hive/ql/target/tmp/derby.log"/>
    <property name="log4j.debug" value="true"/>
    <property name="sun.boot.class.path" value="/home/alex/Repositories/hive/ql/.nondex/nondex-instr.jar:/home/alex/.m2/repository/edu/illinois/nondex-common/2.1.7/nondex-common-2.1.7.jar:/home/alex/.m2/repository/edu/illinois/nondex-annotations/2.1.7/nondex-annotations-2.1.7.jar:/usr/lib/jvm/java-8-openjdk-amd64/jre/lib/resources.jar:/usr/lib/jvm/java-8-openjdk-amd64/jre/lib/rt.jar:/usr/lib/jvm/java-8-openjdk-amd64/jre/lib/sunrsasign.jar:/usr/lib/jvm/java-8-openjdk-amd64/jre/lib/jsse.jar:/usr/lib/jvm/java-8-openjdk-amd64/jre/lib/jce.jar:/usr/lib/jvm/java-8-openjdk-amd64/jre/lib/charsets.jar:/usr/lib/jvm/java-8-openjdk-amd64/jre/lib/jfr.jar:/usr/lib/jvm/java-8-openjdk-amd64/jre/classes"/>
    <property name="sun.management.compiler" value="HotSpot 64-Bit Tiered Compilers"/>
    <property name="spark.home" value=""/>
    <property name="java.runtime.version" value="1.8.0_402-8u402-ga-2ubuntu1~22.04-b06"/>
    <property name="user.name" value="alex"/>
    <property name="test.src.tables" value=""/>
    <property name="file.encoding" value="UTF-8"/>
    <property name="qfile_regex" value=""/>
    <property name="hadoop.bin.path" value="/home/alex/Repositories/hive/ql/../testutils/hadoop"/>
    <property name="localRepository" value="/home/alex/.m2/repository"/>
    <property name="nondexDir" value="/home/alex/Repositories/hive/ql/.nondex"/>
    <property name="build.dir" value="/home/alex/Repositories/hive/ql/target"/>
    <property name="nondexJarDir" value="/home/alex/Repositories/hive/ql/.nondex"/>
    <property name="mapred.job.tracker" value="local"/>
    <property name="java.io.tmpdir" value="/home/alex/Repositories/hive/ql/target/tmp"/>
    <property name="com.zaxxer.hikari.pool_number" value="3"/>
    <property name="java.version" value="1.8.0_402"/>
    <property name="hive.version" value="4.0.0-SNAPSHOT"/>
    <property name="java.vm.specification.name" value="Java Virtual Machine Specification"/>
    <property name="java.awt.printerjob" value="sun.print.PSPrinterJob"/>
    <property name="sun.os.patch.level" value="unknown"/>
    <property name="test.data.dir" value="/home/alex/Repositories/hive/ql/../data/files"/>
    <property name="java.library.path" value="/usr/java/packages/lib/amd64:/usr/lib/x86_64-linux-gnu/jni:/lib/x86_64-linux-gnu:/usr/lib/x86_64-linux-gnu:/usr/lib/jni:/lib:/usr/lib"/>
    <property name="java.vendor" value="Private Build"/>
    <property name="java.specification.maintenance.version" value="5"/>
    <property name="sun.io.unicode.encoding" value="UnicodeLittle"/>
    <property name="initScript" value=""/>
    <property name="sun.desktop" value="gnome"/>
    <property name="calcite.enable.rexnode.digest.normalize" value="false"/>
    <property name="file.encoding.pkg" value="sun.io"/>
    <property name="nondexStart" value="0"/>
    <property name="log4j.configurationFile" value="file:///home/alex/Repositories/hive/ql/target/testconf/hive-log4j2.properties"/>
    <property name="java.class.path" value="/home/alex/Repositories/hive/ql/target/test-classes:/home/alex/Repositories/hive/ql/target/classes:/home/alex/.m2/repository/org/apache/atlas/atlas-client-v2/2.1.0/atlas-client-v2-2.1.0.jar:/home/alex/.m2/repository/cglib/cglib/2.2.2/cglib-2.2.2.jar:/home/alex/.m2/repository/asm/asm/3.3.1/asm-3.3.1.jar:/home/alex/.m2/repository/org/apache/atlas/atlas-client-common/2.1.0/atlas-client-common-2.1.0.jar:/home/alex/.m2/repository/org/apache/httpcomponents/httpclient/4.5.13/httpclient-4.5.13.jar:/home/alex/.m2/repository/com/sun/jersey/jersey-client/1.19/jersey-client-1.19.jar:/home/alex/.m2/repository/org/apache/atlas/atlas-intg/2.1.0/atlas-intg-2.1.0.jar:/home/alex/.m2/repository/commons-collections/commons-collections/3.2.2/commons-collections-3.2.2.jar:/home/alex/.m2/repository/commons-validator/commons-validator/1.6/commons-validator-1.6.jar:/home/alex/.m2/repository/commons-digester/commons-digester/1.8.1/commons-digester-1.8.1.jar:/home/alex/.m2/repository/com/fasterxml/jackson/jaxrs/jackson-jaxrs-base/2.12.0/jackson-jaxrs-base-2.12.0.jar:/home/alex/.m2/repository/com/fasterxml/jackson/jaxrs/jackson-jaxrs-json-provider/2.12.0/jackson-jaxrs-json-provider-2.12.0.jar:/home/alex/.m2/repository/javax/inject/javax.inject/1/javax.inject-1.jar:/home/alex/.m2/repository/org/springframework/spring-context/4.3.20.RELEASE/spring-context-4.3.20.RELEASE.jar:/home/alex/.m2/repository/org/springframework/spring-aop/4.3.20.RELEASE/spring-aop-4.3.20.RELEASE.jar:/home/alex/.m2/repository/org/springframework/spring-beans/4.3.20.RELEASE/spring-beans-4.3.20.RELEASE.jar:/home/alex/.m2/repository/org/springframework/spring-core/4.3.20.RELEASE/spring-core-4.3.20.RELEASE.jar:/home/alex/.m2/repository/org/springframework/spring-expression/4.3.20.RELEASE/spring-expression-4.3.20.RELEASE.jar:/home/alex/.m2/repository/commons-configuration/commons-configuration/1.10/commons-configuration-1.10.jar:/home/alex/.m2/repository/commons-lang/commons-lang/2.6/commons-lang-2.6.jar:/home/alex/.m2/repository/commons-logging/commons-logging/1.1.1/commons-logging-1.1.1.jar:/home/alex/.m2/repository/org/apache/commons/commons-math3/3.6.1/commons-math3-3.6.1.jar:/home/alex/Repositories/hive/vector-code-gen/target/classes:/home/alex/.m2/repository/org/apache/velocity/velocity/1.5/velocity-1.5.jar:/home/alex/Repositories/hive/common/target/classes:/home/alex/Repositories/hive/classification/target/classes:/home/alex/Repositories/hive/standalone-metastore/metastore-common/target/classes:/home/alex/.m2/repository/commons-cli/commons-cli/1.4/commons-cli-1.4.jar:/home/alex/.m2/repository/org/apache/orc/orc-core/1.6.9/orc-core-1.6.9.jar:/home/alex/.m2/repository/org/apache/orc/orc-shims/1.6.9/orc-shims-1.6.9.jar:/home/alex/.m2/repository/io/airlift/aircompressor/0.19/aircompressor-0.19.jar:/home/alex/.m2/repository/org/jetbrains/annotations/17.0.0/annotations-17.0.0.jar:/home/alex/.m2/repository/org/threeten/threeten-extra/1.5.0/threeten-extra-1.5.0.jar:/home/alex/.m2/repository/jline/jline/2.14.6/jline-2.14.6.jar:/home/alex/.m2/repository/javax/servlet/javax.servlet-api/3.1.0/javax.servlet-api-3.1.0.jar:/home/alex/.m2/repository/org/eclipse/jetty/jetty-http/9.3.27.v20190418/jetty-http-9.3.27.v20190418.jar:/home/alex/.m2/repository/org/eclipse/jetty/jetty-rewrite/9.3.27.v20190418/jetty-rewrite-9.3.27.v20190418.jar:/home/alex/.m2/repository/org/eclipse/jetty/jetty-client/9.3.27.v20190418/jetty-client-9.3.27.v20190418.jar:/home/alex/.m2/repository/org/eclipse/jetty/jetty-server/9.3.27.v20190418/jetty-server-9.3.27.v20190418.jar:/home/alex/.m2/repository/org/eclipse/jetty/jetty-io/9.3.27.v20190418/jetty-io-9.3.27.v20190418.jar:/home/alex/.m2/repository/org/eclipse/jetty/jetty-servlet/9.3.27.v20190418/jetty-servlet-9.3.27.v20190418.jar:/home/alex/.m2/repository/org/eclipse/jetty/jetty-security/9.3.27.v20190418/jetty-security-9.3.27.v20190418.jar:/home/alex/.m2/repository/org/eclipse/jetty/jetty-webapp/9.3.27.v20190418/jetty-webapp-9.3.27.v20190418.jar:/home/alex/.m2/repository/org/eclipse/jetty/jetty-xml/9.3.27.v20190418/jetty-xml-9.3.27.v20190418.jar:/home/alex/.m2/repository/joda-time/joda-time/2.9.9/joda-time-2.9.9.jar:/home/alex/.m2/repository/org/apache/logging/log4j/log4j-web/2.13.2/log4j-web-2.13.2.jar:/home/alex/.m2/repository/net/sf/jpam/jpam/1.1/jpam-1.1.jar:/home/alex/.m2/repository/io/dropwizard/metrics/metrics-core/3.1.0/metrics-core-3.1.0.jar:/home/alex/.m2/repository/io/dropwizard/metrics/metrics-jvm/3.1.0/metrics-jvm-3.1.0.jar:/home/alex/.m2/repository/io/dropwizard/metrics/metrics-json/3.1.0/metrics-json-3.1.0.jar:/home/alex/.m2/repository/com/github/joshelser/dropwizard-metrics-hadoop-metrics2-reporter/0.1.2/dropwizard-metrics-hadoop-metrics2-reporter-0.1.2.jar:/home/alex/Repositories/hive/metastore/target/classes:/home/alex/.m2/repository/org/apache/derby/derby/10.14.1.0/derby-10.14.1.0.jar:/home/alex/Repositories/hive/serde/target/classes:/home/alex/.m2/repository/com/google/code/findbugs/jsr305/3.0.0/jsr305-3.0.0.jar:/home/alex/.m2/repository/org/apache/arrow/arrow-vector/0.15.1/arrow-vector-0.15.1.jar:/home/alex/.m2/repository/org/apache/arrow/arrow-format/0.15.1/arrow-format-0.15.1.jar:/home/alex/.m2/repository/org/apache/arrow/arrow-memory/0.15.1/arrow-memory-0.15.1.jar:/home/alex/.m2/repository/com/google/flatbuffers/flatbuffers-java/1.9.0/flatbuffers-java-1.9.0.jar:/home/alex/.m2/repository/com/carrotsearch/hppc/0.7.2/hppc-0.7.2.jar:/home/alex/.m2/repository/com/github/davidmoten/flatbuffers-java/1.6.0.1/flatbuffers-java-1.6.0.1.jar:/home/alex/Repositories/hive/parser/target/classes:/home/alex/Repositories/hive/udf/target/classes:/home/alex/Repositories/hive/service-rpc/target/classes:/home/alex/Repositories/hive/llap-client/target/classes:/home/alex/Repositories/hive/llap-common/target/classes:/home/alex/.m2/repository/io/jsonwebtoken/jjwt-api/0.10.5/jjwt-api-0.10.5.jar:/home/alex/.m2/repository/io/jsonwebtoken/jjwt-impl/0.10.5/jjwt-impl-0.10.5.jar:/home/alex/.m2/repository/io/jsonwebtoken/jjwt-jackson/0.10.5/jjwt-jackson-0.10.5.jar:/home/alex/Repositories/hive/llap-tez/target/classes:/home/alex/Repositories/hive/shims/aggregator/target/classes:/home/alex/Repositories/hive/shims/common/target/classes:/home/alex/Repositories/hive/shims/0.23/target/classes:/home/alex/.m2/repository/org/apache/hadoop/hadoop-yarn-server-resourcemanager/3.1.0/hadoop-yarn-server-resourcemanager-3.1.0.jar:/home/alex/.m2/repository/org/apache/hadoop/hadoop-yarn-server-applicationhistoryservice/3.1.0/hadoop-yarn-server-applicationhistoryservice-3.1.0.jar:/home/alex/.m2/repository/de/ruedigermoeller/fst/2.50/fst-2.50.jar:/home/alex/.m2/repository/com/cedarsoftware/java-util/1.9.0/java-util-1.9.0.jar:/home/alex/.m2/repository/com/cedarsoftware/json-io/2.5.1/json-io-2.5.1.jar:/home/alex/Repositories/hive/shims/scheduler/target/classes:/home/alex/Repositories/hive/spark-client/target/classes:/home/alex/.m2/repository/io/netty/netty-all/4.1.65.Final/netty-all-4.1.65.Final.jar:/home/alex/.m2/repository/com/fasterxml/jackson/module/jackson-module-scala_2.12/2.12.0/jackson-module-scala_2.12-2.12.0.jar:/home/alex/.m2/repository/org/apache/spark/spark-yarn_2.12/2.4.5/spark-yarn_2.12-2.4.5.jar:/home/alex/Repositories/hive/storage-api/target/classes:/home/alex/.m2/repository/com/amazonaws/aws-java-sdk-bundle/1.11.901/aws-java-sdk-bundle-1.11.901.jar:/home/alex/.m2/repository/com/amazonaws/secretsmanager/aws-secretsmanager-caching-java/1.0.1/aws-secretsmanager-caching-java-1.0.1.jar:/home/alex/.m2/repository/com/esotericsoftware/kryo/5.0.3/kryo-5.0.3.jar:/home/alex/.m2/repository/org/objenesis/objenesis/3.1/objenesis-3.1.jar:/home/alex/.m2/repository/com/esotericsoftware/minlog/1.3.1/minlog-1.3.1.jar:/home/alex/.m2/repository/com/esotericsoftware/reflectasm/1.11.9/reflectasm-1.11.9.jar:/home/alex/.m2/repository/com/google/protobuf/protobuf-java/2.5.0/protobuf-java-2.5.0.jar:/home/alex/.m2/repository/org/apache/hbase/hbase-common/2.0.0-alpha4/hbase-common-2.0.0-alpha4.jar:/home/alex/.m2/repository/org/apache/hbase/thirdparty/hbase-shaded-miscellaneous/1.0.1/hbase-shaded-miscellaneous-1.0.1.jar:/home/alex/.m2/repository/org/apache/htrace/htrace-core/3.2.0-incubating/htrace-core-3.2.0-incubating.jar:/home/alex/.m2/repository/org/apache/commons/commons-crypto/1.0.0/commons-crypto-1.0.0.jar:/home/alex/.m2/repository/com/github/stephenc/findbugs/findbugs-annotations/1.3.9-1/findbugs-annotations-1.3.9-1.jar:/home/alex/.m2/repository/log4j/log4j/1.2.17/log4j-1.2.17.jar:/home/alex/.m2/repository/org/apache/yetus/audience-annotations/0.5.0/audience-annotations-0.5.0.jar:/home/alex/.m2/repository/org/apache/parquet/parquet-hadoop-bundle/1.11.1/parquet-hadoop-bundle-1.11.1.jar:/home/alex/.m2/repository/commons-codec/commons-codec/1.15/commons-codec-1.15.jar:/home/alex/.m2/repository/commons-io/commons-io/2.6/commons-io-2.6.jar:/home/alex/.m2/repository/org/apache/commons/commons-collections4/4.1/commons-collections4-4.1.jar:/home/alex/.m2/repository/org/apache/commons/commons-lang3/3.9/commons-lang3-3.9.jar:/home/alex/.m2/repository/org/apache/commons/commons-text/1.8/commons-text-1.8.jar:/home/alex/.m2/repository/javolution/javolution/5.5.1/javolution-5.5.1.jar:/home/alex/.m2/repository/org/apache/logging/log4j/log4j-1.2-api/2.13.2/log4j-1.2-api-2.13.2.jar:/home/alex/.m2/repository/org/apache/logging/log4j/log4j-api/2.13.2/log4j-api-2.13.2.jar:/home/alex/.m2/repository/org/apache/logging/log4j/log4j-core/2.13.2/log4j-core-2.13.2.jar:/home/alex/.m2/repository/org/apache/logging/log4j/log4j-slf4j-impl/2.13.2/log4j-slf4j-impl-2.13.2.jar:/home/alex/.m2/repository/org/antlr/antlr-runtime/3.5.2/antlr-runtime-3.5.2.jar:/home/alex/.m2/repository/org/antlr/ST4/4.0.4/ST4-4.0.4.jar:/home/alex/.m2/repository/org/apache/avro/avro/1.8.2/avro-1.8.2.jar:/home/alex/.m2/repository/org/codehaus/jackson/jackson-core-asl/1.9.13/jackson-core-asl-1.9.13.jar:/home/alex/.m2/repository/org/codehaus/jackson/jackson-mapper-asl/1.9.13/jackson-mapper-asl-1.9.13.jar:/home/alex/.m2/repository/com/thoughtworks/paranamer/paranamer/2.8/paranamer-2.8.jar:/home/alex/.m2/repository/org/xerial/snappy/snappy-java/1.1.4/snappy-java-1.1.4.jar:/home/alex/.m2/repository/org/tukaani/xz/1.5/xz-1.5.jar:/home/alex/.m2/repository/org/apache/avro/avro-mapred/1.8.2/avro-mapred-1.8.2-hadoop2.jar:/home/alex/.m2/repository/org/apache/avro/avro-ipc/1.8.2/avro-ipc-1.8.2.jar:/home/alex/.m2/repository/org/mortbay/jetty/jetty/6.1.26/jetty-6.1.26.jar:/home/alex/.m2/repository/org/apache/ant/ant/1.9.1/ant-1.9.1.jar:/home/alex/.m2/repository/org/apache/ant/ant-launcher/1.9.1/ant-launcher-1.9.1.jar:/home/alex/.m2/repository/org/apache/commons/commons-compress/1.21/commons-compress-1.21.jar:/home/alex/.m2/repository/org/apache/thrift/libfb303/0.9.3/libfb303-0.9.3.jar:/home/alex/.m2/repository/org/apache/hadoop/hadoop-common/3.1.0/hadoop-common-3.1.0.jar:/home/alex/.m2/repository/org/apache/hadoop/hadoop-annotations/3.1.0/hadoop-annotations-3.1.0.jar:/home/alex/.m2/repository/commons-net/commons-net/3.6/commons-net-3.6.jar:/home/alex/.m2/repository/org/eclipse/jetty/jetty-util/9.3.27.v20190418/jetty-util-9.3.27.v20190418.jar:/home/alex/.m2/repository/javax/servlet/jsp/jsp-api/2.1/jsp-api-2.1.jar:/home/alex/.m2/repository/com/sun/jersey/jersey-core/1.19/jersey-core-1.19.jar:/home/alex/.m2/repository/javax/ws/rs/jsr311-api/1.1.1/jsr311-api-1.1.1.jar:/home/alex/.m2/repository/com/sun/jersey/jersey-json/1.19/jersey-json-1.19.jar:/home/alex/.m2/repository/com/sun/xml/bind/jaxb-impl/2.2.3-1/jaxb-impl-2.2.3-1.jar:/home/alex/.m2/repository/org/codehaus/jackson/jackson-jaxrs/1.9.2/jackson-jaxrs-1.9.2.jar:/home/alex/.m2/repository/org/codehaus/jackson/jackson-xc/1.9.2/jackson-xc-1.9.2.jar:/home/alex/.m2/repository/com/sun/jersey/jersey-server/1.19/jersey-server-1.19.jar:/home/alex/.m2/repository/org/apache/commons/commons-configuration2/2.1.1/commons-configuration2-2.1.1.jar:/home/alex/.m2/repository/org/apache/hadoop/hadoop-auth/3.1.0/hadoop-auth-3.1.0.jar:/home/alex/.m2/repository/com/nimbusds/nimbus-jose-jwt/4.41.1/nimbus-jose-jwt-4.41.1.jar:/home/alex/.m2/repository/com/github/stephenc/jcip/jcip-annotations/1.0-1/jcip-annotations-1.0-1.jar:/home/alex/.m2/repository/com/jcraft/jsch/0.1.54/jsch-0.1.54.jar:/home/alex/.m2/repository/org/apache/htrace/htrace-core4/4.1.0-incubating/htrace-core4-4.1.0-incubating.jar:/home/alex/.m2/repository/org/apache/kerby/kerb-simplekdc/1.0.1/kerb-simplekdc-1.0.1.jar:/home/alex/.m2/repository/org/apache/kerby/kerb-client/1.0.1/kerb-client-1.0.1.jar:/home/alex/.m2/repository/org/apache/kerby/kerby-config/1.0.1/kerby-config-1.0.1.jar:/home/alex/.m2/repository/org/apache/kerby/kerb-core/1.0.1/kerb-core-1.0.1.jar:/home/alex/.m2/repository/org/apache/kerby/kerby-pkix/1.0.1/kerby-pkix-1.0.1.jar:/home/alex/.m2/repository/org/apache/kerby/kerby-asn1/1.0.1/kerby-asn1-1.0.1.jar:/home/alex/.m2/repository/org/apache/kerby/kerby-util/1.0.1/kerby-util-1.0.1.jar:/home/alex/.m2/repository/org/apache/kerby/kerb-common/1.0.1/kerb-common-1.0.1.jar:/home/alex/.m2/repository/org/apache/kerby/kerb-crypto/1.0.1/kerb-crypto-1.0.1.jar:/home/alex/.m2/repository/org/apache/kerby/kerb-util/1.0.1/kerb-util-1.0.1.jar:/home/alex/.m2/repository/org/apache/kerby/token-provider/1.0.1/token-provider-1.0.1.jar:/home/alex/.m2/repository/org/apache/kerby/kerb-admin/1.0.1/kerb-admin-1.0.1.jar:/home/alex/.m2/repository/org/apache/kerby/kerb-server/1.0.1/kerb-server-1.0.1.jar:/home/alex/.m2/repository/org/apache/kerby/kerb-identity/1.0.1/kerb-identity-1.0.1.jar:/home/alex/.m2/repository/org/apache/kerby/kerby-xdr/1.0.1/kerby-xdr-1.0.1.jar:/home/alex/.m2/repository/org/codehaus/woodstox/stax2-api/3.1.4/stax2-api-3.1.4.jar:/home/alex/.m2/repository/com/fasterxml/woodstox/woodstox-core/5.0.3/woodstox-core-5.0.3.jar:/home/alex/.m2/repository/org/apache/hadoop/hadoop-archives/3.1.0/hadoop-archives-3.1.0.jar:/home/alex/.m2/repository/org/apache/hadoop/hadoop-yarn-registry/3.1.0/hadoop-yarn-registry-3.1.0.jar:/home/alex/.m2/repository/org/apache/curator/curator-client/4.2.0/curator-client-4.2.0.jar:/home/alex/.m2/repository/org/apache/curator/curator-recipes/4.2.0/curator-recipes-4.2.0.jar:/home/alex/.m2/repository/commons-daemon/commons-daemon/1.0.13/commons-daemon-1.0.13.jar:/home/alex/.m2/repository/dnsjava/dnsjava/2.1.7/dnsjava-2.1.7.jar:/home/alex/.m2/repository/org/apache/hadoop/hadoop-mapreduce-client-core/3.1.0/hadoop-mapreduce-client-core-3.1.0.jar:/home/alex/.m2/repository/org/apache/hadoop/hadoop-hdfs-client/3.1.0/hadoop-hdfs-client-3.1.0.jar:/home/alex/.m2/repository/com/squareup/okhttp/okhttp/2.7.5/okhttp-2.7.5.jar:/home/alex/.m2/repository/com/squareup/okio/okio/1.6.0/okio-1.6.0.jar:/home/alex/.m2/repository/com/google/inject/extensions/guice-servlet/4.0/guice-servlet-4.0.jar:/home/alex/.m2/repository/org/apache/hadoop/hadoop-mapreduce-client-common/3.1.0/hadoop-mapreduce-client-common-3.1.0.jar:/home/alex/.m2/repository/org/apache/hadoop/hadoop-hdfs/3.1.0/hadoop-hdfs-3.1.0.jar:/home/alex/.m2/repository/org/eclipse/jetty/jetty-util-ajax/9.3.19.v20170502/jetty-util-ajax-9.3.19.v20170502.jar:/home/alex/.m2/repository/org/fusesource/leveldbjni/leveldbjni-all/1.8/leveldbjni-all-1.8.jar:/home/alex/.m2/repository/org/apache/hadoop/hadoop-yarn-api/3.1.0/hadoop-yarn-api-3.1.0.jar:/home/alex/.m2/repository/javax/xml/bind/jaxb-api/2.2.11/jaxb-api-2.2.11.jar:/home/alex/.m2/repository/org/apache/hadoop/hadoop-yarn-common/3.1.0/hadoop-yarn-common-3.1.0.jar:/home/alex/.m2/repository/com/google/inject/guice/4.0/guice-4.0.jar:/home/alex/.m2/repository/aopalliance/aopalliance/1.0/aopalliance-1.0.jar:/home/alex/.m2/repository/com/sun/jersey/contribs/jersey-guice/1.19/jersey-guice-1.19.jar:/home/alex/.m2/repository/com/fasterxml/jackson/module/jackson-module-jaxb-annotations/2.12.0/jackson-module-jaxb-annotations-2.12.0.jar:/home/alex/.m2/repository/jakarta/xml/bind/jakarta.xml.bind-api/2.3.2/jakarta.xml.bind-api-2.3.2.jar:/home/alex/.m2/repository/jakarta/activation/jakarta.activation-api/1.2.1/jakarta.activation-api-1.2.1.jar:/home/alex/.m2/repository/org/apache/hadoop/hadoop-yarn-client/3.1.0/hadoop-yarn-client-3.1.0.jar:/home/alex/.m2/repository/org/apache/orc/orc-tools/1.6.9/orc-tools-1.6.9.jar:/home/alex/.m2/repository/com/opencsv/opencsv/3.9/opencsv-3.9.jar:/home/alex/.m2/repository/org/codehaus/jettison/jettison/1.1/jettison-1.1.jar:/home/alex/.m2/repository/org/threeten/threetenbp/1.3.5/threetenbp-1.3.5.jar:/home/alex/.m2/repository/org/apache/ivy/ivy/2.4.0/ivy-2.4.0.jar:/home/alex/.m2/repository/org/apache/thrift/libthrift/0.14.1/libthrift-0.14.1.jar:/home/alex/.m2/repository/org/apache/httpcomponents/httpcore/4.4.13/httpcore-4.4.13.jar:/home/alex/.m2/repository/org/apache/tomcat/embed/tomcat-embed-core/8.5.46/tomcat-embed-core-8.5.46.jar:/home/alex/.m2/repository/org/apache/tomcat/tomcat-annotations-api/8.5.46/tomcat-annotations-api-8.5.46.jar:/home/alex/.m2/repository/javax/annotation/javax.annotation-api/1.3.2/javax.annotation-api-1.3.2.jar:/home/alex/.m2/repository/org/apache/zookeeper/zookeeper/3.5.5/zookeeper-3.5.5.jar:/home/alex/.m2/repository/org/apache/zookeeper/zookeeper-jute/3.5.5/zookeeper-jute-3.5.5.jar:/home/alex/.m2/repository/org/apache/curator/curator-framework/4.2.0/curator-framework-4.2.0.jar:/home/alex/.m2/repository/org/apache/curator/curator-test/4.2.0/curator-test-4.2.0.jar:/home/alex/.m2/repository/org/apache/datasketches/datasketches-hive/1.1.0-incubating/datasketches-hive-1.1.0-incubating.jar:/home/alex/.m2/repository/org/apache/datasketches/datasketches-java/1.3.0-incubating/datasketches-java-1.3.0-incubating.jar:/home/alex/.m2/repository/org/apache/datasketches/datasketches-memory/1.2.0-incubating/datasketches-memory-1.2.0-incubating.jar:/home/alex/.m2/repository/org/slf4j/slf4j-simple/1.7.27/slf4j-simple-1.7.27.jar:/home/alex/.m2/repository/com/lmax/disruptor/3.3.7/disruptor-3.3.7.jar:/home/alex/.m2/repository/org/codehaus/groovy/groovy-all/2.4.11/groovy-all-2.4.11.jar:/home/alex/.m2/repository/org/jodd/jodd-util/6.0.0/jodd-util-6.0.0.jar:/home/alex/.m2/repository/com/fasterxml/jackson/core/jackson-annotations/2.12.0/jackson-annotations-2.12.0.jar:/home/alex/.m2/repository/com/fasterxml/jackson/core/jackson-core/2.12.0/jackson-core-2.12.0.jar:/home/alex/.m2/repository/com/fasterxml/jackson/core/jackson-databind/2.12.0/jackson-databind-2.12.0.jar:/home/alex/.m2/repository/com/fasterxml/jackson/dataformat/jackson-dataformat-yaml/2.12.0/jackson-dataformat-yaml-2.12.0.jar:/home/alex/.m2/repository/org/yaml/snakeyaml/1.27/snakeyaml-1.27.jar:/home/alex/.m2/repository/org/datanucleus/datanucleus-core/5.2.4/datanucleus-core-5.2.4.jar:/home/alex/.m2/repository/org/apache/calcite/calcite-core/1.25.0/calcite-core-1.25.0.jar:/home/alex/.m2/repository/org/apache/calcite/calcite-linq4j/1.25.0/calcite-linq4j-1.25.0.jar:/home/alex/.m2/repository/org/apiguardian/apiguardian-api/1.1.0/apiguardian-api-1.1.0.jar:/home/alex/.m2/repository/com/esri/geometry/esri-geometry-api/2.2.0/esri-geometry-api-2.2.0.jar:/home/alex/.m2/repository/com/yahoo/datasketches/sketches-core/0.9.0/sketches-core-0.9.0.jar:/home/alex/.m2/repository/com/yahoo/datasketches/memory/0.9.0/memory-0.9.0.jar:/home/alex/.m2/repository/org/apache/commons/commons-dbcp2/2.7.0/commons-dbcp2-2.7.0.jar:/home/alex/.m2/repository/org/apache/commons/commons-pool2/2.7.0/commons-pool2-2.7.0.jar:/home/alex/.m2/repository/org/apache/calcite/calcite-druid/1.25.0/calcite-druid-1.25.0.jar:/home/alex/.m2/repository/org/apache/calcite/avatica/avatica/1.12.0/avatica-1.12.0.jar:/home/alex/.m2/repository/com/google/guava/guava/19.0/guava-19.0.jar:/home/alex/.m2/repository/com/googlecode/javaewah/JavaEWAH/0.3.2/JavaEWAH-0.3.2.jar:/home/alex/.m2/repository/com/google/code/gson/gson/2.2.4/gson-2.2.4.jar:/home/alex/.m2/repository/com/tdunning/json/1.8/json-1.8.jar:/home/alex/.m2/repository/stax/stax-api/1.0.1/stax-api-1.0.1.jar:/home/alex/.m2/repository/net/sf/opencsv/opencsv/2.3/opencsv-2.3.jar:/home/alex/Repositories/hive/standalone-metastore/metastore-server/target/classes:/home/alex/.m2/repository/com/zaxxer/HikariCP/2.6.1/HikariCP-2.6.1.jar:/home/alex/.m2/repository/commons-beanutils/commons-beanutils/1.9.4/commons-beanutils-1.9.4.jar:/home/alex/.m2/repository/org/datanucleus/datanucleus-api-jdo/5.2.4/datanucleus-api-jdo-5.2.4.jar:/home/alex/.m2/repository/org/datanucleus/datanucleus-rdbms/5.2.4/datanucleus-rdbms-5.2.4.jar:/home/alex/.m2/repository/org/datanucleus/javax.jdo/3.2.0-release/javax.jdo-3.2.0-release.jar:/home/alex/.m2/repository/javax/transaction/javax.transaction-api/1.3/javax.transaction-api-1.3.jar:/home/alex/.m2/repository/org/glassfish/corba/glassfish-corba-omgapi/4.2.2/glassfish-corba-omgapi-4.2.2.jar:/home/alex/.m2/repository/sqlline/sqlline/1.9.0/sqlline-1.9.0.jar:/home/alex/.m2/repository/org/jline/jline-terminal/3.12.1/jline-terminal-3.12.1.jar:/home/alex/.m2/repository/org/jline/jline-reader/3.12.1/jline-reader-3.12.1.jar:/home/alex/.m2/repository/org/jline/jline-terminal-jansi/3.12.1/jline-terminal-jansi-3.12.1.jar:/home/alex/.m2/repository/org/fusesource/jansi/jansi/1.18/jansi-1.18.jar:/home/alex/.m2/repository/org/jline/jline-terminal-jna/3.12.1/jline-terminal-jna-3.12.1.jar:/home/alex/.m2/repository/net/java/dev/jna/jna/5.3.1/jna-5.3.1.jar:/home/alex/.m2/repository/org/jline/jline-builtins/3.12.1/jline-builtins-3.12.1.jar:/home/alex/.m2/repository/org/jline/jline-style/3.12.1/jline-style-3.12.1.jar:/home/alex/.m2/repository/com/cronutils/cron-utils/9.1.3/cron-utils-9.1.3.jar:/home/alex/.m2/repository/org/glassfish/javax.el/3.0.0/javax.el-3.0.0.jar:/home/alex/.m2/repository/com/oracle/database/jdbc/ojdbc8/21.3.0.0/ojdbc8-21.3.0.0.jar:/home/alex/.m2/repository/mysql/mysql-connector-java/8.0.27/mysql-connector-java-8.0.27.jar:/home/alex/.m2/repository/com/microsoft/sqlserver/mssql-jdbc/6.2.1.jre8/mssql-jdbc-6.2.1.jre8.jar:/home/alex/.m2/repository/org/postgresql/postgresql/42.2.14/postgresql-42.2.14.jar:/home/alex/Repositories/hive/common/target/test-classes:/home/alex/Repositories/hive/standalone-metastore/metastore-common/target/test-classes:/home/alex/.m2/repository/com/github/ben-manes/caffeine/caffeine/2.8.4/caffeine-2.8.4.jar:/home/alex/.m2/repository/org/checkerframework/checker-qual/3.4.0/checker-qual-3.4.0.jar:/home/alex/Repositories/hive/standalone-metastore/metastore-server/target/test-classes:/home/alex/.m2/repository/org/apache/parquet/parquet-column/1.11.1/parquet-column-1.11.1-tests.jar:/home/alex/.m2/repository/org/apache/parquet/parquet-common/1.11.1/parquet-common-1.11.1.jar:/home/alex/.m2/repository/org/apache/parquet/parquet-format-structures/1.11.1/parquet-format-structures-1.11.1.jar:/home/alex/.m2/repository/org/apache/parquet/parquet-encoding/1.11.1/parquet-encoding-1.11.1.jar:/home/alex/.m2/repository/junit/junit/4.13/junit-4.13.jar:/home/alex/.m2/repository/org/hamcrest/hamcrest-core/1.3/hamcrest-core-1.3.jar:/home/alex/.m2/repository/org/junit/jupiter/junit-jupiter-engine/5.6.2/junit-jupiter-engine-5.6.2.jar:/home/alex/.m2/repository/org/junit/platform/junit-platform-engine/1.6.2/junit-platform-engine-1.6.2.jar:/home/alex/.m2/repository/org/opentest4j/opentest4j/1.2.0/opentest4j-1.2.0.jar:/home/alex/.m2/repository/org/junit/platform/junit-platform-commons/1.6.2/junit-platform-commons-1.6.2.jar:/home/alex/.m2/repository/org/junit/jupiter/junit-jupiter-api/5.6.2/junit-jupiter-api-5.6.2.jar:/home/alex/.m2/repository/org/junit/jupiter/junit-jupiter-params/5.6.2/junit-jupiter-params-5.6.2.jar:/home/alex/.m2/repository/org/junit/vintage/junit-vintage-engine/5.6.2/junit-vintage-engine-5.6.2.jar:/home/alex/.m2/repository/org/apache/tez/tez-api/0.10.1/tez-api-0.10.1.jar:/usr/lib/jvm/java-8-openjdk-amd64/jre/../lib/tools.jar:/home/alex/.m2/repository/org/apache/tez/tez-runtime-library/0.10.1/tez-runtime-library-0.10.1.jar:/home/alex/.m2/repository/org/roaringbitmap/RoaringBitmap/0.5.21/RoaringBitmap-0.5.21.jar:/home/alex/.m2/repository/org/asynchttpclient/async-http-client/2.12.1/async-http-client-2.12.1.jar:/home/alex/.m2/repository/org/asynchttpclient/async-http-client-netty-utils/2.12.1/async-http-client-netty-utils-2.12.1.jar:/home/alex/.m2/repository/io/netty/netty-buffer/4.1.48.Final/netty-buffer-4.1.48.Final.jar:/home/alex/.m2/repository/io/netty/netty-codec-http/4.1.48.Final/netty-codec-http-4.1.48.Final.jar:/home/alex/.m2/repository/io/netty/netty-common/4.1.48.Final/netty-common-4.1.48.Final.jar:/home/alex/.m2/repository/io/netty/netty-transport/4.1.48.Final/netty-transport-4.1.48.Final.jar:/home/alex/.m2/repository/io/netty/netty-codec/4.1.48.Final/netty-codec-4.1.48.Final.jar:/home/alex/.m2/repository/io/netty/netty-handler/4.1.48.Final/netty-handler-4.1.48.Final.jar:/home/alex/.m2/repository/io/netty/netty-resolver/4.1.48.Final/netty-resolver-4.1.48.Final.jar:/home/alex/.m2/repository/io/netty/netty-codec-socks/4.1.48.Final/netty-codec-socks-4.1.48.Final.jar:/home/alex/.m2/repository/io/netty/netty-handler-proxy/4.1.48.Final/netty-handler-proxy-4.1.48.Final.jar:/home/alex/.m2/repository/io/netty/netty-transport-native-epoll/4.1.48.Final/netty-transport-native-epoll-4.1.48.Final-linux-x86_64.jar:/home/alex/.m2/repository/io/netty/netty-transport-native-unix-common/4.1.48.Final/netty-transport-native-unix-common-4.1.48.Final.jar:/home/alex/.m2/repository/io/netty/netty-transport-native-kqueue/4.1.48.Final/netty-transport-native-kqueue-4.1.48.Final-osx-x86_64.jar:/home/alex/.m2/repository/org/reactivestreams/reactive-streams/1.0.3/reactive-streams-1.0.3.jar:/home/alex/.m2/repository/com/typesafe/netty/netty-reactive-streams/2.0.4/netty-reactive-streams-2.0.4.jar:/home/alex/.m2/repository/com/sun/activation/javax.activation/1.2.0/javax.activation-1.2.0.jar:/home/alex/.m2/repository/org/apache/tez/tez-common/0.10.1/tez-common-0.10.1.jar:/home/alex/.m2/repository/org/apache/tez/tez-runtime-internals/0.10.1/tez-runtime-internals-0.10.1.jar:/home/alex/.m2/repository/org/apache/tez/hadoop-shim/0.10.1/hadoop-shim-0.10.1.jar:/home/alex/.m2/repository/org/apache/tez/tez-mapreduce/0.10.1/tez-mapreduce-0.10.1.jar:/home/alex/.m2/repository/org/apache/tez/tez-dag/0.10.1/tez-dag-0.10.1.jar:/home/alex/.m2/repository/org/apache/hadoop/hadoop-yarn-server-web-proxy/3.1.0/hadoop-yarn-server-web-proxy-3.1.0.jar:/home/alex/.m2/repository/org/apache/hadoop/hadoop-yarn-server-common/3.1.0/hadoop-yarn-server-common-3.1.0.jar:/home/alex/.m2/repository/org/apache/geronimo/specs/geronimo-jcache_1.0_spec/1.0-alpha-1/geronimo-jcache_1.0_spec-1.0-alpha-1.jar:/home/alex/.m2/repository/org/ehcache/ehcache/3.3.1/ehcache-3.3.1.jar:/home/alex/.m2/repository/com/zaxxer/HikariCP-java7/2.4.12/HikariCP-java7-2.4.12.jar:/home/alex/.m2/repository/org/apache/spark/spark-core_2.12/2.4.5/spark-core_2.12-2.4.5.jar:/home/alex/.m2/repository/com/twitter/chill_2.12/0.9.3/chill_2.12-0.9.3.jar:/home/alex/.m2/repository/com/twitter/chill-java/0.9.3/chill-java-0.9.3.jar:/home/alex/.m2/repository/org/apache/xbean/xbean-asm6-shaded/4.8/xbean-asm6-shaded-4.8.jar:/home/alex/.m2/repository/org/apache/hadoop/hadoop-client/3.1.0/hadoop-client-3.1.0.jar:/home/alex/.m2/repository/org/apache/hadoop/hadoop-mapreduce-client-jobclient/3.1.0/hadoop-mapreduce-client-jobclient-3.1.0.jar:/home/alex/.m2/repository/org/apache/spark/spark-launcher_2.12/2.4.5/spark-launcher_2.12-2.4.5.jar:/home/alex/.m2/repository/org/apache/spark/spark-kvstore_2.12/2.4.5/spark-kvstore_2.12-2.4.5.jar:/home/alex/.m2/repository/org/apache/spark/spark-network-common_2.12/2.4.5/spark-network-common_2.12-2.4.5.jar:/home/alex/.m2/repository/org/apache/spark/spark-network-shuffle_2.12/2.4.5/spark-network-shuffle_2.12-2.4.5.jar:/home/alex/.m2/repository/org/apache/spark/spark-unsafe_2.12/2.4.5/spark-unsafe_2.12-2.4.5.jar:/home/alex/.m2/repository/javax/activation/activation/1.1.1/activation-1.1.1.jar:/home/alex/.m2/repository/org/slf4j/jul-to-slf4j/1.7.16/jul-to-slf4j-1.7.16.jar:/home/alex/.m2/repository/org/slf4j/jcl-over-slf4j/1.7.16/jcl-over-slf4j-1.7.16.jar:/home/alex/.m2/repository/com/ning/compress-lzf/1.0.3/compress-lzf-1.0.3.jar:/home/alex/.m2/repository/org/lz4/lz4-java/1.4.0/lz4-java-1.4.0.jar:/home/alex/.m2/repository/com/github/luben/zstd-jni/1.3.2-2/zstd-jni-1.3.2-2.jar:/home/alex/.m2/repository/org/scala-lang/scala-library/2.12.10/scala-library-2.12.10.jar:/home/alex/.m2/repository/org/json4s/json4s-jackson_2.12/3.5.3/json4s-jackson_2.12-3.5.3.jar:/home/alex/.m2/repository/org/json4s/json4s-core_2.12/3.5.3/json4s-core_2.12-3.5.3.jar:/home/alex/.m2/repository/org/json4s/json4s-ast_2.12/3.5.3/json4s-ast_2.12-3.5.3.jar:/home/alex/.m2/repository/org/json4s/json4s-scalap_2.12/3.5.3/json4s-scalap_2.12-3.5.3.jar:/home/alex/.m2/repository/org/scala-lang/modules/scala-xml_2.12/1.0.6/scala-xml_2.12-1.0.6.jar:/home/alex/.m2/repository/com/clearspring/analytics/stream/2.7.0/stream-2.7.0.jar:/home/alex/.m2/repository/io/dropwizard/metrics/metrics-graphite/3.1.5/metrics-graphite-3.1.5.jar:/home/alex/.m2/repository/oro/oro/2.0.8/oro-2.0.8.jar:/home/alex/.m2/repository/net/razorvine/pyrolite/4.13/pyrolite-4.13.jar:/home/alex/.m2/repository/net/sf/py4j/py4j/0.10.7/py4j-0.10.7.jar:/home/alex/.m2/repository/org/apache/spark/spark-tags_2.12/2.4.5/spark-tags_2.12-2.4.5.jar:/home/alex/.m2/repository/org/spark-project/spark/unused/1.0.0/unused-1.0.0.jar:/home/alex/.m2/repository/com/sun/jersey/jersey-servlet/1.19/jersey-servlet-1.19.jar:/home/alex/.m2/repository/org/glassfish/jersey/core/jersey-server/2.22.2/jersey-server-2.22.2.jar:/home/alex/.m2/repository/org/glassfish/jersey/core/jersey-common/2.22.2/jersey-common-2.22.2.jar:/home/alex/.m2/repository/org/glassfish/jersey/bundles/repackaged/jersey-guava/2.22.2/jersey-guava-2.22.2.jar:/home/alex/.m2/repository/org/glassfish/hk2/osgi-resource-locator/1.0.1/osgi-resource-locator-1.0.1.jar:/home/alex/.m2/repository/org/glassfish/jersey/core/jersey-client/2.22.2/jersey-client-2.22.2.jar:/home/alex/.m2/repository/javax/ws/rs/javax.ws.rs-api/2.0.1/javax.ws.rs-api-2.0.1.jar:/home/alex/.m2/repository/org/glassfish/jersey/media/jersey-media-jaxb/2.22.2/jersey-media-jaxb-2.22.2.jar:/home/alex/.m2/repository/org/glassfish/hk2/hk2-api/2.4.0-b34/hk2-api-2.4.0-b34.jar:/home/alex/.m2/repository/org/glassfish/hk2/hk2-utils/2.4.0-b34/hk2-utils-2.4.0-b34.jar:/home/alex/.m2/repository/org/glassfish/hk2/external/aopalliance-repackaged/2.4.0-b34/aopalliance-repackaged-2.4.0-b34.jar:/home/alex/.m2/repository/org/glassfish/hk2/external/javax.inject/2.4.0-b34/javax.inject-2.4.0-b34.jar:/home/alex/.m2/repository/org/glassfish/hk2/hk2-locator/2.4.0-b34/hk2-locator-2.4.0-b34.jar:/home/alex/.m2/repository/javax/validation/validation-api/1.1.0.Final/validation-api-1.1.0.Final.jar:/home/alex/.m2/repository/org/glassfish/jersey/containers/jersey-container-servlet-core/2.22.2/jersey-container-servlet-core-2.22.2.jar:/home/alex/.m2/repository/org/hamcrest/hamcrest-all/1.3/hamcrest-all-1.3.jar:/home/alex/.m2/repository/org/powermock/powermock-module-junit4/2.0.2/powermock-module-junit4-2.0.2.jar:/home/alex/.m2/repository/org/powermock/powermock-module-junit4-common/2.0.2/powermock-module-junit4-common-2.0.2.jar:/home/alex/.m2/repository/org/powermock/powermock-reflect/2.0.2/powermock-reflect-2.0.2.jar:/home/alex/.m2/repository/org/powermock/powermock-core/2.0.2/powermock-core-2.0.2.jar:/home/alex/.m2/repository/org/powermock/powermock-api-mockito2/2.0.2/powermock-api-mockito2-2.0.2.jar:/home/alex/.m2/repository/org/powermock/powermock-api-support/2.0.2/powermock-api-support-2.0.2.jar:/home/alex/.m2/repository/com/google/guava/guava-testlib/19.0/guava-testlib-19.0.jar:/home/alex/.m2/repository/com/google/errorprone/error_prone_annotations/2.0.2/error_prone_annotations-2.0.2.jar:/home/alex/.m2/repository/com/google/re2j/re2j/1.2/re2j-1.2.jar:/home/alex/.m2/repository/org/reflections/reflections/0.9.10/reflections-0.9.10.jar:/home/alex/.m2/repository/org/javassist/javassist/3.19.0-GA/javassist-3.19.0-GA.jar:/home/alex/.m2/repository/com/jayway/jsonpath/json-path/2.4.0/json-path-2.4.0.jar:/home/alex/.m2/repository/net/minidev/json-smart/2.3/json-smart-2.3.jar:/home/alex/.m2/repository/net/minidev/accessors-smart/1.2/accessors-smart-1.2.jar:/home/alex/.m2/repository/org/ow2/asm/asm/5.0.4/asm-5.0.4.jar:/home/alex/.m2/repository/org/codehaus/janino/commons-compiler/3.0.11/commons-compiler-3.0.11.jar:/home/alex/.m2/repository/org/codehaus/janino/janino/3.0.11/janino-3.0.11.jar:/home/alex/.m2/repository/com/sun/jersey/contribs/jersey-multipart/1.19/jersey-multipart-1.19.jar:/home/alex/.m2/repository/org/jvnet/mimepull/mimepull/1.9.3/mimepull-1.9.3.jar:/home/alex/.m2/repository/org/apache/kafka/kafka-clients/2.5.0/kafka-clients-2.5.0.jar:/home/alex/.m2/repository/org/slf4j/slf4j-api/1.7.30/slf4j-api-1.7.30.jar:/home/alex/.m2/repository/org/mockito/mockito-core/3.4.4/mockito-core-3.4.4.jar:/home/alex/.m2/repository/net/bytebuddy/byte-buddy/1.10.13/byte-buddy-1.10.13.jar:/home/alex/.m2/repository/net/bytebuddy/byte-buddy-agent/1.10.13/byte-buddy-agent-1.10.13.jar:/home/alex/Repositories/hive/ql/target/testconf:/home/alex/Repositories/hive/ql/../conf:"/>
    <property name="java.vm.vendor" value="Private Build"/>
    <property name="hadoop.version" value="3.1.0"/>
    <property name="user.timezone" value="US/Pacific"/>
    <property name="test.local.warehouse.dir" value="pfile:///home/alex/Repositories/hive/ql/target/localfs/warehouse"/>
    <property name="os.name" value="Linux"/>
    <property name="java.vm.specification.version" value="1.8"/>
    <property name="test.build.data" value="/home/alex/Repositories/hive/ql/target/tmp"/>
    <property name="clustermode" value=""/>
    <property name="sun.java.launcher" value="SUN_STANDARD"/>
    <property name="user.country" value="US"/>
    <property name="test.data.files" value="/home/alex/Repositories/hive/ql/../data/files"/>
    <property name="nondexLogging" value="CONFIG"/>
    <property name="surefire.test.class.path" value="/home/alex/Repositories/hive/ql/target/test-classes:/home/alex/Repositories/hive/ql/target/classes:/home/alex/.m2/repository/org/apache/atlas/atlas-client-v2/2.1.0/atlas-client-v2-2.1.0.jar:/home/alex/.m2/repository/cglib/cglib/2.2.2/cglib-2.2.2.jar:/home/alex/.m2/repository/asm/asm/3.3.1/asm-3.3.1.jar:/home/alex/.m2/repository/org/apache/atlas/atlas-client-common/2.1.0/atlas-client-common-2.1.0.jar:/home/alex/.m2/repository/org/apache/httpcomponents/httpclient/4.5.13/httpclient-4.5.13.jar:/home/alex/.m2/repository/com/sun/jersey/jersey-client/1.19/jersey-client-1.19.jar:/home/alex/.m2/repository/org/apache/atlas/atlas-intg/2.1.0/atlas-intg-2.1.0.jar:/home/alex/.m2/repository/commons-collections/commons-collections/3.2.2/commons-collections-3.2.2.jar:/home/alex/.m2/repository/commons-validator/commons-validator/1.6/commons-validator-1.6.jar:/home/alex/.m2/repository/commons-digester/commons-digester/1.8.1/commons-digester-1.8.1.jar:/home/alex/.m2/repository/com/fasterxml/jackson/jaxrs/jackson-jaxrs-base/2.12.0/jackson-jaxrs-base-2.12.0.jar:/home/alex/.m2/repository/com/fasterxml/jackson/jaxrs/jackson-jaxrs-json-provider/2.12.0/jackson-jaxrs-json-provider-2.12.0.jar:/home/alex/.m2/repository/javax/inject/javax.inject/1/javax.inject-1.jar:/home/alex/.m2/repository/org/springframework/spring-context/4.3.20.RELEASE/spring-context-4.3.20.RELEASE.jar:/home/alex/.m2/repository/org/springframework/spring-aop/4.3.20.RELEASE/spring-aop-4.3.20.RELEASE.jar:/home/alex/.m2/repository/org/springframework/spring-beans/4.3.20.RELEASE/spring-beans-4.3.20.RELEASE.jar:/home/alex/.m2/repository/org/springframework/spring-core/4.3.20.RELEASE/spring-core-4.3.20.RELEASE.jar:/home/alex/.m2/repository/org/springframework/spring-expression/4.3.20.RELEASE/spring-expression-4.3.20.RELEASE.jar:/home/alex/.m2/repository/commons-configuration/commons-configuration/1.10/commons-configuration-1.10.jar:/home/alex/.m2/repository/commons-lang/commons-lang/2.6/commons-lang-2.6.jar:/home/alex/.m2/repository/commons-logging/commons-logging/1.1.1/commons-logging-1.1.1.jar:/home/alex/.m2/repository/org/apache/commons/commons-math3/3.6.1/commons-math3-3.6.1.jar:/home/alex/Repositories/hive/vector-code-gen/target/classes:/home/alex/.m2/repository/org/apache/velocity/velocity/1.5/velocity-1.5.jar:/home/alex/Repositories/hive/common/target/classes:/home/alex/Repositories/hive/classification/target/classes:/home/alex/Repositories/hive/standalone-metastore/metastore-common/target/classes:/home/alex/.m2/repository/commons-cli/commons-cli/1.4/commons-cli-1.4.jar:/home/alex/.m2/repository/org/apache/orc/orc-core/1.6.9/orc-core-1.6.9.jar:/home/alex/.m2/repository/org/apache/orc/orc-shims/1.6.9/orc-shims-1.6.9.jar:/home/alex/.m2/repository/io/airlift/aircompressor/0.19/aircompressor-0.19.jar:/home/alex/.m2/repository/org/jetbrains/annotations/17.0.0/annotations-17.0.0.jar:/home/alex/.m2/repository/org/threeten/threeten-extra/1.5.0/threeten-extra-1.5.0.jar:/home/alex/.m2/repository/jline/jline/2.14.6/jline-2.14.6.jar:/home/alex/.m2/repository/javax/servlet/javax.servlet-api/3.1.0/javax.servlet-api-3.1.0.jar:/home/alex/.m2/repository/org/eclipse/jetty/jetty-http/9.3.27.v20190418/jetty-http-9.3.27.v20190418.jar:/home/alex/.m2/repository/org/eclipse/jetty/jetty-rewrite/9.3.27.v20190418/jetty-rewrite-9.3.27.v20190418.jar:/home/alex/.m2/repository/org/eclipse/jetty/jetty-client/9.3.27.v20190418/jetty-client-9.3.27.v20190418.jar:/home/alex/.m2/repository/org/eclipse/jetty/jetty-server/9.3.27.v20190418/jetty-server-9.3.27.v20190418.jar:/home/alex/.m2/repository/org/eclipse/jetty/jetty-io/9.3.27.v20190418/jetty-io-9.3.27.v20190418.jar:/home/alex/.m2/repository/org/eclipse/jetty/jetty-servlet/9.3.27.v20190418/jetty-servlet-9.3.27.v20190418.jar:/home/alex/.m2/repository/org/eclipse/jetty/jetty-security/9.3.27.v20190418/jetty-security-9.3.27.v20190418.jar:/home/alex/.m2/repository/org/eclipse/jetty/jetty-webapp/9.3.27.v20190418/jetty-webapp-9.3.27.v20190418.jar:/home/alex/.m2/repository/org/eclipse/jetty/jetty-xml/9.3.27.v20190418/jetty-xml-9.3.27.v20190418.jar:/home/alex/.m2/repository/joda-time/joda-time/2.9.9/joda-time-2.9.9.jar:/home/alex/.m2/repository/org/apache/logging/log4j/log4j-web/2.13.2/log4j-web-2.13.2.jar:/home/alex/.m2/repository/net/sf/jpam/jpam/1.1/jpam-1.1.jar:/home/alex/.m2/repository/io/dropwizard/metrics/metrics-core/3.1.0/metrics-core-3.1.0.jar:/home/alex/.m2/repository/io/dropwizard/metrics/metrics-jvm/3.1.0/metrics-jvm-3.1.0.jar:/home/alex/.m2/repository/io/dropwizard/metrics/metrics-json/3.1.0/metrics-json-3.1.0.jar:/home/alex/.m2/repository/com/github/joshelser/dropwizard-metrics-hadoop-metrics2-reporter/0.1.2/dropwizard-metrics-hadoop-metrics2-reporter-0.1.2.jar:/home/alex/Repositories/hive/metastore/target/classes:/home/alex/.m2/repository/org/apache/derby/derby/10.14.1.0/derby-10.14.1.0.jar:/home/alex/Repositories/hive/serde/target/classes:/home/alex/.m2/repository/com/google/code/findbugs/jsr305/3.0.0/jsr305-3.0.0.jar:/home/alex/.m2/repository/org/apache/arrow/arrow-vector/0.15.1/arrow-vector-0.15.1.jar:/home/alex/.m2/repository/org/apache/arrow/arrow-format/0.15.1/arrow-format-0.15.1.jar:/home/alex/.m2/repository/org/apache/arrow/arrow-memory/0.15.1/arrow-memory-0.15.1.jar:/home/alex/.m2/repository/com/google/flatbuffers/flatbuffers-java/1.9.0/flatbuffers-java-1.9.0.jar:/home/alex/.m2/repository/com/carrotsearch/hppc/0.7.2/hppc-0.7.2.jar:/home/alex/.m2/repository/com/github/davidmoten/flatbuffers-java/1.6.0.1/flatbuffers-java-1.6.0.1.jar:/home/alex/Repositories/hive/parser/target/classes:/home/alex/Repositories/hive/udf/target/classes:/home/alex/Repositories/hive/service-rpc/target/classes:/home/alex/Repositories/hive/llap-client/target/classes:/home/alex/Repositories/hive/llap-common/target/classes:/home/alex/.m2/repository/io/jsonwebtoken/jjwt-api/0.10.5/jjwt-api-0.10.5.jar:/home/alex/.m2/repository/io/jsonwebtoken/jjwt-impl/0.10.5/jjwt-impl-0.10.5.jar:/home/alex/.m2/repository/io/jsonwebtoken/jjwt-jackson/0.10.5/jjwt-jackson-0.10.5.jar:/home/alex/Repositories/hive/llap-tez/target/classes:/home/alex/Repositories/hive/shims/aggregator/target/classes:/home/alex/Repositories/hive/shims/common/target/classes:/home/alex/Repositories/hive/shims/0.23/target/classes:/home/alex/.m2/repository/org/apache/hadoop/hadoop-yarn-server-resourcemanager/3.1.0/hadoop-yarn-server-resourcemanager-3.1.0.jar:/home/alex/.m2/repository/org/apache/hadoop/hadoop-yarn-server-applicationhistoryservice/3.1.0/hadoop-yarn-server-applicationhistoryservice-3.1.0.jar:/home/alex/.m2/repository/de/ruedigermoeller/fst/2.50/fst-2.50.jar:/home/alex/.m2/repository/com/cedarsoftware/java-util/1.9.0/java-util-1.9.0.jar:/home/alex/.m2/repository/com/cedarsoftware/json-io/2.5.1/json-io-2.5.1.jar:/home/alex/Repositories/hive/shims/scheduler/target/classes:/home/alex/Repositories/hive/spark-client/target/classes:/home/alex/.m2/repository/io/netty/netty-all/4.1.65.Final/netty-all-4.1.65.Final.jar:/home/alex/.m2/repository/com/fasterxml/jackson/module/jackson-module-scala_2.12/2.12.0/jackson-module-scala_2.12-2.12.0.jar:/home/alex/.m2/repository/org/apache/spark/spark-yarn_2.12/2.4.5/spark-yarn_2.12-2.4.5.jar:/home/alex/Repositories/hive/storage-api/target/classes:/home/alex/.m2/repository/com/amazonaws/aws-java-sdk-bundle/1.11.901/aws-java-sdk-bundle-1.11.901.jar:/home/alex/.m2/repository/com/amazonaws/secretsmanager/aws-secretsmanager-caching-java/1.0.1/aws-secretsmanager-caching-java-1.0.1.jar:/home/alex/.m2/repository/com/esotericsoftware/kryo/5.0.3/kryo-5.0.3.jar:/home/alex/.m2/repository/org/objenesis/objenesis/3.1/objenesis-3.1.jar:/home/alex/.m2/repository/com/esotericsoftware/minlog/1.3.1/minlog-1.3.1.jar:/home/alex/.m2/repository/com/esotericsoftware/reflectasm/1.11.9/reflectasm-1.11.9.jar:/home/alex/.m2/repository/com/google/protobuf/protobuf-java/2.5.0/protobuf-java-2.5.0.jar:/home/alex/.m2/repository/org/apache/hbase/hbase-common/2.0.0-alpha4/hbase-common-2.0.0-alpha4.jar:/home/alex/.m2/repository/org/apache/hbase/thirdparty/hbase-shaded-miscellaneous/1.0.1/hbase-shaded-miscellaneous-1.0.1.jar:/home/alex/.m2/repository/org/apache/htrace/htrace-core/3.2.0-incubating/htrace-core-3.2.0-incubating.jar:/home/alex/.m2/repository/org/apache/commons/commons-crypto/1.0.0/commons-crypto-1.0.0.jar:/home/alex/.m2/repository/com/github/stephenc/findbugs/findbugs-annotations/1.3.9-1/findbugs-annotations-1.3.9-1.jar:/home/alex/.m2/repository/log4j/log4j/1.2.17/log4j-1.2.17.jar:/home/alex/.m2/repository/org/apache/yetus/audience-annotations/0.5.0/audience-annotations-0.5.0.jar:/home/alex/.m2/repository/org/apache/parquet/parquet-hadoop-bundle/1.11.1/parquet-hadoop-bundle-1.11.1.jar:/home/alex/.m2/repository/commons-codec/commons-codec/1.15/commons-codec-1.15.jar:/home/alex/.m2/repository/commons-io/commons-io/2.6/commons-io-2.6.jar:/home/alex/.m2/repository/org/apache/commons/commons-collections4/4.1/commons-collections4-4.1.jar:/home/alex/.m2/repository/org/apache/commons/commons-lang3/3.9/commons-lang3-3.9.jar:/home/alex/.m2/repository/org/apache/commons/commons-text/1.8/commons-text-1.8.jar:/home/alex/.m2/repository/javolution/javolution/5.5.1/javolution-5.5.1.jar:/home/alex/.m2/repository/org/apache/logging/log4j/log4j-1.2-api/2.13.2/log4j-1.2-api-2.13.2.jar:/home/alex/.m2/repository/org/apache/logging/log4j/log4j-api/2.13.2/log4j-api-2.13.2.jar:/home/alex/.m2/repository/org/apache/logging/log4j/log4j-core/2.13.2/log4j-core-2.13.2.jar:/home/alex/.m2/repository/org/apache/logging/log4j/log4j-slf4j-impl/2.13.2/log4j-slf4j-impl-2.13.2.jar:/home/alex/.m2/repository/org/antlr/antlr-runtime/3.5.2/antlr-runtime-3.5.2.jar:/home/alex/.m2/repository/org/antlr/ST4/4.0.4/ST4-4.0.4.jar:/home/alex/.m2/repository/org/apache/avro/avro/1.8.2/avro-1.8.2.jar:/home/alex/.m2/repository/org/codehaus/jackson/jackson-core-asl/1.9.13/jackson-core-asl-1.9.13.jar:/home/alex/.m2/repository/org/codehaus/jackson/jackson-mapper-asl/1.9.13/jackson-mapper-asl-1.9.13.jar:/home/alex/.m2/repository/com/thoughtworks/paranamer/paranamer/2.8/paranamer-2.8.jar:/home/alex/.m2/repository/org/xerial/snappy/snappy-java/1.1.4/snappy-java-1.1.4.jar:/home/alex/.m2/repository/org/tukaani/xz/1.5/xz-1.5.jar:/home/alex/.m2/repository/org/apache/avro/avro-mapred/1.8.2/avro-mapred-1.8.2-hadoop2.jar:/home/alex/.m2/repository/org/apache/avro/avro-ipc/1.8.2/avro-ipc-1.8.2.jar:/home/alex/.m2/repository/org/mortbay/jetty/jetty/6.1.26/jetty-6.1.26.jar:/home/alex/.m2/repository/org/apache/ant/ant/1.9.1/ant-1.9.1.jar:/home/alex/.m2/repository/org/apache/ant/ant-launcher/1.9.1/ant-launcher-1.9.1.jar:/home/alex/.m2/repository/org/apache/commons/commons-compress/1.21/commons-compress-1.21.jar:/home/alex/.m2/repository/org/apache/thrift/libfb303/0.9.3/libfb303-0.9.3.jar:/home/alex/.m2/repository/org/apache/hadoop/hadoop-common/3.1.0/hadoop-common-3.1.0.jar:/home/alex/.m2/repository/org/apache/hadoop/hadoop-annotations/3.1.0/hadoop-annotations-3.1.0.jar:/home/alex/.m2/repository/commons-net/commons-net/3.6/commons-net-3.6.jar:/home/alex/.m2/repository/org/eclipse/jetty/jetty-util/9.3.27.v20190418/jetty-util-9.3.27.v20190418.jar:/home/alex/.m2/repository/javax/servlet/jsp/jsp-api/2.1/jsp-api-2.1.jar:/home/alex/.m2/repository/com/sun/jersey/jersey-core/1.19/jersey-core-1.19.jar:/home/alex/.m2/repository/javax/ws/rs/jsr311-api/1.1.1/jsr311-api-1.1.1.jar:/home/alex/.m2/repository/com/sun/jersey/jersey-json/1.19/jersey-json-1.19.jar:/home/alex/.m2/repository/com/sun/xml/bind/jaxb-impl/2.2.3-1/jaxb-impl-2.2.3-1.jar:/home/alex/.m2/repository/org/codehaus/jackson/jackson-jaxrs/1.9.2/jackson-jaxrs-1.9.2.jar:/home/alex/.m2/repository/org/codehaus/jackson/jackson-xc/1.9.2/jackson-xc-1.9.2.jar:/home/alex/.m2/repository/com/sun/jersey/jersey-server/1.19/jersey-server-1.19.jar:/home/alex/.m2/repository/org/apache/commons/commons-configuration2/2.1.1/commons-configuration2-2.1.1.jar:/home/alex/.m2/repository/org/apache/hadoop/hadoop-auth/3.1.0/hadoop-auth-3.1.0.jar:/home/alex/.m2/repository/com/nimbusds/nimbus-jose-jwt/4.41.1/nimbus-jose-jwt-4.41.1.jar:/home/alex/.m2/repository/com/github/stephenc/jcip/jcip-annotations/1.0-1/jcip-annotations-1.0-1.jar:/home/alex/.m2/repository/com/jcraft/jsch/0.1.54/jsch-0.1.54.jar:/home/alex/.m2/repository/org/apache/htrace/htrace-core4/4.1.0-incubating/htrace-core4-4.1.0-incubating.jar:/home/alex/.m2/repository/org/apache/kerby/kerb-simplekdc/1.0.1/kerb-simplekdc-1.0.1.jar:/home/alex/.m2/repository/org/apache/kerby/kerb-client/1.0.1/kerb-client-1.0.1.jar:/home/alex/.m2/repository/org/apache/kerby/kerby-config/1.0.1/kerby-config-1.0.1.jar:/home/alex/.m2/repository/org/apache/kerby/kerb-core/1.0.1/kerb-core-1.0.1.jar:/home/alex/.m2/repository/org/apache/kerby/kerby-pkix/1.0.1/kerby-pkix-1.0.1.jar:/home/alex/.m2/repository/org/apache/kerby/kerby-asn1/1.0.1/kerby-asn1-1.0.1.jar:/home/alex/.m2/repository/org/apache/kerby/kerby-util/1.0.1/kerby-util-1.0.1.jar:/home/alex/.m2/repository/org/apache/kerby/kerb-common/1.0.1/kerb-common-1.0.1.jar:/home/alex/.m2/repository/org/apache/kerby/kerb-crypto/1.0.1/kerb-crypto-1.0.1.jar:/home/alex/.m2/repository/org/apache/kerby/kerb-util/1.0.1/kerb-util-1.0.1.jar:/home/alex/.m2/repository/org/apache/kerby/token-provider/1.0.1/token-provider-1.0.1.jar:/home/alex/.m2/repository/org/apache/kerby/kerb-admin/1.0.1/kerb-admin-1.0.1.jar:/home/alex/.m2/repository/org/apache/kerby/kerb-server/1.0.1/kerb-server-1.0.1.jar:/home/alex/.m2/repository/org/apache/kerby/kerb-identity/1.0.1/kerb-identity-1.0.1.jar:/home/alex/.m2/repository/org/apache/kerby/kerby-xdr/1.0.1/kerby-xdr-1.0.1.jar:/home/alex/.m2/repository/org/codehaus/woodstox/stax2-api/3.1.4/stax2-api-3.1.4.jar:/home/alex/.m2/repository/com/fasterxml/woodstox/woodstox-core/5.0.3/woodstox-core-5.0.3.jar:/home/alex/.m2/repository/org/apache/hadoop/hadoop-archives/3.1.0/hadoop-archives-3.1.0.jar:/home/alex/.m2/repository/org/apache/hadoop/hadoop-yarn-registry/3.1.0/hadoop-yarn-registry-3.1.0.jar:/home/alex/.m2/repository/org/apache/curator/curator-client/4.2.0/curator-client-4.2.0.jar:/home/alex/.m2/repository/org/apache/curator/curator-recipes/4.2.0/curator-recipes-4.2.0.jar:/home/alex/.m2/repository/commons-daemon/commons-daemon/1.0.13/commons-daemon-1.0.13.jar:/home/alex/.m2/repository/dnsjava/dnsjava/2.1.7/dnsjava-2.1.7.jar:/home/alex/.m2/repository/org/apache/hadoop/hadoop-mapreduce-client-core/3.1.0/hadoop-mapreduce-client-core-3.1.0.jar:/home/alex/.m2/repository/org/apache/hadoop/hadoop-hdfs-client/3.1.0/hadoop-hdfs-client-3.1.0.jar:/home/alex/.m2/repository/com/squareup/okhttp/okhttp/2.7.5/okhttp-2.7.5.jar:/home/alex/.m2/repository/com/squareup/okio/okio/1.6.0/okio-1.6.0.jar:/home/alex/.m2/repository/com/google/inject/extensions/guice-servlet/4.0/guice-servlet-4.0.jar:/home/alex/.m2/repository/org/apache/hadoop/hadoop-mapreduce-client-common/3.1.0/hadoop-mapreduce-client-common-3.1.0.jar:/home/alex/.m2/repository/org/apache/hadoop/hadoop-hdfs/3.1.0/hadoop-hdfs-3.1.0.jar:/home/alex/.m2/repository/org/eclipse/jetty/jetty-util-ajax/9.3.19.v20170502/jetty-util-ajax-9.3.19.v20170502.jar:/home/alex/.m2/repository/org/fusesource/leveldbjni/leveldbjni-all/1.8/leveldbjni-all-1.8.jar:/home/alex/.m2/repository/org/apache/hadoop/hadoop-yarn-api/3.1.0/hadoop-yarn-api-3.1.0.jar:/home/alex/.m2/repository/javax/xml/bind/jaxb-api/2.2.11/jaxb-api-2.2.11.jar:/home/alex/.m2/repository/org/apache/hadoop/hadoop-yarn-common/3.1.0/hadoop-yarn-common-3.1.0.jar:/home/alex/.m2/repository/com/google/inject/guice/4.0/guice-4.0.jar:/home/alex/.m2/repository/aopalliance/aopalliance/1.0/aopalliance-1.0.jar:/home/alex/.m2/repository/com/sun/jersey/contribs/jersey-guice/1.19/jersey-guice-1.19.jar:/home/alex/.m2/repository/com/fasterxml/jackson/module/jackson-module-jaxb-annotations/2.12.0/jackson-module-jaxb-annotations-2.12.0.jar:/home/alex/.m2/repository/jakarta/xml/bind/jakarta.xml.bind-api/2.3.2/jakarta.xml.bind-api-2.3.2.jar:/home/alex/.m2/repository/jakarta/activation/jakarta.activation-api/1.2.1/jakarta.activation-api-1.2.1.jar:/home/alex/.m2/repository/org/apache/hadoop/hadoop-yarn-client/3.1.0/hadoop-yarn-client-3.1.0.jar:/home/alex/.m2/repository/org/apache/orc/orc-tools/1.6.9/orc-tools-1.6.9.jar:/home/alex/.m2/repository/com/opencsv/opencsv/3.9/opencsv-3.9.jar:/home/alex/.m2/repository/org/codehaus/jettison/jettison/1.1/jettison-1.1.jar:/home/alex/.m2/repository/org/threeten/threetenbp/1.3.5/threetenbp-1.3.5.jar:/home/alex/.m2/repository/org/apache/ivy/ivy/2.4.0/ivy-2.4.0.jar:/home/alex/.m2/repository/org/apache/thrift/libthrift/0.14.1/libthrift-0.14.1.jar:/home/alex/.m2/repository/org/apache/httpcomponents/httpcore/4.4.13/httpcore-4.4.13.jar:/home/alex/.m2/repository/org/apache/tomcat/embed/tomcat-embed-core/8.5.46/tomcat-embed-core-8.5.46.jar:/home/alex/.m2/repository/org/apache/tomcat/tomcat-annotations-api/8.5.46/tomcat-annotations-api-8.5.46.jar:/home/alex/.m2/repository/javax/annotation/javax.annotation-api/1.3.2/javax.annotation-api-1.3.2.jar:/home/alex/.m2/repository/org/apache/zookeeper/zookeeper/3.5.5/zookeeper-3.5.5.jar:/home/alex/.m2/repository/org/apache/zookeeper/zookeeper-jute/3.5.5/zookeeper-jute-3.5.5.jar:/home/alex/.m2/repository/org/apache/curator/curator-framework/4.2.0/curator-framework-4.2.0.jar:/home/alex/.m2/repository/org/apache/curator/curator-test/4.2.0/curator-test-4.2.0.jar:/home/alex/.m2/repository/org/apache/datasketches/datasketches-hive/1.1.0-incubating/datasketches-hive-1.1.0-incubating.jar:/home/alex/.m2/repository/org/apache/datasketches/datasketches-java/1.3.0-incubating/datasketches-java-1.3.0-incubating.jar:/home/alex/.m2/repository/org/apache/datasketches/datasketches-memory/1.2.0-incubating/datasketches-memory-1.2.0-incubating.jar:/home/alex/.m2/repository/org/slf4j/slf4j-simple/1.7.27/slf4j-simple-1.7.27.jar:/home/alex/.m2/repository/com/lmax/disruptor/3.3.7/disruptor-3.3.7.jar:/home/alex/.m2/repository/org/codehaus/groovy/groovy-all/2.4.11/groovy-all-2.4.11.jar:/home/alex/.m2/repository/org/jodd/jodd-util/6.0.0/jodd-util-6.0.0.jar:/home/alex/.m2/repository/com/fasterxml/jackson/core/jackson-annotations/2.12.0/jackson-annotations-2.12.0.jar:/home/alex/.m2/repository/com/fasterxml/jackson/core/jackson-core/2.12.0/jackson-core-2.12.0.jar:/home/alex/.m2/repository/com/fasterxml/jackson/core/jackson-databind/2.12.0/jackson-databind-2.12.0.jar:/home/alex/.m2/repository/com/fasterxml/jackson/dataformat/jackson-dataformat-yaml/2.12.0/jackson-dataformat-yaml-2.12.0.jar:/home/alex/.m2/repository/org/yaml/snakeyaml/1.27/snakeyaml-1.27.jar:/home/alex/.m2/repository/org/datanucleus/datanucleus-core/5.2.4/datanucleus-core-5.2.4.jar:/home/alex/.m2/repository/org/apache/calcite/calcite-core/1.25.0/calcite-core-1.25.0.jar:/home/alex/.m2/repository/org/apache/calcite/calcite-linq4j/1.25.0/calcite-linq4j-1.25.0.jar:/home/alex/.m2/repository/org/apiguardian/apiguardian-api/1.1.0/apiguardian-api-1.1.0.jar:/home/alex/.m2/repository/com/esri/geometry/esri-geometry-api/2.2.0/esri-geometry-api-2.2.0.jar:/home/alex/.m2/repository/com/yahoo/datasketches/sketches-core/0.9.0/sketches-core-0.9.0.jar:/home/alex/.m2/repository/com/yahoo/datasketches/memory/0.9.0/memory-0.9.0.jar:/home/alex/.m2/repository/org/apache/commons/commons-dbcp2/2.7.0/commons-dbcp2-2.7.0.jar:/home/alex/.m2/repository/org/apache/commons/commons-pool2/2.7.0/commons-pool2-2.7.0.jar:/home/alex/.m2/repository/org/apache/calcite/calcite-druid/1.25.0/calcite-druid-1.25.0.jar:/home/alex/.m2/repository/org/apache/calcite/avatica/avatica/1.12.0/avatica-1.12.0.jar:/home/alex/.m2/repository/com/google/guava/guava/19.0/guava-19.0.jar:/home/alex/.m2/repository/com/googlecode/javaewah/JavaEWAH/0.3.2/JavaEWAH-0.3.2.jar:/home/alex/.m2/repository/com/google/code/gson/gson/2.2.4/gson-2.2.4.jar:/home/alex/.m2/repository/com/tdunning/json/1.8/json-1.8.jar:/home/alex/.m2/repository/stax/stax-api/1.0.1/stax-api-1.0.1.jar:/home/alex/.m2/repository/net/sf/opencsv/opencsv/2.3/opencsv-2.3.jar:/home/alex/Repositories/hive/standalone-metastore/metastore-server/target/classes:/home/alex/.m2/repository/com/zaxxer/HikariCP/2.6.1/HikariCP-2.6.1.jar:/home/alex/.m2/repository/commons-beanutils/commons-beanutils/1.9.4/commons-beanutils-1.9.4.jar:/home/alex/.m2/repository/org/datanucleus/datanucleus-api-jdo/5.2.4/datanucleus-api-jdo-5.2.4.jar:/home/alex/.m2/repository/org/datanucleus/datanucleus-rdbms/5.2.4/datanucleus-rdbms-5.2.4.jar:/home/alex/.m2/repository/org/datanucleus/javax.jdo/3.2.0-release/javax.jdo-3.2.0-release.jar:/home/alex/.m2/repository/javax/transaction/javax.transaction-api/1.3/javax.transaction-api-1.3.jar:/home/alex/.m2/repository/org/glassfish/corba/glassfish-corba-omgapi/4.2.2/glassfish-corba-omgapi-4.2.2.jar:/home/alex/.m2/repository/sqlline/sqlline/1.9.0/sqlline-1.9.0.jar:/home/alex/.m2/repository/org/jline/jline-terminal/3.12.1/jline-terminal-3.12.1.jar:/home/alex/.m2/repository/org/jline/jline-reader/3.12.1/jline-reader-3.12.1.jar:/home/alex/.m2/repository/org/jline/jline-terminal-jansi/3.12.1/jline-terminal-jansi-3.12.1.jar:/home/alex/.m2/repository/org/fusesource/jansi/jansi/1.18/jansi-1.18.jar:/home/alex/.m2/repository/org/jline/jline-terminal-jna/3.12.1/jline-terminal-jna-3.12.1.jar:/home/alex/.m2/repository/net/java/dev/jna/jna/5.3.1/jna-5.3.1.jar:/home/alex/.m2/repository/org/jline/jline-builtins/3.12.1/jline-builtins-3.12.1.jar:/home/alex/.m2/repository/org/jline/jline-style/3.12.1/jline-style-3.12.1.jar:/home/alex/.m2/repository/com/cronutils/cron-utils/9.1.3/cron-utils-9.1.3.jar:/home/alex/.m2/repository/org/glassfish/javax.el/3.0.0/javax.el-3.0.0.jar:/home/alex/.m2/repository/com/oracle/database/jdbc/ojdbc8/21.3.0.0/ojdbc8-21.3.0.0.jar:/home/alex/.m2/repository/mysql/mysql-connector-java/8.0.27/mysql-connector-java-8.0.27.jar:/home/alex/.m2/repository/com/microsoft/sqlserver/mssql-jdbc/6.2.1.jre8/mssql-jdbc-6.2.1.jre8.jar:/home/alex/.m2/repository/org/postgresql/postgresql/42.2.14/postgresql-42.2.14.jar:/home/alex/Repositories/hive/common/target/test-classes:/home/alex/Repositories/hive/standalone-metastore/metastore-common/target/test-classes:/home/alex/.m2/repository/com/github/ben-manes/caffeine/caffeine/2.8.4/caffeine-2.8.4.jar:/home/alex/.m2/repository/org/checkerframework/checker-qual/3.4.0/checker-qual-3.4.0.jar:/home/alex/Repositories/hive/standalone-metastore/metastore-server/target/test-classes:/home/alex/.m2/repository/org/apache/parquet/parquet-column/1.11.1/parquet-column-1.11.1-tests.jar:/home/alex/.m2/repository/org/apache/parquet/parquet-common/1.11.1/parquet-common-1.11.1.jar:/home/alex/.m2/repository/org/apache/parquet/parquet-format-structures/1.11.1/parquet-format-structures-1.11.1.jar:/home/alex/.m2/repository/org/apache/parquet/parquet-encoding/1.11.1/parquet-encoding-1.11.1.jar:/home/alex/.m2/repository/junit/junit/4.13/junit-4.13.jar:/home/alex/.m2/repository/org/hamcrest/hamcrest-core/1.3/hamcrest-core-1.3.jar:/home/alex/.m2/repository/org/junit/jupiter/junit-jupiter-engine/5.6.2/junit-jupiter-engine-5.6.2.jar:/home/alex/.m2/repository/org/junit/platform/junit-platform-engine/1.6.2/junit-platform-engine-1.6.2.jar:/home/alex/.m2/repository/org/opentest4j/opentest4j/1.2.0/opentest4j-1.2.0.jar:/home/alex/.m2/repository/org/junit/platform/junit-platform-commons/1.6.2/junit-platform-commons-1.6.2.jar:/home/alex/.m2/repository/org/junit/jupiter/junit-jupiter-api/5.6.2/junit-jupiter-api-5.6.2.jar:/home/alex/.m2/repository/org/junit/jupiter/junit-jupiter-params/5.6.2/junit-jupiter-params-5.6.2.jar:/home/alex/.m2/repository/org/junit/vintage/junit-vintage-engine/5.6.2/junit-vintage-engine-5.6.2.jar:/home/alex/.m2/repository/org/apache/tez/tez-api/0.10.1/tez-api-0.10.1.jar:/usr/lib/jvm/java-8-openjdk-amd64/jre/../lib/tools.jar:/home/alex/.m2/repository/org/apache/tez/tez-runtime-library/0.10.1/tez-runtime-library-0.10.1.jar:/home/alex/.m2/repository/org/roaringbitmap/RoaringBitmap/0.5.21/RoaringBitmap-0.5.21.jar:/home/alex/.m2/repository/org/asynchttpclient/async-http-client/2.12.1/async-http-client-2.12.1.jar:/home/alex/.m2/repository/org/asynchttpclient/async-http-client-netty-utils/2.12.1/async-http-client-netty-utils-2.12.1.jar:/home/alex/.m2/repository/io/netty/netty-buffer/4.1.48.Final/netty-buffer-4.1.48.Final.jar:/home/alex/.m2/repository/io/netty/netty-codec-http/4.1.48.Final/netty-codec-http-4.1.48.Final.jar:/home/alex/.m2/repository/io/netty/netty-common/4.1.48.Final/netty-common-4.1.48.Final.jar:/home/alex/.m2/repository/io/netty/netty-transport/4.1.48.Final/netty-transport-4.1.48.Final.jar:/home/alex/.m2/repository/io/netty/netty-codec/4.1.48.Final/netty-codec-4.1.48.Final.jar:/home/alex/.m2/repository/io/netty/netty-handler/4.1.48.Final/netty-handler-4.1.48.Final.jar:/home/alex/.m2/repository/io/netty/netty-resolver/4.1.48.Final/netty-resolver-4.1.48.Final.jar:/home/alex/.m2/repository/io/netty/netty-codec-socks/4.1.48.Final/netty-codec-socks-4.1.48.Final.jar:/home/alex/.m2/repository/io/netty/netty-handler-proxy/4.1.48.Final/netty-handler-proxy-4.1.48.Final.jar:/home/alex/.m2/repository/io/netty/netty-transport-native-epoll/4.1.48.Final/netty-transport-native-epoll-4.1.48.Final-linux-x86_64.jar:/home/alex/.m2/repository/io/netty/netty-transport-native-unix-common/4.1.48.Final/netty-transport-native-unix-common-4.1.48.Final.jar:/home/alex/.m2/repository/io/netty/netty-transport-native-kqueue/4.1.48.Final/netty-transport-native-kqueue-4.1.48.Final-osx-x86_64.jar:/home/alex/.m2/repository/org/reactivestreams/reactive-streams/1.0.3/reactive-streams-1.0.3.jar:/home/alex/.m2/repository/com/typesafe/netty/netty-reactive-streams/2.0.4/netty-reactive-streams-2.0.4.jar:/home/alex/.m2/repository/com/sun/activation/javax.activation/1.2.0/javax.activation-1.2.0.jar:/home/alex/.m2/repository/org/apache/tez/tez-common/0.10.1/tez-common-0.10.1.jar:/home/alex/.m2/repository/org/apache/tez/tez-runtime-internals/0.10.1/tez-runtime-internals-0.10.1.jar:/home/alex/.m2/repository/org/apache/tez/hadoop-shim/0.10.1/hadoop-shim-0.10.1.jar:/home/alex/.m2/repository/org/apache/tez/tez-mapreduce/0.10.1/tez-mapreduce-0.10.1.jar:/home/alex/.m2/repository/org/apache/tez/tez-dag/0.10.1/tez-dag-0.10.1.jar:/home/alex/.m2/repository/org/apache/hadoop/hadoop-yarn-server-web-proxy/3.1.0/hadoop-yarn-server-web-proxy-3.1.0.jar:/home/alex/.m2/repository/org/apache/hadoop/hadoop-yarn-server-common/3.1.0/hadoop-yarn-server-common-3.1.0.jar:/home/alex/.m2/repository/org/apache/geronimo/specs/geronimo-jcache_1.0_spec/1.0-alpha-1/geronimo-jcache_1.0_spec-1.0-alpha-1.jar:/home/alex/.m2/repository/org/ehcache/ehcache/3.3.1/ehcache-3.3.1.jar:/home/alex/.m2/repository/com/zaxxer/HikariCP-java7/2.4.12/HikariCP-java7-2.4.12.jar:/home/alex/.m2/repository/org/apache/spark/spark-core_2.12/2.4.5/spark-core_2.12-2.4.5.jar:/home/alex/.m2/repository/com/twitter/chill_2.12/0.9.3/chill_2.12-0.9.3.jar:/home/alex/.m2/repository/com/twitter/chill-java/0.9.3/chill-java-0.9.3.jar:/home/alex/.m2/repository/org/apache/xbean/xbean-asm6-shaded/4.8/xbean-asm6-shaded-4.8.jar:/home/alex/.m2/repository/org/apache/hadoop/hadoop-client/3.1.0/hadoop-client-3.1.0.jar:/home/alex/.m2/repository/org/apache/hadoop/hadoop-mapreduce-client-jobclient/3.1.0/hadoop-mapreduce-client-jobclient-3.1.0.jar:/home/alex/.m2/repository/org/apache/spark/spark-launcher_2.12/2.4.5/spark-launcher_2.12-2.4.5.jar:/home/alex/.m2/repository/org/apache/spark/spark-kvstore_2.12/2.4.5/spark-kvstore_2.12-2.4.5.jar:/home/alex/.m2/repository/org/apache/spark/spark-network-common_2.12/2.4.5/spark-network-common_2.12-2.4.5.jar:/home/alex/.m2/repository/org/apache/spark/spark-network-shuffle_2.12/2.4.5/spark-network-shuffle_2.12-2.4.5.jar:/home/alex/.m2/repository/org/apache/spark/spark-unsafe_2.12/2.4.5/spark-unsafe_2.12-2.4.5.jar:/home/alex/.m2/repository/javax/activation/activation/1.1.1/activation-1.1.1.jar:/home/alex/.m2/repository/org/slf4j/jul-to-slf4j/1.7.16/jul-to-slf4j-1.7.16.jar:/home/alex/.m2/repository/org/slf4j/jcl-over-slf4j/1.7.16/jcl-over-slf4j-1.7.16.jar:/home/alex/.m2/repository/com/ning/compress-lzf/1.0.3/compress-lzf-1.0.3.jar:/home/alex/.m2/repository/org/lz4/lz4-java/1.4.0/lz4-java-1.4.0.jar:/home/alex/.m2/repository/com/github/luben/zstd-jni/1.3.2-2/zstd-jni-1.3.2-2.jar:/home/alex/.m2/repository/org/scala-lang/scala-library/2.12.10/scala-library-2.12.10.jar:/home/alex/.m2/repository/org/json4s/json4s-jackson_2.12/3.5.3/json4s-jackson_2.12-3.5.3.jar:/home/alex/.m2/repository/org/json4s/json4s-core_2.12/3.5.3/json4s-core_2.12-3.5.3.jar:/home/alex/.m2/repository/org/json4s/json4s-ast_2.12/3.5.3/json4s-ast_2.12-3.5.3.jar:/home/alex/.m2/repository/org/json4s/json4s-scalap_2.12/3.5.3/json4s-scalap_2.12-3.5.3.jar:/home/alex/.m2/repository/org/scala-lang/modules/scala-xml_2.12/1.0.6/scala-xml_2.12-1.0.6.jar:/home/alex/.m2/repository/com/clearspring/analytics/stream/2.7.0/stream-2.7.0.jar:/home/alex/.m2/repository/io/dropwizard/metrics/metrics-graphite/3.1.5/metrics-graphite-3.1.5.jar:/home/alex/.m2/repository/oro/oro/2.0.8/oro-2.0.8.jar:/home/alex/.m2/repository/net/razorvine/pyrolite/4.13/pyrolite-4.13.jar:/home/alex/.m2/repository/net/sf/py4j/py4j/0.10.7/py4j-0.10.7.jar:/home/alex/.m2/repository/org/apache/spark/spark-tags_2.12/2.4.5/spark-tags_2.12-2.4.5.jar:/home/alex/.m2/repository/org/spark-project/spark/unused/1.0.0/unused-1.0.0.jar:/home/alex/.m2/repository/com/sun/jersey/jersey-servlet/1.19/jersey-servlet-1.19.jar:/home/alex/.m2/repository/org/glassfish/jersey/core/jersey-server/2.22.2/jersey-server-2.22.2.jar:/home/alex/.m2/repository/org/glassfish/jersey/core/jersey-common/2.22.2/jersey-common-2.22.2.jar:/home/alex/.m2/repository/org/glassfish/jersey/bundles/repackaged/jersey-guava/2.22.2/jersey-guava-2.22.2.jar:/home/alex/.m2/repository/org/glassfish/hk2/osgi-resource-locator/1.0.1/osgi-resource-locator-1.0.1.jar:/home/alex/.m2/repository/org/glassfish/jersey/core/jersey-client/2.22.2/jersey-client-2.22.2.jar:/home/alex/.m2/repository/javax/ws/rs/javax.ws.rs-api/2.0.1/javax.ws.rs-api-2.0.1.jar:/home/alex/.m2/repository/org/glassfish/jersey/media/jersey-media-jaxb/2.22.2/jersey-media-jaxb-2.22.2.jar:/home/alex/.m2/repository/org/glassfish/hk2/hk2-api/2.4.0-b34/hk2-api-2.4.0-b34.jar:/home/alex/.m2/repository/org/glassfish/hk2/hk2-utils/2.4.0-b34/hk2-utils-2.4.0-b34.jar:/home/alex/.m2/repository/org/glassfish/hk2/external/aopalliance-repackaged/2.4.0-b34/aopalliance-repackaged-2.4.0-b34.jar:/home/alex/.m2/repository/org/glassfish/hk2/external/javax.inject/2.4.0-b34/javax.inject-2.4.0-b34.jar:/home/alex/.m2/repository/org/glassfish/hk2/hk2-locator/2.4.0-b34/hk2-locator-2.4.0-b34.jar:/home/alex/.m2/repository/javax/validation/validation-api/1.1.0.Final/validation-api-1.1.0.Final.jar:/home/alex/.m2/repository/org/glassfish/jersey/containers/jersey-container-servlet-core/2.22.2/jersey-container-servlet-core-2.22.2.jar:/home/alex/.m2/repository/org/hamcrest/hamcrest-all/1.3/hamcrest-all-1.3.jar:/home/alex/.m2/repository/org/powermock/powermock-module-junit4/2.0.2/powermock-module-junit4-2.0.2.jar:/home/alex/.m2/repository/org/powermock/powermock-module-junit4-common/2.0.2/powermock-module-junit4-common-2.0.2.jar:/home/alex/.m2/repository/org/powermock/powermock-reflect/2.0.2/powermock-reflect-2.0.2.jar:/home/alex/.m2/repository/org/powermock/powermock-core/2.0.2/powermock-core-2.0.2.jar:/home/alex/.m2/repository/org/powermock/powermock-api-mockito2/2.0.2/powermock-api-mockito2-2.0.2.jar:/home/alex/.m2/repository/org/powermock/powermock-api-support/2.0.2/powermock-api-support-2.0.2.jar:/home/alex/.m2/repository/com/google/guava/guava-testlib/19.0/guava-testlib-19.0.jar:/home/alex/.m2/repository/com/google/errorprone/error_prone_annotations/2.0.2/error_prone_annotations-2.0.2.jar:/home/alex/.m2/repository/com/google/re2j/re2j/1.2/re2j-1.2.jar:/home/alex/.m2/repository/org/reflections/reflections/0.9.10/reflections-0.9.10.jar:/home/alex/.m2/repository/org/javassist/javassist/3.19.0-GA/javassist-3.19.0-GA.jar:/home/alex/.m2/repository/com/jayway/jsonpath/json-path/2.4.0/json-path-2.4.0.jar:/home/alex/.m2/repository/net/minidev/json-smart/2.3/json-smart-2.3.jar:/home/alex/.m2/repository/net/minidev/accessors-smart/1.2/accessors-smart-1.2.jar:/home/alex/.m2/repository/org/ow2/asm/asm/5.0.4/asm-5.0.4.jar:/home/alex/.m2/repository/org/codehaus/janino/commons-compiler/3.0.11/commons-compiler-3.0.11.jar:/home/alex/.m2/repository/org/codehaus/janino/janino/3.0.11/janino-3.0.11.jar:/home/alex/.m2/repository/com/sun/jersey/contribs/jersey-multipart/1.19/jersey-multipart-1.19.jar:/home/alex/.m2/repository/org/jvnet/mimepull/mimepull/1.9.3/mimepull-1.9.3.jar:/home/alex/.m2/repository/org/apache/kafka/kafka-clients/2.5.0/kafka-clients-2.5.0.jar:/home/alex/.m2/repository/org/slf4j/slf4j-api/1.7.30/slf4j-api-1.7.30.jar:/home/alex/.m2/repository/org/mockito/mockito-core/3.4.4/mockito-core-3.4.4.jar:/home/alex/.m2/repository/net/bytebuddy/byte-buddy/1.10.13/byte-buddy-1.10.13.jar:/home/alex/.m2/repository/net/bytebuddy/byte-buddy-agent/1.10.13/byte-buddy-agent-1.10.13.jar:/home/alex/Repositories/hive/ql/target/testconf:/home/alex/Repositories/hive/ql/../conf:"/>
    <property name="sun.cpu.endian" value="little"/>
    <property name="user.home" value="/home/alex"/>
    <property name="user.language" value="en"/>
    <property name="java.security.krb5.conf" value="/home/alex/Repositories/hive/ql/target/testconf/krb5.conf"/>
    <property name="test.dfs.mkdir" value=""/>
    <property name="java.awt.graphicsenv" value="sun.awt.X11GraphicsEnvironment"/>
    <property name="nondexFilter" value=".*"/>
    <property name="nondexSeed" value="974622"/>
    <property name="surefire.real.class.path" value="/home/alex/Repositories/hive/ql/target/surefire/surefirebooter5747550188549316070.jar"/>
    <property name="hadoop.log.dir" value="/home/alex/Repositories/hive/ql/target/tmp"/>
    <property name="java.net.preferIPv4Stack" value="true"/>
    <property name="path.separator" value=":"/>
    <property name="os.version" value="6.5.0-28-generic"/>
    <property name="java.endorsed.dirs" value="/usr/lib/jvm/java-8-openjdk-amd64/jre/lib/endorsed"/>
    <property name="java.runtime.name" value="OpenJDK Runtime Environment"/>
    <property name="hive.test.console.log.level" value="INFO"/>
    <property name="java.vm.name" value="OpenJDK 64-Bit Server VM"/>
    <property name="java.vendor.url.bug" value="http://bugreport.sun.com/bugreport/"/>
    <property name="maven.local.repository" value="/home/alex/.m2/repository"/>
    <property name="user.dir" value="/home/alex/Repositories/hive/ql"/>
    <property name="os.arch" value="amd64"/>
    <property name="nondexMode" value="FULL"/>
    <property name="user.language.format" value="pt"/>
    <property name="antlr.version" value="3.5.2"/>
    <property name="derby.version" value="10.14.1.0"/>
    <property name="java.vm.info" value="mixed mode"/>
    <property name="java.vm.version" value="25.402-b06"/>
    <property name="java.ext.dirs" value="/usr/lib/jvm/java-8-openjdk-amd64/jre/lib/ext:/usr/java/packages/lib/ext"/>
    <property name="java.class.version" value="52.0"/>
    <property name="test.output.overwrite" value=""/>
    <property name="hive.root" value="/home/alex/Repositories/hive/ql/../"/>
  </properties>
  <testcase name="testMMFlatSource" classname="org.apache.hadoop.hive.ql.TestTxnExIm" time="20.194"/>
  <testcase name="testMMCreateFlatSource" classname="org.apache.hadoop.hive.ql.TestTxnExIm" time="0">
    <skipped message="in this case no transactional tables are involved"/>
  </testcase>
  <testcase name="testExportCustomDb" classname="org.apache.hadoop.hive.ql.TestTxnExIm" time="9.195"/>
  <testcase name="testCTLT" classname="org.apache.hadoop.hive.ql.TestTxnExIm" time="0">
    <skipped/>
  </testcase>
  <testcase name="testMMCreate" classname="org.apache.hadoop.hive.ql.TestTxnExIm" time="7.152"/>
  <testcase name="testMM" classname="org.apache.hadoop.hive.ql.TestTxnExIm" time="6.902"/>
  <testcase name="testImportPartitionedCreate2" classname="org.apache.hadoop.hive.ql.TestTxnExIm" time="9.159"/>
  <testcase name="testExportPart" classname="org.apache.hadoop.hive.ql.TestTxnExIm" time="7.56"/>
  <testcase name="testImportPartitionedOrc" classname="org.apache.hadoop.hive.ql.TestTxnExIm" time="8.552"/>
  <testcase name="testImportNoTarget" classname="org.apache.hadoop.hive.ql.TestTxnExIm" time="7.233">
    <error type="java.lang.RuntimeException"><![CDATA[java.lang.RuntimeException: update T set a = 0 where b = 6 failed: (responseCode = 40000, errorMessage = FAILED: NoMatchingMethodException No matching method for class org.apache.hadoop.hive.ql.udf.UDFToInteger with (struct<writeid:bigint,bucketid:int,rowid:bigint>). Possible choices: _FUNC_(bigint)  _FUNC_(boolean)  _FUNC_(decimal(38,18))  _FUNC_(double)  _FUNC_(float)  _FUNC_(smallint)  _FUNC_(string)  _FUNC_(struct<rowid:bigint,bucketid:bigint,writeid:int>)  _FUNC_(timestamp)  _FUNC_(tinyint)  _FUNC_(void)  , hiveErrorCode = 40000, SQLState = 42000, exception = No matching method for class org.apache.hadoop.hive.ql.udf.UDFToInteger with (struct<writeid:bigint,bucketid:int,rowid:bigint>). Possible choices: _FUNC_(bigint)  _FUNC_(boolean)  _FUNC_(decimal(38,18))  _FUNC_(double)  _FUNC_(float)  _FUNC_(smallint)  _FUNC_(string)  _FUNC_(struct<rowid:bigint,bucketid:bigint,writeid:int>)  _FUNC_(timestamp)  _FUNC_(tinyint)  _FUNC_(void)  )
	at org.apache.hadoop.hive.ql.TxnCommandsBaseForTests.runStatementOnDriver(TxnCommandsBaseForTests.java:247)
	at org.apache.hadoop.hive.ql.TestTxnExIm.testImport(TestTxnExIm.java:335)
	at org.apache.hadoop.hive.ql.TestTxnExIm.testImportNoTarget(TestTxnExIm.java:298)
	at sun.reflect.NativeMethodAccessorImpl.invoke0(Native Method)
	at sun.reflect.NativeMethodAccessorImpl.invoke(NativeMethodAccessorImpl.java:62)
	at sun.reflect.DelegatingMethodAccessorImpl.invoke(DelegatingMethodAccessorImpl.java:43)
	at java.lang.reflect.Method.invoke(Method.java:498)
	at org.junit.runners.model.FrameworkMethod$1.runReflectiveCall(FrameworkMethod.java:59)
	at org.junit.internal.runners.model.ReflectiveCallable.run(ReflectiveCallable.java:12)
	at org.junit.runners.model.FrameworkMethod.invokeExplosively(FrameworkMethod.java:56)
	at org.junit.internal.runners.statements.InvokeMethod.evaluate(InvokeMethod.java:17)
	at org.junit.internal.runners.statements.RunBefores.evaluate(RunBefores.java:26)
	at org.junit.internal.runners.statements.RunAfters.evaluate(RunAfters.java:27)
	at org.junit.rules.TestWatcher$1.evaluate(TestWatcher.java:61)
	at org.junit.runners.ParentRunner$3.evaluate(ParentRunner.java:306)
	at org.junit.runners.BlockJUnit4ClassRunner$1.evaluate(BlockJUnit4ClassRunner.java:100)
	at org.junit.runners.ParentRunner.runLeaf(ParentRunner.java:366)
	at org.junit.runners.BlockJUnit4ClassRunner.runChild(BlockJUnit4ClassRunner.java:103)
	at org.junit.runners.BlockJUnit4ClassRunner.runChild(BlockJUnit4ClassRunner.java:63)
	at org.junit.runners.ParentRunner$4.run(ParentRunner.java:331)
	at org.junit.runners.ParentRunner$1.schedule(ParentRunner.java:79)
	at org.junit.runners.ParentRunner.runChildren(ParentRunner.java:329)
	at org.junit.runners.ParentRunner.access$100(ParentRunner.java:66)
	at org.junit.runners.ParentRunner$2.evaluate(ParentRunner.java:293)
	at org.junit.runners.ParentRunner$3.evaluate(ParentRunner.java:306)
	at org.junit.runners.ParentRunner.run(ParentRunner.java:413)
	at org.junit.runner.JUnitCore.run(JUnitCore.java:137)
	at org.junit.runner.JUnitCore.run(JUnitCore.java:115)
	at org.junit.vintage.engine.execution.RunnerExecutor.execute(RunnerExecutor.java:43)
	at java.util.stream.ForEachOps$ForEachOp$OfRef.accept(ForEachOps.java:183)
	at java.util.stream.ReferencePipeline$3$1.accept(ReferencePipeline.java:193)
	at java.util.Iterator.forEachRemaining(Iterator.java:116)
	at java.util.Spliterators$IteratorSpliterator.forEachRemaining(Spliterators.java:1801)
	at java.util.stream.AbstractPipeline.copyInto(AbstractPipeline.java:482)
	at java.util.stream.AbstractPipeline.wrapAndCopyInto(AbstractPipeline.java:472)
	at java.util.stream.ForEachOps$ForEachOp.evaluateSequential(ForEachOps.java:150)
	at java.util.stream.ForEachOps$ForEachOp$OfRef.evaluateSequential(ForEachOps.java:173)
	at java.util.stream.AbstractPipeline.evaluate(AbstractPipeline.java:234)
	at java.util.stream.ReferencePipeline.forEach(ReferencePipeline.java:485)
	at org.junit.vintage.engine.VintageTestEngine.executeAllChildren(VintageTestEngine.java:82)
	at org.junit.vintage.engine.VintageTestEngine.execute(VintageTestEngine.java:73)
	at org.junit.platform.launcher.core.DefaultLauncher.execute(DefaultLauncher.java:248)
	at org.junit.platform.launcher.core.DefaultLauncher.lambda$execute$5(DefaultLauncher.java:211)
	at org.junit.platform.launcher.core.DefaultLauncher.withInterceptedStreams(DefaultLauncher.java:226)
	at org.junit.platform.launcher.core.DefaultLauncher.execute(DefaultLauncher.java:199)
	at org.junit.platform.launcher.core.DefaultLauncher.execute(DefaultLauncher.java:132)
	at org.apache.maven.surefire.junitplatform.JUnitPlatformProvider.invokeAllTests(JUnitPlatformProvider.java:154)
	at org.apache.maven.surefire.junitplatform.JUnitPlatformProvider.invoke(JUnitPlatformProvider.java:123)
	at org.apache.maven.surefire.booter.ForkedBooter.runSuitesInProcess(ForkedBooter.java:377)
	at org.apache.maven.surefire.booter.ForkedBooter.execute(ForkedBooter.java:138)
	at org.apache.maven.surefire.booter.ForkedBooter.run(ForkedBooter.java:465)
	at org.apache.maven.surefire.booter.ForkedBooter.main(ForkedBooter.java:451)
]]></error>
    <system-err><![CDATA[2024-04-24T00:51:34,935  WARN [main] conf.HiveConf: HiveConf of name hive.dummyparam.test.server.specific.config.override does not exist
2024-04-24T00:51:34,935  WARN [main] conf.HiveConf: HiveConf of name hive.llap.io.cache.orc.size does not exist
2024-04-24T00:51:34,935  WARN [main] conf.HiveConf: HiveConf of name hive.stats.key.prefix.reserve.length does not exist
2024-04-24T00:51:34,936  WARN [main] conf.HiveConf: HiveConf of name hive.llap.io.cache.orc.alloc.max does not exist
2024-04-24T00:51:34,936  WARN [main] conf.HiveConf: HiveConf of name hive.metastore.client.cache.recordStats does not exist
2024-04-24T00:51:34,936  WARN [main] conf.HiveConf: HiveConf of name hive.dummyparam.test.server.specific.config.hivesite does not exist
2024-04-24T00:51:34,936  WARN [main] conf.HiveConf: HiveConf of name hive.metastore.client.cache.maxSize does not exist
2024-04-24T00:51:34,936  WARN [main] conf.HiveConf: HiveConf of name hive.dummyparam.test.server.specific.config.metastoresite does not exist
2024-04-24T00:51:34,936  WARN [main] conf.HiveConf: HiveConf of name hive.llap.io.cache.orc.arena.size does not exist
2024-04-24T00:51:34,936  WARN [main] conf.HiveConf: HiveConf of name hive.llap.io.cache.orc.alloc.min does not exist
2024-04-24T00:51:34,936  WARN [main] conf.HiveConf: HiveConf of name hive.metastore.metadb.dir does not exist
2024-04-24T00:51:34,939  INFO [main] utils.TestTxnDbUtil: Creating transactional tables
Hive Session ID = 1886a1d9-c44c-480e-9498-5ad1dc64a6f5
2024-04-24T00:51:34,942  INFO [main] SessionState: Hive Session ID = 1886a1d9-c44c-480e-9498-5ad1dc64a6f5
ivysettings.xml file not found in HIVE_HOME or HIVE_CONF_DIR,/home/alex/Repositories/hive/conf/ivysettings.xml will be used
2024-04-24T00:51:34,942  INFO [main] DependencyResolver: ivysettings.xml file not found in HIVE_HOME or HIVE_CONF_DIR,/home/alex/Repositories/hive/conf/ivysettings.xml will be used
2024-04-24T00:51:34,948  INFO [main] session.SessionState: Created HDFS directory: /home/alex/Repositories/hive/ql/target/tmp/scratchdir/alex/1886a1d9-c44c-480e-9498-5ad1dc64a6f5
2024-04-24T00:51:34,951  INFO [main] session.SessionState: Created local directory: /home/alex/Repositories/hive/ql/target/tmp/localscratchdir/1886a1d9-c44c-480e-9498-5ad1dc64a6f5
2024-04-24T00:51:34,953  INFO [main] session.SessionState: Created HDFS directory: /home/alex/Repositories/hive/ql/target/tmp/scratchdir/alex/1886a1d9-c44c-480e-9498-5ad1dc64a6f5/_tmp_space.db
2024-04-24T00:51:34,954  INFO [main] sqlstd.SQLStdHiveAccessController: Created SQLStdHiveAccessController for session context : HiveAuthzSessionContext [sessionString=1886a1d9-c44c-480e-9498-5ad1dc64a6f5, clientType=HIVECLI]
2024-04-24T00:51:34,954  INFO [main] ql.TxnCommandsBaseForTests: Running the query: drop table if exists acidTbl
2024-04-24T00:51:34,954  INFO [main] ql.Driver: Compiling command(queryId=alex_20240424005134_c2d34c2b-2b9f-49c5-a298-0c776033f640): drop table if exists acidTbl
2024-04-24T00:51:34,966  INFO [main] txn.TxnHandler: Added entries to MIN_HISTORY_LEVEL for current txns: ([1]) with min_open_txn: 1
2024-04-24T00:51:34,966  INFO [main] lockmgr.DbTxnManager: Opened txnid:1
2024-04-24T00:51:34,969  INFO [main] HiveMetaStore.audit: ugi=alex	ip=unknown-ip-addr	cmd=get_table : tbl=hive.default.acidTbl	
2024-04-24T00:51:34,978  INFO [main] ql.Driver: Semantic Analysis Completed (retrial = false)
2024-04-24T00:51:34,978  INFO [main] ql.Driver: Created Hive schema: Schema(fieldSchemas:null, properties:null)
2024-04-24T00:51:34,978  INFO [main] metadata.Hive: Dumping metastore api call timing information for : compilation phase
2024-04-24T00:51:34,978  INFO [main] metadata.Hive: Total time spent in each metastore function (ms): {flushCache_()=0, openTxn_(String, TxnType)=11, isCompatibleWith_(Configuration)=0, commitTxn_(CommitTxnRequest)=13, getValidTxns_(long)=3}
2024-04-24T00:51:34,979  INFO [main] ql.Driver: Completed compiling command(queryId=alex_20240424005134_c2d34c2b-2b9f-49c5-a298-0c776033f640); Time taken: 0.024 seconds
2024-04-24T00:51:34,979  INFO [main] lockmgr.DbTxnManager: Setting lock request transaction to txnid:1 for queryId=alex_20240424005134_c2d34c2b-2b9f-49c5-a298-0c776033f640
2024-04-24T00:51:34,979  INFO [main] ql.Driver: Operation DROPTABLE obtained 0 locks
2024-04-24T00:51:34,979  INFO [main] ql.Driver: Executing command(queryId=alex_20240424005134_c2d34c2b-2b9f-49c5-a298-0c776033f640): drop table if exists acidTbl
2024-04-24T00:51:34,979  INFO [main] ql.Driver: Starting task [Stage-0:DDL] in serial mode
2024-04-24T00:51:34,980  INFO [main] HiveMetaStore.audit: ugi=alex	ip=unknown-ip-addr	cmd=get_table : tbl=hive.default.acidTbl	
2024-04-24T00:51:34,984  INFO [main] metadata.Hive: Dumping metastore api call timing information for : execution phase
2024-04-24T00:51:34,984  INFO [main] metadata.Hive: Total time spent in each metastore function (ms): {isCompatibleWith_(Configuration)=0}
2024-04-24T00:51:34,984  INFO [main] ql.Driver: Completed executing command(queryId=alex_20240424005134_c2d34c2b-2b9f-49c5-a298-0c776033f640); Time taken: 0.005 seconds
2024-04-24T00:51:34,984  INFO [main] lockmgr.DbTxnManager: Stopped heartbeat for query: alex_20240424005134_c2d34c2b-2b9f-49c5-a298-0c776033f640
2024-04-24T00:51:34,991  INFO [main] txn.TxnHandler: Expected to move at least one record from txn_components to completed_txn_components when committing txn! txnid:1
2024-04-24T00:51:34,999  INFO [main] txn.TxnHandler: Removed transactions: ([1]) from MIN_HISTORY_LEVEL
2024-04-24T00:51:35,000  WARN [main] txn.CompactionTxnHandler: No compaction queue record found for Compaction type transaction commit. txnId:1
2024-04-24T00:51:35,001  INFO [main] ql.TxnCommandsBaseForTests: Running the query: drop table if exists acidTblPart
2024-04-24T00:51:35,001  INFO [main] ql.Driver: Compiling command(queryId=alex_20240424005135_2e7edc89-7692-431c-9079-312c063e9a1a): drop table if exists acidTblPart
2024-04-24T00:51:35,004  INFO [main] txn.TxnHandler: Added entries to MIN_HISTORY_LEVEL for current txns: ([2]) with min_open_txn: 1
2024-04-24T00:51:35,004  INFO [main] lockmgr.DbTxnManager: Opened txnid:2
2024-04-24T00:51:35,005  INFO [main] HiveMetaStore.audit: ugi=alex	ip=unknown-ip-addr	cmd=get_table : tbl=hive.default.acidTblPart	
2024-04-24T00:51:35,008  INFO [main] ql.Driver: Semantic Analysis Completed (retrial = false)
2024-04-24T00:51:35,008  INFO [main] ql.Driver: Created Hive schema: Schema(fieldSchemas:null, properties:null)
2024-04-24T00:51:35,008  INFO [main] metadata.Hive: Dumping metastore api call timing information for : compilation phase
2024-04-24T00:51:35,009  INFO [main] metadata.Hive: Total time spent in each metastore function (ms): {isCompatibleWith_(Configuration)=2, commitTxn_(CommitTxnRequest)=15, flushCache_()=0, getValidTxns_(long)=1, openTxn_(String, TxnType)=2}
2024-04-24T00:51:35,009  INFO [main] ql.Driver: Completed compiling command(queryId=alex_20240424005135_2e7edc89-7692-431c-9079-312c063e9a1a); Time taken: 0.007 seconds
2024-04-24T00:51:35,009  INFO [main] lockmgr.DbTxnManager: Setting lock request transaction to txnid:2 for queryId=alex_20240424005135_2e7edc89-7692-431c-9079-312c063e9a1a
2024-04-24T00:51:35,009  INFO [main] ql.Driver: Operation DROPTABLE obtained 0 locks
2024-04-24T00:51:35,009  INFO [main] ql.Driver: Executing command(queryId=alex_20240424005135_2e7edc89-7692-431c-9079-312c063e9a1a): drop table if exists acidTblPart
2024-04-24T00:51:35,009  INFO [main] ql.Driver: Starting task [Stage-0:DDL] in serial mode
2024-04-24T00:51:35,010  INFO [main] HiveMetaStore.audit: ugi=alex	ip=unknown-ip-addr	cmd=get_table : tbl=hive.default.acidTblPart	
2024-04-24T00:51:35,013  INFO [main] metadata.Hive: Dumping metastore api call timing information for : execution phase
2024-04-24T00:51:35,013  INFO [main] metadata.Hive: Total time spent in each metastore function (ms): {isCompatibleWith_(Configuration)=0}
2024-04-24T00:51:35,013  INFO [main] ql.Driver: Completed executing command(queryId=alex_20240424005135_2e7edc89-7692-431c-9079-312c063e9a1a); Time taken: 0.004 seconds
2024-04-24T00:51:35,013  INFO [main] lockmgr.DbTxnManager: Stopped heartbeat for query: alex_20240424005135_2e7edc89-7692-431c-9079-312c063e9a1a
2024-04-24T00:51:35,020  INFO [main] txn.TxnHandler: Expected to move at least one record from txn_components to completed_txn_components when committing txn! txnid:2
2024-04-24T00:51:35,028  INFO [main] txn.TxnHandler: Removed transactions: ([2]) from MIN_HISTORY_LEVEL
2024-04-24T00:51:35,028  WARN [main] txn.CompactionTxnHandler: No compaction queue record found for Compaction type transaction commit. txnId:2
2024-04-24T00:51:35,029  INFO [main] ql.TxnCommandsBaseForTests: Running the query: drop table if exists acidTbl2
2024-04-24T00:51:35,029  INFO [main] ql.Driver: Compiling command(queryId=alex_20240424005135_282ab0c5-1bcf-4c17-ba86-cd91c669bb00): drop table if exists acidTbl2
2024-04-24T00:51:35,032  INFO [main] txn.TxnHandler: Added entries to MIN_HISTORY_LEVEL for current txns: ([3]) with min_open_txn: 1
2024-04-24T00:51:35,032  INFO [main] lockmgr.DbTxnManager: Opened txnid:3
2024-04-24T00:51:35,033  INFO [main] HiveMetaStore.audit: ugi=alex	ip=unknown-ip-addr	cmd=get_table : tbl=hive.default.acidTbl2	
2024-04-24T00:51:35,036  INFO [main] ql.Driver: Semantic Analysis Completed (retrial = false)
2024-04-24T00:51:35,036  INFO [main] ql.Driver: Created Hive schema: Schema(fieldSchemas:null, properties:null)
2024-04-24T00:51:35,036  INFO [main] metadata.Hive: Dumping metastore api call timing information for : compilation phase
2024-04-24T00:51:35,036  INFO [main] metadata.Hive: Total time spent in each metastore function (ms): {isCompatibleWith_(Configuration)=0, openTxn_(String, TxnType)=2, flushCache_()=0, commitTxn_(CommitTxnRequest)=15, getValidTxns_(long)=0}
2024-04-24T00:51:35,037  INFO [main] ql.Driver: Completed compiling command(queryId=alex_20240424005135_282ab0c5-1bcf-4c17-ba86-cd91c669bb00); Time taken: 0.007 seconds
2024-04-24T00:51:35,037  INFO [main] lockmgr.DbTxnManager: Setting lock request transaction to txnid:3 for queryId=alex_20240424005135_282ab0c5-1bcf-4c17-ba86-cd91c669bb00
2024-04-24T00:51:35,037  INFO [main] ql.Driver: Operation DROPTABLE obtained 0 locks
2024-04-24T00:51:35,037  INFO [main] ql.Driver: Executing command(queryId=alex_20240424005135_282ab0c5-1bcf-4c17-ba86-cd91c669bb00): drop table if exists acidTbl2
2024-04-24T00:51:35,037  INFO [main] ql.Driver: Starting task [Stage-0:DDL] in serial mode
2024-04-24T00:51:35,038  INFO [main] HiveMetaStore.audit: ugi=alex	ip=unknown-ip-addr	cmd=get_table : tbl=hive.default.acidTbl2	
2024-04-24T00:51:35,041  INFO [main] metadata.Hive: Dumping metastore api call timing information for : execution phase
2024-04-24T00:51:35,042  INFO [main] metadata.Hive: Total time spent in each metastore function (ms): {isCompatibleWith_(Configuration)=0}
2024-04-24T00:51:35,042  INFO [main] ql.Driver: Completed executing command(queryId=alex_20240424005135_282ab0c5-1bcf-4c17-ba86-cd91c669bb00); Time taken: 0.004 seconds
2024-04-24T00:51:35,042  INFO [main] lockmgr.DbTxnManager: Stopped heartbeat for query: alex_20240424005135_282ab0c5-1bcf-4c17-ba86-cd91c669bb00
2024-04-24T00:51:35,049  INFO [main] txn.TxnHandler: Expected to move at least one record from txn_components to completed_txn_components when committing txn! txnid:3
2024-04-24T00:51:35,056  INFO [main] txn.TxnHandler: Removed transactions: ([3]) from MIN_HISTORY_LEVEL
2024-04-24T00:51:35,056  WARN [main] txn.CompactionTxnHandler: No compaction queue record found for Compaction type transaction commit. txnId:3
2024-04-24T00:51:35,057  INFO [main] ql.TxnCommandsBaseForTests: Running the query: drop table if exists nonAcidOrcTbl
2024-04-24T00:51:35,057  INFO [main] ql.Driver: Compiling command(queryId=alex_20240424005135_e0caceb5-a50c-408a-adde-0ea5fa1f1181): drop table if exists nonAcidOrcTbl
2024-04-24T00:51:35,060  INFO [main] txn.TxnHandler: Added entries to MIN_HISTORY_LEVEL for current txns: ([4]) with min_open_txn: 1
2024-04-24T00:51:35,060  INFO [main] lockmgr.DbTxnManager: Opened txnid:4
2024-04-24T00:51:35,061  INFO [main] HiveMetaStore.audit: ugi=alex	ip=unknown-ip-addr	cmd=get_table : tbl=hive.default.nonAcidOrcTbl	
2024-04-24T00:51:35,065  INFO [main] ql.Driver: Semantic Analysis Completed (retrial = false)
2024-04-24T00:51:35,065  INFO [main] ql.Driver: Created Hive schema: Schema(fieldSchemas:null, properties:null)
2024-04-24T00:51:35,065  INFO [main] metadata.Hive: Dumping metastore api call timing information for : compilation phase
2024-04-24T00:51:35,065  INFO [main] metadata.Hive: Total time spent in each metastore function (ms): {getValidTxns_(long)=0, openTxn_(String, TxnType)=2, isCompatibleWith_(Configuration)=1, commitTxn_(CommitTxnRequest)=15, flushCache_()=0}
2024-04-24T00:51:35,066  INFO [main] ql.Driver: Completed compiling command(queryId=alex_20240424005135_e0caceb5-a50c-408a-adde-0ea5fa1f1181); Time taken: 0.008 seconds
2024-04-24T00:51:35,066  INFO [main] lockmgr.DbTxnManager: Setting lock request transaction to txnid:4 for queryId=alex_20240424005135_e0caceb5-a50c-408a-adde-0ea5fa1f1181
2024-04-24T00:51:35,066  INFO [main] ql.Driver: Operation DROPTABLE obtained 0 locks
2024-04-24T00:51:35,066  INFO [main] ql.Driver: Executing command(queryId=alex_20240424005135_e0caceb5-a50c-408a-adde-0ea5fa1f1181): drop table if exists nonAcidOrcTbl
2024-04-24T00:51:35,066  INFO [main] ql.Driver: Starting task [Stage-0:DDL] in serial mode
2024-04-24T00:51:35,066  INFO [main] HiveMetaStore.audit: ugi=alex	ip=unknown-ip-addr	cmd=get_table : tbl=hive.default.nonAcidOrcTbl	
2024-04-24T00:51:35,070  INFO [main] metadata.Hive: Dumping metastore api call timing information for : execution phase
2024-04-24T00:51:35,070  INFO [main] metadata.Hive: Total time spent in each metastore function (ms): {isCompatibleWith_(Configuration)=0}
2024-04-24T00:51:35,070  INFO [main] ql.Driver: Completed executing command(queryId=alex_20240424005135_e0caceb5-a50c-408a-adde-0ea5fa1f1181); Time taken: 0.004 seconds
2024-04-24T00:51:35,070  INFO [main] lockmgr.DbTxnManager: Stopped heartbeat for query: alex_20240424005135_e0caceb5-a50c-408a-adde-0ea5fa1f1181
2024-04-24T00:51:35,076  INFO [main] txn.TxnHandler: Expected to move at least one record from txn_components to completed_txn_components when committing txn! txnid:4
2024-04-24T00:51:35,084  INFO [main] txn.TxnHandler: Removed transactions: ([4]) from MIN_HISTORY_LEVEL
2024-04-24T00:51:35,084  WARN [main] txn.CompactionTxnHandler: No compaction queue record found for Compaction type transaction commit. txnId:4
2024-04-24T00:51:35,085  INFO [main] ql.TxnCommandsBaseForTests: Running the query: drop table if exists nonAcidOrcTbl2
2024-04-24T00:51:35,085  INFO [main] ql.Driver: Compiling command(queryId=alex_20240424005135_7c2666c8-410e-4215-adf2-657436612d36): drop table if exists nonAcidOrcTbl2
2024-04-24T00:51:35,088  INFO [main] txn.TxnHandler: Added entries to MIN_HISTORY_LEVEL for current txns: ([5]) with min_open_txn: 1
2024-04-24T00:51:35,088  INFO [main] lockmgr.DbTxnManager: Opened txnid:5
2024-04-24T00:51:35,088  INFO [main] HiveMetaStore.audit: ugi=alex	ip=unknown-ip-addr	cmd=get_table : tbl=hive.default.nonAcidOrcTbl2	
2024-04-24T00:51:35,092  INFO [main] ql.Driver: Semantic Analysis Completed (retrial = false)
2024-04-24T00:51:35,092  INFO [main] ql.Driver: Created Hive schema: Schema(fieldSchemas:null, properties:null)
2024-04-24T00:51:35,092  INFO [main] metadata.Hive: Dumping metastore api call timing information for : compilation phase
2024-04-24T00:51:35,092  INFO [main] metadata.Hive: Total time spent in each metastore function (ms): {flushCache_()=0, openTxn_(String, TxnType)=2, isCompatibleWith_(Configuration)=1, commitTxn_(CommitTxnRequest)=15, getValidTxns_(long)=0}
2024-04-24T00:51:35,092  INFO [main] ql.Driver: Completed compiling command(queryId=alex_20240424005135_7c2666c8-410e-4215-adf2-657436612d36); Time taken: 0.007 seconds
2024-04-24T00:51:35,092  INFO [main] lockmgr.DbTxnManager: Setting lock request transaction to txnid:5 for queryId=alex_20240424005135_7c2666c8-410e-4215-adf2-657436612d36
2024-04-24T00:51:35,092  INFO [main] ql.Driver: Operation DROPTABLE obtained 0 locks
2024-04-24T00:51:35,092  INFO [main] ql.Driver: Executing command(queryId=alex_20240424005135_7c2666c8-410e-4215-adf2-657436612d36): drop table if exists nonAcidOrcTbl2
2024-04-24T00:51:35,093  INFO [main] ql.Driver: Starting task [Stage-0:DDL] in serial mode
2024-04-24T00:51:35,093  INFO [main] HiveMetaStore.audit: ugi=alex	ip=unknown-ip-addr	cmd=get_table : tbl=hive.default.nonAcidOrcTbl2	
2024-04-24T00:51:35,096  INFO [main] metadata.Hive: Dumping metastore api call timing information for : execution phase
2024-04-24T00:51:35,096  INFO [main] metadata.Hive: Total time spent in each metastore function (ms): {isCompatibleWith_(Configuration)=0}
2024-04-24T00:51:35,097  INFO [main] ql.Driver: Completed executing command(queryId=alex_20240424005135_7c2666c8-410e-4215-adf2-657436612d36); Time taken: 0.004 seconds
2024-04-24T00:51:35,097  INFO [main] lockmgr.DbTxnManager: Stopped heartbeat for query: alex_20240424005135_7c2666c8-410e-4215-adf2-657436612d36
2024-04-24T00:51:35,103  INFO [main] txn.TxnHandler: Expected to move at least one record from txn_components to completed_txn_components when committing txn! txnid:5
2024-04-24T00:51:35,110  INFO [main] txn.TxnHandler: Removed transactions: ([5]) from MIN_HISTORY_LEVEL
2024-04-24T00:51:35,110  WARN [main] txn.CompactionTxnHandler: No compaction queue record found for Compaction type transaction commit. txnId:5
2024-04-24T00:51:35,111  INFO [main] ql.TxnCommandsBaseForTests: Running the query: drop table if exists nonAcidNonBucket
2024-04-24T00:51:35,111  INFO [main] ql.Driver: Compiling command(queryId=alex_20240424005135_33784a63-6e33-40f9-864e-88b7d10cad83): drop table if exists nonAcidNonBucket
2024-04-24T00:51:35,114  INFO [main] txn.TxnHandler: Added entries to MIN_HISTORY_LEVEL for current txns: ([6]) with min_open_txn: 1
2024-04-24T00:51:35,114  INFO [main] lockmgr.DbTxnManager: Opened txnid:6
2024-04-24T00:51:35,115  INFO [main] HiveMetaStore.audit: ugi=alex	ip=unknown-ip-addr	cmd=get_table : tbl=hive.default.nonAcidNonBucket	
2024-04-24T00:51:35,118  INFO [main] ql.Driver: Semantic Analysis Completed (retrial = false)
2024-04-24T00:51:35,118  INFO [main] ql.Driver: Created Hive schema: Schema(fieldSchemas:null, properties:null)
2024-04-24T00:51:35,118  INFO [main] metadata.Hive: Dumping metastore api call timing information for : compilation phase
2024-04-24T00:51:35,118  INFO [main] metadata.Hive: Total time spent in each metastore function (ms): {flushCache_()=0, isCompatibleWith_(Configuration)=0, openTxn_(String, TxnType)=2, commitTxn_(CommitTxnRequest)=14, getValidTxns_(long)=0}
2024-04-24T00:51:35,119  INFO [main] ql.Driver: Completed compiling command(queryId=alex_20240424005135_33784a63-6e33-40f9-864e-88b7d10cad83); Time taken: 0.007 seconds
2024-04-24T00:51:35,119  INFO [main] lockmgr.DbTxnManager: Setting lock request transaction to txnid:6 for queryId=alex_20240424005135_33784a63-6e33-40f9-864e-88b7d10cad83
2024-04-24T00:51:35,119  INFO [main] ql.Driver: Operation DROPTABLE obtained 0 locks
2024-04-24T00:51:35,119  INFO [main] ql.Driver: Executing command(queryId=alex_20240424005135_33784a63-6e33-40f9-864e-88b7d10cad83): drop table if exists nonAcidNonBucket
2024-04-24T00:51:35,119  INFO [main] ql.Driver: Starting task [Stage-0:DDL] in serial mode
2024-04-24T00:51:35,120  INFO [main] HiveMetaStore.audit: ugi=alex	ip=unknown-ip-addr	cmd=get_table : tbl=hive.default.nonAcidNonBucket	
2024-04-24T00:51:35,123  INFO [main] metadata.Hive: Dumping metastore api call timing information for : execution phase
2024-04-24T00:51:35,124  INFO [main] metadata.Hive: Total time spent in each metastore function (ms): {isCompatibleWith_(Configuration)=0}
2024-04-24T00:51:35,124  INFO [main] ql.Driver: Completed executing command(queryId=alex_20240424005135_33784a63-6e33-40f9-864e-88b7d10cad83); Time taken: 0.004 seconds
2024-04-24T00:51:35,124  INFO [main] lockmgr.DbTxnManager: Stopped heartbeat for query: alex_20240424005135_33784a63-6e33-40f9-864e-88b7d10cad83
2024-04-24T00:51:35,130  INFO [main] txn.TxnHandler: Expected to move at least one record from txn_components to completed_txn_components when committing txn! txnid:6
2024-04-24T00:51:35,137  INFO [main] txn.TxnHandler: Removed transactions: ([6]) from MIN_HISTORY_LEVEL
2024-04-24T00:51:35,137  WARN [main] txn.CompactionTxnHandler: No compaction queue record found for Compaction type transaction commit. txnId:6
2024-04-24T00:51:35,138  INFO [main] ql.TxnCommandsBaseForTests: Running the query: create table acidTbl(a int, b int) clustered by (a) into 2 buckets stored as orc TBLPROPERTIES ('transactional'='true')
2024-04-24T00:51:35,138  INFO [main] ql.Driver: Compiling command(queryId=alex_20240424005135_e9b48adb-b9e0-401f-87c2-a951e7854f58): create table acidTbl(a int, b int) clustered by (a) into 2 buckets stored as orc TBLPROPERTIES ('transactional'='true')
2024-04-24T00:51:35,141  INFO [main] txn.TxnHandler: Added entries to MIN_HISTORY_LEVEL for current txns: ([7]) with min_open_txn: 1
2024-04-24T00:51:35,142  INFO [main] lockmgr.DbTxnManager: Opened txnid:7
2024-04-24T00:51:35,142  INFO [main] parse.CalcitePlanner: Starting caching scope for: 
2024-04-24T00:51:35,142  INFO [main] parse.CalcitePlanner: Starting Semantic Analysis
2024-04-24T00:51:35,150  INFO [main] parse.CalcitePlanner: Creating table default.acidTbl position=13
2024-04-24T00:51:35,151  INFO [main] HiveMetaStore.audit: ugi=alex	ip=unknown-ip-addr	cmd=get_database: default	
2024-04-24T00:51:35,153  INFO [main] parse.CalcitePlanner: Ending caching scope for: 
2024-04-24T00:51:35,153  INFO [main] ql.Driver: Semantic Analysis Completed (retrial = false)
2024-04-24T00:51:35,153  INFO [main] ql.Driver: Created Hive schema: Schema(fieldSchemas:null, properties:null)
2024-04-24T00:51:35,153  INFO [main] metadata.Hive: Dumping metastore api call timing information for : compilation phase
2024-04-24T00:51:35,153  INFO [main] metadata.Hive: Total time spent in each metastore function (ms): {openTxn_(String, TxnType)=3, isCompatibleWith_(Configuration)=0, commitTxn_(CommitTxnRequest)=14, getValidTxns_(long)=0, getValidWriteIds_(List, String)=8, getDatabase_(String)=1, flushCache_()=0}
2024-04-24T00:51:35,153  INFO [main] ql.Driver: Completed compiling command(queryId=alex_20240424005135_e9b48adb-b9e0-401f-87c2-a951e7854f58); Time taken: 0.015 seconds
2024-04-24T00:51:35,153  INFO [main] lockmgr.DbTxnManager: Setting lock request transaction to txnid:7 for queryId=alex_20240424005135_e9b48adb-b9e0-401f-87c2-a951e7854f58
2024-04-24T00:51:35,153  INFO [main] lockmgr.DbLockManager: Requesting lock for queryId=alex_20240424005135_e9b48adb-b9e0-401f-87c2-a951e7854f58
2024-04-24T00:51:35,174  INFO [main] lockmgr.DbLockManager: Response to queryId=alex_20240424005135_e9b48adb-b9e0-401f-87c2-a951e7854f58 LockResponse(lockid:1, state:ACQUIRED)
2024-04-24T00:51:35,174  INFO [main] ql.Driver: Operation CREATETABLE obtained 1 locks
2024-04-24T00:51:35,175  INFO [main] ql.Driver: Executing command(queryId=alex_20240424005135_e9b48adb-b9e0-401f-87c2-a951e7854f58): create table acidTbl(a int, b int) clustered by (a) into 2 buckets stored as orc TBLPROPERTIES ('transactional'='true')
2024-04-24T00:51:35,175  INFO [main] ql.Driver: Starting task [Stage-0:DDL] in serial mode
2024-04-24T00:51:35,176  INFO [main] HiveMetaStore.audit: ugi=alex	ip=unknown-ip-addr	cmd=create_table_req: Table(tableName:acidTbl, dbName:default, owner:alex, createTime:1713945095, lastAccessTime:0, retention:0, sd:StorageDescriptor(cols:[FieldSchema(name:a, type:int, comment:null), FieldSchema(name:b, type:int, comment:null)], location:null, inputFormat:org.apache.hadoop.hive.ql.io.orc.OrcInputFormat, outputFormat:org.apache.hadoop.hive.ql.io.orc.OrcOutputFormat, compressed:false, numBuckets:2, serdeInfo:SerDeInfo(name:null, serializationLib:org.apache.hadoop.hive.ql.io.orc.OrcSerde, parameters:{serialization.format=1}), bucketCols:[a], sortCols:[], parameters:{}, skewedInfo:SkewedInfo(skewedColNames:[], skewedColValues:[], skewedColValueLocationMaps:{}), storedAsSubDirectories:false), partitionKeys:[], parameters:{COLUMN_STATS_ACCURATE={"BASIC_STATS":"true","COLUMN_STATS":{"a":"true","b":"true"}}, rawDataSize=0, numFilesErasureCoded=0, numFiles=0, bucketing_version=2, numRows=0, totalSize=0, transactional=true}, viewOriginalText:null, viewExpandedText:null, tableType:MANAGED_TABLE, privileges:PrincipalPrivilegeSet(userPrivileges:{alex=[PrivilegeGrantInfo(privilege:INSERT, createTime:-1, grantor:alex, grantorType:USER, grantOption:true), PrivilegeGrantInfo(privilege:SELECT, createTime:-1, grantor:alex, grantorType:USER, grantOption:true), PrivilegeGrantInfo(privilege:UPDATE, createTime:-1, grantor:alex, grantorType:USER, grantOption:true), PrivilegeGrantInfo(privilege:DELETE, createTime:-1, grantor:alex, grantorType:USER, grantOption:true)]}, groupPrivileges:null, rolePrivileges:null), temporary:false, catName:hive, ownerType:USER, writeId:0)	
2024-04-24T00:51:35,182  INFO [main] utils.FileUtils: Creating directory if it doesn't exist: file:/home/alex/Repositories/hive/ql/target/tmp/org.apache.hadoop.hive.ql.TestTxnExIm-1713945026909/warehouse/acidtbl
2024-04-24T00:51:35,375  INFO [main] metadata.Hive: Dumping metastore api call timing information for : execution phase
2024-04-24T00:51:35,375  INFO [main] metadata.Hive: Total time spent in each metastore function (ms): {createTable_(Table)=199, isCompatibleWith_(Configuration)=0}
2024-04-24T00:51:35,376  INFO [main] ql.Driver: Completed executing command(queryId=alex_20240424005135_e9b48adb-b9e0-401f-87c2-a951e7854f58); Time taken: 0.2 seconds
2024-04-24T00:51:35,376  INFO [main] lockmgr.DbTxnManager: Stopped heartbeat for query: alex_20240424005135_e9b48adb-b9e0-401f-87c2-a951e7854f58
2024-04-24T00:51:35,383  INFO [main] txn.TxnHandler: Expected to move at least one record from txn_components to completed_txn_components when committing txn! txnid:7
2024-04-24T00:51:35,390  INFO [main] txn.TxnHandler: Removed transactions: ([7]) from MIN_HISTORY_LEVEL
2024-04-24T00:51:35,390  WARN [main] txn.CompactionTxnHandler: No compaction queue record found for Compaction type transaction commit. txnId:7
2024-04-24T00:51:35,391  INFO [main] ql.TxnCommandsBaseForTests: Running the query: create table acidTblPart(a int, b int) partitioned by (p string) clustered by (a) into 2 buckets stored as orc TBLPROPERTIES ('transactional'='true')
2024-04-24T00:51:35,392  INFO [main] ql.Driver: Compiling command(queryId=alex_20240424005135_0b1f4058-d9db-42c7-9e27-5eb2a401efb4): create table acidTblPart(a int, b int) partitioned by (p string) clustered by (a) into 2 buckets stored as orc TBLPROPERTIES ('transactional'='true')
2024-04-24T00:51:35,395  INFO [main] txn.TxnHandler: Added entries to MIN_HISTORY_LEVEL for current txns: ([8]) with min_open_txn: 1
2024-04-24T00:51:35,396  INFO [main] lockmgr.DbTxnManager: Opened txnid:8
2024-04-24T00:51:35,396  INFO [main] parse.CalcitePlanner: Starting caching scope for: 
2024-04-24T00:51:35,396  INFO [main] parse.CalcitePlanner: Starting Semantic Analysis
2024-04-24T00:51:35,400  INFO [main] parse.CalcitePlanner: Creating table default.acidTblPart position=13
2024-04-24T00:51:35,400  INFO [main] HiveMetaStore.audit: ugi=alex	ip=unknown-ip-addr	cmd=get_database: default	
2024-04-24T00:51:35,403  INFO [main] parse.CalcitePlanner: Ending caching scope for: 
2024-04-24T00:51:35,403  INFO [main] ql.Driver: Semantic Analysis Completed (retrial = false)
2024-04-24T00:51:35,403  INFO [main] ql.Driver: Created Hive schema: Schema(fieldSchemas:null, properties:null)
2024-04-24T00:51:35,403  INFO [main] metadata.Hive: Dumping metastore api call timing information for : compilation phase
2024-04-24T00:51:35,404  INFO [main] metadata.Hive: Total time spent in each metastore function (ms): {getValidTxns_(long)=0, commitTxn_(CommitTxnRequest)=15, flushCache_()=0, openTxn_(String, TxnType)=3, isCompatibleWith_(Configuration)=0, getDatabase_(String)=3, getValidWriteIds_(List, String)=3}
2024-04-24T00:51:35,404  INFO [main] ql.Driver: Completed compiling command(queryId=alex_20240424005135_0b1f4058-d9db-42c7-9e27-5eb2a401efb4); Time taken: 0.011 seconds
2024-04-24T00:51:35,404  INFO [main] lockmgr.DbTxnManager: Setting lock request transaction to txnid:8 for queryId=alex_20240424005135_0b1f4058-d9db-42c7-9e27-5eb2a401efb4
2024-04-24T00:51:35,405  INFO [main] lockmgr.DbLockManager: Requesting lock for queryId=alex_20240424005135_0b1f4058-d9db-42c7-9e27-5eb2a401efb4
2024-04-24T00:51:35,422  INFO [main] lockmgr.DbLockManager: Response to queryId=alex_20240424005135_0b1f4058-d9db-42c7-9e27-5eb2a401efb4 LockResponse(lockid:2, state:ACQUIRED)
2024-04-24T00:51:35,422  INFO [main] ql.Driver: Operation CREATETABLE obtained 1 locks
2024-04-24T00:51:35,423  INFO [main] ql.Driver: Executing command(queryId=alex_20240424005135_0b1f4058-d9db-42c7-9e27-5eb2a401efb4): create table acidTblPart(a int, b int) partitioned by (p string) clustered by (a) into 2 buckets stored as orc TBLPROPERTIES ('transactional'='true')
2024-04-24T00:51:35,423  INFO [main] ql.Driver: Starting task [Stage-0:DDL] in serial mode
2024-04-24T00:51:35,424  INFO [main] HiveMetaStore.audit: ugi=alex	ip=unknown-ip-addr	cmd=create_table_req: Table(tableName:acidTblPart, dbName:default, owner:alex, createTime:1713945095, lastAccessTime:0, retention:0, sd:StorageDescriptor(cols:[FieldSchema(name:a, type:int, comment:null), FieldSchema(name:b, type:int, comment:null)], location:null, inputFormat:org.apache.hadoop.hive.ql.io.orc.OrcInputFormat, outputFormat:org.apache.hadoop.hive.ql.io.orc.OrcOutputFormat, compressed:false, numBuckets:2, serdeInfo:SerDeInfo(name:null, serializationLib:org.apache.hadoop.hive.ql.io.orc.OrcSerde, parameters:{serialization.format=1}), bucketCols:[a], sortCols:[], parameters:{}, skewedInfo:SkewedInfo(skewedColNames:[], skewedColValues:[], skewedColValueLocationMaps:{}), storedAsSubDirectories:false), partitionKeys:[FieldSchema(name:p, type:string, comment:null)], parameters:{transactional=true, bucketing_version=2}, viewOriginalText:null, viewExpandedText:null, tableType:MANAGED_TABLE, privileges:PrincipalPrivilegeSet(userPrivileges:{alex=[PrivilegeGrantInfo(privilege:INSERT, createTime:-1, grantor:alex, grantorType:USER, grantOption:true), PrivilegeGrantInfo(privilege:SELECT, createTime:-1, grantor:alex, grantorType:USER, grantOption:true), PrivilegeGrantInfo(privilege:UPDATE, createTime:-1, grantor:alex, grantorType:USER, grantOption:true), PrivilegeGrantInfo(privilege:DELETE, createTime:-1, grantor:alex, grantorType:USER, grantOption:true)]}, groupPrivileges:null, rolePrivileges:null), temporary:false, catName:hive, ownerType:USER, writeId:0)	
2024-04-24T00:51:35,431  INFO [main] utils.FileUtils: Creating directory if it doesn't exist: file:/home/alex/Repositories/hive/ql/target/tmp/org.apache.hadoop.hive.ql.TestTxnExIm-1713945026909/warehouse/acidtblpart
2024-04-24T00:51:35,453  INFO [main] metadata.Hive: Dumping metastore api call timing information for : execution phase
2024-04-24T00:51:35,453  INFO [main] metadata.Hive: Total time spent in each metastore function (ms): {createTable_(Table)=29, isCompatibleWith_(Configuration)=0}
2024-04-24T00:51:35,454  INFO [main] ql.Driver: Completed executing command(queryId=alex_20240424005135_0b1f4058-d9db-42c7-9e27-5eb2a401efb4); Time taken: 0.03 seconds
2024-04-24T00:51:35,454  INFO [main] lockmgr.DbTxnManager: Stopped heartbeat for query: alex_20240424005135_0b1f4058-d9db-42c7-9e27-5eb2a401efb4
2024-04-24T00:51:35,457  INFO [main] txn.TxnHandler: Expected to move at least one record from txn_components to completed_txn_components when committing txn! txnid:8
2024-04-24T00:51:35,462  INFO [main] txn.TxnHandler: Removed transactions: ([8]) from MIN_HISTORY_LEVEL
2024-04-24T00:51:35,462  WARN [main] txn.CompactionTxnHandler: No compaction queue record found for Compaction type transaction commit. txnId:8
2024-04-24T00:51:35,463  INFO [main] ql.TxnCommandsBaseForTests: Running the query: create table nonAcidOrcTbl(a int, b int) clustered by (a) into 2 buckets stored as orc TBLPROPERTIES ('transactional'='false')
2024-04-24T00:51:35,463  INFO [main] ql.Driver: Compiling command(queryId=alex_20240424005135_bf30ecc3-b0b6-4cd3-acda-80585407c992): create table nonAcidOrcTbl(a int, b int) clustered by (a) into 2 buckets stored as orc TBLPROPERTIES ('transactional'='false')
2024-04-24T00:51:35,466  INFO [main] txn.TxnHandler: Added entries to MIN_HISTORY_LEVEL for current txns: ([9]) with min_open_txn: 1
2024-04-24T00:51:35,466  INFO [main] lockmgr.DbTxnManager: Opened txnid:9
2024-04-24T00:51:35,466  INFO [main] parse.CalcitePlanner: Starting caching scope for: 
2024-04-24T00:51:35,466  INFO [main] parse.CalcitePlanner: Starting Semantic Analysis
2024-04-24T00:51:35,468  INFO [main] parse.CalcitePlanner: Creating table default.nonAcidOrcTbl position=13
2024-04-24T00:51:35,469  INFO [main] HiveMetaStore.audit: ugi=alex	ip=unknown-ip-addr	cmd=get_database: default	
2024-04-24T00:51:35,470  INFO [main] parse.CalcitePlanner: Ending caching scope for: 
2024-04-24T00:51:35,470  INFO [main] ql.Driver: Semantic Analysis Completed (retrial = false)
2024-04-24T00:51:35,470  INFO [main] ql.Driver: Created Hive schema: Schema(fieldSchemas:null, properties:null)
2024-04-24T00:51:35,470  INFO [main] metadata.Hive: Dumping metastore api call timing information for : compilation phase
2024-04-24T00:51:35,471  INFO [main] metadata.Hive: Total time spent in each metastore function (ms): {flushCache_()=0, commitTxn_(CommitTxnRequest)=9, getDatabase_(String)=2, getValidTxns_(long)=0, isCompatibleWith_(Configuration)=0, openTxn_(String, TxnType)=2, getValidWriteIds_(List, String)=2}
2024-04-24T00:51:35,471  INFO [main] ql.Driver: Completed compiling command(queryId=alex_20240424005135_bf30ecc3-b0b6-4cd3-acda-80585407c992); Time taken: 0.007 seconds
2024-04-24T00:51:35,471  INFO [main] lockmgr.DbTxnManager: Setting lock request transaction to txnid:9 for queryId=alex_20240424005135_bf30ecc3-b0b6-4cd3-acda-80585407c992
2024-04-24T00:51:35,471  INFO [main] lockmgr.DbLockManager: Requesting lock for queryId=alex_20240424005135_bf30ecc3-b0b6-4cd3-acda-80585407c992
2024-04-24T00:51:35,485  INFO [main] lockmgr.DbLockManager: Response to queryId=alex_20240424005135_bf30ecc3-b0b6-4cd3-acda-80585407c992 LockResponse(lockid:3, state:ACQUIRED)
2024-04-24T00:51:35,485  INFO [main] ql.Driver: Operation CREATETABLE obtained 1 locks
2024-04-24T00:51:35,485  INFO [main] ql.Driver: Executing command(queryId=alex_20240424005135_bf30ecc3-b0b6-4cd3-acda-80585407c992): create table nonAcidOrcTbl(a int, b int) clustered by (a) into 2 buckets stored as orc TBLPROPERTIES ('transactional'='false')
2024-04-24T00:51:35,485  INFO [main] ql.Driver: Starting task [Stage-0:DDL] in serial mode
2024-04-24T00:51:35,486  INFO [main] HiveMetaStore.audit: ugi=alex	ip=unknown-ip-addr	cmd=create_table_req: Table(tableName:nonAcidOrcTbl, dbName:default, owner:alex, createTime:1713945095, lastAccessTime:0, retention:0, sd:StorageDescriptor(cols:[FieldSchema(name:a, type:int, comment:null), FieldSchema(name:b, type:int, comment:null)], location:null, inputFormat:org.apache.hadoop.hive.ql.io.orc.OrcInputFormat, outputFormat:org.apache.hadoop.hive.ql.io.orc.OrcOutputFormat, compressed:false, numBuckets:2, serdeInfo:SerDeInfo(name:null, serializationLib:org.apache.hadoop.hive.ql.io.orc.OrcSerde, parameters:{serialization.format=1}), bucketCols:[a], sortCols:[], parameters:{}, skewedInfo:SkewedInfo(skewedColNames:[], skewedColValues:[], skewedColValueLocationMaps:{}), storedAsSubDirectories:false), partitionKeys:[], parameters:{numFilesErasureCoded=0, bucketing_version=2, totalSize=0, transactional=false, COLUMN_STATS_ACCURATE={"BASIC_STATS":"true","COLUMN_STATS":{"a":"true","b":"true"}}, rawDataSize=0, numRows=0, numFiles=0}, viewOriginalText:null, viewExpandedText:null, tableType:MANAGED_TABLE, privileges:PrincipalPrivilegeSet(userPrivileges:{alex=[PrivilegeGrantInfo(privilege:INSERT, createTime:-1, grantor:alex, grantorType:USER, grantOption:true), PrivilegeGrantInfo(privilege:SELECT, createTime:-1, grantor:alex, grantorType:USER, grantOption:true), PrivilegeGrantInfo(privilege:UPDATE, createTime:-1, grantor:alex, grantorType:USER, grantOption:true), PrivilegeGrantInfo(privilege:DELETE, createTime:-1, grantor:alex, grantorType:USER, grantOption:true)]}, groupPrivileges:null, rolePrivileges:null), temporary:false, catName:hive, ownerType:USER)	
2024-04-24T00:51:35,492  INFO [main] utils.FileUtils: Creating directory if it doesn't exist: file:/home/alex/Repositories/hive/ql/target/tmp/org.apache.hadoop.hive.ql.TestTxnExIm-1713945026909/warehouse/nonacidorctbl
2024-04-24T00:51:35,511  INFO [main] metadata.Hive: Dumping metastore api call timing information for : execution phase
2024-04-24T00:51:35,511  INFO [main] metadata.Hive: Total time spent in each metastore function (ms): {createTable_(Table)=24, isCompatibleWith_(Configuration)=0}
2024-04-24T00:51:35,511  INFO [main] ql.Driver: Completed executing command(queryId=alex_20240424005135_bf30ecc3-b0b6-4cd3-acda-80585407c992); Time taken: 0.026 seconds
2024-04-24T00:51:35,511  INFO [main] lockmgr.DbTxnManager: Stopped heartbeat for query: alex_20240424005135_bf30ecc3-b0b6-4cd3-acda-80585407c992
2024-04-24T00:51:35,515  INFO [main] txn.TxnHandler: Expected to move at least one record from txn_components to completed_txn_components when committing txn! txnid:9
2024-04-24T00:51:35,520  INFO [main] txn.TxnHandler: Removed transactions: ([9]) from MIN_HISTORY_LEVEL
2024-04-24T00:51:35,520  WARN [main] txn.CompactionTxnHandler: No compaction queue record found for Compaction type transaction commit. txnId:9
2024-04-24T00:51:35,521  INFO [main] ql.TxnCommandsBaseForTests: Running the query: create table nonAcidOrcTbl2(a int, b int) clustered by (a) into 2 buckets stored as orc TBLPROPERTIES ('transactional'='false')
2024-04-24T00:51:35,521  INFO [main] ql.Driver: Compiling command(queryId=alex_20240424005135_adf6f5de-c316-429d-be1a-1805b4c0b526): create table nonAcidOrcTbl2(a int, b int) clustered by (a) into 2 buckets stored as orc TBLPROPERTIES ('transactional'='false')
2024-04-24T00:51:35,524  INFO [main] txn.TxnHandler: Added entries to MIN_HISTORY_LEVEL for current txns: ([10]) with min_open_txn: 1
2024-04-24T00:51:35,524  INFO [main] lockmgr.DbTxnManager: Opened txnid:10
2024-04-24T00:51:35,525  INFO [main] parse.CalcitePlanner: Starting caching scope for: 
2024-04-24T00:51:35,525  INFO [main] parse.CalcitePlanner: Starting Semantic Analysis
2024-04-24T00:51:35,527  INFO [main] parse.CalcitePlanner: Creating table default.nonAcidOrcTbl2 position=13
2024-04-24T00:51:35,527  INFO [main] HiveMetaStore.audit: ugi=alex	ip=unknown-ip-addr	cmd=get_database: default	
2024-04-24T00:51:35,529  INFO [main] parse.CalcitePlanner: Ending caching scope for: 
2024-04-24T00:51:35,530  INFO [main] ql.Driver: Semantic Analysis Completed (retrial = false)
2024-04-24T00:51:35,530  INFO [main] ql.Driver: Created Hive schema: Schema(fieldSchemas:null, properties:null)
2024-04-24T00:51:35,530  INFO [main] metadata.Hive: Dumping metastore api call timing information for : compilation phase
2024-04-24T00:51:35,530  INFO [main] metadata.Hive: Total time spent in each metastore function (ms): {getDatabase_(String)=2, openTxn_(String, TxnType)=2, commitTxn_(CommitTxnRequest)=10, getValidTxns_(long)=1, flushCache_()=0, isCompatibleWith_(Configuration)=0, getValidWriteIds_(List, String)=2}
2024-04-24T00:51:35,530  INFO [main] ql.Driver: Completed compiling command(queryId=alex_20240424005135_adf6f5de-c316-429d-be1a-1805b4c0b526); Time taken: 0.009 seconds
2024-04-24T00:51:35,530  INFO [main] lockmgr.DbTxnManager: Setting lock request transaction to txnid:10 for queryId=alex_20240424005135_adf6f5de-c316-429d-be1a-1805b4c0b526
2024-04-24T00:51:35,531  INFO [main] lockmgr.DbLockManager: Requesting lock for queryId=alex_20240424005135_adf6f5de-c316-429d-be1a-1805b4c0b526
2024-04-24T00:51:35,547  INFO [main] lockmgr.DbLockManager: Response to queryId=alex_20240424005135_adf6f5de-c316-429d-be1a-1805b4c0b526 LockResponse(lockid:4, state:ACQUIRED)
2024-04-24T00:51:35,547  INFO [main] ql.Driver: Operation CREATETABLE obtained 1 locks
2024-04-24T00:51:35,547  INFO [main] ql.Driver: Executing command(queryId=alex_20240424005135_adf6f5de-c316-429d-be1a-1805b4c0b526): create table nonAcidOrcTbl2(a int, b int) clustered by (a) into 2 buckets stored as orc TBLPROPERTIES ('transactional'='false')
2024-04-24T00:51:35,547  INFO [main] ql.Driver: Starting task [Stage-0:DDL] in serial mode
2024-04-24T00:51:35,549  INFO [main] HiveMetaStore.audit: ugi=alex	ip=unknown-ip-addr	cmd=create_table_req: Table(tableName:nonAcidOrcTbl2, dbName:default, owner:alex, createTime:1713945095, lastAccessTime:0, retention:0, sd:StorageDescriptor(cols:[FieldSchema(name:a, type:int, comment:null), FieldSchema(name:b, type:int, comment:null)], location:null, inputFormat:org.apache.hadoop.hive.ql.io.orc.OrcInputFormat, outputFormat:org.apache.hadoop.hive.ql.io.orc.OrcOutputFormat, compressed:false, numBuckets:2, serdeInfo:SerDeInfo(name:null, serializationLib:org.apache.hadoop.hive.ql.io.orc.OrcSerde, parameters:{serialization.format=1}), bucketCols:[a], sortCols:[], parameters:{}, skewedInfo:SkewedInfo(skewedColNames:[], skewedColValues:[], skewedColValueLocationMaps:{}), storedAsSubDirectories:false), partitionKeys:[], parameters:{numRows=0, bucketing_version=2, numFilesErasureCoded=0, numFiles=0, totalSize=0, rawDataSize=0, transactional=false, COLUMN_STATS_ACCURATE={"BASIC_STATS":"true","COLUMN_STATS":{"a":"true","b":"true"}}}, viewOriginalText:null, viewExpandedText:null, tableType:MANAGED_TABLE, privileges:PrincipalPrivilegeSet(userPrivileges:{alex=[PrivilegeGrantInfo(privilege:INSERT, createTime:-1, grantor:alex, grantorType:USER, grantOption:true), PrivilegeGrantInfo(privilege:SELECT, createTime:-1, grantor:alex, grantorType:USER, grantOption:true), PrivilegeGrantInfo(privilege:UPDATE, createTime:-1, grantor:alex, grantorType:USER, grantOption:true), PrivilegeGrantInfo(privilege:DELETE, createTime:-1, grantor:alex, grantorType:USER, grantOption:true)]}, groupPrivileges:null, rolePrivileges:null), temporary:false, catName:hive, ownerType:USER)	
2024-04-24T00:51:35,558  INFO [main] utils.FileUtils: Creating directory if it doesn't exist: file:/home/alex/Repositories/hive/ql/target/tmp/org.apache.hadoop.hive.ql.TestTxnExIm-1713945026909/warehouse/nonacidorctbl2
2024-04-24T00:51:35,580  INFO [main] metadata.Hive: Dumping metastore api call timing information for : execution phase
2024-04-24T00:51:35,580  INFO [main] metadata.Hive: Total time spent in each metastore function (ms): {isCompatibleWith_(Configuration)=0, createTable_(Table)=32}
2024-04-24T00:51:35,581  INFO [main] ql.Driver: Completed executing command(queryId=alex_20240424005135_adf6f5de-c316-429d-be1a-1805b4c0b526); Time taken: 0.033 seconds
2024-04-24T00:51:35,581  INFO [main] lockmgr.DbTxnManager: Stopped heartbeat for query: alex_20240424005135_adf6f5de-c316-429d-be1a-1805b4c0b526
2024-04-24T00:51:35,584  INFO [main] txn.TxnHandler: Expected to move at least one record from txn_components to completed_txn_components when committing txn! txnid:10
2024-04-24T00:51:35,590  INFO [main] txn.TxnHandler: Removed transactions: ([10]) from MIN_HISTORY_LEVEL
2024-04-24T00:51:35,590  WARN [main] txn.CompactionTxnHandler: No compaction queue record found for Compaction type transaction commit. txnId:10
2024-04-24T00:51:35,591  INFO [main] ql.TxnCommandsBaseForTests: Running the query: create temporary  table acidTbl2(a int, b int, c int) clustered by (c) into 2 buckets stored as orc TBLPROPERTIES ('transactional'='true')
2024-04-24T00:51:35,591  INFO [main] ql.Driver: Compiling command(queryId=alex_20240424005135_2d45daa5-53a8-4bb9-b183-238274680878): create temporary  table acidTbl2(a int, b int, c int) clustered by (c) into 2 buckets stored as orc TBLPROPERTIES ('transactional'='true')
2024-04-24T00:51:35,594  INFO [main] txn.TxnHandler: Added entries to MIN_HISTORY_LEVEL for current txns: ([11]) with min_open_txn: 1
2024-04-24T00:51:35,595  INFO [main] lockmgr.DbTxnManager: Opened txnid:11
2024-04-24T00:51:35,595  INFO [main] parse.CalcitePlanner: Starting caching scope for: 
2024-04-24T00:51:35,595  INFO [main] parse.CalcitePlanner: Starting Semantic Analysis
2024-04-24T00:51:35,597  INFO [main] parse.CalcitePlanner: Creating table default.acidTbl2 position=24
2024-04-24T00:51:35,598  INFO [main] HiveMetaStore.audit: ugi=alex	ip=unknown-ip-addr	cmd=get_database: default	
2024-04-24T00:51:35,599  INFO [main] parse.CalcitePlanner: Ending caching scope for: 
2024-04-24T00:51:35,599  INFO [main] ql.Driver: Semantic Analysis Completed (retrial = false)
2024-04-24T00:51:35,600  INFO [main] ql.Driver: Created Hive schema: Schema(fieldSchemas:null, properties:null)
2024-04-24T00:51:35,600  INFO [main] metadata.Hive: Dumping metastore api call timing information for : compilation phase
2024-04-24T00:51:35,600  INFO [main] metadata.Hive: Total time spent in each metastore function (ms): {commitTxn_(CommitTxnRequest)=9, getValidWriteIds_(List, String)=1, getValidTxns_(long)=0, getDatabase_(String)=1, openTxn_(String, TxnType)=3, flushCache_()=0, isCompatibleWith_(Configuration)=1}
2024-04-24T00:51:35,600  INFO [main] ql.Driver: Completed compiling command(queryId=alex_20240424005135_2d45daa5-53a8-4bb9-b183-238274680878); Time taken: 0.009 seconds
2024-04-24T00:51:35,600  INFO [main] lockmgr.DbTxnManager: Setting lock request transaction to txnid:11 for queryId=alex_20240424005135_2d45daa5-53a8-4bb9-b183-238274680878
2024-04-24T00:51:35,601  INFO [main] lockmgr.DbLockManager: Requesting lock for queryId=alex_20240424005135_2d45daa5-53a8-4bb9-b183-238274680878
2024-04-24T00:51:35,614  INFO [main] lockmgr.DbLockManager: Response to queryId=alex_20240424005135_2d45daa5-53a8-4bb9-b183-238274680878 LockResponse(lockid:5, state:ACQUIRED)
2024-04-24T00:51:35,614  INFO [main] ql.Driver: Operation CREATETABLE obtained 1 locks
2024-04-24T00:51:35,615  INFO [main] ql.Driver: Executing command(queryId=alex_20240424005135_2d45daa5-53a8-4bb9-b183-238274680878): create temporary  table acidTbl2(a int, b int, c int) clustered by (c) into 2 buckets stored as orc TBLPROPERTIES ('transactional'='true')
2024-04-24T00:51:35,615  INFO [main] ql.Driver: Starting task [Stage-0:DDL] in serial mode
2024-04-24T00:51:35,616  INFO [main] utils.FileUtils: Creating directory if it doesn't exist: file:/home/alex/Repositories/hive/ql/target/tmp/scratchdir/alex/1886a1d9-c44c-480e-9498-5ad1dc64a6f5/_tmp_space.db/b7b4e05a-2958-4098-83d8-2897812a24ed
2024-04-24T00:51:35,619  INFO [main] metadata.Hive: Dumping metastore api call timing information for : execution phase
2024-04-24T00:51:35,619  INFO [main] metadata.Hive: Total time spent in each metastore function (ms): {createTable_(Table)=3, isCompatibleWith_(Configuration)=0}
2024-04-24T00:51:35,620  INFO [main] ql.Driver: Completed executing command(queryId=alex_20240424005135_2d45daa5-53a8-4bb9-b183-238274680878); Time taken: 0.004 seconds
2024-04-24T00:51:35,620  INFO [main] lockmgr.DbTxnManager: Stopped heartbeat for query: alex_20240424005135_2d45daa5-53a8-4bb9-b183-238274680878
2024-04-24T00:51:35,623  INFO [main] txn.TxnHandler: Expected to move at least one record from txn_components to completed_txn_components when committing txn! txnid:11
2024-04-24T00:51:35,629  INFO [main] txn.TxnHandler: Removed transactions: ([11]) from MIN_HISTORY_LEVEL
2024-04-24T00:51:35,629  WARN [main] txn.CompactionTxnHandler: No compaction queue record found for Compaction type transaction commit. txnId:11
2024-04-24T00:51:35,630  INFO [main] ql.TxnCommandsBaseForTests: Running the query: create table nonAcidNonBucket(a int, b int) stored as orc TBLPROPERTIES ('transactional'='false')
2024-04-24T00:51:35,630  INFO [main] ql.Driver: Compiling command(queryId=alex_20240424005135_658d31fd-d0bc-4f19-8a90-14293e9c0cc4): create table nonAcidNonBucket(a int, b int) stored as orc TBLPROPERTIES ('transactional'='false')
2024-04-24T00:51:35,633  INFO [main] txn.TxnHandler: Added entries to MIN_HISTORY_LEVEL for current txns: ([12]) with min_open_txn: 1
2024-04-24T00:51:35,633  INFO [main] lockmgr.DbTxnManager: Opened txnid:12
2024-04-24T00:51:35,634  INFO [main] parse.CalcitePlanner: Starting caching scope for: 
2024-04-24T00:51:35,634  INFO [main] parse.CalcitePlanner: Starting Semantic Analysis
2024-04-24T00:51:35,636  INFO [main] parse.CalcitePlanner: Creating table default.nonAcidNonBucket position=13
2024-04-24T00:51:35,636  INFO [main] HiveMetaStore.audit: ugi=alex	ip=unknown-ip-addr	cmd=get_database: default	
2024-04-24T00:51:35,638  INFO [main] parse.CalcitePlanner: Ending caching scope for: 
2024-04-24T00:51:35,638  INFO [main] ql.Driver: Semantic Analysis Completed (retrial = false)
2024-04-24T00:51:35,638  INFO [main] ql.Driver: Created Hive schema: Schema(fieldSchemas:null, properties:null)
2024-04-24T00:51:35,638  INFO [main] metadata.Hive: Dumping metastore api call timing information for : compilation phase
2024-04-24T00:51:35,639  INFO [main] metadata.Hive: Total time spent in each metastore function (ms): {isCompatibleWith_(Configuration)=0, commitTxn_(CommitTxnRequest)=9, getDatabase_(String)=2, openTxn_(String, TxnType)=2, flushCache_()=0, getValidWriteIds_(List, String)=2, getValidTxns_(long)=1}
2024-04-24T00:51:35,639  INFO [main] ql.Driver: Completed compiling command(queryId=alex_20240424005135_658d31fd-d0bc-4f19-8a90-14293e9c0cc4); Time taken: 0.008 seconds
2024-04-24T00:51:35,639  INFO [main] lockmgr.DbTxnManager: Setting lock request transaction to txnid:12 for queryId=alex_20240424005135_658d31fd-d0bc-4f19-8a90-14293e9c0cc4
2024-04-24T00:51:35,639  INFO [main] lockmgr.DbLockManager: Requesting lock for queryId=alex_20240424005135_658d31fd-d0bc-4f19-8a90-14293e9c0cc4
2024-04-24T00:51:35,654  INFO [main] lockmgr.DbLockManager: Response to queryId=alex_20240424005135_658d31fd-d0bc-4f19-8a90-14293e9c0cc4 LockResponse(lockid:6, state:ACQUIRED)
2024-04-24T00:51:35,654  INFO [main] ql.Driver: Operation CREATETABLE obtained 1 locks
2024-04-24T00:51:35,655  INFO [main] ql.Driver: Executing command(queryId=alex_20240424005135_658d31fd-d0bc-4f19-8a90-14293e9c0cc4): create table nonAcidNonBucket(a int, b int) stored as orc TBLPROPERTIES ('transactional'='false')
2024-04-24T00:51:35,655  INFO [main] ql.Driver: Starting task [Stage-0:DDL] in serial mode
2024-04-24T00:51:35,656  INFO [main] HiveMetaStore.audit: ugi=alex	ip=unknown-ip-addr	cmd=create_table_req: Table(tableName:nonAcidNonBucket, dbName:default, owner:alex, createTime:1713945095, lastAccessTime:0, retention:0, sd:StorageDescriptor(cols:[FieldSchema(name:a, type:int, comment:null), FieldSchema(name:b, type:int, comment:null)], location:null, inputFormat:org.apache.hadoop.hive.ql.io.orc.OrcInputFormat, outputFormat:org.apache.hadoop.hive.ql.io.orc.OrcOutputFormat, compressed:false, numBuckets:-1, serdeInfo:SerDeInfo(name:null, serializationLib:org.apache.hadoop.hive.ql.io.orc.OrcSerde, parameters:{serialization.format=1}), bucketCols:[], sortCols:[], parameters:{}, skewedInfo:SkewedInfo(skewedColNames:[], skewedColValues:[], skewedColValueLocationMaps:{}), storedAsSubDirectories:false), partitionKeys:[], parameters:{numFiles=0, transactional=false, COLUMN_STATS_ACCURATE={"BASIC_STATS":"true","COLUMN_STATS":{"a":"true","b":"true"}}, numRows=0, totalSize=0, bucketing_version=2, rawDataSize=0, numFilesErasureCoded=0}, viewOriginalText:null, viewExpandedText:null, tableType:MANAGED_TABLE, privileges:PrincipalPrivilegeSet(userPrivileges:{alex=[PrivilegeGrantInfo(privilege:INSERT, createTime:-1, grantor:alex, grantorType:USER, grantOption:true), PrivilegeGrantInfo(privilege:SELECT, createTime:-1, grantor:alex, grantorType:USER, grantOption:true), PrivilegeGrantInfo(privilege:UPDATE, createTime:-1, grantor:alex, grantorType:USER, grantOption:true), PrivilegeGrantInfo(privilege:DELETE, createTime:-1, grantor:alex, grantorType:USER, grantOption:true)]}, groupPrivileges:null, rolePrivileges:null), temporary:false, catName:hive, ownerType:USER)	
2024-04-24T00:51:35,663  INFO [main] utils.FileUtils: Creating directory if it doesn't exist: file:/home/alex/Repositories/hive/ql/target/tmp/org.apache.hadoop.hive.ql.TestTxnExIm-1713945026909/warehouse/nonacidnonbucket
2024-04-24T00:51:35,679  INFO [main] metadata.Hive: Dumping metastore api call timing information for : execution phase
2024-04-24T00:51:35,679  INFO [main] metadata.Hive: Total time spent in each metastore function (ms): {isCompatibleWith_(Configuration)=0, createTable_(Table)=24}
2024-04-24T00:51:35,679  INFO [main] ql.Driver: Completed executing command(queryId=alex_20240424005135_658d31fd-d0bc-4f19-8a90-14293e9c0cc4); Time taken: 0.024 seconds
2024-04-24T00:51:35,679  INFO [main] lockmgr.DbTxnManager: Stopped heartbeat for query: alex_20240424005135_658d31fd-d0bc-4f19-8a90-14293e9c0cc4
2024-04-24T00:51:35,684  INFO [main] txn.TxnHandler: Expected to move at least one record from txn_components to completed_txn_components when committing txn! txnid:12
2024-04-24T00:51:35,690  INFO [main] txn.TxnHandler: Removed transactions: ([12]) from MIN_HISTORY_LEVEL
2024-04-24T00:51:35,690  WARN [main] txn.CompactionTxnHandler: No compaction queue record found for Compaction type transaction commit. txnId:12
2024-04-24T00:51:35,691  INFO [main] ql.TxnCommandsBaseForTests: Running the query: drop table if exists T
2024-04-24T00:51:35,691  INFO [main] ql.Driver: Compiling command(queryId=alex_20240424005135_046d4767-7dd3-4e86-9d31-1c1fa160eece): drop table if exists T
2024-04-24T00:51:35,694  INFO [main] txn.TxnHandler: Added entries to MIN_HISTORY_LEVEL for current txns: ([13]) with min_open_txn: 1
2024-04-24T00:51:35,694  INFO [main] lockmgr.DbTxnManager: Opened txnid:13
2024-04-24T00:51:35,695  INFO [main] HiveMetaStore.audit: ugi=alex	ip=unknown-ip-addr	cmd=get_table : tbl=hive.default.T	
2024-04-24T00:51:35,717  INFO [main] metastore.HMSHandler: Skipping translation for processor with null
2024-04-24T00:51:35,717  INFO [main] ql.Driver: Semantic Analysis Completed (retrial = false)
2024-04-24T00:51:35,717  INFO [main] ql.Driver: Created Hive schema: Schema(fieldSchemas:null, properties:null)
2024-04-24T00:51:35,717  INFO [main] metadata.Hive: Dumping metastore api call timing information for : compilation phase
2024-04-24T00:51:35,718  INFO [main] metadata.Hive: Total time spent in each metastore function (ms): {flushCache_()=0, commitTxn_(CommitTxnRequest)=11, getTable_(GetTableRequest)=22, openTxn_(String, TxnType)=2, getValidTxns_(long)=1, isCompatibleWith_(Configuration)=1}
2024-04-24T00:51:35,718  INFO [main] ql.Driver: Completed compiling command(queryId=alex_20240424005135_046d4767-7dd3-4e86-9d31-1c1fa160eece); Time taken: 0.026 seconds
2024-04-24T00:51:35,718  INFO [main] lockmgr.DbTxnManager: Setting lock request transaction to txnid:13 for queryId=alex_20240424005135_046d4767-7dd3-4e86-9d31-1c1fa160eece
2024-04-24T00:51:35,719  INFO [main] lockmgr.DbLockManager: Requesting lock for queryId=alex_20240424005135_046d4767-7dd3-4e86-9d31-1c1fa160eece
2024-04-24T00:51:35,734  INFO [main] lockmgr.DbLockManager: Response to queryId=alex_20240424005135_046d4767-7dd3-4e86-9d31-1c1fa160eece LockResponse(lockid:7, state:ACQUIRED)
2024-04-24T00:51:35,734  INFO [main] ql.Driver: Operation DROPTABLE obtained 1 locks
2024-04-24T00:51:35,734  INFO [main] ql.Driver: Executing command(queryId=alex_20240424005135_046d4767-7dd3-4e86-9d31-1c1fa160eece): drop table if exists T
2024-04-24T00:51:35,734  INFO [main] ql.Driver: Starting task [Stage-0:DDL] in serial mode
2024-04-24T00:51:35,735  INFO [main] HiveMetaStore.audit: ugi=alex	ip=unknown-ip-addr	cmd=get_table : tbl=hive.default.T	
2024-04-24T00:51:35,742  INFO [main] metastore.HMSHandler: Skipping translation for processor with null
2024-04-24T00:51:35,742  INFO [main] HiveMetaStore.audit: ugi=alex	ip=unknown-ip-addr	cmd=get_table : tbl=hive.default.T	
2024-04-24T00:51:35,751  INFO [main] metastore.HMSHandler: Skipping translation for processor with null
2024-04-24T00:51:35,751  INFO [main] HiveMetaStore.audit: ugi=alex	ip=unknown-ip-addr	cmd=drop_table : tbl=hive.default.T	
2024-04-24T00:51:35,909  WARN [main] utils.FileUtils: File file:/home/alex/Repositories/hive/ql/target/tmp/org.apache.hadoop.hive.ql.TestTxnExIm-1713945026909/warehouse/t does not exist; Force to delete it.
2024-04-24T00:51:35,909 ERROR [main] utils.FileUtils: Failed to delete file:/home/alex/Repositories/hive/ql/target/tmp/org.apache.hadoop.hive.ql.TestTxnExIm-1713945026909/warehouse/t
2024-04-24T00:51:35,909  INFO [main] metadata.Hive: Dumping metastore api call timing information for : execution phase
2024-04-24T00:51:35,909  INFO [main] metadata.Hive: Total time spent in each metastore function (ms): {isCompatibleWith_(Configuration)=0, dropTable_(String, String, boolean, boolean, boolean)=167, getTable_(GetTableRequest)=8}
2024-04-24T00:51:35,909  INFO [main] ql.Driver: Completed executing command(queryId=alex_20240424005135_046d4767-7dd3-4e86-9d31-1c1fa160eece); Time taken: 0.175 seconds
2024-04-24T00:51:35,909  INFO [main] lockmgr.DbTxnManager: Stopped heartbeat for query: alex_20240424005135_046d4767-7dd3-4e86-9d31-1c1fa160eece
2024-04-24T00:51:35,913  INFO [main] txn.TxnHandler: Expected to move at least one record from txn_components to completed_txn_components when committing txn! txnid:13
2024-04-24T00:51:35,919  INFO [main] txn.TxnHandler: Removed transactions: ([13]) from MIN_HISTORY_LEVEL
2024-04-24T00:51:35,920  WARN [main] txn.CompactionTxnHandler: No compaction queue record found for Compaction type transaction commit. txnId:13
2024-04-24T00:51:35,921  INFO [main] ql.TxnCommandsBaseForTests: Running the query: drop table if exists Tstage
2024-04-24T00:51:35,921  INFO [main] ql.Driver: Compiling command(queryId=alex_20240424005135_a7fcd4eb-f739-4040-b969-118d40ad832b): drop table if exists Tstage
2024-04-24T00:51:35,923  INFO [main] txn.TxnHandler: Added entries to MIN_HISTORY_LEVEL for current txns: ([14]) with min_open_txn: 1
2024-04-24T00:51:35,924  INFO [main] lockmgr.DbTxnManager: Opened txnid:14
2024-04-24T00:51:35,924  INFO [main] HiveMetaStore.audit: ugi=alex	ip=unknown-ip-addr	cmd=get_table : tbl=hive.default.Tstage	
2024-04-24T00:51:35,932  INFO [main] metastore.HMSHandler: Skipping translation for processor with null
2024-04-24T00:51:35,932  INFO [main] ql.Driver: Semantic Analysis Completed (retrial = false)
2024-04-24T00:51:35,932  INFO [main] ql.Driver: Created Hive schema: Schema(fieldSchemas:null, properties:null)
2024-04-24T00:51:35,932  INFO [main] metadata.Hive: Dumping metastore api call timing information for : compilation phase
2024-04-24T00:51:35,932  INFO [main] metadata.Hive: Total time spent in each metastore function (ms): {isCompatibleWith_(Configuration)=1, commitTxn_(CommitTxnRequest)=11, openTxn_(String, TxnType)=2, getValidTxns_(long)=0, flushCache_()=1, getTable_(GetTableRequest)=8}
2024-04-24T00:51:35,933  INFO [main] ql.Driver: Completed compiling command(queryId=alex_20240424005135_a7fcd4eb-f739-4040-b969-118d40ad832b); Time taken: 0.011 seconds
2024-04-24T00:51:35,933  INFO [main] lockmgr.DbTxnManager: Setting lock request transaction to txnid:14 for queryId=alex_20240424005135_a7fcd4eb-f739-4040-b969-118d40ad832b
2024-04-24T00:51:35,933  INFO [main] lockmgr.DbLockManager: Requesting lock for queryId=alex_20240424005135_a7fcd4eb-f739-4040-b969-118d40ad832b
2024-04-24T00:51:35,947  INFO [main] lockmgr.DbLockManager: Response to queryId=alex_20240424005135_a7fcd4eb-f739-4040-b969-118d40ad832b LockResponse(lockid:8, state:ACQUIRED)
2024-04-24T00:51:35,947  INFO [main] ql.Driver: Operation DROPTABLE obtained 1 locks
2024-04-24T00:51:35,947  INFO [main] ql.Driver: Executing command(queryId=alex_20240424005135_a7fcd4eb-f739-4040-b969-118d40ad832b): drop table if exists Tstage
2024-04-24T00:51:35,947  INFO [main] ql.Driver: Starting task [Stage-0:DDL] in serial mode
2024-04-24T00:51:35,947  INFO [main] HiveMetaStore.audit: ugi=alex	ip=unknown-ip-addr	cmd=get_table : tbl=hive.default.Tstage	
2024-04-24T00:51:35,955  INFO [main] metastore.HMSHandler: Skipping translation for processor with null
2024-04-24T00:51:35,955  INFO [main] HiveMetaStore.audit: ugi=alex	ip=unknown-ip-addr	cmd=get_table : tbl=hive.default.Tstage	
2024-04-24T00:51:35,962  INFO [main] metastore.HMSHandler: Skipping translation for processor with null
2024-04-24T00:51:35,962  INFO [main] HiveMetaStore.audit: ugi=alex	ip=unknown-ip-addr	cmd=drop_table : tbl=hive.default.Tstage	
2024-04-24T00:51:36,039  WARN [main] utils.FileUtils: File file:/home/alex/Repositories/hive/ql/target/tmp/org.apache.hadoop.hive.ql.TestTxnExIm-1713945026909/warehouse/tstage does not exist; Force to delete it.
2024-04-24T00:51:36,039 ERROR [main] utils.FileUtils: Failed to delete file:/home/alex/Repositories/hive/ql/target/tmp/org.apache.hadoop.hive.ql.TestTxnExIm-1713945026909/warehouse/tstage
2024-04-24T00:51:36,039  INFO [main] metadata.Hive: Dumping metastore api call timing information for : execution phase
2024-04-24T00:51:36,039  INFO [main] metadata.Hive: Total time spent in each metastore function (ms): {isCompatibleWith_(Configuration)=0, dropTable_(String, String, boolean, boolean, boolean)=84, getTable_(GetTableRequest)=8}
2024-04-24T00:51:36,040  INFO [main] ql.Driver: Completed executing command(queryId=alex_20240424005135_a7fcd4eb-f739-4040-b969-118d40ad832b); Time taken: 0.092 seconds
2024-04-24T00:51:36,040  INFO [main] lockmgr.DbTxnManager: Stopped heartbeat for query: alex_20240424005135_a7fcd4eb-f739-4040-b969-118d40ad832b
2024-04-24T00:51:36,043  INFO [main] txn.TxnHandler: Expected to move at least one record from txn_components to completed_txn_components when committing txn! txnid:14
2024-04-24T00:51:36,049  INFO [main] txn.TxnHandler: Removed transactions: ([14]) from MIN_HISTORY_LEVEL
2024-04-24T00:51:36,049  WARN [main] txn.CompactionTxnHandler: No compaction queue record found for Compaction type transaction commit. txnId:14
2024-04-24T00:51:36,050  INFO [main] ql.TxnCommandsBaseForTests: Running the query: create table Tstage (a int, b int) stored as orc tblproperties('transactional'='true')
2024-04-24T00:51:36,050  INFO [main] ql.Driver: Compiling command(queryId=alex_20240424005136_f0e29619-4caf-4677-b90b-087b9ebbc4c4): create table Tstage (a int, b int) stored as orc tblproperties('transactional'='true')
2024-04-24T00:51:36,059  INFO [main] txn.TxnHandler: Added entries to MIN_HISTORY_LEVEL for current txns: ([15]) with min_open_txn: 4
2024-04-24T00:51:36,060  INFO [main] lockmgr.DbTxnManager: Opened txnid:15
2024-04-24T00:51:36,062  INFO [main] parse.CalcitePlanner: Starting caching scope for: 
2024-04-24T00:51:36,062  INFO [main] parse.CalcitePlanner: Starting Semantic Analysis
2024-04-24T00:51:36,068  INFO [main] parse.CalcitePlanner: Creating table default.Tstage position=13
2024-04-24T00:51:36,068  INFO [main] HiveMetaStore.audit: ugi=alex	ip=unknown-ip-addr	cmd=get_database: default	
2024-04-24T00:51:36,073  INFO [main] parse.CalcitePlanner: Ending caching scope for: 
2024-04-24T00:51:36,073  INFO [main] ql.Driver: Semantic Analysis Completed (retrial = false)
2024-04-24T00:51:36,073  INFO [main] ql.Driver: Created Hive schema: Schema(fieldSchemas:null, properties:null)
2024-04-24T00:51:36,074  INFO [main] metadata.Hive: Dumping metastore api call timing information for : compilation phase
2024-04-24T00:51:36,074  INFO [main] metadata.Hive: Total time spent in each metastore function (ms): {isCompatibleWith_(Configuration)=0, getValidTxns_(long)=2, getDatabase_(String)=5, commitTxn_(CommitTxnRequest)=10, flushCache_()=0, getValidWriteIds_(List, String)=6, openTxn_(String, TxnType)=9}
2024-04-24T00:51:36,074  INFO [main] ql.Driver: Completed compiling command(queryId=alex_20240424005136_f0e29619-4caf-4677-b90b-087b9ebbc4c4); Time taken: 0.023 seconds
2024-04-24T00:51:36,074  INFO [main] lockmgr.DbTxnManager: Setting lock request transaction to txnid:15 for queryId=alex_20240424005136_f0e29619-4caf-4677-b90b-087b9ebbc4c4
2024-04-24T00:51:36,074  INFO [main] lockmgr.DbLockManager: Requesting lock for queryId=alex_20240424005136_f0e29619-4caf-4677-b90b-087b9ebbc4c4
2024-04-24T00:51:36,094  INFO [main] lockmgr.DbLockManager: Response to queryId=alex_20240424005136_f0e29619-4caf-4677-b90b-087b9ebbc4c4 LockResponse(lockid:9, state:ACQUIRED)
2024-04-24T00:51:36,094  INFO [main] ql.Driver: Operation CREATETABLE obtained 1 locks
2024-04-24T00:51:36,095  INFO [main] ql.Driver: Executing command(queryId=alex_20240424005136_f0e29619-4caf-4677-b90b-087b9ebbc4c4): create table Tstage (a int, b int) stored as orc tblproperties('transactional'='true')
2024-04-24T00:51:36,095  INFO [main] ql.Driver: Starting task [Stage-0:DDL] in serial mode
2024-04-24T00:51:36,096  INFO [main] HiveMetaStore.audit: ugi=alex	ip=unknown-ip-addr	cmd=create_table_req: Table(tableName:Tstage, dbName:default, owner:alex, createTime:1713945096, lastAccessTime:0, retention:0, sd:StorageDescriptor(cols:[FieldSchema(name:a, type:int, comment:null), FieldSchema(name:b, type:int, comment:null)], location:null, inputFormat:org.apache.hadoop.hive.ql.io.orc.OrcInputFormat, outputFormat:org.apache.hadoop.hive.ql.io.orc.OrcOutputFormat, compressed:false, numBuckets:-1, serdeInfo:SerDeInfo(name:null, serializationLib:org.apache.hadoop.hive.ql.io.orc.OrcSerde, parameters:{serialization.format=1}), bucketCols:[], sortCols:[], parameters:{}, skewedInfo:SkewedInfo(skewedColNames:[], skewedColValues:[], skewedColValueLocationMaps:{}), storedAsSubDirectories:false), partitionKeys:[], parameters:{transactional=true, totalSize=0, rawDataSize=0, bucketing_version=2, numFilesErasureCoded=0, numRows=0, COLUMN_STATS_ACCURATE={"BASIC_STATS":"true","COLUMN_STATS":{"a":"true","b":"true"}}, numFiles=0}, viewOriginalText:null, viewExpandedText:null, tableType:MANAGED_TABLE, privileges:PrincipalPrivilegeSet(userPrivileges:{alex=[PrivilegeGrantInfo(privilege:INSERT, createTime:-1, grantor:alex, grantorType:USER, grantOption:true), PrivilegeGrantInfo(privilege:SELECT, createTime:-1, grantor:alex, grantorType:USER, grantOption:true), PrivilegeGrantInfo(privilege:UPDATE, createTime:-1, grantor:alex, grantorType:USER, grantOption:true), PrivilegeGrantInfo(privilege:DELETE, createTime:-1, grantor:alex, grantorType:USER, grantOption:true)]}, groupPrivileges:null, rolePrivileges:null), temporary:false, catName:hive, ownerType:USER, writeId:0)	
2024-04-24T00:51:36,103  INFO [main] utils.FileUtils: Creating directory if it doesn't exist: file:/home/alex/Repositories/hive/ql/target/tmp/org.apache.hadoop.hive.ql.TestTxnExIm-1713945026909/warehouse/tstage
2024-04-24T00:51:36,131  INFO [main] metadata.Hive: Dumping metastore api call timing information for : execution phase
2024-04-24T00:51:36,131  INFO [main] metadata.Hive: Total time spent in each metastore function (ms): {createTable_(Table)=35, isCompatibleWith_(Configuration)=0}
2024-04-24T00:51:36,131  INFO [main] ql.Driver: Completed executing command(queryId=alex_20240424005136_f0e29619-4caf-4677-b90b-087b9ebbc4c4); Time taken: 0.036 seconds
2024-04-24T00:51:36,131  INFO [main] lockmgr.DbTxnManager: Stopped heartbeat for query: alex_20240424005136_f0e29619-4caf-4677-b90b-087b9ebbc4c4
2024-04-24T00:51:36,135  INFO [main] txn.TxnHandler: Expected to move at least one record from txn_components to completed_txn_components when committing txn! txnid:15
2024-04-24T00:51:36,139  INFO [main] txn.TxnHandler: Removed transactions: ([15]) from MIN_HISTORY_LEVEL
2024-04-24T00:51:36,139  WARN [main] txn.CompactionTxnHandler: No compaction queue record found for Compaction type transaction commit. txnId:15
2024-04-24T00:51:36,140  INFO [main] ql.TxnCommandsBaseForTests: Running the query: insert into Tstage values(1,2),(3,4),(5,6)
2024-04-24T00:51:36,140  INFO [main] ql.Driver: Compiling command(queryId=alex_20240424005136_442af4c6-fb96-4982-9ba6-434a89448b86): insert into Tstage values(1,2),(3,4),(5,6)
2024-04-24T00:51:36,143  INFO [main] txn.TxnHandler: Added entries to MIN_HISTORY_LEVEL for current txns: ([16]) with min_open_txn: 8
2024-04-24T00:51:36,143  INFO [main] lockmgr.DbTxnManager: Opened txnid:16
2024-04-24T00:51:36,144  INFO [main] parse.CalcitePlanner: Starting caching scope for: 
2024-04-24T00:51:36,144  INFO [main] parse.CalcitePlanner: Starting Semantic Analysis
2024-04-24T00:51:36,147  INFO [main] HiveMetaStore.audit: ugi=alex	ip=unknown-ip-addr	cmd=get_table : tbl=hive.default.Tstage	
2024-04-24T00:51:36,164  INFO [main] metastore.HMSHandler: Skipping translation for processor with null
2024-04-24T00:51:36,164  INFO [main] parse.CalcitePlanner: Completed phase 1 of Semantic Analysis
2024-04-24T00:51:36,164  INFO [main] parse.CalcitePlanner: Get metadata for source tables
2024-04-24T00:51:36,164  INFO [main] parse.CalcitePlanner: Get metadata for subqueries
2024-04-24T00:51:36,164  INFO [main] parse.CalcitePlanner: Get metadata for destination tables
2024-04-24T00:51:36,164  INFO [main] HiveMetaStore.audit: ugi=alex	ip=unknown-ip-addr	cmd=get_table : tbl=hive.default.Tstage	
2024-04-24T00:51:36,171  INFO [main] metastore.HMSHandler: Skipping translation for processor with null
2024-04-24T00:51:36,172  INFO [main] parse.CalcitePlanner: Completed getting MetaData in Semantic Analysis
2024-04-24T00:51:36,172  INFO [main] parse.CalcitePlanner: Disabling LLAP IO encode as ETL query is detected
2024-04-24T00:51:36,194  INFO [main] HiveMetaStore.audit: ugi=alex	ip=unknown-ip-addr	cmd=get_all_table_constraints : tbl=hive._dummy_database._dummy_table	
2024-04-24T00:51:36,283  INFO [main] parse.CalcitePlanner: Get metadata for source tables
2024-04-24T00:51:36,283  INFO [main] parse.CalcitePlanner: Get metadata for subqueries
2024-04-24T00:51:36,283  INFO [main] parse.CalcitePlanner: Get metadata for source tables
2024-04-24T00:51:36,284  INFO [main] HiveMetaStore.audit: ugi=alex	ip=unknown-ip-addr	cmd=get_table : tbl=hive._dummy_database._dummy_table	
2024-04-24T00:51:36,286  INFO [main] parse.CalcitePlanner: Get metadata for subqueries
2024-04-24T00:51:36,286  INFO [main] parse.CalcitePlanner: Get metadata for destination tables
2024-04-24T00:51:36,286  INFO [main] parse.CalcitePlanner: Get metadata for destination tables
2024-04-24T00:51:36,287  INFO [main] HiveMetaStore.audit: ugi=alex	ip=unknown-ip-addr	cmd=get_table : tbl=hive.default.Tstage	
2024-04-24T00:51:36,294  INFO [main] metastore.HMSHandler: Skipping translation for processor with null
2024-04-24T00:51:36,297  INFO [main] HiveMetaStore.audit: ugi=alex	ip=unknown-ip-addr	cmd=get_not_null_constraints : tbl=hive.default.tstage	
2024-04-24T00:51:36,299  INFO [main] HiveMetaStore.audit: ugi=alex	ip=unknown-ip-addr	cmd=get_check_constraints : tbl=hive.default.tstage	
2024-04-24T00:51:36,308  INFO [main] txn.TxnHandler: Allocated writeId: 1 for txnId: 16
2024-04-24T00:51:36,308  INFO [main] txn.TxnHandler: Allocated write ids for dbName=default, tblName=tstage (txnIds: [16])
2024-04-24T00:51:36,309  INFO [main] parse.CalcitePlanner: CBO Succeeded; optimized logical plan.
2024-04-24T00:51:36,313  INFO [main] optimizer.BucketVersionPopulator: not considering bucketingVersion for: TS[0] because it has -1<2 buckets 
2024-04-24T00:51:36,313  INFO [main] optimizer.SortedDynPartitionOptimizer: Sorted dynamic partitioning optimization kicked in..
2024-04-24T00:51:36,321  INFO [main] HiveMetaStore.audit: ugi=alex	ip=unknown-ip-addr	cmd=get_table : tbl=hive.default.tstage	
2024-04-24T00:51:36,329  INFO [main] metastore.HMSHandler: Skipping translation for processor with null
2024-04-24T00:51:36,330  INFO [main] physical.Vectorizer: Examining input format to see if vectorization is enabled.
2024-04-24T00:51:36,330  INFO [main] physical.Vectorizer: Map vectorization enabled: false
2024-04-24T00:51:36,330  INFO [main] physical.Vectorizer: Map vectorized: false
2024-04-24T00:51:36,331  INFO [main] physical.Vectorizer: Map vectorizedVertexNum: 0
2024-04-24T00:51:36,331  INFO [main] physical.Vectorizer: Map enabledConditionsMet: [hive.vectorized.use.vectorized.input.format IS true]
2024-04-24T00:51:36,331  INFO [main] physical.Vectorizer: Map enabledConditionsNotMet: [Could not enable vectorization due to partition column names size 1 is greater than the number of table column names size 0 IS false]
2024-04-24T00:51:36,331  INFO [main] physical.Vectorizer: Map inputFileFormatClassNameSet: [org.apache.hadoop.hive.ql.io.NullRowsInputFormat]
2024-04-24T00:51:36,331  INFO [main] parse.CalcitePlanner: Completed plan generation
2024-04-24T00:51:36,331  INFO [main] parse.CalcitePlanner: Ending caching scope for: 
2024-04-24T00:51:36,331  INFO [main] ql.Driver: Semantic Analysis Completed (retrial = false)
2024-04-24T00:51:36,331  INFO [main] ql.Driver: Created Hive schema: Schema(fieldSchemas:[FieldSchema(name:col1, type:int, comment:null), FieldSchema(name:col2, type:int, comment:null)], properties:null)
2024-04-24T00:51:36,331  INFO [main] metadata.Hive: Dumping metastore api call timing information for : compilation phase
2024-04-24T00:51:36,332  INFO [main] metadata.Hive: Total time spent in each metastore function (ms): {getAllTableConstraints_(AllTableConstraintsRequest)=28, getCheckConstraints_(CheckConstraintsRequest)=2, getValidTxns_(long)=1, getNotNullConstraints_(NotNullConstraintsRequest)=2, openTxn_(String, TxnType)=2, commitTxn_(CommitTxnRequest)=8, getValidWriteIds_(List, String)=5, getTable_(GetTableRequest)=41, isCompatibleWith_(Configuration)=1, flushCache_()=0, allocateTableWriteId_(long, String, String)=8}
2024-04-24T00:51:36,332  INFO [main] ql.Driver: Completed compiling command(queryId=alex_20240424005136_442af4c6-fb96-4982-9ba6-434a89448b86); Time taken: 0.191 seconds
2024-04-24T00:51:36,332  INFO [main] lockmgr.DbTxnManager: Setting lock request transaction to txnid:16 for queryId=alex_20240424005136_442af4c6-fb96-4982-9ba6-434a89448b86
2024-04-24T00:51:36,332  INFO [main] lockmgr.DbLockManager: Requesting lock for queryId=alex_20240424005136_442af4c6-fb96-4982-9ba6-434a89448b86
2024-04-24T00:51:36,348  INFO [main] lockmgr.DbLockManager: Response to queryId=alex_20240424005136_442af4c6-fb96-4982-9ba6-434a89448b86 LockResponse(lockid:10, state:ACQUIRED)
2024-04-24T00:51:36,348  INFO [main] ql.Driver: Operation QUERY obtained 1 locks
2024-04-24T00:51:36,350  INFO [main] ql.Driver: Executing command(queryId=alex_20240424005136_442af4c6-fb96-4982-9ba6-434a89448b86): insert into Tstage values(1,2),(3,4),(5,6)
2024-04-24T00:51:36,351  WARN [main] ql.Driver: Hive-on-MR is deprecated in Hive 2 and may not be available in the future versions. Consider using a different execution engine (i.e. tez, spark) or using Hive 1.X releases.
Query ID = alex_20240424005136_442af4c6-fb96-4982-9ba6-434a89448b86
2024-04-24T00:51:36,351  INFO [main] ql.Driver: Query ID = alex_20240424005136_442af4c6-fb96-4982-9ba6-434a89448b86
Total jobs = 1
2024-04-24T00:51:36,351  INFO [main] ql.Driver: Total jobs = 1
Launching Job 1 out of 1
2024-04-24T00:51:36,351  INFO [main] ql.Driver: Launching Job 1 out of 1
2024-04-24T00:51:36,507  INFO [main] ql.Driver: Starting task [Stage-1:MAPRED] in serial mode
Number of reduce tasks is set to 0 since there's no reduce operator
2024-04-24T00:51:36,508  INFO [main] exec.Task: Number of reduce tasks is set to 0 since there's no reduce operator
2024-04-24T00:51:36,510  INFO [main] mr.ExecDriver: Using org.apache.hadoop.hive.ql.io.HiveInputFormat
2024-04-24T00:51:36,510  INFO [main] exec.Utilities: Processing alias $hdt$_0:_dummy_table
2024-04-24T00:51:36,510  INFO [main] exec.Utilities: Adding 1 inputs; the first input is file:/home/alex/Repositories/hive/ql/target/tmp/localscratchdir/1886a1d9-c44c-480e-9498-5ad1dc64a6f5/hive_2024-04-24_00-51-36_140_4617164532394038643-1/dummy_path
2024-04-24T00:51:36,520  INFO [main] exec.SerializationUtilities: Serializing MapWork using kryo
2024-04-24T00:51:36,521  INFO [main] exec.Utilities: Serialized plan (via FILE) - name: null size: 5,72KB
2024-04-24T00:51:36,522  WARN [main] impl.MetricsSystemImpl: JobTracker metrics system already initialized!
2024-04-24T00:51:36,526  INFO [main] fs.FSStatsPublisher: created : file:/home/alex/Repositories/hive/ql/target/tmp/localscratchdir/1886a1d9-c44c-480e-9498-5ad1dc64a6f5/hive_2024-04-24_00-51-36_140_4617164532394038643-1/-mr-10000
2024-04-24T00:51:36,529  WARN [main] impl.MetricsSystemImpl: JobTracker metrics system already initialized!
2024-04-24T00:51:36,536  WARN [main] mapreduce.JobResourceUploader: Hadoop command-line option parsing not performed. Implement the Tool interface and execute your application with ToolRunner to remedy this.
2024-04-24T00:51:36,541  WARN [main] mapreduce.JobResourceUploader: No job jar file set.  User classes may not be found. See Job or Job#setJar(String).
2024-04-24T00:51:36,542  INFO [main] io.HiveInputFormat: hive.io.file.readcolumn.ids = 
2024-04-24T00:51:36,542  INFO [main] io.HiveInputFormat: hive.io.file.readcolumn.names = 
2024-04-24T00:51:36,542  INFO [main] io.HiveInputFormat: Generating splits for dirs: file:/home/alex/Repositories/hive/ql/target/tmp/localscratchdir/1886a1d9-c44c-480e-9498-5ad1dc64a6f5/hive_2024-04-24_00-51-36_140_4617164532394038643-1/dummy_path
2024-04-24T00:51:36,543  INFO [main] io.HiveInputFormat: number of splits 1
2024-04-24T00:51:36,561  INFO [main] mapreduce.JobSubmitter: number of splits:1
2024-04-24T00:51:36,581  INFO [main] mapreduce.JobSubmitter: Submitting tokens for job: job_local1953177545_0024
2024-04-24T00:51:36,581  INFO [main] mapreduce.JobSubmitter: Executing with tokens: []
2024-04-24T00:51:36,649  INFO [main] mapreduce.Job: The url to track the job: http://localhost:8080/
Job running in-process (local Hadoop)
2024-04-24T00:51:36,650  INFO [main] exec.Task: Job running in-process (local Hadoop)
2024-04-24T00:51:36,650  INFO [Thread-1834] mapred.LocalJobRunner: OutputCommitter set in config org.apache.hadoop.hive.ql.io.HiveFileFormatUtils$NullOutputCommitter
2024-04-24T00:51:36,650  INFO [Thread-1834] mapred.LocalJobRunner: OutputCommitter is org.apache.hadoop.hive.ql.io.HiveFileFormatUtils$NullOutputCommitter
2024-04-24T00:51:36,652  INFO [Thread-1834] mapred.LocalJobRunner: Waiting for map tasks
2024-04-24T00:51:36,652  INFO [LocalJobRunner Map Task Executor #0] mapred.LocalJobRunner: Starting task: attempt_local1953177545_0024_m_000000_0
2024-04-24T00:51:36,655  INFO [LocalJobRunner Map Task Executor #0] mapred.Task:  Using ResourceCalculatorProcessTree : [ ]
2024-04-24T00:51:36,656  INFO [LocalJobRunner Map Task Executor #0] mapred.MapTask: Processing split: org.apache.hadoop.hive.ql.io.NullRowsInputFormat:file:/home/alex/Repositories/hive/ql/target/tmp/localscratchdir/1886a1d9-c44c-480e-9498-5ad1dc64a6f5/hive_2024-04-24_00-51-36_140_4617164532394038643-1/dummy_path/null:0+1
2024-04-24T00:51:36,658  INFO [LocalJobRunner Map Task Executor #0] exec.SerializationUtilities: Deserializing MapWork using kryo
2024-04-24T00:51:36,659  INFO [LocalJobRunner Map Task Executor #0] exec.Utilities: Deserialized plan (via FILE) - name: null size: 5,72KB
2024-04-24T00:51:36,660  INFO [LocalJobRunner Map Task Executor #0] mapred.MapTask: numReduceTasks: 0
2024-04-24T00:51:36,662  INFO [LocalJobRunner Map Task Executor #0] exec.MapOperator: Initializing Operator: MAP[0]
2024-04-24T00:51:36,662  INFO [LocalJobRunner Map Task Executor #0] mr.ExecMapper: 
<MAP>Id =0
  <Children>null
  <\Children>
  <Parent><\Parent>
<\MAP>
2024-04-24T00:51:36,663  INFO [LocalJobRunner Map Task Executor #0] exec.TableScanOperator: Initializing Operator: TS[0]
2024-04-24T00:51:36,663  INFO [LocalJobRunner Map Task Executor #0] exec.SelectOperator: Initializing Operator: SEL[1]
2024-04-24T00:51:36,663  INFO [LocalJobRunner Map Task Executor #0] exec.SelectOperator: SELECT null
2024-04-24T00:51:36,663  INFO [LocalJobRunner Map Task Executor #0] exec.UDTFOperator: Initializing Operator: UDTF[2]
2024-04-24T00:51:36,663  INFO [LocalJobRunner Map Task Executor #0] exec.SelectOperator: Initializing Operator: SEL[3]
2024-04-24T00:51:36,663  INFO [LocalJobRunner Map Task Executor #0] exec.SelectOperator: SELECT struct<col1:int,col2:int>
2024-04-24T00:51:36,664  INFO [LocalJobRunner Map Task Executor #0] exec.FileSinkOperator: Initializing Operator: FS[4]
2024-04-24T00:51:36,664  INFO [LocalJobRunner Map Task Executor #0] exec.FileSinkOperator: Using serializer : AbstractSerDe [log=org.apache.logging.slf4j.Log4jLogger@752e4bcc, configuration=Optional[Configuration: core-default.xml, core-site.xml, mapred-default.xml, mapred-site.xml, yarn-default.xml, yarn-site.xml, hdfs-default.xml, hdfs-site.xml, file:/home/alex/Repositories/hive/ql/target/tmp/TestTxnExIm/mapred/local/localRunner/alex/job_local1953177545_0024/job_local1953177545_0024.xml], properties={transactional_properties=default, name=default.tstage, transactional=true, columns.types=int:int, columns=a,b, numFilesErasureCoded=0, columns.comments=&amp#0;, bucketing_version=2, serialization.lib=org.apache.hadoop.hive.ql.io.orc.OrcSerde, file.inputformat=org.apache.hadoop.hive.ql.io.orc.OrcInputFormat, file.outputformat=org.apache.hadoop.hive.ql.io.orc.OrcOutputFormat, location=file:/home/alex/Repositories/hive/ql/target/tmp/org.apache.hadoop.hive.ql.TestTxnExIm-1713945026909/warehouse/tstage, column.name.delimiter=,}, tableProperties={transactional_properties=default, name=default.tstage, transactional=true, columns.types=int:int, columns=a,b, numFilesErasureCoded=0, columns.comments=&amp#0;, bucketing_version=2, serialization.lib=org.apache.hadoop.hive.ql.io.orc.OrcSerde, file.inputformat=org.apache.hadoop.hive.ql.io.orc.OrcInputFormat, location=file:/home/alex/Repositories/hive/ql/target/tmp/org.apache.hadoop.hive.ql.TestTxnExIm-1713945026909/warehouse/tstage, file.outputformat=org.apache.hadoop.hive.ql.io.orc.OrcOutputFormat, column.name.delimiter=,}, partitionProperties=Optional.empty, columnNames=[a, b], columnTypes=[int, int], getClass()=class org.apache.hadoop.hive.ql.io.orc.OrcSerde] and formatter : org.apache.hadoop.hive.ql.io.orc.OrcOutputFormat@56dc36fb
2024-04-24T00:51:36,665  INFO [LocalJobRunner Map Task Executor #0] exec.FileSinkOperator: Final Path: FS file:/home/alex/Repositories/hive/ql/target/tmp/org.apache.hadoop.hive.ql.TestTxnExIm-1713945026909/warehouse/tstage
2024-04-24T00:51:36,665  INFO [LocalJobRunner Map Task Executor #0] exec.FileSinkOperator: New Final Path: FS file:/home/alex/Repositories/hive/ql/target/tmp/org.apache.hadoop.hive.ql.TestTxnExIm-1713945026909/warehouse/tstage
2024-04-24T00:51:36,665  INFO [LocalJobRunner Map Task Executor #0] common.FileUtils: Creating directory if it doesn't exist: file:/home/alex/Repositories/hive/ql/target/tmp/org.apache.hadoop.hive.ql.TestTxnExIm-1713945026909/warehouse
2024-04-24T00:51:36,667  INFO [LocalJobRunner Map Task Executor #0] exec.FileSinkOperator: FS[4]: records written - 1
2024-04-24T00:51:36,667  INFO [LocalJobRunner Map Task Executor #0] impl.PhysicalFsWriter: ORC writer created for path: file:/home/alex/Repositories/hive/ql/target/tmp/org.apache.hadoop.hive.ql.TestTxnExIm-1713945026909/warehouse/tstage/delta_0000001_0000001_0000/bucket_00000_0 with stripeSize: 8388608 blockSize: 268435456 compression: Compress: ZLIB buffer: 32768
2024-04-24T00:51:36,675  INFO [LocalJobRunner Map Task Executor #0] impl.WriterImpl: ORC writer created for path: file:/home/alex/Repositories/hive/ql/target/tmp/org.apache.hadoop.hive.ql.TestTxnExIm-1713945026909/warehouse/tstage/delta_0000001_0000001_0000/bucket_00000_0 with stripeSize: 8388608 options: Compress: ZLIB buffer: 32768
2024-04-24T00:51:36,680  INFO [LocalJobRunner Map Task Executor #0] exec.MapOperator: MAP[0]: records read - 1
2024-04-24T00:51:36,680  INFO [LocalJobRunner Map Task Executor #0] exec.MapOperator: Closing Operator: MAP[0]
2024-04-24T00:51:36,680  INFO [LocalJobRunner Map Task Executor #0] exec.MapOperator: MAP[0]: Total records read - 3. abort - false
2024-04-24T00:51:36,680  INFO [LocalJobRunner Map Task Executor #0] exec.MapOperator: RECORDS_IN:3, RECORDS_OUT_OPERATOR_MAP_0:0, RECORDS_OUT_INTERMEDIATE:0, DESERIALIZE_ERRORS:0, 
2024-04-24T00:51:36,680  INFO [LocalJobRunner Map Task Executor #0] exec.TableScanOperator: Closing Operator: TS[0]
2024-04-24T00:51:36,681  INFO [LocalJobRunner Map Task Executor #0] exec.TableScanOperator: RECORDS_OUT_OPERATOR_TS_0:1, RECORDS_OUT_INTERMEDIATE:0, 
2024-04-24T00:51:36,681  INFO [LocalJobRunner Map Task Executor #0] exec.SelectOperator: Closing Operator: SEL[1]
2024-04-24T00:51:36,681  INFO [LocalJobRunner Map Task Executor #0] exec.SelectOperator: RECORDS_OUT_OPERATOR_SEL_1:1, RECORDS_OUT_INTERMEDIATE:0, 
2024-04-24T00:51:36,681  INFO [LocalJobRunner Map Task Executor #0] exec.UDTFOperator: Closing Operator: UDTF[2]
2024-04-24T00:51:36,681  INFO [LocalJobRunner Map Task Executor #0] exec.UDTFOperator: RECORDS_OUT_INTERMEDIATE:0, RECORDS_OUT_OPERATOR_UDTF_2:3, 
2024-04-24T00:51:36,681  INFO [LocalJobRunner Map Task Executor #0] exec.SelectOperator: Closing Operator: SEL[3]
2024-04-24T00:51:36,681  INFO [LocalJobRunner Map Task Executor #0] exec.SelectOperator: RECORDS_OUT_OPERATOR_SEL_3:3, RECORDS_OUT_INTERMEDIATE:0, 
2024-04-24T00:51:36,681  INFO [LocalJobRunner Map Task Executor #0] exec.FileSinkOperator: Closing Operator: FS[4]
2024-04-24T00:51:36,681  INFO [LocalJobRunner Map Task Executor #0] exec.FileSinkOperator: FS[4]: records written - 3
2024-04-24T00:51:36,683  INFO [LocalJobRunner Map Task Executor #0] FileOperations: Writing manifest to file:/home/alex/Repositories/hive/ql/target/tmp/org.apache.hadoop.hive.ql.TestTxnExIm-1713945026909/warehouse/tstage/_tmp.delta_0000001_0000001_0000/000000_0.manifest with [file:/home/alex/Repositories/hive/ql/target/tmp/org.apache.hadoop.hive.ql.TestTxnExIm-1713945026909/warehouse/tstage/delta_0000001_0000001_0000/bucket_00000_0]
2024-04-24T00:51:36,695  INFO [LocalJobRunner Map Task Executor #0] exec.FileSinkOperator: TOTAL_TABLE_ROWS_WRITTEN:3, RECORDS_OUT_OPERATOR_FS_4:3, RECORDS_OUT_INTERMEDIATE:0, RECORDS_OUT_1_default.tstage:3, 
2024-04-24T00:51:36,696  INFO [LocalJobRunner Map Task Executor #0] mapred.LocalJobRunner: 
2024-04-24T00:51:36,698  INFO [LocalJobRunner Map Task Executor #0] mapred.Task: Task:attempt_local1953177545_0024_m_000000_0 is done. And is in the process of committing
2024-04-24T00:51:36,699  INFO [LocalJobRunner Map Task Executor #0] mapred.LocalJobRunner: map
2024-04-24T00:51:36,699  INFO [LocalJobRunner Map Task Executor #0] mapred.Task: Task 'attempt_local1953177545_0024_m_000000_0' done.
2024-04-24T00:51:36,699  INFO [LocalJobRunner Map Task Executor #0] mapred.Task: Final Counters for attempt_local1953177545_0024_m_000000_0: Counters: 27
	File System Counters
		FILE: Number of bytes read=452196
		FILE: Number of bytes written=28051084
		FILE: Number of read operations=0
		FILE: Number of large read operations=0
		FILE: Number of write operations=0
	Map-Reduce Framework
		Map input records=4
		Map output records=0
		Input split bytes=361
		Spilled Records=0
		Failed Shuffles=0
		Merged Map outputs=0
		GC time elapsed (ms)=0
		Total committed heap usage (bytes)=1181220864
	HIVE
		CREATED_FILES=1
		DESERIALIZE_ERRORS=0
		RECORDS_IN=3
		RECORDS_OUT_1_default.tstage=3
		RECORDS_OUT_INTERMEDIATE=0
		RECORDS_OUT_OPERATOR_FS_4=3
		RECORDS_OUT_OPERATOR_MAP_0=0
		RECORDS_OUT_OPERATOR_SEL_1=1
		RECORDS_OUT_OPERATOR_SEL_3=3
		RECORDS_OUT_OPERATOR_TS_0=1
		RECORDS_OUT_OPERATOR_UDTF_2=3
		TOTAL_TABLE_ROWS_WRITTEN=3
	File Input Format Counters 
		Bytes Read=5776
	File Output Format Counters 
		Bytes Written=0
2024-04-24T00:51:36,699  INFO [LocalJobRunner Map Task Executor #0] mapred.LocalJobRunner: Finishing task: attempt_local1953177545_0024_m_000000_0
2024-04-24T00:51:36,699  INFO [Thread-1834] mapred.LocalJobRunner: map task executor complete.
2024-04-24 00:51:37,651 Stage-1 map = 100%,  reduce = 0%
2024-04-24T00:51:37,651  INFO [main] exec.Task: 2024-04-24 00:51:37,651 Stage-1 map = 100%,  reduce = 0%
Ended Job = job_local1953177545_0024
2024-04-24T00:51:37,652  INFO [main] exec.Task: Ended Job = job_local1953177545_0024
2024-04-24T00:51:37,653  INFO [main] FileOperations: Found manifest file file:/home/alex/Repositories/hive/ql/target/tmp/org.apache.hadoop.hive.ql.TestTxnExIm-1713945026909/warehouse/tstage/_tmp.delta_0000001_0000001_0000/000000_0.manifest with attemptId 0.
2024-04-24T00:51:37,653  INFO [main] FileOperations: Looking at manifest file: file:/home/alex/Repositories/hive/ql/target/tmp/org.apache.hadoop.hive.ql.TestTxnExIm-1713945026909/warehouse/tstage/_tmp.delta_0000001_0000001_0000/000000_0.manifest
2024-04-24T00:51:37,653  INFO [main] FileOperations: Deleting manifest directory file:/home/alex/Repositories/hive/ql/target/tmp/org.apache.hadoop.hive.ql.TestTxnExIm-1713945026909/warehouse/tstage/_tmp.delta_0000001_0000001_0000
2024-04-24T00:51:37,654  INFO [main] ql.Driver: Starting task [Stage-0:MOVE] in serial mode
Loading data to table default.tstage
2024-04-24T00:51:37,654  INFO [main] exec.Task: Loading data to table default.tstage from file:/home/alex/Repositories/hive/ql/target/tmp/org.apache.hadoop.hive.ql.TestTxnExIm-1713945026909/warehouse/tstage
2024-04-24T00:51:37,654  INFO [main] HiveMetaStore.audit: ugi=alex	ip=unknown-ip-addr	cmd=get_table : tbl=hive.default.tstage	
2024-04-24T00:51:37,662  INFO [main] metastore.HMSHandler: Skipping translation for processor with null
2024-04-24T00:51:37,662  INFO [main] HiveMetaStore.audit: ugi=alex	ip=unknown-ip-addr	cmd=get_table : tbl=hive.default.tstage	
2024-04-24T00:51:37,670  INFO [main] metastore.HMSHandler: Skipping translation for processor with null
2024-04-24T00:51:37,671  INFO [main] HiveMetaStore.audit: ugi=alex	ip=unknown-ip-addr	cmd=alter_table: hive.default.tstage newtbl=tstage	
2024-04-24T00:51:37,701  INFO [main] ql.Driver: Starting task [Stage-2:STATS] in serial mode
2024-04-24T00:51:37,701  INFO [main] HiveMetaStore.audit: ugi=alex	ip=unknown-ip-addr	cmd=get_table : tbl=hive.default.tstage	
2024-04-24T00:51:37,710  INFO [main] metastore.HMSHandler: Skipping translation for processor with null
2024-04-24T00:51:37,710  INFO [main] stats.BasicStatsTask: Executing stats task
2024-04-24T00:51:37,710  INFO [main] fs.FSStatsPublisher: created : file:/home/alex/Repositories/hive/ql/target/tmp/localscratchdir/1886a1d9-c44c-480e-9498-5ad1dc64a6f5/hive_2024-04-24_00-51-36_140_4617164532394038643-1/-mr-10000
2024-04-24T00:51:37,711  INFO [main] HiveMetaStore.audit: ugi=alex	ip=unknown-ip-addr	cmd=get_table : tbl=hive.default.tstage	
2024-04-24T00:51:37,719  INFO [main] metastore.HMSHandler: Skipping translation for processor with null
2024-04-24T00:51:37,727  WARN [main] FileOperations: Computing stats for an ACID table; stats may be inaccurate
2024-04-24T00:51:37,728  INFO [main] FileOperations: Read stats for default.tstage/, numRows, true, 3, false: 
2024-04-24T00:51:37,728  INFO [main] FileOperations: Read stats for default.tstage/, rawDataSize, true, 0, false: 
2024-04-24T00:51:37,728  INFO [main] HiveMetaStore.audit: ugi=alex	ip=unknown-ip-addr	cmd=alter_table: hive.default.tstage newtbl=tstage	
2024-04-24T00:51:37,755  INFO [main] FileOperations: Read stats for default.tstage/, insertCount, true, 3, false: 
2024-04-24T00:51:37,755  INFO [main] FileOperations: Read stats for default.tstage/, updateCount, true, 0, false: 
2024-04-24T00:51:37,755  INFO [main] FileOperations: Read stats for default.tstage/, deleteCount, true, 0, false: 
2024-04-24T00:51:37,757  INFO [main] stats.BasicStatsTask: Table default.tstage stats: [numFiles=1, numRows=3, totalSize=686, rawDataSize=0, numFilesErasureCoded=0]
2024-04-24T00:51:37,758  INFO [main] metadata.Hive: Dumping metastore api call timing information for : execution phase
2024-04-24T00:51:37,758  INFO [main] metadata.Hive: Total time spent in each metastore function (ms): {isCompatibleWith_(Configuration)=0, getTable_(GetTableRequest)=33, updateTransactionalStatistics_(UpdateTransactionalStatsRequest)=2, alter_table_(String, String, String, Table, EnvironmentContext, String)=57}
MapReduce Jobs Launched: 
2024-04-24T00:51:37,758  INFO [main] ql.Driver: MapReduce Jobs Launched: 
Stage-Stage-1:  HDFS Read: 0 HDFS Write: 0 SUCCESS
2024-04-24T00:51:37,758  INFO [main] ql.Driver: Stage-Stage-1:  HDFS Read: 0 HDFS Write: 0 SUCCESS
Total MapReduce CPU Time Spent: 0 msec
2024-04-24T00:51:37,758  INFO [main] ql.Driver: Total MapReduce CPU Time Spent: 0 msec
2024-04-24T00:51:37,758  INFO [main] ql.Driver: Completed executing command(queryId=alex_20240424005136_442af4c6-fb96-4982-9ba6-434a89448b86); Time taken: 1.408 seconds
2024-04-24T00:51:37,758  INFO [main] lockmgr.DbTxnManager: Stopped heartbeat for query: alex_20240424005136_442af4c6-fb96-4982-9ba6-434a89448b86
2024-04-24T00:51:37,767  INFO [main] txn.TxnHandler: Removed transactions: ([16]) from MIN_HISTORY_LEVEL
2024-04-24T00:51:37,767  WARN [main] txn.CompactionTxnHandler: No compaction queue record found for Compaction type transaction commit. txnId:16
2024-04-24T00:51:37,768  INFO [main] ql.TxnCommandsBaseForTests: Running the query: export table Tstage to '/home/alex/Repositories/hive/ql/target/tmp/org.apache.hadoop.hive.ql.TestTxnExIm-1713945026909/warehouse/1'
2024-04-24T00:51:37,768  INFO [main] ql.Context: Deleting scratch dir: file:/home/alex/Repositories/hive/ql/target/tmp/localscratchdir/1886a1d9-c44c-480e-9498-5ad1dc64a6f5/hive_2024-04-24_00-51-36_140_4617164532394038643-1
2024-04-24T00:51:37,769  INFO [main] cleanup.SyncCleanupService: Deleted directory: file:/home/alex/Repositories/hive/ql/target/tmp/localscratchdir/1886a1d9-c44c-480e-9498-5ad1dc64a6f5/hive_2024-04-24_00-51-36_140_4617164532394038643-1 on fs with scheme file
2024-04-24T00:51:37,769  INFO [main] ql.Driver: Compiling command(queryId=alex_20240424005137_bd88a4a0-48da-49fd-86e2-fbd0f2b763a3): export table Tstage to '/home/alex/Repositories/hive/ql/target/tmp/org.apache.hadoop.hive.ql.TestTxnExIm-1713945026909/warehouse/1'
2024-04-24T00:51:37,770  INFO [main] HiveMetaStore.audit: ugi=alex	ip=unknown-ip-addr	cmd=get_table : tbl=hive.default.Tstage	
2024-04-24T00:51:37,776  INFO [main] metastore.HMSHandler: Skipping translation for processor with null
2024-04-24T00:51:37,778  INFO [main] txn.TxnHandler: Added entries to MIN_HISTORY_LEVEL for current txns: ([17]) with min_open_txn: 17
2024-04-24T00:51:37,778  INFO [main] lockmgr.DbTxnManager: Opened txnid:17
2024-04-24T00:51:37,779  INFO [main] parse.AcidExportSemanticAnalyzer: Starting caching scope for: 
2024-04-24T00:51:37,779  INFO [main] HiveMetaStore.audit: ugi=alex	ip=unknown-ip-addr	cmd=get_table : tbl=hive.default.Tstage	
2024-04-24T00:51:37,785  INFO [main] metastore.HMSHandler: Skipping translation for processor with null
2024-04-24T00:51:37,786  INFO [main] HiveMetaStore.audit: ugi=alex	ip=unknown-ip-addr	cmd=get_database: default	
2024-04-24T00:51:37,788  INFO [main] HiveMetaStore.audit: ugi=alex	ip=unknown-ip-addr	cmd=get_table : tbl=hive.default.tstage	
2024-04-24T00:51:37,794  INFO [main] metastore.HMSHandler: Skipping translation for processor with null
2024-04-24T00:51:37,795  INFO [main] utils.FileUtils: Creating directory if it doesn't exist: file:/home/alex/Repositories/hive/ql/target/tmp/scratchdir/alex/1886a1d9-c44c-480e-9498-5ad1dc64a6f5/_tmp_space.db/1ecae212-a544-42e2-afa4-9bf5cfce0b42
2024-04-24T00:51:37,797  INFO [main] HiveMetaStore.audit: ugi=alex	ip=unknown-ip-addr	cmd=get_table : tbl=hive.default.Tstage	
2024-04-24T00:51:37,805  INFO [main] metastore.HMSHandler: Skipping translation for processor with null
2024-04-24T00:51:37,805  INFO [main] parse.RewriteSemanticAnalyzer: Going to reparse <export table Tstage to '/home/alex/Repositories/hive/ql/target/tmp/org.apache.hadoop.hive.ql.TestTxnExIm-1713945026909/warehouse/1'> as 
<insert into default.tstage_8453ac91_f9be_429b_b507_773d96699cb1 select * from `default`.`Tstage`>
2024-04-24T00:51:37,806  INFO [main] parse.AcidExportSemanticAnalyzer: Starting Semantic Analysis
2024-04-24T00:51:37,809  INFO [main] parse.AcidExportSemanticAnalyzer: Completed phase 1 of Semantic Analysis
2024-04-24T00:51:37,809  INFO [main] parse.AcidExportSemanticAnalyzer: Get metadata for source tables
2024-04-24T00:51:37,809  INFO [main] HiveMetaStore.audit: ugi=alex	ip=unknown-ip-addr	cmd=get_table : tbl=hive.default.tstage	
2024-04-24T00:51:37,820  INFO [main] metastore.HMSHandler: Skipping translation for processor with null
2024-04-24T00:51:37,821  INFO [main] parse.AcidExportSemanticAnalyzer: Get metadata for subqueries
2024-04-24T00:51:37,821  INFO [main] parse.AcidExportSemanticAnalyzer: Get metadata for destination tables
2024-04-24T00:51:37,821  INFO [main] parse.AcidExportSemanticAnalyzer: Completed getting MetaData in Semantic Analysis
2024-04-24T00:51:37,821  INFO [main] parse.AcidExportSemanticAnalyzer: Disabling LLAP IO encode as ETL query is detected
2024-04-24T00:51:37,836  INFO [main] HiveMetaStore.audit: ugi=alex	ip=unknown-ip-addr	cmd=get_all_table_constraints : tbl=hive.default.tstage	
2024-04-24T00:51:37,845  INFO [main] calcite.RelOptHiveTable: Calculating column statistics for default.tstage, projIndxSet: [0, 1], allowMissingStats: true
2024-04-24T00:51:37,845  INFO [main] HiveMetaStore.audit: ugi=alex	ip=unknown-ip-addr	cmd=get_table : tbl=hive.default.tstage	
2024-04-24T00:51:37,855  INFO [main] metastore.HMSHandler: Skipping translation for processor with null
2024-04-24T00:51:37,856  INFO [main] HiveMetaStore.audit: ugi=alex	ip=unknown-ip-addr	cmd=get_table : tbl=hive.default.tstage	
2024-04-24T00:51:37,865  INFO [main] metastore.HMSHandler: Skipping translation for processor with null
2024-04-24T00:51:37,865  INFO [main] HiveMetaStore.audit: ugi=alex	ip=unknown-ip-addr	cmd=get_table_statistics_req: table=hive.default.tstage	
2024-04-24T00:51:37,876  WARN [main] calcite.RelOptHiveTable: No Stats for default@tstage, Columns: a, b
No Stats for default@tstage, Columns: a, b
2024-04-24T00:51:37,876  INFO [main] SessionState: No Stats for default@tstage, Columns: a, b
2024-04-24T00:51:37,923  INFO [main] parse.AcidExportSemanticAnalyzer: Get metadata for source tables
2024-04-24T00:51:37,923  INFO [main] parse.AcidExportSemanticAnalyzer: Get metadata for subqueries
2024-04-24T00:51:37,923  INFO [main] parse.AcidExportSemanticAnalyzer: Get metadata for destination tables
2024-04-24T00:51:37,925  INFO [main] common.FileUtils: Creating directory if it doesn't exist: file:/home/alex/Repositories/hive/ql/target/tmp/scratchdir/alex/1886a1d9-c44c-480e-9498-5ad1dc64a6f5/_tmp_space.db/1ecae212-a544-42e2-afa4-9bf5cfce0b42/.hive-staging_hive_2024-04-24_00-51-37_805_8086474477445456117-1
2024-04-24T00:51:37,928  INFO [main] HiveMetaStore.audit: ugi=alex	ip=unknown-ip-addr	cmd=get_not_null_constraints : tbl=hive.default.tstage_8453ac91_f9be_429b_b507_773d96699cb1	
2024-04-24T00:51:37,930  INFO [main] HiveMetaStore.audit: ugi=alex	ip=unknown-ip-addr	cmd=get_check_constraints : tbl=hive.default.tstage_8453ac91_f9be_429b_b507_773d96699cb1	
2024-04-24T00:51:37,934  INFO [main] parse.AcidExportSemanticAnalyzer: CBO Succeeded; optimized logical plan.
2024-04-24T00:51:37,938  INFO [main] optimizer.BucketVersionPopulator: not considering bucketingVersion for: TS[0] because it has -1<2 buckets 
2024-04-24T00:51:37,938  INFO [main] optimizer.SortedDynPartitionOptimizer: Sorted dynamic partitioning optimization kicked in..
2024-04-24T00:51:37,948  INFO [main] optimizer.GenMRFileSink1: using CombineHiveInputformat for the merge job
2024-04-24T00:51:37,950  INFO [main] physical.Vectorizer: Examining input format to see if vectorization is enabled.
2024-04-24T00:51:37,950  INFO [main] physical.Vectorizer: Vectorization is enabled for input format(s) [org.apache.hadoop.hive.ql.io.orc.OrcInputFormat]
2024-04-24T00:51:37,950  INFO [main] physical.Vectorizer: Validating and vectorizing MapWork... (vectorizedVertexNum 0)
2024-04-24T00:51:37,951  INFO [main] physical.Vectorizer: Map vectorization enabled: true
2024-04-24T00:51:37,951  INFO [main] physical.Vectorizer: Map vectorized: true
2024-04-24T00:51:37,951  INFO [main] physical.Vectorizer: Map vectorizedVertexNum: 0
2024-04-24T00:51:37,951  INFO [main] physical.Vectorizer: Map enabledConditionsMet: [hive.vectorized.use.vectorized.input.format IS true]
2024-04-24T00:51:37,951  INFO [main] physical.Vectorizer: Map inputFileFormatClassNameSet: [org.apache.hadoop.hive.ql.io.orc.OrcInputFormat]
2024-04-24T00:51:37,952  INFO [main] parse.AcidExportSemanticAnalyzer: Completed plan generation
2024-04-24T00:51:37,955  INFO [main] HiveMetaStore.audit: ugi=alex	ip=unknown-ip-addr	cmd=get_table : tbl=hive.default.Tstage	
2024-04-24T00:51:37,962  INFO [main] metastore.HMSHandler: Skipping translation for processor with null
2024-04-24T00:51:37,962  INFO [main] parse.EximUtil: Path before norm :/home/alex/Repositories/hive/ql/target/tmp/org.apache.hadoop.hive.ql.TestTxnExIm-1713945026909/warehouse/1
2024-04-24T00:51:37,962  INFO [main] parse.EximUtil: Scheme:file, authority:null, path:/home/alex/Repositories/hive/ql/target/tmp/org.apache.hadoop.hive.ql.TestTxnExIm-1713945026909/warehouse/1
2024-04-24T00:51:37,962  INFO [main] parse.EximUtil: Path before norm :/home/alex/Repositories/hive/ql/target/tmp/org.apache.hadoop.hive.ql.TestTxnExIm-1713945026909/warehouse/1
2024-04-24T00:51:37,962  INFO [main] parse.EximUtil: Scheme:file, authority:null, path:/home/alex/Repositories/hive/ql/target/tmp/org.apache.hadoop.hive.ql.TestTxnExIm-1713945026909/warehouse/1
2024-04-24T00:51:37,963  INFO [main] parse.AcidExportSemanticAnalyzer: Ending caching scope for: 
2024-04-24T00:51:37,963  INFO [main] ql.Driver: Semantic Analysis Completed (retrial = false)
2024-04-24T00:51:37,963  INFO [main] ql.Driver: Created Hive schema: Schema(fieldSchemas:[FieldSchema(name:tstage.a, type:int, comment:null), FieldSchema(name:tstage.b, type:int, comment:null)], properties:null)
2024-04-24T00:51:37,963  INFO [main] metadata.Hive: Dumping metastore api call timing information for : compilation phase
2024-04-24T00:51:37,963  INFO [main] metadata.Hive: Total time spent in each metastore function (ms): {getCurrentNotificationEventId_()=3, isCompatibleWith_(Configuration)=3, commitTxn_(CommitTxnRequest)=10, getValidWriteIds_(List, String)=2, getTable_(GetTableRequest)=47, createTable_(Table)=3, getCheckConstraints_(CheckConstraintsRequest)=1, getTableColumnStatistics_(String, String, List, String)=30, getDatabase_(String)=1, getAllTableConstraints_(AllTableConstraintsRequest)=6, openTxn_(String, TxnType)=1, flushCache_()=0, getValidTxns_(long)=1, getNotNullConstraints_(NotNullConstraintsRequest)=2}
2024-04-24T00:51:37,963  INFO [main] ql.Driver: Completed compiling command(queryId=alex_20240424005137_bd88a4a0-48da-49fd-86e2-fbd0f2b763a3); Time taken: 0.194 seconds
2024-04-24T00:51:37,964  INFO [main] lockmgr.DbTxnManager: Setting lock request transaction to txnid:17 for queryId=alex_20240424005137_bd88a4a0-48da-49fd-86e2-fbd0f2b763a3
2024-04-24T00:51:37,964  INFO [main] lockmgr.DbLockManager: Requesting lock for queryId=alex_20240424005137_bd88a4a0-48da-49fd-86e2-fbd0f2b763a3
2024-04-24T00:51:37,981  INFO [main] lockmgr.DbLockManager: Response to queryId=alex_20240424005137_bd88a4a0-48da-49fd-86e2-fbd0f2b763a3 LockResponse(lockid:11, state:ACQUIRED)
2024-04-24T00:51:37,981  INFO [main] ql.Driver: Operation QUERY obtained 1 locks
2024-04-24T00:51:37,982  INFO [main] ql.Driver: Executing command(queryId=alex_20240424005137_bd88a4a0-48da-49fd-86e2-fbd0f2b763a3): export table Tstage to '/home/alex/Repositories/hive/ql/target/tmp/org.apache.hadoop.hive.ql.TestTxnExIm-1713945026909/warehouse/1'
2024-04-24T00:51:37,983  WARN [main] ql.Driver: Hive-on-MR is deprecated in Hive 2 and may not be available in the future versions. Consider using a different execution engine (i.e. tez, spark) or using Hive 1.X releases.
Query ID = alex_20240424005137_bd88a4a0-48da-49fd-86e2-fbd0f2b763a3
2024-04-24T00:51:37,983  INFO [main] ql.Driver: Query ID = alex_20240424005137_bd88a4a0-48da-49fd-86e2-fbd0f2b763a3
Total jobs = 1
2024-04-24T00:51:37,984  INFO [main] ql.Driver: Total jobs = 1
Launching Job 1 out of 1
2024-04-24T00:51:37,984  INFO [main] ql.Driver: Launching Job 1 out of 1
2024-04-24T00:51:38,134  INFO [main] ql.Driver: Starting task [Stage-2:MAPRED] in serial mode
Number of reduce tasks is set to 0 since there's no reduce operator
2024-04-24T00:51:38,134  INFO [main] exec.Task: Number of reduce tasks is set to 0 since there's no reduce operator
2024-04-24T00:51:38,139  INFO [main] mr.ExecDriver: Using org.apache.hadoop.hive.ql.io.HiveInputFormat
2024-04-24T00:51:38,139  INFO [main] exec.Utilities: Processing alias tstage
2024-04-24T00:51:38,139  INFO [main] exec.Utilities: Adding 1 inputs; the first input is file:/home/alex/Repositories/hive/ql/target/tmp/org.apache.hadoop.hive.ql.TestTxnExIm-1713945026909/warehouse/tstage
2024-04-24T00:51:38,150  INFO [main] exec.SerializationUtilities: Serializing MapWork using kryo
2024-04-24T00:51:38,151  INFO [main] exec.Utilities: Serialized plan (via FILE) - name: null size: 6,56KB
2024-04-24T00:51:38,152  WARN [main] impl.MetricsSystemImpl: JobTracker metrics system already initialized!
2024-04-24T00:51:38,156  INFO [main] fs.FSStatsPublisher: created : file:/home/alex/Repositories/hive/ql/target/tmp/localscratchdir/1886a1d9-c44c-480e-9498-5ad1dc64a6f5/hive_2024-04-24_00-51-37_805_8086474477445456117-1/-mr-10001
2024-04-24T00:51:38,160  WARN [main] impl.MetricsSystemImpl: JobTracker metrics system already initialized!
2024-04-24T00:51:38,167  WARN [main] mapreduce.JobResourceUploader: Hadoop command-line option parsing not performed. Implement the Tool interface and execute your application with ToolRunner to remedy this.
2024-04-24T00:51:38,172  WARN [main] mapreduce.JobResourceUploader: No job jar file set.  User classes may not be found. See Job or Job#setJar(String).
2024-04-24T00:51:38,173  INFO [main] io.HiveInputFormat: hive.io.file.readcolumn.ids = 0,1
2024-04-24T00:51:38,173  INFO [main] io.HiveInputFormat: hive.io.file.readcolumn.names = a,b
2024-04-24T00:51:38,173  INFO [main] io.HiveInputFormat: Generating splits for dirs: file:/home/alex/Repositories/hive/ql/target/tmp/org.apache.hadoop.hive.ql.TestTxnExIm-1713945026909/warehouse/tstage
2024-04-24T00:51:38,173  INFO [main] orc.OrcInputFormat: getSplits started
2024-04-24T00:51:38,173  INFO [main] orc.OrcInputFormat: Context:: isAcid: true isVectorMode: true sarg: null minSplitSize: 1 maxSplitSize: 256000000 splitStrategy: HYBRID footerInSplits: false numBuckets: 0 numThreads: 10 cacheMemSize: 268435456 cacheStripeDetails: true useSoftReference: false writeIdList: default.tstage:1:9223372036854775807:: isTransactionalTable: true txnProperties: default 
2024-04-24T00:51:38,173  INFO [main] orc.OrcInputFormat: ORC pushdown predicate: null
2024-04-24T00:51:38,183  INFO [main] orc.OrcInputFormat: FooterCacheHitRatio: 0/1
2024-04-24T00:51:38,183  INFO [main] orc.OrcInputFormat: getSplits finished (#splits: 1). duration: 10 ms
2024-04-24T00:51:38,183  INFO [main] io.HiveInputFormat: number of splits 1
2024-04-24T00:51:38,200  INFO [main] mapreduce.JobSubmitter: number of splits:1
2024-04-24T00:51:38,220  INFO [main] mapreduce.JobSubmitter: Submitting tokens for job: job_local705744467_0025
2024-04-24T00:51:38,220  INFO [main] mapreduce.JobSubmitter: Executing with tokens: []
2024-04-24T00:51:38,281  INFO [main] mapreduce.Job: The url to track the job: http://localhost:8080/
Job running in-process (local Hadoop)
2024-04-24T00:51:38,281  INFO [main] exec.Task: Job running in-process (local Hadoop)
2024-04-24T00:51:38,281  INFO [Thread-1884] mapred.LocalJobRunner: OutputCommitter set in config org.apache.hadoop.hive.ql.io.HiveFileFormatUtils$NullOutputCommitter
2024-04-24T00:51:38,281  INFO [Thread-1884] mapred.LocalJobRunner: OutputCommitter is org.apache.hadoop.hive.ql.io.HiveFileFormatUtils$NullOutputCommitter
2024-04-24T00:51:38,283  INFO [Thread-1884] mapred.LocalJobRunner: Waiting for map tasks
2024-04-24T00:51:38,283  INFO [LocalJobRunner Map Task Executor #0] mapred.LocalJobRunner: Starting task: attempt_local705744467_0025_m_000000_0
2024-04-24T00:51:38,283  INFO [LocalJobRunner Map Task Executor #0] mapred.Task:  Using ResourceCalculatorProcessTree : [ ]
2024-04-24T00:51:38,284  INFO [LocalJobRunner Map Task Executor #0] mapred.MapTask: Processing split: org.apache.hadoop.hive.ql.io.orc.OrcInputFormat:OrcSplit [file:/home/alex/Repositories/hive/ql/target/tmp/org.apache.hadoop.hive.ql.TestTxnExIm-1713945026909/warehouse/tstage/delta_0000001_0000001_0000/bucket_00000_0, start=3, length=311, isOriginal=false, fileLength=686, hasFooter=false, hasBase=true, deltas=0]
2024-04-24T00:51:38,284  INFO [LocalJobRunner Map Task Executor #0] exec.SerializationUtilities: Deserializing MapWork using kryo
2024-04-24T00:51:38,285  INFO [LocalJobRunner Map Task Executor #0] exec.Utilities: Deserialized plan (via FILE) - name: null size: 6,56KB
2024-04-24T00:51:38,286  INFO [LocalJobRunner Map Task Executor #0] orc.VectorizedOrcAcidRowBatchReader: Read ValidWriteIdList: default.tstage:1:9223372036854775807:::OrcSplit [file:/home/alex/Repositories/hive/ql/target/tmp/org.apache.hadoop.hive.ql.TestTxnExIm-1713945026909/warehouse/tstage/delta_0000001_0000001_0000/bucket_00000_0, start=3, length=311, isOriginal=false, fileLength=686, hasFooter=false, hasBase=true, deltas=0]
2024-04-24T00:51:38,286  INFO [LocalJobRunner Map Task Executor #0] orc.ReaderImpl: Reading ORC rows from file:/home/alex/Repositories/hive/ql/target/tmp/org.apache.hadoop.hive.ql.TestTxnExIm-1713945026909/warehouse/tstage/delta_0000001_0000001_0000/bucket_00000_0 with {include: [true, true, true], offset: 3, length: 311, schema: struct<a:int,b:int>, includeAcidColumns: false}
2024-04-24T00:51:38,287  INFO [LocalJobRunner Map Task Executor #0] mapred.MapTask: numReduceTasks: 0
2024-04-24T00:51:38,288  INFO [LocalJobRunner Map Task Executor #0] vector.VectorMapOperator: Initializing Operator: MAP[0]
2024-04-24T00:51:38,288  INFO [LocalJobRunner Map Task Executor #0] mr.ExecMapper: 
<MAP>Id =0
  <Children>null
  <\Children>
  <Parent><\Parent>
<\MAP>
2024-04-24T00:51:38,289  INFO [LocalJobRunner Map Task Executor #0] exec.TableScanOperator: Initializing Operator: TS[0]
2024-04-24T00:51:38,289  INFO [LocalJobRunner Map Task Executor #0] vector.VectorSelectOperator: Initializing Operator: SEL[4]
2024-04-24T00:51:38,289  INFO [LocalJobRunner Map Task Executor #0] vector.VectorFileSinkOperator: Initializing Operator: FS[5]
2024-04-24T00:51:38,290  INFO [LocalJobRunner Map Task Executor #0] exec.FileSinkOperator: Using serializer : AbstractSerDe [log=org.apache.logging.slf4j.Log4jLogger@752e4bcc, configuration=Optional[Configuration: core-default.xml, core-site.xml, mapred-default.xml, mapred-site.xml, yarn-default.xml, yarn-site.xml, hdfs-default.xml, hdfs-site.xml, file:/home/alex/Repositories/hive/ql/target/tmp/TestTxnExIm/mapred/local/localRunner/alex/job_local705744467_0025/job_local705744467_0025.xml], properties={name=default.tstage_8453ac91_f9be_429b_b507_773d96699cb1, transactional=false, columns.types=int:int, numFilesErasureCoded=0, columns=a,b, columns.comments=&amp#0;, serialization.lib=org.apache.hadoop.hive.ql.io.orc.OrcSerde, file.inputformat=org.apache.hadoop.hive.ql.io.orc.OrcInputFormat, file.outputformat=org.apache.hadoop.hive.ql.io.orc.OrcOutputFormat, location=file:/home/alex/Repositories/hive/ql/target/tmp/scratchdir/alex/1886a1d9-c44c-480e-9498-5ad1dc64a6f5/_tmp_space.db/1ecae212-a544-42e2-afa4-9bf5cfce0b42, column.name.delimiter=,}, tableProperties={name=default.tstage_8453ac91_f9be_429b_b507_773d96699cb1, transactional=false, columns.types=int:int, numFilesErasureCoded=0, columns=a,b, columns.comments=&amp#0;, serialization.lib=org.apache.hadoop.hive.ql.io.orc.OrcSerde, file.inputformat=org.apache.hadoop.hive.ql.io.orc.OrcInputFormat, location=file:/home/alex/Repositories/hive/ql/target/tmp/scratchdir/alex/1886a1d9-c44c-480e-9498-5ad1dc64a6f5/_tmp_space.db/1ecae212-a544-42e2-afa4-9bf5cfce0b42, file.outputformat=org.apache.hadoop.hive.ql.io.orc.OrcOutputFormat, column.name.delimiter=,}, partitionProperties=Optional.empty, columnNames=[a, b], columnTypes=[int, int], getClass()=class org.apache.hadoop.hive.ql.io.orc.OrcSerde] and formatter : org.apache.hadoop.hive.ql.io.orc.OrcOutputFormat@3ee1c619
2024-04-24T00:51:38,290  INFO [LocalJobRunner Map Task Executor #0] exec.FileSinkOperator: Final Path: FS file:/home/alex/Repositories/hive/ql/target/tmp/scratchdir/alex/1886a1d9-c44c-480e-9498-5ad1dc64a6f5/_tmp_space.db/1ecae212-a544-42e2-afa4-9bf5cfce0b42/.hive-staging_hive_2024-04-24_00-51-37_805_8086474477445456117-1/_tmp.-ext-10002/000000_0
2024-04-24T00:51:38,290  INFO [LocalJobRunner Map Task Executor #0] exec.FileSinkOperator: Writing to temp file: FS file:/home/alex/Repositories/hive/ql/target/tmp/scratchdir/alex/1886a1d9-c44c-480e-9498-5ad1dc64a6f5/_tmp_space.db/1ecae212-a544-42e2-afa4-9bf5cfce0b42/.hive-staging_hive_2024-04-24_00-51-37_805_8086474477445456117-1/_task_tmp.-ext-10002/_tmp.000000_0
2024-04-24T00:51:38,290  INFO [LocalJobRunner Map Task Executor #0] exec.FileSinkOperator: New Final Path: FS file:/home/alex/Repositories/hive/ql/target/tmp/scratchdir/alex/1886a1d9-c44c-480e-9498-5ad1dc64a6f5/_tmp_space.db/1ecae212-a544-42e2-afa4-9bf5cfce0b42/.hive-staging_hive_2024-04-24_00-51-37_805_8086474477445456117-1/_tmp.-ext-10002/000000_0
2024-04-24T00:51:38,290  INFO [LocalJobRunner Map Task Executor #0] exec.FileSinkOperator: FS[5]: records written - 1
2024-04-24T00:51:38,290  INFO [LocalJobRunner Map Task Executor #0] impl.PhysicalFsWriter: ORC writer created for path: file:/home/alex/Repositories/hive/ql/target/tmp/scratchdir/alex/1886a1d9-c44c-480e-9498-5ad1dc64a6f5/_tmp_space.db/1ecae212-a544-42e2-afa4-9bf5cfce0b42/.hive-staging_hive_2024-04-24_00-51-37_805_8086474477445456117-1/_task_tmp.-ext-10002/_tmp.000000_0 with stripeSize: 67108864 blockSize: 268435456 compression: Compress: ZLIB buffer: 262144
2024-04-24T00:51:38,297  INFO [LocalJobRunner Map Task Executor #0] impl.WriterImpl: ORC writer created for path: file:/home/alex/Repositories/hive/ql/target/tmp/scratchdir/alex/1886a1d9-c44c-480e-9498-5ad1dc64a6f5/_tmp_space.db/1ecae212-a544-42e2-afa4-9bf5cfce0b42/.hive-staging_hive_2024-04-24_00-51-37_805_8086474477445456117-1/_task_tmp.-ext-10002/_tmp.000000_0 with stripeSize: 67108864 options: Compress: ZLIB buffer: 262144
2024-04-24T00:51:38,298  INFO [LocalJobRunner Map Task Executor #0] vector.VectorMapOperator: Closing Operator: MAP[0]
2024-04-24T00:51:38,298  INFO [LocalJobRunner Map Task Executor #0] vector.VectorMapOperator: RECORDS_OUT_INTERMEDIATE:0, RECORDS_OUT_OPERATOR_MAP_0:0, DESERIALIZE_ERRORS:0, RECORDS_IN:3, 
2024-04-24T00:51:38,298  INFO [LocalJobRunner Map Task Executor #0] exec.TableScanOperator: Closing Operator: TS[0]
2024-04-24T00:51:38,298  INFO [LocalJobRunner Map Task Executor #0] exec.TableScanOperator: RECORDS_OUT_INTERMEDIATE:0, RECORDS_OUT_OPERATOR_TS_0:3, 
2024-04-24T00:51:38,298  INFO [LocalJobRunner Map Task Executor #0] vector.VectorSelectOperator: Closing Operator: SEL[4]
2024-04-24T00:51:38,298  INFO [LocalJobRunner Map Task Executor #0] vector.VectorSelectOperator: RECORDS_OUT_INTERMEDIATE:0, RECORDS_OUT_OPERATOR_SEL_4:3, 
2024-04-24T00:51:38,298  INFO [LocalJobRunner Map Task Executor #0] vector.VectorFileSinkOperator: Closing Operator: FS[5]
2024-04-24T00:51:38,298  INFO [LocalJobRunner Map Task Executor #0] exec.FileSinkOperator: FS[5]: records written - 3
2024-04-24T00:51:38,305  INFO [LocalJobRunner Map Task Executor #0] vector.VectorFileSinkOperator: TOTAL_TABLE_ROWS_WRITTEN:3, RECORDS_OUT_OPERATOR_FS_5:3, RECORDS_OUT_1_default.tstage_8453ac91_f9be_429b_b507_773d96699cb1:3, RECORDS_OUT_INTERMEDIATE:0, 
2024-04-24T00:51:38,305  INFO [LocalJobRunner Map Task Executor #0] mapred.LocalJobRunner: 
2024-04-24T00:51:38,306  INFO [LocalJobRunner Map Task Executor #0] mapred.Task: Task:attempt_local705744467_0025_m_000000_0 is done. And is in the process of committing
2024-04-24T00:51:38,306  INFO [LocalJobRunner Map Task Executor #0] mapred.LocalJobRunner: OrcSplit [file:/home/alex/Repositories/hive/ql/target/tmp/org.apache.hadoop.hive.ql.TestTxnExIm-1713945026909/warehouse/tstage/delta_0000001_0000001_0000/bucket_00000_0, start=3, length=311, isOriginal=false, fileLength=686, hasFooter=false, hasBase=true, deltas=0]
2024-04-24T00:51:38,306  INFO [LocalJobRunner Map Task Executor #0] mapred.Task: Task 'attempt_local705744467_0025_m_000000_0' done.
2024-04-24T00:51:38,306  INFO [LocalJobRunner Map Task Executor #0] mapred.Task: Final Counters for attempt_local705744467_0025_m_000000_0: Counters: 25
	File System Counters
		FILE: Number of bytes read=463217
		FILE: Number of bytes written=29211290
		FILE: Number of read operations=0
		FILE: Number of large read operations=0
		FILE: Number of write operations=0
	Map-Reduce Framework
		Map input records=1
		Map output records=0
		Input split bytes=485
		Spilled Records=0
		Failed Shuffles=0
		Merged Map outputs=0
		GC time elapsed (ms)=0
		Total committed heap usage (bytes)=1181220864
	HIVE
		CREATED_FILES=1
		DESERIALIZE_ERRORS=0
		RECORDS_IN=3
		RECORDS_OUT_1_default.tstage_8453ac91_f9be_429b_b507_773d96699c=3
		RECORDS_OUT_INTERMEDIATE=0
		RECORDS_OUT_OPERATOR_FS_5=3
		RECORDS_OUT_OPERATOR_MAP_0=0
		RECORDS_OUT_OPERATOR_SEL_4=3
		RECORDS_OUT_OPERATOR_TS_0=3
		TOTAL_TABLE_ROWS_WRITTEN=3
	File Input Format Counters 
		Bytes Read=9449
	File Output Format Counters 
		Bytes Written=0
2024-04-24T00:51:38,306  INFO [LocalJobRunner Map Task Executor #0] mapred.LocalJobRunner: Finishing task: attempt_local705744467_0025_m_000000_0
2024-04-24T00:51:38,306  INFO [Thread-1884] mapred.LocalJobRunner: map task executor complete.
2024-04-24 00:51:39,282 Stage-2 map = 100%,  reduce = 0%
2024-04-24T00:51:39,282  INFO [main] exec.Task: 2024-04-24 00:51:39,282 Stage-2 map = 100%,  reduce = 0%
Ended Job = job_local705744467_0025
2024-04-24T00:51:39,282  INFO [main] exec.Task: Ended Job = job_local705744467_0025
2024-04-24T00:51:39,284  INFO [main] ql.Driver: Starting task [Stage-8:CONDITIONAL] in serial mode
Stage-5 is selected by condition resolver.
2024-04-24T00:51:39,284  INFO [main] exec.Task: Stage-5 is selected by condition resolver.
Stage-4 is filtered out by condition resolver.
2024-04-24T00:51:39,284  INFO [main] exec.Task: Stage-4 is filtered out by condition resolver.
Stage-6 is filtered out by condition resolver.
2024-04-24T00:51:39,284  INFO [main] exec.Task: Stage-6 is filtered out by condition resolver.
2024-04-24T00:51:39,285  INFO [main] ql.Driver: Starting task [Stage-5:MOVE] in serial mode
Moving data to directory file:/home/alex/Repositories/hive/ql/target/tmp/scratchdir/alex/1886a1d9-c44c-480e-9498-5ad1dc64a6f5/_tmp_space.db/1ecae212-a544-42e2-afa4-9bf5cfce0b42/.hive-staging_hive_2024-04-24_00-51-37_805_8086474477445456117-1/-ext-10000
2024-04-24T00:51:39,285  INFO [main] exec.Task: Moving data to directory file:/home/alex/Repositories/hive/ql/target/tmp/scratchdir/alex/1886a1d9-c44c-480e-9498-5ad1dc64a6f5/_tmp_space.db/1ecae212-a544-42e2-afa4-9bf5cfce0b42/.hive-staging_hive_2024-04-24_00-51-37_805_8086474477445456117-1/-ext-10000 from file:/home/alex/Repositories/hive/ql/target/tmp/scratchdir/alex/1886a1d9-c44c-480e-9498-5ad1dc64a6f5/_tmp_space.db/1ecae212-a544-42e2-afa4-9bf5cfce0b42/.hive-staging_hive_2024-04-24_00-51-37_805_8086474477445456117-1/-ext-10002
2024-04-24T00:51:39,285  INFO [main] ql.Driver: Starting task [Stage-1:MOVE] in serial mode
Loading data to table default.tstage_8453ac91_f9be_429b_b507_773d96699cb1
2024-04-24T00:51:39,286  INFO [main] exec.Task: Loading data to table default.tstage_8453ac91_f9be_429b_b507_773d96699cb1 from file:/home/alex/Repositories/hive/ql/target/tmp/scratchdir/alex/1886a1d9-c44c-480e-9498-5ad1dc64a6f5/_tmp_space.db/1ecae212-a544-42e2-afa4-9bf5cfce0b42/.hive-staging_hive_2024-04-24_00-51-37_805_8086474477445456117-1/-ext-10000
2024-04-24T00:51:39,288  WARN [main] metadata.Hive: Cannot get a table snapshot for tstage_8453ac91_f9be_429b_b507_773d96699cb1
2024-04-24T00:51:39,288  INFO [main] metadata.SessionHiveMetaStoreClient: Column stats doesn't exist for db=default temp table=tstage_8453ac91_f9be_429b_b507_773d96699cb1
2024-04-24T00:51:39,288  INFO [main] ql.Driver: Starting task [Stage-10:DDL] in serial mode
2024-04-24T00:51:39,289  INFO [main] metadata.SessionHiveMetaStoreClient: Column stats doesn't exist for db=default temp table=tstage_8453ac91_f9be_429b_b507_773d96699cb1
2024-04-24T00:51:39,290  INFO [main] ql.Driver: Starting task [Stage-9:REPL_DUMP] in serial mode
2024-04-24T00:51:39,290  INFO [main] parse.EximUtil: Path before norm :/home/alex/Repositories/hive/ql/target/tmp/org.apache.hadoop.hive.ql.TestTxnExIm-1713945026909/warehouse/1
2024-04-24T00:51:39,290  INFO [main] parse.EximUtil: Scheme:file, authority:null, path:/home/alex/Repositories/hive/ql/target/tmp/org.apache.hadoop.hive.ql.TestTxnExIm-1713945026909/warehouse/1
2024-04-24T00:51:39,290  INFO [main] parse.EximUtil: Path before norm :/home/alex/Repositories/hive/ql/target/tmp/org.apache.hadoop.hive.ql.TestTxnExIm-1713945026909/warehouse/1
2024-04-24T00:51:39,290  INFO [main] parse.EximUtil: Scheme:file, authority:null, path:/home/alex/Repositories/hive/ql/target/tmp/org.apache.hadoop.hive.ql.TestTxnExIm-1713945026909/warehouse/1
2024-04-24T00:51:39,290  INFO [main] plan.ExportWork: Swapping export of Tstage to default.tstage_8453ac91_f9be_429b_b507_773d96699cb1 using partSpec=null
2024-04-24T00:51:39,303  WARN [main] shims.Utils: XAttr won't be preserved since it is not supported for file system: file:///
2024-04-24T00:51:39,308  INFO [main] ql.Driver: Starting task [Stage-11:DDL] in serial mode
2024-04-24T00:51:39,309  INFO [main] metadata.SessionHiveMetaStoreClient: Column stats doesn't exist for db=default temp table=tstage_8453ac91_f9be_429b_b507_773d96699cb1
2024-04-24T00:51:39,309  INFO [main] metadata.Hive: Dumping metastore api call timing information for : execution phase
2024-04-24T00:51:39,310  INFO [main] metadata.Hive: Total time spent in each metastore function (ms): {getTable_(GetTableRequest)=1, getValidWriteIds_(List, String)=0, dropTable_(String, String, boolean, boolean, boolean)=0, alter_table_(String, String, String, Table, EnvironmentContext, String)=0, isCompatibleWith_(Configuration)=0}
MapReduce Jobs Launched: 
2024-04-24T00:51:39,310  INFO [main] ql.Driver: MapReduce Jobs Launched: 
Stage-Stage-2:  HDFS Read: 0 HDFS Write: 0 SUCCESS
2024-04-24T00:51:39,310  INFO [main] ql.Driver: Stage-Stage-2:  HDFS Read: 0 HDFS Write: 0 SUCCESS
Total MapReduce CPU Time Spent: 0 msec
2024-04-24T00:51:39,310  INFO [main] ql.Driver: Total MapReduce CPU Time Spent: 0 msec
2024-04-24T00:51:39,310  INFO [main] ql.Driver: Completed executing command(queryId=alex_20240424005137_bd88a4a0-48da-49fd-86e2-fbd0f2b763a3); Time taken: 1.327 seconds
2024-04-24T00:51:39,310  INFO [main] lockmgr.DbTxnManager: Stopped heartbeat for query: alex_20240424005137_bd88a4a0-48da-49fd-86e2-fbd0f2b763a3
2024-04-24T00:51:39,314  INFO [main] txn.TxnHandler: Expected to move at least one record from txn_components to completed_txn_components when committing txn! txnid:17
2024-04-24T00:51:39,319  INFO [main] txn.TxnHandler: Removed transactions: ([17]) from MIN_HISTORY_LEVEL
2024-04-24T00:51:39,319  WARN [main] txn.CompactionTxnHandler: No compaction queue record found for Compaction type transaction commit. txnId:17
2024-04-24T00:51:39,320  INFO [main] ql.TxnCommandsBaseForTests: Running the query: import table T from '/home/alex/Repositories/hive/ql/target/tmp/org.apache.hadoop.hive.ql.TestTxnExIm-1713945026909/warehouse/1'
2024-04-24T00:51:39,320  INFO [main] ql.Context: Deleting scratch dir: file:/home/alex/Repositories/hive/ql/target/tmp/localscratchdir/1886a1d9-c44c-480e-9498-5ad1dc64a6f5/hive_2024-04-24_00-51-37_805_8086474477445456117-1
2024-04-24T00:51:39,321  INFO [main] cleanup.SyncCleanupService: Deleted directory: file:/home/alex/Repositories/hive/ql/target/tmp/localscratchdir/1886a1d9-c44c-480e-9498-5ad1dc64a6f5/hive_2024-04-24_00-51-37_805_8086474477445456117-1 on fs with scheme file
2024-04-24T00:51:39,321  INFO [main] ql.Context: Deleting scratch dir: file:/home/alex/Repositories/hive/ql/target/tmp/scratchdir/alex/1886a1d9-c44c-480e-9498-5ad1dc64a6f5/_tmp_space.db/1ecae212-a544-42e2-afa4-9bf5cfce0b42/.hive-staging_hive_2024-04-24_00-51-37_805_8086474477445456117-1
2024-04-24T00:51:39,321  INFO [main] ql.Context: Deleting scratch dir: file:/home/alex/Repositories/hive/ql/target/tmp/localscratchdir/1886a1d9-c44c-480e-9498-5ad1dc64a6f5/hive_2024-04-24_00-51-37_769_304403206624535811-1
2024-04-24T00:51:39,321  INFO [main] cleanup.SyncCleanupService: Deleted directory: file:/home/alex/Repositories/hive/ql/target/tmp/localscratchdir/1886a1d9-c44c-480e-9498-5ad1dc64a6f5/hive_2024-04-24_00-51-37_769_304403206624535811-1 on fs with scheme file
2024-04-24T00:51:39,322  INFO [main] ql.Driver: Compiling command(queryId=alex_20240424005139_a2da4306-a016-4088-9cdd-776a35d4339a): import table T from '/home/alex/Repositories/hive/ql/target/tmp/org.apache.hadoop.hive.ql.TestTxnExIm-1713945026909/warehouse/1'
2024-04-24T00:51:39,324  INFO [main] txn.TxnHandler: Added entries to MIN_HISTORY_LEVEL for current txns: ([18]) with min_open_txn: 18
2024-04-24T00:51:39,324  INFO [main] lockmgr.DbTxnManager: Opened txnid:18
2024-04-24T00:51:39,325  INFO [main] parse.EximUtil: Path before norm :/home/alex/Repositories/hive/ql/target/tmp/org.apache.hadoop.hive.ql.TestTxnExIm-1713945026909/warehouse/1
2024-04-24T00:51:39,325  INFO [main] parse.EximUtil: Scheme:file, authority:null, path:/home/alex/Repositories/hive/ql/target/tmp/org.apache.hadoop.hive.ql.TestTxnExIm-1713945026909/warehouse/1
2024-04-24T00:51:39,327  INFO [main] parse.EximUtil: Path before norm :/home/alex/Repositories/hive/ql/target/tmp/org.apache.hadoop.hive.ql.TestTxnExIm-1713945026909/warehouse/1
2024-04-24T00:51:39,327  INFO [main] parse.EximUtil: Scheme:file, authority:null, path:/home/alex/Repositories/hive/ql/target/tmp/org.apache.hadoop.hive.ql.TestTxnExIm-1713945026909/warehouse/1
2024-04-24T00:51:39,327  INFO [main] HiveMetaStore.audit: ugi=alex	ip=unknown-ip-addr	cmd=get_table : tbl=hive.default.T	
2024-04-24T00:51:39,334  INFO [main] txn.TxnHandler: Allocated writeId: 1 for txnId: 18
2024-04-24T00:51:39,334  INFO [main] txn.TxnHandler: Allocated write ids for dbName=default, tblName=t (txnIds: [18])
2024-04-24T00:51:39,335  INFO [main] HiveMetaStore.audit: ugi=alex	ip=unknown-ip-addr	cmd=get_database: default	
2024-04-24T00:51:39,337  INFO [main] ql.Driver: Semantic Analysis Completed (retrial = false)
2024-04-24T00:51:39,337  INFO [main] ql.Driver: Created Hive schema: Schema(fieldSchemas:null, properties:null)
2024-04-24T00:51:39,337  INFO [main] metadata.Hive: Dumping metastore api call timing information for : compilation phase
2024-04-24T00:51:39,338  INFO [main] metadata.Hive: Total time spent in each metastore function (ms): {allocateTableWriteId_(long, String, String)=3, getDatabase_(String)=3, isCompatibleWith_(Configuration)=1, commitTxn_(CommitTxnRequest)=10, openTxn_(String, TxnType)=2, flushCache_()=0, getValidTxns_(long)=0}
2024-04-24T00:51:39,338  INFO [main] ql.Driver: Completed compiling command(queryId=alex_20240424005139_a2da4306-a016-4088-9cdd-776a35d4339a); Time taken: 0.015 seconds
2024-04-24T00:51:39,338  INFO [main] lockmgr.DbTxnManager: Setting lock request transaction to txnid:18 for queryId=alex_20240424005139_a2da4306-a016-4088-9cdd-776a35d4339a
2024-04-24T00:51:39,338  INFO [main] lockmgr.DbLockManager: Requesting lock for queryId=alex_20240424005139_a2da4306-a016-4088-9cdd-776a35d4339a
2024-04-24T00:51:39,353  INFO [main] lockmgr.DbLockManager: Response to queryId=alex_20240424005139_a2da4306-a016-4088-9cdd-776a35d4339a LockResponse(lockid:12, state:ACQUIRED)
2024-04-24T00:51:39,354  INFO [main] ql.Driver: Operation IMPORT obtained 1 locks
2024-04-24T00:51:39,354  INFO [main] ql.Driver: Executing command(queryId=alex_20240424005139_a2da4306-a016-4088-9cdd-776a35d4339a): import table T from '/home/alex/Repositories/hive/ql/target/tmp/org.apache.hadoop.hive.ql.TestTxnExIm-1713945026909/warehouse/1'
2024-04-24T00:51:39,354  INFO [main] ql.Driver: Starting task [Stage-1:COPY] in serial mode
Copying data from file:/home/alex/Repositories/hive/ql/target/tmp/org.apache.hadoop.hive.ql.TestTxnExIm-1713945026909/warehouse/1/data
2024-04-24T00:51:39,354  INFO [main] exec.Task: Copying data from file:/home/alex/Repositories/hive/ql/target/tmp/org.apache.hadoop.hive.ql.TestTxnExIm-1713945026909/warehouse/1/data to file:/home/alex/Repositories/hive/ql/target/tmp/org.apache.hadoop.hive.ql.TestTxnExIm-1713945026909/warehouse/t/delta_0000001_0000001_0000
2024-04-24T00:51:39,354  INFO [main] common.FileUtils: Creating directory if it doesn't exist: file:/home/alex/Repositories/hive/ql/target/tmp/org.apache.hadoop.hive.ql.TestTxnExIm-1713945026909/warehouse/t/delta_0000001_0000001_0000
Copying file: file:/home/alex/Repositories/hive/ql/target/tmp/org.apache.hadoop.hive.ql.TestTxnExIm-1713945026909/warehouse/1/data/000000_0
2024-04-24T00:51:39,359  INFO [main] exec.Task: Copying file: file:/home/alex/Repositories/hive/ql/target/tmp/org.apache.hadoop.hive.ql.TestTxnExIm-1713945026909/warehouse/1/data/000000_0
2024-04-24T00:51:39,359  WARN [main] shims.Utils: XAttr won't be preserved since it is not supported for file system: file:///
2024-04-24T00:51:39,364  INFO [main] ql.Driver: Starting task [Stage-0:DDL] in serial mode
2024-04-24T00:51:39,368  INFO [main] HiveMetaStore.audit: ugi=alex	ip=unknown-ip-addr	cmd=create_table_req: Table(tableName:T, dbName:default, owner:alex, createTime:1713945099, lastAccessTime:0, retention:0, sd:StorageDescriptor(cols:[FieldSchema(name:a, type:int, comment:null), FieldSchema(name:b, type:int, comment:null)], location:null, inputFormat:org.apache.hadoop.hive.ql.io.orc.OrcInputFormat, outputFormat:org.apache.hadoop.hive.ql.io.orc.OrcOutputFormat, compressed:false, numBuckets:-1, serdeInfo:SerDeInfo(name:null, serializationLib:org.apache.hadoop.hive.ql.io.orc.OrcSerde, parameters:{serialization.format=1}), bucketCols:[], sortCols:[], parameters:{}, skewedInfo:SkewedInfo(skewedColNames:[], skewedColValues:[], skewedColValueLocationMaps:{}), storedAsSubDirectories:false), partitionKeys:[], parameters:{numRows=0, last_modified_by=alex, COLUMN_STATS_ACCURATE={"BASIC_STATS":"true","COLUMN_STATS":{"a":"true","b":"true"}}, rawDataSize=0, numFilesErasureCoded=0, last_modified_time=1713945099, transactional=true, bucketing_version=2, totalSize=0, numFiles=0}, viewOriginalText:null, viewExpandedText:null, tableType:MANAGED_TABLE, privileges:PrincipalPrivilegeSet(userPrivileges:{alex=[PrivilegeGrantInfo(privilege:INSERT, createTime:-1, grantor:alex, grantorType:USER, grantOption:true), PrivilegeGrantInfo(privilege:SELECT, createTime:-1, grantor:alex, grantorType:USER, grantOption:true), PrivilegeGrantInfo(privilege:UPDATE, createTime:-1, grantor:alex, grantorType:USER, grantOption:true), PrivilegeGrantInfo(privilege:DELETE, createTime:-1, grantor:alex, grantorType:USER, grantOption:true)]}, groupPrivileges:null, rolePrivileges:null), temporary:false, catName:hive, ownerType:USER, writeId:1)	
2024-04-24T00:51:39,392  INFO [main] ql.Driver: Starting task [Stage-2:MOVE] in serial mode
Loading data to table default.T
2024-04-24T00:51:39,392  INFO [main] exec.Task: Loading data to table default.T from file:/home/alex/Repositories/hive/ql/target/tmp/org.apache.hadoop.hive.ql.TestTxnExIm-1713945026909/warehouse/t
2024-04-24T00:51:39,392  INFO [main] HiveMetaStore.audit: ugi=alex	ip=unknown-ip-addr	cmd=get_table : tbl=hive.default.T	
2024-04-24T00:51:39,401  INFO [main] metastore.HMSHandler: Skipping translation for processor with null
2024-04-24T00:51:39,401  INFO [main] HiveMetaStore.audit: ugi=alex	ip=unknown-ip-addr	cmd=get_table : tbl=hive.default.T	
2024-04-24T00:51:39,409  INFO [main] metastore.HMSHandler: Skipping translation for processor with null
2024-04-24T00:51:39,410  INFO [main] HiveMetaStore.audit: ugi=alex	ip=unknown-ip-addr	cmd=alter_table: hive.default.t newtbl=t	
2024-04-24T00:51:39,426  INFO [main] utils.MetaStoreServerUtils: Updating table stats for t
2024-04-24T00:51:39,426  INFO [main] utils.MetaStoreServerUtils: Updated size of table t to 256
2024-04-24T00:51:39,441  INFO [main] metadata.Hive: Dumping metastore api call timing information for : execution phase
2024-04-24T00:51:39,441  INFO [main] metadata.Hive: Total time spent in each metastore function (ms): {alter_table_(String, String, String, Table, EnvironmentContext, String)=31, isCompatibleWith_(Configuration)=0, getTable_(GetTableRequest)=17, createTable_(Table)=25, getValidWriteIds_(List, String)=2}
2024-04-24T00:51:39,441  INFO [main] ql.Driver: Completed executing command(queryId=alex_20240424005139_a2da4306-a016-4088-9cdd-776a35d4339a); Time taken: 0.087 seconds
2024-04-24T00:51:39,441  INFO [main] lockmgr.DbTxnManager: Stopped heartbeat for query: alex_20240424005139_a2da4306-a016-4088-9cdd-776a35d4339a
2024-04-24T00:51:39,446  INFO [main] txn.TxnHandler: Expected to move at least one record from txn_components to completed_txn_components when committing txn! txnid:18
2024-04-24T00:51:39,453  INFO [main] txn.TxnHandler: Removed transactions: ([18]) from MIN_HISTORY_LEVEL
2024-04-24T00:51:39,453  WARN [main] txn.CompactionTxnHandler: No compaction queue record found for Compaction type transaction commit. txnId:18
2024-04-24T00:51:39,454  INFO [main] ql.TxnCommandsBaseForTests: Running the query: select ROW__ID, a, b, INPUT__FILE__NAME from T order by ROW__ID
2024-04-24T00:51:39,454  INFO [main] ql.Driver: Compiling command(queryId=alex_20240424005139_0aba3115-d160-4fbf-9e05-93e3fe025c12): select ROW__ID, a, b, INPUT__FILE__NAME from T order by ROW__ID
2024-04-24T00:51:39,457  INFO [main] txn.TxnHandler: Added entries to MIN_HISTORY_LEVEL for current txns: ([19]) with min_open_txn: 18
2024-04-24T00:51:39,457  INFO [main] lockmgr.DbTxnManager: Opened txnid:19
2024-04-24T00:51:39,458  INFO [main] parse.CalcitePlanner: Starting caching scope for: 
2024-04-24T00:51:39,458  INFO [main] parse.CalcitePlanner: Starting Semantic Analysis
2024-04-24T00:51:39,461  INFO [main] parse.CalcitePlanner: Completed phase 1 of Semantic Analysis
2024-04-24T00:51:39,461  INFO [main] parse.CalcitePlanner: Get metadata for source tables
2024-04-24T00:51:39,462  INFO [main] HiveMetaStore.audit: ugi=alex	ip=unknown-ip-addr	cmd=get_table : tbl=hive.default.t	
2024-04-24T00:51:39,468  INFO [main] metastore.ObjectStore: Removed COLUMN_STATS_ACCURATE from Table's parameters.
2024-04-24T00:51:39,470  INFO [main] metastore.HMSHandler: Skipping translation for processor with null
2024-04-24T00:51:39,470  INFO [main] parse.CalcitePlanner: Get metadata for subqueries
2024-04-24T00:51:39,470  INFO [main] parse.CalcitePlanner: Get metadata for destination tables
2024-04-24T00:51:39,470  INFO [main] parse.CalcitePlanner: Completed getting MetaData in Semantic Analysis
2024-04-24T00:51:39,484  INFO [main] HiveMetaStore.audit: ugi=alex	ip=unknown-ip-addr	cmd=get_all_table_constraints : tbl=hive.default.t	
2024-04-24T00:51:39,513  INFO [main] calcite.RelOptHiveTable: Calculating column statistics for default.t, projIndxSet: [0, 1], allowMissingStats: true
2024-04-24T00:51:39,514  INFO [main] HiveMetaStore.audit: ugi=alex	ip=unknown-ip-addr	cmd=get_table : tbl=hive.default.t	
2024-04-24T00:51:39,524  INFO [main] metastore.HMSHandler: Skipping translation for processor with null
2024-04-24T00:51:39,525  INFO [main] HiveMetaStore.audit: ugi=alex	ip=unknown-ip-addr	cmd=get_table : tbl=hive.default.t	
2024-04-24T00:51:39,536  INFO [main] metastore.HMSHandler: Skipping translation for processor with null
2024-04-24T00:51:39,536  INFO [main] HiveMetaStore.audit: ugi=alex	ip=unknown-ip-addr	cmd=get_table_statistics_req: table=hive.default.t	
2024-04-24T00:51:39,546  WARN [main] calcite.RelOptHiveTable: No Stats for default@t, Columns: a, b
No Stats for default@t, Columns: a, b
2024-04-24T00:51:39,546  INFO [main] SessionState: No Stats for default@t, Columns: a, b
2024-04-24T00:51:39,595  INFO [main] parse.CalcitePlanner: Get metadata for source tables
2024-04-24T00:51:39,595  INFO [main] parse.CalcitePlanner: Get metadata for subqueries
2024-04-24T00:51:39,595  INFO [main] parse.CalcitePlanner: Get metadata for destination tables
2024-04-24T00:51:39,597  INFO [main] common.FileUtils: Creating directory if it doesn't exist: file:/home/alex/Repositories/hive/ql/target/tmp/localscratchdir/1886a1d9-c44c-480e-9498-5ad1dc64a6f5/hive_2024-04-24_00-51-39_454_4571276720462131957-1/-mr-10001/.hive-staging_hive_2024-04-24_00-51-39_454_4571276720462131957-1
2024-04-24T00:51:39,605  INFO [main] parse.CalcitePlanner: CBO Succeeded; optimized logical plan.
2024-04-24T00:51:39,608  INFO [main] optimizer.ColumnPrunerProcFactory: RS 2 oldColExprMap: {VALUE._col2=Column[_col3], VALUE._col0=Column[_col1], VALUE._col1=Column[_col2], KEY.reducesinkkey0=Column[_col0]}
2024-04-24T00:51:39,608  INFO [main] optimizer.ColumnPrunerProcFactory: RS 2 newColExprMap: {VALUE._col0=Column[_col1], VALUE._col1=Column[_col2], VALUE._col2=Column[_col3], KEY.reducesinkkey0=Column[_col0]}
2024-04-24T00:51:39,610  INFO [main] optimizer.BucketVersionPopulator: not considering bucketingVersion for: TS[0] because it has -1<2 buckets 
2024-04-24T00:51:39,610  INFO [main] optimizer.SortedDynPartitionOptimizer: Sorted dynamic partitioning optimization kicked in..
2024-04-24T00:51:39,620  INFO [main] physical.Vectorizer: Examining input format to see if vectorization is enabled.
2024-04-24T00:51:39,620  INFO [main] physical.Vectorizer: Vectorization is enabled for input format(s) [org.apache.hadoop.hive.ql.io.orc.OrcInputFormat]
2024-04-24T00:51:39,620  INFO [main] physical.Vectorizer: Validating and vectorizing MapWork... (vectorizedVertexNum 0)
2024-04-24T00:51:39,620  INFO [main] physical.Vectorizer: Map vectorization enabled: true
2024-04-24T00:51:39,620  INFO [main] physical.Vectorizer: Map vectorized: false
2024-04-24T00:51:39,620  INFO [main] physical.Vectorizer: Map notVectorizedReason: Select expression for SELECT operator: Virtual column INPUT__FILE__NAME is not supported
2024-04-24T00:51:39,620  INFO [main] physical.Vectorizer: Map vectorizedVertexNum: 0
2024-04-24T00:51:39,620  INFO [main] physical.Vectorizer: Map enabledConditionsMet: [hive.vectorized.use.vectorized.input.format IS true]
2024-04-24T00:51:39,620  INFO [main] physical.Vectorizer: Map inputFileFormatClassNameSet: [org.apache.hadoop.hive.ql.io.orc.OrcInputFormat]
2024-04-24T00:51:39,620  INFO [main] physical.Vectorizer: Reduce vectorization enabled: false
2024-04-24T00:51:39,620  INFO [main] physical.Vectorizer: Reduce vectorized: false
2024-04-24T00:51:39,620  INFO [main] physical.Vectorizer: Reduce vectorizedVertexNum: 1
2024-04-24T00:51:39,620  INFO [main] physical.Vectorizer: Reducer hive.vectorized.execution.reduce.enabled: true
2024-04-24T00:51:39,620  INFO [main] physical.Vectorizer: Reducer engine: mr
2024-04-24T00:51:39,620  INFO [main] parse.CalcitePlanner: Completed plan generation
2024-04-24T00:51:39,620  INFO [main] parse.CalcitePlanner: Ending caching scope for: 
2024-04-24T00:51:39,620  INFO [main] ql.Driver: Semantic Analysis Completed (retrial = false)
2024-04-24T00:51:39,621  INFO [main] ql.Driver: Created Hive schema: Schema(fieldSchemas:[FieldSchema(name:row__id, type:struct<writeid:bigint,bucketid:int,rowid:bigint>, comment:null), FieldSchema(name:a, type:int, comment:null), FieldSchema(name:b, type:int, comment:null), FieldSchema(name:input__file__name, type:string, comment:null)], properties:null)
2024-04-24T00:51:39,622  INFO [main] exec.ListSinkOperator: Initializing Operator: LIST_SINK[5]
2024-04-24T00:51:39,622  INFO [main] metadata.Hive: Dumping metastore api call timing information for : compilation phase
2024-04-24T00:51:39,622  INFO [main] metadata.Hive: Total time spent in each metastore function (ms): {getValidTxns_(long)=0, getTable_(GetTableRequest)=8, openTxn_(String, TxnType)=2, getValidWriteIds_(List, String)=4, flushCache_()=0, getAllTableConstraints_(AllTableConstraintsRequest)=8, commitTxn_(CommitTxnRequest)=12, isCompatibleWith_(Configuration)=0, getTableColumnStatistics_(String, String, List, String)=31}
2024-04-24T00:51:39,623  INFO [main] ql.Driver: Completed compiling command(queryId=alex_20240424005139_0aba3115-d160-4fbf-9e05-93e3fe025c12); Time taken: 0.168 seconds
2024-04-24T00:51:39,623  INFO [main] lockmgr.DbTxnManager: Setting lock request transaction to txnid:19 for queryId=alex_20240424005139_0aba3115-d160-4fbf-9e05-93e3fe025c12
2024-04-24T00:51:39,623  INFO [main] lockmgr.DbLockManager: Requesting lock for queryId=alex_20240424005139_0aba3115-d160-4fbf-9e05-93e3fe025c12
2024-04-24T00:51:39,637  INFO [main] lockmgr.DbLockManager: Response to queryId=alex_20240424005139_0aba3115-d160-4fbf-9e05-93e3fe025c12 LockResponse(lockid:13, state:ACQUIRED)
2024-04-24T00:51:39,638  INFO [main] ql.Driver: Operation QUERY obtained 1 locks
2024-04-24T00:51:39,638  INFO [main] ql.Driver: Executing command(queryId=alex_20240424005139_0aba3115-d160-4fbf-9e05-93e3fe025c12): select ROW__ID, a, b, INPUT__FILE__NAME from T order by ROW__ID
2024-04-24T00:51:39,639  WARN [main] ql.Driver: Hive-on-MR is deprecated in Hive 2 and may not be available in the future versions. Consider using a different execution engine (i.e. tez, spark) or using Hive 1.X releases.
Query ID = alex_20240424005139_0aba3115-d160-4fbf-9e05-93e3fe025c12
2024-04-24T00:51:39,639  INFO [main] ql.Driver: Query ID = alex_20240424005139_0aba3115-d160-4fbf-9e05-93e3fe025c12
Total jobs = 1
2024-04-24T00:51:39,639  INFO [main] ql.Driver: Total jobs = 1
Launching Job 1 out of 1
2024-04-24T00:51:39,639  INFO [main] ql.Driver: Launching Job 1 out of 1
2024-04-24T00:51:39,808  INFO [main] ql.Driver: Starting task [Stage-1:MAPRED] in serial mode
Number of reduce tasks determined at compile time: 1
2024-04-24T00:51:39,808  INFO [main] exec.Task: Number of reduce tasks determined at compile time: 1
In order to change the average load for a reducer (in bytes):
2024-04-24T00:51:39,808  INFO [main] exec.Task: In order to change the average load for a reducer (in bytes):
  set hive.exec.reducers.bytes.per.reducer=<number>
2024-04-24T00:51:39,808  INFO [main] exec.Task:   set hive.exec.reducers.bytes.per.reducer=<number>
In order to limit the maximum number of reducers:
2024-04-24T00:51:39,808  INFO [main] exec.Task: In order to limit the maximum number of reducers:
  set hive.exec.reducers.max=<number>
2024-04-24T00:51:39,808  INFO [main] exec.Task:   set hive.exec.reducers.max=<number>
In order to set a constant number of reducers:
2024-04-24T00:51:39,809  INFO [main] exec.Task: In order to set a constant number of reducers:
  set mapreduce.job.reduces=<number>
2024-04-24T00:51:39,809  INFO [main] exec.Task:   set mapreduce.job.reduces=<number>
2024-04-24T00:51:39,811  INFO [main] mr.ExecDriver: Using org.apache.hadoop.hive.ql.io.HiveInputFormat
2024-04-24T00:51:39,811  INFO [main] exec.Utilities: Processing alias t
2024-04-24T00:51:39,811  INFO [main] exec.Utilities: Adding 1 inputs; the first input is file:/home/alex/Repositories/hive/ql/target/tmp/org.apache.hadoop.hive.ql.TestTxnExIm-1713945026909/warehouse/t
2024-04-24T00:51:39,821  INFO [main] exec.SerializationUtilities: Serializing MapWork using kryo
2024-04-24T00:51:39,822  INFO [main] exec.Utilities: Serialized plan (via FILE) - name: null size: 5,10KB
2024-04-24T00:51:39,827  INFO [main] exec.SerializationUtilities: Serializing ReduceWork using kryo
2024-04-24T00:51:39,828  INFO [main] exec.Utilities: Serialized plan (via FILE) - name: null size: 6,05KB
2024-04-24T00:51:39,829  WARN [main] impl.MetricsSystemImpl: JobTracker metrics system already initialized!
2024-04-24T00:51:39,834  WARN [main] impl.MetricsSystemImpl: JobTracker metrics system already initialized!
2024-04-24T00:51:39,842  WARN [main] mapreduce.JobResourceUploader: Hadoop command-line option parsing not performed. Implement the Tool interface and execute your application with ToolRunner to remedy this.
2024-04-24T00:51:39,846  WARN [main] mapreduce.JobResourceUploader: No job jar file set.  User classes may not be found. See Job or Job#setJar(String).
2024-04-24T00:51:39,847  INFO [main] io.HiveInputFormat: hive.io.file.readcolumn.ids = 0,1
2024-04-24T00:51:39,847  INFO [main] io.HiveInputFormat: hive.io.file.readcolumn.names = a,b
2024-04-24T00:51:39,847  INFO [main] io.HiveInputFormat: Generating splits for dirs: file:/home/alex/Repositories/hive/ql/target/tmp/org.apache.hadoop.hive.ql.TestTxnExIm-1713945026909/warehouse/t
2024-04-24T00:51:39,848  INFO [main] orc.OrcInputFormat: getSplits started
2024-04-24T00:51:39,848  INFO [main] orc.OrcInputFormat: Context:: isAcid: true isVectorMode: false sarg: null minSplitSize: 1 maxSplitSize: 256000000 splitStrategy: HYBRID footerInSplits: false numBuckets: 0 numThreads: 10 cacheMemSize: 268435456 cacheStripeDetails: true useSoftReference: false writeIdList: default.t:1:9223372036854775807:: isTransactionalTable: true txnProperties: default 
2024-04-24T00:51:39,848  INFO [main] orc.OrcInputFormat: ORC pushdown predicate: null
2024-04-24T00:51:39,856  INFO [main] orc.OrcInputFormat: FooterCacheHitRatio: 0/1
2024-04-24T00:51:39,856  INFO [main] orc.OrcInputFormat: getSplits finished (#splits: 1). duration: 8 ms
2024-04-24T00:51:39,856  INFO [main] io.HiveInputFormat: number of splits 1
2024-04-24T00:51:39,874  INFO [main] mapreduce.JobSubmitter: number of splits:1
2024-04-24T00:51:39,894  INFO [main] mapreduce.JobSubmitter: Submitting tokens for job: job_local1944410037_0026
2024-04-24T00:51:39,894  INFO [main] mapreduce.JobSubmitter: Executing with tokens: []
2024-04-24T00:51:39,956  INFO [main] mapreduce.Job: The url to track the job: http://localhost:8080/
Job running in-process (local Hadoop)
2024-04-24T00:51:39,956  INFO [main] exec.Task: Job running in-process (local Hadoop)
2024-04-24T00:51:39,956  INFO [Thread-1942] mapred.LocalJobRunner: OutputCommitter set in config org.apache.hadoop.hive.ql.io.HiveFileFormatUtils$NullOutputCommitter
2024-04-24T00:51:39,956  INFO [Thread-1942] mapred.LocalJobRunner: OutputCommitter is org.apache.hadoop.hive.ql.io.HiveFileFormatUtils$NullOutputCommitter
2024-04-24T00:51:39,958  INFO [Thread-1942] mapred.LocalJobRunner: Waiting for map tasks
2024-04-24T00:51:39,958  INFO [LocalJobRunner Map Task Executor #0] mapred.LocalJobRunner: Starting task: attempt_local1944410037_0026_m_000000_0
2024-04-24T00:51:39,958  INFO [LocalJobRunner Map Task Executor #0] mapred.Task:  Using ResourceCalculatorProcessTree : [ ]
2024-04-24T00:51:39,959  INFO [LocalJobRunner Map Task Executor #0] mapred.MapTask: Processing split: org.apache.hadoop.hive.ql.io.orc.OrcInputFormat:OrcSplit [file:/home/alex/Repositories/hive/ql/target/tmp/org.apache.hadoop.hive.ql.TestTxnExIm-1713945026909/warehouse/t/delta_0000001_0000001_0000/000000_0, start=3, length=112, isOriginal=true, fileLength=256, hasFooter=false, hasBase=true, deltas=0]
2024-04-24T00:51:39,960  INFO [LocalJobRunner Map Task Executor #0] exec.SerializationUtilities: Deserializing MapWork using kryo
2024-04-24T00:51:39,960  INFO [LocalJobRunner Map Task Executor #0] exec.Utilities: Deserialized plan (via FILE) - name: null size: 5,10KB
2024-04-24T00:51:39,961  INFO [LocalJobRunner Map Task Executor #0] orc.OrcRawRecordMerger: min key = null, max key = null
2024-04-24T00:51:39,962  INFO [LocalJobRunner Map Task Executor #0] orc.ReaderImpl: Reading ORC rows from file:/home/alex/Repositories/hive/ql/target/tmp/org.apache.hadoop.hive.ql.TestTxnExIm-1713945026909/warehouse/t/delta_0000001_0000001_0000/000000_0 with {include: [true, true, true], offset: 3, length: 112, schema: struct<a:int,b:int>, includeAcidColumns: true}
2024-04-24T00:51:39,966  INFO [LocalJobRunner Map Task Executor #0] orc.OrcRawRecordMerger: updated min key = null, max key = null
2024-04-24T00:51:39,966  INFO [LocalJobRunner Map Task Executor #0] mapred.MapTask: numReduceTasks: 1
2024-04-24T00:51:39,970  INFO [LocalJobRunner Map Task Executor #0] mapred.MapTask: (EQUATOR) 0 kvi 26214396(104857584)
2024-04-24T00:51:39,970  INFO [LocalJobRunner Map Task Executor #0] mapred.MapTask: mapreduce.task.io.sort.mb: 100
2024-04-24T00:51:39,970  INFO [LocalJobRunner Map Task Executor #0] mapred.MapTask: soft limit at 83886080
2024-04-24T00:51:39,970  INFO [LocalJobRunner Map Task Executor #0] mapred.MapTask: bufstart = 0; bufvoid = 104857600
2024-04-24T00:51:39,970  INFO [LocalJobRunner Map Task Executor #0] mapred.MapTask: kvstart = 26214396; length = 6553600
2024-04-24T00:51:39,971  INFO [LocalJobRunner Map Task Executor #0] mapred.MapTask: Map output collector class = org.apache.hadoop.mapred.MapTask$MapOutputBuffer
2024-04-24T00:51:39,971  INFO [LocalJobRunner Map Task Executor #0] exec.MapOperator: Initializing Operator: MAP[0]
2024-04-24T00:51:39,973  INFO [LocalJobRunner Map Task Executor #0] mr.ExecMapper: 
<MAP>Id =0
  <Children>null
  <\Children>
  <Parent><\Parent>
<\MAP>
2024-04-24T00:51:39,974  INFO [LocalJobRunner Map Task Executor #0] exec.TableScanOperator: Initializing Operator: TS[0]
2024-04-24T00:51:39,974  INFO [LocalJobRunner Map Task Executor #0] exec.SelectOperator: Initializing Operator: SEL[1]
2024-04-24T00:51:39,974  INFO [LocalJobRunner Map Task Executor #0] exec.SelectOperator: SELECT struct<a:int,b:int,row__id:struct<writeid:bigint,bucketid:int,rowid:bigint>,input__file__name:string>
2024-04-24T00:51:39,974  INFO [LocalJobRunner Map Task Executor #0] exec.ReduceSinkOperator: Initializing Operator: RS[2]
2024-04-24T00:51:39,974  INFO [LocalJobRunner Map Task Executor #0] exec.ReduceSinkOperator: Using tag = -1
2024-04-24T00:51:39,975  INFO [LocalJobRunner Map Task Executor #0] exec.ReduceSinkOperator: keys are [reducesinkkey0] num distributions: 1
2024-04-24T00:51:39,976  INFO [LocalJobRunner Map Task Executor #0] exec.ReduceSinkOperator: RS[2]: records written - 1
2024-04-24T00:51:39,976  INFO [LocalJobRunner Map Task Executor #0] exec.MapOperator: MAP[0]: records read - 1
2024-04-24T00:51:39,976  INFO [LocalJobRunner Map Task Executor #0] exec.MapOperator: Closing Operator: MAP[0]
2024-04-24T00:51:39,976  INFO [LocalJobRunner Map Task Executor #0] exec.MapOperator: MAP[0]: Total records read - 3. abort - false
2024-04-24T00:51:39,976  INFO [LocalJobRunner Map Task Executor #0] exec.MapOperator: DESERIALIZE_ERRORS:0, RECORDS_OUT_INTERMEDIATE:0, RECORDS_IN:3, RECORDS_OUT_OPERATOR_MAP_0:0, 
2024-04-24T00:51:39,976  INFO [LocalJobRunner Map Task Executor #0] exec.TableScanOperator: Closing Operator: TS[0]
2024-04-24T00:51:39,977  INFO [LocalJobRunner Map Task Executor #0] exec.TableScanOperator: RECORDS_OUT_INTERMEDIATE:0, RECORDS_OUT_OPERATOR_TS_0:3, 
2024-04-24T00:51:39,977  INFO [LocalJobRunner Map Task Executor #0] exec.SelectOperator: Closing Operator: SEL[1]
2024-04-24T00:51:39,977  INFO [LocalJobRunner Map Task Executor #0] exec.SelectOperator: RECORDS_OUT_OPERATOR_SEL_1:3, RECORDS_OUT_INTERMEDIATE:0, 
2024-04-24T00:51:39,977  INFO [LocalJobRunner Map Task Executor #0] exec.ReduceSinkOperator: Closing Operator: RS[2]
2024-04-24T00:51:39,977  INFO [LocalJobRunner Map Task Executor #0] exec.ReduceSinkOperator: RS[2]: Total records written - 3. abort - false
2024-04-24T00:51:39,977  INFO [LocalJobRunner Map Task Executor #0] exec.ReduceSinkOperator: RECORDS_OUT_OPERATOR_RS_2:3, RECORDS_OUT_INTERMEDIATE:3, 
2024-04-24T00:51:39,977  INFO [LocalJobRunner Map Task Executor #0] mapred.LocalJobRunner: 
2024-04-24T00:51:39,977  INFO [LocalJobRunner Map Task Executor #0] mapred.MapTask: Starting flush of map output
2024-04-24T00:51:39,977  INFO [LocalJobRunner Map Task Executor #0] mapred.MapTask: Spilling map output
2024-04-24T00:51:39,977  INFO [LocalJobRunner Map Task Executor #0] mapred.MapTask: bufstart = 0; bufend = 555; bufvoid = 104857600
2024-04-24T00:51:39,977  INFO [LocalJobRunner Map Task Executor #0] mapred.MapTask: kvstart = 26214396(104857584); kvend = 26214388(104857552); length = 9/6553600
2024-04-24T00:51:39,988  INFO [LocalJobRunner Map Task Executor #0] mapred.MapTask: Finished spill 0
2024-04-24T00:51:39,991  INFO [LocalJobRunner Map Task Executor #0] mapred.Task: Task:attempt_local1944410037_0026_m_000000_0 is done. And is in the process of committing
2024-04-24T00:51:39,992  INFO [LocalJobRunner Map Task Executor #0] mapred.LocalJobRunner: OrcSplit [file:/home/alex/Repositories/hive/ql/target/tmp/org.apache.hadoop.hive.ql.TestTxnExIm-1713945026909/warehouse/t/delta_0000001_0000001_0000/000000_0, start=3, length=112, isOriginal=true, fileLength=256, hasFooter=false, hasBase=true, deltas=0]
2024-04-24T00:51:39,992  INFO [LocalJobRunner Map Task Executor #0] mapred.Task: Task 'attempt_local1944410037_0026_m_000000_0' done.
2024-04-24T00:51:39,992  INFO [LocalJobRunner Map Task Executor #0] mapred.Task: Final Counters for attempt_local1944410037_0026_m_000000_0: Counters: 24
	File System Counters
		FILE: Number of bytes read=473097
		FILE: Number of bytes written=30382820
		FILE: Number of read operations=0
		FILE: Number of large read operations=0
		FILE: Number of write operations=0
	Map-Reduce Framework
		Map input records=3
		Map output records=3
		Map output bytes=555
		Map output materialized bytes=570
		Input split bytes=469
		Combine input records=0
		Spilled Records=3
		Failed Shuffles=0
		Merged Map outputs=0
		GC time elapsed (ms)=0
		Total committed heap usage (bytes)=1181220864
	HIVE
		DESERIALIZE_ERRORS=0
		RECORDS_IN=3
		RECORDS_OUT_INTERMEDIATE=3
		RECORDS_OUT_OPERATOR_MAP_0=0
		RECORDS_OUT_OPERATOR_RS_2=3
		RECORDS_OUT_OPERATOR_SEL_1=3
		RECORDS_OUT_OPERATOR_TS_0=3
	File Input Format Counters 
		Bytes Read=6238
2024-04-24T00:51:39,992  INFO [LocalJobRunner Map Task Executor #0] mapred.LocalJobRunner: Finishing task: attempt_local1944410037_0026_m_000000_0
2024-04-24T00:51:39,992  INFO [Thread-1942] mapred.LocalJobRunner: map task executor complete.
2024-04-24T00:51:39,993  INFO [Thread-1942] mapred.LocalJobRunner: Waiting for reduce tasks
2024-04-24T00:51:39,993  INFO [pool-116-thread-1] mapred.LocalJobRunner: Starting task: attempt_local1944410037_0026_r_000000_0
2024-04-24T00:51:39,993  INFO [pool-116-thread-1] mapred.Task:  Using ResourceCalculatorProcessTree : [ ]
2024-04-24T00:51:39,993  INFO [pool-116-thread-1] mapred.ReduceTask: Using ShuffleConsumerPlugin: org.apache.hadoop.mapreduce.task.reduce.Shuffle@3650ecca
2024-04-24T00:51:39,994  WARN [pool-116-thread-1] impl.MetricsSystemImpl: JobTracker metrics system already initialized!
2024-04-24T00:51:39,994  INFO [pool-116-thread-1] reduce.MergeManagerImpl: MergerManager: memoryLimit=1336252800, maxSingleShuffleLimit=334063200, mergeThreshold=881926912, ioSortFactor=10, memToMemMergeOutputsThreshold=10
2024-04-24T00:51:39,995  INFO [EventFetcher for fetching Map Completion Events] reduce.EventFetcher: attempt_local1944410037_0026_r_000000_0 Thread started: EventFetcher for fetching Map Completion Events
2024-04-24T00:51:39,998  INFO [localfetcher#18] reduce.LocalFetcher: localfetcher#18 about to shuffle output of map attempt_local1944410037_0026_m_000000_0 decomp: 566 len: 570 to MEMORY
2024-04-24T00:51:39,998  INFO [localfetcher#18] reduce.InMemoryMapOutput: Read 566 bytes from map-output for attempt_local1944410037_0026_m_000000_0
2024-04-24T00:51:39,998  INFO [localfetcher#18] reduce.MergeManagerImpl: closeInMemoryFile -> map-output of size: 566, inMemoryMapOutputs.size() -> 1, commitMemory -> 0, usedMemory ->566
2024-04-24T00:51:39,998  INFO [EventFetcher for fetching Map Completion Events] reduce.EventFetcher: EventFetcher is interrupted.. Returning
2024-04-24T00:51:39,999  INFO [pool-116-thread-1] mapred.LocalJobRunner: 1 / 1 copied.
2024-04-24T00:51:39,999  INFO [pool-116-thread-1] reduce.MergeManagerImpl: finalMerge called with 1 in-memory map-outputs and 0 on-disk map-outputs
2024-04-24T00:51:40,005  INFO [pool-116-thread-1] mapred.Merger: Merging 1 sorted segments
2024-04-24T00:51:40,005  INFO [pool-116-thread-1] mapred.Merger: Down to the last merge-pass, with 1 segments left of total size: 534 bytes
2024-04-24T00:51:40,008  INFO [pool-116-thread-1] reduce.MergeManagerImpl: Merged 1 segments, 566 bytes to disk to satisfy reduce memory limit
2024-04-24T00:51:40,008  INFO [pool-116-thread-1] reduce.MergeManagerImpl: Merging 1 files, 570 bytes from disk
2024-04-24T00:51:40,008  INFO [pool-116-thread-1] reduce.MergeManagerImpl: Merging 0 segments, 0 bytes from memory into reduce
2024-04-24T00:51:40,008  INFO [pool-116-thread-1] mapred.Merger: Merging 1 sorted segments
2024-04-24T00:51:40,008  INFO [pool-116-thread-1] mapred.Merger: Down to the last merge-pass, with 1 segments left of total size: 534 bytes
2024-04-24T00:51:40,008  INFO [pool-116-thread-1] mapred.LocalJobRunner: 1 / 1 copied.
2024-04-24T00:51:40,008  INFO [pool-116-thread-1] exec.SerializationUtilities: Deserializing ReduceWork using kryo
2024-04-24T00:51:40,009  INFO [pool-116-thread-1] exec.Utilities: Deserialized plan (via FILE) - name: null size: 6,05KB
2024-04-24T00:51:40,010  INFO [pool-116-thread-1] ExecReducer: 
<SEL>Id =3
  <Children>
    <FS>Id =4
      <Children>
      <\Children>
      <Parent>Id = 3 null<\Parent>
    <\FS>
  <\Children>
  <Parent><\Parent>
<\SEL>
2024-04-24T00:51:40,010  INFO [pool-116-thread-1] exec.SelectOperator: Initializing Operator: SEL[3]
2024-04-24T00:51:40,010  INFO [pool-116-thread-1] exec.SelectOperator: SELECT struct<key:struct<reducesinkkey0:struct<writeid:bigint,bucketid:int,rowid:bigint>>,value:struct<_col0:int,_col1:int,_col2:string>>
2024-04-24T00:51:40,010  INFO [pool-116-thread-1] exec.FileSinkOperator: Initializing Operator: FS[4]
2024-04-24T00:51:40,010  INFO [pool-116-thread-1] exec.FileSinkOperator: Using serializer : class org.apache.hadoop.hive.serde2.lazy.LazySimpleSerDe [serdeParams=org.apache.hadoop.hive.serde2.lazy.LazySerDeParameters@2675892, cachedObjectInspector=org.apache.hadoop.hive.serde2.lazy.objectinspector.LazySimpleStructObjectInspector<org.apache.hadoop.hive.serde2.lazy.objectinspector.LazySimpleStructObjectInspector<org.apache.hadoop.hive.serde2.lazy.objectinspector.primitive.LazyLongObjectInspector@ee9fce9,org.apache.hadoop.hive.serde2.lazy.objectinspector.primitive.LazyIntObjectInspector@69f69078,org.apache.hadoop.hive.serde2.lazy.objectinspector.primitive.LazyLongObjectInspector@ee9fce9>,org.apache.hadoop.hive.serde2.lazy.objectinspector.primitive.LazyIntObjectInspector@69f69078,org.apache.hadoop.hive.serde2.lazy.objectinspector.primitive.LazyIntObjectInspector@69f69078,org.apache.hadoop.hive.serde2.lazy.objectinspector.primitive.LazyStringObjectInspector@d65ba64>, serializedSize=0, stats=org.apache.hadoop.hive.serde2.SerDeStats@67a7b25f, lastOperationSerialize=false, lastOperationDeserialize=false [1, 2, 3, 4, 5, 6, 7, 8, 11, 14, 15, 16, 17, 18, 19, 20, 21, 22, 23, 24, 25, 26, 28, 29, 30, 31, -128, -127, -126, -125, -124, -123, -122, -121, -120, -119, -118, -117, -116, -115, -114, -113, -112, -111, -110, -109, -108, -107, -106, -105, -104, -103, -102, -101, -100, -99, -98, -97, -96, -95, -94, -93, -92, -91, -90, -89, -88, -87, -86, -85, -84, -83, -82, -81, -80, -79, -78, -77, -76, -75, -74, -73, -72, -71, -70, -69, -68, -67, -66, -65, -64, -63, -62, -61, -60, -59, -58, -57, -56, -55, -54, -53, -52, -51, -50, -49, -48, -47, -46, -45, -44, -43, -42, -41, -40, -39, -38, -37, -36, -35, -34, -33, -32, -31, -30, -29, -28, -27, -26, -25, -24, -23, -22, -21, -20, -19, -18, -17, -16, -15, -14, -13, -12, -11, -10, -9, -8, -7, -6, -5, -4, -3, -2, -1] : [_col0, _col1, _col2, _col3] : [struct<writeid:bigint,bucketid:int,rowid:bigint>, int, int, string]] and formatter : org.apache.hadoop.hive.ql.io.HiveSequenceFileOutputFormat@4ad6bf65
2024-04-24T00:51:40,011  INFO [pool-116-thread-1] exec.FileSinkOperator: Final Path: FS file:/home/alex/Repositories/hive/ql/target/tmp/localscratchdir/1886a1d9-c44c-480e-9498-5ad1dc64a6f5/hive_2024-04-24_00-51-39_454_4571276720462131957-1/-mr-10001/.hive-staging_hive_2024-04-24_00-51-39_454_4571276720462131957-1/_tmp.-ext-10002/000000_0
2024-04-24T00:51:40,011  INFO [pool-116-thread-1] exec.FileSinkOperator: Writing to temp file: FS file:/home/alex/Repositories/hive/ql/target/tmp/localscratchdir/1886a1d9-c44c-480e-9498-5ad1dc64a6f5/hive_2024-04-24_00-51-39_454_4571276720462131957-1/-mr-10001/.hive-staging_hive_2024-04-24_00-51-39_454_4571276720462131957-1/_task_tmp.-ext-10002/_tmp.000000_0
2024-04-24T00:51:40,011  INFO [pool-116-thread-1] exec.FileSinkOperator: New Final Path: FS file:/home/alex/Repositories/hive/ql/target/tmp/localscratchdir/1886a1d9-c44c-480e-9498-5ad1dc64a6f5/hive_2024-04-24_00-51-39_454_4571276720462131957-1/-mr-10001/.hive-staging_hive_2024-04-24_00-51-39_454_4571276720462131957-1/_tmp.-ext-10002/000000_0
2024-04-24T00:51:40,024  INFO [pool-116-thread-1] exec.FileSinkOperator: FS[4]: records written - 1
2024-04-24T00:51:40,025  INFO [pool-116-thread-1] exec.SelectOperator: Closing Operator: SEL[3]
2024-04-24T00:51:40,025  INFO [pool-116-thread-1] exec.SelectOperator: RECORDS_OUT_OPERATOR_SEL_3:3, RECORDS_OUT_INTERMEDIATE:0, 
2024-04-24T00:51:40,025  INFO [pool-116-thread-1] exec.FileSinkOperator: Closing Operator: FS[4]
2024-04-24T00:51:40,025  INFO [pool-116-thread-1] exec.FileSinkOperator: FS[4]: records written - 3
2024-04-24T00:51:40,026  INFO [pool-116-thread-1] exec.FileSinkOperator: RECORDS_OUT_INTERMEDIATE:0, RECORDS_OUT_0:3, RECORDS_OUT_OPERATOR_FS_4:3, 
2024-04-24T00:51:40,026  INFO [pool-116-thread-1] mapred.Task: Task:attempt_local1944410037_0026_r_000000_0 is done. And is in the process of committing
2024-04-24T00:51:40,026  INFO [pool-116-thread-1] mapred.LocalJobRunner: reduce > reduce
2024-04-24T00:51:40,026  INFO [pool-116-thread-1] mapred.Task: Task 'attempt_local1944410037_0026_r_000000_0' done.
2024-04-24T00:51:40,026  INFO [pool-116-thread-1] mapred.Task: Final Counters for attempt_local1944410037_0026_r_000000_0: Counters: 29
	File System Counters
		FILE: Number of bytes read=480377
		FILE: Number of bytes written=30384030
		FILE: Number of read operations=0
		FILE: Number of large read operations=0
		FILE: Number of write operations=0
	Map-Reduce Framework
		Combine input records=0
		Combine output records=0
		Reduce input groups=3
		Reduce shuffle bytes=570
		Reduce input records=3
		Reduce output records=0
		Spilled Records=3
		Shuffled Maps =1
		Failed Shuffles=0
		Merged Map outputs=1
		GC time elapsed (ms)=5
		Total committed heap usage (bytes)=1189609472
	HIVE
		CREATED_FILES=1
		RECORDS_OUT_0=3
		RECORDS_OUT_INTERMEDIATE=0
		RECORDS_OUT_OPERATOR_FS_4=3
		RECORDS_OUT_OPERATOR_SEL_3=3
	Shuffle Errors
		BAD_ID=0
		CONNECTION=0
		IO_ERROR=0
		WRONG_LENGTH=0
		WRONG_MAP=0
		WRONG_REDUCE=0
	File Output Format Counters 
		Bytes Written=0
2024-04-24T00:51:40,026  INFO [pool-116-thread-1] mapred.LocalJobRunner: Finishing task: attempt_local1944410037_0026_r_000000_0
2024-04-24T00:51:40,027  INFO [Thread-1942] mapred.LocalJobRunner: reduce task executor complete.
2024-04-24 00:51:40,958 Stage-1 map = 100%,  reduce = 100%
2024-04-24T00:51:40,959  INFO [main] exec.Task: 2024-04-24 00:51:40,958 Stage-1 map = 100%,  reduce = 100%
Ended Job = job_local1944410037_0026
2024-04-24T00:51:40,960  INFO [main] exec.Task: Ended Job = job_local1944410037_0026
2024-04-24T00:51:40,962  INFO [main] metadata.Hive: Dumping metastore api call timing information for : execution phase
2024-04-24T00:51:40,962  INFO [main] metadata.Hive: Total time spent in each metastore function (ms): {}
MapReduce Jobs Launched: 
2024-04-24T00:51:40,962  INFO [main] ql.Driver: MapReduce Jobs Launched: 
Stage-Stage-1:  HDFS Read: 0 HDFS Write: 0 SUCCESS
2024-04-24T00:51:40,962  INFO [main] ql.Driver: Stage-Stage-1:  HDFS Read: 0 HDFS Write: 0 SUCCESS
Total MapReduce CPU Time Spent: 0 msec
2024-04-24T00:51:40,962  INFO [main] ql.Driver: Total MapReduce CPU Time Spent: 0 msec
2024-04-24T00:51:40,962  INFO [main] ql.Driver: Completed executing command(queryId=alex_20240424005139_0aba3115-d160-4fbf-9e05-93e3fe025c12); Time taken: 1.324 seconds
2024-04-24T00:51:40,962  INFO [main] lockmgr.DbTxnManager: Stopped heartbeat for query: alex_20240424005139_0aba3115-d160-4fbf-9e05-93e3fe025c12
2024-04-24T00:51:40,967  INFO [main] txn.TxnHandler: Expected to move at least one record from txn_components to completed_txn_components when committing txn! txnid:19
2024-04-24T00:51:40,972  INFO [main] txn.TxnHandler: Removed transactions: ([19]) from MIN_HISTORY_LEVEL
2024-04-24T00:51:40,972  WARN [main] txn.CompactionTxnHandler: No compaction queue record found for Compaction type transaction commit. txnId:19
2024-04-24T00:51:40,976  INFO [main] mapred.FileInputFormat: Total input files to process : 1
2024-04-24T00:51:40,978  INFO [main] exec.ListSinkOperator: Closing Operator: LIST_SINK[5]
2024-04-24T00:51:40,978  INFO [main] exec.ListSinkOperator: RECORDS_OUT_INTERMEDIATE:0, RECORDS_OUT_OPERATOR_LIST_SINK_5:3, 
2024-04-24T00:51:40,978  WARN [main] ql.TestTxnExIm: testImportNoTarget: read data(import existing table): 
2024-04-24T00:51:40,978  INFO [main] ql.TestTxnExIm: {"writeid":1,"bucketid":536870912,"rowid":0}	1	2	file:/home/alex/Repositories/hive/ql/target/tmp/org.apache.hadoop.hive.ql.TestTxnExIm-1713945026909/warehouse/t/delta_0000001_0000001_0000/000000_0
{"writeid":1,"bucketid":536870912,"rowid":1}	3	4	file:/home/alex/Repositories/hive/ql/target/tmp/org.apache.hadoop.hive.ql.TestTxnExIm-1713945026909/warehouse/t/delta_0000001_0000001_0000/000000_0
{"writeid":1,"bucketid":536870912,"rowid":2}	5	6	file:/home/alex/Repositories/hive/ql/target/tmp/org.apache.hadoop.hive.ql.TestTxnExIm-1713945026909/warehouse/t/delta_0000001_0000001_0000/000000_0

2024-04-24T00:51:40,978  INFO [main] ql.TxnCommandsBaseForTests: Running the query: EXPLAIN VECTORIZATION DETAIL select ROW__ID, a, b, INPUT__FILE__NAME from T order by ROW__ID
2024-04-24T00:51:40,979  INFO [main] ql.Context: Deleting scratch dir: file:/home/alex/Repositories/hive/ql/target/tmp/localscratchdir/1886a1d9-c44c-480e-9498-5ad1dc64a6f5/hive_2024-04-24_00-51-39_454_4571276720462131957-1
2024-04-24T00:51:40,980  INFO [main] cleanup.SyncCleanupService: Deleted directory: file:/home/alex/Repositories/hive/ql/target/tmp/localscratchdir/1886a1d9-c44c-480e-9498-5ad1dc64a6f5/hive_2024-04-24_00-51-39_454_4571276720462131957-1 on fs with scheme file
2024-04-24T00:51:40,980  INFO [main] ql.Driver: Compiling command(queryId=alex_20240424005140_88cdd30e-bf5c-40d0-a3df-b061a0167dfc): EXPLAIN VECTORIZATION DETAIL select ROW__ID, a, b, INPUT__FILE__NAME from T order by ROW__ID
2024-04-24T00:51:40,983  INFO [main] txn.TxnHandler: Added entries to MIN_HISTORY_LEVEL for current txns: ([20]) with min_open_txn: 20
2024-04-24T00:51:40,983  INFO [main] lockmgr.DbTxnManager: Opened txnid:20
2024-04-24T00:51:40,984  INFO [main] parse.CalcitePlanner: Starting Semantic Analysis
2024-04-24T00:51:40,987  INFO [main] parse.CalcitePlanner: Completed phase 1 of Semantic Analysis
2024-04-24T00:51:40,987  INFO [main] parse.CalcitePlanner: Get metadata for source tables
2024-04-24T00:51:40,987  INFO [main] HiveMetaStore.audit: ugi=alex	ip=unknown-ip-addr	cmd=get_table : tbl=hive.default.t	
2024-04-24T00:51:40,993  INFO [main] metastore.ObjectStore: Removed COLUMN_STATS_ACCURATE from Table's parameters.
2024-04-24T00:51:40,995  INFO [main] metastore.HMSHandler: Skipping translation for processor with null
2024-04-24T00:51:40,995  INFO [main] parse.CalcitePlanner: Get metadata for subqueries
2024-04-24T00:51:40,995  INFO [main] parse.CalcitePlanner: Get metadata for destination tables
2024-04-24T00:51:40,995  INFO [main] parse.CalcitePlanner: Completed getting MetaData in Semantic Analysis
2024-04-24T00:51:41,010  INFO [main] HiveMetaStore.audit: ugi=alex	ip=unknown-ip-addr	cmd=get_all_table_constraints : tbl=hive.default.t	
2024-04-24T00:51:41,023  INFO [main] calcite.RelOptHiveTable: Calculating column statistics for default.t, projIndxSet: [0, 1], allowMissingStats: true
2024-04-24T00:51:41,024  INFO [main] HiveMetaStore.audit: ugi=alex	ip=unknown-ip-addr	cmd=get_table : tbl=hive.default.t	
2024-04-24T00:51:41,035  INFO [main] metastore.HMSHandler: Skipping translation for processor with null
2024-04-24T00:51:41,036  INFO [main] HiveMetaStore.audit: ugi=alex	ip=unknown-ip-addr	cmd=get_table : tbl=hive.default.t	
2024-04-24T00:51:41,045  INFO [main] metastore.HMSHandler: Skipping translation for processor with null
2024-04-24T00:51:41,045  INFO [main] HiveMetaStore.audit: ugi=alex	ip=unknown-ip-addr	cmd=get_table_statistics_req: table=hive.default.t	
2024-04-24T00:51:41,055  WARN [main] calcite.RelOptHiveTable: No Stats for default@t, Columns: b, a
No Stats for default@t, Columns: b, a
2024-04-24T00:51:41,055  INFO [main] SessionState: No Stats for default@t, Columns: b, a
2024-04-24T00:51:41,109  INFO [main] parse.CalcitePlanner: Get metadata for source tables
2024-04-24T00:51:41,109  INFO [main] parse.CalcitePlanner: Get metadata for subqueries
2024-04-24T00:51:41,110  INFO [main] parse.CalcitePlanner: Get metadata for destination tables
2024-04-24T00:51:41,112  INFO [main] parse.CalcitePlanner: CBO Succeeded; optimized logical plan.
2024-04-24T00:51:41,116  INFO [main] optimizer.ColumnPrunerProcFactory: RS 2 oldColExprMap: {VALUE._col1=Column[_col2], VALUE._col0=Column[_col1], VALUE._col2=Column[_col3], KEY.reducesinkkey0=Column[_col0]}
2024-04-24T00:51:41,116  INFO [main] optimizer.ColumnPrunerProcFactory: RS 2 newColExprMap: {KEY.reducesinkkey0=Column[_col0], VALUE._col0=Column[_col1], VALUE._col2=Column[_col3], VALUE._col1=Column[_col2]}
2024-04-24T00:51:41,117  INFO [main] optimizer.BucketVersionPopulator: not considering bucketingVersion for: TS[0] because it has -1<2 buckets 
2024-04-24T00:51:41,122  INFO [main] optimizer.SortedDynPartitionOptimizer: Sorted dynamic partitioning optimization kicked in..
2024-04-24T00:51:41,132  INFO [main] physical.Vectorizer: Examining input format to see if vectorization is enabled.
2024-04-24T00:51:41,133  INFO [main] physical.Vectorizer: Vectorization is enabled for input format(s) [org.apache.hadoop.hive.ql.io.orc.OrcInputFormat]
2024-04-24T00:51:41,133  INFO [main] physical.Vectorizer: Validating and vectorizing MapWork... (vectorizedVertexNum 0)
2024-04-24T00:51:41,133  INFO [main] physical.Vectorizer: Map vectorization enabled: true
2024-04-24T00:51:41,133  INFO [main] physical.Vectorizer: Map vectorized: false
2024-04-24T00:51:41,133  INFO [main] physical.Vectorizer: Map notVectorizedReason: Select expression for SELECT operator: Virtual column INPUT__FILE__NAME is not supported
2024-04-24T00:51:41,133  INFO [main] physical.Vectorizer: Map vectorizedVertexNum: 0
2024-04-24T00:51:41,133  INFO [main] physical.Vectorizer: Map enabledConditionsMet: [hive.vectorized.use.vectorized.input.format IS true]
2024-04-24T00:51:41,133  INFO [main] physical.Vectorizer: Map inputFileFormatClassNameSet: [org.apache.hadoop.hive.ql.io.orc.OrcInputFormat]
2024-04-24T00:51:41,133  INFO [main] physical.Vectorizer: Reduce vectorization enabled: false
2024-04-24T00:51:41,133  INFO [main] physical.Vectorizer: Reduce vectorized: false
2024-04-24T00:51:41,133  INFO [main] physical.Vectorizer: Reduce vectorizedVertexNum: 1
2024-04-24T00:51:41,133  INFO [main] physical.Vectorizer: Reducer hive.vectorized.execution.reduce.enabled: true
2024-04-24T00:51:41,133  INFO [main] physical.Vectorizer: Reducer engine: mr
2024-04-24T00:51:41,133  INFO [main] parse.CalcitePlanner: Completed plan generation
2024-04-24T00:51:41,133  INFO [main] ql.Driver: Semantic Analysis Completed (retrial = false)
2024-04-24T00:51:41,133  INFO [main] ql.Driver: Created Hive schema: Schema(fieldSchemas:[FieldSchema(name:Explain, type:string, comment:null)], properties:null)
2024-04-24T00:51:41,133  INFO [main] metadata.Hive: Dumping metastore api call timing information for : compilation phase
2024-04-24T00:51:41,133  INFO [main] metadata.Hive: Total time spent in each metastore function (ms): {getTableColumnStatistics_(String, String, List, String)=30, getTable_(GetTableRequest)=8, commitTxn_(CommitTxnRequest)=10, flushCache_()=0, getValidTxns_(long)=1, openTxn_(String, TxnType)=2, isCompatibleWith_(Configuration)=1, getAllTableConstraints_(AllTableConstraintsRequest)=7, getValidWriteIds_(List, String)=3}
2024-04-24T00:51:41,134  INFO [main] ql.Driver: Completed compiling command(queryId=alex_20240424005140_88cdd30e-bf5c-40d0-a3df-b061a0167dfc); Time taken: 0.153 seconds
2024-04-24T00:51:41,134  INFO [main] ql.Driver: Executing command(queryId=alex_20240424005140_88cdd30e-bf5c-40d0-a3df-b061a0167dfc): EXPLAIN VECTORIZATION DETAIL select ROW__ID, a, b, INPUT__FILE__NAME from T order by ROW__ID
2024-04-24T00:51:41,134  INFO [main] ql.Driver: Starting task [Stage-2:EXPLAIN] in serial mode
2024-04-24T00:51:41,152  INFO [main] metadata.Hive: Dumping metastore api call timing information for : execution phase
2024-04-24T00:51:41,153  INFO [main] metadata.Hive: Total time spent in each metastore function (ms): {}
2024-04-24T00:51:41,153  INFO [main] ql.Driver: Completed executing command(queryId=alex_20240424005140_88cdd30e-bf5c-40d0-a3df-b061a0167dfc); Time taken: 0.018 seconds
2024-04-24T00:51:41,153  INFO [main] lockmgr.DbTxnManager: Stopped heartbeat for query: null
2024-04-24T00:51:41,158  INFO [main] txn.TxnHandler: Expected to move at least one record from txn_components to completed_txn_components when committing txn! txnid:20
2024-04-24T00:51:41,164  INFO [main] txn.TxnHandler: Removed transactions: ([20]) from MIN_HISTORY_LEVEL
2024-04-24T00:51:41,164  WARN [main] txn.CompactionTxnHandler: No compaction queue record found for Compaction type transaction commit. txnId:20
2024-04-24T00:51:41,166  INFO [main] ql.TxnCommandsBaseForTests: Running the query: update T set a = 0 where b = 6
2024-04-24T00:51:41,166  INFO [main] ql.Context: Deleting scratch dir: file:/home/alex/Repositories/hive/ql/target/tmp/localscratchdir/1886a1d9-c44c-480e-9498-5ad1dc64a6f5/hive_2024-04-24_00-51-40_980_8288115780712131767-1
2024-04-24T00:51:41,167  INFO [main] cleanup.SyncCleanupService: Deleted directory: file:/home/alex/Repositories/hive/ql/target/tmp/localscratchdir/1886a1d9-c44c-480e-9498-5ad1dc64a6f5/hive_2024-04-24_00-51-40_980_8288115780712131767-1 on fs with scheme file
2024-04-24T00:51:41,167  INFO [main] ql.Driver: Compiling command(queryId=alex_20240424005141_8dac0b24-3293-4aba-9f7b-a9f46f2c718a): update T set a = 0 where b = 6
2024-04-24T00:51:41,170  INFO [main] txn.TxnHandler: Added entries to MIN_HISTORY_LEVEL for current txns: ([21]) with min_open_txn: 20
2024-04-24T00:51:41,171  INFO [main] lockmgr.DbTxnManager: Opened txnid:21
2024-04-24T00:51:41,171  INFO [main] parse.UpdateDeleteSemanticAnalyzer: Starting caching scope for: 
2024-04-24T00:51:41,172  INFO [main] HiveMetaStore.audit: ugi=alex	ip=unknown-ip-addr	cmd=get_table : tbl=hive.default.T	
2024-04-24T00:51:41,179  INFO [main] metastore.HMSHandler: Skipping translation for processor with null
2024-04-24T00:51:41,180  INFO [main] parse.RewriteSemanticAnalyzer: Going to reparse <update T set a = 0 where b = 6> as 
<insert into table `default`.`T` select ROW__ID,`a`,`b` from `default`.`T` sort by ROW__ID >
2024-04-24T00:51:41,180  INFO [main] parse.UpdateDeleteSemanticAnalyzer: Starting Semantic Analysis
2024-04-24T00:51:41,183  INFO [main] HiveMetaStore.audit: ugi=alex	ip=unknown-ip-addr	cmd=get_table : tbl=hive.default.T	
2024-04-24T00:51:41,189  INFO [main] metastore.ObjectStore: Removed COLUMN_STATS_ACCURATE from Table's parameters.
2024-04-24T00:51:41,191  INFO [main] metastore.HMSHandler: Skipping translation for processor with null
2024-04-24T00:51:41,191  INFO [main] parse.UpdateDeleteSemanticAnalyzer: Completed phase 1 of Semantic Analysis
2024-04-24T00:51:41,191  INFO [main] parse.UpdateDeleteSemanticAnalyzer: Get metadata for source tables
2024-04-24T00:51:41,192  INFO [main] HiveMetaStore.audit: ugi=alex	ip=unknown-ip-addr	cmd=get_table : tbl=hive.default.t	
2024-04-24T00:51:41,198  INFO [main] metastore.ObjectStore: Removed COLUMN_STATS_ACCURATE from Table's parameters.
2024-04-24T00:51:41,200  INFO [main] metastore.HMSHandler: Skipping translation for processor with null
2024-04-24T00:51:41,200  INFO [main] parse.UpdateDeleteSemanticAnalyzer: Get metadata for subqueries
2024-04-24T00:51:41,200  INFO [main] parse.UpdateDeleteSemanticAnalyzer: Get metadata for destination tables
2024-04-24T00:51:41,200  INFO [main] HiveMetaStore.audit: ugi=alex	ip=unknown-ip-addr	cmd=get_table : tbl=hive.default.T	
2024-04-24T00:51:41,207  INFO [main] metastore.HMSHandler: Skipping translation for processor with null
2024-04-24T00:51:41,207  INFO [main] parse.UpdateDeleteSemanticAnalyzer: Completed getting MetaData in Semantic Analysis
2024-04-24T00:51:41,208  INFO [main] parse.UpdateDeleteSemanticAnalyzer: Disabling LLAP IO encode as ETL query is detected
2024-04-24T00:51:41,223  INFO [main] HiveMetaStore.audit: ugi=alex	ip=unknown-ip-addr	cmd=get_all_table_constraints : tbl=hive.default.t	
2024-04-24T00:51:41,231  INFO [main] HiveMetaStore.audit: ugi=alex	ip=unknown-ip-addr	cmd=get_not_null_constraints : tbl=hive.default.t	
2024-04-24T00:51:41,232  INFO [main] HiveMetaStore.audit: ugi=alex	ip=unknown-ip-addr	cmd=get_check_constraints : tbl=hive.default.t	
2024-04-24T00:51:41,320  INFO [main] calcite.RelOptHiveTable: Calculating column statistics for default.t, projIndxSet: [1], allowMissingStats: true
2024-04-24T00:51:41,320  INFO [main] HiveMetaStore.audit: ugi=alex	ip=unknown-ip-addr	cmd=get_table : tbl=hive.default.t	
2024-04-24T00:51:41,333  INFO [main] metastore.HMSHandler: Skipping translation for processor with null
2024-04-24T00:51:41,333  INFO [main] HiveMetaStore.audit: ugi=alex	ip=unknown-ip-addr	cmd=get_table : tbl=hive.default.t	
2024-04-24T00:51:41,344  INFO [main] metastore.HMSHandler: Skipping translation for processor with null
2024-04-24T00:51:41,344  INFO [main] HiveMetaStore.audit: ugi=alex	ip=unknown-ip-addr	cmd=get_table_statistics_req: table=hive.default.t	
2024-04-24T00:51:41,356  WARN [main] calcite.RelOptHiveTable: No Stats for default@t, Columns: b
No Stats for default@t, Columns: b
2024-04-24T00:51:41,356  INFO [main] SessionState: No Stats for default@t, Columns: b
2024-04-24T00:51:41,441  INFO [main] parse.UpdateDeleteSemanticAnalyzer: Get metadata for source tables
2024-04-24T00:51:41,441  INFO [main] parse.UpdateDeleteSemanticAnalyzer: Get metadata for subqueries
2024-04-24T00:51:41,441  INFO [main] parse.UpdateDeleteSemanticAnalyzer: Get metadata for destination tables
2024-04-24T00:51:41,442  INFO [main] HiveMetaStore.audit: ugi=alex	ip=unknown-ip-addr	cmd=get_table : tbl=hive.default.T	
2024-04-24T00:51:41,450  INFO [main] metastore.HMSHandler: Skipping translation for processor with null
2024-04-24T00:51:41,456 ERROR [main] parse.UpdateDeleteSemanticAnalyzer: CBO failed, skipping CBO. 
org.apache.hadoop.hive.ql.exec.NoMatchingMethodException: No matching method for class org.apache.hadoop.hive.ql.udf.UDFToInteger with (struct<writeid:bigint,bucketid:int,rowid:bigint>). Possible choices: _FUNC_(bigint)  _FUNC_(boolean)  _FUNC_(decimal(38,18))  _FUNC_(double)  _FUNC_(float)  _FUNC_(smallint)  _FUNC_(string)  _FUNC_(struct<rowid:bigint,bucketid:bigint,writeid:int>)  _FUNC_(timestamp)  _FUNC_(tinyint)  _FUNC_(void)  
	at org.apache.hadoop.hive.ql.exec.MethodUtils.getMethodInternal(MethodUtils.java:130) ~[classes/:?]
	at org.apache.hadoop.hive.ql.exec.MethodUtils.getMethodInternal(MethodUtils.java:60) ~[classes/:?]
	at org.apache.hadoop.hive.ql.exec.DefaultUDFMethodResolver.getEvalMethod(DefaultUDFMethodResolver.java:59) ~[classes/:?]
	at org.apache.hadoop.hive.ql.udf.TimestampCastRestrictorResolver.getEvalMethod(TimestampCastRestrictorResolver.java:68) ~[classes/:?]
	at org.apache.hadoop.hive.ql.udf.generic.GenericUDFBridge.initialize(GenericUDFBridge.java:168) ~[classes/:?]
	at org.apache.hadoop.hive.ql.udf.generic.GenericUDF.initializeAndFoldConstants(GenericUDF.java:149) ~[classes/:?]
	at org.apache.hadoop.hive.ql.plan.ExprNodeGenericFuncDesc.newInstance(ExprNodeGenericFuncDesc.java:235) ~[classes/:?]
	at org.apache.hadoop.hive.ql.parse.type.ExprNodeDescExprFactory.createFuncCallExpr(ExprNodeDescExprFactory.java:584) ~[classes/:?]
	at org.apache.hadoop.hive.ql.parse.type.ExprNodeDescExprFactory.createFuncCallExpr(ExprNodeDescExprFactory.java:97) ~[classes/:?]
	at org.apache.hadoop.hive.ql.parse.type.TypeCheckProcFactory$DefaultExprProcessor.getFuncExprNodeDescWithUdfData(TypeCheckProcFactory.java:762) ~[classes/:?]
	at org.apache.hadoop.hive.ql.parse.type.TypeCheckProcFactory$DefaultExprProcessor.createConversionCast(TypeCheckProcFactory.java:783) ~[classes/:?]
	at org.apache.hadoop.hive.ql.parse.SemanticAnalyzer.getPartitionColsFromBucketColsForUpdateDelete(SemanticAnalyzer.java:8725) ~[classes/:?]
	at org.apache.hadoop.hive.ql.parse.SemanticAnalyzer.genBucketingSortingDest(SemanticAnalyzer.java:6914) ~[classes/:?]
	at org.apache.hadoop.hive.ql.parse.SemanticAnalyzer.genFileSinkPlan(SemanticAnalyzer.java:7335) ~[classes/:?]
	at org.apache.hadoop.hive.ql.parse.SemanticAnalyzer.genPostGroupByBodyPlan(SemanticAnalyzer.java:11063) ~[classes/:?]
	at org.apache.hadoop.hive.ql.parse.SemanticAnalyzer.genBodyPlan(SemanticAnalyzer.java:10938) ~[classes/:?]
	at org.apache.hadoop.hive.ql.parse.SemanticAnalyzer.genPlan(SemanticAnalyzer.java:11853) ~[classes/:?]
	at org.apache.hadoop.hive.ql.parse.SemanticAnalyzer.genPlan(SemanticAnalyzer.java:11723) ~[classes/:?]
	at org.apache.hadoop.hive.ql.parse.CalcitePlanner.genOPTree(CalcitePlanner.java:626) ~[classes/:?]
	at org.apache.hadoop.hive.ql.parse.SemanticAnalyzer.analyzeInternal(SemanticAnalyzer.java:12558) ~[classes/:?]
	at org.apache.hadoop.hive.ql.parse.CalcitePlanner.analyzeInternal(CalcitePlanner.java:456) ~[classes/:?]
	at org.apache.hadoop.hive.ql.parse.RewriteSemanticAnalyzer.analyzeInternal(RewriteSemanticAnalyzer.java:67) ~[classes/:?]
	at org.apache.hadoop.hive.ql.parse.BaseSemanticAnalyzer.analyze(BaseSemanticAnalyzer.java:317) ~[classes/:?]
	at org.apache.hadoop.hive.ql.parse.UpdateDeleteSemanticAnalyzer.reparseAndSuperAnalyze(UpdateDeleteSemanticAnalyzer.java:208) ~[classes/:?]
	at org.apache.hadoop.hive.ql.parse.UpdateDeleteSemanticAnalyzer.analyzeUpdate(UpdateDeleteSemanticAnalyzer.java:63) ~[classes/:?]
	at org.apache.hadoop.hive.ql.parse.UpdateDeleteSemanticAnalyzer.analyze(UpdateDeleteSemanticAnalyzer.java:53) ~[classes/:?]
	at org.apache.hadoop.hive.ql.parse.RewriteSemanticAnalyzer.analyzeInternal(RewriteSemanticAnalyzer.java:72) ~[classes/:?]
	at org.apache.hadoop.hive.ql.parse.BaseSemanticAnalyzer.analyze(BaseSemanticAnalyzer.java:317) ~[classes/:?]
	at org.apache.hadoop.hive.ql.Compiler.analyze(Compiler.java:223) ~[classes/:?]
	at org.apache.hadoop.hive.ql.Compiler.compile(Compiler.java:105) ~[classes/:?]
	at org.apache.hadoop.hive.ql.Driver.compile(Driver.java:500) ~[classes/:?]
	at org.apache.hadoop.hive.ql.Driver.compileInternal(Driver.java:453) ~[classes/:?]
	at org.apache.hadoop.hive.ql.Driver.runInternal(Driver.java:181) ~[classes/:?]
	at org.apache.hadoop.hive.ql.Driver.run(Driver.java:153) ~[classes/:?]
	at org.apache.hadoop.hive.ql.Driver.run(Driver.java:140) ~[classes/:?]
	at org.apache.hadoop.hive.ql.TxnCommandsBaseForTests.runStatementOnDriver(TxnCommandsBaseForTests.java:245) ~[test-classes/:?]
	at org.apache.hadoop.hive.ql.TestTxnExIm.testImport(TestTxnExIm.java:335) ~[test-classes/:?]
	at org.apache.hadoop.hive.ql.TestTxnExIm.testImportNoTarget(TestTxnExIm.java:298) ~[test-classes/:?]
	at sun.reflect.NativeMethodAccessorImpl.invoke0(Native Method) ~[?:1.8.0_402]
	at sun.reflect.NativeMethodAccessorImpl.invoke(NativeMethodAccessorImpl.java:62) ~[?:1.8.0_402]
	at sun.reflect.DelegatingMethodAccessorImpl.invoke(DelegatingMethodAccessorImpl.java:43) ~[?:1.8.0_402]
	at java.lang.reflect.Method.invoke(Method.java:498) ~[?:1.8.0_402]
	at org.junit.runners.model.FrameworkMethod$1.runReflectiveCall(FrameworkMethod.java:59) ~[junit-4.13.jar:4.13]
	at org.junit.internal.runners.model.ReflectiveCallable.run(ReflectiveCallable.java:12) ~[junit-4.13.jar:4.13]
	at org.junit.runners.model.FrameworkMethod.invokeExplosively(FrameworkMethod.java:56) ~[junit-4.13.jar:4.13]
	at org.junit.internal.runners.statements.InvokeMethod.evaluate(InvokeMethod.java:17) ~[junit-4.13.jar:4.13]
	at org.junit.internal.runners.statements.RunBefores.evaluate(RunBefores.java:26) ~[junit-4.13.jar:4.13]
	at org.junit.internal.runners.statements.RunAfters.evaluate(RunAfters.java:27) ~[junit-4.13.jar:4.13]
	at org.junit.rules.TestWatcher$1.evaluate(TestWatcher.java:61) ~[junit-4.13.jar:4.13]
	at org.junit.runners.ParentRunner$3.evaluate(ParentRunner.java:306) ~[junit-4.13.jar:4.13]
	at org.junit.runners.BlockJUnit4ClassRunner$1.evaluate(BlockJUnit4ClassRunner.java:100) ~[junit-4.13.jar:4.13]
	at org.junit.runners.ParentRunner.runLeaf(ParentRunner.java:366) ~[junit-4.13.jar:4.13]
	at org.junit.runners.BlockJUnit4ClassRunner.runChild(BlockJUnit4ClassRunner.java:103) ~[junit-4.13.jar:4.13]
	at org.junit.runners.BlockJUnit4ClassRunner.runChild(BlockJUnit4ClassRunner.java:63) ~[junit-4.13.jar:4.13]
	at org.junit.runners.ParentRunner$4.run(ParentRunner.java:331) ~[junit-4.13.jar:4.13]
	at org.junit.runners.ParentRunner$1.schedule(ParentRunner.java:79) ~[junit-4.13.jar:4.13]
	at org.junit.runners.ParentRunner.runChildren(ParentRunner.java:329) ~[junit-4.13.jar:4.13]
	at org.junit.runners.ParentRunner.access$100(ParentRunner.java:66) ~[junit-4.13.jar:4.13]
	at org.junit.runners.ParentRunner$2.evaluate(ParentRunner.java:293) ~[junit-4.13.jar:4.13]
	at org.junit.runners.ParentRunner$3.evaluate(ParentRunner.java:306) ~[junit-4.13.jar:4.13]
	at org.junit.runners.ParentRunner.run(ParentRunner.java:413) ~[junit-4.13.jar:4.13]
	at org.junit.runner.JUnitCore.run(JUnitCore.java:137) ~[junit-4.13.jar:4.13]
	at org.junit.runner.JUnitCore.run(JUnitCore.java:115) ~[junit-4.13.jar:4.13]
	at org.junit.vintage.engine.execution.RunnerExecutor.execute(RunnerExecutor.java:43) ~[junit-vintage-engine-5.6.2.jar:5.6.2]
	at java.util.stream.ForEachOps$ForEachOp$OfRef.accept(ForEachOps.java:183) ~[?:1.8.0_402]
	at java.util.stream.ReferencePipeline$3$1.accept(ReferencePipeline.java:193) ~[?:1.8.0_402]
	at java.util.Iterator.forEachRemaining(Iterator.java:116) ~[?:1.8.0_402]
	at java.util.Spliterators$IteratorSpliterator.forEachRemaining(Spliterators.java:1801) ~[?:1.8.0_402]
	at java.util.stream.AbstractPipeline.copyInto(AbstractPipeline.java:482) ~[?:1.8.0_402]
	at java.util.stream.AbstractPipeline.wrapAndCopyInto(AbstractPipeline.java:472) ~[?:1.8.0_402]
	at java.util.stream.ForEachOps$ForEachOp.evaluateSequential(ForEachOps.java:150) ~[?:1.8.0_402]
	at java.util.stream.ForEachOps$ForEachOp$OfRef.evaluateSequential(ForEachOps.java:173) ~[?:1.8.0_402]
	at java.util.stream.AbstractPipeline.evaluate(AbstractPipeline.java:234) ~[?:1.8.0_402]
	at java.util.stream.ReferencePipeline.forEach(ReferencePipeline.java:485) ~[?:1.8.0_402]
	at org.junit.vintage.engine.VintageTestEngine.executeAllChildren(VintageTestEngine.java:82) ~[junit-vintage-engine-5.6.2.jar:5.6.2]
	at org.junit.vintage.engine.VintageTestEngine.execute(VintageTestEngine.java:73) ~[junit-vintage-engine-5.6.2.jar:5.6.2]
	at org.junit.platform.launcher.core.DefaultLauncher.execute(DefaultLauncher.java:248) ~[junit-platform-launcher-1.6.2.jar:1.6.2]
	at org.junit.platform.launcher.core.DefaultLauncher.lambda$execute$5(DefaultLauncher.java:211) ~[junit-platform-launcher-1.6.2.jar:1.6.2]
	at org.junit.platform.launcher.core.DefaultLauncher.withInterceptedStreams(DefaultLauncher.java:226) [junit-platform-launcher-1.6.2.jar:1.6.2]
	at org.junit.platform.launcher.core.DefaultLauncher.execute(DefaultLauncher.java:199) [junit-platform-launcher-1.6.2.jar:1.6.2]
	at org.junit.platform.launcher.core.DefaultLauncher.execute(DefaultLauncher.java:132) [junit-platform-launcher-1.6.2.jar:1.6.2]
	at org.apache.maven.surefire.junitplatform.JUnitPlatformProvider.invokeAllTests(JUnitPlatformProvider.java:154) [surefire-junit-platform-3.0.0-M4.jar:3.0.0-M4]
	at org.apache.maven.surefire.junitplatform.JUnitPlatformProvider.invoke(JUnitPlatformProvider.java:123) [surefire-junit-platform-3.0.0-M4.jar:3.0.0-M4]
	at org.apache.maven.surefire.booter.ForkedBooter.runSuitesInProcess(ForkedBooter.java:377) [surefire-booter-3.0.0-M4.jar:3.0.0-M4]
	at org.apache.maven.surefire.booter.ForkedBooter.execute(ForkedBooter.java:138) [surefire-booter-3.0.0-M4.jar:3.0.0-M4]
	at org.apache.maven.surefire.booter.ForkedBooter.run(ForkedBooter.java:465) [surefire-booter-3.0.0-M4.jar:3.0.0-M4]
	at org.apache.maven.surefire.booter.ForkedBooter.main(ForkedBooter.java:451) [surefire-booter-3.0.0-M4.jar:3.0.0-M4]
2024-04-24T00:51:41,458 ERROR [main] parse.UpdateDeleteSemanticAnalyzer: CBO failed due to missing column stats (see previous errors), skipping CBO
2024-04-24T00:51:41,458  INFO [main] parse.UpdateDeleteSemanticAnalyzer: Ending caching scope for: 
FAILED: NoMatchingMethodException No matching method for class org.apache.hadoop.hive.ql.udf.UDFToInteger with (struct<writeid:bigint,bucketid:int,rowid:bigint>). Possible choices: _FUNC_(bigint)  _FUNC_(boolean)  _FUNC_(decimal(38,18))  _FUNC_(double)  _FUNC_(float)  _FUNC_(smallint)  _FUNC_(string)  _FUNC_(struct<rowid:bigint,bucketid:bigint,writeid:int>)  _FUNC_(timestamp)  _FUNC_(tinyint)  _FUNC_(void)  
2024-04-24T00:51:41,459 ERROR [main] ql.Driver: FAILED: NoMatchingMethodException No matching method for class org.apache.hadoop.hive.ql.udf.UDFToInteger with (struct<writeid:bigint,bucketid:int,rowid:bigint>). Possible choices: _FUNC_(bigint)  _FUNC_(boolean)  _FUNC_(decimal(38,18))  _FUNC_(double)  _FUNC_(float)  _FUNC_(smallint)  _FUNC_(string)  _FUNC_(struct<rowid:bigint,bucketid:bigint,writeid:int>)  _FUNC_(timestamp)  _FUNC_(tinyint)  _FUNC_(void)  
org.apache.hadoop.hive.ql.exec.NoMatchingMethodException: No matching method for class org.apache.hadoop.hive.ql.udf.UDFToInteger with (struct<writeid:bigint,bucketid:int,rowid:bigint>). Possible choices: _FUNC_(bigint)  _FUNC_(boolean)  _FUNC_(decimal(38,18))  _FUNC_(double)  _FUNC_(float)  _FUNC_(smallint)  _FUNC_(string)  _FUNC_(struct<rowid:bigint,bucketid:bigint,writeid:int>)  _FUNC_(timestamp)  _FUNC_(tinyint)  _FUNC_(void)  
	at org.apache.hadoop.hive.ql.exec.MethodUtils.getMethodInternal(MethodUtils.java:130)
	at org.apache.hadoop.hive.ql.exec.MethodUtils.getMethodInternal(MethodUtils.java:60)
	at org.apache.hadoop.hive.ql.exec.DefaultUDFMethodResolver.getEvalMethod(DefaultUDFMethodResolver.java:59)
	at org.apache.hadoop.hive.ql.udf.TimestampCastRestrictorResolver.getEvalMethod(TimestampCastRestrictorResolver.java:68)
	at org.apache.hadoop.hive.ql.udf.generic.GenericUDFBridge.initialize(GenericUDFBridge.java:168)
	at org.apache.hadoop.hive.ql.udf.generic.GenericUDF.initializeAndFoldConstants(GenericUDF.java:149)
	at org.apache.hadoop.hive.ql.plan.ExprNodeGenericFuncDesc.newInstance(ExprNodeGenericFuncDesc.java:235)
	at org.apache.hadoop.hive.ql.parse.type.ExprNodeDescExprFactory.createFuncCallExpr(ExprNodeDescExprFactory.java:584)
	at org.apache.hadoop.hive.ql.parse.type.ExprNodeDescExprFactory.createFuncCallExpr(ExprNodeDescExprFactory.java:97)
	at org.apache.hadoop.hive.ql.parse.type.TypeCheckProcFactory$DefaultExprProcessor.getFuncExprNodeDescWithUdfData(TypeCheckProcFactory.java:762)
	at org.apache.hadoop.hive.ql.parse.type.TypeCheckProcFactory$DefaultExprProcessor.createConversionCast(TypeCheckProcFactory.java:783)
	at org.apache.hadoop.hive.ql.parse.SemanticAnalyzer.getPartitionColsFromBucketColsForUpdateDelete(SemanticAnalyzer.java:8725)
	at org.apache.hadoop.hive.ql.parse.SemanticAnalyzer.genBucketingSortingDest(SemanticAnalyzer.java:6914)
	at org.apache.hadoop.hive.ql.parse.SemanticAnalyzer.genFileSinkPlan(SemanticAnalyzer.java:7335)
	at org.apache.hadoop.hive.ql.parse.SemanticAnalyzer.genPostGroupByBodyPlan(SemanticAnalyzer.java:11063)
	at org.apache.hadoop.hive.ql.parse.SemanticAnalyzer.genBodyPlan(SemanticAnalyzer.java:10938)
	at org.apache.hadoop.hive.ql.parse.SemanticAnalyzer.genPlan(SemanticAnalyzer.java:11853)
	at org.apache.hadoop.hive.ql.parse.SemanticAnalyzer.genPlan(SemanticAnalyzer.java:11723)
	at org.apache.hadoop.hive.ql.parse.CalcitePlanner.genOPTree(CalcitePlanner.java:626)
	at org.apache.hadoop.hive.ql.parse.SemanticAnalyzer.analyzeInternal(SemanticAnalyzer.java:12558)
	at org.apache.hadoop.hive.ql.parse.CalcitePlanner.analyzeInternal(CalcitePlanner.java:456)
	at org.apache.hadoop.hive.ql.parse.RewriteSemanticAnalyzer.analyzeInternal(RewriteSemanticAnalyzer.java:67)
	at org.apache.hadoop.hive.ql.parse.BaseSemanticAnalyzer.analyze(BaseSemanticAnalyzer.java:317)
	at org.apache.hadoop.hive.ql.parse.UpdateDeleteSemanticAnalyzer.reparseAndSuperAnalyze(UpdateDeleteSemanticAnalyzer.java:208)
	at org.apache.hadoop.hive.ql.parse.UpdateDeleteSemanticAnalyzer.analyzeUpdate(UpdateDeleteSemanticAnalyzer.java:63)
	at org.apache.hadoop.hive.ql.parse.UpdateDeleteSemanticAnalyzer.analyze(UpdateDeleteSemanticAnalyzer.java:53)
	at org.apache.hadoop.hive.ql.parse.RewriteSemanticAnalyzer.analyzeInternal(RewriteSemanticAnalyzer.java:72)
	at org.apache.hadoop.hive.ql.parse.BaseSemanticAnalyzer.analyze(BaseSemanticAnalyzer.java:317)
	at org.apache.hadoop.hive.ql.Compiler.analyze(Compiler.java:223)
	at org.apache.hadoop.hive.ql.Compiler.compile(Compiler.java:105)
	at org.apache.hadoop.hive.ql.Driver.compile(Driver.java:500)
	at org.apache.hadoop.hive.ql.Driver.compileInternal(Driver.java:453)
	at org.apache.hadoop.hive.ql.Driver.runInternal(Driver.java:181)
	at org.apache.hadoop.hive.ql.Driver.run(Driver.java:153)
	at org.apache.hadoop.hive.ql.Driver.run(Driver.java:140)
	at org.apache.hadoop.hive.ql.TxnCommandsBaseForTests.runStatementOnDriver(TxnCommandsBaseForTests.java:245)
	at org.apache.hadoop.hive.ql.TestTxnExIm.testImport(TestTxnExIm.java:335)
	at org.apache.hadoop.hive.ql.TestTxnExIm.testImportNoTarget(TestTxnExIm.java:298)
	at sun.reflect.NativeMethodAccessorImpl.invoke0(Native Method)
	at sun.reflect.NativeMethodAccessorImpl.invoke(NativeMethodAccessorImpl.java:62)
	at sun.reflect.DelegatingMethodAccessorImpl.invoke(DelegatingMethodAccessorImpl.java:43)
	at java.lang.reflect.Method.invoke(Method.java:498)
	at org.junit.runners.model.FrameworkMethod$1.runReflectiveCall(FrameworkMethod.java:59)
	at org.junit.internal.runners.model.ReflectiveCallable.run(ReflectiveCallable.java:12)
	at org.junit.runners.model.FrameworkMethod.invokeExplosively(FrameworkMethod.java:56)
	at org.junit.internal.runners.statements.InvokeMethod.evaluate(InvokeMethod.java:17)
	at org.junit.internal.runners.statements.RunBefores.evaluate(RunBefores.java:26)
	at org.junit.internal.runners.statements.RunAfters.evaluate(RunAfters.java:27)
	at org.junit.rules.TestWatcher$1.evaluate(TestWatcher.java:61)
	at org.junit.runners.ParentRunner$3.evaluate(ParentRunner.java:306)
	at org.junit.runners.BlockJUnit4ClassRunner$1.evaluate(BlockJUnit4ClassRunner.java:100)
	at org.junit.runners.ParentRunner.runLeaf(ParentRunner.java:366)
	at org.junit.runners.BlockJUnit4ClassRunner.runChild(BlockJUnit4ClassRunner.java:103)
	at org.junit.runners.BlockJUnit4ClassRunner.runChild(BlockJUnit4ClassRunner.java:63)
	at org.junit.runners.ParentRunner$4.run(ParentRunner.java:331)
	at org.junit.runners.ParentRunner$1.schedule(ParentRunner.java:79)
	at org.junit.runners.ParentRunner.runChildren(ParentRunner.java:329)
	at org.junit.runners.ParentRunner.access$100(ParentRunner.java:66)
	at org.junit.runners.ParentRunner$2.evaluate(ParentRunner.java:293)
	at org.junit.runners.ParentRunner$3.evaluate(ParentRunner.java:306)
	at org.junit.runners.ParentRunner.run(ParentRunner.java:413)
	at org.junit.runner.JUnitCore.run(JUnitCore.java:137)
	at org.junit.runner.JUnitCore.run(JUnitCore.java:115)
	at org.junit.vintage.engine.execution.RunnerExecutor.execute(RunnerExecutor.java:43)
	at java.util.stream.ForEachOps$ForEachOp$OfRef.accept(ForEachOps.java:183)
	at java.util.stream.ReferencePipeline$3$1.accept(ReferencePipeline.java:193)
	at java.util.Iterator.forEachRemaining(Iterator.java:116)
	at java.util.Spliterators$IteratorSpliterator.forEachRemaining(Spliterators.java:1801)
	at java.util.stream.AbstractPipeline.copyInto(AbstractPipeline.java:482)
	at java.util.stream.AbstractPipeline.wrapAndCopyInto(AbstractPipeline.java:472)
	at java.util.stream.ForEachOps$ForEachOp.evaluateSequential(ForEachOps.java:150)
	at java.util.stream.ForEachOps$ForEachOp$OfRef.evaluateSequential(ForEachOps.java:173)
	at java.util.stream.AbstractPipeline.evaluate(AbstractPipeline.java:234)
	at java.util.stream.ReferencePipeline.forEach(ReferencePipeline.java:485)
	at org.junit.vintage.engine.VintageTestEngine.executeAllChildren(VintageTestEngine.java:82)
	at org.junit.vintage.engine.VintageTestEngine.execute(VintageTestEngine.java:73)
	at org.junit.platform.launcher.core.DefaultLauncher.execute(DefaultLauncher.java:248)
	at org.junit.platform.launcher.core.DefaultLauncher.lambda$execute$5(DefaultLauncher.java:211)
	at org.junit.platform.launcher.core.DefaultLauncher.withInterceptedStreams(DefaultLauncher.java:226)
	at org.junit.platform.launcher.core.DefaultLauncher.execute(DefaultLauncher.java:199)
	at org.junit.platform.launcher.core.DefaultLauncher.execute(DefaultLauncher.java:132)
	at org.apache.maven.surefire.junitplatform.JUnitPlatformProvider.invokeAllTests(JUnitPlatformProvider.java:154)
	at org.apache.maven.surefire.junitplatform.JUnitPlatformProvider.invoke(JUnitPlatformProvider.java:123)
	at org.apache.maven.surefire.booter.ForkedBooter.runSuitesInProcess(ForkedBooter.java:377)
	at org.apache.maven.surefire.booter.ForkedBooter.execute(ForkedBooter.java:138)
	at org.apache.maven.surefire.booter.ForkedBooter.run(ForkedBooter.java:465)
	at org.apache.maven.surefire.booter.ForkedBooter.main(ForkedBooter.java:451)

2024-04-24T00:51:41,460  INFO [main] metadata.Hive: Dumping metastore api call timing information for : compilation phase
2024-04-24T00:51:41,460  INFO [main] metadata.Hive: Total time spent in each metastore function (ms): {isCompatibleWith_(Configuration)=3, getAllTableConstraints_(AllTableConstraintsRequest)=6, getValidWriteIds_(List, String)=3, commitTxn_(CommitTxnRequest)=12, getTable_(GetTableRequest)=39, getCheckConstraints_(CheckConstraintsRequest)=1, openTxn_(String, TxnType)=2, flushCache_()=0, getTableColumnStatistics_(String, String, List, String)=36, getNotNullConstraints_(NotNullConstraintsRequest)=1, getValidTxns_(long)=0}
2024-04-24T00:51:41,460  INFO [main] ql.Driver: Completed compiling command(queryId=alex_20240424005141_8dac0b24-3293-4aba-9f7b-a9f46f2c718a); Time taken: 0.293 seconds
2024-04-24T00:51:41,460  INFO [main] lockmgr.DbTxnManager: Stopped heartbeat for query: null
2024-04-24T00:51:41,464  INFO [main] txn.TxnHandler: Removed transactions: ([21]) from MIN_HISTORY_LEVEL
2024-04-24T00:51:41,472  INFO [main] ql.TxnCommandsBaseForTests: Running the query: drop table if exists acidTbl
2024-04-24T00:51:41,473  INFO [main] ql.Driver: Compiling command(queryId=alex_20240424005141_75f6f2ca-a107-45e2-9a43-96e858f7abd1): drop table if exists acidTbl
2024-04-24T00:51:41,475  INFO [main] txn.TxnHandler: Added entries to MIN_HISTORY_LEVEL for current txns: ([22]) with min_open_txn: 20
2024-04-24T00:51:41,476  INFO [main] lockmgr.DbTxnManager: Opened txnid:22
2024-04-24T00:51:41,477  INFO [main] HiveMetaStore.audit: ugi=alex	ip=unknown-ip-addr	cmd=get_table : tbl=hive.default.acidTbl	
2024-04-24T00:51:41,484  INFO [main] metastore.HMSHandler: Skipping translation for processor with null
2024-04-24T00:51:41,484  INFO [main] ql.Driver: Semantic Analysis Completed (retrial = false)
2024-04-24T00:51:41,484  INFO [main] ql.Driver: Created Hive schema: Schema(fieldSchemas:null, properties:null)
2024-04-24T00:51:41,484  INFO [main] metadata.Hive: Dumping metastore api call timing information for : compilation phase
2024-04-24T00:51:41,484  INFO [main] metadata.Hive: Total time spent in each metastore function (ms): {flushCache_()=0, getValidTxns_(long)=0, openTxn_(String, TxnType)=3, getTable_(GetTableRequest)=8, isCompatibleWith_(Configuration)=0, rollbackTxn_(long)=11}
2024-04-24T00:51:41,485  INFO [main] ql.Driver: Completed compiling command(queryId=alex_20240424005141_75f6f2ca-a107-45e2-9a43-96e858f7abd1); Time taken: 0.011 seconds
2024-04-24T00:51:41,485  INFO [main] lockmgr.DbTxnManager: Setting lock request transaction to txnid:22 for queryId=alex_20240424005141_75f6f2ca-a107-45e2-9a43-96e858f7abd1
2024-04-24T00:51:41,486  INFO [main] lockmgr.DbLockManager: Requesting lock for queryId=alex_20240424005141_75f6f2ca-a107-45e2-9a43-96e858f7abd1
2024-04-24T00:51:41,501  INFO [main] lockmgr.DbLockManager: Response to queryId=alex_20240424005141_75f6f2ca-a107-45e2-9a43-96e858f7abd1 LockResponse(lockid:14, state:ACQUIRED)
2024-04-24T00:51:41,501  INFO [main] ql.Driver: Operation DROPTABLE obtained 1 locks
2024-04-24T00:51:41,501  INFO [main] ql.Driver: Executing command(queryId=alex_20240424005141_75f6f2ca-a107-45e2-9a43-96e858f7abd1): drop table if exists acidTbl
2024-04-24T00:51:41,502  INFO [main] ql.Driver: Starting task [Stage-0:DDL] in serial mode
2024-04-24T00:51:41,502  INFO [main] HiveMetaStore.audit: ugi=alex	ip=unknown-ip-addr	cmd=get_table : tbl=hive.default.acidTbl	
2024-04-24T00:51:41,510  INFO [main] metastore.HMSHandler: Skipping translation for processor with null
2024-04-24T00:51:41,510  INFO [main] HiveMetaStore.audit: ugi=alex	ip=unknown-ip-addr	cmd=get_table : tbl=hive.default.acidTbl	
2024-04-24T00:51:41,517  INFO [main] metastore.HMSHandler: Skipping translation for processor with null
2024-04-24T00:51:41,518  INFO [main] HiveMetaStore.audit: ugi=alex	ip=unknown-ip-addr	cmd=drop_table : tbl=hive.default.acidTbl	
2024-04-24T00:51:41,619  INFO [main] metadata.Hive: Dumping metastore api call timing information for : execution phase
2024-04-24T00:51:41,619  INFO [main] metadata.Hive: Total time spent in each metastore function (ms): {dropTable_(String, String, boolean, boolean, boolean)=109, getTable_(GetTableRequest)=8, isCompatibleWith_(Configuration)=0}
2024-04-24T00:51:41,619  INFO [main] ql.Driver: Completed executing command(queryId=alex_20240424005141_75f6f2ca-a107-45e2-9a43-96e858f7abd1); Time taken: 0.118 seconds
2024-04-24T00:51:41,619  INFO [main] lockmgr.DbTxnManager: Stopped heartbeat for query: alex_20240424005141_75f6f2ca-a107-45e2-9a43-96e858f7abd1
2024-04-24T00:51:41,623  INFO [main] txn.TxnHandler: Expected to move at least one record from txn_components to completed_txn_components when committing txn! txnid:22
2024-04-24T00:51:41,629  INFO [main] txn.TxnHandler: Removed transactions: ([22]) from MIN_HISTORY_LEVEL
2024-04-24T00:51:41,631  WARN [main] txn.CompactionTxnHandler: No compaction queue record found for Compaction type transaction commit. txnId:22
2024-04-24T00:51:41,632  INFO [main] ql.TxnCommandsBaseForTests: Running the query: drop table if exists acidTblPart
2024-04-24T00:51:41,632  INFO [main] ql.Driver: Compiling command(queryId=alex_20240424005141_a5c707c8-ba48-42b6-b016-58d59de4327b): drop table if exists acidTblPart
2024-04-24T00:51:41,641  INFO [main] txn.TxnHandler: Added entries to MIN_HISTORY_LEVEL for current txns: ([23]) with min_open_txn: 20
2024-04-24T00:51:41,641  INFO [main] lockmgr.DbTxnManager: Opened txnid:23
2024-04-24T00:51:41,644  INFO [main] HiveMetaStore.audit: ugi=alex	ip=unknown-ip-addr	cmd=get_table : tbl=hive.default.acidTblPart	
2024-04-24T00:51:41,663  INFO [main] metastore.HMSHandler: Skipping translation for processor with null
2024-04-24T00:51:41,663  INFO [main] ql.Driver: Semantic Analysis Completed (retrial = false)
2024-04-24T00:51:41,663  INFO [main] ql.Driver: Created Hive schema: Schema(fieldSchemas:null, properties:null)
2024-04-24T00:51:41,664  INFO [main] metadata.Hive: Dumping metastore api call timing information for : compilation phase
2024-04-24T00:51:41,664  INFO [main] metadata.Hive: Total time spent in each metastore function (ms): {getValidTxns_(long)=3, openTxn_(String, TxnType)=9, flushCache_()=0, isCompatibleWith_(Configuration)=1, getTable_(GetTableRequest)=19, commitTxn_(CommitTxnRequest)=11}
2024-04-24T00:51:41,664  INFO [main] ql.Driver: Completed compiling command(queryId=alex_20240424005141_a5c707c8-ba48-42b6-b016-58d59de4327b); Time taken: 0.032 seconds
2024-04-24T00:51:41,664  INFO [main] lockmgr.DbTxnManager: Setting lock request transaction to txnid:23 for queryId=alex_20240424005141_a5c707c8-ba48-42b6-b016-58d59de4327b
2024-04-24T00:51:41,665  INFO [main] lockmgr.DbLockManager: Requesting lock for queryId=alex_20240424005141_a5c707c8-ba48-42b6-b016-58d59de4327b
2024-04-24T00:51:41,679  INFO [main] lockmgr.DbLockManager: Response to queryId=alex_20240424005141_a5c707c8-ba48-42b6-b016-58d59de4327b LockResponse(lockid:15, state:ACQUIRED)
2024-04-24T00:51:41,679  INFO [main] ql.Driver: Operation DROPTABLE obtained 1 locks
2024-04-24T00:51:41,679  INFO [main] ql.Driver: Executing command(queryId=alex_20240424005141_a5c707c8-ba48-42b6-b016-58d59de4327b): drop table if exists acidTblPart
2024-04-24T00:51:41,679  INFO [main] ql.Driver: Starting task [Stage-0:DDL] in serial mode
2024-04-24T00:51:41,679  INFO [main] HiveMetaStore.audit: ugi=alex	ip=unknown-ip-addr	cmd=get_table : tbl=hive.default.acidTblPart	
2024-04-24T00:51:41,687  INFO [main] metastore.HMSHandler: Skipping translation for processor with null
2024-04-24T00:51:41,687  INFO [main] HiveMetaStore.audit: ugi=alex	ip=unknown-ip-addr	cmd=get_table : tbl=hive.default.acidTblPart	
2024-04-24T00:51:41,694  INFO [main] metastore.HMSHandler: Skipping translation for processor with null
2024-04-24T00:51:41,694  INFO [main] HiveMetaStore.audit: ugi=alex	ip=unknown-ip-addr	cmd=drop_table : tbl=hive.default.acidTblPart	
2024-04-24T00:51:41,738  INFO [main] metadata.Hive: Dumping metastore api call timing information for : execution phase
2024-04-24T00:51:41,738  INFO [main] metadata.Hive: Total time spent in each metastore function (ms): {getTable_(GetTableRequest)=8, isCompatibleWith_(Configuration)=0, dropTable_(String, String, boolean, boolean, boolean)=51}
2024-04-24T00:51:41,738  INFO [main] ql.Driver: Completed executing command(queryId=alex_20240424005141_a5c707c8-ba48-42b6-b016-58d59de4327b); Time taken: 0.059 seconds
2024-04-24T00:51:41,738  INFO [main] lockmgr.DbTxnManager: Stopped heartbeat for query: alex_20240424005141_a5c707c8-ba48-42b6-b016-58d59de4327b
2024-04-24T00:51:41,742  INFO [main] txn.TxnHandler: Expected to move at least one record from txn_components to completed_txn_components when committing txn! txnid:23
2024-04-24T00:51:41,747  INFO [main] txn.TxnHandler: Removed transactions: ([23]) from MIN_HISTORY_LEVEL
2024-04-24T00:51:41,747  WARN [main] txn.CompactionTxnHandler: No compaction queue record found for Compaction type transaction commit. txnId:23
2024-04-24T00:51:41,748  INFO [main] ql.TxnCommandsBaseForTests: Running the query: drop table if exists acidTbl2
2024-04-24T00:51:41,748  INFO [main] ql.Driver: Compiling command(queryId=alex_20240424005141_235c7ccb-827f-4450-a4f0-da72da63fa12): drop table if exists acidTbl2
2024-04-24T00:51:41,751  INFO [main] txn.TxnHandler: Added entries to MIN_HISTORY_LEVEL for current txns: ([24]) with min_open_txn: 20
2024-04-24T00:51:41,751  INFO [main] lockmgr.DbTxnManager: Opened txnid:24
2024-04-24T00:51:41,752  INFO [main] ql.Driver: Semantic Analysis Completed (retrial = false)
2024-04-24T00:51:41,752  INFO [main] ql.Driver: Created Hive schema: Schema(fieldSchemas:null, properties:null)
2024-04-24T00:51:41,752  INFO [main] metadata.Hive: Dumping metastore api call timing information for : compilation phase
2024-04-24T00:51:41,752  INFO [main] metadata.Hive: Total time spent in each metastore function (ms): {getValidTxns_(long)=1, openTxn_(String, TxnType)=2, commitTxn_(CommitTxnRequest)=9, isCompatibleWith_(Configuration)=0, flushCache_()=0, getTable_(GetTableRequest)=0}
2024-04-24T00:51:41,752  INFO [main] ql.Driver: Completed compiling command(queryId=alex_20240424005141_235c7ccb-827f-4450-a4f0-da72da63fa12); Time taken: 0.004 seconds
2024-04-24T00:51:41,753  INFO [main] lockmgr.DbTxnManager: Setting lock request transaction to txnid:24 for queryId=alex_20240424005141_235c7ccb-827f-4450-a4f0-da72da63fa12
2024-04-24T00:51:41,753  INFO [main] ql.Driver: Operation DROPTABLE obtained 0 locks
2024-04-24T00:51:41,753  INFO [main] ql.Driver: Executing command(queryId=alex_20240424005141_235c7ccb-827f-4450-a4f0-da72da63fa12): drop table if exists acidTbl2
2024-04-24T00:51:41,753  INFO [main] ql.Driver: Starting task [Stage-0:DDL] in serial mode
2024-04-24T00:51:41,753  INFO [main] metadata.SessionHiveMetaStoreClient: Column stats doesn't exist for db=default temp table=acidTbl2
2024-04-24T00:51:41,754  INFO [main] metadata.Hive: Dumping metastore api call timing information for : execution phase
2024-04-24T00:51:41,754  INFO [main] metadata.Hive: Total time spent in each metastore function (ms): {isCompatibleWith_(Configuration)=0, getTable_(GetTableRequest)=0, dropTable_(String, String, boolean, boolean, boolean)=1}
2024-04-24T00:51:41,754  INFO [main] ql.Driver: Completed executing command(queryId=alex_20240424005141_235c7ccb-827f-4450-a4f0-da72da63fa12); Time taken: 0.001 seconds
2024-04-24T00:51:41,754  INFO [main] lockmgr.DbTxnManager: Stopped heartbeat for query: alex_20240424005141_235c7ccb-827f-4450-a4f0-da72da63fa12
2024-04-24T00:51:41,760  INFO [main] txn.TxnHandler: Expected to move at least one record from txn_components to completed_txn_components when committing txn! txnid:24
2024-04-24T00:51:41,765  INFO [main] txn.TxnHandler: Removed transactions: ([24]) from MIN_HISTORY_LEVEL
2024-04-24T00:51:41,765  WARN [main] txn.CompactionTxnHandler: No compaction queue record found for Compaction type transaction commit. txnId:24
2024-04-24T00:51:41,766  INFO [main] ql.TxnCommandsBaseForTests: Running the query: drop table if exists nonAcidOrcTbl
2024-04-24T00:51:41,766  INFO [main] ql.Driver: Compiling command(queryId=alex_20240424005141_52bc3511-078a-4d06-be50-c84c9d7444e6): drop table if exists nonAcidOrcTbl
2024-04-24T00:51:41,768  INFO [main] txn.TxnHandler: Added entries to MIN_HISTORY_LEVEL for current txns: ([25]) with min_open_txn: 20
2024-04-24T00:51:41,768  INFO [main] lockmgr.DbTxnManager: Opened txnid:25
2024-04-24T00:51:41,769  INFO [main] HiveMetaStore.audit: ugi=alex	ip=unknown-ip-addr	cmd=get_table : tbl=hive.default.nonAcidOrcTbl	
2024-04-24T00:51:41,790  INFO [main] metastore.HMSHandler: Skipping translation for processor with null
2024-04-24T00:51:41,790  INFO [main] ql.Driver: Semantic Analysis Completed (retrial = false)
2024-04-24T00:51:41,791  INFO [main] ql.Driver: Created Hive schema: Schema(fieldSchemas:null, properties:null)
2024-04-24T00:51:41,791  INFO [main] metadata.Hive: Dumping metastore api call timing information for : compilation phase
2024-04-24T00:51:41,791  INFO [main] metadata.Hive: Total time spent in each metastore function (ms): {openTxn_(String, TxnType)=2, getValidTxns_(long)=0, isCompatibleWith_(Configuration)=1, flushCache_()=0, getTable_(GetTableRequest)=21, commitTxn_(CommitTxnRequest)=12}
2024-04-24T00:51:41,791  INFO [main] ql.Driver: Completed compiling command(queryId=alex_20240424005141_52bc3511-078a-4d06-be50-c84c9d7444e6); Time taken: 0.025 seconds
2024-04-24T00:51:41,791  INFO [main] lockmgr.DbTxnManager: Setting lock request transaction to txnid:25 for queryId=alex_20240424005141_52bc3511-078a-4d06-be50-c84c9d7444e6
2024-04-24T00:51:41,792  INFO [main] lockmgr.DbLockManager: Requesting lock for queryId=alex_20240424005141_52bc3511-078a-4d06-be50-c84c9d7444e6
2024-04-24T00:51:41,807  INFO [main] lockmgr.DbLockManager: Response to queryId=alex_20240424005141_52bc3511-078a-4d06-be50-c84c9d7444e6 LockResponse(lockid:16, state:ACQUIRED)
2024-04-24T00:51:41,807  INFO [main] ql.Driver: Operation DROPTABLE obtained 1 locks
2024-04-24T00:51:41,808  INFO [main] ql.Driver: Executing command(queryId=alex_20240424005141_52bc3511-078a-4d06-be50-c84c9d7444e6): drop table if exists nonAcidOrcTbl
2024-04-24T00:51:41,808  INFO [main] ql.Driver: Starting task [Stage-0:DDL] in serial mode
2024-04-24T00:51:41,808  INFO [main] HiveMetaStore.audit: ugi=alex	ip=unknown-ip-addr	cmd=get_table : tbl=hive.default.nonAcidOrcTbl	
2024-04-24T00:51:41,819  INFO [main] metastore.HMSHandler: Skipping translation for processor with null
2024-04-24T00:51:41,819  INFO [main] HiveMetaStore.audit: ugi=alex	ip=unknown-ip-addr	cmd=get_table : tbl=hive.default.nonAcidOrcTbl	
2024-04-24T00:51:41,830  INFO [main] metastore.HMSHandler: Skipping translation for processor with null
2024-04-24T00:51:41,830  INFO [main] HiveMetaStore.audit: ugi=alex	ip=unknown-ip-addr	cmd=drop_table : tbl=hive.default.nonAcidOrcTbl	
2024-04-24T00:51:41,890  INFO [main] metadata.Hive: Dumping metastore api call timing information for : execution phase
2024-04-24T00:51:41,890  INFO [main] metadata.Hive: Total time spent in each metastore function (ms): {getTable_(GetTableRequest)=11, dropTable_(String, String, boolean, boolean, boolean)=71, isCompatibleWith_(Configuration)=0}
2024-04-24T00:51:41,891  INFO [main] ql.Driver: Completed executing command(queryId=alex_20240424005141_52bc3511-078a-4d06-be50-c84c9d7444e6); Time taken: 0.082 seconds
2024-04-24T00:51:41,891  INFO [main] lockmgr.DbTxnManager: Stopped heartbeat for query: alex_20240424005141_52bc3511-078a-4d06-be50-c84c9d7444e6
2024-04-24T00:51:41,894  INFO [main] txn.TxnHandler: Expected to move at least one record from txn_components to completed_txn_components when committing txn! txnid:25
2024-04-24T00:51:41,900  INFO [main] txn.TxnHandler: Removed transactions: ([25]) from MIN_HISTORY_LEVEL
2024-04-24T00:51:41,900  WARN [main] txn.CompactionTxnHandler: No compaction queue record found for Compaction type transaction commit. txnId:25
2024-04-24T00:51:41,901  INFO [main] ql.TxnCommandsBaseForTests: Running the query: drop table if exists nonAcidOrcTbl2
2024-04-24T00:51:41,901  INFO [main] ql.Driver: Compiling command(queryId=alex_20240424005141_a67a27d2-6f85-435f-bcf2-1da93facfb7a): drop table if exists nonAcidOrcTbl2
2024-04-24T00:51:41,903  INFO [main] txn.TxnHandler: Added entries to MIN_HISTORY_LEVEL for current txns: ([26]) with min_open_txn: 20
2024-04-24T00:51:41,904  INFO [main] lockmgr.DbTxnManager: Opened txnid:26
2024-04-24T00:51:41,904  INFO [main] HiveMetaStore.audit: ugi=alex	ip=unknown-ip-addr	cmd=get_table : tbl=hive.default.nonAcidOrcTbl2	
2024-04-24T00:51:41,914  INFO [main] metastore.HMSHandler: Skipping translation for processor with null
2024-04-24T00:51:41,914  INFO [main] ql.Driver: Semantic Analysis Completed (retrial = false)
2024-04-24T00:51:41,914  INFO [main] ql.Driver: Created Hive schema: Schema(fieldSchemas:null, properties:null)
2024-04-24T00:51:41,914  INFO [main] metadata.Hive: Dumping metastore api call timing information for : compilation phase
2024-04-24T00:51:41,914  INFO [main] metadata.Hive: Total time spent in each metastore function (ms): {flushCache_()=1, openTxn_(String, TxnType)=2, getTable_(GetTableRequest)=10, commitTxn_(CommitTxnRequest)=10, isCompatibleWith_(Configuration)=0, getValidTxns_(long)=0}
2024-04-24T00:51:41,914  INFO [main] ql.Driver: Completed compiling command(queryId=alex_20240424005141_a67a27d2-6f85-435f-bcf2-1da93facfb7a); Time taken: 0.013 seconds
2024-04-24T00:51:41,915  INFO [main] lockmgr.DbTxnManager: Setting lock request transaction to txnid:26 for queryId=alex_20240424005141_a67a27d2-6f85-435f-bcf2-1da93facfb7a
2024-04-24T00:51:41,915  INFO [main] lockmgr.DbLockManager: Requesting lock for queryId=alex_20240424005141_a67a27d2-6f85-435f-bcf2-1da93facfb7a
2024-04-24T00:51:41,928  INFO [main] lockmgr.DbLockManager: Response to queryId=alex_20240424005141_a67a27d2-6f85-435f-bcf2-1da93facfb7a LockResponse(lockid:17, state:ACQUIRED)
2024-04-24T00:51:41,929  INFO [main] ql.Driver: Operation DROPTABLE obtained 1 locks
2024-04-24T00:51:41,929  INFO [main] ql.Driver: Executing command(queryId=alex_20240424005141_a67a27d2-6f85-435f-bcf2-1da93facfb7a): drop table if exists nonAcidOrcTbl2
2024-04-24T00:51:41,929  INFO [main] ql.Driver: Starting task [Stage-0:DDL] in serial mode
2024-04-24T00:51:41,929  INFO [main] HiveMetaStore.audit: ugi=alex	ip=unknown-ip-addr	cmd=get_table : tbl=hive.default.nonAcidOrcTbl2	
2024-04-24T00:51:41,938  INFO [main] metastore.HMSHandler: Skipping translation for processor with null
2024-04-24T00:51:41,939  INFO [main] HiveMetaStore.audit: ugi=alex	ip=unknown-ip-addr	cmd=get_table : tbl=hive.default.nonAcidOrcTbl2	
2024-04-24T00:51:41,949  INFO [main] metastore.HMSHandler: Skipping translation for processor with null
2024-04-24T00:51:41,949  INFO [main] HiveMetaStore.audit: ugi=alex	ip=unknown-ip-addr	cmd=drop_table : tbl=hive.default.nonAcidOrcTbl2	
2024-04-24T00:51:41,988  INFO [main] metadata.Hive: Dumping metastore api call timing information for : execution phase
2024-04-24T00:51:41,988  INFO [main] metadata.Hive: Total time spent in each metastore function (ms): {isCompatibleWith_(Configuration)=0, dropTable_(String, String, boolean, boolean, boolean)=48, getTable_(GetTableRequest)=10}
2024-04-24T00:51:41,988  INFO [main] ql.Driver: Completed executing command(queryId=alex_20240424005141_a67a27d2-6f85-435f-bcf2-1da93facfb7a); Time taken: 0.059 seconds
2024-04-24T00:51:41,988  INFO [main] lockmgr.DbTxnManager: Stopped heartbeat for query: alex_20240424005141_a67a27d2-6f85-435f-bcf2-1da93facfb7a
2024-04-24T00:51:41,992  INFO [main] txn.TxnHandler: Expected to move at least one record from txn_components to completed_txn_components when committing txn! txnid:26
2024-04-24T00:51:41,997  INFO [main] txn.TxnHandler: Removed transactions: ([26]) from MIN_HISTORY_LEVEL
2024-04-24T00:51:41,997  WARN [main] txn.CompactionTxnHandler: No compaction queue record found for Compaction type transaction commit. txnId:26
2024-04-24T00:51:41,998  INFO [main] ql.TxnCommandsBaseForTests: Running the query: drop table if exists nonAcidNonBucket
2024-04-24T00:51:41,998  INFO [main] ql.Driver: Compiling command(queryId=alex_20240424005141_1a42b983-900c-4d5b-bcba-bd6052e88254): drop table if exists nonAcidNonBucket
2024-04-24T00:51:42,001  INFO [main] txn.TxnHandler: Added entries to MIN_HISTORY_LEVEL for current txns: ([27]) with min_open_txn: 21
2024-04-24T00:51:42,001  INFO [main] lockmgr.DbTxnManager: Opened txnid:27
2024-04-24T00:51:42,002  INFO [main] HiveMetaStore.audit: ugi=alex	ip=unknown-ip-addr	cmd=get_table : tbl=hive.default.nonAcidNonBucket	
2024-04-24T00:51:42,011  INFO [main] metastore.HMSHandler: Skipping translation for processor with null
2024-04-24T00:51:42,011  INFO [main] ql.Driver: Semantic Analysis Completed (retrial = false)
2024-04-24T00:51:42,011  INFO [main] ql.Driver: Created Hive schema: Schema(fieldSchemas:null, properties:null)
2024-04-24T00:51:42,011  INFO [main] metadata.Hive: Dumping metastore api call timing information for : compilation phase
2024-04-24T00:51:42,012  INFO [main] metadata.Hive: Total time spent in each metastore function (ms): {isCompatibleWith_(Configuration)=0, openTxn_(String, TxnType)=2, flushCache_()=1, commitTxn_(CommitTxnRequest)=10, getValidTxns_(long)=1, getTable_(GetTableRequest)=9}
2024-04-24T00:51:42,012  INFO [main] ql.Driver: Completed compiling command(queryId=alex_20240424005141_1a42b983-900c-4d5b-bcba-bd6052e88254); Time taken: 0.013 seconds
2024-04-24T00:51:42,012  INFO [main] lockmgr.DbTxnManager: Setting lock request transaction to txnid:27 for queryId=alex_20240424005141_1a42b983-900c-4d5b-bcba-bd6052e88254
2024-04-24T00:51:42,012  INFO [main] lockmgr.DbLockManager: Requesting lock for queryId=alex_20240424005141_1a42b983-900c-4d5b-bcba-bd6052e88254
2024-04-24T00:51:42,027  INFO [main] lockmgr.DbLockManager: Response to queryId=alex_20240424005141_1a42b983-900c-4d5b-bcba-bd6052e88254 LockResponse(lockid:18, state:ACQUIRED)
2024-04-24T00:51:42,027  INFO [main] ql.Driver: Operation DROPTABLE obtained 1 locks
2024-04-24T00:51:42,027  INFO [main] ql.Driver: Executing command(queryId=alex_20240424005141_1a42b983-900c-4d5b-bcba-bd6052e88254): drop table if exists nonAcidNonBucket
2024-04-24T00:51:42,027  INFO [main] ql.Driver: Starting task [Stage-0:DDL] in serial mode
2024-04-24T00:51:42,028  INFO [main] HiveMetaStore.audit: ugi=alex	ip=unknown-ip-addr	cmd=get_table : tbl=hive.default.nonAcidNonBucket	
2024-04-24T00:51:42,038  INFO [main] metastore.HMSHandler: Skipping translation for processor with null
2024-04-24T00:51:42,038  INFO [main] HiveMetaStore.audit: ugi=alex	ip=unknown-ip-addr	cmd=get_table : tbl=hive.default.nonAcidNonBucket	
2024-04-24T00:51:42,049  INFO [main] metastore.HMSHandler: Skipping translation for processor with null
2024-04-24T00:51:42,049  INFO [main] HiveMetaStore.audit: ugi=alex	ip=unknown-ip-addr	cmd=drop_table : tbl=hive.default.nonAcidNonBucket	
2024-04-24T00:51:42,086  INFO [main] metadata.Hive: Dumping metastore api call timing information for : execution phase
2024-04-24T00:51:42,086  INFO [main] metadata.Hive: Total time spent in each metastore function (ms): {dropTable_(String, String, boolean, boolean, boolean)=48, getTable_(GetTableRequest)=10, isCompatibleWith_(Configuration)=1}
2024-04-24T00:51:42,087  INFO [main] ql.Driver: Completed executing command(queryId=alex_20240424005141_1a42b983-900c-4d5b-bcba-bd6052e88254); Time taken: 0.059 seconds
2024-04-24T00:51:42,087  INFO [main] lockmgr.DbTxnManager: Stopped heartbeat for query: alex_20240424005141_1a42b983-900c-4d5b-bcba-bd6052e88254
2024-04-24T00:51:42,090  INFO [main] txn.TxnHandler: Expected to move at least one record from txn_components to completed_txn_components when committing txn! txnid:27
2024-04-24T00:51:42,096  INFO [main] txn.TxnHandler: Removed transactions: ([27]) from MIN_HISTORY_LEVEL
2024-04-24T00:51:42,097  WARN [main] txn.CompactionTxnHandler: No compaction queue record found for Compaction type transaction commit. txnId:27
2024-04-24T00:51:42,097  INFO [main] utils.TestTxnDbUtil: Cleaning transactional tables
]]></system-err>
  </testcase>
  <testcase name="testExportDefaultDb" classname="org.apache.hadoop.hive.ql.TestTxnExIm" time="8.335"/>
  <testcase name="testImportOrc" classname="org.apache.hadoop.hive.ql.TestTxnExIm" time="6.431"/>
  <testcase name="testImportVectorized" classname="org.apache.hadoop.hive.ql.TestTxnExIm" time="8.274">
    <error type="java.lang.RuntimeException"><![CDATA[java.lang.RuntimeException: update T set a = 0 where b = 6 failed: (responseCode = 2, errorMessage = FAILED: Execution Error, return code 2 from org.apache.hadoop.hive.ql.exec.mr.MapRedTask, SQLState = 08S01)
	at org.apache.hadoop.hive.ql.TxnCommandsBaseForTests.runStatementOnDriver(TxnCommandsBaseForTests.java:247)
	at org.apache.hadoop.hive.ql.TestTxnExIm.testImport(TestTxnExIm.java:335)
	at org.apache.hadoop.hive.ql.TestTxnExIm.testImportVectorized(TestTxnExIm.java:291)
	at sun.reflect.NativeMethodAccessorImpl.invoke0(Native Method)
	at sun.reflect.NativeMethodAccessorImpl.invoke(NativeMethodAccessorImpl.java:62)
	at sun.reflect.DelegatingMethodAccessorImpl.invoke(DelegatingMethodAccessorImpl.java:43)
	at java.lang.reflect.Method.invoke(Method.java:498)
	at org.junit.runners.model.FrameworkMethod$1.runReflectiveCall(FrameworkMethod.java:59)
	at org.junit.internal.runners.model.ReflectiveCallable.run(ReflectiveCallable.java:12)
	at org.junit.runners.model.FrameworkMethod.invokeExplosively(FrameworkMethod.java:56)
	at org.junit.internal.runners.statements.InvokeMethod.evaluate(InvokeMethod.java:17)
	at org.junit.internal.runners.statements.RunBefores.evaluate(RunBefores.java:26)
	at org.junit.internal.runners.statements.RunAfters.evaluate(RunAfters.java:27)
	at org.junit.rules.TestWatcher$1.evaluate(TestWatcher.java:61)
	at org.junit.runners.ParentRunner$3.evaluate(ParentRunner.java:306)
	at org.junit.runners.BlockJUnit4ClassRunner$1.evaluate(BlockJUnit4ClassRunner.java:100)
	at org.junit.runners.ParentRunner.runLeaf(ParentRunner.java:366)
	at org.junit.runners.BlockJUnit4ClassRunner.runChild(BlockJUnit4ClassRunner.java:103)
	at org.junit.runners.BlockJUnit4ClassRunner.runChild(BlockJUnit4ClassRunner.java:63)
	at org.junit.runners.ParentRunner$4.run(ParentRunner.java:331)
	at org.junit.runners.ParentRunner$1.schedule(ParentRunner.java:79)
	at org.junit.runners.ParentRunner.runChildren(ParentRunner.java:329)
	at org.junit.runners.ParentRunner.access$100(ParentRunner.java:66)
	at org.junit.runners.ParentRunner$2.evaluate(ParentRunner.java:293)
	at org.junit.runners.ParentRunner$3.evaluate(ParentRunner.java:306)
	at org.junit.runners.ParentRunner.run(ParentRunner.java:413)
	at org.junit.runner.JUnitCore.run(JUnitCore.java:137)
	at org.junit.runner.JUnitCore.run(JUnitCore.java:115)
	at org.junit.vintage.engine.execution.RunnerExecutor.execute(RunnerExecutor.java:43)
	at java.util.stream.ForEachOps$ForEachOp$OfRef.accept(ForEachOps.java:183)
	at java.util.stream.ReferencePipeline$3$1.accept(ReferencePipeline.java:193)
	at java.util.Iterator.forEachRemaining(Iterator.java:116)
	at java.util.Spliterators$IteratorSpliterator.forEachRemaining(Spliterators.java:1801)
	at java.util.stream.AbstractPipeline.copyInto(AbstractPipeline.java:482)
	at java.util.stream.AbstractPipeline.wrapAndCopyInto(AbstractPipeline.java:472)
	at java.util.stream.ForEachOps$ForEachOp.evaluateSequential(ForEachOps.java:150)
	at java.util.stream.ForEachOps$ForEachOp$OfRef.evaluateSequential(ForEachOps.java:173)
	at java.util.stream.AbstractPipeline.evaluate(AbstractPipeline.java:234)
	at java.util.stream.ReferencePipeline.forEach(ReferencePipeline.java:485)
	at org.junit.vintage.engine.VintageTestEngine.executeAllChildren(VintageTestEngine.java:82)
	at org.junit.vintage.engine.VintageTestEngine.execute(VintageTestEngine.java:73)
	at org.junit.platform.launcher.core.DefaultLauncher.execute(DefaultLauncher.java:248)
	at org.junit.platform.launcher.core.DefaultLauncher.lambda$execute$5(DefaultLauncher.java:211)
	at org.junit.platform.launcher.core.DefaultLauncher.withInterceptedStreams(DefaultLauncher.java:226)
	at org.junit.platform.launcher.core.DefaultLauncher.execute(DefaultLauncher.java:199)
	at org.junit.platform.launcher.core.DefaultLauncher.execute(DefaultLauncher.java:132)
	at org.apache.maven.surefire.junitplatform.JUnitPlatformProvider.invokeAllTests(JUnitPlatformProvider.java:154)
	at org.apache.maven.surefire.junitplatform.JUnitPlatformProvider.invoke(JUnitPlatformProvider.java:123)
	at org.apache.maven.surefire.booter.ForkedBooter.runSuitesInProcess(ForkedBooter.java:377)
	at org.apache.maven.surefire.booter.ForkedBooter.execute(ForkedBooter.java:138)
	at org.apache.maven.surefire.booter.ForkedBooter.run(ForkedBooter.java:465)
	at org.apache.maven.surefire.booter.ForkedBooter.main(ForkedBooter.java:451)
]]></error>
    <system-err><![CDATA[2024-04-24T00:51:56,933  WARN [main] conf.HiveConf: HiveConf of name hive.dummyparam.test.server.specific.config.override does not exist
2024-04-24T00:51:56,933  WARN [main] conf.HiveConf: HiveConf of name hive.metastore.client.cache.recordStats does not exist
2024-04-24T00:51:56,933  WARN [main] conf.HiveConf: HiveConf of name hive.stats.key.prefix.reserve.length does not exist
2024-04-24T00:51:56,933  WARN [main] conf.HiveConf: HiveConf of name hive.dummyparam.test.server.specific.config.metastoresite does not exist
2024-04-24T00:51:56,933  WARN [main] conf.HiveConf: HiveConf of name hive.llap.io.cache.orc.alloc.min does not exist
2024-04-24T00:51:56,933  WARN [main] conf.HiveConf: HiveConf of name hive.llap.io.cache.orc.alloc.max does not exist
2024-04-24T00:51:56,933  WARN [main] conf.HiveConf: HiveConf of name hive.dummyparam.test.server.specific.config.hivesite does not exist
2024-04-24T00:51:56,933  WARN [main] conf.HiveConf: HiveConf of name hive.llap.io.cache.orc.size does not exist
2024-04-24T00:51:56,933  WARN [main] conf.HiveConf: HiveConf of name hive.llap.io.cache.orc.arena.size does not exist
2024-04-24T00:51:56,933  WARN [main] conf.HiveConf: HiveConf of name hive.metastore.metadb.dir does not exist
2024-04-24T00:51:56,933  WARN [main] conf.HiveConf: HiveConf of name hive.metastore.client.cache.maxSize does not exist
2024-04-24T00:51:56,935  INFO [main] utils.TestTxnDbUtil: Creating transactional tables
Hive Session ID = cfe73dea-7ee9-488d-9c97-891c7dc18530
2024-04-24T00:51:56,938  INFO [main] SessionState: Hive Session ID = cfe73dea-7ee9-488d-9c97-891c7dc18530
ivysettings.xml file not found in HIVE_HOME or HIVE_CONF_DIR,/home/alex/Repositories/hive/conf/ivysettings.xml will be used
2024-04-24T00:51:56,938  INFO [main] DependencyResolver: ivysettings.xml file not found in HIVE_HOME or HIVE_CONF_DIR,/home/alex/Repositories/hive/conf/ivysettings.xml will be used
2024-04-24T00:51:56,943  INFO [main] session.SessionState: Created HDFS directory: /home/alex/Repositories/hive/ql/target/tmp/scratchdir/alex/cfe73dea-7ee9-488d-9c97-891c7dc18530
2024-04-24T00:51:56,946  INFO [main] session.SessionState: Created local directory: /home/alex/Repositories/hive/ql/target/tmp/localscratchdir/cfe73dea-7ee9-488d-9c97-891c7dc18530
2024-04-24T00:51:56,948  INFO [main] session.SessionState: Created HDFS directory: /home/alex/Repositories/hive/ql/target/tmp/scratchdir/alex/cfe73dea-7ee9-488d-9c97-891c7dc18530/_tmp_space.db
2024-04-24T00:51:56,948  INFO [main] sqlstd.SQLStdHiveAccessController: Created SQLStdHiveAccessController for session context : HiveAuthzSessionContext [sessionString=cfe73dea-7ee9-488d-9c97-891c7dc18530, clientType=HIVECLI]
2024-04-24T00:51:56,949  INFO [main] ql.TxnCommandsBaseForTests: Running the query: drop table if exists acidTbl
2024-04-24T00:51:56,949  INFO [main] ql.Driver: Compiling command(queryId=alex_20240424005156_9b04d9e1-c989-4ff0-a716-393fbc77fe03): drop table if exists acidTbl
2024-04-24T00:51:56,957  INFO [main] txn.TxnHandler: Added entries to MIN_HISTORY_LEVEL for current txns: ([1]) with min_open_txn: 1
2024-04-24T00:51:56,957  INFO [main] lockmgr.DbTxnManager: Opened txnid:1
2024-04-24T00:51:56,959  INFO [main] HiveMetaStore.audit: ugi=alex	ip=unknown-ip-addr	cmd=get_table : tbl=hive.default.acidTbl	
2024-04-24T00:51:56,963  INFO [main] ql.Driver: Semantic Analysis Completed (retrial = false)
2024-04-24T00:51:56,963  INFO [main] ql.Driver: Created Hive schema: Schema(fieldSchemas:null, properties:null)
2024-04-24T00:51:56,963  INFO [main] metadata.Hive: Dumping metastore api call timing information for : compilation phase
2024-04-24T00:51:56,963  INFO [main] metadata.Hive: Total time spent in each metastore function (ms): {getValidTxns_(long)=2, flushCache_()=0, openTxn_(String, TxnType)=8, commitTxn_(CommitTxnRequest)=9, isCompatibleWith_(Configuration)=0}
2024-04-24T00:51:56,963  INFO [main] ql.Driver: Completed compiling command(queryId=alex_20240424005156_9b04d9e1-c989-4ff0-a716-393fbc77fe03); Time taken: 0.014 seconds
2024-04-24T00:51:56,963  INFO [main] lockmgr.DbTxnManager: Setting lock request transaction to txnid:1 for queryId=alex_20240424005156_9b04d9e1-c989-4ff0-a716-393fbc77fe03
2024-04-24T00:51:56,964  INFO [main] ql.Driver: Operation DROPTABLE obtained 0 locks
2024-04-24T00:51:56,964  INFO [main] ql.Driver: Executing command(queryId=alex_20240424005156_9b04d9e1-c989-4ff0-a716-393fbc77fe03): drop table if exists acidTbl
2024-04-24T00:51:56,964  INFO [main] ql.Driver: Starting task [Stage-0:DDL] in serial mode
2024-04-24T00:51:56,964  INFO [main] HiveMetaStore.audit: ugi=alex	ip=unknown-ip-addr	cmd=get_table : tbl=hive.default.acidTbl	
2024-04-24T00:51:56,967  INFO [main] metadata.Hive: Dumping metastore api call timing information for : execution phase
2024-04-24T00:51:56,967  INFO [main] metadata.Hive: Total time spent in each metastore function (ms): {isCompatibleWith_(Configuration)=0}
2024-04-24T00:51:56,968  INFO [main] ql.Driver: Completed executing command(queryId=alex_20240424005156_9b04d9e1-c989-4ff0-a716-393fbc77fe03); Time taken: 0.003 seconds
2024-04-24T00:51:56,968  INFO [main] lockmgr.DbTxnManager: Stopped heartbeat for query: alex_20240424005156_9b04d9e1-c989-4ff0-a716-393fbc77fe03
2024-04-24T00:51:56,973  INFO [main] txn.TxnHandler: Expected to move at least one record from txn_components to completed_txn_components when committing txn! txnid:1
2024-04-24T00:51:56,978  INFO [main] txn.TxnHandler: Removed transactions: ([1]) from MIN_HISTORY_LEVEL
2024-04-24T00:51:56,978  WARN [main] txn.CompactionTxnHandler: No compaction queue record found for Compaction type transaction commit. txnId:1
2024-04-24T00:51:56,979  INFO [main] ql.TxnCommandsBaseForTests: Running the query: drop table if exists acidTblPart
2024-04-24T00:51:56,979  INFO [main] ql.Driver: Compiling command(queryId=alex_20240424005156_0078fc82-c3dd-4761-b0fa-132b24f3bd53): drop table if exists acidTblPart
2024-04-24T00:51:56,981  INFO [main] txn.TxnHandler: Added entries to MIN_HISTORY_LEVEL for current txns: ([2]) with min_open_txn: 1
2024-04-24T00:51:56,981  INFO [main] lockmgr.DbTxnManager: Opened txnid:2
2024-04-24T00:51:56,982  INFO [main] HiveMetaStore.audit: ugi=alex	ip=unknown-ip-addr	cmd=get_table : tbl=hive.default.acidTblPart	
2024-04-24T00:51:56,985  INFO [main] ql.Driver: Semantic Analysis Completed (retrial = false)
2024-04-24T00:51:56,985  INFO [main] ql.Driver: Created Hive schema: Schema(fieldSchemas:null, properties:null)
2024-04-24T00:51:56,985  INFO [main] metadata.Hive: Dumping metastore api call timing information for : compilation phase
2024-04-24T00:51:56,985  INFO [main] metadata.Hive: Total time spent in each metastore function (ms): {commitTxn_(CommitTxnRequest)=11, getValidTxns_(long)=0, openTxn_(String, TxnType)=1, flushCache_()=0, isCompatibleWith_(Configuration)=1}
2024-04-24T00:51:56,986  INFO [main] ql.Driver: Completed compiling command(queryId=alex_20240424005156_0078fc82-c3dd-4761-b0fa-132b24f3bd53); Time taken: 0.006 seconds
2024-04-24T00:51:56,986  INFO [main] lockmgr.DbTxnManager: Setting lock request transaction to txnid:2 for queryId=alex_20240424005156_0078fc82-c3dd-4761-b0fa-132b24f3bd53
2024-04-24T00:51:56,986  INFO [main] ql.Driver: Operation DROPTABLE obtained 0 locks
2024-04-24T00:51:56,986  INFO [main] ql.Driver: Executing command(queryId=alex_20240424005156_0078fc82-c3dd-4761-b0fa-132b24f3bd53): drop table if exists acidTblPart
2024-04-24T00:51:56,986  INFO [main] ql.Driver: Starting task [Stage-0:DDL] in serial mode
2024-04-24T00:51:56,986  INFO [main] HiveMetaStore.audit: ugi=alex	ip=unknown-ip-addr	cmd=get_table : tbl=hive.default.acidTblPart	
2024-04-24T00:51:56,990  INFO [main] metadata.Hive: Dumping metastore api call timing information for : execution phase
2024-04-24T00:51:56,990  INFO [main] metadata.Hive: Total time spent in each metastore function (ms): {isCompatibleWith_(Configuration)=0}
2024-04-24T00:51:56,990  INFO [main] ql.Driver: Completed executing command(queryId=alex_20240424005156_0078fc82-c3dd-4761-b0fa-132b24f3bd53); Time taken: 0.004 seconds
2024-04-24T00:51:56,990  INFO [main] lockmgr.DbTxnManager: Stopped heartbeat for query: alex_20240424005156_0078fc82-c3dd-4761-b0fa-132b24f3bd53
2024-04-24T00:51:56,994  INFO [main] txn.TxnHandler: Expected to move at least one record from txn_components to completed_txn_components when committing txn! txnid:2
2024-04-24T00:51:56,999  INFO [main] txn.TxnHandler: Removed transactions: ([2]) from MIN_HISTORY_LEVEL
2024-04-24T00:51:57,000  WARN [main] txn.CompactionTxnHandler: No compaction queue record found for Compaction type transaction commit. txnId:2
2024-04-24T00:51:57,000  INFO [main] ql.TxnCommandsBaseForTests: Running the query: drop table if exists acidTbl2
2024-04-24T00:51:57,001  INFO [main] ql.Driver: Compiling command(queryId=alex_20240424005157_de8c3a58-480a-4980-8161-82f29d4a4c3c): drop table if exists acidTbl2
2024-04-24T00:51:57,003  INFO [main] txn.TxnHandler: Added entries to MIN_HISTORY_LEVEL for current txns: ([3]) with min_open_txn: 1
2024-04-24T00:51:57,003  INFO [main] lockmgr.DbTxnManager: Opened txnid:3
2024-04-24T00:51:57,003  INFO [main] HiveMetaStore.audit: ugi=alex	ip=unknown-ip-addr	cmd=get_table : tbl=hive.default.acidTbl2	
2024-04-24T00:51:57,006  INFO [main] ql.Driver: Semantic Analysis Completed (retrial = false)
2024-04-24T00:51:57,006  INFO [main] ql.Driver: Created Hive schema: Schema(fieldSchemas:null, properties:null)
2024-04-24T00:51:57,006  INFO [main] metadata.Hive: Dumping metastore api call timing information for : compilation phase
2024-04-24T00:51:57,007  INFO [main] metadata.Hive: Total time spent in each metastore function (ms): {commitTxn_(CommitTxnRequest)=10, getValidTxns_(long)=0, openTxn_(String, TxnType)=2, isCompatibleWith_(Configuration)=0, flushCache_()=0}
2024-04-24T00:51:57,007  INFO [main] ql.Driver: Completed compiling command(queryId=alex_20240424005157_de8c3a58-480a-4980-8161-82f29d4a4c3c); Time taken: 0.005 seconds
2024-04-24T00:51:57,007  INFO [main] lockmgr.DbTxnManager: Setting lock request transaction to txnid:3 for queryId=alex_20240424005157_de8c3a58-480a-4980-8161-82f29d4a4c3c
2024-04-24T00:51:57,007  INFO [main] ql.Driver: Operation DROPTABLE obtained 0 locks
2024-04-24T00:51:57,007  INFO [main] ql.Driver: Executing command(queryId=alex_20240424005157_de8c3a58-480a-4980-8161-82f29d4a4c3c): drop table if exists acidTbl2
2024-04-24T00:51:57,007  INFO [main] ql.Driver: Starting task [Stage-0:DDL] in serial mode
2024-04-24T00:51:57,008  INFO [main] HiveMetaStore.audit: ugi=alex	ip=unknown-ip-addr	cmd=get_table : tbl=hive.default.acidTbl2	
2024-04-24T00:51:57,011  INFO [main] metadata.Hive: Dumping metastore api call timing information for : execution phase
2024-04-24T00:51:57,011  INFO [main] metadata.Hive: Total time spent in each metastore function (ms): {isCompatibleWith_(Configuration)=1}
2024-04-24T00:51:57,011  INFO [main] ql.Driver: Completed executing command(queryId=alex_20240424005157_de8c3a58-480a-4980-8161-82f29d4a4c3c); Time taken: 0.004 seconds
2024-04-24T00:51:57,011  INFO [main] lockmgr.DbTxnManager: Stopped heartbeat for query: alex_20240424005157_de8c3a58-480a-4980-8161-82f29d4a4c3c
2024-04-24T00:51:57,016  INFO [main] txn.TxnHandler: Expected to move at least one record from txn_components to completed_txn_components when committing txn! txnid:3
2024-04-24T00:51:57,021  INFO [main] txn.TxnHandler: Removed transactions: ([3]) from MIN_HISTORY_LEVEL
2024-04-24T00:51:57,022  WARN [main] txn.CompactionTxnHandler: No compaction queue record found for Compaction type transaction commit. txnId:3
2024-04-24T00:51:57,022  INFO [main] ql.TxnCommandsBaseForTests: Running the query: drop table if exists nonAcidOrcTbl
2024-04-24T00:51:57,022  INFO [main] ql.Driver: Compiling command(queryId=alex_20240424005157_a241dfae-0f3d-4fc0-96c9-df4e2c11bbaa): drop table if exists nonAcidOrcTbl
2024-04-24T00:51:57,025  INFO [main] txn.TxnHandler: Added entries to MIN_HISTORY_LEVEL for current txns: ([4]) with min_open_txn: 1
2024-04-24T00:51:57,025  INFO [main] lockmgr.DbTxnManager: Opened txnid:4
2024-04-24T00:51:57,026  INFO [main] HiveMetaStore.audit: ugi=alex	ip=unknown-ip-addr	cmd=get_table : tbl=hive.default.nonAcidOrcTbl	
2024-04-24T00:51:57,029  INFO [main] ql.Driver: Semantic Analysis Completed (retrial = false)
2024-04-24T00:51:57,029  INFO [main] ql.Driver: Created Hive schema: Schema(fieldSchemas:null, properties:null)
2024-04-24T00:51:57,029  INFO [main] metadata.Hive: Dumping metastore api call timing information for : compilation phase
2024-04-24T00:51:57,029  INFO [main] metadata.Hive: Total time spent in each metastore function (ms): {flushCache_()=0, openTxn_(String, TxnType)=2, commitTxn_(CommitTxnRequest)=11, getValidTxns_(long)=1, isCompatibleWith_(Configuration)=0}
2024-04-24T00:51:57,030  INFO [main] ql.Driver: Completed compiling command(queryId=alex_20240424005157_a241dfae-0f3d-4fc0-96c9-df4e2c11bbaa); Time taken: 0.007 seconds
2024-04-24T00:51:57,030  INFO [main] lockmgr.DbTxnManager: Setting lock request transaction to txnid:4 for queryId=alex_20240424005157_a241dfae-0f3d-4fc0-96c9-df4e2c11bbaa
2024-04-24T00:51:57,030  INFO [main] ql.Driver: Operation DROPTABLE obtained 0 locks
2024-04-24T00:51:57,030  INFO [main] ql.Driver: Executing command(queryId=alex_20240424005157_a241dfae-0f3d-4fc0-96c9-df4e2c11bbaa): drop table if exists nonAcidOrcTbl
2024-04-24T00:51:57,030  INFO [main] ql.Driver: Starting task [Stage-0:DDL] in serial mode
2024-04-24T00:51:57,030  INFO [main] HiveMetaStore.audit: ugi=alex	ip=unknown-ip-addr	cmd=get_table : tbl=hive.default.nonAcidOrcTbl	
2024-04-24T00:51:57,034  INFO [main] metadata.Hive: Dumping metastore api call timing information for : execution phase
2024-04-24T00:51:57,034  INFO [main] metadata.Hive: Total time spent in each metastore function (ms): {isCompatibleWith_(Configuration)=0}
2024-04-24T00:51:57,034  INFO [main] ql.Driver: Completed executing command(queryId=alex_20240424005157_a241dfae-0f3d-4fc0-96c9-df4e2c11bbaa); Time taken: 0.004 seconds
2024-04-24T00:51:57,034  INFO [main] lockmgr.DbTxnManager: Stopped heartbeat for query: alex_20240424005157_a241dfae-0f3d-4fc0-96c9-df4e2c11bbaa
2024-04-24T00:51:57,039  INFO [main] txn.TxnHandler: Expected to move at least one record from txn_components to completed_txn_components when committing txn! txnid:4
2024-04-24T00:51:57,044  INFO [main] txn.TxnHandler: Removed transactions: ([4]) from MIN_HISTORY_LEVEL
2024-04-24T00:51:57,044  WARN [main] txn.CompactionTxnHandler: No compaction queue record found for Compaction type transaction commit. txnId:4
2024-04-24T00:51:57,045  INFO [main] ql.TxnCommandsBaseForTests: Running the query: drop table if exists nonAcidOrcTbl2
2024-04-24T00:51:57,045  INFO [main] ql.Driver: Compiling command(queryId=alex_20240424005157_0f884a1d-d32b-4146-8374-1e69242e1ae9): drop table if exists nonAcidOrcTbl2
2024-04-24T00:51:57,048  INFO [main] txn.TxnHandler: Added entries to MIN_HISTORY_LEVEL for current txns: ([5]) with min_open_txn: 1
2024-04-24T00:51:57,049  INFO [main] lockmgr.DbTxnManager: Opened txnid:5
2024-04-24T00:51:57,049  INFO [main] HiveMetaStore.audit: ugi=alex	ip=unknown-ip-addr	cmd=get_table : tbl=hive.default.nonAcidOrcTbl2	
2024-04-24T00:51:57,053  INFO [main] ql.Driver: Semantic Analysis Completed (retrial = false)
2024-04-24T00:51:57,053  INFO [main] ql.Driver: Created Hive schema: Schema(fieldSchemas:null, properties:null)
2024-04-24T00:51:57,053  INFO [main] metadata.Hive: Dumping metastore api call timing information for : compilation phase
2024-04-24T00:51:57,053  INFO [main] metadata.Hive: Total time spent in each metastore function (ms): {getValidTxns_(long)=0, openTxn_(String, TxnType)=3, commitTxn_(CommitTxnRequest)=11, isCompatibleWith_(Configuration)=0, flushCache_()=1}
2024-04-24T00:51:57,053  INFO [main] ql.Driver: Completed compiling command(queryId=alex_20240424005157_0f884a1d-d32b-4146-8374-1e69242e1ae9); Time taken: 0.008 seconds
2024-04-24T00:51:57,053  INFO [main] lockmgr.DbTxnManager: Setting lock request transaction to txnid:5 for queryId=alex_20240424005157_0f884a1d-d32b-4146-8374-1e69242e1ae9
2024-04-24T00:51:57,053  INFO [main] ql.Driver: Operation DROPTABLE obtained 0 locks
2024-04-24T00:51:57,054  INFO [main] ql.Driver: Executing command(queryId=alex_20240424005157_0f884a1d-d32b-4146-8374-1e69242e1ae9): drop table if exists nonAcidOrcTbl2
2024-04-24T00:51:57,054  INFO [main] ql.Driver: Starting task [Stage-0:DDL] in serial mode
2024-04-24T00:51:57,054  INFO [main] HiveMetaStore.audit: ugi=alex	ip=unknown-ip-addr	cmd=get_table : tbl=hive.default.nonAcidOrcTbl2	
2024-04-24T00:51:57,057  INFO [main] metadata.Hive: Dumping metastore api call timing information for : execution phase
2024-04-24T00:51:57,057  INFO [main] metadata.Hive: Total time spent in each metastore function (ms): {isCompatibleWith_(Configuration)=0}
2024-04-24T00:51:57,058  INFO [main] ql.Driver: Completed executing command(queryId=alex_20240424005157_0f884a1d-d32b-4146-8374-1e69242e1ae9); Time taken: 0.004 seconds
2024-04-24T00:51:57,058  INFO [main] lockmgr.DbTxnManager: Stopped heartbeat for query: alex_20240424005157_0f884a1d-d32b-4146-8374-1e69242e1ae9
2024-04-24T00:51:57,062  INFO [main] txn.TxnHandler: Expected to move at least one record from txn_components to completed_txn_components when committing txn! txnid:5
2024-04-24T00:51:57,067  INFO [main] txn.TxnHandler: Removed transactions: ([5]) from MIN_HISTORY_LEVEL
2024-04-24T00:51:57,067  WARN [main] txn.CompactionTxnHandler: No compaction queue record found for Compaction type transaction commit. txnId:5
2024-04-24T00:51:57,068  INFO [main] ql.TxnCommandsBaseForTests: Running the query: drop table if exists nonAcidNonBucket
2024-04-24T00:51:57,068  INFO [main] ql.Driver: Compiling command(queryId=alex_20240424005157_19d8b7f0-699b-483b-9ddb-e9a710e5e61b): drop table if exists nonAcidNonBucket
2024-04-24T00:51:57,070  INFO [main] txn.TxnHandler: Added entries to MIN_HISTORY_LEVEL for current txns: ([6]) with min_open_txn: 1
2024-04-24T00:51:57,071  INFO [main] lockmgr.DbTxnManager: Opened txnid:6
2024-04-24T00:51:57,071  INFO [main] HiveMetaStore.audit: ugi=alex	ip=unknown-ip-addr	cmd=get_table : tbl=hive.default.nonAcidNonBucket	
2024-04-24T00:51:57,075  INFO [main] ql.Driver: Semantic Analysis Completed (retrial = false)
2024-04-24T00:51:57,075  INFO [main] ql.Driver: Created Hive schema: Schema(fieldSchemas:null, properties:null)
2024-04-24T00:51:57,075  INFO [main] metadata.Hive: Dumping metastore api call timing information for : compilation phase
2024-04-24T00:51:57,075  INFO [main] metadata.Hive: Total time spent in each metastore function (ms): {openTxn_(String, TxnType)=2, getValidTxns_(long)=0, commitTxn_(CommitTxnRequest)=10, isCompatibleWith_(Configuration)=0, flushCache_()=0}
2024-04-24T00:51:57,076  INFO [main] ql.Driver: Completed compiling command(queryId=alex_20240424005157_19d8b7f0-699b-483b-9ddb-e9a710e5e61b); Time taken: 0.007 seconds
2024-04-24T00:51:57,076  INFO [main] lockmgr.DbTxnManager: Setting lock request transaction to txnid:6 for queryId=alex_20240424005157_19d8b7f0-699b-483b-9ddb-e9a710e5e61b
2024-04-24T00:51:57,076  INFO [main] ql.Driver: Operation DROPTABLE obtained 0 locks
2024-04-24T00:51:57,076  INFO [main] ql.Driver: Executing command(queryId=alex_20240424005157_19d8b7f0-699b-483b-9ddb-e9a710e5e61b): drop table if exists nonAcidNonBucket
2024-04-24T00:51:57,076  INFO [main] ql.Driver: Starting task [Stage-0:DDL] in serial mode
2024-04-24T00:51:57,077  INFO [main] HiveMetaStore.audit: ugi=alex	ip=unknown-ip-addr	cmd=get_table : tbl=hive.default.nonAcidNonBucket	
2024-04-24T00:51:57,080  INFO [main] metadata.Hive: Dumping metastore api call timing information for : execution phase
2024-04-24T00:51:57,080  INFO [main] metadata.Hive: Total time spent in each metastore function (ms): {isCompatibleWith_(Configuration)=0}
2024-04-24T00:51:57,081  INFO [main] ql.Driver: Completed executing command(queryId=alex_20240424005157_19d8b7f0-699b-483b-9ddb-e9a710e5e61b); Time taken: 0.004 seconds
2024-04-24T00:51:57,081  INFO [main] lockmgr.DbTxnManager: Stopped heartbeat for query: alex_20240424005157_19d8b7f0-699b-483b-9ddb-e9a710e5e61b
2024-04-24T00:51:57,085  INFO [main] txn.TxnHandler: Expected to move at least one record from txn_components to completed_txn_components when committing txn! txnid:6
2024-04-24T00:51:57,090  INFO [main] txn.TxnHandler: Removed transactions: ([6]) from MIN_HISTORY_LEVEL
2024-04-24T00:51:57,090  WARN [main] txn.CompactionTxnHandler: No compaction queue record found for Compaction type transaction commit. txnId:6
2024-04-24T00:51:57,091  INFO [main] ql.TxnCommandsBaseForTests: Running the query: create table acidTbl(a int, b int) clustered by (a) into 2 buckets stored as orc TBLPROPERTIES ('transactional'='true')
2024-04-24T00:51:57,091  INFO [main] ql.Driver: Compiling command(queryId=alex_20240424005157_ae745ad6-85d6-4f5b-8eff-8b2aa5a287d6): create table acidTbl(a int, b int) clustered by (a) into 2 buckets stored as orc TBLPROPERTIES ('transactional'='true')
2024-04-24T00:51:57,093  INFO [main] txn.TxnHandler: Added entries to MIN_HISTORY_LEVEL for current txns: ([7]) with min_open_txn: 1
2024-04-24T00:51:57,093  INFO [main] lockmgr.DbTxnManager: Opened txnid:7
2024-04-24T00:51:57,094  INFO [main] parse.CalcitePlanner: Starting caching scope for: 
2024-04-24T00:51:57,094  INFO [main] parse.CalcitePlanner: Starting Semantic Analysis
2024-04-24T00:51:57,099  INFO [main] parse.CalcitePlanner: Creating table default.acidTbl position=13
2024-04-24T00:51:57,099  INFO [main] HiveMetaStore.audit: ugi=alex	ip=unknown-ip-addr	cmd=get_database: default	
2024-04-24T00:51:57,101  INFO [main] parse.CalcitePlanner: Ending caching scope for: 
2024-04-24T00:51:57,101  INFO [main] ql.Driver: Semantic Analysis Completed (retrial = false)
2024-04-24T00:51:57,101  INFO [main] ql.Driver: Created Hive schema: Schema(fieldSchemas:null, properties:null)
2024-04-24T00:51:57,101  INFO [main] metadata.Hive: Dumping metastore api call timing information for : compilation phase
2024-04-24T00:51:57,101  INFO [main] metadata.Hive: Total time spent in each metastore function (ms): {getValidWriteIds_(List, String)=5, getDatabase_(String)=2, isCompatibleWith_(Configuration)=0, flushCache_()=0, openTxn_(String, TxnType)=1, getValidTxns_(long)=0, commitTxn_(CommitTxnRequest)=9}
2024-04-24T00:51:57,102  INFO [main] ql.Driver: Completed compiling command(queryId=alex_20240424005157_ae745ad6-85d6-4f5b-8eff-8b2aa5a287d6); Time taken: 0.01 seconds
2024-04-24T00:51:57,102  INFO [main] lockmgr.DbTxnManager: Setting lock request transaction to txnid:7 for queryId=alex_20240424005157_ae745ad6-85d6-4f5b-8eff-8b2aa5a287d6
2024-04-24T00:51:57,102  INFO [main] lockmgr.DbLockManager: Requesting lock for queryId=alex_20240424005157_ae745ad6-85d6-4f5b-8eff-8b2aa5a287d6
2024-04-24T00:51:57,119  INFO [main] lockmgr.DbLockManager: Response to queryId=alex_20240424005157_ae745ad6-85d6-4f5b-8eff-8b2aa5a287d6 LockResponse(lockid:1, state:ACQUIRED)
2024-04-24T00:51:57,119  INFO [main] ql.Driver: Operation CREATETABLE obtained 1 locks
2024-04-24T00:51:57,120  INFO [main] ql.Driver: Executing command(queryId=alex_20240424005157_ae745ad6-85d6-4f5b-8eff-8b2aa5a287d6): create table acidTbl(a int, b int) clustered by (a) into 2 buckets stored as orc TBLPROPERTIES ('transactional'='true')
2024-04-24T00:51:57,120  INFO [main] ql.Driver: Starting task [Stage-0:DDL] in serial mode
2024-04-24T00:51:57,121  INFO [main] HiveMetaStore.audit: ugi=alex	ip=unknown-ip-addr	cmd=create_table_req: Table(tableName:acidTbl, dbName:default, owner:alex, createTime:1713945117, lastAccessTime:0, retention:0, sd:StorageDescriptor(cols:[FieldSchema(name:a, type:int, comment:null), FieldSchema(name:b, type:int, comment:null)], location:null, inputFormat:org.apache.hadoop.hive.ql.io.orc.OrcInputFormat, outputFormat:org.apache.hadoop.hive.ql.io.orc.OrcOutputFormat, compressed:false, numBuckets:2, serdeInfo:SerDeInfo(name:null, serializationLib:org.apache.hadoop.hive.ql.io.orc.OrcSerde, parameters:{serialization.format=1}), bucketCols:[a], sortCols:[], parameters:{}, skewedInfo:SkewedInfo(skewedColNames:[], skewedColValues:[], skewedColValueLocationMaps:{}), storedAsSubDirectories:false), partitionKeys:[], parameters:{bucketing_version=2, numFiles=0, numRows=0, rawDataSize=0, totalSize=0, COLUMN_STATS_ACCURATE={"BASIC_STATS":"true","COLUMN_STATS":{"a":"true","b":"true"}}, transactional=true, numFilesErasureCoded=0}, viewOriginalText:null, viewExpandedText:null, tableType:MANAGED_TABLE, privileges:PrincipalPrivilegeSet(userPrivileges:{alex=[PrivilegeGrantInfo(privilege:INSERT, createTime:-1, grantor:alex, grantorType:USER, grantOption:true), PrivilegeGrantInfo(privilege:SELECT, createTime:-1, grantor:alex, grantorType:USER, grantOption:true), PrivilegeGrantInfo(privilege:UPDATE, createTime:-1, grantor:alex, grantorType:USER, grantOption:true), PrivilegeGrantInfo(privilege:DELETE, createTime:-1, grantor:alex, grantorType:USER, grantOption:true)]}, groupPrivileges:null, rolePrivileges:null), temporary:false, catName:hive, ownerType:USER, writeId:0)	
2024-04-24T00:51:57,128  INFO [main] utils.FileUtils: Creating directory if it doesn't exist: file:/home/alex/Repositories/hive/ql/target/tmp/org.apache.hadoop.hive.ql.TestTxnExIm-1713945026909/warehouse/acidtbl
2024-04-24T00:51:57,167  INFO [main] metadata.Hive: Dumping metastore api call timing information for : execution phase
2024-04-24T00:51:57,167  INFO [main] metadata.Hive: Total time spent in each metastore function (ms): {createTable_(Table)=46, isCompatibleWith_(Configuration)=0}
2024-04-24T00:51:57,167  INFO [main] ql.Driver: Completed executing command(queryId=alex_20240424005157_ae745ad6-85d6-4f5b-8eff-8b2aa5a287d6); Time taken: 0.047 seconds
2024-04-24T00:51:57,167  INFO [main] lockmgr.DbTxnManager: Stopped heartbeat for query: alex_20240424005157_ae745ad6-85d6-4f5b-8eff-8b2aa5a287d6
2024-04-24T00:51:57,171  INFO [main] txn.TxnHandler: Expected to move at least one record from txn_components to completed_txn_components when committing txn! txnid:7
2024-04-24T00:51:57,176  INFO [main] txn.TxnHandler: Removed transactions: ([7]) from MIN_HISTORY_LEVEL
2024-04-24T00:51:57,176  WARN [main] txn.CompactionTxnHandler: No compaction queue record found for Compaction type transaction commit. txnId:7
2024-04-24T00:51:57,177  INFO [main] ql.TxnCommandsBaseForTests: Running the query: create table acidTblPart(a int, b int) partitioned by (p string) clustered by (a) into 2 buckets stored as orc TBLPROPERTIES ('transactional'='true')
2024-04-24T00:51:57,177  INFO [main] ql.Driver: Compiling command(queryId=alex_20240424005157_cd8862db-35f6-476b-bccb-1333834de836): create table acidTblPart(a int, b int) partitioned by (p string) clustered by (a) into 2 buckets stored as orc TBLPROPERTIES ('transactional'='true')
2024-04-24T00:51:57,179  INFO [main] txn.TxnHandler: Added entries to MIN_HISTORY_LEVEL for current txns: ([8]) with min_open_txn: 1
2024-04-24T00:51:57,180  INFO [main] lockmgr.DbTxnManager: Opened txnid:8
2024-04-24T00:51:57,180  INFO [main] parse.CalcitePlanner: Starting caching scope for: 
2024-04-24T00:51:57,180  INFO [main] parse.CalcitePlanner: Starting Semantic Analysis
2024-04-24T00:51:57,183  INFO [main] parse.CalcitePlanner: Creating table default.acidTblPart position=13
2024-04-24T00:51:57,183  INFO [main] HiveMetaStore.audit: ugi=alex	ip=unknown-ip-addr	cmd=get_database: default	
2024-04-24T00:51:57,184  INFO [main] parse.CalcitePlanner: Ending caching scope for: 
2024-04-24T00:51:57,185  INFO [main] ql.Driver: Semantic Analysis Completed (retrial = false)
2024-04-24T00:51:57,185  INFO [main] ql.Driver: Created Hive schema: Schema(fieldSchemas:null, properties:null)
2024-04-24T00:51:57,185  INFO [main] metadata.Hive: Dumping metastore api call timing information for : compilation phase
2024-04-24T00:51:57,185  INFO [main] metadata.Hive: Total time spent in each metastore function (ms): {getValidTxns_(long)=0, getDatabase_(String)=1, isCompatibleWith_(Configuration)=2, commitTxn_(CommitTxnRequest)=9, flushCache_()=0, openTxn_(String, TxnType)=2, getValidWriteIds_(List, String)=2}
2024-04-24T00:51:57,185  INFO [main] ql.Driver: Completed compiling command(queryId=alex_20240424005157_cd8862db-35f6-476b-bccb-1333834de836); Time taken: 0.008 seconds
2024-04-24T00:51:57,185  INFO [main] lockmgr.DbTxnManager: Setting lock request transaction to txnid:8 for queryId=alex_20240424005157_cd8862db-35f6-476b-bccb-1333834de836
2024-04-24T00:51:57,185  INFO [main] lockmgr.DbLockManager: Requesting lock for queryId=alex_20240424005157_cd8862db-35f6-476b-bccb-1333834de836
2024-04-24T00:51:57,199  INFO [main] lockmgr.DbLockManager: Response to queryId=alex_20240424005157_cd8862db-35f6-476b-bccb-1333834de836 LockResponse(lockid:2, state:ACQUIRED)
2024-04-24T00:51:57,200  INFO [main] ql.Driver: Operation CREATETABLE obtained 1 locks
2024-04-24T00:51:57,200  INFO [main] ql.Driver: Executing command(queryId=alex_20240424005157_cd8862db-35f6-476b-bccb-1333834de836): create table acidTblPart(a int, b int) partitioned by (p string) clustered by (a) into 2 buckets stored as orc TBLPROPERTIES ('transactional'='true')
2024-04-24T00:51:57,200  INFO [main] ql.Driver: Starting task [Stage-0:DDL] in serial mode
2024-04-24T00:51:57,201  INFO [main] HiveMetaStore.audit: ugi=alex	ip=unknown-ip-addr	cmd=create_table_req: Table(tableName:acidTblPart, dbName:default, owner:alex, createTime:1713945117, lastAccessTime:0, retention:0, sd:StorageDescriptor(cols:[FieldSchema(name:a, type:int, comment:null), FieldSchema(name:b, type:int, comment:null)], location:null, inputFormat:org.apache.hadoop.hive.ql.io.orc.OrcInputFormat, outputFormat:org.apache.hadoop.hive.ql.io.orc.OrcOutputFormat, compressed:false, numBuckets:2, serdeInfo:SerDeInfo(name:null, serializationLib:org.apache.hadoop.hive.ql.io.orc.OrcSerde, parameters:{serialization.format=1}), bucketCols:[a], sortCols:[], parameters:{}, skewedInfo:SkewedInfo(skewedColNames:[], skewedColValues:[], skewedColValueLocationMaps:{}), storedAsSubDirectories:false), partitionKeys:[FieldSchema(name:p, type:string, comment:null)], parameters:{bucketing_version=2, transactional=true}, viewOriginalText:null, viewExpandedText:null, tableType:MANAGED_TABLE, privileges:PrincipalPrivilegeSet(userPrivileges:{alex=[PrivilegeGrantInfo(privilege:INSERT, createTime:-1, grantor:alex, grantorType:USER, grantOption:true), PrivilegeGrantInfo(privilege:SELECT, createTime:-1, grantor:alex, grantorType:USER, grantOption:true), PrivilegeGrantInfo(privilege:UPDATE, createTime:-1, grantor:alex, grantorType:USER, grantOption:true), PrivilegeGrantInfo(privilege:DELETE, createTime:-1, grantor:alex, grantorType:USER, grantOption:true)]}, groupPrivileges:null, rolePrivileges:null), temporary:false, catName:hive, ownerType:USER, writeId:0)	
2024-04-24T00:51:57,208  INFO [main] utils.FileUtils: Creating directory if it doesn't exist: file:/home/alex/Repositories/hive/ql/target/tmp/org.apache.hadoop.hive.ql.TestTxnExIm-1713945026909/warehouse/acidtblpart
2024-04-24T00:51:57,231  INFO [main] metadata.Hive: Dumping metastore api call timing information for : execution phase
2024-04-24T00:51:57,231  INFO [main] metadata.Hive: Total time spent in each metastore function (ms): {createTable_(Table)=29, isCompatibleWith_(Configuration)=0}
2024-04-24T00:51:57,231  INFO [main] ql.Driver: Completed executing command(queryId=alex_20240424005157_cd8862db-35f6-476b-bccb-1333834de836); Time taken: 0.031 seconds
2024-04-24T00:51:57,231  INFO [main] lockmgr.DbTxnManager: Stopped heartbeat for query: alex_20240424005157_cd8862db-35f6-476b-bccb-1333834de836
2024-04-24T00:51:57,236  INFO [main] txn.TxnHandler: Expected to move at least one record from txn_components to completed_txn_components when committing txn! txnid:8
2024-04-24T00:51:57,242  INFO [main] txn.TxnHandler: Removed transactions: ([8]) from MIN_HISTORY_LEVEL
2024-04-24T00:51:57,242  WARN [main] txn.CompactionTxnHandler: No compaction queue record found for Compaction type transaction commit. txnId:8
2024-04-24T00:51:57,243  INFO [main] ql.TxnCommandsBaseForTests: Running the query: create table nonAcidOrcTbl(a int, b int) clustered by (a) into 2 buckets stored as orc TBLPROPERTIES ('transactional'='false')
2024-04-24T00:51:57,243  INFO [main] ql.Driver: Compiling command(queryId=alex_20240424005157_0598bb33-fc5b-44c6-b070-5637c3cc8599): create table nonAcidOrcTbl(a int, b int) clustered by (a) into 2 buckets stored as orc TBLPROPERTIES ('transactional'='false')
2024-04-24T00:51:57,245  INFO [main] txn.TxnHandler: Added entries to MIN_HISTORY_LEVEL for current txns: ([9]) with min_open_txn: 1
2024-04-24T00:51:57,245  INFO [main] lockmgr.DbTxnManager: Opened txnid:9
2024-04-24T00:51:57,246  INFO [main] parse.CalcitePlanner: Starting caching scope for: 
2024-04-24T00:51:57,246  INFO [main] parse.CalcitePlanner: Starting Semantic Analysis
2024-04-24T00:51:57,248  INFO [main] parse.CalcitePlanner: Creating table default.nonAcidOrcTbl position=13
2024-04-24T00:51:57,249  INFO [main] HiveMetaStore.audit: ugi=alex	ip=unknown-ip-addr	cmd=get_database: default	
2024-04-24T00:51:57,250  INFO [main] parse.CalcitePlanner: Ending caching scope for: 
2024-04-24T00:51:57,250  INFO [main] ql.Driver: Semantic Analysis Completed (retrial = false)
2024-04-24T00:51:57,250  INFO [main] ql.Driver: Created Hive schema: Schema(fieldSchemas:null, properties:null)
2024-04-24T00:51:57,250  INFO [main] metadata.Hive: Dumping metastore api call timing information for : compilation phase
2024-04-24T00:51:57,250  INFO [main] metadata.Hive: Total time spent in each metastore function (ms): {commitTxn_(CommitTxnRequest)=10, getValidWriteIds_(List, String)=2, getDatabase_(String)=2, isCompatibleWith_(Configuration)=0, getValidTxns_(long)=0, flushCache_()=0, openTxn_(String, TxnType)=2}
2024-04-24T00:51:57,251  INFO [main] ql.Driver: Completed compiling command(queryId=alex_20240424005157_0598bb33-fc5b-44c6-b070-5637c3cc8599); Time taken: 0.007 seconds
2024-04-24T00:51:57,251  INFO [main] lockmgr.DbTxnManager: Setting lock request transaction to txnid:9 for queryId=alex_20240424005157_0598bb33-fc5b-44c6-b070-5637c3cc8599
2024-04-24T00:51:57,251  INFO [main] lockmgr.DbLockManager: Requesting lock for queryId=alex_20240424005157_0598bb33-fc5b-44c6-b070-5637c3cc8599
2024-04-24T00:51:57,265  INFO [main] lockmgr.DbLockManager: Response to queryId=alex_20240424005157_0598bb33-fc5b-44c6-b070-5637c3cc8599 LockResponse(lockid:3, state:ACQUIRED)
2024-04-24T00:51:57,265  INFO [main] ql.Driver: Operation CREATETABLE obtained 1 locks
2024-04-24T00:51:57,265  INFO [main] ql.Driver: Executing command(queryId=alex_20240424005157_0598bb33-fc5b-44c6-b070-5637c3cc8599): create table nonAcidOrcTbl(a int, b int) clustered by (a) into 2 buckets stored as orc TBLPROPERTIES ('transactional'='false')
2024-04-24T00:51:57,265  INFO [main] ql.Driver: Starting task [Stage-0:DDL] in serial mode
2024-04-24T00:51:57,266  INFO [main] HiveMetaStore.audit: ugi=alex	ip=unknown-ip-addr	cmd=create_table_req: Table(tableName:nonAcidOrcTbl, dbName:default, owner:alex, createTime:1713945117, lastAccessTime:0, retention:0, sd:StorageDescriptor(cols:[FieldSchema(name:a, type:int, comment:null), FieldSchema(name:b, type:int, comment:null)], location:null, inputFormat:org.apache.hadoop.hive.ql.io.orc.OrcInputFormat, outputFormat:org.apache.hadoop.hive.ql.io.orc.OrcOutputFormat, compressed:false, numBuckets:2, serdeInfo:SerDeInfo(name:null, serializationLib:org.apache.hadoop.hive.ql.io.orc.OrcSerde, parameters:{serialization.format=1}), bucketCols:[a], sortCols:[], parameters:{}, skewedInfo:SkewedInfo(skewedColNames:[], skewedColValues:[], skewedColValueLocationMaps:{}), storedAsSubDirectories:false), partitionKeys:[], parameters:{COLUMN_STATS_ACCURATE={"BASIC_STATS":"true","COLUMN_STATS":{"a":"true","b":"true"}}, rawDataSize=0, bucketing_version=2, transactional=false, totalSize=0, numFilesErasureCoded=0, numFiles=0, numRows=0}, viewOriginalText:null, viewExpandedText:null, tableType:MANAGED_TABLE, privileges:PrincipalPrivilegeSet(userPrivileges:{alex=[PrivilegeGrantInfo(privilege:INSERT, createTime:-1, grantor:alex, grantorType:USER, grantOption:true), PrivilegeGrantInfo(privilege:SELECT, createTime:-1, grantor:alex, grantorType:USER, grantOption:true), PrivilegeGrantInfo(privilege:UPDATE, createTime:-1, grantor:alex, grantorType:USER, grantOption:true), PrivilegeGrantInfo(privilege:DELETE, createTime:-1, grantor:alex, grantorType:USER, grantOption:true)]}, groupPrivileges:null, rolePrivileges:null), temporary:false, catName:hive, ownerType:USER)	
2024-04-24T00:51:57,272  INFO [main] utils.FileUtils: Creating directory if it doesn't exist: file:/home/alex/Repositories/hive/ql/target/tmp/org.apache.hadoop.hive.ql.TestTxnExIm-1713945026909/warehouse/nonacidorctbl
2024-04-24T00:51:57,288  INFO [main] metadata.Hive: Dumping metastore api call timing information for : execution phase
2024-04-24T00:51:57,288  INFO [main] metadata.Hive: Total time spent in each metastore function (ms): {isCompatibleWith_(Configuration)=0, createTable_(Table)=22}
2024-04-24T00:51:57,288  INFO [main] ql.Driver: Completed executing command(queryId=alex_20240424005157_0598bb33-fc5b-44c6-b070-5637c3cc8599); Time taken: 0.023 seconds
2024-04-24T00:51:57,288  INFO [main] lockmgr.DbTxnManager: Stopped heartbeat for query: alex_20240424005157_0598bb33-fc5b-44c6-b070-5637c3cc8599
2024-04-24T00:51:57,293  INFO [main] txn.TxnHandler: Expected to move at least one record from txn_components to completed_txn_components when committing txn! txnid:9
2024-04-24T00:51:57,298  INFO [main] txn.TxnHandler: Removed transactions: ([9]) from MIN_HISTORY_LEVEL
2024-04-24T00:51:57,299  WARN [main] txn.CompactionTxnHandler: No compaction queue record found for Compaction type transaction commit. txnId:9
2024-04-24T00:51:57,299  INFO [main] ql.TxnCommandsBaseForTests: Running the query: create table nonAcidOrcTbl2(a int, b int) clustered by (a) into 2 buckets stored as orc TBLPROPERTIES ('transactional'='false')
2024-04-24T00:51:57,299  INFO [main] ql.Driver: Compiling command(queryId=alex_20240424005157_2227fc0f-a8ab-422c-b274-b5d5dede3e77): create table nonAcidOrcTbl2(a int, b int) clustered by (a) into 2 buckets stored as orc TBLPROPERTIES ('transactional'='false')
2024-04-24T00:51:57,302  INFO [main] txn.TxnHandler: Added entries to MIN_HISTORY_LEVEL for current txns: ([10]) with min_open_txn: 1
2024-04-24T00:51:57,302  INFO [main] lockmgr.DbTxnManager: Opened txnid:10
2024-04-24T00:51:57,303  INFO [main] parse.CalcitePlanner: Starting caching scope for: 
2024-04-24T00:51:57,303  INFO [main] parse.CalcitePlanner: Starting Semantic Analysis
2024-04-24T00:51:57,305  INFO [main] parse.CalcitePlanner: Creating table default.nonAcidOrcTbl2 position=13
2024-04-24T00:51:57,306  INFO [main] HiveMetaStore.audit: ugi=alex	ip=unknown-ip-addr	cmd=get_database: default	
2024-04-24T00:51:57,308  INFO [main] parse.CalcitePlanner: Ending caching scope for: 
2024-04-24T00:51:57,308  INFO [main] ql.Driver: Semantic Analysis Completed (retrial = false)
2024-04-24T00:51:57,308  INFO [main] ql.Driver: Created Hive schema: Schema(fieldSchemas:null, properties:null)
2024-04-24T00:51:57,308  INFO [main] metadata.Hive: Dumping metastore api call timing information for : compilation phase
2024-04-24T00:51:57,308  INFO [main] metadata.Hive: Total time spent in each metastore function (ms): {flushCache_()=0, getValidTxns_(long)=1, getDatabase_(String)=2, isCompatibleWith_(Configuration)=0, commitTxn_(CommitTxnRequest)=11, getValidWriteIds_(List, String)=2, openTxn_(String, TxnType)=2}
2024-04-24T00:51:57,309  INFO [main] ql.Driver: Completed compiling command(queryId=alex_20240424005157_2227fc0f-a8ab-422c-b274-b5d5dede3e77); Time taken: 0.009 seconds
2024-04-24T00:51:57,309  INFO [main] lockmgr.DbTxnManager: Setting lock request transaction to txnid:10 for queryId=alex_20240424005157_2227fc0f-a8ab-422c-b274-b5d5dede3e77
2024-04-24T00:51:57,309  INFO [main] lockmgr.DbLockManager: Requesting lock for queryId=alex_20240424005157_2227fc0f-a8ab-422c-b274-b5d5dede3e77
2024-04-24T00:51:57,323  INFO [main] lockmgr.DbLockManager: Response to queryId=alex_20240424005157_2227fc0f-a8ab-422c-b274-b5d5dede3e77 LockResponse(lockid:4, state:ACQUIRED)
2024-04-24T00:51:57,323  INFO [main] ql.Driver: Operation CREATETABLE obtained 1 locks
2024-04-24T00:51:57,323  INFO [main] ql.Driver: Executing command(queryId=alex_20240424005157_2227fc0f-a8ab-422c-b274-b5d5dede3e77): create table nonAcidOrcTbl2(a int, b int) clustered by (a) into 2 buckets stored as orc TBLPROPERTIES ('transactional'='false')
2024-04-24T00:51:57,323  INFO [main] ql.Driver: Starting task [Stage-0:DDL] in serial mode
2024-04-24T00:51:57,324  INFO [main] HiveMetaStore.audit: ugi=alex	ip=unknown-ip-addr	cmd=create_table_req: Table(tableName:nonAcidOrcTbl2, dbName:default, owner:alex, createTime:1713945117, lastAccessTime:0, retention:0, sd:StorageDescriptor(cols:[FieldSchema(name:a, type:int, comment:null), FieldSchema(name:b, type:int, comment:null)], location:null, inputFormat:org.apache.hadoop.hive.ql.io.orc.OrcInputFormat, outputFormat:org.apache.hadoop.hive.ql.io.orc.OrcOutputFormat, compressed:false, numBuckets:2, serdeInfo:SerDeInfo(name:null, serializationLib:org.apache.hadoop.hive.ql.io.orc.OrcSerde, parameters:{serialization.format=1}), bucketCols:[a], sortCols:[], parameters:{}, skewedInfo:SkewedInfo(skewedColNames:[], skewedColValues:[], skewedColValueLocationMaps:{}), storedAsSubDirectories:false), partitionKeys:[], parameters:{COLUMN_STATS_ACCURATE={"BASIC_STATS":"true","COLUMN_STATS":{"a":"true","b":"true"}}, numFiles=0, numFilesErasureCoded=0, totalSize=0, transactional=false, bucketing_version=2, rawDataSize=0, numRows=0}, viewOriginalText:null, viewExpandedText:null, tableType:MANAGED_TABLE, privileges:PrincipalPrivilegeSet(userPrivileges:{alex=[PrivilegeGrantInfo(privilege:INSERT, createTime:-1, grantor:alex, grantorType:USER, grantOption:true), PrivilegeGrantInfo(privilege:SELECT, createTime:-1, grantor:alex, grantorType:USER, grantOption:true), PrivilegeGrantInfo(privilege:UPDATE, createTime:-1, grantor:alex, grantorType:USER, grantOption:true), PrivilegeGrantInfo(privilege:DELETE, createTime:-1, grantor:alex, grantorType:USER, grantOption:true)]}, groupPrivileges:null, rolePrivileges:null), temporary:false, catName:hive, ownerType:USER)	
2024-04-24T00:51:57,330  INFO [main] utils.FileUtils: Creating directory if it doesn't exist: file:/home/alex/Repositories/hive/ql/target/tmp/org.apache.hadoop.hive.ql.TestTxnExIm-1713945026909/warehouse/nonacidorctbl2
2024-04-24T00:51:57,346  INFO [main] metadata.Hive: Dumping metastore api call timing information for : execution phase
2024-04-24T00:51:57,346  INFO [main] metadata.Hive: Total time spent in each metastore function (ms): {createTable_(Table)=21, isCompatibleWith_(Configuration)=0}
2024-04-24T00:51:57,346  INFO [main] ql.Driver: Completed executing command(queryId=alex_20240424005157_2227fc0f-a8ab-422c-b274-b5d5dede3e77); Time taken: 0.023 seconds
2024-04-24T00:51:57,346  INFO [main] lockmgr.DbTxnManager: Stopped heartbeat for query: alex_20240424005157_2227fc0f-a8ab-422c-b274-b5d5dede3e77
2024-04-24T00:51:57,350  INFO [main] txn.TxnHandler: Expected to move at least one record from txn_components to completed_txn_components when committing txn! txnid:10
2024-04-24T00:51:57,355  INFO [main] txn.TxnHandler: Removed transactions: ([10]) from MIN_HISTORY_LEVEL
2024-04-24T00:51:57,356  WARN [main] txn.CompactionTxnHandler: No compaction queue record found for Compaction type transaction commit. txnId:10
2024-04-24T00:51:57,356  INFO [main] ql.TxnCommandsBaseForTests: Running the query: create temporary  table acidTbl2(a int, b int, c int) clustered by (c) into 2 buckets stored as orc TBLPROPERTIES ('transactional'='true')
2024-04-24T00:51:57,357  INFO [main] ql.Driver: Compiling command(queryId=alex_20240424005157_e8c47c6e-5e46-47db-a961-52c758d2c80a): create temporary  table acidTbl2(a int, b int, c int) clustered by (c) into 2 buckets stored as orc TBLPROPERTIES ('transactional'='true')
2024-04-24T00:51:57,359  INFO [main] txn.TxnHandler: Added entries to MIN_HISTORY_LEVEL for current txns: ([11]) with min_open_txn: 1
2024-04-24T00:51:57,360  INFO [main] lockmgr.DbTxnManager: Opened txnid:11
2024-04-24T00:51:57,360  INFO [main] parse.CalcitePlanner: Starting caching scope for: 
2024-04-24T00:51:57,360  INFO [main] parse.CalcitePlanner: Starting Semantic Analysis
2024-04-24T00:51:57,363  INFO [main] parse.CalcitePlanner: Creating table default.acidTbl2 position=24
2024-04-24T00:51:57,363  INFO [main] HiveMetaStore.audit: ugi=alex	ip=unknown-ip-addr	cmd=get_database: default	
2024-04-24T00:51:57,365  INFO [main] parse.CalcitePlanner: Ending caching scope for: 
2024-04-24T00:51:57,366  INFO [main] ql.Driver: Semantic Analysis Completed (retrial = false)
2024-04-24T00:51:57,366  INFO [main] ql.Driver: Created Hive schema: Schema(fieldSchemas:null, properties:null)
2024-04-24T00:51:57,366  INFO [main] metadata.Hive: Dumping metastore api call timing information for : compilation phase
2024-04-24T00:51:57,366  INFO [main] metadata.Hive: Total time spent in each metastore function (ms): {getValidWriteIds_(List, String)=2, commitTxn_(CommitTxnRequest)=10, getValidTxns_(long)=0, getDatabase_(String)=2, isCompatibleWith_(Configuration)=2, openTxn_(String, TxnType)=2, flushCache_()=0}
2024-04-24T00:51:57,366  INFO [main] ql.Driver: Completed compiling command(queryId=alex_20240424005157_e8c47c6e-5e46-47db-a961-52c758d2c80a); Time taken: 0.01 seconds
2024-04-24T00:51:57,367  INFO [main] lockmgr.DbTxnManager: Setting lock request transaction to txnid:11 for queryId=alex_20240424005157_e8c47c6e-5e46-47db-a961-52c758d2c80a
2024-04-24T00:51:57,367  INFO [main] lockmgr.DbLockManager: Requesting lock for queryId=alex_20240424005157_e8c47c6e-5e46-47db-a961-52c758d2c80a
2024-04-24T00:51:57,381  INFO [main] lockmgr.DbLockManager: Response to queryId=alex_20240424005157_e8c47c6e-5e46-47db-a961-52c758d2c80a LockResponse(lockid:5, state:ACQUIRED)
2024-04-24T00:51:57,381  INFO [main] ql.Driver: Operation CREATETABLE obtained 1 locks
2024-04-24T00:51:57,382  INFO [main] ql.Driver: Executing command(queryId=alex_20240424005157_e8c47c6e-5e46-47db-a961-52c758d2c80a): create temporary  table acidTbl2(a int, b int, c int) clustered by (c) into 2 buckets stored as orc TBLPROPERTIES ('transactional'='true')
2024-04-24T00:51:57,382  INFO [main] ql.Driver: Starting task [Stage-0:DDL] in serial mode
2024-04-24T00:51:57,383  INFO [main] utils.FileUtils: Creating directory if it doesn't exist: file:/home/alex/Repositories/hive/ql/target/tmp/scratchdir/alex/cfe73dea-7ee9-488d-9c97-891c7dc18530/_tmp_space.db/859a7b13-58c1-491b-8ab7-c519c376bad3
2024-04-24T00:51:57,387  INFO [main] metadata.Hive: Dumping metastore api call timing information for : execution phase
2024-04-24T00:51:57,387  INFO [main] metadata.Hive: Total time spent in each metastore function (ms): {isCompatibleWith_(Configuration)=0, createTable_(Table)=3}
2024-04-24T00:51:57,387  INFO [main] ql.Driver: Completed executing command(queryId=alex_20240424005157_e8c47c6e-5e46-47db-a961-52c758d2c80a); Time taken: 0.005 seconds
2024-04-24T00:51:57,387  INFO [main] lockmgr.DbTxnManager: Stopped heartbeat for query: alex_20240424005157_e8c47c6e-5e46-47db-a961-52c758d2c80a
2024-04-24T00:51:57,392  INFO [main] txn.TxnHandler: Expected to move at least one record from txn_components to completed_txn_components when committing txn! txnid:11
2024-04-24T00:51:57,400  INFO [main] txn.TxnHandler: Removed transactions: ([11]) from MIN_HISTORY_LEVEL
2024-04-24T00:51:57,400  WARN [main] txn.CompactionTxnHandler: No compaction queue record found for Compaction type transaction commit. txnId:11
2024-04-24T00:51:57,401  INFO [main] ql.TxnCommandsBaseForTests: Running the query: create table nonAcidNonBucket(a int, b int) stored as orc TBLPROPERTIES ('transactional'='false')
2024-04-24T00:51:57,401  INFO [main] ql.Driver: Compiling command(queryId=alex_20240424005157_867636ae-30d6-408d-9f8a-cfa15f8d8cbc): create table nonAcidNonBucket(a int, b int) stored as orc TBLPROPERTIES ('transactional'='false')
2024-04-24T00:51:57,405  INFO [main] txn.TxnHandler: Added entries to MIN_HISTORY_LEVEL for current txns: ([12]) with min_open_txn: 1
2024-04-24T00:51:57,405  INFO [main] lockmgr.DbTxnManager: Opened txnid:12
2024-04-24T00:51:57,406  INFO [main] parse.CalcitePlanner: Starting caching scope for: 
2024-04-24T00:51:57,406  INFO [main] parse.CalcitePlanner: Starting Semantic Analysis
2024-04-24T00:51:57,408  INFO [main] parse.CalcitePlanner: Creating table default.nonAcidNonBucket position=13
2024-04-24T00:51:57,408  INFO [main] HiveMetaStore.audit: ugi=alex	ip=unknown-ip-addr	cmd=get_database: default	
2024-04-24T00:51:57,410  INFO [main] parse.CalcitePlanner: Ending caching scope for: 
2024-04-24T00:51:57,410  INFO [main] ql.Driver: Semantic Analysis Completed (retrial = false)
2024-04-24T00:51:57,410  INFO [main] ql.Driver: Created Hive schema: Schema(fieldSchemas:null, properties:null)
2024-04-24T00:51:57,410  INFO [main] metadata.Hive: Dumping metastore api call timing information for : compilation phase
2024-04-24T00:51:57,410  INFO [main] metadata.Hive: Total time spent in each metastore function (ms): {getValidTxns_(long)=1, isCompatibleWith_(Configuration)=0, commitTxn_(CommitTxnRequest)=13, getDatabase_(String)=2, flushCache_()=0, getValidWriteIds_(List, String)=2, openTxn_(String, TxnType)=2}
2024-04-24T00:51:57,411  INFO [main] ql.Driver: Completed compiling command(queryId=alex_20240424005157_867636ae-30d6-408d-9f8a-cfa15f8d8cbc); Time taken: 0.009 seconds
2024-04-24T00:51:57,411  INFO [main] lockmgr.DbTxnManager: Setting lock request transaction to txnid:12 for queryId=alex_20240424005157_867636ae-30d6-408d-9f8a-cfa15f8d8cbc
2024-04-24T00:51:57,411  INFO [main] lockmgr.DbLockManager: Requesting lock for queryId=alex_20240424005157_867636ae-30d6-408d-9f8a-cfa15f8d8cbc
2024-04-24T00:51:57,425  INFO [main] lockmgr.DbLockManager: Response to queryId=alex_20240424005157_867636ae-30d6-408d-9f8a-cfa15f8d8cbc LockResponse(lockid:6, state:ACQUIRED)
2024-04-24T00:51:57,425  INFO [main] ql.Driver: Operation CREATETABLE obtained 1 locks
2024-04-24T00:51:57,425  INFO [main] ql.Driver: Executing command(queryId=alex_20240424005157_867636ae-30d6-408d-9f8a-cfa15f8d8cbc): create table nonAcidNonBucket(a int, b int) stored as orc TBLPROPERTIES ('transactional'='false')
2024-04-24T00:51:57,426  INFO [main] ql.Driver: Starting task [Stage-0:DDL] in serial mode
2024-04-24T00:51:57,427  INFO [main] HiveMetaStore.audit: ugi=alex	ip=unknown-ip-addr	cmd=create_table_req: Table(tableName:nonAcidNonBucket, dbName:default, owner:alex, createTime:1713945117, lastAccessTime:0, retention:0, sd:StorageDescriptor(cols:[FieldSchema(name:a, type:int, comment:null), FieldSchema(name:b, type:int, comment:null)], location:null, inputFormat:org.apache.hadoop.hive.ql.io.orc.OrcInputFormat, outputFormat:org.apache.hadoop.hive.ql.io.orc.OrcOutputFormat, compressed:false, numBuckets:-1, serdeInfo:SerDeInfo(name:null, serializationLib:org.apache.hadoop.hive.ql.io.orc.OrcSerde, parameters:{serialization.format=1}), bucketCols:[], sortCols:[], parameters:{}, skewedInfo:SkewedInfo(skewedColNames:[], skewedColValues:[], skewedColValueLocationMaps:{}), storedAsSubDirectories:false), partitionKeys:[], parameters:{rawDataSize=0, COLUMN_STATS_ACCURATE={"BASIC_STATS":"true","COLUMN_STATS":{"a":"true","b":"true"}}, numFilesErasureCoded=0, numRows=0, transactional=false, numFiles=0, bucketing_version=2, totalSize=0}, viewOriginalText:null, viewExpandedText:null, tableType:MANAGED_TABLE, privileges:PrincipalPrivilegeSet(userPrivileges:{alex=[PrivilegeGrantInfo(privilege:INSERT, createTime:-1, grantor:alex, grantorType:USER, grantOption:true), PrivilegeGrantInfo(privilege:SELECT, createTime:-1, grantor:alex, grantorType:USER, grantOption:true), PrivilegeGrantInfo(privilege:UPDATE, createTime:-1, grantor:alex, grantorType:USER, grantOption:true), PrivilegeGrantInfo(privilege:DELETE, createTime:-1, grantor:alex, grantorType:USER, grantOption:true)]}, groupPrivileges:null, rolePrivileges:null), temporary:false, catName:hive, ownerType:USER)	
2024-04-24T00:51:57,433  INFO [main] utils.FileUtils: Creating directory if it doesn't exist: file:/home/alex/Repositories/hive/ql/target/tmp/org.apache.hadoop.hive.ql.TestTxnExIm-1713945026909/warehouse/nonacidnonbucket
2024-04-24T00:51:57,448  INFO [main] metadata.Hive: Dumping metastore api call timing information for : execution phase
2024-04-24T00:51:57,448  INFO [main] metadata.Hive: Total time spent in each metastore function (ms): {createTable_(Table)=21, isCompatibleWith_(Configuration)=0}
2024-04-24T00:51:57,448  INFO [main] ql.Driver: Completed executing command(queryId=alex_20240424005157_867636ae-30d6-408d-9f8a-cfa15f8d8cbc); Time taken: 0.023 seconds
2024-04-24T00:51:57,448  INFO [main] lockmgr.DbTxnManager: Stopped heartbeat for query: alex_20240424005157_867636ae-30d6-408d-9f8a-cfa15f8d8cbc
2024-04-24T00:51:57,452  INFO [main] txn.TxnHandler: Expected to move at least one record from txn_components to completed_txn_components when committing txn! txnid:12
2024-04-24T00:51:57,459  INFO [main] txn.TxnHandler: Removed transactions: ([12]) from MIN_HISTORY_LEVEL
2024-04-24T00:51:57,459  WARN [main] txn.CompactionTxnHandler: No compaction queue record found for Compaction type transaction commit. txnId:12
2024-04-24T00:51:57,460  INFO [main] ql.TxnCommandsBaseForTests: Running the query: drop table if exists T
2024-04-24T00:51:57,460  INFO [main] ql.Driver: Compiling command(queryId=alex_20240424005157_e10cfdad-f3fe-4cd0-b0f0-cd1bdc5a1e1c): drop table if exists T
2024-04-24T00:51:57,462  INFO [main] txn.TxnHandler: Added entries to MIN_HISTORY_LEVEL for current txns: ([13]) with min_open_txn: 1
2024-04-24T00:51:57,463  INFO [main] lockmgr.DbTxnManager: Opened txnid:13
2024-04-24T00:51:57,463  INFO [main] HiveMetaStore.audit: ugi=alex	ip=unknown-ip-addr	cmd=get_table : tbl=hive.default.T	
2024-04-24T00:51:57,482  INFO [main] metastore.HMSHandler: Skipping translation for processor with null
2024-04-24T00:51:57,482  INFO [main] ql.Driver: Semantic Analysis Completed (retrial = false)
2024-04-24T00:51:57,482  INFO [main] ql.Driver: Created Hive schema: Schema(fieldSchemas:null, properties:null)
2024-04-24T00:51:57,482  INFO [main] metadata.Hive: Dumping metastore api call timing information for : compilation phase
2024-04-24T00:51:57,482  INFO [main] metadata.Hive: Total time spent in each metastore function (ms): {flushCache_()=0, commitTxn_(CommitTxnRequest)=11, openTxn_(String, TxnType)=3, getValidTxns_(long)=0, isCompatibleWith_(Configuration)=0, getTable_(GetTableRequest)=19}
2024-04-24T00:51:57,482  INFO [main] ql.Driver: Completed compiling command(queryId=alex_20240424005157_e10cfdad-f3fe-4cd0-b0f0-cd1bdc5a1e1c); Time taken: 0.022 seconds
2024-04-24T00:51:57,483  INFO [main] lockmgr.DbTxnManager: Setting lock request transaction to txnid:13 for queryId=alex_20240424005157_e10cfdad-f3fe-4cd0-b0f0-cd1bdc5a1e1c
2024-04-24T00:51:57,483  INFO [main] lockmgr.DbLockManager: Requesting lock for queryId=alex_20240424005157_e10cfdad-f3fe-4cd0-b0f0-cd1bdc5a1e1c
2024-04-24T00:51:57,497  INFO [main] lockmgr.DbLockManager: Response to queryId=alex_20240424005157_e10cfdad-f3fe-4cd0-b0f0-cd1bdc5a1e1c LockResponse(lockid:7, state:ACQUIRED)
2024-04-24T00:51:57,497  INFO [main] ql.Driver: Operation DROPTABLE obtained 1 locks
2024-04-24T00:51:57,497  INFO [main] ql.Driver: Executing command(queryId=alex_20240424005157_e10cfdad-f3fe-4cd0-b0f0-cd1bdc5a1e1c): drop table if exists T
2024-04-24T00:51:57,497  INFO [main] ql.Driver: Starting task [Stage-0:DDL] in serial mode
2024-04-24T00:51:57,497  INFO [main] HiveMetaStore.audit: ugi=alex	ip=unknown-ip-addr	cmd=get_table : tbl=hive.default.T	
2024-04-24T00:51:57,504  INFO [main] metastore.HMSHandler: Skipping translation for processor with null
2024-04-24T00:51:57,505  INFO [main] HiveMetaStore.audit: ugi=alex	ip=unknown-ip-addr	cmd=get_table : tbl=hive.default.T	
2024-04-24T00:51:57,513  INFO [main] metastore.HMSHandler: Skipping translation for processor with null
2024-04-24T00:51:57,514  INFO [main] HiveMetaStore.audit: ugi=alex	ip=unknown-ip-addr	cmd=drop_table : tbl=hive.default.T	
2024-04-24T00:51:57,623  WARN [main] utils.FileUtils: File file:/home/alex/Repositories/hive/ql/target/tmp/org.apache.hadoop.hive.ql.TestTxnExIm-1713945026909/warehouse/t does not exist; Force to delete it.
2024-04-24T00:51:57,623 ERROR [main] utils.FileUtils: Failed to delete file:/home/alex/Repositories/hive/ql/target/tmp/org.apache.hadoop.hive.ql.TestTxnExIm-1713945026909/warehouse/t
2024-04-24T00:51:57,623  INFO [main] metadata.Hive: Dumping metastore api call timing information for : execution phase
2024-04-24T00:51:57,623  INFO [main] metadata.Hive: Total time spent in each metastore function (ms): {isCompatibleWith_(Configuration)=0, dropTable_(String, String, boolean, boolean, boolean)=119, getTable_(GetTableRequest)=7}
2024-04-24T00:51:57,624  INFO [main] ql.Driver: Completed executing command(queryId=alex_20240424005157_e10cfdad-f3fe-4cd0-b0f0-cd1bdc5a1e1c); Time taken: 0.126 seconds
2024-04-24T00:51:57,624  INFO [main] lockmgr.DbTxnManager: Stopped heartbeat for query: alex_20240424005157_e10cfdad-f3fe-4cd0-b0f0-cd1bdc5a1e1c
2024-04-24T00:51:57,627  INFO [main] txn.TxnHandler: Expected to move at least one record from txn_components to completed_txn_components when committing txn! txnid:13
2024-04-24T00:51:57,633  INFO [main] txn.TxnHandler: Removed transactions: ([13]) from MIN_HISTORY_LEVEL
2024-04-24T00:51:57,633  WARN [main] txn.CompactionTxnHandler: No compaction queue record found for Compaction type transaction commit. txnId:13
2024-04-24T00:51:57,634  INFO [main] ql.TxnCommandsBaseForTests: Running the query: drop table if exists Tstage
2024-04-24T00:51:57,634  INFO [main] ql.Driver: Compiling command(queryId=alex_20240424005157_ac37224a-b105-40ad-a6d6-69f4b4890079): drop table if exists Tstage
2024-04-24T00:51:57,636  INFO [main] txn.TxnHandler: Added entries to MIN_HISTORY_LEVEL for current txns: ([14]) with min_open_txn: 1
2024-04-24T00:51:57,636  INFO [main] lockmgr.DbTxnManager: Opened txnid:14
2024-04-24T00:51:57,637  INFO [main] HiveMetaStore.audit: ugi=alex	ip=unknown-ip-addr	cmd=get_table : tbl=hive.default.Tstage	
2024-04-24T00:51:57,644  INFO [main] metastore.HMSHandler: Skipping translation for processor with null
2024-04-24T00:51:57,644  INFO [main] ql.Driver: Semantic Analysis Completed (retrial = false)
2024-04-24T00:51:57,644  INFO [main] ql.Driver: Created Hive schema: Schema(fieldSchemas:null, properties:null)
2024-04-24T00:51:57,645  INFO [main] metadata.Hive: Dumping metastore api call timing information for : compilation phase
2024-04-24T00:51:57,645  INFO [main] metadata.Hive: Total time spent in each metastore function (ms): {flushCache_()=0, getTable_(GetTableRequest)=7, commitTxn_(CommitTxnRequest)=9, isCompatibleWith_(Configuration)=0, openTxn_(String, TxnType)=2, getValidTxns_(long)=1}
2024-04-24T00:51:57,645  INFO [main] ql.Driver: Completed compiling command(queryId=alex_20240424005157_ac37224a-b105-40ad-a6d6-69f4b4890079); Time taken: 0.011 seconds
2024-04-24T00:51:57,645  INFO [main] lockmgr.DbTxnManager: Setting lock request transaction to txnid:14 for queryId=alex_20240424005157_ac37224a-b105-40ad-a6d6-69f4b4890079
2024-04-24T00:51:57,646  INFO [main] lockmgr.DbLockManager: Requesting lock for queryId=alex_20240424005157_ac37224a-b105-40ad-a6d6-69f4b4890079
2024-04-24T00:51:57,660  INFO [main] lockmgr.DbLockManager: Response to queryId=alex_20240424005157_ac37224a-b105-40ad-a6d6-69f4b4890079 LockResponse(lockid:8, state:ACQUIRED)
2024-04-24T00:51:57,660  INFO [main] ql.Driver: Operation DROPTABLE obtained 1 locks
2024-04-24T00:51:57,660  INFO [main] ql.Driver: Executing command(queryId=alex_20240424005157_ac37224a-b105-40ad-a6d6-69f4b4890079): drop table if exists Tstage
2024-04-24T00:51:57,660  INFO [main] ql.Driver: Starting task [Stage-0:DDL] in serial mode
2024-04-24T00:51:57,660  INFO [main] HiveMetaStore.audit: ugi=alex	ip=unknown-ip-addr	cmd=get_table : tbl=hive.default.Tstage	
2024-04-24T00:51:57,668  INFO [main] metastore.HMSHandler: Skipping translation for processor with null
2024-04-24T00:51:57,668  INFO [main] HiveMetaStore.audit: ugi=alex	ip=unknown-ip-addr	cmd=get_table : tbl=hive.default.Tstage	
2024-04-24T00:51:57,675  INFO [main] metastore.HMSHandler: Skipping translation for processor with null
2024-04-24T00:51:57,675  INFO [main] HiveMetaStore.audit: ugi=alex	ip=unknown-ip-addr	cmd=drop_table : tbl=hive.default.Tstage	
2024-04-24T00:51:57,719  WARN [main] utils.FileUtils: File file:/home/alex/Repositories/hive/ql/target/tmp/org.apache.hadoop.hive.ql.TestTxnExIm-1713945026909/warehouse/tstage does not exist; Force to delete it.
2024-04-24T00:51:57,719 ERROR [main] utils.FileUtils: Failed to delete file:/home/alex/Repositories/hive/ql/target/tmp/org.apache.hadoop.hive.ql.TestTxnExIm-1713945026909/warehouse/tstage
2024-04-24T00:51:57,719  INFO [main] metadata.Hive: Dumping metastore api call timing information for : execution phase
2024-04-24T00:51:57,719  INFO [main] metadata.Hive: Total time spent in each metastore function (ms): {isCompatibleWith_(Configuration)=0, getTable_(GetTableRequest)=8, dropTable_(String, String, boolean, boolean, boolean)=51}
2024-04-24T00:51:57,719  INFO [main] ql.Driver: Completed executing command(queryId=alex_20240424005157_ac37224a-b105-40ad-a6d6-69f4b4890079); Time taken: 0.059 seconds
2024-04-24T00:51:57,719  INFO [main] lockmgr.DbTxnManager: Stopped heartbeat for query: alex_20240424005157_ac37224a-b105-40ad-a6d6-69f4b4890079
2024-04-24T00:51:57,724  INFO [main] txn.TxnHandler: Expected to move at least one record from txn_components to completed_txn_components when committing txn! txnid:14
2024-04-24T00:51:57,730  INFO [main] txn.TxnHandler: Removed transactions: ([14]) from MIN_HISTORY_LEVEL
2024-04-24T00:51:57,730  WARN [main] txn.CompactionTxnHandler: No compaction queue record found for Compaction type transaction commit. txnId:14
2024-04-24T00:51:57,731  INFO [main] ql.TxnCommandsBaseForTests: Running the query: create table T (a int, b int) stored as orc
2024-04-24T00:51:57,731  INFO [main] ql.Driver: Compiling command(queryId=alex_20240424005157_590f5cf7-f09e-47ad-8a27-fb518c2f1d3d): create table T (a int, b int) stored as orc
2024-04-24T00:51:57,734  INFO [main] txn.TxnHandler: Added entries to MIN_HISTORY_LEVEL for current txns: ([15]) with min_open_txn: 1
2024-04-24T00:51:57,735  INFO [main] lockmgr.DbTxnManager: Opened txnid:15
2024-04-24T00:51:57,735  INFO [main] parse.CalcitePlanner: Starting caching scope for: 
2024-04-24T00:51:57,735  INFO [main] parse.CalcitePlanner: Starting Semantic Analysis
2024-04-24T00:51:57,741  INFO [main] parse.CalcitePlanner: Creating table default.T position=13
2024-04-24T00:51:57,741  INFO [main] parse.CalcitePlanner: Automatically chose to make default.T acid.
2024-04-24T00:51:57,741  INFO [main] HiveMetaStore.audit: ugi=alex	ip=unknown-ip-addr	cmd=get_database: default	
2024-04-24T00:51:57,743  INFO [main] parse.CalcitePlanner: Ending caching scope for: 
2024-04-24T00:51:57,743  INFO [main] ql.Driver: Semantic Analysis Completed (retrial = false)
2024-04-24T00:51:57,743  INFO [main] ql.Driver: Created Hive schema: Schema(fieldSchemas:null, properties:null)
2024-04-24T00:51:57,743  INFO [main] metadata.Hive: Dumping metastore api call timing information for : compilation phase
2024-04-24T00:51:57,743  INFO [main] metadata.Hive: Total time spent in each metastore function (ms): {flushCache_()=0, isCompatibleWith_(Configuration)=1, commitTxn_(CommitTxnRequest)=11, getValidWriteIds_(List, String)=5, getDatabase_(String)=2, getValidTxns_(long)=0, openTxn_(String, TxnType)=3}
2024-04-24T00:51:57,743  INFO [main] ql.Driver: Completed compiling command(queryId=alex_20240424005157_590f5cf7-f09e-47ad-8a27-fb518c2f1d3d); Time taken: 0.012 seconds
2024-04-24T00:51:57,744  INFO [main] lockmgr.DbTxnManager: Setting lock request transaction to txnid:15 for queryId=alex_20240424005157_590f5cf7-f09e-47ad-8a27-fb518c2f1d3d
2024-04-24T00:51:57,744  INFO [main] lockmgr.DbLockManager: Requesting lock for queryId=alex_20240424005157_590f5cf7-f09e-47ad-8a27-fb518c2f1d3d
2024-04-24T00:51:57,759  INFO [main] lockmgr.DbLockManager: Response to queryId=alex_20240424005157_590f5cf7-f09e-47ad-8a27-fb518c2f1d3d LockResponse(lockid:9, state:ACQUIRED)
2024-04-24T00:51:57,759  INFO [main] ql.Driver: Operation CREATETABLE obtained 1 locks
2024-04-24T00:51:57,760  INFO [main] ql.Driver: Executing command(queryId=alex_20240424005157_590f5cf7-f09e-47ad-8a27-fb518c2f1d3d): create table T (a int, b int) stored as orc
2024-04-24T00:51:57,760  INFO [main] ql.Driver: Starting task [Stage-0:DDL] in serial mode
2024-04-24T00:51:57,761  INFO [main] HiveMetaStore.audit: ugi=alex	ip=unknown-ip-addr	cmd=create_table_req: Table(tableName:T, dbName:default, owner:alex, createTime:1713945117, lastAccessTime:0, retention:0, sd:StorageDescriptor(cols:[FieldSchema(name:a, type:int, comment:null), FieldSchema(name:b, type:int, comment:null)], location:null, inputFormat:org.apache.hadoop.hive.ql.io.orc.OrcInputFormat, outputFormat:org.apache.hadoop.hive.ql.io.orc.OrcOutputFormat, compressed:false, numBuckets:-1, serdeInfo:SerDeInfo(name:null, serializationLib:org.apache.hadoop.hive.ql.io.orc.OrcSerde, parameters:{serialization.format=1}), bucketCols:[], sortCols:[], parameters:{}, skewedInfo:SkewedInfo(skewedColNames:[], skewedColValues:[], skewedColValueLocationMaps:{}), storedAsSubDirectories:false), partitionKeys:[], parameters:{transactional=true, totalSize=0, numFilesErasureCoded=0, transactional_properties=default, numRows=0, COLUMN_STATS_ACCURATE={"BASIC_STATS":"true","COLUMN_STATS":{"a":"true","b":"true"}}, numFiles=0, bucketing_version=2, rawDataSize=0}, viewOriginalText:null, viewExpandedText:null, tableType:MANAGED_TABLE, privileges:PrincipalPrivilegeSet(userPrivileges:{alex=[PrivilegeGrantInfo(privilege:INSERT, createTime:-1, grantor:alex, grantorType:USER, grantOption:true), PrivilegeGrantInfo(privilege:SELECT, createTime:-1, grantor:alex, grantorType:USER, grantOption:true), PrivilegeGrantInfo(privilege:UPDATE, createTime:-1, grantor:alex, grantorType:USER, grantOption:true), PrivilegeGrantInfo(privilege:DELETE, createTime:-1, grantor:alex, grantorType:USER, grantOption:true)]}, groupPrivileges:null, rolePrivileges:null), temporary:false, catName:hive, ownerType:USER, writeId:0)	
2024-04-24T00:51:57,768  INFO [main] utils.FileUtils: Creating directory if it doesn't exist: file:/home/alex/Repositories/hive/ql/target/tmp/org.apache.hadoop.hive.ql.TestTxnExIm-1713945026909/warehouse/t
2024-04-24T00:51:57,809  INFO [main] metadata.Hive: Dumping metastore api call timing information for : execution phase
2024-04-24T00:51:57,809  INFO [main] metadata.Hive: Total time spent in each metastore function (ms): {isCompatibleWith_(Configuration)=0, createTable_(Table)=47}
2024-04-24T00:51:57,809  INFO [main] ql.Driver: Completed executing command(queryId=alex_20240424005157_590f5cf7-f09e-47ad-8a27-fb518c2f1d3d); Time taken: 0.049 seconds
2024-04-24T00:51:57,809  INFO [main] lockmgr.DbTxnManager: Stopped heartbeat for query: alex_20240424005157_590f5cf7-f09e-47ad-8a27-fb518c2f1d3d
2024-04-24T00:51:57,813  INFO [main] txn.TxnHandler: Expected to move at least one record from txn_components to completed_txn_components when committing txn! txnid:15
2024-04-24T00:51:57,819  INFO [main] txn.TxnHandler: Removed transactions: ([15]) from MIN_HISTORY_LEVEL
2024-04-24T00:51:57,819  WARN [main] txn.CompactionTxnHandler: No compaction queue record found for Compaction type transaction commit. txnId:15
2024-04-24T00:51:57,820  INFO [main] ql.TxnCommandsBaseForTests: Running the query: create table Tstage (a int, b int) stored as orc tblproperties('transactional'='true')
2024-04-24T00:51:57,820  INFO [main] ql.Driver: Compiling command(queryId=alex_20240424005157_2e0e7e63-476b-4ad5-b4df-e73d3f5c85f2): create table Tstage (a int, b int) stored as orc tblproperties('transactional'='true')
2024-04-24T00:51:57,828  INFO [main] txn.TxnHandler: Added entries to MIN_HISTORY_LEVEL for current txns: ([16]) with min_open_txn: 1
2024-04-24T00:51:57,828  INFO [main] lockmgr.DbTxnManager: Opened txnid:16
2024-04-24T00:51:57,831  INFO [main] parse.CalcitePlanner: Starting caching scope for: 
2024-04-24T00:51:57,831  INFO [main] parse.CalcitePlanner: Starting Semantic Analysis
2024-04-24T00:51:57,833  INFO [main] parse.CalcitePlanner: Creating table default.Tstage position=13
2024-04-24T00:51:57,833  INFO [main] HiveMetaStore.audit: ugi=alex	ip=unknown-ip-addr	cmd=get_database: default	
2024-04-24T00:51:57,835  INFO [main] parse.CalcitePlanner: Ending caching scope for: 
2024-04-24T00:51:57,835  INFO [main] ql.Driver: Semantic Analysis Completed (retrial = false)
2024-04-24T00:51:57,835  INFO [main] ql.Driver: Created Hive schema: Schema(fieldSchemas:null, properties:null)
2024-04-24T00:51:57,835  INFO [main] metadata.Hive: Dumping metastore api call timing information for : compilation phase
2024-04-24T00:51:57,835  INFO [main] metadata.Hive: Total time spent in each metastore function (ms): {getValidWriteIds_(List, String)=2, flushCache_()=0, getValidTxns_(long)=3, getDatabase_(String)=2, isCompatibleWith_(Configuration)=0, openTxn_(String, TxnType)=7, commitTxn_(CommitTxnRequest)=11}
2024-04-24T00:51:57,835  INFO [main] ql.Driver: Completed compiling command(queryId=alex_20240424005157_2e0e7e63-476b-4ad5-b4df-e73d3f5c85f2); Time taken: 0.015 seconds
2024-04-24T00:51:57,835  INFO [main] lockmgr.DbTxnManager: Setting lock request transaction to txnid:16 for queryId=alex_20240424005157_2e0e7e63-476b-4ad5-b4df-e73d3f5c85f2
2024-04-24T00:51:57,836  INFO [main] lockmgr.DbLockManager: Requesting lock for queryId=alex_20240424005157_2e0e7e63-476b-4ad5-b4df-e73d3f5c85f2
2024-04-24T00:51:57,849  INFO [main] lockmgr.DbLockManager: Response to queryId=alex_20240424005157_2e0e7e63-476b-4ad5-b4df-e73d3f5c85f2 LockResponse(lockid:10, state:ACQUIRED)
2024-04-24T00:51:57,849  INFO [main] ql.Driver: Operation CREATETABLE obtained 1 locks
2024-04-24T00:51:57,850  INFO [main] ql.Driver: Executing command(queryId=alex_20240424005157_2e0e7e63-476b-4ad5-b4df-e73d3f5c85f2): create table Tstage (a int, b int) stored as orc tblproperties('transactional'='true')
2024-04-24T00:51:57,850  INFO [main] ql.Driver: Starting task [Stage-0:DDL] in serial mode
2024-04-24T00:51:57,851  INFO [main] HiveMetaStore.audit: ugi=alex	ip=unknown-ip-addr	cmd=create_table_req: Table(tableName:Tstage, dbName:default, owner:alex, createTime:1713945117, lastAccessTime:0, retention:0, sd:StorageDescriptor(cols:[FieldSchema(name:a, type:int, comment:null), FieldSchema(name:b, type:int, comment:null)], location:null, inputFormat:org.apache.hadoop.hive.ql.io.orc.OrcInputFormat, outputFormat:org.apache.hadoop.hive.ql.io.orc.OrcOutputFormat, compressed:false, numBuckets:-1, serdeInfo:SerDeInfo(name:null, serializationLib:org.apache.hadoop.hive.ql.io.orc.OrcSerde, parameters:{serialization.format=1}), bucketCols:[], sortCols:[], parameters:{}, skewedInfo:SkewedInfo(skewedColNames:[], skewedColValues:[], skewedColValueLocationMaps:{}), storedAsSubDirectories:false), partitionKeys:[], parameters:{numFilesErasureCoded=0, numFiles=0, numRows=0, bucketing_version=2, transactional=true, COLUMN_STATS_ACCURATE={"BASIC_STATS":"true","COLUMN_STATS":{"a":"true","b":"true"}}, rawDataSize=0, totalSize=0}, viewOriginalText:null, viewExpandedText:null, tableType:MANAGED_TABLE, privileges:PrincipalPrivilegeSet(userPrivileges:{alex=[PrivilegeGrantInfo(privilege:INSERT, createTime:-1, grantor:alex, grantorType:USER, grantOption:true), PrivilegeGrantInfo(privilege:SELECT, createTime:-1, grantor:alex, grantorType:USER, grantOption:true), PrivilegeGrantInfo(privilege:UPDATE, createTime:-1, grantor:alex, grantorType:USER, grantOption:true), PrivilegeGrantInfo(privilege:DELETE, createTime:-1, grantor:alex, grantorType:USER, grantOption:true)]}, groupPrivileges:null, rolePrivileges:null), temporary:false, catName:hive, ownerType:USER, writeId:0)	
2024-04-24T00:51:57,857  INFO [main] utils.FileUtils: Creating directory if it doesn't exist: file:/home/alex/Repositories/hive/ql/target/tmp/org.apache.hadoop.hive.ql.TestTxnExIm-1713945026909/warehouse/tstage
2024-04-24T00:51:57,872  INFO [main] metadata.Hive: Dumping metastore api call timing information for : execution phase
2024-04-24T00:51:57,872  INFO [main] metadata.Hive: Total time spent in each metastore function (ms): {isCompatibleWith_(Configuration)=0, createTable_(Table)=21}
2024-04-24T00:51:57,873  INFO [main] ql.Driver: Completed executing command(queryId=alex_20240424005157_2e0e7e63-476b-4ad5-b4df-e73d3f5c85f2); Time taken: 0.022 seconds
2024-04-24T00:51:57,873  INFO [main] lockmgr.DbTxnManager: Stopped heartbeat for query: alex_20240424005157_2e0e7e63-476b-4ad5-b4df-e73d3f5c85f2
2024-04-24T00:51:57,876  INFO [main] txn.TxnHandler: Expected to move at least one record from txn_components to completed_txn_components when committing txn! txnid:16
2024-04-24T00:51:57,881  INFO [main] txn.TxnHandler: Removed transactions: ([16]) from MIN_HISTORY_LEVEL
2024-04-24T00:51:57,881  WARN [main] txn.CompactionTxnHandler: No compaction queue record found for Compaction type transaction commit. txnId:16
2024-04-24T00:51:57,882  INFO [main] ql.TxnCommandsBaseForTests: Running the query: insert into Tstage values(1,2),(3,4),(5,6)
2024-04-24T00:51:57,882  INFO [main] ql.Driver: Compiling command(queryId=alex_20240424005157_6992fe06-dc2c-4388-8747-184f87f4a5d5): insert into Tstage values(1,2),(3,4),(5,6)
2024-04-24T00:51:57,884  INFO [main] txn.TxnHandler: Added entries to MIN_HISTORY_LEVEL for current txns: ([17]) with min_open_txn: 1
2024-04-24T00:51:57,885  INFO [main] lockmgr.DbTxnManager: Opened txnid:17
2024-04-24T00:51:57,885  INFO [main] parse.CalcitePlanner: Starting caching scope for: 
2024-04-24T00:51:57,885  INFO [main] parse.CalcitePlanner: Starting Semantic Analysis
2024-04-24T00:51:57,888  INFO [main] HiveMetaStore.audit: ugi=alex	ip=unknown-ip-addr	cmd=get_table : tbl=hive.default.Tstage	
2024-04-24T00:51:57,899  INFO [main] metastore.HMSHandler: Skipping translation for processor with null
2024-04-24T00:51:57,899  INFO [main] parse.CalcitePlanner: Completed phase 1 of Semantic Analysis
2024-04-24T00:51:57,900  INFO [main] parse.CalcitePlanner: Get metadata for source tables
2024-04-24T00:51:57,900  INFO [main] parse.CalcitePlanner: Get metadata for subqueries
2024-04-24T00:51:57,900  INFO [main] parse.CalcitePlanner: Get metadata for destination tables
2024-04-24T00:51:57,900  INFO [main] HiveMetaStore.audit: ugi=alex	ip=unknown-ip-addr	cmd=get_table : tbl=hive.default.Tstage	
2024-04-24T00:51:57,907  INFO [main] metastore.HMSHandler: Skipping translation for processor with null
2024-04-24T00:51:57,907  INFO [main] parse.CalcitePlanner: Completed getting MetaData in Semantic Analysis
2024-04-24T00:51:57,907  INFO [main] parse.CalcitePlanner: Disabling LLAP IO encode as ETL query is detected
2024-04-24T00:51:57,929  INFO [main] HiveMetaStore.audit: ugi=alex	ip=unknown-ip-addr	cmd=get_all_table_constraints : tbl=hive._dummy_database._dummy_table	
2024-04-24T00:51:58,000  INFO [main] parse.CalcitePlanner: Get metadata for source tables
2024-04-24T00:51:58,000  INFO [main] parse.CalcitePlanner: Get metadata for subqueries
2024-04-24T00:51:58,000  INFO [main] parse.CalcitePlanner: Get metadata for source tables
2024-04-24T00:51:58,001  INFO [main] HiveMetaStore.audit: ugi=alex	ip=unknown-ip-addr	cmd=get_table : tbl=hive._dummy_database._dummy_table	
2024-04-24T00:51:58,003  INFO [main] parse.CalcitePlanner: Get metadata for subqueries
2024-04-24T00:51:58,003  INFO [main] parse.CalcitePlanner: Get metadata for destination tables
2024-04-24T00:51:58,003  INFO [main] parse.CalcitePlanner: Get metadata for destination tables
2024-04-24T00:51:58,003  INFO [main] HiveMetaStore.audit: ugi=alex	ip=unknown-ip-addr	cmd=get_table : tbl=hive.default.Tstage	
2024-04-24T00:51:58,011  INFO [main] metastore.HMSHandler: Skipping translation for processor with null
2024-04-24T00:51:58,013  INFO [main] HiveMetaStore.audit: ugi=alex	ip=unknown-ip-addr	cmd=get_not_null_constraints : tbl=hive.default.tstage	
2024-04-24T00:51:58,014  INFO [main] HiveMetaStore.audit: ugi=alex	ip=unknown-ip-addr	cmd=get_check_constraints : tbl=hive.default.tstage	
2024-04-24T00:51:58,023  INFO [main] txn.TxnHandler: Allocated writeId: 1 for txnId: 17
2024-04-24T00:51:58,023  INFO [main] txn.TxnHandler: Allocated write ids for dbName=default, tblName=tstage (txnIds: [17])
2024-04-24T00:51:58,024  INFO [main] parse.CalcitePlanner: CBO Succeeded; optimized logical plan.
2024-04-24T00:51:58,027  INFO [main] optimizer.BucketVersionPopulator: not considering bucketingVersion for: TS[0] because it has -1<2 buckets 
2024-04-24T00:51:58,027  INFO [main] optimizer.SortedDynPartitionOptimizer: Sorted dynamic partitioning optimization kicked in..
2024-04-24T00:51:58,036  INFO [main] HiveMetaStore.audit: ugi=alex	ip=unknown-ip-addr	cmd=get_table : tbl=hive.default.tstage	
2024-04-24T00:51:58,044  INFO [main] metastore.HMSHandler: Skipping translation for processor with null
2024-04-24T00:51:58,045  INFO [main] physical.Vectorizer: Examining input format to see if vectorization is enabled.
2024-04-24T00:51:58,045  INFO [main] physical.Vectorizer: Map vectorization enabled: false
2024-04-24T00:51:58,045  INFO [main] physical.Vectorizer: Map vectorized: false
2024-04-24T00:51:58,045  INFO [main] physical.Vectorizer: Map vectorizedVertexNum: 0
2024-04-24T00:51:58,045  INFO [main] physical.Vectorizer: Map enabledConditionsMet: [hive.vectorized.use.vectorized.input.format IS true]
2024-04-24T00:51:58,045  INFO [main] physical.Vectorizer: Map enabledConditionsNotMet: [Could not enable vectorization due to partition column names size 1 is greater than the number of table column names size 0 IS false]
2024-04-24T00:51:58,045  INFO [main] physical.Vectorizer: Map inputFileFormatClassNameSet: [org.apache.hadoop.hive.ql.io.NullRowsInputFormat]
2024-04-24T00:51:58,045  INFO [main] parse.CalcitePlanner: Completed plan generation
2024-04-24T00:51:58,045  INFO [main] parse.CalcitePlanner: Ending caching scope for: 
2024-04-24T00:51:58,045  INFO [main] ql.Driver: Semantic Analysis Completed (retrial = false)
2024-04-24T00:51:58,045  INFO [main] ql.Driver: Created Hive schema: Schema(fieldSchemas:[FieldSchema(name:col1, type:int, comment:null), FieldSchema(name:col2, type:int, comment:null)], properties:null)
2024-04-24T00:51:58,045  INFO [main] metadata.Hive: Dumping metastore api call timing information for : compilation phase
2024-04-24T00:51:58,045  INFO [main] metadata.Hive: Total time spent in each metastore function (ms): {flushCache_()=0, getCheckConstraints_(CheckConstraintsRequest)=2, commitTxn_(CommitTxnRequest)=9, getNotNullConstraints_(NotNullConstraintsRequest)=1, getValidWriteIds_(List, String)=4, getValidTxns_(long)=0, allocateTableWriteId_(long, String, String)=7, openTxn_(String, TxnType)=2, getAllTableConstraints_(AllTableConstraintsRequest)=25, isCompatibleWith_(Configuration)=0, getTable_(GetTableRequest)=34}
2024-04-24T00:51:58,046  INFO [main] ql.Driver: Completed compiling command(queryId=alex_20240424005157_6992fe06-dc2c-4388-8747-184f87f4a5d5); Time taken: 0.163 seconds
2024-04-24T00:51:58,046  INFO [main] lockmgr.DbTxnManager: Setting lock request transaction to txnid:17 for queryId=alex_20240424005157_6992fe06-dc2c-4388-8747-184f87f4a5d5
2024-04-24T00:51:58,046  INFO [main] lockmgr.DbLockManager: Requesting lock for queryId=alex_20240424005157_6992fe06-dc2c-4388-8747-184f87f4a5d5
2024-04-24T00:51:58,063  INFO [main] lockmgr.DbLockManager: Response to queryId=alex_20240424005157_6992fe06-dc2c-4388-8747-184f87f4a5d5 LockResponse(lockid:11, state:ACQUIRED)
2024-04-24T00:51:58,063  INFO [main] ql.Driver: Operation QUERY obtained 1 locks
2024-04-24T00:51:58,065  INFO [main] ql.Driver: Executing command(queryId=alex_20240424005157_6992fe06-dc2c-4388-8747-184f87f4a5d5): insert into Tstage values(1,2),(3,4),(5,6)
2024-04-24T00:51:58,066  WARN [main] ql.Driver: Hive-on-MR is deprecated in Hive 2 and may not be available in the future versions. Consider using a different execution engine (i.e. spark, tez) or using Hive 1.X releases.
Query ID = alex_20240424005157_6992fe06-dc2c-4388-8747-184f87f4a5d5
2024-04-24T00:51:58,066  INFO [main] ql.Driver: Query ID = alex_20240424005157_6992fe06-dc2c-4388-8747-184f87f4a5d5
Total jobs = 1
2024-04-24T00:51:58,066  INFO [main] ql.Driver: Total jobs = 1
Launching Job 1 out of 1
2024-04-24T00:51:58,066  INFO [main] ql.Driver: Launching Job 1 out of 1
2024-04-24T00:51:58,224  INFO [main] ql.Driver: Starting task [Stage-1:MAPRED] in serial mode
Number of reduce tasks is set to 0 since there's no reduce operator
2024-04-24T00:51:58,224  INFO [main] exec.Task: Number of reduce tasks is set to 0 since there's no reduce operator
2024-04-24T00:51:58,226  INFO [main] mr.ExecDriver: Using org.apache.hadoop.hive.ql.io.HiveInputFormat
2024-04-24T00:51:58,227  INFO [main] exec.Utilities: Processing alias $hdt$_0:_dummy_table
2024-04-24T00:51:58,227  INFO [main] exec.Utilities: Adding 1 inputs; the first input is file:/home/alex/Repositories/hive/ql/target/tmp/localscratchdir/cfe73dea-7ee9-488d-9c97-891c7dc18530/hive_2024-04-24_00-51-57_882_6339953095489347262-1/dummy_path
2024-04-24T00:51:58,236  INFO [main] exec.SerializationUtilities: Serializing MapWork using kryo
2024-04-24T00:51:58,237  INFO [main] exec.Utilities: Serialized plan (via FILE) - name: null size: 5,72KB
2024-04-24T00:51:58,238  WARN [main] impl.MetricsSystemImpl: JobTracker metrics system already initialized!
2024-04-24T00:51:58,242  INFO [main] fs.FSStatsPublisher: created : file:/home/alex/Repositories/hive/ql/target/tmp/localscratchdir/cfe73dea-7ee9-488d-9c97-891c7dc18530/hive_2024-04-24_00-51-57_882_6339953095489347262-1/-mr-10000
2024-04-24T00:51:58,244  WARN [main] impl.MetricsSystemImpl: JobTracker metrics system already initialized!
2024-04-24T00:51:58,251  WARN [main] mapreduce.JobResourceUploader: Hadoop command-line option parsing not performed. Implement the Tool interface and execute your application with ToolRunner to remedy this.
2024-04-24T00:51:58,255  WARN [main] mapreduce.JobResourceUploader: No job jar file set.  User classes may not be found. See Job or Job#setJar(String).
2024-04-24T00:51:58,256  INFO [main] io.HiveInputFormat: hive.io.file.readcolumn.ids = 
2024-04-24T00:51:58,256  INFO [main] io.HiveInputFormat: hive.io.file.readcolumn.names = 
2024-04-24T00:51:58,256  INFO [main] io.HiveInputFormat: Generating splits for dirs: file:/home/alex/Repositories/hive/ql/target/tmp/localscratchdir/cfe73dea-7ee9-488d-9c97-891c7dc18530/hive_2024-04-24_00-51-57_882_6339953095489347262-1/dummy_path
2024-04-24T00:51:58,257  INFO [main] io.HiveInputFormat: number of splits 1
2024-04-24T00:51:58,274  INFO [main] mapreduce.JobSubmitter: number of splits:1
2024-04-24T00:51:58,295  INFO [main] mapreduce.JobSubmitter: Submitting tokens for job: job_local1178238112_0034
2024-04-24T00:51:58,295  INFO [main] mapreduce.JobSubmitter: Executing with tokens: []
2024-04-24T00:51:58,360  INFO [main] mapreduce.Job: The url to track the job: http://localhost:8080/
Job running in-process (local Hadoop)
2024-04-24T00:51:58,360  INFO [main] exec.Task: Job running in-process (local Hadoop)
2024-04-24T00:51:58,360  INFO [Thread-2472] mapred.LocalJobRunner: OutputCommitter set in config org.apache.hadoop.hive.ql.io.HiveFileFormatUtils$NullOutputCommitter
2024-04-24T00:51:58,361  INFO [Thread-2472] mapred.LocalJobRunner: OutputCommitter is org.apache.hadoop.hive.ql.io.HiveFileFormatUtils$NullOutputCommitter
2024-04-24T00:51:58,362  INFO [Thread-2472] mapred.LocalJobRunner: Waiting for map tasks
2024-04-24T00:51:58,362  INFO [LocalJobRunner Map Task Executor #0] mapred.LocalJobRunner: Starting task: attempt_local1178238112_0034_m_000000_0
2024-04-24T00:51:58,365  INFO [LocalJobRunner Map Task Executor #0] mapred.Task:  Using ResourceCalculatorProcessTree : [ ]
2024-04-24T00:51:58,366  INFO [LocalJobRunner Map Task Executor #0] mapred.MapTask: Processing split: org.apache.hadoop.hive.ql.io.NullRowsInputFormat:file:/home/alex/Repositories/hive/ql/target/tmp/localscratchdir/cfe73dea-7ee9-488d-9c97-891c7dc18530/hive_2024-04-24_00-51-57_882_6339953095489347262-1/dummy_path/null:0+1
2024-04-24T00:51:58,368  INFO [LocalJobRunner Map Task Executor #0] exec.SerializationUtilities: Deserializing MapWork using kryo
2024-04-24T00:51:58,368  INFO [LocalJobRunner Map Task Executor #0] exec.Utilities: Deserialized plan (via FILE) - name: null size: 5,72KB
2024-04-24T00:51:58,369  INFO [LocalJobRunner Map Task Executor #0] mapred.MapTask: numReduceTasks: 0
2024-04-24T00:51:58,371  INFO [LocalJobRunner Map Task Executor #0] exec.MapOperator: Initializing Operator: MAP[0]
2024-04-24T00:51:58,372  INFO [LocalJobRunner Map Task Executor #0] mr.ExecMapper: 
<MAP>Id =0
  <Children>null
  <\Children>
  <Parent><\Parent>
<\MAP>
2024-04-24T00:51:58,372  INFO [LocalJobRunner Map Task Executor #0] exec.TableScanOperator: Initializing Operator: TS[0]
2024-04-24T00:51:58,372  INFO [LocalJobRunner Map Task Executor #0] exec.SelectOperator: Initializing Operator: SEL[1]
2024-04-24T00:51:58,373  INFO [LocalJobRunner Map Task Executor #0] exec.SelectOperator: SELECT null
2024-04-24T00:51:58,373  INFO [LocalJobRunner Map Task Executor #0] exec.UDTFOperator: Initializing Operator: UDTF[2]
2024-04-24T00:51:58,373  INFO [LocalJobRunner Map Task Executor #0] exec.SelectOperator: Initializing Operator: SEL[3]
2024-04-24T00:51:58,373  INFO [LocalJobRunner Map Task Executor #0] exec.SelectOperator: SELECT struct<col1:int,col2:int>
2024-04-24T00:51:58,373  INFO [LocalJobRunner Map Task Executor #0] exec.FileSinkOperator: Initializing Operator: FS[4]
2024-04-24T00:51:58,373  INFO [LocalJobRunner Map Task Executor #0] exec.FileSinkOperator: Using serializer : AbstractSerDe [log=org.apache.logging.slf4j.Log4jLogger@752e4bcc, configuration=Optional[Configuration: core-default.xml, core-site.xml, mapred-default.xml, mapred-site.xml, yarn-default.xml, yarn-site.xml, hdfs-default.xml, hdfs-site.xml, file:/home/alex/Repositories/hive/ql/target/tmp/TestTxnExIm/mapred/local/localRunner/alex/job_local1178238112_0034/job_local1178238112_0034.xml], properties={transactional_properties=default, name=default.tstage, transactional=true, columns.types=int:int, columns=a,b, numFilesErasureCoded=0, columns.comments=&amp#0;, bucketing_version=2, serialization.lib=org.apache.hadoop.hive.ql.io.orc.OrcSerde, file.inputformat=org.apache.hadoop.hive.ql.io.orc.OrcInputFormat, file.outputformat=org.apache.hadoop.hive.ql.io.orc.OrcOutputFormat, location=file:/home/alex/Repositories/hive/ql/target/tmp/org.apache.hadoop.hive.ql.TestTxnExIm-1713945026909/warehouse/tstage, column.name.delimiter=,}, tableProperties={transactional_properties=default, name=default.tstage, transactional=true, columns.types=int:int, columns=a,b, numFilesErasureCoded=0, columns.comments=&amp#0;, bucketing_version=2, serialization.lib=org.apache.hadoop.hive.ql.io.orc.OrcSerde, file.inputformat=org.apache.hadoop.hive.ql.io.orc.OrcInputFormat, location=file:/home/alex/Repositories/hive/ql/target/tmp/org.apache.hadoop.hive.ql.TestTxnExIm-1713945026909/warehouse/tstage, file.outputformat=org.apache.hadoop.hive.ql.io.orc.OrcOutputFormat, column.name.delimiter=,}, partitionProperties=Optional.empty, columnNames=[a, b], columnTypes=[int, int], getClass()=class org.apache.hadoop.hive.ql.io.orc.OrcSerde] and formatter : org.apache.hadoop.hive.ql.io.orc.OrcOutputFormat@6d963c35
2024-04-24T00:51:58,374  INFO [LocalJobRunner Map Task Executor #0] exec.FileSinkOperator: Final Path: FS file:/home/alex/Repositories/hive/ql/target/tmp/org.apache.hadoop.hive.ql.TestTxnExIm-1713945026909/warehouse/tstage
2024-04-24T00:51:58,374  INFO [LocalJobRunner Map Task Executor #0] exec.FileSinkOperator: New Final Path: FS file:/home/alex/Repositories/hive/ql/target/tmp/org.apache.hadoop.hive.ql.TestTxnExIm-1713945026909/warehouse/tstage
2024-04-24T00:51:58,374  INFO [LocalJobRunner Map Task Executor #0] common.FileUtils: Creating directory if it doesn't exist: file:/home/alex/Repositories/hive/ql/target/tmp/org.apache.hadoop.hive.ql.TestTxnExIm-1713945026909/warehouse
2024-04-24T00:51:58,376  INFO [LocalJobRunner Map Task Executor #0] exec.FileSinkOperator: FS[4]: records written - 1
2024-04-24T00:51:58,376  INFO [LocalJobRunner Map Task Executor #0] impl.PhysicalFsWriter: ORC writer created for path: file:/home/alex/Repositories/hive/ql/target/tmp/org.apache.hadoop.hive.ql.TestTxnExIm-1713945026909/warehouse/tstage/delta_0000001_0000001_0000/bucket_00000_0 with stripeSize: 8388608 blockSize: 268435456 compression: Compress: ZLIB buffer: 32768
2024-04-24T00:51:58,383  INFO [LocalJobRunner Map Task Executor #0] impl.WriterImpl: ORC writer created for path: file:/home/alex/Repositories/hive/ql/target/tmp/org.apache.hadoop.hive.ql.TestTxnExIm-1713945026909/warehouse/tstage/delta_0000001_0000001_0000/bucket_00000_0 with stripeSize: 8388608 options: Compress: ZLIB buffer: 32768
2024-04-24T00:51:58,388  INFO [LocalJobRunner Map Task Executor #0] exec.MapOperator: MAP[0]: records read - 1
2024-04-24T00:51:58,389  INFO [LocalJobRunner Map Task Executor #0] exec.MapOperator: Closing Operator: MAP[0]
2024-04-24T00:51:58,389  INFO [LocalJobRunner Map Task Executor #0] exec.MapOperator: MAP[0]: Total records read - 3. abort - false
2024-04-24T00:51:58,389  INFO [LocalJobRunner Map Task Executor #0] exec.MapOperator: RECORDS_OUT_INTERMEDIATE:0, RECORDS_OUT_OPERATOR_MAP_0:0, RECORDS_IN:3, DESERIALIZE_ERRORS:0, 
2024-04-24T00:51:58,389  INFO [LocalJobRunner Map Task Executor #0] exec.TableScanOperator: Closing Operator: TS[0]
2024-04-24T00:51:58,389  INFO [LocalJobRunner Map Task Executor #0] exec.TableScanOperator: RECORDS_OUT_INTERMEDIATE:0, RECORDS_OUT_OPERATOR_TS_0:1, 
2024-04-24T00:51:58,389  INFO [LocalJobRunner Map Task Executor #0] exec.SelectOperator: Closing Operator: SEL[1]
2024-04-24T00:51:58,389  INFO [LocalJobRunner Map Task Executor #0] exec.SelectOperator: RECORDS_OUT_OPERATOR_SEL_1:1, RECORDS_OUT_INTERMEDIATE:0, 
2024-04-24T00:51:58,389  INFO [LocalJobRunner Map Task Executor #0] exec.UDTFOperator: Closing Operator: UDTF[2]
2024-04-24T00:51:58,389  INFO [LocalJobRunner Map Task Executor #0] exec.UDTFOperator: RECORDS_OUT_INTERMEDIATE:0, RECORDS_OUT_OPERATOR_UDTF_2:3, 
2024-04-24T00:51:58,389  INFO [LocalJobRunner Map Task Executor #0] exec.SelectOperator: Closing Operator: SEL[3]
2024-04-24T00:51:58,389  INFO [LocalJobRunner Map Task Executor #0] exec.SelectOperator: RECORDS_OUT_INTERMEDIATE:0, RECORDS_OUT_OPERATOR_SEL_3:3, 
2024-04-24T00:51:58,389  INFO [LocalJobRunner Map Task Executor #0] exec.FileSinkOperator: Closing Operator: FS[4]
2024-04-24T00:51:58,389  INFO [LocalJobRunner Map Task Executor #0] exec.FileSinkOperator: FS[4]: records written - 3
2024-04-24T00:51:58,391  INFO [LocalJobRunner Map Task Executor #0] FileOperations: Writing manifest to file:/home/alex/Repositories/hive/ql/target/tmp/org.apache.hadoop.hive.ql.TestTxnExIm-1713945026909/warehouse/tstage/_tmp.delta_0000001_0000001_0000/000000_0.manifest with [file:/home/alex/Repositories/hive/ql/target/tmp/org.apache.hadoop.hive.ql.TestTxnExIm-1713945026909/warehouse/tstage/delta_0000001_0000001_0000/bucket_00000_0]
2024-04-24T00:51:58,402  INFO [LocalJobRunner Map Task Executor #0] exec.FileSinkOperator: RECORDS_OUT_1_default.tstage:3, RECORDS_OUT_OPERATOR_FS_4:3, TOTAL_TABLE_ROWS_WRITTEN:3, RECORDS_OUT_INTERMEDIATE:0, 
2024-04-24T00:51:58,402  INFO [LocalJobRunner Map Task Executor #0] mapred.LocalJobRunner: 
2024-04-24T00:51:58,404  INFO [LocalJobRunner Map Task Executor #0] mapred.Task: Task:attempt_local1178238112_0034_m_000000_0 is done. And is in the process of committing
2024-04-24T00:51:58,405  INFO [LocalJobRunner Map Task Executor #0] mapred.LocalJobRunner: map
2024-04-24T00:51:58,405  INFO [LocalJobRunner Map Task Executor #0] mapred.Task: Task 'attempt_local1178238112_0034_m_000000_0' done.
2024-04-24T00:51:58,405  INFO [LocalJobRunner Map Task Executor #0] mapred.Task: Final Counters for attempt_local1178238112_0034_m_000000_0: Counters: 27
	File System Counters
		FILE: Number of bytes read=581632
		FILE: Number of bytes written=39713549
		FILE: Number of read operations=0
		FILE: Number of large read operations=0
		FILE: Number of write operations=0
	Map-Reduce Framework
		Map input records=4
		Map output records=0
		Input split bytes=361
		Spilled Records=0
		Failed Shuffles=0
		Merged Map outputs=0
		GC time elapsed (ms)=0
		Total committed heap usage (bytes)=1190133760
	HIVE
		CREATED_FILES=1
		DESERIALIZE_ERRORS=0
		RECORDS_IN=3
		RECORDS_OUT_1_default.tstage=3
		RECORDS_OUT_INTERMEDIATE=0
		RECORDS_OUT_OPERATOR_FS_4=3
		RECORDS_OUT_OPERATOR_MAP_0=0
		RECORDS_OUT_OPERATOR_SEL_1=1
		RECORDS_OUT_OPERATOR_SEL_3=3
		RECORDS_OUT_OPERATOR_TS_0=1
		RECORDS_OUT_OPERATOR_UDTF_2=3
		TOTAL_TABLE_ROWS_WRITTEN=3
	File Input Format Counters 
		Bytes Read=5776
	File Output Format Counters 
		Bytes Written=0
2024-04-24T00:51:58,405  INFO [LocalJobRunner Map Task Executor #0] mapred.LocalJobRunner: Finishing task: attempt_local1178238112_0034_m_000000_0
2024-04-24T00:51:58,405  INFO [Thread-2472] mapred.LocalJobRunner: map task executor complete.
2024-04-24 00:51:59,361 Stage-1 map = 100%,  reduce = 0%
2024-04-24T00:51:59,361  INFO [main] exec.Task: 2024-04-24 00:51:59,361 Stage-1 map = 100%,  reduce = 0%
Ended Job = job_local1178238112_0034
2024-04-24T00:51:59,361  INFO [main] exec.Task: Ended Job = job_local1178238112_0034
2024-04-24T00:51:59,362  INFO [main] FileOperations: Found manifest file file:/home/alex/Repositories/hive/ql/target/tmp/org.apache.hadoop.hive.ql.TestTxnExIm-1713945026909/warehouse/tstage/_tmp.delta_0000001_0000001_0000/000000_0.manifest with attemptId 0.
2024-04-24T00:51:59,362  INFO [main] FileOperations: Looking at manifest file: file:/home/alex/Repositories/hive/ql/target/tmp/org.apache.hadoop.hive.ql.TestTxnExIm-1713945026909/warehouse/tstage/_tmp.delta_0000001_0000001_0000/000000_0.manifest
2024-04-24T00:51:59,362  INFO [main] FileOperations: Deleting manifest directory file:/home/alex/Repositories/hive/ql/target/tmp/org.apache.hadoop.hive.ql.TestTxnExIm-1713945026909/warehouse/tstage/_tmp.delta_0000001_0000001_0000
2024-04-24T00:51:59,363  INFO [main] ql.Driver: Starting task [Stage-0:MOVE] in serial mode
Loading data to table default.tstage
2024-04-24T00:51:59,364  INFO [main] exec.Task: Loading data to table default.tstage from file:/home/alex/Repositories/hive/ql/target/tmp/org.apache.hadoop.hive.ql.TestTxnExIm-1713945026909/warehouse/tstage
2024-04-24T00:51:59,364  INFO [main] HiveMetaStore.audit: ugi=alex	ip=unknown-ip-addr	cmd=get_table : tbl=hive.default.tstage	
2024-04-24T00:51:59,371  INFO [main] metastore.HMSHandler: Skipping translation for processor with null
2024-04-24T00:51:59,371  INFO [main] HiveMetaStore.audit: ugi=alex	ip=unknown-ip-addr	cmd=get_table : tbl=hive.default.tstage	
2024-04-24T00:51:59,379  INFO [main] metastore.HMSHandler: Skipping translation for processor with null
2024-04-24T00:51:59,380  INFO [main] HiveMetaStore.audit: ugi=alex	ip=unknown-ip-addr	cmd=alter_table: hive.default.tstage newtbl=tstage	
2024-04-24T00:51:59,413  INFO [main] ql.Driver: Starting task [Stage-2:STATS] in serial mode
2024-04-24T00:51:59,413  INFO [main] HiveMetaStore.audit: ugi=alex	ip=unknown-ip-addr	cmd=get_table : tbl=hive.default.tstage	
2024-04-24T00:51:59,421  INFO [main] metastore.HMSHandler: Skipping translation for processor with null
2024-04-24T00:51:59,421  INFO [main] stats.BasicStatsTask: Executing stats task
2024-04-24T00:51:59,421  INFO [main] fs.FSStatsPublisher: created : file:/home/alex/Repositories/hive/ql/target/tmp/localscratchdir/cfe73dea-7ee9-488d-9c97-891c7dc18530/hive_2024-04-24_00-51-57_882_6339953095489347262-1/-mr-10000
2024-04-24T00:51:59,422  INFO [main] HiveMetaStore.audit: ugi=alex	ip=unknown-ip-addr	cmd=get_table : tbl=hive.default.tstage	
2024-04-24T00:51:59,429  INFO [main] metastore.HMSHandler: Skipping translation for processor with null
2024-04-24T00:51:59,439  WARN [main] FileOperations: Computing stats for an ACID table; stats may be inaccurate
2024-04-24T00:51:59,439  INFO [main] FileOperations: Read stats for default.tstage/, numRows, true, 3, false: 
2024-04-24T00:51:59,439  INFO [main] FileOperations: Read stats for default.tstage/, rawDataSize, true, 0, false: 
2024-04-24T00:51:59,440  INFO [main] HiveMetaStore.audit: ugi=alex	ip=unknown-ip-addr	cmd=alter_table: hive.default.tstage newtbl=tstage	
2024-04-24T00:51:59,463  INFO [main] FileOperations: Read stats for default.tstage/, insertCount, true, 3, false: 
2024-04-24T00:51:59,463  INFO [main] FileOperations: Read stats for default.tstage/, updateCount, true, 0, false: 
2024-04-24T00:51:59,463  INFO [main] FileOperations: Read stats for default.tstage/, deleteCount, true, 0, false: 
2024-04-24T00:51:59,466  INFO [main] stats.BasicStatsTask: Table default.tstage stats: [numFiles=1, numRows=3, totalSize=686, rawDataSize=0, numFilesErasureCoded=0]
2024-04-24T00:51:59,466  INFO [main] metadata.Hive: Dumping metastore api call timing information for : execution phase
2024-04-24T00:51:59,466  INFO [main] metadata.Hive: Total time spent in each metastore function (ms): {updateTransactionalStatistics_(UpdateTransactionalStatsRequest)=1, isCompatibleWith_(Configuration)=0, alter_table_(String, String, String, Table, EnvironmentContext, String)=56, getTable_(GetTableRequest)=32}
MapReduce Jobs Launched: 
2024-04-24T00:51:59,466  INFO [main] ql.Driver: MapReduce Jobs Launched: 
Stage-Stage-1:  HDFS Read: 0 HDFS Write: 0 SUCCESS
2024-04-24T00:51:59,467  INFO [main] ql.Driver: Stage-Stage-1:  HDFS Read: 0 HDFS Write: 0 SUCCESS
Total MapReduce CPU Time Spent: 0 msec
2024-04-24T00:51:59,467  INFO [main] ql.Driver: Total MapReduce CPU Time Spent: 0 msec
2024-04-24T00:51:59,467  INFO [main] ql.Driver: Completed executing command(queryId=alex_20240424005157_6992fe06-dc2c-4388-8747-184f87f4a5d5); Time taken: 1.401 seconds
2024-04-24T00:51:59,467  INFO [main] lockmgr.DbTxnManager: Stopped heartbeat for query: alex_20240424005157_6992fe06-dc2c-4388-8747-184f87f4a5d5
2024-04-24T00:51:59,476  INFO [main] txn.TxnHandler: Removed transactions: ([17]) from MIN_HISTORY_LEVEL
2024-04-24T00:51:59,476  WARN [main] txn.CompactionTxnHandler: No compaction queue record found for Compaction type transaction commit. txnId:17
2024-04-24T00:51:59,477  INFO [main] ql.TxnCommandsBaseForTests: Running the query: export table Tstage to '/home/alex/Repositories/hive/ql/target/tmp/org.apache.hadoop.hive.ql.TestTxnExIm-1713945026909/warehouse/1'
2024-04-24T00:51:59,477  INFO [main] ql.Context: Deleting scratch dir: file:/home/alex/Repositories/hive/ql/target/tmp/localscratchdir/cfe73dea-7ee9-488d-9c97-891c7dc18530/hive_2024-04-24_00-51-57_882_6339953095489347262-1
2024-04-24T00:51:59,477  INFO [main] cleanup.SyncCleanupService: Deleted directory: file:/home/alex/Repositories/hive/ql/target/tmp/localscratchdir/cfe73dea-7ee9-488d-9c97-891c7dc18530/hive_2024-04-24_00-51-57_882_6339953095489347262-1 on fs with scheme file
2024-04-24T00:51:59,478  INFO [main] ql.Driver: Compiling command(queryId=alex_20240424005159_23e456c3-c295-42d4-a43e-32bab343e890): export table Tstage to '/home/alex/Repositories/hive/ql/target/tmp/org.apache.hadoop.hive.ql.TestTxnExIm-1713945026909/warehouse/1'
2024-04-24T00:51:59,478  INFO [main] HiveMetaStore.audit: ugi=alex	ip=unknown-ip-addr	cmd=get_table : tbl=hive.default.Tstage	
2024-04-24T00:51:59,485  INFO [main] metastore.HMSHandler: Skipping translation for processor with null
2024-04-24T00:51:59,488  INFO [main] txn.TxnHandler: Added entries to MIN_HISTORY_LEVEL for current txns: ([18]) with min_open_txn: 18
2024-04-24T00:51:59,489  INFO [main] lockmgr.DbTxnManager: Opened txnid:18
2024-04-24T00:51:59,489  INFO [main] parse.AcidExportSemanticAnalyzer: Starting caching scope for: 
2024-04-24T00:51:59,489  INFO [main] HiveMetaStore.audit: ugi=alex	ip=unknown-ip-addr	cmd=get_table : tbl=hive.default.Tstage	
2024-04-24T00:51:59,497  INFO [main] metastore.HMSHandler: Skipping translation for processor with null
2024-04-24T00:51:59,497  INFO [main] HiveMetaStore.audit: ugi=alex	ip=unknown-ip-addr	cmd=get_database: default	
2024-04-24T00:51:59,499  INFO [main] HiveMetaStore.audit: ugi=alex	ip=unknown-ip-addr	cmd=get_table : tbl=hive.default.tstage	
2024-04-24T00:51:59,506  INFO [main] metastore.HMSHandler: Skipping translation for processor with null
2024-04-24T00:51:59,507  INFO [main] utils.FileUtils: Creating directory if it doesn't exist: file:/home/alex/Repositories/hive/ql/target/tmp/scratchdir/alex/cfe73dea-7ee9-488d-9c97-891c7dc18530/_tmp_space.db/ae2d7821-5b16-4cf6-a00d-40c31e294204
2024-04-24T00:51:59,510  INFO [main] HiveMetaStore.audit: ugi=alex	ip=unknown-ip-addr	cmd=get_table : tbl=hive.default.Tstage	
2024-04-24T00:51:59,518  INFO [main] metastore.HMSHandler: Skipping translation for processor with null
2024-04-24T00:51:59,518  INFO [main] parse.RewriteSemanticAnalyzer: Going to reparse <export table Tstage to '/home/alex/Repositories/hive/ql/target/tmp/org.apache.hadoop.hive.ql.TestTxnExIm-1713945026909/warehouse/1'> as 
<insert into default.tstage_342e0b7c_0b37_4691_9217_1c95d8f0e217 select * from `default`.`Tstage`>
2024-04-24T00:51:59,518  INFO [main] parse.AcidExportSemanticAnalyzer: Starting Semantic Analysis
2024-04-24T00:51:59,521  INFO [main] parse.AcidExportSemanticAnalyzer: Completed phase 1 of Semantic Analysis
2024-04-24T00:51:59,521  INFO [main] parse.AcidExportSemanticAnalyzer: Get metadata for source tables
2024-04-24T00:51:59,522  INFO [main] HiveMetaStore.audit: ugi=alex	ip=unknown-ip-addr	cmd=get_table : tbl=hive.default.tstage	
2024-04-24T00:51:59,531  INFO [main] metastore.HMSHandler: Skipping translation for processor with null
2024-04-24T00:51:59,531  INFO [main] parse.AcidExportSemanticAnalyzer: Get metadata for subqueries
2024-04-24T00:51:59,531  INFO [main] parse.AcidExportSemanticAnalyzer: Get metadata for destination tables
2024-04-24T00:51:59,531  INFO [main] parse.AcidExportSemanticAnalyzer: Completed getting MetaData in Semantic Analysis
2024-04-24T00:51:59,531  INFO [main] parse.AcidExportSemanticAnalyzer: Disabling LLAP IO encode as ETL query is detected
2024-04-24T00:51:59,545  INFO [main] HiveMetaStore.audit: ugi=alex	ip=unknown-ip-addr	cmd=get_all_table_constraints : tbl=hive.default.tstage	
2024-04-24T00:51:59,555  INFO [main] calcite.RelOptHiveTable: Calculating column statistics for default.tstage, projIndxSet: [0, 1], allowMissingStats: true
2024-04-24T00:51:59,555  INFO [main] HiveMetaStore.audit: ugi=alex	ip=unknown-ip-addr	cmd=get_table : tbl=hive.default.tstage	
2024-04-24T00:51:59,566  INFO [main] metastore.HMSHandler: Skipping translation for processor with null
2024-04-24T00:51:59,567  INFO [main] HiveMetaStore.audit: ugi=alex	ip=unknown-ip-addr	cmd=get_table : tbl=hive.default.tstage	
2024-04-24T00:51:59,576  INFO [main] metastore.HMSHandler: Skipping translation for processor with null
2024-04-24T00:51:59,576  INFO [main] HiveMetaStore.audit: ugi=alex	ip=unknown-ip-addr	cmd=get_table_statistics_req: table=hive.default.tstage	
2024-04-24T00:51:59,587  WARN [main] calcite.RelOptHiveTable: No Stats for default@tstage, Columns: b, a
No Stats for default@tstage, Columns: b, a
2024-04-24T00:51:59,587  INFO [main] SessionState: No Stats for default@tstage, Columns: b, a
2024-04-24T00:51:59,634  INFO [main] parse.AcidExportSemanticAnalyzer: Get metadata for source tables
2024-04-24T00:51:59,635  INFO [main] parse.AcidExportSemanticAnalyzer: Get metadata for subqueries
2024-04-24T00:51:59,635  INFO [main] parse.AcidExportSemanticAnalyzer: Get metadata for destination tables
2024-04-24T00:51:59,636  INFO [main] common.FileUtils: Creating directory if it doesn't exist: file:/home/alex/Repositories/hive/ql/target/tmp/scratchdir/alex/cfe73dea-7ee9-488d-9c97-891c7dc18530/_tmp_space.db/ae2d7821-5b16-4cf6-a00d-40c31e294204/.hive-staging_hive_2024-04-24_00-51-59_518_3710070423713143815-1
2024-04-24T00:51:59,639  INFO [main] HiveMetaStore.audit: ugi=alex	ip=unknown-ip-addr	cmd=get_not_null_constraints : tbl=hive.default.tstage_342e0b7c_0b37_4691_9217_1c95d8f0e217	
2024-04-24T00:51:59,640  INFO [main] HiveMetaStore.audit: ugi=alex	ip=unknown-ip-addr	cmd=get_check_constraints : tbl=hive.default.tstage_342e0b7c_0b37_4691_9217_1c95d8f0e217	
2024-04-24T00:51:59,644  INFO [main] parse.AcidExportSemanticAnalyzer: CBO Succeeded; optimized logical plan.
2024-04-24T00:51:59,647  INFO [main] optimizer.BucketVersionPopulator: not considering bucketingVersion for: TS[0] because it has -1<2 buckets 
2024-04-24T00:51:59,648  INFO [main] optimizer.SortedDynPartitionOptimizer: Sorted dynamic partitioning optimization kicked in..
2024-04-24T00:51:59,657  INFO [main] optimizer.GenMRFileSink1: using CombineHiveInputformat for the merge job
2024-04-24T00:51:59,659  INFO [main] physical.Vectorizer: Examining input format to see if vectorization is enabled.
2024-04-24T00:51:59,659  INFO [main] physical.Vectorizer: Vectorization is enabled for input format(s) [org.apache.hadoop.hive.ql.io.orc.OrcInputFormat]
2024-04-24T00:51:59,659  INFO [main] physical.Vectorizer: Validating and vectorizing MapWork... (vectorizedVertexNum 0)
2024-04-24T00:51:59,661  INFO [main] physical.Vectorizer: Map vectorization enabled: true
2024-04-24T00:51:59,661  INFO [main] physical.Vectorizer: Map vectorized: true
2024-04-24T00:51:59,661  INFO [main] physical.Vectorizer: Map vectorizedVertexNum: 0
2024-04-24T00:51:59,661  INFO [main] physical.Vectorizer: Map enabledConditionsMet: [hive.vectorized.use.vectorized.input.format IS true]
2024-04-24T00:51:59,661  INFO [main] physical.Vectorizer: Map inputFileFormatClassNameSet: [org.apache.hadoop.hive.ql.io.orc.OrcInputFormat]
2024-04-24T00:51:59,662  INFO [main] parse.AcidExportSemanticAnalyzer: Completed plan generation
2024-04-24T00:51:59,664  INFO [main] HiveMetaStore.audit: ugi=alex	ip=unknown-ip-addr	cmd=get_table : tbl=hive.default.Tstage	
2024-04-24T00:51:59,672  INFO [main] metastore.HMSHandler: Skipping translation for processor with null
2024-04-24T00:51:59,672  INFO [main] parse.EximUtil: Path before norm :/home/alex/Repositories/hive/ql/target/tmp/org.apache.hadoop.hive.ql.TestTxnExIm-1713945026909/warehouse/1
2024-04-24T00:51:59,672  INFO [main] parse.EximUtil: Scheme:file, authority:null, path:/home/alex/Repositories/hive/ql/target/tmp/org.apache.hadoop.hive.ql.TestTxnExIm-1713945026909/warehouse/1
2024-04-24T00:51:59,672  INFO [main] parse.EximUtil: Path before norm :/home/alex/Repositories/hive/ql/target/tmp/org.apache.hadoop.hive.ql.TestTxnExIm-1713945026909/warehouse/1
2024-04-24T00:51:59,672  INFO [main] parse.EximUtil: Scheme:file, authority:null, path:/home/alex/Repositories/hive/ql/target/tmp/org.apache.hadoop.hive.ql.TestTxnExIm-1713945026909/warehouse/1
2024-04-24T00:51:59,673  INFO [main] parse.AcidExportSemanticAnalyzer: Ending caching scope for: 
2024-04-24T00:51:59,673  INFO [main] ql.Driver: Semantic Analysis Completed (retrial = false)
2024-04-24T00:51:59,673  INFO [main] ql.Driver: Created Hive schema: Schema(fieldSchemas:[FieldSchema(name:tstage.a, type:int, comment:null), FieldSchema(name:tstage.b, type:int, comment:null)], properties:null)
2024-04-24T00:51:59,673  INFO [main] metadata.Hive: Dumping metastore api call timing information for : compilation phase
2024-04-24T00:51:59,673  INFO [main] metadata.Hive: Total time spent in each metastore function (ms): {isCompatibleWith_(Configuration)=0, getValidTxns_(long)=0, getCurrentNotificationEventId_()=2, getDatabase_(String)=2, getAllTableConstraints_(AllTableConstraintsRequest)=6, flushCache_()=0, openTxn_(String, TxnType)=4, getTableColumnStatistics_(String, String, List, String)=32, createTable_(Table)=2, getCheckConstraints_(CheckConstraintsRequest)=1, commitTxn_(CommitTxnRequest)=9, getValidWriteIds_(List, String)=3, getTable_(GetTableRequest)=48, getNotNullConstraints_(NotNullConstraintsRequest)=1}
2024-04-24T00:51:59,673  INFO [main] ql.Driver: Completed compiling command(queryId=alex_20240424005159_23e456c3-c295-42d4-a43e-32bab343e890); Time taken: 0.195 seconds
2024-04-24T00:51:59,673  INFO [main] lockmgr.DbTxnManager: Setting lock request transaction to txnid:18 for queryId=alex_20240424005159_23e456c3-c295-42d4-a43e-32bab343e890
2024-04-24T00:51:59,674  INFO [main] lockmgr.DbLockManager: Requesting lock for queryId=alex_20240424005159_23e456c3-c295-42d4-a43e-32bab343e890
2024-04-24T00:51:59,688  INFO [main] lockmgr.DbLockManager: Response to queryId=alex_20240424005159_23e456c3-c295-42d4-a43e-32bab343e890 LockResponse(lockid:12, state:ACQUIRED)
2024-04-24T00:51:59,688  INFO [main] ql.Driver: Operation QUERY obtained 1 locks
2024-04-24T00:51:59,689  INFO [main] ql.Driver: Executing command(queryId=alex_20240424005159_23e456c3-c295-42d4-a43e-32bab343e890): export table Tstage to '/home/alex/Repositories/hive/ql/target/tmp/org.apache.hadoop.hive.ql.TestTxnExIm-1713945026909/warehouse/1'
2024-04-24T00:51:59,690  WARN [main] ql.Driver: Hive-on-MR is deprecated in Hive 2 and may not be available in the future versions. Consider using a different execution engine (i.e. spark, tez) or using Hive 1.X releases.
Query ID = alex_20240424005159_23e456c3-c295-42d4-a43e-32bab343e890
2024-04-24T00:51:59,690  INFO [main] ql.Driver: Query ID = alex_20240424005159_23e456c3-c295-42d4-a43e-32bab343e890
Total jobs = 1
2024-04-24T00:51:59,690  INFO [main] ql.Driver: Total jobs = 1
Launching Job 1 out of 1
2024-04-24T00:51:59,690  INFO [main] ql.Driver: Launching Job 1 out of 1
2024-04-24T00:51:59,848  INFO [main] ql.Driver: Starting task [Stage-2:MAPRED] in serial mode
Number of reduce tasks is set to 0 since there's no reduce operator
2024-04-24T00:51:59,849  INFO [main] exec.Task: Number of reduce tasks is set to 0 since there's no reduce operator
2024-04-24T00:51:59,853  INFO [Heartbeater-1] lockmgr.DbTxnManager: Sending heartbeat for txnid:18 and lockid:0 queryId=null txnid:0
2024-04-24T00:51:59,853  INFO [main] mr.ExecDriver: Using org.apache.hadoop.hive.ql.io.HiveInputFormat
2024-04-24T00:51:59,853  INFO [main] exec.Utilities: Processing alias tstage
2024-04-24T00:51:59,853  INFO [main] exec.Utilities: Adding 1 inputs; the first input is file:/home/alex/Repositories/hive/ql/target/tmp/org.apache.hadoop.hive.ql.TestTxnExIm-1713945026909/warehouse/tstage
2024-04-24T00:51:59,854  INFO [Heartbeater-1] metastore.HiveMetaStoreClient: HMS client filtering is enabled.
2024-04-24T00:51:59,855  INFO [Heartbeater-1] metastore.HMSHandler: 5: Opening raw store with implementation class:org.apache.hadoop.hive.metastore.ObjectStore
2024-04-24T00:51:59,855  INFO [Heartbeater-1] metastore.PersistenceManagerProvider: Configuration datanucleus.autoStartMechanismMode is not set. Defaulting to 'ignored'
2024-04-24T00:51:59,855  INFO [Heartbeater-1] metastore.ObjectStore: RawStore: org.apache.hadoop.hive.metastore.ObjectStore@7d771037, with PersistenceManager: null will be shutdown
2024-04-24T00:51:59,855  INFO [Heartbeater-1] metastore.ObjectStore: RawStore: org.apache.hadoop.hive.metastore.ObjectStore@7d771037, with PersistenceManager: org.datanucleus.api.jdo.JDOPersistenceManager@bf35cf8 created in the thread with id: 51
2024-04-24T00:51:59,864  INFO [main] exec.SerializationUtilities: Serializing MapWork using kryo
2024-04-24T00:51:59,866  INFO [main] exec.Utilities: Serialized plan (via FILE) - name: null size: 6,56KB
2024-04-24T00:51:59,867  WARN [main] impl.MetricsSystemImpl: JobTracker metrics system already initialized!
2024-04-24T00:51:59,871  INFO [main] fs.FSStatsPublisher: created : file:/home/alex/Repositories/hive/ql/target/tmp/localscratchdir/cfe73dea-7ee9-488d-9c97-891c7dc18530/hive_2024-04-24_00-51-59_518_3710070423713143815-1/-mr-10001
2024-04-24T00:51:59,876  WARN [main] impl.MetricsSystemImpl: JobTracker metrics system already initialized!
2024-04-24T00:51:59,878  INFO [Heartbeater-1] metastore.HMSHandler: Created RawStore: org.apache.hadoop.hive.metastore.ObjectStore@7d771037 from thread id: 51
2024-04-24T00:51:59,878  INFO [Heartbeater-1] metastore.HMSHandler: HMS server filtering is disabled by configuration
2024-04-24T00:51:59,878  INFO [Heartbeater-1] metastore.RetryingMetaStoreClient: RetryingMetaStoreClient proxy=class org.apache.hadoop.hive.ql.metadata.SessionHiveMetaStoreClient ugi=alex (auth:SIMPLE) retries=1 delay=1 lifetime=0
2024-04-24T00:51:59,885  WARN [main] mapreduce.JobResourceUploader: Hadoop command-line option parsing not performed. Implement the Tool interface and execute your application with ToolRunner to remedy this.
2024-04-24T00:51:59,889  WARN [main] mapreduce.JobResourceUploader: No job jar file set.  User classes may not be found. See Job or Job#setJar(String).
2024-04-24T00:51:59,890  INFO [main] io.HiveInputFormat: hive.io.file.readcolumn.ids = 0,1
2024-04-24T00:51:59,890  INFO [main] io.HiveInputFormat: hive.io.file.readcolumn.names = a,b
2024-04-24T00:51:59,890  INFO [main] io.HiveInputFormat: Generating splits for dirs: file:/home/alex/Repositories/hive/ql/target/tmp/org.apache.hadoop.hive.ql.TestTxnExIm-1713945026909/warehouse/tstage
2024-04-24T00:51:59,891  INFO [main] orc.OrcInputFormat: getSplits started
2024-04-24T00:51:59,891  INFO [main] orc.OrcInputFormat: Context:: isAcid: true isVectorMode: true sarg: null minSplitSize: 1 maxSplitSize: 256000000 splitStrategy: HYBRID footerInSplits: false numBuckets: 0 numThreads: 10 cacheMemSize: 268435456 cacheStripeDetails: true useSoftReference: false writeIdList: default.tstage:1:9223372036854775807:: isTransactionalTable: true txnProperties: default 
2024-04-24T00:51:59,891  INFO [main] orc.OrcInputFormat: ORC pushdown predicate: null
2024-04-24T00:51:59,902  INFO [main] orc.OrcInputFormat: FooterCacheHitRatio: 0/1
2024-04-24T00:51:59,902  INFO [main] orc.OrcInputFormat: getSplits finished (#splits: 1). duration: 11 ms
2024-04-24T00:51:59,902  INFO [main] io.HiveInputFormat: number of splits 1
2024-04-24T00:51:59,921  INFO [main] mapreduce.JobSubmitter: number of splits:1
2024-04-24T00:51:59,941  INFO [main] mapreduce.JobSubmitter: Submitting tokens for job: job_local1756011525_0035
2024-04-24T00:51:59,941  INFO [main] mapreduce.JobSubmitter: Executing with tokens: []
2024-04-24T00:52:00,009  INFO [main] mapreduce.Job: The url to track the job: http://localhost:8080/
Job running in-process (local Hadoop)
2024-04-24T00:52:00,009  INFO [main] exec.Task: Job running in-process (local Hadoop)
2024-04-24T00:52:00,010  INFO [Thread-2522] mapred.LocalJobRunner: OutputCommitter set in config org.apache.hadoop.hive.ql.io.HiveFileFormatUtils$NullOutputCommitter
2024-04-24T00:52:00,010  INFO [Thread-2522] mapred.LocalJobRunner: OutputCommitter is org.apache.hadoop.hive.ql.io.HiveFileFormatUtils$NullOutputCommitter
2024-04-24T00:52:00,011  INFO [Thread-2522] mapred.LocalJobRunner: Waiting for map tasks
2024-04-24T00:52:00,012  INFO [LocalJobRunner Map Task Executor #0] mapred.LocalJobRunner: Starting task: attempt_local1756011525_0035_m_000000_0
2024-04-24T00:52:00,012  INFO [LocalJobRunner Map Task Executor #0] mapred.Task:  Using ResourceCalculatorProcessTree : [ ]
2024-04-24T00:52:00,013  INFO [LocalJobRunner Map Task Executor #0] mapred.MapTask: Processing split: org.apache.hadoop.hive.ql.io.orc.OrcInputFormat:OrcSplit [file:/home/alex/Repositories/hive/ql/target/tmp/org.apache.hadoop.hive.ql.TestTxnExIm-1713945026909/warehouse/tstage/delta_0000001_0000001_0000/bucket_00000_0, start=3, length=311, isOriginal=false, fileLength=686, hasFooter=false, hasBase=true, deltas=0]
2024-04-24T00:52:00,013  INFO [LocalJobRunner Map Task Executor #0] exec.SerializationUtilities: Deserializing MapWork using kryo
2024-04-24T00:52:00,014  INFO [LocalJobRunner Map Task Executor #0] exec.Utilities: Deserialized plan (via FILE) - name: null size: 6,56KB
2024-04-24T00:52:00,014  INFO [LocalJobRunner Map Task Executor #0] orc.VectorizedOrcAcidRowBatchReader: Read ValidWriteIdList: default.tstage:1:9223372036854775807:::OrcSplit [file:/home/alex/Repositories/hive/ql/target/tmp/org.apache.hadoop.hive.ql.TestTxnExIm-1713945026909/warehouse/tstage/delta_0000001_0000001_0000/bucket_00000_0, start=3, length=311, isOriginal=false, fileLength=686, hasFooter=false, hasBase=true, deltas=0]
2024-04-24T00:52:00,015  INFO [LocalJobRunner Map Task Executor #0] orc.ReaderImpl: Reading ORC rows from file:/home/alex/Repositories/hive/ql/target/tmp/org.apache.hadoop.hive.ql.TestTxnExIm-1713945026909/warehouse/tstage/delta_0000001_0000001_0000/bucket_00000_0 with {include: [true, true, true], offset: 3, length: 311, schema: struct<a:int,b:int>, includeAcidColumns: false}
2024-04-24T00:52:00,016  INFO [LocalJobRunner Map Task Executor #0] mapred.MapTask: numReduceTasks: 0
2024-04-24T00:52:00,016  INFO [LocalJobRunner Map Task Executor #0] vector.VectorMapOperator: Initializing Operator: MAP[0]
2024-04-24T00:52:00,016  INFO [LocalJobRunner Map Task Executor #0] mr.ExecMapper: 
<MAP>Id =0
  <Children>null
  <\Children>
  <Parent><\Parent>
<\MAP>
2024-04-24T00:52:00,017  INFO [LocalJobRunner Map Task Executor #0] exec.TableScanOperator: Initializing Operator: TS[0]
2024-04-24T00:52:00,017  INFO [LocalJobRunner Map Task Executor #0] vector.VectorSelectOperator: Initializing Operator: SEL[4]
2024-04-24T00:52:00,017  INFO [LocalJobRunner Map Task Executor #0] vector.VectorFileSinkOperator: Initializing Operator: FS[5]
2024-04-24T00:52:00,018  INFO [LocalJobRunner Map Task Executor #0] exec.FileSinkOperator: Using serializer : AbstractSerDe [log=org.apache.logging.slf4j.Log4jLogger@752e4bcc, configuration=Optional[Configuration: core-default.xml, core-site.xml, mapred-default.xml, mapred-site.xml, yarn-default.xml, yarn-site.xml, hdfs-default.xml, hdfs-site.xml, file:/home/alex/Repositories/hive/ql/target/tmp/TestTxnExIm/mapred/local/localRunner/alex/job_local1756011525_0035/job_local1756011525_0035.xml], properties={name=default.tstage_342e0b7c_0b37_4691_9217_1c95d8f0e217, transactional=false, columns.types=int:int, numFilesErasureCoded=0, columns=a,b, columns.comments=&amp#0;, serialization.lib=org.apache.hadoop.hive.ql.io.orc.OrcSerde, file.inputformat=org.apache.hadoop.hive.ql.io.orc.OrcInputFormat, file.outputformat=org.apache.hadoop.hive.ql.io.orc.OrcOutputFormat, location=file:/home/alex/Repositories/hive/ql/target/tmp/scratchdir/alex/cfe73dea-7ee9-488d-9c97-891c7dc18530/_tmp_space.db/ae2d7821-5b16-4cf6-a00d-40c31e294204, column.name.delimiter=,}, tableProperties={name=default.tstage_342e0b7c_0b37_4691_9217_1c95d8f0e217, transactional=false, columns.types=int:int, numFilesErasureCoded=0, columns=a,b, columns.comments=&amp#0;, serialization.lib=org.apache.hadoop.hive.ql.io.orc.OrcSerde, file.inputformat=org.apache.hadoop.hive.ql.io.orc.OrcInputFormat, location=file:/home/alex/Repositories/hive/ql/target/tmp/scratchdir/alex/cfe73dea-7ee9-488d-9c97-891c7dc18530/_tmp_space.db/ae2d7821-5b16-4cf6-a00d-40c31e294204, file.outputformat=org.apache.hadoop.hive.ql.io.orc.OrcOutputFormat, column.name.delimiter=,}, partitionProperties=Optional.empty, columnNames=[a, b], columnTypes=[int, int], getClass()=class org.apache.hadoop.hive.ql.io.orc.OrcSerde] and formatter : org.apache.hadoop.hive.ql.io.orc.OrcOutputFormat@5af2ac4b
2024-04-24T00:52:00,019  INFO [LocalJobRunner Map Task Executor #0] exec.FileSinkOperator: Final Path: FS file:/home/alex/Repositories/hive/ql/target/tmp/scratchdir/alex/cfe73dea-7ee9-488d-9c97-891c7dc18530/_tmp_space.db/ae2d7821-5b16-4cf6-a00d-40c31e294204/.hive-staging_hive_2024-04-24_00-51-59_518_3710070423713143815-1/_tmp.-ext-10002/000000_0
2024-04-24T00:52:00,019  INFO [LocalJobRunner Map Task Executor #0] exec.FileSinkOperator: Writing to temp file: FS file:/home/alex/Repositories/hive/ql/target/tmp/scratchdir/alex/cfe73dea-7ee9-488d-9c97-891c7dc18530/_tmp_space.db/ae2d7821-5b16-4cf6-a00d-40c31e294204/.hive-staging_hive_2024-04-24_00-51-59_518_3710070423713143815-1/_task_tmp.-ext-10002/_tmp.000000_0
2024-04-24T00:52:00,019  INFO [LocalJobRunner Map Task Executor #0] exec.FileSinkOperator: New Final Path: FS file:/home/alex/Repositories/hive/ql/target/tmp/scratchdir/alex/cfe73dea-7ee9-488d-9c97-891c7dc18530/_tmp_space.db/ae2d7821-5b16-4cf6-a00d-40c31e294204/.hive-staging_hive_2024-04-24_00-51-59_518_3710070423713143815-1/_tmp.-ext-10002/000000_0
2024-04-24T00:52:00,019  INFO [LocalJobRunner Map Task Executor #0] exec.FileSinkOperator: FS[5]: records written - 1
2024-04-24T00:52:00,019  INFO [LocalJobRunner Map Task Executor #0] impl.PhysicalFsWriter: ORC writer created for path: file:/home/alex/Repositories/hive/ql/target/tmp/scratchdir/alex/cfe73dea-7ee9-488d-9c97-891c7dc18530/_tmp_space.db/ae2d7821-5b16-4cf6-a00d-40c31e294204/.hive-staging_hive_2024-04-24_00-51-59_518_3710070423713143815-1/_task_tmp.-ext-10002/_tmp.000000_0 with stripeSize: 67108864 blockSize: 268435456 compression: Compress: ZLIB buffer: 262144
2024-04-24T00:52:00,027  INFO [LocalJobRunner Map Task Executor #0] impl.WriterImpl: ORC writer created for path: file:/home/alex/Repositories/hive/ql/target/tmp/scratchdir/alex/cfe73dea-7ee9-488d-9c97-891c7dc18530/_tmp_space.db/ae2d7821-5b16-4cf6-a00d-40c31e294204/.hive-staging_hive_2024-04-24_00-51-59_518_3710070423713143815-1/_task_tmp.-ext-10002/_tmp.000000_0 with stripeSize: 67108864 options: Compress: ZLIB buffer: 262144
2024-04-24T00:52:00,027  INFO [LocalJobRunner Map Task Executor #0] vector.VectorMapOperator: Closing Operator: MAP[0]
2024-04-24T00:52:00,027  INFO [LocalJobRunner Map Task Executor #0] vector.VectorMapOperator: RECORDS_OUT_OPERATOR_MAP_0:0, DESERIALIZE_ERRORS:0, RECORDS_IN:3, RECORDS_OUT_INTERMEDIATE:0, 
2024-04-24T00:52:00,027  INFO [LocalJobRunner Map Task Executor #0] exec.TableScanOperator: Closing Operator: TS[0]
2024-04-24T00:52:00,027  INFO [LocalJobRunner Map Task Executor #0] exec.TableScanOperator: RECORDS_OUT_OPERATOR_TS_0:3, RECORDS_OUT_INTERMEDIATE:0, 
2024-04-24T00:52:00,027  INFO [LocalJobRunner Map Task Executor #0] vector.VectorSelectOperator: Closing Operator: SEL[4]
2024-04-24T00:52:00,027  INFO [LocalJobRunner Map Task Executor #0] vector.VectorSelectOperator: RECORDS_OUT_OPERATOR_SEL_4:3, RECORDS_OUT_INTERMEDIATE:0, 
2024-04-24T00:52:00,027  INFO [LocalJobRunner Map Task Executor #0] vector.VectorFileSinkOperator: Closing Operator: FS[5]
2024-04-24T00:52:00,027  INFO [LocalJobRunner Map Task Executor #0] exec.FileSinkOperator: FS[5]: records written - 3
2024-04-24T00:52:00,035  INFO [LocalJobRunner Map Task Executor #0] vector.VectorFileSinkOperator: RECORDS_OUT_1_default.tstage_342e0b7c_0b37_4691_9217_1c95d8f0e217:3, TOTAL_TABLE_ROWS_WRITTEN:3, RECORDS_OUT_OPERATOR_FS_5:3, RECORDS_OUT_INTERMEDIATE:0, 
2024-04-24T00:52:00,035  INFO [LocalJobRunner Map Task Executor #0] mapred.LocalJobRunner: 
2024-04-24T00:52:00,035  INFO [LocalJobRunner Map Task Executor #0] mapred.Task: Task:attempt_local1756011525_0035_m_000000_0 is done. And is in the process of committing
2024-04-24T00:52:00,036  INFO [LocalJobRunner Map Task Executor #0] mapred.LocalJobRunner: OrcSplit [file:/home/alex/Repositories/hive/ql/target/tmp/org.apache.hadoop.hive.ql.TestTxnExIm-1713945026909/warehouse/tstage/delta_0000001_0000001_0000/bucket_00000_0, start=3, length=311, isOriginal=false, fileLength=686, hasFooter=false, hasBase=true, deltas=0]
2024-04-24T00:52:00,036  INFO [LocalJobRunner Map Task Executor #0] mapred.Task: Task 'attempt_local1756011525_0035_m_000000_0' done.
2024-04-24T00:52:00,036  INFO [LocalJobRunner Map Task Executor #0] mapred.Task: Final Counters for attempt_local1756011525_0035_m_000000_0: Counters: 25
	File System Counters
		FILE: Number of bytes read=592654
		FILE: Number of bytes written=40878514
		FILE: Number of read operations=0
		FILE: Number of large read operations=0
		FILE: Number of write operations=0
	Map-Reduce Framework
		Map input records=1
		Map output records=0
		Input split bytes=485
		Spilled Records=0
		Failed Shuffles=0
		Merged Map outputs=0
		GC time elapsed (ms)=0
		Total committed heap usage (bytes)=1190133760
	HIVE
		CREATED_FILES=1
		DESERIALIZE_ERRORS=0
		RECORDS_IN=3
		RECORDS_OUT_1_default.tstage_342e0b7c_0b37_4691_9217_1c95d8f0e2=3
		RECORDS_OUT_INTERMEDIATE=0
		RECORDS_OUT_OPERATOR_FS_5=3
		RECORDS_OUT_OPERATOR_MAP_0=0
		RECORDS_OUT_OPERATOR_SEL_4=3
		RECORDS_OUT_OPERATOR_TS_0=3
		TOTAL_TABLE_ROWS_WRITTEN=3
	File Input Format Counters 
		Bytes Read=9450
	File Output Format Counters 
		Bytes Written=0
2024-04-24T00:52:00,036  INFO [LocalJobRunner Map Task Executor #0] mapred.LocalJobRunner: Finishing task: attempt_local1756011525_0035_m_000000_0
2024-04-24T00:52:00,036  INFO [Thread-2522] mapred.LocalJobRunner: map task executor complete.
2024-04-24 00:52:01,011 Stage-2 map = 100%,  reduce = 0%
2024-04-24T00:52:01,011  INFO [main] exec.Task: 2024-04-24 00:52:01,011 Stage-2 map = 100%,  reduce = 0%
Ended Job = job_local1756011525_0035
2024-04-24T00:52:01,012  INFO [main] exec.Task: Ended Job = job_local1756011525_0035
2024-04-24T00:52:01,014  INFO [main] ql.Driver: Starting task [Stage-8:CONDITIONAL] in serial mode
Stage-5 is selected by condition resolver.
2024-04-24T00:52:01,014  INFO [main] exec.Task: Stage-5 is selected by condition resolver.
Stage-4 is filtered out by condition resolver.
2024-04-24T00:52:01,014  INFO [main] exec.Task: Stage-4 is filtered out by condition resolver.
Stage-6 is filtered out by condition resolver.
2024-04-24T00:52:01,014  INFO [main] exec.Task: Stage-6 is filtered out by condition resolver.
2024-04-24T00:52:01,014  INFO [main] ql.Driver: Starting task [Stage-5:MOVE] in serial mode
Moving data to directory file:/home/alex/Repositories/hive/ql/target/tmp/scratchdir/alex/cfe73dea-7ee9-488d-9c97-891c7dc18530/_tmp_space.db/ae2d7821-5b16-4cf6-a00d-40c31e294204/.hive-staging_hive_2024-04-24_00-51-59_518_3710070423713143815-1/-ext-10000
2024-04-24T00:52:01,015  INFO [main] exec.Task: Moving data to directory file:/home/alex/Repositories/hive/ql/target/tmp/scratchdir/alex/cfe73dea-7ee9-488d-9c97-891c7dc18530/_tmp_space.db/ae2d7821-5b16-4cf6-a00d-40c31e294204/.hive-staging_hive_2024-04-24_00-51-59_518_3710070423713143815-1/-ext-10000 from file:/home/alex/Repositories/hive/ql/target/tmp/scratchdir/alex/cfe73dea-7ee9-488d-9c97-891c7dc18530/_tmp_space.db/ae2d7821-5b16-4cf6-a00d-40c31e294204/.hive-staging_hive_2024-04-24_00-51-59_518_3710070423713143815-1/-ext-10002
2024-04-24T00:52:01,015  INFO [main] ql.Driver: Starting task [Stage-1:MOVE] in serial mode
Loading data to table default.tstage_342e0b7c_0b37_4691_9217_1c95d8f0e217
2024-04-24T00:52:01,015  INFO [main] exec.Task: Loading data to table default.tstage_342e0b7c_0b37_4691_9217_1c95d8f0e217 from file:/home/alex/Repositories/hive/ql/target/tmp/scratchdir/alex/cfe73dea-7ee9-488d-9c97-891c7dc18530/_tmp_space.db/ae2d7821-5b16-4cf6-a00d-40c31e294204/.hive-staging_hive_2024-04-24_00-51-59_518_3710070423713143815-1/-ext-10000
2024-04-24T00:52:01,017  WARN [main] metadata.Hive: Cannot get a table snapshot for tstage_342e0b7c_0b37_4691_9217_1c95d8f0e217
2024-04-24T00:52:01,017  INFO [main] metadata.SessionHiveMetaStoreClient: Column stats doesn't exist for db=default temp table=tstage_342e0b7c_0b37_4691_9217_1c95d8f0e217
2024-04-24T00:52:01,018  INFO [main] ql.Driver: Starting task [Stage-10:DDL] in serial mode
2024-04-24T00:52:01,023  INFO [main] metadata.SessionHiveMetaStoreClient: Column stats doesn't exist for db=default temp table=tstage_342e0b7c_0b37_4691_9217_1c95d8f0e217
2024-04-24T00:52:01,023  INFO [main] ql.Driver: Starting task [Stage-9:REPL_DUMP] in serial mode
2024-04-24T00:52:01,023  INFO [main] parse.EximUtil: Path before norm :/home/alex/Repositories/hive/ql/target/tmp/org.apache.hadoop.hive.ql.TestTxnExIm-1713945026909/warehouse/1
2024-04-24T00:52:01,023  INFO [main] parse.EximUtil: Scheme:file, authority:null, path:/home/alex/Repositories/hive/ql/target/tmp/org.apache.hadoop.hive.ql.TestTxnExIm-1713945026909/warehouse/1
2024-04-24T00:52:01,023  INFO [main] parse.EximUtil: Path before norm :/home/alex/Repositories/hive/ql/target/tmp/org.apache.hadoop.hive.ql.TestTxnExIm-1713945026909/warehouse/1
2024-04-24T00:52:01,023  INFO [main] parse.EximUtil: Scheme:file, authority:null, path:/home/alex/Repositories/hive/ql/target/tmp/org.apache.hadoop.hive.ql.TestTxnExIm-1713945026909/warehouse/1
2024-04-24T00:52:01,023  INFO [main] plan.ExportWork: Swapping export of Tstage to default.tstage_342e0b7c_0b37_4691_9217_1c95d8f0e217 using partSpec=null
2024-04-24T00:52:01,034  WARN [main] shims.Utils: XAttr won't be preserved since it is not supported for file system: file:///
2024-04-24T00:52:01,039  INFO [main] ql.Driver: Starting task [Stage-11:DDL] in serial mode
2024-04-24T00:52:01,039  INFO [main] metadata.SessionHiveMetaStoreClient: Column stats doesn't exist for db=default temp table=tstage_342e0b7c_0b37_4691_9217_1c95d8f0e217
2024-04-24T00:52:01,040  INFO [main] metadata.Hive: Dumping metastore api call timing information for : execution phase
2024-04-24T00:52:01,040  INFO [main] metadata.Hive: Total time spent in each metastore function (ms): {getTable_(GetTableRequest)=1, isCompatibleWith_(Configuration)=1, getValidWriteIds_(List, String)=4, dropTable_(String, String, boolean, boolean, boolean)=1, alter_table_(String, String, String, Table, EnvironmentContext, String)=1}
MapReduce Jobs Launched: 
2024-04-24T00:52:01,040  INFO [main] ql.Driver: MapReduce Jobs Launched: 
Stage-Stage-2:  HDFS Read: 0 HDFS Write: 0 SUCCESS
2024-04-24T00:52:01,040  INFO [main] ql.Driver: Stage-Stage-2:  HDFS Read: 0 HDFS Write: 0 SUCCESS
Total MapReduce CPU Time Spent: 0 msec
2024-04-24T00:52:01,040  INFO [main] ql.Driver: Total MapReduce CPU Time Spent: 0 msec
2024-04-24T00:52:01,040  INFO [main] ql.Driver: Completed executing command(queryId=alex_20240424005159_23e456c3-c295-42d4-a43e-32bab343e890); Time taken: 1.351 seconds
2024-04-24T00:52:01,040  INFO [main] lockmgr.DbTxnManager: Stopped heartbeat for query: alex_20240424005159_23e456c3-c295-42d4-a43e-32bab343e890
2024-04-24T00:52:01,044  INFO [main] txn.TxnHandler: Expected to move at least one record from txn_components to completed_txn_components when committing txn! txnid:18
2024-04-24T00:52:01,049  INFO [main] txn.TxnHandler: Removed transactions: ([18]) from MIN_HISTORY_LEVEL
2024-04-24T00:52:01,051  WARN [main] txn.CompactionTxnHandler: No compaction queue record found for Compaction type transaction commit. txnId:18
2024-04-24T00:52:01,051  INFO [main] ql.TxnCommandsBaseForTests: Running the query: import table T from '/home/alex/Repositories/hive/ql/target/tmp/org.apache.hadoop.hive.ql.TestTxnExIm-1713945026909/warehouse/1'
2024-04-24T00:52:01,051  INFO [main] ql.Context: Deleting scratch dir: file:/home/alex/Repositories/hive/ql/target/tmp/localscratchdir/cfe73dea-7ee9-488d-9c97-891c7dc18530/hive_2024-04-24_00-51-59_518_3710070423713143815-1
2024-04-24T00:52:01,052  INFO [main] cleanup.SyncCleanupService: Deleted directory: file:/home/alex/Repositories/hive/ql/target/tmp/localscratchdir/cfe73dea-7ee9-488d-9c97-891c7dc18530/hive_2024-04-24_00-51-59_518_3710070423713143815-1 on fs with scheme file
2024-04-24T00:52:01,052  INFO [main] ql.Context: Deleting scratch dir: file:/home/alex/Repositories/hive/ql/target/tmp/scratchdir/alex/cfe73dea-7ee9-488d-9c97-891c7dc18530/_tmp_space.db/ae2d7821-5b16-4cf6-a00d-40c31e294204/.hive-staging_hive_2024-04-24_00-51-59_518_3710070423713143815-1
2024-04-24T00:52:01,052  INFO [main] ql.Context: Deleting scratch dir: file:/home/alex/Repositories/hive/ql/target/tmp/localscratchdir/cfe73dea-7ee9-488d-9c97-891c7dc18530/hive_2024-04-24_00-51-59_477_2922956164941188695-1
2024-04-24T00:52:01,052  INFO [main] cleanup.SyncCleanupService: Deleted directory: file:/home/alex/Repositories/hive/ql/target/tmp/localscratchdir/cfe73dea-7ee9-488d-9c97-891c7dc18530/hive_2024-04-24_00-51-59_477_2922956164941188695-1 on fs with scheme file
2024-04-24T00:52:01,052  INFO [main] ql.Driver: Compiling command(queryId=alex_20240424005201_5a4bf0e5-ff45-480d-ba74-e61013204a8c): import table T from '/home/alex/Repositories/hive/ql/target/tmp/org.apache.hadoop.hive.ql.TestTxnExIm-1713945026909/warehouse/1'
2024-04-24T00:52:01,054  INFO [main] txn.TxnHandler: Added entries to MIN_HISTORY_LEVEL for current txns: ([19]) with min_open_txn: 19
2024-04-24T00:52:01,055  INFO [main] lockmgr.DbTxnManager: Opened txnid:19
2024-04-24T00:52:01,055  INFO [main] parse.EximUtil: Path before norm :/home/alex/Repositories/hive/ql/target/tmp/org.apache.hadoop.hive.ql.TestTxnExIm-1713945026909/warehouse/1
2024-04-24T00:52:01,055  INFO [main] parse.EximUtil: Scheme:file, authority:null, path:/home/alex/Repositories/hive/ql/target/tmp/org.apache.hadoop.hive.ql.TestTxnExIm-1713945026909/warehouse/1
2024-04-24T00:52:01,056  INFO [main] parse.EximUtil: Path before norm :/home/alex/Repositories/hive/ql/target/tmp/org.apache.hadoop.hive.ql.TestTxnExIm-1713945026909/warehouse/1
2024-04-24T00:52:01,056  INFO [main] parse.EximUtil: Scheme:file, authority:null, path:/home/alex/Repositories/hive/ql/target/tmp/org.apache.hadoop.hive.ql.TestTxnExIm-1713945026909/warehouse/1
2024-04-24T00:52:01,056  INFO [main] HiveMetaStore.audit: ugi=alex	ip=unknown-ip-addr	cmd=get_table : tbl=hive.default.T	
2024-04-24T00:52:01,063  INFO [main] metastore.HMSHandler: Skipping translation for processor with null
2024-04-24T00:52:01,067  INFO [main] txn.TxnHandler: Allocated writeId: 1 for txnId: 19
2024-04-24T00:52:01,067  INFO [main] txn.TxnHandler: Allocated write ids for dbName=default, tblName=t (txnIds: [19])
2024-04-24T00:52:01,068  INFO [main] ql.Driver: Semantic Analysis Completed (retrial = false)
2024-04-24T00:52:01,068  INFO [main] ql.Driver: Created Hive schema: Schema(fieldSchemas:null, properties:null)
2024-04-24T00:52:01,068  INFO [main] metadata.Hive: Dumping metastore api call timing information for : compilation phase
2024-04-24T00:52:01,068  INFO [main] metadata.Hive: Total time spent in each metastore function (ms): {allocateTableWriteId_(long, String, String)=4, flushCache_()=0, openTxn_(String, TxnType)=2, getTable_(GetTableRequest)=7, commitTxn_(CommitTxnRequest)=11, isCompatibleWith_(Configuration)=0, getValidTxns_(long)=0}
2024-04-24T00:52:01,068  INFO [main] ql.Driver: Completed compiling command(queryId=alex_20240424005201_5a4bf0e5-ff45-480d-ba74-e61013204a8c); Time taken: 0.016 seconds
2024-04-24T00:52:01,068  INFO [main] lockmgr.DbTxnManager: Setting lock request transaction to txnid:19 for queryId=alex_20240424005201_5a4bf0e5-ff45-480d-ba74-e61013204a8c
2024-04-24T00:52:01,069  INFO [main] ql.Driver: Operation IMPORT obtained 0 locks
2024-04-24T00:52:01,069  INFO [main] ql.Driver: Executing command(queryId=alex_20240424005201_5a4bf0e5-ff45-480d-ba74-e61013204a8c): import table T from '/home/alex/Repositories/hive/ql/target/tmp/org.apache.hadoop.hive.ql.TestTxnExIm-1713945026909/warehouse/1'
2024-04-24T00:52:01,069  INFO [main] ql.Driver: Starting task [Stage-0:COPY] in serial mode
Copying data from file:/home/alex/Repositories/hive/ql/target/tmp/org.apache.hadoop.hive.ql.TestTxnExIm-1713945026909/warehouse/1/data
2024-04-24T00:52:01,069  INFO [main] exec.Task: Copying data from file:/home/alex/Repositories/hive/ql/target/tmp/org.apache.hadoop.hive.ql.TestTxnExIm-1713945026909/warehouse/1/data to file:/home/alex/Repositories/hive/ql/target/tmp/org.apache.hadoop.hive.ql.TestTxnExIm-1713945026909/warehouse/t/delta_0000001_0000001_0000
2024-04-24T00:52:01,069  INFO [main] common.FileUtils: Creating directory if it doesn't exist: file:/home/alex/Repositories/hive/ql/target/tmp/org.apache.hadoop.hive.ql.TestTxnExIm-1713945026909/warehouse/t/delta_0000001_0000001_0000
Copying file: file:/home/alex/Repositories/hive/ql/target/tmp/org.apache.hadoop.hive.ql.TestTxnExIm-1713945026909/warehouse/1/data/000000_0
2024-04-24T00:52:01,072  INFO [main] exec.Task: Copying file: file:/home/alex/Repositories/hive/ql/target/tmp/org.apache.hadoop.hive.ql.TestTxnExIm-1713945026909/warehouse/1/data/000000_0
2024-04-24T00:52:01,072  WARN [main] shims.Utils: XAttr won't be preserved since it is not supported for file system: file:///
2024-04-24T00:52:01,076  INFO [main] ql.Driver: Starting task [Stage-1:MOVE] in serial mode
Loading data to table default.t
2024-04-24T00:52:01,076  INFO [main] exec.Task: Loading data to table default.t from file:/home/alex/Repositories/hive/ql/target/tmp/org.apache.hadoop.hive.ql.TestTxnExIm-1713945026909/warehouse/t
2024-04-24T00:52:01,077  INFO [main] HiveMetaStore.audit: ugi=alex	ip=unknown-ip-addr	cmd=get_table : tbl=hive.default.t	
2024-04-24T00:52:01,084  INFO [main] metastore.HMSHandler: Skipping translation for processor with null
2024-04-24T00:52:01,084  INFO [main] HiveMetaStore.audit: ugi=alex	ip=unknown-ip-addr	cmd=get_table : tbl=hive.default.t	
2024-04-24T00:52:01,090  INFO [main] metastore.HMSHandler: Skipping translation for processor with null
2024-04-24T00:52:01,091  INFO [main] HiveMetaStore.audit: ugi=alex	ip=unknown-ip-addr	cmd=alter_table: hive.default.t newtbl=t	
2024-04-24T00:52:01,105  INFO [main] utils.MetaStoreServerUtils: Updating table stats for t
2024-04-24T00:52:01,105  INFO [main] utils.MetaStoreServerUtils: Updated size of table t to 256
2024-04-24T00:52:01,116  INFO [main] metadata.Hive: Dumping metastore api call timing information for : execution phase
2024-04-24T00:52:01,117  INFO [main] metadata.Hive: Total time spent in each metastore function (ms): {isCompatibleWith_(Configuration)=0, alter_table_(String, String, String, Table, EnvironmentContext, String)=25, getTable_(GetTableRequest)=14}
2024-04-24T00:52:01,117  INFO [main] ql.Driver: Completed executing command(queryId=alex_20240424005201_5a4bf0e5-ff45-480d-ba74-e61013204a8c); Time taken: 0.047 seconds
2024-04-24T00:52:01,117  INFO [main] lockmgr.DbTxnManager: Stopped heartbeat for query: alex_20240424005201_5a4bf0e5-ff45-480d-ba74-e61013204a8c
2024-04-24T00:52:01,122  INFO [main] txn.TxnHandler: Expected to move at least one record from txn_components to completed_txn_components when committing txn! txnid:19
2024-04-24T00:52:01,126  INFO [main] txn.TxnHandler: Removed transactions: ([19]) from MIN_HISTORY_LEVEL
2024-04-24T00:52:01,126  WARN [main] txn.CompactionTxnHandler: No compaction queue record found for Compaction type transaction commit. txnId:19
2024-04-24T00:52:01,136  INFO [main] ql.TxnCommandsBaseForTests: Running the query: select ROW__ID, a, b from T order by ROW__ID
2024-04-24T00:52:01,136  INFO [main] ql.Driver: Compiling command(queryId=alex_20240424005201_37c64013-a821-49b8-9c43-cc216d1c9745): select ROW__ID, a, b from T order by ROW__ID
2024-04-24T00:52:01,138  INFO [main] txn.TxnHandler: Added entries to MIN_HISTORY_LEVEL for current txns: ([20]) with min_open_txn: 19
2024-04-24T00:52:01,139  INFO [main] lockmgr.DbTxnManager: Opened txnid:20
2024-04-24T00:52:01,139  INFO [main] parse.CalcitePlanner: Starting caching scope for: 
2024-04-24T00:52:01,139  INFO [main] parse.CalcitePlanner: Starting Semantic Analysis
2024-04-24T00:52:01,142  INFO [main] parse.CalcitePlanner: Completed phase 1 of Semantic Analysis
2024-04-24T00:52:01,142  INFO [main] parse.CalcitePlanner: Get metadata for source tables
2024-04-24T00:52:01,142  INFO [main] HiveMetaStore.audit: ugi=alex	ip=unknown-ip-addr	cmd=get_table : tbl=hive.default.t	
2024-04-24T00:52:01,148  INFO [main] metastore.ObjectStore: Removed COLUMN_STATS_ACCURATE from Table's parameters.
2024-04-24T00:52:01,151  INFO [main] metastore.HMSHandler: Skipping translation for processor with null
2024-04-24T00:52:01,151  INFO [main] parse.CalcitePlanner: Get metadata for subqueries
2024-04-24T00:52:01,151  INFO [main] parse.CalcitePlanner: Get metadata for destination tables
2024-04-24T00:52:01,151  INFO [main] parse.CalcitePlanner: Completed getting MetaData in Semantic Analysis
2024-04-24T00:52:01,165  INFO [main] HiveMetaStore.audit: ugi=alex	ip=unknown-ip-addr	cmd=get_all_table_constraints : tbl=hive.default.t	
2024-04-24T00:52:01,174  INFO [main] calcite.RelOptHiveTable: Calculating column statistics for default.t, projIndxSet: [0, 1], allowMissingStats: true
2024-04-24T00:52:01,175  INFO [main] HiveMetaStore.audit: ugi=alex	ip=unknown-ip-addr	cmd=get_table : tbl=hive.default.t	
2024-04-24T00:52:01,184  INFO [main] metastore.HMSHandler: Skipping translation for processor with null
2024-04-24T00:52:01,184  INFO [main] HiveMetaStore.audit: ugi=alex	ip=unknown-ip-addr	cmd=get_table : tbl=hive.default.t	
2024-04-24T00:52:01,193  INFO [main] metastore.HMSHandler: Skipping translation for processor with null
2024-04-24T00:52:01,193  INFO [main] HiveMetaStore.audit: ugi=alex	ip=unknown-ip-addr	cmd=get_table_statistics_req: table=hive.default.t	
2024-04-24T00:52:01,201  WARN [main] calcite.RelOptHiveTable: No Stats for default@t, Columns: a, b
No Stats for default@t, Columns: a, b
2024-04-24T00:52:01,201  INFO [main] SessionState: No Stats for default@t, Columns: a, b
2024-04-24T00:52:01,243  INFO [main] parse.CalcitePlanner: Get metadata for source tables
2024-04-24T00:52:01,243  INFO [main] parse.CalcitePlanner: Get metadata for subqueries
2024-04-24T00:52:01,243  INFO [main] parse.CalcitePlanner: Get metadata for destination tables
2024-04-24T00:52:01,244  INFO [main] common.FileUtils: Creating directory if it doesn't exist: file:/home/alex/Repositories/hive/ql/target/tmp/localscratchdir/cfe73dea-7ee9-488d-9c97-891c7dc18530/hive_2024-04-24_00-52-01_136_5547471375820898437-1/-mr-10001/.hive-staging_hive_2024-04-24_00-52-01_136_5547471375820898437-1
2024-04-24T00:52:01,252  INFO [main] parse.CalcitePlanner: CBO Succeeded; optimized logical plan.
2024-04-24T00:52:01,254  INFO [main] optimizer.ColumnPrunerProcFactory: RS 2 oldColExprMap: {VALUE._col1=Column[_col2], VALUE._col0=Column[_col1], KEY.reducesinkkey0=Column[_col0]}
2024-04-24T00:52:01,254  INFO [main] optimizer.ColumnPrunerProcFactory: RS 2 newColExprMap: {KEY.reducesinkkey0=Column[_col0], VALUE._col1=Column[_col2], VALUE._col0=Column[_col1]}
2024-04-24T00:52:01,255  INFO [main] optimizer.BucketVersionPopulator: not considering bucketingVersion for: TS[0] because it has -1<2 buckets 
2024-04-24T00:52:01,256  INFO [main] optimizer.SortedDynPartitionOptimizer: Sorted dynamic partitioning optimization kicked in..
2024-04-24T00:52:01,264  INFO [main] physical.Vectorizer: Examining input format to see if vectorization is enabled.
2024-04-24T00:52:01,264  INFO [main] physical.Vectorizer: Vectorization is enabled for input format(s) [org.apache.hadoop.hive.ql.io.orc.OrcInputFormat]
2024-04-24T00:52:01,264  INFO [main] physical.Vectorizer: Validating and vectorizing MapWork... (vectorizedVertexNum 0)
2024-04-24T00:52:01,265  INFO [main] physical.Vectorizer: Map vectorization enabled: true
2024-04-24T00:52:01,265  INFO [main] physical.Vectorizer: Map vectorized: true
2024-04-24T00:52:01,265  INFO [main] physical.Vectorizer: Map vectorizedVertexNum: 0
2024-04-24T00:52:01,266  INFO [main] physical.Vectorizer: Map enabledConditionsMet: [hive.vectorized.use.vectorized.input.format IS true]
2024-04-24T00:52:01,266  INFO [main] physical.Vectorizer: Map inputFileFormatClassNameSet: [org.apache.hadoop.hive.ql.io.orc.OrcInputFormat]
2024-04-24T00:52:01,266  INFO [main] physical.Vectorizer: Reduce vectorization enabled: false
2024-04-24T00:52:01,266  INFO [main] physical.Vectorizer: Reduce vectorized: false
2024-04-24T00:52:01,266  INFO [main] physical.Vectorizer: Reduce vectorizedVertexNum: 1
2024-04-24T00:52:01,266  INFO [main] physical.Vectorizer: Reducer hive.vectorized.execution.reduce.enabled: true
2024-04-24T00:52:01,266  INFO [main] physical.Vectorizer: Reducer engine: mr
2024-04-24T00:52:01,266  INFO [main] parse.CalcitePlanner: Completed plan generation
2024-04-24T00:52:01,266  INFO [main] parse.CalcitePlanner: Ending caching scope for: 
2024-04-24T00:52:01,266  INFO [main] ql.Driver: Semantic Analysis Completed (retrial = false)
2024-04-24T00:52:01,266  INFO [main] ql.Driver: Created Hive schema: Schema(fieldSchemas:[FieldSchema(name:row__id, type:struct<writeid:bigint,bucketid:int,rowid:bigint>, comment:null), FieldSchema(name:a, type:int, comment:null), FieldSchema(name:b, type:int, comment:null)], properties:null)
2024-04-24T00:52:01,267  INFO [main] exec.ListSinkOperator: Initializing Operator: LIST_SINK[7]
2024-04-24T00:52:01,267  INFO [main] metadata.Hive: Dumping metastore api call timing information for : compilation phase
2024-04-24T00:52:01,267  INFO [main] metadata.Hive: Total time spent in each metastore function (ms): {openTxn_(String, TxnType)=2, getAllTableConstraints_(AllTableConstraintsRequest)=5, getTableColumnStatistics_(String, String, List, String)=26, isCompatibleWith_(Configuration)=0, getTable_(GetTableRequest)=9, flushCache_()=0, commitTxn_(CommitTxnRequest)=18, getValidWriteIds_(List, String)=2, getValidTxns_(long)=0}
2024-04-24T00:52:01,267  INFO [main] ql.Driver: Completed compiling command(queryId=alex_20240424005201_37c64013-a821-49b8-9c43-cc216d1c9745); Time taken: 0.131 seconds
2024-04-24T00:52:01,268  INFO [main] lockmgr.DbTxnManager: Setting lock request transaction to txnid:20 for queryId=alex_20240424005201_37c64013-a821-49b8-9c43-cc216d1c9745
2024-04-24T00:52:01,268  INFO [main] lockmgr.DbLockManager: Requesting lock for queryId=alex_20240424005201_37c64013-a821-49b8-9c43-cc216d1c9745
2024-04-24T00:52:01,283  INFO [main] lockmgr.DbLockManager: Response to queryId=alex_20240424005201_37c64013-a821-49b8-9c43-cc216d1c9745 LockResponse(lockid:13, state:ACQUIRED)
2024-04-24T00:52:01,283  INFO [main] ql.Driver: Operation QUERY obtained 1 locks
2024-04-24T00:52:01,284  INFO [main] ql.Driver: Executing command(queryId=alex_20240424005201_37c64013-a821-49b8-9c43-cc216d1c9745): select ROW__ID, a, b from T order by ROW__ID
2024-04-24T00:52:01,284  WARN [main] ql.Driver: Hive-on-MR is deprecated in Hive 2 and may not be available in the future versions. Consider using a different execution engine (i.e. tez, spark) or using Hive 1.X releases.
Query ID = alex_20240424005201_37c64013-a821-49b8-9c43-cc216d1c9745
2024-04-24T00:52:01,284  INFO [main] ql.Driver: Query ID = alex_20240424005201_37c64013-a821-49b8-9c43-cc216d1c9745
Total jobs = 1
2024-04-24T00:52:01,284  INFO [main] ql.Driver: Total jobs = 1
Launching Job 1 out of 1
2024-04-24T00:52:01,284  INFO [main] ql.Driver: Launching Job 1 out of 1
2024-04-24T00:52:01,433  INFO [main] ql.Driver: Starting task [Stage-1:MAPRED] in serial mode
Number of reduce tasks determined at compile time: 1
2024-04-24T00:52:01,434  INFO [main] exec.Task: Number of reduce tasks determined at compile time: 1
In order to change the average load for a reducer (in bytes):
2024-04-24T00:52:01,434  INFO [main] exec.Task: In order to change the average load for a reducer (in bytes):
  set hive.exec.reducers.bytes.per.reducer=<number>
2024-04-24T00:52:01,434  INFO [main] exec.Task:   set hive.exec.reducers.bytes.per.reducer=<number>
In order to limit the maximum number of reducers:
2024-04-24T00:52:01,434  INFO [main] exec.Task: In order to limit the maximum number of reducers:
  set hive.exec.reducers.max=<number>
2024-04-24T00:52:01,434  INFO [main] exec.Task:   set hive.exec.reducers.max=<number>
In order to set a constant number of reducers:
2024-04-24T00:52:01,434  INFO [main] exec.Task: In order to set a constant number of reducers:
  set mapreduce.job.reduces=<number>
2024-04-24T00:52:01,434  INFO [main] exec.Task:   set mapreduce.job.reduces=<number>
2024-04-24T00:52:01,436  INFO [main] mr.ExecDriver: Using org.apache.hadoop.hive.ql.io.HiveInputFormat
2024-04-24T00:52:01,436  INFO [main] exec.Utilities: Processing alias t
2024-04-24T00:52:01,437  INFO [main] exec.Utilities: Adding 1 inputs; the first input is file:/home/alex/Repositories/hive/ql/target/tmp/org.apache.hadoop.hive.ql.TestTxnExIm-1713945026909/warehouse/t
2024-04-24T00:52:01,446  INFO [main] exec.SerializationUtilities: Serializing MapWork using kryo
2024-04-24T00:52:01,447  INFO [main] exec.Utilities: Serialized plan (via FILE) - name: null size: 5,99KB
2024-04-24T00:52:01,451  INFO [main] exec.SerializationUtilities: Serializing ReduceWork using kryo
2024-04-24T00:52:01,452  INFO [main] exec.Utilities: Serialized plan (via FILE) - name: null size: 7,16KB
2024-04-24T00:52:01,453  WARN [main] impl.MetricsSystemImpl: JobTracker metrics system already initialized!
2024-04-24T00:52:01,459  WARN [main] impl.MetricsSystemImpl: JobTracker metrics system already initialized!
2024-04-24T00:52:01,467  WARN [main] mapreduce.JobResourceUploader: Hadoop command-line option parsing not performed. Implement the Tool interface and execute your application with ToolRunner to remedy this.
2024-04-24T00:52:01,471  WARN [main] mapreduce.JobResourceUploader: No job jar file set.  User classes may not be found. See Job or Job#setJar(String).
2024-04-24T00:52:01,472  INFO [main] io.HiveInputFormat: hive.io.file.readcolumn.ids = 0,1
2024-04-24T00:52:01,472  INFO [main] io.HiveInputFormat: hive.io.file.readcolumn.names = a,b
2024-04-24T00:52:01,472  INFO [main] io.HiveInputFormat: Generating splits for dirs: file:/home/alex/Repositories/hive/ql/target/tmp/org.apache.hadoop.hive.ql.TestTxnExIm-1713945026909/warehouse/t
2024-04-24T00:52:01,473  INFO [main] orc.OrcInputFormat: getSplits started
2024-04-24T00:52:01,473  INFO [main] orc.OrcInputFormat: Context:: isAcid: true isVectorMode: true sarg: null minSplitSize: 1 maxSplitSize: 256000000 splitStrategy: HYBRID footerInSplits: false numBuckets: 0 numThreads: 10 cacheMemSize: 268435456 cacheStripeDetails: true useSoftReference: false writeIdList: default.t:1:9223372036854775807:: isTransactionalTable: true txnProperties: default 
2024-04-24T00:52:01,473  INFO [main] orc.OrcInputFormat: ORC pushdown predicate: null
2024-04-24T00:52:01,483  INFO [main] orc.OrcInputFormat: FooterCacheHitRatio: 0/1
2024-04-24T00:52:01,483  INFO [main] orc.OrcInputFormat: getSplits finished (#splits: 1). duration: 10 ms
2024-04-24T00:52:01,483  INFO [main] io.HiveInputFormat: number of splits 1
2024-04-24T00:52:01,501  INFO [main] mapreduce.JobSubmitter: number of splits:1
2024-04-24T00:52:01,521  INFO [main] mapreduce.JobSubmitter: Submitting tokens for job: job_local476705057_0036
2024-04-24T00:52:01,521  INFO [main] mapreduce.JobSubmitter: Executing with tokens: []
2024-04-24T00:52:01,605  INFO [main] mapreduce.Job: The url to track the job: http://localhost:8080/
Job running in-process (local Hadoop)
2024-04-24T00:52:01,605  INFO [main] exec.Task: Job running in-process (local Hadoop)
2024-04-24T00:52:01,605  INFO [Thread-2579] mapred.LocalJobRunner: OutputCommitter set in config org.apache.hadoop.hive.ql.io.HiveFileFormatUtils$NullOutputCommitter
2024-04-24T00:52:01,605  INFO [Thread-2579] mapred.LocalJobRunner: OutputCommitter is org.apache.hadoop.hive.ql.io.HiveFileFormatUtils$NullOutputCommitter
2024-04-24T00:52:01,607  INFO [Thread-2579] mapred.LocalJobRunner: Waiting for map tasks
2024-04-24T00:52:01,607  INFO [LocalJobRunner Map Task Executor #0] mapred.LocalJobRunner: Starting task: attempt_local476705057_0036_m_000000_0
2024-04-24T00:52:01,608  INFO [LocalJobRunner Map Task Executor #0] mapred.Task:  Using ResourceCalculatorProcessTree : [ ]
2024-04-24T00:52:01,608  INFO [LocalJobRunner Map Task Executor #0] mapred.MapTask: Processing split: org.apache.hadoop.hive.ql.io.orc.OrcInputFormat:OrcSplit [file:/home/alex/Repositories/hive/ql/target/tmp/org.apache.hadoop.hive.ql.TestTxnExIm-1713945026909/warehouse/t/delta_0000001_0000001_0000/000000_0, start=3, length=112, isOriginal=true, fileLength=256, hasFooter=false, hasBase=true, deltas=0]
2024-04-24T00:52:01,608  INFO [LocalJobRunner Map Task Executor #0] exec.SerializationUtilities: Deserializing MapWork using kryo
2024-04-24T00:52:01,609  INFO [LocalJobRunner Map Task Executor #0] exec.Utilities: Deserialized plan (via FILE) - name: null size: 5,99KB
2024-04-24T00:52:01,610  INFO [LocalJobRunner Map Task Executor #0] orc.VectorizedOrcAcidRowBatchReader: Read ValidWriteIdList: default.t:1:9223372036854775807:::OrcSplit [file:/home/alex/Repositories/hive/ql/target/tmp/org.apache.hadoop.hive.ql.TestTxnExIm-1713945026909/warehouse/t/delta_0000001_0000001_0000/000000_0, start=3, length=112, isOriginal=true, fileLength=256, hasFooter=false, hasBase=true, deltas=0]
2024-04-24T00:52:01,610  INFO [LocalJobRunner Map Task Executor #0] orc.ReaderImpl: Reading ORC rows from file:/home/alex/Repositories/hive/ql/target/tmp/org.apache.hadoop.hive.ql.TestTxnExIm-1713945026909/warehouse/t/delta_0000001_0000001_0000/000000_0 with {include: [true, true, true], offset: 3, length: 112, schema: struct<a:int,b:int>, includeAcidColumns: true}
2024-04-24T00:52:01,611  INFO [LocalJobRunner Map Task Executor #0] mapred.MapTask: numReduceTasks: 1
2024-04-24T00:52:01,615  INFO [LocalJobRunner Map Task Executor #0] mapred.MapTask: (EQUATOR) 0 kvi 26214396(104857584)
2024-04-24T00:52:01,615  INFO [LocalJobRunner Map Task Executor #0] mapred.MapTask: mapreduce.task.io.sort.mb: 100
2024-04-24T00:52:01,615  INFO [LocalJobRunner Map Task Executor #0] mapred.MapTask: soft limit at 83886080
2024-04-24T00:52:01,615  INFO [LocalJobRunner Map Task Executor #0] mapred.MapTask: bufstart = 0; bufvoid = 104857600
2024-04-24T00:52:01,615  INFO [LocalJobRunner Map Task Executor #0] mapred.MapTask: kvstart = 26214396; length = 6553600
2024-04-24T00:52:01,616  INFO [LocalJobRunner Map Task Executor #0] mapred.MapTask: Map output collector class = org.apache.hadoop.mapred.MapTask$MapOutputBuffer
2024-04-24T00:52:01,616  INFO [LocalJobRunner Map Task Executor #0] vector.VectorMapOperator: Initializing Operator: MAP[0]
2024-04-24T00:52:01,616  INFO [LocalJobRunner Map Task Executor #0] mr.ExecMapper: 
<MAP>Id =0
  <Children>null
  <\Children>
  <Parent><\Parent>
<\MAP>
2024-04-24T00:52:01,617  INFO [LocalJobRunner Map Task Executor #0] exec.TableScanOperator: Initializing Operator: TS[0]
2024-04-24T00:52:01,618  INFO [LocalJobRunner Map Task Executor #0] vector.VectorSelectOperator: Initializing Operator: SEL[5]
2024-04-24T00:52:01,618  INFO [LocalJobRunner Map Task Executor #0] vector.VectorReduceSinkOperator: Initializing Operator: RS[6]
2024-04-24T00:52:01,618  INFO [LocalJobRunner Map Task Executor #0] vector.VectorReduceSinkOperator: Using tag = -1
2024-04-24T00:52:01,619  INFO [LocalJobRunner Map Task Executor #0] vector.VectorReduceSinkOperator: keys are [reducesinkkey0] num distributions: 1
2024-04-24T00:52:01,619  INFO [LocalJobRunner Map Task Executor #0] vector.VectorReduceSinkOperator: RS[6]: records written - 1
2024-04-24T00:52:01,619  INFO [LocalJobRunner Map Task Executor #0] vector.VectorMapOperator: Closing Operator: MAP[0]
2024-04-24T00:52:01,619  INFO [LocalJobRunner Map Task Executor #0] vector.VectorMapOperator: RECORDS_OUT_INTERMEDIATE:0, RECORDS_IN:3, DESERIALIZE_ERRORS:0, RECORDS_OUT_OPERATOR_MAP_0:0, 
2024-04-24T00:52:01,619  INFO [LocalJobRunner Map Task Executor #0] exec.TableScanOperator: Closing Operator: TS[0]
2024-04-24T00:52:01,620  INFO [LocalJobRunner Map Task Executor #0] exec.TableScanOperator: RECORDS_OUT_OPERATOR_TS_0:3, RECORDS_OUT_INTERMEDIATE:0, 
2024-04-24T00:52:01,620  INFO [LocalJobRunner Map Task Executor #0] vector.VectorSelectOperator: Closing Operator: SEL[5]
2024-04-24T00:52:01,620  INFO [LocalJobRunner Map Task Executor #0] vector.VectorSelectOperator: RECORDS_OUT_INTERMEDIATE:0, RECORDS_OUT_OPERATOR_SEL_5:3, 
2024-04-24T00:52:01,620  INFO [LocalJobRunner Map Task Executor #0] vector.VectorReduceSinkOperator: Closing Operator: RS[6]
2024-04-24T00:52:01,620  INFO [LocalJobRunner Map Task Executor #0] vector.VectorReduceSinkOperator: RS[6]: Total records written - 3. abort - false
2024-04-24T00:52:01,620  INFO [LocalJobRunner Map Task Executor #0] vector.VectorReduceSinkOperator: RECORDS_OUT_OPERATOR_RS_6:3, RECORDS_OUT_INTERMEDIATE:3, 
2024-04-24T00:52:01,620  INFO [LocalJobRunner Map Task Executor #0] mapred.LocalJobRunner: 
2024-04-24T00:52:01,620  INFO [LocalJobRunner Map Task Executor #0] mapred.MapTask: Starting flush of map output
2024-04-24T00:52:01,620  INFO [LocalJobRunner Map Task Executor #0] mapred.MapTask: Spilling map output
2024-04-24T00:52:01,620  INFO [LocalJobRunner Map Task Executor #0] mapred.MapTask: bufstart = 0; bufend = 108; bufvoid = 104857600
2024-04-24T00:52:01,620  INFO [LocalJobRunner Map Task Executor #0] mapred.MapTask: kvstart = 26214396(104857584); kvend = 26214388(104857552); length = 9/6553600
2024-04-24T00:52:01,636  INFO [LocalJobRunner Map Task Executor #0] mapred.MapTask: Finished spill 0
2024-04-24T00:52:01,645  INFO [LocalJobRunner Map Task Executor #0] mapred.Task: Task:attempt_local476705057_0036_m_000000_0 is done. And is in the process of committing
2024-04-24T00:52:01,646  INFO [LocalJobRunner Map Task Executor #0] mapred.LocalJobRunner: OrcSplit [file:/home/alex/Repositories/hive/ql/target/tmp/org.apache.hadoop.hive.ql.TestTxnExIm-1713945026909/warehouse/t/delta_0000001_0000001_0000/000000_0, start=3, length=112, isOriginal=true, fileLength=256, hasFooter=false, hasBase=true, deltas=0]
2024-04-24T00:52:01,647  INFO [LocalJobRunner Map Task Executor #0] mapred.Task: Task 'attempt_local476705057_0036_m_000000_0' done.
2024-04-24T00:52:01,647  INFO [LocalJobRunner Map Task Executor #0] mapred.Task: Final Counters for attempt_local476705057_0036_m_000000_0: Counters: 24
	File System Counters
		FILE: Number of bytes read=603446
		FILE: Number of bytes written=42047078
		FILE: Number of read operations=0
		FILE: Number of large read operations=0
		FILE: Number of write operations=0
	Map-Reduce Framework
		Map input records=1
		Map output records=3
		Map output bytes=108
		Map output materialized bytes=120
		Input split bytes=489
		Combine input records=0
		Spilled Records=3
		Failed Shuffles=0
		Merged Map outputs=0
		GC time elapsed (ms)=0
		Total committed heap usage (bytes)=1189085184
	HIVE
		DESERIALIZE_ERRORS=0
		RECORDS_IN=3
		RECORDS_OUT_INTERMEDIATE=3
		RECORDS_OUT_OPERATOR_MAP_0=0
		RECORDS_OUT_OPERATOR_RS_6=3
		RECORDS_OUT_OPERATOR_SEL_5=3
		RECORDS_OUT_OPERATOR_TS_0=3
	File Input Format Counters 
		Bytes Read=7130
2024-04-24T00:52:01,647  INFO [LocalJobRunner Map Task Executor #0] mapred.LocalJobRunner: Finishing task: attempt_local476705057_0036_m_000000_0
2024-04-24T00:52:01,647  INFO [Thread-2579] mapred.LocalJobRunner: map task executor complete.
2024-04-24T00:52:01,649  INFO [Thread-2579] mapred.LocalJobRunner: Waiting for reduce tasks
2024-04-24T00:52:01,650  INFO [pool-151-thread-1] mapred.LocalJobRunner: Starting task: attempt_local476705057_0036_r_000000_0
2024-04-24T00:52:01,651  INFO [pool-151-thread-1] mapred.Task:  Using ResourceCalculatorProcessTree : [ ]
2024-04-24T00:52:01,651  INFO [pool-151-thread-1] mapred.ReduceTask: Using ShuffleConsumerPlugin: org.apache.hadoop.mapreduce.task.reduce.Shuffle@625d179e
2024-04-24T00:52:01,652  WARN [pool-151-thread-1] impl.MetricsSystemImpl: JobTracker metrics system already initialized!
2024-04-24T00:52:01,654  INFO [pool-151-thread-1] reduce.MergeManagerImpl: MergerManager: memoryLimit=1336252800, maxSingleShuffleLimit=334063200, mergeThreshold=881926912, ioSortFactor=10, memToMemMergeOutputsThreshold=10
2024-04-24T00:52:01,656  INFO [EventFetcher for fetching Map Completion Events] reduce.EventFetcher: attempt_local476705057_0036_r_000000_0 Thread started: EventFetcher for fetching Map Completion Events
2024-04-24T00:52:01,664  INFO [localfetcher#22] reduce.LocalFetcher: localfetcher#22 about to shuffle output of map attempt_local476705057_0036_m_000000_0 decomp: 116 len: 120 to MEMORY
2024-04-24T00:52:01,664  INFO [localfetcher#22] reduce.InMemoryMapOutput: Read 116 bytes from map-output for attempt_local476705057_0036_m_000000_0
2024-04-24T00:52:01,664  INFO [localfetcher#22] reduce.MergeManagerImpl: closeInMemoryFile -> map-output of size: 116, inMemoryMapOutputs.size() -> 1, commitMemory -> 0, usedMemory ->116
2024-04-24T00:52:01,666  INFO [EventFetcher for fetching Map Completion Events] reduce.EventFetcher: EventFetcher is interrupted.. Returning
2024-04-24T00:52:01,666  INFO [pool-151-thread-1] mapred.LocalJobRunner: 1 / 1 copied.
2024-04-24T00:52:01,666  INFO [pool-151-thread-1] reduce.MergeManagerImpl: finalMerge called with 1 in-memory map-outputs and 0 on-disk map-outputs
2024-04-24T00:52:01,679  INFO [pool-151-thread-1] mapred.Merger: Merging 1 sorted segments
2024-04-24T00:52:01,680  INFO [pool-151-thread-1] mapred.Merger: Down to the last merge-pass, with 1 segments left of total size: 85 bytes
2024-04-24T00:52:01,687  INFO [pool-151-thread-1] reduce.MergeManagerImpl: Merged 1 segments, 116 bytes to disk to satisfy reduce memory limit
2024-04-24T00:52:01,688  INFO [pool-151-thread-1] reduce.MergeManagerImpl: Merging 1 files, 120 bytes from disk
2024-04-24T00:52:01,688  INFO [pool-151-thread-1] reduce.MergeManagerImpl: Merging 0 segments, 0 bytes from memory into reduce
2024-04-24T00:52:01,688  INFO [pool-151-thread-1] mapred.Merger: Merging 1 sorted segments
2024-04-24T00:52:01,688  INFO [pool-151-thread-1] mapred.Merger: Down to the last merge-pass, with 1 segments left of total size: 85 bytes
2024-04-24T00:52:01,689  INFO [pool-151-thread-1] mapred.LocalJobRunner: 1 / 1 copied.
2024-04-24T00:52:01,690  INFO [pool-151-thread-1] exec.SerializationUtilities: Deserializing ReduceWork using kryo
2024-04-24T00:52:01,691  INFO [pool-151-thread-1] exec.Utilities: Deserialized plan (via FILE) - name: null size: 7,16KB
2024-04-24T00:52:01,694  INFO [pool-151-thread-1] ExecReducer: 
<SEL>Id =3
  <Children>
    <FS>Id =4
      <Children>
      <\Children>
      <Parent>Id = 3 null<\Parent>
    <\FS>
  <\Children>
  <Parent><\Parent>
<\SEL>
2024-04-24T00:52:01,694  INFO [pool-151-thread-1] exec.SelectOperator: Initializing Operator: SEL[3]
2024-04-24T00:52:01,694  INFO [pool-151-thread-1] exec.SelectOperator: SELECT struct<key:struct<reducesinkkey0:struct<writeid:bigint,bucketid:int,rowid:bigint>>,value:struct<_col0:int,_col1:int>>
2024-04-24T00:52:01,695  INFO [pool-151-thread-1] exec.FileSinkOperator: Initializing Operator: FS[4]
2024-04-24T00:52:01,696  INFO [pool-151-thread-1] exec.FileSinkOperator: Using serializer : class org.apache.hadoop.hive.serde2.lazy.LazySimpleSerDe [serdeParams=org.apache.hadoop.hive.serde2.lazy.LazySerDeParameters@44c5a729, cachedObjectInspector=org.apache.hadoop.hive.serde2.lazy.objectinspector.LazySimpleStructObjectInspector<org.apache.hadoop.hive.serde2.lazy.objectinspector.LazySimpleStructObjectInspector<org.apache.hadoop.hive.serde2.lazy.objectinspector.primitive.LazyLongObjectInspector@ee9fce9,org.apache.hadoop.hive.serde2.lazy.objectinspector.primitive.LazyIntObjectInspector@69f69078,org.apache.hadoop.hive.serde2.lazy.objectinspector.primitive.LazyLongObjectInspector@ee9fce9>,org.apache.hadoop.hive.serde2.lazy.objectinspector.primitive.LazyIntObjectInspector@69f69078,org.apache.hadoop.hive.serde2.lazy.objectinspector.primitive.LazyIntObjectInspector@69f69078>, serializedSize=0, stats=org.apache.hadoop.hive.serde2.SerDeStats@49c629f8, lastOperationSerialize=false, lastOperationDeserialize=false [1, 2, 3, 4, 5, 6, 7, 8, 11, 14, 15, 16, 17, 18, 19, 20, 21, 22, 23, 24, 25, 26, 28, 29, 30, 31, -128, -127, -126, -125, -124, -123, -122, -121, -120, -119, -118, -117, -116, -115, -114, -113, -112, -111, -110, -109, -108, -107, -106, -105, -104, -103, -102, -101, -100, -99, -98, -97, -96, -95, -94, -93, -92, -91, -90, -89, -88, -87, -86, -85, -84, -83, -82, -81, -80, -79, -78, -77, -76, -75, -74, -73, -72, -71, -70, -69, -68, -67, -66, -65, -64, -63, -62, -61, -60, -59, -58, -57, -56, -55, -54, -53, -52, -51, -50, -49, -48, -47, -46, -45, -44, -43, -42, -41, -40, -39, -38, -37, -36, -35, -34, -33, -32, -31, -30, -29, -28, -27, -26, -25, -24, -23, -22, -21, -20, -19, -18, -17, -16, -15, -14, -13, -12, -11, -10, -9, -8, -7, -6, -5, -4, -3, -2, -1] : [_col0, _col1, _col2] : [struct<writeid:bigint,bucketid:int,rowid:bigint>, int, int]] and formatter : org.apache.hadoop.hive.ql.io.HiveSequenceFileOutputFormat@7685a77c
2024-04-24T00:52:01,697  INFO [pool-151-thread-1] exec.FileSinkOperator: Final Path: FS file:/home/alex/Repositories/hive/ql/target/tmp/localscratchdir/cfe73dea-7ee9-488d-9c97-891c7dc18530/hive_2024-04-24_00-52-01_136_5547471375820898437-1/-mr-10001/.hive-staging_hive_2024-04-24_00-52-01_136_5547471375820898437-1/_tmp.-ext-10002/000000_0
2024-04-24T00:52:01,697  INFO [pool-151-thread-1] exec.FileSinkOperator: Writing to temp file: FS file:/home/alex/Repositories/hive/ql/target/tmp/localscratchdir/cfe73dea-7ee9-488d-9c97-891c7dc18530/hive_2024-04-24_00-52-01_136_5547471375820898437-1/-mr-10001/.hive-staging_hive_2024-04-24_00-52-01_136_5547471375820898437-1/_task_tmp.-ext-10002/_tmp.000000_0
2024-04-24T00:52:01,697  INFO [pool-151-thread-1] exec.FileSinkOperator: New Final Path: FS file:/home/alex/Repositories/hive/ql/target/tmp/localscratchdir/cfe73dea-7ee9-488d-9c97-891c7dc18530/hive_2024-04-24_00-52-01_136_5547471375820898437-1/-mr-10001/.hive-staging_hive_2024-04-24_00-52-01_136_5547471375820898437-1/_tmp.-ext-10002/000000_0
2024-04-24T00:52:01,720  INFO [pool-151-thread-1] exec.FileSinkOperator: FS[4]: records written - 1
2024-04-24T00:52:01,721  INFO [pool-151-thread-1] exec.SelectOperator: Closing Operator: SEL[3]
2024-04-24T00:52:01,721  INFO [pool-151-thread-1] exec.SelectOperator: RECORDS_OUT_INTERMEDIATE:0, RECORDS_OUT_OPERATOR_SEL_3:3, 
2024-04-24T00:52:01,721  INFO [pool-151-thread-1] exec.FileSinkOperator: Closing Operator: FS[4]
2024-04-24T00:52:01,721  INFO [pool-151-thread-1] exec.FileSinkOperator: FS[4]: records written - 3
2024-04-24T00:52:01,722  INFO [pool-151-thread-1] exec.FileSinkOperator: RECORDS_OUT_0:3, RECORDS_OUT_INTERMEDIATE:0, RECORDS_OUT_OPERATOR_FS_4:3, 
2024-04-24T00:52:01,724  INFO [pool-151-thread-1] mapred.Task: Task:attempt_local476705057_0036_r_000000_0 is done. And is in the process of committing
2024-04-24T00:52:01,725  INFO [pool-151-thread-1] mapred.LocalJobRunner: reduce > reduce
2024-04-24T00:52:01,725  INFO [pool-151-thread-1] mapred.Task: Task 'attempt_local476705057_0036_r_000000_0' done.
2024-04-24T00:52:01,725  INFO [pool-151-thread-1] mapred.Task: Final Counters for attempt_local476705057_0036_r_000000_0: Counters: 29
	File System Counters
		FILE: Number of bytes read=610946
		FILE: Number of bytes written=42047387
		FILE: Number of read operations=0
		FILE: Number of large read operations=0
		FILE: Number of write operations=0
	Map-Reduce Framework
		Combine input records=0
		Combine output records=0
		Reduce input groups=3
		Reduce shuffle bytes=120
		Reduce input records=3
		Reduce output records=0
		Spilled Records=3
		Shuffled Maps =1
		Failed Shuffles=0
		Merged Map outputs=1
		GC time elapsed (ms)=0
		Total committed heap usage (bytes)=1189085184
	HIVE
		CREATED_FILES=1
		RECORDS_OUT_0=3
		RECORDS_OUT_INTERMEDIATE=0
		RECORDS_OUT_OPERATOR_FS_4=3
		RECORDS_OUT_OPERATOR_SEL_3=3
	Shuffle Errors
		BAD_ID=0
		CONNECTION=0
		IO_ERROR=0
		WRONG_LENGTH=0
		WRONG_MAP=0
		WRONG_REDUCE=0
	File Output Format Counters 
		Bytes Written=0
2024-04-24T00:52:01,725  INFO [pool-151-thread-1] mapred.LocalJobRunner: Finishing task: attempt_local476705057_0036_r_000000_0
2024-04-24T00:52:01,725  INFO [Thread-2579] mapred.LocalJobRunner: reduce task executor complete.
2024-04-24 00:52:02,607 Stage-1 map = 100%,  reduce = 100%
2024-04-24T00:52:02,607  INFO [main] exec.Task: 2024-04-24 00:52:02,607 Stage-1 map = 100%,  reduce = 100%
Ended Job = job_local476705057_0036
2024-04-24T00:52:02,609  INFO [main] exec.Task: Ended Job = job_local476705057_0036
2024-04-24T00:52:02,612  INFO [main] metadata.Hive: Dumping metastore api call timing information for : execution phase
2024-04-24T00:52:02,612  INFO [main] metadata.Hive: Total time spent in each metastore function (ms): {}
MapReduce Jobs Launched: 
2024-04-24T00:52:02,612  INFO [main] ql.Driver: MapReduce Jobs Launched: 
Stage-Stage-1:  HDFS Read: 0 HDFS Write: 0 SUCCESS
2024-04-24T00:52:02,612  INFO [main] ql.Driver: Stage-Stage-1:  HDFS Read: 0 HDFS Write: 0 SUCCESS
Total MapReduce CPU Time Spent: 0 msec
2024-04-24T00:52:02,612  INFO [main] ql.Driver: Total MapReduce CPU Time Spent: 0 msec
2024-04-24T00:52:02,613  INFO [main] ql.Driver: Completed executing command(queryId=alex_20240424005201_37c64013-a821-49b8-9c43-cc216d1c9745); Time taken: 1.328 seconds
2024-04-24T00:52:02,613  INFO [main] lockmgr.DbTxnManager: Stopped heartbeat for query: alex_20240424005201_37c64013-a821-49b8-9c43-cc216d1c9745
2024-04-24T00:52:02,616  INFO [main] txn.TxnHandler: Expected to move at least one record from txn_components to completed_txn_components when committing txn! txnid:20
2024-04-24T00:52:02,621  INFO [main] txn.TxnHandler: Removed transactions: ([20]) from MIN_HISTORY_LEVEL
2024-04-24T00:52:02,622  WARN [main] txn.CompactionTxnHandler: No compaction queue record found for Compaction type transaction commit. txnId:20
2024-04-24T00:52:02,626  INFO [main] mapred.FileInputFormat: Total input files to process : 1
2024-04-24T00:52:02,626  INFO [main] exec.ListSinkOperator: Closing Operator: LIST_SINK[7]
2024-04-24T00:52:02,627  INFO [main] exec.ListSinkOperator: RECORDS_OUT_OPERATOR_LIST_SINK_7:3, RECORDS_OUT_INTERMEDIATE:0, 
2024-04-24T00:52:02,627  WARN [main] ql.TestTxnExIm: testImportVectorized: read data(import existing table vect): 
2024-04-24T00:52:02,627  INFO [main] ql.TestTxnExIm: {"writeid":1,"bucketid":536870912,"rowid":0}	1	2
{"writeid":1,"bucketid":536870912,"rowid":1}	3	4
{"writeid":1,"bucketid":536870912,"rowid":2}	5	6

2024-04-24T00:52:02,627  INFO [main] ql.TxnCommandsBaseForTests: Running the query: EXPLAIN VECTORIZATION DETAIL select ROW__ID, a, b from T order by ROW__ID
2024-04-24T00:52:02,627  INFO [main] ql.Context: Deleting scratch dir: file:/home/alex/Repositories/hive/ql/target/tmp/localscratchdir/cfe73dea-7ee9-488d-9c97-891c7dc18530/hive_2024-04-24_00-52-01_136_5547471375820898437-1
2024-04-24T00:52:02,628  INFO [main] cleanup.SyncCleanupService: Deleted directory: file:/home/alex/Repositories/hive/ql/target/tmp/localscratchdir/cfe73dea-7ee9-488d-9c97-891c7dc18530/hive_2024-04-24_00-52-01_136_5547471375820898437-1 on fs with scheme file
2024-04-24T00:52:02,628  INFO [main] ql.Driver: Compiling command(queryId=alex_20240424005202_ebdd691b-0a00-4dc7-b053-5de356cfae76): EXPLAIN VECTORIZATION DETAIL select ROW__ID, a, b from T order by ROW__ID
2024-04-24T00:52:02,631  INFO [main] txn.TxnHandler: Added entries to MIN_HISTORY_LEVEL for current txns: ([21]) with min_open_txn: 21
2024-04-24T00:52:02,631  INFO [main] lockmgr.DbTxnManager: Opened txnid:21
2024-04-24T00:52:02,632  INFO [main] parse.CalcitePlanner: Starting Semantic Analysis
2024-04-24T00:52:02,635  INFO [main] parse.CalcitePlanner: Completed phase 1 of Semantic Analysis
2024-04-24T00:52:02,635  INFO [main] parse.CalcitePlanner: Get metadata for source tables
2024-04-24T00:52:02,635  INFO [main] HiveMetaStore.audit: ugi=alex	ip=unknown-ip-addr	cmd=get_table : tbl=hive.default.t	
2024-04-24T00:52:02,641  INFO [main] metastore.ObjectStore: Removed COLUMN_STATS_ACCURATE from Table's parameters.
2024-04-24T00:52:02,643  INFO [main] metastore.HMSHandler: Skipping translation for processor with null
2024-04-24T00:52:02,643  INFO [main] parse.CalcitePlanner: Get metadata for subqueries
2024-04-24T00:52:02,643  INFO [main] parse.CalcitePlanner: Get metadata for destination tables
2024-04-24T00:52:02,644  INFO [main] parse.CalcitePlanner: Completed getting MetaData in Semantic Analysis
2024-04-24T00:52:02,657  INFO [main] HiveMetaStore.audit: ugi=alex	ip=unknown-ip-addr	cmd=get_all_table_constraints : tbl=hive.default.t	
2024-04-24T00:52:02,667  INFO [main] calcite.RelOptHiveTable: Calculating column statistics for default.t, projIndxSet: [0, 1], allowMissingStats: true
2024-04-24T00:52:02,668  INFO [main] HiveMetaStore.audit: ugi=alex	ip=unknown-ip-addr	cmd=get_table : tbl=hive.default.t	
2024-04-24T00:52:02,678  INFO [main] metastore.HMSHandler: Skipping translation for processor with null
2024-04-24T00:52:02,678  INFO [main] HiveMetaStore.audit: ugi=alex	ip=unknown-ip-addr	cmd=get_table : tbl=hive.default.t	
2024-04-24T00:52:02,688  INFO [main] metastore.HMSHandler: Skipping translation for processor with null
2024-04-24T00:52:02,688  INFO [main] HiveMetaStore.audit: ugi=alex	ip=unknown-ip-addr	cmd=get_table_statistics_req: table=hive.default.t	
2024-04-24T00:52:02,697  WARN [main] calcite.RelOptHiveTable: No Stats for default@t, Columns: a, b
No Stats for default@t, Columns: a, b
2024-04-24T00:52:02,697  INFO [main] SessionState: No Stats for default@t, Columns: a, b
2024-04-24T00:52:02,740  INFO [main] parse.CalcitePlanner: Get metadata for source tables
2024-04-24T00:52:02,741  INFO [main] parse.CalcitePlanner: Get metadata for subqueries
2024-04-24T00:52:02,741  INFO [main] parse.CalcitePlanner: Get metadata for destination tables
2024-04-24T00:52:02,742  INFO [main] parse.CalcitePlanner: CBO Succeeded; optimized logical plan.
2024-04-24T00:52:02,745  INFO [main] optimizer.ColumnPrunerProcFactory: RS 2 oldColExprMap: {VALUE._col0=Column[_col1], VALUE._col1=Column[_col2], KEY.reducesinkkey0=Column[_col0]}
2024-04-24T00:52:02,746  INFO [main] optimizer.ColumnPrunerProcFactory: RS 2 newColExprMap: {VALUE._col0=Column[_col1], KEY.reducesinkkey0=Column[_col0], VALUE._col1=Column[_col2]}
2024-04-24T00:52:02,747  INFO [main] optimizer.BucketVersionPopulator: not considering bucketingVersion for: TS[0] because it has -1<2 buckets 
2024-04-24T00:52:02,751  INFO [main] optimizer.SortedDynPartitionOptimizer: Sorted dynamic partitioning optimization kicked in..
2024-04-24T00:52:02,760  INFO [main] physical.Vectorizer: Examining input format to see if vectorization is enabled.
2024-04-24T00:52:02,760  INFO [main] physical.Vectorizer: Vectorization is enabled for input format(s) [org.apache.hadoop.hive.ql.io.orc.OrcInputFormat]
2024-04-24T00:52:02,760  INFO [main] physical.Vectorizer: Validating and vectorizing MapWork... (vectorizedVertexNum 0)
2024-04-24T00:52:02,762  INFO [main] physical.Vectorizer: Map vectorization enabled: true
2024-04-24T00:52:02,762  INFO [main] physical.Vectorizer: Map vectorized: true
2024-04-24T00:52:02,762  INFO [main] physical.Vectorizer: Map vectorizedVertexNum: 0
2024-04-24T00:52:02,762  INFO [main] physical.Vectorizer: Map enabledConditionsMet: [hive.vectorized.use.vectorized.input.format IS true]
2024-04-24T00:52:02,762  INFO [main] physical.Vectorizer: Map inputFileFormatClassNameSet: [org.apache.hadoop.hive.ql.io.orc.OrcInputFormat]
2024-04-24T00:52:02,762  INFO [main] physical.Vectorizer: Reduce vectorization enabled: false
2024-04-24T00:52:02,762  INFO [main] physical.Vectorizer: Reduce vectorized: false
2024-04-24T00:52:02,762  INFO [main] physical.Vectorizer: Reduce vectorizedVertexNum: 1
2024-04-24T00:52:02,762  INFO [main] physical.Vectorizer: Reducer hive.vectorized.execution.reduce.enabled: true
2024-04-24T00:52:02,762  INFO [main] physical.Vectorizer: Reducer engine: mr
2024-04-24T00:52:02,762  INFO [main] parse.CalcitePlanner: Completed plan generation
2024-04-24T00:52:02,763  INFO [main] ql.Driver: Semantic Analysis Completed (retrial = false)
2024-04-24T00:52:02,763  INFO [main] ql.Driver: Created Hive schema: Schema(fieldSchemas:[FieldSchema(name:Explain, type:string, comment:null)], properties:null)
2024-04-24T00:52:02,763  INFO [main] metadata.Hive: Dumping metastore api call timing information for : compilation phase
2024-04-24T00:52:02,763  INFO [main] metadata.Hive: Total time spent in each metastore function (ms): {getAllTableConstraints_(AllTableConstraintsRequest)=5, getTableColumnStatistics_(String, String, List, String)=28, openTxn_(String, TxnType)=2, getValidWriteIds_(List, String)=4, getValidTxns_(long)=0, isCompatibleWith_(Configuration)=0, flushCache_()=0, commitTxn_(CommitTxnRequest)=9, getTable_(GetTableRequest)=8}
2024-04-24T00:52:02,763  INFO [main] ql.Driver: Completed compiling command(queryId=alex_20240424005202_ebdd691b-0a00-4dc7-b053-5de356cfae76); Time taken: 0.135 seconds
2024-04-24T00:52:02,763  INFO [main] ql.Driver: Executing command(queryId=alex_20240424005202_ebdd691b-0a00-4dc7-b053-5de356cfae76): EXPLAIN VECTORIZATION DETAIL select ROW__ID, a, b from T order by ROW__ID
2024-04-24T00:52:02,764  INFO [Heartbeater-4] lockmgr.DbTxnManager: Sending heartbeat for txnid:21 and lockid:0 queryId=null txnid:0
2024-04-24T00:52:02,764  INFO [main] ql.Driver: Starting task [Stage-2:EXPLAIN] in serial mode
2024-04-24T00:52:02,765  INFO [Heartbeater-4] metastore.HiveMetaStoreClient: HMS client filtering is enabled.
2024-04-24T00:52:02,766  INFO [Heartbeater-4] metastore.HMSHandler: 6: Opening raw store with implementation class:org.apache.hadoop.hive.metastore.ObjectStore
2024-04-24T00:52:02,766  INFO [Heartbeater-4] metastore.PersistenceManagerProvider: Configuration datanucleus.autoStartMechanismMode is not set. Defaulting to 'ignored'
2024-04-24T00:52:02,767  INFO [Heartbeater-4] metastore.ObjectStore: RawStore: org.apache.hadoop.hive.metastore.ObjectStore@16448ce4, with PersistenceManager: null will be shutdown
2024-04-24T00:52:02,767  INFO [Heartbeater-4] metastore.ObjectStore: RawStore: org.apache.hadoop.hive.metastore.ObjectStore@16448ce4, with PersistenceManager: org.datanucleus.api.jdo.JDOPersistenceManager@62dfe205 created in the thread with id: 57
2024-04-24T00:52:02,772  INFO [Heartbeater-4] metastore.HMSHandler: Created RawStore: org.apache.hadoop.hive.metastore.ObjectStore@16448ce4 from thread id: 57
2024-04-24T00:52:02,772  INFO [Heartbeater-4] metastore.HMSHandler: HMS server filtering is disabled by configuration
2024-04-24T00:52:02,773  INFO [Heartbeater-4] metastore.RetryingMetaStoreClient: RetryingMetaStoreClient proxy=class org.apache.hadoop.hive.ql.metadata.SessionHiveMetaStoreClient ugi=alex (auth:SIMPLE) retries=1 delay=1 lifetime=0
2024-04-24T00:52:02,781  INFO [main] metadata.Hive: Dumping metastore api call timing information for : execution phase
2024-04-24T00:52:02,781  INFO [main] metadata.Hive: Total time spent in each metastore function (ms): {}
2024-04-24T00:52:02,781  INFO [main] ql.Driver: Completed executing command(queryId=alex_20240424005202_ebdd691b-0a00-4dc7-b053-5de356cfae76); Time taken: 0.018 seconds
2024-04-24T00:52:02,781  INFO [main] lockmgr.DbTxnManager: Stopped heartbeat for query: null
2024-04-24T00:52:02,786  INFO [main] txn.TxnHandler: Expected to move at least one record from txn_components to completed_txn_components when committing txn! txnid:21
2024-04-24T00:52:02,792  INFO [main] txn.TxnHandler: Removed transactions: ([21]) from MIN_HISTORY_LEVEL
2024-04-24T00:52:02,792  WARN [main] txn.CompactionTxnHandler: No compaction queue record found for Compaction type transaction commit. txnId:21
2024-04-24T00:52:02,793  INFO [main] ql.TxnCommandsBaseForTests: Running the query: update T set a = 0 where b = 6
2024-04-24T00:52:02,794  INFO [main] ql.Context: Deleting scratch dir: file:/home/alex/Repositories/hive/ql/target/tmp/localscratchdir/cfe73dea-7ee9-488d-9c97-891c7dc18530/hive_2024-04-24_00-52-02_628_4500434472327997517-1
2024-04-24T00:52:02,794  INFO [main] cleanup.SyncCleanupService: Deleted directory: file:/home/alex/Repositories/hive/ql/target/tmp/localscratchdir/cfe73dea-7ee9-488d-9c97-891c7dc18530/hive_2024-04-24_00-52-02_628_4500434472327997517-1 on fs with scheme file
2024-04-24T00:52:02,794  INFO [main] ql.Driver: Compiling command(queryId=alex_20240424005202_3b8ceb2a-bdd7-4866-9ccc-e439d262d8d6): update T set a = 0 where b = 6
2024-04-24T00:52:02,797  INFO [main] txn.TxnHandler: Added entries to MIN_HISTORY_LEVEL for current txns: ([22]) with min_open_txn: 21
2024-04-24T00:52:02,797  INFO [main] lockmgr.DbTxnManager: Opened txnid:22
2024-04-24T00:52:02,798  INFO [main] parse.UpdateDeleteSemanticAnalyzer: Starting caching scope for: 
2024-04-24T00:52:02,798  INFO [main] HiveMetaStore.audit: ugi=alex	ip=unknown-ip-addr	cmd=get_table : tbl=hive.default.T	
2024-04-24T00:52:02,805  INFO [main] metastore.HMSHandler: Skipping translation for processor with null
2024-04-24T00:52:02,806  INFO [main] parse.RewriteSemanticAnalyzer: Going to reparse <update T set a = 0 where b = 6> as 
<insert into table `default`.`T` select ROW__ID,`a`,`b` from `default`.`T` sort by ROW__ID >
2024-04-24T00:52:02,806  INFO [main] parse.UpdateDeleteSemanticAnalyzer: Starting Semantic Analysis
2024-04-24T00:52:02,809  INFO [main] HiveMetaStore.audit: ugi=alex	ip=unknown-ip-addr	cmd=get_table : tbl=hive.default.T	
2024-04-24T00:52:02,815  INFO [main] metastore.ObjectStore: Removed COLUMN_STATS_ACCURATE from Table's parameters.
2024-04-24T00:52:02,817  INFO [main] metastore.HMSHandler: Skipping translation for processor with null
2024-04-24T00:52:02,817  INFO [main] parse.UpdateDeleteSemanticAnalyzer: Completed phase 1 of Semantic Analysis
2024-04-24T00:52:02,817  INFO [main] parse.UpdateDeleteSemanticAnalyzer: Get metadata for source tables
2024-04-24T00:52:02,818  INFO [main] HiveMetaStore.audit: ugi=alex	ip=unknown-ip-addr	cmd=get_table : tbl=hive.default.t	
2024-04-24T00:52:02,824  INFO [main] metastore.ObjectStore: Removed COLUMN_STATS_ACCURATE from Table's parameters.
2024-04-24T00:52:02,825  INFO [main] metastore.HMSHandler: Skipping translation for processor with null
2024-04-24T00:52:02,826  INFO [main] parse.UpdateDeleteSemanticAnalyzer: Get metadata for subqueries
2024-04-24T00:52:02,826  INFO [main] parse.UpdateDeleteSemanticAnalyzer: Get metadata for destination tables
2024-04-24T00:52:02,826  INFO [main] HiveMetaStore.audit: ugi=alex	ip=unknown-ip-addr	cmd=get_table : tbl=hive.default.T	
2024-04-24T00:52:02,834  INFO [main] metastore.HMSHandler: Skipping translation for processor with null
2024-04-24T00:52:02,834  INFO [main] parse.UpdateDeleteSemanticAnalyzer: Completed getting MetaData in Semantic Analysis
2024-04-24T00:52:02,834  INFO [main] parse.UpdateDeleteSemanticAnalyzer: Disabling LLAP IO encode as ETL query is detected
2024-04-24T00:52:02,847  INFO [main] HiveMetaStore.audit: ugi=alex	ip=unknown-ip-addr	cmd=get_all_table_constraints : tbl=hive.default.t	
2024-04-24T00:52:02,855  INFO [main] HiveMetaStore.audit: ugi=alex	ip=unknown-ip-addr	cmd=get_not_null_constraints : tbl=hive.default.t	
2024-04-24T00:52:02,856  INFO [main] HiveMetaStore.audit: ugi=alex	ip=unknown-ip-addr	cmd=get_check_constraints : tbl=hive.default.t	
2024-04-24T00:52:02,882  INFO [main] calcite.RelOptHiveTable: Calculating column statistics for default.t, projIndxSet: [1], allowMissingStats: true
2024-04-24T00:52:02,882  INFO [main] HiveMetaStore.audit: ugi=alex	ip=unknown-ip-addr	cmd=get_table : tbl=hive.default.t	
2024-04-24T00:52:02,893  INFO [main] metastore.HMSHandler: Skipping translation for processor with null
2024-04-24T00:52:02,894  INFO [main] HiveMetaStore.audit: ugi=alex	ip=unknown-ip-addr	cmd=get_table : tbl=hive.default.t	
2024-04-24T00:52:02,904  INFO [main] metastore.HMSHandler: Skipping translation for processor with null
2024-04-24T00:52:02,904  INFO [main] HiveMetaStore.audit: ugi=alex	ip=unknown-ip-addr	cmd=get_table_statistics_req: table=hive.default.t	
2024-04-24T00:52:02,916  WARN [main] calcite.RelOptHiveTable: No Stats for default@t, Columns: b
No Stats for default@t, Columns: b
2024-04-24T00:52:02,916  INFO [main] SessionState: No Stats for default@t, Columns: b
2024-04-24T00:52:02,983  INFO [main] parse.UpdateDeleteSemanticAnalyzer: Get metadata for source tables
2024-04-24T00:52:02,983  INFO [main] parse.UpdateDeleteSemanticAnalyzer: Get metadata for subqueries
2024-04-24T00:52:02,983  INFO [main] parse.UpdateDeleteSemanticAnalyzer: Get metadata for destination tables
2024-04-24T00:52:02,983  INFO [main] HiveMetaStore.audit: ugi=alex	ip=unknown-ip-addr	cmd=get_table : tbl=hive.default.T	
2024-04-24T00:52:02,991  INFO [main] metastore.HMSHandler: Skipping translation for processor with null
2024-04-24T00:52:03,005  INFO [main] txn.TxnHandler: Allocated writeId: 2 for txnId: 22
2024-04-24T00:52:03,005  INFO [main] txn.TxnHandler: Allocated write ids for dbName=default, tblName=t (txnIds: [22])
2024-04-24T00:52:03,009  INFO [main] parse.UpdateDeleteSemanticAnalyzer: CBO Succeeded; optimized logical plan.
2024-04-24T00:52:03,013  INFO [main] optimizer.ColumnPrunerProcFactory: RS 5 oldColExprMap: {VALUE._col2=Column[_col2], VALUE._col0=Column[_col0], VALUE._col1=Column[_col1]}
2024-04-24T00:52:03,013  INFO [main] optimizer.ColumnPrunerProcFactory: RS 5 newColExprMap: {VALUE._col0=Column[_col0], VALUE._col1=Column[_col1], VALUE._col2=Column[_col2]}
2024-04-24T00:52:03,013  INFO [main] optimizer.ColumnPrunerProcFactory: RS 3 oldColExprMap: {KEY.reducesinkkey0=Column[_col0]}
2024-04-24T00:52:03,013  INFO [main] optimizer.ColumnPrunerProcFactory: RS 3 newColExprMap: {KEY.reducesinkkey0=Column[_col0]}
2024-04-24T00:52:03,014  INFO [main] optimizer.ColumnPrunerProcFactory: RS 3 oldColExprMap: {KEY.reducesinkkey0=Column[_col0]}
2024-04-24T00:52:03,014  INFO [main] optimizer.ColumnPrunerProcFactory: RS 3 newColExprMap: {KEY.reducesinkkey0=Column[_col0]}
2024-04-24T00:52:03,015  INFO [main] optimizer.BucketVersionPopulator: not considering bucketingVersion for: TS[0] because it has -1<2 buckets 
2024-04-24T00:52:03,020  INFO [main] optimizer.SortedDynPartitionOptimizer: Sorted dynamic partitioning optimization kicked in..
2024-04-24T00:52:03,029  INFO [main] HiveMetaStore.audit: ugi=alex	ip=unknown-ip-addr	cmd=get_table : tbl=hive.default.t	
2024-04-24T00:52:03,039  INFO [main] metastore.HMSHandler: Skipping translation for processor with null
2024-04-24T00:52:03,040  INFO [main] physical.Vectorizer: Examining input format to see if vectorization is enabled.
2024-04-24T00:52:03,041  INFO [main] physical.Vectorizer: Vectorization is enabled for input format(s) [org.apache.hadoop.hive.ql.io.orc.OrcInputFormat]
2024-04-24T00:52:03,041  INFO [main] physical.Vectorizer: Validating and vectorizing MapWork... (vectorizedVertexNum 0)
2024-04-24T00:52:03,056  INFO [main] physical.Vectorizer: Map vectorization enabled: true
2024-04-24T00:52:03,056  INFO [main] physical.Vectorizer: Map vectorized: true
2024-04-24T00:52:03,056  INFO [main] physical.Vectorizer: Map vectorizedVertexNum: 0
2024-04-24T00:52:03,056  INFO [main] physical.Vectorizer: Map enabledConditionsMet: [hive.vectorized.use.vectorized.input.format IS true]
2024-04-24T00:52:03,056  INFO [main] physical.Vectorizer: Map inputFileFormatClassNameSet: [org.apache.hadoop.hive.ql.io.orc.OrcInputFormat]
2024-04-24T00:52:03,056  INFO [main] physical.Vectorizer: Reduce vectorization enabled: false
2024-04-24T00:52:03,056  INFO [main] physical.Vectorizer: Reduce vectorized: false
2024-04-24T00:52:03,056  INFO [main] physical.Vectorizer: Reduce vectorizedVertexNum: 1
2024-04-24T00:52:03,056  INFO [main] physical.Vectorizer: Reducer hive.vectorized.execution.reduce.enabled: true
2024-04-24T00:52:03,056  INFO [main] physical.Vectorizer: Reducer engine: mr
2024-04-24T00:52:03,056  INFO [main] parse.UpdateDeleteSemanticAnalyzer: Completed plan generation
2024-04-24T00:52:03,056  INFO [main] parse.UpdateDeleteSemanticAnalyzer: Ending caching scope for: 
2024-04-24T00:52:03,056  INFO [main] ql.Driver: Semantic Analysis Completed (retrial = false)
2024-04-24T00:52:03,056  INFO [main] ql.Driver: Created Hive schema: Schema(fieldSchemas:[FieldSchema(name:row__id, type:struct<writeid:bigint,bucketid:int,rowid:bigint>, comment:null), FieldSchema(name:_c1, type:int, comment:null), FieldSchema(name:b, type:int, comment:null)], properties:null)
2024-04-24T00:52:03,056  INFO [main] metadata.Hive: Dumping metastore api call timing information for : compilation phase
2024-04-24T00:52:03,057  INFO [main] metadata.Hive: Total time spent in each metastore function (ms): {allocateTableWriteId_(long, String, String)=10, flushCache_()=0, getValidWriteIds_(List, String)=3, getAllTableConstraints_(AllTableConstraintsRequest)=6, getCheckConstraints_(CheckConstraintsRequest)=1, openTxn_(String, TxnType)=2, getTable_(GetTableRequest)=49, getNotNullConstraints_(NotNullConstraintsRequest)=1, commitTxn_(CommitTxnRequest)=12, isCompatibleWith_(Configuration)=1, getValidTxns_(long)=0, getTableColumnStatistics_(String, String, List, String)=34}
2024-04-24T00:52:03,057  INFO [main] ql.Driver: Completed compiling command(queryId=alex_20240424005202_3b8ceb2a-bdd7-4866-9ccc-e439d262d8d6); Time taken: 0.262 seconds
2024-04-24T00:52:03,057  INFO [main] lockmgr.DbTxnManager: Setting lock request transaction to txnid:22 for queryId=alex_20240424005202_3b8ceb2a-bdd7-4866-9ccc-e439d262d8d6
2024-04-24T00:52:03,058  INFO [main] lockmgr.DbLockManager: Requesting lock for queryId=alex_20240424005202_3b8ceb2a-bdd7-4866-9ccc-e439d262d8d6
2024-04-24T00:52:03,077  INFO [main] lockmgr.DbLockManager: Response to queryId=alex_20240424005202_3b8ceb2a-bdd7-4866-9ccc-e439d262d8d6 LockResponse(lockid:14, state:ACQUIRED)
2024-04-24T00:52:03,077  INFO [main] ql.Driver: Operation QUERY obtained 1 locks
2024-04-24T00:52:03,084  INFO [main] ql.Driver: Executing command(queryId=alex_20240424005202_3b8ceb2a-bdd7-4866-9ccc-e439d262d8d6): update T set a = 0 where b = 6
2024-04-24T00:52:03,084  WARN [main] ql.Driver: Hive-on-MR is deprecated in Hive 2 and may not be available in the future versions. Consider using a different execution engine (i.e. tez, spark) or using Hive 1.X releases.
Query ID = alex_20240424005202_3b8ceb2a-bdd7-4866-9ccc-e439d262d8d6
2024-04-24T00:52:03,084  INFO [main] ql.Driver: Query ID = alex_20240424005202_3b8ceb2a-bdd7-4866-9ccc-e439d262d8d6
Total jobs = 1
2024-04-24T00:52:03,084  INFO [main] ql.Driver: Total jobs = 1
Launching Job 1 out of 1
2024-04-24T00:52:03,084  INFO [main] ql.Driver: Launching Job 1 out of 1
2024-04-24T00:52:03,248  INFO [main] ql.Driver: Starting task [Stage-1:MAPRED] in serial mode
2024-04-24T00:52:03,248  INFO [main] exec.Utilities: Not using thread pool for getContentSummary
2024-04-24T00:52:03,249  INFO [main] exec.Utilities: BytesPerReducer=256000000 maxReducers=1009 totalInputFileSize=256
Number of reduce tasks not specified. Estimated from input data size: 1
2024-04-24T00:52:03,249  INFO [main] exec.Task: Number of reduce tasks not specified. Estimated from input data size: 1
In order to change the average load for a reducer (in bytes):
2024-04-24T00:52:03,249  INFO [main] exec.Task: In order to change the average load for a reducer (in bytes):
  set hive.exec.reducers.bytes.per.reducer=<number>
2024-04-24T00:52:03,249  INFO [main] exec.Task:   set hive.exec.reducers.bytes.per.reducer=<number>
In order to limit the maximum number of reducers:
2024-04-24T00:52:03,249  INFO [main] exec.Task: In order to limit the maximum number of reducers:
  set hive.exec.reducers.max=<number>
2024-04-24T00:52:03,249  INFO [main] exec.Task:   set hive.exec.reducers.max=<number>
In order to set a constant number of reducers:
2024-04-24T00:52:03,249  INFO [main] exec.Task: In order to set a constant number of reducers:
  set mapreduce.job.reduces=<number>
2024-04-24T00:52:03,249  INFO [main] exec.Task:   set mapreduce.job.reduces=<number>
2024-04-24T00:52:03,254  INFO [main] mr.ExecDriver: Using org.apache.hadoop.hive.ql.io.HiveInputFormat
2024-04-24T00:52:03,254  INFO [main] exec.Utilities: Processing alias t
2024-04-24T00:52:03,254  INFO [main] exec.Utilities: Adding 1 inputs; the first input is file:/home/alex/Repositories/hive/ql/target/tmp/org.apache.hadoop.hive.ql.TestTxnExIm-1713945026909/warehouse/t
2024-04-24T00:52:03,264  INFO [main] exec.SerializationUtilities: Serializing MapWork using kryo
2024-04-24T00:52:03,269  INFO [main] exec.Utilities: Serialized plan (via FILE) - name: null size: 6,82KB
2024-04-24T00:52:03,274  INFO [main] exec.SerializationUtilities: Serializing ReduceWork using kryo
2024-04-24T00:52:03,275  INFO [main] exec.Utilities: Serialized plan (via FILE) - name: null size: 7,39KB
2024-04-24T00:52:03,276  WARN [main] impl.MetricsSystemImpl: JobTracker metrics system already initialized!
2024-04-24T00:52:03,280  INFO [main] fs.FSStatsPublisher: created : file:/home/alex/Repositories/hive/ql/target/tmp/localscratchdir/cfe73dea-7ee9-488d-9c97-891c7dc18530/hive_2024-04-24_00-52-02_806_3816486277278736618-1/-mr-10000
2024-04-24T00:52:03,282  WARN [main] impl.MetricsSystemImpl: JobTracker metrics system already initialized!
2024-04-24T00:52:03,290  WARN [main] mapreduce.JobResourceUploader: Hadoop command-line option parsing not performed. Implement the Tool interface and execute your application with ToolRunner to remedy this.
2024-04-24T00:52:03,295  WARN [main] mapreduce.JobResourceUploader: No job jar file set.  User classes may not be found. See Job or Job#setJar(String).
2024-04-24T00:52:03,296  INFO [main] io.HiveInputFormat: hive.io.file.readcolumn.ids = 1
2024-04-24T00:52:03,296  INFO [main] io.HiveInputFormat: hive.io.file.readcolumn.names = b
2024-04-24T00:52:03,296  INFO [main] io.HiveInputFormat: Generating splits for dirs: file:/home/alex/Repositories/hive/ql/target/tmp/org.apache.hadoop.hive.ql.TestTxnExIm-1713945026909/warehouse/t
2024-04-24T00:52:03,296  INFO [main] orc.OrcInputFormat: getSplits started
2024-04-24T00:52:03,297  INFO [main] orc.OrcInputFormat: Context:: isAcid: true isVectorMode: true sarg: leaf-(EQUALS b 6) minSplitSize: 1 maxSplitSize: 256000000 splitStrategy: HYBRID footerInSplits: false numBuckets: 0 numThreads: 10 cacheMemSize: 268435456 cacheStripeDetails: true useSoftReference: false writeIdList: default.t:2:9223372036854775807:: isTransactionalTable: true txnProperties: default 
2024-04-24T00:52:03,297  INFO [main] orc.OrcInputFormat: ORC pushdown predicate: leaf-(EQUALS b 6)
2024-04-24T00:52:03,311  INFO [main] orc.OrcInputFormat: FooterCacheHitRatio: 1/1
2024-04-24T00:52:03,311  INFO [main] orc.OrcInputFormat: getSplits finished (#splits: 1). duration: 15 ms
2024-04-24T00:52:03,311  INFO [main] io.HiveInputFormat: number of splits 1
2024-04-24T00:52:03,330  INFO [main] mapreduce.JobSubmitter: number of splits:1
2024-04-24T00:52:03,354  INFO [main] mapreduce.JobSubmitter: Submitting tokens for job: job_local1277626202_0037
2024-04-24T00:52:03,354  INFO [main] mapreduce.JobSubmitter: Executing with tokens: []
2024-04-24T00:52:03,420  INFO [main] mapreduce.Job: The url to track the job: http://localhost:8080/
Job running in-process (local Hadoop)
2024-04-24T00:52:03,421  INFO [main] exec.Task: Job running in-process (local Hadoop)
2024-04-24T00:52:03,421  INFO [Thread-2633] mapred.LocalJobRunner: OutputCommitter set in config org.apache.hadoop.hive.ql.io.HiveFileFormatUtils$NullOutputCommitter
2024-04-24T00:52:03,421  INFO [Thread-2633] mapred.LocalJobRunner: OutputCommitter is org.apache.hadoop.hive.ql.io.HiveFileFormatUtils$NullOutputCommitter
2024-04-24T00:52:03,422  INFO [Thread-2633] mapred.LocalJobRunner: Waiting for map tasks
2024-04-24T00:52:03,423  INFO [LocalJobRunner Map Task Executor #0] mapred.LocalJobRunner: Starting task: attempt_local1277626202_0037_m_000000_0
2024-04-24T00:52:03,423  INFO [LocalJobRunner Map Task Executor #0] mapred.Task:  Using ResourceCalculatorProcessTree : [ ]
2024-04-24T00:52:03,424  INFO [LocalJobRunner Map Task Executor #0] mapred.MapTask: Processing split: org.apache.hadoop.hive.ql.io.orc.OrcInputFormat:OrcSplit [file:/home/alex/Repositories/hive/ql/target/tmp/org.apache.hadoop.hive.ql.TestTxnExIm-1713945026909/warehouse/t/delta_0000001_0000001_0000/000000_0, start=3, length=112, isOriginal=true, fileLength=256, hasFooter=false, hasBase=true, deltas=0]
2024-04-24T00:52:03,424  INFO [LocalJobRunner Map Task Executor #0] exec.SerializationUtilities: Deserializing MapWork using kryo
2024-04-24T00:52:03,426  INFO [LocalJobRunner Map Task Executor #0] exec.Utilities: Deserialized plan (via FILE) - name: null size: 6,82KB
2024-04-24T00:52:03,427  INFO [LocalJobRunner Map Task Executor #0] orc.OrcInputFormat: ORC pushdown predicate: leaf-(EQUALS b 6)
2024-04-24T00:52:03,427  INFO [LocalJobRunner Map Task Executor #0] orc.VectorizedOrcAcidRowBatchReader: Read ValidWriteIdList: default.t:2:9223372036854775807:::OrcSplit [file:/home/alex/Repositories/hive/ql/target/tmp/org.apache.hadoop.hive.ql.TestTxnExIm-1713945026909/warehouse/t/delta_0000001_0000001_0000/000000_0, start=3, length=112, isOriginal=true, fileLength=256, hasFooter=false, hasBase=true, deltas=0]
2024-04-24T00:52:03,427  INFO [LocalJobRunner Map Task Executor #0] orc.ReaderImpl: Reading ORC rows from file:/home/alex/Repositories/hive/ql/target/tmp/org.apache.hadoop.hive.ql.TestTxnExIm-1713945026909/warehouse/t/delta_0000001_0000001_0000/000000_0 with {include: [true, false, true], offset: 3, length: 112, sarg: leaf-(EQUALS b 6), schema: struct<a:int,b:int>, includeAcidColumns: true}
2024-04-24T00:52:03,429  INFO [LocalJobRunner Map Task Executor #0] mapred.MapTask: numReduceTasks: 1
2024-04-24T00:52:03,434  INFO [LocalJobRunner Map Task Executor #0] mapred.MapTask: (EQUATOR) 0 kvi 26214396(104857584)
2024-04-24T00:52:03,434  INFO [LocalJobRunner Map Task Executor #0] mapred.MapTask: mapreduce.task.io.sort.mb: 100
2024-04-24T00:52:03,434  INFO [LocalJobRunner Map Task Executor #0] mapred.MapTask: soft limit at 83886080
2024-04-24T00:52:03,434  INFO [LocalJobRunner Map Task Executor #0] mapred.MapTask: bufstart = 0; bufvoid = 104857600
2024-04-24T00:52:03,434  INFO [LocalJobRunner Map Task Executor #0] mapred.MapTask: kvstart = 26214396; length = 6553600
2024-04-24T00:52:03,434  INFO [LocalJobRunner Map Task Executor #0] mapred.MapTask: Map output collector class = org.apache.hadoop.mapred.MapTask$MapOutputBuffer
2024-04-24T00:52:03,435  INFO [LocalJobRunner Map Task Executor #0] vector.VectorMapOperator: Initializing Operator: MAP[0]
2024-04-24T00:52:03,435  INFO [LocalJobRunner Map Task Executor #0] mr.ExecMapper: 
<MAP>Id =0
  <Children>null
  <\Children>
  <Parent><\Parent>
<\MAP>
2024-04-24T00:52:03,435  INFO [LocalJobRunner Map Task Executor #0] exec.TableScanOperator: Initializing Operator: TS[0]
2024-04-24T00:52:03,435  INFO [LocalJobRunner Map Task Executor #0] vector.VectorFilterOperator: Initializing Operator: FIL[10]
2024-04-24T00:52:03,436  INFO [LocalJobRunner Map Task Executor #0] vector.VectorSelectOperator: Initializing Operator: SEL[11]
2024-04-24T00:52:03,436  INFO [LocalJobRunner Map Task Executor #0] vector.VectorReduceSinkOperator: Initializing Operator: RS[12]
2024-04-24T00:52:03,436  INFO [LocalJobRunner Map Task Executor #0] vector.VectorReduceSinkOperator: Using tag = -1
2024-04-24T00:52:03,437  INFO [LocalJobRunner Map Task Executor #0] vector.VectorReduceSinkOperator: keys are [reducesinkkey0] num distributions: 1
2024-04-24T00:52:03,438 ERROR [LocalJobRunner Map Task Executor #0] mr.ExecMapper: org.apache.hadoop.hive.ql.metadata.HiveException: Hive Runtime Error while processing row 
	at org.apache.hadoop.hive.ql.exec.vector.VectorMapOperator.process(VectorMapOperator.java:993)
	at org.apache.hadoop.hive.ql.exec.mr.ExecMapper.map(ExecMapper.java:148)
	at org.apache.hadoop.mapred.MapRunner.run(MapRunner.java:54)
	at org.apache.hadoop.hive.ql.exec.mr.ExecMapRunner.run(ExecMapRunner.java:37)
	at org.apache.hadoop.mapred.MapTask.runOldMapper(MapTask.java:465)
	at org.apache.hadoop.mapred.MapTask.run(MapTask.java:349)
	at org.apache.hadoop.mapred.LocalJobRunner$Job$MapTaskRunnable.run(LocalJobRunner.java:271)
	at java.util.concurrent.Executors$RunnableAdapter.call(Executors.java:511)
	at java.util.concurrent.FutureTask.run(FutureTask.java:266)
	at java.util.concurrent.ThreadPoolExecutor.runWorker(ThreadPoolExecutor.java:1149)
	at java.util.concurrent.ThreadPoolExecutor$Worker.run(ThreadPoolExecutor.java:624)
	at java.lang.Thread.run(Thread.java:750)
Caused by: org.apache.hadoop.hive.ql.exec.NoMatchingMethodException: No matching method for class org.apache.hadoop.hive.ql.udf.UDFToInteger with (struct<writeid:bigint,bucketid:int,rowid:bigint>). Possible choices: _FUNC_(bigint)  _FUNC_(boolean)  _FUNC_(decimal(38,18))  _FUNC_(double)  _FUNC_(float)  _FUNC_(smallint)  _FUNC_(string)  _FUNC_(struct<rowid:bigint,bucketid:bigint,writeid:int>)  _FUNC_(timestamp)  _FUNC_(tinyint)  _FUNC_(void)  
	at org.apache.hadoop.hive.ql.exec.MethodUtils.getMethodInternal(MethodUtils.java:130)
	at org.apache.hadoop.hive.ql.exec.MethodUtils.getMethodInternal(MethodUtils.java:60)
	at org.apache.hadoop.hive.ql.exec.DefaultUDFMethodResolver.getEvalMethod(DefaultUDFMethodResolver.java:59)
	at org.apache.hadoop.hive.ql.udf.TimestampCastRestrictorResolver.getEvalMethod(TimestampCastRestrictorResolver.java:68)
	at org.apache.hadoop.hive.ql.udf.generic.GenericUDFBridge.initialize(GenericUDFBridge.java:168)
	at org.apache.hadoop.hive.ql.udf.generic.GenericUDF.initializeAndFoldConstants(GenericUDF.java:149)
	at org.apache.hadoop.hive.ql.exec.ExprNodeGenericFuncEvaluator.initialize(ExprNodeGenericFuncEvaluator.java:184)
	at org.apache.hadoop.hive.ql.exec.Operator.initEvaluators(Operator.java:1073)
	at org.apache.hadoop.hive.ql.exec.ReduceSinkOperator.process(ReduceSinkOperator.java:307)
	at org.apache.hadoop.hive.ql.exec.vector.VectorReduceSinkOperator.process(VectorReduceSinkOperator.java:110)
	at org.apache.hadoop.hive.ql.exec.Operator.vectorForward(Operator.java:919)
	at org.apache.hadoop.hive.ql.exec.vector.VectorSelectOperator.process(VectorSelectOperator.java:158)
	at org.apache.hadoop.hive.ql.exec.Operator.vectorForward(Operator.java:919)
	at org.apache.hadoop.hive.ql.exec.vector.VectorFilterOperator.process(VectorFilterOperator.java:136)
	at org.apache.hadoop.hive.ql.exec.Operator.vectorForward(Operator.java:919)
	at org.apache.hadoop.hive.ql.exec.TableScanOperator.process(TableScanOperator.java:171)
	at org.apache.hadoop.hive.ql.exec.vector.VectorMapOperator.deliverVectorizedRowBatch(VectorMapOperator.java:809)
	at org.apache.hadoop.hive.ql.exec.vector.VectorMapOperator.process(VectorMapOperator.java:878)
	... 11 more

2024-04-24T00:52:03,438  INFO [LocalJobRunner Map Task Executor #0] vector.VectorMapOperator: Closing Operator: MAP[0]
2024-04-24T00:52:03,438  INFO [LocalJobRunner Map Task Executor #0] vector.VectorMapOperator: RECORDS_OUT_OPERATOR_MAP_0:0, RECORDS_OUT_INTERMEDIATE:0, RECORDS_IN:3, DESERIALIZE_ERRORS:0, 
2024-04-24T00:52:03,438  INFO [LocalJobRunner Map Task Executor #0] exec.TableScanOperator: Closing Operator: TS[0]
2024-04-24T00:52:03,438  INFO [LocalJobRunner Map Task Executor #0] exec.TableScanOperator: RECORDS_OUT_INTERMEDIATE:0, RECORDS_OUT_OPERATOR_TS_0:3, 
2024-04-24T00:52:03,438  INFO [LocalJobRunner Map Task Executor #0] vector.VectorFilterOperator: Closing Operator: FIL[10]
2024-04-24T00:52:03,438  INFO [LocalJobRunner Map Task Executor #0] vector.VectorFilterOperator: RECORDS_OUT_INTERMEDIATE:0, RECORDS_OUT_OPERATOR_FIL_10:1, 
2024-04-24T00:52:03,438  INFO [LocalJobRunner Map Task Executor #0] vector.VectorSelectOperator: Closing Operator: SEL[11]
2024-04-24T00:52:03,438  INFO [LocalJobRunner Map Task Executor #0] vector.VectorSelectOperator: RECORDS_OUT_OPERATOR_SEL_11:1, RECORDS_OUT_INTERMEDIATE:0, 
2024-04-24T00:52:03,438  INFO [LocalJobRunner Map Task Executor #0] vector.VectorReduceSinkOperator: Closing Operator: RS[12]
2024-04-24T00:52:03,438  INFO [LocalJobRunner Map Task Executor #0] vector.VectorReduceSinkOperator: RS[12]: Total records written - 0. abort - true
2024-04-24T00:52:03,438  INFO [LocalJobRunner Map Task Executor #0] vector.VectorReduceSinkOperator: RECORDS_OUT_OPERATOR_RS_12:0, RECORDS_OUT_INTERMEDIATE:0, 
2024-04-24T00:52:03,439  INFO [Thread-2633] mapred.LocalJobRunner: map task executor complete.
2024-04-24T00:52:03,439  WARN [Thread-2633] mapred.LocalJobRunner: job_local1277626202_0037
java.lang.Exception: java.lang.RuntimeException: org.apache.hadoop.hive.ql.metadata.HiveException: Hive Runtime Error while processing row 
	at org.apache.hadoop.mapred.LocalJobRunner$Job.runTasks(LocalJobRunner.java:492) ~[hadoop-mapreduce-client-common-3.1.0.jar:?]
	at org.apache.hadoop.mapred.LocalJobRunner$Job.run(LocalJobRunner.java:552) [hadoop-mapreduce-client-common-3.1.0.jar:?]
Caused by: java.lang.RuntimeException: org.apache.hadoop.hive.ql.metadata.HiveException: Hive Runtime Error while processing row 
	at org.apache.hadoop.hive.ql.exec.mr.ExecMapper.map(ExecMapper.java:157) ~[classes/:?]
	at org.apache.hadoop.mapred.MapRunner.run(MapRunner.java:54) ~[hadoop-mapreduce-client-core-3.1.0.jar:?]
	at org.apache.hadoop.hive.ql.exec.mr.ExecMapRunner.run(ExecMapRunner.java:37) ~[classes/:?]
	at org.apache.hadoop.mapred.MapTask.runOldMapper(MapTask.java:465) ~[hadoop-mapreduce-client-core-3.1.0.jar:?]
	at org.apache.hadoop.mapred.MapTask.run(MapTask.java:349) ~[hadoop-mapreduce-client-core-3.1.0.jar:?]
	at org.apache.hadoop.mapred.LocalJobRunner$Job$MapTaskRunnable.run(LocalJobRunner.java:271) ~[hadoop-mapreduce-client-common-3.1.0.jar:?]
	at java.util.concurrent.Executors$RunnableAdapter.call(Executors.java:511) ~[?:1.8.0_402]
	at java.util.concurrent.FutureTask.run(FutureTask.java:266) ~[?:1.8.0_402]
	at java.util.concurrent.ThreadPoolExecutor.runWorker(ThreadPoolExecutor.java:1149) ~[?:1.8.0_402]
	at java.util.concurrent.ThreadPoolExecutor$Worker.run(ThreadPoolExecutor.java:624) ~[?:1.8.0_402]
	at java.lang.Thread.run(Thread.java:750) ~[?:1.8.0_402]
Caused by: org.apache.hadoop.hive.ql.metadata.HiveException: Hive Runtime Error while processing row 
	at org.apache.hadoop.hive.ql.exec.vector.VectorMapOperator.process(VectorMapOperator.java:993) ~[classes/:?]
	at org.apache.hadoop.hive.ql.exec.mr.ExecMapper.map(ExecMapper.java:148) ~[classes/:?]
	at org.apache.hadoop.mapred.MapRunner.run(MapRunner.java:54) ~[hadoop-mapreduce-client-core-3.1.0.jar:?]
	at org.apache.hadoop.hive.ql.exec.mr.ExecMapRunner.run(ExecMapRunner.java:37) ~[classes/:?]
	at org.apache.hadoop.mapred.MapTask.runOldMapper(MapTask.java:465) ~[hadoop-mapreduce-client-core-3.1.0.jar:?]
	at org.apache.hadoop.mapred.MapTask.run(MapTask.java:349) ~[hadoop-mapreduce-client-core-3.1.0.jar:?]
	at org.apache.hadoop.mapred.LocalJobRunner$Job$MapTaskRunnable.run(LocalJobRunner.java:271) ~[hadoop-mapreduce-client-common-3.1.0.jar:?]
	at java.util.concurrent.Executors$RunnableAdapter.call(Executors.java:511) ~[?:1.8.0_402]
	at java.util.concurrent.FutureTask.run(FutureTask.java:266) ~[?:1.8.0_402]
	at java.util.concurrent.ThreadPoolExecutor.runWorker(ThreadPoolExecutor.java:1149) ~[?:1.8.0_402]
	at java.util.concurrent.ThreadPoolExecutor$Worker.run(ThreadPoolExecutor.java:624) ~[?:1.8.0_402]
	at java.lang.Thread.run(Thread.java:750) ~[?:1.8.0_402]
Caused by: org.apache.hadoop.hive.ql.exec.NoMatchingMethodException: No matching method for class org.apache.hadoop.hive.ql.udf.UDFToInteger with (struct<writeid:bigint,bucketid:int,rowid:bigint>). Possible choices: _FUNC_(bigint)  _FUNC_(boolean)  _FUNC_(decimal(38,18))  _FUNC_(double)  _FUNC_(float)  _FUNC_(smallint)  _FUNC_(string)  _FUNC_(struct<rowid:bigint,bucketid:bigint,writeid:int>)  _FUNC_(timestamp)  _FUNC_(tinyint)  _FUNC_(void)  
	at org.apache.hadoop.hive.ql.exec.MethodUtils.getMethodInternal(MethodUtils.java:130) ~[classes/:?]
	at org.apache.hadoop.hive.ql.exec.MethodUtils.getMethodInternal(MethodUtils.java:60) ~[classes/:?]
	at org.apache.hadoop.hive.ql.exec.DefaultUDFMethodResolver.getEvalMethod(DefaultUDFMethodResolver.java:59) ~[classes/:?]
	at org.apache.hadoop.hive.ql.udf.TimestampCastRestrictorResolver.getEvalMethod(TimestampCastRestrictorResolver.java:68) ~[classes/:?]
	at org.apache.hadoop.hive.ql.udf.generic.GenericUDFBridge.initialize(GenericUDFBridge.java:168) ~[classes/:?]
	at org.apache.hadoop.hive.ql.udf.generic.GenericUDF.initializeAndFoldConstants(GenericUDF.java:149) ~[classes/:?]
	at org.apache.hadoop.hive.ql.exec.ExprNodeGenericFuncEvaluator.initialize(ExprNodeGenericFuncEvaluator.java:184) ~[classes/:?]
	at org.apache.hadoop.hive.ql.exec.Operator.initEvaluators(Operator.java:1073) ~[classes/:?]
	at org.apache.hadoop.hive.ql.exec.ReduceSinkOperator.process(ReduceSinkOperator.java:307) ~[classes/:?]
	at org.apache.hadoop.hive.ql.exec.vector.VectorReduceSinkOperator.process(VectorReduceSinkOperator.java:110) ~[classes/:?]
	at org.apache.hadoop.hive.ql.exec.Operator.vectorForward(Operator.java:919) ~[classes/:?]
	at org.apache.hadoop.hive.ql.exec.vector.VectorSelectOperator.process(VectorSelectOperator.java:158) ~[classes/:?]
	at org.apache.hadoop.hive.ql.exec.Operator.vectorForward(Operator.java:919) ~[classes/:?]
	at org.apache.hadoop.hive.ql.exec.vector.VectorFilterOperator.process(VectorFilterOperator.java:136) ~[classes/:?]
	at org.apache.hadoop.hive.ql.exec.Operator.vectorForward(Operator.java:919) ~[classes/:?]
	at org.apache.hadoop.hive.ql.exec.TableScanOperator.process(TableScanOperator.java:171) ~[classes/:?]
	at org.apache.hadoop.hive.ql.exec.vector.VectorMapOperator.deliverVectorizedRowBatch(VectorMapOperator.java:809) ~[classes/:?]
	at org.apache.hadoop.hive.ql.exec.vector.VectorMapOperator.process(VectorMapOperator.java:878) ~[classes/:?]
	at org.apache.hadoop.hive.ql.exec.mr.ExecMapper.map(ExecMapper.java:148) ~[classes/:?]
	at org.apache.hadoop.mapred.MapRunner.run(MapRunner.java:54) ~[hadoop-mapreduce-client-core-3.1.0.jar:?]
	at org.apache.hadoop.hive.ql.exec.mr.ExecMapRunner.run(ExecMapRunner.java:37) ~[classes/:?]
	at org.apache.hadoop.mapred.MapTask.runOldMapper(MapTask.java:465) ~[hadoop-mapreduce-client-core-3.1.0.jar:?]
	at org.apache.hadoop.mapred.MapTask.run(MapTask.java:349) ~[hadoop-mapreduce-client-core-3.1.0.jar:?]
	at org.apache.hadoop.mapred.LocalJobRunner$Job$MapTaskRunnable.run(LocalJobRunner.java:271) ~[hadoop-mapreduce-client-common-3.1.0.jar:?]
	at java.util.concurrent.Executors$RunnableAdapter.call(Executors.java:511) ~[?:1.8.0_402]
	at java.util.concurrent.FutureTask.run(FutureTask.java:266) ~[?:1.8.0_402]
	at java.util.concurrent.ThreadPoolExecutor.runWorker(ThreadPoolExecutor.java:1149) ~[?:1.8.0_402]
	at java.util.concurrent.ThreadPoolExecutor$Worker.run(ThreadPoolExecutor.java:624) ~[?:1.8.0_402]
	at java.lang.Thread.run(Thread.java:750) ~[?:1.8.0_402]
2024-04-24T00:52:04,422  WARN [main] mapreduce.Counters: Group org.apache.hadoop.mapred.Task$Counter is deprecated. Use org.apache.hadoop.mapreduce.TaskCounter instead
2024-04-24 00:52:04,422 Stage-1 map = 0%,  reduce = 0%
2024-04-24T00:52:04,422  INFO [main] exec.Task: 2024-04-24 00:52:04,422 Stage-1 map = 0%,  reduce = 0%
2024-04-24T00:52:04,422  WARN [main] mapreduce.Counters: Group org.apache.hadoop.mapred.Task$Counter is deprecated. Use org.apache.hadoop.mapreduce.TaskCounter instead
Ended Job = job_local1277626202_0037 with errors
2024-04-24T00:52:04,423 ERROR [main] exec.Task: Ended Job = job_local1277626202_0037 with errors
Error during job, obtaining debugging information...
2024-04-24T00:52:04,426 ERROR [Thread-2638] exec.Task: Error during job, obtaining debugging information...
2024-04-24T00:52:04,432  INFO [main] FileOperations: Deleting file:/home/alex/Repositories/hive/ql/target/tmp/org.apache.hadoop.hive.ql.TestTxnExIm-1713945026909/warehouse/t/_tmp.delta_0000002_0000002_0000 on failure
FAILED: Execution Error, return code 2 from org.apache.hadoop.hive.ql.exec.mr.MapRedTask
2024-04-24T00:52:04,433 ERROR [main] ql.Driver: FAILED: Execution Error, return code 2 from org.apache.hadoop.hive.ql.exec.mr.MapRedTask
2024-04-24T00:52:04,433  INFO [main] metadata.Hive: Dumping metastore api call timing information for : execution phase
2024-04-24T00:52:04,433  INFO [main] metadata.Hive: Total time spent in each metastore function (ms): {}
MapReduce Jobs Launched: 
2024-04-24T00:52:04,434  INFO [main] ql.Driver: MapReduce Jobs Launched: 
2024-04-24T00:52:04,434  WARN [main] mapreduce.Counters: Group FileSystemCounters is deprecated. Use org.apache.hadoop.mapreduce.FileSystemCounter instead
Stage-Stage-1:  HDFS Read: 0 HDFS Write: 0 FAIL
2024-04-24T00:52:04,434  INFO [main] ql.Driver: Stage-Stage-1:  HDFS Read: 0 HDFS Write: 0 FAIL
Total MapReduce CPU Time Spent: 0 msec
2024-04-24T00:52:04,434  INFO [main] ql.Driver: Total MapReduce CPU Time Spent: 0 msec
2024-04-24T00:52:04,435  INFO [main] ql.Driver: Completed executing command(queryId=alex_20240424005202_3b8ceb2a-bdd7-4866-9ccc-e439d262d8d6); Time taken: 1.349 seconds
2024-04-24T00:52:04,435  INFO [main] lockmgr.DbTxnManager: Stopped heartbeat for query: alex_20240424005202_3b8ceb2a-bdd7-4866-9ccc-e439d262d8d6
2024-04-24T00:52:04,441  INFO [main] txn.TxnHandler: Removed transactions: ([22]) from MIN_HISTORY_LEVEL
2024-04-24T00:52:04,460  INFO [main] ql.TxnCommandsBaseForTests: Running the query: drop table if exists acidTbl
2024-04-24T00:52:04,460  INFO [main] ql.Context: Deleting scratch dir: file:/home/alex/Repositories/hive/ql/target/tmp/localscratchdir/cfe73dea-7ee9-488d-9c97-891c7dc18530/hive_2024-04-24_00-52-02_806_3816486277278736618-1
2024-04-24T00:52:04,460  INFO [main] cleanup.SyncCleanupService: Deleted directory: file:/home/alex/Repositories/hive/ql/target/tmp/localscratchdir/cfe73dea-7ee9-488d-9c97-891c7dc18530/hive_2024-04-24_00-52-02_806_3816486277278736618-1 on fs with scheme file
2024-04-24T00:52:04,460  INFO [main] ql.Context: Deleting scratch dir: file:/home/alex/Repositories/hive/ql/target/tmp/localscratchdir/cfe73dea-7ee9-488d-9c97-891c7dc18530/hive_2024-04-24_00-52-02_794_8467449648380542177-1
2024-04-24T00:52:04,461  INFO [main] cleanup.SyncCleanupService: Deleted directory: file:/home/alex/Repositories/hive/ql/target/tmp/localscratchdir/cfe73dea-7ee9-488d-9c97-891c7dc18530/hive_2024-04-24_00-52-02_794_8467449648380542177-1 on fs with scheme file
2024-04-24T00:52:04,461  INFO [main] ql.Driver: Compiling command(queryId=alex_20240424005204_fb22e6fe-bd0b-482f-8c4e-74345c9f5d6a): drop table if exists acidTbl
2024-04-24T00:52:04,465  INFO [main] txn.TxnHandler: Added entries to MIN_HISTORY_LEVEL for current txns: ([23]) with min_open_txn: 23
2024-04-24T00:52:04,465  INFO [main] lockmgr.DbTxnManager: Opened txnid:23
2024-04-24T00:52:04,466  INFO [main] HiveMetaStore.audit: ugi=alex	ip=unknown-ip-addr	cmd=get_table : tbl=hive.default.acidTbl	
2024-04-24T00:52:04,477  INFO [main] metastore.HMSHandler: Skipping translation for processor with null
2024-04-24T00:52:04,477  INFO [main] ql.Driver: Semantic Analysis Completed (retrial = false)
2024-04-24T00:52:04,477  INFO [main] ql.Driver: Created Hive schema: Schema(fieldSchemas:null, properties:null)
2024-04-24T00:52:04,477  INFO [main] metadata.Hive: Dumping metastore api call timing information for : compilation phase
2024-04-24T00:52:04,477  INFO [main] metadata.Hive: Total time spent in each metastore function (ms): {getTable_(GetTableRequest)=11, getValidTxns_(long)=0, rollbackTxn_(long)=24, openTxn_(String, TxnType)=3, flushCache_()=0, isCompatibleWith_(Configuration)=0}
2024-04-24T00:52:04,477  INFO [main] ql.Driver: Completed compiling command(queryId=alex_20240424005204_fb22e6fe-bd0b-482f-8c4e-74345c9f5d6a); Time taken: 0.016 seconds
2024-04-24T00:52:04,477  INFO [main] lockmgr.DbTxnManager: Setting lock request transaction to txnid:23 for queryId=alex_20240424005204_fb22e6fe-bd0b-482f-8c4e-74345c9f5d6a
2024-04-24T00:52:04,478  INFO [main] lockmgr.DbLockManager: Requesting lock for queryId=alex_20240424005204_fb22e6fe-bd0b-482f-8c4e-74345c9f5d6a
2024-04-24T00:52:04,493  INFO [main] lockmgr.DbLockManager: Response to queryId=alex_20240424005204_fb22e6fe-bd0b-482f-8c4e-74345c9f5d6a LockResponse(lockid:15, state:ACQUIRED)
2024-04-24T00:52:04,493  INFO [main] ql.Driver: Operation DROPTABLE obtained 1 locks
2024-04-24T00:52:04,493  INFO [main] ql.Driver: Executing command(queryId=alex_20240424005204_fb22e6fe-bd0b-482f-8c4e-74345c9f5d6a): drop table if exists acidTbl
2024-04-24T00:52:04,494  INFO [main] ql.Driver: Starting task [Stage-0:DDL] in serial mode
2024-04-24T00:52:04,494  INFO [main] HiveMetaStore.audit: ugi=alex	ip=unknown-ip-addr	cmd=get_table : tbl=hive.default.acidTbl	
2024-04-24T00:52:04,501  INFO [main] metastore.HMSHandler: Skipping translation for processor with null
2024-04-24T00:52:04,501  INFO [main] HiveMetaStore.audit: ugi=alex	ip=unknown-ip-addr	cmd=get_table : tbl=hive.default.acidTbl	
2024-04-24T00:52:04,508  INFO [main] metastore.HMSHandler: Skipping translation for processor with null
2024-04-24T00:52:04,508  INFO [main] HiveMetaStore.audit: ugi=alex	ip=unknown-ip-addr	cmd=drop_table : tbl=hive.default.acidTbl	
2024-04-24T00:52:04,634  INFO [main] metadata.Hive: Dumping metastore api call timing information for : execution phase
2024-04-24T00:52:04,634  INFO [main] metadata.Hive: Total time spent in each metastore function (ms): {isCompatibleWith_(Configuration)=0, dropTable_(String, String, boolean, boolean, boolean)=133, getTable_(GetTableRequest)=7}
2024-04-24T00:52:04,634  INFO [main] ql.Driver: Completed executing command(queryId=alex_20240424005204_fb22e6fe-bd0b-482f-8c4e-74345c9f5d6a); Time taken: 0.141 seconds
2024-04-24T00:52:04,634  INFO [main] lockmgr.DbTxnManager: Stopped heartbeat for query: alex_20240424005204_fb22e6fe-bd0b-482f-8c4e-74345c9f5d6a
2024-04-24T00:52:04,638  INFO [main] txn.TxnHandler: Expected to move at least one record from txn_components to completed_txn_components when committing txn! txnid:23
2024-04-24T00:52:04,645  INFO [main] txn.TxnHandler: Removed transactions: ([23]) from MIN_HISTORY_LEVEL
2024-04-24T00:52:04,646  WARN [main] txn.CompactionTxnHandler: No compaction queue record found for Compaction type transaction commit. txnId:23
2024-04-24T00:52:04,647  INFO [main] ql.TxnCommandsBaseForTests: Running the query: drop table if exists acidTblPart
2024-04-24T00:52:04,647  INFO [main] ql.Driver: Compiling command(queryId=alex_20240424005204_db0b5591-e2c2-4382-b735-28d9b06725fc): drop table if exists acidTblPart
2024-04-24T00:52:04,649  INFO [main] txn.TxnHandler: Added entries to MIN_HISTORY_LEVEL for current txns: ([24]) with min_open_txn: 23
2024-04-24T00:52:04,650  INFO [main] lockmgr.DbTxnManager: Opened txnid:24
2024-04-24T00:52:04,650  INFO [main] HiveMetaStore.audit: ugi=alex	ip=unknown-ip-addr	cmd=get_table : tbl=hive.default.acidTblPart	
2024-04-24T00:52:04,658  INFO [main] metastore.HMSHandler: Skipping translation for processor with null
2024-04-24T00:52:04,658  INFO [main] ql.Driver: Semantic Analysis Completed (retrial = false)
2024-04-24T00:52:04,658  INFO [main] ql.Driver: Created Hive schema: Schema(fieldSchemas:null, properties:null)
2024-04-24T00:52:04,658  INFO [main] metadata.Hive: Dumping metastore api call timing information for : compilation phase
2024-04-24T00:52:04,658  INFO [main] metadata.Hive: Total time spent in each metastore function (ms): {getValidTxns_(long)=0, commitTxn_(CommitTxnRequest)=11, getTable_(GetTableRequest)=8, flushCache_()=0, isCompatibleWith_(Configuration)=1, openTxn_(String, TxnType)=3}
2024-04-24T00:52:04,658  INFO [main] ql.Driver: Completed compiling command(queryId=alex_20240424005204_db0b5591-e2c2-4382-b735-28d9b06725fc); Time taken: 0.011 seconds
2024-04-24T00:52:04,659  INFO [main] lockmgr.DbTxnManager: Setting lock request transaction to txnid:24 for queryId=alex_20240424005204_db0b5591-e2c2-4382-b735-28d9b06725fc
2024-04-24T00:52:04,659  INFO [main] lockmgr.DbLockManager: Requesting lock for queryId=alex_20240424005204_db0b5591-e2c2-4382-b735-28d9b06725fc
2024-04-24T00:52:04,674  INFO [main] lockmgr.DbLockManager: Response to queryId=alex_20240424005204_db0b5591-e2c2-4382-b735-28d9b06725fc LockResponse(lockid:16, state:ACQUIRED)
2024-04-24T00:52:04,674  INFO [main] ql.Driver: Operation DROPTABLE obtained 1 locks
2024-04-24T00:52:04,674  INFO [main] ql.Driver: Executing command(queryId=alex_20240424005204_db0b5591-e2c2-4382-b735-28d9b06725fc): drop table if exists acidTblPart
2024-04-24T00:52:04,674  INFO [main] ql.Driver: Starting task [Stage-0:DDL] in serial mode
2024-04-24T00:52:04,674  INFO [main] HiveMetaStore.audit: ugi=alex	ip=unknown-ip-addr	cmd=get_table : tbl=hive.default.acidTblPart	
2024-04-24T00:52:04,682  INFO [main] metastore.HMSHandler: Skipping translation for processor with null
2024-04-24T00:52:04,682  INFO [main] HiveMetaStore.audit: ugi=alex	ip=unknown-ip-addr	cmd=get_table : tbl=hive.default.acidTblPart	
2024-04-24T00:52:04,690  INFO [main] metastore.HMSHandler: Skipping translation for processor with null
2024-04-24T00:52:04,690  INFO [main] HiveMetaStore.audit: ugi=alex	ip=unknown-ip-addr	cmd=drop_table : tbl=hive.default.acidTblPart	
2024-04-24T00:52:04,734  INFO [main] metadata.Hive: Dumping metastore api call timing information for : execution phase
2024-04-24T00:52:04,734  INFO [main] metadata.Hive: Total time spent in each metastore function (ms): {isCompatibleWith_(Configuration)=0, dropTable_(String, String, boolean, boolean, boolean)=52, getTable_(GetTableRequest)=8}
2024-04-24T00:52:04,734  INFO [main] ql.Driver: Completed executing command(queryId=alex_20240424005204_db0b5591-e2c2-4382-b735-28d9b06725fc); Time taken: 0.06 seconds
2024-04-24T00:52:04,734  INFO [main] lockmgr.DbTxnManager: Stopped heartbeat for query: alex_20240424005204_db0b5591-e2c2-4382-b735-28d9b06725fc
2024-04-24T00:52:04,738  INFO [main] txn.TxnHandler: Expected to move at least one record from txn_components to completed_txn_components when committing txn! txnid:24
2024-04-24T00:52:04,745  INFO [main] txn.TxnHandler: Removed transactions: ([24]) from MIN_HISTORY_LEVEL
2024-04-24T00:52:04,745  WARN [main] txn.CompactionTxnHandler: No compaction queue record found for Compaction type transaction commit. txnId:24
2024-04-24T00:52:04,746  INFO [main] ql.TxnCommandsBaseForTests: Running the query: drop table if exists acidTbl2
2024-04-24T00:52:04,746  INFO [main] ql.Driver: Compiling command(queryId=alex_20240424005204_775d7adc-17c6-45fe-bf2b-1656015117b8): drop table if exists acidTbl2
2024-04-24T00:52:04,749  INFO [main] txn.TxnHandler: Added entries to MIN_HISTORY_LEVEL for current txns: ([25]) with min_open_txn: 23
2024-04-24T00:52:04,749  INFO [main] lockmgr.DbTxnManager: Opened txnid:25
2024-04-24T00:52:04,750  INFO [main] ql.Driver: Semantic Analysis Completed (retrial = false)
2024-04-24T00:52:04,750  INFO [main] ql.Driver: Created Hive schema: Schema(fieldSchemas:null, properties:null)
2024-04-24T00:52:04,750  INFO [main] metadata.Hive: Dumping metastore api call timing information for : compilation phase
2024-04-24T00:52:04,750  INFO [main] metadata.Hive: Total time spent in each metastore function (ms): {flushCache_()=0, getValidTxns_(long)=1, getTable_(GetTableRequest)=0, isCompatibleWith_(Configuration)=0, commitTxn_(CommitTxnRequest)=12, openTxn_(String, TxnType)=2}
2024-04-24T00:52:04,751  INFO [main] ql.Driver: Completed compiling command(queryId=alex_20240424005204_775d7adc-17c6-45fe-bf2b-1656015117b8); Time taken: 0.004 seconds
2024-04-24T00:52:04,751  INFO [main] lockmgr.DbTxnManager: Setting lock request transaction to txnid:25 for queryId=alex_20240424005204_775d7adc-17c6-45fe-bf2b-1656015117b8
2024-04-24T00:52:04,751  INFO [main] ql.Driver: Operation DROPTABLE obtained 0 locks
2024-04-24T00:52:04,751  INFO [main] ql.Driver: Executing command(queryId=alex_20240424005204_775d7adc-17c6-45fe-bf2b-1656015117b8): drop table if exists acidTbl2
2024-04-24T00:52:04,751  INFO [main] ql.Driver: Starting task [Stage-0:DDL] in serial mode
2024-04-24T00:52:04,752  INFO [main] metadata.SessionHiveMetaStoreClient: Column stats doesn't exist for db=default temp table=acidTbl2
2024-04-24T00:52:04,752  INFO [main] metadata.Hive: Dumping metastore api call timing information for : execution phase
2024-04-24T00:52:04,752  INFO [main] metadata.Hive: Total time spent in each metastore function (ms): {isCompatibleWith_(Configuration)=0, getTable_(GetTableRequest)=0, dropTable_(String, String, boolean, boolean, boolean)=0}
2024-04-24T00:52:04,752  INFO [main] ql.Driver: Completed executing command(queryId=alex_20240424005204_775d7adc-17c6-45fe-bf2b-1656015117b8); Time taken: 0.001 seconds
2024-04-24T00:52:04,753  INFO [main] lockmgr.DbTxnManager: Stopped heartbeat for query: alex_20240424005204_775d7adc-17c6-45fe-bf2b-1656015117b8
2024-04-24T00:52:04,758  INFO [main] txn.TxnHandler: Expected to move at least one record from txn_components to completed_txn_components when committing txn! txnid:25
2024-04-24T00:52:04,764  INFO [main] txn.TxnHandler: Removed transactions: ([25]) from MIN_HISTORY_LEVEL
2024-04-24T00:52:04,764  WARN [main] txn.CompactionTxnHandler: No compaction queue record found for Compaction type transaction commit. txnId:25
2024-04-24T00:52:04,765  INFO [main] ql.TxnCommandsBaseForTests: Running the query: drop table if exists nonAcidOrcTbl
2024-04-24T00:52:04,765  INFO [main] ql.Driver: Compiling command(queryId=alex_20240424005204_d3737f21-cf29-42b3-90f8-86a2d73edbc9): drop table if exists nonAcidOrcTbl
2024-04-24T00:52:04,768  INFO [main] txn.TxnHandler: Added entries to MIN_HISTORY_LEVEL for current txns: ([26]) with min_open_txn: 23
2024-04-24T00:52:04,768  INFO [main] lockmgr.DbTxnManager: Opened txnid:26
2024-04-24T00:52:04,769  INFO [main] HiveMetaStore.audit: ugi=alex	ip=unknown-ip-addr	cmd=get_table : tbl=hive.default.nonAcidOrcTbl	
2024-04-24T00:52:04,791  INFO [main] metastore.HMSHandler: Skipping translation for processor with null
2024-04-24T00:52:04,791  INFO [main] ql.Driver: Semantic Analysis Completed (retrial = false)
2024-04-24T00:52:04,791  INFO [main] ql.Driver: Created Hive schema: Schema(fieldSchemas:null, properties:null)
2024-04-24T00:52:04,792  INFO [main] metadata.Hive: Dumping metastore api call timing information for : compilation phase
2024-04-24T00:52:04,792  INFO [main] metadata.Hive: Total time spent in each metastore function (ms): {commitTxn_(CommitTxnRequest)=12, isCompatibleWith_(Configuration)=0, getTable_(GetTableRequest)=22, getValidTxns_(long)=1, flushCache_()=0, openTxn_(String, TxnType)=2}
2024-04-24T00:52:04,792  INFO [main] ql.Driver: Completed compiling command(queryId=alex_20240424005204_d3737f21-cf29-42b3-90f8-86a2d73edbc9); Time taken: 0.026 seconds
2024-04-24T00:52:04,792  INFO [main] lockmgr.DbTxnManager: Setting lock request transaction to txnid:26 for queryId=alex_20240424005204_d3737f21-cf29-42b3-90f8-86a2d73edbc9
2024-04-24T00:52:04,793  INFO [main] lockmgr.DbLockManager: Requesting lock for queryId=alex_20240424005204_d3737f21-cf29-42b3-90f8-86a2d73edbc9
2024-04-24T00:52:04,808  INFO [main] lockmgr.DbLockManager: Response to queryId=alex_20240424005204_d3737f21-cf29-42b3-90f8-86a2d73edbc9 LockResponse(lockid:17, state:ACQUIRED)
2024-04-24T00:52:04,808  INFO [main] ql.Driver: Operation DROPTABLE obtained 1 locks
2024-04-24T00:52:04,809  INFO [main] ql.Driver: Executing command(queryId=alex_20240424005204_d3737f21-cf29-42b3-90f8-86a2d73edbc9): drop table if exists nonAcidOrcTbl
2024-04-24T00:52:04,809  INFO [main] ql.Driver: Starting task [Stage-0:DDL] in serial mode
2024-04-24T00:52:04,809  INFO [main] HiveMetaStore.audit: ugi=alex	ip=unknown-ip-addr	cmd=get_table : tbl=hive.default.nonAcidOrcTbl	
2024-04-24T00:52:04,819  INFO [main] metastore.HMSHandler: Skipping translation for processor with null
2024-04-24T00:52:04,819  INFO [main] HiveMetaStore.audit: ugi=alex	ip=unknown-ip-addr	cmd=get_table : tbl=hive.default.nonAcidOrcTbl	
2024-04-24T00:52:04,829  INFO [main] metastore.HMSHandler: Skipping translation for processor with null
2024-04-24T00:52:04,829  INFO [main] HiveMetaStore.audit: ugi=alex	ip=unknown-ip-addr	cmd=drop_table : tbl=hive.default.nonAcidOrcTbl	
2024-04-24T00:52:04,922  INFO [main] metadata.Hive: Dumping metastore api call timing information for : execution phase
2024-04-24T00:52:04,922  INFO [main] metadata.Hive: Total time spent in each metastore function (ms): {getTable_(GetTableRequest)=10, dropTable_(String, String, boolean, boolean, boolean)=103, isCompatibleWith_(Configuration)=0}
2024-04-24T00:52:04,922  INFO [main] ql.Driver: Completed executing command(queryId=alex_20240424005204_d3737f21-cf29-42b3-90f8-86a2d73edbc9); Time taken: 0.114 seconds
2024-04-24T00:52:04,923  INFO [main] lockmgr.DbTxnManager: Stopped heartbeat for query: alex_20240424005204_d3737f21-cf29-42b3-90f8-86a2d73edbc9
2024-04-24T00:52:04,927  INFO [main] txn.TxnHandler: Expected to move at least one record from txn_components to completed_txn_components when committing txn! txnid:26
2024-04-24T00:52:04,933  INFO [main] txn.TxnHandler: Removed transactions: ([26]) from MIN_HISTORY_LEVEL
2024-04-24T00:52:04,933  WARN [main] txn.CompactionTxnHandler: No compaction queue record found for Compaction type transaction commit. txnId:26
2024-04-24T00:52:04,934  INFO [main] ql.TxnCommandsBaseForTests: Running the query: drop table if exists nonAcidOrcTbl2
2024-04-24T00:52:04,934  INFO [main] ql.Driver: Compiling command(queryId=alex_20240424005204_bb2521b4-825e-4cda-83e4-5239de96d9cf): drop table if exists nonAcidOrcTbl2
2024-04-24T00:52:04,937  INFO [main] txn.TxnHandler: Added entries to MIN_HISTORY_LEVEL for current txns: ([27]) with min_open_txn: 23
2024-04-24T00:52:04,937  INFO [main] lockmgr.DbTxnManager: Opened txnid:27
2024-04-24T00:52:04,938  INFO [main] HiveMetaStore.audit: ugi=alex	ip=unknown-ip-addr	cmd=get_table : tbl=hive.default.nonAcidOrcTbl2	
2024-04-24T00:52:04,948  INFO [main] metastore.HMSHandler: Skipping translation for processor with null
2024-04-24T00:52:04,948  INFO [main] ql.Driver: Semantic Analysis Completed (retrial = false)
2024-04-24T00:52:04,948  INFO [main] ql.Driver: Created Hive schema: Schema(fieldSchemas:null, properties:null)
2024-04-24T00:52:04,948  INFO [main] metadata.Hive: Dumping metastore api call timing information for : compilation phase
2024-04-24T00:52:04,948  INFO [main] metadata.Hive: Total time spent in each metastore function (ms): {openTxn_(String, TxnType)=2, isCompatibleWith_(Configuration)=0, commitTxn_(CommitTxnRequest)=11, getValidTxns_(long)=0, getTable_(GetTableRequest)=10, flushCache_()=0}
2024-04-24T00:52:04,949  INFO [main] ql.Driver: Completed compiling command(queryId=alex_20240424005204_bb2521b4-825e-4cda-83e4-5239de96d9cf); Time taken: 0.014 seconds
2024-04-24T00:52:04,949  INFO [main] lockmgr.DbTxnManager: Setting lock request transaction to txnid:27 for queryId=alex_20240424005204_bb2521b4-825e-4cda-83e4-5239de96d9cf
2024-04-24T00:52:04,949  INFO [main] lockmgr.DbLockManager: Requesting lock for queryId=alex_20240424005204_bb2521b4-825e-4cda-83e4-5239de96d9cf
2024-04-24T00:52:04,964  INFO [main] lockmgr.DbLockManager: Response to queryId=alex_20240424005204_bb2521b4-825e-4cda-83e4-5239de96d9cf LockResponse(lockid:18, state:ACQUIRED)
2024-04-24T00:52:04,964  INFO [main] ql.Driver: Operation DROPTABLE obtained 1 locks
2024-04-24T00:52:04,964  INFO [main] ql.Driver: Executing command(queryId=alex_20240424005204_bb2521b4-825e-4cda-83e4-5239de96d9cf): drop table if exists nonAcidOrcTbl2
2024-04-24T00:52:04,965  INFO [main] ql.Driver: Starting task [Stage-0:DDL] in serial mode
2024-04-24T00:52:04,965  INFO [main] HiveMetaStore.audit: ugi=alex	ip=unknown-ip-addr	cmd=get_table : tbl=hive.default.nonAcidOrcTbl2	
2024-04-24T00:52:04,974  INFO [main] metastore.HMSHandler: Skipping translation for processor with null
2024-04-24T00:52:04,974  INFO [main] HiveMetaStore.audit: ugi=alex	ip=unknown-ip-addr	cmd=get_table : tbl=hive.default.nonAcidOrcTbl2	
2024-04-24T00:52:04,984  INFO [main] metastore.HMSHandler: Skipping translation for processor with null
2024-04-24T00:52:04,984  INFO [main] HiveMetaStore.audit: ugi=alex	ip=unknown-ip-addr	cmd=drop_table : tbl=hive.default.nonAcidOrcTbl2	
2024-04-24T00:52:05,018  INFO [main] metadata.Hive: Dumping metastore api call timing information for : execution phase
2024-04-24T00:52:05,019  INFO [main] metadata.Hive: Total time spent in each metastore function (ms): {isCompatibleWith_(Configuration)=0, dropTable_(String, String, boolean, boolean, boolean)=44, getTable_(GetTableRequest)=9}
2024-04-24T00:52:05,019  INFO [main] ql.Driver: Completed executing command(queryId=alex_20240424005204_bb2521b4-825e-4cda-83e4-5239de96d9cf); Time taken: 0.054 seconds
2024-04-24T00:52:05,019  INFO [main] lockmgr.DbTxnManager: Stopped heartbeat for query: alex_20240424005204_bb2521b4-825e-4cda-83e4-5239de96d9cf
2024-04-24T00:52:05,024  INFO [main] txn.TxnHandler: Expected to move at least one record from txn_components to completed_txn_components when committing txn! txnid:27
2024-04-24T00:52:05,033  INFO [main] txn.TxnHandler: Removed transactions: ([27]) from MIN_HISTORY_LEVEL
2024-04-24T00:52:05,033  WARN [main] txn.CompactionTxnHandler: No compaction queue record found for Compaction type transaction commit. txnId:27
2024-04-24T00:52:05,034  INFO [main] ql.TxnCommandsBaseForTests: Running the query: drop table if exists nonAcidNonBucket
2024-04-24T00:52:05,034  INFO [main] ql.Driver: Compiling command(queryId=alex_20240424005205_e5a062c0-a871-4c1f-a5ef-c5f8387c9566): drop table if exists nonAcidNonBucket
2024-04-24T00:52:05,038  INFO [main] txn.TxnHandler: Added entries to MIN_HISTORY_LEVEL for current txns: ([28]) with min_open_txn: 23
2024-04-24T00:52:05,038  INFO [main] lockmgr.DbTxnManager: Opened txnid:28
2024-04-24T00:52:05,039  INFO [main] HiveMetaStore.audit: ugi=alex	ip=unknown-ip-addr	cmd=get_table : tbl=hive.default.nonAcidNonBucket	
2024-04-24T00:52:05,055  INFO [main] metastore.HMSHandler: Skipping translation for processor with null
2024-04-24T00:52:05,055  INFO [main] ql.Driver: Semantic Analysis Completed (retrial = false)
2024-04-24T00:52:05,055  INFO [main] ql.Driver: Created Hive schema: Schema(fieldSchemas:null, properties:null)
2024-04-24T00:52:05,055  INFO [main] metadata.Hive: Dumping metastore api call timing information for : compilation phase
2024-04-24T00:52:05,056  INFO [main] metadata.Hive: Total time spent in each metastore function (ms): {flushCache_()=1, commitTxn_(CommitTxnRequest)=14, openTxn_(String, TxnType)=3, isCompatibleWith_(Configuration)=0, getTable_(GetTableRequest)=16, getValidTxns_(long)=1}
2024-04-24T00:52:05,056  INFO [main] ql.Driver: Completed compiling command(queryId=alex_20240424005205_e5a062c0-a871-4c1f-a5ef-c5f8387c9566); Time taken: 0.021 seconds
2024-04-24T00:52:05,056  INFO [main] lockmgr.DbTxnManager: Setting lock request transaction to txnid:28 for queryId=alex_20240424005205_e5a062c0-a871-4c1f-a5ef-c5f8387c9566
2024-04-24T00:52:05,056  INFO [main] lockmgr.DbLockManager: Requesting lock for queryId=alex_20240424005205_e5a062c0-a871-4c1f-a5ef-c5f8387c9566
2024-04-24T00:52:05,070  INFO [main] lockmgr.DbLockManager: Response to queryId=alex_20240424005205_e5a062c0-a871-4c1f-a5ef-c5f8387c9566 LockResponse(lockid:19, state:ACQUIRED)
2024-04-24T00:52:05,071  INFO [main] ql.Driver: Operation DROPTABLE obtained 1 locks
2024-04-24T00:52:05,071  INFO [main] ql.Driver: Executing command(queryId=alex_20240424005205_e5a062c0-a871-4c1f-a5ef-c5f8387c9566): drop table if exists nonAcidNonBucket
2024-04-24T00:52:05,071  INFO [main] ql.Driver: Starting task [Stage-0:DDL] in serial mode
2024-04-24T00:52:05,071  INFO [main] HiveMetaStore.audit: ugi=alex	ip=unknown-ip-addr	cmd=get_table : tbl=hive.default.nonAcidNonBucket	
2024-04-24T00:52:05,080  INFO [main] metastore.HMSHandler: Skipping translation for processor with null
2024-04-24T00:52:05,081  INFO [main] HiveMetaStore.audit: ugi=alex	ip=unknown-ip-addr	cmd=get_table : tbl=hive.default.nonAcidNonBucket	
2024-04-24T00:52:05,091  INFO [main] metastore.HMSHandler: Skipping translation for processor with null
2024-04-24T00:52:05,091  INFO [main] HiveMetaStore.audit: ugi=alex	ip=unknown-ip-addr	cmd=drop_table : tbl=hive.default.nonAcidNonBucket	
2024-04-24T00:52:05,130  INFO [main] metadata.Hive: Dumping metastore api call timing information for : execution phase
2024-04-24T00:52:05,130  INFO [main] metadata.Hive: Total time spent in each metastore function (ms): {getTable_(GetTableRequest)=9, dropTable_(String, String, boolean, boolean, boolean)=50, isCompatibleWith_(Configuration)=0}
2024-04-24T00:52:05,130  INFO [main] ql.Driver: Completed executing command(queryId=alex_20240424005205_e5a062c0-a871-4c1f-a5ef-c5f8387c9566); Time taken: 0.059 seconds
2024-04-24T00:52:05,130  INFO [main] lockmgr.DbTxnManager: Stopped heartbeat for query: alex_20240424005205_e5a062c0-a871-4c1f-a5ef-c5f8387c9566
2024-04-24T00:52:05,134  INFO [main] txn.TxnHandler: Expected to move at least one record from txn_components to completed_txn_components when committing txn! txnid:28
2024-04-24T00:52:05,141  INFO [main] txn.TxnHandler: Removed transactions: ([28]) from MIN_HISTORY_LEVEL
2024-04-24T00:52:05,141  WARN [main] txn.CompactionTxnHandler: No compaction queue record found for Compaction type transaction commit. txnId:28
2024-04-24T00:52:05,142  INFO [main] utils.TestTxnDbUtil: Cleaning transactional tables
]]></system-err>
  </testcase>
  <testcase name="testExportBucketed" classname="org.apache.hadoop.hive.ql.TestTxnExIm" time="6.564"/>
  <testcase name="testImportPartitioned" classname="org.apache.hadoop.hive.ql.TestTxnExIm" time="7.733"/>
  <testcase name="testMMExportAborted" classname="org.apache.hadoop.hive.ql.TestTxnExIm" time="0">
    <skipped/>
  </testcase>
  <testcase name="testImport" classname="org.apache.hadoop.hive.ql.TestTxnExIm" time="6.922">
    <error type="java.lang.RuntimeException"><![CDATA[java.lang.RuntimeException: update T set a = 0 where b = 6 failed: (responseCode = 40000, errorMessage = FAILED: NoMatchingMethodException No matching method for class org.apache.hadoop.hive.ql.udf.UDFToInteger with (struct<writeid:bigint,bucketid:int,rowid:bigint>). Possible choices: _FUNC_(bigint)  _FUNC_(boolean)  _FUNC_(decimal(38,18))  _FUNC_(double)  _FUNC_(float)  _FUNC_(smallint)  _FUNC_(string)  _FUNC_(struct<rowid:bigint,bucketid:bigint,writeid:int>)  _FUNC_(timestamp)  _FUNC_(tinyint)  _FUNC_(void)  , hiveErrorCode = 40000, SQLState = 42000, exception = No matching method for class org.apache.hadoop.hive.ql.udf.UDFToInteger with (struct<writeid:bigint,bucketid:int,rowid:bigint>). Possible choices: _FUNC_(bigint)  _FUNC_(boolean)  _FUNC_(decimal(38,18))  _FUNC_(double)  _FUNC_(float)  _FUNC_(smallint)  _FUNC_(string)  _FUNC_(struct<rowid:bigint,bucketid:bigint,writeid:int>)  _FUNC_(timestamp)  _FUNC_(tinyint)  _FUNC_(void)  )
	at org.apache.hadoop.hive.ql.TxnCommandsBaseForTests.runStatementOnDriver(TxnCommandsBaseForTests.java:247)
	at org.apache.hadoop.hive.ql.TestTxnExIm.testImport(TestTxnExIm.java:335)
	at org.apache.hadoop.hive.ql.TestTxnExIm.testImport(TestTxnExIm.java:283)
	at sun.reflect.NativeMethodAccessorImpl.invoke0(Native Method)
	at sun.reflect.NativeMethodAccessorImpl.invoke(NativeMethodAccessorImpl.java:62)
	at sun.reflect.DelegatingMethodAccessorImpl.invoke(DelegatingMethodAccessorImpl.java:43)
	at java.lang.reflect.Method.invoke(Method.java:498)
	at org.junit.runners.model.FrameworkMethod$1.runReflectiveCall(FrameworkMethod.java:59)
	at org.junit.internal.runners.model.ReflectiveCallable.run(ReflectiveCallable.java:12)
	at org.junit.runners.model.FrameworkMethod.invokeExplosively(FrameworkMethod.java:56)
	at org.junit.internal.runners.statements.InvokeMethod.evaluate(InvokeMethod.java:17)
	at org.junit.internal.runners.statements.RunBefores.evaluate(RunBefores.java:26)
	at org.junit.internal.runners.statements.RunAfters.evaluate(RunAfters.java:27)
	at org.junit.rules.TestWatcher$1.evaluate(TestWatcher.java:61)
	at org.junit.runners.ParentRunner$3.evaluate(ParentRunner.java:306)
	at org.junit.runners.BlockJUnit4ClassRunner$1.evaluate(BlockJUnit4ClassRunner.java:100)
	at org.junit.runners.ParentRunner.runLeaf(ParentRunner.java:366)
	at org.junit.runners.BlockJUnit4ClassRunner.runChild(BlockJUnit4ClassRunner.java:103)
	at org.junit.runners.BlockJUnit4ClassRunner.runChild(BlockJUnit4ClassRunner.java:63)
	at org.junit.runners.ParentRunner$4.run(ParentRunner.java:331)
	at org.junit.runners.ParentRunner$1.schedule(ParentRunner.java:79)
	at org.junit.runners.ParentRunner.runChildren(ParentRunner.java:329)
	at org.junit.runners.ParentRunner.access$100(ParentRunner.java:66)
	at org.junit.runners.ParentRunner$2.evaluate(ParentRunner.java:293)
	at org.junit.runners.ParentRunner$3.evaluate(ParentRunner.java:306)
	at org.junit.runners.ParentRunner.run(ParentRunner.java:413)
	at org.junit.runner.JUnitCore.run(JUnitCore.java:137)
	at org.junit.runner.JUnitCore.run(JUnitCore.java:115)
	at org.junit.vintage.engine.execution.RunnerExecutor.execute(RunnerExecutor.java:43)
	at java.util.stream.ForEachOps$ForEachOp$OfRef.accept(ForEachOps.java:183)
	at java.util.stream.ReferencePipeline$3$1.accept(ReferencePipeline.java:193)
	at java.util.Iterator.forEachRemaining(Iterator.java:116)
	at java.util.Spliterators$IteratorSpliterator.forEachRemaining(Spliterators.java:1801)
	at java.util.stream.AbstractPipeline.copyInto(AbstractPipeline.java:482)
	at java.util.stream.AbstractPipeline.wrapAndCopyInto(AbstractPipeline.java:472)
	at java.util.stream.ForEachOps$ForEachOp.evaluateSequential(ForEachOps.java:150)
	at java.util.stream.ForEachOps$ForEachOp$OfRef.evaluateSequential(ForEachOps.java:173)
	at java.util.stream.AbstractPipeline.evaluate(AbstractPipeline.java:234)
	at java.util.stream.ReferencePipeline.forEach(ReferencePipeline.java:485)
	at org.junit.vintage.engine.VintageTestEngine.executeAllChildren(VintageTestEngine.java:82)
	at org.junit.vintage.engine.VintageTestEngine.execute(VintageTestEngine.java:73)
	at org.junit.platform.launcher.core.DefaultLauncher.execute(DefaultLauncher.java:248)
	at org.junit.platform.launcher.core.DefaultLauncher.lambda$execute$5(DefaultLauncher.java:211)
	at org.junit.platform.launcher.core.DefaultLauncher.withInterceptedStreams(DefaultLauncher.java:226)
	at org.junit.platform.launcher.core.DefaultLauncher.execute(DefaultLauncher.java:199)
	at org.junit.platform.launcher.core.DefaultLauncher.execute(DefaultLauncher.java:132)
	at org.apache.maven.surefire.junitplatform.JUnitPlatformProvider.invokeAllTests(JUnitPlatformProvider.java:154)
	at org.apache.maven.surefire.junitplatform.JUnitPlatformProvider.invoke(JUnitPlatformProvider.java:123)
	at org.apache.maven.surefire.booter.ForkedBooter.runSuitesInProcess(ForkedBooter.java:377)
	at org.apache.maven.surefire.booter.ForkedBooter.execute(ForkedBooter.java:138)
	at org.apache.maven.surefire.booter.ForkedBooter.run(ForkedBooter.java:465)
	at org.apache.maven.surefire.booter.ForkedBooter.main(ForkedBooter.java:451)
]]></error>
    <system-err><![CDATA[2024-04-24T00:52:19,529  WARN [main] conf.HiveConf: HiveConf of name hive.llap.io.cache.orc.alloc.max does not exist
2024-04-24T00:52:19,529  WARN [main] conf.HiveConf: HiveConf of name hive.metastore.client.cache.maxSize does not exist
2024-04-24T00:52:19,529  WARN [main] conf.HiveConf: HiveConf of name hive.llap.io.cache.orc.alloc.min does not exist
2024-04-24T00:52:19,529  WARN [main] conf.HiveConf: HiveConf of name hive.dummyparam.test.server.specific.config.metastoresite does not exist
2024-04-24T00:52:19,529  WARN [main] conf.HiveConf: HiveConf of name hive.metastore.client.cache.recordStats does not exist
2024-04-24T00:52:19,529  WARN [main] conf.HiveConf: HiveConf of name hive.dummyparam.test.server.specific.config.override does not exist
2024-04-24T00:52:19,529  WARN [main] conf.HiveConf: HiveConf of name hive.llap.io.cache.orc.size does not exist
2024-04-24T00:52:19,529  WARN [main] conf.HiveConf: HiveConf of name hive.metastore.metadb.dir does not exist
2024-04-24T00:52:19,530  WARN [main] conf.HiveConf: HiveConf of name hive.stats.key.prefix.reserve.length does not exist
2024-04-24T00:52:19,530  WARN [main] conf.HiveConf: HiveConf of name hive.llap.io.cache.orc.arena.size does not exist
2024-04-24T00:52:19,530  WARN [main] conf.HiveConf: HiveConf of name hive.dummyparam.test.server.specific.config.hivesite does not exist
2024-04-24T00:52:19,532  INFO [main] utils.TestTxnDbUtil: Creating transactional tables
Hive Session ID = a1d20ac2-9a3d-42c6-8746-dfa637cead46
2024-04-24T00:52:19,536  INFO [main] SessionState: Hive Session ID = a1d20ac2-9a3d-42c6-8746-dfa637cead46
ivysettings.xml file not found in HIVE_HOME or HIVE_CONF_DIR,/home/alex/Repositories/hive/conf/ivysettings.xml will be used
2024-04-24T00:52:19,537  INFO [main] DependencyResolver: ivysettings.xml file not found in HIVE_HOME or HIVE_CONF_DIR,/home/alex/Repositories/hive/conf/ivysettings.xml will be used
2024-04-24T00:52:19,542  INFO [main] session.SessionState: Created HDFS directory: /home/alex/Repositories/hive/ql/target/tmp/scratchdir/alex/a1d20ac2-9a3d-42c6-8746-dfa637cead46
2024-04-24T00:52:19,545  INFO [main] session.SessionState: Created local directory: /home/alex/Repositories/hive/ql/target/tmp/localscratchdir/a1d20ac2-9a3d-42c6-8746-dfa637cead46
2024-04-24T00:52:19,548  INFO [main] session.SessionState: Created HDFS directory: /home/alex/Repositories/hive/ql/target/tmp/scratchdir/alex/a1d20ac2-9a3d-42c6-8746-dfa637cead46/_tmp_space.db
2024-04-24T00:52:19,548  INFO [main] sqlstd.SQLStdHiveAccessController: Created SQLStdHiveAccessController for session context : HiveAuthzSessionContext [sessionString=a1d20ac2-9a3d-42c6-8746-dfa637cead46, clientType=HIVECLI]
2024-04-24T00:52:19,548  INFO [main] ql.TxnCommandsBaseForTests: Running the query: drop table if exists acidTbl
2024-04-24T00:52:19,549  INFO [main] ql.Driver: Compiling command(queryId=alex_20240424005219_bc68123a-3137-47ad-a60c-3355bdf55dbf): drop table if exists acidTbl
2024-04-24T00:52:19,560  INFO [main] txn.TxnHandler: Added entries to MIN_HISTORY_LEVEL for current txns: ([1]) with min_open_txn: 1
2024-04-24T00:52:19,561  INFO [main] lockmgr.DbTxnManager: Opened txnid:1
2024-04-24T00:52:19,564  INFO [main] HiveMetaStore.audit: ugi=alex	ip=unknown-ip-addr	cmd=get_table : tbl=hive.default.acidTbl	
2024-04-24T00:52:19,570  INFO [main] ql.Driver: Semantic Analysis Completed (retrial = false)
2024-04-24T00:52:19,570  INFO [main] ql.Driver: Created Hive schema: Schema(fieldSchemas:null, properties:null)
2024-04-24T00:52:19,570  INFO [main] metadata.Hive: Dumping metastore api call timing information for : compilation phase
2024-04-24T00:52:19,570  INFO [main] metadata.Hive: Total time spent in each metastore function (ms): {isCompatibleWith_(Configuration)=0, openTxn_(String, TxnType)=11, flushCache_()=0, commitTxn_(CommitTxnRequest)=14, getValidTxns_(long)=3}
2024-04-24T00:52:19,570  INFO [main] ql.Driver: Completed compiling command(queryId=alex_20240424005219_bc68123a-3137-47ad-a60c-3355bdf55dbf); Time taken: 0.021 seconds
2024-04-24T00:52:19,571  INFO [main] lockmgr.DbTxnManager: Setting lock request transaction to txnid:1 for queryId=alex_20240424005219_bc68123a-3137-47ad-a60c-3355bdf55dbf
2024-04-24T00:52:19,571  INFO [main] ql.Driver: Operation DROPTABLE obtained 0 locks
2024-04-24T00:52:19,571  INFO [main] ql.Driver: Executing command(queryId=alex_20240424005219_bc68123a-3137-47ad-a60c-3355bdf55dbf): drop table if exists acidTbl
2024-04-24T00:52:19,571  INFO [main] ql.Driver: Starting task [Stage-0:DDL] in serial mode
2024-04-24T00:52:19,571  INFO [main] HiveMetaStore.audit: ugi=alex	ip=unknown-ip-addr	cmd=get_table : tbl=hive.default.acidTbl	
2024-04-24T00:52:19,575  INFO [main] metadata.Hive: Dumping metastore api call timing information for : execution phase
2024-04-24T00:52:19,575  INFO [main] metadata.Hive: Total time spent in each metastore function (ms): {isCompatibleWith_(Configuration)=0}
2024-04-24T00:52:19,575  INFO [main] ql.Driver: Completed executing command(queryId=alex_20240424005219_bc68123a-3137-47ad-a60c-3355bdf55dbf); Time taken: 0.004 seconds
2024-04-24T00:52:19,575  INFO [main] lockmgr.DbTxnManager: Stopped heartbeat for query: alex_20240424005219_bc68123a-3137-47ad-a60c-3355bdf55dbf
2024-04-24T00:52:19,581  INFO [main] txn.TxnHandler: Expected to move at least one record from txn_components to completed_txn_components when committing txn! txnid:1
2024-04-24T00:52:19,588  INFO [main] txn.TxnHandler: Removed transactions: ([1]) from MIN_HISTORY_LEVEL
2024-04-24T00:52:19,588  WARN [main] txn.CompactionTxnHandler: No compaction queue record found for Compaction type transaction commit. txnId:1
2024-04-24T00:52:19,589  INFO [main] ql.TxnCommandsBaseForTests: Running the query: drop table if exists acidTblPart
2024-04-24T00:52:19,589  INFO [main] ql.Driver: Compiling command(queryId=alex_20240424005219_6ffdfd87-3d6c-4fcf-bf32-ecf5cc75b7d1): drop table if exists acidTblPart
2024-04-24T00:52:19,591  INFO [main] txn.TxnHandler: Added entries to MIN_HISTORY_LEVEL for current txns: ([2]) with min_open_txn: 1
2024-04-24T00:52:19,592  INFO [main] lockmgr.DbTxnManager: Opened txnid:2
2024-04-24T00:52:19,593  INFO [main] HiveMetaStore.audit: ugi=alex	ip=unknown-ip-addr	cmd=get_table : tbl=hive.default.acidTblPart	
2024-04-24T00:52:19,596  INFO [main] ql.Driver: Semantic Analysis Completed (retrial = false)
2024-04-24T00:52:19,596  INFO [main] ql.Driver: Created Hive schema: Schema(fieldSchemas:null, properties:null)
2024-04-24T00:52:19,596  INFO [main] metadata.Hive: Dumping metastore api call timing information for : compilation phase
2024-04-24T00:52:19,596  INFO [main] metadata.Hive: Total time spent in each metastore function (ms): {getValidTxns_(long)=0, flushCache_()=0, openTxn_(String, TxnType)=3, commitTxn_(CommitTxnRequest)=13, isCompatibleWith_(Configuration)=0}
2024-04-24T00:52:19,596  INFO [main] ql.Driver: Completed compiling command(queryId=alex_20240424005219_6ffdfd87-3d6c-4fcf-bf32-ecf5cc75b7d1); Time taken: 0.007 seconds
2024-04-24T00:52:19,596  INFO [main] lockmgr.DbTxnManager: Setting lock request transaction to txnid:2 for queryId=alex_20240424005219_6ffdfd87-3d6c-4fcf-bf32-ecf5cc75b7d1
2024-04-24T00:52:19,596  INFO [main] ql.Driver: Operation DROPTABLE obtained 0 locks
2024-04-24T00:52:19,596  INFO [main] ql.Driver: Executing command(queryId=alex_20240424005219_6ffdfd87-3d6c-4fcf-bf32-ecf5cc75b7d1): drop table if exists acidTblPart
2024-04-24T00:52:19,597  INFO [main] ql.Driver: Starting task [Stage-0:DDL] in serial mode
2024-04-24T00:52:19,597  INFO [main] HiveMetaStore.audit: ugi=alex	ip=unknown-ip-addr	cmd=get_table : tbl=hive.default.acidTblPart	
2024-04-24T00:52:19,600  INFO [main] metadata.Hive: Dumping metastore api call timing information for : execution phase
2024-04-24T00:52:19,600  INFO [main] metadata.Hive: Total time spent in each metastore function (ms): {isCompatibleWith_(Configuration)=0}
2024-04-24T00:52:19,600  INFO [main] ql.Driver: Completed executing command(queryId=alex_20240424005219_6ffdfd87-3d6c-4fcf-bf32-ecf5cc75b7d1); Time taken: 0.004 seconds
2024-04-24T00:52:19,600  INFO [main] lockmgr.DbTxnManager: Stopped heartbeat for query: alex_20240424005219_6ffdfd87-3d6c-4fcf-bf32-ecf5cc75b7d1
2024-04-24T00:52:19,606  INFO [main] txn.TxnHandler: Expected to move at least one record from txn_components to completed_txn_components when committing txn! txnid:2
2024-04-24T00:52:19,611  INFO [main] txn.TxnHandler: Removed transactions: ([2]) from MIN_HISTORY_LEVEL
2024-04-24T00:52:19,612  WARN [main] txn.CompactionTxnHandler: No compaction queue record found for Compaction type transaction commit. txnId:2
2024-04-24T00:52:19,612  INFO [main] ql.TxnCommandsBaseForTests: Running the query: drop table if exists acidTbl2
2024-04-24T00:52:19,612  INFO [main] ql.Driver: Compiling command(queryId=alex_20240424005219_da0c7114-3aa9-4ed1-8edf-cdce8f5861f7): drop table if exists acidTbl2
2024-04-24T00:52:19,614  INFO [main] txn.TxnHandler: Added entries to MIN_HISTORY_LEVEL for current txns: ([3]) with min_open_txn: 1
2024-04-24T00:52:19,615  INFO [main] lockmgr.DbTxnManager: Opened txnid:3
2024-04-24T00:52:19,615  INFO [main] HiveMetaStore.audit: ugi=alex	ip=unknown-ip-addr	cmd=get_table : tbl=hive.default.acidTbl2	
2024-04-24T00:52:19,619  INFO [main] ql.Driver: Semantic Analysis Completed (retrial = false)
2024-04-24T00:52:19,619  INFO [main] ql.Driver: Created Hive schema: Schema(fieldSchemas:null, properties:null)
2024-04-24T00:52:19,619  INFO [main] metadata.Hive: Dumping metastore api call timing information for : compilation phase
2024-04-24T00:52:19,619  INFO [main] metadata.Hive: Total time spent in each metastore function (ms): {openTxn_(String, TxnType)=2, flushCache_()=0, commitTxn_(CommitTxnRequest)=12, getValidTxns_(long)=0, isCompatibleWith_(Configuration)=0}
2024-04-24T00:52:19,619  INFO [main] ql.Driver: Completed compiling command(queryId=alex_20240424005219_da0c7114-3aa9-4ed1-8edf-cdce8f5861f7); Time taken: 0.007 seconds
2024-04-24T00:52:19,619  INFO [main] lockmgr.DbTxnManager: Setting lock request transaction to txnid:3 for queryId=alex_20240424005219_da0c7114-3aa9-4ed1-8edf-cdce8f5861f7
2024-04-24T00:52:19,619  INFO [main] ql.Driver: Operation DROPTABLE obtained 0 locks
2024-04-24T00:52:19,620  INFO [main] ql.Driver: Executing command(queryId=alex_20240424005219_da0c7114-3aa9-4ed1-8edf-cdce8f5861f7): drop table if exists acidTbl2
2024-04-24T00:52:19,620  INFO [main] ql.Driver: Starting task [Stage-0:DDL] in serial mode
2024-04-24T00:52:19,620  INFO [main] HiveMetaStore.audit: ugi=alex	ip=unknown-ip-addr	cmd=get_table : tbl=hive.default.acidTbl2	
2024-04-24T00:52:19,623  INFO [main] metadata.Hive: Dumping metastore api call timing information for : execution phase
2024-04-24T00:52:19,623  INFO [main] metadata.Hive: Total time spent in each metastore function (ms): {isCompatibleWith_(Configuration)=0}
2024-04-24T00:52:19,624  INFO [main] ql.Driver: Completed executing command(queryId=alex_20240424005219_da0c7114-3aa9-4ed1-8edf-cdce8f5861f7); Time taken: 0.004 seconds
2024-04-24T00:52:19,624  INFO [main] lockmgr.DbTxnManager: Stopped heartbeat for query: alex_20240424005219_da0c7114-3aa9-4ed1-8edf-cdce8f5861f7
2024-04-24T00:52:19,629  INFO [main] txn.TxnHandler: Expected to move at least one record from txn_components to completed_txn_components when committing txn! txnid:3
2024-04-24T00:52:19,635  INFO [main] txn.TxnHandler: Removed transactions: ([3]) from MIN_HISTORY_LEVEL
2024-04-24T00:52:19,635  WARN [main] txn.CompactionTxnHandler: No compaction queue record found for Compaction type transaction commit. txnId:3
2024-04-24T00:52:19,636  INFO [main] ql.TxnCommandsBaseForTests: Running the query: drop table if exists nonAcidOrcTbl
2024-04-24T00:52:19,636  INFO [main] ql.Driver: Compiling command(queryId=alex_20240424005219_3f8d19ff-1ad6-43ff-b065-d7e09e8e7502): drop table if exists nonAcidOrcTbl
2024-04-24T00:52:19,638  INFO [main] txn.TxnHandler: Added entries to MIN_HISTORY_LEVEL for current txns: ([4]) with min_open_txn: 1
2024-04-24T00:52:19,639  INFO [main] lockmgr.DbTxnManager: Opened txnid:4
2024-04-24T00:52:19,639  INFO [main] HiveMetaStore.audit: ugi=alex	ip=unknown-ip-addr	cmd=get_table : tbl=hive.default.nonAcidOrcTbl	
2024-04-24T00:52:19,644  INFO [main] ql.Driver: Semantic Analysis Completed (retrial = false)
2024-04-24T00:52:19,644  INFO [main] ql.Driver: Created Hive schema: Schema(fieldSchemas:null, properties:null)
2024-04-24T00:52:19,644  INFO [main] metadata.Hive: Dumping metastore api call timing information for : compilation phase
2024-04-24T00:52:19,644  INFO [main] metadata.Hive: Total time spent in each metastore function (ms): {commitTxn_(CommitTxnRequest)=12, getValidTxns_(long)=0, openTxn_(String, TxnType)=2, flushCache_()=0, isCompatibleWith_(Configuration)=1}
2024-04-24T00:52:19,644  INFO [main] ql.Driver: Completed compiling command(queryId=alex_20240424005219_3f8d19ff-1ad6-43ff-b065-d7e09e8e7502); Time taken: 0.008 seconds
2024-04-24T00:52:19,645  INFO [main] lockmgr.DbTxnManager: Setting lock request transaction to txnid:4 for queryId=alex_20240424005219_3f8d19ff-1ad6-43ff-b065-d7e09e8e7502
2024-04-24T00:52:19,645  INFO [main] ql.Driver: Operation DROPTABLE obtained 0 locks
2024-04-24T00:52:19,645  INFO [main] ql.Driver: Executing command(queryId=alex_20240424005219_3f8d19ff-1ad6-43ff-b065-d7e09e8e7502): drop table if exists nonAcidOrcTbl
2024-04-24T00:52:19,645  INFO [main] ql.Driver: Starting task [Stage-0:DDL] in serial mode
2024-04-24T00:52:19,645  INFO [main] HiveMetaStore.audit: ugi=alex	ip=unknown-ip-addr	cmd=get_table : tbl=hive.default.nonAcidOrcTbl	
2024-04-24T00:52:19,648  INFO [main] metadata.Hive: Dumping metastore api call timing information for : execution phase
2024-04-24T00:52:19,649  INFO [main] metadata.Hive: Total time spent in each metastore function (ms): {isCompatibleWith_(Configuration)=0}
2024-04-24T00:52:19,649  INFO [main] ql.Driver: Completed executing command(queryId=alex_20240424005219_3f8d19ff-1ad6-43ff-b065-d7e09e8e7502); Time taken: 0.003 seconds
2024-04-24T00:52:19,649  INFO [main] lockmgr.DbTxnManager: Stopped heartbeat for query: alex_20240424005219_3f8d19ff-1ad6-43ff-b065-d7e09e8e7502
2024-04-24T00:52:19,654  INFO [main] txn.TxnHandler: Expected to move at least one record from txn_components to completed_txn_components when committing txn! txnid:4
2024-04-24T00:52:19,661  INFO [main] txn.TxnHandler: Removed transactions: ([4]) from MIN_HISTORY_LEVEL
2024-04-24T00:52:19,661  WARN [main] txn.CompactionTxnHandler: No compaction queue record found for Compaction type transaction commit. txnId:4
2024-04-24T00:52:19,661  INFO [main] ql.TxnCommandsBaseForTests: Running the query: drop table if exists nonAcidOrcTbl2
2024-04-24T00:52:19,662  INFO [main] ql.Driver: Compiling command(queryId=alex_20240424005219_bb396438-b3b1-46e1-a6c0-1f19f6d17b45): drop table if exists nonAcidOrcTbl2
2024-04-24T00:52:19,664  INFO [main] txn.TxnHandler: Added entries to MIN_HISTORY_LEVEL for current txns: ([5]) with min_open_txn: 1
2024-04-24T00:52:19,664  INFO [main] lockmgr.DbTxnManager: Opened txnid:5
2024-04-24T00:52:19,665  INFO [main] HiveMetaStore.audit: ugi=alex	ip=unknown-ip-addr	cmd=get_table : tbl=hive.default.nonAcidOrcTbl2	
2024-04-24T00:52:19,668  INFO [main] ql.Driver: Semantic Analysis Completed (retrial = false)
2024-04-24T00:52:19,668  INFO [main] ql.Driver: Created Hive schema: Schema(fieldSchemas:null, properties:null)
2024-04-24T00:52:19,668  INFO [main] metadata.Hive: Dumping metastore api call timing information for : compilation phase
2024-04-24T00:52:19,669  INFO [main] metadata.Hive: Total time spent in each metastore function (ms): {isCompatibleWith_(Configuration)=0, getValidTxns_(long)=0, openTxn_(String, TxnType)=2, commitTxn_(CommitTxnRequest)=12, flushCache_()=0}
2024-04-24T00:52:19,669  INFO [main] ql.Driver: Completed compiling command(queryId=alex_20240424005219_bb396438-b3b1-46e1-a6c0-1f19f6d17b45); Time taken: 0.007 seconds
2024-04-24T00:52:19,669  INFO [main] lockmgr.DbTxnManager: Setting lock request transaction to txnid:5 for queryId=alex_20240424005219_bb396438-b3b1-46e1-a6c0-1f19f6d17b45
2024-04-24T00:52:19,669  INFO [main] ql.Driver: Operation DROPTABLE obtained 0 locks
2024-04-24T00:52:19,669  INFO [main] ql.Driver: Executing command(queryId=alex_20240424005219_bb396438-b3b1-46e1-a6c0-1f19f6d17b45): drop table if exists nonAcidOrcTbl2
2024-04-24T00:52:19,669  INFO [main] ql.Driver: Starting task [Stage-0:DDL] in serial mode
2024-04-24T00:52:19,670  INFO [main] HiveMetaStore.audit: ugi=alex	ip=unknown-ip-addr	cmd=get_table : tbl=hive.default.nonAcidOrcTbl2	
2024-04-24T00:52:19,673  INFO [main] metadata.Hive: Dumping metastore api call timing information for : execution phase
2024-04-24T00:52:19,673  INFO [main] metadata.Hive: Total time spent in each metastore function (ms): {isCompatibleWith_(Configuration)=1}
2024-04-24T00:52:19,673  INFO [main] ql.Driver: Completed executing command(queryId=alex_20240424005219_bb396438-b3b1-46e1-a6c0-1f19f6d17b45); Time taken: 0.004 seconds
2024-04-24T00:52:19,673  INFO [main] lockmgr.DbTxnManager: Stopped heartbeat for query: alex_20240424005219_bb396438-b3b1-46e1-a6c0-1f19f6d17b45
2024-04-24T00:52:19,679  INFO [main] txn.TxnHandler: Expected to move at least one record from txn_components to completed_txn_components when committing txn! txnid:5
2024-04-24T00:52:19,685  INFO [main] txn.TxnHandler: Removed transactions: ([5]) from MIN_HISTORY_LEVEL
2024-04-24T00:52:19,685  WARN [main] txn.CompactionTxnHandler: No compaction queue record found for Compaction type transaction commit. txnId:5
2024-04-24T00:52:19,686  INFO [main] ql.TxnCommandsBaseForTests: Running the query: drop table if exists nonAcidNonBucket
2024-04-24T00:52:19,686  INFO [main] ql.Driver: Compiling command(queryId=alex_20240424005219_196f0a78-18eb-46ca-a82c-4660662d3b2f): drop table if exists nonAcidNonBucket
2024-04-24T00:52:19,688  INFO [main] txn.TxnHandler: Added entries to MIN_HISTORY_LEVEL for current txns: ([6]) with min_open_txn: 1
2024-04-24T00:52:19,688  INFO [main] lockmgr.DbTxnManager: Opened txnid:6
2024-04-24T00:52:19,689  INFO [main] HiveMetaStore.audit: ugi=alex	ip=unknown-ip-addr	cmd=get_table : tbl=hive.default.nonAcidNonBucket	
2024-04-24T00:52:19,692  INFO [main] ql.Driver: Semantic Analysis Completed (retrial = false)
2024-04-24T00:52:19,693  INFO [main] ql.Driver: Created Hive schema: Schema(fieldSchemas:null, properties:null)
2024-04-24T00:52:19,693  INFO [main] metadata.Hive: Dumping metastore api call timing information for : compilation phase
2024-04-24T00:52:19,693  INFO [main] metadata.Hive: Total time spent in each metastore function (ms): {flushCache_()=0, commitTxn_(CommitTxnRequest)=12, isCompatibleWith_(Configuration)=0, getValidTxns_(long)=0, openTxn_(String, TxnType)=2}
2024-04-24T00:52:19,693  INFO [main] ql.Driver: Completed compiling command(queryId=alex_20240424005219_196f0a78-18eb-46ca-a82c-4660662d3b2f); Time taken: 0.007 seconds
2024-04-24T00:52:19,693  INFO [main] lockmgr.DbTxnManager: Setting lock request transaction to txnid:6 for queryId=alex_20240424005219_196f0a78-18eb-46ca-a82c-4660662d3b2f
2024-04-24T00:52:19,693  INFO [main] ql.Driver: Operation DROPTABLE obtained 0 locks
2024-04-24T00:52:19,693  INFO [main] ql.Driver: Executing command(queryId=alex_20240424005219_196f0a78-18eb-46ca-a82c-4660662d3b2f): drop table if exists nonAcidNonBucket
2024-04-24T00:52:19,694  INFO [main] ql.Driver: Starting task [Stage-0:DDL] in serial mode
2024-04-24T00:52:19,694  INFO [main] HiveMetaStore.audit: ugi=alex	ip=unknown-ip-addr	cmd=get_table : tbl=hive.default.nonAcidNonBucket	
2024-04-24T00:52:19,697  INFO [main] metadata.Hive: Dumping metastore api call timing information for : execution phase
2024-04-24T00:52:19,697  INFO [main] metadata.Hive: Total time spent in each metastore function (ms): {isCompatibleWith_(Configuration)=0}
2024-04-24T00:52:19,697  INFO [main] ql.Driver: Completed executing command(queryId=alex_20240424005219_196f0a78-18eb-46ca-a82c-4660662d3b2f); Time taken: 0.004 seconds
2024-04-24T00:52:19,697  INFO [main] lockmgr.DbTxnManager: Stopped heartbeat for query: alex_20240424005219_196f0a78-18eb-46ca-a82c-4660662d3b2f
2024-04-24T00:52:19,703  INFO [main] txn.TxnHandler: Expected to move at least one record from txn_components to completed_txn_components when committing txn! txnid:6
2024-04-24T00:52:19,710  INFO [main] txn.TxnHandler: Removed transactions: ([6]) from MIN_HISTORY_LEVEL
2024-04-24T00:52:19,710  WARN [main] txn.CompactionTxnHandler: No compaction queue record found for Compaction type transaction commit. txnId:6
2024-04-24T00:52:19,710  INFO [main] ql.TxnCommandsBaseForTests: Running the query: create table acidTbl(a int, b int) clustered by (a) into 2 buckets stored as orc TBLPROPERTIES ('transactional'='true')
2024-04-24T00:52:19,711  INFO [main] ql.Driver: Compiling command(queryId=alex_20240424005219_193a45ac-ff1d-43f5-aedf-ade7a652fea5): create table acidTbl(a int, b int) clustered by (a) into 2 buckets stored as orc TBLPROPERTIES ('transactional'='true')
2024-04-24T00:52:19,714  INFO [main] txn.TxnHandler: Added entries to MIN_HISTORY_LEVEL for current txns: ([7]) with min_open_txn: 1
2024-04-24T00:52:19,714  INFO [main] lockmgr.DbTxnManager: Opened txnid:7
2024-04-24T00:52:19,714  INFO [main] parse.CalcitePlanner: Starting caching scope for: 
2024-04-24T00:52:19,714  INFO [main] parse.CalcitePlanner: Starting Semantic Analysis
2024-04-24T00:52:19,721  INFO [main] parse.CalcitePlanner: Creating table default.acidTbl position=13
2024-04-24T00:52:19,722  INFO [main] HiveMetaStore.audit: ugi=alex	ip=unknown-ip-addr	cmd=get_database: default	
2024-04-24T00:52:19,723  INFO [main] parse.CalcitePlanner: Ending caching scope for: 
2024-04-24T00:52:19,723  INFO [main] ql.Driver: Semantic Analysis Completed (retrial = false)
2024-04-24T00:52:19,723  INFO [main] ql.Driver: Created Hive schema: Schema(fieldSchemas:null, properties:null)
2024-04-24T00:52:19,724  INFO [main] metadata.Hive: Dumping metastore api call timing information for : compilation phase
2024-04-24T00:52:19,724  INFO [main] metadata.Hive: Total time spent in each metastore function (ms): {getDatabase_(String)=2, commitTxn_(CommitTxnRequest)=12, getValidTxns_(long)=0, flushCache_()=0, getValidWriteIds_(List, String)=6, isCompatibleWith_(Configuration)=1, openTxn_(String, TxnType)=3}
2024-04-24T00:52:19,724  INFO [main] ql.Driver: Completed compiling command(queryId=alex_20240424005219_193a45ac-ff1d-43f5-aedf-ade7a652fea5); Time taken: 0.013 seconds
2024-04-24T00:52:19,724  INFO [main] lockmgr.DbTxnManager: Setting lock request transaction to txnid:7 for queryId=alex_20240424005219_193a45ac-ff1d-43f5-aedf-ade7a652fea5
2024-04-24T00:52:19,724  INFO [main] lockmgr.DbLockManager: Requesting lock for queryId=alex_20240424005219_193a45ac-ff1d-43f5-aedf-ade7a652fea5
2024-04-24T00:52:19,745  INFO [main] lockmgr.DbLockManager: Response to queryId=alex_20240424005219_193a45ac-ff1d-43f5-aedf-ade7a652fea5 LockResponse(lockid:1, state:ACQUIRED)
2024-04-24T00:52:19,745  INFO [main] ql.Driver: Operation CREATETABLE obtained 1 locks
2024-04-24T00:52:19,746  INFO [main] ql.Driver: Executing command(queryId=alex_20240424005219_193a45ac-ff1d-43f5-aedf-ade7a652fea5): create table acidTbl(a int, b int) clustered by (a) into 2 buckets stored as orc TBLPROPERTIES ('transactional'='true')
2024-04-24T00:52:19,746  INFO [main] ql.Driver: Starting task [Stage-0:DDL] in serial mode
2024-04-24T00:52:19,747  INFO [main] HiveMetaStore.audit: ugi=alex	ip=unknown-ip-addr	cmd=create_table_req: Table(tableName:acidTbl, dbName:default, owner:alex, createTime:1713945139, lastAccessTime:0, retention:0, sd:StorageDescriptor(cols:[FieldSchema(name:a, type:int, comment:null), FieldSchema(name:b, type:int, comment:null)], location:null, inputFormat:org.apache.hadoop.hive.ql.io.orc.OrcInputFormat, outputFormat:org.apache.hadoop.hive.ql.io.orc.OrcOutputFormat, compressed:false, numBuckets:2, serdeInfo:SerDeInfo(name:null, serializationLib:org.apache.hadoop.hive.ql.io.orc.OrcSerde, parameters:{serialization.format=1}), bucketCols:[a], sortCols:[], parameters:{}, skewedInfo:SkewedInfo(skewedColNames:[], skewedColValues:[], skewedColValueLocationMaps:{}), storedAsSubDirectories:false), partitionKeys:[], parameters:{COLUMN_STATS_ACCURATE={"BASIC_STATS":"true","COLUMN_STATS":{"a":"true","b":"true"}}, totalSize=0, bucketing_version=2, rawDataSize=0, numRows=0, numFilesErasureCoded=0, numFiles=0, transactional=true}, viewOriginalText:null, viewExpandedText:null, tableType:MANAGED_TABLE, privileges:PrincipalPrivilegeSet(userPrivileges:{alex=[PrivilegeGrantInfo(privilege:INSERT, createTime:-1, grantor:alex, grantorType:USER, grantOption:true), PrivilegeGrantInfo(privilege:SELECT, createTime:-1, grantor:alex, grantorType:USER, grantOption:true), PrivilegeGrantInfo(privilege:UPDATE, createTime:-1, grantor:alex, grantorType:USER, grantOption:true), PrivilegeGrantInfo(privilege:DELETE, createTime:-1, grantor:alex, grantorType:USER, grantOption:true)]}, groupPrivileges:null, rolePrivileges:null), temporary:false, catName:hive, ownerType:USER, writeId:0)	
2024-04-24T00:52:19,755  INFO [main] utils.FileUtils: Creating directory if it doesn't exist: file:/home/alex/Repositories/hive/ql/target/tmp/org.apache.hadoop.hive.ql.TestTxnExIm-1713945026909/warehouse/acidtbl
2024-04-24T00:52:19,800  INFO [main] metadata.Hive: Dumping metastore api call timing information for : execution phase
2024-04-24T00:52:19,801  INFO [main] metadata.Hive: Total time spent in each metastore function (ms): {createTable_(Table)=53, isCompatibleWith_(Configuration)=0}
2024-04-24T00:52:19,801  INFO [main] ql.Driver: Completed executing command(queryId=alex_20240424005219_193a45ac-ff1d-43f5-aedf-ade7a652fea5); Time taken: 0.054 seconds
2024-04-24T00:52:19,801  INFO [main] lockmgr.DbTxnManager: Stopped heartbeat for query: alex_20240424005219_193a45ac-ff1d-43f5-aedf-ade7a652fea5
2024-04-24T00:52:19,806  INFO [main] txn.TxnHandler: Expected to move at least one record from txn_components to completed_txn_components when committing txn! txnid:7
2024-04-24T00:52:19,813  INFO [main] txn.TxnHandler: Removed transactions: ([7]) from MIN_HISTORY_LEVEL
2024-04-24T00:52:19,813  WARN [main] txn.CompactionTxnHandler: No compaction queue record found for Compaction type transaction commit. txnId:7
2024-04-24T00:52:19,814  INFO [main] ql.TxnCommandsBaseForTests: Running the query: create table acidTblPart(a int, b int) partitioned by (p string) clustered by (a) into 2 buckets stored as orc TBLPROPERTIES ('transactional'='true')
2024-04-24T00:52:19,814  INFO [main] ql.Driver: Compiling command(queryId=alex_20240424005219_b7f39764-3158-440f-89df-1e6e2919c6d7): create table acidTblPart(a int, b int) partitioned by (p string) clustered by (a) into 2 buckets stored as orc TBLPROPERTIES ('transactional'='true')
2024-04-24T00:52:19,817  INFO [main] txn.TxnHandler: Added entries to MIN_HISTORY_LEVEL for current txns: ([8]) with min_open_txn: 1
2024-04-24T00:52:19,817  INFO [main] lockmgr.DbTxnManager: Opened txnid:8
2024-04-24T00:52:19,818  INFO [main] parse.CalcitePlanner: Starting caching scope for: 
2024-04-24T00:52:19,818  INFO [main] parse.CalcitePlanner: Starting Semantic Analysis
2024-04-24T00:52:19,820  INFO [main] parse.CalcitePlanner: Creating table default.acidTblPart position=13
2024-04-24T00:52:19,821  INFO [main] HiveMetaStore.audit: ugi=alex	ip=unknown-ip-addr	cmd=get_database: default	
2024-04-24T00:52:19,823  INFO [main] parse.CalcitePlanner: Ending caching scope for: 
2024-04-24T00:52:19,823  INFO [main] ql.Driver: Semantic Analysis Completed (retrial = false)
2024-04-24T00:52:19,823  INFO [main] ql.Driver: Created Hive schema: Schema(fieldSchemas:null, properties:null)
2024-04-24T00:52:19,823  INFO [main] metadata.Hive: Dumping metastore api call timing information for : compilation phase
2024-04-24T00:52:19,823  INFO [main] metadata.Hive: Total time spent in each metastore function (ms): {flushCache_()=0, getDatabase_(String)=3, getValidTxns_(long)=1, getValidWriteIds_(List, String)=2, isCompatibleWith_(Configuration)=0, commitTxn_(CommitTxnRequest)=13, openTxn_(String, TxnType)=2}
2024-04-24T00:52:19,823  INFO [main] ql.Driver: Completed compiling command(queryId=alex_20240424005219_b7f39764-3158-440f-89df-1e6e2919c6d7); Time taken: 0.009 seconds
2024-04-24T00:52:19,823  INFO [main] lockmgr.DbTxnManager: Setting lock request transaction to txnid:8 for queryId=alex_20240424005219_b7f39764-3158-440f-89df-1e6e2919c6d7
2024-04-24T00:52:19,824  INFO [main] lockmgr.DbLockManager: Requesting lock for queryId=alex_20240424005219_b7f39764-3158-440f-89df-1e6e2919c6d7
2024-04-24T00:52:19,839  INFO [main] lockmgr.DbLockManager: Response to queryId=alex_20240424005219_b7f39764-3158-440f-89df-1e6e2919c6d7 LockResponse(lockid:2, state:ACQUIRED)
2024-04-24T00:52:19,839  INFO [main] ql.Driver: Operation CREATETABLE obtained 1 locks
2024-04-24T00:52:19,840  INFO [main] ql.Driver: Executing command(queryId=alex_20240424005219_b7f39764-3158-440f-89df-1e6e2919c6d7): create table acidTblPart(a int, b int) partitioned by (p string) clustered by (a) into 2 buckets stored as orc TBLPROPERTIES ('transactional'='true')
2024-04-24T00:52:19,840  INFO [main] ql.Driver: Starting task [Stage-0:DDL] in serial mode
2024-04-24T00:52:19,841  INFO [main] HiveMetaStore.audit: ugi=alex	ip=unknown-ip-addr	cmd=create_table_req: Table(tableName:acidTblPart, dbName:default, owner:alex, createTime:1713945139, lastAccessTime:0, retention:0, sd:StorageDescriptor(cols:[FieldSchema(name:a, type:int, comment:null), FieldSchema(name:b, type:int, comment:null)], location:null, inputFormat:org.apache.hadoop.hive.ql.io.orc.OrcInputFormat, outputFormat:org.apache.hadoop.hive.ql.io.orc.OrcOutputFormat, compressed:false, numBuckets:2, serdeInfo:SerDeInfo(name:null, serializationLib:org.apache.hadoop.hive.ql.io.orc.OrcSerde, parameters:{serialization.format=1}), bucketCols:[a], sortCols:[], parameters:{}, skewedInfo:SkewedInfo(skewedColNames:[], skewedColValues:[], skewedColValueLocationMaps:{}), storedAsSubDirectories:false), partitionKeys:[FieldSchema(name:p, type:string, comment:null)], parameters:{bucketing_version=2, transactional=true}, viewOriginalText:null, viewExpandedText:null, tableType:MANAGED_TABLE, privileges:PrincipalPrivilegeSet(userPrivileges:{alex=[PrivilegeGrantInfo(privilege:INSERT, createTime:-1, grantor:alex, grantorType:USER, grantOption:true), PrivilegeGrantInfo(privilege:SELECT, createTime:-1, grantor:alex, grantorType:USER, grantOption:true), PrivilegeGrantInfo(privilege:UPDATE, createTime:-1, grantor:alex, grantorType:USER, grantOption:true), PrivilegeGrantInfo(privilege:DELETE, createTime:-1, grantor:alex, grantorType:USER, grantOption:true)]}, groupPrivileges:null, rolePrivileges:null), temporary:false, catName:hive, ownerType:USER, writeId:0)	
2024-04-24T00:52:19,847  INFO [main] utils.FileUtils: Creating directory if it doesn't exist: file:/home/alex/Repositories/hive/ql/target/tmp/org.apache.hadoop.hive.ql.TestTxnExIm-1713945026909/warehouse/acidtblpart
2024-04-24T00:52:19,862  INFO [main] metadata.Hive: Dumping metastore api call timing information for : execution phase
2024-04-24T00:52:19,862  INFO [main] metadata.Hive: Total time spent in each metastore function (ms): {isCompatibleWith_(Configuration)=0, createTable_(Table)=22}
2024-04-24T00:52:19,863  INFO [main] ql.Driver: Completed executing command(queryId=alex_20240424005219_b7f39764-3158-440f-89df-1e6e2919c6d7); Time taken: 0.022 seconds
2024-04-24T00:52:19,863  INFO [main] lockmgr.DbTxnManager: Stopped heartbeat for query: alex_20240424005219_b7f39764-3158-440f-89df-1e6e2919c6d7
2024-04-24T00:52:19,867  INFO [main] txn.TxnHandler: Expected to move at least one record from txn_components to completed_txn_components when committing txn! txnid:8
2024-04-24T00:52:19,872  INFO [main] txn.TxnHandler: Removed transactions: ([8]) from MIN_HISTORY_LEVEL
2024-04-24T00:52:19,872  WARN [main] txn.CompactionTxnHandler: No compaction queue record found for Compaction type transaction commit. txnId:8
2024-04-24T00:52:19,873  INFO [main] ql.TxnCommandsBaseForTests: Running the query: create table nonAcidOrcTbl(a int, b int) clustered by (a) into 2 buckets stored as orc TBLPROPERTIES ('transactional'='false')
2024-04-24T00:52:19,873  INFO [main] ql.Driver: Compiling command(queryId=alex_20240424005219_2744ae72-6b37-4363-9761-2171f7512914): create table nonAcidOrcTbl(a int, b int) clustered by (a) into 2 buckets stored as orc TBLPROPERTIES ('transactional'='false')
2024-04-24T00:52:19,876  INFO [main] txn.TxnHandler: Added entries to MIN_HISTORY_LEVEL for current txns: ([9]) with min_open_txn: 1
2024-04-24T00:52:19,876  INFO [main] lockmgr.DbTxnManager: Opened txnid:9
2024-04-24T00:52:19,876  INFO [main] parse.CalcitePlanner: Starting caching scope for: 
2024-04-24T00:52:19,877  INFO [main] parse.CalcitePlanner: Starting Semantic Analysis
2024-04-24T00:52:19,879  INFO [main] parse.CalcitePlanner: Creating table default.nonAcidOrcTbl position=13
2024-04-24T00:52:19,879  INFO [main] HiveMetaStore.audit: ugi=alex	ip=unknown-ip-addr	cmd=get_database: default	
2024-04-24T00:52:19,881  INFO [main] parse.CalcitePlanner: Ending caching scope for: 
2024-04-24T00:52:19,881  INFO [main] ql.Driver: Semantic Analysis Completed (retrial = false)
2024-04-24T00:52:19,881  INFO [main] ql.Driver: Created Hive schema: Schema(fieldSchemas:null, properties:null)
2024-04-24T00:52:19,881  INFO [main] metadata.Hive: Dumping metastore api call timing information for : compilation phase
2024-04-24T00:52:19,881  INFO [main] metadata.Hive: Total time spent in each metastore function (ms): {flushCache_()=0, openTxn_(String, TxnType)=2, getDatabase_(String)=2, getValidWriteIds_(List, String)=2, isCompatibleWith_(Configuration)=0, getValidTxns_(long)=0, commitTxn_(CommitTxnRequest)=10}
2024-04-24T00:52:19,881  INFO [main] ql.Driver: Completed compiling command(queryId=alex_20240424005219_2744ae72-6b37-4363-9761-2171f7512914); Time taken: 0.008 seconds
2024-04-24T00:52:19,881  INFO [main] lockmgr.DbTxnManager: Setting lock request transaction to txnid:9 for queryId=alex_20240424005219_2744ae72-6b37-4363-9761-2171f7512914
2024-04-24T00:52:19,882  INFO [main] lockmgr.DbLockManager: Requesting lock for queryId=alex_20240424005219_2744ae72-6b37-4363-9761-2171f7512914
2024-04-24T00:52:19,895  INFO [main] lockmgr.DbLockManager: Response to queryId=alex_20240424005219_2744ae72-6b37-4363-9761-2171f7512914 LockResponse(lockid:3, state:ACQUIRED)
2024-04-24T00:52:19,895  INFO [main] ql.Driver: Operation CREATETABLE obtained 1 locks
2024-04-24T00:52:19,896  INFO [main] ql.Driver: Executing command(queryId=alex_20240424005219_2744ae72-6b37-4363-9761-2171f7512914): create table nonAcidOrcTbl(a int, b int) clustered by (a) into 2 buckets stored as orc TBLPROPERTIES ('transactional'='false')
2024-04-24T00:52:19,896  INFO [main] ql.Driver: Starting task [Stage-0:DDL] in serial mode
2024-04-24T00:52:19,897  INFO [main] HiveMetaStore.audit: ugi=alex	ip=unknown-ip-addr	cmd=create_table_req: Table(tableName:nonAcidOrcTbl, dbName:default, owner:alex, createTime:1713945139, lastAccessTime:0, retention:0, sd:StorageDescriptor(cols:[FieldSchema(name:a, type:int, comment:null), FieldSchema(name:b, type:int, comment:null)], location:null, inputFormat:org.apache.hadoop.hive.ql.io.orc.OrcInputFormat, outputFormat:org.apache.hadoop.hive.ql.io.orc.OrcOutputFormat, compressed:false, numBuckets:2, serdeInfo:SerDeInfo(name:null, serializationLib:org.apache.hadoop.hive.ql.io.orc.OrcSerde, parameters:{serialization.format=1}), bucketCols:[a], sortCols:[], parameters:{}, skewedInfo:SkewedInfo(skewedColNames:[], skewedColValues:[], skewedColValueLocationMaps:{}), storedAsSubDirectories:false), partitionKeys:[], parameters:{rawDataSize=0, transactional=false, COLUMN_STATS_ACCURATE={"BASIC_STATS":"true","COLUMN_STATS":{"a":"true","b":"true"}}, numFiles=0, bucketing_version=2, numFilesErasureCoded=0, totalSize=0, numRows=0}, viewOriginalText:null, viewExpandedText:null, tableType:MANAGED_TABLE, privileges:PrincipalPrivilegeSet(userPrivileges:{alex=[PrivilegeGrantInfo(privilege:INSERT, createTime:-1, grantor:alex, grantorType:USER, grantOption:true), PrivilegeGrantInfo(privilege:SELECT, createTime:-1, grantor:alex, grantorType:USER, grantOption:true), PrivilegeGrantInfo(privilege:UPDATE, createTime:-1, grantor:alex, grantorType:USER, grantOption:true), PrivilegeGrantInfo(privilege:DELETE, createTime:-1, grantor:alex, grantorType:USER, grantOption:true)]}, groupPrivileges:null, rolePrivileges:null), temporary:false, catName:hive, ownerType:USER)	
2024-04-24T00:52:19,902  INFO [main] utils.FileUtils: Creating directory if it doesn't exist: file:/home/alex/Repositories/hive/ql/target/tmp/org.apache.hadoop.hive.ql.TestTxnExIm-1713945026909/warehouse/nonacidorctbl
2024-04-24T00:52:19,917  INFO [main] metadata.Hive: Dumping metastore api call timing information for : execution phase
2024-04-24T00:52:19,917  INFO [main] metadata.Hive: Total time spent in each metastore function (ms): {isCompatibleWith_(Configuration)=0, createTable_(Table)=20}
2024-04-24T00:52:19,917  INFO [main] ql.Driver: Completed executing command(queryId=alex_20240424005219_2744ae72-6b37-4363-9761-2171f7512914); Time taken: 0.021 seconds
2024-04-24T00:52:19,917  INFO [main] lockmgr.DbTxnManager: Stopped heartbeat for query: alex_20240424005219_2744ae72-6b37-4363-9761-2171f7512914
2024-04-24T00:52:19,921  INFO [main] txn.TxnHandler: Expected to move at least one record from txn_components to completed_txn_components when committing txn! txnid:9
2024-04-24T00:52:19,927  INFO [main] txn.TxnHandler: Removed transactions: ([9]) from MIN_HISTORY_LEVEL
2024-04-24T00:52:19,927  WARN [main] txn.CompactionTxnHandler: No compaction queue record found for Compaction type transaction commit. txnId:9
2024-04-24T00:52:19,928  INFO [main] ql.TxnCommandsBaseForTests: Running the query: create table nonAcidOrcTbl2(a int, b int) clustered by (a) into 2 buckets stored as orc TBLPROPERTIES ('transactional'='false')
2024-04-24T00:52:19,928  INFO [main] ql.Driver: Compiling command(queryId=alex_20240424005219_c1e196a2-ed54-4c0b-907d-80268297d19f): create table nonAcidOrcTbl2(a int, b int) clustered by (a) into 2 buckets stored as orc TBLPROPERTIES ('transactional'='false')
2024-04-24T00:52:19,930  INFO [main] txn.TxnHandler: Added entries to MIN_HISTORY_LEVEL for current txns: ([10]) with min_open_txn: 1
2024-04-24T00:52:19,930  INFO [main] lockmgr.DbTxnManager: Opened txnid:10
2024-04-24T00:52:19,931  INFO [main] parse.CalcitePlanner: Starting caching scope for: 
2024-04-24T00:52:19,931  INFO [main] parse.CalcitePlanner: Starting Semantic Analysis
2024-04-24T00:52:19,933  INFO [main] parse.CalcitePlanner: Creating table default.nonAcidOrcTbl2 position=13
2024-04-24T00:52:19,933  INFO [main] HiveMetaStore.audit: ugi=alex	ip=unknown-ip-addr	cmd=get_database: default	
2024-04-24T00:52:19,935  INFO [main] parse.CalcitePlanner: Ending caching scope for: 
2024-04-24T00:52:19,935  INFO [main] ql.Driver: Semantic Analysis Completed (retrial = false)
2024-04-24T00:52:19,935  INFO [main] ql.Driver: Created Hive schema: Schema(fieldSchemas:null, properties:null)
2024-04-24T00:52:19,935  INFO [main] metadata.Hive: Dumping metastore api call timing information for : compilation phase
2024-04-24T00:52:19,935  INFO [main] metadata.Hive: Total time spent in each metastore function (ms): {openTxn_(String, TxnType)=2, commitTxn_(CommitTxnRequest)=10, getValidTxns_(long)=1, getValidWriteIds_(List, String)=2, flushCache_()=0, getDatabase_(String)=2, isCompatibleWith_(Configuration)=0}
2024-04-24T00:52:19,935  INFO [main] ql.Driver: Completed compiling command(queryId=alex_20240424005219_c1e196a2-ed54-4c0b-907d-80268297d19f); Time taken: 0.007 seconds
2024-04-24T00:52:19,936  INFO [main] lockmgr.DbTxnManager: Setting lock request transaction to txnid:10 for queryId=alex_20240424005219_c1e196a2-ed54-4c0b-907d-80268297d19f
2024-04-24T00:52:19,936  INFO [main] lockmgr.DbLockManager: Requesting lock for queryId=alex_20240424005219_c1e196a2-ed54-4c0b-907d-80268297d19f
2024-04-24T00:52:19,950  INFO [main] lockmgr.DbLockManager: Response to queryId=alex_20240424005219_c1e196a2-ed54-4c0b-907d-80268297d19f LockResponse(lockid:4, state:ACQUIRED)
2024-04-24T00:52:19,950  INFO [main] ql.Driver: Operation CREATETABLE obtained 1 locks
2024-04-24T00:52:19,950  INFO [main] ql.Driver: Executing command(queryId=alex_20240424005219_c1e196a2-ed54-4c0b-907d-80268297d19f): create table nonAcidOrcTbl2(a int, b int) clustered by (a) into 2 buckets stored as orc TBLPROPERTIES ('transactional'='false')
2024-04-24T00:52:19,950  INFO [main] ql.Driver: Starting task [Stage-0:DDL] in serial mode
2024-04-24T00:52:19,951  INFO [main] HiveMetaStore.audit: ugi=alex	ip=unknown-ip-addr	cmd=create_table_req: Table(tableName:nonAcidOrcTbl2, dbName:default, owner:alex, createTime:1713945139, lastAccessTime:0, retention:0, sd:StorageDescriptor(cols:[FieldSchema(name:a, type:int, comment:null), FieldSchema(name:b, type:int, comment:null)], location:null, inputFormat:org.apache.hadoop.hive.ql.io.orc.OrcInputFormat, outputFormat:org.apache.hadoop.hive.ql.io.orc.OrcOutputFormat, compressed:false, numBuckets:2, serdeInfo:SerDeInfo(name:null, serializationLib:org.apache.hadoop.hive.ql.io.orc.OrcSerde, parameters:{serialization.format=1}), bucketCols:[a], sortCols:[], parameters:{}, skewedInfo:SkewedInfo(skewedColNames:[], skewedColValues:[], skewedColValueLocationMaps:{}), storedAsSubDirectories:false), partitionKeys:[], parameters:{numRows=0, numFilesErasureCoded=0, numFiles=0, rawDataSize=0, transactional=false, totalSize=0, bucketing_version=2, COLUMN_STATS_ACCURATE={"BASIC_STATS":"true","COLUMN_STATS":{"a":"true","b":"true"}}}, viewOriginalText:null, viewExpandedText:null, tableType:MANAGED_TABLE, privileges:PrincipalPrivilegeSet(userPrivileges:{alex=[PrivilegeGrantInfo(privilege:INSERT, createTime:-1, grantor:alex, grantorType:USER, grantOption:true), PrivilegeGrantInfo(privilege:SELECT, createTime:-1, grantor:alex, grantorType:USER, grantOption:true), PrivilegeGrantInfo(privilege:UPDATE, createTime:-1, grantor:alex, grantorType:USER, grantOption:true), PrivilegeGrantInfo(privilege:DELETE, createTime:-1, grantor:alex, grantorType:USER, grantOption:true)]}, groupPrivileges:null, rolePrivileges:null), temporary:false, catName:hive, ownerType:USER)	
2024-04-24T00:52:19,957  INFO [main] utils.FileUtils: Creating directory if it doesn't exist: file:/home/alex/Repositories/hive/ql/target/tmp/org.apache.hadoop.hive.ql.TestTxnExIm-1713945026909/warehouse/nonacidorctbl2
2024-04-24T00:52:19,971  INFO [main] metadata.Hive: Dumping metastore api call timing information for : execution phase
2024-04-24T00:52:19,971  INFO [main] metadata.Hive: Total time spent in each metastore function (ms): {createTable_(Table)=19, isCompatibleWith_(Configuration)=0}
2024-04-24T00:52:19,971  INFO [main] ql.Driver: Completed executing command(queryId=alex_20240424005219_c1e196a2-ed54-4c0b-907d-80268297d19f); Time taken: 0.021 seconds
2024-04-24T00:52:19,971  INFO [main] lockmgr.DbTxnManager: Stopped heartbeat for query: alex_20240424005219_c1e196a2-ed54-4c0b-907d-80268297d19f
2024-04-24T00:52:19,975  INFO [main] txn.TxnHandler: Expected to move at least one record from txn_components to completed_txn_components when committing txn! txnid:10
2024-04-24T00:52:19,981  INFO [main] txn.TxnHandler: Removed transactions: ([10]) from MIN_HISTORY_LEVEL
2024-04-24T00:52:19,981  WARN [main] txn.CompactionTxnHandler: No compaction queue record found for Compaction type transaction commit. txnId:10
2024-04-24T00:52:19,982  INFO [main] ql.TxnCommandsBaseForTests: Running the query: create temporary  table acidTbl2(a int, b int, c int) clustered by (c) into 2 buckets stored as orc TBLPROPERTIES ('transactional'='true')
2024-04-24T00:52:19,982  INFO [main] ql.Driver: Compiling command(queryId=alex_20240424005219_38aab6b9-9f36-4b9b-b7e7-3bc9b96e8d6a): create temporary  table acidTbl2(a int, b int, c int) clustered by (c) into 2 buckets stored as orc TBLPROPERTIES ('transactional'='true')
2024-04-24T00:52:19,985  INFO [main] txn.TxnHandler: Added entries to MIN_HISTORY_LEVEL for current txns: ([11]) with min_open_txn: 1
2024-04-24T00:52:19,986  INFO [main] lockmgr.DbTxnManager: Opened txnid:11
2024-04-24T00:52:19,986  INFO [main] parse.CalcitePlanner: Starting caching scope for: 
2024-04-24T00:52:19,986  INFO [main] parse.CalcitePlanner: Starting Semantic Analysis
2024-04-24T00:52:19,989  INFO [main] parse.CalcitePlanner: Creating table default.acidTbl2 position=24
2024-04-24T00:52:19,990  INFO [main] HiveMetaStore.audit: ugi=alex	ip=unknown-ip-addr	cmd=get_database: default	
2024-04-24T00:52:19,991  INFO [main] parse.CalcitePlanner: Ending caching scope for: 
2024-04-24T00:52:19,992  INFO [main] ql.Driver: Semantic Analysis Completed (retrial = false)
2024-04-24T00:52:19,992  INFO [main] ql.Driver: Created Hive schema: Schema(fieldSchemas:null, properties:null)
2024-04-24T00:52:19,992  INFO [main] metadata.Hive: Dumping metastore api call timing information for : compilation phase
2024-04-24T00:52:19,992  INFO [main] metadata.Hive: Total time spent in each metastore function (ms): {getValidWriteIds_(List, String)=2, getDatabase_(String)=1, isCompatibleWith_(Configuration)=0, getValidTxns_(long)=0, commitTxn_(CommitTxnRequest)=10, openTxn_(String, TxnType)=3, flushCache_()=0}
2024-04-24T00:52:19,992  INFO [main] ql.Driver: Completed compiling command(queryId=alex_20240424005219_38aab6b9-9f36-4b9b-b7e7-3bc9b96e8d6a); Time taken: 0.01 seconds
2024-04-24T00:52:19,992  INFO [main] lockmgr.DbTxnManager: Setting lock request transaction to txnid:11 for queryId=alex_20240424005219_38aab6b9-9f36-4b9b-b7e7-3bc9b96e8d6a
2024-04-24T00:52:19,993  INFO [main] lockmgr.DbLockManager: Requesting lock for queryId=alex_20240424005219_38aab6b9-9f36-4b9b-b7e7-3bc9b96e8d6a
2024-04-24T00:52:20,007  INFO [main] lockmgr.DbLockManager: Response to queryId=alex_20240424005219_38aab6b9-9f36-4b9b-b7e7-3bc9b96e8d6a LockResponse(lockid:5, state:ACQUIRED)
2024-04-24T00:52:20,007  INFO [main] ql.Driver: Operation CREATETABLE obtained 1 locks
2024-04-24T00:52:20,008  INFO [main] ql.Driver: Executing command(queryId=alex_20240424005219_38aab6b9-9f36-4b9b-b7e7-3bc9b96e8d6a): create temporary  table acidTbl2(a int, b int, c int) clustered by (c) into 2 buckets stored as orc TBLPROPERTIES ('transactional'='true')
2024-04-24T00:52:20,008  INFO [main] ql.Driver: Starting task [Stage-0:DDL] in serial mode
2024-04-24T00:52:20,009  INFO [main] utils.FileUtils: Creating directory if it doesn't exist: file:/home/alex/Repositories/hive/ql/target/tmp/scratchdir/alex/a1d20ac2-9a3d-42c6-8746-dfa637cead46/_tmp_space.db/c80e08a2-9341-496c-9aa2-1b634e56cb70
2024-04-24T00:52:20,012  INFO [main] metadata.Hive: Dumping metastore api call timing information for : execution phase
2024-04-24T00:52:20,012  INFO [main] metadata.Hive: Total time spent in each metastore function (ms): {isCompatibleWith_(Configuration)=0, createTable_(Table)=3}
2024-04-24T00:52:20,013  INFO [main] ql.Driver: Completed executing command(queryId=alex_20240424005219_38aab6b9-9f36-4b9b-b7e7-3bc9b96e8d6a); Time taken: 0.004 seconds
2024-04-24T00:52:20,013  INFO [main] lockmgr.DbTxnManager: Stopped heartbeat for query: alex_20240424005219_38aab6b9-9f36-4b9b-b7e7-3bc9b96e8d6a
2024-04-24T00:52:20,017  INFO [main] txn.TxnHandler: Expected to move at least one record from txn_components to completed_txn_components when committing txn! txnid:11
2024-04-24T00:52:20,023  INFO [main] txn.TxnHandler: Removed transactions: ([11]) from MIN_HISTORY_LEVEL
2024-04-24T00:52:20,023  WARN [main] txn.CompactionTxnHandler: No compaction queue record found for Compaction type transaction commit. txnId:11
2024-04-24T00:52:20,023  INFO [main] ql.TxnCommandsBaseForTests: Running the query: create table nonAcidNonBucket(a int, b int) stored as orc TBLPROPERTIES ('transactional'='false')
2024-04-24T00:52:20,024  INFO [main] ql.Driver: Compiling command(queryId=alex_20240424005220_7208fe45-0700-4191-a7b0-48d778445088): create table nonAcidNonBucket(a int, b int) stored as orc TBLPROPERTIES ('transactional'='false')
2024-04-24T00:52:20,026  INFO [main] txn.TxnHandler: Added entries to MIN_HISTORY_LEVEL for current txns: ([12]) with min_open_txn: 1
2024-04-24T00:52:20,026  INFO [main] lockmgr.DbTxnManager: Opened txnid:12
2024-04-24T00:52:20,027  INFO [main] parse.CalcitePlanner: Starting caching scope for: 
2024-04-24T00:52:20,027  INFO [main] parse.CalcitePlanner: Starting Semantic Analysis
2024-04-24T00:52:20,029  INFO [main] parse.CalcitePlanner: Creating table default.nonAcidNonBucket position=13
2024-04-24T00:52:20,029  INFO [main] HiveMetaStore.audit: ugi=alex	ip=unknown-ip-addr	cmd=get_database: default	
2024-04-24T00:52:20,031  INFO [main] parse.CalcitePlanner: Ending caching scope for: 
2024-04-24T00:52:20,031  INFO [main] ql.Driver: Semantic Analysis Completed (retrial = false)
2024-04-24T00:52:20,031  INFO [main] ql.Driver: Created Hive schema: Schema(fieldSchemas:null, properties:null)
2024-04-24T00:52:20,031  INFO [main] metadata.Hive: Dumping metastore api call timing information for : compilation phase
2024-04-24T00:52:20,031  INFO [main] metadata.Hive: Total time spent in each metastore function (ms): {isCompatibleWith_(Configuration)=0, getValidWriteIds_(List, String)=2, getDatabase_(String)=2, openTxn_(String, TxnType)=2, flushCache_()=0, commitTxn_(CommitTxnRequest)=10, getValidTxns_(long)=1}
2024-04-24T00:52:20,032  INFO [main] ql.Driver: Completed compiling command(queryId=alex_20240424005220_7208fe45-0700-4191-a7b0-48d778445088); Time taken: 0.007 seconds
2024-04-24T00:52:20,032  INFO [main] lockmgr.DbTxnManager: Setting lock request transaction to txnid:12 for queryId=alex_20240424005220_7208fe45-0700-4191-a7b0-48d778445088
2024-04-24T00:52:20,032  INFO [main] lockmgr.DbLockManager: Requesting lock for queryId=alex_20240424005220_7208fe45-0700-4191-a7b0-48d778445088
2024-04-24T00:52:20,046  INFO [main] lockmgr.DbLockManager: Response to queryId=alex_20240424005220_7208fe45-0700-4191-a7b0-48d778445088 LockResponse(lockid:6, state:ACQUIRED)
2024-04-24T00:52:20,046  INFO [main] ql.Driver: Operation CREATETABLE obtained 1 locks
2024-04-24T00:52:20,046  INFO [main] ql.Driver: Executing command(queryId=alex_20240424005220_7208fe45-0700-4191-a7b0-48d778445088): create table nonAcidNonBucket(a int, b int) stored as orc TBLPROPERTIES ('transactional'='false')
2024-04-24T00:52:20,046  INFO [main] ql.Driver: Starting task [Stage-0:DDL] in serial mode
2024-04-24T00:52:20,047  INFO [main] HiveMetaStore.audit: ugi=alex	ip=unknown-ip-addr	cmd=create_table_req: Table(tableName:nonAcidNonBucket, dbName:default, owner:alex, createTime:1713945140, lastAccessTime:0, retention:0, sd:StorageDescriptor(cols:[FieldSchema(name:a, type:int, comment:null), FieldSchema(name:b, type:int, comment:null)], location:null, inputFormat:org.apache.hadoop.hive.ql.io.orc.OrcInputFormat, outputFormat:org.apache.hadoop.hive.ql.io.orc.OrcOutputFormat, compressed:false, numBuckets:-1, serdeInfo:SerDeInfo(name:null, serializationLib:org.apache.hadoop.hive.ql.io.orc.OrcSerde, parameters:{serialization.format=1}), bucketCols:[], sortCols:[], parameters:{}, skewedInfo:SkewedInfo(skewedColNames:[], skewedColValues:[], skewedColValueLocationMaps:{}), storedAsSubDirectories:false), partitionKeys:[], parameters:{bucketing_version=2, transactional=false, rawDataSize=0, numFilesErasureCoded=0, numRows=0, totalSize=0, numFiles=0, COLUMN_STATS_ACCURATE={"BASIC_STATS":"true","COLUMN_STATS":{"a":"true","b":"true"}}}, viewOriginalText:null, viewExpandedText:null, tableType:MANAGED_TABLE, privileges:PrincipalPrivilegeSet(userPrivileges:{alex=[PrivilegeGrantInfo(privilege:INSERT, createTime:-1, grantor:alex, grantorType:USER, grantOption:true), PrivilegeGrantInfo(privilege:SELECT, createTime:-1, grantor:alex, grantorType:USER, grantOption:true), PrivilegeGrantInfo(privilege:UPDATE, createTime:-1, grantor:alex, grantorType:USER, grantOption:true), PrivilegeGrantInfo(privilege:DELETE, createTime:-1, grantor:alex, grantorType:USER, grantOption:true)]}, groupPrivileges:null, rolePrivileges:null), temporary:false, catName:hive, ownerType:USER)	
2024-04-24T00:52:20,053  INFO [main] utils.FileUtils: Creating directory if it doesn't exist: file:/home/alex/Repositories/hive/ql/target/tmp/org.apache.hadoop.hive.ql.TestTxnExIm-1713945026909/warehouse/nonacidnonbucket
2024-04-24T00:52:20,069  INFO [main] metadata.Hive: Dumping metastore api call timing information for : execution phase
2024-04-24T00:52:20,069  INFO [main] metadata.Hive: Total time spent in each metastore function (ms): {createTable_(Table)=21, isCompatibleWith_(Configuration)=0}
2024-04-24T00:52:20,069  INFO [main] ql.Driver: Completed executing command(queryId=alex_20240424005220_7208fe45-0700-4191-a7b0-48d778445088); Time taken: 0.023 seconds
2024-04-24T00:52:20,069  INFO [main] lockmgr.DbTxnManager: Stopped heartbeat for query: alex_20240424005220_7208fe45-0700-4191-a7b0-48d778445088
2024-04-24T00:52:20,075  INFO [main] txn.TxnHandler: Expected to move at least one record from txn_components to completed_txn_components when committing txn! txnid:12
2024-04-24T00:52:20,082  INFO [main] txn.TxnHandler: Removed transactions: ([12]) from MIN_HISTORY_LEVEL
2024-04-24T00:52:20,082  WARN [main] txn.CompactionTxnHandler: No compaction queue record found for Compaction type transaction commit. txnId:12
2024-04-24T00:52:20,083  INFO [main] ql.TxnCommandsBaseForTests: Running the query: drop table if exists T
2024-04-24T00:52:20,083  INFO [main] ql.Driver: Compiling command(queryId=alex_20240424005220_61b80968-a60d-464f-8006-521f65218d9f): drop table if exists T
2024-04-24T00:52:20,085  INFO [main] txn.TxnHandler: Added entries to MIN_HISTORY_LEVEL for current txns: ([13]) with min_open_txn: 1
2024-04-24T00:52:20,086  INFO [main] lockmgr.DbTxnManager: Opened txnid:13
2024-04-24T00:52:20,086  INFO [main] HiveMetaStore.audit: ugi=alex	ip=unknown-ip-addr	cmd=get_table : tbl=hive.default.T	
2024-04-24T00:52:20,105  INFO [main] metastore.HMSHandler: Skipping translation for processor with null
2024-04-24T00:52:20,105  INFO [main] ql.Driver: Semantic Analysis Completed (retrial = false)
2024-04-24T00:52:20,105  INFO [main] ql.Driver: Created Hive schema: Schema(fieldSchemas:null, properties:null)
2024-04-24T00:52:20,105  INFO [main] metadata.Hive: Dumping metastore api call timing information for : compilation phase
2024-04-24T00:52:20,105  INFO [main] metadata.Hive: Total time spent in each metastore function (ms): {getTable_(GetTableRequest)=19, commitTxn_(CommitTxnRequest)=12, getValidTxns_(long)=0, flushCache_()=0, openTxn_(String, TxnType)=3, isCompatibleWith_(Configuration)=1}
2024-04-24T00:52:20,105  INFO [main] ql.Driver: Completed compiling command(queryId=alex_20240424005220_61b80968-a60d-464f-8006-521f65218d9f); Time taken: 0.022 seconds
2024-04-24T00:52:20,106  INFO [main] lockmgr.DbTxnManager: Setting lock request transaction to txnid:13 for queryId=alex_20240424005220_61b80968-a60d-464f-8006-521f65218d9f
2024-04-24T00:52:20,106  INFO [main] lockmgr.DbLockManager: Requesting lock for queryId=alex_20240424005220_61b80968-a60d-464f-8006-521f65218d9f
2024-04-24T00:52:20,124  INFO [main] lockmgr.DbLockManager: Response to queryId=alex_20240424005220_61b80968-a60d-464f-8006-521f65218d9f LockResponse(lockid:7, state:ACQUIRED)
2024-04-24T00:52:20,124  INFO [main] ql.Driver: Operation DROPTABLE obtained 1 locks
2024-04-24T00:52:20,124  INFO [main] ql.Driver: Executing command(queryId=alex_20240424005220_61b80968-a60d-464f-8006-521f65218d9f): drop table if exists T
2024-04-24T00:52:20,124  INFO [main] ql.Driver: Starting task [Stage-0:DDL] in serial mode
2024-04-24T00:52:20,124  INFO [main] HiveMetaStore.audit: ugi=alex	ip=unknown-ip-addr	cmd=get_table : tbl=hive.default.T	
2024-04-24T00:52:20,131  INFO [main] metastore.HMSHandler: Skipping translation for processor with null
2024-04-24T00:52:20,131  INFO [main] HiveMetaStore.audit: ugi=alex	ip=unknown-ip-addr	cmd=get_table : tbl=hive.default.T	
2024-04-24T00:52:20,138  INFO [main] metastore.HMSHandler: Skipping translation for processor with null
2024-04-24T00:52:20,138  INFO [main] HiveMetaStore.audit: ugi=alex	ip=unknown-ip-addr	cmd=drop_table : tbl=hive.default.T	
2024-04-24T00:52:20,275  WARN [main] utils.FileUtils: File file:/home/alex/Repositories/hive/ql/target/tmp/org.apache.hadoop.hive.ql.TestTxnExIm-1713945026909/warehouse/t does not exist; Force to delete it.
2024-04-24T00:52:20,275 ERROR [main] utils.FileUtils: Failed to delete file:/home/alex/Repositories/hive/ql/target/tmp/org.apache.hadoop.hive.ql.TestTxnExIm-1713945026909/warehouse/t
2024-04-24T00:52:20,275  INFO [main] metadata.Hive: Dumping metastore api call timing information for : execution phase
2024-04-24T00:52:20,275  INFO [main] metadata.Hive: Total time spent in each metastore function (ms): {getTable_(GetTableRequest)=7, isCompatibleWith_(Configuration)=0, dropTable_(String, String, boolean, boolean, boolean)=144}
2024-04-24T00:52:20,275  INFO [main] ql.Driver: Completed executing command(queryId=alex_20240424005220_61b80968-a60d-464f-8006-521f65218d9f); Time taken: 0.151 seconds
2024-04-24T00:52:20,275  INFO [main] lockmgr.DbTxnManager: Stopped heartbeat for query: alex_20240424005220_61b80968-a60d-464f-8006-521f65218d9f
2024-04-24T00:52:20,279  INFO [main] txn.TxnHandler: Expected to move at least one record from txn_components to completed_txn_components when committing txn! txnid:13
2024-04-24T00:52:20,285  INFO [main] txn.TxnHandler: Removed transactions: ([13]) from MIN_HISTORY_LEVEL
2024-04-24T00:52:20,286  WARN [main] txn.CompactionTxnHandler: No compaction queue record found for Compaction type transaction commit. txnId:13
2024-04-24T00:52:20,287  INFO [main] ql.TxnCommandsBaseForTests: Running the query: drop table if exists Tstage
2024-04-24T00:52:20,287  INFO [main] ql.Driver: Compiling command(queryId=alex_20240424005220_e9de9a7d-511f-42b6-933a-665edf81fc57): drop table if exists Tstage
2024-04-24T00:52:20,297  INFO [main] txn.TxnHandler: Added entries to MIN_HISTORY_LEVEL for current txns: ([14]) with min_open_txn: 1
2024-04-24T00:52:20,297  INFO [main] lockmgr.DbTxnManager: Opened txnid:14
2024-04-24T00:52:20,300  INFO [main] HiveMetaStore.audit: ugi=alex	ip=unknown-ip-addr	cmd=get_table : tbl=hive.default.Tstage	
2024-04-24T00:52:20,320  INFO [main] metastore.HMSHandler: Skipping translation for processor with null
2024-04-24T00:52:20,320  INFO [main] ql.Driver: Semantic Analysis Completed (retrial = false)
2024-04-24T00:52:20,320  INFO [main] ql.Driver: Created Hive schema: Schema(fieldSchemas:null, properties:null)
2024-04-24T00:52:20,320  INFO [main] metadata.Hive: Dumping metastore api call timing information for : compilation phase
2024-04-24T00:52:20,320  INFO [main] metadata.Hive: Total time spent in each metastore function (ms): {openTxn_(String, TxnType)=9, flushCache_()=0, commitTxn_(CommitTxnRequest)=12, getTable_(GetTableRequest)=21, isCompatibleWith_(Configuration)=0, getValidTxns_(long)=2}
2024-04-24T00:52:20,321  INFO [main] ql.Driver: Completed compiling command(queryId=alex_20240424005220_e9de9a7d-511f-42b6-933a-665edf81fc57); Time taken: 0.033 seconds
2024-04-24T00:52:20,321  INFO [main] lockmgr.DbTxnManager: Setting lock request transaction to txnid:14 for queryId=alex_20240424005220_e9de9a7d-511f-42b6-933a-665edf81fc57
2024-04-24T00:52:20,321  INFO [main] lockmgr.DbLockManager: Requesting lock for queryId=alex_20240424005220_e9de9a7d-511f-42b6-933a-665edf81fc57
2024-04-24T00:52:20,336  INFO [main] lockmgr.DbLockManager: Response to queryId=alex_20240424005220_e9de9a7d-511f-42b6-933a-665edf81fc57 LockResponse(lockid:8, state:ACQUIRED)
2024-04-24T00:52:20,336  INFO [main] ql.Driver: Operation DROPTABLE obtained 1 locks
2024-04-24T00:52:20,336  INFO [main] ql.Driver: Executing command(queryId=alex_20240424005220_e9de9a7d-511f-42b6-933a-665edf81fc57): drop table if exists Tstage
2024-04-24T00:52:20,336  INFO [main] ql.Driver: Starting task [Stage-0:DDL] in serial mode
2024-04-24T00:52:20,337  INFO [main] HiveMetaStore.audit: ugi=alex	ip=unknown-ip-addr	cmd=get_table : tbl=hive.default.Tstage	
2024-04-24T00:52:20,345  INFO [main] metastore.HMSHandler: Skipping translation for processor with null
2024-04-24T00:52:20,346  INFO [main] HiveMetaStore.audit: ugi=alex	ip=unknown-ip-addr	cmd=get_table : tbl=hive.default.Tstage	
2024-04-24T00:52:20,354  INFO [main] metastore.HMSHandler: Skipping translation for processor with null
2024-04-24T00:52:20,354  INFO [main] HiveMetaStore.audit: ugi=alex	ip=unknown-ip-addr	cmd=drop_table : tbl=hive.default.Tstage	
2024-04-24T00:52:20,431  WARN [main] utils.FileUtils: File file:/home/alex/Repositories/hive/ql/target/tmp/org.apache.hadoop.hive.ql.TestTxnExIm-1713945026909/warehouse/tstage does not exist; Force to delete it.
2024-04-24T00:52:20,431 ERROR [main] utils.FileUtils: Failed to delete file:/home/alex/Repositories/hive/ql/target/tmp/org.apache.hadoop.hive.ql.TestTxnExIm-1713945026909/warehouse/tstage
2024-04-24T00:52:20,431  INFO [main] metadata.Hive: Dumping metastore api call timing information for : execution phase
2024-04-24T00:52:20,431  INFO [main] metadata.Hive: Total time spent in each metastore function (ms): {getTable_(GetTableRequest)=9, dropTable_(String, String, boolean, boolean, boolean)=86, isCompatibleWith_(Configuration)=0}
2024-04-24T00:52:20,431  INFO [main] ql.Driver: Completed executing command(queryId=alex_20240424005220_e9de9a7d-511f-42b6-933a-665edf81fc57); Time taken: 0.095 seconds
2024-04-24T00:52:20,431  INFO [main] lockmgr.DbTxnManager: Stopped heartbeat for query: alex_20240424005220_e9de9a7d-511f-42b6-933a-665edf81fc57
2024-04-24T00:52:20,436  INFO [main] txn.TxnHandler: Expected to move at least one record from txn_components to completed_txn_components when committing txn! txnid:14
2024-04-24T00:52:20,442  INFO [main] txn.TxnHandler: Removed transactions: ([14]) from MIN_HISTORY_LEVEL
2024-04-24T00:52:20,442  WARN [main] txn.CompactionTxnHandler: No compaction queue record found for Compaction type transaction commit. txnId:14
2024-04-24T00:52:20,443  INFO [main] ql.TxnCommandsBaseForTests: Running the query: create table T (a int, b int) stored as orc
2024-04-24T00:52:20,443  INFO [main] ql.Driver: Compiling command(queryId=alex_20240424005220_cec8400f-3c14-43e8-81e2-61dd8097519b): create table T (a int, b int) stored as orc
2024-04-24T00:52:20,445  INFO [main] txn.TxnHandler: Added entries to MIN_HISTORY_LEVEL for current txns: ([15]) with min_open_txn: 1
2024-04-24T00:52:20,446  INFO [main] lockmgr.DbTxnManager: Opened txnid:15
2024-04-24T00:52:20,446  INFO [main] parse.CalcitePlanner: Starting caching scope for: 
2024-04-24T00:52:20,446  INFO [main] parse.CalcitePlanner: Starting Semantic Analysis
2024-04-24T00:52:20,452  INFO [main] parse.CalcitePlanner: Creating table default.T position=13
2024-04-24T00:52:20,452  INFO [main] parse.CalcitePlanner: Automatically chose to make default.T acid.
2024-04-24T00:52:20,452  INFO [main] HiveMetaStore.audit: ugi=alex	ip=unknown-ip-addr	cmd=get_database: default	
2024-04-24T00:52:20,454  INFO [main] parse.CalcitePlanner: Ending caching scope for: 
2024-04-24T00:52:20,454  INFO [main] ql.Driver: Semantic Analysis Completed (retrial = false)
2024-04-24T00:52:20,454  INFO [main] ql.Driver: Created Hive schema: Schema(fieldSchemas:null, properties:null)
2024-04-24T00:52:20,454  INFO [main] metadata.Hive: Dumping metastore api call timing information for : compilation phase
2024-04-24T00:52:20,454  INFO [main] metadata.Hive: Total time spent in each metastore function (ms): {isCompatibleWith_(Configuration)=0, getDatabase_(String)=1, openTxn_(String, TxnType)=2, commitTxn_(CommitTxnRequest)=12, getValidWriteIds_(List, String)=6, getValidTxns_(long)=0, flushCache_()=0}
2024-04-24T00:52:20,454  INFO [main] ql.Driver: Completed compiling command(queryId=alex_20240424005220_cec8400f-3c14-43e8-81e2-61dd8097519b); Time taken: 0.011 seconds
2024-04-24T00:52:20,454  INFO [main] lockmgr.DbTxnManager: Setting lock request transaction to txnid:15 for queryId=alex_20240424005220_cec8400f-3c14-43e8-81e2-61dd8097519b
2024-04-24T00:52:20,454  INFO [main] lockmgr.DbLockManager: Requesting lock for queryId=alex_20240424005220_cec8400f-3c14-43e8-81e2-61dd8097519b
2024-04-24T00:52:20,471  INFO [main] lockmgr.DbLockManager: Response to queryId=alex_20240424005220_cec8400f-3c14-43e8-81e2-61dd8097519b LockResponse(lockid:9, state:ACQUIRED)
2024-04-24T00:52:20,471  INFO [main] ql.Driver: Operation CREATETABLE obtained 1 locks
2024-04-24T00:52:20,472  INFO [main] ql.Driver: Executing command(queryId=alex_20240424005220_cec8400f-3c14-43e8-81e2-61dd8097519b): create table T (a int, b int) stored as orc
2024-04-24T00:52:20,472  INFO [main] ql.Driver: Starting task [Stage-0:DDL] in serial mode
2024-04-24T00:52:20,473  INFO [main] HiveMetaStore.audit: ugi=alex	ip=unknown-ip-addr	cmd=create_table_req: Table(tableName:T, dbName:default, owner:alex, createTime:1713945140, lastAccessTime:0, retention:0, sd:StorageDescriptor(cols:[FieldSchema(name:a, type:int, comment:null), FieldSchema(name:b, type:int, comment:null)], location:null, inputFormat:org.apache.hadoop.hive.ql.io.orc.OrcInputFormat, outputFormat:org.apache.hadoop.hive.ql.io.orc.OrcOutputFormat, compressed:false, numBuckets:-1, serdeInfo:SerDeInfo(name:null, serializationLib:org.apache.hadoop.hive.ql.io.orc.OrcSerde, parameters:{serialization.format=1}), bucketCols:[], sortCols:[], parameters:{}, skewedInfo:SkewedInfo(skewedColNames:[], skewedColValues:[], skewedColValueLocationMaps:{}), storedAsSubDirectories:false), partitionKeys:[], parameters:{totalSize=0, numFiles=0, transactional_properties=default, bucketing_version=2, COLUMN_STATS_ACCURATE={"BASIC_STATS":"true","COLUMN_STATS":{"a":"true","b":"true"}}, numRows=0, transactional=true, numFilesErasureCoded=0, rawDataSize=0}, viewOriginalText:null, viewExpandedText:null, tableType:MANAGED_TABLE, privileges:PrincipalPrivilegeSet(userPrivileges:{alex=[PrivilegeGrantInfo(privilege:INSERT, createTime:-1, grantor:alex, grantorType:USER, grantOption:true), PrivilegeGrantInfo(privilege:SELECT, createTime:-1, grantor:alex, grantorType:USER, grantOption:true), PrivilegeGrantInfo(privilege:UPDATE, createTime:-1, grantor:alex, grantorType:USER, grantOption:true), PrivilegeGrantInfo(privilege:DELETE, createTime:-1, grantor:alex, grantorType:USER, grantOption:true)]}, groupPrivileges:null, rolePrivileges:null), temporary:false, catName:hive, ownerType:USER, writeId:0)	
2024-04-24T00:52:20,479  INFO [main] utils.FileUtils: Creating directory if it doesn't exist: file:/home/alex/Repositories/hive/ql/target/tmp/org.apache.hadoop.hive.ql.TestTxnExIm-1713945026909/warehouse/t
2024-04-24T00:52:20,512  INFO [main] metadata.Hive: Dumping metastore api call timing information for : execution phase
2024-04-24T00:52:20,512  INFO [main] metadata.Hive: Total time spent in each metastore function (ms): {isCompatibleWith_(Configuration)=0, createTable_(Table)=39}
2024-04-24T00:52:20,513  INFO [main] ql.Driver: Completed executing command(queryId=alex_20240424005220_cec8400f-3c14-43e8-81e2-61dd8097519b); Time taken: 0.04 seconds
2024-04-24T00:52:20,513  INFO [main] lockmgr.DbTxnManager: Stopped heartbeat for query: alex_20240424005220_cec8400f-3c14-43e8-81e2-61dd8097519b
2024-04-24T00:52:20,517  INFO [main] txn.TxnHandler: Expected to move at least one record from txn_components to completed_txn_components when committing txn! txnid:15
2024-04-24T00:52:20,523  INFO [main] txn.TxnHandler: Removed transactions: ([15]) from MIN_HISTORY_LEVEL
2024-04-24T00:52:20,524  WARN [main] txn.CompactionTxnHandler: No compaction queue record found for Compaction type transaction commit. txnId:15
2024-04-24T00:52:20,524  INFO [main] ql.TxnCommandsBaseForTests: Running the query: create table Tstage (a int, b int) stored as orc tblproperties('transactional'='true')
2024-04-24T00:52:20,525  INFO [main] ql.Driver: Compiling command(queryId=alex_20240424005220_212226a2-f647-4530-86e0-559c986cf6fc): create table Tstage (a int, b int) stored as orc tblproperties('transactional'='true')
2024-04-24T00:52:20,527  INFO [main] txn.TxnHandler: Added entries to MIN_HISTORY_LEVEL for current txns: ([16]) with min_open_txn: 1
2024-04-24T00:52:20,528  INFO [main] lockmgr.DbTxnManager: Opened txnid:16
2024-04-24T00:52:20,528  INFO [main] parse.CalcitePlanner: Starting caching scope for: 
2024-04-24T00:52:20,528  INFO [main] parse.CalcitePlanner: Starting Semantic Analysis
2024-04-24T00:52:20,530  INFO [main] parse.CalcitePlanner: Creating table default.Tstage position=13
2024-04-24T00:52:20,531  INFO [main] HiveMetaStore.audit: ugi=alex	ip=unknown-ip-addr	cmd=get_database: default	
2024-04-24T00:52:20,532  INFO [main] parse.CalcitePlanner: Ending caching scope for: 
2024-04-24T00:52:20,533  INFO [main] ql.Driver: Semantic Analysis Completed (retrial = false)
2024-04-24T00:52:20,533  INFO [main] ql.Driver: Created Hive schema: Schema(fieldSchemas:null, properties:null)
2024-04-24T00:52:20,533  INFO [main] metadata.Hive: Dumping metastore api call timing information for : compilation phase
2024-04-24T00:52:20,533  INFO [main] metadata.Hive: Total time spent in each metastore function (ms): {getValidWriteIds_(List, String)=2, isCompatibleWith_(Configuration)=0, commitTxn_(CommitTxnRequest)=11, getValidTxns_(long)=0, flushCache_()=0, openTxn_(String, TxnType)=3, getDatabase_(String)=1}
2024-04-24T00:52:20,533  INFO [main] ql.Driver: Completed compiling command(queryId=alex_20240424005220_212226a2-f647-4530-86e0-559c986cf6fc); Time taken: 0.008 seconds
2024-04-24T00:52:20,533  INFO [main] lockmgr.DbTxnManager: Setting lock request transaction to txnid:16 for queryId=alex_20240424005220_212226a2-f647-4530-86e0-559c986cf6fc
2024-04-24T00:52:20,533  INFO [main] lockmgr.DbLockManager: Requesting lock for queryId=alex_20240424005220_212226a2-f647-4530-86e0-559c986cf6fc
2024-04-24T00:52:20,549  INFO [main] lockmgr.DbLockManager: Response to queryId=alex_20240424005220_212226a2-f647-4530-86e0-559c986cf6fc LockResponse(lockid:10, state:ACQUIRED)
2024-04-24T00:52:20,549  INFO [main] ql.Driver: Operation CREATETABLE obtained 1 locks
2024-04-24T00:52:20,550  INFO [main] ql.Driver: Executing command(queryId=alex_20240424005220_212226a2-f647-4530-86e0-559c986cf6fc): create table Tstage (a int, b int) stored as orc tblproperties('transactional'='true')
2024-04-24T00:52:20,550  INFO [main] ql.Driver: Starting task [Stage-0:DDL] in serial mode
2024-04-24T00:52:20,551  INFO [main] HiveMetaStore.audit: ugi=alex	ip=unknown-ip-addr	cmd=create_table_req: Table(tableName:Tstage, dbName:default, owner:alex, createTime:1713945140, lastAccessTime:0, retention:0, sd:StorageDescriptor(cols:[FieldSchema(name:a, type:int, comment:null), FieldSchema(name:b, type:int, comment:null)], location:null, inputFormat:org.apache.hadoop.hive.ql.io.orc.OrcInputFormat, outputFormat:org.apache.hadoop.hive.ql.io.orc.OrcOutputFormat, compressed:false, numBuckets:-1, serdeInfo:SerDeInfo(name:null, serializationLib:org.apache.hadoop.hive.ql.io.orc.OrcSerde, parameters:{serialization.format=1}), bucketCols:[], sortCols:[], parameters:{}, skewedInfo:SkewedInfo(skewedColNames:[], skewedColValues:[], skewedColValueLocationMaps:{}), storedAsSubDirectories:false), partitionKeys:[], parameters:{totalSize=0, rawDataSize=0, transactional=true, numRows=0, numFiles=0, bucketing_version=2, numFilesErasureCoded=0, COLUMN_STATS_ACCURATE={"BASIC_STATS":"true","COLUMN_STATS":{"a":"true","b":"true"}}}, viewOriginalText:null, viewExpandedText:null, tableType:MANAGED_TABLE, privileges:PrincipalPrivilegeSet(userPrivileges:{alex=[PrivilegeGrantInfo(privilege:INSERT, createTime:-1, grantor:alex, grantorType:USER, grantOption:true), PrivilegeGrantInfo(privilege:SELECT, createTime:-1, grantor:alex, grantorType:USER, grantOption:true), PrivilegeGrantInfo(privilege:UPDATE, createTime:-1, grantor:alex, grantorType:USER, grantOption:true), PrivilegeGrantInfo(privilege:DELETE, createTime:-1, grantor:alex, grantorType:USER, grantOption:true)]}, groupPrivileges:null, rolePrivileges:null), temporary:false, catName:hive, ownerType:USER, writeId:0)	
2024-04-24T00:52:20,557  INFO [main] utils.FileUtils: Creating directory if it doesn't exist: file:/home/alex/Repositories/hive/ql/target/tmp/org.apache.hadoop.hive.ql.TestTxnExIm-1713945026909/warehouse/tstage
2024-04-24T00:52:20,572  INFO [main] metadata.Hive: Dumping metastore api call timing information for : execution phase
2024-04-24T00:52:20,572  INFO [main] metadata.Hive: Total time spent in each metastore function (ms): {isCompatibleWith_(Configuration)=0, createTable_(Table)=21}
2024-04-24T00:52:20,572  INFO [main] ql.Driver: Completed executing command(queryId=alex_20240424005220_212226a2-f647-4530-86e0-559c986cf6fc); Time taken: 0.022 seconds
2024-04-24T00:52:20,572  INFO [main] lockmgr.DbTxnManager: Stopped heartbeat for query: alex_20240424005220_212226a2-f647-4530-86e0-559c986cf6fc
2024-04-24T00:52:20,576  INFO [main] txn.TxnHandler: Expected to move at least one record from txn_components to completed_txn_components when committing txn! txnid:16
2024-04-24T00:52:20,582  INFO [main] txn.TxnHandler: Removed transactions: ([16]) from MIN_HISTORY_LEVEL
2024-04-24T00:52:20,582  WARN [main] txn.CompactionTxnHandler: No compaction queue record found for Compaction type transaction commit. txnId:16
2024-04-24T00:52:20,583  INFO [main] ql.TxnCommandsBaseForTests: Running the query: insert into Tstage values(1,2),(3,4),(5,6)
2024-04-24T00:52:20,583  INFO [main] ql.Driver: Compiling command(queryId=alex_20240424005220_99f36f5d-1f0e-4442-9ee0-76edff5fdf05): insert into Tstage values(1,2),(3,4),(5,6)
2024-04-24T00:52:20,586  INFO [main] txn.TxnHandler: Added entries to MIN_HISTORY_LEVEL for current txns: ([17]) with min_open_txn: 2
2024-04-24T00:52:20,586  INFO [main] lockmgr.DbTxnManager: Opened txnid:17
2024-04-24T00:52:20,587  INFO [main] parse.CalcitePlanner: Starting caching scope for: 
2024-04-24T00:52:20,587  INFO [main] parse.CalcitePlanner: Starting Semantic Analysis
2024-04-24T00:52:20,590  INFO [main] HiveMetaStore.audit: ugi=alex	ip=unknown-ip-addr	cmd=get_table : tbl=hive.default.Tstage	
2024-04-24T00:52:20,609  INFO [main] metastore.HMSHandler: Skipping translation for processor with null
2024-04-24T00:52:20,609  INFO [main] parse.CalcitePlanner: Completed phase 1 of Semantic Analysis
2024-04-24T00:52:20,609  INFO [main] parse.CalcitePlanner: Get metadata for source tables
2024-04-24T00:52:20,609  INFO [main] parse.CalcitePlanner: Get metadata for subqueries
2024-04-24T00:52:20,609  INFO [main] parse.CalcitePlanner: Get metadata for destination tables
2024-04-24T00:52:20,609  INFO [main] HiveMetaStore.audit: ugi=alex	ip=unknown-ip-addr	cmd=get_table : tbl=hive.default.Tstage	
2024-04-24T00:52:20,616  INFO [main] metastore.HMSHandler: Skipping translation for processor with null
2024-04-24T00:52:20,616  INFO [main] parse.CalcitePlanner: Completed getting MetaData in Semantic Analysis
2024-04-24T00:52:20,616  INFO [main] parse.CalcitePlanner: Disabling LLAP IO encode as ETL query is detected
2024-04-24T00:52:20,639  INFO [main] HiveMetaStore.audit: ugi=alex	ip=unknown-ip-addr	cmd=get_all_table_constraints : tbl=hive._dummy_database._dummy_table	
2024-04-24T00:52:20,716  INFO [main] parse.CalcitePlanner: Get metadata for source tables
2024-04-24T00:52:20,716  INFO [main] parse.CalcitePlanner: Get metadata for subqueries
2024-04-24T00:52:20,716  INFO [main] parse.CalcitePlanner: Get metadata for source tables
2024-04-24T00:52:20,717  INFO [main] HiveMetaStore.audit: ugi=alex	ip=unknown-ip-addr	cmd=get_table : tbl=hive._dummy_database._dummy_table	
2024-04-24T00:52:20,719  INFO [main] parse.CalcitePlanner: Get metadata for subqueries
2024-04-24T00:52:20,719  INFO [main] parse.CalcitePlanner: Get metadata for destination tables
2024-04-24T00:52:20,719  INFO [main] parse.CalcitePlanner: Get metadata for destination tables
2024-04-24T00:52:20,720  INFO [main] HiveMetaStore.audit: ugi=alex	ip=unknown-ip-addr	cmd=get_table : tbl=hive.default.Tstage	
2024-04-24T00:52:20,727  INFO [main] metastore.HMSHandler: Skipping translation for processor with null
2024-04-24T00:52:20,729  INFO [main] HiveMetaStore.audit: ugi=alex	ip=unknown-ip-addr	cmd=get_not_null_constraints : tbl=hive.default.tstage	
2024-04-24T00:52:20,731  INFO [main] HiveMetaStore.audit: ugi=alex	ip=unknown-ip-addr	cmd=get_check_constraints : tbl=hive.default.tstage	
2024-04-24T00:52:20,739  INFO [main] txn.TxnHandler: Allocated writeId: 1 for txnId: 17
2024-04-24T00:52:20,739  INFO [main] txn.TxnHandler: Allocated write ids for dbName=default, tblName=tstage (txnIds: [17])
2024-04-24T00:52:20,740  INFO [main] parse.CalcitePlanner: CBO Succeeded; optimized logical plan.
2024-04-24T00:52:20,743  INFO [main] optimizer.BucketVersionPopulator: not considering bucketingVersion for: TS[0] because it has -1<2 buckets 
2024-04-24T00:52:20,744  INFO [main] optimizer.SortedDynPartitionOptimizer: Sorted dynamic partitioning optimization kicked in..
2024-04-24T00:52:20,752  INFO [main] HiveMetaStore.audit: ugi=alex	ip=unknown-ip-addr	cmd=get_table : tbl=hive.default.tstage	
2024-04-24T00:52:20,759  INFO [main] metastore.HMSHandler: Skipping translation for processor with null
2024-04-24T00:52:20,760  INFO [main] physical.Vectorizer: Examining input format to see if vectorization is enabled.
2024-04-24T00:52:20,761  INFO [main] physical.Vectorizer: Map vectorization enabled: false
2024-04-24T00:52:20,761  INFO [main] physical.Vectorizer: Map vectorized: false
2024-04-24T00:52:20,761  INFO [main] physical.Vectorizer: Map vectorizedVertexNum: 0
2024-04-24T00:52:20,761  INFO [main] physical.Vectorizer: Map enabledConditionsMet: [hive.vectorized.use.vectorized.input.format IS true]
2024-04-24T00:52:20,761  INFO [main] physical.Vectorizer: Map enabledConditionsNotMet: [Could not enable vectorization due to partition column names size 1 is greater than the number of table column names size 0 IS false]
2024-04-24T00:52:20,761  INFO [main] physical.Vectorizer: Map inputFileFormatClassNameSet: [org.apache.hadoop.hive.ql.io.NullRowsInputFormat]
2024-04-24T00:52:20,761  INFO [main] parse.CalcitePlanner: Completed plan generation
2024-04-24T00:52:20,761  INFO [main] parse.CalcitePlanner: Ending caching scope for: 
2024-04-24T00:52:20,761  INFO [main] ql.Driver: Semantic Analysis Completed (retrial = false)
2024-04-24T00:52:20,761  INFO [main] ql.Driver: Created Hive schema: Schema(fieldSchemas:[FieldSchema(name:col1, type:int, comment:null), FieldSchema(name:col2, type:int, comment:null)], properties:null)
2024-04-24T00:52:20,761  INFO [main] metadata.Hive: Dumping metastore api call timing information for : compilation phase
2024-04-24T00:52:20,761  INFO [main] metadata.Hive: Total time spent in each metastore function (ms): {commitTxn_(CommitTxnRequest)=10, getAllTableConstraints_(AllTableConstraintsRequest)=30, isCompatibleWith_(Configuration)=1, allocateTableWriteId_(long, String, String)=8, getTable_(GetTableRequest)=41, getValidWriteIds_(List, String)=3, openTxn_(String, TxnType)=2, flushCache_()=0, getNotNullConstraints_(NotNullConstraintsRequest)=1, getCheckConstraints_(CheckConstraintsRequest)=2, getValidTxns_(long)=1}
2024-04-24T00:52:20,762  INFO [main] ql.Driver: Completed compiling command(queryId=alex_20240424005220_99f36f5d-1f0e-4442-9ee0-76edff5fdf05); Time taken: 0.178 seconds
2024-04-24T00:52:20,762  INFO [main] lockmgr.DbTxnManager: Setting lock request transaction to txnid:17 for queryId=alex_20240424005220_99f36f5d-1f0e-4442-9ee0-76edff5fdf05
2024-04-24T00:52:20,762  INFO [main] lockmgr.DbLockManager: Requesting lock for queryId=alex_20240424005220_99f36f5d-1f0e-4442-9ee0-76edff5fdf05
2024-04-24T00:52:20,778  INFO [main] lockmgr.DbLockManager: Response to queryId=alex_20240424005220_99f36f5d-1f0e-4442-9ee0-76edff5fdf05 LockResponse(lockid:11, state:ACQUIRED)
2024-04-24T00:52:20,778  INFO [main] ql.Driver: Operation QUERY obtained 1 locks
2024-04-24T00:52:20,781  INFO [main] ql.Driver: Executing command(queryId=alex_20240424005220_99f36f5d-1f0e-4442-9ee0-76edff5fdf05): insert into Tstage values(1,2),(3,4),(5,6)
2024-04-24T00:52:20,781  WARN [main] ql.Driver: Hive-on-MR is deprecated in Hive 2 and may not be available in the future versions. Consider using a different execution engine (i.e. tez, spark) or using Hive 1.X releases.
Query ID = alex_20240424005220_99f36f5d-1f0e-4442-9ee0-76edff5fdf05
2024-04-24T00:52:20,781  INFO [main] ql.Driver: Query ID = alex_20240424005220_99f36f5d-1f0e-4442-9ee0-76edff5fdf05
Total jobs = 1
2024-04-24T00:52:20,781  INFO [main] ql.Driver: Total jobs = 1
Launching Job 1 out of 1
2024-04-24T00:52:20,781  INFO [main] ql.Driver: Launching Job 1 out of 1
2024-04-24T00:52:20,927  INFO [main] ql.Driver: Starting task [Stage-1:MAPRED] in serial mode
Number of reduce tasks is set to 0 since there's no reduce operator
2024-04-24T00:52:20,927  INFO [main] exec.Task: Number of reduce tasks is set to 0 since there's no reduce operator
2024-04-24T00:52:20,930  INFO [main] mr.ExecDriver: Using org.apache.hadoop.hive.ql.io.HiveInputFormat
2024-04-24T00:52:20,930  INFO [main] exec.Utilities: Processing alias $hdt$_0:_dummy_table
2024-04-24T00:52:20,930  INFO [main] exec.Utilities: Adding 1 inputs; the first input is file:/home/alex/Repositories/hive/ql/target/tmp/localscratchdir/a1d20ac2-9a3d-42c6-8746-dfa637cead46/hive_2024-04-24_00-52-20_583_6156885677175000389-1/dummy_path
2024-04-24T00:52:20,939  INFO [main] exec.SerializationUtilities: Serializing MapWork using kryo
2024-04-24T00:52:20,940  INFO [main] exec.Utilities: Serialized plan (via FILE) - name: null size: 5,72KB
2024-04-24T00:52:20,941  WARN [main] impl.MetricsSystemImpl: JobTracker metrics system already initialized!
2024-04-24T00:52:20,945  INFO [main] fs.FSStatsPublisher: created : file:/home/alex/Repositories/hive/ql/target/tmp/localscratchdir/a1d20ac2-9a3d-42c6-8746-dfa637cead46/hive_2024-04-24_00-52-20_583_6156885677175000389-1/-mr-10000
2024-04-24T00:52:20,947  WARN [main] impl.MetricsSystemImpl: JobTracker metrics system already initialized!
2024-04-24T00:52:20,954  WARN [main] mapreduce.JobResourceUploader: Hadoop command-line option parsing not performed. Implement the Tool interface and execute your application with ToolRunner to remedy this.
2024-04-24T00:52:20,958  WARN [main] mapreduce.JobResourceUploader: No job jar file set.  User classes may not be found. See Job or Job#setJar(String).
2024-04-24T00:52:20,959  INFO [main] io.HiveInputFormat: hive.io.file.readcolumn.ids = 
2024-04-24T00:52:20,959  INFO [main] io.HiveInputFormat: hive.io.file.readcolumn.names = 
2024-04-24T00:52:20,959  INFO [main] io.HiveInputFormat: Generating splits for dirs: file:/home/alex/Repositories/hive/ql/target/tmp/localscratchdir/a1d20ac2-9a3d-42c6-8746-dfa637cead46/hive_2024-04-24_00-52-20_583_6156885677175000389-1/dummy_path
2024-04-24T00:52:20,960  INFO [main] io.HiveInputFormat: number of splits 1
2024-04-24T00:52:20,976  INFO [main] mapreduce.JobSubmitter: number of splits:1
2024-04-24T00:52:20,994  INFO [main] mapreduce.JobSubmitter: Submitting tokens for job: job_local1078314782_0044
2024-04-24T00:52:20,994  INFO [main] mapreduce.JobSubmitter: Executing with tokens: []
2024-04-24T00:52:21,058  INFO [main] mapreduce.Job: The url to track the job: http://localhost:8080/
Job running in-process (local Hadoop)
2024-04-24T00:52:21,058  INFO [main] exec.Task: Job running in-process (local Hadoop)
2024-04-24T00:52:21,059  INFO [Thread-3214] mapred.LocalJobRunner: OutputCommitter set in config org.apache.hadoop.hive.ql.io.HiveFileFormatUtils$NullOutputCommitter
2024-04-24T00:52:21,059  INFO [Thread-3214] mapred.LocalJobRunner: OutputCommitter is org.apache.hadoop.hive.ql.io.HiveFileFormatUtils$NullOutputCommitter
2024-04-24T00:52:21,061  INFO [Thread-3214] mapred.LocalJobRunner: Waiting for map tasks
2024-04-24T00:52:21,061  INFO [LocalJobRunner Map Task Executor #0] mapred.LocalJobRunner: Starting task: attempt_local1078314782_0044_m_000000_0
2024-04-24T00:52:21,064  INFO [LocalJobRunner Map Task Executor #0] mapred.Task:  Using ResourceCalculatorProcessTree : [ ]
2024-04-24T00:52:21,065  INFO [LocalJobRunner Map Task Executor #0] mapred.MapTask: Processing split: org.apache.hadoop.hive.ql.io.NullRowsInputFormat:file:/home/alex/Repositories/hive/ql/target/tmp/localscratchdir/a1d20ac2-9a3d-42c6-8746-dfa637cead46/hive_2024-04-24_00-52-20_583_6156885677175000389-1/dummy_path/null:0+1
2024-04-24T00:52:21,067  INFO [LocalJobRunner Map Task Executor #0] exec.SerializationUtilities: Deserializing MapWork using kryo
2024-04-24T00:52:21,068  INFO [LocalJobRunner Map Task Executor #0] exec.Utilities: Deserialized plan (via FILE) - name: null size: 5,72KB
2024-04-24T00:52:21,068  INFO [LocalJobRunner Map Task Executor #0] mapred.MapTask: numReduceTasks: 0
2024-04-24T00:52:21,070  INFO [LocalJobRunner Map Task Executor #0] exec.MapOperator: Initializing Operator: MAP[0]
2024-04-24T00:52:21,070  INFO [LocalJobRunner Map Task Executor #0] mr.ExecMapper: 
<MAP>Id =0
  <Children>null
  <\Children>
  <Parent><\Parent>
<\MAP>
2024-04-24T00:52:21,071  INFO [LocalJobRunner Map Task Executor #0] exec.TableScanOperator: Initializing Operator: TS[0]
2024-04-24T00:52:21,071  INFO [LocalJobRunner Map Task Executor #0] exec.SelectOperator: Initializing Operator: SEL[1]
2024-04-24T00:52:21,071  INFO [LocalJobRunner Map Task Executor #0] exec.SelectOperator: SELECT null
2024-04-24T00:52:21,071  INFO [LocalJobRunner Map Task Executor #0] exec.UDTFOperator: Initializing Operator: UDTF[2]
2024-04-24T00:52:21,072  INFO [LocalJobRunner Map Task Executor #0] exec.SelectOperator: Initializing Operator: SEL[3]
2024-04-24T00:52:21,072  INFO [LocalJobRunner Map Task Executor #0] exec.SelectOperator: SELECT struct<col1:int,col2:int>
2024-04-24T00:52:21,072  INFO [LocalJobRunner Map Task Executor #0] exec.FileSinkOperator: Initializing Operator: FS[4]
2024-04-24T00:52:21,072  INFO [LocalJobRunner Map Task Executor #0] exec.FileSinkOperator: Using serializer : AbstractSerDe [log=org.apache.logging.slf4j.Log4jLogger@752e4bcc, configuration=Optional[Configuration: core-default.xml, core-site.xml, mapred-default.xml, mapred-site.xml, yarn-default.xml, yarn-site.xml, hdfs-default.xml, hdfs-site.xml, file:/home/alex/Repositories/hive/ql/target/tmp/TestTxnExIm/mapred/local/localRunner/alex/job_local1078314782_0044/job_local1078314782_0044.xml], properties={transactional_properties=default, name=default.tstage, transactional=true, columns.types=int:int, columns=a,b, numFilesErasureCoded=0, columns.comments=&amp#0;, bucketing_version=2, serialization.lib=org.apache.hadoop.hive.ql.io.orc.OrcSerde, file.inputformat=org.apache.hadoop.hive.ql.io.orc.OrcInputFormat, file.outputformat=org.apache.hadoop.hive.ql.io.orc.OrcOutputFormat, location=file:/home/alex/Repositories/hive/ql/target/tmp/org.apache.hadoop.hive.ql.TestTxnExIm-1713945026909/warehouse/tstage, column.name.delimiter=,}, tableProperties={transactional_properties=default, name=default.tstage, transactional=true, columns.types=int:int, columns=a,b, numFilesErasureCoded=0, columns.comments=&amp#0;, bucketing_version=2, serialization.lib=org.apache.hadoop.hive.ql.io.orc.OrcSerde, file.inputformat=org.apache.hadoop.hive.ql.io.orc.OrcInputFormat, location=file:/home/alex/Repositories/hive/ql/target/tmp/org.apache.hadoop.hive.ql.TestTxnExIm-1713945026909/warehouse/tstage, file.outputformat=org.apache.hadoop.hive.ql.io.orc.OrcOutputFormat, column.name.delimiter=,}, partitionProperties=Optional.empty, columnNames=[a, b], columnTypes=[int, int], getClass()=class org.apache.hadoop.hive.ql.io.orc.OrcSerde] and formatter : org.apache.hadoop.hive.ql.io.orc.OrcOutputFormat@24255aed
2024-04-24T00:52:21,072  INFO [LocalJobRunner Map Task Executor #0] exec.FileSinkOperator: Final Path: FS file:/home/alex/Repositories/hive/ql/target/tmp/org.apache.hadoop.hive.ql.TestTxnExIm-1713945026909/warehouse/tstage
2024-04-24T00:52:21,072  INFO [LocalJobRunner Map Task Executor #0] exec.FileSinkOperator: New Final Path: FS file:/home/alex/Repositories/hive/ql/target/tmp/org.apache.hadoop.hive.ql.TestTxnExIm-1713945026909/warehouse/tstage
2024-04-24T00:52:21,072  INFO [LocalJobRunner Map Task Executor #0] common.FileUtils: Creating directory if it doesn't exist: file:/home/alex/Repositories/hive/ql/target/tmp/org.apache.hadoop.hive.ql.TestTxnExIm-1713945026909/warehouse
2024-04-24T00:52:21,075  INFO [LocalJobRunner Map Task Executor #0] exec.FileSinkOperator: FS[4]: records written - 1
2024-04-24T00:52:21,075  INFO [LocalJobRunner Map Task Executor #0] impl.PhysicalFsWriter: ORC writer created for path: file:/home/alex/Repositories/hive/ql/target/tmp/org.apache.hadoop.hive.ql.TestTxnExIm-1713945026909/warehouse/tstage/delta_0000001_0000001_0000/bucket_00000_0 with stripeSize: 8388608 blockSize: 268435456 compression: Compress: ZLIB buffer: 32768
2024-04-24T00:52:21,082  INFO [LocalJobRunner Map Task Executor #0] impl.WriterImpl: ORC writer created for path: file:/home/alex/Repositories/hive/ql/target/tmp/org.apache.hadoop.hive.ql.TestTxnExIm-1713945026909/warehouse/tstage/delta_0000001_0000001_0000/bucket_00000_0 with stripeSize: 8388608 options: Compress: ZLIB buffer: 32768
2024-04-24T00:52:21,087  INFO [LocalJobRunner Map Task Executor #0] exec.MapOperator: MAP[0]: records read - 1
2024-04-24T00:52:21,088  INFO [LocalJobRunner Map Task Executor #0] exec.MapOperator: Closing Operator: MAP[0]
2024-04-24T00:52:21,088  INFO [LocalJobRunner Map Task Executor #0] exec.MapOperator: MAP[0]: Total records read - 3. abort - false
2024-04-24T00:52:21,088  INFO [LocalJobRunner Map Task Executor #0] exec.MapOperator: RECORDS_OUT_OPERATOR_MAP_0:0, RECORDS_IN:3, RECORDS_OUT_INTERMEDIATE:0, DESERIALIZE_ERRORS:0, 
2024-04-24T00:52:21,088  INFO [LocalJobRunner Map Task Executor #0] exec.TableScanOperator: Closing Operator: TS[0]
2024-04-24T00:52:21,088  INFO [LocalJobRunner Map Task Executor #0] exec.TableScanOperator: RECORDS_OUT_INTERMEDIATE:0, RECORDS_OUT_OPERATOR_TS_0:1, 
2024-04-24T00:52:21,088  INFO [LocalJobRunner Map Task Executor #0] exec.SelectOperator: Closing Operator: SEL[1]
2024-04-24T00:52:21,088  INFO [LocalJobRunner Map Task Executor #0] exec.SelectOperator: RECORDS_OUT_INTERMEDIATE:0, RECORDS_OUT_OPERATOR_SEL_1:1, 
2024-04-24T00:52:21,088  INFO [LocalJobRunner Map Task Executor #0] exec.UDTFOperator: Closing Operator: UDTF[2]
2024-04-24T00:52:21,088  INFO [LocalJobRunner Map Task Executor #0] exec.UDTFOperator: RECORDS_OUT_OPERATOR_UDTF_2:3, RECORDS_OUT_INTERMEDIATE:0, 
2024-04-24T00:52:21,088  INFO [LocalJobRunner Map Task Executor #0] exec.SelectOperator: Closing Operator: SEL[3]
2024-04-24T00:52:21,088  INFO [LocalJobRunner Map Task Executor #0] exec.SelectOperator: RECORDS_OUT_INTERMEDIATE:0, RECORDS_OUT_OPERATOR_SEL_3:3, 
2024-04-24T00:52:21,088  INFO [LocalJobRunner Map Task Executor #0] exec.FileSinkOperator: Closing Operator: FS[4]
2024-04-24T00:52:21,088  INFO [LocalJobRunner Map Task Executor #0] exec.FileSinkOperator: FS[4]: records written - 3
2024-04-24T00:52:21,090  INFO [LocalJobRunner Map Task Executor #0] FileOperations: Writing manifest to file:/home/alex/Repositories/hive/ql/target/tmp/org.apache.hadoop.hive.ql.TestTxnExIm-1713945026909/warehouse/tstage/_tmp.delta_0000001_0000001_0000/000000_0.manifest with [file:/home/alex/Repositories/hive/ql/target/tmp/org.apache.hadoop.hive.ql.TestTxnExIm-1713945026909/warehouse/tstage/delta_0000001_0000001_0000/bucket_00000_0]
2024-04-24T00:52:21,102  INFO [LocalJobRunner Map Task Executor #0] exec.FileSinkOperator: TOTAL_TABLE_ROWS_WRITTEN:3, RECORDS_OUT_1_default.tstage:3, RECORDS_OUT_INTERMEDIATE:0, RECORDS_OUT_OPERATOR_FS_4:3, 
2024-04-24T00:52:21,102  INFO [LocalJobRunner Map Task Executor #0] mapred.LocalJobRunner: 
2024-04-24T00:52:21,105  INFO [LocalJobRunner Map Task Executor #0] mapred.Task: Task:attempt_local1078314782_0044_m_000000_0 is done. And is in the process of committing
2024-04-24T00:52:21,105  INFO [LocalJobRunner Map Task Executor #0] mapred.LocalJobRunner: map
2024-04-24T00:52:21,105  INFO [LocalJobRunner Map Task Executor #0] mapred.Task: Task 'attempt_local1078314782_0044_m_000000_0' done.
2024-04-24T00:52:21,105  INFO [LocalJobRunner Map Task Executor #0] mapred.Task: Final Counters for attempt_local1078314782_0044_m_000000_0: Counters: 27
	File System Counters
		FILE: Number of bytes read=786045
		FILE: Number of bytes written=51417429
		FILE: Number of read operations=0
		FILE: Number of large read operations=0
		FILE: Number of write operations=0
	Map-Reduce Framework
		Map input records=4
		Map output records=0
		Input split bytes=361
		Spilled Records=0
		Failed Shuffles=0
		Merged Map outputs=0
		GC time elapsed (ms)=0
		Total committed heap usage (bytes)=1186988032
	HIVE
		CREATED_FILES=1
		DESERIALIZE_ERRORS=0
		RECORDS_IN=3
		RECORDS_OUT_1_default.tstage=3
		RECORDS_OUT_INTERMEDIATE=0
		RECORDS_OUT_OPERATOR_FS_4=3
		RECORDS_OUT_OPERATOR_MAP_0=0
		RECORDS_OUT_OPERATOR_SEL_1=1
		RECORDS_OUT_OPERATOR_SEL_3=3
		RECORDS_OUT_OPERATOR_TS_0=1
		RECORDS_OUT_OPERATOR_UDTF_2=3
		TOTAL_TABLE_ROWS_WRITTEN=3
	File Input Format Counters 
		Bytes Read=5776
	File Output Format Counters 
		Bytes Written=0
2024-04-24T00:52:21,105  INFO [LocalJobRunner Map Task Executor #0] mapred.LocalJobRunner: Finishing task: attempt_local1078314782_0044_m_000000_0
2024-04-24T00:52:21,105  INFO [Thread-3214] mapred.LocalJobRunner: map task executor complete.
2024-04-24 00:52:22,060 Stage-1 map = 100%,  reduce = 0%
2024-04-24T00:52:22,060  INFO [main] exec.Task: 2024-04-24 00:52:22,060 Stage-1 map = 100%,  reduce = 0%
Ended Job = job_local1078314782_0044
2024-04-24T00:52:22,061  INFO [main] exec.Task: Ended Job = job_local1078314782_0044
2024-04-24T00:52:22,063  INFO [main] FileOperations: Found manifest file file:/home/alex/Repositories/hive/ql/target/tmp/org.apache.hadoop.hive.ql.TestTxnExIm-1713945026909/warehouse/tstage/_tmp.delta_0000001_0000001_0000/000000_0.manifest with attemptId 0.
2024-04-24T00:52:22,063  INFO [main] FileOperations: Looking at manifest file: file:/home/alex/Repositories/hive/ql/target/tmp/org.apache.hadoop.hive.ql.TestTxnExIm-1713945026909/warehouse/tstage/_tmp.delta_0000001_0000001_0000/000000_0.manifest
2024-04-24T00:52:22,064  INFO [main] FileOperations: Deleting manifest directory file:/home/alex/Repositories/hive/ql/target/tmp/org.apache.hadoop.hive.ql.TestTxnExIm-1713945026909/warehouse/tstage/_tmp.delta_0000001_0000001_0000
2024-04-24T00:52:22,066  INFO [main] ql.Driver: Starting task [Stage-0:MOVE] in serial mode
Loading data to table default.tstage
2024-04-24T00:52:22,067  INFO [main] exec.Task: Loading data to table default.tstage from file:/home/alex/Repositories/hive/ql/target/tmp/org.apache.hadoop.hive.ql.TestTxnExIm-1713945026909/warehouse/tstage
2024-04-24T00:52:22,067  INFO [main] HiveMetaStore.audit: ugi=alex	ip=unknown-ip-addr	cmd=get_table : tbl=hive.default.tstage	
2024-04-24T00:52:22,089  INFO [main] metastore.HMSHandler: Skipping translation for processor with null
2024-04-24T00:52:22,089  INFO [main] HiveMetaStore.audit: ugi=alex	ip=unknown-ip-addr	cmd=get_table : tbl=hive.default.tstage	
2024-04-24T00:52:22,105  INFO [main] metastore.HMSHandler: Skipping translation for processor with null
2024-04-24T00:52:22,106  INFO [main] HiveMetaStore.audit: ugi=alex	ip=unknown-ip-addr	cmd=alter_table: hive.default.tstage newtbl=tstage	
2024-04-24T00:52:22,146  INFO [main] ql.Driver: Starting task [Stage-2:STATS] in serial mode
2024-04-24T00:52:22,146  INFO [main] HiveMetaStore.audit: ugi=alex	ip=unknown-ip-addr	cmd=get_table : tbl=hive.default.tstage	
2024-04-24T00:52:22,154  INFO [main] metastore.HMSHandler: Skipping translation for processor with null
2024-04-24T00:52:22,155  INFO [main] stats.BasicStatsTask: Executing stats task
2024-04-24T00:52:22,155  INFO [main] fs.FSStatsPublisher: created : file:/home/alex/Repositories/hive/ql/target/tmp/localscratchdir/a1d20ac2-9a3d-42c6-8746-dfa637cead46/hive_2024-04-24_00-52-20_583_6156885677175000389-1/-mr-10000
2024-04-24T00:52:22,156  INFO [main] HiveMetaStore.audit: ugi=alex	ip=unknown-ip-addr	cmd=get_table : tbl=hive.default.tstage	
2024-04-24T00:52:22,162  INFO [main] metastore.HMSHandler: Skipping translation for processor with null
2024-04-24T00:52:22,171  WARN [main] FileOperations: Computing stats for an ACID table; stats may be inaccurate
2024-04-24T00:52:22,171  INFO [main] FileOperations: Read stats for default.tstage/, numRows, true, 3, false: 
2024-04-24T00:52:22,171  INFO [main] FileOperations: Read stats for default.tstage/, rawDataSize, true, 0, false: 
2024-04-24T00:52:22,171  INFO [main] HiveMetaStore.audit: ugi=alex	ip=unknown-ip-addr	cmd=alter_table: hive.default.tstage newtbl=tstage	
2024-04-24T00:52:22,193  INFO [main] FileOperations: Read stats for default.tstage/, insertCount, true, 3, false: 
2024-04-24T00:52:22,193  INFO [main] FileOperations: Read stats for default.tstage/, updateCount, true, 0, false: 
2024-04-24T00:52:22,193  INFO [main] FileOperations: Read stats for default.tstage/, deleteCount, true, 0, false: 
2024-04-24T00:52:22,195  INFO [main] stats.BasicStatsTask: Table default.tstage stats: [numFiles=1, numRows=3, totalSize=686, rawDataSize=0, numFilesErasureCoded=0]
2024-04-24T00:52:22,196  INFO [main] metadata.Hive: Dumping metastore api call timing information for : execution phase
2024-04-24T00:52:22,196  INFO [main] metadata.Hive: Total time spent in each metastore function (ms): {getTable_(GetTableRequest)=54, isCompatibleWith_(Configuration)=0, alter_table_(String, String, String, Table, EnvironmentContext, String)=62, updateTransactionalStatistics_(UpdateTransactionalStatsRequest)=2}
MapReduce Jobs Launched: 
2024-04-24T00:52:22,196  INFO [main] ql.Driver: MapReduce Jobs Launched: 
Stage-Stage-1:  HDFS Read: 0 HDFS Write: 0 SUCCESS
2024-04-24T00:52:22,196  INFO [main] ql.Driver: Stage-Stage-1:  HDFS Read: 0 HDFS Write: 0 SUCCESS
Total MapReduce CPU Time Spent: 0 msec
2024-04-24T00:52:22,196  INFO [main] ql.Driver: Total MapReduce CPU Time Spent: 0 msec
2024-04-24T00:52:22,196  INFO [main] ql.Driver: Completed executing command(queryId=alex_20240424005220_99f36f5d-1f0e-4442-9ee0-76edff5fdf05); Time taken: 1.415 seconds
2024-04-24T00:52:22,196  INFO [main] lockmgr.DbTxnManager: Stopped heartbeat for query: alex_20240424005220_99f36f5d-1f0e-4442-9ee0-76edff5fdf05
2024-04-24T00:52:22,207  INFO [main] txn.TxnHandler: Removed transactions: ([17]) from MIN_HISTORY_LEVEL
2024-04-24T00:52:22,207  WARN [main] txn.CompactionTxnHandler: No compaction queue record found for Compaction type transaction commit. txnId:17
2024-04-24T00:52:22,208  INFO [main] ql.TxnCommandsBaseForTests: Running the query: export table Tstage to '/home/alex/Repositories/hive/ql/target/tmp/org.apache.hadoop.hive.ql.TestTxnExIm-1713945026909/warehouse/1'
2024-04-24T00:52:22,208  INFO [main] ql.Context: Deleting scratch dir: file:/home/alex/Repositories/hive/ql/target/tmp/localscratchdir/a1d20ac2-9a3d-42c6-8746-dfa637cead46/hive_2024-04-24_00-52-20_583_6156885677175000389-1
2024-04-24T00:52:22,209  INFO [main] cleanup.SyncCleanupService: Deleted directory: file:/home/alex/Repositories/hive/ql/target/tmp/localscratchdir/a1d20ac2-9a3d-42c6-8746-dfa637cead46/hive_2024-04-24_00-52-20_583_6156885677175000389-1 on fs with scheme file
2024-04-24T00:52:22,209  INFO [main] ql.Driver: Compiling command(queryId=alex_20240424005222_e1611072-f9a7-48a6-81e7-3776abde59f8): export table Tstage to '/home/alex/Repositories/hive/ql/target/tmp/org.apache.hadoop.hive.ql.TestTxnExIm-1713945026909/warehouse/1'
2024-04-24T00:52:22,209  INFO [main] HiveMetaStore.audit: ugi=alex	ip=unknown-ip-addr	cmd=get_table : tbl=hive.default.Tstage	
2024-04-24T00:52:22,216  INFO [main] metastore.HMSHandler: Skipping translation for processor with null
2024-04-24T00:52:22,219  INFO [main] txn.TxnHandler: Added entries to MIN_HISTORY_LEVEL for current txns: ([18]) with min_open_txn: 18
2024-04-24T00:52:22,219  INFO [main] lockmgr.DbTxnManager: Opened txnid:18
2024-04-24T00:52:22,219  INFO [main] parse.AcidExportSemanticAnalyzer: Starting caching scope for: 
2024-04-24T00:52:22,219  INFO [main] HiveMetaStore.audit: ugi=alex	ip=unknown-ip-addr	cmd=get_table : tbl=hive.default.Tstage	
2024-04-24T00:52:22,227  INFO [main] metastore.HMSHandler: Skipping translation for processor with null
2024-04-24T00:52:22,227  INFO [main] HiveMetaStore.audit: ugi=alex	ip=unknown-ip-addr	cmd=get_database: default	
2024-04-24T00:52:22,229  INFO [main] HiveMetaStore.audit: ugi=alex	ip=unknown-ip-addr	cmd=get_table : tbl=hive.default.tstage	
2024-04-24T00:52:22,235  INFO [main] metastore.HMSHandler: Skipping translation for processor with null
2024-04-24T00:52:22,236  INFO [main] utils.FileUtils: Creating directory if it doesn't exist: file:/home/alex/Repositories/hive/ql/target/tmp/scratchdir/alex/a1d20ac2-9a3d-42c6-8746-dfa637cead46/_tmp_space.db/bdb8fe46-2e35-454a-9cef-2b103466bc29
2024-04-24T00:52:22,238  INFO [main] HiveMetaStore.audit: ugi=alex	ip=unknown-ip-addr	cmd=get_table : tbl=hive.default.Tstage	
2024-04-24T00:52:22,246  INFO [main] metastore.HMSHandler: Skipping translation for processor with null
2024-04-24T00:52:22,246  INFO [main] parse.RewriteSemanticAnalyzer: Going to reparse <export table Tstage to '/home/alex/Repositories/hive/ql/target/tmp/org.apache.hadoop.hive.ql.TestTxnExIm-1713945026909/warehouse/1'> as 
<insert into default.tstage_874dd4b8_f9a6_4875_a693_2dcd7d50cf3a select * from `default`.`Tstage`>
2024-04-24T00:52:22,246  INFO [main] parse.AcidExportSemanticAnalyzer: Starting Semantic Analysis
2024-04-24T00:52:22,249  INFO [main] parse.AcidExportSemanticAnalyzer: Completed phase 1 of Semantic Analysis
2024-04-24T00:52:22,249  INFO [main] parse.AcidExportSemanticAnalyzer: Get metadata for source tables
2024-04-24T00:52:22,250  INFO [main] HiveMetaStore.audit: ugi=alex	ip=unknown-ip-addr	cmd=get_table : tbl=hive.default.tstage	
2024-04-24T00:52:22,257  INFO [main] metastore.HMSHandler: Skipping translation for processor with null
2024-04-24T00:52:22,257  INFO [main] parse.AcidExportSemanticAnalyzer: Get metadata for subqueries
2024-04-24T00:52:22,257  INFO [main] parse.AcidExportSemanticAnalyzer: Get metadata for destination tables
2024-04-24T00:52:22,258  INFO [main] parse.AcidExportSemanticAnalyzer: Completed getting MetaData in Semantic Analysis
2024-04-24T00:52:22,258  INFO [main] parse.AcidExportSemanticAnalyzer: Disabling LLAP IO encode as ETL query is detected
2024-04-24T00:52:22,271  INFO [main] HiveMetaStore.audit: ugi=alex	ip=unknown-ip-addr	cmd=get_all_table_constraints : tbl=hive.default.tstage	
2024-04-24T00:52:22,279  INFO [main] calcite.RelOptHiveTable: Calculating column statistics for default.tstage, projIndxSet: [0, 1], allowMissingStats: true
2024-04-24T00:52:22,280  INFO [main] HiveMetaStore.audit: ugi=alex	ip=unknown-ip-addr	cmd=get_table : tbl=hive.default.tstage	
2024-04-24T00:52:22,288  INFO [main] metastore.HMSHandler: Skipping translation for processor with null
2024-04-24T00:52:22,289  INFO [main] HiveMetaStore.audit: ugi=alex	ip=unknown-ip-addr	cmd=get_table : tbl=hive.default.tstage	
2024-04-24T00:52:22,298  INFO [main] metastore.HMSHandler: Skipping translation for processor with null
2024-04-24T00:52:22,298  INFO [main] HiveMetaStore.audit: ugi=alex	ip=unknown-ip-addr	cmd=get_table_statistics_req: table=hive.default.tstage	
2024-04-24T00:52:22,309  WARN [main] calcite.RelOptHiveTable: No Stats for default@tstage, Columns: b, a
No Stats for default@tstage, Columns: b, a
2024-04-24T00:52:22,309  INFO [main] SessionState: No Stats for default@tstage, Columns: b, a
2024-04-24T00:52:22,354  INFO [main] parse.AcidExportSemanticAnalyzer: Get metadata for source tables
2024-04-24T00:52:22,354  INFO [main] parse.AcidExportSemanticAnalyzer: Get metadata for subqueries
2024-04-24T00:52:22,354  INFO [main] parse.AcidExportSemanticAnalyzer: Get metadata for destination tables
2024-04-24T00:52:22,356  INFO [main] common.FileUtils: Creating directory if it doesn't exist: file:/home/alex/Repositories/hive/ql/target/tmp/scratchdir/alex/a1d20ac2-9a3d-42c6-8746-dfa637cead46/_tmp_space.db/bdb8fe46-2e35-454a-9cef-2b103466bc29/.hive-staging_hive_2024-04-24_00-52-22_246_2865035172208407773-1
2024-04-24T00:52:22,358  INFO [main] HiveMetaStore.audit: ugi=alex	ip=unknown-ip-addr	cmd=get_not_null_constraints : tbl=hive.default.tstage_874dd4b8_f9a6_4875_a693_2dcd7d50cf3a	
2024-04-24T00:52:22,359  INFO [main] HiveMetaStore.audit: ugi=alex	ip=unknown-ip-addr	cmd=get_check_constraints : tbl=hive.default.tstage_874dd4b8_f9a6_4875_a693_2dcd7d50cf3a	
2024-04-24T00:52:22,363  INFO [main] parse.AcidExportSemanticAnalyzer: CBO Succeeded; optimized logical plan.
2024-04-24T00:52:22,365  INFO [main] optimizer.BucketVersionPopulator: not considering bucketingVersion for: TS[0] because it has -1<2 buckets 
2024-04-24T00:52:22,366  INFO [main] optimizer.SortedDynPartitionOptimizer: Sorted dynamic partitioning optimization kicked in..
2024-04-24T00:52:22,375  INFO [main] optimizer.GenMRFileSink1: using CombineHiveInputformat for the merge job
2024-04-24T00:52:22,377  INFO [main] physical.Vectorizer: Examining input format to see if vectorization is enabled.
2024-04-24T00:52:22,377  INFO [main] physical.Vectorizer: Vectorization is enabled for input format(s) [org.apache.hadoop.hive.ql.io.orc.OrcInputFormat]
2024-04-24T00:52:22,377  INFO [main] physical.Vectorizer: Validating and vectorizing MapWork... (vectorizedVertexNum 0)
2024-04-24T00:52:22,378  INFO [main] physical.Vectorizer: Map vectorization enabled: true
2024-04-24T00:52:22,378  INFO [main] physical.Vectorizer: Map vectorized: true
2024-04-24T00:52:22,378  INFO [main] physical.Vectorizer: Map vectorizedVertexNum: 0
2024-04-24T00:52:22,378  INFO [main] physical.Vectorizer: Map enabledConditionsMet: [hive.vectorized.use.vectorized.input.format IS true]
2024-04-24T00:52:22,378  INFO [main] physical.Vectorizer: Map inputFileFormatClassNameSet: [org.apache.hadoop.hive.ql.io.orc.OrcInputFormat]
2024-04-24T00:52:22,379  INFO [main] parse.AcidExportSemanticAnalyzer: Completed plan generation
2024-04-24T00:52:22,382  INFO [main] HiveMetaStore.audit: ugi=alex	ip=unknown-ip-addr	cmd=get_table : tbl=hive.default.Tstage	
2024-04-24T00:52:22,389  INFO [main] metastore.HMSHandler: Skipping translation for processor with null
2024-04-24T00:52:22,389  INFO [main] parse.EximUtil: Path before norm :/home/alex/Repositories/hive/ql/target/tmp/org.apache.hadoop.hive.ql.TestTxnExIm-1713945026909/warehouse/1
2024-04-24T00:52:22,389  INFO [main] parse.EximUtil: Scheme:file, authority:null, path:/home/alex/Repositories/hive/ql/target/tmp/org.apache.hadoop.hive.ql.TestTxnExIm-1713945026909/warehouse/1
2024-04-24T00:52:22,389  INFO [main] parse.EximUtil: Path before norm :/home/alex/Repositories/hive/ql/target/tmp/org.apache.hadoop.hive.ql.TestTxnExIm-1713945026909/warehouse/1
2024-04-24T00:52:22,389  INFO [main] parse.EximUtil: Scheme:file, authority:null, path:/home/alex/Repositories/hive/ql/target/tmp/org.apache.hadoop.hive.ql.TestTxnExIm-1713945026909/warehouse/1
2024-04-24T00:52:22,390  INFO [main] parse.AcidExportSemanticAnalyzer: Ending caching scope for: 
2024-04-24T00:52:22,390  INFO [main] ql.Driver: Semantic Analysis Completed (retrial = false)
2024-04-24T00:52:22,390  INFO [main] ql.Driver: Created Hive schema: Schema(fieldSchemas:[FieldSchema(name:tstage.a, type:int, comment:null), FieldSchema(name:tstage.b, type:int, comment:null)], properties:null)
2024-04-24T00:52:22,390  INFO [main] metadata.Hive: Dumping metastore api call timing information for : compilation phase
2024-04-24T00:52:22,390  INFO [main] metadata.Hive: Total time spent in each metastore function (ms): {getCurrentNotificationEventId_()=3, openTxn_(String, TxnType)=2, getTable_(GetTableRequest)=46, getTableColumnStatistics_(String, String, List, String)=30, createTable_(Table)=2, getCheckConstraints_(CheckConstraintsRequest)=1, flushCache_()=0, getValidTxns_(long)=0, isCompatibleWith_(Configuration)=1, getDatabase_(String)=2, getAllTableConstraints_(AllTableConstraintsRequest)=6, getValidWriteIds_(List, String)=2, commitTxn_(CommitTxnRequest)=11, getNotNullConstraints_(NotNullConstraintsRequest)=1}
2024-04-24T00:52:22,391  INFO [main] ql.Driver: Completed compiling command(queryId=alex_20240424005222_e1611072-f9a7-48a6-81e7-3776abde59f8); Time taken: 0.181 seconds
2024-04-24T00:52:22,391  INFO [main] lockmgr.DbTxnManager: Setting lock request transaction to txnid:18 for queryId=alex_20240424005222_e1611072-f9a7-48a6-81e7-3776abde59f8
2024-04-24T00:52:22,391  INFO [main] lockmgr.DbLockManager: Requesting lock for queryId=alex_20240424005222_e1611072-f9a7-48a6-81e7-3776abde59f8
2024-04-24T00:52:22,407  INFO [main] lockmgr.DbLockManager: Response to queryId=alex_20240424005222_e1611072-f9a7-48a6-81e7-3776abde59f8 LockResponse(lockid:12, state:ACQUIRED)
2024-04-24T00:52:22,407  INFO [main] ql.Driver: Operation QUERY obtained 1 locks
2024-04-24T00:52:22,408  INFO [main] ql.Driver: Executing command(queryId=alex_20240424005222_e1611072-f9a7-48a6-81e7-3776abde59f8): export table Tstage to '/home/alex/Repositories/hive/ql/target/tmp/org.apache.hadoop.hive.ql.TestTxnExIm-1713945026909/warehouse/1'
2024-04-24T00:52:22,408  WARN [main] ql.Driver: Hive-on-MR is deprecated in Hive 2 and may not be available in the future versions. Consider using a different execution engine (i.e. spark, tez) or using Hive 1.X releases.
Query ID = alex_20240424005222_e1611072-f9a7-48a6-81e7-3776abde59f8
2024-04-24T00:52:22,408  INFO [main] ql.Driver: Query ID = alex_20240424005222_e1611072-f9a7-48a6-81e7-3776abde59f8
Total jobs = 1
2024-04-24T00:52:22,408  INFO [main] ql.Driver: Total jobs = 1
Launching Job 1 out of 1
2024-04-24T00:52:22,408  INFO [main] ql.Driver: Launching Job 1 out of 1
2024-04-24T00:52:22,559  INFO [main] ql.Driver: Starting task [Stage-2:MAPRED] in serial mode
Number of reduce tasks is set to 0 since there's no reduce operator
2024-04-24T00:52:22,560  INFO [main] exec.Task: Number of reduce tasks is set to 0 since there's no reduce operator
2024-04-24T00:52:22,564  INFO [main] mr.ExecDriver: Using org.apache.hadoop.hive.ql.io.HiveInputFormat
2024-04-24T00:52:22,564  INFO [main] exec.Utilities: Processing alias tstage
2024-04-24T00:52:22,565  INFO [main] exec.Utilities: Adding 1 inputs; the first input is file:/home/alex/Repositories/hive/ql/target/tmp/org.apache.hadoop.hive.ql.TestTxnExIm-1713945026909/warehouse/tstage
2024-04-24T00:52:22,574  INFO [main] exec.SerializationUtilities: Serializing MapWork using kryo
2024-04-24T00:52:22,575  INFO [main] exec.Utilities: Serialized plan (via FILE) - name: null size: 6,56KB
2024-04-24T00:52:22,576  WARN [main] impl.MetricsSystemImpl: JobTracker metrics system already initialized!
2024-04-24T00:52:22,580  INFO [main] fs.FSStatsPublisher: created : file:/home/alex/Repositories/hive/ql/target/tmp/localscratchdir/a1d20ac2-9a3d-42c6-8746-dfa637cead46/hive_2024-04-24_00-52-22_246_2865035172208407773-1/-mr-10001
2024-04-24T00:52:22,584  WARN [main] impl.MetricsSystemImpl: JobTracker metrics system already initialized!
2024-04-24T00:52:22,592  WARN [main] mapreduce.JobResourceUploader: Hadoop command-line option parsing not performed. Implement the Tool interface and execute your application with ToolRunner to remedy this.
2024-04-24T00:52:22,596  WARN [main] mapreduce.JobResourceUploader: No job jar file set.  User classes may not be found. See Job or Job#setJar(String).
2024-04-24T00:52:22,597  INFO [main] io.HiveInputFormat: hive.io.file.readcolumn.ids = 0,1
2024-04-24T00:52:22,597  INFO [main] io.HiveInputFormat: hive.io.file.readcolumn.names = a,b
2024-04-24T00:52:22,597  INFO [main] io.HiveInputFormat: Generating splits for dirs: file:/home/alex/Repositories/hive/ql/target/tmp/org.apache.hadoop.hive.ql.TestTxnExIm-1713945026909/warehouse/tstage
2024-04-24T00:52:22,597  INFO [main] orc.OrcInputFormat: getSplits started
2024-04-24T00:52:22,597  INFO [main] orc.OrcInputFormat: Context:: isAcid: true isVectorMode: true sarg: null minSplitSize: 1 maxSplitSize: 256000000 splitStrategy: HYBRID footerInSplits: false numBuckets: 0 numThreads: 10 cacheMemSize: 268435456 cacheStripeDetails: true useSoftReference: false writeIdList: default.tstage:1:9223372036854775807:: isTransactionalTable: true txnProperties: default 
2024-04-24T00:52:22,597  INFO [main] orc.OrcInputFormat: ORC pushdown predicate: null
2024-04-24T00:52:22,607  INFO [main] orc.OrcInputFormat: FooterCacheHitRatio: 0/1
2024-04-24T00:52:22,607  INFO [main] orc.OrcInputFormat: getSplits finished (#splits: 1). duration: 10 ms
2024-04-24T00:52:22,607  INFO [main] io.HiveInputFormat: number of splits 1
2024-04-24T00:52:22,624  INFO [main] mapreduce.JobSubmitter: number of splits:1
2024-04-24T00:52:22,642  INFO [main] mapreduce.JobSubmitter: Submitting tokens for job: job_local924935510_0045
2024-04-24T00:52:22,642  INFO [main] mapreduce.JobSubmitter: Executing with tokens: []
2024-04-24T00:52:22,703  INFO [main] mapreduce.Job: The url to track the job: http://localhost:8080/
Job running in-process (local Hadoop)
2024-04-24T00:52:22,703  INFO [main] exec.Task: Job running in-process (local Hadoop)
2024-04-24T00:52:22,704  INFO [Thread-3264] mapred.LocalJobRunner: OutputCommitter set in config org.apache.hadoop.hive.ql.io.HiveFileFormatUtils$NullOutputCommitter
2024-04-24T00:52:22,704  INFO [Thread-3264] mapred.LocalJobRunner: OutputCommitter is org.apache.hadoop.hive.ql.io.HiveFileFormatUtils$NullOutputCommitter
2024-04-24T00:52:22,706  INFO [Thread-3264] mapred.LocalJobRunner: Waiting for map tasks
2024-04-24T00:52:22,706  INFO [LocalJobRunner Map Task Executor #0] mapred.LocalJobRunner: Starting task: attempt_local924935510_0045_m_000000_0
2024-04-24T00:52:22,706  INFO [LocalJobRunner Map Task Executor #0] mapred.Task:  Using ResourceCalculatorProcessTree : [ ]
2024-04-24T00:52:22,707  INFO [LocalJobRunner Map Task Executor #0] mapred.MapTask: Processing split: org.apache.hadoop.hive.ql.io.orc.OrcInputFormat:OrcSplit [file:/home/alex/Repositories/hive/ql/target/tmp/org.apache.hadoop.hive.ql.TestTxnExIm-1713945026909/warehouse/tstage/delta_0000001_0000001_0000/bucket_00000_0, start=3, length=311, isOriginal=false, fileLength=686, hasFooter=false, hasBase=true, deltas=0]
2024-04-24T00:52:22,707  INFO [LocalJobRunner Map Task Executor #0] exec.SerializationUtilities: Deserializing MapWork using kryo
2024-04-24T00:52:22,708  INFO [LocalJobRunner Map Task Executor #0] exec.Utilities: Deserialized plan (via FILE) - name: null size: 6,56KB
2024-04-24T00:52:22,708  INFO [LocalJobRunner Map Task Executor #0] orc.VectorizedOrcAcidRowBatchReader: Read ValidWriteIdList: default.tstage:1:9223372036854775807:::OrcSplit [file:/home/alex/Repositories/hive/ql/target/tmp/org.apache.hadoop.hive.ql.TestTxnExIm-1713945026909/warehouse/tstage/delta_0000001_0000001_0000/bucket_00000_0, start=3, length=311, isOriginal=false, fileLength=686, hasFooter=false, hasBase=true, deltas=0]
2024-04-24T00:52:22,709  INFO [LocalJobRunner Map Task Executor #0] orc.ReaderImpl: Reading ORC rows from file:/home/alex/Repositories/hive/ql/target/tmp/org.apache.hadoop.hive.ql.TestTxnExIm-1713945026909/warehouse/tstage/delta_0000001_0000001_0000/bucket_00000_0 with {include: [true, true, true], offset: 3, length: 311, schema: struct<a:int,b:int>, includeAcidColumns: false}
2024-04-24T00:52:22,710  INFO [LocalJobRunner Map Task Executor #0] mapred.MapTask: numReduceTasks: 0
2024-04-24T00:52:22,710  INFO [LocalJobRunner Map Task Executor #0] vector.VectorMapOperator: Initializing Operator: MAP[0]
2024-04-24T00:52:22,710  INFO [LocalJobRunner Map Task Executor #0] mr.ExecMapper: 
<MAP>Id =0
  <Children>null
  <\Children>
  <Parent><\Parent>
<\MAP>
2024-04-24T00:52:22,711  INFO [LocalJobRunner Map Task Executor #0] exec.TableScanOperator: Initializing Operator: TS[0]
2024-04-24T00:52:22,711  INFO [LocalJobRunner Map Task Executor #0] vector.VectorSelectOperator: Initializing Operator: SEL[4]
2024-04-24T00:52:22,711  INFO [LocalJobRunner Map Task Executor #0] vector.VectorFileSinkOperator: Initializing Operator: FS[5]
2024-04-24T00:52:22,712  INFO [LocalJobRunner Map Task Executor #0] exec.FileSinkOperator: Using serializer : AbstractSerDe [log=org.apache.logging.slf4j.Log4jLogger@752e4bcc, configuration=Optional[Configuration: core-default.xml, core-site.xml, mapred-default.xml, mapred-site.xml, yarn-default.xml, yarn-site.xml, hdfs-default.xml, hdfs-site.xml, file:/home/alex/Repositories/hive/ql/target/tmp/TestTxnExIm/mapred/local/localRunner/alex/job_local924935510_0045/job_local924935510_0045.xml], properties={name=default.tstage_874dd4b8_f9a6_4875_a693_2dcd7d50cf3a, transactional=false, columns.types=int:int, numFilesErasureCoded=0, columns=a,b, columns.comments=&amp#0;, serialization.lib=org.apache.hadoop.hive.ql.io.orc.OrcSerde, file.inputformat=org.apache.hadoop.hive.ql.io.orc.OrcInputFormat, file.outputformat=org.apache.hadoop.hive.ql.io.orc.OrcOutputFormat, location=file:/home/alex/Repositories/hive/ql/target/tmp/scratchdir/alex/a1d20ac2-9a3d-42c6-8746-dfa637cead46/_tmp_space.db/bdb8fe46-2e35-454a-9cef-2b103466bc29, column.name.delimiter=,}, tableProperties={name=default.tstage_874dd4b8_f9a6_4875_a693_2dcd7d50cf3a, transactional=false, columns.types=int:int, numFilesErasureCoded=0, columns=a,b, columns.comments=&amp#0;, serialization.lib=org.apache.hadoop.hive.ql.io.orc.OrcSerde, file.inputformat=org.apache.hadoop.hive.ql.io.orc.OrcInputFormat, location=file:/home/alex/Repositories/hive/ql/target/tmp/scratchdir/alex/a1d20ac2-9a3d-42c6-8746-dfa637cead46/_tmp_space.db/bdb8fe46-2e35-454a-9cef-2b103466bc29, file.outputformat=org.apache.hadoop.hive.ql.io.orc.OrcOutputFormat, column.name.delimiter=,}, partitionProperties=Optional.empty, columnNames=[a, b], columnTypes=[int, int], getClass()=class org.apache.hadoop.hive.ql.io.orc.OrcSerde] and formatter : org.apache.hadoop.hive.ql.io.orc.OrcOutputFormat@67a2d9ff
2024-04-24T00:52:22,712  INFO [LocalJobRunner Map Task Executor #0] exec.FileSinkOperator: Final Path: FS file:/home/alex/Repositories/hive/ql/target/tmp/scratchdir/alex/a1d20ac2-9a3d-42c6-8746-dfa637cead46/_tmp_space.db/bdb8fe46-2e35-454a-9cef-2b103466bc29/.hive-staging_hive_2024-04-24_00-52-22_246_2865035172208407773-1/_tmp.-ext-10002/000000_0
2024-04-24T00:52:22,712  INFO [LocalJobRunner Map Task Executor #0] exec.FileSinkOperator: Writing to temp file: FS file:/home/alex/Repositories/hive/ql/target/tmp/scratchdir/alex/a1d20ac2-9a3d-42c6-8746-dfa637cead46/_tmp_space.db/bdb8fe46-2e35-454a-9cef-2b103466bc29/.hive-staging_hive_2024-04-24_00-52-22_246_2865035172208407773-1/_task_tmp.-ext-10002/_tmp.000000_0
2024-04-24T00:52:22,712  INFO [LocalJobRunner Map Task Executor #0] exec.FileSinkOperator: New Final Path: FS file:/home/alex/Repositories/hive/ql/target/tmp/scratchdir/alex/a1d20ac2-9a3d-42c6-8746-dfa637cead46/_tmp_space.db/bdb8fe46-2e35-454a-9cef-2b103466bc29/.hive-staging_hive_2024-04-24_00-52-22_246_2865035172208407773-1/_tmp.-ext-10002/000000_0
2024-04-24T00:52:22,712  INFO [LocalJobRunner Map Task Executor #0] exec.FileSinkOperator: FS[5]: records written - 1
2024-04-24T00:52:22,712  INFO [LocalJobRunner Map Task Executor #0] impl.PhysicalFsWriter: ORC writer created for path: file:/home/alex/Repositories/hive/ql/target/tmp/scratchdir/alex/a1d20ac2-9a3d-42c6-8746-dfa637cead46/_tmp_space.db/bdb8fe46-2e35-454a-9cef-2b103466bc29/.hive-staging_hive_2024-04-24_00-52-22_246_2865035172208407773-1/_task_tmp.-ext-10002/_tmp.000000_0 with stripeSize: 67108864 blockSize: 268435456 compression: Compress: ZLIB buffer: 262144
2024-04-24T00:52:22,719  INFO [LocalJobRunner Map Task Executor #0] impl.WriterImpl: ORC writer created for path: file:/home/alex/Repositories/hive/ql/target/tmp/scratchdir/alex/a1d20ac2-9a3d-42c6-8746-dfa637cead46/_tmp_space.db/bdb8fe46-2e35-454a-9cef-2b103466bc29/.hive-staging_hive_2024-04-24_00-52-22_246_2865035172208407773-1/_task_tmp.-ext-10002/_tmp.000000_0 with stripeSize: 67108864 options: Compress: ZLIB buffer: 262144
2024-04-24T00:52:22,719  INFO [LocalJobRunner Map Task Executor #0] vector.VectorMapOperator: Closing Operator: MAP[0]
2024-04-24T00:52:22,719  INFO [LocalJobRunner Map Task Executor #0] vector.VectorMapOperator: RECORDS_OUT_OPERATOR_MAP_0:0, DESERIALIZE_ERRORS:0, RECORDS_IN:3, RECORDS_OUT_INTERMEDIATE:0, 
2024-04-24T00:52:22,719  INFO [LocalJobRunner Map Task Executor #0] exec.TableScanOperator: Closing Operator: TS[0]
2024-04-24T00:52:22,719  INFO [LocalJobRunner Map Task Executor #0] exec.TableScanOperator: RECORDS_OUT_OPERATOR_TS_0:3, RECORDS_OUT_INTERMEDIATE:0, 
2024-04-24T00:52:22,719  INFO [LocalJobRunner Map Task Executor #0] vector.VectorSelectOperator: Closing Operator: SEL[4]
2024-04-24T00:52:22,719  INFO [LocalJobRunner Map Task Executor #0] vector.VectorSelectOperator: RECORDS_OUT_OPERATOR_SEL_4:3, RECORDS_OUT_INTERMEDIATE:0, 
2024-04-24T00:52:22,719  INFO [LocalJobRunner Map Task Executor #0] vector.VectorFileSinkOperator: Closing Operator: FS[5]
2024-04-24T00:52:22,719  INFO [LocalJobRunner Map Task Executor #0] exec.FileSinkOperator: FS[5]: records written - 3
2024-04-24T00:52:22,726  INFO [LocalJobRunner Map Task Executor #0] vector.VectorFileSinkOperator: RECORDS_OUT_1_default.tstage_874dd4b8_f9a6_4875_a693_2dcd7d50cf3a:3, RECORDS_OUT_OPERATOR_FS_5:3, RECORDS_OUT_INTERMEDIATE:0, TOTAL_TABLE_ROWS_WRITTEN:3, 
2024-04-24T00:52:22,726  INFO [LocalJobRunner Map Task Executor #0] mapred.LocalJobRunner: 
2024-04-24T00:52:22,727  INFO [LocalJobRunner Map Task Executor #0] mapred.Task: Task:attempt_local924935510_0045_m_000000_0 is done. And is in the process of committing
2024-04-24T00:52:22,727  INFO [LocalJobRunner Map Task Executor #0] mapred.LocalJobRunner: OrcSplit [file:/home/alex/Repositories/hive/ql/target/tmp/org.apache.hadoop.hive.ql.TestTxnExIm-1713945026909/warehouse/tstage/delta_0000001_0000001_0000/bucket_00000_0, start=3, length=311, isOriginal=false, fileLength=686, hasFooter=false, hasBase=true, deltas=0]
2024-04-24T00:52:22,727  INFO [LocalJobRunner Map Task Executor #0] mapred.Task: Task 'attempt_local924935510_0045_m_000000_0' done.
2024-04-24T00:52:22,727  INFO [LocalJobRunner Map Task Executor #0] mapred.Task: Final Counters for attempt_local924935510_0045_m_000000_0: Counters: 25
	File System Counters
		FILE: Number of bytes read=797067
		FILE: Number of bytes written=52577640
		FILE: Number of read operations=0
		FILE: Number of large read operations=0
		FILE: Number of write operations=0
	Map-Reduce Framework
		Map input records=1
		Map output records=0
		Input split bytes=485
		Spilled Records=0
		Failed Shuffles=0
		Merged Map outputs=0
		GC time elapsed (ms)=0
		Total committed heap usage (bytes)=1186988032
	HIVE
		CREATED_FILES=1
		DESERIALIZE_ERRORS=0
		RECORDS_IN=3
		RECORDS_OUT_1_default.tstage_874dd4b8_f9a6_4875_a693_2dcd7d50cf=3
		RECORDS_OUT_INTERMEDIATE=0
		RECORDS_OUT_OPERATOR_FS_5=3
		RECORDS_OUT_OPERATOR_MAP_0=0
		RECORDS_OUT_OPERATOR_SEL_4=3
		RECORDS_OUT_OPERATOR_TS_0=3
		TOTAL_TABLE_ROWS_WRITTEN=3
	File Input Format Counters 
		Bytes Read=9450
	File Output Format Counters 
		Bytes Written=0
2024-04-24T00:52:22,727  INFO [LocalJobRunner Map Task Executor #0] mapred.LocalJobRunner: Finishing task: attempt_local924935510_0045_m_000000_0
2024-04-24T00:52:22,727  INFO [Thread-3264] mapred.LocalJobRunner: map task executor complete.
2024-04-24 00:52:23,705 Stage-2 map = 100%,  reduce = 0%
2024-04-24T00:52:23,705  INFO [main] exec.Task: 2024-04-24 00:52:23,705 Stage-2 map = 100%,  reduce = 0%
Ended Job = job_local924935510_0045
2024-04-24T00:52:23,706  INFO [main] exec.Task: Ended Job = job_local924935510_0045
2024-04-24T00:52:23,711  INFO [main] ql.Driver: Starting task [Stage-8:CONDITIONAL] in serial mode
Stage-5 is selected by condition resolver.
2024-04-24T00:52:23,712  INFO [main] exec.Task: Stage-5 is selected by condition resolver.
Stage-4 is filtered out by condition resolver.
2024-04-24T00:52:23,712  INFO [main] exec.Task: Stage-4 is filtered out by condition resolver.
Stage-6 is filtered out by condition resolver.
2024-04-24T00:52:23,712  INFO [main] exec.Task: Stage-6 is filtered out by condition resolver.
2024-04-24T00:52:23,712  INFO [main] ql.Driver: Starting task [Stage-5:MOVE] in serial mode
Moving data to directory file:/home/alex/Repositories/hive/ql/target/tmp/scratchdir/alex/a1d20ac2-9a3d-42c6-8746-dfa637cead46/_tmp_space.db/bdb8fe46-2e35-454a-9cef-2b103466bc29/.hive-staging_hive_2024-04-24_00-52-22_246_2865035172208407773-1/-ext-10000
2024-04-24T00:52:23,712  INFO [main] exec.Task: Moving data to directory file:/home/alex/Repositories/hive/ql/target/tmp/scratchdir/alex/a1d20ac2-9a3d-42c6-8746-dfa637cead46/_tmp_space.db/bdb8fe46-2e35-454a-9cef-2b103466bc29/.hive-staging_hive_2024-04-24_00-52-22_246_2865035172208407773-1/-ext-10000 from file:/home/alex/Repositories/hive/ql/target/tmp/scratchdir/alex/a1d20ac2-9a3d-42c6-8746-dfa637cead46/_tmp_space.db/bdb8fe46-2e35-454a-9cef-2b103466bc29/.hive-staging_hive_2024-04-24_00-52-22_246_2865035172208407773-1/-ext-10002
2024-04-24T00:52:23,714  INFO [main] ql.Driver: Starting task [Stage-1:MOVE] in serial mode
Loading data to table default.tstage_874dd4b8_f9a6_4875_a693_2dcd7d50cf3a
2024-04-24T00:52:23,714  INFO [main] exec.Task: Loading data to table default.tstage_874dd4b8_f9a6_4875_a693_2dcd7d50cf3a from file:/home/alex/Repositories/hive/ql/target/tmp/scratchdir/alex/a1d20ac2-9a3d-42c6-8746-dfa637cead46/_tmp_space.db/bdb8fe46-2e35-454a-9cef-2b103466bc29/.hive-staging_hive_2024-04-24_00-52-22_246_2865035172208407773-1/-ext-10000
2024-04-24T00:52:23,719  WARN [main] metadata.Hive: Cannot get a table snapshot for tstage_874dd4b8_f9a6_4875_a693_2dcd7d50cf3a
2024-04-24T00:52:23,720  INFO [main] metadata.SessionHiveMetaStoreClient: Column stats doesn't exist for db=default temp table=tstage_874dd4b8_f9a6_4875_a693_2dcd7d50cf3a
2024-04-24T00:52:23,720  INFO [main] ql.Driver: Starting task [Stage-10:DDL] in serial mode
2024-04-24T00:52:23,724  INFO [main] metadata.SessionHiveMetaStoreClient: Column stats doesn't exist for db=default temp table=tstage_874dd4b8_f9a6_4875_a693_2dcd7d50cf3a
2024-04-24T00:52:23,724  INFO [main] ql.Driver: Starting task [Stage-9:REPL_DUMP] in serial mode
2024-04-24T00:52:23,724  INFO [main] parse.EximUtil: Path before norm :/home/alex/Repositories/hive/ql/target/tmp/org.apache.hadoop.hive.ql.TestTxnExIm-1713945026909/warehouse/1
2024-04-24T00:52:23,724  INFO [main] parse.EximUtil: Scheme:file, authority:null, path:/home/alex/Repositories/hive/ql/target/tmp/org.apache.hadoop.hive.ql.TestTxnExIm-1713945026909/warehouse/1
2024-04-24T00:52:23,724  INFO [main] parse.EximUtil: Path before norm :/home/alex/Repositories/hive/ql/target/tmp/org.apache.hadoop.hive.ql.TestTxnExIm-1713945026909/warehouse/1
2024-04-24T00:52:23,725  INFO [main] parse.EximUtil: Scheme:file, authority:null, path:/home/alex/Repositories/hive/ql/target/tmp/org.apache.hadoop.hive.ql.TestTxnExIm-1713945026909/warehouse/1
2024-04-24T00:52:23,725  INFO [main] plan.ExportWork: Swapping export of Tstage to default.tstage_874dd4b8_f9a6_4875_a693_2dcd7d50cf3a using partSpec=null
2024-04-24T00:52:23,755  WARN [main] shims.Utils: XAttr won't be preserved since it is not supported for file system: file:///
2024-04-24T00:52:23,770  INFO [main] ql.Driver: Starting task [Stage-11:DDL] in serial mode
2024-04-24T00:52:23,771  INFO [main] metadata.SessionHiveMetaStoreClient: Column stats doesn't exist for db=default temp table=tstage_874dd4b8_f9a6_4875_a693_2dcd7d50cf3a
2024-04-24T00:52:23,773  INFO [main] metadata.Hive: Dumping metastore api call timing information for : execution phase
2024-04-24T00:52:23,774  INFO [main] metadata.Hive: Total time spent in each metastore function (ms): {isCompatibleWith_(Configuration)=1, getValidWriteIds_(List, String)=0, getTable_(GetTableRequest)=3, dropTable_(String, String, boolean, boolean, boolean)=2, alter_table_(String, String, String, Table, EnvironmentContext, String)=2}
MapReduce Jobs Launched: 
2024-04-24T00:52:23,774  INFO [main] ql.Driver: MapReduce Jobs Launched: 
Stage-Stage-2:  HDFS Read: 0 HDFS Write: 0 SUCCESS
2024-04-24T00:52:23,775  INFO [main] ql.Driver: Stage-Stage-2:  HDFS Read: 0 HDFS Write: 0 SUCCESS
Total MapReduce CPU Time Spent: 0 msec
2024-04-24T00:52:23,775  INFO [main] ql.Driver: Total MapReduce CPU Time Spent: 0 msec
2024-04-24T00:52:23,775  INFO [main] ql.Driver: Completed executing command(queryId=alex_20240424005222_e1611072-f9a7-48a6-81e7-3776abde59f8); Time taken: 1.365 seconds
2024-04-24T00:52:23,775  INFO [main] lockmgr.DbTxnManager: Stopped heartbeat for query: alex_20240424005222_e1611072-f9a7-48a6-81e7-3776abde59f8
2024-04-24T00:52:23,787  INFO [main] txn.TxnHandler: Expected to move at least one record from txn_components to completed_txn_components when committing txn! txnid:18
2024-04-24T00:52:23,803  INFO [main] txn.TxnHandler: Removed transactions: ([18]) from MIN_HISTORY_LEVEL
2024-04-24T00:52:23,803  WARN [main] txn.CompactionTxnHandler: No compaction queue record found for Compaction type transaction commit. txnId:18
2024-04-24T00:52:23,804  INFO [main] ql.TxnCommandsBaseForTests: Running the query: import table T from '/home/alex/Repositories/hive/ql/target/tmp/org.apache.hadoop.hive.ql.TestTxnExIm-1713945026909/warehouse/1'
2024-04-24T00:52:23,805  INFO [main] ql.Context: Deleting scratch dir: file:/home/alex/Repositories/hive/ql/target/tmp/localscratchdir/a1d20ac2-9a3d-42c6-8746-dfa637cead46/hive_2024-04-24_00-52-22_246_2865035172208407773-1
2024-04-24T00:52:23,805  INFO [main] cleanup.SyncCleanupService: Deleted directory: file:/home/alex/Repositories/hive/ql/target/tmp/localscratchdir/a1d20ac2-9a3d-42c6-8746-dfa637cead46/hive_2024-04-24_00-52-22_246_2865035172208407773-1 on fs with scheme file
2024-04-24T00:52:23,806  INFO [main] ql.Context: Deleting scratch dir: file:/home/alex/Repositories/hive/ql/target/tmp/scratchdir/alex/a1d20ac2-9a3d-42c6-8746-dfa637cead46/_tmp_space.db/bdb8fe46-2e35-454a-9cef-2b103466bc29/.hive-staging_hive_2024-04-24_00-52-22_246_2865035172208407773-1
2024-04-24T00:52:23,806  INFO [main] ql.Context: Deleting scratch dir: file:/home/alex/Repositories/hive/ql/target/tmp/localscratchdir/a1d20ac2-9a3d-42c6-8746-dfa637cead46/hive_2024-04-24_00-52-22_209_7198444459858620242-1
2024-04-24T00:52:23,806  INFO [main] cleanup.SyncCleanupService: Deleted directory: file:/home/alex/Repositories/hive/ql/target/tmp/localscratchdir/a1d20ac2-9a3d-42c6-8746-dfa637cead46/hive_2024-04-24_00-52-22_209_7198444459858620242-1 on fs with scheme file
2024-04-24T00:52:23,807  INFO [main] ql.Driver: Compiling command(queryId=alex_20240424005223_a7b55358-25e6-4ad2-99d4-3467ce2f9323): import table T from '/home/alex/Repositories/hive/ql/target/tmp/org.apache.hadoop.hive.ql.TestTxnExIm-1713945026909/warehouse/1'
2024-04-24T00:52:23,810  INFO [main] txn.TxnHandler: Added entries to MIN_HISTORY_LEVEL for current txns: ([19]) with min_open_txn: 19
2024-04-24T00:52:23,810  INFO [main] lockmgr.DbTxnManager: Opened txnid:19
2024-04-24T00:52:23,811  INFO [main] parse.EximUtil: Path before norm :/home/alex/Repositories/hive/ql/target/tmp/org.apache.hadoop.hive.ql.TestTxnExIm-1713945026909/warehouse/1
2024-04-24T00:52:23,811  INFO [main] parse.EximUtil: Scheme:file, authority:null, path:/home/alex/Repositories/hive/ql/target/tmp/org.apache.hadoop.hive.ql.TestTxnExIm-1713945026909/warehouse/1
2024-04-24T00:52:23,812  INFO [main] parse.EximUtil: Path before norm :/home/alex/Repositories/hive/ql/target/tmp/org.apache.hadoop.hive.ql.TestTxnExIm-1713945026909/warehouse/1
2024-04-24T00:52:23,812  INFO [main] parse.EximUtil: Scheme:file, authority:null, path:/home/alex/Repositories/hive/ql/target/tmp/org.apache.hadoop.hive.ql.TestTxnExIm-1713945026909/warehouse/1
2024-04-24T00:52:23,813  INFO [main] HiveMetaStore.audit: ugi=alex	ip=unknown-ip-addr	cmd=get_table : tbl=hive.default.T	
2024-04-24T00:52:23,822  INFO [main] metastore.HMSHandler: Skipping translation for processor with null
2024-04-24T00:52:23,826  INFO [main] txn.TxnHandler: Allocated writeId: 1 for txnId: 19
2024-04-24T00:52:23,826  INFO [main] txn.TxnHandler: Allocated write ids for dbName=default, tblName=t (txnIds: [19])
2024-04-24T00:52:23,827  INFO [main] ql.Driver: Semantic Analysis Completed (retrial = false)
2024-04-24T00:52:23,827  INFO [main] ql.Driver: Created Hive schema: Schema(fieldSchemas:null, properties:null)
2024-04-24T00:52:23,827  INFO [main] metadata.Hive: Dumping metastore api call timing information for : compilation phase
2024-04-24T00:52:23,827  INFO [main] metadata.Hive: Total time spent in each metastore function (ms): {flushCache_()=0, getTable_(GetTableRequest)=9, isCompatibleWith_(Configuration)=0, getValidTxns_(long)=0, allocateTableWriteId_(long, String, String)=4, openTxn_(String, TxnType)=3, commitTxn_(CommitTxnRequest)=29}
2024-04-24T00:52:23,827  INFO [main] ql.Driver: Completed compiling command(queryId=alex_20240424005223_a7b55358-25e6-4ad2-99d4-3467ce2f9323); Time taken: 0.02 seconds
2024-04-24T00:52:23,828  INFO [main] lockmgr.DbTxnManager: Setting lock request transaction to txnid:19 for queryId=alex_20240424005223_a7b55358-25e6-4ad2-99d4-3467ce2f9323
2024-04-24T00:52:23,828  INFO [main] ql.Driver: Operation IMPORT obtained 0 locks
2024-04-24T00:52:23,828  INFO [main] ql.Driver: Executing command(queryId=alex_20240424005223_a7b55358-25e6-4ad2-99d4-3467ce2f9323): import table T from '/home/alex/Repositories/hive/ql/target/tmp/org.apache.hadoop.hive.ql.TestTxnExIm-1713945026909/warehouse/1'
2024-04-24T00:52:23,828  INFO [main] ql.Driver: Starting task [Stage-0:COPY] in serial mode
Copying data from file:/home/alex/Repositories/hive/ql/target/tmp/org.apache.hadoop.hive.ql.TestTxnExIm-1713945026909/warehouse/1/data
2024-04-24T00:52:23,828  INFO [main] exec.Task: Copying data from file:/home/alex/Repositories/hive/ql/target/tmp/org.apache.hadoop.hive.ql.TestTxnExIm-1713945026909/warehouse/1/data to file:/home/alex/Repositories/hive/ql/target/tmp/org.apache.hadoop.hive.ql.TestTxnExIm-1713945026909/warehouse/t/delta_0000001_0000001_0000
2024-04-24T00:52:23,828  INFO [main] common.FileUtils: Creating directory if it doesn't exist: file:/home/alex/Repositories/hive/ql/target/tmp/org.apache.hadoop.hive.ql.TestTxnExIm-1713945026909/warehouse/t/delta_0000001_0000001_0000
Copying file: file:/home/alex/Repositories/hive/ql/target/tmp/org.apache.hadoop.hive.ql.TestTxnExIm-1713945026909/warehouse/1/data/000000_0
2024-04-24T00:52:23,831  INFO [main] exec.Task: Copying file: file:/home/alex/Repositories/hive/ql/target/tmp/org.apache.hadoop.hive.ql.TestTxnExIm-1713945026909/warehouse/1/data/000000_0
2024-04-24T00:52:23,831  WARN [main] shims.Utils: XAttr won't be preserved since it is not supported for file system: file:///
2024-04-24T00:52:23,836  INFO [main] ql.Driver: Starting task [Stage-1:MOVE] in serial mode
Loading data to table default.t
2024-04-24T00:52:23,836  INFO [main] exec.Task: Loading data to table default.t from file:/home/alex/Repositories/hive/ql/target/tmp/org.apache.hadoop.hive.ql.TestTxnExIm-1713945026909/warehouse/t
2024-04-24T00:52:23,836  INFO [main] HiveMetaStore.audit: ugi=alex	ip=unknown-ip-addr	cmd=get_table : tbl=hive.default.t	
2024-04-24T00:52:23,843  INFO [main] metastore.HMSHandler: Skipping translation for processor with null
2024-04-24T00:52:23,844  INFO [main] HiveMetaStore.audit: ugi=alex	ip=unknown-ip-addr	cmd=get_table : tbl=hive.default.t	
2024-04-24T00:52:23,850  INFO [main] metastore.HMSHandler: Skipping translation for processor with null
2024-04-24T00:52:23,851  INFO [main] HiveMetaStore.audit: ugi=alex	ip=unknown-ip-addr	cmd=alter_table: hive.default.t newtbl=t	
2024-04-24T00:52:23,865  INFO [main] utils.MetaStoreServerUtils: Updating table stats for t
2024-04-24T00:52:23,865  INFO [main] utils.MetaStoreServerUtils: Updated size of table t to 256
2024-04-24T00:52:23,876  INFO [main] metadata.Hive: Dumping metastore api call timing information for : execution phase
2024-04-24T00:52:23,876  INFO [main] metadata.Hive: Total time spent in each metastore function (ms): {getTable_(GetTableRequest)=14, alter_table_(String, String, String, Table, EnvironmentContext, String)=25, isCompatibleWith_(Configuration)=0}
2024-04-24T00:52:23,876  INFO [main] ql.Driver: Completed executing command(queryId=alex_20240424005223_a7b55358-25e6-4ad2-99d4-3467ce2f9323); Time taken: 0.048 seconds
2024-04-24T00:52:23,876  INFO [main] lockmgr.DbTxnManager: Stopped heartbeat for query: alex_20240424005223_a7b55358-25e6-4ad2-99d4-3467ce2f9323
2024-04-24T00:52:23,882  INFO [main] txn.TxnHandler: Expected to move at least one record from txn_components to completed_txn_components when committing txn! txnid:19
2024-04-24T00:52:23,890  INFO [main] txn.TxnHandler: Removed transactions: ([19]) from MIN_HISTORY_LEVEL
2024-04-24T00:52:23,890  WARN [main] txn.CompactionTxnHandler: No compaction queue record found for Compaction type transaction commit. txnId:19
2024-04-24T00:52:23,890  INFO [main] ql.TxnCommandsBaseForTests: Running the query: select ROW__ID, a, b, INPUT__FILE__NAME from T order by ROW__ID
2024-04-24T00:52:23,891  INFO [main] ql.Driver: Compiling command(queryId=alex_20240424005223_c687b70d-6071-43fb-a858-460d30276ddc): select ROW__ID, a, b, INPUT__FILE__NAME from T order by ROW__ID
2024-04-24T00:52:23,893  INFO [main] txn.TxnHandler: Added entries to MIN_HISTORY_LEVEL for current txns: ([20]) with min_open_txn: 19
2024-04-24T00:52:23,894  INFO [main] lockmgr.DbTxnManager: Opened txnid:20
2024-04-24T00:52:23,894  INFO [main] parse.CalcitePlanner: Starting caching scope for: 
2024-04-24T00:52:23,894  INFO [main] parse.CalcitePlanner: Starting Semantic Analysis
2024-04-24T00:52:23,897  INFO [main] parse.CalcitePlanner: Completed phase 1 of Semantic Analysis
2024-04-24T00:52:23,897  INFO [main] parse.CalcitePlanner: Get metadata for source tables
2024-04-24T00:52:23,897  INFO [main] HiveMetaStore.audit: ugi=alex	ip=unknown-ip-addr	cmd=get_table : tbl=hive.default.t	
2024-04-24T00:52:23,903  INFO [main] metastore.ObjectStore: Removed COLUMN_STATS_ACCURATE from Table's parameters.
2024-04-24T00:52:23,904  INFO [main] metastore.HMSHandler: Skipping translation for processor with null
2024-04-24T00:52:23,904  INFO [main] parse.CalcitePlanner: Get metadata for subqueries
2024-04-24T00:52:23,904  INFO [main] parse.CalcitePlanner: Get metadata for destination tables
2024-04-24T00:52:23,905  INFO [main] parse.CalcitePlanner: Completed getting MetaData in Semantic Analysis
2024-04-24T00:52:23,918  INFO [main] HiveMetaStore.audit: ugi=alex	ip=unknown-ip-addr	cmd=get_all_table_constraints : tbl=hive.default.t	
2024-04-24T00:52:23,928  INFO [main] calcite.RelOptHiveTable: Calculating column statistics for default.t, projIndxSet: [0, 1], allowMissingStats: true
2024-04-24T00:52:23,928  INFO [main] HiveMetaStore.audit: ugi=alex	ip=unknown-ip-addr	cmd=get_table : tbl=hive.default.t	
2024-04-24T00:52:23,938  INFO [main] metastore.HMSHandler: Skipping translation for processor with null
2024-04-24T00:52:23,938  INFO [main] HiveMetaStore.audit: ugi=alex	ip=unknown-ip-addr	cmd=get_table : tbl=hive.default.t	
2024-04-24T00:52:23,948  INFO [main] metastore.HMSHandler: Skipping translation for processor with null
2024-04-24T00:52:23,948  INFO [main] HiveMetaStore.audit: ugi=alex	ip=unknown-ip-addr	cmd=get_table_statistics_req: table=hive.default.t	
2024-04-24T00:52:23,957  WARN [main] calcite.RelOptHiveTable: No Stats for default@t, Columns: a, b
No Stats for default@t, Columns: a, b
2024-04-24T00:52:23,957  INFO [main] SessionState: No Stats for default@t, Columns: a, b
2024-04-24T00:52:24,005  INFO [main] parse.CalcitePlanner: Get metadata for source tables
2024-04-24T00:52:24,006  INFO [main] parse.CalcitePlanner: Get metadata for subqueries
2024-04-24T00:52:24,006  INFO [main] parse.CalcitePlanner: Get metadata for destination tables
2024-04-24T00:52:24,007  INFO [main] common.FileUtils: Creating directory if it doesn't exist: file:/home/alex/Repositories/hive/ql/target/tmp/localscratchdir/a1d20ac2-9a3d-42c6-8746-dfa637cead46/hive_2024-04-24_00-52-23_890_545863303038152002-1/-mr-10001/.hive-staging_hive_2024-04-24_00-52-23_890_545863303038152002-1
2024-04-24T00:52:24,014  INFO [main] parse.CalcitePlanner: CBO Succeeded; optimized logical plan.
2024-04-24T00:52:24,017  INFO [main] optimizer.ColumnPrunerProcFactory: RS 2 oldColExprMap: {VALUE._col1=Column[_col2], VALUE._col0=Column[_col1], VALUE._col2=Column[_col3], KEY.reducesinkkey0=Column[_col0]}
2024-04-24T00:52:24,017  INFO [main] optimizer.ColumnPrunerProcFactory: RS 2 newColExprMap: {VALUE._col0=Column[_col1], VALUE._col2=Column[_col3], VALUE._col1=Column[_col2], KEY.reducesinkkey0=Column[_col0]}
2024-04-24T00:52:24,018  INFO [main] optimizer.BucketVersionPopulator: not considering bucketingVersion for: TS[0] because it has -1<2 buckets 
2024-04-24T00:52:24,018  INFO [main] optimizer.SortedDynPartitionOptimizer: Sorted dynamic partitioning optimization kicked in..
2024-04-24T00:52:24,027  INFO [main] physical.Vectorizer: Examining input format to see if vectorization is enabled.
2024-04-24T00:52:24,027  INFO [main] physical.Vectorizer: Vectorization is enabled for input format(s) [org.apache.hadoop.hive.ql.io.orc.OrcInputFormat]
2024-04-24T00:52:24,027  INFO [main] physical.Vectorizer: Validating and vectorizing MapWork... (vectorizedVertexNum 0)
2024-04-24T00:52:24,028  INFO [main] physical.Vectorizer: Map vectorization enabled: true
2024-04-24T00:52:24,028  INFO [main] physical.Vectorizer: Map vectorized: false
2024-04-24T00:52:24,028  INFO [main] physical.Vectorizer: Map notVectorizedReason: Select expression for SELECT operator: Virtual column INPUT__FILE__NAME is not supported
2024-04-24T00:52:24,028  INFO [main] physical.Vectorizer: Map vectorizedVertexNum: 0
2024-04-24T00:52:24,028  INFO [main] physical.Vectorizer: Map enabledConditionsMet: [hive.vectorized.use.vectorized.input.format IS true]
2024-04-24T00:52:24,028  INFO [main] physical.Vectorizer: Map inputFileFormatClassNameSet: [org.apache.hadoop.hive.ql.io.orc.OrcInputFormat]
2024-04-24T00:52:24,028  INFO [main] physical.Vectorizer: Reduce vectorization enabled: false
2024-04-24T00:52:24,028  INFO [main] physical.Vectorizer: Reduce vectorized: false
2024-04-24T00:52:24,028  INFO [main] physical.Vectorizer: Reduce vectorizedVertexNum: 1
2024-04-24T00:52:24,028  INFO [main] physical.Vectorizer: Reducer hive.vectorized.execution.reduce.enabled: true
2024-04-24T00:52:24,028  INFO [main] physical.Vectorizer: Reducer engine: mr
2024-04-24T00:52:24,028  INFO [main] parse.CalcitePlanner: Completed plan generation
2024-04-24T00:52:24,028  INFO [main] parse.CalcitePlanner: Ending caching scope for: 
2024-04-24T00:52:24,028  INFO [main] ql.Driver: Semantic Analysis Completed (retrial = false)
2024-04-24T00:52:24,028  INFO [main] ql.Driver: Created Hive schema: Schema(fieldSchemas:[FieldSchema(name:row__id, type:struct<writeid:bigint,bucketid:int,rowid:bigint>, comment:null), FieldSchema(name:a, type:int, comment:null), FieldSchema(name:b, type:int, comment:null), FieldSchema(name:input__file__name, type:string, comment:null)], properties:null)
2024-04-24T00:52:24,029  INFO [main] exec.ListSinkOperator: Initializing Operator: LIST_SINK[5]
2024-04-24T00:52:24,029  INFO [main] metadata.Hive: Dumping metastore api call timing information for : compilation phase
2024-04-24T00:52:24,029  INFO [main] metadata.Hive: Total time spent in each metastore function (ms): {getTable_(GetTableRequest)=7, getTableColumnStatistics_(String, String, List, String)=28, getAllTableConstraints_(AllTableConstraintsRequest)=5, commitTxn_(CommitTxnRequest)=14, isCompatibleWith_(Configuration)=0, getValidWriteIds_(List, String)=3, openTxn_(String, TxnType)=3, getValidTxns_(long)=0, flushCache_()=0}
2024-04-24T00:52:24,030  INFO [main] ql.Driver: Completed compiling command(queryId=alex_20240424005223_c687b70d-6071-43fb-a858-460d30276ddc); Time taken: 0.139 seconds
2024-04-24T00:52:24,030  INFO [main] lockmgr.DbTxnManager: Setting lock request transaction to txnid:20 for queryId=alex_20240424005223_c687b70d-6071-43fb-a858-460d30276ddc
2024-04-24T00:52:24,030  INFO [main] lockmgr.DbLockManager: Requesting lock for queryId=alex_20240424005223_c687b70d-6071-43fb-a858-460d30276ddc
2024-04-24T00:52:24,045  INFO [main] lockmgr.DbLockManager: Response to queryId=alex_20240424005223_c687b70d-6071-43fb-a858-460d30276ddc LockResponse(lockid:13, state:ACQUIRED)
2024-04-24T00:52:24,045  INFO [main] ql.Driver: Operation QUERY obtained 1 locks
2024-04-24T00:52:24,046  INFO [main] ql.Driver: Executing command(queryId=alex_20240424005223_c687b70d-6071-43fb-a858-460d30276ddc): select ROW__ID, a, b, INPUT__FILE__NAME from T order by ROW__ID
2024-04-24T00:52:24,046  WARN [main] ql.Driver: Hive-on-MR is deprecated in Hive 2 and may not be available in the future versions. Consider using a different execution engine (i.e. tez, spark) or using Hive 1.X releases.
Query ID = alex_20240424005223_c687b70d-6071-43fb-a858-460d30276ddc
2024-04-24T00:52:24,046  INFO [main] ql.Driver: Query ID = alex_20240424005223_c687b70d-6071-43fb-a858-460d30276ddc
Total jobs = 1
2024-04-24T00:52:24,046  INFO [main] ql.Driver: Total jobs = 1
Launching Job 1 out of 1
2024-04-24T00:52:24,046  INFO [main] ql.Driver: Launching Job 1 out of 1
2024-04-24T00:52:24,205  INFO [main] ql.Driver: Starting task [Stage-1:MAPRED] in serial mode
Number of reduce tasks determined at compile time: 1
2024-04-24T00:52:24,205  INFO [main] exec.Task: Number of reduce tasks determined at compile time: 1
In order to change the average load for a reducer (in bytes):
2024-04-24T00:52:24,205  INFO [main] exec.Task: In order to change the average load for a reducer (in bytes):
  set hive.exec.reducers.bytes.per.reducer=<number>
2024-04-24T00:52:24,205  INFO [main] exec.Task:   set hive.exec.reducers.bytes.per.reducer=<number>
In order to limit the maximum number of reducers:
2024-04-24T00:52:24,205  INFO [main] exec.Task: In order to limit the maximum number of reducers:
  set hive.exec.reducers.max=<number>
2024-04-24T00:52:24,205  INFO [main] exec.Task:   set hive.exec.reducers.max=<number>
In order to set a constant number of reducers:
2024-04-24T00:52:24,205  INFO [main] exec.Task: In order to set a constant number of reducers:
  set mapreduce.job.reduces=<number>
2024-04-24T00:52:24,205  INFO [main] exec.Task:   set mapreduce.job.reduces=<number>
2024-04-24T00:52:24,207  INFO [main] mr.ExecDriver: Using org.apache.hadoop.hive.ql.io.HiveInputFormat
2024-04-24T00:52:24,207  INFO [main] exec.Utilities: Processing alias t
2024-04-24T00:52:24,208  INFO [main] exec.Utilities: Adding 1 inputs; the first input is file:/home/alex/Repositories/hive/ql/target/tmp/org.apache.hadoop.hive.ql.TestTxnExIm-1713945026909/warehouse/t
2024-04-24T00:52:24,217  INFO [main] exec.SerializationUtilities: Serializing MapWork using kryo
2024-04-24T00:52:24,218  INFO [main] exec.Utilities: Serialized plan (via FILE) - name: null size: 5,01KB
2024-04-24T00:52:24,222  INFO [main] exec.SerializationUtilities: Serializing ReduceWork using kryo
2024-04-24T00:52:24,223  INFO [main] exec.Utilities: Serialized plan (via FILE) - name: null size: 5,99KB
2024-04-24T00:52:24,224  WARN [main] impl.MetricsSystemImpl: JobTracker metrics system already initialized!
2024-04-24T00:52:24,230  WARN [main] impl.MetricsSystemImpl: JobTracker metrics system already initialized!
2024-04-24T00:52:24,237  WARN [main] mapreduce.JobResourceUploader: Hadoop command-line option parsing not performed. Implement the Tool interface and execute your application with ToolRunner to remedy this.
2024-04-24T00:52:24,242  WARN [main] mapreduce.JobResourceUploader: No job jar file set.  User classes may not be found. See Job or Job#setJar(String).
2024-04-24T00:52:24,243  INFO [main] io.HiveInputFormat: hive.io.file.readcolumn.ids = 0,1
2024-04-24T00:52:24,243  INFO [main] io.HiveInputFormat: hive.io.file.readcolumn.names = a,b
2024-04-24T00:52:24,243  INFO [main] io.HiveInputFormat: Generating splits for dirs: file:/home/alex/Repositories/hive/ql/target/tmp/org.apache.hadoop.hive.ql.TestTxnExIm-1713945026909/warehouse/t
2024-04-24T00:52:24,243  INFO [main] orc.OrcInputFormat: getSplits started
2024-04-24T00:52:24,243  INFO [main] orc.OrcInputFormat: Context:: isAcid: true isVectorMode: false sarg: null minSplitSize: 1 maxSplitSize: 256000000 splitStrategy: HYBRID footerInSplits: false numBuckets: 0 numThreads: 10 cacheMemSize: 268435456 cacheStripeDetails: true useSoftReference: false writeIdList: default.t:1:9223372036854775807:: isTransactionalTable: true txnProperties: default 
2024-04-24T00:52:24,243  INFO [main] orc.OrcInputFormat: ORC pushdown predicate: null
2024-04-24T00:52:24,250  INFO [main] orc.OrcInputFormat: FooterCacheHitRatio: 0/1
2024-04-24T00:52:24,250  INFO [main] orc.OrcInputFormat: getSplits finished (#splits: 1). duration: 7 ms
2024-04-24T00:52:24,250  INFO [main] io.HiveInputFormat: number of splits 1
2024-04-24T00:52:24,268  INFO [main] mapreduce.JobSubmitter: number of splits:1
2024-04-24T00:52:24,286  INFO [main] mapreduce.JobSubmitter: Submitting tokens for job: job_local60663431_0046
2024-04-24T00:52:24,286  INFO [main] mapreduce.JobSubmitter: Executing with tokens: []
2024-04-24T00:52:24,348  INFO [main] mapreduce.Job: The url to track the job: http://localhost:8080/
Job running in-process (local Hadoop)
2024-04-24T00:52:24,348  INFO [main] exec.Task: Job running in-process (local Hadoop)
2024-04-24T00:52:24,348  INFO [Thread-3320] mapred.LocalJobRunner: OutputCommitter set in config org.apache.hadoop.hive.ql.io.HiveFileFormatUtils$NullOutputCommitter
2024-04-24T00:52:24,349  INFO [Thread-3320] mapred.LocalJobRunner: OutputCommitter is org.apache.hadoop.hive.ql.io.HiveFileFormatUtils$NullOutputCommitter
2024-04-24T00:52:24,350  INFO [Thread-3320] mapred.LocalJobRunner: Waiting for map tasks
2024-04-24T00:52:24,350  INFO [LocalJobRunner Map Task Executor #0] mapred.LocalJobRunner: Starting task: attempt_local60663431_0046_m_000000_0
2024-04-24T00:52:24,351  INFO [LocalJobRunner Map Task Executor #0] mapred.Task:  Using ResourceCalculatorProcessTree : [ ]
2024-04-24T00:52:24,352  INFO [LocalJobRunner Map Task Executor #0] mapred.MapTask: Processing split: org.apache.hadoop.hive.ql.io.orc.OrcInputFormat:OrcSplit [file:/home/alex/Repositories/hive/ql/target/tmp/org.apache.hadoop.hive.ql.TestTxnExIm-1713945026909/warehouse/t/delta_0000001_0000001_0000/000000_0, start=3, length=112, isOriginal=true, fileLength=256, hasFooter=false, hasBase=true, deltas=0]
2024-04-24T00:52:24,352  INFO [LocalJobRunner Map Task Executor #0] exec.SerializationUtilities: Deserializing MapWork using kryo
2024-04-24T00:52:24,353  INFO [LocalJobRunner Map Task Executor #0] exec.Utilities: Deserialized plan (via FILE) - name: null size: 5,01KB
2024-04-24T00:52:24,354  INFO [LocalJobRunner Map Task Executor #0] orc.OrcRawRecordMerger: min key = null, max key = null
2024-04-24T00:52:24,355  INFO [LocalJobRunner Map Task Executor #0] orc.ReaderImpl: Reading ORC rows from file:/home/alex/Repositories/hive/ql/target/tmp/org.apache.hadoop.hive.ql.TestTxnExIm-1713945026909/warehouse/t/delta_0000001_0000001_0000/000000_0 with {include: [true, true, true], offset: 3, length: 112, schema: struct<a:int,b:int>, includeAcidColumns: true}
2024-04-24T00:52:24,359  INFO [LocalJobRunner Map Task Executor #0] orc.OrcRawRecordMerger: updated min key = null, max key = null
2024-04-24T00:52:24,359  INFO [LocalJobRunner Map Task Executor #0] mapred.MapTask: numReduceTasks: 1
2024-04-24T00:52:24,364  INFO [LocalJobRunner Map Task Executor #0] mapred.MapTask: (EQUATOR) 0 kvi 26214396(104857584)
2024-04-24T00:52:24,364  INFO [LocalJobRunner Map Task Executor #0] mapred.MapTask: mapreduce.task.io.sort.mb: 100
2024-04-24T00:52:24,364  INFO [LocalJobRunner Map Task Executor #0] mapred.MapTask: soft limit at 83886080
2024-04-24T00:52:24,364  INFO [LocalJobRunner Map Task Executor #0] mapred.MapTask: bufstart = 0; bufvoid = 104857600
2024-04-24T00:52:24,364  INFO [LocalJobRunner Map Task Executor #0] mapred.MapTask: kvstart = 26214396; length = 6553600
2024-04-24T00:52:24,365  INFO [LocalJobRunner Map Task Executor #0] mapred.MapTask: Map output collector class = org.apache.hadoop.mapred.MapTask$MapOutputBuffer
2024-04-24T00:52:24,365  INFO [LocalJobRunner Map Task Executor #0] exec.MapOperator: Initializing Operator: MAP[0]
2024-04-24T00:52:24,366  INFO [LocalJobRunner Map Task Executor #0] mr.ExecMapper: 
<MAP>Id =0
  <Children>null
  <\Children>
  <Parent><\Parent>
<\MAP>
2024-04-24T00:52:24,367  INFO [LocalJobRunner Map Task Executor #0] exec.TableScanOperator: Initializing Operator: TS[0]
2024-04-24T00:52:24,367  INFO [LocalJobRunner Map Task Executor #0] exec.SelectOperator: Initializing Operator: SEL[1]
2024-04-24T00:52:24,367  INFO [LocalJobRunner Map Task Executor #0] exec.SelectOperator: SELECT struct<a:int,b:int,row__id:struct<writeid:bigint,bucketid:int,rowid:bigint>,input__file__name:string>
2024-04-24T00:52:24,367  INFO [LocalJobRunner Map Task Executor #0] exec.ReduceSinkOperator: Initializing Operator: RS[2]
2024-04-24T00:52:24,367  INFO [LocalJobRunner Map Task Executor #0] exec.ReduceSinkOperator: Using tag = -1
2024-04-24T00:52:24,367  INFO [LocalJobRunner Map Task Executor #0] exec.ReduceSinkOperator: keys are [reducesinkkey0] num distributions: 1
2024-04-24T00:52:24,368  INFO [LocalJobRunner Map Task Executor #0] exec.ReduceSinkOperator: RS[2]: records written - 1
2024-04-24T00:52:24,368  INFO [LocalJobRunner Map Task Executor #0] exec.MapOperator: MAP[0]: records read - 1
2024-04-24T00:52:24,368  INFO [LocalJobRunner Map Task Executor #0] exec.MapOperator: Closing Operator: MAP[0]
2024-04-24T00:52:24,368  INFO [LocalJobRunner Map Task Executor #0] exec.MapOperator: MAP[0]: Total records read - 3. abort - false
2024-04-24T00:52:24,368  INFO [LocalJobRunner Map Task Executor #0] exec.MapOperator: RECORDS_IN:3, RECORDS_OUT_OPERATOR_MAP_0:0, RECORDS_OUT_INTERMEDIATE:0, DESERIALIZE_ERRORS:0, 
2024-04-24T00:52:24,368  INFO [LocalJobRunner Map Task Executor #0] exec.TableScanOperator: Closing Operator: TS[0]
2024-04-24T00:52:24,368  INFO [LocalJobRunner Map Task Executor #0] exec.TableScanOperator: RECORDS_OUT_INTERMEDIATE:0, RECORDS_OUT_OPERATOR_TS_0:3, 
2024-04-24T00:52:24,368  INFO [LocalJobRunner Map Task Executor #0] exec.SelectOperator: Closing Operator: SEL[1]
2024-04-24T00:52:24,368  INFO [LocalJobRunner Map Task Executor #0] exec.SelectOperator: RECORDS_OUT_OPERATOR_SEL_1:3, RECORDS_OUT_INTERMEDIATE:0, 
2024-04-24T00:52:24,368  INFO [LocalJobRunner Map Task Executor #0] exec.ReduceSinkOperator: Closing Operator: RS[2]
2024-04-24T00:52:24,368  INFO [LocalJobRunner Map Task Executor #0] exec.ReduceSinkOperator: RS[2]: Total records written - 3. abort - false
2024-04-24T00:52:24,368  INFO [LocalJobRunner Map Task Executor #0] exec.ReduceSinkOperator: RECORDS_OUT_INTERMEDIATE:3, RECORDS_OUT_OPERATOR_RS_2:3, 
2024-04-24T00:52:24,369  INFO [LocalJobRunner Map Task Executor #0] mapred.LocalJobRunner: 
2024-04-24T00:52:24,369  INFO [LocalJobRunner Map Task Executor #0] mapred.MapTask: Starting flush of map output
2024-04-24T00:52:24,369  INFO [LocalJobRunner Map Task Executor #0] mapred.MapTask: Spilling map output
2024-04-24T00:52:24,369  INFO [LocalJobRunner Map Task Executor #0] mapred.MapTask: bufstart = 0; bufend = 555; bufvoid = 104857600
2024-04-24T00:52:24,369  INFO [LocalJobRunner Map Task Executor #0] mapred.MapTask: kvstart = 26214396(104857584); kvend = 26214388(104857552); length = 9/6553600
2024-04-24T00:52:24,379  INFO [LocalJobRunner Map Task Executor #0] mapred.MapTask: Finished spill 0
2024-04-24T00:52:24,382  INFO [LocalJobRunner Map Task Executor #0] mapred.Task: Task:attempt_local60663431_0046_m_000000_0 is done. And is in the process of committing
2024-04-24T00:52:24,383  INFO [LocalJobRunner Map Task Executor #0] mapred.LocalJobRunner: OrcSplit [file:/home/alex/Repositories/hive/ql/target/tmp/org.apache.hadoop.hive.ql.TestTxnExIm-1713945026909/warehouse/t/delta_0000001_0000001_0000/000000_0, start=3, length=112, isOriginal=true, fileLength=256, hasFooter=false, hasBase=true, deltas=0]
2024-04-24T00:52:24,383  INFO [LocalJobRunner Map Task Executor #0] mapred.Task: Task 'attempt_local60663431_0046_m_000000_0' done.
2024-04-24T00:52:24,383  INFO [LocalJobRunner Map Task Executor #0] mapred.Task: Final Counters for attempt_local60663431_0046_m_000000_0: Counters: 24
	File System Counters
		FILE: Number of bytes read=806853
		FILE: Number of bytes written=53739386
		FILE: Number of read operations=0
		FILE: Number of large read operations=0
		FILE: Number of write operations=0
	Map-Reduce Framework
		Map input records=3
		Map output records=3
		Map output bytes=555
		Map output materialized bytes=570
		Input split bytes=469
		Combine input records=0
		Spilled Records=3
		Failed Shuffles=0
		Merged Map outputs=0
		GC time elapsed (ms)=0
		Total committed heap usage (bytes)=1188036608
	HIVE
		DESERIALIZE_ERRORS=0
		RECORDS_IN=3
		RECORDS_OUT_INTERMEDIATE=3
		RECORDS_OUT_OPERATOR_MAP_0=0
		RECORDS_OUT_OPERATOR_RS_2=3
		RECORDS_OUT_OPERATOR_SEL_1=3
		RECORDS_OUT_OPERATOR_TS_0=3
	File Input Format Counters 
		Bytes Read=6144
2024-04-24T00:52:24,383  INFO [LocalJobRunner Map Task Executor #0] mapred.LocalJobRunner: Finishing task: attempt_local60663431_0046_m_000000_0
2024-04-24T00:52:24,383  INFO [Thread-3320] mapred.LocalJobRunner: map task executor complete.
2024-04-24T00:52:24,384  INFO [Thread-3320] mapred.LocalJobRunner: Waiting for reduce tasks
2024-04-24T00:52:24,384  INFO [pool-199-thread-1] mapred.LocalJobRunner: Starting task: attempt_local60663431_0046_r_000000_0
2024-04-24T00:52:24,385  INFO [pool-199-thread-1] mapred.Task:  Using ResourceCalculatorProcessTree : [ ]
2024-04-24T00:52:24,385  INFO [pool-199-thread-1] mapred.ReduceTask: Using ShuffleConsumerPlugin: org.apache.hadoop.mapreduce.task.reduce.Shuffle@6b5958b5
2024-04-24T00:52:24,385  WARN [pool-199-thread-1] impl.MetricsSystemImpl: JobTracker metrics system already initialized!
2024-04-24T00:52:24,386  INFO [pool-199-thread-1] reduce.MergeManagerImpl: MergerManager: memoryLimit=1336252800, maxSingleShuffleLimit=334063200, mergeThreshold=881926912, ioSortFactor=10, memToMemMergeOutputsThreshold=10
2024-04-24T00:52:24,386  INFO [EventFetcher for fetching Map Completion Events] reduce.EventFetcher: attempt_local60663431_0046_r_000000_0 Thread started: EventFetcher for fetching Map Completion Events
2024-04-24T00:52:24,389  INFO [localfetcher#31] reduce.LocalFetcher: localfetcher#31 about to shuffle output of map attempt_local60663431_0046_m_000000_0 decomp: 566 len: 570 to MEMORY
2024-04-24T00:52:24,389  INFO [localfetcher#31] reduce.InMemoryMapOutput: Read 566 bytes from map-output for attempt_local60663431_0046_m_000000_0
2024-04-24T00:52:24,389  INFO [localfetcher#31] reduce.MergeManagerImpl: closeInMemoryFile -> map-output of size: 566, inMemoryMapOutputs.size() -> 1, commitMemory -> 0, usedMemory ->566
2024-04-24T00:52:24,390  INFO [EventFetcher for fetching Map Completion Events] reduce.EventFetcher: EventFetcher is interrupted.. Returning
2024-04-24T00:52:24,390  INFO [pool-199-thread-1] mapred.LocalJobRunner: 1 / 1 copied.
2024-04-24T00:52:24,390  INFO [pool-199-thread-1] reduce.MergeManagerImpl: finalMerge called with 1 in-memory map-outputs and 0 on-disk map-outputs
2024-04-24T00:52:24,396  INFO [pool-199-thread-1] mapred.Merger: Merging 1 sorted segments
2024-04-24T00:52:24,396  INFO [pool-199-thread-1] mapred.Merger: Down to the last merge-pass, with 1 segments left of total size: 534 bytes
2024-04-24T00:52:24,399  INFO [pool-199-thread-1] reduce.MergeManagerImpl: Merged 1 segments, 566 bytes to disk to satisfy reduce memory limit
2024-04-24T00:52:24,399  INFO [pool-199-thread-1] reduce.MergeManagerImpl: Merging 1 files, 570 bytes from disk
2024-04-24T00:52:24,399  INFO [pool-199-thread-1] reduce.MergeManagerImpl: Merging 0 segments, 0 bytes from memory into reduce
2024-04-24T00:52:24,399  INFO [pool-199-thread-1] mapred.Merger: Merging 1 sorted segments
2024-04-24T00:52:24,399  INFO [pool-199-thread-1] mapred.Merger: Down to the last merge-pass, with 1 segments left of total size: 534 bytes
2024-04-24T00:52:24,399  INFO [pool-199-thread-1] mapred.LocalJobRunner: 1 / 1 copied.
2024-04-24T00:52:24,400  INFO [pool-199-thread-1] exec.SerializationUtilities: Deserializing ReduceWork using kryo
2024-04-24T00:52:24,400  INFO [pool-199-thread-1] exec.Utilities: Deserialized plan (via FILE) - name: null size: 5,99KB
2024-04-24T00:52:24,401  INFO [pool-199-thread-1] ExecReducer: 
<SEL>Id =3
  <Children>
    <FS>Id =4
      <Children>
      <\Children>
      <Parent>Id = 3 null<\Parent>
    <\FS>
  <\Children>
  <Parent><\Parent>
<\SEL>
2024-04-24T00:52:24,401  INFO [pool-199-thread-1] exec.SelectOperator: Initializing Operator: SEL[3]
2024-04-24T00:52:24,401  INFO [pool-199-thread-1] exec.SelectOperator: SELECT struct<key:struct<reducesinkkey0:struct<writeid:bigint,bucketid:int,rowid:bigint>>,value:struct<_col0:int,_col1:int,_col2:string>>
2024-04-24T00:52:24,401  INFO [pool-199-thread-1] exec.FileSinkOperator: Initializing Operator: FS[4]
2024-04-24T00:52:24,401  INFO [pool-199-thread-1] exec.FileSinkOperator: Using serializer : class org.apache.hadoop.hive.serde2.lazy.LazySimpleSerDe [serdeParams=org.apache.hadoop.hive.serde2.lazy.LazySerDeParameters@669e8e68, cachedObjectInspector=org.apache.hadoop.hive.serde2.lazy.objectinspector.LazySimpleStructObjectInspector<org.apache.hadoop.hive.serde2.lazy.objectinspector.LazySimpleStructObjectInspector<org.apache.hadoop.hive.serde2.lazy.objectinspector.primitive.LazyLongObjectInspector@ee9fce9,org.apache.hadoop.hive.serde2.lazy.objectinspector.primitive.LazyIntObjectInspector@69f69078,org.apache.hadoop.hive.serde2.lazy.objectinspector.primitive.LazyLongObjectInspector@ee9fce9>,org.apache.hadoop.hive.serde2.lazy.objectinspector.primitive.LazyIntObjectInspector@69f69078,org.apache.hadoop.hive.serde2.lazy.objectinspector.primitive.LazyIntObjectInspector@69f69078,org.apache.hadoop.hive.serde2.lazy.objectinspector.primitive.LazyStringObjectInspector@d65ba64>, serializedSize=0, stats=org.apache.hadoop.hive.serde2.SerDeStats@40c2f6ff, lastOperationSerialize=false, lastOperationDeserialize=false [1, 2, 3, 4, 5, 6, 7, 8, 11, 14, 15, 16, 17, 18, 19, 20, 21, 22, 23, 24, 25, 26, 28, 29, 30, 31, -128, -127, -126, -125, -124, -123, -122, -121, -120, -119, -118, -117, -116, -115, -114, -113, -112, -111, -110, -109, -108, -107, -106, -105, -104, -103, -102, -101, -100, -99, -98, -97, -96, -95, -94, -93, -92, -91, -90, -89, -88, -87, -86, -85, -84, -83, -82, -81, -80, -79, -78, -77, -76, -75, -74, -73, -72, -71, -70, -69, -68, -67, -66, -65, -64, -63, -62, -61, -60, -59, -58, -57, -56, -55, -54, -53, -52, -51, -50, -49, -48, -47, -46, -45, -44, -43, -42, -41, -40, -39, -38, -37, -36, -35, -34, -33, -32, -31, -30, -29, -28, -27, -26, -25, -24, -23, -22, -21, -20, -19, -18, -17, -16, -15, -14, -13, -12, -11, -10, -9, -8, -7, -6, -5, -4, -3, -2, -1] : [_col0, _col1, _col2, _col3] : [struct<writeid:bigint,bucketid:int,rowid:bigint>, int, int, string]] and formatter : org.apache.hadoop.hive.ql.io.HiveSequenceFileOutputFormat@2cda41da
2024-04-24T00:52:24,402  INFO [pool-199-thread-1] exec.FileSinkOperator: Final Path: FS file:/home/alex/Repositories/hive/ql/target/tmp/localscratchdir/a1d20ac2-9a3d-42c6-8746-dfa637cead46/hive_2024-04-24_00-52-23_890_545863303038152002-1/-mr-10001/.hive-staging_hive_2024-04-24_00-52-23_890_545863303038152002-1/_tmp.-ext-10002/000000_0
2024-04-24T00:52:24,402  INFO [pool-199-thread-1] exec.FileSinkOperator: Writing to temp file: FS file:/home/alex/Repositories/hive/ql/target/tmp/localscratchdir/a1d20ac2-9a3d-42c6-8746-dfa637cead46/hive_2024-04-24_00-52-23_890_545863303038152002-1/-mr-10001/.hive-staging_hive_2024-04-24_00-52-23_890_545863303038152002-1/_task_tmp.-ext-10002/_tmp.000000_0
2024-04-24T00:52:24,402  INFO [pool-199-thread-1] exec.FileSinkOperator: New Final Path: FS file:/home/alex/Repositories/hive/ql/target/tmp/localscratchdir/a1d20ac2-9a3d-42c6-8746-dfa637cead46/hive_2024-04-24_00-52-23_890_545863303038152002-1/-mr-10001/.hive-staging_hive_2024-04-24_00-52-23_890_545863303038152002-1/_tmp.-ext-10002/000000_0
2024-04-24T00:52:24,408  INFO [pool-199-thread-1] exec.FileSinkOperator: FS[4]: records written - 1
2024-04-24T00:52:24,408  INFO [pool-199-thread-1] exec.SelectOperator: Closing Operator: SEL[3]
2024-04-24T00:52:24,409  INFO [pool-199-thread-1] exec.SelectOperator: RECORDS_OUT_OPERATOR_SEL_3:3, RECORDS_OUT_INTERMEDIATE:0, 
2024-04-24T00:52:24,409  INFO [pool-199-thread-1] exec.FileSinkOperator: Closing Operator: FS[4]
2024-04-24T00:52:24,409  INFO [pool-199-thread-1] exec.FileSinkOperator: FS[4]: records written - 3
2024-04-24T00:52:24,409  INFO [pool-199-thread-1] exec.FileSinkOperator: RECORDS_OUT_0:3, RECORDS_OUT_OPERATOR_FS_4:3, RECORDS_OUT_INTERMEDIATE:0, 
2024-04-24T00:52:24,409  INFO [pool-199-thread-1] mapred.Task: Task:attempt_local60663431_0046_r_000000_0 is done. And is in the process of committing
2024-04-24T00:52:24,410  INFO [pool-199-thread-1] mapred.LocalJobRunner: reduce > reduce
2024-04-24T00:52:24,410  INFO [pool-199-thread-1] mapred.Task: Task 'attempt_local60663431_0046_r_000000_0' done.
2024-04-24T00:52:24,410  INFO [pool-199-thread-1] mapred.Task: Final Counters for attempt_local60663431_0046_r_000000_0: Counters: 29
	File System Counters
		FILE: Number of bytes read=814075
		FILE: Number of bytes written=53740596
		FILE: Number of read operations=0
		FILE: Number of large read operations=0
		FILE: Number of write operations=0
	Map-Reduce Framework
		Combine input records=0
		Combine output records=0
		Reduce input groups=3
		Reduce shuffle bytes=570
		Reduce input records=3
		Reduce output records=0
		Spilled Records=3
		Shuffled Maps =1
		Failed Shuffles=0
		Merged Map outputs=1
		GC time elapsed (ms)=0
		Total committed heap usage (bytes)=1188036608
	HIVE
		CREATED_FILES=1
		RECORDS_OUT_0=3
		RECORDS_OUT_INTERMEDIATE=0
		RECORDS_OUT_OPERATOR_FS_4=3
		RECORDS_OUT_OPERATOR_SEL_3=3
	Shuffle Errors
		BAD_ID=0
		CONNECTION=0
		IO_ERROR=0
		WRONG_LENGTH=0
		WRONG_MAP=0
		WRONG_REDUCE=0
	File Output Format Counters 
		Bytes Written=0
2024-04-24T00:52:24,410  INFO [pool-199-thread-1] mapred.LocalJobRunner: Finishing task: attempt_local60663431_0046_r_000000_0
2024-04-24T00:52:24,410  INFO [Thread-3320] mapred.LocalJobRunner: reduce task executor complete.
2024-04-24 00:52:25,349 Stage-1 map = 100%,  reduce = 100%
2024-04-24T00:52:25,349  INFO [main] exec.Task: 2024-04-24 00:52:25,349 Stage-1 map = 100%,  reduce = 100%
Ended Job = job_local60663431_0046
2024-04-24T00:52:25,350  INFO [main] exec.Task: Ended Job = job_local60663431_0046
2024-04-24T00:52:25,351  INFO [main] metadata.Hive: Dumping metastore api call timing information for : execution phase
2024-04-24T00:52:25,352  INFO [main] metadata.Hive: Total time spent in each metastore function (ms): {}
MapReduce Jobs Launched: 
2024-04-24T00:52:25,352  INFO [main] ql.Driver: MapReduce Jobs Launched: 
Stage-Stage-1:  HDFS Read: 0 HDFS Write: 0 SUCCESS
2024-04-24T00:52:25,352  INFO [main] ql.Driver: Stage-Stage-1:  HDFS Read: 0 HDFS Write: 0 SUCCESS
Total MapReduce CPU Time Spent: 0 msec
2024-04-24T00:52:25,352  INFO [main] ql.Driver: Total MapReduce CPU Time Spent: 0 msec
2024-04-24T00:52:25,352  INFO [main] ql.Driver: Completed executing command(queryId=alex_20240424005223_c687b70d-6071-43fb-a858-460d30276ddc); Time taken: 1.305 seconds
2024-04-24T00:52:25,352  INFO [main] lockmgr.DbTxnManager: Stopped heartbeat for query: alex_20240424005223_c687b70d-6071-43fb-a858-460d30276ddc
2024-04-24T00:52:25,356  INFO [main] txn.TxnHandler: Expected to move at least one record from txn_components to completed_txn_components when committing txn! txnid:20
2024-04-24T00:52:25,364  INFO [main] txn.TxnHandler: Removed transactions: ([20]) from MIN_HISTORY_LEVEL
2024-04-24T00:52:25,364  WARN [main] txn.CompactionTxnHandler: No compaction queue record found for Compaction type transaction commit. txnId:20
2024-04-24T00:52:25,369  INFO [main] mapred.FileInputFormat: Total input files to process : 1
2024-04-24T00:52:25,370  INFO [main] exec.ListSinkOperator: Closing Operator: LIST_SINK[5]
2024-04-24T00:52:25,370  INFO [main] exec.ListSinkOperator: RECORDS_OUT_OPERATOR_LIST_SINK_5:3, RECORDS_OUT_INTERMEDIATE:0, 
2024-04-24T00:52:25,370  WARN [main] ql.TestTxnExIm: testImport: read data(import existing table): 
2024-04-24T00:52:25,370  INFO [main] ql.TestTxnExIm: {"writeid":1,"bucketid":536870912,"rowid":0}	1	2	file:/home/alex/Repositories/hive/ql/target/tmp/org.apache.hadoop.hive.ql.TestTxnExIm-1713945026909/warehouse/t/delta_0000001_0000001_0000/000000_0
{"writeid":1,"bucketid":536870912,"rowid":1}	3	4	file:/home/alex/Repositories/hive/ql/target/tmp/org.apache.hadoop.hive.ql.TestTxnExIm-1713945026909/warehouse/t/delta_0000001_0000001_0000/000000_0
{"writeid":1,"bucketid":536870912,"rowid":2}	5	6	file:/home/alex/Repositories/hive/ql/target/tmp/org.apache.hadoop.hive.ql.TestTxnExIm-1713945026909/warehouse/t/delta_0000001_0000001_0000/000000_0

2024-04-24T00:52:25,370  INFO [main] ql.TxnCommandsBaseForTests: Running the query: EXPLAIN VECTORIZATION DETAIL select ROW__ID, a, b, INPUT__FILE__NAME from T order by ROW__ID
2024-04-24T00:52:25,370  INFO [main] ql.Context: Deleting scratch dir: file:/home/alex/Repositories/hive/ql/target/tmp/localscratchdir/a1d20ac2-9a3d-42c6-8746-dfa637cead46/hive_2024-04-24_00-52-23_890_545863303038152002-1
2024-04-24T00:52:25,371  INFO [main] cleanup.SyncCleanupService: Deleted directory: file:/home/alex/Repositories/hive/ql/target/tmp/localscratchdir/a1d20ac2-9a3d-42c6-8746-dfa637cead46/hive_2024-04-24_00-52-23_890_545863303038152002-1 on fs with scheme file
2024-04-24T00:52:25,372  INFO [main] ql.Driver: Compiling command(queryId=alex_20240424005225_fe24d23d-062b-47af-8044-0b25d6849a1b): EXPLAIN VECTORIZATION DETAIL select ROW__ID, a, b, INPUT__FILE__NAME from T order by ROW__ID
2024-04-24T00:52:25,375  INFO [main] txn.TxnHandler: Added entries to MIN_HISTORY_LEVEL for current txns: ([21]) with min_open_txn: 21
2024-04-24T00:52:25,375  INFO [main] lockmgr.DbTxnManager: Opened txnid:21
2024-04-24T00:52:25,376  INFO [main] parse.CalcitePlanner: Starting Semantic Analysis
2024-04-24T00:52:25,379  INFO [main] parse.CalcitePlanner: Completed phase 1 of Semantic Analysis
2024-04-24T00:52:25,379  INFO [main] parse.CalcitePlanner: Get metadata for source tables
2024-04-24T00:52:25,380  INFO [main] HiveMetaStore.audit: ugi=alex	ip=unknown-ip-addr	cmd=get_table : tbl=hive.default.t	
2024-04-24T00:52:25,385  INFO [main] metastore.ObjectStore: Removed COLUMN_STATS_ACCURATE from Table's parameters.
2024-04-24T00:52:25,387  INFO [main] metastore.HMSHandler: Skipping translation for processor with null
2024-04-24T00:52:25,387  INFO [main] parse.CalcitePlanner: Get metadata for subqueries
2024-04-24T00:52:25,388  INFO [main] parse.CalcitePlanner: Get metadata for destination tables
2024-04-24T00:52:25,388  INFO [main] parse.CalcitePlanner: Completed getting MetaData in Semantic Analysis
2024-04-24T00:52:25,402  INFO [main] HiveMetaStore.audit: ugi=alex	ip=unknown-ip-addr	cmd=get_all_table_constraints : tbl=hive.default.t	
2024-04-24T00:52:25,412  INFO [main] calcite.RelOptHiveTable: Calculating column statistics for default.t, projIndxSet: [0, 1], allowMissingStats: true
2024-04-24T00:52:25,412  INFO [main] HiveMetaStore.audit: ugi=alex	ip=unknown-ip-addr	cmd=get_table : tbl=hive.default.t	
2024-04-24T00:52:25,423  INFO [main] metastore.HMSHandler: Skipping translation for processor with null
2024-04-24T00:52:25,424  INFO [main] HiveMetaStore.audit: ugi=alex	ip=unknown-ip-addr	cmd=get_table : tbl=hive.default.t	
2024-04-24T00:52:25,433  INFO [main] metastore.HMSHandler: Skipping translation for processor with null
2024-04-24T00:52:25,433  INFO [main] HiveMetaStore.audit: ugi=alex	ip=unknown-ip-addr	cmd=get_table_statistics_req: table=hive.default.t	
2024-04-24T00:52:25,442  WARN [main] calcite.RelOptHiveTable: No Stats for default@t, Columns: a, b
No Stats for default@t, Columns: a, b
2024-04-24T00:52:25,442  INFO [main] SessionState: No Stats for default@t, Columns: a, b
2024-04-24T00:52:25,492  INFO [main] parse.CalcitePlanner: Get metadata for source tables
2024-04-24T00:52:25,493  INFO [main] parse.CalcitePlanner: Get metadata for subqueries
2024-04-24T00:52:25,493  INFO [main] parse.CalcitePlanner: Get metadata for destination tables
2024-04-24T00:52:25,495  INFO [main] parse.CalcitePlanner: CBO Succeeded; optimized logical plan.
2024-04-24T00:52:25,497  INFO [main] optimizer.ColumnPrunerProcFactory: RS 2 oldColExprMap: {VALUE._col2=Column[_col3], VALUE._col0=Column[_col1], KEY.reducesinkkey0=Column[_col0], VALUE._col1=Column[_col2]}
2024-04-24T00:52:25,498  INFO [main] optimizer.ColumnPrunerProcFactory: RS 2 newColExprMap: {VALUE._col0=Column[_col1], VALUE._col2=Column[_col3], KEY.reducesinkkey0=Column[_col0], VALUE._col1=Column[_col2]}
2024-04-24T00:52:25,498  INFO [main] optimizer.BucketVersionPopulator: not considering bucketingVersion for: TS[0] because it has -1<2 buckets 
2024-04-24T00:52:25,502  INFO [main] optimizer.SortedDynPartitionOptimizer: Sorted dynamic partitioning optimization kicked in..
2024-04-24T00:52:25,513  INFO [main] physical.Vectorizer: Examining input format to see if vectorization is enabled.
2024-04-24T00:52:25,513  INFO [main] physical.Vectorizer: Vectorization is enabled for input format(s) [org.apache.hadoop.hive.ql.io.orc.OrcInputFormat]
2024-04-24T00:52:25,513  INFO [main] physical.Vectorizer: Validating and vectorizing MapWork... (vectorizedVertexNum 0)
2024-04-24T00:52:25,513  INFO [main] physical.Vectorizer: Map vectorization enabled: true
2024-04-24T00:52:25,513  INFO [main] physical.Vectorizer: Map vectorized: false
2024-04-24T00:52:25,513  INFO [main] physical.Vectorizer: Map notVectorizedReason: Select expression for SELECT operator: Virtual column INPUT__FILE__NAME is not supported
2024-04-24T00:52:25,513  INFO [main] physical.Vectorizer: Map vectorizedVertexNum: 0
2024-04-24T00:52:25,513  INFO [main] physical.Vectorizer: Map enabledConditionsMet: [hive.vectorized.use.vectorized.input.format IS true]
2024-04-24T00:52:25,513  INFO [main] physical.Vectorizer: Map inputFileFormatClassNameSet: [org.apache.hadoop.hive.ql.io.orc.OrcInputFormat]
2024-04-24T00:52:25,513  INFO [main] physical.Vectorizer: Reduce vectorization enabled: false
2024-04-24T00:52:25,513  INFO [main] physical.Vectorizer: Reduce vectorized: false
2024-04-24T00:52:25,513  INFO [main] physical.Vectorizer: Reduce vectorizedVertexNum: 1
2024-04-24T00:52:25,513  INFO [main] physical.Vectorizer: Reducer hive.vectorized.execution.reduce.enabled: true
2024-04-24T00:52:25,513  INFO [main] physical.Vectorizer: Reducer engine: mr
2024-04-24T00:52:25,513  INFO [main] parse.CalcitePlanner: Completed plan generation
2024-04-24T00:52:25,514  INFO [main] ql.Driver: Semantic Analysis Completed (retrial = false)
2024-04-24T00:52:25,514  INFO [main] ql.Driver: Created Hive schema: Schema(fieldSchemas:[FieldSchema(name:Explain, type:string, comment:null)], properties:null)
2024-04-24T00:52:25,514  INFO [main] metadata.Hive: Dumping metastore api call timing information for : compilation phase
2024-04-24T00:52:25,514  INFO [main] metadata.Hive: Total time spent in each metastore function (ms): {flushCache_()=0, getValidWriteIds_(List, String)=4, getTable_(GetTableRequest)=8, getValidTxns_(long)=0, getAllTableConstraints_(AllTableConstraintsRequest)=5, commitTxn_(CommitTxnRequest)=13, isCompatibleWith_(Configuration)=3, getTableColumnStatistics_(String, String, List, String)=29, openTxn_(String, TxnType)=2}
2024-04-24T00:52:25,514  INFO [main] ql.Driver: Completed compiling command(queryId=alex_20240424005225_fe24d23d-062b-47af-8044-0b25d6849a1b); Time taken: 0.142 seconds
2024-04-24T00:52:25,515  INFO [main] ql.Driver: Executing command(queryId=alex_20240424005225_fe24d23d-062b-47af-8044-0b25d6849a1b): EXPLAIN VECTORIZATION DETAIL select ROW__ID, a, b, INPUT__FILE__NAME from T order by ROW__ID
2024-04-24T00:52:25,515  INFO [main] ql.Driver: Starting task [Stage-2:EXPLAIN] in serial mode
2024-04-24T00:52:25,526  INFO [main] metadata.Hive: Dumping metastore api call timing information for : execution phase
2024-04-24T00:52:25,526  INFO [main] metadata.Hive: Total time spent in each metastore function (ms): {}
2024-04-24T00:52:25,526  INFO [main] ql.Driver: Completed executing command(queryId=alex_20240424005225_fe24d23d-062b-47af-8044-0b25d6849a1b); Time taken: 0.01 seconds
2024-04-24T00:52:25,526  INFO [main] lockmgr.DbTxnManager: Stopped heartbeat for query: null
2024-04-24T00:52:25,534  INFO [main] txn.TxnHandler: Expected to move at least one record from txn_components to completed_txn_components when committing txn! txnid:21
2024-04-24T00:52:25,543  INFO [main] txn.TxnHandler: Removed transactions: ([21]) from MIN_HISTORY_LEVEL
2024-04-24T00:52:25,543  WARN [main] txn.CompactionTxnHandler: No compaction queue record found for Compaction type transaction commit. txnId:21
2024-04-24T00:52:25,544  INFO [main] ql.TxnCommandsBaseForTests: Running the query: update T set a = 0 where b = 6
2024-04-24T00:52:25,544  INFO [main] ql.Context: Deleting scratch dir: file:/home/alex/Repositories/hive/ql/target/tmp/localscratchdir/a1d20ac2-9a3d-42c6-8746-dfa637cead46/hive_2024-04-24_00-52-25_372_1974488425273442784-1
2024-04-24T00:52:25,544  INFO [main] cleanup.SyncCleanupService: Deleted directory: file:/home/alex/Repositories/hive/ql/target/tmp/localscratchdir/a1d20ac2-9a3d-42c6-8746-dfa637cead46/hive_2024-04-24_00-52-25_372_1974488425273442784-1 on fs with scheme file
2024-04-24T00:52:25,545  INFO [main] ql.Driver: Compiling command(queryId=alex_20240424005225_2ab4cc6e-8464-4e29-aa8a-644524e8d3d1): update T set a = 0 where b = 6
2024-04-24T00:52:25,548  INFO [main] txn.TxnHandler: Added entries to MIN_HISTORY_LEVEL for current txns: ([22]) with min_open_txn: 21
2024-04-24T00:52:25,548  INFO [main] lockmgr.DbTxnManager: Opened txnid:22
2024-04-24T00:52:25,548  INFO [main] parse.UpdateDeleteSemanticAnalyzer: Starting caching scope for: 
2024-04-24T00:52:25,549  INFO [main] HiveMetaStore.audit: ugi=alex	ip=unknown-ip-addr	cmd=get_table : tbl=hive.default.T	
2024-04-24T00:52:25,556  INFO [main] metastore.HMSHandler: Skipping translation for processor with null
2024-04-24T00:52:25,556  INFO [main] parse.RewriteSemanticAnalyzer: Going to reparse <update T set a = 0 where b = 6> as 
<insert into table `default`.`T` select ROW__ID,`a`,`b` from `default`.`T` sort by ROW__ID >
2024-04-24T00:52:25,557  INFO [main] parse.UpdateDeleteSemanticAnalyzer: Starting Semantic Analysis
2024-04-24T00:52:25,561  INFO [main] HiveMetaStore.audit: ugi=alex	ip=unknown-ip-addr	cmd=get_table : tbl=hive.default.T	
2024-04-24T00:52:25,567  INFO [main] metastore.ObjectStore: Removed COLUMN_STATS_ACCURATE from Table's parameters.
2024-04-24T00:52:25,569  INFO [main] metastore.HMSHandler: Skipping translation for processor with null
2024-04-24T00:52:25,569  INFO [main] parse.UpdateDeleteSemanticAnalyzer: Completed phase 1 of Semantic Analysis
2024-04-24T00:52:25,569  INFO [main] parse.UpdateDeleteSemanticAnalyzer: Get metadata for source tables
2024-04-24T00:52:25,570  INFO [main] HiveMetaStore.audit: ugi=alex	ip=unknown-ip-addr	cmd=get_table : tbl=hive.default.t	
2024-04-24T00:52:25,576  INFO [main] metastore.ObjectStore: Removed COLUMN_STATS_ACCURATE from Table's parameters.
2024-04-24T00:52:25,578  INFO [main] metastore.HMSHandler: Skipping translation for processor with null
2024-04-24T00:52:25,578  INFO [main] parse.UpdateDeleteSemanticAnalyzer: Get metadata for subqueries
2024-04-24T00:52:25,578  INFO [main] parse.UpdateDeleteSemanticAnalyzer: Get metadata for destination tables
2024-04-24T00:52:25,578  INFO [main] HiveMetaStore.audit: ugi=alex	ip=unknown-ip-addr	cmd=get_table : tbl=hive.default.T	
2024-04-24T00:52:25,586  INFO [main] metastore.HMSHandler: Skipping translation for processor with null
2024-04-24T00:52:25,586  INFO [main] parse.UpdateDeleteSemanticAnalyzer: Completed getting MetaData in Semantic Analysis
2024-04-24T00:52:25,586  INFO [main] parse.UpdateDeleteSemanticAnalyzer: Disabling LLAP IO encode as ETL query is detected
2024-04-24T00:52:25,600  INFO [main] HiveMetaStore.audit: ugi=alex	ip=unknown-ip-addr	cmd=get_all_table_constraints : tbl=hive.default.t	
2024-04-24T00:52:25,608  INFO [main] HiveMetaStore.audit: ugi=alex	ip=unknown-ip-addr	cmd=get_not_null_constraints : tbl=hive.default.t	
2024-04-24T00:52:25,609  INFO [main] HiveMetaStore.audit: ugi=alex	ip=unknown-ip-addr	cmd=get_check_constraints : tbl=hive.default.t	
2024-04-24T00:52:25,636  INFO [main] calcite.RelOptHiveTable: Calculating column statistics for default.t, projIndxSet: [1], allowMissingStats: true
2024-04-24T00:52:25,636  INFO [main] HiveMetaStore.audit: ugi=alex	ip=unknown-ip-addr	cmd=get_table : tbl=hive.default.t	
2024-04-24T00:52:25,647  INFO [main] metastore.HMSHandler: Skipping translation for processor with null
2024-04-24T00:52:25,648  INFO [main] HiveMetaStore.audit: ugi=alex	ip=unknown-ip-addr	cmd=get_table : tbl=hive.default.t	
2024-04-24T00:52:25,659  INFO [main] metastore.HMSHandler: Skipping translation for processor with null
2024-04-24T00:52:25,659  INFO [main] HiveMetaStore.audit: ugi=alex	ip=unknown-ip-addr	cmd=get_table_statistics_req: table=hive.default.t	
2024-04-24T00:52:25,676  WARN [main] calcite.RelOptHiveTable: No Stats for default@t, Columns: b
No Stats for default@t, Columns: b
2024-04-24T00:52:25,676  INFO [main] SessionState: No Stats for default@t, Columns: b
2024-04-24T00:52:25,746  INFO [main] parse.UpdateDeleteSemanticAnalyzer: Get metadata for source tables
2024-04-24T00:52:25,746  INFO [main] parse.UpdateDeleteSemanticAnalyzer: Get metadata for subqueries
2024-04-24T00:52:25,746  INFO [main] parse.UpdateDeleteSemanticAnalyzer: Get metadata for destination tables
2024-04-24T00:52:25,746  INFO [main] HiveMetaStore.audit: ugi=alex	ip=unknown-ip-addr	cmd=get_table : tbl=hive.default.T	
2024-04-24T00:52:25,754  INFO [main] metastore.HMSHandler: Skipping translation for processor with null
2024-04-24T00:52:25,757 ERROR [main] parse.UpdateDeleteSemanticAnalyzer: CBO failed, skipping CBO. 
org.apache.hadoop.hive.ql.exec.NoMatchingMethodException: No matching method for class org.apache.hadoop.hive.ql.udf.UDFToInteger with (struct<writeid:bigint,bucketid:int,rowid:bigint>). Possible choices: _FUNC_(bigint)  _FUNC_(boolean)  _FUNC_(decimal(38,18))  _FUNC_(double)  _FUNC_(float)  _FUNC_(smallint)  _FUNC_(string)  _FUNC_(struct<rowid:bigint,bucketid:bigint,writeid:int>)  _FUNC_(timestamp)  _FUNC_(tinyint)  _FUNC_(void)  
	at org.apache.hadoop.hive.ql.exec.MethodUtils.getMethodInternal(MethodUtils.java:130) ~[classes/:?]
	at org.apache.hadoop.hive.ql.exec.MethodUtils.getMethodInternal(MethodUtils.java:60) ~[classes/:?]
	at org.apache.hadoop.hive.ql.exec.DefaultUDFMethodResolver.getEvalMethod(DefaultUDFMethodResolver.java:59) ~[classes/:?]
	at org.apache.hadoop.hive.ql.udf.TimestampCastRestrictorResolver.getEvalMethod(TimestampCastRestrictorResolver.java:68) ~[classes/:?]
	at org.apache.hadoop.hive.ql.udf.generic.GenericUDFBridge.initialize(GenericUDFBridge.java:168) ~[classes/:?]
	at org.apache.hadoop.hive.ql.udf.generic.GenericUDF.initializeAndFoldConstants(GenericUDF.java:149) ~[classes/:?]
	at org.apache.hadoop.hive.ql.plan.ExprNodeGenericFuncDesc.newInstance(ExprNodeGenericFuncDesc.java:235) ~[classes/:?]
	at org.apache.hadoop.hive.ql.parse.type.ExprNodeDescExprFactory.createFuncCallExpr(ExprNodeDescExprFactory.java:584) ~[classes/:?]
	at org.apache.hadoop.hive.ql.parse.type.ExprNodeDescExprFactory.createFuncCallExpr(ExprNodeDescExprFactory.java:97) ~[classes/:?]
	at org.apache.hadoop.hive.ql.parse.type.TypeCheckProcFactory$DefaultExprProcessor.getFuncExprNodeDescWithUdfData(TypeCheckProcFactory.java:762) ~[classes/:?]
	at org.apache.hadoop.hive.ql.parse.type.TypeCheckProcFactory$DefaultExprProcessor.createConversionCast(TypeCheckProcFactory.java:783) ~[classes/:?]
	at org.apache.hadoop.hive.ql.parse.SemanticAnalyzer.getPartitionColsFromBucketColsForUpdateDelete(SemanticAnalyzer.java:8725) ~[classes/:?]
	at org.apache.hadoop.hive.ql.parse.SemanticAnalyzer.genBucketingSortingDest(SemanticAnalyzer.java:6914) ~[classes/:?]
	at org.apache.hadoop.hive.ql.parse.SemanticAnalyzer.genFileSinkPlan(SemanticAnalyzer.java:7335) ~[classes/:?]
	at org.apache.hadoop.hive.ql.parse.SemanticAnalyzer.genPostGroupByBodyPlan(SemanticAnalyzer.java:11063) ~[classes/:?]
	at org.apache.hadoop.hive.ql.parse.SemanticAnalyzer.genBodyPlan(SemanticAnalyzer.java:10938) ~[classes/:?]
	at org.apache.hadoop.hive.ql.parse.SemanticAnalyzer.genPlan(SemanticAnalyzer.java:11853) ~[classes/:?]
	at org.apache.hadoop.hive.ql.parse.SemanticAnalyzer.genPlan(SemanticAnalyzer.java:11723) ~[classes/:?]
	at org.apache.hadoop.hive.ql.parse.CalcitePlanner.genOPTree(CalcitePlanner.java:626) ~[classes/:?]
	at org.apache.hadoop.hive.ql.parse.SemanticAnalyzer.analyzeInternal(SemanticAnalyzer.java:12558) ~[classes/:?]
	at org.apache.hadoop.hive.ql.parse.CalcitePlanner.analyzeInternal(CalcitePlanner.java:456) ~[classes/:?]
	at org.apache.hadoop.hive.ql.parse.RewriteSemanticAnalyzer.analyzeInternal(RewriteSemanticAnalyzer.java:67) ~[classes/:?]
	at org.apache.hadoop.hive.ql.parse.BaseSemanticAnalyzer.analyze(BaseSemanticAnalyzer.java:317) ~[classes/:?]
	at org.apache.hadoop.hive.ql.parse.UpdateDeleteSemanticAnalyzer.reparseAndSuperAnalyze(UpdateDeleteSemanticAnalyzer.java:208) ~[classes/:?]
	at org.apache.hadoop.hive.ql.parse.UpdateDeleteSemanticAnalyzer.analyzeUpdate(UpdateDeleteSemanticAnalyzer.java:63) ~[classes/:?]
	at org.apache.hadoop.hive.ql.parse.UpdateDeleteSemanticAnalyzer.analyze(UpdateDeleteSemanticAnalyzer.java:53) ~[classes/:?]
	at org.apache.hadoop.hive.ql.parse.RewriteSemanticAnalyzer.analyzeInternal(RewriteSemanticAnalyzer.java:72) ~[classes/:?]
	at org.apache.hadoop.hive.ql.parse.BaseSemanticAnalyzer.analyze(BaseSemanticAnalyzer.java:317) ~[classes/:?]
	at org.apache.hadoop.hive.ql.Compiler.analyze(Compiler.java:223) ~[classes/:?]
	at org.apache.hadoop.hive.ql.Compiler.compile(Compiler.java:105) ~[classes/:?]
	at org.apache.hadoop.hive.ql.Driver.compile(Driver.java:500) ~[classes/:?]
	at org.apache.hadoop.hive.ql.Driver.compileInternal(Driver.java:453) ~[classes/:?]
	at org.apache.hadoop.hive.ql.Driver.runInternal(Driver.java:181) ~[classes/:?]
	at org.apache.hadoop.hive.ql.Driver.run(Driver.java:153) ~[classes/:?]
	at org.apache.hadoop.hive.ql.Driver.run(Driver.java:140) ~[classes/:?]
	at org.apache.hadoop.hive.ql.TxnCommandsBaseForTests.runStatementOnDriver(TxnCommandsBaseForTests.java:245) ~[test-classes/:?]
	at org.apache.hadoop.hive.ql.TestTxnExIm.testImport(TestTxnExIm.java:335) ~[test-classes/:?]
	at org.apache.hadoop.hive.ql.TestTxnExIm.testImport(TestTxnExIm.java:283) ~[test-classes/:?]
	at sun.reflect.NativeMethodAccessorImpl.invoke0(Native Method) ~[?:1.8.0_402]
	at sun.reflect.NativeMethodAccessorImpl.invoke(NativeMethodAccessorImpl.java:62) ~[?:1.8.0_402]
	at sun.reflect.DelegatingMethodAccessorImpl.invoke(DelegatingMethodAccessorImpl.java:43) ~[?:1.8.0_402]
	at java.lang.reflect.Method.invoke(Method.java:498) ~[?:1.8.0_402]
	at org.junit.runners.model.FrameworkMethod$1.runReflectiveCall(FrameworkMethod.java:59) ~[junit-4.13.jar:4.13]
	at org.junit.internal.runners.model.ReflectiveCallable.run(ReflectiveCallable.java:12) ~[junit-4.13.jar:4.13]
	at org.junit.runners.model.FrameworkMethod.invokeExplosively(FrameworkMethod.java:56) ~[junit-4.13.jar:4.13]
	at org.junit.internal.runners.statements.InvokeMethod.evaluate(InvokeMethod.java:17) ~[junit-4.13.jar:4.13]
	at org.junit.internal.runners.statements.RunBefores.evaluate(RunBefores.java:26) ~[junit-4.13.jar:4.13]
	at org.junit.internal.runners.statements.RunAfters.evaluate(RunAfters.java:27) ~[junit-4.13.jar:4.13]
	at org.junit.rules.TestWatcher$1.evaluate(TestWatcher.java:61) ~[junit-4.13.jar:4.13]
	at org.junit.runners.ParentRunner$3.evaluate(ParentRunner.java:306) ~[junit-4.13.jar:4.13]
	at org.junit.runners.BlockJUnit4ClassRunner$1.evaluate(BlockJUnit4ClassRunner.java:100) ~[junit-4.13.jar:4.13]
	at org.junit.runners.ParentRunner.runLeaf(ParentRunner.java:366) ~[junit-4.13.jar:4.13]
	at org.junit.runners.BlockJUnit4ClassRunner.runChild(BlockJUnit4ClassRunner.java:103) ~[junit-4.13.jar:4.13]
	at org.junit.runners.BlockJUnit4ClassRunner.runChild(BlockJUnit4ClassRunner.java:63) ~[junit-4.13.jar:4.13]
	at org.junit.runners.ParentRunner$4.run(ParentRunner.java:331) ~[junit-4.13.jar:4.13]
	at org.junit.runners.ParentRunner$1.schedule(ParentRunner.java:79) ~[junit-4.13.jar:4.13]
	at org.junit.runners.ParentRunner.runChildren(ParentRunner.java:329) ~[junit-4.13.jar:4.13]
	at org.junit.runners.ParentRunner.access$100(ParentRunner.java:66) ~[junit-4.13.jar:4.13]
	at org.junit.runners.ParentRunner$2.evaluate(ParentRunner.java:293) ~[junit-4.13.jar:4.13]
	at org.junit.runners.ParentRunner$3.evaluate(ParentRunner.java:306) ~[junit-4.13.jar:4.13]
	at org.junit.runners.ParentRunner.run(ParentRunner.java:413) ~[junit-4.13.jar:4.13]
	at org.junit.runner.JUnitCore.run(JUnitCore.java:137) ~[junit-4.13.jar:4.13]
	at org.junit.runner.JUnitCore.run(JUnitCore.java:115) ~[junit-4.13.jar:4.13]
	at org.junit.vintage.engine.execution.RunnerExecutor.execute(RunnerExecutor.java:43) ~[junit-vintage-engine-5.6.2.jar:5.6.2]
	at java.util.stream.ForEachOps$ForEachOp$OfRef.accept(ForEachOps.java:183) ~[?:1.8.0_402]
	at java.util.stream.ReferencePipeline$3$1.accept(ReferencePipeline.java:193) ~[?:1.8.0_402]
	at java.util.Iterator.forEachRemaining(Iterator.java:116) ~[?:1.8.0_402]
	at java.util.Spliterators$IteratorSpliterator.forEachRemaining(Spliterators.java:1801) ~[?:1.8.0_402]
	at java.util.stream.AbstractPipeline.copyInto(AbstractPipeline.java:482) ~[?:1.8.0_402]
	at java.util.stream.AbstractPipeline.wrapAndCopyInto(AbstractPipeline.java:472) ~[?:1.8.0_402]
	at java.util.stream.ForEachOps$ForEachOp.evaluateSequential(ForEachOps.java:150) ~[?:1.8.0_402]
	at java.util.stream.ForEachOps$ForEachOp$OfRef.evaluateSequential(ForEachOps.java:173) ~[?:1.8.0_402]
	at java.util.stream.AbstractPipeline.evaluate(AbstractPipeline.java:234) ~[?:1.8.0_402]
	at java.util.stream.ReferencePipeline.forEach(ReferencePipeline.java:485) ~[?:1.8.0_402]
	at org.junit.vintage.engine.VintageTestEngine.executeAllChildren(VintageTestEngine.java:82) ~[junit-vintage-engine-5.6.2.jar:5.6.2]
	at org.junit.vintage.engine.VintageTestEngine.execute(VintageTestEngine.java:73) ~[junit-vintage-engine-5.6.2.jar:5.6.2]
	at org.junit.platform.launcher.core.DefaultLauncher.execute(DefaultLauncher.java:248) ~[junit-platform-launcher-1.6.2.jar:1.6.2]
	at org.junit.platform.launcher.core.DefaultLauncher.lambda$execute$5(DefaultLauncher.java:211) ~[junit-platform-launcher-1.6.2.jar:1.6.2]
	at org.junit.platform.launcher.core.DefaultLauncher.withInterceptedStreams(DefaultLauncher.java:226) [junit-platform-launcher-1.6.2.jar:1.6.2]
	at org.junit.platform.launcher.core.DefaultLauncher.execute(DefaultLauncher.java:199) [junit-platform-launcher-1.6.2.jar:1.6.2]
	at org.junit.platform.launcher.core.DefaultLauncher.execute(DefaultLauncher.java:132) [junit-platform-launcher-1.6.2.jar:1.6.2]
	at org.apache.maven.surefire.junitplatform.JUnitPlatformProvider.invokeAllTests(JUnitPlatformProvider.java:154) [surefire-junit-platform-3.0.0-M4.jar:3.0.0-M4]
	at org.apache.maven.surefire.junitplatform.JUnitPlatformProvider.invoke(JUnitPlatformProvider.java:123) [surefire-junit-platform-3.0.0-M4.jar:3.0.0-M4]
	at org.apache.maven.surefire.booter.ForkedBooter.runSuitesInProcess(ForkedBooter.java:377) [surefire-booter-3.0.0-M4.jar:3.0.0-M4]
	at org.apache.maven.surefire.booter.ForkedBooter.execute(ForkedBooter.java:138) [surefire-booter-3.0.0-M4.jar:3.0.0-M4]
	at org.apache.maven.surefire.booter.ForkedBooter.run(ForkedBooter.java:465) [surefire-booter-3.0.0-M4.jar:3.0.0-M4]
	at org.apache.maven.surefire.booter.ForkedBooter.main(ForkedBooter.java:451) [surefire-booter-3.0.0-M4.jar:3.0.0-M4]
2024-04-24T00:52:25,759 ERROR [main] parse.UpdateDeleteSemanticAnalyzer: CBO failed due to missing column stats (see previous errors), skipping CBO
2024-04-24T00:52:25,759  INFO [main] parse.UpdateDeleteSemanticAnalyzer: Ending caching scope for: 
FAILED: NoMatchingMethodException No matching method for class org.apache.hadoop.hive.ql.udf.UDFToInteger with (struct<writeid:bigint,bucketid:int,rowid:bigint>). Possible choices: _FUNC_(bigint)  _FUNC_(boolean)  _FUNC_(decimal(38,18))  _FUNC_(double)  _FUNC_(float)  _FUNC_(smallint)  _FUNC_(string)  _FUNC_(struct<rowid:bigint,bucketid:bigint,writeid:int>)  _FUNC_(timestamp)  _FUNC_(tinyint)  _FUNC_(void)  
2024-04-24T00:52:25,759 ERROR [main] ql.Driver: FAILED: NoMatchingMethodException No matching method for class org.apache.hadoop.hive.ql.udf.UDFToInteger with (struct<writeid:bigint,bucketid:int,rowid:bigint>). Possible choices: _FUNC_(bigint)  _FUNC_(boolean)  _FUNC_(decimal(38,18))  _FUNC_(double)  _FUNC_(float)  _FUNC_(smallint)  _FUNC_(string)  _FUNC_(struct<rowid:bigint,bucketid:bigint,writeid:int>)  _FUNC_(timestamp)  _FUNC_(tinyint)  _FUNC_(void)  
org.apache.hadoop.hive.ql.exec.NoMatchingMethodException: No matching method for class org.apache.hadoop.hive.ql.udf.UDFToInteger with (struct<writeid:bigint,bucketid:int,rowid:bigint>). Possible choices: _FUNC_(bigint)  _FUNC_(boolean)  _FUNC_(decimal(38,18))  _FUNC_(double)  _FUNC_(float)  _FUNC_(smallint)  _FUNC_(string)  _FUNC_(struct<rowid:bigint,bucketid:bigint,writeid:int>)  _FUNC_(timestamp)  _FUNC_(tinyint)  _FUNC_(void)  
	at org.apache.hadoop.hive.ql.exec.MethodUtils.getMethodInternal(MethodUtils.java:130)
	at org.apache.hadoop.hive.ql.exec.MethodUtils.getMethodInternal(MethodUtils.java:60)
	at org.apache.hadoop.hive.ql.exec.DefaultUDFMethodResolver.getEvalMethod(DefaultUDFMethodResolver.java:59)
	at org.apache.hadoop.hive.ql.udf.TimestampCastRestrictorResolver.getEvalMethod(TimestampCastRestrictorResolver.java:68)
	at org.apache.hadoop.hive.ql.udf.generic.GenericUDFBridge.initialize(GenericUDFBridge.java:168)
	at org.apache.hadoop.hive.ql.udf.generic.GenericUDF.initializeAndFoldConstants(GenericUDF.java:149)
	at org.apache.hadoop.hive.ql.plan.ExprNodeGenericFuncDesc.newInstance(ExprNodeGenericFuncDesc.java:235)
	at org.apache.hadoop.hive.ql.parse.type.ExprNodeDescExprFactory.createFuncCallExpr(ExprNodeDescExprFactory.java:584)
	at org.apache.hadoop.hive.ql.parse.type.ExprNodeDescExprFactory.createFuncCallExpr(ExprNodeDescExprFactory.java:97)
	at org.apache.hadoop.hive.ql.parse.type.TypeCheckProcFactory$DefaultExprProcessor.getFuncExprNodeDescWithUdfData(TypeCheckProcFactory.java:762)
	at org.apache.hadoop.hive.ql.parse.type.TypeCheckProcFactory$DefaultExprProcessor.createConversionCast(TypeCheckProcFactory.java:783)
	at org.apache.hadoop.hive.ql.parse.SemanticAnalyzer.getPartitionColsFromBucketColsForUpdateDelete(SemanticAnalyzer.java:8725)
	at org.apache.hadoop.hive.ql.parse.SemanticAnalyzer.genBucketingSortingDest(SemanticAnalyzer.java:6914)
	at org.apache.hadoop.hive.ql.parse.SemanticAnalyzer.genFileSinkPlan(SemanticAnalyzer.java:7335)
	at org.apache.hadoop.hive.ql.parse.SemanticAnalyzer.genPostGroupByBodyPlan(SemanticAnalyzer.java:11063)
	at org.apache.hadoop.hive.ql.parse.SemanticAnalyzer.genBodyPlan(SemanticAnalyzer.java:10938)
	at org.apache.hadoop.hive.ql.parse.SemanticAnalyzer.genPlan(SemanticAnalyzer.java:11853)
	at org.apache.hadoop.hive.ql.parse.SemanticAnalyzer.genPlan(SemanticAnalyzer.java:11723)
	at org.apache.hadoop.hive.ql.parse.CalcitePlanner.genOPTree(CalcitePlanner.java:626)
	at org.apache.hadoop.hive.ql.parse.SemanticAnalyzer.analyzeInternal(SemanticAnalyzer.java:12558)
	at org.apache.hadoop.hive.ql.parse.CalcitePlanner.analyzeInternal(CalcitePlanner.java:456)
	at org.apache.hadoop.hive.ql.parse.RewriteSemanticAnalyzer.analyzeInternal(RewriteSemanticAnalyzer.java:67)
	at org.apache.hadoop.hive.ql.parse.BaseSemanticAnalyzer.analyze(BaseSemanticAnalyzer.java:317)
	at org.apache.hadoop.hive.ql.parse.UpdateDeleteSemanticAnalyzer.reparseAndSuperAnalyze(UpdateDeleteSemanticAnalyzer.java:208)
	at org.apache.hadoop.hive.ql.parse.UpdateDeleteSemanticAnalyzer.analyzeUpdate(UpdateDeleteSemanticAnalyzer.java:63)
	at org.apache.hadoop.hive.ql.parse.UpdateDeleteSemanticAnalyzer.analyze(UpdateDeleteSemanticAnalyzer.java:53)
	at org.apache.hadoop.hive.ql.parse.RewriteSemanticAnalyzer.analyzeInternal(RewriteSemanticAnalyzer.java:72)
	at org.apache.hadoop.hive.ql.parse.BaseSemanticAnalyzer.analyze(BaseSemanticAnalyzer.java:317)
	at org.apache.hadoop.hive.ql.Compiler.analyze(Compiler.java:223)
	at org.apache.hadoop.hive.ql.Compiler.compile(Compiler.java:105)
	at org.apache.hadoop.hive.ql.Driver.compile(Driver.java:500)
	at org.apache.hadoop.hive.ql.Driver.compileInternal(Driver.java:453)
	at org.apache.hadoop.hive.ql.Driver.runInternal(Driver.java:181)
	at org.apache.hadoop.hive.ql.Driver.run(Driver.java:153)
	at org.apache.hadoop.hive.ql.Driver.run(Driver.java:140)
	at org.apache.hadoop.hive.ql.TxnCommandsBaseForTests.runStatementOnDriver(TxnCommandsBaseForTests.java:245)
	at org.apache.hadoop.hive.ql.TestTxnExIm.testImport(TestTxnExIm.java:335)
	at org.apache.hadoop.hive.ql.TestTxnExIm.testImport(TestTxnExIm.java:283)
	at sun.reflect.NativeMethodAccessorImpl.invoke0(Native Method)
	at sun.reflect.NativeMethodAccessorImpl.invoke(NativeMethodAccessorImpl.java:62)
	at sun.reflect.DelegatingMethodAccessorImpl.invoke(DelegatingMethodAccessorImpl.java:43)
	at java.lang.reflect.Method.invoke(Method.java:498)
	at org.junit.runners.model.FrameworkMethod$1.runReflectiveCall(FrameworkMethod.java:59)
	at org.junit.internal.runners.model.ReflectiveCallable.run(ReflectiveCallable.java:12)
	at org.junit.runners.model.FrameworkMethod.invokeExplosively(FrameworkMethod.java:56)
	at org.junit.internal.runners.statements.InvokeMethod.evaluate(InvokeMethod.java:17)
	at org.junit.internal.runners.statements.RunBefores.evaluate(RunBefores.java:26)
	at org.junit.internal.runners.statements.RunAfters.evaluate(RunAfters.java:27)
	at org.junit.rules.TestWatcher$1.evaluate(TestWatcher.java:61)
	at org.junit.runners.ParentRunner$3.evaluate(ParentRunner.java:306)
	at org.junit.runners.BlockJUnit4ClassRunner$1.evaluate(BlockJUnit4ClassRunner.java:100)
	at org.junit.runners.ParentRunner.runLeaf(ParentRunner.java:366)
	at org.junit.runners.BlockJUnit4ClassRunner.runChild(BlockJUnit4ClassRunner.java:103)
	at org.junit.runners.BlockJUnit4ClassRunner.runChild(BlockJUnit4ClassRunner.java:63)
	at org.junit.runners.ParentRunner$4.run(ParentRunner.java:331)
	at org.junit.runners.ParentRunner$1.schedule(ParentRunner.java:79)
	at org.junit.runners.ParentRunner.runChildren(ParentRunner.java:329)
	at org.junit.runners.ParentRunner.access$100(ParentRunner.java:66)
	at org.junit.runners.ParentRunner$2.evaluate(ParentRunner.java:293)
	at org.junit.runners.ParentRunner$3.evaluate(ParentRunner.java:306)
	at org.junit.runners.ParentRunner.run(ParentRunner.java:413)
	at org.junit.runner.JUnitCore.run(JUnitCore.java:137)
	at org.junit.runner.JUnitCore.run(JUnitCore.java:115)
	at org.junit.vintage.engine.execution.RunnerExecutor.execute(RunnerExecutor.java:43)
	at java.util.stream.ForEachOps$ForEachOp$OfRef.accept(ForEachOps.java:183)
	at java.util.stream.ReferencePipeline$3$1.accept(ReferencePipeline.java:193)
	at java.util.Iterator.forEachRemaining(Iterator.java:116)
	at java.util.Spliterators$IteratorSpliterator.forEachRemaining(Spliterators.java:1801)
	at java.util.stream.AbstractPipeline.copyInto(AbstractPipeline.java:482)
	at java.util.stream.AbstractPipeline.wrapAndCopyInto(AbstractPipeline.java:472)
	at java.util.stream.ForEachOps$ForEachOp.evaluateSequential(ForEachOps.java:150)
	at java.util.stream.ForEachOps$ForEachOp$OfRef.evaluateSequential(ForEachOps.java:173)
	at java.util.stream.AbstractPipeline.evaluate(AbstractPipeline.java:234)
	at java.util.stream.ReferencePipeline.forEach(ReferencePipeline.java:485)
	at org.junit.vintage.engine.VintageTestEngine.executeAllChildren(VintageTestEngine.java:82)
	at org.junit.vintage.engine.VintageTestEngine.execute(VintageTestEngine.java:73)
	at org.junit.platform.launcher.core.DefaultLauncher.execute(DefaultLauncher.java:248)
	at org.junit.platform.launcher.core.DefaultLauncher.lambda$execute$5(DefaultLauncher.java:211)
	at org.junit.platform.launcher.core.DefaultLauncher.withInterceptedStreams(DefaultLauncher.java:226)
	at org.junit.platform.launcher.core.DefaultLauncher.execute(DefaultLauncher.java:199)
	at org.junit.platform.launcher.core.DefaultLauncher.execute(DefaultLauncher.java:132)
	at org.apache.maven.surefire.junitplatform.JUnitPlatformProvider.invokeAllTests(JUnitPlatformProvider.java:154)
	at org.apache.maven.surefire.junitplatform.JUnitPlatformProvider.invoke(JUnitPlatformProvider.java:123)
	at org.apache.maven.surefire.booter.ForkedBooter.runSuitesInProcess(ForkedBooter.java:377)
	at org.apache.maven.surefire.booter.ForkedBooter.execute(ForkedBooter.java:138)
	at org.apache.maven.surefire.booter.ForkedBooter.run(ForkedBooter.java:465)
	at org.apache.maven.surefire.booter.ForkedBooter.main(ForkedBooter.java:451)

2024-04-24T00:52:25,759  INFO [main] metadata.Hive: Dumping metastore api call timing information for : compilation phase
2024-04-24T00:52:25,760  INFO [main] metadata.Hive: Total time spent in each metastore function (ms): {openTxn_(String, TxnType)=2, commitTxn_(CommitTxnRequest)=17, getTableColumnStatistics_(String, String, List, String)=39, getCheckConstraints_(CheckConstraintsRequest)=1, isCompatibleWith_(Configuration)=0, getTable_(GetTableRequest)=39, getNotNullConstraints_(NotNullConstraintsRequest)=1, getValidWriteIds_(List, String)=5, getAllTableConstraints_(AllTableConstraintsRequest)=6, getValidTxns_(long)=0, flushCache_()=0}
2024-04-24T00:52:25,760  INFO [main] ql.Driver: Completed compiling command(queryId=alex_20240424005225_2ab4cc6e-8464-4e29-aa8a-644524e8d3d1); Time taken: 0.214 seconds
2024-04-24T00:52:25,760  INFO [main] lockmgr.DbTxnManager: Stopped heartbeat for query: null
2024-04-24T00:52:25,764  INFO [main] txn.TxnHandler: Removed transactions: ([22]) from MIN_HISTORY_LEVEL
2024-04-24T00:52:25,771  INFO [main] ql.TxnCommandsBaseForTests: Running the query: drop table if exists acidTbl
2024-04-24T00:52:25,771  INFO [main] ql.Driver: Compiling command(queryId=alex_20240424005225_786c2823-4132-46ee-b071-86e6fcba998f): drop table if exists acidTbl
2024-04-24T00:52:25,774  INFO [main] txn.TxnHandler: Added entries to MIN_HISTORY_LEVEL for current txns: ([23]) with min_open_txn: 21
2024-04-24T00:52:25,774  INFO [main] lockmgr.DbTxnManager: Opened txnid:23
2024-04-24T00:52:25,775  INFO [main] HiveMetaStore.audit: ugi=alex	ip=unknown-ip-addr	cmd=get_table : tbl=hive.default.acidTbl	
2024-04-24T00:52:25,782  INFO [main] metastore.HMSHandler: Skipping translation for processor with null
2024-04-24T00:52:25,782  INFO [main] ql.Driver: Semantic Analysis Completed (retrial = false)
2024-04-24T00:52:25,782  INFO [main] ql.Driver: Created Hive schema: Schema(fieldSchemas:null, properties:null)
2024-04-24T00:52:25,782  INFO [main] metadata.Hive: Dumping metastore api call timing information for : compilation phase
2024-04-24T00:52:25,782  INFO [main] metadata.Hive: Total time spent in each metastore function (ms): {getTable_(GetTableRequest)=7, getValidTxns_(long)=1, rollbackTxn_(long)=11, isCompatibleWith_(Configuration)=0, flushCache_()=0, openTxn_(String, TxnType)=2}
2024-04-24T00:52:25,783  INFO [main] ql.Driver: Completed compiling command(queryId=alex_20240424005225_786c2823-4132-46ee-b071-86e6fcba998f); Time taken: 0.011 seconds
2024-04-24T00:52:25,783  INFO [main] lockmgr.DbTxnManager: Setting lock request transaction to txnid:23 for queryId=alex_20240424005225_786c2823-4132-46ee-b071-86e6fcba998f
2024-04-24T00:52:25,783  INFO [main] lockmgr.DbLockManager: Requesting lock for queryId=alex_20240424005225_786c2823-4132-46ee-b071-86e6fcba998f
2024-04-24T00:52:25,801  INFO [main] lockmgr.DbLockManager: Response to queryId=alex_20240424005225_786c2823-4132-46ee-b071-86e6fcba998f LockResponse(lockid:14, state:ACQUIRED)
2024-04-24T00:52:25,801  INFO [main] ql.Driver: Operation DROPTABLE obtained 1 locks
2024-04-24T00:52:25,801  INFO [main] ql.Driver: Executing command(queryId=alex_20240424005225_786c2823-4132-46ee-b071-86e6fcba998f): drop table if exists acidTbl
2024-04-24T00:52:25,801  INFO [main] ql.Driver: Starting task [Stage-0:DDL] in serial mode
2024-04-24T00:52:25,801  INFO [main] HiveMetaStore.audit: ugi=alex	ip=unknown-ip-addr	cmd=get_table : tbl=hive.default.acidTbl	
2024-04-24T00:52:25,809  INFO [main] metastore.HMSHandler: Skipping translation for processor with null
2024-04-24T00:52:25,809  INFO [main] HiveMetaStore.audit: ugi=alex	ip=unknown-ip-addr	cmd=get_table : tbl=hive.default.acidTbl	
2024-04-24T00:52:25,816  INFO [main] metastore.HMSHandler: Skipping translation for processor with null
2024-04-24T00:52:25,816  INFO [main] HiveMetaStore.audit: ugi=alex	ip=unknown-ip-addr	cmd=drop_table : tbl=hive.default.acidTbl	
2024-04-24T00:52:25,912  INFO [main] metadata.Hive: Dumping metastore api call timing information for : execution phase
2024-04-24T00:52:25,912  INFO [main] metadata.Hive: Total time spent in each metastore function (ms): {getTable_(GetTableRequest)=8, dropTable_(String, String, boolean, boolean, boolean)=103, isCompatibleWith_(Configuration)=0}
2024-04-24T00:52:25,913  INFO [main] ql.Driver: Completed executing command(queryId=alex_20240424005225_786c2823-4132-46ee-b071-86e6fcba998f); Time taken: 0.111 seconds
2024-04-24T00:52:25,913  INFO [main] lockmgr.DbTxnManager: Stopped heartbeat for query: alex_20240424005225_786c2823-4132-46ee-b071-86e6fcba998f
2024-04-24T00:52:25,917  INFO [main] txn.TxnHandler: Expected to move at least one record from txn_components to completed_txn_components when committing txn! txnid:23
2024-04-24T00:52:25,922  INFO [main] txn.TxnHandler: Removed transactions: ([23]) from MIN_HISTORY_LEVEL
2024-04-24T00:52:25,924  WARN [main] txn.CompactionTxnHandler: No compaction queue record found for Compaction type transaction commit. txnId:23
2024-04-24T00:52:25,924  INFO [main] ql.TxnCommandsBaseForTests: Running the query: drop table if exists acidTblPart
2024-04-24T00:52:25,925  INFO [main] ql.Driver: Compiling command(queryId=alex_20240424005225_368def93-4524-4562-beae-41c50ab2fd54): drop table if exists acidTblPart
2024-04-24T00:52:25,928  INFO [main] txn.TxnHandler: Added entries to MIN_HISTORY_LEVEL for current txns: ([24]) with min_open_txn: 21
2024-04-24T00:52:25,928  INFO [main] lockmgr.DbTxnManager: Opened txnid:24
2024-04-24T00:52:25,929  INFO [main] HiveMetaStore.audit: ugi=alex	ip=unknown-ip-addr	cmd=get_table : tbl=hive.default.acidTblPart	
2024-04-24T00:52:25,935  INFO [main] metastore.HMSHandler: Skipping translation for processor with null
2024-04-24T00:52:25,935  INFO [main] ql.Driver: Semantic Analysis Completed (retrial = false)
2024-04-24T00:52:25,936  INFO [main] ql.Driver: Created Hive schema: Schema(fieldSchemas:null, properties:null)
2024-04-24T00:52:25,936  INFO [main] metadata.Hive: Dumping metastore api call timing information for : compilation phase
2024-04-24T00:52:25,936  INFO [main] metadata.Hive: Total time spent in each metastore function (ms): {commitTxn_(CommitTxnRequest)=11, getTable_(GetTableRequest)=7, openTxn_(String, TxnType)=3, flushCache_()=0, isCompatibleWith_(Configuration)=0, getValidTxns_(long)=0}
2024-04-24T00:52:25,936  INFO [main] ql.Driver: Completed compiling command(queryId=alex_20240424005225_368def93-4524-4562-beae-41c50ab2fd54); Time taken: 0.011 seconds
2024-04-24T00:52:25,936  INFO [main] lockmgr.DbTxnManager: Setting lock request transaction to txnid:24 for queryId=alex_20240424005225_368def93-4524-4562-beae-41c50ab2fd54
2024-04-24T00:52:25,937  INFO [main] lockmgr.DbLockManager: Requesting lock for queryId=alex_20240424005225_368def93-4524-4562-beae-41c50ab2fd54
2024-04-24T00:52:25,952  INFO [main] lockmgr.DbLockManager: Response to queryId=alex_20240424005225_368def93-4524-4562-beae-41c50ab2fd54 LockResponse(lockid:15, state:ACQUIRED)
2024-04-24T00:52:25,952  INFO [main] ql.Driver: Operation DROPTABLE obtained 1 locks
2024-04-24T00:52:25,952  INFO [main] ql.Driver: Executing command(queryId=alex_20240424005225_368def93-4524-4562-beae-41c50ab2fd54): drop table if exists acidTblPart
2024-04-24T00:52:25,952  INFO [main] ql.Driver: Starting task [Stage-0:DDL] in serial mode
2024-04-24T00:52:25,953  INFO [main] HiveMetaStore.audit: ugi=alex	ip=unknown-ip-addr	cmd=get_table : tbl=hive.default.acidTblPart	
2024-04-24T00:52:25,960  INFO [main] metastore.HMSHandler: Skipping translation for processor with null
2024-04-24T00:52:25,960  INFO [main] HiveMetaStore.audit: ugi=alex	ip=unknown-ip-addr	cmd=get_table : tbl=hive.default.acidTblPart	
2024-04-24T00:52:25,966  INFO [main] metastore.HMSHandler: Skipping translation for processor with null
2024-04-24T00:52:25,966  INFO [main] HiveMetaStore.audit: ugi=alex	ip=unknown-ip-addr	cmd=drop_table : tbl=hive.default.acidTblPart	
2024-04-24T00:52:26,009  INFO [main] metadata.Hive: Dumping metastore api call timing information for : execution phase
2024-04-24T00:52:26,009  INFO [main] metadata.Hive: Total time spent in each metastore function (ms): {isCompatibleWith_(Configuration)=0, getTable_(GetTableRequest)=8, dropTable_(String, String, boolean, boolean, boolean)=49}
2024-04-24T00:52:26,009  INFO [main] ql.Driver: Completed executing command(queryId=alex_20240424005225_368def93-4524-4562-beae-41c50ab2fd54); Time taken: 0.057 seconds
2024-04-24T00:52:26,009  INFO [main] lockmgr.DbTxnManager: Stopped heartbeat for query: alex_20240424005225_368def93-4524-4562-beae-41c50ab2fd54
2024-04-24T00:52:26,013  INFO [main] txn.TxnHandler: Expected to move at least one record from txn_components to completed_txn_components when committing txn! txnid:24
2024-04-24T00:52:26,020  INFO [main] txn.TxnHandler: Removed transactions: ([24]) from MIN_HISTORY_LEVEL
2024-04-24T00:52:26,020  WARN [main] txn.CompactionTxnHandler: No compaction queue record found for Compaction type transaction commit. txnId:24
2024-04-24T00:52:26,020  INFO [main] ql.TxnCommandsBaseForTests: Running the query: drop table if exists acidTbl2
2024-04-24T00:52:26,021  INFO [main] ql.Driver: Compiling command(queryId=alex_20240424005226_97977ec1-acda-421f-8860-6b94bc4f6e21): drop table if exists acidTbl2
2024-04-24T00:52:26,023  INFO [main] txn.TxnHandler: Added entries to MIN_HISTORY_LEVEL for current txns: ([25]) with min_open_txn: 21
2024-04-24T00:52:26,023  INFO [main] lockmgr.DbTxnManager: Opened txnid:25
2024-04-24T00:52:26,024  INFO [main] ql.Driver: Semantic Analysis Completed (retrial = false)
2024-04-24T00:52:26,024  INFO [main] ql.Driver: Created Hive schema: Schema(fieldSchemas:null, properties:null)
2024-04-24T00:52:26,024  INFO [main] metadata.Hive: Dumping metastore api call timing information for : compilation phase
2024-04-24T00:52:26,024  INFO [main] metadata.Hive: Total time spent in each metastore function (ms): {getTable_(GetTableRequest)=0, flushCache_()=0, getValidTxns_(long)=1, openTxn_(String, TxnType)=2, isCompatibleWith_(Configuration)=1, commitTxn_(CommitTxnRequest)=10}
2024-04-24T00:52:26,024  INFO [main] ql.Driver: Completed compiling command(queryId=alex_20240424005226_97977ec1-acda-421f-8860-6b94bc4f6e21); Time taken: 0.004 seconds
2024-04-24T00:52:26,025  INFO [main] lockmgr.DbTxnManager: Setting lock request transaction to txnid:25 for queryId=alex_20240424005226_97977ec1-acda-421f-8860-6b94bc4f6e21
2024-04-24T00:52:26,025  INFO [main] ql.Driver: Operation DROPTABLE obtained 0 locks
2024-04-24T00:52:26,025  INFO [main] ql.Driver: Executing command(queryId=alex_20240424005226_97977ec1-acda-421f-8860-6b94bc4f6e21): drop table if exists acidTbl2
2024-04-24T00:52:26,025  INFO [main] ql.Driver: Starting task [Stage-0:DDL] in serial mode
2024-04-24T00:52:26,025  INFO [main] metadata.SessionHiveMetaStoreClient: Column stats doesn't exist for db=default temp table=acidTbl2
2024-04-24T00:52:26,026  INFO [main] metadata.Hive: Dumping metastore api call timing information for : execution phase
2024-04-24T00:52:26,026  INFO [main] metadata.Hive: Total time spent in each metastore function (ms): {dropTable_(String, String, boolean, boolean, boolean)=1, getTable_(GetTableRequest)=0, isCompatibleWith_(Configuration)=0}
2024-04-24T00:52:26,026  INFO [main] ql.Driver: Completed executing command(queryId=alex_20240424005226_97977ec1-acda-421f-8860-6b94bc4f6e21); Time taken: 0.001 seconds
2024-04-24T00:52:26,026  INFO [main] lockmgr.DbTxnManager: Stopped heartbeat for query: alex_20240424005226_97977ec1-acda-421f-8860-6b94bc4f6e21
2024-04-24T00:52:26,032  INFO [main] txn.TxnHandler: Expected to move at least one record from txn_components to completed_txn_components when committing txn! txnid:25
2024-04-24T00:52:26,037  INFO [main] txn.TxnHandler: Removed transactions: ([25]) from MIN_HISTORY_LEVEL
2024-04-24T00:52:26,038  WARN [main] txn.CompactionTxnHandler: No compaction queue record found for Compaction type transaction commit. txnId:25
2024-04-24T00:52:26,038  INFO [main] ql.TxnCommandsBaseForTests: Running the query: drop table if exists nonAcidOrcTbl
2024-04-24T00:52:26,039  INFO [main] ql.Driver: Compiling command(queryId=alex_20240424005226_d0df7ff0-515b-4a41-816d-0220d1f864a9): drop table if exists nonAcidOrcTbl
2024-04-24T00:52:26,041  INFO [main] txn.TxnHandler: Added entries to MIN_HISTORY_LEVEL for current txns: ([26]) with min_open_txn: 21
2024-04-24T00:52:26,041  INFO [main] lockmgr.DbTxnManager: Opened txnid:26
2024-04-24T00:52:26,042  INFO [main] HiveMetaStore.audit: ugi=alex	ip=unknown-ip-addr	cmd=get_table : tbl=hive.default.nonAcidOrcTbl	
2024-04-24T00:52:26,063  INFO [main] metastore.HMSHandler: Skipping translation for processor with null
2024-04-24T00:52:26,063  INFO [main] ql.Driver: Semantic Analysis Completed (retrial = false)
2024-04-24T00:52:26,063  INFO [main] ql.Driver: Created Hive schema: Schema(fieldSchemas:null, properties:null)
2024-04-24T00:52:26,063  INFO [main] metadata.Hive: Dumping metastore api call timing information for : compilation phase
2024-04-24T00:52:26,064  INFO [main] metadata.Hive: Total time spent in each metastore function (ms): {commitTxn_(CommitTxnRequest)=12, getTable_(GetTableRequest)=21, getValidTxns_(long)=0, flushCache_()=0, openTxn_(String, TxnType)=2, isCompatibleWith_(Configuration)=1}
2024-04-24T00:52:26,064  INFO [main] ql.Driver: Completed compiling command(queryId=alex_20240424005226_d0df7ff0-515b-4a41-816d-0220d1f864a9); Time taken: 0.025 seconds
2024-04-24T00:52:26,064  INFO [main] lockmgr.DbTxnManager: Setting lock request transaction to txnid:26 for queryId=alex_20240424005226_d0df7ff0-515b-4a41-816d-0220d1f864a9
2024-04-24T00:52:26,065  INFO [main] lockmgr.DbLockManager: Requesting lock for queryId=alex_20240424005226_d0df7ff0-515b-4a41-816d-0220d1f864a9
2024-04-24T00:52:26,081  INFO [main] lockmgr.DbLockManager: Response to queryId=alex_20240424005226_d0df7ff0-515b-4a41-816d-0220d1f864a9 LockResponse(lockid:16, state:ACQUIRED)
2024-04-24T00:52:26,081  INFO [main] ql.Driver: Operation DROPTABLE obtained 1 locks
2024-04-24T00:52:26,081  INFO [main] ql.Driver: Executing command(queryId=alex_20240424005226_d0df7ff0-515b-4a41-816d-0220d1f864a9): drop table if exists nonAcidOrcTbl
2024-04-24T00:52:26,081  INFO [main] ql.Driver: Starting task [Stage-0:DDL] in serial mode
2024-04-24T00:52:26,081  INFO [main] HiveMetaStore.audit: ugi=alex	ip=unknown-ip-addr	cmd=get_table : tbl=hive.default.nonAcidOrcTbl	
2024-04-24T00:52:26,090  INFO [main] metastore.HMSHandler: Skipping translation for processor with null
2024-04-24T00:52:26,090  INFO [main] HiveMetaStore.audit: ugi=alex	ip=unknown-ip-addr	cmd=get_table : tbl=hive.default.nonAcidOrcTbl	
2024-04-24T00:52:26,099  INFO [main] metastore.HMSHandler: Skipping translation for processor with null
2024-04-24T00:52:26,099  INFO [main] HiveMetaStore.audit: ugi=alex	ip=unknown-ip-addr	cmd=drop_table : tbl=hive.default.nonAcidOrcTbl	
2024-04-24T00:52:26,169  INFO [main] metadata.Hive: Dumping metastore api call timing information for : execution phase
2024-04-24T00:52:26,169  INFO [main] metadata.Hive: Total time spent in each metastore function (ms): {dropTable_(String, String, boolean, boolean, boolean)=79, isCompatibleWith_(Configuration)=0, getTable_(GetTableRequest)=9}
2024-04-24T00:52:26,170  INFO [main] ql.Driver: Completed executing command(queryId=alex_20240424005226_d0df7ff0-515b-4a41-816d-0220d1f864a9); Time taken: 0.088 seconds
2024-04-24T00:52:26,170  INFO [main] lockmgr.DbTxnManager: Stopped heartbeat for query: alex_20240424005226_d0df7ff0-515b-4a41-816d-0220d1f864a9
2024-04-24T00:52:26,174  INFO [main] txn.TxnHandler: Expected to move at least one record from txn_components to completed_txn_components when committing txn! txnid:26
2024-04-24T00:52:26,180  INFO [main] txn.TxnHandler: Removed transactions: ([26]) from MIN_HISTORY_LEVEL
2024-04-24T00:52:26,180  WARN [main] txn.CompactionTxnHandler: No compaction queue record found for Compaction type transaction commit. txnId:26
2024-04-24T00:52:26,181  INFO [main] ql.TxnCommandsBaseForTests: Running the query: drop table if exists nonAcidOrcTbl2
2024-04-24T00:52:26,181  INFO [main] ql.Driver: Compiling command(queryId=alex_20240424005226_fbb017fc-04a3-4914-abee-a5504381e065): drop table if exists nonAcidOrcTbl2
2024-04-24T00:52:26,183  INFO [main] txn.TxnHandler: Added entries to MIN_HISTORY_LEVEL for current txns: ([27]) with min_open_txn: 21
2024-04-24T00:52:26,184  INFO [main] lockmgr.DbTxnManager: Opened txnid:27
2024-04-24T00:52:26,184  INFO [main] HiveMetaStore.audit: ugi=alex	ip=unknown-ip-addr	cmd=get_table : tbl=hive.default.nonAcidOrcTbl2	
2024-04-24T00:52:26,193  INFO [main] metastore.HMSHandler: Skipping translation for processor with null
2024-04-24T00:52:26,193  INFO [main] ql.Driver: Semantic Analysis Completed (retrial = false)
2024-04-24T00:52:26,193  INFO [main] ql.Driver: Created Hive schema: Schema(fieldSchemas:null, properties:null)
2024-04-24T00:52:26,193  INFO [main] metadata.Hive: Dumping metastore api call timing information for : compilation phase
2024-04-24T00:52:26,193  INFO [main] metadata.Hive: Total time spent in each metastore function (ms): {getValidTxns_(long)=0, getTable_(GetTableRequest)=9, commitTxn_(CommitTxnRequest)=10, isCompatibleWith_(Configuration)=0, flushCache_()=0, openTxn_(String, TxnType)=3}
2024-04-24T00:52:26,194  INFO [main] ql.Driver: Completed compiling command(queryId=alex_20240424005226_fbb017fc-04a3-4914-abee-a5504381e065); Time taken: 0.012 seconds
2024-04-24T00:52:26,194  INFO [main] lockmgr.DbTxnManager: Setting lock request transaction to txnid:27 for queryId=alex_20240424005226_fbb017fc-04a3-4914-abee-a5504381e065
2024-04-24T00:52:26,194  INFO [main] lockmgr.DbLockManager: Requesting lock for queryId=alex_20240424005226_fbb017fc-04a3-4914-abee-a5504381e065
2024-04-24T00:52:26,209  INFO [main] lockmgr.DbLockManager: Response to queryId=alex_20240424005226_fbb017fc-04a3-4914-abee-a5504381e065 LockResponse(lockid:17, state:ACQUIRED)
2024-04-24T00:52:26,209  INFO [main] ql.Driver: Operation DROPTABLE obtained 1 locks
2024-04-24T00:52:26,209  INFO [main] ql.Driver: Executing command(queryId=alex_20240424005226_fbb017fc-04a3-4914-abee-a5504381e065): drop table if exists nonAcidOrcTbl2
2024-04-24T00:52:26,209  INFO [main] ql.Driver: Starting task [Stage-0:DDL] in serial mode
2024-04-24T00:52:26,209  INFO [main] HiveMetaStore.audit: ugi=alex	ip=unknown-ip-addr	cmd=get_table : tbl=hive.default.nonAcidOrcTbl2	
2024-04-24T00:52:26,218  INFO [main] metastore.HMSHandler: Skipping translation for processor with null
2024-04-24T00:52:26,218  INFO [main] HiveMetaStore.audit: ugi=alex	ip=unknown-ip-addr	cmd=get_table : tbl=hive.default.nonAcidOrcTbl2	
2024-04-24T00:52:26,227  INFO [main] metastore.HMSHandler: Skipping translation for processor with null
2024-04-24T00:52:26,227  INFO [main] HiveMetaStore.audit: ugi=alex	ip=unknown-ip-addr	cmd=drop_table : tbl=hive.default.nonAcidOrcTbl2	
2024-04-24T00:52:26,258  INFO [main] metadata.Hive: Dumping metastore api call timing information for : execution phase
2024-04-24T00:52:26,258  INFO [main] metadata.Hive: Total time spent in each metastore function (ms): {dropTable_(String, String, boolean, boolean, boolean)=40, isCompatibleWith_(Configuration)=0, getTable_(GetTableRequest)=9}
2024-04-24T00:52:26,258  INFO [main] ql.Driver: Completed executing command(queryId=alex_20240424005226_fbb017fc-04a3-4914-abee-a5504381e065); Time taken: 0.049 seconds
2024-04-24T00:52:26,258  INFO [main] lockmgr.DbTxnManager: Stopped heartbeat for query: alex_20240424005226_fbb017fc-04a3-4914-abee-a5504381e065
2024-04-24T00:52:26,263  INFO [main] txn.TxnHandler: Expected to move at least one record from txn_components to completed_txn_components when committing txn! txnid:27
2024-04-24T00:52:26,271  INFO [main] txn.TxnHandler: Removed transactions: ([27]) from MIN_HISTORY_LEVEL
2024-04-24T00:52:26,271  WARN [main] txn.CompactionTxnHandler: No compaction queue record found for Compaction type transaction commit. txnId:27
2024-04-24T00:52:26,272  INFO [main] ql.TxnCommandsBaseForTests: Running the query: drop table if exists nonAcidNonBucket
2024-04-24T00:52:26,272  INFO [main] ql.Driver: Compiling command(queryId=alex_20240424005226_39b67c84-6c60-4e9f-b788-952a74140ed3): drop table if exists nonAcidNonBucket
2024-04-24T00:52:26,275  INFO [main] txn.TxnHandler: Added entries to MIN_HISTORY_LEVEL for current txns: ([28]) with min_open_txn: 21
2024-04-24T00:52:26,276  INFO [main] lockmgr.DbTxnManager: Opened txnid:28
2024-04-24T00:52:26,276  INFO [main] HiveMetaStore.audit: ugi=alex	ip=unknown-ip-addr	cmd=get_table : tbl=hive.default.nonAcidNonBucket	
2024-04-24T00:52:26,286  INFO [main] metastore.HMSHandler: Skipping translation for processor with null
2024-04-24T00:52:26,286  INFO [main] ql.Driver: Semantic Analysis Completed (retrial = false)
2024-04-24T00:52:26,286  INFO [main] ql.Driver: Created Hive schema: Schema(fieldSchemas:null, properties:null)
2024-04-24T00:52:26,286  INFO [main] metadata.Hive: Dumping metastore api call timing information for : compilation phase
2024-04-24T00:52:26,286  INFO [main] metadata.Hive: Total time spent in each metastore function (ms): {getValidTxns_(long)=0, flushCache_()=0, openTxn_(String, TxnType)=3, isCompatibleWith_(Configuration)=1, getTable_(GetTableRequest)=10, commitTxn_(CommitTxnRequest)=13}
2024-04-24T00:52:26,287  INFO [main] ql.Driver: Completed compiling command(queryId=alex_20240424005226_39b67c84-6c60-4e9f-b788-952a74140ed3); Time taken: 0.014 seconds
2024-04-24T00:52:26,287  INFO [main] lockmgr.DbTxnManager: Setting lock request transaction to txnid:28 for queryId=alex_20240424005226_39b67c84-6c60-4e9f-b788-952a74140ed3
2024-04-24T00:52:26,288  INFO [main] lockmgr.DbLockManager: Requesting lock for queryId=alex_20240424005226_39b67c84-6c60-4e9f-b788-952a74140ed3
2024-04-24T00:52:26,303  INFO [main] lockmgr.DbLockManager: Response to queryId=alex_20240424005226_39b67c84-6c60-4e9f-b788-952a74140ed3 LockResponse(lockid:18, state:ACQUIRED)
2024-04-24T00:52:26,304  INFO [main] ql.Driver: Operation DROPTABLE obtained 1 locks
2024-04-24T00:52:26,304  INFO [main] ql.Driver: Executing command(queryId=alex_20240424005226_39b67c84-6c60-4e9f-b788-952a74140ed3): drop table if exists nonAcidNonBucket
2024-04-24T00:52:26,304  INFO [main] ql.Driver: Starting task [Stage-0:DDL] in serial mode
2024-04-24T00:52:26,304  INFO [main] HiveMetaStore.audit: ugi=alex	ip=unknown-ip-addr	cmd=get_table : tbl=hive.default.nonAcidNonBucket	
2024-04-24T00:52:26,313  INFO [main] metastore.HMSHandler: Skipping translation for processor with null
2024-04-24T00:52:26,314  INFO [main] HiveMetaStore.audit: ugi=alex	ip=unknown-ip-addr	cmd=get_table : tbl=hive.default.nonAcidNonBucket	
2024-04-24T00:52:26,322  INFO [main] metastore.HMSHandler: Skipping translation for processor with null
2024-04-24T00:52:26,322  INFO [main] HiveMetaStore.audit: ugi=alex	ip=unknown-ip-addr	cmd=drop_table : tbl=hive.default.nonAcidNonBucket	
2024-04-24T00:52:26,352  INFO [main] metadata.Hive: Dumping metastore api call timing information for : execution phase
2024-04-24T00:52:26,352  INFO [main] metadata.Hive: Total time spent in each metastore function (ms): {isCompatibleWith_(Configuration)=0, dropTable_(String, String, boolean, boolean, boolean)=38, getTable_(GetTableRequest)=9}
2024-04-24T00:52:26,352  INFO [main] ql.Driver: Completed executing command(queryId=alex_20240424005226_39b67c84-6c60-4e9f-b788-952a74140ed3); Time taken: 0.048 seconds
2024-04-24T00:52:26,352  INFO [main] lockmgr.DbTxnManager: Stopped heartbeat for query: alex_20240424005226_39b67c84-6c60-4e9f-b788-952a74140ed3
2024-04-24T00:52:26,356  INFO [main] txn.TxnHandler: Expected to move at least one record from txn_components to completed_txn_components when committing txn! txnid:28
2024-04-24T00:52:26,363  INFO [main] txn.TxnHandler: Removed transactions: ([28]) from MIN_HISTORY_LEVEL
2024-04-24T00:52:26,363  WARN [main] txn.CompactionTxnHandler: No compaction queue record found for Compaction type transaction commit. txnId:28
2024-04-24T00:52:26,364  INFO [main] utils.TestTxnDbUtil: Cleaning transactional tables
]]></system-err>
  </testcase>
  <testcase name="testExportPartPartial2" classname="org.apache.hadoop.hive.ql.TestTxnExIm" time="7.293"/>
  <testcase name="testExportPartPartial3" classname="org.apache.hadoop.hive.ql.TestTxnExIm" time="7.257"/>
  <testcase name="testExportMerge" classname="org.apache.hadoop.hive.ql.TestTxnExIm" time="3.665">
    <error type="java.lang.RuntimeException"><![CDATA[java.lang.RuntimeException: update T set b = 17 where a = 1 failed: (responseCode = 40000, errorMessage = FAILED: NoMatchingMethodException No matching method for class org.apache.hadoop.hive.ql.udf.UDFToInteger with (struct<writeid:bigint,bucketid:int,rowid:bigint>). Possible choices: _FUNC_(bigint)  _FUNC_(boolean)  _FUNC_(decimal(38,18))  _FUNC_(double)  _FUNC_(float)  _FUNC_(smallint)  _FUNC_(string)  _FUNC_(struct<rowid:bigint,bucketid:bigint,writeid:int>)  _FUNC_(timestamp)  _FUNC_(tinyint)  _FUNC_(void)  , hiveErrorCode = 40000, SQLState = 42000, exception = No matching method for class org.apache.hadoop.hive.ql.udf.UDFToInteger with (struct<writeid:bigint,bucketid:int,rowid:bigint>). Possible choices: _FUNC_(bigint)  _FUNC_(boolean)  _FUNC_(decimal(38,18))  _FUNC_(double)  _FUNC_(float)  _FUNC_(smallint)  _FUNC_(string)  _FUNC_(struct<rowid:bigint,bucketid:bigint,writeid:int>)  _FUNC_(timestamp)  _FUNC_(tinyint)  _FUNC_(void)  )
	at org.apache.hadoop.hive.ql.TxnCommandsBaseForTests.runStatementOnDriver(TxnCommandsBaseForTests.java:247)
	at org.apache.hadoop.hive.ql.TestTxnExIm.testExportMerge(TestTxnExIm.java:104)
	at sun.reflect.NativeMethodAccessorImpl.invoke0(Native Method)
	at sun.reflect.NativeMethodAccessorImpl.invoke(NativeMethodAccessorImpl.java:62)
	at sun.reflect.DelegatingMethodAccessorImpl.invoke(DelegatingMethodAccessorImpl.java:43)
	at java.lang.reflect.Method.invoke(Method.java:498)
	at org.junit.runners.model.FrameworkMethod$1.runReflectiveCall(FrameworkMethod.java:59)
	at org.junit.internal.runners.model.ReflectiveCallable.run(ReflectiveCallable.java:12)
	at org.junit.runners.model.FrameworkMethod.invokeExplosively(FrameworkMethod.java:56)
	at org.junit.internal.runners.statements.InvokeMethod.evaluate(InvokeMethod.java:17)
	at org.junit.internal.runners.statements.RunBefores.evaluate(RunBefores.java:26)
	at org.junit.internal.runners.statements.RunAfters.evaluate(RunAfters.java:27)
	at org.junit.rules.TestWatcher$1.evaluate(TestWatcher.java:61)
	at org.junit.runners.ParentRunner$3.evaluate(ParentRunner.java:306)
	at org.junit.runners.BlockJUnit4ClassRunner$1.evaluate(BlockJUnit4ClassRunner.java:100)
	at org.junit.runners.ParentRunner.runLeaf(ParentRunner.java:366)
	at org.junit.runners.BlockJUnit4ClassRunner.runChild(BlockJUnit4ClassRunner.java:103)
	at org.junit.runners.BlockJUnit4ClassRunner.runChild(BlockJUnit4ClassRunner.java:63)
	at org.junit.runners.ParentRunner$4.run(ParentRunner.java:331)
	at org.junit.runners.ParentRunner$1.schedule(ParentRunner.java:79)
	at org.junit.runners.ParentRunner.runChildren(ParentRunner.java:329)
	at org.junit.runners.ParentRunner.access$100(ParentRunner.java:66)
	at org.junit.runners.ParentRunner$2.evaluate(ParentRunner.java:293)
	at org.junit.runners.ParentRunner$3.evaluate(ParentRunner.java:306)
	at org.junit.runners.ParentRunner.run(ParentRunner.java:413)
	at org.junit.runner.JUnitCore.run(JUnitCore.java:137)
	at org.junit.runner.JUnitCore.run(JUnitCore.java:115)
	at org.junit.vintage.engine.execution.RunnerExecutor.execute(RunnerExecutor.java:43)
	at java.util.stream.ForEachOps$ForEachOp$OfRef.accept(ForEachOps.java:183)
	at java.util.stream.ReferencePipeline$3$1.accept(ReferencePipeline.java:193)
	at java.util.Iterator.forEachRemaining(Iterator.java:116)
	at java.util.Spliterators$IteratorSpliterator.forEachRemaining(Spliterators.java:1801)
	at java.util.stream.AbstractPipeline.copyInto(AbstractPipeline.java:482)
	at java.util.stream.AbstractPipeline.wrapAndCopyInto(AbstractPipeline.java:472)
	at java.util.stream.ForEachOps$ForEachOp.evaluateSequential(ForEachOps.java:150)
	at java.util.stream.ForEachOps$ForEachOp$OfRef.evaluateSequential(ForEachOps.java:173)
	at java.util.stream.AbstractPipeline.evaluate(AbstractPipeline.java:234)
	at java.util.stream.ReferencePipeline.forEach(ReferencePipeline.java:485)
	at org.junit.vintage.engine.VintageTestEngine.executeAllChildren(VintageTestEngine.java:82)
	at org.junit.vintage.engine.VintageTestEngine.execute(VintageTestEngine.java:73)
	at org.junit.platform.launcher.core.DefaultLauncher.execute(DefaultLauncher.java:248)
	at org.junit.platform.launcher.core.DefaultLauncher.lambda$execute$5(DefaultLauncher.java:211)
	at org.junit.platform.launcher.core.DefaultLauncher.withInterceptedStreams(DefaultLauncher.java:226)
	at org.junit.platform.launcher.core.DefaultLauncher.execute(DefaultLauncher.java:199)
	at org.junit.platform.launcher.core.DefaultLauncher.execute(DefaultLauncher.java:132)
	at org.apache.maven.surefire.junitplatform.JUnitPlatformProvider.invokeAllTests(JUnitPlatformProvider.java:154)
	at org.apache.maven.surefire.junitplatform.JUnitPlatformProvider.invoke(JUnitPlatformProvider.java:123)
	at org.apache.maven.surefire.booter.ForkedBooter.runSuitesInProcess(ForkedBooter.java:377)
	at org.apache.maven.surefire.booter.ForkedBooter.execute(ForkedBooter.java:138)
	at org.apache.maven.surefire.booter.ForkedBooter.run(ForkedBooter.java:465)
	at org.apache.maven.surefire.booter.ForkedBooter.main(ForkedBooter.java:451)
]]></error>
    <system-err><![CDATA[2024-04-24T00:52:40,977  WARN [main] conf.HiveConf: HiveConf of name hive.stats.key.prefix.reserve.length does not exist
2024-04-24T00:52:40,977  WARN [main] conf.HiveConf: HiveConf of name hive.metastore.client.cache.recordStats does not exist
2024-04-24T00:52:40,978  WARN [main] conf.HiveConf: HiveConf of name hive.metastore.metadb.dir does not exist
2024-04-24T00:52:40,978  WARN [main] conf.HiveConf: HiveConf of name hive.dummyparam.test.server.specific.config.metastoresite does not exist
2024-04-24T00:52:40,978  WARN [main] conf.HiveConf: HiveConf of name hive.llap.io.cache.orc.alloc.min does not exist
2024-04-24T00:52:40,978  WARN [main] conf.HiveConf: HiveConf of name hive.dummyparam.test.server.specific.config.override does not exist
2024-04-24T00:52:40,978  WARN [main] conf.HiveConf: HiveConf of name hive.llap.io.cache.orc.arena.size does not exist
2024-04-24T00:52:40,978  WARN [main] conf.HiveConf: HiveConf of name hive.metastore.client.cache.maxSize does not exist
2024-04-24T00:52:40,978  WARN [main] conf.HiveConf: HiveConf of name hive.llap.io.cache.orc.alloc.max does not exist
2024-04-24T00:52:40,978  WARN [main] conf.HiveConf: HiveConf of name hive.llap.io.cache.orc.size does not exist
2024-04-24T00:52:40,979  WARN [main] conf.HiveConf: HiveConf of name hive.dummyparam.test.server.specific.config.hivesite does not exist
2024-04-24T00:52:40,980  INFO [main] utils.TestTxnDbUtil: Creating transactional tables
Hive Session ID = f7a1b7d6-5c2b-48d6-b44a-d527c474acbc
2024-04-24T00:52:40,983  INFO [main] SessionState: Hive Session ID = f7a1b7d6-5c2b-48d6-b44a-d527c474acbc
ivysettings.xml file not found in HIVE_HOME or HIVE_CONF_DIR,/home/alex/Repositories/hive/conf/ivysettings.xml will be used
2024-04-24T00:52:40,983  INFO [main] DependencyResolver: ivysettings.xml file not found in HIVE_HOME or HIVE_CONF_DIR,/home/alex/Repositories/hive/conf/ivysettings.xml will be used
2024-04-24T00:52:40,989  INFO [main] session.SessionState: Created HDFS directory: /home/alex/Repositories/hive/ql/target/tmp/scratchdir/alex/f7a1b7d6-5c2b-48d6-b44a-d527c474acbc
2024-04-24T00:52:40,991  INFO [main] session.SessionState: Created local directory: /home/alex/Repositories/hive/ql/target/tmp/localscratchdir/f7a1b7d6-5c2b-48d6-b44a-d527c474acbc
2024-04-24T00:52:40,993  INFO [main] session.SessionState: Created HDFS directory: /home/alex/Repositories/hive/ql/target/tmp/scratchdir/alex/f7a1b7d6-5c2b-48d6-b44a-d527c474acbc/_tmp_space.db
2024-04-24T00:52:40,994  INFO [main] sqlstd.SQLStdHiveAccessController: Created SQLStdHiveAccessController for session context : HiveAuthzSessionContext [sessionString=f7a1b7d6-5c2b-48d6-b44a-d527c474acbc, clientType=HIVECLI]
2024-04-24T00:52:40,994  INFO [main] ql.TxnCommandsBaseForTests: Running the query: drop table if exists acidTbl
2024-04-24T00:52:40,995  INFO [main] ql.Driver: Compiling command(queryId=alex_20240424005240_63b3f138-1e99-412d-aa73-ab3899585ffc): drop table if exists acidTbl
2024-04-24T00:52:41,003  INFO [main] txn.TxnHandler: Added entries to MIN_HISTORY_LEVEL for current txns: ([1]) with min_open_txn: 1
2024-04-24T00:52:41,003  INFO [main] lockmgr.DbTxnManager: Opened txnid:1
2024-04-24T00:52:41,006  INFO [main] HiveMetaStore.audit: ugi=alex	ip=unknown-ip-addr	cmd=get_table : tbl=hive.default.acidTbl	
2024-04-24T00:52:41,009  INFO [main] ql.Driver: Semantic Analysis Completed (retrial = false)
2024-04-24T00:52:41,009  INFO [main] ql.Driver: Created Hive schema: Schema(fieldSchemas:null, properties:null)
2024-04-24T00:52:41,009  INFO [main] metadata.Hive: Dumping metastore api call timing information for : compilation phase
2024-04-24T00:52:41,009  INFO [main] metadata.Hive: Total time spent in each metastore function (ms): {openTxn_(String, TxnType)=8, isCompatibleWith_(Configuration)=1, getValidTxns_(long)=1, commitTxn_(CommitTxnRequest)=11, flushCache_()=0}
2024-04-24T00:52:41,010  INFO [main] ql.Driver: Completed compiling command(queryId=alex_20240424005240_63b3f138-1e99-412d-aa73-ab3899585ffc); Time taken: 0.015 seconds
2024-04-24T00:52:41,010  INFO [main] lockmgr.DbTxnManager: Setting lock request transaction to txnid:1 for queryId=alex_20240424005240_63b3f138-1e99-412d-aa73-ab3899585ffc
2024-04-24T00:52:41,010  INFO [main] ql.Driver: Operation DROPTABLE obtained 0 locks
2024-04-24T00:52:41,010  INFO [main] ql.Driver: Executing command(queryId=alex_20240424005240_63b3f138-1e99-412d-aa73-ab3899585ffc): drop table if exists acidTbl
2024-04-24T00:52:41,010  INFO [main] ql.Driver: Starting task [Stage-0:DDL] in serial mode
2024-04-24T00:52:41,010  INFO [main] HiveMetaStore.audit: ugi=alex	ip=unknown-ip-addr	cmd=get_table : tbl=hive.default.acidTbl	
2024-04-24T00:52:41,013  INFO [main] metadata.Hive: Dumping metastore api call timing information for : execution phase
2024-04-24T00:52:41,014  INFO [main] metadata.Hive: Total time spent in each metastore function (ms): {isCompatibleWith_(Configuration)=0}
2024-04-24T00:52:41,014  INFO [main] ql.Driver: Completed executing command(queryId=alex_20240424005240_63b3f138-1e99-412d-aa73-ab3899585ffc); Time taken: 0.003 seconds
2024-04-24T00:52:41,014  INFO [main] lockmgr.DbTxnManager: Stopped heartbeat for query: alex_20240424005240_63b3f138-1e99-412d-aa73-ab3899585ffc
2024-04-24T00:52:41,020  INFO [main] txn.TxnHandler: Expected to move at least one record from txn_components to completed_txn_components when committing txn! txnid:1
2024-04-24T00:52:41,028  INFO [main] txn.TxnHandler: Removed transactions: ([1]) from MIN_HISTORY_LEVEL
2024-04-24T00:52:41,028  WARN [main] txn.CompactionTxnHandler: No compaction queue record found for Compaction type transaction commit. txnId:1
2024-04-24T00:52:41,029  INFO [main] ql.TxnCommandsBaseForTests: Running the query: drop table if exists acidTblPart
2024-04-24T00:52:41,029  INFO [main] ql.Driver: Compiling command(queryId=alex_20240424005241_9105a514-95c7-4b94-9953-f024139a7554): drop table if exists acidTblPart
2024-04-24T00:52:41,032  INFO [main] txn.TxnHandler: Added entries to MIN_HISTORY_LEVEL for current txns: ([2]) with min_open_txn: 1
2024-04-24T00:52:41,032  INFO [main] lockmgr.DbTxnManager: Opened txnid:2
2024-04-24T00:52:41,032  INFO [main] HiveMetaStore.audit: ugi=alex	ip=unknown-ip-addr	cmd=get_table : tbl=hive.default.acidTblPart	
2024-04-24T00:52:41,035  INFO [main] ql.Driver: Semantic Analysis Completed (retrial = false)
2024-04-24T00:52:41,035  INFO [main] ql.Driver: Created Hive schema: Schema(fieldSchemas:null, properties:null)
2024-04-24T00:52:41,035  INFO [main] metadata.Hive: Dumping metastore api call timing information for : compilation phase
2024-04-24T00:52:41,036  INFO [main] metadata.Hive: Total time spent in each metastore function (ms): {getValidTxns_(long)=0, isCompatibleWith_(Configuration)=0, commitTxn_(CommitTxnRequest)=15, flushCache_()=0, openTxn_(String, TxnType)=2}
2024-04-24T00:52:41,036  INFO [main] ql.Driver: Completed compiling command(queryId=alex_20240424005241_9105a514-95c7-4b94-9953-f024139a7554); Time taken: 0.006 seconds
2024-04-24T00:52:41,036  INFO [main] lockmgr.DbTxnManager: Setting lock request transaction to txnid:2 for queryId=alex_20240424005241_9105a514-95c7-4b94-9953-f024139a7554
2024-04-24T00:52:41,036  INFO [main] ql.Driver: Operation DROPTABLE obtained 0 locks
2024-04-24T00:52:41,036  INFO [main] ql.Driver: Executing command(queryId=alex_20240424005241_9105a514-95c7-4b94-9953-f024139a7554): drop table if exists acidTblPart
2024-04-24T00:52:41,036  INFO [main] ql.Driver: Starting task [Stage-0:DDL] in serial mode
2024-04-24T00:52:41,037  INFO [main] HiveMetaStore.audit: ugi=alex	ip=unknown-ip-addr	cmd=get_table : tbl=hive.default.acidTblPart	
2024-04-24T00:52:41,040  INFO [main] metadata.Hive: Dumping metastore api call timing information for : execution phase
2024-04-24T00:52:41,040  INFO [main] metadata.Hive: Total time spent in each metastore function (ms): {isCompatibleWith_(Configuration)=1}
2024-04-24T00:52:41,040  INFO [main] ql.Driver: Completed executing command(queryId=alex_20240424005241_9105a514-95c7-4b94-9953-f024139a7554); Time taken: 0.004 seconds
2024-04-24T00:52:41,040  INFO [main] lockmgr.DbTxnManager: Stopped heartbeat for query: alex_20240424005241_9105a514-95c7-4b94-9953-f024139a7554
2024-04-24T00:52:41,046  INFO [main] txn.TxnHandler: Expected to move at least one record from txn_components to completed_txn_components when committing txn! txnid:2
2024-04-24T00:52:41,053  INFO [main] txn.TxnHandler: Removed transactions: ([2]) from MIN_HISTORY_LEVEL
2024-04-24T00:52:41,053  WARN [main] txn.CompactionTxnHandler: No compaction queue record found for Compaction type transaction commit. txnId:2
2024-04-24T00:52:41,053  INFO [main] ql.TxnCommandsBaseForTests: Running the query: drop table if exists acidTbl2
2024-04-24T00:52:41,054  INFO [main] ql.Driver: Compiling command(queryId=alex_20240424005241_f17e57a9-60e1-407c-bbfb-d35d245e13f4): drop table if exists acidTbl2
2024-04-24T00:52:41,056  INFO [main] txn.TxnHandler: Added entries to MIN_HISTORY_LEVEL for current txns: ([3]) with min_open_txn: 1
2024-04-24T00:52:41,057  INFO [main] lockmgr.DbTxnManager: Opened txnid:3
2024-04-24T00:52:41,057  INFO [main] HiveMetaStore.audit: ugi=alex	ip=unknown-ip-addr	cmd=get_table : tbl=hive.default.acidTbl2	
2024-04-24T00:52:41,060  INFO [main] ql.Driver: Semantic Analysis Completed (retrial = false)
2024-04-24T00:52:41,061  INFO [main] ql.Driver: Created Hive schema: Schema(fieldSchemas:null, properties:null)
2024-04-24T00:52:41,061  INFO [main] metadata.Hive: Dumping metastore api call timing information for : compilation phase
2024-04-24T00:52:41,061  INFO [main] metadata.Hive: Total time spent in each metastore function (ms): {flushCache_()=0, isCompatibleWith_(Configuration)=0, getValidTxns_(long)=0, commitTxn_(CommitTxnRequest)=13, openTxn_(String, TxnType)=3}
2024-04-24T00:52:41,061  INFO [main] ql.Driver: Completed compiling command(queryId=alex_20240424005241_f17e57a9-60e1-407c-bbfb-d35d245e13f4); Time taken: 0.007 seconds
2024-04-24T00:52:41,061  INFO [main] lockmgr.DbTxnManager: Setting lock request transaction to txnid:3 for queryId=alex_20240424005241_f17e57a9-60e1-407c-bbfb-d35d245e13f4
2024-04-24T00:52:41,061  INFO [main] ql.Driver: Operation DROPTABLE obtained 0 locks
2024-04-24T00:52:41,061  INFO [main] ql.Driver: Executing command(queryId=alex_20240424005241_f17e57a9-60e1-407c-bbfb-d35d245e13f4): drop table if exists acidTbl2
2024-04-24T00:52:41,062  INFO [main] ql.Driver: Starting task [Stage-0:DDL] in serial mode
2024-04-24T00:52:41,062  INFO [main] HiveMetaStore.audit: ugi=alex	ip=unknown-ip-addr	cmd=get_table : tbl=hive.default.acidTbl2	
2024-04-24T00:52:41,065  INFO [main] metadata.Hive: Dumping metastore api call timing information for : execution phase
2024-04-24T00:52:41,065  INFO [main] metadata.Hive: Total time spent in each metastore function (ms): {isCompatibleWith_(Configuration)=0}
2024-04-24T00:52:41,065  INFO [main] ql.Driver: Completed executing command(queryId=alex_20240424005241_f17e57a9-60e1-407c-bbfb-d35d245e13f4); Time taken: 0.004 seconds
2024-04-24T00:52:41,065  INFO [main] lockmgr.DbTxnManager: Stopped heartbeat for query: alex_20240424005241_f17e57a9-60e1-407c-bbfb-d35d245e13f4
2024-04-24T00:52:41,071  INFO [main] txn.TxnHandler: Expected to move at least one record from txn_components to completed_txn_components when committing txn! txnid:3
2024-04-24T00:52:41,078  INFO [main] txn.TxnHandler: Removed transactions: ([3]) from MIN_HISTORY_LEVEL
2024-04-24T00:52:41,079  WARN [main] txn.CompactionTxnHandler: No compaction queue record found for Compaction type transaction commit. txnId:3
2024-04-24T00:52:41,079  INFO [main] ql.TxnCommandsBaseForTests: Running the query: drop table if exists nonAcidOrcTbl
2024-04-24T00:52:41,080  INFO [main] ql.Driver: Compiling command(queryId=alex_20240424005241_c4dafe5b-f972-4c9a-801c-a4a9cb7273c7): drop table if exists nonAcidOrcTbl
2024-04-24T00:52:41,082  INFO [main] txn.TxnHandler: Added entries to MIN_HISTORY_LEVEL for current txns: ([4]) with min_open_txn: 1
2024-04-24T00:52:41,082  INFO [main] lockmgr.DbTxnManager: Opened txnid:4
2024-04-24T00:52:41,083  INFO [main] HiveMetaStore.audit: ugi=alex	ip=unknown-ip-addr	cmd=get_table : tbl=hive.default.nonAcidOrcTbl	
2024-04-24T00:52:41,086  INFO [main] ql.Driver: Semantic Analysis Completed (retrial = false)
2024-04-24T00:52:41,086  INFO [main] ql.Driver: Created Hive schema: Schema(fieldSchemas:null, properties:null)
2024-04-24T00:52:41,086  INFO [main] metadata.Hive: Dumping metastore api call timing information for : compilation phase
2024-04-24T00:52:41,086  INFO [main] metadata.Hive: Total time spent in each metastore function (ms): {isCompatibleWith_(Configuration)=0, commitTxn_(CommitTxnRequest)=13, flushCache_()=0, openTxn_(String, TxnType)=2, getValidTxns_(long)=0}
2024-04-24T00:52:41,086  INFO [main] ql.Driver: Completed compiling command(queryId=alex_20240424005241_c4dafe5b-f972-4c9a-801c-a4a9cb7273c7); Time taken: 0.007 seconds
2024-04-24T00:52:41,086  INFO [main] lockmgr.DbTxnManager: Setting lock request transaction to txnid:4 for queryId=alex_20240424005241_c4dafe5b-f972-4c9a-801c-a4a9cb7273c7
2024-04-24T00:52:41,086  INFO [main] ql.Driver: Operation DROPTABLE obtained 0 locks
2024-04-24T00:52:41,086  INFO [main] ql.Driver: Executing command(queryId=alex_20240424005241_c4dafe5b-f972-4c9a-801c-a4a9cb7273c7): drop table if exists nonAcidOrcTbl
2024-04-24T00:52:41,086  INFO [main] ql.Driver: Starting task [Stage-0:DDL] in serial mode
2024-04-24T00:52:41,087  INFO [main] HiveMetaStore.audit: ugi=alex	ip=unknown-ip-addr	cmd=get_table : tbl=hive.default.nonAcidOrcTbl	
2024-04-24T00:52:41,090  INFO [main] metadata.Hive: Dumping metastore api call timing information for : execution phase
2024-04-24T00:52:41,090  INFO [main] metadata.Hive: Total time spent in each metastore function (ms): {isCompatibleWith_(Configuration)=1}
2024-04-24T00:52:41,090  INFO [main] ql.Driver: Completed executing command(queryId=alex_20240424005241_c4dafe5b-f972-4c9a-801c-a4a9cb7273c7); Time taken: 0.004 seconds
2024-04-24T00:52:41,090  INFO [main] lockmgr.DbTxnManager: Stopped heartbeat for query: alex_20240424005241_c4dafe5b-f972-4c9a-801c-a4a9cb7273c7
2024-04-24T00:52:41,096  INFO [main] txn.TxnHandler: Expected to move at least one record from txn_components to completed_txn_components when committing txn! txnid:4
2024-04-24T00:52:41,102  INFO [main] txn.TxnHandler: Removed transactions: ([4]) from MIN_HISTORY_LEVEL
2024-04-24T00:52:41,102  WARN [main] txn.CompactionTxnHandler: No compaction queue record found for Compaction type transaction commit. txnId:4
2024-04-24T00:52:41,103  INFO [main] ql.TxnCommandsBaseForTests: Running the query: drop table if exists nonAcidOrcTbl2
2024-04-24T00:52:41,103  INFO [main] ql.Driver: Compiling command(queryId=alex_20240424005241_611fd291-d78d-45bc-8988-d2ee3c4c2e48): drop table if exists nonAcidOrcTbl2
2024-04-24T00:52:41,105  INFO [main] txn.TxnHandler: Added entries to MIN_HISTORY_LEVEL for current txns: ([5]) with min_open_txn: 1
2024-04-24T00:52:41,106  INFO [main] lockmgr.DbTxnManager: Opened txnid:5
2024-04-24T00:52:41,107  INFO [main] HiveMetaStore.audit: ugi=alex	ip=unknown-ip-addr	cmd=get_table : tbl=hive.default.nonAcidOrcTbl2	
2024-04-24T00:52:41,110  INFO [main] ql.Driver: Semantic Analysis Completed (retrial = false)
2024-04-24T00:52:41,110  INFO [main] ql.Driver: Created Hive schema: Schema(fieldSchemas:null, properties:null)
2024-04-24T00:52:41,110  INFO [main] metadata.Hive: Dumping metastore api call timing information for : compilation phase
2024-04-24T00:52:41,111  INFO [main] metadata.Hive: Total time spent in each metastore function (ms): {isCompatibleWith_(Configuration)=1, commitTxn_(CommitTxnRequest)=13, openTxn_(String, TxnType)=2, getValidTxns_(long)=0, flushCache_()=0}
2024-04-24T00:52:41,111  INFO [main] ql.Driver: Completed compiling command(queryId=alex_20240424005241_611fd291-d78d-45bc-8988-d2ee3c4c2e48); Time taken: 0.007 seconds
2024-04-24T00:52:41,111  INFO [main] lockmgr.DbTxnManager: Setting lock request transaction to txnid:5 for queryId=alex_20240424005241_611fd291-d78d-45bc-8988-d2ee3c4c2e48
2024-04-24T00:52:41,111  INFO [main] ql.Driver: Operation DROPTABLE obtained 0 locks
2024-04-24T00:52:41,111  INFO [main] ql.Driver: Executing command(queryId=alex_20240424005241_611fd291-d78d-45bc-8988-d2ee3c4c2e48): drop table if exists nonAcidOrcTbl2
2024-04-24T00:52:41,111  INFO [main] ql.Driver: Starting task [Stage-0:DDL] in serial mode
2024-04-24T00:52:41,112  INFO [main] HiveMetaStore.audit: ugi=alex	ip=unknown-ip-addr	cmd=get_table : tbl=hive.default.nonAcidOrcTbl2	
2024-04-24T00:52:41,115  INFO [main] metadata.Hive: Dumping metastore api call timing information for : execution phase
2024-04-24T00:52:41,115  INFO [main] metadata.Hive: Total time spent in each metastore function (ms): {isCompatibleWith_(Configuration)=0}
2024-04-24T00:52:41,115  INFO [main] ql.Driver: Completed executing command(queryId=alex_20240424005241_611fd291-d78d-45bc-8988-d2ee3c4c2e48); Time taken: 0.004 seconds
2024-04-24T00:52:41,115  INFO [main] lockmgr.DbTxnManager: Stopped heartbeat for query: alex_20240424005241_611fd291-d78d-45bc-8988-d2ee3c4c2e48
2024-04-24T00:52:41,121  INFO [main] txn.TxnHandler: Expected to move at least one record from txn_components to completed_txn_components when committing txn! txnid:5
2024-04-24T00:52:41,127  INFO [main] txn.TxnHandler: Removed transactions: ([5]) from MIN_HISTORY_LEVEL
2024-04-24T00:52:41,128  WARN [main] txn.CompactionTxnHandler: No compaction queue record found for Compaction type transaction commit. txnId:5
2024-04-24T00:52:41,128  INFO [main] ql.TxnCommandsBaseForTests: Running the query: drop table if exists nonAcidNonBucket
2024-04-24T00:52:41,128  INFO [main] ql.Driver: Compiling command(queryId=alex_20240424005241_e348f4ac-6132-4a1c-8e62-6b5a73890772): drop table if exists nonAcidNonBucket
2024-04-24T00:52:41,131  INFO [main] txn.TxnHandler: Added entries to MIN_HISTORY_LEVEL for current txns: ([6]) with min_open_txn: 1
2024-04-24T00:52:41,131  INFO [main] lockmgr.DbTxnManager: Opened txnid:6
2024-04-24T00:52:41,132  INFO [main] HiveMetaStore.audit: ugi=alex	ip=unknown-ip-addr	cmd=get_table : tbl=hive.default.nonAcidNonBucket	
2024-04-24T00:52:41,135  INFO [main] ql.Driver: Semantic Analysis Completed (retrial = false)
2024-04-24T00:52:41,135  INFO [main] ql.Driver: Created Hive schema: Schema(fieldSchemas:null, properties:null)
2024-04-24T00:52:41,135  INFO [main] metadata.Hive: Dumping metastore api call timing information for : compilation phase
2024-04-24T00:52:41,135  INFO [main] metadata.Hive: Total time spent in each metastore function (ms): {openTxn_(String, TxnType)=2, getValidTxns_(long)=1, commitTxn_(CommitTxnRequest)=13, isCompatibleWith_(Configuration)=0, flushCache_()=0}
2024-04-24T00:52:41,136  INFO [main] ql.Driver: Completed compiling command(queryId=alex_20240424005241_e348f4ac-6132-4a1c-8e62-6b5a73890772); Time taken: 0.007 seconds
2024-04-24T00:52:41,136  INFO [main] lockmgr.DbTxnManager: Setting lock request transaction to txnid:6 for queryId=alex_20240424005241_e348f4ac-6132-4a1c-8e62-6b5a73890772
2024-04-24T00:52:41,136  INFO [main] ql.Driver: Operation DROPTABLE obtained 0 locks
2024-04-24T00:52:41,136  INFO [main] ql.Driver: Executing command(queryId=alex_20240424005241_e348f4ac-6132-4a1c-8e62-6b5a73890772): drop table if exists nonAcidNonBucket
2024-04-24T00:52:41,136  INFO [main] ql.Driver: Starting task [Stage-0:DDL] in serial mode
2024-04-24T00:52:41,137  INFO [main] HiveMetaStore.audit: ugi=alex	ip=unknown-ip-addr	cmd=get_table : tbl=hive.default.nonAcidNonBucket	
2024-04-24T00:52:41,140  INFO [main] metadata.Hive: Dumping metastore api call timing information for : execution phase
2024-04-24T00:52:41,140  INFO [main] metadata.Hive: Total time spent in each metastore function (ms): {isCompatibleWith_(Configuration)=0}
2024-04-24T00:52:41,140  INFO [main] ql.Driver: Completed executing command(queryId=alex_20240424005241_e348f4ac-6132-4a1c-8e62-6b5a73890772); Time taken: 0.004 seconds
2024-04-24T00:52:41,140  INFO [main] lockmgr.DbTxnManager: Stopped heartbeat for query: alex_20240424005241_e348f4ac-6132-4a1c-8e62-6b5a73890772
2024-04-24T00:52:41,146  INFO [main] txn.TxnHandler: Expected to move at least one record from txn_components to completed_txn_components when committing txn! txnid:6
2024-04-24T00:52:41,155  INFO [main] txn.TxnHandler: Removed transactions: ([6]) from MIN_HISTORY_LEVEL
2024-04-24T00:52:41,155  WARN [main] txn.CompactionTxnHandler: No compaction queue record found for Compaction type transaction commit. txnId:6
2024-04-24T00:52:41,156  INFO [main] ql.TxnCommandsBaseForTests: Running the query: create table acidTbl(a int, b int) clustered by (a) into 2 buckets stored as orc TBLPROPERTIES ('transactional'='true')
2024-04-24T00:52:41,156  INFO [main] ql.Driver: Compiling command(queryId=alex_20240424005241_9742fe62-0fc3-435a-8b3b-32ab2cbdb0da): create table acidTbl(a int, b int) clustered by (a) into 2 buckets stored as orc TBLPROPERTIES ('transactional'='true')
2024-04-24T00:52:41,159  INFO [main] txn.TxnHandler: Added entries to MIN_HISTORY_LEVEL for current txns: ([7]) with min_open_txn: 1
2024-04-24T00:52:41,159  INFO [main] lockmgr.DbTxnManager: Opened txnid:7
2024-04-24T00:52:41,160  INFO [main] parse.CalcitePlanner: Starting caching scope for: 
2024-04-24T00:52:41,160  INFO [main] parse.CalcitePlanner: Starting Semantic Analysis
2024-04-24T00:52:41,167  INFO [main] parse.CalcitePlanner: Creating table default.acidTbl position=13
2024-04-24T00:52:41,167  INFO [main] HiveMetaStore.audit: ugi=alex	ip=unknown-ip-addr	cmd=get_database: default	
2024-04-24T00:52:41,168  INFO [main] parse.CalcitePlanner: Ending caching scope for: 
2024-04-24T00:52:41,168  INFO [main] ql.Driver: Semantic Analysis Completed (retrial = false)
2024-04-24T00:52:41,169  INFO [main] ql.Driver: Created Hive schema: Schema(fieldSchemas:null, properties:null)
2024-04-24T00:52:41,169  INFO [main] metadata.Hive: Dumping metastore api call timing information for : compilation phase
2024-04-24T00:52:41,169  INFO [main] metadata.Hive: Total time spent in each metastore function (ms): {commitTxn_(CommitTxnRequest)=16, flushCache_()=0, getDatabase_(String)=1, getValidTxns_(long)=0, getValidWriteIds_(List, String)=7, openTxn_(String, TxnType)=2, isCompatibleWith_(Configuration)=1}
2024-04-24T00:52:41,169  INFO [main] ql.Driver: Completed compiling command(queryId=alex_20240424005241_9742fe62-0fc3-435a-8b3b-32ab2cbdb0da); Time taken: 0.013 seconds
2024-04-24T00:52:41,169  INFO [main] lockmgr.DbTxnManager: Setting lock request transaction to txnid:7 for queryId=alex_20240424005241_9742fe62-0fc3-435a-8b3b-32ab2cbdb0da
2024-04-24T00:52:41,170  INFO [main] lockmgr.DbLockManager: Requesting lock for queryId=alex_20240424005241_9742fe62-0fc3-435a-8b3b-32ab2cbdb0da
2024-04-24T00:52:41,188  INFO [main] lockmgr.DbLockManager: Response to queryId=alex_20240424005241_9742fe62-0fc3-435a-8b3b-32ab2cbdb0da LockResponse(lockid:1, state:ACQUIRED)
2024-04-24T00:52:41,188  INFO [main] ql.Driver: Operation CREATETABLE obtained 1 locks
2024-04-24T00:52:41,189  INFO [main] ql.Driver: Executing command(queryId=alex_20240424005241_9742fe62-0fc3-435a-8b3b-32ab2cbdb0da): create table acidTbl(a int, b int) clustered by (a) into 2 buckets stored as orc TBLPROPERTIES ('transactional'='true')
2024-04-24T00:52:41,189  INFO [main] ql.Driver: Starting task [Stage-0:DDL] in serial mode
2024-04-24T00:52:41,190  INFO [main] HiveMetaStore.audit: ugi=alex	ip=unknown-ip-addr	cmd=create_table_req: Table(tableName:acidTbl, dbName:default, owner:alex, createTime:1713945161, lastAccessTime:0, retention:0, sd:StorageDescriptor(cols:[FieldSchema(name:a, type:int, comment:null), FieldSchema(name:b, type:int, comment:null)], location:null, inputFormat:org.apache.hadoop.hive.ql.io.orc.OrcInputFormat, outputFormat:org.apache.hadoop.hive.ql.io.orc.OrcOutputFormat, compressed:false, numBuckets:2, serdeInfo:SerDeInfo(name:null, serializationLib:org.apache.hadoop.hive.ql.io.orc.OrcSerde, parameters:{serialization.format=1}), bucketCols:[a], sortCols:[], parameters:{}, skewedInfo:SkewedInfo(skewedColNames:[], skewedColValues:[], skewedColValueLocationMaps:{}), storedAsSubDirectories:false), partitionKeys:[], parameters:{numFilesErasureCoded=0, numRows=0, transactional=true, totalSize=0, bucketing_version=2, COLUMN_STATS_ACCURATE={"BASIC_STATS":"true","COLUMN_STATS":{"a":"true","b":"true"}}, numFiles=0, rawDataSize=0}, viewOriginalText:null, viewExpandedText:null, tableType:MANAGED_TABLE, privileges:PrincipalPrivilegeSet(userPrivileges:{alex=[PrivilegeGrantInfo(privilege:INSERT, createTime:-1, grantor:alex, grantorType:USER, grantOption:true), PrivilegeGrantInfo(privilege:SELECT, createTime:-1, grantor:alex, grantorType:USER, grantOption:true), PrivilegeGrantInfo(privilege:UPDATE, createTime:-1, grantor:alex, grantorType:USER, grantOption:true), PrivilegeGrantInfo(privilege:DELETE, createTime:-1, grantor:alex, grantorType:USER, grantOption:true)]}, groupPrivileges:null, rolePrivileges:null), temporary:false, catName:hive, ownerType:USER, writeId:0)	
2024-04-24T00:52:41,196  INFO [main] utils.FileUtils: Creating directory if it doesn't exist: file:/home/alex/Repositories/hive/ql/target/tmp/org.apache.hadoop.hive.ql.TestTxnExIm-1713945026909/warehouse/acidtbl
2024-04-24T00:52:41,233  INFO [main] metadata.Hive: Dumping metastore api call timing information for : execution phase
2024-04-24T00:52:41,233  INFO [main] metadata.Hive: Total time spent in each metastore function (ms): {createTable_(Table)=43, isCompatibleWith_(Configuration)=0}
2024-04-24T00:52:41,233  INFO [main] ql.Driver: Completed executing command(queryId=alex_20240424005241_9742fe62-0fc3-435a-8b3b-32ab2cbdb0da); Time taken: 0.044 seconds
2024-04-24T00:52:41,233  INFO [main] lockmgr.DbTxnManager: Stopped heartbeat for query: alex_20240424005241_9742fe62-0fc3-435a-8b3b-32ab2cbdb0da
2024-04-24T00:52:41,237  INFO [main] txn.TxnHandler: Expected to move at least one record from txn_components to completed_txn_components when committing txn! txnid:7
2024-04-24T00:52:41,244  INFO [main] txn.TxnHandler: Removed transactions: ([7]) from MIN_HISTORY_LEVEL
2024-04-24T00:52:41,244  WARN [main] txn.CompactionTxnHandler: No compaction queue record found for Compaction type transaction commit. txnId:7
2024-04-24T00:52:41,245  INFO [main] ql.TxnCommandsBaseForTests: Running the query: create table acidTblPart(a int, b int) partitioned by (p string) clustered by (a) into 2 buckets stored as orc TBLPROPERTIES ('transactional'='true')
2024-04-24T00:52:41,245  INFO [main] ql.Driver: Compiling command(queryId=alex_20240424005241_10772d06-b161-4d38-8f2c-8f352a19a75b): create table acidTblPart(a int, b int) partitioned by (p string) clustered by (a) into 2 buckets stored as orc TBLPROPERTIES ('transactional'='true')
2024-04-24T00:52:41,249  INFO [main] txn.TxnHandler: Added entries to MIN_HISTORY_LEVEL for current txns: ([8]) with min_open_txn: 1
2024-04-24T00:52:41,249  INFO [main] lockmgr.DbTxnManager: Opened txnid:8
2024-04-24T00:52:41,250  INFO [main] parse.CalcitePlanner: Starting caching scope for: 
2024-04-24T00:52:41,250  INFO [main] parse.CalcitePlanner: Starting Semantic Analysis
2024-04-24T00:52:41,252  INFO [main] parse.CalcitePlanner: Creating table default.acidTblPart position=13
2024-04-24T00:52:41,253  INFO [main] HiveMetaStore.audit: ugi=alex	ip=unknown-ip-addr	cmd=get_database: default	
2024-04-24T00:52:41,255  INFO [main] parse.CalcitePlanner: Ending caching scope for: 
2024-04-24T00:52:41,255  INFO [main] ql.Driver: Semantic Analysis Completed (retrial = false)
2024-04-24T00:52:41,255  INFO [main] ql.Driver: Created Hive schema: Schema(fieldSchemas:null, properties:null)
2024-04-24T00:52:41,255  INFO [main] metadata.Hive: Dumping metastore api call timing information for : compilation phase
2024-04-24T00:52:41,255  INFO [main] metadata.Hive: Total time spent in each metastore function (ms): {getValidWriteIds_(List, String)=2, getDatabase_(String)=2, getValidTxns_(long)=1, flushCache_()=0, openTxn_(String, TxnType)=2, isCompatibleWith_(Configuration)=0, commitTxn_(CommitTxnRequest)=11}
2024-04-24T00:52:41,255  INFO [main] ql.Driver: Completed compiling command(queryId=alex_20240424005241_10772d06-b161-4d38-8f2c-8f352a19a75b); Time taken: 0.01 seconds
2024-04-24T00:52:41,256  INFO [main] lockmgr.DbTxnManager: Setting lock request transaction to txnid:8 for queryId=alex_20240424005241_10772d06-b161-4d38-8f2c-8f352a19a75b
2024-04-24T00:52:41,256  INFO [main] lockmgr.DbLockManager: Requesting lock for queryId=alex_20240424005241_10772d06-b161-4d38-8f2c-8f352a19a75b
2024-04-24T00:52:41,271  INFO [main] lockmgr.DbLockManager: Response to queryId=alex_20240424005241_10772d06-b161-4d38-8f2c-8f352a19a75b LockResponse(lockid:2, state:ACQUIRED)
2024-04-24T00:52:41,271  INFO [main] ql.Driver: Operation CREATETABLE obtained 1 locks
2024-04-24T00:52:41,272  INFO [main] ql.Driver: Executing command(queryId=alex_20240424005241_10772d06-b161-4d38-8f2c-8f352a19a75b): create table acidTblPart(a int, b int) partitioned by (p string) clustered by (a) into 2 buckets stored as orc TBLPROPERTIES ('transactional'='true')
2024-04-24T00:52:41,272  INFO [main] ql.Driver: Starting task [Stage-0:DDL] in serial mode
2024-04-24T00:52:41,273  INFO [main] HiveMetaStore.audit: ugi=alex	ip=unknown-ip-addr	cmd=create_table_req: Table(tableName:acidTblPart, dbName:default, owner:alex, createTime:1713945161, lastAccessTime:0, retention:0, sd:StorageDescriptor(cols:[FieldSchema(name:a, type:int, comment:null), FieldSchema(name:b, type:int, comment:null)], location:null, inputFormat:org.apache.hadoop.hive.ql.io.orc.OrcInputFormat, outputFormat:org.apache.hadoop.hive.ql.io.orc.OrcOutputFormat, compressed:false, numBuckets:2, serdeInfo:SerDeInfo(name:null, serializationLib:org.apache.hadoop.hive.ql.io.orc.OrcSerde, parameters:{serialization.format=1}), bucketCols:[a], sortCols:[], parameters:{}, skewedInfo:SkewedInfo(skewedColNames:[], skewedColValues:[], skewedColValueLocationMaps:{}), storedAsSubDirectories:false), partitionKeys:[FieldSchema(name:p, type:string, comment:null)], parameters:{bucketing_version=2, transactional=true}, viewOriginalText:null, viewExpandedText:null, tableType:MANAGED_TABLE, privileges:PrincipalPrivilegeSet(userPrivileges:{alex=[PrivilegeGrantInfo(privilege:INSERT, createTime:-1, grantor:alex, grantorType:USER, grantOption:true), PrivilegeGrantInfo(privilege:SELECT, createTime:-1, grantor:alex, grantorType:USER, grantOption:true), PrivilegeGrantInfo(privilege:UPDATE, createTime:-1, grantor:alex, grantorType:USER, grantOption:true), PrivilegeGrantInfo(privilege:DELETE, createTime:-1, grantor:alex, grantorType:USER, grantOption:true)]}, groupPrivileges:null, rolePrivileges:null), temporary:false, catName:hive, ownerType:USER, writeId:0)	
2024-04-24T00:52:41,279  INFO [main] utils.FileUtils: Creating directory if it doesn't exist: file:/home/alex/Repositories/hive/ql/target/tmp/org.apache.hadoop.hive.ql.TestTxnExIm-1713945026909/warehouse/acidtblpart
2024-04-24T00:52:41,297  INFO [main] metadata.Hive: Dumping metastore api call timing information for : execution phase
2024-04-24T00:52:41,297  INFO [main] metadata.Hive: Total time spent in each metastore function (ms): {isCompatibleWith_(Configuration)=0, createTable_(Table)=24}
2024-04-24T00:52:41,297  INFO [main] ql.Driver: Completed executing command(queryId=alex_20240424005241_10772d06-b161-4d38-8f2c-8f352a19a75b); Time taken: 0.025 seconds
2024-04-24T00:52:41,297  INFO [main] lockmgr.DbTxnManager: Stopped heartbeat for query: alex_20240424005241_10772d06-b161-4d38-8f2c-8f352a19a75b
2024-04-24T00:52:41,302  INFO [main] txn.TxnHandler: Expected to move at least one record from txn_components to completed_txn_components when committing txn! txnid:8
2024-04-24T00:52:41,308  INFO [main] txn.TxnHandler: Removed transactions: ([8]) from MIN_HISTORY_LEVEL
2024-04-24T00:52:41,308  WARN [main] txn.CompactionTxnHandler: No compaction queue record found for Compaction type transaction commit. txnId:8
2024-04-24T00:52:41,309  INFO [main] ql.TxnCommandsBaseForTests: Running the query: create table nonAcidOrcTbl(a int, b int) clustered by (a) into 2 buckets stored as orc TBLPROPERTIES ('transactional'='false')
2024-04-24T00:52:41,309  INFO [main] ql.Driver: Compiling command(queryId=alex_20240424005241_63226a2b-090f-45ed-918e-70ad576cdc73): create table nonAcidOrcTbl(a int, b int) clustered by (a) into 2 buckets stored as orc TBLPROPERTIES ('transactional'='false')
2024-04-24T00:52:41,311  INFO [main] txn.TxnHandler: Added entries to MIN_HISTORY_LEVEL for current txns: ([9]) with min_open_txn: 1
2024-04-24T00:52:41,312  INFO [main] lockmgr.DbTxnManager: Opened txnid:9
2024-04-24T00:52:41,312  INFO [main] parse.CalcitePlanner: Starting caching scope for: 
2024-04-24T00:52:41,312  INFO [main] parse.CalcitePlanner: Starting Semantic Analysis
2024-04-24T00:52:41,316  INFO [main] parse.CalcitePlanner: Creating table default.nonAcidOrcTbl position=13
2024-04-24T00:52:41,316  INFO [main] HiveMetaStore.audit: ugi=alex	ip=unknown-ip-addr	cmd=get_database: default	
2024-04-24T00:52:41,318  INFO [main] parse.CalcitePlanner: Ending caching scope for: 
2024-04-24T00:52:41,318  INFO [main] ql.Driver: Semantic Analysis Completed (retrial = false)
2024-04-24T00:52:41,318  INFO [main] ql.Driver: Created Hive schema: Schema(fieldSchemas:null, properties:null)
2024-04-24T00:52:41,318  INFO [main] metadata.Hive: Dumping metastore api call timing information for : compilation phase
2024-04-24T00:52:41,318  INFO [main] metadata.Hive: Total time spent in each metastore function (ms): {openTxn_(String, TxnType)=2, getValidTxns_(long)=0, getValidWriteIds_(List, String)=2, isCompatibleWith_(Configuration)=1, commitTxn_(CommitTxnRequest)=11, flushCache_()=0, getDatabase_(String)=2}
2024-04-24T00:52:41,318  INFO [main] ql.Driver: Completed compiling command(queryId=alex_20240424005241_63226a2b-090f-45ed-918e-70ad576cdc73); Time taken: 0.009 seconds
2024-04-24T00:52:41,319  INFO [main] lockmgr.DbTxnManager: Setting lock request transaction to txnid:9 for queryId=alex_20240424005241_63226a2b-090f-45ed-918e-70ad576cdc73
2024-04-24T00:52:41,319  INFO [main] lockmgr.DbLockManager: Requesting lock for queryId=alex_20240424005241_63226a2b-090f-45ed-918e-70ad576cdc73
2024-04-24T00:52:41,334  INFO [main] lockmgr.DbLockManager: Response to queryId=alex_20240424005241_63226a2b-090f-45ed-918e-70ad576cdc73 LockResponse(lockid:3, state:ACQUIRED)
2024-04-24T00:52:41,334  INFO [main] ql.Driver: Operation CREATETABLE obtained 1 locks
2024-04-24T00:52:41,334  INFO [main] ql.Driver: Executing command(queryId=alex_20240424005241_63226a2b-090f-45ed-918e-70ad576cdc73): create table nonAcidOrcTbl(a int, b int) clustered by (a) into 2 buckets stored as orc TBLPROPERTIES ('transactional'='false')
2024-04-24T00:52:41,334  INFO [main] ql.Driver: Starting task [Stage-0:DDL] in serial mode
2024-04-24T00:52:41,335  INFO [main] HiveMetaStore.audit: ugi=alex	ip=unknown-ip-addr	cmd=create_table_req: Table(tableName:nonAcidOrcTbl, dbName:default, owner:alex, createTime:1713945161, lastAccessTime:0, retention:0, sd:StorageDescriptor(cols:[FieldSchema(name:a, type:int, comment:null), FieldSchema(name:b, type:int, comment:null)], location:null, inputFormat:org.apache.hadoop.hive.ql.io.orc.OrcInputFormat, outputFormat:org.apache.hadoop.hive.ql.io.orc.OrcOutputFormat, compressed:false, numBuckets:2, serdeInfo:SerDeInfo(name:null, serializationLib:org.apache.hadoop.hive.ql.io.orc.OrcSerde, parameters:{serialization.format=1}), bucketCols:[a], sortCols:[], parameters:{}, skewedInfo:SkewedInfo(skewedColNames:[], skewedColValues:[], skewedColValueLocationMaps:{}), storedAsSubDirectories:false), partitionKeys:[], parameters:{transactional=false, bucketing_version=2, numFiles=0, rawDataSize=0, totalSize=0, numRows=0, COLUMN_STATS_ACCURATE={"BASIC_STATS":"true","COLUMN_STATS":{"a":"true","b":"true"}}, numFilesErasureCoded=0}, viewOriginalText:null, viewExpandedText:null, tableType:MANAGED_TABLE, privileges:PrincipalPrivilegeSet(userPrivileges:{alex=[PrivilegeGrantInfo(privilege:INSERT, createTime:-1, grantor:alex, grantorType:USER, grantOption:true), PrivilegeGrantInfo(privilege:SELECT, createTime:-1, grantor:alex, grantorType:USER, grantOption:true), PrivilegeGrantInfo(privilege:UPDATE, createTime:-1, grantor:alex, grantorType:USER, grantOption:true), PrivilegeGrantInfo(privilege:DELETE, createTime:-1, grantor:alex, grantorType:USER, grantOption:true)]}, groupPrivileges:null, rolePrivileges:null), temporary:false, catName:hive, ownerType:USER)	
2024-04-24T00:52:41,341  INFO [main] utils.FileUtils: Creating directory if it doesn't exist: file:/home/alex/Repositories/hive/ql/target/tmp/org.apache.hadoop.hive.ql.TestTxnExIm-1713945026909/warehouse/nonacidorctbl
2024-04-24T00:52:41,355  INFO [main] metadata.Hive: Dumping metastore api call timing information for : execution phase
2024-04-24T00:52:41,355  INFO [main] metadata.Hive: Total time spent in each metastore function (ms): {isCompatibleWith_(Configuration)=0, createTable_(Table)=20}
2024-04-24T00:52:41,355  INFO [main] ql.Driver: Completed executing command(queryId=alex_20240424005241_63226a2b-090f-45ed-918e-70ad576cdc73); Time taken: 0.021 seconds
2024-04-24T00:52:41,355  INFO [main] lockmgr.DbTxnManager: Stopped heartbeat for query: alex_20240424005241_63226a2b-090f-45ed-918e-70ad576cdc73
2024-04-24T00:52:41,360  INFO [main] txn.TxnHandler: Expected to move at least one record from txn_components to completed_txn_components when committing txn! txnid:9
2024-04-24T00:52:41,366  INFO [main] txn.TxnHandler: Removed transactions: ([9]) from MIN_HISTORY_LEVEL
2024-04-24T00:52:41,366  WARN [main] txn.CompactionTxnHandler: No compaction queue record found for Compaction type transaction commit. txnId:9
2024-04-24T00:52:41,367  INFO [main] ql.TxnCommandsBaseForTests: Running the query: create table nonAcidOrcTbl2(a int, b int) clustered by (a) into 2 buckets stored as orc TBLPROPERTIES ('transactional'='false')
2024-04-24T00:52:41,367  INFO [main] ql.Driver: Compiling command(queryId=alex_20240424005241_23e3f433-51f7-429c-a36d-7b486a51256e): create table nonAcidOrcTbl2(a int, b int) clustered by (a) into 2 buckets stored as orc TBLPROPERTIES ('transactional'='false')
2024-04-24T00:52:41,370  INFO [main] txn.TxnHandler: Added entries to MIN_HISTORY_LEVEL for current txns: ([10]) with min_open_txn: 1
2024-04-24T00:52:41,370  INFO [main] lockmgr.DbTxnManager: Opened txnid:10
2024-04-24T00:52:41,370  INFO [main] parse.CalcitePlanner: Starting caching scope for: 
2024-04-24T00:52:41,370  INFO [main] parse.CalcitePlanner: Starting Semantic Analysis
2024-04-24T00:52:41,373  INFO [main] parse.CalcitePlanner: Creating table default.nonAcidOrcTbl2 position=13
2024-04-24T00:52:41,373  INFO [main] HiveMetaStore.audit: ugi=alex	ip=unknown-ip-addr	cmd=get_database: default	
2024-04-24T00:52:41,375  INFO [main] parse.CalcitePlanner: Ending caching scope for: 
2024-04-24T00:52:41,375  INFO [main] ql.Driver: Semantic Analysis Completed (retrial = false)
2024-04-24T00:52:41,376  INFO [main] ql.Driver: Created Hive schema: Schema(fieldSchemas:null, properties:null)
2024-04-24T00:52:41,376  INFO [main] metadata.Hive: Dumping metastore api call timing information for : compilation phase
2024-04-24T00:52:41,376  INFO [main] metadata.Hive: Total time spent in each metastore function (ms): {getValidWriteIds_(List, String)=2, isCompatibleWith_(Configuration)=0, getValidTxns_(long)=0, getDatabase_(String)=2, flushCache_()=0, commitTxn_(CommitTxnRequest)=12, openTxn_(String, TxnType)=2}
2024-04-24T00:52:41,376  INFO [main] ql.Driver: Completed compiling command(queryId=alex_20240424005241_23e3f433-51f7-429c-a36d-7b486a51256e); Time taken: 0.009 seconds
2024-04-24T00:52:41,376  INFO [main] lockmgr.DbTxnManager: Setting lock request transaction to txnid:10 for queryId=alex_20240424005241_23e3f433-51f7-429c-a36d-7b486a51256e
2024-04-24T00:52:41,377  INFO [main] lockmgr.DbLockManager: Requesting lock for queryId=alex_20240424005241_23e3f433-51f7-429c-a36d-7b486a51256e
2024-04-24T00:52:41,392  INFO [main] lockmgr.DbLockManager: Response to queryId=alex_20240424005241_23e3f433-51f7-429c-a36d-7b486a51256e LockResponse(lockid:4, state:ACQUIRED)
2024-04-24T00:52:41,392  INFO [main] ql.Driver: Operation CREATETABLE obtained 1 locks
2024-04-24T00:52:41,392  INFO [main] ql.Driver: Executing command(queryId=alex_20240424005241_23e3f433-51f7-429c-a36d-7b486a51256e): create table nonAcidOrcTbl2(a int, b int) clustered by (a) into 2 buckets stored as orc TBLPROPERTIES ('transactional'='false')
2024-04-24T00:52:41,392  INFO [main] ql.Driver: Starting task [Stage-0:DDL] in serial mode
2024-04-24T00:52:41,393  INFO [main] HiveMetaStore.audit: ugi=alex	ip=unknown-ip-addr	cmd=create_table_req: Table(tableName:nonAcidOrcTbl2, dbName:default, owner:alex, createTime:1713945161, lastAccessTime:0, retention:0, sd:StorageDescriptor(cols:[FieldSchema(name:a, type:int, comment:null), FieldSchema(name:b, type:int, comment:null)], location:null, inputFormat:org.apache.hadoop.hive.ql.io.orc.OrcInputFormat, outputFormat:org.apache.hadoop.hive.ql.io.orc.OrcOutputFormat, compressed:false, numBuckets:2, serdeInfo:SerDeInfo(name:null, serializationLib:org.apache.hadoop.hive.ql.io.orc.OrcSerde, parameters:{serialization.format=1}), bucketCols:[a], sortCols:[], parameters:{}, skewedInfo:SkewedInfo(skewedColNames:[], skewedColValues:[], skewedColValueLocationMaps:{}), storedAsSubDirectories:false), partitionKeys:[], parameters:{rawDataSize=0, numFiles=0, numFilesErasureCoded=0, numRows=0, transactional=false, totalSize=0, bucketing_version=2, COLUMN_STATS_ACCURATE={"BASIC_STATS":"true","COLUMN_STATS":{"a":"true","b":"true"}}}, viewOriginalText:null, viewExpandedText:null, tableType:MANAGED_TABLE, privileges:PrincipalPrivilegeSet(userPrivileges:{alex=[PrivilegeGrantInfo(privilege:INSERT, createTime:-1, grantor:alex, grantorType:USER, grantOption:true), PrivilegeGrantInfo(privilege:SELECT, createTime:-1, grantor:alex, grantorType:USER, grantOption:true), PrivilegeGrantInfo(privilege:UPDATE, createTime:-1, grantor:alex, grantorType:USER, grantOption:true), PrivilegeGrantInfo(privilege:DELETE, createTime:-1, grantor:alex, grantorType:USER, grantOption:true)]}, groupPrivileges:null, rolePrivileges:null), temporary:false, catName:hive, ownerType:USER)	
2024-04-24T00:52:41,399  INFO [main] utils.FileUtils: Creating directory if it doesn't exist: file:/home/alex/Repositories/hive/ql/target/tmp/org.apache.hadoop.hive.ql.TestTxnExIm-1713945026909/warehouse/nonacidorctbl2
2024-04-24T00:52:41,412  INFO [main] metadata.Hive: Dumping metastore api call timing information for : execution phase
2024-04-24T00:52:41,412  INFO [main] metadata.Hive: Total time spent in each metastore function (ms): {isCompatibleWith_(Configuration)=0, createTable_(Table)=19}
2024-04-24T00:52:41,413  INFO [main] ql.Driver: Completed executing command(queryId=alex_20240424005241_23e3f433-51f7-429c-a36d-7b486a51256e); Time taken: 0.02 seconds
2024-04-24T00:52:41,413  INFO [main] lockmgr.DbTxnManager: Stopped heartbeat for query: alex_20240424005241_23e3f433-51f7-429c-a36d-7b486a51256e
2024-04-24T00:52:41,417  INFO [main] txn.TxnHandler: Expected to move at least one record from txn_components to completed_txn_components when committing txn! txnid:10
2024-04-24T00:52:41,423  INFO [main] txn.TxnHandler: Removed transactions: ([10]) from MIN_HISTORY_LEVEL
2024-04-24T00:52:41,423  WARN [main] txn.CompactionTxnHandler: No compaction queue record found for Compaction type transaction commit. txnId:10
2024-04-24T00:52:41,424  INFO [main] ql.TxnCommandsBaseForTests: Running the query: create temporary  table acidTbl2(a int, b int, c int) clustered by (c) into 2 buckets stored as orc TBLPROPERTIES ('transactional'='true')
2024-04-24T00:52:41,424  INFO [main] ql.Driver: Compiling command(queryId=alex_20240424005241_e1de8b95-dc78-421c-92e0-b037390caa55): create temporary  table acidTbl2(a int, b int, c int) clustered by (c) into 2 buckets stored as orc TBLPROPERTIES ('transactional'='true')
2024-04-24T00:52:41,427  INFO [main] txn.TxnHandler: Added entries to MIN_HISTORY_LEVEL for current txns: ([11]) with min_open_txn: 1
2024-04-24T00:52:41,427  INFO [main] lockmgr.DbTxnManager: Opened txnid:11
2024-04-24T00:52:41,428  INFO [main] parse.CalcitePlanner: Starting caching scope for: 
2024-04-24T00:52:41,428  INFO [main] parse.CalcitePlanner: Starting Semantic Analysis
2024-04-24T00:52:41,431  INFO [main] parse.CalcitePlanner: Creating table default.acidTbl2 position=24
2024-04-24T00:52:41,431  INFO [main] HiveMetaStore.audit: ugi=alex	ip=unknown-ip-addr	cmd=get_database: default	
2024-04-24T00:52:41,433  INFO [main] parse.CalcitePlanner: Ending caching scope for: 
2024-04-24T00:52:41,433  INFO [main] ql.Driver: Semantic Analysis Completed (retrial = false)
2024-04-24T00:52:41,433  INFO [main] ql.Driver: Created Hive schema: Schema(fieldSchemas:null, properties:null)
2024-04-24T00:52:41,433  INFO [main] metadata.Hive: Dumping metastore api call timing information for : compilation phase
2024-04-24T00:52:41,433  INFO [main] metadata.Hive: Total time spent in each metastore function (ms): {commitTxn_(CommitTxnRequest)=11, getValidTxns_(long)=1, flushCache_()=0, openTxn_(String, TxnType)=2, isCompatibleWith_(Configuration)=0, getValidWriteIds_(List, String)=3, getDatabase_(String)=2}
2024-04-24T00:52:41,433  INFO [main] ql.Driver: Completed compiling command(queryId=alex_20240424005241_e1de8b95-dc78-421c-92e0-b037390caa55); Time taken: 0.009 seconds
2024-04-24T00:52:41,434  INFO [main] lockmgr.DbTxnManager: Setting lock request transaction to txnid:11 for queryId=alex_20240424005241_e1de8b95-dc78-421c-92e0-b037390caa55
2024-04-24T00:52:41,434  INFO [main] lockmgr.DbLockManager: Requesting lock for queryId=alex_20240424005241_e1de8b95-dc78-421c-92e0-b037390caa55
2024-04-24T00:52:41,449  INFO [main] lockmgr.DbLockManager: Response to queryId=alex_20240424005241_e1de8b95-dc78-421c-92e0-b037390caa55 LockResponse(lockid:5, state:ACQUIRED)
2024-04-24T00:52:41,449  INFO [main] ql.Driver: Operation CREATETABLE obtained 1 locks
2024-04-24T00:52:41,450  INFO [main] ql.Driver: Executing command(queryId=alex_20240424005241_e1de8b95-dc78-421c-92e0-b037390caa55): create temporary  table acidTbl2(a int, b int, c int) clustered by (c) into 2 buckets stored as orc TBLPROPERTIES ('transactional'='true')
2024-04-24T00:52:41,450  INFO [main] ql.Driver: Starting task [Stage-0:DDL] in serial mode
2024-04-24T00:52:41,451  INFO [main] utils.FileUtils: Creating directory if it doesn't exist: file:/home/alex/Repositories/hive/ql/target/tmp/scratchdir/alex/f7a1b7d6-5c2b-48d6-b44a-d527c474acbc/_tmp_space.db/f20a80ee-2639-4d9d-bba4-ea4733005155
2024-04-24T00:52:41,454  INFO [main] metadata.Hive: Dumping metastore api call timing information for : execution phase
2024-04-24T00:52:41,454  INFO [main] metadata.Hive: Total time spent in each metastore function (ms): {isCompatibleWith_(Configuration)=0, createTable_(Table)=3}
2024-04-24T00:52:41,454  INFO [main] ql.Driver: Completed executing command(queryId=alex_20240424005241_e1de8b95-dc78-421c-92e0-b037390caa55); Time taken: 0.004 seconds
2024-04-24T00:52:41,454  INFO [main] lockmgr.DbTxnManager: Stopped heartbeat for query: alex_20240424005241_e1de8b95-dc78-421c-92e0-b037390caa55
2024-04-24T00:52:41,458  INFO [main] txn.TxnHandler: Expected to move at least one record from txn_components to completed_txn_components when committing txn! txnid:11
2024-04-24T00:52:41,465  INFO [main] txn.TxnHandler: Removed transactions: ([11]) from MIN_HISTORY_LEVEL
2024-04-24T00:52:41,465  WARN [main] txn.CompactionTxnHandler: No compaction queue record found for Compaction type transaction commit. txnId:11
2024-04-24T00:52:41,466  INFO [main] ql.TxnCommandsBaseForTests: Running the query: create table nonAcidNonBucket(a int, b int) stored as orc TBLPROPERTIES ('transactional'='false')
2024-04-24T00:52:41,466  INFO [main] ql.Driver: Compiling command(queryId=alex_20240424005241_e870cfc4-2bd4-415f-ad93-4d97dc3e8e39): create table nonAcidNonBucket(a int, b int) stored as orc TBLPROPERTIES ('transactional'='false')
2024-04-24T00:52:41,470  INFO [main] txn.TxnHandler: Added entries to MIN_HISTORY_LEVEL for current txns: ([12]) with min_open_txn: 1
2024-04-24T00:52:41,470  INFO [main] lockmgr.DbTxnManager: Opened txnid:12
2024-04-24T00:52:41,471  INFO [main] parse.CalcitePlanner: Starting caching scope for: 
2024-04-24T00:52:41,471  INFO [main] parse.CalcitePlanner: Starting Semantic Analysis
2024-04-24T00:52:41,475  INFO [main] parse.CalcitePlanner: Creating table default.nonAcidNonBucket position=13
2024-04-24T00:52:41,475  INFO [main] HiveMetaStore.audit: ugi=alex	ip=unknown-ip-addr	cmd=get_database: default	
2024-04-24T00:52:41,477  INFO [main] parse.CalcitePlanner: Ending caching scope for: 
2024-04-24T00:52:41,478  INFO [main] ql.Driver: Semantic Analysis Completed (retrial = false)
2024-04-24T00:52:41,478  INFO [main] ql.Driver: Created Hive schema: Schema(fieldSchemas:null, properties:null)
2024-04-24T00:52:41,478  INFO [main] metadata.Hive: Dumping metastore api call timing information for : compilation phase
2024-04-24T00:52:41,478  INFO [main] metadata.Hive: Total time spent in each metastore function (ms): {isCompatibleWith_(Configuration)=0, flushCache_()=0, getValidWriteIds_(List, String)=4, openTxn_(String, TxnType)=3, getValidTxns_(long)=1, getDatabase_(String)=2, commitTxn_(CommitTxnRequest)=12}
2024-04-24T00:52:41,478  INFO [main] ql.Driver: Completed compiling command(queryId=alex_20240424005241_e870cfc4-2bd4-415f-ad93-4d97dc3e8e39); Time taken: 0.012 seconds
2024-04-24T00:52:41,478  INFO [main] lockmgr.DbTxnManager: Setting lock request transaction to txnid:12 for queryId=alex_20240424005241_e870cfc4-2bd4-415f-ad93-4d97dc3e8e39
2024-04-24T00:52:41,479  INFO [main] lockmgr.DbLockManager: Requesting lock for queryId=alex_20240424005241_e870cfc4-2bd4-415f-ad93-4d97dc3e8e39
2024-04-24T00:52:41,500  INFO [main] lockmgr.DbLockManager: Response to queryId=alex_20240424005241_e870cfc4-2bd4-415f-ad93-4d97dc3e8e39 LockResponse(lockid:6, state:ACQUIRED)
2024-04-24T00:52:41,501  INFO [main] ql.Driver: Operation CREATETABLE obtained 1 locks
2024-04-24T00:52:41,501  INFO [main] ql.Driver: Executing command(queryId=alex_20240424005241_e870cfc4-2bd4-415f-ad93-4d97dc3e8e39): create table nonAcidNonBucket(a int, b int) stored as orc TBLPROPERTIES ('transactional'='false')
2024-04-24T00:52:41,501  INFO [main] ql.Driver: Starting task [Stage-0:DDL] in serial mode
2024-04-24T00:52:41,502  INFO [main] HiveMetaStore.audit: ugi=alex	ip=unknown-ip-addr	cmd=create_table_req: Table(tableName:nonAcidNonBucket, dbName:default, owner:alex, createTime:1713945161, lastAccessTime:0, retention:0, sd:StorageDescriptor(cols:[FieldSchema(name:a, type:int, comment:null), FieldSchema(name:b, type:int, comment:null)], location:null, inputFormat:org.apache.hadoop.hive.ql.io.orc.OrcInputFormat, outputFormat:org.apache.hadoop.hive.ql.io.orc.OrcOutputFormat, compressed:false, numBuckets:-1, serdeInfo:SerDeInfo(name:null, serializationLib:org.apache.hadoop.hive.ql.io.orc.OrcSerde, parameters:{serialization.format=1}), bucketCols:[], sortCols:[], parameters:{}, skewedInfo:SkewedInfo(skewedColNames:[], skewedColValues:[], skewedColValueLocationMaps:{}), storedAsSubDirectories:false), partitionKeys:[], parameters:{COLUMN_STATS_ACCURATE={"BASIC_STATS":"true","COLUMN_STATS":{"a":"true","b":"true"}}, totalSize=0, numFiles=0, numFilesErasureCoded=0, rawDataSize=0, transactional=false, numRows=0, bucketing_version=2}, viewOriginalText:null, viewExpandedText:null, tableType:MANAGED_TABLE, privileges:PrincipalPrivilegeSet(userPrivileges:{alex=[PrivilegeGrantInfo(privilege:INSERT, createTime:-1, grantor:alex, grantorType:USER, grantOption:true), PrivilegeGrantInfo(privilege:SELECT, createTime:-1, grantor:alex, grantorType:USER, grantOption:true), PrivilegeGrantInfo(privilege:UPDATE, createTime:-1, grantor:alex, grantorType:USER, grantOption:true), PrivilegeGrantInfo(privilege:DELETE, createTime:-1, grantor:alex, grantorType:USER, grantOption:true)]}, groupPrivileges:null, rolePrivileges:null), temporary:false, catName:hive, ownerType:USER)	
2024-04-24T00:52:41,507  INFO [main] utils.FileUtils: Creating directory if it doesn't exist: file:/home/alex/Repositories/hive/ql/target/tmp/org.apache.hadoop.hive.ql.TestTxnExIm-1713945026909/warehouse/nonacidnonbucket
2024-04-24T00:52:41,521  INFO [main] metadata.Hive: Dumping metastore api call timing information for : execution phase
2024-04-24T00:52:41,521  INFO [main] metadata.Hive: Total time spent in each metastore function (ms): {createTable_(Table)=20, isCompatibleWith_(Configuration)=0}
2024-04-24T00:52:41,521  INFO [main] ql.Driver: Completed executing command(queryId=alex_20240424005241_e870cfc4-2bd4-415f-ad93-4d97dc3e8e39); Time taken: 0.02 seconds
2024-04-24T00:52:41,521  INFO [main] lockmgr.DbTxnManager: Stopped heartbeat for query: alex_20240424005241_e870cfc4-2bd4-415f-ad93-4d97dc3e8e39
2024-04-24T00:52:41,526  INFO [main] txn.TxnHandler: Expected to move at least one record from txn_components to completed_txn_components when committing txn! txnid:12
2024-04-24T00:52:41,532  INFO [main] txn.TxnHandler: Removed transactions: ([12]) from MIN_HISTORY_LEVEL
2024-04-24T00:52:41,532  WARN [main] txn.CompactionTxnHandler: No compaction queue record found for Compaction type transaction commit. txnId:12
2024-04-24T00:52:41,533  INFO [main] ql.TxnCommandsBaseForTests: Running the query: drop table if exists T
2024-04-24T00:52:41,533  INFO [main] ql.Driver: Compiling command(queryId=alex_20240424005241_a816b851-b37c-4720-990d-6b0e515bbb83): drop table if exists T
2024-04-24T00:52:41,536  INFO [main] txn.TxnHandler: Added entries to MIN_HISTORY_LEVEL for current txns: ([13]) with min_open_txn: 1
2024-04-24T00:52:41,536  INFO [main] lockmgr.DbTxnManager: Opened txnid:13
2024-04-24T00:52:41,539  INFO [main] HiveMetaStore.audit: ugi=alex	ip=unknown-ip-addr	cmd=get_table : tbl=hive.default.T	
2024-04-24T00:52:41,559  INFO [main] metastore.HMSHandler: Skipping translation for processor with null
2024-04-24T00:52:41,559  INFO [main] ql.Driver: Semantic Analysis Completed (retrial = false)
2024-04-24T00:52:41,559  INFO [main] ql.Driver: Created Hive schema: Schema(fieldSchemas:null, properties:null)
2024-04-24T00:52:41,559  INFO [main] metadata.Hive: Dumping metastore api call timing information for : compilation phase
2024-04-24T00:52:41,559  INFO [main] metadata.Hive: Total time spent in each metastore function (ms): {isCompatibleWith_(Configuration)=1, flushCache_()=0, getValidTxns_(long)=2, getTable_(GetTableRequest)=21, openTxn_(String, TxnType)=2, commitTxn_(CommitTxnRequest)=11}
2024-04-24T00:52:41,559  INFO [main] ql.Driver: Completed compiling command(queryId=alex_20240424005241_a816b851-b37c-4720-990d-6b0e515bbb83); Time taken: 0.026 seconds
2024-04-24T00:52:41,560  INFO [main] lockmgr.DbTxnManager: Setting lock request transaction to txnid:13 for queryId=alex_20240424005241_a816b851-b37c-4720-990d-6b0e515bbb83
2024-04-24T00:52:41,560  INFO [main] lockmgr.DbLockManager: Requesting lock for queryId=alex_20240424005241_a816b851-b37c-4720-990d-6b0e515bbb83
2024-04-24T00:52:41,580  INFO [main] lockmgr.DbLockManager: Response to queryId=alex_20240424005241_a816b851-b37c-4720-990d-6b0e515bbb83 LockResponse(lockid:7, state:ACQUIRED)
2024-04-24T00:52:41,580  INFO [main] ql.Driver: Operation DROPTABLE obtained 1 locks
2024-04-24T00:52:41,580  INFO [main] ql.Driver: Executing command(queryId=alex_20240424005241_a816b851-b37c-4720-990d-6b0e515bbb83): drop table if exists T
2024-04-24T00:52:41,580  INFO [main] ql.Driver: Starting task [Stage-0:DDL] in serial mode
2024-04-24T00:52:41,580  INFO [main] HiveMetaStore.audit: ugi=alex	ip=unknown-ip-addr	cmd=get_table : tbl=hive.default.T	
2024-04-24T00:52:41,586  INFO [main] metastore.HMSHandler: Skipping translation for processor with null
2024-04-24T00:52:41,587  INFO [main] HiveMetaStore.audit: ugi=alex	ip=unknown-ip-addr	cmd=get_table : tbl=hive.default.T	
2024-04-24T00:52:41,593  INFO [main] metastore.HMSHandler: Skipping translation for processor with null
2024-04-24T00:52:41,593  INFO [main] HiveMetaStore.audit: ugi=alex	ip=unknown-ip-addr	cmd=drop_table : tbl=hive.default.T	
2024-04-24T00:52:41,755  WARN [main] utils.FileUtils: File file:/home/alex/Repositories/hive/ql/target/tmp/org.apache.hadoop.hive.ql.TestTxnExIm-1713945026909/warehouse/t does not exist; Force to delete it.
2024-04-24T00:52:41,755 ERROR [main] utils.FileUtils: Failed to delete file:/home/alex/Repositories/hive/ql/target/tmp/org.apache.hadoop.hive.ql.TestTxnExIm-1713945026909/warehouse/t
2024-04-24T00:52:41,756  INFO [main] metadata.Hive: Dumping metastore api call timing information for : execution phase
2024-04-24T00:52:41,756  INFO [main] metadata.Hive: Total time spent in each metastore function (ms): {isCompatibleWith_(Configuration)=0, getTable_(GetTableRequest)=7, dropTable_(String, String, boolean, boolean, boolean)=168}
2024-04-24T00:52:41,756  INFO [main] ql.Driver: Completed executing command(queryId=alex_20240424005241_a816b851-b37c-4720-990d-6b0e515bbb83); Time taken: 0.175 seconds
2024-04-24T00:52:41,756  INFO [main] lockmgr.DbTxnManager: Stopped heartbeat for query: alex_20240424005241_a816b851-b37c-4720-990d-6b0e515bbb83
2024-04-24T00:52:41,761  INFO [main] txn.TxnHandler: Expected to move at least one record from txn_components to completed_txn_components when committing txn! txnid:13
2024-04-24T00:52:41,769  INFO [main] txn.TxnHandler: Removed transactions: ([13]) from MIN_HISTORY_LEVEL
2024-04-24T00:52:41,769  WARN [main] txn.CompactionTxnHandler: No compaction queue record found for Compaction type transaction commit. txnId:13
2024-04-24T00:52:41,770  INFO [main] ql.TxnCommandsBaseForTests: Running the query: drop table if exists TImport 
2024-04-24T00:52:41,770  INFO [main] ql.Driver: Compiling command(queryId=alex_20240424005241_702cb20d-a437-46e8-b2ef-faf753b1fa8c): drop table if exists TImport 
2024-04-24T00:52:41,773  INFO [main] txn.TxnHandler: Added entries to MIN_HISTORY_LEVEL for current txns: ([14]) with min_open_txn: 1
2024-04-24T00:52:41,773  INFO [main] lockmgr.DbTxnManager: Opened txnid:14
2024-04-24T00:52:41,774  INFO [main] HiveMetaStore.audit: ugi=alex	ip=unknown-ip-addr	cmd=get_table : tbl=hive.default.TImport	
2024-04-24T00:52:41,800  INFO [main] metastore.HMSHandler: Skipping translation for processor with null
2024-04-24T00:52:41,800  INFO [main] ql.Driver: Semantic Analysis Completed (retrial = false)
2024-04-24T00:52:41,800  INFO [main] ql.Driver: Created Hive schema: Schema(fieldSchemas:null, properties:null)
2024-04-24T00:52:41,800  INFO [main] metadata.Hive: Dumping metastore api call timing information for : compilation phase
2024-04-24T00:52:41,800  INFO [main] metadata.Hive: Total time spent in each metastore function (ms): {getValidTxns_(long)=0, openTxn_(String, TxnType)=2, commitTxn_(CommitTxnRequest)=14, isCompatibleWith_(Configuration)=0, getTable_(GetTableRequest)=27, flushCache_()=0}
2024-04-24T00:52:41,801  INFO [main] ql.Driver: Completed compiling command(queryId=alex_20240424005241_702cb20d-a437-46e8-b2ef-faf753b1fa8c); Time taken: 0.03 seconds
2024-04-24T00:52:41,801  INFO [main] lockmgr.DbTxnManager: Setting lock request transaction to txnid:14 for queryId=alex_20240424005241_702cb20d-a437-46e8-b2ef-faf753b1fa8c
2024-04-24T00:52:41,801  INFO [main] lockmgr.DbLockManager: Requesting lock for queryId=alex_20240424005241_702cb20d-a437-46e8-b2ef-faf753b1fa8c
2024-04-24T00:52:41,818  INFO [main] lockmgr.DbLockManager: Response to queryId=alex_20240424005241_702cb20d-a437-46e8-b2ef-faf753b1fa8c LockResponse(lockid:8, state:ACQUIRED)
2024-04-24T00:52:41,818  INFO [main] ql.Driver: Operation DROPTABLE obtained 1 locks
2024-04-24T00:52:41,818  INFO [main] ql.Driver: Executing command(queryId=alex_20240424005241_702cb20d-a437-46e8-b2ef-faf753b1fa8c): drop table if exists TImport 
2024-04-24T00:52:41,819  INFO [main] ql.Driver: Starting task [Stage-0:DDL] in serial mode
2024-04-24T00:52:41,819  INFO [main] HiveMetaStore.audit: ugi=alex	ip=unknown-ip-addr	cmd=get_table : tbl=hive.default.TImport	
2024-04-24T00:52:41,828  INFO [main] metastore.HMSHandler: Skipping translation for processor with null
2024-04-24T00:52:41,828  INFO [main] HiveMetaStore.audit: ugi=alex	ip=unknown-ip-addr	cmd=get_table : tbl=hive.default.TImport	
2024-04-24T00:52:41,837  INFO [main] metastore.HMSHandler: Skipping translation for processor with null
2024-04-24T00:52:41,837  INFO [main] HiveMetaStore.audit: ugi=alex	ip=unknown-ip-addr	cmd=drop_table : tbl=hive.default.TImport	
2024-04-24T00:52:41,909  WARN [main] utils.FileUtils: File file:/home/alex/Repositories/hive/ql/target/tmp/org.apache.hadoop.hive.ql.TestTxnExIm-1713945026909/warehouse/timport does not exist; Force to delete it.
2024-04-24T00:52:41,909 ERROR [main] utils.FileUtils: Failed to delete file:/home/alex/Repositories/hive/ql/target/tmp/org.apache.hadoop.hive.ql.TestTxnExIm-1713945026909/warehouse/timport
2024-04-24T00:52:41,909  INFO [main] metadata.Hive: Dumping metastore api call timing information for : execution phase
2024-04-24T00:52:41,910  INFO [main] metadata.Hive: Total time spent in each metastore function (ms): {isCompatibleWith_(Configuration)=0, getTable_(GetTableRequest)=9, dropTable_(String, String, boolean, boolean, boolean)=81}
2024-04-24T00:52:41,910  INFO [main] ql.Driver: Completed executing command(queryId=alex_20240424005241_702cb20d-a437-46e8-b2ef-faf753b1fa8c); Time taken: 0.091 seconds
2024-04-24T00:52:41,910  INFO [main] lockmgr.DbTxnManager: Stopped heartbeat for query: alex_20240424005241_702cb20d-a437-46e8-b2ef-faf753b1fa8c
2024-04-24T00:52:41,915  INFO [main] txn.TxnHandler: Expected to move at least one record from txn_components to completed_txn_components when committing txn! txnid:14
2024-04-24T00:52:41,922  INFO [main] txn.TxnHandler: Removed transactions: ([14]) from MIN_HISTORY_LEVEL
2024-04-24T00:52:41,923  WARN [main] txn.CompactionTxnHandler: No compaction queue record found for Compaction type transaction commit. txnId:14
2024-04-24T00:52:41,923  INFO [main] ql.TxnCommandsBaseForTests: Running the query: create table T (a int, b int) stored as ORC
2024-04-24T00:52:41,923  INFO [main] ql.Driver: Compiling command(queryId=alex_20240424005241_81dc4602-c46f-4c38-a4da-6581ab91d1ad): create table T (a int, b int) stored as ORC
2024-04-24T00:52:41,926  INFO [main] txn.TxnHandler: Added entries to MIN_HISTORY_LEVEL for current txns: ([15]) with min_open_txn: 1
2024-04-24T00:52:41,926  INFO [main] lockmgr.DbTxnManager: Opened txnid:15
2024-04-24T00:52:41,929  INFO [main] parse.CalcitePlanner: Starting caching scope for: 
2024-04-24T00:52:41,929  INFO [main] parse.CalcitePlanner: Starting Semantic Analysis
2024-04-24T00:52:41,935  INFO [main] parse.CalcitePlanner: Creating table default.T position=13
2024-04-24T00:52:41,935  INFO [main] parse.CalcitePlanner: Automatically chose to make default.T acid.
2024-04-24T00:52:41,936  INFO [main] HiveMetaStore.audit: ugi=alex	ip=unknown-ip-addr	cmd=get_database: default	
2024-04-24T00:52:41,937  INFO [main] parse.CalcitePlanner: Ending caching scope for: 
2024-04-24T00:52:41,937  INFO [main] ql.Driver: Semantic Analysis Completed (retrial = false)
2024-04-24T00:52:41,937  INFO [main] ql.Driver: Created Hive schema: Schema(fieldSchemas:null, properties:null)
2024-04-24T00:52:41,937  INFO [main] metadata.Hive: Dumping metastore api call timing information for : compilation phase
2024-04-24T00:52:41,937  INFO [main] metadata.Hive: Total time spent in each metastore function (ms): {getValidTxns_(long)=3, openTxn_(String, TxnType)=2, getDatabase_(String)=2, isCompatibleWith_(Configuration)=0, commitTxn_(CommitTxnRequest)=13, getValidWriteIds_(List, String)=6, flushCache_()=0}
2024-04-24T00:52:41,938  INFO [main] ql.Driver: Completed compiling command(queryId=alex_20240424005241_81dc4602-c46f-4c38-a4da-6581ab91d1ad); Time taken: 0.014 seconds
2024-04-24T00:52:41,938  INFO [main] lockmgr.DbTxnManager: Setting lock request transaction to txnid:15 for queryId=alex_20240424005241_81dc4602-c46f-4c38-a4da-6581ab91d1ad
2024-04-24T00:52:41,938  INFO [main] lockmgr.DbLockManager: Requesting lock for queryId=alex_20240424005241_81dc4602-c46f-4c38-a4da-6581ab91d1ad
2024-04-24T00:52:41,958  INFO [main] lockmgr.DbLockManager: Response to queryId=alex_20240424005241_81dc4602-c46f-4c38-a4da-6581ab91d1ad LockResponse(lockid:9, state:ACQUIRED)
2024-04-24T00:52:41,958  INFO [main] ql.Driver: Operation CREATETABLE obtained 1 locks
2024-04-24T00:52:41,959  INFO [main] ql.Driver: Executing command(queryId=alex_20240424005241_81dc4602-c46f-4c38-a4da-6581ab91d1ad): create table T (a int, b int) stored as ORC
2024-04-24T00:52:41,959  INFO [main] ql.Driver: Starting task [Stage-0:DDL] in serial mode
2024-04-24T00:52:41,960  INFO [main] HiveMetaStore.audit: ugi=alex	ip=unknown-ip-addr	cmd=create_table_req: Table(tableName:T, dbName:default, owner:alex, createTime:1713945161, lastAccessTime:0, retention:0, sd:StorageDescriptor(cols:[FieldSchema(name:a, type:int, comment:null), FieldSchema(name:b, type:int, comment:null)], location:null, inputFormat:org.apache.hadoop.hive.ql.io.orc.OrcInputFormat, outputFormat:org.apache.hadoop.hive.ql.io.orc.OrcOutputFormat, compressed:false, numBuckets:-1, serdeInfo:SerDeInfo(name:null, serializationLib:org.apache.hadoop.hive.ql.io.orc.OrcSerde, parameters:{serialization.format=1}), bucketCols:[], sortCols:[], parameters:{}, skewedInfo:SkewedInfo(skewedColNames:[], skewedColValues:[], skewedColValueLocationMaps:{}), storedAsSubDirectories:false), partitionKeys:[], parameters:{rawDataSize=0, totalSize=0, transactional_properties=default, numRows=0, numFiles=0, COLUMN_STATS_ACCURATE={"BASIC_STATS":"true","COLUMN_STATS":{"a":"true","b":"true"}}, transactional=true, numFilesErasureCoded=0, bucketing_version=2}, viewOriginalText:null, viewExpandedText:null, tableType:MANAGED_TABLE, privileges:PrincipalPrivilegeSet(userPrivileges:{alex=[PrivilegeGrantInfo(privilege:INSERT, createTime:-1, grantor:alex, grantorType:USER, grantOption:true), PrivilegeGrantInfo(privilege:SELECT, createTime:-1, grantor:alex, grantorType:USER, grantOption:true), PrivilegeGrantInfo(privilege:UPDATE, createTime:-1, grantor:alex, grantorType:USER, grantOption:true), PrivilegeGrantInfo(privilege:DELETE, createTime:-1, grantor:alex, grantorType:USER, grantOption:true)]}, groupPrivileges:null, rolePrivileges:null), temporary:false, catName:hive, ownerType:USER, writeId:0)	
2024-04-24T00:52:41,966  INFO [main] utils.FileUtils: Creating directory if it doesn't exist: file:/home/alex/Repositories/hive/ql/target/tmp/org.apache.hadoop.hive.ql.TestTxnExIm-1713945026909/warehouse/t
2024-04-24T00:52:41,999  INFO [main] metadata.Hive: Dumping metastore api call timing information for : execution phase
2024-04-24T00:52:41,999  INFO [main] metadata.Hive: Total time spent in each metastore function (ms): {createTable_(Table)=39, isCompatibleWith_(Configuration)=0}
2024-04-24T00:52:41,999  INFO [main] ql.Driver: Completed executing command(queryId=alex_20240424005241_81dc4602-c46f-4c38-a4da-6581ab91d1ad); Time taken: 0.04 seconds
2024-04-24T00:52:41,999  INFO [main] lockmgr.DbTxnManager: Stopped heartbeat for query: alex_20240424005241_81dc4602-c46f-4c38-a4da-6581ab91d1ad
2024-04-24T00:52:42,004  INFO [main] txn.TxnHandler: Expected to move at least one record from txn_components to completed_txn_components when committing txn! txnid:15
2024-04-24T00:52:42,010  INFO [main] txn.TxnHandler: Removed transactions: ([15]) from MIN_HISTORY_LEVEL
2024-04-24T00:52:42,011  WARN [main] txn.CompactionTxnHandler: No compaction queue record found for Compaction type transaction commit. txnId:15
2024-04-24T00:52:42,011  INFO [main] ql.TxnCommandsBaseForTests: Running the query: create table TImport (a int, b int) stored as ORC TBLPROPERTIES ('transactional'='false')
2024-04-24T00:52:42,011  INFO [main] ql.Driver: Compiling command(queryId=alex_20240424005242_3706789c-72ea-4533-888c-d552a7e309af): create table TImport (a int, b int) stored as ORC TBLPROPERTIES ('transactional'='false')
2024-04-24T00:52:42,015  INFO [main] txn.TxnHandler: Added entries to MIN_HISTORY_LEVEL for current txns: ([16]) with min_open_txn: 2
2024-04-24T00:52:42,015  INFO [main] lockmgr.DbTxnManager: Opened txnid:16
2024-04-24T00:52:42,016  INFO [main] parse.CalcitePlanner: Starting caching scope for: 
2024-04-24T00:52:42,016  INFO [main] parse.CalcitePlanner: Starting Semantic Analysis
2024-04-24T00:52:42,019  INFO [main] parse.CalcitePlanner: Creating table default.TImport position=13
2024-04-24T00:52:42,019  INFO [main] HiveMetaStore.audit: ugi=alex	ip=unknown-ip-addr	cmd=get_database: default	
2024-04-24T00:52:42,020  INFO [main] parse.CalcitePlanner: Ending caching scope for: 
2024-04-24T00:52:42,020  INFO [main] ql.Driver: Semantic Analysis Completed (retrial = false)
2024-04-24T00:52:42,020  INFO [main] ql.Driver: Created Hive schema: Schema(fieldSchemas:null, properties:null)
2024-04-24T00:52:42,021  INFO [main] metadata.Hive: Dumping metastore api call timing information for : compilation phase
2024-04-24T00:52:42,021  INFO [main] metadata.Hive: Total time spent in each metastore function (ms): {getValidTxns_(long)=1, getDatabase_(String)=1, isCompatibleWith_(Configuration)=1, flushCache_()=0, getValidWriteIds_(List, String)=3, openTxn_(String, TxnType)=3, commitTxn_(CommitTxnRequest)=11}
2024-04-24T00:52:42,021  INFO [main] ql.Driver: Completed compiling command(queryId=alex_20240424005242_3706789c-72ea-4533-888c-d552a7e309af); Time taken: 0.01 seconds
2024-04-24T00:52:42,021  INFO [main] lockmgr.DbTxnManager: Setting lock request transaction to txnid:16 for queryId=alex_20240424005242_3706789c-72ea-4533-888c-d552a7e309af
2024-04-24T00:52:42,021  INFO [main] lockmgr.DbLockManager: Requesting lock for queryId=alex_20240424005242_3706789c-72ea-4533-888c-d552a7e309af
2024-04-24T00:52:42,036  INFO [main] lockmgr.DbLockManager: Response to queryId=alex_20240424005242_3706789c-72ea-4533-888c-d552a7e309af LockResponse(lockid:10, state:ACQUIRED)
2024-04-24T00:52:42,036  INFO [main] ql.Driver: Operation CREATETABLE obtained 1 locks
2024-04-24T00:52:42,036  INFO [main] ql.Driver: Executing command(queryId=alex_20240424005242_3706789c-72ea-4533-888c-d552a7e309af): create table TImport (a int, b int) stored as ORC TBLPROPERTIES ('transactional'='false')
2024-04-24T00:52:42,037  INFO [main] ql.Driver: Starting task [Stage-0:DDL] in serial mode
2024-04-24T00:52:42,037  INFO [main] HiveMetaStore.audit: ugi=alex	ip=unknown-ip-addr	cmd=create_table_req: Table(tableName:TImport, dbName:default, owner:alex, createTime:1713945162, lastAccessTime:0, retention:0, sd:StorageDescriptor(cols:[FieldSchema(name:a, type:int, comment:null), FieldSchema(name:b, type:int, comment:null)], location:null, inputFormat:org.apache.hadoop.hive.ql.io.orc.OrcInputFormat, outputFormat:org.apache.hadoop.hive.ql.io.orc.OrcOutputFormat, compressed:false, numBuckets:-1, serdeInfo:SerDeInfo(name:null, serializationLib:org.apache.hadoop.hive.ql.io.orc.OrcSerde, parameters:{serialization.format=1}), bucketCols:[], sortCols:[], parameters:{}, skewedInfo:SkewedInfo(skewedColNames:[], skewedColValues:[], skewedColValueLocationMaps:{}), storedAsSubDirectories:false), partitionKeys:[], parameters:{rawDataSize=0, bucketing_version=2, totalSize=0, numRows=0, COLUMN_STATS_ACCURATE={"BASIC_STATS":"true","COLUMN_STATS":{"a":"true","b":"true"}}, transactional=false, numFiles=0, numFilesErasureCoded=0}, viewOriginalText:null, viewExpandedText:null, tableType:MANAGED_TABLE, privileges:PrincipalPrivilegeSet(userPrivileges:{alex=[PrivilegeGrantInfo(privilege:INSERT, createTime:-1, grantor:alex, grantorType:USER, grantOption:true), PrivilegeGrantInfo(privilege:SELECT, createTime:-1, grantor:alex, grantorType:USER, grantOption:true), PrivilegeGrantInfo(privilege:UPDATE, createTime:-1, grantor:alex, grantorType:USER, grantOption:true), PrivilegeGrantInfo(privilege:DELETE, createTime:-1, grantor:alex, grantorType:USER, grantOption:true)]}, groupPrivileges:null, rolePrivileges:null), temporary:false, catName:hive, ownerType:USER)	
2024-04-24T00:52:42,043  INFO [main] utils.FileUtils: Creating directory if it doesn't exist: file:/home/alex/Repositories/hive/ql/target/tmp/org.apache.hadoop.hive.ql.TestTxnExIm-1713945026909/warehouse/timport
2024-04-24T00:52:42,061  INFO [main] metadata.Hive: Dumping metastore api call timing information for : execution phase
2024-04-24T00:52:42,061  INFO [main] metadata.Hive: Total time spent in each metastore function (ms): {isCompatibleWith_(Configuration)=0, createTable_(Table)=24}
2024-04-24T00:52:42,062  INFO [main] ql.Driver: Completed executing command(queryId=alex_20240424005242_3706789c-72ea-4533-888c-d552a7e309af); Time taken: 0.025 seconds
2024-04-24T00:52:42,062  INFO [main] lockmgr.DbTxnManager: Stopped heartbeat for query: alex_20240424005242_3706789c-72ea-4533-888c-d552a7e309af
2024-04-24T00:52:42,066  INFO [main] txn.TxnHandler: Expected to move at least one record from txn_components to completed_txn_components when committing txn! txnid:16
2024-04-24T00:52:42,073  INFO [main] txn.TxnHandler: Removed transactions: ([16]) from MIN_HISTORY_LEVEL
2024-04-24T00:52:42,073  WARN [main] txn.CompactionTxnHandler: No compaction queue record found for Compaction type transaction commit. txnId:16
2024-04-24T00:52:42,073  INFO [main] ql.TxnCommandsBaseForTests: Running the query: insert into T(a,b)  values(1,2),(3,4)
2024-04-24T00:52:42,073  INFO [main] ql.Driver: Compiling command(queryId=alex_20240424005242_e68a39b8-46b4-4391-8368-5cad11ea3582): insert into T(a,b)  values(1,2),(3,4)
2024-04-24T00:52:42,076  INFO [main] txn.TxnHandler: Added entries to MIN_HISTORY_LEVEL for current txns: ([17]) with min_open_txn: 4
2024-04-24T00:52:42,076  INFO [main] lockmgr.DbTxnManager: Opened txnid:17
2024-04-24T00:52:42,077  INFO [main] parse.CalcitePlanner: Starting caching scope for: 
2024-04-24T00:52:42,077  INFO [main] parse.CalcitePlanner: Starting Semantic Analysis
2024-04-24T00:52:42,080  INFO [main] HiveMetaStore.audit: ugi=alex	ip=unknown-ip-addr	cmd=get_table : tbl=hive.default.T	
2024-04-24T00:52:42,097  INFO [main] metastore.HMSHandler: Skipping translation for processor with null
2024-04-24T00:52:42,097  INFO [main] parse.CalcitePlanner: Completed phase 1 of Semantic Analysis
2024-04-24T00:52:42,097  INFO [main] parse.CalcitePlanner: Get metadata for source tables
2024-04-24T00:52:42,098  INFO [main] parse.CalcitePlanner: Get metadata for subqueries
2024-04-24T00:52:42,098  INFO [main] parse.CalcitePlanner: Get metadata for destination tables
2024-04-24T00:52:42,098  INFO [main] HiveMetaStore.audit: ugi=alex	ip=unknown-ip-addr	cmd=get_table : tbl=hive.default.T	
2024-04-24T00:52:42,105  INFO [main] metastore.HMSHandler: Skipping translation for processor with null
2024-04-24T00:52:42,105  INFO [main] parse.CalcitePlanner: Completed getting MetaData in Semantic Analysis
2024-04-24T00:52:42,105  INFO [main] parse.CalcitePlanner: Disabling LLAP IO encode as ETL query is detected
2024-04-24T00:52:42,127  INFO [main] HiveMetaStore.audit: ugi=alex	ip=unknown-ip-addr	cmd=get_all_table_constraints : tbl=hive._dummy_database._dummy_table	
2024-04-24T00:52:42,207  INFO [main] parse.CalcitePlanner: Get metadata for source tables
2024-04-24T00:52:42,207  INFO [main] parse.CalcitePlanner: Get metadata for subqueries
2024-04-24T00:52:42,207  INFO [main] parse.CalcitePlanner: Get metadata for source tables
2024-04-24T00:52:42,208  INFO [main] HiveMetaStore.audit: ugi=alex	ip=unknown-ip-addr	cmd=get_table : tbl=hive._dummy_database._dummy_table	
2024-04-24T00:52:42,211  INFO [main] parse.CalcitePlanner: Get metadata for subqueries
2024-04-24T00:52:42,211  INFO [main] parse.CalcitePlanner: Get metadata for destination tables
2024-04-24T00:52:42,211  INFO [main] parse.CalcitePlanner: Get metadata for destination tables
2024-04-24T00:52:42,211  INFO [main] HiveMetaStore.audit: ugi=alex	ip=unknown-ip-addr	cmd=get_table : tbl=hive.default.T	
2024-04-24T00:52:42,218  INFO [main] metastore.HMSHandler: Skipping translation for processor with null
2024-04-24T00:52:42,220  INFO [main] HiveMetaStore.audit: ugi=alex	ip=unknown-ip-addr	cmd=get_not_null_constraints : tbl=hive.default.t	
2024-04-24T00:52:42,221  INFO [main] HiveMetaStore.audit: ugi=alex	ip=unknown-ip-addr	cmd=get_check_constraints : tbl=hive.default.t	
2024-04-24T00:52:42,232  INFO [main] txn.TxnHandler: Allocated writeId: 1 for txnId: 17
2024-04-24T00:52:42,233  INFO [main] txn.TxnHandler: Allocated write ids for dbName=default, tblName=t (txnIds: [17])
2024-04-24T00:52:42,233  INFO [main] parse.CalcitePlanner: CBO Succeeded; optimized logical plan.
2024-04-24T00:52:42,236  INFO [main] optimizer.BucketVersionPopulator: not considering bucketingVersion for: TS[0] because it has -1<2 buckets 
2024-04-24T00:52:42,237  INFO [main] optimizer.SortedDynPartitionOptimizer: Sorted dynamic partitioning optimization kicked in..
2024-04-24T00:52:42,245  INFO [main] HiveMetaStore.audit: ugi=alex	ip=unknown-ip-addr	cmd=get_table : tbl=hive.default.t	
2024-04-24T00:52:42,253  INFO [main] metastore.HMSHandler: Skipping translation for processor with null
2024-04-24T00:52:42,253  INFO [main] physical.Vectorizer: Examining input format to see if vectorization is enabled.
2024-04-24T00:52:42,254  INFO [main] physical.Vectorizer: Map vectorization enabled: false
2024-04-24T00:52:42,254  INFO [main] physical.Vectorizer: Map vectorized: false
2024-04-24T00:52:42,254  INFO [main] physical.Vectorizer: Map vectorizedVertexNum: 0
2024-04-24T00:52:42,254  INFO [main] physical.Vectorizer: Map enabledConditionsMet: [hive.vectorized.use.vectorized.input.format IS true]
2024-04-24T00:52:42,254  INFO [main] physical.Vectorizer: Map enabledConditionsNotMet: [Could not enable vectorization due to partition column names size 1 is greater than the number of table column names size 0 IS false]
2024-04-24T00:52:42,254  INFO [main] physical.Vectorizer: Map inputFileFormatClassNameSet: [org.apache.hadoop.hive.ql.io.NullRowsInputFormat]
2024-04-24T00:52:42,254  INFO [main] parse.CalcitePlanner: Completed plan generation
2024-04-24T00:52:42,254  INFO [main] parse.CalcitePlanner: Ending caching scope for: 
2024-04-24T00:52:42,254  INFO [main] ql.Driver: Semantic Analysis Completed (retrial = false)
2024-04-24T00:52:42,254  INFO [main] ql.Driver: Created Hive schema: Schema(fieldSchemas:[FieldSchema(name:_col0, type:int, comment:null), FieldSchema(name:_col1, type:int, comment:null)], properties:null)
2024-04-24T00:52:42,254  INFO [main] metadata.Hive: Dumping metastore api call timing information for : compilation phase
2024-04-24T00:52:42,254  INFO [main] metadata.Hive: Total time spent in each metastore function (ms): {getNotNullConstraints_(NotNullConstraintsRequest)=1, getTable_(GetTableRequest)=39, openTxn_(String, TxnType)=2, getCheckConstraints_(CheckConstraintsRequest)=1, getValidWriteIds_(List, String)=5, isCompatibleWith_(Configuration)=1, getValidTxns_(long)=0, allocateTableWriteId_(long, String, String)=10, getAllTableConstraints_(AllTableConstraintsRequest)=29, flushCache_()=0, commitTxn_(CommitTxnRequest)=11}
2024-04-24T00:52:42,255  INFO [main] ql.Driver: Completed compiling command(queryId=alex_20240424005242_e68a39b8-46b4-4391-8368-5cad11ea3582); Time taken: 0.181 seconds
2024-04-24T00:52:42,255  INFO [main] lockmgr.DbTxnManager: Setting lock request transaction to txnid:17 for queryId=alex_20240424005242_e68a39b8-46b4-4391-8368-5cad11ea3582
2024-04-24T00:52:42,255  INFO [main] lockmgr.DbLockManager: Requesting lock for queryId=alex_20240424005242_e68a39b8-46b4-4391-8368-5cad11ea3582
2024-04-24T00:52:42,273  INFO [main] lockmgr.DbLockManager: Response to queryId=alex_20240424005242_e68a39b8-46b4-4391-8368-5cad11ea3582 LockResponse(lockid:11, state:ACQUIRED)
2024-04-24T00:52:42,273  INFO [main] ql.Driver: Operation QUERY obtained 1 locks
2024-04-24T00:52:42,276  INFO [main] ql.Driver: Executing command(queryId=alex_20240424005242_e68a39b8-46b4-4391-8368-5cad11ea3582): insert into T(a,b)  values(1,2),(3,4)
2024-04-24T00:52:42,276  WARN [main] ql.Driver: Hive-on-MR is deprecated in Hive 2 and may not be available in the future versions. Consider using a different execution engine (i.e. tez, spark) or using Hive 1.X releases.
Query ID = alex_20240424005242_e68a39b8-46b4-4391-8368-5cad11ea3582
2024-04-24T00:52:42,276  INFO [main] ql.Driver: Query ID = alex_20240424005242_e68a39b8-46b4-4391-8368-5cad11ea3582
Total jobs = 1
2024-04-24T00:52:42,276  INFO [main] ql.Driver: Total jobs = 1
Launching Job 1 out of 1
2024-04-24T00:52:42,276  INFO [main] ql.Driver: Launching Job 1 out of 1
2024-04-24T00:52:42,427  INFO [main] ql.Driver: Starting task [Stage-1:MAPRED] in serial mode
Number of reduce tasks is set to 0 since there's no reduce operator
2024-04-24T00:52:42,427  INFO [main] exec.Task: Number of reduce tasks is set to 0 since there's no reduce operator
2024-04-24T00:52:42,429  INFO [main] mr.ExecDriver: Using org.apache.hadoop.hive.ql.io.HiveInputFormat
2024-04-24T00:52:42,429  INFO [main] exec.Utilities: Processing alias $hdt$_0:_dummy_table
2024-04-24T00:52:42,430  INFO [main] exec.Utilities: Adding 1 inputs; the first input is file:/home/alex/Repositories/hive/ql/target/tmp/localscratchdir/f7a1b7d6-5c2b-48d6-b44a-d527c474acbc/hive_2024-04-24_00-52-42_073_8344054713759322089-1/dummy_path
2024-04-24T00:52:42,439  INFO [main] exec.SerializationUtilities: Serializing MapWork using kryo
2024-04-24T00:52:42,439  INFO [main] exec.Utilities: Serialized plan (via FILE) - name: null size: 5,69KB
2024-04-24T00:52:42,440  WARN [main] impl.MetricsSystemImpl: JobTracker metrics system already initialized!
2024-04-24T00:52:42,444  INFO [main] fs.FSStatsPublisher: created : file:/home/alex/Repositories/hive/ql/target/tmp/localscratchdir/f7a1b7d6-5c2b-48d6-b44a-d527c474acbc/hive_2024-04-24_00-52-42_073_8344054713759322089-1/-mr-10000
2024-04-24T00:52:42,446  WARN [main] impl.MetricsSystemImpl: JobTracker metrics system already initialized!
2024-04-24T00:52:42,453  WARN [main] mapreduce.JobResourceUploader: Hadoop command-line option parsing not performed. Implement the Tool interface and execute your application with ToolRunner to remedy this.
2024-04-24T00:52:42,457  WARN [main] mapreduce.JobResourceUploader: No job jar file set.  User classes may not be found. See Job or Job#setJar(String).
2024-04-24T00:52:42,458  INFO [main] io.HiveInputFormat: hive.io.file.readcolumn.ids = 
2024-04-24T00:52:42,458  INFO [main] io.HiveInputFormat: hive.io.file.readcolumn.names = 
2024-04-24T00:52:42,459  INFO [main] io.HiveInputFormat: Generating splits for dirs: file:/home/alex/Repositories/hive/ql/target/tmp/localscratchdir/f7a1b7d6-5c2b-48d6-b44a-d527c474acbc/hive_2024-04-24_00-52-42_073_8344054713759322089-1/dummy_path
2024-04-24T00:52:42,459  INFO [main] io.HiveInputFormat: number of splits 1
2024-04-24T00:52:42,477  INFO [main] mapreduce.JobSubmitter: number of splits:1
2024-04-24T00:52:42,495  INFO [main] mapreduce.JobSubmitter: Submitting tokens for job: job_local1416583476_0053
2024-04-24T00:52:42,496  INFO [main] mapreduce.JobSubmitter: Executing with tokens: []
2024-04-24T00:52:42,558  INFO [main] mapreduce.Job: The url to track the job: http://localhost:8080/
Job running in-process (local Hadoop)
2024-04-24T00:52:42,558  INFO [main] exec.Task: Job running in-process (local Hadoop)
2024-04-24T00:52:42,559  INFO [Thread-3984] mapred.LocalJobRunner: OutputCommitter set in config org.apache.hadoop.hive.ql.io.HiveFileFormatUtils$NullOutputCommitter
2024-04-24T00:52:42,559  INFO [Thread-3984] mapred.LocalJobRunner: OutputCommitter is org.apache.hadoop.hive.ql.io.HiveFileFormatUtils$NullOutputCommitter
2024-04-24T00:52:42,560  INFO [Thread-3984] mapred.LocalJobRunner: Waiting for map tasks
2024-04-24T00:52:42,561  INFO [LocalJobRunner Map Task Executor #0] mapred.LocalJobRunner: Starting task: attempt_local1416583476_0053_m_000000_0
2024-04-24T00:52:42,563  INFO [LocalJobRunner Map Task Executor #0] mapred.Task:  Using ResourceCalculatorProcessTree : [ ]
2024-04-24T00:52:42,564  INFO [LocalJobRunner Map Task Executor #0] mapred.MapTask: Processing split: org.apache.hadoop.hive.ql.io.NullRowsInputFormat:file:/home/alex/Repositories/hive/ql/target/tmp/localscratchdir/f7a1b7d6-5c2b-48d6-b44a-d527c474acbc/hive_2024-04-24_00-52-42_073_8344054713759322089-1/dummy_path/null:0+1
2024-04-24T00:52:42,566  INFO [LocalJobRunner Map Task Executor #0] exec.SerializationUtilities: Deserializing MapWork using kryo
2024-04-24T00:52:42,567  INFO [LocalJobRunner Map Task Executor #0] exec.Utilities: Deserialized plan (via FILE) - name: null size: 5,69KB
2024-04-24T00:52:42,567  INFO [LocalJobRunner Map Task Executor #0] mapred.MapTask: numReduceTasks: 0
2024-04-24T00:52:42,569  INFO [LocalJobRunner Map Task Executor #0] exec.MapOperator: Initializing Operator: MAP[0]
2024-04-24T00:52:42,570  INFO [LocalJobRunner Map Task Executor #0] mr.ExecMapper: 
<MAP>Id =0
  <Children>null
  <\Children>
  <Parent><\Parent>
<\MAP>
2024-04-24T00:52:42,570  INFO [LocalJobRunner Map Task Executor #0] exec.TableScanOperator: Initializing Operator: TS[0]
2024-04-24T00:52:42,570  INFO [LocalJobRunner Map Task Executor #0] exec.SelectOperator: Initializing Operator: SEL[1]
2024-04-24T00:52:42,570  INFO [LocalJobRunner Map Task Executor #0] exec.SelectOperator: SELECT null
2024-04-24T00:52:42,571  INFO [LocalJobRunner Map Task Executor #0] exec.UDTFOperator: Initializing Operator: UDTF[2]
2024-04-24T00:52:42,571  INFO [LocalJobRunner Map Task Executor #0] exec.SelectOperator: Initializing Operator: SEL[3]
2024-04-24T00:52:42,571  INFO [LocalJobRunner Map Task Executor #0] exec.SelectOperator: SELECT struct<col1:int,col2:int>
2024-04-24T00:52:42,571  INFO [LocalJobRunner Map Task Executor #0] exec.FileSinkOperator: Initializing Operator: FS[4]
2024-04-24T00:52:42,571  INFO [LocalJobRunner Map Task Executor #0] exec.FileSinkOperator: Using serializer : AbstractSerDe [log=org.apache.logging.slf4j.Log4jLogger@752e4bcc, configuration=Optional[Configuration: core-default.xml, core-site.xml, mapred-default.xml, mapred-site.xml, yarn-default.xml, yarn-site.xml, hdfs-default.xml, hdfs-site.xml, file:/home/alex/Repositories/hive/ql/target/tmp/TestTxnExIm/mapred/local/localRunner/alex/job_local1416583476_0053/job_local1416583476_0053.xml], properties={transactional_properties=default, name=default.t, transactional=true, columns.types=int:int, columns=a,b, numFilesErasureCoded=0, columns.comments=&amp#0;, bucketing_version=2, serialization.lib=org.apache.hadoop.hive.ql.io.orc.OrcSerde, file.inputformat=org.apache.hadoop.hive.ql.io.orc.OrcInputFormat, file.outputformat=org.apache.hadoop.hive.ql.io.orc.OrcOutputFormat, location=file:/home/alex/Repositories/hive/ql/target/tmp/org.apache.hadoop.hive.ql.TestTxnExIm-1713945026909/warehouse/t, column.name.delimiter=,}, tableProperties={transactional_properties=default, name=default.t, transactional=true, columns.types=int:int, columns=a,b, numFilesErasureCoded=0, columns.comments=&amp#0;, bucketing_version=2, serialization.lib=org.apache.hadoop.hive.ql.io.orc.OrcSerde, file.inputformat=org.apache.hadoop.hive.ql.io.orc.OrcInputFormat, location=file:/home/alex/Repositories/hive/ql/target/tmp/org.apache.hadoop.hive.ql.TestTxnExIm-1713945026909/warehouse/t, file.outputformat=org.apache.hadoop.hive.ql.io.orc.OrcOutputFormat, column.name.delimiter=,}, partitionProperties=Optional.empty, columnNames=[a, b], columnTypes=[int, int], getClass()=class org.apache.hadoop.hive.ql.io.orc.OrcSerde] and formatter : org.apache.hadoop.hive.ql.io.orc.OrcOutputFormat@26c3b829
2024-04-24T00:52:42,572  INFO [LocalJobRunner Map Task Executor #0] exec.FileSinkOperator: Final Path: FS file:/home/alex/Repositories/hive/ql/target/tmp/org.apache.hadoop.hive.ql.TestTxnExIm-1713945026909/warehouse/t
2024-04-24T00:52:42,572  INFO [LocalJobRunner Map Task Executor #0] exec.FileSinkOperator: New Final Path: FS file:/home/alex/Repositories/hive/ql/target/tmp/org.apache.hadoop.hive.ql.TestTxnExIm-1713945026909/warehouse/t
2024-04-24T00:52:42,572  INFO [LocalJobRunner Map Task Executor #0] common.FileUtils: Creating directory if it doesn't exist: file:/home/alex/Repositories/hive/ql/target/tmp/org.apache.hadoop.hive.ql.TestTxnExIm-1713945026909/warehouse
2024-04-24T00:52:42,574  INFO [LocalJobRunner Map Task Executor #0] exec.FileSinkOperator: FS[4]: records written - 1
2024-04-24T00:52:42,574  INFO [LocalJobRunner Map Task Executor #0] impl.PhysicalFsWriter: ORC writer created for path: file:/home/alex/Repositories/hive/ql/target/tmp/org.apache.hadoop.hive.ql.TestTxnExIm-1713945026909/warehouse/t/delta_0000001_0000001_0000/bucket_00000_0 with stripeSize: 8388608 blockSize: 268435456 compression: Compress: ZLIB buffer: 32768
2024-04-24T00:52:42,581  INFO [LocalJobRunner Map Task Executor #0] impl.WriterImpl: ORC writer created for path: file:/home/alex/Repositories/hive/ql/target/tmp/org.apache.hadoop.hive.ql.TestTxnExIm-1713945026909/warehouse/t/delta_0000001_0000001_0000/bucket_00000_0 with stripeSize: 8388608 options: Compress: ZLIB buffer: 32768
2024-04-24T00:52:42,586  INFO [LocalJobRunner Map Task Executor #0] exec.MapOperator: MAP[0]: records read - 1
2024-04-24T00:52:42,586  INFO [LocalJobRunner Map Task Executor #0] exec.MapOperator: Closing Operator: MAP[0]
2024-04-24T00:52:42,586  INFO [LocalJobRunner Map Task Executor #0] exec.MapOperator: MAP[0]: Total records read - 3. abort - false
2024-04-24T00:52:42,586  INFO [LocalJobRunner Map Task Executor #0] exec.MapOperator: RECORDS_IN:3, RECORDS_OUT_INTERMEDIATE:0, RECORDS_OUT_OPERATOR_MAP_0:0, DESERIALIZE_ERRORS:0, 
2024-04-24T00:52:42,586  INFO [LocalJobRunner Map Task Executor #0] exec.TableScanOperator: Closing Operator: TS[0]
2024-04-24T00:52:42,586  INFO [LocalJobRunner Map Task Executor #0] exec.TableScanOperator: RECORDS_OUT_INTERMEDIATE:0, RECORDS_OUT_OPERATOR_TS_0:1, 
2024-04-24T00:52:42,586  INFO [LocalJobRunner Map Task Executor #0] exec.SelectOperator: Closing Operator: SEL[1]
2024-04-24T00:52:42,586  INFO [LocalJobRunner Map Task Executor #0] exec.SelectOperator: RECORDS_OUT_INTERMEDIATE:0, RECORDS_OUT_OPERATOR_SEL_1:1, 
2024-04-24T00:52:42,586  INFO [LocalJobRunner Map Task Executor #0] exec.UDTFOperator: Closing Operator: UDTF[2]
2024-04-24T00:52:42,586  INFO [LocalJobRunner Map Task Executor #0] exec.UDTFOperator: RECORDS_OUT_OPERATOR_UDTF_2:2, RECORDS_OUT_INTERMEDIATE:0, 
2024-04-24T00:52:42,586  INFO [LocalJobRunner Map Task Executor #0] exec.SelectOperator: Closing Operator: SEL[3]
2024-04-24T00:52:42,586  INFO [LocalJobRunner Map Task Executor #0] exec.SelectOperator: RECORDS_OUT_OPERATOR_SEL_3:2, RECORDS_OUT_INTERMEDIATE:0, 
2024-04-24T00:52:42,587  INFO [LocalJobRunner Map Task Executor #0] exec.FileSinkOperator: Closing Operator: FS[4]
2024-04-24T00:52:42,587  INFO [LocalJobRunner Map Task Executor #0] exec.FileSinkOperator: FS[4]: records written - 2
2024-04-24T00:52:42,588  INFO [LocalJobRunner Map Task Executor #0] FileOperations: Writing manifest to file:/home/alex/Repositories/hive/ql/target/tmp/org.apache.hadoop.hive.ql.TestTxnExIm-1713945026909/warehouse/t/_tmp.delta_0000001_0000001_0000/000000_0.manifest with [file:/home/alex/Repositories/hive/ql/target/tmp/org.apache.hadoop.hive.ql.TestTxnExIm-1713945026909/warehouse/t/delta_0000001_0000001_0000/bucket_00000_0]
2024-04-24T00:52:42,600  INFO [LocalJobRunner Map Task Executor #0] exec.FileSinkOperator: RECORDS_OUT_INTERMEDIATE:0, RECORDS_OUT_OPERATOR_FS_4:2, RECORDS_OUT_1_default.t:2, TOTAL_TABLE_ROWS_WRITTEN:2, 
2024-04-24T00:52:42,601  INFO [LocalJobRunner Map Task Executor #0] mapred.LocalJobRunner: 
2024-04-24T00:52:42,603  INFO [LocalJobRunner Map Task Executor #0] mapred.Task: Task:attempt_local1416583476_0053_m_000000_0 is done. And is in the process of committing
2024-04-24T00:52:42,603  INFO [LocalJobRunner Map Task Executor #0] mapred.LocalJobRunner: map
2024-04-24T00:52:42,603  INFO [LocalJobRunner Map Task Executor #0] mapred.Task: Task 'attempt_local1416583476_0053_m_000000_0' done.
2024-04-24T00:52:42,603  INFO [LocalJobRunner Map Task Executor #0] mapred.Task: Final Counters for attempt_local1416583476_0053_m_000000_0: Counters: 27
	File System Counters
		FILE: Number of bytes read=980605
		FILE: Number of bytes written=61950143
		FILE: Number of read operations=0
		FILE: Number of large read operations=0
		FILE: Number of write operations=0
	Map-Reduce Framework
		Map input records=4
		Map output records=0
		Input split bytes=361
		Spilled Records=0
		Failed Shuffles=0
		Merged Map outputs=0
		GC time elapsed (ms)=0
		Total committed heap usage (bytes)=1184366592
	HIVE
		CREATED_FILES=1
		DESERIALIZE_ERRORS=0
		RECORDS_IN=3
		RECORDS_OUT_1_default.t=2
		RECORDS_OUT_INTERMEDIATE=0
		RECORDS_OUT_OPERATOR_FS_4=2
		RECORDS_OUT_OPERATOR_MAP_0=0
		RECORDS_OUT_OPERATOR_SEL_1=1
		RECORDS_OUT_OPERATOR_SEL_3=2
		RECORDS_OUT_OPERATOR_TS_0=1
		RECORDS_OUT_OPERATOR_UDTF_2=2
		TOTAL_TABLE_ROWS_WRITTEN=2
	File Input Format Counters 
		Bytes Read=5747
	File Output Format Counters 
		Bytes Written=0
2024-04-24T00:52:42,604  INFO [LocalJobRunner Map Task Executor #0] mapred.LocalJobRunner: Finishing task: attempt_local1416583476_0053_m_000000_0
2024-04-24T00:52:42,604  INFO [Thread-3984] mapred.LocalJobRunner: map task executor complete.
2024-04-24 00:52:43,559 Stage-1 map = 100%,  reduce = 0%
2024-04-24T00:52:43,559  INFO [main] exec.Task: 2024-04-24 00:52:43,559 Stage-1 map = 100%,  reduce = 0%
Ended Job = job_local1416583476_0053
2024-04-24T00:52:43,560  INFO [main] exec.Task: Ended Job = job_local1416583476_0053
2024-04-24T00:52:43,560  INFO [main] FileOperations: Found manifest file file:/home/alex/Repositories/hive/ql/target/tmp/org.apache.hadoop.hive.ql.TestTxnExIm-1713945026909/warehouse/t/_tmp.delta_0000001_0000001_0000/000000_0.manifest with attemptId 0.
2024-04-24T00:52:43,560  INFO [main] FileOperations: Looking at manifest file: file:/home/alex/Repositories/hive/ql/target/tmp/org.apache.hadoop.hive.ql.TestTxnExIm-1713945026909/warehouse/t/_tmp.delta_0000001_0000001_0000/000000_0.manifest
2024-04-24T00:52:43,561  INFO [main] FileOperations: Deleting manifest directory file:/home/alex/Repositories/hive/ql/target/tmp/org.apache.hadoop.hive.ql.TestTxnExIm-1713945026909/warehouse/t/_tmp.delta_0000001_0000001_0000
2024-04-24T00:52:43,562  INFO [main] ql.Driver: Starting task [Stage-0:MOVE] in serial mode
Loading data to table default.t
2024-04-24T00:52:43,562  INFO [main] exec.Task: Loading data to table default.t from file:/home/alex/Repositories/hive/ql/target/tmp/org.apache.hadoop.hive.ql.TestTxnExIm-1713945026909/warehouse/t
2024-04-24T00:52:43,562  INFO [main] HiveMetaStore.audit: ugi=alex	ip=unknown-ip-addr	cmd=get_table : tbl=hive.default.t	
2024-04-24T00:52:43,569  INFO [main] metastore.HMSHandler: Skipping translation for processor with null
2024-04-24T00:52:43,569  INFO [main] HiveMetaStore.audit: ugi=alex	ip=unknown-ip-addr	cmd=get_table : tbl=hive.default.t	
2024-04-24T00:52:43,578  INFO [main] metastore.HMSHandler: Skipping translation for processor with null
2024-04-24T00:52:43,578  INFO [main] HiveMetaStore.audit: ugi=alex	ip=unknown-ip-addr	cmd=alter_table: hive.default.t newtbl=t	
2024-04-24T00:52:43,615  INFO [main] ql.Driver: Starting task [Stage-2:STATS] in serial mode
2024-04-24T00:52:43,615  INFO [main] HiveMetaStore.audit: ugi=alex	ip=unknown-ip-addr	cmd=get_table : tbl=hive.default.t	
2024-04-24T00:52:43,624  INFO [main] metastore.HMSHandler: Skipping translation for processor with null
2024-04-24T00:52:43,624  INFO [main] stats.BasicStatsTask: Executing stats task
2024-04-24T00:52:43,625  INFO [main] fs.FSStatsPublisher: created : file:/home/alex/Repositories/hive/ql/target/tmp/localscratchdir/f7a1b7d6-5c2b-48d6-b44a-d527c474acbc/hive_2024-04-24_00-52-42_073_8344054713759322089-1/-mr-10000
2024-04-24T00:52:43,626  INFO [main] HiveMetaStore.audit: ugi=alex	ip=unknown-ip-addr	cmd=get_table : tbl=hive.default.t	
2024-04-24T00:52:43,636  INFO [main] metastore.HMSHandler: Skipping translation for processor with null
2024-04-24T00:52:43,645  WARN [main] FileOperations: Computing stats for an ACID table; stats may be inaccurate
2024-04-24T00:52:43,646  INFO [main] FileOperations: Read stats for default.t/, numRows, true, 2, false: 
2024-04-24T00:52:43,646  INFO [main] FileOperations: Read stats for default.t/, rawDataSize, true, 0, false: 
2024-04-24T00:52:43,646  INFO [main] HiveMetaStore.audit: ugi=alex	ip=unknown-ip-addr	cmd=alter_table: hive.default.t newtbl=t	
2024-04-24T00:52:43,673  INFO [main] FileOperations: Read stats for default.t/, insertCount, true, 2, false: 
2024-04-24T00:52:43,673  INFO [main] FileOperations: Read stats for default.t/, updateCount, true, 0, false: 
2024-04-24T00:52:43,673  INFO [main] FileOperations: Read stats for default.t/, deleteCount, true, 0, false: 
2024-04-24T00:52:43,675  INFO [main] stats.BasicStatsTask: Table default.t stats: [numFiles=1, numRows=2, totalSize=687, rawDataSize=0, numFilesErasureCoded=0]
2024-04-24T00:52:43,676  INFO [main] metadata.Hive: Dumping metastore api call timing information for : execution phase
2024-04-24T00:52:43,676  INFO [main] metadata.Hive: Total time spent in each metastore function (ms): {updateTransactionalStatistics_(UpdateTransactionalStatsRequest)=2, getTable_(GetTableRequest)=35, alter_table_(String, String, String, Table, EnvironmentContext, String)=64, isCompatibleWith_(Configuration)=0}
MapReduce Jobs Launched: 
2024-04-24T00:52:43,676  INFO [main] ql.Driver: MapReduce Jobs Launched: 
Stage-Stage-1:  HDFS Read: 0 HDFS Write: 0 SUCCESS
2024-04-24T00:52:43,676  INFO [main] ql.Driver: Stage-Stage-1:  HDFS Read: 0 HDFS Write: 0 SUCCESS
Total MapReduce CPU Time Spent: 0 msec
2024-04-24T00:52:43,676  INFO [main] ql.Driver: Total MapReduce CPU Time Spent: 0 msec
2024-04-24T00:52:43,676  INFO [main] ql.Driver: Completed executing command(queryId=alex_20240424005242_e68a39b8-46b4-4391-8368-5cad11ea3582); Time taken: 1.4 seconds
2024-04-24T00:52:43,677  INFO [main] lockmgr.DbTxnManager: Stopped heartbeat for query: alex_20240424005242_e68a39b8-46b4-4391-8368-5cad11ea3582
2024-04-24T00:52:43,689  INFO [main] txn.TxnHandler: Removed transactions: ([17]) from MIN_HISTORY_LEVEL
2024-04-24T00:52:43,689  WARN [main] txn.CompactionTxnHandler: No compaction queue record found for Compaction type transaction commit. txnId:17
2024-04-24T00:52:43,690  INFO [main] ql.TxnCommandsBaseForTests: Running the query: update T set b = 17 where a = 1
2024-04-24T00:52:43,690  INFO [main] ql.Context: Deleting scratch dir: file:/home/alex/Repositories/hive/ql/target/tmp/localscratchdir/f7a1b7d6-5c2b-48d6-b44a-d527c474acbc/hive_2024-04-24_00-52-42_073_8344054713759322089-1
2024-04-24T00:52:43,691  INFO [main] cleanup.SyncCleanupService: Deleted directory: file:/home/alex/Repositories/hive/ql/target/tmp/localscratchdir/f7a1b7d6-5c2b-48d6-b44a-d527c474acbc/hive_2024-04-24_00-52-42_073_8344054713759322089-1 on fs with scheme file
2024-04-24T00:52:43,691  INFO [main] ql.Driver: Compiling command(queryId=alex_20240424005243_9bf07f9d-1f76-459b-b9ad-21db9096a0a9): update T set b = 17 where a = 1
2024-04-24T00:52:43,694  INFO [main] txn.TxnHandler: Added entries to MIN_HISTORY_LEVEL for current txns: ([18]) with min_open_txn: 18
2024-04-24T00:52:43,694  INFO [main] lockmgr.DbTxnManager: Opened txnid:18
2024-04-24T00:52:43,695  INFO [main] parse.UpdateDeleteSemanticAnalyzer: Starting caching scope for: 
2024-04-24T00:52:43,695  INFO [main] HiveMetaStore.audit: ugi=alex	ip=unknown-ip-addr	cmd=get_table : tbl=hive.default.T	
2024-04-24T00:52:43,702  INFO [main] metastore.HMSHandler: Skipping translation for processor with null
2024-04-24T00:52:43,702  INFO [main] parse.RewriteSemanticAnalyzer: Going to reparse <update T set b = 17 where a = 1> as 
<insert into table `default`.`T` select ROW__ID,`a`,`b` from `default`.`T` sort by ROW__ID >
2024-04-24T00:52:43,702  INFO [main] parse.UpdateDeleteSemanticAnalyzer: Starting Semantic Analysis
2024-04-24T00:52:43,706  INFO [main] HiveMetaStore.audit: ugi=alex	ip=unknown-ip-addr	cmd=get_table : tbl=hive.default.T	
2024-04-24T00:52:43,714  INFO [main] metastore.HMSHandler: Skipping translation for processor with null
2024-04-24T00:52:43,714  INFO [main] parse.UpdateDeleteSemanticAnalyzer: Completed phase 1 of Semantic Analysis
2024-04-24T00:52:43,714  INFO [main] parse.UpdateDeleteSemanticAnalyzer: Get metadata for source tables
2024-04-24T00:52:43,715  INFO [main] HiveMetaStore.audit: ugi=alex	ip=unknown-ip-addr	cmd=get_table : tbl=hive.default.t	
2024-04-24T00:52:43,722  INFO [main] metastore.HMSHandler: Skipping translation for processor with null
2024-04-24T00:52:43,722  INFO [main] parse.UpdateDeleteSemanticAnalyzer: Get metadata for subqueries
2024-04-24T00:52:43,722  INFO [main] parse.UpdateDeleteSemanticAnalyzer: Get metadata for destination tables
2024-04-24T00:52:43,722  INFO [main] HiveMetaStore.audit: ugi=alex	ip=unknown-ip-addr	cmd=get_table : tbl=hive.default.T	
2024-04-24T00:52:43,733  INFO [main] metastore.HMSHandler: Skipping translation for processor with null
2024-04-24T00:52:43,733  INFO [main] parse.UpdateDeleteSemanticAnalyzer: Completed getting MetaData in Semantic Analysis
2024-04-24T00:52:43,733  INFO [main] parse.UpdateDeleteSemanticAnalyzer: Disabling LLAP IO encode as ETL query is detected
2024-04-24T00:52:43,748  INFO [main] HiveMetaStore.audit: ugi=alex	ip=unknown-ip-addr	cmd=get_all_table_constraints : tbl=hive.default.t	
2024-04-24T00:52:43,758  INFO [main] HiveMetaStore.audit: ugi=alex	ip=unknown-ip-addr	cmd=get_not_null_constraints : tbl=hive.default.t	
2024-04-24T00:52:43,759  INFO [main] HiveMetaStore.audit: ugi=alex	ip=unknown-ip-addr	cmd=get_check_constraints : tbl=hive.default.t	
2024-04-24T00:52:43,792  INFO [main] calcite.RelOptHiveTable: Calculating column statistics for default.t, projIndxSet: [0], allowMissingStats: true
2024-04-24T00:52:43,792  INFO [main] HiveMetaStore.audit: ugi=alex	ip=unknown-ip-addr	cmd=get_table : tbl=hive.default.t	
2024-04-24T00:52:43,805  INFO [main] metastore.HMSHandler: Skipping translation for processor with null
2024-04-24T00:52:43,805  INFO [main] HiveMetaStore.audit: ugi=alex	ip=unknown-ip-addr	cmd=get_table : tbl=hive.default.t	
2024-04-24T00:52:43,816  INFO [main] metastore.HMSHandler: Skipping translation for processor with null
2024-04-24T00:52:43,816  INFO [main] HiveMetaStore.audit: ugi=alex	ip=unknown-ip-addr	cmd=get_table_statistics_req: table=hive.default.t	
2024-04-24T00:52:43,828  WARN [main] calcite.RelOptHiveTable: No Stats for default@t, Columns: a
No Stats for default@t, Columns: a
2024-04-24T00:52:43,828  INFO [main] SessionState: No Stats for default@t, Columns: a
2024-04-24T00:52:43,902  INFO [main] parse.UpdateDeleteSemanticAnalyzer: Get metadata for source tables
2024-04-24T00:52:43,902  INFO [main] parse.UpdateDeleteSemanticAnalyzer: Get metadata for subqueries
2024-04-24T00:52:43,902  INFO [main] parse.UpdateDeleteSemanticAnalyzer: Get metadata for destination tables
2024-04-24T00:52:43,902  INFO [main] HiveMetaStore.audit: ugi=alex	ip=unknown-ip-addr	cmd=get_table : tbl=hive.default.T	
2024-04-24T00:52:43,915  INFO [main] metastore.HMSHandler: Skipping translation for processor with null
2024-04-24T00:52:43,919 ERROR [main] parse.UpdateDeleteSemanticAnalyzer: CBO failed, skipping CBO. 
org.apache.hadoop.hive.ql.exec.NoMatchingMethodException: No matching method for class org.apache.hadoop.hive.ql.udf.UDFToInteger with (struct<writeid:bigint,bucketid:int,rowid:bigint>). Possible choices: _FUNC_(bigint)  _FUNC_(boolean)  _FUNC_(decimal(38,18))  _FUNC_(double)  _FUNC_(float)  _FUNC_(smallint)  _FUNC_(string)  _FUNC_(struct<rowid:bigint,bucketid:bigint,writeid:int>)  _FUNC_(timestamp)  _FUNC_(tinyint)  _FUNC_(void)  
	at org.apache.hadoop.hive.ql.exec.MethodUtils.getMethodInternal(MethodUtils.java:130) ~[classes/:?]
	at org.apache.hadoop.hive.ql.exec.MethodUtils.getMethodInternal(MethodUtils.java:60) ~[classes/:?]
	at org.apache.hadoop.hive.ql.exec.DefaultUDFMethodResolver.getEvalMethod(DefaultUDFMethodResolver.java:59) ~[classes/:?]
	at org.apache.hadoop.hive.ql.udf.TimestampCastRestrictorResolver.getEvalMethod(TimestampCastRestrictorResolver.java:68) ~[classes/:?]
	at org.apache.hadoop.hive.ql.udf.generic.GenericUDFBridge.initialize(GenericUDFBridge.java:168) ~[classes/:?]
	at org.apache.hadoop.hive.ql.udf.generic.GenericUDF.initializeAndFoldConstants(GenericUDF.java:149) ~[classes/:?]
	at org.apache.hadoop.hive.ql.plan.ExprNodeGenericFuncDesc.newInstance(ExprNodeGenericFuncDesc.java:235) ~[classes/:?]
	at org.apache.hadoop.hive.ql.parse.type.ExprNodeDescExprFactory.createFuncCallExpr(ExprNodeDescExprFactory.java:584) ~[classes/:?]
	at org.apache.hadoop.hive.ql.parse.type.ExprNodeDescExprFactory.createFuncCallExpr(ExprNodeDescExprFactory.java:97) ~[classes/:?]
	at org.apache.hadoop.hive.ql.parse.type.TypeCheckProcFactory$DefaultExprProcessor.getFuncExprNodeDescWithUdfData(TypeCheckProcFactory.java:762) ~[classes/:?]
	at org.apache.hadoop.hive.ql.parse.type.TypeCheckProcFactory$DefaultExprProcessor.createConversionCast(TypeCheckProcFactory.java:783) ~[classes/:?]
	at org.apache.hadoop.hive.ql.parse.SemanticAnalyzer.getPartitionColsFromBucketColsForUpdateDelete(SemanticAnalyzer.java:8725) ~[classes/:?]
	at org.apache.hadoop.hive.ql.parse.SemanticAnalyzer.genBucketingSortingDest(SemanticAnalyzer.java:6914) ~[classes/:?]
	at org.apache.hadoop.hive.ql.parse.SemanticAnalyzer.genFileSinkPlan(SemanticAnalyzer.java:7335) ~[classes/:?]
	at org.apache.hadoop.hive.ql.parse.SemanticAnalyzer.genPostGroupByBodyPlan(SemanticAnalyzer.java:11063) ~[classes/:?]
	at org.apache.hadoop.hive.ql.parse.SemanticAnalyzer.genBodyPlan(SemanticAnalyzer.java:10938) ~[classes/:?]
	at org.apache.hadoop.hive.ql.parse.SemanticAnalyzer.genPlan(SemanticAnalyzer.java:11853) ~[classes/:?]
	at org.apache.hadoop.hive.ql.parse.SemanticAnalyzer.genPlan(SemanticAnalyzer.java:11723) ~[classes/:?]
	at org.apache.hadoop.hive.ql.parse.CalcitePlanner.genOPTree(CalcitePlanner.java:626) ~[classes/:?]
	at org.apache.hadoop.hive.ql.parse.SemanticAnalyzer.analyzeInternal(SemanticAnalyzer.java:12558) ~[classes/:?]
	at org.apache.hadoop.hive.ql.parse.CalcitePlanner.analyzeInternal(CalcitePlanner.java:456) ~[classes/:?]
	at org.apache.hadoop.hive.ql.parse.RewriteSemanticAnalyzer.analyzeInternal(RewriteSemanticAnalyzer.java:67) ~[classes/:?]
	at org.apache.hadoop.hive.ql.parse.BaseSemanticAnalyzer.analyze(BaseSemanticAnalyzer.java:317) ~[classes/:?]
	at org.apache.hadoop.hive.ql.parse.UpdateDeleteSemanticAnalyzer.reparseAndSuperAnalyze(UpdateDeleteSemanticAnalyzer.java:208) ~[classes/:?]
	at org.apache.hadoop.hive.ql.parse.UpdateDeleteSemanticAnalyzer.analyzeUpdate(UpdateDeleteSemanticAnalyzer.java:63) ~[classes/:?]
	at org.apache.hadoop.hive.ql.parse.UpdateDeleteSemanticAnalyzer.analyze(UpdateDeleteSemanticAnalyzer.java:53) ~[classes/:?]
	at org.apache.hadoop.hive.ql.parse.RewriteSemanticAnalyzer.analyzeInternal(RewriteSemanticAnalyzer.java:72) ~[classes/:?]
	at org.apache.hadoop.hive.ql.parse.BaseSemanticAnalyzer.analyze(BaseSemanticAnalyzer.java:317) ~[classes/:?]
	at org.apache.hadoop.hive.ql.Compiler.analyze(Compiler.java:223) ~[classes/:?]
	at org.apache.hadoop.hive.ql.Compiler.compile(Compiler.java:105) ~[classes/:?]
	at org.apache.hadoop.hive.ql.Driver.compile(Driver.java:500) ~[classes/:?]
	at org.apache.hadoop.hive.ql.Driver.compileInternal(Driver.java:453) ~[classes/:?]
	at org.apache.hadoop.hive.ql.Driver.runInternal(Driver.java:181) ~[classes/:?]
	at org.apache.hadoop.hive.ql.Driver.run(Driver.java:153) ~[classes/:?]
	at org.apache.hadoop.hive.ql.Driver.run(Driver.java:140) ~[classes/:?]
	at org.apache.hadoop.hive.ql.TxnCommandsBaseForTests.runStatementOnDriver(TxnCommandsBaseForTests.java:245) ~[test-classes/:?]
	at org.apache.hadoop.hive.ql.TestTxnExIm.testExportMerge(TestTxnExIm.java:104) ~[test-classes/:?]
	at sun.reflect.NativeMethodAccessorImpl.invoke0(Native Method) ~[?:1.8.0_402]
	at sun.reflect.NativeMethodAccessorImpl.invoke(NativeMethodAccessorImpl.java:62) ~[?:1.8.0_402]
	at sun.reflect.DelegatingMethodAccessorImpl.invoke(DelegatingMethodAccessorImpl.java:43) ~[?:1.8.0_402]
	at java.lang.reflect.Method.invoke(Method.java:498) ~[?:1.8.0_402]
	at org.junit.runners.model.FrameworkMethod$1.runReflectiveCall(FrameworkMethod.java:59) ~[junit-4.13.jar:4.13]
	at org.junit.internal.runners.model.ReflectiveCallable.run(ReflectiveCallable.java:12) ~[junit-4.13.jar:4.13]
	at org.junit.runners.model.FrameworkMethod.invokeExplosively(FrameworkMethod.java:56) ~[junit-4.13.jar:4.13]
	at org.junit.internal.runners.statements.InvokeMethod.evaluate(InvokeMethod.java:17) ~[junit-4.13.jar:4.13]
	at org.junit.internal.runners.statements.RunBefores.evaluate(RunBefores.java:26) ~[junit-4.13.jar:4.13]
	at org.junit.internal.runners.statements.RunAfters.evaluate(RunAfters.java:27) ~[junit-4.13.jar:4.13]
	at org.junit.rules.TestWatcher$1.evaluate(TestWatcher.java:61) ~[junit-4.13.jar:4.13]
	at org.junit.runners.ParentRunner$3.evaluate(ParentRunner.java:306) ~[junit-4.13.jar:4.13]
	at org.junit.runners.BlockJUnit4ClassRunner$1.evaluate(BlockJUnit4ClassRunner.java:100) ~[junit-4.13.jar:4.13]
	at org.junit.runners.ParentRunner.runLeaf(ParentRunner.java:366) ~[junit-4.13.jar:4.13]
	at org.junit.runners.BlockJUnit4ClassRunner.runChild(BlockJUnit4ClassRunner.java:103) ~[junit-4.13.jar:4.13]
	at org.junit.runners.BlockJUnit4ClassRunner.runChild(BlockJUnit4ClassRunner.java:63) ~[junit-4.13.jar:4.13]
	at org.junit.runners.ParentRunner$4.run(ParentRunner.java:331) ~[junit-4.13.jar:4.13]
	at org.junit.runners.ParentRunner$1.schedule(ParentRunner.java:79) ~[junit-4.13.jar:4.13]
	at org.junit.runners.ParentRunner.runChildren(ParentRunner.java:329) ~[junit-4.13.jar:4.13]
	at org.junit.runners.ParentRunner.access$100(ParentRunner.java:66) ~[junit-4.13.jar:4.13]
	at org.junit.runners.ParentRunner$2.evaluate(ParentRunner.java:293) ~[junit-4.13.jar:4.13]
	at org.junit.runners.ParentRunner$3.evaluate(ParentRunner.java:306) ~[junit-4.13.jar:4.13]
	at org.junit.runners.ParentRunner.run(ParentRunner.java:413) ~[junit-4.13.jar:4.13]
	at org.junit.runner.JUnitCore.run(JUnitCore.java:137) ~[junit-4.13.jar:4.13]
	at org.junit.runner.JUnitCore.run(JUnitCore.java:115) ~[junit-4.13.jar:4.13]
	at org.junit.vintage.engine.execution.RunnerExecutor.execute(RunnerExecutor.java:43) ~[junit-vintage-engine-5.6.2.jar:5.6.2]
	at java.util.stream.ForEachOps$ForEachOp$OfRef.accept(ForEachOps.java:183) ~[?:1.8.0_402]
	at java.util.stream.ReferencePipeline$3$1.accept(ReferencePipeline.java:193) ~[?:1.8.0_402]
	at java.util.Iterator.forEachRemaining(Iterator.java:116) ~[?:1.8.0_402]
	at java.util.Spliterators$IteratorSpliterator.forEachRemaining(Spliterators.java:1801) ~[?:1.8.0_402]
	at java.util.stream.AbstractPipeline.copyInto(AbstractPipeline.java:482) ~[?:1.8.0_402]
	at java.util.stream.AbstractPipeline.wrapAndCopyInto(AbstractPipeline.java:472) ~[?:1.8.0_402]
	at java.util.stream.ForEachOps$ForEachOp.evaluateSequential(ForEachOps.java:150) ~[?:1.8.0_402]
	at java.util.stream.ForEachOps$ForEachOp$OfRef.evaluateSequential(ForEachOps.java:173) ~[?:1.8.0_402]
	at java.util.stream.AbstractPipeline.evaluate(AbstractPipeline.java:234) ~[?:1.8.0_402]
	at java.util.stream.ReferencePipeline.forEach(ReferencePipeline.java:485) ~[?:1.8.0_402]
	at org.junit.vintage.engine.VintageTestEngine.executeAllChildren(VintageTestEngine.java:82) ~[junit-vintage-engine-5.6.2.jar:5.6.2]
	at org.junit.vintage.engine.VintageTestEngine.execute(VintageTestEngine.java:73) ~[junit-vintage-engine-5.6.2.jar:5.6.2]
	at org.junit.platform.launcher.core.DefaultLauncher.execute(DefaultLauncher.java:248) ~[junit-platform-launcher-1.6.2.jar:1.6.2]
	at org.junit.platform.launcher.core.DefaultLauncher.lambda$execute$5(DefaultLauncher.java:211) ~[junit-platform-launcher-1.6.2.jar:1.6.2]
	at org.junit.platform.launcher.core.DefaultLauncher.withInterceptedStreams(DefaultLauncher.java:226) [junit-platform-launcher-1.6.2.jar:1.6.2]
	at org.junit.platform.launcher.core.DefaultLauncher.execute(DefaultLauncher.java:199) [junit-platform-launcher-1.6.2.jar:1.6.2]
	at org.junit.platform.launcher.core.DefaultLauncher.execute(DefaultLauncher.java:132) [junit-platform-launcher-1.6.2.jar:1.6.2]
	at org.apache.maven.surefire.junitplatform.JUnitPlatformProvider.invokeAllTests(JUnitPlatformProvider.java:154) [surefire-junit-platform-3.0.0-M4.jar:3.0.0-M4]
	at org.apache.maven.surefire.junitplatform.JUnitPlatformProvider.invoke(JUnitPlatformProvider.java:123) [surefire-junit-platform-3.0.0-M4.jar:3.0.0-M4]
	at org.apache.maven.surefire.booter.ForkedBooter.runSuitesInProcess(ForkedBooter.java:377) [surefire-booter-3.0.0-M4.jar:3.0.0-M4]
	at org.apache.maven.surefire.booter.ForkedBooter.execute(ForkedBooter.java:138) [surefire-booter-3.0.0-M4.jar:3.0.0-M4]
	at org.apache.maven.surefire.booter.ForkedBooter.run(ForkedBooter.java:465) [surefire-booter-3.0.0-M4.jar:3.0.0-M4]
	at org.apache.maven.surefire.booter.ForkedBooter.main(ForkedBooter.java:451) [surefire-booter-3.0.0-M4.jar:3.0.0-M4]
2024-04-24T00:52:43,921 ERROR [main] parse.UpdateDeleteSemanticAnalyzer: CBO failed due to missing column stats (see previous errors), skipping CBO
2024-04-24T00:52:43,921  INFO [main] parse.UpdateDeleteSemanticAnalyzer: Ending caching scope for: 
FAILED: NoMatchingMethodException No matching method for class org.apache.hadoop.hive.ql.udf.UDFToInteger with (struct<writeid:bigint,bucketid:int,rowid:bigint>). Possible choices: _FUNC_(bigint)  _FUNC_(boolean)  _FUNC_(decimal(38,18))  _FUNC_(double)  _FUNC_(float)  _FUNC_(smallint)  _FUNC_(string)  _FUNC_(struct<rowid:bigint,bucketid:bigint,writeid:int>)  _FUNC_(timestamp)  _FUNC_(tinyint)  _FUNC_(void)  
2024-04-24T00:52:43,921 ERROR [main] ql.Driver: FAILED: NoMatchingMethodException No matching method for class org.apache.hadoop.hive.ql.udf.UDFToInteger with (struct<writeid:bigint,bucketid:int,rowid:bigint>). Possible choices: _FUNC_(bigint)  _FUNC_(boolean)  _FUNC_(decimal(38,18))  _FUNC_(double)  _FUNC_(float)  _FUNC_(smallint)  _FUNC_(string)  _FUNC_(struct<rowid:bigint,bucketid:bigint,writeid:int>)  _FUNC_(timestamp)  _FUNC_(tinyint)  _FUNC_(void)  
org.apache.hadoop.hive.ql.exec.NoMatchingMethodException: No matching method for class org.apache.hadoop.hive.ql.udf.UDFToInteger with (struct<writeid:bigint,bucketid:int,rowid:bigint>). Possible choices: _FUNC_(bigint)  _FUNC_(boolean)  _FUNC_(decimal(38,18))  _FUNC_(double)  _FUNC_(float)  _FUNC_(smallint)  _FUNC_(string)  _FUNC_(struct<rowid:bigint,bucketid:bigint,writeid:int>)  _FUNC_(timestamp)  _FUNC_(tinyint)  _FUNC_(void)  
	at org.apache.hadoop.hive.ql.exec.MethodUtils.getMethodInternal(MethodUtils.java:130)
	at org.apache.hadoop.hive.ql.exec.MethodUtils.getMethodInternal(MethodUtils.java:60)
	at org.apache.hadoop.hive.ql.exec.DefaultUDFMethodResolver.getEvalMethod(DefaultUDFMethodResolver.java:59)
	at org.apache.hadoop.hive.ql.udf.TimestampCastRestrictorResolver.getEvalMethod(TimestampCastRestrictorResolver.java:68)
	at org.apache.hadoop.hive.ql.udf.generic.GenericUDFBridge.initialize(GenericUDFBridge.java:168)
	at org.apache.hadoop.hive.ql.udf.generic.GenericUDF.initializeAndFoldConstants(GenericUDF.java:149)
	at org.apache.hadoop.hive.ql.plan.ExprNodeGenericFuncDesc.newInstance(ExprNodeGenericFuncDesc.java:235)
	at org.apache.hadoop.hive.ql.parse.type.ExprNodeDescExprFactory.createFuncCallExpr(ExprNodeDescExprFactory.java:584)
	at org.apache.hadoop.hive.ql.parse.type.ExprNodeDescExprFactory.createFuncCallExpr(ExprNodeDescExprFactory.java:97)
	at org.apache.hadoop.hive.ql.parse.type.TypeCheckProcFactory$DefaultExprProcessor.getFuncExprNodeDescWithUdfData(TypeCheckProcFactory.java:762)
	at org.apache.hadoop.hive.ql.parse.type.TypeCheckProcFactory$DefaultExprProcessor.createConversionCast(TypeCheckProcFactory.java:783)
	at org.apache.hadoop.hive.ql.parse.SemanticAnalyzer.getPartitionColsFromBucketColsForUpdateDelete(SemanticAnalyzer.java:8725)
	at org.apache.hadoop.hive.ql.parse.SemanticAnalyzer.genBucketingSortingDest(SemanticAnalyzer.java:6914)
	at org.apache.hadoop.hive.ql.parse.SemanticAnalyzer.genFileSinkPlan(SemanticAnalyzer.java:7335)
	at org.apache.hadoop.hive.ql.parse.SemanticAnalyzer.genPostGroupByBodyPlan(SemanticAnalyzer.java:11063)
	at org.apache.hadoop.hive.ql.parse.SemanticAnalyzer.genBodyPlan(SemanticAnalyzer.java:10938)
	at org.apache.hadoop.hive.ql.parse.SemanticAnalyzer.genPlan(SemanticAnalyzer.java:11853)
	at org.apache.hadoop.hive.ql.parse.SemanticAnalyzer.genPlan(SemanticAnalyzer.java:11723)
	at org.apache.hadoop.hive.ql.parse.CalcitePlanner.genOPTree(CalcitePlanner.java:626)
	at org.apache.hadoop.hive.ql.parse.SemanticAnalyzer.analyzeInternal(SemanticAnalyzer.java:12558)
	at org.apache.hadoop.hive.ql.parse.CalcitePlanner.analyzeInternal(CalcitePlanner.java:456)
	at org.apache.hadoop.hive.ql.parse.RewriteSemanticAnalyzer.analyzeInternal(RewriteSemanticAnalyzer.java:67)
	at org.apache.hadoop.hive.ql.parse.BaseSemanticAnalyzer.analyze(BaseSemanticAnalyzer.java:317)
	at org.apache.hadoop.hive.ql.parse.UpdateDeleteSemanticAnalyzer.reparseAndSuperAnalyze(UpdateDeleteSemanticAnalyzer.java:208)
	at org.apache.hadoop.hive.ql.parse.UpdateDeleteSemanticAnalyzer.analyzeUpdate(UpdateDeleteSemanticAnalyzer.java:63)
	at org.apache.hadoop.hive.ql.parse.UpdateDeleteSemanticAnalyzer.analyze(UpdateDeleteSemanticAnalyzer.java:53)
	at org.apache.hadoop.hive.ql.parse.RewriteSemanticAnalyzer.analyzeInternal(RewriteSemanticAnalyzer.java:72)
	at org.apache.hadoop.hive.ql.parse.BaseSemanticAnalyzer.analyze(BaseSemanticAnalyzer.java:317)
	at org.apache.hadoop.hive.ql.Compiler.analyze(Compiler.java:223)
	at org.apache.hadoop.hive.ql.Compiler.compile(Compiler.java:105)
	at org.apache.hadoop.hive.ql.Driver.compile(Driver.java:500)
	at org.apache.hadoop.hive.ql.Driver.compileInternal(Driver.java:453)
	at org.apache.hadoop.hive.ql.Driver.runInternal(Driver.java:181)
	at org.apache.hadoop.hive.ql.Driver.run(Driver.java:153)
	at org.apache.hadoop.hive.ql.Driver.run(Driver.java:140)
	at org.apache.hadoop.hive.ql.TxnCommandsBaseForTests.runStatementOnDriver(TxnCommandsBaseForTests.java:245)
	at org.apache.hadoop.hive.ql.TestTxnExIm.testExportMerge(TestTxnExIm.java:104)
	at sun.reflect.NativeMethodAccessorImpl.invoke0(Native Method)
	at sun.reflect.NativeMethodAccessorImpl.invoke(NativeMethodAccessorImpl.java:62)
	at sun.reflect.DelegatingMethodAccessorImpl.invoke(DelegatingMethodAccessorImpl.java:43)
	at java.lang.reflect.Method.invoke(Method.java:498)
	at org.junit.runners.model.FrameworkMethod$1.runReflectiveCall(FrameworkMethod.java:59)
	at org.junit.internal.runners.model.ReflectiveCallable.run(ReflectiveCallable.java:12)
	at org.junit.runners.model.FrameworkMethod.invokeExplosively(FrameworkMethod.java:56)
	at org.junit.internal.runners.statements.InvokeMethod.evaluate(InvokeMethod.java:17)
	at org.junit.internal.runners.statements.RunBefores.evaluate(RunBefores.java:26)
	at org.junit.internal.runners.statements.RunAfters.evaluate(RunAfters.java:27)
	at org.junit.rules.TestWatcher$1.evaluate(TestWatcher.java:61)
	at org.junit.runners.ParentRunner$3.evaluate(ParentRunner.java:306)
	at org.junit.runners.BlockJUnit4ClassRunner$1.evaluate(BlockJUnit4ClassRunner.java:100)
	at org.junit.runners.ParentRunner.runLeaf(ParentRunner.java:366)
	at org.junit.runners.BlockJUnit4ClassRunner.runChild(BlockJUnit4ClassRunner.java:103)
	at org.junit.runners.BlockJUnit4ClassRunner.runChild(BlockJUnit4ClassRunner.java:63)
	at org.junit.runners.ParentRunner$4.run(ParentRunner.java:331)
	at org.junit.runners.ParentRunner$1.schedule(ParentRunner.java:79)
	at org.junit.runners.ParentRunner.runChildren(ParentRunner.java:329)
	at org.junit.runners.ParentRunner.access$100(ParentRunner.java:66)
	at org.junit.runners.ParentRunner$2.evaluate(ParentRunner.java:293)
	at org.junit.runners.ParentRunner$3.evaluate(ParentRunner.java:306)
	at org.junit.runners.ParentRunner.run(ParentRunner.java:413)
	at org.junit.runner.JUnitCore.run(JUnitCore.java:137)
	at org.junit.runner.JUnitCore.run(JUnitCore.java:115)
	at org.junit.vintage.engine.execution.RunnerExecutor.execute(RunnerExecutor.java:43)
	at java.util.stream.ForEachOps$ForEachOp$OfRef.accept(ForEachOps.java:183)
	at java.util.stream.ReferencePipeline$3$1.accept(ReferencePipeline.java:193)
	at java.util.Iterator.forEachRemaining(Iterator.java:116)
	at java.util.Spliterators$IteratorSpliterator.forEachRemaining(Spliterators.java:1801)
	at java.util.stream.AbstractPipeline.copyInto(AbstractPipeline.java:482)
	at java.util.stream.AbstractPipeline.wrapAndCopyInto(AbstractPipeline.java:472)
	at java.util.stream.ForEachOps$ForEachOp.evaluateSequential(ForEachOps.java:150)
	at java.util.stream.ForEachOps$ForEachOp$OfRef.evaluateSequential(ForEachOps.java:173)
	at java.util.stream.AbstractPipeline.evaluate(AbstractPipeline.java:234)
	at java.util.stream.ReferencePipeline.forEach(ReferencePipeline.java:485)
	at org.junit.vintage.engine.VintageTestEngine.executeAllChildren(VintageTestEngine.java:82)
	at org.junit.vintage.engine.VintageTestEngine.execute(VintageTestEngine.java:73)
	at org.junit.platform.launcher.core.DefaultLauncher.execute(DefaultLauncher.java:248)
	at org.junit.platform.launcher.core.DefaultLauncher.lambda$execute$5(DefaultLauncher.java:211)
	at org.junit.platform.launcher.core.DefaultLauncher.withInterceptedStreams(DefaultLauncher.java:226)
	at org.junit.platform.launcher.core.DefaultLauncher.execute(DefaultLauncher.java:199)
	at org.junit.platform.launcher.core.DefaultLauncher.execute(DefaultLauncher.java:132)
	at org.apache.maven.surefire.junitplatform.JUnitPlatformProvider.invokeAllTests(JUnitPlatformProvider.java:154)
	at org.apache.maven.surefire.junitplatform.JUnitPlatformProvider.invoke(JUnitPlatformProvider.java:123)
	at org.apache.maven.surefire.booter.ForkedBooter.runSuitesInProcess(ForkedBooter.java:377)
	at org.apache.maven.surefire.booter.ForkedBooter.execute(ForkedBooter.java:138)
	at org.apache.maven.surefire.booter.ForkedBooter.run(ForkedBooter.java:465)
	at org.apache.maven.surefire.booter.ForkedBooter.main(ForkedBooter.java:451)

2024-04-24T00:52:43,922  INFO [main] metadata.Hive: Dumping metastore api call timing information for : compilation phase
2024-04-24T00:52:43,922  INFO [main] metadata.Hive: Total time spent in each metastore function (ms): {getNotNullConstraints_(NotNullConstraintsRequest)=2, getValidWriteIds_(List, String)=3, getTable_(GetTableRequest)=46, getTableColumnStatistics_(String, String, List, String)=35, commitTxn_(CommitTxnRequest)=13, getValidTxns_(long)=1, openTxn_(String, TxnType)=2, isCompatibleWith_(Configuration)=1, getAllTableConstraints_(AllTableConstraintsRequest)=6, flushCache_()=0, getCheckConstraints_(CheckConstraintsRequest)=2}
2024-04-24T00:52:43,922  INFO [main] ql.Driver: Completed compiling command(queryId=alex_20240424005243_9bf07f9d-1f76-459b-b9ad-21db9096a0a9); Time taken: 0.231 seconds
2024-04-24T00:52:43,922  INFO [main] lockmgr.DbTxnManager: Stopped heartbeat for query: null
2024-04-24T00:52:43,927  INFO [main] txn.TxnHandler: Removed transactions: ([18]) from MIN_HISTORY_LEVEL
2024-04-24T00:52:43,935  INFO [main] ql.TxnCommandsBaseForTests: Running the query: drop table if exists acidTbl
2024-04-24T00:52:43,936  INFO [main] ql.Driver: Compiling command(queryId=alex_20240424005243_1941d8dc-46ae-4168-9264-330d8d9dce53): drop table if exists acidTbl
2024-04-24T00:52:43,938  INFO [main] txn.TxnHandler: Added entries to MIN_HISTORY_LEVEL for current txns: ([19]) with min_open_txn: 18
2024-04-24T00:52:43,939  INFO [main] lockmgr.DbTxnManager: Opened txnid:19
2024-04-24T00:52:43,939  INFO [main] HiveMetaStore.audit: ugi=alex	ip=unknown-ip-addr	cmd=get_table : tbl=hive.default.acidTbl	
2024-04-24T00:52:43,946  INFO [main] metastore.HMSHandler: Skipping translation for processor with null
2024-04-24T00:52:43,946  INFO [main] ql.Driver: Semantic Analysis Completed (retrial = false)
2024-04-24T00:52:43,946  INFO [main] ql.Driver: Created Hive schema: Schema(fieldSchemas:null, properties:null)
2024-04-24T00:52:43,946  INFO [main] metadata.Hive: Dumping metastore api call timing information for : compilation phase
2024-04-24T00:52:43,946  INFO [main] metadata.Hive: Total time spent in each metastore function (ms): {getValidTxns_(long)=0, rollbackTxn_(long)=12, openTxn_(String, TxnType)=3, getTable_(GetTableRequest)=7, isCompatibleWith_(Configuration)=0, flushCache_()=0}
2024-04-24T00:52:43,947  INFO [main] ql.Driver: Completed compiling command(queryId=alex_20240424005243_1941d8dc-46ae-4168-9264-330d8d9dce53); Time taken: 0.01 seconds
2024-04-24T00:52:43,947  INFO [main] lockmgr.DbTxnManager: Setting lock request transaction to txnid:19 for queryId=alex_20240424005243_1941d8dc-46ae-4168-9264-330d8d9dce53
2024-04-24T00:52:43,947  INFO [main] lockmgr.DbLockManager: Requesting lock for queryId=alex_20240424005243_1941d8dc-46ae-4168-9264-330d8d9dce53
2024-04-24T00:52:43,963  INFO [main] lockmgr.DbLockManager: Response to queryId=alex_20240424005243_1941d8dc-46ae-4168-9264-330d8d9dce53 LockResponse(lockid:12, state:ACQUIRED)
2024-04-24T00:52:43,963  INFO [main] ql.Driver: Operation DROPTABLE obtained 1 locks
2024-04-24T00:52:43,963  INFO [main] ql.Driver: Executing command(queryId=alex_20240424005243_1941d8dc-46ae-4168-9264-330d8d9dce53): drop table if exists acidTbl
2024-04-24T00:52:43,964  INFO [main] ql.Driver: Starting task [Stage-0:DDL] in serial mode
2024-04-24T00:52:43,964  INFO [main] HiveMetaStore.audit: ugi=alex	ip=unknown-ip-addr	cmd=get_table : tbl=hive.default.acidTbl	
2024-04-24T00:52:43,970  INFO [main] metastore.HMSHandler: Skipping translation for processor with null
2024-04-24T00:52:43,971  INFO [main] HiveMetaStore.audit: ugi=alex	ip=unknown-ip-addr	cmd=get_table : tbl=hive.default.acidTbl	
2024-04-24T00:52:43,978  INFO [main] metastore.HMSHandler: Skipping translation for processor with null
2024-04-24T00:52:43,978  INFO [main] HiveMetaStore.audit: ugi=alex	ip=unknown-ip-addr	cmd=drop_table : tbl=hive.default.acidTbl	
2024-04-24T00:52:44,087  INFO [main] metadata.Hive: Dumping metastore api call timing information for : execution phase
2024-04-24T00:52:44,087  INFO [main] metadata.Hive: Total time spent in each metastore function (ms): {dropTable_(String, String, boolean, boolean, boolean)=116, isCompatibleWith_(Configuration)=0, getTable_(GetTableRequest)=7}
2024-04-24T00:52:44,087  INFO [main] ql.Driver: Completed executing command(queryId=alex_20240424005243_1941d8dc-46ae-4168-9264-330d8d9dce53); Time taken: 0.124 seconds
2024-04-24T00:52:44,087  INFO [main] lockmgr.DbTxnManager: Stopped heartbeat for query: alex_20240424005243_1941d8dc-46ae-4168-9264-330d8d9dce53
2024-04-24T00:52:44,092  INFO [main] txn.TxnHandler: Expected to move at least one record from txn_components to completed_txn_components when committing txn! txnid:19
2024-04-24T00:52:44,099  INFO [main] txn.TxnHandler: Removed transactions: ([19]) from MIN_HISTORY_LEVEL
2024-04-24T00:52:44,100  WARN [main] txn.CompactionTxnHandler: No compaction queue record found for Compaction type transaction commit. txnId:19
2024-04-24T00:52:44,101  INFO [main] ql.TxnCommandsBaseForTests: Running the query: drop table if exists acidTblPart
2024-04-24T00:52:44,101  INFO [main] ql.Driver: Compiling command(queryId=alex_20240424005244_9195e435-8265-403a-97ca-596281f649c3): drop table if exists acidTblPart
2024-04-24T00:52:44,104  INFO [main] txn.TxnHandler: Added entries to MIN_HISTORY_LEVEL for current txns: ([20]) with min_open_txn: 18
2024-04-24T00:52:44,104  INFO [main] lockmgr.DbTxnManager: Opened txnid:20
2024-04-24T00:52:44,105  INFO [main] HiveMetaStore.audit: ugi=alex	ip=unknown-ip-addr	cmd=get_table : tbl=hive.default.acidTblPart	
2024-04-24T00:52:44,112  INFO [main] metastore.HMSHandler: Skipping translation for processor with null
2024-04-24T00:52:44,112  INFO [main] ql.Driver: Semantic Analysis Completed (retrial = false)
2024-04-24T00:52:44,112  INFO [main] ql.Driver: Created Hive schema: Schema(fieldSchemas:null, properties:null)
2024-04-24T00:52:44,112  INFO [main] metadata.Hive: Dumping metastore api call timing information for : compilation phase
2024-04-24T00:52:44,112  INFO [main] metadata.Hive: Total time spent in each metastore function (ms): {isCompatibleWith_(Configuration)=2, getTable_(GetTableRequest)=7, flushCache_()=0, getValidTxns_(long)=1, commitTxn_(CommitTxnRequest)=13, openTxn_(String, TxnType)=2}
2024-04-24T00:52:44,113  INFO [main] ql.Driver: Completed compiling command(queryId=alex_20240424005244_9195e435-8265-403a-97ca-596281f649c3); Time taken: 0.011 seconds
2024-04-24T00:52:44,113  INFO [main] lockmgr.DbTxnManager: Setting lock request transaction to txnid:20 for queryId=alex_20240424005244_9195e435-8265-403a-97ca-596281f649c3
2024-04-24T00:52:44,113  INFO [main] lockmgr.DbLockManager: Requesting lock for queryId=alex_20240424005244_9195e435-8265-403a-97ca-596281f649c3
2024-04-24T00:52:44,129  INFO [main] lockmgr.DbLockManager: Response to queryId=alex_20240424005244_9195e435-8265-403a-97ca-596281f649c3 LockResponse(lockid:13, state:ACQUIRED)
2024-04-24T00:52:44,129  INFO [main] ql.Driver: Operation DROPTABLE obtained 1 locks
2024-04-24T00:52:44,129  INFO [main] ql.Driver: Executing command(queryId=alex_20240424005244_9195e435-8265-403a-97ca-596281f649c3): drop table if exists acidTblPart
2024-04-24T00:52:44,129  INFO [main] ql.Driver: Starting task [Stage-0:DDL] in serial mode
2024-04-24T00:52:44,130  INFO [main] HiveMetaStore.audit: ugi=alex	ip=unknown-ip-addr	cmd=get_table : tbl=hive.default.acidTblPart	
2024-04-24T00:52:44,138  INFO [main] metastore.HMSHandler: Skipping translation for processor with null
2024-04-24T00:52:44,138  INFO [main] HiveMetaStore.audit: ugi=alex	ip=unknown-ip-addr	cmd=get_table : tbl=hive.default.acidTblPart	
2024-04-24T00:52:44,145  INFO [main] metastore.HMSHandler: Skipping translation for processor with null
2024-04-24T00:52:44,145  INFO [main] HiveMetaStore.audit: ugi=alex	ip=unknown-ip-addr	cmd=drop_table : tbl=hive.default.acidTblPart	
2024-04-24T00:52:44,188  INFO [main] metadata.Hive: Dumping metastore api call timing information for : execution phase
2024-04-24T00:52:44,188  INFO [main] metadata.Hive: Total time spent in each metastore function (ms): {isCompatibleWith_(Configuration)=1, dropTable_(String, String, boolean, boolean, boolean)=49, getTable_(GetTableRequest)=8}
2024-04-24T00:52:44,188  INFO [main] ql.Driver: Completed executing command(queryId=alex_20240424005244_9195e435-8265-403a-97ca-596281f649c3); Time taken: 0.059 seconds
2024-04-24T00:52:44,188  INFO [main] lockmgr.DbTxnManager: Stopped heartbeat for query: alex_20240424005244_9195e435-8265-403a-97ca-596281f649c3
2024-04-24T00:52:44,192  INFO [main] txn.TxnHandler: Expected to move at least one record from txn_components to completed_txn_components when committing txn! txnid:20
2024-04-24T00:52:44,200  INFO [main] txn.TxnHandler: Removed transactions: ([20]) from MIN_HISTORY_LEVEL
2024-04-24T00:52:44,200  WARN [main] txn.CompactionTxnHandler: No compaction queue record found for Compaction type transaction commit. txnId:20
2024-04-24T00:52:44,200  INFO [main] ql.TxnCommandsBaseForTests: Running the query: drop table if exists acidTbl2
2024-04-24T00:52:44,200  INFO [main] ql.Driver: Compiling command(queryId=alex_20240424005244_4faf2bf0-3400-4cc6-ab0f-3c4177752a0c): drop table if exists acidTbl2
2024-04-24T00:52:44,203  INFO [main] txn.TxnHandler: Added entries to MIN_HISTORY_LEVEL for current txns: ([21]) with min_open_txn: 18
2024-04-24T00:52:44,204  INFO [main] lockmgr.DbTxnManager: Opened txnid:21
2024-04-24T00:52:44,204  INFO [main] ql.Driver: Semantic Analysis Completed (retrial = false)
2024-04-24T00:52:44,204  INFO [main] ql.Driver: Created Hive schema: Schema(fieldSchemas:null, properties:null)
2024-04-24T00:52:44,205  INFO [main] metadata.Hive: Dumping metastore api call timing information for : compilation phase
2024-04-24T00:52:44,205  INFO [main] metadata.Hive: Total time spent in each metastore function (ms): {flushCache_()=0, getValidTxns_(long)=0, isCompatibleWith_(Configuration)=0, getTable_(GetTableRequest)=0, openTxn_(String, TxnType)=3, commitTxn_(CommitTxnRequest)=12}
2024-04-24T00:52:44,205  INFO [main] ql.Driver: Completed compiling command(queryId=alex_20240424005244_4faf2bf0-3400-4cc6-ab0f-3c4177752a0c); Time taken: 0.004 seconds
2024-04-24T00:52:44,205  INFO [main] lockmgr.DbTxnManager: Setting lock request transaction to txnid:21 for queryId=alex_20240424005244_4faf2bf0-3400-4cc6-ab0f-3c4177752a0c
2024-04-24T00:52:44,205  INFO [main] ql.Driver: Operation DROPTABLE obtained 0 locks
2024-04-24T00:52:44,205  INFO [main] ql.Driver: Executing command(queryId=alex_20240424005244_4faf2bf0-3400-4cc6-ab0f-3c4177752a0c): drop table if exists acidTbl2
2024-04-24T00:52:44,206  INFO [main] ql.Driver: Starting task [Stage-0:DDL] in serial mode
2024-04-24T00:52:44,206  INFO [main] metadata.SessionHiveMetaStoreClient: Column stats doesn't exist for db=default temp table=acidTbl2
2024-04-24T00:52:44,206  INFO [main] metadata.Hive: Dumping metastore api call timing information for : execution phase
2024-04-24T00:52:44,207  INFO [main] metadata.Hive: Total time spent in each metastore function (ms): {getTable_(GetTableRequest)=0, isCompatibleWith_(Configuration)=0, dropTable_(String, String, boolean, boolean, boolean)=0}
2024-04-24T00:52:44,207  INFO [main] ql.Driver: Completed executing command(queryId=alex_20240424005244_4faf2bf0-3400-4cc6-ab0f-3c4177752a0c); Time taken: 0.001 seconds
2024-04-24T00:52:44,207  INFO [main] lockmgr.DbTxnManager: Stopped heartbeat for query: alex_20240424005244_4faf2bf0-3400-4cc6-ab0f-3c4177752a0c
2024-04-24T00:52:44,213  INFO [main] txn.TxnHandler: Expected to move at least one record from txn_components to completed_txn_components when committing txn! txnid:21
2024-04-24T00:52:44,220  INFO [main] txn.TxnHandler: Removed transactions: ([21]) from MIN_HISTORY_LEVEL
2024-04-24T00:52:44,220  WARN [main] txn.CompactionTxnHandler: No compaction queue record found for Compaction type transaction commit. txnId:21
2024-04-24T00:52:44,221  INFO [main] ql.TxnCommandsBaseForTests: Running the query: drop table if exists nonAcidOrcTbl
2024-04-24T00:52:44,221  INFO [main] ql.Driver: Compiling command(queryId=alex_20240424005244_202f8506-4025-4aba-afde-e8696ccb9bfe): drop table if exists nonAcidOrcTbl
2024-04-24T00:52:44,223  INFO [main] txn.TxnHandler: Added entries to MIN_HISTORY_LEVEL for current txns: ([22]) with min_open_txn: 18
2024-04-24T00:52:44,224  INFO [main] lockmgr.DbTxnManager: Opened txnid:22
2024-04-24T00:52:44,225  INFO [main] HiveMetaStore.audit: ugi=alex	ip=unknown-ip-addr	cmd=get_table : tbl=hive.default.nonAcidOrcTbl	
2024-04-24T00:52:44,247  INFO [main] metastore.HMSHandler: Skipping translation for processor with null
2024-04-24T00:52:44,247  INFO [main] ql.Driver: Semantic Analysis Completed (retrial = false)
2024-04-24T00:52:44,247  INFO [main] ql.Driver: Created Hive schema: Schema(fieldSchemas:null, properties:null)
2024-04-24T00:52:44,248  INFO [main] metadata.Hive: Dumping metastore api call timing information for : compilation phase
2024-04-24T00:52:44,248  INFO [main] metadata.Hive: Total time spent in each metastore function (ms): {commitTxn_(CommitTxnRequest)=13, getValidTxns_(long)=1, flushCache_()=0, openTxn_(String, TxnType)=3, isCompatibleWith_(Configuration)=0, getTable_(GetTableRequest)=22}
2024-04-24T00:52:44,248  INFO [main] ql.Driver: Completed compiling command(queryId=alex_20240424005244_202f8506-4025-4aba-afde-e8696ccb9bfe); Time taken: 0.027 seconds
2024-04-24T00:52:44,248  INFO [main] lockmgr.DbTxnManager: Setting lock request transaction to txnid:22 for queryId=alex_20240424005244_202f8506-4025-4aba-afde-e8696ccb9bfe
2024-04-24T00:52:44,249  INFO [main] lockmgr.DbLockManager: Requesting lock for queryId=alex_20240424005244_202f8506-4025-4aba-afde-e8696ccb9bfe
2024-04-24T00:52:44,265  INFO [main] lockmgr.DbLockManager: Response to queryId=alex_20240424005244_202f8506-4025-4aba-afde-e8696ccb9bfe LockResponse(lockid:14, state:ACQUIRED)
2024-04-24T00:52:44,265  INFO [main] ql.Driver: Operation DROPTABLE obtained 1 locks
2024-04-24T00:52:44,265  INFO [main] ql.Driver: Executing command(queryId=alex_20240424005244_202f8506-4025-4aba-afde-e8696ccb9bfe): drop table if exists nonAcidOrcTbl
2024-04-24T00:52:44,265  INFO [main] ql.Driver: Starting task [Stage-0:DDL] in serial mode
2024-04-24T00:52:44,265  INFO [main] HiveMetaStore.audit: ugi=alex	ip=unknown-ip-addr	cmd=get_table : tbl=hive.default.nonAcidOrcTbl	
2024-04-24T00:52:44,274  INFO [main] metastore.HMSHandler: Skipping translation for processor with null
2024-04-24T00:52:44,275  INFO [main] HiveMetaStore.audit: ugi=alex	ip=unknown-ip-addr	cmd=get_table : tbl=hive.default.nonAcidOrcTbl	
2024-04-24T00:52:44,283  INFO [main] metastore.HMSHandler: Skipping translation for processor with null
2024-04-24T00:52:44,283  INFO [main] HiveMetaStore.audit: ugi=alex	ip=unknown-ip-addr	cmd=drop_table : tbl=hive.default.nonAcidOrcTbl	
2024-04-24T00:52:44,372  INFO [main] metadata.Hive: Dumping metastore api call timing information for : execution phase
2024-04-24T00:52:44,372  INFO [main] metadata.Hive: Total time spent in each metastore function (ms): {getTable_(GetTableRequest)=9, isCompatibleWith_(Configuration)=0, dropTable_(String, String, boolean, boolean, boolean)=98}
2024-04-24T00:52:44,372  INFO [main] ql.Driver: Completed executing command(queryId=alex_20240424005244_202f8506-4025-4aba-afde-e8696ccb9bfe); Time taken: 0.107 seconds
2024-04-24T00:52:44,372  INFO [main] lockmgr.DbTxnManager: Stopped heartbeat for query: alex_20240424005244_202f8506-4025-4aba-afde-e8696ccb9bfe
2024-04-24T00:52:44,377  INFO [main] txn.TxnHandler: Expected to move at least one record from txn_components to completed_txn_components when committing txn! txnid:22
2024-04-24T00:52:44,384  INFO [main] txn.TxnHandler: Removed transactions: ([22]) from MIN_HISTORY_LEVEL
2024-04-24T00:52:44,385  WARN [main] txn.CompactionTxnHandler: No compaction queue record found for Compaction type transaction commit. txnId:22
2024-04-24T00:52:44,385  INFO [main] ql.TxnCommandsBaseForTests: Running the query: drop table if exists nonAcidOrcTbl2
2024-04-24T00:52:44,385  INFO [main] ql.Driver: Compiling command(queryId=alex_20240424005244_d8838a9b-ac9e-483e-a8f5-6c0a4649f82c): drop table if exists nonAcidOrcTbl2
2024-04-24T00:52:44,395  INFO [main] txn.TxnHandler: Added entries to MIN_HISTORY_LEVEL for current txns: ([23]) with min_open_txn: 18
2024-04-24T00:52:44,396  INFO [main] lockmgr.DbTxnManager: Opened txnid:23
2024-04-24T00:52:44,398  INFO [main] HiveMetaStore.audit: ugi=alex	ip=unknown-ip-addr	cmd=get_table : tbl=hive.default.nonAcidOrcTbl2	
2024-04-24T00:52:44,407  INFO [main] metastore.HMSHandler: Skipping translation for processor with null
2024-04-24T00:52:44,407  INFO [main] ql.Driver: Semantic Analysis Completed (retrial = false)
2024-04-24T00:52:44,408  INFO [main] ql.Driver: Created Hive schema: Schema(fieldSchemas:null, properties:null)
2024-04-24T00:52:44,408  INFO [main] metadata.Hive: Dumping metastore api call timing information for : compilation phase
2024-04-24T00:52:44,408  INFO [main] metadata.Hive: Total time spent in each metastore function (ms): {openTxn_(String, TxnType)=10, isCompatibleWith_(Configuration)=0, commitTxn_(CommitTxnRequest)=12, getTable_(GetTableRequest)=9, getValidTxns_(long)=2, flushCache_()=0}
2024-04-24T00:52:44,408  INFO [main] ql.Driver: Completed compiling command(queryId=alex_20240424005244_d8838a9b-ac9e-483e-a8f5-6c0a4649f82c); Time taken: 0.023 seconds
2024-04-24T00:52:44,408  INFO [main] lockmgr.DbTxnManager: Setting lock request transaction to txnid:23 for queryId=alex_20240424005244_d8838a9b-ac9e-483e-a8f5-6c0a4649f82c
2024-04-24T00:52:44,409  INFO [main] lockmgr.DbLockManager: Requesting lock for queryId=alex_20240424005244_d8838a9b-ac9e-483e-a8f5-6c0a4649f82c
2024-04-24T00:52:44,425  INFO [main] lockmgr.DbLockManager: Response to queryId=alex_20240424005244_d8838a9b-ac9e-483e-a8f5-6c0a4649f82c LockResponse(lockid:15, state:ACQUIRED)
2024-04-24T00:52:44,425  INFO [main] ql.Driver: Operation DROPTABLE obtained 1 locks
2024-04-24T00:52:44,425  INFO [main] ql.Driver: Executing command(queryId=alex_20240424005244_d8838a9b-ac9e-483e-a8f5-6c0a4649f82c): drop table if exists nonAcidOrcTbl2
2024-04-24T00:52:44,425  INFO [main] ql.Driver: Starting task [Stage-0:DDL] in serial mode
2024-04-24T00:52:44,425  INFO [main] HiveMetaStore.audit: ugi=alex	ip=unknown-ip-addr	cmd=get_table : tbl=hive.default.nonAcidOrcTbl2	
2024-04-24T00:52:44,434  INFO [main] metastore.HMSHandler: Skipping translation for processor with null
2024-04-24T00:52:44,434  INFO [main] HiveMetaStore.audit: ugi=alex	ip=unknown-ip-addr	cmd=get_table : tbl=hive.default.nonAcidOrcTbl2	
2024-04-24T00:52:44,442  INFO [main] metastore.HMSHandler: Skipping translation for processor with null
2024-04-24T00:52:44,443  INFO [main] HiveMetaStore.audit: ugi=alex	ip=unknown-ip-addr	cmd=drop_table : tbl=hive.default.nonAcidOrcTbl2	
2024-04-24T00:52:44,474  INFO [main] metadata.Hive: Dumping metastore api call timing information for : execution phase
2024-04-24T00:52:44,474  INFO [main] metadata.Hive: Total time spent in each metastore function (ms): {dropTable_(String, String, boolean, boolean, boolean)=40, isCompatibleWith_(Configuration)=0, getTable_(GetTableRequest)=9}
2024-04-24T00:52:44,475  INFO [main] ql.Driver: Completed executing command(queryId=alex_20240424005244_d8838a9b-ac9e-483e-a8f5-6c0a4649f82c); Time taken: 0.049 seconds
2024-04-24T00:52:44,475  INFO [main] lockmgr.DbTxnManager: Stopped heartbeat for query: alex_20240424005244_d8838a9b-ac9e-483e-a8f5-6c0a4649f82c
2024-04-24T00:52:44,479  INFO [main] txn.TxnHandler: Expected to move at least one record from txn_components to completed_txn_components when committing txn! txnid:23
2024-04-24T00:52:44,486  INFO [main] txn.TxnHandler: Removed transactions: ([23]) from MIN_HISTORY_LEVEL
2024-04-24T00:52:44,486  WARN [main] txn.CompactionTxnHandler: No compaction queue record found for Compaction type transaction commit. txnId:23
2024-04-24T00:52:44,487  INFO [main] ql.TxnCommandsBaseForTests: Running the query: drop table if exists nonAcidNonBucket
2024-04-24T00:52:44,487  INFO [main] ql.Driver: Compiling command(queryId=alex_20240424005244_7335a5d9-d49f-46ee-862d-a4cc01609eed): drop table if exists nonAcidNonBucket
2024-04-24T00:52:44,489  INFO [main] txn.TxnHandler: Added entries to MIN_HISTORY_LEVEL for current txns: ([24]) with min_open_txn: 18
2024-04-24T00:52:44,490  INFO [main] lockmgr.DbTxnManager: Opened txnid:24
2024-04-24T00:52:44,490  INFO [main] HiveMetaStore.audit: ugi=alex	ip=unknown-ip-addr	cmd=get_table : tbl=hive.default.nonAcidNonBucket	
2024-04-24T00:52:44,499  INFO [main] metastore.HMSHandler: Skipping translation for processor with null
2024-04-24T00:52:44,499  INFO [main] ql.Driver: Semantic Analysis Completed (retrial = false)
2024-04-24T00:52:44,499  INFO [main] ql.Driver: Created Hive schema: Schema(fieldSchemas:null, properties:null)
2024-04-24T00:52:44,499  INFO [main] metadata.Hive: Dumping metastore api call timing information for : compilation phase
2024-04-24T00:52:44,499  INFO [main] metadata.Hive: Total time spent in each metastore function (ms): {commitTxn_(CommitTxnRequest)=12, isCompatibleWith_(Configuration)=0, getTable_(GetTableRequest)=9, flushCache_()=0, openTxn_(String, TxnType)=2, getValidTxns_(long)=0}
2024-04-24T00:52:44,499  INFO [main] ql.Driver: Completed compiling command(queryId=alex_20240424005244_7335a5d9-d49f-46ee-862d-a4cc01609eed); Time taken: 0.012 seconds
2024-04-24T00:52:44,500  INFO [main] lockmgr.DbTxnManager: Setting lock request transaction to txnid:24 for queryId=alex_20240424005244_7335a5d9-d49f-46ee-862d-a4cc01609eed
2024-04-24T00:52:44,500  INFO [main] lockmgr.DbLockManager: Requesting lock for queryId=alex_20240424005244_7335a5d9-d49f-46ee-862d-a4cc01609eed
2024-04-24T00:52:44,515  INFO [main] lockmgr.DbLockManager: Response to queryId=alex_20240424005244_7335a5d9-d49f-46ee-862d-a4cc01609eed LockResponse(lockid:16, state:ACQUIRED)
2024-04-24T00:52:44,515  INFO [main] ql.Driver: Operation DROPTABLE obtained 1 locks
2024-04-24T00:52:44,515  INFO [main] ql.Driver: Executing command(queryId=alex_20240424005244_7335a5d9-d49f-46ee-862d-a4cc01609eed): drop table if exists nonAcidNonBucket
2024-04-24T00:52:44,516  INFO [main] ql.Driver: Starting task [Stage-0:DDL] in serial mode
2024-04-24T00:52:44,516  INFO [main] HiveMetaStore.audit: ugi=alex	ip=unknown-ip-addr	cmd=get_table : tbl=hive.default.nonAcidNonBucket	
2024-04-24T00:52:44,524  INFO [main] metastore.HMSHandler: Skipping translation for processor with null
2024-04-24T00:52:44,525  INFO [main] HiveMetaStore.audit: ugi=alex	ip=unknown-ip-addr	cmd=get_table : tbl=hive.default.nonAcidNonBucket	
2024-04-24T00:52:44,533  INFO [main] metastore.HMSHandler: Skipping translation for processor with null
2024-04-24T00:52:44,533  INFO [main] HiveMetaStore.audit: ugi=alex	ip=unknown-ip-addr	cmd=drop_table : tbl=hive.default.nonAcidNonBucket	
2024-04-24T00:52:44,564  INFO [main] metadata.Hive: Dumping metastore api call timing information for : execution phase
2024-04-24T00:52:44,564  INFO [main] metadata.Hive: Total time spent in each metastore function (ms): {getTable_(GetTableRequest)=8, isCompatibleWith_(Configuration)=0, dropTable_(String, String, boolean, boolean, boolean)=40}
2024-04-24T00:52:44,564  INFO [main] ql.Driver: Completed executing command(queryId=alex_20240424005244_7335a5d9-d49f-46ee-862d-a4cc01609eed); Time taken: 0.049 seconds
2024-04-24T00:52:44,564  INFO [main] lockmgr.DbTxnManager: Stopped heartbeat for query: alex_20240424005244_7335a5d9-d49f-46ee-862d-a4cc01609eed
2024-04-24T00:52:44,569  INFO [main] txn.TxnHandler: Expected to move at least one record from txn_components to completed_txn_components when committing txn! txnid:24
2024-04-24T00:52:44,576  INFO [main] txn.TxnHandler: Removed transactions: ([24]) from MIN_HISTORY_LEVEL
2024-04-24T00:52:44,576  WARN [main] txn.CompactionTxnHandler: No compaction queue record found for Compaction type transaction commit. txnId:24
2024-04-24T00:52:44,576  INFO [main] utils.TestTxnDbUtil: Cleaning transactional tables
]]></system-err>
  </testcase>
  <testcase name="testExportPartPartial" classname="org.apache.hadoop.hive.ql.TestTxnExIm" time="7.478"/>
  <testcase name="testImportPartitionedCreate" classname="org.apache.hadoop.hive.ql.TestTxnExIm" time="9.193"/>
</testsuite>